<?xml version="1.0" encoding="UTF-8"?>
<testsuite name="com.hivemq.helmcharts.volumes.HelmAdditionalVolumesIT" tests="1" skipped="0" failures="0" errors="0" timestamp="2025-01-29T18:43:14" hostname="fv-az1784-514" time="106.223">
  <properties/>
  <testcase name="withAdditionalVolumes_hivemqRunningWithVolumeMounts()" classname="com.hivemq.helmcharts.volumes.HelmAdditionalVolumesIT" time="106.223">
    <system-out><![CDATA[2025-01-29 18:43:14,825 INFO c.h.h.t.HelmChartContainer - Creating namespace 'helmadditionalvolumesit-operator'...
2025-01-29 18:43:14,832 INFO c.h.h.t.HelmChartContainer - Namespace 'helmadditionalvolumesit-operator' created
2025-01-29 18:43:14,832 INFO c.h.h.t.HelmChartContainer - Creating namespace 'helmadditionalvolumesit'...
2025-01-29 18:43:14,935 INFO c.h.h.t.HelmChartContainer - Namespace 'helmadditionalvolumesit' created
2025-01-29 18:43:15,017 DEBUG c.h.h.t.HelmChartContainer - Executing helm command: /bin/helm --kubeconfig /etc/rancher/k3s/k3s.yaml install test-hivemq-platform-operator /charts/hivemq-platform-operator --wait --timeout 5m0s --set image.repository=docker.io/hivemq --set image.name=hivemq-platform-operator-test --set image.initImageName=hivemq-platform-operator-init-test --set image.tag=snapshot --set image.pullPolicy=Never --set logLevel=DEBUG --set resources.cpu=512m --namespace helmadditionalvolumesit-operator
2025-01-29 18:43:15,360 INFO c.h.h.t.HelmChartContainer - [K3S] [alloc.go:330] "allocated clusterIPs" service="helmadditionalvolumesit-operator/hivemq-platform-operator-test-hivemq-platform-operator" clusterIPs={"IPv4":"10.43.195.176"}
2025-01-29 18:43:15,372 INFO c.h.h.t.HelmChartContainer - [EVENT] Normal [ScalingReplicaSet] Scaled up replica set hivemq-test-hivemq-platform-operator-6966f96d65 from 0 to 1 [helmadditionalvolumesit-operator:hivemq-test-hivemq-platform-operator]
2025-01-29 18:43:15,379 INFO c.h.h.t.HelmChartContainer - [POD] hivemq-test-hivemq-platform-operator-6966f96d65-smck4 [103895bb-4a21-4604-9008-34e49d073e67] in helmadditionalvolumesit-operator was ADDED
2025-01-29 18:43:15,386 INFO c.h.h.t.HelmChartContainer - [K3S] [memory_manager.go:355] "RemoveStaleState removing state" podUID="76c1cd8c-605a-4d71-b72b-56eb1a24d4cf" containerName="hivemq-platform-operator"
2025-01-29 18:43:15,386 INFO c.h.h.t.HelmChartContainer - [POD] hivemq-test-hivemq-platform-operator-6966f96d65-smck4 [103895bb-4a21-4604-9008-34e49d073e67] in helmadditionalvolumesit-operator was MODIFIED
2025-01-29 18:43:15,387 INFO c.h.h.t.HelmChartContainer - [K3S] [memory_manager.go:355] "RemoveStaleState removing state" podUID="6612154c-21ee-4090-b24d-63e3df6d9e99" containerName="hivemq"
2025-01-29 18:43:15,388 INFO c.h.h.t.HelmChartContainer - [EVENT] Normal [Scheduled] Successfully assigned helmadditionalvolumesit-operator/hivemq-test-hivemq-platform-operator-6966f96d65-smck4 to 481ff9a8fcec [helmadditionalvolumesit-operator:hivemq-test-hivemq-platform-operator-6966f96d65-smck4]
2025-01-29 18:43:15,389 INFO c.h.h.t.HelmChartContainer - [EVENT] Normal [SuccessfulCreate] Created pod: hivemq-test-hivemq-platform-operator-6966f96d65-smck4 [helmadditionalvolumesit-operator:hivemq-test-hivemq-platform-operator-6966f96d65]
2025-01-29 18:43:15,391 INFO c.h.h.t.HelmChartContainer - [K3S] [replica_set.go:679] "Finished syncing" kind="ReplicaSet" key="helmadditionalvolumesit-operator/hivemq-test-hivemq-platform-operator-6966f96d65" duration="20.638387ms"
2025-01-29 18:43:15,397 INFO c.h.h.t.HelmChartContainer - [K3S] [replica_set.go:679] "Finished syncing" kind="ReplicaSet" key="helmadditionalvolumesit-operator/hivemq-test-hivemq-platform-operator-6966f96d65" duration="6.972417ms"
2025-01-29 18:43:15,397 INFO c.h.h.t.HelmChartContainer - [K3S] [replica_set.go:679] "Finished syncing" kind="ReplicaSet" key="helmadditionalvolumesit-operator/hivemq-test-hivemq-platform-operator-6966f96d65" duration="32.58µs"
2025-01-29 18:43:15,402 INFO c.h.h.t.HelmChartContainer - [K3S] [replica_set.go:679] "Finished syncing" kind="ReplicaSet" key="helmadditionalvolumesit-operator/hivemq-test-hivemq-platform-operator-6966f96d65" duration="31.168µs"
2025-01-29 18:43:15,402 INFO c.h.h.t.HelmChartContainer - [POD] hivemq-test-hivemq-platform-operator-6966f96d65-smck4 [103895bb-4a21-4604-9008-34e49d073e67] in helmadditionalvolumesit-operator was MODIFIED
2025-01-29 18:43:15,565 INFO c.h.h.t.HelmChartContainer - [K3S] [reconciler_common.go:251] "operationExecutor.VerifyControllerAttachedVolume started for volume \"kube-api-access-kssxd\" (UniqueName: \"kubernetes.io/projected/103895bb-4a21-4604-9008-34e49d073e67-kube-api-access-kssxd\") pod \"hivemq-test-hivemq-platform-operator-6966f96d65-smck4\" (UID: \"103895bb-4a21-4604-9008-34e49d073e67\") " pod="helmadditionalvolumesit-operator/hivemq-test-hivemq-platform-operator-6966f96d65-smck4"
2025-01-29 18:43:15,784 INFO c.h.h.t.HelmChartContainer - [EVENT] Normal [Pulled] Container image "docker.io/hivemq/hivemq-platform-operator-test:snapshot" already present on machine [helmadditionalvolumesit-operator:hivemq-test-hivemq-platform-operator-6966f96d65-smck4]
2025-01-29 18:43:15,784 INFO c.h.h.t.HelmChartContainer - Received Pulled event for container hivemq-platform-operator in pod hivemq-test-hivemq-platform-operator-6966f96d65-smck4 [103895bb-4a21-4604-9008-34e49d073e67]
2025-01-29 18:43:17,025 INFO c.h.h.t.HelmChartContainer - [EVENT] Normal [Created] Created container: hivemq-platform-operator [helmadditionalvolumesit-operator:hivemq-test-hivemq-platform-operator-6966f96d65-smck4]
2025-01-29 18:43:17,025 INFO c.h.h.t.HelmChartContainer - Received Created event for container hivemq-platform-operator in pod hivemq-test-hivemq-platform-operator-6966f96d65-smck4 [103895bb-4a21-4604-9008-34e49d073e67]
2025-01-29 18:43:17,114 INFO c.h.h.t.HelmChartContainer - [K3S] [replica_set.go:679] "Finished syncing" kind="ReplicaSet" key="helmadditionalvolumesit-operator/hivemq-test-hivemq-platform-operator-6966f96d65" duration="39.073µs"
2025-01-29 18:43:17,117 INFO c.h.h.t.HelmChartContainer - [POD] hivemq-test-hivemq-platform-operator-6966f96d65-smck4 [103895bb-4a21-4604-9008-34e49d073e67] in helmadditionalvolumesit-operator was MODIFIED
2025-01-29 18:43:17,123 INFO c.h.h.t.HelmChartContainer - Started log watcher for hivemq-platform-operator in pod hivemq-test-hivemq-platform-operator-6966f96d65-smck4 [103895bb-4a21-4604-9008-34e49d073e67]
2025-01-29 18:43:17,123 INFO c.h.h.t.HelmChartContainer - [EVENT] Normal [Started] Started container hivemq-platform-operator [helmadditionalvolumesit-operator:hivemq-test-hivemq-platform-operator-6966f96d65-smck4]
2025-01-29 18:43:17,124 INFO c.h.h.t.HelmChartContainer - Received Started event for container hivemq-platform-operator in pod hivemq-test-hivemq-platform-operator-6966f96d65-smck4 [103895bb-4a21-4604-9008-34e49d073e67]
2025-01-29 18:43:17,124 INFO c.h.h.t.HelmChartContainer - [hivemq-test-hivemq-platform] [hivemq-platform-operator] [103895bb] -------------------------------------------------------------------------
2025-01-29 18:43:17,124 INFO c.h.h.t.HelmChartContainer - [hivemq-test-hivemq-platform] [hivemq-platform-operator] [103895bb] 
2025-01-29 18:43:17,124 INFO c.h.h.t.HelmChartContainer - [hivemq-test-hivemq-platform] [hivemq-platform-operator] [103895bb]                   _    _  _              __  __   ____
2025-01-29 18:43:17,124 INFO c.h.h.t.HelmChartContainer - [hivemq-test-hivemq-platform] [hivemq-platform-operator] [103895bb]                  | |  | |(_)            |  \/  | / __ \
2025-01-29 18:43:17,124 INFO c.h.h.t.HelmChartContainer - [hivemq-test-hivemq-platform] [hivemq-platform-operator] [103895bb]                  | |__| | _ __   __ ___ | \  / || |  | |
2025-01-29 18:43:17,125 INFO c.h.h.t.HelmChartContainer - [hivemq-test-hivemq-platform] [hivemq-platform-operator] [103895bb]                  |  __  || |\ \ / // _ \| |\/| || |  | |
2025-01-29 18:43:17,125 INFO c.h.h.t.HelmChartContainer - [hivemq-test-hivemq-platform] [hivemq-platform-operator] [103895bb]                  | |  | || | \ V /|  __/| |  | || |__| |
2025-01-29 18:43:17,125 INFO c.h.h.t.HelmChartContainer - [hivemq-test-hivemq-platform] [hivemq-platform-operator] [103895bb]                  |_|  |_||_|  \_/  \___||_|  |_| \___\_\
2025-01-29 18:43:17,125 INFO c.h.h.t.HelmChartContainer - [hivemq-test-hivemq-platform] [hivemq-platform-operator] [103895bb] 
2025-01-29 18:43:17,125 INFO c.h.h.t.HelmChartContainer - [hivemq-test-hivemq-platform] [hivemq-platform-operator] [103895bb] -------------------------------------------------------------------------
2025-01-29 18:43:17,125 INFO c.h.h.t.HelmChartContainer - [hivemq-test-hivemq-platform] [hivemq-platform-operator] [103895bb] 
2025-01-29 18:43:17,125 INFO c.h.h.t.HelmChartContainer - [hivemq-test-hivemq-platform] [hivemq-platform-operator] [103895bb]   HiveMQ Platform Operator Start Script v1.0
2025-01-29 18:43:17,125 INFO c.h.h.t.HelmChartContainer - [hivemq-test-hivemq-platform] [hivemq-platform-operator] [103895bb] 
2025-01-29 18:43:17,125 INFO c.h.h.t.HelmChartContainer - [hivemq-test-hivemq-platform] [hivemq-platform-operator] [103895bb] -------------------------------------------------------------------------
2025-01-29 18:43:17,125 INFO c.h.h.t.HelmChartContainer - [hivemq-test-hivemq-platform] [hivemq-platform-operator] [103895bb] 
2025-01-29 18:43:17,125 INFO c.h.h.t.HelmChartContainer - [hivemq-test-hivemq-platform] [hivemq-platform-operator] [103895bb]   JAVA_OPTS: -XX:+UnlockExperimentalVMOptions -XX:InitialRAMPercentage=75 -XX:MaxRAMPercentage=75 -Duser.language=en -Duser.region=US
2025-01-29 18:43:17,125 INFO c.h.h.t.HelmChartContainer - [hivemq-test-hivemq-platform] [hivemq-platform-operator] [103895bb] 
2025-01-29 18:43:17,125 INFO c.h.h.t.HelmChartContainer - [hivemq-test-hivemq-platform] [hivemq-platform-operator] [103895bb]   JAVA_VERSION: 21
2025-01-29 18:43:17,125 INFO c.h.h.t.HelmChartContainer - [hivemq-test-hivemq-platform] [hivemq-platform-operator] [103895bb] 
2025-01-29 18:43:17,125 INFO c.h.h.t.HelmChartContainer - [hivemq-test-hivemq-platform] [hivemq-platform-operator] [103895bb] -------------------------------------------------------------------------
2025-01-29 18:43:17,125 INFO c.h.h.t.HelmChartContainer - [hivemq-test-hivemq-platform] [hivemq-platform-operator] [103895bb] 
2025-01-29 18:43:20,236 INFO c.h.h.t.HelmChartContainer - [hivemq-test-hivemq-platform] [hivemq-platform-operator] [103895bb] 18:43:20.234 [main] DEBUG org.jboss.logging - Logging Provider: org.jboss.logging.Slf4jLoggerProvider
2025-01-29 18:43:20,340 INFO c.h.h.t.HelmChartContainer - [hivemq-test-hivemq-platform] [hivemq-platform-operator] [103895bb] 18:43:20.339 [main] DEBUG io.smallrye.config - SRCFG01006: Loaded ConfigSource SysPropConfigSource with ordinal 400
2025-01-29 18:43:20,340 INFO c.h.h.t.HelmChartContainer - [hivemq-test-hivemq-platform] [hivemq-platform-operator] [103895bb] 18:43:20.339 [main] DEBUG io.smallrye.config - SRCFG01006: Loaded ConfigSource EnvConfigSource with ordinal 300
2025-01-29 18:43:20,340 INFO c.h.h.t.HelmChartContainer - [hivemq-test-hivemq-platform] [hivemq-platform-operator] [103895bb] 18:43:20.339 [main] DEBUG io.smallrye.config - SRCFG01006: Loaded ConfigSource PropertiesConfigSource[source=jar:file:///opt/hivemq-platform-operator/bin/hivemq-platform-operator.jar!/hivemq-platform-operator.properties] with ordinal 100
2025-01-29 18:43:20,341 INFO c.h.h.t.HelmChartContainer - [hivemq-test-hivemq-platform] [hivemq-platform-operator] [103895bb] 18:43:20.339 [main] DEBUG io.smallrye.config - SRCFG01006: Loaded ConfigSource DefaultValuesConfigSource with ordinal -2147483648
2025-01-29 18:43:20,445 INFO c.h.h.t.HelmChartContainer - [hivemq-test-hivemq-platform] [hivemq-platform-operator] [103895bb] 18:43:20.444 [main] DEBUG i.m.c.u.i.l.InternalLoggerFactory - Using SLF4J as the default logging framework
2025-01-29 18:43:20,548 INFO c.h.h.t.HelmChartContainer - [hivemq-test-hivemq-platform] [hivemq-platform-operator] [103895bb] 18:43:20.540 [main] INFO  c.h.p.o.HiveMQPlatformOperatorApplication - HiveMQ Platform Operator 1.7.0-SNAPSHOT (commit: b1b9591 on branch: HEAD) built on Wed Jan 29 18:32:18 UTC 2025
2025-01-29 18:43:20,626 INFO c.h.h.t.HelmChartContainer - [hivemq-test-hivemq-platform] [hivemq-platform-operator] [103895bb] 18:43:20.625 [main] INFO  c.h.p.o.HiveMQPlatformOperatorApplication - HiveMQ Platform Operator is running in namespace: helmadditionalvolumesit-operator
2025-01-29 18:43:20,627 INFO c.h.h.t.HelmChartContainer - [hivemq-test-hivemq-platform] [hivemq-platform-operator] [103895bb] 18:43:20.625 [main] INFO  c.h.p.o.HiveMQPlatformOperatorApplication - Watching all namespaces
2025-01-29 18:43:20,627 INFO c.h.h.t.HelmChartContainer - [hivemq-test-hivemq-platform] [hivemq-platform-operator] [103895bb] 18:43:20.625 [main] INFO  c.h.p.o.HiveMQPlatformOperatorApplication - Log level: DEBUG
2025-01-29 18:43:20,627 INFO c.h.h.t.HelmChartContainer - [hivemq-test-hivemq-platform] [hivemq-platform-operator] [103895bb] 18:43:20.625 [main] INFO  c.h.p.o.HiveMQPlatformOperatorApplication - Release name: test-hivemq-platform-operator
2025-01-29 18:43:20,627 INFO c.h.h.t.HelmChartContainer - [hivemq-test-hivemq-platform] [hivemq-platform-operator] [103895bb] 18:43:20.625 [main] INFO  c.h.p.o.HiveMQPlatformOperatorApplication - HiveMQ Platform Operator Init image: docker.io/hivemq/hivemq-platform-operator-init-test:snapshot
2025-01-29 18:43:20,627 INFO c.h.h.t.HelmChartContainer - [hivemq-test-hivemq-platform] [hivemq-platform-operator] [103895bb] 18:43:20.625 [main] INFO  c.h.p.o.HiveMQPlatformOperatorApplication - HiveMQ Platform Operator Init App update URL: http://hivemq-platform-operator-test-hivemq-platform-operator.helmadditionalvolumesit-operator.svc:8080/initAppUpdate/hivemq-platform-operator-init-app-1.7.0-SNAPSHOT.jar
2025-01-29 18:43:20,627 INFO c.h.h.t.HelmChartContainer - [hivemq-test-hivemq-platform] [hivemq-platform-operator] [103895bb] 18:43:20.625 [main] INFO  c.h.p.o.HiveMQPlatformOperatorApplication - Additional imagePullSecret for all Platform deployments: none
2025-01-29 18:43:20,627 INFO c.h.h.t.HelmChartContainer - [hivemq-test-hivemq-platform] [hivemq-platform-operator] [103895bb] 18:43:20.625 [main] INFO  c.h.p.o.HiveMQPlatformOperatorApplication - Apply HiveMQ Platform CRD: true
2025-01-29 18:43:20,627 INFO c.h.h.t.HelmChartContainer - [hivemq-test-hivemq-platform] [hivemq-platform-operator] [103895bb] 18:43:20.626 [main] INFO  c.h.p.o.HiveMQPlatformOperatorApplication - Create Platform ServiceAccount: true
2025-01-29 18:43:20,627 INFO c.h.h.t.HelmChartContainer - [hivemq-test-hivemq-platform] [hivemq-platform-operator] [103895bb] 18:43:20.626 [main] INFO  c.h.p.o.HiveMQPlatformOperatorApplication - Create Platform ServiceAccount permissions: true
2025-01-29 18:43:20,627 INFO c.h.h.t.HelmChartContainer - [hivemq-test-hivemq-platform] [hivemq-platform-operator] [103895bb] 18:43:20.626 [main] INFO  c.h.p.o.HiveMQPlatformOperatorApplication - Validate Platform ServiceAccount: true
2025-01-29 18:43:20,627 INFO c.h.h.t.HelmChartContainer - [hivemq-test-hivemq-platform] [hivemq-platform-operator] [103895bb] 18:43:20.626 [main] INFO  c.h.p.o.HiveMQPlatformOperatorApplication - Validate Platform ServiceAccount permissions: true
2025-01-29 18:43:20,732 INFO c.h.h.t.HelmChartContainer - [hivemq-test-hivemq-platform] [hivemq-platform-operator] [103895bb] 18:43:20.731 [main] INFO  c.h.platform.operator.util.CRDUtil - Verifying deployed HiveMQ Platform CRD...
2025-01-29 18:43:23,136 INFO c.h.h.t.HelmChartContainer - [hivemq-test-hivemq-platform] [hivemq-platform-operator] [103895bb] 18:43:23.135 [main] DEBUG c.h.platform.operator.util.CRDUtil - HiveMQ Platform CRD version v1 is up to date
2025-01-29 18:43:23,137 INFO c.h.h.t.HelmChartContainer - [hivemq-test-hivemq-platform] [hivemq-platform-operator] [103895bb] 18:43:23.135 [main] INFO  c.h.platform.operator.util.CRDUtil - HiveMQ Platform CRD is up to date (version: V1_6_0)
2025-01-29 18:43:23,137 INFO c.h.h.t.HelmChartContainer - [hivemq-test-hivemq-platform] [hivemq-platform-operator] [103895bb] 18:43:23.136 [main] INFO  c.h.platform.operator.util.CRDUtil - Waiting 10000 ms for HiveMQ Platform CRD 'hivemq-platforms.hivemq.com' to become ready...
2025-01-29 18:43:23,530 INFO c.h.h.t.HelmChartContainer - [hivemq-test-hivemq-platform] [hivemq-platform-operator] [103895bb] 18:43:23.528 [vert.x-eventloop-thread-1] DEBUG c.h.platform.operator.util.CRDUtil - Checking CRD condition 'NamesAccepted' (status: 'True')
2025-01-29 18:43:23,531 INFO c.h.h.t.HelmChartContainer - [hivemq-test-hivemq-platform] [hivemq-platform-operator] [103895bb] 18:43:23.529 [vert.x-eventloop-thread-1] DEBUG c.h.platform.operator.util.CRDUtil - Checking CRD condition 'Established' (status: 'True')
2025-01-29 18:43:23,531 INFO c.h.h.t.HelmChartContainer - [hivemq-test-hivemq-platform] [hivemq-platform-operator] [103895bb] 18:43:23.529 [main] INFO  c.h.platform.operator.util.CRDUtil - HiveMQ Platform CRD 'hivemq-platforms.hivemq.com' is ready
2025-01-29 18:43:23,728 INFO c.h.h.t.HelmChartContainer - [hivemq-test-hivemq-platform] [hivemq-platform-operator] [103895bb] 18:43:23.727 [main] INFO  c.h.p.o.HiveMQPlatformReconciler - HiveMQ Platform Operator is starting...
2025-01-29 18:43:23,829 INFO c.h.h.t.HelmChartContainer - [hivemq-test-hivemq-platform] [hivemq-platform-operator] [103895bb] 18:43:23.828 [main] WARN  Default ConfigurationService implementation - Configuration for reconciler 'hivemq-controller' was not found. Known reconcilers: None.
2025-01-29 18:43:23,836 INFO c.h.h.t.HelmChartContainer - [hivemq-test-hivemq-platform] [hivemq-platform-operator] [103895bb] 18:43:23.835 [main] INFO  Default ConfigurationService implementation - Created configuration for reconciler com.hivemq.platform.operator.HiveMQPlatformReconciler with name hivemq-controller
2025-01-29 18:43:23,943 INFO c.h.h.t.HelmChartContainer - [hivemq-test-hivemq-platform] [hivemq-platform-operator] [103895bb] 18:43:23.942 [main] DEBUG c.h.p.o.HiveMQPlatformReconciler - HiveMQ Platform Operator is preparing EventSources
2025-01-29 18:43:24,031 INFO c.h.h.t.HelmChartContainer - [hivemq-test-hivemq-platform] [hivemq-platform-operator] [103895bb] 18:43:24.030 [main] INFO  i.javaoperatorsdk.operator.Operator - Registered reconciler: 'hivemq-controller' for resource: 'class com.hivemq.platform.operator.v1.HiveMQPlatform' for namespace(s): [all namespaces]
2025-01-29 18:43:24,626 INFO c.h.h.t.HelmChartContainer - [hivemq-test-hivemq-platform] [hivemq-platform-operator] [103895bb] 18:43:24.625 [main] INFO  c.h.p.operator.webserver.JettyServer - Starting Jetty server on port 8080
2025-01-29 18:43:24,645 INFO c.h.h.t.HelmChartContainer - [hivemq-test-hivemq-platform] [hivemq-platform-operator] [103895bb] 18:43:24.644 [main] INFO  i.javaoperatorsdk.operator.Operator - Operator SDK 4.9.7 (commit: 2133d28) built on Wed Nov 20 12:56:20 UTC 2024 starting...
2025-01-29 18:43:24,645 INFO c.h.h.t.HelmChartContainer - [hivemq-test-hivemq-platform] [hivemq-platform-operator] [103895bb] 18:43:24.644 [main] INFO  i.javaoperatorsdk.operator.Operator - Client version: 6.13.5
2025-01-29 18:43:24,727 INFO c.h.h.t.HelmChartContainer - [hivemq-test-hivemq-platform] [hivemq-platform-operator] [103895bb] 18:43:24.726 [Controller Starter for: hivemq-controller] INFO  i.j.operator.processing.Controller - Starting 'hivemq-controller' controller for reconciler: com.hivemq.platform.operator.HiveMQPlatformReconciler, resource: com.hivemq.platform.operator.v1.HiveMQPlatform
2025-01-29 18:43:27,035 INFO c.h.h.t.HelmChartContainer - [hivemq-test-hivemq-platform] [hivemq-platform-operator] [103895bb] 18:43:27.034 [Controller Starter for: hivemq-controller] INFO  i.j.operator.processing.Controller - 'hivemq-controller' controller started
2025-01-29 18:43:27,035 INFO c.h.h.t.HelmChartContainer - [hivemq-test-hivemq-platform] [hivemq-platform-operator] [103895bb] 18:43:27.034 [main] INFO  c.h.p.o.HiveMQPlatformOperatorApplication - HiveMQ Platform Operator 1.7.0-SNAPSHOT started in 6494 ms
2025-01-29 18:43:28,128 INFO c.h.h.t.HelmChartContainer - [POD] hivemq-test-hivemq-platform-operator-6966f96d65-smck4 [103895bb-4a21-4604-9008-34e49d073e67] in helmadditionalvolumesit-operator was MODIFIED
2025-01-29 18:43:28,150 INFO c.h.h.t.HelmChartContainer - [K3S] [replica_set.go:679] "Finished syncing" kind="ReplicaSet" key="helmadditionalvolumesit-operator/hivemq-test-hivemq-platform-operator-6966f96d65" duration="17.075264ms"
2025-01-29 18:43:28,150 INFO c.h.h.t.HelmChartContainer - [K3S] [replica_set.go:679] "Finished syncing" kind="ReplicaSet" key="helmadditionalvolumesit-operator/hivemq-test-hivemq-platform-operator-6966f96d65" duration="56.385µs"
2025-01-29 18:43:29,469 INFO c.h.h.t.HelmChartContainer - [EVENT] Normal [WaitForFirstConsumer] waiting for first consumer to be created before binding [helmadditionalvolumesit:test-persistent-volume-claim]
2025-01-29 18:43:29,548 DEBUG c.h.h.t.HelmChartContainer - Executing helm command: /bin/helm --kubeconfig /etc/rancher/k3s/k3s.yaml install test-hivemq-platform /charts/hivemq-platform --wait --timeout 5m0s --set image.repository=docker.io/hivemq --set image.tag=4.36.0 --set image.pullPolicy=Never --set nodes.resources.cpu=512m -f /files/additional-volumes-values.yaml --namespace helmadditionalvolumesit
2025-01-29 18:43:29,835 INFO c.h.h.t.HelmChartContainer - [hivemq-test-hivemq-platform] [hivemq-platform-operator] [103895bb] 18:43:29.833 [-2082509879-pool-1-thread-1] WARN  i.m.p.PrometheusMeterRegistry - The meter (MeterId{name='operator.sdk.events.received', tags=[tag(action=ADDED),tag(event=ResourceEvent),tag(group=hivemq.com),tag(kind=HiveMQPlatform),tag(name=test-hivemq-platform),tag(namespace=helmadditionalvolumesit),tag(scope=namespace),tag(version=v1)]}) registration has failed: Prometheus requires that all meters with the same name have the same set of tag keys. There is already an existing meter named 'operator.sdk.events.received' containing tag keys [event, group, kind, name, namespace, scope, version]. The meter you are attempting to register has keys [action, event, group, kind, name, namespace, scope, version]. Note that subsequent logs will be logged at debug level.
2025-01-29 18:43:30,240 INFO c.h.h.t.HelmChartContainer - [hivemq-test-hivemq-platform] [hivemq-platform-operator] [103895bb] 18:43:30.238 [pool-6-thread-3] DEBUG c.h.p.o.dependants.PodInfoConfigMap - [helmaddi] Desired PodInfo ConfigMap (1 extensions) (1 enabled)
2025-01-29 18:43:30,240 INFO c.h.h.t.HelmChartContainer - [hivemq-test-hivemq-platform] [hivemq-platform-operator] [103895bb] 18:43:30.238 [pool-6-thread-3] DEBUG c.h.p.o.dependants.PodInfoConfigMap - [helmaddi] Desired PodInfo ConfigMap (metrics port: 9399) (metrics path: /)
2025-01-29 18:43:30,240 INFO c.h.h.t.HelmChartContainer - [hivemq-test-hivemq-platform] [hivemq-platform-operator] [103895bb] 18:43:30.238 [pool-6-thread-3] DEBUG c.h.p.o.dependants.PodInfoConfigMap - [helmaddi] Desired PodInfo ConfigMap (extension state hash: -1817474005)
2025-01-29 18:43:30,326 INFO c.h.h.t.HelmChartContainer - [hivemq-test-hivemq-platform] [hivemq-platform-operator] [103895bb] 18:43:30.325 [pool-6-thread-3] DEBUG c.h.p.o.dependants.PodInfoConfigMap - [helmaddi] Create PodInfo ConfigMap
2025-01-29 18:43:30,434 INFO c.h.h.t.HelmChartContainer - [hivemq-test-hivemq-platform] [hivemq-platform-operator] [103895bb] 18:43:30.429 [pool-6-thread-5] DEBUG c.h.p.o.dependants.PodRoleResource - [helmaddi] Create Role: Role(apiVersion=rbac.authorization.k8s.io/v1, kind=Role, metadata=ObjectMeta(annotations={meta.helm.sh/release-name=test-hivemq-platform, meta.helm.sh/release-namespace=helmadditionalvolumesit}, creationTimestamp=null, deletionGracePeriodSeconds=null, deletionTimestamp=null, finalizers=[], generateName=null, generation=null, labels={helm.sh/chart=hivemq-platform-0.2.32, app.kubernetes.io/managed-by=Helm, app.kubernetes.io/name=hivemq-platform, hivemq-platform=test-hivemq-platform, app.kubernetes.io/instance=test-hivemq-platform, app.kubernetes.io/version=4.36.0}, managedFields=[], name=hivemq-platform-role-test-hivemq-platform, namespace=helmadditionalvolumesit, ownerReferences=[OwnerReference(apiVersion=hivemq.com/v1, blockOwnerDeletion=null, controller=null, kind=HiveMQPlatform, name=test-hivemq-platform, uid=77af6c8e-b2af-409d-b54b-98a420769a60, additionalProperties={})], resourceVersion=null, selfLink=null, uid=null, additionalProperties={}), rules=[PolicyRule(apiGroups=[], nonResourceURLs=[], resourceNames=[], resources=[pods], verbs=[get, patch, update], additionalProperties={})], additionalProperties={})
2025-01-29 18:43:30,540 INFO c.h.h.t.HelmChartContainer - [hivemq-test-hivemq-platform] [hivemq-platform-operator] [103895bb] 18:43:30.538 [pool-6-thread-7] DEBUG c.h.p.o.d.PodServiceAccountResource - [helmaddi] Desired PodServiceAccountResource (serviceAccountName: hivemq-platform-pod-test-hivemq-platform)
2025-01-29 18:43:30,541 INFO c.h.h.t.HelmChartContainer - [hivemq-test-hivemq-platform] [hivemq-platform-operator] [103895bb] 18:43:30.539 [pool-6-thread-7] DEBUG c.h.p.o.d.PodServiceAccountResource - [helmaddi] Create ServiceAccount 'hivemq-platform-pod-test-hivemq-platform'
2025-01-29 18:43:30,736 INFO c.h.h.t.HelmChartContainer - [hivemq-test-hivemq-platform] [hivemq-platform-operator] [103895bb] 18:43:30.734 [pool-6-thread-10] DEBUG c.h.p.o.d.PodRoleBindingResource - [helmaddi] Create RoleBinding: RoleBinding(apiVersion=rbac.authorization.k8s.io/v1, kind=RoleBinding, metadata=ObjectMeta(annotations={meta.helm.sh/release-name=test-hivemq-platform, meta.helm.sh/release-namespace=helmadditionalvolumesit}, creationTimestamp=null, deletionGracePeriodSeconds=null, deletionTimestamp=null, finalizers=[], generateName=null, generation=null, labels={helm.sh/chart=hivemq-platform-0.2.32, app.kubernetes.io/managed-by=Helm, app.kubernetes.io/name=hivemq-platform, hivemq-platform=test-hivemq-platform, app.kubernetes.io/instance=test-hivemq-platform, app.kubernetes.io/version=4.36.0}, managedFields=[], name=hivemq-platform-role-binding-test-hivemq-platform, namespace=helmadditionalvolumesit, ownerReferences=[OwnerReference(apiVersion=hivemq.com/v1, blockOwnerDeletion=null, controller=null, kind=HiveMQPlatform, name=test-hivemq-platform, uid=77af6c8e-b2af-409d-b54b-98a420769a60, additionalProperties={})], resourceVersion=null, selfLink=null, uid=null, additionalProperties={}), roleRef=RoleRef(apiGroup=rbac.authorization.k8s.io, kind=Role, name=hivemq-platform-role-test-hivemq-platform, additionalProperties={}), subjects=[Subject(apiGroup=null, kind=ServiceAccount, name=hivemq-platform-pod-test-hivemq-platform, namespace=helmadditionalvolumesit, additionalProperties={})], additionalProperties={})
2025-01-29 18:43:30,829 INFO c.h.h.t.HelmChartContainer - [hivemq-test-hivemq-platform] [hivemq-platform-operator] [103895bb] 18:43:30.828 [ReconcilerExecutor-hivemq-controller-52] INFO  c.h.p.o.HiveMQPlatformReconciler - [helmaddi] Reconciling HiveMQ Platform 'test-hivemq-platform' in namespace 'helmadditionalvolumesit'
2025-01-29 18:43:30,830 INFO c.h.h.t.HelmChartContainer - [hivemq-test-hivemq-platform] [hivemq-platform-operator] [103895bb] 18:43:30.829 [ReconcilerExecutor-hivemq-controller-52] DEBUG c.h.p.o.HiveMQPlatformReconciler - [helmaddi] Custom Resource Status CREATED - HiveMQ Platform was created (READY)
2025-01-29 18:43:30,830 INFO c.h.h.t.HelmChartContainer - [hivemq-test-hivemq-platform] [hivemq-platform-operator] [103895bb] 18:43:30.829 [ReconcilerExecutor-hivemq-controller-52] DEBUG c.h.p.o.HiveMQPlatformReconciler - [helmaddi] Custom Resource Spec (replicas: 1) (extensions: 1)
2025-01-29 18:43:30,835 INFO c.h.h.t.HelmChartContainer - [hivemq-test-hivemq-platform] [hivemq-platform-operator] [103895bb] 18:43:30.832 [ReconcilerExecutor-hivemq-controller-52] INFO  c.h.p.o.h.HiveMQPlatformReconcilerBaseHandler - [helmaddi] HiveMQ Platform is starting
2025-01-29 18:43:30,933 INFO c.h.h.t.HelmChartContainer - [hivemq-test-hivemq-platform] [hivemq-platform-operator] [103895bb] 18:43:30.931 [ReconcilerExecutor-hivemq-controller-52] DEBUG c.h.p.operator.event.EventSender - [helmaddi] Creating K8s event hivemq-platform-starting: [Start] HiveMQ Platform is starting
2025-01-29 18:43:30,939 INFO c.h.h.t.HelmChartContainer - [EVENT] Normal [Start] HiveMQ Platform is starting [helmadditionalvolumesit:test-hivemq-platform]
2025-01-29 18:43:30,944 INFO c.h.h.t.HelmChartContainer - [hivemq-test-hivemq-platform] [hivemq-platform-operator] [103895bb] 18:43:30.943 [ReconcilerExecutor-hivemq-controller-52] INFO  c.h.p.o.h.AbstractHiveMQReconcilerStateHandler - [helmaddi] Update HiveMQ Platform Status (CREATED [READY] -> STARTING [READY]): HiveMQ Platform is starting
2025-01-29 18:43:31,035 DEBUG com.hivemq.helmcharts.util.K8sUtil - Comparing actual state 'STARTING' and waiting for 'RUNNING'
2025-01-29 18:43:33,288 INFO c.h.h.t.HelmChartContainer - [EVENT] Normal [WaitForFirstConsumer] waiting for first consumer to be created before binding [helmadditionalvolumesit:test-persistent-volume-claim]
2025-01-29 18:43:41,045 INFO c.h.h.t.HelmChartContainer - [hivemq-test-hivemq-platform] [hivemq-platform-operator] [103895bb] 18:43:41.043 [pool-6-thread-12] DEBUG c.h.p.o.d.PlatformServiceResource - [helmaddi] Desired Platform services (3 services)
2025-01-29 18:43:41,046 INFO c.h.h.t.HelmChartContainer - [hivemq-test-hivemq-platform] [hivemq-platform-operator] [103895bb] 18:43:41.045 [pool-6-thread-13] DEBUG c.h.p.o.dependants.PodInfoConfigMap - [helmaddi] Desired PodInfo ConfigMap (1 extensions) (1 enabled)
2025-01-29 18:43:41,047 INFO c.h.h.t.HelmChartContainer - [hivemq-test-hivemq-platform] [hivemq-platform-operator] [103895bb] 18:43:41.045 [pool-6-thread-13] DEBUG c.h.p.o.dependants.PodInfoConfigMap - [helmaddi] Desired PodInfo ConfigMap (metrics port: 9399) (metrics path: /)
2025-01-29 18:43:41,047 INFO c.h.h.t.HelmChartContainer - [hivemq-test-hivemq-platform] [hivemq-platform-operator] [103895bb] 18:43:41.045 [pool-6-thread-13] DEBUG c.h.p.o.dependants.PodInfoConfigMap - [helmaddi] Desired PodInfo ConfigMap (extension state hash: -1817474005)
2025-01-29 18:43:41,049 INFO c.h.h.t.HelmChartContainer - [hivemq-test-hivemq-platform] [hivemq-platform-operator] [103895bb] 18:43:41.048 [pool-6-thread-17] DEBUG c.h.p.o.d.PodServiceAccountResource - [helmaddi] Desired PodServiceAccountResource (serviceAccountName: hivemq-platform-pod-test-hivemq-platform)
2025-01-29 18:43:41,130 INFO c.h.h.t.HelmChartContainer - [hivemq-test-hivemq-platform] [hivemq-platform-operator] [103895bb] 18:43:41.125 [pool-6-thread-13] DEBUG c.h.p.o.dependants.PodInfoConfigMap - [helmaddi] Update PodInfo ConfigMap
2025-01-29 18:43:41,133 INFO c.h.h.t.HelmChartContainer - [K3S] [alloc.go:330] "allocated clusterIPs" service="helmadditionalvolumesit/hivemq-test-hivemq-platform-mqtt-1883" clusterIPs={"IPv4":"10.43.155.96"}
2025-01-29 18:43:41,148 INFO c.h.h.t.HelmChartContainer - [K3S] [alloc.go:330] "allocated clusterIPs" service="helmadditionalvolumesit/hivemq-test-hivemq-platform-metrics-9399" clusterIPs={"IPv4":"10.43.87.151"}
2025-01-29 18:43:41,232 INFO c.h.h.t.HelmChartContainer - [K3S] [alloc.go:330] "allocated clusterIPs" service="helmadditionalvolumesit/hivemq-test-hivemq-platform-cc-8080" clusterIPs={"IPv4":"10.43.156.94"}
2025-01-29 18:43:41,244 INFO c.h.h.t.HelmChartContainer - [hivemq-test-hivemq-platform] [hivemq-platform-operator] [103895bb] 18:43:41.242 [pool-6-thread-20] DEBUG c.h.p.o.d.StatefulSetResource - [helmaddi] Desired StatefulSet (1 replicas) for status STARTING (READY)
2025-01-29 18:43:41,331 INFO c.h.h.t.HelmChartContainer - [hivemq-test-hivemq-platform] [hivemq-platform-operator] [103895bb] 18:43:41.330 [pool-6-thread-20] DEBUG c.h.p.o.d.StatefulSetResource - [helmaddi] Create StatefulSet
2025-01-29 18:43:41,354 INFO c.h.h.t.HelmChartContainer - [POD] test-hivemq-platform-0 [a0781eee-4c29-4d37-8c2b-1930d218417c] in helmadditionalvolumesit was ADDED
2025-01-29 18:43:41,354 INFO c.h.h.t.HelmChartContainer - [EVENT] Normal [SuccessfulCreate] create Pod test-hivemq-platform-0 in StatefulSet test-hivemq-platform successful [helmadditionalvolumesit:test-hivemq-platform]
2025-01-29 18:43:41,362 INFO c.h.h.t.HelmChartContainer - [EVENT] Normal [ExternalProvisioning] Waiting for a volume to be created either by the external provisioner 'rancher.io/local-path' or manually by the system administrator. If volume creation is delayed, please verify that the provisioner is running and correctly registered. [helmadditionalvolumesit:test-persistent-volume-claim]
2025-01-29 18:43:41,367 INFO c.h.h.t.HelmChartContainer - [EVENT] Normal [ExternalProvisioning] Waiting for a volume to be created either by the external provisioner 'rancher.io/local-path' or manually by the system administrator. If volume creation is delayed, please verify that the provisioner is running and correctly registered. [helmadditionalvolumesit:test-persistent-volume-claim]
2025-01-29 18:43:41,367 INFO c.h.h.t.HelmChartContainer - [EVENT] Normal [Provisioning] External provisioner is provisioning volume for claim "helmadditionalvolumesit/test-persistent-volume-claim" [helmadditionalvolumesit:test-persistent-volume-claim]
2025-01-29 18:43:41,370 INFO c.h.h.t.HelmChartContainer - [POD] helper-pod-create-pvc-8bfaa1c5-97f5-485c-9b61-d3f9d7d4d733 [29336d9b-7281-439c-a753-ef024f43b386] in kube-system was ADDED
2025-01-29 18:43:41,377 INFO c.h.h.t.HelmChartContainer - [POD] helper-pod-create-pvc-8bfaa1c5-97f5-485c-9b61-d3f9d7d4d733 [29336d9b-7281-439c-a753-ef024f43b386] in kube-system was MODIFIED
2025-01-29 18:43:41,427 INFO c.h.h.t.HelmChartContainer - [hivemq-test-hivemq-platform] [hivemq-platform-operator] [103895bb] 18:43:41.425 [ReconcilerExecutor-hivemq-controller-63] INFO  c.h.p.o.HiveMQPlatformReconciler - [helmaddi] Reconciling HiveMQ Platform 'test-hivemq-platform' in namespace 'helmadditionalvolumesit'
2025-01-29 18:43:41,427 INFO c.h.h.t.HelmChartContainer - [hivemq-test-hivemq-platform] [hivemq-platform-operator] [103895bb] 18:43:41.425 [ReconcilerExecutor-hivemq-controller-63] DEBUG c.h.p.o.HiveMQPlatformReconciler - [helmaddi] Custom Resource Status STARTING - HiveMQ Platform is starting (READY)
2025-01-29 18:43:41,427 INFO c.h.h.t.HelmChartContainer - [hivemq-test-hivemq-platform] [hivemq-platform-operator] [103895bb] 18:43:41.425 [ReconcilerExecutor-hivemq-controller-63] DEBUG c.h.p.o.HiveMQPlatformReconciler - [helmaddi] Custom Resource Spec (replicas: 1) (extensions: 1)
2025-01-29 18:43:41,438 INFO c.h.h.t.HelmChartContainer - [hivemq-test-hivemq-platform] [hivemq-platform-operator] [103895bb] 18:43:41.437 [ReconcilerExecutor-hivemq-controller-63] DEBUG c.h.p.o.HiveMQPlatformReconciler - [helmaddi] StatefulSet Status (revision: null, replicas: 0, available: 0, ready: 0, current: 0, updated: 0)
2025-01-29 18:43:41,439 INFO c.h.h.t.HelmChartContainer - [hivemq-test-hivemq-platform] [hivemq-platform-operator] [103895bb] 18:43:41.438 [ReconcilerExecutor-hivemq-controller-63] DEBUG c.h.p.o.HiveMQPlatformReconciler - [helmaddi] StatefulSet Spec (replicas: 1, init containers: 1, containers: 1, volumes: 7)
2025-01-29 18:43:41,531 INFO c.h.h.t.HelmChartContainer - [K3S] [reconciler_common.go:251] "operationExecutor.VerifyControllerAttachedVolume started for volume \"data\" (UniqueName: \"kubernetes.io/host-path/29336d9b-7281-439c-a753-ef024f43b386-data\") pod \"helper-pod-create-pvc-8bfaa1c5-97f5-485c-9b61-d3f9d7d4d733\" (UID: \"29336d9b-7281-439c-a753-ef024f43b386\") " pod="kube-system/helper-pod-create-pvc-8bfaa1c5-97f5-485c-9b61-d3f9d7d4d733"
2025-01-29 18:43:41,533 INFO c.h.h.t.HelmChartContainer - [K3S] [reconciler_common.go:251] "operationExecutor.VerifyControllerAttachedVolume started for volume \"script\" (UniqueName: \"kubernetes.io/configmap/29336d9b-7281-439c-a753-ef024f43b386-script\") pod \"helper-pod-create-pvc-8bfaa1c5-97f5-485c-9b61-d3f9d7d4d733\" (UID: \"29336d9b-7281-439c-a753-ef024f43b386\") " pod="kube-system/helper-pod-create-pvc-8bfaa1c5-97f5-485c-9b61-d3f9d7d4d733"
2025-01-29 18:43:41,533 INFO c.h.h.t.HelmChartContainer - [hivemq-test-hivemq-platform] [hivemq-platform-operator] [103895bb] 18:43:41.530 [ReconcilerExecutor-hivemq-controller-63] DEBUG c.h.p.o.h.HiveMQPlatformReconcilerErrorHandler - [helmaddi] Pod 'test-hivemq-platform-0' phase Pending
2025-01-29 18:43:41,533 INFO c.h.h.t.HelmChartContainer - [K3S] [reconciler_common.go:251] "operationExecutor.VerifyControllerAttachedVolume started for volume \"kube-api-access-6lbrv\" (UniqueName: \"kubernetes.io/projected/29336d9b-7281-439c-a753-ef024f43b386-kube-api-access-6lbrv\") pod \"helper-pod-create-pvc-8bfaa1c5-97f5-485c-9b61-d3f9d7d4d733\" (UID: \"29336d9b-7281-439c-a753-ef024f43b386\") " pod="kube-system/helper-pod-create-pvc-8bfaa1c5-97f5-485c-9b61-d3f9d7d4d733"
2025-01-29 18:43:41,534 INFO c.h.h.t.HelmChartContainer - [hivemq-test-hivemq-platform] [hivemq-platform-operator] [103895bb] 18:43:41.533 [ReconcilerExecutor-hivemq-controller-63] INFO  c.h.p.o.h.HiveMQPlatformReconcilerBaseHandler - [helmaddi] HiveMQ Platform is starting, 0 of 1 replicas are ready
2025-01-29 18:43:41,539 INFO c.h.h.t.HelmChartContainer - [hivemq-test-hivemq-platform] [hivemq-platform-operator] [103895bb] 18:43:41.537 [pool-6-thread-22] DEBUG c.h.p.o.d.PlatformServiceResource - [helmaddi] Desired Platform services (3 services)
2025-01-29 18:43:41,541 INFO c.h.h.t.HelmChartContainer - [hivemq-test-hivemq-platform] [hivemq-platform-operator] [103895bb] 18:43:41.539 [pool-6-thread-23] DEBUG c.h.p.o.dependants.PodInfoConfigMap - [helmaddi] Desired PodInfo ConfigMap (1 extensions) (1 enabled)
2025-01-29 18:43:41,541 INFO c.h.h.t.HelmChartContainer - [hivemq-test-hivemq-platform] [hivemq-platform-operator] [103895bb] 18:43:41.539 [pool-6-thread-23] DEBUG c.h.p.o.dependants.PodInfoConfigMap - [helmaddi] Desired PodInfo ConfigMap (metrics port: 9399) (metrics path: /)
2025-01-29 18:43:41,541 INFO c.h.h.t.HelmChartContainer - [hivemq-test-hivemq-platform] [hivemq-platform-operator] [103895bb] 18:43:41.539 [pool-6-thread-23] DEBUG c.h.p.o.dependants.PodInfoConfigMap - [helmaddi] Desired PodInfo ConfigMap (extension state hash: -1817474005)
2025-01-29 18:43:41,631 INFO c.h.h.t.HelmChartContainer - [hivemq-test-hivemq-platform] [hivemq-platform-operator] [103895bb] 18:43:41.630 [pool-6-thread-27] DEBUG c.h.p.o.d.PodServiceAccountResource - [helmaddi] Desired PodServiceAccountResource (serviceAccountName: hivemq-platform-pod-test-hivemq-platform)
2025-01-29 18:43:41,636 INFO c.h.h.t.HelmChartContainer - [hivemq-test-hivemq-platform] [hivemq-platform-operator] [103895bb] 18:43:41.634 [pool-6-thread-30] DEBUG c.h.p.o.d.StatefulSetResource - [helmaddi] Desired StatefulSet (1 replicas) for status STARTING (READY)
2025-01-29 18:43:41,730 INFO c.h.h.t.HelmChartContainer - [hivemq-test-hivemq-platform] [hivemq-platform-operator] [103895bb] 18:43:41.729 [ReconcilerExecutor-hivemq-controller-74] INFO  c.h.p.o.HiveMQPlatformReconciler - [helmaddi] Reconciling HiveMQ Platform 'test-hivemq-platform' in namespace 'helmadditionalvolumesit'
2025-01-29 18:43:41,730 INFO c.h.h.t.HelmChartContainer - [hivemq-test-hivemq-platform] [hivemq-platform-operator] [103895bb] 18:43:41.729 [ReconcilerExecutor-hivemq-controller-74] DEBUG c.h.p.o.HiveMQPlatformReconciler - [helmaddi] Custom Resource Status STARTING - HiveMQ Platform is starting (READY)
2025-01-29 18:43:41,732 INFO c.h.h.t.HelmChartContainer - [hivemq-test-hivemq-platform] [hivemq-platform-operator] [103895bb] 18:43:41.729 [ReconcilerExecutor-hivemq-controller-74] DEBUG c.h.p.o.HiveMQPlatformReconciler - [helmaddi] Custom Resource Spec (replicas: 1) (extensions: 1)
2025-01-29 18:43:41,736 INFO c.h.h.t.HelmChartContainer - [hivemq-test-hivemq-platform] [hivemq-platform-operator] [103895bb] 18:43:41.734 [ReconcilerExecutor-hivemq-controller-74] DEBUG c.h.p.o.HiveMQPlatformReconciler - [helmaddi] StatefulSet Status (revision: test-hivemq-platform-5d4d897885, replicas: 1, available: 0, ready: 0, current: 1, updated: 1)
2025-01-29 18:43:41,736 INFO c.h.h.t.HelmChartContainer - [hivemq-test-hivemq-platform] [hivemq-platform-operator] [103895bb] 18:43:41.734 [ReconcilerExecutor-hivemq-controller-74] DEBUG c.h.p.o.HiveMQPlatformReconciler - [helmaddi] StatefulSet Spec (replicas: 1, init containers: 1, containers: 1, volumes: 7)
2025-01-29 18:43:41,736 INFO c.h.h.t.HelmChartContainer - [hivemq-test-hivemq-platform] [hivemq-platform-operator] [103895bb] 18:43:41.735 [ReconcilerExecutor-hivemq-controller-74] DEBUG c.h.p.o.h.HiveMQPlatformReconcilerErrorHandler - [helmaddi] Pod 'test-hivemq-platform-0' phase Pending
2025-01-29 18:43:41,738 INFO c.h.h.t.HelmChartContainer - [hivemq-test-hivemq-platform] [hivemq-platform-operator] [103895bb] 18:43:41.737 [ReconcilerExecutor-hivemq-controller-74] INFO  c.h.p.o.h.HiveMQPlatformReconcilerBaseHandler - [helmaddi] HiveMQ Platform is starting, 0 of 1 replicas are ready
2025-01-29 18:43:43,155 INFO c.h.h.t.HelmChartContainer - [POD] helper-pod-create-pvc-8bfaa1c5-97f5-485c-9b61-d3f9d7d4d733 [29336d9b-7281-439c-a753-ef024f43b386] in kube-system was MODIFIED
2025-01-29 18:43:44,232 INFO c.h.h.t.HelmChartContainer - [POD] helper-pod-create-pvc-8bfaa1c5-97f5-485c-9b61-d3f9d7d4d733 [29336d9b-7281-439c-a753-ef024f43b386] in kube-system was MODIFIED
2025-01-29 18:43:44,345 INFO c.h.h.t.HelmChartContainer - [K3S] [reconciler_common.go:162] "operationExecutor.UnmountVolume started for volume \"kube-api-access-6lbrv\" (UniqueName: \"kubernetes.io/projected/29336d9b-7281-439c-a753-ef024f43b386-kube-api-access-6lbrv\") pod \"29336d9b-7281-439c-a753-ef024f43b386\" (UID: \"29336d9b-7281-439c-a753-ef024f43b386\") "
2025-01-29 18:43:44,345 INFO c.h.h.t.HelmChartContainer - [K3S] [reconciler_common.go:162] "operationExecutor.UnmountVolume started for volume \"data\" (UniqueName: \"kubernetes.io/host-path/29336d9b-7281-439c-a753-ef024f43b386-data\") pod \"29336d9b-7281-439c-a753-ef024f43b386\" (UID: \"29336d9b-7281-439c-a753-ef024f43b386\") "
2025-01-29 18:43:44,346 INFO c.h.h.t.HelmChartContainer - [K3S] [reconciler_common.go:162] "operationExecutor.UnmountVolume started for volume \"script\" (UniqueName: \"kubernetes.io/configmap/29336d9b-7281-439c-a753-ef024f43b386-script\") pod \"29336d9b-7281-439c-a753-ef024f43b386\" (UID: \"29336d9b-7281-439c-a753-ef024f43b386\") "
2025-01-29 18:43:44,390 INFO c.h.h.t.HelmChartContainer - [POD] helper-pod-create-pvc-8bfaa1c5-97f5-485c-9b61-d3f9d7d4d733 [29336d9b-7281-439c-a753-ef024f43b386] in kube-system was MODIFIED
2025-01-29 18:43:44,392 INFO c.h.h.t.HelmChartContainer - [POD] helper-pod-create-pvc-8bfaa1c5-97f5-485c-9b61-d3f9d7d4d733 [29336d9b-7281-439c-a753-ef024f43b386] in kube-system was DELETED
2025-01-29 18:43:44,402 INFO c.h.h.t.HelmChartContainer - [EVENT] Normal [ProvisioningSucceeded] Successfully provisioned volume pvc-8bfaa1c5-97f5-485c-9b61-d3f9d7d4d733 [helmadditionalvolumesit:test-persistent-volume-claim]
2025-01-29 18:43:44,446 INFO c.h.h.t.HelmChartContainer - [K3S] [reconciler_common.go:299] "Volume detached for volume \"kube-api-access-6lbrv\" (UniqueName: \"kubernetes.io/projected/29336d9b-7281-439c-a753-ef024f43b386-kube-api-access-6lbrv\") on node \"481ff9a8fcec\" DevicePath \"\""
2025-01-29 18:43:44,446 INFO c.h.h.t.HelmChartContainer - [K3S] [reconciler_common.go:299] "Volume detached for volume \"data\" (UniqueName: \"kubernetes.io/host-path/29336d9b-7281-439c-a753-ef024f43b386-data\") on node \"481ff9a8fcec\" DevicePath \"\""
2025-01-29 18:43:44,446 INFO c.h.h.t.HelmChartContainer - [K3S] [reconciler_common.go:299] "Volume detached for volume \"script\" (UniqueName: \"kubernetes.io/configmap/29336d9b-7281-439c-a753-ef024f43b386-script\") on node \"481ff9a8fcec\" DevicePath \"\""
2025-01-29 18:43:45,152 INFO c.h.h.t.HelmChartContainer - [K3S] [pod_container_deletor.go:80] "Container not found in pod's containers" containerID="4fe16f205861d92c5b83e1eb46b85d80586a0e8d432980c7d1a2c7f24a19780a"
2025-01-29 18:43:45,158 INFO c.h.h.t.HelmChartContainer - [K3S] [status_manager.go:890] "Failed to get status for pod" podUID="29336d9b-7281-439c-a753-ef024f43b386" pod="kube-system/helper-pod-create-pvc-8bfaa1c5-97f5-485c-9b61-d3f9d7d4d733" err="pods \"helper-pod-create-pvc-8bfaa1c5-97f5-485c-9b61-d3f9d7d4d733\" is forbidden: User \"system:node:481ff9a8fcec\" cannot get resource \"pods\" in API group \"\" in the namespace \"kube-system\": no relationship found between node '481ff9a8fcec' and this object"
2025-01-29 18:43:45,361 INFO c.h.h.t.HelmChartContainer - [K3S] [memory_manager.go:355] "RemoveStaleState removing state" podUID="29336d9b-7281-439c-a753-ef024f43b386" containerName="helper-pod"
2025-01-29 18:43:45,361 INFO c.h.h.t.HelmChartContainer - [POD] test-hivemq-platform-0 [a0781eee-4c29-4d37-8c2b-1930d218417c] in helmadditionalvolumesit was MODIFIED
2025-01-29 18:43:45,362 INFO c.h.h.t.HelmChartContainer - [EVENT] Normal [Scheduled] Successfully assigned helmadditionalvolumesit/test-hivemq-platform-0 to 481ff9a8fcec [helmadditionalvolumesit:test-hivemq-platform-0]
2025-01-29 18:43:45,365 INFO c.h.h.t.HelmChartContainer - [K3S] [status_manager.go:890] "Failed to get status for pod" podUID="29336d9b-7281-439c-a753-ef024f43b386" pod="kube-system/helper-pod-create-pvc-8bfaa1c5-97f5-485c-9b61-d3f9d7d4d733" err="pods \"helper-pod-create-pvc-8bfaa1c5-97f5-485c-9b61-d3f9d7d4d733\" is forbidden: User \"system:node:481ff9a8fcec\" cannot get resource \"pods\" in API group \"\" in the namespace \"kube-system\": no relationship found between node '481ff9a8fcec' and this object"
2025-01-29 18:43:45,378 INFO c.h.h.t.HelmChartContainer - [hivemq-test-hivemq-platform] [hivemq-platform-operator] [103895bb] 18:43:45.375 [pool-6-thread-32] DEBUG c.h.p.o.d.PlatformServiceResource - [helmaddi] Desired Platform services (3 services)
2025-01-29 18:43:45,383 INFO c.h.h.t.HelmChartContainer - [POD] test-hivemq-platform-0 [a0781eee-4c29-4d37-8c2b-1930d218417c] in helmadditionalvolumesit was MODIFIED
2025-01-29 18:43:45,385 INFO c.h.h.t.HelmChartContainer - [hivemq-test-hivemq-platform] [hivemq-platform-operator] [103895bb] 18:43:45.381 [pool-6-thread-33] DEBUG c.h.p.o.dependants.PodInfoConfigMap - [helmaddi] Desired PodInfo ConfigMap (1 extensions) (1 enabled)
2025-01-29 18:43:45,385 INFO c.h.h.t.HelmChartContainer - [hivemq-test-hivemq-platform] [hivemq-platform-operator] [103895bb] 18:43:45.381 [pool-6-thread-33] DEBUG c.h.p.o.dependants.PodInfoConfigMap - [helmaddi] Desired PodInfo ConfigMap (metrics port: 9399) (metrics path: /)
2025-01-29 18:43:45,385 INFO c.h.h.t.HelmChartContainer - [hivemq-test-hivemq-platform] [hivemq-platform-operator] [103895bb] 18:43:45.381 [pool-6-thread-33] DEBUG c.h.p.o.dependants.PodInfoConfigMap - [helmaddi] Desired PodInfo ConfigMap (extension state hash: -1817474005)
2025-01-29 18:43:45,385 INFO c.h.h.t.HelmChartContainer - [hivemq-test-hivemq-platform] [hivemq-platform-operator] [103895bb] 18:43:45.383 [pool-6-thread-37] DEBUG c.h.p.o.d.PodServiceAccountResource - [helmaddi] Desired PodServiceAccountResource (serviceAccountName: hivemq-platform-pod-test-hivemq-platform)
2025-01-29 18:43:45,430 INFO c.h.h.t.HelmChartContainer - [hivemq-test-hivemq-platform] [hivemq-platform-operator] [103895bb] 18:43:45.429 [pool-6-thread-40] DEBUG c.h.p.o.d.StatefulSetResource - [helmaddi] Desired StatefulSet (1 replicas) for status STARTING (READY)
2025-01-29 18:43:45,437 INFO c.h.h.t.HelmChartContainer - [hivemq-test-hivemq-platform] [hivemq-platform-operator] [103895bb] 18:43:45.435 [ReconcilerExecutor-hivemq-controller-85] INFO  c.h.p.o.HiveMQPlatformReconciler - [helmaddi] Reconciling HiveMQ Platform 'test-hivemq-platform' in namespace 'helmadditionalvolumesit'
2025-01-29 18:43:45,437 INFO c.h.h.t.HelmChartContainer - [hivemq-test-hivemq-platform] [hivemq-platform-operator] [103895bb] 18:43:45.435 [ReconcilerExecutor-hivemq-controller-85] DEBUG c.h.p.o.HiveMQPlatformReconciler - [helmaddi] Custom Resource Status STARTING - HiveMQ Platform is starting (READY)
2025-01-29 18:43:45,437 INFO c.h.h.t.HelmChartContainer - [hivemq-test-hivemq-platform] [hivemq-platform-operator] [103895bb] 18:43:45.435 [ReconcilerExecutor-hivemq-controller-85] DEBUG c.h.p.o.HiveMQPlatformReconciler - [helmaddi] Custom Resource Spec (replicas: 1) (extensions: 1)
2025-01-29 18:43:45,438 INFO c.h.h.t.HelmChartContainer - [hivemq-test-hivemq-platform] [hivemq-platform-operator] [103895bb] 18:43:45.437 [ReconcilerExecutor-hivemq-controller-85] DEBUG c.h.p.o.HiveMQPlatformReconciler - [helmaddi] StatefulSet Status (revision: test-hivemq-platform-5d4d897885, replicas: 1, available: 0, ready: 0, current: 1, updated: 1)
2025-01-29 18:43:45,438 INFO c.h.h.t.HelmChartContainer - [hivemq-test-hivemq-platform] [hivemq-platform-operator] [103895bb] 18:43:45.437 [ReconcilerExecutor-hivemq-controller-85] DEBUG c.h.p.o.HiveMQPlatformReconciler - [helmaddi] StatefulSet Spec (replicas: 1, init containers: 1, containers: 1, volumes: 7)
2025-01-29 18:43:45,443 INFO c.h.h.t.HelmChartContainer - [hivemq-test-hivemq-platform] [hivemq-platform-operator] [103895bb] 18:43:45.442 [ReconcilerExecutor-hivemq-controller-85] DEBUG c.h.p.o.h.HiveMQPlatformReconcilerErrorHandler - [helmaddi] Pod 'test-hivemq-platform-0' phase Pending
2025-01-29 18:43:45,453 INFO c.h.h.t.HelmChartContainer - [K3S] [reconciler_common.go:251] "operationExecutor.VerifyControllerAttachedVolume started for volume \"pod-info\" (UniqueName: \"kubernetes.io/configmap/a0781eee-4c29-4d37-8c2b-1930d218417c-pod-info\") pod \"test-hivemq-platform-0\" (UID: \"a0781eee-4c29-4d37-8c2b-1930d218417c\") " pod="helmadditionalvolumesit/test-hivemq-platform-0"
2025-01-29 18:43:45,453 INFO c.h.h.t.HelmChartContainer - [K3S] [reconciler_common.go:251] "operationExecutor.VerifyControllerAttachedVolume started for volume \"broker-configuration\" (UniqueName: \"kubernetes.io/configmap/a0781eee-4c29-4d37-8c2b-1930d218417c-broker-configuration\") pod \"test-hivemq-platform-0\" (UID: \"a0781eee-4c29-4d37-8c2b-1930d218417c\") " pod="helmadditionalvolumesit/test-hivemq-platform-0"
2025-01-29 18:43:45,453 INFO c.h.h.t.HelmChartContainer - [K3S] [reconciler_common.go:251] "operationExecutor.VerifyControllerAttachedVolume started for volume \"operator-init\" (UniqueName: \"kubernetes.io/empty-dir/a0781eee-4c29-4d37-8c2b-1930d218417c-operator-init\") pod \"test-hivemq-platform-0\" (UID: \"a0781eee-4c29-4d37-8c2b-1930d218417c\") " pod="helmadditionalvolumesit/test-hivemq-platform-0"
2025-01-29 18:43:45,453 INFO c.h.h.t.HelmChartContainer - [K3S] [reconciler_common.go:251] "operationExecutor.VerifyControllerAttachedVolume started for volume \"test-mount-volume\" (UniqueName: \"kubernetes.io/configmap/a0781eee-4c29-4d37-8c2b-1930d218417c-test-mount-volume\") pod \"test-hivemq-platform-0\" (UID: \"a0781eee-4c29-4d37-8c2b-1930d218417c\") " pod="helmadditionalvolumesit/test-hivemq-platform-0"
2025-01-29 18:43:45,453 INFO c.h.h.t.HelmChartContainer - [K3S] [reconciler_common.go:251] "operationExecutor.VerifyControllerAttachedVolume started for volume \"test-secret-volume\" (UniqueName: \"kubernetes.io/secret/a0781eee-4c29-4d37-8c2b-1930d218417c-test-secret-volume\") pod \"test-hivemq-platform-0\" (UID: \"a0781eee-4c29-4d37-8c2b-1930d218417c\") " pod="helmadditionalvolumesit/test-hivemq-platform-0"
2025-01-29 18:43:45,454 INFO c.h.h.t.HelmChartContainer - [K3S] [reconciler_common.go:251] "operationExecutor.VerifyControllerAttachedVolume started for volume \"pvc-8bfaa1c5-97f5-485c-9b61-d3f9d7d4d733\" (UniqueName: \"kubernetes.io/local-volume/pvc-8bfaa1c5-97f5-485c-9b61-d3f9d7d4d733\") pod \"test-hivemq-platform-0\" (UID: \"a0781eee-4c29-4d37-8c2b-1930d218417c\") " pod="helmadditionalvolumesit/test-hivemq-platform-0"
2025-01-29 18:43:45,454 INFO c.h.h.t.HelmChartContainer - [K3S] [reconciler_common.go:251] "operationExecutor.VerifyControllerAttachedVolume started for volume \"test-empty-dir-volume\" (UniqueName: \"kubernetes.io/empty-dir/a0781eee-4c29-4d37-8c2b-1930d218417c-test-empty-dir-volume\") pod \"test-hivemq-platform-0\" (UID: \"a0781eee-4c29-4d37-8c2b-1930d218417c\") " pod="helmadditionalvolumesit/test-hivemq-platform-0"
2025-01-29 18:43:45,454 INFO c.h.h.t.HelmChartContainer - [K3S] [reconciler_common.go:251] "operationExecutor.VerifyControllerAttachedVolume started for volume \"kube-api-access-wj2dq\" (UniqueName: \"kubernetes.io/projected/a0781eee-4c29-4d37-8c2b-1930d218417c-kube-api-access-wj2dq\") pod \"test-hivemq-platform-0\" (UID: \"a0781eee-4c29-4d37-8c2b-1930d218417c\") " pod="helmadditionalvolumesit/test-hivemq-platform-0"
2025-01-29 18:43:45,500 INFO c.h.h.t.HelmChartContainer - [K3S] [kubelet_volumes.go:163] "Cleaned up orphaned pod volumes dir" podUID="29336d9b-7281-439c-a753-ef024f43b386" path="/var/lib/kubelet/pods/29336d9b-7281-439c-a753-ef024f43b386/volumes"
2025-01-29 18:43:45,527 INFO c.h.h.t.HelmChartContainer - [hivemq-test-hivemq-platform] [hivemq-platform-operator] [103895bb] 18:43:45.525 [ReconcilerExecutor-hivemq-controller-85] DEBUG c.h.p.o.h.HiveMQPlatformReconcilerErrorHandler - [helmaddi] Pod 'test-hivemq-platform-0' condition 'PodReadyToStartContainers': False
2025-01-29 18:43:45,528 INFO c.h.h.t.HelmChartContainer - [hivemq-test-hivemq-platform] [hivemq-platform-operator] [103895bb] 18:43:45.526 [ReconcilerExecutor-hivemq-controller-85] DEBUG c.h.p.o.h.HiveMQPlatformReconcilerErrorHandler - [helmaddi] Pod 'test-hivemq-platform-0' condition 'Initialized': False
2025-01-29 18:43:45,528 INFO c.h.h.t.HelmChartContainer - [hivemq-test-hivemq-platform] [hivemq-platform-operator] [103895bb] 18:43:45.526 [ReconcilerExecutor-hivemq-controller-85] DEBUG c.h.p.o.h.HiveMQPlatformReconcilerErrorHandler - [helmaddi] Pod 'test-hivemq-platform-0' condition 'Ready': False
2025-01-29 18:43:45,528 INFO c.h.h.t.HelmChartContainer - [hivemq-test-hivemq-platform] [hivemq-platform-operator] [103895bb] 18:43:45.526 [ReconcilerExecutor-hivemq-controller-85] DEBUG c.h.p.o.h.HiveMQPlatformReconcilerErrorHandler - [helmaddi] Pod 'test-hivemq-platform-0' condition 'ContainersReady': False
2025-01-29 18:43:45,528 INFO c.h.h.t.HelmChartContainer - [hivemq-test-hivemq-platform] [hivemq-platform-operator] [103895bb] 18:43:45.526 [ReconcilerExecutor-hivemq-controller-85] DEBUG c.h.p.o.h.HiveMQPlatformReconcilerErrorHandler - [helmaddi] Pod 'test-hivemq-platform-0' condition 'PodScheduled': True
2025-01-29 18:43:45,528 INFO c.h.h.t.HelmChartContainer - [hivemq-test-hivemq-platform] [hivemq-platform-operator] [103895bb] 18:43:45.526 [ReconcilerExecutor-hivemq-controller-85] DEBUG c.h.p.o.h.HiveMQPlatformReconcilerErrorHandler - [helmaddi] Pod 'test-hivemq-platform-0' containerStatus 'hivemq' (started: false) (ready: false) (waiting: [PodInitializing] null)
2025-01-29 18:43:45,530 INFO c.h.h.t.HelmChartContainer - [hivemq-test-hivemq-platform] [hivemq-platform-operator] [103895bb] 18:43:45.528 [ReconcilerExecutor-hivemq-controller-85] INFO  c.h.p.o.h.HiveMQPlatformReconcilerBaseHandler - [helmaddi] HiveMQ Platform is starting, 0 of 1 replicas are ready
2025-01-29 18:43:45,539 INFO c.h.h.t.HelmChartContainer - [hivemq-test-hivemq-platform] [hivemq-platform-operator] [103895bb] 18:43:45.536 [pool-6-thread-42] DEBUG c.h.p.o.d.PlatformServiceResource - [helmaddi] Desired Platform services (3 services)
2025-01-29 18:43:45,540 INFO c.h.h.t.HelmChartContainer - [hivemq-test-hivemq-platform] [hivemq-platform-operator] [103895bb] 18:43:45.538 [pool-6-thread-43] DEBUG c.h.p.o.dependants.PodInfoConfigMap - [helmaddi] Desired PodInfo ConfigMap (1 extensions) (1 enabled)
2025-01-29 18:43:45,541 INFO c.h.h.t.HelmChartContainer - [hivemq-test-hivemq-platform] [hivemq-platform-operator] [103895bb] 18:43:45.540 [pool-6-thread-43] DEBUG c.h.p.o.dependants.PodInfoConfigMap - [helmaddi] Desired PodInfo ConfigMap (metrics port: 9399) (metrics path: /)
2025-01-29 18:43:45,542 INFO c.h.h.t.HelmChartContainer - [hivemq-test-hivemq-platform] [hivemq-platform-operator] [103895bb] 18:43:45.540 [pool-6-thread-43] DEBUG c.h.p.o.dependants.PodInfoConfigMap - [helmaddi] Desired PodInfo ConfigMap (extension state hash: -1817474005)
2025-01-29 18:43:45,628 INFO c.h.h.t.HelmChartContainer - [hivemq-test-hivemq-platform] [hivemq-platform-operator] [103895bb] 18:43:45.626 [pool-6-thread-47] DEBUG c.h.p.o.d.PodServiceAccountResource - [helmaddi] Desired PodServiceAccountResource (serviceAccountName: hivemq-platform-pod-test-hivemq-platform)
2025-01-29 18:43:45,634 INFO c.h.h.t.HelmChartContainer - [hivemq-test-hivemq-platform] [hivemq-platform-operator] [103895bb] 18:43:45.633 [pool-6-thread-50] DEBUG c.h.p.o.d.StatefulSetResource - [helmaddi] Desired StatefulSet (1 replicas) for status STARTING (READY)
2025-01-29 18:43:45,639 INFO c.h.h.t.HelmChartContainer - [hivemq-test-hivemq-platform] [hivemq-platform-operator] [103895bb] 18:43:45.639 [ReconcilerExecutor-hivemq-controller-96] INFO  c.h.p.o.HiveMQPlatformReconciler - [helmaddi] Reconciling HiveMQ Platform 'test-hivemq-platform' in namespace 'helmadditionalvolumesit'
2025-01-29 18:43:45,639 INFO c.h.h.t.HelmChartContainer - [hivemq-test-hivemq-platform] [hivemq-platform-operator] [103895bb] 18:43:45.639 [ReconcilerExecutor-hivemq-controller-96] DEBUG c.h.p.o.HiveMQPlatformReconciler - [helmaddi] Custom Resource Status STARTING - HiveMQ Platform is starting (READY)
2025-01-29 18:43:45,640 INFO c.h.h.t.HelmChartContainer - [hivemq-test-hivemq-platform] [hivemq-platform-operator] [103895bb] 18:43:45.639 [ReconcilerExecutor-hivemq-controller-96] DEBUG c.h.p.o.HiveMQPlatformReconciler - [helmaddi] Custom Resource Spec (replicas: 1) (extensions: 1)
2025-01-29 18:43:45,642 INFO c.h.h.t.HelmChartContainer - [hivemq-test-hivemq-platform] [hivemq-platform-operator] [103895bb] 18:43:45.641 [ReconcilerExecutor-hivemq-controller-96] DEBUG c.h.p.o.HiveMQPlatformReconciler - [helmaddi] StatefulSet Status (revision: test-hivemq-platform-5d4d897885, replicas: 1, available: 0, ready: 0, current: 1, updated: 1)
2025-01-29 18:43:45,643 INFO c.h.h.t.HelmChartContainer - [hivemq-test-hivemq-platform] [hivemq-platform-operator] [103895bb] 18:43:45.641 [ReconcilerExecutor-hivemq-controller-96] DEBUG c.h.p.o.HiveMQPlatformReconciler - [helmaddi] StatefulSet Spec (replicas: 1, init containers: 1, containers: 1, volumes: 7)
2025-01-29 18:43:45,730 INFO c.h.h.t.HelmChartContainer - [hivemq-test-hivemq-platform] [hivemq-platform-operator] [103895bb] 18:43:45.726 [ReconcilerExecutor-hivemq-controller-96] DEBUG c.h.p.o.h.HiveMQPlatformReconcilerErrorHandler - [helmaddi] Pod 'test-hivemq-platform-0' phase Pending
2025-01-29 18:43:45,730 INFO c.h.h.t.HelmChartContainer - [hivemq-test-hivemq-platform] [hivemq-platform-operator] [103895bb] 18:43:45.727 [ReconcilerExecutor-hivemq-controller-96] DEBUG c.h.p.o.h.HiveMQPlatformReconcilerErrorHandler - [helmaddi] Pod 'test-hivemq-platform-0' condition 'PodReadyToStartContainers': False
2025-01-29 18:43:45,730 INFO c.h.h.t.HelmChartContainer - [hivemq-test-hivemq-platform] [hivemq-platform-operator] [103895bb] 18:43:45.727 [ReconcilerExecutor-hivemq-controller-96] DEBUG c.h.p.o.h.HiveMQPlatformReconcilerErrorHandler - [helmaddi] Pod 'test-hivemq-platform-0' condition 'Initialized': False
2025-01-29 18:43:45,730 INFO c.h.h.t.HelmChartContainer - [hivemq-test-hivemq-platform] [hivemq-platform-operator] [103895bb] 18:43:45.727 [ReconcilerExecutor-hivemq-controller-96] DEBUG c.h.p.o.h.HiveMQPlatformReconcilerErrorHandler - [helmaddi] Pod 'test-hivemq-platform-0' condition 'Ready': False
2025-01-29 18:43:45,730 INFO c.h.h.t.HelmChartContainer - [hivemq-test-hivemq-platform] [hivemq-platform-operator] [103895bb] 18:43:45.727 [ReconcilerExecutor-hivemq-controller-96] DEBUG c.h.p.o.h.HiveMQPlatformReconcilerErrorHandler - [helmaddi] Pod 'test-hivemq-platform-0' condition 'ContainersReady': False
2025-01-29 18:43:45,730 INFO c.h.h.t.HelmChartContainer - [hivemq-test-hivemq-platform] [hivemq-platform-operator] [103895bb] 18:43:45.727 [ReconcilerExecutor-hivemq-controller-96] DEBUG c.h.p.o.h.HiveMQPlatformReconcilerErrorHandler - [helmaddi] Pod 'test-hivemq-platform-0' condition 'PodScheduled': True
2025-01-29 18:43:45,730 INFO c.h.h.t.HelmChartContainer - [hivemq-test-hivemq-platform] [hivemq-platform-operator] [103895bb] 18:43:45.727 [ReconcilerExecutor-hivemq-controller-96] DEBUG c.h.p.o.h.HiveMQPlatformReconcilerErrorHandler - [helmaddi] Pod 'test-hivemq-platform-0' containerStatus 'hivemq' (started: false) (ready: false) (waiting: [PodInitializing] null)
2025-01-29 18:43:45,730 INFO c.h.h.t.HelmChartContainer - [hivemq-test-hivemq-platform] [hivemq-platform-operator] [103895bb] 18:43:45.728 [ReconcilerExecutor-hivemq-controller-96] INFO  c.h.p.o.h.HiveMQPlatformReconcilerBaseHandler - [helmaddi] HiveMQ Platform is starting, 0 of 1 replicas are ready
2025-01-29 18:43:45,756 INFO c.h.h.t.HelmChartContainer - [EVENT] Normal [Pulled] Container image "docker.io/hivemq/hivemq-platform-operator-init-test:snapshot" already present on machine [helmadditionalvolumesit:test-hivemq-platform-0]
2025-01-29 18:43:45,869 INFO c.h.h.t.HelmChartContainer - [EVENT] Normal [Created] Created container: hivemq-platform-operator-init [helmadditionalvolumesit:test-hivemq-platform-0]
2025-01-29 18:43:45,910 INFO c.h.h.t.HelmChartContainer - [EVENT] Normal [Started] Started container hivemq-platform-operator-init [helmadditionalvolumesit:test-hivemq-platform-0]
2025-01-29 18:43:46,159 INFO c.h.h.t.HelmChartContainer - [EVENT] Normal [Pulled] Container image "docker.io/hivemq/hivemq4:4.36.0" already present on machine [helmadditionalvolumesit:test-hivemq-platform-0]
2025-01-29 18:43:46,159 INFO c.h.h.t.HelmChartContainer - Received Pulled event for container hivemq in pod test-hivemq-platform-0 [a0781eee-4c29-4d37-8c2b-1930d218417c]
2025-01-29 18:43:46,168 INFO c.h.h.t.HelmChartContainer - [POD] test-hivemq-platform-0 [a0781eee-4c29-4d37-8c2b-1930d218417c] in helmadditionalvolumesit was MODIFIED
2025-01-29 18:43:46,193 INFO c.h.h.t.HelmChartContainer - [hivemq-test-hivemq-platform] [hivemq-platform-operator] [103895bb] 18:43:46.183 [pool-6-thread-3] DEBUG c.h.p.o.d.PlatformServiceResource - [helmaddi] Desired Platform services (3 services)
2025-01-29 18:43:46,193 INFO c.h.h.t.HelmChartContainer - [hivemq-test-hivemq-platform] [hivemq-platform-operator] [103895bb] 18:43:46.185 [pool-6-thread-4] DEBUG c.h.p.o.dependants.PodInfoConfigMap - [helmaddi] Desired PodInfo ConfigMap (1 extensions) (1 enabled)
2025-01-29 18:43:46,193 INFO c.h.h.t.HelmChartContainer - [hivemq-test-hivemq-platform] [hivemq-platform-operator] [103895bb] 18:43:46.186 [pool-6-thread-4] DEBUG c.h.p.o.dependants.PodInfoConfigMap - [helmaddi] Desired PodInfo ConfigMap (metrics port: 9399) (metrics path: /)
2025-01-29 18:43:46,193 INFO c.h.h.t.HelmChartContainer - [hivemq-test-hivemq-platform] [hivemq-platform-operator] [103895bb] 18:43:46.186 [pool-6-thread-4] DEBUG c.h.p.o.dependants.PodInfoConfigMap - [helmaddi] Desired PodInfo ConfigMap (extension state hash: -1817474005)
2025-01-29 18:43:46,193 INFO c.h.h.t.HelmChartContainer - [hivemq-test-hivemq-platform] [hivemq-platform-operator] [103895bb] 18:43:46.187 [pool-6-thread-1] DEBUG c.h.p.o.d.PodServiceAccountResource - [helmaddi] Desired PodServiceAccountResource (serviceAccountName: hivemq-platform-pod-test-hivemq-platform)
2025-01-29 18:43:46,198 INFO c.h.h.t.HelmChartContainer - [hivemq-test-hivemq-platform] [hivemq-platform-operator] [103895bb] 18:43:46.193 [pool-6-thread-2] DEBUG c.h.p.o.d.StatefulSetResource - [helmaddi] Desired StatefulSet (1 replicas) for status STARTING (READY)
2025-01-29 18:43:46,228 INFO c.h.h.t.HelmChartContainer - [hivemq-test-hivemq-platform] [hivemq-platform-operator] [103895bb] 18:43:46.225 [ReconcilerExecutor-hivemq-controller-107] INFO  c.h.p.o.HiveMQPlatformReconciler - [helmaddi] Reconciling HiveMQ Platform 'test-hivemq-platform' in namespace 'helmadditionalvolumesit'
2025-01-29 18:43:46,228 INFO c.h.h.t.HelmChartContainer - [hivemq-test-hivemq-platform] [hivemq-platform-operator] [103895bb] 18:43:46.226 [ReconcilerExecutor-hivemq-controller-107] DEBUG c.h.p.o.HiveMQPlatformReconciler - [helmaddi] Custom Resource Status STARTING - HiveMQ Platform is starting (READY)
2025-01-29 18:43:46,228 INFO c.h.h.t.HelmChartContainer - [hivemq-test-hivemq-platform] [hivemq-platform-operator] [103895bb] 18:43:46.226 [ReconcilerExecutor-hivemq-controller-107] DEBUG c.h.p.o.HiveMQPlatformReconciler - [helmaddi] Custom Resource Spec (replicas: 1) (extensions: 1)
2025-01-29 18:43:46,230 INFO c.h.h.t.HelmChartContainer - [hivemq-test-hivemq-platform] [hivemq-platform-operator] [103895bb] 18:43:46.229 [ReconcilerExecutor-hivemq-controller-107] DEBUG c.h.p.o.HiveMQPlatformReconciler - [helmaddi] StatefulSet Status (revision: test-hivemq-platform-5d4d897885, replicas: 1, available: 0, ready: 0, current: 1, updated: 1)
2025-01-29 18:43:46,231 INFO c.h.h.t.HelmChartContainer - [hivemq-test-hivemq-platform] [hivemq-platform-operator] [103895bb] 18:43:46.229 [ReconcilerExecutor-hivemq-controller-107] DEBUG c.h.p.o.HiveMQPlatformReconciler - [helmaddi] StatefulSet Spec (replicas: 1, init containers: 1, containers: 1, volumes: 7)
2025-01-29 18:43:46,236 INFO c.h.h.t.HelmChartContainer - [hivemq-test-hivemq-platform] [hivemq-platform-operator] [103895bb] 18:43:46.234 [ReconcilerExecutor-hivemq-controller-107] DEBUG c.h.p.o.h.HiveMQPlatformReconcilerErrorHandler - [helmaddi] Pod 'test-hivemq-platform-0' phase Pending
2025-01-29 18:43:46,236 INFO c.h.h.t.HelmChartContainer - [hivemq-test-hivemq-platform] [hivemq-platform-operator] [103895bb] 18:43:46.234 [ReconcilerExecutor-hivemq-controller-107] DEBUG c.h.p.o.h.HiveMQPlatformReconcilerErrorHandler - [helmaddi] Pod 'test-hivemq-platform-0' condition 'PodReadyToStartContainers': True
2025-01-29 18:43:46,237 INFO c.h.h.t.HelmChartContainer - [hivemq-test-hivemq-platform] [hivemq-platform-operator] [103895bb] 18:43:46.234 [ReconcilerExecutor-hivemq-controller-107] DEBUG c.h.p.o.h.HiveMQPlatformReconcilerErrorHandler - [helmaddi] Pod 'test-hivemq-platform-0' condition 'Initialized': True
2025-01-29 18:43:46,237 INFO c.h.h.t.HelmChartContainer - [hivemq-test-hivemq-platform] [hivemq-platform-operator] [103895bb] 18:43:46.234 [ReconcilerExecutor-hivemq-controller-107] DEBUG c.h.p.o.h.HiveMQPlatformReconcilerErrorHandler - [helmaddi] Pod 'test-hivemq-platform-0' condition 'Ready': False
2025-01-29 18:43:46,238 INFO c.h.h.t.HelmChartContainer - [hivemq-test-hivemq-platform] [hivemq-platform-operator] [103895bb] 18:43:46.234 [ReconcilerExecutor-hivemq-controller-107] DEBUG c.h.p.o.h.HiveMQPlatformReconcilerErrorHandler - [helmaddi] Pod 'test-hivemq-platform-0' condition 'ContainersReady': False
2025-01-29 18:43:46,239 INFO c.h.h.t.HelmChartContainer - [hivemq-test-hivemq-platform] [hivemq-platform-operator] [103895bb] 18:43:46.236 [ReconcilerExecutor-hivemq-controller-107] DEBUG c.h.p.o.h.HiveMQPlatformReconcilerErrorHandler - [helmaddi] Pod 'test-hivemq-platform-0' condition 'PodScheduled': True
2025-01-29 18:43:46,239 INFO c.h.h.t.HelmChartContainer - [hivemq-test-hivemq-platform] [hivemq-platform-operator] [103895bb] 18:43:46.236 [ReconcilerExecutor-hivemq-controller-107] DEBUG c.h.p.o.h.HiveMQPlatformReconcilerErrorHandler - [helmaddi] Pod 'test-hivemq-platform-0' containerStatus 'hivemq' (started: false) (ready: false) (waiting: [PodInitializing] null)
2025-01-29 18:43:46,240 INFO c.h.h.t.HelmChartContainer - [hivemq-test-hivemq-platform] [hivemq-platform-operator] [103895bb] 18:43:46.237 [ReconcilerExecutor-hivemq-controller-107] INFO  c.h.p.o.h.HiveMQPlatformReconcilerBaseHandler - [helmaddi] HiveMQ Platform is starting, 0 of 1 replicas are ready
2025-01-29 18:43:47,455 INFO c.h.h.t.HelmChartContainer - [EVENT] Normal [Created] Created container: hivemq [helmadditionalvolumesit:test-hivemq-platform-0]
2025-01-29 18:43:47,455 INFO c.h.h.t.HelmChartContainer - Received Created event for container hivemq in pod test-hivemq-platform-0 [a0781eee-4c29-4d37-8c2b-1930d218417c]
2025-01-29 18:43:48,169 INFO c.h.h.t.HelmChartContainer - [POD] test-hivemq-platform-0 [a0781eee-4c29-4d37-8c2b-1930d218417c] in helmadditionalvolumesit was MODIFIED
2025-01-29 18:43:48,183 INFO c.h.h.t.HelmChartContainer - [hivemq-test-hivemq-platform] [hivemq-platform-operator] [103895bb] 18:43:48.180 [pool-6-thread-14] DEBUG c.h.p.o.dependants.PodInfoConfigMap - [helmaddi] Desired PodInfo ConfigMap (1 extensions) (1 enabled)
2025-01-29 18:43:48,183 INFO c.h.h.t.HelmChartContainer - [hivemq-test-hivemq-platform] [hivemq-platform-operator] [103895bb] 18:43:48.180 [pool-6-thread-14] DEBUG c.h.p.o.dependants.PodInfoConfigMap - [helmaddi] Desired PodInfo ConfigMap (metrics port: 9399) (metrics path: /)
2025-01-29 18:43:48,183 INFO c.h.h.t.HelmChartContainer - [hivemq-test-hivemq-platform] [hivemq-platform-operator] [103895bb] 18:43:48.180 [pool-6-thread-14] DEBUG c.h.p.o.dependants.PodInfoConfigMap - [helmaddi] Desired PodInfo ConfigMap (extension state hash: -1817474005)
2025-01-29 18:43:48,183 INFO c.h.h.t.HelmChartContainer - [hivemq-test-hivemq-platform] [hivemq-platform-operator] [103895bb] 18:43:48.181 [pool-6-thread-11] DEBUG c.h.p.o.d.PodServiceAccountResource - [helmaddi] Desired PodServiceAccountResource (serviceAccountName: hivemq-platform-pod-test-hivemq-platform)
2025-01-29 18:43:48,185 INFO c.h.h.t.HelmChartContainer - [EVENT] Normal [Started] Started container hivemq [helmadditionalvolumesit:test-hivemq-platform-0]
2025-01-29 18:43:48,185 INFO c.h.h.t.HelmChartContainer - Received Started event for container hivemq in pod test-hivemq-platform-0 [a0781eee-4c29-4d37-8c2b-1930d218417c]
2025-01-29 18:43:48,185 INFO c.h.h.t.HelmChartContainer - Started log watcher for hivemq in pod test-hivemq-platform-0 [a0781eee-4c29-4d37-8c2b-1930d218417c]
2025-01-29 18:43:48,186 INFO c.h.h.t.HelmChartContainer - [hivemq-test-hivemq-platform] [hivemq-platform-operator] [103895bb] 18:43:48.184 [pool-6-thread-16] DEBUG c.h.p.o.d.PlatformServiceResource - [helmaddi] Desired Platform services (3 services)
2025-01-29 18:43:48,188 INFO c.h.h.t.HelmChartContainer - [test-hivemq-platform] [hivemq] [a0781eee] Adding pre-installed HiveMQ Platform Operator extensions
2025-01-29 18:43:48,188 INFO c.h.h.t.HelmChartContainer - [test-hivemq-platform] [hivemq] [a0781eee] Running as user 10000
2025-01-29 18:43:48,188 INFO c.h.h.t.HelmChartContainer - [test-hivemq-platform] [hivemq] [a0781eee] Starting HiveMQ Platform Operator Init
2025-01-29 18:43:48,190 INFO c.h.h.t.HelmChartContainer - [hivemq-test-hivemq-platform] [hivemq-platform-operator] [103895bb] 18:43:48.190 [pool-6-thread-16] DEBUG c.h.p.o.d.StatefulSetResource - [helmaddi] Desired StatefulSet (1 replicas) for status STARTING (READY)
2025-01-29 18:43:48,228 INFO c.h.h.t.HelmChartContainer - [hivemq-test-hivemq-platform] [hivemq-platform-operator] [103895bb] 18:43:48.226 [ReconcilerExecutor-hivemq-controller-108] INFO  c.h.p.o.HiveMQPlatformReconciler - [helmaddi] Reconciling HiveMQ Platform 'test-hivemq-platform' in namespace 'helmadditionalvolumesit'
2025-01-29 18:43:48,229 INFO c.h.h.t.HelmChartContainer - [hivemq-test-hivemq-platform] [hivemq-platform-operator] [103895bb] 18:43:48.226 [ReconcilerExecutor-hivemq-controller-108] DEBUG c.h.p.o.HiveMQPlatformReconciler - [helmaddi] Custom Resource Status STARTING - HiveMQ Platform is starting (READY)
2025-01-29 18:43:48,229 INFO c.h.h.t.HelmChartContainer - [hivemq-test-hivemq-platform] [hivemq-platform-operator] [103895bb] 18:43:48.226 [ReconcilerExecutor-hivemq-controller-108] DEBUG c.h.p.o.HiveMQPlatformReconciler - [helmaddi] Custom Resource Spec (replicas: 1) (extensions: 1)
2025-01-29 18:43:48,230 INFO c.h.h.t.HelmChartContainer - [hivemq-test-hivemq-platform] [hivemq-platform-operator] [103895bb] 18:43:48.229 [ReconcilerExecutor-hivemq-controller-108] DEBUG c.h.p.o.HiveMQPlatformReconciler - [helmaddi] StatefulSet Status (revision: test-hivemq-platform-5d4d897885, replicas: 1, available: 0, ready: 0, current: 1, updated: 1)
2025-01-29 18:43:48,232 INFO c.h.h.t.HelmChartContainer - [hivemq-test-hivemq-platform] [hivemq-platform-operator] [103895bb] 18:43:48.229 [ReconcilerExecutor-hivemq-controller-108] DEBUG c.h.p.o.HiveMQPlatformReconciler - [helmaddi] StatefulSet Spec (replicas: 1, init containers: 1, containers: 1, volumes: 7)
2025-01-29 18:43:48,235 INFO c.h.h.t.HelmChartContainer - [hivemq-test-hivemq-platform] [hivemq-platform-operator] [103895bb] 18:43:48.233 [ReconcilerExecutor-hivemq-controller-108] DEBUG c.h.p.o.h.HiveMQPlatformReconcilerErrorHandler - [helmaddi] Pod 'test-hivemq-platform-0' phase Running
2025-01-29 18:43:48,235 INFO c.h.h.t.HelmChartContainer - [hivemq-test-hivemq-platform] [hivemq-platform-operator] [103895bb] 18:43:48.234 [ReconcilerExecutor-hivemq-controller-108] INFO  c.h.p.o.h.HiveMQPlatformReconcilerBaseHandler - [helmaddi] HiveMQ Platform is starting, 0 of 1 replicas are ready
2025-01-29 18:43:48,739 INFO c.h.h.t.HelmChartContainer - [test-hivemq-platform] [hivemq] [a0781eee] INFO  - [HiveMQ Platform Operator Init 1.7.0-SNAPSHOT] HiveMQ Platform Operator Init 1.7.0-SNAPSHOT (commit: b1b9591 on branch: HEAD) built on Wed Jan 29 18:32:18 UTC 2025
2025-01-29 18:43:49,927 INFO c.h.h.t.HelmChartContainer - [test-hivemq-platform] [hivemq] [a0781eee] INFO  - [HiveMQ Platform Operator Init App 1.7.0-SNAPSHOT] Using bind address 10.42.0.11 from environment variable
2025-01-29 18:43:50,844 INFO c.h.h.t.HelmChartContainer - [test-hivemq-platform] [hivemq] [a0781eee] INFO  - [HiveMQ Platform Operator Init App 1.7.0-SNAPSHOT] HiveMQ Platform Operator Init App 1.7.0-SNAPSHOT (commit: b1b9591 on branch: HEAD) built on Wed Jan 29 18:32:18 UTC 2025
2025-01-29 18:43:50,844 INFO c.h.h.t.HelmChartContainer - [test-hivemq-platform] [hivemq] [a0781eee] INFO  - [HiveMQ Platform Operator Init App 1.7.0-SNAPSHOT] PodInfo ConfigMap directory: /etc/podinfo
2025-01-29 18:43:50,846 INFO c.h.h.t.HelmChartContainer - [test-hivemq-platform] [hivemq] [a0781eee] INFO  - [HiveMQ Platform Operator Init App 1.7.0-SNAPSHOT] HiveMQ home directory: /opt/hivemq
2025-01-29 18:43:50,846 INFO c.h.h.t.HelmChartContainer - [test-hivemq-platform] [hivemq] [a0781eee] INFO  - [HiveMQ Platform Operator Init App 1.7.0-SNAPSHOT] HiveMQ Logback folder: /opt/hivemq/conf
2025-01-29 18:43:50,846 INFO c.h.h.t.HelmChartContainer - [test-hivemq-platform] [hivemq] [a0781eee] INFO  - [HiveMQ Platform Operator Init App 1.7.0-SNAPSHOT] HiveMQ Config folder: /opt/hivemq/conf-k8s
2025-01-29 18:43:50,846 INFO c.h.h.t.HelmChartContainer - [test-hivemq-platform] [hivemq] [a0781eee] INFO  - [HiveMQ Platform Operator Init App 1.7.0-SNAPSHOT] Starting HiveMQ Platform Operator Init App
2025-01-29 18:43:50,846 INFO c.h.h.t.HelmChartContainer - [test-hivemq-platform] [hivemq] [a0781eee] INFO  - [HiveMQ Platform Operator Init App 1.7.0-SNAPSHOT] Starting Pod reconciler
2025-01-29 18:43:52,130 INFO c.h.h.t.HelmChartContainer - [test-hivemq-platform] [hivemq] [a0781eee] INFO  - [HiveMQ Platform Operator Init App 1.7.0-SNAPSHOT] Pod reconciler is scheduled (interval: 5000 ms)
2025-01-29 18:43:52,131 INFO c.h.h.t.HelmChartContainer - [test-hivemq-platform] [hivemq] [a0781eee] INFO  - [HiveMQ Platform Operator Init App 1.7.0-SNAPSHOT] Starting the REST API on 10.42.0.11:7979
2025-01-29 18:43:52,133 INFO c.h.h.t.HelmChartContainer - [test-hivemq-platform] [hivemq] [a0781eee] INFO  - [HiveMQ Platform Operator Init App 1.7.0-SNAPSHOT] Waiting up to 600s for at most 1 HiveMQ nodes in cluster service hivemq-test-hivemq-platform-cluster.helmadditionalvolumesit.svc
2025-01-29 18:43:52,525 INFO c.h.h.t.HelmChartContainer - [test-hivemq-platform] [hivemq] [a0781eee] INFO  - [HiveMQ Platform Operator Init App 1.7.0-SNAPSHOT] Resolved 1 IP addresses: [10.42.0.11]
2025-01-29 18:43:52,525 INFO c.h.h.t.HelmChartContainer - [test-hivemq-platform] [hivemq] [a0781eee] INFO  - [HiveMQ Platform Operator Init App 1.7.0-SNAPSHOT] HiveMQ node count of 1 is within threshold of 1
2025-01-29 18:43:52,525 INFO c.h.h.t.HelmChartContainer - [test-hivemq-platform] [hivemq] [a0781eee] INFO  - [HiveMQ Platform Operator Init App 1.7.0-SNAPSHOT] Proceeding with container start
2025-01-29 18:43:52,553 INFO c.h.h.t.HelmChartContainer - [test-hivemq-platform] [hivemq] [a0781eee] INFO  - [HiveMQ Platform Operator Init App 1.7.0-SNAPSHOT] Initializing HiveMQ Platform extensions with initial configuration: {hivemq-allow-all-extension={start-priority=-1, skip-https-hostname-verification=false, restart=true, config-version=0, header-version=0, c-uri=, priority=-1, uri=preinstalled, skip-https-certificate-validation=false, enabled=true}, hivemq-prometheus-extension={uri=preinstalled, request-header-path=no-request-headers, enabled=true, restart=true, priority=-1, start-priority=-1, c-uri=, skip-https-hostname-verification=false, skip-https-certificate-validation=false}}
2025-01-29 18:43:52,946 INFO c.h.h.t.HelmChartContainer - [test-hivemq-platform] [hivemq] [a0781eee] INFO  - [HiveMQ Platform Operator Init App 1.7.0-SNAPSHOT] Extension hivemq-allow-all-extension was already enabled
2025-01-29 18:43:53,039 INFO c.h.h.t.HelmChartContainer - [test-hivemq-platform] [hivemq] [a0781eee] INFO  - [HiveMQ Platform Operator Init App 1.7.0-SNAPSHOT] Successfully enabled extension hivemq-prometheus-extension
2025-01-29 18:43:53,041 INFO c.h.h.t.HelmChartContainer - [test-hivemq-platform] [hivemq] [a0781eee] INFO  - [HiveMQ Platform Operator Init App 1.7.0-SNAPSHOT] Starting HiveMQ Platform version 4.36.0 (4.36.0)
2025-01-29 18:43:53,042 INFO c.h.h.t.HelmChartContainer - [test-hivemq-platform] [hivemq] [a0781eee] INFO  - [HiveMQ Platform Operator Init App 1.7.0-SNAPSHOT] Configuring the HiveMQ Platform
2025-01-29 18:43:53,128 INFO c.h.h.t.HelmChartContainer - [test-hivemq-platform] [hivemq] [a0781eee] INFO  - [HiveMQ Platform Operator Init App 1.7.0-SNAPSHOT] Changed logback.xml file scan period to 20 seconds
2025-01-29 18:43:53,146 INFO c.h.h.t.HelmChartContainer - [test-hivemq-platform] [hivemq] [a0781eee] INFO  - [HiveMQ Platform Operator Init App 1.7.0-SNAPSHOT] Starting the HiveMQ Platform
2025-01-29 18:43:53,149 INFO c.h.h.t.HelmChartContainer - [test-hivemq-platform] [hivemq] [a0781eee] -------------------------------------------------------------------------
2025-01-29 18:43:53,149 INFO c.h.h.t.HelmChartContainer - [test-hivemq-platform] [hivemq] [a0781eee] 
2025-01-29 18:43:53,149 INFO c.h.h.t.HelmChartContainer - [test-hivemq-platform] [hivemq] [a0781eee]                   _    _  _              __  __   ____
2025-01-29 18:43:53,149 INFO c.h.h.t.HelmChartContainer - [test-hivemq-platform] [hivemq] [a0781eee]                  | |  | |(_)            |  \/  | / __ \
2025-01-29 18:43:53,149 INFO c.h.h.t.HelmChartContainer - [test-hivemq-platform] [hivemq] [a0781eee]                  | |__| | _ __   __ ___ | \  / || |  | |
2025-01-29 18:43:53,149 INFO c.h.h.t.HelmChartContainer - [test-hivemq-platform] [hivemq] [a0781eee]                  |  __  || |\ \ / // _ \| |\/| || |  | |
2025-01-29 18:43:53,149 INFO c.h.h.t.HelmChartContainer - [test-hivemq-platform] [hivemq] [a0781eee]                  | |  | || | \ V /|  __/| |  | || |__| |
2025-01-29 18:43:53,149 INFO c.h.h.t.HelmChartContainer - [test-hivemq-platform] [hivemq] [a0781eee]                  |_|  |_||_|  \_/  \___||_|  |_| \___\_\
2025-01-29 18:43:53,149 INFO c.h.h.t.HelmChartContainer - [test-hivemq-platform] [hivemq] [a0781eee] 
2025-01-29 18:43:53,149 INFO c.h.h.t.HelmChartContainer - [test-hivemq-platform] [hivemq] [a0781eee] -------------------------------------------------------------------------
2025-01-29 18:43:53,149 INFO c.h.h.t.HelmChartContainer - [test-hivemq-platform] [hivemq] [a0781eee] 
2025-01-29 18:43:53,149 INFO c.h.h.t.HelmChartContainer - [test-hivemq-platform] [hivemq] [a0781eee]   HiveMQ Start Script for Linux/Unix v1.14
2025-01-29 18:43:53,149 INFO c.h.h.t.HelmChartContainer - [test-hivemq-platform] [hivemq] [a0781eee] 
2025-01-29 18:43:53,251 INFO c.h.h.t.HelmChartContainer - [test-hivemq-platform] [hivemq] [a0781eee] -------------------------------------------------------------------------
2025-01-29 18:43:53,251 INFO c.h.h.t.HelmChartContainer - [test-hivemq-platform] [hivemq] [a0781eee] 
2025-01-29 18:43:53,251 INFO c.h.h.t.HelmChartContainer - [test-hivemq-platform] [hivemq] [a0781eee]   HIVEMQ_HOME: /opt/hivemq
2025-01-29 18:43:53,251 INFO c.h.h.t.HelmChartContainer - [test-hivemq-platform] [hivemq] [a0781eee] 
2025-01-29 18:43:53,251 INFO c.h.h.t.HelmChartContainer - [test-hivemq-platform] [hivemq] [a0781eee]   JAVA_OPTS: -XX:+UnlockExperimentalVMOptions -XX:InitialRAMPercentage=50 -XX:MaxRAMPercentage=50 -Djava.net.preferIPv4Stack=true --add-opens java.base/java.lang=ALL-UNNAMED --add-opens java.base/java.nio=ALL-UNNAMED --add-opens java.base/sun.nio.ch=ALL-UNNAMED --add-opens jdk.management/com.sun.management.internal=ALL-UNNAMED --add-exports java.base/jdk.internal.misc=ALL-UNNAMED -Djava.security.egd=file:/dev/./urandom -Dcom.sun.management.jmxremote -Dcom.sun.management.jmxremote.port=9010 -Dcom.sun.management.jmxremote.local.only=false -Dcom.sun.management.jmxremote.authenticate=false -Dcom.sun.management.jmxremote.ssl=false -Duser.language=en -Duser.region=US -XX:+CrashOnOutOfMemoryError -XX:+HeapDumpOnOutOfMemoryError
2025-01-29 18:43:53,251 INFO c.h.h.t.HelmChartContainer - [test-hivemq-platform] [hivemq] [a0781eee] 
2025-01-29 18:43:53,251 INFO c.h.h.t.HelmChartContainer - [test-hivemq-platform] [hivemq] [a0781eee]   JAVA_VERSION: 21
2025-01-29 18:43:53,251 INFO c.h.h.t.HelmChartContainer - [test-hivemq-platform] [hivemq] [a0781eee] 
2025-01-29 18:43:53,251 INFO c.h.h.t.HelmChartContainer - [test-hivemq-platform] [hivemq] [a0781eee] -------------------------------------------------------------------------
2025-01-29 18:43:53,251 INFO c.h.h.t.HelmChartContainer - [test-hivemq-platform] [hivemq] [a0781eee] 
2025-01-29 18:43:54,241 INFO c.h.h.t.HelmChartContainer - [test-hivemq-platform] [hivemq] [a0781eee] INFO  - [HiveMQ Platform Operator Init App 1.7.0-SNAPSHOT] Returning default Health API response 503 for readiness
2025-01-29 18:43:54,643 INFO c.h.h.t.HelmChartContainer - [EVENT] Warning [Unhealthy] Readiness probe failed: HTTP probe failed with statuscode: 503 [helmadditionalvolumesit:test-hivemq-platform-0]
2025-01-29 18:43:54,643 INFO c.h.h.t.HelmChartContainer - Received Unhealthy event for container hivemq in pod test-hivemq-platform-0 [a0781eee-4c29-4d37-8c2b-1930d218417c]
2025-01-29 18:43:55,935 INFO c.h.h.t.HelmChartContainer - [test-hivemq-platform] [hivemq] [a0781eee] INFO  - Starting HiveMQ Enterprise Server
2025-01-29 18:43:55,940 INFO c.h.h.t.HelmChartContainer - [test-hivemq-platform] [hivemq] [a0781eee] INFO  - HiveMQ version: 4.36.0
2025-01-29 18:43:55,941 INFO c.h.h.t.HelmChartContainer - [test-hivemq-platform] [hivemq] [a0781eee] INFO  - HiveMQ home directory: /opt/hivemq
2025-01-29 18:43:55,941 INFO c.h.h.t.HelmChartContainer - [test-hivemq-platform] [hivemq] [a0781eee] INFO  - Log Configuration was overridden by /opt/hivemq/conf/logback.xml
2025-01-29 18:43:57,342 INFO c.h.h.t.HelmChartContainer - [test-hivemq-platform] [hivemq] [a0781eee] INFO  - Successfully loaded configuration from '/opt/hivemq/conf-k8s/config.xml'.
2025-01-29 18:43:57,529 INFO c.h.h.t.HelmChartContainer - [K3S] [scope.go:117] "RemoveContainer" containerID="fe48baf0b18e51173789d1146be73ff6c90dfeb49ff04045dd2fef48ed247984"
2025-01-29 18:43:58,137 INFO c.h.h.t.HelmChartContainer - [test-hivemq-platform] [hivemq] [a0781eee] INFO  - This node's ID is 4ukZT
2025-01-29 18:43:58,137 INFO c.h.h.t.HelmChartContainer - [test-hivemq-platform] [hivemq] [a0781eee] INFO  - Clustering is enabled
2025-01-29 18:43:58,249 INFO c.h.h.t.HelmChartContainer - [hivemq-test-hivemq-platform] [hivemq-platform-operator] [103895bb] 18:43:58.246 [pool-6-thread-25] DEBUG c.h.p.o.d.PlatformServiceResource - [helmaddi] Desired Platform services (3 services)
2025-01-29 18:43:58,250 INFO c.h.h.t.HelmChartContainer - [hivemq-test-hivemq-platform] [hivemq-platform-operator] [103895bb] 18:43:58.247 [pool-6-thread-26] DEBUG c.h.p.o.dependants.PodInfoConfigMap - [helmaddi] Desired PodInfo ConfigMap (1 extensions) (1 enabled)
2025-01-29 18:43:58,250 INFO c.h.h.t.HelmChartContainer - [hivemq-test-hivemq-platform] [hivemq-platform-operator] [103895bb] 18:43:58.247 [pool-6-thread-26] DEBUG c.h.p.o.dependants.PodInfoConfigMap - [helmaddi] Desired PodInfo ConfigMap (metrics port: 9399) (metrics path: /)
2025-01-29 18:43:58,250 INFO c.h.h.t.HelmChartContainer - [hivemq-test-hivemq-platform] [hivemq-platform-operator] [103895bb] 18:43:58.247 [pool-6-thread-26] DEBUG c.h.p.o.dependants.PodInfoConfigMap - [helmaddi] Desired PodInfo ConfigMap (extension state hash: -1817474005)
2025-01-29 18:43:58,250 INFO c.h.h.t.HelmChartContainer - [hivemq-test-hivemq-platform] [hivemq-platform-operator] [103895bb] 18:43:58.248 [pool-6-thread-22] DEBUG c.h.p.o.d.PodServiceAccountResource - [helmaddi] Desired PodServiceAccountResource (serviceAccountName: hivemq-platform-pod-test-hivemq-platform)
2025-01-29 18:43:58,253 INFO c.h.h.t.HelmChartContainer - [hivemq-test-hivemq-platform] [hivemq-platform-operator] [103895bb] 18:43:58.253 [pool-6-thread-26] DEBUG c.h.p.o.d.StatefulSetResource - [helmaddi] Desired StatefulSet (1 replicas) for status STARTING (READY)
2025-01-29 18:43:58,327 INFO c.h.h.t.HelmChartContainer - [hivemq-test-hivemq-platform] [hivemq-platform-operator] [103895bb] 18:43:58.325 [ReconcilerExecutor-hivemq-controller-109] INFO  c.h.p.o.HiveMQPlatformReconciler - [helmaddi] Reconciling HiveMQ Platform 'test-hivemq-platform' in namespace 'helmadditionalvolumesit'
2025-01-29 18:43:58,327 INFO c.h.h.t.HelmChartContainer - [hivemq-test-hivemq-platform] [hivemq-platform-operator] [103895bb] 18:43:58.325 [ReconcilerExecutor-hivemq-controller-109] DEBUG c.h.p.o.HiveMQPlatformReconciler - [helmaddi] Custom Resource Status STARTING - HiveMQ Platform is starting (READY)
2025-01-29 18:43:58,328 INFO c.h.h.t.HelmChartContainer - [hivemq-test-hivemq-platform] [hivemq-platform-operator] [103895bb] 18:43:58.326 [ReconcilerExecutor-hivemq-controller-109] DEBUG c.h.p.o.HiveMQPlatformReconciler - [helmaddi] Custom Resource Spec (replicas: 1) (extensions: 1)
2025-01-29 18:43:58,330 INFO c.h.h.t.HelmChartContainer - [hivemq-test-hivemq-platform] [hivemq-platform-operator] [103895bb] 18:43:58.328 [ReconcilerExecutor-hivemq-controller-109] DEBUG c.h.p.o.HiveMQPlatformReconciler - [helmaddi] StatefulSet Status (revision: test-hivemq-platform-5d4d897885, replicas: 1, available: 0, ready: 0, current: 1, updated: 1)
2025-01-29 18:43:58,330 INFO c.h.h.t.HelmChartContainer - [hivemq-test-hivemq-platform] [hivemq-platform-operator] [103895bb] 18:43:58.328 [ReconcilerExecutor-hivemq-controller-109] DEBUG c.h.p.o.HiveMQPlatformReconciler - [helmaddi] StatefulSet Spec (replicas: 1, init containers: 1, containers: 1, volumes: 7)
2025-01-29 18:43:58,331 INFO c.h.h.t.HelmChartContainer - [hivemq-test-hivemq-platform] [hivemq-platform-operator] [103895bb] 18:43:58.330 [ReconcilerExecutor-hivemq-controller-109] DEBUG c.h.p.o.h.HiveMQPlatformReconcilerErrorHandler - [helmaddi] Pod 'test-hivemq-platform-0' phase Running
2025-01-29 18:43:58,332 INFO c.h.h.t.HelmChartContainer - [hivemq-test-hivemq-platform] [hivemq-platform-operator] [103895bb] 18:43:58.331 [ReconcilerExecutor-hivemq-controller-109] INFO  c.h.p.o.h.HiveMQPlatformReconcilerBaseHandler - [helmaddi] HiveMQ Platform is starting, 0 of 1 replicas are ready
2025-01-29 18:43:59,637 INFO c.h.h.t.HelmChartContainer - [test-hivemq-platform] [hivemq] [a0781eee] WARN  - [HiveMQ Platform Operator Init App 1.7.0-SNAPSHOT] Cannot connect to Health API for readiness: null
2025-01-29 18:43:59,641 INFO c.h.h.t.HelmChartContainer - [EVENT] Warning [Unhealthy] Readiness probe failed: HTTP probe failed with statuscode: 503 [helmadditionalvolumesit:test-hivemq-platform-0]
2025-01-29 18:43:59,641 INFO c.h.h.t.HelmChartContainer - Received Unhealthy event for container hivemq in pod test-hivemq-platform-0 [a0781eee-4c29-4d37-8c2b-1930d218417c]
2025-01-29 18:44:02,342 INFO c.h.h.t.HelmChartContainer - [test-hivemq-platform] [hivemq] [a0781eee] Jan 29, 2025 6:44:02 PM io.vertx.core.impl.BlockedThreadChecker
2025-01-29 18:44:02,343 INFO c.h.h.t.HelmChartContainer - [test-hivemq-platform] [hivemq] [a0781eee] WARNING: Thread Thread[vert.x-eventloop-thread-1,5,main] has been blocked for 2098 ms, time limit is 2000 ms
2025-01-29 18:44:03,339 INFO c.h.h.t.HelmChartContainer - [test-hivemq-platform] [hivemq] [a0781eee] INFO  - [HiveMQ Platform Operator Init App 1.7.0-SNAPSHOT] Updating Pod HiveMQ Platform Operator Init App version annotation (version: 1.7.0-SNAPSHOT)
2025-01-29 18:44:04,137 INFO c.h.h.t.HelmChartContainer - [POD] test-hivemq-platform-0 [a0781eee-4c29-4d37-8c2b-1930d218417c] in helmadditionalvolumesit was MODIFIED
2025-01-29 18:44:04,146 INFO c.h.h.t.HelmChartContainer - [hivemq-test-hivemq-platform] [hivemq-platform-operator] [103895bb] 18:44:04.145 [pool-6-thread-31] DEBUG c.h.p.o.d.PlatformServiceResource - [helmaddi] Desired Platform services (3 services)
2025-01-29 18:44:04,156 INFO c.h.h.t.HelmChartContainer - [test-hivemq-platform] [hivemq] [a0781eee] WARN  - [HiveMQ Platform Operator Init App 1.7.0-SNAPSHOT] Cannot connect to Health API for readiness: null
2025-01-29 18:44:04,225 INFO c.h.h.t.HelmChartContainer - [hivemq-test-hivemq-platform] [hivemq-platform-operator] [103895bb] 18:44:04.147 [pool-6-thread-34] DEBUG c.h.p.o.dependants.PodInfoConfigMap - [helmaddi] Desired PodInfo ConfigMap (1 extensions) (1 enabled)
2025-01-29 18:44:04,226 INFO c.h.h.t.HelmChartContainer - [hivemq-test-hivemq-platform] [hivemq-platform-operator] [103895bb] 18:44:04.154 [pool-6-thread-34] DEBUG c.h.p.o.dependants.PodInfoConfigMap - [helmaddi] Desired PodInfo ConfigMap (metrics port: 9399) (metrics path: /)
2025-01-29 18:44:04,226 INFO c.h.h.t.HelmChartContainer - [hivemq-test-hivemq-platform] [hivemq-platform-operator] [103895bb] 18:44:04.154 [pool-6-thread-34] DEBUG c.h.p.o.dependants.PodInfoConfigMap - [helmaddi] Desired PodInfo ConfigMap (extension state hash: -1817474005)
2025-01-29 18:44:04,226 INFO c.h.h.t.HelmChartContainer - [hivemq-test-hivemq-platform] [hivemq-platform-operator] [103895bb] 18:44:04.149 [pool-6-thread-32] DEBUG c.h.p.o.d.PodServiceAccountResource - [helmaddi] Desired PodServiceAccountResource (serviceAccountName: hivemq-platform-pod-test-hivemq-platform)
2025-01-29 18:44:04,226 INFO c.h.h.t.HelmChartContainer - [hivemq-test-hivemq-platform] [hivemq-platform-operator] [103895bb] 18:44:04.158 [pool-6-thread-31] DEBUG c.h.p.o.d.StatefulSetResource - [helmaddi] Desired StatefulSet (1 replicas) for status STARTING (READY)
2025-01-29 18:44:04,227 INFO c.h.h.t.HelmChartContainer - [EVENT] Warning [Unhealthy] Readiness probe failed: HTTP probe failed with statuscode: 503 [helmadditionalvolumesit:test-hivemq-platform-0]
2025-01-29 18:44:04,227 INFO c.h.h.t.HelmChartContainer - Received Unhealthy event for container hivemq in pod test-hivemq-platform-0 [a0781eee-4c29-4d37-8c2b-1930d218417c]
2025-01-29 18:44:04,231 INFO c.h.h.t.HelmChartContainer - [hivemq-test-hivemq-platform] [hivemq-platform-operator] [103895bb] 18:44:04.230 [ReconcilerExecutor-hivemq-controller-110] INFO  c.h.p.o.HiveMQPlatformReconciler - [helmaddi] Reconciling HiveMQ Platform 'test-hivemq-platform' in namespace 'helmadditionalvolumesit'
2025-01-29 18:44:04,231 INFO c.h.h.t.HelmChartContainer - [hivemq-test-hivemq-platform] [hivemq-platform-operator] [103895bb] 18:44:04.230 [ReconcilerExecutor-hivemq-controller-110] DEBUG c.h.p.o.HiveMQPlatformReconciler - [helmaddi] Custom Resource Status STARTING - HiveMQ Platform is starting (READY)
2025-01-29 18:44:04,231 INFO c.h.h.t.HelmChartContainer - [hivemq-test-hivemq-platform] [hivemq-platform-operator] [103895bb] 18:44:04.230 [ReconcilerExecutor-hivemq-controller-110] DEBUG c.h.p.o.HiveMQPlatformReconciler - [helmaddi] Custom Resource Spec (replicas: 1) (extensions: 1)
2025-01-29 18:44:04,237 INFO c.h.h.t.HelmChartContainer - [hivemq-test-hivemq-platform] [hivemq-platform-operator] [103895bb] 18:44:04.233 [ReconcilerExecutor-hivemq-controller-110] DEBUG c.h.p.o.HiveMQPlatformReconciler - [helmaddi] StatefulSet Status (revision: test-hivemq-platform-5d4d897885, replicas: 1, available: 0, ready: 0, current: 1, updated: 1)
2025-01-29 18:44:04,237 INFO c.h.h.t.HelmChartContainer - [hivemq-test-hivemq-platform] [hivemq-platform-operator] [103895bb] 18:44:04.233 [ReconcilerExecutor-hivemq-controller-110] DEBUG c.h.p.o.HiveMQPlatformReconciler - [helmaddi] StatefulSet Spec (replicas: 1, init containers: 1, containers: 1, volumes: 7)
2025-01-29 18:44:04,237 INFO c.h.h.t.HelmChartContainer - [hivemq-test-hivemq-platform] [hivemq-platform-operator] [103895bb] 18:44:04.235 [ReconcilerExecutor-hivemq-controller-110] DEBUG c.h.p.o.h.HiveMQPlatformReconcilerErrorHandler - [helmaddi] Pod 'test-hivemq-platform-0' phase Running
2025-01-29 18:44:04,237 INFO c.h.h.t.HelmChartContainer - [test-hivemq-platform] [hivemq] [a0781eee] INFO  - [HiveMQ Platform Operator Init App 1.7.0-SNAPSHOT] Successfully updated Pod HiveMQ Platform Operator Init App version annotation (version: 1.7.0-SNAPSHOT)
2025-01-29 18:44:04,237 INFO c.h.h.t.HelmChartContainer - [hivemq-test-hivemq-platform] [hivemq-platform-operator] [103895bb] 18:44:04.235 [ReconcilerExecutor-hivemq-controller-110] INFO  c.h.p.o.h.HiveMQPlatformReconcilerBaseHandler - [helmaddi] HiveMQ Platform is starting, 0 of 1 replicas are ready
2025-01-29 18:44:05,161 INFO c.h.h.t.HelmChartContainer - [K3S] [range_allocator.go:247] "Successfully synced" key="481ff9a8fcec"
2025-01-29 18:44:09,143 INFO c.h.h.t.HelmChartContainer - [test-hivemq-platform] [hivemq] [a0781eee] WARN  - [HiveMQ Platform Operator Init App 1.7.0-SNAPSHOT] Cannot connect to Health API for readiness: null
2025-01-29 18:44:09,147 INFO c.h.h.t.HelmChartContainer - [EVENT] Warning [Unhealthy] Readiness probe failed: HTTP probe failed with statuscode: 503 [helmadditionalvolumesit:test-hivemq-platform-0]
2025-01-29 18:44:09,147 INFO c.h.h.t.HelmChartContainer - Received Unhealthy event for container hivemq in pod test-hivemq-platform-0 [a0781eee-4c29-4d37-8c2b-1930d218417c]
2025-01-29 18:44:14,143 INFO c.h.h.t.HelmChartContainer - [test-hivemq-platform] [hivemq] [a0781eee] WARN  - [HiveMQ Platform Operator Init App 1.7.0-SNAPSHOT] Cannot connect to Health API for readiness: null
2025-01-29 18:44:14,148 INFO c.h.h.t.HelmChartContainer - [EVENT] Warning [Unhealthy] Readiness probe failed: HTTP probe failed with statuscode: 503 [helmadditionalvolumesit:test-hivemq-platform-0]
2025-01-29 18:44:14,148 INFO c.h.h.t.HelmChartContainer - Received Unhealthy event for container hivemq in pod test-hivemq-platform-0 [a0781eee-4c29-4d37-8c2b-1930d218417c]
2025-01-29 18:44:14,249 INFO c.h.h.t.HelmChartContainer - [hivemq-test-hivemq-platform] [hivemq-platform-operator] [103895bb] 18:44:14.243 [pool-6-thread-47] DEBUG c.h.p.o.d.PlatformServiceResource - [helmaddi] Desired Platform services (3 services)
2025-01-29 18:44:14,249 INFO c.h.h.t.HelmChartContainer - [hivemq-test-hivemq-platform] [hivemq-platform-operator] [103895bb] 18:44:14.244 [pool-6-thread-43] DEBUG c.h.p.o.dependants.PodInfoConfigMap - [helmaddi] Desired PodInfo ConfigMap (1 extensions) (1 enabled)
2025-01-29 18:44:14,249 INFO c.h.h.t.HelmChartContainer - [hivemq-test-hivemq-platform] [hivemq-platform-operator] [103895bb] 18:44:14.244 [pool-6-thread-43] DEBUG c.h.p.o.dependants.PodInfoConfigMap - [helmaddi] Desired PodInfo ConfigMap (metrics port: 9399) (metrics path: /)
2025-01-29 18:44:14,249 INFO c.h.h.t.HelmChartContainer - [hivemq-test-hivemq-platform] [hivemq-platform-operator] [103895bb] 18:44:14.244 [pool-6-thread-43] DEBUG c.h.p.o.dependants.PodInfoConfigMap - [helmaddi] Desired PodInfo ConfigMap (extension state hash: -1817474005)
2025-01-29 18:44:14,249 INFO c.h.h.t.HelmChartContainer - [hivemq-test-hivemq-platform] [hivemq-platform-operator] [103895bb] 18:44:14.246 [pool-6-thread-43] DEBUG c.h.p.o.d.PodServiceAccountResource - [helmaddi] Desired PodServiceAccountResource (serviceAccountName: hivemq-platform-pod-test-hivemq-platform)
2025-01-29 18:44:14,254 INFO c.h.h.t.HelmChartContainer - [hivemq-test-hivemq-platform] [hivemq-platform-operator] [103895bb] 18:44:14.253 [pool-6-thread-47] DEBUG c.h.p.o.d.StatefulSetResource - [helmaddi] Desired StatefulSet (1 replicas) for status STARTING (READY)
2025-01-29 18:44:14,258 INFO c.h.h.t.HelmChartContainer - [hivemq-test-hivemq-platform] [hivemq-platform-operator] [103895bb] 18:44:14.256 [ReconcilerExecutor-hivemq-controller-111] INFO  c.h.p.o.HiveMQPlatformReconciler - [helmaddi] Reconciling HiveMQ Platform 'test-hivemq-platform' in namespace 'helmadditionalvolumesit'
2025-01-29 18:44:14,259 INFO c.h.h.t.HelmChartContainer - [hivemq-test-hivemq-platform] [hivemq-platform-operator] [103895bb] 18:44:14.257 [ReconcilerExecutor-hivemq-controller-111] DEBUG c.h.p.o.HiveMQPlatformReconciler - [helmaddi] Custom Resource Status STARTING - HiveMQ Platform is starting (READY)
2025-01-29 18:44:14,260 INFO c.h.h.t.HelmChartContainer - [hivemq-test-hivemq-platform] [hivemq-platform-operator] [103895bb] 18:44:14.257 [ReconcilerExecutor-hivemq-controller-111] DEBUG c.h.p.o.HiveMQPlatformReconciler - [helmaddi] Custom Resource Spec (replicas: 1) (extensions: 1)
2025-01-29 18:44:14,263 INFO c.h.h.t.HelmChartContainer - [hivemq-test-hivemq-platform] [hivemq-platform-operator] [103895bb] 18:44:14.262 [ReconcilerExecutor-hivemq-controller-111] DEBUG c.h.p.o.HiveMQPlatformReconciler - [helmaddi] StatefulSet Status (revision: test-hivemq-platform-5d4d897885, replicas: 1, available: 0, ready: 0, current: 1, updated: 1)
2025-01-29 18:44:14,263 INFO c.h.h.t.HelmChartContainer - [hivemq-test-hivemq-platform] [hivemq-platform-operator] [103895bb] 18:44:14.262 [ReconcilerExecutor-hivemq-controller-111] DEBUG c.h.p.o.HiveMQPlatformReconciler - [helmaddi] StatefulSet Spec (replicas: 1, init containers: 1, containers: 1, volumes: 7)
2025-01-29 18:44:14,264 INFO c.h.h.t.HelmChartContainer - [hivemq-test-hivemq-platform] [hivemq-platform-operator] [103895bb] 18:44:14.263 [ReconcilerExecutor-hivemq-controller-111] DEBUG c.h.p.o.h.HiveMQPlatformReconcilerErrorHandler - [helmaddi] Pod 'test-hivemq-platform-0' phase Running
2025-01-29 18:44:14,265 INFO c.h.h.t.HelmChartContainer - [hivemq-test-hivemq-platform] [hivemq-platform-operator] [103895bb] 18:44:14.264 [ReconcilerExecutor-hivemq-controller-111] INFO  c.h.p.o.h.HiveMQPlatformReconcilerBaseHandler - [helmaddi] HiveMQ Platform is starting, 0 of 1 replicas are ready
2025-01-29 18:44:15,339 INFO c.h.h.t.HelmChartContainer - [test-hivemq-platform] [hivemq] [a0781eee] INFO  - No valid license file found. Using trial license, restricted to 25 connections.
2025-01-29 18:44:15,736 INFO c.h.h.t.HelmChartContainer - [test-hivemq-platform] [hivemq] [a0781eee] WARN  - [HiveMQ Platform Operator Init App 1.7.0-SNAPSHOT] Cannot connect to Health API for liveness: null
2025-01-29 18:44:15,737 INFO c.h.h.t.HelmChartContainer - [test-hivemq-platform] [hivemq] [a0781eee] INFO  - [HiveMQ Platform Operator Init App 1.7.0-SNAPSHOT] Returning default Health API response 200 for liveness
2025-01-29 18:44:19,141 INFO c.h.h.t.HelmChartContainer - [test-hivemq-platform] [hivemq] [a0781eee] WARN  - [HiveMQ Platform Operator Init App 1.7.0-SNAPSHOT] Cannot connect to Health API for readiness: null
2025-01-29 18:44:19,146 INFO c.h.h.t.HelmChartContainer - [EVENT] Warning [Unhealthy] Readiness probe failed: HTTP probe failed with statuscode: 503 [helmadditionalvolumesit:test-hivemq-platform-0]
2025-01-29 18:44:19,146 INFO c.h.h.t.HelmChartContainer - Received Unhealthy event for container hivemq in pod test-hivemq-platform-0 [a0781eee-4c29-4d37-8c2b-1930d218417c]
2025-01-29 18:44:19,334 INFO c.h.h.t.HelmChartContainer - [test-hivemq-platform] [hivemq] [a0781eee] INFO  - No valid license file for Data Hub found. Using free license, restricted to 1 policy.
2025-01-29 18:44:20,541 INFO c.h.h.t.HelmChartContainer - [test-hivemq-platform] [hivemq] [a0781eee] INFO  - Audit Logger started.
2025-01-29 18:44:20,774 INFO c.h.h.t.HelmChartContainer - [test-hivemq-platform] [hivemq] [a0781eee] INFO  - This node uses '1' CPU cores.
2025-01-29 18:44:20,827 INFO c.h.h.t.HelmChartContainer - [test-hivemq-platform] [hivemq] [a0781eee] INFO  - Starting HiveMQ Health API on address 0.0.0.0 and port 8889
2025-01-29 18:44:21,727 INFO c.h.h.t.HelmChartContainer - [test-hivemq-platform] [hivemq] [a0781eee] INFO  - Started HiveMQ Health API in 900ms
2025-01-29 18:44:22,348 INFO c.h.h.t.HelmChartContainer - [test-hivemq-platform] [hivemq] [a0781eee] INFO  - Starting HiveMQ extension system.
2025-01-29 18:44:22,643 INFO c.h.h.t.HelmChartContainer - [test-hivemq-platform] [hivemq] [a0781eee] INFO  - Starting extension with id "hivemq-dns-cluster-discovery" at /opt/hivemq/extensions/hivemq-dns-cluster-discovery
2025-01-29 18:44:23,124 INFO c.h.h.t.HelmChartContainer - [test-hivemq-platform] [hivemq] [a0781eee] INFO  - Using TCP cluster transport on address 10.42.0.11 and port 7000
2025-01-29 18:44:23,139 INFO c.h.h.t.HelmChartContainer - [test-hivemq-platform] [hivemq] [a0781eee] INFO  - Using extension cluster discovery
2025-01-29 18:44:23,237 INFO c.h.h.t.HelmChartContainer - [test-hivemq-platform] [hivemq] [a0781eee] INFO  - Extension "DNS Cluster Discovery Extension" version 4.3.2 started successfully.
2025-01-29 18:44:23,238 INFO c.h.h.t.HelmChartContainer - [test-hivemq-platform] [hivemq] [a0781eee] INFO  - Starting extension with id "hivemq-prometheus-extension" at /opt/hivemq/extensions/hivemq-prometheus-extension
2025-01-29 18:44:24,143 INFO c.h.h.t.HelmChartContainer - [test-hivemq-platform] [hivemq] [a0781eee] INFO  - Started Jetty Server exposing Prometheus Servlet on URI http://0.0.0.0:9399/
2025-01-29 18:44:24,143 INFO c.h.h.t.HelmChartContainer - [test-hivemq-platform] [hivemq] [a0781eee] INFO  - Extension "Prometheus Monitoring Extension" version 4.0.12 started successfully.
2025-01-29 18:44:24,143 INFO c.h.h.t.HelmChartContainer - [test-hivemq-platform] [hivemq] [a0781eee] INFO  - Starting extension with id "hivemq-allow-all-extension" at /opt/hivemq/extensions/hivemq-allow-all-extension
2025-01-29 18:44:24,144 INFO c.h.h.t.HelmChartContainer - [test-hivemq-platform] [hivemq] [a0781eee] WARN  - 
2025-01-29 18:44:24,144 INFO c.h.h.t.HelmChartContainer - [test-hivemq-platform] [hivemq] [a0781eee] ################################################################################################################
2025-01-29 18:44:24,144 INFO c.h.h.t.HelmChartContainer - [test-hivemq-platform] [hivemq] [a0781eee] # This HiveMQ deployment is not secure! You are lacking Authentication and Authorization.                      #
2025-01-29 18:44:24,144 INFO c.h.h.t.HelmChartContainer - [test-hivemq-platform] [hivemq] [a0781eee] # Right now any MQTT client can connect to the broker with a full set of permissions.                          #
2025-01-29 18:44:24,144 INFO c.h.h.t.HelmChartContainer - [test-hivemq-platform] [hivemq] [a0781eee] # For production usage, add an appropriate security extension and remove the hivemq-allow-all extension.       #
2025-01-29 18:44:24,144 INFO c.h.h.t.HelmChartContainer - [test-hivemq-platform] [hivemq] [a0781eee] # You can download security extensions from the HiveMQ Marketplace (https://www.hivemq.com/extensions/).       #
2025-01-29 18:44:24,144 INFO c.h.h.t.HelmChartContainer - [test-hivemq-platform] [hivemq] [a0781eee] ################################################################################################################
2025-01-29 18:44:24,144 INFO c.h.h.t.HelmChartContainer - [test-hivemq-platform] [hivemq] [a0781eee] INFO  - Extension "Allow All Extension" version 1.1.1 started successfully.
2025-01-29 18:44:24,331 INFO c.h.h.t.HelmChartContainer - [hivemq-test-hivemq-platform] [hivemq-platform-operator] [103895bb] 18:44:24.328 [pool-6-thread-6] DEBUG c.h.p.o.d.PlatformServiceResource - [helmaddi] Desired Platform services (3 services)
2025-01-29 18:44:24,331 INFO c.h.h.t.HelmChartContainer - [hivemq-test-hivemq-platform] [hivemq-platform-operator] [103895bb] 18:44:24.329 [pool-6-thread-3] DEBUG c.h.p.o.dependants.PodInfoConfigMap - [helmaddi] Desired PodInfo ConfigMap (1 extensions) (1 enabled)
2025-01-29 18:44:24,331 INFO c.h.h.t.HelmChartContainer - [hivemq-test-hivemq-platform] [hivemq-platform-operator] [103895bb] 18:44:24.329 [pool-6-thread-3] DEBUG c.h.p.o.dependants.PodInfoConfigMap - [helmaddi] Desired PodInfo ConfigMap (metrics port: 9399) (metrics path: /)
2025-01-29 18:44:24,331 INFO c.h.h.t.HelmChartContainer - [hivemq-test-hivemq-platform] [hivemq-platform-operator] [103895bb] 18:44:24.329 [pool-6-thread-3] DEBUG c.h.p.o.dependants.PodInfoConfigMap - [helmaddi] Desired PodInfo ConfigMap (extension state hash: -1817474005)
2025-01-29 18:44:24,331 INFO c.h.h.t.HelmChartContainer - [hivemq-test-hivemq-platform] [hivemq-platform-operator] [103895bb] 18:44:24.330 [pool-6-thread-3] DEBUG c.h.p.o.d.PodServiceAccountResource - [helmaddi] Desired PodServiceAccountResource (serviceAccountName: hivemq-platform-pod-test-hivemq-platform)
2025-01-29 18:44:24,338 INFO c.h.h.t.HelmChartContainer - [hivemq-test-hivemq-platform] [hivemq-platform-operator] [103895bb] 18:44:24.337 [pool-6-thread-6] DEBUG c.h.p.o.d.StatefulSetResource - [helmaddi] Desired StatefulSet (1 replicas) for status STARTING (READY)
2025-01-29 18:44:24,343 INFO c.h.h.t.HelmChartContainer - [hivemq-test-hivemq-platform] [hivemq-platform-operator] [103895bb] 18:44:24.342 [ReconcilerExecutor-hivemq-controller-112] INFO  c.h.p.o.HiveMQPlatformReconciler - [helmaddi] Reconciling HiveMQ Platform 'test-hivemq-platform' in namespace 'helmadditionalvolumesit'
2025-01-29 18:44:24,343 INFO c.h.h.t.HelmChartContainer - [hivemq-test-hivemq-platform] [hivemq-platform-operator] [103895bb] 18:44:24.342 [ReconcilerExecutor-hivemq-controller-112] DEBUG c.h.p.o.HiveMQPlatformReconciler - [helmaddi] Custom Resource Status STARTING - HiveMQ Platform is starting (READY)
2025-01-29 18:44:24,343 INFO c.h.h.t.HelmChartContainer - [hivemq-test-hivemq-platform] [hivemq-platform-operator] [103895bb] 18:44:24.342 [ReconcilerExecutor-hivemq-controller-112] DEBUG c.h.p.o.HiveMQPlatformReconciler - [helmaddi] Custom Resource Spec (replicas: 1) (extensions: 1)
2025-01-29 18:44:24,345 INFO c.h.h.t.HelmChartContainer - [hivemq-test-hivemq-platform] [hivemq-platform-operator] [103895bb] 18:44:24.344 [ReconcilerExecutor-hivemq-controller-112] DEBUG c.h.p.o.HiveMQPlatformReconciler - [helmaddi] StatefulSet Status (revision: test-hivemq-platform-5d4d897885, replicas: 1, available: 0, ready: 0, current: 1, updated: 1)
2025-01-29 18:44:24,346 INFO c.h.h.t.HelmChartContainer - [hivemq-test-hivemq-platform] [hivemq-platform-operator] [103895bb] 18:44:24.345 [ReconcilerExecutor-hivemq-controller-112] DEBUG c.h.p.o.HiveMQPlatformReconciler - [helmaddi] StatefulSet Spec (replicas: 1, init containers: 1, containers: 1, volumes: 7)
2025-01-29 18:44:24,347 INFO c.h.h.t.HelmChartContainer - [hivemq-test-hivemq-platform] [hivemq-platform-operator] [103895bb] 18:44:24.346 [ReconcilerExecutor-hivemq-controller-112] DEBUG c.h.p.o.h.HiveMQPlatformReconcilerErrorHandler - [helmaddi] Pod 'test-hivemq-platform-0' phase Running
2025-01-29 18:44:24,348 INFO c.h.h.t.HelmChartContainer - [hivemq-test-hivemq-platform] [hivemq-platform-operator] [103895bb] 18:44:24.347 [ReconcilerExecutor-hivemq-controller-112] INFO  c.h.p.o.h.HiveMQPlatformReconcilerBaseHandler - [helmaddi] HiveMQ Platform is starting, 0 of 1 replicas are ready
2025-01-29 18:44:24,824 INFO c.h.h.t.HelmChartContainer - [test-hivemq-platform] [hivemq] [a0781eee] INFO  - [HiveMQ Platform Operator Init App 1.7.0-SNAPSHOT] Returning Health API response 503 for readiness
2025-01-29 18:44:24,828 INFO c.h.h.t.HelmChartContainer - [EVENT] Warning [Unhealthy] Readiness probe failed: HTTP probe failed with statuscode: 503 [helmadditionalvolumesit:test-hivemq-platform-0]
2025-01-29 18:44:24,829 INFO c.h.h.t.HelmChartContainer - Received Unhealthy event for container hivemq in pod test-hivemq-platform-0 [a0781eee-4c29-4d37-8c2b-1930d218417c]
2025-01-29 18:44:26,353 INFO c.h.h.t.HelmChartContainer - [test-hivemq-platform] [hivemq] [a0781eee] INFO  - 4ukZT: no members discovered after 2416 ms: creating cluster as first member
2025-01-29 18:44:26,359 INFO c.h.h.t.HelmChartContainer - [test-hivemq-platform] [hivemq] [a0781eee] INFO  - Cluster nodes found by discovery: [4ukZT|0] (1) [4ukZT].
2025-01-29 18:44:26,441 INFO c.h.h.t.HelmChartContainer - [test-hivemq-platform] [hivemq] [a0781eee] WARN  - No user for HiveMQ Control Center configured. Starting with default user
2025-01-29 18:44:26,441 INFO c.h.h.t.HelmChartContainer - [test-hivemq-platform] [hivemq] [a0781eee] INFO  - Starting HiveMQ Control Center on address 0.0.0.0 and port 8080
2025-01-29 18:44:26,448 INFO c.h.h.t.HelmChartContainer - [test-hivemq-platform] [hivemq] [a0781eee] INFO  - Mounting HiveMQ Control Center V2 Preview
2025-01-29 18:44:27,042 INFO c.h.h.t.HelmChartContainer - [test-hivemq-platform] [hivemq] [a0781eee] INFO  - Started HiveMQ Control Center in 601ms
2025-01-29 18:44:27,056 INFO c.h.h.t.HelmChartContainer - [test-hivemq-platform] [hivemq] [a0781eee] INFO  - Starting TCP listener on address 0.0.0.0 and port 1883
2025-01-29 18:44:27,147 INFO c.h.h.t.HelmChartContainer - [test-hivemq-platform] [hivemq] [a0781eee] INFO  - Started TCP Listener on address 0.0.0.0 and on port 1883.
2025-01-29 18:44:27,148 INFO c.h.h.t.HelmChartContainer - [test-hivemq-platform] [hivemq] [a0781eee] INFO  - Started HiveMQ in 31514ms
2025-01-29 18:44:29,142 INFO c.h.h.t.HelmChartContainer - [test-hivemq-platform] [hivemq] [a0781eee] INFO  - [HiveMQ Platform Operator Init App 1.7.0-SNAPSHOT] Returning Health API response 200 for readiness
2025-01-29 18:44:29,161 INFO c.h.h.t.HelmChartContainer - [POD] test-hivemq-platform-0 [a0781eee-4c29-4d37-8c2b-1930d218417c] in helmadditionalvolumesit was MODIFIED
2025-01-29 18:44:29,172 INFO c.h.h.t.HelmChartContainer - [hivemq-test-hivemq-platform] [hivemq-platform-operator] [103895bb] 18:44:29.164 [pool-6-thread-19] DEBUG c.h.p.o.d.PlatformServiceResource - [helmaddi] Desired Platform services (3 services)
2025-01-29 18:44:29,176 INFO c.h.h.t.HelmChartContainer - [hivemq-test-hivemq-platform] [hivemq-platform-operator] [103895bb] 18:44:29.166 [pool-6-thread-15] DEBUG c.h.p.o.dependants.PodInfoConfigMap - [helmaddi] Desired PodInfo ConfigMap (1 extensions) (1 enabled)
2025-01-29 18:44:29,177 INFO c.h.h.t.HelmChartContainer - [hivemq-test-hivemq-platform] [hivemq-platform-operator] [103895bb] 18:44:29.166 [pool-6-thread-15] DEBUG c.h.p.o.dependants.PodInfoConfigMap - [helmaddi] Desired PodInfo ConfigMap (metrics port: 9399) (metrics path: /)
2025-01-29 18:44:29,177 INFO c.h.h.t.HelmChartContainer - [hivemq-test-hivemq-platform] [hivemq-platform-operator] [103895bb] 18:44:29.168 [pool-6-thread-17] DEBUG c.h.p.o.d.PodServiceAccountResource - [helmaddi] Desired PodServiceAccountResource (serviceAccountName: hivemq-platform-pod-test-hivemq-platform)
2025-01-29 18:44:29,177 INFO c.h.h.t.HelmChartContainer - [hivemq-test-hivemq-platform] [hivemq-platform-operator] [103895bb] 18:44:29.167 [pool-6-thread-15] DEBUG c.h.p.o.dependants.PodInfoConfigMap - [helmaddi] Desired PodInfo ConfigMap (extension state hash: -1817474005)
2025-01-29 18:44:29,184 INFO c.h.h.t.HelmChartContainer - [hivemq-test-hivemq-platform] [hivemq-platform-operator] [103895bb] 18:44:29.180 [pool-6-thread-19] DEBUG c.h.p.o.d.StatefulSetResource - [helmaddi] Desired StatefulSet (1 replicas) for status STARTING (READY)
2025-01-29 18:44:29,231 INFO c.h.h.t.HelmChartContainer - [hivemq-test-hivemq-platform] [hivemq-platform-operator] [103895bb] 18:44:29.229 [ReconcilerExecutor-hivemq-controller-113] INFO  c.h.p.o.HiveMQPlatformReconciler - [helmaddi] Reconciling HiveMQ Platform 'test-hivemq-platform' in namespace 'helmadditionalvolumesit'
2025-01-29 18:44:29,231 INFO c.h.h.t.HelmChartContainer - [hivemq-test-hivemq-platform] [hivemq-platform-operator] [103895bb] 18:44:29.229 [ReconcilerExecutor-hivemq-controller-113] DEBUG c.h.p.o.HiveMQPlatformReconciler - [helmaddi] Custom Resource Status STARTING - HiveMQ Platform is starting (READY)
2025-01-29 18:44:29,231 INFO c.h.h.t.HelmChartContainer - [hivemq-test-hivemq-platform] [hivemq-platform-operator] [103895bb] 18:44:29.229 [ReconcilerExecutor-hivemq-controller-113] DEBUG c.h.p.o.HiveMQPlatformReconciler - [helmaddi] Custom Resource Spec (replicas: 1) (extensions: 1)
2025-01-29 18:44:29,232 INFO c.h.h.t.HelmChartContainer - [hivemq-test-hivemq-platform] [hivemq-platform-operator] [103895bb] 18:44:29.231 [ReconcilerExecutor-hivemq-controller-113] DEBUG c.h.p.o.HiveMQPlatformReconciler - [helmaddi] StatefulSet Status (revision: test-hivemq-platform-5d4d897885, replicas: 1, available: 1, ready: 1, current: 1, updated: 1)
2025-01-29 18:44:29,232 INFO c.h.h.t.HelmChartContainer - [hivemq-test-hivemq-platform] [hivemq-platform-operator] [103895bb] 18:44:29.231 [ReconcilerExecutor-hivemq-controller-113] DEBUG c.h.p.o.HiveMQPlatformReconciler - [helmaddi] StatefulSet Spec (replicas: 1, init containers: 1, containers: 1, volumes: 7)
2025-01-29 18:44:29,234 INFO c.h.h.t.HelmChartContainer - [hivemq-test-hivemq-platform] [hivemq-platform-operator] [103895bb] 18:44:29.233 [ReconcilerExecutor-hivemq-controller-113] DEBUG c.h.p.o.h.HiveMQPlatformReconcilerErrorHandler - [helmaddi] Pod 'test-hivemq-platform-0' phase Running
2025-01-29 18:44:29,235 INFO c.h.h.t.HelmChartContainer - [hivemq-test-hivemq-platform] [hivemq-platform-operator] [103895bb] 18:44:29.234 [ReconcilerExecutor-hivemq-controller-113] INFO  c.h.p.o.h.HiveMQPlatformReconcilerBaseHandler - [helmaddi] HiveMQ Platform started successfully
2025-01-29 18:44:29,337 INFO c.h.h.t.HelmChartContainer - [hivemq-test-hivemq-platform] [hivemq-platform-operator] [103895bb] 18:44:29.336 [ReconcilerExecutor-hivemq-controller-113] DEBUG c.h.p.operator.event.EventSender - [helmaddi] Creating K8s event hivemq-platform-ready: [Ready] HiveMQ Platform is ready
2025-01-29 18:44:29,341 INFO c.h.h.t.HelmChartContainer - [EVENT] Normal [Ready] HiveMQ Platform is ready [helmadditionalvolumesit:test-hivemq-platform]
2025-01-29 18:44:29,342 INFO c.h.h.t.HelmChartContainer - [hivemq-test-hivemq-platform] [hivemq-platform-operator] [103895bb] 18:44:29.341 [ReconcilerExecutor-hivemq-controller-113] INFO  c.h.p.o.h.AbstractHiveMQReconcilerStateHandler - [helmaddi] Update HiveMQ Platform Status (STARTING [READY] -> RUNNING [READY]): HiveMQ Platform is ready
2025-01-29 18:44:29,352 DEBUG com.hivemq.helmcharts.util.K8sUtil - Comparing actual state 'RUNNING' and waiting for 'RUNNING'
2025-01-29 18:44:29,433 INFO c.h.h.t.HelmChartContainer - [hivemq-test-hivemq-platform] [hivemq-platform-operator] [103895bb] 18:44:29.429 [pool-6-thread-23] DEBUG c.h.p.o.d.PlatformServiceResource - [helmaddi] Desired Platform services (3 services)
2025-01-29 18:44:29,433 INFO c.h.h.t.HelmChartContainer - [hivemq-test-hivemq-platform] [hivemq-platform-operator] [103895bb] 18:44:29.430 [pool-6-thread-29] DEBUG c.h.p.o.d.PodServiceAccountResource - [helmaddi] Desired PodServiceAccountResource (serviceAccountName: hivemq-platform-pod-test-hivemq-platform)
2025-01-29 18:44:29,434 INFO c.h.h.t.HelmChartContainer - [hivemq-test-hivemq-platform] [hivemq-platform-operator] [103895bb] 18:44:29.432 [pool-6-thread-24] DEBUG c.h.p.o.dependants.PodInfoConfigMap - [helmaddi] Desired PodInfo ConfigMap (1 extensions) (1 enabled)
2025-01-29 18:44:29,435 INFO c.h.h.t.HelmChartContainer - [hivemq-test-hivemq-platform] [hivemq-platform-operator] [103895bb] 18:44:29.432 [pool-6-thread-24] DEBUG c.h.p.o.dependants.PodInfoConfigMap - [helmaddi] Desired PodInfo ConfigMap (metrics port: 9399) (metrics path: /)
2025-01-29 18:44:29,435 INFO c.h.h.t.HelmChartContainer - [hivemq-test-hivemq-platform] [hivemq-platform-operator] [103895bb] 18:44:29.432 [pool-6-thread-24] DEBUG c.h.p.o.dependants.PodInfoConfigMap - [helmaddi] Desired PodInfo ConfigMap (extension state hash: -1817474005)
2025-01-29 18:44:29,435 INFO c.h.h.t.HelmChartContainer - [hivemq-test-hivemq-platform] [hivemq-platform-operator] [103895bb] 18:44:29.433 [pool-6-thread-24] DEBUG c.h.p.o.dependants.PodInfoConfigMap - [helmaddi] Update PodInfo ConfigMap
2025-01-29 18:44:29,527 INFO c.h.h.t.HelmChartContainer - [hivemq-test-hivemq-platform] [hivemq-platform-operator] [103895bb] 18:44:29.526 [pool-6-thread-24] DEBUG c.h.p.o.d.StatefulSetResource - [helmaddi] Desired StatefulSet (1 replicas) for status RUNNING (READY)
2025-01-29 18:44:29,532 INFO c.h.h.t.HelmChartContainer - [hivemq-test-hivemq-platform] [hivemq-platform-operator] [103895bb] 18:44:29.530 [ReconcilerExecutor-hivemq-controller-114] INFO  c.h.p.o.HiveMQPlatformReconciler - [helmaddi] Reconciling HiveMQ Platform 'test-hivemq-platform' in namespace 'helmadditionalvolumesit'
2025-01-29 18:44:29,533 INFO c.h.h.t.HelmChartContainer - [hivemq-test-hivemq-platform] [hivemq-platform-operator] [103895bb] 18:44:29.531 [ReconcilerExecutor-hivemq-controller-114] DEBUG c.h.p.o.HiveMQPlatformReconciler - [helmaddi] Custom Resource Status RUNNING - HiveMQ Platform is ready (READY)
2025-01-29 18:44:29,533 INFO c.h.h.t.HelmChartContainer - [hivemq-test-hivemq-platform] [hivemq-platform-operator] [103895bb] 18:44:29.531 [ReconcilerExecutor-hivemq-controller-114] DEBUG c.h.p.o.HiveMQPlatformReconciler - [helmaddi] Custom Resource Spec (replicas: 1) (extensions: 1)
2025-01-29 18:44:29,535 INFO c.h.h.t.HelmChartContainer - [hivemq-test-hivemq-platform] [hivemq-platform-operator] [103895bb] 18:44:29.534 [ReconcilerExecutor-hivemq-controller-114] DEBUG c.h.p.o.HiveMQPlatformReconciler - [helmaddi] StatefulSet Status (revision: test-hivemq-platform-5d4d897885, replicas: 1, available: 1, ready: 1, current: 1, updated: 1)
2025-01-29 18:44:29,535 INFO c.h.h.t.HelmChartContainer - [hivemq-test-hivemq-platform] [hivemq-platform-operator] [103895bb] 18:44:29.534 [ReconcilerExecutor-hivemq-controller-114] DEBUG c.h.p.o.HiveMQPlatformReconciler - [helmaddi] StatefulSet Spec (replicas: 1, init containers: 1, containers: 1, volumes: 7)
2025-01-29 18:44:29,537 INFO c.h.h.t.HelmChartContainer - [hivemq-test-hivemq-platform] [hivemq-platform-operator] [103895bb] 18:44:29.536 [ReconcilerExecutor-hivemq-controller-114] DEBUG c.h.p.o.h.HiveMQPlatformReconcilerErrorHandler - [helmaddi] Pod 'test-hivemq-platform-0' phase Running
2025-01-29 18:44:31,381 INFO c.h.h.t.HelmChartContainer - Uninstalling release 'test-hivemq-platform' in namespace 'helmadditionalvolumesit'...
2025-01-29 18:44:31,381 DEBUG c.h.h.t.HelmChartContainer - Executing helm command: /bin/helm --kubeconfig /etc/rancher/k3s/k3s.yaml uninstall test-hivemq-platform  --wait --timeout 5m0s --cascade foreground --namespace helmadditionalvolumesit
2025-01-29 18:44:31,564 INFO c.h.h.t.HelmChartContainer - [hivemq-test-hivemq-platform] [hivemq-platform-operator] [103895bb] 18:44:31.559 [pool-6-thread-37] DEBUG c.h.p.o.d.PlatformServiceResource - [helmaddi] Desired Platform services (3 services)
2025-01-29 18:44:31,564 INFO c.h.h.t.HelmChartContainer - [hivemq-test-hivemq-platform] [hivemq-platform-operator] [103895bb] 18:44:31.560 [pool-6-thread-33] DEBUG c.h.p.o.dependants.PodInfoConfigMap - [helmaddi] Desired PodInfo ConfigMap (1 extensions) (1 enabled)
2025-01-29 18:44:31,564 INFO c.h.h.t.HelmChartContainer - [hivemq-test-hivemq-platform] [hivemq-platform-operator] [103895bb] 18:44:31.561 [pool-6-thread-33] DEBUG c.h.p.o.dependants.PodInfoConfigMap - [helmaddi] Desired PodInfo ConfigMap (metrics port: 9399) (metrics path: /)
2025-01-29 18:44:31,564 INFO c.h.h.t.HelmChartContainer - [hivemq-test-hivemq-platform] [hivemq-platform-operator] [103895bb] 18:44:31.561 [pool-6-thread-33] DEBUG c.h.p.o.dependants.PodInfoConfigMap - [helmaddi] Desired PodInfo ConfigMap (extension state hash: -1817474005)
2025-01-29 18:44:31,564 INFO c.h.h.t.HelmChartContainer - [hivemq-test-hivemq-platform] [hivemq-platform-operator] [103895bb] 18:44:31.562 [pool-6-thread-36] DEBUG c.h.p.o.d.PodServiceAccountResource - [helmaddi] Desired PodServiceAccountResource (serviceAccountName: hivemq-platform-pod-test-hivemq-platform)
2025-01-29 18:44:31,627 INFO c.h.h.t.HelmChartContainer - [hivemq-test-hivemq-platform] [hivemq-platform-operator] [103895bb] 18:44:31.626 [pool-6-thread-37] DEBUG c.h.p.o.d.StatefulSetResource - [helmaddi] Desired StatefulSet (1 replicas) for status RUNNING (READY)
2025-01-29 18:44:31,633 INFO c.h.h.t.HelmChartContainer - [hivemq-test-hivemq-platform] [hivemq-platform-operator] [103895bb] 18:44:31.632 [ReconcilerExecutor-hivemq-controller-115] INFO  c.h.p.o.HiveMQPlatformReconciler - [helmaddi] Reconciling HiveMQ Platform 'test-hivemq-platform' in namespace 'helmadditionalvolumesit'
2025-01-29 18:44:31,634 INFO c.h.h.t.HelmChartContainer - [hivemq-test-hivemq-platform] [hivemq-platform-operator] [103895bb] 18:44:31.632 [ReconcilerExecutor-hivemq-controller-115] DEBUG c.h.p.o.HiveMQPlatformReconciler - [helmaddi] Custom Resource Status RUNNING - HiveMQ Platform is ready (READY)
2025-01-29 18:44:31,635 INFO c.h.h.t.HelmChartContainer - [hivemq-test-hivemq-platform] [hivemq-platform-operator] [103895bb] 18:44:31.633 [ReconcilerExecutor-hivemq-controller-115] DEBUG c.h.p.o.HiveMQPlatformReconciler - [helmaddi] Custom Resource Spec (replicas: 1) (extensions: 1)
2025-01-29 18:44:31,637 INFO c.h.h.t.HelmChartContainer - [hivemq-test-hivemq-platform] [hivemq-platform-operator] [103895bb] 18:44:31.636 [ReconcilerExecutor-hivemq-controller-115] WARN  c.h.p.o.h.HiveMQPlatformReconcilerErrorHandler - [helmaddi] Could not find ConfigMap 'hivemq-configuration-test-hivemq-platform' for HiveMQ Platform configuration
2025-01-29 18:44:31,830 INFO c.h.h.t.HelmChartContainer - [hivemq-test-hivemq-platform] [hivemq-platform-operator] [103895bb] 18:44:31.828 [ReconcilerExecutor-hivemq-controller-115] DEBUG c.h.p.operator.event.EventSender - [helmaddi] Creating K8s event hivemq-platform-invalid-configuration: [Start] Could not find ConfigMap 'hivemq-configuration-test-hivemq-platform' for HiveMQ Platform configuration
2025-01-29 18:44:31,833 INFO c.h.h.t.HelmChartContainer - [EVENT] Warning [Start] Could not find ConfigMap 'hivemq-configuration-test-hivemq-platform' for HiveMQ Platform configuration [helmadditionalvolumesit:test-hivemq-platform]
2025-01-29 18:44:31,836 INFO c.h.h.t.HelmChartContainer - [hivemq-test-hivemq-platform] [hivemq-platform-operator] [103895bb] 18:44:31.834 [ReconcilerExecutor-hivemq-controller-115] INFO  c.h.p.o.h.AbstractHiveMQReconcilerStateHandler - [helmaddi] Update HiveMQ Platform Status (RUNNING [READY] -> ERROR [INVALID_CONFIG_MAP]): Could not find ConfigMap 'hivemq-configuration-test-hivemq-platform' for HiveMQ Platform configuration
2025-01-29 18:44:31,846 INFO c.h.h.t.HelmChartContainer - [hivemq-test-hivemq-platform] [hivemq-platform-operator] [103895bb] 18:44:31.842 [ReconcilerExecutor-hivemq-controller-115] ERROR i.j.o.p.event.EventProcessor - Error during event processing ExecutionScope{ resource id: ResourceID{name='test-hivemq-platform', namespace='helmadditionalvolumesit'}, version: 1210}
2025-01-29 18:44:31,846 INFO c.h.h.t.HelmChartContainer - [hivemq-test-hivemq-platform] [hivemq-platform-operator] [103895bb] io.fabric8.kubernetes.client.KubernetesClientException: Failure executing: PUT at: https://10.43.0.1:443/apis/hivemq.com/v1/namespaces/helmadditionalvolumesit/hivemq-platforms/test-hivemq-platform/status. Message: Operation cannot be fulfilled on hivemq-platforms.hivemq.com "test-hivemq-platform": the object has been modified; please apply your changes to the latest version and try again. Received status: Status(apiVersion=v1, code=409, details=StatusDetails(causes=[], group=hivemq.com, kind=hivemq-platforms, name=test-hivemq-platform, retryAfterSeconds=null, uid=null, additionalProperties={}), kind=Status, message=Operation cannot be fulfilled on hivemq-platforms.hivemq.com "test-hivemq-platform": the object has been modified; please apply your changes to the latest version and try again, metadata=ListMeta(_continue=null, remainingItemCount=null, resourceVersion=null, selfLink=null, additionalProperties={}), reason=Conflict, status=Failure, additionalProperties={}).
2025-01-29 18:44:31,846 INFO c.h.h.t.HelmChartContainer - [hivemq-test-hivemq-platform] [hivemq-platform-operator] [103895bb] 	at io.fabric8.kubernetes.client.KubernetesClientException.copyAsCause(KubernetesClientException.java:238)
2025-01-29 18:44:31,846 INFO c.h.h.t.HelmChartContainer - [hivemq-test-hivemq-platform] [hivemq-platform-operator] [103895bb] 	at io.fabric8.kubernetes.client.dsl.internal.OperationSupport.waitForResult(OperationSupport.java:507)
2025-01-29 18:44:31,846 INFO c.h.h.t.HelmChartContainer - [hivemq-test-hivemq-platform] [hivemq-platform-operator] [103895bb] 	at io.fabric8.kubernetes.client.dsl.internal.OperationSupport.handleResponse(OperationSupport.java:524)
2025-01-29 18:44:31,846 INFO c.h.h.t.HelmChartContainer - [hivemq-test-hivemq-platform] [hivemq-platform-operator] [103895bb] 	at io.fabric8.kubernetes.client.dsl.internal.OperationSupport.handleUpdate(OperationSupport.java:358)
2025-01-29 18:44:31,846 INFO c.h.h.t.HelmChartContainer - [hivemq-test-hivemq-platform] [hivemq-platform-operator] [103895bb] 	at io.fabric8.kubernetes.client.dsl.internal.BaseOperation.handleUpdate(BaseOperation.java:759)
2025-01-29 18:44:31,846 INFO c.h.h.t.HelmChartContainer - [hivemq-test-hivemq-platform] [hivemq-platform-operator] [103895bb] 	at io.fabric8.kubernetes.client.dsl.internal.HasMetadataOperation.update(HasMetadataOperation.java:138)
2025-01-29 18:44:31,846 INFO c.h.h.t.HelmChartContainer - [hivemq-test-hivemq-platform] [hivemq-platform-operator] [103895bb] 	at io.fabric8.kubernetes.client.dsl.internal.HasMetadataOperation.update(HasMetadataOperation.java:121)
2025-01-29 18:44:31,846 INFO c.h.h.t.HelmChartContainer - [hivemq-test-hivemq-platform] [hivemq-platform-operator] [103895bb] 	at io.fabric8.kubernetes.client.dsl.internal.HasMetadataOperation.updateStatus(HasMetadataOperation.java:126)
2025-01-29 18:44:31,846 INFO c.h.h.t.HelmChartContainer - [hivemq-test-hivemq-platform] [hivemq-platform-operator] [103895bb] 	at io.fabric8.kubernetes.client.dsl.internal.HasMetadataOperation.updateStatus(HasMetadataOperation.java:44)
2025-01-29 18:44:31,846 INFO c.h.h.t.HelmChartContainer - [hivemq-test-hivemq-platform] [hivemq-platform-operator] [103895bb] 	at io.javaoperatorsdk.operator.processing.event.ReconciliationDispatcher$CustomResourceFacade.updateStatus(ReconciliationDispatcher.java:408)
2025-01-29 18:44:31,846 INFO c.h.h.t.HelmChartContainer - [hivemq-test-hivemq-platform] [hivemq-platform-operator] [103895bb] 	at io.javaoperatorsdk.operator.processing.event.ReconciliationDispatcher.updateStatusGenerationAware(ReconciliationDispatcher.java:228)
2025-01-29 18:44:31,846 INFO c.h.h.t.HelmChartContainer - [hivemq-test-hivemq-platform] [hivemq-platform-operator] [103895bb] 	at io.javaoperatorsdk.operator.processing.event.ReconciliationDispatcher.reconcileExecution(ReconciliationDispatcher.java:150)
2025-01-29 18:44:31,846 INFO c.h.h.t.HelmChartContainer - [hivemq-test-hivemq-platform] [hivemq-platform-operator] [103895bb] 	at io.javaoperatorsdk.operator.processing.event.ReconciliationDispatcher.handleReconcile(ReconciliationDispatcher.java:117)
2025-01-29 18:44:31,846 INFO c.h.h.t.HelmChartContainer - [hivemq-test-hivemq-platform] [hivemq-platform-operator] [103895bb] 	at io.javaoperatorsdk.operator.processing.event.ReconciliationDispatcher.handleDispatch(ReconciliationDispatcher.java:91)
2025-01-29 18:44:31,846 INFO c.h.h.t.HelmChartContainer - [hivemq-test-hivemq-platform] [hivemq-platform-operator] [103895bb] 	at io.javaoperatorsdk.operator.processing.event.ReconciliationDispatcher.handleExecution(ReconciliationDispatcher.java:64)
2025-01-29 18:44:31,846 INFO c.h.h.t.HelmChartContainer - [hivemq-test-hivemq-platform] [hivemq-platform-operator] [103895bb] 	at io.javaoperatorsdk.operator.processing.event.EventProcessor$ReconcilerExecutor.run(EventProcessor.java:452)
2025-01-29 18:44:31,846 INFO c.h.h.t.HelmChartContainer - [hivemq-test-hivemq-platform] [hivemq-platform-operator] [103895bb] 	at java.base/java.util.concurrent.ThreadPoolExecutor.runWorker(Unknown Source)
2025-01-29 18:44:31,846 INFO c.h.h.t.HelmChartContainer - [hivemq-test-hivemq-platform] [hivemq-platform-operator] [103895bb] 	at java.base/java.util.concurrent.ThreadPoolExecutor$Worker.run(Unknown Source)
2025-01-29 18:44:31,846 INFO c.h.h.t.HelmChartContainer - [hivemq-test-hivemq-platform] [hivemq-platform-operator] [103895bb] 	at java.base/java.lang.Thread.run(Unknown Source)
2025-01-29 18:44:31,847 INFO c.h.h.t.HelmChartContainer - [hivemq-test-hivemq-platform] [hivemq-platform-operator] [103895bb] Caused by: io.fabric8.kubernetes.client.KubernetesClientException: Failure executing: PUT at: https://10.43.0.1:443/apis/hivemq.com/v1/namespaces/helmadditionalvolumesit/hivemq-platforms/test-hivemq-platform/status. Message: Operation cannot be fulfilled on hivemq-platforms.hivemq.com "test-hivemq-platform": the object has been modified; please apply your changes to the latest version and try again. Received status: Status(apiVersion=v1, code=409, details=StatusDetails(causes=[], group=hivemq.com, kind=hivemq-platforms, name=test-hivemq-platform, retryAfterSeconds=null, uid=null, additionalProperties={}), kind=Status, message=Operation cannot be fulfilled on hivemq-platforms.hivemq.com "test-hivemq-platform": the object has been modified; please apply your changes to the latest version and try again, metadata=ListMeta(_continue=null, remainingItemCount=null, resourceVersion=null, selfLink=null, additionalProperties={}), reason=Conflict, status=Failure, additionalProperties={}).
2025-01-29 18:44:31,847 INFO c.h.h.t.HelmChartContainer - [hivemq-test-hivemq-platform] [hivemq-platform-operator] [103895bb] 	at io.fabric8.kubernetes.client.dsl.internal.OperationSupport.requestFailure(OperationSupport.java:660)
2025-01-29 18:44:31,847 INFO c.h.h.t.HelmChartContainer - [hivemq-test-hivemq-platform] [hivemq-platform-operator] [103895bb] 	at io.fabric8.kubernetes.client.dsl.internal.OperationSupport.requestFailure(OperationSupport.java:640)
2025-01-29 18:44:31,847 INFO c.h.h.t.HelmChartContainer - [hivemq-test-hivemq-platform] [hivemq-platform-operator] [103895bb] 	at io.fabric8.kubernetes.client.dsl.internal.OperationSupport.assertResponseCode(OperationSupport.java:589)
2025-01-29 18:44:31,847 INFO c.h.h.t.HelmChartContainer - [hivemq-test-hivemq-platform] [hivemq-platform-operator] [103895bb] 	at io.fabric8.kubernetes.client.dsl.internal.OperationSupport.lambda$handleResponse$0(OperationSupport.java:549)
2025-01-29 18:44:31,847 INFO c.h.h.t.HelmChartContainer - [hivemq-test-hivemq-platform] [hivemq-platform-operator] [103895bb] 	at java.base/java.util.concurrent.CompletableFuture$UniApply.tryFire(Unknown Source)
2025-01-29 18:44:31,847 INFO c.h.h.t.HelmChartContainer - [hivemq-test-hivemq-platform] [hivemq-platform-operator] [103895bb] 	at java.base/java.util.concurrent.CompletableFuture.postComplete(Unknown Source)
2025-01-29 18:44:31,847 INFO c.h.h.t.HelmChartContainer - [hivemq-test-hivemq-platform] [hivemq-platform-operator] [103895bb] 	at java.base/java.util.concurrent.CompletableFuture.complete(Unknown Source)
2025-01-29 18:44:31,847 INFO c.h.h.t.HelmChartContainer - [hivemq-test-hivemq-platform] [hivemq-platform-operator] [103895bb] 	at io.fabric8.kubernetes.client.http.StandardHttpClient.lambda$completeOrCancel$10(StandardHttpClient.java:141)
2025-01-29 18:44:31,847 INFO c.h.h.t.HelmChartContainer - [hivemq-test-hivemq-platform] [hivemq-platform-operator] [103895bb] 	at java.base/java.util.concurrent.CompletableFuture.uniWhenComplete(Unknown Source)
2025-01-29 18:44:31,847 INFO c.h.h.t.HelmChartContainer - [hivemq-test-hivemq-platform] [hivemq-platform-operator] [103895bb] 	at java.base/java.util.concurrent.CompletableFuture$UniWhenComplete.tryFire(Unknown Source)
2025-01-29 18:44:31,847 INFO c.h.h.t.HelmChartContainer - [hivemq-test-hivemq-platform] [hivemq-platform-operator] [103895bb] 	at java.base/java.util.concurrent.CompletableFuture.postComplete(Unknown Source)
2025-01-29 18:44:31,847 INFO c.h.h.t.HelmChartContainer - [hivemq-test-hivemq-platform] [hivemq-platform-operator] [103895bb] 	at java.base/java.util.concurrent.CompletableFuture.complete(Unknown Source)
2025-01-29 18:44:31,847 INFO c.h.h.t.HelmChartContainer - [hivemq-test-hivemq-platform] [hivemq-platform-operator] [103895bb] 	at io.fabric8.kubernetes.client.http.ByteArrayBodyHandler.onBodyDone(ByteArrayBodyHandler.java:51)
2025-01-29 18:44:31,847 INFO c.h.h.t.HelmChartContainer - [hivemq-test-hivemq-platform] [hivemq-platform-operator] [103895bb] 	at java.base/java.util.concurrent.CompletableFuture.uniWhenComplete(Unknown Source)
2025-01-29 18:44:31,847 INFO c.h.h.t.HelmChartContainer - [hivemq-test-hivemq-platform] [hivemq-platform-operator] [103895bb] 	at java.base/java.util.concurrent.CompletableFuture$UniWhenComplete.tryFire(Unknown Source)
2025-01-29 18:44:31,847 INFO c.h.h.t.HelmChartContainer - [hivemq-test-hivemq-platform] [hivemq-platform-operator] [103895bb] 	at java.base/java.util.concurrent.CompletableFuture.postComplete(Unknown Source)
2025-01-29 18:44:31,847 INFO c.h.h.t.HelmChartContainer - [hivemq-test-hivemq-platform] [hivemq-platform-operator] [103895bb] 	at java.base/java.util.concurrent.CompletableFuture.complete(Unknown Source)
2025-01-29 18:44:31,847 INFO c.h.h.t.HelmChartContainer - [hivemq-test-hivemq-platform] [hivemq-platform-operator] [103895bb] 	at io.fabric8.kubernetes.client.vertx.VertxHttpRequest.lambda$null$1(VertxHttpRequest.java:121)
2025-01-29 18:44:31,847 INFO c.h.h.t.HelmChartContainer - [hivemq-test-hivemq-platform] [hivemq-platform-operator] [103895bb] 	at io.vertx.core.impl.ContextInternal.dispatch(ContextInternal.java:279)
2025-01-29 18:44:31,847 INFO c.h.h.t.HelmChartContainer - [hivemq-test-hivemq-platform] [hivemq-platform-operator] [103895bb] 	at io.vertx.core.impl.ContextInternal.dispatch(ContextInternal.java:261)
2025-01-29 18:44:31,847 INFO c.h.h.t.HelmChartContainer - [hivemq-test-hivemq-platform] [hivemq-platform-operator] [103895bb] 	at io.vertx.core.http.impl.HttpEventHandler.handleEnd(HttpEventHandler.java:76)
2025-01-29 18:44:31,847 INFO c.h.h.t.HelmChartContainer - [hivemq-test-hivemq-platform] [hivemq-platform-operator] [103895bb] 	at io.vertx.core.http.impl.HttpClientResponseImpl.handleEnd(HttpClientResponseImpl.java:250)
2025-01-29 18:44:31,847 INFO c.h.h.t.HelmChartContainer - [hivemq-test-hivemq-platform] [hivemq-platform-operator] [103895bb] 	at io.vertx.core.http.impl.Http1xClientConnection$StreamImpl.lambda$new$0(Http1xClientConnection.java:421)
2025-01-29 18:44:31,847 INFO c.h.h.t.HelmChartContainer - [hivemq-test-hivemq-platform] [hivemq-platform-operator] [103895bb] 	at io.vertx.core.streams.impl.InboundBuffer.handleEvent(InboundBuffer.java:279)
2025-01-29 18:44:31,847 INFO c.h.h.t.HelmChartContainer - [hivemq-test-hivemq-platform] [hivemq-platform-operator] [103895bb] 	at io.vertx.core.streams.impl.InboundBuffer.write(InboundBuffer.java:157)
2025-01-29 18:44:31,847 INFO c.h.h.t.HelmChartContainer - [hivemq-test-hivemq-platform] [hivemq-platform-operator] [103895bb] 	at io.vertx.core.http.impl.Http1xClientConnection$StreamImpl.handleEnd(Http1xClientConnection.java:709)
2025-01-29 18:44:31,847 INFO c.h.h.t.HelmChartContainer - [hivemq-test-hivemq-platform] [hivemq-platform-operator] [103895bb] 	at io.vertx.core.impl.ContextImpl.lambda$execute$4(ContextImpl.java:315)
2025-01-29 18:44:31,847 INFO c.h.h.t.HelmChartContainer - [hivemq-test-hivemq-platform] [hivemq-platform-operator] [103895bb] 	at io.netty.util.concurrent.AbstractEventExecutor.runTask(AbstractEventExecutor.java:173)
2025-01-29 18:44:31,847 INFO c.h.h.t.HelmChartContainer - [hivemq-test-hivemq-platform] [hivemq-platform-operator] [103895bb] 	at io.netty.util.concurrent.AbstractEventExecutor.safeExecute(AbstractEventExecutor.java:166)
2025-01-29 18:44:31,847 INFO c.h.h.t.HelmChartContainer - [hivemq-test-hivemq-platform] [hivemq-platform-operator] [103895bb] 	at io.netty.util.concurrent.SingleThreadEventExecutor.runAllTasks(SingleThreadEventExecutor.java:472)
2025-01-29 18:44:31,847 INFO c.h.h.t.HelmChartContainer - [hivemq-test-hivemq-platform] [hivemq-platform-operator] [103895bb] 	at io.netty.channel.nio.NioEventLoop.run(NioEventLoop.java:569)
2025-01-29 18:44:31,847 INFO c.h.h.t.HelmChartContainer - [hivemq-test-hivemq-platform] [hivemq-platform-operator] [103895bb] 	at io.netty.util.concurrent.SingleThreadEventExecutor$4.run(SingleThreadEventExecutor.java:997)
2025-01-29 18:44:31,847 INFO c.h.h.t.HelmChartContainer - [hivemq-test-hivemq-platform] [hivemq-platform-operator] [103895bb] 	at io.netty.util.internal.ThreadExecutorMap$2.run(ThreadExecutorMap.java:74)
2025-01-29 18:44:31,847 INFO c.h.h.t.HelmChartContainer - [hivemq-test-hivemq-platform] [hivemq-platform-operator] [103895bb] 	at io.netty.util.concurrent.FastThreadLocalRunnable.run(FastThreadLocalRunnable.java:30)
2025-01-29 18:44:31,847 INFO c.h.h.t.HelmChartContainer - [hivemq-test-hivemq-platform] [hivemq-platform-operator] [103895bb] 	... 1 common frames omitted
2025-01-29 18:44:31,928 INFO c.h.h.t.HelmChartContainer - [hivemq-test-hivemq-platform] [hivemq-platform-operator] [103895bb] 18:44:31.927 [ReconcilerExecutor-hivemq-controller-122] INFO  c.h.p.o.HiveMQPlatformReconciler - [helmaddi] Cleanup test-hivemq-platform - helmadditionalvolumesit HiveMQ Platform is shut down
2025-01-29 18:44:32,294 INFO c.h.h.t.HelmChartContainer - [POD] test-hivemq-platform-0 [a0781eee-4c29-4d37-8c2b-1930d218417c] in helmadditionalvolumesit was MODIFIED
2025-01-29 18:44:32,306 INFO c.h.h.t.HelmChartContainer - [EVENT] Normal [Killing] Stopping container hivemq [helmadditionalvolumesit:test-hivemq-platform-0]
2025-01-29 18:44:32,310 INFO c.h.h.t.HelmChartContainer - Received Killing event for container hivemq in pod test-hivemq-platform-0 [a0781eee-4c29-4d37-8c2b-1930d218417c]
2025-01-29 18:44:32,310 INFO c.h.h.t.HelmChartContainer - Container [test-hivemq-platform-0] [hivemq] [a0781eee-4c29-4d37-8c2b-1930d218417c] was terminated
2025-01-29 18:44:32,310 INFO c.h.h.t.HelmChartContainer - Stopped log watcher for hivemq in pod test-hivemq-platform-0 [a0781eee-4c29-4d37-8c2b-1930d218417c]
2025-01-29 18:44:32,311 INFO c.h.h.t.HelmChartContainer - [test-hivemq-platform] [hivemq] [a0781eee] INFO  - [HiveMQ Platform Operator Init App 1.7.0-SNAPSHOT] Shutting down
2025-01-29 18:44:32,311 INFO c.h.h.t.HelmChartContainer - [test-hivemq-platform] [hivemq] [a0781eee] INFO  - [HiveMQ Platform Operator Init App 1.7.0-SNAPSHOT] Stopping the HiveMQ Platform
2025-01-29 18:44:32,428 INFO c.h.h.t.HelmChartContainer - [test-hivemq-platform] [hivemq] [a0781eee] INFO  - Shutting down HiveMQ. Please wait, this could take a while...
2025-01-29 18:44:32,435 INFO c.h.h.t.HelmChartContainer - [test-hivemq-platform] [hivemq] [a0781eee] INFO  - Shutting down listeners and clients
2025-01-29 18:44:32,435 INFO c.h.h.t.HelmChartContainer - [test-hivemq-platform] [hivemq] [a0781eee] INFO  - Shutdown of listeners is done
2025-01-29 18:44:32,435 INFO c.h.h.t.HelmChartContainer - [test-hivemq-platform] [hivemq] [a0781eee] INFO  - No clients are connected, proceeding with shutdown
2025-01-29 18:44:33,619 INFO c.h.h.t.HelmChartContainer - Deleting namespace 'helmadditionalvolumesit'...
2025-01-29 18:44:34,138 INFO c.h.h.t.HelmChartContainer - [test-hivemq-platform] [hivemq] [a0781eee] INFO  - [HiveMQ Platform Operator Init App 1.7.0-SNAPSHOT] Returning shutdown Health API response 503 for readiness
2025-01-29 18:44:34,142 INFO c.h.h.t.HelmChartContainer - [EVENT] Warning [Unhealthy] Readiness probe failed: HTTP probe failed with statuscode: 503 [helmadditionalvolumesit:test-hivemq-platform-0]
2025-01-29 18:44:34,142 INFO c.h.h.t.HelmChartContainer - Received Unhealthy event for container hivemq in pod test-hivemq-platform-0 [a0781eee-4c29-4d37-8c2b-1930d218417c]
2025-01-29 18:44:34,555 INFO c.h.h.t.HelmChartContainer - [K3S] [authentication.go:74] "Unable to authenticate the request" err="[invalid bearer token, serviceaccounts \"hivemq-platform-pod-test-hivemq-platform\" not found]"
2025-01-29 18:44:34,577 INFO c.h.h.t.HelmChartContainer - [K3S] [authentication.go:74] "Unable to authenticate the request" err="[invalid bearer token, serviceaccounts \"hivemq-platform-pod-test-hivemq-platform\" not found]"
2025-01-29 18:44:34,639 INFO c.h.h.t.HelmChartContainer - [test-hivemq-platform] [hivemq] [a0781eee] WARN  - [HiveMQ Platform Operator Init App 1.7.0-SNAPSHOT] Could not update Pod annotations: Failure executing: GET at: https://10.43.0.1:443/api/v1/namespaces/helmadditionalvolumesit/pods/test-hivemq-platform-0. Message: Unauthorized. Received status: Status(apiVersion=v1, code=401, details=null, kind=Status, message=Unauthorized, metadata=ListMeta(_continue=null, remainingItemCount=null, resourceVersion=null, selfLink=null, additionalProperties={}), reason=Unauthorized, status=Failure, additionalProperties={}).
2025-01-29 18:44:35,441 INFO c.h.h.t.HelmChartContainer - [test-hivemq-platform] [hivemq] [a0781eee] INFO  - Shutting down extension system
2025-01-29 18:44:35,443 INFO c.h.h.t.HelmChartContainer - [test-hivemq-platform] [hivemq] [a0781eee] INFO  - Stopping extension with id hivemq-dns-cluster-discovery
2025-01-29 18:44:35,445 INFO c.h.h.t.HelmChartContainer - [test-hivemq-platform] [hivemq] [a0781eee] INFO  - Extension "DNS Cluster Discovery Extension" version 4.3.2 stopped successfully.
2025-01-29 18:44:35,445 INFO c.h.h.t.HelmChartContainer - [test-hivemq-platform] [hivemq] [a0781eee] INFO  - Stopping extension with id hivemq-prometheus-extension
2025-01-29 18:44:35,451 INFO c.h.h.t.HelmChartContainer - [test-hivemq-platform] [hivemq] [a0781eee] INFO  - Extension "Prometheus Monitoring Extension" version 4.0.12 stopped successfully.
2025-01-29 18:44:35,452 INFO c.h.h.t.HelmChartContainer - [test-hivemq-platform] [hivemq] [a0781eee] INFO  - Stopping extension with id hivemq-allow-all-extension
2025-01-29 18:44:35,453 INFO c.h.h.t.HelmChartContainer - [test-hivemq-platform] [hivemq] [a0781eee] INFO  - Extension "Allow All Extension" version 1.1.1 stopped successfully.
2025-01-29 18:44:37,754 INFO c.h.h.t.HelmChartContainer - [test-hivemq-platform] [hivemq] [a0781eee] INFO  - Shutdown completed.
2025-01-29 18:44:38,100 INFO c.h.h.t.HelmChartContainer - [test-hivemq-platform] [hivemq] [a0781eee] INFO  - [HiveMQ Platform Operator Init App 1.7.0-SNAPSHOT] The HiveMQ Platform exited with code 143
2025-01-29 18:44:38,101 INFO c.h.h.t.HelmChartContainer - [test-hivemq-platform] [hivemq] [a0781eee] INFO  - [HiveMQ Platform Operator Init App 1.7.0-SNAPSHOT] Stopping the REST API
2025-01-29 18:44:38,109 INFO c.h.h.t.HelmChartContainer - [test-hivemq-platform] [hivemq] [a0781eee] INFO  - [HiveMQ Platform Operator Init App 1.7.0-SNAPSHOT] Shutdown complete
2025-01-29 18:44:38,563 INFO c.h.h.t.HelmChartContainer - [K3S] [stateful_set.go:438] "Unhandled Error" err="error syncing StatefulSet helmadditionalvolumesit/test-hivemq-platform, requeuing: controllerrevisions.apps \"test-hivemq-platform-5d4d897885\" is forbidden: unable to create new content in namespace helmadditionalvolumesit because it is being terminated"
2025-01-29 18:44:38,567 INFO c.h.h.t.HelmChartContainer - [POD] test-hivemq-platform-0 [a0781eee-4c29-4d37-8c2b-1930d218417c] in helmadditionalvolumesit was MODIFIED
2025-01-29 18:44:38,571 INFO c.h.h.t.HelmChartContainer - [K3S] [stateful_set.go:438] "Unhandled Error" err="error syncing StatefulSet helmadditionalvolumesit/test-hivemq-platform, requeuing: controllerrevisions.apps \"test-hivemq-platform-5d4d897885\" is forbidden: unable to create new content in namespace helmadditionalvolumesit because it is being terminated"
2025-01-29 18:44:38,584 INFO c.h.h.t.HelmChartContainer - [K3S] [stateful_set.go:438] "Unhandled Error" err="error syncing StatefulSet helmadditionalvolumesit/test-hivemq-platform, requeuing: controllerrevisions.apps \"test-hivemq-platform-5d4d897885\" is forbidden: unable to create new content in namespace helmadditionalvolumesit because it is being terminated"
2025-01-29 18:44:38,607 INFO c.h.h.t.HelmChartContainer - [K3S] [stateful_set.go:438] "Unhandled Error" err="error syncing StatefulSet helmadditionalvolumesit/test-hivemq-platform, requeuing: controllerrevisions.apps \"test-hivemq-platform-5d4d897885\" is forbidden: unable to create new content in namespace helmadditionalvolumesit because it is being terminated"
2025-01-29 18:44:38,651 INFO c.h.h.t.HelmChartContainer - [K3S] [stateful_set.go:438] "Unhandled Error" err="error syncing StatefulSet helmadditionalvolumesit/test-hivemq-platform, requeuing: controllerrevisions.apps \"test-hivemq-platform-5d4d897885\" is forbidden: unable to create new content in namespace helmadditionalvolumesit because it is being terminated"
2025-01-29 18:44:38,676 INFO c.h.h.t.HelmChartContainer - [K3S] [reconciler_common.go:162] "operationExecutor.UnmountVolume started for volume \"test-secret-volume\" (UniqueName: \"kubernetes.io/secret/a0781eee-4c29-4d37-8c2b-1930d218417c-test-secret-volume\") pod \"a0781eee-4c29-4d37-8c2b-1930d218417c\" (UID: \"a0781eee-4c29-4d37-8c2b-1930d218417c\") "
2025-01-29 18:44:38,676 INFO c.h.h.t.HelmChartContainer - [K3S] [reconciler_common.go:162] "operationExecutor.UnmountVolume started for volume \"pod-info\" (UniqueName: \"kubernetes.io/configmap/a0781eee-4c29-4d37-8c2b-1930d218417c-pod-info\") pod \"a0781eee-4c29-4d37-8c2b-1930d218417c\" (UID: \"a0781eee-4c29-4d37-8c2b-1930d218417c\") "
2025-01-29 18:44:38,677 INFO c.h.h.t.HelmChartContainer - [K3S] [reconciler_common.go:162] "operationExecutor.UnmountVolume started for volume \"kube-api-access-wj2dq\" (UniqueName: \"kubernetes.io/projected/a0781eee-4c29-4d37-8c2b-1930d218417c-kube-api-access-wj2dq\") pod \"a0781eee-4c29-4d37-8c2b-1930d218417c\" (UID: \"a0781eee-4c29-4d37-8c2b-1930d218417c\") "
2025-01-29 18:44:38,677 INFO c.h.h.t.HelmChartContainer - [K3S] [reconciler_common.go:162] "operationExecutor.UnmountVolume started for volume \"test-persistent-volume-claim\" (UniqueName: \"kubernetes.io/local-volume/pvc-8bfaa1c5-97f5-485c-9b61-d3f9d7d4d733\") pod \"a0781eee-4c29-4d37-8c2b-1930d218417c\" (UID: \"a0781eee-4c29-4d37-8c2b-1930d218417c\") "
2025-01-29 18:44:38,677 INFO c.h.h.t.HelmChartContainer - [K3S] [reconciler_common.go:162] "operationExecutor.UnmountVolume started for volume \"broker-configuration\" (UniqueName: \"kubernetes.io/configmap/a0781eee-4c29-4d37-8c2b-1930d218417c-broker-configuration\") pod \"a0781eee-4c29-4d37-8c2b-1930d218417c\" (UID: \"a0781eee-4c29-4d37-8c2b-1930d218417c\") "
2025-01-29 18:44:38,677 INFO c.h.h.t.HelmChartContainer - [K3S] [reconciler_common.go:162] "operationExecutor.UnmountVolume started for volume \"operator-init\" (UniqueName: \"kubernetes.io/empty-dir/a0781eee-4c29-4d37-8c2b-1930d218417c-operator-init\") pod \"a0781eee-4c29-4d37-8c2b-1930d218417c\" (UID: \"a0781eee-4c29-4d37-8c2b-1930d218417c\") "
2025-01-29 18:44:38,677 INFO c.h.h.t.HelmChartContainer - [K3S] [reconciler_common.go:162] "operationExecutor.UnmountVolume started for volume \"test-mount-volume\" (UniqueName: \"kubernetes.io/configmap/a0781eee-4c29-4d37-8c2b-1930d218417c-test-mount-volume\") pod \"a0781eee-4c29-4d37-8c2b-1930d218417c\" (UID: \"a0781eee-4c29-4d37-8c2b-1930d218417c\") "
2025-01-29 18:44:38,677 INFO c.h.h.t.HelmChartContainer - [K3S] [reconciler_common.go:162] "operationExecutor.UnmountVolume started for volume \"test-empty-dir-volume\" (UniqueName: \"kubernetes.io/empty-dir/a0781eee-4c29-4d37-8c2b-1930d218417c-test-empty-dir-volume\") pod \"a0781eee-4c29-4d37-8c2b-1930d218417c\" (UID: \"a0781eee-4c29-4d37-8c2b-1930d218417c\") "
2025-01-29 18:44:38,734 INFO c.h.h.t.HelmChartContainer - [K3S] [stateful_set.go:438] "Unhandled Error" err="error syncing StatefulSet helmadditionalvolumesit/test-hivemq-platform, requeuing: controllerrevisions.apps \"test-hivemq-platform-5d4d897885\" is forbidden: unable to create new content in namespace helmadditionalvolumesit because it is being terminated"
2025-01-29 18:44:38,745 INFO c.h.h.t.HelmChartContainer - [K3S] [stateful_set.go:466] "StatefulSet has been deleted" key="helmadditionalvolumesit/test-hivemq-platform"
2025-01-29 18:44:38,776 INFO c.h.h.t.HelmChartContainer - [K3S] [reconciler_common.go:299] "Volume detached for volume \"pod-info\" (UniqueName: \"kubernetes.io/configmap/a0781eee-4c29-4d37-8c2b-1930d218417c-pod-info\") on node \"481ff9a8fcec\" DevicePath \"\""
2025-01-29 18:44:38,777 INFO c.h.h.t.HelmChartContainer - [K3S] [reconciler_common.go:299] "Volume detached for volume \"kube-api-access-wj2dq\" (UniqueName: \"kubernetes.io/projected/a0781eee-4c29-4d37-8c2b-1930d218417c-kube-api-access-wj2dq\") on node \"481ff9a8fcec\" DevicePath \"\""
2025-01-29 18:44:38,777 INFO c.h.h.t.HelmChartContainer - [K3S] [reconciler_common.go:292] "operationExecutor.UnmountDevice started for volume \"pvc-8bfaa1c5-97f5-485c-9b61-d3f9d7d4d733\" (UniqueName: \"kubernetes.io/local-volume/pvc-8bfaa1c5-97f5-485c-9b61-d3f9d7d4d733\") on node \"481ff9a8fcec\" "
2025-01-29 18:44:38,777 INFO c.h.h.t.HelmChartContainer - [K3S] [reconciler_common.go:299] "Volume detached for volume \"broker-configuration\" (UniqueName: \"kubernetes.io/configmap/a0781eee-4c29-4d37-8c2b-1930d218417c-broker-configuration\") on node \"481ff9a8fcec\" DevicePath \"\""
2025-01-29 18:44:38,777 INFO c.h.h.t.HelmChartContainer - [K3S] [reconciler_common.go:299] "Volume detached for volume \"operator-init\" (UniqueName: \"kubernetes.io/empty-dir/a0781eee-4c29-4d37-8c2b-1930d218417c-operator-init\") on node \"481ff9a8fcec\" DevicePath \"\""
2025-01-29 18:44:38,777 INFO c.h.h.t.HelmChartContainer - [K3S] [reconciler_common.go:299] "Volume detached for volume \"test-mount-volume\" (UniqueName: \"kubernetes.io/configmap/a0781eee-4c29-4d37-8c2b-1930d218417c-test-mount-volume\") on node \"481ff9a8fcec\" DevicePath \"\""
2025-01-29 18:44:38,777 INFO c.h.h.t.HelmChartContainer - [K3S] [reconciler_common.go:299] "Volume detached for volume \"test-empty-dir-volume\" (UniqueName: \"kubernetes.io/empty-dir/a0781eee-4c29-4d37-8c2b-1930d218417c-test-empty-dir-volume\") on node \"481ff9a8fcec\" DevicePath \"\""
2025-01-29 18:44:38,777 INFO c.h.h.t.HelmChartContainer - [K3S] [reconciler_common.go:299] "Volume detached for volume \"test-secret-volume\" (UniqueName: \"kubernetes.io/secret/a0781eee-4c29-4d37-8c2b-1930d218417c-test-secret-volume\") on node \"481ff9a8fcec\" DevicePath \"\""
2025-01-29 18:44:38,785 INFO c.h.h.t.HelmChartContainer - [K3S] [namespace_controller.go:164] "Unhandled Error" err="deletion of namespace helmadditionalvolumesit failed: unexpected items still remain in namespace: helmadditionalvolumesit for gvr: /v1, Resource=pods"
2025-01-29 18:44:38,876 INFO c.h.h.t.HelmChartContainer - [K3S] [reconciler_common.go:299] "Volume detached for volume \"pvc-8bfaa1c5-97f5-485c-9b61-d3f9d7d4d733\" (UniqueName: \"kubernetes.io/local-volume/pvc-8bfaa1c5-97f5-485c-9b61-d3f9d7d4d733\") on node \"481ff9a8fcec\" DevicePath \"\""
2025-01-29 18:44:38,895 INFO c.h.h.t.HelmChartContainer - [K3S] [stateful_set.go:466] "StatefulSet has been deleted" key="helmadditionalvolumesit/test-hivemq-platform"
2025-01-29 18:44:38,950 INFO c.h.h.t.HelmChartContainer - [K3S] [namespace_controller.go:164] "Unhandled Error" err="deletion of namespace helmadditionalvolumesit failed: unexpected items still remain in namespace: helmadditionalvolumesit for gvr: /v1, Resource=pods"
2025-01-29 18:44:39,050 INFO c.h.h.t.HelmChartContainer - [K3S] [namespace_controller.go:164] "Unhandled Error" err="deletion of namespace helmadditionalvolumesit failed: unexpected items still remain in namespace: helmadditionalvolumesit for gvr: /v1, Resource=pods"
2025-01-29 18:44:39,160 INFO c.h.h.t.HelmChartContainer - [K3S] [namespace_controller.go:164] "Unhandled Error" err="deletion of namespace helmadditionalvolumesit failed: unexpected items still remain in namespace: helmadditionalvolumesit for gvr: /v1, Resource=pods"
2025-01-29 18:44:39,231 INFO c.h.h.t.HelmChartContainer - [K3S] [scope.go:117] "RemoveContainer" containerID="754cbb31c8b65d5a2dc658810b8df360e798650e1d18a9eee3545af518d99252"
2025-01-29 18:44:39,257 INFO c.h.h.t.HelmChartContainer - [POD] test-hivemq-platform-0 [a0781eee-4c29-4d37-8c2b-1930d218417c] in helmadditionalvolumesit was MODIFIED
2025-01-29 18:44:39,258 INFO c.h.h.t.HelmChartContainer - [POD] test-hivemq-platform-0 [a0781eee-4c29-4d37-8c2b-1930d218417c] in helmadditionalvolumesit was DELETED
2025-01-29 18:44:39,278 INFO c.h.h.t.HelmChartContainer - [K3S] [memory_manager.go:355] "RemoveStaleState removing state" podUID="a0781eee-4c29-4d37-8c2b-1930d218417c" containerName="hivemq"
2025-01-29 18:44:39,279 INFO c.h.h.t.HelmChartContainer - [POD] helper-pod-delete-pvc-8bfaa1c5-97f5-485c-9b61-d3f9d7d4d733 [92daaff0-0ff7-47f2-a50d-054591bfff7a] in kube-system was ADDED
2025-01-29 18:44:39,286 INFO c.h.h.t.HelmChartContainer - [POD] helper-pod-delete-pvc-8bfaa1c5-97f5-485c-9b61-d3f9d7d4d733 [92daaff0-0ff7-47f2-a50d-054591bfff7a] in kube-system was MODIFIED
2025-01-29 18:44:39,342 INFO c.h.h.t.HelmChartContainer - [K3S] [scope.go:117] "RemoveContainer" containerID="acb362aaeccea0e21cb17faef154eb42f51da70d414438182d8426631ab20e9f"
2025-01-29 18:44:39,345 INFO c.h.h.t.HelmChartContainer - [K3S] [scope.go:117] "RemoveContainer" containerID="754cbb31c8b65d5a2dc658810b8df360e798650e1d18a9eee3545af518d99252"
2025-01-29 18:44:39,346 INFO c.h.h.t.HelmChartContainer - [K3S] [scope.go:117] "RemoveContainer" containerID="acb362aaeccea0e21cb17faef154eb42f51da70d414438182d8426631ab20e9f"
2025-01-29 18:44:39,379 INFO c.h.h.t.HelmChartContainer - [K3S] [reconciler_common.go:251] "operationExecutor.VerifyControllerAttachedVolume started for volume \"data\" (UniqueName: \"kubernetes.io/host-path/92daaff0-0ff7-47f2-a50d-054591bfff7a-data\") pod \"helper-pod-delete-pvc-8bfaa1c5-97f5-485c-9b61-d3f9d7d4d733\" (UID: \"92daaff0-0ff7-47f2-a50d-054591bfff7a\") " pod="kube-system/helper-pod-delete-pvc-8bfaa1c5-97f5-485c-9b61-d3f9d7d4d733"
2025-01-29 18:44:39,379 INFO c.h.h.t.HelmChartContainer - [K3S] [reconciler_common.go:251] "operationExecutor.VerifyControllerAttachedVolume started for volume \"script\" (UniqueName: \"kubernetes.io/configmap/92daaff0-0ff7-47f2-a50d-054591bfff7a-script\") pod \"helper-pod-delete-pvc-8bfaa1c5-97f5-485c-9b61-d3f9d7d4d733\" (UID: \"92daaff0-0ff7-47f2-a50d-054591bfff7a\") " pod="kube-system/helper-pod-delete-pvc-8bfaa1c5-97f5-485c-9b61-d3f9d7d4d733"
2025-01-29 18:44:39,379 INFO c.h.h.t.HelmChartContainer - [K3S] [reconciler_common.go:251] "operationExecutor.VerifyControllerAttachedVolume started for volume \"kube-api-access-2wp9k\" (UniqueName: \"kubernetes.io/projected/92daaff0-0ff7-47f2-a50d-054591bfff7a-kube-api-access-2wp9k\") pod \"helper-pod-delete-pvc-8bfaa1c5-97f5-485c-9b61-d3f9d7d4d733\" (UID: \"92daaff0-0ff7-47f2-a50d-054591bfff7a\") " pod="kube-system/helper-pod-delete-pvc-8bfaa1c5-97f5-485c-9b61-d3f9d7d4d733"
2025-01-29 18:44:39,500 INFO c.h.h.t.HelmChartContainer - [K3S] [kubelet_volumes.go:163] "Cleaned up orphaned pod volumes dir" podUID="a0781eee-4c29-4d37-8c2b-1930d218417c" path="/var/lib/kubelet/pods/a0781eee-4c29-4d37-8c2b-1930d218417c/volumes"
2025-01-29 18:44:40,241 INFO c.h.h.t.HelmChartContainer - [POD] helper-pod-delete-pvc-8bfaa1c5-97f5-485c-9b61-d3f9d7d4d733 [92daaff0-0ff7-47f2-a50d-054591bfff7a] in kube-system was MODIFIED
2025-01-29 18:44:41,304 INFO c.h.h.t.HelmChartContainer - [POD] helper-pod-delete-pvc-8bfaa1c5-97f5-485c-9b61-d3f9d7d4d733 [92daaff0-0ff7-47f2-a50d-054591bfff7a] in kube-system was MODIFIED
2025-01-29 18:44:41,392 INFO c.h.h.t.HelmChartContainer - [K3S] [reconciler_common.go:162] "operationExecutor.UnmountVolume started for volume \"script\" (UniqueName: \"kubernetes.io/configmap/92daaff0-0ff7-47f2-a50d-054591bfff7a-script\") pod \"92daaff0-0ff7-47f2-a50d-054591bfff7a\" (UID: \"92daaff0-0ff7-47f2-a50d-054591bfff7a\") "
2025-01-29 18:44:41,392 INFO c.h.h.t.HelmChartContainer - [K3S] [reconciler_common.go:162] "operationExecutor.UnmountVolume started for volume \"data\" (UniqueName: \"kubernetes.io/host-path/92daaff0-0ff7-47f2-a50d-054591bfff7a-data\") pod \"92daaff0-0ff7-47f2-a50d-054591bfff7a\" (UID: \"92daaff0-0ff7-47f2-a50d-054591bfff7a\") "
2025-01-29 18:44:41,392 INFO c.h.h.t.HelmChartContainer - [K3S] [reconciler_common.go:162] "operationExecutor.UnmountVolume started for volume \"kube-api-access-2wp9k\" (UniqueName: \"kubernetes.io/projected/92daaff0-0ff7-47f2-a50d-054591bfff7a-kube-api-access-2wp9k\") pod \"92daaff0-0ff7-47f2-a50d-054591bfff7a\" (UID: \"92daaff0-0ff7-47f2-a50d-054591bfff7a\") "
2025-01-29 18:44:41,492 INFO c.h.h.t.HelmChartContainer - [K3S] [reconciler_common.go:299] "Volume detached for volume \"script\" (UniqueName: \"kubernetes.io/configmap/92daaff0-0ff7-47f2-a50d-054591bfff7a-script\") on node \"481ff9a8fcec\" DevicePath \"\""
2025-01-29 18:44:41,492 INFO c.h.h.t.HelmChartContainer - [K3S] [reconciler_common.go:299] "Volume detached for volume \"data\" (UniqueName: \"kubernetes.io/host-path/92daaff0-0ff7-47f2-a50d-054591bfff7a-data\") on node \"481ff9a8fcec\" DevicePath \"\""
2025-01-29 18:44:41,492 INFO c.h.h.t.HelmChartContainer - [K3S] [reconciler_common.go:299] "Volume detached for volume \"kube-api-access-2wp9k\" (UniqueName: \"kubernetes.io/projected/92daaff0-0ff7-47f2-a50d-054591bfff7a-kube-api-access-2wp9k\") on node \"481ff9a8fcec\" DevicePath \"\""
2025-01-29 18:44:42,237 INFO c.h.h.t.HelmChartContainer - [K3S] [pod_container_deletor.go:80] "Container not found in pod's containers" containerID="147c7c09a0ccdc2394563e357ba8bae67b63e7b7effb0943eacf810c4e5e4615"
2025-01-29 18:44:42,297 INFO c.h.h.t.HelmChartContainer - [POD] helper-pod-delete-pvc-8bfaa1c5-97f5-485c-9b61-d3f9d7d4d733 [92daaff0-0ff7-47f2-a50d-054591bfff7a] in kube-system was MODIFIED
2025-01-29 18:44:42,302 INFO c.h.h.t.HelmChartContainer - [POD] helper-pod-delete-pvc-8bfaa1c5-97f5-485c-9b61-d3f9d7d4d733 [92daaff0-0ff7-47f2-a50d-054591bfff7a] in kube-system was DELETED
2025-01-29 18:44:43,503 INFO c.h.h.t.HelmChartContainer - [K3S] [kubelet_volumes.go:163] "Cleaned up orphaned pod volumes dir" podUID="92daaff0-0ff7-47f2-a50d-054591bfff7a" path="/var/lib/kubelet/pods/92daaff0-0ff7-47f2-a50d-054591bfff7a/volumes"
2025-01-29 18:44:44,551 INFO c.h.h.t.HelmChartContainer - Namespace 'helmadditionalvolumesit' deleted
2025-01-29 18:44:44,551 INFO c.h.h.t.HelmChartContainer - Release 'test-hivemq-platform' in namespace 'helmadditionalvolumesit' is uninstalled
2025-01-29 18:44:44,551 INFO c.h.h.t.HelmChartContainer - Uninstalling release 'test-hivemq-platform-operator' in namespace 'helmadditionalvolumesit-operator'...
2025-01-29 18:44:44,551 DEBUG c.h.h.t.HelmChartContainer - Executing helm command: /bin/helm --kubeconfig /etc/rancher/k3s/k3s.yaml uninstall test-hivemq-platform-operator  --wait --timeout 5m0s --cascade foreground --namespace helmadditionalvolumesit-operator
2025-01-29 18:44:44,713 INFO c.h.h.t.HelmChartContainer - [K3S] [replica_set.go:679] "Finished syncing" kind="ReplicaSet" key="helmadditionalvolumesit-operator/hivemq-test-hivemq-platform-operator-6966f96d65" duration="9.706112ms"
2025-01-29 18:44:44,713 INFO c.h.h.t.HelmChartContainer - [K3S] [replica_set.go:679] "Finished syncing" kind="ReplicaSet" key="helmadditionalvolumesit-operator/hivemq-test-hivemq-platform-operator-6966f96d65" duration="27.191µs"
2025-01-29 18:44:44,729 INFO c.h.h.t.HelmChartContainer - [POD] hivemq-test-hivemq-platform-operator-6966f96d65-smck4 [103895bb-4a21-4604-9008-34e49d073e67] in helmadditionalvolumesit-operator was MODIFIED
2025-01-29 18:44:44,737 INFO c.h.h.t.HelmChartContainer - [K3S] [replica_set.go:679] "Finished syncing" kind="ReplicaSet" key="helmadditionalvolumesit-operator/hivemq-test-hivemq-platform-operator-6966f96d65" duration="5.275381ms"
2025-01-29 18:44:44,738 INFO c.h.h.t.HelmChartContainer - [K3S] [replica_set.go:679] "Finished syncing" kind="ReplicaSet" key="helmadditionalvolumesit-operator/hivemq-test-hivemq-platform-operator-6966f96d65" duration="33.472µs"
2025-01-29 18:44:45,245 INFO c.h.h.t.HelmChartContainer - [EVENT] Normal [Killing] Stopping container hivemq-platform-operator [helmadditionalvolumesit-operator:hivemq-test-hivemq-platform-operator-6966f96d65-smck4]
2025-01-29 18:44:45,245 INFO c.h.h.t.HelmChartContainer - Received Killing event for container hivemq-platform-operator in pod hivemq-test-hivemq-platform-operator-6966f96d65-smck4 [103895bb-4a21-4604-9008-34e49d073e67]
2025-01-29 18:44:45,245 INFO c.h.h.t.HelmChartContainer - Container [hivemq-test-hivemq-platform-operator-6966f96d65-smck4] [hivemq-platform-operator] [103895bb-4a21-4604-9008-34e49d073e67] was terminated
2025-01-29 18:44:45,245 INFO c.h.h.t.HelmChartContainer - Stopped log watcher for hivemq-platform-operator in pod hivemq-test-hivemq-platform-operator-6966f96d65-smck4 [103895bb-4a21-4604-9008-34e49d073e67]
2025-01-29 18:44:45,273 INFO c.h.h.t.HelmChartContainer - [hivemq-test-hivemq-platform] [hivemq-platform-operator] [103895bb] 18:44:45.272 [application-shutdown-thread] INFO  c.h.p.o.HiveMQPlatformOperatorApplication - HiveMQ Platform Operator is stopping...
2025-01-29 18:44:45,274 INFO c.h.h.t.HelmChartContainer - [hivemq-test-hivemq-platform] [hivemq-platform-operator] [103895bb] 18:44:45.273 [application-shutdown-thread] INFO  i.javaoperatorsdk.operator.Operator - Operator SDK 4.9.7 is shutting down...
2025-01-29 18:44:45,881 INFO c.h.h.t.HelmChartContainer - [K3S] [replica_set.go:679] "Finished syncing" kind="ReplicaSet" key="helmadditionalvolumesit-operator/hivemq-test-hivemq-platform-operator-6966f96d65" duration="46.166µs"
2025-01-29 18:44:45,881 INFO c.h.h.t.HelmChartContainer - [POD] hivemq-test-hivemq-platform-operator-6966f96d65-smck4 [103895bb-4a21-4604-9008-34e49d073e67] in helmadditionalvolumesit-operator was MODIFIED
2025-01-29 18:44:45,923 INFO c.h.h.t.HelmChartContainer - [K3S] [reconciler_common.go:162] "operationExecutor.UnmountVolume started for volume \"kube-api-access-kssxd\" (UniqueName: \"kubernetes.io/projected/103895bb-4a21-4604-9008-34e49d073e67-kube-api-access-kssxd\") pod \"103895bb-4a21-4604-9008-34e49d073e67\" (UID: \"103895bb-4a21-4604-9008-34e49d073e67\") "
2025-01-29 18:44:46,024 INFO c.h.h.t.HelmChartContainer - [K3S] [reconciler_common.go:299] "Volume detached for volume \"kube-api-access-kssxd\" (UniqueName: \"kubernetes.io/projected/103895bb-4a21-4604-9008-34e49d073e67-kube-api-access-kssxd\") on node \"481ff9a8fcec\" DevicePath \"\""
2025-01-29 18:44:46,244 INFO c.h.h.t.HelmChartContainer - [K3S] [scope.go:117] "RemoveContainer" containerID="c68e11820077bf8bbf3d42066143c20de0bc7fa7c0f83e64acf99224842277e7"
2025-01-29 18:44:46,248 INFO c.h.h.t.HelmChartContainer - [K3S] [scope.go:117] "RemoveContainer" containerID="c68e11820077bf8bbf3d42066143c20de0bc7fa7c0f83e64acf99224842277e7"
2025-01-29 18:44:46,256 INFO c.h.h.t.HelmChartContainer - [K3S] [replica_set.go:679] "Finished syncing" kind="ReplicaSet" key="helmadditionalvolumesit-operator/hivemq-test-hivemq-platform-operator-6966f96d65" duration="45.716µs"
2025-01-29 18:44:46,257 INFO c.h.h.t.HelmChartContainer - [POD] hivemq-test-hivemq-platform-operator-6966f96d65-smck4 [103895bb-4a21-4604-9008-34e49d073e67] in helmadditionalvolumesit-operator was MODIFIED
2025-01-29 18:44:46,259 INFO c.h.h.t.HelmChartContainer - [K3S] [replica_set.go:679] "Finished syncing" kind="ReplicaSet" key="helmadditionalvolumesit-operator/hivemq-test-hivemq-platform-operator-6966f96d65" duration="30.547µs"
2025-01-29 18:44:46,260 INFO c.h.h.t.HelmChartContainer - [POD] hivemq-test-hivemq-platform-operator-6966f96d65-smck4 [103895bb-4a21-4604-9008-34e49d073e67] in helmadditionalvolumesit-operator was DELETED
2025-01-29 18:44:46,269 INFO c.h.h.t.HelmChartContainer - [K3S] [replica_set.go:679] "Finished syncing" kind="ReplicaSet" key="helmadditionalvolumesit-operator/hivemq-test-hivemq-platform-operator-6966f96d65" duration="6.462µs"
2025-01-29 18:44:46,754 INFO c.h.h.t.HelmChartContainer - Deleting namespace 'helmadditionalvolumesit-operator'...
2025-01-29 18:44:47,499 INFO c.h.h.t.HelmChartContainer - [K3S] [kubelet_volumes.go:163] "Cleaned up orphaned pod volumes dir" podUID="103895bb-4a21-4604-9008-34e49d073e67" path="/var/lib/kubelet/pods/103895bb-4a21-4604-9008-34e49d073e67/volumes"
2025-01-29 18:44:49,506 INFO c.h.h.t.HelmChartContainer - [K3S] [namespace_controller.go:187] "Namespace has been deleted" namespace="helmadditionalvolumesit"
2025-01-29 18:44:51,969 INFO c.h.h.t.HelmChartContainer - Namespace 'helmadditionalvolumesit-operator' deleted
2025-01-29 18:44:51,969 INFO c.h.h.t.HelmChartContainer - Release 'test-hivemq-platform-operator' in namespace 'helmadditionalvolumesit-operator' is uninstalled
2025-01-29 18:44:52,840 INFO c.h.helmcharts.AbstractHelmChartIT - Removed unused containers:

2025-01-29 18:44:56,883 INFO c.h.h.t.HelmChartContainer - [K3S] [namespace_controller.go:187] "Namespace has been deleted" namespace="helmadditionalvolumesit-operator"
2025-01-29 18:44:57,583 INFO c.h.h.t.HelmChartContainer - [K3S] [scope.go:117] "RemoveContainer" containerID="76932db70d920d5428bdda4fc75b417b4ee66dea7fbfddf7e3756cc715419d59"
2025-01-29 18:45:01,046 INFO c.h.helmcharts.AbstractHelmChartIT - Removed unused snapshots:
Removing snapshot sha256:03af251906410714c5aef9fa705b63f6bbc39c4a5e787de7361eeb18886c2ed2
Removing snapshot sha256:0c46b3b43cce082ce5ec34ffc6c294e0417d17b9d1e6f366d114b6aadc4f96dc
Removing snapshot sha256:0ce761beee59082d6ed5bcebd3a805b8ddd9b3426b617e4809e7fb7c6587ffec
Removing snapshot sha256:0df91287303208332c8ff6ba40ae4710105201739addbfbddfb955f1ad593664
Removing snapshot sha256:1021ef88c7974bfff89c5a0ec4fd3160daac6c48a075f74cff721f85dd104e68
Removing snapshot sha256:10aba4953ddc18145dd38e3704709bc464aa20af60b56fe52caaff4b68411e62
Removing snapshot sha256:2573e0d8158209ed54ab25c87bcdcb00bd3d2539246960a3d592a1c599d70465
Removing snapshot sha256:362a8a37f8bbc31925a8146adcf7cf51f9882f5c1dcbef67c5baa03a297543c0
Removing snapshot sha256:3fa4ad33f0ddc8fd45b39b6b4640f82a3a83619606cd975bfe89d8710ad2d4cd
Removing snapshot sha256:43a7c979bbaba6838bc3102d6b10a1459f3ab050b87ccdfef84ef90cf43d3058
Removing snapshot sha256:4ab04491cdf0d3267f08206fe30bd48f49f94b9cab2f016d6739220f722a64af
Removing snapshot sha256:4b6068250e89c96f263060261819c7d912855bfbd64b3eb4c4a8483299b8c295
Removing snapshot sha256:580e69a0a8034ede1921139bbd2bfb72a69ebf276d008281896c32dd8bf74775
Removing snapshot sha256:5d30ba46b27fe37484567ccc5242cadc78217b8da605f3f195ef25cbf7487904
Removing snapshot sha256:63ca1fbb43ae5034640e5e6cb3e083e05c290072c5366fcaa9d62435a4cced85
Removing snapshot sha256:66140dc7271ceb0a9b5e521509e7d96b916d4182681f723881bfae89675de7f6
Removing snapshot sha256:67f702c6baae873bceb19487c8b1f27bd2b86077e4f2f0e480e6d60ab508b8f5
Removing snapshot sha256:6864348dd42806d552efdec384f1274be15e2d0c10ce44c1f04347af004c10a9
Removing snapshot sha256:6c7dee8f2c39b84b7dc2711c01d33de93514d9055499173e9290176fbe484b6c
Removing snapshot sha256:82753493a6d61ded36556292f02f31841a14c20d2f279f19eaad65afb661d5cd
Removing snapshot sha256:8a10d3db42c505ee0fcfa98417bdd7e39b304f6bcc0a06bb1b220797ff2cc63c
Removing snapshot sha256:a0904247e36a7726c03c71ee48f3e64462021c88dafeb13f37fdaf613b27f11c
Removing snapshot sha256:a21e5b12dbac529ad45d976eb9ce45c881f3bedcc500fb30aba1e52aa1813418
Removing snapshot sha256:b921e6c28969094157f9b8e7244677780319637afd14450b7cb6b2fdea558a0c
Removing snapshot sha256:bc27ecb5769a00e309cf99ebc763c4a4b958b618d1decc96ffac5bc05f02f5b7
Removing snapshot sha256:be3ccb6627a5332e309d45ef461d09b4879dd870c7394d89323d0ebc6ca6aa8a
Removing snapshot sha256:c261f7cbbc64211ee175ee47273acdb7b1a36a4450b397a064a8f2c026490095
Removing snapshot sha256:c34d9393647eea0c9e3557ab988efaf59f61d10a2a5613b439ef0958cca5ec10
Removing snapshot sha256:ccf3c4a0fa967a41c1c83497a2ce6fa5787965859df0adb32c4ca2cf7490bc2b
Removing snapshot sha256:cf92d33f869417309692088c341cd0f223c178ea78a125f757317b22aa8f90e9
Removing snapshot sha256:d0037344cf2fb078884f1849f6a1f8cf9a33a3b6139b6a85833e5ee528e1f9a8
Removing snapshot sha256:d3b36d5b79273b1e98e7700470eaeff05a882e777124d84cebcc1505b85ecb36
Removing snapshot sha256:d65a44a37914602d12c611e5e22a50f11451d847e63015cc1c2aef92dee777a4
Removing snapshot sha256:e2dc0bae2455930f23ae570e019b7f32edc75c0f2d71cab084db837ff9051796
Removing snapshot sha256:e31519795c7e3df686c447a21ec8d2eb301388a5e39ccf7f20a25c6f6ce3a522
Removing snapshot sha256:e9e86ed11d9bebc0707dd6f1166c51237ebb44f98657241f943261b2675a5449
Removing snapshot sha256:eab00bccba159fbf2f69f34caf5d9017a278953c37edd4796f94e84a3df67b7c
Removing snapshot sha256:eccbd24a99c60cd9e86ee5305dbfc4a4dc89f5ab4fb1f06c8d64797cecedef34
Removing snapshot sha256:edd1404c718ab99ca3456bdf222065033800bb67d4334a9642746685a24394cd
Removing snapshot sha256:f144bb4c7c7f0d2aa7eeffd36d934ec40db1ee167be727e326aad9fdc616f475
Removing snapshot sha256:fc21f9eb35750ffc93b5f3809bfcc4a335d8d26839316bd1224229fb4b5295e8

]]></system-out>
  </testcase>
  <system-out><![CDATA[2025-01-29 18:43:14,823 INFO c.h.h.t.HelmChartContainerExtension - Using cached HelmChartContainer instance
]]></system-out>
  <system-err><![CDATA[]]></system-err>
</testsuite>
