<?xml version="1.0" encoding="UTF-8"?>
<testsuite name="com.hivemq.helmcharts.operator.CustomOperatorNamespacesIT" tests="1" skipped="0" failures="0" errors="0" timestamp="2025-01-29T17:03:39" hostname="fv-az1376-582" time="122.166">
  <properties/>
  <testcase name="whenOperatorNamespacesIsConfigured_thenOnlyCustomResourcesInWatchedNamespacesReconciled()" classname="com.hivemq.helmcharts.operator.CustomOperatorNamespacesIT" time="122.166">
    <system-out><![CDATA[2025-01-29 17:03:39,846 INFO c.h.h.t.HelmChartContainer - Creating namespace 'customoperatornamespacesit-operator'...
2025-01-29 17:03:39,856 INFO c.h.h.t.HelmChartContainer - Namespace 'customoperatornamespacesit-operator' created
2025-01-29 17:03:39,857 INFO c.h.h.t.HelmChartContainer - Creating namespace 'customoperatornamespacesit-alpha'...
2025-01-29 17:03:39,865 INFO c.h.h.t.HelmChartContainer - Namespace 'customoperatornamespacesit-alpha' created
2025-01-29 17:03:39,865 INFO c.h.h.t.HelmChartContainer - Creating namespace 'customoperatornamespacesit-beta'...
2025-01-29 17:03:39,968 INFO c.h.h.t.HelmChartContainer - Namespace 'customoperatornamespacesit-beta' created
2025-01-29 17:03:39,968 INFO c.h.h.t.HelmChartContainer - Creating namespace 'customoperatornamespacesit-gamma'...
2025-01-29 17:03:40,072 INFO c.h.h.t.HelmChartContainer - Namespace 'customoperatornamespacesit-gamma' created
2025-01-29 17:03:40,206 DEBUG c.h.h.t.HelmChartContainer - Executing helm command: /bin/helm --kubeconfig /etc/rancher/k3s/k3s.yaml install test-hivemq-platform-operator /charts/hivemq-platform-operator --wait --timeout 5m0s --set image.repository=docker.io/hivemq --set image.name=hivemq-platform-operator-test --set image.initImageName=hivemq-platform-operator-init-test --set image.tag=snapshot --set image.pullPolicy=Never --set logLevel=DEBUG --set resources.cpu=512m --set namespaces=customoperatornamespacesit-alpha\,customoperatornamespacesit-beta --namespace customoperatornamespacesit-operator
2025-01-29 17:03:40,588 INFO c.h.h.t.HelmChartContainer - [K3S] [alloc.go:330] "allocated clusterIPs" service="customoperatornamespacesit-operator/hivemq-platform-operator-test-hivemq-platform-operator" clusterIPs={"IPv4":"10.43.127.202"}
2025-01-29 17:03:40,617 INFO c.h.h.t.HelmChartContainer - [EVENT] Normal [ScalingReplicaSet] Scaled up replica set hivemq-test-hivemq-platform-operator-6c7f4cc7b from 0 to 1 [customoperatornamespacesit-operator:hivemq-test-hivemq-platform-operator]
2025-01-29 17:03:40,623 INFO c.h.h.t.HelmChartContainer - [POD] hivemq-test-hivemq-platform-operator-6c7f4cc7b-tkhvs [42fceac4-7485-46a1-88da-5e3779dad023] in customoperatornamespacesit-operator was ADDED
2025-01-29 17:03:40,632 INFO c.h.h.t.HelmChartContainer - [K3S] [replica_set.go:679] "Finished syncing" kind="ReplicaSet" key="customoperatornamespacesit-operator/hivemq-test-hivemq-platform-operator-6c7f4cc7b" duration="22.196992ms"
2025-01-29 17:03:40,637 INFO c.h.h.t.HelmChartContainer - [K3S] [memory_manager.go:355] "RemoveStaleState removing state" podUID="8461d859-aaf5-4d63-8481-15d349d1ca92" containerName="hivemq-platform-operator"
2025-01-29 17:03:40,637 INFO c.h.h.t.HelmChartContainer - [K3S] [memory_manager.go:355] "RemoveStaleState removing state" podUID="2592538d-6702-477b-8511-4d237ee7b1a2" containerName="hivemq"
2025-01-29 17:03:40,639 INFO c.h.h.t.HelmChartContainer - [EVENT] Normal [SuccessfulCreate] Created pod: hivemq-test-hivemq-platform-operator-6c7f4cc7b-tkhvs [customoperatornamespacesit-operator:hivemq-test-hivemq-platform-operator-6c7f4cc7b]
2025-01-29 17:03:40,640 INFO c.h.h.t.HelmChartContainer - [POD] hivemq-test-hivemq-platform-operator-6c7f4cc7b-tkhvs [42fceac4-7485-46a1-88da-5e3779dad023] in customoperatornamespacesit-operator was MODIFIED
2025-01-29 17:03:40,640 INFO c.h.h.t.HelmChartContainer - [EVENT] Normal [Scheduled] Successfully assigned customoperatornamespacesit-operator/hivemq-test-hivemq-platform-operator-6c7f4cc7b-tkhvs to dd90f63196ce [customoperatornamespacesit-operator:hivemq-test-hivemq-platform-operator-6c7f4cc7b-tkhvs]
2025-01-29 17:03:40,656 INFO c.h.h.t.HelmChartContainer - [K3S] [replica_set.go:679] "Finished syncing" kind="ReplicaSet" key="customoperatornamespacesit-operator/hivemq-test-hivemq-platform-operator-6c7f4cc7b" duration="23.538103ms"
2025-01-29 17:03:40,661 INFO c.h.h.t.HelmChartContainer - [POD] hivemq-test-hivemq-platform-operator-6c7f4cc7b-tkhvs [42fceac4-7485-46a1-88da-5e3779dad023] in customoperatornamespacesit-operator was MODIFIED
2025-01-29 17:03:40,671 INFO c.h.h.t.HelmChartContainer - [K3S] [replica_set.go:679] "Finished syncing" kind="ReplicaSet" key="customoperatornamespacesit-operator/hivemq-test-hivemq-platform-operator-6c7f4cc7b" duration="14.558336ms"
2025-01-29 17:03:40,671 INFO c.h.h.t.HelmChartContainer - [K3S] [replica_set.go:679] "Finished syncing" kind="ReplicaSet" key="customoperatornamespacesit-operator/hivemq-test-hivemq-platform-operator-6c7f4cc7b" duration="37.771µs"
2025-01-29 17:03:40,775 INFO c.h.h.t.HelmChartContainer - [K3S] [reconciler_common.go:251] "operationExecutor.VerifyControllerAttachedVolume started for volume \"kube-api-access-5h8f6\" (UniqueName: \"kubernetes.io/projected/42fceac4-7485-46a1-88da-5e3779dad023-kube-api-access-5h8f6\") pod \"hivemq-test-hivemq-platform-operator-6c7f4cc7b-tkhvs\" (UID: \"42fceac4-7485-46a1-88da-5e3779dad023\") " pod="customoperatornamespacesit-operator/hivemq-test-hivemq-platform-operator-6c7f4cc7b-tkhvs"
2025-01-29 17:03:41,043 INFO c.h.h.t.HelmChartContainer - [EVENT] Normal [Pulled] Container image "docker.io/hivemq/hivemq-platform-operator-test:snapshot" already present on machine [customoperatornamespacesit-operator:hivemq-test-hivemq-platform-operator-6c7f4cc7b-tkhvs]
2025-01-29 17:03:41,043 INFO c.h.h.t.HelmChartContainer - Received Pulled event for container hivemq-platform-operator in pod hivemq-test-hivemq-platform-operator-6c7f4cc7b-tkhvs [42fceac4-7485-46a1-88da-5e3779dad023]
2025-01-29 17:03:42,346 INFO c.h.h.t.HelmChartContainer - [EVENT] Normal [Created] Created container: hivemq-platform-operator [customoperatornamespacesit-operator:hivemq-test-hivemq-platform-operator-6c7f4cc7b-tkhvs]
2025-01-29 17:03:42,346 INFO c.h.h.t.HelmChartContainer - Received Created event for container hivemq-platform-operator in pod hivemq-test-hivemq-platform-operator-6c7f4cc7b-tkhvs [42fceac4-7485-46a1-88da-5e3779dad023]
2025-01-29 17:03:42,594 INFO c.h.h.t.HelmChartContainer - [K3S] [replica_set.go:679] "Finished syncing" kind="ReplicaSet" key="customoperatornamespacesit-operator/hivemq-test-hivemq-platform-operator-6c7f4cc7b" duration="63.308µs"
2025-01-29 17:03:42,596 INFO c.h.h.t.HelmChartContainer - [POD] hivemq-test-hivemq-platform-operator-6c7f4cc7b-tkhvs [42fceac4-7485-46a1-88da-5e3779dad023] in customoperatornamespacesit-operator was MODIFIED
2025-01-29 17:03:42,610 INFO c.h.h.t.HelmChartContainer - [EVENT] Normal [Started] Started container hivemq-platform-operator [customoperatornamespacesit-operator:hivemq-test-hivemq-platform-operator-6c7f4cc7b-tkhvs]
2025-01-29 17:03:42,610 INFO c.h.h.t.HelmChartContainer - Received Started event for container hivemq-platform-operator in pod hivemq-test-hivemq-platform-operator-6c7f4cc7b-tkhvs [42fceac4-7485-46a1-88da-5e3779dad023]
2025-01-29 17:03:42,610 INFO c.h.h.t.HelmChartContainer - Started log watcher for hivemq-platform-operator in pod hivemq-test-hivemq-platform-operator-6c7f4cc7b-tkhvs [42fceac4-7485-46a1-88da-5e3779dad023]
2025-01-29 17:03:42,611 INFO c.h.h.t.HelmChartContainer - [hivemq-test-hivemq-platform] [hivemq-platform-operator] [42fceac4] -------------------------------------------------------------------------
2025-01-29 17:03:42,611 INFO c.h.h.t.HelmChartContainer - [hivemq-test-hivemq-platform] [hivemq-platform-operator] [42fceac4] 
2025-01-29 17:03:42,611 INFO c.h.h.t.HelmChartContainer - [hivemq-test-hivemq-platform] [hivemq-platform-operator] [42fceac4]                   _    _  _              __  __   ____
2025-01-29 17:03:42,611 INFO c.h.h.t.HelmChartContainer - [hivemq-test-hivemq-platform] [hivemq-platform-operator] [42fceac4]                  | |  | |(_)            |  \/  | / __ \
2025-01-29 17:03:42,611 INFO c.h.h.t.HelmChartContainer - [hivemq-test-hivemq-platform] [hivemq-platform-operator] [42fceac4]                  | |__| | _ __   __ ___ | \  / || |  | |
2025-01-29 17:03:42,611 INFO c.h.h.t.HelmChartContainer - [hivemq-test-hivemq-platform] [hivemq-platform-operator] [42fceac4]                  |  __  || |\ \ / // _ \| |\/| || |  | |
2025-01-29 17:03:42,611 INFO c.h.h.t.HelmChartContainer - [hivemq-test-hivemq-platform] [hivemq-platform-operator] [42fceac4]                  | |  | || | \ V /|  __/| |  | || |__| |
2025-01-29 17:03:42,611 INFO c.h.h.t.HelmChartContainer - [hivemq-test-hivemq-platform] [hivemq-platform-operator] [42fceac4]                  |_|  |_||_|  \_/  \___||_|  |_| \___\_\
2025-01-29 17:03:42,611 INFO c.h.h.t.HelmChartContainer - [hivemq-test-hivemq-platform] [hivemq-platform-operator] [42fceac4] 
2025-01-29 17:03:42,611 INFO c.h.h.t.HelmChartContainer - [hivemq-test-hivemq-platform] [hivemq-platform-operator] [42fceac4] -------------------------------------------------------------------------
2025-01-29 17:03:42,611 INFO c.h.h.t.HelmChartContainer - [hivemq-test-hivemq-platform] [hivemq-platform-operator] [42fceac4] 
2025-01-29 17:03:42,611 INFO c.h.h.t.HelmChartContainer - [hivemq-test-hivemq-platform] [hivemq-platform-operator] [42fceac4]   HiveMQ Platform Operator Start Script v1.0
2025-01-29 17:03:42,611 INFO c.h.h.t.HelmChartContainer - [hivemq-test-hivemq-platform] [hivemq-platform-operator] [42fceac4] 
2025-01-29 17:03:42,611 INFO c.h.h.t.HelmChartContainer - [hivemq-test-hivemq-platform] [hivemq-platform-operator] [42fceac4] -------------------------------------------------------------------------
2025-01-29 17:03:42,611 INFO c.h.h.t.HelmChartContainer - [hivemq-test-hivemq-platform] [hivemq-platform-operator] [42fceac4] 
2025-01-29 17:03:42,611 INFO c.h.h.t.HelmChartContainer - [hivemq-test-hivemq-platform] [hivemq-platform-operator] [42fceac4]   JAVA_OPTS: -XX:+UnlockExperimentalVMOptions -XX:InitialRAMPercentage=75 -XX:MaxRAMPercentage=75 -Duser.language=en -Duser.region=US
2025-01-29 17:03:42,611 INFO c.h.h.t.HelmChartContainer - [hivemq-test-hivemq-platform] [hivemq-platform-operator] [42fceac4] 
2025-01-29 17:03:42,611 INFO c.h.h.t.HelmChartContainer - [hivemq-test-hivemq-platform] [hivemq-platform-operator] [42fceac4]   JAVA_VERSION: 21
2025-01-29 17:03:42,611 INFO c.h.h.t.HelmChartContainer - [hivemq-test-hivemq-platform] [hivemq-platform-operator] [42fceac4] 
2025-01-29 17:03:42,611 INFO c.h.h.t.HelmChartContainer - [hivemq-test-hivemq-platform] [hivemq-platform-operator] [42fceac4] -------------------------------------------------------------------------
2025-01-29 17:03:42,611 INFO c.h.h.t.HelmChartContainer - [hivemq-test-hivemq-platform] [hivemq-platform-operator] [42fceac4] 
2025-01-29 17:03:45,670 INFO c.h.h.t.HelmChartContainer - [hivemq-test-hivemq-platform] [hivemq-platform-operator] [42fceac4] 17:03:45.668 [main] DEBUG org.jboss.logging - Logging Provider: org.jboss.logging.Slf4jLoggerProvider
2025-01-29 17:03:45,776 INFO c.h.h.t.HelmChartContainer - [hivemq-test-hivemq-platform] [hivemq-platform-operator] [42fceac4] 17:03:45.775 [main] DEBUG io.smallrye.config - SRCFG01006: Loaded ConfigSource SysPropConfigSource with ordinal 400
2025-01-29 17:03:45,776 INFO c.h.h.t.HelmChartContainer - [hivemq-test-hivemq-platform] [hivemq-platform-operator] [42fceac4] 17:03:45.775 [main] DEBUG io.smallrye.config - SRCFG01006: Loaded ConfigSource EnvConfigSource with ordinal 300
2025-01-29 17:03:45,777 INFO c.h.h.t.HelmChartContainer - [hivemq-test-hivemq-platform] [hivemq-platform-operator] [42fceac4] 17:03:45.775 [main] DEBUG io.smallrye.config - SRCFG01006: Loaded ConfigSource PropertiesConfigSource[source=jar:file:///opt/hivemq-platform-operator/bin/hivemq-platform-operator.jar!/hivemq-platform-operator.properties] with ordinal 100
2025-01-29 17:03:45,777 INFO c.h.h.t.HelmChartContainer - [hivemq-test-hivemq-platform] [hivemq-platform-operator] [42fceac4] 17:03:45.775 [main] DEBUG io.smallrye.config - SRCFG01006: Loaded ConfigSource DefaultValuesConfigSource with ordinal -2147483648
2025-01-29 17:03:45,878 INFO c.h.h.t.HelmChartContainer - [hivemq-test-hivemq-platform] [hivemq-platform-operator] [42fceac4] 17:03:45.877 [main] DEBUG i.m.c.u.i.l.InternalLoggerFactory - Using SLF4J as the default logging framework
2025-01-29 17:03:45,987 INFO c.h.h.t.HelmChartContainer - [hivemq-test-hivemq-platform] [hivemq-platform-operator] [42fceac4] 17:03:45.979 [main] INFO  c.h.p.o.HiveMQPlatformOperatorApplication - HiveMQ Platform Operator 1.7.0-SNAPSHOT (commit: 8465ebf on branch: HEAD) built on Wed Jan 29 16:56:31 UTC 2025
2025-01-29 17:03:45,988 INFO c.h.h.t.HelmChartContainer - [hivemq-test-hivemq-platform] [hivemq-platform-operator] [42fceac4] 17:03:45.986 [main] INFO  c.h.p.o.HiveMQPlatformOperatorApplication - HiveMQ Platform Operator is running in namespace: customoperatornamespacesit-operator
2025-01-29 17:03:45,988 INFO c.h.h.t.HelmChartContainer - [hivemq-test-hivemq-platform] [hivemq-platform-operator] [42fceac4] 17:03:45.986 [main] INFO  c.h.p.o.HiveMQPlatformOperatorApplication - Watching namespaces: customoperatornamespacesit-alpha,customoperatornamespacesit-beta
2025-01-29 17:03:45,988 INFO c.h.h.t.HelmChartContainer - [hivemq-test-hivemq-platform] [hivemq-platform-operator] [42fceac4] 17:03:45.986 [main] INFO  c.h.p.o.HiveMQPlatformOperatorApplication - Log level: DEBUG
2025-01-29 17:03:45,988 INFO c.h.h.t.HelmChartContainer - [hivemq-test-hivemq-platform] [hivemq-platform-operator] [42fceac4] 17:03:45.986 [main] INFO  c.h.p.o.HiveMQPlatformOperatorApplication - Release name: test-hivemq-platform-operator
2025-01-29 17:03:45,988 INFO c.h.h.t.HelmChartContainer - [hivemq-test-hivemq-platform] [hivemq-platform-operator] [42fceac4] 17:03:45.986 [main] INFO  c.h.p.o.HiveMQPlatformOperatorApplication - HiveMQ Platform Operator Init image: docker.io/hivemq/hivemq-platform-operator-init-test:snapshot
2025-01-29 17:03:45,988 INFO c.h.h.t.HelmChartContainer - [hivemq-test-hivemq-platform] [hivemq-platform-operator] [42fceac4] 17:03:45.986 [main] INFO  c.h.p.o.HiveMQPlatformOperatorApplication - HiveMQ Platform Operator Init App update URL: http://hivemq-platform-operator-test-hivemq-platform-operator.customoperatornamespacesit-operator.svc:8080/initAppUpdate/hivemq-platform-operator-init-app-1.7.0-SNAPSHOT.jar
2025-01-29 17:03:45,988 INFO c.h.h.t.HelmChartContainer - [hivemq-test-hivemq-platform] [hivemq-platform-operator] [42fceac4] 17:03:45.986 [main] INFO  c.h.p.o.HiveMQPlatformOperatorApplication - Additional imagePullSecret for all Platform deployments: none
2025-01-29 17:03:45,988 INFO c.h.h.t.HelmChartContainer - [hivemq-test-hivemq-platform] [hivemq-platform-operator] [42fceac4] 17:03:45.986 [main] INFO  c.h.p.o.HiveMQPlatformOperatorApplication - Apply HiveMQ Platform CRD: true
2025-01-29 17:03:45,988 INFO c.h.h.t.HelmChartContainer - [hivemq-test-hivemq-platform] [hivemq-platform-operator] [42fceac4] 17:03:45.987 [main] INFO  c.h.p.o.HiveMQPlatformOperatorApplication - Create Platform ServiceAccount: true
2025-01-29 17:03:45,988 INFO c.h.h.t.HelmChartContainer - [hivemq-test-hivemq-platform] [hivemq-platform-operator] [42fceac4] 17:03:45.987 [main] INFO  c.h.p.o.HiveMQPlatformOperatorApplication - Create Platform ServiceAccount permissions: true
2025-01-29 17:03:45,988 INFO c.h.h.t.HelmChartContainer - [hivemq-test-hivemq-platform] [hivemq-platform-operator] [42fceac4] 17:03:45.987 [main] INFO  c.h.p.o.HiveMQPlatformOperatorApplication - Validate Platform ServiceAccount: true
2025-01-29 17:03:45,988 INFO c.h.h.t.HelmChartContainer - [hivemq-test-hivemq-platform] [hivemq-platform-operator] [42fceac4] 17:03:45.987 [main] INFO  c.h.p.o.HiveMQPlatformOperatorApplication - Validate Platform ServiceAccount permissions: true
2025-01-29 17:03:46,188 INFO c.h.h.t.HelmChartContainer - [hivemq-test-hivemq-platform] [hivemq-platform-operator] [42fceac4] 17:03:46.186 [main] INFO  c.h.platform.operator.util.CRDUtil - Verifying deployed HiveMQ Platform CRD...
2025-01-29 17:03:48,471 INFO c.h.h.t.HelmChartContainer - [hivemq-test-hivemq-platform] [hivemq-platform-operator] [42fceac4] 17:03:48.470 [main] DEBUG c.h.platform.operator.util.CRDUtil - HiveMQ Platform CRD version v1 is up to date
2025-01-29 17:03:48,473 INFO c.h.h.t.HelmChartContainer - [hivemq-test-hivemq-platform] [hivemq-platform-operator] [42fceac4] 17:03:48.470 [main] INFO  c.h.platform.operator.util.CRDUtil - HiveMQ Platform CRD is up to date (version: V1_6_0)
2025-01-29 17:03:48,473 INFO c.h.h.t.HelmChartContainer - [hivemq-test-hivemq-platform] [hivemq-platform-operator] [42fceac4] 17:03:48.470 [main] INFO  c.h.platform.operator.util.CRDUtil - Waiting 10000 ms for HiveMQ Platform CRD 'hivemq-platforms.hivemq.com' to become ready...
2025-01-29 17:03:48,770 INFO c.h.h.t.HelmChartContainer - [hivemq-test-hivemq-platform] [hivemq-platform-operator] [42fceac4] 17:03:48.767 [vert.x-eventloop-thread-1] DEBUG c.h.platform.operator.util.CRDUtil - Checking CRD condition 'NamesAccepted' (status: 'True')
2025-01-29 17:03:48,771 INFO c.h.h.t.HelmChartContainer - [hivemq-test-hivemq-platform] [hivemq-platform-operator] [42fceac4] 17:03:48.768 [vert.x-eventloop-thread-1] DEBUG c.h.platform.operator.util.CRDUtil - Checking CRD condition 'Established' (status: 'True')
2025-01-29 17:03:48,771 INFO c.h.h.t.HelmChartContainer - [hivemq-test-hivemq-platform] [hivemq-platform-operator] [42fceac4] 17:03:48.768 [main] INFO  c.h.platform.operator.util.CRDUtil - HiveMQ Platform CRD 'hivemq-platforms.hivemq.com' is ready
2025-01-29 17:03:48,883 INFO c.h.h.t.HelmChartContainer - [hivemq-test-hivemq-platform] [hivemq-platform-operator] [42fceac4] 17:03:48.882 [main] INFO  c.h.p.o.HiveMQPlatformReconciler - HiveMQ Platform Operator is starting...
2025-01-29 17:03:48,984 INFO c.h.h.t.HelmChartContainer - [hivemq-test-hivemq-platform] [hivemq-platform-operator] [42fceac4] 17:03:48.983 [main] WARN  Default ConfigurationService implementation - Configuration for reconciler 'hivemq-controller' was not found. Known reconcilers: None.
2025-01-29 17:03:49,072 INFO c.h.h.t.HelmChartContainer - [hivemq-test-hivemq-platform] [hivemq-platform-operator] [42fceac4] 17:03:49.071 [main] INFO  Default ConfigurationService implementation - Created configuration for reconciler com.hivemq.platform.operator.HiveMQPlatformReconciler with name hivemq-controller
2025-01-29 17:03:49,169 INFO c.h.h.t.HelmChartContainer - [hivemq-test-hivemq-platform] [hivemq-platform-operator] [42fceac4] 17:03:49.168 [main] DEBUG c.h.p.o.HiveMQPlatformReconciler - HiveMQ Platform Operator is preparing EventSources
2025-01-29 17:03:49,180 INFO c.h.h.t.HelmChartContainer - [hivemq-test-hivemq-platform] [hivemq-platform-operator] [42fceac4] 17:03:49.179 [main] INFO  i.javaoperatorsdk.operator.Operator - Registered reconciler: 'hivemq-controller' for resource: 'class com.hivemq.platform.operator.v1.HiveMQPlatform' for namespace(s): [customoperatornamespacesit-beta, customoperatornamespacesit-alpha]
2025-01-29 17:03:49,772 INFO c.h.h.t.HelmChartContainer - [hivemq-test-hivemq-platform] [hivemq-platform-operator] [42fceac4] 17:03:49.772 [main] INFO  c.h.p.operator.webserver.JettyServer - Starting Jetty server on port 8080
2025-01-29 17:03:49,869 INFO c.h.h.t.HelmChartContainer - [hivemq-test-hivemq-platform] [hivemq-platform-operator] [42fceac4] 17:03:49.867 [main] INFO  i.javaoperatorsdk.operator.Operator - Operator SDK 4.9.7 (commit: 2133d28) built on Wed Nov 20 12:56:20 UTC 2024 starting...
2025-01-29 17:03:49,869 INFO c.h.h.t.HelmChartContainer - [hivemq-test-hivemq-platform] [hivemq-platform-operator] [42fceac4] 17:03:49.868 [main] INFO  i.javaoperatorsdk.operator.Operator - Client version: 6.13.5
2025-01-29 17:03:49,870 INFO c.h.h.t.HelmChartContainer - [hivemq-test-hivemq-platform] [hivemq-platform-operator] [42fceac4] 17:03:49.869 [Controller Starter for: hivemq-controller] INFO  i.j.operator.processing.Controller - Starting 'hivemq-controller' controller for reconciler: com.hivemq.platform.operator.HiveMQPlatformReconciler, resource: com.hivemq.platform.operator.v1.HiveMQPlatform
2025-01-29 17:03:52,869 INFO c.h.h.t.HelmChartContainer - [hivemq-test-hivemq-platform] [hivemq-platform-operator] [42fceac4] 17:03:52.868 [Controller Starter for: hivemq-controller] INFO  i.j.operator.processing.Controller - 'hivemq-controller' controller started
2025-01-29 17:03:52,870 INFO c.h.h.t.HelmChartContainer - [hivemq-test-hivemq-platform] [hivemq-platform-operator] [42fceac4] 17:03:52.868 [main] INFO  c.h.p.o.HiveMQPlatformOperatorApplication - HiveMQ Platform Operator 1.7.0-SNAPSHOT started in 6889 ms
2025-01-29 17:03:53,599 INFO c.h.h.t.HelmChartContainer - [POD] hivemq-test-hivemq-platform-operator-6c7f4cc7b-tkhvs [42fceac4-7485-46a1-88da-5e3779dad023] in customoperatornamespacesit-operator was MODIFIED
2025-01-29 17:03:53,603 INFO c.h.h.t.HelmChartContainer - [K3S] [replica_set.go:679] "Finished syncing" kind="ReplicaSet" key="customoperatornamespacesit-operator/hivemq-test-hivemq-platform-operator-6c7f4cc7b" duration="6.04071ms"
2025-01-29 17:03:53,604 INFO c.h.h.t.HelmChartContainer - [K3S] [replica_set.go:679] "Finished syncing" kind="ReplicaSet" key="customoperatornamespacesit-operator/hivemq-test-hivemq-platform-operator-6c7f4cc7b" duration="31.969µs"
2025-01-29 17:03:54,658 INFO com.hivemq.helmcharts.util.K8sUtil - Pod 'hivemq-test-hivemq-platform-operator-6c7f4cc7b-tkhvs' is ready
2025-01-29 17:03:54,720 DEBUG c.h.h.t.HelmChartContainer - Executing helm command: /bin/helm --kubeconfig /etc/rancher/k3s/k3s.yaml install test-hivemq-platform-alpha /charts/hivemq-platform --wait --timeout 5m0s --set image.repository=docker.io/hivemq --set image.tag=4.36.0 --set image.pullPolicy=Never --set nodes.resources.cpu=512m --namespace customoperatornamespacesit-alpha --set nodes.replicaCount=1
2025-01-29 17:03:55,108 DEBUG c.h.h.t.HelmChartContainer - Executing helm command: /bin/helm --kubeconfig /etc/rancher/k3s/k3s.yaml install test-hivemq-platform-beta /charts/hivemq-platform --wait --timeout 5m0s --set image.repository=docker.io/hivemq --set image.tag=4.36.0 --set image.pullPolicy=Never --set nodes.resources.cpu=512m --namespace customoperatornamespacesit-beta --set nodes.replicaCount=1
2025-01-29 17:03:55,496 DEBUG c.h.h.t.HelmChartContainer - Executing helm command: /bin/helm --kubeconfig /etc/rancher/k3s/k3s.yaml install test-hivemq-platform-gamma /charts/hivemq-platform --wait --timeout 5m0s --set image.repository=docker.io/hivemq --set image.tag=4.36.0 --set image.pullPolicy=Never --set nodes.resources.cpu=512m --namespace customoperatornamespacesit-gamma --set nodes.replicaCount=1
2025-01-29 17:03:56,274 INFO c.h.h.t.HelmChartContainer - [hivemq-test-hivemq-platform] [hivemq-platform-operator] [42fceac4] 17:03:56.272 [pool-6-thread-4] DEBUG c.h.p.o.dependants.PodInfoConfigMap - [customop] Desired PodInfo ConfigMap (1 extensions) (1 enabled)
2025-01-29 17:03:56,275 INFO c.h.h.t.HelmChartContainer - [hivemq-test-hivemq-platform] [hivemq-platform-operator] [42fceac4] 17:03:56.273 [pool-6-thread-4] DEBUG c.h.p.o.dependants.PodInfoConfigMap - [customop] Desired PodInfo ConfigMap (metrics port: 9399) (metrics path: /)
2025-01-29 17:03:56,275 INFO c.h.h.t.HelmChartContainer - [hivemq-test-hivemq-platform] [hivemq-platform-operator] [42fceac4] 17:03:56.273 [pool-6-thread-4] DEBUG c.h.p.o.dependants.PodInfoConfigMap - [customop] Desired PodInfo ConfigMap (extension state hash: -1817474005)
2025-01-29 17:03:56,275 INFO c.h.h.t.HelmChartContainer - [hivemq-test-hivemq-platform] [hivemq-platform-operator] [42fceac4] 17:03:56.274 [pool-6-thread-4] DEBUG c.h.p.o.dependants.PodInfoConfigMap - [customop] Create PodInfo ConfigMap
2025-01-29 17:03:56,342 INFO c.h.h.t.HelmChartContainer - [hivemq-test-hivemq-platform] [hivemq-platform-operator] [42fceac4] 17:03:56.340 [pool-6-thread-7] DEBUG c.h.p.o.dependants.PodInfoConfigMap - [customop] Desired PodInfo ConfigMap (1 extensions) (1 enabled)
2025-01-29 17:03:56,342 INFO c.h.h.t.HelmChartContainer - [hivemq-test-hivemq-platform] [hivemq-platform-operator] [42fceac4] 17:03:56.341 [pool-6-thread-7] DEBUG c.h.p.o.dependants.PodInfoConfigMap - [customop] Desired PodInfo ConfigMap (metrics port: 9399) (metrics path: /)
2025-01-29 17:03:56,342 INFO c.h.h.t.HelmChartContainer - [hivemq-test-hivemq-platform] [hivemq-platform-operator] [42fceac4] 17:03:56.341 [pool-6-thread-7] DEBUG c.h.p.o.dependants.PodInfoConfigMap - [customop] Desired PodInfo ConfigMap (extension state hash: -1817474005)
2025-01-29 17:03:56,343 INFO c.h.h.t.HelmChartContainer - [hivemq-test-hivemq-platform] [hivemq-platform-operator] [42fceac4] 17:03:56.341 [pool-6-thread-7] DEBUG c.h.p.o.dependants.PodInfoConfigMap - [customop] Create PodInfo ConfigMap
2025-01-29 17:03:56,444 INFO c.h.h.t.HelmChartContainer - [hivemq-test-hivemq-platform] [hivemq-platform-operator] [42fceac4] 17:03:56.442 [pool-6-thread-9] DEBUG c.h.p.o.dependants.PodRoleResource - [customop] Create Role: Role(apiVersion=rbac.authorization.k8s.io/v1, kind=Role, metadata=ObjectMeta(annotations={meta.helm.sh/release-name=test-hivemq-platform-alpha, meta.helm.sh/release-namespace=customoperatornamespacesit-alpha}, creationTimestamp=null, deletionGracePeriodSeconds=null, deletionTimestamp=null, finalizers=[], generateName=null, generation=null, labels={helm.sh/chart=hivemq-platform-0.2.32, app.kubernetes.io/managed-by=Helm, app.kubernetes.io/name=hivemq-platform, hivemq-platform=test-hivemq-platform-alpha, app.kubernetes.io/instance=test-hivemq-platform-alpha, app.kubernetes.io/version=4.36.0}, managedFields=[], name=hivemq-platform-role-test-hivemq-platform-alpha, namespace=customoperatornamespacesit-alpha, ownerReferences=[OwnerReference(apiVersion=hivemq.com/v1, blockOwnerDeletion=null, controller=null, kind=HiveMQPlatform, name=test-hivemq-platform-alpha, uid=bac02e1f-3a3d-4753-847e-ab3305ff1641, additionalProperties={})], resourceVersion=null, selfLink=null, uid=null, additionalProperties={}), rules=[PolicyRule(apiGroups=[], nonResourceURLs=[], resourceNames=[], resources=[pods], verbs=[get, patch, update], additionalProperties={})], additionalProperties={})
2025-01-29 17:03:56,466 INFO c.h.h.t.HelmChartContainer - [hivemq-test-hivemq-platform] [hivemq-platform-operator] [42fceac4] 17:03:56.464 [pool-6-thread-11] DEBUG c.h.p.o.dependants.PodRoleResource - [customop] Create Role: Role(apiVersion=rbac.authorization.k8s.io/v1, kind=Role, metadata=ObjectMeta(annotations={meta.helm.sh/release-name=test-hivemq-platform-beta, meta.helm.sh/release-namespace=customoperatornamespacesit-beta}, creationTimestamp=null, deletionGracePeriodSeconds=null, deletionTimestamp=null, finalizers=[], generateName=null, generation=null, labels={helm.sh/chart=hivemq-platform-0.2.32, app.kubernetes.io/managed-by=Helm, app.kubernetes.io/name=hivemq-platform, hivemq-platform=test-hivemq-platform-beta, app.kubernetes.io/instance=test-hivemq-platform-beta, app.kubernetes.io/version=4.36.0}, managedFields=[], name=hivemq-platform-role-test-hivemq-platform-beta, namespace=customoperatornamespacesit-beta, ownerReferences=[OwnerReference(apiVersion=hivemq.com/v1, blockOwnerDeletion=null, controller=null, kind=HiveMQPlatform, name=test-hivemq-platform-beta, uid=17931e2d-e8a7-4996-803e-600b9cd1216b, additionalProperties={})], resourceVersion=null, selfLink=null, uid=null, additionalProperties={}), rules=[PolicyRule(apiGroups=[], nonResourceURLs=[], resourceNames=[], resources=[pods], verbs=[get, patch, update], additionalProperties={})], additionalProperties={})
2025-01-29 17:03:56,644 INFO c.h.h.t.HelmChartContainer - [hivemq-test-hivemq-platform] [hivemq-platform-operator] [42fceac4] 17:03:56.642 [pool-6-thread-14] DEBUG c.h.p.o.d.PodServiceAccountResource - [customop] Desired PodServiceAccountResource (serviceAccountName: hivemq-platform-pod-test-hivemq-platform-beta)
2025-01-29 17:03:56,645 INFO c.h.h.t.HelmChartContainer - [hivemq-test-hivemq-platform] [hivemq-platform-operator] [42fceac4] 17:03:56.643 [pool-6-thread-14] DEBUG c.h.p.o.d.PodServiceAccountResource - [customop] Create ServiceAccount 'hivemq-platform-pod-test-hivemq-platform-beta'
2025-01-29 17:03:56,646 INFO c.h.h.t.HelmChartContainer - [hivemq-test-hivemq-platform] [hivemq-platform-operator] [42fceac4] 17:03:56.641 [pool-6-thread-13] DEBUG c.h.p.o.d.PodServiceAccountResource - [customop] Desired PodServiceAccountResource (serviceAccountName: hivemq-platform-pod-test-hivemq-platform-alpha)
2025-01-29 17:03:56,646 INFO c.h.h.t.HelmChartContainer - [hivemq-test-hivemq-platform] [hivemq-platform-operator] [42fceac4] 17:03:56.643 [pool-6-thread-13] DEBUG c.h.p.o.d.PodServiceAccountResource - [customop] Create ServiceAccount 'hivemq-platform-pod-test-hivemq-platform-alpha'
2025-01-29 17:03:56,843 INFO c.h.h.t.HelmChartContainer - [hivemq-test-hivemq-platform] [hivemq-platform-operator] [42fceac4] 17:03:56.842 [pool-6-thread-19] DEBUG c.h.p.o.d.PodRoleBindingResource - [customop] Create RoleBinding: RoleBinding(apiVersion=rbac.authorization.k8s.io/v1, kind=RoleBinding, metadata=ObjectMeta(annotations={meta.helm.sh/release-name=test-hivemq-platform-alpha, meta.helm.sh/release-namespace=customoperatornamespacesit-alpha}, creationTimestamp=null, deletionGracePeriodSeconds=null, deletionTimestamp=null, finalizers=[], generateName=null, generation=null, labels={helm.sh/chart=hivemq-platform-0.2.32, app.kubernetes.io/managed-by=Helm, app.kubernetes.io/name=hivemq-platform, hivemq-platform=test-hivemq-platform-alpha, app.kubernetes.io/instance=test-hivemq-platform-alpha, app.kubernetes.io/version=4.36.0}, managedFields=[], name=hivemq-platform-role-binding-test-hivemq-platform-alpha, namespace=customoperatornamespacesit-alpha, ownerReferences=[OwnerReference(apiVersion=hivemq.com/v1, blockOwnerDeletion=null, controller=null, kind=HiveMQPlatform, name=test-hivemq-platform-alpha, uid=bac02e1f-3a3d-4753-847e-ab3305ff1641, additionalProperties={})], resourceVersion=null, selfLink=null, uid=null, additionalProperties={}), roleRef=RoleRef(apiGroup=rbac.authorization.k8s.io, kind=Role, name=hivemq-platform-role-test-hivemq-platform-alpha, additionalProperties={}), subjects=[Subject(apiGroup=null, kind=ServiceAccount, name=hivemq-platform-pod-test-hivemq-platform-alpha, namespace=customoperatornamespacesit-alpha, additionalProperties={})], additionalProperties={})
2025-01-29 17:03:56,843 INFO c.h.h.t.HelmChartContainer - [hivemq-test-hivemq-platform] [hivemq-platform-operator] [42fceac4] 17:03:56.842 [pool-6-thread-20] DEBUG c.h.p.o.d.PodRoleBindingResource - [customop] Create RoleBinding: RoleBinding(apiVersion=rbac.authorization.k8s.io/v1, kind=RoleBinding, metadata=ObjectMeta(annotations={meta.helm.sh/release-name=test-hivemq-platform-beta, meta.helm.sh/release-namespace=customoperatornamespacesit-beta}, creationTimestamp=null, deletionGracePeriodSeconds=null, deletionTimestamp=null, finalizers=[], generateName=null, generation=null, labels={helm.sh/chart=hivemq-platform-0.2.32, app.kubernetes.io/managed-by=Helm, app.kubernetes.io/name=hivemq-platform, hivemq-platform=test-hivemq-platform-beta, app.kubernetes.io/instance=test-hivemq-platform-beta, app.kubernetes.io/version=4.36.0}, managedFields=[], name=hivemq-platform-role-binding-test-hivemq-platform-beta, namespace=customoperatornamespacesit-beta, ownerReferences=[OwnerReference(apiVersion=hivemq.com/v1, blockOwnerDeletion=null, controller=null, kind=HiveMQPlatform, name=test-hivemq-platform-beta, uid=17931e2d-e8a7-4996-803e-600b9cd1216b, additionalProperties={})], resourceVersion=null, selfLink=null, uid=null, additionalProperties={}), roleRef=RoleRef(apiGroup=rbac.authorization.k8s.io, kind=Role, name=hivemq-platform-role-test-hivemq-platform-beta, additionalProperties={}), subjects=[Subject(apiGroup=null, kind=ServiceAccount, name=hivemq-platform-pod-test-hivemq-platform-beta, namespace=customoperatornamespacesit-beta, additionalProperties={})], additionalProperties={})
2025-01-29 17:03:56,872 INFO c.h.h.t.HelmChartContainer - [hivemq-test-hivemq-platform] [hivemq-platform-operator] [42fceac4] 17:03:56.868 [ReconcilerExecutor-hivemq-controller-62] INFO  c.h.p.o.HiveMQPlatformReconciler - [customop] Reconciling HiveMQ Platform 'test-hivemq-platform-alpha' in namespace 'customoperatornamespacesit-alpha'
2025-01-29 17:03:56,872 INFO c.h.h.t.HelmChartContainer - [hivemq-test-hivemq-platform] [hivemq-platform-operator] [42fceac4] 17:03:56.868 [ReconcilerExecutor-hivemq-controller-62] DEBUG c.h.p.o.HiveMQPlatformReconciler - [customop] Custom Resource Status CREATED - HiveMQ Platform was created (READY)
2025-01-29 17:03:56,872 INFO c.h.h.t.HelmChartContainer - [hivemq-test-hivemq-platform] [hivemq-platform-operator] [42fceac4] 17:03:56.868 [ReconcilerExecutor-hivemq-controller-62] DEBUG c.h.p.o.HiveMQPlatformReconciler - [customop] Custom Resource Spec (replicas: 1) (extensions: 1)
2025-01-29 17:03:56,881 INFO c.h.h.t.HelmChartContainer - [hivemq-test-hivemq-platform] [hivemq-platform-operator] [42fceac4] 17:03:56.878 [ReconcilerExecutor-hivemq-controller-62] INFO  c.h.p.o.h.HiveMQPlatformReconcilerBaseHandler - [customop] HiveMQ Platform is starting
2025-01-29 17:03:56,889 INFO c.h.h.t.HelmChartContainer - [hivemq-test-hivemq-platform] [hivemq-platform-operator] [42fceac4] 17:03:56.879 [ReconcilerExecutor-hivemq-controller-61] INFO  c.h.p.o.HiveMQPlatformReconciler - [customop] Reconciling HiveMQ Platform 'test-hivemq-platform-beta' in namespace 'customoperatornamespacesit-beta'
2025-01-29 17:03:56,889 INFO c.h.h.t.HelmChartContainer - [hivemq-test-hivemq-platform] [hivemq-platform-operator] [42fceac4] 17:03:56.886 [ReconcilerExecutor-hivemq-controller-61] DEBUG c.h.p.o.HiveMQPlatformReconciler - [customop] Custom Resource Status CREATED - HiveMQ Platform was created (READY)
2025-01-29 17:03:56,889 INFO c.h.h.t.HelmChartContainer - [hivemq-test-hivemq-platform] [hivemq-platform-operator] [42fceac4] 17:03:56.886 [ReconcilerExecutor-hivemq-controller-61] DEBUG c.h.p.o.HiveMQPlatformReconciler - [customop] Custom Resource Spec (replicas: 1) (extensions: 1)
2025-01-29 17:03:56,889 INFO c.h.h.t.HelmChartContainer - [hivemq-test-hivemq-platform] [hivemq-platform-operator] [42fceac4] 17:03:56.887 [ReconcilerExecutor-hivemq-controller-61] INFO  c.h.p.o.h.HiveMQPlatformReconcilerBaseHandler - [customop] HiveMQ Platform is starting
2025-01-29 17:03:57,071 INFO c.h.h.t.HelmChartContainer - [hivemq-test-hivemq-platform] [hivemq-platform-operator] [42fceac4] 17:03:57.069 [ReconcilerExecutor-hivemq-controller-61] DEBUG c.h.p.operator.event.EventSender - [customop] Creating K8s event hivemq-platform-starting: [Start] HiveMQ Platform is starting
2025-01-29 17:03:57,071 INFO c.h.h.t.HelmChartContainer - [hivemq-test-hivemq-platform] [hivemq-platform-operator] [42fceac4] 17:03:57.069 [ReconcilerExecutor-hivemq-controller-62] DEBUG c.h.p.operator.event.EventSender - [customop] Creating K8s event hivemq-platform-starting: [Start] HiveMQ Platform is starting
2025-01-29 17:03:57,148 INFO c.h.h.t.HelmChartContainer - [EVENT] Normal [Start] HiveMQ Platform is starting [customoperatornamespacesit-alpha:test-hivemq-platform-alpha]
2025-01-29 17:03:57,150 INFO c.h.h.t.HelmChartContainer - [EVENT] Normal [Start] HiveMQ Platform is starting [customoperatornamespacesit-beta:test-hivemq-platform-beta]
2025-01-29 17:03:57,168 INFO c.h.h.t.HelmChartContainer - [hivemq-test-hivemq-platform] [hivemq-platform-operator] [42fceac4] 17:03:57.166 [ReconcilerExecutor-hivemq-controller-61] INFO  c.h.p.o.h.AbstractHiveMQReconcilerStateHandler - [customop] Update HiveMQ Platform Status (CREATED [READY] -> STARTING [READY]): HiveMQ Platform is starting
2025-01-29 17:03:57,169 INFO c.h.h.t.HelmChartContainer - [hivemq-test-hivemq-platform] [hivemq-platform-operator] [42fceac4] 17:03:57.167 [ReconcilerExecutor-hivemq-controller-62] INFO  c.h.p.o.h.AbstractHiveMQReconcilerStateHandler - [customop] Update HiveMQ Platform Status (CREATED [READY] -> STARTING [READY]): HiveMQ Platform is starting
2025-01-29 17:03:57,249 DEBUG com.hivemq.helmcharts.util.K8sUtil - Comparing actual state 'STARTING' and waiting for 'RUNNING'
2025-01-29 17:04:07,273 INFO c.h.h.t.HelmChartContainer - [hivemq-test-hivemq-platform] [hivemq-platform-operator] [42fceac4] 17:04:07.272 [Timer-0] WARN  i.m.p.PrometheusMeterRegistry - The meter (MeterId{name='operator.sdk.events.received', tags=[tag(event=Event),tag(group=hivemq.com),tag(kind=HiveMQPlatform),tag(name=test-hivemq-platform-alpha),tag(namespace=customoperatornamespacesit-alpha),tag(scope=namespace),tag(version=v1)]}) registration has failed: Prometheus requires that all meters with the same name have the same set of tag keys. There is already an existing meter named 'operator.sdk.events.received' containing tag keys [action, event, group, kind, name, namespace, scope, version]. The meter you are attempting to register has keys [event, group, kind, name, namespace, scope, version]. Note that subsequent logs will be logged at debug level.
2025-01-29 17:04:07,281 INFO c.h.h.t.HelmChartContainer - [hivemq-test-hivemq-platform] [hivemq-platform-operator] [42fceac4] 17:04:07.277 [pool-6-thread-22] DEBUG c.h.p.o.d.PlatformServiceResource - [customop] Desired Platform services (3 services)
2025-01-29 17:04:07,281 INFO c.h.h.t.HelmChartContainer - [hivemq-test-hivemq-platform] [hivemq-platform-operator] [42fceac4] 17:04:07.278 [pool-6-thread-23] DEBUG c.h.p.o.dependants.PodInfoConfigMap - [customop] Desired PodInfo ConfigMap (1 extensions) (1 enabled)
2025-01-29 17:04:07,281 INFO c.h.h.t.HelmChartContainer - [hivemq-test-hivemq-platform] [hivemq-platform-operator] [42fceac4] 17:04:07.278 [pool-6-thread-23] DEBUG c.h.p.o.dependants.PodInfoConfigMap - [customop] Desired PodInfo ConfigMap (metrics port: 9399) (metrics path: /)
2025-01-29 17:04:07,281 INFO c.h.h.t.HelmChartContainer - [hivemq-test-hivemq-platform] [hivemq-platform-operator] [42fceac4] 17:04:07.278 [pool-6-thread-23] DEBUG c.h.p.o.dependants.PodInfoConfigMap - [customop] Desired PodInfo ConfigMap (extension state hash: -1817474005)
2025-01-29 17:04:07,283 INFO c.h.h.t.HelmChartContainer - [hivemq-test-hivemq-platform] [hivemq-platform-operator] [42fceac4] 17:04:07.281 [pool-6-thread-27] DEBUG c.h.p.o.d.PodServiceAccountResource - [customop] Desired PodServiceAccountResource (serviceAccountName: hivemq-platform-pod-test-hivemq-platform-alpha)
2025-01-29 17:04:07,287 INFO c.h.h.t.HelmChartContainer - [hivemq-test-hivemq-platform] [hivemq-platform-operator] [42fceac4] 17:04:07.287 [pool-6-thread-23] DEBUG c.h.p.o.dependants.PodInfoConfigMap - [customop] Update PodInfo ConfigMap
2025-01-29 17:04:07,294 INFO c.h.h.t.HelmChartContainer - [K3S] [alloc.go:330] "allocated clusterIPs" service="customoperatornamespacesit-alpha/hivemq-test-hivemq-platform-alpha-mqtt-1883" clusterIPs={"IPv4":"10.43.25.37"}
2025-01-29 17:04:07,466 INFO c.h.h.t.HelmChartContainer - [hivemq-test-hivemq-platform] [hivemq-platform-operator] [42fceac4] 17:04:07.464 [pool-6-thread-31] DEBUG c.h.p.o.d.PlatformServiceResource - [customop] Desired Platform services (3 services)
2025-01-29 17:04:07,468 INFO c.h.h.t.HelmChartContainer - [hivemq-test-hivemq-platform] [hivemq-platform-operator] [42fceac4] 17:04:07.467 [pool-6-thread-32] DEBUG c.h.p.o.dependants.PodInfoConfigMap - [customop] Desired PodInfo ConfigMap (1 extensions) (1 enabled)
2025-01-29 17:04:07,472 INFO c.h.h.t.HelmChartContainer - [hivemq-test-hivemq-platform] [hivemq-platform-operator] [42fceac4] 17:04:07.467 [pool-6-thread-32] DEBUG c.h.p.o.dependants.PodInfoConfigMap - [customop] Desired PodInfo ConfigMap (metrics port: 9399) (metrics path: /)
2025-01-29 17:04:07,472 INFO c.h.h.t.HelmChartContainer - [hivemq-test-hivemq-platform] [hivemq-platform-operator] [42fceac4] 17:04:07.467 [pool-6-thread-32] DEBUG c.h.p.o.dependants.PodInfoConfigMap - [customop] Desired PodInfo ConfigMap (extension state hash: -1817474005)
2025-01-29 17:04:07,472 INFO c.h.h.t.HelmChartContainer - [hivemq-test-hivemq-platform] [hivemq-platform-operator] [42fceac4] 17:04:07.470 [pool-6-thread-32] DEBUG c.h.p.o.dependants.PodInfoConfigMap - [customop] Update PodInfo ConfigMap
2025-01-29 17:04:07,473 INFO c.h.h.t.HelmChartContainer - [hivemq-test-hivemq-platform] [hivemq-platform-operator] [42fceac4] 17:04:07.472 [pool-6-thread-36] DEBUG c.h.p.o.d.PodServiceAccountResource - [customop] Desired PodServiceAccountResource (serviceAccountName: hivemq-platform-pod-test-hivemq-platform-beta)
2025-01-29 17:04:07,476 INFO c.h.h.t.HelmChartContainer - [K3S] [alloc.go:330] "allocated clusterIPs" service="customoperatornamespacesit-alpha/hivemq-test-hivemq-platform-alpha-cc-8080" clusterIPs={"IPv4":"10.43.187.108"}
2025-01-29 17:04:07,485 INFO c.h.h.t.HelmChartContainer - [K3S] [alloc.go:330] "allocated clusterIPs" service="customoperatornamespacesit-beta/hivemq-test-hivemq-platform-beta-cc-8080" clusterIPs={"IPv4":"10.43.91.211"}
2025-01-29 17:04:07,576 INFO c.h.h.t.HelmChartContainer - [K3S] [alloc.go:330] "allocated clusterIPs" service="customoperatornamespacesit-alpha/hivemq-test-hivemq-platform-alpha-metrics-9399" clusterIPs={"IPv4":"10.43.167.247"}
2025-01-29 17:04:07,581 INFO c.h.h.t.HelmChartContainer - [K3S] [alloc.go:330] "allocated clusterIPs" service="customoperatornamespacesit-beta/hivemq-test-hivemq-platform-beta-metrics-9399" clusterIPs={"IPv4":"10.43.184.60"}
2025-01-29 17:04:07,668 INFO c.h.h.t.HelmChartContainer - [hivemq-test-hivemq-platform] [hivemq-platform-operator] [42fceac4] 17:04:07.666 [pool-6-thread-39] DEBUG c.h.p.o.d.StatefulSetResource - [customop] Desired StatefulSet (1 replicas) for status STARTING (READY)
2025-01-29 17:04:07,675 INFO c.h.h.t.HelmChartContainer - [K3S] [alloc.go:330] "allocated clusterIPs" service="customoperatornamespacesit-beta/hivemq-test-hivemq-platform-beta-mqtt-1883" clusterIPs={"IPv4":"10.43.219.85"}
2025-01-29 17:04:07,684 INFO c.h.h.t.HelmChartContainer - [hivemq-test-hivemq-platform] [hivemq-platform-operator] [42fceac4] 17:04:07.684 [pool-6-thread-40] DEBUG c.h.p.o.d.StatefulSetResource - [customop] Desired StatefulSet (1 replicas) for status STARTING (READY)
2025-01-29 17:04:07,768 INFO c.h.h.t.HelmChartContainer - [hivemq-test-hivemq-platform] [hivemq-platform-operator] [42fceac4] 17:04:07.765 [pool-6-thread-39] DEBUG c.h.p.o.d.StatefulSetResource - [customop] Create StatefulSet
2025-01-29 17:04:07,768 INFO c.h.h.t.HelmChartContainer - [hivemq-test-hivemq-platform] [hivemq-platform-operator] [42fceac4] 17:04:07.765 [pool-6-thread-40] DEBUG c.h.p.o.d.StatefulSetResource - [customop] Create StatefulSet
2025-01-29 17:04:07,893 INFO c.h.h.t.HelmChartContainer - [POD] test-hivemq-platform-alpha-0 [c2bf1c29-5ac9-419a-8781-f435a11e6e56] in customoperatornamespacesit-alpha was ADDED
2025-01-29 17:04:07,893 INFO c.h.h.t.HelmChartContainer - [POD] test-hivemq-platform-beta-0 [5ad2605c-4dc2-4cc6-b742-7c27ab7085d3] in customoperatornamespacesit-beta was ADDED
2025-01-29 17:04:07,900 INFO c.h.h.t.HelmChartContainer - [POD] test-hivemq-platform-alpha-0 [c2bf1c29-5ac9-419a-8781-f435a11e6e56] in customoperatornamespacesit-alpha was MODIFIED
2025-01-29 17:04:07,900 INFO c.h.h.t.HelmChartContainer - [POD] test-hivemq-platform-beta-0 [5ad2605c-4dc2-4cc6-b742-7c27ab7085d3] in customoperatornamespacesit-beta was MODIFIED
2025-01-29 17:04:07,901 INFO c.h.h.t.HelmChartContainer - [EVENT] Normal [SuccessfulCreate] create Pod test-hivemq-platform-beta-0 in StatefulSet test-hivemq-platform-beta successful [customoperatornamespacesit-beta:test-hivemq-platform-beta]
2025-01-29 17:04:07,901 INFO c.h.h.t.HelmChartContainer - [EVENT] Normal [Scheduled] Successfully assigned customoperatornamespacesit-alpha/test-hivemq-platform-alpha-0 to dd90f63196ce [customoperatornamespacesit-alpha:test-hivemq-platform-alpha-0]
2025-01-29 17:04:07,902 INFO c.h.h.t.HelmChartContainer - [EVENT] Normal [SuccessfulCreate] create Pod test-hivemq-platform-alpha-0 in StatefulSet test-hivemq-platform-alpha successful [customoperatornamespacesit-alpha:test-hivemq-platform-alpha]
2025-01-29 17:04:07,903 INFO c.h.h.t.HelmChartContainer - [EVENT] Normal [Scheduled] Successfully assigned customoperatornamespacesit-beta/test-hivemq-platform-beta-0 to dd90f63196ce [customoperatornamespacesit-beta:test-hivemq-platform-beta-0]
2025-01-29 17:04:07,917 INFO c.h.h.t.HelmChartContainer - [POD] test-hivemq-platform-alpha-0 [c2bf1c29-5ac9-419a-8781-f435a11e6e56] in customoperatornamespacesit-alpha was MODIFIED
2025-01-29 17:04:07,928 INFO c.h.h.t.HelmChartContainer - [POD] test-hivemq-platform-beta-0 [5ad2605c-4dc2-4cc6-b742-7c27ab7085d3] in customoperatornamespacesit-beta was MODIFIED
2025-01-29 17:04:07,968 INFO c.h.h.t.HelmChartContainer - [hivemq-test-hivemq-platform] [hivemq-platform-operator] [42fceac4] 17:04:07.965 [ReconcilerExecutor-hivemq-controller-94] INFO  c.h.p.o.HiveMQPlatformReconciler - [customop] Reconciling HiveMQ Platform 'test-hivemq-platform-beta' in namespace 'customoperatornamespacesit-beta'
2025-01-29 17:04:07,968 INFO c.h.h.t.HelmChartContainer - [hivemq-test-hivemq-platform] [hivemq-platform-operator] [42fceac4] 17:04:07.966 [ReconcilerExecutor-hivemq-controller-94] DEBUG c.h.p.o.HiveMQPlatformReconciler - [customop] Custom Resource Status STARTING - HiveMQ Platform is starting (READY)
2025-01-29 17:04:07,968 INFO c.h.h.t.HelmChartContainer - [hivemq-test-hivemq-platform] [hivemq-platform-operator] [42fceac4] 17:04:07.966 [ReconcilerExecutor-hivemq-controller-94] DEBUG c.h.p.o.HiveMQPlatformReconciler - [customop] Custom Resource Spec (replicas: 1) (extensions: 1)
2025-01-29 17:04:07,972 INFO c.h.h.t.HelmChartContainer - [hivemq-test-hivemq-platform] [hivemq-platform-operator] [42fceac4] 17:04:07.970 [ReconcilerExecutor-hivemq-controller-83] INFO  c.h.p.o.HiveMQPlatformReconciler - [customop] Reconciling HiveMQ Platform 'test-hivemq-platform-alpha' in namespace 'customoperatornamespacesit-alpha'
2025-01-29 17:04:07,972 INFO c.h.h.t.HelmChartContainer - [hivemq-test-hivemq-platform] [hivemq-platform-operator] [42fceac4] 17:04:07.970 [ReconcilerExecutor-hivemq-controller-83] DEBUG c.h.p.o.HiveMQPlatformReconciler - [customop] Custom Resource Status STARTING - HiveMQ Platform is starting (READY)
2025-01-29 17:04:07,972 INFO c.h.h.t.HelmChartContainer - [hivemq-test-hivemq-platform] [hivemq-platform-operator] [42fceac4] 17:04:07.970 [ReconcilerExecutor-hivemq-controller-83] DEBUG c.h.p.o.HiveMQPlatformReconciler - [customop] Custom Resource Spec (replicas: 1) (extensions: 1)
2025-01-29 17:04:07,976 INFO c.h.h.t.HelmChartContainer - [hivemq-test-hivemq-platform] [hivemq-platform-operator] [42fceac4] 17:04:07.975 [ReconcilerExecutor-hivemq-controller-83] DEBUG c.h.p.o.HiveMQPlatformReconciler - [customop] StatefulSet Status (revision: null, replicas: 0, available: 0, ready: 0, current: 0, updated: 0)
2025-01-29 17:04:07,978 INFO c.h.h.t.HelmChartContainer - [hivemq-test-hivemq-platform] [hivemq-platform-operator] [42fceac4] 17:04:07.975 [ReconcilerExecutor-hivemq-controller-94] DEBUG c.h.p.o.HiveMQPlatformReconciler - [customop] StatefulSet Status (revision: null, replicas: 0, available: 0, ready: 0, current: 0, updated: 0)
2025-01-29 17:04:07,978 INFO c.h.h.t.HelmChartContainer - [hivemq-test-hivemq-platform] [hivemq-platform-operator] [42fceac4] 17:04:07.975 [ReconcilerExecutor-hivemq-controller-83] DEBUG c.h.p.o.HiveMQPlatformReconciler - [customop] StatefulSet Spec (replicas: 1, init containers: 1, containers: 1, volumes: 3)
2025-01-29 17:04:07,978 INFO c.h.h.t.HelmChartContainer - [hivemq-test-hivemq-platform] [hivemq-platform-operator] [42fceac4] 17:04:07.975 [ReconcilerExecutor-hivemq-controller-94] DEBUG c.h.p.o.HiveMQPlatformReconciler - [customop] StatefulSet Spec (replicas: 1, init containers: 1, containers: 1, volumes: 3)
2025-01-29 17:04:08,035 INFO c.h.h.t.HelmChartContainer - [K3S] [reconciler_common.go:251] "operationExecutor.VerifyControllerAttachedVolume started for volume \"operator-init\" (UniqueName: \"kubernetes.io/empty-dir/c2bf1c29-5ac9-419a-8781-f435a11e6e56-operator-init\") pod \"test-hivemq-platform-alpha-0\" (UID: \"c2bf1c29-5ac9-419a-8781-f435a11e6e56\") " pod="customoperatornamespacesit-alpha/test-hivemq-platform-alpha-0"
2025-01-29 17:04:08,035 INFO c.h.h.t.HelmChartContainer - [K3S] [reconciler_common.go:251] "operationExecutor.VerifyControllerAttachedVolume started for volume \"pod-info\" (UniqueName: \"kubernetes.io/configmap/c2bf1c29-5ac9-419a-8781-f435a11e6e56-pod-info\") pod \"test-hivemq-platform-alpha-0\" (UID: \"c2bf1c29-5ac9-419a-8781-f435a11e6e56\") " pod="customoperatornamespacesit-alpha/test-hivemq-platform-alpha-0"
2025-01-29 17:04:08,035 INFO c.h.h.t.HelmChartContainer - [K3S] [reconciler_common.go:251] "operationExecutor.VerifyControllerAttachedVolume started for volume \"broker-configuration\" (UniqueName: \"kubernetes.io/configmap/c2bf1c29-5ac9-419a-8781-f435a11e6e56-broker-configuration\") pod \"test-hivemq-platform-alpha-0\" (UID: \"c2bf1c29-5ac9-419a-8781-f435a11e6e56\") " pod="customoperatornamespacesit-alpha/test-hivemq-platform-alpha-0"
2025-01-29 17:04:08,036 INFO c.h.h.t.HelmChartContainer - [K3S] [reconciler_common.go:251] "operationExecutor.VerifyControllerAttachedVolume started for volume \"pod-info\" (UniqueName: \"kubernetes.io/configmap/5ad2605c-4dc2-4cc6-b742-7c27ab7085d3-pod-info\") pod \"test-hivemq-platform-beta-0\" (UID: \"5ad2605c-4dc2-4cc6-b742-7c27ab7085d3\") " pod="customoperatornamespacesit-beta/test-hivemq-platform-beta-0"
2025-01-29 17:04:08,036 INFO c.h.h.t.HelmChartContainer - [K3S] [reconciler_common.go:251] "operationExecutor.VerifyControllerAttachedVolume started for volume \"operator-init\" (UniqueName: \"kubernetes.io/empty-dir/5ad2605c-4dc2-4cc6-b742-7c27ab7085d3-operator-init\") pod \"test-hivemq-platform-beta-0\" (UID: \"5ad2605c-4dc2-4cc6-b742-7c27ab7085d3\") " pod="customoperatornamespacesit-beta/test-hivemq-platform-beta-0"
2025-01-29 17:04:08,036 INFO c.h.h.t.HelmChartContainer - [K3S] [reconciler_common.go:251] "operationExecutor.VerifyControllerAttachedVolume started for volume \"kube-api-access-jbdz2\" (UniqueName: \"kubernetes.io/projected/5ad2605c-4dc2-4cc6-b742-7c27ab7085d3-kube-api-access-jbdz2\") pod \"test-hivemq-platform-beta-0\" (UID: \"5ad2605c-4dc2-4cc6-b742-7c27ab7085d3\") " pod="customoperatornamespacesit-beta/test-hivemq-platform-beta-0"
2025-01-29 17:04:08,036 INFO c.h.h.t.HelmChartContainer - [K3S] [reconciler_common.go:251] "operationExecutor.VerifyControllerAttachedVolume started for volume \"kube-api-access-c464r\" (UniqueName: \"kubernetes.io/projected/c2bf1c29-5ac9-419a-8781-f435a11e6e56-kube-api-access-c464r\") pod \"test-hivemq-platform-alpha-0\" (UID: \"c2bf1c29-5ac9-419a-8781-f435a11e6e56\") " pod="customoperatornamespacesit-alpha/test-hivemq-platform-alpha-0"
2025-01-29 17:04:08,036 INFO c.h.h.t.HelmChartContainer - [K3S] [reconciler_common.go:251] "operationExecutor.VerifyControllerAttachedVolume started for volume \"broker-configuration\" (UniqueName: \"kubernetes.io/configmap/5ad2605c-4dc2-4cc6-b742-7c27ab7085d3-broker-configuration\") pod \"test-hivemq-platform-beta-0\" (UID: \"5ad2605c-4dc2-4cc6-b742-7c27ab7085d3\") " pod="customoperatornamespacesit-beta/test-hivemq-platform-beta-0"
2025-01-29 17:04:08,073 INFO c.h.h.t.HelmChartContainer - [hivemq-test-hivemq-platform] [hivemq-platform-operator] [42fceac4] 17:04:08.071 [ReconcilerExecutor-hivemq-controller-94] DEBUG c.h.p.o.h.HiveMQPlatformReconcilerErrorHandler - [customop] Pod 'test-hivemq-platform-beta-0' phase Pending
2025-01-29 17:04:08,074 INFO c.h.h.t.HelmChartContainer - [hivemq-test-hivemq-platform] [hivemq-platform-operator] [42fceac4] 17:04:08.071 [ReconcilerExecutor-hivemq-controller-83] DEBUG c.h.p.o.h.HiveMQPlatformReconcilerErrorHandler - [customop] Pod 'test-hivemq-platform-alpha-0' phase Pending
2025-01-29 17:04:08,078 INFO c.h.h.t.HelmChartContainer - [hivemq-test-hivemq-platform] [hivemq-platform-operator] [42fceac4] 17:04:08.077 [ReconcilerExecutor-hivemq-controller-94] INFO  c.h.p.o.h.HiveMQPlatformReconcilerBaseHandler - [customop] HiveMQ Platform is starting, 0 of 1 replicas are ready
2025-01-29 17:04:08,079 INFO c.h.h.t.HelmChartContainer - [hivemq-test-hivemq-platform] [hivemq-platform-operator] [42fceac4] 17:04:08.078 [ReconcilerExecutor-hivemq-controller-83] INFO  c.h.p.o.h.HiveMQPlatformReconcilerBaseHandler - [customop] HiveMQ Platform is starting, 0 of 1 replicas are ready
2025-01-29 17:04:08,172 INFO c.h.h.t.HelmChartContainer - [hivemq-test-hivemq-platform] [hivemq-platform-operator] [42fceac4] 17:04:08.169 [pool-6-thread-44] DEBUG c.h.p.o.d.PlatformServiceResource - [customop] Desired Platform services (3 services)
2025-01-29 17:04:08,173 INFO c.h.h.t.HelmChartContainer - [hivemq-test-hivemq-platform] [hivemq-platform-operator] [42fceac4] 17:04:08.171 [pool-6-thread-43] DEBUG c.h.p.o.d.PlatformServiceResource - [customop] Desired Platform services (3 services)
2025-01-29 17:04:08,174 INFO c.h.h.t.HelmChartContainer - [hivemq-test-hivemq-platform] [hivemq-platform-operator] [42fceac4] 17:04:08.170 [pool-6-thread-45] DEBUG c.h.p.o.dependants.PodInfoConfigMap - [customop] Desired PodInfo ConfigMap (1 extensions) (1 enabled)
2025-01-29 17:04:08,175 INFO c.h.h.t.HelmChartContainer - [hivemq-test-hivemq-platform] [hivemq-platform-operator] [42fceac4] 17:04:08.173 [pool-6-thread-45] DEBUG c.h.p.o.dependants.PodInfoConfigMap - [customop] Desired PodInfo ConfigMap (metrics port: 9399) (metrics path: /)
2025-01-29 17:04:08,175 INFO c.h.h.t.HelmChartContainer - [hivemq-test-hivemq-platform] [hivemq-platform-operator] [42fceac4] 17:04:08.173 [pool-6-thread-45] DEBUG c.h.p.o.dependants.PodInfoConfigMap - [customop] Desired PodInfo ConfigMap (extension state hash: -1817474005)
2025-01-29 17:04:08,179 INFO c.h.h.t.HelmChartContainer - [hivemq-test-hivemq-platform] [hivemq-platform-operator] [42fceac4] 17:04:08.177 [pool-6-thread-50] DEBUG c.h.p.o.d.PodServiceAccountResource - [customop] Desired PodServiceAccountResource (serviceAccountName: hivemq-platform-pod-test-hivemq-platform-alpha)
2025-01-29 17:04:08,181 INFO c.h.h.t.HelmChartContainer - [hivemq-test-hivemq-platform] [hivemq-platform-operator] [42fceac4] 17:04:08.181 [pool-6-thread-41] DEBUG c.h.p.o.d.PodServiceAccountResource - [customop] Desired PodServiceAccountResource (serviceAccountName: hivemq-platform-pod-test-hivemq-platform-beta)
2025-01-29 17:04:08,271 INFO c.h.h.t.HelmChartContainer - [hivemq-test-hivemq-platform] [hivemq-platform-operator] [42fceac4] 17:04:08.266 [pool-6-thread-48] DEBUG c.h.p.o.dependants.PodInfoConfigMap - [customop] Desired PodInfo ConfigMap (1 extensions) (1 enabled)
2025-01-29 17:04:08,271 INFO c.h.h.t.HelmChartContainer - [hivemq-test-hivemq-platform] [hivemq-platform-operator] [42fceac4] 17:04:08.266 [pool-6-thread-48] DEBUG c.h.p.o.dependants.PodInfoConfigMap - [customop] Desired PodInfo ConfigMap (metrics port: 9399) (metrics path: /)
2025-01-29 17:04:08,271 INFO c.h.h.t.HelmChartContainer - [hivemq-test-hivemq-platform] [hivemq-platform-operator] [42fceac4] 17:04:08.266 [pool-6-thread-48] DEBUG c.h.p.o.dependants.PodInfoConfigMap - [customop] Desired PodInfo ConfigMap (extension state hash: -1817474005)
2025-01-29 17:04:08,282 INFO c.h.h.t.HelmChartContainer - [hivemq-test-hivemq-platform] [hivemq-platform-operator] [42fceac4] 17:04:08.280 [pool-6-thread-43] DEBUG c.h.p.o.d.StatefulSetResource - [customop] Desired StatefulSet (1 replicas) for status STARTING (READY)
2025-01-29 17:04:08,291 INFO c.h.h.t.HelmChartContainer - [hivemq-test-hivemq-platform] [hivemq-platform-operator] [42fceac4] 17:04:08.290 [pool-6-thread-3] DEBUG c.h.p.o.d.StatefulSetResource - [customop] Desired StatefulSet (1 replicas) for status STARTING (READY)
2025-01-29 17:04:08,309 INFO c.h.h.t.HelmChartContainer - [EVENT] Normal [Pulled] Container image "docker.io/hivemq/hivemq-platform-operator-init-test:snapshot" already present on machine [customoperatornamespacesit-beta:test-hivemq-platform-beta-0]
2025-01-29 17:04:08,312 INFO c.h.h.t.HelmChartContainer - [EVENT] Normal [Pulled] Container image "docker.io/hivemq/hivemq-platform-operator-init-test:snapshot" already present on machine [customoperatornamespacesit-alpha:test-hivemq-platform-alpha-0]
2025-01-29 17:04:08,372 INFO c.h.h.t.HelmChartContainer - [hivemq-test-hivemq-platform] [hivemq-platform-operator] [42fceac4] 17:04:08.370 [ReconcilerExecutor-hivemq-controller-107] INFO  c.h.p.o.HiveMQPlatformReconciler - [customop] Reconciling HiveMQ Platform 'test-hivemq-platform-beta' in namespace 'customoperatornamespacesit-beta'
2025-01-29 17:04:08,372 INFO c.h.h.t.HelmChartContainer - [hivemq-test-hivemq-platform] [hivemq-platform-operator] [42fceac4] 17:04:08.370 [ReconcilerExecutor-hivemq-controller-107] DEBUG c.h.p.o.HiveMQPlatformReconciler - [customop] Custom Resource Status STARTING - HiveMQ Platform is starting (READY)
2025-01-29 17:04:08,372 INFO c.h.h.t.HelmChartContainer - [hivemq-test-hivemq-platform] [hivemq-platform-operator] [42fceac4] 17:04:08.370 [ReconcilerExecutor-hivemq-controller-107] DEBUG c.h.p.o.HiveMQPlatformReconciler - [customop] Custom Resource Spec (replicas: 1) (extensions: 1)
2025-01-29 17:04:08,373 INFO c.h.h.t.HelmChartContainer - [hivemq-test-hivemq-platform] [hivemq-platform-operator] [42fceac4] 17:04:08.371 [ReconcilerExecutor-hivemq-controller-108] INFO  c.h.p.o.HiveMQPlatformReconciler - [customop] Reconciling HiveMQ Platform 'test-hivemq-platform-alpha' in namespace 'customoperatornamespacesit-alpha'
2025-01-29 17:04:08,373 INFO c.h.h.t.HelmChartContainer - [hivemq-test-hivemq-platform] [hivemq-platform-operator] [42fceac4] 17:04:08.371 [ReconcilerExecutor-hivemq-controller-108] DEBUG c.h.p.o.HiveMQPlatformReconciler - [customop] Custom Resource Status STARTING - HiveMQ Platform is starting (READY)
2025-01-29 17:04:08,373 INFO c.h.h.t.HelmChartContainer - [hivemq-test-hivemq-platform] [hivemq-platform-operator] [42fceac4] 17:04:08.371 [ReconcilerExecutor-hivemq-controller-108] DEBUG c.h.p.o.HiveMQPlatformReconciler - [customop] Custom Resource Spec (replicas: 1) (extensions: 1)
2025-01-29 17:04:08,377 INFO c.h.h.t.HelmChartContainer - [hivemq-test-hivemq-platform] [hivemq-platform-operator] [42fceac4] 17:04:08.374 [ReconcilerExecutor-hivemq-controller-107] DEBUG c.h.p.o.HiveMQPlatformReconciler - [customop] StatefulSet Status (revision: test-hivemq-platform-beta-68c75dbff9, replicas: 1, available: 0, ready: 0, current: 1, updated: 1)
2025-01-29 17:04:08,378 INFO c.h.h.t.HelmChartContainer - [hivemq-test-hivemq-platform] [hivemq-platform-operator] [42fceac4] 17:04:08.374 [ReconcilerExecutor-hivemq-controller-107] DEBUG c.h.p.o.HiveMQPlatformReconciler - [customop] StatefulSet Spec (replicas: 1, init containers: 1, containers: 1, volumes: 3)
2025-01-29 17:04:08,383 INFO c.h.h.t.HelmChartContainer - [hivemq-test-hivemq-platform] [hivemq-platform-operator] [42fceac4] 17:04:08.379 [ReconcilerExecutor-hivemq-controller-108] DEBUG c.h.p.o.HiveMQPlatformReconciler - [customop] StatefulSet Status (revision: test-hivemq-platform-alpha-5bcd5cb867, replicas: 1, available: 0, ready: 0, current: 1, updated: 1)
2025-01-29 17:04:08,384 INFO c.h.h.t.HelmChartContainer - [hivemq-test-hivemq-platform] [hivemq-platform-operator] [42fceac4] 17:04:08.379 [ReconcilerExecutor-hivemq-controller-108] DEBUG c.h.p.o.HiveMQPlatformReconciler - [customop] StatefulSet Spec (replicas: 1, init containers: 1, containers: 1, volumes: 3)
2025-01-29 17:04:08,384 INFO c.h.h.t.HelmChartContainer - [hivemq-test-hivemq-platform] [hivemq-platform-operator] [42fceac4] 17:04:08.382 [ReconcilerExecutor-hivemq-controller-108] DEBUG c.h.p.o.h.HiveMQPlatformReconcilerErrorHandler - [customop] Pod 'test-hivemq-platform-alpha-0' phase Pending
2025-01-29 17:04:08,385 INFO c.h.h.t.HelmChartContainer - [hivemq-test-hivemq-platform] [hivemq-platform-operator] [42fceac4] 17:04:08.384 [ReconcilerExecutor-hivemq-controller-108] DEBUG c.h.p.o.h.HiveMQPlatformReconcilerErrorHandler - [customop] Pod 'test-hivemq-platform-alpha-0' condition 'PodReadyToStartContainers': False
2025-01-29 17:04:08,386 INFO c.h.h.t.HelmChartContainer - [hivemq-test-hivemq-platform] [hivemq-platform-operator] [42fceac4] 17:04:08.385 [ReconcilerExecutor-hivemq-controller-107] DEBUG c.h.p.o.h.HiveMQPlatformReconcilerErrorHandler - [customop] Pod 'test-hivemq-platform-beta-0' phase Pending
2025-01-29 17:04:08,387 INFO c.h.h.t.HelmChartContainer - [hivemq-test-hivemq-platform] [hivemq-platform-operator] [42fceac4] 17:04:08.386 [ReconcilerExecutor-hivemq-controller-107] DEBUG c.h.p.o.h.HiveMQPlatformReconcilerErrorHandler - [customop] Pod 'test-hivemq-platform-beta-0' condition 'PodReadyToStartContainers': False
2025-01-29 17:04:08,387 INFO c.h.h.t.HelmChartContainer - [hivemq-test-hivemq-platform] [hivemq-platform-operator] [42fceac4] 17:04:08.386 [ReconcilerExecutor-hivemq-controller-107] DEBUG c.h.p.o.h.HiveMQPlatformReconcilerErrorHandler - [customop] Pod 'test-hivemq-platform-beta-0' condition 'Initialized': False
2025-01-29 17:04:08,387 INFO c.h.h.t.HelmChartContainer - [hivemq-test-hivemq-platform] [hivemq-platform-operator] [42fceac4] 17:04:08.386 [ReconcilerExecutor-hivemq-controller-107] DEBUG c.h.p.o.h.HiveMQPlatformReconcilerErrorHandler - [customop] Pod 'test-hivemq-platform-beta-0' condition 'Ready': False
2025-01-29 17:04:08,387 INFO c.h.h.t.HelmChartContainer - [hivemq-test-hivemq-platform] [hivemq-platform-operator] [42fceac4] 17:04:08.386 [ReconcilerExecutor-hivemq-controller-107] DEBUG c.h.p.o.h.HiveMQPlatformReconcilerErrorHandler - [customop] Pod 'test-hivemq-platform-beta-0' condition 'ContainersReady': False
2025-01-29 17:04:08,388 INFO c.h.h.t.HelmChartContainer - [hivemq-test-hivemq-platform] [hivemq-platform-operator] [42fceac4] 17:04:08.386 [ReconcilerExecutor-hivemq-controller-107] DEBUG c.h.p.o.h.HiveMQPlatformReconcilerErrorHandler - [customop] Pod 'test-hivemq-platform-beta-0' condition 'PodScheduled': True
2025-01-29 17:04:08,389 INFO c.h.h.t.HelmChartContainer - [hivemq-test-hivemq-platform] [hivemq-platform-operator] [42fceac4] 17:04:08.387 [ReconcilerExecutor-hivemq-controller-107] DEBUG c.h.p.o.h.HiveMQPlatformReconcilerErrorHandler - [customop] Pod 'test-hivemq-platform-beta-0' containerStatus 'hivemq' (started: false) (ready: false) (waiting: [PodInitializing] null)
2025-01-29 17:04:08,391 INFO c.h.h.t.HelmChartContainer - [hivemq-test-hivemq-platform] [hivemq-platform-operator] [42fceac4] 17:04:08.390 [ReconcilerExecutor-hivemq-controller-107] INFO  c.h.p.o.h.HiveMQPlatformReconcilerBaseHandler - [customop] HiveMQ Platform is starting, 0 of 1 replicas are ready
2025-01-29 17:04:08,456 INFO c.h.h.t.HelmChartContainer - [EVENT] Normal [Created] Created container: hivemq-platform-operator-init [customoperatornamespacesit-alpha:test-hivemq-platform-alpha-0]
2025-01-29 17:04:08,456 INFO c.h.h.t.HelmChartContainer - [EVENT] Normal [Created] Created container: hivemq-platform-operator-init [customoperatornamespacesit-beta:test-hivemq-platform-beta-0]
2025-01-29 17:04:08,466 INFO c.h.h.t.HelmChartContainer - [hivemq-test-hivemq-platform] [hivemq-platform-operator] [42fceac4] 17:04:08.385 [ReconcilerExecutor-hivemq-controller-108] DEBUG c.h.p.o.h.HiveMQPlatformReconcilerErrorHandler - [customop] Pod 'test-hivemq-platform-alpha-0' condition 'Initialized': False
2025-01-29 17:04:08,467 INFO c.h.h.t.HelmChartContainer - [hivemq-test-hivemq-platform] [hivemq-platform-operator] [42fceac4] 17:04:08.464 [ReconcilerExecutor-hivemq-controller-108] DEBUG c.h.p.o.h.HiveMQPlatformReconcilerErrorHandler - [customop] Pod 'test-hivemq-platform-alpha-0' condition 'Ready': False
2025-01-29 17:04:08,467 INFO c.h.h.t.HelmChartContainer - [hivemq-test-hivemq-platform] [hivemq-platform-operator] [42fceac4] 17:04:08.464 [ReconcilerExecutor-hivemq-controller-108] DEBUG c.h.p.o.h.HiveMQPlatformReconcilerErrorHandler - [customop] Pod 'test-hivemq-platform-alpha-0' condition 'ContainersReady': False
2025-01-29 17:04:08,467 INFO c.h.h.t.HelmChartContainer - [hivemq-test-hivemq-platform] [hivemq-platform-operator] [42fceac4] 17:04:08.464 [ReconcilerExecutor-hivemq-controller-108] DEBUG c.h.p.o.h.HiveMQPlatformReconcilerErrorHandler - [customop] Pod 'test-hivemq-platform-alpha-0' condition 'PodScheduled': True
2025-01-29 17:04:08,467 INFO c.h.h.t.HelmChartContainer - [hivemq-test-hivemq-platform] [hivemq-platform-operator] [42fceac4] 17:04:08.464 [ReconcilerExecutor-hivemq-controller-108] DEBUG c.h.p.o.h.HiveMQPlatformReconcilerErrorHandler - [customop] Pod 'test-hivemq-platform-alpha-0' containerStatus 'hivemq' (started: false) (ready: false) (waiting: [PodInitializing] null)
2025-01-29 17:04:08,469 INFO c.h.h.t.HelmChartContainer - [hivemq-test-hivemq-platform] [hivemq-platform-operator] [42fceac4] 17:04:08.467 [ReconcilerExecutor-hivemq-controller-108] INFO  c.h.p.o.h.HiveMQPlatformReconcilerBaseHandler - [customop] HiveMQ Platform is starting, 0 of 1 replicas are ready
2025-01-29 17:04:08,471 INFO c.h.h.t.HelmChartContainer - [hivemq-test-hivemq-platform] [hivemq-platform-operator] [42fceac4] 17:04:08.469 [pool-6-thread-1] DEBUG c.h.p.o.d.PlatformServiceResource - [customop] Desired Platform services (3 services)
2025-01-29 17:04:08,476 INFO c.h.h.t.HelmChartContainer - [hivemq-test-hivemq-platform] [hivemq-platform-operator] [42fceac4] 17:04:08.473 [pool-6-thread-17] DEBUG c.h.p.o.d.PodServiceAccountResource - [customop] Desired PodServiceAccountResource (serviceAccountName: hivemq-platform-pod-test-hivemq-platform-beta)
2025-01-29 17:04:08,478 INFO c.h.h.t.HelmChartContainer - [hivemq-test-hivemq-platform] [hivemq-platform-operator] [42fceac4] 17:04:08.477 [pool-6-thread-6] DEBUG c.h.p.o.dependants.PodInfoConfigMap - [customop] Desired PodInfo ConfigMap (1 extensions) (1 enabled)
2025-01-29 17:04:08,479 INFO c.h.h.t.HelmChartContainer - [hivemq-test-hivemq-platform] [hivemq-platform-operator] [42fceac4] 17:04:08.477 [pool-6-thread-6] DEBUG c.h.p.o.dependants.PodInfoConfigMap - [customop] Desired PodInfo ConfigMap (metrics port: 9399) (metrics path: /)
2025-01-29 17:04:08,479 INFO c.h.h.t.HelmChartContainer - [hivemq-test-hivemq-platform] [hivemq-platform-operator] [42fceac4] 17:04:08.477 [pool-6-thread-6] DEBUG c.h.p.o.dependants.PodInfoConfigMap - [customop] Desired PodInfo ConfigMap (extension state hash: -1817474005)
2025-01-29 17:04:08,482 INFO c.h.h.t.HelmChartContainer - [hivemq-test-hivemq-platform] [hivemq-platform-operator] [42fceac4] 17:04:08.480 [pool-6-thread-6] DEBUG c.h.p.o.d.PlatformServiceResource - [customop] Desired Platform services (3 services)
2025-01-29 17:04:08,506 INFO c.h.h.t.HelmChartContainer - [EVENT] Normal [Started] Started container hivemq-platform-operator-init [customoperatornamespacesit-beta:test-hivemq-platform-beta-0]
2025-01-29 17:04:08,508 INFO c.h.h.t.HelmChartContainer - [EVENT] Normal [Started] Started container hivemq-platform-operator-init [customoperatornamespacesit-alpha:test-hivemq-platform-alpha-0]
2025-01-29 17:04:08,568 INFO c.h.h.t.HelmChartContainer - [hivemq-test-hivemq-platform] [hivemq-platform-operator] [42fceac4] 17:04:08.565 [pool-6-thread-24] DEBUG c.h.p.o.d.PodServiceAccountResource - [customop] Desired PodServiceAccountResource (serviceAccountName: hivemq-platform-pod-test-hivemq-platform-alpha)
2025-01-29 17:04:08,571 INFO c.h.h.t.HelmChartContainer - [hivemq-test-hivemq-platform] [hivemq-platform-operator] [42fceac4] 17:04:08.567 [pool-6-thread-20] DEBUG c.h.p.o.d.StatefulSetResource - [customop] Desired StatefulSet (1 replicas) for status STARTING (READY)
2025-01-29 17:04:08,576 INFO c.h.h.t.HelmChartContainer - [hivemq-test-hivemq-platform] [hivemq-platform-operator] [42fceac4] 17:04:08.574 [ReconcilerExecutor-hivemq-controller-119] INFO  c.h.p.o.HiveMQPlatformReconciler - [customop] Reconciling HiveMQ Platform 'test-hivemq-platform-beta' in namespace 'customoperatornamespacesit-beta'
2025-01-29 17:04:08,576 INFO c.h.h.t.HelmChartContainer - [hivemq-test-hivemq-platform] [hivemq-platform-operator] [42fceac4] 17:04:08.574 [ReconcilerExecutor-hivemq-controller-119] DEBUG c.h.p.o.HiveMQPlatformReconciler - [customop] Custom Resource Status STARTING - HiveMQ Platform is starting (READY)
2025-01-29 17:04:08,576 INFO c.h.h.t.HelmChartContainer - [hivemq-test-hivemq-platform] [hivemq-platform-operator] [42fceac4] 17:04:08.575 [ReconcilerExecutor-hivemq-controller-119] DEBUG c.h.p.o.HiveMQPlatformReconciler - [customop] Custom Resource Spec (replicas: 1) (extensions: 1)
2025-01-29 17:04:08,580 INFO c.h.h.t.HelmChartContainer - [hivemq-test-hivemq-platform] [hivemq-platform-operator] [42fceac4] 17:04:08.576 [pool-6-thread-29] DEBUG c.h.p.o.dependants.PodInfoConfigMap - [customop] Desired PodInfo ConfigMap (1 extensions) (1 enabled)
2025-01-29 17:04:08,580 INFO c.h.h.t.HelmChartContainer - [hivemq-test-hivemq-platform] [hivemq-platform-operator] [42fceac4] 17:04:08.576 [pool-6-thread-29] DEBUG c.h.p.o.dependants.PodInfoConfigMap - [customop] Desired PodInfo ConfigMap (metrics port: 9399) (metrics path: /)
2025-01-29 17:04:08,580 INFO c.h.h.t.HelmChartContainer - [hivemq-test-hivemq-platform] [hivemq-platform-operator] [42fceac4] 17:04:08.576 [pool-6-thread-29] DEBUG c.h.p.o.dependants.PodInfoConfigMap - [customop] Desired PodInfo ConfigMap (extension state hash: -1817474005)
2025-01-29 17:04:08,589 INFO c.h.h.t.HelmChartContainer - [hivemq-test-hivemq-platform] [hivemq-platform-operator] [42fceac4] 17:04:08.581 [ReconcilerExecutor-hivemq-controller-119] DEBUG c.h.p.o.HiveMQPlatformReconciler - [customop] StatefulSet Status (revision: test-hivemq-platform-beta-68c75dbff9, replicas: 1, available: 0, ready: 0, current: 1, updated: 1)
2025-01-29 17:04:08,589 INFO c.h.h.t.HelmChartContainer - [hivemq-test-hivemq-platform] [hivemq-platform-operator] [42fceac4] 17:04:08.581 [ReconcilerExecutor-hivemq-controller-119] DEBUG c.h.p.o.HiveMQPlatformReconciler - [customop] StatefulSet Spec (replicas: 1, init containers: 1, containers: 1, volumes: 3)
2025-01-29 17:04:08,589 INFO c.h.h.t.HelmChartContainer - [hivemq-test-hivemq-platform] [hivemq-platform-operator] [42fceac4] 17:04:08.585 [ReconcilerExecutor-hivemq-controller-119] DEBUG c.h.p.o.h.HiveMQPlatformReconcilerErrorHandler - [customop] Pod 'test-hivemq-platform-beta-0' phase Pending
2025-01-29 17:04:08,589 INFO c.h.h.t.HelmChartContainer - [hivemq-test-hivemq-platform] [hivemq-platform-operator] [42fceac4] 17:04:08.585 [ReconcilerExecutor-hivemq-controller-119] DEBUG c.h.p.o.h.HiveMQPlatformReconcilerErrorHandler - [customop] Pod 'test-hivemq-platform-beta-0' condition 'PodReadyToStartContainers': False
2025-01-29 17:04:08,589 INFO c.h.h.t.HelmChartContainer - [hivemq-test-hivemq-platform] [hivemq-platform-operator] [42fceac4] 17:04:08.585 [ReconcilerExecutor-hivemq-controller-119] DEBUG c.h.p.o.h.HiveMQPlatformReconcilerErrorHandler - [customop] Pod 'test-hivemq-platform-beta-0' condition 'Initialized': False
2025-01-29 17:04:08,589 INFO c.h.h.t.HelmChartContainer - [hivemq-test-hivemq-platform] [hivemq-platform-operator] [42fceac4] 17:04:08.585 [ReconcilerExecutor-hivemq-controller-119] DEBUG c.h.p.o.h.HiveMQPlatformReconcilerErrorHandler - [customop] Pod 'test-hivemq-platform-beta-0' condition 'Ready': False
2025-01-29 17:04:08,589 INFO c.h.h.t.HelmChartContainer - [hivemq-test-hivemq-platform] [hivemq-platform-operator] [42fceac4] 17:04:08.585 [ReconcilerExecutor-hivemq-controller-119] DEBUG c.h.p.o.h.HiveMQPlatformReconcilerErrorHandler - [customop] Pod 'test-hivemq-platform-beta-0' condition 'ContainersReady': False
2025-01-29 17:04:08,589 INFO c.h.h.t.HelmChartContainer - [hivemq-test-hivemq-platform] [hivemq-platform-operator] [42fceac4] 17:04:08.585 [ReconcilerExecutor-hivemq-controller-119] DEBUG c.h.p.o.h.HiveMQPlatformReconcilerErrorHandler - [customop] Pod 'test-hivemq-platform-beta-0' condition 'PodScheduled': True
2025-01-29 17:04:08,589 INFO c.h.h.t.HelmChartContainer - [hivemq-test-hivemq-platform] [hivemq-platform-operator] [42fceac4] 17:04:08.585 [ReconcilerExecutor-hivemq-controller-119] DEBUG c.h.p.o.h.HiveMQPlatformReconcilerErrorHandler - [customop] Pod 'test-hivemq-platform-beta-0' containerStatus 'hivemq' (started: false) (ready: false) (waiting: [PodInitializing] null)
2025-01-29 17:04:08,589 INFO c.h.h.t.HelmChartContainer - [hivemq-test-hivemq-platform] [hivemq-platform-operator] [42fceac4] 17:04:08.587 [ReconcilerExecutor-hivemq-controller-119] INFO  c.h.p.o.h.HiveMQPlatformReconcilerBaseHandler - [customop] HiveMQ Platform is starting, 0 of 1 replicas are ready
2025-01-29 17:04:08,591 INFO c.h.h.t.HelmChartContainer - [hivemq-test-hivemq-platform] [hivemq-platform-operator] [42fceac4] 17:04:08.589 [pool-6-thread-6] DEBUG c.h.p.o.d.StatefulSetResource - [customop] Desired StatefulSet (1 replicas) for status STARTING (READY)
2025-01-29 17:04:08,660 INFO c.h.h.t.HelmChartContainer - [POD] test-hivemq-platform-alpha-0 [c2bf1c29-5ac9-419a-8781-f435a11e6e56] in customoperatornamespacesit-alpha was MODIFIED
2025-01-29 17:04:08,673 INFO c.h.h.t.HelmChartContainer - [hivemq-test-hivemq-platform] [hivemq-platform-operator] [42fceac4] 17:04:08.667 [ReconcilerExecutor-hivemq-controller-120] INFO  c.h.p.o.HiveMQPlatformReconciler - [customop] Reconciling HiveMQ Platform 'test-hivemq-platform-alpha' in namespace 'customoperatornamespacesit-alpha'
2025-01-29 17:04:08,673 INFO c.h.h.t.HelmChartContainer - [hivemq-test-hivemq-platform] [hivemq-platform-operator] [42fceac4] 17:04:08.667 [ReconcilerExecutor-hivemq-controller-120] DEBUG c.h.p.o.HiveMQPlatformReconciler - [customop] Custom Resource Status STARTING - HiveMQ Platform is starting (READY)
2025-01-29 17:04:08,673 INFO c.h.h.t.HelmChartContainer - [hivemq-test-hivemq-platform] [hivemq-platform-operator] [42fceac4] 17:04:08.667 [ReconcilerExecutor-hivemq-controller-120] DEBUG c.h.p.o.HiveMQPlatformReconciler - [customop] Custom Resource Spec (replicas: 1) (extensions: 1)
2025-01-29 17:04:08,682 INFO c.h.h.t.HelmChartContainer - [hivemq-test-hivemq-platform] [hivemq-platform-operator] [42fceac4] 17:04:08.677 [ReconcilerExecutor-hivemq-controller-120] DEBUG c.h.p.o.HiveMQPlatformReconciler - [customop] StatefulSet Status (revision: test-hivemq-platform-alpha-5bcd5cb867, replicas: 1, available: 0, ready: 0, current: 1, updated: 1)
2025-01-29 17:04:08,689 INFO c.h.h.t.HelmChartContainer - [hivemq-test-hivemq-platform] [hivemq-platform-operator] [42fceac4] 17:04:08.677 [ReconcilerExecutor-hivemq-controller-120] DEBUG c.h.p.o.HiveMQPlatformReconciler - [customop] StatefulSet Spec (replicas: 1, init containers: 1, containers: 1, volumes: 3)
2025-01-29 17:04:08,689 INFO c.h.h.t.HelmChartContainer - [hivemq-test-hivemq-platform] [hivemq-platform-operator] [42fceac4] 17:04:08.681 [ReconcilerExecutor-hivemq-controller-120] DEBUG c.h.p.o.h.HiveMQPlatformReconcilerErrorHandler - [customop] Pod 'test-hivemq-platform-alpha-0' phase Pending
2025-01-29 17:04:08,689 INFO c.h.h.t.HelmChartContainer - [hivemq-test-hivemq-platform] [hivemq-platform-operator] [42fceac4] 17:04:08.682 [ReconcilerExecutor-hivemq-controller-120] DEBUG c.h.p.o.h.HiveMQPlatformReconcilerErrorHandler - [customop] Pod 'test-hivemq-platform-alpha-0' condition 'PodReadyToStartContainers': True
2025-01-29 17:04:08,689 INFO c.h.h.t.HelmChartContainer - [hivemq-test-hivemq-platform] [hivemq-platform-operator] [42fceac4] 17:04:08.682 [ReconcilerExecutor-hivemq-controller-120] DEBUG c.h.p.o.h.HiveMQPlatformReconcilerErrorHandler - [customop] Pod 'test-hivemq-platform-alpha-0' condition 'Initialized': False
2025-01-29 17:04:08,689 INFO c.h.h.t.HelmChartContainer - [hivemq-test-hivemq-platform] [hivemq-platform-operator] [42fceac4] 17:04:08.682 [ReconcilerExecutor-hivemq-controller-120] DEBUG c.h.p.o.h.HiveMQPlatformReconcilerErrorHandler - [customop] Pod 'test-hivemq-platform-alpha-0' condition 'Ready': False
2025-01-29 17:04:08,689 INFO c.h.h.t.HelmChartContainer - [hivemq-test-hivemq-platform] [hivemq-platform-operator] [42fceac4] 17:04:08.682 [ReconcilerExecutor-hivemq-controller-120] DEBUG c.h.p.o.h.HiveMQPlatformReconcilerErrorHandler - [customop] Pod 'test-hivemq-platform-alpha-0' condition 'ContainersReady': False
2025-01-29 17:04:08,689 INFO c.h.h.t.HelmChartContainer - [hivemq-test-hivemq-platform] [hivemq-platform-operator] [42fceac4] 17:04:08.682 [ReconcilerExecutor-hivemq-controller-120] DEBUG c.h.p.o.h.HiveMQPlatformReconcilerErrorHandler - [customop] Pod 'test-hivemq-platform-alpha-0' condition 'PodScheduled': True
2025-01-29 17:04:08,689 INFO c.h.h.t.HelmChartContainer - [hivemq-test-hivemq-platform] [hivemq-platform-operator] [42fceac4] 17:04:08.682 [ReconcilerExecutor-hivemq-controller-120] DEBUG c.h.p.o.h.HiveMQPlatformReconcilerErrorHandler - [customop] Pod 'test-hivemq-platform-alpha-0' containerStatus 'hivemq' (started: false) (ready: false) (waiting: [PodInitializing] null)
2025-01-29 17:04:08,689 INFO c.h.h.t.HelmChartContainer - [hivemq-test-hivemq-platform] [hivemq-platform-operator] [42fceac4] 17:04:08.684 [ReconcilerExecutor-hivemq-controller-120] INFO  c.h.p.o.h.HiveMQPlatformReconcilerBaseHandler - [customop] HiveMQ Platform is starting, 0 of 1 replicas are ready
2025-01-29 17:04:08,702 INFO c.h.h.t.HelmChartContainer - [POD] test-hivemq-platform-beta-0 [5ad2605c-4dc2-4cc6-b742-7c27ab7085d3] in customoperatornamespacesit-beta was MODIFIED
2025-01-29 17:04:08,770 INFO c.h.h.t.HelmChartContainer - [hivemq-test-hivemq-platform] [hivemq-platform-operator] [42fceac4] 17:04:08.764 [pool-6-thread-34] DEBUG c.h.p.o.d.PlatformServiceResource - [customop] Desired Platform services (3 services)
2025-01-29 17:04:08,770 INFO c.h.h.t.HelmChartContainer - [hivemq-test-hivemq-platform] [hivemq-platform-operator] [42fceac4] 17:04:08.768 [pool-6-thread-30] DEBUG c.h.p.o.d.PodServiceAccountResource - [customop] Desired PodServiceAccountResource (serviceAccountName: hivemq-platform-pod-test-hivemq-platform-alpha)
2025-01-29 17:04:08,771 INFO c.h.h.t.HelmChartContainer - [hivemq-test-hivemq-platform] [hivemq-platform-operator] [42fceac4] 17:04:08.770 [pool-6-thread-33] DEBUG c.h.p.o.dependants.PodInfoConfigMap - [customop] Desired PodInfo ConfigMap (1 extensions) (1 enabled)
2025-01-29 17:04:08,777 INFO c.h.h.t.HelmChartContainer - [hivemq-test-hivemq-platform] [hivemq-platform-operator] [42fceac4] 17:04:08.772 [pool-6-thread-33] DEBUG c.h.p.o.dependants.PodInfoConfigMap - [customop] Desired PodInfo ConfigMap (metrics port: 9399) (metrics path: /)
2025-01-29 17:04:08,777 INFO c.h.h.t.HelmChartContainer - [hivemq-test-hivemq-platform] [hivemq-platform-operator] [42fceac4] 17:04:08.774 [pool-6-thread-33] DEBUG c.h.p.o.dependants.PodInfoConfigMap - [customop] Desired PodInfo ConfigMap (extension state hash: -1817474005)
2025-01-29 17:04:08,779 INFO c.h.h.t.HelmChartContainer - [hivemq-test-hivemq-platform] [hivemq-platform-operator] [42fceac4] 17:04:08.778 [pool-6-thread-39] DEBUG c.h.p.o.d.StatefulSetResource - [customop] Desired StatefulSet (1 replicas) for status STARTING (READY)
2025-01-29 17:04:08,783 INFO c.h.h.t.HelmChartContainer - [hivemq-test-hivemq-platform] [hivemq-platform-operator] [42fceac4] 17:04:08.779 [pool-6-thread-9] DEBUG c.h.p.o.d.PlatformServiceResource - [customop] Desired Platform services (3 services)
2025-01-29 17:04:08,786 INFO c.h.h.t.HelmChartContainer - [hivemq-test-hivemq-platform] [hivemq-platform-operator] [42fceac4] 17:04:08.781 [pool-6-thread-48] DEBUG c.h.p.o.d.PodServiceAccountResource - [customop] Desired PodServiceAccountResource (serviceAccountName: hivemq-platform-pod-test-hivemq-platform-beta)
2025-01-29 17:04:08,869 INFO c.h.h.t.HelmChartContainer - [hivemq-test-hivemq-platform] [hivemq-platform-operator] [42fceac4] 17:04:08.782 [pool-6-thread-15] DEBUG c.h.p.o.dependants.PodInfoConfigMap - [customop] Desired PodInfo ConfigMap (1 extensions) (1 enabled)
2025-01-29 17:04:08,869 INFO c.h.h.t.HelmChartContainer - [hivemq-test-hivemq-platform] [hivemq-platform-operator] [42fceac4] 17:04:08.866 [pool-6-thread-15] DEBUG c.h.p.o.dependants.PodInfoConfigMap - [customop] Desired PodInfo ConfigMap (metrics port: 9399) (metrics path: /)
2025-01-29 17:04:08,869 INFO c.h.h.t.HelmChartContainer - [hivemq-test-hivemq-platform] [hivemq-platform-operator] [42fceac4] 17:04:08.866 [pool-6-thread-15] DEBUG c.h.p.o.dependants.PodInfoConfigMap - [customop] Desired PodInfo ConfigMap (extension state hash: -1817474005)
2025-01-29 17:04:08,871 INFO c.h.h.t.HelmChartContainer - [hivemq-test-hivemq-platform] [hivemq-platform-operator] [42fceac4] 17:04:08.870 [ReconcilerExecutor-hivemq-controller-121] INFO  c.h.p.o.HiveMQPlatformReconciler - [customop] Reconciling HiveMQ Platform 'test-hivemq-platform-alpha' in namespace 'customoperatornamespacesit-alpha'
2025-01-29 17:04:08,871 INFO c.h.h.t.HelmChartContainer - [hivemq-test-hivemq-platform] [hivemq-platform-operator] [42fceac4] 17:04:08.870 [ReconcilerExecutor-hivemq-controller-121] DEBUG c.h.p.o.HiveMQPlatformReconciler - [customop] Custom Resource Status STARTING - HiveMQ Platform is starting (READY)
2025-01-29 17:04:08,874 INFO c.h.h.t.HelmChartContainer - [hivemq-test-hivemq-platform] [hivemq-platform-operator] [42fceac4] 17:04:08.871 [ReconcilerExecutor-hivemq-controller-121] DEBUG c.h.p.o.HiveMQPlatformReconciler - [customop] Custom Resource Spec (replicas: 1) (extensions: 1)
2025-01-29 17:04:08,877 INFO c.h.h.t.HelmChartContainer - [hivemq-test-hivemq-platform] [hivemq-platform-operator] [42fceac4] 17:04:08.876 [pool-6-thread-9] DEBUG c.h.p.o.d.StatefulSetResource - [customop] Desired StatefulSet (1 replicas) for status STARTING (READY)
2025-01-29 17:04:08,877 INFO c.h.h.t.HelmChartContainer - [hivemq-test-hivemq-platform] [hivemq-platform-operator] [42fceac4] 17:04:08.876 [ReconcilerExecutor-hivemq-controller-121] DEBUG c.h.p.o.HiveMQPlatformReconciler - [customop] StatefulSet Status (revision: test-hivemq-platform-alpha-5bcd5cb867, replicas: 1, available: 0, ready: 0, current: 1, updated: 1)
2025-01-29 17:04:08,877 INFO c.h.h.t.HelmChartContainer - [hivemq-test-hivemq-platform] [hivemq-platform-operator] [42fceac4] 17:04:08.876 [ReconcilerExecutor-hivemq-controller-121] DEBUG c.h.p.o.HiveMQPlatformReconciler - [customop] StatefulSet Spec (replicas: 1, init containers: 1, containers: 1, volumes: 3)
2025-01-29 17:04:08,879 INFO c.h.h.t.HelmChartContainer - [hivemq-test-hivemq-platform] [hivemq-platform-operator] [42fceac4] 17:04:08.878 [ReconcilerExecutor-hivemq-controller-121] DEBUG c.h.p.o.h.HiveMQPlatformReconcilerErrorHandler - [customop] Pod 'test-hivemq-platform-alpha-0' phase Pending
2025-01-29 17:04:08,879 INFO c.h.h.t.HelmChartContainer - [hivemq-test-hivemq-platform] [hivemq-platform-operator] [42fceac4] 17:04:08.878 [ReconcilerExecutor-hivemq-controller-121] DEBUG c.h.p.o.h.HiveMQPlatformReconcilerErrorHandler - [customop] Pod 'test-hivemq-platform-alpha-0' condition 'PodReadyToStartContainers': True
2025-01-29 17:04:08,879 INFO c.h.h.t.HelmChartContainer - [hivemq-test-hivemq-platform] [hivemq-platform-operator] [42fceac4] 17:04:08.879 [ReconcilerExecutor-hivemq-controller-121] DEBUG c.h.p.o.h.HiveMQPlatformReconcilerErrorHandler - [customop] Pod 'test-hivemq-platform-alpha-0' condition 'Initialized': False
2025-01-29 17:04:08,880 INFO c.h.h.t.HelmChartContainer - [hivemq-test-hivemq-platform] [hivemq-platform-operator] [42fceac4] 17:04:08.880 [ReconcilerExecutor-hivemq-controller-121] DEBUG c.h.p.o.h.HiveMQPlatformReconcilerErrorHandler - [customop] Pod 'test-hivemq-platform-alpha-0' condition 'Ready': False
2025-01-29 17:04:08,881 INFO c.h.h.t.HelmChartContainer - [hivemq-test-hivemq-platform] [hivemq-platform-operator] [42fceac4] 17:04:08.880 [ReconcilerExecutor-hivemq-controller-122] INFO  c.h.p.o.HiveMQPlatformReconciler - [customop] Reconciling HiveMQ Platform 'test-hivemq-platform-beta' in namespace 'customoperatornamespacesit-beta'
2025-01-29 17:04:08,882 INFO c.h.h.t.HelmChartContainer - [hivemq-test-hivemq-platform] [hivemq-platform-operator] [42fceac4] 17:04:08.881 [ReconcilerExecutor-hivemq-controller-122] DEBUG c.h.p.o.HiveMQPlatformReconciler - [customop] Custom Resource Status STARTING - HiveMQ Platform is starting (READY)
2025-01-29 17:04:08,882 INFO c.h.h.t.HelmChartContainer - [hivemq-test-hivemq-platform] [hivemq-platform-operator] [42fceac4] 17:04:08.881 [ReconcilerExecutor-hivemq-controller-122] DEBUG c.h.p.o.HiveMQPlatformReconciler - [customop] Custom Resource Spec (replicas: 1) (extensions: 1)
2025-01-29 17:04:08,966 INFO c.h.h.t.HelmChartContainer - [hivemq-test-hivemq-platform] [hivemq-platform-operator] [42fceac4] 17:04:08.880 [ReconcilerExecutor-hivemq-controller-121] DEBUG c.h.p.o.h.HiveMQPlatformReconcilerErrorHandler - [customop] Pod 'test-hivemq-platform-alpha-0' condition 'ContainersReady': False
2025-01-29 17:04:08,967 INFO c.h.h.t.HelmChartContainer - [hivemq-test-hivemq-platform] [hivemq-platform-operator] [42fceac4] 17:04:08.964 [ReconcilerExecutor-hivemq-controller-121] DEBUG c.h.p.o.h.HiveMQPlatformReconcilerErrorHandler - [customop] Pod 'test-hivemq-platform-alpha-0' condition 'PodScheduled': True
2025-01-29 17:04:08,967 INFO c.h.h.t.HelmChartContainer - [hivemq-test-hivemq-platform] [hivemq-platform-operator] [42fceac4] 17:04:08.964 [ReconcilerExecutor-hivemq-controller-121] DEBUG c.h.p.o.h.HiveMQPlatformReconcilerErrorHandler - [customop] Pod 'test-hivemq-platform-alpha-0' containerStatus 'hivemq' (started: false) (ready: false) (waiting: [PodInitializing] null)
2025-01-29 17:04:08,967 INFO c.h.h.t.HelmChartContainer - [hivemq-test-hivemq-platform] [hivemq-platform-operator] [42fceac4] 17:04:08.964 [ReconcilerExecutor-hivemq-controller-122] DEBUG c.h.p.o.HiveMQPlatformReconciler - [customop] StatefulSet Status (revision: test-hivemq-platform-beta-68c75dbff9, replicas: 1, available: 0, ready: 0, current: 1, updated: 1)
2025-01-29 17:04:08,967 INFO c.h.h.t.HelmChartContainer - [hivemq-test-hivemq-platform] [hivemq-platform-operator] [42fceac4] 17:04:08.964 [ReconcilerExecutor-hivemq-controller-122] DEBUG c.h.p.o.HiveMQPlatformReconciler - [customop] StatefulSet Spec (replicas: 1, init containers: 1, containers: 1, volumes: 3)
2025-01-29 17:04:08,967 INFO c.h.h.t.HelmChartContainer - [hivemq-test-hivemq-platform] [hivemq-platform-operator] [42fceac4] 17:04:08.965 [ReconcilerExecutor-hivemq-controller-121] INFO  c.h.p.o.h.HiveMQPlatformReconcilerBaseHandler - [customop] HiveMQ Platform is starting, 0 of 1 replicas are ready
2025-01-29 17:04:08,968 INFO c.h.h.t.HelmChartContainer - [hivemq-test-hivemq-platform] [hivemq-platform-operator] [42fceac4] 17:04:08.966 [ReconcilerExecutor-hivemq-controller-122] DEBUG c.h.p.o.h.HiveMQPlatformReconcilerErrorHandler - [customop] Pod 'test-hivemq-platform-beta-0' phase Pending
2025-01-29 17:04:08,968 INFO c.h.h.t.HelmChartContainer - [hivemq-test-hivemq-platform] [hivemq-platform-operator] [42fceac4] 17:04:08.966 [ReconcilerExecutor-hivemq-controller-122] DEBUG c.h.p.o.h.HiveMQPlatformReconcilerErrorHandler - [customop] Pod 'test-hivemq-platform-beta-0' condition 'PodReadyToStartContainers': True
2025-01-29 17:04:08,968 INFO c.h.h.t.HelmChartContainer - [hivemq-test-hivemq-platform] [hivemq-platform-operator] [42fceac4] 17:04:08.966 [ReconcilerExecutor-hivemq-controller-122] DEBUG c.h.p.o.h.HiveMQPlatformReconcilerErrorHandler - [customop] Pod 'test-hivemq-platform-beta-0' condition 'Initialized': False
2025-01-29 17:04:08,968 INFO c.h.h.t.HelmChartContainer - [hivemq-test-hivemq-platform] [hivemq-platform-operator] [42fceac4] 17:04:08.966 [ReconcilerExecutor-hivemq-controller-122] DEBUG c.h.p.o.h.HiveMQPlatformReconcilerErrorHandler - [customop] Pod 'test-hivemq-platform-beta-0' condition 'Ready': False
2025-01-29 17:04:08,968 INFO c.h.h.t.HelmChartContainer - [hivemq-test-hivemq-platform] [hivemq-platform-operator] [42fceac4] 17:04:08.966 [ReconcilerExecutor-hivemq-controller-122] DEBUG c.h.p.o.h.HiveMQPlatformReconcilerErrorHandler - [customop] Pod 'test-hivemq-platform-beta-0' condition 'ContainersReady': False
2025-01-29 17:04:08,968 INFO c.h.h.t.HelmChartContainer - [hivemq-test-hivemq-platform] [hivemq-platform-operator] [42fceac4] 17:04:08.967 [ReconcilerExecutor-hivemq-controller-122] DEBUG c.h.p.o.h.HiveMQPlatformReconcilerErrorHandler - [customop] Pod 'test-hivemq-platform-beta-0' condition 'PodScheduled': True
2025-01-29 17:04:08,968 INFO c.h.h.t.HelmChartContainer - [hivemq-test-hivemq-platform] [hivemq-platform-operator] [42fceac4] 17:04:08.967 [ReconcilerExecutor-hivemq-controller-122] DEBUG c.h.p.o.h.HiveMQPlatformReconcilerErrorHandler - [customop] Pod 'test-hivemq-platform-beta-0' containerStatus 'hivemq' (started: false) (ready: false) (waiting: [PodInitializing] null)
2025-01-29 17:04:08,969 INFO c.h.h.t.HelmChartContainer - [hivemq-test-hivemq-platform] [hivemq-platform-operator] [42fceac4] 17:04:08.968 [ReconcilerExecutor-hivemq-controller-122] INFO  c.h.p.o.h.HiveMQPlatformReconcilerBaseHandler - [customop] HiveMQ Platform is starting, 0 of 1 replicas are ready
2025-01-29 17:04:09,631 INFO c.h.h.t.HelmChartContainer - [EVENT] Normal [Pulled] Container image "docker.io/hivemq/hivemq4:4.36.0" already present on machine [customoperatornamespacesit-alpha:test-hivemq-platform-alpha-0]
2025-01-29 17:04:09,631 INFO c.h.h.t.HelmChartContainer - Received Pulled event for container hivemq in pod test-hivemq-platform-alpha-0 [c2bf1c29-5ac9-419a-8781-f435a11e6e56]
2025-01-29 17:04:09,631 INFO c.h.h.t.HelmChartContainer - [EVENT] Normal [Pulled] Container image "docker.io/hivemq/hivemq4:4.36.0" already present on machine [customoperatornamespacesit-beta:test-hivemq-platform-beta-0]
2025-01-29 17:04:09,631 INFO c.h.h.t.HelmChartContainer - Received Pulled event for container hivemq in pod test-hivemq-platform-beta-0 [5ad2605c-4dc2-4cc6-b742-7c27ab7085d3]
2025-01-29 17:04:09,642 INFO c.h.h.t.HelmChartContainer - [POD] test-hivemq-platform-alpha-0 [c2bf1c29-5ac9-419a-8781-f435a11e6e56] in customoperatornamespacesit-alpha was MODIFIED
2025-01-29 17:04:09,652 INFO c.h.h.t.HelmChartContainer - [hivemq-test-hivemq-platform] [hivemq-platform-operator] [42fceac4] 17:04:09.649 [pool-6-thread-7] DEBUG c.h.p.o.d.PlatformServiceResource - [customop] Desired Platform services (3 services)
2025-01-29 17:04:09,655 INFO c.h.h.t.HelmChartContainer - [POD] test-hivemq-platform-beta-0 [5ad2605c-4dc2-4cc6-b742-7c27ab7085d3] in customoperatornamespacesit-beta was MODIFIED
2025-01-29 17:04:09,659 INFO c.h.h.t.HelmChartContainer - [hivemq-test-hivemq-platform] [hivemq-platform-operator] [42fceac4] 17:04:09.658 [pool-6-thread-7] DEBUG c.h.p.o.d.PodServiceAccountResource - [customop] Desired PodServiceAccountResource (serviceAccountName: hivemq-platform-pod-test-hivemq-platform-alpha)
2025-01-29 17:04:09,663 INFO c.h.h.t.HelmChartContainer - [hivemq-test-hivemq-platform] [hivemq-platform-operator] [42fceac4] 17:04:09.655 [pool-6-thread-11] DEBUG c.h.p.o.dependants.PodInfoConfigMap - [customop] Desired PodInfo ConfigMap (1 extensions) (1 enabled)
2025-01-29 17:04:09,663 INFO c.h.h.t.HelmChartContainer - [hivemq-test-hivemq-platform] [hivemq-platform-operator] [42fceac4] 17:04:09.660 [pool-6-thread-11] DEBUG c.h.p.o.dependants.PodInfoConfigMap - [customop] Desired PodInfo ConfigMap (metrics port: 9399) (metrics path: /)
2025-01-29 17:04:09,663 INFO c.h.h.t.HelmChartContainer - [hivemq-test-hivemq-platform] [hivemq-platform-operator] [42fceac4] 17:04:09.660 [pool-6-thread-11] DEBUG c.h.p.o.dependants.PodInfoConfigMap - [customop] Desired PodInfo ConfigMap (extension state hash: -1817474005)
2025-01-29 17:04:09,663 INFO c.h.h.t.HelmChartContainer - [hivemq-test-hivemq-platform] [hivemq-platform-operator] [42fceac4] 17:04:09.661 [pool-6-thread-11] DEBUG c.h.p.o.d.PlatformServiceResource - [customop] Desired Platform services (3 services)
2025-01-29 17:04:09,666 INFO c.h.h.t.HelmChartContainer - [hivemq-test-hivemq-platform] [hivemq-platform-operator] [42fceac4] 17:04:09.666 [pool-6-thread-5] DEBUG c.h.p.o.d.PodServiceAccountResource - [customop] Desired PodServiceAccountResource (serviceAccountName: hivemq-platform-pod-test-hivemq-platform-beta)
2025-01-29 17:04:09,671 INFO c.h.h.t.HelmChartContainer - [hivemq-test-hivemq-platform] [hivemq-platform-operator] [42fceac4] 17:04:09.669 [pool-6-thread-12] DEBUG c.h.p.o.dependants.PodInfoConfigMap - [customop] Desired PodInfo ConfigMap (1 extensions) (1 enabled)
2025-01-29 17:04:09,671 INFO c.h.h.t.HelmChartContainer - [hivemq-test-hivemq-platform] [hivemq-platform-operator] [42fceac4] 17:04:09.670 [pool-6-thread-12] DEBUG c.h.p.o.dependants.PodInfoConfigMap - [customop] Desired PodInfo ConfigMap (metrics port: 9399) (metrics path: /)
2025-01-29 17:04:09,671 INFO c.h.h.t.HelmChartContainer - [hivemq-test-hivemq-platform] [hivemq-platform-operator] [42fceac4] 17:04:09.670 [pool-6-thread-12] DEBUG c.h.p.o.dependants.PodInfoConfigMap - [customop] Desired PodInfo ConfigMap (extension state hash: -1817474005)
2025-01-29 17:04:09,747 INFO c.h.h.t.HelmChartContainer - [hivemq-test-hivemq-platform] [hivemq-platform-operator] [42fceac4] 17:04:09.744 [pool-6-thread-7] DEBUG c.h.p.o.d.StatefulSetResource - [customop] Desired StatefulSet (1 replicas) for status STARTING (READY)
2025-01-29 17:04:09,750 INFO c.h.h.t.HelmChartContainer - [hivemq-test-hivemq-platform] [hivemq-platform-operator] [42fceac4] 17:04:09.750 [pool-6-thread-11] DEBUG c.h.p.o.d.StatefulSetResource - [customop] Desired StatefulSet (1 replicas) for status STARTING (READY)
2025-01-29 17:04:09,768 INFO c.h.h.t.HelmChartContainer - [hivemq-test-hivemq-platform] [hivemq-platform-operator] [42fceac4] 17:04:09.764 [ReconcilerExecutor-hivemq-controller-123] INFO  c.h.p.o.HiveMQPlatformReconciler - [customop] Reconciling HiveMQ Platform 'test-hivemq-platform-alpha' in namespace 'customoperatornamespacesit-alpha'
2025-01-29 17:04:09,768 INFO c.h.h.t.HelmChartContainer - [hivemq-test-hivemq-platform] [hivemq-platform-operator] [42fceac4] 17:04:09.764 [ReconcilerExecutor-hivemq-controller-123] DEBUG c.h.p.o.HiveMQPlatformReconciler - [customop] Custom Resource Status STARTING - HiveMQ Platform is starting (READY)
2025-01-29 17:04:09,768 INFO c.h.h.t.HelmChartContainer - [hivemq-test-hivemq-platform] [hivemq-platform-operator] [42fceac4] 17:04:09.764 [ReconcilerExecutor-hivemq-controller-123] DEBUG c.h.p.o.HiveMQPlatformReconciler - [customop] Custom Resource Spec (replicas: 1) (extensions: 1)
2025-01-29 17:04:09,768 INFO c.h.h.t.HelmChartContainer - [hivemq-test-hivemq-platform] [hivemq-platform-operator] [42fceac4] 17:04:09.766 [ReconcilerExecutor-hivemq-controller-124] INFO  c.h.p.o.HiveMQPlatformReconciler - [customop] Reconciling HiveMQ Platform 'test-hivemq-platform-beta' in namespace 'customoperatornamespacesit-beta'
2025-01-29 17:04:09,769 INFO c.h.h.t.HelmChartContainer - [hivemq-test-hivemq-platform] [hivemq-platform-operator] [42fceac4] 17:04:09.766 [ReconcilerExecutor-hivemq-controller-124] DEBUG c.h.p.o.HiveMQPlatformReconciler - [customop] Custom Resource Status STARTING - HiveMQ Platform is starting (READY)
2025-01-29 17:04:09,769 INFO c.h.h.t.HelmChartContainer - [hivemq-test-hivemq-platform] [hivemq-platform-operator] [42fceac4] 17:04:09.766 [ReconcilerExecutor-hivemq-controller-124] DEBUG c.h.p.o.HiveMQPlatformReconciler - [customop] Custom Resource Spec (replicas: 1) (extensions: 1)
2025-01-29 17:04:09,769 INFO c.h.h.t.HelmChartContainer - [hivemq-test-hivemq-platform] [hivemq-platform-operator] [42fceac4] 17:04:09.766 [ReconcilerExecutor-hivemq-controller-123] DEBUG c.h.p.o.HiveMQPlatformReconciler - [customop] StatefulSet Status (revision: test-hivemq-platform-alpha-5bcd5cb867, replicas: 1, available: 0, ready: 0, current: 1, updated: 1)
2025-01-29 17:04:09,769 INFO c.h.h.t.HelmChartContainer - [hivemq-test-hivemq-platform] [hivemq-platform-operator] [42fceac4] 17:04:09.766 [ReconcilerExecutor-hivemq-controller-123] DEBUG c.h.p.o.HiveMQPlatformReconciler - [customop] StatefulSet Spec (replicas: 1, init containers: 1, containers: 1, volumes: 3)
2025-01-29 17:04:09,771 INFO c.h.h.t.HelmChartContainer - [hivemq-test-hivemq-platform] [hivemq-platform-operator] [42fceac4] 17:04:09.767 [ReconcilerExecutor-hivemq-controller-124] DEBUG c.h.p.o.HiveMQPlatformReconciler - [customop] StatefulSet Status (revision: test-hivemq-platform-beta-68c75dbff9, replicas: 1, available: 0, ready: 0, current: 1, updated: 1)
2025-01-29 17:04:09,772 INFO c.h.h.t.HelmChartContainer - [hivemq-test-hivemq-platform] [hivemq-platform-operator] [42fceac4] 17:04:09.768 [ReconcilerExecutor-hivemq-controller-124] DEBUG c.h.p.o.HiveMQPlatformReconciler - [customop] StatefulSet Spec (replicas: 1, init containers: 1, containers: 1, volumes: 3)
2025-01-29 17:04:09,773 INFO c.h.h.t.HelmChartContainer - [hivemq-test-hivemq-platform] [hivemq-platform-operator] [42fceac4] 17:04:09.772 [ReconcilerExecutor-hivemq-controller-124] DEBUG c.h.p.o.h.HiveMQPlatformReconcilerErrorHandler - [customop] Pod 'test-hivemq-platform-beta-0' phase Pending
2025-01-29 17:04:09,774 INFO c.h.h.t.HelmChartContainer - [hivemq-test-hivemq-platform] [hivemq-platform-operator] [42fceac4] 17:04:09.772 [ReconcilerExecutor-hivemq-controller-124] DEBUG c.h.p.o.h.HiveMQPlatformReconcilerErrorHandler - [customop] Pod 'test-hivemq-platform-beta-0' condition 'PodReadyToStartContainers': True
2025-01-29 17:04:09,774 INFO c.h.h.t.HelmChartContainer - [hivemq-test-hivemq-platform] [hivemq-platform-operator] [42fceac4] 17:04:09.772 [ReconcilerExecutor-hivemq-controller-124] DEBUG c.h.p.o.h.HiveMQPlatformReconcilerErrorHandler - [customop] Pod 'test-hivemq-platform-beta-0' condition 'Initialized': True
2025-01-29 17:04:09,774 INFO c.h.h.t.HelmChartContainer - [hivemq-test-hivemq-platform] [hivemq-platform-operator] [42fceac4] 17:04:09.773 [ReconcilerExecutor-hivemq-controller-124] DEBUG c.h.p.o.h.HiveMQPlatformReconcilerErrorHandler - [customop] Pod 'test-hivemq-platform-beta-0' condition 'Ready': False
2025-01-29 17:04:09,844 INFO c.h.h.t.HelmChartContainer - [hivemq-test-hivemq-platform] [hivemq-platform-operator] [42fceac4] 17:04:09.840 [ReconcilerExecutor-hivemq-controller-124] DEBUG c.h.p.o.h.HiveMQPlatformReconcilerErrorHandler - [customop] Pod 'test-hivemq-platform-beta-0' condition 'ContainersReady': False
2025-01-29 17:04:09,844 INFO c.h.h.t.HelmChartContainer - [hivemq-test-hivemq-platform] [hivemq-platform-operator] [42fceac4] 17:04:09.841 [ReconcilerExecutor-hivemq-controller-124] DEBUG c.h.p.o.h.HiveMQPlatformReconcilerErrorHandler - [customop] Pod 'test-hivemq-platform-beta-0' condition 'PodScheduled': True
2025-01-29 17:04:09,844 INFO c.h.h.t.HelmChartContainer - [hivemq-test-hivemq-platform] [hivemq-platform-operator] [42fceac4] 17:04:09.841 [ReconcilerExecutor-hivemq-controller-124] DEBUG c.h.p.o.h.HiveMQPlatformReconcilerErrorHandler - [customop] Pod 'test-hivemq-platform-beta-0' containerStatus 'hivemq' (started: false) (ready: false) (waiting: [PodInitializing] null)
2025-01-29 17:04:09,844 INFO c.h.h.t.HelmChartContainer - [hivemq-test-hivemq-platform] [hivemq-platform-operator] [42fceac4] 17:04:09.841 [ReconcilerExecutor-hivemq-controller-123] DEBUG c.h.p.o.h.HiveMQPlatformReconcilerErrorHandler - [customop] Pod 'test-hivemq-platform-alpha-0' phase Pending
2025-01-29 17:04:09,846 INFO c.h.h.t.HelmChartContainer - [hivemq-test-hivemq-platform] [hivemq-platform-operator] [42fceac4] 17:04:09.841 [ReconcilerExecutor-hivemq-controller-123] DEBUG c.h.p.o.h.HiveMQPlatformReconcilerErrorHandler - [customop] Pod 'test-hivemq-platform-alpha-0' condition 'PodReadyToStartContainers': True
2025-01-29 17:04:09,846 INFO c.h.h.t.HelmChartContainer - [hivemq-test-hivemq-platform] [hivemq-platform-operator] [42fceac4] 17:04:09.841 [ReconcilerExecutor-hivemq-controller-123] DEBUG c.h.p.o.h.HiveMQPlatformReconcilerErrorHandler - [customop] Pod 'test-hivemq-platform-alpha-0' condition 'Initialized': True
2025-01-29 17:04:09,846 INFO c.h.h.t.HelmChartContainer - [hivemq-test-hivemq-platform] [hivemq-platform-operator] [42fceac4] 17:04:09.841 [ReconcilerExecutor-hivemq-controller-123] DEBUG c.h.p.o.h.HiveMQPlatformReconcilerErrorHandler - [customop] Pod 'test-hivemq-platform-alpha-0' condition 'Ready': False
2025-01-29 17:04:09,846 INFO c.h.h.t.HelmChartContainer - [hivemq-test-hivemq-platform] [hivemq-platform-operator] [42fceac4] 17:04:09.841 [ReconcilerExecutor-hivemq-controller-123] DEBUG c.h.p.o.h.HiveMQPlatformReconcilerErrorHandler - [customop] Pod 'test-hivemq-platform-alpha-0' condition 'ContainersReady': False
2025-01-29 17:04:09,846 INFO c.h.h.t.HelmChartContainer - [hivemq-test-hivemq-platform] [hivemq-platform-operator] [42fceac4] 17:04:09.841 [ReconcilerExecutor-hivemq-controller-123] DEBUG c.h.p.o.h.HiveMQPlatformReconcilerErrorHandler - [customop] Pod 'test-hivemq-platform-alpha-0' condition 'PodScheduled': True
2025-01-29 17:04:09,846 INFO c.h.h.t.HelmChartContainer - [hivemq-test-hivemq-platform] [hivemq-platform-operator] [42fceac4] 17:04:09.841 [ReconcilerExecutor-hivemq-controller-123] DEBUG c.h.p.o.h.HiveMQPlatformReconcilerErrorHandler - [customop] Pod 'test-hivemq-platform-alpha-0' containerStatus 'hivemq' (started: false) (ready: false) (waiting: [PodInitializing] null)
2025-01-29 17:04:09,846 INFO c.h.h.t.HelmChartContainer - [hivemq-test-hivemq-platform] [hivemq-platform-operator] [42fceac4] 17:04:09.842 [ReconcilerExecutor-hivemq-controller-124] INFO  c.h.p.o.h.HiveMQPlatformReconcilerBaseHandler - [customop] HiveMQ Platform is starting, 0 of 1 replicas are ready
2025-01-29 17:04:09,846 INFO c.h.h.t.HelmChartContainer - [hivemq-test-hivemq-platform] [hivemq-platform-operator] [42fceac4] 17:04:09.842 [ReconcilerExecutor-hivemq-controller-123] INFO  c.h.p.o.h.HiveMQPlatformReconcilerBaseHandler - [customop] HiveMQ Platform is starting, 0 of 1 replicas are ready
2025-01-29 17:04:11,526 INFO c.h.h.t.HelmChartContainer - [EVENT] Normal [Created] Created container: hivemq [customoperatornamespacesit-beta:test-hivemq-platform-beta-0]
2025-01-29 17:04:11,526 INFO c.h.h.t.HelmChartContainer - Received Created event for container hivemq in pod test-hivemq-platform-beta-0 [5ad2605c-4dc2-4cc6-b742-7c27ab7085d3]
2025-01-29 17:04:11,642 INFO c.h.h.t.HelmChartContainer - [POD] test-hivemq-platform-alpha-0 [c2bf1c29-5ac9-419a-8781-f435a11e6e56] in customoperatornamespacesit-alpha was MODIFIED
2025-01-29 17:04:11,655 INFO c.h.h.t.HelmChartContainer - [hivemq-test-hivemq-platform] [hivemq-platform-operator] [42fceac4] 17:04:11.652 [pool-6-thread-25] DEBUG c.h.p.o.d.PlatformServiceResource - [customop] Desired Platform services (3 services)
2025-01-29 17:04:11,667 INFO c.h.h.t.HelmChartContainer - [hivemq-test-hivemq-platform] [hivemq-platform-operator] [42fceac4] 17:04:11.658 [pool-6-thread-27] DEBUG c.h.p.o.dependants.PodInfoConfigMap - [customop] Desired PodInfo ConfigMap (1 extensions) (1 enabled)
2025-01-29 17:04:11,674 INFO c.h.h.t.HelmChartContainer - [POD] test-hivemq-platform-beta-0 [5ad2605c-4dc2-4cc6-b742-7c27ab7085d3] in customoperatornamespacesit-beta was MODIFIED
2025-01-29 17:04:11,676 INFO c.h.h.t.HelmChartContainer - [hivemq-test-hivemq-platform] [hivemq-platform-operator] [42fceac4] 17:04:11.662 [pool-6-thread-27] DEBUG c.h.p.o.dependants.PodInfoConfigMap - [customop] Desired PodInfo ConfigMap (metrics port: 9399) (metrics path: /)
2025-01-29 17:04:11,676 INFO c.h.h.t.HelmChartContainer - [hivemq-test-hivemq-platform] [hivemq-platform-operator] [42fceac4] 17:04:11.662 [pool-6-thread-27] DEBUG c.h.p.o.dependants.PodInfoConfigMap - [customop] Desired PodInfo ConfigMap (extension state hash: -1817474005)
2025-01-29 17:04:11,676 INFO c.h.h.t.HelmChartContainer - [hivemq-test-hivemq-platform] [hivemq-platform-operator] [42fceac4] 17:04:11.658 [pool-6-thread-36] DEBUG c.h.p.o.d.PodServiceAccountResource - [customop] Desired PodServiceAccountResource (serviceAccountName: hivemq-platform-pod-test-hivemq-platform-alpha)
2025-01-29 17:04:11,676 INFO c.h.h.t.HelmChartContainer - [hivemq-test-hivemq-platform] [hivemq-platform-operator] [42fceac4] 17:04:11.666 [pool-6-thread-25] DEBUG c.h.p.o.d.StatefulSetResource - [customop] Desired StatefulSet (1 replicas) for status STARTING (READY)
2025-01-29 17:04:11,676 INFO c.h.h.t.HelmChartContainer - [hivemq-test-hivemq-platform] [hivemq-platform-operator] [42fceac4] 17:04:11.672 [ReconcilerExecutor-hivemq-controller-125] INFO  c.h.p.o.HiveMQPlatformReconciler - [customop] Reconciling HiveMQ Platform 'test-hivemq-platform-alpha' in namespace 'customoperatornamespacesit-alpha'
2025-01-29 17:04:11,682 INFO c.h.h.t.HelmChartContainer - [hivemq-test-hivemq-platform] [hivemq-platform-operator] [42fceac4] 17:04:11.672 [ReconcilerExecutor-hivemq-controller-125] DEBUG c.h.p.o.HiveMQPlatformReconciler - [customop] Custom Resource Status STARTING - HiveMQ Platform is starting (READY)
2025-01-29 17:04:11,682 INFO c.h.h.t.HelmChartContainer - [hivemq-test-hivemq-platform] [hivemq-platform-operator] [42fceac4] 17:04:11.674 [ReconcilerExecutor-hivemq-controller-125] DEBUG c.h.p.o.HiveMQPlatformReconciler - [customop] Custom Resource Spec (replicas: 1) (extensions: 1)
2025-01-29 17:04:11,683 INFO c.h.h.t.HelmChartContainer - [hivemq-test-hivemq-platform] [hivemq-platform-operator] [42fceac4] 17:04:11.681 [ReconcilerExecutor-hivemq-controller-125] DEBUG c.h.p.o.HiveMQPlatformReconciler - [customop] StatefulSet Status (revision: test-hivemq-platform-alpha-5bcd5cb867, replicas: 1, available: 0, ready: 0, current: 1, updated: 1)
2025-01-29 17:04:11,683 INFO c.h.h.t.HelmChartContainer - [hivemq-test-hivemq-platform] [hivemq-platform-operator] [42fceac4] 17:04:11.682 [ReconcilerExecutor-hivemq-controller-125] DEBUG c.h.p.o.HiveMQPlatformReconciler - [customop] StatefulSet Spec (replicas: 1, init containers: 1, containers: 1, volumes: 3)
2025-01-29 17:04:11,696 INFO c.h.h.t.HelmChartContainer - Started log watcher for hivemq in pod test-hivemq-platform-beta-0 [5ad2605c-4dc2-4cc6-b742-7c27ab7085d3]
2025-01-29 17:04:11,696 INFO c.h.h.t.HelmChartContainer - [test-hivemq-platform] [hivemq] [5ad2605c] Adding pre-installed HiveMQ Platform Operator extensions
2025-01-29 17:04:11,696 INFO c.h.h.t.HelmChartContainer - [test-hivemq-platform] [hivemq] [5ad2605c] Running as user 10000
2025-01-29 17:04:11,696 INFO c.h.h.t.HelmChartContainer - [test-hivemq-platform] [hivemq] [5ad2605c] Starting HiveMQ Platform Operator Init
2025-01-29 17:04:11,696 INFO c.h.h.t.HelmChartContainer - [EVENT] Normal [Created] Created container: hivemq [customoperatornamespacesit-alpha:test-hivemq-platform-alpha-0]
2025-01-29 17:04:11,696 INFO c.h.h.t.HelmChartContainer - Received Created event for container hivemq in pod test-hivemq-platform-alpha-0 [c2bf1c29-5ac9-419a-8781-f435a11e6e56]
2025-01-29 17:04:11,714 INFO c.h.h.t.HelmChartContainer - [EVENT] Normal [Started] Started container hivemq [customoperatornamespacesit-alpha:test-hivemq-platform-alpha-0]
2025-01-29 17:04:11,715 INFO c.h.h.t.HelmChartContainer - Received Started event for container hivemq in pod test-hivemq-platform-alpha-0 [c2bf1c29-5ac9-419a-8781-f435a11e6e56]
2025-01-29 17:04:11,715 INFO c.h.h.t.HelmChartContainer - [EVENT] Normal [Started] Started container hivemq [customoperatornamespacesit-beta:test-hivemq-platform-beta-0]
2025-01-29 17:04:11,715 INFO c.h.h.t.HelmChartContainer - Received Started event for container hivemq in pod test-hivemq-platform-beta-0 [5ad2605c-4dc2-4cc6-b742-7c27ab7085d3]
2025-01-29 17:04:11,715 INFO c.h.h.t.HelmChartContainer - Started log watcher for hivemq in pod test-hivemq-platform-alpha-0 [c2bf1c29-5ac9-419a-8781-f435a11e6e56]
2025-01-29 17:04:11,715 INFO c.h.h.t.HelmChartContainer - [test-hivemq-platform] [hivemq] [c2bf1c29] Adding pre-installed HiveMQ Platform Operator extensions
2025-01-29 17:04:11,715 INFO c.h.h.t.HelmChartContainer - [test-hivemq-platform] [hivemq] [c2bf1c29] Running as user 10000
2025-01-29 17:04:11,715 INFO c.h.h.t.HelmChartContainer - [test-hivemq-platform] [hivemq] [c2bf1c29] Starting HiveMQ Platform Operator Init
2025-01-29 17:04:11,748 INFO c.h.h.t.HelmChartContainer - [hivemq-test-hivemq-platform] [hivemq-platform-operator] [42fceac4] 17:04:11.742 [ReconcilerExecutor-hivemq-controller-125] DEBUG c.h.p.o.h.HiveMQPlatformReconcilerErrorHandler - [customop] Pod 'test-hivemq-platform-alpha-0' phase Running
2025-01-29 17:04:11,748 INFO c.h.h.t.HelmChartContainer - [hivemq-test-hivemq-platform] [hivemq-platform-operator] [42fceac4] 17:04:11.744 [ReconcilerExecutor-hivemq-controller-125] INFO  c.h.p.o.h.HiveMQPlatformReconcilerBaseHandler - [customop] HiveMQ Platform is starting, 0 of 1 replicas are ready
2025-01-29 17:04:11,748 INFO c.h.h.t.HelmChartContainer - [hivemq-test-hivemq-platform] [hivemq-platform-operator] [42fceac4] 17:04:11.746 [pool-6-thread-30] DEBUG c.h.p.o.d.PlatformServiceResource - [customop] Desired Platform services (3 services)
2025-01-29 17:04:11,757 INFO c.h.h.t.HelmChartContainer - [hivemq-test-hivemq-platform] [hivemq-platform-operator] [42fceac4] 17:04:11.749 [pool-6-thread-22] DEBUG c.h.p.o.d.PodServiceAccountResource - [customop] Desired PodServiceAccountResource (serviceAccountName: hivemq-platform-pod-test-hivemq-platform-beta)
2025-01-29 17:04:11,759 INFO c.h.h.t.HelmChartContainer - [hivemq-test-hivemq-platform] [hivemq-platform-operator] [42fceac4] 17:04:11.749 [pool-6-thread-37] DEBUG c.h.p.o.dependants.PodInfoConfigMap - [customop] Desired PodInfo ConfigMap (1 extensions) (1 enabled)
2025-01-29 17:04:11,760 INFO c.h.h.t.HelmChartContainer - [hivemq-test-hivemq-platform] [hivemq-platform-operator] [42fceac4] 17:04:11.752 [pool-6-thread-37] DEBUG c.h.p.o.dependants.PodInfoConfigMap - [customop] Desired PodInfo ConfigMap (metrics port: 9399) (metrics path: /)
2025-01-29 17:04:11,760 INFO c.h.h.t.HelmChartContainer - [hivemq-test-hivemq-platform] [hivemq-platform-operator] [42fceac4] 17:04:11.752 [pool-6-thread-37] DEBUG c.h.p.o.dependants.PodInfoConfigMap - [customop] Desired PodInfo ConfigMap (extension state hash: -1817474005)
2025-01-29 17:04:11,760 INFO c.h.h.t.HelmChartContainer - [hivemq-test-hivemq-platform] [hivemq-platform-operator] [42fceac4] 17:04:11.757 [pool-6-thread-30] DEBUG c.h.p.o.d.StatefulSetResource - [customop] Desired StatefulSet (1 replicas) for status STARTING (READY)
2025-01-29 17:04:11,772 INFO c.h.h.t.HelmChartContainer - [hivemq-test-hivemq-platform] [hivemq-platform-operator] [42fceac4] 17:04:11.769 [ReconcilerExecutor-hivemq-controller-126] INFO  c.h.p.o.HiveMQPlatformReconciler - [customop] Reconciling HiveMQ Platform 'test-hivemq-platform-beta' in namespace 'customoperatornamespacesit-beta'
2025-01-29 17:04:11,773 INFO c.h.h.t.HelmChartContainer - [hivemq-test-hivemq-platform] [hivemq-platform-operator] [42fceac4] 17:04:11.769 [ReconcilerExecutor-hivemq-controller-126] DEBUG c.h.p.o.HiveMQPlatformReconciler - [customop] Custom Resource Status STARTING - HiveMQ Platform is starting (READY)
2025-01-29 17:04:11,773 INFO c.h.h.t.HelmChartContainer - [hivemq-test-hivemq-platform] [hivemq-platform-operator] [42fceac4] 17:04:11.769 [ReconcilerExecutor-hivemq-controller-126] DEBUG c.h.p.o.HiveMQPlatformReconciler - [customop] Custom Resource Spec (replicas: 1) (extensions: 1)
2025-01-29 17:04:11,842 INFO c.h.h.t.HelmChartContainer - [hivemq-test-hivemq-platform] [hivemq-platform-operator] [42fceac4] 17:04:11.840 [ReconcilerExecutor-hivemq-controller-126] DEBUG c.h.p.o.HiveMQPlatformReconciler - [customop] StatefulSet Status (revision: test-hivemq-platform-beta-68c75dbff9, replicas: 1, available: 0, ready: 0, current: 1, updated: 1)
2025-01-29 17:04:11,843 INFO c.h.h.t.HelmChartContainer - [hivemq-test-hivemq-platform] [hivemq-platform-operator] [42fceac4] 17:04:11.841 [ReconcilerExecutor-hivemq-controller-126] DEBUG c.h.p.o.HiveMQPlatformReconciler - [customop] StatefulSet Spec (replicas: 1, init containers: 1, containers: 1, volumes: 3)
2025-01-29 17:04:11,847 INFO c.h.h.t.HelmChartContainer - [hivemq-test-hivemq-platform] [hivemq-platform-operator] [42fceac4] 17:04:11.845 [ReconcilerExecutor-hivemq-controller-126] DEBUG c.h.p.o.h.HiveMQPlatformReconcilerErrorHandler - [customop] Pod 'test-hivemq-platform-beta-0' phase Running
2025-01-29 17:04:11,849 INFO c.h.h.t.HelmChartContainer - [hivemq-test-hivemq-platform] [hivemq-platform-operator] [42fceac4] 17:04:11.848 [ReconcilerExecutor-hivemq-controller-126] INFO  c.h.p.o.h.HiveMQPlatformReconcilerBaseHandler - [customop] HiveMQ Platform is starting, 0 of 1 replicas are ready
2025-01-29 17:04:12,828 INFO c.h.h.t.HelmChartContainer - [test-hivemq-platform] [hivemq] [5ad2605c] INFO  - [HiveMQ Platform Operator Init 1.7.0-SNAPSHOT] HiveMQ Platform Operator Init 1.7.0-SNAPSHOT (commit: 8465ebf on branch: HEAD) built on Wed Jan 29 16:56:31 UTC 2025
2025-01-29 17:04:12,851 INFO c.h.h.t.HelmChartContainer - [test-hivemq-platform] [hivemq] [c2bf1c29] INFO  - [HiveMQ Platform Operator Init 1.7.0-SNAPSHOT] HiveMQ Platform Operator Init 1.7.0-SNAPSHOT (commit: 8465ebf on branch: HEAD) built on Wed Jan 29 16:56:31 UTC 2025
2025-01-29 17:04:13,885 INFO c.h.h.t.HelmChartContainer - [test-hivemq-platform] [hivemq] [5ad2605c] INFO  - [HiveMQ Platform Operator Init App 1.7.0-SNAPSHOT] Using bind address 10.42.0.8 from environment variable
2025-01-29 17:04:14,022 INFO c.h.h.t.HelmChartContainer - [test-hivemq-platform] [hivemq] [c2bf1c29] INFO  - [HiveMQ Platform Operator Init App 1.7.0-SNAPSHOT] Using bind address 10.42.0.9 from environment variable
2025-01-29 17:04:14,773 INFO c.h.h.t.HelmChartContainer - [test-hivemq-platform] [hivemq] [5ad2605c] INFO  - [HiveMQ Platform Operator Init App 1.7.0-SNAPSHOT] HiveMQ Platform Operator Init App 1.7.0-SNAPSHOT (commit: 8465ebf on branch: HEAD) built on Wed Jan 29 16:56:31 UTC 2025
2025-01-29 17:04:14,773 INFO c.h.h.t.HelmChartContainer - [test-hivemq-platform] [hivemq] [5ad2605c] INFO  - [HiveMQ Platform Operator Init App 1.7.0-SNAPSHOT] PodInfo ConfigMap directory: /etc/podinfo
2025-01-29 17:04:14,773 INFO c.h.h.t.HelmChartContainer - [test-hivemq-platform] [hivemq] [5ad2605c] INFO  - [HiveMQ Platform Operator Init App 1.7.0-SNAPSHOT] HiveMQ home directory: /opt/hivemq
2025-01-29 17:04:14,773 INFO c.h.h.t.HelmChartContainer - [test-hivemq-platform] [hivemq] [5ad2605c] INFO  - [HiveMQ Platform Operator Init App 1.7.0-SNAPSHOT] HiveMQ Logback folder: /opt/hivemq/conf
2025-01-29 17:04:14,773 INFO c.h.h.t.HelmChartContainer - [test-hivemq-platform] [hivemq] [5ad2605c] INFO  - [HiveMQ Platform Operator Init App 1.7.0-SNAPSHOT] HiveMQ Config folder: /opt/hivemq/conf-k8s
2025-01-29 17:04:14,774 INFO c.h.h.t.HelmChartContainer - [test-hivemq-platform] [hivemq] [5ad2605c] INFO  - [HiveMQ Platform Operator Init App 1.7.0-SNAPSHOT] Starting HiveMQ Platform Operator Init App
2025-01-29 17:04:14,774 INFO c.h.h.t.HelmChartContainer - [test-hivemq-platform] [hivemq] [5ad2605c] INFO  - [HiveMQ Platform Operator Init App 1.7.0-SNAPSHOT] Starting Pod reconciler
2025-01-29 17:04:14,964 INFO c.h.h.t.HelmChartContainer - [test-hivemq-platform] [hivemq] [c2bf1c29] INFO  - [HiveMQ Platform Operator Init App 1.7.0-SNAPSHOT] HiveMQ Platform Operator Init App 1.7.0-SNAPSHOT (commit: 8465ebf on branch: HEAD) built on Wed Jan 29 16:56:31 UTC 2025
2025-01-29 17:04:14,964 INFO c.h.h.t.HelmChartContainer - [test-hivemq-platform] [hivemq] [c2bf1c29] INFO  - [HiveMQ Platform Operator Init App 1.7.0-SNAPSHOT] PodInfo ConfigMap directory: /etc/podinfo
2025-01-29 17:04:14,964 INFO c.h.h.t.HelmChartContainer - [test-hivemq-platform] [hivemq] [c2bf1c29] INFO  - [HiveMQ Platform Operator Init App 1.7.0-SNAPSHOT] HiveMQ home directory: /opt/hivemq
2025-01-29 17:04:14,964 INFO c.h.h.t.HelmChartContainer - [test-hivemq-platform] [hivemq] [c2bf1c29] INFO  - [HiveMQ Platform Operator Init App 1.7.0-SNAPSHOT] HiveMQ Logback folder: /opt/hivemq/conf
2025-01-29 17:04:14,964 INFO c.h.h.t.HelmChartContainer - [test-hivemq-platform] [hivemq] [c2bf1c29] INFO  - [HiveMQ Platform Operator Init App 1.7.0-SNAPSHOT] HiveMQ Config folder: /opt/hivemq/conf-k8s
2025-01-29 17:04:14,966 INFO c.h.h.t.HelmChartContainer - [test-hivemq-platform] [hivemq] [c2bf1c29] INFO  - [HiveMQ Platform Operator Init App 1.7.0-SNAPSHOT] Starting HiveMQ Platform Operator Init App
2025-01-29 17:04:14,966 INFO c.h.h.t.HelmChartContainer - [test-hivemq-platform] [hivemq] [c2bf1c29] INFO  - [HiveMQ Platform Operator Init App 1.7.0-SNAPSHOT] Starting Pod reconciler
2025-01-29 17:04:15,879 INFO c.h.h.t.HelmChartContainer - [test-hivemq-platform] [hivemq] [5ad2605c] INFO  - [HiveMQ Platform Operator Init App 1.7.0-SNAPSHOT] Pod reconciler is scheduled (interval: 5000 ms)
2025-01-29 17:04:15,880 INFO c.h.h.t.HelmChartContainer - [test-hivemq-platform] [hivemq] [5ad2605c] INFO  - [HiveMQ Platform Operator Init App 1.7.0-SNAPSHOT] Starting the REST API on 10.42.0.8:7979
2025-01-29 17:04:15,882 INFO c.h.h.t.HelmChartContainer - [test-hivemq-platform] [hivemq] [5ad2605c] INFO  - [HiveMQ Platform Operator Init App 1.7.0-SNAPSHOT] Waiting up to 600s for at most 1 HiveMQ nodes in cluster service hivemq-test-hivemq-platform-beta-cluster.customoperatornamespacesit-beta.svc
2025-01-29 17:04:16,119 INFO c.h.h.t.HelmChartContainer - [test-hivemq-platform] [hivemq] [c2bf1c29] INFO  - [HiveMQ Platform Operator Init App 1.7.0-SNAPSHOT] Pod reconciler is scheduled (interval: 5000 ms)
2025-01-29 17:04:16,120 INFO c.h.h.t.HelmChartContainer - [test-hivemq-platform] [hivemq] [c2bf1c29] INFO  - [HiveMQ Platform Operator Init App 1.7.0-SNAPSHOT] Starting the REST API on 10.42.0.9:7979
2025-01-29 17:04:16,122 INFO c.h.h.t.HelmChartContainer - [test-hivemq-platform] [hivemq] [c2bf1c29] INFO  - [HiveMQ Platform Operator Init App 1.7.0-SNAPSHOT] Waiting up to 600s for at most 1 HiveMQ nodes in cluster service hivemq-test-hivemq-platform-alpha-cluster.customoperatornamespacesit-alpha.svc
2025-01-29 17:04:16,237 INFO c.h.h.t.HelmChartContainer - [test-hivemq-platform] [hivemq] [5ad2605c] INFO  - [HiveMQ Platform Operator Init App 1.7.0-SNAPSHOT] Resolved 1 IP addresses: [10.42.0.8]
2025-01-29 17:04:16,237 INFO c.h.h.t.HelmChartContainer - [test-hivemq-platform] [hivemq] [5ad2605c] INFO  - [HiveMQ Platform Operator Init App 1.7.0-SNAPSHOT] HiveMQ node count of 1 is within threshold of 1
2025-01-29 17:04:16,237 INFO c.h.h.t.HelmChartContainer - [test-hivemq-platform] [hivemq] [5ad2605c] INFO  - [HiveMQ Platform Operator Init App 1.7.0-SNAPSHOT] Proceeding with container start
2025-01-29 17:04:16,331 INFO c.h.h.t.HelmChartContainer - [test-hivemq-platform] [hivemq] [5ad2605c] INFO  - [HiveMQ Platform Operator Init App 1.7.0-SNAPSHOT] Initializing HiveMQ Platform extensions with initial configuration: {hivemq-allow-all-extension={start-priority=-1, skip-https-hostname-verification=false, restart=true, config-version=0, header-version=0, c-uri=, priority=-1, uri=preinstalled, skip-https-certificate-validation=false, enabled=true}, hivemq-prometheus-extension={uri=preinstalled, request-header-path=no-request-headers, enabled=true, restart=true, priority=-1, start-priority=-1, c-uri=, skip-https-hostname-verification=false, skip-https-certificate-validation=false}}
2025-01-29 17:04:16,459 INFO c.h.h.t.HelmChartContainer - [test-hivemq-platform] [hivemq] [c2bf1c29] INFO  - [HiveMQ Platform Operator Init App 1.7.0-SNAPSHOT] Resolved 1 IP addresses: [10.42.0.9]
2025-01-29 17:04:16,459 INFO c.h.h.t.HelmChartContainer - [test-hivemq-platform] [hivemq] [c2bf1c29] INFO  - [HiveMQ Platform Operator Init App 1.7.0-SNAPSHOT] HiveMQ node count of 1 is within threshold of 1
2025-01-29 17:04:16,459 INFO c.h.h.t.HelmChartContainer - [test-hivemq-platform] [hivemq] [c2bf1c29] INFO  - [HiveMQ Platform Operator Init App 1.7.0-SNAPSHOT] Proceeding with container start
2025-01-29 17:04:16,553 INFO c.h.h.t.HelmChartContainer - [test-hivemq-platform] [hivemq] [c2bf1c29] INFO  - [HiveMQ Platform Operator Init App 1.7.0-SNAPSHOT] Initializing HiveMQ Platform extensions with initial configuration: {hivemq-allow-all-extension={start-priority=-1, skip-https-hostname-verification=false, restart=true, config-version=0, header-version=0, c-uri=, priority=-1, uri=preinstalled, skip-https-certificate-validation=false, enabled=true}, hivemq-prometheus-extension={restart=true, enabled=true, request-header-path=no-request-headers, uri=preinstalled, skip-https-certificate-validation=false, skip-https-hostname-verification=false, c-uri=, start-priority=-1, priority=-1}}
2025-01-29 17:04:16,777 INFO c.h.h.t.HelmChartContainer - [test-hivemq-platform] [hivemq] [5ad2605c] INFO  - [HiveMQ Platform Operator Init App 1.7.0-SNAPSHOT] Extension hivemq-allow-all-extension was already enabled
2025-01-29 17:04:16,833 INFO c.h.h.t.HelmChartContainer - [test-hivemq-platform] [hivemq] [5ad2605c] INFO  - [HiveMQ Platform Operator Init App 1.7.0-SNAPSHOT] Successfully enabled extension hivemq-prometheus-extension
2025-01-29 17:04:16,835 INFO c.h.h.t.HelmChartContainer - [test-hivemq-platform] [hivemq] [5ad2605c] INFO  - [HiveMQ Platform Operator Init App 1.7.0-SNAPSHOT] Starting HiveMQ Platform version 4.36.0 (4.36.0)
2025-01-29 17:04:16,835 INFO c.h.h.t.HelmChartContainer - [test-hivemq-platform] [hivemq] [5ad2605c] INFO  - [HiveMQ Platform Operator Init App 1.7.0-SNAPSHOT] Configuring the HiveMQ Platform
2025-01-29 17:04:16,927 INFO c.h.h.t.HelmChartContainer - [test-hivemq-platform] [hivemq] [5ad2605c] INFO  - [HiveMQ Platform Operator Init App 1.7.0-SNAPSHOT] Changed logback.xml file scan period to 20 seconds
2025-01-29 17:04:16,978 INFO c.h.h.t.HelmChartContainer - [test-hivemq-platform] [hivemq] [5ad2605c] INFO  - [HiveMQ Platform Operator Init App 1.7.0-SNAPSHOT] Starting the HiveMQ Platform
2025-01-29 17:04:17,022 INFO c.h.h.t.HelmChartContainer - [test-hivemq-platform] [hivemq] [c2bf1c29] INFO  - [HiveMQ Platform Operator Init App 1.7.0-SNAPSHOT] Extension hivemq-allow-all-extension was already enabled
2025-01-29 17:04:17,025 INFO c.h.h.t.HelmChartContainer - [test-hivemq-platform] [hivemq] [5ad2605c] -------------------------------------------------------------------------
2025-01-29 17:04:17,025 INFO c.h.h.t.HelmChartContainer - [test-hivemq-platform] [hivemq] [5ad2605c] 
2025-01-29 17:04:17,025 INFO c.h.h.t.HelmChartContainer - [test-hivemq-platform] [hivemq] [5ad2605c]                   _    _  _              __  __   ____
2025-01-29 17:04:17,025 INFO c.h.h.t.HelmChartContainer - [test-hivemq-platform] [hivemq] [5ad2605c]                  | |  | |(_)            |  \/  | / __ \
2025-01-29 17:04:17,026 INFO c.h.h.t.HelmChartContainer - [test-hivemq-platform] [hivemq] [5ad2605c]                  | |__| | _ __   __ ___ | \  / || |  | |
2025-01-29 17:04:17,026 INFO c.h.h.t.HelmChartContainer - [test-hivemq-platform] [hivemq] [5ad2605c]                  |  __  || |\ \ / // _ \| |\/| || |  | |
2025-01-29 17:04:17,026 INFO c.h.h.t.HelmChartContainer - [test-hivemq-platform] [hivemq] [5ad2605c]                  | |  | || | \ V /|  __/| |  | || |__| |
2025-01-29 17:04:17,026 INFO c.h.h.t.HelmChartContainer - [test-hivemq-platform] [hivemq] [5ad2605c]                  |_|  |_||_|  \_/  \___||_|  |_| \___\_\
2025-01-29 17:04:17,026 INFO c.h.h.t.HelmChartContainer - [test-hivemq-platform] [hivemq] [5ad2605c] 
2025-01-29 17:04:17,026 INFO c.h.h.t.HelmChartContainer - [test-hivemq-platform] [hivemq] [5ad2605c] -------------------------------------------------------------------------
2025-01-29 17:04:17,026 INFO c.h.h.t.HelmChartContainer - [test-hivemq-platform] [hivemq] [5ad2605c] 
2025-01-29 17:04:17,026 INFO c.h.h.t.HelmChartContainer - [test-hivemq-platform] [hivemq] [5ad2605c]   HiveMQ Start Script for Linux/Unix v1.14
2025-01-29 17:04:17,026 INFO c.h.h.t.HelmChartContainer - [test-hivemq-platform] [hivemq] [5ad2605c] 
2025-01-29 17:04:17,054 INFO c.h.h.t.HelmChartContainer - [test-hivemq-platform] [hivemq] [c2bf1c29] INFO  - [HiveMQ Platform Operator Init App 1.7.0-SNAPSHOT] Successfully enabled extension hivemq-prometheus-extension
2025-01-29 17:04:17,056 INFO c.h.h.t.HelmChartContainer - [test-hivemq-platform] [hivemq] [c2bf1c29] INFO  - [HiveMQ Platform Operator Init App 1.7.0-SNAPSHOT] Starting HiveMQ Platform version 4.36.0 (4.36.0)
2025-01-29 17:04:17,056 INFO c.h.h.t.HelmChartContainer - [test-hivemq-platform] [hivemq] [c2bf1c29] INFO  - [HiveMQ Platform Operator Init App 1.7.0-SNAPSHOT] Configuring the HiveMQ Platform
2025-01-29 17:04:17,080 INFO c.h.h.t.HelmChartContainer - [test-hivemq-platform] [hivemq] [5ad2605c] -------------------------------------------------------------------------
2025-01-29 17:04:17,080 INFO c.h.h.t.HelmChartContainer - [test-hivemq-platform] [hivemq] [5ad2605c] 
2025-01-29 17:04:17,080 INFO c.h.h.t.HelmChartContainer - [test-hivemq-platform] [hivemq] [5ad2605c]   HIVEMQ_HOME: /opt/hivemq
2025-01-29 17:04:17,080 INFO c.h.h.t.HelmChartContainer - [test-hivemq-platform] [hivemq] [5ad2605c] 
2025-01-29 17:04:17,080 INFO c.h.h.t.HelmChartContainer - [test-hivemq-platform] [hivemq] [5ad2605c]   JAVA_OPTS: -XX:+UnlockExperimentalVMOptions -XX:InitialRAMPercentage=50 -XX:MaxRAMPercentage=50 -Djava.net.preferIPv4Stack=true --add-opens java.base/java.lang=ALL-UNNAMED --add-opens java.base/java.nio=ALL-UNNAMED --add-opens java.base/sun.nio.ch=ALL-UNNAMED --add-opens jdk.management/com.sun.management.internal=ALL-UNNAMED --add-exports java.base/jdk.internal.misc=ALL-UNNAMED -Djava.security.egd=file:/dev/./urandom -Dcom.sun.management.jmxremote -Dcom.sun.management.jmxremote.port=9010 -Dcom.sun.management.jmxremote.local.only=false -Dcom.sun.management.jmxremote.authenticate=false -Dcom.sun.management.jmxremote.ssl=false -Duser.language=en -Duser.region=US -XX:+CrashOnOutOfMemoryError -XX:+HeapDumpOnOutOfMemoryError
2025-01-29 17:04:17,080 INFO c.h.h.t.HelmChartContainer - [test-hivemq-platform] [hivemq] [5ad2605c] 
2025-01-29 17:04:17,080 INFO c.h.h.t.HelmChartContainer - [test-hivemq-platform] [hivemq] [5ad2605c]   JAVA_VERSION: 21
2025-01-29 17:04:17,080 INFO c.h.h.t.HelmChartContainer - [test-hivemq-platform] [hivemq] [5ad2605c] 
2025-01-29 17:04:17,080 INFO c.h.h.t.HelmChartContainer - [test-hivemq-platform] [hivemq] [5ad2605c] -------------------------------------------------------------------------
2025-01-29 17:04:17,080 INFO c.h.h.t.HelmChartContainer - [test-hivemq-platform] [hivemq] [5ad2605c] 
2025-01-29 17:04:17,153 INFO c.h.h.t.HelmChartContainer - [test-hivemq-platform] [hivemq] [c2bf1c29] INFO  - [HiveMQ Platform Operator Init App 1.7.0-SNAPSHOT] Changed logback.xml file scan period to 20 seconds
2025-01-29 17:04:17,247 INFO c.h.h.t.HelmChartContainer - [test-hivemq-platform] [hivemq] [c2bf1c29] INFO  - [HiveMQ Platform Operator Init App 1.7.0-SNAPSHOT] Starting the HiveMQ Platform
2025-01-29 17:04:17,250 INFO c.h.h.t.HelmChartContainer - [test-hivemq-platform] [hivemq] [c2bf1c29] -------------------------------------------------------------------------
2025-01-29 17:04:17,250 INFO c.h.h.t.HelmChartContainer - [test-hivemq-platform] [hivemq] [c2bf1c29] 
2025-01-29 17:04:17,250 INFO c.h.h.t.HelmChartContainer - [test-hivemq-platform] [hivemq] [c2bf1c29]                   _    _  _              __  __   ____
2025-01-29 17:04:17,250 INFO c.h.h.t.HelmChartContainer - [test-hivemq-platform] [hivemq] [c2bf1c29]                  | |  | |(_)            |  \/  | / __ \
2025-01-29 17:04:17,253 INFO c.h.h.t.HelmChartContainer - [test-hivemq-platform] [hivemq] [c2bf1c29]                  | |__| | _ __   __ ___ | \  / || |  | |
2025-01-29 17:04:17,253 INFO c.h.h.t.HelmChartContainer - [test-hivemq-platform] [hivemq] [c2bf1c29]                  |  __  || |\ \ / // _ \| |\/| || |  | |
2025-01-29 17:04:17,253 INFO c.h.h.t.HelmChartContainer - [test-hivemq-platform] [hivemq] [c2bf1c29]                  | |  | || | \ V /|  __/| |  | || |__| |
2025-01-29 17:04:17,253 INFO c.h.h.t.HelmChartContainer - [test-hivemq-platform] [hivemq] [c2bf1c29]                  |_|  |_||_|  \_/  \___||_|  |_| \___\_\
2025-01-29 17:04:17,253 INFO c.h.h.t.HelmChartContainer - [test-hivemq-platform] [hivemq] [c2bf1c29] 
2025-01-29 17:04:17,253 INFO c.h.h.t.HelmChartContainer - [test-hivemq-platform] [hivemq] [c2bf1c29] -------------------------------------------------------------------------
2025-01-29 17:04:17,253 INFO c.h.h.t.HelmChartContainer - [test-hivemq-platform] [hivemq] [c2bf1c29] 
2025-01-29 17:04:17,253 INFO c.h.h.t.HelmChartContainer - [test-hivemq-platform] [hivemq] [c2bf1c29]   HiveMQ Start Script for Linux/Unix v1.14
2025-01-29 17:04:17,253 INFO c.h.h.t.HelmChartContainer - [test-hivemq-platform] [hivemq] [c2bf1c29] 
2025-01-29 17:04:17,345 INFO c.h.h.t.HelmChartContainer - [test-hivemq-platform] [hivemq] [c2bf1c29] -------------------------------------------------------------------------
2025-01-29 17:04:17,345 INFO c.h.h.t.HelmChartContainer - [test-hivemq-platform] [hivemq] [c2bf1c29] 
2025-01-29 17:04:17,345 INFO c.h.h.t.HelmChartContainer - [test-hivemq-platform] [hivemq] [c2bf1c29]   HIVEMQ_HOME: /opt/hivemq
2025-01-29 17:04:17,345 INFO c.h.h.t.HelmChartContainer - [test-hivemq-platform] [hivemq] [c2bf1c29] 
2025-01-29 17:04:17,345 INFO c.h.h.t.HelmChartContainer - [test-hivemq-platform] [hivemq] [c2bf1c29]   JAVA_OPTS: -XX:+UnlockExperimentalVMOptions -XX:InitialRAMPercentage=50 -XX:MaxRAMPercentage=50 -Djava.net.preferIPv4Stack=true --add-opens java.base/java.lang=ALL-UNNAMED --add-opens java.base/java.nio=ALL-UNNAMED --add-opens java.base/sun.nio.ch=ALL-UNNAMED --add-opens jdk.management/com.sun.management.internal=ALL-UNNAMED --add-exports java.base/jdk.internal.misc=ALL-UNNAMED -Djava.security.egd=file:/dev/./urandom -Dcom.sun.management.jmxremote -Dcom.sun.management.jmxremote.port=9010 -Dcom.sun.management.jmxremote.local.only=false -Dcom.sun.management.jmxremote.authenticate=false -Dcom.sun.management.jmxremote.ssl=false -Duser.language=en -Duser.region=US -XX:+CrashOnOutOfMemoryError -XX:+HeapDumpOnOutOfMemoryError
2025-01-29 17:04:17,345 INFO c.h.h.t.HelmChartContainer - [test-hivemq-platform] [hivemq] [c2bf1c29] 
2025-01-29 17:04:17,345 INFO c.h.h.t.HelmChartContainer - [test-hivemq-platform] [hivemq] [c2bf1c29]   JAVA_VERSION: 21
2025-01-29 17:04:17,345 INFO c.h.h.t.HelmChartContainer - [test-hivemq-platform] [hivemq] [c2bf1c29] 
2025-01-29 17:04:17,345 INFO c.h.h.t.HelmChartContainer - [test-hivemq-platform] [hivemq] [c2bf1c29] -------------------------------------------------------------------------
2025-01-29 17:04:17,345 INFO c.h.h.t.HelmChartContainer - [test-hivemq-platform] [hivemq] [c2bf1c29] 
2025-01-29 17:04:17,652 INFO c.h.h.t.HelmChartContainer - [test-hivemq-platform] [hivemq] [c2bf1c29] INFO  - [HiveMQ Platform Operator Init App 1.7.0-SNAPSHOT] Returning default Health API response 503 for readiness
2025-01-29 17:04:17,679 INFO c.h.h.t.HelmChartContainer - [test-hivemq-platform] [hivemq] [5ad2605c] INFO  - [HiveMQ Platform Operator Init App 1.7.0-SNAPSHOT] Returning default Health API response 503 for readiness
2025-01-29 17:04:18,054 INFO c.h.h.t.HelmChartContainer - [EVENT] Warning [Unhealthy] Readiness probe failed: HTTP probe failed with statuscode: 503 [customoperatornamespacesit-alpha:test-hivemq-platform-alpha-0]
2025-01-29 17:04:18,054 INFO c.h.h.t.HelmChartContainer - Received Unhealthy event for container hivemq in pod test-hivemq-platform-alpha-0 [c2bf1c29-5ac9-419a-8781-f435a11e6e56]
2025-01-29 17:04:18,135 INFO c.h.h.t.HelmChartContainer - [EVENT] Warning [Unhealthy] Readiness probe failed: HTTP probe failed with statuscode: 503 [customoperatornamespacesit-beta:test-hivemq-platform-beta-0]
2025-01-29 17:04:18,135 INFO c.h.h.t.HelmChartContainer - Received Unhealthy event for container hivemq in pod test-hivemq-platform-beta-0 [5ad2605c-4dc2-4cc6-b742-7c27ab7085d3]
2025-01-29 17:04:19,826 INFO c.h.h.t.HelmChartContainer - [test-hivemq-platform] [hivemq] [5ad2605c] INFO  - Starting HiveMQ Enterprise Server
2025-01-29 17:04:19,833 INFO c.h.h.t.HelmChartContainer - [test-hivemq-platform] [hivemq] [5ad2605c] INFO  - HiveMQ version: 4.36.0
2025-01-29 17:04:19,833 INFO c.h.h.t.HelmChartContainer - [test-hivemq-platform] [hivemq] [5ad2605c] INFO  - HiveMQ home directory: /opt/hivemq
2025-01-29 17:04:19,834 INFO c.h.h.t.HelmChartContainer - [test-hivemq-platform] [hivemq] [5ad2605c] INFO  - Log Configuration was overridden by /opt/hivemq/conf/logback.xml
2025-01-29 17:04:20,059 INFO c.h.h.t.HelmChartContainer - [test-hivemq-platform] [hivemq] [c2bf1c29] INFO  - Starting HiveMQ Enterprise Server
2025-01-29 17:04:20,147 INFO c.h.h.t.HelmChartContainer - [test-hivemq-platform] [hivemq] [c2bf1c29] INFO  - HiveMQ version: 4.36.0
2025-01-29 17:04:20,147 INFO c.h.h.t.HelmChartContainer - [test-hivemq-platform] [hivemq] [c2bf1c29] INFO  - HiveMQ home directory: /opt/hivemq
2025-01-29 17:04:20,147 INFO c.h.h.t.HelmChartContainer - [test-hivemq-platform] [hivemq] [c2bf1c29] INFO  - Log Configuration was overridden by /opt/hivemq/conf/logback.xml
2025-01-29 17:04:21,073 INFO c.h.h.t.HelmChartContainer - [test-hivemq-platform] [hivemq] [5ad2605c] INFO  - Successfully loaded configuration from '/opt/hivemq/conf-k8s/config.xml'.
2025-01-29 17:04:21,445 INFO c.h.h.t.HelmChartContainer - [test-hivemq-platform] [hivemq] [c2bf1c29] INFO  - Successfully loaded configuration from '/opt/hivemq/conf-k8s/config.xml'.
2025-01-29 17:04:21,756 INFO c.h.h.t.HelmChartContainer - [hivemq-test-hivemq-platform] [hivemq-platform-operator] [42fceac4] 17:04:21.754 [pool-6-thread-41] DEBUG c.h.p.o.d.PlatformServiceResource - [customop] Desired Platform services (3 services)
2025-01-29 17:04:21,759 INFO c.h.h.t.HelmChartContainer - [hivemq-test-hivemq-platform] [hivemq-platform-operator] [42fceac4] 17:04:21.757 [pool-6-thread-49] DEBUG c.h.p.o.d.PodServiceAccountResource - [customop] Desired PodServiceAccountResource (serviceAccountName: hivemq-platform-pod-test-hivemq-platform-alpha)
2025-01-29 17:04:21,760 INFO c.h.h.t.HelmChartContainer - [hivemq-test-hivemq-platform] [hivemq-platform-operator] [42fceac4] 17:04:21.757 [pool-6-thread-42] DEBUG c.h.p.o.dependants.PodInfoConfigMap - [customop] Desired PodInfo ConfigMap (1 extensions) (1 enabled)
2025-01-29 17:04:21,760 INFO c.h.h.t.HelmChartContainer - [hivemq-test-hivemq-platform] [hivemq-platform-operator] [42fceac4] 17:04:21.757 [pool-6-thread-42] DEBUG c.h.p.o.dependants.PodInfoConfigMap - [customop] Desired PodInfo ConfigMap (metrics port: 9399) (metrics path: /)
2025-01-29 17:04:21,760 INFO c.h.h.t.HelmChartContainer - [hivemq-test-hivemq-platform] [hivemq-platform-operator] [42fceac4] 17:04:21.758 [pool-6-thread-42] DEBUG c.h.p.o.dependants.PodInfoConfigMap - [customop] Desired PodInfo ConfigMap (extension state hash: -1817474005)
2025-01-29 17:04:21,764 INFO c.h.h.t.HelmChartContainer - [hivemq-test-hivemq-platform] [hivemq-platform-operator] [42fceac4] 17:04:21.764 [pool-6-thread-41] DEBUG c.h.p.o.d.StatefulSetResource - [customop] Desired StatefulSet (1 replicas) for status STARTING (READY)
2025-01-29 17:04:21,773 INFO c.h.h.t.HelmChartContainer - [hivemq-test-hivemq-platform] [hivemq-platform-operator] [42fceac4] 17:04:21.772 [ReconcilerExecutor-hivemq-controller-127] INFO  c.h.p.o.HiveMQPlatformReconciler - [customop] Reconciling HiveMQ Platform 'test-hivemq-platform-alpha' in namespace 'customoperatornamespacesit-alpha'
2025-01-29 17:04:21,774 INFO c.h.h.t.HelmChartContainer - [hivemq-test-hivemq-platform] [hivemq-platform-operator] [42fceac4] 17:04:21.772 [ReconcilerExecutor-hivemq-controller-127] DEBUG c.h.p.o.HiveMQPlatformReconciler - [customop] Custom Resource Status STARTING - HiveMQ Platform is starting (READY)
2025-01-29 17:04:21,774 INFO c.h.h.t.HelmChartContainer - [hivemq-test-hivemq-platform] [hivemq-platform-operator] [42fceac4] 17:04:21.773 [ReconcilerExecutor-hivemq-controller-127] DEBUG c.h.p.o.HiveMQPlatformReconciler - [customop] Custom Resource Spec (replicas: 1) (extensions: 1)
2025-01-29 17:04:21,777 INFO c.h.h.t.HelmChartContainer - [hivemq-test-hivemq-platform] [hivemq-platform-operator] [42fceac4] 17:04:21.776 [ReconcilerExecutor-hivemq-controller-127] DEBUG c.h.p.o.HiveMQPlatformReconciler - [customop] StatefulSet Status (revision: test-hivemq-platform-alpha-5bcd5cb867, replicas: 1, available: 0, ready: 0, current: 1, updated: 1)
2025-01-29 17:04:21,777 INFO c.h.h.t.HelmChartContainer - [hivemq-test-hivemq-platform] [hivemq-platform-operator] [42fceac4] 17:04:21.776 [ReconcilerExecutor-hivemq-controller-127] DEBUG c.h.p.o.HiveMQPlatformReconciler - [customop] StatefulSet Spec (replicas: 1, init containers: 1, containers: 1, volumes: 3)
2025-01-29 17:04:21,778 INFO c.h.h.t.HelmChartContainer - [test-hivemq-platform] [hivemq] [5ad2605c] INFO  - This node's ID is Te4VS
2025-01-29 17:04:21,780 INFO c.h.h.t.HelmChartContainer - [hivemq-test-hivemq-platform] [hivemq-platform-operator] [42fceac4] 17:04:21.779 [ReconcilerExecutor-hivemq-controller-127] DEBUG c.h.p.o.h.HiveMQPlatformReconcilerErrorHandler - [customop] Pod 'test-hivemq-platform-alpha-0' phase Running
2025-01-29 17:04:21,829 INFO c.h.h.t.HelmChartContainer - [test-hivemq-platform] [hivemq] [5ad2605c] INFO  - Clustering is enabled
2025-01-29 17:04:21,843 INFO c.h.h.t.HelmChartContainer - [hivemq-test-hivemq-platform] [hivemq-platform-operator] [42fceac4] 17:04:21.841 [ReconcilerExecutor-hivemq-controller-127] INFO  c.h.p.o.h.HiveMQPlatformReconcilerBaseHandler - [customop] HiveMQ Platform is starting, 0 of 1 replicas are ready
2025-01-29 17:04:21,856 INFO c.h.h.t.HelmChartContainer - [hivemq-test-hivemq-platform] [hivemq-platform-operator] [42fceac4] 17:04:21.854 [pool-6-thread-10] DEBUG c.h.p.o.d.PlatformServiceResource - [customop] Desired Platform services (3 services)
2025-01-29 17:04:21,860 INFO c.h.h.t.HelmChartContainer - [hivemq-test-hivemq-platform] [hivemq-platform-operator] [42fceac4] 17:04:21.859 [pool-6-thread-44] DEBUG c.h.p.o.d.PodServiceAccountResource - [customop] Desired PodServiceAccountResource (serviceAccountName: hivemq-platform-pod-test-hivemq-platform-beta)
2025-01-29 17:04:21,863 INFO c.h.h.t.HelmChartContainer - [hivemq-test-hivemq-platform] [hivemq-platform-operator] [42fceac4] 17:04:21.862 [pool-6-thread-8] DEBUG c.h.p.o.dependants.PodInfoConfigMap - [customop] Desired PodInfo ConfigMap (1 extensions) (1 enabled)
2025-01-29 17:04:21,863 INFO c.h.h.t.HelmChartContainer - [hivemq-test-hivemq-platform] [hivemq-platform-operator] [42fceac4] 17:04:21.862 [pool-6-thread-8] DEBUG c.h.p.o.dependants.PodInfoConfigMap - [customop] Desired PodInfo ConfigMap (metrics port: 9399) (metrics path: /)
2025-01-29 17:04:21,863 INFO c.h.h.t.HelmChartContainer - [hivemq-test-hivemq-platform] [hivemq-platform-operator] [42fceac4] 17:04:21.862 [pool-6-thread-8] DEBUG c.h.p.o.dependants.PodInfoConfigMap - [customop] Desired PodInfo ConfigMap (extension state hash: -1817474005)
2025-01-29 17:04:21,869 INFO c.h.h.t.HelmChartContainer - [hivemq-test-hivemq-platform] [hivemq-platform-operator] [42fceac4] 17:04:21.869 [pool-6-thread-8] DEBUG c.h.p.o.d.StatefulSetResource - [customop] Desired StatefulSet (1 replicas) for status STARTING (READY)
2025-01-29 17:04:21,958 INFO c.h.h.t.HelmChartContainer - [test-hivemq-platform] [hivemq] [c2bf1c29] INFO  - This node's ID is ENP4K
2025-01-29 17:04:21,961 INFO c.h.h.t.HelmChartContainer - [test-hivemq-platform] [hivemq] [c2bf1c29] INFO  - Clustering is enabled
2025-01-29 17:04:22,045 INFO c.h.h.t.HelmChartContainer - [hivemq-test-hivemq-platform] [hivemq-platform-operator] [42fceac4] 17:04:22.044 [ReconcilerExecutor-hivemq-controller-128] INFO  c.h.p.o.HiveMQPlatformReconciler - [customop] Reconciling HiveMQ Platform 'test-hivemq-platform-beta' in namespace 'customoperatornamespacesit-beta'
2025-01-29 17:04:22,045 INFO c.h.h.t.HelmChartContainer - [hivemq-test-hivemq-platform] [hivemq-platform-operator] [42fceac4] 17:04:22.044 [ReconcilerExecutor-hivemq-controller-128] DEBUG c.h.p.o.HiveMQPlatformReconciler - [customop] Custom Resource Status STARTING - HiveMQ Platform is starting (READY)
2025-01-29 17:04:22,046 INFO c.h.h.t.HelmChartContainer - [hivemq-test-hivemq-platform] [hivemq-platform-operator] [42fceac4] 17:04:22.044 [ReconcilerExecutor-hivemq-controller-128] DEBUG c.h.p.o.HiveMQPlatformReconciler - [customop] Custom Resource Spec (replicas: 1) (extensions: 1)
2025-01-29 17:04:22,055 INFO c.h.h.t.HelmChartContainer - [hivemq-test-hivemq-platform] [hivemq-platform-operator] [42fceac4] 17:04:22.053 [ReconcilerExecutor-hivemq-controller-128] DEBUG c.h.p.o.HiveMQPlatformReconciler - [customop] StatefulSet Status (revision: test-hivemq-platform-beta-68c75dbff9, replicas: 1, available: 0, ready: 0, current: 1, updated: 1)
2025-01-29 17:04:22,055 INFO c.h.h.t.HelmChartContainer - [hivemq-test-hivemq-platform] [hivemq-platform-operator] [42fceac4] 17:04:22.054 [ReconcilerExecutor-hivemq-controller-128] DEBUG c.h.p.o.HiveMQPlatformReconciler - [customop] StatefulSet Spec (replicas: 1, init containers: 1, containers: 1, volumes: 3)
2025-01-29 17:04:22,061 INFO c.h.h.t.HelmChartContainer - [hivemq-test-hivemq-platform] [hivemq-platform-operator] [42fceac4] 17:04:22.059 [ReconcilerExecutor-hivemq-controller-128] DEBUG c.h.p.o.h.HiveMQPlatformReconcilerErrorHandler - [customop] Pod 'test-hivemq-platform-beta-0' phase Running
2025-01-29 17:04:22,064 INFO c.h.h.t.HelmChartContainer - [hivemq-test-hivemq-platform] [hivemq-platform-operator] [42fceac4] 17:04:22.062 [ReconcilerExecutor-hivemq-controller-128] INFO  c.h.p.o.h.HiveMQPlatformReconcilerBaseHandler - [customop] HiveMQ Platform is starting, 0 of 1 replicas are ready
2025-01-29 17:04:23,251 INFO c.h.h.t.HelmChartContainer - [test-hivemq-platform] [hivemq] [c2bf1c29] WARN  - [HiveMQ Platform Operator Init App 1.7.0-SNAPSHOT] Cannot connect to Health API for readiness: null
2025-01-29 17:04:23,258 INFO c.h.h.t.HelmChartContainer - [EVENT] Warning [Unhealthy] Readiness probe failed: HTTP probe failed with statuscode: 503 [customoperatornamespacesit-alpha:test-hivemq-platform-alpha-0]
2025-01-29 17:04:23,258 INFO c.h.h.t.HelmChartContainer - Received Unhealthy event for container hivemq in pod test-hivemq-platform-alpha-0 [c2bf1c29-5ac9-419a-8781-f435a11e6e56]
2025-01-29 17:04:23,472 INFO c.h.h.t.HelmChartContainer - [test-hivemq-platform] [hivemq] [5ad2605c] WARN  - [HiveMQ Platform Operator Init App 1.7.0-SNAPSHOT] Cannot connect to Health API for readiness: null
2025-01-29 17:04:23,477 INFO c.h.h.t.HelmChartContainer - [EVENT] Warning [Unhealthy] Readiness probe failed: HTTP probe failed with statuscode: 503 [customoperatornamespacesit-beta:test-hivemq-platform-beta-0]
2025-01-29 17:04:23,478 INFO c.h.h.t.HelmChartContainer - Received Unhealthy event for container hivemq in pod test-hivemq-platform-beta-0 [5ad2605c-4dc2-4cc6-b742-7c27ab7085d3]
2025-01-29 17:04:26,271 INFO c.h.h.t.HelmChartContainer - [test-hivemq-platform] [hivemq] [5ad2605c] Jan 29, 2025 5:04:26 PM io.vertx.core.impl.BlockedThreadChecker
2025-01-29 17:04:26,271 INFO c.h.h.t.HelmChartContainer - [test-hivemq-platform] [hivemq] [5ad2605c] WARNING: Thread Thread[vert.x-eventloop-thread-1,5,main] has been blocked for 2046 ms, time limit is 2000 ms
2025-01-29 17:04:27,174 INFO c.h.h.t.HelmChartContainer - [test-hivemq-platform] [hivemq] [5ad2605c] INFO  - [HiveMQ Platform Operator Init App 1.7.0-SNAPSHOT] Updating Pod HiveMQ Platform Operator Init App version annotation (version: 1.7.0-SNAPSHOT)
2025-01-29 17:04:27,443 INFO c.h.h.t.HelmChartContainer - [test-hivemq-platform] [hivemq] [c2bf1c29] Jan 29, 2025 5:04:27 PM io.vertx.core.impl.BlockedThreadChecker
2025-01-29 17:04:27,443 INFO c.h.h.t.HelmChartContainer - [test-hivemq-platform] [hivemq] [c2bf1c29] WARNING: Thread Thread[vert.x-eventloop-thread-1,5,main] has been blocked for 2795 ms, time limit is 2000 ms
2025-01-29 17:04:27,645 INFO c.h.h.t.HelmChartContainer - [test-hivemq-platform] [hivemq] [c2bf1c29] WARN  - [HiveMQ Platform Operator Init App 1.7.0-SNAPSHOT] Cannot connect to Health API for readiness: null
2025-01-29 17:04:27,652 INFO c.h.h.t.HelmChartContainer - [EVENT] Warning [Unhealthy] Readiness probe failed: HTTP probe failed with statuscode: 503 [customoperatornamespacesit-alpha:test-hivemq-platform-alpha-0]
2025-01-29 17:04:27,652 INFO c.h.h.t.HelmChartContainer - Received Unhealthy event for container hivemq in pod test-hivemq-platform-alpha-0 [c2bf1c29-5ac9-419a-8781-f435a11e6e56]
2025-01-29 17:04:27,679 INFO c.h.h.t.HelmChartContainer - [test-hivemq-platform] [hivemq] [5ad2605c] WARN  - [HiveMQ Platform Operator Init App 1.7.0-SNAPSHOT] Cannot connect to Health API for readiness: null
2025-01-29 17:04:27,682 INFO c.h.h.t.HelmChartContainer - [EVENT] Warning [Unhealthy] Readiness probe failed: HTTP probe failed with statuscode: 503 [customoperatornamespacesit-beta:test-hivemq-platform-beta-0]
2025-01-29 17:04:27,682 INFO c.h.h.t.HelmChartContainer - Received Unhealthy event for container hivemq in pod test-hivemq-platform-beta-0 [5ad2605c-4dc2-4cc6-b742-7c27ab7085d3]
2025-01-29 17:04:27,738 INFO c.h.h.t.HelmChartContainer - [POD] test-hivemq-platform-beta-0 [5ad2605c-4dc2-4cc6-b742-7c27ab7085d3] in customoperatornamespacesit-beta was MODIFIED
2025-01-29 17:04:27,746 INFO c.h.h.t.HelmChartContainer - [hivemq-test-hivemq-platform] [hivemq-platform-operator] [42fceac4] 17:04:27.743 [pool-6-thread-17] DEBUG c.h.p.o.d.PlatformServiceResource - [customop] Desired Platform services (3 services)
2025-01-29 17:04:27,751 INFO c.h.h.t.HelmChartContainer - [test-hivemq-platform] [hivemq] [c2bf1c29] INFO  - [HiveMQ Platform Operator Init App 1.7.0-SNAPSHOT] Updating Pod HiveMQ Platform Operator Init App version annotation (version: 1.7.0-SNAPSHOT)
2025-01-29 17:04:27,751 INFO c.h.h.t.HelmChartContainer - [hivemq-test-hivemq-platform] [hivemq-platform-operator] [42fceac4] 17:04:27.747 [pool-6-thread-16] DEBUG c.h.p.o.dependants.PodInfoConfigMap - [customop] Desired PodInfo ConfigMap (1 extensions) (1 enabled)
2025-01-29 17:04:27,753 INFO c.h.h.t.HelmChartContainer - [hivemq-test-hivemq-platform] [hivemq-platform-operator] [42fceac4] 17:04:27.747 [pool-6-thread-16] DEBUG c.h.p.o.dependants.PodInfoConfigMap - [customop] Desired PodInfo ConfigMap (metrics port: 9399) (metrics path: /)
2025-01-29 17:04:27,753 INFO c.h.h.t.HelmChartContainer - [hivemq-test-hivemq-platform] [hivemq-platform-operator] [42fceac4] 17:04:27.747 [pool-6-thread-16] DEBUG c.h.p.o.dependants.PodInfoConfigMap - [customop] Desired PodInfo ConfigMap (extension state hash: -1817474005)
2025-01-29 17:04:27,754 INFO c.h.h.t.HelmChartContainer - [hivemq-test-hivemq-platform] [hivemq-platform-operator] [42fceac4] 17:04:27.748 [pool-6-thread-16] DEBUG c.h.p.o.d.PodServiceAccountResource - [customop] Desired PodServiceAccountResource (serviceAccountName: hivemq-platform-pod-test-hivemq-platform-beta)
2025-01-29 17:04:27,768 INFO c.h.h.t.HelmChartContainer - [hivemq-test-hivemq-platform] [hivemq-platform-operator] [42fceac4] 17:04:27.767 [pool-6-thread-17] DEBUG c.h.p.o.d.StatefulSetResource - [customop] Desired StatefulSet (1 replicas) for status STARTING (READY)
2025-01-29 17:04:27,780 INFO c.h.h.t.HelmChartContainer - [hivemq-test-hivemq-platform] [hivemq-platform-operator] [42fceac4] 17:04:27.779 [ReconcilerExecutor-hivemq-controller-129] INFO  c.h.p.o.HiveMQPlatformReconciler - [customop] Reconciling HiveMQ Platform 'test-hivemq-platform-beta' in namespace 'customoperatornamespacesit-beta'
2025-01-29 17:04:27,780 INFO c.h.h.t.HelmChartContainer - [hivemq-test-hivemq-platform] [hivemq-platform-operator] [42fceac4] 17:04:27.779 [ReconcilerExecutor-hivemq-controller-129] DEBUG c.h.p.o.HiveMQPlatformReconciler - [customop] Custom Resource Status STARTING - HiveMQ Platform is starting (READY)
2025-01-29 17:04:27,781 INFO c.h.h.t.HelmChartContainer - [test-hivemq-platform] [hivemq] [5ad2605c] WARN  - [HiveMQ Platform Operator Init App 1.7.0-SNAPSHOT] Cannot connect to Health API for readiness: null
2025-01-29 17:04:27,783 INFO c.h.h.t.HelmChartContainer - [hivemq-test-hivemq-platform] [hivemq-platform-operator] [42fceac4] 17:04:27.779 [ReconcilerExecutor-hivemq-controller-129] DEBUG c.h.p.o.HiveMQPlatformReconciler - [customop] Custom Resource Spec (replicas: 1) (extensions: 1)
2025-01-29 17:04:27,788 INFO c.h.h.t.HelmChartContainer - [EVENT] Warning [Unhealthy] Readiness probe failed: HTTP probe failed with statuscode: 503 [customoperatornamespacesit-beta:test-hivemq-platform-beta-0]
2025-01-29 17:04:27,788 INFO c.h.h.t.HelmChartContainer - Received Unhealthy event for container hivemq in pod test-hivemq-platform-beta-0 [5ad2605c-4dc2-4cc6-b742-7c27ab7085d3]
2025-01-29 17:04:27,828 INFO c.h.h.t.HelmChartContainer - [test-hivemq-platform] [hivemq] [5ad2605c] INFO  - [HiveMQ Platform Operator Init App 1.7.0-SNAPSHOT] Successfully updated Pod HiveMQ Platform Operator Init App version annotation (version: 1.7.0-SNAPSHOT)
2025-01-29 17:04:27,844 INFO c.h.h.t.HelmChartContainer - [hivemq-test-hivemq-platform] [hivemq-platform-operator] [42fceac4] 17:04:27.842 [ReconcilerExecutor-hivemq-controller-129] DEBUG c.h.p.o.HiveMQPlatformReconciler - [customop] StatefulSet Status (revision: test-hivemq-platform-beta-68c75dbff9, replicas: 1, available: 0, ready: 0, current: 1, updated: 1)
2025-01-29 17:04:27,844 INFO c.h.h.t.HelmChartContainer - [hivemq-test-hivemq-platform] [hivemq-platform-operator] [42fceac4] 17:04:27.843 [ReconcilerExecutor-hivemq-controller-129] DEBUG c.h.p.o.HiveMQPlatformReconciler - [customop] StatefulSet Spec (replicas: 1, init containers: 1, containers: 1, volumes: 3)
2025-01-29 17:04:27,848 INFO c.h.h.t.HelmChartContainer - [hivemq-test-hivemq-platform] [hivemq-platform-operator] [42fceac4] 17:04:27.847 [ReconcilerExecutor-hivemq-controller-129] DEBUG c.h.p.o.h.HiveMQPlatformReconcilerErrorHandler - [customop] Pod 'test-hivemq-platform-beta-0' phase Running
2025-01-29 17:04:27,850 INFO c.h.h.t.HelmChartContainer - [hivemq-test-hivemq-platform] [hivemq-platform-operator] [42fceac4] 17:04:27.849 [ReconcilerExecutor-hivemq-controller-129] INFO  c.h.p.o.h.HiveMQPlatformReconcilerBaseHandler - [customop] HiveMQ Platform is starting, 0 of 1 replicas are ready
2025-01-29 17:04:28,277 INFO c.h.h.t.HelmChartContainer - [POD] test-hivemq-platform-alpha-0 [c2bf1c29-5ac9-419a-8781-f435a11e6e56] in customoperatornamespacesit-alpha was MODIFIED
2025-01-29 17:04:28,287 INFO c.h.h.t.HelmChartContainer - [hivemq-test-hivemq-platform] [hivemq-platform-operator] [42fceac4] 17:04:28.284 [pool-6-thread-23] DEBUG c.h.p.o.dependants.PodInfoConfigMap - [customop] Desired PodInfo ConfigMap (1 extensions) (1 enabled)
2025-01-29 17:04:28,287 INFO c.h.h.t.HelmChartContainer - [hivemq-test-hivemq-platform] [hivemq-platform-operator] [42fceac4] 17:04:28.284 [pool-6-thread-23] DEBUG c.h.p.o.dependants.PodInfoConfigMap - [customop] Desired PodInfo ConfigMap (metrics port: 9399) (metrics path: /)
2025-01-29 17:04:28,287 INFO c.h.h.t.HelmChartContainer - [hivemq-test-hivemq-platform] [hivemq-platform-operator] [42fceac4] 17:04:28.284 [pool-6-thread-23] DEBUG c.h.p.o.dependants.PodInfoConfigMap - [customop] Desired PodInfo ConfigMap (extension state hash: -1817474005)
2025-01-29 17:04:28,287 INFO c.h.h.t.HelmChartContainer - [hivemq-test-hivemq-platform] [hivemq-platform-operator] [42fceac4] 17:04:28.284 [pool-6-thread-28] DEBUG c.h.p.o.d.PlatformServiceResource - [customop] Desired Platform services (3 services)
2025-01-29 17:04:28,288 INFO c.h.h.t.HelmChartContainer - [hivemq-test-hivemq-platform] [hivemq-platform-operator] [42fceac4] 17:04:28.286 [pool-6-thread-23] DEBUG c.h.p.o.d.PodServiceAccountResource - [customop] Desired PodServiceAccountResource (serviceAccountName: hivemq-platform-pod-test-hivemq-platform-alpha)
2025-01-29 17:04:28,292 INFO c.h.h.t.HelmChartContainer - [hivemq-test-hivemq-platform] [hivemq-platform-operator] [42fceac4] 17:04:28.291 [pool-6-thread-25] DEBUG c.h.p.o.d.StatefulSetResource - [customop] Desired StatefulSet (1 replicas) for status STARTING (READY)
2025-01-29 17:04:28,297 INFO c.h.h.t.HelmChartContainer - [hivemq-test-hivemq-platform] [hivemq-platform-operator] [42fceac4] 17:04:28.295 [ReconcilerExecutor-hivemq-controller-130] INFO  c.h.p.o.HiveMQPlatformReconciler - [customop] Reconciling HiveMQ Platform 'test-hivemq-platform-alpha' in namespace 'customoperatornamespacesit-alpha'
2025-01-29 17:04:28,297 INFO c.h.h.t.HelmChartContainer - [hivemq-test-hivemq-platform] [hivemq-platform-operator] [42fceac4] 17:04:28.295 [ReconcilerExecutor-hivemq-controller-130] DEBUG c.h.p.o.HiveMQPlatformReconciler - [customop] Custom Resource Status STARTING - HiveMQ Platform is starting (READY)
2025-01-29 17:04:28,297 INFO c.h.h.t.HelmChartContainer - [hivemq-test-hivemq-platform] [hivemq-platform-operator] [42fceac4] 17:04:28.295 [ReconcilerExecutor-hivemq-controller-130] DEBUG c.h.p.o.HiveMQPlatformReconciler - [customop] Custom Resource Spec (replicas: 1) (extensions: 1)
2025-01-29 17:04:28,297 INFO c.h.h.t.HelmChartContainer - [hivemq-test-hivemq-platform] [hivemq-platform-operator] [42fceac4] 17:04:28.296 [ReconcilerExecutor-hivemq-controller-130] DEBUG c.h.p.o.HiveMQPlatformReconciler - [customop] StatefulSet Status (revision: test-hivemq-platform-alpha-5bcd5cb867, replicas: 1, available: 0, ready: 0, current: 1, updated: 1)
2025-01-29 17:04:28,297 INFO c.h.h.t.HelmChartContainer - [hivemq-test-hivemq-platform] [hivemq-platform-operator] [42fceac4] 17:04:28.296 [ReconcilerExecutor-hivemq-controller-130] DEBUG c.h.p.o.HiveMQPlatformReconciler - [customop] StatefulSet Spec (replicas: 1, init containers: 1, containers: 1, volumes: 3)
2025-01-29 17:04:28,299 INFO c.h.h.t.HelmChartContainer - [hivemq-test-hivemq-platform] [hivemq-platform-operator] [42fceac4] 17:04:28.298 [ReconcilerExecutor-hivemq-controller-130] DEBUG c.h.p.o.h.HiveMQPlatformReconcilerErrorHandler - [customop] Pod 'test-hivemq-platform-alpha-0' phase Running
2025-01-29 17:04:28,299 INFO c.h.h.t.HelmChartContainer - [hivemq-test-hivemq-platform] [hivemq-platform-operator] [42fceac4] 17:04:28.298 [ReconcilerExecutor-hivemq-controller-130] INFO  c.h.p.o.h.HiveMQPlatformReconcilerBaseHandler - [customop] HiveMQ Platform is starting, 0 of 1 replicas are ready
2025-01-29 17:04:28,371 INFO c.h.h.t.HelmChartContainer - [test-hivemq-platform] [hivemq] [c2bf1c29] WARN  - [HiveMQ Platform Operator Init App 1.7.0-SNAPSHOT] Cannot connect to Health API for readiness: null
2025-01-29 17:04:28,373 INFO c.h.h.t.HelmChartContainer - [test-hivemq-platform] [hivemq] [c2bf1c29] INFO  - [HiveMQ Platform Operator Init App 1.7.0-SNAPSHOT] Successfully updated Pod HiveMQ Platform Operator Init App version annotation (version: 1.7.0-SNAPSHOT)
2025-01-29 17:04:28,374 INFO c.h.h.t.HelmChartContainer - [EVENT] Warning [Unhealthy] Readiness probe failed: HTTP probe failed with statuscode: 503 [customoperatornamespacesit-alpha:test-hivemq-platform-alpha-0]
2025-01-29 17:04:28,375 INFO c.h.h.t.HelmChartContainer - Received Unhealthy event for container hivemq in pod test-hivemq-platform-alpha-0 [c2bf1c29-5ac9-419a-8781-f435a11e6e56]
2025-01-29 17:04:32,742 INFO c.h.h.t.HelmChartContainer - [test-hivemq-platform] [hivemq] [5ad2605c] WARN  - [HiveMQ Platform Operator Init App 1.7.0-SNAPSHOT] Cannot connect to Health API for readiness: null
2025-01-29 17:04:32,747 INFO c.h.h.t.HelmChartContainer - [EVENT] Warning [Unhealthy] Readiness probe failed: HTTP probe failed with statuscode: 503 [customoperatornamespacesit-beta:test-hivemq-platform-beta-0]
2025-01-29 17:04:32,747 INFO c.h.h.t.HelmChartContainer - Received Unhealthy event for container hivemq in pod test-hivemq-platform-beta-0 [5ad2605c-4dc2-4cc6-b742-7c27ab7085d3]
2025-01-29 17:04:33,326 INFO c.h.h.t.HelmChartContainer - [test-hivemq-platform] [hivemq] [c2bf1c29] WARN  - [HiveMQ Platform Operator Init App 1.7.0-SNAPSHOT] Cannot connect to Health API for readiness: null
2025-01-29 17:04:33,326 INFO c.h.h.t.HelmChartContainer - [EVENT] Warning [Unhealthy] Readiness probe failed: HTTP probe failed with statuscode: 503 [customoperatornamespacesit-alpha:test-hivemq-platform-alpha-0]
2025-01-29 17:04:33,326 INFO c.h.h.t.HelmChartContainer - Received Unhealthy event for container hivemq in pod test-hivemq-platform-alpha-0 [c2bf1c29-5ac9-419a-8781-f435a11e6e56]
2025-01-29 17:04:37,741 INFO c.h.h.t.HelmChartContainer - [test-hivemq-platform] [hivemq] [5ad2605c] WARN  - [HiveMQ Platform Operator Init App 1.7.0-SNAPSHOT] Cannot connect to Health API for readiness: null
2025-01-29 17:04:37,749 INFO c.h.h.t.HelmChartContainer - [EVENT] Warning [Unhealthy] Readiness probe failed: HTTP probe failed with statuscode: 503 [customoperatornamespacesit-beta:test-hivemq-platform-beta-0]
2025-01-29 17:04:37,749 INFO c.h.h.t.HelmChartContainer - Received Unhealthy event for container hivemq in pod test-hivemq-platform-beta-0 [5ad2605c-4dc2-4cc6-b742-7c27ab7085d3]
2025-01-29 17:04:37,860 INFO c.h.h.t.HelmChartContainer - [hivemq-test-hivemq-platform] [hivemq-platform-operator] [42fceac4] 17:04:37.858 [pool-6-thread-32] DEBUG c.h.p.o.dependants.PodInfoConfigMap - [customop] Desired PodInfo ConfigMap (1 extensions) (1 enabled)
2025-01-29 17:04:37,860 INFO c.h.h.t.HelmChartContainer - [hivemq-test-hivemq-platform] [hivemq-platform-operator] [42fceac4] 17:04:37.859 [pool-6-thread-32] DEBUG c.h.p.o.dependants.PodInfoConfigMap - [customop] Desired PodInfo ConfigMap (metrics port: 9399) (metrics path: /)
2025-01-29 17:04:37,860 INFO c.h.h.t.HelmChartContainer - [hivemq-test-hivemq-platform] [hivemq-platform-operator] [42fceac4] 17:04:37.859 [pool-6-thread-32] DEBUG c.h.p.o.dependants.PodInfoConfigMap - [customop] Desired PodInfo ConfigMap (extension state hash: -1817474005)
2025-01-29 17:04:37,860 INFO c.h.h.t.HelmChartContainer - [hivemq-test-hivemq-platform] [hivemq-platform-operator] [42fceac4] 17:04:37.858 [pool-6-thread-38] DEBUG c.h.p.o.d.PlatformServiceResource - [customop] Desired Platform services (3 services)
2025-01-29 17:04:37,862 INFO c.h.h.t.HelmChartContainer - [hivemq-test-hivemq-platform] [hivemq-platform-operator] [42fceac4] 17:04:37.859 [pool-6-thread-32] DEBUG c.h.p.o.d.PodServiceAccountResource - [customop] Desired PodServiceAccountResource (serviceAccountName: hivemq-platform-pod-test-hivemq-platform-beta)
2025-01-29 17:04:37,865 INFO c.h.h.t.HelmChartContainer - [hivemq-test-hivemq-platform] [hivemq-platform-operator] [42fceac4] 17:04:37.864 [pool-6-thread-38] DEBUG c.h.p.o.d.StatefulSetResource - [customop] Desired StatefulSet (1 replicas) for status STARTING (READY)
2025-01-29 17:04:37,868 INFO c.h.h.t.HelmChartContainer - [hivemq-test-hivemq-platform] [hivemq-platform-operator] [42fceac4] 17:04:37.868 [ReconcilerExecutor-hivemq-controller-131] INFO  c.h.p.o.HiveMQPlatformReconciler - [customop] Reconciling HiveMQ Platform 'test-hivemq-platform-beta' in namespace 'customoperatornamespacesit-beta'
2025-01-29 17:04:37,868 INFO c.h.h.t.HelmChartContainer - [hivemq-test-hivemq-platform] [hivemq-platform-operator] [42fceac4] 17:04:37.868 [ReconcilerExecutor-hivemq-controller-131] DEBUG c.h.p.o.HiveMQPlatformReconciler - [customop] Custom Resource Status STARTING - HiveMQ Platform is starting (READY)
2025-01-29 17:04:37,869 INFO c.h.h.t.HelmChartContainer - [hivemq-test-hivemq-platform] [hivemq-platform-operator] [42fceac4] 17:04:37.868 [ReconcilerExecutor-hivemq-controller-131] DEBUG c.h.p.o.HiveMQPlatformReconciler - [customop] Custom Resource Spec (replicas: 1) (extensions: 1)
2025-01-29 17:04:37,870 INFO c.h.h.t.HelmChartContainer - [hivemq-test-hivemq-platform] [hivemq-platform-operator] [42fceac4] 17:04:37.869 [ReconcilerExecutor-hivemq-controller-131] DEBUG c.h.p.o.HiveMQPlatformReconciler - [customop] StatefulSet Status (revision: test-hivemq-platform-beta-68c75dbff9, replicas: 1, available: 0, ready: 0, current: 1, updated: 1)
2025-01-29 17:04:37,871 INFO c.h.h.t.HelmChartContainer - [hivemq-test-hivemq-platform] [hivemq-platform-operator] [42fceac4] 17:04:37.870 [ReconcilerExecutor-hivemq-controller-131] DEBUG c.h.p.o.HiveMQPlatformReconciler - [customop] StatefulSet Spec (replicas: 1, init containers: 1, containers: 1, volumes: 3)
2025-01-29 17:04:37,871 INFO c.h.h.t.HelmChartContainer - [hivemq-test-hivemq-platform] [hivemq-platform-operator] [42fceac4] 17:04:37.871 [ReconcilerExecutor-hivemq-controller-131] DEBUG c.h.p.o.h.HiveMQPlatformReconcilerErrorHandler - [customop] Pod 'test-hivemq-platform-beta-0' phase Running
2025-01-29 17:04:37,873 INFO c.h.h.t.HelmChartContainer - [hivemq-test-hivemq-platform] [hivemq-platform-operator] [42fceac4] 17:04:37.871 [ReconcilerExecutor-hivemq-controller-131] INFO  c.h.p.o.h.HiveMQPlatformReconcilerBaseHandler - [customop] HiveMQ Platform is starting, 0 of 1 replicas are ready
2025-01-29 17:04:38,232 INFO c.h.h.t.HelmChartContainer - [test-hivemq-platform] [hivemq] [5ad2605c] WARN  - [HiveMQ Platform Operator Init App 1.7.0-SNAPSHOT] Cannot connect to Health API for liveness: null
2025-01-29 17:04:38,233 INFO c.h.h.t.HelmChartContainer - [test-hivemq-platform] [hivemq] [5ad2605c] INFO  - [HiveMQ Platform Operator Init App 1.7.0-SNAPSHOT] Returning default Health API response 200 for liveness
2025-01-29 17:04:38,246 INFO c.h.h.t.HelmChartContainer - [test-hivemq-platform] [hivemq] [c2bf1c29] WARN  - [HiveMQ Platform Operator Init App 1.7.0-SNAPSHOT] Cannot connect to Health API for liveness: null
2025-01-29 17:04:38,248 INFO c.h.h.t.HelmChartContainer - [test-hivemq-platform] [hivemq] [c2bf1c29] INFO  - [HiveMQ Platform Operator Init App 1.7.0-SNAPSHOT] Returning default Health API response 200 for liveness
2025-01-29 17:04:38,306 INFO c.h.h.t.HelmChartContainer - [hivemq-test-hivemq-platform] [hivemq-platform-operator] [42fceac4] 17:04:38.302 [pool-6-thread-42] DEBUG c.h.p.o.d.PlatformServiceResource - [customop] Desired Platform services (3 services)
2025-01-29 17:04:38,307 INFO c.h.h.t.HelmChartContainer - [hivemq-test-hivemq-platform] [hivemq-platform-operator] [42fceac4] 17:04:38.302 [pool-6-thread-45] DEBUG c.h.p.o.dependants.PodInfoConfigMap - [customop] Desired PodInfo ConfigMap (1 extensions) (1 enabled)
2025-01-29 17:04:38,307 INFO c.h.h.t.HelmChartContainer - [hivemq-test-hivemq-platform] [hivemq-platform-operator] [42fceac4] 17:04:38.302 [pool-6-thread-45] DEBUG c.h.p.o.dependants.PodInfoConfigMap - [customop] Desired PodInfo ConfigMap (metrics port: 9399) (metrics path: /)
2025-01-29 17:04:38,307 INFO c.h.h.t.HelmChartContainer - [hivemq-test-hivemq-platform] [hivemq-platform-operator] [42fceac4] 17:04:38.302 [pool-6-thread-45] DEBUG c.h.p.o.dependants.PodInfoConfigMap - [customop] Desired PodInfo ConfigMap (extension state hash: -1817474005)
2025-01-29 17:04:38,307 INFO c.h.h.t.HelmChartContainer - [hivemq-test-hivemq-platform] [hivemq-platform-operator] [42fceac4] 17:04:38.303 [pool-6-thread-45] DEBUG c.h.p.o.d.PodServiceAccountResource - [customop] Desired PodServiceAccountResource (serviceAccountName: hivemq-platform-pod-test-hivemq-platform-alpha)
2025-01-29 17:04:38,309 INFO c.h.h.t.HelmChartContainer - [hivemq-test-hivemq-platform] [hivemq-platform-operator] [42fceac4] 17:04:38.307 [pool-6-thread-41] DEBUG c.h.p.o.d.StatefulSetResource - [customop] Desired StatefulSet (1 replicas) for status STARTING (READY)
2025-01-29 17:04:38,311 INFO c.h.h.t.HelmChartContainer - [hivemq-test-hivemq-platform] [hivemq-platform-operator] [42fceac4] 17:04:38.309 [ReconcilerExecutor-hivemq-controller-132] INFO  c.h.p.o.HiveMQPlatformReconciler - [customop] Reconciling HiveMQ Platform 'test-hivemq-platform-alpha' in namespace 'customoperatornamespacesit-alpha'
2025-01-29 17:04:38,311 INFO c.h.h.t.HelmChartContainer - [hivemq-test-hivemq-platform] [hivemq-platform-operator] [42fceac4] 17:04:38.309 [ReconcilerExecutor-hivemq-controller-132] DEBUG c.h.p.o.HiveMQPlatformReconciler - [customop] Custom Resource Status STARTING - HiveMQ Platform is starting (READY)
2025-01-29 17:04:38,311 INFO c.h.h.t.HelmChartContainer - [hivemq-test-hivemq-platform] [hivemq-platform-operator] [42fceac4] 17:04:38.310 [ReconcilerExecutor-hivemq-controller-132] DEBUG c.h.p.o.HiveMQPlatformReconciler - [customop] Custom Resource Spec (replicas: 1) (extensions: 1)
2025-01-29 17:04:38,312 INFO c.h.h.t.HelmChartContainer - [hivemq-test-hivemq-platform] [hivemq-platform-operator] [42fceac4] 17:04:38.311 [ReconcilerExecutor-hivemq-controller-132] DEBUG c.h.p.o.HiveMQPlatformReconciler - [customop] StatefulSet Status (revision: test-hivemq-platform-alpha-5bcd5cb867, replicas: 1, available: 0, ready: 0, current: 1, updated: 1)
2025-01-29 17:04:38,313 INFO c.h.h.t.HelmChartContainer - [hivemq-test-hivemq-platform] [hivemq-platform-operator] [42fceac4] 17:04:38.311 [ReconcilerExecutor-hivemq-controller-132] DEBUG c.h.p.o.HiveMQPlatformReconciler - [customop] StatefulSet Spec (replicas: 1, init containers: 1, containers: 1, volumes: 3)
2025-01-29 17:04:38,314 INFO c.h.h.t.HelmChartContainer - [hivemq-test-hivemq-platform] [hivemq-platform-operator] [42fceac4] 17:04:38.313 [ReconcilerExecutor-hivemq-controller-132] DEBUG c.h.p.o.h.HiveMQPlatformReconcilerErrorHandler - [customop] Pod 'test-hivemq-platform-alpha-0' phase Running
2025-01-29 17:04:38,314 INFO c.h.h.t.HelmChartContainer - [hivemq-test-hivemq-platform] [hivemq-platform-operator] [42fceac4] 17:04:38.314 [ReconcilerExecutor-hivemq-controller-132] INFO  c.h.p.o.h.HiveMQPlatformReconcilerBaseHandler - [customop] HiveMQ Platform is starting, 0 of 1 replicas are ready
2025-01-29 17:04:38,354 INFO c.h.h.t.HelmChartContainer - [test-hivemq-platform] [hivemq] [c2bf1c29] WARN  - [HiveMQ Platform Operator Init App 1.7.0-SNAPSHOT] Cannot connect to Health API for readiness: null
2025-01-29 17:04:38,359 INFO c.h.h.t.HelmChartContainer - [EVENT] Warning [Unhealthy] Readiness probe failed: HTTP probe failed with statuscode: 503 [customoperatornamespacesit-alpha:test-hivemq-platform-alpha-0]
2025-01-29 17:04:38,359 INFO c.h.h.t.HelmChartContainer - Received Unhealthy event for container hivemq in pod test-hivemq-platform-alpha-0 [c2bf1c29-5ac9-419a-8781-f435a11e6e56]
2025-01-29 17:04:40,236 INFO c.h.h.t.HelmChartContainer - [test-hivemq-platform] [hivemq] [5ad2605c] INFO  - No valid license file found. Using trial license, restricted to 25 connections.
2025-01-29 17:04:40,823 INFO c.h.h.t.HelmChartContainer - [test-hivemq-platform] [hivemq] [c2bf1c29] INFO  - No valid license file found. Using trial license, restricted to 25 connections.
2025-01-29 17:04:42,741 INFO c.h.h.t.HelmChartContainer - [test-hivemq-platform] [hivemq] [5ad2605c] WARN  - [HiveMQ Platform Operator Init App 1.7.0-SNAPSHOT] Cannot connect to Health API for readiness: null
2025-01-29 17:04:42,747 INFO c.h.h.t.HelmChartContainer - [EVENT] Warning [Unhealthy] Readiness probe failed: HTTP probe failed with statuscode: 503 [customoperatornamespacesit-beta:test-hivemq-platform-beta-0]
2025-01-29 17:04:42,747 INFO c.h.h.t.HelmChartContainer - Received Unhealthy event for container hivemq in pod test-hivemq-platform-beta-0 [5ad2605c-4dc2-4cc6-b742-7c27ab7085d3]
2025-01-29 17:04:43,322 INFO c.h.h.t.HelmChartContainer - [test-hivemq-platform] [hivemq] [c2bf1c29] WARN  - [HiveMQ Platform Operator Init App 1.7.0-SNAPSHOT] Cannot connect to Health API for readiness: null
2025-01-29 17:04:43,328 INFO c.h.h.t.HelmChartContainer - [EVENT] Warning [Unhealthy] Readiness probe failed: HTTP probe failed with statuscode: 503 [customoperatornamespacesit-alpha:test-hivemq-platform-alpha-0]
2025-01-29 17:04:43,328 INFO c.h.h.t.HelmChartContainer - Received Unhealthy event for container hivemq in pod test-hivemq-platform-alpha-0 [c2bf1c29-5ac9-419a-8781-f435a11e6e56]
2025-01-29 17:04:43,949 INFO c.h.h.t.HelmChartContainer - [test-hivemq-platform] [hivemq] [c2bf1c29] INFO  - No valid license file for Data Hub found. Using free license, restricted to 1 policy.
2025-01-29 17:04:44,241 INFO c.h.h.t.HelmChartContainer - [test-hivemq-platform] [hivemq] [5ad2605c] INFO  - No valid license file for Data Hub found. Using free license, restricted to 1 policy.
2025-01-29 17:04:45,156 INFO c.h.h.t.HelmChartContainer - [test-hivemq-platform] [hivemq] [c2bf1c29] INFO  - Audit Logger started.
2025-01-29 17:04:45,438 INFO c.h.h.t.HelmChartContainer - [test-hivemq-platform] [hivemq] [c2bf1c29] INFO  - This node uses '1' CPU cores.
2025-01-29 17:04:45,450 INFO c.h.h.t.HelmChartContainer - [test-hivemq-platform] [hivemq] [c2bf1c29] INFO  - Starting HiveMQ Health API on address 0.0.0.0 and port 8889
2025-01-29 17:04:45,526 INFO c.h.h.t.HelmChartContainer - [test-hivemq-platform] [hivemq] [5ad2605c] INFO  - Audit Logger started.
2025-01-29 17:04:45,760 INFO c.h.h.t.HelmChartContainer - [test-hivemq-platform] [hivemq] [5ad2605c] INFO  - This node uses '1' CPU cores.
2025-01-29 17:04:45,765 INFO c.h.h.t.HelmChartContainer - [test-hivemq-platform] [hivemq] [5ad2605c] INFO  - Starting HiveMQ Health API on address 0.0.0.0 and port 8889
2025-01-29 17:04:46,422 INFO c.h.h.t.HelmChartContainer - [test-hivemq-platform] [hivemq] [c2bf1c29] INFO  - Started HiveMQ Health API in 973ms
2025-01-29 17:04:46,642 INFO c.h.h.t.HelmChartContainer - [test-hivemq-platform] [hivemq] [5ad2605c] INFO  - Started HiveMQ Health API in 876ms
2025-01-29 17:04:46,921 INFO c.h.h.t.HelmChartContainer - [test-hivemq-platform] [hivemq] [c2bf1c29] INFO  - Starting HiveMQ extension system.
2025-01-29 17:04:47,222 INFO c.h.h.t.HelmChartContainer - [test-hivemq-platform] [hivemq] [c2bf1c29] INFO  - Starting extension with id "hivemq-dns-cluster-discovery" at /opt/hivemq/extensions/hivemq-dns-cluster-discovery
2025-01-29 17:04:47,335 INFO c.h.h.t.HelmChartContainer - [test-hivemq-platform] [hivemq] [5ad2605c] INFO  - Starting HiveMQ extension system.
2025-01-29 17:04:47,541 INFO c.h.h.t.HelmChartContainer - [test-hivemq-platform] [hivemq] [5ad2605c] INFO  - Starting extension with id "hivemq-dns-cluster-discovery" at /opt/hivemq/extensions/hivemq-dns-cluster-discovery
2025-01-29 17:04:47,727 INFO c.h.h.t.HelmChartContainer - [test-hivemq-platform] [hivemq] [c2bf1c29] INFO  - Using TCP cluster transport on address 10.42.0.9 and port 7000
2025-01-29 17:04:47,743 INFO c.h.h.t.HelmChartContainer - [test-hivemq-platform] [hivemq] [c2bf1c29] INFO  - Extension "DNS Cluster Discovery Extension" version 4.3.2 started successfully.
2025-01-29 17:04:47,747 INFO c.h.h.t.HelmChartContainer - [test-hivemq-platform] [hivemq] [c2bf1c29] INFO  - Starting extension with id "hivemq-prometheus-extension" at /opt/hivemq/extensions/hivemq-prometheus-extension
2025-01-29 17:04:47,824 INFO c.h.h.t.HelmChartContainer - [test-hivemq-platform] [hivemq] [c2bf1c29] INFO  - Using extension cluster discovery
2025-01-29 17:04:47,875 INFO c.h.h.t.HelmChartContainer - [hivemq-test-hivemq-platform] [hivemq-platform-operator] [42fceac4] 17:04:47.875 [pool-6-thread-12] DEBUG c.h.p.o.d.PlatformServiceResource - [customop] Desired Platform services (3 services)
2025-01-29 17:04:47,876 INFO c.h.h.t.HelmChartContainer - [hivemq-test-hivemq-platform] [hivemq-platform-operator] [42fceac4] 17:04:47.875 [pool-6-thread-3] DEBUG c.h.p.o.dependants.PodInfoConfigMap - [customop] Desired PodInfo ConfigMap (1 extensions) (1 enabled)
2025-01-29 17:04:47,878 INFO c.h.h.t.HelmChartContainer - [hivemq-test-hivemq-platform] [hivemq-platform-operator] [42fceac4] 17:04:47.878 [pool-6-thread-3] DEBUG c.h.p.o.dependants.PodInfoConfigMap - [customop] Desired PodInfo ConfigMap (metrics port: 9399) (metrics path: /)
2025-01-29 17:04:47,879 INFO c.h.h.t.HelmChartContainer - [hivemq-test-hivemq-platform] [hivemq-platform-operator] [42fceac4] 17:04:47.878 [pool-6-thread-3] DEBUG c.h.p.o.dependants.PodInfoConfigMap - [customop] Desired PodInfo ConfigMap (extension state hash: -1817474005)
2025-01-29 17:04:47,880 INFO c.h.h.t.HelmChartContainer - [hivemq-test-hivemq-platform] [hivemq-platform-operator] [42fceac4] 17:04:47.878 [pool-6-thread-44] DEBUG c.h.p.o.d.PodServiceAccountResource - [customop] Desired PodServiceAccountResource (serviceAccountName: hivemq-platform-pod-test-hivemq-platform-beta)
2025-01-29 17:04:47,882 INFO c.h.h.t.HelmChartContainer - [hivemq-test-hivemq-platform] [hivemq-platform-operator] [42fceac4] 17:04:47.881 [pool-6-thread-12] DEBUG c.h.p.o.d.StatefulSetResource - [customop] Desired StatefulSet (1 replicas) for status STARTING (READY)
2025-01-29 17:04:47,886 INFO c.h.h.t.HelmChartContainer - [hivemq-test-hivemq-platform] [hivemq-platform-operator] [42fceac4] 17:04:47.884 [ReconcilerExecutor-hivemq-controller-133] INFO  c.h.p.o.HiveMQPlatformReconciler - [customop] Reconciling HiveMQ Platform 'test-hivemq-platform-beta' in namespace 'customoperatornamespacesit-beta'
2025-01-29 17:04:47,886 INFO c.h.h.t.HelmChartContainer - [hivemq-test-hivemq-platform] [hivemq-platform-operator] [42fceac4] 17:04:47.884 [ReconcilerExecutor-hivemq-controller-133] DEBUG c.h.p.o.HiveMQPlatformReconciler - [customop] Custom Resource Status STARTING - HiveMQ Platform is starting (READY)
2025-01-29 17:04:47,886 INFO c.h.h.t.HelmChartContainer - [hivemq-test-hivemq-platform] [hivemq-platform-operator] [42fceac4] 17:04:47.884 [ReconcilerExecutor-hivemq-controller-133] DEBUG c.h.p.o.HiveMQPlatformReconciler - [customop] Custom Resource Spec (replicas: 1) (extensions: 1)
2025-01-29 17:04:47,886 INFO c.h.h.t.HelmChartContainer - [hivemq-test-hivemq-platform] [hivemq-platform-operator] [42fceac4] 17:04:47.885 [ReconcilerExecutor-hivemq-controller-133] DEBUG c.h.p.o.HiveMQPlatformReconciler - [customop] StatefulSet Status (revision: test-hivemq-platform-beta-68c75dbff9, replicas: 1, available: 0, ready: 0, current: 1, updated: 1)
2025-01-29 17:04:47,886 INFO c.h.h.t.HelmChartContainer - [hivemq-test-hivemq-platform] [hivemq-platform-operator] [42fceac4] 17:04:47.885 [ReconcilerExecutor-hivemq-controller-133] DEBUG c.h.p.o.HiveMQPlatformReconciler - [customop] StatefulSet Spec (replicas: 1, init containers: 1, containers: 1, volumes: 3)
2025-01-29 17:04:47,887 INFO c.h.h.t.HelmChartContainer - [hivemq-test-hivemq-platform] [hivemq-platform-operator] [42fceac4] 17:04:47.886 [ReconcilerExecutor-hivemq-controller-133] DEBUG c.h.p.o.h.HiveMQPlatformReconcilerErrorHandler - [customop] Pod 'test-hivemq-platform-beta-0' phase Running
2025-01-29 17:04:47,888 INFO c.h.h.t.HelmChartContainer - [hivemq-test-hivemq-platform] [hivemq-platform-operator] [42fceac4] 17:04:47.887 [ReconcilerExecutor-hivemq-controller-133] INFO  c.h.p.o.h.HiveMQPlatformReconcilerBaseHandler - [customop] HiveMQ Platform is starting, 0 of 1 replicas are ready
2025-01-29 17:04:48,236 INFO c.h.h.t.HelmChartContainer - [test-hivemq-platform] [hivemq] [5ad2605c] INFO  - Extension "DNS Cluster Discovery Extension" version 4.3.2 started successfully.
2025-01-29 17:04:48,237 INFO c.h.h.t.HelmChartContainer - [test-hivemq-platform] [hivemq] [5ad2605c] INFO  - Starting extension with id "hivemq-prometheus-extension" at /opt/hivemq/extensions/hivemq-prometheus-extension
2025-01-29 17:04:48,319 INFO c.h.h.t.HelmChartContainer - [hivemq-test-hivemq-platform] [hivemq-platform-operator] [42fceac4] 17:04:48.317 [pool-6-thread-26] DEBUG c.h.p.o.dependants.PodInfoConfigMap - [customop] Desired PodInfo ConfigMap (1 extensions) (1 enabled)
2025-01-29 17:04:48,319 INFO c.h.h.t.HelmChartContainer - [hivemq-test-hivemq-platform] [hivemq-platform-operator] [42fceac4] 17:04:48.317 [pool-6-thread-26] DEBUG c.h.p.o.dependants.PodInfoConfigMap - [customop] Desired PodInfo ConfigMap (metrics port: 9399) (metrics path: /)
2025-01-29 17:04:48,319 INFO c.h.h.t.HelmChartContainer - [hivemq-test-hivemq-platform] [hivemq-platform-operator] [42fceac4] 17:04:48.317 [pool-6-thread-26] DEBUG c.h.p.o.dependants.PodInfoConfigMap - [customop] Desired PodInfo ConfigMap (extension state hash: -1817474005)
2025-01-29 17:04:48,321 INFO c.h.h.t.HelmChartContainer - [hivemq-test-hivemq-platform] [hivemq-platform-operator] [42fceac4] 17:04:48.320 [pool-6-thread-21] DEBUG c.h.p.o.d.PlatformServiceResource - [customop] Desired Platform services (3 services)
2025-01-29 17:04:48,325 INFO c.h.h.t.HelmChartContainer - [hivemq-test-hivemq-platform] [hivemq-platform-operator] [42fceac4] 17:04:48.323 [pool-6-thread-26] DEBUG c.h.p.o.d.PodServiceAccountResource - [customop] Desired PodServiceAccountResource (serviceAccountName: hivemq-platform-pod-test-hivemq-platform-alpha)
2025-01-29 17:04:48,327 INFO c.h.h.t.HelmChartContainer - [hivemq-test-hivemq-platform] [hivemq-platform-operator] [42fceac4] 17:04:48.326 [pool-6-thread-21] DEBUG c.h.p.o.d.StatefulSetResource - [customop] Desired StatefulSet (1 replicas) for status STARTING (READY)
2025-01-29 17:04:48,334 INFO c.h.h.t.HelmChartContainer - [hivemq-test-hivemq-platform] [hivemq-platform-operator] [42fceac4] 17:04:48.333 [ReconcilerExecutor-hivemq-controller-134] INFO  c.h.p.o.HiveMQPlatformReconciler - [customop] Reconciling HiveMQ Platform 'test-hivemq-platform-alpha' in namespace 'customoperatornamespacesit-alpha'
2025-01-29 17:04:48,335 INFO c.h.h.t.HelmChartContainer - [hivemq-test-hivemq-platform] [hivemq-platform-operator] [42fceac4] 17:04:48.333 [ReconcilerExecutor-hivemq-controller-134] DEBUG c.h.p.o.HiveMQPlatformReconciler - [customop] Custom Resource Status STARTING - HiveMQ Platform is starting (READY)
2025-01-29 17:04:48,335 INFO c.h.h.t.HelmChartContainer - [hivemq-test-hivemq-platform] [hivemq-platform-operator] [42fceac4] 17:04:48.333 [ReconcilerExecutor-hivemq-controller-134] DEBUG c.h.p.o.HiveMQPlatformReconciler - [customop] Custom Resource Spec (replicas: 1) (extensions: 1)
2025-01-29 17:04:48,337 INFO c.h.h.t.HelmChartContainer - [hivemq-test-hivemq-platform] [hivemq-platform-operator] [42fceac4] 17:04:48.335 [ReconcilerExecutor-hivemq-controller-134] DEBUG c.h.p.o.HiveMQPlatformReconciler - [customop] StatefulSet Status (revision: test-hivemq-platform-alpha-5bcd5cb867, replicas: 1, available: 0, ready: 0, current: 1, updated: 1)
2025-01-29 17:04:48,338 INFO c.h.h.t.HelmChartContainer - [hivemq-test-hivemq-platform] [hivemq-platform-operator] [42fceac4] 17:04:48.335 [ReconcilerExecutor-hivemq-controller-134] DEBUG c.h.p.o.HiveMQPlatformReconciler - [customop] StatefulSet Spec (replicas: 1, init containers: 1, containers: 1, volumes: 3)
2025-01-29 17:04:48,338 INFO c.h.h.t.HelmChartContainer - [hivemq-test-hivemq-platform] [hivemq-platform-operator] [42fceac4] 17:04:48.337 [ReconcilerExecutor-hivemq-controller-134] DEBUG c.h.p.o.h.HiveMQPlatformReconcilerErrorHandler - [customop] Pod 'test-hivemq-platform-alpha-0' phase Running
2025-01-29 17:04:48,339 INFO c.h.h.t.HelmChartContainer - [hivemq-test-hivemq-platform] [hivemq-platform-operator] [42fceac4] 17:04:48.338 [ReconcilerExecutor-hivemq-controller-134] INFO  c.h.p.o.h.HiveMQPlatformReconcilerBaseHandler - [customop] HiveMQ Platform is starting, 0 of 1 replicas are ready
2025-01-29 17:04:48,428 INFO c.h.h.t.HelmChartContainer - [test-hivemq-platform] [hivemq] [5ad2605c] INFO  - Using TCP cluster transport on address 10.42.0.8 and port 7000
2025-01-29 17:04:48,529 INFO c.h.h.t.HelmChartContainer - [test-hivemq-platform] [hivemq] [5ad2605c] INFO  - Using extension cluster discovery
2025-01-29 17:04:48,781 INFO c.h.h.t.HelmChartContainer - [EVENT] Warning [Unhealthy] Readiness probe failed: Get "http://10.42.0.8:7979/readiness": context deadline exceeded (Client.Timeout exceeded while awaiting headers) [customoperatornamespacesit-beta:test-hivemq-platform-beta-0]
2025-01-29 17:04:48,781 INFO c.h.h.t.HelmChartContainer - Received Unhealthy event for container hivemq in pod test-hivemq-platform-beta-0 [5ad2605c-4dc2-4cc6-b742-7c27ab7085d3]
2025-01-29 17:04:49,044 INFO c.h.h.t.HelmChartContainer - [test-hivemq-platform] [hivemq] [c2bf1c29] INFO  - Started Jetty Server exposing Prometheus Servlet on URI http://0.0.0.0:9399/
2025-01-29 17:04:49,044 INFO c.h.h.t.HelmChartContainer - [test-hivemq-platform] [hivemq] [c2bf1c29] INFO  - Extension "Prometheus Monitoring Extension" version 4.0.12 started successfully.
2025-01-29 17:04:49,046 INFO c.h.h.t.HelmChartContainer - [test-hivemq-platform] [hivemq] [c2bf1c29] INFO  - Starting extension with id "hivemq-allow-all-extension" at /opt/hivemq/extensions/hivemq-allow-all-extension
2025-01-29 17:04:49,047 INFO c.h.h.t.HelmChartContainer - [test-hivemq-platform] [hivemq] [c2bf1c29] WARN  - 
2025-01-29 17:04:49,047 INFO c.h.h.t.HelmChartContainer - [test-hivemq-platform] [hivemq] [c2bf1c29] ################################################################################################################
2025-01-29 17:04:49,047 INFO c.h.h.t.HelmChartContainer - [test-hivemq-platform] [hivemq] [c2bf1c29] # This HiveMQ deployment is not secure! You are lacking Authentication and Authorization.                      #
2025-01-29 17:04:49,047 INFO c.h.h.t.HelmChartContainer - [test-hivemq-platform] [hivemq] [c2bf1c29] # Right now any MQTT client can connect to the broker with a full set of permissions.                          #
2025-01-29 17:04:49,047 INFO c.h.h.t.HelmChartContainer - [test-hivemq-platform] [hivemq] [c2bf1c29] # For production usage, add an appropriate security extension and remove the hivemq-allow-all extension.       #
2025-01-29 17:04:49,047 INFO c.h.h.t.HelmChartContainer - [test-hivemq-platform] [hivemq] [c2bf1c29] # You can download security extensions from the HiveMQ Marketplace (https://www.hivemq.com/extensions/).       #
2025-01-29 17:04:49,047 INFO c.h.h.t.HelmChartContainer - [test-hivemq-platform] [hivemq] [c2bf1c29] ################################################################################################################
2025-01-29 17:04:49,047 INFO c.h.h.t.HelmChartContainer - [test-hivemq-platform] [hivemq] [c2bf1c29] INFO  - Extension "Allow All Extension" version 1.1.1 started successfully.
2025-01-29 17:04:49,321 INFO c.h.h.t.HelmChartContainer - [EVENT] Warning [Unhealthy] Readiness probe failed: Get "http://10.42.0.9:7979/readiness": context deadline exceeded (Client.Timeout exceeded while awaiting headers) [customoperatornamespacesit-alpha:test-hivemq-platform-alpha-0]
2025-01-29 17:04:49,321 INFO c.h.h.t.HelmChartContainer - Received Unhealthy event for container hivemq in pod test-hivemq-platform-alpha-0 [c2bf1c29-5ac9-419a-8781-f435a11e6e56]
2025-01-29 17:04:49,351 INFO c.h.h.t.HelmChartContainer - [test-hivemq-platform] [hivemq] [c2bf1c29] INFO  - [HiveMQ Platform Operator Init App 1.7.0-SNAPSHOT] Returning Health API response 503 for readiness
2025-01-29 17:04:49,572 INFO c.h.h.t.HelmChartContainer - [test-hivemq-platform] [hivemq] [5ad2605c] INFO  - Started Jetty Server exposing Prometheus Servlet on URI http://0.0.0.0:9399/
2025-01-29 17:04:49,627 INFO c.h.h.t.HelmChartContainer - [test-hivemq-platform] [hivemq] [5ad2605c] INFO  - Extension "Prometheus Monitoring Extension" version 4.0.12 started successfully.
2025-01-29 17:04:49,628 INFO c.h.h.t.HelmChartContainer - [test-hivemq-platform] [hivemq] [5ad2605c] INFO  - Starting extension with id "hivemq-allow-all-extension" at /opt/hivemq/extensions/hivemq-allow-all-extension
2025-01-29 17:04:49,632 INFO c.h.h.t.HelmChartContainer - [test-hivemq-platform] [hivemq] [5ad2605c] WARN  - 
2025-01-29 17:04:49,632 INFO c.h.h.t.HelmChartContainer - [test-hivemq-platform] [hivemq] [5ad2605c] ################################################################################################################
2025-01-29 17:04:49,632 INFO c.h.h.t.HelmChartContainer - [test-hivemq-platform] [hivemq] [5ad2605c] # This HiveMQ deployment is not secure! You are lacking Authentication and Authorization.                      #
2025-01-29 17:04:49,632 INFO c.h.h.t.HelmChartContainer - [test-hivemq-platform] [hivemq] [5ad2605c] # Right now any MQTT client can connect to the broker with a full set of permissions.                          #
2025-01-29 17:04:49,632 INFO c.h.h.t.HelmChartContainer - [test-hivemq-platform] [hivemq] [5ad2605c] # For production usage, add an appropriate security extension and remove the hivemq-allow-all extension.       #
2025-01-29 17:04:49,632 INFO c.h.h.t.HelmChartContainer - [test-hivemq-platform] [hivemq] [5ad2605c] # You can download security extensions from the HiveMQ Marketplace (https://www.hivemq.com/extensions/).       #
2025-01-29 17:04:49,632 INFO c.h.h.t.HelmChartContainer - [test-hivemq-platform] [hivemq] [5ad2605c] ################################################################################################################
2025-01-29 17:04:49,632 INFO c.h.h.t.HelmChartContainer - [test-hivemq-platform] [hivemq] [5ad2605c] INFO  - Extension "Allow All Extension" version 1.1.1 started successfully.
2025-01-29 17:04:49,632 INFO c.h.h.t.HelmChartContainer - [test-hivemq-platform] [hivemq] [5ad2605c] INFO  - [HiveMQ Platform Operator Init App 1.7.0-SNAPSHOT] Returning Health API response 503 for readiness
2025-01-29 17:04:51,024 INFO c.h.h.t.HelmChartContainer - [test-hivemq-platform] [hivemq] [c2bf1c29] INFO  - ENP4K: no members discovered after 2478 ms: creating cluster as first member
2025-01-29 17:04:51,031 INFO c.h.h.t.HelmChartContainer - [test-hivemq-platform] [hivemq] [c2bf1c29] INFO  - Cluster nodes found by discovery: [ENP4K|0] (1) [ENP4K].
2025-01-29 17:04:51,049 INFO c.h.h.t.HelmChartContainer - [test-hivemq-platform] [hivemq] [c2bf1c29] WARN  - No user for HiveMQ Control Center configured. Starting with default user
2025-01-29 17:04:51,050 INFO c.h.h.t.HelmChartContainer - [test-hivemq-platform] [hivemq] [c2bf1c29] INFO  - Starting HiveMQ Control Center on address 0.0.0.0 and port 8080
2025-01-29 17:04:51,120 INFO c.h.h.t.HelmChartContainer - [test-hivemq-platform] [hivemq] [c2bf1c29] INFO  - Mounting HiveMQ Control Center V2 Preview
2025-01-29 17:04:51,646 INFO c.h.h.t.HelmChartContainer - [test-hivemq-platform] [hivemq] [c2bf1c29] INFO  - Started HiveMQ Control Center in 596ms
2025-01-29 17:04:51,732 INFO c.h.h.t.HelmChartContainer - [test-hivemq-platform] [hivemq] [c2bf1c29] INFO  - Starting TCP listener on address 0.0.0.0 and port 1883
2025-01-29 17:04:51,751 INFO c.h.h.t.HelmChartContainer - [test-hivemq-platform] [hivemq] [c2bf1c29] INFO  - Started TCP Listener on address 0.0.0.0 and on port 1883.
2025-01-29 17:04:51,751 INFO c.h.h.t.HelmChartContainer - [test-hivemq-platform] [hivemq] [c2bf1c29] INFO  - Started HiveMQ in 32088ms
2025-01-29 17:04:51,929 INFO c.h.h.t.HelmChartContainer - [test-hivemq-platform] [hivemq] [5ad2605c] INFO  - Te4VS: no members discovered after 2491 ms: creating cluster as first member
2025-01-29 17:04:51,936 INFO c.h.h.t.HelmChartContainer - [test-hivemq-platform] [hivemq] [5ad2605c] INFO  - Cluster nodes found by discovery: [Te4VS|0] (1) [Te4VS].
2025-01-29 17:04:52,036 INFO c.h.h.t.HelmChartContainer - [test-hivemq-platform] [hivemq] [5ad2605c] WARN  - No user for HiveMQ Control Center configured. Starting with default user
2025-01-29 17:04:52,036 INFO c.h.h.t.HelmChartContainer - [test-hivemq-platform] [hivemq] [5ad2605c] INFO  - Starting HiveMQ Control Center on address 0.0.0.0 and port 8080
2025-01-29 17:04:52,038 INFO c.h.h.t.HelmChartContainer - [test-hivemq-platform] [hivemq] [5ad2605c] INFO  - Mounting HiveMQ Control Center V2 Preview
2025-01-29 17:04:52,737 INFO c.h.h.t.HelmChartContainer - [test-hivemq-platform] [hivemq] [5ad2605c] INFO  - Started HiveMQ Control Center in 702ms
2025-01-29 17:04:52,831 INFO c.h.h.t.HelmChartContainer - [EVENT] Warning [Unhealthy] Readiness probe failed: HTTP probe failed with statuscode: 503 [customoperatornamespacesit-beta:test-hivemq-platform-beta-0]
2025-01-29 17:04:52,831 INFO c.h.h.t.HelmChartContainer - Received Unhealthy event for container hivemq in pod test-hivemq-platform-beta-0 [5ad2605c-4dc2-4cc6-b742-7c27ab7085d3]
2025-01-29 17:04:52,840 INFO c.h.h.t.HelmChartContainer - [test-hivemq-platform] [hivemq] [5ad2605c] INFO  - Starting TCP listener on address 0.0.0.0 and port 1883
2025-01-29 17:04:52,933 INFO c.h.h.t.HelmChartContainer - [test-hivemq-platform] [hivemq] [5ad2605c] INFO  - Started TCP Listener on address 0.0.0.0 and on port 1883.
2025-01-29 17:04:52,934 INFO c.h.h.t.HelmChartContainer - [test-hivemq-platform] [hivemq] [5ad2605c] INFO  - Started HiveMQ in 33501ms
2025-01-29 17:04:53,280 INFO c.h.h.t.HelmChartContainer - [test-hivemq-platform] [hivemq] [c2bf1c29] INFO  - [HiveMQ Platform Operator Init App 1.7.0-SNAPSHOT] Returning Health API response 200 for readiness
2025-01-29 17:04:53,293 INFO c.h.h.t.HelmChartContainer - [POD] test-hivemq-platform-alpha-0 [c2bf1c29-5ac9-419a-8781-f435a11e6e56] in customoperatornamespacesit-alpha was MODIFIED
2025-01-29 17:04:53,300 INFO c.h.h.t.HelmChartContainer - [hivemq-test-hivemq-platform] [hivemq-platform-operator] [42fceac4] 17:04:53.297 [pool-6-thread-23] DEBUG c.h.p.o.d.PlatformServiceResource - [customop] Desired Platform services (3 services)
2025-01-29 17:04:53,314 INFO c.h.h.t.HelmChartContainer - [hivemq-test-hivemq-platform] [hivemq-platform-operator] [42fceac4] 17:04:53.301 [pool-6-thread-35] DEBUG c.h.p.o.d.PodServiceAccountResource - [customop] Desired PodServiceAccountResource (serviceAccountName: hivemq-platform-pod-test-hivemq-platform-alpha)
2025-01-29 17:04:53,314 INFO c.h.h.t.HelmChartContainer - [hivemq-test-hivemq-platform] [hivemq-platform-operator] [42fceac4] 17:04:53.302 [pool-6-thread-27] DEBUG c.h.p.o.dependants.PodInfoConfigMap - [customop] Desired PodInfo ConfigMap (1 extensions) (1 enabled)
2025-01-29 17:04:53,314 INFO c.h.h.t.HelmChartContainer - [hivemq-test-hivemq-platform] [hivemq-platform-operator] [42fceac4] 17:04:53.305 [pool-6-thread-27] DEBUG c.h.p.o.dependants.PodInfoConfigMap - [customop] Desired PodInfo ConfigMap (metrics port: 9399) (metrics path: /)
2025-01-29 17:04:53,314 INFO c.h.h.t.HelmChartContainer - [hivemq-test-hivemq-platform] [hivemq-platform-operator] [42fceac4] 17:04:53.305 [pool-6-thread-27] DEBUG c.h.p.o.dependants.PodInfoConfigMap - [customop] Desired PodInfo ConfigMap (extension state hash: -1817474005)
2025-01-29 17:04:53,314 INFO c.h.h.t.HelmChartContainer - [hivemq-test-hivemq-platform] [hivemq-platform-operator] [42fceac4] 17:04:53.307 [pool-6-thread-27] DEBUG c.h.p.o.d.StatefulSetResource - [customop] Desired StatefulSet (1 replicas) for status STARTING (READY)
2025-01-29 17:04:53,314 INFO c.h.h.t.HelmChartContainer - [hivemq-test-hivemq-platform] [hivemq-platform-operator] [42fceac4] 17:04:53.311 [ReconcilerExecutor-hivemq-controller-135] INFO  c.h.p.o.HiveMQPlatformReconciler - [customop] Reconciling HiveMQ Platform 'test-hivemq-platform-alpha' in namespace 'customoperatornamespacesit-alpha'
2025-01-29 17:04:53,314 INFO c.h.h.t.HelmChartContainer - [hivemq-test-hivemq-platform] [hivemq-platform-operator] [42fceac4] 17:04:53.311 [ReconcilerExecutor-hivemq-controller-135] DEBUG c.h.p.o.HiveMQPlatformReconciler - [customop] Custom Resource Status STARTING - HiveMQ Platform is starting (READY)
2025-01-29 17:04:53,314 INFO c.h.h.t.HelmChartContainer - [hivemq-test-hivemq-platform] [hivemq-platform-operator] [42fceac4] 17:04:53.311 [ReconcilerExecutor-hivemq-controller-135] DEBUG c.h.p.o.HiveMQPlatformReconciler - [customop] Custom Resource Spec (replicas: 1) (extensions: 1)
2025-01-29 17:04:53,368 INFO c.h.h.t.HelmChartContainer - [hivemq-test-hivemq-platform] [hivemq-platform-operator] [42fceac4] 17:04:53.365 [ReconcilerExecutor-hivemq-controller-135] DEBUG c.h.p.o.HiveMQPlatformReconciler - [customop] StatefulSet Status (revision: test-hivemq-platform-alpha-5bcd5cb867, replicas: 1, available: 0, ready: 0, current: 1, updated: 1)
2025-01-29 17:04:53,370 INFO c.h.h.t.HelmChartContainer - [hivemq-test-hivemq-platform] [hivemq-platform-operator] [42fceac4] 17:04:53.366 [ReconcilerExecutor-hivemq-controller-135] DEBUG c.h.p.o.HiveMQPlatformReconciler - [customop] StatefulSet Spec (replicas: 1, init containers: 1, containers: 1, volumes: 3)
2025-01-29 17:04:53,370 INFO c.h.h.t.HelmChartContainer - [hivemq-test-hivemq-platform] [hivemq-platform-operator] [42fceac4] 17:04:53.367 [ReconcilerExecutor-hivemq-controller-135] DEBUG c.h.p.o.h.HiveMQPlatformReconcilerErrorHandler - [customop] Pod 'test-hivemq-platform-alpha-0' phase Running
2025-01-29 17:04:53,371 INFO c.h.h.t.HelmChartContainer - [hivemq-test-hivemq-platform] [hivemq-platform-operator] [42fceac4] 17:04:53.367 [ReconcilerExecutor-hivemq-controller-135] INFO  c.h.p.o.h.HiveMQPlatformReconcilerBaseHandler - [customop] HiveMQ Platform is starting, 0 of 1 replicas are ready
2025-01-29 17:04:53,379 INFO c.h.h.t.HelmChartContainer - [hivemq-test-hivemq-platform] [hivemq-platform-operator] [42fceac4] 17:04:53.371 [pool-6-thread-40] DEBUG c.h.p.o.d.PlatformServiceResource - [customop] Desired Platform services (3 services)
2025-01-29 17:04:53,380 INFO c.h.h.t.HelmChartContainer - [hivemq-test-hivemq-platform] [hivemq-platform-operator] [42fceac4] 17:04:53.373 [pool-6-thread-32] DEBUG c.h.p.o.d.PodServiceAccountResource - [customop] Desired PodServiceAccountResource (serviceAccountName: hivemq-platform-pod-test-hivemq-platform-alpha)
2025-01-29 17:04:53,380 INFO c.h.h.t.HelmChartContainer - [hivemq-test-hivemq-platform] [hivemq-platform-operator] [42fceac4] 17:04:53.373 [pool-6-thread-34] DEBUG c.h.p.o.dependants.PodInfoConfigMap - [customop] Desired PodInfo ConfigMap (1 extensions) (1 enabled)
2025-01-29 17:04:53,380 INFO c.h.h.t.HelmChartContainer - [hivemq-test-hivemq-platform] [hivemq-platform-operator] [42fceac4] 17:04:53.373 [pool-6-thread-34] DEBUG c.h.p.o.dependants.PodInfoConfigMap - [customop] Desired PodInfo ConfigMap (metrics port: 9399) (metrics path: /)
2025-01-29 17:04:53,380 INFO c.h.h.t.HelmChartContainer - [hivemq-test-hivemq-platform] [hivemq-platform-operator] [42fceac4] 17:04:53.374 [pool-6-thread-34] DEBUG c.h.p.o.dependants.PodInfoConfigMap - [customop] Desired PodInfo ConfigMap (extension state hash: -1817474005)
2025-01-29 17:04:53,380 INFO c.h.h.t.HelmChartContainer - [hivemq-test-hivemq-platform] [hivemq-platform-operator] [42fceac4] 17:04:53.376 [pool-6-thread-31] DEBUG c.h.p.o.d.StatefulSetResource - [customop] Desired StatefulSet (1 replicas) for status STARTING (READY)
2025-01-29 17:04:53,382 INFO c.h.h.t.HelmChartContainer - [hivemq-test-hivemq-platform] [hivemq-platform-operator] [42fceac4] 17:04:53.380 [ReconcilerExecutor-hivemq-controller-136] INFO  c.h.p.o.HiveMQPlatformReconciler - [customop] Reconciling HiveMQ Platform 'test-hivemq-platform-alpha' in namespace 'customoperatornamespacesit-alpha'
2025-01-29 17:04:53,382 INFO c.h.h.t.HelmChartContainer - [hivemq-test-hivemq-platform] [hivemq-platform-operator] [42fceac4] 17:04:53.380 [ReconcilerExecutor-hivemq-controller-136] DEBUG c.h.p.o.HiveMQPlatformReconciler - [customop] Custom Resource Status STARTING - HiveMQ Platform is starting (READY)
2025-01-29 17:04:53,382 INFO c.h.h.t.HelmChartContainer - [hivemq-test-hivemq-platform] [hivemq-platform-operator] [42fceac4] 17:04:53.380 [ReconcilerExecutor-hivemq-controller-136] DEBUG c.h.p.o.HiveMQPlatformReconciler - [customop] Custom Resource Spec (replicas: 1) (extensions: 1)
2025-01-29 17:04:53,384 INFO c.h.h.t.HelmChartContainer - [hivemq-test-hivemq-platform] [hivemq-platform-operator] [42fceac4] 17:04:53.383 [ReconcilerExecutor-hivemq-controller-136] DEBUG c.h.p.o.HiveMQPlatformReconciler - [customop] StatefulSet Status (revision: test-hivemq-platform-alpha-5bcd5cb867, replicas: 1, available: 1, ready: 1, current: 1, updated: 1)
2025-01-29 17:04:53,384 INFO c.h.h.t.HelmChartContainer - [hivemq-test-hivemq-platform] [hivemq-platform-operator] [42fceac4] 17:04:53.383 [ReconcilerExecutor-hivemq-controller-136] DEBUG c.h.p.o.HiveMQPlatformReconciler - [customop] StatefulSet Spec (replicas: 1, init containers: 1, containers: 1, volumes: 3)
2025-01-29 17:04:53,386 INFO c.h.h.t.HelmChartContainer - [hivemq-test-hivemq-platform] [hivemq-platform-operator] [42fceac4] 17:04:53.384 [ReconcilerExecutor-hivemq-controller-136] DEBUG c.h.p.o.h.HiveMQPlatformReconcilerErrorHandler - [customop] Pod 'test-hivemq-platform-alpha-0' phase Running
2025-01-29 17:04:53,386 INFO c.h.h.t.HelmChartContainer - [hivemq-test-hivemq-platform] [hivemq-platform-operator] [42fceac4] 17:04:53.384 [ReconcilerExecutor-hivemq-controller-136] INFO  c.h.p.o.h.HiveMQPlatformReconcilerBaseHandler - [customop] HiveMQ Platform started successfully
2025-01-29 17:04:53,479 INFO c.h.h.t.HelmChartContainer - [hivemq-test-hivemq-platform] [hivemq-platform-operator] [42fceac4] 17:04:53.478 [ReconcilerExecutor-hivemq-controller-136] DEBUG c.h.p.operator.event.EventSender - [customop] Creating K8s event hivemq-platform-ready: [Ready] HiveMQ Platform is ready
2025-01-29 17:04:53,483 INFO c.h.h.t.HelmChartContainer - [EVENT] Normal [Ready] HiveMQ Platform is ready [customoperatornamespacesit-alpha:test-hivemq-platform-alpha]
2025-01-29 17:04:53,484 INFO c.h.h.t.HelmChartContainer - [hivemq-test-hivemq-platform] [hivemq-platform-operator] [42fceac4] 17:04:53.483 [ReconcilerExecutor-hivemq-controller-136] INFO  c.h.p.o.h.AbstractHiveMQReconcilerStateHandler - [customop] Update HiveMQ Platform Status (STARTING [READY] -> RUNNING [READY]): HiveMQ Platform is ready
2025-01-29 17:04:53,573 DEBUG com.hivemq.helmcharts.util.K8sUtil - Comparing actual state 'RUNNING' and waiting for 'RUNNING'
2025-01-29 17:04:53,587 DEBUG com.hivemq.helmcharts.util.K8sUtil - Comparing actual state 'STARTING' and waiting for 'RUNNING'
2025-01-29 17:04:57,742 INFO c.h.h.t.HelmChartContainer - [test-hivemq-platform] [hivemq] [5ad2605c] INFO  - [HiveMQ Platform Operator Init App 1.7.0-SNAPSHOT] Returning Health API response 200 for readiness
2025-01-29 17:04:57,757 INFO c.h.h.t.HelmChartContainer - [POD] test-hivemq-platform-beta-0 [5ad2605c-4dc2-4cc6-b742-7c27ab7085d3] in customoperatornamespacesit-beta was MODIFIED
2025-01-29 17:04:57,762 INFO c.h.h.t.HelmChartContainer - [hivemq-test-hivemq-platform] [hivemq-platform-operator] [42fceac4] 17:04:57.757 [pool-6-thread-15] DEBUG c.h.p.o.d.PlatformServiceResource - [customop] Desired Platform services (3 services)
2025-01-29 17:04:57,771 INFO c.h.h.t.HelmChartContainer - [hivemq-test-hivemq-platform] [hivemq-platform-operator] [42fceac4] 17:04:57.767 [pool-6-thread-39] DEBUG c.h.p.o.d.PodServiceAccountResource - [customop] Desired PodServiceAccountResource (serviceAccountName: hivemq-platform-pod-test-hivemq-platform-beta)
2025-01-29 17:04:57,773 INFO c.h.h.t.HelmChartContainer - [hivemq-test-hivemq-platform] [hivemq-platform-operator] [42fceac4] 17:04:57.772 [pool-6-thread-15] DEBUG c.h.p.o.dependants.PodInfoConfigMap - [customop] Desired PodInfo ConfigMap (1 extensions) (1 enabled)
2025-01-29 17:04:57,773 INFO c.h.h.t.HelmChartContainer - [hivemq-test-hivemq-platform] [hivemq-platform-operator] [42fceac4] 17:04:57.772 [pool-6-thread-15] DEBUG c.h.p.o.dependants.PodInfoConfigMap - [customop] Desired PodInfo ConfigMap (metrics port: 9399) (metrics path: /)
2025-01-29 17:04:57,773 INFO c.h.h.t.HelmChartContainer - [hivemq-test-hivemq-platform] [hivemq-platform-operator] [42fceac4] 17:04:57.773 [pool-6-thread-15] DEBUG c.h.p.o.dependants.PodInfoConfigMap - [customop] Desired PodInfo ConfigMap (extension state hash: -1817474005)
2025-01-29 17:04:57,777 INFO c.h.h.t.HelmChartContainer - [hivemq-test-hivemq-platform] [hivemq-platform-operator] [42fceac4] 17:04:57.776 [pool-6-thread-15] DEBUG c.h.p.o.d.StatefulSetResource - [customop] Desired StatefulSet (1 replicas) for status STARTING (READY)
2025-01-29 17:04:57,845 INFO c.h.h.t.HelmChartContainer - [hivemq-test-hivemq-platform] [hivemq-platform-operator] [42fceac4] 17:04:57.843 [ReconcilerExecutor-hivemq-controller-137] INFO  c.h.p.o.HiveMQPlatformReconciler - [customop] Reconciling HiveMQ Platform 'test-hivemq-platform-beta' in namespace 'customoperatornamespacesit-beta'
2025-01-29 17:04:57,845 INFO c.h.h.t.HelmChartContainer - [hivemq-test-hivemq-platform] [hivemq-platform-operator] [42fceac4] 17:04:57.843 [ReconcilerExecutor-hivemq-controller-137] DEBUG c.h.p.o.HiveMQPlatformReconciler - [customop] Custom Resource Status STARTING - HiveMQ Platform is starting (READY)
2025-01-29 17:04:57,845 INFO c.h.h.t.HelmChartContainer - [hivemq-test-hivemq-platform] [hivemq-platform-operator] [42fceac4] 17:04:57.843 [ReconcilerExecutor-hivemq-controller-137] DEBUG c.h.p.o.HiveMQPlatformReconciler - [customop] Custom Resource Spec (replicas: 1) (extensions: 1)
2025-01-29 17:04:57,847 INFO c.h.h.t.HelmChartContainer - [hivemq-test-hivemq-platform] [hivemq-platform-operator] [42fceac4] 17:04:57.845 [ReconcilerExecutor-hivemq-controller-137] DEBUG c.h.p.o.HiveMQPlatformReconciler - [customop] StatefulSet Status (revision: test-hivemq-platform-beta-68c75dbff9, replicas: 1, available: 1, ready: 1, current: 1, updated: 1)
2025-01-29 17:04:57,847 INFO c.h.h.t.HelmChartContainer - [hivemq-test-hivemq-platform] [hivemq-platform-operator] [42fceac4] 17:04:57.845 [ReconcilerExecutor-hivemq-controller-137] DEBUG c.h.p.o.HiveMQPlatformReconciler - [customop] StatefulSet Spec (replicas: 1, init containers: 1, containers: 1, volumes: 3)
2025-01-29 17:04:57,848 INFO c.h.h.t.HelmChartContainer - [hivemq-test-hivemq-platform] [hivemq-platform-operator] [42fceac4] 17:04:57.846 [ReconcilerExecutor-hivemq-controller-137] DEBUG c.h.p.o.h.HiveMQPlatformReconcilerErrorHandler - [customop] Pod 'test-hivemq-platform-beta-0' phase Running
2025-01-29 17:04:57,848 INFO c.h.h.t.HelmChartContainer - [hivemq-test-hivemq-platform] [hivemq-platform-operator] [42fceac4] 17:04:57.846 [ReconcilerExecutor-hivemq-controller-137] INFO  c.h.p.o.h.HiveMQPlatformReconcilerBaseHandler - [customop] HiveMQ Platform started successfully
2025-01-29 17:04:57,869 INFO c.h.h.t.HelmChartContainer - [hivemq-test-hivemq-platform] [hivemq-platform-operator] [42fceac4] 17:04:57.868 [ReconcilerExecutor-hivemq-controller-137] DEBUG c.h.p.operator.event.EventSender - [customop] Creating K8s event hivemq-platform-ready: [Ready] HiveMQ Platform is ready
2025-01-29 17:04:57,873 INFO c.h.h.t.HelmChartContainer - [EVENT] Normal [Ready] HiveMQ Platform is ready [customoperatornamespacesit-beta:test-hivemq-platform-beta]
2025-01-29 17:04:57,873 INFO c.h.h.t.HelmChartContainer - [hivemq-test-hivemq-platform] [hivemq-platform-operator] [42fceac4] 17:04:57.873 [ReconcilerExecutor-hivemq-controller-137] INFO  c.h.p.o.h.AbstractHiveMQReconcilerStateHandler - [customop] Update HiveMQ Platform Status (STARTING [READY] -> RUNNING [READY]): HiveMQ Platform is ready
2025-01-29 17:04:57,880 DEBUG com.hivemq.helmcharts.util.K8sUtil - Comparing actual state 'RUNNING' and waiting for 'RUNNING'
2025-01-29 17:04:57,952 INFO c.h.h.t.HelmChartContainer - [hivemq-test-hivemq-platform] [hivemq-platform-operator] [42fceac4] 17:04:57.946 [pool-6-thread-3] DEBUG c.h.p.o.d.PlatformServiceResource - [customop] Desired Platform services (3 services)
2025-01-29 17:04:57,954 INFO c.h.h.t.HelmChartContainer - Uninstalling release 'test-hivemq-platform-alpha' in namespace 'customoperatornamespacesit-alpha'...
2025-01-29 17:04:57,954 DEBUG c.h.h.t.HelmChartContainer - Executing helm command: /bin/helm --kubeconfig /etc/rancher/k3s/k3s.yaml uninstall test-hivemq-platform-alpha  --wait --timeout 5m0s --cascade foreground --namespace customoperatornamespacesit-alpha
2025-01-29 17:04:57,957 INFO c.h.h.t.HelmChartContainer - [hivemq-test-hivemq-platform] [hivemq-platform-operator] [42fceac4] 17:04:57.950 [pool-6-thread-44] DEBUG c.h.p.o.dependants.PodInfoConfigMap - [customop] Desired PodInfo ConfigMap (1 extensions) (1 enabled)
2025-01-29 17:04:57,957 INFO c.h.h.t.HelmChartContainer - [hivemq-test-hivemq-platform] [hivemq-platform-operator] [42fceac4] 17:04:57.950 [pool-6-thread-44] DEBUG c.h.p.o.dependants.PodInfoConfigMap - [customop] Desired PodInfo ConfigMap (metrics port: 9399) (metrics path: /)
2025-01-29 17:04:57,957 INFO c.h.h.t.HelmChartContainer - [hivemq-test-hivemq-platform] [hivemq-platform-operator] [42fceac4] 17:04:57.950 [pool-6-thread-44] DEBUG c.h.p.o.dependants.PodInfoConfigMap - [customop] Desired PodInfo ConfigMap (extension state hash: -1817474005)
2025-01-29 17:04:57,967 INFO c.h.h.t.HelmChartContainer - [hivemq-test-hivemq-platform] [hivemq-platform-operator] [42fceac4] 17:04:57.963 [pool-6-thread-44] DEBUG c.h.p.o.dependants.PodInfoConfigMap - [customop] Update PodInfo ConfigMap
2025-01-29 17:04:57,974 INFO c.h.h.t.HelmChartContainer - [hivemq-test-hivemq-platform] [hivemq-platform-operator] [42fceac4] 17:04:57.971 [pool-6-thread-13] DEBUG c.h.p.o.d.PodServiceAccountResource - [customop] Desired PodServiceAccountResource (serviceAccountName: hivemq-platform-pod-test-hivemq-platform-beta)
2025-01-29 17:04:58,043 INFO c.h.h.t.HelmChartContainer - [hivemq-test-hivemq-platform] [hivemq-platform-operator] [42fceac4] 17:04:58.041 [pool-6-thread-44] DEBUG c.h.p.o.d.StatefulSetResource - [customop] Desired StatefulSet (1 replicas) for status RUNNING (READY)
2025-01-29 17:04:58,045 INFO c.h.h.t.HelmChartContainer - [hivemq-test-hivemq-platform] [hivemq-platform-operator] [42fceac4] 17:04:58.044 [ReconcilerExecutor-hivemq-controller-138] INFO  c.h.p.o.HiveMQPlatformReconciler - [customop] Reconciling HiveMQ Platform 'test-hivemq-platform-beta' in namespace 'customoperatornamespacesit-beta'
2025-01-29 17:04:58,047 INFO c.h.h.t.HelmChartContainer - [hivemq-test-hivemq-platform] [hivemq-platform-operator] [42fceac4] 17:04:58.045 [ReconcilerExecutor-hivemq-controller-138] DEBUG c.h.p.o.HiveMQPlatformReconciler - [customop] Custom Resource Status RUNNING - HiveMQ Platform is ready (READY)
2025-01-29 17:04:58,047 INFO c.h.h.t.HelmChartContainer - [hivemq-test-hivemq-platform] [hivemq-platform-operator] [42fceac4] 17:04:58.045 [ReconcilerExecutor-hivemq-controller-138] DEBUG c.h.p.o.HiveMQPlatformReconciler - [customop] Custom Resource Spec (replicas: 1) (extensions: 1)
2025-01-29 17:04:58,049 INFO c.h.h.t.HelmChartContainer - [hivemq-test-hivemq-platform] [hivemq-platform-operator] [42fceac4] 17:04:58.048 [ReconcilerExecutor-hivemq-controller-138] DEBUG c.h.p.o.HiveMQPlatformReconciler - [customop] StatefulSet Status (revision: test-hivemq-platform-beta-68c75dbff9, replicas: 1, available: 1, ready: 1, current: 1, updated: 1)
2025-01-29 17:04:58,049 INFO c.h.h.t.HelmChartContainer - [hivemq-test-hivemq-platform] [hivemq-platform-operator] [42fceac4] 17:04:58.048 [ReconcilerExecutor-hivemq-controller-138] DEBUG c.h.p.o.HiveMQPlatformReconciler - [customop] StatefulSet Spec (replicas: 1, init containers: 1, containers: 1, volumes: 3)
2025-01-29 17:04:58,054 INFO c.h.h.t.HelmChartContainer - [hivemq-test-hivemq-platform] [hivemq-platform-operator] [42fceac4] 17:04:58.052 [ReconcilerExecutor-hivemq-controller-138] DEBUG c.h.p.o.h.HiveMQPlatformReconcilerErrorHandler - [customop] Pod 'test-hivemq-platform-beta-0' phase Running
2025-01-29 17:04:58,197 INFO c.h.h.t.HelmChartContainer - [hivemq-test-hivemq-platform] [hivemq-platform-operator] [42fceac4] 17:04:58.193 [pool-6-thread-19] DEBUG c.h.p.o.dependants.PodInfoConfigMap - [customop] Desired PodInfo ConfigMap (1 extensions) (1 enabled)
2025-01-29 17:04:58,197 INFO c.h.h.t.HelmChartContainer - [hivemq-test-hivemq-platform] [hivemq-platform-operator] [42fceac4] 17:04:58.193 [pool-6-thread-19] DEBUG c.h.p.o.dependants.PodInfoConfigMap - [customop] Desired PodInfo ConfigMap (metrics port: 9399) (metrics path: /)
2025-01-29 17:04:58,197 INFO c.h.h.t.HelmChartContainer - [hivemq-test-hivemq-platform] [hivemq-platform-operator] [42fceac4] 17:04:58.194 [pool-6-thread-18] DEBUG c.h.p.o.d.PodServiceAccountResource - [customop] Desired PodServiceAccountResource (serviceAccountName: hivemq-platform-pod-test-hivemq-platform-alpha)
2025-01-29 17:04:58,197 INFO c.h.h.t.HelmChartContainer - [hivemq-test-hivemq-platform] [hivemq-platform-operator] [42fceac4] 17:04:58.195 [pool-6-thread-19] DEBUG c.h.p.o.dependants.PodInfoConfigMap - [customop] Desired PodInfo ConfigMap (extension state hash: -1817474005)
2025-01-29 17:04:58,197 INFO c.h.h.t.HelmChartContainer - [hivemq-test-hivemq-platform] [hivemq-platform-operator] [42fceac4] 17:04:58.195 [pool-6-thread-19] DEBUG c.h.p.o.dependants.PodInfoConfigMap - [customop] Update PodInfo ConfigMap
2025-01-29 17:04:58,270 INFO c.h.h.t.HelmChartContainer - [hivemq-test-hivemq-platform] [hivemq-platform-operator] [42fceac4] 17:04:58.196 [pool-6-thread-2] DEBUG c.h.p.o.d.PlatformServiceResource - [customop] Desired Platform services (3 services)
2025-01-29 17:04:58,372 INFO c.h.h.t.HelmChartContainer - [hivemq-test-hivemq-platform] [hivemq-platform-operator] [42fceac4] 17:04:58.366 [ReconcilerExecutor-hivemq-controller-139] ERROR i.j.o.p.event.EventProcessor - Error during event processing ExecutionScope{ resource id: ResourceID{name='test-hivemq-platform-alpha', namespace='customoperatornamespacesit-alpha'}, version: 932}
2025-01-29 17:04:58,372 INFO c.h.h.t.HelmChartContainer - [hivemq-test-hivemq-platform] [hivemq-platform-operator] [42fceac4] io.javaoperatorsdk.operator.OperatorException: io.javaoperatorsdk.operator.AggregatedOperatorException: Exception(s) during workflow execution. Details:
2025-01-29 17:04:58,372 INFO c.h.h.t.HelmChartContainer - [hivemq-test-hivemq-platform] [hivemq-platform-operator] [42fceac4]  - com.hivemq.platform.operator.dependants.PodInfoConfigMap -> io.fabric8.kubernetes.client.KubernetesClientException: Failure executing: PUT at: https://10.43.0.1:443/api/v1/namespaces/customoperatornamespacesit-alpha/configmaps/hivemq-platform-test-hivemq-platform-alpha-dynamic-state. Message: Operation cannot be fulfilled on configmaps "hivemq-platform-test-hivemq-platform-alpha-dynamic-state": StorageError: invalid object, Code: 4, Key: /registry/configmaps/customoperatornamespacesit-alpha/hivemq-platform-test-hivemq-platform-alpha-dynamic-state, ResourceVersion: 0, AdditionalErrorMsg: Precondition failed: UID in precondition: 30e1e744-dc35-4cac-899c-d130ff49921e, UID in object meta: . Received status: Status(apiVersion=v1, code=409, details=StatusDetails(causes=[], group=null, kind=configmaps, name=hivemq-platform-test-hivemq-platform-alpha-dynamic-state, retryAfterSeconds=null, uid=null, additionalProperties={}), kind=Status, message=Operation cannot be fulfilled on configmaps "hivemq-platform-test-hivemq-platform-alpha-dynamic-state": StorageError: invalid object, Code: 4, Key: /registry/configmaps/customoperatornamespacesit-alpha/hivemq-platform-test-hivemq-platform-alpha-dynamic-state, ResourceVersion: 0, AdditionalErrorMsg: Precondition failed: UID in precondition: 30e1e744-dc35-4cac-899c-d130ff49921e, UID in object meta: , metadata=ListMeta(_continue=null, remainingItemCount=null, resourceVersion=null, selfLink=null, additionalProperties={}), reason=Conflict, status=Failure, additionalProperties={}).
2025-01-29 17:04:58,372 INFO c.h.h.t.HelmChartContainer - [hivemq-test-hivemq-platform] [hivemq-platform-operator] [42fceac4] 	at io.fabric8.kubernetes.client.KubernetesClientException.copyAsCause(KubernetesClientException.java:238)
2025-01-29 17:04:58,372 INFO c.h.h.t.HelmChartContainer - [hivemq-test-hivemq-platform] [hivemq-platform-operator] [42fceac4] 	at io.fabric8.kubernetes.client.dsl.internal.OperationSupport.waitForResult(OperationSupport.java:507)
2025-01-29 17:04:58,372 INFO c.h.h.t.HelmChartContainer - [hivemq-test-hivemq-platform] [hivemq-platform-operator] [42fceac4] 	at io.fabric8.kubernetes.client.dsl.internal.OperationSupport.handleResponse(OperationSupport.java:524)
2025-01-29 17:04:58,372 INFO c.h.h.t.HelmChartContainer - [hivemq-test-hivemq-platform] [hivemq-platform-operator] [42fceac4] 	at io.fabric8.kubernetes.client.dsl.internal.OperationSupport.handleUpdate(OperationSupport.java:358)
2025-01-29 17:04:58,372 INFO c.h.h.t.HelmChartContainer - [hivemq-test-hivemq-platform] [hivemq-platform-operator] [42fceac4] 	at io.fabric8.kubernetes.client.dsl.internal.BaseOperation.handleUpdate(BaseOperation.java:759)
2025-01-29 17:04:58,372 INFO c.h.h.t.HelmChartContainer - [hivemq-test-hivemq-platform] [hivemq-platform-operator] [42fceac4] 	at io.fabric8.kubernetes.client.dsl.internal.HasMetadataOperation.update(HasMetadataOperation.java:138)
2025-01-29 17:04:58,372 INFO c.h.h.t.HelmChartContainer - [hivemq-test-hivemq-platform] [hivemq-platform-operator] [42fceac4] 	at io.fabric8.kubernetes.client.dsl.internal.HasMetadataOperation.update(HasMetadataOperation.java:121)
2025-01-29 17:04:58,373 INFO c.h.h.t.HelmChartContainer - [hivemq-test-hivemq-platform] [hivemq-platform-operator] [42fceac4] 	at io.fabric8.kubernetes.client.dsl.internal.HasMetadataOperation.update(HasMetadataOperation.java:44)
2025-01-29 17:04:58,373 INFO c.h.h.t.HelmChartContainer - [hivemq-test-hivemq-platform] [hivemq-platform-operator] [42fceac4] 	at io.fabric8.kubernetes.client.extension.ResourceAdapter.update(ResourceAdapter.java:345)
2025-01-29 17:04:58,373 INFO c.h.h.t.HelmChartContainer - [hivemq-test-hivemq-platform] [hivemq-platform-operator] [42fceac4] 	at io.javaoperatorsdk.operator.processing.dependent.kubernetes.KubernetesDependentResource.update(KubernetesDependentResource.java:140)
2025-01-29 17:04:58,373 INFO c.h.h.t.HelmChartContainer - [hivemq-test-hivemq-platform] [hivemq-platform-operator] [42fceac4] 	at com.hivemq.platform.operator.dependants.PodInfoConfigMap.update(PodInfoConfigMap.java:167)
2025-01-29 17:04:58,373 INFO c.h.h.t.HelmChartContainer - [hivemq-test-hivemq-platform] [hivemq-platform-operator] [42fceac4] 	at com.hivemq.platform.operator.dependants.PodInfoConfigMap.update(PodInfoConfigMap.java:39)
2025-01-29 17:04:58,373 INFO c.h.h.t.HelmChartContainer - [hivemq-test-hivemq-platform] [hivemq-platform-operator] [42fceac4] 	at io.javaoperatorsdk.operator.processing.dependent.AbstractDependentResource.handleUpdate(AbstractDependentResource.java:148)
2025-01-29 17:04:58,373 INFO c.h.h.t.HelmChartContainer - [hivemq-test-hivemq-platform] [hivemq-platform-operator] [42fceac4] 	at io.javaoperatorsdk.operator.processing.dependent.AbstractDependentResource.reconcile(AbstractDependentResource.java:72)
2025-01-29 17:04:58,373 INFO c.h.h.t.HelmChartContainer - [hivemq-test-hivemq-platform] [hivemq-platform-operator] [42fceac4] 	at io.javaoperatorsdk.operator.processing.dependent.SingleDependentResourceReconciler.reconcile(SingleDependentResourceReconciler.java:19)
2025-01-29 17:04:58,373 INFO c.h.h.t.HelmChartContainer - [hivemq-test-hivemq-platform] [hivemq-platform-operator] [42fceac4] 	at io.javaoperatorsdk.operator.processing.dependent.AbstractDependentResource.reconcile(AbstractDependentResource.java:52)
2025-01-29 17:04:58,373 INFO c.h.h.t.HelmChartContainer - [hivemq-test-hivemq-platform] [hivemq-platform-operator] [42fceac4] 	at com.hivemq.platform.operator.dependants.PodInfoConfigMap.reconcile(PodInfoConfigMap.java:74)
2025-01-29 17:04:58,373 INFO c.h.h.t.HelmChartContainer - [hivemq-test-hivemq-platform] [hivemq-platform-operator] [42fceac4] 	at com.hivemq.platform.operator.dependants.PodInfoConfigMap.reconcile(PodInfoConfigMap.java:39)
2025-01-29 17:04:58,373 INFO c.h.h.t.HelmChartContainer - [hivemq-test-hivemq-platform] [hivemq-platform-operator] [42fceac4] 	at io.javaoperatorsdk.operator.processing.dependent.workflow.WorkflowReconcileExecutor$NodeReconcileExecutor.doRun(WorkflowReconcileExecutor.java:123)
2025-01-29 17:04:58,373 INFO c.h.h.t.HelmChartContainer - [hivemq-test-hivemq-platform] [hivemq-platform-operator] [42fceac4] 	at io.javaoperatorsdk.operator.processing.dependent.workflow.NodeExecutor.run(NodeExecutor.java:22)
2025-01-29 17:04:58,373 INFO c.h.h.t.HelmChartContainer - [hivemq-test-hivemq-platform] [hivemq-platform-operator] [42fceac4] 	at java.base/java.util.concurrent.Executors$RunnableAdapter.call(Unknown Source)
2025-01-29 17:04:58,373 INFO c.h.h.t.HelmChartContainer - [hivemq-test-hivemq-platform] [hivemq-platform-operator] [42fceac4] 	at java.base/java.util.concurrent.FutureTask.run(Unknown Source)
2025-01-29 17:04:58,373 INFO c.h.h.t.HelmChartContainer - [hivemq-test-hivemq-platform] [hivemq-platform-operator] [42fceac4] 	at java.base/java.util.concurrent.ThreadPoolExecutor.runWorker(Unknown Source)
2025-01-29 17:04:58,373 INFO c.h.h.t.HelmChartContainer - [hivemq-test-hivemq-platform] [hivemq-platform-operator] [42fceac4] 	at java.base/java.util.concurrent.ThreadPoolExecutor$Worker.run(Unknown Source)
2025-01-29 17:04:58,373 INFO c.h.h.t.HelmChartContainer - [hivemq-test-hivemq-platform] [hivemq-platform-operator] [42fceac4] 	at java.base/java.lang.Thread.run(Unknown Source)
2025-01-29 17:04:58,373 INFO c.h.h.t.HelmChartContainer - [hivemq-test-hivemq-platform] [hivemq-platform-operator] [42fceac4] Caused by: io.fabric8.kubernetes.client.KubernetesClientException: Failure executing: PUT at: https://10.43.0.1:443/api/v1/namespaces/customoperatornamespacesit-alpha/configmaps/hivemq-platform-test-hivemq-platform-alpha-dynamic-state. Message: Operation cannot be fulfilled on configmaps "hivemq-platform-test-hivemq-platform-alpha-dynamic-state": StorageError: invalid object, Code: 4, Key: /registry/configmaps/customoperatornamespacesit-alpha/hivemq-platform-test-hivemq-platform-alpha-dynamic-state, ResourceVersion: 0, AdditionalErrorMsg: Precondition failed: UID in precondition: 30e1e744-dc35-4cac-899c-d130ff49921e, UID in object meta: . Received status: Status(apiVersion=v1, code=409, details=StatusDetails(causes=[], group=null, kind=configmaps, name=hivemq-platform-test-hivemq-platform-alpha-dynamic-state, retryAfterSeconds=null, uid=null, additionalProperties={}), kind=Status, message=Operation cannot be fulfilled on configmaps "hivemq-platform-test-hivemq-platform-alpha-dynamic-state": StorageError: invalid object, Code: 4, Key: /registry/configmaps/customoperatornamespacesit-alpha/hivemq-platform-test-hivemq-platform-alpha-dynamic-state, ResourceVersion: 0, AdditionalErrorMsg: Precondition failed: UID in precondition: 30e1e744-dc35-4cac-899c-d130ff49921e, UID in object meta: , metadata=ListMeta(_continue=null, remainingItemCount=null, resourceVersion=null, selfLink=null, additionalProperties={}), reason=Conflict, status=Failure, additionalProperties={}).
2025-01-29 17:04:58,373 INFO c.h.h.t.HelmChartContainer - [hivemq-test-hivemq-platform] [hivemq-platform-operator] [42fceac4] 	at io.fabric8.kubernetes.client.dsl.internal.OperationSupport.requestFailure(OperationSupport.java:660)
2025-01-29 17:04:58,373 INFO c.h.h.t.HelmChartContainer - [hivemq-test-hivemq-platform] [hivemq-platform-operator] [42fceac4] 	at io.fabric8.kubernetes.client.dsl.internal.OperationSupport.requestFailure(OperationSupport.java:640)
2025-01-29 17:04:58,373 INFO c.h.h.t.HelmChartContainer - [hivemq-test-hivemq-platform] [hivemq-platform-operator] [42fceac4] 	at io.fabric8.kubernetes.client.dsl.internal.OperationSupport.assertResponseCode(OperationSupport.java:589)
2025-01-29 17:04:58,373 INFO c.h.h.t.HelmChartContainer - [hivemq-test-hivemq-platform] [hivemq-platform-operator] [42fceac4] 	at io.fabric8.kubernetes.client.dsl.internal.OperationSupport.lambda$handleResponse$0(OperationSupport.java:549)
2025-01-29 17:04:58,373 INFO c.h.h.t.HelmChartContainer - [hivemq-test-hivemq-platform] [hivemq-platform-operator] [42fceac4] 	at java.base/java.util.concurrent.CompletableFuture$UniApply.tryFire(Unknown Source)
2025-01-29 17:04:58,373 INFO c.h.h.t.HelmChartContainer - [hivemq-test-hivemq-platform] [hivemq-platform-operator] [42fceac4] 	at java.base/java.util.concurrent.CompletableFuture.postComplete(Unknown Source)
2025-01-29 17:04:58,373 INFO c.h.h.t.HelmChartContainer - [hivemq-test-hivemq-platform] [hivemq-platform-operator] [42fceac4] 	at java.base/java.util.concurrent.CompletableFuture.complete(Unknown Source)
2025-01-29 17:04:58,373 INFO c.h.h.t.HelmChartContainer - [hivemq-test-hivemq-platform] [hivemq-platform-operator] [42fceac4] 	at io.fabric8.kubernetes.client.http.StandardHttpClient.lambda$completeOrCancel$10(StandardHttpClient.java:141)
2025-01-29 17:04:58,373 INFO c.h.h.t.HelmChartContainer - [hivemq-test-hivemq-platform] [hivemq-platform-operator] [42fceac4] 	at java.base/java.util.concurrent.CompletableFuture.uniWhenComplete(Unknown Source)
2025-01-29 17:04:58,373 INFO c.h.h.t.HelmChartContainer - [hivemq-test-hivemq-platform] [hivemq-platform-operator] [42fceac4] 	at java.base/java.util.concurrent.CompletableFuture$UniWhenComplete.tryFire(Unknown Source)
2025-01-29 17:04:58,373 INFO c.h.h.t.HelmChartContainer - [hivemq-test-hivemq-platform] [hivemq-platform-operator] [42fceac4] 	at java.base/java.util.concurrent.CompletableFuture.postComplete(Unknown Source)
2025-01-29 17:04:58,373 INFO c.h.h.t.HelmChartContainer - [hivemq-test-hivemq-platform] [hivemq-platform-operator] [42fceac4] 	at java.base/java.util.concurrent.CompletableFuture.complete(Unknown Source)
2025-01-29 17:04:58,373 INFO c.h.h.t.HelmChartContainer - [hivemq-test-hivemq-platform] [hivemq-platform-operator] [42fceac4] 	at io.fabric8.kubernetes.client.http.ByteArrayBodyHandler.onBodyDone(ByteArrayBodyHandler.java:51)
2025-01-29 17:04:58,373 INFO c.h.h.t.HelmChartContainer - [hivemq-test-hivemq-platform] [hivemq-platform-operator] [42fceac4] 	at java.base/java.util.concurrent.CompletableFuture.uniWhenComplete(Unknown Source)
2025-01-29 17:04:58,373 INFO c.h.h.t.HelmChartContainer - [hivemq-test-hivemq-platform] [hivemq-platform-operator] [42fceac4] 	at java.base/java.util.concurrent.CompletableFuture$UniWhenComplete.tryFire(Unknown Source)
2025-01-29 17:04:58,373 INFO c.h.h.t.HelmChartContainer - [hivemq-test-hivemq-platform] [hivemq-platform-operator] [42fceac4] 	at java.base/java.util.concurrent.CompletableFuture.postComplete(Unknown Source)
2025-01-29 17:04:58,373 INFO c.h.h.t.HelmChartContainer - [hivemq-test-hivemq-platform] [hivemq-platform-operator] [42fceac4] 	at java.base/java.util.concurrent.CompletableFuture.complete(Unknown Source)
2025-01-29 17:04:58,373 INFO c.h.h.t.HelmChartContainer - [hivemq-test-hivemq-platform] [hivemq-platform-operator] [42fceac4] 	at io.fabric8.kubernetes.client.vertx.VertxHttpRequest.lambda$null$1(VertxHttpRequest.java:121)
2025-01-29 17:04:58,373 INFO c.h.h.t.HelmChartContainer - [hivemq-test-hivemq-platform] [hivemq-platform-operator] [42fceac4] 	at io.vertx.core.impl.ContextInternal.dispatch(ContextInternal.java:279)
2025-01-29 17:04:58,373 INFO c.h.h.t.HelmChartContainer - [hivemq-test-hivemq-platform] [hivemq-platform-operator] [42fceac4] 	at io.vertx.core.impl.ContextInternal.dispatch(ContextInternal.java:261)
2025-01-29 17:04:58,373 INFO c.h.h.t.HelmChartContainer - [hivemq-test-hivemq-platform] [hivemq-platform-operator] [42fceac4] 	at io.vertx.core.http.impl.HttpEventHandler.handleEnd(HttpEventHandler.java:76)
2025-01-29 17:04:58,373 INFO c.h.h.t.HelmChartContainer - [hivemq-test-hivemq-platform] [hivemq-platform-operator] [42fceac4] 	at io.vertx.core.http.impl.HttpClientResponseImpl.handleEnd(HttpClientResponseImpl.java:250)
2025-01-29 17:04:58,373 INFO c.h.h.t.HelmChartContainer - [hivemq-test-hivemq-platform] [hivemq-platform-operator] [42fceac4] 	at io.vertx.core.http.impl.Http1xClientConnection$StreamImpl.lambda$new$0(Http1xClientConnection.java:421)
2025-01-29 17:04:58,373 INFO c.h.h.t.HelmChartContainer - [hivemq-test-hivemq-platform] [hivemq-platform-operator] [42fceac4] 	at io.vertx.core.streams.impl.InboundBuffer.handleEvent(InboundBuffer.java:279)
2025-01-29 17:04:58,373 INFO c.h.h.t.HelmChartContainer - [hivemq-test-hivemq-platform] [hivemq-platform-operator] [42fceac4] 	at io.vertx.core.streams.impl.InboundBuffer.write(InboundBuffer.java:157)
2025-01-29 17:04:58,373 INFO c.h.h.t.HelmChartContainer - [hivemq-test-hivemq-platform] [hivemq-platform-operator] [42fceac4] 	at io.vertx.core.http.impl.Http1xClientConnection$StreamImpl.handleEnd(Http1xClientConnection.java:709)
2025-01-29 17:04:58,373 INFO c.h.h.t.HelmChartContainer - [hivemq-test-hivemq-platform] [hivemq-platform-operator] [42fceac4] 	at io.vertx.core.impl.ContextImpl.lambda$execute$4(ContextImpl.java:315)
2025-01-29 17:04:58,373 INFO c.h.h.t.HelmChartContainer - [hivemq-test-hivemq-platform] [hivemq-platform-operator] [42fceac4] 	at io.netty.util.concurrent.AbstractEventExecutor.runTask(AbstractEventExecutor.java:173)
2025-01-29 17:04:58,373 INFO c.h.h.t.HelmChartContainer - [hivemq-test-hivemq-platform] [hivemq-platform-operator] [42fceac4] 	at io.netty.util.concurrent.AbstractEventExecutor.safeExecute(AbstractEventExecutor.java:166)
2025-01-29 17:04:58,373 INFO c.h.h.t.HelmChartContainer - [hivemq-test-hivemq-platform] [hivemq-platform-operator] [42fceac4] 	at io.netty.util.concurrent.SingleThreadEventExecutor.runAllTasks(SingleThreadEventExecutor.java:472)
2025-01-29 17:04:58,373 INFO c.h.h.t.HelmChartContainer - [hivemq-test-hivemq-platform] [hivemq-platform-operator] [42fceac4] 	at io.netty.channel.nio.NioEventLoop.run(NioEventLoop.java:569)
2025-01-29 17:04:58,373 INFO c.h.h.t.HelmChartContainer - [hivemq-test-hivemq-platform] [hivemq-platform-operator] [42fceac4] 	at io.netty.util.concurrent.SingleThreadEventExecutor$4.run(SingleThreadEventExecutor.java:997)
2025-01-29 17:04:58,373 INFO c.h.h.t.HelmChartContainer - [hivemq-test-hivemq-platform] [hivemq-platform-operator] [42fceac4] 	at io.netty.util.internal.ThreadExecutorMap$2.run(ThreadExecutorMap.java:74)
2025-01-29 17:04:58,373 INFO c.h.h.t.HelmChartContainer - [hivemq-test-hivemq-platform] [hivemq-platform-operator] [42fceac4] 	at io.netty.util.concurrent.FastThreadLocalRunnable.run(FastThreadLocalRunnable.java:30)
2025-01-29 17:04:58,373 INFO c.h.h.t.HelmChartContainer - [hivemq-test-hivemq-platform] [hivemq-platform-operator] [42fceac4] 	... 1 more
2025-01-29 17:04:58,373 INFO c.h.h.t.HelmChartContainer - [hivemq-test-hivemq-platform] [hivemq-platform-operator] [42fceac4] 
2025-01-29 17:04:58,373 INFO c.h.h.t.HelmChartContainer - [hivemq-test-hivemq-platform] [hivemq-platform-operator] [42fceac4] 	at io.javaoperatorsdk.operator.monitoring.micrometer.MicrometerMetrics.lambda$timeControllerExecution$0(MicrometerMetrics.java:165)
2025-01-29 17:04:58,373 INFO c.h.h.t.HelmChartContainer - [hivemq-test-hivemq-platform] [hivemq-platform-operator] [42fceac4] 	at io.micrometer.core.instrument.AbstractTimer.record(AbstractTimer.java:190)
2025-01-29 17:04:58,373 INFO c.h.h.t.HelmChartContainer - [hivemq-test-hivemq-platform] [hivemq-platform-operator] [42fceac4] 	at io.javaoperatorsdk.operator.monitoring.micrometer.MicrometerMetrics.timeControllerExecution(MicrometerMetrics.java:161)
2025-01-29 17:04:58,373 INFO c.h.h.t.HelmChartContainer - [hivemq-test-hivemq-platform] [hivemq-platform-operator] [42fceac4] 	at io.javaoperatorsdk.operator.processing.Controller.reconcile(Controller.java:109)
2025-01-29 17:04:58,373 INFO c.h.h.t.HelmChartContainer - [hivemq-test-hivemq-platform] [hivemq-platform-operator] [42fceac4] 	at io.javaoperatorsdk.operator.processing.event.ReconciliationDispatcher.reconcileExecution(ReconciliationDispatcher.java:136)
2025-01-29 17:04:58,373 INFO c.h.h.t.HelmChartContainer - [hivemq-test-hivemq-platform] [hivemq-platform-operator] [42fceac4] 	at io.javaoperatorsdk.operator.processing.event.ReconciliationDispatcher.handleReconcile(ReconciliationDispatcher.java:117)
2025-01-29 17:04:58,373 INFO c.h.h.t.HelmChartContainer - [hivemq-test-hivemq-platform] [hivemq-platform-operator] [42fceac4] 	at io.javaoperatorsdk.operator.processing.event.ReconciliationDispatcher.handleDispatch(ReconciliationDispatcher.java:91)
2025-01-29 17:04:58,373 INFO c.h.h.t.HelmChartContainer - [hivemq-test-hivemq-platform] [hivemq-platform-operator] [42fceac4] 	at io.javaoperatorsdk.operator.processing.event.ReconciliationDispatcher.handleExecution(ReconciliationDispatcher.java:64)
2025-01-29 17:04:58,373 INFO c.h.h.t.HelmChartContainer - [hivemq-test-hivemq-platform] [hivemq-platform-operator] [42fceac4] 	at io.javaoperatorsdk.operator.processing.event.EventProcessor$ReconcilerExecutor.run(EventProcessor.java:452)
2025-01-29 17:04:58,373 INFO c.h.h.t.HelmChartContainer - [hivemq-test-hivemq-platform] [hivemq-platform-operator] [42fceac4] 	at java.base/java.util.concurrent.ThreadPoolExecutor.runWorker(Unknown Source)
2025-01-29 17:04:58,373 INFO c.h.h.t.HelmChartContainer - [hivemq-test-hivemq-platform] [hivemq-platform-operator] [42fceac4] 	at java.base/java.util.concurrent.ThreadPoolExecutor$Worker.run(Unknown Source)
2025-01-29 17:04:58,373 INFO c.h.h.t.HelmChartContainer - [hivemq-test-hivemq-platform] [hivemq-platform-operator] [42fceac4] 	at java.base/java.lang.Thread.run(Unknown Source)
2025-01-29 17:04:58,373 INFO c.h.h.t.HelmChartContainer - [hivemq-test-hivemq-platform] [hivemq-platform-operator] [42fceac4] Caused by: io.javaoperatorsdk.operator.AggregatedOperatorException: Exception(s) during workflow execution. Details:
2025-01-29 17:04:58,373 INFO c.h.h.t.HelmChartContainer - [hivemq-test-hivemq-platform] [hivemq-platform-operator] [42fceac4]  - com.hivemq.platform.operator.dependants.PodInfoConfigMap -> io.fabric8.kubernetes.client.KubernetesClientException: Failure executing: PUT at: https://10.43.0.1:443/api/v1/namespaces/customoperatornamespacesit-alpha/configmaps/hivemq-platform-test-hivemq-platform-alpha-dynamic-state. Message: Operation cannot be fulfilled on configmaps "hivemq-platform-test-hivemq-platform-alpha-dynamic-state": StorageError: invalid object, Code: 4, Key: /registry/configmaps/customoperatornamespacesit-alpha/hivemq-platform-test-hivemq-platform-alpha-dynamic-state, ResourceVersion: 0, AdditionalErrorMsg: Precondition failed: UID in precondition: 30e1e744-dc35-4cac-899c-d130ff49921e, UID in object meta: . Received status: Status(apiVersion=v1, code=409, details=StatusDetails(causes=[], group=null, kind=configmaps, name=hivemq-platform-test-hivemq-platform-alpha-dynamic-state, retryAfterSeconds=null, uid=null, additionalProperties={}), kind=Status, message=Operation cannot be fulfilled on configmaps "hivemq-platform-test-hivemq-platform-alpha-dynamic-state": StorageError: invalid object, Code: 4, Key: /registry/configmaps/customoperatornamespacesit-alpha/hivemq-platform-test-hivemq-platform-alpha-dynamic-state, ResourceVersion: 0, AdditionalErrorMsg: Precondition failed: UID in precondition: 30e1e744-dc35-4cac-899c-d130ff49921e, UID in object meta: , metadata=ListMeta(_continue=null, remainingItemCount=null, resourceVersion=null, selfLink=null, additionalProperties={}), reason=Conflict, status=Failure, additionalProperties={}).
2025-01-29 17:04:58,373 INFO c.h.h.t.HelmChartContainer - [hivemq-test-hivemq-platform] [hivemq-platform-operator] [42fceac4] 	at io.fabric8.kubernetes.client.KubernetesClientException.copyAsCause(KubernetesClientException.java:238)
2025-01-29 17:04:58,373 INFO c.h.h.t.HelmChartContainer - [hivemq-test-hivemq-platform] [hivemq-platform-operator] [42fceac4] 	at io.fabric8.kubernetes.client.dsl.internal.OperationSupport.waitForResult(OperationSupport.java:507)
2025-01-29 17:04:58,373 INFO c.h.h.t.HelmChartContainer - [hivemq-test-hivemq-platform] [hivemq-platform-operator] [42fceac4] 	at io.fabric8.kubernetes.client.dsl.internal.OperationSupport.handleResponse(OperationSupport.java:524)
2025-01-29 17:04:58,373 INFO c.h.h.t.HelmChartContainer - [hivemq-test-hivemq-platform] [hivemq-platform-operator] [42fceac4] 	at io.fabric8.kubernetes.client.dsl.internal.OperationSupport.handleUpdate(OperationSupport.java:358)
2025-01-29 17:04:58,373 INFO c.h.h.t.HelmChartContainer - [hivemq-test-hivemq-platform] [hivemq-platform-operator] [42fceac4] 	at io.fabric8.kubernetes.client.dsl.internal.BaseOperation.handleUpdate(BaseOperation.java:759)
2025-01-29 17:04:58,373 INFO c.h.h.t.HelmChartContainer - [hivemq-test-hivemq-platform] [hivemq-platform-operator] [42fceac4] 	at io.fabric8.kubernetes.client.dsl.internal.HasMetadataOperation.update(HasMetadataOperation.java:138)
2025-01-29 17:04:58,373 INFO c.h.h.t.HelmChartContainer - [hivemq-test-hivemq-platform] [hivemq-platform-operator] [42fceac4] 	at io.fabric8.kubernetes.client.dsl.internal.HasMetadataOperation.update(HasMetadataOperation.java:121)
2025-01-29 17:04:58,373 INFO c.h.h.t.HelmChartContainer - [hivemq-test-hivemq-platform] [hivemq-platform-operator] [42fceac4] 	at io.fabric8.kubernetes.client.dsl.internal.HasMetadataOperation.update(HasMetadataOperation.java:44)
2025-01-29 17:04:58,373 INFO c.h.h.t.HelmChartContainer - [hivemq-test-hivemq-platform] [hivemq-platform-operator] [42fceac4] 	at io.fabric8.kubernetes.client.extension.ResourceAdapter.update(ResourceAdapter.java:345)
2025-01-29 17:04:58,373 INFO c.h.h.t.HelmChartContainer - [hivemq-test-hivemq-platform] [hivemq-platform-operator] [42fceac4] 	at io.javaoperatorsdk.operator.processing.dependent.kubernetes.KubernetesDependentResource.update(KubernetesDependentResource.java:140)
2025-01-29 17:04:58,373 INFO c.h.h.t.HelmChartContainer - [hivemq-test-hivemq-platform] [hivemq-platform-operator] [42fceac4] 	at com.hivemq.platform.operator.dependants.PodInfoConfigMap.update(PodInfoConfigMap.java:167)
2025-01-29 17:04:58,373 INFO c.h.h.t.HelmChartContainer - [hivemq-test-hivemq-platform] [hivemq-platform-operator] [42fceac4] 	at com.hivemq.platform.operator.dependants.PodInfoConfigMap.update(PodInfoConfigMap.java:39)
2025-01-29 17:04:58,373 INFO c.h.h.t.HelmChartContainer - [hivemq-test-hivemq-platform] [hivemq-platform-operator] [42fceac4] 	at io.javaoperatorsdk.operator.processing.dependent.AbstractDependentResource.handleUpdate(AbstractDependentResource.java:148)
2025-01-29 17:04:58,373 INFO c.h.h.t.HelmChartContainer - [hivemq-test-hivemq-platform] [hivemq-platform-operator] [42fceac4] 	at io.javaoperatorsdk.operator.processing.dependent.AbstractDependentResource.reconcile(AbstractDependentResource.java:72)
2025-01-29 17:04:58,373 INFO c.h.h.t.HelmChartContainer - [hivemq-test-hivemq-platform] [hivemq-platform-operator] [42fceac4] 	at io.javaoperatorsdk.operator.processing.dependent.SingleDependentResourceReconciler.reconcile(SingleDependentResourceReconciler.java:19)
2025-01-29 17:04:58,373 INFO c.h.h.t.HelmChartContainer - [hivemq-test-hivemq-platform] [hivemq-platform-operator] [42fceac4] 	at io.javaoperatorsdk.operator.processing.dependent.AbstractDependentResource.reconcile(AbstractDependentResource.java:52)
2025-01-29 17:04:58,373 INFO c.h.h.t.HelmChartContainer - [hivemq-test-hivemq-platform] [hivemq-platform-operator] [42fceac4] 	at com.hivemq.platform.operator.dependants.PodInfoConfigMap.reconcile(PodInfoConfigMap.java:74)
2025-01-29 17:04:58,373 INFO c.h.h.t.HelmChartContainer - [hivemq-test-hivemq-platform] [hivemq-platform-operator] [42fceac4] 	at com.hivemq.platform.operator.dependants.PodInfoConfigMap.reconcile(PodInfoConfigMap.java:39)
2025-01-29 17:04:58,373 INFO c.h.h.t.HelmChartContainer - [hivemq-test-hivemq-platform] [hivemq-platform-operator] [42fceac4] 	at io.javaoperatorsdk.operator.processing.dependent.workflow.WorkflowReconcileExecutor$NodeReconcileExecutor.doRun(WorkflowReconcileExecutor.java:123)
2025-01-29 17:04:58,373 INFO c.h.h.t.HelmChartContainer - [hivemq-test-hivemq-platform] [hivemq-platform-operator] [42fceac4] 	at io.javaoperatorsdk.operator.processing.dependent.workflow.NodeExecutor.run(NodeExecutor.java:22)
2025-01-29 17:04:58,374 INFO c.h.h.t.HelmChartContainer - [hivemq-test-hivemq-platform] [hivemq-platform-operator] [42fceac4] 	at java.base/java.util.concurrent.Executors$RunnableAdapter.call(Unknown Source)
2025-01-29 17:04:58,374 INFO c.h.h.t.HelmChartContainer - [hivemq-test-hivemq-platform] [hivemq-platform-operator] [42fceac4] 	at java.base/java.util.concurrent.FutureTask.run(Unknown Source)
2025-01-29 17:04:58,374 INFO c.h.h.t.HelmChartContainer - [hivemq-test-hivemq-platform] [hivemq-platform-operator] [42fceac4] 	at java.base/java.util.concurrent.ThreadPoolExecutor.runWorker(Unknown Source)
2025-01-29 17:04:58,374 INFO c.h.h.t.HelmChartContainer - [hivemq-test-hivemq-platform] [hivemq-platform-operator] [42fceac4] 	at java.base/java.util.concurrent.ThreadPoolExecutor$Worker.run(Unknown Source)
2025-01-29 17:04:58,374 INFO c.h.h.t.HelmChartContainer - [hivemq-test-hivemq-platform] [hivemq-platform-operator] [42fceac4] 	at java.base/java.lang.Thread.run(Unknown Source)
2025-01-29 17:04:58,374 INFO c.h.h.t.HelmChartContainer - [hivemq-test-hivemq-platform] [hivemq-platform-operator] [42fceac4] Caused by: io.fabric8.kubernetes.client.KubernetesClientException: Failure executing: PUT at: https://10.43.0.1:443/api/v1/namespaces/customoperatornamespacesit-alpha/configmaps/hivemq-platform-test-hivemq-platform-alpha-dynamic-state. Message: Operation cannot be fulfilled on configmaps "hivemq-platform-test-hivemq-platform-alpha-dynamic-state": StorageError: invalid object, Code: 4, Key: /registry/configmaps/customoperatornamespacesit-alpha/hivemq-platform-test-hivemq-platform-alpha-dynamic-state, ResourceVersion: 0, AdditionalErrorMsg: Precondition failed: UID in precondition: 30e1e744-dc35-4cac-899c-d130ff49921e, UID in object meta: . Received status: Status(apiVersion=v1, code=409, details=StatusDetails(causes=[], group=null, kind=configmaps, name=hivemq-platform-test-hivemq-platform-alpha-dynamic-state, retryAfterSeconds=null, uid=null, additionalProperties={}), kind=Status, message=Operation cannot be fulfilled on configmaps "hivemq-platform-test-hivemq-platform-alpha-dynamic-state": StorageError: invalid object, Code: 4, Key: /registry/configmaps/customoperatornamespacesit-alpha/hivemq-platform-test-hivemq-platform-alpha-dynamic-state, ResourceVersion: 0, AdditionalErrorMsg: Precondition failed: UID in precondition: 30e1e744-dc35-4cac-899c-d130ff49921e, UID in object meta: , metadata=ListMeta(_continue=null, remainingItemCount=null, resourceVersion=null, selfLink=null, additionalProperties={}), reason=Conflict, status=Failure, additionalProperties={}).
2025-01-29 17:04:58,374 INFO c.h.h.t.HelmChartContainer - [hivemq-test-hivemq-platform] [hivemq-platform-operator] [42fceac4] 	at io.fabric8.kubernetes.client.dsl.internal.OperationSupport.requestFailure(OperationSupport.java:660)
2025-01-29 17:04:58,374 INFO c.h.h.t.HelmChartContainer - [hivemq-test-hivemq-platform] [hivemq-platform-operator] [42fceac4] 	at io.fabric8.kubernetes.client.dsl.internal.OperationSupport.requestFailure(OperationSupport.java:640)
2025-01-29 17:04:58,374 INFO c.h.h.t.HelmChartContainer - [hivemq-test-hivemq-platform] [hivemq-platform-operator] [42fceac4] 	at io.fabric8.kubernetes.client.dsl.internal.OperationSupport.assertResponseCode(OperationSupport.java:589)
2025-01-29 17:04:58,374 INFO c.h.h.t.HelmChartContainer - [hivemq-test-hivemq-platform] [hivemq-platform-operator] [42fceac4] 	at io.fabric8.kubernetes.client.dsl.internal.OperationSupport.lambda$handleResponse$0(OperationSupport.java:549)
2025-01-29 17:04:58,374 INFO c.h.h.t.HelmChartContainer - [hivemq-test-hivemq-platform] [hivemq-platform-operator] [42fceac4] 	at java.base/java.util.concurrent.CompletableFuture$UniApply.tryFire(Unknown Source)
2025-01-29 17:04:58,374 INFO c.h.h.t.HelmChartContainer - [hivemq-test-hivemq-platform] [hivemq-platform-operator] [42fceac4] 	at java.base/java.util.concurrent.CompletableFuture.postComplete(Unknown Source)
2025-01-29 17:04:58,374 INFO c.h.h.t.HelmChartContainer - [hivemq-test-hivemq-platform] [hivemq-platform-operator] [42fceac4] 	at java.base/java.util.concurrent.CompletableFuture.complete(Unknown Source)
2025-01-29 17:04:58,374 INFO c.h.h.t.HelmChartContainer - [hivemq-test-hivemq-platform] [hivemq-platform-operator] [42fceac4] 	at io.fabric8.kubernetes.client.http.StandardHttpClient.lambda$completeOrCancel$10(StandardHttpClient.java:141)
2025-01-29 17:04:58,374 INFO c.h.h.t.HelmChartContainer - [hivemq-test-hivemq-platform] [hivemq-platform-operator] [42fceac4] 	at java.base/java.util.concurrent.CompletableFuture.uniWhenComplete(Unknown Source)
2025-01-29 17:04:58,374 INFO c.h.h.t.HelmChartContainer - [hivemq-test-hivemq-platform] [hivemq-platform-operator] [42fceac4] 	at java.base/java.util.concurrent.CompletableFuture$UniWhenComplete.tryFire(Unknown Source)
2025-01-29 17:04:58,374 INFO c.h.h.t.HelmChartContainer - [hivemq-test-hivemq-platform] [hivemq-platform-operator] [42fceac4] 	at java.base/java.util.concurrent.CompletableFuture.postComplete(Unknown Source)
2025-01-29 17:04:58,374 INFO c.h.h.t.HelmChartContainer - [hivemq-test-hivemq-platform] [hivemq-platform-operator] [42fceac4] 	at java.base/java.util.concurrent.CompletableFuture.complete(Unknown Source)
2025-01-29 17:04:58,374 INFO c.h.h.t.HelmChartContainer - [hivemq-test-hivemq-platform] [hivemq-platform-operator] [42fceac4] 	at io.fabric8.kubernetes.client.http.ByteArrayBodyHandler.onBodyDone(ByteArrayBodyHandler.java:51)
2025-01-29 17:04:58,374 INFO c.h.h.t.HelmChartContainer - [hivemq-test-hivemq-platform] [hivemq-platform-operator] [42fceac4] 	at java.base/java.util.concurrent.CompletableFuture.uniWhenComplete(Unknown Source)
2025-01-29 17:04:58,374 INFO c.h.h.t.HelmChartContainer - [hivemq-test-hivemq-platform] [hivemq-platform-operator] [42fceac4] 	at java.base/java.util.concurrent.CompletableFuture$UniWhenComplete.tryFire(Unknown Source)
2025-01-29 17:04:58,374 INFO c.h.h.t.HelmChartContainer - [hivemq-test-hivemq-platform] [hivemq-platform-operator] [42fceac4] 	at java.base/java.util.concurrent.CompletableFuture.postComplete(Unknown Source)
2025-01-29 17:04:58,374 INFO c.h.h.t.HelmChartContainer - [hivemq-test-hivemq-platform] [hivemq-platform-operator] [42fceac4] 	at java.base/java.util.concurrent.CompletableFuture.complete(Unknown Source)
2025-01-29 17:04:58,374 INFO c.h.h.t.HelmChartContainer - [hivemq-test-hivemq-platform] [hivemq-platform-operator] [42fceac4] 	at io.fabric8.kubernetes.client.vertx.VertxHttpRequest.lambda$null$1(VertxHttpRequest.java:121)
2025-01-29 17:04:58,374 INFO c.h.h.t.HelmChartContainer - [hivemq-test-hivemq-platform] [hivemq-platform-operator] [42fceac4] 	at io.vertx.core.impl.ContextInternal.dispatch(ContextInternal.java:279)
2025-01-29 17:04:58,374 INFO c.h.h.t.HelmChartContainer - [hivemq-test-hivemq-platform] [hivemq-platform-operator] [42fceac4] 	at io.vertx.core.impl.ContextInternal.dispatch(ContextInternal.java:261)
2025-01-29 17:04:58,374 INFO c.h.h.t.HelmChartContainer - [hivemq-test-hivemq-platform] [hivemq-platform-operator] [42fceac4] 	at io.vertx.core.http.impl.HttpEventHandler.handleEnd(HttpEventHandler.java:76)
2025-01-29 17:04:58,374 INFO c.h.h.t.HelmChartContainer - [hivemq-test-hivemq-platform] [hivemq-platform-operator] [42fceac4] 	at io.vertx.core.http.impl.HttpClientResponseImpl.handleEnd(HttpClientResponseImpl.java:250)
2025-01-29 17:04:58,374 INFO c.h.h.t.HelmChartContainer - [hivemq-test-hivemq-platform] [hivemq-platform-operator] [42fceac4] 	at io.vertx.core.http.impl.Http1xClientConnection$StreamImpl.lambda$new$0(Http1xClientConnection.java:421)
2025-01-29 17:04:58,375 INFO c.h.h.t.HelmChartContainer - [hivemq-test-hivemq-platform] [hivemq-platform-operator] [42fceac4] 	at io.vertx.core.streams.impl.InboundBuffer.handleEvent(InboundBuffer.java:279)
2025-01-29 17:04:58,375 INFO c.h.h.t.HelmChartContainer - [hivemq-test-hivemq-platform] [hivemq-platform-operator] [42fceac4] 	at io.vertx.core.streams.impl.InboundBuffer.write(InboundBuffer.java:157)
2025-01-29 17:04:58,375 INFO c.h.h.t.HelmChartContainer - [hivemq-test-hivemq-platform] [hivemq-platform-operator] [42fceac4] 	at io.vertx.core.http.impl.Http1xClientConnection$StreamImpl.handleEnd(Http1xClientConnection.java:709)
2025-01-29 17:04:58,375 INFO c.h.h.t.HelmChartContainer - [hivemq-test-hivemq-platform] [hivemq-platform-operator] [42fceac4] 	at io.vertx.core.impl.ContextImpl.lambda$execute$4(ContextImpl.java:315)
2025-01-29 17:04:58,375 INFO c.h.h.t.HelmChartContainer - [hivemq-test-hivemq-platform] [hivemq-platform-operator] [42fceac4] 	at io.netty.util.concurrent.AbstractEventExecutor.runTask(AbstractEventExecutor.java:173)
2025-01-29 17:04:58,375 INFO c.h.h.t.HelmChartContainer - [hivemq-test-hivemq-platform] [hivemq-platform-operator] [42fceac4] 	at io.netty.util.concurrent.AbstractEventExecutor.safeExecute(AbstractEventExecutor.java:166)
2025-01-29 17:04:58,375 INFO c.h.h.t.HelmChartContainer - [hivemq-test-hivemq-platform] [hivemq-platform-operator] [42fceac4] 	at io.netty.util.concurrent.SingleThreadEventExecutor.runAllTasks(SingleThreadEventExecutor.java:472)
2025-01-29 17:04:58,375 INFO c.h.h.t.HelmChartContainer - [hivemq-test-hivemq-platform] [hivemq-platform-operator] [42fceac4] 	at io.netty.channel.nio.NioEventLoop.run(NioEventLoop.java:569)
2025-01-29 17:04:58,375 INFO c.h.h.t.HelmChartContainer - [hivemq-test-hivemq-platform] [hivemq-platform-operator] [42fceac4] 	at io.netty.util.concurrent.SingleThreadEventExecutor$4.run(SingleThreadEventExecutor.java:997)
2025-01-29 17:04:58,375 INFO c.h.h.t.HelmChartContainer - [hivemq-test-hivemq-platform] [hivemq-platform-operator] [42fceac4] 	at io.netty.util.internal.ThreadExecutorMap$2.run(ThreadExecutorMap.java:74)
2025-01-29 17:04:58,375 INFO c.h.h.t.HelmChartContainer - [hivemq-test-hivemq-platform] [hivemq-platform-operator] [42fceac4] 	at io.netty.util.concurrent.FastThreadLocalRunnable.run(FastThreadLocalRunnable.java:30)
2025-01-29 17:04:58,375 INFO c.h.h.t.HelmChartContainer - [hivemq-test-hivemq-platform] [hivemq-platform-operator] [42fceac4] 	... 1 more
2025-01-29 17:04:58,375 INFO c.h.h.t.HelmChartContainer - [hivemq-test-hivemq-platform] [hivemq-platform-operator] [42fceac4] 
2025-01-29 17:04:58,375 INFO c.h.h.t.HelmChartContainer - [hivemq-test-hivemq-platform] [hivemq-platform-operator] [42fceac4] 	at io.javaoperatorsdk.operator.processing.dependent.workflow.WorkflowResult.throwAggregateExceptionIfErrorsPresent(WorkflowResult.java:54)
2025-01-29 17:04:58,375 INFO c.h.h.t.HelmChartContainer - [hivemq-test-hivemq-platform] [hivemq-platform-operator] [42fceac4] 	at io.javaoperatorsdk.operator.processing.dependent.workflow.WorkflowReconcileResult.throwAggregateExceptionIfErrorsPresent(WorkflowReconcileResult.java:9)
2025-01-29 17:04:58,375 INFO c.h.h.t.HelmChartContainer - [hivemq-test-hivemq-platform] [hivemq-platform-operator] [42fceac4] 	at io.javaoperatorsdk.operator.processing.dependent.workflow.DefaultWorkflow.reconcile(DefaultWorkflow.java:98)
2025-01-29 17:04:58,375 INFO c.h.h.t.HelmChartContainer - [hivemq-test-hivemq-platform] [hivemq-platform-operator] [42fceac4] 	at io.javaoperatorsdk.operator.processing.Controller$1.execute(Controller.java:147)
2025-01-29 17:04:58,375 INFO c.h.h.t.HelmChartContainer - [hivemq-test-hivemq-platform] [hivemq-platform-operator] [42fceac4] 	at io.javaoperatorsdk.operator.processing.Controller$1.execute(Controller.java:110)
2025-01-29 17:04:58,375 INFO c.h.h.t.HelmChartContainer - [hivemq-test-hivemq-platform] [hivemq-platform-operator] [42fceac4] 	at io.javaoperatorsdk.operator.monitoring.micrometer.MicrometerMetrics.lambda$timeControllerExecution$0(MicrometerMetrics.java:163)
2025-01-29 17:04:58,375 INFO c.h.h.t.HelmChartContainer - [hivemq-test-hivemq-platform] [hivemq-platform-operator] [42fceac4] 	... 11 common frames omitted
2025-01-29 17:04:58,379 INFO c.h.h.t.HelmChartContainer - [hivemq-test-hivemq-platform] [hivemq-platform-operator] [42fceac4] 17:04:58.379 [ReconcilerExecutor-hivemq-controller-143] INFO  c.h.p.o.HiveMQPlatformReconciler - [customop] Cleanup test-hivemq-platform-alpha - customoperatornamespacesit-alpha HiveMQ Platform is shut down
2025-01-29 17:04:58,722 INFO c.h.h.t.HelmChartContainer - [POD] test-hivemq-platform-alpha-0 [c2bf1c29-5ac9-419a-8781-f435a11e6e56] in customoperatornamespacesit-alpha was MODIFIED
2025-01-29 17:04:58,726 INFO c.h.h.t.HelmChartContainer - [EVENT] Normal [Killing] Stopping container hivemq [customoperatornamespacesit-alpha:test-hivemq-platform-alpha-0]
2025-01-29 17:04:58,726 INFO c.h.h.t.HelmChartContainer - Received Killing event for container hivemq in pod test-hivemq-platform-alpha-0 [c2bf1c29-5ac9-419a-8781-f435a11e6e56]
2025-01-29 17:04:58,726 INFO c.h.h.t.HelmChartContainer - Container [test-hivemq-platform-alpha-0] [hivemq] [c2bf1c29-5ac9-419a-8781-f435a11e6e56] was terminated
2025-01-29 17:04:58,726 INFO c.h.h.t.HelmChartContainer - Stopped log watcher for hivemq in pod test-hivemq-platform-alpha-0 [c2bf1c29-5ac9-419a-8781-f435a11e6e56]
2025-01-29 17:04:58,731 INFO c.h.h.t.HelmChartContainer - [test-hivemq-platform] [hivemq] [c2bf1c29] INFO  - [HiveMQ Platform Operator Init App 1.7.0-SNAPSHOT] Shutting down
2025-01-29 17:04:58,731 INFO c.h.h.t.HelmChartContainer - [test-hivemq-platform] [hivemq] [c2bf1c29] INFO  - [HiveMQ Platform Operator Init App 1.7.0-SNAPSHOT] Stopping the HiveMQ Platform
2025-01-29 17:04:58,823 INFO c.h.h.t.HelmChartContainer - [K3S] [authentication.go:74] "Unable to authenticate the request" err="[invalid bearer token, serviceaccounts \"hivemq-platform-pod-test-hivemq-platform-alpha\" not found]"
2025-01-29 17:04:58,923 INFO c.h.h.t.HelmChartContainer - [test-hivemq-platform] [hivemq] [c2bf1c29] INFO  - Shutting down HiveMQ. Please wait, this could take a while...
2025-01-29 17:04:58,946 INFO c.h.h.t.HelmChartContainer - [test-hivemq-platform] [hivemq] [c2bf1c29] INFO  - Shutting down listeners and clients
2025-01-29 17:04:58,946 INFO c.h.h.t.HelmChartContainer - [test-hivemq-platform] [hivemq] [c2bf1c29] INFO  - Shutdown of listeners is done
2025-01-29 17:04:58,946 INFO c.h.h.t.HelmChartContainer - [test-hivemq-platform] [hivemq] [c2bf1c29] INFO  - No clients are connected, proceeding with shutdown
2025-01-29 17:04:59,024 INFO c.h.h.t.HelmChartContainer - [K3S] [authentication.go:74] "Unable to authenticate the request" err="[invalid bearer token, serviceaccounts \"hivemq-platform-pod-test-hivemq-platform-alpha\" not found]"
2025-01-29 17:04:59,050 INFO c.h.h.t.HelmChartContainer - [test-hivemq-platform] [hivemq] [c2bf1c29] WARN  - [HiveMQ Platform Operator Init App 1.7.0-SNAPSHOT] Could not update Pod annotations: Failure executing: GET at: https://10.43.0.1:443/api/v1/namespaces/customoperatornamespacesit-alpha/pods/test-hivemq-platform-alpha-0. Message: Unauthorized. Received status: Status(apiVersion=v1, code=401, details=null, kind=Status, message=Unauthorized, metadata=ListMeta(_continue=null, remainingItemCount=null, resourceVersion=null, selfLink=null, additionalProperties={}), reason=Unauthorized, status=Failure, additionalProperties={}).
2025-01-29 17:05:00,238 INFO c.h.h.t.HelmChartContainer - Deleting namespace 'customoperatornamespacesit-alpha'...
2025-01-29 17:05:01,949 INFO c.h.h.t.HelmChartContainer - [test-hivemq-platform] [hivemq] [c2bf1c29] INFO  - Shutting down extension system
2025-01-29 17:05:01,960 INFO c.h.h.t.HelmChartContainer - [test-hivemq-platform] [hivemq] [c2bf1c29] INFO  - Stopping extension with id hivemq-dns-cluster-discovery
2025-01-29 17:05:01,960 INFO c.h.h.t.HelmChartContainer - [test-hivemq-platform] [hivemq] [c2bf1c29] INFO  - Extension "DNS Cluster Discovery Extension" version 4.3.2 stopped successfully.
2025-01-29 17:05:01,960 INFO c.h.h.t.HelmChartContainer - [test-hivemq-platform] [hivemq] [c2bf1c29] INFO  - Stopping extension with id hivemq-prometheus-extension
2025-01-29 17:05:01,967 INFO c.h.h.t.HelmChartContainer - [test-hivemq-platform] [hivemq] [c2bf1c29] INFO  - Extension "Prometheus Monitoring Extension" version 4.0.12 stopped successfully.
2025-01-29 17:05:01,967 INFO c.h.h.t.HelmChartContainer - [test-hivemq-platform] [hivemq] [c2bf1c29] INFO  - Stopping extension with id hivemq-allow-all-extension
2025-01-29 17:05:01,967 INFO c.h.h.t.HelmChartContainer - [test-hivemq-platform] [hivemq] [c2bf1c29] INFO  - Extension "Allow All Extension" version 1.1.1 stopped successfully.
2025-01-29 17:05:03,276 INFO c.h.h.t.HelmChartContainer - [test-hivemq-platform] [hivemq] [c2bf1c29] INFO  - [HiveMQ Platform Operator Init App 1.7.0-SNAPSHOT] Returning shutdown Health API response 503 for readiness
2025-01-29 17:05:03,281 INFO c.h.h.t.HelmChartContainer - [EVENT] Warning [Unhealthy] Readiness probe failed: HTTP probe failed with statuscode: 503 [customoperatornamespacesit-alpha:test-hivemq-platform-alpha-0]
2025-01-29 17:05:03,281 INFO c.h.h.t.HelmChartContainer - Received Unhealthy event for container hivemq in pod test-hivemq-platform-alpha-0 [c2bf1c29-5ac9-419a-8781-f435a11e6e56]
2025-01-29 17:05:04,054 INFO c.h.h.t.HelmChartContainer - [K3S] [authentication.go:74] "Unable to authenticate the request" err="[invalid bearer token, serviceaccounts \"hivemq-platform-pod-test-hivemq-platform-alpha\" not found]"
2025-01-29 17:05:04,149 INFO c.h.h.t.HelmChartContainer - [K3S] [authentication.go:74] "Unable to authenticate the request" err="[invalid bearer token, serviceaccounts \"hivemq-platform-pod-test-hivemq-platform-alpha\" not found]"
2025-01-29 17:05:04,222 INFO c.h.h.t.HelmChartContainer - [test-hivemq-platform] [hivemq] [c2bf1c29] WARN  - [HiveMQ Platform Operator Init App 1.7.0-SNAPSHOT] Could not update Pod annotations: Failure executing: GET at: https://10.43.0.1:443/api/v1/namespaces/customoperatornamespacesit-alpha/pods/test-hivemq-platform-alpha-0. Message: Unauthorized. Received status: Status(apiVersion=v1, code=401, details=null, kind=Status, message=Unauthorized, metadata=ListMeta(_continue=null, remainingItemCount=null, resourceVersion=null, selfLink=null, additionalProperties={}), reason=Unauthorized, status=Failure, additionalProperties={}).
2025-01-29 17:05:04,430 INFO c.h.h.t.HelmChartContainer - [test-hivemq-platform] [hivemq] [c2bf1c29] INFO  - Shutdown completed.
2025-01-29 17:05:04,778 INFO c.h.h.t.HelmChartContainer - [test-hivemq-platform] [hivemq] [c2bf1c29] INFO  - [HiveMQ Platform Operator Init App 1.7.0-SNAPSHOT] The HiveMQ Platform exited with code 143
2025-01-29 17:05:04,778 INFO c.h.h.t.HelmChartContainer - [test-hivemq-platform] [hivemq] [c2bf1c29] INFO  - [HiveMQ Platform Operator Init App 1.7.0-SNAPSHOT] Stopping the REST API
2025-01-29 17:05:04,786 INFO c.h.h.t.HelmChartContainer - [test-hivemq-platform] [hivemq] [c2bf1c29] INFO  - [HiveMQ Platform Operator Init App 1.7.0-SNAPSHOT] Shutdown complete
2025-01-29 17:05:05,249 INFO c.h.h.t.HelmChartContainer - [POD] test-hivemq-platform-alpha-0 [c2bf1c29-5ac9-419a-8781-f435a11e6e56] in customoperatornamespacesit-alpha was MODIFIED
2025-01-29 17:05:05,252 INFO c.h.h.t.HelmChartContainer - [K3S] [stateful_set.go:438] "Unhandled Error" err="error syncing StatefulSet customoperatornamespacesit-alpha/test-hivemq-platform-alpha, requeuing: controllerrevisions.apps \"test-hivemq-platform-alpha-5bcd5cb867\" is forbidden: unable to create new content in namespace customoperatornamespacesit-alpha because it is being terminated"
2025-01-29 17:05:05,258 INFO c.h.h.t.HelmChartContainer - [K3S] [stateful_set.go:438] "Unhandled Error" err="error syncing StatefulSet customoperatornamespacesit-alpha/test-hivemq-platform-alpha, requeuing: controllerrevisions.apps \"test-hivemq-platform-alpha-5bcd5cb867\" is forbidden: unable to create new content in namespace customoperatornamespacesit-alpha because it is being terminated"
2025-01-29 17:05:05,272 INFO c.h.h.t.HelmChartContainer - [K3S] [stateful_set.go:438] "Unhandled Error" err="error syncing StatefulSet customoperatornamespacesit-alpha/test-hivemq-platform-alpha, requeuing: controllerrevisions.apps \"test-hivemq-platform-alpha-5bcd5cb867\" is forbidden: unable to create new content in namespace customoperatornamespacesit-alpha because it is being terminated"
2025-01-29 17:05:05,295 INFO c.h.h.t.HelmChartContainer - [K3S] [stateful_set.go:438] "Unhandled Error" err="error syncing StatefulSet customoperatornamespacesit-alpha/test-hivemq-platform-alpha, requeuing: controllerrevisions.apps \"test-hivemq-platform-alpha-5bcd5cb867\" is forbidden: unable to create new content in namespace customoperatornamespacesit-alpha because it is being terminated"
2025-01-29 17:05:05,338 INFO c.h.h.t.HelmChartContainer - [K3S] [stateful_set.go:438] "Unhandled Error" err="error syncing StatefulSet customoperatornamespacesit-alpha/test-hivemq-platform-alpha, requeuing: controllerrevisions.apps \"test-hivemq-platform-alpha-5bcd5cb867\" is forbidden: unable to create new content in namespace customoperatornamespacesit-alpha because it is being terminated"
2025-01-29 17:05:05,368 INFO c.h.h.t.HelmChartContainer - [K3S] [stateful_set.go:466] "StatefulSet has been deleted" key="customoperatornamespacesit-alpha/test-hivemq-platform-alpha"
2025-01-29 17:05:05,387 INFO c.h.h.t.HelmChartContainer - [K3S] [reconciler_common.go:162] "operationExecutor.UnmountVolume started for volume \"kube-api-access-c464r\" (UniqueName: \"kubernetes.io/projected/c2bf1c29-5ac9-419a-8781-f435a11e6e56-kube-api-access-c464r\") pod \"c2bf1c29-5ac9-419a-8781-f435a11e6e56\" (UID: \"c2bf1c29-5ac9-419a-8781-f435a11e6e56\") "
2025-01-29 17:05:05,387 INFO c.h.h.t.HelmChartContainer - [K3S] [reconciler_common.go:162] "operationExecutor.UnmountVolume started for volume \"broker-configuration\" (UniqueName: \"kubernetes.io/configmap/c2bf1c29-5ac9-419a-8781-f435a11e6e56-broker-configuration\") pod \"c2bf1c29-5ac9-419a-8781-f435a11e6e56\" (UID: \"c2bf1c29-5ac9-419a-8781-f435a11e6e56\") "
2025-01-29 17:05:05,387 INFO c.h.h.t.HelmChartContainer - [K3S] [reconciler_common.go:162] "operationExecutor.UnmountVolume started for volume \"operator-init\" (UniqueName: \"kubernetes.io/empty-dir/c2bf1c29-5ac9-419a-8781-f435a11e6e56-operator-init\") pod \"c2bf1c29-5ac9-419a-8781-f435a11e6e56\" (UID: \"c2bf1c29-5ac9-419a-8781-f435a11e6e56\") "
2025-01-29 17:05:05,387 INFO c.h.h.t.HelmChartContainer - [K3S] [reconciler_common.go:162] "operationExecutor.UnmountVolume started for volume \"pod-info\" (UniqueName: \"kubernetes.io/configmap/c2bf1c29-5ac9-419a-8781-f435a11e6e56-pod-info\") pod \"c2bf1c29-5ac9-419a-8781-f435a11e6e56\" (UID: \"c2bf1c29-5ac9-419a-8781-f435a11e6e56\") "
2025-01-29 17:05:05,398 INFO c.h.h.t.HelmChartContainer - [K3S] [namespace_controller.go:164] "Unhandled Error" err="deletion of namespace customoperatornamespacesit-alpha failed: unexpected items still remain in namespace: customoperatornamespacesit-alpha for gvr: /v1, Resource=pods"
2025-01-29 17:05:05,419 INFO c.h.h.t.HelmChartContainer - [K3S] [stateful_set.go:466] "StatefulSet has been deleted" key="customoperatornamespacesit-alpha/test-hivemq-platform-alpha"
2025-01-29 17:05:05,487 INFO c.h.h.t.HelmChartContainer - [K3S] [reconciler_common.go:299] "Volume detached for volume \"kube-api-access-c464r\" (UniqueName: \"kubernetes.io/projected/c2bf1c29-5ac9-419a-8781-f435a11e6e56-kube-api-access-c464r\") on node \"dd90f63196ce\" DevicePath \"\""
2025-01-29 17:05:05,487 INFO c.h.h.t.HelmChartContainer - [K3S] [reconciler_common.go:299] "Volume detached for volume \"operator-init\" (UniqueName: \"kubernetes.io/empty-dir/c2bf1c29-5ac9-419a-8781-f435a11e6e56-operator-init\") on node \"dd90f63196ce\" DevicePath \"\""
2025-01-29 17:05:05,487 INFO c.h.h.t.HelmChartContainer - [K3S] [reconciler_common.go:299] "Volume detached for volume \"pod-info\" (UniqueName: \"kubernetes.io/configmap/c2bf1c29-5ac9-419a-8781-f435a11e6e56-pod-info\") on node \"dd90f63196ce\" DevicePath \"\""
2025-01-29 17:05:05,487 INFO c.h.h.t.HelmChartContainer - [K3S] [reconciler_common.go:299] "Volume detached for volume \"broker-configuration\" (UniqueName: \"kubernetes.io/configmap/c2bf1c29-5ac9-419a-8781-f435a11e6e56-broker-configuration\") on node \"dd90f63196ce\" DevicePath \"\""
2025-01-29 17:05:05,564 INFO c.h.h.t.HelmChartContainer - [K3S] [namespace_controller.go:164] "Unhandled Error" err="deletion of namespace customoperatornamespacesit-alpha failed: unexpected items still remain in namespace: customoperatornamespacesit-alpha for gvr: /v1, Resource=pods"
2025-01-29 17:05:05,659 INFO c.h.h.t.HelmChartContainer - [K3S] [namespace_controller.go:164] "Unhandled Error" err="deletion of namespace customoperatornamespacesit-alpha failed: unexpected items still remain in namespace: customoperatornamespacesit-alpha for gvr: /v1, Resource=pods"
2025-01-29 17:05:05,714 INFO c.h.h.t.HelmChartContainer - [K3S] [scope.go:117] "RemoveContainer" containerID="f50a28add440897f52169ad76afdb66e5605c8b558b05b25fab6d195cd286b87"
2025-01-29 17:05:05,728 INFO c.h.h.t.HelmChartContainer - [POD] test-hivemq-platform-alpha-0 [c2bf1c29-5ac9-419a-8781-f435a11e6e56] in customoperatornamespacesit-alpha was MODIFIED
2025-01-29 17:05:05,734 INFO c.h.h.t.HelmChartContainer - [POD] test-hivemq-platform-alpha-0 [c2bf1c29-5ac9-419a-8781-f435a11e6e56] in customoperatornamespacesit-alpha was DELETED
2025-01-29 17:05:05,849 INFO c.h.h.t.HelmChartContainer - [K3S] [scope.go:117] "RemoveContainer" containerID="7b3c539e45f671e24b2dadad25a3f74336e538e4cad07d4bcaaa7fbd42e5501d"
2025-01-29 17:05:05,853 INFO c.h.h.t.HelmChartContainer - [K3S] [scope.go:117] "RemoveContainer" containerID="f50a28add440897f52169ad76afdb66e5605c8b558b05b25fab6d195cd286b87"
2025-01-29 17:05:05,854 INFO c.h.h.t.HelmChartContainer - [K3S] [scope.go:117] "RemoveContainer" containerID="7b3c539e45f671e24b2dadad25a3f74336e538e4cad07d4bcaaa7fbd42e5501d"
2025-01-29 17:05:05,867 INFO c.h.h.t.HelmChartContainer - Namespace 'customoperatornamespacesit-alpha' deleted
2025-01-29 17:05:05,867 INFO c.h.h.t.HelmChartContainer - Release 'test-hivemq-platform-alpha' in namespace 'customoperatornamespacesit-alpha' is uninstalled
2025-01-29 17:05:05,867 INFO c.h.h.t.HelmChartContainer - Uninstalling release 'test-hivemq-platform-beta' in namespace 'customoperatornamespacesit-beta'...
2025-01-29 17:05:05,867 DEBUG c.h.h.t.HelmChartContainer - Executing helm command: /bin/helm --kubeconfig /etc/rancher/k3s/k3s.yaml uninstall test-hivemq-platform-beta  --wait --timeout 5m0s --cascade foreground --namespace customoperatornamespacesit-beta
2025-01-29 17:05:06,076 INFO c.h.h.t.HelmChartContainer - [hivemq-test-hivemq-platform] [hivemq-platform-operator] [42fceac4] 17:05:06.073 [pool-6-thread-6] DEBUG c.h.p.o.dependants.PodInfoConfigMap - [customop] Desired PodInfo ConfigMap (1 extensions) (1 enabled)
2025-01-29 17:05:06,087 INFO c.h.h.t.HelmChartContainer - [hivemq-test-hivemq-platform] [hivemq-platform-operator] [42fceac4] 17:05:06.073 [pool-6-thread-21] DEBUG c.h.p.o.d.PodServiceAccountResource - [customop] Desired PodServiceAccountResource (serviceAccountName: hivemq-platform-pod-test-hivemq-platform-beta)
2025-01-29 17:05:06,087 INFO c.h.h.t.HelmChartContainer - [hivemq-test-hivemq-platform] [hivemq-platform-operator] [42fceac4] 17:05:06.074 [pool-6-thread-24] DEBUG c.h.p.o.d.PlatformServiceResource - [customop] Desired Platform services (3 services)
2025-01-29 17:05:06,087 INFO c.h.h.t.HelmChartContainer - [hivemq-test-hivemq-platform] [hivemq-platform-operator] [42fceac4] 17:05:06.082 [pool-6-thread-6] DEBUG c.h.p.o.dependants.PodInfoConfigMap - [customop] Desired PodInfo ConfigMap (metrics port: 9399) (metrics path: /)
2025-01-29 17:05:06,087 INFO c.h.h.t.HelmChartContainer - [hivemq-test-hivemq-platform] [hivemq-platform-operator] [42fceac4] 17:05:06.082 [pool-6-thread-6] DEBUG c.h.p.o.dependants.PodInfoConfigMap - [customop] Desired PodInfo ConfigMap (extension state hash: -1817474005)
2025-01-29 17:05:06,091 INFO c.h.h.t.HelmChartContainer - [hivemq-test-hivemq-platform] [hivemq-platform-operator] [42fceac4] 17:05:06.090 [pool-6-thread-36] DEBUG c.h.p.o.d.StatefulSetResource - [customop] Desired StatefulSet (1 replicas) for status RUNNING (READY)
2025-01-29 17:05:06,099 INFO c.h.h.t.HelmChartContainer - [hivemq-test-hivemq-platform] [hivemq-platform-operator] [42fceac4] 17:05:06.096 [pool-6-thread-36] DEBUG c.h.p.o.d.StatefulSetResource - [customop] Update StatefulSet (replicas: 1 -> 1)
2025-01-29 17:05:06,100 INFO c.h.h.t.HelmChartContainer - [hivemq-test-hivemq-platform] [hivemq-platform-operator] [42fceac4] 17:05:06.097 [pool-6-thread-36] DEBUG c.h.p.o.d.StatefulSetResource - [customop] Detected change in StatefulSet specification (path: /template/metadata/annotations/kubernetes-resource-versions) (actual value: {broker-configuration-v2=-2089688360}) (target value: {broker-configuration-v2=0})
2025-01-29 17:05:06,100 INFO c.h.h.t.HelmChartContainer - [hivemq-test-hivemq-platform] [hivemq-platform-operator] [42fceac4] 17:05:06.097 [pool-6-thread-36] INFO  c.h.p.o.d.StatefulSetResource - [customop] StatefulSet spec was updated, triggering rolling restart
2025-01-29 17:05:06,172 INFO c.h.h.t.HelmChartContainer - [hivemq-test-hivemq-platform] [hivemq-platform-operator] [42fceac4] 17:05:06.164 [ReconcilerExecutor-hivemq-controller-145] INFO  c.h.p.o.HiveMQPlatformReconciler - [customop] Reconciling HiveMQ Platform 'test-hivemq-platform-beta' in namespace 'customoperatornamespacesit-beta'
2025-01-29 17:05:06,172 INFO c.h.h.t.HelmChartContainer - [hivemq-test-hivemq-platform] [hivemq-platform-operator] [42fceac4] 17:05:06.165 [ReconcilerExecutor-hivemq-controller-145] DEBUG c.h.p.o.HiveMQPlatformReconciler - [customop] Custom Resource Status RUNNING - HiveMQ Platform is ready (READY) (reconciliation requests: ROLLING_RESTART, REQUESTS_UPDATED)
2025-01-29 17:05:06,172 INFO c.h.h.t.HelmChartContainer - [hivemq-test-hivemq-platform] [hivemq-platform-operator] [42fceac4] 17:05:06.165 [ReconcilerExecutor-hivemq-controller-145] DEBUG c.h.p.o.HiveMQPlatformReconciler - [customop] Custom Resource Spec (replicas: 1) (extensions: 1)
2025-01-29 17:05:06,172 INFO c.h.h.t.HelmChartContainer - [hivemq-test-hivemq-platform] [hivemq-platform-operator] [42fceac4] 17:05:06.165 [ReconcilerExecutor-hivemq-controller-145] WARN  c.h.p.o.h.HiveMQPlatformReconcilerErrorHandler - [customop] Could not find ConfigMap 'hivemq-configuration-test-hivemq-platform-beta' for HiveMQ Platform configuration
2025-01-29 17:05:06,270 INFO c.h.h.t.HelmChartContainer - [hivemq-test-hivemq-platform] [hivemq-platform-operator] [42fceac4] 17:05:06.268 [ReconcilerExecutor-hivemq-controller-145] DEBUG c.h.p.operator.event.EventSender - [customop] Creating K8s event hivemq-platform-invalid-configuration: [Start] Could not find ConfigMap 'hivemq-configuration-test-hivemq-platform-beta' for HiveMQ Platform configuration
2025-01-29 17:05:06,273 INFO c.h.h.t.HelmChartContainer - [EVENT] Warning [Start] Could not find ConfigMap 'hivemq-configuration-test-hivemq-platform-beta' for HiveMQ Platform configuration [customoperatornamespacesit-beta:test-hivemq-platform-beta]
2025-01-29 17:05:06,274 INFO c.h.h.t.HelmChartContainer - [hivemq-test-hivemq-platform] [hivemq-platform-operator] [42fceac4] 17:05:06.273 [ReconcilerExecutor-hivemq-controller-145] INFO  c.h.p.o.h.AbstractHiveMQReconcilerStateHandler - [customop] Update HiveMQ Platform Status (RUNNING [READY] -> ERROR [INVALID_CONFIG_MAP]): Could not find ConfigMap 'hivemq-configuration-test-hivemq-platform-beta' for HiveMQ Platform configuration (reconciliation requests: ROLLING_RESTART)
2025-01-29 17:05:06,284 INFO c.h.h.t.HelmChartContainer - [hivemq-test-hivemq-platform] [hivemq-platform-operator] [42fceac4] 17:05:06.280 [ReconcilerExecutor-hivemq-controller-145] ERROR i.j.o.p.event.EventProcessor - Error during event processing ExecutionScope{ resource id: ResourceID{name='test-hivemq-platform-beta', namespace='customoperatornamespacesit-beta'}, version: 946}
2025-01-29 17:05:06,284 INFO c.h.h.t.HelmChartContainer - [hivemq-test-hivemq-platform] [hivemq-platform-operator] [42fceac4] io.fabric8.kubernetes.client.KubernetesClientException: Failure executing: PUT at: https://10.43.0.1:443/apis/hivemq.com/v1/namespaces/customoperatornamespacesit-beta/hivemq-platforms/test-hivemq-platform-beta/status. Message: Operation cannot be fulfilled on hivemq-platforms.hivemq.com "test-hivemq-platform-beta": the object has been modified; please apply your changes to the latest version and try again. Received status: Status(apiVersion=v1, code=409, details=StatusDetails(causes=[], group=hivemq.com, kind=hivemq-platforms, name=test-hivemq-platform-beta, retryAfterSeconds=null, uid=null, additionalProperties={}), kind=Status, message=Operation cannot be fulfilled on hivemq-platforms.hivemq.com "test-hivemq-platform-beta": the object has been modified; please apply your changes to the latest version and try again, metadata=ListMeta(_continue=null, remainingItemCount=null, resourceVersion=null, selfLink=null, additionalProperties={}), reason=Conflict, status=Failure, additionalProperties={}).
2025-01-29 17:05:06,285 INFO c.h.h.t.HelmChartContainer - [hivemq-test-hivemq-platform] [hivemq-platform-operator] [42fceac4] 	at io.fabric8.kubernetes.client.KubernetesClientException.copyAsCause(KubernetesClientException.java:238)
2025-01-29 17:05:06,285 INFO c.h.h.t.HelmChartContainer - [hivemq-test-hivemq-platform] [hivemq-platform-operator] [42fceac4] 	at io.fabric8.kubernetes.client.dsl.internal.OperationSupport.waitForResult(OperationSupport.java:507)
2025-01-29 17:05:06,285 INFO c.h.h.t.HelmChartContainer - [hivemq-test-hivemq-platform] [hivemq-platform-operator] [42fceac4] 	at io.fabric8.kubernetes.client.dsl.internal.OperationSupport.handleResponse(OperationSupport.java:524)
2025-01-29 17:05:06,285 INFO c.h.h.t.HelmChartContainer - [hivemq-test-hivemq-platform] [hivemq-platform-operator] [42fceac4] 	at io.fabric8.kubernetes.client.dsl.internal.OperationSupport.handleUpdate(OperationSupport.java:358)
2025-01-29 17:05:06,285 INFO c.h.h.t.HelmChartContainer - [hivemq-test-hivemq-platform] [hivemq-platform-operator] [42fceac4] 	at io.fabric8.kubernetes.client.dsl.internal.BaseOperation.handleUpdate(BaseOperation.java:759)
2025-01-29 17:05:06,285 INFO c.h.h.t.HelmChartContainer - [hivemq-test-hivemq-platform] [hivemq-platform-operator] [42fceac4] 	at io.fabric8.kubernetes.client.dsl.internal.HasMetadataOperation.update(HasMetadataOperation.java:138)
2025-01-29 17:05:06,285 INFO c.h.h.t.HelmChartContainer - [hivemq-test-hivemq-platform] [hivemq-platform-operator] [42fceac4] 	at io.fabric8.kubernetes.client.dsl.internal.HasMetadataOperation.update(HasMetadataOperation.java:121)
2025-01-29 17:05:06,285 INFO c.h.h.t.HelmChartContainer - [hivemq-test-hivemq-platform] [hivemq-platform-operator] [42fceac4] 	at io.fabric8.kubernetes.client.dsl.internal.HasMetadataOperation.updateStatus(HasMetadataOperation.java:126)
2025-01-29 17:05:06,285 INFO c.h.h.t.HelmChartContainer - [hivemq-test-hivemq-platform] [hivemq-platform-operator] [42fceac4] 	at io.fabric8.kubernetes.client.dsl.internal.HasMetadataOperation.updateStatus(HasMetadataOperation.java:44)
2025-01-29 17:05:06,285 INFO c.h.h.t.HelmChartContainer - [hivemq-test-hivemq-platform] [hivemq-platform-operator] [42fceac4] 	at io.javaoperatorsdk.operator.processing.event.ReconciliationDispatcher$CustomResourceFacade.updateStatus(ReconciliationDispatcher.java:408)
2025-01-29 17:05:06,285 INFO c.h.h.t.HelmChartContainer - [hivemq-test-hivemq-platform] [hivemq-platform-operator] [42fceac4] 	at io.javaoperatorsdk.operator.processing.event.ReconciliationDispatcher.updateStatusGenerationAware(ReconciliationDispatcher.java:228)
2025-01-29 17:05:06,285 INFO c.h.h.t.HelmChartContainer - [hivemq-test-hivemq-platform] [hivemq-platform-operator] [42fceac4] 	at io.javaoperatorsdk.operator.processing.event.ReconciliationDispatcher.reconcileExecution(ReconciliationDispatcher.java:150)
2025-01-29 17:05:06,285 INFO c.h.h.t.HelmChartContainer - [hivemq-test-hivemq-platform] [hivemq-platform-operator] [42fceac4] 	at io.javaoperatorsdk.operator.processing.event.ReconciliationDispatcher.handleReconcile(ReconciliationDispatcher.java:117)
2025-01-29 17:05:06,285 INFO c.h.h.t.HelmChartContainer - [hivemq-test-hivemq-platform] [hivemq-platform-operator] [42fceac4] 	at io.javaoperatorsdk.operator.processing.event.ReconciliationDispatcher.handleDispatch(ReconciliationDispatcher.java:91)
2025-01-29 17:05:06,285 INFO c.h.h.t.HelmChartContainer - [hivemq-test-hivemq-platform] [hivemq-platform-operator] [42fceac4] 	at io.javaoperatorsdk.operator.processing.event.ReconciliationDispatcher.handleExecution(ReconciliationDispatcher.java:64)
2025-01-29 17:05:06,285 INFO c.h.h.t.HelmChartContainer - [hivemq-test-hivemq-platform] [hivemq-platform-operator] [42fceac4] 	at io.javaoperatorsdk.operator.processing.event.EventProcessor$ReconcilerExecutor.run(EventProcessor.java:452)
2025-01-29 17:05:06,285 INFO c.h.h.t.HelmChartContainer - [hivemq-test-hivemq-platform] [hivemq-platform-operator] [42fceac4] 	at java.base/java.util.concurrent.ThreadPoolExecutor.runWorker(Unknown Source)
2025-01-29 17:05:06,285 INFO c.h.h.t.HelmChartContainer - [hivemq-test-hivemq-platform] [hivemq-platform-operator] [42fceac4] 	at java.base/java.util.concurrent.ThreadPoolExecutor$Worker.run(Unknown Source)
2025-01-29 17:05:06,285 INFO c.h.h.t.HelmChartContainer - [hivemq-test-hivemq-platform] [hivemq-platform-operator] [42fceac4] 	at java.base/java.lang.Thread.run(Unknown Source)
2025-01-29 17:05:06,285 INFO c.h.h.t.HelmChartContainer - [hivemq-test-hivemq-platform] [hivemq-platform-operator] [42fceac4] Caused by: io.fabric8.kubernetes.client.KubernetesClientException: Failure executing: PUT at: https://10.43.0.1:443/apis/hivemq.com/v1/namespaces/customoperatornamespacesit-beta/hivemq-platforms/test-hivemq-platform-beta/status. Message: Operation cannot be fulfilled on hivemq-platforms.hivemq.com "test-hivemq-platform-beta": the object has been modified; please apply your changes to the latest version and try again. Received status: Status(apiVersion=v1, code=409, details=StatusDetails(causes=[], group=hivemq.com, kind=hivemq-platforms, name=test-hivemq-platform-beta, retryAfterSeconds=null, uid=null, additionalProperties={}), kind=Status, message=Operation cannot be fulfilled on hivemq-platforms.hivemq.com "test-hivemq-platform-beta": the object has been modified; please apply your changes to the latest version and try again, metadata=ListMeta(_continue=null, remainingItemCount=null, resourceVersion=null, selfLink=null, additionalProperties={}), reason=Conflict, status=Failure, additionalProperties={}).
2025-01-29 17:05:06,285 INFO c.h.h.t.HelmChartContainer - [hivemq-test-hivemq-platform] [hivemq-platform-operator] [42fceac4] 	at io.fabric8.kubernetes.client.dsl.internal.OperationSupport.requestFailure(OperationSupport.java:660)
2025-01-29 17:05:06,285 INFO c.h.h.t.HelmChartContainer - [hivemq-test-hivemq-platform] [hivemq-platform-operator] [42fceac4] 	at io.fabric8.kubernetes.client.dsl.internal.OperationSupport.requestFailure(OperationSupport.java:640)
2025-01-29 17:05:06,285 INFO c.h.h.t.HelmChartContainer - [hivemq-test-hivemq-platform] [hivemq-platform-operator] [42fceac4] 	at io.fabric8.kubernetes.client.dsl.internal.OperationSupport.assertResponseCode(OperationSupport.java:589)
2025-01-29 17:05:06,285 INFO c.h.h.t.HelmChartContainer - [hivemq-test-hivemq-platform] [hivemq-platform-operator] [42fceac4] 	at io.fabric8.kubernetes.client.dsl.internal.OperationSupport.lambda$handleResponse$0(OperationSupport.java:549)
2025-01-29 17:05:06,285 INFO c.h.h.t.HelmChartContainer - [hivemq-test-hivemq-platform] [hivemq-platform-operator] [42fceac4] 	at java.base/java.util.concurrent.CompletableFuture$UniApply.tryFire(Unknown Source)
2025-01-29 17:05:06,285 INFO c.h.h.t.HelmChartContainer - [hivemq-test-hivemq-platform] [hivemq-platform-operator] [42fceac4] 	at java.base/java.util.concurrent.CompletableFuture.postComplete(Unknown Source)
2025-01-29 17:05:06,285 INFO c.h.h.t.HelmChartContainer - [hivemq-test-hivemq-platform] [hivemq-platform-operator] [42fceac4] 	at java.base/java.util.concurrent.CompletableFuture.complete(Unknown Source)
2025-01-29 17:05:06,285 INFO c.h.h.t.HelmChartContainer - [hivemq-test-hivemq-platform] [hivemq-platform-operator] [42fceac4] 	at io.fabric8.kubernetes.client.http.StandardHttpClient.lambda$completeOrCancel$10(StandardHttpClient.java:141)
2025-01-29 17:05:06,285 INFO c.h.h.t.HelmChartContainer - [hivemq-test-hivemq-platform] [hivemq-platform-operator] [42fceac4] 	at java.base/java.util.concurrent.CompletableFuture.uniWhenComplete(Unknown Source)
2025-01-29 17:05:06,285 INFO c.h.h.t.HelmChartContainer - [hivemq-test-hivemq-platform] [hivemq-platform-operator] [42fceac4] 	at java.base/java.util.concurrent.CompletableFuture$UniWhenComplete.tryFire(Unknown Source)
2025-01-29 17:05:06,285 INFO c.h.h.t.HelmChartContainer - [hivemq-test-hivemq-platform] [hivemq-platform-operator] [42fceac4] 	at java.base/java.util.concurrent.CompletableFuture.postComplete(Unknown Source)
2025-01-29 17:05:06,285 INFO c.h.h.t.HelmChartContainer - [hivemq-test-hivemq-platform] [hivemq-platform-operator] [42fceac4] 	at java.base/java.util.concurrent.CompletableFuture.complete(Unknown Source)
2025-01-29 17:05:06,285 INFO c.h.h.t.HelmChartContainer - [hivemq-test-hivemq-platform] [hivemq-platform-operator] [42fceac4] 	at io.fabric8.kubernetes.client.http.ByteArrayBodyHandler.onBodyDone(ByteArrayBodyHandler.java:51)
2025-01-29 17:05:06,285 INFO c.h.h.t.HelmChartContainer - [hivemq-test-hivemq-platform] [hivemq-platform-operator] [42fceac4] 	at java.base/java.util.concurrent.CompletableFuture.uniWhenComplete(Unknown Source)
2025-01-29 17:05:06,285 INFO c.h.h.t.HelmChartContainer - [hivemq-test-hivemq-platform] [hivemq-platform-operator] [42fceac4] 	at java.base/java.util.concurrent.CompletableFuture$UniWhenComplete.tryFire(Unknown Source)
2025-01-29 17:05:06,285 INFO c.h.h.t.HelmChartContainer - [hivemq-test-hivemq-platform] [hivemq-platform-operator] [42fceac4] 	at java.base/java.util.concurrent.CompletableFuture.postComplete(Unknown Source)
2025-01-29 17:05:06,285 INFO c.h.h.t.HelmChartContainer - [hivemq-test-hivemq-platform] [hivemq-platform-operator] [42fceac4] 	at java.base/java.util.concurrent.CompletableFuture.complete(Unknown Source)
2025-01-29 17:05:06,285 INFO c.h.h.t.HelmChartContainer - [hivemq-test-hivemq-platform] [hivemq-platform-operator] [42fceac4] 	at io.fabric8.kubernetes.client.vertx.VertxHttpRequest.lambda$null$1(VertxHttpRequest.java:121)
2025-01-29 17:05:06,285 INFO c.h.h.t.HelmChartContainer - [hivemq-test-hivemq-platform] [hivemq-platform-operator] [42fceac4] 	at io.vertx.core.impl.ContextInternal.dispatch(ContextInternal.java:279)
2025-01-29 17:05:06,285 INFO c.h.h.t.HelmChartContainer - [hivemq-test-hivemq-platform] [hivemq-platform-operator] [42fceac4] 	at io.vertx.core.impl.ContextInternal.dispatch(ContextInternal.java:261)
2025-01-29 17:05:06,285 INFO c.h.h.t.HelmChartContainer - [hivemq-test-hivemq-platform] [hivemq-platform-operator] [42fceac4] 	at io.vertx.core.http.impl.HttpEventHandler.handleEnd(HttpEventHandler.java:76)
2025-01-29 17:05:06,285 INFO c.h.h.t.HelmChartContainer - [hivemq-test-hivemq-platform] [hivemq-platform-operator] [42fceac4] 	at io.vertx.core.http.impl.HttpClientResponseImpl.handleEnd(HttpClientResponseImpl.java:250)
2025-01-29 17:05:06,285 INFO c.h.h.t.HelmChartContainer - [hivemq-test-hivemq-platform] [hivemq-platform-operator] [42fceac4] 	at io.vertx.core.http.impl.Http1xClientConnection$StreamImpl.lambda$new$0(Http1xClientConnection.java:421)
2025-01-29 17:05:06,285 INFO c.h.h.t.HelmChartContainer - [hivemq-test-hivemq-platform] [hivemq-platform-operator] [42fceac4] 	at io.vertx.core.streams.impl.InboundBuffer.handleEvent(InboundBuffer.java:279)
2025-01-29 17:05:06,285 INFO c.h.h.t.HelmChartContainer - [hivemq-test-hivemq-platform] [hivemq-platform-operator] [42fceac4] 	at io.vertx.core.streams.impl.InboundBuffer.write(InboundBuffer.java:157)
2025-01-29 17:05:06,285 INFO c.h.h.t.HelmChartContainer - [hivemq-test-hivemq-platform] [hivemq-platform-operator] [42fceac4] 	at io.vertx.core.http.impl.Http1xClientConnection$StreamImpl.handleEnd(Http1xClientConnection.java:709)
2025-01-29 17:05:06,285 INFO c.h.h.t.HelmChartContainer - [hivemq-test-hivemq-platform] [hivemq-platform-operator] [42fceac4] 	at io.vertx.core.impl.ContextImpl.execute(ContextImpl.java:313)
2025-01-29 17:05:06,285 INFO c.h.h.t.HelmChartContainer - [hivemq-test-hivemq-platform] [hivemq-platform-operator] [42fceac4] 	at io.vertx.core.impl.ContextImpl.execute(ContextImpl.java:293)
2025-01-29 17:05:06,285 INFO c.h.h.t.HelmChartContainer - [hivemq-test-hivemq-platform] [hivemq-platform-operator] [42fceac4] 	at io.vertx.core.http.impl.Http1xClientConnection.handleResponseEnd(Http1xClientConnection.java:940)
2025-01-29 17:05:06,285 INFO c.h.h.t.HelmChartContainer - [hivemq-test-hivemq-platform] [hivemq-platform-operator] [42fceac4] 	at io.vertx.core.http.impl.Http1xClientConnection.handleHttpMessage(Http1xClientConnection.java:810)
2025-01-29 17:05:06,285 INFO c.h.h.t.HelmChartContainer - [hivemq-test-hivemq-platform] [hivemq-platform-operator] [42fceac4] 	at io.vertx.core.http.impl.Http1xClientConnection.handleMessage(Http1xClientConnection.java:774)
2025-01-29 17:05:06,285 INFO c.h.h.t.HelmChartContainer - [hivemq-test-hivemq-platform] [hivemq-platform-operator] [42fceac4] 	at io.vertx.core.net.impl.ConnectionBase.read(ConnectionBase.java:159)
2025-01-29 17:05:06,285 INFO c.h.h.t.HelmChartContainer - [hivemq-test-hivemq-platform] [hivemq-platform-operator] [42fceac4] 	at io.vertx.core.net.impl.VertxHandler.channelRead(VertxHandler.java:153)
2025-01-29 17:05:06,285 INFO c.h.h.t.HelmChartContainer - [hivemq-test-hivemq-platform] [hivemq-platform-operator] [42fceac4] 	at io.netty.channel.AbstractChannelHandlerContext.invokeChannelRead(AbstractChannelHandlerContext.java:442)
2025-01-29 17:05:06,285 INFO c.h.h.t.HelmChartContainer - [hivemq-test-hivemq-platform] [hivemq-platform-operator] [42fceac4] 	at io.netty.channel.AbstractChannelHandlerContext.invokeChannelRead(AbstractChannelHandlerContext.java:420)
2025-01-29 17:05:06,285 INFO c.h.h.t.HelmChartContainer - [hivemq-test-hivemq-platform] [hivemq-platform-operator] [42fceac4] 	at io.netty.channel.AbstractChannelHandlerContext.fireChannelRead(AbstractChannelHandlerContext.java:412)
2025-01-29 17:05:06,285 INFO c.h.h.t.HelmChartContainer - [hivemq-test-hivemq-platform] [hivemq-platform-operator] [42fceac4] 	at io.netty.channel.CombinedChannelDuplexHandler$DelegatingChannelHandlerContext.fireChannelRead(CombinedChannelDuplexHandler.java:436)
2025-01-29 17:05:06,285 INFO c.h.h.t.HelmChartContainer - [hivemq-test-hivemq-platform] [hivemq-platform-operator] [42fceac4] 	at io.netty.handler.codec.ByteToMessageDecoder.fireChannelRead(ByteToMessageDecoder.java:346)
2025-01-29 17:05:06,285 INFO c.h.h.t.HelmChartContainer - [hivemq-test-hivemq-platform] [hivemq-platform-operator] [42fceac4] 	at io.netty.handler.codec.ByteToMessageDecoder.channelRead(ByteToMessageDecoder.java:318)
2025-01-29 17:05:06,285 INFO c.h.h.t.HelmChartContainer - [hivemq-test-hivemq-platform] [hivemq-platform-operator] [42fceac4] 	at io.netty.channel.CombinedChannelDuplexHandler.channelRead(CombinedChannelDuplexHandler.java:251)
2025-01-29 17:05:06,285 INFO c.h.h.t.HelmChartContainer - [hivemq-test-hivemq-platform] [hivemq-platform-operator] [42fceac4] 	at io.netty.channel.AbstractChannelHandlerContext.invokeChannelRead(AbstractChannelHandlerContext.java:442)
2025-01-29 17:05:06,285 INFO c.h.h.t.HelmChartContainer - [hivemq-test-hivemq-platform] [hivemq-platform-operator] [42fceac4] 	at io.netty.channel.AbstractChannelHandlerContext.invokeChannelRead(AbstractChannelHandlerContext.java:420)
2025-01-29 17:05:06,285 INFO c.h.h.t.HelmChartContainer - [hivemq-test-hivemq-platform] [hivemq-platform-operator] [42fceac4] 	at io.netty.channel.AbstractChannelHandlerContext.fireChannelRead(AbstractChannelHandlerContext.java:412)
2025-01-29 17:05:06,285 INFO c.h.h.t.HelmChartContainer - [hivemq-test-hivemq-platform] [hivemq-platform-operator] [42fceac4] 	at io.netty.handler.ssl.SslHandler.unwrap(SslHandler.java:1475)
2025-01-29 17:05:06,285 INFO c.h.h.t.HelmChartContainer - [hivemq-test-hivemq-platform] [hivemq-platform-operator] [42fceac4] 	at io.netty.handler.ssl.SslHandler.decodeJdkCompatible(SslHandler.java:1338)
2025-01-29 17:05:06,285 INFO c.h.h.t.HelmChartContainer - [hivemq-test-hivemq-platform] [hivemq-platform-operator] [42fceac4] 	at io.netty.handler.ssl.SslHandler.decode(SslHandler.java:1387)
2025-01-29 17:05:06,285 INFO c.h.h.t.HelmChartContainer - [hivemq-test-hivemq-platform] [hivemq-platform-operator] [42fceac4] 	at io.netty.handler.codec.ByteToMessageDecoder.decodeRemovalReentryProtection(ByteToMessageDecoder.java:530)
2025-01-29 17:05:06,285 INFO c.h.h.t.HelmChartContainer - [hivemq-test-hivemq-platform] [hivemq-platform-operator] [42fceac4] 	at io.netty.handler.codec.ByteToMessageDecoder.callDecode(ByteToMessageDecoder.java:469)
2025-01-29 17:05:06,285 INFO c.h.h.t.HelmChartContainer - [hivemq-test-hivemq-platform] [hivemq-platform-operator] [42fceac4] 	at io.netty.handler.codec.ByteToMessageDecoder.channelRead(ByteToMessageDecoder.java:290)
2025-01-29 17:05:06,285 INFO c.h.h.t.HelmChartContainer - [hivemq-test-hivemq-platform] [hivemq-platform-operator] [42fceac4] 	at io.netty.channel.AbstractChannelHandlerContext.invokeChannelRead(AbstractChannelHandlerContext.java:444)
2025-01-29 17:05:06,285 INFO c.h.h.t.HelmChartContainer - [hivemq-test-hivemq-platform] [hivemq-platform-operator] [42fceac4] 	at io.netty.channel.AbstractChannelHandlerContext.invokeChannelRead(AbstractChannelHandlerContext.java:420)
2025-01-29 17:05:06,285 INFO c.h.h.t.HelmChartContainer - [hivemq-test-hivemq-platform] [hivemq-platform-operator] [42fceac4] 	at io.netty.channel.AbstractChannelHandlerContext.fireChannelRead(AbstractChannelHandlerContext.java:412)
2025-01-29 17:05:06,285 INFO c.h.h.t.HelmChartContainer - [hivemq-test-hivemq-platform] [hivemq-platform-operator] [42fceac4] 	at io.netty.channel.DefaultChannelPipeline$HeadContext.channelRead(DefaultChannelPipeline.java:1407)
2025-01-29 17:05:06,285 INFO c.h.h.t.HelmChartContainer - [hivemq-test-hivemq-platform] [hivemq-platform-operator] [42fceac4] 	at io.netty.channel.AbstractChannelHandlerContext.invokeChannelRead(AbstractChannelHandlerContext.java:440)
2025-01-29 17:05:06,286 INFO c.h.h.t.HelmChartContainer - [hivemq-test-hivemq-platform] [hivemq-platform-operator] [42fceac4] 	at io.netty.channel.AbstractChannelHandlerContext.invokeChannelRead(AbstractChannelHandlerContext.java:420)
2025-01-29 17:05:06,286 INFO c.h.h.t.HelmChartContainer - [hivemq-test-hivemq-platform] [hivemq-platform-operator] [42fceac4] 	at io.netty.channel.DefaultChannelPipeline.fireChannelRead(DefaultChannelPipeline.java:918)
2025-01-29 17:05:06,286 INFO c.h.h.t.HelmChartContainer - [hivemq-test-hivemq-platform] [hivemq-platform-operator] [42fceac4] 	at io.netty.channel.nio.AbstractNioByteChannel$NioByteUnsafe.read(AbstractNioByteChannel.java:166)
2025-01-29 17:05:06,286 INFO c.h.h.t.HelmChartContainer - [hivemq-test-hivemq-platform] [hivemq-platform-operator] [42fceac4] 	at io.netty.channel.nio.NioEventLoop.processSelectedKey(NioEventLoop.java:788)
2025-01-29 17:05:06,286 INFO c.h.h.t.HelmChartContainer - [hivemq-test-hivemq-platform] [hivemq-platform-operator] [42fceac4] 	at io.netty.channel.nio.NioEventLoop.processSelectedKeysOptimized(NioEventLoop.java:724)
2025-01-29 17:05:06,286 INFO c.h.h.t.HelmChartContainer - [hivemq-test-hivemq-platform] [hivemq-platform-operator] [42fceac4] 	at io.netty.channel.nio.NioEventLoop.processSelectedKeys(NioEventLoop.java:650)
2025-01-29 17:05:06,286 INFO c.h.h.t.HelmChartContainer - [hivemq-test-hivemq-platform] [hivemq-platform-operator] [42fceac4] 	at io.netty.channel.nio.NioEventLoop.run(NioEventLoop.java:562)
2025-01-29 17:05:06,286 INFO c.h.h.t.HelmChartContainer - [hivemq-test-hivemq-platform] [hivemq-platform-operator] [42fceac4] 	at io.netty.util.concurrent.SingleThreadEventExecutor$4.run(SingleThreadEventExecutor.java:997)
2025-01-29 17:05:06,286 INFO c.h.h.t.HelmChartContainer - [hivemq-test-hivemq-platform] [hivemq-platform-operator] [42fceac4] 	at io.netty.util.internal.ThreadExecutorMap$2.run(ThreadExecutorMap.java:74)
2025-01-29 17:05:06,286 INFO c.h.h.t.HelmChartContainer - [hivemq-test-hivemq-platform] [hivemq-platform-operator] [42fceac4] 	at io.netty.util.concurrent.FastThreadLocalRunnable.run(FastThreadLocalRunnable.java:30)
2025-01-29 17:05:06,286 INFO c.h.h.t.HelmChartContainer - [hivemq-test-hivemq-platform] [hivemq-platform-operator] [42fceac4] 	... 1 common frames omitted
2025-01-29 17:05:06,286 INFO c.h.h.t.HelmChartContainer - [hivemq-test-hivemq-platform] [hivemq-platform-operator] [42fceac4] 17:05:06.285 [ReconcilerExecutor-hivemq-controller-146] INFO  c.h.p.o.HiveMQPlatformReconciler - [customop] Cleanup test-hivemq-platform-beta - customoperatornamespacesit-beta HiveMQ Platform is shut down
2025-01-29 17:05:06,384 INFO c.h.h.t.HelmChartContainer - [K3S] [kubelet_volumes.go:163] "Cleaned up orphaned pod volumes dir" podUID="c2bf1c29-5ac9-419a-8781-f435a11e6e56" path="/var/lib/kubelet/pods/c2bf1c29-5ac9-419a-8781-f435a11e6e56/volumes"
2025-01-29 17:05:06,827 INFO c.h.h.t.HelmChartContainer - [POD] test-hivemq-platform-beta-0 [5ad2605c-4dc2-4cc6-b742-7c27ab7085d3] in customoperatornamespacesit-beta was MODIFIED
2025-01-29 17:05:06,828 INFO c.h.h.t.HelmChartContainer - [EVENT] Normal [Killing] Stopping container hivemq [customoperatornamespacesit-beta:test-hivemq-platform-beta-0]
2025-01-29 17:05:06,828 INFO c.h.h.t.HelmChartContainer - Received Killing event for container hivemq in pod test-hivemq-platform-beta-0 [5ad2605c-4dc2-4cc6-b742-7c27ab7085d3]
2025-01-29 17:05:06,828 INFO c.h.h.t.HelmChartContainer - Container [test-hivemq-platform-beta-0] [hivemq] [5ad2605c-4dc2-4cc6-b742-7c27ab7085d3] was terminated
2025-01-29 17:05:06,828 INFO c.h.h.t.HelmChartContainer - Stopped log watcher for hivemq in pod test-hivemq-platform-beta-0 [5ad2605c-4dc2-4cc6-b742-7c27ab7085d3]
2025-01-29 17:05:06,840 INFO c.h.h.t.HelmChartContainer - [test-hivemq-platform] [hivemq] [5ad2605c] INFO  - [HiveMQ Platform Operator Init App 1.7.0-SNAPSHOT] Shutting down
2025-01-29 17:05:06,840 INFO c.h.h.t.HelmChartContainer - [test-hivemq-platform] [hivemq] [5ad2605c] INFO  - [HiveMQ Platform Operator Init App 1.7.0-SNAPSHOT] Stopping the HiveMQ Platform
2025-01-29 17:05:06,943 INFO c.h.h.t.HelmChartContainer - [test-hivemq-platform] [hivemq] [5ad2605c] INFO  - Shutting down HiveMQ. Please wait, this could take a while...
2025-01-29 17:05:07,027 INFO c.h.h.t.HelmChartContainer - [test-hivemq-platform] [hivemq] [5ad2605c] INFO  - Shutting down listeners and clients
2025-01-29 17:05:07,029 INFO c.h.h.t.HelmChartContainer - [test-hivemq-platform] [hivemq] [5ad2605c] INFO  - Shutdown of listeners is done
2025-01-29 17:05:07,029 INFO c.h.h.t.HelmChartContainer - [test-hivemq-platform] [hivemq] [5ad2605c] INFO  - No clients are connected, proceeding with shutdown
2025-01-29 17:05:07,737 INFO c.h.h.t.HelmChartContainer - [test-hivemq-platform] [hivemq] [5ad2605c] INFO  - [HiveMQ Platform Operator Init App 1.7.0-SNAPSHOT] Returning shutdown Health API response 503 for readiness
2025-01-29 17:05:07,741 INFO c.h.h.t.HelmChartContainer - [EVENT] Warning [Unhealthy] Readiness probe failed: HTTP probe failed with statuscode: 503 [customoperatornamespacesit-beta:test-hivemq-platform-beta-0]
2025-01-29 17:05:07,741 INFO c.h.h.t.HelmChartContainer - Received Unhealthy event for container hivemq in pod test-hivemq-platform-beta-0 [5ad2605c-4dc2-4cc6-b742-7c27ab7085d3]
2025-01-29 17:05:08,069 INFO c.h.h.t.HelmChartContainer - [K3S] [authentication.go:74] "Unable to authenticate the request" err="[invalid bearer token, serviceaccounts \"hivemq-platform-pod-test-hivemq-platform-beta\" not found]"
2025-01-29 17:05:08,091 INFO c.h.h.t.HelmChartContainer - [K3S] [authentication.go:74] "Unable to authenticate the request" err="[invalid bearer token, serviceaccounts \"hivemq-platform-pod-test-hivemq-platform-beta\" not found]"
2025-01-29 17:05:08,133 INFO c.h.h.t.HelmChartContainer - Deleting namespace 'customoperatornamespacesit-beta'...
2025-01-29 17:05:08,172 INFO c.h.h.t.HelmChartContainer - [test-hivemq-platform] [hivemq] [5ad2605c] WARN  - [HiveMQ Platform Operator Init App 1.7.0-SNAPSHOT] Could not update Pod annotations: Failure executing: GET at: https://10.43.0.1:443/api/v1/namespaces/customoperatornamespacesit-beta/pods/test-hivemq-platform-beta-0. Message: Unauthorized. Received status: Status(apiVersion=v1, code=401, details=null, kind=Status, message=Unauthorized, metadata=ListMeta(_continue=null, remainingItemCount=null, resourceVersion=null, selfLink=null, additionalProperties={}), reason=Unauthorized, status=Failure, additionalProperties={}).
2025-01-29 17:05:10,344 INFO c.h.h.t.HelmChartContainer - [test-hivemq-platform] [hivemq] [5ad2605c] INFO  - Shutting down extension system
2025-01-29 17:05:10,346 INFO c.h.h.t.HelmChartContainer - [test-hivemq-platform] [hivemq] [5ad2605c] INFO  - Stopping extension with id hivemq-dns-cluster-discovery
2025-01-29 17:05:10,348 INFO c.h.h.t.HelmChartContainer - [test-hivemq-platform] [hivemq] [5ad2605c] INFO  - Extension "DNS Cluster Discovery Extension" version 4.3.2 stopped successfully.
2025-01-29 17:05:10,349 INFO c.h.h.t.HelmChartContainer - [test-hivemq-platform] [hivemq] [5ad2605c] INFO  - Stopping extension with id hivemq-prometheus-extension
2025-01-29 17:05:10,351 INFO c.h.h.t.HelmChartContainer - [test-hivemq-platform] [hivemq] [5ad2605c] INFO  - Extension "Prometheus Monitoring Extension" version 4.0.12 stopped successfully.
2025-01-29 17:05:10,352 INFO c.h.h.t.HelmChartContainer - [test-hivemq-platform] [hivemq] [5ad2605c] INFO  - Stopping extension with id hivemq-allow-all-extension
2025-01-29 17:05:10,353 INFO c.h.h.t.HelmChartContainer - [test-hivemq-platform] [hivemq] [5ad2605c] INFO  - Extension "Allow All Extension" version 1.1.1 stopped successfully.
2025-01-29 17:05:10,807 INFO c.h.h.t.HelmChartContainer - [K3S] [namespace_controller.go:187] "Namespace has been deleted" namespace="customoperatornamespacesit-alpha"
2025-01-29 17:05:12,677 INFO c.h.h.t.HelmChartContainer - [test-hivemq-platform] [hivemq] [5ad2605c] INFO  - Shutdown completed.
2025-01-29 17:05:12,742 INFO c.h.h.t.HelmChartContainer - [EVENT] Warning [Unhealthy] Readiness probe failed: HTTP probe failed with statuscode: 503 [customoperatornamespacesit-beta:test-hivemq-platform-beta-0]
2025-01-29 17:05:12,742 INFO c.h.h.t.HelmChartContainer - Received Unhealthy event for container hivemq in pod test-hivemq-platform-beta-0 [5ad2605c-4dc2-4cc6-b742-7c27ab7085d3]
2025-01-29 17:05:13,025 INFO c.h.h.t.HelmChartContainer - [test-hivemq-platform] [hivemq] [5ad2605c] INFO  - [HiveMQ Platform Operator Init App 1.7.0-SNAPSHOT] The HiveMQ Platform exited with code 143
2025-01-29 17:05:13,025 INFO c.h.h.t.HelmChartContainer - [test-hivemq-platform] [hivemq] [5ad2605c] INFO  - [HiveMQ Platform Operator Init App 1.7.0-SNAPSHOT] Stopping the REST API
2025-01-29 17:05:13,033 INFO c.h.h.t.HelmChartContainer - [test-hivemq-platform] [hivemq] [5ad2605c] INFO  - [HiveMQ Platform Operator Init App 1.7.0-SNAPSHOT] Shutdown complete
2025-01-29 17:05:13,156 INFO c.h.h.t.HelmChartContainer - [K3S] [stateful_set.go:466] "StatefulSet has been deleted" key="customoperatornamespacesit-beta/test-hivemq-platform-beta"
2025-01-29 17:05:13,463 INFO c.h.h.t.HelmChartContainer - [POD] test-hivemq-platform-beta-0 [5ad2605c-4dc2-4cc6-b742-7c27ab7085d3] in customoperatornamespacesit-beta was MODIFIED
2025-01-29 17:05:13,528 INFO c.h.h.t.HelmChartContainer - [K3S] [reconciler_common.go:162] "operationExecutor.UnmountVolume started for volume \"operator-init\" (UniqueName: \"kubernetes.io/empty-dir/5ad2605c-4dc2-4cc6-b742-7c27ab7085d3-operator-init\") pod \"5ad2605c-4dc2-4cc6-b742-7c27ab7085d3\" (UID: \"5ad2605c-4dc2-4cc6-b742-7c27ab7085d3\") "
2025-01-29 17:05:13,528 INFO c.h.h.t.HelmChartContainer - [K3S] [reconciler_common.go:162] "operationExecutor.UnmountVolume started for volume \"kube-api-access-jbdz2\" (UniqueName: \"kubernetes.io/projected/5ad2605c-4dc2-4cc6-b742-7c27ab7085d3-kube-api-access-jbdz2\") pod \"5ad2605c-4dc2-4cc6-b742-7c27ab7085d3\" (UID: \"5ad2605c-4dc2-4cc6-b742-7c27ab7085d3\") "
2025-01-29 17:05:13,528 INFO c.h.h.t.HelmChartContainer - [K3S] [reconciler_common.go:162] "operationExecutor.UnmountVolume started for volume \"pod-info\" (UniqueName: \"kubernetes.io/configmap/5ad2605c-4dc2-4cc6-b742-7c27ab7085d3-pod-info\") pod \"5ad2605c-4dc2-4cc6-b742-7c27ab7085d3\" (UID: \"5ad2605c-4dc2-4cc6-b742-7c27ab7085d3\") "
2025-01-29 17:05:13,528 INFO c.h.h.t.HelmChartContainer - [K3S] [reconciler_common.go:162] "operationExecutor.UnmountVolume started for volume \"broker-configuration\" (UniqueName: \"kubernetes.io/configmap/5ad2605c-4dc2-4cc6-b742-7c27ab7085d3-broker-configuration\") pod \"5ad2605c-4dc2-4cc6-b742-7c27ab7085d3\" (UID: \"5ad2605c-4dc2-4cc6-b742-7c27ab7085d3\") "
2025-01-29 17:05:13,629 INFO c.h.h.t.HelmChartContainer - [K3S] [reconciler_common.go:299] "Volume detached for volume \"broker-configuration\" (UniqueName: \"kubernetes.io/configmap/5ad2605c-4dc2-4cc6-b742-7c27ab7085d3-broker-configuration\") on node \"dd90f63196ce\" DevicePath \"\""
2025-01-29 17:05:13,629 INFO c.h.h.t.HelmChartContainer - [K3S] [reconciler_common.go:299] "Volume detached for volume \"kube-api-access-jbdz2\" (UniqueName: \"kubernetes.io/projected/5ad2605c-4dc2-4cc6-b742-7c27ab7085d3-kube-api-access-jbdz2\") on node \"dd90f63196ce\" DevicePath \"\""
2025-01-29 17:05:13,629 INFO c.h.h.t.HelmChartContainer - [K3S] [reconciler_common.go:299] "Volume detached for volume \"operator-init\" (UniqueName: \"kubernetes.io/empty-dir/5ad2605c-4dc2-4cc6-b742-7c27ab7085d3-operator-init\") on node \"dd90f63196ce\" DevicePath \"\""
2025-01-29 17:05:13,629 INFO c.h.h.t.HelmChartContainer - [K3S] [reconciler_common.go:299] "Volume detached for volume \"pod-info\" (UniqueName: \"kubernetes.io/configmap/5ad2605c-4dc2-4cc6-b742-7c27ab7085d3-pod-info\") on node \"dd90f63196ce\" DevicePath \"\""
2025-01-29 17:05:13,726 INFO c.h.h.t.HelmChartContainer - [K3S] [scope.go:117] "RemoveContainer" containerID="e485ce85c614044b0d2ba56c8a7a5cc09df23e28f3c1656894ec010a4d2532fe"
2025-01-29 17:05:13,743 INFO c.h.h.t.HelmChartContainer - [POD] test-hivemq-platform-beta-0 [5ad2605c-4dc2-4cc6-b742-7c27ab7085d3] in customoperatornamespacesit-beta was MODIFIED
2025-01-29 17:05:13,744 INFO c.h.h.t.HelmChartContainer - [POD] test-hivemq-platform-beta-0 [5ad2605c-4dc2-4cc6-b742-7c27ab7085d3] in customoperatornamespacesit-beta was DELETED
2025-01-29 17:05:13,834 INFO c.h.h.t.HelmChartContainer - [K3S] [scope.go:117] "RemoveContainer" containerID="4cf1f53cd969ccb32c1787f73677e50ec760386471ceb1fa1c35eb9a6c23ce18"
2025-01-29 17:05:13,837 INFO c.h.h.t.HelmChartContainer - [K3S] [scope.go:117] "RemoveContainer" containerID="e485ce85c614044b0d2ba56c8a7a5cc09df23e28f3c1656894ec010a4d2532fe"
2025-01-29 17:05:13,838 INFO c.h.h.t.HelmChartContainer - [K3S] [scope.go:117] "RemoveContainer" containerID="4cf1f53cd969ccb32c1787f73677e50ec760386471ceb1fa1c35eb9a6c23ce18"
2025-01-29 17:05:14,383 INFO c.h.h.t.HelmChartContainer - [K3S] [kubelet_volumes.go:163] "Cleaned up orphaned pod volumes dir" podUID="5ad2605c-4dc2-4cc6-b742-7c27ab7085d3" path="/var/lib/kubelet/pods/5ad2605c-4dc2-4cc6-b742-7c27ab7085d3/volumes"
2025-01-29 17:05:18,462 INFO c.h.h.t.HelmChartContainer - Namespace 'customoperatornamespacesit-beta' deleted
2025-01-29 17:05:18,462 INFO c.h.h.t.HelmChartContainer - Release 'test-hivemq-platform-beta' in namespace 'customoperatornamespacesit-beta' is uninstalled
2025-01-29 17:05:18,462 INFO c.h.h.t.HelmChartContainer - Uninstalling release 'test-hivemq-platform-gamma' in namespace 'customoperatornamespacesit-gamma'...
2025-01-29 17:05:18,462 DEBUG c.h.h.t.HelmChartContainer - Executing helm command: /bin/helm --kubeconfig /etc/rancher/k3s/k3s.yaml uninstall test-hivemq-platform-gamma  --wait --timeout 5m0s --cascade foreground --namespace customoperatornamespacesit-gamma
2025-01-29 17:05:20,690 INFO c.h.h.t.HelmChartContainer - Deleting namespace 'customoperatornamespacesit-gamma'...
2025-01-29 17:05:23,369 INFO c.h.h.t.HelmChartContainer - [K3S] [namespace_controller.go:187] "Namespace has been deleted" namespace="customoperatornamespacesit-beta"
2025-01-29 17:05:25,806 INFO c.h.h.t.HelmChartContainer - Namespace 'customoperatornamespacesit-gamma' deleted
2025-01-29 17:05:25,806 INFO c.h.h.t.HelmChartContainer - Release 'test-hivemq-platform-gamma' in namespace 'customoperatornamespacesit-gamma' is uninstalled
2025-01-29 17:05:25,807 INFO c.h.h.t.HelmChartContainer - Uninstalling release 'test-hivemq-platform-operator' in namespace 'customoperatornamespacesit-operator'...
2025-01-29 17:05:25,807 DEBUG c.h.h.t.HelmChartContainer - Executing helm command: /bin/helm --kubeconfig /etc/rancher/k3s/k3s.yaml uninstall test-hivemq-platform-operator  --wait --timeout 5m0s --cascade foreground --namespace customoperatornamespacesit-operator
2025-01-29 17:05:25,973 INFO c.h.h.t.HelmChartContainer - [K3S] [replica_set.go:679] "Finished syncing" kind="ReplicaSet" key="customoperatornamespacesit-operator/hivemq-test-hivemq-platform-operator-6c7f4cc7b" duration="8.385595ms"
2025-01-29 17:05:25,974 INFO c.h.h.t.HelmChartContainer - [K3S] [replica_set.go:679] "Finished syncing" kind="ReplicaSet" key="customoperatornamespacesit-operator/hivemq-test-hivemq-platform-operator-6c7f4cc7b" duration="46.267µs"
2025-01-29 17:05:25,985 INFO c.h.h.t.HelmChartContainer - [POD] hivemq-test-hivemq-platform-operator-6c7f4cc7b-tkhvs [42fceac4-7485-46a1-88da-5e3779dad023] in customoperatornamespacesit-operator was MODIFIED
2025-01-29 17:05:26,004 INFO c.h.h.t.HelmChartContainer - [hivemq-test-hivemq-platform] [hivemq-platform-operator] [42fceac4] 17:05:26.001 [application-shutdown-thread] INFO  c.h.p.o.HiveMQPlatformOperatorApplication - HiveMQ Platform Operator is stopping...
2025-01-29 17:05:26,005 INFO c.h.h.t.HelmChartContainer - [K3S] [replica_set.go:679] "Finished syncing" kind="ReplicaSet" key="customoperatornamespacesit-operator/hivemq-test-hivemq-platform-operator-6c7f4cc7b" duration="18.653708ms"
2025-01-29 17:05:26,008 INFO c.h.h.t.HelmChartContainer - [hivemq-test-hivemq-platform] [hivemq-platform-operator] [42fceac4] 17:05:26.006 [application-shutdown-thread] INFO  i.javaoperatorsdk.operator.Operator - Operator SDK 4.9.7 is shutting down...
2025-01-29 17:05:26,008 INFO c.h.h.t.HelmChartContainer - [EVENT] Normal [Killing] Stopping container hivemq-platform-operator [customoperatornamespacesit-operator:hivemq-test-hivemq-platform-operator-6c7f4cc7b-tkhvs]
2025-01-29 17:05:26,009 INFO c.h.h.t.HelmChartContainer - Received Killing event for container hivemq-platform-operator in pod hivemq-test-hivemq-platform-operator-6c7f4cc7b-tkhvs [42fceac4-7485-46a1-88da-5e3779dad023]
2025-01-29 17:05:26,010 INFO c.h.h.t.HelmChartContainer - Container [hivemq-test-hivemq-platform-operator-6c7f4cc7b-tkhvs] [hivemq-platform-operator] [42fceac4-7485-46a1-88da-5e3779dad023] was terminated
2025-01-29 17:05:26,009 INFO c.h.h.t.HelmChartContainer - [K3S] [replica_set.go:679] "Finished syncing" kind="ReplicaSet" key="customoperatornamespacesit-operator/hivemq-test-hivemq-platform-operator-6c7f4cc7b" duration="44.794µs"
2025-01-29 17:05:26,010 INFO c.h.h.t.HelmChartContainer - Stopped log watcher for hivemq-platform-operator in pod hivemq-test-hivemq-platform-operator-6c7f4cc7b-tkhvs [42fceac4-7485-46a1-88da-5e3779dad023]
2025-01-29 17:05:26,299 INFO c.h.h.t.HelmChartContainer - [K3S] [replica_set.go:679] "Finished syncing" kind="ReplicaSet" key="customoperatornamespacesit-operator/hivemq-test-hivemq-platform-operator-6c7f4cc7b" duration="36.969µs"
2025-01-29 17:05:26,300 INFO c.h.h.t.HelmChartContainer - [POD] hivemq-test-hivemq-platform-operator-6c7f4cc7b-tkhvs [42fceac4-7485-46a1-88da-5e3779dad023] in customoperatornamespacesit-operator was MODIFIED
2025-01-29 17:05:26,408 INFO c.h.h.t.HelmChartContainer - [K3S] [reconciler_common.go:162] "operationExecutor.UnmountVolume started for volume \"kube-api-access-5h8f6\" (UniqueName: \"kubernetes.io/projected/42fceac4-7485-46a1-88da-5e3779dad023-kube-api-access-5h8f6\") pod \"42fceac4-7485-46a1-88da-5e3779dad023\" (UID: \"42fceac4-7485-46a1-88da-5e3779dad023\") "
2025-01-29 17:05:26,508 INFO c.h.h.t.HelmChartContainer - [K3S] [reconciler_common.go:299] "Volume detached for volume \"kube-api-access-5h8f6\" (UniqueName: \"kubernetes.io/projected/42fceac4-7485-46a1-88da-5e3779dad023-kube-api-access-5h8f6\") on node \"dd90f63196ce\" DevicePath \"\""
2025-01-29 17:05:26,746 INFO c.h.h.t.HelmChartContainer - [K3S] [scope.go:117] "RemoveContainer" containerID="5feb30592f0090e98888c273ac990f439d424ba6527613424e9af96f4155cd08"
2025-01-29 17:05:26,749 INFO c.h.h.t.HelmChartContainer - [K3S] [scope.go:117] "RemoveContainer" containerID="5feb30592f0090e98888c273ac990f439d424ba6527613424e9af96f4155cd08"
2025-01-29 17:05:26,757 INFO c.h.h.t.HelmChartContainer - [K3S] [replica_set.go:679] "Finished syncing" kind="ReplicaSet" key="customoperatornamespacesit-operator/hivemq-test-hivemq-platform-operator-6c7f4cc7b" duration="45.044µs"
2025-01-29 17:05:26,758 INFO c.h.h.t.HelmChartContainer - [POD] hivemq-test-hivemq-platform-operator-6c7f4cc7b-tkhvs [42fceac4-7485-46a1-88da-5e3779dad023] in customoperatornamespacesit-operator was MODIFIED
2025-01-29 17:05:26,759 INFO c.h.h.t.HelmChartContainer - [POD] hivemq-test-hivemq-platform-operator-6c7f4cc7b-tkhvs [42fceac4-7485-46a1-88da-5e3779dad023] in customoperatornamespacesit-operator was DELETED
2025-01-29 17:05:26,760 INFO c.h.h.t.HelmChartContainer - [K3S] [replica_set.go:679] "Finished syncing" kind="ReplicaSet" key="customoperatornamespacesit-operator/hivemq-test-hivemq-platform-operator-6c7f4cc7b" duration="24.355µs"
2025-01-29 17:05:26,770 INFO c.h.h.t.HelmChartContainer - [K3S] [replica_set.go:679] "Finished syncing" kind="ReplicaSet" key="customoperatornamespacesit-operator/hivemq-test-hivemq-platform-operator-6c7f4cc7b" duration="5.911µs"
2025-01-29 17:05:28,070 INFO c.h.h.t.HelmChartContainer - Deleting namespace 'customoperatornamespacesit-operator'...
2025-01-29 17:05:28,383 INFO c.h.h.t.HelmChartContainer - [K3S] [kubelet_volumes.go:163] "Cleaned up orphaned pod volumes dir" podUID="42fceac4-7485-46a1-88da-5e3779dad023" path="/var/lib/kubelet/pods/42fceac4-7485-46a1-88da-5e3779dad023/volumes"
2025-01-29 17:05:30,791 INFO c.h.h.t.HelmChartContainer - [K3S] [namespace_controller.go:187] "Namespace has been deleted" namespace="customoperatornamespacesit-gamma"
2025-01-29 17:05:33,295 INFO c.h.h.t.HelmChartContainer - Namespace 'customoperatornamespacesit-operator' deleted
2025-01-29 17:05:33,295 INFO c.h.h.t.HelmChartContainer - Release 'test-hivemq-platform-operator' in namespace 'customoperatornamespacesit-operator' is uninstalled
2025-01-29 17:05:34,086 INFO c.h.helmcharts.AbstractHelmChartIT - Removed unused containers:

2025-01-29 17:05:38,197 INFO c.h.h.t.HelmChartContainer - [K3S] [namespace_controller.go:187] "Namespace has been deleted" namespace="customoperatornamespacesit-operator"
2025-01-29 17:05:42,011 INFO c.h.helmcharts.AbstractHelmChartIT - Removed unused snapshots:
Removing snapshot sha256:03af251906410714c5aef9fa705b63f6bbc39c4a5e787de7361eeb18886c2ed2
Removing snapshot sha256:0c46b3b43cce082ce5ec34ffc6c294e0417d17b9d1e6f366d114b6aadc4f96dc
Removing snapshot sha256:0ce761beee59082d6ed5bcebd3a805b8ddd9b3426b617e4809e7fb7c6587ffec
Removing snapshot sha256:0df91287303208332c8ff6ba40ae4710105201739addbfbddfb955f1ad593664
Removing snapshot sha256:1021ef88c7974bfff89c5a0ec4fd3160daac6c48a075f74cff721f85dd104e68
Removing snapshot sha256:10aba4953ddc18145dd38e3704709bc464aa20af60b56fe52caaff4b68411e62
Removing snapshot sha256:199465b8cc1565d9d57e9cf94496bf60d0fd3d90a4974657e7a2be5c3e95c81f
Removing snapshot sha256:2573e0d8158209ed54ab25c87bcdcb00bd3d2539246960a3d592a1c599d70465
Removing snapshot sha256:362a8a37f8bbc31925a8146adcf7cf51f9882f5c1dcbef67c5baa03a297543c0
Removing snapshot sha256:3fa4ad33f0ddc8fd45b39b6b4640f82a3a83619606cd975bfe89d8710ad2d4cd
Removing snapshot sha256:43a7c979bbaba6838bc3102d6b10a1459f3ab050b87ccdfef84ef90cf43d3058
Removing snapshot sha256:4ab04491cdf0d3267f08206fe30bd48f49f94b9cab2f016d6739220f722a64af
Removing snapshot sha256:4b6068250e89c96f263060261819c7d912855bfbd64b3eb4c4a8483299b8c295
Removing snapshot sha256:580e69a0a8034ede1921139bbd2bfb72a69ebf276d008281896c32dd8bf74775
Removing snapshot sha256:5d30ba46b27fe37484567ccc5242cadc78217b8da605f3f195ef25cbf7487904
Removing snapshot sha256:63ca1fbb43ae5034640e5e6cb3e083e05c290072c5366fcaa9d62435a4cced85
Removing snapshot sha256:67f702c6baae873bceb19487c8b1f27bd2b86077e4f2f0e480e6d60ab508b8f5
Removing snapshot sha256:6864348dd42806d552efdec384f1274be15e2d0c10ce44c1f04347af004c10a9
Removing snapshot sha256:6c7dee8f2c39b84b7dc2711c01d33de93514d9055499173e9290176fbe484b6c
Removing snapshot sha256:82753493a6d61ded36556292f02f31841a14c20d2f279f19eaad65afb661d5cd
Removing snapshot sha256:8a10d3db42c505ee0fcfa98417bdd7e39b304f6bcc0a06bb1b220797ff2cc63c
Removing snapshot sha256:a0904247e36a7726c03c71ee48f3e64462021c88dafeb13f37fdaf613b27f11c
Removing snapshot sha256:a21e5b12dbac529ad45d976eb9ce45c881f3bedcc500fb30aba1e52aa1813418
Removing snapshot sha256:b921e6c28969094157f9b8e7244677780319637afd14450b7cb6b2fdea558a0c
Removing snapshot sha256:bc27ecb5769a00e309cf99ebc763c4a4b958b618d1decc96ffac5bc05f02f5b7
Removing snapshot sha256:be3ccb6627a5332e309d45ef461d09b4879dd870c7394d89323d0ebc6ca6aa8a
Removing snapshot sha256:c261f7cbbc64211ee175ee47273acdb7b1a36a4450b397a064a8f2c026490095
Removing snapshot sha256:c34d9393647eea0c9e3557ab988efaf59f61d10a2a5613b439ef0958cca5ec10
Removing snapshot sha256:ccf3c4a0fa967a41c1c83497a2ce6fa5787965859df0adb32c4ca2cf7490bc2b
Removing snapshot sha256:cf92d33f869417309692088c341cd0f223c178ea78a125f757317b22aa8f90e9
Removing snapshot sha256:d0037344cf2fb078884f1849f6a1f8cf9a33a3b6139b6a85833e5ee528e1f9a8
Removing snapshot sha256:d3b36d5b79273b1e98e7700470eaeff05a882e777124d84cebcc1505b85ecb36
Removing snapshot sha256:d65a44a37914602d12c611e5e22a50f11451d847e63015cc1c2aef92dee777a4
Removing snapshot sha256:e2dc0bae2455930f23ae570e019b7f32edc75c0f2d71cab084db837ff9051796
Removing snapshot sha256:e31519795c7e3df686c447a21ec8d2eb301388a5e39ccf7f20a25c6f6ce3a522
Removing snapshot sha256:e9e86ed11d9bebc0707dd6f1166c51237ebb44f98657241f943261b2675a5449
Removing snapshot sha256:eccbd24a99c60cd9e86ee5305dbfc4a4dc89f5ab4fb1f06c8d64797cecedef34
Removing snapshot sha256:edd1404c718ab99ca3456bdf222065033800bb67d4334a9642746685a24394cd
Removing snapshot sha256:f144bb4c7c7f0d2aa7eeffd36d934ec40db1ee167be727e326aad9fdc616f475
Removing snapshot sha256:ff2300fdf5edf0e2099ab95113acdaa863b76b006b3cb425ea80f57f386d602f

]]></system-out>
  </testcase>
  <system-out><![CDATA[2025-01-29 17:03:39,845 INFO c.h.h.t.HelmChartContainerExtension - Using cached HelmChartContainer instance
]]></system-out>
  <system-err><![CDATA[]]></system-err>
</testsuite>
