<?xml version="1.0" encoding="UTF-8"?>
<testsuite name="com.hivemq.helmcharts.serviceaccount.HelmCustomServiceAccountCreateMissingServiceAccountIT" tests="1" skipped="0" failures="0" errors="0" timestamp="2025-06-11T16:17:54" hostname="fv-az1393-812" time="88.493">
  <properties/>
  <testcase name="platformCharts_withNonExistingCustomServiceAccountThenCreate_hivemqRunning()" classname="com.hivemq.helmcharts.serviceaccount.HelmCustomServiceAccountCreateMissingServiceAccountIT" time="88.493"/>
</testsuite>
