<?xml version="1.0" encoding="UTF-8"?>
<testsuite name="com.hivemq.helmcharts.platform.HelmUpgradePlatformIT" tests="1" skipped="0" failures="0" errors="0" timestamp="2025-01-29T13:41:39" hostname="fv-az1344-873" time="159.182">
  <properties/>
  <testcase name="withDeployedPlatform_upgradeIncreasingReplicaCount()" classname="com.hivemq.helmcharts.platform.HelmUpgradePlatformIT" time="159.182">
    <system-out><![CDATA[2025-01-29 13:41:39,031 INFO c.h.h.t.HelmChartContainer - Creating namespace 'helmupgradeplatformit-operator'...
2025-01-29 13:41:39,043 INFO c.h.h.t.HelmChartContainer - Namespace 'helmupgradeplatformit-operator' created
2025-01-29 13:41:39,043 INFO c.h.h.t.HelmChartContainer - Creating namespace 'helmupgradeplatformit'...
2025-01-29 13:41:39,055 INFO c.h.h.t.HelmChartContainer - Namespace 'helmupgradeplatformit' created
2025-01-29 13:41:39,125 DEBUG c.h.h.t.HelmChartContainer - Executing helm command: /bin/helm --kubeconfig /etc/rancher/k3s/k3s.yaml install test-hivemq-platform-operator /charts/hivemq-platform-operator --wait --timeout 5m0s --set image.repository=docker.io/hivemq --set image.name=hivemq-platform-operator-test --set image.initImageName=hivemq-platform-operator-init-test --set image.tag=snapshot --set image.pullPolicy=Never --set logLevel=DEBUG --set resources.cpu=512m --namespace helmupgradeplatformit-operator
2025-01-29 13:41:39,422 INFO c.h.h.t.HelmChartContainer - [K3S] [alloc.go:330] "allocated clusterIPs" service="helmupgradeplatformit-operator/hivemq-platform-operator-test-hivemq-platform-operator" clusterIPs={"IPv4":"10.43.113.182"}
2025-01-29 13:41:39,435 INFO c.h.h.t.HelmChartContainer - [EVENT] Normal [ScalingReplicaSet] Scaled up replica set hivemq-test-hivemq-platform-operator-6966f96d65 from 0 to 1 [helmupgradeplatformit-operator:hivemq-test-hivemq-platform-operator]
2025-01-29 13:41:39,447 INFO c.h.h.t.HelmChartContainer - [K3S] [memory_manager.go:355] "RemoveStaleState removing state" podUID="8949efc6-1457-4bf9-acf9-54be65646bdd" containerName="hivemq"
2025-01-29 13:41:39,447 INFO c.h.h.t.HelmChartContainer - [K3S] [memory_manager.go:355] "RemoveStaleState removing state" podUID="462b0b3e-a250-42cc-9653-934cfafbe151" containerName="hivemq"
2025-01-29 13:41:39,447 INFO c.h.h.t.HelmChartContainer - [EVENT] Normal [SuccessfulCreate] Created pod: hivemq-test-hivemq-platform-operator-6966f96d65-s7wsv [helmupgradeplatformit-operator:hivemq-test-hivemq-platform-operator-6966f96d65]
2025-01-29 13:41:39,447 INFO c.h.h.t.HelmChartContainer - [K3S] [memory_manager.go:355] "RemoveStaleState removing state" podUID="f74cd839-c725-4ecb-b23c-33d37c1976d0" containerName="hivemq-platform-operator"
2025-01-29 13:41:39,447 INFO c.h.h.t.HelmChartContainer - [POD] hivemq-test-hivemq-platform-operator-6966f96d65-s7wsv [a756ca37-b56d-4984-910b-85a7bfada72b] in helmupgradeplatformit-operator was ADDED
2025-01-29 13:41:39,449 INFO c.h.h.t.HelmChartContainer - [POD] hivemq-test-hivemq-platform-operator-6966f96d65-s7wsv [a756ca37-b56d-4984-910b-85a7bfada72b] in helmupgradeplatformit-operator was MODIFIED
2025-01-29 13:41:39,452 INFO c.h.h.t.HelmChartContainer - [K3S] [replica_set.go:679] "Finished syncing" kind="ReplicaSet" key="helmupgradeplatformit-operator/hivemq-test-hivemq-platform-operator-6966f96d65" duration="18.759995ms"
2025-01-29 13:41:39,461 INFO c.h.h.t.HelmChartContainer - [K3S] [replica_set.go:679] "Finished syncing" kind="ReplicaSet" key="helmupgradeplatformit-operator/hivemq-test-hivemq-platform-operator-6966f96d65" duration="8.726792ms"
2025-01-29 13:41:39,461 INFO c.h.h.t.HelmChartContainer - [K3S] [replica_set.go:679] "Finished syncing" kind="ReplicaSet" key="helmupgradeplatformit-operator/hivemq-test-hivemq-platform-operator-6966f96d65" duration="37.841µs"
2025-01-29 13:41:39,463 INFO c.h.h.t.HelmChartContainer - [EVENT] Normal [Scheduled] Successfully assigned helmupgradeplatformit-operator/hivemq-test-hivemq-platform-operator-6966f96d65-s7wsv to f2fb91bd7664 [helmupgradeplatformit-operator:hivemq-test-hivemq-platform-operator-6966f96d65-s7wsv]
2025-01-29 13:41:39,465 INFO c.h.h.t.HelmChartContainer - [K3S] [replica_set.go:679] "Finished syncing" kind="ReplicaSet" key="helmupgradeplatformit-operator/hivemq-test-hivemq-platform-operator-6966f96d65" duration="32.421µs"
2025-01-29 13:41:39,469 INFO c.h.h.t.HelmChartContainer - [POD] hivemq-test-hivemq-platform-operator-6966f96d65-s7wsv [a756ca37-b56d-4984-910b-85a7bfada72b] in helmupgradeplatformit-operator was MODIFIED
2025-01-29 13:41:39,558 INFO c.h.h.t.HelmChartContainer - [K3S] [reconciler_common.go:251] "operationExecutor.VerifyControllerAttachedVolume started for volume \"kube-api-access-ks5pn\" (UniqueName: \"kubernetes.io/projected/a756ca37-b56d-4984-910b-85a7bfada72b-kube-api-access-ks5pn\") pod \"hivemq-test-hivemq-platform-operator-6966f96d65-s7wsv\" (UID: \"a756ca37-b56d-4984-910b-85a7bfada72b\") " pod="helmupgradeplatformit-operator/hivemq-test-hivemq-platform-operator-6966f96d65-s7wsv"
2025-01-29 13:41:39,842 INFO c.h.h.t.HelmChartContainer - [EVENT] Normal [Pulled] Container image "docker.io/hivemq/hivemq-platform-operator-test:snapshot" already present on machine [helmupgradeplatformit-operator:hivemq-test-hivemq-platform-operator-6966f96d65-s7wsv]
2025-01-29 13:41:39,842 INFO c.h.h.t.HelmChartContainer - Received Pulled event for container hivemq-platform-operator in pod hivemq-test-hivemq-platform-operator-6966f96d65-s7wsv [a756ca37-b56d-4984-910b-85a7bfada72b]
2025-01-29 13:41:41,136 INFO c.h.h.t.HelmChartContainer - [EVENT] Normal [Created] Created container: hivemq-platform-operator [helmupgradeplatformit-operator:hivemq-test-hivemq-platform-operator-6966f96d65-s7wsv]
2025-01-29 13:41:41,136 INFO c.h.h.t.HelmChartContainer - Received Created event for container hivemq-platform-operator in pod hivemq-test-hivemq-platform-operator-6966f96d65-s7wsv [a756ca37-b56d-4984-910b-85a7bfada72b]
2025-01-29 13:41:41,594 INFO c.h.h.t.HelmChartContainer - [K3S] [replica_set.go:679] "Finished syncing" kind="ReplicaSet" key="helmupgradeplatformit-operator/hivemq-test-hivemq-platform-operator-6966f96d65" duration="38.482µs"
2025-01-29 13:41:41,597 INFO c.h.h.t.HelmChartContainer - [POD] hivemq-test-hivemq-platform-operator-6966f96d65-s7wsv [a756ca37-b56d-4984-910b-85a7bfada72b] in helmupgradeplatformit-operator was MODIFIED
2025-01-29 13:41:41,602 INFO c.h.h.t.HelmChartContainer - Started log watcher for hivemq-platform-operator in pod hivemq-test-hivemq-platform-operator-6966f96d65-s7wsv [a756ca37-b56d-4984-910b-85a7bfada72b]
2025-01-29 13:41:41,602 INFO c.h.h.t.HelmChartContainer - [EVENT] Normal [Started] Started container hivemq-platform-operator [helmupgradeplatformit-operator:hivemq-test-hivemq-platform-operator-6966f96d65-s7wsv]
2025-01-29 13:41:41,602 INFO c.h.h.t.HelmChartContainer - Received Started event for container hivemq-platform-operator in pod hivemq-test-hivemq-platform-operator-6966f96d65-s7wsv [a756ca37-b56d-4984-910b-85a7bfada72b]
2025-01-29 13:41:41,603 INFO c.h.h.t.HelmChartContainer - [hivemq-test-hivemq-platform] [hivemq-platform-operator] [a756ca37] -------------------------------------------------------------------------
2025-01-29 13:41:41,603 INFO c.h.h.t.HelmChartContainer - [hivemq-test-hivemq-platform] [hivemq-platform-operator] [a756ca37] 
2025-01-29 13:41:41,603 INFO c.h.h.t.HelmChartContainer - [hivemq-test-hivemq-platform] [hivemq-platform-operator] [a756ca37]                   _    _  _              __  __   ____
2025-01-29 13:41:41,603 INFO c.h.h.t.HelmChartContainer - [hivemq-test-hivemq-platform] [hivemq-platform-operator] [a756ca37]                  | |  | |(_)            |  \/  | / __ \
2025-01-29 13:41:41,603 INFO c.h.h.t.HelmChartContainer - [hivemq-test-hivemq-platform] [hivemq-platform-operator] [a756ca37]                  | |__| | _ __   __ ___ | \  / || |  | |
2025-01-29 13:41:41,603 INFO c.h.h.t.HelmChartContainer - [hivemq-test-hivemq-platform] [hivemq-platform-operator] [a756ca37]                  |  __  || |\ \ / // _ \| |\/| || |  | |
2025-01-29 13:41:41,603 INFO c.h.h.t.HelmChartContainer - [hivemq-test-hivemq-platform] [hivemq-platform-operator] [a756ca37]                  | |  | || | \ V /|  __/| |  | || |__| |
2025-01-29 13:41:41,603 INFO c.h.h.t.HelmChartContainer - [hivemq-test-hivemq-platform] [hivemq-platform-operator] [a756ca37]                  |_|  |_||_|  \_/  \___||_|  |_| \___\_\
2025-01-29 13:41:41,603 INFO c.h.h.t.HelmChartContainer - [hivemq-test-hivemq-platform] [hivemq-platform-operator] [a756ca37] 
2025-01-29 13:41:41,603 INFO c.h.h.t.HelmChartContainer - [hivemq-test-hivemq-platform] [hivemq-platform-operator] [a756ca37] -------------------------------------------------------------------------
2025-01-29 13:41:41,603 INFO c.h.h.t.HelmChartContainer - [hivemq-test-hivemq-platform] [hivemq-platform-operator] [a756ca37] 
2025-01-29 13:41:41,603 INFO c.h.h.t.HelmChartContainer - [hivemq-test-hivemq-platform] [hivemq-platform-operator] [a756ca37]   HiveMQ Platform Operator Start Script v1.0
2025-01-29 13:41:41,603 INFO c.h.h.t.HelmChartContainer - [hivemq-test-hivemq-platform] [hivemq-platform-operator] [a756ca37] 
2025-01-29 13:41:41,603 INFO c.h.h.t.HelmChartContainer - [hivemq-test-hivemq-platform] [hivemq-platform-operator] [a756ca37] -------------------------------------------------------------------------
2025-01-29 13:41:41,603 INFO c.h.h.t.HelmChartContainer - [hivemq-test-hivemq-platform] [hivemq-platform-operator] [a756ca37] 
2025-01-29 13:41:41,603 INFO c.h.h.t.HelmChartContainer - [hivemq-test-hivemq-platform] [hivemq-platform-operator] [a756ca37]   JAVA_OPTS: -XX:+UnlockExperimentalVMOptions -XX:InitialRAMPercentage=75 -XX:MaxRAMPercentage=75 -Duser.language=en -Duser.region=US
2025-01-29 13:41:41,603 INFO c.h.h.t.HelmChartContainer - [hivemq-test-hivemq-platform] [hivemq-platform-operator] [a756ca37] 
2025-01-29 13:41:41,603 INFO c.h.h.t.HelmChartContainer - [hivemq-test-hivemq-platform] [hivemq-platform-operator] [a756ca37]   JAVA_VERSION: 21
2025-01-29 13:41:41,603 INFO c.h.h.t.HelmChartContainer - [hivemq-test-hivemq-platform] [hivemq-platform-operator] [a756ca37] 
2025-01-29 13:41:41,603 INFO c.h.h.t.HelmChartContainer - [hivemq-test-hivemq-platform] [hivemq-platform-operator] [a756ca37] -------------------------------------------------------------------------
2025-01-29 13:41:41,603 INFO c.h.h.t.HelmChartContainer - [hivemq-test-hivemq-platform] [hivemq-platform-operator] [a756ca37] 
2025-01-29 13:41:44,456 INFO c.h.h.t.HelmChartContainer - [hivemq-test-hivemq-platform] [hivemq-platform-operator] [a756ca37] 13:41:44.453 [main] DEBUG org.jboss.logging - Logging Provider: org.jboss.logging.Slf4jLoggerProvider
2025-01-29 13:41:44,562 INFO c.h.h.t.HelmChartContainer - [hivemq-test-hivemq-platform] [hivemq-platform-operator] [a756ca37] 13:41:44.561 [main] DEBUG io.smallrye.config - SRCFG01006: Loaded ConfigSource SysPropConfigSource with ordinal 400
2025-01-29 13:41:44,563 INFO c.h.h.t.HelmChartContainer - [hivemq-test-hivemq-platform] [hivemq-platform-operator] [a756ca37] 13:41:44.561 [main] DEBUG io.smallrye.config - SRCFG01006: Loaded ConfigSource EnvConfigSource with ordinal 300
2025-01-29 13:41:44,563 INFO c.h.h.t.HelmChartContainer - [hivemq-test-hivemq-platform] [hivemq-platform-operator] [a756ca37] 13:41:44.561 [main] DEBUG io.smallrye.config - SRCFG01006: Loaded ConfigSource PropertiesConfigSource[source=jar:file:///opt/hivemq-platform-operator/bin/hivemq-platform-operator.jar!/hivemq-platform-operator.properties] with ordinal 100
2025-01-29 13:41:44,563 INFO c.h.h.t.HelmChartContainer - [hivemq-test-hivemq-platform] [hivemq-platform-operator] [a756ca37] 13:41:44.561 [main] DEBUG io.smallrye.config - SRCFG01006: Loaded ConfigSource DefaultValuesConfigSource with ordinal -2147483648
2025-01-29 13:41:44,657 INFO c.h.h.t.HelmChartContainer - [hivemq-test-hivemq-platform] [hivemq-platform-operator] [a756ca37] 13:41:44.656 [main] DEBUG i.m.c.u.i.l.InternalLoggerFactory - Using SLF4J as the default logging framework
2025-01-29 13:41:44,768 INFO c.h.h.t.HelmChartContainer - [hivemq-test-hivemq-platform] [hivemq-platform-operator] [a756ca37] 13:41:44.759 [main] INFO  c.h.p.o.HiveMQPlatformOperatorApplication - HiveMQ Platform Operator 1.7.0-SNAPSHOT (commit: bebf408 on branch: HEAD) built on Sun Jan 26 20:47:47 UTC 2025
2025-01-29 13:41:44,769 INFO c.h.h.t.HelmChartContainer - [hivemq-test-hivemq-platform] [hivemq-platform-operator] [a756ca37] 13:41:44.767 [main] INFO  c.h.p.o.HiveMQPlatformOperatorApplication - HiveMQ Platform Operator is running in namespace: helmupgradeplatformit-operator
2025-01-29 13:41:44,770 INFO c.h.h.t.HelmChartContainer - [hivemq-test-hivemq-platform] [hivemq-platform-operator] [a756ca37] 13:41:44.767 [main] INFO  c.h.p.o.HiveMQPlatformOperatorApplication - Watching all namespaces
2025-01-29 13:41:44,770 INFO c.h.h.t.HelmChartContainer - [hivemq-test-hivemq-platform] [hivemq-platform-operator] [a756ca37] 13:41:44.767 [main] INFO  c.h.p.o.HiveMQPlatformOperatorApplication - Log level: DEBUG
2025-01-29 13:41:44,770 INFO c.h.h.t.HelmChartContainer - [hivemq-test-hivemq-platform] [hivemq-platform-operator] [a756ca37] 13:41:44.767 [main] INFO  c.h.p.o.HiveMQPlatformOperatorApplication - Release name: test-hivemq-platform-operator
2025-01-29 13:41:44,770 INFO c.h.h.t.HelmChartContainer - [hivemq-test-hivemq-platform] [hivemq-platform-operator] [a756ca37] 13:41:44.767 [main] INFO  c.h.p.o.HiveMQPlatformOperatorApplication - HiveMQ Platform Operator Init image: docker.io/hivemq/hivemq-platform-operator-init-test:snapshot
2025-01-29 13:41:44,770 INFO c.h.h.t.HelmChartContainer - [hivemq-test-hivemq-platform] [hivemq-platform-operator] [a756ca37] 13:41:44.767 [main] INFO  c.h.p.o.HiveMQPlatformOperatorApplication - HiveMQ Platform Operator Init App update URL: http://hivemq-platform-operator-test-hivemq-platform-operator.helmupgradeplatformit-operator.svc:8080/initAppUpdate/hivemq-platform-operator-init-app-1.7.0-SNAPSHOT.jar
2025-01-29 13:41:44,770 INFO c.h.h.t.HelmChartContainer - [hivemq-test-hivemq-platform] [hivemq-platform-operator] [a756ca37] 13:41:44.767 [main] INFO  c.h.p.o.HiveMQPlatformOperatorApplication - Additional imagePullSecret for all Platform deployments: none
2025-01-29 13:41:44,770 INFO c.h.h.t.HelmChartContainer - [hivemq-test-hivemq-platform] [hivemq-platform-operator] [a756ca37] 13:41:44.767 [main] INFO  c.h.p.o.HiveMQPlatformOperatorApplication - Apply HiveMQ Platform CRD: true
2025-01-29 13:41:44,770 INFO c.h.h.t.HelmChartContainer - [hivemq-test-hivemq-platform] [hivemq-platform-operator] [a756ca37] 13:41:44.767 [main] INFO  c.h.p.o.HiveMQPlatformOperatorApplication - Create Platform ServiceAccount: true
2025-01-29 13:41:44,770 INFO c.h.h.t.HelmChartContainer - [hivemq-test-hivemq-platform] [hivemq-platform-operator] [a756ca37] 13:41:44.767 [main] INFO  c.h.p.o.HiveMQPlatformOperatorApplication - Create Platform ServiceAccount permissions: true
2025-01-29 13:41:44,770 INFO c.h.h.t.HelmChartContainer - [hivemq-test-hivemq-platform] [hivemq-platform-operator] [a756ca37] 13:41:44.768 [main] INFO  c.h.p.o.HiveMQPlatformOperatorApplication - Validate Platform ServiceAccount: true
2025-01-29 13:41:44,771 INFO c.h.h.t.HelmChartContainer - [hivemq-test-hivemq-platform] [hivemq-platform-operator] [a756ca37] 13:41:44.768 [main] INFO  c.h.p.o.HiveMQPlatformOperatorApplication - Validate Platform ServiceAccount permissions: true
2025-01-29 13:41:44,954 INFO c.h.h.t.HelmChartContainer - [hivemq-test-hivemq-platform] [hivemq-platform-operator] [a756ca37] 13:41:44.952 [main] INFO  c.h.platform.operator.util.CRDUtil - Verifying deployed HiveMQ Platform CRD...
2025-01-29 13:41:47,459 INFO c.h.h.t.HelmChartContainer - [hivemq-test-hivemq-platform] [hivemq-platform-operator] [a756ca37] 13:41:47.458 [main] DEBUG c.h.platform.operator.util.CRDUtil - HiveMQ Platform CRD version v1 is up to date
2025-01-29 13:41:47,460 INFO c.h.h.t.HelmChartContainer - [hivemq-test-hivemq-platform] [hivemq-platform-operator] [a756ca37] 13:41:47.458 [main] INFO  c.h.platform.operator.util.CRDUtil - HiveMQ Platform CRD is up to date (version: V1_6_0)
2025-01-29 13:41:47,460 INFO c.h.h.t.HelmChartContainer - [hivemq-test-hivemq-platform] [hivemq-platform-operator] [a756ca37] 13:41:47.458 [main] INFO  c.h.platform.operator.util.CRDUtil - Waiting 10000 ms for HiveMQ Platform CRD 'hivemq-platforms.hivemq.com' to become ready...
2025-01-29 13:41:47,861 INFO c.h.h.t.HelmChartContainer - [hivemq-test-hivemq-platform] [hivemq-platform-operator] [a756ca37] 13:41:47.858 [vert.x-eventloop-thread-1] DEBUG c.h.platform.operator.util.CRDUtil - Checking CRD condition 'NamesAccepted' (status: 'True')
2025-01-29 13:41:47,861 INFO c.h.h.t.HelmChartContainer - [hivemq-test-hivemq-platform] [hivemq-platform-operator] [a756ca37] 13:41:47.859 [vert.x-eventloop-thread-1] DEBUG c.h.platform.operator.util.CRDUtil - Checking CRD condition 'Established' (status: 'True')
2025-01-29 13:41:47,861 INFO c.h.h.t.HelmChartContainer - [hivemq-test-hivemq-platform] [hivemq-platform-operator] [a756ca37] 13:41:47.860 [main] INFO  c.h.platform.operator.util.CRDUtil - HiveMQ Platform CRD 'hivemq-platforms.hivemq.com' is ready
2025-01-29 13:41:48,064 INFO c.h.h.t.HelmChartContainer - [hivemq-test-hivemq-platform] [hivemq-platform-operator] [a756ca37] 13:41:48.063 [main] INFO  c.h.p.o.HiveMQPlatformReconciler - HiveMQ Platform Operator is starting...
2025-01-29 13:41:48,172 INFO c.h.h.t.HelmChartContainer - [hivemq-test-hivemq-platform] [hivemq-platform-operator] [a756ca37] 13:41:48.171 [main] WARN  Default ConfigurationService implementation - Configuration for reconciler 'hivemq-controller' was not found. Known reconcilers: None.
2025-01-29 13:41:48,260 INFO c.h.h.t.HelmChartContainer - [hivemq-test-hivemq-platform] [hivemq-platform-operator] [a756ca37] 13:41:48.258 [main] INFO  Default ConfigurationService implementation - Created configuration for reconciler com.hivemq.platform.operator.HiveMQPlatformReconciler with name hivemq-controller
2025-01-29 13:41:48,368 INFO c.h.h.t.HelmChartContainer - [hivemq-test-hivemq-platform] [hivemq-platform-operator] [a756ca37] 13:41:48.367 [main] DEBUG c.h.p.o.HiveMQPlatformReconciler - HiveMQ Platform Operator is preparing EventSources
2025-01-29 13:41:48,459 INFO c.h.h.t.HelmChartContainer - [hivemq-test-hivemq-platform] [hivemq-platform-operator] [a756ca37] 13:41:48.457 [main] INFO  i.javaoperatorsdk.operator.Operator - Registered reconciler: 'hivemq-controller' for resource: 'class com.hivemq.platform.operator.v1.HiveMQPlatform' for namespace(s): [all namespaces]
2025-01-29 13:41:49,057 INFO c.h.h.t.HelmChartContainer - [hivemq-test-hivemq-platform] [hivemq-platform-operator] [a756ca37] 13:41:49.056 [main] INFO  c.h.p.operator.webserver.JettyServer - Starting Jetty server on port 8080
2025-01-29 13:41:49,077 INFO c.h.h.t.HelmChartContainer - [hivemq-test-hivemq-platform] [hivemq-platform-operator] [a756ca37] 13:41:49.075 [main] INFO  i.javaoperatorsdk.operator.Operator - Operator SDK 4.9.7 (commit: 2133d28) built on Wed Nov 20 12:56:20 UTC 2024 starting...
2025-01-29 13:41:49,077 INFO c.h.h.t.HelmChartContainer - [hivemq-test-hivemq-platform] [hivemq-platform-operator] [a756ca37] 13:41:49.075 [main] INFO  i.javaoperatorsdk.operator.Operator - Client version: 6.13.4
2025-01-29 13:41:49,078 INFO c.h.h.t.HelmChartContainer - [hivemq-test-hivemq-platform] [hivemq-platform-operator] [a756ca37] 13:41:49.077 [Controller Starter for: hivemq-controller] INFO  i.j.operator.processing.Controller - Starting 'hivemq-controller' controller for reconciler: com.hivemq.platform.operator.HiveMQPlatformReconciler, resource: com.hivemq.platform.operator.v1.HiveMQPlatform
2025-01-29 13:41:51,463 INFO c.h.h.t.HelmChartContainer - [hivemq-test-hivemq-platform] [hivemq-platform-operator] [a756ca37] 13:41:51.463 [Controller Starter for: hivemq-controller] INFO  i.j.operator.processing.Controller - 'hivemq-controller' controller started
2025-01-29 13:41:51,465 INFO c.h.h.t.HelmChartContainer - [hivemq-test-hivemq-platform] [hivemq-platform-operator] [a756ca37] 13:41:51.463 [main] INFO  c.h.p.o.HiveMQPlatformOperatorApplication - HiveMQ Platform Operator 1.7.0-SNAPSHOT started in 6704 ms
2025-01-29 13:41:52,601 INFO c.h.h.t.HelmChartContainer - [POD] hivemq-test-hivemq-platform-operator-6966f96d65-s7wsv [a756ca37-b56d-4984-910b-85a7bfada72b] in helmupgradeplatformit-operator was MODIFIED
2025-01-29 13:41:52,606 INFO c.h.h.t.HelmChartContainer - [K3S] [replica_set.go:679] "Finished syncing" kind="ReplicaSet" key="helmupgradeplatformit-operator/hivemq-test-hivemq-platform-operator-6966f96d65" duration="7.643518ms"
2025-01-29 13:41:52,607 INFO c.h.h.t.HelmChartContainer - [K3S] [replica_set.go:679] "Finished syncing" kind="ReplicaSet" key="helmupgradeplatformit-operator/hivemq-test-hivemq-platform-operator-6966f96d65" duration="37.952µs"
2025-01-29 13:41:53,567 DEBUG c.h.h.t.HelmChartContainer - Executing helm command: /bin/helm --kubeconfig /etc/rancher/k3s/k3s.yaml install test-hivemq-platform /charts/hivemq-platform --wait --timeout 5m0s --set image.repository=docker.io/hivemq --set image.tag=4.36.0 --set image.pullPolicy=Never --set nodes.resources.cpu=512m --set nodes.replicaCount=1 --namespace helmupgradeplatformit
2025-01-29 13:41:54,015 INFO c.h.h.t.HelmChartContainer - [hivemq-test-hivemq-platform] [hivemq-platform-operator] [a756ca37] 13:41:54.013 [-373097727-pool-1-thread-3] WARN  i.m.p.PrometheusMeterRegistry - The meter (MeterId{name='operator.sdk.events.received', tags=[tag(action=ADDED),tag(event=ResourceEvent),tag(group=hivemq.com),tag(kind=HiveMQPlatform),tag(name=test-hivemq-platform),tag(namespace=helmupgradeplatformit),tag(scope=namespace),tag(version=v1)]}) registration has failed: Prometheus requires that all meters with the same name have the same set of tag keys. There is already an existing meter named 'operator.sdk.events.received' containing tag keys [event, group, kind, name, namespace, scope, version]. The meter you are attempting to register has keys [action, event, group, kind, name, namespace, scope, version]. Note that subsequent logs will be logged at debug level.
2025-01-29 13:41:54,469 INFO c.h.h.t.HelmChartContainer - [hivemq-test-hivemq-platform] [hivemq-platform-operator] [a756ca37] 13:41:54.467 [pool-6-thread-3] DEBUG c.h.p.o.dependants.PodInfoConfigMap - [helmupgr] Desired PodInfo ConfigMap (1 extensions) (1 enabled)
2025-01-29 13:41:54,469 INFO c.h.h.t.HelmChartContainer - [hivemq-test-hivemq-platform] [hivemq-platform-operator] [a756ca37] 13:41:54.467 [pool-6-thread-3] DEBUG c.h.p.o.dependants.PodInfoConfigMap - [helmupgr] Desired PodInfo ConfigMap (metrics port: 9399) (metrics path: /)
2025-01-29 13:41:54,469 INFO c.h.h.t.HelmChartContainer - [hivemq-test-hivemq-platform] [hivemq-platform-operator] [a756ca37] 13:41:54.468 [pool-6-thread-3] DEBUG c.h.p.o.dependants.PodInfoConfigMap - [helmupgr] Desired PodInfo ConfigMap (extension state hash: -1817474005)
2025-01-29 13:41:54,471 INFO c.h.h.t.HelmChartContainer - [hivemq-test-hivemq-platform] [hivemq-platform-operator] [a756ca37] 13:41:54.470 [pool-6-thread-3] DEBUG c.h.p.o.dependants.PodInfoConfigMap - [helmupgr] Create PodInfo ConfigMap
2025-01-29 13:41:54,656 INFO c.h.h.t.HelmChartContainer - [hivemq-test-hivemq-platform] [hivemq-platform-operator] [a756ca37] 13:41:54.653 [pool-6-thread-5] DEBUG c.h.p.o.dependants.PodRoleResource - [helmupgr] Create Role: Role(apiVersion=rbac.authorization.k8s.io/v1, kind=Role, metadata=ObjectMeta(annotations={meta.helm.sh/release-name=test-hivemq-platform, meta.helm.sh/release-namespace=helmupgradeplatformit}, creationTimestamp=null, deletionGracePeriodSeconds=null, deletionTimestamp=null, finalizers=[], generateName=null, generation=null, labels={helm.sh/chart=hivemq-platform-0.2.32, app.kubernetes.io/managed-by=Helm, app.kubernetes.io/name=hivemq-platform, hivemq-platform=test-hivemq-platform, app.kubernetes.io/instance=test-hivemq-platform, app.kubernetes.io/version=4.36.0}, managedFields=[], name=hivemq-platform-role-test-hivemq-platform, namespace=helmupgradeplatformit, ownerReferences=[OwnerReference(apiVersion=hivemq.com/v1, blockOwnerDeletion=null, controller=null, kind=HiveMQPlatform, name=test-hivemq-platform, uid=a3c68df4-e6f9-4456-b192-7ac674041a32, additionalProperties={})], resourceVersion=null, selfLink=null, uid=null, additionalProperties={}), rules=[PolicyRule(apiGroups=[], nonResourceURLs=[], resourceNames=[], resources=[pods], verbs=[get, patch, update], additionalProperties={})], additionalProperties={})
2025-01-29 13:41:54,759 INFO c.h.h.t.HelmChartContainer - [hivemq-test-hivemq-platform] [hivemq-platform-operator] [a756ca37] 13:41:54.756 [pool-6-thread-7] DEBUG c.h.p.o.d.PodServiceAccountResource - [helmupgr] Desired PodServiceAccountResource (serviceAccountName: hivemq-platform-pod-test-hivemq-platform)
2025-01-29 13:41:54,759 INFO c.h.h.t.HelmChartContainer - [hivemq-test-hivemq-platform] [hivemq-platform-operator] [a756ca37] 13:41:54.756 [pool-6-thread-7] DEBUG c.h.p.o.d.PodServiceAccountResource - [helmupgr] Create ServiceAccount 'hivemq-platform-pod-test-hivemq-platform'
2025-01-29 13:41:54,861 INFO c.h.h.t.HelmChartContainer - [hivemq-test-hivemq-platform] [hivemq-platform-operator] [a756ca37] 13:41:54.859 [pool-6-thread-10] DEBUG c.h.p.o.d.PodRoleBindingResource - [helmupgr] Create RoleBinding: RoleBinding(apiVersion=rbac.authorization.k8s.io/v1, kind=RoleBinding, metadata=ObjectMeta(annotations={meta.helm.sh/release-name=test-hivemq-platform, meta.helm.sh/release-namespace=helmupgradeplatformit}, creationTimestamp=null, deletionGracePeriodSeconds=null, deletionTimestamp=null, finalizers=[], generateName=null, generation=null, labels={helm.sh/chart=hivemq-platform-0.2.32, app.kubernetes.io/managed-by=Helm, app.kubernetes.io/name=hivemq-platform, hivemq-platform=test-hivemq-platform, app.kubernetes.io/instance=test-hivemq-platform, app.kubernetes.io/version=4.36.0}, managedFields=[], name=hivemq-platform-role-binding-test-hivemq-platform, namespace=helmupgradeplatformit, ownerReferences=[OwnerReference(apiVersion=hivemq.com/v1, blockOwnerDeletion=null, controller=null, kind=HiveMQPlatform, name=test-hivemq-platform, uid=a3c68df4-e6f9-4456-b192-7ac674041a32, additionalProperties={})], resourceVersion=null, selfLink=null, uid=null, additionalProperties={}), roleRef=RoleRef(apiGroup=rbac.authorization.k8s.io, kind=Role, name=hivemq-platform-role-test-hivemq-platform, additionalProperties={}), subjects=[Subject(apiGroup=null, kind=ServiceAccount, name=hivemq-platform-pod-test-hivemq-platform, namespace=helmupgradeplatformit, additionalProperties={})], additionalProperties={})
2025-01-29 13:41:54,953 INFO c.h.h.t.HelmChartContainer - [hivemq-test-hivemq-platform] [hivemq-platform-operator] [a756ca37] 13:41:54.952 [ReconcilerExecutor-hivemq-controller-54] INFO  c.h.p.o.HiveMQPlatformReconciler - [helmupgr] Reconciling HiveMQ Platform 'test-hivemq-platform' in namespace 'helmupgradeplatformit'
2025-01-29 13:41:54,954 INFO c.h.h.t.HelmChartContainer - [hivemq-test-hivemq-platform] [hivemq-platform-operator] [a756ca37] 13:41:54.953 [ReconcilerExecutor-hivemq-controller-54] DEBUG c.h.p.o.HiveMQPlatformReconciler - [helmupgr] Custom Resource Status CREATED - HiveMQ Platform was created (READY)
2025-01-29 13:41:54,954 INFO c.h.h.t.HelmChartContainer - [hivemq-test-hivemq-platform] [hivemq-platform-operator] [a756ca37] 13:41:54.953 [ReconcilerExecutor-hivemq-controller-54] DEBUG c.h.p.o.HiveMQPlatformReconciler - [helmupgr] Custom Resource Spec (replicas: 1) (extensions: 1)
2025-01-29 13:41:54,960 INFO c.h.h.t.HelmChartContainer - [hivemq-test-hivemq-platform] [hivemq-platform-operator] [a756ca37] 13:41:54.957 [ReconcilerExecutor-hivemq-controller-54] INFO  c.h.p.o.h.HiveMQPlatformReconcilerBaseHandler - [helmupgr] HiveMQ Platform is starting
2025-01-29 13:41:55,065 INFO c.h.h.t.HelmChartContainer - [hivemq-test-hivemq-platform] [hivemq-platform-operator] [a756ca37] 13:41:55.064 [ReconcilerExecutor-hivemq-controller-54] DEBUG c.h.p.operator.event.EventSender - [helmupgr] Creating K8s event hivemq-platform-starting: [Start] HiveMQ Platform is starting
2025-01-29 13:41:55,113 INFO c.h.h.t.HelmChartContainer - [EVENT] Normal [Start] HiveMQ Platform is starting [helmupgradeplatformit:test-hivemq-platform]
2025-01-29 13:41:55,156 INFO c.h.h.t.HelmChartContainer - [hivemq-test-hivemq-platform] [hivemq-platform-operator] [a756ca37] 13:41:55.155 [ReconcilerExecutor-hivemq-controller-54] INFO  c.h.p.o.h.AbstractHiveMQReconcilerStateHandler - [helmupgr] Update HiveMQ Platform Status (CREATED [READY] -> STARTING [READY]): HiveMQ Platform is starting
2025-01-29 13:41:55,169 DEBUG com.hivemq.helmcharts.util.K8sUtil - Comparing actual state 'STARTING' and waiting for 'RUNNING'
2025-01-29 13:42:05,261 INFO c.h.h.t.HelmChartContainer - [hivemq-test-hivemq-platform] [hivemq-platform-operator] [a756ca37] 13:42:05.257 [pool-6-thread-12] DEBUG c.h.p.o.d.PlatformServiceResource - [helmupgr] Desired Platform services (3 services)
2025-01-29 13:42:05,262 INFO c.h.h.t.HelmChartContainer - [hivemq-test-hivemq-platform] [hivemq-platform-operator] [a756ca37] 13:42:05.260 [pool-6-thread-13] DEBUG c.h.p.o.dependants.PodInfoConfigMap - [helmupgr] Desired PodInfo ConfigMap (1 extensions) (1 enabled)
2025-01-29 13:42:05,262 INFO c.h.h.t.HelmChartContainer - [hivemq-test-hivemq-platform] [hivemq-platform-operator] [a756ca37] 13:42:05.261 [pool-6-thread-13] DEBUG c.h.p.o.dependants.PodInfoConfigMap - [helmupgr] Desired PodInfo ConfigMap (metrics port: 9399) (metrics path: /)
2025-01-29 13:42:05,262 INFO c.h.h.t.HelmChartContainer - [hivemq-test-hivemq-platform] [hivemq-platform-operator] [a756ca37] 13:42:05.261 [pool-6-thread-13] DEBUG c.h.p.o.dependants.PodInfoConfigMap - [helmupgr] Desired PodInfo ConfigMap (extension state hash: -1817474005)
2025-01-29 13:42:05,267 INFO c.h.h.t.HelmChartContainer - [hivemq-test-hivemq-platform] [hivemq-platform-operator] [a756ca37] 13:42:05.266 [pool-6-thread-13] DEBUG c.h.p.o.dependants.PodInfoConfigMap - [helmupgr] Update PodInfo ConfigMap
2025-01-29 13:42:05,352 INFO c.h.h.t.HelmChartContainer - [hivemq-test-hivemq-platform] [hivemq-platform-operator] [a756ca37] 13:42:05.350 [pool-6-thread-17] DEBUG c.h.p.o.d.PodServiceAccountResource - [helmupgr] Desired PodServiceAccountResource (serviceAccountName: hivemq-platform-pod-test-hivemq-platform)
2025-01-29 13:42:05,362 INFO c.h.h.t.HelmChartContainer - [K3S] [alloc.go:330] "allocated clusterIPs" service="helmupgradeplatformit/hivemq-test-hivemq-platform-metrics-9399" clusterIPs={"IPv4":"10.43.202.100"}
2025-01-29 13:42:05,377 INFO c.h.h.t.HelmChartContainer - [K3S] [alloc.go:330] "allocated clusterIPs" service="helmupgradeplatformit/hivemq-test-hivemq-platform-cc-8080" clusterIPs={"IPv4":"10.43.105.7"}
2025-01-29 13:42:05,460 INFO c.h.h.t.HelmChartContainer - [K3S] [alloc.go:330] "allocated clusterIPs" service="helmupgradeplatformit/hivemq-test-hivemq-platform-mqtt-1883" clusterIPs={"IPv4":"10.43.54.167"}
2025-01-29 13:42:05,473 INFO c.h.h.t.HelmChartContainer - [hivemq-test-hivemq-platform] [hivemq-platform-operator] [a756ca37] 13:42:05.468 [pool-6-thread-20] DEBUG c.h.p.o.d.StatefulSetResource - [helmupgr] Desired StatefulSet (1 replicas) for status STARTING (READY)
2025-01-29 13:42:05,559 INFO c.h.h.t.HelmChartContainer - [hivemq-test-hivemq-platform] [hivemq-platform-operator] [a756ca37] 13:42:05.556 [pool-6-thread-20] DEBUG c.h.p.o.d.StatefulSetResource - [helmupgr] Create StatefulSet
2025-01-29 13:42:05,582 INFO c.h.h.t.HelmChartContainer - [EVENT] Normal [SuccessfulCreate] create Pod test-hivemq-platform-0 in StatefulSet test-hivemq-platform successful [helmupgradeplatformit:test-hivemq-platform]
2025-01-29 13:42:05,583 INFO c.h.h.t.HelmChartContainer - [POD] test-hivemq-platform-0 [32a9674d-61d0-4339-8167-cabdab0a1642] in helmupgradeplatformit was ADDED
2025-01-29 13:42:05,585 INFO c.h.h.t.HelmChartContainer - [POD] test-hivemq-platform-0 [32a9674d-61d0-4339-8167-cabdab0a1642] in helmupgradeplatformit was MODIFIED
2025-01-29 13:42:05,591 INFO c.h.h.t.HelmChartContainer - [EVENT] Normal [Scheduled] Successfully assigned helmupgradeplatformit/test-hivemq-platform-0 to f2fb91bd7664 [helmupgradeplatformit:test-hivemq-platform-0]
2025-01-29 13:42:05,598 INFO c.h.h.t.HelmChartContainer - [POD] test-hivemq-platform-0 [32a9674d-61d0-4339-8167-cabdab0a1642] in helmupgradeplatformit was MODIFIED
2025-01-29 13:42:05,663 INFO c.h.h.t.HelmChartContainer - [hivemq-test-hivemq-platform] [hivemq-platform-operator] [a756ca37] 13:42:05.662 [ReconcilerExecutor-hivemq-controller-65] INFO  c.h.p.o.HiveMQPlatformReconciler - [helmupgr] Reconciling HiveMQ Platform 'test-hivemq-platform' in namespace 'helmupgradeplatformit'
2025-01-29 13:42:05,663 INFO c.h.h.t.HelmChartContainer - [hivemq-test-hivemq-platform] [hivemq-platform-operator] [a756ca37] 13:42:05.662 [ReconcilerExecutor-hivemq-controller-65] DEBUG c.h.p.o.HiveMQPlatformReconciler - [helmupgr] Custom Resource Status STARTING - HiveMQ Platform is starting (READY)
2025-01-29 13:42:05,663 INFO c.h.h.t.HelmChartContainer - [hivemq-test-hivemq-platform] [hivemq-platform-operator] [a756ca37] 13:42:05.662 [ReconcilerExecutor-hivemq-controller-65] DEBUG c.h.p.o.HiveMQPlatformReconciler - [helmupgr] Custom Resource Spec (replicas: 1) (extensions: 1)
2025-01-29 13:42:05,714 INFO c.h.h.t.HelmChartContainer - [K3S] [reconciler_common.go:251] "operationExecutor.VerifyControllerAttachedVolume started for volume \"pod-info\" (UniqueName: \"kubernetes.io/configmap/32a9674d-61d0-4339-8167-cabdab0a1642-pod-info\") pod \"test-hivemq-platform-0\" (UID: \"32a9674d-61d0-4339-8167-cabdab0a1642\") " pod="helmupgradeplatformit/test-hivemq-platform-0"
2025-01-29 13:42:05,714 INFO c.h.h.t.HelmChartContainer - [K3S] [reconciler_common.go:251] "operationExecutor.VerifyControllerAttachedVolume started for volume \"kube-api-access-z8lbx\" (UniqueName: \"kubernetes.io/projected/32a9674d-61d0-4339-8167-cabdab0a1642-kube-api-access-z8lbx\") pod \"test-hivemq-platform-0\" (UID: \"32a9674d-61d0-4339-8167-cabdab0a1642\") " pod="helmupgradeplatformit/test-hivemq-platform-0"
2025-01-29 13:42:05,715 INFO c.h.h.t.HelmChartContainer - [K3S] [reconciler_common.go:251] "operationExecutor.VerifyControllerAttachedVolume started for volume \"operator-init\" (UniqueName: \"kubernetes.io/empty-dir/32a9674d-61d0-4339-8167-cabdab0a1642-operator-init\") pod \"test-hivemq-platform-0\" (UID: \"32a9674d-61d0-4339-8167-cabdab0a1642\") " pod="helmupgradeplatformit/test-hivemq-platform-0"
2025-01-29 13:42:05,715 INFO c.h.h.t.HelmChartContainer - [K3S] [reconciler_common.go:251] "operationExecutor.VerifyControllerAttachedVolume started for volume \"broker-configuration\" (UniqueName: \"kubernetes.io/configmap/32a9674d-61d0-4339-8167-cabdab0a1642-broker-configuration\") pod \"test-hivemq-platform-0\" (UID: \"32a9674d-61d0-4339-8167-cabdab0a1642\") " pod="helmupgradeplatformit/test-hivemq-platform-0"
2025-01-29 13:42:05,754 INFO c.h.h.t.HelmChartContainer - [hivemq-test-hivemq-platform] [hivemq-platform-operator] [a756ca37] 13:42:05.753 [ReconcilerExecutor-hivemq-controller-65] DEBUG c.h.p.o.HiveMQPlatformReconciler - [helmupgr] StatefulSet Status (revision: test-hivemq-platform-77d44868f9, replicas: 1, available: 0, ready: 0, current: 1, updated: 1)
2025-01-29 13:42:05,754 INFO c.h.h.t.HelmChartContainer - [hivemq-test-hivemq-platform] [hivemq-platform-operator] [a756ca37] 13:42:05.753 [ReconcilerExecutor-hivemq-controller-65] DEBUG c.h.p.o.HiveMQPlatformReconciler - [helmupgr] StatefulSet Spec (replicas: 1, init containers: 1, containers: 1, volumes: 3)
2025-01-29 13:42:05,769 INFO c.h.h.t.HelmChartContainer - [hivemq-test-hivemq-platform] [hivemq-platform-operator] [a756ca37] 13:42:05.767 [ReconcilerExecutor-hivemq-controller-65] DEBUG c.h.p.o.h.HiveMQPlatformReconcilerErrorHandler - [helmupgr] Pod 'test-hivemq-platform-0' phase Pending
2025-01-29 13:42:05,770 INFO c.h.h.t.HelmChartContainer - [hivemq-test-hivemq-platform] [hivemq-platform-operator] [a756ca37] 13:42:05.768 [ReconcilerExecutor-hivemq-controller-65] DEBUG c.h.p.o.h.HiveMQPlatformReconcilerErrorHandler - [helmupgr] Pod 'test-hivemq-platform-0' condition 'PodReadyToStartContainers': False
2025-01-29 13:42:05,770 INFO c.h.h.t.HelmChartContainer - [hivemq-test-hivemq-platform] [hivemq-platform-operator] [a756ca37] 13:42:05.769 [ReconcilerExecutor-hivemq-controller-65] DEBUG c.h.p.o.h.HiveMQPlatformReconcilerErrorHandler - [helmupgr] Pod 'test-hivemq-platform-0' condition 'Initialized': False
2025-01-29 13:42:05,770 INFO c.h.h.t.HelmChartContainer - [hivemq-test-hivemq-platform] [hivemq-platform-operator] [a756ca37] 13:42:05.769 [ReconcilerExecutor-hivemq-controller-65] DEBUG c.h.p.o.h.HiveMQPlatformReconcilerErrorHandler - [helmupgr] Pod 'test-hivemq-platform-0' condition 'Ready': False
2025-01-29 13:42:05,771 INFO c.h.h.t.HelmChartContainer - [hivemq-test-hivemq-platform] [hivemq-platform-operator] [a756ca37] 13:42:05.769 [ReconcilerExecutor-hivemq-controller-65] DEBUG c.h.p.o.h.HiveMQPlatformReconcilerErrorHandler - [helmupgr] Pod 'test-hivemq-platform-0' condition 'ContainersReady': False
2025-01-29 13:42:05,771 INFO c.h.h.t.HelmChartContainer - [hivemq-test-hivemq-platform] [hivemq-platform-operator] [a756ca37] 13:42:05.769 [ReconcilerExecutor-hivemq-controller-65] DEBUG c.h.p.o.h.HiveMQPlatformReconcilerErrorHandler - [helmupgr] Pod 'test-hivemq-platform-0' condition 'PodScheduled': True
2025-01-29 13:42:05,771 INFO c.h.h.t.HelmChartContainer - [hivemq-test-hivemq-platform] [hivemq-platform-operator] [a756ca37] 13:42:05.769 [ReconcilerExecutor-hivemq-controller-65] DEBUG c.h.p.o.h.HiveMQPlatformReconcilerErrorHandler - [helmupgr] Pod 'test-hivemq-platform-0' containerStatus 'hivemq' (started: false) (ready: false) (waiting: [PodInitializing] null)
2025-01-29 13:42:05,811 INFO c.h.h.t.HelmChartContainer - [hivemq-test-hivemq-platform] [hivemq-platform-operator] [a756ca37] 13:42:05.809 [ReconcilerExecutor-hivemq-controller-65] INFO  c.h.p.o.h.HiveMQPlatformReconcilerBaseHandler - [helmupgr] HiveMQ Platform is starting, 0 of 1 replicas are ready
2025-01-29 13:42:05,857 INFO c.h.h.t.HelmChartContainer - [hivemq-test-hivemq-platform] [hivemq-platform-operator] [a756ca37] 13:42:05.854 [pool-6-thread-22] DEBUG c.h.p.o.d.PlatformServiceResource - [helmupgr] Desired Platform services (3 services)
2025-01-29 13:42:05,857 INFO c.h.h.t.HelmChartContainer - [hivemq-test-hivemq-platform] [hivemq-platform-operator] [a756ca37] 13:42:05.856 [pool-6-thread-23] DEBUG c.h.p.o.dependants.PodInfoConfigMap - [helmupgr] Desired PodInfo ConfigMap (1 extensions) (1 enabled)
2025-01-29 13:42:05,858 INFO c.h.h.t.HelmChartContainer - [hivemq-test-hivemq-platform] [hivemq-platform-operator] [a756ca37] 13:42:05.856 [pool-6-thread-23] DEBUG c.h.p.o.dependants.PodInfoConfigMap - [helmupgr] Desired PodInfo ConfigMap (metrics port: 9399) (metrics path: /)
2025-01-29 13:42:05,858 INFO c.h.h.t.HelmChartContainer - [hivemq-test-hivemq-platform] [hivemq-platform-operator] [a756ca37] 13:42:05.856 [pool-6-thread-23] DEBUG c.h.p.o.dependants.PodInfoConfigMap - [helmupgr] Desired PodInfo ConfigMap (extension state hash: -1817474005)
2025-01-29 13:42:05,866 INFO c.h.h.t.HelmChartContainer - [hivemq-test-hivemq-platform] [hivemq-platform-operator] [a756ca37] 13:42:05.865 [pool-6-thread-27] DEBUG c.h.p.o.d.PodServiceAccountResource - [helmupgr] Desired PodServiceAccountResource (serviceAccountName: hivemq-platform-pod-test-hivemq-platform)
2025-01-29 13:42:05,960 INFO c.h.h.t.HelmChartContainer - [hivemq-test-hivemq-platform] [hivemq-platform-operator] [a756ca37] 13:42:05.957 [pool-6-thread-30] DEBUG c.h.p.o.d.StatefulSetResource - [helmupgr] Desired StatefulSet (1 replicas) for status STARTING (READY)
2025-01-29 13:42:05,968 INFO c.h.h.t.HelmChartContainer - [hivemq-test-hivemq-platform] [hivemq-platform-operator] [a756ca37] 13:42:05.966 [ReconcilerExecutor-hivemq-controller-78] INFO  c.h.p.o.HiveMQPlatformReconciler - [helmupgr] Reconciling HiveMQ Platform 'test-hivemq-platform' in namespace 'helmupgradeplatformit'
2025-01-29 13:42:05,969 INFO c.h.h.t.HelmChartContainer - [hivemq-test-hivemq-platform] [hivemq-platform-operator] [a756ca37] 13:42:05.966 [ReconcilerExecutor-hivemq-controller-78] DEBUG c.h.p.o.HiveMQPlatformReconciler - [helmupgr] Custom Resource Status STARTING - HiveMQ Platform is starting (READY)
2025-01-29 13:42:05,969 INFO c.h.h.t.HelmChartContainer - [hivemq-test-hivemq-platform] [hivemq-platform-operator] [a756ca37] 13:42:05.966 [ReconcilerExecutor-hivemq-controller-78] DEBUG c.h.p.o.HiveMQPlatformReconciler - [helmupgr] Custom Resource Spec (replicas: 1) (extensions: 1)
2025-01-29 13:42:05,974 INFO c.h.h.t.HelmChartContainer - [hivemq-test-hivemq-platform] [hivemq-platform-operator] [a756ca37] 13:42:05.972 [ReconcilerExecutor-hivemq-controller-78] DEBUG c.h.p.o.HiveMQPlatformReconciler - [helmupgr] StatefulSet Status (revision: test-hivemq-platform-77d44868f9, replicas: 1, available: 0, ready: 0, current: 1, updated: 1)
2025-01-29 13:42:05,974 INFO c.h.h.t.HelmChartContainer - [hivemq-test-hivemq-platform] [hivemq-platform-operator] [a756ca37] 13:42:05.972 [ReconcilerExecutor-hivemq-controller-78] DEBUG c.h.p.o.HiveMQPlatformReconciler - [helmupgr] StatefulSet Spec (replicas: 1, init containers: 1, containers: 1, volumes: 3)
2025-01-29 13:42:05,976 INFO c.h.h.t.HelmChartContainer - [hivemq-test-hivemq-platform] [hivemq-platform-operator] [a756ca37] 13:42:05.975 [ReconcilerExecutor-hivemq-controller-78] DEBUG c.h.p.o.h.HiveMQPlatformReconcilerErrorHandler - [helmupgr] Pod 'test-hivemq-platform-0' phase Pending
2025-01-29 13:42:05,977 INFO c.h.h.t.HelmChartContainer - [hivemq-test-hivemq-platform] [hivemq-platform-operator] [a756ca37] 13:42:05.976 [ReconcilerExecutor-hivemq-controller-78] DEBUG c.h.p.o.h.HiveMQPlatformReconcilerErrorHandler - [helmupgr] Pod 'test-hivemq-platform-0' condition 'PodReadyToStartContainers': False
2025-01-29 13:42:05,978 INFO c.h.h.t.HelmChartContainer - [hivemq-test-hivemq-platform] [hivemq-platform-operator] [a756ca37] 13:42:05.976 [ReconcilerExecutor-hivemq-controller-78] DEBUG c.h.p.o.h.HiveMQPlatformReconcilerErrorHandler - [helmupgr] Pod 'test-hivemq-platform-0' condition 'Initialized': False
2025-01-29 13:42:05,978 INFO c.h.h.t.HelmChartContainer - [hivemq-test-hivemq-platform] [hivemq-platform-operator] [a756ca37] 13:42:05.976 [ReconcilerExecutor-hivemq-controller-78] DEBUG c.h.p.o.h.HiveMQPlatformReconcilerErrorHandler - [helmupgr] Pod 'test-hivemq-platform-0' condition 'Ready': False
2025-01-29 13:42:05,978 INFO c.h.h.t.HelmChartContainer - [hivemq-test-hivemq-platform] [hivemq-platform-operator] [a756ca37] 13:42:05.976 [ReconcilerExecutor-hivemq-controller-78] DEBUG c.h.p.o.h.HiveMQPlatformReconcilerErrorHandler - [helmupgr] Pod 'test-hivemq-platform-0' condition 'ContainersReady': False
2025-01-29 13:42:05,979 INFO c.h.h.t.HelmChartContainer - [hivemq-test-hivemq-platform] [hivemq-platform-operator] [a756ca37] 13:42:05.976 [ReconcilerExecutor-hivemq-controller-78] DEBUG c.h.p.o.h.HiveMQPlatformReconcilerErrorHandler - [helmupgr] Pod 'test-hivemq-platform-0' condition 'PodScheduled': True
2025-01-29 13:42:05,979 INFO c.h.h.t.HelmChartContainer - [hivemq-test-hivemq-platform] [hivemq-platform-operator] [a756ca37] 13:42:05.976 [ReconcilerExecutor-hivemq-controller-78] DEBUG c.h.p.o.h.HiveMQPlatformReconcilerErrorHandler - [helmupgr] Pod 'test-hivemq-platform-0' containerStatus 'hivemq' (started: false) (ready: false) (waiting: [PodInitializing] null)
2025-01-29 13:42:05,984 INFO c.h.h.t.HelmChartContainer - [EVENT] Normal [Pulled] Container image "docker.io/hivemq/hivemq-platform-operator-init-test:snapshot" already present on machine [helmupgradeplatformit:test-hivemq-platform-0]
2025-01-29 13:42:06,053 INFO c.h.h.t.HelmChartContainer - [hivemq-test-hivemq-platform] [hivemq-platform-operator] [a756ca37] 13:42:06.051 [ReconcilerExecutor-hivemq-controller-78] INFO  c.h.p.o.h.HiveMQPlatformReconcilerBaseHandler - [helmupgr] HiveMQ Platform is starting, 0 of 1 replicas are ready
2025-01-29 13:42:06,116 INFO c.h.h.t.HelmChartContainer - [EVENT] Normal [Created] Created container: hivemq-platform-operator-init [helmupgradeplatformit:test-hivemq-platform-0]
2025-01-29 13:42:06,154 INFO c.h.h.t.HelmChartContainer - [EVENT] Normal [Started] Started container hivemq-platform-operator-init [helmupgradeplatformit:test-hivemq-platform-0]
2025-01-29 13:42:06,628 INFO c.h.h.t.HelmChartContainer - [EVENT] Normal [Pulled] Container image "docker.io/hivemq/hivemq4:4.36.0" already present on machine [helmupgradeplatformit:test-hivemq-platform-0]
2025-01-29 13:42:06,628 INFO c.h.h.t.HelmChartContainer - Received Pulled event for container hivemq in pod test-hivemq-platform-0 [32a9674d-61d0-4339-8167-cabdab0a1642]
2025-01-29 13:42:06,639 INFO c.h.h.t.HelmChartContainer - [POD] test-hivemq-platform-0 [32a9674d-61d0-4339-8167-cabdab0a1642] in helmupgradeplatformit was MODIFIED
2025-01-29 13:42:06,658 INFO c.h.h.t.HelmChartContainer - [hivemq-test-hivemq-platform] [hivemq-platform-operator] [a756ca37] 13:42:06.651 [pool-6-thread-32] DEBUG c.h.p.o.d.PlatformServiceResource - [helmupgr] Desired Platform services (3 services)
2025-01-29 13:42:06,663 INFO c.h.h.t.HelmChartContainer - [hivemq-test-hivemq-platform] [hivemq-platform-operator] [a756ca37] 13:42:06.658 [pool-6-thread-33] DEBUG c.h.p.o.dependants.PodInfoConfigMap - [helmupgr] Desired PodInfo ConfigMap (1 extensions) (1 enabled)
2025-01-29 13:42:06,663 INFO c.h.h.t.HelmChartContainer - [hivemq-test-hivemq-platform] [hivemq-platform-operator] [a756ca37] 13:42:06.660 [pool-6-thread-37] DEBUG c.h.p.o.d.PodServiceAccountResource - [helmupgr] Desired PodServiceAccountResource (serviceAccountName: hivemq-platform-pod-test-hivemq-platform)
2025-01-29 13:42:06,663 INFO c.h.h.t.HelmChartContainer - [hivemq-test-hivemq-platform] [hivemq-platform-operator] [a756ca37] 13:42:06.660 [pool-6-thread-33] DEBUG c.h.p.o.dependants.PodInfoConfigMap - [helmupgr] Desired PodInfo ConfigMap (metrics port: 9399) (metrics path: /)
2025-01-29 13:42:06,663 INFO c.h.h.t.HelmChartContainer - [hivemq-test-hivemq-platform] [hivemq-platform-operator] [a756ca37] 13:42:06.661 [pool-6-thread-33] DEBUG c.h.p.o.dependants.PodInfoConfigMap - [helmupgr] Desired PodInfo ConfigMap (extension state hash: -1817474005)
2025-01-29 13:42:06,717 INFO c.h.h.t.HelmChartContainer - [hivemq-test-hivemq-platform] [hivemq-platform-operator] [a756ca37] 13:42:06.714 [pool-6-thread-40] DEBUG c.h.p.o.d.StatefulSetResource - [helmupgr] Desired StatefulSet (1 replicas) for status STARTING (READY)
2025-01-29 13:42:06,755 INFO c.h.h.t.HelmChartContainer - [hivemq-test-hivemq-platform] [hivemq-platform-operator] [a756ca37] 13:42:06.752 [ReconcilerExecutor-hivemq-controller-89] INFO  c.h.p.o.HiveMQPlatformReconciler - [helmupgr] Reconciling HiveMQ Platform 'test-hivemq-platform' in namespace 'helmupgradeplatformit'
2025-01-29 13:42:06,755 INFO c.h.h.t.HelmChartContainer - [hivemq-test-hivemq-platform] [hivemq-platform-operator] [a756ca37] 13:42:06.753 [ReconcilerExecutor-hivemq-controller-89] DEBUG c.h.p.o.HiveMQPlatformReconciler - [helmupgr] Custom Resource Status STARTING - HiveMQ Platform is starting (READY)
2025-01-29 13:42:06,755 INFO c.h.h.t.HelmChartContainer - [hivemq-test-hivemq-platform] [hivemq-platform-operator] [a756ca37] 13:42:06.753 [ReconcilerExecutor-hivemq-controller-89] DEBUG c.h.p.o.HiveMQPlatformReconciler - [helmupgr] Custom Resource Spec (replicas: 1) (extensions: 1)
2025-01-29 13:42:06,756 INFO c.h.h.t.HelmChartContainer - [hivemq-test-hivemq-platform] [hivemq-platform-operator] [a756ca37] 13:42:06.755 [ReconcilerExecutor-hivemq-controller-89] DEBUG c.h.p.o.HiveMQPlatformReconciler - [helmupgr] StatefulSet Status (revision: test-hivemq-platform-77d44868f9, replicas: 1, available: 0, ready: 0, current: 1, updated: 1)
2025-01-29 13:42:06,761 INFO c.h.h.t.HelmChartContainer - [hivemq-test-hivemq-platform] [hivemq-platform-operator] [a756ca37] 13:42:06.757 [ReconcilerExecutor-hivemq-controller-89] DEBUG c.h.p.o.HiveMQPlatformReconciler - [helmupgr] StatefulSet Spec (replicas: 1, init containers: 1, containers: 1, volumes: 3)
2025-01-29 13:42:06,763 INFO c.h.h.t.HelmChartContainer - [hivemq-test-hivemq-platform] [hivemq-platform-operator] [a756ca37] 13:42:06.762 [ReconcilerExecutor-hivemq-controller-89] DEBUG c.h.p.o.h.HiveMQPlatformReconcilerErrorHandler - [helmupgr] Pod 'test-hivemq-platform-0' phase Pending
2025-01-29 13:42:06,765 INFO c.h.h.t.HelmChartContainer - [hivemq-test-hivemq-platform] [hivemq-platform-operator] [a756ca37] 13:42:06.764 [ReconcilerExecutor-hivemq-controller-89] DEBUG c.h.p.o.h.HiveMQPlatformReconcilerErrorHandler - [helmupgr] Pod 'test-hivemq-platform-0' condition 'PodReadyToStartContainers': True
2025-01-29 13:42:06,765 INFO c.h.h.t.HelmChartContainer - [hivemq-test-hivemq-platform] [hivemq-platform-operator] [a756ca37] 13:42:06.764 [ReconcilerExecutor-hivemq-controller-89] DEBUG c.h.p.o.h.HiveMQPlatformReconcilerErrorHandler - [helmupgr] Pod 'test-hivemq-platform-0' condition 'Initialized': True
2025-01-29 13:42:06,766 INFO c.h.h.t.HelmChartContainer - [hivemq-test-hivemq-platform] [hivemq-platform-operator] [a756ca37] 13:42:06.764 [ReconcilerExecutor-hivemq-controller-89] DEBUG c.h.p.o.h.HiveMQPlatformReconcilerErrorHandler - [helmupgr] Pod 'test-hivemq-platform-0' condition 'Ready': False
2025-01-29 13:42:06,766 INFO c.h.h.t.HelmChartContainer - [hivemq-test-hivemq-platform] [hivemq-platform-operator] [a756ca37] 13:42:06.764 [ReconcilerExecutor-hivemq-controller-89] DEBUG c.h.p.o.h.HiveMQPlatformReconcilerErrorHandler - [helmupgr] Pod 'test-hivemq-platform-0' condition 'ContainersReady': False
2025-01-29 13:42:06,766 INFO c.h.h.t.HelmChartContainer - [hivemq-test-hivemq-platform] [hivemq-platform-operator] [a756ca37] 13:42:06.764 [ReconcilerExecutor-hivemq-controller-89] DEBUG c.h.p.o.h.HiveMQPlatformReconcilerErrorHandler - [helmupgr] Pod 'test-hivemq-platform-0' condition 'PodScheduled': True
2025-01-29 13:42:06,766 INFO c.h.h.t.HelmChartContainer - [hivemq-test-hivemq-platform] [hivemq-platform-operator] [a756ca37] 13:42:06.764 [ReconcilerExecutor-hivemq-controller-89] DEBUG c.h.p.o.h.HiveMQPlatformReconcilerErrorHandler - [helmupgr] Pod 'test-hivemq-platform-0' containerStatus 'hivemq' (started: false) (ready: false) (waiting: [PodInitializing] null)
2025-01-29 13:42:06,768 INFO c.h.h.t.HelmChartContainer - [hivemq-test-hivemq-platform] [hivemq-platform-operator] [a756ca37] 13:42:06.767 [ReconcilerExecutor-hivemq-controller-89] INFO  c.h.p.o.h.HiveMQPlatformReconcilerBaseHandler - [helmupgr] HiveMQ Platform is starting, 0 of 1 replicas are ready
2025-01-29 13:42:08,217 INFO c.h.h.t.HelmChartContainer - [EVENT] Normal [Created] Created container: hivemq [helmupgradeplatformit:test-hivemq-platform-0]
2025-01-29 13:42:08,217 INFO c.h.h.t.HelmChartContainer - Received Created event for container hivemq in pod test-hivemq-platform-0 [32a9674d-61d0-4339-8167-cabdab0a1642]
2025-01-29 13:42:08,637 INFO c.h.h.t.HelmChartContainer - [POD] test-hivemq-platform-0 [32a9674d-61d0-4339-8167-cabdab0a1642] in helmupgradeplatformit was MODIFIED
2025-01-29 13:42:08,647 INFO c.h.h.t.HelmChartContainer - Started log watcher for hivemq in pod test-hivemq-platform-0 [32a9674d-61d0-4339-8167-cabdab0a1642]
2025-01-29 13:42:08,647 INFO c.h.h.t.HelmChartContainer - [test-hivemq-platform] [hivemq] [32a9674d] Adding pre-installed HiveMQ Platform Operator extensions
2025-01-29 13:42:08,647 INFO c.h.h.t.HelmChartContainer - [test-hivemq-platform] [hivemq] [32a9674d] Running as user 10000
2025-01-29 13:42:08,647 INFO c.h.h.t.HelmChartContainer - [test-hivemq-platform] [hivemq] [32a9674d] Starting HiveMQ Platform Operator Init
2025-01-29 13:42:08,647 INFO c.h.h.t.HelmChartContainer - [EVENT] Normal [Started] Started container hivemq [helmupgradeplatformit:test-hivemq-platform-0]
2025-01-29 13:42:08,647 INFO c.h.h.t.HelmChartContainer - Received Started event for container hivemq in pod test-hivemq-platform-0 [32a9674d-61d0-4339-8167-cabdab0a1642]
2025-01-29 13:42:08,651 INFO c.h.h.t.HelmChartContainer - [hivemq-test-hivemq-platform] [hivemq-platform-operator] [a756ca37] 13:42:08.649 [pool-6-thread-42] DEBUG c.h.p.o.d.PlatformServiceResource - [helmupgr] Desired Platform services (3 services)
2025-01-29 13:42:08,655 INFO c.h.h.t.HelmChartContainer - [hivemq-test-hivemq-platform] [hivemq-platform-operator] [a756ca37] 13:42:08.650 [pool-6-thread-43] DEBUG c.h.p.o.dependants.PodInfoConfigMap - [helmupgr] Desired PodInfo ConfigMap (1 extensions) (1 enabled)
2025-01-29 13:42:08,655 INFO c.h.h.t.HelmChartContainer - [hivemq-test-hivemq-platform] [hivemq-platform-operator] [a756ca37] 13:42:08.651 [pool-6-thread-43] DEBUG c.h.p.o.dependants.PodInfoConfigMap - [helmupgr] Desired PodInfo ConfigMap (metrics port: 9399) (metrics path: /)
2025-01-29 13:42:08,655 INFO c.h.h.t.HelmChartContainer - [hivemq-test-hivemq-platform] [hivemq-platform-operator] [a756ca37] 13:42:08.651 [pool-6-thread-43] DEBUG c.h.p.o.dependants.PodInfoConfigMap - [helmupgr] Desired PodInfo ConfigMap (extension state hash: -1817474005)
2025-01-29 13:42:08,657 INFO c.h.h.t.HelmChartContainer - [hivemq-test-hivemq-platform] [hivemq-platform-operator] [a756ca37] 13:42:08.655 [pool-6-thread-47] DEBUG c.h.p.o.d.PodServiceAccountResource - [helmupgr] Desired PodServiceAccountResource (serviceAccountName: hivemq-platform-pod-test-hivemq-platform)
2025-01-29 13:42:08,712 INFO c.h.h.t.HelmChartContainer - [hivemq-test-hivemq-platform] [hivemq-platform-operator] [a756ca37] 13:42:08.711 [pool-6-thread-50] DEBUG c.h.p.o.d.StatefulSetResource - [helmupgr] Desired StatefulSet (1 replicas) for status STARTING (READY)
2025-01-29 13:42:08,753 INFO c.h.h.t.HelmChartContainer - [hivemq-test-hivemq-platform] [hivemq-platform-operator] [a756ca37] 13:42:08.751 [ReconcilerExecutor-hivemq-controller-100] INFO  c.h.p.o.HiveMQPlatformReconciler - [helmupgr] Reconciling HiveMQ Platform 'test-hivemq-platform' in namespace 'helmupgradeplatformit'
2025-01-29 13:42:08,753 INFO c.h.h.t.HelmChartContainer - [hivemq-test-hivemq-platform] [hivemq-platform-operator] [a756ca37] 13:42:08.751 [ReconcilerExecutor-hivemq-controller-100] DEBUG c.h.p.o.HiveMQPlatformReconciler - [helmupgr] Custom Resource Status STARTING - HiveMQ Platform is starting (READY)
2025-01-29 13:42:08,753 INFO c.h.h.t.HelmChartContainer - [hivemq-test-hivemq-platform] [hivemq-platform-operator] [a756ca37] 13:42:08.751 [ReconcilerExecutor-hivemq-controller-100] DEBUG c.h.p.o.HiveMQPlatformReconciler - [helmupgr] Custom Resource Spec (replicas: 1) (extensions: 1)
2025-01-29 13:42:08,755 INFO c.h.h.t.HelmChartContainer - [hivemq-test-hivemq-platform] [hivemq-platform-operator] [a756ca37] 13:42:08.753 [ReconcilerExecutor-hivemq-controller-100] DEBUG c.h.p.o.HiveMQPlatformReconciler - [helmupgr] StatefulSet Status (revision: test-hivemq-platform-77d44868f9, replicas: 1, available: 0, ready: 0, current: 1, updated: 1)
2025-01-29 13:42:08,755 INFO c.h.h.t.HelmChartContainer - [hivemq-test-hivemq-platform] [hivemq-platform-operator] [a756ca37] 13:42:08.754 [ReconcilerExecutor-hivemq-controller-100] DEBUG c.h.p.o.HiveMQPlatformReconciler - [helmupgr] StatefulSet Spec (replicas: 1, init containers: 1, containers: 1, volumes: 3)
2025-01-29 13:42:08,757 INFO c.h.h.t.HelmChartContainer - [hivemq-test-hivemq-platform] [hivemq-platform-operator] [a756ca37] 13:42:08.756 [ReconcilerExecutor-hivemq-controller-100] DEBUG c.h.p.o.h.HiveMQPlatformReconcilerErrorHandler - [helmupgr] Pod 'test-hivemq-platform-0' phase Running
2025-01-29 13:42:08,757 INFO c.h.h.t.HelmChartContainer - [hivemq-test-hivemq-platform] [hivemq-platform-operator] [a756ca37] 13:42:08.757 [ReconcilerExecutor-hivemq-controller-100] INFO  c.h.p.o.h.HiveMQPlatformReconcilerBaseHandler - [helmupgr] HiveMQ Platform is starting, 0 of 1 replicas are ready
2025-01-29 13:42:09,492 INFO c.h.h.t.HelmChartContainer - [test-hivemq-platform] [hivemq] [32a9674d] INFO  - [HiveMQ Platform Operator Init 1.7.0-SNAPSHOT] HiveMQ Platform Operator Init 1.7.0-SNAPSHOT (commit: bebf408 on branch: HEAD) built on Sun Jan 26 20:47:47 UTC 2025
2025-01-29 13:42:10,665 INFO c.h.h.t.HelmChartContainer - [test-hivemq-platform] [hivemq] [32a9674d] INFO  - [HiveMQ Platform Operator Init App 1.7.0-SNAPSHOT] Using bind address 10.42.0.10 from environment variable
2025-01-29 13:42:11,502 INFO c.h.h.t.HelmChartContainer - [test-hivemq-platform] [hivemq] [32a9674d] INFO  - [HiveMQ Platform Operator Init App 1.7.0-SNAPSHOT] HiveMQ Platform Operator Init App 1.7.0-SNAPSHOT (commit: bebf408 on branch: HEAD) built on Sun Jan 26 20:47:47 UTC 2025
2025-01-29 13:42:11,502 INFO c.h.h.t.HelmChartContainer - [test-hivemq-platform] [hivemq] [32a9674d] INFO  - [HiveMQ Platform Operator Init App 1.7.0-SNAPSHOT] PodInfo ConfigMap directory: /etc/podinfo
2025-01-29 13:42:11,503 INFO c.h.h.t.HelmChartContainer - [test-hivemq-platform] [hivemq] [32a9674d] INFO  - [HiveMQ Platform Operator Init App 1.7.0-SNAPSHOT] HiveMQ home directory: /opt/hivemq
2025-01-29 13:42:11,503 INFO c.h.h.t.HelmChartContainer - [test-hivemq-platform] [hivemq] [32a9674d] INFO  - [HiveMQ Platform Operator Init App 1.7.0-SNAPSHOT] HiveMQ Logback folder: /opt/hivemq/conf
2025-01-29 13:42:11,503 INFO c.h.h.t.HelmChartContainer - [test-hivemq-platform] [hivemq] [32a9674d] INFO  - [HiveMQ Platform Operator Init App 1.7.0-SNAPSHOT] HiveMQ Config folder: /opt/hivemq/conf-k8s
2025-01-29 13:42:11,503 INFO c.h.h.t.HelmChartContainer - [test-hivemq-platform] [hivemq] [32a9674d] INFO  - [HiveMQ Platform Operator Init App 1.7.0-SNAPSHOT] Starting HiveMQ Platform Operator Init App
2025-01-29 13:42:11,504 INFO c.h.h.t.HelmChartContainer - [test-hivemq-platform] [hivemq] [32a9674d] INFO  - [HiveMQ Platform Operator Init App 1.7.0-SNAPSHOT] Starting Pod reconciler
2025-01-29 13:42:12,765 INFO c.h.h.t.HelmChartContainer - [test-hivemq-platform] [hivemq] [32a9674d] INFO  - [HiveMQ Platform Operator Init App 1.7.0-SNAPSHOT] Pod reconciler is scheduled (interval: 5000 ms)
2025-01-29 13:42:12,765 INFO c.h.h.t.HelmChartContainer - [test-hivemq-platform] [hivemq] [32a9674d] INFO  - [HiveMQ Platform Operator Init App 1.7.0-SNAPSHOT] Starting the REST API on 10.42.0.10:7979
2025-01-29 13:42:12,788 INFO c.h.h.t.HelmChartContainer - [test-hivemq-platform] [hivemq] [32a9674d] INFO  - [HiveMQ Platform Operator Init App 1.7.0-SNAPSHOT] Waiting up to 600s for at most 1 HiveMQ nodes in cluster service hivemq-test-hivemq-platform-cluster.helmupgradeplatformit.svc
2025-01-29 13:42:13,100 INFO c.h.h.t.HelmChartContainer - [test-hivemq-platform] [hivemq] [32a9674d] INFO  - [HiveMQ Platform Operator Init App 1.7.0-SNAPSHOT] Resolved 1 IP addresses: [10.42.0.10]
2025-01-29 13:42:13,100 INFO c.h.h.t.HelmChartContainer - [test-hivemq-platform] [hivemq] [32a9674d] INFO  - [HiveMQ Platform Operator Init App 1.7.0-SNAPSHOT] HiveMQ node count of 1 is within threshold of 1
2025-01-29 13:42:13,100 INFO c.h.h.t.HelmChartContainer - [test-hivemq-platform] [hivemq] [32a9674d] INFO  - [HiveMQ Platform Operator Init App 1.7.0-SNAPSHOT] Proceeding with container start
2025-01-29 13:42:13,199 INFO c.h.h.t.HelmChartContainer - [test-hivemq-platform] [hivemq] [32a9674d] INFO  - [HiveMQ Platform Operator Init App 1.7.0-SNAPSHOT] Initializing HiveMQ Platform extensions with initial configuration: {hivemq-allow-all-extension={start-priority=-1, skip-https-hostname-verification=false, restart=true, config-version=0, header-version=0, c-uri=, priority=-1, uri=preinstalled, skip-https-certificate-validation=false, enabled=true}, hivemq-prometheus-extension={enabled=true, request-header-path=no-request-headers, uri=preinstalled, skip-https-certificate-validation=false, skip-https-hostname-verification=false, c-uri=, start-priority=-1, priority=-1, restart=true}}
2025-01-29 13:42:13,690 INFO c.h.h.t.HelmChartContainer - [test-hivemq-platform] [hivemq] [32a9674d] INFO  - [HiveMQ Platform Operator Init App 1.7.0-SNAPSHOT] Extension hivemq-allow-all-extension was already enabled
2025-01-29 13:42:13,765 INFO c.h.h.t.HelmChartContainer - [test-hivemq-platform] [hivemq] [32a9674d] INFO  - [HiveMQ Platform Operator Init App 1.7.0-SNAPSHOT] Successfully enabled extension hivemq-prometheus-extension
2025-01-29 13:42:13,766 INFO c.h.h.t.HelmChartContainer - [test-hivemq-platform] [hivemq] [32a9674d] INFO  - [HiveMQ Platform Operator Init App 1.7.0-SNAPSHOT] Starting HiveMQ Platform version 4.36.0 (4.36.0)
2025-01-29 13:42:13,766 INFO c.h.h.t.HelmChartContainer - [test-hivemq-platform] [hivemq] [32a9674d] INFO  - [HiveMQ Platform Operator Init App 1.7.0-SNAPSHOT] Configuring the HiveMQ Platform
2025-01-29 13:42:13,861 INFO c.h.h.t.HelmChartContainer - [test-hivemq-platform] [hivemq] [32a9674d] INFO  - [HiveMQ Platform Operator Init App 1.7.0-SNAPSHOT] Changed logback.xml file scan period to 20 seconds
2025-01-29 13:42:13,892 INFO c.h.h.t.HelmChartContainer - [test-hivemq-platform] [hivemq] [32a9674d] INFO  - [HiveMQ Platform Operator Init App 1.7.0-SNAPSHOT] Starting the HiveMQ Platform
2025-01-29 13:42:13,894 INFO c.h.h.t.HelmChartContainer - [test-hivemq-platform] [hivemq] [32a9674d] -------------------------------------------------------------------------
2025-01-29 13:42:13,894 INFO c.h.h.t.HelmChartContainer - [test-hivemq-platform] [hivemq] [32a9674d] 
2025-01-29 13:42:13,894 INFO c.h.h.t.HelmChartContainer - [test-hivemq-platform] [hivemq] [32a9674d]                   _    _  _              __  __   ____
2025-01-29 13:42:13,894 INFO c.h.h.t.HelmChartContainer - [test-hivemq-platform] [hivemq] [32a9674d]                  | |  | |(_)            |  \/  | / __ \
2025-01-29 13:42:13,894 INFO c.h.h.t.HelmChartContainer - [test-hivemq-platform] [hivemq] [32a9674d]                  | |__| | _ __   __ ___ | \  / || |  | |
2025-01-29 13:42:13,894 INFO c.h.h.t.HelmChartContainer - [test-hivemq-platform] [hivemq] [32a9674d]                  |  __  || |\ \ / // _ \| |\/| || |  | |
2025-01-29 13:42:13,895 INFO c.h.h.t.HelmChartContainer - [test-hivemq-platform] [hivemq] [32a9674d]                  | |  | || | \ V /|  __/| |  | || |__| |
2025-01-29 13:42:13,895 INFO c.h.h.t.HelmChartContainer - [test-hivemq-platform] [hivemq] [32a9674d]                  |_|  |_||_|  \_/  \___||_|  |_| \___\_\
2025-01-29 13:42:13,895 INFO c.h.h.t.HelmChartContainer - [test-hivemq-platform] [hivemq] [32a9674d] 
2025-01-29 13:42:13,895 INFO c.h.h.t.HelmChartContainer - [test-hivemq-platform] [hivemq] [32a9674d] -------------------------------------------------------------------------
2025-01-29 13:42:13,895 INFO c.h.h.t.HelmChartContainer - [test-hivemq-platform] [hivemq] [32a9674d] 
2025-01-29 13:42:13,895 INFO c.h.h.t.HelmChartContainer - [test-hivemq-platform] [hivemq] [32a9674d]   HiveMQ Start Script for Linux/Unix v1.14
2025-01-29 13:42:13,895 INFO c.h.h.t.HelmChartContainer - [test-hivemq-platform] [hivemq] [32a9674d] 
2025-01-29 13:42:13,992 INFO c.h.h.t.HelmChartContainer - [test-hivemq-platform] [hivemq] [32a9674d] -------------------------------------------------------------------------
2025-01-29 13:42:13,992 INFO c.h.h.t.HelmChartContainer - [test-hivemq-platform] [hivemq] [32a9674d] 
2025-01-29 13:42:13,992 INFO c.h.h.t.HelmChartContainer - [test-hivemq-platform] [hivemq] [32a9674d]   HIVEMQ_HOME: /opt/hivemq
2025-01-29 13:42:13,992 INFO c.h.h.t.HelmChartContainer - [test-hivemq-platform] [hivemq] [32a9674d] 
2025-01-29 13:42:13,992 INFO c.h.h.t.HelmChartContainer - [test-hivemq-platform] [hivemq] [32a9674d]   JAVA_OPTS: -XX:+UnlockExperimentalVMOptions -XX:InitialRAMPercentage=50 -XX:MaxRAMPercentage=50 -Djava.net.preferIPv4Stack=true --add-opens java.base/java.lang=ALL-UNNAMED --add-opens java.base/java.nio=ALL-UNNAMED --add-opens java.base/sun.nio.ch=ALL-UNNAMED --add-opens jdk.management/com.sun.management.internal=ALL-UNNAMED --add-exports java.base/jdk.internal.misc=ALL-UNNAMED -Djava.security.egd=file:/dev/./urandom -Dcom.sun.management.jmxremote -Dcom.sun.management.jmxremote.port=9010 -Dcom.sun.management.jmxremote.local.only=false -Dcom.sun.management.jmxremote.authenticate=false -Dcom.sun.management.jmxremote.ssl=false -Duser.language=en -Duser.region=US -XX:+CrashOnOutOfMemoryError -XX:+HeapDumpOnOutOfMemoryError
2025-01-29 13:42:13,992 INFO c.h.h.t.HelmChartContainer - [test-hivemq-platform] [hivemq] [32a9674d] 
2025-01-29 13:42:13,992 INFO c.h.h.t.HelmChartContainer - [test-hivemq-platform] [hivemq] [32a9674d]   JAVA_VERSION: 21
2025-01-29 13:42:13,992 INFO c.h.h.t.HelmChartContainer - [test-hivemq-platform] [hivemq] [32a9674d] 
2025-01-29 13:42:13,992 INFO c.h.h.t.HelmChartContainer - [test-hivemq-platform] [hivemq] [32a9674d] -------------------------------------------------------------------------
2025-01-29 13:42:13,992 INFO c.h.h.t.HelmChartContainer - [test-hivemq-platform] [hivemq] [32a9674d] 
2025-01-29 13:42:14,688 INFO c.h.h.t.HelmChartContainer - [test-hivemq-platform] [hivemq] [32a9674d] INFO  - [HiveMQ Platform Operator Init App 1.7.0-SNAPSHOT] Returning default Health API response 503 for readiness
2025-01-29 13:42:14,996 INFO c.h.h.t.HelmChartContainer - [EVENT] Warning [Unhealthy] Readiness probe failed: HTTP probe failed with statuscode: 503 [helmupgradeplatformit:test-hivemq-platform-0]
2025-01-29 13:42:14,996 INFO c.h.h.t.HelmChartContainer - Received Unhealthy event for container hivemq in pod test-hivemq-platform-0 [32a9674d-61d0-4339-8167-cabdab0a1642]
2025-01-29 13:42:16,663 INFO c.h.h.t.HelmChartContainer - [test-hivemq-platform] [hivemq] [32a9674d] INFO  - Starting HiveMQ Enterprise Server
2025-01-29 13:42:16,688 INFO c.h.h.t.HelmChartContainer - [test-hivemq-platform] [hivemq] [32a9674d] INFO  - HiveMQ version: 4.36.0
2025-01-29 13:42:16,689 INFO c.h.h.t.HelmChartContainer - [test-hivemq-platform] [hivemq] [32a9674d] INFO  - HiveMQ home directory: /opt/hivemq
2025-01-29 13:42:16,689 INFO c.h.h.t.HelmChartContainer - [test-hivemq-platform] [hivemq] [32a9674d] INFO  - Log Configuration was overridden by /opt/hivemq/conf/logback.xml
2025-01-29 13:42:18,096 INFO c.h.h.t.HelmChartContainer - [test-hivemq-platform] [hivemq] [32a9674d] INFO  - Successfully loaded configuration from '/opt/hivemq/conf-k8s/config.xml'.
2025-01-29 13:42:18,765 INFO c.h.h.t.HelmChartContainer - [hivemq-test-hivemq-platform] [hivemq-platform-operator] [a756ca37] 13:42:18.761 [pool-6-thread-6] DEBUG c.h.p.o.d.PlatformServiceResource - [helmupgr] Desired Platform services (3 services)
2025-01-29 13:42:18,765 INFO c.h.h.t.HelmChartContainer - [hivemq-test-hivemq-platform] [hivemq-platform-operator] [a756ca37] 13:42:18.762 [pool-6-thread-5] DEBUG c.h.p.o.dependants.PodInfoConfigMap - [helmupgr] Desired PodInfo ConfigMap (1 extensions) (1 enabled)
2025-01-29 13:42:18,765 INFO c.h.h.t.HelmChartContainer - [hivemq-test-hivemq-platform] [hivemq-platform-operator] [a756ca37] 13:42:18.762 [pool-6-thread-5] DEBUG c.h.p.o.dependants.PodInfoConfigMap - [helmupgr] Desired PodInfo ConfigMap (metrics port: 9399) (metrics path: /)
2025-01-29 13:42:18,765 INFO c.h.h.t.HelmChartContainer - [hivemq-test-hivemq-platform] [hivemq-platform-operator] [a756ca37] 13:42:18.762 [pool-6-thread-5] DEBUG c.h.p.o.dependants.PodInfoConfigMap - [helmupgr] Desired PodInfo ConfigMap (extension state hash: -1817474005)
2025-01-29 13:42:18,767 INFO c.h.h.t.HelmChartContainer - [hivemq-test-hivemq-platform] [hivemq-platform-operator] [a756ca37] 13:42:18.766 [pool-6-thread-4] DEBUG c.h.p.o.d.PodServiceAccountResource - [helmupgr] Desired PodServiceAccountResource (serviceAccountName: hivemq-platform-pod-test-hivemq-platform)
2025-01-29 13:42:18,775 INFO c.h.h.t.HelmChartContainer - [hivemq-test-hivemq-platform] [hivemq-platform-operator] [a756ca37] 13:42:18.772 [pool-6-thread-3] DEBUG c.h.p.o.d.StatefulSetResource - [helmupgr] Desired StatefulSet (1 replicas) for status STARTING (READY)
2025-01-29 13:42:18,777 INFO c.h.h.t.HelmChartContainer - [hivemq-test-hivemq-platform] [hivemq-platform-operator] [a756ca37] 13:42:18.776 [ReconcilerExecutor-hivemq-controller-111] INFO  c.h.p.o.HiveMQPlatformReconciler - [helmupgr] Reconciling HiveMQ Platform 'test-hivemq-platform' in namespace 'helmupgradeplatformit'
2025-01-29 13:42:18,777 INFO c.h.h.t.HelmChartContainer - [hivemq-test-hivemq-platform] [hivemq-platform-operator] [a756ca37] 13:42:18.776 [ReconcilerExecutor-hivemq-controller-111] DEBUG c.h.p.o.HiveMQPlatformReconciler - [helmupgr] Custom Resource Status STARTING - HiveMQ Platform is starting (READY)
2025-01-29 13:42:18,777 INFO c.h.h.t.HelmChartContainer - [hivemq-test-hivemq-platform] [hivemq-platform-operator] [a756ca37] 13:42:18.776 [ReconcilerExecutor-hivemq-controller-111] DEBUG c.h.p.o.HiveMQPlatformReconciler - [helmupgr] Custom Resource Spec (replicas: 1) (extensions: 1)
2025-01-29 13:42:18,779 INFO c.h.h.t.HelmChartContainer - [hivemq-test-hivemq-platform] [hivemq-platform-operator] [a756ca37] 13:42:18.778 [ReconcilerExecutor-hivemq-controller-111] DEBUG c.h.p.o.HiveMQPlatformReconciler - [helmupgr] StatefulSet Status (revision: test-hivemq-platform-77d44868f9, replicas: 1, available: 0, ready: 0, current: 1, updated: 1)
2025-01-29 13:42:18,779 INFO c.h.h.t.HelmChartContainer - [hivemq-test-hivemq-platform] [hivemq-platform-operator] [a756ca37] 13:42:18.778 [ReconcilerExecutor-hivemq-controller-111] DEBUG c.h.p.o.HiveMQPlatformReconciler - [helmupgr] StatefulSet Spec (replicas: 1, init containers: 1, containers: 1, volumes: 3)
2025-01-29 13:42:18,853 INFO c.h.h.t.HelmChartContainer - [hivemq-test-hivemq-platform] [hivemq-platform-operator] [a756ca37] 13:42:18.851 [ReconcilerExecutor-hivemq-controller-111] DEBUG c.h.p.o.h.HiveMQPlatformReconcilerErrorHandler - [helmupgr] Pod 'test-hivemq-platform-0' phase Running
2025-01-29 13:42:18,854 INFO c.h.h.t.HelmChartContainer - [hivemq-test-hivemq-platform] [hivemq-platform-operator] [a756ca37] 13:42:18.852 [ReconcilerExecutor-hivemq-controller-111] INFO  c.h.p.o.h.HiveMQPlatformReconcilerBaseHandler - [helmupgr] HiveMQ Platform is starting, 0 of 1 replicas are ready
2025-01-29 13:42:19,061 INFO c.h.h.t.HelmChartContainer - [test-hivemq-platform] [hivemq] [32a9674d] INFO  - This node's ID is io2nr
2025-01-29 13:42:19,061 INFO c.h.h.t.HelmChartContainer - [test-hivemq-platform] [hivemq] [32a9674d] INFO  - Clustering is enabled
2025-01-29 13:42:20,189 INFO c.h.h.t.HelmChartContainer - [test-hivemq-platform] [hivemq] [32a9674d] WARN  - [HiveMQ Platform Operator Init App 1.7.0-SNAPSHOT] Cannot connect to Health API for readiness: null
2025-01-29 13:42:20,193 INFO c.h.h.t.HelmChartContainer - [EVENT] Warning [Unhealthy] Readiness probe failed: HTTP probe failed with statuscode: 503 [helmupgradeplatformit:test-hivemq-platform-0]
2025-01-29 13:42:20,193 INFO c.h.h.t.HelmChartContainer - Received Unhealthy event for container hivemq in pod test-hivemq-platform-0 [32a9674d-61d0-4339-8167-cabdab0a1642]
2025-01-29 13:42:22,549 INFO c.h.h.t.HelmChartContainer - [K3S] [INFO] COMPACT compactRev=0 targetCompactRev=2 currentRev=1061
2025-01-29 13:42:22,550 INFO c.h.h.t.HelmChartContainer - [K3S] [INFO] COMPACT deleted 0 rows from 2 revisions in 398.538µs - compacted to 2/1061
2025-01-29 13:42:22,550 INFO c.h.h.t.HelmChartContainer - [K3S] [INFO] COMPACT compacted from 0 to 2 in 1 transactions over 1ms
2025-01-29 13:42:22,896 INFO c.h.h.t.HelmChartContainer - [test-hivemq-platform] [hivemq] [32a9674d] Jan 29, 2025 1:42:22 PM io.vertx.core.impl.BlockedThreadChecker
2025-01-29 13:42:22,897 INFO c.h.h.t.HelmChartContainer - [test-hivemq-platform] [hivemq] [32a9674d] WARNING: Thread Thread[vert.x-eventloop-thread-1,5,main] has been blocked for 2296 ms, time limit is 2000 ms
2025-01-29 13:42:23,395 INFO c.h.h.t.HelmChartContainer - [test-hivemq-platform] [hivemq] [32a9674d] INFO  - [HiveMQ Platform Operator Init App 1.7.0-SNAPSHOT] Updating Pod HiveMQ Platform Operator Init App version annotation (version: 1.7.0-SNAPSHOT)
2025-01-29 13:42:24,202 INFO c.h.h.t.HelmChartContainer - [POD] test-hivemq-platform-0 [32a9674d-61d0-4339-8167-cabdab0a1642] in helmupgradeplatformit was MODIFIED
2025-01-29 13:42:24,214 INFO c.h.h.t.HelmChartContainer - [hivemq-test-hivemq-platform] [hivemq-platform-operator] [a756ca37] 13:42:24.210 [pool-6-thread-14] DEBUG c.h.p.o.d.PlatformServiceResource - [helmupgr] Desired Platform services (3 services)
2025-01-29 13:42:24,214 INFO c.h.h.t.HelmChartContainer - [hivemq-test-hivemq-platform] [hivemq-platform-operator] [a756ca37] 13:42:24.211 [pool-6-thread-11] DEBUG c.h.p.o.dependants.PodInfoConfigMap - [helmupgr] Desired PodInfo ConfigMap (1 extensions) (1 enabled)
2025-01-29 13:42:24,214 INFO c.h.h.t.HelmChartContainer - [hivemq-test-hivemq-platform] [hivemq-platform-operator] [a756ca37] 13:42:24.211 [pool-6-thread-11] DEBUG c.h.p.o.dependants.PodInfoConfigMap - [helmupgr] Desired PodInfo ConfigMap (metrics port: 9399) (metrics path: /)
2025-01-29 13:42:24,214 INFO c.h.h.t.HelmChartContainer - [hivemq-test-hivemq-platform] [hivemq-platform-operator] [a756ca37] 13:42:24.211 [pool-6-thread-16] DEBUG c.h.p.o.d.PodServiceAccountResource - [helmupgr] Desired PodServiceAccountResource (serviceAccountName: hivemq-platform-pod-test-hivemq-platform)
2025-01-29 13:42:24,214 INFO c.h.h.t.HelmChartContainer - [hivemq-test-hivemq-platform] [hivemq-platform-operator] [a756ca37] 13:42:24.211 [pool-6-thread-11] DEBUG c.h.p.o.dependants.PodInfoConfigMap - [helmupgr] Desired PodInfo ConfigMap (extension state hash: -1817474005)
2025-01-29 13:42:24,218 INFO c.h.h.t.HelmChartContainer - [hivemq-test-hivemq-platform] [hivemq-platform-operator] [a756ca37] 13:42:24.217 [pool-6-thread-14] DEBUG c.h.p.o.d.StatefulSetResource - [helmupgr] Desired StatefulSet (1 replicas) for status STARTING (READY)
2025-01-29 13:42:24,222 INFO c.h.h.t.HelmChartContainer - [hivemq-test-hivemq-platform] [hivemq-platform-operator] [a756ca37] 13:42:24.221 [ReconcilerExecutor-hivemq-controller-112] INFO  c.h.p.o.HiveMQPlatformReconciler - [helmupgr] Reconciling HiveMQ Platform 'test-hivemq-platform' in namespace 'helmupgradeplatformit'
2025-01-29 13:42:24,222 INFO c.h.h.t.HelmChartContainer - [hivemq-test-hivemq-platform] [hivemq-platform-operator] [a756ca37] 13:42:24.221 [ReconcilerExecutor-hivemq-controller-112] DEBUG c.h.p.o.HiveMQPlatformReconciler - [helmupgr] Custom Resource Status STARTING - HiveMQ Platform is starting (READY)
2025-01-29 13:42:24,223 INFO c.h.h.t.HelmChartContainer - [hivemq-test-hivemq-platform] [hivemq-platform-operator] [a756ca37] 13:42:24.221 [ReconcilerExecutor-hivemq-controller-112] DEBUG c.h.p.o.HiveMQPlatformReconciler - [helmupgr] Custom Resource Spec (replicas: 1) (extensions: 1)
2025-01-29 13:42:24,224 INFO c.h.h.t.HelmChartContainer - [hivemq-test-hivemq-platform] [hivemq-platform-operator] [a756ca37] 13:42:24.222 [ReconcilerExecutor-hivemq-controller-112] DEBUG c.h.p.o.HiveMQPlatformReconciler - [helmupgr] StatefulSet Status (revision: test-hivemq-platform-77d44868f9, replicas: 1, available: 0, ready: 0, current: 1, updated: 1)
2025-01-29 13:42:24,224 INFO c.h.h.t.HelmChartContainer - [hivemq-test-hivemq-platform] [hivemq-platform-operator] [a756ca37] 13:42:24.222 [ReconcilerExecutor-hivemq-controller-112] DEBUG c.h.p.o.HiveMQPlatformReconciler - [helmupgr] StatefulSet Spec (replicas: 1, init containers: 1, containers: 1, volumes: 3)
2025-01-29 13:42:24,225 INFO c.h.h.t.HelmChartContainer - [hivemq-test-hivemq-platform] [hivemq-platform-operator] [a756ca37] 13:42:24.225 [ReconcilerExecutor-hivemq-controller-112] DEBUG c.h.p.o.h.HiveMQPlatformReconcilerErrorHandler - [helmupgr] Pod 'test-hivemq-platform-0' phase Running
2025-01-29 13:42:24,251 INFO c.h.h.t.HelmChartContainer - [hivemq-test-hivemq-platform] [hivemq-platform-operator] [a756ca37] 13:42:24.250 [ReconcilerExecutor-hivemq-controller-112] INFO  c.h.p.o.h.HiveMQPlatformReconcilerBaseHandler - [helmupgr] HiveMQ Platform is starting, 0 of 1 replicas are ready
2025-01-29 13:42:24,290 INFO c.h.h.t.HelmChartContainer - [test-hivemq-platform] [hivemq] [32a9674d] WARN  - [HiveMQ Platform Operator Init App 1.7.0-SNAPSHOT] Cannot connect to Health API for readiness: null
2025-01-29 13:42:24,298 INFO c.h.h.t.HelmChartContainer - [EVENT] Warning [Unhealthy] Readiness probe failed: HTTP probe failed with statuscode: 503 [helmupgradeplatformit:test-hivemq-platform-0]
2025-01-29 13:42:24,298 INFO c.h.h.t.HelmChartContainer - Received Unhealthy event for container hivemq in pod test-hivemq-platform-0 [32a9674d-61d0-4339-8167-cabdab0a1642]
2025-01-29 13:42:24,361 INFO c.h.h.t.HelmChartContainer - [test-hivemq-platform] [hivemq] [32a9674d] INFO  - [HiveMQ Platform Operator Init App 1.7.0-SNAPSHOT] Successfully updated Pod HiveMQ Platform Operator Init App version annotation (version: 1.7.0-SNAPSHOT)
2025-01-29 13:42:25,172 INFO c.h.h.t.HelmChartContainer - [K3S] [info.go:53] Couldn't collect info from any of the files in "/etc/machine-id,/var/lib/dbus/machine-id"
2025-01-29 13:42:29,286 INFO c.h.h.t.HelmChartContainer - [test-hivemq-platform] [hivemq] [32a9674d] WARN  - [HiveMQ Platform Operator Init App 1.7.0-SNAPSHOT] Cannot connect to Health API for readiness: null
2025-01-29 13:42:29,286 INFO c.h.h.t.HelmChartContainer - [EVENT] Warning [Unhealthy] Readiness probe failed: HTTP probe failed with statuscode: 503 [helmupgradeplatformit:test-hivemq-platform-0]
2025-01-29 13:42:29,287 INFO c.h.h.t.HelmChartContainer - Received Unhealthy event for container hivemq in pod test-hivemq-platform-0 [32a9674d-61d0-4339-8167-cabdab0a1642]
2025-01-29 13:42:34,258 INFO c.h.h.t.HelmChartContainer - [hivemq-test-hivemq-platform] [hivemq-platform-operator] [a756ca37] 13:42:34.255 [pool-6-thread-21] DEBUG c.h.p.o.d.PlatformServiceResource - [helmupgr] Desired Platform services (3 services)
2025-01-29 13:42:34,258 INFO c.h.h.t.HelmChartContainer - [hivemq-test-hivemq-platform] [hivemq-platform-operator] [a756ca37] 13:42:34.255 [pool-6-thread-22] DEBUG c.h.p.o.dependants.PodInfoConfigMap - [helmupgr] Desired PodInfo ConfigMap (1 extensions) (1 enabled)
2025-01-29 13:42:34,258 INFO c.h.h.t.HelmChartContainer - [hivemq-test-hivemq-platform] [hivemq-platform-operator] [a756ca37] 13:42:34.255 [pool-6-thread-22] DEBUG c.h.p.o.dependants.PodInfoConfigMap - [helmupgr] Desired PodInfo ConfigMap (metrics port: 9399) (metrics path: /)
2025-01-29 13:42:34,258 INFO c.h.h.t.HelmChartContainer - [hivemq-test-hivemq-platform] [hivemq-platform-operator] [a756ca37] 13:42:34.255 [pool-6-thread-22] DEBUG c.h.p.o.dependants.PodInfoConfigMap - [helmupgr] Desired PodInfo ConfigMap (extension state hash: -1817474005)
2025-01-29 13:42:34,259 INFO c.h.h.t.HelmChartContainer - [hivemq-test-hivemq-platform] [hivemq-platform-operator] [a756ca37] 13:42:34.257 [pool-6-thread-26] DEBUG c.h.p.o.d.PodServiceAccountResource - [helmupgr] Desired PodServiceAccountResource (serviceAccountName: hivemq-platform-pod-test-hivemq-platform)
2025-01-29 13:42:34,266 INFO c.h.h.t.HelmChartContainer - [hivemq-test-hivemq-platform] [hivemq-platform-operator] [a756ca37] 13:42:34.265 [pool-6-thread-21] DEBUG c.h.p.o.d.StatefulSetResource - [helmupgr] Desired StatefulSet (1 replicas) for status STARTING (READY)
2025-01-29 13:42:34,272 INFO c.h.h.t.HelmChartContainer - [hivemq-test-hivemq-platform] [hivemq-platform-operator] [a756ca37] 13:42:34.271 [ReconcilerExecutor-hivemq-controller-113] INFO  c.h.p.o.HiveMQPlatformReconciler - [helmupgr] Reconciling HiveMQ Platform 'test-hivemq-platform' in namespace 'helmupgradeplatformit'
2025-01-29 13:42:34,272 INFO c.h.h.t.HelmChartContainer - [hivemq-test-hivemq-platform] [hivemq-platform-operator] [a756ca37] 13:42:34.271 [ReconcilerExecutor-hivemq-controller-113] DEBUG c.h.p.o.HiveMQPlatformReconciler - [helmupgr] Custom Resource Status STARTING - HiveMQ Platform is starting (READY)
2025-01-29 13:42:34,272 INFO c.h.h.t.HelmChartContainer - [hivemq-test-hivemq-platform] [hivemq-platform-operator] [a756ca37] 13:42:34.271 [ReconcilerExecutor-hivemq-controller-113] DEBUG c.h.p.o.HiveMQPlatformReconciler - [helmupgr] Custom Resource Spec (replicas: 1) (extensions: 1)
2025-01-29 13:42:34,288 INFO c.h.h.t.HelmChartContainer - [test-hivemq-platform] [hivemq] [32a9674d] WARN  - [HiveMQ Platform Operator Init App 1.7.0-SNAPSHOT] Cannot connect to Health API for readiness: null
2025-01-29 13:42:34,293 INFO c.h.h.t.HelmChartContainer - [EVENT] Warning [Unhealthy] Readiness probe failed: HTTP probe failed with statuscode: 503 [helmupgradeplatformit:test-hivemq-platform-0]
2025-01-29 13:42:34,293 INFO c.h.h.t.HelmChartContainer - Received Unhealthy event for container hivemq in pod test-hivemq-platform-0 [32a9674d-61d0-4339-8167-cabdab0a1642]
2025-01-29 13:42:34,352 INFO c.h.h.t.HelmChartContainer - [hivemq-test-hivemq-platform] [hivemq-platform-operator] [a756ca37] 13:42:34.350 [ReconcilerExecutor-hivemq-controller-113] DEBUG c.h.p.o.HiveMQPlatformReconciler - [helmupgr] StatefulSet Status (revision: test-hivemq-platform-77d44868f9, replicas: 1, available: 0, ready: 0, current: 1, updated: 1)
2025-01-29 13:42:34,352 INFO c.h.h.t.HelmChartContainer - [hivemq-test-hivemq-platform] [hivemq-platform-operator] [a756ca37] 13:42:34.351 [ReconcilerExecutor-hivemq-controller-113] DEBUG c.h.p.o.HiveMQPlatformReconciler - [helmupgr] StatefulSet Spec (replicas: 1, init containers: 1, containers: 1, volumes: 3)
2025-01-29 13:42:34,354 INFO c.h.h.t.HelmChartContainer - [hivemq-test-hivemq-platform] [hivemq-platform-operator] [a756ca37] 13:42:34.353 [ReconcilerExecutor-hivemq-controller-113] DEBUG c.h.p.o.h.HiveMQPlatformReconcilerErrorHandler - [helmupgr] Pod 'test-hivemq-platform-0' phase Running
2025-01-29 13:42:34,354 INFO c.h.h.t.HelmChartContainer - [hivemq-test-hivemq-platform] [hivemq-platform-operator] [a756ca37] 13:42:34.353 [ReconcilerExecutor-hivemq-controller-113] INFO  c.h.p.o.h.HiveMQPlatformReconcilerBaseHandler - [helmupgr] HiveMQ Platform is starting, 0 of 1 replicas are ready
2025-01-29 13:42:35,893 INFO c.h.h.t.HelmChartContainer - [test-hivemq-platform] [hivemq] [32a9674d] WARN  - [HiveMQ Platform Operator Init App 1.7.0-SNAPSHOT] Cannot connect to Health API for liveness: null
2025-01-29 13:42:35,893 INFO c.h.h.t.HelmChartContainer - [test-hivemq-platform] [hivemq] [32a9674d] INFO  - [HiveMQ Platform Operator Init App 1.7.0-SNAPSHOT] Returning default Health API response 200 for liveness
2025-01-29 13:42:37,393 INFO c.h.h.t.HelmChartContainer - [test-hivemq-platform] [hivemq] [32a9674d] INFO  - No valid license file found. Using trial license, restricted to 25 connections.
2025-01-29 13:42:39,266 INFO c.h.h.t.HelmChartContainer - [test-hivemq-platform] [hivemq] [32a9674d] WARN  - [HiveMQ Platform Operator Init App 1.7.0-SNAPSHOT] Cannot connect to Health API for readiness: null
2025-01-29 13:42:39,269 INFO c.h.h.t.HelmChartContainer - [EVENT] Warning [Unhealthy] Readiness probe failed: HTTP probe failed with statuscode: 503 [helmupgradeplatformit:test-hivemq-platform-0]
2025-01-29 13:42:39,269 INFO c.h.h.t.HelmChartContainer - Received Unhealthy event for container hivemq in pod test-hivemq-platform-0 [32a9674d-61d0-4339-8167-cabdab0a1642]
2025-01-29 13:42:42,168 INFO c.h.h.t.HelmChartContainer - [test-hivemq-platform] [hivemq] [32a9674d] INFO  - No valid license file for Data Hub found. Using free license, restricted to 1 policy.
2025-01-29 13:42:43,298 INFO c.h.h.t.HelmChartContainer - [test-hivemq-platform] [hivemq] [32a9674d] INFO  - Audit Logger started.
2025-01-29 13:42:43,597 INFO c.h.h.t.HelmChartContainer - [test-hivemq-platform] [hivemq] [32a9674d] INFO  - This node uses '1' CPU cores.
2025-01-29 13:42:43,602 INFO c.h.h.t.HelmChartContainer - [test-hivemq-platform] [hivemq] [32a9674d] INFO  - Starting HiveMQ Health API on address 0.0.0.0 and port 8889
2025-01-29 13:42:44,262 INFO c.h.h.t.HelmChartContainer - [test-hivemq-platform] [hivemq] [32a9674d] WARN  - [HiveMQ Platform Operator Init App 1.7.0-SNAPSHOT] Cannot connect to Health API for readiness: null
2025-01-29 13:42:44,268 INFO c.h.h.t.HelmChartContainer - [EVENT] Warning [Unhealthy] Readiness probe failed: HTTP probe failed with statuscode: 503 [helmupgradeplatformit:test-hivemq-platform-0]
2025-01-29 13:42:44,268 INFO c.h.h.t.HelmChartContainer - Received Unhealthy event for container hivemq in pod test-hivemq-platform-0 [32a9674d-61d0-4339-8167-cabdab0a1642]
2025-01-29 13:42:44,361 INFO c.h.h.t.HelmChartContainer - [hivemq-test-hivemq-platform] [hivemq-platform-operator] [a756ca37] 13:42:44.357 [pool-6-thread-37] DEBUG c.h.p.o.d.PlatformServiceResource - [helmupgr] Desired Platform services (3 services)
2025-01-29 13:42:44,361 INFO c.h.h.t.HelmChartContainer - [hivemq-test-hivemq-platform] [hivemq-platform-operator] [a756ca37] 13:42:44.358 [pool-6-thread-33] DEBUG c.h.p.o.dependants.PodInfoConfigMap - [helmupgr] Desired PodInfo ConfigMap (1 extensions) (1 enabled)
2025-01-29 13:42:44,361 INFO c.h.h.t.HelmChartContainer - [hivemq-test-hivemq-platform] [hivemq-platform-operator] [a756ca37] 13:42:44.358 [pool-6-thread-33] DEBUG c.h.p.o.dependants.PodInfoConfigMap - [helmupgr] Desired PodInfo ConfigMap (metrics port: 9399) (metrics path: /)
2025-01-29 13:42:44,361 INFO c.h.h.t.HelmChartContainer - [hivemq-test-hivemq-platform] [hivemq-platform-operator] [a756ca37] 13:42:44.358 [pool-6-thread-33] DEBUG c.h.p.o.dependants.PodInfoConfigMap - [helmupgr] Desired PodInfo ConfigMap (extension state hash: -1817474005)
2025-01-29 13:42:44,361 INFO c.h.h.t.HelmChartContainer - [hivemq-test-hivemq-platform] [hivemq-platform-operator] [a756ca37] 13:42:44.359 [pool-6-thread-33] DEBUG c.h.p.o.d.PodServiceAccountResource - [helmupgr] Desired PodServiceAccountResource (serviceAccountName: hivemq-platform-pod-test-hivemq-platform)
2025-01-29 13:42:44,373 INFO c.h.h.t.HelmChartContainer - [hivemq-test-hivemq-platform] [hivemq-platform-operator] [a756ca37] 13:42:44.372 [pool-6-thread-37] DEBUG c.h.p.o.d.StatefulSetResource - [helmupgr] Desired StatefulSet (1 replicas) for status STARTING (READY)
2025-01-29 13:42:44,377 INFO c.h.h.t.HelmChartContainer - [hivemq-test-hivemq-platform] [hivemq-platform-operator] [a756ca37] 13:42:44.376 [ReconcilerExecutor-hivemq-controller-114] INFO  c.h.p.o.HiveMQPlatformReconciler - [helmupgr] Reconciling HiveMQ Platform 'test-hivemq-platform' in namespace 'helmupgradeplatformit'
2025-01-29 13:42:44,378 INFO c.h.h.t.HelmChartContainer - [hivemq-test-hivemq-platform] [hivemq-platform-operator] [a756ca37] 13:42:44.376 [ReconcilerExecutor-hivemq-controller-114] DEBUG c.h.p.o.HiveMQPlatformReconciler - [helmupgr] Custom Resource Status STARTING - HiveMQ Platform is starting (READY)
2025-01-29 13:42:44,378 INFO c.h.h.t.HelmChartContainer - [hivemq-test-hivemq-platform] [hivemq-platform-operator] [a756ca37] 13:42:44.376 [ReconcilerExecutor-hivemq-controller-114] DEBUG c.h.p.o.HiveMQPlatformReconciler - [helmupgr] Custom Resource Spec (replicas: 1) (extensions: 1)
2025-01-29 13:42:44,453 INFO c.h.h.t.HelmChartContainer - [hivemq-test-hivemq-platform] [hivemq-platform-operator] [a756ca37] 13:42:44.451 [ReconcilerExecutor-hivemq-controller-114] DEBUG c.h.p.o.HiveMQPlatformReconciler - [helmupgr] StatefulSet Status (revision: test-hivemq-platform-77d44868f9, replicas: 1, available: 0, ready: 0, current: 1, updated: 1)
2025-01-29 13:42:44,453 INFO c.h.h.t.HelmChartContainer - [hivemq-test-hivemq-platform] [hivemq-platform-operator] [a756ca37] 13:42:44.451 [ReconcilerExecutor-hivemq-controller-114] DEBUG c.h.p.o.HiveMQPlatformReconciler - [helmupgr] StatefulSet Spec (replicas: 1, init containers: 1, containers: 1, volumes: 3)
2025-01-29 13:42:44,454 INFO c.h.h.t.HelmChartContainer - [hivemq-test-hivemq-platform] [hivemq-platform-operator] [a756ca37] 13:42:44.453 [ReconcilerExecutor-hivemq-controller-114] DEBUG c.h.p.o.h.HiveMQPlatformReconcilerErrorHandler - [helmupgr] Pod 'test-hivemq-platform-0' phase Running
2025-01-29 13:42:44,455 INFO c.h.h.t.HelmChartContainer - [hivemq-test-hivemq-platform] [hivemq-platform-operator] [a756ca37] 13:42:44.454 [ReconcilerExecutor-hivemq-controller-114] INFO  c.h.p.o.h.HiveMQPlatformReconcilerBaseHandler - [helmupgr] HiveMQ Platform is starting, 0 of 1 replicas are ready
2025-01-29 13:42:44,495 INFO c.h.h.t.HelmChartContainer - [test-hivemq-platform] [hivemq] [32a9674d] INFO  - Started HiveMQ Health API in 892ms
2025-01-29 13:42:45,002 INFO c.h.h.t.HelmChartContainer - [test-hivemq-platform] [hivemq] [32a9674d] INFO  - Starting HiveMQ extension system.
2025-01-29 13:42:45,293 INFO c.h.h.t.HelmChartContainer - [test-hivemq-platform] [hivemq] [32a9674d] INFO  - Starting extension with id "hivemq-dns-cluster-discovery" at /opt/hivemq/extensions/hivemq-dns-cluster-discovery
2025-01-29 13:42:45,688 INFO c.h.h.t.HelmChartContainer - [test-hivemq-platform] [hivemq] [32a9674d] INFO  - Extension "DNS Cluster Discovery Extension" version 4.3.2 started successfully.
2025-01-29 13:42:45,688 INFO c.h.h.t.HelmChartContainer - [test-hivemq-platform] [hivemq] [32a9674d] INFO  - Starting extension with id "hivemq-prometheus-extension" at /opt/hivemq/extensions/hivemq-prometheus-extension
2025-01-29 13:42:46,063 INFO c.h.h.t.HelmChartContainer - [test-hivemq-platform] [hivemq] [32a9674d] INFO  - Using TCP cluster transport on address 10.42.0.10 and port 7000
2025-01-29 13:42:46,092 INFO c.h.h.t.HelmChartContainer - [test-hivemq-platform] [hivemq] [32a9674d] INFO  - Using extension cluster discovery
2025-01-29 13:42:46,763 INFO c.h.h.t.HelmChartContainer - [test-hivemq-platform] [hivemq] [32a9674d] INFO  - Started Jetty Server exposing Prometheus Servlet on URI http://0.0.0.0:9399/
2025-01-29 13:42:46,764 INFO c.h.h.t.HelmChartContainer - [test-hivemq-platform] [hivemq] [32a9674d] INFO  - Extension "Prometheus Monitoring Extension" version 4.0.12 started successfully.
2025-01-29 13:42:46,764 INFO c.h.h.t.HelmChartContainer - [test-hivemq-platform] [hivemq] [32a9674d] INFO  - Starting extension with id "hivemq-allow-all-extension" at /opt/hivemq/extensions/hivemq-allow-all-extension
2025-01-29 13:42:46,764 INFO c.h.h.t.HelmChartContainer - [test-hivemq-platform] [hivemq] [32a9674d] WARN  - 
2025-01-29 13:42:46,764 INFO c.h.h.t.HelmChartContainer - [test-hivemq-platform] [hivemq] [32a9674d] ################################################################################################################
2025-01-29 13:42:46,764 INFO c.h.h.t.HelmChartContainer - [test-hivemq-platform] [hivemq] [32a9674d] # This HiveMQ deployment is not secure! You are lacking Authentication and Authorization.                      #
2025-01-29 13:42:46,765 INFO c.h.h.t.HelmChartContainer - [test-hivemq-platform] [hivemq] [32a9674d] # Right now any MQTT client can connect to the broker with a full set of permissions.                          #
2025-01-29 13:42:46,765 INFO c.h.h.t.HelmChartContainer - [test-hivemq-platform] [hivemq] [32a9674d] # For production usage, add an appropriate security extension and remove the hivemq-allow-all extension.       #
2025-01-29 13:42:46,765 INFO c.h.h.t.HelmChartContainer - [test-hivemq-platform] [hivemq] [32a9674d] # You can download security extensions from the HiveMQ Marketplace (https://www.hivemq.com/extensions/).       #
2025-01-29 13:42:46,765 INFO c.h.h.t.HelmChartContainer - [test-hivemq-platform] [hivemq] [32a9674d] ################################################################################################################
2025-01-29 13:42:46,765 INFO c.h.h.t.HelmChartContainer - [test-hivemq-platform] [hivemq] [32a9674d] INFO  - Extension "Allow All Extension" version 1.1.1 started successfully.
2025-01-29 13:42:48,692 INFO c.h.h.t.HelmChartContainer - [test-hivemq-platform] [hivemq] [32a9674d] INFO  - io2nr: no members discovered after 2001 ms: creating cluster as first member
2025-01-29 13:42:48,698 INFO c.h.h.t.HelmChartContainer - [test-hivemq-platform] [hivemq] [32a9674d] INFO  - Cluster nodes found by discovery: [io2nr|0] (1) [io2nr].
2025-01-29 13:42:48,792 INFO c.h.h.t.HelmChartContainer - [test-hivemq-platform] [hivemq] [32a9674d] WARN  - No user for HiveMQ Control Center configured. Starting with default user
2025-01-29 13:42:48,792 INFO c.h.h.t.HelmChartContainer - [test-hivemq-platform] [hivemq] [32a9674d] INFO  - Starting HiveMQ Control Center on address 0.0.0.0 and port 8080
2025-01-29 13:42:48,798 INFO c.h.h.t.HelmChartContainer - [test-hivemq-platform] [hivemq] [32a9674d] INFO  - Mounting HiveMQ Control Center V2 Preview
2025-01-29 13:42:49,494 INFO c.h.h.t.HelmChartContainer - [test-hivemq-platform] [hivemq] [32a9674d] INFO  - Started HiveMQ Control Center in 702ms
2025-01-29 13:42:49,592 INFO c.h.h.t.HelmChartContainer - [test-hivemq-platform] [hivemq] [32a9674d] INFO  - Starting TCP listener on address 0.0.0.0 and port 1883
2025-01-29 13:42:49,697 INFO c.h.h.t.HelmChartContainer - [test-hivemq-platform] [hivemq] [32a9674d] INFO  - Started TCP Listener on address 0.0.0.0 and on port 1883.
2025-01-29 13:42:49,698 INFO c.h.h.t.HelmChartContainer - [test-hivemq-platform] [hivemq] [32a9674d] INFO  - Started HiveMQ in 33407ms
2025-01-29 13:42:50,002 INFO c.h.h.t.HelmChartContainer - [test-hivemq-platform] [hivemq] [32a9674d] INFO  - [HiveMQ Platform Operator Init App 1.7.0-SNAPSHOT] Returning Health API response 503 for readiness
2025-01-29 13:42:50,006 INFO c.h.h.t.HelmChartContainer - [EVENT] Warning [Unhealthy] Readiness probe failed: HTTP probe failed with statuscode: 503 [helmupgradeplatformit:test-hivemq-platform-0]
2025-01-29 13:42:50,007 INFO c.h.h.t.HelmChartContainer - Received Unhealthy event for container hivemq in pod test-hivemq-platform-0 [32a9674d-61d0-4339-8167-cabdab0a1642]
2025-01-29 13:42:54,208 INFO c.h.h.t.HelmChartContainer - [test-hivemq-platform] [hivemq] [32a9674d] INFO  - [HiveMQ Platform Operator Init App 1.7.0-SNAPSHOT] Returning Health API response 200 for readiness
2025-01-29 13:42:54,219 INFO c.h.h.t.HelmChartContainer - [POD] test-hivemq-platform-0 [32a9674d-61d0-4339-8167-cabdab0a1642] in helmupgradeplatformit was MODIFIED
2025-01-29 13:42:54,234 INFO c.h.h.t.HelmChartContainer - [hivemq-test-hivemq-platform] [hivemq-platform-operator] [a756ca37] 13:42:54.223 [pool-6-thread-43] DEBUG c.h.p.o.d.PlatformServiceResource - [helmupgr] Desired Platform services (3 services)
2025-01-29 13:42:54,240 INFO c.h.h.t.HelmChartContainer - [hivemq-test-hivemq-platform] [hivemq-platform-operator] [a756ca37] 13:42:54.224 [pool-6-thread-44] DEBUG c.h.p.o.d.PodServiceAccountResource - [helmupgr] Desired PodServiceAccountResource (serviceAccountName: hivemq-platform-pod-test-hivemq-platform)
2025-01-29 13:42:54,241 INFO c.h.h.t.HelmChartContainer - [hivemq-test-hivemq-platform] [hivemq-platform-operator] [a756ca37] 13:42:54.227 [pool-6-thread-42] DEBUG c.h.p.o.dependants.PodInfoConfigMap - [helmupgr] Desired PodInfo ConfigMap (1 extensions) (1 enabled)
2025-01-29 13:42:54,241 INFO c.h.h.t.HelmChartContainer - [hivemq-test-hivemq-platform] [hivemq-platform-operator] [a756ca37] 13:42:54.227 [pool-6-thread-42] DEBUG c.h.p.o.dependants.PodInfoConfigMap - [helmupgr] Desired PodInfo ConfigMap (metrics port: 9399) (metrics path: /)
2025-01-29 13:42:54,241 INFO c.h.h.t.HelmChartContainer - [hivemq-test-hivemq-platform] [hivemq-platform-operator] [a756ca37] 13:42:54.227 [pool-6-thread-42] DEBUG c.h.p.o.dependants.PodInfoConfigMap - [helmupgr] Desired PodInfo ConfigMap (extension state hash: -1817474005)
2025-01-29 13:42:54,241 INFO c.h.h.t.HelmChartContainer - [hivemq-test-hivemq-platform] [hivemq-platform-operator] [a756ca37] 13:42:54.235 [pool-6-thread-43] DEBUG c.h.p.o.d.StatefulSetResource - [helmupgr] Desired StatefulSet (1 replicas) for status STARTING (READY)
2025-01-29 13:42:54,313 INFO c.h.h.t.HelmChartContainer - [hivemq-test-hivemq-platform] [hivemq-platform-operator] [a756ca37] 13:42:54.310 [ReconcilerExecutor-hivemq-controller-115] INFO  c.h.p.o.HiveMQPlatformReconciler - [helmupgr] Reconciling HiveMQ Platform 'test-hivemq-platform' in namespace 'helmupgradeplatformit'
2025-01-29 13:42:54,313 INFO c.h.h.t.HelmChartContainer - [hivemq-test-hivemq-platform] [hivemq-platform-operator] [a756ca37] 13:42:54.310 [ReconcilerExecutor-hivemq-controller-115] DEBUG c.h.p.o.HiveMQPlatformReconciler - [helmupgr] Custom Resource Status STARTING - HiveMQ Platform is starting (READY)
2025-01-29 13:42:54,313 INFO c.h.h.t.HelmChartContainer - [hivemq-test-hivemq-platform] [hivemq-platform-operator] [a756ca37] 13:42:54.310 [ReconcilerExecutor-hivemq-controller-115] DEBUG c.h.p.o.HiveMQPlatformReconciler - [helmupgr] Custom Resource Spec (replicas: 1) (extensions: 1)
2025-01-29 13:42:54,314 INFO c.h.h.t.HelmChartContainer - [hivemq-test-hivemq-platform] [hivemq-platform-operator] [a756ca37] 13:42:54.312 [ReconcilerExecutor-hivemq-controller-115] DEBUG c.h.p.o.HiveMQPlatformReconciler - [helmupgr] StatefulSet Status (revision: test-hivemq-platform-77d44868f9, replicas: 1, available: 1, ready: 1, current: 1, updated: 1)
2025-01-29 13:42:54,314 INFO c.h.h.t.HelmChartContainer - [hivemq-test-hivemq-platform] [hivemq-platform-operator] [a756ca37] 13:42:54.312 [ReconcilerExecutor-hivemq-controller-115] DEBUG c.h.p.o.HiveMQPlatformReconciler - [helmupgr] StatefulSet Spec (replicas: 1, init containers: 1, containers: 1, volumes: 3)
2025-01-29 13:42:54,314 INFO c.h.h.t.HelmChartContainer - [hivemq-test-hivemq-platform] [hivemq-platform-operator] [a756ca37] 13:42:54.313 [ReconcilerExecutor-hivemq-controller-115] DEBUG c.h.p.o.h.HiveMQPlatformReconcilerErrorHandler - [helmupgr] Pod 'test-hivemq-platform-0' phase Running
2025-01-29 13:42:54,315 INFO c.h.h.t.HelmChartContainer - [hivemq-test-hivemq-platform] [hivemq-platform-operator] [a756ca37] 13:42:54.314 [ReconcilerExecutor-hivemq-controller-115] INFO  c.h.p.o.h.HiveMQPlatformReconcilerBaseHandler - [helmupgr] HiveMQ Platform started successfully
2025-01-29 13:42:54,413 INFO c.h.h.t.HelmChartContainer - [hivemq-test-hivemq-platform] [hivemq-platform-operator] [a756ca37] 13:42:54.412 [ReconcilerExecutor-hivemq-controller-115] DEBUG c.h.p.operator.event.EventSender - [helmupgr] Creating K8s event hivemq-platform-ready: [Ready] HiveMQ Platform is ready
2025-01-29 13:42:54,418 INFO c.h.h.t.HelmChartContainer - [EVENT] Normal [Ready] HiveMQ Platform is ready [helmupgradeplatformit:test-hivemq-platform]
2025-01-29 13:42:54,421 INFO c.h.h.t.HelmChartContainer - [hivemq-test-hivemq-platform] [hivemq-platform-operator] [a756ca37] 13:42:54.418 [ReconcilerExecutor-hivemq-controller-115] INFO  c.h.p.o.h.AbstractHiveMQReconcilerStateHandler - [helmupgr] Update HiveMQ Platform Status (STARTING [READY] -> RUNNING [READY]): HiveMQ Platform is ready
2025-01-29 13:42:54,433 DEBUG com.hivemq.helmcharts.util.K8sUtil - Comparing actual state 'RUNNING' and waiting for 'RUNNING'
2025-01-29 13:42:54,453 DEBUG c.h.h.platform.HelmUpgradePlatformIT - Platform ready
2025-01-29 13:42:54,521 INFO c.h.h.t.HelmChartContainer - [hivemq-test-hivemq-platform] [hivemq-platform-operator] [a756ca37] 13:42:54.512 [pool-6-thread-6] DEBUG c.h.p.o.d.PlatformServiceResource - [helmupgr] Desired Platform services (3 services)
2025-01-29 13:42:54,521 INFO c.h.h.t.HelmChartContainer - [hivemq-test-hivemq-platform] [hivemq-platform-operator] [a756ca37] 13:42:54.515 [pool-6-thread-4] DEBUG c.h.p.o.dependants.PodInfoConfigMap - [helmupgr] Desired PodInfo ConfigMap (1 extensions) (1 enabled)
2025-01-29 13:42:54,521 INFO c.h.h.t.HelmChartContainer - [hivemq-test-hivemq-platform] [hivemq-platform-operator] [a756ca37] 13:42:54.515 [pool-6-thread-4] DEBUG c.h.p.o.dependants.PodInfoConfigMap - [helmupgr] Desired PodInfo ConfigMap (metrics port: 9399) (metrics path: /)
2025-01-29 13:42:54,522 INFO c.h.h.t.HelmChartContainer - [hivemq-test-hivemq-platform] [hivemq-platform-operator] [a756ca37] 13:42:54.515 [pool-6-thread-4] DEBUG c.h.p.o.dependants.PodInfoConfigMap - [helmupgr] Desired PodInfo ConfigMap (extension state hash: -1817474005)
2025-01-29 13:42:54,522 INFO c.h.h.t.HelmChartContainer - [hivemq-test-hivemq-platform] [hivemq-platform-operator] [a756ca37] 13:42:54.516 [pool-6-thread-4] DEBUG c.h.p.o.dependants.PodInfoConfigMap - [helmupgr] Update PodInfo ConfigMap
2025-01-29 13:42:54,522 INFO c.h.h.t.HelmChartContainer - [hivemq-test-hivemq-platform] [hivemq-platform-operator] [a756ca37] 13:42:54.517 [pool-6-thread-6] DEBUG c.h.p.o.d.PodServiceAccountResource - [helmupgr] Desired PodServiceAccountResource (serviceAccountName: hivemq-platform-pod-test-hivemq-platform)
2025-01-29 13:42:54,531 INFO c.h.h.t.HelmChartContainer - [hivemq-test-hivemq-platform] [hivemq-platform-operator] [a756ca37] 13:42:54.530 [pool-6-thread-4] DEBUG c.h.p.o.d.StatefulSetResource - [helmupgr] Desired StatefulSet (1 replicas) for status RUNNING (READY)
2025-01-29 13:42:54,540 DEBUG c.h.h.t.HelmChartContainer - Executing helm command: /bin/helm --kubeconfig /etc/rancher/k3s/k3s.yaml upgrade test-hivemq-platform /charts/hivemq-platform --wait --timeout 5m0s --set image.repository=docker.io/hivemq --set image.tag=4.36.0 --set image.pullPolicy=Never --set nodes.resources.cpu=512m --set nodes.replicaCount=2 --namespace helmupgradeplatformit
2025-01-29 13:42:54,614 INFO c.h.h.t.HelmChartContainer - [hivemq-test-hivemq-platform] [hivemq-platform-operator] [a756ca37] 13:42:54.610 [ReconcilerExecutor-hivemq-controller-116] INFO  c.h.p.o.HiveMQPlatformReconciler - [helmupgr] Reconciling HiveMQ Platform 'test-hivemq-platform' in namespace 'helmupgradeplatformit'
2025-01-29 13:42:54,614 INFO c.h.h.t.HelmChartContainer - [hivemq-test-hivemq-platform] [hivemq-platform-operator] [a756ca37] 13:42:54.611 [ReconcilerExecutor-hivemq-controller-116] DEBUG c.h.p.o.HiveMQPlatformReconciler - [helmupgr] Custom Resource Status RUNNING - HiveMQ Platform is ready (READY)
2025-01-29 13:42:54,614 INFO c.h.h.t.HelmChartContainer - [hivemq-test-hivemq-platform] [hivemq-platform-operator] [a756ca37] 13:42:54.611 [ReconcilerExecutor-hivemq-controller-116] DEBUG c.h.p.o.HiveMQPlatformReconciler - [helmupgr] Custom Resource Spec (replicas: 1) (extensions: 1)
2025-01-29 13:42:54,614 INFO c.h.h.t.HelmChartContainer - [hivemq-test-hivemq-platform] [hivemq-platform-operator] [a756ca37] 13:42:54.612 [ReconcilerExecutor-hivemq-controller-116] DEBUG c.h.p.o.HiveMQPlatformReconciler - [helmupgr] StatefulSet Status (revision: test-hivemq-platform-77d44868f9, replicas: 1, available: 1, ready: 1, current: 1, updated: 1)
2025-01-29 13:42:54,614 INFO c.h.h.t.HelmChartContainer - [hivemq-test-hivemq-platform] [hivemq-platform-operator] [a756ca37] 13:42:54.612 [ReconcilerExecutor-hivemq-controller-116] DEBUG c.h.p.o.HiveMQPlatformReconciler - [helmupgr] StatefulSet Spec (replicas: 1, init containers: 1, containers: 1, volumes: 3)
2025-01-29 13:42:54,616 INFO c.h.h.t.HelmChartContainer - [hivemq-test-hivemq-platform] [hivemq-platform-operator] [a756ca37] 13:42:54.614 [ReconcilerExecutor-hivemq-controller-116] DEBUG c.h.p.o.h.HiveMQPlatformReconcilerErrorHandler - [helmupgr] Pod 'test-hivemq-platform-0' phase Running
2025-01-29 13:42:54,882 INFO c.h.h.t.HelmChartContainer - [hivemq-test-hivemq-platform] [hivemq-platform-operator] [a756ca37] 13:42:54.881 [pool-6-thread-17] DEBUG c.h.p.o.d.PlatformServiceResource - [helmupgr] Desired Platform services (3 services)
2025-01-29 13:42:54,883 INFO c.h.h.t.HelmChartContainer - [hivemq-test-hivemq-platform] [hivemq-platform-operator] [a756ca37] 13:42:54.882 [pool-6-thread-15] DEBUG c.h.p.o.d.PodServiceAccountResource - [helmupgr] Desired PodServiceAccountResource (serviceAccountName: hivemq-platform-pod-test-hivemq-platform)
2025-01-29 13:42:54,886 INFO c.h.h.t.HelmChartContainer - [hivemq-test-hivemq-platform] [hivemq-platform-operator] [a756ca37] 13:42:54.883 [pool-6-thread-13] DEBUG c.h.p.o.dependants.PodInfoConfigMap - [helmupgr] Desired PodInfo ConfigMap (1 extensions) (1 enabled)
2025-01-29 13:42:54,886 INFO c.h.h.t.HelmChartContainer - [hivemq-test-hivemq-platform] [hivemq-platform-operator] [a756ca37] 13:42:54.886 [pool-6-thread-13] DEBUG c.h.p.o.dependants.PodInfoConfigMap - [helmupgr] Desired PodInfo ConfigMap (metrics port: 9399) (metrics path: /)
2025-01-29 13:42:54,887 INFO c.h.h.t.HelmChartContainer - [hivemq-test-hivemq-platform] [hivemq-platform-operator] [a756ca37] 13:42:54.886 [pool-6-thread-13] DEBUG c.h.p.o.dependants.PodInfoConfigMap - [helmupgr] Desired PodInfo ConfigMap (extension state hash: -1817474005)
2025-01-29 13:42:54,889 INFO c.h.h.t.HelmChartContainer - [hivemq-test-hivemq-platform] [hivemq-platform-operator] [a756ca37] 13:42:54.888 [pool-6-thread-13] DEBUG c.h.p.o.dependants.PodInfoConfigMap - [helmupgr] Update PodInfo ConfigMap
2025-01-29 13:42:54,957 INFO c.h.h.t.HelmChartContainer - [hivemq-test-hivemq-platform] [hivemq-platform-operator] [a756ca37] 13:42:54.954 [pool-6-thread-13] DEBUG c.h.p.o.d.StatefulSetResource - [helmupgr] Desired StatefulSet (2 replicas) for status RUNNING (READY)
2025-01-29 13:42:54,959 INFO c.h.h.t.HelmChartContainer - [hivemq-test-hivemq-platform] [hivemq-platform-operator] [a756ca37] 13:42:54.958 [pool-6-thread-13] DEBUG c.h.p.o.d.StatefulSetResource - [helmupgr] Update StatefulSet (replicas: 1 -> 2)
2025-01-29 13:42:54,971 INFO c.h.h.t.HelmChartContainer - [hivemq-test-hivemq-platform] [hivemq-platform-operator] [a756ca37] 13:42:54.970 [pool-6-thread-13] INFO  c.h.p.o.d.StatefulSetResource - [helmupgr] Replica count was updated, triggering scaling
2025-01-29 13:42:55,065 DEBUG com.hivemq.helmcharts.util.K8sUtil - Comparing actual state 'RUNNING' and waiting for 'SCALING'
2025-01-29 13:42:55,163 INFO c.h.h.t.HelmChartContainer - [hivemq-test-hivemq-platform] [hivemq-platform-operator] [a756ca37] 13:42:55.162 [ReconcilerExecutor-hivemq-controller-117] INFO  c.h.p.o.HiveMQPlatformReconciler - [helmupgr] Reconciling HiveMQ Platform 'test-hivemq-platform' in namespace 'helmupgradeplatformit'
2025-01-29 13:42:55,164 INFO c.h.h.t.HelmChartContainer - [hivemq-test-hivemq-platform] [hivemq-platform-operator] [a756ca37] 13:42:55.162 [ReconcilerExecutor-hivemq-controller-117] DEBUG c.h.p.o.HiveMQPlatformReconciler - [helmupgr] Custom Resource Status RUNNING - HiveMQ Platform is ready (READY) (reconciliation requests: SCALING, REQUESTS_UPDATED)
2025-01-29 13:42:55,164 INFO c.h.h.t.HelmChartContainer - [hivemq-test-hivemq-platform] [hivemq-platform-operator] [a756ca37] 13:42:55.163 [ReconcilerExecutor-hivemq-controller-117] DEBUG c.h.p.o.HiveMQPlatformReconciler - [helmupgr] Custom Resource Spec (replicas: 2) (extensions: 1)
2025-01-29 13:42:55,166 INFO c.h.h.t.HelmChartContainer - [hivemq-test-hivemq-platform] [hivemq-platform-operator] [a756ca37] 13:42:55.164 [ReconcilerExecutor-hivemq-controller-117] DEBUG c.h.p.o.HiveMQPlatformReconciler - [helmupgr] StatefulSet Status (revision: test-hivemq-platform-77d44868f9, replicas: 1, available: 1, ready: 1, current: 1, updated: 1)
2025-01-29 13:42:55,166 INFO c.h.h.t.HelmChartContainer - [hivemq-test-hivemq-platform] [hivemq-platform-operator] [a756ca37] 13:42:55.164 [ReconcilerExecutor-hivemq-controller-117] DEBUG c.h.p.o.HiveMQPlatformReconciler - [helmupgr] StatefulSet Spec (replicas: 2, init containers: 1, containers: 1, volumes: 3)
2025-01-29 13:42:55,167 INFO c.h.h.t.HelmChartContainer - [hivemq-test-hivemq-platform] [hivemq-platform-operator] [a756ca37] 13:42:55.166 [ReconcilerExecutor-hivemq-controller-117] DEBUG c.h.p.o.h.HiveMQPlatformReconcilerErrorHandler - [helmupgr] Pod 'test-hivemq-platform-0' phase Running
2025-01-29 13:42:55,171 INFO c.h.h.t.HelmChartContainer - [hivemq-test-hivemq-platform] [hivemq-platform-operator] [a756ca37] 13:42:55.168 [ReconcilerExecutor-hivemq-controller-117] INFO  c.h.p.o.h.HiveMQPlatformReconcilerBaseHandler - [helmupgr] HiveMQ Platform will scale to 2 replicas
2025-01-29 13:42:55,181 INFO c.h.h.t.HelmChartContainer - [EVENT] Normal [Scheduled] Successfully assigned helmupgradeplatformit/test-hivemq-platform-1 to f2fb91bd7664 [helmupgradeplatformit:test-hivemq-platform-1]
2025-01-29 13:42:55,181 INFO c.h.h.t.HelmChartContainer - [POD] test-hivemq-platform-1 [c66c6460-b87f-4cc4-ae40-b1e56d811c6f] in helmupgradeplatformit was ADDED
2025-01-29 13:42:55,183 INFO c.h.h.t.HelmChartContainer - [POD] test-hivemq-platform-1 [c66c6460-b87f-4cc4-ae40-b1e56d811c6f] in helmupgradeplatformit was MODIFIED
2025-01-29 13:42:55,184 INFO c.h.h.t.HelmChartContainer - [EVENT] Normal [SuccessfulCreate] create Pod test-hivemq-platform-1 in StatefulSet test-hivemq-platform successful [helmupgradeplatformit:test-hivemq-platform]
2025-01-29 13:42:55,196 INFO c.h.h.t.HelmChartContainer - [POD] test-hivemq-platform-1 [c66c6460-b87f-4cc4-ae40-b1e56d811c6f] in helmupgradeplatformit was MODIFIED
2025-01-29 13:42:55,266 INFO c.h.h.t.HelmChartContainer - [hivemq-test-hivemq-platform] [hivemq-platform-operator] [a756ca37] 13:42:55.265 [ReconcilerExecutor-hivemq-controller-117] DEBUG c.h.p.operator.event.EventSender - [helmupgr] Creating K8s event scaling-started: [Scaling] HiveMQ Platform is scaling
2025-01-29 13:42:55,270 INFO c.h.h.t.HelmChartContainer - [EVENT] Normal [Scaling] HiveMQ Platform is scaling [helmupgradeplatformit:test-hivemq-platform]
2025-01-29 13:42:55,271 INFO c.h.h.t.HelmChartContainer - [hivemq-test-hivemq-platform] [hivemq-platform-operator] [a756ca37] 13:42:55.270 [ReconcilerExecutor-hivemq-controller-117] INFO  c.h.p.o.h.AbstractHiveMQReconcilerStateHandler - [helmupgr] Update HiveMQ Platform Status (RUNNING [READY] -> SCALING [READY]): HiveMQ Platform is scaling
2025-01-29 13:42:55,302 INFO c.h.h.t.HelmChartContainer - [K3S] [reconciler_common.go:251] "operationExecutor.VerifyControllerAttachedVolume started for volume \"broker-configuration\" (UniqueName: \"kubernetes.io/configmap/c66c6460-b87f-4cc4-ae40-b1e56d811c6f-broker-configuration\") pod \"test-hivemq-platform-1\" (UID: \"c66c6460-b87f-4cc4-ae40-b1e56d811c6f\") " pod="helmupgradeplatformit/test-hivemq-platform-1"
2025-01-29 13:42:55,302 INFO c.h.h.t.HelmChartContainer - [K3S] [reconciler_common.go:251] "operationExecutor.VerifyControllerAttachedVolume started for volume \"pod-info\" (UniqueName: \"kubernetes.io/configmap/c66c6460-b87f-4cc4-ae40-b1e56d811c6f-pod-info\") pod \"test-hivemq-platform-1\" (UID: \"c66c6460-b87f-4cc4-ae40-b1e56d811c6f\") " pod="helmupgradeplatformit/test-hivemq-platform-1"
2025-01-29 13:42:55,302 INFO c.h.h.t.HelmChartContainer - [K3S] [reconciler_common.go:251] "operationExecutor.VerifyControllerAttachedVolume started for volume \"kube-api-access-w6kxj\" (UniqueName: \"kubernetes.io/projected/c66c6460-b87f-4cc4-ae40-b1e56d811c6f-kube-api-access-w6kxj\") pod \"test-hivemq-platform-1\" (UID: \"c66c6460-b87f-4cc4-ae40-b1e56d811c6f\") " pod="helmupgradeplatformit/test-hivemq-platform-1"
2025-01-29 13:42:55,303 INFO c.h.h.t.HelmChartContainer - [K3S] [reconciler_common.go:251] "operationExecutor.VerifyControllerAttachedVolume started for volume \"operator-init\" (UniqueName: \"kubernetes.io/empty-dir/c66c6460-b87f-4cc4-ae40-b1e56d811c6f-operator-init\") pod \"test-hivemq-platform-1\" (UID: \"c66c6460-b87f-4cc4-ae40-b1e56d811c6f\") " pod="helmupgradeplatformit/test-hivemq-platform-1"
2025-01-29 13:42:55,358 DEBUG com.hivemq.helmcharts.util.K8sUtil - Comparing actual state 'SCALING' and waiting for 'SCALING'
2025-01-29 13:42:55,359 DEBUG c.h.h.platform.HelmUpgradePlatformIT - Platform scaling
2025-01-29 13:42:55,362 INFO c.h.h.t.HelmChartContainer - [hivemq-test-hivemq-platform] [hivemq-platform-operator] [a756ca37] 13:42:55.361 [pool-6-thread-23] DEBUG c.h.p.o.d.PlatformServiceResource - [helmupgr] Desired Platform services (3 services)
2025-01-29 13:42:55,364 INFO c.h.h.t.HelmChartContainer - [hivemq-test-hivemq-platform] [hivemq-platform-operator] [a756ca37] 13:42:55.363 [pool-6-thread-26] DEBUG c.h.p.o.dependants.PodInfoConfigMap - [helmupgr] Desired PodInfo ConfigMap (1 extensions) (1 enabled)
2025-01-29 13:42:55,366 DEBUG com.hivemq.helmcharts.util.K8sUtil - Comparing actual state 'SCALING' and waiting for 'RUNNING'
2025-01-29 13:42:55,367 INFO c.h.h.t.HelmChartContainer - [hivemq-test-hivemq-platform] [hivemq-platform-operator] [a756ca37] 13:42:55.364 [pool-6-thread-26] DEBUG c.h.p.o.dependants.PodInfoConfigMap - [helmupgr] Desired PodInfo ConfigMap (metrics port: 9399) (metrics path: /)
2025-01-29 13:42:55,367 INFO c.h.h.t.HelmChartContainer - [hivemq-test-hivemq-platform] [hivemq-platform-operator] [a756ca37] 13:42:55.365 [pool-6-thread-26] DEBUG c.h.p.o.dependants.PodInfoConfigMap - [helmupgr] Desired PodInfo ConfigMap (extension state hash: -1817474005)
2025-01-29 13:42:55,368 INFO c.h.h.t.HelmChartContainer - [hivemq-test-hivemq-platform] [hivemq-platform-operator] [a756ca37] 13:42:55.365 [pool-6-thread-26] DEBUG c.h.p.o.dependants.PodInfoConfigMap - [helmupgr] Update PodInfo ConfigMap
2025-01-29 13:42:55,371 INFO c.h.h.t.HelmChartContainer - [hivemq-test-hivemq-platform] [hivemq-platform-operator] [a756ca37] 13:42:55.364 [pool-6-thread-28] DEBUG c.h.p.o.d.PodServiceAccountResource - [helmupgr] Desired PodServiceAccountResource (serviceAccountName: hivemq-platform-pod-test-hivemq-platform)
2025-01-29 13:42:55,452 INFO c.h.h.t.HelmChartContainer - [hivemq-test-hivemq-platform] [hivemq-platform-operator] [a756ca37] 13:42:55.451 [pool-6-thread-26] DEBUG c.h.p.o.d.StatefulSetResource - [helmupgr] Desired StatefulSet (2 replicas) for status SCALING (READY)
2025-01-29 13:42:55,456 INFO c.h.h.t.HelmChartContainer - [hivemq-test-hivemq-platform] [hivemq-platform-operator] [a756ca37] 13:42:55.455 [ReconcilerExecutor-hivemq-controller-118] INFO  c.h.p.o.HiveMQPlatformReconciler - [helmupgr] Reconciling HiveMQ Platform 'test-hivemq-platform' in namespace 'helmupgradeplatformit'
2025-01-29 13:42:55,456 INFO c.h.h.t.HelmChartContainer - [hivemq-test-hivemq-platform] [hivemq-platform-operator] [a756ca37] 13:42:55.455 [ReconcilerExecutor-hivemq-controller-118] DEBUG c.h.p.o.HiveMQPlatformReconciler - [helmupgr] Custom Resource Status SCALING - HiveMQ Platform is scaling (READY)
2025-01-29 13:42:55,456 INFO c.h.h.t.HelmChartContainer - [hivemq-test-hivemq-platform] [hivemq-platform-operator] [a756ca37] 13:42:55.455 [ReconcilerExecutor-hivemq-controller-118] DEBUG c.h.p.o.HiveMQPlatformReconciler - [helmupgr] Custom Resource Spec (replicas: 2) (extensions: 1)
2025-01-29 13:42:55,458 INFO c.h.h.t.HelmChartContainer - [hivemq-test-hivemq-platform] [hivemq-platform-operator] [a756ca37] 13:42:55.457 [ReconcilerExecutor-hivemq-controller-118] DEBUG c.h.p.o.HiveMQPlatformReconciler - [helmupgr] StatefulSet Status (revision: test-hivemq-platform-77d44868f9, replicas: 2, available: 1, ready: 1, current: 2, updated: 2)
2025-01-29 13:42:55,458 INFO c.h.h.t.HelmChartContainer - [hivemq-test-hivemq-platform] [hivemq-platform-operator] [a756ca37] 13:42:55.457 [ReconcilerExecutor-hivemq-controller-118] DEBUG c.h.p.o.HiveMQPlatformReconciler - [helmupgr] StatefulSet Spec (replicas: 2, init containers: 1, containers: 1, volumes: 3)
2025-01-29 13:42:55,459 INFO c.h.h.t.HelmChartContainer - [hivemq-test-hivemq-platform] [hivemq-platform-operator] [a756ca37] 13:42:55.458 [ReconcilerExecutor-hivemq-controller-118] DEBUG c.h.p.o.h.HiveMQPlatformReconcilerErrorHandler - [helmupgr] Pod 'test-hivemq-platform-1' phase Pending
2025-01-29 13:42:55,460 INFO c.h.h.t.HelmChartContainer - [hivemq-test-hivemq-platform] [hivemq-platform-operator] [a756ca37] 13:42:55.459 [ReconcilerExecutor-hivemq-controller-118] DEBUG c.h.p.o.h.HiveMQPlatformReconcilerErrorHandler - [helmupgr] Pod 'test-hivemq-platform-1' condition 'PodReadyToStartContainers': False
2025-01-29 13:42:55,460 INFO c.h.h.t.HelmChartContainer - [hivemq-test-hivemq-platform] [hivemq-platform-operator] [a756ca37] 13:42:55.459 [ReconcilerExecutor-hivemq-controller-118] DEBUG c.h.p.o.h.HiveMQPlatformReconcilerErrorHandler - [helmupgr] Pod 'test-hivemq-platform-1' condition 'Initialized': False
2025-01-29 13:42:55,460 INFO c.h.h.t.HelmChartContainer - [hivemq-test-hivemq-platform] [hivemq-platform-operator] [a756ca37] 13:42:55.459 [ReconcilerExecutor-hivemq-controller-118] DEBUG c.h.p.o.h.HiveMQPlatformReconcilerErrorHandler - [helmupgr] Pod 'test-hivemq-platform-1' condition 'Ready': False
2025-01-29 13:42:55,460 INFO c.h.h.t.HelmChartContainer - [hivemq-test-hivemq-platform] [hivemq-platform-operator] [a756ca37] 13:42:55.459 [ReconcilerExecutor-hivemq-controller-118] DEBUG c.h.p.o.h.HiveMQPlatformReconcilerErrorHandler - [helmupgr] Pod 'test-hivemq-platform-1' condition 'ContainersReady': False
2025-01-29 13:42:55,460 INFO c.h.h.t.HelmChartContainer - [hivemq-test-hivemq-platform] [hivemq-platform-operator] [a756ca37] 13:42:55.459 [ReconcilerExecutor-hivemq-controller-118] DEBUG c.h.p.o.h.HiveMQPlatformReconcilerErrorHandler - [helmupgr] Pod 'test-hivemq-platform-1' condition 'PodScheduled': True
2025-01-29 13:42:55,460 INFO c.h.h.t.HelmChartContainer - [hivemq-test-hivemq-platform] [hivemq-platform-operator] [a756ca37] 13:42:55.459 [ReconcilerExecutor-hivemq-controller-118] DEBUG c.h.p.o.h.HiveMQPlatformReconcilerErrorHandler - [helmupgr] Pod 'test-hivemq-platform-1' containerStatus 'hivemq' (started: false) (ready: false) (waiting: [PodInitializing] null)
2025-01-29 13:42:55,466 INFO c.h.h.t.HelmChartContainer - [hivemq-test-hivemq-platform] [hivemq-platform-operator] [a756ca37] 13:42:55.465 [ReconcilerExecutor-hivemq-controller-118] DEBUG c.h.p.o.h.HiveMQPlatformReconcilerErrorHandler - [helmupgr] Pod 'test-hivemq-platform-0' phase Running
2025-01-29 13:42:55,467 INFO c.h.h.t.HelmChartContainer - [hivemq-test-hivemq-platform] [hivemq-platform-operator] [a756ca37] 13:42:55.466 [ReconcilerExecutor-hivemq-controller-118] DEBUG c.h.p.o.h.HiveMQPlatformReconcilerScalingHandler - [helmupgr] HiveMQ Platform is scaling, waiting for 1 of 2 replicas
2025-01-29 13:42:55,577 INFO c.h.h.t.HelmChartContainer - [EVENT] Normal [Pulled] Container image "docker.io/hivemq/hivemq-platform-operator-init-test:snapshot" already present on machine [helmupgradeplatformit:test-hivemq-platform-1]
2025-01-29 13:42:55,584 INFO c.h.h.t.HelmChartContainer - [EVENT] Normal [Created] Created container: hivemq-platform-operator-init [helmupgradeplatformit:test-hivemq-platform-1]
2025-01-29 13:42:55,624 INFO c.h.h.t.HelmChartContainer - [EVENT] Normal [Started] Started container hivemq-platform-operator-init [helmupgradeplatformit:test-hivemq-platform-1]
2025-01-29 13:42:55,712 INFO c.h.h.t.HelmChartContainer - [POD] test-hivemq-platform-1 [c66c6460-b87f-4cc4-ae40-b1e56d811c6f] in helmupgradeplatformit was MODIFIED
2025-01-29 13:42:55,726 INFO c.h.h.t.HelmChartContainer - [hivemq-test-hivemq-platform] [hivemq-platform-operator] [a756ca37] 13:42:55.724 [pool-6-thread-33] DEBUG c.h.p.o.d.PlatformServiceResource - [helmupgr] Desired Platform services (3 services)
2025-01-29 13:42:55,731 INFO c.h.h.t.HelmChartContainer - [hivemq-test-hivemq-platform] [hivemq-platform-operator] [a756ca37] 13:42:55.730 [pool-6-thread-38] DEBUG c.h.p.o.d.PodServiceAccountResource - [helmupgr] Desired PodServiceAccountResource (serviceAccountName: hivemq-platform-pod-test-hivemq-platform)
2025-01-29 13:42:55,736 INFO c.h.h.t.HelmChartContainer - [hivemq-test-hivemq-platform] [hivemq-platform-operator] [a756ca37] 13:42:55.733 [pool-6-thread-31] DEBUG c.h.p.o.dependants.PodInfoConfigMap - [helmupgr] Desired PodInfo ConfigMap (1 extensions) (1 enabled)
2025-01-29 13:42:55,736 INFO c.h.h.t.HelmChartContainer - [hivemq-test-hivemq-platform] [hivemq-platform-operator] [a756ca37] 13:42:55.733 [pool-6-thread-31] DEBUG c.h.p.o.dependants.PodInfoConfigMap - [helmupgr] Desired PodInfo ConfigMap (metrics port: 9399) (metrics path: /)
2025-01-29 13:42:55,736 INFO c.h.h.t.HelmChartContainer - [hivemq-test-hivemq-platform] [hivemq-platform-operator] [a756ca37] 13:42:55.733 [pool-6-thread-31] DEBUG c.h.p.o.dependants.PodInfoConfigMap - [helmupgr] Desired PodInfo ConfigMap (extension state hash: -1817474005)
2025-01-29 13:42:55,741 INFO c.h.h.t.HelmChartContainer - [hivemq-test-hivemq-platform] [hivemq-platform-operator] [a756ca37] 13:42:55.740 [pool-6-thread-33] DEBUG c.h.p.o.d.StatefulSetResource - [helmupgr] Desired StatefulSet (2 replicas) for status SCALING (READY)
2025-01-29 13:42:55,756 INFO c.h.h.t.HelmChartContainer - [hivemq-test-hivemq-platform] [hivemq-platform-operator] [a756ca37] 13:42:55.754 [ReconcilerExecutor-hivemq-controller-119] INFO  c.h.p.o.HiveMQPlatformReconciler - [helmupgr] Reconciling HiveMQ Platform 'test-hivemq-platform' in namespace 'helmupgradeplatformit'
2025-01-29 13:42:55,757 INFO c.h.h.t.HelmChartContainer - [hivemq-test-hivemq-platform] [hivemq-platform-operator] [a756ca37] 13:42:55.754 [ReconcilerExecutor-hivemq-controller-119] DEBUG c.h.p.o.HiveMQPlatformReconciler - [helmupgr] Custom Resource Status SCALING - HiveMQ Platform is scaling (READY)
2025-01-29 13:42:55,757 INFO c.h.h.t.HelmChartContainer - [hivemq-test-hivemq-platform] [hivemq-platform-operator] [a756ca37] 13:42:55.754 [ReconcilerExecutor-hivemq-controller-119] DEBUG c.h.p.o.HiveMQPlatformReconciler - [helmupgr] Custom Resource Spec (replicas: 2) (extensions: 1)
2025-01-29 13:42:55,811 INFO c.h.h.t.HelmChartContainer - [hivemq-test-hivemq-platform] [hivemq-platform-operator] [a756ca37] 13:42:55.810 [ReconcilerExecutor-hivemq-controller-119] DEBUG c.h.p.o.HiveMQPlatformReconciler - [helmupgr] StatefulSet Status (revision: test-hivemq-platform-77d44868f9, replicas: 2, available: 1, ready: 1, current: 2, updated: 2)
2025-01-29 13:42:55,811 INFO c.h.h.t.HelmChartContainer - [hivemq-test-hivemq-platform] [hivemq-platform-operator] [a756ca37] 13:42:55.810 [ReconcilerExecutor-hivemq-controller-119] DEBUG c.h.p.o.HiveMQPlatformReconciler - [helmupgr] StatefulSet Spec (replicas: 2, init containers: 1, containers: 1, volumes: 3)
2025-01-29 13:42:55,814 INFO c.h.h.t.HelmChartContainer - [hivemq-test-hivemq-platform] [hivemq-platform-operator] [a756ca37] 13:42:55.813 [ReconcilerExecutor-hivemq-controller-119] DEBUG c.h.p.o.h.HiveMQPlatformReconcilerErrorHandler - [helmupgr] Pod 'test-hivemq-platform-1' phase Pending
2025-01-29 13:42:55,816 INFO c.h.h.t.HelmChartContainer - [hivemq-test-hivemq-platform] [hivemq-platform-operator] [a756ca37] 13:42:55.813 [ReconcilerExecutor-hivemq-controller-119] DEBUG c.h.p.o.h.HiveMQPlatformReconcilerErrorHandler - [helmupgr] Pod 'test-hivemq-platform-1' condition 'PodReadyToStartContainers': True
2025-01-29 13:42:55,816 INFO c.h.h.t.HelmChartContainer - [hivemq-test-hivemq-platform] [hivemq-platform-operator] [a756ca37] 13:42:55.813 [ReconcilerExecutor-hivemq-controller-119] DEBUG c.h.p.o.h.HiveMQPlatformReconcilerErrorHandler - [helmupgr] Pod 'test-hivemq-platform-1' condition 'Initialized': False
2025-01-29 13:42:55,817 INFO c.h.h.t.HelmChartContainer - [hivemq-test-hivemq-platform] [hivemq-platform-operator] [a756ca37] 13:42:55.813 [ReconcilerExecutor-hivemq-controller-119] DEBUG c.h.p.o.h.HiveMQPlatformReconcilerErrorHandler - [helmupgr] Pod 'test-hivemq-platform-1' condition 'Ready': False
2025-01-29 13:42:55,817 INFO c.h.h.t.HelmChartContainer - [hivemq-test-hivemq-platform] [hivemq-platform-operator] [a756ca37] 13:42:55.813 [ReconcilerExecutor-hivemq-controller-119] DEBUG c.h.p.o.h.HiveMQPlatformReconcilerErrorHandler - [helmupgr] Pod 'test-hivemq-platform-1' condition 'ContainersReady': False
2025-01-29 13:42:55,817 INFO c.h.h.t.HelmChartContainer - [hivemq-test-hivemq-platform] [hivemq-platform-operator] [a756ca37] 13:42:55.813 [ReconcilerExecutor-hivemq-controller-119] DEBUG c.h.p.o.h.HiveMQPlatformReconcilerErrorHandler - [helmupgr] Pod 'test-hivemq-platform-1' condition 'PodScheduled': True
2025-01-29 13:42:55,818 INFO c.h.h.t.HelmChartContainer - [hivemq-test-hivemq-platform] [hivemq-platform-operator] [a756ca37] 13:42:55.813 [ReconcilerExecutor-hivemq-controller-119] DEBUG c.h.p.o.h.HiveMQPlatformReconcilerErrorHandler - [helmupgr] Pod 'test-hivemq-platform-1' containerStatus 'hivemq' (started: false) (ready: false) (waiting: [PodInitializing] null)
2025-01-29 13:42:55,818 INFO c.h.h.t.HelmChartContainer - [hivemq-test-hivemq-platform] [hivemq-platform-operator] [a756ca37] 13:42:55.816 [ReconcilerExecutor-hivemq-controller-119] DEBUG c.h.p.o.h.HiveMQPlatformReconcilerErrorHandler - [helmupgr] Pod 'test-hivemq-platform-0' phase Running
2025-01-29 13:42:55,819 INFO c.h.h.t.HelmChartContainer - [hivemq-test-hivemq-platform] [hivemq-platform-operator] [a756ca37] 13:42:55.817 [ReconcilerExecutor-hivemq-controller-119] DEBUG c.h.p.o.h.HiveMQPlatformReconcilerScalingHandler - [helmupgr] HiveMQ Platform is scaling, waiting for 1 of 2 replicas
2025-01-29 13:42:56,704 INFO c.h.h.t.HelmChartContainer - [EVENT] Normal [Pulled] Container image "docker.io/hivemq/hivemq4:4.36.0" already present on machine [helmupgradeplatformit:test-hivemq-platform-1]
2025-01-29 13:42:56,704 INFO c.h.h.t.HelmChartContainer - Received Pulled event for container hivemq in pod test-hivemq-platform-1 [c66c6460-b87f-4cc4-ae40-b1e56d811c6f]
2025-01-29 13:42:56,712 INFO c.h.h.t.HelmChartContainer - [POD] test-hivemq-platform-1 [c66c6460-b87f-4cc4-ae40-b1e56d811c6f] in helmupgradeplatformit was MODIFIED
2025-01-29 13:42:56,715 INFO c.h.h.t.HelmChartContainer - [EVENT] Normal [Created] Created container: hivemq [helmupgradeplatformit:test-hivemq-platform-1]
2025-01-29 13:42:56,715 INFO c.h.h.t.HelmChartContainer - Received Created event for container hivemq in pod test-hivemq-platform-1 [c66c6460-b87f-4cc4-ae40-b1e56d811c6f]
2025-01-29 13:42:56,722 INFO c.h.h.t.HelmChartContainer - [hivemq-test-hivemq-platform] [hivemq-platform-operator] [a756ca37] 13:42:56.721 [pool-6-thread-46] DEBUG c.h.p.o.d.PlatformServiceResource - [helmupgr] Desired Platform services (3 services)
2025-01-29 13:42:56,726 INFO c.h.h.t.HelmChartContainer - [hivemq-test-hivemq-platform] [hivemq-platform-operator] [a756ca37] 13:42:56.723 [pool-6-thread-45] DEBUG c.h.p.o.dependants.PodInfoConfigMap - [helmupgr] Desired PodInfo ConfigMap (1 extensions) (1 enabled)
2025-01-29 13:42:56,726 INFO c.h.h.t.HelmChartContainer - [hivemq-test-hivemq-platform] [hivemq-platform-operator] [a756ca37] 13:42:56.723 [pool-6-thread-45] DEBUG c.h.p.o.dependants.PodInfoConfigMap - [helmupgr] Desired PodInfo ConfigMap (metrics port: 9399) (metrics path: /)
2025-01-29 13:42:56,726 INFO c.h.h.t.HelmChartContainer - [hivemq-test-hivemq-platform] [hivemq-platform-operator] [a756ca37] 13:42:56.723 [pool-6-thread-45] DEBUG c.h.p.o.dependants.PodInfoConfigMap - [helmupgr] Desired PodInfo ConfigMap (extension state hash: -1817474005)
2025-01-29 13:42:56,726 INFO c.h.h.t.HelmChartContainer - [hivemq-test-hivemq-platform] [hivemq-platform-operator] [a756ca37] 13:42:56.724 [pool-6-thread-45] DEBUG c.h.p.o.d.PodServiceAccountResource - [helmupgr] Desired PodServiceAccountResource (serviceAccountName: hivemq-platform-pod-test-hivemq-platform)
2025-01-29 13:42:56,735 INFO c.h.h.t.HelmChartContainer - [hivemq-test-hivemq-platform] [hivemq-platform-operator] [a756ca37] 13:42:56.732 [pool-6-thread-41] DEBUG c.h.p.o.d.StatefulSetResource - [helmupgr] Desired StatefulSet (2 replicas) for status SCALING (READY)
2025-01-29 13:42:56,814 INFO c.h.h.t.HelmChartContainer - [hivemq-test-hivemq-platform] [hivemq-platform-operator] [a756ca37] 13:42:56.811 [ReconcilerExecutor-hivemq-controller-120] INFO  c.h.p.o.HiveMQPlatformReconciler - [helmupgr] Reconciling HiveMQ Platform 'test-hivemq-platform' in namespace 'helmupgradeplatformit'
2025-01-29 13:42:56,814 INFO c.h.h.t.HelmChartContainer - [hivemq-test-hivemq-platform] [hivemq-platform-operator] [a756ca37] 13:42:56.812 [ReconcilerExecutor-hivemq-controller-120] DEBUG c.h.p.o.HiveMQPlatformReconciler - [helmupgr] Custom Resource Status SCALING - HiveMQ Platform is scaling (READY)
2025-01-29 13:42:56,814 INFO c.h.h.t.HelmChartContainer - [hivemq-test-hivemq-platform] [hivemq-platform-operator] [a756ca37] 13:42:56.812 [ReconcilerExecutor-hivemq-controller-120] DEBUG c.h.p.o.HiveMQPlatformReconciler - [helmupgr] Custom Resource Spec (replicas: 2) (extensions: 1)
2025-01-29 13:42:56,816 INFO c.h.h.t.HelmChartContainer - [hivemq-test-hivemq-platform] [hivemq-platform-operator] [a756ca37] 13:42:56.814 [ReconcilerExecutor-hivemq-controller-120] DEBUG c.h.p.o.HiveMQPlatformReconciler - [helmupgr] StatefulSet Status (revision: test-hivemq-platform-77d44868f9, replicas: 2, available: 1, ready: 1, current: 2, updated: 2)
2025-01-29 13:42:56,816 INFO c.h.h.t.HelmChartContainer - [hivemq-test-hivemq-platform] [hivemq-platform-operator] [a756ca37] 13:42:56.814 [ReconcilerExecutor-hivemq-controller-120] DEBUG c.h.p.o.HiveMQPlatformReconciler - [helmupgr] StatefulSet Spec (replicas: 2, init containers: 1, containers: 1, volumes: 3)
2025-01-29 13:42:56,818 INFO c.h.h.t.HelmChartContainer - [hivemq-test-hivemq-platform] [hivemq-platform-operator] [a756ca37] 13:42:56.815 [ReconcilerExecutor-hivemq-controller-120] DEBUG c.h.p.o.h.HiveMQPlatformReconcilerErrorHandler - [helmupgr] Pod 'test-hivemq-platform-1' phase Pending
2025-01-29 13:42:56,818 INFO c.h.h.t.HelmChartContainer - [hivemq-test-hivemq-platform] [hivemq-platform-operator] [a756ca37] 13:42:56.815 [ReconcilerExecutor-hivemq-controller-120] DEBUG c.h.p.o.h.HiveMQPlatformReconcilerErrorHandler - [helmupgr] Pod 'test-hivemq-platform-1' condition 'PodReadyToStartContainers': True
2025-01-29 13:42:56,818 INFO c.h.h.t.HelmChartContainer - [hivemq-test-hivemq-platform] [hivemq-platform-operator] [a756ca37] 13:42:56.815 [ReconcilerExecutor-hivemq-controller-120] DEBUG c.h.p.o.h.HiveMQPlatformReconcilerErrorHandler - [helmupgr] Pod 'test-hivemq-platform-1' condition 'Initialized': True
2025-01-29 13:42:56,818 INFO c.h.h.t.HelmChartContainer - [hivemq-test-hivemq-platform] [hivemq-platform-operator] [a756ca37] 13:42:56.815 [ReconcilerExecutor-hivemq-controller-120] DEBUG c.h.p.o.h.HiveMQPlatformReconcilerErrorHandler - [helmupgr] Pod 'test-hivemq-platform-1' condition 'Ready': False
2025-01-29 13:42:56,819 INFO c.h.h.t.HelmChartContainer - [hivemq-test-hivemq-platform] [hivemq-platform-operator] [a756ca37] 13:42:56.815 [ReconcilerExecutor-hivemq-controller-120] DEBUG c.h.p.o.h.HiveMQPlatformReconcilerErrorHandler - [helmupgr] Pod 'test-hivemq-platform-1' condition 'ContainersReady': False
2025-01-29 13:42:56,819 INFO c.h.h.t.HelmChartContainer - [hivemq-test-hivemq-platform] [hivemq-platform-operator] [a756ca37] 13:42:56.815 [ReconcilerExecutor-hivemq-controller-120] DEBUG c.h.p.o.h.HiveMQPlatformReconcilerErrorHandler - [helmupgr] Pod 'test-hivemq-platform-1' condition 'PodScheduled': True
2025-01-29 13:42:56,819 INFO c.h.h.t.HelmChartContainer - [hivemq-test-hivemq-platform] [hivemq-platform-operator] [a756ca37] 13:42:56.815 [ReconcilerExecutor-hivemq-controller-120] DEBUG c.h.p.o.h.HiveMQPlatformReconcilerErrorHandler - [helmupgr] Pod 'test-hivemq-platform-1' containerStatus 'hivemq' (started: false) (ready: false) (waiting: [PodInitializing] null)
2025-01-29 13:42:56,819 INFO c.h.h.t.HelmChartContainer - [hivemq-test-hivemq-platform] [hivemq-platform-operator] [a756ca37] 13:42:56.816 [ReconcilerExecutor-hivemq-controller-120] DEBUG c.h.p.o.h.HiveMQPlatformReconcilerErrorHandler - [helmupgr] Pod 'test-hivemq-platform-0' phase Running
2025-01-29 13:42:56,819 INFO c.h.h.t.HelmChartContainer - [hivemq-test-hivemq-platform] [hivemq-platform-operator] [a756ca37] 13:42:56.817 [ReconcilerExecutor-hivemq-controller-120] DEBUG c.h.p.o.h.HiveMQPlatformReconcilerScalingHandler - [helmupgr] HiveMQ Platform is scaling, waiting for 1 of 2 replicas
2025-01-29 13:42:57,715 INFO c.h.h.t.HelmChartContainer - [POD] test-hivemq-platform-1 [c66c6460-b87f-4cc4-ae40-b1e56d811c6f] in helmupgradeplatformit was MODIFIED
2025-01-29 13:42:57,724 INFO c.h.h.t.HelmChartContainer - [hivemq-test-hivemq-platform] [hivemq-platform-operator] [a756ca37] 13:42:57.720 [pool-6-thread-2] DEBUG c.h.p.o.d.PlatformServiceResource - [helmupgr] Desired Platform services (3 services)
2025-01-29 13:42:57,724 INFO c.h.h.t.HelmChartContainer - [hivemq-test-hivemq-platform] [hivemq-platform-operator] [a756ca37] 13:42:57.721 [pool-6-thread-6] DEBUG c.h.p.o.dependants.PodInfoConfigMap - [helmupgr] Desired PodInfo ConfigMap (1 extensions) (1 enabled)
2025-01-29 13:42:57,728 INFO c.h.h.t.HelmChartContainer - [hivemq-test-hivemq-platform] [hivemq-platform-operator] [a756ca37] 13:42:57.722 [pool-6-thread-6] DEBUG c.h.p.o.dependants.PodInfoConfigMap - [helmupgr] Desired PodInfo ConfigMap (metrics port: 9399) (metrics path: /)
2025-01-29 13:42:57,728 INFO c.h.h.t.HelmChartContainer - [hivemq-test-hivemq-platform] [hivemq-platform-operator] [a756ca37] 13:42:57.722 [pool-6-thread-6] DEBUG c.h.p.o.dependants.PodInfoConfigMap - [helmupgr] Desired PodInfo ConfigMap (extension state hash: -1817474005)
2025-01-29 13:42:57,728 INFO c.h.h.t.HelmChartContainer - [hivemq-test-hivemq-platform] [hivemq-platform-operator] [a756ca37] 13:42:57.723 [pool-6-thread-5] DEBUG c.h.p.o.d.PodServiceAccountResource - [helmupgr] Desired PodServiceAccountResource (serviceAccountName: hivemq-platform-pod-test-hivemq-platform)
2025-01-29 13:42:57,730 INFO c.h.h.t.HelmChartContainer - Started log watcher for hivemq in pod test-hivemq-platform-1 [c66c6460-b87f-4cc4-ae40-b1e56d811c6f]
2025-01-29 13:42:57,730 INFO c.h.h.t.HelmChartContainer - [EVENT] Normal [Started] Started container hivemq [helmupgradeplatformit:test-hivemq-platform-1]
2025-01-29 13:42:57,731 INFO c.h.h.t.HelmChartContainer - Received Started event for container hivemq in pod test-hivemq-platform-1 [c66c6460-b87f-4cc4-ae40-b1e56d811c6f]
2025-01-29 13:42:57,731 INFO c.h.h.t.HelmChartContainer - [test-hivemq-platform] [hivemq] [c66c6460] Adding pre-installed HiveMQ Platform Operator extensions
2025-01-29 13:42:57,731 INFO c.h.h.t.HelmChartContainer - [test-hivemq-platform] [hivemq] [c66c6460] Running as user 10000
2025-01-29 13:42:57,732 INFO c.h.h.t.HelmChartContainer - [test-hivemq-platform] [hivemq] [c66c6460] Starting HiveMQ Platform Operator Init
2025-01-29 13:42:57,735 INFO c.h.h.t.HelmChartContainer - [hivemq-test-hivemq-platform] [hivemq-platform-operator] [a756ca37] 13:42:57.733 [pool-6-thread-6] DEBUG c.h.p.o.d.StatefulSetResource - [helmupgr] Desired StatefulSet (2 replicas) for status SCALING (READY)
2025-01-29 13:42:57,741 INFO c.h.h.t.HelmChartContainer - [hivemq-test-hivemq-platform] [hivemq-platform-operator] [a756ca37] 13:42:57.740 [ReconcilerExecutor-hivemq-controller-121] INFO  c.h.p.o.HiveMQPlatformReconciler - [helmupgr] Reconciling HiveMQ Platform 'test-hivemq-platform' in namespace 'helmupgradeplatformit'
2025-01-29 13:42:57,742 INFO c.h.h.t.HelmChartContainer - [hivemq-test-hivemq-platform] [hivemq-platform-operator] [a756ca37] 13:42:57.740 [ReconcilerExecutor-hivemq-controller-121] DEBUG c.h.p.o.HiveMQPlatformReconciler - [helmupgr] Custom Resource Status SCALING - HiveMQ Platform is scaling (READY)
2025-01-29 13:42:57,742 INFO c.h.h.t.HelmChartContainer - [hivemq-test-hivemq-platform] [hivemq-platform-operator] [a756ca37] 13:42:57.740 [ReconcilerExecutor-hivemq-controller-121] DEBUG c.h.p.o.HiveMQPlatformReconciler - [helmupgr] Custom Resource Spec (replicas: 2) (extensions: 1)
2025-01-29 13:42:57,745 INFO c.h.h.t.HelmChartContainer - [hivemq-test-hivemq-platform] [hivemq-platform-operator] [a756ca37] 13:42:57.743 [ReconcilerExecutor-hivemq-controller-121] DEBUG c.h.p.o.HiveMQPlatformReconciler - [helmupgr] StatefulSet Status (revision: test-hivemq-platform-77d44868f9, replicas: 2, available: 1, ready: 1, current: 2, updated: 2)
2025-01-29 13:42:57,745 INFO c.h.h.t.HelmChartContainer - [hivemq-test-hivemq-platform] [hivemq-platform-operator] [a756ca37] 13:42:57.743 [ReconcilerExecutor-hivemq-controller-121] DEBUG c.h.p.o.HiveMQPlatformReconciler - [helmupgr] StatefulSet Spec (replicas: 2, init containers: 1, containers: 1, volumes: 3)
2025-01-29 13:42:57,747 INFO c.h.h.t.HelmChartContainer - [hivemq-test-hivemq-platform] [hivemq-platform-operator] [a756ca37] 13:42:57.745 [ReconcilerExecutor-hivemq-controller-121] DEBUG c.h.p.o.h.HiveMQPlatformReconcilerErrorHandler - [helmupgr] Pod 'test-hivemq-platform-1' phase Running
2025-01-29 13:42:57,750 INFO c.h.h.t.HelmChartContainer - [hivemq-test-hivemq-platform] [hivemq-platform-operator] [a756ca37] 13:42:57.750 [ReconcilerExecutor-hivemq-controller-121] DEBUG c.h.p.o.h.HiveMQPlatformReconcilerErrorHandler - [helmupgr] Pod 'test-hivemq-platform-0' phase Running
2025-01-29 13:42:57,752 INFO c.h.h.t.HelmChartContainer - [hivemq-test-hivemq-platform] [hivemq-platform-operator] [a756ca37] 13:42:57.750 [ReconcilerExecutor-hivemq-controller-121] DEBUG c.h.p.o.h.HiveMQPlatformReconcilerScalingHandler - [helmupgr] HiveMQ Platform is scaling, waiting for 1 of 2 replicas
2025-01-29 13:42:57,934 INFO c.h.h.t.HelmChartContainer - [test-hivemq-platform] [hivemq] [c66c6460] INFO  - [HiveMQ Platform Operator Init 1.7.0-SNAPSHOT] HiveMQ Platform Operator Init 1.7.0-SNAPSHOT (commit: bebf408 on branch: HEAD) built on Sun Jan 26 20:47:47 UTC 2025
2025-01-29 13:42:59,139 INFO c.h.h.t.HelmChartContainer - [test-hivemq-platform] [hivemq] [c66c6460] INFO  - [HiveMQ Platform Operator Init App 1.7.0-SNAPSHOT] Using bind address 10.42.0.11 from environment variable
2025-01-29 13:43:00,106 INFO c.h.h.t.HelmChartContainer - [test-hivemq-platform] [hivemq] [c66c6460] INFO  - [HiveMQ Platform Operator Init App 1.7.0-SNAPSHOT] HiveMQ Platform Operator Init App 1.7.0-SNAPSHOT (commit: bebf408 on branch: HEAD) built on Sun Jan 26 20:47:47 UTC 2025
2025-01-29 13:43:00,106 INFO c.h.h.t.HelmChartContainer - [test-hivemq-platform] [hivemq] [c66c6460] INFO  - [HiveMQ Platform Operator Init App 1.7.0-SNAPSHOT] PodInfo ConfigMap directory: /etc/podinfo
2025-01-29 13:43:00,106 INFO c.h.h.t.HelmChartContainer - [test-hivemq-platform] [hivemq] [c66c6460] INFO  - [HiveMQ Platform Operator Init App 1.7.0-SNAPSHOT] HiveMQ home directory: /opt/hivemq
2025-01-29 13:43:00,106 INFO c.h.h.t.HelmChartContainer - [test-hivemq-platform] [hivemq] [c66c6460] INFO  - [HiveMQ Platform Operator Init App 1.7.0-SNAPSHOT] HiveMQ Logback folder: /opt/hivemq/conf
2025-01-29 13:43:00,106 INFO c.h.h.t.HelmChartContainer - [test-hivemq-platform] [hivemq] [c66c6460] INFO  - [HiveMQ Platform Operator Init App 1.7.0-SNAPSHOT] HiveMQ Config folder: /opt/hivemq/conf-k8s
2025-01-29 13:43:00,107 INFO c.h.h.t.HelmChartContainer - [test-hivemq-platform] [hivemq] [c66c6460] INFO  - [HiveMQ Platform Operator Init App 1.7.0-SNAPSHOT] Starting HiveMQ Platform Operator Init App
2025-01-29 13:43:00,108 INFO c.h.h.t.HelmChartContainer - [test-hivemq-platform] [hivemq] [c66c6460] INFO  - [HiveMQ Platform Operator Init App 1.7.0-SNAPSHOT] Starting Pod reconciler
2025-01-29 13:43:01,333 INFO c.h.h.t.HelmChartContainer - [test-hivemq-platform] [hivemq] [c66c6460] INFO  - [HiveMQ Platform Operator Init App 1.7.0-SNAPSHOT] Pod reconciler is scheduled (interval: 5000 ms)
2025-01-29 13:43:01,334 INFO c.h.h.t.HelmChartContainer - [test-hivemq-platform] [hivemq] [c66c6460] INFO  - [HiveMQ Platform Operator Init App 1.7.0-SNAPSHOT] Starting the REST API on 10.42.0.11:7979
2025-01-29 13:43:01,337 INFO c.h.h.t.HelmChartContainer - [test-hivemq-platform] [hivemq] [c66c6460] INFO  - [HiveMQ Platform Operator Init App 1.7.0-SNAPSHOT] Waiting up to 600s for at most 2 HiveMQ nodes in cluster service hivemq-test-hivemq-platform-cluster.helmupgradeplatformit.svc
2025-01-29 13:43:01,737 INFO c.h.h.t.HelmChartContainer - [test-hivemq-platform] [hivemq] [c66c6460] INFO  - [HiveMQ Platform Operator Init App 1.7.0-SNAPSHOT] Resolved 2 IP addresses: [10.42.0.11, 10.42.0.10]
2025-01-29 13:43:01,737 INFO c.h.h.t.HelmChartContainer - [test-hivemq-platform] [hivemq] [c66c6460] INFO  - [HiveMQ Platform Operator Init App 1.7.0-SNAPSHOT] HiveMQ node count of 2 is within threshold of 2
2025-01-29 13:43:01,737 INFO c.h.h.t.HelmChartContainer - [test-hivemq-platform] [hivemq] [c66c6460] INFO  - [HiveMQ Platform Operator Init App 1.7.0-SNAPSHOT] Waiting 15s for previous shutdown replication to finish...
2025-01-29 13:43:03,713 INFO c.h.h.t.HelmChartContainer - [test-hivemq-platform] [hivemq] [c66c6460] INFO  - [HiveMQ Platform Operator Init App 1.7.0-SNAPSHOT] Returning default Health API response 503 for readiness
2025-01-29 13:43:03,835 INFO c.h.h.t.HelmChartContainer - [EVENT] Warning [Unhealthy] Readiness probe failed: HTTP probe failed with statuscode: 503 [helmupgradeplatformit:test-hivemq-platform-1]
2025-01-29 13:43:03,835 INFO c.h.h.t.HelmChartContainer - Received Unhealthy event for container hivemq in pod test-hivemq-platform-1 [c66c6460-b87f-4cc4-ae40-b1e56d811c6f]
2025-01-29 13:43:05,896 INFO c.h.h.t.HelmChartContainer - [test-hivemq-platform] [hivemq] [32a9674d] INFO  - [HiveMQ Platform Operator Init App 1.7.0-SNAPSHOT] Returning Health API response 200 for liveness
2025-01-29 13:43:07,757 INFO c.h.h.t.HelmChartContainer - [hivemq-test-hivemq-platform] [hivemq-platform-operator] [a756ca37] 13:43:07.754 [pool-6-thread-16] DEBUG c.h.p.o.d.PlatformServiceResource - [helmupgr] Desired Platform services (3 services)
2025-01-29 13:43:07,757 INFO c.h.h.t.HelmChartContainer - [hivemq-test-hivemq-platform] [hivemq-platform-operator] [a756ca37] 13:43:07.755 [pool-6-thread-15] DEBUG c.h.p.o.d.PodServiceAccountResource - [helmupgr] Desired PodServiceAccountResource (serviceAccountName: hivemq-platform-pod-test-hivemq-platform)
2025-01-29 13:43:07,757 INFO c.h.h.t.HelmChartContainer - [hivemq-test-hivemq-platform] [hivemq-platform-operator] [a756ca37] 13:43:07.756 [pool-6-thread-12] DEBUG c.h.p.o.dependants.PodInfoConfigMap - [helmupgr] Desired PodInfo ConfigMap (1 extensions) (1 enabled)
2025-01-29 13:43:07,757 INFO c.h.h.t.HelmChartContainer - [hivemq-test-hivemq-platform] [hivemq-platform-operator] [a756ca37] 13:43:07.756 [pool-6-thread-12] DEBUG c.h.p.o.dependants.PodInfoConfigMap - [helmupgr] Desired PodInfo ConfigMap (metrics port: 9399) (metrics path: /)
2025-01-29 13:43:07,757 INFO c.h.h.t.HelmChartContainer - [hivemq-test-hivemq-platform] [hivemq-platform-operator] [a756ca37] 13:43:07.756 [pool-6-thread-12] DEBUG c.h.p.o.dependants.PodInfoConfigMap - [helmupgr] Desired PodInfo ConfigMap (extension state hash: -1817474005)
2025-01-29 13:43:07,766 INFO c.h.h.t.HelmChartContainer - [hivemq-test-hivemq-platform] [hivemq-platform-operator] [a756ca37] 13:43:07.764 [pool-6-thread-16] DEBUG c.h.p.o.d.StatefulSetResource - [helmupgr] Desired StatefulSet (2 replicas) for status SCALING (READY)
2025-01-29 13:43:07,867 INFO c.h.h.t.HelmChartContainer - [hivemq-test-hivemq-platform] [hivemq-platform-operator] [a756ca37] 13:43:07.866 [ReconcilerExecutor-hivemq-controller-122] INFO  c.h.p.o.HiveMQPlatformReconciler - [helmupgr] Reconciling HiveMQ Platform 'test-hivemq-platform' in namespace 'helmupgradeplatformit'
2025-01-29 13:43:07,867 INFO c.h.h.t.HelmChartContainer - [hivemq-test-hivemq-platform] [hivemq-platform-operator] [a756ca37] 13:43:07.866 [ReconcilerExecutor-hivemq-controller-122] DEBUG c.h.p.o.HiveMQPlatformReconciler - [helmupgr] Custom Resource Status SCALING - HiveMQ Platform is scaling (READY)
2025-01-29 13:43:07,868 INFO c.h.h.t.HelmChartContainer - [hivemq-test-hivemq-platform] [hivemq-platform-operator] [a756ca37] 13:43:07.866 [ReconcilerExecutor-hivemq-controller-122] DEBUG c.h.p.o.HiveMQPlatformReconciler - [helmupgr] Custom Resource Spec (replicas: 2) (extensions: 1)
2025-01-29 13:43:07,870 INFO c.h.h.t.HelmChartContainer - [hivemq-test-hivemq-platform] [hivemq-platform-operator] [a756ca37] 13:43:07.869 [ReconcilerExecutor-hivemq-controller-122] DEBUG c.h.p.o.HiveMQPlatformReconciler - [helmupgr] StatefulSet Status (revision: test-hivemq-platform-77d44868f9, replicas: 2, available: 1, ready: 1, current: 2, updated: 2)
2025-01-29 13:43:07,871 INFO c.h.h.t.HelmChartContainer - [hivemq-test-hivemq-platform] [hivemq-platform-operator] [a756ca37] 13:43:07.870 [ReconcilerExecutor-hivemq-controller-122] DEBUG c.h.p.o.HiveMQPlatformReconciler - [helmupgr] StatefulSet Spec (replicas: 2, init containers: 1, containers: 1, volumes: 3)
2025-01-29 13:43:07,873 INFO c.h.h.t.HelmChartContainer - [hivemq-test-hivemq-platform] [hivemq-platform-operator] [a756ca37] 13:43:07.872 [ReconcilerExecutor-hivemq-controller-122] DEBUG c.h.p.o.h.HiveMQPlatformReconcilerErrorHandler - [helmupgr] Pod 'test-hivemq-platform-1' phase Running
2025-01-29 13:43:07,873 INFO c.h.h.t.HelmChartContainer - [hivemq-test-hivemq-platform] [hivemq-platform-operator] [a756ca37] 13:43:07.873 [ReconcilerExecutor-hivemq-controller-122] DEBUG c.h.p.o.h.HiveMQPlatformReconcilerErrorHandler - [helmupgr] Pod 'test-hivemq-platform-0' phase Running
2025-01-29 13:43:07,875 INFO c.h.h.t.HelmChartContainer - [hivemq-test-hivemq-platform] [hivemq-platform-operator] [a756ca37] 13:43:07.874 [ReconcilerExecutor-hivemq-controller-122] DEBUG c.h.p.o.h.HiveMQPlatformReconcilerScalingHandler - [helmupgr] HiveMQ Platform is scaling, waiting for 1 of 2 replicas
2025-01-29 13:43:08,737 INFO c.h.h.t.HelmChartContainer - [EVENT] Warning [Unhealthy] Readiness probe failed: HTTP probe failed with statuscode: 503 [helmupgradeplatformit:test-hivemq-platform-1]
2025-01-29 13:43:08,737 INFO c.h.h.t.HelmChartContainer - Received Unhealthy event for container hivemq in pod test-hivemq-platform-1 [c66c6460-b87f-4cc4-ae40-b1e56d811c6f]
2025-01-29 13:43:08,855 INFO c.h.h.t.HelmChartContainer - [test-hivemq-platform] [hivemq] [c66c6460] INFO  - [HiveMQ Platform Operator Init App 1.7.0-SNAPSHOT] Updating Pod HiveMQ Platform Operator Init App version annotation (version: 1.7.0-SNAPSHOT)
2025-01-29 13:43:09,246 INFO c.h.h.t.HelmChartContainer - [POD] test-hivemq-platform-1 [c66c6460-b87f-4cc4-ae40-b1e56d811c6f] in helmupgradeplatformit was MODIFIED
2025-01-29 13:43:09,255 INFO c.h.h.t.HelmChartContainer - [EVENT] Warning [Unhealthy] Readiness probe failed: HTTP probe failed with statuscode: 503 [helmupgradeplatformit:test-hivemq-platform-1]
2025-01-29 13:43:09,255 INFO c.h.h.t.HelmChartContainer - Received Unhealthy event for container hivemq in pod test-hivemq-platform-1 [c66c6460-b87f-4cc4-ae40-b1e56d811c6f]
2025-01-29 13:43:09,259 INFO c.h.h.t.HelmChartContainer - [hivemq-test-hivemq-platform] [hivemq-platform-operator] [a756ca37] 13:43:09.258 [pool-6-thread-29] DEBUG c.h.p.o.d.PlatformServiceResource - [helmupgr] Desired Platform services (3 services)
2025-01-29 13:43:09,260 INFO c.h.h.t.HelmChartContainer - [hivemq-test-hivemq-platform] [hivemq-platform-operator] [a756ca37] 13:43:09.259 [pool-6-thread-30] DEBUG c.h.p.o.d.PodServiceAccountResource - [helmupgr] Desired PodServiceAccountResource (serviceAccountName: hivemq-platform-pod-test-hivemq-platform)
2025-01-29 13:43:09,261 INFO c.h.h.t.HelmChartContainer - [hivemq-test-hivemq-platform] [hivemq-platform-operator] [a756ca37] 13:43:09.261 [pool-6-thread-25] DEBUG c.h.p.o.dependants.PodInfoConfigMap - [helmupgr] Desired PodInfo ConfigMap (1 extensions) (1 enabled)
2025-01-29 13:43:09,263 INFO c.h.h.t.HelmChartContainer - [hivemq-test-hivemq-platform] [hivemq-platform-operator] [a756ca37] 13:43:09.261 [pool-6-thread-25] DEBUG c.h.p.o.dependants.PodInfoConfigMap - [helmupgr] Desired PodInfo ConfigMap (metrics port: 9399) (metrics path: /)
2025-01-29 13:43:09,263 INFO c.h.h.t.HelmChartContainer - [hivemq-test-hivemq-platform] [hivemq-platform-operator] [a756ca37] 13:43:09.261 [pool-6-thread-25] DEBUG c.h.p.o.dependants.PodInfoConfigMap - [helmupgr] Desired PodInfo ConfigMap (extension state hash: -1817474005)
2025-01-29 13:43:09,266 INFO c.h.h.t.HelmChartContainer - [hivemq-test-hivemq-platform] [hivemq-platform-operator] [a756ca37] 13:43:09.264 [pool-6-thread-29] DEBUG c.h.p.o.d.StatefulSetResource - [helmupgr] Desired StatefulSet (2 replicas) for status SCALING (READY)
2025-01-29 13:43:09,268 INFO c.h.h.t.HelmChartContainer - [hivemq-test-hivemq-platform] [hivemq-platform-operator] [a756ca37] 13:43:09.267 [ReconcilerExecutor-hivemq-controller-123] INFO  c.h.p.o.HiveMQPlatformReconciler - [helmupgr] Reconciling HiveMQ Platform 'test-hivemq-platform' in namespace 'helmupgradeplatformit'
2025-01-29 13:43:09,268 INFO c.h.h.t.HelmChartContainer - [hivemq-test-hivemq-platform] [hivemq-platform-operator] [a756ca37] 13:43:09.267 [ReconcilerExecutor-hivemq-controller-123] DEBUG c.h.p.o.HiveMQPlatformReconciler - [helmupgr] Custom Resource Status SCALING - HiveMQ Platform is scaling (READY)
2025-01-29 13:43:09,269 INFO c.h.h.t.HelmChartContainer - [hivemq-test-hivemq-platform] [hivemq-platform-operator] [a756ca37] 13:43:09.267 [ReconcilerExecutor-hivemq-controller-123] DEBUG c.h.p.o.HiveMQPlatformReconciler - [helmupgr] Custom Resource Spec (replicas: 2) (extensions: 1)
2025-01-29 13:43:09,269 INFO c.h.h.t.HelmChartContainer - [hivemq-test-hivemq-platform] [hivemq-platform-operator] [a756ca37] 13:43:09.268 [ReconcilerExecutor-hivemq-controller-123] DEBUG c.h.p.o.HiveMQPlatformReconciler - [helmupgr] StatefulSet Status (revision: test-hivemq-platform-77d44868f9, replicas: 2, available: 1, ready: 1, current: 2, updated: 2)
2025-01-29 13:43:09,270 INFO c.h.h.t.HelmChartContainer - [hivemq-test-hivemq-platform] [hivemq-platform-operator] [a756ca37] 13:43:09.268 [ReconcilerExecutor-hivemq-controller-123] DEBUG c.h.p.o.HiveMQPlatformReconciler - [helmupgr] StatefulSet Spec (replicas: 2, init containers: 1, containers: 1, volumes: 3)
2025-01-29 13:43:09,310 INFO c.h.h.t.HelmChartContainer - [hivemq-test-hivemq-platform] [hivemq-platform-operator] [a756ca37] 13:43:09.309 [ReconcilerExecutor-hivemq-controller-123] DEBUG c.h.p.o.h.HiveMQPlatformReconcilerErrorHandler - [helmupgr] Pod 'test-hivemq-platform-1' phase Running
2025-01-29 13:43:09,311 INFO c.h.h.t.HelmChartContainer - [hivemq-test-hivemq-platform] [hivemq-platform-operator] [a756ca37] 13:43:09.310 [ReconcilerExecutor-hivemq-controller-123] DEBUG c.h.p.o.h.HiveMQPlatformReconcilerErrorHandler - [helmupgr] Pod 'test-hivemq-platform-0' phase Running
2025-01-29 13:43:09,311 INFO c.h.h.t.HelmChartContainer - [hivemq-test-hivemq-platform] [hivemq-platform-operator] [a756ca37] 13:43:09.311 [ReconcilerExecutor-hivemq-controller-123] DEBUG c.h.p.o.h.HiveMQPlatformReconcilerScalingHandler - [helmupgr] HiveMQ Platform is scaling, waiting for 1 of 2 replicas
2025-01-29 13:43:09,330 INFO c.h.h.t.HelmChartContainer - [test-hivemq-platform] [hivemq] [c66c6460] INFO  - [HiveMQ Platform Operator Init App 1.7.0-SNAPSHOT] Successfully updated Pod HiveMQ Platform Operator Init App version annotation (version: 1.7.0-SNAPSHOT)
2025-01-29 13:43:14,251 INFO c.h.h.t.HelmChartContainer - [EVENT] Warning [Unhealthy] Readiness probe failed: HTTP probe failed with statuscode: 503 [helmupgradeplatformit:test-hivemq-platform-1]
2025-01-29 13:43:14,252 INFO c.h.h.t.HelmChartContainer - Received Unhealthy event for container hivemq in pod test-hivemq-platform-1 [c66c6460-b87f-4cc4-ae40-b1e56d811c6f]
2025-01-29 13:43:16,738 INFO c.h.h.t.HelmChartContainer - [test-hivemq-platform] [hivemq] [c66c6460] INFO  - [HiveMQ Platform Operator Init App 1.7.0-SNAPSHOT] Proceeding with container start
2025-01-29 13:43:16,740 INFO c.h.h.t.HelmChartContainer - [test-hivemq-platform] [hivemq] [c66c6460] INFO  - [HiveMQ Platform Operator Init App 1.7.0-SNAPSHOT] Initializing HiveMQ Platform extensions with initial configuration: {hivemq-allow-all-extension={start-priority=-1, skip-https-hostname-verification=false, restart=true, config-version=0, header-version=0, c-uri=, priority=-1, uri=preinstalled, skip-https-certificate-validation=false, enabled=true}, hivemq-prometheus-extension={enabled=true, request-header-path=no-request-headers, uri=preinstalled, skip-https-certificate-validation=false, skip-https-hostname-verification=false, c-uri=, start-priority=-1, priority=-1, restart=true}}
2025-01-29 13:43:17,131 INFO c.h.h.t.HelmChartContainer - [test-hivemq-platform] [hivemq] [c66c6460] INFO  - [HiveMQ Platform Operator Init App 1.7.0-SNAPSHOT] Extension hivemq-allow-all-extension was already enabled
2025-01-29 13:43:17,140 INFO c.h.h.t.HelmChartContainer - [test-hivemq-platform] [hivemq] [c66c6460] INFO  - [HiveMQ Platform Operator Init App 1.7.0-SNAPSHOT] Successfully enabled extension hivemq-prometheus-extension
2025-01-29 13:43:17,141 INFO c.h.h.t.HelmChartContainer - [test-hivemq-platform] [hivemq] [c66c6460] INFO  - [HiveMQ Platform Operator Init App 1.7.0-SNAPSHOT] Starting HiveMQ Platform version 4.36.0 (4.36.0)
2025-01-29 13:43:17,141 INFO c.h.h.t.HelmChartContainer - [test-hivemq-platform] [hivemq] [c66c6460] INFO  - [HiveMQ Platform Operator Init App 1.7.0-SNAPSHOT] Configuring the HiveMQ Platform
2025-01-29 13:43:17,234 INFO c.h.h.t.HelmChartContainer - [test-hivemq-platform] [hivemq] [c66c6460] INFO  - [HiveMQ Platform Operator Init App 1.7.0-SNAPSHOT] Changed logback.xml file scan period to 20 seconds
2025-01-29 13:43:17,244 INFO c.h.h.t.HelmChartContainer - [test-hivemq-platform] [hivemq] [c66c6460] INFO  - [HiveMQ Platform Operator Init App 1.7.0-SNAPSHOT] Starting the HiveMQ Platform
2025-01-29 13:43:17,247 INFO c.h.h.t.HelmChartContainer - [test-hivemq-platform] [hivemq] [c66c6460] -------------------------------------------------------------------------
2025-01-29 13:43:17,247 INFO c.h.h.t.HelmChartContainer - [test-hivemq-platform] [hivemq] [c66c6460] 
2025-01-29 13:43:17,247 INFO c.h.h.t.HelmChartContainer - [test-hivemq-platform] [hivemq] [c66c6460]                   _    _  _              __  __   ____
2025-01-29 13:43:17,247 INFO c.h.h.t.HelmChartContainer - [test-hivemq-platform] [hivemq] [c66c6460]                  | |  | |(_)            |  \/  | / __ \
2025-01-29 13:43:17,247 INFO c.h.h.t.HelmChartContainer - [test-hivemq-platform] [hivemq] [c66c6460]                  | |__| | _ __   __ ___ | \  / || |  | |
2025-01-29 13:43:17,247 INFO c.h.h.t.HelmChartContainer - [test-hivemq-platform] [hivemq] [c66c6460]                  |  __  || |\ \ / // _ \| |\/| || |  | |
2025-01-29 13:43:17,249 INFO c.h.h.t.HelmChartContainer - [test-hivemq-platform] [hivemq] [c66c6460]                  | |  | || | \ V /|  __/| |  | || |__| |
2025-01-29 13:43:17,249 INFO c.h.h.t.HelmChartContainer - [test-hivemq-platform] [hivemq] [c66c6460]                  |_|  |_||_|  \_/  \___||_|  |_| \___\_\
2025-01-29 13:43:17,249 INFO c.h.h.t.HelmChartContainer - [test-hivemq-platform] [hivemq] [c66c6460] 
2025-01-29 13:43:17,249 INFO c.h.h.t.HelmChartContainer - [test-hivemq-platform] [hivemq] [c66c6460] -------------------------------------------------------------------------
2025-01-29 13:43:17,249 INFO c.h.h.t.HelmChartContainer - [test-hivemq-platform] [hivemq] [c66c6460] 
2025-01-29 13:43:17,249 INFO c.h.h.t.HelmChartContainer - [test-hivemq-platform] [hivemq] [c66c6460]   HiveMQ Start Script for Linux/Unix v1.14
2025-01-29 13:43:17,249 INFO c.h.h.t.HelmChartContainer - [test-hivemq-platform] [hivemq] [c66c6460] 
2025-01-29 13:43:17,357 INFO c.h.h.t.HelmChartContainer - [test-hivemq-platform] [hivemq] [c66c6460] -------------------------------------------------------------------------
2025-01-29 13:43:17,357 INFO c.h.h.t.HelmChartContainer - [test-hivemq-platform] [hivemq] [c66c6460] 
2025-01-29 13:43:17,357 INFO c.h.h.t.HelmChartContainer - [test-hivemq-platform] [hivemq] [c66c6460]   HIVEMQ_HOME: /opt/hivemq
2025-01-29 13:43:17,357 INFO c.h.h.t.HelmChartContainer - [test-hivemq-platform] [hivemq] [c66c6460] 
2025-01-29 13:43:17,357 INFO c.h.h.t.HelmChartContainer - [test-hivemq-platform] [hivemq] [c66c6460]   JAVA_OPTS: -XX:+UnlockExperimentalVMOptions -XX:InitialRAMPercentage=50 -XX:MaxRAMPercentage=50 -Djava.net.preferIPv4Stack=true --add-opens java.base/java.lang=ALL-UNNAMED --add-opens java.base/java.nio=ALL-UNNAMED --add-opens java.base/sun.nio.ch=ALL-UNNAMED --add-opens jdk.management/com.sun.management.internal=ALL-UNNAMED --add-exports java.base/jdk.internal.misc=ALL-UNNAMED -Djava.security.egd=file:/dev/./urandom -Dcom.sun.management.jmxremote -Dcom.sun.management.jmxremote.port=9010 -Dcom.sun.management.jmxremote.local.only=false -Dcom.sun.management.jmxremote.authenticate=false -Dcom.sun.management.jmxremote.ssl=false -Duser.language=en -Duser.region=US -XX:+CrashOnOutOfMemoryError -XX:+HeapDumpOnOutOfMemoryError
2025-01-29 13:43:17,357 INFO c.h.h.t.HelmChartContainer - [test-hivemq-platform] [hivemq] [c66c6460] 
2025-01-29 13:43:17,357 INFO c.h.h.t.HelmChartContainer - [test-hivemq-platform] [hivemq] [c66c6460]   JAVA_VERSION: 21
2025-01-29 13:43:17,357 INFO c.h.h.t.HelmChartContainer - [test-hivemq-platform] [hivemq] [c66c6460] 
2025-01-29 13:43:17,357 INFO c.h.h.t.HelmChartContainer - [test-hivemq-platform] [hivemq] [c66c6460] -------------------------------------------------------------------------
2025-01-29 13:43:17,357 INFO c.h.h.t.HelmChartContainer - [test-hivemq-platform] [hivemq] [c66c6460] 
2025-01-29 13:43:19,255 INFO c.h.h.t.HelmChartContainer - [EVENT] Warning [Unhealthy] Readiness probe failed: HTTP probe failed with statuscode: 503 [helmupgradeplatformit:test-hivemq-platform-1]
2025-01-29 13:43:19,255 INFO c.h.h.t.HelmChartContainer - Received Unhealthy event for container hivemq in pod test-hivemq-platform-1 [c66c6460-b87f-4cc4-ae40-b1e56d811c6f]
2025-01-29 13:43:19,315 INFO c.h.h.t.HelmChartContainer - [hivemq-test-hivemq-platform] [hivemq-platform-operator] [a756ca37] 13:43:19.313 [pool-6-thread-35] DEBUG c.h.p.o.d.PlatformServiceResource - [helmupgr] Desired Platform services (3 services)
2025-01-29 13:43:19,315 INFO c.h.h.t.HelmChartContainer - [hivemq-test-hivemq-platform] [hivemq-platform-operator] [a756ca37] 13:43:19.314 [pool-6-thread-36] DEBUG c.h.p.o.dependants.PodInfoConfigMap - [helmupgr] Desired PodInfo ConfigMap (1 extensions) (1 enabled)
2025-01-29 13:43:19,315 INFO c.h.h.t.HelmChartContainer - [hivemq-test-hivemq-platform] [hivemq-platform-operator] [a756ca37] 13:43:19.314 [pool-6-thread-36] DEBUG c.h.p.o.dependants.PodInfoConfigMap - [helmupgr] Desired PodInfo ConfigMap (metrics port: 9399) (metrics path: /)
2025-01-29 13:43:19,315 INFO c.h.h.t.HelmChartContainer - [hivemq-test-hivemq-platform] [hivemq-platform-operator] [a756ca37] 13:43:19.314 [pool-6-thread-36] DEBUG c.h.p.o.dependants.PodInfoConfigMap - [helmupgr] Desired PodInfo ConfigMap (extension state hash: -1817474005)
2025-01-29 13:43:19,317 INFO c.h.h.t.HelmChartContainer - [hivemq-test-hivemq-platform] [hivemq-platform-operator] [a756ca37] 13:43:19.315 [pool-6-thread-36] DEBUG c.h.p.o.d.PodServiceAccountResource - [helmupgr] Desired PodServiceAccountResource (serviceAccountName: hivemq-platform-pod-test-hivemq-platform)
2025-01-29 13:43:19,320 INFO c.h.h.t.HelmChartContainer - [hivemq-test-hivemq-platform] [hivemq-platform-operator] [a756ca37] 13:43:19.319 [pool-6-thread-35] DEBUG c.h.p.o.d.StatefulSetResource - [helmupgr] Desired StatefulSet (2 replicas) for status SCALING (READY)
2025-01-29 13:43:19,323 INFO c.h.h.t.HelmChartContainer - [hivemq-test-hivemq-platform] [hivemq-platform-operator] [a756ca37] 13:43:19.322 [ReconcilerExecutor-hivemq-controller-124] INFO  c.h.p.o.HiveMQPlatformReconciler - [helmupgr] Reconciling HiveMQ Platform 'test-hivemq-platform' in namespace 'helmupgradeplatformit'
2025-01-29 13:43:19,323 INFO c.h.h.t.HelmChartContainer - [hivemq-test-hivemq-platform] [hivemq-platform-operator] [a756ca37] 13:43:19.323 [ReconcilerExecutor-hivemq-controller-124] DEBUG c.h.p.o.HiveMQPlatformReconciler - [helmupgr] Custom Resource Status SCALING - HiveMQ Platform is scaling (READY)
2025-01-29 13:43:19,324 INFO c.h.h.t.HelmChartContainer - [hivemq-test-hivemq-platform] [hivemq-platform-operator] [a756ca37] 13:43:19.323 [ReconcilerExecutor-hivemq-controller-124] DEBUG c.h.p.o.HiveMQPlatformReconciler - [helmupgr] Custom Resource Spec (replicas: 2) (extensions: 1)
2025-01-29 13:43:19,325 INFO c.h.h.t.HelmChartContainer - [hivemq-test-hivemq-platform] [hivemq-platform-operator] [a756ca37] 13:43:19.324 [ReconcilerExecutor-hivemq-controller-124] DEBUG c.h.p.o.HiveMQPlatformReconciler - [helmupgr] StatefulSet Status (revision: test-hivemq-platform-77d44868f9, replicas: 2, available: 1, ready: 1, current: 2, updated: 2)
2025-01-29 13:43:19,325 INFO c.h.h.t.HelmChartContainer - [hivemq-test-hivemq-platform] [hivemq-platform-operator] [a756ca37] 13:43:19.324 [ReconcilerExecutor-hivemq-controller-124] DEBUG c.h.p.o.HiveMQPlatformReconciler - [helmupgr] StatefulSet Spec (replicas: 2, init containers: 1, containers: 1, volumes: 3)
2025-01-29 13:43:19,328 INFO c.h.h.t.HelmChartContainer - [hivemq-test-hivemq-platform] [hivemq-platform-operator] [a756ca37] 13:43:19.326 [ReconcilerExecutor-hivemq-controller-124] DEBUG c.h.p.o.h.HiveMQPlatformReconcilerErrorHandler - [helmupgr] Pod 'test-hivemq-platform-1' phase Running
2025-01-29 13:43:19,328 INFO c.h.h.t.HelmChartContainer - [hivemq-test-hivemq-platform] [hivemq-platform-operator] [a756ca37] 13:43:19.326 [ReconcilerExecutor-hivemq-controller-124] DEBUG c.h.p.o.h.HiveMQPlatformReconcilerErrorHandler - [helmupgr] Pod 'test-hivemq-platform-0' phase Running
2025-01-29 13:43:19,328 INFO c.h.h.t.HelmChartContainer - [hivemq-test-hivemq-platform] [hivemq-platform-operator] [a756ca37] 13:43:19.327 [ReconcilerExecutor-hivemq-controller-124] DEBUG c.h.p.o.h.HiveMQPlatformReconcilerScalingHandler - [helmupgr] HiveMQ Platform is scaling, waiting for 1 of 2 replicas
2025-01-29 13:43:20,036 INFO c.h.h.t.HelmChartContainer - [test-hivemq-platform] [hivemq] [c66c6460] INFO  - Starting HiveMQ Enterprise Server
2025-01-29 13:43:20,042 INFO c.h.h.t.HelmChartContainer - [test-hivemq-platform] [hivemq] [c66c6460] INFO  - HiveMQ version: 4.36.0
2025-01-29 13:43:20,042 INFO c.h.h.t.HelmChartContainer - [test-hivemq-platform] [hivemq] [c66c6460] INFO  - HiveMQ home directory: /opt/hivemq
2025-01-29 13:43:20,043 INFO c.h.h.t.HelmChartContainer - [test-hivemq-platform] [hivemq] [c66c6460] INFO  - Log Configuration was overridden by /opt/hivemq/conf/logback.xml
2025-01-29 13:43:21,340 INFO c.h.h.t.HelmChartContainer - [test-hivemq-platform] [hivemq] [c66c6460] INFO  - Successfully loaded configuration from '/opt/hivemq/conf-k8s/config.xml'.
2025-01-29 13:43:21,644 INFO c.h.h.t.HelmChartContainer - [test-hivemq-platform] [hivemq] [c66c6460] INFO  - This node's ID is O028c
2025-01-29 13:43:21,644 INFO c.h.h.t.HelmChartContainer - [test-hivemq-platform] [hivemq] [c66c6460] INFO  - Clustering is enabled
2025-01-29 13:43:24,444 INFO c.h.h.t.HelmChartContainer - [test-hivemq-platform] [hivemq] [c66c6460] WARN  - [HiveMQ Platform Operator Init App 1.7.0-SNAPSHOT] Cannot connect to Health API for readiness: null
2025-01-29 13:43:24,447 INFO c.h.h.t.HelmChartContainer - [EVENT] Warning [Unhealthy] Readiness probe failed: HTTP probe failed with statuscode: 503 [helmupgradeplatformit:test-hivemq-platform-1]
2025-01-29 13:43:24,447 INFO c.h.h.t.HelmChartContainer - Received Unhealthy event for container hivemq in pod test-hivemq-platform-1 [c66c6460-b87f-4cc4-ae40-b1e56d811c6f]
2025-01-29 13:43:25,533 INFO c.h.h.t.HelmChartContainer - [test-hivemq-platform] [hivemq] [c66c6460] WARN  - [HiveMQ Platform Operator Init App 1.7.0-SNAPSHOT] Cannot connect to Health API for liveness: null
2025-01-29 13:43:25,534 INFO c.h.h.t.HelmChartContainer - [test-hivemq-platform] [hivemq] [c66c6460] INFO  - [HiveMQ Platform Operator Init App 1.7.0-SNAPSHOT] Returning default Health API response 200 for liveness
2025-01-29 13:43:29,332 INFO c.h.h.t.HelmChartContainer - [hivemq-test-hivemq-platform] [hivemq-platform-operator] [a756ca37] 13:43:29.329 [pool-6-thread-48] DEBUG c.h.p.o.d.PlatformServiceResource - [helmupgr] Desired Platform services (3 services)
2025-01-29 13:43:29,332 INFO c.h.h.t.HelmChartContainer - [hivemq-test-hivemq-platform] [hivemq-platform-operator] [a756ca37] 13:43:29.329 [pool-6-thread-44] DEBUG c.h.p.o.dependants.PodInfoConfigMap - [helmupgr] Desired PodInfo ConfigMap (1 extensions) (1 enabled)
2025-01-29 13:43:29,332 INFO c.h.h.t.HelmChartContainer - [hivemq-test-hivemq-platform] [hivemq-platform-operator] [a756ca37] 13:43:29.330 [pool-6-thread-44] DEBUG c.h.p.o.dependants.PodInfoConfigMap - [helmupgr] Desired PodInfo ConfigMap (metrics port: 9399) (metrics path: /)
2025-01-29 13:43:29,332 INFO c.h.h.t.HelmChartContainer - [hivemq-test-hivemq-platform] [hivemq-platform-operator] [a756ca37] 13:43:29.330 [pool-6-thread-44] DEBUG c.h.p.o.dependants.PodInfoConfigMap - [helmupgr] Desired PodInfo ConfigMap (extension state hash: -1817474005)
2025-01-29 13:43:29,333 INFO c.h.h.t.HelmChartContainer - [hivemq-test-hivemq-platform] [hivemq-platform-operator] [a756ca37] 13:43:29.331 [pool-6-thread-49] DEBUG c.h.p.o.d.PodServiceAccountResource - [helmupgr] Desired PodServiceAccountResource (serviceAccountName: hivemq-platform-pod-test-hivemq-platform)
2025-01-29 13:43:29,337 INFO c.h.h.t.HelmChartContainer - [hivemq-test-hivemq-platform] [hivemq-platform-operator] [a756ca37] 13:43:29.336 [pool-6-thread-44] DEBUG c.h.p.o.d.StatefulSetResource - [helmupgr] Desired StatefulSet (2 replicas) for status SCALING (READY)
2025-01-29 13:43:29,338 INFO c.h.h.t.HelmChartContainer - [test-hivemq-platform] [hivemq] [c66c6460] WARN  - [HiveMQ Platform Operator Init App 1.7.0-SNAPSHOT] Cannot connect to Health API for readiness: null
2025-01-29 13:43:29,342 INFO c.h.h.t.HelmChartContainer - [hivemq-test-hivemq-platform] [hivemq-platform-operator] [a756ca37] 13:43:29.341 [ReconcilerExecutor-hivemq-controller-125] INFO  c.h.p.o.HiveMQPlatformReconciler - [helmupgr] Reconciling HiveMQ Platform 'test-hivemq-platform' in namespace 'helmupgradeplatformit'
2025-01-29 13:43:29,343 INFO c.h.h.t.HelmChartContainer - [hivemq-test-hivemq-platform] [hivemq-platform-operator] [a756ca37] 13:43:29.341 [ReconcilerExecutor-hivemq-controller-125] DEBUG c.h.p.o.HiveMQPlatformReconciler - [helmupgr] Custom Resource Status SCALING - HiveMQ Platform is scaling (READY)
2025-01-29 13:43:29,343 INFO c.h.h.t.HelmChartContainer - [hivemq-test-hivemq-platform] [hivemq-platform-operator] [a756ca37] 13:43:29.342 [ReconcilerExecutor-hivemq-controller-125] DEBUG c.h.p.o.HiveMQPlatformReconciler - [helmupgr] Custom Resource Spec (replicas: 2) (extensions: 1)
2025-01-29 13:43:29,344 INFO c.h.h.t.HelmChartContainer - [hivemq-test-hivemq-platform] [hivemq-platform-operator] [a756ca37] 13:43:29.343 [ReconcilerExecutor-hivemq-controller-125] DEBUG c.h.p.o.HiveMQPlatformReconciler - [helmupgr] StatefulSet Status (revision: test-hivemq-platform-77d44868f9, replicas: 2, available: 1, ready: 1, current: 2, updated: 2)
2025-01-29 13:43:29,344 INFO c.h.h.t.HelmChartContainer - [hivemq-test-hivemq-platform] [hivemq-platform-operator] [a756ca37] 13:43:29.344 [ReconcilerExecutor-hivemq-controller-125] DEBUG c.h.p.o.HiveMQPlatformReconciler - [helmupgr] StatefulSet Spec (replicas: 2, init containers: 1, containers: 1, volumes: 3)
2025-01-29 13:43:29,346 INFO c.h.h.t.HelmChartContainer - [hivemq-test-hivemq-platform] [hivemq-platform-operator] [a756ca37] 13:43:29.346 [ReconcilerExecutor-hivemq-controller-125] DEBUG c.h.p.o.h.HiveMQPlatformReconcilerErrorHandler - [helmupgr] Pod 'test-hivemq-platform-1' phase Running
2025-01-29 13:43:29,349 INFO c.h.h.t.HelmChartContainer - [EVENT] Warning [Unhealthy] Readiness probe failed: HTTP probe failed with statuscode: 503 [helmupgradeplatformit:test-hivemq-platform-1]
2025-01-29 13:43:29,349 INFO c.h.h.t.HelmChartContainer - Received Unhealthy event for container hivemq in pod test-hivemq-platform-1 [c66c6460-b87f-4cc4-ae40-b1e56d811c6f]
2025-01-29 13:43:29,349 INFO c.h.h.t.HelmChartContainer - [hivemq-test-hivemq-platform] [hivemq-platform-operator] [a756ca37] 13:43:29.347 [ReconcilerExecutor-hivemq-controller-125] DEBUG c.h.p.o.h.HiveMQPlatformReconcilerErrorHandler - [helmupgr] Pod 'test-hivemq-platform-0' phase Running
2025-01-29 13:43:29,349 INFO c.h.h.t.HelmChartContainer - [hivemq-test-hivemq-platform] [hivemq-platform-operator] [a756ca37] 13:43:29.347 [ReconcilerExecutor-hivemq-controller-125] DEBUG c.h.p.o.h.HiveMQPlatformReconcilerScalingHandler - [helmupgr] HiveMQ Platform is scaling, waiting for 1 of 2 replicas
2025-01-29 13:43:34,332 INFO c.h.h.t.HelmChartContainer - [test-hivemq-platform] [hivemq] [c66c6460] WARN  - [HiveMQ Platform Operator Init App 1.7.0-SNAPSHOT] Cannot connect to Health API for readiness: null
2025-01-29 13:43:34,337 INFO c.h.h.t.HelmChartContainer - [EVENT] Warning [Unhealthy] Readiness probe failed: HTTP probe failed with statuscode: 503 [helmupgradeplatformit:test-hivemq-platform-1]
2025-01-29 13:43:34,337 INFO c.h.h.t.HelmChartContainer - Received Unhealthy event for container hivemq in pod test-hivemq-platform-1 [c66c6460-b87f-4cc4-ae40-b1e56d811c6f]
2025-01-29 13:43:35,134 INFO c.h.h.t.HelmChartContainer - [test-hivemq-platform] [hivemq] [c66c6460] INFO  - No valid license file found. Using trial license, restricted to 25 connections.
2025-01-29 13:43:38,145 INFO c.h.h.t.HelmChartContainer - [test-hivemq-platform] [hivemq] [c66c6460] INFO  - No valid license file for Data Hub found. Using free license, restricted to 1 policy.
2025-01-29 13:43:39,251 INFO c.h.h.t.HelmChartContainer - [test-hivemq-platform] [hivemq] [c66c6460] WARN  - [HiveMQ Platform Operator Init App 1.7.0-SNAPSHOT] Cannot connect to Health API for readiness: null
2025-01-29 13:43:39,254 INFO c.h.h.t.HelmChartContainer - [EVENT] Warning [Unhealthy] Readiness probe failed: HTTP probe failed with statuscode: 503 [helmupgradeplatformit:test-hivemq-platform-1]
2025-01-29 13:43:39,255 INFO c.h.h.t.HelmChartContainer - Received Unhealthy event for container hivemq in pod test-hivemq-platform-1 [c66c6460-b87f-4cc4-ae40-b1e56d811c6f]
2025-01-29 13:43:39,353 INFO c.h.h.t.HelmChartContainer - [hivemq-test-hivemq-platform] [hivemq-platform-operator] [a756ca37] 13:43:39.351 [pool-6-thread-7] DEBUG c.h.p.o.d.PlatformServiceResource - [helmupgr] Desired Platform services (3 services)
2025-01-29 13:43:39,355 INFO c.h.h.t.HelmChartContainer - [hivemq-test-hivemq-platform] [hivemq-platform-operator] [a756ca37] 13:43:39.352 [pool-6-thread-8] DEBUG c.h.p.o.dependants.PodInfoConfigMap - [helmupgr] Desired PodInfo ConfigMap (1 extensions) (1 enabled)
2025-01-29 13:43:39,357 INFO c.h.h.t.HelmChartContainer - [hivemq-test-hivemq-platform] [hivemq-platform-operator] [a756ca37] 13:43:39.356 [pool-6-thread-8] DEBUG c.h.p.o.dependants.PodInfoConfigMap - [helmupgr] Desired PodInfo ConfigMap (metrics port: 9399) (metrics path: /)
2025-01-29 13:43:39,357 INFO c.h.h.t.HelmChartContainer - [hivemq-test-hivemq-platform] [hivemq-platform-operator] [a756ca37] 13:43:39.356 [pool-6-thread-8] DEBUG c.h.p.o.dependants.PodInfoConfigMap - [helmupgr] Desired PodInfo ConfigMap (extension state hash: -1817474005)
2025-01-29 13:43:39,358 INFO c.h.h.t.HelmChartContainer - [hivemq-test-hivemq-platform] [hivemq-platform-operator] [a756ca37] 13:43:39.353 [pool-6-thread-1] DEBUG c.h.p.o.d.PodServiceAccountResource - [helmupgr] Desired PodServiceAccountResource (serviceAccountName: hivemq-platform-pod-test-hivemq-platform)
2025-01-29 13:43:39,361 INFO c.h.h.t.HelmChartContainer - [hivemq-test-hivemq-platform] [hivemq-platform-operator] [a756ca37] 13:43:39.358 [pool-6-thread-8] DEBUG c.h.p.o.d.StatefulSetResource - [helmupgr] Desired StatefulSet (2 replicas) for status SCALING (READY)
2025-01-29 13:43:39,363 INFO c.h.h.t.HelmChartContainer - [hivemq-test-hivemq-platform] [hivemq-platform-operator] [a756ca37] 13:43:39.361 [ReconcilerExecutor-hivemq-controller-126] INFO  c.h.p.o.HiveMQPlatformReconciler - [helmupgr] Reconciling HiveMQ Platform 'test-hivemq-platform' in namespace 'helmupgradeplatformit'
2025-01-29 13:43:39,363 INFO c.h.h.t.HelmChartContainer - [hivemq-test-hivemq-platform] [hivemq-platform-operator] [a756ca37] 13:43:39.361 [ReconcilerExecutor-hivemq-controller-126] DEBUG c.h.p.o.HiveMQPlatformReconciler - [helmupgr] Custom Resource Status SCALING - HiveMQ Platform is scaling (READY)
2025-01-29 13:43:39,364 INFO c.h.h.t.HelmChartContainer - [hivemq-test-hivemq-platform] [hivemq-platform-operator] [a756ca37] 13:43:39.361 [ReconcilerExecutor-hivemq-controller-126] DEBUG c.h.p.o.HiveMQPlatformReconciler - [helmupgr] Custom Resource Spec (replicas: 2) (extensions: 1)
2025-01-29 13:43:39,364 INFO c.h.h.t.HelmChartContainer - [hivemq-test-hivemq-platform] [hivemq-platform-operator] [a756ca37] 13:43:39.362 [ReconcilerExecutor-hivemq-controller-126] DEBUG c.h.p.o.HiveMQPlatformReconciler - [helmupgr] StatefulSet Status (revision: test-hivemq-platform-77d44868f9, replicas: 2, available: 1, ready: 1, current: 2, updated: 2)
2025-01-29 13:43:39,364 INFO c.h.h.t.HelmChartContainer - [hivemq-test-hivemq-platform] [hivemq-platform-operator] [a756ca37] 13:43:39.363 [ReconcilerExecutor-hivemq-controller-126] DEBUG c.h.p.o.HiveMQPlatformReconciler - [helmupgr] StatefulSet Spec (replicas: 2, init containers: 1, containers: 1, volumes: 3)
2025-01-29 13:43:39,365 INFO c.h.h.t.HelmChartContainer - [hivemq-test-hivemq-platform] [hivemq-platform-operator] [a756ca37] 13:43:39.364 [ReconcilerExecutor-hivemq-controller-126] DEBUG c.h.p.o.h.HiveMQPlatformReconcilerErrorHandler - [helmupgr] Pod 'test-hivemq-platform-1' phase Running
2025-01-29 13:43:39,366 INFO c.h.h.t.HelmChartContainer - [hivemq-test-hivemq-platform] [hivemq-platform-operator] [a756ca37] 13:43:39.365 [ReconcilerExecutor-hivemq-controller-126] DEBUG c.h.p.o.h.HiveMQPlatformReconcilerErrorHandler - [helmupgr] Pod 'test-hivemq-platform-0' phase Running
2025-01-29 13:43:39,367 INFO c.h.h.t.HelmChartContainer - [hivemq-test-hivemq-platform] [hivemq-platform-operator] [a756ca37] 13:43:39.366 [ReconcilerExecutor-hivemq-controller-126] DEBUG c.h.p.o.h.HiveMQPlatformReconcilerScalingHandler - [helmupgr] HiveMQ Platform is scaling, waiting for 1 of 2 replicas
2025-01-29 13:43:39,435 INFO c.h.h.t.HelmChartContainer - [test-hivemq-platform] [hivemq] [c66c6460] INFO  - Audit Logger started.
2025-01-29 13:43:39,678 INFO c.h.h.t.HelmChartContainer - [test-hivemq-platform] [hivemq] [c66c6460] INFO  - This node uses '1' CPU cores.
2025-01-29 13:43:39,738 INFO c.h.h.t.HelmChartContainer - [test-hivemq-platform] [hivemq] [c66c6460] INFO  - Starting HiveMQ Health API on address 0.0.0.0 and port 8889
2025-01-29 13:43:40,735 INFO c.h.h.t.HelmChartContainer - [test-hivemq-platform] [hivemq] [c66c6460] INFO  - Started HiveMQ Health API in 999ms
2025-01-29 13:43:41,304 INFO c.h.h.t.HelmChartContainer - [K3S] [range_allocator.go:247] "Successfully synced" key="f2fb91bd7664"
2025-01-29 13:43:41,334 INFO c.h.h.t.HelmChartContainer - [test-hivemq-platform] [hivemq] [c66c6460] INFO  - Starting HiveMQ extension system.
2025-01-29 13:43:41,732 INFO c.h.h.t.HelmChartContainer - [test-hivemq-platform] [hivemq] [c66c6460] INFO  - Starting extension with id "hivemq-dns-cluster-discovery" at /opt/hivemq/extensions/hivemq-dns-cluster-discovery
2025-01-29 13:43:42,233 INFO c.h.h.t.HelmChartContainer - [test-hivemq-platform] [hivemq] [c66c6460] INFO  - Extension "DNS Cluster Discovery Extension" version 4.3.2 started successfully.
2025-01-29 13:43:42,234 INFO c.h.h.t.HelmChartContainer - [test-hivemq-platform] [hivemq] [c66c6460] INFO  - Starting extension with id "hivemq-prometheus-extension" at /opt/hivemq/extensions/hivemq-prometheus-extension
2025-01-29 13:43:42,340 INFO c.h.h.t.HelmChartContainer - [test-hivemq-platform] [hivemq] [c66c6460] INFO  - Using TCP cluster transport on address 10.42.0.11 and port 7000
2025-01-29 13:43:42,436 INFO c.h.h.t.HelmChartContainer - [test-hivemq-platform] [hivemq] [c66c6460] INFO  - Using extension cluster discovery
2025-01-29 13:43:43,243 INFO c.h.h.t.HelmChartContainer - [test-hivemq-platform] [hivemq] [c66c6460] INFO  - Started Jetty Server exposing Prometheus Servlet on URI http://0.0.0.0:9399/
2025-01-29 13:43:43,244 INFO c.h.h.t.HelmChartContainer - [test-hivemq-platform] [hivemq] [c66c6460] INFO  - Extension "Prometheus Monitoring Extension" version 4.0.12 started successfully.
2025-01-29 13:43:43,244 INFO c.h.h.t.HelmChartContainer - [test-hivemq-platform] [hivemq] [c66c6460] INFO  - Starting extension with id "hivemq-allow-all-extension" at /opt/hivemq/extensions/hivemq-allow-all-extension
2025-01-29 13:43:43,244 INFO c.h.h.t.HelmChartContainer - [test-hivemq-platform] [hivemq] [c66c6460] WARN  - 
2025-01-29 13:43:43,245 INFO c.h.h.t.HelmChartContainer - [test-hivemq-platform] [hivemq] [c66c6460] ################################################################################################################
2025-01-29 13:43:43,245 INFO c.h.h.t.HelmChartContainer - [test-hivemq-platform] [hivemq] [c66c6460] # This HiveMQ deployment is not secure! You are lacking Authentication and Authorization.                      #
2025-01-29 13:43:43,245 INFO c.h.h.t.HelmChartContainer - [test-hivemq-platform] [hivemq] [c66c6460] # Right now any MQTT client can connect to the broker with a full set of permissions.                          #
2025-01-29 13:43:43,245 INFO c.h.h.t.HelmChartContainer - [test-hivemq-platform] [hivemq] [c66c6460] # For production usage, add an appropriate security extension and remove the hivemq-allow-all extension.       #
2025-01-29 13:43:43,245 INFO c.h.h.t.HelmChartContainer - [test-hivemq-platform] [hivemq] [c66c6460] # You can download security extensions from the HiveMQ Marketplace (https://www.hivemq.com/extensions/).       #
2025-01-29 13:43:43,245 INFO c.h.h.t.HelmChartContainer - [test-hivemq-platform] [hivemq] [c66c6460] ################################################################################################################
2025-01-29 13:43:43,331 INFO c.h.h.t.HelmChartContainer - [test-hivemq-platform] [hivemq] [c66c6460] INFO  - Extension "Allow All Extension" version 1.1.1 started successfully.
2025-01-29 13:43:43,355 INFO c.h.h.t.HelmChartContainer - [test-hivemq-platform] [hivemq] [32a9674d] INFO  - Cluster nodes found by discovery: [io2nr|1] (2) [io2nr, O028c].
2025-01-29 13:43:43,433 INFO c.h.h.t.HelmChartContainer - [test-hivemq-platform] [hivemq] [c66c6460] INFO  - Cluster nodes found by discovery: [io2nr|1] (2) [io2nr, O028c].
2025-01-29 13:43:43,536 INFO c.h.h.t.HelmChartContainer - [test-hivemq-platform] [hivemq] [c66c6460] INFO  - Cluster size = 1, members : [io2nr].
2025-01-29 13:43:43,892 INFO c.h.h.t.HelmChartContainer - [test-hivemq-platform] [hivemq] [c66c6460] INFO  - Starting cluster join process. This may take a while. Please do not shut down HiveMQ.
2025-01-29 13:43:43,894 INFO c.h.h.t.HelmChartContainer - [test-hivemq-platform] [hivemq] [c66c6460] INFO  - Cluster join process is still ongoing. Please do not shut down HiveMQ.
2025-01-29 13:43:44,641 INFO c.h.h.t.HelmChartContainer - [test-hivemq-platform] [hivemq] [c66c6460] INFO  - [HiveMQ Platform Operator Init App 1.7.0-SNAPSHOT] Returning Health API response 503 for readiness
2025-01-29 13:43:44,646 INFO c.h.h.t.HelmChartContainer - [EVENT] Warning [Unhealthy] Readiness probe failed: HTTP probe failed with statuscode: 503 [helmupgradeplatformit:test-hivemq-platform-1]
2025-01-29 13:43:44,646 INFO c.h.h.t.HelmChartContainer - Received Unhealthy event for container hivemq in pod test-hivemq-platform-1 [c66c6460-b87f-4cc4-ae40-b1e56d811c6f]
2025-01-29 13:43:45,905 INFO c.h.h.t.HelmChartContainer - [test-hivemq-platform] [hivemq] [32a9674d] INFO  - Cluster size = 2, members : [O028c, io2nr].
2025-01-29 13:43:45,918 INFO c.h.h.t.HelmChartContainer - [test-hivemq-platform] [hivemq] [c66c6460] INFO  - Cluster size = 2, members : [O028c, io2nr].
2025-01-29 13:43:45,920 INFO c.h.h.t.HelmChartContainer - [test-hivemq-platform] [hivemq] [c66c6460] INFO  - Finished cluster join process successfully.
2025-01-29 13:43:45,924 INFO c.h.h.t.HelmChartContainer - [test-hivemq-platform] [hivemq] [c66c6460] WARN  - No user for HiveMQ Control Center configured. Starting with default user
2025-01-29 13:43:45,924 INFO c.h.h.t.HelmChartContainer - [test-hivemq-platform] [hivemq] [c66c6460] INFO  - Starting HiveMQ Control Center on address 0.0.0.0 and port 8080
2025-01-29 13:43:45,928 INFO c.h.h.t.HelmChartContainer - [test-hivemq-platform] [hivemq] [c66c6460] INFO  - Mounting HiveMQ Control Center V2 Preview
2025-01-29 13:43:46,706 INFO c.h.h.t.HelmChartContainer - [test-hivemq-platform] [hivemq] [c66c6460] INFO  - Started HiveMQ Control Center in 785ms
2025-01-29 13:43:46,805 INFO c.h.h.t.HelmChartContainer - [test-hivemq-platform] [hivemq] [c66c6460] INFO  - Starting TCP listener on address 0.0.0.0 and port 1883
2025-01-29 13:43:46,898 INFO c.h.h.t.HelmChartContainer - [test-hivemq-platform] [hivemq] [c66c6460] INFO  - Started TCP Listener on address 0.0.0.0 and on port 1883.
2025-01-29 13:43:46,899 INFO c.h.h.t.HelmChartContainer - [test-hivemq-platform] [hivemq] [c66c6460] INFO  - Started HiveMQ in 27251ms
2025-01-29 13:43:49,251 INFO c.h.h.t.HelmChartContainer - [test-hivemq-platform] [hivemq] [c66c6460] INFO  - [HiveMQ Platform Operator Init App 1.7.0-SNAPSHOT] Returning Health API response 200 for readiness
2025-01-29 13:43:49,260 INFO c.h.h.t.HelmChartContainer - [POD] test-hivemq-platform-1 [c66c6460-b87f-4cc4-ae40-b1e56d811c6f] in helmupgradeplatformit was MODIFIED
2025-01-29 13:43:49,279 INFO c.h.h.t.HelmChartContainer - [hivemq-test-hivemq-platform] [hivemq-platform-operator] [a756ca37] 13:43:49.268 [pool-6-thread-15] DEBUG c.h.p.o.d.PlatformServiceResource - [helmupgr] Desired Platform services (3 services)
2025-01-29 13:43:49,280 INFO c.h.h.t.HelmChartContainer - [hivemq-test-hivemq-platform] [hivemq-platform-operator] [a756ca37] 13:43:49.271 [pool-6-thread-12] DEBUG c.h.p.o.dependants.PodInfoConfigMap - [helmupgr] Desired PodInfo ConfigMap (1 extensions) (1 enabled)
2025-01-29 13:43:49,283 INFO c.h.h.t.HelmChartContainer - [hivemq-test-hivemq-platform] [hivemq-platform-operator] [a756ca37] 13:43:49.271 [pool-6-thread-12] DEBUG c.h.p.o.dependants.PodInfoConfigMap - [helmupgr] Desired PodInfo ConfigMap (metrics port: 9399) (metrics path: /)
2025-01-29 13:43:49,283 INFO c.h.h.t.HelmChartContainer - [hivemq-test-hivemq-platform] [hivemq-platform-operator] [a756ca37] 13:43:49.271 [pool-6-thread-12] DEBUG c.h.p.o.dependants.PodInfoConfigMap - [helmupgr] Desired PodInfo ConfigMap (extension state hash: -1817474005)
2025-01-29 13:43:49,283 INFO c.h.h.t.HelmChartContainer - [hivemq-test-hivemq-platform] [hivemq-platform-operator] [a756ca37] 13:43:49.273 [pool-6-thread-12] DEBUG c.h.p.o.d.PodServiceAccountResource - [helmupgr] Desired PodServiceAccountResource (serviceAccountName: hivemq-platform-pod-test-hivemq-platform)
2025-01-29 13:43:49,283 INFO c.h.h.t.HelmChartContainer - [hivemq-test-hivemq-platform] [hivemq-platform-operator] [a756ca37] 13:43:49.276 [pool-6-thread-12] DEBUG c.h.p.o.d.StatefulSetResource - [helmupgr] Desired StatefulSet (2 replicas) for status SCALING (READY)
2025-01-29 13:43:49,283 INFO c.h.h.t.HelmChartContainer - [hivemq-test-hivemq-platform] [hivemq-platform-operator] [a756ca37] 13:43:49.279 [ReconcilerExecutor-hivemq-controller-127] INFO  c.h.p.o.HiveMQPlatformReconciler - [helmupgr] Reconciling HiveMQ Platform 'test-hivemq-platform' in namespace 'helmupgradeplatformit'
2025-01-29 13:43:49,284 INFO c.h.h.t.HelmChartContainer - [hivemq-test-hivemq-platform] [hivemq-platform-operator] [a756ca37] 13:43:49.279 [ReconcilerExecutor-hivemq-controller-127] DEBUG c.h.p.o.HiveMQPlatformReconciler - [helmupgr] Custom Resource Status SCALING - HiveMQ Platform is scaling (READY)
2025-01-29 13:43:49,285 INFO c.h.h.t.HelmChartContainer - [hivemq-test-hivemq-platform] [hivemq-platform-operator] [a756ca37] 13:43:49.279 [ReconcilerExecutor-hivemq-controller-127] DEBUG c.h.p.o.HiveMQPlatformReconciler - [helmupgr] Custom Resource Spec (replicas: 2) (extensions: 1)
2025-01-29 13:43:49,285 INFO c.h.h.t.HelmChartContainer - [hivemq-test-hivemq-platform] [hivemq-platform-operator] [a756ca37] 13:43:49.280 [ReconcilerExecutor-hivemq-controller-127] DEBUG c.h.p.o.HiveMQPlatformReconciler - [helmupgr] StatefulSet Status (revision: test-hivemq-platform-77d44868f9, replicas: 2, available: 1, ready: 1, current: 2, updated: 2)
2025-01-29 13:43:49,285 INFO c.h.h.t.HelmChartContainer - [hivemq-test-hivemq-platform] [hivemq-platform-operator] [a756ca37] 13:43:49.280 [ReconcilerExecutor-hivemq-controller-127] DEBUG c.h.p.o.HiveMQPlatformReconciler - [helmupgr] StatefulSet Spec (replicas: 2, init containers: 1, containers: 1, volumes: 3)
2025-01-29 13:43:49,285 INFO c.h.h.t.HelmChartContainer - [hivemq-test-hivemq-platform] [hivemq-platform-operator] [a756ca37] 13:43:49.281 [ReconcilerExecutor-hivemq-controller-127] DEBUG c.h.p.o.h.HiveMQPlatformReconcilerErrorHandler - [helmupgr] Pod 'test-hivemq-platform-1' phase Running
2025-01-29 13:43:49,285 INFO c.h.h.t.HelmChartContainer - [hivemq-test-hivemq-platform] [hivemq-platform-operator] [a756ca37] 13:43:49.282 [ReconcilerExecutor-hivemq-controller-127] DEBUG c.h.p.o.h.HiveMQPlatformReconcilerErrorHandler - [helmupgr] Pod 'test-hivemq-platform-0' phase Running
2025-01-29 13:43:49,285 INFO c.h.h.t.HelmChartContainer - [hivemq-test-hivemq-platform] [hivemq-platform-operator] [a756ca37] 13:43:49.282 [ReconcilerExecutor-hivemq-controller-127] DEBUG c.h.p.o.h.HiveMQPlatformReconcilerScalingHandler - [helmupgr] HiveMQ Platform is scaling, waiting for 1 of 2 replicas
2025-01-29 13:43:49,356 INFO c.h.h.t.HelmChartContainer - [hivemq-test-hivemq-platform] [hivemq-platform-operator] [a756ca37] 13:43:49.353 [pool-6-thread-24] DEBUG c.h.p.o.d.PlatformServiceResource - [helmupgr] Desired Platform services (3 services)
2025-01-29 13:43:49,356 INFO c.h.h.t.HelmChartContainer - [hivemq-test-hivemq-platform] [hivemq-platform-operator] [a756ca37] 13:43:49.354 [pool-6-thread-28] DEBUG c.h.p.o.d.PodServiceAccountResource - [helmupgr] Desired PodServiceAccountResource (serviceAccountName: hivemq-platform-pod-test-hivemq-platform)
2025-01-29 13:43:49,357 INFO c.h.h.t.HelmChartContainer - [hivemq-test-hivemq-platform] [hivemq-platform-operator] [a756ca37] 13:43:49.356 [pool-6-thread-22] DEBUG c.h.p.o.dependants.PodInfoConfigMap - [helmupgr] Desired PodInfo ConfigMap (1 extensions) (1 enabled)
2025-01-29 13:43:49,357 INFO c.h.h.t.HelmChartContainer - [hivemq-test-hivemq-platform] [hivemq-platform-operator] [a756ca37] 13:43:49.356 [pool-6-thread-22] DEBUG c.h.p.o.dependants.PodInfoConfigMap - [helmupgr] Desired PodInfo ConfigMap (metrics port: 9399) (metrics path: /)
2025-01-29 13:43:49,357 INFO c.h.h.t.HelmChartContainer - [hivemq-test-hivemq-platform] [hivemq-platform-operator] [a756ca37] 13:43:49.356 [pool-6-thread-22] DEBUG c.h.p.o.dependants.PodInfoConfigMap - [helmupgr] Desired PodInfo ConfigMap (extension state hash: -1817474005)
2025-01-29 13:43:49,359 INFO c.h.h.t.HelmChartContainer - [hivemq-test-hivemq-platform] [hivemq-platform-operator] [a756ca37] 13:43:49.359 [pool-6-thread-22] DEBUG c.h.p.o.d.StatefulSetResource - [helmupgr] Desired StatefulSet (2 replicas) for status SCALING (READY)
2025-01-29 13:43:49,362 INFO c.h.h.t.HelmChartContainer - [hivemq-test-hivemq-platform] [hivemq-platform-operator] [a756ca37] 13:43:49.361 [ReconcilerExecutor-hivemq-controller-128] INFO  c.h.p.o.HiveMQPlatformReconciler - [helmupgr] Reconciling HiveMQ Platform 'test-hivemq-platform' in namespace 'helmupgradeplatformit'
2025-01-29 13:43:49,363 INFO c.h.h.t.HelmChartContainer - [hivemq-test-hivemq-platform] [hivemq-platform-operator] [a756ca37] 13:43:49.361 [ReconcilerExecutor-hivemq-controller-128] DEBUG c.h.p.o.HiveMQPlatformReconciler - [helmupgr] Custom Resource Status SCALING - HiveMQ Platform is scaling (READY)
2025-01-29 13:43:49,363 INFO c.h.h.t.HelmChartContainer - [hivemq-test-hivemq-platform] [hivemq-platform-operator] [a756ca37] 13:43:49.362 [ReconcilerExecutor-hivemq-controller-128] DEBUG c.h.p.o.HiveMQPlatformReconciler - [helmupgr] Custom Resource Spec (replicas: 2) (extensions: 1)
2025-01-29 13:43:49,364 INFO c.h.h.t.HelmChartContainer - [hivemq-test-hivemq-platform] [hivemq-platform-operator] [a756ca37] 13:43:49.363 [ReconcilerExecutor-hivemq-controller-128] DEBUG c.h.p.o.HiveMQPlatformReconciler - [helmupgr] StatefulSet Status (revision: test-hivemq-platform-77d44868f9, replicas: 2, available: 2, ready: 2, current: 2, updated: 2)
2025-01-29 13:43:49,365 INFO c.h.h.t.HelmChartContainer - [hivemq-test-hivemq-platform] [hivemq-platform-operator] [a756ca37] 13:43:49.363 [ReconcilerExecutor-hivemq-controller-128] DEBUG c.h.p.o.HiveMQPlatformReconciler - [helmupgr] StatefulSet Spec (replicas: 2, init containers: 1, containers: 1, volumes: 3)
2025-01-29 13:43:49,366 INFO c.h.h.t.HelmChartContainer - [hivemq-test-hivemq-platform] [hivemq-platform-operator] [a756ca37] 13:43:49.365 [ReconcilerExecutor-hivemq-controller-128] DEBUG c.h.p.o.h.HiveMQPlatformReconcilerErrorHandler - [helmupgr] Pod 'test-hivemq-platform-1' phase Running
2025-01-29 13:43:49,452 INFO c.h.h.t.HelmChartContainer - [hivemq-test-hivemq-platform] [hivemq-platform-operator] [a756ca37] 13:43:49.451 [ReconcilerExecutor-hivemq-controller-128] DEBUG c.h.p.o.h.HiveMQPlatformReconcilerErrorHandler - [helmupgr] Pod 'test-hivemq-platform-0' phase Running
2025-01-29 13:43:49,454 INFO c.h.h.t.HelmChartContainer - [hivemq-test-hivemq-platform] [hivemq-platform-operator] [a756ca37] 13:43:49.452 [ReconcilerExecutor-hivemq-controller-128] INFO  c.h.p.o.h.HiveMQPlatformReconcilerScalingHandler - [helmupgr] HiveMQ Platform scaled successfully to 2 replicas
2025-01-29 13:43:49,461 INFO c.h.h.t.HelmChartContainer - [EVENT] Normal [Ready] HiveMQ Platform is ready [helmupgradeplatformit:test-hivemq-platform]
2025-01-29 13:43:49,462 INFO c.h.h.t.HelmChartContainer - [hivemq-test-hivemq-platform] [hivemq-platform-operator] [a756ca37] 13:43:49.462 [ReconcilerExecutor-hivemq-controller-128] DEBUG c.h.p.operator.event.EventSender - [helmupgr] Updating K8s event hivemq-platform-ready: [Ready] HiveMQ Platform is ready
2025-01-29 13:43:49,462 INFO c.h.h.t.HelmChartContainer - [hivemq-test-hivemq-platform] [hivemq-platform-operator] [a756ca37] 13:43:49.462 [ReconcilerExecutor-hivemq-controller-128] INFO  c.h.p.o.h.AbstractHiveMQReconcilerStateHandler - [helmupgr] Update HiveMQ Platform Status (SCALING [READY] -> RUNNING [READY]): HiveMQ Platform is ready
2025-01-29 13:43:49,469 DEBUG com.hivemq.helmcharts.util.K8sUtil - Comparing actual state 'RUNNING' and waiting for 'RUNNING'
2025-01-29 13:43:49,469 DEBUG c.h.h.platform.HelmUpgradePlatformIT - Platform upgraded
2025-01-29 13:43:49,492 INFO c.h.h.t.HelmChartContainer - Uninstalling release 'test-hivemq-platform' in namespace 'helmupgradeplatformit'...
2025-01-29 13:43:49,492 DEBUG c.h.h.t.HelmChartContainer - Executing helm command: /bin/helm --kubeconfig /etc/rancher/k3s/k3s.yaml uninstall test-hivemq-platform  --wait --timeout 5m0s --cascade foreground --namespace helmupgradeplatformit
2025-01-29 13:43:49,720 INFO c.h.h.t.HelmChartContainer - [hivemq-test-hivemq-platform] [hivemq-platform-operator] [a756ca37] 13:43:49.713 [pool-6-thread-36] DEBUG c.h.p.o.d.PlatformServiceResource - [helmupgr] Desired Platform services (3 services)
2025-01-29 13:43:49,720 INFO c.h.h.t.HelmChartContainer - [hivemq-test-hivemq-platform] [hivemq-platform-operator] [a756ca37] 13:43:49.715 [pool-6-thread-39] DEBUG c.h.p.o.dependants.PodInfoConfigMap - [helmupgr] Desired PodInfo ConfigMap (1 extensions) (1 enabled)
2025-01-29 13:43:49,720 INFO c.h.h.t.HelmChartContainer - [hivemq-test-hivemq-platform] [hivemq-platform-operator] [a756ca37] 13:43:49.716 [pool-6-thread-39] DEBUG c.h.p.o.dependants.PodInfoConfigMap - [helmupgr] Desired PodInfo ConfigMap (metrics port: 9399) (metrics path: /)
2025-01-29 13:43:49,720 INFO c.h.h.t.HelmChartContainer - [hivemq-test-hivemq-platform] [hivemq-platform-operator] [a756ca37] 13:43:49.717 [pool-6-thread-39] DEBUG c.h.p.o.dependants.PodInfoConfigMap - [helmupgr] Desired PodInfo ConfigMap (extension state hash: -1817474005)
2025-01-29 13:43:49,720 INFO c.h.h.t.HelmChartContainer - [hivemq-test-hivemq-platform] [hivemq-platform-operator] [a756ca37] 13:43:49.715 [pool-6-thread-38] DEBUG c.h.p.o.d.PodServiceAccountResource - [helmupgr] Desired PodServiceAccountResource (serviceAccountName: hivemq-platform-pod-test-hivemq-platform)
2025-01-29 13:43:49,720 INFO c.h.h.t.HelmChartContainer - [hivemq-test-hivemq-platform] [hivemq-platform-operator] [a756ca37] 13:43:49.717 [pool-6-thread-39] DEBUG c.h.p.o.dependants.PodInfoConfigMap - [helmupgr] Update PodInfo ConfigMap
2025-01-29 13:43:49,754 INFO c.h.h.t.HelmChartContainer - [hivemq-test-hivemq-platform] [hivemq-platform-operator] [a756ca37] 13:43:49.751 [pool-6-thread-39] DEBUG c.h.p.o.d.StatefulSetResource - [helmupgr] Desired StatefulSet (2 replicas) for status RUNNING (READY)
2025-01-29 13:43:49,758 INFO c.h.h.t.HelmChartContainer - [hivemq-test-hivemq-platform] [hivemq-platform-operator] [a756ca37] 13:43:49.755 [pool-6-thread-39] DEBUG c.h.p.o.d.StatefulSetResource - [helmupgr] Update StatefulSet (replicas: 2 -> 2)
2025-01-29 13:43:49,760 INFO c.h.h.t.HelmChartContainer - [hivemq-test-hivemq-platform] [hivemq-platform-operator] [a756ca37] 13:43:49.756 [pool-6-thread-39] DEBUG c.h.p.o.d.StatefulSetResource - [helmupgr] Detected change in StatefulSet specification (path: /template/metadata/annotations/kubernetes-resource-versions) (actual value: {broker-configuration-v2=-2089688360}) (target value: {broker-configuration-v2=0})
2025-01-29 13:43:49,761 INFO c.h.h.t.HelmChartContainer - [hivemq-test-hivemq-platform] [hivemq-platform-operator] [a756ca37] 13:43:49.756 [pool-6-thread-39] INFO  c.h.p.o.d.StatefulSetResource - [helmupgr] StatefulSet spec was updated, triggering rolling restart
2025-01-29 13:43:49,798 INFO c.h.h.t.HelmChartContainer - [test-hivemq-platform] [hivemq] [32a9674d] WARN  - [HiveMQ Platform Operator Init App 1.7.0-SNAPSHOT] Could not update Pod annotations: Failure executing: GET at: https://10.43.0.1:443/api/v1/namespaces/helmupgradeplatformit/pods/test-hivemq-platform-0. Message: pods "test-hivemq-platform-0" is forbidden: User "system:serviceaccount:helmupgradeplatformit:hivemq-platform-pod-test-hivemq-platform" cannot get resource "pods" in API group "" in the namespace "helmupgradeplatformit". Received status: Status(apiVersion=v1, code=403, details=StatusDetails(causes=[], group=null, kind=pods, name=test-hivemq-platform-0, retryAfterSeconds=null, uid=null, additionalProperties={}), kind=Status, message=pods "test-hivemq-platform-0" is forbidden: User "system:serviceaccount:helmupgradeplatformit:hivemq-platform-pod-test-hivemq-platform" cannot get resource "pods" in API group "" in the namespace "helmupgradeplatformit", metadata=ListMeta(_continue=null, remainingItemCount=null, resourceVersion=null, selfLink=null, additionalProperties={}), reason=Forbidden, status=Failure, additionalProperties={}).
2025-01-29 13:43:49,812 INFO c.h.h.t.HelmChartContainer - [hivemq-test-hivemq-platform] [hivemq-platform-operator] [a756ca37] 13:43:49.811 [ReconcilerExecutor-hivemq-controller-129] INFO  c.h.p.o.HiveMQPlatformReconciler - [helmupgr] Reconciling HiveMQ Platform 'test-hivemq-platform' in namespace 'helmupgradeplatformit'
2025-01-29 13:43:49,813 INFO c.h.h.t.HelmChartContainer - [hivemq-test-hivemq-platform] [hivemq-platform-operator] [a756ca37] 13:43:49.811 [ReconcilerExecutor-hivemq-controller-129] DEBUG c.h.p.o.HiveMQPlatformReconciler - [helmupgr] Custom Resource Status RUNNING - HiveMQ Platform is ready (READY) (reconciliation requests: ROLLING_RESTART, REQUESTS_UPDATED)
2025-01-29 13:43:49,813 INFO c.h.h.t.HelmChartContainer - [hivemq-test-hivemq-platform] [hivemq-platform-operator] [a756ca37] 13:43:49.811 [ReconcilerExecutor-hivemq-controller-129] DEBUG c.h.p.o.HiveMQPlatformReconciler - [helmupgr] Custom Resource Spec (replicas: 2) (extensions: 1)
2025-01-29 13:43:49,813 INFO c.h.h.t.HelmChartContainer - [hivemq-test-hivemq-platform] [hivemq-platform-operator] [a756ca37] 13:43:49.811 [ReconcilerExecutor-hivemq-controller-129] WARN  c.h.p.o.h.HiveMQPlatformReconcilerErrorHandler - [helmupgr] Could not find ConfigMap 'hivemq-configuration-test-hivemq-platform' for HiveMQ Platform configuration
2025-01-29 13:43:49,920 INFO c.h.h.t.HelmChartContainer - [hivemq-test-hivemq-platform] [hivemq-platform-operator] [a756ca37] 13:43:49.919 [ReconcilerExecutor-hivemq-controller-129] DEBUG c.h.p.operator.event.EventSender - [helmupgr] Creating K8s event hivemq-platform-invalid-configuration: [Start] Could not find ConfigMap 'hivemq-configuration-test-hivemq-platform' for HiveMQ Platform configuration
2025-01-29 13:43:49,923 INFO c.h.h.t.HelmChartContainer - [EVENT] Warning [Start] Could not find ConfigMap 'hivemq-configuration-test-hivemq-platform' for HiveMQ Platform configuration [helmupgradeplatformit:test-hivemq-platform]
2025-01-29 13:43:49,952 INFO c.h.h.t.HelmChartContainer - [hivemq-test-hivemq-platform] [hivemq-platform-operator] [a756ca37] 13:43:49.951 [ReconcilerExecutor-hivemq-controller-129] INFO  c.h.p.o.h.AbstractHiveMQReconcilerStateHandler - [helmupgr] Update HiveMQ Platform Status (RUNNING [READY] -> ERROR [INVALID_CONFIG_MAP]): Could not find ConfigMap 'hivemq-configuration-test-hivemq-platform' for HiveMQ Platform configuration (reconciliation requests: ROLLING_RESTART)
2025-01-29 13:43:50,011 INFO c.h.h.t.HelmChartContainer - [hivemq-test-hivemq-platform] [hivemq-platform-operator] [a756ca37] 13:43:50.009 [ReconcilerExecutor-hivemq-controller-129] ERROR i.j.o.p.event.EventProcessor - Error during event processing ExecutionScope{ resource id: ResourceID{name='test-hivemq-platform', namespace='helmupgradeplatformit'}, version: 1164}
2025-01-29 13:43:50,012 INFO c.h.h.t.HelmChartContainer - [hivemq-test-hivemq-platform] [hivemq-platform-operator] [a756ca37] io.fabric8.kubernetes.client.KubernetesClientException: Failure executing: PUT at: https://10.43.0.1:443/apis/hivemq.com/v1/namespaces/helmupgradeplatformit/hivemq-platforms/test-hivemq-platform/status. Message: Operation cannot be fulfilled on hivemq-platforms.hivemq.com "test-hivemq-platform": the object has been modified; please apply your changes to the latest version and try again. Received status: Status(apiVersion=v1, code=409, details=StatusDetails(causes=[], group=hivemq.com, kind=hivemq-platforms, name=test-hivemq-platform, retryAfterSeconds=null, uid=null, additionalProperties={}), kind=Status, message=Operation cannot be fulfilled on hivemq-platforms.hivemq.com "test-hivemq-platform": the object has been modified; please apply your changes to the latest version and try again, metadata=ListMeta(_continue=null, remainingItemCount=null, resourceVersion=null, selfLink=null, additionalProperties={}), reason=Conflict, status=Failure, additionalProperties={}).
2025-01-29 13:43:50,012 INFO c.h.h.t.HelmChartContainer - [hivemq-test-hivemq-platform] [hivemq-platform-operator] [a756ca37] 	at io.fabric8.kubernetes.client.KubernetesClientException.copyAsCause(KubernetesClientException.java:238)
2025-01-29 13:43:50,012 INFO c.h.h.t.HelmChartContainer - [hivemq-test-hivemq-platform] [hivemq-platform-operator] [a756ca37] 	at io.fabric8.kubernetes.client.dsl.internal.OperationSupport.waitForResult(OperationSupport.java:507)
2025-01-29 13:43:50,012 INFO c.h.h.t.HelmChartContainer - [hivemq-test-hivemq-platform] [hivemq-platform-operator] [a756ca37] 	at io.fabric8.kubernetes.client.dsl.internal.OperationSupport.handleResponse(OperationSupport.java:524)
2025-01-29 13:43:50,012 INFO c.h.h.t.HelmChartContainer - [hivemq-test-hivemq-platform] [hivemq-platform-operator] [a756ca37] 	at io.fabric8.kubernetes.client.dsl.internal.OperationSupport.handleUpdate(OperationSupport.java:358)
2025-01-29 13:43:50,012 INFO c.h.h.t.HelmChartContainer - [hivemq-test-hivemq-platform] [hivemq-platform-operator] [a756ca37] 	at io.fabric8.kubernetes.client.dsl.internal.BaseOperation.handleUpdate(BaseOperation.java:759)
2025-01-29 13:43:50,012 INFO c.h.h.t.HelmChartContainer - [hivemq-test-hivemq-platform] [hivemq-platform-operator] [a756ca37] 	at io.fabric8.kubernetes.client.dsl.internal.HasMetadataOperation.update(HasMetadataOperation.java:138)
2025-01-29 13:43:50,013 INFO c.h.h.t.HelmChartContainer - [hivemq-test-hivemq-platform] [hivemq-platform-operator] [a756ca37] 	at io.fabric8.kubernetes.client.dsl.internal.HasMetadataOperation.update(HasMetadataOperation.java:121)
2025-01-29 13:43:50,013 INFO c.h.h.t.HelmChartContainer - [hivemq-test-hivemq-platform] [hivemq-platform-operator] [a756ca37] 	at io.fabric8.kubernetes.client.dsl.internal.HasMetadataOperation.updateStatus(HasMetadataOperation.java:126)
2025-01-29 13:43:50,013 INFO c.h.h.t.HelmChartContainer - [hivemq-test-hivemq-platform] [hivemq-platform-operator] [a756ca37] 	at io.fabric8.kubernetes.client.dsl.internal.HasMetadataOperation.updateStatus(HasMetadataOperation.java:44)
2025-01-29 13:43:50,013 INFO c.h.h.t.HelmChartContainer - [hivemq-test-hivemq-platform] [hivemq-platform-operator] [a756ca37] 	at io.javaoperatorsdk.operator.processing.event.ReconciliationDispatcher$CustomResourceFacade.updateStatus(ReconciliationDispatcher.java:408)
2025-01-29 13:43:50,013 INFO c.h.h.t.HelmChartContainer - [hivemq-test-hivemq-platform] [hivemq-platform-operator] [a756ca37] 	at io.javaoperatorsdk.operator.processing.event.ReconciliationDispatcher.updateStatusGenerationAware(ReconciliationDispatcher.java:228)
2025-01-29 13:43:50,013 INFO c.h.h.t.HelmChartContainer - [hivemq-test-hivemq-platform] [hivemq-platform-operator] [a756ca37] 	at io.javaoperatorsdk.operator.processing.event.ReconciliationDispatcher.reconcileExecution(ReconciliationDispatcher.java:150)
2025-01-29 13:43:50,013 INFO c.h.h.t.HelmChartContainer - [hivemq-test-hivemq-platform] [hivemq-platform-operator] [a756ca37] 	at io.javaoperatorsdk.operator.processing.event.ReconciliationDispatcher.handleReconcile(ReconciliationDispatcher.java:117)
2025-01-29 13:43:50,013 INFO c.h.h.t.HelmChartContainer - [hivemq-test-hivemq-platform] [hivemq-platform-operator] [a756ca37] 	at io.javaoperatorsdk.operator.processing.event.ReconciliationDispatcher.handleDispatch(ReconciliationDispatcher.java:91)
2025-01-29 13:43:50,013 INFO c.h.h.t.HelmChartContainer - [hivemq-test-hivemq-platform] [hivemq-platform-operator] [a756ca37] 	at io.javaoperatorsdk.operator.processing.event.ReconciliationDispatcher.handleExecution(ReconciliationDispatcher.java:64)
2025-01-29 13:43:50,013 INFO c.h.h.t.HelmChartContainer - [hivemq-test-hivemq-platform] [hivemq-platform-operator] [a756ca37] 	at io.javaoperatorsdk.operator.processing.event.EventProcessor$ReconcilerExecutor.run(EventProcessor.java:452)
2025-01-29 13:43:50,013 INFO c.h.h.t.HelmChartContainer - [hivemq-test-hivemq-platform] [hivemq-platform-operator] [a756ca37] 	at java.base/java.util.concurrent.ThreadPoolExecutor.runWorker(Unknown Source)
2025-01-29 13:43:50,013 INFO c.h.h.t.HelmChartContainer - [hivemq-test-hivemq-platform] [hivemq-platform-operator] [a756ca37] 	at java.base/java.util.concurrent.ThreadPoolExecutor$Worker.run(Unknown Source)
2025-01-29 13:43:50,013 INFO c.h.h.t.HelmChartContainer - [hivemq-test-hivemq-platform] [hivemq-platform-operator] [a756ca37] 	at java.base/java.lang.Thread.run(Unknown Source)
2025-01-29 13:43:50,013 INFO c.h.h.t.HelmChartContainer - [hivemq-test-hivemq-platform] [hivemq-platform-operator] [a756ca37] Caused by: io.fabric8.kubernetes.client.KubernetesClientException: Failure executing: PUT at: https://10.43.0.1:443/apis/hivemq.com/v1/namespaces/helmupgradeplatformit/hivemq-platforms/test-hivemq-platform/status. Message: Operation cannot be fulfilled on hivemq-platforms.hivemq.com "test-hivemq-platform": the object has been modified; please apply your changes to the latest version and try again. Received status: Status(apiVersion=v1, code=409, details=StatusDetails(causes=[], group=hivemq.com, kind=hivemq-platforms, name=test-hivemq-platform, retryAfterSeconds=null, uid=null, additionalProperties={}), kind=Status, message=Operation cannot be fulfilled on hivemq-platforms.hivemq.com "test-hivemq-platform": the object has been modified; please apply your changes to the latest version and try again, metadata=ListMeta(_continue=null, remainingItemCount=null, resourceVersion=null, selfLink=null, additionalProperties={}), reason=Conflict, status=Failure, additionalProperties={}).
2025-01-29 13:43:50,013 INFO c.h.h.t.HelmChartContainer - [hivemq-test-hivemq-platform] [hivemq-platform-operator] [a756ca37] 	at io.fabric8.kubernetes.client.dsl.internal.OperationSupport.requestFailure(OperationSupport.java:660)
2025-01-29 13:43:50,013 INFO c.h.h.t.HelmChartContainer - [hivemq-test-hivemq-platform] [hivemq-platform-operator] [a756ca37] 	at io.fabric8.kubernetes.client.dsl.internal.OperationSupport.requestFailure(OperationSupport.java:640)
2025-01-29 13:43:50,013 INFO c.h.h.t.HelmChartContainer - [hivemq-test-hivemq-platform] [hivemq-platform-operator] [a756ca37] 	at io.fabric8.kubernetes.client.dsl.internal.OperationSupport.assertResponseCode(OperationSupport.java:589)
2025-01-29 13:43:50,013 INFO c.h.h.t.HelmChartContainer - [hivemq-test-hivemq-platform] [hivemq-platform-operator] [a756ca37] 	at io.fabric8.kubernetes.client.dsl.internal.OperationSupport.lambda$handleResponse$0(OperationSupport.java:549)
2025-01-29 13:43:50,013 INFO c.h.h.t.HelmChartContainer - [hivemq-test-hivemq-platform] [hivemq-platform-operator] [a756ca37] 	at java.base/java.util.concurrent.CompletableFuture$UniApply.tryFire(Unknown Source)
2025-01-29 13:43:50,013 INFO c.h.h.t.HelmChartContainer - [hivemq-test-hivemq-platform] [hivemq-platform-operator] [a756ca37] 	at java.base/java.util.concurrent.CompletableFuture.postComplete(Unknown Source)
2025-01-29 13:43:50,013 INFO c.h.h.t.HelmChartContainer - [hivemq-test-hivemq-platform] [hivemq-platform-operator] [a756ca37] 	at java.base/java.util.concurrent.CompletableFuture.complete(Unknown Source)
2025-01-29 13:43:50,013 INFO c.h.h.t.HelmChartContainer - [hivemq-test-hivemq-platform] [hivemq-platform-operator] [a756ca37] 	at io.fabric8.kubernetes.client.http.StandardHttpClient.lambda$completeOrCancel$10(StandardHttpClient.java:141)
2025-01-29 13:43:50,013 INFO c.h.h.t.HelmChartContainer - [hivemq-test-hivemq-platform] [hivemq-platform-operator] [a756ca37] 	at java.base/java.util.concurrent.CompletableFuture.uniWhenComplete(Unknown Source)
2025-01-29 13:43:50,013 INFO c.h.h.t.HelmChartContainer - [hivemq-test-hivemq-platform] [hivemq-platform-operator] [a756ca37] 	at java.base/java.util.concurrent.CompletableFuture$UniWhenComplete.tryFire(Unknown Source)
2025-01-29 13:43:50,013 INFO c.h.h.t.HelmChartContainer - [hivemq-test-hivemq-platform] [hivemq-platform-operator] [a756ca37] 	at java.base/java.util.concurrent.CompletableFuture.postComplete(Unknown Source)
2025-01-29 13:43:50,013 INFO c.h.h.t.HelmChartContainer - [hivemq-test-hivemq-platform] [hivemq-platform-operator] [a756ca37] 	at java.base/java.util.concurrent.CompletableFuture.complete(Unknown Source)
2025-01-29 13:43:50,013 INFO c.h.h.t.HelmChartContainer - [hivemq-test-hivemq-platform] [hivemq-platform-operator] [a756ca37] 	at io.fabric8.kubernetes.client.http.ByteArrayBodyHandler.onBodyDone(ByteArrayBodyHandler.java:51)
2025-01-29 13:43:50,013 INFO c.h.h.t.HelmChartContainer - [hivemq-test-hivemq-platform] [hivemq-platform-operator] [a756ca37] 	at java.base/java.util.concurrent.CompletableFuture.uniWhenComplete(Unknown Source)
2025-01-29 13:43:50,013 INFO c.h.h.t.HelmChartContainer - [hivemq-test-hivemq-platform] [hivemq-platform-operator] [a756ca37] 	at java.base/java.util.concurrent.CompletableFuture$UniWhenComplete.tryFire(Unknown Source)
2025-01-29 13:43:50,013 INFO c.h.h.t.HelmChartContainer - [hivemq-test-hivemq-platform] [hivemq-platform-operator] [a756ca37] 	at java.base/java.util.concurrent.CompletableFuture.postComplete(Unknown Source)
2025-01-29 13:43:50,013 INFO c.h.h.t.HelmChartContainer - [hivemq-test-hivemq-platform] [hivemq-platform-operator] [a756ca37] 	at java.base/java.util.concurrent.CompletableFuture.complete(Unknown Source)
2025-01-29 13:43:50,013 INFO c.h.h.t.HelmChartContainer - [hivemq-test-hivemq-platform] [hivemq-platform-operator] [a756ca37] 	at io.fabric8.kubernetes.client.vertx.VertxHttpRequest.lambda$null$1(VertxHttpRequest.java:121)
2025-01-29 13:43:50,013 INFO c.h.h.t.HelmChartContainer - [hivemq-test-hivemq-platform] [hivemq-platform-operator] [a756ca37] 	at io.vertx.core.impl.ContextInternal.dispatch(ContextInternal.java:279)
2025-01-29 13:43:50,013 INFO c.h.h.t.HelmChartContainer - [hivemq-test-hivemq-platform] [hivemq-platform-operator] [a756ca37] 	at io.vertx.core.impl.ContextInternal.dispatch(ContextInternal.java:261)
2025-01-29 13:43:50,013 INFO c.h.h.t.HelmChartContainer - [hivemq-test-hivemq-platform] [hivemq-platform-operator] [a756ca37] 	at io.vertx.core.http.impl.HttpEventHandler.handleEnd(HttpEventHandler.java:76)
2025-01-29 13:43:50,014 INFO c.h.h.t.HelmChartContainer - [hivemq-test-hivemq-platform] [hivemq-platform-operator] [a756ca37] 	at io.vertx.core.http.impl.HttpClientResponseImpl.handleEnd(HttpClientResponseImpl.java:250)
2025-01-29 13:43:50,014 INFO c.h.h.t.HelmChartContainer - [hivemq-test-hivemq-platform] [hivemq-platform-operator] [a756ca37] 	at io.vertx.core.http.impl.Http1xClientConnection$StreamImpl.lambda$new$0(Http1xClientConnection.java:421)
2025-01-29 13:43:50,014 INFO c.h.h.t.HelmChartContainer - [hivemq-test-hivemq-platform] [hivemq-platform-operator] [a756ca37] 	at io.vertx.core.streams.impl.InboundBuffer.handleEvent(InboundBuffer.java:279)
2025-01-29 13:43:50,014 INFO c.h.h.t.HelmChartContainer - [hivemq-test-hivemq-platform] [hivemq-platform-operator] [a756ca37] 	at io.vertx.core.streams.impl.InboundBuffer.write(InboundBuffer.java:157)
2025-01-29 13:43:50,014 INFO c.h.h.t.HelmChartContainer - [hivemq-test-hivemq-platform] [hivemq-platform-operator] [a756ca37] 	at io.vertx.core.http.impl.Http1xClientConnection$StreamImpl.handleEnd(Http1xClientConnection.java:709)
2025-01-29 13:43:50,014 INFO c.h.h.t.HelmChartContainer - [hivemq-test-hivemq-platform] [hivemq-platform-operator] [a756ca37] 	at io.vertx.core.impl.ContextImpl.lambda$execute$4(ContextImpl.java:315)
2025-01-29 13:43:50,014 INFO c.h.h.t.HelmChartContainer - [hivemq-test-hivemq-platform] [hivemq-platform-operator] [a756ca37] 	at io.netty.util.concurrent.AbstractEventExecutor.runTask(AbstractEventExecutor.java:173)
2025-01-29 13:43:50,014 INFO c.h.h.t.HelmChartContainer - [hivemq-test-hivemq-platform] [hivemq-platform-operator] [a756ca37] 	at io.netty.util.concurrent.AbstractEventExecutor.safeExecute(AbstractEventExecutor.java:166)
2025-01-29 13:43:50,014 INFO c.h.h.t.HelmChartContainer - [hivemq-test-hivemq-platform] [hivemq-platform-operator] [a756ca37] 	at io.netty.util.concurrent.SingleThreadEventExecutor.runAllTasks(SingleThreadEventExecutor.java:472)
2025-01-29 13:43:50,014 INFO c.h.h.t.HelmChartContainer - [hivemq-test-hivemq-platform] [hivemq-platform-operator] [a756ca37] 	at io.netty.channel.nio.NioEventLoop.run(NioEventLoop.java:569)
2025-01-29 13:43:50,014 INFO c.h.h.t.HelmChartContainer - [hivemq-test-hivemq-platform] [hivemq-platform-operator] [a756ca37] 	at io.netty.util.concurrent.SingleThreadEventExecutor$4.run(SingleThreadEventExecutor.java:997)
2025-01-29 13:43:50,014 INFO c.h.h.t.HelmChartContainer - [hivemq-test-hivemq-platform] [hivemq-platform-operator] [a756ca37] 	at io.netty.util.internal.ThreadExecutorMap$2.run(ThreadExecutorMap.java:74)
2025-01-29 13:43:50,014 INFO c.h.h.t.HelmChartContainer - [hivemq-test-hivemq-platform] [hivemq-platform-operator] [a756ca37] 	at io.netty.util.concurrent.FastThreadLocalRunnable.run(FastThreadLocalRunnable.java:30)
2025-01-29 13:43:50,014 INFO c.h.h.t.HelmChartContainer - [hivemq-test-hivemq-platform] [hivemq-platform-operator] [a756ca37] 	... 1 common frames omitted
2025-01-29 13:43:50,021 INFO c.h.h.t.HelmChartContainer - [hivemq-test-hivemq-platform] [hivemq-platform-operator] [a756ca37] 13:43:50.020 [ReconcilerExecutor-hivemq-controller-133] INFO  c.h.p.o.HiveMQPlatformReconciler - [helmupgr] Cleanup test-hivemq-platform - helmupgradeplatformit HiveMQ Platform is shut down
2025-01-29 13:43:50,495 INFO c.h.h.t.HelmChartContainer - [POD] test-hivemq-platform-0 [32a9674d-61d0-4339-8167-cabdab0a1642] in helmupgradeplatformit was MODIFIED
2025-01-29 13:43:50,510 INFO c.h.h.t.HelmChartContainer - [EVENT] Normal [Killing] Stopping container hivemq [helmupgradeplatformit:test-hivemq-platform-0]
2025-01-29 13:43:50,510 INFO c.h.h.t.HelmChartContainer - Received Killing event for container hivemq in pod test-hivemq-platform-0 [32a9674d-61d0-4339-8167-cabdab0a1642]
2025-01-29 13:43:50,510 INFO c.h.h.t.HelmChartContainer - Container [test-hivemq-platform-0] [hivemq] [32a9674d-61d0-4339-8167-cabdab0a1642] was terminated
2025-01-29 13:43:50,510 INFO c.h.h.t.HelmChartContainer - Stopped log watcher for hivemq in pod test-hivemq-platform-0 [32a9674d-61d0-4339-8167-cabdab0a1642]
2025-01-29 13:43:50,511 INFO c.h.h.t.HelmChartContainer - [test-hivemq-platform] [hivemq] [32a9674d] INFO  - [HiveMQ Platform Operator Init App 1.7.0-SNAPSHOT] Shutting down
2025-01-29 13:43:50,511 INFO c.h.h.t.HelmChartContainer - [test-hivemq-platform] [hivemq] [32a9674d] INFO  - [HiveMQ Platform Operator Init App 1.7.0-SNAPSHOT] Stopping the HiveMQ Platform
2025-01-29 13:43:50,521 INFO c.h.h.t.HelmChartContainer - [POD] test-hivemq-platform-1 [c66c6460-b87f-4cc4-ae40-b1e56d811c6f] in helmupgradeplatformit was MODIFIED
2025-01-29 13:43:50,533 INFO c.h.h.t.HelmChartContainer - [EVENT] Normal [Killing] Stopping container hivemq [helmupgradeplatformit:test-hivemq-platform-1]
2025-01-29 13:43:50,533 INFO c.h.h.t.HelmChartContainer - Received Killing event for container hivemq in pod test-hivemq-platform-1 [c66c6460-b87f-4cc4-ae40-b1e56d811c6f]
2025-01-29 13:43:50,533 INFO c.h.h.t.HelmChartContainer - Container [test-hivemq-platform-1] [hivemq] [c66c6460-b87f-4cc4-ae40-b1e56d811c6f] was terminated
2025-01-29 13:43:50,533 INFO c.h.h.t.HelmChartContainer - Stopped log watcher for hivemq in pod test-hivemq-platform-1 [c66c6460-b87f-4cc4-ae40-b1e56d811c6f]
2025-01-29 13:43:50,550 INFO c.h.h.t.HelmChartContainer - [test-hivemq-platform] [hivemq] [c66c6460] INFO  - [HiveMQ Platform Operator Init App 1.7.0-SNAPSHOT] Shutting down
2025-01-29 13:43:50,551 INFO c.h.h.t.HelmChartContainer - [test-hivemq-platform] [hivemq] [c66c6460] INFO  - [HiveMQ Platform Operator Init App 1.7.0-SNAPSHOT] Stopping the HiveMQ Platform
2025-01-29 13:43:50,649 INFO c.h.h.t.HelmChartContainer - [test-hivemq-platform] [hivemq] [c66c6460] INFO  - Shutting down HiveMQ. Please wait, this could take a while...
2025-01-29 13:43:50,692 INFO c.h.h.t.HelmChartContainer - [test-hivemq-platform] [hivemq] [32a9674d] INFO  - Shutting down HiveMQ. Please wait, this could take a while...
2025-01-29 13:43:50,697 INFO c.h.h.t.HelmChartContainer - [test-hivemq-platform] [hivemq] [32a9674d] INFO  - Shutting down listeners and clients
2025-01-29 13:43:50,698 INFO c.h.h.t.HelmChartContainer - [test-hivemq-platform] [hivemq] [32a9674d] INFO  - Shutdown of listeners is done
2025-01-29 13:43:50,699 INFO c.h.h.t.HelmChartContainer - [test-hivemq-platform] [hivemq] [32a9674d] INFO  - No clients are connected, proceeding with shutdown
2025-01-29 13:43:50,734 INFO c.h.h.t.HelmChartContainer - [test-hivemq-platform] [hivemq] [c66c6460] INFO  - Shutting down listeners and clients
2025-01-29 13:43:50,735 INFO c.h.h.t.HelmChartContainer - [test-hivemq-platform] [hivemq] [c66c6460] INFO  - Shutdown of listeners is done
2025-01-29 13:43:50,735 INFO c.h.h.t.HelmChartContainer - [test-hivemq-platform] [hivemq] [c66c6460] INFO  - No clients are connected, proceeding with shutdown
2025-01-29 13:43:51,808 INFO c.h.h.t.HelmChartContainer - Deleting namespace 'helmupgradeplatformit'...
2025-01-29 13:43:54,093 INFO c.h.h.t.HelmChartContainer - [test-hivemq-platform] [hivemq] [32a9674d] INFO  - Shutting down extension system
2025-01-29 13:43:54,096 INFO c.h.h.t.HelmChartContainer - [test-hivemq-platform] [hivemq] [32a9674d] INFO  - Stopping extension with id hivemq-dns-cluster-discovery
2025-01-29 13:43:54,096 INFO c.h.h.t.HelmChartContainer - [test-hivemq-platform] [hivemq] [32a9674d] INFO  - Extension "DNS Cluster Discovery Extension" version 4.3.2 stopped successfully.
2025-01-29 13:43:54,097 INFO c.h.h.t.HelmChartContainer - [test-hivemq-platform] [hivemq] [32a9674d] INFO  - Stopping extension with id hivemq-prometheus-extension
2025-01-29 13:43:54,102 INFO c.h.h.t.HelmChartContainer - [test-hivemq-platform] [hivemq] [32a9674d] INFO  - Extension "Prometheus Monitoring Extension" version 4.0.12 stopped successfully.
2025-01-29 13:43:54,103 INFO c.h.h.t.HelmChartContainer - [test-hivemq-platform] [hivemq] [32a9674d] INFO  - Stopping extension with id hivemq-allow-all-extension
2025-01-29 13:43:54,103 INFO c.h.h.t.HelmChartContainer - [test-hivemq-platform] [hivemq] [32a9674d] INFO  - Extension "Allow All Extension" version 1.1.1 stopped successfully.
2025-01-29 13:43:54,110 INFO c.h.h.t.HelmChartContainer - [test-hivemq-platform] [hivemq] [c66c6460] INFO  - Cluster nodes found by discovery: [O028c|2] (1) [O028c].
2025-01-29 13:43:54,114 INFO c.h.h.t.HelmChartContainer - [test-hivemq-platform] [hivemq] [c66c6460] INFO  - Cluster size = 1, members : [O028c].
2025-01-29 13:43:54,205 INFO c.h.h.t.HelmChartContainer - [test-hivemq-platform] [hivemq] [32a9674d] INFO  - [HiveMQ Platform Operator Init App 1.7.0-SNAPSHOT] Returning shutdown Health API response 503 for readiness
2025-01-29 13:43:54,209 INFO c.h.h.t.HelmChartContainer - [EVENT] Warning [Unhealthy] Readiness probe failed: HTTP probe failed with statuscode: 503 [helmupgradeplatformit:test-hivemq-platform-0]
2025-01-29 13:43:54,209 INFO c.h.h.t.HelmChartContainer - Received Unhealthy event for container hivemq in pod test-hivemq-platform-0 [32a9674d-61d0-4339-8167-cabdab0a1642]
2025-01-29 13:43:54,247 INFO c.h.h.t.HelmChartContainer - [test-hivemq-platform] [hivemq] [c66c6460] INFO  - [HiveMQ Platform Operator Init App 1.7.0-SNAPSHOT] Returning shutdown Health API response 503 for readiness
2025-01-29 13:43:54,251 INFO c.h.h.t.HelmChartContainer - [EVENT] Warning [Unhealthy] Readiness probe failed: HTTP probe failed with statuscode: 503 [helmupgradeplatformit:test-hivemq-platform-1]
2025-01-29 13:43:54,251 INFO c.h.h.t.HelmChartContainer - Received Unhealthy event for container hivemq in pod test-hivemq-platform-1 [c66c6460-b87f-4cc4-ae40-b1e56d811c6f]
2025-01-29 13:43:54,406 INFO c.h.h.t.HelmChartContainer - [test-hivemq-platform] [hivemq] [c66c6460] INFO  - Shutting down extension system
2025-01-29 13:43:54,410 INFO c.h.h.t.HelmChartContainer - [test-hivemq-platform] [hivemq] [c66c6460] INFO  - Stopping extension with id hivemq-dns-cluster-discovery
2025-01-29 13:43:54,411 INFO c.h.h.t.HelmChartContainer - [test-hivemq-platform] [hivemq] [c66c6460] INFO  - Extension "DNS Cluster Discovery Extension" version 4.3.2 stopped successfully.
2025-01-29 13:43:54,411 INFO c.h.h.t.HelmChartContainer - [test-hivemq-platform] [hivemq] [c66c6460] INFO  - Stopping extension with id hivemq-prometheus-extension
2025-01-29 13:43:54,415 INFO c.h.h.t.HelmChartContainer - [test-hivemq-platform] [hivemq] [c66c6460] INFO  - Extension "Prometheus Monitoring Extension" version 4.0.12 stopped successfully.
2025-01-29 13:43:54,415 INFO c.h.h.t.HelmChartContainer - [test-hivemq-platform] [hivemq] [c66c6460] INFO  - Stopping extension with id hivemq-allow-all-extension
2025-01-29 13:43:54,415 INFO c.h.h.t.HelmChartContainer - [test-hivemq-platform] [hivemq] [c66c6460] INFO  - Extension "Allow All Extension" version 1.1.1 stopped successfully.
2025-01-29 13:43:54,776 INFO c.h.h.t.HelmChartContainer - [test-hivemq-platform] [hivemq] [c66c6460] WARN  - [HiveMQ Platform Operator Init App 1.7.0-SNAPSHOT] Could not update Pod annotations: Failure executing: GET at: https://10.43.0.1:443/api/v1/namespaces/helmupgradeplatformit/pods/test-hivemq-platform-1. Message: pods "test-hivemq-platform-1" is forbidden: User "system:serviceaccount:helmupgradeplatformit:hivemq-platform-pod-test-hivemq-platform" cannot get resource "pods" in API group "" in the namespace "helmupgradeplatformit". Received status: Status(apiVersion=v1, code=403, details=StatusDetails(causes=[], group=null, kind=pods, name=test-hivemq-platform-1, retryAfterSeconds=null, uid=null, additionalProperties={}), kind=Status, message=pods "test-hivemq-platform-1" is forbidden: User "system:serviceaccount:helmupgradeplatformit:hivemq-platform-pod-test-hivemq-platform" cannot get resource "pods" in API group "" in the namespace "helmupgradeplatformit", metadata=ListMeta(_continue=null, remainingItemCount=null, resourceVersion=null, selfLink=null, additionalProperties={}), reason=Forbidden, status=Failure, additionalProperties={}).
2025-01-29 13:43:54,802 INFO c.h.h.t.HelmChartContainer - [K3S] [authentication.go:74] "Unable to authenticate the request" err="[invalid bearer token, serviceaccounts \"hivemq-platform-pod-test-hivemq-platform\" not found]"
2025-01-29 13:43:54,822 INFO c.h.h.t.HelmChartContainer - [K3S] [authentication.go:74] "Unable to authenticate the request" err="[invalid bearer token, serviceaccounts \"hivemq-platform-pod-test-hivemq-platform\" not found]"
2025-01-29 13:43:54,824 INFO c.h.h.t.HelmChartContainer - [test-hivemq-platform] [hivemq] [32a9674d] WARN  - [HiveMQ Platform Operator Init App 1.7.0-SNAPSHOT] Could not update Pod annotations: Failure executing: GET at: https://10.43.0.1:443/api/v1/namespaces/helmupgradeplatformit/pods/test-hivemq-platform-0. Message: Unauthorized. Received status: Status(apiVersion=v1, code=401, details=null, kind=Status, message=Unauthorized, metadata=ListMeta(_continue=null, remainingItemCount=null, resourceVersion=null, selfLink=null, additionalProperties={}), reason=Unauthorized, status=Failure, additionalProperties={}).
2025-01-29 13:43:56,466 INFO c.h.h.t.HelmChartContainer - [test-hivemq-platform] [hivemq] [32a9674d] INFO  - Shutdown completed.
2025-01-29 13:43:56,732 INFO c.h.h.t.HelmChartContainer - [test-hivemq-platform] [hivemq] [c66c6460] INFO  - Shutdown completed.
2025-01-29 13:43:56,814 INFO c.h.h.t.HelmChartContainer - [test-hivemq-platform] [hivemq] [32a9674d] INFO  - [HiveMQ Platform Operator Init App 1.7.0-SNAPSHOT] The HiveMQ Platform exited with code 143
2025-01-29 13:43:56,814 INFO c.h.h.t.HelmChartContainer - [test-hivemq-platform] [hivemq] [32a9674d] INFO  - [HiveMQ Platform Operator Init App 1.7.0-SNAPSHOT] Stopping the REST API
2025-01-29 13:43:56,823 INFO c.h.h.t.HelmChartContainer - [test-hivemq-platform] [hivemq] [32a9674d] INFO  - [HiveMQ Platform Operator Init App 1.7.0-SNAPSHOT] Shutdown complete
2025-01-29 13:43:56,969 INFO c.h.h.t.HelmChartContainer - [K3S] [stateful_set.go:466] "StatefulSet has been deleted" key="helmupgradeplatformit/test-hivemq-platform"
2025-01-29 13:43:57,080 INFO c.h.h.t.HelmChartContainer - [test-hivemq-platform] [hivemq] [c66c6460] INFO  - [HiveMQ Platform Operator Init App 1.7.0-SNAPSHOT] The HiveMQ Platform exited with code 143
2025-01-29 13:43:57,080 INFO c.h.h.t.HelmChartContainer - [test-hivemq-platform] [hivemq] [c66c6460] INFO  - [HiveMQ Platform Operator Init App 1.7.0-SNAPSHOT] Stopping the REST API
2025-01-29 13:43:57,086 INFO c.h.h.t.HelmChartContainer - [test-hivemq-platform] [hivemq] [c66c6460] INFO  - [HiveMQ Platform Operator Init App 1.7.0-SNAPSHOT] Shutdown complete
2025-01-29 13:43:57,386 INFO c.h.h.t.HelmChartContainer - [POD] test-hivemq-platform-0 [32a9674d-61d0-4339-8167-cabdab0a1642] in helmupgradeplatformit was MODIFIED
2025-01-29 13:43:57,468 INFO c.h.h.t.HelmChartContainer - [K3S] [reconciler_common.go:162] "operationExecutor.UnmountVolume started for volume \"pod-info\" (UniqueName: \"kubernetes.io/configmap/32a9674d-61d0-4339-8167-cabdab0a1642-pod-info\") pod \"32a9674d-61d0-4339-8167-cabdab0a1642\" (UID: \"32a9674d-61d0-4339-8167-cabdab0a1642\") "
2025-01-29 13:43:57,468 INFO c.h.h.t.HelmChartContainer - [K3S] [reconciler_common.go:162] "operationExecutor.UnmountVolume started for volume \"broker-configuration\" (UniqueName: \"kubernetes.io/configmap/32a9674d-61d0-4339-8167-cabdab0a1642-broker-configuration\") pod \"32a9674d-61d0-4339-8167-cabdab0a1642\" (UID: \"32a9674d-61d0-4339-8167-cabdab0a1642\") "
2025-01-29 13:43:57,468 INFO c.h.h.t.HelmChartContainer - [K3S] [reconciler_common.go:162] "operationExecutor.UnmountVolume started for volume \"kube-api-access-z8lbx\" (UniqueName: \"kubernetes.io/projected/32a9674d-61d0-4339-8167-cabdab0a1642-kube-api-access-z8lbx\") pod \"32a9674d-61d0-4339-8167-cabdab0a1642\" (UID: \"32a9674d-61d0-4339-8167-cabdab0a1642\") "
2025-01-29 13:43:57,468 INFO c.h.h.t.HelmChartContainer - [K3S] [reconciler_common.go:162] "operationExecutor.UnmountVolume started for volume \"operator-init\" (UniqueName: \"kubernetes.io/empty-dir/32a9674d-61d0-4339-8167-cabdab0a1642-operator-init\") pod \"32a9674d-61d0-4339-8167-cabdab0a1642\" (UID: \"32a9674d-61d0-4339-8167-cabdab0a1642\") "
2025-01-29 13:43:57,543 INFO c.h.h.t.HelmChartContainer - [POD] test-hivemq-platform-1 [c66c6460-b87f-4cc4-ae40-b1e56d811c6f] in helmupgradeplatformit was MODIFIED
2025-01-29 13:43:57,568 INFO c.h.h.t.HelmChartContainer - [K3S] [reconciler_common.go:299] "Volume detached for volume \"broker-configuration\" (UniqueName: \"kubernetes.io/configmap/32a9674d-61d0-4339-8167-cabdab0a1642-broker-configuration\") on node \"f2fb91bd7664\" DevicePath \"\""
2025-01-29 13:43:57,568 INFO c.h.h.t.HelmChartContainer - [K3S] [reconciler_common.go:299] "Volume detached for volume \"pod-info\" (UniqueName: \"kubernetes.io/configmap/32a9674d-61d0-4339-8167-cabdab0a1642-pod-info\") on node \"f2fb91bd7664\" DevicePath \"\""
2025-01-29 13:43:57,568 INFO c.h.h.t.HelmChartContainer - [K3S] [reconciler_common.go:299] "Volume detached for volume \"kube-api-access-z8lbx\" (UniqueName: \"kubernetes.io/projected/32a9674d-61d0-4339-8167-cabdab0a1642-kube-api-access-z8lbx\") on node \"f2fb91bd7664\" DevicePath \"\""
2025-01-29 13:43:57,568 INFO c.h.h.t.HelmChartContainer - [K3S] [reconciler_common.go:299] "Volume detached for volume \"operator-init\" (UniqueName: \"kubernetes.io/empty-dir/32a9674d-61d0-4339-8167-cabdab0a1642-operator-init\") on node \"f2fb91bd7664\" DevicePath \"\""
2025-01-29 13:43:57,668 INFO c.h.h.t.HelmChartContainer - [K3S] [reconciler_common.go:162] "operationExecutor.UnmountVolume started for volume \"pod-info\" (UniqueName: \"kubernetes.io/configmap/c66c6460-b87f-4cc4-ae40-b1e56d811c6f-pod-info\") pod \"c66c6460-b87f-4cc4-ae40-b1e56d811c6f\" (UID: \"c66c6460-b87f-4cc4-ae40-b1e56d811c6f\") "
2025-01-29 13:43:57,668 INFO c.h.h.t.HelmChartContainer - [K3S] [reconciler_common.go:162] "operationExecutor.UnmountVolume started for volume \"broker-configuration\" (UniqueName: \"kubernetes.io/configmap/c66c6460-b87f-4cc4-ae40-b1e56d811c6f-broker-configuration\") pod \"c66c6460-b87f-4cc4-ae40-b1e56d811c6f\" (UID: \"c66c6460-b87f-4cc4-ae40-b1e56d811c6f\") "
2025-01-29 13:43:57,668 INFO c.h.h.t.HelmChartContainer - [K3S] [reconciler_common.go:162] "operationExecutor.UnmountVolume started for volume \"operator-init\" (UniqueName: \"kubernetes.io/empty-dir/c66c6460-b87f-4cc4-ae40-b1e56d811c6f-operator-init\") pod \"c66c6460-b87f-4cc4-ae40-b1e56d811c6f\" (UID: \"c66c6460-b87f-4cc4-ae40-b1e56d811c6f\") "
2025-01-29 13:43:57,669 INFO c.h.h.t.HelmChartContainer - [K3S] [reconciler_common.go:162] "operationExecutor.UnmountVolume started for volume \"kube-api-access-w6kxj\" (UniqueName: \"kubernetes.io/projected/c66c6460-b87f-4cc4-ae40-b1e56d811c6f-kube-api-access-w6kxj\") pod \"c66c6460-b87f-4cc4-ae40-b1e56d811c6f\" (UID: \"c66c6460-b87f-4cc4-ae40-b1e56d811c6f\") "
2025-01-29 13:43:57,769 INFO c.h.h.t.HelmChartContainer - [K3S] [reconciler_common.go:299] "Volume detached for volume \"pod-info\" (UniqueName: \"kubernetes.io/configmap/c66c6460-b87f-4cc4-ae40-b1e56d811c6f-pod-info\") on node \"f2fb91bd7664\" DevicePath \"\""
2025-01-29 13:43:57,769 INFO c.h.h.t.HelmChartContainer - [K3S] [reconciler_common.go:299] "Volume detached for volume \"broker-configuration\" (UniqueName: \"kubernetes.io/configmap/c66c6460-b87f-4cc4-ae40-b1e56d811c6f-broker-configuration\") on node \"f2fb91bd7664\" DevicePath \"\""
2025-01-29 13:43:57,769 INFO c.h.h.t.HelmChartContainer - [K3S] [reconciler_common.go:299] "Volume detached for volume \"operator-init\" (UniqueName: \"kubernetes.io/empty-dir/c66c6460-b87f-4cc4-ae40-b1e56d811c6f-operator-init\") on node \"f2fb91bd7664\" DevicePath \"\""
2025-01-29 13:43:57,769 INFO c.h.h.t.HelmChartContainer - [K3S] [reconciler_common.go:299] "Volume detached for volume \"kube-api-access-w6kxj\" (UniqueName: \"kubernetes.io/projected/c66c6460-b87f-4cc4-ae40-b1e56d811c6f-kube-api-access-w6kxj\") on node \"f2fb91bd7664\" DevicePath \"\""
2025-01-29 13:43:57,793 INFO c.h.h.t.HelmChartContainer - [K3S] [scope.go:117] "RemoveContainer" containerID="bd9a8706059e30f5feb030a3aef7d8cbaaf123ce99fbdb753d80b21b5a5ebf74"
2025-01-29 13:43:57,811 INFO c.h.h.t.HelmChartContainer - [POD] test-hivemq-platform-0 [32a9674d-61d0-4339-8167-cabdab0a1642] in helmupgradeplatformit was MODIFIED
2025-01-29 13:43:57,817 INFO c.h.h.t.HelmChartContainer - [POD] test-hivemq-platform-0 [32a9674d-61d0-4339-8167-cabdab0a1642] in helmupgradeplatformit was DELETED
2025-01-29 13:43:57,830 INFO c.h.h.t.HelmChartContainer - [POD] test-hivemq-platform-1 [c66c6460-b87f-4cc4-ae40-b1e56d811c6f] in helmupgradeplatformit was MODIFIED
2025-01-29 13:43:57,835 INFO c.h.h.t.HelmChartContainer - [POD] test-hivemq-platform-1 [c66c6460-b87f-4cc4-ae40-b1e56d811c6f] in helmupgradeplatformit was DELETED
2025-01-29 13:43:57,905 INFO c.h.h.t.HelmChartContainer - [K3S] [scope.go:117] "RemoveContainer" containerID="0f13083a76725448ab143982f0097edb5f3cd6c8397018699944b8cbc55fabb7"
2025-01-29 13:43:57,908 INFO c.h.h.t.HelmChartContainer - [K3S] [scope.go:117] "RemoveContainer" containerID="bd9a8706059e30f5feb030a3aef7d8cbaaf123ce99fbdb753d80b21b5a5ebf74"
2025-01-29 13:43:57,909 INFO c.h.h.t.HelmChartContainer - [K3S] [scope.go:117] "RemoveContainer" containerID="0f13083a76725448ab143982f0097edb5f3cd6c8397018699944b8cbc55fabb7"
2025-01-29 13:43:57,910 INFO c.h.h.t.HelmChartContainer - [K3S] [scope.go:117] "RemoveContainer" containerID="68242b1d0531c8709f60b68f10f26a189ce0bbf396f387e10fa2b32686fc6e9e"
2025-01-29 13:43:58,002 INFO c.h.h.t.HelmChartContainer - [K3S] [scope.go:117] "RemoveContainer" containerID="721a91fb3bfb2ed3fe1476a07bde6b43cd85844a4e87f3350e2c866723b746b1"
2025-01-29 13:43:58,004 INFO c.h.h.t.HelmChartContainer - [K3S] [scope.go:117] "RemoveContainer" containerID="68242b1d0531c8709f60b68f10f26a189ce0bbf396f387e10fa2b32686fc6e9e"
2025-01-29 13:43:58,005 INFO c.h.h.t.HelmChartContainer - [K3S] [scope.go:117] "RemoveContainer" containerID="721a91fb3bfb2ed3fe1476a07bde6b43cd85844a4e87f3350e2c866723b746b1"
2025-01-29 13:43:59,175 INFO c.h.h.t.HelmChartContainer - [K3S] [kubelet_volumes.go:163] "Cleaned up orphaned pod volumes dir" podUID="32a9674d-61d0-4339-8167-cabdab0a1642" path="/var/lib/kubelet/pods/32a9674d-61d0-4339-8167-cabdab0a1642/volumes"
2025-01-29 13:43:59,176 INFO c.h.h.t.HelmChartContainer - [K3S] [kubelet_volumes.go:163] "Cleaned up orphaned pod volumes dir" podUID="c66c6460-b87f-4cc4-ae40-b1e56d811c6f" path="/var/lib/kubelet/pods/c66c6460-b87f-4cc4-ae40-b1e56d811c6f/volumes"
2025-01-29 13:44:02,139 INFO c.h.h.t.HelmChartContainer - Namespace 'helmupgradeplatformit' deleted
2025-01-29 13:44:02,139 INFO c.h.h.t.HelmChartContainer - Release 'test-hivemq-platform' in namespace 'helmupgradeplatformit' is uninstalled
2025-01-29 13:44:02,139 INFO c.h.h.t.HelmChartContainer - Uninstalling release 'test-hivemq-platform-operator' in namespace 'helmupgradeplatformit-operator'...
2025-01-29 13:44:02,139 DEBUG c.h.h.t.HelmChartContainer - Executing helm command: /bin/helm --kubeconfig /etc/rancher/k3s/k3s.yaml uninstall test-hivemq-platform-operator  --wait --timeout 5m0s --cascade foreground --namespace helmupgradeplatformit-operator
2025-01-29 13:44:02,298 INFO c.h.h.t.HelmChartContainer - [K3S] [replica_set.go:679] "Finished syncing" kind="ReplicaSet" key="helmupgradeplatformit-operator/hivemq-test-hivemq-platform-operator-6966f96d65" duration="11.798402ms"
2025-01-29 13:44:02,298 INFO c.h.h.t.HelmChartContainer - [K3S] [replica_set.go:679] "Finished syncing" kind="ReplicaSet" key="helmupgradeplatformit-operator/hivemq-test-hivemq-platform-operator-6966f96d65" duration="41.699µs"
2025-01-29 13:44:02,310 INFO c.h.h.t.HelmChartContainer - [POD] hivemq-test-hivemq-platform-operator-6966f96d65-s7wsv [a756ca37-b56d-4984-910b-85a7bfada72b] in helmupgradeplatformit-operator was MODIFIED
2025-01-29 13:44:02,326 INFO c.h.h.t.HelmChartContainer - [hivemq-test-hivemq-platform] [hivemq-platform-operator] [a756ca37] 13:44:02.324 [application-shutdown-thread] INFO  c.h.p.o.HiveMQPlatformOperatorApplication - HiveMQ Platform Operator is stopping...
2025-01-29 13:44:02,327 INFO c.h.h.t.HelmChartContainer - [hivemq-test-hivemq-platform] [hivemq-platform-operator] [a756ca37] 13:44:02.324 [application-shutdown-thread] INFO  i.javaoperatorsdk.operator.Operator - Operator SDK 4.9.7 is shutting down...
2025-01-29 13:44:02,327 INFO c.h.h.t.HelmChartContainer - [EVENT] Normal [Killing] Stopping container hivemq-platform-operator [helmupgradeplatformit-operator:hivemq-test-hivemq-platform-operator-6966f96d65-s7wsv]
2025-01-29 13:44:02,327 INFO c.h.h.t.HelmChartContainer - Received Killing event for container hivemq-platform-operator in pod hivemq-test-hivemq-platform-operator-6966f96d65-s7wsv [a756ca37-b56d-4984-910b-85a7bfada72b]
2025-01-29 13:44:02,327 INFO c.h.h.t.HelmChartContainer - Container [hivemq-test-hivemq-platform-operator-6966f96d65-s7wsv] [hivemq-platform-operator] [a756ca37-b56d-4984-910b-85a7bfada72b] was terminated
2025-01-29 13:44:02,327 INFO c.h.h.t.HelmChartContainer - Stopped log watcher for hivemq-platform-operator in pod hivemq-test-hivemq-platform-operator-6966f96d65-s7wsv [a756ca37-b56d-4984-910b-85a7bfada72b]
2025-01-29 13:44:02,330 INFO c.h.h.t.HelmChartContainer - [K3S] [replica_set.go:679] "Finished syncing" kind="ReplicaSet" key="helmupgradeplatformit-operator/hivemq-test-hivemq-platform-operator-6966f96d65" duration="19.524895ms"
2025-01-29 13:44:02,330 INFO c.h.h.t.HelmChartContainer - [K3S] [replica_set.go:679] "Finished syncing" kind="ReplicaSet" key="helmupgradeplatformit-operator/hivemq-test-hivemq-platform-operator-6966f96d65" duration="44.213µs"
2025-01-29 13:44:02,590 INFO c.h.h.t.HelmChartContainer - [EVENT] Warning [Unhealthy] Readiness probe failed: Get "http://10.42.0.9:8080/health/readiness": dial tcp 10.42.0.9:8080: connect: connection refused [helmupgradeplatformit-operator:hivemq-test-hivemq-platform-operator-6966f96d65-s7wsv]
2025-01-29 13:44:02,590 INFO c.h.h.t.HelmChartContainer - Received Unhealthy event for container hivemq-platform-operator in pod hivemq-test-hivemq-platform-operator-6966f96d65-s7wsv [a756ca37-b56d-4984-910b-85a7bfada72b]
2025-01-29 13:44:02,851 INFO c.h.h.t.HelmChartContainer - [K3S] [replica_set.go:679] "Finished syncing" kind="ReplicaSet" key="helmupgradeplatformit-operator/hivemq-test-hivemq-platform-operator-6966f96d65" duration="45.976µs"
2025-01-29 13:44:02,852 INFO c.h.h.t.HelmChartContainer - [POD] hivemq-test-hivemq-platform-operator-6966f96d65-s7wsv [a756ca37-b56d-4984-910b-85a7bfada72b] in helmupgradeplatformit-operator was MODIFIED
2025-01-29 13:44:02,999 INFO c.h.h.t.HelmChartContainer - [K3S] [reconciler_common.go:162] "operationExecutor.UnmountVolume started for volume \"kube-api-access-ks5pn\" (UniqueName: \"kubernetes.io/projected/a756ca37-b56d-4984-910b-85a7bfada72b-kube-api-access-ks5pn\") pod \"a756ca37-b56d-4984-910b-85a7bfada72b\" (UID: \"a756ca37-b56d-4984-910b-85a7bfada72b\") "
2025-01-29 13:44:03,100 INFO c.h.h.t.HelmChartContainer - [K3S] [reconciler_common.go:299] "Volume detached for volume \"kube-api-access-ks5pn\" (UniqueName: \"kubernetes.io/projected/a756ca37-b56d-4984-910b-85a7bfada72b-kube-api-access-ks5pn\") on node \"f2fb91bd7664\" DevicePath \"\""
2025-01-29 13:44:03,809 INFO c.h.h.t.HelmChartContainer - [K3S] [scope.go:117] "RemoveContainer" containerID="264e8ed72be03ed9191090b92984c8164c94c66f7437ffecbc9d20e0895684b4"
2025-01-29 13:44:03,818 INFO c.h.h.t.HelmChartContainer - [K3S] [replica_set.go:679] "Finished syncing" kind="ReplicaSet" key="helmupgradeplatformit-operator/hivemq-test-hivemq-platform-operator-6966f96d65" duration="53.079µs"
2025-01-29 13:44:03,819 INFO c.h.h.t.HelmChartContainer - [POD] hivemq-test-hivemq-platform-operator-6966f96d65-s7wsv [a756ca37-b56d-4984-910b-85a7bfada72b] in helmupgradeplatformit-operator was MODIFIED
2025-01-29 13:44:03,821 INFO c.h.h.t.HelmChartContainer - [K3S] [replica_set.go:679] "Finished syncing" kind="ReplicaSet" key="helmupgradeplatformit-operator/hivemq-test-hivemq-platform-operator-6966f96d65" duration="56.857µs"
2025-01-29 13:44:03,821 INFO c.h.h.t.HelmChartContainer - [POD] hivemq-test-hivemq-platform-operator-6966f96d65-s7wsv [a756ca37-b56d-4984-910b-85a7bfada72b] in helmupgradeplatformit-operator was DELETED
2025-01-29 13:44:03,832 INFO c.h.h.t.HelmChartContainer - [K3S] [replica_set.go:679] "Finished syncing" kind="ReplicaSet" key="helmupgradeplatformit-operator/hivemq-test-hivemq-platform-operator-6966f96d65" duration="6.192µs"
2025-01-29 13:44:04,339 INFO c.h.h.t.HelmChartContainer - Deleting namespace 'helmupgradeplatformit-operator'...
2025-01-29 13:44:05,174 INFO c.h.h.t.HelmChartContainer - [K3S] [kubelet_volumes.go:163] "Cleaned up orphaned pod volumes dir" podUID="a756ca37-b56d-4984-910b-85a7bfada72b" path="/var/lib/kubelet/pods/a756ca37-b56d-4984-910b-85a7bfada72b/volumes"
2025-01-29 13:44:07,076 INFO c.h.h.t.HelmChartContainer - [K3S] [namespace_controller.go:187] "Namespace has been deleted" namespace="helmupgradeplatformit"
2025-01-29 13:44:09,557 INFO c.h.h.t.HelmChartContainer - Namespace 'helmupgradeplatformit-operator' deleted
2025-01-29 13:44:09,557 INFO c.h.h.t.HelmChartContainer - Release 'test-hivemq-platform-operator' in namespace 'helmupgradeplatformit-operator' is uninstalled
2025-01-29 13:44:10,370 INFO c.h.helmcharts.AbstractHelmChartIT - Removed unused containers:

2025-01-29 13:44:14,461 INFO c.h.h.t.HelmChartContainer - [K3S] [namespace_controller.go:187] "Namespace has been deleted" namespace="helmupgradeplatformit-operator"
2025-01-29 13:44:18,212 INFO c.h.helmcharts.AbstractHelmChartIT - Removed unused snapshots:
Removing snapshot sha256:03af251906410714c5aef9fa705b63f6bbc39c4a5e787de7361eeb18886c2ed2
Removing snapshot sha256:0c46b3b43cce082ce5ec34ffc6c294e0417d17b9d1e6f366d114b6aadc4f96dc
Removing snapshot sha256:0ce761beee59082d6ed5bcebd3a805b8ddd9b3426b617e4809e7fb7c6587ffec
Removing snapshot sha256:0df91287303208332c8ff6ba40ae4710105201739addbfbddfb955f1ad593664
Removing snapshot sha256:1021ef88c7974bfff89c5a0ec4fd3160daac6c48a075f74cff721f85dd104e68
Removing snapshot sha256:10aba4953ddc18145dd38e3704709bc464aa20af60b56fe52caaff4b68411e62
Removing snapshot sha256:2573e0d8158209ed54ab25c87bcdcb00bd3d2539246960a3d592a1c599d70465
Removing snapshot sha256:362a8a37f8bbc31925a8146adcf7cf51f9882f5c1dcbef67c5baa03a297543c0
Removing snapshot sha256:3fa4ad33f0ddc8fd45b39b6b4640f82a3a83619606cd975bfe89d8710ad2d4cd
Removing snapshot sha256:43a7c979bbaba6838bc3102d6b10a1459f3ab050b87ccdfef84ef90cf43d3058
Removing snapshot sha256:4ab04491cdf0d3267f08206fe30bd48f49f94b9cab2f016d6739220f722a64af
Removing snapshot sha256:4b6068250e89c96f263060261819c7d912855bfbd64b3eb4c4a8483299b8c295
Removing snapshot sha256:580e69a0a8034ede1921139bbd2bfb72a69ebf276d008281896c32dd8bf74775
Removing snapshot sha256:5d30ba46b27fe37484567ccc5242cadc78217b8da605f3f195ef25cbf7487904
Removing snapshot sha256:63ca1fbb43ae5034640e5e6cb3e083e05c290072c5366fcaa9d62435a4cced85
Removing snapshot sha256:67f702c6baae873bceb19487c8b1f27bd2b86077e4f2f0e480e6d60ab508b8f5
Removing snapshot sha256:6864348dd42806d552efdec384f1274be15e2d0c10ce44c1f04347af004c10a9
Removing snapshot sha256:6c7dee8f2c39b84b7dc2711c01d33de93514d9055499173e9290176fbe484b6c
Removing snapshot sha256:82753493a6d61ded36556292f02f31841a14c20d2f279f19eaad65afb661d5cd
Removing snapshot sha256:8a10d3db42c505ee0fcfa98417bdd7e39b304f6bcc0a06bb1b220797ff2cc63c
Removing snapshot sha256:a0904247e36a7726c03c71ee48f3e64462021c88dafeb13f37fdaf613b27f11c
Removing snapshot sha256:a21e5b12dbac529ad45d976eb9ce45c881f3bedcc500fb30aba1e52aa1813418
Removing snapshot sha256:b921e6c28969094157f9b8e7244677780319637afd14450b7cb6b2fdea558a0c
Removing snapshot sha256:bc27ecb5769a00e309cf99ebc763c4a4b958b618d1decc96ffac5bc05f02f5b7
Removing snapshot sha256:be2613388c3205bc2c73d69981de6c41773a8db904c54e3730dd7783a3ef700d
Removing snapshot sha256:be3ccb6627a5332e309d45ef461d09b4879dd870c7394d89323d0ebc6ca6aa8a
Removing snapshot sha256:c261f7cbbc64211ee175ee47273acdb7b1a36a4450b397a064a8f2c026490095
Removing snapshot sha256:c34d9393647eea0c9e3557ab988efaf59f61d10a2a5613b439ef0958cca5ec10
Removing snapshot sha256:ccf3c4a0fa967a41c1c83497a2ce6fa5787965859df0adb32c4ca2cf7490bc2b
Removing snapshot sha256:cf92d33f869417309692088c341cd0f223c178ea78a125f757317b22aa8f90e9
Removing snapshot sha256:d0037344cf2fb078884f1849f6a1f8cf9a33a3b6139b6a85833e5ee528e1f9a8
Removing snapshot sha256:d3b36d5b79273b1e98e7700470eaeff05a882e777124d84cebcc1505b85ecb36
Removing snapshot sha256:d65a44a37914602d12c611e5e22a50f11451d847e63015cc1c2aef92dee777a4
Removing snapshot sha256:df4d738ca14767cfd2ac0f9b33f42153f46fd0fa880e9e1cdff465c79cb72938
Removing snapshot sha256:e2dc0bae2455930f23ae570e019b7f32edc75c0f2d71cab084db837ff9051796
Removing snapshot sha256:eccbd24a99c60cd9e86ee5305dbfc4a4dc89f5ab4fb1f06c8d64797cecedef34
Removing snapshot sha256:f144bb4c7c7f0d2aa7eeffd36d934ec40db1ee167be727e326aad9fdc616f475

]]></system-out>
  </testcase>
  <system-out><![CDATA[2025-01-29 13:41:39,030 INFO c.h.h.t.HelmChartContainerExtension - Using cached HelmChartContainer instance
]]></system-out>
  <system-err><![CDATA[]]></system-err>
</testsuite>
