<?xml version="1.0" encoding="UTF-8"?>
<testsuite name="com.hivemq.helmcharts.extensions.HelmCustomExtensionWithHttpBasicAuthIT" tests="1" skipped="0" failures="0" errors="0" timestamp="2025-05-03T02:22:48" hostname="fv-az1676-912" time="98.392">
  <properties/>
  <testcase name="platformChart_whenCustomExtensionIsConfigured_withHttpBasicAuth_thenStartsUpSuccessfully()" classname="com.hivemq.helmcharts.extensions.HelmCustomExtensionWithHttpBasicAuthIT" time="98.392"/>
</testsuite>
