<?xml version="1.0" encoding="UTF-8"?>
<testsuite name="com.hivemq.helmcharts.platform.UpdateLogLevelIT" tests="2" skipped="0" failures="0" errors="0" timestamp="2025-01-28T20:46:46" hostname="fv-az1695-76" time="296.019">
  <properties/>
  <testcase name="1 withNamespaces: true" classname="com.hivemq.helmcharts.platform.UpdateLogLevelIT" time="153.094">
    <system-out><![CDATA[2025-01-28 20:46:46,420 INFO c.h.h.t.HelmChartContainer - Creating namespace 'updateloglevelit-operator'...
2025-01-28 20:46:46,427 INFO c.h.h.t.HelmChartContainer - Namespace 'updateloglevelit-operator' created
2025-01-28 20:46:46,427 INFO c.h.h.t.HelmChartContainer - Creating namespace 'updateloglevelit'...
2025-01-28 20:46:46,526 INFO c.h.h.t.HelmChartContainer - Namespace 'updateloglevelit' created
2025-01-28 20:46:46,607 DEBUG c.h.h.t.HelmChartContainer - Executing helm command: /bin/helm --kubeconfig /etc/rancher/k3s/k3s.yaml install test-hivemq-platform-operator /charts/hivemq-platform-operator --wait --timeout 5m0s --set image.repository=docker.io/hivemq --set image.name=hivemq-platform-operator-test --set image.initImageName=hivemq-platform-operator-init-test --set image.tag=snapshot --set image.pullPolicy=Never --set logLevel=DEBUG --set resources.cpu=512m --set namespaces=updateloglevelit --namespace updateloglevelit-operator
2025-01-28 20:46:46,933 INFO c.h.h.t.HelmChartContainer - [K3S] [alloc.go:330] "allocated clusterIPs" service="updateloglevelit-operator/hivemq-platform-operator-test-hivemq-platform-operator" clusterIPs={"IPv4":"10.43.48.31"}
2025-01-28 20:46:46,946 INFO c.h.h.t.HelmChartContainer - [EVENT] Normal [ScalingReplicaSet] Scaled up replica set hivemq-test-hivemq-platform-operator-7764645b48 from 0 to 1 [updateloglevelit-operator:hivemq-test-hivemq-platform-operator]
2025-01-28 20:46:46,951 INFO c.h.h.t.HelmChartContainer - [POD] hivemq-test-hivemq-platform-operator-7764645b48-wbbwh [475da9a2-1d24-405e-9b30-48edcea3ec8f] in updateloglevelit-operator was ADDED
2025-01-28 20:46:46,954 INFO c.h.h.t.HelmChartContainer - [POD] hivemq-test-hivemq-platform-operator-7764645b48-wbbwh [475da9a2-1d24-405e-9b30-48edcea3ec8f] in updateloglevelit-operator was MODIFIED
2025-01-28 20:46:46,955 INFO c.h.h.t.HelmChartContainer - [K3S] [memory_manager.go:355] "RemoveStaleState removing state" podUID="30ded5b6-cab4-46e8-a497-4a60a03effd5" containerName="hivemq-platform-operator"
2025-01-28 20:46:46,955 INFO c.h.h.t.HelmChartContainer - [K3S] [memory_manager.go:355] "RemoveStaleState removing state" podUID="ad3590cb-3c39-4d4a-beeb-c41ddf277087" containerName="hivemq"
2025-01-28 20:46:46,956 INFO c.h.h.t.HelmChartContainer - [EVENT] Normal [SuccessfulCreate] Created pod: hivemq-test-hivemq-platform-operator-7764645b48-wbbwh [updateloglevelit-operator:hivemq-test-hivemq-platform-operator-7764645b48]
2025-01-28 20:46:46,960 INFO c.h.h.t.HelmChartContainer - [K3S] [replica_set.go:679] "Finished syncing" kind="ReplicaSet" key="updateloglevelit-operator/hivemq-test-hivemq-platform-operator-7764645b48" duration="16.882584ms"
2025-01-28 20:46:46,960 INFO c.h.h.t.HelmChartContainer - [EVENT] Normal [Scheduled] Successfully assigned updateloglevelit-operator/hivemq-test-hivemq-platform-operator-7764645b48-wbbwh to e242dccaa35f [updateloglevelit-operator:hivemq-test-hivemq-platform-operator-7764645b48-wbbwh]
2025-01-28 20:46:46,974 INFO c.h.h.t.HelmChartContainer - [K3S] [replica_set.go:679] "Finished syncing" kind="ReplicaSet" key="updateloglevelit-operator/hivemq-test-hivemq-platform-operator-7764645b48" duration="14.518917ms"
2025-01-28 20:46:46,975 INFO c.h.h.t.HelmChartContainer - [POD] hivemq-test-hivemq-platform-operator-7764645b48-wbbwh [475da9a2-1d24-405e-9b30-48edcea3ec8f] in updateloglevelit-operator was MODIFIED
2025-01-28 20:46:46,986 INFO c.h.h.t.HelmChartContainer - [K3S] [replica_set.go:679] "Finished syncing" kind="ReplicaSet" key="updateloglevelit-operator/hivemq-test-hivemq-platform-operator-7764645b48" duration="12.042478ms"
2025-01-28 20:46:46,987 INFO c.h.h.t.HelmChartContainer - [K3S] [replica_set.go:679] "Finished syncing" kind="ReplicaSet" key="updateloglevelit-operator/hivemq-test-hivemq-platform-operator-7764645b48" duration="35.636µs"
2025-01-28 20:46:47,021 INFO c.h.h.t.HelmChartContainer - [K3S] [reconciler_common.go:251] "operationExecutor.VerifyControllerAttachedVolume started for volume \"kube-api-access-kxhsl\" (UniqueName: \"kubernetes.io/projected/475da9a2-1d24-405e-9b30-48edcea3ec8f-kube-api-access-kxhsl\") pod \"hivemq-test-hivemq-platform-operator-7764645b48-wbbwh\" (UID: \"475da9a2-1d24-405e-9b30-48edcea3ec8f\") " pod="updateloglevelit-operator/hivemq-test-hivemq-platform-operator-7764645b48-wbbwh"
2025-01-28 20:46:47,346 INFO c.h.h.t.HelmChartContainer - [EVENT] Normal [Pulled] Container image "docker.io/hivemq/hivemq-platform-operator-test:snapshot" already present on machine [updateloglevelit-operator:hivemq-test-hivemq-platform-operator-7764645b48-wbbwh]
2025-01-28 20:46:47,346 INFO c.h.h.t.HelmChartContainer - Received Pulled event for container hivemq-platform-operator in pod hivemq-test-hivemq-platform-operator-7764645b48-wbbwh [475da9a2-1d24-405e-9b30-48edcea3ec8f]
2025-01-28 20:46:48,565 INFO c.h.h.t.HelmChartContainer - [EVENT] Normal [Created] Created container: hivemq-platform-operator [updateloglevelit-operator:hivemq-test-hivemq-platform-operator-7764645b48-wbbwh]
2025-01-28 20:46:48,565 INFO c.h.h.t.HelmChartContainer - Received Created event for container hivemq-platform-operator in pod hivemq-test-hivemq-platform-operator-7764645b48-wbbwh [475da9a2-1d24-405e-9b30-48edcea3ec8f]
2025-01-28 20:46:49,019 INFO c.h.h.t.HelmChartContainer - [POD] hivemq-test-hivemq-platform-operator-7764645b48-wbbwh [475da9a2-1d24-405e-9b30-48edcea3ec8f] in updateloglevelit-operator was MODIFIED
2025-01-28 20:46:49,019 INFO c.h.h.t.HelmChartContainer - [K3S] [replica_set.go:679] "Finished syncing" kind="ReplicaSet" key="updateloglevelit-operator/hivemq-test-hivemq-platform-operator-7764645b48" duration="47.228µs"
2025-01-28 20:46:49,026 INFO c.h.h.t.HelmChartContainer - Started log watcher for hivemq-platform-operator in pod hivemq-test-hivemq-platform-operator-7764645b48-wbbwh [475da9a2-1d24-405e-9b30-48edcea3ec8f]
2025-01-28 20:46:49,026 INFO c.h.h.t.HelmChartContainer - [EVENT] Normal [Started] Started container hivemq-platform-operator [updateloglevelit-operator:hivemq-test-hivemq-platform-operator-7764645b48-wbbwh]
2025-01-28 20:46:49,026 INFO c.h.h.t.HelmChartContainer - Received Started event for container hivemq-platform-operator in pod hivemq-test-hivemq-platform-operator-7764645b48-wbbwh [475da9a2-1d24-405e-9b30-48edcea3ec8f]
2025-01-28 20:46:49,028 INFO c.h.h.t.HelmChartContainer - [hivemq-test-hivemq-platform] [hivemq-platform-operator] [475da9a2] -------------------------------------------------------------------------
2025-01-28 20:46:49,028 INFO c.h.h.t.HelmChartContainer - [hivemq-test-hivemq-platform] [hivemq-platform-operator] [475da9a2] 
2025-01-28 20:46:49,028 INFO c.h.h.t.HelmChartContainer - [hivemq-test-hivemq-platform] [hivemq-platform-operator] [475da9a2]                   _    _  _              __  __   ____
2025-01-28 20:46:49,028 INFO c.h.h.t.HelmChartContainer - [hivemq-test-hivemq-platform] [hivemq-platform-operator] [475da9a2]                  | |  | |(_)            |  \/  | / __ \
2025-01-28 20:46:49,028 INFO c.h.h.t.HelmChartContainer - [hivemq-test-hivemq-platform] [hivemq-platform-operator] [475da9a2]                  | |__| | _ __   __ ___ | \  / || |  | |
2025-01-28 20:46:49,028 INFO c.h.h.t.HelmChartContainer - [hivemq-test-hivemq-platform] [hivemq-platform-operator] [475da9a2]                  |  __  || |\ \ / // _ \| |\/| || |  | |
2025-01-28 20:46:49,028 INFO c.h.h.t.HelmChartContainer - [hivemq-test-hivemq-platform] [hivemq-platform-operator] [475da9a2]                  | |  | || | \ V /|  __/| |  | || |__| |
2025-01-28 20:46:49,028 INFO c.h.h.t.HelmChartContainer - [hivemq-test-hivemq-platform] [hivemq-platform-operator] [475da9a2]                  |_|  |_||_|  \_/  \___||_|  |_| \___\_\
2025-01-28 20:46:49,028 INFO c.h.h.t.HelmChartContainer - [hivemq-test-hivemq-platform] [hivemq-platform-operator] [475da9a2] 
2025-01-28 20:46:49,028 INFO c.h.h.t.HelmChartContainer - [hivemq-test-hivemq-platform] [hivemq-platform-operator] [475da9a2] -------------------------------------------------------------------------
2025-01-28 20:46:49,028 INFO c.h.h.t.HelmChartContainer - [hivemq-test-hivemq-platform] [hivemq-platform-operator] [475da9a2] 
2025-01-28 20:46:49,028 INFO c.h.h.t.HelmChartContainer - [hivemq-test-hivemq-platform] [hivemq-platform-operator] [475da9a2]   HiveMQ Platform Operator Start Script v1.0
2025-01-28 20:46:49,028 INFO c.h.h.t.HelmChartContainer - [hivemq-test-hivemq-platform] [hivemq-platform-operator] [475da9a2] 
2025-01-28 20:46:49,028 INFO c.h.h.t.HelmChartContainer - [hivemq-test-hivemq-platform] [hivemq-platform-operator] [475da9a2] -------------------------------------------------------------------------
2025-01-28 20:46:49,028 INFO c.h.h.t.HelmChartContainer - [hivemq-test-hivemq-platform] [hivemq-platform-operator] [475da9a2] 
2025-01-28 20:46:49,028 INFO c.h.h.t.HelmChartContainer - [hivemq-test-hivemq-platform] [hivemq-platform-operator] [475da9a2]   JAVA_OPTS: -XX:+UnlockExperimentalVMOptions -XX:InitialRAMPercentage=75 -XX:MaxRAMPercentage=75 -Duser.language=en -Duser.region=US
2025-01-28 20:46:49,028 INFO c.h.h.t.HelmChartContainer - [hivemq-test-hivemq-platform] [hivemq-platform-operator] [475da9a2] 
2025-01-28 20:46:49,028 INFO c.h.h.t.HelmChartContainer - [hivemq-test-hivemq-platform] [hivemq-platform-operator] [475da9a2]   JAVA_VERSION: 21
2025-01-28 20:46:49,028 INFO c.h.h.t.HelmChartContainer - [hivemq-test-hivemq-platform] [hivemq-platform-operator] [475da9a2] 
2025-01-28 20:46:49,028 INFO c.h.h.t.HelmChartContainer - [hivemq-test-hivemq-platform] [hivemq-platform-operator] [475da9a2] -------------------------------------------------------------------------
2025-01-28 20:46:49,028 INFO c.h.h.t.HelmChartContainer - [hivemq-test-hivemq-platform] [hivemq-platform-operator] [475da9a2] 
2025-01-28 20:46:51,873 INFO c.h.h.t.HelmChartContainer - [hivemq-test-hivemq-platform] [hivemq-platform-operator] [475da9a2] 20:46:51.870 [main] DEBUG org.jboss.logging - Logging Provider: org.jboss.logging.Slf4jLoggerProvider
2025-01-28 20:46:51,972 INFO c.h.h.t.HelmChartContainer - [hivemq-test-hivemq-platform] [hivemq-platform-operator] [475da9a2] 20:46:51.971 [main] DEBUG io.smallrye.config - SRCFG01006: Loaded ConfigSource SysPropConfigSource with ordinal 400
2025-01-28 20:46:51,973 INFO c.h.h.t.HelmChartContainer - [hivemq-test-hivemq-platform] [hivemq-platform-operator] [475da9a2] 20:46:51.972 [main] DEBUG io.smallrye.config - SRCFG01006: Loaded ConfigSource EnvConfigSource with ordinal 300
2025-01-28 20:46:51,973 INFO c.h.h.t.HelmChartContainer - [hivemq-test-hivemq-platform] [hivemq-platform-operator] [475da9a2] 20:46:51.972 [main] DEBUG io.smallrye.config - SRCFG01006: Loaded ConfigSource PropertiesConfigSource[source=jar:file:///opt/hivemq-platform-operator/bin/hivemq-platform-operator.jar!/hivemq-platform-operator.properties] with ordinal 100
2025-01-28 20:46:51,973 INFO c.h.h.t.HelmChartContainer - [hivemq-test-hivemq-platform] [hivemq-platform-operator] [475da9a2] 20:46:51.972 [main] DEBUG io.smallrye.config - SRCFG01006: Loaded ConfigSource DefaultValuesConfigSource with ordinal -2147483648
2025-01-28 20:46:52,073 INFO c.h.h.t.HelmChartContainer - [hivemq-test-hivemq-platform] [hivemq-platform-operator] [475da9a2] 20:46:52.073 [main] DEBUG i.m.c.u.i.l.InternalLoggerFactory - Using SLF4J as the default logging framework
2025-01-28 20:46:52,209 INFO c.h.h.t.HelmChartContainer - [hivemq-test-hivemq-platform] [hivemq-platform-operator] [475da9a2] 20:46:52.173 [main] INFO  c.h.p.o.HiveMQPlatformOperatorApplication - HiveMQ Platform Operator 1.7.0-SNAPSHOT (commit: bebf408 on branch: HEAD) built on Sun Jan 26 20:47:47 UTC 2025
2025-01-28 20:46:52,209 INFO c.h.h.t.HelmChartContainer - [hivemq-test-hivemq-platform] [hivemq-platform-operator] [475da9a2] 20:46:52.207 [main] INFO  c.h.p.o.HiveMQPlatformOperatorApplication - HiveMQ Platform Operator is running in namespace: updateloglevelit-operator
2025-01-28 20:46:52,209 INFO c.h.h.t.HelmChartContainer - [hivemq-test-hivemq-platform] [hivemq-platform-operator] [475da9a2] 20:46:52.207 [main] INFO  c.h.p.o.HiveMQPlatformOperatorApplication - Watching namespaces: updateloglevelit
2025-01-28 20:46:52,209 INFO c.h.h.t.HelmChartContainer - [hivemq-test-hivemq-platform] [hivemq-platform-operator] [475da9a2] 20:46:52.207 [main] INFO  c.h.p.o.HiveMQPlatformOperatorApplication - Log level: DEBUG
2025-01-28 20:46:52,209 INFO c.h.h.t.HelmChartContainer - [hivemq-test-hivemq-platform] [hivemq-platform-operator] [475da9a2] 20:46:52.207 [main] INFO  c.h.p.o.HiveMQPlatformOperatorApplication - Release name: test-hivemq-platform-operator
2025-01-28 20:46:52,209 INFO c.h.h.t.HelmChartContainer - [hivemq-test-hivemq-platform] [hivemq-platform-operator] [475da9a2] 20:46:52.207 [main] INFO  c.h.p.o.HiveMQPlatformOperatorApplication - HiveMQ Platform Operator Init image: docker.io/hivemq/hivemq-platform-operator-init-test:snapshot
2025-01-28 20:46:52,209 INFO c.h.h.t.HelmChartContainer - [hivemq-test-hivemq-platform] [hivemq-platform-operator] [475da9a2] 20:46:52.207 [main] INFO  c.h.p.o.HiveMQPlatformOperatorApplication - HiveMQ Platform Operator Init App update URL: http://hivemq-platform-operator-test-hivemq-platform-operator.updateloglevelit-operator.svc:8080/initAppUpdate/hivemq-platform-operator-init-app-1.7.0-SNAPSHOT.jar
2025-01-28 20:46:52,209 INFO c.h.h.t.HelmChartContainer - [hivemq-test-hivemq-platform] [hivemq-platform-operator] [475da9a2] 20:46:52.207 [main] INFO  c.h.p.o.HiveMQPlatformOperatorApplication - Additional imagePullSecret for all Platform deployments: none
2025-01-28 20:46:52,209 INFO c.h.h.t.HelmChartContainer - [hivemq-test-hivemq-platform] [hivemq-platform-operator] [475da9a2] 20:46:52.207 [main] INFO  c.h.p.o.HiveMQPlatformOperatorApplication - Apply HiveMQ Platform CRD: true
2025-01-28 20:46:52,210 INFO c.h.h.t.HelmChartContainer - [hivemq-test-hivemq-platform] [hivemq-platform-operator] [475da9a2] 20:46:52.207 [main] INFO  c.h.p.o.HiveMQPlatformOperatorApplication - Create Platform ServiceAccount: true
2025-01-28 20:46:52,210 INFO c.h.h.t.HelmChartContainer - [hivemq-test-hivemq-platform] [hivemq-platform-operator] [475da9a2] 20:46:52.207 [main] INFO  c.h.p.o.HiveMQPlatformOperatorApplication - Create Platform ServiceAccount permissions: true
2025-01-28 20:46:52,210 INFO c.h.h.t.HelmChartContainer - [hivemq-test-hivemq-platform] [hivemq-platform-operator] [475da9a2] 20:46:52.207 [main] INFO  c.h.p.o.HiveMQPlatformOperatorApplication - Validate Platform ServiceAccount: true
2025-01-28 20:46:52,210 INFO c.h.h.t.HelmChartContainer - [hivemq-test-hivemq-platform] [hivemq-platform-operator] [475da9a2] 20:46:52.207 [main] INFO  c.h.p.o.HiveMQPlatformOperatorApplication - Validate Platform ServiceAccount permissions: true
2025-01-28 20:46:52,373 INFO c.h.h.t.HelmChartContainer - [hivemq-test-hivemq-platform] [hivemq-platform-operator] [475da9a2] 20:46:52.372 [main] INFO  c.h.platform.operator.util.CRDUtil - Verifying deployed HiveMQ Platform CRD...
2025-01-28 20:46:54,807 INFO c.h.h.t.HelmChartContainer - [hivemq-test-hivemq-platform] [hivemq-platform-operator] [475da9a2] 20:46:54.806 [main] DEBUG c.h.platform.operator.util.CRDUtil - HiveMQ Platform CRD version v1 is up to date
2025-01-28 20:46:54,807 INFO c.h.h.t.HelmChartContainer - [hivemq-test-hivemq-platform] [hivemq-platform-operator] [475da9a2] 20:46:54.806 [main] INFO  c.h.platform.operator.util.CRDUtil - HiveMQ Platform CRD is up to date (version: V1_6_0)
2025-01-28 20:46:54,807 INFO c.h.h.t.HelmChartContainer - [hivemq-test-hivemq-platform] [hivemq-platform-operator] [475da9a2] 20:46:54.806 [main] INFO  c.h.platform.operator.util.CRDUtil - Waiting 10000 ms for HiveMQ Platform CRD 'hivemq-platforms.hivemq.com' to become ready...
2025-01-28 20:46:55,076 INFO c.h.h.t.HelmChartContainer - [hivemq-test-hivemq-platform] [hivemq-platform-operator] [475da9a2] 20:46:55.076 [vert.x-eventloop-thread-1] DEBUG c.h.platform.operator.util.CRDUtil - Checking CRD condition 'NamesAccepted' (status: 'True')
2025-01-28 20:46:55,077 INFO c.h.h.t.HelmChartContainer - [hivemq-test-hivemq-platform] [hivemq-platform-operator] [475da9a2] 20:46:55.076 [vert.x-eventloop-thread-1] DEBUG c.h.platform.operator.util.CRDUtil - Checking CRD condition 'Established' (status: 'True')
2025-01-28 20:46:55,077 INFO c.h.h.t.HelmChartContainer - [hivemq-test-hivemq-platform] [hivemq-platform-operator] [475da9a2] 20:46:55.077 [main] INFO  c.h.platform.operator.util.CRDUtil - HiveMQ Platform CRD 'hivemq-platforms.hivemq.com' is ready
2025-01-28 20:46:55,277 INFO c.h.h.t.HelmChartContainer - [hivemq-test-hivemq-platform] [hivemq-platform-operator] [475da9a2] 20:46:55.276 [main] INFO  c.h.p.o.HiveMQPlatformReconciler - HiveMQ Platform Operator is starting...
2025-01-28 20:46:55,408 INFO c.h.h.t.HelmChartContainer - [hivemq-test-hivemq-platform] [hivemq-platform-operator] [475da9a2] 20:46:55.407 [main] WARN  Default ConfigurationService implementation - Configuration for reconciler 'hivemq-controller' was not found. Known reconcilers: None.
2025-01-28 20:46:55,416 INFO c.h.h.t.HelmChartContainer - [hivemq-test-hivemq-platform] [hivemq-platform-operator] [475da9a2] 20:46:55.415 [main] INFO  Default ConfigurationService implementation - Created configuration for reconciler com.hivemq.platform.operator.HiveMQPlatformReconciler with name hivemq-controller
2025-01-28 20:46:55,574 INFO c.h.h.t.HelmChartContainer - [hivemq-test-hivemq-platform] [hivemq-platform-operator] [475da9a2] 20:46:55.573 [main] DEBUG c.h.p.o.HiveMQPlatformReconciler - HiveMQ Platform Operator is preparing EventSources
2025-01-28 20:46:55,617 INFO c.h.h.t.HelmChartContainer - [hivemq-test-hivemq-platform] [hivemq-platform-operator] [475da9a2] 20:46:55.616 [main] INFO  i.javaoperatorsdk.operator.Operator - Registered reconciler: 'hivemq-controller' for resource: 'class com.hivemq.platform.operator.v1.HiveMQPlatform' for namespace(s): [updateloglevelit]
2025-01-28 20:46:56,274 INFO c.h.h.t.HelmChartContainer - [hivemq-test-hivemq-platform] [hivemq-platform-operator] [475da9a2] 20:46:56.272 [main] INFO  c.h.p.operator.webserver.JettyServer - Starting Jetty server on port 8080
2025-01-28 20:46:56,320 INFO c.h.h.t.HelmChartContainer - [hivemq-test-hivemq-platform] [hivemq-platform-operator] [475da9a2] 20:46:56.319 [main] INFO  i.javaoperatorsdk.operator.Operator - Operator SDK 4.9.7 (commit: 2133d28) built on Wed Nov 20 12:56:20 UTC 2024 starting...
2025-01-28 20:46:56,320 INFO c.h.h.t.HelmChartContainer - [hivemq-test-hivemq-platform] [hivemq-platform-operator] [475da9a2] 20:46:56.319 [main] INFO  i.javaoperatorsdk.operator.Operator - Client version: 6.13.4
2025-01-28 20:46:56,371 INFO c.h.h.t.HelmChartContainer - [hivemq-test-hivemq-platform] [hivemq-platform-operator] [475da9a2] 20:46:56.370 [Controller Starter for: hivemq-controller] INFO  i.j.operator.processing.Controller - Starting 'hivemq-controller' controller for reconciler: com.hivemq.platform.operator.HiveMQPlatformReconciler, resource: com.hivemq.platform.operator.v1.HiveMQPlatform
2025-01-28 20:46:58,473 INFO c.h.h.t.HelmChartContainer - [hivemq-test-hivemq-platform] [hivemq-platform-operator] [475da9a2] 20:46:58.472 [Controller Starter for: hivemq-controller] INFO  i.j.operator.processing.Controller - 'hivemq-controller' controller started
2025-01-28 20:46:58,473 INFO c.h.h.t.HelmChartContainer - [hivemq-test-hivemq-platform] [hivemq-platform-operator] [475da9a2] 20:46:58.472 [main] INFO  c.h.p.o.HiveMQPlatformOperatorApplication - HiveMQ Platform Operator 1.7.0-SNAPSHOT started in 6299 ms
2025-01-28 20:47:00,021 INFO c.h.h.t.HelmChartContainer - [POD] hivemq-test-hivemq-platform-operator-7764645b48-wbbwh [475da9a2-1d24-405e-9b30-48edcea3ec8f] in updateloglevelit-operator was MODIFIED
2025-01-28 20:47:00,027 INFO c.h.h.t.HelmChartContainer - [K3S] [replica_set.go:679] "Finished syncing" kind="ReplicaSet" key="updateloglevelit-operator/hivemq-test-hivemq-platform-operator-7764645b48" duration="6.2056ms"
2025-01-28 20:47:00,027 INFO c.h.h.t.HelmChartContainer - [K3S] [replica_set.go:679] "Finished syncing" kind="ReplicaSet" key="updateloglevelit-operator/hivemq-test-hivemq-platform-operator-7764645b48" duration="31.359µs"
2025-01-28 20:47:00,998 INFO com.hivemq.helmcharts.util.K8sUtil - Pod 'hivemq-test-hivemq-platform-operator-7764645b48-wbbwh' is ready
2025-01-28 20:47:01,059 DEBUG c.h.h.t.HelmChartContainer - Executing helm command: /bin/helm --kubeconfig /etc/rancher/k3s/k3s.yaml install test-hivemq-platform /charts/hivemq-platform --wait --timeout 5m0s --set image.repository=docker.io/hivemq --set image.tag=4.36.0 --set image.pullPolicy=Never --set nodes.resources.cpu=512m -f /files/platform-values.yaml --namespace updateloglevelit
2025-01-28 20:47:02,407 INFO c.h.h.t.HelmChartContainer - [hivemq-test-hivemq-platform] [hivemq-platform-operator] [475da9a2] 20:47:02.387 [pool-6-thread-3] DEBUG c.h.p.o.dependants.PodInfoConfigMap - [updatelo] Desired PodInfo ConfigMap (1 extensions) (1 enabled)
2025-01-28 20:47:02,408 INFO c.h.h.t.HelmChartContainer - [hivemq-test-hivemq-platform] [hivemq-platform-operator] [475da9a2] 20:47:02.406 [pool-6-thread-3] DEBUG c.h.p.o.dependants.PodInfoConfigMap - [updatelo] Desired PodInfo ConfigMap (metrics port: 9399) (metrics path: /)
2025-01-28 20:47:02,408 INFO c.h.h.t.HelmChartContainer - [hivemq-test-hivemq-platform] [hivemq-platform-operator] [475da9a2] 20:47:02.406 [pool-6-thread-3] DEBUG c.h.p.o.dependants.PodInfoConfigMap - [updatelo] Desired PodInfo ConfigMap (extension state hash: -1817474005)
2025-01-28 20:47:02,409 INFO c.h.h.t.HelmChartContainer - [hivemq-test-hivemq-platform] [hivemq-platform-operator] [475da9a2] 20:47:02.408 [pool-6-thread-3] DEBUG c.h.p.o.dependants.PodInfoConfigMap - [updatelo] Create PodInfo ConfigMap
2025-01-28 20:47:02,511 INFO c.h.h.t.HelmChartContainer - [hivemq-test-hivemq-platform] [hivemq-platform-operator] [475da9a2] 20:47:02.510 [pool-6-thread-5] DEBUG c.h.p.o.dependants.PodRoleResource - [updatelo] Create Role: Role(apiVersion=rbac.authorization.k8s.io/v1, kind=Role, metadata=ObjectMeta(annotations={meta.helm.sh/release-name=test-hivemq-platform, meta.helm.sh/release-namespace=updateloglevelit}, creationTimestamp=null, deletionGracePeriodSeconds=null, deletionTimestamp=null, finalizers=[], generateName=null, generation=null, labels={helm.sh/chart=hivemq-platform-0.2.32, app.kubernetes.io/managed-by=Helm, app.kubernetes.io/name=hivemq-platform, hivemq-platform=test-hivemq-platform, app.kubernetes.io/instance=test-hivemq-platform, app.kubernetes.io/version=4.36.0}, managedFields=[], name=hivemq-platform-role-test-hivemq-platform, namespace=updateloglevelit, ownerReferences=[OwnerReference(apiVersion=hivemq.com/v1, blockOwnerDeletion=null, controller=null, kind=HiveMQPlatform, name=test-hivemq-platform, uid=064d2e1d-c302-496c-a525-379ca89f78cd, additionalProperties={})], resourceVersion=null, selfLink=null, uid=null, additionalProperties={}), rules=[PolicyRule(apiGroups=[], nonResourceURLs=[], resourceNames=[], resources=[pods], verbs=[get, patch, update], additionalProperties={})], additionalProperties={})
2025-01-28 20:47:02,677 INFO c.h.h.t.HelmChartContainer - [hivemq-test-hivemq-platform] [hivemq-platform-operator] [475da9a2] 20:47:02.674 [pool-6-thread-7] DEBUG c.h.p.o.d.PodServiceAccountResource - [updatelo] Desired PodServiceAccountResource (serviceAccountName: hivemq-platform-pod-test-hivemq-platform)
2025-01-28 20:47:02,678 INFO c.h.h.t.HelmChartContainer - [hivemq-test-hivemq-platform] [hivemq-platform-operator] [475da9a2] 20:47:02.675 [pool-6-thread-7] DEBUG c.h.p.o.d.PodServiceAccountResource - [updatelo] Create ServiceAccount 'hivemq-platform-pod-test-hivemq-platform'
2025-01-28 20:47:02,780 INFO c.h.h.t.HelmChartContainer - [hivemq-test-hivemq-platform] [hivemq-platform-operator] [475da9a2] 20:47:02.779 [pool-6-thread-9] DEBUG c.h.p.o.d.PodRoleBindingResource - [updatelo] Create RoleBinding: RoleBinding(apiVersion=rbac.authorization.k8s.io/v1, kind=RoleBinding, metadata=ObjectMeta(annotations={meta.helm.sh/release-name=test-hivemq-platform, meta.helm.sh/release-namespace=updateloglevelit}, creationTimestamp=null, deletionGracePeriodSeconds=null, deletionTimestamp=null, finalizers=[], generateName=null, generation=null, labels={helm.sh/chart=hivemq-platform-0.2.32, app.kubernetes.io/managed-by=Helm, app.kubernetes.io/name=hivemq-platform, hivemq-platform=test-hivemq-platform, app.kubernetes.io/instance=test-hivemq-platform, app.kubernetes.io/version=4.36.0}, managedFields=[], name=hivemq-platform-role-binding-test-hivemq-platform, namespace=updateloglevelit, ownerReferences=[OwnerReference(apiVersion=hivemq.com/v1, blockOwnerDeletion=null, controller=null, kind=HiveMQPlatform, name=test-hivemq-platform, uid=064d2e1d-c302-496c-a525-379ca89f78cd, additionalProperties={})], resourceVersion=null, selfLink=null, uid=null, additionalProperties={}), roleRef=RoleRef(apiGroup=rbac.authorization.k8s.io, kind=Role, name=hivemq-platform-role-test-hivemq-platform, additionalProperties={}), subjects=[Subject(apiGroup=null, kind=ServiceAccount, name=hivemq-platform-pod-test-hivemq-platform, namespace=updateloglevelit, additionalProperties={})], additionalProperties={})
2025-01-28 20:47:02,809 INFO c.h.h.t.HelmChartContainer - [hivemq-test-hivemq-platform] [hivemq-platform-operator] [475da9a2] 20:47:02.808 [ReconcilerExecutor-hivemq-controller-51] INFO  c.h.p.o.HiveMQPlatformReconciler - [updatelo] Reconciling HiveMQ Platform 'test-hivemq-platform' in namespace 'updateloglevelit'
2025-01-28 20:47:02,809 INFO c.h.h.t.HelmChartContainer - [hivemq-test-hivemq-platform] [hivemq-platform-operator] [475da9a2] 20:47:02.808 [ReconcilerExecutor-hivemq-controller-51] DEBUG c.h.p.o.HiveMQPlatformReconciler - [updatelo] Custom Resource Status CREATED - HiveMQ Platform was created (READY)
2025-01-28 20:47:02,809 INFO c.h.h.t.HelmChartContainer - [hivemq-test-hivemq-platform] [hivemq-platform-operator] [475da9a2] 20:47:02.808 [ReconcilerExecutor-hivemq-controller-51] DEBUG c.h.p.o.HiveMQPlatformReconciler - [updatelo] Custom Resource Spec (replicas: 1) (extensions: 1)
2025-01-28 20:47:02,812 INFO c.h.h.t.HelmChartContainer - [hivemq-test-hivemq-platform] [hivemq-platform-operator] [475da9a2] 20:47:02.812 [ReconcilerExecutor-hivemq-controller-51] INFO  c.h.p.o.h.HiveMQPlatformReconcilerBaseHandler - [updatelo] HiveMQ Platform is starting
2025-01-28 20:47:02,976 INFO c.h.h.t.HelmChartContainer - [hivemq-test-hivemq-platform] [hivemq-platform-operator] [475da9a2] 20:47:02.975 [ReconcilerExecutor-hivemq-controller-51] DEBUG c.h.p.operator.event.EventSender - [updatelo] Creating K8s event hivemq-platform-starting: [Start] HiveMQ Platform is starting
2025-01-28 20:47:02,984 INFO c.h.h.t.HelmChartContainer - [EVENT] Normal [Start] HiveMQ Platform is starting [updateloglevelit:test-hivemq-platform]
2025-01-28 20:47:03,010 INFO c.h.h.t.HelmChartContainer - [hivemq-test-hivemq-platform] [hivemq-platform-operator] [475da9a2] 20:47:03.009 [ReconcilerExecutor-hivemq-controller-51] INFO  c.h.p.o.h.AbstractHiveMQReconcilerStateHandler - [updatelo] Update HiveMQ Platform Status (CREATED [READY] -> STARTING [READY]): HiveMQ Platform is starting
2025-01-28 20:47:03,080 DEBUG com.hivemq.helmcharts.util.K8sUtil - Comparing actual state 'STARTING' and waiting for 'RUNNING'
2025-01-28 20:47:13,083 INFO c.h.h.t.HelmChartContainer - [hivemq-test-hivemq-platform] [hivemq-platform-operator] [475da9a2] 20:47:13.082 [Timer-0] WARN  i.m.p.PrometheusMeterRegistry - The meter (MeterId{name='operator.sdk.events.received', tags=[tag(event=Event),tag(group=hivemq.com),tag(kind=HiveMQPlatform),tag(name=test-hivemq-platform),tag(namespace=updateloglevelit),tag(scope=namespace),tag(version=v1)]}) registration has failed: Prometheus requires that all meters with the same name have the same set of tag keys. There is already an existing meter named 'operator.sdk.events.received' containing tag keys [action, event, group, kind, name, namespace, scope, version]. The meter you are attempting to register has keys [event, group, kind, name, namespace, scope, version]. Note that subsequent logs will be logged at debug level.
2025-01-28 20:47:13,090 INFO c.h.h.t.HelmChartContainer - [hivemq-test-hivemq-platform] [hivemq-platform-operator] [475da9a2] 20:47:13.088 [pool-6-thread-12] DEBUG c.h.p.o.d.PlatformServiceResource - [updatelo] Desired Platform services (3 services)
2025-01-28 20:47:13,091 INFO c.h.h.t.HelmChartContainer - [hivemq-test-hivemq-platform] [hivemq-platform-operator] [475da9a2] 20:47:13.090 [pool-6-thread-13] DEBUG c.h.p.o.dependants.PodInfoConfigMap - [updatelo] Desired PodInfo ConfigMap (1 extensions) (1 enabled)
2025-01-28 20:47:13,091 INFO c.h.h.t.HelmChartContainer - [hivemq-test-hivemq-platform] [hivemq-platform-operator] [475da9a2] 20:47:13.090 [pool-6-thread-13] DEBUG c.h.p.o.dependants.PodInfoConfigMap - [updatelo] Desired PodInfo ConfigMap (metrics port: 9399) (metrics path: /)
2025-01-28 20:47:13,091 INFO c.h.h.t.HelmChartContainer - [hivemq-test-hivemq-platform] [hivemq-platform-operator] [475da9a2] 20:47:13.090 [pool-6-thread-13] DEBUG c.h.p.o.dependants.PodInfoConfigMap - [updatelo] Desired PodInfo ConfigMap (extension state hash: -1817474005)
2025-01-28 20:47:13,095 INFO c.h.h.t.HelmChartContainer - [hivemq-test-hivemq-platform] [hivemq-platform-operator] [475da9a2] 20:47:13.094 [pool-6-thread-17] DEBUG c.h.p.o.d.PodServiceAccountResource - [updatelo] Desired PodServiceAccountResource (serviceAccountName: hivemq-platform-pod-test-hivemq-platform)
2025-01-28 20:47:13,099 INFO c.h.h.t.HelmChartContainer - [hivemq-test-hivemq-platform] [hivemq-platform-operator] [475da9a2] 20:47:13.098 [pool-6-thread-13] DEBUG c.h.p.o.dependants.PodInfoConfigMap - [updatelo] Update PodInfo ConfigMap
2025-01-28 20:47:13,185 INFO c.h.h.t.HelmChartContainer - [K3S] [alloc.go:330] "allocated clusterIPs" service="updateloglevelit/hivemq-test-hivemq-platform-cc-8080" clusterIPs={"IPv4":"10.43.224.170"}
2025-01-28 20:47:13,282 INFO c.h.h.t.HelmChartContainer - [K3S] [alloc.go:330] "allocated clusterIPs" service="updateloglevelit/hivemq-test-hivemq-platform-metrics-9399" clusterIPs={"IPv4":"10.43.169.180"}
2025-01-28 20:47:13,296 INFO c.h.h.t.HelmChartContainer - [K3S] [alloc.go:330] "allocated clusterIPs" service="updateloglevelit/hivemq-test-hivemq-platform-mqtt-1883" clusterIPs={"IPv4":"10.43.194.119"}
2025-01-28 20:47:13,373 INFO c.h.h.t.HelmChartContainer - [hivemq-test-hivemq-platform] [hivemq-platform-operator] [475da9a2] 20:47:13.371 [pool-6-thread-20] DEBUG c.h.p.o.d.StatefulSetResource - [updatelo] Desired StatefulSet (1 replicas) for status STARTING (READY)
2025-01-28 20:47:13,384 INFO c.h.h.t.HelmChartContainer - [hivemq-test-hivemq-platform] [hivemq-platform-operator] [475da9a2] 20:47:13.384 [pool-6-thread-20] DEBUG c.h.p.o.d.StatefulSetResource - [updatelo] Create StatefulSet
2025-01-28 20:47:13,492 INFO c.h.h.t.HelmChartContainer - [hivemq-test-hivemq-platform] [hivemq-platform-operator] [475da9a2] 20:47:13.487 [ReconcilerExecutor-hivemq-controller-62] INFO  c.h.p.o.HiveMQPlatformReconciler - [updatelo] Reconciling HiveMQ Platform 'test-hivemq-platform' in namespace 'updateloglevelit'
2025-01-28 20:47:13,492 INFO c.h.h.t.HelmChartContainer - [hivemq-test-hivemq-platform] [hivemq-platform-operator] [475da9a2] 20:47:13.487 [ReconcilerExecutor-hivemq-controller-62] DEBUG c.h.p.o.HiveMQPlatformReconciler - [updatelo] Custom Resource Status STARTING - HiveMQ Platform is starting (READY)
2025-01-28 20:47:13,492 INFO c.h.h.t.HelmChartContainer - [hivemq-test-hivemq-platform] [hivemq-platform-operator] [475da9a2] 20:47:13.487 [ReconcilerExecutor-hivemq-controller-62] DEBUG c.h.p.o.HiveMQPlatformReconciler - [updatelo] Custom Resource Spec (replicas: 1) (extensions: 1)
2025-01-28 20:47:13,493 INFO c.h.h.t.HelmChartContainer - [POD] test-hivemq-platform-0 [64f11788-5960-4e1c-bcb3-cc125422cd42] in updateloglevelit was ADDED
2025-01-28 20:47:13,495 INFO c.h.h.t.HelmChartContainer - [EVENT] Normal [SuccessfulCreate] create Pod test-hivemq-platform-0 in StatefulSet test-hivemq-platform successful [updateloglevelit:test-hivemq-platform]
2025-01-28 20:47:13,500 INFO c.h.h.t.HelmChartContainer - [POD] test-hivemq-platform-0 [64f11788-5960-4e1c-bcb3-cc125422cd42] in updateloglevelit was MODIFIED
2025-01-28 20:47:13,503 INFO c.h.h.t.HelmChartContainer - [EVENT] Normal [Scheduled] Successfully assigned updateloglevelit/test-hivemq-platform-0 to e242dccaa35f [updateloglevelit:test-hivemq-platform-0]
2025-01-28 20:47:13,506 INFO c.h.h.t.HelmChartContainer - [POD] test-hivemq-platform-0 [64f11788-5960-4e1c-bcb3-cc125422cd42] in updateloglevelit was MODIFIED
2025-01-28 20:47:13,579 INFO c.h.h.t.HelmChartContainer - [hivemq-test-hivemq-platform] [hivemq-platform-operator] [475da9a2] 20:47:13.575 [ReconcilerExecutor-hivemq-controller-62] DEBUG c.h.p.o.HiveMQPlatformReconciler - [updatelo] StatefulSet Status (revision: null, replicas: 0, available: 0, ready: 0, current: 0, updated: 0)
2025-01-28 20:47:13,579 INFO c.h.h.t.HelmChartContainer - [hivemq-test-hivemq-platform] [hivemq-platform-operator] [475da9a2] 20:47:13.575 [ReconcilerExecutor-hivemq-controller-62] DEBUG c.h.p.o.HiveMQPlatformReconciler - [updatelo] StatefulSet Spec (replicas: 1, init containers: 1, containers: 1, volumes: 3)
2025-01-28 20:47:13,674 INFO c.h.h.t.HelmChartContainer - [hivemq-test-hivemq-platform] [hivemq-platform-operator] [475da9a2] 20:47:13.673 [ReconcilerExecutor-hivemq-controller-62] DEBUG c.h.p.o.h.HiveMQPlatformReconcilerErrorHandler - [updatelo] Pod 'test-hivemq-platform-0' phase Pending
2025-01-28 20:47:13,676 INFO c.h.h.t.HelmChartContainer - [hivemq-test-hivemq-platform] [hivemq-platform-operator] [475da9a2] 20:47:13.675 [ReconcilerExecutor-hivemq-controller-62] INFO  c.h.p.o.h.HiveMQPlatformReconcilerBaseHandler - [updatelo] HiveMQ Platform is starting, 0 of 1 replicas are ready
2025-01-28 20:47:13,680 INFO c.h.h.t.HelmChartContainer - [K3S] [reconciler_common.go:251] "operationExecutor.VerifyControllerAttachedVolume started for volume \"broker-configuration\" (UniqueName: \"kubernetes.io/configmap/64f11788-5960-4e1c-bcb3-cc125422cd42-broker-configuration\") pod \"test-hivemq-platform-0\" (UID: \"64f11788-5960-4e1c-bcb3-cc125422cd42\") " pod="updateloglevelit/test-hivemq-platform-0"
2025-01-28 20:47:13,680 INFO c.h.h.t.HelmChartContainer - [K3S] [reconciler_common.go:251] "operationExecutor.VerifyControllerAttachedVolume started for volume \"kube-api-access-69gf9\" (UniqueName: \"kubernetes.io/projected/64f11788-5960-4e1c-bcb3-cc125422cd42-kube-api-access-69gf9\") pod \"test-hivemq-platform-0\" (UID: \"64f11788-5960-4e1c-bcb3-cc125422cd42\") " pod="updateloglevelit/test-hivemq-platform-0"
2025-01-28 20:47:13,680 INFO c.h.h.t.HelmChartContainer - [K3S] [reconciler_common.go:251] "operationExecutor.VerifyControllerAttachedVolume started for volume \"operator-init\" (UniqueName: \"kubernetes.io/empty-dir/64f11788-5960-4e1c-bcb3-cc125422cd42-operator-init\") pod \"test-hivemq-platform-0\" (UID: \"64f11788-5960-4e1c-bcb3-cc125422cd42\") " pod="updateloglevelit/test-hivemq-platform-0"
2025-01-28 20:47:13,680 INFO c.h.h.t.HelmChartContainer - [K3S] [reconciler_common.go:251] "operationExecutor.VerifyControllerAttachedVolume started for volume \"pod-info\" (UniqueName: \"kubernetes.io/configmap/64f11788-5960-4e1c-bcb3-cc125422cd42-pod-info\") pod \"test-hivemq-platform-0\" (UID: \"64f11788-5960-4e1c-bcb3-cc125422cd42\") " pod="updateloglevelit/test-hivemq-platform-0"
2025-01-28 20:47:13,681 INFO c.h.h.t.HelmChartContainer - [hivemq-test-hivemq-platform] [hivemq-platform-operator] [475da9a2] 20:47:13.680 [pool-6-thread-22] DEBUG c.h.p.o.d.PlatformServiceResource - [updatelo] Desired Platform services (3 services)
2025-01-28 20:47:13,772 INFO c.h.h.t.HelmChartContainer - [hivemq-test-hivemq-platform] [hivemq-platform-operator] [475da9a2] 20:47:13.770 [pool-6-thread-27] DEBUG c.h.p.o.d.PodServiceAccountResource - [updatelo] Desired PodServiceAccountResource (serviceAccountName: hivemq-platform-pod-test-hivemq-platform)
2025-01-28 20:47:13,773 INFO c.h.h.t.HelmChartContainer - [hivemq-test-hivemq-platform] [hivemq-platform-operator] [475da9a2] 20:47:13.771 [pool-6-thread-23] DEBUG c.h.p.o.dependants.PodInfoConfigMap - [updatelo] Desired PodInfo ConfigMap (1 extensions) (1 enabled)
2025-01-28 20:47:13,773 INFO c.h.h.t.HelmChartContainer - [hivemq-test-hivemq-platform] [hivemq-platform-operator] [475da9a2] 20:47:13.771 [pool-6-thread-23] DEBUG c.h.p.o.dependants.PodInfoConfigMap - [updatelo] Desired PodInfo ConfigMap (metrics port: 9399) (metrics path: /)
2025-01-28 20:47:13,773 INFO c.h.h.t.HelmChartContainer - [hivemq-test-hivemq-platform] [hivemq-platform-operator] [475da9a2] 20:47:13.771 [pool-6-thread-23] DEBUG c.h.p.o.dependants.PodInfoConfigMap - [updatelo] Desired PodInfo ConfigMap (extension state hash: -1817474005)
2025-01-28 20:47:13,776 INFO c.h.h.t.HelmChartContainer - [hivemq-test-hivemq-platform] [hivemq-platform-operator] [475da9a2] 20:47:13.775 [pool-6-thread-29] DEBUG c.h.p.o.d.StatefulSetResource - [updatelo] Desired StatefulSet (1 replicas) for status STARTING (READY)
2025-01-28 20:47:13,783 INFO c.h.h.t.HelmChartContainer - [hivemq-test-hivemq-platform] [hivemq-platform-operator] [475da9a2] 20:47:13.781 [ReconcilerExecutor-hivemq-controller-74] INFO  c.h.p.o.HiveMQPlatformReconciler - [updatelo] Reconciling HiveMQ Platform 'test-hivemq-platform' in namespace 'updateloglevelit'
2025-01-28 20:47:13,783 INFO c.h.h.t.HelmChartContainer - [hivemq-test-hivemq-platform] [hivemq-platform-operator] [475da9a2] 20:47:13.781 [ReconcilerExecutor-hivemq-controller-74] DEBUG c.h.p.o.HiveMQPlatformReconciler - [updatelo] Custom Resource Status STARTING - HiveMQ Platform is starting (READY)
2025-01-28 20:47:13,785 INFO c.h.h.t.HelmChartContainer - [hivemq-test-hivemq-platform] [hivemq-platform-operator] [475da9a2] 20:47:13.782 [ReconcilerExecutor-hivemq-controller-74] DEBUG c.h.p.o.HiveMQPlatformReconciler - [updatelo] Custom Resource Spec (replicas: 1) (extensions: 1)
2025-01-28 20:47:13,786 INFO c.h.h.t.HelmChartContainer - [hivemq-test-hivemq-platform] [hivemq-platform-operator] [475da9a2] 20:47:13.784 [ReconcilerExecutor-hivemq-controller-74] DEBUG c.h.p.o.HiveMQPlatformReconciler - [updatelo] StatefulSet Status (revision: test-hivemq-platform-b697f795f, replicas: 1, available: 0, ready: 0, current: 1, updated: 1)
2025-01-28 20:47:13,786 INFO c.h.h.t.HelmChartContainer - [hivemq-test-hivemq-platform] [hivemq-platform-operator] [475da9a2] 20:47:13.785 [ReconcilerExecutor-hivemq-controller-74] DEBUG c.h.p.o.HiveMQPlatformReconciler - [updatelo] StatefulSet Spec (replicas: 1, init containers: 1, containers: 1, volumes: 3)
2025-01-28 20:47:13,792 INFO c.h.h.t.HelmChartContainer - [hivemq-test-hivemq-platform] [hivemq-platform-operator] [475da9a2] 20:47:13.792 [ReconcilerExecutor-hivemq-controller-74] DEBUG c.h.p.o.h.HiveMQPlatformReconcilerErrorHandler - [updatelo] Pod 'test-hivemq-platform-0' phase Pending
2025-01-28 20:47:13,793 INFO c.h.h.t.HelmChartContainer - [hivemq-test-hivemq-platform] [hivemq-platform-operator] [475da9a2] 20:47:13.792 [ReconcilerExecutor-hivemq-controller-74] DEBUG c.h.p.o.h.HiveMQPlatformReconcilerErrorHandler - [updatelo] Pod 'test-hivemq-platform-0' condition 'PodReadyToStartContainers': False
2025-01-28 20:47:13,871 INFO c.h.h.t.HelmChartContainer - [hivemq-test-hivemq-platform] [hivemq-platform-operator] [475da9a2] 20:47:13.870 [ReconcilerExecutor-hivemq-controller-74] DEBUG c.h.p.o.h.HiveMQPlatformReconcilerErrorHandler - [updatelo] Pod 'test-hivemq-platform-0' condition 'Initialized': False
2025-01-28 20:47:13,873 INFO c.h.h.t.HelmChartContainer - [hivemq-test-hivemq-platform] [hivemq-platform-operator] [475da9a2] 20:47:13.871 [ReconcilerExecutor-hivemq-controller-74] DEBUG c.h.p.o.h.HiveMQPlatformReconcilerErrorHandler - [updatelo] Pod 'test-hivemq-platform-0' condition 'Ready': False
2025-01-28 20:47:13,873 INFO c.h.h.t.HelmChartContainer - [hivemq-test-hivemq-platform] [hivemq-platform-operator] [475da9a2] 20:47:13.871 [ReconcilerExecutor-hivemq-controller-74] DEBUG c.h.p.o.h.HiveMQPlatformReconcilerErrorHandler - [updatelo] Pod 'test-hivemq-platform-0' condition 'ContainersReady': False
2025-01-28 20:47:13,873 INFO c.h.h.t.HelmChartContainer - [hivemq-test-hivemq-platform] [hivemq-platform-operator] [475da9a2] 20:47:13.871 [ReconcilerExecutor-hivemq-controller-74] DEBUG c.h.p.o.h.HiveMQPlatformReconcilerErrorHandler - [updatelo] Pod 'test-hivemq-platform-0' condition 'PodScheduled': True
2025-01-28 20:47:13,873 INFO c.h.h.t.HelmChartContainer - [hivemq-test-hivemq-platform] [hivemq-platform-operator] [475da9a2] 20:47:13.871 [ReconcilerExecutor-hivemq-controller-74] DEBUG c.h.p.o.h.HiveMQPlatformReconcilerErrorHandler - [updatelo] Pod 'test-hivemq-platform-0' containerStatus 'hivemq' (started: false) (ready: false) (waiting: [PodInitializing] null)
2025-01-28 20:47:13,874 INFO c.h.h.t.HelmChartContainer - [hivemq-test-hivemq-platform] [hivemq-platform-operator] [475da9a2] 20:47:13.873 [ReconcilerExecutor-hivemq-controller-74] INFO  c.h.p.o.h.HiveMQPlatformReconcilerBaseHandler - [updatelo] HiveMQ Platform is starting, 0 of 1 replicas are ready
2025-01-28 20:47:13,889 INFO c.h.h.t.HelmChartContainer - [EVENT] Normal [Pulled] Container image "docker.io/hivemq/hivemq-platform-operator-init-test:snapshot" already present on machine [updateloglevelit:test-hivemq-platform-0]
2025-01-28 20:47:13,998 INFO c.h.h.t.HelmChartContainer - [EVENT] Normal [Created] Created container: hivemq-platform-operator-init [updateloglevelit:test-hivemq-platform-0]
2025-01-28 20:47:14,035 INFO c.h.h.t.HelmChartContainer - [EVENT] Normal [Started] Started container hivemq-platform-operator-init [updateloglevelit:test-hivemq-platform-0]
2025-01-28 20:47:14,053 INFO c.h.h.t.HelmChartContainer - [POD] test-hivemq-platform-0 [64f11788-5960-4e1c-bcb3-cc125422cd42] in updateloglevelit was MODIFIED
2025-01-28 20:47:14,068 INFO c.h.h.t.HelmChartContainer - [hivemq-test-hivemq-platform] [hivemq-platform-operator] [475da9a2] 20:47:14.061 [pool-6-thread-32] DEBUG c.h.p.o.d.PlatformServiceResource - [updatelo] Desired Platform services (3 services)
2025-01-28 20:47:14,069 INFO c.h.h.t.HelmChartContainer - [hivemq-test-hivemq-platform] [hivemq-platform-operator] [475da9a2] 20:47:14.066 [pool-6-thread-33] DEBUG c.h.p.o.dependants.PodInfoConfigMap - [updatelo] Desired PodInfo ConfigMap (1 extensions) (1 enabled)
2025-01-28 20:47:14,071 INFO c.h.h.t.HelmChartContainer - [hivemq-test-hivemq-platform] [hivemq-platform-operator] [475da9a2] 20:47:14.068 [pool-6-thread-33] DEBUG c.h.p.o.dependants.PodInfoConfigMap - [updatelo] Desired PodInfo ConfigMap (metrics port: 9399) (metrics path: /)
2025-01-28 20:47:14,071 INFO c.h.h.t.HelmChartContainer - [hivemq-test-hivemq-platform] [hivemq-platform-operator] [475da9a2] 20:47:14.068 [pool-6-thread-33] DEBUG c.h.p.o.dependants.PodInfoConfigMap - [updatelo] Desired PodInfo ConfigMap (extension state hash: -1817474005)
2025-01-28 20:47:14,111 INFO c.h.h.t.HelmChartContainer - [hivemq-test-hivemq-platform] [hivemq-platform-operator] [475da9a2] 20:47:14.109 [pool-6-thread-37] DEBUG c.h.p.o.d.PodServiceAccountResource - [updatelo] Desired PodServiceAccountResource (serviceAccountName: hivemq-platform-pod-test-hivemq-platform)
2025-01-28 20:47:14,120 INFO c.h.h.t.HelmChartContainer - [hivemq-test-hivemq-platform] [hivemq-platform-operator] [475da9a2] 20:47:14.119 [pool-6-thread-40] DEBUG c.h.p.o.d.StatefulSetResource - [updatelo] Desired StatefulSet (1 replicas) for status STARTING (READY)
2025-01-28 20:47:14,171 INFO c.h.h.t.HelmChartContainer - [hivemq-test-hivemq-platform] [hivemq-platform-operator] [475da9a2] 20:47:14.170 [ReconcilerExecutor-hivemq-controller-85] INFO  c.h.p.o.HiveMQPlatformReconciler - [updatelo] Reconciling HiveMQ Platform 'test-hivemq-platform' in namespace 'updateloglevelit'
2025-01-28 20:47:14,172 INFO c.h.h.t.HelmChartContainer - [hivemq-test-hivemq-platform] [hivemq-platform-operator] [475da9a2] 20:47:14.170 [ReconcilerExecutor-hivemq-controller-85] DEBUG c.h.p.o.HiveMQPlatformReconciler - [updatelo] Custom Resource Status STARTING - HiveMQ Platform is starting (READY)
2025-01-28 20:47:14,172 INFO c.h.h.t.HelmChartContainer - [hivemq-test-hivemq-platform] [hivemq-platform-operator] [475da9a2] 20:47:14.170 [ReconcilerExecutor-hivemq-controller-85] DEBUG c.h.p.o.HiveMQPlatformReconciler - [updatelo] Custom Resource Spec (replicas: 1) (extensions: 1)
2025-01-28 20:47:14,174 INFO c.h.h.t.HelmChartContainer - [hivemq-test-hivemq-platform] [hivemq-platform-operator] [475da9a2] 20:47:14.174 [ReconcilerExecutor-hivemq-controller-85] DEBUG c.h.p.o.HiveMQPlatformReconciler - [updatelo] StatefulSet Status (revision: test-hivemq-platform-b697f795f, replicas: 1, available: 0, ready: 0, current: 1, updated: 1)
2025-01-28 20:47:14,174 INFO c.h.h.t.HelmChartContainer - [hivemq-test-hivemq-platform] [hivemq-platform-operator] [475da9a2] 20:47:14.174 [ReconcilerExecutor-hivemq-controller-85] DEBUG c.h.p.o.HiveMQPlatformReconciler - [updatelo] StatefulSet Spec (replicas: 1, init containers: 1, containers: 1, volumes: 3)
2025-01-28 20:47:14,177 INFO c.h.h.t.HelmChartContainer - [hivemq-test-hivemq-platform] [hivemq-platform-operator] [475da9a2] 20:47:14.177 [ReconcilerExecutor-hivemq-controller-85] DEBUG c.h.p.o.h.HiveMQPlatformReconcilerErrorHandler - [updatelo] Pod 'test-hivemq-platform-0' phase Pending
2025-01-28 20:47:14,178 INFO c.h.h.t.HelmChartContainer - [hivemq-test-hivemq-platform] [hivemq-platform-operator] [475da9a2] 20:47:14.177 [ReconcilerExecutor-hivemq-controller-85] DEBUG c.h.p.o.h.HiveMQPlatformReconcilerErrorHandler - [updatelo] Pod 'test-hivemq-platform-0' condition 'PodReadyToStartContainers': True
2025-01-28 20:47:14,180 INFO c.h.h.t.HelmChartContainer - [hivemq-test-hivemq-platform] [hivemq-platform-operator] [475da9a2] 20:47:14.177 [ReconcilerExecutor-hivemq-controller-85] DEBUG c.h.p.o.h.HiveMQPlatformReconcilerErrorHandler - [updatelo] Pod 'test-hivemq-platform-0' condition 'Initialized': False
2025-01-28 20:47:14,254 INFO c.h.h.t.HelmChartContainer - [hivemq-test-hivemq-platform] [hivemq-platform-operator] [475da9a2] 20:47:14.205 [ReconcilerExecutor-hivemq-controller-85] DEBUG c.h.p.o.h.HiveMQPlatformReconcilerErrorHandler - [updatelo] Pod 'test-hivemq-platform-0' condition 'Ready': False
2025-01-28 20:47:14,254 INFO c.h.h.t.HelmChartContainer - [hivemq-test-hivemq-platform] [hivemq-platform-operator] [475da9a2] 20:47:14.205 [ReconcilerExecutor-hivemq-controller-85] DEBUG c.h.p.o.h.HiveMQPlatformReconcilerErrorHandler - [updatelo] Pod 'test-hivemq-platform-0' condition 'ContainersReady': False
2025-01-28 20:47:14,254 INFO c.h.h.t.HelmChartContainer - [hivemq-test-hivemq-platform] [hivemq-platform-operator] [475da9a2] 20:47:14.205 [ReconcilerExecutor-hivemq-controller-85] DEBUG c.h.p.o.h.HiveMQPlatformReconcilerErrorHandler - [updatelo] Pod 'test-hivemq-platform-0' condition 'PodScheduled': True
2025-01-28 20:47:14,254 INFO c.h.h.t.HelmChartContainer - [hivemq-test-hivemq-platform] [hivemq-platform-operator] [475da9a2] 20:47:14.205 [ReconcilerExecutor-hivemq-controller-85] DEBUG c.h.p.o.h.HiveMQPlatformReconcilerErrorHandler - [updatelo] Pod 'test-hivemq-platform-0' containerStatus 'hivemq' (started: false) (ready: false) (waiting: [PodInitializing] null)
2025-01-28 20:47:14,254 INFO c.h.h.t.HelmChartContainer - [hivemq-test-hivemq-platform] [hivemq-platform-operator] [475da9a2] 20:47:14.206 [ReconcilerExecutor-hivemq-controller-85] INFO  c.h.p.o.h.HiveMQPlatformReconcilerBaseHandler - [updatelo] HiveMQ Platform is starting, 0 of 1 replicas are ready
2025-01-28 20:47:15,048 INFO c.h.h.t.HelmChartContainer - [EVENT] Normal [Pulled] Container image "docker.io/hivemq/hivemq4:4.36.0" already present on machine [updateloglevelit:test-hivemq-platform-0]
2025-01-28 20:47:15,048 INFO c.h.h.t.HelmChartContainer - Received Pulled event for container hivemq in pod test-hivemq-platform-0 [64f11788-5960-4e1c-bcb3-cc125422cd42]
2025-01-28 20:47:15,066 INFO c.h.h.t.HelmChartContainer - [POD] test-hivemq-platform-0 [64f11788-5960-4e1c-bcb3-cc125422cd42] in updateloglevelit was MODIFIED
2025-01-28 20:47:15,075 INFO c.h.h.t.HelmChartContainer - [hivemq-test-hivemq-platform] [hivemq-platform-operator] [475da9a2] 20:47:15.068 [pool-6-thread-42] DEBUG c.h.p.o.d.PlatformServiceResource - [updatelo] Desired Platform services (3 services)
2025-01-28 20:47:15,079 INFO c.h.h.t.HelmChartContainer - [hivemq-test-hivemq-platform] [hivemq-platform-operator] [475da9a2] 20:47:15.078 [pool-6-thread-47] DEBUG c.h.p.o.d.PodServiceAccountResource - [updatelo] Desired PodServiceAccountResource (serviceAccountName: hivemq-platform-pod-test-hivemq-platform)
2025-01-28 20:47:15,081 INFO c.h.h.t.HelmChartContainer - [hivemq-test-hivemq-platform] [hivemq-platform-operator] [475da9a2] 20:47:15.079 [pool-6-thread-43] DEBUG c.h.p.o.dependants.PodInfoConfigMap - [updatelo] Desired PodInfo ConfigMap (1 extensions) (1 enabled)
2025-01-28 20:47:15,081 INFO c.h.h.t.HelmChartContainer - [hivemq-test-hivemq-platform] [hivemq-platform-operator] [475da9a2] 20:47:15.081 [pool-6-thread-43] DEBUG c.h.p.o.dependants.PodInfoConfigMap - [updatelo] Desired PodInfo ConfigMap (metrics port: 9399) (metrics path: /)
2025-01-28 20:47:15,082 INFO c.h.h.t.HelmChartContainer - [hivemq-test-hivemq-platform] [hivemq-platform-operator] [475da9a2] 20:47:15.081 [pool-6-thread-43] DEBUG c.h.p.o.dependants.PodInfoConfigMap - [updatelo] Desired PodInfo ConfigMap (extension state hash: -1817474005)
2025-01-28 20:47:15,111 INFO c.h.h.t.HelmChartContainer - [hivemq-test-hivemq-platform] [hivemq-platform-operator] [475da9a2] 20:47:15.108 [pool-6-thread-49] DEBUG c.h.p.o.d.StatefulSetResource - [updatelo] Desired StatefulSet (1 replicas) for status STARTING (READY)
2025-01-28 20:47:15,115 INFO c.h.h.t.HelmChartContainer - [hivemq-test-hivemq-platform] [hivemq-platform-operator] [475da9a2] 20:47:15.114 [ReconcilerExecutor-hivemq-controller-96] INFO  c.h.p.o.HiveMQPlatformReconciler - [updatelo] Reconciling HiveMQ Platform 'test-hivemq-platform' in namespace 'updateloglevelit'
2025-01-28 20:47:15,116 INFO c.h.h.t.HelmChartContainer - [hivemq-test-hivemq-platform] [hivemq-platform-operator] [475da9a2] 20:47:15.115 [ReconcilerExecutor-hivemq-controller-96] DEBUG c.h.p.o.HiveMQPlatformReconciler - [updatelo] Custom Resource Status STARTING - HiveMQ Platform is starting (READY)
2025-01-28 20:47:15,117 INFO c.h.h.t.HelmChartContainer - [hivemq-test-hivemq-platform] [hivemq-platform-operator] [475da9a2] 20:47:15.116 [ReconcilerExecutor-hivemq-controller-96] DEBUG c.h.p.o.HiveMQPlatformReconciler - [updatelo] Custom Resource Spec (replicas: 1) (extensions: 1)
2025-01-28 20:47:15,174 INFO c.h.h.t.HelmChartContainer - [hivemq-test-hivemq-platform] [hivemq-platform-operator] [475da9a2] 20:47:15.118 [ReconcilerExecutor-hivemq-controller-96] DEBUG c.h.p.o.HiveMQPlatformReconciler - [updatelo] StatefulSet Status (revision: test-hivemq-platform-b697f795f, replicas: 1, available: 0, ready: 0, current: 1, updated: 1)
2025-01-28 20:47:15,177 INFO c.h.h.t.HelmChartContainer - [hivemq-test-hivemq-platform] [hivemq-platform-operator] [475da9a2] 20:47:15.170 [ReconcilerExecutor-hivemq-controller-96] DEBUG c.h.p.o.HiveMQPlatformReconciler - [updatelo] StatefulSet Spec (replicas: 1, init containers: 1, containers: 1, volumes: 3)
2025-01-28 20:47:15,177 INFO c.h.h.t.HelmChartContainer - [hivemq-test-hivemq-platform] [hivemq-platform-operator] [475da9a2] 20:47:15.172 [ReconcilerExecutor-hivemq-controller-96] DEBUG c.h.p.o.h.HiveMQPlatformReconcilerErrorHandler - [updatelo] Pod 'test-hivemq-platform-0' phase Pending
2025-01-28 20:47:15,177 INFO c.h.h.t.HelmChartContainer - [hivemq-test-hivemq-platform] [hivemq-platform-operator] [475da9a2] 20:47:15.172 [ReconcilerExecutor-hivemq-controller-96] DEBUG c.h.p.o.h.HiveMQPlatformReconcilerErrorHandler - [updatelo] Pod 'test-hivemq-platform-0' condition 'PodReadyToStartContainers': True
2025-01-28 20:47:15,177 INFO c.h.h.t.HelmChartContainer - [hivemq-test-hivemq-platform] [hivemq-platform-operator] [475da9a2] 20:47:15.172 [ReconcilerExecutor-hivemq-controller-96] DEBUG c.h.p.o.h.HiveMQPlatformReconcilerErrorHandler - [updatelo] Pod 'test-hivemq-platform-0' condition 'Initialized': True
2025-01-28 20:47:15,177 INFO c.h.h.t.HelmChartContainer - [hivemq-test-hivemq-platform] [hivemq-platform-operator] [475da9a2] 20:47:15.172 [ReconcilerExecutor-hivemq-controller-96] DEBUG c.h.p.o.h.HiveMQPlatformReconcilerErrorHandler - [updatelo] Pod 'test-hivemq-platform-0' condition 'Ready': False
2025-01-28 20:47:15,177 INFO c.h.h.t.HelmChartContainer - [hivemq-test-hivemq-platform] [hivemq-platform-operator] [475da9a2] 20:47:15.172 [ReconcilerExecutor-hivemq-controller-96] DEBUG c.h.p.o.h.HiveMQPlatformReconcilerErrorHandler - [updatelo] Pod 'test-hivemq-platform-0' condition 'ContainersReady': False
2025-01-28 20:47:15,177 INFO c.h.h.t.HelmChartContainer - [hivemq-test-hivemq-platform] [hivemq-platform-operator] [475da9a2] 20:47:15.172 [ReconcilerExecutor-hivemq-controller-96] DEBUG c.h.p.o.h.HiveMQPlatformReconcilerErrorHandler - [updatelo] Pod 'test-hivemq-platform-0' condition 'PodScheduled': True
2025-01-28 20:47:15,177 INFO c.h.h.t.HelmChartContainer - [hivemq-test-hivemq-platform] [hivemq-platform-operator] [475da9a2] 20:47:15.172 [ReconcilerExecutor-hivemq-controller-96] DEBUG c.h.p.o.h.HiveMQPlatformReconcilerErrorHandler - [updatelo] Pod 'test-hivemq-platform-0' containerStatus 'hivemq' (started: false) (ready: false) (waiting: [PodInitializing] null)
2025-01-28 20:47:15,177 INFO c.h.h.t.HelmChartContainer - [hivemq-test-hivemq-platform] [hivemq-platform-operator] [475da9a2] 20:47:15.173 [ReconcilerExecutor-hivemq-controller-96] INFO  c.h.p.o.h.HiveMQPlatformReconcilerBaseHandler - [updatelo] HiveMQ Platform is starting, 0 of 1 replicas are ready
2025-01-28 20:47:16,258 INFO c.h.h.t.HelmChartContainer - [EVENT] Normal [Created] Created container: hivemq [updateloglevelit:test-hivemq-platform-0]
2025-01-28 20:47:16,258 INFO c.h.h.t.HelmChartContainer - Received Created event for container hivemq in pod test-hivemq-platform-0 [64f11788-5960-4e1c-bcb3-cc125422cd42]
2025-01-28 20:47:17,063 INFO c.h.h.t.HelmChartContainer - [POD] test-hivemq-platform-0 [64f11788-5960-4e1c-bcb3-cc125422cd42] in updateloglevelit was MODIFIED
2025-01-28 20:47:17,071 INFO c.h.h.t.HelmChartContainer - [hivemq-test-hivemq-platform] [hivemq-platform-operator] [475da9a2] 20:47:17.067 [pool-6-thread-6] DEBUG c.h.p.o.d.PlatformServiceResource - [updatelo] Desired Platform services (3 services)
2025-01-28 20:47:17,072 INFO c.h.h.t.HelmChartContainer - [hivemq-test-hivemq-platform] [hivemq-platform-operator] [475da9a2] 20:47:17.070 [pool-6-thread-5] DEBUG c.h.p.o.dependants.PodInfoConfigMap - [updatelo] Desired PodInfo ConfigMap (1 extensions) (1 enabled)
2025-01-28 20:47:17,072 INFO c.h.h.t.HelmChartContainer - [hivemq-test-hivemq-platform] [hivemq-platform-operator] [475da9a2] 20:47:17.070 [pool-6-thread-5] DEBUG c.h.p.o.dependants.PodInfoConfigMap - [updatelo] Desired PodInfo ConfigMap (metrics port: 9399) (metrics path: /)
2025-01-28 20:47:17,072 INFO c.h.h.t.HelmChartContainer - [hivemq-test-hivemq-platform] [hivemq-platform-operator] [475da9a2] 20:47:17.070 [pool-6-thread-5] DEBUG c.h.p.o.dependants.PodInfoConfigMap - [updatelo] Desired PodInfo ConfigMap (extension state hash: -1817474005)
2025-01-28 20:47:17,073 INFO c.h.h.t.HelmChartContainer - [hivemq-test-hivemq-platform] [hivemq-platform-operator] [475da9a2] 20:47:17.069 [pool-6-thread-3] DEBUG c.h.p.o.d.PodServiceAccountResource - [updatelo] Desired PodServiceAccountResource (serviceAccountName: hivemq-platform-pod-test-hivemq-platform)
2025-01-28 20:47:17,076 INFO c.h.h.t.HelmChartContainer - Started log watcher for hivemq in pod test-hivemq-platform-0 [64f11788-5960-4e1c-bcb3-cc125422cd42]
2025-01-28 20:47:17,076 INFO c.h.h.t.HelmChartContainer - [test-hivemq-platform] [hivemq] [64f11788] Adding pre-installed HiveMQ Platform Operator extensions
2025-01-28 20:47:17,076 INFO c.h.h.t.HelmChartContainer - [test-hivemq-platform] [hivemq] [64f11788] Running as user 10000
2025-01-28 20:47:17,076 INFO c.h.h.t.HelmChartContainer - [test-hivemq-platform] [hivemq] [64f11788] Starting HiveMQ Platform Operator Init
2025-01-28 20:47:17,076 INFO c.h.h.t.HelmChartContainer - [EVENT] Normal [Started] Started container hivemq [updateloglevelit:test-hivemq-platform-0]
2025-01-28 20:47:17,076 INFO c.h.h.t.HelmChartContainer - Received Started event for container hivemq in pod test-hivemq-platform-0 [64f11788-5960-4e1c-bcb3-cc125422cd42]
2025-01-28 20:47:17,080 INFO c.h.h.t.HelmChartContainer - [hivemq-test-hivemq-platform] [hivemq-platform-operator] [475da9a2] 20:47:17.079 [pool-6-thread-6] DEBUG c.h.p.o.d.StatefulSetResource - [updatelo] Desired StatefulSet (1 replicas) for status STARTING (READY)
2025-01-28 20:47:17,112 INFO c.h.h.t.HelmChartContainer - [hivemq-test-hivemq-platform] [hivemq-platform-operator] [475da9a2] 20:47:17.107 [ReconcilerExecutor-hivemq-controller-107] INFO  c.h.p.o.HiveMQPlatformReconciler - [updatelo] Reconciling HiveMQ Platform 'test-hivemq-platform' in namespace 'updateloglevelit'
2025-01-28 20:47:17,112 INFO c.h.h.t.HelmChartContainer - [hivemq-test-hivemq-platform] [hivemq-platform-operator] [475da9a2] 20:47:17.107 [ReconcilerExecutor-hivemq-controller-107] DEBUG c.h.p.o.HiveMQPlatformReconciler - [updatelo] Custom Resource Status STARTING - HiveMQ Platform is starting (READY)
2025-01-28 20:47:17,112 INFO c.h.h.t.HelmChartContainer - [hivemq-test-hivemq-platform] [hivemq-platform-operator] [475da9a2] 20:47:17.107 [ReconcilerExecutor-hivemq-controller-107] DEBUG c.h.p.o.HiveMQPlatformReconciler - [updatelo] Custom Resource Spec (replicas: 1) (extensions: 1)
2025-01-28 20:47:17,112 INFO c.h.h.t.HelmChartContainer - [hivemq-test-hivemq-platform] [hivemq-platform-operator] [475da9a2] 20:47:17.109 [ReconcilerExecutor-hivemq-controller-107] DEBUG c.h.p.o.HiveMQPlatformReconciler - [updatelo] StatefulSet Status (revision: test-hivemq-platform-b697f795f, replicas: 1, available: 0, ready: 0, current: 1, updated: 1)
2025-01-28 20:47:17,112 INFO c.h.h.t.HelmChartContainer - [hivemq-test-hivemq-platform] [hivemq-platform-operator] [475da9a2] 20:47:17.109 [ReconcilerExecutor-hivemq-controller-107] DEBUG c.h.p.o.HiveMQPlatformReconciler - [updatelo] StatefulSet Spec (replicas: 1, init containers: 1, containers: 1, volumes: 3)
2025-01-28 20:47:17,116 INFO c.h.h.t.HelmChartContainer - [hivemq-test-hivemq-platform] [hivemq-platform-operator] [475da9a2] 20:47:17.115 [ReconcilerExecutor-hivemq-controller-107] DEBUG c.h.p.o.h.HiveMQPlatformReconcilerErrorHandler - [updatelo] Pod 'test-hivemq-platform-0' phase Running
2025-01-28 20:47:17,116 INFO c.h.h.t.HelmChartContainer - [hivemq-test-hivemq-platform] [hivemq-platform-operator] [475da9a2] 20:47:17.116 [ReconcilerExecutor-hivemq-controller-107] INFO  c.h.p.o.h.HiveMQPlatformReconcilerBaseHandler - [updatelo] HiveMQ Platform is starting, 0 of 1 replicas are ready
2025-01-28 20:47:17,339 INFO c.h.h.t.HelmChartContainer - [test-hivemq-platform] [hivemq] [64f11788] INFO  - [HiveMQ Platform Operator Init 1.7.0-SNAPSHOT] HiveMQ Platform Operator Init 1.7.0-SNAPSHOT (commit: bebf408 on branch: HEAD) built on Sun Jan 26 20:47:47 UTC 2025
2025-01-28 20:47:18,533 INFO c.h.h.t.HelmChartContainer - [test-hivemq-platform] [hivemq] [64f11788] INFO  - [HiveMQ Platform Operator Init App 1.7.0-SNAPSHOT] Using bind address 10.42.0.13 from environment variable
2025-01-28 20:47:19,435 INFO c.h.h.t.HelmChartContainer - [test-hivemq-platform] [hivemq] [64f11788] INFO  - [HiveMQ Platform Operator Init App 1.7.0-SNAPSHOT] HiveMQ Platform Operator Init App 1.7.0-SNAPSHOT (commit: bebf408 on branch: HEAD) built on Sun Jan 26 20:47:47 UTC 2025
2025-01-28 20:47:19,436 INFO c.h.h.t.HelmChartContainer - [test-hivemq-platform] [hivemq] [64f11788] INFO  - [HiveMQ Platform Operator Init App 1.7.0-SNAPSHOT] PodInfo ConfigMap directory: /etc/podinfo
2025-01-28 20:47:19,437 INFO c.h.h.t.HelmChartContainer - [test-hivemq-platform] [hivemq] [64f11788] INFO  - [HiveMQ Platform Operator Init App 1.7.0-SNAPSHOT] HiveMQ home directory: /opt/hivemq
2025-01-28 20:47:19,437 INFO c.h.h.t.HelmChartContainer - [test-hivemq-platform] [hivemq] [64f11788] INFO  - [HiveMQ Platform Operator Init App 1.7.0-SNAPSHOT] HiveMQ Logback folder: /opt/hivemq/conf
2025-01-28 20:47:19,437 INFO c.h.h.t.HelmChartContainer - [test-hivemq-platform] [hivemq] [64f11788] INFO  - [HiveMQ Platform Operator Init App 1.7.0-SNAPSHOT] HiveMQ Config folder: /opt/hivemq/conf-k8s
2025-01-28 20:47:19,437 INFO c.h.h.t.HelmChartContainer - [test-hivemq-platform] [hivemq] [64f11788] INFO  - [HiveMQ Platform Operator Init App 1.7.0-SNAPSHOT] Starting HiveMQ Platform Operator Init App
2025-01-28 20:47:19,437 INFO c.h.h.t.HelmChartContainer - [test-hivemq-platform] [hivemq] [64f11788] INFO  - [HiveMQ Platform Operator Init App 1.7.0-SNAPSHOT] Starting Pod reconciler
2025-01-28 20:47:20,555 INFO c.h.h.t.HelmChartContainer - [test-hivemq-platform] [hivemq] [64f11788] INFO  - [HiveMQ Platform Operator Init App 1.7.0-SNAPSHOT] Pod reconciler is scheduled (interval: 5000 ms)
2025-01-28 20:47:20,555 INFO c.h.h.t.HelmChartContainer - [test-hivemq-platform] [hivemq] [64f11788] INFO  - [HiveMQ Platform Operator Init App 1.7.0-SNAPSHOT] Starting the REST API on 10.42.0.13:7979
2025-01-28 20:47:20,627 INFO c.h.h.t.HelmChartContainer - [test-hivemq-platform] [hivemq] [64f11788] INFO  - [HiveMQ Platform Operator Init App 1.7.0-SNAPSHOT] Waiting up to 600s for at most 1 HiveMQ nodes in cluster service hivemq-test-hivemq-platform-cluster.updateloglevelit.svc
2025-01-28 20:47:20,943 INFO c.h.h.t.HelmChartContainer - [test-hivemq-platform] [hivemq] [64f11788] INFO  - [HiveMQ Platform Operator Init App 1.7.0-SNAPSHOT] Resolved 1 IP addresses: [10.42.0.13]
2025-01-28 20:47:20,943 INFO c.h.h.t.HelmChartContainer - [test-hivemq-platform] [hivemq] [64f11788] INFO  - [HiveMQ Platform Operator Init App 1.7.0-SNAPSHOT] HiveMQ node count of 1 is within threshold of 1
2025-01-28 20:47:20,943 INFO c.h.h.t.HelmChartContainer - [test-hivemq-platform] [hivemq] [64f11788] INFO  - [HiveMQ Platform Operator Init App 1.7.0-SNAPSHOT] Proceeding with container start
2025-01-28 20:47:21,037 INFO c.h.h.t.HelmChartContainer - [test-hivemq-platform] [hivemq] [64f11788] INFO  - [HiveMQ Platform Operator Init App 1.7.0-SNAPSHOT] Initializing HiveMQ Platform extensions with initial configuration: {hivemq-allow-all-extension={start-priority=-1, skip-https-hostname-verification=false, restart=true, config-version=0, header-version=0, c-uri=, priority=-1, uri=preinstalled, skip-https-certificate-validation=false, enabled=true}, hivemq-prometheus-extension={start-priority=-1, priority=-1, restart=true, enabled=true, request-header-path=no-request-headers, uri=preinstalled, skip-https-certificate-validation=false, skip-https-hostname-verification=false, c-uri=}}
2025-01-28 20:47:21,448 INFO c.h.h.t.HelmChartContainer - [test-hivemq-platform] [hivemq] [64f11788] INFO  - [HiveMQ Platform Operator Init App 1.7.0-SNAPSHOT] Extension hivemq-allow-all-extension was already enabled
2025-01-28 20:47:21,539 INFO c.h.h.t.HelmChartContainer - [test-hivemq-platform] [hivemq] [64f11788] INFO  - [HiveMQ Platform Operator Init App 1.7.0-SNAPSHOT] Successfully enabled extension hivemq-prometheus-extension
2025-01-28 20:47:21,544 INFO c.h.h.t.HelmChartContainer - [test-hivemq-platform] [hivemq] [64f11788] INFO  - [HiveMQ Platform Operator Init App 1.7.0-SNAPSHOT] Starting HiveMQ Platform version 4.36.0 (4.36.0)
2025-01-28 20:47:21,544 INFO c.h.h.t.HelmChartContainer - [test-hivemq-platform] [hivemq] [64f11788] INFO  - [HiveMQ Platform Operator Init App 1.7.0-SNAPSHOT] Configuring the HiveMQ Platform
2025-01-28 20:47:21,634 INFO c.h.h.t.HelmChartContainer - [test-hivemq-platform] [hivemq] [64f11788] INFO  - [HiveMQ Platform Operator Init App 1.7.0-SNAPSHOT] Changed logback.xml file scan period to 20 seconds
2025-01-28 20:47:21,645 INFO c.h.h.t.HelmChartContainer - [test-hivemq-platform] [hivemq] [64f11788] INFO  - [HiveMQ Platform Operator Init App 1.7.0-SNAPSHOT] Starting the HiveMQ Platform
2025-01-28 20:47:21,728 INFO c.h.h.t.HelmChartContainer - [test-hivemq-platform] [hivemq] [64f11788] -------------------------------------------------------------------------
2025-01-28 20:47:21,728 INFO c.h.h.t.HelmChartContainer - [test-hivemq-platform] [hivemq] [64f11788] 
2025-01-28 20:47:21,728 INFO c.h.h.t.HelmChartContainer - [test-hivemq-platform] [hivemq] [64f11788]                   _    _  _              __  __   ____
2025-01-28 20:47:21,728 INFO c.h.h.t.HelmChartContainer - [test-hivemq-platform] [hivemq] [64f11788]                  | |  | |(_)            |  \/  | / __ \
2025-01-28 20:47:21,728 INFO c.h.h.t.HelmChartContainer - [test-hivemq-platform] [hivemq] [64f11788]                  | |__| | _ __   __ ___ | \  / || |  | |
2025-01-28 20:47:21,728 INFO c.h.h.t.HelmChartContainer - [test-hivemq-platform] [hivemq] [64f11788]                  |  __  || |\ \ / // _ \| |\/| || |  | |
2025-01-28 20:47:21,729 INFO c.h.h.t.HelmChartContainer - [test-hivemq-platform] [hivemq] [64f11788]                  | |  | || | \ V /|  __/| |  | || |__| |
2025-01-28 20:47:21,729 INFO c.h.h.t.HelmChartContainer - [test-hivemq-platform] [hivemq] [64f11788]                  |_|  |_||_|  \_/  \___||_|  |_| \___\_\
2025-01-28 20:47:21,729 INFO c.h.h.t.HelmChartContainer - [test-hivemq-platform] [hivemq] [64f11788] 
2025-01-28 20:47:21,729 INFO c.h.h.t.HelmChartContainer - [test-hivemq-platform] [hivemq] [64f11788] -------------------------------------------------------------------------
2025-01-28 20:47:21,729 INFO c.h.h.t.HelmChartContainer - [test-hivemq-platform] [hivemq] [64f11788] 
2025-01-28 20:47:21,729 INFO c.h.h.t.HelmChartContainer - [test-hivemq-platform] [hivemq] [64f11788]   HiveMQ Start Script for Linux/Unix v1.14
2025-01-28 20:47:21,729 INFO c.h.h.t.HelmChartContainer - [test-hivemq-platform] [hivemq] [64f11788] 
2025-01-28 20:47:21,757 INFO c.h.h.t.HelmChartContainer - [test-hivemq-platform] [hivemq] [64f11788] -------------------------------------------------------------------------
2025-01-28 20:47:21,757 INFO c.h.h.t.HelmChartContainer - [test-hivemq-platform] [hivemq] [64f11788] 
2025-01-28 20:47:21,757 INFO c.h.h.t.HelmChartContainer - [test-hivemq-platform] [hivemq] [64f11788]   HIVEMQ_HOME: /opt/hivemq
2025-01-28 20:47:21,757 INFO c.h.h.t.HelmChartContainer - [test-hivemq-platform] [hivemq] [64f11788] 
2025-01-28 20:47:21,757 INFO c.h.h.t.HelmChartContainer - [test-hivemq-platform] [hivemq] [64f11788]   JAVA_OPTS: -XX:+UnlockExperimentalVMOptions -XX:InitialRAMPercentage=50 -XX:MaxRAMPercentage=50 -Djava.net.preferIPv4Stack=true --add-opens java.base/java.lang=ALL-UNNAMED --add-opens java.base/java.nio=ALL-UNNAMED --add-opens java.base/sun.nio.ch=ALL-UNNAMED --add-opens jdk.management/com.sun.management.internal=ALL-UNNAMED --add-exports java.base/jdk.internal.misc=ALL-UNNAMED -Djava.security.egd=file:/dev/./urandom -Dcom.sun.management.jmxremote -Dcom.sun.management.jmxremote.port=9010 -Dcom.sun.management.jmxremote.local.only=false -Dcom.sun.management.jmxremote.authenticate=false -Dcom.sun.management.jmxremote.ssl=false -Duser.language=en -Duser.region=US -XX:+CrashOnOutOfMemoryError -XX:+HeapDumpOnOutOfMemoryError
2025-01-28 20:47:21,757 INFO c.h.h.t.HelmChartContainer - [test-hivemq-platform] [hivemq] [64f11788] 
2025-01-28 20:47:21,757 INFO c.h.h.t.HelmChartContainer - [test-hivemq-platform] [hivemq] [64f11788]   JAVA_VERSION: 21
2025-01-28 20:47:21,757 INFO c.h.h.t.HelmChartContainer - [test-hivemq-platform] [hivemq] [64f11788] 
2025-01-28 20:47:21,757 INFO c.h.h.t.HelmChartContainer - [test-hivemq-platform] [hivemq] [64f11788] -------------------------------------------------------------------------
2025-01-28 20:47:21,757 INFO c.h.h.t.HelmChartContainer - [test-hivemq-platform] [hivemq] [64f11788] 
2025-01-28 20:47:23,137 INFO c.h.h.t.HelmChartContainer - [test-hivemq-platform] [hivemq] [64f11788] INFO  - [HiveMQ Platform Operator Init App 1.7.0-SNAPSHOT] Returning default Health API response 503 for readiness
2025-01-28 20:47:23,441 INFO c.h.h.t.HelmChartContainer - [EVENT] Warning [Unhealthy] Readiness probe failed: HTTP probe failed with statuscode: 503 [updateloglevelit:test-hivemq-platform-0]
2025-01-28 20:47:23,441 INFO c.h.h.t.HelmChartContainer - Received Unhealthy event for container hivemq in pod test-hivemq-platform-0 [64f11788-5960-4e1c-bcb3-cc125422cd42]
2025-01-28 20:47:24,248 INFO c.h.h.t.HelmChartContainer - [test-hivemq-platform] [hivemq] [64f11788] INFO  - Starting HiveMQ Enterprise Server
2025-01-28 20:47:24,330 INFO c.h.h.t.HelmChartContainer - [test-hivemq-platform] [hivemq] [64f11788] INFO  - HiveMQ version: 4.36.0
2025-01-28 20:47:24,330 INFO c.h.h.t.HelmChartContainer - [test-hivemq-platform] [hivemq] [64f11788] INFO  - HiveMQ home directory: /opt/hivemq
2025-01-28 20:47:24,331 INFO c.h.h.t.HelmChartContainer - [test-hivemq-platform] [hivemq] [64f11788] INFO  - Log Configuration was overridden by /opt/hivemq/conf/logback.xml
2025-01-28 20:47:25,540 INFO c.h.h.t.HelmChartContainer - [test-hivemq-platform] [hivemq] [64f11788] INFO  - Successfully loaded configuration from '/opt/hivemq/conf-k8s/config.xml'.
2025-01-28 20:47:26,234 INFO c.h.h.t.HelmChartContainer - [test-hivemq-platform] [hivemq] [64f11788] INFO  - This node's ID is 3qNDM
2025-01-28 20:47:26,234 INFO c.h.h.t.HelmChartContainer - [test-hivemq-platform] [hivemq] [64f11788] INFO  - Clustering is enabled
2025-01-28 20:47:27,121 INFO c.h.h.t.HelmChartContainer - [hivemq-test-hivemq-platform] [hivemq-platform-operator] [475da9a2] 20:47:27.119 [pool-6-thread-15] DEBUG c.h.p.o.d.PlatformServiceResource - [updatelo] Desired Platform services (3 services)
2025-01-28 20:47:27,122 INFO c.h.h.t.HelmChartContainer - [hivemq-test-hivemq-platform] [hivemq-platform-operator] [475da9a2] 20:47:27.120 [pool-6-thread-11] DEBUG c.h.p.o.dependants.PodInfoConfigMap - [updatelo] Desired PodInfo ConfigMap (1 extensions) (1 enabled)
2025-01-28 20:47:27,122 INFO c.h.h.t.HelmChartContainer - [hivemq-test-hivemq-platform] [hivemq-platform-operator] [475da9a2] 20:47:27.120 [pool-6-thread-11] DEBUG c.h.p.o.dependants.PodInfoConfigMap - [updatelo] Desired PodInfo ConfigMap (metrics port: 9399) (metrics path: /)
2025-01-28 20:47:27,122 INFO c.h.h.t.HelmChartContainer - [hivemq-test-hivemq-platform] [hivemq-platform-operator] [475da9a2] 20:47:27.120 [pool-6-thread-11] DEBUG c.h.p.o.dependants.PodInfoConfigMap - [updatelo] Desired PodInfo ConfigMap (extension state hash: -1817474005)
2025-01-28 20:47:27,123 INFO c.h.h.t.HelmChartContainer - [hivemq-test-hivemq-platform] [hivemq-platform-operator] [475da9a2] 20:47:27.122 [pool-6-thread-16] DEBUG c.h.p.o.d.PodServiceAccountResource - [updatelo] Desired PodServiceAccountResource (serviceAccountName: hivemq-platform-pod-test-hivemq-platform)
2025-01-28 20:47:27,127 INFO c.h.h.t.HelmChartContainer - [hivemq-test-hivemq-platform] [hivemq-platform-operator] [475da9a2] 20:47:27.127 [pool-6-thread-15] DEBUG c.h.p.o.d.StatefulSetResource - [updatelo] Desired StatefulSet (1 replicas) for status STARTING (READY)
2025-01-28 20:47:27,139 INFO c.h.h.t.HelmChartContainer - [hivemq-test-hivemq-platform] [hivemq-platform-operator] [475da9a2] 20:47:27.138 [ReconcilerExecutor-hivemq-controller-108] INFO  c.h.p.o.HiveMQPlatformReconciler - [updatelo] Reconciling HiveMQ Platform 'test-hivemq-platform' in namespace 'updateloglevelit'
2025-01-28 20:47:27,140 INFO c.h.h.t.HelmChartContainer - [hivemq-test-hivemq-platform] [hivemq-platform-operator] [475da9a2] 20:47:27.139 [ReconcilerExecutor-hivemq-controller-108] DEBUG c.h.p.o.HiveMQPlatformReconciler - [updatelo] Custom Resource Status STARTING - HiveMQ Platform is starting (READY)
2025-01-28 20:47:27,143 INFO c.h.h.t.HelmChartContainer - [hivemq-test-hivemq-platform] [hivemq-platform-operator] [475da9a2] 20:47:27.139 [ReconcilerExecutor-hivemq-controller-108] DEBUG c.h.p.o.HiveMQPlatformReconciler - [updatelo] Custom Resource Spec (replicas: 1) (extensions: 1)
2025-01-28 20:47:27,143 INFO c.h.h.t.HelmChartContainer - [hivemq-test-hivemq-platform] [hivemq-platform-operator] [475da9a2] 20:47:27.142 [ReconcilerExecutor-hivemq-controller-108] DEBUG c.h.p.o.HiveMQPlatformReconciler - [updatelo] StatefulSet Status (revision: test-hivemq-platform-b697f795f, replicas: 1, available: 0, ready: 0, current: 1, updated: 1)
2025-01-28 20:47:27,144 INFO c.h.h.t.HelmChartContainer - [hivemq-test-hivemq-platform] [hivemq-platform-operator] [475da9a2] 20:47:27.142 [ReconcilerExecutor-hivemq-controller-108] DEBUG c.h.p.o.HiveMQPlatformReconciler - [updatelo] StatefulSet Spec (replicas: 1, init containers: 1, containers: 1, volumes: 3)
2025-01-28 20:47:27,209 INFO c.h.h.t.HelmChartContainer - [hivemq-test-hivemq-platform] [hivemq-platform-operator] [475da9a2] 20:47:27.206 [ReconcilerExecutor-hivemq-controller-108] DEBUG c.h.p.o.h.HiveMQPlatformReconcilerErrorHandler - [updatelo] Pod 'test-hivemq-platform-0' phase Running
2025-01-28 20:47:27,209 INFO c.h.h.t.HelmChartContainer - [hivemq-test-hivemq-platform] [hivemq-platform-operator] [475da9a2] 20:47:27.207 [ReconcilerExecutor-hivemq-controller-108] INFO  c.h.p.o.h.HiveMQPlatformReconcilerBaseHandler - [updatelo] HiveMQ Platform is starting, 0 of 1 replicas are ready
2025-01-28 20:47:28,538 INFO c.h.h.t.HelmChartContainer - [test-hivemq-platform] [hivemq] [64f11788] WARN  - [HiveMQ Platform Operator Init App 1.7.0-SNAPSHOT] Cannot connect to Health API for readiness: null
2025-01-28 20:47:28,543 INFO c.h.h.t.HelmChartContainer - [EVENT] Warning [Unhealthy] Readiness probe failed: HTTP probe failed with statuscode: 503 [updateloglevelit:test-hivemq-platform-0]
2025-01-28 20:47:28,543 INFO c.h.h.t.HelmChartContainer - Received Unhealthy event for container hivemq in pod test-hivemq-platform-0 [64f11788-5960-4e1c-bcb3-cc125422cd42]
2025-01-28 20:47:30,932 INFO c.h.h.t.HelmChartContainer - [test-hivemq-platform] [hivemq] [64f11788] Jan 28, 2025 8:47:30 PM io.vertx.core.impl.BlockedThreadChecker
2025-01-28 20:47:30,932 INFO c.h.h.t.HelmChartContainer - [test-hivemq-platform] [hivemq] [64f11788] WARNING: Thread Thread[vert.x-eventloop-thread-1,5,main] has been blocked for 2499 ms, time limit is 2000 ms
2025-01-28 20:47:31,230 INFO c.h.h.t.HelmChartContainer - [test-hivemq-platform] [hivemq] [64f11788] INFO  - [HiveMQ Platform Operator Init App 1.7.0-SNAPSHOT] Updating Pod HiveMQ Platform Operator Init App version annotation (version: 1.7.0-SNAPSHOT)
2025-01-28 20:47:31,942 INFO c.h.h.t.HelmChartContainer - [POD] test-hivemq-platform-0 [64f11788-5960-4e1c-bcb3-cc125422cd42] in updateloglevelit was MODIFIED
2025-01-28 20:47:31,952 INFO c.h.h.t.HelmChartContainer - [test-hivemq-platform] [hivemq] [64f11788] INFO  - [HiveMQ Platform Operator Init App 1.7.0-SNAPSHOT] Successfully updated Pod HiveMQ Platform Operator Init App version annotation (version: 1.7.0-SNAPSHOT)
2025-01-28 20:47:31,953 INFO c.h.h.t.HelmChartContainer - [hivemq-test-hivemq-platform] [hivemq-platform-operator] [475da9a2] 20:47:31.952 [pool-6-thread-23] DEBUG c.h.p.o.d.PlatformServiceResource - [updatelo] Desired Platform services (3 services)
2025-01-28 20:47:31,955 INFO c.h.h.t.HelmChartContainer - [hivemq-test-hivemq-platform] [hivemq-platform-operator] [475da9a2] 20:47:31.953 [pool-6-thread-22] DEBUG c.h.p.o.dependants.PodInfoConfigMap - [updatelo] Desired PodInfo ConfigMap (1 extensions) (1 enabled)
2025-01-28 20:47:31,955 INFO c.h.h.t.HelmChartContainer - [hivemq-test-hivemq-platform] [hivemq-platform-operator] [475da9a2] 20:47:31.954 [pool-6-thread-22] DEBUG c.h.p.o.dependants.PodInfoConfigMap - [updatelo] Desired PodInfo ConfigMap (metrics port: 9399) (metrics path: /)
2025-01-28 20:47:31,956 INFO c.h.h.t.HelmChartContainer - [hivemq-test-hivemq-platform] [hivemq-platform-operator] [475da9a2] 20:47:31.954 [pool-6-thread-22] DEBUG c.h.p.o.dependants.PodInfoConfigMap - [updatelo] Desired PodInfo ConfigMap (extension state hash: -1817474005)
2025-01-28 20:47:31,956 INFO c.h.h.t.HelmChartContainer - [hivemq-test-hivemq-platform] [hivemq-platform-operator] [475da9a2] 20:47:31.955 [pool-6-thread-22] DEBUG c.h.p.o.d.PodServiceAccountResource - [updatelo] Desired PodServiceAccountResource (serviceAccountName: hivemq-platform-pod-test-hivemq-platform)
2025-01-28 20:47:31,958 INFO c.h.h.t.HelmChartContainer - [test-hivemq-platform] [hivemq] [64f11788] WARN  - [HiveMQ Platform Operator Init App 1.7.0-SNAPSHOT] Cannot connect to Health API for readiness: null
2025-01-28 20:47:31,961 INFO c.h.h.t.HelmChartContainer - [hivemq-test-hivemq-platform] [hivemq-platform-operator] [475da9a2] 20:47:31.960 [pool-6-thread-23] DEBUG c.h.p.o.d.StatefulSetResource - [updatelo] Desired StatefulSet (1 replicas) for status STARTING (READY)
2025-01-28 20:47:31,965 INFO c.h.h.t.HelmChartContainer - [hivemq-test-hivemq-platform] [hivemq-platform-operator] [475da9a2] 20:47:31.964 [ReconcilerExecutor-hivemq-controller-109] INFO  c.h.p.o.HiveMQPlatformReconciler - [updatelo] Reconciling HiveMQ Platform 'test-hivemq-platform' in namespace 'updateloglevelit'
2025-01-28 20:47:31,965 INFO c.h.h.t.HelmChartContainer - [hivemq-test-hivemq-platform] [hivemq-platform-operator] [475da9a2] 20:47:31.964 [ReconcilerExecutor-hivemq-controller-109] DEBUG c.h.p.o.HiveMQPlatformReconciler - [updatelo] Custom Resource Status STARTING - HiveMQ Platform is starting (READY)
2025-01-28 20:47:31,965 INFO c.h.h.t.HelmChartContainer - [EVENT] Warning [Unhealthy] Readiness probe failed: HTTP probe failed with statuscode: 503 [updateloglevelit:test-hivemq-platform-0]
2025-01-28 20:47:31,965 INFO c.h.h.t.HelmChartContainer - Received Unhealthy event for container hivemq in pod test-hivemq-platform-0 [64f11788-5960-4e1c-bcb3-cc125422cd42]
2025-01-28 20:47:31,965 INFO c.h.h.t.HelmChartContainer - [hivemq-test-hivemq-platform] [hivemq-platform-operator] [475da9a2] 20:47:31.964 [ReconcilerExecutor-hivemq-controller-109] DEBUG c.h.p.o.HiveMQPlatformReconciler - [updatelo] Custom Resource Spec (replicas: 1) (extensions: 1)
2025-01-28 20:47:31,966 INFO c.h.h.t.HelmChartContainer - [hivemq-test-hivemq-platform] [hivemq-platform-operator] [475da9a2] 20:47:31.966 [ReconcilerExecutor-hivemq-controller-109] DEBUG c.h.p.o.HiveMQPlatformReconciler - [updatelo] StatefulSet Status (revision: test-hivemq-platform-b697f795f, replicas: 1, available: 0, ready: 0, current: 1, updated: 1)
2025-01-28 20:47:31,967 INFO c.h.h.t.HelmChartContainer - [hivemq-test-hivemq-platform] [hivemq-platform-operator] [475da9a2] 20:47:31.966 [ReconcilerExecutor-hivemq-controller-109] DEBUG c.h.p.o.HiveMQPlatformReconciler - [updatelo] StatefulSet Spec (replicas: 1, init containers: 1, containers: 1, volumes: 3)
2025-01-28 20:47:31,967 INFO c.h.h.t.HelmChartContainer - [hivemq-test-hivemq-platform] [hivemq-platform-operator] [475da9a2] 20:47:31.967 [ReconcilerExecutor-hivemq-controller-109] DEBUG c.h.p.o.h.HiveMQPlatformReconcilerErrorHandler - [updatelo] Pod 'test-hivemq-platform-0' phase Running
2025-01-28 20:47:31,968 INFO c.h.h.t.HelmChartContainer - [hivemq-test-hivemq-platform] [hivemq-platform-operator] [475da9a2] 20:47:31.967 [ReconcilerExecutor-hivemq-controller-109] INFO  c.h.p.o.h.HiveMQPlatformReconcilerBaseHandler - [updatelo] HiveMQ Platform is starting, 0 of 1 replicas are ready
2025-01-28 20:47:36,946 INFO c.h.h.t.HelmChartContainer - [test-hivemq-platform] [hivemq] [64f11788] WARN  - [HiveMQ Platform Operator Init App 1.7.0-SNAPSHOT] Cannot connect to Health API for readiness: null
2025-01-28 20:47:36,951 INFO c.h.h.t.HelmChartContainer - [EVENT] Warning [Unhealthy] Readiness probe failed: HTTP probe failed with statuscode: 503 [updateloglevelit:test-hivemq-platform-0]
2025-01-28 20:47:36,951 INFO c.h.h.t.HelmChartContainer - Received Unhealthy event for container hivemq in pod test-hivemq-platform-0 [64f11788-5960-4e1c-bcb3-cc125422cd42]
2025-01-28 20:47:41,975 INFO c.h.h.t.HelmChartContainer - [hivemq-test-hivemq-platform] [hivemq-platform-operator] [475da9a2] 20:47:41.971 [pool-6-thread-35] DEBUG c.h.p.o.d.PlatformServiceResource - [updatelo] Desired Platform services (3 services)
2025-01-28 20:47:41,975 INFO c.h.h.t.HelmChartContainer - [hivemq-test-hivemq-platform] [hivemq-platform-operator] [475da9a2] 20:47:41.972 [pool-6-thread-33] DEBUG c.h.p.o.dependants.PodInfoConfigMap - [updatelo] Desired PodInfo ConfigMap (1 extensions) (1 enabled)
2025-01-28 20:47:41,976 INFO c.h.h.t.HelmChartContainer - [hivemq-test-hivemq-platform] [hivemq-platform-operator] [475da9a2] 20:47:41.972 [pool-6-thread-33] DEBUG c.h.p.o.dependants.PodInfoConfigMap - [updatelo] Desired PodInfo ConfigMap (metrics port: 9399) (metrics path: /)
2025-01-28 20:47:41,981 INFO c.h.h.t.HelmChartContainer - [hivemq-test-hivemq-platform] [hivemq-platform-operator] [475da9a2] 20:47:41.976 [pool-6-thread-33] DEBUG c.h.p.o.dependants.PodInfoConfigMap - [updatelo] Desired PodInfo ConfigMap (extension state hash: -1817474005)
2025-01-28 20:47:41,981 INFO c.h.h.t.HelmChartContainer - [hivemq-test-hivemq-platform] [hivemq-platform-operator] [475da9a2] 20:47:41.974 [pool-6-thread-32] DEBUG c.h.p.o.d.PodServiceAccountResource - [updatelo] Desired PodServiceAccountResource (serviceAccountName: hivemq-platform-pod-test-hivemq-platform)
2025-01-28 20:47:41,981 INFO c.h.h.t.HelmChartContainer - [hivemq-test-hivemq-platform] [hivemq-platform-operator] [475da9a2] 20:47:41.978 [pool-6-thread-33] DEBUG c.h.p.o.d.StatefulSetResource - [updatelo] Desired StatefulSet (1 replicas) for status STARTING (READY)
2025-01-28 20:47:41,985 INFO c.h.h.t.HelmChartContainer - [hivemq-test-hivemq-platform] [hivemq-platform-operator] [475da9a2] 20:47:41.982 [ReconcilerExecutor-hivemq-controller-110] INFO  c.h.p.o.HiveMQPlatformReconciler - [updatelo] Reconciling HiveMQ Platform 'test-hivemq-platform' in namespace 'updateloglevelit'
2025-01-28 20:47:41,985 INFO c.h.h.t.HelmChartContainer - [hivemq-test-hivemq-platform] [hivemq-platform-operator] [475da9a2] 20:47:41.982 [ReconcilerExecutor-hivemq-controller-110] DEBUG c.h.p.o.HiveMQPlatformReconciler - [updatelo] Custom Resource Status STARTING - HiveMQ Platform is starting (READY)
2025-01-28 20:47:41,985 INFO c.h.h.t.HelmChartContainer - [hivemq-test-hivemq-platform] [hivemq-platform-operator] [475da9a2] 20:47:41.982 [ReconcilerExecutor-hivemq-controller-110] DEBUG c.h.p.o.HiveMQPlatformReconciler - [updatelo] Custom Resource Spec (replicas: 1) (extensions: 1)
2025-01-28 20:47:41,987 INFO c.h.h.t.HelmChartContainer - [hivemq-test-hivemq-platform] [hivemq-platform-operator] [475da9a2] 20:47:41.984 [ReconcilerExecutor-hivemq-controller-110] DEBUG c.h.p.o.HiveMQPlatformReconciler - [updatelo] StatefulSet Status (revision: test-hivemq-platform-b697f795f, replicas: 1, available: 0, ready: 0, current: 1, updated: 1)
2025-01-28 20:47:41,987 INFO c.h.h.t.HelmChartContainer - [hivemq-test-hivemq-platform] [hivemq-platform-operator] [475da9a2] 20:47:41.984 [ReconcilerExecutor-hivemq-controller-110] DEBUG c.h.p.o.HiveMQPlatformReconciler - [updatelo] StatefulSet Spec (replicas: 1, init containers: 1, containers: 1, volumes: 3)
2025-01-28 20:47:41,988 INFO c.h.h.t.HelmChartContainer - [hivemq-test-hivemq-platform] [hivemq-platform-operator] [475da9a2] 20:47:41.987 [ReconcilerExecutor-hivemq-controller-110] DEBUG c.h.p.o.h.HiveMQPlatformReconcilerErrorHandler - [updatelo] Pod 'test-hivemq-platform-0' phase Running
2025-01-28 20:47:41,988 INFO c.h.h.t.HelmChartContainer - [hivemq-test-hivemq-platform] [hivemq-platform-operator] [475da9a2] 20:47:41.988 [ReconcilerExecutor-hivemq-controller-110] INFO  c.h.p.o.h.HiveMQPlatformReconcilerBaseHandler - [updatelo] HiveMQ Platform is starting, 0 of 1 replicas are ready
2025-01-28 20:47:42,029 INFO c.h.h.t.HelmChartContainer - [test-hivemq-platform] [hivemq] [64f11788] WARN  - [HiveMQ Platform Operator Init App 1.7.0-SNAPSHOT] Cannot connect to Health API for readiness: null
2025-01-28 20:47:42,035 INFO c.h.h.t.HelmChartContainer - [EVENT] Warning [Unhealthy] Readiness probe failed: HTTP probe failed with statuscode: 503 [updateloglevelit:test-hivemq-platform-0]
2025-01-28 20:47:42,035 INFO c.h.h.t.HelmChartContainer - Received Unhealthy event for container hivemq in pod test-hivemq-platform-0 [64f11788-5960-4e1c-bcb3-cc125422cd42]
2025-01-28 20:47:43,635 INFO c.h.h.t.HelmChartContainer - [test-hivemq-platform] [hivemq] [64f11788] INFO  - No valid license file found. Using trial license, restricted to 25 connections.
2025-01-28 20:47:43,833 INFO c.h.h.t.HelmChartContainer - [test-hivemq-platform] [hivemq] [64f11788] WARN  - [HiveMQ Platform Operator Init App 1.7.0-SNAPSHOT] Cannot connect to Health API for liveness: null
2025-01-28 20:47:43,833 INFO c.h.h.t.HelmChartContainer - [test-hivemq-platform] [hivemq] [64f11788] INFO  - [HiveMQ Platform Operator Init App 1.7.0-SNAPSHOT] Returning default Health API response 200 for liveness
2025-01-28 20:47:46,742 INFO c.h.h.t.HelmChartContainer - [test-hivemq-platform] [hivemq] [64f11788] INFO  - No valid license file for Data Hub found. Using free license, restricted to 1 policy.
2025-01-28 20:47:47,030 INFO c.h.h.t.HelmChartContainer - [test-hivemq-platform] [hivemq] [64f11788] WARN  - [HiveMQ Platform Operator Init App 1.7.0-SNAPSHOT] Cannot connect to Health API for readiness: null
2025-01-28 20:47:47,038 INFO c.h.h.t.HelmChartContainer - [EVENT] Warning [Unhealthy] Readiness probe failed: HTTP probe failed with statuscode: 503 [updateloglevelit:test-hivemq-platform-0]
2025-01-28 20:47:47,038 INFO c.h.h.t.HelmChartContainer - Received Unhealthy event for container hivemq in pod test-hivemq-platform-0 [64f11788-5960-4e1c-bcb3-cc125422cd42]
2025-01-28 20:47:47,951 INFO c.h.h.t.HelmChartContainer - [test-hivemq-platform] [hivemq] [64f11788] INFO  - Audit Logger started.
2025-01-28 20:47:48,250 INFO c.h.h.t.HelmChartContainer - [test-hivemq-platform] [hivemq] [64f11788] INFO  - This node uses '1' CPU cores.
2025-01-28 20:47:48,254 INFO c.h.h.t.HelmChartContainer - [test-hivemq-platform] [hivemq] [64f11788] INFO  - Starting HiveMQ Health API on address 0.0.0.0 and port 8889
2025-01-28 20:47:49,034 INFO c.h.h.t.HelmChartContainer - [test-hivemq-platform] [hivemq] [64f11788] INFO  - Started HiveMQ Health API in 779ms
2025-01-28 20:47:49,543 INFO c.h.h.t.HelmChartContainer - [test-hivemq-platform] [hivemq] [64f11788] INFO  - Starting HiveMQ extension system.
2025-01-28 20:47:49,742 INFO c.h.h.t.HelmChartContainer - [test-hivemq-platform] [hivemq] [64f11788] INFO  - Starting extension with id "hivemq-dns-cluster-discovery" at /opt/hivemq/extensions/hivemq-dns-cluster-discovery
2025-01-28 20:47:50,238 INFO c.h.h.t.HelmChartContainer - [test-hivemq-platform] [hivemq] [64f11788] INFO  - Using TCP cluster transport on address 10.42.0.13 and port 7000
2025-01-28 20:47:50,329 INFO c.h.h.t.HelmChartContainer - [test-hivemq-platform] [hivemq] [64f11788] INFO  - Using extension cluster discovery
2025-01-28 20:47:50,334 INFO c.h.h.t.HelmChartContainer - [test-hivemq-platform] [hivemq] [64f11788] INFO  - Extension "DNS Cluster Discovery Extension" version 4.3.2 started successfully.
2025-01-28 20:47:50,335 INFO c.h.h.t.HelmChartContainer - [test-hivemq-platform] [hivemq] [64f11788] INFO  - Starting extension with id "hivemq-prometheus-extension" at /opt/hivemq/extensions/hivemq-prometheus-extension
2025-01-28 20:47:51,330 INFO c.h.h.t.HelmChartContainer - [test-hivemq-platform] [hivemq] [64f11788] INFO  - Started Jetty Server exposing Prometheus Servlet on URI http://0.0.0.0:9399/
2025-01-28 20:47:51,330 INFO c.h.h.t.HelmChartContainer - [test-hivemq-platform] [hivemq] [64f11788] INFO  - Extension "Prometheus Monitoring Extension" version 4.0.12 started successfully.
2025-01-28 20:47:51,331 INFO c.h.h.t.HelmChartContainer - [test-hivemq-platform] [hivemq] [64f11788] INFO  - Starting extension with id "hivemq-allow-all-extension" at /opt/hivemq/extensions/hivemq-allow-all-extension
2025-01-28 20:47:51,331 INFO c.h.h.t.HelmChartContainer - [test-hivemq-platform] [hivemq] [64f11788] WARN  - 
2025-01-28 20:47:51,331 INFO c.h.h.t.HelmChartContainer - [test-hivemq-platform] [hivemq] [64f11788] ################################################################################################################
2025-01-28 20:47:51,331 INFO c.h.h.t.HelmChartContainer - [test-hivemq-platform] [hivemq] [64f11788] # This HiveMQ deployment is not secure! You are lacking Authentication and Authorization.                      #
2025-01-28 20:47:51,331 INFO c.h.h.t.HelmChartContainer - [test-hivemq-platform] [hivemq] [64f11788] # Right now any MQTT client can connect to the broker with a full set of permissions.                          #
2025-01-28 20:47:51,331 INFO c.h.h.t.HelmChartContainer - [test-hivemq-platform] [hivemq] [64f11788] # For production usage, add an appropriate security extension and remove the hivemq-allow-all extension.       #
2025-01-28 20:47:51,331 INFO c.h.h.t.HelmChartContainer - [test-hivemq-platform] [hivemq] [64f11788] # You can download security extensions from the HiveMQ Marketplace (https://www.hivemq.com/extensions/).       #
2025-01-28 20:47:51,331 INFO c.h.h.t.HelmChartContainer - [test-hivemq-platform] [hivemq] [64f11788] ################################################################################################################
2025-01-28 20:47:51,331 INFO c.h.h.t.HelmChartContainer - [test-hivemq-platform] [hivemq] [64f11788] INFO  - Extension "Allow All Extension" version 1.1.1 started successfully.
2025-01-28 20:47:51,993 INFO c.h.h.t.HelmChartContainer - [hivemq-test-hivemq-platform] [hivemq-platform-operator] [475da9a2] 20:47:51.991 [pool-6-thread-47] DEBUG c.h.p.o.d.PlatformServiceResource - [updatelo] Desired Platform services (3 services)
2025-01-28 20:47:51,995 INFO c.h.h.t.HelmChartContainer - [hivemq-test-hivemq-platform] [hivemq-platform-operator] [475da9a2] 20:47:51.993 [pool-6-thread-45] DEBUG c.h.p.o.d.PodServiceAccountResource - [updatelo] Desired PodServiceAccountResource (serviceAccountName: hivemq-platform-pod-test-hivemq-platform)
2025-01-28 20:47:51,996 INFO c.h.h.t.HelmChartContainer - [hivemq-test-hivemq-platform] [hivemq-platform-operator] [475da9a2] 20:47:51.994 [pool-6-thread-46] DEBUG c.h.p.o.dependants.PodInfoConfigMap - [updatelo] Desired PodInfo ConfigMap (1 extensions) (1 enabled)
2025-01-28 20:47:51,996 INFO c.h.h.t.HelmChartContainer - [hivemq-test-hivemq-platform] [hivemq-platform-operator] [475da9a2] 20:47:51.994 [pool-6-thread-46] DEBUG c.h.p.o.dependants.PodInfoConfigMap - [updatelo] Desired PodInfo ConfigMap (metrics port: 9399) (metrics path: /)
2025-01-28 20:47:51,996 INFO c.h.h.t.HelmChartContainer - [hivemq-test-hivemq-platform] [hivemq-platform-operator] [475da9a2] 20:47:51.994 [pool-6-thread-46] DEBUG c.h.p.o.dependants.PodInfoConfigMap - [updatelo] Desired PodInfo ConfigMap (extension state hash: -1817474005)
2025-01-28 20:47:52,002 INFO c.h.h.t.HelmChartContainer - [hivemq-test-hivemq-platform] [hivemq-platform-operator] [475da9a2] 20:47:52.001 [pool-6-thread-47] DEBUG c.h.p.o.d.StatefulSetResource - [updatelo] Desired StatefulSet (1 replicas) for status STARTING (READY)
2025-01-28 20:47:52,073 INFO c.h.h.t.HelmChartContainer - [hivemq-test-hivemq-platform] [hivemq-platform-operator] [475da9a2] 20:47:52.070 [ReconcilerExecutor-hivemq-controller-111] INFO  c.h.p.o.HiveMQPlatformReconciler - [updatelo] Reconciling HiveMQ Platform 'test-hivemq-platform' in namespace 'updateloglevelit'
2025-01-28 20:47:52,073 INFO c.h.h.t.HelmChartContainer - [hivemq-test-hivemq-platform] [hivemq-platform-operator] [475da9a2] 20:47:52.070 [ReconcilerExecutor-hivemq-controller-111] DEBUG c.h.p.o.HiveMQPlatformReconciler - [updatelo] Custom Resource Status STARTING - HiveMQ Platform is starting (READY)
2025-01-28 20:47:52,073 INFO c.h.h.t.HelmChartContainer - [hivemq-test-hivemq-platform] [hivemq-platform-operator] [475da9a2] 20:47:52.070 [ReconcilerExecutor-hivemq-controller-111] DEBUG c.h.p.o.HiveMQPlatformReconciler - [updatelo] Custom Resource Spec (replicas: 1) (extensions: 1)
2025-01-28 20:47:52,074 INFO c.h.h.t.HelmChartContainer - [hivemq-test-hivemq-platform] [hivemq-platform-operator] [475da9a2] 20:47:52.072 [ReconcilerExecutor-hivemq-controller-111] DEBUG c.h.p.o.HiveMQPlatformReconciler - [updatelo] StatefulSet Status (revision: test-hivemq-platform-b697f795f, replicas: 1, available: 0, ready: 0, current: 1, updated: 1)
2025-01-28 20:47:52,074 INFO c.h.h.t.HelmChartContainer - [hivemq-test-hivemq-platform] [hivemq-platform-operator] [475da9a2] 20:47:52.072 [ReconcilerExecutor-hivemq-controller-111] DEBUG c.h.p.o.HiveMQPlatformReconciler - [updatelo] StatefulSet Spec (replicas: 1, init containers: 1, containers: 1, volumes: 3)
2025-01-28 20:47:52,076 INFO c.h.h.t.HelmChartContainer - [hivemq-test-hivemq-platform] [hivemq-platform-operator] [475da9a2] 20:47:52.074 [ReconcilerExecutor-hivemq-controller-111] DEBUG c.h.p.o.h.HiveMQPlatformReconcilerErrorHandler - [updatelo] Pod 'test-hivemq-platform-0' phase Running
2025-01-28 20:47:52,076 INFO c.h.h.t.HelmChartContainer - [hivemq-test-hivemq-platform] [hivemq-platform-operator] [475da9a2] 20:47:52.075 [ReconcilerExecutor-hivemq-controller-111] INFO  c.h.p.o.h.HiveMQPlatformReconcilerBaseHandler - [updatelo] HiveMQ Platform is starting, 0 of 1 replicas are ready
2025-01-28 20:47:52,339 INFO c.h.h.t.HelmChartContainer - [test-hivemq-platform] [hivemq] [64f11788] INFO  - [HiveMQ Platform Operator Init App 1.7.0-SNAPSHOT] Returning Health API response 503 for readiness
2025-01-28 20:47:52,343 INFO c.h.h.t.HelmChartContainer - [EVENT] Warning [Unhealthy] Readiness probe failed: HTTP probe failed with statuscode: 503 [updateloglevelit:test-hivemq-platform-0]
2025-01-28 20:47:52,343 INFO c.h.h.t.HelmChartContainer - Received Unhealthy event for container hivemq in pod test-hivemq-platform-0 [64f11788-5960-4e1c-bcb3-cc125422cd42]
2025-01-28 20:47:53,329 INFO c.h.h.t.HelmChartContainer - [test-hivemq-platform] [hivemq] [64f11788] INFO  - 3qNDM: no members discovered after 2401 ms: creating cluster as first member
2025-01-28 20:47:53,336 INFO c.h.h.t.HelmChartContainer - [test-hivemq-platform] [hivemq] [64f11788] INFO  - Cluster nodes found by discovery: [3qNDM|0] (1) [3qNDM].
2025-01-28 20:47:53,433 INFO c.h.h.t.HelmChartContainer - [test-hivemq-platform] [hivemq] [64f11788] WARN  - No user for HiveMQ Control Center configured. Starting with default user
2025-01-28 20:47:53,433 INFO c.h.h.t.HelmChartContainer - [test-hivemq-platform] [hivemq] [64f11788] INFO  - Starting HiveMQ Control Center on address 0.0.0.0 and port 8080
2025-01-28 20:47:53,436 INFO c.h.h.t.HelmChartContainer - [test-hivemq-platform] [hivemq] [64f11788] INFO  - Mounting HiveMQ Control Center V2 Preview
2025-01-28 20:47:53,679 INFO c.h.h.t.HelmChartContainer - [K3S] [range_allocator.go:247] "Successfully synced" key="e242dccaa35f"
2025-01-28 20:47:53,938 INFO c.h.h.t.HelmChartContainer - [test-hivemq-platform] [hivemq] [64f11788] INFO  - Started HiveMQ Control Center in 506ms
2025-01-28 20:47:54,031 INFO c.h.h.t.HelmChartContainer - [test-hivemq-platform] [hivemq] [64f11788] INFO  - Starting TCP listener on address 0.0.0.0 and port 1883
2025-01-28 20:47:54,044 INFO c.h.h.t.HelmChartContainer - [test-hivemq-platform] [hivemq] [64f11788] INFO  - Started TCP Listener on address 0.0.0.0 and on port 1883.
2025-01-28 20:47:54,044 INFO c.h.h.t.HelmChartContainer - [test-hivemq-platform] [hivemq] [64f11788] INFO  - Started HiveMQ in 30107ms
2025-01-28 20:47:56,945 INFO c.h.h.t.HelmChartContainer - [test-hivemq-platform] [hivemq] [64f11788] INFO  - [HiveMQ Platform Operator Init App 1.7.0-SNAPSHOT] Returning Health API response 200 for readiness
2025-01-28 20:47:56,958 INFO c.h.h.t.HelmChartContainer - [POD] test-hivemq-platform-0 [64f11788-5960-4e1c-bcb3-cc125422cd42] in updateloglevelit was MODIFIED
2025-01-28 20:47:56,971 INFO c.h.h.t.HelmChartContainer - [hivemq-test-hivemq-platform] [hivemq-platform-operator] [475da9a2] 20:47:56.964 [pool-6-thread-5] DEBUG c.h.p.o.d.PlatformServiceResource - [updatelo] Desired Platform services (3 services)
2025-01-28 20:47:56,971 INFO c.h.h.t.HelmChartContainer - [hivemq-test-hivemq-platform] [hivemq-platform-operator] [475da9a2] 20:47:56.967 [pool-6-thread-4] DEBUG c.h.p.o.dependants.PodInfoConfigMap - [updatelo] Desired PodInfo ConfigMap (1 extensions) (1 enabled)
2025-01-28 20:47:56,971 INFO c.h.h.t.HelmChartContainer - [hivemq-test-hivemq-platform] [hivemq-platform-operator] [475da9a2] 20:47:56.968 [pool-6-thread-3] DEBUG c.h.p.o.d.PodServiceAccountResource - [updatelo] Desired PodServiceAccountResource (serviceAccountName: hivemq-platform-pod-test-hivemq-platform)
2025-01-28 20:47:56,971 INFO c.h.h.t.HelmChartContainer - [hivemq-test-hivemq-platform] [hivemq-platform-operator] [475da9a2] 20:47:56.967 [pool-6-thread-4] DEBUG c.h.p.o.dependants.PodInfoConfigMap - [updatelo] Desired PodInfo ConfigMap (metrics port: 9399) (metrics path: /)
2025-01-28 20:47:56,971 INFO c.h.h.t.HelmChartContainer - [hivemq-test-hivemq-platform] [hivemq-platform-operator] [475da9a2] 20:47:56.969 [pool-6-thread-4] DEBUG c.h.p.o.dependants.PodInfoConfigMap - [updatelo] Desired PodInfo ConfigMap (extension state hash: -1817474005)
2025-01-28 20:47:56,976 INFO c.h.h.t.HelmChartContainer - [hivemq-test-hivemq-platform] [hivemq-platform-operator] [475da9a2] 20:47:56.973 [pool-6-thread-9] DEBUG c.h.p.o.d.StatefulSetResource - [updatelo] Desired StatefulSet (1 replicas) for status STARTING (READY)
2025-01-28 20:47:57,010 INFO c.h.h.t.HelmChartContainer - [hivemq-test-hivemq-platform] [hivemq-platform-operator] [475da9a2] 20:47:57.009 [ReconcilerExecutor-hivemq-controller-112] INFO  c.h.p.o.HiveMQPlatformReconciler - [updatelo] Reconciling HiveMQ Platform 'test-hivemq-platform' in namespace 'updateloglevelit'
2025-01-28 20:47:57,011 INFO c.h.h.t.HelmChartContainer - [hivemq-test-hivemq-platform] [hivemq-platform-operator] [475da9a2] 20:47:57.009 [ReconcilerExecutor-hivemq-controller-112] DEBUG c.h.p.o.HiveMQPlatformReconciler - [updatelo] Custom Resource Status STARTING - HiveMQ Platform is starting (READY)
2025-01-28 20:47:57,011 INFO c.h.h.t.HelmChartContainer - [hivemq-test-hivemq-platform] [hivemq-platform-operator] [475da9a2] 20:47:57.009 [ReconcilerExecutor-hivemq-controller-112] DEBUG c.h.p.o.HiveMQPlatformReconciler - [updatelo] Custom Resource Spec (replicas: 1) (extensions: 1)
2025-01-28 20:47:57,012 INFO c.h.h.t.HelmChartContainer - [hivemq-test-hivemq-platform] [hivemq-platform-operator] [475da9a2] 20:47:57.010 [ReconcilerExecutor-hivemq-controller-112] DEBUG c.h.p.o.HiveMQPlatformReconciler - [updatelo] StatefulSet Status (revision: test-hivemq-platform-b697f795f, replicas: 1, available: 1, ready: 1, current: 1, updated: 1)
2025-01-28 20:47:57,012 INFO c.h.h.t.HelmChartContainer - [hivemq-test-hivemq-platform] [hivemq-platform-operator] [475da9a2] 20:47:57.010 [ReconcilerExecutor-hivemq-controller-112] DEBUG c.h.p.o.HiveMQPlatformReconciler - [updatelo] StatefulSet Spec (replicas: 1, init containers: 1, containers: 1, volumes: 3)
2025-01-28 20:47:57,013 INFO c.h.h.t.HelmChartContainer - [hivemq-test-hivemq-platform] [hivemq-platform-operator] [475da9a2] 20:47:57.012 [ReconcilerExecutor-hivemq-controller-112] DEBUG c.h.p.o.h.HiveMQPlatformReconcilerErrorHandler - [updatelo] Pod 'test-hivemq-platform-0' phase Running
2025-01-28 20:47:57,014 INFO c.h.h.t.HelmChartContainer - [hivemq-test-hivemq-platform] [hivemq-platform-operator] [475da9a2] 20:47:57.013 [ReconcilerExecutor-hivemq-controller-112] INFO  c.h.p.o.h.HiveMQPlatformReconcilerBaseHandler - [updatelo] HiveMQ Platform started successfully
2025-01-28 20:47:57,111 INFO c.h.h.t.HelmChartContainer - [hivemq-test-hivemq-platform] [hivemq-platform-operator] [475da9a2] 20:47:57.110 [ReconcilerExecutor-hivemq-controller-112] DEBUG c.h.p.operator.event.EventSender - [updatelo] Creating K8s event hivemq-platform-ready: [Ready] HiveMQ Platform is ready
2025-01-28 20:47:57,114 INFO c.h.h.t.HelmChartContainer - [EVENT] Normal [Ready] HiveMQ Platform is ready [updateloglevelit:test-hivemq-platform]
2025-01-28 20:47:57,115 INFO c.h.h.t.HelmChartContainer - [hivemq-test-hivemq-platform] [hivemq-platform-operator] [475da9a2] 20:47:57.114 [ReconcilerExecutor-hivemq-controller-112] INFO  c.h.p.o.h.AbstractHiveMQReconcilerStateHandler - [updatelo] Update HiveMQ Platform Status (STARTING [READY] -> RUNNING [READY]): HiveMQ Platform is ready
2025-01-28 20:47:57,121 DEBUG com.hivemq.helmcharts.util.K8sUtil - Comparing actual state 'RUNNING' and waiting for 'RUNNING'
2025-01-28 20:47:57,179 INFO c.h.h.t.HelmChartContainer - [hivemq-test-hivemq-platform] [hivemq-platform-operator] [475da9a2] 20:47:57.178 [pool-6-thread-17] DEBUG c.h.p.o.d.PlatformServiceResource - [updatelo] Desired Platform services (3 services)
2025-01-28 20:47:57,209 INFO c.h.h.t.HelmChartContainer - [hivemq-test-hivemq-platform] [hivemq-platform-operator] [475da9a2] 20:47:57.207 [pool-6-thread-13] DEBUG c.h.p.o.d.PodServiceAccountResource - [updatelo] Desired PodServiceAccountResource (serviceAccountName: hivemq-platform-pod-test-hivemq-platform)
2025-01-28 20:47:57,210 INFO c.h.h.t.HelmChartContainer - [hivemq-test-hivemq-platform] [hivemq-platform-operator] [475da9a2] 20:47:57.209 [pool-6-thread-14] DEBUG c.h.p.o.dependants.PodInfoConfigMap - [updatelo] Desired PodInfo ConfigMap (1 extensions) (1 enabled)
2025-01-28 20:47:57,210 INFO c.h.h.t.HelmChartContainer - [hivemq-test-hivemq-platform] [hivemq-platform-operator] [475da9a2] 20:47:57.210 [pool-6-thread-14] DEBUG c.h.p.o.dependants.PodInfoConfigMap - [updatelo] Desired PodInfo ConfigMap (metrics port: 9399) (metrics path: /)
2025-01-28 20:47:57,210 INFO c.h.h.t.HelmChartContainer - [hivemq-test-hivemq-platform] [hivemq-platform-operator] [475da9a2] 20:47:57.210 [pool-6-thread-14] DEBUG c.h.p.o.dependants.PodInfoConfigMap - [updatelo] Desired PodInfo ConfigMap (extension state hash: -1817474005)
2025-01-28 20:47:57,212 INFO c.h.h.t.HelmChartContainer - [hivemq-test-hivemq-platform] [hivemq-platform-operator] [475da9a2] 20:47:57.211 [pool-6-thread-14] DEBUG c.h.p.o.dependants.PodInfoConfigMap - [updatelo] Update PodInfo ConfigMap
2025-01-28 20:47:57,273 INFO c.h.h.t.HelmChartContainer - [hivemq-test-hivemq-platform] [hivemq-platform-operator] [475da9a2] 20:47:57.272 [pool-6-thread-14] DEBUG c.h.p.o.d.StatefulSetResource - [updatelo] Desired StatefulSet (1 replicas) for status RUNNING (READY)
2025-01-28 20:47:57,307 INFO c.h.h.t.HelmChartContainer - [hivemq-test-hivemq-platform] [hivemq-platform-operator] [475da9a2] 20:47:57.306 [ReconcilerExecutor-hivemq-controller-113] INFO  c.h.p.o.HiveMQPlatformReconciler - [updatelo] Reconciling HiveMQ Platform 'test-hivemq-platform' in namespace 'updateloglevelit'
2025-01-28 20:47:57,307 INFO c.h.h.t.HelmChartContainer - [hivemq-test-hivemq-platform] [hivemq-platform-operator] [475da9a2] 20:47:57.306 [ReconcilerExecutor-hivemq-controller-113] DEBUG c.h.p.o.HiveMQPlatformReconciler - [updatelo] Custom Resource Status RUNNING - HiveMQ Platform is ready (READY)
2025-01-28 20:47:57,308 INFO c.h.h.t.HelmChartContainer - [hivemq-test-hivemq-platform] [hivemq-platform-operator] [475da9a2] 20:47:57.306 [ReconcilerExecutor-hivemq-controller-113] DEBUG c.h.p.o.HiveMQPlatformReconciler - [updatelo] Custom Resource Spec (replicas: 1) (extensions: 1)
2025-01-28 20:47:57,309 INFO c.h.h.t.HelmChartContainer - [hivemq-test-hivemq-platform] [hivemq-platform-operator] [475da9a2] 20:47:57.308 [ReconcilerExecutor-hivemq-controller-113] DEBUG c.h.p.o.HiveMQPlatformReconciler - [updatelo] StatefulSet Status (revision: test-hivemq-platform-b697f795f, replicas: 1, available: 1, ready: 1, current: 1, updated: 1)
2025-01-28 20:47:57,310 INFO c.h.h.t.HelmChartContainer - [hivemq-test-hivemq-platform] [hivemq-platform-operator] [475da9a2] 20:47:57.308 [ReconcilerExecutor-hivemq-controller-113] DEBUG c.h.p.o.HiveMQPlatformReconciler - [updatelo] StatefulSet Spec (replicas: 1, init containers: 1, containers: 1, volumes: 3)
2025-01-28 20:47:57,310 INFO c.h.h.t.HelmChartContainer - [hivemq-test-hivemq-platform] [hivemq-platform-operator] [475da9a2] 20:47:57.309 [ReconcilerExecutor-hivemq-controller-113] DEBUG c.h.p.o.h.HiveMQPlatformReconcilerErrorHandler - [updatelo] Pod 'test-hivemq-platform-0' phase Running
2025-01-28 20:47:59,131 INFO c.h.h.platform.UpdateLogLevelIT - Assert original logback.xml in pods
2025-01-28 20:47:59,215 INFO c.h.h.platform.UpdateLogLevelIT - Trigger update of log level
2025-01-28 20:47:59,272 DEBUG c.h.h.t.HelmChartContainer - Executing helm command: /bin/helm --kubeconfig /etc/rancher/k3s/k3s.yaml upgrade test-hivemq-platform /charts/hivemq-platform --wait --timeout 5m0s --set image.repository=docker.io/hivemq --set image.tag=4.36.0 --set image.pullPolicy=Never --set nodes.resources.cpu=512m --set nodes.logLevel=WARN --namespace updateloglevelit
2025-01-28 20:47:59,635 INFO c.h.h.t.HelmChartContainer - [hivemq-test-hivemq-platform] [hivemq-platform-operator] [475da9a2] 20:47:59.631 [pool-6-thread-28] DEBUG c.h.p.o.d.PlatformServiceResource - [updatelo] Desired Platform services (3 services)
2025-01-28 20:47:59,635 INFO c.h.h.t.HelmChartContainer - [hivemq-test-hivemq-platform] [hivemq-platform-operator] [475da9a2] 20:47:59.631 [pool-6-thread-27] DEBUG c.h.p.o.dependants.PodInfoConfigMap - [updatelo] Desired PodInfo ConfigMap (1 extensions) (1 enabled)
2025-01-28 20:47:59,635 INFO c.h.h.t.HelmChartContainer - [hivemq-test-hivemq-platform] [hivemq-platform-operator] [475da9a2] 20:47:59.631 [pool-6-thread-27] DEBUG c.h.p.o.dependants.PodInfoConfigMap - [updatelo] Desired PodInfo ConfigMap (metrics port: 9399) (metrics path: /)
2025-01-28 20:47:59,635 INFO c.h.h.t.HelmChartContainer - [hivemq-test-hivemq-platform] [hivemq-platform-operator] [475da9a2] 20:47:59.631 [pool-6-thread-27] DEBUG c.h.p.o.dependants.PodInfoConfigMap - [updatelo] Desired PodInfo ConfigMap (extension state hash: -1817474005)
2025-01-28 20:47:59,635 INFO c.h.h.t.HelmChartContainer - [hivemq-test-hivemq-platform] [hivemq-platform-operator] [475da9a2] 20:47:59.633 [pool-6-thread-27] DEBUG c.h.p.o.dependants.PodInfoConfigMap - [updatelo] Update PodInfo ConfigMap
2025-01-28 20:47:59,638 INFO c.h.h.t.HelmChartContainer - [hivemq-test-hivemq-platform] [hivemq-platform-operator] [475da9a2] 20:47:59.636 [pool-6-thread-22] DEBUG c.h.p.o.d.PodServiceAccountResource - [updatelo] Desired PodServiceAccountResource (serviceAccountName: hivemq-platform-pod-test-hivemq-platform)
2025-01-28 20:47:59,640 INFO c.h.h.t.HelmChartContainer - [hivemq-test-hivemq-platform] [hivemq-platform-operator] [475da9a2] 20:47:59.639 [pool-6-thread-27] INFO  c.h.p.o.dependants.PodInfoConfigMap - [updatelo] Log level was updated, triggering set log level
2025-01-28 20:47:59,675 INFO c.h.h.t.HelmChartContainer - [hivemq-test-hivemq-platform] [hivemq-platform-operator] [475da9a2] 20:47:59.674 [pool-6-thread-27] DEBUG c.h.p.o.d.StatefulSetResource - [updatelo] Desired StatefulSet (2 replicas) for status RUNNING (READY)
2025-01-28 20:47:59,678 INFO c.h.h.t.HelmChartContainer - [hivemq-test-hivemq-platform] [hivemq-platform-operator] [475da9a2] 20:47:59.677 [pool-6-thread-27] DEBUG c.h.p.o.d.StatefulSetResource - [updatelo] Update StatefulSet (replicas: 1 -> 2)
2025-01-28 20:47:59,715 INFO c.h.h.t.HelmChartContainer - [hivemq-test-hivemq-platform] [hivemq-platform-operator] [475da9a2] 20:47:59.714 [pool-6-thread-27] INFO  c.h.p.o.d.StatefulSetResource - [updatelo] Replica count was updated, triggering scaling
2025-01-28 20:47:59,793 INFO c.h.h.t.HelmChartContainer - [POD] test-hivemq-platform-1 [c2d444af-d563-4566-bc8c-2835f036a00d] in updateloglevelit was ADDED
2025-01-28 20:47:59,794 INFO c.h.h.t.HelmChartContainer - [EVENT] Normal [SuccessfulCreate] create Pod test-hivemq-platform-1 in StatefulSet test-hivemq-platform successful [updateloglevelit:test-hivemq-platform]
2025-01-28 20:47:59,801 INFO c.h.h.t.HelmChartContainer - [POD] test-hivemq-platform-1 [c2d444af-d563-4566-bc8c-2835f036a00d] in updateloglevelit was MODIFIED
2025-01-28 20:47:59,815 INFO c.h.h.t.HelmChartContainer - [EVENT] Normal [Scheduled] Successfully assigned updateloglevelit/test-hivemq-platform-1 to e242dccaa35f [updateloglevelit:test-hivemq-platform-1]
2025-01-28 20:47:59,831 INFO c.h.h.t.HelmChartContainer - [POD] test-hivemq-platform-1 [c2d444af-d563-4566-bc8c-2835f036a00d] in updateloglevelit was MODIFIED
2025-01-28 20:47:59,836 DEBUG com.hivemq.helmcharts.util.K8sUtil - Comparing actual state 'RUNNING' and waiting for 'SET_LOG_LEVEL'
2025-01-28 20:47:59,859 INFO c.h.h.t.HelmChartContainer - [K3S] [reconciler_common.go:251] "operationExecutor.VerifyControllerAttachedVolume started for volume \"operator-init\" (UniqueName: \"kubernetes.io/empty-dir/c2d444af-d563-4566-bc8c-2835f036a00d-operator-init\") pod \"test-hivemq-platform-1\" (UID: \"c2d444af-d563-4566-bc8c-2835f036a00d\") " pod="updateloglevelit/test-hivemq-platform-1"
2025-01-28 20:47:59,860 INFO c.h.h.t.HelmChartContainer - [K3S] [reconciler_common.go:251] "operationExecutor.VerifyControllerAttachedVolume started for volume \"pod-info\" (UniqueName: \"kubernetes.io/configmap/c2d444af-d563-4566-bc8c-2835f036a00d-pod-info\") pod \"test-hivemq-platform-1\" (UID: \"c2d444af-d563-4566-bc8c-2835f036a00d\") " pod="updateloglevelit/test-hivemq-platform-1"
2025-01-28 20:47:59,860 INFO c.h.h.t.HelmChartContainer - [K3S] [reconciler_common.go:251] "operationExecutor.VerifyControllerAttachedVolume started for volume \"broker-configuration\" (UniqueName: \"kubernetes.io/configmap/c2d444af-d563-4566-bc8c-2835f036a00d-broker-configuration\") pod \"test-hivemq-platform-1\" (UID: \"c2d444af-d563-4566-bc8c-2835f036a00d\") " pod="updateloglevelit/test-hivemq-platform-1"
2025-01-28 20:47:59,860 INFO c.h.h.t.HelmChartContainer - [K3S] [reconciler_common.go:251] "operationExecutor.VerifyControllerAttachedVolume started for volume \"kube-api-access-9blhn\" (UniqueName: \"kubernetes.io/projected/c2d444af-d563-4566-bc8c-2835f036a00d-kube-api-access-9blhn\") pod \"test-hivemq-platform-1\" (UID: \"c2d444af-d563-4566-bc8c-2835f036a00d\") " pod="updateloglevelit/test-hivemq-platform-1"
2025-01-28 20:47:59,871 INFO c.h.h.t.HelmChartContainer - [hivemq-test-hivemq-platform] [hivemq-platform-operator] [475da9a2] 20:47:59.869 [ReconcilerExecutor-hivemq-controller-114] INFO  c.h.p.o.HiveMQPlatformReconciler - [updatelo] Reconciling HiveMQ Platform 'test-hivemq-platform' in namespace 'updateloglevelit'
2025-01-28 20:47:59,871 INFO c.h.h.t.HelmChartContainer - [hivemq-test-hivemq-platform] [hivemq-platform-operator] [475da9a2] 20:47:59.870 [ReconcilerExecutor-hivemq-controller-114] DEBUG c.h.p.o.HiveMQPlatformReconciler - [updatelo] Custom Resource Status RUNNING - HiveMQ Platform is ready (READY) (reconciliation requests: SET_LOG_LEVEL, REQUESTS_UPDATED, SCALING)
2025-01-28 20:47:59,872 INFO c.h.h.t.HelmChartContainer - [hivemq-test-hivemq-platform] [hivemq-platform-operator] [475da9a2] 20:47:59.870 [ReconcilerExecutor-hivemq-controller-114] DEBUG c.h.p.o.HiveMQPlatformReconciler - [updatelo] Custom Resource Spec (replicas: 2) (extensions: 1)
2025-01-28 20:47:59,874 INFO c.h.h.t.HelmChartContainer - [hivemq-test-hivemq-platform] [hivemq-platform-operator] [475da9a2] 20:47:59.872 [ReconcilerExecutor-hivemq-controller-114] DEBUG c.h.p.o.HiveMQPlatformReconciler - [updatelo] StatefulSet Status (revision: test-hivemq-platform-b697f795f, replicas: 1, available: 1, ready: 1, current: 1, updated: 1)
2025-01-28 20:47:59,874 INFO c.h.h.t.HelmChartContainer - [hivemq-test-hivemq-platform] [hivemq-platform-operator] [475da9a2] 20:47:59.872 [ReconcilerExecutor-hivemq-controller-114] DEBUG c.h.p.o.HiveMQPlatformReconciler - [updatelo] StatefulSet Spec (replicas: 2, init containers: 1, containers: 1, volumes: 3)
2025-01-28 20:47:59,876 INFO c.h.h.t.HelmChartContainer - [hivemq-test-hivemq-platform] [hivemq-platform-operator] [475da9a2] 20:47:59.875 [ReconcilerExecutor-hivemq-controller-114] DEBUG c.h.p.o.h.HiveMQPlatformReconcilerErrorHandler - [updatelo] Pod 'test-hivemq-platform-1' phase Pending
2025-01-28 20:47:59,876 INFO c.h.h.t.HelmChartContainer - [hivemq-test-hivemq-platform] [hivemq-platform-operator] [475da9a2] 20:47:59.875 [ReconcilerExecutor-hivemq-controller-114] DEBUG c.h.p.o.h.HiveMQPlatformReconcilerErrorHandler - [updatelo] Pod 'test-hivemq-platform-1' condition 'PodScheduled': True
2025-01-28 20:47:59,879 INFO c.h.h.t.HelmChartContainer - [hivemq-test-hivemq-platform] [hivemq-platform-operator] [475da9a2] 20:47:59.879 [ReconcilerExecutor-hivemq-controller-114] DEBUG c.h.p.o.h.HiveMQPlatformReconcilerErrorHandler - [updatelo] Pod 'test-hivemq-platform-0' phase Running
2025-01-28 20:47:59,907 INFO c.h.h.t.HelmChartContainer - [hivemq-test-hivemq-platform] [hivemq-platform-operator] [475da9a2] 20:47:59.906 [ReconcilerExecutor-hivemq-controller-114] INFO  c.h.p.o.h.HiveMQPlatformReconcilerBaseHandler - [updatelo] Started update of log level (changing to WARN)
2025-01-28 20:48:00,006 INFO c.h.h.t.HelmChartContainer - [hivemq-test-hivemq-platform] [hivemq-platform-operator] [475da9a2] 20:48:00.005 [ReconcilerExecutor-hivemq-controller-114] DEBUG c.h.p.operator.event.EventSender - [updatelo] Creating K8s event set-log-level-started: [SetLogLevel] HiveMQ Platform is updating the log level to WARN
2025-01-28 20:48:00,010 INFO c.h.h.t.HelmChartContainer - [EVENT] Normal [SetLogLevel] HiveMQ Platform is updating the log level to WARN [updateloglevelit:test-hivemq-platform]
2025-01-28 20:48:00,011 INFO c.h.h.t.HelmChartContainer - [hivemq-test-hivemq-platform] [hivemq-platform-operator] [475da9a2] 20:48:00.010 [ReconcilerExecutor-hivemq-controller-114] INFO  c.h.p.o.h.AbstractHiveMQReconcilerStateHandler - [updatelo] Update HiveMQ Platform Status (RUNNING [READY] -> SET_LOG_LEVEL [SET_LOG_LEVEL]): HiveMQ Platform is updating the log level to WARN (reconciliation requests: SCALING)
2025-01-28 20:48:00,019 DEBUG com.hivemq.helmcharts.util.K8sUtil - Comparing actual state 'SET_LOG_LEVEL' and waiting for 'SET_LOG_LEVEL'
2025-01-28 20:48:00,022 DEBUG com.hivemq.helmcharts.util.K8sUtil - Comparing actual state 'SET_LOG_LEVEL' and waiting for 'RUNNING'
2025-01-28 20:48:00,109 INFO c.h.h.t.HelmChartContainer - [hivemq-test-hivemq-platform] [hivemq-platform-operator] [475da9a2] 20:48:00.106 [pool-6-thread-35] DEBUG c.h.p.o.d.PlatformServiceResource - [updatelo] Desired Platform services (3 services)
2025-01-28 20:48:00,109 INFO c.h.h.t.HelmChartContainer - [hivemq-test-hivemq-platform] [hivemq-platform-operator] [475da9a2] 20:48:00.107 [pool-6-thread-39] DEBUG c.h.p.o.d.PodServiceAccountResource - [updatelo] Desired PodServiceAccountResource (serviceAccountName: hivemq-platform-pod-test-hivemq-platform)
2025-01-28 20:48:00,109 INFO c.h.h.t.HelmChartContainer - [hivemq-test-hivemq-platform] [hivemq-platform-operator] [475da9a2] 20:48:00.108 [pool-6-thread-31] DEBUG c.h.p.o.dependants.PodInfoConfigMap - [updatelo] Desired PodInfo ConfigMap (1 extensions) (1 enabled)
2025-01-28 20:48:00,110 INFO c.h.h.t.HelmChartContainer - [hivemq-test-hivemq-platform] [hivemq-platform-operator] [475da9a2] 20:48:00.108 [pool-6-thread-31] DEBUG c.h.p.o.dependants.PodInfoConfigMap - [updatelo] Desired PodInfo ConfigMap (metrics port: 9399) (metrics path: /)
2025-01-28 20:48:00,110 INFO c.h.h.t.HelmChartContainer - [hivemq-test-hivemq-platform] [hivemq-platform-operator] [475da9a2] 20:48:00.108 [pool-6-thread-31] DEBUG c.h.p.o.dependants.PodInfoConfigMap - [updatelo] Desired PodInfo ConfigMap (extension state hash: -1817474005)
2025-01-28 20:48:00,111 INFO c.h.h.t.HelmChartContainer - [hivemq-test-hivemq-platform] [hivemq-platform-operator] [475da9a2] 20:48:00.109 [pool-6-thread-31] DEBUG c.h.p.o.dependants.PodInfoConfigMap - [updatelo] Update PodInfo ConfigMap
2025-01-28 20:48:00,176 INFO c.h.h.t.HelmChartContainer - [hivemq-test-hivemq-platform] [hivemq-platform-operator] [475da9a2] 20:48:00.172 [pool-6-thread-31] DEBUG c.h.p.o.d.StatefulSetResource - [updatelo] Desired StatefulSet (2 replicas) for status SET_LOG_LEVEL (SET_LOG_LEVEL)
2025-01-28 20:48:00,177 INFO c.h.h.t.HelmChartContainer - [hivemq-test-hivemq-platform] [hivemq-platform-operator] [475da9a2] 20:48:00.176 [ReconcilerExecutor-hivemq-controller-115] INFO  c.h.p.o.HiveMQPlatformReconciler - [updatelo] Reconciling HiveMQ Platform 'test-hivemq-platform' in namespace 'updateloglevelit'
2025-01-28 20:48:00,177 INFO c.h.h.t.HelmChartContainer - [hivemq-test-hivemq-platform] [hivemq-platform-operator] [475da9a2] 20:48:00.176 [ReconcilerExecutor-hivemq-controller-115] DEBUG c.h.p.o.HiveMQPlatformReconciler - [updatelo] Custom Resource Status SET_LOG_LEVEL - HiveMQ Platform is updating the log level to WARN (SET_LOG_LEVEL) (reconciliation requests: SCALING)
2025-01-28 20:48:00,177 INFO c.h.h.t.HelmChartContainer - [hivemq-test-hivemq-platform] [hivemq-platform-operator] [475da9a2] 20:48:00.176 [ReconcilerExecutor-hivemq-controller-115] DEBUG c.h.p.o.HiveMQPlatformReconciler - [updatelo] Custom Resource Spec (replicas: 2) (extensions: 1)
2025-01-28 20:48:00,199 INFO c.h.h.t.HelmChartContainer - [EVENT] Normal [Pulled] Container image "docker.io/hivemq/hivemq-platform-operator-init-test:snapshot" already present on machine [updateloglevelit:test-hivemq-platform-1]
2025-01-28 20:48:00,205 INFO c.h.h.t.HelmChartContainer - [EVENT] Normal [Created] Created container: hivemq-platform-operator-init [updateloglevelit:test-hivemq-platform-1]
2025-01-28 20:48:00,208 INFO c.h.h.t.HelmChartContainer - [hivemq-test-hivemq-platform] [hivemq-platform-operator] [475da9a2] 20:48:00.206 [ReconcilerExecutor-hivemq-controller-115] DEBUG c.h.p.o.HiveMQPlatformReconciler - [updatelo] StatefulSet Status (revision: test-hivemq-platform-b697f795f, replicas: 2, available: 1, ready: 1, current: 2, updated: 2)
2025-01-28 20:48:00,208 INFO c.h.h.t.HelmChartContainer - [hivemq-test-hivemq-platform] [hivemq-platform-operator] [475da9a2] 20:48:00.206 [ReconcilerExecutor-hivemq-controller-115] DEBUG c.h.p.o.HiveMQPlatformReconciler - [updatelo] StatefulSet Spec (replicas: 2, init containers: 1, containers: 1, volumes: 3)
2025-01-28 20:48:00,210 INFO c.h.h.t.HelmChartContainer - [hivemq-test-hivemq-platform] [hivemq-platform-operator] [475da9a2] 20:48:00.207 [ReconcilerExecutor-hivemq-controller-115] DEBUG c.h.p.o.h.HiveMQPlatformReconcilerErrorHandler - [updatelo] Pod 'test-hivemq-platform-1' phase Pending
2025-01-28 20:48:00,210 INFO c.h.h.t.HelmChartContainer - [hivemq-test-hivemq-platform] [hivemq-platform-operator] [475da9a2] 20:48:00.208 [ReconcilerExecutor-hivemq-controller-115] DEBUG c.h.p.o.h.HiveMQPlatformReconcilerErrorHandler - [updatelo] Pod 'test-hivemq-platform-1' condition 'PodReadyToStartContainers': False
2025-01-28 20:48:00,210 INFO c.h.h.t.HelmChartContainer - [hivemq-test-hivemq-platform] [hivemq-platform-operator] [475da9a2] 20:48:00.208 [ReconcilerExecutor-hivemq-controller-115] DEBUG c.h.p.o.h.HiveMQPlatformReconcilerErrorHandler - [updatelo] Pod 'test-hivemq-platform-1' condition 'Initialized': False
2025-01-28 20:48:00,210 INFO c.h.h.t.HelmChartContainer - [hivemq-test-hivemq-platform] [hivemq-platform-operator] [475da9a2] 20:48:00.208 [ReconcilerExecutor-hivemq-controller-115] DEBUG c.h.p.o.h.HiveMQPlatformReconcilerErrorHandler - [updatelo] Pod 'test-hivemq-platform-1' condition 'Ready': False
2025-01-28 20:48:00,210 INFO c.h.h.t.HelmChartContainer - [hivemq-test-hivemq-platform] [hivemq-platform-operator] [475da9a2] 20:48:00.208 [ReconcilerExecutor-hivemq-controller-115] DEBUG c.h.p.o.h.HiveMQPlatformReconcilerErrorHandler - [updatelo] Pod 'test-hivemq-platform-1' condition 'ContainersReady': False
2025-01-28 20:48:00,210 INFO c.h.h.t.HelmChartContainer - [hivemq-test-hivemq-platform] [hivemq-platform-operator] [475da9a2] 20:48:00.208 [ReconcilerExecutor-hivemq-controller-115] DEBUG c.h.p.o.h.HiveMQPlatformReconcilerErrorHandler - [updatelo] Pod 'test-hivemq-platform-1' condition 'PodScheduled': True
2025-01-28 20:48:00,210 INFO c.h.h.t.HelmChartContainer - [hivemq-test-hivemq-platform] [hivemq-platform-operator] [475da9a2] 20:48:00.208 [ReconcilerExecutor-hivemq-controller-115] DEBUG c.h.p.o.h.HiveMQPlatformReconcilerErrorHandler - [updatelo] Pod 'test-hivemq-platform-1' containerStatus 'hivemq' (started: false) (ready: false) (waiting: [PodInitializing] null)
2025-01-28 20:48:00,213 INFO c.h.h.t.HelmChartContainer - [hivemq-test-hivemq-platform] [hivemq-platform-operator] [475da9a2] 20:48:00.209 [ReconcilerExecutor-hivemq-controller-115] DEBUG c.h.p.o.h.HiveMQPlatformReconcilerErrorHandler - [updatelo] Pod 'test-hivemq-platform-0' phase Running
2025-01-28 20:48:00,247 INFO c.h.h.t.HelmChartContainer - [EVENT] Normal [Started] Started container hivemq-platform-operator-init [updateloglevelit:test-hivemq-platform-1]
2025-01-28 20:48:00,274 INFO c.h.h.t.HelmChartContainer - [hivemq-test-hivemq-platform] [hivemq-platform-operator] [475da9a2] 20:48:00.273 [ReconcilerExecutor-hivemq-controller-115] DEBUG c.h.p.o.h.HiveMQPlatformReconcilerSetLogLevelHandler - [updatelo] Setting log level on Pod 'test-hivemq-platform-1'
2025-01-28 20:48:00,275 INFO c.h.h.t.HelmChartContainer - [hivemq-test-hivemq-platform] [hivemq-platform-operator] [475da9a2] 20:48:00.273 [ForkJoinPool.commonPool-worker-1] DEBUG c.h.p.o.h.HiveMQPlatformReconcilerSetLogLevelHandler - [updatelo] Setting log level on Pod 'test-hivemq-platform-0'
2025-01-28 20:48:00,309 INFO c.h.h.t.HelmChartContainer - [hivemq-test-hivemq-platform] [hivemq-platform-operator] [475da9a2] 20:48:00.308 [ReconcilerExecutor-hivemq-controller-115] DEBUG c.h.platform.operator.util.PodUtil - Pod 'test-hivemq-platform-1' is not running
2025-01-28 20:48:00,315 INFO c.h.h.t.HelmChartContainer - [hivemq-test-hivemq-platform] [hivemq-platform-operator] [475da9a2] 20:48:00.309 [ReconcilerExecutor-hivemq-controller-115] ERROR i.j.o.p.event.EventProcessor - Error during event processing ExecutionScope{ resource id: ResourceID{name='test-hivemq-platform', namespace='updateloglevelit'}, version: 1458}
2025-01-28 20:48:00,315 INFO c.h.h.t.HelmChartContainer - [hivemq-test-hivemq-platform] [hivemq-platform-operator] [475da9a2] io.javaoperatorsdk.operator.OperatorException: java.lang.IllegalStateException: Pod 'test-hivemq-platform-1' in namespace 'updateloglevelit' is not running, cannot execute command '[curl, -s, http://null:7979/setLogLevel?level=WARN]'
2025-01-28 20:48:00,315 INFO c.h.h.t.HelmChartContainer - [hivemq-test-hivemq-platform] [hivemq-platform-operator] [475da9a2] 	at io.javaoperatorsdk.operator.monitoring.micrometer.MicrometerMetrics.lambda$timeControllerExecution$0(MicrometerMetrics.java:165)
2025-01-28 20:48:00,315 INFO c.h.h.t.HelmChartContainer - [hivemq-test-hivemq-platform] [hivemq-platform-operator] [475da9a2] 	at io.micrometer.core.instrument.AbstractTimer.record(AbstractTimer.java:190)
2025-01-28 20:48:00,315 INFO c.h.h.t.HelmChartContainer - [hivemq-test-hivemq-platform] [hivemq-platform-operator] [475da9a2] 	at io.javaoperatorsdk.operator.monitoring.micrometer.MicrometerMetrics.timeControllerExecution(MicrometerMetrics.java:161)
2025-01-28 20:48:00,315 INFO c.h.h.t.HelmChartContainer - [hivemq-test-hivemq-platform] [hivemq-platform-operator] [475da9a2] 	at io.javaoperatorsdk.operator.processing.Controller.reconcile(Controller.java:109)
2025-01-28 20:48:00,315 INFO c.h.h.t.HelmChartContainer - [hivemq-test-hivemq-platform] [hivemq-platform-operator] [475da9a2] 	at io.javaoperatorsdk.operator.processing.event.ReconciliationDispatcher.reconcileExecution(ReconciliationDispatcher.java:136)
2025-01-28 20:48:00,315 INFO c.h.h.t.HelmChartContainer - [hivemq-test-hivemq-platform] [hivemq-platform-operator] [475da9a2] 	at io.javaoperatorsdk.operator.processing.event.ReconciliationDispatcher.handleReconcile(ReconciliationDispatcher.java:117)
2025-01-28 20:48:00,315 INFO c.h.h.t.HelmChartContainer - [hivemq-test-hivemq-platform] [hivemq-platform-operator] [475da9a2] 	at io.javaoperatorsdk.operator.processing.event.ReconciliationDispatcher.handleDispatch(ReconciliationDispatcher.java:91)
2025-01-28 20:48:00,315 INFO c.h.h.t.HelmChartContainer - [hivemq-test-hivemq-platform] [hivemq-platform-operator] [475da9a2] 	at io.javaoperatorsdk.operator.processing.event.ReconciliationDispatcher.handleExecution(ReconciliationDispatcher.java:64)
2025-01-28 20:48:00,315 INFO c.h.h.t.HelmChartContainer - [hivemq-test-hivemq-platform] [hivemq-platform-operator] [475da9a2] 	at io.javaoperatorsdk.operator.processing.event.EventProcessor$ReconcilerExecutor.run(EventProcessor.java:452)
2025-01-28 20:48:00,315 INFO c.h.h.t.HelmChartContainer - [hivemq-test-hivemq-platform] [hivemq-platform-operator] [475da9a2] 	at java.base/java.util.concurrent.ThreadPoolExecutor.runWorker(Unknown Source)
2025-01-28 20:48:00,315 INFO c.h.h.t.HelmChartContainer - [hivemq-test-hivemq-platform] [hivemq-platform-operator] [475da9a2] 	at java.base/java.util.concurrent.ThreadPoolExecutor$Worker.run(Unknown Source)
2025-01-28 20:48:00,315 INFO c.h.h.t.HelmChartContainer - [hivemq-test-hivemq-platform] [hivemq-platform-operator] [475da9a2] 	at java.base/java.lang.Thread.run(Unknown Source)
2025-01-28 20:48:00,315 INFO c.h.h.t.HelmChartContainer - [hivemq-test-hivemq-platform] [hivemq-platform-operator] [475da9a2] Caused by: java.lang.IllegalStateException: Pod 'test-hivemq-platform-1' in namespace 'updateloglevelit' is not running, cannot execute command '[curl, -s, http://null:7979/setLogLevel?level=WARN]'
2025-01-28 20:48:00,315 INFO c.h.h.t.HelmChartContainer - [hivemq-test-hivemq-platform] [hivemq-platform-operator] [475da9a2] 	at com.hivemq.platform.operator.util.PodUtil.execute(PodUtil.java:74)
2025-01-28 20:48:00,315 INFO c.h.h.t.HelmChartContainer - [hivemq-test-hivemq-platform] [hivemq-platform-operator] [475da9a2] 	at com.hivemq.platform.operator.util.RestApiUtil.lambda$callRestApi$1(RestApiUtil.java:44)
2025-01-28 20:48:00,315 INFO c.h.h.t.HelmChartContainer - [hivemq-test-hivemq-platform] [hivemq-platform-operator] [475da9a2] 	at java.base/java.util.stream.ForEachOps$ForEachOp$OfRef.accept(Unknown Source)
2025-01-28 20:48:00,316 INFO c.h.h.t.HelmChartContainer - [hivemq-test-hivemq-platform] [hivemq-platform-operator] [475da9a2] 	at java.base/java.util.stream.ReferencePipeline$2$1.accept(Unknown Source)
2025-01-28 20:48:00,316 INFO c.h.h.t.HelmChartContainer - [hivemq-test-hivemq-platform] [hivemq-platform-operator] [475da9a2] 	at java.base/java.util.ArrayList$ArrayListSpliterator.forEachRemaining(Unknown Source)
2025-01-28 20:48:00,316 INFO c.h.h.t.HelmChartContainer - [hivemq-test-hivemq-platform] [hivemq-platform-operator] [475da9a2] 	at java.base/java.util.stream.AbstractPipeline.copyInto(Unknown Source)
2025-01-28 20:48:00,316 INFO c.h.h.t.HelmChartContainer - [hivemq-test-hivemq-platform] [hivemq-platform-operator] [475da9a2] 	at java.base/java.util.stream.ForEachOps$ForEachTask.compute(Unknown Source)
2025-01-28 20:48:00,316 INFO c.h.h.t.HelmChartContainer - [hivemq-test-hivemq-platform] [hivemq-platform-operator] [475da9a2] 	at java.base/java.util.concurrent.CountedCompleter.exec(Unknown Source)
2025-01-28 20:48:00,316 INFO c.h.h.t.HelmChartContainer - [hivemq-test-hivemq-platform] [hivemq-platform-operator] [475da9a2] 	at java.base/java.util.concurrent.ForkJoinTask.doExec(Unknown Source)
2025-01-28 20:48:00,316 INFO c.h.h.t.HelmChartContainer - [hivemq-test-hivemq-platform] [hivemq-platform-operator] [475da9a2] 	at java.base/java.util.concurrent.ForkJoinTask.invoke(Unknown Source)
2025-01-28 20:48:00,316 INFO c.h.h.t.HelmChartContainer - [hivemq-test-hivemq-platform] [hivemq-platform-operator] [475da9a2] 	at java.base/java.util.stream.ForEachOps$ForEachOp.evaluateParallel(Unknown Source)
2025-01-28 20:48:00,316 INFO c.h.h.t.HelmChartContainer - [hivemq-test-hivemq-platform] [hivemq-platform-operator] [475da9a2] 	at java.base/java.util.stream.ForEachOps$ForEachOp$OfRef.evaluateParallel(Unknown Source)
2025-01-28 20:48:00,316 INFO c.h.h.t.HelmChartContainer - [hivemq-test-hivemq-platform] [hivemq-platform-operator] [475da9a2] 	at java.base/java.util.stream.AbstractPipeline.evaluate(Unknown Source)
2025-01-28 20:48:00,316 INFO c.h.h.t.HelmChartContainer - [hivemq-test-hivemq-platform] [hivemq-platform-operator] [475da9a2] 	at java.base/java.util.stream.ReferencePipeline.forEach(Unknown Source)
2025-01-28 20:48:00,316 INFO c.h.h.t.HelmChartContainer - [hivemq-test-hivemq-platform] [hivemq-platform-operator] [475da9a2] 	at com.hivemq.platform.operator.util.RestApiUtil.callRestApi(RestApiUtil.java:40)
2025-01-28 20:48:00,316 INFO c.h.h.t.HelmChartContainer - [hivemq-test-hivemq-platform] [hivemq-platform-operator] [475da9a2] 	at com.hivemq.platform.operator.http.RestApiService.callRestApi(RestApiService.java:63)
2025-01-28 20:48:00,316 INFO c.h.h.t.HelmChartContainer - [hivemq-test-hivemq-platform] [hivemq-platform-operator] [475da9a2] 	at com.hivemq.platform.operator.handler.HiveMQPlatformReconcilerSetLogLevelHandler.handleSetLogLevel(HiveMQPlatformReconcilerSetLogLevelHandler.java:49)
2025-01-28 20:48:00,316 INFO c.h.h.t.HelmChartContainer - [hivemq-test-hivemq-platform] [hivemq-platform-operator] [475da9a2] 	at com.hivemq.platform.operator.HiveMQPlatformReconciler.reconcile(HiveMQPlatformReconciler.java:243)
2025-01-28 20:48:00,316 INFO c.h.h.t.HelmChartContainer - [hivemq-test-hivemq-platform] [hivemq-platform-operator] [475da9a2] 	at com.hivemq.platform.operator.HiveMQPlatformReconciler.reconcile(HiveMQPlatformReconciler.java:227)
2025-01-28 20:48:00,316 INFO c.h.h.t.HelmChartContainer - [hivemq-test-hivemq-platform] [hivemq-platform-operator] [475da9a2] 	at com.hivemq.platform.operator.HiveMQPlatformReconciler.reconcile(HiveMQPlatformReconciler.java:71)
2025-01-28 20:48:00,316 INFO c.h.h.t.HelmChartContainer - [hivemq-test-hivemq-platform] [hivemq-platform-operator] [475da9a2] 	at io.javaoperatorsdk.operator.processing.Controller$1.execute(Controller.java:149)
2025-01-28 20:48:00,316 INFO c.h.h.t.HelmChartContainer - [hivemq-test-hivemq-platform] [hivemq-platform-operator] [475da9a2] 	at io.javaoperatorsdk.operator.processing.Controller$1.execute(Controller.java:110)
2025-01-28 20:48:00,316 INFO c.h.h.t.HelmChartContainer - [hivemq-test-hivemq-platform] [hivemq-platform-operator] [475da9a2] 	at io.javaoperatorsdk.operator.monitoring.micrometer.MicrometerMetrics.lambda$timeControllerExecution$0(MicrometerMetrics.java:163)
2025-01-28 20:48:00,316 INFO c.h.h.t.HelmChartContainer - [hivemq-test-hivemq-platform] [hivemq-platform-operator] [475da9a2] 	... 11 common frames omitted
2025-01-28 20:48:00,437 INFO c.h.h.t.HelmChartContainer - [test-hivemq-platform] [hivemq] [64f11788] INFO  - [HiveMQ Platform Operator Init App 1.7.0-SNAPSHOT] Set log level from ${HIVEMQ_LOG_LEVEL:-INFO} to WARN in logback.xml file
2025-01-28 20:48:00,470 INFO c.h.h.t.HelmChartContainer - [hivemq-test-hivemq-platform] [hivemq-platform-operator] [475da9a2] 20:48:00.447 [vert.x-eventloop-thread-0] DEBUG c.h.platform.operator.util.PodUtil - Received status for command '[curl, -s, http://10.42.0.13:7979/setLogLevel?level=WARN]' on Pod 'test-hivemq-platform-0' (exit code: 0)
2025-01-28 20:48:01,120 INFO c.h.h.t.HelmChartContainer - [EVENT] Normal [Pulled] Container image "docker.io/hivemq/hivemq4:4.36.0" already present on machine [updateloglevelit:test-hivemq-platform-1]
2025-01-28 20:48:01,120 INFO c.h.h.t.HelmChartContainer - Received Pulled event for container hivemq in pod test-hivemq-platform-1 [c2d444af-d563-4566-bc8c-2835f036a00d]
2025-01-28 20:48:01,131 INFO c.h.h.t.HelmChartContainer - [POD] test-hivemq-platform-1 [c2d444af-d563-4566-bc8c-2835f036a00d] in updateloglevelit was MODIFIED
2025-01-28 20:48:01,150 INFO c.h.h.t.HelmChartContainer - [hivemq-test-hivemq-platform] [hivemq-platform-operator] [475da9a2] 20:48:01.140 [pool-6-thread-43] DEBUG c.h.p.o.d.PlatformServiceResource - [updatelo] Desired Platform services (3 services)
2025-01-28 20:48:01,150 INFO c.h.h.t.HelmChartContainer - [hivemq-test-hivemq-platform] [hivemq-platform-operator] [475da9a2] 20:48:01.141 [pool-6-thread-50] DEBUG c.h.p.o.dependants.PodInfoConfigMap - [updatelo] Desired PodInfo ConfigMap (1 extensions) (1 enabled)
2025-01-28 20:48:01,150 INFO c.h.h.t.HelmChartContainer - [hivemq-test-hivemq-platform] [hivemq-platform-operator] [475da9a2] 20:48:01.142 [pool-6-thread-50] DEBUG c.h.p.o.dependants.PodInfoConfigMap - [updatelo] Desired PodInfo ConfigMap (metrics port: 9399) (metrics path: /)
2025-01-28 20:48:01,150 INFO c.h.h.t.HelmChartContainer - [hivemq-test-hivemq-platform] [hivemq-platform-operator] [475da9a2] 20:48:01.142 [pool-6-thread-50] DEBUG c.h.p.o.dependants.PodInfoConfigMap - [updatelo] Desired PodInfo ConfigMap (extension state hash: -1817474005)
2025-01-28 20:48:01,150 INFO c.h.h.t.HelmChartContainer - [hivemq-test-hivemq-platform] [hivemq-platform-operator] [475da9a2] 20:48:01.145 [pool-6-thread-41] DEBUG c.h.p.o.d.PodServiceAccountResource - [updatelo] Desired PodServiceAccountResource (serviceAccountName: hivemq-platform-pod-test-hivemq-platform)
2025-01-28 20:48:01,162 INFO c.h.h.t.HelmChartContainer - [EVENT] Normal [Created] Created container: hivemq [updateloglevelit:test-hivemq-platform-1]
2025-01-28 20:48:01,162 INFO c.h.h.t.HelmChartContainer - Received Created event for container hivemq in pod test-hivemq-platform-1 [c2d444af-d563-4566-bc8c-2835f036a00d]
2025-01-28 20:48:01,167 INFO c.h.h.t.HelmChartContainer - [hivemq-test-hivemq-platform] [hivemq-platform-operator] [475da9a2] 20:48:01.156 [pool-6-thread-43] DEBUG c.h.p.o.d.StatefulSetResource - [updatelo] Desired StatefulSet (2 replicas) for status SET_LOG_LEVEL (SET_LOG_LEVEL)
2025-01-28 20:48:01,169 INFO c.h.h.t.HelmChartContainer - [hivemq-test-hivemq-platform] [hivemq-platform-operator] [475da9a2] 20:48:01.166 [ReconcilerExecutor-hivemq-controller-119] INFO  c.h.p.o.HiveMQPlatformReconciler - [updatelo] Reconciling HiveMQ Platform 'test-hivemq-platform' in namespace 'updateloglevelit'
2025-01-28 20:48:01,169 INFO c.h.h.t.HelmChartContainer - [hivemq-test-hivemq-platform] [hivemq-platform-operator] [475da9a2] 20:48:01.167 [ReconcilerExecutor-hivemq-controller-119] DEBUG c.h.p.o.HiveMQPlatformReconciler - [updatelo] Custom Resource Status SET_LOG_LEVEL - HiveMQ Platform is updating the log level to WARN (SET_LOG_LEVEL) (reconciliation requests: SCALING)
2025-01-28 20:48:01,169 INFO c.h.h.t.HelmChartContainer - [hivemq-test-hivemq-platform] [hivemq-platform-operator] [475da9a2] 20:48:01.167 [ReconcilerExecutor-hivemq-controller-119] DEBUG c.h.p.o.HiveMQPlatformReconciler - [updatelo] Custom Resource Spec (replicas: 2) (extensions: 1)
2025-01-28 20:48:01,213 INFO c.h.h.t.HelmChartContainer - [hivemq-test-hivemq-platform] [hivemq-platform-operator] [475da9a2] 20:48:01.208 [ReconcilerExecutor-hivemq-controller-119] DEBUG c.h.p.o.HiveMQPlatformReconciler - [updatelo] StatefulSet Status (revision: test-hivemq-platform-b697f795f, replicas: 2, available: 1, ready: 1, current: 2, updated: 2)
2025-01-28 20:48:01,213 INFO c.h.h.t.HelmChartContainer - [hivemq-test-hivemq-platform] [hivemq-platform-operator] [475da9a2] 20:48:01.212 [ReconcilerExecutor-hivemq-controller-119] DEBUG c.h.p.o.HiveMQPlatformReconciler - [updatelo] StatefulSet Spec (replicas: 2, init containers: 1, containers: 1, volumes: 3)
2025-01-28 20:48:01,218 INFO c.h.h.t.HelmChartContainer - [hivemq-test-hivemq-platform] [hivemq-platform-operator] [475da9a2] 20:48:01.214 [ReconcilerExecutor-hivemq-controller-119] DEBUG c.h.p.o.h.HiveMQPlatformReconcilerErrorHandler - [updatelo] Pod 'test-hivemq-platform-1' phase Pending
2025-01-28 20:48:01,219 INFO c.h.h.t.HelmChartContainer - [hivemq-test-hivemq-platform] [hivemq-platform-operator] [475da9a2] 20:48:01.216 [ReconcilerExecutor-hivemq-controller-119] DEBUG c.h.p.o.h.HiveMQPlatformReconcilerErrorHandler - [updatelo] Pod 'test-hivemq-platform-1' condition 'PodReadyToStartContainers': True
2025-01-28 20:48:01,219 INFO c.h.h.t.HelmChartContainer - [hivemq-test-hivemq-platform] [hivemq-platform-operator] [475da9a2] 20:48:01.217 [ReconcilerExecutor-hivemq-controller-119] DEBUG c.h.p.o.h.HiveMQPlatformReconcilerErrorHandler - [updatelo] Pod 'test-hivemq-platform-1' condition 'Initialized': True
2025-01-28 20:48:01,220 INFO c.h.h.t.HelmChartContainer - [hivemq-test-hivemq-platform] [hivemq-platform-operator] [475da9a2] 20:48:01.217 [ReconcilerExecutor-hivemq-controller-119] DEBUG c.h.p.o.h.HiveMQPlatformReconcilerErrorHandler - [updatelo] Pod 'test-hivemq-platform-1' condition 'Ready': False
2025-01-28 20:48:01,221 INFO c.h.h.t.HelmChartContainer - [hivemq-test-hivemq-platform] [hivemq-platform-operator] [475da9a2] 20:48:01.217 [ReconcilerExecutor-hivemq-controller-119] DEBUG c.h.p.o.h.HiveMQPlatformReconcilerErrorHandler - [updatelo] Pod 'test-hivemq-platform-1' condition 'ContainersReady': False
2025-01-28 20:48:01,221 INFO c.h.h.t.HelmChartContainer - [hivemq-test-hivemq-platform] [hivemq-platform-operator] [475da9a2] 20:48:01.217 [ReconcilerExecutor-hivemq-controller-119] DEBUG c.h.p.o.h.HiveMQPlatformReconcilerErrorHandler - [updatelo] Pod 'test-hivemq-platform-1' condition 'PodScheduled': True
2025-01-28 20:48:01,221 INFO c.h.h.t.HelmChartContainer - [hivemq-test-hivemq-platform] [hivemq-platform-operator] [475da9a2] 20:48:01.217 [ReconcilerExecutor-hivemq-controller-119] DEBUG c.h.p.o.h.HiveMQPlatformReconcilerErrorHandler - [updatelo] Pod 'test-hivemq-platform-1' containerStatus 'hivemq' (started: false) (ready: false) (waiting: [PodInitializing] null)
2025-01-28 20:48:01,227 INFO c.h.h.t.HelmChartContainer - [hivemq-test-hivemq-platform] [hivemq-platform-operator] [475da9a2] 20:48:01.222 [ReconcilerExecutor-hivemq-controller-119] DEBUG c.h.p.o.h.HiveMQPlatformReconcilerErrorHandler - [updatelo] Pod 'test-hivemq-platform-0' phase Running
2025-01-28 20:48:01,311 INFO c.h.h.t.HelmChartContainer - [hivemq-test-hivemq-platform] [hivemq-platform-operator] [475da9a2] 20:48:01.307 [ReconcilerExecutor-hivemq-controller-119] DEBUG c.h.p.o.h.HiveMQPlatformReconcilerSetLogLevelHandler - [updatelo] Setting log level on Pod 'test-hivemq-platform-1'
2025-01-28 20:48:01,311 INFO c.h.h.t.HelmChartContainer - [hivemq-test-hivemq-platform] [hivemq-platform-operator] [475da9a2] 20:48:01.307 [ForkJoinPool.commonPool-worker-1] DEBUG c.h.p.o.h.HiveMQPlatformReconcilerSetLogLevelHandler - [updatelo] Setting log level on Pod 'test-hivemq-platform-0'
2025-01-28 20:48:01,318 INFO c.h.h.t.HelmChartContainer - [hivemq-test-hivemq-platform] [hivemq-platform-operator] [475da9a2] 20:48:01.317 [ReconcilerExecutor-hivemq-controller-119] DEBUG c.h.platform.operator.util.PodUtil - Pod 'test-hivemq-platform-1' is not running
2025-01-28 20:48:01,321 INFO c.h.h.t.HelmChartContainer - [hivemq-test-hivemq-platform] [hivemq-platform-operator] [475da9a2] 20:48:01.318 [ReconcilerExecutor-hivemq-controller-119] ERROR i.j.o.p.event.EventProcessor - Error during event processing ExecutionScope{ resource id: ResourceID{name='test-hivemq-platform', namespace='updateloglevelit'}, version: 1458}
2025-01-28 20:48:01,321 INFO c.h.h.t.HelmChartContainer - [hivemq-test-hivemq-platform] [hivemq-platform-operator] [475da9a2] io.javaoperatorsdk.operator.OperatorException: java.lang.IllegalStateException: Pod 'test-hivemq-platform-1' in namespace 'updateloglevelit' is not running, cannot execute command '[curl, -s, http://10.42.0.14:7979/setLogLevel?level=WARN]'
2025-01-28 20:48:01,321 INFO c.h.h.t.HelmChartContainer - [hivemq-test-hivemq-platform] [hivemq-platform-operator] [475da9a2] 	at io.javaoperatorsdk.operator.monitoring.micrometer.MicrometerMetrics.lambda$timeControllerExecution$0(MicrometerMetrics.java:165)
2025-01-28 20:48:01,321 INFO c.h.h.t.HelmChartContainer - [hivemq-test-hivemq-platform] [hivemq-platform-operator] [475da9a2] 	at io.micrometer.core.instrument.AbstractTimer.record(AbstractTimer.java:190)
2025-01-28 20:48:01,321 INFO c.h.h.t.HelmChartContainer - [hivemq-test-hivemq-platform] [hivemq-platform-operator] [475da9a2] 	at io.javaoperatorsdk.operator.monitoring.micrometer.MicrometerMetrics.timeControllerExecution(MicrometerMetrics.java:161)
2025-01-28 20:48:01,321 INFO c.h.h.t.HelmChartContainer - [hivemq-test-hivemq-platform] [hivemq-platform-operator] [475da9a2] 	at io.javaoperatorsdk.operator.processing.Controller.reconcile(Controller.java:109)
2025-01-28 20:48:01,321 INFO c.h.h.t.HelmChartContainer - [hivemq-test-hivemq-platform] [hivemq-platform-operator] [475da9a2] 	at io.javaoperatorsdk.operator.processing.event.ReconciliationDispatcher.reconcileExecution(ReconciliationDispatcher.java:136)
2025-01-28 20:48:01,321 INFO c.h.h.t.HelmChartContainer - [hivemq-test-hivemq-platform] [hivemq-platform-operator] [475da9a2] 	at io.javaoperatorsdk.operator.processing.event.ReconciliationDispatcher.handleReconcile(ReconciliationDispatcher.java:117)
2025-01-28 20:48:01,321 INFO c.h.h.t.HelmChartContainer - [hivemq-test-hivemq-platform] [hivemq-platform-operator] [475da9a2] 	at io.javaoperatorsdk.operator.processing.event.ReconciliationDispatcher.handleDispatch(ReconciliationDispatcher.java:91)
2025-01-28 20:48:01,321 INFO c.h.h.t.HelmChartContainer - [hivemq-test-hivemq-platform] [hivemq-platform-operator] [475da9a2] 	at io.javaoperatorsdk.operator.processing.event.ReconciliationDispatcher.handleExecution(ReconciliationDispatcher.java:64)
2025-01-28 20:48:01,321 INFO c.h.h.t.HelmChartContainer - [hivemq-test-hivemq-platform] [hivemq-platform-operator] [475da9a2] 	at io.javaoperatorsdk.operator.processing.event.EventProcessor$ReconcilerExecutor.run(EventProcessor.java:452)
2025-01-28 20:48:01,321 INFO c.h.h.t.HelmChartContainer - [hivemq-test-hivemq-platform] [hivemq-platform-operator] [475da9a2] 	at java.base/java.util.concurrent.ThreadPoolExecutor.runWorker(Unknown Source)
2025-01-28 20:48:01,321 INFO c.h.h.t.HelmChartContainer - [hivemq-test-hivemq-platform] [hivemq-platform-operator] [475da9a2] 	at java.base/java.util.concurrent.ThreadPoolExecutor$Worker.run(Unknown Source)
2025-01-28 20:48:01,321 INFO c.h.h.t.HelmChartContainer - [hivemq-test-hivemq-platform] [hivemq-platform-operator] [475da9a2] 	at java.base/java.lang.Thread.run(Unknown Source)
2025-01-28 20:48:01,321 INFO c.h.h.t.HelmChartContainer - [hivemq-test-hivemq-platform] [hivemq-platform-operator] [475da9a2] Caused by: java.lang.IllegalStateException: Pod 'test-hivemq-platform-1' in namespace 'updateloglevelit' is not running, cannot execute command '[curl, -s, http://10.42.0.14:7979/setLogLevel?level=WARN]'
2025-01-28 20:48:01,321 INFO c.h.h.t.HelmChartContainer - [hivemq-test-hivemq-platform] [hivemq-platform-operator] [475da9a2] 	at com.hivemq.platform.operator.util.PodUtil.execute(PodUtil.java:74)
2025-01-28 20:48:01,321 INFO c.h.h.t.HelmChartContainer - [hivemq-test-hivemq-platform] [hivemq-platform-operator] [475da9a2] 	at com.hivemq.platform.operator.util.RestApiUtil.lambda$callRestApi$1(RestApiUtil.java:44)
2025-01-28 20:48:01,321 INFO c.h.h.t.HelmChartContainer - [hivemq-test-hivemq-platform] [hivemq-platform-operator] [475da9a2] 	at java.base/java.util.stream.ForEachOps$ForEachOp$OfRef.accept(Unknown Source)
2025-01-28 20:48:01,321 INFO c.h.h.t.HelmChartContainer - [hivemq-test-hivemq-platform] [hivemq-platform-operator] [475da9a2] 	at java.base/java.util.stream.ReferencePipeline$2$1.accept(Unknown Source)
2025-01-28 20:48:01,321 INFO c.h.h.t.HelmChartContainer - [hivemq-test-hivemq-platform] [hivemq-platform-operator] [475da9a2] 	at java.base/java.util.ArrayList$ArrayListSpliterator.forEachRemaining(Unknown Source)
2025-01-28 20:48:01,321 INFO c.h.h.t.HelmChartContainer - [hivemq-test-hivemq-platform] [hivemq-platform-operator] [475da9a2] 	at java.base/java.util.stream.AbstractPipeline.copyInto(Unknown Source)
2025-01-28 20:48:01,321 INFO c.h.h.t.HelmChartContainer - [hivemq-test-hivemq-platform] [hivemq-platform-operator] [475da9a2] 	at java.base/java.util.stream.ForEachOps$ForEachTask.compute(Unknown Source)
2025-01-28 20:48:01,321 INFO c.h.h.t.HelmChartContainer - [hivemq-test-hivemq-platform] [hivemq-platform-operator] [475da9a2] 	at java.base/java.util.concurrent.CountedCompleter.exec(Unknown Source)
2025-01-28 20:48:01,321 INFO c.h.h.t.HelmChartContainer - [hivemq-test-hivemq-platform] [hivemq-platform-operator] [475da9a2] 	at java.base/java.util.concurrent.ForkJoinTask.doExec(Unknown Source)
2025-01-28 20:48:01,321 INFO c.h.h.t.HelmChartContainer - [hivemq-test-hivemq-platform] [hivemq-platform-operator] [475da9a2] 	at java.base/java.util.concurrent.ForkJoinTask.invoke(Unknown Source)
2025-01-28 20:48:01,321 INFO c.h.h.t.HelmChartContainer - [hivemq-test-hivemq-platform] [hivemq-platform-operator] [475da9a2] 	at java.base/java.util.stream.ForEachOps$ForEachOp.evaluateParallel(Unknown Source)
2025-01-28 20:48:01,321 INFO c.h.h.t.HelmChartContainer - [hivemq-test-hivemq-platform] [hivemq-platform-operator] [475da9a2] 	at java.base/java.util.stream.ForEachOps$ForEachOp$OfRef.evaluateParallel(Unknown Source)
2025-01-28 20:48:01,321 INFO c.h.h.t.HelmChartContainer - [hivemq-test-hivemq-platform] [hivemq-platform-operator] [475da9a2] 	at java.base/java.util.stream.AbstractPipeline.evaluate(Unknown Source)
2025-01-28 20:48:01,321 INFO c.h.h.t.HelmChartContainer - [hivemq-test-hivemq-platform] [hivemq-platform-operator] [475da9a2] 	at java.base/java.util.stream.ReferencePipeline.forEach(Unknown Source)
2025-01-28 20:48:01,321 INFO c.h.h.t.HelmChartContainer - [hivemq-test-hivemq-platform] [hivemq-platform-operator] [475da9a2] 	at com.hivemq.platform.operator.util.RestApiUtil.callRestApi(RestApiUtil.java:40)
2025-01-28 20:48:01,321 INFO c.h.h.t.HelmChartContainer - [hivemq-test-hivemq-platform] [hivemq-platform-operator] [475da9a2] 	at com.hivemq.platform.operator.http.RestApiService.callRestApi(RestApiService.java:63)
2025-01-28 20:48:01,321 INFO c.h.h.t.HelmChartContainer - [hivemq-test-hivemq-platform] [hivemq-platform-operator] [475da9a2] 	at com.hivemq.platform.operator.handler.HiveMQPlatformReconcilerSetLogLevelHandler.handleSetLogLevel(HiveMQPlatformReconcilerSetLogLevelHandler.java:49)
2025-01-28 20:48:01,321 INFO c.h.h.t.HelmChartContainer - [hivemq-test-hivemq-platform] [hivemq-platform-operator] [475da9a2] 	at com.hivemq.platform.operator.HiveMQPlatformReconciler.reconcile(HiveMQPlatformReconciler.java:243)
2025-01-28 20:48:01,321 INFO c.h.h.t.HelmChartContainer - [hivemq-test-hivemq-platform] [hivemq-platform-operator] [475da9a2] 	at com.hivemq.platform.operator.HiveMQPlatformReconciler.reconcile(HiveMQPlatformReconciler.java:227)
2025-01-28 20:48:01,321 INFO c.h.h.t.HelmChartContainer - [hivemq-test-hivemq-platform] [hivemq-platform-operator] [475da9a2] 	at com.hivemq.platform.operator.HiveMQPlatformReconciler.reconcile(HiveMQPlatformReconciler.java:71)
2025-01-28 20:48:01,321 INFO c.h.h.t.HelmChartContainer - [hivemq-test-hivemq-platform] [hivemq-platform-operator] [475da9a2] 	at io.javaoperatorsdk.operator.processing.Controller$1.execute(Controller.java:149)
2025-01-28 20:48:01,321 INFO c.h.h.t.HelmChartContainer - [hivemq-test-hivemq-platform] [hivemq-platform-operator] [475da9a2] 	at io.javaoperatorsdk.operator.processing.Controller$1.execute(Controller.java:110)
2025-01-28 20:48:01,321 INFO c.h.h.t.HelmChartContainer - [hivemq-test-hivemq-platform] [hivemq-platform-operator] [475da9a2] 	at io.javaoperatorsdk.operator.monitoring.micrometer.MicrometerMetrics.lambda$timeControllerExecution$0(MicrometerMetrics.java:163)
2025-01-28 20:48:01,321 INFO c.h.h.t.HelmChartContainer - [hivemq-test-hivemq-platform] [hivemq-platform-operator] [475da9a2] 	... 11 common frames omitted
2025-01-28 20:48:01,466 INFO c.h.h.t.HelmChartContainer - [test-hivemq-platform] [hivemq] [64f11788] INFO  - [HiveMQ Platform Operator Init App 1.7.0-SNAPSHOT] Set log level from WARN to WARN in logback.xml file
2025-01-28 20:48:01,469 INFO c.h.h.t.HelmChartContainer - [hivemq-test-hivemq-platform] [hivemq-platform-operator] [475da9a2] 20:48:01.468 [vert.x-eventloop-thread-0] DEBUG c.h.platform.operator.util.PodUtil - Received status for command '[curl, -s, http://10.42.0.13:7979/setLogLevel?level=WARN]' on Pod 'test-hivemq-platform-0' (exit code: 0)
2025-01-28 20:48:02,130 INFO c.h.h.t.HelmChartContainer - [POD] test-hivemq-platform-1 [c2d444af-d563-4566-bc8c-2835f036a00d] in updateloglevelit was MODIFIED
2025-01-28 20:48:02,139 INFO c.h.h.t.HelmChartContainer - [hivemq-test-hivemq-platform] [hivemq-platform-operator] [475da9a2] 20:48:02.135 [pool-6-thread-3] DEBUG c.h.p.o.d.PodServiceAccountResource - [updatelo] Desired PodServiceAccountResource (serviceAccountName: hivemq-platform-pod-test-hivemq-platform)
2025-01-28 20:48:02,140 INFO c.h.h.t.HelmChartContainer - [hivemq-test-hivemq-platform] [hivemq-platform-operator] [475da9a2] 20:48:02.136 [pool-6-thread-8] DEBUG c.h.p.o.dependants.PodInfoConfigMap - [updatelo] Desired PodInfo ConfigMap (1 extensions) (1 enabled)
2025-01-28 20:48:02,140 INFO c.h.h.t.HelmChartContainer - [hivemq-test-hivemq-platform] [hivemq-platform-operator] [475da9a2] 20:48:02.136 [pool-6-thread-8] DEBUG c.h.p.o.dependants.PodInfoConfigMap - [updatelo] Desired PodInfo ConfigMap (metrics port: 9399) (metrics path: /)
2025-01-28 20:48:02,140 INFO c.h.h.t.HelmChartContainer - [hivemq-test-hivemq-platform] [hivemq-platform-operator] [475da9a2] 20:48:02.136 [pool-6-thread-8] DEBUG c.h.p.o.dependants.PodInfoConfigMap - [updatelo] Desired PodInfo ConfigMap (extension state hash: -1817474005)
2025-01-28 20:48:02,140 INFO c.h.h.t.HelmChartContainer - [hivemq-test-hivemq-platform] [hivemq-platform-operator] [475da9a2] 20:48:02.134 [pool-6-thread-7] DEBUG c.h.p.o.d.PlatformServiceResource - [updatelo] Desired Platform services (3 services)
2025-01-28 20:48:02,146 INFO c.h.h.t.HelmChartContainer - [EVENT] Normal [Started] Started container hivemq [updateloglevelit:test-hivemq-platform-1]
2025-01-28 20:48:02,146 INFO c.h.h.t.HelmChartContainer - Received Started event for container hivemq in pod test-hivemq-platform-1 [c2d444af-d563-4566-bc8c-2835f036a00d]
2025-01-28 20:48:02,147 INFO c.h.h.t.HelmChartContainer - Started log watcher for hivemq in pod test-hivemq-platform-1 [c2d444af-d563-4566-bc8c-2835f036a00d]
2025-01-28 20:48:02,147 INFO c.h.h.t.HelmChartContainer - [hivemq-test-hivemq-platform] [hivemq-platform-operator] [475da9a2] 20:48:02.144 [pool-6-thread-7] DEBUG c.h.p.o.d.StatefulSetResource - [updatelo] Desired StatefulSet (2 replicas) for status SET_LOG_LEVEL (SET_LOG_LEVEL)
2025-01-28 20:48:02,147 INFO c.h.h.t.HelmChartContainer - [test-hivemq-platform] [hivemq] [c2d444af] Adding pre-installed HiveMQ Platform Operator extensions
2025-01-28 20:48:02,147 INFO c.h.h.t.HelmChartContainer - [test-hivemq-platform] [hivemq] [c2d444af] Running as user 10000
2025-01-28 20:48:02,147 INFO c.h.h.t.HelmChartContainer - [test-hivemq-platform] [hivemq] [c2d444af] Starting HiveMQ Platform Operator Init
2025-01-28 20:48:02,231 INFO c.h.h.t.HelmChartContainer - [hivemq-test-hivemq-platform] [hivemq-platform-operator] [475da9a2] 20:48:02.229 [ReconcilerExecutor-hivemq-controller-120] INFO  c.h.p.o.HiveMQPlatformReconciler - [updatelo] Reconciling HiveMQ Platform 'test-hivemq-platform' in namespace 'updateloglevelit'
2025-01-28 20:48:02,231 INFO c.h.h.t.HelmChartContainer - [hivemq-test-hivemq-platform] [hivemq-platform-operator] [475da9a2] 20:48:02.229 [ReconcilerExecutor-hivemq-controller-120] DEBUG c.h.p.o.HiveMQPlatformReconciler - [updatelo] Custom Resource Status SET_LOG_LEVEL - HiveMQ Platform is updating the log level to WARN (SET_LOG_LEVEL) (reconciliation requests: SCALING)
2025-01-28 20:48:02,231 INFO c.h.h.t.HelmChartContainer - [hivemq-test-hivemq-platform] [hivemq-platform-operator] [475da9a2] 20:48:02.229 [ReconcilerExecutor-hivemq-controller-120] DEBUG c.h.p.o.HiveMQPlatformReconciler - [updatelo] Custom Resource Spec (replicas: 2) (extensions: 1)
2025-01-28 20:48:02,232 INFO c.h.h.t.HelmChartContainer - [hivemq-test-hivemq-platform] [hivemq-platform-operator] [475da9a2] 20:48:02.231 [ReconcilerExecutor-hivemq-controller-120] DEBUG c.h.p.o.HiveMQPlatformReconciler - [updatelo] StatefulSet Status (revision: test-hivemq-platform-b697f795f, replicas: 2, available: 1, ready: 1, current: 2, updated: 2)
2025-01-28 20:48:02,233 INFO c.h.h.t.HelmChartContainer - [hivemq-test-hivemq-platform] [hivemq-platform-operator] [475da9a2] 20:48:02.231 [ReconcilerExecutor-hivemq-controller-120] DEBUG c.h.p.o.HiveMQPlatformReconciler - [updatelo] StatefulSet Spec (replicas: 2, init containers: 1, containers: 1, volumes: 3)
2025-01-28 20:48:02,233 INFO c.h.h.t.HelmChartContainer - [hivemq-test-hivemq-platform] [hivemq-platform-operator] [475da9a2] 20:48:02.232 [ReconcilerExecutor-hivemq-controller-120] DEBUG c.h.p.o.h.HiveMQPlatformReconcilerErrorHandler - [updatelo] Pod 'test-hivemq-platform-1' phase Running
2025-01-28 20:48:02,234 INFO c.h.h.t.HelmChartContainer - [hivemq-test-hivemq-platform] [hivemq-platform-operator] [475da9a2] 20:48:02.233 [ReconcilerExecutor-hivemq-controller-120] DEBUG c.h.p.o.h.HiveMQPlatformReconcilerErrorHandler - [updatelo] Pod 'test-hivemq-platform-0' phase Running
2025-01-28 20:48:02,310 INFO c.h.h.t.HelmChartContainer - [hivemq-test-hivemq-platform] [hivemq-platform-operator] [475da9a2] 20:48:02.308 [ReconcilerExecutor-hivemq-controller-120] DEBUG c.h.p.o.h.HiveMQPlatformReconcilerSetLogLevelHandler - [updatelo] Setting log level on Pod 'test-hivemq-platform-1'
2025-01-28 20:48:02,310 INFO c.h.h.t.HelmChartContainer - [hivemq-test-hivemq-platform] [hivemq-platform-operator] [475da9a2] 20:48:02.308 [ForkJoinPool.commonPool-worker-1] DEBUG c.h.p.o.h.HiveMQPlatformReconcilerSetLogLevelHandler - [updatelo] Setting log level on Pod 'test-hivemq-platform-0'
2025-01-28 20:48:02,399 INFO c.h.h.t.HelmChartContainer - [test-hivemq-platform] [hivemq] [c2d444af] INFO  - [HiveMQ Platform Operator Init 1.7.0-SNAPSHOT] HiveMQ Platform Operator Init 1.7.0-SNAPSHOT (commit: bebf408 on branch: HEAD) built on Sun Jan 26 20:47:47 UTC 2025
2025-01-28 20:48:02,462 INFO c.h.h.t.HelmChartContainer - [test-hivemq-platform] [hivemq] [64f11788] INFO  - [HiveMQ Platform Operator Init App 1.7.0-SNAPSHOT] Set log level from WARN to WARN in logback.xml file
2025-01-28 20:48:02,507 INFO c.h.h.t.HelmChartContainer - [hivemq-test-hivemq-platform] [hivemq-platform-operator] [475da9a2] 20:48:02.506 [vert.x-eventloop-thread-0] DEBUG c.h.platform.operator.util.PodUtil - Received status for command '[curl, -s, http://10.42.0.14:7979/setLogLevel?level=WARN]' on Pod 'test-hivemq-platform-1' (exit code: 7)
2025-01-28 20:48:02,508 INFO c.h.h.t.HelmChartContainer - [hivemq-test-hivemq-platform] [hivemq-platform-operator] [475da9a2] 20:48:02.507 [vert.x-eventloop-thread-1] DEBUG c.h.platform.operator.util.PodUtil - Received status for command '[curl, -s, http://10.42.0.13:7979/setLogLevel?level=WARN]' on Pod 'test-hivemq-platform-0' (exit code: 0)
2025-01-28 20:48:03,512 INFO c.h.h.t.HelmChartContainer - [hivemq-test-hivemq-platform] [hivemq-platform-operator] [475da9a2] 20:48:03.509 [pool-6-thread-17] DEBUG c.h.p.o.d.PlatformServiceResource - [updatelo] Desired Platform services (3 services)
2025-01-28 20:48:03,512 INFO c.h.h.t.HelmChartContainer - [hivemq-test-hivemq-platform] [hivemq-platform-operator] [475da9a2] 20:48:03.510 [pool-6-thread-13] DEBUG c.h.p.o.dependants.PodInfoConfigMap - [updatelo] Desired PodInfo ConfigMap (1 extensions) (1 enabled)
2025-01-28 20:48:03,514 INFO c.h.h.t.HelmChartContainer - [hivemq-test-hivemq-platform] [hivemq-platform-operator] [475da9a2] 20:48:03.512 [pool-6-thread-13] DEBUG c.h.p.o.dependants.PodInfoConfigMap - [updatelo] Desired PodInfo ConfigMap (metrics port: 9399) (metrics path: /)
2025-01-28 20:48:03,516 INFO c.h.h.t.HelmChartContainer - [hivemq-test-hivemq-platform] [hivemq-platform-operator] [475da9a2] 20:48:03.513 [pool-6-thread-13] DEBUG c.h.p.o.dependants.PodInfoConfigMap - [updatelo] Desired PodInfo ConfigMap (extension state hash: -1817474005)
2025-01-28 20:48:03,516 INFO c.h.h.t.HelmChartContainer - [hivemq-test-hivemq-platform] [hivemq-platform-operator] [475da9a2] 20:48:03.513 [pool-6-thread-16] DEBUG c.h.p.o.d.PodServiceAccountResource - [updatelo] Desired PodServiceAccountResource (serviceAccountName: hivemq-platform-pod-test-hivemq-platform)
2025-01-28 20:48:03,519 INFO c.h.h.t.HelmChartContainer - [hivemq-test-hivemq-platform] [hivemq-platform-operator] [475da9a2] 20:48:03.518 [pool-6-thread-11] DEBUG c.h.p.o.d.StatefulSetResource - [updatelo] Desired StatefulSet (2 replicas) for status SET_LOG_LEVEL (SET_LOG_LEVEL)
2025-01-28 20:48:03,522 INFO c.h.h.t.HelmChartContainer - [hivemq-test-hivemq-platform] [hivemq-platform-operator] [475da9a2] 20:48:03.521 [ReconcilerExecutor-hivemq-controller-121] INFO  c.h.p.o.HiveMQPlatformReconciler - [updatelo] Reconciling HiveMQ Platform 'test-hivemq-platform' in namespace 'updateloglevelit'
2025-01-28 20:48:03,522 INFO c.h.h.t.HelmChartContainer - [hivemq-test-hivemq-platform] [hivemq-platform-operator] [475da9a2] 20:48:03.521 [ReconcilerExecutor-hivemq-controller-121] DEBUG c.h.p.o.HiveMQPlatformReconciler - [updatelo] Custom Resource Status SET_LOG_LEVEL - HiveMQ Platform is updating the log level to WARN (SET_LOG_LEVEL) (reconciliation requests: SCALING)
2025-01-28 20:48:03,522 INFO c.h.h.t.HelmChartContainer - [hivemq-test-hivemq-platform] [hivemq-platform-operator] [475da9a2] 20:48:03.521 [ReconcilerExecutor-hivemq-controller-121] DEBUG c.h.p.o.HiveMQPlatformReconciler - [updatelo] Custom Resource Spec (replicas: 2) (extensions: 1)
2025-01-28 20:48:03,523 INFO c.h.h.t.HelmChartContainer - [hivemq-test-hivemq-platform] [hivemq-platform-operator] [475da9a2] 20:48:03.523 [ReconcilerExecutor-hivemq-controller-121] DEBUG c.h.p.o.HiveMQPlatformReconciler - [updatelo] StatefulSet Status (revision: test-hivemq-platform-b697f795f, replicas: 2, available: 1, ready: 1, current: 2, updated: 2)
2025-01-28 20:48:03,525 INFO c.h.h.t.HelmChartContainer - [hivemq-test-hivemq-platform] [hivemq-platform-operator] [475da9a2] 20:48:03.523 [ReconcilerExecutor-hivemq-controller-121] DEBUG c.h.p.o.HiveMQPlatformReconciler - [updatelo] StatefulSet Spec (replicas: 2, init containers: 1, containers: 1, volumes: 3)
2025-01-28 20:48:03,525 INFO c.h.h.t.HelmChartContainer - [hivemq-test-hivemq-platform] [hivemq-platform-operator] [475da9a2] 20:48:03.524 [ReconcilerExecutor-hivemq-controller-121] DEBUG c.h.p.o.h.HiveMQPlatformReconcilerErrorHandler - [updatelo] Pod 'test-hivemq-platform-1' phase Running
2025-01-28 20:48:03,526 INFO c.h.h.t.HelmChartContainer - [hivemq-test-hivemq-platform] [hivemq-platform-operator] [475da9a2] 20:48:03.526 [ReconcilerExecutor-hivemq-controller-121] DEBUG c.h.p.o.h.HiveMQPlatformReconcilerErrorHandler - [updatelo] Pod 'test-hivemq-platform-0' phase Running
2025-01-28 20:48:03,589 INFO c.h.h.t.HelmChartContainer - [test-hivemq-platform] [hivemq] [c2d444af] INFO  - [HiveMQ Platform Operator Init App 1.7.0-SNAPSHOT] Using bind address 10.42.0.14 from environment variable
2025-01-28 20:48:03,609 INFO c.h.h.t.HelmChartContainer - [hivemq-test-hivemq-platform] [hivemq-platform-operator] [475da9a2] 20:48:03.608 [ReconcilerExecutor-hivemq-controller-121] WARN  c.h.p.operator.util.RestApiUtil - [updatelo] Set log level command on Pod 'test-hivemq-platform-1' returned an empty response
2025-01-28 20:48:04,495 INFO c.h.h.t.HelmChartContainer - [test-hivemq-platform] [hivemq] [c2d444af] INFO  - [HiveMQ Platform Operator Init App 1.7.0-SNAPSHOT] HiveMQ Platform Operator Init App 1.7.0-SNAPSHOT (commit: bebf408 on branch: HEAD) built on Sun Jan 26 20:47:47 UTC 2025
2025-01-28 20:48:04,495 INFO c.h.h.t.HelmChartContainer - [test-hivemq-platform] [hivemq] [c2d444af] INFO  - [HiveMQ Platform Operator Init App 1.7.0-SNAPSHOT] PodInfo ConfigMap directory: /etc/podinfo
2025-01-28 20:48:04,495 INFO c.h.h.t.HelmChartContainer - [test-hivemq-platform] [hivemq] [c2d444af] INFO  - [HiveMQ Platform Operator Init App 1.7.0-SNAPSHOT] HiveMQ home directory: /opt/hivemq
2025-01-28 20:48:04,495 INFO c.h.h.t.HelmChartContainer - [test-hivemq-platform] [hivemq] [c2d444af] INFO  - [HiveMQ Platform Operator Init App 1.7.0-SNAPSHOT] HiveMQ Logback folder: /opt/hivemq/conf
2025-01-28 20:48:04,495 INFO c.h.h.t.HelmChartContainer - [test-hivemq-platform] [hivemq] [c2d444af] INFO  - [HiveMQ Platform Operator Init App 1.7.0-SNAPSHOT] HiveMQ Config folder: /opt/hivemq/conf-k8s
2025-01-28 20:48:04,495 INFO c.h.h.t.HelmChartContainer - [test-hivemq-platform] [hivemq] [c2d444af] INFO  - [HiveMQ Platform Operator Init App 1.7.0-SNAPSHOT] Starting HiveMQ Platform Operator Init App
2025-01-28 20:48:04,495 INFO c.h.h.t.HelmChartContainer - [test-hivemq-platform] [hivemq] [c2d444af] INFO  - [HiveMQ Platform Operator Init App 1.7.0-SNAPSHOT] Starting Pod reconciler
2025-01-28 20:48:05,698 INFO c.h.h.t.HelmChartContainer - [test-hivemq-platform] [hivemq] [c2d444af] INFO  - [HiveMQ Platform Operator Init App 1.7.0-SNAPSHOT] Pod reconciler is scheduled (interval: 5000 ms)
2025-01-28 20:48:05,698 INFO c.h.h.t.HelmChartContainer - [test-hivemq-platform] [hivemq] [c2d444af] INFO  - [HiveMQ Platform Operator Init App 1.7.0-SNAPSHOT] Starting the REST API on 10.42.0.14:7979
2025-01-28 20:48:05,701 INFO c.h.h.t.HelmChartContainer - [test-hivemq-platform] [hivemq] [c2d444af] INFO  - [HiveMQ Platform Operator Init App 1.7.0-SNAPSHOT] Waiting up to 600s for at most 2 HiveMQ nodes in cluster service hivemq-test-hivemq-platform-cluster.updateloglevelit.svc
2025-01-28 20:48:06,009 INFO c.h.h.t.HelmChartContainer - [test-hivemq-platform] [hivemq] [c2d444af] INFO  - [HiveMQ Platform Operator Init App 1.7.0-SNAPSHOT] Resolved 2 IP addresses: [10.42.0.13, 10.42.0.14]
2025-01-28 20:48:06,010 INFO c.h.h.t.HelmChartContainer - [test-hivemq-platform] [hivemq] [c2d444af] INFO  - [HiveMQ Platform Operator Init App 1.7.0-SNAPSHOT] HiveMQ node count of 2 is within threshold of 2
2025-01-28 20:48:06,010 INFO c.h.h.t.HelmChartContainer - [test-hivemq-platform] [hivemq] [c2d444af] INFO  - [HiveMQ Platform Operator Init App 1.7.0-SNAPSHOT] Waiting 15s for previous shutdown replication to finish...
2025-01-28 20:48:08,128 INFO c.h.h.t.HelmChartContainer - [test-hivemq-platform] [hivemq] [c2d444af] INFO  - [HiveMQ Platform Operator Init App 1.7.0-SNAPSHOT] Returning default Health API response 503 for readiness
2025-01-28 20:48:08,292 INFO c.h.h.t.HelmChartContainer - [EVENT] Warning [Unhealthy] Readiness probe failed: HTTP probe failed with statuscode: 503 [updateloglevelit:test-hivemq-platform-1]
2025-01-28 20:48:08,293 INFO c.h.h.t.HelmChartContainer - Received Unhealthy event for container hivemq in pod test-hivemq-platform-1 [c2d444af-d563-4566-bc8c-2835f036a00d]
2025-01-28 20:48:13,194 INFO c.h.h.t.HelmChartContainer - [EVENT] Warning [Unhealthy] Readiness probe failed: HTTP probe failed with statuscode: 503 [updateloglevelit:test-hivemq-platform-1]
2025-01-28 20:48:13,194 INFO c.h.h.t.HelmChartContainer - Received Unhealthy event for container hivemq in pod test-hivemq-platform-1 [c2d444af-d563-4566-bc8c-2835f036a00d]
2025-01-28 20:48:13,295 INFO c.h.h.t.HelmChartContainer - [test-hivemq-platform] [hivemq] [c2d444af] INFO  - [HiveMQ Platform Operator Init App 1.7.0-SNAPSHOT] Updating Pod HiveMQ Platform Operator Init App version annotation (version: 1.7.0-SNAPSHOT)
2025-01-28 20:48:13,615 INFO c.h.h.t.HelmChartContainer - [hivemq-test-hivemq-platform] [hivemq-platform-operator] [475da9a2] 20:48:13.612 [pool-6-thread-26] DEBUG c.h.p.o.d.PlatformServiceResource - [updatelo] Desired Platform services (3 services)
2025-01-28 20:48:13,615 INFO c.h.h.t.HelmChartContainer - [hivemq-test-hivemq-platform] [hivemq-platform-operator] [475da9a2] 20:48:13.612 [pool-6-thread-25] DEBUG c.h.p.o.dependants.PodInfoConfigMap - [updatelo] Desired PodInfo ConfigMap (1 extensions) (1 enabled)
2025-01-28 20:48:13,615 INFO c.h.h.t.HelmChartContainer - [hivemq-test-hivemq-platform] [hivemq-platform-operator] [475da9a2] 20:48:13.613 [pool-6-thread-25] DEBUG c.h.p.o.dependants.PodInfoConfigMap - [updatelo] Desired PodInfo ConfigMap (metrics port: 9399) (metrics path: /)
2025-01-28 20:48:13,616 INFO c.h.h.t.HelmChartContainer - [hivemq-test-hivemq-platform] [hivemq-platform-operator] [475da9a2] 20:48:13.613 [pool-6-thread-25] DEBUG c.h.p.o.dependants.PodInfoConfigMap - [updatelo] Desired PodInfo ConfigMap (extension state hash: -1817474005)
2025-01-28 20:48:13,616 INFO c.h.h.t.HelmChartContainer - [hivemq-test-hivemq-platform] [hivemq-platform-operator] [475da9a2] 20:48:13.613 [pool-6-thread-24] DEBUG c.h.p.o.d.PodServiceAccountResource - [updatelo] Desired PodServiceAccountResource (serviceAccountName: hivemq-platform-pod-test-hivemq-platform)
2025-01-28 20:48:13,618 INFO c.h.h.t.HelmChartContainer - [hivemq-test-hivemq-platform] [hivemq-platform-operator] [475da9a2] 20:48:13.618 [pool-6-thread-21] DEBUG c.h.p.o.d.StatefulSetResource - [updatelo] Desired StatefulSet (2 replicas) for status SET_LOG_LEVEL (SET_LOG_LEVEL)
2025-01-28 20:48:13,621 INFO c.h.h.t.HelmChartContainer - [hivemq-test-hivemq-platform] [hivemq-platform-operator] [475da9a2] 20:48:13.620 [ReconcilerExecutor-hivemq-controller-122] INFO  c.h.p.o.HiveMQPlatformReconciler - [updatelo] Reconciling HiveMQ Platform 'test-hivemq-platform' in namespace 'updateloglevelit'
2025-01-28 20:48:13,622 INFO c.h.h.t.HelmChartContainer - [hivemq-test-hivemq-platform] [hivemq-platform-operator] [475da9a2] 20:48:13.620 [ReconcilerExecutor-hivemq-controller-122] DEBUG c.h.p.o.HiveMQPlatformReconciler - [updatelo] Custom Resource Status SET_LOG_LEVEL - HiveMQ Platform is updating the log level to WARN (SET_LOG_LEVEL) (reconciliation requests: SCALING)
2025-01-28 20:48:13,623 INFO c.h.h.t.HelmChartContainer - [hivemq-test-hivemq-platform] [hivemq-platform-operator] [475da9a2] 20:48:13.620 [ReconcilerExecutor-hivemq-controller-122] DEBUG c.h.p.o.HiveMQPlatformReconciler - [updatelo] Custom Resource Spec (replicas: 2) (extensions: 1)
2025-01-28 20:48:13,623 INFO c.h.h.t.HelmChartContainer - [hivemq-test-hivemq-platform] [hivemq-platform-operator] [475da9a2] 20:48:13.622 [ReconcilerExecutor-hivemq-controller-122] DEBUG c.h.p.o.HiveMQPlatformReconciler - [updatelo] StatefulSet Status (revision: test-hivemq-platform-b697f795f, replicas: 2, available: 1, ready: 1, current: 2, updated: 2)
2025-01-28 20:48:13,623 INFO c.h.h.t.HelmChartContainer - [hivemq-test-hivemq-platform] [hivemq-platform-operator] [475da9a2] 20:48:13.622 [ReconcilerExecutor-hivemq-controller-122] DEBUG c.h.p.o.HiveMQPlatformReconciler - [updatelo] StatefulSet Spec (replicas: 2, init containers: 1, containers: 1, volumes: 3)
2025-01-28 20:48:13,624 INFO c.h.h.t.HelmChartContainer - [hivemq-test-hivemq-platform] [hivemq-platform-operator] [475da9a2] 20:48:13.623 [ReconcilerExecutor-hivemq-controller-122] DEBUG c.h.p.o.h.HiveMQPlatformReconcilerErrorHandler - [updatelo] Pod 'test-hivemq-platform-1' phase Running
2025-01-28 20:48:13,625 INFO c.h.h.t.HelmChartContainer - [hivemq-test-hivemq-platform] [hivemq-platform-operator] [475da9a2] 20:48:13.624 [ReconcilerExecutor-hivemq-controller-122] DEBUG c.h.p.o.h.HiveMQPlatformReconcilerErrorHandler - [updatelo] Pod 'test-hivemq-platform-0' phase Running
2025-01-28 20:48:13,703 INFO c.h.h.t.HelmChartContainer - [POD] test-hivemq-platform-1 [c2d444af-d563-4566-bc8c-2835f036a00d] in updateloglevelit was MODIFIED
2025-01-28 20:48:13,708 INFO c.h.h.t.HelmChartContainer - [test-hivemq-platform] [hivemq] [c2d444af] INFO  - [HiveMQ Platform Operator Init App 1.7.0-SNAPSHOT] Successfully updated Pod HiveMQ Platform Operator Init App version annotation (version: 1.7.0-SNAPSHOT)
2025-01-28 20:48:13,711 INFO c.h.h.t.HelmChartContainer - [EVENT] Warning [Unhealthy] Readiness probe failed: HTTP probe failed with statuscode: 503 [updateloglevelit:test-hivemq-platform-1]
2025-01-28 20:48:13,711 INFO c.h.h.t.HelmChartContainer - Received Unhealthy event for container hivemq in pod test-hivemq-platform-1 [c2d444af-d563-4566-bc8c-2835f036a00d]
2025-01-28 20:48:13,714 INFO c.h.h.t.HelmChartContainer - [hivemq-test-hivemq-platform] [hivemq-platform-operator] [475da9a2] 20:48:13.713 [ReconcilerExecutor-hivemq-controller-122] DEBUG c.h.p.o.h.HiveMQPlatformReconcilerSetLogLevelHandler - [updatelo] Setting log level on Pod 'test-hivemq-platform-1'
2025-01-28 20:48:13,714 INFO c.h.h.t.HelmChartContainer - [hivemq-test-hivemq-platform] [hivemq-platform-operator] [475da9a2] 20:48:13.713 [ForkJoinPool.commonPool-worker-1] DEBUG c.h.p.o.h.HiveMQPlatformReconcilerSetLogLevelHandler - [updatelo] Setting log level on Pod 'test-hivemq-platform-0'
2025-01-28 20:48:13,812 INFO c.h.h.t.HelmChartContainer - [test-hivemq-platform] [hivemq] [64f11788] INFO  - [HiveMQ Platform Operator Init App 1.7.0-SNAPSHOT] Returning Health API response 200 for liveness
2025-01-28 20:48:13,872 INFO c.h.h.t.HelmChartContainer - [test-hivemq-platform] [hivemq] [64f11788] INFO  - [HiveMQ Platform Operator Init App 1.7.0-SNAPSHOT] Set log level from WARN to WARN in logback.xml file
2025-01-28 20:48:13,908 INFO c.h.h.t.HelmChartContainer - [hivemq-test-hivemq-platform] [hivemq-platform-operator] [475da9a2] 20:48:13.906 [vert.x-eventloop-thread-1] DEBUG c.h.platform.operator.util.PodUtil - Received status for command '[curl, -s, http://10.42.0.13:7979/setLogLevel?level=WARN]' on Pod 'test-hivemq-platform-0' (exit code: 0)
2025-01-28 20:48:13,910 INFO c.h.h.t.HelmChartContainer - [hivemq-test-hivemq-platform] [hivemq-platform-operator] [475da9a2] 20:48:13.910 [pool-6-thread-34] DEBUG c.h.p.o.d.PlatformServiceResource - [updatelo] Desired Platform services (3 services)
2025-01-28 20:48:13,912 INFO c.h.h.t.HelmChartContainer - [hivemq-test-hivemq-platform] [hivemq-platform-operator] [475da9a2] 20:48:13.911 [pool-6-thread-39] DEBUG c.h.p.o.dependants.PodInfoConfigMap - [updatelo] Desired PodInfo ConfigMap (1 extensions) (1 enabled)
2025-01-28 20:48:13,913 INFO c.h.h.t.HelmChartContainer - [hivemq-test-hivemq-platform] [hivemq-platform-operator] [475da9a2] 20:48:13.912 [pool-6-thread-39] DEBUG c.h.p.o.dependants.PodInfoConfigMap - [updatelo] Desired PodInfo ConfigMap (metrics port: 9399) (metrics path: /)
2025-01-28 20:48:13,913 INFO c.h.h.t.HelmChartContainer - [hivemq-test-hivemq-platform] [hivemq-platform-operator] [475da9a2] 20:48:13.912 [pool-6-thread-39] DEBUG c.h.p.o.dependants.PodInfoConfigMap - [updatelo] Desired PodInfo ConfigMap (extension state hash: -1817474005)
2025-01-28 20:48:13,913 INFO c.h.h.t.HelmChartContainer - [hivemq-test-hivemq-platform] [hivemq-platform-operator] [475da9a2] 20:48:13.912 [pool-6-thread-32] DEBUG c.h.p.o.d.PodServiceAccountResource - [updatelo] Desired PodServiceAccountResource (serviceAccountName: hivemq-platform-pod-test-hivemq-platform)
2025-01-28 20:48:13,917 INFO c.h.h.t.HelmChartContainer - [hivemq-test-hivemq-platform] [hivemq-platform-operator] [475da9a2] 20:48:13.917 [pool-6-thread-34] DEBUG c.h.p.o.d.StatefulSetResource - [updatelo] Desired StatefulSet (2 replicas) for status SET_LOG_LEVEL (SET_LOG_LEVEL)
2025-01-28 20:48:13,919 INFO c.h.h.t.HelmChartContainer - [hivemq-test-hivemq-platform] [hivemq-platform-operator] [475da9a2] 20:48:13.919 [ReconcilerExecutor-hivemq-controller-123] INFO  c.h.p.o.HiveMQPlatformReconciler - [updatelo] Reconciling HiveMQ Platform 'test-hivemq-platform' in namespace 'updateloglevelit'
2025-01-28 20:48:13,920 INFO c.h.h.t.HelmChartContainer - [hivemq-test-hivemq-platform] [hivemq-platform-operator] [475da9a2] 20:48:13.919 [ReconcilerExecutor-hivemq-controller-123] DEBUG c.h.p.o.HiveMQPlatformReconciler - [updatelo] Custom Resource Status SET_LOG_LEVEL - HiveMQ Platform is updating the log level to WARN (SET_LOG_LEVEL) (reconciliation requests: SCALING)
2025-01-28 20:48:13,920 INFO c.h.h.t.HelmChartContainer - [hivemq-test-hivemq-platform] [hivemq-platform-operator] [475da9a2] 20:48:13.919 [ReconcilerExecutor-hivemq-controller-123] DEBUG c.h.p.o.HiveMQPlatformReconciler - [updatelo] Custom Resource Spec (replicas: 2) (extensions: 1)
2025-01-28 20:48:13,922 INFO c.h.h.t.HelmChartContainer - [hivemq-test-hivemq-platform] [hivemq-platform-operator] [475da9a2] 20:48:13.921 [ReconcilerExecutor-hivemq-controller-123] DEBUG c.h.p.o.HiveMQPlatformReconciler - [updatelo] StatefulSet Status (revision: test-hivemq-platform-b697f795f, replicas: 2, available: 1, ready: 1, current: 2, updated: 2)
2025-01-28 20:48:13,922 INFO c.h.h.t.HelmChartContainer - [hivemq-test-hivemq-platform] [hivemq-platform-operator] [475da9a2] 20:48:13.921 [ReconcilerExecutor-hivemq-controller-123] DEBUG c.h.p.o.HiveMQPlatformReconciler - [updatelo] StatefulSet Spec (replicas: 2, init containers: 1, containers: 1, volumes: 3)
2025-01-28 20:48:13,924 INFO c.h.h.t.HelmChartContainer - [hivemq-test-hivemq-platform] [hivemq-platform-operator] [475da9a2] 20:48:13.923 [ReconcilerExecutor-hivemq-controller-123] DEBUG c.h.p.o.h.HiveMQPlatformReconcilerErrorHandler - [updatelo] Pod 'test-hivemq-platform-1' phase Running
2025-01-28 20:48:13,925 INFO c.h.h.t.HelmChartContainer - [hivemq-test-hivemq-platform] [hivemq-platform-operator] [475da9a2] 20:48:13.924 [ReconcilerExecutor-hivemq-controller-123] DEBUG c.h.p.o.h.HiveMQPlatformReconcilerErrorHandler - [updatelo] Pod 'test-hivemq-platform-0' phase Running
2025-01-28 20:48:13,925 INFO c.h.h.t.HelmChartContainer - [hivemq-test-hivemq-platform] [hivemq-platform-operator] [475da9a2] 20:48:13.925 [ReconcilerExecutor-hivemq-controller-123] INFO  c.h.p.operator.http.RestApiService - [updatelo] Set log level command on Pod 'test-hivemq-platform-1' is not ready yet
2025-01-28 20:48:14,502 INFO c.h.h.t.HelmChartContainer - [test-hivemq-platform] [hivemq] [c2d444af] INFO  - [HiveMQ Platform Operator Init App 1.7.0-SNAPSHOT] Set log level from ${HIVEMQ_LOG_LEVEL:-INFO} to WARN in logback.xml file
2025-01-28 20:48:14,593 INFO c.h.h.t.HelmChartContainer - [hivemq-test-hivemq-platform] [hivemq-platform-operator] [475da9a2] 20:48:14.591 [vert.x-eventloop-thread-0] DEBUG c.h.platform.operator.util.PodUtil - Received status for command '[curl, -s, http://10.42.0.14:7979/setLogLevel?level=WARN]' on Pod 'test-hivemq-platform-1' (exit code: 0)
2025-01-28 20:48:14,930 INFO c.h.h.t.HelmChartContainer - [hivemq-test-hivemq-platform] [hivemq-platform-operator] [475da9a2] 20:48:14.928 [pool-6-thread-46] DEBUG c.h.p.o.d.PlatformServiceResource - [updatelo] Desired Platform services (3 services)
2025-01-28 20:48:14,931 INFO c.h.h.t.HelmChartContainer - [hivemq-test-hivemq-platform] [hivemq-platform-operator] [475da9a2] 20:48:14.929 [pool-6-thread-45] DEBUG c.h.p.o.d.PodServiceAccountResource - [updatelo] Desired PodServiceAccountResource (serviceAccountName: hivemq-platform-pod-test-hivemq-platform)
2025-01-28 20:48:14,932 INFO c.h.h.t.HelmChartContainer - [hivemq-test-hivemq-platform] [hivemq-platform-operator] [475da9a2] 20:48:14.931 [pool-6-thread-48] DEBUG c.h.p.o.dependants.PodInfoConfigMap - [updatelo] Desired PodInfo ConfigMap (1 extensions) (1 enabled)
2025-01-28 20:48:14,933 INFO c.h.h.t.HelmChartContainer - [hivemq-test-hivemq-platform] [hivemq-platform-operator] [475da9a2] 20:48:14.931 [pool-6-thread-48] DEBUG c.h.p.o.dependants.PodInfoConfigMap - [updatelo] Desired PodInfo ConfigMap (metrics port: 9399) (metrics path: /)
2025-01-28 20:48:14,935 INFO c.h.h.t.HelmChartContainer - [hivemq-test-hivemq-platform] [hivemq-platform-operator] [475da9a2] 20:48:14.931 [pool-6-thread-48] DEBUG c.h.p.o.dependants.PodInfoConfigMap - [updatelo] Desired PodInfo ConfigMap (extension state hash: -1817474005)
2025-01-28 20:48:14,937 INFO c.h.h.t.HelmChartContainer - [hivemq-test-hivemq-platform] [hivemq-platform-operator] [475da9a2] 20:48:14.937 [pool-6-thread-46] DEBUG c.h.p.o.d.StatefulSetResource - [updatelo] Desired StatefulSet (2 replicas) for status SET_LOG_LEVEL (SET_LOG_LEVEL)
2025-01-28 20:48:14,940 INFO c.h.h.t.HelmChartContainer - [hivemq-test-hivemq-platform] [hivemq-platform-operator] [475da9a2] 20:48:14.940 [ReconcilerExecutor-hivemq-controller-124] INFO  c.h.p.o.HiveMQPlatformReconciler - [updatelo] Reconciling HiveMQ Platform 'test-hivemq-platform' in namespace 'updateloglevelit'
2025-01-28 20:48:14,941 INFO c.h.h.t.HelmChartContainer - [hivemq-test-hivemq-platform] [hivemq-platform-operator] [475da9a2] 20:48:14.940 [ReconcilerExecutor-hivemq-controller-124] DEBUG c.h.p.o.HiveMQPlatformReconciler - [updatelo] Custom Resource Status SET_LOG_LEVEL - HiveMQ Platform is updating the log level to WARN (SET_LOG_LEVEL) (reconciliation requests: SCALING)
2025-01-28 20:48:14,941 INFO c.h.h.t.HelmChartContainer - [hivemq-test-hivemq-platform] [hivemq-platform-operator] [475da9a2] 20:48:14.940 [ReconcilerExecutor-hivemq-controller-124] DEBUG c.h.p.o.HiveMQPlatformReconciler - [updatelo] Custom Resource Spec (replicas: 2) (extensions: 1)
2025-01-28 20:48:14,942 INFO c.h.h.t.HelmChartContainer - [hivemq-test-hivemq-platform] [hivemq-platform-operator] [475da9a2] 20:48:14.941 [ReconcilerExecutor-hivemq-controller-124] DEBUG c.h.p.o.HiveMQPlatformReconciler - [updatelo] StatefulSet Status (revision: test-hivemq-platform-b697f795f, replicas: 2, available: 1, ready: 1, current: 2, updated: 2)
2025-01-28 20:48:14,942 INFO c.h.h.t.HelmChartContainer - [hivemq-test-hivemq-platform] [hivemq-platform-operator] [475da9a2] 20:48:14.941 [ReconcilerExecutor-hivemq-controller-124] DEBUG c.h.p.o.HiveMQPlatformReconciler - [updatelo] StatefulSet Spec (replicas: 2, init containers: 1, containers: 1, volumes: 3)
2025-01-28 20:48:14,943 INFO c.h.h.t.HelmChartContainer - [hivemq-test-hivemq-platform] [hivemq-platform-operator] [475da9a2] 20:48:14.942 [ReconcilerExecutor-hivemq-controller-124] DEBUG c.h.p.o.h.HiveMQPlatformReconcilerErrorHandler - [updatelo] Pod 'test-hivemq-platform-1' phase Running
2025-01-28 20:48:14,944 INFO c.h.h.t.HelmChartContainer - [hivemq-test-hivemq-platform] [hivemq-platform-operator] [475da9a2] 20:48:14.943 [ReconcilerExecutor-hivemq-controller-124] DEBUG c.h.p.o.h.HiveMQPlatformReconcilerErrorHandler - [updatelo] Pod 'test-hivemq-platform-0' phase Running
2025-01-28 20:48:14,949 INFO c.h.h.t.HelmChartContainer - [hivemq-test-hivemq-platform] [hivemq-platform-operator] [475da9a2] 20:48:14.948 [ReconcilerExecutor-hivemq-controller-124] INFO  c.h.p.o.h.HiveMQPlatformReconcilerSetLogLevelHandler - [updatelo] Successfully updated the log level on all Pods
2025-01-28 20:48:15,017 INFO c.h.h.t.HelmChartContainer - [hivemq-test-hivemq-platform] [hivemq-platform-operator] [475da9a2] 20:48:15.016 [ReconcilerExecutor-hivemq-controller-124] DEBUG c.h.p.operator.event.EventSender - [updatelo] Creating K8s event waiting-for-log-level-update: [SetLogLevel] HiveMQ Platform is updating the log level
2025-01-28 20:48:15,020 INFO c.h.h.t.HelmChartContainer - [EVENT] Normal [SetLogLevel] HiveMQ Platform is updating the log level [updateloglevelit:test-hivemq-platform]
2025-01-28 20:48:15,022 INFO c.h.h.t.HelmChartContainer - [hivemq-test-hivemq-platform] [hivemq-platform-operator] [475da9a2] 20:48:15.021 [ReconcilerExecutor-hivemq-controller-124] INFO  c.h.p.o.h.AbstractHiveMQReconcilerStateHandler - [updatelo] Update HiveMQ Platform Status (SET_LOG_LEVEL [SET_LOG_LEVEL] -> SET_LOG_LEVEL [WAIT_FOR_LOG_LEVEL_UPDATE]): HiveMQ Platform is updating the log level (reconciliation requests: SCALING)
2025-01-28 20:48:15,029 DEBUG com.hivemq.helmcharts.util.K8sUtil - Comparing actual state 'SET_LOG_LEVEL' and waiting for 'RUNNING'
2025-01-28 20:48:18,705 INFO c.h.h.t.HelmChartContainer - [EVENT] Warning [Unhealthy] Readiness probe failed: HTTP probe failed with statuscode: 503 [updateloglevelit:test-hivemq-platform-1]
2025-01-28 20:48:18,705 INFO c.h.h.t.HelmChartContainer - Received Unhealthy event for container hivemq in pod test-hivemq-platform-1 [c2d444af-d563-4566-bc8c-2835f036a00d]
2025-01-28 20:48:21,074 INFO c.h.h.t.HelmChartContainer - [test-hivemq-platform] [hivemq] [c2d444af] INFO  - [HiveMQ Platform Operator Init App 1.7.0-SNAPSHOT] Proceeding with container start
2025-01-28 20:48:21,076 INFO c.h.h.t.HelmChartContainer - [test-hivemq-platform] [hivemq] [c2d444af] INFO  - [HiveMQ Platform Operator Init App 1.7.0-SNAPSHOT] Initializing HiveMQ Platform extensions with initial configuration: {hivemq-allow-all-extension={start-priority=-1, skip-https-hostname-verification=false, restart=true, config-version=0, header-version=0, c-uri=, priority=-1, uri=preinstalled, skip-https-certificate-validation=false, enabled=true}, hivemq-prometheus-extension={restart=true, enabled=true, request-header-path=no-request-headers, uri=preinstalled, skip-https-certificate-validation=false, skip-https-hostname-verification=false, c-uri=, start-priority=-1, priority=-1}}
2025-01-28 20:48:21,090 INFO c.h.h.t.HelmChartContainer - [test-hivemq-platform] [hivemq] [c2d444af] INFO  - [HiveMQ Platform Operator Init App 1.7.0-SNAPSHOT] Extension hivemq-allow-all-extension was already enabled
2025-01-28 20:48:21,098 INFO c.h.h.t.HelmChartContainer - [test-hivemq-platform] [hivemq] [c2d444af] INFO  - [HiveMQ Platform Operator Init App 1.7.0-SNAPSHOT] Successfully enabled extension hivemq-prometheus-extension
2025-01-28 20:48:21,099 INFO c.h.h.t.HelmChartContainer - [test-hivemq-platform] [hivemq] [c2d444af] INFO  - [HiveMQ Platform Operator Init App 1.7.0-SNAPSHOT] Starting HiveMQ Platform version 4.36.0 (4.36.0)
2025-01-28 20:48:21,099 INFO c.h.h.t.HelmChartContainer - [test-hivemq-platform] [hivemq] [c2d444af] INFO  - [HiveMQ Platform Operator Init App 1.7.0-SNAPSHOT] Configuring the HiveMQ Platform
2025-01-28 20:48:21,178 INFO c.h.h.t.HelmChartContainer - [test-hivemq-platform] [hivemq] [c2d444af] INFO  - [HiveMQ Platform Operator Init App 1.7.0-SNAPSHOT] Changed logback.xml file scan period to 20 seconds
2025-01-28 20:48:21,191 INFO c.h.h.t.HelmChartContainer - [test-hivemq-platform] [hivemq] [c2d444af] INFO  - [HiveMQ Platform Operator Init App 1.7.0-SNAPSHOT] Starting the HiveMQ Platform
2025-01-28 20:48:21,194 INFO c.h.h.t.HelmChartContainer - [test-hivemq-platform] [hivemq] [c2d444af] -------------------------------------------------------------------------
2025-01-28 20:48:21,194 INFO c.h.h.t.HelmChartContainer - [test-hivemq-platform] [hivemq] [c2d444af] 
2025-01-28 20:48:21,194 INFO c.h.h.t.HelmChartContainer - [test-hivemq-platform] [hivemq] [c2d444af]                   _    _  _              __  __   ____
2025-01-28 20:48:21,194 INFO c.h.h.t.HelmChartContainer - [test-hivemq-platform] [hivemq] [c2d444af]                  | |  | |(_)            |  \/  | / __ \
2025-01-28 20:48:21,194 INFO c.h.h.t.HelmChartContainer - [test-hivemq-platform] [hivemq] [c2d444af]                  | |__| | _ __   __ ___ | \  / || |  | |
2025-01-28 20:48:21,195 INFO c.h.h.t.HelmChartContainer - [test-hivemq-platform] [hivemq] [c2d444af]                  |  __  || |\ \ / // _ \| |\/| || |  | |
2025-01-28 20:48:21,195 INFO c.h.h.t.HelmChartContainer - [test-hivemq-platform] [hivemq] [c2d444af]                  | |  | || | \ V /|  __/| |  | || |__| |
2025-01-28 20:48:21,195 INFO c.h.h.t.HelmChartContainer - [test-hivemq-platform] [hivemq] [c2d444af]                  |_|  |_||_|  \_/  \___||_|  |_| \___\_\
2025-01-28 20:48:21,195 INFO c.h.h.t.HelmChartContainer - [test-hivemq-platform] [hivemq] [c2d444af] 
2025-01-28 20:48:21,195 INFO c.h.h.t.HelmChartContainer - [test-hivemq-platform] [hivemq] [c2d444af] -------------------------------------------------------------------------
2025-01-28 20:48:21,195 INFO c.h.h.t.HelmChartContainer - [test-hivemq-platform] [hivemq] [c2d444af] 
2025-01-28 20:48:21,195 INFO c.h.h.t.HelmChartContainer - [test-hivemq-platform] [hivemq] [c2d444af]   HiveMQ Start Script for Linux/Unix v1.14
2025-01-28 20:48:21,195 INFO c.h.h.t.HelmChartContainer - [test-hivemq-platform] [hivemq] [c2d444af] 
2025-01-28 20:48:21,301 INFO c.h.h.t.HelmChartContainer - [test-hivemq-platform] [hivemq] [c2d444af] -------------------------------------------------------------------------
2025-01-28 20:48:21,302 INFO c.h.h.t.HelmChartContainer - [test-hivemq-platform] [hivemq] [c2d444af] 
2025-01-28 20:48:21,302 INFO c.h.h.t.HelmChartContainer - [test-hivemq-platform] [hivemq] [c2d444af]   HIVEMQ_HOME: /opt/hivemq
2025-01-28 20:48:21,302 INFO c.h.h.t.HelmChartContainer - [test-hivemq-platform] [hivemq] [c2d444af] 
2025-01-28 20:48:21,302 INFO c.h.h.t.HelmChartContainer - [test-hivemq-platform] [hivemq] [c2d444af]   JAVA_OPTS: -XX:+UnlockExperimentalVMOptions -XX:InitialRAMPercentage=50 -XX:MaxRAMPercentage=50 -Djava.net.preferIPv4Stack=true --add-opens java.base/java.lang=ALL-UNNAMED --add-opens java.base/java.nio=ALL-UNNAMED --add-opens java.base/sun.nio.ch=ALL-UNNAMED --add-opens jdk.management/com.sun.management.internal=ALL-UNNAMED --add-exports java.base/jdk.internal.misc=ALL-UNNAMED -Djava.security.egd=file:/dev/./urandom -Dcom.sun.management.jmxremote -Dcom.sun.management.jmxremote.port=9010 -Dcom.sun.management.jmxremote.local.only=false -Dcom.sun.management.jmxremote.authenticate=false -Dcom.sun.management.jmxremote.ssl=false -Duser.language=en -Duser.region=US -XX:+CrashOnOutOfMemoryError -XX:+HeapDumpOnOutOfMemoryError
2025-01-28 20:48:21,302 INFO c.h.h.t.HelmChartContainer - [test-hivemq-platform] [hivemq] [c2d444af] 
2025-01-28 20:48:21,302 INFO c.h.h.t.HelmChartContainer - [test-hivemq-platform] [hivemq] [c2d444af]   JAVA_VERSION: 21
2025-01-28 20:48:21,302 INFO c.h.h.t.HelmChartContainer - [test-hivemq-platform] [hivemq] [c2d444af] 
2025-01-28 20:48:21,302 INFO c.h.h.t.HelmChartContainer - [test-hivemq-platform] [hivemq] [c2d444af] -------------------------------------------------------------------------
2025-01-28 20:48:21,302 INFO c.h.h.t.HelmChartContainer - [test-hivemq-platform] [hivemq] [c2d444af] 
2025-01-28 20:48:23,795 INFO c.h.h.t.HelmChartContainer - [EVENT] Warning [Unhealthy] Readiness probe failed: HTTP probe failed with statuscode: 503 [updateloglevelit:test-hivemq-platform-1]
2025-01-28 20:48:23,795 INFO c.h.h.t.HelmChartContainer - Received Unhealthy event for container hivemq in pod test-hivemq-platform-1 [c2d444af-d563-4566-bc8c-2835f036a00d]
2025-01-28 20:48:23,888 INFO c.h.h.t.HelmChartContainer - [test-hivemq-platform] [hivemq] [c2d444af] INFO  - Starting HiveMQ Enterprise Server
2025-01-28 20:48:23,894 INFO c.h.h.t.HelmChartContainer - [test-hivemq-platform] [hivemq] [c2d444af] INFO  - HiveMQ version: 4.36.0
2025-01-28 20:48:23,894 INFO c.h.h.t.HelmChartContainer - [test-hivemq-platform] [hivemq] [c2d444af] INFO  - HiveMQ home directory: /opt/hivemq
2025-01-28 20:48:25,035 INFO c.h.h.t.HelmChartContainer - [hivemq-test-hivemq-platform] [hivemq-platform-operator] [475da9a2] 20:48:25.033 [pool-6-thread-6] DEBUG c.h.p.o.d.PodServiceAccountResource - [updatelo] Desired PodServiceAccountResource (serviceAccountName: hivemq-platform-pod-test-hivemq-platform)
2025-01-28 20:48:25,035 INFO c.h.h.t.HelmChartContainer - [hivemq-test-hivemq-platform] [hivemq-platform-operator] [475da9a2] 20:48:25.033 [pool-6-thread-2] DEBUG c.h.p.o.dependants.PodInfoConfigMap - [updatelo] Desired PodInfo ConfigMap (1 extensions) (1 enabled)
2025-01-28 20:48:25,035 INFO c.h.h.t.HelmChartContainer - [hivemq-test-hivemq-platform] [hivemq-platform-operator] [475da9a2] 20:48:25.033 [pool-6-thread-2] DEBUG c.h.p.o.dependants.PodInfoConfigMap - [updatelo] Desired PodInfo ConfigMap (metrics port: 9399) (metrics path: /)
2025-01-28 20:48:25,035 INFO c.h.h.t.HelmChartContainer - [hivemq-test-hivemq-platform] [hivemq-platform-operator] [475da9a2] 20:48:25.033 [pool-6-thread-2] DEBUG c.h.p.o.dependants.PodInfoConfigMap - [updatelo] Desired PodInfo ConfigMap (extension state hash: -1817474005)
2025-01-28 20:48:25,035 INFO c.h.h.t.HelmChartContainer - [hivemq-test-hivemq-platform] [hivemq-platform-operator] [475da9a2] 20:48:25.035 [pool-6-thread-10] DEBUG c.h.p.o.d.PlatformServiceResource - [updatelo] Desired Platform services (3 services)
2025-01-28 20:48:25,039 INFO c.h.h.t.HelmChartContainer - [hivemq-test-hivemq-platform] [hivemq-platform-operator] [475da9a2] 20:48:25.038 [pool-6-thread-10] DEBUG c.h.p.o.d.StatefulSetResource - [updatelo] Desired StatefulSet (2 replicas) for status SET_LOG_LEVEL (WAIT_FOR_LOG_LEVEL_UPDATE)
2025-01-28 20:48:25,042 INFO c.h.h.t.HelmChartContainer - [hivemq-test-hivemq-platform] [hivemq-platform-operator] [475da9a2] 20:48:25.041 [ReconcilerExecutor-hivemq-controller-125] INFO  c.h.p.o.HiveMQPlatformReconciler - [updatelo] Reconciling HiveMQ Platform 'test-hivemq-platform' in namespace 'updateloglevelit'
2025-01-28 20:48:25,042 INFO c.h.h.t.HelmChartContainer - [hivemq-test-hivemq-platform] [hivemq-platform-operator] [475da9a2] 20:48:25.041 [ReconcilerExecutor-hivemq-controller-125] DEBUG c.h.p.o.HiveMQPlatformReconciler - [updatelo] Custom Resource Status SET_LOG_LEVEL - HiveMQ Platform is updating the log level (WAIT_FOR_LOG_LEVEL_UPDATE) (reconciliation requests: SCALING)
2025-01-28 20:48:25,043 INFO c.h.h.t.HelmChartContainer - [hivemq-test-hivemq-platform] [hivemq-platform-operator] [475da9a2] 20:48:25.041 [ReconcilerExecutor-hivemq-controller-125] DEBUG c.h.p.o.HiveMQPlatformReconciler - [updatelo] Custom Resource Spec (replicas: 2) (extensions: 1)
2025-01-28 20:48:25,043 INFO c.h.h.t.HelmChartContainer - [hivemq-test-hivemq-platform] [hivemq-platform-operator] [475da9a2] 20:48:25.042 [ReconcilerExecutor-hivemq-controller-125] DEBUG c.h.p.o.HiveMQPlatformReconciler - [updatelo] StatefulSet Status (revision: test-hivemq-platform-b697f795f, replicas: 2, available: 1, ready: 1, current: 2, updated: 2)
2025-01-28 20:48:25,043 INFO c.h.h.t.HelmChartContainer - [hivemq-test-hivemq-platform] [hivemq-platform-operator] [475da9a2] 20:48:25.042 [ReconcilerExecutor-hivemq-controller-125] DEBUG c.h.p.o.HiveMQPlatformReconciler - [updatelo] StatefulSet Spec (replicas: 2, init containers: 1, containers: 1, volumes: 3)
2025-01-28 20:48:25,046 INFO c.h.h.t.HelmChartContainer - [hivemq-test-hivemq-platform] [hivemq-platform-operator] [475da9a2] 20:48:25.045 [ReconcilerExecutor-hivemq-controller-125] DEBUG c.h.p.o.h.HiveMQPlatformReconcilerErrorHandler - [updatelo] Pod 'test-hivemq-platform-1' phase Running
2025-01-28 20:48:25,047 INFO c.h.h.t.HelmChartContainer - [hivemq-test-hivemq-platform] [hivemq-platform-operator] [475da9a2] 20:48:25.046 [ReconcilerExecutor-hivemq-controller-125] DEBUG c.h.p.o.h.HiveMQPlatformReconcilerErrorHandler - [updatelo] Pod 'test-hivemq-platform-0' phase Running
2025-01-28 20:48:25,108 INFO c.h.h.t.HelmChartContainer - [hivemq-test-hivemq-platform] [hivemq-platform-operator] [475da9a2] 20:48:25.106 [ForkJoinPool.commonPool-worker-1] DEBUG c.h.p.o.h.HiveMQPlatformReconcilerSetLogLevelHandler - [updatelo] Checking log level on Pod 'test-hivemq-platform-0'
2025-01-28 20:48:25,108 INFO c.h.h.t.HelmChartContainer - [hivemq-test-hivemq-platform] [hivemq-platform-operator] [475da9a2] 20:48:25.106 [ReconcilerExecutor-hivemq-controller-125] DEBUG c.h.p.o.h.HiveMQPlatformReconcilerSetLogLevelHandler - [updatelo] Checking log level on Pod 'test-hivemq-platform-1'
2025-01-28 20:48:25,333 INFO c.h.h.t.HelmChartContainer - [hivemq-test-hivemq-platform] [hivemq-platform-operator] [475da9a2] 20:48:25.331 [vert.x-eventloop-thread-1] DEBUG c.h.platform.operator.util.PodUtil - Received status for command '[curl, -s, http://10.42.0.13:7979/logLevel]' on Pod 'test-hivemq-platform-0' (exit code: 0)
2025-01-28 20:48:25,599 INFO c.h.h.t.HelmChartContainer - [hivemq-test-hivemq-platform] [hivemq-platform-operator] [475da9a2] 20:48:25.598 [vert.x-eventloop-thread-0] DEBUG c.h.platform.operator.util.PodUtil - Received status for command '[curl, -s, http://10.42.0.14:7979/logLevel]' on Pod 'test-hivemq-platform-1' (exit code: 0)
2025-01-28 20:48:26,229 INFO c.h.h.t.HelmChartContainer - [hivemq-test-hivemq-platform] [hivemq-platform-operator] [475da9a2] 20:48:26.227 [pool-6-thread-13] DEBUG c.h.p.o.dependants.PodInfoConfigMap - [updatelo] Desired PodInfo ConfigMap (1 extensions) (1 enabled)
2025-01-28 20:48:26,230 INFO c.h.h.t.HelmChartContainer - [hivemq-test-hivemq-platform] [hivemq-platform-operator] [475da9a2] 20:48:26.227 [pool-6-thread-13] DEBUG c.h.p.o.dependants.PodInfoConfigMap - [updatelo] Desired PodInfo ConfigMap (metrics port: 9399) (metrics path: /)
2025-01-28 20:48:26,230 INFO c.h.h.t.HelmChartContainer - [hivemq-test-hivemq-platform] [hivemq-platform-operator] [475da9a2] 20:48:26.228 [pool-6-thread-13] DEBUG c.h.p.o.dependants.PodInfoConfigMap - [updatelo] Desired PodInfo ConfigMap (extension state hash: -1817474005)
2025-01-28 20:48:26,230 INFO c.h.h.t.HelmChartContainer - [hivemq-test-hivemq-platform] [hivemq-platform-operator] [475da9a2] 20:48:26.228 [pool-6-thread-17] DEBUG c.h.p.o.d.PodServiceAccountResource - [updatelo] Desired PodServiceAccountResource (serviceAccountName: hivemq-platform-pod-test-hivemq-platform)
2025-01-28 20:48:26,230 INFO c.h.h.t.HelmChartContainer - [hivemq-test-hivemq-platform] [hivemq-platform-operator] [475da9a2] 20:48:26.227 [pool-6-thread-12] DEBUG c.h.p.o.d.PlatformServiceResource - [updatelo] Desired Platform services (3 services)
2025-01-28 20:48:26,233 INFO c.h.h.t.HelmChartContainer - [hivemq-test-hivemq-platform] [hivemq-platform-operator] [475da9a2] 20:48:26.232 [pool-6-thread-11] DEBUG c.h.p.o.d.StatefulSetResource - [updatelo] Desired StatefulSet (2 replicas) for status SET_LOG_LEVEL (WAIT_FOR_LOG_LEVEL_UPDATE)
2025-01-28 20:48:26,236 INFO c.h.h.t.HelmChartContainer - [hivemq-test-hivemq-platform] [hivemq-platform-operator] [475da9a2] 20:48:26.235 [ReconcilerExecutor-hivemq-controller-126] INFO  c.h.p.o.HiveMQPlatformReconciler - [updatelo] Reconciling HiveMQ Platform 'test-hivemq-platform' in namespace 'updateloglevelit'
2025-01-28 20:48:26,237 INFO c.h.h.t.HelmChartContainer - [hivemq-test-hivemq-platform] [hivemq-platform-operator] [475da9a2] 20:48:26.235 [ReconcilerExecutor-hivemq-controller-126] DEBUG c.h.p.o.HiveMQPlatformReconciler - [updatelo] Custom Resource Status SET_LOG_LEVEL - HiveMQ Platform is updating the log level (WAIT_FOR_LOG_LEVEL_UPDATE) (reconciliation requests: SCALING)
2025-01-28 20:48:26,237 INFO c.h.h.t.HelmChartContainer - [hivemq-test-hivemq-platform] [hivemq-platform-operator] [475da9a2] 20:48:26.235 [ReconcilerExecutor-hivemq-controller-126] DEBUG c.h.p.o.HiveMQPlatformReconciler - [updatelo] Custom Resource Spec (replicas: 2) (extensions: 1)
2025-01-28 20:48:26,238 INFO c.h.h.t.HelmChartContainer - [hivemq-test-hivemq-platform] [hivemq-platform-operator] [475da9a2] 20:48:26.237 [ReconcilerExecutor-hivemq-controller-126] DEBUG c.h.p.o.HiveMQPlatformReconciler - [updatelo] StatefulSet Status (revision: test-hivemq-platform-b697f795f, replicas: 2, available: 1, ready: 1, current: 2, updated: 2)
2025-01-28 20:48:26,238 INFO c.h.h.t.HelmChartContainer - [hivemq-test-hivemq-platform] [hivemq-platform-operator] [475da9a2] 20:48:26.237 [ReconcilerExecutor-hivemq-controller-126] DEBUG c.h.p.o.HiveMQPlatformReconciler - [updatelo] StatefulSet Spec (replicas: 2, init containers: 1, containers: 1, volumes: 3)
2025-01-28 20:48:26,239 INFO c.h.h.t.HelmChartContainer - [hivemq-test-hivemq-platform] [hivemq-platform-operator] [475da9a2] 20:48:26.238 [ReconcilerExecutor-hivemq-controller-126] DEBUG c.h.p.o.h.HiveMQPlatformReconcilerErrorHandler - [updatelo] Pod 'test-hivemq-platform-1' phase Running
2025-01-28 20:48:26,240 INFO c.h.h.t.HelmChartContainer - [hivemq-test-hivemq-platform] [hivemq-platform-operator] [475da9a2] 20:48:26.239 [ReconcilerExecutor-hivemq-controller-126] DEBUG c.h.p.o.h.HiveMQPlatformReconcilerErrorHandler - [updatelo] Pod 'test-hivemq-platform-0' phase Running
2025-01-28 20:48:26,241 INFO c.h.h.t.HelmChartContainer - [hivemq-test-hivemq-platform] [hivemq-platform-operator] [475da9a2] 20:48:26.240 [ReconcilerExecutor-hivemq-controller-126] WARN  c.h.p.operator.util.RestApiUtil - [updatelo] Checking log level command on Pod 'test-hivemq-platform-1' returned a failure response: StatusResponse{status=INTERNAL_SERVER_ERROR, details={error=java.net.ConnectException}}
2025-01-28 20:48:28,790 INFO c.h.h.t.HelmChartContainer - [test-hivemq-platform] [hivemq] [c2d444af] WARN  - [HiveMQ Platform Operator Init App 1.7.0-SNAPSHOT] Cannot connect to Health API for readiness: null
2025-01-28 20:48:28,795 INFO c.h.h.t.HelmChartContainer - [EVENT] Warning [Unhealthy] Readiness probe failed: HTTP probe failed with statuscode: 503 [updateloglevelit:test-hivemq-platform-1]
2025-01-28 20:48:28,796 INFO c.h.h.t.HelmChartContainer - Received Unhealthy event for container hivemq in pod test-hivemq-platform-1 [c2d444af-d563-4566-bc8c-2835f036a00d]
2025-01-28 20:48:30,106 INFO c.h.h.t.HelmChartContainer - [test-hivemq-platform] [hivemq] [c2d444af] WARN  - [HiveMQ Platform Operator Init App 1.7.0-SNAPSHOT] Cannot connect to Health API for liveness: null
2025-01-28 20:48:30,107 INFO c.h.h.t.HelmChartContainer - [test-hivemq-platform] [hivemq] [c2d444af] INFO  - [HiveMQ Platform Operator Init App 1.7.0-SNAPSHOT] Returning default Health API response 200 for liveness
2025-01-28 20:48:33,776 INFO c.h.h.t.HelmChartContainer - [test-hivemq-platform] [hivemq] [c2d444af] WARN  - [HiveMQ Platform Operator Init App 1.7.0-SNAPSHOT] Cannot connect to Health API for readiness: null
2025-01-28 20:48:33,779 INFO c.h.h.t.HelmChartContainer - [EVENT] Warning [Unhealthy] Readiness probe failed: HTTP probe failed with statuscode: 503 [updateloglevelit:test-hivemq-platform-1]
2025-01-28 20:48:33,780 INFO c.h.h.t.HelmChartContainer - Received Unhealthy event for container hivemq in pod test-hivemq-platform-1 [c2d444af-d563-4566-bc8c-2835f036a00d]
2025-01-28 20:48:36,246 INFO c.h.h.t.HelmChartContainer - [hivemq-test-hivemq-platform] [hivemq-platform-operator] [475da9a2] 20:48:36.244 [pool-6-thread-29] DEBUG c.h.p.o.dependants.PodInfoConfigMap - [updatelo] Desired PodInfo ConfigMap (1 extensions) (1 enabled)
2025-01-28 20:48:36,246 INFO c.h.h.t.HelmChartContainer - [hivemq-test-hivemq-platform] [hivemq-platform-operator] [475da9a2] 20:48:36.244 [pool-6-thread-29] DEBUG c.h.p.o.dependants.PodInfoConfigMap - [updatelo] Desired PodInfo ConfigMap (metrics port: 9399) (metrics path: /)
2025-01-28 20:48:36,246 INFO c.h.h.t.HelmChartContainer - [hivemq-test-hivemq-platform] [hivemq-platform-operator] [475da9a2] 20:48:36.244 [pool-6-thread-29] DEBUG c.h.p.o.dependants.PodInfoConfigMap - [updatelo] Desired PodInfo ConfigMap (extension state hash: -1817474005)
2025-01-28 20:48:36,246 INFO c.h.h.t.HelmChartContainer - [hivemq-test-hivemq-platform] [hivemq-platform-operator] [475da9a2] 20:48:36.243 [pool-6-thread-25] DEBUG c.h.p.o.d.PlatformServiceResource - [updatelo] Desired Platform services (3 services)
2025-01-28 20:48:36,246 INFO c.h.h.t.HelmChartContainer - [hivemq-test-hivemq-platform] [hivemq-platform-operator] [475da9a2] 20:48:36.245 [pool-6-thread-24] DEBUG c.h.p.o.d.PodServiceAccountResource - [updatelo] Desired PodServiceAccountResource (serviceAccountName: hivemq-platform-pod-test-hivemq-platform)
2025-01-28 20:48:36,249 INFO c.h.h.t.HelmChartContainer - [hivemq-test-hivemq-platform] [hivemq-platform-operator] [475da9a2] 20:48:36.248 [pool-6-thread-25] DEBUG c.h.p.o.d.StatefulSetResource - [updatelo] Desired StatefulSet (2 replicas) for status SET_LOG_LEVEL (WAIT_FOR_LOG_LEVEL_UPDATE)
2025-01-28 20:48:36,252 INFO c.h.h.t.HelmChartContainer - [hivemq-test-hivemq-platform] [hivemq-platform-operator] [475da9a2] 20:48:36.251 [ReconcilerExecutor-hivemq-controller-127] INFO  c.h.p.o.HiveMQPlatformReconciler - [updatelo] Reconciling HiveMQ Platform 'test-hivemq-platform' in namespace 'updateloglevelit'
2025-01-28 20:48:36,253 INFO c.h.h.t.HelmChartContainer - [hivemq-test-hivemq-platform] [hivemq-platform-operator] [475da9a2] 20:48:36.251 [ReconcilerExecutor-hivemq-controller-127] DEBUG c.h.p.o.HiveMQPlatformReconciler - [updatelo] Custom Resource Status SET_LOG_LEVEL - HiveMQ Platform is updating the log level (WAIT_FOR_LOG_LEVEL_UPDATE) (reconciliation requests: SCALING)
2025-01-28 20:48:36,253 INFO c.h.h.t.HelmChartContainer - [hivemq-test-hivemq-platform] [hivemq-platform-operator] [475da9a2] 20:48:36.251 [ReconcilerExecutor-hivemq-controller-127] DEBUG c.h.p.o.HiveMQPlatformReconciler - [updatelo] Custom Resource Spec (replicas: 2) (extensions: 1)
2025-01-28 20:48:36,254 INFO c.h.h.t.HelmChartContainer - [hivemq-test-hivemq-platform] [hivemq-platform-operator] [475da9a2] 20:48:36.253 [ReconcilerExecutor-hivemq-controller-127] DEBUG c.h.p.o.HiveMQPlatformReconciler - [updatelo] StatefulSet Status (revision: test-hivemq-platform-b697f795f, replicas: 2, available: 1, ready: 1, current: 2, updated: 2)
2025-01-28 20:48:36,254 INFO c.h.h.t.HelmChartContainer - [hivemq-test-hivemq-platform] [hivemq-platform-operator] [475da9a2] 20:48:36.253 [ReconcilerExecutor-hivemq-controller-127] DEBUG c.h.p.o.HiveMQPlatformReconciler - [updatelo] StatefulSet Spec (replicas: 2, init containers: 1, containers: 1, volumes: 3)
2025-01-28 20:48:36,257 INFO c.h.h.t.HelmChartContainer - [hivemq-test-hivemq-platform] [hivemq-platform-operator] [475da9a2] 20:48:36.257 [ReconcilerExecutor-hivemq-controller-127] DEBUG c.h.p.o.h.HiveMQPlatformReconcilerErrorHandler - [updatelo] Pod 'test-hivemq-platform-1' phase Running
2025-01-28 20:48:36,260 INFO c.h.h.t.HelmChartContainer - [hivemq-test-hivemq-platform] [hivemq-platform-operator] [475da9a2] 20:48:36.259 [ReconcilerExecutor-hivemq-controller-127] DEBUG c.h.p.o.h.HiveMQPlatformReconcilerErrorHandler - [updatelo] Pod 'test-hivemq-platform-0' phase Running
2025-01-28 20:48:36,309 INFO c.h.h.t.HelmChartContainer - [hivemq-test-hivemq-platform] [hivemq-platform-operator] [475da9a2] 20:48:36.308 [ReconcilerExecutor-hivemq-controller-127] DEBUG c.h.p.o.h.HiveMQPlatformReconcilerSetLogLevelHandler - [updatelo] Checking log level on Pod 'test-hivemq-platform-1'
2025-01-28 20:48:36,309 INFO c.h.h.t.HelmChartContainer - [hivemq-test-hivemq-platform] [hivemq-platform-operator] [475da9a2] 20:48:36.308 [ForkJoinPool.commonPool-worker-1] DEBUG c.h.p.o.h.HiveMQPlatformReconcilerSetLogLevelHandler - [updatelo] Checking log level on Pod 'test-hivemq-platform-0'
2025-01-28 20:48:36,507 INFO c.h.h.t.HelmChartContainer - [hivemq-test-hivemq-platform] [hivemq-platform-operator] [475da9a2] 20:48:36.506 [vert.x-eventloop-thread-1] DEBUG c.h.platform.operator.util.PodUtil - Received status for command '[curl, -s, http://10.42.0.13:7979/logLevel]' on Pod 'test-hivemq-platform-0' (exit code: 0)
2025-01-28 20:48:36,707 INFO c.h.h.t.HelmChartContainer - [hivemq-test-hivemq-platform] [hivemq-platform-operator] [475da9a2] 20:48:36.706 [vert.x-eventloop-thread-1] DEBUG c.h.platform.operator.util.PodUtil - Received status for command '[curl, -s, http://10.42.0.14:7979/logLevel]' on Pod 'test-hivemq-platform-1' (exit code: 0)
2025-01-28 20:48:37,431 INFO c.h.h.t.HelmChartContainer - [hivemq-test-hivemq-platform] [hivemq-platform-operator] [475da9a2] 20:48:37.427 [pool-6-thread-35] DEBUG c.h.p.o.d.PlatformServiceResource - [updatelo] Desired Platform services (3 services)
2025-01-28 20:48:37,431 INFO c.h.h.t.HelmChartContainer - [hivemq-test-hivemq-platform] [hivemq-platform-operator] [475da9a2] 20:48:37.427 [pool-6-thread-40] DEBUG c.h.p.o.dependants.PodInfoConfigMap - [updatelo] Desired PodInfo ConfigMap (1 extensions) (1 enabled)
2025-01-28 20:48:37,431 INFO c.h.h.t.HelmChartContainer - [hivemq-test-hivemq-platform] [hivemq-platform-operator] [475da9a2] 20:48:37.427 [pool-6-thread-40] DEBUG c.h.p.o.dependants.PodInfoConfigMap - [updatelo] Desired PodInfo ConfigMap (metrics port: 9399) (metrics path: /)
2025-01-28 20:48:37,431 INFO c.h.h.t.HelmChartContainer - [hivemq-test-hivemq-platform] [hivemq-platform-operator] [475da9a2] 20:48:37.427 [pool-6-thread-40] DEBUG c.h.p.o.dependants.PodInfoConfigMap - [updatelo] Desired PodInfo ConfigMap (extension state hash: -1817474005)
2025-01-28 20:48:37,431 INFO c.h.h.t.HelmChartContainer - [hivemq-test-hivemq-platform] [hivemq-platform-operator] [475da9a2] 20:48:37.430 [pool-6-thread-40] DEBUG c.h.p.o.d.PodServiceAccountResource - [updatelo] Desired PodServiceAccountResource (serviceAccountName: hivemq-platform-pod-test-hivemq-platform)
2025-01-28 20:48:37,433 INFO c.h.h.t.HelmChartContainer - [hivemq-test-hivemq-platform] [hivemq-platform-operator] [475da9a2] 20:48:37.433 [pool-6-thread-38] DEBUG c.h.p.o.d.StatefulSetResource - [updatelo] Desired StatefulSet (2 replicas) for status SET_LOG_LEVEL (WAIT_FOR_LOG_LEVEL_UPDATE)
2025-01-28 20:48:37,436 INFO c.h.h.t.HelmChartContainer - [hivemq-test-hivemq-platform] [hivemq-platform-operator] [475da9a2] 20:48:37.436 [ReconcilerExecutor-hivemq-controller-128] INFO  c.h.p.o.HiveMQPlatformReconciler - [updatelo] Reconciling HiveMQ Platform 'test-hivemq-platform' in namespace 'updateloglevelit'
2025-01-28 20:48:37,437 INFO c.h.h.t.HelmChartContainer - [hivemq-test-hivemq-platform] [hivemq-platform-operator] [475da9a2] 20:48:37.436 [ReconcilerExecutor-hivemq-controller-128] DEBUG c.h.p.o.HiveMQPlatformReconciler - [updatelo] Custom Resource Status SET_LOG_LEVEL - HiveMQ Platform is updating the log level (WAIT_FOR_LOG_LEVEL_UPDATE) (reconciliation requests: SCALING)
2025-01-28 20:48:37,437 INFO c.h.h.t.HelmChartContainer - [hivemq-test-hivemq-platform] [hivemq-platform-operator] [475da9a2] 20:48:37.436 [ReconcilerExecutor-hivemq-controller-128] DEBUG c.h.p.o.HiveMQPlatformReconciler - [updatelo] Custom Resource Spec (replicas: 2) (extensions: 1)
2025-01-28 20:48:37,438 INFO c.h.h.t.HelmChartContainer - [hivemq-test-hivemq-platform] [hivemq-platform-operator] [475da9a2] 20:48:37.438 [ReconcilerExecutor-hivemq-controller-128] DEBUG c.h.p.o.HiveMQPlatformReconciler - [updatelo] StatefulSet Status (revision: test-hivemq-platform-b697f795f, replicas: 2, available: 1, ready: 1, current: 2, updated: 2)
2025-01-28 20:48:37,439 INFO c.h.h.t.HelmChartContainer - [hivemq-test-hivemq-platform] [hivemq-platform-operator] [475da9a2] 20:48:37.438 [ReconcilerExecutor-hivemq-controller-128] DEBUG c.h.p.o.HiveMQPlatformReconciler - [updatelo] StatefulSet Spec (replicas: 2, init containers: 1, containers: 1, volumes: 3)
2025-01-28 20:48:37,440 INFO c.h.h.t.HelmChartContainer - [hivemq-test-hivemq-platform] [hivemq-platform-operator] [475da9a2] 20:48:37.439 [ReconcilerExecutor-hivemq-controller-128] DEBUG c.h.p.o.h.HiveMQPlatformReconcilerErrorHandler - [updatelo] Pod 'test-hivemq-platform-1' phase Running
2025-01-28 20:48:37,441 INFO c.h.h.t.HelmChartContainer - [hivemq-test-hivemq-platform] [hivemq-platform-operator] [475da9a2] 20:48:37.440 [ReconcilerExecutor-hivemq-controller-128] DEBUG c.h.p.o.h.HiveMQPlatformReconcilerErrorHandler - [updatelo] Pod 'test-hivemq-platform-0' phase Running
2025-01-28 20:48:37,441 INFO c.h.h.t.HelmChartContainer - [hivemq-test-hivemq-platform] [hivemq-platform-operator] [475da9a2] 20:48:37.441 [ReconcilerExecutor-hivemq-controller-128] WARN  c.h.p.operator.util.RestApiUtil - [updatelo] Checking log level command on Pod 'test-hivemq-platform-1' returned a failure response: StatusResponse{status=INTERNAL_SERVER_ERROR, details={error=java.net.ConnectException}}
2025-01-28 20:48:38,776 INFO c.h.h.t.HelmChartContainer - [test-hivemq-platform] [hivemq] [c2d444af] WARN  - [HiveMQ Platform Operator Init App 1.7.0-SNAPSHOT] Cannot connect to Health API for readiness: null
2025-01-28 20:48:38,780 INFO c.h.h.t.HelmChartContainer - [EVENT] Warning [Unhealthy] Readiness probe failed: HTTP probe failed with statuscode: 503 [updateloglevelit:test-hivemq-platform-1]
2025-01-28 20:48:38,780 INFO c.h.h.t.HelmChartContainer - Received Unhealthy event for container hivemq in pod test-hivemq-platform-1 [c2d444af-d563-4566-bc8c-2835f036a00d]
2025-01-28 20:48:43,791 INFO c.h.h.t.HelmChartContainer - [test-hivemq-platform] [hivemq] [c2d444af] WARN  - [HiveMQ Platform Operator Init App 1.7.0-SNAPSHOT] Cannot connect to Health API for readiness: null
2025-01-28 20:48:43,795 INFO c.h.h.t.HelmChartContainer - [EVENT] Warning [Unhealthy] Readiness probe failed: HTTP probe failed with statuscode: 503 [updateloglevelit:test-hivemq-platform-1]
2025-01-28 20:48:43,795 INFO c.h.h.t.HelmChartContainer - Received Unhealthy event for container hivemq in pod test-hivemq-platform-1 [c2d444af-d563-4566-bc8c-2835f036a00d]
2025-01-28 20:48:47,098 INFO c.h.h.t.HelmChartContainer - [test-hivemq-platform] [hivemq] [c2d444af] WARN  - 
2025-01-28 20:48:47,098 INFO c.h.h.t.HelmChartContainer - [test-hivemq-platform] [hivemq] [c2d444af] ################################################################################################################
2025-01-28 20:48:47,098 INFO c.h.h.t.HelmChartContainer - [test-hivemq-platform] [hivemq] [c2d444af] # This HiveMQ deployment is not secure! You are lacking Authentication and Authorization.                      #
2025-01-28 20:48:47,098 INFO c.h.h.t.HelmChartContainer - [test-hivemq-platform] [hivemq] [c2d444af] # Right now any MQTT client can connect to the broker with a full set of permissions.                          #
2025-01-28 20:48:47,098 INFO c.h.h.t.HelmChartContainer - [test-hivemq-platform] [hivemq] [c2d444af] # For production usage, add an appropriate security extension and remove the hivemq-allow-all extension.       #
2025-01-28 20:48:47,098 INFO c.h.h.t.HelmChartContainer - [test-hivemq-platform] [hivemq] [c2d444af] # You can download security extensions from the HiveMQ Marketplace (https://www.hivemq.com/extensions/).       #
2025-01-28 20:48:47,098 INFO c.h.h.t.HelmChartContainer - [test-hivemq-platform] [hivemq] [c2d444af] ################################################################################################################
2025-01-28 20:48:47,445 INFO c.h.h.t.HelmChartContainer - [hivemq-test-hivemq-platform] [hivemq-platform-operator] [475da9a2] 20:48:47.443 [pool-6-thread-45] DEBUG c.h.p.o.d.PlatformServiceResource - [updatelo] Desired Platform services (3 services)
2025-01-28 20:48:47,445 INFO c.h.h.t.HelmChartContainer - [hivemq-test-hivemq-platform] [hivemq-platform-operator] [475da9a2] 20:48:47.444 [pool-6-thread-41] DEBUG c.h.p.o.dependants.PodInfoConfigMap - [updatelo] Desired PodInfo ConfigMap (1 extensions) (1 enabled)
2025-01-28 20:48:47,445 INFO c.h.h.t.HelmChartContainer - [hivemq-test-hivemq-platform] [hivemq-platform-operator] [475da9a2] 20:48:47.444 [pool-6-thread-41] DEBUG c.h.p.o.dependants.PodInfoConfigMap - [updatelo] Desired PodInfo ConfigMap (metrics port: 9399) (metrics path: /)
2025-01-28 20:48:47,446 INFO c.h.h.t.HelmChartContainer - [hivemq-test-hivemq-platform] [hivemq-platform-operator] [475da9a2] 20:48:47.444 [pool-6-thread-41] DEBUG c.h.p.o.dependants.PodInfoConfigMap - [updatelo] Desired PodInfo ConfigMap (extension state hash: -1817474005)
2025-01-28 20:48:47,446 INFO c.h.h.t.HelmChartContainer - [hivemq-test-hivemq-platform] [hivemq-platform-operator] [475da9a2] 20:48:47.445 [pool-6-thread-41] DEBUG c.h.p.o.d.PodServiceAccountResource - [updatelo] Desired PodServiceAccountResource (serviceAccountName: hivemq-platform-pod-test-hivemq-platform)
2025-01-28 20:48:47,449 INFO c.h.h.t.HelmChartContainer - [hivemq-test-hivemq-platform] [hivemq-platform-operator] [475da9a2] 20:48:47.448 [pool-6-thread-45] DEBUG c.h.p.o.d.StatefulSetResource - [updatelo] Desired StatefulSet (2 replicas) for status SET_LOG_LEVEL (WAIT_FOR_LOG_LEVEL_UPDATE)
2025-01-28 20:48:47,451 INFO c.h.h.t.HelmChartContainer - [hivemq-test-hivemq-platform] [hivemq-platform-operator] [475da9a2] 20:48:47.450 [ReconcilerExecutor-hivemq-controller-129] INFO  c.h.p.o.HiveMQPlatformReconciler - [updatelo] Reconciling HiveMQ Platform 'test-hivemq-platform' in namespace 'updateloglevelit'
2025-01-28 20:48:47,452 INFO c.h.h.t.HelmChartContainer - [hivemq-test-hivemq-platform] [hivemq-platform-operator] [475da9a2] 20:48:47.450 [ReconcilerExecutor-hivemq-controller-129] DEBUG c.h.p.o.HiveMQPlatformReconciler - [updatelo] Custom Resource Status SET_LOG_LEVEL - HiveMQ Platform is updating the log level (WAIT_FOR_LOG_LEVEL_UPDATE) (reconciliation requests: SCALING)
2025-01-28 20:48:47,452 INFO c.h.h.t.HelmChartContainer - [hivemq-test-hivemq-platform] [hivemq-platform-operator] [475da9a2] 20:48:47.450 [ReconcilerExecutor-hivemq-controller-129] DEBUG c.h.p.o.HiveMQPlatformReconciler - [updatelo] Custom Resource Spec (replicas: 2) (extensions: 1)
2025-01-28 20:48:47,453 INFO c.h.h.t.HelmChartContainer - [hivemq-test-hivemq-platform] [hivemq-platform-operator] [475da9a2] 20:48:47.451 [ReconcilerExecutor-hivemq-controller-129] DEBUG c.h.p.o.HiveMQPlatformReconciler - [updatelo] StatefulSet Status (revision: test-hivemq-platform-b697f795f, replicas: 2, available: 1, ready: 1, current: 2, updated: 2)
2025-01-28 20:48:47,453 INFO c.h.h.t.HelmChartContainer - [hivemq-test-hivemq-platform] [hivemq-platform-operator] [475da9a2] 20:48:47.451 [ReconcilerExecutor-hivemq-controller-129] DEBUG c.h.p.o.HiveMQPlatformReconciler - [updatelo] StatefulSet Spec (replicas: 2, init containers: 1, containers: 1, volumes: 3)
2025-01-28 20:48:47,454 INFO c.h.h.t.HelmChartContainer - [hivemq-test-hivemq-platform] [hivemq-platform-operator] [475da9a2] 20:48:47.452 [ReconcilerExecutor-hivemq-controller-129] DEBUG c.h.p.o.h.HiveMQPlatformReconcilerErrorHandler - [updatelo] Pod 'test-hivemq-platform-1' phase Running
2025-01-28 20:48:47,455 INFO c.h.h.t.HelmChartContainer - [hivemq-test-hivemq-platform] [hivemq-platform-operator] [475da9a2] 20:48:47.454 [ReconcilerExecutor-hivemq-controller-129] DEBUG c.h.p.o.h.HiveMQPlatformReconcilerErrorHandler - [updatelo] Pod 'test-hivemq-platform-0' phase Running
2025-01-28 20:48:47,462 INFO c.h.h.t.HelmChartContainer - [hivemq-test-hivemq-platform] [hivemq-platform-operator] [475da9a2] 20:48:47.461 [ForkJoinPool.commonPool-worker-1] DEBUG c.h.p.o.h.HiveMQPlatformReconcilerSetLogLevelHandler - [updatelo] Checking log level on Pod 'test-hivemq-platform-0'
2025-01-28 20:48:47,463 INFO c.h.h.t.HelmChartContainer - [hivemq-test-hivemq-platform] [hivemq-platform-operator] [475da9a2] 20:48:47.461 [ReconcilerExecutor-hivemq-controller-129] DEBUG c.h.p.o.h.HiveMQPlatformReconcilerSetLogLevelHandler - [updatelo] Checking log level on Pod 'test-hivemq-platform-1'
2025-01-28 20:48:47,635 INFO c.h.h.t.HelmChartContainer - [hivemq-test-hivemq-platform] [hivemq-platform-operator] [475da9a2] 20:48:47.634 [vert.x-eventloop-thread-1] DEBUG c.h.platform.operator.util.PodUtil - Received status for command '[curl, -s, http://10.42.0.13:7979/logLevel]' on Pod 'test-hivemq-platform-0' (exit code: 0)
2025-01-28 20:48:48,602 INFO c.h.h.t.HelmChartContainer - [hivemq-test-hivemq-platform] [hivemq-platform-operator] [475da9a2] 20:48:48.601 [vert.x-eventloop-thread-0] DEBUG c.h.platform.operator.util.PodUtil - Received status for command '[curl, -s, http://10.42.0.14:7979/logLevel]' on Pod 'test-hivemq-platform-1' (exit code: 0)
2025-01-28 20:48:48,619 INFO c.h.h.t.HelmChartContainer - [hivemq-test-hivemq-platform] [hivemq-platform-operator] [475da9a2] 20:48:48.619 [pool-6-thread-6] DEBUG c.h.p.o.d.PlatformServiceResource - [updatelo] Desired Platform services (3 services)
2025-01-28 20:48:48,621 INFO c.h.h.t.HelmChartContainer - [hivemq-test-hivemq-platform] [hivemq-platform-operator] [475da9a2] 20:48:48.621 [pool-6-thread-4] DEBUG c.h.p.o.d.PodServiceAccountResource - [updatelo] Desired PodServiceAccountResource (serviceAccountName: hivemq-platform-pod-test-hivemq-platform)
2025-01-28 20:48:48,623 INFO c.h.h.t.HelmChartContainer - [hivemq-test-hivemq-platform] [hivemq-platform-operator] [475da9a2] 20:48:48.622 [pool-6-thread-1] DEBUG c.h.p.o.dependants.PodInfoConfigMap - [updatelo] Desired PodInfo ConfigMap (1 extensions) (1 enabled)
2025-01-28 20:48:48,624 INFO c.h.h.t.HelmChartContainer - [hivemq-test-hivemq-platform] [hivemq-platform-operator] [475da9a2] 20:48:48.622 [pool-6-thread-1] DEBUG c.h.p.o.dependants.PodInfoConfigMap - [updatelo] Desired PodInfo ConfigMap (metrics port: 9399) (metrics path: /)
2025-01-28 20:48:48,624 INFO c.h.h.t.HelmChartContainer - [hivemq-test-hivemq-platform] [hivemq-platform-operator] [475da9a2] 20:48:48.622 [pool-6-thread-1] DEBUG c.h.p.o.dependants.PodInfoConfigMap - [updatelo] Desired PodInfo ConfigMap (extension state hash: -1817474005)
2025-01-28 20:48:48,626 INFO c.h.h.t.HelmChartContainer - [hivemq-test-hivemq-platform] [hivemq-platform-operator] [475da9a2] 20:48:48.624 [pool-6-thread-1] DEBUG c.h.p.o.d.StatefulSetResource - [updatelo] Desired StatefulSet (2 replicas) for status SET_LOG_LEVEL (WAIT_FOR_LOG_LEVEL_UPDATE)
2025-01-28 20:48:48,627 INFO c.h.h.t.HelmChartContainer - [hivemq-test-hivemq-platform] [hivemq-platform-operator] [475da9a2] 20:48:48.626 [ReconcilerExecutor-hivemq-controller-130] INFO  c.h.p.o.HiveMQPlatformReconciler - [updatelo] Reconciling HiveMQ Platform 'test-hivemq-platform' in namespace 'updateloglevelit'
2025-01-28 20:48:48,628 INFO c.h.h.t.HelmChartContainer - [hivemq-test-hivemq-platform] [hivemq-platform-operator] [475da9a2] 20:48:48.626 [ReconcilerExecutor-hivemq-controller-130] DEBUG c.h.p.o.HiveMQPlatformReconciler - [updatelo] Custom Resource Status SET_LOG_LEVEL - HiveMQ Platform is updating the log level (WAIT_FOR_LOG_LEVEL_UPDATE) (reconciliation requests: SCALING)
2025-01-28 20:48:48,628 INFO c.h.h.t.HelmChartContainer - [hivemq-test-hivemq-platform] [hivemq-platform-operator] [475da9a2] 20:48:48.626 [ReconcilerExecutor-hivemq-controller-130] DEBUG c.h.p.o.HiveMQPlatformReconciler - [updatelo] Custom Resource Spec (replicas: 2) (extensions: 1)
2025-01-28 20:48:48,631 INFO c.h.h.t.HelmChartContainer - [hivemq-test-hivemq-platform] [hivemq-platform-operator] [475da9a2] 20:48:48.627 [ReconcilerExecutor-hivemq-controller-130] DEBUG c.h.p.o.HiveMQPlatformReconciler - [updatelo] StatefulSet Status (revision: test-hivemq-platform-b697f795f, replicas: 2, available: 1, ready: 1, current: 2, updated: 2)
2025-01-28 20:48:48,631 INFO c.h.h.t.HelmChartContainer - [hivemq-test-hivemq-platform] [hivemq-platform-operator] [475da9a2] 20:48:48.627 [ReconcilerExecutor-hivemq-controller-130] DEBUG c.h.p.o.HiveMQPlatformReconciler - [updatelo] StatefulSet Spec (replicas: 2, init containers: 1, containers: 1, volumes: 3)
2025-01-28 20:48:48,631 INFO c.h.h.t.HelmChartContainer - [hivemq-test-hivemq-platform] [hivemq-platform-operator] [475da9a2] 20:48:48.629 [ReconcilerExecutor-hivemq-controller-130] DEBUG c.h.p.o.h.HiveMQPlatformReconcilerErrorHandler - [updatelo] Pod 'test-hivemq-platform-1' phase Running
2025-01-28 20:48:48,631 INFO c.h.h.t.HelmChartContainer - [hivemq-test-hivemq-platform] [hivemq-platform-operator] [475da9a2] 20:48:48.629 [ReconcilerExecutor-hivemq-controller-130] DEBUG c.h.p.o.h.HiveMQPlatformReconcilerErrorHandler - [updatelo] Pod 'test-hivemq-platform-0' phase Running
2025-01-28 20:48:48,631 INFO c.h.h.t.HelmChartContainer - [hivemq-test-hivemq-platform] [hivemq-platform-operator] [475da9a2] 20:48:48.630 [ReconcilerExecutor-hivemq-controller-130] INFO  c.h.p.o.h.HiveMQPlatformReconcilerSetLogLevelHandler - [updatelo] Successfully updated log level on all Pods
2025-01-28 20:48:48,641 INFO c.h.h.t.HelmChartContainer - [EVENT] Normal [Ready] HiveMQ Platform is ready [updateloglevelit:test-hivemq-platform]
2025-01-28 20:48:48,643 INFO c.h.h.t.HelmChartContainer - [hivemq-test-hivemq-platform] [hivemq-platform-operator] [475da9a2] 20:48:48.641 [ReconcilerExecutor-hivemq-controller-130] DEBUG c.h.p.operator.event.EventSender - [updatelo] Updating K8s event hivemq-platform-ready: [Ready] HiveMQ Platform is ready
2025-01-28 20:48:48,644 INFO c.h.h.t.HelmChartContainer - [hivemq-test-hivemq-platform] [hivemq-platform-operator] [475da9a2] 20:48:48.641 [ReconcilerExecutor-hivemq-controller-130] INFO  c.h.p.o.h.AbstractHiveMQReconcilerStateHandler - [updatelo] Update HiveMQ Platform Status (SET_LOG_LEVEL [WAIT_FOR_LOG_LEVEL_UPDATE] -> RUNNING [READY]): HiveMQ Platform is ready (reconciliation requests: SCALING)
2025-01-28 20:48:48,650 DEBUG com.hivemq.helmcharts.util.K8sUtil - Comparing actual state 'RUNNING' and waiting for 'RUNNING'
2025-01-28 20:48:48,790 INFO c.h.h.t.HelmChartContainer - [test-hivemq-platform] [hivemq] [c2d444af] INFO  - [HiveMQ Platform Operator Init App 1.7.0-SNAPSHOT] Returning Health API response 503 for readiness
2025-01-28 20:48:48,795 INFO c.h.h.t.HelmChartContainer - [EVENT] Warning [Unhealthy] Readiness probe failed: HTTP probe failed with statuscode: 503 [updateloglevelit:test-hivemq-platform-1]
2025-01-28 20:48:48,795 INFO c.h.h.t.HelmChartContainer - Received Unhealthy event for container hivemq in pod test-hivemq-platform-1 [c2d444af-d563-4566-bc8c-2835f036a00d]
2025-01-28 20:48:50,103 INFO c.h.h.t.HelmChartContainer - [test-hivemq-platform] [hivemq] [c2d444af] WARN  - No user for HiveMQ Control Center configured. Starting with default user
2025-01-28 20:48:50,651 INFO c.h.h.platform.UpdateLogLevelIT - Assert updated logback.xml in pods
2025-01-28 20:48:50,893 INFO c.h.h.t.HelmChartContainer - Uninstalling release 'test-hivemq-platform' in namespace 'updateloglevelit'...
2025-01-28 20:48:50,893 DEBUG c.h.h.t.HelmChartContainer - Executing helm command: /bin/helm --kubeconfig /etc/rancher/k3s/k3s.yaml uninstall test-hivemq-platform  --wait --timeout 5m0s --cascade foreground --namespace updateloglevelit
2025-01-28 20:48:51,109 INFO c.h.h.t.HelmChartContainer - [hivemq-test-hivemq-platform] [hivemq-platform-operator] [475da9a2] 20:48:51.102 [pool-6-thread-19] DEBUG c.h.p.o.d.PlatformServiceResource - [updatelo] Desired Platform services (3 services)
2025-01-28 20:48:51,109 INFO c.h.h.t.HelmChartContainer - [hivemq-test-hivemq-platform] [hivemq-platform-operator] [475da9a2] 20:48:51.103 [pool-6-thread-13] DEBUG c.h.p.o.dependants.PodInfoConfigMap - [updatelo] Desired PodInfo ConfigMap (1 extensions) (1 enabled)
2025-01-28 20:48:51,109 INFO c.h.h.t.HelmChartContainer - [hivemq-test-hivemq-platform] [hivemq-platform-operator] [475da9a2] 20:48:51.103 [pool-6-thread-13] DEBUG c.h.p.o.dependants.PodInfoConfigMap - [updatelo] Desired PodInfo ConfigMap (metrics port: 9399) (metrics path: /)
2025-01-28 20:48:51,109 INFO c.h.h.t.HelmChartContainer - [hivemq-test-hivemq-platform] [hivemq-platform-operator] [475da9a2] 20:48:51.103 [pool-6-thread-13] DEBUG c.h.p.o.dependants.PodInfoConfigMap - [updatelo] Desired PodInfo ConfigMap (extension state hash: -1817474005)
2025-01-28 20:48:51,109 INFO c.h.h.t.HelmChartContainer - [hivemq-test-hivemq-platform] [hivemq-platform-operator] [475da9a2] 20:48:51.103 [pool-6-thread-17] DEBUG c.h.p.o.d.PodServiceAccountResource - [updatelo] Desired PodServiceAccountResource (serviceAccountName: hivemq-platform-pod-test-hivemq-platform)
2025-01-28 20:48:51,109 INFO c.h.h.t.HelmChartContainer - [hivemq-test-hivemq-platform] [hivemq-platform-operator] [475da9a2] 20:48:51.103 [pool-6-thread-13] DEBUG c.h.p.o.dependants.PodInfoConfigMap - [updatelo] Update PodInfo ConfigMap
2025-01-28 20:48:51,126 INFO c.h.h.t.HelmChartContainer - [hivemq-test-hivemq-platform] [hivemq-platform-operator] [475da9a2] 20:48:51.119 [pool-6-thread-13] DEBUG c.h.p.o.d.StatefulSetResource - [updatelo] Desired StatefulSet (2 replicas) for status RUNNING (READY)
2025-01-28 20:48:51,174 INFO c.h.h.t.HelmChartContainer - [hivemq-test-hivemq-platform] [hivemq-platform-operator] [475da9a2] 20:48:51.170 [ReconcilerExecutor-hivemq-controller-131] INFO  c.h.p.o.HiveMQPlatformReconciler - [updatelo] Reconciling HiveMQ Platform 'test-hivemq-platform' in namespace 'updateloglevelit'
2025-01-28 20:48:51,175 INFO c.h.h.t.HelmChartContainer - [hivemq-test-hivemq-platform] [hivemq-platform-operator] [475da9a2] 20:48:51.170 [ReconcilerExecutor-hivemq-controller-131] DEBUG c.h.p.o.HiveMQPlatformReconciler - [updatelo] Custom Resource Status RUNNING - HiveMQ Platform is ready (READY) (reconciliation requests: SCALING)
2025-01-28 20:48:51,175 INFO c.h.h.t.HelmChartContainer - [hivemq-test-hivemq-platform] [hivemq-platform-operator] [475da9a2] 20:48:51.170 [ReconcilerExecutor-hivemq-controller-131] DEBUG c.h.p.o.HiveMQPlatformReconciler - [updatelo] Custom Resource Spec (replicas: 2) (extensions: 1)
2025-01-28 20:48:51,175 INFO c.h.h.t.HelmChartContainer - [hivemq-test-hivemq-platform] [hivemq-platform-operator] [475da9a2] 20:48:51.172 [ReconcilerExecutor-hivemq-controller-131] DEBUG c.h.p.o.HiveMQPlatformReconciler - [updatelo] StatefulSet Status (revision: test-hivemq-platform-b697f795f, replicas: 2, available: 1, ready: 1, current: 2, updated: 2)
2025-01-28 20:48:51,175 INFO c.h.h.t.HelmChartContainer - [hivemq-test-hivemq-platform] [hivemq-platform-operator] [475da9a2] 20:48:51.172 [ReconcilerExecutor-hivemq-controller-131] DEBUG c.h.p.o.HiveMQPlatformReconciler - [updatelo] StatefulSet Spec (replicas: 2, init containers: 1, containers: 1, volumes: 3)
2025-01-28 20:48:51,175 INFO c.h.h.t.HelmChartContainer - [hivemq-test-hivemq-platform] [hivemq-platform-operator] [475da9a2] 20:48:51.173 [ReconcilerExecutor-hivemq-controller-131] DEBUG c.h.p.o.h.HiveMQPlatformReconcilerErrorHandler - [updatelo] Pod 'test-hivemq-platform-1' phase Running
2025-01-28 20:48:51,176 INFO c.h.h.t.HelmChartContainer - [hivemq-test-hivemq-platform] [hivemq-platform-operator] [475da9a2] 20:48:51.174 [ReconcilerExecutor-hivemq-controller-131] DEBUG c.h.p.o.h.HiveMQPlatformReconcilerErrorHandler - [updatelo] Pod 'test-hivemq-platform-0' phase Running
2025-01-28 20:48:51,176 INFO c.h.h.t.HelmChartContainer - [hivemq-test-hivemq-platform] [hivemq-platform-operator] [475da9a2] 20:48:51.174 [ReconcilerExecutor-hivemq-controller-131] INFO  c.h.p.o.h.HiveMQPlatformReconcilerBaseHandler - [updatelo] HiveMQ Platform will scale to 2 replicas
2025-01-28 20:48:51,283 INFO c.h.h.t.HelmChartContainer - [hivemq-test-hivemq-platform] [hivemq-platform-operator] [475da9a2] 20:48:51.282 [ReconcilerExecutor-hivemq-controller-131] DEBUG c.h.p.operator.event.EventSender - [updatelo] Creating K8s event scaling-started: [Scaling] HiveMQ Platform is scaling
2025-01-28 20:48:51,287 INFO c.h.h.t.HelmChartContainer - [EVENT] Normal [Scaling] HiveMQ Platform is scaling [updateloglevelit:test-hivemq-platform]
2025-01-28 20:48:51,288 INFO c.h.h.t.HelmChartContainer - [hivemq-test-hivemq-platform] [hivemq-platform-operator] [475da9a2] 20:48:51.287 [ReconcilerExecutor-hivemq-controller-131] INFO  c.h.p.o.h.AbstractHiveMQReconcilerStateHandler - [updatelo] Update HiveMQ Platform Status (RUNNING [READY] -> SCALING [READY]): HiveMQ Platform is scaling
2025-01-28 20:48:51,313 INFO c.h.h.t.HelmChartContainer - [hivemq-test-hivemq-platform] [hivemq-platform-operator] [475da9a2] 20:48:51.311 [ReconcilerExecutor-hivemq-controller-131] ERROR i.j.o.p.event.EventProcessor - Error during event processing ExecutionScope{ resource id: ResourceID{name='test-hivemq-platform', namespace='updateloglevelit'}, version: 1505}
2025-01-28 20:48:51,313 INFO c.h.h.t.HelmChartContainer - [hivemq-test-hivemq-platform] [hivemq-platform-operator] [475da9a2] io.fabric8.kubernetes.client.KubernetesClientException: Failure executing: PUT at: https://10.43.0.1:443/apis/hivemq.com/v1/namespaces/updateloglevelit/hivemq-platforms/test-hivemq-platform/status. Message: Operation cannot be fulfilled on hivemq-platforms.hivemq.com "test-hivemq-platform": the object has been modified; please apply your changes to the latest version and try again. Received status: Status(apiVersion=v1, code=409, details=StatusDetails(causes=[], group=hivemq.com, kind=hivemq-platforms, name=test-hivemq-platform, retryAfterSeconds=null, uid=null, additionalProperties={}), kind=Status, message=Operation cannot be fulfilled on hivemq-platforms.hivemq.com "test-hivemq-platform": the object has been modified; please apply your changes to the latest version and try again, metadata=ListMeta(_continue=null, remainingItemCount=null, resourceVersion=null, selfLink=null, additionalProperties={}), reason=Conflict, status=Failure, additionalProperties={}).
2025-01-28 20:48:51,313 INFO c.h.h.t.HelmChartContainer - [hivemq-test-hivemq-platform] [hivemq-platform-operator] [475da9a2] 	at io.fabric8.kubernetes.client.KubernetesClientException.copyAsCause(KubernetesClientException.java:238)
2025-01-28 20:48:51,313 INFO c.h.h.t.HelmChartContainer - [hivemq-test-hivemq-platform] [hivemq-platform-operator] [475da9a2] 	at io.fabric8.kubernetes.client.dsl.internal.OperationSupport.waitForResult(OperationSupport.java:507)
2025-01-28 20:48:51,313 INFO c.h.h.t.HelmChartContainer - [hivemq-test-hivemq-platform] [hivemq-platform-operator] [475da9a2] 	at io.fabric8.kubernetes.client.dsl.internal.OperationSupport.handleResponse(OperationSupport.java:524)
2025-01-28 20:48:51,313 INFO c.h.h.t.HelmChartContainer - [hivemq-test-hivemq-platform] [hivemq-platform-operator] [475da9a2] 	at io.fabric8.kubernetes.client.dsl.internal.OperationSupport.handleUpdate(OperationSupport.java:358)
2025-01-28 20:48:51,313 INFO c.h.h.t.HelmChartContainer - [hivemq-test-hivemq-platform] [hivemq-platform-operator] [475da9a2] 	at io.fabric8.kubernetes.client.dsl.internal.BaseOperation.handleUpdate(BaseOperation.java:759)
2025-01-28 20:48:51,313 INFO c.h.h.t.HelmChartContainer - [hivemq-test-hivemq-platform] [hivemq-platform-operator] [475da9a2] 	at io.fabric8.kubernetes.client.dsl.internal.HasMetadataOperation.update(HasMetadataOperation.java:138)
2025-01-28 20:48:51,313 INFO c.h.h.t.HelmChartContainer - [hivemq-test-hivemq-platform] [hivemq-platform-operator] [475da9a2] 	at io.fabric8.kubernetes.client.dsl.internal.HasMetadataOperation.update(HasMetadataOperation.java:121)
2025-01-28 20:48:51,313 INFO c.h.h.t.HelmChartContainer - [hivemq-test-hivemq-platform] [hivemq-platform-operator] [475da9a2] 	at io.fabric8.kubernetes.client.dsl.internal.HasMetadataOperation.updateStatus(HasMetadataOperation.java:126)
2025-01-28 20:48:51,313 INFO c.h.h.t.HelmChartContainer - [hivemq-test-hivemq-platform] [hivemq-platform-operator] [475da9a2] 	at io.fabric8.kubernetes.client.dsl.internal.HasMetadataOperation.updateStatus(HasMetadataOperation.java:44)
2025-01-28 20:48:51,313 INFO c.h.h.t.HelmChartContainer - [hivemq-test-hivemq-platform] [hivemq-platform-operator] [475da9a2] 	at io.javaoperatorsdk.operator.processing.event.ReconciliationDispatcher$CustomResourceFacade.updateStatus(ReconciliationDispatcher.java:408)
2025-01-28 20:48:51,313 INFO c.h.h.t.HelmChartContainer - [hivemq-test-hivemq-platform] [hivemq-platform-operator] [475da9a2] 	at io.javaoperatorsdk.operator.processing.event.ReconciliationDispatcher.updateStatusGenerationAware(ReconciliationDispatcher.java:228)
2025-01-28 20:48:51,313 INFO c.h.h.t.HelmChartContainer - [hivemq-test-hivemq-platform] [hivemq-platform-operator] [475da9a2] 	at io.javaoperatorsdk.operator.processing.event.ReconciliationDispatcher.reconcileExecution(ReconciliationDispatcher.java:150)
2025-01-28 20:48:51,313 INFO c.h.h.t.HelmChartContainer - [hivemq-test-hivemq-platform] [hivemq-platform-operator] [475da9a2] 	at io.javaoperatorsdk.operator.processing.event.ReconciliationDispatcher.handleReconcile(ReconciliationDispatcher.java:117)
2025-01-28 20:48:51,313 INFO c.h.h.t.HelmChartContainer - [hivemq-test-hivemq-platform] [hivemq-platform-operator] [475da9a2] 	at io.javaoperatorsdk.operator.processing.event.ReconciliationDispatcher.handleDispatch(ReconciliationDispatcher.java:91)
2025-01-28 20:48:51,313 INFO c.h.h.t.HelmChartContainer - [hivemq-test-hivemq-platform] [hivemq-platform-operator] [475da9a2] 	at io.javaoperatorsdk.operator.processing.event.ReconciliationDispatcher.handleExecution(ReconciliationDispatcher.java:64)
2025-01-28 20:48:51,313 INFO c.h.h.t.HelmChartContainer - [hivemq-test-hivemq-platform] [hivemq-platform-operator] [475da9a2] 	at io.javaoperatorsdk.operator.processing.event.EventProcessor$ReconcilerExecutor.run(EventProcessor.java:452)
2025-01-28 20:48:51,313 INFO c.h.h.t.HelmChartContainer - [hivemq-test-hivemq-platform] [hivemq-platform-operator] [475da9a2] 	at java.base/java.util.concurrent.ThreadPoolExecutor.runWorker(Unknown Source)
2025-01-28 20:48:51,313 INFO c.h.h.t.HelmChartContainer - [hivemq-test-hivemq-platform] [hivemq-platform-operator] [475da9a2] 	at java.base/java.util.concurrent.ThreadPoolExecutor$Worker.run(Unknown Source)
2025-01-28 20:48:51,313 INFO c.h.h.t.HelmChartContainer - [hivemq-test-hivemq-platform] [hivemq-platform-operator] [475da9a2] 	at java.base/java.lang.Thread.run(Unknown Source)
2025-01-28 20:48:51,313 INFO c.h.h.t.HelmChartContainer - [hivemq-test-hivemq-platform] [hivemq-platform-operator] [475da9a2] Caused by: io.fabric8.kubernetes.client.KubernetesClientException: Failure executing: PUT at: https://10.43.0.1:443/apis/hivemq.com/v1/namespaces/updateloglevelit/hivemq-platforms/test-hivemq-platform/status. Message: Operation cannot be fulfilled on hivemq-platforms.hivemq.com "test-hivemq-platform": the object has been modified; please apply your changes to the latest version and try again. Received status: Status(apiVersion=v1, code=409, details=StatusDetails(causes=[], group=hivemq.com, kind=hivemq-platforms, name=test-hivemq-platform, retryAfterSeconds=null, uid=null, additionalProperties={}), kind=Status, message=Operation cannot be fulfilled on hivemq-platforms.hivemq.com "test-hivemq-platform": the object has been modified; please apply your changes to the latest version and try again, metadata=ListMeta(_continue=null, remainingItemCount=null, resourceVersion=null, selfLink=null, additionalProperties={}), reason=Conflict, status=Failure, additionalProperties={}).
2025-01-28 20:48:51,313 INFO c.h.h.t.HelmChartContainer - [hivemq-test-hivemq-platform] [hivemq-platform-operator] [475da9a2] 	at io.fabric8.kubernetes.client.dsl.internal.OperationSupport.requestFailure(OperationSupport.java:660)
2025-01-28 20:48:51,313 INFO c.h.h.t.HelmChartContainer - [hivemq-test-hivemq-platform] [hivemq-platform-operator] [475da9a2] 	at io.fabric8.kubernetes.client.dsl.internal.OperationSupport.requestFailure(OperationSupport.java:640)
2025-01-28 20:48:51,313 INFO c.h.h.t.HelmChartContainer - [hivemq-test-hivemq-platform] [hivemq-platform-operator] [475da9a2] 	at io.fabric8.kubernetes.client.dsl.internal.OperationSupport.assertResponseCode(OperationSupport.java:589)
2025-01-28 20:48:51,313 INFO c.h.h.t.HelmChartContainer - [hivemq-test-hivemq-platform] [hivemq-platform-operator] [475da9a2] 	at io.fabric8.kubernetes.client.dsl.internal.OperationSupport.lambda$handleResponse$0(OperationSupport.java:549)
2025-01-28 20:48:51,313 INFO c.h.h.t.HelmChartContainer - [hivemq-test-hivemq-platform] [hivemq-platform-operator] [475da9a2] 	at java.base/java.util.concurrent.CompletableFuture$UniApply.tryFire(Unknown Source)
2025-01-28 20:48:51,313 INFO c.h.h.t.HelmChartContainer - [hivemq-test-hivemq-platform] [hivemq-platform-operator] [475da9a2] 	at java.base/java.util.concurrent.CompletableFuture.postComplete(Unknown Source)
2025-01-28 20:48:51,313 INFO c.h.h.t.HelmChartContainer - [hivemq-test-hivemq-platform] [hivemq-platform-operator] [475da9a2] 	at java.base/java.util.concurrent.CompletableFuture.complete(Unknown Source)
2025-01-28 20:48:51,313 INFO c.h.h.t.HelmChartContainer - [hivemq-test-hivemq-platform] [hivemq-platform-operator] [475da9a2] 	at io.fabric8.kubernetes.client.http.StandardHttpClient.lambda$completeOrCancel$10(StandardHttpClient.java:141)
2025-01-28 20:48:51,313 INFO c.h.h.t.HelmChartContainer - [hivemq-test-hivemq-platform] [hivemq-platform-operator] [475da9a2] 	at java.base/java.util.concurrent.CompletableFuture.uniWhenComplete(Unknown Source)
2025-01-28 20:48:51,313 INFO c.h.h.t.HelmChartContainer - [hivemq-test-hivemq-platform] [hivemq-platform-operator] [475da9a2] 	at java.base/java.util.concurrent.CompletableFuture$UniWhenComplete.tryFire(Unknown Source)
2025-01-28 20:48:51,313 INFO c.h.h.t.HelmChartContainer - [hivemq-test-hivemq-platform] [hivemq-platform-operator] [475da9a2] 	at java.base/java.util.concurrent.CompletableFuture.postComplete(Unknown Source)
2025-01-28 20:48:51,313 INFO c.h.h.t.HelmChartContainer - [hivemq-test-hivemq-platform] [hivemq-platform-operator] [475da9a2] 	at java.base/java.util.concurrent.CompletableFuture.complete(Unknown Source)
2025-01-28 20:48:51,313 INFO c.h.h.t.HelmChartContainer - [hivemq-test-hivemq-platform] [hivemq-platform-operator] [475da9a2] 	at io.fabric8.kubernetes.client.http.ByteArrayBodyHandler.onBodyDone(ByteArrayBodyHandler.java:51)
2025-01-28 20:48:51,313 INFO c.h.h.t.HelmChartContainer - [hivemq-test-hivemq-platform] [hivemq-platform-operator] [475da9a2] 	at java.base/java.util.concurrent.CompletableFuture.uniWhenComplete(Unknown Source)
2025-01-28 20:48:51,313 INFO c.h.h.t.HelmChartContainer - [hivemq-test-hivemq-platform] [hivemq-platform-operator] [475da9a2] 	at java.base/java.util.concurrent.CompletableFuture$UniWhenComplete.tryFire(Unknown Source)
2025-01-28 20:48:51,313 INFO c.h.h.t.HelmChartContainer - [hivemq-test-hivemq-platform] [hivemq-platform-operator] [475da9a2] 	at java.base/java.util.concurrent.CompletableFuture.postComplete(Unknown Source)
2025-01-28 20:48:51,313 INFO c.h.h.t.HelmChartContainer - [hivemq-test-hivemq-platform] [hivemq-platform-operator] [475da9a2] 	at java.base/java.util.concurrent.CompletableFuture.complete(Unknown Source)
2025-01-28 20:48:51,313 INFO c.h.h.t.HelmChartContainer - [hivemq-test-hivemq-platform] [hivemq-platform-operator] [475da9a2] 	at io.fabric8.kubernetes.client.vertx.VertxHttpRequest.lambda$null$1(VertxHttpRequest.java:121)
2025-01-28 20:48:51,313 INFO c.h.h.t.HelmChartContainer - [hivemq-test-hivemq-platform] [hivemq-platform-operator] [475da9a2] 	at io.vertx.core.impl.ContextInternal.dispatch(ContextInternal.java:279)
2025-01-28 20:48:51,313 INFO c.h.h.t.HelmChartContainer - [hivemq-test-hivemq-platform] [hivemq-platform-operator] [475da9a2] 	at io.vertx.core.impl.ContextInternal.dispatch(ContextInternal.java:261)
2025-01-28 20:48:51,313 INFO c.h.h.t.HelmChartContainer - [hivemq-test-hivemq-platform] [hivemq-platform-operator] [475da9a2] 	at io.vertx.core.http.impl.HttpEventHandler.handleEnd(HttpEventHandler.java:76)
2025-01-28 20:48:51,313 INFO c.h.h.t.HelmChartContainer - [hivemq-test-hivemq-platform] [hivemq-platform-operator] [475da9a2] 	at io.vertx.core.http.impl.HttpClientResponseImpl.handleEnd(HttpClientResponseImpl.java:250)
2025-01-28 20:48:51,313 INFO c.h.h.t.HelmChartContainer - [hivemq-test-hivemq-platform] [hivemq-platform-operator] [475da9a2] 	at io.vertx.core.http.impl.Http1xClientConnection$StreamImpl.lambda$new$0(Http1xClientConnection.java:421)
2025-01-28 20:48:51,313 INFO c.h.h.t.HelmChartContainer - [hivemq-test-hivemq-platform] [hivemq-platform-operator] [475da9a2] 	at io.vertx.core.streams.impl.InboundBuffer.handleEvent(InboundBuffer.java:279)
2025-01-28 20:48:51,313 INFO c.h.h.t.HelmChartContainer - [hivemq-test-hivemq-platform] [hivemq-platform-operator] [475da9a2] 	at io.vertx.core.streams.impl.InboundBuffer.write(InboundBuffer.java:157)
2025-01-28 20:48:51,313 INFO c.h.h.t.HelmChartContainer - [hivemq-test-hivemq-platform] [hivemq-platform-operator] [475da9a2] 	at io.vertx.core.http.impl.Http1xClientConnection$StreamImpl.handleEnd(Http1xClientConnection.java:709)
2025-01-28 20:48:51,314 INFO c.h.h.t.HelmChartContainer - [hivemq-test-hivemq-platform] [hivemq-platform-operator] [475da9a2] 	at io.vertx.core.impl.ContextImpl.execute(ContextImpl.java:313)
2025-01-28 20:48:51,314 INFO c.h.h.t.HelmChartContainer - [hivemq-test-hivemq-platform] [hivemq-platform-operator] [475da9a2] 	at io.vertx.core.impl.ContextImpl.execute(ContextImpl.java:293)
2025-01-28 20:48:51,314 INFO c.h.h.t.HelmChartContainer - [hivemq-test-hivemq-platform] [hivemq-platform-operator] [475da9a2] 	at io.vertx.core.http.impl.Http1xClientConnection.handleResponseEnd(Http1xClientConnection.java:940)
2025-01-28 20:48:51,314 INFO c.h.h.t.HelmChartContainer - [hivemq-test-hivemq-platform] [hivemq-platform-operator] [475da9a2] 	at io.vertx.core.http.impl.Http1xClientConnection.handleHttpMessage(Http1xClientConnection.java:810)
2025-01-28 20:48:51,314 INFO c.h.h.t.HelmChartContainer - [hivemq-test-hivemq-platform] [hivemq-platform-operator] [475da9a2] 	at io.vertx.core.http.impl.Http1xClientConnection.handleMessage(Http1xClientConnection.java:774)
2025-01-28 20:48:51,314 INFO c.h.h.t.HelmChartContainer - [hivemq-test-hivemq-platform] [hivemq-platform-operator] [475da9a2] 	at io.vertx.core.net.impl.ConnectionBase.read(ConnectionBase.java:159)
2025-01-28 20:48:51,314 INFO c.h.h.t.HelmChartContainer - [hivemq-test-hivemq-platform] [hivemq-platform-operator] [475da9a2] 	at io.vertx.core.net.impl.VertxHandler.channelRead(VertxHandler.java:153)
2025-01-28 20:48:51,314 INFO c.h.h.t.HelmChartContainer - [hivemq-test-hivemq-platform] [hivemq-platform-operator] [475da9a2] 	at io.netty.channel.AbstractChannelHandlerContext.invokeChannelRead(AbstractChannelHandlerContext.java:442)
2025-01-28 20:48:51,314 INFO c.h.h.t.HelmChartContainer - [hivemq-test-hivemq-platform] [hivemq-platform-operator] [475da9a2] 	at io.netty.channel.AbstractChannelHandlerContext.invokeChannelRead(AbstractChannelHandlerContext.java:420)
2025-01-28 20:48:51,314 INFO c.h.h.t.HelmChartContainer - [hivemq-test-hivemq-platform] [hivemq-platform-operator] [475da9a2] 	at io.netty.channel.AbstractChannelHandlerContext.fireChannelRead(AbstractChannelHandlerContext.java:412)
2025-01-28 20:48:51,314 INFO c.h.h.t.HelmChartContainer - [hivemq-test-hivemq-platform] [hivemq-platform-operator] [475da9a2] 	at io.netty.channel.CombinedChannelDuplexHandler$DelegatingChannelHandlerContext.fireChannelRead(CombinedChannelDuplexHandler.java:436)
2025-01-28 20:48:51,314 INFO c.h.h.t.HelmChartContainer - [hivemq-test-hivemq-platform] [hivemq-platform-operator] [475da9a2] 	at io.netty.handler.codec.ByteToMessageDecoder.fireChannelRead(ByteToMessageDecoder.java:346)
2025-01-28 20:48:51,314 INFO c.h.h.t.HelmChartContainer - [hivemq-test-hivemq-platform] [hivemq-platform-operator] [475da9a2] 	at io.netty.handler.codec.ByteToMessageDecoder.channelRead(ByteToMessageDecoder.java:318)
2025-01-28 20:48:51,314 INFO c.h.h.t.HelmChartContainer - [hivemq-test-hivemq-platform] [hivemq-platform-operator] [475da9a2] 	at io.netty.channel.CombinedChannelDuplexHandler.channelRead(CombinedChannelDuplexHandler.java:251)
2025-01-28 20:48:51,314 INFO c.h.h.t.HelmChartContainer - [hivemq-test-hivemq-platform] [hivemq-platform-operator] [475da9a2] 	at io.netty.channel.AbstractChannelHandlerContext.invokeChannelRead(AbstractChannelHandlerContext.java:442)
2025-01-28 20:48:51,314 INFO c.h.h.t.HelmChartContainer - [hivemq-test-hivemq-platform] [hivemq-platform-operator] [475da9a2] 	at io.netty.channel.AbstractChannelHandlerContext.invokeChannelRead(AbstractChannelHandlerContext.java:420)
2025-01-28 20:48:51,314 INFO c.h.h.t.HelmChartContainer - [hivemq-test-hivemq-platform] [hivemq-platform-operator] [475da9a2] 	at io.netty.channel.AbstractChannelHandlerContext.fireChannelRead(AbstractChannelHandlerContext.java:412)
2025-01-28 20:48:51,314 INFO c.h.h.t.HelmChartContainer - [hivemq-test-hivemq-platform] [hivemq-platform-operator] [475da9a2] 	at io.netty.handler.ssl.SslHandler.unwrap(SslHandler.java:1475)
2025-01-28 20:48:51,314 INFO c.h.h.t.HelmChartContainer - [hivemq-test-hivemq-platform] [hivemq-platform-operator] [475da9a2] 	at io.netty.handler.ssl.SslHandler.decodeJdkCompatible(SslHandler.java:1338)
2025-01-28 20:48:51,314 INFO c.h.h.t.HelmChartContainer - [hivemq-test-hivemq-platform] [hivemq-platform-operator] [475da9a2] 	at io.netty.handler.ssl.SslHandler.decode(SslHandler.java:1387)
2025-01-28 20:48:51,314 INFO c.h.h.t.HelmChartContainer - [hivemq-test-hivemq-platform] [hivemq-platform-operator] [475da9a2] 	at io.netty.handler.codec.ByteToMessageDecoder.decodeRemovalReentryProtection(ByteToMessageDecoder.java:530)
2025-01-28 20:48:51,314 INFO c.h.h.t.HelmChartContainer - [hivemq-test-hivemq-platform] [hivemq-platform-operator] [475da9a2] 	at io.netty.handler.codec.ByteToMessageDecoder.callDecode(ByteToMessageDecoder.java:469)
2025-01-28 20:48:51,314 INFO c.h.h.t.HelmChartContainer - [hivemq-test-hivemq-platform] [hivemq-platform-operator] [475da9a2] 	at io.netty.handler.codec.ByteToMessageDecoder.channelRead(ByteToMessageDecoder.java:290)
2025-01-28 20:48:51,314 INFO c.h.h.t.HelmChartContainer - [hivemq-test-hivemq-platform] [hivemq-platform-operator] [475da9a2] 	at io.netty.channel.AbstractChannelHandlerContext.invokeChannelRead(AbstractChannelHandlerContext.java:444)
2025-01-28 20:48:51,314 INFO c.h.h.t.HelmChartContainer - [hivemq-test-hivemq-platform] [hivemq-platform-operator] [475da9a2] 	at io.netty.channel.AbstractChannelHandlerContext.invokeChannelRead(AbstractChannelHandlerContext.java:420)
2025-01-28 20:48:51,314 INFO c.h.h.t.HelmChartContainer - [hivemq-test-hivemq-platform] [hivemq-platform-operator] [475da9a2] 	at io.netty.channel.AbstractChannelHandlerContext.fireChannelRead(AbstractChannelHandlerContext.java:412)
2025-01-28 20:48:51,314 INFO c.h.h.t.HelmChartContainer - [hivemq-test-hivemq-platform] [hivemq-platform-operator] [475da9a2] 	at io.netty.channel.DefaultChannelPipeline$HeadContext.channelRead(DefaultChannelPipeline.java:1407)
2025-01-28 20:48:51,314 INFO c.h.h.t.HelmChartContainer - [hivemq-test-hivemq-platform] [hivemq-platform-operator] [475da9a2] 	at io.netty.channel.AbstractChannelHandlerContext.invokeChannelRead(AbstractChannelHandlerContext.java:440)
2025-01-28 20:48:51,314 INFO c.h.h.t.HelmChartContainer - [hivemq-test-hivemq-platform] [hivemq-platform-operator] [475da9a2] 	at io.netty.channel.AbstractChannelHandlerContext.invokeChannelRead(AbstractChannelHandlerContext.java:420)
2025-01-28 20:48:51,314 INFO c.h.h.t.HelmChartContainer - [hivemq-test-hivemq-platform] [hivemq-platform-operator] [475da9a2] 	at io.netty.channel.DefaultChannelPipeline.fireChannelRead(DefaultChannelPipeline.java:918)
2025-01-28 20:48:51,314 INFO c.h.h.t.HelmChartContainer - [hivemq-test-hivemq-platform] [hivemq-platform-operator] [475da9a2] 	at io.netty.channel.nio.AbstractNioByteChannel$NioByteUnsafe.read(AbstractNioByteChannel.java:166)
2025-01-28 20:48:51,314 INFO c.h.h.t.HelmChartContainer - [hivemq-test-hivemq-platform] [hivemq-platform-operator] [475da9a2] 	at io.netty.channel.nio.NioEventLoop.processSelectedKey(NioEventLoop.java:788)
2025-01-28 20:48:51,314 INFO c.h.h.t.HelmChartContainer - [hivemq-test-hivemq-platform] [hivemq-platform-operator] [475da9a2] 	at io.netty.channel.nio.NioEventLoop.processSelectedKeysOptimized(NioEventLoop.java:724)
2025-01-28 20:48:51,314 INFO c.h.h.t.HelmChartContainer - [hivemq-test-hivemq-platform] [hivemq-platform-operator] [475da9a2] 	at io.netty.channel.nio.NioEventLoop.processSelectedKeys(NioEventLoop.java:650)
2025-01-28 20:48:51,314 INFO c.h.h.t.HelmChartContainer - [hivemq-test-hivemq-platform] [hivemq-platform-operator] [475da9a2] 	at io.netty.channel.nio.NioEventLoop.run(NioEventLoop.java:562)
2025-01-28 20:48:51,314 INFO c.h.h.t.HelmChartContainer - [hivemq-test-hivemq-platform] [hivemq-platform-operator] [475da9a2] 	at io.netty.util.concurrent.SingleThreadEventExecutor$4.run(SingleThreadEventExecutor.java:997)
2025-01-28 20:48:51,314 INFO c.h.h.t.HelmChartContainer - [hivemq-test-hivemq-platform] [hivemq-platform-operator] [475da9a2] 	at io.netty.util.internal.ThreadExecutorMap$2.run(ThreadExecutorMap.java:74)
2025-01-28 20:48:51,314 INFO c.h.h.t.HelmChartContainer - [hivemq-test-hivemq-platform] [hivemq-platform-operator] [475da9a2] 	at io.netty.util.concurrent.FastThreadLocalRunnable.run(FastThreadLocalRunnable.java:30)
2025-01-28 20:48:51,314 INFO c.h.h.t.HelmChartContainer - [hivemq-test-hivemq-platform] [hivemq-platform-operator] [475da9a2] 	... 1 common frames omitted
2025-01-28 20:48:51,376 INFO c.h.h.t.HelmChartContainer - [hivemq-test-hivemq-platform] [hivemq-platform-operator] [475da9a2] 20:48:51.375 [ReconcilerExecutor-hivemq-controller-142] INFO  c.h.p.o.HiveMQPlatformReconciler - [updatelo] Cleanup test-hivemq-platform - updateloglevelit HiveMQ Platform is shut down
2025-01-28 20:48:51,891 INFO c.h.h.t.HelmChartContainer - [POD] test-hivemq-platform-1 [c2d444af-d563-4566-bc8c-2835f036a00d] in updateloglevelit was MODIFIED
2025-01-28 20:48:51,894 INFO c.h.h.t.HelmChartContainer - [EVENT] Normal [Killing] Stopping container hivemq [updateloglevelit:test-hivemq-platform-1]
2025-01-28 20:48:51,894 INFO c.h.h.t.HelmChartContainer - Received Killing event for container hivemq in pod test-hivemq-platform-1 [c2d444af-d563-4566-bc8c-2835f036a00d]
2025-01-28 20:48:51,894 INFO c.h.h.t.HelmChartContainer - Container [test-hivemq-platform-1] [hivemq] [c2d444af-d563-4566-bc8c-2835f036a00d] was terminated
2025-01-28 20:48:51,895 INFO c.h.h.t.HelmChartContainer - Stopped log watcher for hivemq in pod test-hivemq-platform-1 [c2d444af-d563-4566-bc8c-2835f036a00d]
2025-01-28 20:48:51,900 INFO c.h.h.t.HelmChartContainer - [test-hivemq-platform] [hivemq] [c2d444af] INFO  - [HiveMQ Platform Operator Init App 1.7.0-SNAPSHOT] Returning Health API response 200 for readiness
2025-01-28 20:48:51,908 INFO c.h.h.t.HelmChartContainer - [test-hivemq-platform] [hivemq] [c2d444af] INFO  - [HiveMQ Platform Operator Init App 1.7.0-SNAPSHOT] Shutting down
2025-01-28 20:48:51,910 INFO c.h.h.t.HelmChartContainer - [test-hivemq-platform] [hivemq] [c2d444af] INFO  - [HiveMQ Platform Operator Init App 1.7.0-SNAPSHOT] Stopping the HiveMQ Platform
2025-01-28 20:48:51,922 INFO c.h.h.t.HelmChartContainer - [POD] test-hivemq-platform-1 [c2d444af-d563-4566-bc8c-2835f036a00d] in updateloglevelit was MODIFIED
2025-01-28 20:48:51,952 INFO c.h.h.t.HelmChartContainer - [POD] test-hivemq-platform-0 [64f11788-5960-4e1c-bcb3-cc125422cd42] in updateloglevelit was MODIFIED
2025-01-28 20:48:51,954 INFO c.h.h.t.HelmChartContainer - [EVENT] Normal [Killing] Stopping container hivemq [updateloglevelit:test-hivemq-platform-0]
2025-01-28 20:48:51,954 INFO c.h.h.t.HelmChartContainer - Received Killing event for container hivemq in pod test-hivemq-platform-0 [64f11788-5960-4e1c-bcb3-cc125422cd42]
2025-01-28 20:48:51,954 INFO c.h.h.t.HelmChartContainer - Container [test-hivemq-platform-0] [hivemq] [64f11788-5960-4e1c-bcb3-cc125422cd42] was terminated
2025-01-28 20:48:51,954 INFO c.h.h.t.HelmChartContainer - Stopped log watcher for hivemq in pod test-hivemq-platform-0 [64f11788-5960-4e1c-bcb3-cc125422cd42]
2025-01-28 20:48:51,955 INFO c.h.h.t.HelmChartContainer - [test-hivemq-platform] [hivemq] [64f11788] INFO  - [HiveMQ Platform Operator Init App 1.7.0-SNAPSHOT] Shutting down
2025-01-28 20:48:51,956 INFO c.h.h.t.HelmChartContainer - [test-hivemq-platform] [hivemq] [64f11788] INFO  - [HiveMQ Platform Operator Init App 1.7.0-SNAPSHOT] Stopping the HiveMQ Platform
2025-01-28 20:48:52,419 INFO c.h.h.t.HelmChartContainer - [K3S] [authentication.go:74] "Unable to authenticate the request" err="[invalid bearer token, serviceaccounts \"hivemq-platform-pod-test-hivemq-platform\" not found]"
2025-01-28 20:48:52,434 INFO c.h.h.t.HelmChartContainer - [K3S] [authentication.go:74] "Unable to authenticate the request" err="[invalid bearer token, serviceaccounts \"hivemq-platform-pod-test-hivemq-platform\" not found]"
2025-01-28 20:48:52,448 INFO c.h.h.t.HelmChartContainer - [test-hivemq-platform] [hivemq] [64f11788] WARN  - [HiveMQ Platform Operator Init App 1.7.0-SNAPSHOT] Could not update Pod annotations: Failure executing: GET at: https://10.43.0.1:443/api/v1/namespaces/updateloglevelit/pods/test-hivemq-platform-0. Message: Unauthorized. Received status: Status(apiVersion=v1, code=401, details=null, kind=Status, message=Unauthorized, metadata=ListMeta(_continue=null, remainingItemCount=null, resourceVersion=null, selfLink=null, additionalProperties={}), reason=Unauthorized, status=Failure, additionalProperties={}).
2025-01-28 20:48:53,196 INFO c.h.h.t.HelmChartContainer - Deleting namespace 'updateloglevelit'...
2025-01-28 20:48:54,098 INFO c.h.h.t.HelmChartContainer - [K3S] [authentication.go:74] "Unable to authenticate the request" err="[invalid bearer token, serviceaccounts \"hivemq-platform-pod-test-hivemq-platform\" not found]"
2025-01-28 20:48:54,119 INFO c.h.h.t.HelmChartContainer - [K3S] [authentication.go:74] "Unable to authenticate the request" err="[invalid bearer token, serviceaccounts \"hivemq-platform-pod-test-hivemq-platform\" not found]"
2025-01-28 20:48:54,197 INFO c.h.h.t.HelmChartContainer - [test-hivemq-platform] [hivemq] [c2d444af] WARN  - [HiveMQ Platform Operator Init App 1.7.0-SNAPSHOT] Could not update Pod annotations: Failure executing: GET at: https://10.43.0.1:443/api/v1/namespaces/updateloglevelit/pods/test-hivemq-platform-1. Message: Unauthorized. Received status: Status(apiVersion=v1, code=401, details=null, kind=Status, message=Unauthorized, metadata=ListMeta(_continue=null, remainingItemCount=null, resourceVersion=null, selfLink=null, additionalProperties={}), reason=Unauthorized, status=Failure, additionalProperties={}).
2025-01-28 20:48:56,884 INFO c.h.h.t.HelmChartContainer - [test-hivemq-platform] [hivemq] [c2d444af] INFO  - [HiveMQ Platform Operator Init App 1.7.0-SNAPSHOT] Returning shutdown Health API response 503 for readiness
2025-01-28 20:48:56,888 INFO c.h.h.t.HelmChartContainer - [EVENT] Warning [Unhealthy] Readiness probe failed: HTTP probe failed with statuscode: 503 [updateloglevelit:test-hivemq-platform-1]
2025-01-28 20:48:56,888 INFO c.h.h.t.HelmChartContainer - Received Unhealthy event for container hivemq in pod test-hivemq-platform-1 [c2d444af-d563-4566-bc8c-2835f036a00d]
2025-01-28 20:48:56,941 INFO c.h.h.t.HelmChartContainer - [test-hivemq-platform] [hivemq] [64f11788] INFO  - [HiveMQ Platform Operator Init App 1.7.0-SNAPSHOT] Returning shutdown Health API response 503 for readiness
2025-01-28 20:48:56,945 INFO c.h.h.t.HelmChartContainer - [EVENT] Warning [Unhealthy] Readiness probe failed: HTTP probe failed with statuscode: 503 [updateloglevelit:test-hivemq-platform-0]
2025-01-28 20:48:56,945 INFO c.h.h.t.HelmChartContainer - Received Unhealthy event for container hivemq in pod test-hivemq-platform-0 [64f11788-5960-4e1c-bcb3-cc125422cd42]
2025-01-28 20:48:57,451 INFO c.h.h.t.HelmChartContainer - [K3S] [authentication.go:74] "Unable to authenticate the request" err="[invalid bearer token, serviceaccounts \"hivemq-platform-pod-test-hivemq-platform\" not found]"
2025-01-28 20:48:57,464 INFO c.h.h.t.HelmChartContainer - [K3S] [authentication.go:74] "Unable to authenticate the request" err="[invalid bearer token, serviceaccounts \"hivemq-platform-pod-test-hivemq-platform\" not found]"
2025-01-28 20:48:57,466 INFO c.h.h.t.HelmChartContainer - [test-hivemq-platform] [hivemq] [64f11788] WARN  - [HiveMQ Platform Operator Init App 1.7.0-SNAPSHOT] Could not update Pod annotations: Failure executing: GET at: https://10.43.0.1:443/api/v1/namespaces/updateloglevelit/pods/test-hivemq-platform-0. Message: Unauthorized. Received status: Status(apiVersion=v1, code=401, details=null, kind=Status, message=Unauthorized, metadata=ListMeta(_continue=null, remainingItemCount=null, resourceVersion=null, selfLink=null, additionalProperties={}), reason=Unauthorized, status=Failure, additionalProperties={}).
2025-01-28 20:48:57,754 INFO c.h.h.t.HelmChartContainer - [test-hivemq-platform] [hivemq] [c2d444af] INFO  - [HiveMQ Platform Operator Init App 1.7.0-SNAPSHOT] The HiveMQ Platform exited with code 143
2025-01-28 20:48:57,754 INFO c.h.h.t.HelmChartContainer - [test-hivemq-platform] [hivemq] [c2d444af] INFO  - [HiveMQ Platform Operator Init App 1.7.0-SNAPSHOT] Stopping the REST API
2025-01-28 20:48:57,790 INFO c.h.h.t.HelmChartContainer - [test-hivemq-platform] [hivemq] [c2d444af] INFO  - [HiveMQ Platform Operator Init App 1.7.0-SNAPSHOT] Shutdown complete
2025-01-28 20:48:58,299 INFO c.h.h.t.HelmChartContainer - [test-hivemq-platform] [hivemq] [64f11788] INFO  - [HiveMQ Platform Operator Init App 1.7.0-SNAPSHOT] The HiveMQ Platform exited with code 143
2025-01-28 20:48:58,299 INFO c.h.h.t.HelmChartContainer - [test-hivemq-platform] [hivemq] [64f11788] INFO  - [HiveMQ Platform Operator Init App 1.7.0-SNAPSHOT] Stopping the REST API
2025-01-28 20:48:58,322 INFO c.h.h.t.HelmChartContainer - [K3S] [stateful_set.go:438] "Unhandled Error" err="error syncing StatefulSet updateloglevelit/test-hivemq-platform, requeuing: controllerrevisions.apps \"test-hivemq-platform-b697f795f\" is forbidden: unable to create new content in namespace updateloglevelit because it is being terminated"
2025-01-28 20:48:58,327 INFO c.h.h.t.HelmChartContainer - [POD] test-hivemq-platform-1 [c2d444af-d563-4566-bc8c-2835f036a00d] in updateloglevelit was MODIFIED
2025-01-28 20:48:58,330 INFO c.h.h.t.HelmChartContainer - [K3S] [stateful_set.go:438] "Unhandled Error" err="error syncing StatefulSet updateloglevelit/test-hivemq-platform, requeuing: controllerrevisions.apps \"test-hivemq-platform-b697f795f\" is forbidden: unable to create new content in namespace updateloglevelit because it is being terminated"
2025-01-28 20:48:58,337 INFO c.h.h.t.HelmChartContainer - [test-hivemq-platform] [hivemq] [64f11788] INFO  - [HiveMQ Platform Operator Init App 1.7.0-SNAPSHOT] Shutdown complete
2025-01-28 20:48:58,344 INFO c.h.h.t.HelmChartContainer - [K3S] [stateful_set.go:438] "Unhandled Error" err="error syncing StatefulSet updateloglevelit/test-hivemq-platform, requeuing: controllerrevisions.apps \"test-hivemq-platform-b697f795f\" is forbidden: unable to create new content in namespace updateloglevelit because it is being terminated"
2025-01-28 20:48:58,366 INFO c.h.h.t.HelmChartContainer - [K3S] [stateful_set.go:438] "Unhandled Error" err="error syncing StatefulSet updateloglevelit/test-hivemq-platform, requeuing: controllerrevisions.apps \"test-hivemq-platform-b697f795f\" is forbidden: unable to create new content in namespace updateloglevelit because it is being terminated"
2025-01-28 20:48:58,385 INFO c.h.h.t.HelmChartContainer - [K3S] [stateful_set.go:466] "StatefulSet has been deleted" key="updateloglevelit/test-hivemq-platform"
2025-01-28 20:48:58,407 INFO c.h.h.t.HelmChartContainer - [K3S] [stateful_set.go:466] "StatefulSet has been deleted" key="updateloglevelit/test-hivemq-platform"
2025-01-28 20:48:58,412 INFO c.h.h.t.HelmChartContainer - [K3S] [reconciler_common.go:162] "operationExecutor.UnmountVolume started for volume \"operator-init\" (UniqueName: \"kubernetes.io/empty-dir/c2d444af-d563-4566-bc8c-2835f036a00d-operator-init\") pod \"c2d444af-d563-4566-bc8c-2835f036a00d\" (UID: \"c2d444af-d563-4566-bc8c-2835f036a00d\") "
2025-01-28 20:48:58,412 INFO c.h.h.t.HelmChartContainer - [K3S] [reconciler_common.go:162] "operationExecutor.UnmountVolume started for volume \"pod-info\" (UniqueName: \"kubernetes.io/configmap/c2d444af-d563-4566-bc8c-2835f036a00d-pod-info\") pod \"c2d444af-d563-4566-bc8c-2835f036a00d\" (UID: \"c2d444af-d563-4566-bc8c-2835f036a00d\") "
2025-01-28 20:48:58,412 INFO c.h.h.t.HelmChartContainer - [K3S] [reconciler_common.go:162] "operationExecutor.UnmountVolume started for volume \"kube-api-access-9blhn\" (UniqueName: \"kubernetes.io/projected/c2d444af-d563-4566-bc8c-2835f036a00d-kube-api-access-9blhn\") pod \"c2d444af-d563-4566-bc8c-2835f036a00d\" (UID: \"c2d444af-d563-4566-bc8c-2835f036a00d\") "
2025-01-28 20:48:58,412 INFO c.h.h.t.HelmChartContainer - [K3S] [reconciler_common.go:162] "operationExecutor.UnmountVolume started for volume \"broker-configuration\" (UniqueName: \"kubernetes.io/configmap/c2d444af-d563-4566-bc8c-2835f036a00d-broker-configuration\") pod \"c2d444af-d563-4566-bc8c-2835f036a00d\" (UID: \"c2d444af-d563-4566-bc8c-2835f036a00d\") "
2025-01-28 20:48:58,512 INFO c.h.h.t.HelmChartContainer - [K3S] [reconciler_common.go:299] "Volume detached for volume \"operator-init\" (UniqueName: \"kubernetes.io/empty-dir/c2d444af-d563-4566-bc8c-2835f036a00d-operator-init\") on node \"e242dccaa35f\" DevicePath \"\""
2025-01-28 20:48:58,512 INFO c.h.h.t.HelmChartContainer - [K3S] [reconciler_common.go:299] "Volume detached for volume \"pod-info\" (UniqueName: \"kubernetes.io/configmap/c2d444af-d563-4566-bc8c-2835f036a00d-pod-info\") on node \"e242dccaa35f\" DevicePath \"\""
2025-01-28 20:48:58,512 INFO c.h.h.t.HelmChartContainer - [K3S] [reconciler_common.go:299] "Volume detached for volume \"kube-api-access-9blhn\" (UniqueName: \"kubernetes.io/projected/c2d444af-d563-4566-bc8c-2835f036a00d-kube-api-access-9blhn\") on node \"e242dccaa35f\" DevicePath \"\""
2025-01-28 20:48:58,512 INFO c.h.h.t.HelmChartContainer - [K3S] [reconciler_common.go:299] "Volume detached for volume \"broker-configuration\" (UniqueName: \"kubernetes.io/configmap/c2d444af-d563-4566-bc8c-2835f036a00d-broker-configuration\") on node \"e242dccaa35f\" DevicePath \"\""
2025-01-28 20:48:58,778 INFO c.h.h.t.HelmChartContainer - [POD] test-hivemq-platform-0 [64f11788-5960-4e1c-bcb3-cc125422cd42] in updateloglevelit was MODIFIED
2025-01-28 20:48:58,814 INFO c.h.h.t.HelmChartContainer - [K3S] [reconciler_common.go:162] "operationExecutor.UnmountVolume started for volume \"pod-info\" (UniqueName: \"kubernetes.io/configmap/64f11788-5960-4e1c-bcb3-cc125422cd42-pod-info\") pod \"64f11788-5960-4e1c-bcb3-cc125422cd42\" (UID: \"64f11788-5960-4e1c-bcb3-cc125422cd42\") "
2025-01-28 20:48:58,814 INFO c.h.h.t.HelmChartContainer - [K3S] [reconciler_common.go:162] "operationExecutor.UnmountVolume started for volume \"kube-api-access-69gf9\" (UniqueName: \"kubernetes.io/projected/64f11788-5960-4e1c-bcb3-cc125422cd42-kube-api-access-69gf9\") pod \"64f11788-5960-4e1c-bcb3-cc125422cd42\" (UID: \"64f11788-5960-4e1c-bcb3-cc125422cd42\") "
2025-01-28 20:48:58,814 INFO c.h.h.t.HelmChartContainer - [K3S] [reconciler_common.go:162] "operationExecutor.UnmountVolume started for volume \"operator-init\" (UniqueName: \"kubernetes.io/empty-dir/64f11788-5960-4e1c-bcb3-cc125422cd42-operator-init\") pod \"64f11788-5960-4e1c-bcb3-cc125422cd42\" (UID: \"64f11788-5960-4e1c-bcb3-cc125422cd42\") "
2025-01-28 20:48:58,814 INFO c.h.h.t.HelmChartContainer - [K3S] [reconciler_common.go:162] "operationExecutor.UnmountVolume started for volume \"broker-configuration\" (UniqueName: \"kubernetes.io/configmap/64f11788-5960-4e1c-bcb3-cc125422cd42-broker-configuration\") pod \"64f11788-5960-4e1c-bcb3-cc125422cd42\" (UID: \"64f11788-5960-4e1c-bcb3-cc125422cd42\") "
2025-01-28 20:48:58,914 INFO c.h.h.t.HelmChartContainer - [K3S] [reconciler_common.go:299] "Volume detached for volume \"pod-info\" (UniqueName: \"kubernetes.io/configmap/64f11788-5960-4e1c-bcb3-cc125422cd42-pod-info\") on node \"e242dccaa35f\" DevicePath \"\""
2025-01-28 20:48:58,914 INFO c.h.h.t.HelmChartContainer - [K3S] [reconciler_common.go:299] "Volume detached for volume \"kube-api-access-69gf9\" (UniqueName: \"kubernetes.io/projected/64f11788-5960-4e1c-bcb3-cc125422cd42-kube-api-access-69gf9\") on node \"e242dccaa35f\" DevicePath \"\""
2025-01-28 20:48:58,914 INFO c.h.h.t.HelmChartContainer - [K3S] [reconciler_common.go:299] "Volume detached for volume \"operator-init\" (UniqueName: \"kubernetes.io/empty-dir/64f11788-5960-4e1c-bcb3-cc125422cd42-operator-init\") on node \"e242dccaa35f\" DevicePath \"\""
2025-01-28 20:48:58,914 INFO c.h.h.t.HelmChartContainer - [K3S] [reconciler_common.go:299] "Volume detached for volume \"broker-configuration\" (UniqueName: \"kubernetes.io/configmap/64f11788-5960-4e1c-bcb3-cc125422cd42-broker-configuration\") on node \"e242dccaa35f\" DevicePath \"\""
2025-01-28 20:48:59,198 INFO c.h.h.t.HelmChartContainer - [K3S] [scope.go:117] "RemoveContainer" containerID="965e67871da7447f60e48f6eb6f83b54d2428b1c57449e8e72988cb0f50f7ceb"
2025-01-28 20:48:59,213 INFO c.h.h.t.HelmChartContainer - [POD] test-hivemq-platform-0 [64f11788-5960-4e1c-bcb3-cc125422cd42] in updateloglevelit was MODIFIED
2025-01-28 20:48:59,216 INFO c.h.h.t.HelmChartContainer - [POD] test-hivemq-platform-0 [64f11788-5960-4e1c-bcb3-cc125422cd42] in updateloglevelit was DELETED
2025-01-28 20:48:59,225 INFO c.h.h.t.HelmChartContainer - [POD] test-hivemq-platform-1 [c2d444af-d563-4566-bc8c-2835f036a00d] in updateloglevelit was MODIFIED
2025-01-28 20:48:59,226 INFO c.h.h.t.HelmChartContainer - [POD] test-hivemq-platform-1 [c2d444af-d563-4566-bc8c-2835f036a00d] in updateloglevelit was DELETED
2025-01-28 20:48:59,306 INFO c.h.h.t.HelmChartContainer - [K3S] [scope.go:117] "RemoveContainer" containerID="81583ed63cdec1e54dea8665a36b4fbb074c42f3fe68f34f63874ac03f107e13"
2025-01-28 20:48:59,309 INFO c.h.h.t.HelmChartContainer - [K3S] [scope.go:117] "RemoveContainer" containerID="965e67871da7447f60e48f6eb6f83b54d2428b1c57449e8e72988cb0f50f7ceb"
2025-01-28 20:48:59,309 INFO c.h.h.t.HelmChartContainer - [K3S] [scope.go:117] "RemoveContainer" containerID="81583ed63cdec1e54dea8665a36b4fbb074c42f3fe68f34f63874ac03f107e13"
2025-01-28 20:48:59,310 INFO c.h.h.t.HelmChartContainer - [K3S] [scope.go:117] "RemoveContainer" containerID="f87c38a37084e7aa703ab30bd929790897c6b135e16cded910eeb9e9cb52c88a"
2025-01-28 20:48:59,397 INFO c.h.h.t.HelmChartContainer - [K3S] [scope.go:117] "RemoveContainer" containerID="edee7a3acfd9d7e6388ef8088c23c603e6220f05a22274d42afa1c0643e748ca"
2025-01-28 20:48:59,400 INFO c.h.h.t.HelmChartContainer - [K3S] [scope.go:117] "RemoveContainer" containerID="f87c38a37084e7aa703ab30bd929790897c6b135e16cded910eeb9e9cb52c88a"
2025-01-28 20:48:59,400 INFO c.h.h.t.HelmChartContainer - [K3S] [scope.go:117] "RemoveContainer" containerID="edee7a3acfd9d7e6388ef8088c23c603e6220f05a22274d42afa1c0643e748ca"
2025-01-28 20:48:59,411 INFO c.h.h.t.HelmChartContainer - [K3S] [kubelet_volumes.go:163] "Cleaned up orphaned pod volumes dir" podUID="64f11788-5960-4e1c-bcb3-cc125422cd42" path="/var/lib/kubelet/pods/64f11788-5960-4e1c-bcb3-cc125422cd42/volumes"
2025-01-28 20:48:59,412 INFO c.h.h.t.HelmChartContainer - [K3S] [kubelet_volumes.go:163] "Cleaned up orphaned pod volumes dir" podUID="c2d444af-d563-4566-bc8c-2835f036a00d" path="/var/lib/kubelet/pods/c2d444af-d563-4566-bc8c-2835f036a00d/volumes"
2025-01-28 20:49:03,524 INFO c.h.h.t.HelmChartContainer - Namespace 'updateloglevelit' deleted
2025-01-28 20:49:03,524 INFO c.h.h.t.HelmChartContainer - Release 'test-hivemq-platform' in namespace 'updateloglevelit' is uninstalled
2025-01-28 20:49:03,524 INFO c.h.h.t.HelmChartContainer - Uninstalling release 'test-hivemq-platform-operator' in namespace 'updateloglevelit-operator'...
2025-01-28 20:49:03,524 DEBUG c.h.h.t.HelmChartContainer - Executing helm command: /bin/helm --kubeconfig /etc/rancher/k3s/k3s.yaml uninstall test-hivemq-platform-operator  --wait --timeout 5m0s --cascade foreground --namespace updateloglevelit-operator
2025-01-28 20:49:03,696 INFO c.h.h.t.HelmChartContainer - [K3S] [replica_set.go:679] "Finished syncing" kind="ReplicaSet" key="updateloglevelit-operator/hivemq-test-hivemq-platform-operator-7764645b48" duration="11.83223ms"
2025-01-28 20:49:03,696 INFO c.h.h.t.HelmChartContainer - [K3S] [replica_set.go:679] "Finished syncing" kind="ReplicaSet" key="updateloglevelit-operator/hivemq-test-hivemq-platform-operator-7764645b48" duration="35.025µs"
2025-01-28 20:49:03,718 INFO c.h.h.t.HelmChartContainer - [POD] hivemq-test-hivemq-platform-operator-7764645b48-wbbwh [475da9a2-1d24-405e-9b30-48edcea3ec8f] in updateloglevelit-operator was MODIFIED
2025-01-28 20:49:03,736 INFO c.h.h.t.HelmChartContainer - [hivemq-test-hivemq-platform] [hivemq-platform-operator] [475da9a2] 20:49:03.724 [application-shutdown-thread] INFO  c.h.p.o.HiveMQPlatformOperatorApplication - HiveMQ Platform Operator is stopping...
2025-01-28 20:49:03,736 INFO c.h.h.t.HelmChartContainer - [hivemq-test-hivemq-platform] [hivemq-platform-operator] [475da9a2] 20:49:03.724 [application-shutdown-thread] INFO  i.javaoperatorsdk.operator.Operator - Operator SDK 4.9.7 is shutting down...
2025-01-28 20:49:03,738 INFO c.h.h.t.HelmChartContainer - [EVENT] Normal [Killing] Stopping container hivemq-platform-operator [updateloglevelit-operator:hivemq-test-hivemq-platform-operator-7764645b48-wbbwh]
2025-01-28 20:49:03,738 INFO c.h.h.t.HelmChartContainer - Received Killing event for container hivemq-platform-operator in pod hivemq-test-hivemq-platform-operator-7764645b48-wbbwh [475da9a2-1d24-405e-9b30-48edcea3ec8f]
2025-01-28 20:49:03,738 INFO c.h.h.t.HelmChartContainer - Container [hivemq-test-hivemq-platform-operator-7764645b48-wbbwh] [hivemq-platform-operator] [475da9a2-1d24-405e-9b30-48edcea3ec8f] was terminated
2025-01-28 20:49:03,739 INFO c.h.h.t.HelmChartContainer - Stopped log watcher for hivemq-platform-operator in pod hivemq-test-hivemq-platform-operator-7764645b48-wbbwh [475da9a2-1d24-405e-9b30-48edcea3ec8f]
2025-01-28 20:49:03,759 INFO c.h.h.t.HelmChartContainer - [K3S] [replica_set.go:679] "Finished syncing" kind="ReplicaSet" key="updateloglevelit-operator/hivemq-test-hivemq-platform-operator-7764645b48" duration="51.053429ms"
2025-01-28 20:49:03,761 INFO c.h.h.t.HelmChartContainer - [K3S] [replica_set.go:679] "Finished syncing" kind="ReplicaSet" key="updateloglevelit-operator/hivemq-test-hivemq-platform-operator-7764645b48" duration="68.447µs"
2025-01-28 20:49:04,263 INFO c.h.h.t.HelmChartContainer - [K3S] [replica_set.go:679] "Finished syncing" kind="ReplicaSet" key="updateloglevelit-operator/hivemq-test-hivemq-platform-operator-7764645b48" duration="42.6µs"
2025-01-28 20:49:04,265 INFO c.h.h.t.HelmChartContainer - [POD] hivemq-test-hivemq-platform-operator-7764645b48-wbbwh [475da9a2-1d24-405e-9b30-48edcea3ec8f] in updateloglevelit-operator was MODIFIED
2025-01-28 20:49:04,360 INFO c.h.h.t.HelmChartContainer - [K3S] [reconciler_common.go:162] "operationExecutor.UnmountVolume started for volume \"kube-api-access-kxhsl\" (UniqueName: \"kubernetes.io/projected/475da9a2-1d24-405e-9b30-48edcea3ec8f-kube-api-access-kxhsl\") pod \"475da9a2-1d24-405e-9b30-48edcea3ec8f\" (UID: \"475da9a2-1d24-405e-9b30-48edcea3ec8f\") "
2025-01-28 20:49:04,461 INFO c.h.h.t.HelmChartContainer - [K3S] [reconciler_common.go:299] "Volume detached for volume \"kube-api-access-kxhsl\" (UniqueName: \"kubernetes.io/projected/475da9a2-1d24-405e-9b30-48edcea3ec8f-kube-api-access-kxhsl\") on node \"e242dccaa35f\" DevicePath \"\""
2025-01-28 20:49:05,213 INFO c.h.h.t.HelmChartContainer - [K3S] [scope.go:117] "RemoveContainer" containerID="18428ddc44141a6028cf76a045e692e837f30f2d7580ea86a642162a59d3d2cd"
2025-01-28 20:49:05,224 INFO c.h.h.t.HelmChartContainer - [K3S] [replica_set.go:679] "Finished syncing" kind="ReplicaSet" key="updateloglevelit-operator/hivemq-test-hivemq-platform-operator-7764645b48" duration="44.854µs"
2025-01-28 20:49:05,224 INFO c.h.h.t.HelmChartContainer - [POD] hivemq-test-hivemq-platform-operator-7764645b48-wbbwh [475da9a2-1d24-405e-9b30-48edcea3ec8f] in updateloglevelit-operator was MODIFIED
2025-01-28 20:49:05,226 INFO c.h.h.t.HelmChartContainer - [POD] hivemq-test-hivemq-platform-operator-7764645b48-wbbwh [475da9a2-1d24-405e-9b30-48edcea3ec8f] in updateloglevelit-operator was DELETED
2025-01-28 20:49:05,226 INFO c.h.h.t.HelmChartContainer - [K3S] [replica_set.go:679] "Finished syncing" kind="ReplicaSet" key="updateloglevelit-operator/hivemq-test-hivemq-platform-operator-7764645b48" duration="30.356µs"
2025-01-28 20:49:05,236 INFO c.h.h.t.HelmChartContainer - [K3S] [replica_set.go:679] "Finished syncing" kind="ReplicaSet" key="updateloglevelit-operator/hivemq-test-hivemq-platform-operator-7764645b48" duration="4.248µs"
2025-01-28 20:49:05,412 INFO c.h.h.t.HelmChartContainer - [K3S] [kubelet_volumes.go:163] "Cleaned up orphaned pod volumes dir" podUID="475da9a2-1d24-405e-9b30-48edcea3ec8f" path="/var/lib/kubelet/pods/475da9a2-1d24-405e-9b30-48edcea3ec8f/volumes"
2025-01-28 20:49:05,825 INFO c.h.h.t.HelmChartContainer - Deleting namespace 'updateloglevelit-operator'...
2025-01-28 20:49:08,507 INFO c.h.h.t.HelmChartContainer - [K3S] [namespace_controller.go:187] "Namespace has been deleted" namespace="updateloglevelit"
2025-01-28 20:49:11,040 INFO c.h.h.t.HelmChartContainer - Namespace 'updateloglevelit-operator' deleted
2025-01-28 20:49:11,040 INFO c.h.h.t.HelmChartContainer - Release 'test-hivemq-platform-operator' in namespace 'updateloglevelit-operator' is uninstalled
2025-01-28 20:49:11,811 INFO c.h.helmcharts.AbstractHelmChartIT - Removed unused containers:

2025-01-28 20:49:15,954 INFO c.h.h.t.HelmChartContainer - [K3S] [namespace_controller.go:187] "Namespace has been deleted" namespace="updateloglevelit-operator"
2025-01-28 20:49:19,509 INFO c.h.helmcharts.AbstractHelmChartIT - Removed unused snapshots:
Removing snapshot sha256:03af251906410714c5aef9fa705b63f6bbc39c4a5e787de7361eeb18886c2ed2
Removing snapshot sha256:0c46b3b43cce082ce5ec34ffc6c294e0417d17b9d1e6f366d114b6aadc4f96dc
Removing snapshot sha256:0ce761beee59082d6ed5bcebd3a805b8ddd9b3426b617e4809e7fb7c6587ffec
Removing snapshot sha256:0df91287303208332c8ff6ba40ae4710105201739addbfbddfb955f1ad593664
Removing snapshot sha256:1021ef88c7974bfff89c5a0ec4fd3160daac6c48a075f74cff721f85dd104e68
Removing snapshot sha256:10aba4953ddc18145dd38e3704709bc464aa20af60b56fe52caaff4b68411e62
Removing snapshot sha256:2573e0d8158209ed54ab25c87bcdcb00bd3d2539246960a3d592a1c599d70465
Removing snapshot sha256:258960e60dce78736cadd3448efec136618ad02ca403ad81288bbeabb60d6da7
Removing snapshot sha256:362a8a37f8bbc31925a8146adcf7cf51f9882f5c1dcbef67c5baa03a297543c0
Removing snapshot sha256:43a7c979bbaba6838bc3102d6b10a1459f3ab050b87ccdfef84ef90cf43d3058
Removing snapshot sha256:4ab04491cdf0d3267f08206fe30bd48f49f94b9cab2f016d6739220f722a64af
Removing snapshot sha256:4b6068250e89c96f263060261819c7d912855bfbd64b3eb4c4a8483299b8c295
Removing snapshot sha256:580e69a0a8034ede1921139bbd2bfb72a69ebf276d008281896c32dd8bf74775
Removing snapshot sha256:5d30ba46b27fe37484567ccc5242cadc78217b8da605f3f195ef25cbf7487904
Removing snapshot sha256:63ca1fbb43ae5034640e5e6cb3e083e05c290072c5366fcaa9d62435a4cced85
Removing snapshot sha256:67f702c6baae873bceb19487c8b1f27bd2b86077e4f2f0e480e6d60ab508b8f5
Removing snapshot sha256:6864348dd42806d552efdec384f1274be15e2d0c10ce44c1f04347af004c10a9
Removing snapshot sha256:6c7dee8f2c39b84b7dc2711c01d33de93514d9055499173e9290176fbe484b6c
Removing snapshot sha256:82753493a6d61ded36556292f02f31841a14c20d2f279f19eaad65afb661d5cd
Removing snapshot sha256:8a10d3db42c505ee0fcfa98417bdd7e39b304f6bcc0a06bb1b220797ff2cc63c
Removing snapshot sha256:a0904247e36a7726c03c71ee48f3e64462021c88dafeb13f37fdaf613b27f11c
Removing snapshot sha256:a21e5b12dbac529ad45d976eb9ce45c881f3bedcc500fb30aba1e52aa1813418
Removing snapshot sha256:b66a6fd21afb31807017381cd183450aacec629ebaf238eb9d3985684dec4faa
Removing snapshot sha256:b921e6c28969094157f9b8e7244677780319637afd14450b7cb6b2fdea558a0c
Removing snapshot sha256:bc27ecb5769a00e309cf99ebc763c4a4b958b618d1decc96ffac5bc05f02f5b7
Removing snapshot sha256:be3ccb6627a5332e309d45ef461d09b4879dd870c7394d89323d0ebc6ca6aa8a
Removing snapshot sha256:c261f7cbbc64211ee175ee47273acdb7b1a36a4450b397a064a8f2c026490095
Removing snapshot sha256:c34d9393647eea0c9e3557ab988efaf59f61d10a2a5613b439ef0958cca5ec10
Removing snapshot sha256:ccf3c4a0fa967a41c1c83497a2ce6fa5787965859df0adb32c4ca2cf7490bc2b
Removing snapshot sha256:cf92d33f869417309692088c341cd0f223c178ea78a125f757317b22aa8f90e9
Removing snapshot sha256:d0037344cf2fb078884f1849f6a1f8cf9a33a3b6139b6a85833e5ee528e1f9a8
Removing snapshot sha256:d3b36d5b79273b1e98e7700470eaeff05a882e777124d84cebcc1505b85ecb36
Removing snapshot sha256:d65a44a37914602d12c611e5e22a50f11451d847e63015cc1c2aef92dee777a4
Removing snapshot sha256:e2dc0bae2455930f23ae570e019b7f32edc75c0f2d71cab084db837ff9051796
Removing snapshot sha256:eccbd24a99c60cd9e86ee5305dbfc4a4dc89f5ab4fb1f06c8d64797cecedef34
Removing snapshot sha256:f144bb4c7c7f0d2aa7eeffd36d934ec40db1ee167be727e326aad9fdc616f475

]]></system-out>
  </testcase>
  <testcase name="2 withNamespaces: false" classname="com.hivemq.helmcharts.platform.UpdateLogLevelIT" time="142.924">
    <system-out><![CDATA[2025-01-28 20:49:19,513 INFO c.h.h.t.HelmChartContainer - Creating namespace 'updateloglevelit-operator'...
2025-01-28 20:49:19,518 INFO c.h.h.t.HelmChartContainer - Namespace 'updateloglevelit-operator' created
2025-01-28 20:49:19,518 INFO c.h.h.t.HelmChartContainer - Creating namespace 'updateloglevelit'...
2025-01-28 20:49:19,524 INFO c.h.h.t.HelmChartContainer - Namespace 'updateloglevelit' created
2025-01-28 20:49:19,591 DEBUG c.h.h.t.HelmChartContainer - Executing helm command: /bin/helm --kubeconfig /etc/rancher/k3s/k3s.yaml install test-hivemq-platform-operator /charts/hivemq-platform-operator --wait --timeout 5m0s --set image.repository=docker.io/hivemq --set image.name=hivemq-platform-operator-test --set image.initImageName=hivemq-platform-operator-init-test --set image.tag=snapshot --set image.pullPolicy=Never --set logLevel=DEBUG --set resources.cpu=512m --namespace updateloglevelit-operator
2025-01-28 20:49:19,884 INFO c.h.h.t.HelmChartContainer - [K3S] [alloc.go:330] "allocated clusterIPs" service="updateloglevelit-operator/hivemq-platform-operator-test-hivemq-platform-operator" clusterIPs={"IPv4":"10.43.173.6"}
2025-01-28 20:49:19,903 INFO c.h.h.t.HelmChartContainer - [EVENT] Normal [ScalingReplicaSet] Scaled up replica set hivemq-test-hivemq-platform-operator-6966f96d65 from 0 to 1 [updateloglevelit-operator:hivemq-test-hivemq-platform-operator]
2025-01-28 20:49:19,910 INFO c.h.h.t.HelmChartContainer - [POD] hivemq-test-hivemq-platform-operator-6966f96d65-ssdp8 [6310f130-588e-4921-9af3-df58310a7aa3] in updateloglevelit-operator was ADDED
2025-01-28 20:49:19,917 INFO c.h.h.t.HelmChartContainer - [K3S] [memory_manager.go:355] "RemoveStaleState removing state" podUID="475da9a2-1d24-405e-9b30-48edcea3ec8f" containerName="hivemq-platform-operator"
2025-01-28 20:49:19,917 INFO c.h.h.t.HelmChartContainer - [POD] hivemq-test-hivemq-platform-operator-6966f96d65-ssdp8 [6310f130-588e-4921-9af3-df58310a7aa3] in updateloglevelit-operator was MODIFIED
2025-01-28 20:49:19,917 INFO c.h.h.t.HelmChartContainer - [K3S] [memory_manager.go:355] "RemoveStaleState removing state" podUID="64f11788-5960-4e1c-bcb3-cc125422cd42" containerName="hivemq"
2025-01-28 20:49:19,917 INFO c.h.h.t.HelmChartContainer - [K3S] [memory_manager.go:355] "RemoveStaleState removing state" podUID="c2d444af-d563-4566-bc8c-2835f036a00d" containerName="hivemq"
2025-01-28 20:49:19,920 INFO c.h.h.t.HelmChartContainer - [EVENT] Normal [SuccessfulCreate] Created pod: hivemq-test-hivemq-platform-operator-6966f96d65-ssdp8 [updateloglevelit-operator:hivemq-test-hivemq-platform-operator-6966f96d65]
2025-01-28 20:49:19,923 INFO c.h.h.t.HelmChartContainer - [K3S] [replica_set.go:679] "Finished syncing" kind="ReplicaSet" key="updateloglevelit-operator/hivemq-test-hivemq-platform-operator-6966f96d65" duration="25.725254ms"
2025-01-28 20:49:19,927 INFO c.h.h.t.HelmChartContainer - [EVENT] Normal [Scheduled] Successfully assigned updateloglevelit-operator/hivemq-test-hivemq-platform-operator-6966f96d65-ssdp8 to e242dccaa35f [updateloglevelit-operator:hivemq-test-hivemq-platform-operator-6966f96d65-ssdp8]
2025-01-28 20:49:19,931 INFO c.h.h.t.HelmChartContainer - [K3S] [replica_set.go:679] "Finished syncing" kind="ReplicaSet" key="updateloglevelit-operator/hivemq-test-hivemq-platform-operator-6966f96d65" duration="7.796461ms"
2025-01-28 20:49:19,934 INFO c.h.h.t.HelmChartContainer - [POD] hivemq-test-hivemq-platform-operator-6966f96d65-ssdp8 [6310f130-588e-4921-9af3-df58310a7aa3] in updateloglevelit-operator was MODIFIED
2025-01-28 20:49:19,946 INFO c.h.h.t.HelmChartContainer - [K3S] [replica_set.go:679] "Finished syncing" kind="ReplicaSet" key="updateloglevelit-operator/hivemq-test-hivemq-platform-operator-6966f96d65" duration="14.969772ms"
2025-01-28 20:49:19,946 INFO c.h.h.t.HelmChartContainer - [K3S] [replica_set.go:679] "Finished syncing" kind="ReplicaSet" key="updateloglevelit-operator/hivemq-test-hivemq-platform-operator-6966f96d65" duration="39.233µs"
2025-01-28 20:49:20,051 INFO c.h.h.t.HelmChartContainer - [K3S] [reconciler_common.go:251] "operationExecutor.VerifyControllerAttachedVolume started for volume \"kube-api-access-vwhmk\" (UniqueName: \"kubernetes.io/projected/6310f130-588e-4921-9af3-df58310a7aa3-kube-api-access-vwhmk\") pod \"hivemq-test-hivemq-platform-operator-6966f96d65-ssdp8\" (UID: \"6310f130-588e-4921-9af3-df58310a7aa3\") " pod="updateloglevelit-operator/hivemq-test-hivemq-platform-operator-6966f96d65-ssdp8"
2025-01-28 20:49:20,338 INFO c.h.h.t.HelmChartContainer - [EVENT] Normal [Pulled] Container image "docker.io/hivemq/hivemq-platform-operator-test:snapshot" already present on machine [updateloglevelit-operator:hivemq-test-hivemq-platform-operator-6966f96d65-ssdp8]
2025-01-28 20:49:20,338 INFO c.h.h.t.HelmChartContainer - Received Pulled event for container hivemq-platform-operator in pod hivemq-test-hivemq-platform-operator-6966f96d65-ssdp8 [6310f130-588e-4921-9af3-df58310a7aa3]
2025-01-28 20:49:21,556 INFO c.h.h.t.HelmChartContainer - [EVENT] Normal [Created] Created container: hivemq-platform-operator [updateloglevelit-operator:hivemq-test-hivemq-platform-operator-6966f96d65-ssdp8]
2025-01-28 20:49:21,556 INFO c.h.h.t.HelmChartContainer - Received Created event for container hivemq-platform-operator in pod hivemq-test-hivemq-platform-operator-6966f96d65-ssdp8 [6310f130-588e-4921-9af3-df58310a7aa3]
2025-01-28 20:49:22,247 INFO c.h.h.t.HelmChartContainer - [K3S] [replica_set.go:679] "Finished syncing" kind="ReplicaSet" key="updateloglevelit-operator/hivemq-test-hivemq-platform-operator-6966f96d65" duration="43.16µs"
2025-01-28 20:49:22,251 INFO c.h.h.t.HelmChartContainer - [POD] hivemq-test-hivemq-platform-operator-6966f96d65-ssdp8 [6310f130-588e-4921-9af3-df58310a7aa3] in updateloglevelit-operator was MODIFIED
2025-01-28 20:49:22,263 INFO c.h.h.t.HelmChartContainer - [EVENT] Normal [Started] Started container hivemq-platform-operator [updateloglevelit-operator:hivemq-test-hivemq-platform-operator-6966f96d65-ssdp8]
2025-01-28 20:49:22,263 INFO c.h.h.t.HelmChartContainer - Received Started event for container hivemq-platform-operator in pod hivemq-test-hivemq-platform-operator-6966f96d65-ssdp8 [6310f130-588e-4921-9af3-df58310a7aa3]
2025-01-28 20:49:22,263 INFO c.h.h.t.HelmChartContainer - Started log watcher for hivemq-platform-operator in pod hivemq-test-hivemq-platform-operator-6966f96d65-ssdp8 [6310f130-588e-4921-9af3-df58310a7aa3]
2025-01-28 20:49:22,263 INFO c.h.h.t.HelmChartContainer - [hivemq-test-hivemq-platform] [hivemq-platform-operator] [6310f130] -------------------------------------------------------------------------
2025-01-28 20:49:22,263 INFO c.h.h.t.HelmChartContainer - [hivemq-test-hivemq-platform] [hivemq-platform-operator] [6310f130] 
2025-01-28 20:49:22,263 INFO c.h.h.t.HelmChartContainer - [hivemq-test-hivemq-platform] [hivemq-platform-operator] [6310f130]                   _    _  _              __  __   ____
2025-01-28 20:49:22,263 INFO c.h.h.t.HelmChartContainer - [hivemq-test-hivemq-platform] [hivemq-platform-operator] [6310f130]                  | |  | |(_)            |  \/  | / __ \
2025-01-28 20:49:22,263 INFO c.h.h.t.HelmChartContainer - [hivemq-test-hivemq-platform] [hivemq-platform-operator] [6310f130]                  | |__| | _ __   __ ___ | \  / || |  | |
2025-01-28 20:49:22,263 INFO c.h.h.t.HelmChartContainer - [hivemq-test-hivemq-platform] [hivemq-platform-operator] [6310f130]                  |  __  || |\ \ / // _ \| |\/| || |  | |
2025-01-28 20:49:22,263 INFO c.h.h.t.HelmChartContainer - [hivemq-test-hivemq-platform] [hivemq-platform-operator] [6310f130]                  | |  | || | \ V /|  __/| |  | || |__| |
2025-01-28 20:49:22,263 INFO c.h.h.t.HelmChartContainer - [hivemq-test-hivemq-platform] [hivemq-platform-operator] [6310f130]                  |_|  |_||_|  \_/  \___||_|  |_| \___\_\
2025-01-28 20:49:22,263 INFO c.h.h.t.HelmChartContainer - [hivemq-test-hivemq-platform] [hivemq-platform-operator] [6310f130] 
2025-01-28 20:49:22,263 INFO c.h.h.t.HelmChartContainer - [hivemq-test-hivemq-platform] [hivemq-platform-operator] [6310f130] -------------------------------------------------------------------------
2025-01-28 20:49:22,263 INFO c.h.h.t.HelmChartContainer - [hivemq-test-hivemq-platform] [hivemq-platform-operator] [6310f130] 
2025-01-28 20:49:22,263 INFO c.h.h.t.HelmChartContainer - [hivemq-test-hivemq-platform] [hivemq-platform-operator] [6310f130]   HiveMQ Platform Operator Start Script v1.0
2025-01-28 20:49:22,263 INFO c.h.h.t.HelmChartContainer - [hivemq-test-hivemq-platform] [hivemq-platform-operator] [6310f130] 
2025-01-28 20:49:22,263 INFO c.h.h.t.HelmChartContainer - [hivemq-test-hivemq-platform] [hivemq-platform-operator] [6310f130] -------------------------------------------------------------------------
2025-01-28 20:49:22,263 INFO c.h.h.t.HelmChartContainer - [hivemq-test-hivemq-platform] [hivemq-platform-operator] [6310f130] 
2025-01-28 20:49:22,263 INFO c.h.h.t.HelmChartContainer - [hivemq-test-hivemq-platform] [hivemq-platform-operator] [6310f130]   JAVA_OPTS: -XX:+UnlockExperimentalVMOptions -XX:InitialRAMPercentage=75 -XX:MaxRAMPercentage=75 -Duser.language=en -Duser.region=US
2025-01-28 20:49:22,263 INFO c.h.h.t.HelmChartContainer - [hivemq-test-hivemq-platform] [hivemq-platform-operator] [6310f130] 
2025-01-28 20:49:22,263 INFO c.h.h.t.HelmChartContainer - [hivemq-test-hivemq-platform] [hivemq-platform-operator] [6310f130]   JAVA_VERSION: 21
2025-01-28 20:49:22,263 INFO c.h.h.t.HelmChartContainer - [hivemq-test-hivemq-platform] [hivemq-platform-operator] [6310f130] 
2025-01-28 20:49:22,263 INFO c.h.h.t.HelmChartContainer - [hivemq-test-hivemq-platform] [hivemq-platform-operator] [6310f130] -------------------------------------------------------------------------
2025-01-28 20:49:22,263 INFO c.h.h.t.HelmChartContainer - [hivemq-test-hivemq-platform] [hivemq-platform-operator] [6310f130] 
2025-01-28 20:49:24,756 INFO c.h.h.t.HelmChartContainer - [hivemq-test-hivemq-platform] [hivemq-platform-operator] [6310f130] 20:49:24.754 [main] DEBUG org.jboss.logging - Logging Provider: org.jboss.logging.Slf4jLoggerProvider
2025-01-28 20:49:24,857 INFO c.h.h.t.HelmChartContainer - [hivemq-test-hivemq-platform] [hivemq-platform-operator] [6310f130] 20:49:24.855 [main] DEBUG io.smallrye.config - SRCFG01006: Loaded ConfigSource SysPropConfigSource with ordinal 400
2025-01-28 20:49:24,857 INFO c.h.h.t.HelmChartContainer - [hivemq-test-hivemq-platform] [hivemq-platform-operator] [6310f130] 20:49:24.856 [main] DEBUG io.smallrye.config - SRCFG01006: Loaded ConfigSource EnvConfigSource with ordinal 300
2025-01-28 20:49:24,857 INFO c.h.h.t.HelmChartContainer - [hivemq-test-hivemq-platform] [hivemq-platform-operator] [6310f130] 20:49:24.856 [main] DEBUG io.smallrye.config - SRCFG01006: Loaded ConfigSource PropertiesConfigSource[source=jar:file:///opt/hivemq-platform-operator/bin/hivemq-platform-operator.jar!/hivemq-platform-operator.properties] with ordinal 100
2025-01-28 20:49:24,857 INFO c.h.h.t.HelmChartContainer - [hivemq-test-hivemq-platform] [hivemq-platform-operator] [6310f130] 20:49:24.856 [main] DEBUG io.smallrye.config - SRCFG01006: Loaded ConfigSource DefaultValuesConfigSource with ordinal -2147483648
2025-01-28 20:49:24,965 INFO c.h.h.t.HelmChartContainer - [hivemq-test-hivemq-platform] [hivemq-platform-operator] [6310f130] 20:49:24.964 [main] DEBUG i.m.c.u.i.l.InternalLoggerFactory - Using SLF4J as the default logging framework
2025-01-28 20:49:25,062 INFO c.h.h.t.HelmChartContainer - [hivemq-test-hivemq-platform] [hivemq-platform-operator] [6310f130] 20:49:25.055 [main] INFO  c.h.p.o.HiveMQPlatformOperatorApplication - HiveMQ Platform Operator 1.7.0-SNAPSHOT (commit: bebf408 on branch: HEAD) built on Sun Jan 26 20:47:47 UTC 2025
2025-01-28 20:49:25,063 INFO c.h.h.t.HelmChartContainer - [hivemq-test-hivemq-platform] [hivemq-platform-operator] [6310f130] 20:49:25.061 [main] INFO  c.h.p.o.HiveMQPlatformOperatorApplication - HiveMQ Platform Operator is running in namespace: updateloglevelit-operator
2025-01-28 20:49:25,064 INFO c.h.h.t.HelmChartContainer - [hivemq-test-hivemq-platform] [hivemq-platform-operator] [6310f130] 20:49:25.061 [main] INFO  c.h.p.o.HiveMQPlatformOperatorApplication - Watching all namespaces
2025-01-28 20:49:25,064 INFO c.h.h.t.HelmChartContainer - [hivemq-test-hivemq-platform] [hivemq-platform-operator] [6310f130] 20:49:25.061 [main] INFO  c.h.p.o.HiveMQPlatformOperatorApplication - Log level: DEBUG
2025-01-28 20:49:25,064 INFO c.h.h.t.HelmChartContainer - [hivemq-test-hivemq-platform] [hivemq-platform-operator] [6310f130] 20:49:25.061 [main] INFO  c.h.p.o.HiveMQPlatformOperatorApplication - Release name: test-hivemq-platform-operator
2025-01-28 20:49:25,064 INFO c.h.h.t.HelmChartContainer - [hivemq-test-hivemq-platform] [hivemq-platform-operator] [6310f130] 20:49:25.061 [main] INFO  c.h.p.o.HiveMQPlatformOperatorApplication - HiveMQ Platform Operator Init image: docker.io/hivemq/hivemq-platform-operator-init-test:snapshot
2025-01-28 20:49:25,064 INFO c.h.h.t.HelmChartContainer - [hivemq-test-hivemq-platform] [hivemq-platform-operator] [6310f130] 20:49:25.062 [main] INFO  c.h.p.o.HiveMQPlatformOperatorApplication - HiveMQ Platform Operator Init App update URL: http://hivemq-platform-operator-test-hivemq-platform-operator.updateloglevelit-operator.svc:8080/initAppUpdate/hivemq-platform-operator-init-app-1.7.0-SNAPSHOT.jar
2025-01-28 20:49:25,064 INFO c.h.h.t.HelmChartContainer - [hivemq-test-hivemq-platform] [hivemq-platform-operator] [6310f130] 20:49:25.062 [main] INFO  c.h.p.o.HiveMQPlatformOperatorApplication - Additional imagePullSecret for all Platform deployments: none
2025-01-28 20:49:25,064 INFO c.h.h.t.HelmChartContainer - [hivemq-test-hivemq-platform] [hivemq-platform-operator] [6310f130] 20:49:25.062 [main] INFO  c.h.p.o.HiveMQPlatformOperatorApplication - Apply HiveMQ Platform CRD: true
2025-01-28 20:49:25,064 INFO c.h.h.t.HelmChartContainer - [hivemq-test-hivemq-platform] [hivemq-platform-operator] [6310f130] 20:49:25.062 [main] INFO  c.h.p.o.HiveMQPlatformOperatorApplication - Create Platform ServiceAccount: true
2025-01-28 20:49:25,064 INFO c.h.h.t.HelmChartContainer - [hivemq-test-hivemq-platform] [hivemq-platform-operator] [6310f130] 20:49:25.062 [main] INFO  c.h.p.o.HiveMQPlatformOperatorApplication - Create Platform ServiceAccount permissions: true
2025-01-28 20:49:25,064 INFO c.h.h.t.HelmChartContainer - [hivemq-test-hivemq-platform] [hivemq-platform-operator] [6310f130] 20:49:25.062 [main] INFO  c.h.p.o.HiveMQPlatformOperatorApplication - Validate Platform ServiceAccount: true
2025-01-28 20:49:25,064 INFO c.h.h.t.HelmChartContainer - [hivemq-test-hivemq-platform] [hivemq-platform-operator] [6310f130] 20:49:25.062 [main] INFO  c.h.p.o.HiveMQPlatformOperatorApplication - Validate Platform ServiceAccount permissions: true
2025-01-28 20:49:25,251 INFO c.h.h.t.HelmChartContainer - [hivemq-test-hivemq-platform] [hivemq-platform-operator] [6310f130] 20:49:25.250 [main] INFO  c.h.platform.operator.util.CRDUtil - Verifying deployed HiveMQ Platform CRD...
2025-01-28 20:49:27,661 INFO c.h.h.t.HelmChartContainer - [hivemq-test-hivemq-platform] [hivemq-platform-operator] [6310f130] 20:49:27.659 [main] DEBUG c.h.platform.operator.util.CRDUtil - HiveMQ Platform CRD version v1 is up to date
2025-01-28 20:49:27,661 INFO c.h.h.t.HelmChartContainer - [hivemq-test-hivemq-platform] [hivemq-platform-operator] [6310f130] 20:49:27.660 [main] INFO  c.h.platform.operator.util.CRDUtil - HiveMQ Platform CRD is up to date (version: V1_6_0)
2025-01-28 20:49:27,661 INFO c.h.h.t.HelmChartContainer - [hivemq-test-hivemq-platform] [hivemq-platform-operator] [6310f130] 20:49:27.660 [main] INFO  c.h.platform.operator.util.CRDUtil - Waiting 10000 ms for HiveMQ Platform CRD 'hivemq-platforms.hivemq.com' to become ready...
2025-01-28 20:49:27,957 INFO c.h.h.t.HelmChartContainer - [hivemq-test-hivemq-platform] [hivemq-platform-operator] [6310f130] 20:49:27.956 [vert.x-eventloop-thread-1] DEBUG c.h.platform.operator.util.CRDUtil - Checking CRD condition 'NamesAccepted' (status: 'True')
2025-01-28 20:49:27,958 INFO c.h.h.t.HelmChartContainer - [hivemq-test-hivemq-platform] [hivemq-platform-operator] [6310f130] 20:49:27.957 [vert.x-eventloop-thread-1] DEBUG c.h.platform.operator.util.CRDUtil - Checking CRD condition 'Established' (status: 'True')
2025-01-28 20:49:27,959 INFO c.h.h.t.HelmChartContainer - [hivemq-test-hivemq-platform] [hivemq-platform-operator] [6310f130] 20:49:27.958 [main] INFO  c.h.platform.operator.util.CRDUtil - HiveMQ Platform CRD 'hivemq-platforms.hivemq.com' is ready
2025-01-28 20:49:28,155 INFO c.h.h.t.HelmChartContainer - [hivemq-test-hivemq-platform] [hivemq-platform-operator] [6310f130] 20:49:28.154 [main] INFO  c.h.p.o.HiveMQPlatformReconciler - HiveMQ Platform Operator is starting...
2025-01-28 20:49:28,253 INFO c.h.h.t.HelmChartContainer - [hivemq-test-hivemq-platform] [hivemq-platform-operator] [6310f130] 20:49:28.252 [main] WARN  Default ConfigurationService implementation - Configuration for reconciler 'hivemq-controller' was not found. Known reconcilers: None.
2025-01-28 20:49:28,261 INFO c.h.h.t.HelmChartContainer - [hivemq-test-hivemq-platform] [hivemq-platform-operator] [6310f130] 20:49:28.260 [main] INFO  Default ConfigurationService implementation - Created configuration for reconciler com.hivemq.platform.operator.HiveMQPlatformReconciler with name hivemq-controller
2025-01-28 20:49:28,369 INFO c.h.h.t.HelmChartContainer - [hivemq-test-hivemq-platform] [hivemq-platform-operator] [6310f130] 20:49:28.368 [main] DEBUG c.h.p.o.HiveMQPlatformReconciler - HiveMQ Platform Operator is preparing EventSources
2025-01-28 20:49:28,460 INFO c.h.h.t.HelmChartContainer - [hivemq-test-hivemq-platform] [hivemq-platform-operator] [6310f130] 20:49:28.459 [main] INFO  i.javaoperatorsdk.operator.Operator - Registered reconciler: 'hivemq-controller' for resource: 'class com.hivemq.platform.operator.v1.HiveMQPlatform' for namespace(s): [all namespaces]
2025-01-28 20:49:29,071 INFO c.h.h.t.HelmChartContainer - [hivemq-test-hivemq-platform] [hivemq-platform-operator] [6310f130] 20:49:29.070 [main] INFO  c.h.p.operator.webserver.JettyServer - Starting Jetty server on port 8080
2025-01-28 20:49:29,168 INFO c.h.h.t.HelmChartContainer - [hivemq-test-hivemq-platform] [hivemq-platform-operator] [6310f130] 20:49:29.167 [main] INFO  i.javaoperatorsdk.operator.Operator - Operator SDK 4.9.7 (commit: 2133d28) built on Wed Nov 20 12:56:20 UTC 2024 starting...
2025-01-28 20:49:29,169 INFO c.h.h.t.HelmChartContainer - [hivemq-test-hivemq-platform] [hivemq-platform-operator] [6310f130] 20:49:29.167 [main] INFO  i.javaoperatorsdk.operator.Operator - Client version: 6.13.4
2025-01-28 20:49:29,170 INFO c.h.h.t.HelmChartContainer - [hivemq-test-hivemq-platform] [hivemq-platform-operator] [6310f130] 20:49:29.169 [Controller Starter for: hivemq-controller] INFO  i.j.operator.processing.Controller - Starting 'hivemq-controller' controller for reconciler: com.hivemq.platform.operator.HiveMQPlatformReconciler, resource: com.hivemq.platform.operator.v1.HiveMQPlatform
2025-01-28 20:49:31,457 INFO c.h.h.t.HelmChartContainer - [hivemq-test-hivemq-platform] [hivemq-platform-operator] [6310f130] 20:49:31.455 [Controller Starter for: hivemq-controller] INFO  i.j.operator.processing.Controller - 'hivemq-controller' controller started
2025-01-28 20:49:31,459 INFO c.h.h.t.HelmChartContainer - [hivemq-test-hivemq-platform] [hivemq-platform-operator] [6310f130] 20:49:31.457 [main] INFO  c.h.p.o.HiveMQPlatformOperatorApplication - HiveMQ Platform Operator 1.7.0-SNAPSHOT started in 6402 ms
2025-01-28 20:49:33,256 INFO c.h.h.t.HelmChartContainer - [POD] hivemq-test-hivemq-platform-operator-6966f96d65-ssdp8 [6310f130-588e-4921-9af3-df58310a7aa3] in updateloglevelit-operator was MODIFIED
2025-01-28 20:49:33,265 INFO c.h.h.t.HelmChartContainer - [K3S] [replica_set.go:679] "Finished syncing" kind="ReplicaSet" key="updateloglevelit-operator/hivemq-test-hivemq-platform-operator-6966f96d65" duration="11.911606ms"
2025-01-28 20:49:33,268 INFO c.h.h.t.HelmChartContainer - [K3S] [replica_set.go:679] "Finished syncing" kind="ReplicaSet" key="updateloglevelit-operator/hivemq-test-hivemq-platform-operator-6966f96d65" duration="36.157µs"
2025-01-28 20:49:33,966 INFO com.hivemq.helmcharts.util.K8sUtil - Pod 'hivemq-test-hivemq-platform-operator-6966f96d65-ssdp8' is ready
2025-01-28 20:49:34,024 DEBUG c.h.h.t.HelmChartContainer - Executing helm command: /bin/helm --kubeconfig /etc/rancher/k3s/k3s.yaml install test-hivemq-platform /charts/hivemq-platform --wait --timeout 5m0s --set image.repository=docker.io/hivemq --set image.tag=4.36.0 --set image.pullPolicy=Never --set nodes.resources.cpu=512m -f /files/platform-values.yaml --namespace updateloglevelit
2025-01-28 20:49:34,266 INFO c.h.h.t.HelmChartContainer - [hivemq-test-hivemq-platform] [hivemq-platform-operator] [6310f130] 20:49:34.263 [-373097727-pool-1-thread-3] WARN  i.m.p.PrometheusMeterRegistry - The meter (MeterId{name='operator.sdk.events.received', tags=[tag(action=ADDED),tag(event=ResourceEvent),tag(group=hivemq.com),tag(kind=HiveMQPlatform),tag(name=test-hivemq-platform),tag(namespace=updateloglevelit),tag(scope=namespace),tag(version=v1)]}) registration has failed: Prometheus requires that all meters with the same name have the same set of tag keys. There is already an existing meter named 'operator.sdk.events.received' containing tag keys [event, group, kind, name, namespace, scope, version]. The meter you are attempting to register has keys [action, event, group, kind, name, namespace, scope, version]. Note that subsequent logs will be logged at debug level.
2025-01-28 20:49:34,755 INFO c.h.h.t.HelmChartContainer - [hivemq-test-hivemq-platform] [hivemq-platform-operator] [6310f130] 20:49:34.754 [pool-6-thread-3] DEBUG c.h.p.o.dependants.PodInfoConfigMap - [updatelo] Desired PodInfo ConfigMap (1 extensions) (1 enabled)
2025-01-28 20:49:34,758 INFO c.h.h.t.HelmChartContainer - [hivemq-test-hivemq-platform] [hivemq-platform-operator] [6310f130] 20:49:34.755 [pool-6-thread-3] DEBUG c.h.p.o.dependants.PodInfoConfigMap - [updatelo] Desired PodInfo ConfigMap (metrics port: 9399) (metrics path: /)
2025-01-28 20:49:34,760 INFO c.h.h.t.HelmChartContainer - [hivemq-test-hivemq-platform] [hivemq-platform-operator] [6310f130] 20:49:34.755 [pool-6-thread-3] DEBUG c.h.p.o.dependants.PodInfoConfigMap - [updatelo] Desired PodInfo ConfigMap (extension state hash: -1817474005)
2025-01-28 20:49:34,760 INFO c.h.h.t.HelmChartContainer - [hivemq-test-hivemq-platform] [hivemq-platform-operator] [6310f130] 20:49:34.759 [pool-6-thread-3] DEBUG c.h.p.o.dependants.PodInfoConfigMap - [updatelo] Create PodInfo ConfigMap
2025-01-28 20:49:34,861 INFO c.h.h.t.HelmChartContainer - [hivemq-test-hivemq-platform] [hivemq-platform-operator] [6310f130] 20:49:34.860 [pool-6-thread-5] DEBUG c.h.p.o.dependants.PodRoleResource - [updatelo] Create Role: Role(apiVersion=rbac.authorization.k8s.io/v1, kind=Role, metadata=ObjectMeta(annotations={meta.helm.sh/release-name=test-hivemq-platform, meta.helm.sh/release-namespace=updateloglevelit}, creationTimestamp=null, deletionGracePeriodSeconds=null, deletionTimestamp=null, finalizers=[], generateName=null, generation=null, labels={helm.sh/chart=hivemq-platform-0.2.32, app.kubernetes.io/managed-by=Helm, app.kubernetes.io/name=hivemq-platform, hivemq-platform=test-hivemq-platform, app.kubernetes.io/instance=test-hivemq-platform, app.kubernetes.io/version=4.36.0}, managedFields=[], name=hivemq-platform-role-test-hivemq-platform, namespace=updateloglevelit, ownerReferences=[OwnerReference(apiVersion=hivemq.com/v1, blockOwnerDeletion=null, controller=null, kind=HiveMQPlatform, name=test-hivemq-platform, uid=fe414cf0-1d05-4216-a12e-557deaf6aa5a, additionalProperties={})], resourceVersion=null, selfLink=null, uid=null, additionalProperties={}), rules=[PolicyRule(apiGroups=[], nonResourceURLs=[], resourceNames=[], resources=[pods], verbs=[get, patch, update], additionalProperties={})], additionalProperties={})
2025-01-28 20:49:35,050 INFO c.h.h.t.HelmChartContainer - [hivemq-test-hivemq-platform] [hivemq-platform-operator] [6310f130] 20:49:35.049 [pool-6-thread-7] DEBUG c.h.p.o.d.PodServiceAccountResource - [updatelo] Desired PodServiceAccountResource (serviceAccountName: hivemq-platform-pod-test-hivemq-platform)
2025-01-28 20:49:35,052 INFO c.h.h.t.HelmChartContainer - [hivemq-test-hivemq-platform] [hivemq-platform-operator] [6310f130] 20:49:35.050 [pool-6-thread-7] DEBUG c.h.p.o.d.PodServiceAccountResource - [updatelo] Create ServiceAccount 'hivemq-platform-pod-test-hivemq-platform'
2025-01-28 20:49:35,154 INFO c.h.h.t.HelmChartContainer - [hivemq-test-hivemq-platform] [hivemq-platform-operator] [6310f130] 20:49:35.153 [pool-6-thread-10] DEBUG c.h.p.o.d.PodRoleBindingResource - [updatelo] Create RoleBinding: RoleBinding(apiVersion=rbac.authorization.k8s.io/v1, kind=RoleBinding, metadata=ObjectMeta(annotations={meta.helm.sh/release-name=test-hivemq-platform, meta.helm.sh/release-namespace=updateloglevelit}, creationTimestamp=null, deletionGracePeriodSeconds=null, deletionTimestamp=null, finalizers=[], generateName=null, generation=null, labels={helm.sh/chart=hivemq-platform-0.2.32, app.kubernetes.io/managed-by=Helm, app.kubernetes.io/name=hivemq-platform, hivemq-platform=test-hivemq-platform, app.kubernetes.io/instance=test-hivemq-platform, app.kubernetes.io/version=4.36.0}, managedFields=[], name=hivemq-platform-role-binding-test-hivemq-platform, namespace=updateloglevelit, ownerReferences=[OwnerReference(apiVersion=hivemq.com/v1, blockOwnerDeletion=null, controller=null, kind=HiveMQPlatform, name=test-hivemq-platform, uid=fe414cf0-1d05-4216-a12e-557deaf6aa5a, additionalProperties={})], resourceVersion=null, selfLink=null, uid=null, additionalProperties={}), roleRef=RoleRef(apiGroup=rbac.authorization.k8s.io, kind=Role, name=hivemq-platform-role-test-hivemq-platform, additionalProperties={}), subjects=[Subject(apiGroup=null, kind=ServiceAccount, name=hivemq-platform-pod-test-hivemq-platform, namespace=updateloglevelit, additionalProperties={})], additionalProperties={})
2025-01-28 20:49:35,251 INFO c.h.h.t.HelmChartContainer - [hivemq-test-hivemq-platform] [hivemq-platform-operator] [6310f130] 20:49:35.250 [ReconcilerExecutor-hivemq-controller-53] INFO  c.h.p.o.HiveMQPlatformReconciler - [updatelo] Reconciling HiveMQ Platform 'test-hivemq-platform' in namespace 'updateloglevelit'
2025-01-28 20:49:35,251 INFO c.h.h.t.HelmChartContainer - [hivemq-test-hivemq-platform] [hivemq-platform-operator] [6310f130] 20:49:35.250 [ReconcilerExecutor-hivemq-controller-53] DEBUG c.h.p.o.HiveMQPlatformReconciler - [updatelo] Custom Resource Status CREATED - HiveMQ Platform was created (READY)
2025-01-28 20:49:35,251 INFO c.h.h.t.HelmChartContainer - [hivemq-test-hivemq-platform] [hivemq-platform-operator] [6310f130] 20:49:35.250 [ReconcilerExecutor-hivemq-controller-53] DEBUG c.h.p.o.HiveMQPlatformReconciler - [updatelo] Custom Resource Spec (replicas: 1) (extensions: 1)
2025-01-28 20:49:35,255 INFO c.h.h.t.HelmChartContainer - [hivemq-test-hivemq-platform] [hivemq-platform-operator] [6310f130] 20:49:35.254 [ReconcilerExecutor-hivemq-controller-53] INFO  c.h.p.o.h.HiveMQPlatformReconcilerBaseHandler - [updatelo] HiveMQ Platform is starting
2025-01-28 20:49:35,360 INFO c.h.h.t.HelmChartContainer - [hivemq-test-hivemq-platform] [hivemq-platform-operator] [6310f130] 20:49:35.359 [ReconcilerExecutor-hivemq-controller-53] DEBUG c.h.p.operator.event.EventSender - [updatelo] Creating K8s event hivemq-platform-starting: [Start] HiveMQ Platform is starting
2025-01-28 20:49:35,369 INFO c.h.h.t.HelmChartContainer - [EVENT] Normal [Start] HiveMQ Platform is starting [updateloglevelit:test-hivemq-platform]
2025-01-28 20:49:35,453 INFO c.h.h.t.HelmChartContainer - [hivemq-test-hivemq-platform] [hivemq-platform-operator] [6310f130] 20:49:35.450 [ReconcilerExecutor-hivemq-controller-53] INFO  c.h.p.o.h.AbstractHiveMQReconcilerStateHandler - [updatelo] Update HiveMQ Platform Status (CREATED [READY] -> STARTING [READY]): HiveMQ Platform is starting
2025-01-28 20:49:35,466 DEBUG com.hivemq.helmcharts.util.K8sUtil - Comparing actual state 'STARTING' and waiting for 'RUNNING'
2025-01-28 20:49:35,557 INFO c.h.h.t.HelmChartContainer - [hivemq-test-hivemq-platform] [hivemq-platform-operator] [6310f130] 20:49:35.553 [pool-6-thread-12] DEBUG c.h.p.o.d.PlatformServiceResource - [updatelo] Desired Platform services (3 services)
2025-01-28 20:49:35,558 INFO c.h.h.t.HelmChartContainer - [hivemq-test-hivemq-platform] [hivemq-platform-operator] [6310f130] 20:49:35.557 [pool-6-thread-13] DEBUG c.h.p.o.dependants.PodInfoConfigMap - [updatelo] Desired PodInfo ConfigMap (1 extensions) (1 enabled)
2025-01-28 20:49:35,560 INFO c.h.h.t.HelmChartContainer - [hivemq-test-hivemq-platform] [hivemq-platform-operator] [6310f130] 20:49:35.557 [pool-6-thread-13] DEBUG c.h.p.o.dependants.PodInfoConfigMap - [updatelo] Desired PodInfo ConfigMap (metrics port: 9399) (metrics path: /)
2025-01-28 20:49:35,562 INFO c.h.h.t.HelmChartContainer - [hivemq-test-hivemq-platform] [hivemq-platform-operator] [6310f130] 20:49:35.560 [pool-6-thread-13] DEBUG c.h.p.o.dependants.PodInfoConfigMap - [updatelo] Desired PodInfo ConfigMap (extension state hash: -1817474005)
2025-01-28 20:49:35,627 INFO c.h.h.t.HelmChartContainer - [hivemq-test-hivemq-platform] [hivemq-platform-operator] [6310f130] 20:49:35.626 [pool-6-thread-17] DEBUG c.h.p.o.d.PodServiceAccountResource - [updatelo] Desired PodServiceAccountResource (serviceAccountName: hivemq-platform-pod-test-hivemq-platform)
2025-01-28 20:49:35,632 INFO c.h.h.t.HelmChartContainer - [K3S] [alloc.go:330] "allocated clusterIPs" service="updateloglevelit/hivemq-test-hivemq-platform-cc-8080" clusterIPs={"IPv4":"10.43.32.238"}
2025-01-28 20:49:35,656 INFO c.h.h.t.HelmChartContainer - [hivemq-test-hivemq-platform] [hivemq-platform-operator] [6310f130] 20:49:35.654 [pool-6-thread-13] DEBUG c.h.p.o.dependants.PodInfoConfigMap - [updatelo] Update PodInfo ConfigMap
2025-01-28 20:49:35,662 INFO c.h.h.t.HelmChartContainer - [K3S] [alloc.go:330] "allocated clusterIPs" service="updateloglevelit/hivemq-test-hivemq-platform-metrics-9399" clusterIPs={"IPv4":"10.43.24.16"}
2025-01-28 20:49:35,756 INFO c.h.h.t.HelmChartContainer - [K3S] [alloc.go:330] "allocated clusterIPs" service="updateloglevelit/hivemq-test-hivemq-platform-mqtt-1883" clusterIPs={"IPv4":"10.43.104.215"}
2025-01-28 20:49:35,765 INFO c.h.h.t.HelmChartContainer - [hivemq-test-hivemq-platform] [hivemq-platform-operator] [6310f130] 20:49:35.763 [pool-6-thread-20] DEBUG c.h.p.o.d.StatefulSetResource - [updatelo] Desired StatefulSet (1 replicas) for status STARTING (READY)
2025-01-28 20:49:35,857 INFO c.h.h.t.HelmChartContainer - [hivemq-test-hivemq-platform] [hivemq-platform-operator] [6310f130] 20:49:35.855 [pool-6-thread-20] DEBUG c.h.p.o.d.StatefulSetResource - [updatelo] Create StatefulSet
2025-01-28 20:49:35,884 INFO c.h.h.t.HelmChartContainer - [POD] test-hivemq-platform-0 [4943d4ac-ed12-4193-89d4-9c0c437608af] in updateloglevelit was ADDED
2025-01-28 20:49:35,886 INFO c.h.h.t.HelmChartContainer - [EVENT] Normal [SuccessfulCreate] create Pod test-hivemq-platform-0 in StatefulSet test-hivemq-platform successful [updateloglevelit:test-hivemq-platform]
2025-01-28 20:49:35,888 INFO c.h.h.t.HelmChartContainer - [POD] test-hivemq-platform-0 [4943d4ac-ed12-4193-89d4-9c0c437608af] in updateloglevelit was MODIFIED
2025-01-28 20:49:35,891 INFO c.h.h.t.HelmChartContainer - [EVENT] Normal [Scheduled] Successfully assigned updateloglevelit/test-hivemq-platform-0 to e242dccaa35f [updateloglevelit:test-hivemq-platform-0]
2025-01-28 20:49:35,898 INFO c.h.h.t.HelmChartContainer - [POD] test-hivemq-platform-0 [4943d4ac-ed12-4193-89d4-9c0c437608af] in updateloglevelit was MODIFIED
2025-01-28 20:49:35,943 INFO c.h.h.t.HelmChartContainer - [K3S] [reconciler_common.go:251] "operationExecutor.VerifyControllerAttachedVolume started for volume \"pod-info\" (UniqueName: \"kubernetes.io/configmap/4943d4ac-ed12-4193-89d4-9c0c437608af-pod-info\") pod \"test-hivemq-platform-0\" (UID: \"4943d4ac-ed12-4193-89d4-9c0c437608af\") " pod="updateloglevelit/test-hivemq-platform-0"
2025-01-28 20:49:35,944 INFO c.h.h.t.HelmChartContainer - [K3S] [reconciler_common.go:251] "operationExecutor.VerifyControllerAttachedVolume started for volume \"operator-init\" (UniqueName: \"kubernetes.io/empty-dir/4943d4ac-ed12-4193-89d4-9c0c437608af-operator-init\") pod \"test-hivemq-platform-0\" (UID: \"4943d4ac-ed12-4193-89d4-9c0c437608af\") " pod="updateloglevelit/test-hivemq-platform-0"
2025-01-28 20:49:35,944 INFO c.h.h.t.HelmChartContainer - [K3S] [reconciler_common.go:251] "operationExecutor.VerifyControllerAttachedVolume started for volume \"broker-configuration\" (UniqueName: \"kubernetes.io/configmap/4943d4ac-ed12-4193-89d4-9c0c437608af-broker-configuration\") pod \"test-hivemq-platform-0\" (UID: \"4943d4ac-ed12-4193-89d4-9c0c437608af\") " pod="updateloglevelit/test-hivemq-platform-0"
2025-01-28 20:49:35,944 INFO c.h.h.t.HelmChartContainer - [K3S] [reconciler_common.go:251] "operationExecutor.VerifyControllerAttachedVolume started for volume \"kube-api-access-49rlz\" (UniqueName: \"kubernetes.io/projected/4943d4ac-ed12-4193-89d4-9c0c437608af-kube-api-access-49rlz\") pod \"test-hivemq-platform-0\" (UID: \"4943d4ac-ed12-4193-89d4-9c0c437608af\") " pod="updateloglevelit/test-hivemq-platform-0"
2025-01-28 20:49:36,051 INFO c.h.h.t.HelmChartContainer - [hivemq-test-hivemq-platform] [hivemq-platform-operator] [6310f130] 20:49:36.049 [ReconcilerExecutor-hivemq-controller-64] INFO  c.h.p.o.HiveMQPlatformReconciler - [updatelo] Reconciling HiveMQ Platform 'test-hivemq-platform' in namespace 'updateloglevelit'
2025-01-28 20:49:36,051 INFO c.h.h.t.HelmChartContainer - [hivemq-test-hivemq-platform] [hivemq-platform-operator] [6310f130] 20:49:36.049 [ReconcilerExecutor-hivemq-controller-64] DEBUG c.h.p.o.HiveMQPlatformReconciler - [updatelo] Custom Resource Status STARTING - HiveMQ Platform is starting (READY)
2025-01-28 20:49:36,051 INFO c.h.h.t.HelmChartContainer - [hivemq-test-hivemq-platform] [hivemq-platform-operator] [6310f130] 20:49:36.049 [ReconcilerExecutor-hivemq-controller-64] DEBUG c.h.p.o.HiveMQPlatformReconciler - [updatelo] Custom Resource Spec (replicas: 1) (extensions: 1)
2025-01-28 20:49:36,053 INFO c.h.h.t.HelmChartContainer - [hivemq-test-hivemq-platform] [hivemq-platform-operator] [6310f130] 20:49:36.053 [ReconcilerExecutor-hivemq-controller-64] DEBUG c.h.p.o.HiveMQPlatformReconciler - [updatelo] StatefulSet Status (revision: test-hivemq-platform-b697f795f, replicas: 1, available: 0, ready: 0, current: 1, updated: 1)
2025-01-28 20:49:36,054 INFO c.h.h.t.HelmChartContainer - [hivemq-test-hivemq-platform] [hivemq-platform-operator] [6310f130] 20:49:36.053 [ReconcilerExecutor-hivemq-controller-64] DEBUG c.h.p.o.HiveMQPlatformReconciler - [updatelo] StatefulSet Spec (replicas: 1, init containers: 1, containers: 1, volumes: 3)
2025-01-28 20:49:36,127 INFO c.h.h.t.HelmChartContainer - [hivemq-test-hivemq-platform] [hivemq-platform-operator] [6310f130] 20:49:36.126 [ReconcilerExecutor-hivemq-controller-64] DEBUG c.h.p.o.h.HiveMQPlatformReconcilerErrorHandler - [updatelo] Pod 'test-hivemq-platform-0' phase Pending
2025-01-28 20:49:36,127 INFO c.h.h.t.HelmChartContainer - [hivemq-test-hivemq-platform] [hivemq-platform-operator] [6310f130] 20:49:36.126 [ReconcilerExecutor-hivemq-controller-64] DEBUG c.h.p.o.h.HiveMQPlatformReconcilerErrorHandler - [updatelo] Pod 'test-hivemq-platform-0' condition 'PodReadyToStartContainers': False
2025-01-28 20:49:36,128 INFO c.h.h.t.HelmChartContainer - [hivemq-test-hivemq-platform] [hivemq-platform-operator] [6310f130] 20:49:36.127 [ReconcilerExecutor-hivemq-controller-64] DEBUG c.h.p.o.h.HiveMQPlatformReconcilerErrorHandler - [updatelo] Pod 'test-hivemq-platform-0' condition 'Initialized': False
2025-01-28 20:49:36,128 INFO c.h.h.t.HelmChartContainer - [hivemq-test-hivemq-platform] [hivemq-platform-operator] [6310f130] 20:49:36.127 [ReconcilerExecutor-hivemq-controller-64] DEBUG c.h.p.o.h.HiveMQPlatformReconcilerErrorHandler - [updatelo] Pod 'test-hivemq-platform-0' condition 'Ready': False
2025-01-28 20:49:36,128 INFO c.h.h.t.HelmChartContainer - [hivemq-test-hivemq-platform] [hivemq-platform-operator] [6310f130] 20:49:36.127 [ReconcilerExecutor-hivemq-controller-64] DEBUG c.h.p.o.h.HiveMQPlatformReconcilerErrorHandler - [updatelo] Pod 'test-hivemq-platform-0' condition 'ContainersReady': False
2025-01-28 20:49:36,128 INFO c.h.h.t.HelmChartContainer - [hivemq-test-hivemq-platform] [hivemq-platform-operator] [6310f130] 20:49:36.127 [ReconcilerExecutor-hivemq-controller-64] DEBUG c.h.p.o.h.HiveMQPlatformReconcilerErrorHandler - [updatelo] Pod 'test-hivemq-platform-0' condition 'PodScheduled': True
2025-01-28 20:49:36,128 INFO c.h.h.t.HelmChartContainer - [hivemq-test-hivemq-platform] [hivemq-platform-operator] [6310f130] 20:49:36.127 [ReconcilerExecutor-hivemq-controller-64] DEBUG c.h.p.o.h.HiveMQPlatformReconcilerErrorHandler - [updatelo] Pod 'test-hivemq-platform-0' containerStatus 'hivemq' (started: false) (ready: false) (waiting: [PodInitializing] null)
2025-01-28 20:49:36,150 INFO c.h.h.t.HelmChartContainer - [hivemq-test-hivemq-platform] [hivemq-platform-operator] [6310f130] 20:49:36.150 [ReconcilerExecutor-hivemq-controller-64] INFO  c.h.p.o.h.HiveMQPlatformReconcilerBaseHandler - [updatelo] HiveMQ Platform is starting, 0 of 1 replicas are ready
2025-01-28 20:49:36,154 INFO c.h.h.t.HelmChartContainer - [hivemq-test-hivemq-platform] [hivemq-platform-operator] [6310f130] 20:49:36.154 [pool-6-thread-22] DEBUG c.h.p.o.d.PlatformServiceResource - [updatelo] Desired Platform services (3 services)
2025-01-28 20:49:36,157 INFO c.h.h.t.HelmChartContainer - [hivemq-test-hivemq-platform] [hivemq-platform-operator] [6310f130] 20:49:36.156 [pool-6-thread-23] DEBUG c.h.p.o.dependants.PodInfoConfigMap - [updatelo] Desired PodInfo ConfigMap (1 extensions) (1 enabled)
2025-01-28 20:49:36,157 INFO c.h.h.t.HelmChartContainer - [hivemq-test-hivemq-platform] [hivemq-platform-operator] [6310f130] 20:49:36.156 [pool-6-thread-23] DEBUG c.h.p.o.dependants.PodInfoConfigMap - [updatelo] Desired PodInfo ConfigMap (metrics port: 9399) (metrics path: /)
2025-01-28 20:49:36,157 INFO c.h.h.t.HelmChartContainer - [hivemq-test-hivemq-platform] [hivemq-platform-operator] [6310f130] 20:49:36.156 [pool-6-thread-23] DEBUG c.h.p.o.dependants.PodInfoConfigMap - [updatelo] Desired PodInfo ConfigMap (extension state hash: -1817474005)
2025-01-28 20:49:36,159 INFO c.h.h.t.HelmChartContainer - [hivemq-test-hivemq-platform] [hivemq-platform-operator] [6310f130] 20:49:36.158 [pool-6-thread-27] DEBUG c.h.p.o.d.PodServiceAccountResource - [updatelo] Desired PodServiceAccountResource (serviceAccountName: hivemq-platform-pod-test-hivemq-platform)
2025-01-28 20:49:36,252 INFO c.h.h.t.HelmChartContainer - [hivemq-test-hivemq-platform] [hivemq-platform-operator] [6310f130] 20:49:36.251 [pool-6-thread-30] DEBUG c.h.p.o.d.StatefulSetResource - [updatelo] Desired StatefulSet (1 replicas) for status STARTING (READY)
2025-01-28 20:49:36,260 INFO c.h.h.t.HelmChartContainer - [hivemq-test-hivemq-platform] [hivemq-platform-operator] [6310f130] 20:49:36.259 [ReconcilerExecutor-hivemq-controller-75] INFO  c.h.p.o.HiveMQPlatformReconciler - [updatelo] Reconciling HiveMQ Platform 'test-hivemq-platform' in namespace 'updateloglevelit'
2025-01-28 20:49:36,260 INFO c.h.h.t.HelmChartContainer - [hivemq-test-hivemq-platform] [hivemq-platform-operator] [6310f130] 20:49:36.259 [ReconcilerExecutor-hivemq-controller-75] DEBUG c.h.p.o.HiveMQPlatformReconciler - [updatelo] Custom Resource Status STARTING - HiveMQ Platform is starting (READY)
2025-01-28 20:49:36,261 INFO c.h.h.t.HelmChartContainer - [hivemq-test-hivemq-platform] [hivemq-platform-operator] [6310f130] 20:49:36.259 [ReconcilerExecutor-hivemq-controller-75] DEBUG c.h.p.o.HiveMQPlatformReconciler - [updatelo] Custom Resource Spec (replicas: 1) (extensions: 1)
2025-01-28 20:49:36,264 INFO c.h.h.t.HelmChartContainer - [hivemq-test-hivemq-platform] [hivemq-platform-operator] [6310f130] 20:49:36.264 [ReconcilerExecutor-hivemq-controller-75] DEBUG c.h.p.o.HiveMQPlatformReconciler - [updatelo] StatefulSet Status (revision: test-hivemq-platform-b697f795f, replicas: 1, available: 0, ready: 0, current: 1, updated: 1)
2025-01-28 20:49:36,265 INFO c.h.h.t.HelmChartContainer - [hivemq-test-hivemq-platform] [hivemq-platform-operator] [6310f130] 20:49:36.264 [ReconcilerExecutor-hivemq-controller-75] DEBUG c.h.p.o.HiveMQPlatformReconciler - [updatelo] StatefulSet Spec (replicas: 1, init containers: 1, containers: 1, volumes: 3)
2025-01-28 20:49:36,268 INFO c.h.h.t.HelmChartContainer - [hivemq-test-hivemq-platform] [hivemq-platform-operator] [6310f130] 20:49:36.268 [ReconcilerExecutor-hivemq-controller-75] DEBUG c.h.p.o.h.HiveMQPlatformReconcilerErrorHandler - [updatelo] Pod 'test-hivemq-platform-0' phase Pending
2025-01-28 20:49:36,269 INFO c.h.h.t.HelmChartContainer - [hivemq-test-hivemq-platform] [hivemq-platform-operator] [6310f130] 20:49:36.268 [ReconcilerExecutor-hivemq-controller-75] DEBUG c.h.p.o.h.HiveMQPlatformReconcilerErrorHandler - [updatelo] Pod 'test-hivemq-platform-0' condition 'PodReadyToStartContainers': False
2025-01-28 20:49:36,269 INFO c.h.h.t.HelmChartContainer - [hivemq-test-hivemq-platform] [hivemq-platform-operator] [6310f130] 20:49:36.269 [ReconcilerExecutor-hivemq-controller-75] DEBUG c.h.p.o.h.HiveMQPlatformReconcilerErrorHandler - [updatelo] Pod 'test-hivemq-platform-0' condition 'Initialized': False
2025-01-28 20:49:36,270 INFO c.h.h.t.HelmChartContainer - [hivemq-test-hivemq-platform] [hivemq-platform-operator] [6310f130] 20:49:36.270 [ReconcilerExecutor-hivemq-controller-75] DEBUG c.h.p.o.h.HiveMQPlatformReconcilerErrorHandler - [updatelo] Pod 'test-hivemq-platform-0' condition 'Ready': False
2025-01-28 20:49:36,271 INFO c.h.h.t.HelmChartContainer - [hivemq-test-hivemq-platform] [hivemq-platform-operator] [6310f130] 20:49:36.270 [ReconcilerExecutor-hivemq-controller-75] DEBUG c.h.p.o.h.HiveMQPlatformReconcilerErrorHandler - [updatelo] Pod 'test-hivemq-platform-0' condition 'ContainersReady': False
2025-01-28 20:49:36,271 INFO c.h.h.t.HelmChartContainer - [hivemq-test-hivemq-platform] [hivemq-platform-operator] [6310f130] 20:49:36.271 [ReconcilerExecutor-hivemq-controller-75] DEBUG c.h.p.o.h.HiveMQPlatformReconcilerErrorHandler - [updatelo] Pod 'test-hivemq-platform-0' condition 'PodScheduled': True
2025-01-28 20:49:36,272 INFO c.h.h.t.HelmChartContainer - [hivemq-test-hivemq-platform] [hivemq-platform-operator] [6310f130] 20:49:36.271 [ReconcilerExecutor-hivemq-controller-75] DEBUG c.h.p.o.h.HiveMQPlatformReconcilerErrorHandler - [updatelo] Pod 'test-hivemq-platform-0' containerStatus 'hivemq' (started: false) (ready: false) (waiting: [PodInitializing] null)
2025-01-28 20:49:36,273 INFO c.h.h.t.HelmChartContainer - [hivemq-test-hivemq-platform] [hivemq-platform-operator] [6310f130] 20:49:36.273 [ReconcilerExecutor-hivemq-controller-75] INFO  c.h.p.o.h.HiveMQPlatformReconcilerBaseHandler - [updatelo] HiveMQ Platform is starting, 0 of 1 replicas are ready
2025-01-28 20:49:36,290 INFO c.h.h.t.HelmChartContainer - [EVENT] Normal [Pulled] Container image "docker.io/hivemq/hivemq-platform-operator-init-test:snapshot" already present on machine [updateloglevelit:test-hivemq-platform-0]
2025-01-28 20:49:36,419 INFO c.h.h.t.HelmChartContainer - [EVENT] Normal [Created] Created container: hivemq-platform-operator-init [updateloglevelit:test-hivemq-platform-0]
2025-01-28 20:49:36,461 INFO c.h.h.t.HelmChartContainer - [EVENT] Normal [Started] Started container hivemq-platform-operator-init [updateloglevelit:test-hivemq-platform-0]
2025-01-28 20:49:37,265 INFO c.h.h.t.HelmChartContainer - [EVENT] Normal [Pulled] Container image "docker.io/hivemq/hivemq4:4.36.0" already present on machine [updateloglevelit:test-hivemq-platform-0]
2025-01-28 20:49:37,265 INFO c.h.h.t.HelmChartContainer - Received Pulled event for container hivemq in pod test-hivemq-platform-0 [4943d4ac-ed12-4193-89d4-9c0c437608af]
2025-01-28 20:49:37,271 INFO c.h.h.t.HelmChartContainer - [POD] test-hivemq-platform-0 [4943d4ac-ed12-4193-89d4-9c0c437608af] in updateloglevelit was MODIFIED
2025-01-28 20:49:37,284 INFO c.h.h.t.HelmChartContainer - [hivemq-test-hivemq-platform] [hivemq-platform-operator] [6310f130] 20:49:37.282 [pool-6-thread-32] DEBUG c.h.p.o.d.PlatformServiceResource - [updatelo] Desired Platform services (3 services)
2025-01-28 20:49:37,296 INFO c.h.h.t.HelmChartContainer - [hivemq-test-hivemq-platform] [hivemq-platform-operator] [6310f130] 20:49:37.294 [pool-6-thread-33] DEBUG c.h.p.o.dependants.PodInfoConfigMap - [updatelo] Desired PodInfo ConfigMap (1 extensions) (1 enabled)
2025-01-28 20:49:37,302 INFO c.h.h.t.HelmChartContainer - [hivemq-test-hivemq-platform] [hivemq-platform-operator] [6310f130] 20:49:37.296 [pool-6-thread-33] DEBUG c.h.p.o.dependants.PodInfoConfigMap - [updatelo] Desired PodInfo ConfigMap (metrics port: 9399) (metrics path: /)
2025-01-28 20:49:37,302 INFO c.h.h.t.HelmChartContainer - [hivemq-test-hivemq-platform] [hivemq-platform-operator] [6310f130] 20:49:37.296 [pool-6-thread-33] DEBUG c.h.p.o.dependants.PodInfoConfigMap - [updatelo] Desired PodInfo ConfigMap (extension state hash: -1817474005)
2025-01-28 20:49:37,302 INFO c.h.h.t.HelmChartContainer - [hivemq-test-hivemq-platform] [hivemq-platform-operator] [6310f130] 20:49:37.298 [pool-6-thread-37] DEBUG c.h.p.o.d.PodServiceAccountResource - [updatelo] Desired PodServiceAccountResource (serviceAccountName: hivemq-platform-pod-test-hivemq-platform)
2025-01-28 20:49:37,355 INFO c.h.h.t.HelmChartContainer - [hivemq-test-hivemq-platform] [hivemq-platform-operator] [6310f130] 20:49:37.353 [pool-6-thread-40] DEBUG c.h.p.o.d.StatefulSetResource - [updatelo] Desired StatefulSet (1 replicas) for status STARTING (READY)
2025-01-28 20:49:37,361 INFO c.h.h.t.HelmChartContainer - [hivemq-test-hivemq-platform] [hivemq-platform-operator] [6310f130] 20:49:37.359 [ReconcilerExecutor-hivemq-controller-86] INFO  c.h.p.o.HiveMQPlatformReconciler - [updatelo] Reconciling HiveMQ Platform 'test-hivemq-platform' in namespace 'updateloglevelit'
2025-01-28 20:49:37,361 INFO c.h.h.t.HelmChartContainer - [hivemq-test-hivemq-platform] [hivemq-platform-operator] [6310f130] 20:49:37.359 [ReconcilerExecutor-hivemq-controller-86] DEBUG c.h.p.o.HiveMQPlatformReconciler - [updatelo] Custom Resource Status STARTING - HiveMQ Platform is starting (READY)
2025-01-28 20:49:37,361 INFO c.h.h.t.HelmChartContainer - [hivemq-test-hivemq-platform] [hivemq-platform-operator] [6310f130] 20:49:37.359 [ReconcilerExecutor-hivemq-controller-86] DEBUG c.h.p.o.HiveMQPlatformReconciler - [updatelo] Custom Resource Spec (replicas: 1) (extensions: 1)
2025-01-28 20:49:37,364 INFO c.h.h.t.HelmChartContainer - [hivemq-test-hivemq-platform] [hivemq-platform-operator] [6310f130] 20:49:37.362 [ReconcilerExecutor-hivemq-controller-86] DEBUG c.h.p.o.HiveMQPlatformReconciler - [updatelo] StatefulSet Status (revision: test-hivemq-platform-b697f795f, replicas: 1, available: 0, ready: 0, current: 1, updated: 1)
2025-01-28 20:49:37,364 INFO c.h.h.t.HelmChartContainer - [hivemq-test-hivemq-platform] [hivemq-platform-operator] [6310f130] 20:49:37.362 [ReconcilerExecutor-hivemq-controller-86] DEBUG c.h.p.o.HiveMQPlatformReconciler - [updatelo] StatefulSet Spec (replicas: 1, init containers: 1, containers: 1, volumes: 3)
2025-01-28 20:49:37,367 INFO c.h.h.t.HelmChartContainer - [hivemq-test-hivemq-platform] [hivemq-platform-operator] [6310f130] 20:49:37.366 [ReconcilerExecutor-hivemq-controller-86] DEBUG c.h.p.o.h.HiveMQPlatformReconcilerErrorHandler - [updatelo] Pod 'test-hivemq-platform-0' phase Pending
2025-01-28 20:49:37,368 INFO c.h.h.t.HelmChartContainer - [hivemq-test-hivemq-platform] [hivemq-platform-operator] [6310f130] 20:49:37.367 [ReconcilerExecutor-hivemq-controller-86] DEBUG c.h.p.o.h.HiveMQPlatformReconcilerErrorHandler - [updatelo] Pod 'test-hivemq-platform-0' condition 'PodReadyToStartContainers': True
2025-01-28 20:49:37,369 INFO c.h.h.t.HelmChartContainer - [hivemq-test-hivemq-platform] [hivemq-platform-operator] [6310f130] 20:49:37.367 [ReconcilerExecutor-hivemq-controller-86] DEBUG c.h.p.o.h.HiveMQPlatformReconcilerErrorHandler - [updatelo] Pod 'test-hivemq-platform-0' condition 'Initialized': True
2025-01-28 20:49:37,369 INFO c.h.h.t.HelmChartContainer - [hivemq-test-hivemq-platform] [hivemq-platform-operator] [6310f130] 20:49:37.367 [ReconcilerExecutor-hivemq-controller-86] DEBUG c.h.p.o.h.HiveMQPlatformReconcilerErrorHandler - [updatelo] Pod 'test-hivemq-platform-0' condition 'Ready': False
2025-01-28 20:49:37,369 INFO c.h.h.t.HelmChartContainer - [hivemq-test-hivemq-platform] [hivemq-platform-operator] [6310f130] 20:49:37.367 [ReconcilerExecutor-hivemq-controller-86] DEBUG c.h.p.o.h.HiveMQPlatformReconcilerErrorHandler - [updatelo] Pod 'test-hivemq-platform-0' condition 'ContainersReady': False
2025-01-28 20:49:37,369 INFO c.h.h.t.HelmChartContainer - [hivemq-test-hivemq-platform] [hivemq-platform-operator] [6310f130] 20:49:37.367 [ReconcilerExecutor-hivemq-controller-86] DEBUG c.h.p.o.h.HiveMQPlatformReconcilerErrorHandler - [updatelo] Pod 'test-hivemq-platform-0' condition 'PodScheduled': True
2025-01-28 20:49:37,369 INFO c.h.h.t.HelmChartContainer - [hivemq-test-hivemq-platform] [hivemq-platform-operator] [6310f130] 20:49:37.367 [ReconcilerExecutor-hivemq-controller-86] DEBUG c.h.p.o.h.HiveMQPlatformReconcilerErrorHandler - [updatelo] Pod 'test-hivemq-platform-0' containerStatus 'hivemq' (started: false) (ready: false) (waiting: [PodInitializing] null)
2025-01-28 20:49:37,371 INFO c.h.h.t.HelmChartContainer - [hivemq-test-hivemq-platform] [hivemq-platform-operator] [6310f130] 20:49:37.368 [ReconcilerExecutor-hivemq-controller-86] INFO  c.h.p.o.h.HiveMQPlatformReconcilerBaseHandler - [updatelo] HiveMQ Platform is starting, 0 of 1 replicas are ready
2025-01-28 20:49:38,430 INFO c.h.h.t.HelmChartContainer - [EVENT] Normal [Created] Created container: hivemq [updateloglevelit:test-hivemq-platform-0]
2025-01-28 20:49:38,431 INFO c.h.h.t.HelmChartContainer - Received Created event for container hivemq in pod test-hivemq-platform-0 [4943d4ac-ed12-4193-89d4-9c0c437608af]
2025-01-28 20:49:39,280 INFO c.h.h.t.HelmChartContainer - [POD] test-hivemq-platform-0 [4943d4ac-ed12-4193-89d4-9c0c437608af] in updateloglevelit was MODIFIED
2025-01-28 20:49:39,295 INFO c.h.h.t.HelmChartContainer - Started log watcher for hivemq in pod test-hivemq-platform-0 [4943d4ac-ed12-4193-89d4-9c0c437608af]
2025-01-28 20:49:39,295 INFO c.h.h.t.HelmChartContainer - [EVENT] Normal [Started] Started container hivemq [updateloglevelit:test-hivemq-platform-0]
2025-01-28 20:49:39,296 INFO c.h.h.t.HelmChartContainer - Received Started event for container hivemq in pod test-hivemq-platform-0 [4943d4ac-ed12-4193-89d4-9c0c437608af]
2025-01-28 20:49:39,299 INFO c.h.h.t.HelmChartContainer - [hivemq-test-hivemq-platform] [hivemq-platform-operator] [6310f130] 20:49:39.293 [pool-6-thread-42] DEBUG c.h.p.o.d.PlatformServiceResource - [updatelo] Desired Platform services (3 services)
2025-01-28 20:49:39,300 INFO c.h.h.t.HelmChartContainer - [test-hivemq-platform] [hivemq] [4943d4ac] Adding pre-installed HiveMQ Platform Operator extensions
2025-01-28 20:49:39,300 INFO c.h.h.t.HelmChartContainer - [test-hivemq-platform] [hivemq] [4943d4ac] Running as user 10000
2025-01-28 20:49:39,300 INFO c.h.h.t.HelmChartContainer - [test-hivemq-platform] [hivemq] [4943d4ac] Starting HiveMQ Platform Operator Init
2025-01-28 20:49:39,300 INFO c.h.h.t.HelmChartContainer - [hivemq-test-hivemq-platform] [hivemq-platform-operator] [6310f130] 20:49:39.299 [pool-6-thread-43] DEBUG c.h.p.o.dependants.PodInfoConfigMap - [updatelo] Desired PodInfo ConfigMap (1 extensions) (1 enabled)
2025-01-28 20:49:39,302 INFO c.h.h.t.HelmChartContainer - [hivemq-test-hivemq-platform] [hivemq-platform-operator] [6310f130] 20:49:39.302 [pool-6-thread-43] DEBUG c.h.p.o.dependants.PodInfoConfigMap - [updatelo] Desired PodInfo ConfigMap (metrics port: 9399) (metrics path: /)
2025-01-28 20:49:39,303 INFO c.h.h.t.HelmChartContainer - [hivemq-test-hivemq-platform] [hivemq-platform-operator] [6310f130] 20:49:39.302 [pool-6-thread-43] DEBUG c.h.p.o.dependants.PodInfoConfigMap - [updatelo] Desired PodInfo ConfigMap (extension state hash: -1817474005)
2025-01-28 20:49:39,350 INFO c.h.h.t.HelmChartContainer - [hivemq-test-hivemq-platform] [hivemq-platform-operator] [6310f130] 20:49:39.301 [pool-6-thread-47] DEBUG c.h.p.o.d.PodServiceAccountResource - [updatelo] Desired PodServiceAccountResource (serviceAccountName: hivemq-platform-pod-test-hivemq-platform)
2025-01-28 20:49:39,353 INFO c.h.h.t.HelmChartContainer - [hivemq-test-hivemq-platform] [hivemq-platform-operator] [6310f130] 20:49:39.353 [pool-6-thread-50] DEBUG c.h.p.o.d.StatefulSetResource - [updatelo] Desired StatefulSet (1 replicas) for status STARTING (READY)
2025-01-28 20:49:39,358 INFO c.h.h.t.HelmChartContainer - [hivemq-test-hivemq-platform] [hivemq-platform-operator] [6310f130] 20:49:39.357 [ReconcilerExecutor-hivemq-controller-97] INFO  c.h.p.o.HiveMQPlatformReconciler - [updatelo] Reconciling HiveMQ Platform 'test-hivemq-platform' in namespace 'updateloglevelit'
2025-01-28 20:49:39,361 INFO c.h.h.t.HelmChartContainer - [hivemq-test-hivemq-platform] [hivemq-platform-operator] [6310f130] 20:49:39.357 [ReconcilerExecutor-hivemq-controller-97] DEBUG c.h.p.o.HiveMQPlatformReconciler - [updatelo] Custom Resource Status STARTING - HiveMQ Platform is starting (READY)
2025-01-28 20:49:39,365 INFO c.h.h.t.HelmChartContainer - [hivemq-test-hivemq-platform] [hivemq-platform-operator] [6310f130] 20:49:39.357 [ReconcilerExecutor-hivemq-controller-97] DEBUG c.h.p.o.HiveMQPlatformReconciler - [updatelo] Custom Resource Spec (replicas: 1) (extensions: 1)
2025-01-28 20:49:39,365 INFO c.h.h.t.HelmChartContainer - [hivemq-test-hivemq-platform] [hivemq-platform-operator] [6310f130] 20:49:39.360 [ReconcilerExecutor-hivemq-controller-97] DEBUG c.h.p.o.HiveMQPlatformReconciler - [updatelo] StatefulSet Status (revision: test-hivemq-platform-b697f795f, replicas: 1, available: 0, ready: 0, current: 1, updated: 1)
2025-01-28 20:49:39,365 INFO c.h.h.t.HelmChartContainer - [hivemq-test-hivemq-platform] [hivemq-platform-operator] [6310f130] 20:49:39.360 [ReconcilerExecutor-hivemq-controller-97] DEBUG c.h.p.o.HiveMQPlatformReconciler - [updatelo] StatefulSet Spec (replicas: 1, init containers: 1, containers: 1, volumes: 3)
2025-01-28 20:49:39,365 INFO c.h.h.t.HelmChartContainer - [hivemq-test-hivemq-platform] [hivemq-platform-operator] [6310f130] 20:49:39.363 [ReconcilerExecutor-hivemq-controller-97] DEBUG c.h.p.o.h.HiveMQPlatformReconcilerErrorHandler - [updatelo] Pod 'test-hivemq-platform-0' phase Running
2025-01-28 20:49:39,365 INFO c.h.h.t.HelmChartContainer - [hivemq-test-hivemq-platform] [hivemq-platform-operator] [6310f130] 20:49:39.364 [ReconcilerExecutor-hivemq-controller-97] INFO  c.h.p.o.h.HiveMQPlatformReconcilerBaseHandler - [updatelo] HiveMQ Platform is starting, 0 of 1 replicas are ready
2025-01-28 20:49:39,699 INFO c.h.h.t.HelmChartContainer - [test-hivemq-platform] [hivemq] [4943d4ac] INFO  - [HiveMQ Platform Operator Init 1.7.0-SNAPSHOT] HiveMQ Platform Operator Init 1.7.0-SNAPSHOT (commit: bebf408 on branch: HEAD) built on Sun Jan 26 20:47:47 UTC 2025
2025-01-28 20:49:40,893 INFO c.h.h.t.HelmChartContainer - [test-hivemq-platform] [hivemq] [4943d4ac] INFO  - [HiveMQ Platform Operator Init App 1.7.0-SNAPSHOT] Using bind address 10.42.0.16 from environment variable
2025-01-28 20:49:41,707 INFO c.h.h.t.HelmChartContainer - [test-hivemq-platform] [hivemq] [4943d4ac] INFO  - [HiveMQ Platform Operator Init App 1.7.0-SNAPSHOT] HiveMQ Platform Operator Init App 1.7.0-SNAPSHOT (commit: bebf408 on branch: HEAD) built on Sun Jan 26 20:47:47 UTC 2025
2025-01-28 20:49:41,708 INFO c.h.h.t.HelmChartContainer - [test-hivemq-platform] [hivemq] [4943d4ac] INFO  - [HiveMQ Platform Operator Init App 1.7.0-SNAPSHOT] PodInfo ConfigMap directory: /etc/podinfo
2025-01-28 20:49:41,708 INFO c.h.h.t.HelmChartContainer - [test-hivemq-platform] [hivemq] [4943d4ac] INFO  - [HiveMQ Platform Operator Init App 1.7.0-SNAPSHOT] HiveMQ home directory: /opt/hivemq
2025-01-28 20:49:41,708 INFO c.h.h.t.HelmChartContainer - [test-hivemq-platform] [hivemq] [4943d4ac] INFO  - [HiveMQ Platform Operator Init App 1.7.0-SNAPSHOT] HiveMQ Logback folder: /opt/hivemq/conf
2025-01-28 20:49:41,708 INFO c.h.h.t.HelmChartContainer - [test-hivemq-platform] [hivemq] [4943d4ac] INFO  - [HiveMQ Platform Operator Init App 1.7.0-SNAPSHOT] HiveMQ Config folder: /opt/hivemq/conf-k8s
2025-01-28 20:49:41,708 INFO c.h.h.t.HelmChartContainer - [test-hivemq-platform] [hivemq] [4943d4ac] INFO  - [HiveMQ Platform Operator Init App 1.7.0-SNAPSHOT] Starting HiveMQ Platform Operator Init App
2025-01-28 20:49:41,708 INFO c.h.h.t.HelmChartContainer - [test-hivemq-platform] [hivemq] [4943d4ac] INFO  - [HiveMQ Platform Operator Init App 1.7.0-SNAPSHOT] Starting Pod reconciler
2025-01-28 20:49:42,904 INFO c.h.h.t.HelmChartContainer - [test-hivemq-platform] [hivemq] [4943d4ac] INFO  - [HiveMQ Platform Operator Init App 1.7.0-SNAPSHOT] Pod reconciler is scheduled (interval: 5000 ms)
2025-01-28 20:49:42,905 INFO c.h.h.t.HelmChartContainer - [test-hivemq-platform] [hivemq] [4943d4ac] INFO  - [HiveMQ Platform Operator Init App 1.7.0-SNAPSHOT] Starting the REST API on 10.42.0.16:7979
2025-01-28 20:49:42,907 INFO c.h.h.t.HelmChartContainer - [test-hivemq-platform] [hivemq] [4943d4ac] INFO  - [HiveMQ Platform Operator Init App 1.7.0-SNAPSHOT] Waiting up to 600s for at most 1 HiveMQ nodes in cluster service hivemq-test-hivemq-platform-cluster.updateloglevelit.svc
2025-01-28 20:49:43,300 INFO c.h.h.t.HelmChartContainer - [test-hivemq-platform] [hivemq] [4943d4ac] INFO  - [HiveMQ Platform Operator Init App 1.7.0-SNAPSHOT] Resolved 1 IP addresses: [10.42.0.16]
2025-01-28 20:49:43,300 INFO c.h.h.t.HelmChartContainer - [test-hivemq-platform] [hivemq] [4943d4ac] INFO  - [HiveMQ Platform Operator Init App 1.7.0-SNAPSHOT] HiveMQ node count of 1 is within threshold of 1
2025-01-28 20:49:43,300 INFO c.h.h.t.HelmChartContainer - [test-hivemq-platform] [hivemq] [4943d4ac] INFO  - [HiveMQ Platform Operator Init App 1.7.0-SNAPSHOT] Proceeding with container start
2025-01-28 20:49:43,381 INFO c.h.h.t.HelmChartContainer - [test-hivemq-platform] [hivemq] [4943d4ac] INFO  - [HiveMQ Platform Operator Init App 1.7.0-SNAPSHOT] Initializing HiveMQ Platform extensions with initial configuration: {hivemq-allow-all-extension={start-priority=-1, skip-https-hostname-verification=false, restart=true, config-version=0, header-version=0, c-uri=, priority=-1, uri=preinstalled, skip-https-certificate-validation=false, enabled=true}, hivemq-prometheus-extension={skip-https-hostname-verification=false, skip-https-certificate-validation=false, uri=preinstalled, request-header-path=no-request-headers, enabled=true, restart=true, priority=-1, start-priority=-1, c-uri=}}
2025-01-28 20:49:43,796 INFO c.h.h.t.HelmChartContainer - [test-hivemq-platform] [hivemq] [4943d4ac] INFO  - [HiveMQ Platform Operator Init App 1.7.0-SNAPSHOT] Extension hivemq-allow-all-extension was already enabled
2025-01-28 20:49:43,877 INFO c.h.h.t.HelmChartContainer - [test-hivemq-platform] [hivemq] [4943d4ac] INFO  - [HiveMQ Platform Operator Init App 1.7.0-SNAPSHOT] Successfully enabled extension hivemq-prometheus-extension
2025-01-28 20:49:43,892 INFO c.h.h.t.HelmChartContainer - [test-hivemq-platform] [hivemq] [4943d4ac] INFO  - [HiveMQ Platform Operator Init App 1.7.0-SNAPSHOT] Starting HiveMQ Platform version 4.36.0 (4.36.0)
2025-01-28 20:49:43,892 INFO c.h.h.t.HelmChartContainer - [test-hivemq-platform] [hivemq] [4943d4ac] INFO  - [HiveMQ Platform Operator Init App 1.7.0-SNAPSHOT] Configuring the HiveMQ Platform
2025-01-28 20:49:43,901 INFO c.h.h.t.HelmChartContainer - [test-hivemq-platform] [hivemq] [4943d4ac] INFO  - [HiveMQ Platform Operator Init App 1.7.0-SNAPSHOT] Changed logback.xml file scan period to 20 seconds
2025-01-28 20:49:43,994 INFO c.h.h.t.HelmChartContainer - [test-hivemq-platform] [hivemq] [4943d4ac] INFO  - [HiveMQ Platform Operator Init App 1.7.0-SNAPSHOT] Starting the HiveMQ Platform
2025-01-28 20:49:43,996 INFO c.h.h.t.HelmChartContainer - [test-hivemq-platform] [hivemq] [4943d4ac] -------------------------------------------------------------------------
2025-01-28 20:49:43,998 INFO c.h.h.t.HelmChartContainer - [test-hivemq-platform] [hivemq] [4943d4ac] 
2025-01-28 20:49:43,998 INFO c.h.h.t.HelmChartContainer - [test-hivemq-platform] [hivemq] [4943d4ac]                   _    _  _              __  __   ____
2025-01-28 20:49:43,998 INFO c.h.h.t.HelmChartContainer - [test-hivemq-platform] [hivemq] [4943d4ac]                  | |  | |(_)            |  \/  | / __ \
2025-01-28 20:49:43,998 INFO c.h.h.t.HelmChartContainer - [test-hivemq-platform] [hivemq] [4943d4ac]                  | |__| | _ __   __ ___ | \  / || |  | |
2025-01-28 20:49:43,998 INFO c.h.h.t.HelmChartContainer - [test-hivemq-platform] [hivemq] [4943d4ac]                  |  __  || |\ \ / // _ \| |\/| || |  | |
2025-01-28 20:49:43,998 INFO c.h.h.t.HelmChartContainer - [test-hivemq-platform] [hivemq] [4943d4ac]                  | |  | || | \ V /|  __/| |  | || |__| |
2025-01-28 20:49:43,998 INFO c.h.h.t.HelmChartContainer - [test-hivemq-platform] [hivemq] [4943d4ac]                  |_|  |_||_|  \_/  \___||_|  |_| \___\_\
2025-01-28 20:49:43,998 INFO c.h.h.t.HelmChartContainer - [test-hivemq-platform] [hivemq] [4943d4ac] 
2025-01-28 20:49:43,998 INFO c.h.h.t.HelmChartContainer - [test-hivemq-platform] [hivemq] [4943d4ac] -------------------------------------------------------------------------
2025-01-28 20:49:43,998 INFO c.h.h.t.HelmChartContainer - [test-hivemq-platform] [hivemq] [4943d4ac] 
2025-01-28 20:49:43,998 INFO c.h.h.t.HelmChartContainer - [test-hivemq-platform] [hivemq] [4943d4ac]   HiveMQ Start Script for Linux/Unix v1.14
2025-01-28 20:49:43,998 INFO c.h.h.t.HelmChartContainer - [test-hivemq-platform] [hivemq] [4943d4ac] 
2025-01-28 20:49:44,083 INFO c.h.h.t.HelmChartContainer - [test-hivemq-platform] [hivemq] [4943d4ac] -------------------------------------------------------------------------
2025-01-28 20:49:44,083 INFO c.h.h.t.HelmChartContainer - [test-hivemq-platform] [hivemq] [4943d4ac] 
2025-01-28 20:49:44,083 INFO c.h.h.t.HelmChartContainer - [test-hivemq-platform] [hivemq] [4943d4ac]   HIVEMQ_HOME: /opt/hivemq
2025-01-28 20:49:44,083 INFO c.h.h.t.HelmChartContainer - [test-hivemq-platform] [hivemq] [4943d4ac] 
2025-01-28 20:49:44,083 INFO c.h.h.t.HelmChartContainer - [test-hivemq-platform] [hivemq] [4943d4ac]   JAVA_OPTS: -XX:+UnlockExperimentalVMOptions -XX:InitialRAMPercentage=50 -XX:MaxRAMPercentage=50 -Djava.net.preferIPv4Stack=true --add-opens java.base/java.lang=ALL-UNNAMED --add-opens java.base/java.nio=ALL-UNNAMED --add-opens java.base/sun.nio.ch=ALL-UNNAMED --add-opens jdk.management/com.sun.management.internal=ALL-UNNAMED --add-exports java.base/jdk.internal.misc=ALL-UNNAMED -Djava.security.egd=file:/dev/./urandom -Dcom.sun.management.jmxremote -Dcom.sun.management.jmxremote.port=9010 -Dcom.sun.management.jmxremote.local.only=false -Dcom.sun.management.jmxremote.authenticate=false -Dcom.sun.management.jmxremote.ssl=false -Duser.language=en -Duser.region=US -XX:+CrashOnOutOfMemoryError -XX:+HeapDumpOnOutOfMemoryError
2025-01-28 20:49:44,083 INFO c.h.h.t.HelmChartContainer - [test-hivemq-platform] [hivemq] [4943d4ac] 
2025-01-28 20:49:44,083 INFO c.h.h.t.HelmChartContainer - [test-hivemq-platform] [hivemq] [4943d4ac]   JAVA_VERSION: 21
2025-01-28 20:49:44,083 INFO c.h.h.t.HelmChartContainer - [test-hivemq-platform] [hivemq] [4943d4ac] 
2025-01-28 20:49:44,091 INFO c.h.h.t.HelmChartContainer - [test-hivemq-platform] [hivemq] [4943d4ac] -------------------------------------------------------------------------
2025-01-28 20:49:44,091 INFO c.h.h.t.HelmChartContainer - [test-hivemq-platform] [hivemq] [4943d4ac] 
2025-01-28 20:49:45,280 INFO c.h.h.t.HelmChartContainer - [test-hivemq-platform] [hivemq] [4943d4ac] INFO  - [HiveMQ Platform Operator Init App 1.7.0-SNAPSHOT] Returning default Health API response 503 for readiness
2025-01-28 20:49:45,583 INFO c.h.h.t.HelmChartContainer - [EVENT] Warning [Unhealthy] Readiness probe failed: HTTP probe failed with statuscode: 503 [updateloglevelit:test-hivemq-platform-0]
2025-01-28 20:49:45,583 INFO c.h.h.t.HelmChartContainer - Received Unhealthy event for container hivemq in pod test-hivemq-platform-0 [4943d4ac-ed12-4193-89d4-9c0c437608af]
2025-01-28 20:49:46,693 INFO c.h.h.t.HelmChartContainer - [test-hivemq-platform] [hivemq] [4943d4ac] INFO  - Starting HiveMQ Enterprise Server
2025-01-28 20:49:46,699 INFO c.h.h.t.HelmChartContainer - [test-hivemq-platform] [hivemq] [4943d4ac] INFO  - HiveMQ version: 4.36.0
2025-01-28 20:49:46,699 INFO c.h.h.t.HelmChartContainer - [test-hivemq-platform] [hivemq] [4943d4ac] INFO  - HiveMQ home directory: /opt/hivemq
2025-01-28 20:49:46,699 INFO c.h.h.t.HelmChartContainer - [test-hivemq-platform] [hivemq] [4943d4ac] INFO  - Log Configuration was overridden by /opt/hivemq/conf/logback.xml
2025-01-28 20:49:47,815 INFO c.h.h.t.HelmChartContainer - [test-hivemq-platform] [hivemq] [4943d4ac] INFO  - Successfully loaded configuration from '/opt/hivemq/conf-k8s/config.xml'.
2025-01-28 20:49:48,495 INFO c.h.h.t.HelmChartContainer - [test-hivemq-platform] [hivemq] [4943d4ac] INFO  - This node's ID is N24My
2025-01-28 20:49:48,495 INFO c.h.h.t.HelmChartContainer - [test-hivemq-platform] [hivemq] [4943d4ac] INFO  - Clustering is enabled
2025-01-28 20:49:49,372 INFO c.h.h.t.HelmChartContainer - [hivemq-test-hivemq-platform] [hivemq-platform-operator] [6310f130] 20:49:49.369 [pool-6-thread-6] DEBUG c.h.p.o.dependants.PodInfoConfigMap - [updatelo] Desired PodInfo ConfigMap (1 extensions) (1 enabled)
2025-01-28 20:49:49,372 INFO c.h.h.t.HelmChartContainer - [hivemq-test-hivemq-platform] [hivemq-platform-operator] [6310f130] 20:49:49.371 [pool-6-thread-6] DEBUG c.h.p.o.dependants.PodInfoConfigMap - [updatelo] Desired PodInfo ConfigMap (metrics port: 9399) (metrics path: /)
2025-01-28 20:49:49,372 INFO c.h.h.t.HelmChartContainer - [hivemq-test-hivemq-platform] [hivemq-platform-operator] [6310f130] 20:49:49.371 [pool-6-thread-6] DEBUG c.h.p.o.dependants.PodInfoConfigMap - [updatelo] Desired PodInfo ConfigMap (extension state hash: -1817474005)
2025-01-28 20:49:49,373 INFO c.h.h.t.HelmChartContainer - [hivemq-test-hivemq-platform] [hivemq-platform-operator] [6310f130] 20:49:49.370 [pool-6-thread-8] DEBUG c.h.p.o.d.PodServiceAccountResource - [updatelo] Desired PodServiceAccountResource (serviceAccountName: hivemq-platform-pod-test-hivemq-platform)
2025-01-28 20:49:49,373 INFO c.h.h.t.HelmChartContainer - [hivemq-test-hivemq-platform] [hivemq-platform-operator] [6310f130] 20:49:49.370 [pool-6-thread-5] DEBUG c.h.p.o.d.PlatformServiceResource - [updatelo] Desired Platform services (3 services)
2025-01-28 20:49:49,380 INFO c.h.h.t.HelmChartContainer - [hivemq-test-hivemq-platform] [hivemq-platform-operator] [6310f130] 20:49:49.379 [pool-6-thread-5] DEBUG c.h.p.o.d.StatefulSetResource - [updatelo] Desired StatefulSet (1 replicas) for status STARTING (READY)
2025-01-28 20:49:49,384 INFO c.h.h.t.HelmChartContainer - [hivemq-test-hivemq-platform] [hivemq-platform-operator] [6310f130] 20:49:49.383 [ReconcilerExecutor-hivemq-controller-108] INFO  c.h.p.o.HiveMQPlatformReconciler - [updatelo] Reconciling HiveMQ Platform 'test-hivemq-platform' in namespace 'updateloglevelit'
2025-01-28 20:49:49,384 INFO c.h.h.t.HelmChartContainer - [hivemq-test-hivemq-platform] [hivemq-platform-operator] [6310f130] 20:49:49.383 [ReconcilerExecutor-hivemq-controller-108] DEBUG c.h.p.o.HiveMQPlatformReconciler - [updatelo] Custom Resource Status STARTING - HiveMQ Platform is starting (READY)
2025-01-28 20:49:49,384 INFO c.h.h.t.HelmChartContainer - [hivemq-test-hivemq-platform] [hivemq-platform-operator] [6310f130] 20:49:49.383 [ReconcilerExecutor-hivemq-controller-108] DEBUG c.h.p.o.HiveMQPlatformReconciler - [updatelo] Custom Resource Spec (replicas: 1) (extensions: 1)
2025-01-28 20:49:49,452 INFO c.h.h.t.HelmChartContainer - [hivemq-test-hivemq-platform] [hivemq-platform-operator] [6310f130] 20:49:49.450 [ReconcilerExecutor-hivemq-controller-108] DEBUG c.h.p.o.HiveMQPlatformReconciler - [updatelo] StatefulSet Status (revision: test-hivemq-platform-b697f795f, replicas: 1, available: 0, ready: 0, current: 1, updated: 1)
2025-01-28 20:49:49,452 INFO c.h.h.t.HelmChartContainer - [hivemq-test-hivemq-platform] [hivemq-platform-operator] [6310f130] 20:49:49.450 [ReconcilerExecutor-hivemq-controller-108] DEBUG c.h.p.o.HiveMQPlatformReconciler - [updatelo] StatefulSet Spec (replicas: 1, init containers: 1, containers: 1, volumes: 3)
2025-01-28 20:49:49,454 INFO c.h.h.t.HelmChartContainer - [hivemq-test-hivemq-platform] [hivemq-platform-operator] [6310f130] 20:49:49.452 [ReconcilerExecutor-hivemq-controller-108] DEBUG c.h.p.o.h.HiveMQPlatformReconcilerErrorHandler - [updatelo] Pod 'test-hivemq-platform-0' phase Running
2025-01-28 20:49:49,455 INFO c.h.h.t.HelmChartContainer - [hivemq-test-hivemq-platform] [hivemq-platform-operator] [6310f130] 20:49:49.453 [ReconcilerExecutor-hivemq-controller-108] INFO  c.h.p.o.h.HiveMQPlatformReconcilerBaseHandler - [updatelo] HiveMQ Platform is starting, 0 of 1 replicas are ready
2025-01-28 20:49:50,677 INFO c.h.h.t.HelmChartContainer - [test-hivemq-platform] [hivemq] [4943d4ac] WARN  - [HiveMQ Platform Operator Init App 1.7.0-SNAPSHOT] Cannot connect to Health API for readiness: null
2025-01-28 20:49:50,700 INFO c.h.h.t.HelmChartContainer - [EVENT] Warning [Unhealthy] Readiness probe failed: HTTP probe failed with statuscode: 503 [updateloglevelit:test-hivemq-platform-0]
2025-01-28 20:49:50,700 INFO c.h.h.t.HelmChartContainer - Received Unhealthy event for container hivemq in pod test-hivemq-platform-0 [4943d4ac-ed12-4193-89d4-9c0c437608af]
2025-01-28 20:49:53,200 INFO c.h.h.t.HelmChartContainer - [test-hivemq-platform] [hivemq] [4943d4ac] Jan 28, 2025 8:49:53 PM io.vertx.core.impl.BlockedThreadChecker
2025-01-28 20:49:53,201 INFO c.h.h.t.HelmChartContainer - [test-hivemq-platform] [hivemq] [4943d4ac] WARNING: Thread Thread[vert.x-eventloop-thread-1,5,main] has been blocked for 2396 ms, time limit is 2000 ms
2025-01-28 20:49:53,896 INFO c.h.h.t.HelmChartContainer - [test-hivemq-platform] [hivemq] [4943d4ac] INFO  - [HiveMQ Platform Operator Init App 1.7.0-SNAPSHOT] Updating Pod HiveMQ Platform Operator Init App version annotation (version: 1.7.0-SNAPSHOT)
2025-01-28 20:49:54,410 INFO c.h.h.t.HelmChartContainer - [POD] test-hivemq-platform-0 [4943d4ac-ed12-4193-89d4-9c0c437608af] in updateloglevelit was MODIFIED
2025-01-28 20:49:54,418 INFO c.h.h.t.HelmChartContainer - [hivemq-test-hivemq-platform] [hivemq-platform-operator] [6310f130] 20:49:54.414 [pool-6-thread-11] DEBUG c.h.p.o.d.PlatformServiceResource - [updatelo] Desired Platform services (3 services)
2025-01-28 20:49:54,418 INFO c.h.h.t.HelmChartContainer - [hivemq-test-hivemq-platform] [hivemq-platform-operator] [6310f130] 20:49:54.415 [pool-6-thread-14] DEBUG c.h.p.o.dependants.PodInfoConfigMap - [updatelo] Desired PodInfo ConfigMap (1 extensions) (1 enabled)
2025-01-28 20:49:54,418 INFO c.h.h.t.HelmChartContainer - [hivemq-test-hivemq-platform] [hivemq-platform-operator] [6310f130] 20:49:54.415 [pool-6-thread-14] DEBUG c.h.p.o.dependants.PodInfoConfigMap - [updatelo] Desired PodInfo ConfigMap (metrics port: 9399) (metrics path: /)
2025-01-28 20:49:54,418 INFO c.h.h.t.HelmChartContainer - [hivemq-test-hivemq-platform] [hivemq-platform-operator] [6310f130] 20:49:54.415 [pool-6-thread-14] DEBUG c.h.p.o.dependants.PodInfoConfigMap - [updatelo] Desired PodInfo ConfigMap (extension state hash: -1817474005)
2025-01-28 20:49:54,419 INFO c.h.h.t.HelmChartContainer - [hivemq-test-hivemq-platform] [hivemq-platform-operator] [6310f130] 20:49:54.418 [pool-6-thread-16] DEBUG c.h.p.o.d.PodServiceAccountResource - [updatelo] Desired PodServiceAccountResource (serviceAccountName: hivemq-platform-pod-test-hivemq-platform)
2025-01-28 20:49:54,424 INFO c.h.h.t.HelmChartContainer - [hivemq-test-hivemq-platform] [hivemq-platform-operator] [6310f130] 20:49:54.422 [pool-6-thread-11] DEBUG c.h.p.o.d.StatefulSetResource - [updatelo] Desired StatefulSet (1 replicas) for status STARTING (READY)
2025-01-28 20:49:54,429 INFO c.h.h.t.HelmChartContainer - [hivemq-test-hivemq-platform] [hivemq-platform-operator] [6310f130] 20:49:54.429 [ReconcilerExecutor-hivemq-controller-109] INFO  c.h.p.o.HiveMQPlatformReconciler - [updatelo] Reconciling HiveMQ Platform 'test-hivemq-platform' in namespace 'updateloglevelit'
2025-01-28 20:49:54,432 INFO c.h.h.t.HelmChartContainer - [hivemq-test-hivemq-platform] [hivemq-platform-operator] [6310f130] 20:49:54.431 [ReconcilerExecutor-hivemq-controller-109] DEBUG c.h.p.o.HiveMQPlatformReconciler - [updatelo] Custom Resource Status STARTING - HiveMQ Platform is starting (READY)
2025-01-28 20:49:54,433 INFO c.h.h.t.HelmChartContainer - [hivemq-test-hivemq-platform] [hivemq-platform-operator] [6310f130] 20:49:54.431 [ReconcilerExecutor-hivemq-controller-109] DEBUG c.h.p.o.HiveMQPlatformReconciler - [updatelo] Custom Resource Spec (replicas: 1) (extensions: 1)
2025-01-28 20:49:54,434 INFO c.h.h.t.HelmChartContainer - [hivemq-test-hivemq-platform] [hivemq-platform-operator] [6310f130] 20:49:54.433 [ReconcilerExecutor-hivemq-controller-109] DEBUG c.h.p.o.HiveMQPlatformReconciler - [updatelo] StatefulSet Status (revision: test-hivemq-platform-b697f795f, replicas: 1, available: 0, ready: 0, current: 1, updated: 1)
2025-01-28 20:49:54,434 INFO c.h.h.t.HelmChartContainer - [hivemq-test-hivemq-platform] [hivemq-platform-operator] [6310f130] 20:49:54.433 [ReconcilerExecutor-hivemq-controller-109] DEBUG c.h.p.o.HiveMQPlatformReconciler - [updatelo] StatefulSet Spec (replicas: 1, init containers: 1, containers: 1, volumes: 3)
2025-01-28 20:49:54,451 INFO c.h.h.t.HelmChartContainer - [hivemq-test-hivemq-platform] [hivemq-platform-operator] [6310f130] 20:49:54.449 [ReconcilerExecutor-hivemq-controller-109] DEBUG c.h.p.o.h.HiveMQPlatformReconcilerErrorHandler - [updatelo] Pod 'test-hivemq-platform-0' phase Running
2025-01-28 20:49:54,452 INFO c.h.h.t.HelmChartContainer - [hivemq-test-hivemq-platform] [hivemq-platform-operator] [6310f130] 20:49:54.450 [ReconcilerExecutor-hivemq-controller-109] INFO  c.h.p.o.h.HiveMQPlatformReconcilerBaseHandler - [updatelo] HiveMQ Platform is starting, 0 of 1 replicas are ready
2025-01-28 20:49:54,498 INFO c.h.h.t.HelmChartContainer - [test-hivemq-platform] [hivemq] [4943d4ac] WARN  - [HiveMQ Platform Operator Init App 1.7.0-SNAPSHOT] Cannot connect to Health API for readiness: null
2025-01-28 20:49:54,502 INFO c.h.h.t.HelmChartContainer - [EVENT] Warning [Unhealthy] Readiness probe failed: HTTP probe failed with statuscode: 503 [updateloglevelit:test-hivemq-platform-0]
2025-01-28 20:49:54,502 INFO c.h.h.t.HelmChartContainer - Received Unhealthy event for container hivemq in pod test-hivemq-platform-0 [4943d4ac-ed12-4193-89d4-9c0c437608af]
2025-01-28 20:49:54,503 INFO c.h.h.t.HelmChartContainer - [test-hivemq-platform] [hivemq] [4943d4ac] INFO  - [HiveMQ Platform Operator Init App 1.7.0-SNAPSHOT] Successfully updated Pod HiveMQ Platform Operator Init App version annotation (version: 1.7.0-SNAPSHOT)
2025-01-28 20:49:59,479 INFO c.h.h.t.HelmChartContainer - [test-hivemq-platform] [hivemq] [4943d4ac] WARN  - [HiveMQ Platform Operator Init App 1.7.0-SNAPSHOT] Cannot connect to Health API for readiness: null
2025-01-28 20:49:59,484 INFO c.h.h.t.HelmChartContainer - [EVENT] Warning [Unhealthy] Readiness probe failed: HTTP probe failed with statuscode: 503 [updateloglevelit:test-hivemq-platform-0]
2025-01-28 20:49:59,484 INFO c.h.h.t.HelmChartContainer - Received Unhealthy event for container hivemq in pod test-hivemq-platform-0 [4943d4ac-ed12-4193-89d4-9c0c437608af]
2025-01-28 20:50:04,457 INFO c.h.h.t.HelmChartContainer - [hivemq-test-hivemq-platform] [hivemq-platform-operator] [6310f130] 20:50:04.453 [pool-6-thread-25] DEBUG c.h.p.o.d.PlatformServiceResource - [updatelo] Desired Platform services (3 services)
2025-01-28 20:50:04,457 INFO c.h.h.t.HelmChartContainer - [hivemq-test-hivemq-platform] [hivemq-platform-operator] [6310f130] 20:50:04.454 [pool-6-thread-23] DEBUG c.h.p.o.d.PodServiceAccountResource - [updatelo] Desired PodServiceAccountResource (serviceAccountName: hivemq-platform-pod-test-hivemq-platform)
2025-01-28 20:50:04,457 INFO c.h.h.t.HelmChartContainer - [hivemq-test-hivemq-platform] [hivemq-platform-operator] [6310f130] 20:50:04.456 [pool-6-thread-24] DEBUG c.h.p.o.dependants.PodInfoConfigMap - [updatelo] Desired PodInfo ConfigMap (1 extensions) (1 enabled)
2025-01-28 20:50:04,457 INFO c.h.h.t.HelmChartContainer - [hivemq-test-hivemq-platform] [hivemq-platform-operator] [6310f130] 20:50:04.456 [pool-6-thread-24] DEBUG c.h.p.o.dependants.PodInfoConfigMap - [updatelo] Desired PodInfo ConfigMap (metrics port: 9399) (metrics path: /)
2025-01-28 20:50:04,457 INFO c.h.h.t.HelmChartContainer - [hivemq-test-hivemq-platform] [hivemq-platform-operator] [6310f130] 20:50:04.456 [pool-6-thread-24] DEBUG c.h.p.o.dependants.PodInfoConfigMap - [updatelo] Desired PodInfo ConfigMap (extension state hash: -1817474005)
2025-01-28 20:50:04,460 INFO c.h.h.t.HelmChartContainer - [hivemq-test-hivemq-platform] [hivemq-platform-operator] [6310f130] 20:50:04.459 [pool-6-thread-24] DEBUG c.h.p.o.d.StatefulSetResource - [updatelo] Desired StatefulSet (1 replicas) for status STARTING (READY)
2025-01-28 20:50:04,465 INFO c.h.h.t.HelmChartContainer - [hivemq-test-hivemq-platform] [hivemq-platform-operator] [6310f130] 20:50:04.465 [ReconcilerExecutor-hivemq-controller-110] INFO  c.h.p.o.HiveMQPlatformReconciler - [updatelo] Reconciling HiveMQ Platform 'test-hivemq-platform' in namespace 'updateloglevelit'
2025-01-28 20:50:04,467 INFO c.h.h.t.HelmChartContainer - [hivemq-test-hivemq-platform] [hivemq-platform-operator] [6310f130] 20:50:04.465 [ReconcilerExecutor-hivemq-controller-110] DEBUG c.h.p.o.HiveMQPlatformReconciler - [updatelo] Custom Resource Status STARTING - HiveMQ Platform is starting (READY)
2025-01-28 20:50:04,467 INFO c.h.h.t.HelmChartContainer - [hivemq-test-hivemq-platform] [hivemq-platform-operator] [6310f130] 20:50:04.465 [ReconcilerExecutor-hivemq-controller-110] DEBUG c.h.p.o.HiveMQPlatformReconciler - [updatelo] Custom Resource Spec (replicas: 1) (extensions: 1)
2025-01-28 20:50:04,467 INFO c.h.h.t.HelmChartContainer - [hivemq-test-hivemq-platform] [hivemq-platform-operator] [6310f130] 20:50:04.466 [ReconcilerExecutor-hivemq-controller-110] DEBUG c.h.p.o.HiveMQPlatformReconciler - [updatelo] StatefulSet Status (revision: test-hivemq-platform-b697f795f, replicas: 1, available: 0, ready: 0, current: 1, updated: 1)
2025-01-28 20:50:04,467 INFO c.h.h.t.HelmChartContainer - [hivemq-test-hivemq-platform] [hivemq-platform-operator] [6310f130] 20:50:04.466 [ReconcilerExecutor-hivemq-controller-110] DEBUG c.h.p.o.HiveMQPlatformReconciler - [updatelo] StatefulSet Spec (replicas: 1, init containers: 1, containers: 1, volumes: 3)
2025-01-28 20:50:04,469 INFO c.h.h.t.HelmChartContainer - [hivemq-test-hivemq-platform] [hivemq-platform-operator] [6310f130] 20:50:04.467 [ReconcilerExecutor-hivemq-controller-110] DEBUG c.h.p.o.h.HiveMQPlatformReconcilerErrorHandler - [updatelo] Pod 'test-hivemq-platform-0' phase Running
2025-01-28 20:50:04,469 INFO c.h.h.t.HelmChartContainer - [hivemq-test-hivemq-platform] [hivemq-platform-operator] [6310f130] 20:50:04.468 [ReconcilerExecutor-hivemq-controller-110] INFO  c.h.p.o.h.HiveMQPlatformReconcilerBaseHandler - [updatelo] HiveMQ Platform is starting, 0 of 1 replicas are ready
2025-01-28 20:50:04,494 INFO c.h.h.t.HelmChartContainer - [test-hivemq-platform] [hivemq] [4943d4ac] WARN  - [HiveMQ Platform Operator Init App 1.7.0-SNAPSHOT] Cannot connect to Health API for readiness: null
2025-01-28 20:50:04,497 INFO c.h.h.t.HelmChartContainer - [EVENT] Warning [Unhealthy] Readiness probe failed: HTTP probe failed with statuscode: 503 [updateloglevelit:test-hivemq-platform-0]
2025-01-28 20:50:04,498 INFO c.h.h.t.HelmChartContainer - Received Unhealthy event for container hivemq in pod test-hivemq-platform-0 [4943d4ac-ed12-4193-89d4-9c0c437608af]
2025-01-28 20:50:06,192 INFO c.h.h.t.HelmChartContainer - [test-hivemq-platform] [hivemq] [4943d4ac] INFO  - No valid license file found. Using trial license, restricted to 25 connections.
2025-01-28 20:50:06,197 INFO c.h.h.t.HelmChartContainer - [test-hivemq-platform] [hivemq] [4943d4ac] WARN  - [HiveMQ Platform Operator Init App 1.7.0-SNAPSHOT] Cannot connect to Health API for liveness: null
2025-01-28 20:50:06,198 INFO c.h.h.t.HelmChartContainer - [test-hivemq-platform] [hivemq] [4943d4ac] INFO  - [HiveMQ Platform Operator Init App 1.7.0-SNAPSHOT] Returning default Health API response 200 for liveness
2025-01-28 20:50:09,493 INFO c.h.h.t.HelmChartContainer - [test-hivemq-platform] [hivemq] [4943d4ac] WARN  - [HiveMQ Platform Operator Init App 1.7.0-SNAPSHOT] Cannot connect to Health API for readiness: null
2025-01-28 20:50:09,498 INFO c.h.h.t.HelmChartContainer - [EVENT] Warning [Unhealthy] Readiness probe failed: HTTP probe failed with statuscode: 503 [updateloglevelit:test-hivemq-platform-0]
2025-01-28 20:50:09,498 INFO c.h.h.t.HelmChartContainer - Received Unhealthy event for container hivemq in pod test-hivemq-platform-0 [4943d4ac-ed12-4193-89d4-9c0c437608af]
2025-01-28 20:50:09,979 INFO c.h.h.t.HelmChartContainer - [test-hivemq-platform] [hivemq] [4943d4ac] INFO  - No valid license file for Data Hub found. Using free license, restricted to 1 policy.
2025-01-28 20:50:11,097 INFO c.h.h.t.HelmChartContainer - [test-hivemq-platform] [hivemq] [4943d4ac] INFO  - Audit Logger started.
2025-01-28 20:50:11,383 INFO c.h.h.t.HelmChartContainer - [test-hivemq-platform] [hivemq] [4943d4ac] INFO  - This node uses '1' CPU cores.
2025-01-28 20:50:11,393 INFO c.h.h.t.HelmChartContainer - [test-hivemq-platform] [hivemq] [4943d4ac] INFO  - Starting HiveMQ Health API on address 0.0.0.0 and port 8889
2025-01-28 20:50:12,277 INFO c.h.h.t.HelmChartContainer - [test-hivemq-platform] [hivemq] [4943d4ac] INFO  - Started HiveMQ Health API in 883ms
2025-01-28 20:50:12,997 INFO c.h.h.t.HelmChartContainer - [test-hivemq-platform] [hivemq] [4943d4ac] INFO  - Starting HiveMQ extension system.
2025-01-28 20:50:13,300 INFO c.h.h.t.HelmChartContainer - [test-hivemq-platform] [hivemq] [4943d4ac] INFO  - Starting extension with id "hivemq-dns-cluster-discovery" at /opt/hivemq/extensions/hivemq-dns-cluster-discovery
2025-01-28 20:50:13,798 INFO c.h.h.t.HelmChartContainer - [test-hivemq-platform] [hivemq] [4943d4ac] INFO  - Extension "DNS Cluster Discovery Extension" version 4.3.2 started successfully.
2025-01-28 20:50:13,799 INFO c.h.h.t.HelmChartContainer - [test-hivemq-platform] [hivemq] [4943d4ac] INFO  - Starting extension with id "hivemq-prometheus-extension" at /opt/hivemq/extensions/hivemq-prometheus-extension
2025-01-28 20:50:13,799 INFO c.h.h.t.HelmChartContainer - [test-hivemq-platform] [hivemq] [4943d4ac] INFO  - Using TCP cluster transport on address 10.42.0.16 and port 7000
2025-01-28 20:50:13,893 INFO c.h.h.t.HelmChartContainer - [test-hivemq-platform] [hivemq] [4943d4ac] INFO  - Using extension cluster discovery
2025-01-28 20:50:14,557 INFO c.h.h.t.HelmChartContainer - [hivemq-test-hivemq-platform] [hivemq-platform-operator] [6310f130] 20:50:14.553 [pool-6-thread-37] DEBUG c.h.p.o.d.PlatformServiceResource - [updatelo] Desired Platform services (3 services)
2025-01-28 20:50:14,557 INFO c.h.h.t.HelmChartContainer - [hivemq-test-hivemq-platform] [hivemq-platform-operator] [6310f130] 20:50:14.555 [pool-6-thread-33] DEBUG c.h.p.o.dependants.PodInfoConfigMap - [updatelo] Desired PodInfo ConfigMap (1 extensions) (1 enabled)
2025-01-28 20:50:14,557 INFO c.h.h.t.HelmChartContainer - [hivemq-test-hivemq-platform] [hivemq-platform-operator] [6310f130] 20:50:14.555 [pool-6-thread-33] DEBUG c.h.p.o.dependants.PodInfoConfigMap - [updatelo] Desired PodInfo ConfigMap (metrics port: 9399) (metrics path: /)
2025-01-28 20:50:14,557 INFO c.h.h.t.HelmChartContainer - [hivemq-test-hivemq-platform] [hivemq-platform-operator] [6310f130] 20:50:14.555 [pool-6-thread-33] DEBUG c.h.p.o.dependants.PodInfoConfigMap - [updatelo] Desired PodInfo ConfigMap (extension state hash: -1817474005)
2025-01-28 20:50:14,557 INFO c.h.h.t.HelmChartContainer - [hivemq-test-hivemq-platform] [hivemq-platform-operator] [6310f130] 20:50:14.555 [pool-6-thread-36] DEBUG c.h.p.o.d.PodServiceAccountResource - [updatelo] Desired PodServiceAccountResource (serviceAccountName: hivemq-platform-pod-test-hivemq-platform)
2025-01-28 20:50:14,560 INFO c.h.h.t.HelmChartContainer - [hivemq-test-hivemq-platform] [hivemq-platform-operator] [6310f130] 20:50:14.559 [pool-6-thread-36] DEBUG c.h.p.o.d.StatefulSetResource - [updatelo] Desired StatefulSet (1 replicas) for status STARTING (READY)
2025-01-28 20:50:14,564 INFO c.h.h.t.HelmChartContainer - [hivemq-test-hivemq-platform] [hivemq-platform-operator] [6310f130] 20:50:14.563 [ReconcilerExecutor-hivemq-controller-111] INFO  c.h.p.o.HiveMQPlatformReconciler - [updatelo] Reconciling HiveMQ Platform 'test-hivemq-platform' in namespace 'updateloglevelit'
2025-01-28 20:50:14,565 INFO c.h.h.t.HelmChartContainer - [hivemq-test-hivemq-platform] [hivemq-platform-operator] [6310f130] 20:50:14.564 [ReconcilerExecutor-hivemq-controller-111] DEBUG c.h.p.o.HiveMQPlatformReconciler - [updatelo] Custom Resource Status STARTING - HiveMQ Platform is starting (READY)
2025-01-28 20:50:14,565 INFO c.h.h.t.HelmChartContainer - [hivemq-test-hivemq-platform] [hivemq-platform-operator] [6310f130] 20:50:14.564 [ReconcilerExecutor-hivemq-controller-111] DEBUG c.h.p.o.HiveMQPlatformReconciler - [updatelo] Custom Resource Spec (replicas: 1) (extensions: 1)
2025-01-28 20:50:14,566 INFO c.h.h.t.HelmChartContainer - [hivemq-test-hivemq-platform] [hivemq-platform-operator] [6310f130] 20:50:14.565 [ReconcilerExecutor-hivemq-controller-111] DEBUG c.h.p.o.HiveMQPlatformReconciler - [updatelo] StatefulSet Status (revision: test-hivemq-platform-b697f795f, replicas: 1, available: 0, ready: 0, current: 1, updated: 1)
2025-01-28 20:50:14,566 INFO c.h.h.t.HelmChartContainer - [hivemq-test-hivemq-platform] [hivemq-platform-operator] [6310f130] 20:50:14.565 [ReconcilerExecutor-hivemq-controller-111] DEBUG c.h.p.o.HiveMQPlatformReconciler - [updatelo] StatefulSet Spec (replicas: 1, init containers: 1, containers: 1, volumes: 3)
2025-01-28 20:50:14,567 INFO c.h.h.t.HelmChartContainer - [hivemq-test-hivemq-platform] [hivemq-platform-operator] [6310f130] 20:50:14.567 [ReconcilerExecutor-hivemq-controller-111] DEBUG c.h.p.o.h.HiveMQPlatformReconcilerErrorHandler - [updatelo] Pod 'test-hivemq-platform-0' phase Running
2025-01-28 20:50:14,568 INFO c.h.h.t.HelmChartContainer - [hivemq-test-hivemq-platform] [hivemq-platform-operator] [6310f130] 20:50:14.568 [ReconcilerExecutor-hivemq-controller-111] INFO  c.h.p.o.h.HiveMQPlatformReconcilerBaseHandler - [updatelo] HiveMQ Platform is starting, 0 of 1 replicas are ready
2025-01-28 20:50:14,696 INFO c.h.h.t.HelmChartContainer - [test-hivemq-platform] [hivemq] [4943d4ac] INFO  - Started Jetty Server exposing Prometheus Servlet on URI http://0.0.0.0:9399/
2025-01-28 20:50:14,696 INFO c.h.h.t.HelmChartContainer - [test-hivemq-platform] [hivemq] [4943d4ac] INFO  - Extension "Prometheus Monitoring Extension" version 4.0.12 started successfully.
2025-01-28 20:50:14,696 INFO c.h.h.t.HelmChartContainer - [test-hivemq-platform] [hivemq] [4943d4ac] INFO  - Starting extension with id "hivemq-allow-all-extension" at /opt/hivemq/extensions/hivemq-allow-all-extension
2025-01-28 20:50:14,696 INFO c.h.h.t.HelmChartContainer - [test-hivemq-platform] [hivemq] [4943d4ac] WARN  - 
2025-01-28 20:50:14,696 INFO c.h.h.t.HelmChartContainer - [test-hivemq-platform] [hivemq] [4943d4ac] ################################################################################################################
2025-01-28 20:50:14,696 INFO c.h.h.t.HelmChartContainer - [test-hivemq-platform] [hivemq] [4943d4ac] # This HiveMQ deployment is not secure! You are lacking Authentication and Authorization.                      #
2025-01-28 20:50:14,696 INFO c.h.h.t.HelmChartContainer - [test-hivemq-platform] [hivemq] [4943d4ac] # Right now any MQTT client can connect to the broker with a full set of permissions.                          #
2025-01-28 20:50:14,696 INFO c.h.h.t.HelmChartContainer - [test-hivemq-platform] [hivemq] [4943d4ac] # For production usage, add an appropriate security extension and remove the hivemq-allow-all extension.       #
2025-01-28 20:50:14,696 INFO c.h.h.t.HelmChartContainer - [test-hivemq-platform] [hivemq] [4943d4ac] # You can download security extensions from the HiveMQ Marketplace (https://www.hivemq.com/extensions/).       #
2025-01-28 20:50:14,696 INFO c.h.h.t.HelmChartContainer - [test-hivemq-platform] [hivemq] [4943d4ac] ################################################################################################################
2025-01-28 20:50:14,696 INFO c.h.h.t.HelmChartContainer - [test-hivemq-platform] [hivemq] [4943d4ac] INFO  - Extension "Allow All Extension" version 1.1.1 started successfully.
2025-01-28 20:50:15,307 INFO c.h.h.t.HelmChartContainer - [test-hivemq-platform] [hivemq] [4943d4ac] INFO  - [HiveMQ Platform Operator Init App 1.7.0-SNAPSHOT] Returning Health API response 503 for readiness
2025-01-28 20:50:15,311 INFO c.h.h.t.HelmChartContainer - [EVENT] Warning [Unhealthy] Readiness probe failed: HTTP probe failed with statuscode: 503 [updateloglevelit:test-hivemq-platform-0]
2025-01-28 20:50:15,311 INFO c.h.h.t.HelmChartContainer - Received Unhealthy event for container hivemq in pod test-hivemq-platform-0 [4943d4ac-ed12-4193-89d4-9c0c437608af]
2025-01-28 20:50:17,000 INFO c.h.h.t.HelmChartContainer - [test-hivemq-platform] [hivemq] [4943d4ac] INFO  - N24My: no members discovered after 2404 ms: creating cluster as first member
2025-01-28 20:50:17,006 INFO c.h.h.t.HelmChartContainer - [test-hivemq-platform] [hivemq] [4943d4ac] INFO  - Cluster nodes found by discovery: [N24My|0] (1) [N24My].
2025-01-28 20:50:17,023 INFO c.h.h.t.HelmChartContainer - [test-hivemq-platform] [hivemq] [4943d4ac] WARN  - No user for HiveMQ Control Center configured. Starting with default user
2025-01-28 20:50:17,023 INFO c.h.h.t.HelmChartContainer - [test-hivemq-platform] [hivemq] [4943d4ac] INFO  - Starting HiveMQ Control Center on address 0.0.0.0 and port 8080
2025-01-28 20:50:17,092 INFO c.h.h.t.HelmChartContainer - [test-hivemq-platform] [hivemq] [4943d4ac] INFO  - Mounting HiveMQ Control Center V2 Preview
2025-01-28 20:50:17,707 INFO c.h.h.t.HelmChartContainer - [test-hivemq-platform] [hivemq] [4943d4ac] INFO  - Started HiveMQ Control Center in 684ms
2025-01-28 20:50:17,802 INFO c.h.h.t.HelmChartContainer - [test-hivemq-platform] [hivemq] [4943d4ac] INFO  - Starting TCP listener on address 0.0.0.0 and port 1883
2025-01-28 20:50:17,892 INFO c.h.h.t.HelmChartContainer - [test-hivemq-platform] [hivemq] [4943d4ac] INFO  - Started TCP Listener on address 0.0.0.0 and on port 1883.
2025-01-28 20:50:17,893 INFO c.h.h.t.HelmChartContainer - [test-hivemq-platform] [hivemq] [4943d4ac] INFO  - Started HiveMQ in 31585ms
2025-01-28 20:50:19,414 INFO c.h.h.t.HelmChartContainer - [test-hivemq-platform] [hivemq] [4943d4ac] INFO  - [HiveMQ Platform Operator Init App 1.7.0-SNAPSHOT] Returning Health API response 200 for readiness
2025-01-28 20:50:19,424 INFO c.h.h.t.HelmChartContainer - [POD] test-hivemq-platform-0 [4943d4ac-ed12-4193-89d4-9c0c437608af] in updateloglevelit was MODIFIED
2025-01-28 20:50:19,443 INFO c.h.h.t.HelmChartContainer - [hivemq-test-hivemq-platform] [hivemq-platform-operator] [6310f130] 20:50:19.432 [pool-6-thread-46] DEBUG c.h.p.o.d.PlatformServiceResource - [updatelo] Desired Platform services (3 services)
2025-01-28 20:50:19,443 INFO c.h.h.t.HelmChartContainer - [hivemq-test-hivemq-platform] [hivemq-platform-operator] [6310f130] 20:50:19.435 [pool-6-thread-42] DEBUG c.h.p.o.dependants.PodInfoConfigMap - [updatelo] Desired PodInfo ConfigMap (1 extensions) (1 enabled)
2025-01-28 20:50:19,443 INFO c.h.h.t.HelmChartContainer - [hivemq-test-hivemq-platform] [hivemq-platform-operator] [6310f130] 20:50:19.436 [pool-6-thread-42] DEBUG c.h.p.o.dependants.PodInfoConfigMap - [updatelo] Desired PodInfo ConfigMap (metrics port: 9399) (metrics path: /)
2025-01-28 20:50:19,443 INFO c.h.h.t.HelmChartContainer - [hivemq-test-hivemq-platform] [hivemq-platform-operator] [6310f130] 20:50:19.437 [pool-6-thread-42] DEBUG c.h.p.o.dependants.PodInfoConfigMap - [updatelo] Desired PodInfo ConfigMap (extension state hash: -1817474005)
2025-01-28 20:50:19,443 INFO c.h.h.t.HelmChartContainer - [hivemq-test-hivemq-platform] [hivemq-platform-operator] [6310f130] 20:50:19.436 [pool-6-thread-44] DEBUG c.h.p.o.d.PodServiceAccountResource - [updatelo] Desired PodServiceAccountResource (serviceAccountName: hivemq-platform-pod-test-hivemq-platform)
2025-01-28 20:50:19,528 INFO c.h.h.t.HelmChartContainer - [hivemq-test-hivemq-platform] [hivemq-platform-operator] [6310f130] 20:50:19.526 [pool-6-thread-42] DEBUG c.h.p.o.d.StatefulSetResource - [updatelo] Desired StatefulSet (1 replicas) for status STARTING (READY)
2025-01-28 20:50:19,532 INFO c.h.h.t.HelmChartContainer - [hivemq-test-hivemq-platform] [hivemq-platform-operator] [6310f130] 20:50:19.531 [ReconcilerExecutor-hivemq-controller-112] INFO  c.h.p.o.HiveMQPlatformReconciler - [updatelo] Reconciling HiveMQ Platform 'test-hivemq-platform' in namespace 'updateloglevelit'
2025-01-28 20:50:19,532 INFO c.h.h.t.HelmChartContainer - [hivemq-test-hivemq-platform] [hivemq-platform-operator] [6310f130] 20:50:19.531 [ReconcilerExecutor-hivemq-controller-112] DEBUG c.h.p.o.HiveMQPlatformReconciler - [updatelo] Custom Resource Status STARTING - HiveMQ Platform is starting (READY)
2025-01-28 20:50:19,532 INFO c.h.h.t.HelmChartContainer - [hivemq-test-hivemq-platform] [hivemq-platform-operator] [6310f130] 20:50:19.531 [ReconcilerExecutor-hivemq-controller-112] DEBUG c.h.p.o.HiveMQPlatformReconciler - [updatelo] Custom Resource Spec (replicas: 1) (extensions: 1)
2025-01-28 20:50:19,534 INFO c.h.h.t.HelmChartContainer - [hivemq-test-hivemq-platform] [hivemq-platform-operator] [6310f130] 20:50:19.533 [ReconcilerExecutor-hivemq-controller-112] DEBUG c.h.p.o.HiveMQPlatformReconciler - [updatelo] StatefulSet Status (revision: test-hivemq-platform-b697f795f, replicas: 1, available: 1, ready: 1, current: 1, updated: 1)
2025-01-28 20:50:19,534 INFO c.h.h.t.HelmChartContainer - [hivemq-test-hivemq-platform] [hivemq-platform-operator] [6310f130] 20:50:19.533 [ReconcilerExecutor-hivemq-controller-112] DEBUG c.h.p.o.HiveMQPlatformReconciler - [updatelo] StatefulSet Spec (replicas: 1, init containers: 1, containers: 1, volumes: 3)
2025-01-28 20:50:19,535 INFO c.h.h.t.HelmChartContainer - [hivemq-test-hivemq-platform] [hivemq-platform-operator] [6310f130] 20:50:19.534 [ReconcilerExecutor-hivemq-controller-112] DEBUG c.h.p.o.h.HiveMQPlatformReconcilerErrorHandler - [updatelo] Pod 'test-hivemq-platform-0' phase Running
2025-01-28 20:50:19,536 INFO c.h.h.t.HelmChartContainer - [hivemq-test-hivemq-platform] [hivemq-platform-operator] [6310f130] 20:50:19.535 [ReconcilerExecutor-hivemq-controller-112] INFO  c.h.p.o.h.HiveMQPlatformReconcilerBaseHandler - [updatelo] HiveMQ Platform started successfully
2025-01-28 20:50:19,636 INFO c.h.h.t.HelmChartContainer - [hivemq-test-hivemq-platform] [hivemq-platform-operator] [6310f130] 20:50:19.635 [ReconcilerExecutor-hivemq-controller-112] DEBUG c.h.p.operator.event.EventSender - [updatelo] Creating K8s event hivemq-platform-ready: [Ready] HiveMQ Platform is ready
2025-01-28 20:50:19,640 INFO c.h.h.t.HelmChartContainer - [EVENT] Normal [Ready] HiveMQ Platform is ready [updateloglevelit:test-hivemq-platform]
2025-01-28 20:50:19,641 INFO c.h.h.t.HelmChartContainer - [hivemq-test-hivemq-platform] [hivemq-platform-operator] [6310f130] 20:50:19.640 [ReconcilerExecutor-hivemq-controller-112] INFO  c.h.p.o.h.AbstractHiveMQReconcilerStateHandler - [updatelo] Update HiveMQ Platform Status (STARTING [READY] -> RUNNING [READY]): HiveMQ Platform is ready
2025-01-28 20:50:19,655 DEBUG com.hivemq.helmcharts.util.K8sUtil - Comparing actual state 'RUNNING' and waiting for 'RUNNING'
2025-01-28 20:50:19,734 INFO c.h.h.t.HelmChartContainer - [hivemq-test-hivemq-platform] [hivemq-platform-operator] [6310f130] 20:50:19.729 [pool-6-thread-9] DEBUG c.h.p.o.d.PodServiceAccountResource - [updatelo] Desired PodServiceAccountResource (serviceAccountName: hivemq-platform-pod-test-hivemq-platform)
2025-01-28 20:50:19,734 INFO c.h.h.t.HelmChartContainer - [hivemq-test-hivemq-platform] [hivemq-platform-operator] [6310f130] 20:50:19.729 [pool-6-thread-8] DEBUG c.h.p.o.d.PlatformServiceResource - [updatelo] Desired Platform services (3 services)
2025-01-28 20:50:19,734 INFO c.h.h.t.HelmChartContainer - [hivemq-test-hivemq-platform] [hivemq-platform-operator] [6310f130] 20:50:19.731 [pool-6-thread-2] DEBUG c.h.p.o.dependants.PodInfoConfigMap - [updatelo] Desired PodInfo ConfigMap (1 extensions) (1 enabled)
2025-01-28 20:50:19,734 INFO c.h.h.t.HelmChartContainer - [hivemq-test-hivemq-platform] [hivemq-platform-operator] [6310f130] 20:50:19.731 [pool-6-thread-2] DEBUG c.h.p.o.dependants.PodInfoConfigMap - [updatelo] Desired PodInfo ConfigMap (metrics port: 9399) (metrics path: /)
2025-01-28 20:50:19,734 INFO c.h.h.t.HelmChartContainer - [hivemq-test-hivemq-platform] [hivemq-platform-operator] [6310f130] 20:50:19.731 [pool-6-thread-2] DEBUG c.h.p.o.dependants.PodInfoConfigMap - [updatelo] Desired PodInfo ConfigMap (extension state hash: -1817474005)
2025-01-28 20:50:19,734 INFO c.h.h.t.HelmChartContainer - [hivemq-test-hivemq-platform] [hivemq-platform-operator] [6310f130] 20:50:19.732 [pool-6-thread-2] DEBUG c.h.p.o.dependants.PodInfoConfigMap - [updatelo] Update PodInfo ConfigMap
2025-01-28 20:50:19,749 INFO c.h.h.t.HelmChartContainer - [hivemq-test-hivemq-platform] [hivemq-platform-operator] [6310f130] 20:50:19.749 [pool-6-thread-2] DEBUG c.h.p.o.d.StatefulSetResource - [updatelo] Desired StatefulSet (1 replicas) for status RUNNING (READY)
2025-01-28 20:50:19,830 INFO c.h.h.t.HelmChartContainer - [hivemq-test-hivemq-platform] [hivemq-platform-operator] [6310f130] 20:50:19.829 [ReconcilerExecutor-hivemq-controller-113] INFO  c.h.p.o.HiveMQPlatformReconciler - [updatelo] Reconciling HiveMQ Platform 'test-hivemq-platform' in namespace 'updateloglevelit'
2025-01-28 20:50:19,830 INFO c.h.h.t.HelmChartContainer - [hivemq-test-hivemq-platform] [hivemq-platform-operator] [6310f130] 20:50:19.829 [ReconcilerExecutor-hivemq-controller-113] DEBUG c.h.p.o.HiveMQPlatformReconciler - [updatelo] Custom Resource Status RUNNING - HiveMQ Platform is ready (READY)
2025-01-28 20:50:19,831 INFO c.h.h.t.HelmChartContainer - [hivemq-test-hivemq-platform] [hivemq-platform-operator] [6310f130] 20:50:19.829 [ReconcilerExecutor-hivemq-controller-113] DEBUG c.h.p.o.HiveMQPlatformReconciler - [updatelo] Custom Resource Spec (replicas: 1) (extensions: 1)
2025-01-28 20:50:19,832 INFO c.h.h.t.HelmChartContainer - [hivemq-test-hivemq-platform] [hivemq-platform-operator] [6310f130] 20:50:19.831 [ReconcilerExecutor-hivemq-controller-113] DEBUG c.h.p.o.HiveMQPlatformReconciler - [updatelo] StatefulSet Status (revision: test-hivemq-platform-b697f795f, replicas: 1, available: 1, ready: 1, current: 1, updated: 1)
2025-01-28 20:50:19,832 INFO c.h.h.t.HelmChartContainer - [hivemq-test-hivemq-platform] [hivemq-platform-operator] [6310f130] 20:50:19.831 [ReconcilerExecutor-hivemq-controller-113] DEBUG c.h.p.o.HiveMQPlatformReconciler - [updatelo] StatefulSet Spec (replicas: 1, init containers: 1, containers: 1, volumes: 3)
2025-01-28 20:50:19,833 INFO c.h.h.t.HelmChartContainer - [hivemq-test-hivemq-platform] [hivemq-platform-operator] [6310f130] 20:50:19.833 [ReconcilerExecutor-hivemq-controller-113] DEBUG c.h.p.o.h.HiveMQPlatformReconcilerErrorHandler - [updatelo] Pod 'test-hivemq-platform-0' phase Running
2025-01-28 20:50:21,663 INFO c.h.h.platform.UpdateLogLevelIT - Assert original logback.xml in pods
2025-01-28 20:50:21,745 INFO c.h.h.platform.UpdateLogLevelIT - Trigger update of log level
2025-01-28 20:50:21,804 DEBUG c.h.h.t.HelmChartContainer - Executing helm command: /bin/helm --kubeconfig /etc/rancher/k3s/k3s.yaml upgrade test-hivemq-platform /charts/hivemq-platform --wait --timeout 5m0s --set image.repository=docker.io/hivemq --set image.tag=4.36.0 --set image.pullPolicy=Never --set nodes.resources.cpu=512m --set nodes.logLevel=WARN --namespace updateloglevelit
2025-01-28 20:50:22,134 INFO c.h.h.t.HelmChartContainer - [hivemq-test-hivemq-platform] [hivemq-platform-operator] [6310f130] 20:50:22.130 [pool-6-thread-14] DEBUG c.h.p.o.d.PlatformServiceResource - [updatelo] Desired Platform services (3 services)
2025-01-28 20:50:22,134 INFO c.h.h.t.HelmChartContainer - [hivemq-test-hivemq-platform] [hivemq-platform-operator] [6310f130] 20:50:22.132 [pool-6-thread-16] DEBUG c.h.p.o.dependants.PodInfoConfigMap - [updatelo] Desired PodInfo ConfigMap (1 extensions) (1 enabled)
2025-01-28 20:50:22,134 INFO c.h.h.t.HelmChartContainer - [hivemq-test-hivemq-platform] [hivemq-platform-operator] [6310f130] 20:50:22.132 [pool-6-thread-16] DEBUG c.h.p.o.dependants.PodInfoConfigMap - [updatelo] Desired PodInfo ConfigMap (metrics port: 9399) (metrics path: /)
2025-01-28 20:50:22,134 INFO c.h.h.t.HelmChartContainer - [hivemq-test-hivemq-platform] [hivemq-platform-operator] [6310f130] 20:50:22.132 [pool-6-thread-16] DEBUG c.h.p.o.dependants.PodInfoConfigMap - [updatelo] Desired PodInfo ConfigMap (extension state hash: -1817474005)
2025-01-28 20:50:22,134 INFO c.h.h.t.HelmChartContainer - [hivemq-test-hivemq-platform] [hivemq-platform-operator] [6310f130] 20:50:22.133 [pool-6-thread-16] DEBUG c.h.p.o.dependants.PodInfoConfigMap - [updatelo] Update PodInfo ConfigMap
2025-01-28 20:50:22,137 INFO c.h.h.t.HelmChartContainer - [hivemq-test-hivemq-platform] [hivemq-platform-operator] [6310f130] 20:50:22.136 [pool-6-thread-19] DEBUG c.h.p.o.d.PodServiceAccountResource - [updatelo] Desired PodServiceAccountResource (serviceAccountName: hivemq-platform-pod-test-hivemq-platform)
2025-01-28 20:50:22,153 INFO c.h.h.t.HelmChartContainer - [hivemq-test-hivemq-platform] [hivemq-platform-operator] [6310f130] 20:50:22.148 [pool-6-thread-16] INFO  c.h.p.o.dependants.PodInfoConfigMap - [updatelo] Log level was updated, triggering set log level
2025-01-28 20:50:22,160 INFO c.h.h.t.HelmChartContainer - [hivemq-test-hivemq-platform] [hivemq-platform-operator] [6310f130] 20:50:22.158 [pool-6-thread-16] DEBUG c.h.p.o.d.StatefulSetResource - [updatelo] Desired StatefulSet (2 replicas) for status RUNNING (READY)
2025-01-28 20:50:22,231 INFO c.h.h.t.HelmChartContainer - [hivemq-test-hivemq-platform] [hivemq-platform-operator] [6310f130] 20:50:22.227 [pool-6-thread-16] DEBUG c.h.p.o.d.StatefulSetResource - [updatelo] Update StatefulSet (replicas: 1 -> 2)
2025-01-28 20:50:22,298 DEBUG com.hivemq.helmcharts.util.K8sUtil - Comparing actual state 'RUNNING' and waiting for 'SET_LOG_LEVEL'
2025-01-28 20:50:22,328 INFO c.h.h.t.HelmChartContainer - [hivemq-test-hivemq-platform] [hivemq-platform-operator] [6310f130] 20:50:22.328 [pool-6-thread-16] INFO  c.h.p.o.d.StatefulSetResource - [updatelo] Replica count was updated, triggering scaling
2025-01-28 20:50:22,363 INFO c.h.h.t.HelmChartContainer - [hivemq-test-hivemq-platform] [hivemq-platform-operator] [6310f130] 20:50:22.361 [ReconcilerExecutor-hivemq-controller-114] INFO  c.h.p.o.HiveMQPlatformReconciler - [updatelo] Reconciling HiveMQ Platform 'test-hivemq-platform' in namespace 'updateloglevelit'
2025-01-28 20:50:22,367 INFO c.h.h.t.HelmChartContainer - [hivemq-test-hivemq-platform] [hivemq-platform-operator] [6310f130] 20:50:22.363 [ReconcilerExecutor-hivemq-controller-114] DEBUG c.h.p.o.HiveMQPlatformReconciler - [updatelo] Custom Resource Status RUNNING - HiveMQ Platform is ready (READY) (reconciliation requests: SET_LOG_LEVEL, REQUESTS_UPDATED, SCALING)
2025-01-28 20:50:22,367 INFO c.h.h.t.HelmChartContainer - [hivemq-test-hivemq-platform] [hivemq-platform-operator] [6310f130] 20:50:22.363 [ReconcilerExecutor-hivemq-controller-114] DEBUG c.h.p.o.HiveMQPlatformReconciler - [updatelo] Custom Resource Spec (replicas: 2) (extensions: 1)
2025-01-28 20:50:22,367 INFO c.h.h.t.HelmChartContainer - [hivemq-test-hivemq-platform] [hivemq-platform-operator] [6310f130] 20:50:22.363 [ReconcilerExecutor-hivemq-controller-114] DEBUG c.h.p.o.HiveMQPlatformReconciler - [updatelo] StatefulSet Status (revision: test-hivemq-platform-b697f795f, replicas: 1, available: 1, ready: 1, current: 1, updated: 1)
2025-01-28 20:50:22,367 INFO c.h.h.t.HelmChartContainer - [hivemq-test-hivemq-platform] [hivemq-platform-operator] [6310f130] 20:50:22.363 [ReconcilerExecutor-hivemq-controller-114] DEBUG c.h.p.o.HiveMQPlatformReconciler - [updatelo] StatefulSet Spec (replicas: 2, init containers: 1, containers: 1, volumes: 3)
2025-01-28 20:50:22,367 INFO c.h.h.t.HelmChartContainer - [hivemq-test-hivemq-platform] [hivemq-platform-operator] [6310f130] 20:50:22.365 [ReconcilerExecutor-hivemq-controller-114] DEBUG c.h.p.o.h.HiveMQPlatformReconcilerErrorHandler - [updatelo] Pod 'test-hivemq-platform-0' phase Running
2025-01-28 20:50:22,368 INFO c.h.h.t.HelmChartContainer - [hivemq-test-hivemq-platform] [hivemq-platform-operator] [6310f130] 20:50:22.366 [ReconcilerExecutor-hivemq-controller-114] INFO  c.h.p.o.h.HiveMQPlatformReconcilerBaseHandler - [updatelo] Started update of log level (changing to WARN)
2025-01-28 20:50:22,372 INFO c.h.h.t.HelmChartContainer - [POD] test-hivemq-platform-1 [07c34a45-f013-47c6-8c2d-889bce00c17d] in updateloglevelit was ADDED
2025-01-28 20:50:22,381 INFO c.h.h.t.HelmChartContainer - [EVENT] Normal [SuccessfulCreate] create Pod test-hivemq-platform-1 in StatefulSet test-hivemq-platform successful [updateloglevelit:test-hivemq-platform]
2025-01-28 20:50:22,382 INFO c.h.h.t.HelmChartContainer - [POD] test-hivemq-platform-1 [07c34a45-f013-47c6-8c2d-889bce00c17d] in updateloglevelit was MODIFIED
2025-01-28 20:50:22,385 INFO c.h.h.t.HelmChartContainer - [EVENT] Normal [Scheduled] Successfully assigned updateloglevelit/test-hivemq-platform-1 to e242dccaa35f [updateloglevelit:test-hivemq-platform-1]
2025-01-28 20:50:22,393 INFO c.h.h.t.HelmChartContainer - [POD] test-hivemq-platform-1 [07c34a45-f013-47c6-8c2d-889bce00c17d] in updateloglevelit was MODIFIED
2025-01-28 20:50:22,418 INFO c.h.h.t.HelmChartContainer - [K3S] [reconciler_common.go:251] "operationExecutor.VerifyControllerAttachedVolume started for volume \"operator-init\" (UniqueName: \"kubernetes.io/empty-dir/07c34a45-f013-47c6-8c2d-889bce00c17d-operator-init\") pod \"test-hivemq-platform-1\" (UID: \"07c34a45-f013-47c6-8c2d-889bce00c17d\") " pod="updateloglevelit/test-hivemq-platform-1"
2025-01-28 20:50:22,418 INFO c.h.h.t.HelmChartContainer - [K3S] [reconciler_common.go:251] "operationExecutor.VerifyControllerAttachedVolume started for volume \"kube-api-access-9v76m\" (UniqueName: \"kubernetes.io/projected/07c34a45-f013-47c6-8c2d-889bce00c17d-kube-api-access-9v76m\") pod \"test-hivemq-platform-1\" (UID: \"07c34a45-f013-47c6-8c2d-889bce00c17d\") " pod="updateloglevelit/test-hivemq-platform-1"
2025-01-28 20:50:22,418 INFO c.h.h.t.HelmChartContainer - [K3S] [reconciler_common.go:251] "operationExecutor.VerifyControllerAttachedVolume started for volume \"broker-configuration\" (UniqueName: \"kubernetes.io/configmap/07c34a45-f013-47c6-8c2d-889bce00c17d-broker-configuration\") pod \"test-hivemq-platform-1\" (UID: \"07c34a45-f013-47c6-8c2d-889bce00c17d\") " pod="updateloglevelit/test-hivemq-platform-1"
2025-01-28 20:50:22,418 INFO c.h.h.t.HelmChartContainer - [K3S] [reconciler_common.go:251] "operationExecutor.VerifyControllerAttachedVolume started for volume \"pod-info\" (UniqueName: \"kubernetes.io/configmap/07c34a45-f013-47c6-8c2d-889bce00c17d-pod-info\") pod \"test-hivemq-platform-1\" (UID: \"07c34a45-f013-47c6-8c2d-889bce00c17d\") " pod="updateloglevelit/test-hivemq-platform-1"
2025-01-28 20:50:22,529 INFO c.h.h.t.HelmChartContainer - [hivemq-test-hivemq-platform] [hivemq-platform-operator] [6310f130] 20:50:22.528 [ReconcilerExecutor-hivemq-controller-114] DEBUG c.h.p.operator.event.EventSender - [updatelo] Creating K8s event set-log-level-started: [SetLogLevel] HiveMQ Platform is updating the log level to WARN
2025-01-28 20:50:22,534 INFO c.h.h.t.HelmChartContainer - [EVENT] Normal [SetLogLevel] HiveMQ Platform is updating the log level to WARN [updateloglevelit:test-hivemq-platform]
2025-01-28 20:50:22,534 INFO c.h.h.t.HelmChartContainer - [hivemq-test-hivemq-platform] [hivemq-platform-operator] [6310f130] 20:50:22.533 [ReconcilerExecutor-hivemq-controller-114] INFO  c.h.p.o.h.AbstractHiveMQReconcilerStateHandler - [updatelo] Update HiveMQ Platform Status (RUNNING [READY] -> SET_LOG_LEVEL [SET_LOG_LEVEL]): HiveMQ Platform is updating the log level to WARN (reconciliation requests: SCALING)
2025-01-28 20:50:22,556 DEBUG com.hivemq.helmcharts.util.K8sUtil - Comparing actual state 'SET_LOG_LEVEL' and waiting for 'SET_LOG_LEVEL'
2025-01-28 20:50:22,561 INFO c.h.h.t.HelmChartContainer - [hivemq-test-hivemq-platform] [hivemq-platform-operator] [6310f130] 20:50:22.560 [pool-6-thread-25] DEBUG c.h.p.o.d.PlatformServiceResource - [updatelo] Desired Platform services (3 services)
2025-01-28 20:50:22,564 DEBUG com.hivemq.helmcharts.util.K8sUtil - Comparing actual state 'SET_LOG_LEVEL' and waiting for 'RUNNING'
2025-01-28 20:50:22,564 INFO c.h.h.t.HelmChartContainer - [hivemq-test-hivemq-platform] [hivemq-platform-operator] [6310f130] 20:50:22.562 [pool-6-thread-26] DEBUG c.h.p.o.d.PodServiceAccountResource - [updatelo] Desired PodServiceAccountResource (serviceAccountName: hivemq-platform-pod-test-hivemq-platform)
2025-01-28 20:50:22,627 INFO c.h.h.t.HelmChartContainer - [hivemq-test-hivemq-platform] [hivemq-platform-operator] [6310f130] 20:50:22.626 [pool-6-thread-21] DEBUG c.h.p.o.dependants.PodInfoConfigMap - [updatelo] Desired PodInfo ConfigMap (1 extensions) (1 enabled)
2025-01-28 20:50:22,629 INFO c.h.h.t.HelmChartContainer - [hivemq-test-hivemq-platform] [hivemq-platform-operator] [6310f130] 20:50:22.626 [pool-6-thread-21] DEBUG c.h.p.o.dependants.PodInfoConfigMap - [updatelo] Desired PodInfo ConfigMap (metrics port: 9399) (metrics path: /)
2025-01-28 20:50:22,629 INFO c.h.h.t.HelmChartContainer - [hivemq-test-hivemq-platform] [hivemq-platform-operator] [6310f130] 20:50:22.626 [pool-6-thread-21] DEBUG c.h.p.o.dependants.PodInfoConfigMap - [updatelo] Desired PodInfo ConfigMap (extension state hash: -1817474005)
2025-01-28 20:50:22,630 INFO c.h.h.t.HelmChartContainer - [hivemq-test-hivemq-platform] [hivemq-platform-operator] [6310f130] 20:50:22.627 [pool-6-thread-21] DEBUG c.h.p.o.dependants.PodInfoConfigMap - [updatelo] Update PodInfo ConfigMap
2025-01-28 20:50:22,655 INFO c.h.h.t.HelmChartContainer - [hivemq-test-hivemq-platform] [hivemq-platform-operator] [6310f130] 20:50:22.655 [pool-6-thread-21] DEBUG c.h.p.o.d.StatefulSetResource - [updatelo] Desired StatefulSet (2 replicas) for status SET_LOG_LEVEL (SET_LOG_LEVEL)
2025-01-28 20:50:22,659 INFO c.h.h.t.HelmChartContainer - [hivemq-test-hivemq-platform] [hivemq-platform-operator] [6310f130] 20:50:22.659 [ReconcilerExecutor-hivemq-controller-116] INFO  c.h.p.o.HiveMQPlatformReconciler - [updatelo] Reconciling HiveMQ Platform 'test-hivemq-platform' in namespace 'updateloglevelit'
2025-01-28 20:50:22,660 INFO c.h.h.t.HelmChartContainer - [hivemq-test-hivemq-platform] [hivemq-platform-operator] [6310f130] 20:50:22.659 [ReconcilerExecutor-hivemq-controller-116] DEBUG c.h.p.o.HiveMQPlatformReconciler - [updatelo] Custom Resource Status SET_LOG_LEVEL - HiveMQ Platform is updating the log level to WARN (SET_LOG_LEVEL) (reconciliation requests: SCALING)
2025-01-28 20:50:22,660 INFO c.h.h.t.HelmChartContainer - [hivemq-test-hivemq-platform] [hivemq-platform-operator] [6310f130] 20:50:22.659 [ReconcilerExecutor-hivemq-controller-116] DEBUG c.h.p.o.HiveMQPlatformReconciler - [updatelo] Custom Resource Spec (replicas: 2) (extensions: 1)
2025-01-28 20:50:22,729 INFO c.h.h.t.HelmChartContainer - [hivemq-test-hivemq-platform] [hivemq-platform-operator] [6310f130] 20:50:22.727 [ReconcilerExecutor-hivemq-controller-116] DEBUG c.h.p.o.HiveMQPlatformReconciler - [updatelo] StatefulSet Status (revision: test-hivemq-platform-b697f795f, replicas: 2, available: 1, ready: 1, current: 2, updated: 2)
2025-01-28 20:50:22,729 INFO c.h.h.t.HelmChartContainer - [hivemq-test-hivemq-platform] [hivemq-platform-operator] [6310f130] 20:50:22.727 [ReconcilerExecutor-hivemq-controller-116] DEBUG c.h.p.o.HiveMQPlatformReconciler - [updatelo] StatefulSet Spec (replicas: 2, init containers: 1, containers: 1, volumes: 3)
2025-01-28 20:50:22,730 INFO c.h.h.t.HelmChartContainer - [hivemq-test-hivemq-platform] [hivemq-platform-operator] [6310f130] 20:50:22.729 [ReconcilerExecutor-hivemq-controller-116] DEBUG c.h.p.o.h.HiveMQPlatformReconcilerErrorHandler - [updatelo] Pod 'test-hivemq-platform-1' phase Pending
2025-01-28 20:50:22,733 INFO c.h.h.t.HelmChartContainer - [hivemq-test-hivemq-platform] [hivemq-platform-operator] [6310f130] 20:50:22.730 [ReconcilerExecutor-hivemq-controller-116] DEBUG c.h.p.o.h.HiveMQPlatformReconcilerErrorHandler - [updatelo] Pod 'test-hivemq-platform-1' condition 'PodReadyToStartContainers': False
2025-01-28 20:50:22,733 INFO c.h.h.t.HelmChartContainer - [hivemq-test-hivemq-platform] [hivemq-platform-operator] [6310f130] 20:50:22.730 [ReconcilerExecutor-hivemq-controller-116] DEBUG c.h.p.o.h.HiveMQPlatformReconcilerErrorHandler - [updatelo] Pod 'test-hivemq-platform-1' condition 'Initialized': False
2025-01-28 20:50:22,733 INFO c.h.h.t.HelmChartContainer - [hivemq-test-hivemq-platform] [hivemq-platform-operator] [6310f130] 20:50:22.730 [ReconcilerExecutor-hivemq-controller-116] DEBUG c.h.p.o.h.HiveMQPlatformReconcilerErrorHandler - [updatelo] Pod 'test-hivemq-platform-1' condition 'Ready': False
2025-01-28 20:50:22,733 INFO c.h.h.t.HelmChartContainer - [hivemq-test-hivemq-platform] [hivemq-platform-operator] [6310f130] 20:50:22.730 [ReconcilerExecutor-hivemq-controller-116] DEBUG c.h.p.o.h.HiveMQPlatformReconcilerErrorHandler - [updatelo] Pod 'test-hivemq-platform-1' condition 'ContainersReady': False
2025-01-28 20:50:22,733 INFO c.h.h.t.HelmChartContainer - [hivemq-test-hivemq-platform] [hivemq-platform-operator] [6310f130] 20:50:22.730 [ReconcilerExecutor-hivemq-controller-116] DEBUG c.h.p.o.h.HiveMQPlatformReconcilerErrorHandler - [updatelo] Pod 'test-hivemq-platform-1' condition 'PodScheduled': True
2025-01-28 20:50:22,733 INFO c.h.h.t.HelmChartContainer - [hivemq-test-hivemq-platform] [hivemq-platform-operator] [6310f130] 20:50:22.730 [ReconcilerExecutor-hivemq-controller-116] DEBUG c.h.p.o.h.HiveMQPlatformReconcilerErrorHandler - [updatelo] Pod 'test-hivemq-platform-1' containerStatus 'hivemq' (started: false) (ready: false) (waiting: [PodInitializing] null)
2025-01-28 20:50:22,734 INFO c.h.h.t.HelmChartContainer - [hivemq-test-hivemq-platform] [hivemq-platform-operator] [6310f130] 20:50:22.731 [ReconcilerExecutor-hivemq-controller-116] DEBUG c.h.p.o.h.HiveMQPlatformReconcilerErrorHandler - [updatelo] Pod 'test-hivemq-platform-0' phase Running
2025-01-28 20:50:22,760 INFO c.h.h.t.HelmChartContainer - [hivemq-test-hivemq-platform] [hivemq-platform-operator] [6310f130] 20:50:22.759 [ReconcilerExecutor-hivemq-controller-116] DEBUG c.h.p.o.h.HiveMQPlatformReconcilerSetLogLevelHandler - [updatelo] Setting log level on Pod 'test-hivemq-platform-1'
2025-01-28 20:50:22,761 INFO c.h.h.t.HelmChartContainer - [hivemq-test-hivemq-platform] [hivemq-platform-operator] [6310f130] 20:50:22.760 [ForkJoinPool.commonPool-worker-1] DEBUG c.h.p.o.h.HiveMQPlatformReconcilerSetLogLevelHandler - [updatelo] Setting log level on Pod 'test-hivemq-platform-0'
2025-01-28 20:50:22,776 INFO c.h.h.t.HelmChartContainer - [EVENT] Normal [Pulled] Container image "docker.io/hivemq/hivemq-platform-operator-init-test:snapshot" already present on machine [updateloglevelit:test-hivemq-platform-1]
2025-01-28 20:50:22,782 INFO c.h.h.t.HelmChartContainer - [EVENT] Normal [Created] Created container: hivemq-platform-operator-init [updateloglevelit:test-hivemq-platform-1]
2025-01-28 20:50:22,826 INFO c.h.h.t.HelmChartContainer - [EVENT] Normal [Started] Started container hivemq-platform-operator-init [updateloglevelit:test-hivemq-platform-1]
2025-01-28 20:50:22,832 INFO c.h.h.t.HelmChartContainer - [hivemq-test-hivemq-platform] [hivemq-platform-operator] [6310f130] 20:50:22.828 [ReconcilerExecutor-hivemq-controller-116] DEBUG c.h.platform.operator.util.PodUtil - Pod 'test-hivemq-platform-1' is not running
2025-01-28 20:50:22,834 INFO c.h.h.t.HelmChartContainer - [hivemq-test-hivemq-platform] [hivemq-platform-operator] [6310f130] 20:50:22.829 [ReconcilerExecutor-hivemq-controller-116] ERROR i.j.o.p.event.EventProcessor - Error during event processing ExecutionScope{ resource id: ResourceID{name='test-hivemq-platform', namespace='updateloglevelit'}, version: 1809}
2025-01-28 20:50:22,834 INFO c.h.h.t.HelmChartContainer - [hivemq-test-hivemq-platform] [hivemq-platform-operator] [6310f130] io.javaoperatorsdk.operator.OperatorException: java.lang.IllegalStateException: Pod 'test-hivemq-platform-1' in namespace 'updateloglevelit' is not running, cannot execute command '[curl, -s, http://null:7979/setLogLevel?level=WARN]'
2025-01-28 20:50:22,834 INFO c.h.h.t.HelmChartContainer - [hivemq-test-hivemq-platform] [hivemq-platform-operator] [6310f130] 	at io.javaoperatorsdk.operator.monitoring.micrometer.MicrometerMetrics.lambda$timeControllerExecution$0(MicrometerMetrics.java:165)
2025-01-28 20:50:22,834 INFO c.h.h.t.HelmChartContainer - [hivemq-test-hivemq-platform] [hivemq-platform-operator] [6310f130] 	at io.micrometer.core.instrument.AbstractTimer.record(AbstractTimer.java:190)
2025-01-28 20:50:22,834 INFO c.h.h.t.HelmChartContainer - [hivemq-test-hivemq-platform] [hivemq-platform-operator] [6310f130] 	at io.javaoperatorsdk.operator.monitoring.micrometer.MicrometerMetrics.timeControllerExecution(MicrometerMetrics.java:161)
2025-01-28 20:50:22,834 INFO c.h.h.t.HelmChartContainer - [hivemq-test-hivemq-platform] [hivemq-platform-operator] [6310f130] 	at io.javaoperatorsdk.operator.processing.Controller.reconcile(Controller.java:109)
2025-01-28 20:50:22,834 INFO c.h.h.t.HelmChartContainer - [hivemq-test-hivemq-platform] [hivemq-platform-operator] [6310f130] 	at io.javaoperatorsdk.operator.processing.event.ReconciliationDispatcher.reconcileExecution(ReconciliationDispatcher.java:136)
2025-01-28 20:50:22,834 INFO c.h.h.t.HelmChartContainer - [hivemq-test-hivemq-platform] [hivemq-platform-operator] [6310f130] 	at io.javaoperatorsdk.operator.processing.event.ReconciliationDispatcher.handleReconcile(ReconciliationDispatcher.java:117)
2025-01-28 20:50:22,834 INFO c.h.h.t.HelmChartContainer - [hivemq-test-hivemq-platform] [hivemq-platform-operator] [6310f130] 	at io.javaoperatorsdk.operator.processing.event.ReconciliationDispatcher.handleDispatch(ReconciliationDispatcher.java:91)
2025-01-28 20:50:22,834 INFO c.h.h.t.HelmChartContainer - [hivemq-test-hivemq-platform] [hivemq-platform-operator] [6310f130] 	at io.javaoperatorsdk.operator.processing.event.ReconciliationDispatcher.handleExecution(ReconciliationDispatcher.java:64)
2025-01-28 20:50:22,834 INFO c.h.h.t.HelmChartContainer - [hivemq-test-hivemq-platform] [hivemq-platform-operator] [6310f130] 	at io.javaoperatorsdk.operator.processing.event.EventProcessor$ReconcilerExecutor.run(EventProcessor.java:452)
2025-01-28 20:50:22,834 INFO c.h.h.t.HelmChartContainer - [hivemq-test-hivemq-platform] [hivemq-platform-operator] [6310f130] 	at java.base/java.util.concurrent.ThreadPoolExecutor.runWorker(Unknown Source)
2025-01-28 20:50:22,834 INFO c.h.h.t.HelmChartContainer - [hivemq-test-hivemq-platform] [hivemq-platform-operator] [6310f130] 	at java.base/java.util.concurrent.ThreadPoolExecutor$Worker.run(Unknown Source)
2025-01-28 20:50:22,834 INFO c.h.h.t.HelmChartContainer - [hivemq-test-hivemq-platform] [hivemq-platform-operator] [6310f130] 	at java.base/java.lang.Thread.run(Unknown Source)
2025-01-28 20:50:22,834 INFO c.h.h.t.HelmChartContainer - [hivemq-test-hivemq-platform] [hivemq-platform-operator] [6310f130] Caused by: java.lang.IllegalStateException: Pod 'test-hivemq-platform-1' in namespace 'updateloglevelit' is not running, cannot execute command '[curl, -s, http://null:7979/setLogLevel?level=WARN]'
2025-01-28 20:50:22,834 INFO c.h.h.t.HelmChartContainer - [hivemq-test-hivemq-platform] [hivemq-platform-operator] [6310f130] 	at com.hivemq.platform.operator.util.PodUtil.execute(PodUtil.java:74)
2025-01-28 20:50:22,834 INFO c.h.h.t.HelmChartContainer - [hivemq-test-hivemq-platform] [hivemq-platform-operator] [6310f130] 	at com.hivemq.platform.operator.util.RestApiUtil.lambda$callRestApi$1(RestApiUtil.java:44)
2025-01-28 20:50:22,834 INFO c.h.h.t.HelmChartContainer - [hivemq-test-hivemq-platform] [hivemq-platform-operator] [6310f130] 	at java.base/java.util.stream.ForEachOps$ForEachOp$OfRef.accept(Unknown Source)
2025-01-28 20:50:22,834 INFO c.h.h.t.HelmChartContainer - [hivemq-test-hivemq-platform] [hivemq-platform-operator] [6310f130] 	at java.base/java.util.stream.ReferencePipeline$2$1.accept(Unknown Source)
2025-01-28 20:50:22,834 INFO c.h.h.t.HelmChartContainer - [hivemq-test-hivemq-platform] [hivemq-platform-operator] [6310f130] 	at java.base/java.util.ArrayList$ArrayListSpliterator.forEachRemaining(Unknown Source)
2025-01-28 20:50:22,834 INFO c.h.h.t.HelmChartContainer - [hivemq-test-hivemq-platform] [hivemq-platform-operator] [6310f130] 	at java.base/java.util.stream.AbstractPipeline.copyInto(Unknown Source)
2025-01-28 20:50:22,834 INFO c.h.h.t.HelmChartContainer - [hivemq-test-hivemq-platform] [hivemq-platform-operator] [6310f130] 	at java.base/java.util.stream.ForEachOps$ForEachTask.compute(Unknown Source)
2025-01-28 20:50:22,834 INFO c.h.h.t.HelmChartContainer - [hivemq-test-hivemq-platform] [hivemq-platform-operator] [6310f130] 	at java.base/java.util.concurrent.CountedCompleter.exec(Unknown Source)
2025-01-28 20:50:22,835 INFO c.h.h.t.HelmChartContainer - [hivemq-test-hivemq-platform] [hivemq-platform-operator] [6310f130] 	at java.base/java.util.concurrent.ForkJoinTask.doExec(Unknown Source)
2025-01-28 20:50:22,835 INFO c.h.h.t.HelmChartContainer - [hivemq-test-hivemq-platform] [hivemq-platform-operator] [6310f130] 	at java.base/java.util.concurrent.ForkJoinTask.invoke(Unknown Source)
2025-01-28 20:50:22,835 INFO c.h.h.t.HelmChartContainer - [hivemq-test-hivemq-platform] [hivemq-platform-operator] [6310f130] 	at java.base/java.util.stream.ForEachOps$ForEachOp.evaluateParallel(Unknown Source)
2025-01-28 20:50:22,835 INFO c.h.h.t.HelmChartContainer - [hivemq-test-hivemq-platform] [hivemq-platform-operator] [6310f130] 	at java.base/java.util.stream.ForEachOps$ForEachOp$OfRef.evaluateParallel(Unknown Source)
2025-01-28 20:50:22,835 INFO c.h.h.t.HelmChartContainer - [hivemq-test-hivemq-platform] [hivemq-platform-operator] [6310f130] 	at java.base/java.util.stream.AbstractPipeline.evaluate(Unknown Source)
2025-01-28 20:50:22,835 INFO c.h.h.t.HelmChartContainer - [hivemq-test-hivemq-platform] [hivemq-platform-operator] [6310f130] 	at java.base/java.util.stream.ReferencePipeline.forEach(Unknown Source)
2025-01-28 20:50:22,835 INFO c.h.h.t.HelmChartContainer - [hivemq-test-hivemq-platform] [hivemq-platform-operator] [6310f130] 	at com.hivemq.platform.operator.util.RestApiUtil.callRestApi(RestApiUtil.java:40)
2025-01-28 20:50:22,835 INFO c.h.h.t.HelmChartContainer - [hivemq-test-hivemq-platform] [hivemq-platform-operator] [6310f130] 	at com.hivemq.platform.operator.http.RestApiService.callRestApi(RestApiService.java:63)
2025-01-28 20:50:22,835 INFO c.h.h.t.HelmChartContainer - [hivemq-test-hivemq-platform] [hivemq-platform-operator] [6310f130] 	at com.hivemq.platform.operator.handler.HiveMQPlatformReconcilerSetLogLevelHandler.handleSetLogLevel(HiveMQPlatformReconcilerSetLogLevelHandler.java:49)
2025-01-28 20:50:22,835 INFO c.h.h.t.HelmChartContainer - [hivemq-test-hivemq-platform] [hivemq-platform-operator] [6310f130] 	at com.hivemq.platform.operator.HiveMQPlatformReconciler.reconcile(HiveMQPlatformReconciler.java:243)
2025-01-28 20:50:22,835 INFO c.h.h.t.HelmChartContainer - [hivemq-test-hivemq-platform] [hivemq-platform-operator] [6310f130] 	at com.hivemq.platform.operator.HiveMQPlatformReconciler.reconcile(HiveMQPlatformReconciler.java:227)
2025-01-28 20:50:22,835 INFO c.h.h.t.HelmChartContainer - [hivemq-test-hivemq-platform] [hivemq-platform-operator] [6310f130] 	at com.hivemq.platform.operator.HiveMQPlatformReconciler.reconcile(HiveMQPlatformReconciler.java:71)
2025-01-28 20:50:22,835 INFO c.h.h.t.HelmChartContainer - [hivemq-test-hivemq-platform] [hivemq-platform-operator] [6310f130] 	at io.javaoperatorsdk.operator.processing.Controller$1.execute(Controller.java:149)
2025-01-28 20:50:22,835 INFO c.h.h.t.HelmChartContainer - [hivemq-test-hivemq-platform] [hivemq-platform-operator] [6310f130] 	at io.javaoperatorsdk.operator.processing.Controller$1.execute(Controller.java:110)
2025-01-28 20:50:22,835 INFO c.h.h.t.HelmChartContainer - [hivemq-test-hivemq-platform] [hivemq-platform-operator] [6310f130] 	at io.javaoperatorsdk.operator.monitoring.micrometer.MicrometerMetrics.lambda$timeControllerExecution$0(MicrometerMetrics.java:163)
2025-01-28 20:50:22,835 INFO c.h.h.t.HelmChartContainer - [hivemq-test-hivemq-platform] [hivemq-platform-operator] [6310f130] 	... 11 common frames omitted
2025-01-28 20:50:22,984 INFO c.h.h.t.HelmChartContainer - [test-hivemq-platform] [hivemq] [4943d4ac] INFO  - [HiveMQ Platform Operator Init App 1.7.0-SNAPSHOT] Set log level from ${HIVEMQ_LOG_LEVEL:-INFO} to WARN in logback.xml file
2025-01-28 20:50:23,000 INFO c.h.h.t.HelmChartContainer - [hivemq-test-hivemq-platform] [hivemq-platform-operator] [6310f130] 20:50:22.999 [vert.x-eventloop-thread-0] DEBUG c.h.platform.operator.util.PodUtil - Received status for command '[curl, -s, http://10.42.0.16:7979/setLogLevel?level=WARN]' on Pod 'test-hivemq-platform-0' (exit code: 0)
2025-01-28 20:50:23,333 INFO c.h.h.t.HelmChartContainer - [EVENT] Normal [Pulled] Container image "docker.io/hivemq/hivemq4:4.36.0" already present on machine [updateloglevelit:test-hivemq-platform-1]
2025-01-28 20:50:23,333 INFO c.h.h.t.HelmChartContainer - Received Pulled event for container hivemq in pod test-hivemq-platform-1 [07c34a45-f013-47c6-8c2d-889bce00c17d]
2025-01-28 20:50:23,340 INFO c.h.h.t.HelmChartContainer - [POD] test-hivemq-platform-1 [07c34a45-f013-47c6-8c2d-889bce00c17d] in updateloglevelit was MODIFIED
2025-01-28 20:50:23,342 INFO c.h.h.t.HelmChartContainer - [EVENT] Normal [Created] Created container: hivemq [updateloglevelit:test-hivemq-platform-1]
2025-01-28 20:50:23,342 INFO c.h.h.t.HelmChartContainer - Received Created event for container hivemq in pod test-hivemq-platform-1 [07c34a45-f013-47c6-8c2d-889bce00c17d]
2025-01-28 20:50:23,372 INFO c.h.h.t.HelmChartContainer - [hivemq-test-hivemq-platform] [hivemq-platform-operator] [6310f130] 20:50:23.368 [pool-6-thread-32] DEBUG c.h.p.o.d.PlatformServiceResource - [updatelo] Desired Platform services (3 services)
2025-01-28 20:50:23,383 INFO c.h.h.t.HelmChartContainer - [hivemq-test-hivemq-platform] [hivemq-platform-operator] [6310f130] 20:50:23.370 [pool-6-thread-33] DEBUG c.h.p.o.dependants.PodInfoConfigMap - [updatelo] Desired PodInfo ConfigMap (1 extensions) (1 enabled)
2025-01-28 20:50:23,384 INFO c.h.h.t.HelmChartContainer - [hivemq-test-hivemq-platform] [hivemq-platform-operator] [6310f130] 20:50:23.370 [pool-6-thread-33] DEBUG c.h.p.o.dependants.PodInfoConfigMap - [updatelo] Desired PodInfo ConfigMap (metrics port: 9399) (metrics path: /)
2025-01-28 20:50:23,384 INFO c.h.h.t.HelmChartContainer - [hivemq-test-hivemq-platform] [hivemq-platform-operator] [6310f130] 20:50:23.370 [pool-6-thread-33] DEBUG c.h.p.o.dependants.PodInfoConfigMap - [updatelo] Desired PodInfo ConfigMap (extension state hash: -1817474005)
2025-01-28 20:50:23,384 INFO c.h.h.t.HelmChartContainer - [hivemq-test-hivemq-platform] [hivemq-platform-operator] [6310f130] 20:50:23.371 [pool-6-thread-33] DEBUG c.h.p.o.d.PodServiceAccountResource - [updatelo] Desired PodServiceAccountResource (serviceAccountName: hivemq-platform-pod-test-hivemq-platform)
2025-01-28 20:50:23,427 INFO c.h.h.t.HelmChartContainer - [hivemq-test-hivemq-platform] [hivemq-platform-operator] [6310f130] 20:50:23.426 [pool-6-thread-32] DEBUG c.h.p.o.d.StatefulSetResource - [updatelo] Desired StatefulSet (2 replicas) for status SET_LOG_LEVEL (SET_LOG_LEVEL)
2025-01-28 20:50:23,452 INFO c.h.h.t.HelmChartContainer - [hivemq-test-hivemq-platform] [hivemq-platform-operator] [6310f130] 20:50:23.450 [ReconcilerExecutor-hivemq-controller-119] INFO  c.h.p.o.HiveMQPlatformReconciler - [updatelo] Reconciling HiveMQ Platform 'test-hivemq-platform' in namespace 'updateloglevelit'
2025-01-28 20:50:23,452 INFO c.h.h.t.HelmChartContainer - [hivemq-test-hivemq-platform] [hivemq-platform-operator] [6310f130] 20:50:23.451 [ReconcilerExecutor-hivemq-controller-119] DEBUG c.h.p.o.HiveMQPlatformReconciler - [updatelo] Custom Resource Status SET_LOG_LEVEL - HiveMQ Platform is updating the log level to WARN (SET_LOG_LEVEL) (reconciliation requests: SCALING)
2025-01-28 20:50:23,456 INFO c.h.h.t.HelmChartContainer - [hivemq-test-hivemq-platform] [hivemq-platform-operator] [6310f130] 20:50:23.453 [ReconcilerExecutor-hivemq-controller-119] DEBUG c.h.p.o.HiveMQPlatformReconciler - [updatelo] Custom Resource Spec (replicas: 2) (extensions: 1)
2025-01-28 20:50:23,457 INFO c.h.h.t.HelmChartContainer - [hivemq-test-hivemq-platform] [hivemq-platform-operator] [6310f130] 20:50:23.454 [ReconcilerExecutor-hivemq-controller-119] DEBUG c.h.p.o.HiveMQPlatformReconciler - [updatelo] StatefulSet Status (revision: test-hivemq-platform-b697f795f, replicas: 2, available: 1, ready: 1, current: 2, updated: 2)
2025-01-28 20:50:23,457 INFO c.h.h.t.HelmChartContainer - [hivemq-test-hivemq-platform] [hivemq-platform-operator] [6310f130] 20:50:23.454 [ReconcilerExecutor-hivemq-controller-119] DEBUG c.h.p.o.HiveMQPlatformReconciler - [updatelo] StatefulSet Spec (replicas: 2, init containers: 1, containers: 1, volumes: 3)
2025-01-28 20:50:23,457 INFO c.h.h.t.HelmChartContainer - [hivemq-test-hivemq-platform] [hivemq-platform-operator] [6310f130] 20:50:23.455 [ReconcilerExecutor-hivemq-controller-119] DEBUG c.h.p.o.h.HiveMQPlatformReconcilerErrorHandler - [updatelo] Pod 'test-hivemq-platform-1' phase Pending
2025-01-28 20:50:23,457 INFO c.h.h.t.HelmChartContainer - [hivemq-test-hivemq-platform] [hivemq-platform-operator] [6310f130] 20:50:23.456 [ReconcilerExecutor-hivemq-controller-119] DEBUG c.h.p.o.h.HiveMQPlatformReconcilerErrorHandler - [updatelo] Pod 'test-hivemq-platform-1' condition 'PodReadyToStartContainers': True
2025-01-28 20:50:23,458 INFO c.h.h.t.HelmChartContainer - [hivemq-test-hivemq-platform] [hivemq-platform-operator] [6310f130] 20:50:23.456 [ReconcilerExecutor-hivemq-controller-119] DEBUG c.h.p.o.h.HiveMQPlatformReconcilerErrorHandler - [updatelo] Pod 'test-hivemq-platform-1' condition 'Initialized': True
2025-01-28 20:50:23,458 INFO c.h.h.t.HelmChartContainer - [hivemq-test-hivemq-platform] [hivemq-platform-operator] [6310f130] 20:50:23.456 [ReconcilerExecutor-hivemq-controller-119] DEBUG c.h.p.o.h.HiveMQPlatformReconcilerErrorHandler - [updatelo] Pod 'test-hivemq-platform-1' condition 'Ready': False
2025-01-28 20:50:23,458 INFO c.h.h.t.HelmChartContainer - [hivemq-test-hivemq-platform] [hivemq-platform-operator] [6310f130] 20:50:23.456 [ReconcilerExecutor-hivemq-controller-119] DEBUG c.h.p.o.h.HiveMQPlatformReconcilerErrorHandler - [updatelo] Pod 'test-hivemq-platform-1' condition 'ContainersReady': False
2025-01-28 20:50:23,458 INFO c.h.h.t.HelmChartContainer - [hivemq-test-hivemq-platform] [hivemq-platform-operator] [6310f130] 20:50:23.456 [ReconcilerExecutor-hivemq-controller-119] DEBUG c.h.p.o.h.HiveMQPlatformReconcilerErrorHandler - [updatelo] Pod 'test-hivemq-platform-1' condition 'PodScheduled': True
2025-01-28 20:50:23,458 INFO c.h.h.t.HelmChartContainer - [hivemq-test-hivemq-platform] [hivemq-platform-operator] [6310f130] 20:50:23.456 [ReconcilerExecutor-hivemq-controller-119] DEBUG c.h.p.o.h.HiveMQPlatformReconcilerErrorHandler - [updatelo] Pod 'test-hivemq-platform-1' containerStatus 'hivemq' (started: false) (ready: false) (waiting: [PodInitializing] null)
2025-01-28 20:50:23,459 INFO c.h.h.t.HelmChartContainer - [hivemq-test-hivemq-platform] [hivemq-platform-operator] [6310f130] 20:50:23.458 [ReconcilerExecutor-hivemq-controller-119] DEBUG c.h.p.o.h.HiveMQPlatformReconcilerErrorHandler - [updatelo] Pod 'test-hivemq-platform-0' phase Running
2025-01-28 20:50:23,470 INFO c.h.h.t.HelmChartContainer - [hivemq-test-hivemq-platform] [hivemq-platform-operator] [6310f130] 20:50:23.468 [ReconcilerExecutor-hivemq-controller-119] DEBUG c.h.p.o.h.HiveMQPlatformReconcilerSetLogLevelHandler - [updatelo] Setting log level on Pod 'test-hivemq-platform-1'
2025-01-28 20:50:23,472 INFO c.h.h.t.HelmChartContainer - [hivemq-test-hivemq-platform] [hivemq-platform-operator] [6310f130] 20:50:23.468 [ForkJoinPool.commonPool-worker-1] DEBUG c.h.p.o.h.HiveMQPlatformReconcilerSetLogLevelHandler - [updatelo] Setting log level on Pod 'test-hivemq-platform-0'
2025-01-28 20:50:23,551 INFO c.h.h.t.HelmChartContainer - [hivemq-test-hivemq-platform] [hivemq-platform-operator] [6310f130] 20:50:23.548 [ReconcilerExecutor-hivemq-controller-119] DEBUG c.h.platform.operator.util.PodUtil - Pod 'test-hivemq-platform-1' is not running
2025-01-28 20:50:23,551 INFO c.h.h.t.HelmChartContainer - [hivemq-test-hivemq-platform] [hivemq-platform-operator] [6310f130] 20:50:23.549 [ReconcilerExecutor-hivemq-controller-119] ERROR i.j.o.p.event.EventProcessor - Error during event processing ExecutionScope{ resource id: ResourceID{name='test-hivemq-platform', namespace='updateloglevelit'}, version: 1809}
2025-01-28 20:50:23,551 INFO c.h.h.t.HelmChartContainer - [hivemq-test-hivemq-platform] [hivemq-platform-operator] [6310f130] io.javaoperatorsdk.operator.OperatorException: java.lang.IllegalStateException: Pod 'test-hivemq-platform-1' in namespace 'updateloglevelit' is not running, cannot execute command '[curl, -s, http://10.42.0.17:7979/setLogLevel?level=WARN]'
2025-01-28 20:50:23,551 INFO c.h.h.t.HelmChartContainer - [hivemq-test-hivemq-platform] [hivemq-platform-operator] [6310f130] 	at io.javaoperatorsdk.operator.monitoring.micrometer.MicrometerMetrics.lambda$timeControllerExecution$0(MicrometerMetrics.java:165)
2025-01-28 20:50:23,551 INFO c.h.h.t.HelmChartContainer - [hivemq-test-hivemq-platform] [hivemq-platform-operator] [6310f130] 	at io.micrometer.core.instrument.AbstractTimer.record(AbstractTimer.java:190)
2025-01-28 20:50:23,551 INFO c.h.h.t.HelmChartContainer - [hivemq-test-hivemq-platform] [hivemq-platform-operator] [6310f130] 	at io.javaoperatorsdk.operator.monitoring.micrometer.MicrometerMetrics.timeControllerExecution(MicrometerMetrics.java:161)
2025-01-28 20:50:23,551 INFO c.h.h.t.HelmChartContainer - [hivemq-test-hivemq-platform] [hivemq-platform-operator] [6310f130] 	at io.javaoperatorsdk.operator.processing.Controller.reconcile(Controller.java:109)
2025-01-28 20:50:23,551 INFO c.h.h.t.HelmChartContainer - [hivemq-test-hivemq-platform] [hivemq-platform-operator] [6310f130] 	at io.javaoperatorsdk.operator.processing.event.ReconciliationDispatcher.reconcileExecution(ReconciliationDispatcher.java:136)
2025-01-28 20:50:23,551 INFO c.h.h.t.HelmChartContainer - [hivemq-test-hivemq-platform] [hivemq-platform-operator] [6310f130] 	at io.javaoperatorsdk.operator.processing.event.ReconciliationDispatcher.handleReconcile(ReconciliationDispatcher.java:117)
2025-01-28 20:50:23,551 INFO c.h.h.t.HelmChartContainer - [hivemq-test-hivemq-platform] [hivemq-platform-operator] [6310f130] 	at io.javaoperatorsdk.operator.processing.event.ReconciliationDispatcher.handleDispatch(ReconciliationDispatcher.java:91)
2025-01-28 20:50:23,551 INFO c.h.h.t.HelmChartContainer - [hivemq-test-hivemq-platform] [hivemq-platform-operator] [6310f130] 	at io.javaoperatorsdk.operator.processing.event.ReconciliationDispatcher.handleExecution(ReconciliationDispatcher.java:64)
2025-01-28 20:50:23,551 INFO c.h.h.t.HelmChartContainer - [hivemq-test-hivemq-platform] [hivemq-platform-operator] [6310f130] 	at io.javaoperatorsdk.operator.processing.event.EventProcessor$ReconcilerExecutor.run(EventProcessor.java:452)
2025-01-28 20:50:23,551 INFO c.h.h.t.HelmChartContainer - [hivemq-test-hivemq-platform] [hivemq-platform-operator] [6310f130] 	at java.base/java.util.concurrent.ThreadPoolExecutor.runWorker(Unknown Source)
2025-01-28 20:50:23,551 INFO c.h.h.t.HelmChartContainer - [hivemq-test-hivemq-platform] [hivemq-platform-operator] [6310f130] 	at java.base/java.util.concurrent.ThreadPoolExecutor$Worker.run(Unknown Source)
2025-01-28 20:50:23,551 INFO c.h.h.t.HelmChartContainer - [hivemq-test-hivemq-platform] [hivemq-platform-operator] [6310f130] 	at java.base/java.lang.Thread.run(Unknown Source)
2025-01-28 20:50:23,551 INFO c.h.h.t.HelmChartContainer - [hivemq-test-hivemq-platform] [hivemq-platform-operator] [6310f130] Caused by: java.lang.IllegalStateException: Pod 'test-hivemq-platform-1' in namespace 'updateloglevelit' is not running, cannot execute command '[curl, -s, http://10.42.0.17:7979/setLogLevel?level=WARN]'
2025-01-28 20:50:23,551 INFO c.h.h.t.HelmChartContainer - [hivemq-test-hivemq-platform] [hivemq-platform-operator] [6310f130] 	at com.hivemq.platform.operator.util.PodUtil.execute(PodUtil.java:74)
2025-01-28 20:50:23,551 INFO c.h.h.t.HelmChartContainer - [hivemq-test-hivemq-platform] [hivemq-platform-operator] [6310f130] 	at com.hivemq.platform.operator.util.RestApiUtil.lambda$callRestApi$1(RestApiUtil.java:44)
2025-01-28 20:50:23,551 INFO c.h.h.t.HelmChartContainer - [hivemq-test-hivemq-platform] [hivemq-platform-operator] [6310f130] 	at java.base/java.util.stream.ForEachOps$ForEachOp$OfRef.accept(Unknown Source)
2025-01-28 20:50:23,551 INFO c.h.h.t.HelmChartContainer - [hivemq-test-hivemq-platform] [hivemq-platform-operator] [6310f130] 	at java.base/java.util.stream.ReferencePipeline$2$1.accept(Unknown Source)
2025-01-28 20:50:23,551 INFO c.h.h.t.HelmChartContainer - [hivemq-test-hivemq-platform] [hivemq-platform-operator] [6310f130] 	at java.base/java.util.ArrayList$ArrayListSpliterator.forEachRemaining(Unknown Source)
2025-01-28 20:50:23,551 INFO c.h.h.t.HelmChartContainer - [hivemq-test-hivemq-platform] [hivemq-platform-operator] [6310f130] 	at java.base/java.util.stream.AbstractPipeline.copyInto(Unknown Source)
2025-01-28 20:50:23,551 INFO c.h.h.t.HelmChartContainer - [hivemq-test-hivemq-platform] [hivemq-platform-operator] [6310f130] 	at java.base/java.util.stream.ForEachOps$ForEachTask.compute(Unknown Source)
2025-01-28 20:50:23,551 INFO c.h.h.t.HelmChartContainer - [hivemq-test-hivemq-platform] [hivemq-platform-operator] [6310f130] 	at java.base/java.util.concurrent.CountedCompleter.exec(Unknown Source)
2025-01-28 20:50:23,551 INFO c.h.h.t.HelmChartContainer - [hivemq-test-hivemq-platform] [hivemq-platform-operator] [6310f130] 	at java.base/java.util.concurrent.ForkJoinTask.doExec(Unknown Source)
2025-01-28 20:50:23,551 INFO c.h.h.t.HelmChartContainer - [hivemq-test-hivemq-platform] [hivemq-platform-operator] [6310f130] 	at java.base/java.util.concurrent.ForkJoinTask.invoke(Unknown Source)
2025-01-28 20:50:23,551 INFO c.h.h.t.HelmChartContainer - [hivemq-test-hivemq-platform] [hivemq-platform-operator] [6310f130] 	at java.base/java.util.stream.ForEachOps$ForEachOp.evaluateParallel(Unknown Source)
2025-01-28 20:50:23,551 INFO c.h.h.t.HelmChartContainer - [hivemq-test-hivemq-platform] [hivemq-platform-operator] [6310f130] 	at java.base/java.util.stream.ForEachOps$ForEachOp$OfRef.evaluateParallel(Unknown Source)
2025-01-28 20:50:23,551 INFO c.h.h.t.HelmChartContainer - [hivemq-test-hivemq-platform] [hivemq-platform-operator] [6310f130] 	at java.base/java.util.stream.AbstractPipeline.evaluate(Unknown Source)
2025-01-28 20:50:23,551 INFO c.h.h.t.HelmChartContainer - [hivemq-test-hivemq-platform] [hivemq-platform-operator] [6310f130] 	at java.base/java.util.stream.ReferencePipeline.forEach(Unknown Source)
2025-01-28 20:50:23,551 INFO c.h.h.t.HelmChartContainer - [hivemq-test-hivemq-platform] [hivemq-platform-operator] [6310f130] 	at com.hivemq.platform.operator.util.RestApiUtil.callRestApi(RestApiUtil.java:40)
2025-01-28 20:50:23,551 INFO c.h.h.t.HelmChartContainer - [hivemq-test-hivemq-platform] [hivemq-platform-operator] [6310f130] 	at com.hivemq.platform.operator.http.RestApiService.callRestApi(RestApiService.java:63)
2025-01-28 20:50:23,551 INFO c.h.h.t.HelmChartContainer - [hivemq-test-hivemq-platform] [hivemq-platform-operator] [6310f130] 	at com.hivemq.platform.operator.handler.HiveMQPlatformReconcilerSetLogLevelHandler.handleSetLogLevel(HiveMQPlatformReconcilerSetLogLevelHandler.java:49)
2025-01-28 20:50:23,551 INFO c.h.h.t.HelmChartContainer - [hivemq-test-hivemq-platform] [hivemq-platform-operator] [6310f130] 	at com.hivemq.platform.operator.HiveMQPlatformReconciler.reconcile(HiveMQPlatformReconciler.java:243)
2025-01-28 20:50:23,551 INFO c.h.h.t.HelmChartContainer - [hivemq-test-hivemq-platform] [hivemq-platform-operator] [6310f130] 	at com.hivemq.platform.operator.HiveMQPlatformReconciler.reconcile(HiveMQPlatformReconciler.java:227)
2025-01-28 20:50:23,551 INFO c.h.h.t.HelmChartContainer - [hivemq-test-hivemq-platform] [hivemq-platform-operator] [6310f130] 	at com.hivemq.platform.operator.HiveMQPlatformReconciler.reconcile(HiveMQPlatformReconciler.java:71)
2025-01-28 20:50:23,551 INFO c.h.h.t.HelmChartContainer - [hivemq-test-hivemq-platform] [hivemq-platform-operator] [6310f130] 	at io.javaoperatorsdk.operator.processing.Controller$1.execute(Controller.java:149)
2025-01-28 20:50:23,551 INFO c.h.h.t.HelmChartContainer - [hivemq-test-hivemq-platform] [hivemq-platform-operator] [6310f130] 	at io.javaoperatorsdk.operator.processing.Controller$1.execute(Controller.java:110)
2025-01-28 20:50:23,551 INFO c.h.h.t.HelmChartContainer - [hivemq-test-hivemq-platform] [hivemq-platform-operator] [6310f130] 	at io.javaoperatorsdk.operator.monitoring.micrometer.MicrometerMetrics.lambda$timeControllerExecution$0(MicrometerMetrics.java:163)
2025-01-28 20:50:23,551 INFO c.h.h.t.HelmChartContainer - [hivemq-test-hivemq-platform] [hivemq-platform-operator] [6310f130] 	... 11 common frames omitted
2025-01-28 20:50:23,620 INFO c.h.h.t.HelmChartContainer - [test-hivemq-platform] [hivemq] [4943d4ac] INFO  - [HiveMQ Platform Operator Init App 1.7.0-SNAPSHOT] Set log level from WARN to WARN in logback.xml file
2025-01-28 20:50:23,698 INFO c.h.h.t.HelmChartContainer - [hivemq-test-hivemq-platform] [hivemq-platform-operator] [6310f130] 20:50:23.698 [vert.x-eventloop-thread-0] DEBUG c.h.platform.operator.util.PodUtil - Received status for command '[curl, -s, http://10.42.0.16:7979/setLogLevel?level=WARN]' on Pod 'test-hivemq-platform-0' (exit code: 0)
2025-01-28 20:50:24,343 INFO c.h.h.t.HelmChartContainer - [POD] test-hivemq-platform-1 [07c34a45-f013-47c6-8c2d-889bce00c17d] in updateloglevelit was MODIFIED
2025-01-28 20:50:24,351 INFO c.h.h.t.HelmChartContainer - [hivemq-test-hivemq-platform] [hivemq-platform-operator] [6310f130] 20:50:24.348 [pool-6-thread-43] DEBUG c.h.p.o.d.PlatformServiceResource - [updatelo] Desired Platform services (3 services)
2025-01-28 20:50:24,354 INFO c.h.h.t.HelmChartContainer - [hivemq-test-hivemq-platform] [hivemq-platform-operator] [6310f130] 20:50:24.349 [pool-6-thread-46] DEBUG c.h.p.o.dependants.PodInfoConfigMap - [updatelo] Desired PodInfo ConfigMap (1 extensions) (1 enabled)
2025-01-28 20:50:24,354 INFO c.h.h.t.HelmChartContainer - [hivemq-test-hivemq-platform] [hivemq-platform-operator] [6310f130] 20:50:24.349 [pool-6-thread-46] DEBUG c.h.p.o.dependants.PodInfoConfigMap - [updatelo] Desired PodInfo ConfigMap (metrics port: 9399) (metrics path: /)
2025-01-28 20:50:24,354 INFO c.h.h.t.HelmChartContainer - [hivemq-test-hivemq-platform] [hivemq-platform-operator] [6310f130] 20:50:24.349 [pool-6-thread-46] DEBUG c.h.p.o.dependants.PodInfoConfigMap - [updatelo] Desired PodInfo ConfigMap (extension state hash: -1817474005)
2025-01-28 20:50:24,354 INFO c.h.h.t.HelmChartContainer - [hivemq-test-hivemq-platform] [hivemq-platform-operator] [6310f130] 20:50:24.349 [pool-6-thread-46] DEBUG c.h.p.o.d.PodServiceAccountResource - [updatelo] Desired PodServiceAccountResource (serviceAccountName: hivemq-platform-pod-test-hivemq-platform)
2025-01-28 20:50:24,354 INFO c.h.h.t.HelmChartContainer - [hivemq-test-hivemq-platform] [hivemq-platform-operator] [6310f130] 20:50:24.352 [pool-6-thread-43] DEBUG c.h.p.o.d.StatefulSetResource - [updatelo] Desired StatefulSet (2 replicas) for status SET_LOG_LEVEL (SET_LOG_LEVEL)
2025-01-28 20:50:24,355 INFO c.h.h.t.HelmChartContainer - [EVENT] Normal [Started] Started container hivemq [updateloglevelit:test-hivemq-platform-1]
2025-01-28 20:50:24,355 INFO c.h.h.t.HelmChartContainer - Received Started event for container hivemq in pod test-hivemq-platform-1 [07c34a45-f013-47c6-8c2d-889bce00c17d]
2025-01-28 20:50:24,355 INFO c.h.h.t.HelmChartContainer - Started log watcher for hivemq in pod test-hivemq-platform-1 [07c34a45-f013-47c6-8c2d-889bce00c17d]
2025-01-28 20:50:24,355 INFO c.h.h.t.HelmChartContainer - [test-hivemq-platform] [hivemq] [07c34a45] Adding pre-installed HiveMQ Platform Operator extensions
2025-01-28 20:50:24,355 INFO c.h.h.t.HelmChartContainer - [test-hivemq-platform] [hivemq] [07c34a45] Running as user 10000
2025-01-28 20:50:24,355 INFO c.h.h.t.HelmChartContainer - [test-hivemq-platform] [hivemq] [07c34a45] Starting HiveMQ Platform Operator Init
2025-01-28 20:50:24,357 INFO c.h.h.t.HelmChartContainer - [hivemq-test-hivemq-platform] [hivemq-platform-operator] [6310f130] 20:50:24.357 [ReconcilerExecutor-hivemq-controller-120] INFO  c.h.p.o.HiveMQPlatformReconciler - [updatelo] Reconciling HiveMQ Platform 'test-hivemq-platform' in namespace 'updateloglevelit'
2025-01-28 20:50:24,359 INFO c.h.h.t.HelmChartContainer - [hivemq-test-hivemq-platform] [hivemq-platform-operator] [6310f130] 20:50:24.357 [ReconcilerExecutor-hivemq-controller-120] DEBUG c.h.p.o.HiveMQPlatformReconciler - [updatelo] Custom Resource Status SET_LOG_LEVEL - HiveMQ Platform is updating the log level to WARN (SET_LOG_LEVEL) (reconciliation requests: SCALING)
2025-01-28 20:50:24,359 INFO c.h.h.t.HelmChartContainer - [hivemq-test-hivemq-platform] [hivemq-platform-operator] [6310f130] 20:50:24.357 [ReconcilerExecutor-hivemq-controller-120] DEBUG c.h.p.o.HiveMQPlatformReconciler - [updatelo] Custom Resource Spec (replicas: 2) (extensions: 1)
2025-01-28 20:50:24,363 INFO c.h.h.t.HelmChartContainer - [hivemq-test-hivemq-platform] [hivemq-platform-operator] [6310f130] 20:50:24.360 [ReconcilerExecutor-hivemq-controller-120] DEBUG c.h.p.o.HiveMQPlatformReconciler - [updatelo] StatefulSet Status (revision: test-hivemq-platform-b697f795f, replicas: 2, available: 1, ready: 1, current: 2, updated: 2)
2025-01-28 20:50:24,363 INFO c.h.h.t.HelmChartContainer - [hivemq-test-hivemq-platform] [hivemq-platform-operator] [6310f130] 20:50:24.360 [ReconcilerExecutor-hivemq-controller-120] DEBUG c.h.p.o.HiveMQPlatformReconciler - [updatelo] StatefulSet Spec (replicas: 2, init containers: 1, containers: 1, volumes: 3)
2025-01-28 20:50:24,363 INFO c.h.h.t.HelmChartContainer - [hivemq-test-hivemq-platform] [hivemq-platform-operator] [6310f130] 20:50:24.362 [ReconcilerExecutor-hivemq-controller-120] DEBUG c.h.p.o.h.HiveMQPlatformReconcilerErrorHandler - [updatelo] Pod 'test-hivemq-platform-1' phase Running
2025-01-28 20:50:24,367 INFO c.h.h.t.HelmChartContainer - [hivemq-test-hivemq-platform] [hivemq-platform-operator] [6310f130] 20:50:24.365 [ReconcilerExecutor-hivemq-controller-120] DEBUG c.h.p.o.h.HiveMQPlatformReconcilerErrorHandler - [updatelo] Pod 'test-hivemq-platform-0' phase Running
2025-01-28 20:50:24,461 INFO c.h.h.t.HelmChartContainer - [hivemq-test-hivemq-platform] [hivemq-platform-operator] [6310f130] 20:50:24.459 [ReconcilerExecutor-hivemq-controller-120] DEBUG c.h.p.o.h.HiveMQPlatformReconcilerSetLogLevelHandler - [updatelo] Setting log level on Pod 'test-hivemq-platform-1'
2025-01-28 20:50:24,461 INFO c.h.h.t.HelmChartContainer - [hivemq-test-hivemq-platform] [hivemq-platform-operator] [6310f130] 20:50:24.459 [ForkJoinPool.commonPool-worker-1] DEBUG c.h.p.o.h.HiveMQPlatformReconcilerSetLogLevelHandler - [updatelo] Setting log level on Pod 'test-hivemq-platform-0'
2025-01-28 20:50:24,669 INFO c.h.h.t.HelmChartContainer - [hivemq-test-hivemq-platform] [hivemq-platform-operator] [6310f130] 20:50:24.668 [vert.x-eventloop-thread-0] DEBUG c.h.platform.operator.util.PodUtil - Received status for command '[curl, -s, http://10.42.0.17:7979/setLogLevel?level=WARN]' on Pod 'test-hivemq-platform-1' (exit code: 7)
2025-01-28 20:50:24,695 INFO c.h.h.t.HelmChartContainer - [test-hivemq-platform] [hivemq] [4943d4ac] INFO  - [HiveMQ Platform Operator Init App 1.7.0-SNAPSHOT] Set log level from WARN to WARN in logback.xml file
2025-01-28 20:50:24,699 INFO c.h.h.t.HelmChartContainer - [test-hivemq-platform] [hivemq] [07c34a45] INFO  - [HiveMQ Platform Operator Init 1.7.0-SNAPSHOT] HiveMQ Platform Operator Init 1.7.0-SNAPSHOT (commit: bebf408 on branch: HEAD) built on Sun Jan 26 20:47:47 UTC 2025
2025-01-28 20:50:24,702 INFO c.h.h.t.HelmChartContainer - [hivemq-test-hivemq-platform] [hivemq-platform-operator] [6310f130] 20:50:24.700 [vert.x-eventloop-thread-0] DEBUG c.h.platform.operator.util.PodUtil - Received status for command '[curl, -s, http://10.42.0.16:7979/setLogLevel?level=WARN]' on Pod 'test-hivemq-platform-0' (exit code: 0)
2025-01-28 20:50:25,660 INFO c.h.h.t.HelmChartContainer - [hivemq-test-hivemq-platform] [hivemq-platform-operator] [6310f130] 20:50:25.657 [pool-6-thread-4] DEBUG c.h.p.o.d.PlatformServiceResource - [updatelo] Desired Platform services (3 services)
2025-01-28 20:50:25,661 INFO c.h.h.t.HelmChartContainer - [hivemq-test-hivemq-platform] [hivemq-platform-operator] [6310f130] 20:50:25.658 [pool-6-thread-3] DEBUG c.h.p.o.dependants.PodInfoConfigMap - [updatelo] Desired PodInfo ConfigMap (1 extensions) (1 enabled)
2025-01-28 20:50:25,661 INFO c.h.h.t.HelmChartContainer - [hivemq-test-hivemq-platform] [hivemq-platform-operator] [6310f130] 20:50:25.658 [pool-6-thread-3] DEBUG c.h.p.o.dependants.PodInfoConfigMap - [updatelo] Desired PodInfo ConfigMap (metrics port: 9399) (metrics path: /)
2025-01-28 20:50:25,662 INFO c.h.h.t.HelmChartContainer - [hivemq-test-hivemq-platform] [hivemq-platform-operator] [6310f130] 20:50:25.658 [pool-6-thread-3] DEBUG c.h.p.o.dependants.PodInfoConfigMap - [updatelo] Desired PodInfo ConfigMap (extension state hash: -1817474005)
2025-01-28 20:50:25,662 INFO c.h.h.t.HelmChartContainer - [hivemq-test-hivemq-platform] [hivemq-platform-operator] [6310f130] 20:50:25.659 [pool-6-thread-7] DEBUG c.h.p.o.d.PodServiceAccountResource - [updatelo] Desired PodServiceAccountResource (serviceAccountName: hivemq-platform-pod-test-hivemq-platform)
2025-01-28 20:50:25,728 INFO c.h.h.t.HelmChartContainer - [hivemq-test-hivemq-platform] [hivemq-platform-operator] [6310f130] 20:50:25.728 [pool-6-thread-4] DEBUG c.h.p.o.d.StatefulSetResource - [updatelo] Desired StatefulSet (2 replicas) for status SET_LOG_LEVEL (SET_LOG_LEVEL)
2025-01-28 20:50:25,733 INFO c.h.h.t.HelmChartContainer - [hivemq-test-hivemq-platform] [hivemq-platform-operator] [6310f130] 20:50:25.731 [ReconcilerExecutor-hivemq-controller-121] INFO  c.h.p.o.HiveMQPlatformReconciler - [updatelo] Reconciling HiveMQ Platform 'test-hivemq-platform' in namespace 'updateloglevelit'
2025-01-28 20:50:25,733 INFO c.h.h.t.HelmChartContainer - [hivemq-test-hivemq-platform] [hivemq-platform-operator] [6310f130] 20:50:25.731 [ReconcilerExecutor-hivemq-controller-121] DEBUG c.h.p.o.HiveMQPlatformReconciler - [updatelo] Custom Resource Status SET_LOG_LEVEL - HiveMQ Platform is updating the log level to WARN (SET_LOG_LEVEL) (reconciliation requests: SCALING)
2025-01-28 20:50:25,734 INFO c.h.h.t.HelmChartContainer - [hivemq-test-hivemq-platform] [hivemq-platform-operator] [6310f130] 20:50:25.731 [ReconcilerExecutor-hivemq-controller-121] DEBUG c.h.p.o.HiveMQPlatformReconciler - [updatelo] Custom Resource Spec (replicas: 2) (extensions: 1)
2025-01-28 20:50:25,734 INFO c.h.h.t.HelmChartContainer - [hivemq-test-hivemq-platform] [hivemq-platform-operator] [6310f130] 20:50:25.732 [ReconcilerExecutor-hivemq-controller-121] DEBUG c.h.p.o.HiveMQPlatformReconciler - [updatelo] StatefulSet Status (revision: test-hivemq-platform-b697f795f, replicas: 2, available: 1, ready: 1, current: 2, updated: 2)
2025-01-28 20:50:25,734 INFO c.h.h.t.HelmChartContainer - [hivemq-test-hivemq-platform] [hivemq-platform-operator] [6310f130] 20:50:25.732 [ReconcilerExecutor-hivemq-controller-121] DEBUG c.h.p.o.HiveMQPlatformReconciler - [updatelo] StatefulSet Spec (replicas: 2, init containers: 1, containers: 1, volumes: 3)
2025-01-28 20:50:25,735 INFO c.h.h.t.HelmChartContainer - [hivemq-test-hivemq-platform] [hivemq-platform-operator] [6310f130] 20:50:25.735 [ReconcilerExecutor-hivemq-controller-121] DEBUG c.h.p.o.h.HiveMQPlatformReconcilerErrorHandler - [updatelo] Pod 'test-hivemq-platform-1' phase Running
2025-01-28 20:50:25,736 INFO c.h.h.t.HelmChartContainer - [hivemq-test-hivemq-platform] [hivemq-platform-operator] [6310f130] 20:50:25.736 [ReconcilerExecutor-hivemq-controller-121] DEBUG c.h.p.o.h.HiveMQPlatformReconcilerErrorHandler - [updatelo] Pod 'test-hivemq-platform-0' phase Running
2025-01-28 20:50:25,752 INFO c.h.h.t.HelmChartContainer - [hivemq-test-hivemq-platform] [hivemq-platform-operator] [6310f130] 20:50:25.752 [ReconcilerExecutor-hivemq-controller-121] WARN  c.h.p.operator.util.RestApiUtil - [updatelo] Set log level command on Pod 'test-hivemq-platform-1' returned an empty response
2025-01-28 20:50:25,814 INFO c.h.h.t.HelmChartContainer - [test-hivemq-platform] [hivemq] [07c34a45] INFO  - [HiveMQ Platform Operator Init App 1.7.0-SNAPSHOT] Using bind address 10.42.0.17 from environment variable
2025-01-28 20:50:26,794 INFO c.h.h.t.HelmChartContainer - [test-hivemq-platform] [hivemq] [07c34a45] INFO  - [HiveMQ Platform Operator Init App 1.7.0-SNAPSHOT] HiveMQ Platform Operator Init App 1.7.0-SNAPSHOT (commit: bebf408 on branch: HEAD) built on Sun Jan 26 20:47:47 UTC 2025
2025-01-28 20:50:26,797 INFO c.h.h.t.HelmChartContainer - [test-hivemq-platform] [hivemq] [07c34a45] INFO  - [HiveMQ Platform Operator Init App 1.7.0-SNAPSHOT] PodInfo ConfigMap directory: /etc/podinfo
2025-01-28 20:50:26,797 INFO c.h.h.t.HelmChartContainer - [test-hivemq-platform] [hivemq] [07c34a45] INFO  - [HiveMQ Platform Operator Init App 1.7.0-SNAPSHOT] HiveMQ home directory: /opt/hivemq
2025-01-28 20:50:26,797 INFO c.h.h.t.HelmChartContainer - [test-hivemq-platform] [hivemq] [07c34a45] INFO  - [HiveMQ Platform Operator Init App 1.7.0-SNAPSHOT] HiveMQ Logback folder: /opt/hivemq/conf
2025-01-28 20:50:26,797 INFO c.h.h.t.HelmChartContainer - [test-hivemq-platform] [hivemq] [07c34a45] INFO  - [HiveMQ Platform Operator Init App 1.7.0-SNAPSHOT] HiveMQ Config folder: /opt/hivemq/conf-k8s
2025-01-28 20:50:26,797 INFO c.h.h.t.HelmChartContainer - [test-hivemq-platform] [hivemq] [07c34a45] INFO  - [HiveMQ Platform Operator Init App 1.7.0-SNAPSHOT] Starting HiveMQ Platform Operator Init App
2025-01-28 20:50:26,797 INFO c.h.h.t.HelmChartContainer - [test-hivemq-platform] [hivemq] [07c34a45] INFO  - [HiveMQ Platform Operator Init App 1.7.0-SNAPSHOT] Starting Pod reconciler
2025-01-28 20:50:27,867 INFO c.h.h.t.HelmChartContainer - [test-hivemq-platform] [hivemq] [07c34a45] INFO  - [HiveMQ Platform Operator Init App 1.7.0-SNAPSHOT] Pod reconciler is scheduled (interval: 5000 ms)
2025-01-28 20:50:27,868 INFO c.h.h.t.HelmChartContainer - [test-hivemq-platform] [hivemq] [07c34a45] INFO  - [HiveMQ Platform Operator Init App 1.7.0-SNAPSHOT] Starting the REST API on 10.42.0.17:7979
2025-01-28 20:50:27,871 INFO c.h.h.t.HelmChartContainer - [test-hivemq-platform] [hivemq] [07c34a45] INFO  - [HiveMQ Platform Operator Init App 1.7.0-SNAPSHOT] Waiting up to 600s for at most 2 HiveMQ nodes in cluster service hivemq-test-hivemq-platform-cluster.updateloglevelit.svc
2025-01-28 20:50:28,203 INFO c.h.h.t.HelmChartContainer - [test-hivemq-platform] [hivemq] [07c34a45] INFO  - [HiveMQ Platform Operator Init App 1.7.0-SNAPSHOT] Resolved 2 IP addresses: [10.42.0.17, 10.42.0.16]
2025-01-28 20:50:28,203 INFO c.h.h.t.HelmChartContainer - [test-hivemq-platform] [hivemq] [07c34a45] INFO  - [HiveMQ Platform Operator Init App 1.7.0-SNAPSHOT] HiveMQ node count of 2 is within threshold of 2
2025-01-28 20:50:28,203 INFO c.h.h.t.HelmChartContainer - [test-hivemq-platform] [hivemq] [07c34a45] INFO  - [HiveMQ Platform Operator Init App 1.7.0-SNAPSHOT] Waiting 15s for previous shutdown replication to finish...
2025-01-28 20:50:30,341 INFO c.h.h.t.HelmChartContainer - [test-hivemq-platform] [hivemq] [07c34a45] INFO  - [HiveMQ Platform Operator Init App 1.7.0-SNAPSHOT] Returning default Health API response 503 for readiness
2025-01-28 20:50:30,405 INFO c.h.h.t.HelmChartContainer - [EVENT] Warning [Unhealthy] Readiness probe failed: HTTP probe failed with statuscode: 503 [updateloglevelit:test-hivemq-platform-1]
2025-01-28 20:50:30,405 INFO c.h.h.t.HelmChartContainer - Received Unhealthy event for container hivemq in pod test-hivemq-platform-1 [07c34a45-f013-47c6-8c2d-889bce00c17d]
2025-01-28 20:50:32,647 INFO c.h.h.t.HelmChartContainer - [K3S] [INFO] COMPACT compactRev=2 targetCompactRev=830 currentRev=1830
2025-01-28 20:50:32,688 INFO c.h.h.t.HelmChartContainer - [K3S] [INFO] COMPACT deleted 426 rows from 828 revisions in 40.012724ms - compacted to 830/1830
2025-01-28 20:50:32,688 INFO c.h.h.t.HelmChartContainer - [K3S] [INFO] COMPACT compacted from 2 to 830 in 1 transactions over 40ms
2025-01-28 20:50:35,368 INFO c.h.h.t.HelmChartContainer - [EVENT] Warning [Unhealthy] Readiness probe failed: HTTP probe failed with statuscode: 503 [updateloglevelit:test-hivemq-platform-1]
2025-01-28 20:50:35,368 INFO c.h.h.t.HelmChartContainer - Received Unhealthy event for container hivemq in pod test-hivemq-platform-1 [07c34a45-f013-47c6-8c2d-889bce00c17d]
2025-01-28 20:50:35,431 INFO c.h.h.t.HelmChartContainer - [K3S] [info.go:53] Couldn't collect info from any of the files in "/etc/machine-id,/var/lib/dbus/machine-id"
2025-01-28 20:50:35,571 INFO c.h.h.t.HelmChartContainer - [test-hivemq-platform] [hivemq] [07c34a45] INFO  - [HiveMQ Platform Operator Init App 1.7.0-SNAPSHOT] Updating Pod HiveMQ Platform Operator Init App version annotation (version: 1.7.0-SNAPSHOT)
2025-01-28 20:50:35,758 INFO c.h.h.t.HelmChartContainer - [hivemq-test-hivemq-platform] [hivemq-platform-operator] [6310f130] 20:50:35.754 [pool-6-thread-12] DEBUG c.h.p.o.d.PlatformServiceResource - [updatelo] Desired Platform services (3 services)
2025-01-28 20:50:35,759 INFO c.h.h.t.HelmChartContainer - [hivemq-test-hivemq-platform] [hivemq-platform-operator] [6310f130] 20:50:35.756 [pool-6-thread-20] DEBUG c.h.p.o.d.PodServiceAccountResource - [updatelo] Desired PodServiceAccountResource (serviceAccountName: hivemq-platform-pod-test-hivemq-platform)
2025-01-28 20:50:35,759 INFO c.h.h.t.HelmChartContainer - [hivemq-test-hivemq-platform] [hivemq-platform-operator] [6310f130] 20:50:35.755 [pool-6-thread-13] DEBUG c.h.p.o.dependants.PodInfoConfigMap - [updatelo] Desired PodInfo ConfigMap (1 extensions) (1 enabled)
2025-01-28 20:50:35,759 INFO c.h.h.t.HelmChartContainer - [hivemq-test-hivemq-platform] [hivemq-platform-operator] [6310f130] 20:50:35.757 [pool-6-thread-13] DEBUG c.h.p.o.dependants.PodInfoConfigMap - [updatelo] Desired PodInfo ConfigMap (metrics port: 9399) (metrics path: /)
2025-01-28 20:50:35,759 INFO c.h.h.t.HelmChartContainer - [hivemq-test-hivemq-platform] [hivemq-platform-operator] [6310f130] 20:50:35.757 [pool-6-thread-13] DEBUG c.h.p.o.dependants.PodInfoConfigMap - [updatelo] Desired PodInfo ConfigMap (extension state hash: -1817474005)
2025-01-28 20:50:35,760 INFO c.h.h.t.HelmChartContainer - [hivemq-test-hivemq-platform] [hivemq-platform-operator] [6310f130] 20:50:35.759 [pool-6-thread-12] DEBUG c.h.p.o.d.StatefulSetResource - [updatelo] Desired StatefulSet (2 replicas) for status SET_LOG_LEVEL (SET_LOG_LEVEL)
2025-01-28 20:50:35,763 INFO c.h.h.t.HelmChartContainer - [hivemq-test-hivemq-platform] [hivemq-platform-operator] [6310f130] 20:50:35.762 [ReconcilerExecutor-hivemq-controller-122] INFO  c.h.p.o.HiveMQPlatformReconciler - [updatelo] Reconciling HiveMQ Platform 'test-hivemq-platform' in namespace 'updateloglevelit'
2025-01-28 20:50:35,763 INFO c.h.h.t.HelmChartContainer - [hivemq-test-hivemq-platform] [hivemq-platform-operator] [6310f130] 20:50:35.762 [ReconcilerExecutor-hivemq-controller-122] DEBUG c.h.p.o.HiveMQPlatformReconciler - [updatelo] Custom Resource Status SET_LOG_LEVEL - HiveMQ Platform is updating the log level to WARN (SET_LOG_LEVEL) (reconciliation requests: SCALING)
2025-01-28 20:50:35,766 INFO c.h.h.t.HelmChartContainer - [hivemq-test-hivemq-platform] [hivemq-platform-operator] [6310f130] 20:50:35.762 [ReconcilerExecutor-hivemq-controller-122] DEBUG c.h.p.o.HiveMQPlatformReconciler - [updatelo] Custom Resource Spec (replicas: 2) (extensions: 1)
2025-01-28 20:50:35,766 INFO c.h.h.t.HelmChartContainer - [hivemq-test-hivemq-platform] [hivemq-platform-operator] [6310f130] 20:50:35.763 [ReconcilerExecutor-hivemq-controller-122] DEBUG c.h.p.o.HiveMQPlatformReconciler - [updatelo] StatefulSet Status (revision: test-hivemq-platform-b697f795f, replicas: 2, available: 1, ready: 1, current: 2, updated: 2)
2025-01-28 20:50:35,766 INFO c.h.h.t.HelmChartContainer - [hivemq-test-hivemq-platform] [hivemq-platform-operator] [6310f130] 20:50:35.763 [ReconcilerExecutor-hivemq-controller-122] DEBUG c.h.p.o.HiveMQPlatformReconciler - [updatelo] StatefulSet Spec (replicas: 2, init containers: 1, containers: 1, volumes: 3)
2025-01-28 20:50:35,770 INFO c.h.h.t.HelmChartContainer - [hivemq-test-hivemq-platform] [hivemq-platform-operator] [6310f130] 20:50:35.764 [ReconcilerExecutor-hivemq-controller-122] DEBUG c.h.p.o.h.HiveMQPlatformReconcilerErrorHandler - [updatelo] Pod 'test-hivemq-platform-1' phase Running
2025-01-28 20:50:35,770 INFO c.h.h.t.HelmChartContainer - [hivemq-test-hivemq-platform] [hivemq-platform-operator] [6310f130] 20:50:35.765 [ReconcilerExecutor-hivemq-controller-122] DEBUG c.h.p.o.h.HiveMQPlatformReconcilerErrorHandler - [updatelo] Pod 'test-hivemq-platform-0' phase Running
2025-01-28 20:50:35,850 INFO c.h.h.t.HelmChartContainer - [hivemq-test-hivemq-platform] [hivemq-platform-operator] [6310f130] 20:50:35.848 [ForkJoinPool.commonPool-worker-1] DEBUG c.h.p.o.h.HiveMQPlatformReconcilerSetLogLevelHandler - [updatelo] Setting log level on Pod 'test-hivemq-platform-0'
2025-01-28 20:50:35,850 INFO c.h.h.t.HelmChartContainer - [hivemq-test-hivemq-platform] [hivemq-platform-operator] [6310f130] 20:50:35.848 [ReconcilerExecutor-hivemq-controller-122] DEBUG c.h.p.o.h.HiveMQPlatformReconcilerSetLogLevelHandler - [updatelo] Setting log level on Pod 'test-hivemq-platform-1'
2025-01-28 20:50:35,885 INFO c.h.h.t.HelmChartContainer - [POD] test-hivemq-platform-1 [07c34a45-f013-47c6-8c2d-889bce00c17d] in updateloglevelit was MODIFIED
2025-01-28 20:50:35,894 INFO c.h.h.t.HelmChartContainer - [test-hivemq-platform] [hivemq] [07c34a45] INFO  - [HiveMQ Platform Operator Init App 1.7.0-SNAPSHOT] Successfully updated Pod HiveMQ Platform Operator Init App version annotation (version: 1.7.0-SNAPSHOT)
2025-01-28 20:50:35,969 INFO c.h.h.t.HelmChartContainer - [EVENT] Warning [Unhealthy] Readiness probe failed: HTTP probe failed with statuscode: 503 [updateloglevelit:test-hivemq-platform-1]
2025-01-28 20:50:35,969 INFO c.h.h.t.HelmChartContainer - Received Unhealthy event for container hivemq in pod test-hivemq-platform-1 [07c34a45-f013-47c6-8c2d-889bce00c17d]
2025-01-28 20:50:35,978 INFO c.h.h.t.HelmChartContainer - [hivemq-test-hivemq-platform] [hivemq-platform-operator] [6310f130] 20:50:35.975 [pool-6-thread-29] DEBUG c.h.p.o.d.PlatformServiceResource - [updatelo] Desired Platform services (3 services)
2025-01-28 20:50:36,050 INFO c.h.h.t.HelmChartContainer - [hivemq-test-hivemq-platform] [hivemq-platform-operator] [6310f130] 20:50:36.048 [pool-6-thread-23] DEBUG c.h.p.o.d.PodServiceAccountResource - [updatelo] Desired PodServiceAccountResource (serviceAccountName: hivemq-platform-pod-test-hivemq-platform)
2025-01-28 20:50:36,051 INFO c.h.h.t.HelmChartContainer - [hivemq-test-hivemq-platform] [hivemq-platform-operator] [6310f130] 20:50:36.048 [pool-6-thread-28] DEBUG c.h.p.o.dependants.PodInfoConfigMap - [updatelo] Desired PodInfo ConfigMap (1 extensions) (1 enabled)
2025-01-28 20:50:36,051 INFO c.h.h.t.HelmChartContainer - [hivemq-test-hivemq-platform] [hivemq-platform-operator] [6310f130] 20:50:36.048 [pool-6-thread-28] DEBUG c.h.p.o.dependants.PodInfoConfigMap - [updatelo] Desired PodInfo ConfigMap (metrics port: 9399) (metrics path: /)
2025-01-28 20:50:36,051 INFO c.h.h.t.HelmChartContainer - [hivemq-test-hivemq-platform] [hivemq-platform-operator] [6310f130] 20:50:36.048 [pool-6-thread-28] DEBUG c.h.p.o.dependants.PodInfoConfigMap - [updatelo] Desired PodInfo ConfigMap (extension state hash: -1817474005)
2025-01-28 20:50:36,053 INFO c.h.h.t.HelmChartContainer - [hivemq-test-hivemq-platform] [hivemq-platform-operator] [6310f130] 20:50:36.052 [pool-6-thread-29] DEBUG c.h.p.o.d.StatefulSetResource - [updatelo] Desired StatefulSet (2 replicas) for status SET_LOG_LEVEL (SET_LOG_LEVEL)
2025-01-28 20:50:36,057 INFO c.h.h.t.HelmChartContainer - [hivemq-test-hivemq-platform] [hivemq-platform-operator] [6310f130] 20:50:36.056 [ReconcilerExecutor-hivemq-controller-123] INFO  c.h.p.o.HiveMQPlatformReconciler - [updatelo] Reconciling HiveMQ Platform 'test-hivemq-platform' in namespace 'updateloglevelit'
2025-01-28 20:50:36,057 INFO c.h.h.t.HelmChartContainer - [hivemq-test-hivemq-platform] [hivemq-platform-operator] [6310f130] 20:50:36.056 [ReconcilerExecutor-hivemq-controller-123] DEBUG c.h.p.o.HiveMQPlatformReconciler - [updatelo] Custom Resource Status SET_LOG_LEVEL - HiveMQ Platform is updating the log level to WARN (SET_LOG_LEVEL) (reconciliation requests: SCALING)
2025-01-28 20:50:36,059 INFO c.h.h.t.HelmChartContainer - [hivemq-test-hivemq-platform] [hivemq-platform-operator] [6310f130] 20:50:36.056 [ReconcilerExecutor-hivemq-controller-123] DEBUG c.h.p.o.HiveMQPlatformReconciler - [updatelo] Custom Resource Spec (replicas: 2) (extensions: 1)
2025-01-28 20:50:36,059 INFO c.h.h.t.HelmChartContainer - [hivemq-test-hivemq-platform] [hivemq-platform-operator] [6310f130] 20:50:36.057 [ReconcilerExecutor-hivemq-controller-123] DEBUG c.h.p.o.HiveMQPlatformReconciler - [updatelo] StatefulSet Status (revision: test-hivemq-platform-b697f795f, replicas: 2, available: 1, ready: 1, current: 2, updated: 2)
2025-01-28 20:50:36,059 INFO c.h.h.t.HelmChartContainer - [hivemq-test-hivemq-platform] [hivemq-platform-operator] [6310f130] 20:50:36.057 [ReconcilerExecutor-hivemq-controller-123] DEBUG c.h.p.o.HiveMQPlatformReconciler - [updatelo] StatefulSet Spec (replicas: 2, init containers: 1, containers: 1, volumes: 3)
2025-01-28 20:50:36,060 INFO c.h.h.t.HelmChartContainer - [hivemq-test-hivemq-platform] [hivemq-platform-operator] [6310f130] 20:50:36.059 [ReconcilerExecutor-hivemq-controller-123] DEBUG c.h.p.o.h.HiveMQPlatformReconcilerErrorHandler - [updatelo] Pod 'test-hivemq-platform-1' phase Running
2025-01-28 20:50:36,061 INFO c.h.h.t.HelmChartContainer - [hivemq-test-hivemq-platform] [hivemq-platform-operator] [6310f130] 20:50:36.060 [ReconcilerExecutor-hivemq-controller-123] DEBUG c.h.p.o.h.HiveMQPlatformReconcilerErrorHandler - [updatelo] Pod 'test-hivemq-platform-0' phase Running
2025-01-28 20:50:36,062 INFO c.h.h.t.HelmChartContainer - [hivemq-test-hivemq-platform] [hivemq-platform-operator] [6310f130] 20:50:36.061 [ReconcilerExecutor-hivemq-controller-123] INFO  c.h.p.operator.http.RestApiService - [updatelo] Set log level command on Pod 'test-hivemq-platform-0' is not ready yet
2025-01-28 20:50:36,079 INFO c.h.h.t.HelmChartContainer - [test-hivemq-platform] [hivemq] [4943d4ac] INFO  - [HiveMQ Platform Operator Init App 1.7.0-SNAPSHOT] Set log level from WARN to WARN in logback.xml file
2025-01-28 20:50:36,100 INFO c.h.h.t.HelmChartContainer - [hivemq-test-hivemq-platform] [hivemq-platform-operator] [6310f130] 20:50:36.099 [vert.x-eventloop-thread-0] DEBUG c.h.platform.operator.util.PodUtil - Received status for command '[curl, -s, http://10.42.0.16:7979/setLogLevel?level=WARN]' on Pod 'test-hivemq-platform-0' (exit code: 0)
2025-01-28 20:50:36,201 INFO c.h.h.t.HelmChartContainer - [test-hivemq-platform] [hivemq] [4943d4ac] INFO  - [HiveMQ Platform Operator Init App 1.7.0-SNAPSHOT] Returning Health API response 200 for liveness
2025-01-28 20:50:36,597 INFO c.h.h.t.HelmChartContainer - [test-hivemq-platform] [hivemq] [07c34a45] INFO  - [HiveMQ Platform Operator Init App 1.7.0-SNAPSHOT] Set log level from ${HIVEMQ_LOG_LEVEL:-INFO} to WARN in logback.xml file
2025-01-28 20:50:36,673 INFO c.h.h.t.HelmChartContainer - [hivemq-test-hivemq-platform] [hivemq-platform-operator] [6310f130] 20:50:36.671 [vert.x-eventloop-thread-1] DEBUG c.h.platform.operator.util.PodUtil - Received status for command '[curl, -s, http://10.42.0.17:7979/setLogLevel?level=WARN]' on Pod 'test-hivemq-platform-1' (exit code: 0)
2025-01-28 20:50:37,067 INFO c.h.h.t.HelmChartContainer - [hivemq-test-hivemq-platform] [hivemq-platform-operator] [6310f130] 20:50:37.064 [pool-6-thread-33] DEBUG c.h.p.o.d.PlatformServiceResource - [updatelo] Desired Platform services (3 services)
2025-01-28 20:50:37,067 INFO c.h.h.t.HelmChartContainer - [hivemq-test-hivemq-platform] [hivemq-platform-operator] [6310f130] 20:50:37.064 [pool-6-thread-31] DEBUG c.h.p.o.d.PodServiceAccountResource - [updatelo] Desired PodServiceAccountResource (serviceAccountName: hivemq-platform-pod-test-hivemq-platform)
2025-01-28 20:50:37,067 INFO c.h.h.t.HelmChartContainer - [hivemq-test-hivemq-platform] [hivemq-platform-operator] [6310f130] 20:50:37.065 [pool-6-thread-37] DEBUG c.h.p.o.dependants.PodInfoConfigMap - [updatelo] Desired PodInfo ConfigMap (1 extensions) (1 enabled)
2025-01-28 20:50:37,067 INFO c.h.h.t.HelmChartContainer - [hivemq-test-hivemq-platform] [hivemq-platform-operator] [6310f130] 20:50:37.065 [pool-6-thread-37] DEBUG c.h.p.o.dependants.PodInfoConfigMap - [updatelo] Desired PodInfo ConfigMap (metrics port: 9399) (metrics path: /)
2025-01-28 20:50:37,067 INFO c.h.h.t.HelmChartContainer - [hivemq-test-hivemq-platform] [hivemq-platform-operator] [6310f130] 20:50:37.065 [pool-6-thread-37] DEBUG c.h.p.o.dependants.PodInfoConfigMap - [updatelo] Desired PodInfo ConfigMap (extension state hash: -1817474005)
2025-01-28 20:50:37,069 INFO c.h.h.t.HelmChartContainer - [hivemq-test-hivemq-platform] [hivemq-platform-operator] [6310f130] 20:50:37.069 [pool-6-thread-33] DEBUG c.h.p.o.d.StatefulSetResource - [updatelo] Desired StatefulSet (2 replicas) for status SET_LOG_LEVEL (SET_LOG_LEVEL)
2025-01-28 20:50:37,072 INFO c.h.h.t.HelmChartContainer - [hivemq-test-hivemq-platform] [hivemq-platform-operator] [6310f130] 20:50:37.071 [ReconcilerExecutor-hivemq-controller-124] INFO  c.h.p.o.HiveMQPlatformReconciler - [updatelo] Reconciling HiveMQ Platform 'test-hivemq-platform' in namespace 'updateloglevelit'
2025-01-28 20:50:37,072 INFO c.h.h.t.HelmChartContainer - [hivemq-test-hivemq-platform] [hivemq-platform-operator] [6310f130] 20:50:37.071 [ReconcilerExecutor-hivemq-controller-124] DEBUG c.h.p.o.HiveMQPlatformReconciler - [updatelo] Custom Resource Status SET_LOG_LEVEL - HiveMQ Platform is updating the log level to WARN (SET_LOG_LEVEL) (reconciliation requests: SCALING)
2025-01-28 20:50:37,073 INFO c.h.h.t.HelmChartContainer - [hivemq-test-hivemq-platform] [hivemq-platform-operator] [6310f130] 20:50:37.071 [ReconcilerExecutor-hivemq-controller-124] DEBUG c.h.p.o.HiveMQPlatformReconciler - [updatelo] Custom Resource Spec (replicas: 2) (extensions: 1)
2025-01-28 20:50:37,075 INFO c.h.h.t.HelmChartContainer - [hivemq-test-hivemq-platform] [hivemq-platform-operator] [6310f130] 20:50:37.073 [ReconcilerExecutor-hivemq-controller-124] DEBUG c.h.p.o.HiveMQPlatformReconciler - [updatelo] StatefulSet Status (revision: test-hivemq-platform-b697f795f, replicas: 2, available: 1, ready: 1, current: 2, updated: 2)
2025-01-28 20:50:37,076 INFO c.h.h.t.HelmChartContainer - [hivemq-test-hivemq-platform] [hivemq-platform-operator] [6310f130] 20:50:37.073 [ReconcilerExecutor-hivemq-controller-124] DEBUG c.h.p.o.HiveMQPlatformReconciler - [updatelo] StatefulSet Spec (replicas: 2, init containers: 1, containers: 1, volumes: 3)
2025-01-28 20:50:37,076 INFO c.h.h.t.HelmChartContainer - [hivemq-test-hivemq-platform] [hivemq-platform-operator] [6310f130] 20:50:37.075 [ReconcilerExecutor-hivemq-controller-124] DEBUG c.h.p.o.h.HiveMQPlatformReconcilerErrorHandler - [updatelo] Pod 'test-hivemq-platform-1' phase Running
2025-01-28 20:50:37,077 INFO c.h.h.t.HelmChartContainer - [hivemq-test-hivemq-platform] [hivemq-platform-operator] [6310f130] 20:50:37.076 [ReconcilerExecutor-hivemq-controller-124] DEBUG c.h.p.o.h.HiveMQPlatformReconcilerErrorHandler - [updatelo] Pod 'test-hivemq-platform-0' phase Running
2025-01-28 20:50:37,078 INFO c.h.h.t.HelmChartContainer - [hivemq-test-hivemq-platform] [hivemq-platform-operator] [6310f130] 20:50:37.077 [ReconcilerExecutor-hivemq-controller-124] INFO  c.h.p.o.h.HiveMQPlatformReconcilerSetLogLevelHandler - [updatelo] Successfully updated the log level on all Pods
2025-01-28 20:50:37,156 INFO c.h.h.t.HelmChartContainer - [hivemq-test-hivemq-platform] [hivemq-platform-operator] [6310f130] 20:50:37.156 [ReconcilerExecutor-hivemq-controller-124] DEBUG c.h.p.operator.event.EventSender - [updatelo] Creating K8s event waiting-for-log-level-update: [SetLogLevel] HiveMQ Platform is updating the log level
2025-01-28 20:50:37,160 INFO c.h.h.t.HelmChartContainer - [EVENT] Normal [SetLogLevel] HiveMQ Platform is updating the log level [updateloglevelit:test-hivemq-platform]
2025-01-28 20:50:37,160 INFO c.h.h.t.HelmChartContainer - [hivemq-test-hivemq-platform] [hivemq-platform-operator] [6310f130] 20:50:37.160 [ReconcilerExecutor-hivemq-controller-124] INFO  c.h.p.o.h.AbstractHiveMQReconcilerStateHandler - [updatelo] Update HiveMQ Platform Status (SET_LOG_LEVEL [SET_LOG_LEVEL] -> SET_LOG_LEVEL [WAIT_FOR_LOG_LEVEL_UPDATE]): HiveMQ Platform is updating the log level (reconciliation requests: SCALING)
2025-01-28 20:50:37,167 DEBUG com.hivemq.helmcharts.util.K8sUtil - Comparing actual state 'SET_LOG_LEVEL' and waiting for 'RUNNING'
2025-01-28 20:50:40,889 INFO c.h.h.t.HelmChartContainer - [EVENT] Warning [Unhealthy] Readiness probe failed: HTTP probe failed with statuscode: 503 [updateloglevelit:test-hivemq-platform-1]
2025-01-28 20:50:40,889 INFO c.h.h.t.HelmChartContainer - Received Unhealthy event for container hivemq in pod test-hivemq-platform-1 [07c34a45-f013-47c6-8c2d-889bce00c17d]
2025-01-28 20:50:43,203 INFO c.h.h.t.HelmChartContainer - [test-hivemq-platform] [hivemq] [07c34a45] INFO  - [HiveMQ Platform Operator Init App 1.7.0-SNAPSHOT] Proceeding with container start
2025-01-28 20:50:43,206 INFO c.h.h.t.HelmChartContainer - [test-hivemq-platform] [hivemq] [07c34a45] INFO  - [HiveMQ Platform Operator Init App 1.7.0-SNAPSHOT] Initializing HiveMQ Platform extensions with initial configuration: {hivemq-allow-all-extension={start-priority=-1, skip-https-hostname-verification=false, restart=true, config-version=0, header-version=0, c-uri=, priority=-1, uri=preinstalled, skip-https-certificate-validation=false, enabled=true}, hivemq-prometheus-extension={start-priority=-1, priority=-1, restart=true, enabled=true, request-header-path=no-request-headers, uri=preinstalled, skip-https-certificate-validation=false, skip-https-hostname-verification=false, c-uri=}}
2025-01-28 20:50:43,216 INFO c.h.h.t.HelmChartContainer - [test-hivemq-platform] [hivemq] [07c34a45] INFO  - [HiveMQ Platform Operator Init App 1.7.0-SNAPSHOT] Extension hivemq-allow-all-extension was already enabled
2025-01-28 20:50:43,291 INFO c.h.h.t.HelmChartContainer - [test-hivemq-platform] [hivemq] [07c34a45] INFO  - [HiveMQ Platform Operator Init App 1.7.0-SNAPSHOT] Successfully enabled extension hivemq-prometheus-extension
2025-01-28 20:50:43,292 INFO c.h.h.t.HelmChartContainer - [test-hivemq-platform] [hivemq] [07c34a45] INFO  - [HiveMQ Platform Operator Init App 1.7.0-SNAPSHOT] Starting HiveMQ Platform version 4.36.0 (4.36.0)
2025-01-28 20:50:43,294 INFO c.h.h.t.HelmChartContainer - [test-hivemq-platform] [hivemq] [07c34a45] INFO  - [HiveMQ Platform Operator Init App 1.7.0-SNAPSHOT] Configuring the HiveMQ Platform
2025-01-28 20:50:43,299 INFO c.h.h.t.HelmChartContainer - [test-hivemq-platform] [hivemq] [07c34a45] INFO  - [HiveMQ Platform Operator Init App 1.7.0-SNAPSHOT] Changed logback.xml file scan period to 20 seconds
2025-01-28 20:50:43,392 INFO c.h.h.t.HelmChartContainer - [test-hivemq-platform] [hivemq] [07c34a45] INFO  - [HiveMQ Platform Operator Init App 1.7.0-SNAPSHOT] Starting the HiveMQ Platform
2025-01-28 20:50:43,395 INFO c.h.h.t.HelmChartContainer - [test-hivemq-platform] [hivemq] [07c34a45] -------------------------------------------------------------------------
2025-01-28 20:50:43,395 INFO c.h.h.t.HelmChartContainer - [test-hivemq-platform] [hivemq] [07c34a45] 
2025-01-28 20:50:43,395 INFO c.h.h.t.HelmChartContainer - [test-hivemq-platform] [hivemq] [07c34a45]                   _    _  _              __  __   ____
2025-01-28 20:50:43,395 INFO c.h.h.t.HelmChartContainer - [test-hivemq-platform] [hivemq] [07c34a45]                  | |  | |(_)            |  \/  | / __ \
2025-01-28 20:50:43,396 INFO c.h.h.t.HelmChartContainer - [test-hivemq-platform] [hivemq] [07c34a45]                  | |__| | _ __   __ ___ | \  / || |  | |
2025-01-28 20:50:43,396 INFO c.h.h.t.HelmChartContainer - [test-hivemq-platform] [hivemq] [07c34a45]                  |  __  || |\ \ / // _ \| |\/| || |  | |
2025-01-28 20:50:43,396 INFO c.h.h.t.HelmChartContainer - [test-hivemq-platform] [hivemq] [07c34a45]                  | |  | || | \ V /|  __/| |  | || |__| |
2025-01-28 20:50:43,396 INFO c.h.h.t.HelmChartContainer - [test-hivemq-platform] [hivemq] [07c34a45]                  |_|  |_||_|  \_/  \___||_|  |_| \___\_\
2025-01-28 20:50:43,396 INFO c.h.h.t.HelmChartContainer - [test-hivemq-platform] [hivemq] [07c34a45] 
2025-01-28 20:50:43,396 INFO c.h.h.t.HelmChartContainer - [test-hivemq-platform] [hivemq] [07c34a45] -------------------------------------------------------------------------
2025-01-28 20:50:43,396 INFO c.h.h.t.HelmChartContainer - [test-hivemq-platform] [hivemq] [07c34a45] 
2025-01-28 20:50:43,396 INFO c.h.h.t.HelmChartContainer - [test-hivemq-platform] [hivemq] [07c34a45]   HiveMQ Start Script for Linux/Unix v1.14
2025-01-28 20:50:43,396 INFO c.h.h.t.HelmChartContainer - [test-hivemq-platform] [hivemq] [07c34a45] 
2025-01-28 20:50:43,496 INFO c.h.h.t.HelmChartContainer - [test-hivemq-platform] [hivemq] [07c34a45] -------------------------------------------------------------------------
2025-01-28 20:50:43,496 INFO c.h.h.t.HelmChartContainer - [test-hivemq-platform] [hivemq] [07c34a45] 
2025-01-28 20:50:43,496 INFO c.h.h.t.HelmChartContainer - [test-hivemq-platform] [hivemq] [07c34a45]   HIVEMQ_HOME: /opt/hivemq
2025-01-28 20:50:43,496 INFO c.h.h.t.HelmChartContainer - [test-hivemq-platform] [hivemq] [07c34a45] 
2025-01-28 20:50:43,496 INFO c.h.h.t.HelmChartContainer - [test-hivemq-platform] [hivemq] [07c34a45]   JAVA_OPTS: -XX:+UnlockExperimentalVMOptions -XX:InitialRAMPercentage=50 -XX:MaxRAMPercentage=50 -Djava.net.preferIPv4Stack=true --add-opens java.base/java.lang=ALL-UNNAMED --add-opens java.base/java.nio=ALL-UNNAMED --add-opens java.base/sun.nio.ch=ALL-UNNAMED --add-opens jdk.management/com.sun.management.internal=ALL-UNNAMED --add-exports java.base/jdk.internal.misc=ALL-UNNAMED -Djava.security.egd=file:/dev/./urandom -Dcom.sun.management.jmxremote -Dcom.sun.management.jmxremote.port=9010 -Dcom.sun.management.jmxremote.local.only=false -Dcom.sun.management.jmxremote.authenticate=false -Dcom.sun.management.jmxremote.ssl=false -Duser.language=en -Duser.region=US -XX:+CrashOnOutOfMemoryError -XX:+HeapDumpOnOutOfMemoryError
2025-01-28 20:50:43,496 INFO c.h.h.t.HelmChartContainer - [test-hivemq-platform] [hivemq] [07c34a45] 
2025-01-28 20:50:43,496 INFO c.h.h.t.HelmChartContainer - [test-hivemq-platform] [hivemq] [07c34a45]   JAVA_VERSION: 21
2025-01-28 20:50:43,496 INFO c.h.h.t.HelmChartContainer - [test-hivemq-platform] [hivemq] [07c34a45] 
2025-01-28 20:50:43,496 INFO c.h.h.t.HelmChartContainer - [test-hivemq-platform] [hivemq] [07c34a45] -------------------------------------------------------------------------
2025-01-28 20:50:43,496 INFO c.h.h.t.HelmChartContainer - [test-hivemq-platform] [hivemq] [07c34a45] 
2025-01-28 20:50:45,800 INFO c.h.h.t.HelmChartContainer - [test-hivemq-platform] [hivemq] [07c34a45] INFO  - Starting HiveMQ Enterprise Server
2025-01-28 20:50:45,805 INFO c.h.h.t.HelmChartContainer - [test-hivemq-platform] [hivemq] [07c34a45] INFO  - HiveMQ version: 4.36.0
2025-01-28 20:50:45,805 INFO c.h.h.t.HelmChartContainer - [test-hivemq-platform] [hivemq] [07c34a45] INFO  - HiveMQ home directory: /opt/hivemq
2025-01-28 20:50:45,895 INFO c.h.h.t.HelmChartContainer - [EVENT] Warning [Unhealthy] Readiness probe failed: HTTP probe failed with statuscode: 503 [updateloglevelit:test-hivemq-platform-1]
2025-01-28 20:50:45,895 INFO c.h.h.t.HelmChartContainer - Received Unhealthy event for container hivemq in pod test-hivemq-platform-1 [07c34a45-f013-47c6-8c2d-889bce00c17d]
2025-01-28 20:50:47,174 INFO c.h.h.t.HelmChartContainer - [hivemq-test-hivemq-platform] [hivemq-platform-operator] [6310f130] 20:50:47.172 [pool-6-thread-49] DEBUG c.h.p.o.d.PlatformServiceResource - [updatelo] Desired Platform services (3 services)
2025-01-28 20:50:47,175 INFO c.h.h.t.HelmChartContainer - [hivemq-test-hivemq-platform] [hivemq-platform-operator] [6310f130] 20:50:47.172 [pool-6-thread-41] DEBUG c.h.p.o.dependants.PodInfoConfigMap - [updatelo] Desired PodInfo ConfigMap (1 extensions) (1 enabled)
2025-01-28 20:50:47,175 INFO c.h.h.t.HelmChartContainer - [hivemq-test-hivemq-platform] [hivemq-platform-operator] [6310f130] 20:50:47.173 [pool-6-thread-41] DEBUG c.h.p.o.dependants.PodInfoConfigMap - [updatelo] Desired PodInfo ConfigMap (metrics port: 9399) (metrics path: /)
2025-01-28 20:50:47,175 INFO c.h.h.t.HelmChartContainer - [hivemq-test-hivemq-platform] [hivemq-platform-operator] [6310f130] 20:50:47.173 [pool-6-thread-41] DEBUG c.h.p.o.dependants.PodInfoConfigMap - [updatelo] Desired PodInfo ConfigMap (extension state hash: -1817474005)
2025-01-28 20:50:47,175 INFO c.h.h.t.HelmChartContainer - [hivemq-test-hivemq-platform] [hivemq-platform-operator] [6310f130] 20:50:47.173 [pool-6-thread-41] DEBUG c.h.p.o.d.PodServiceAccountResource - [updatelo] Desired PodServiceAccountResource (serviceAccountName: hivemq-platform-pod-test-hivemq-platform)
2025-01-28 20:50:47,181 INFO c.h.h.t.HelmChartContainer - [hivemq-test-hivemq-platform] [hivemq-platform-operator] [6310f130] 20:50:47.179 [pool-6-thread-46] DEBUG c.h.p.o.d.StatefulSetResource - [updatelo] Desired StatefulSet (2 replicas) for status SET_LOG_LEVEL (WAIT_FOR_LOG_LEVEL_UPDATE)
2025-01-28 20:50:47,182 INFO c.h.h.t.HelmChartContainer - [hivemq-test-hivemq-platform] [hivemq-platform-operator] [6310f130] 20:50:47.181 [ReconcilerExecutor-hivemq-controller-125] INFO  c.h.p.o.HiveMQPlatformReconciler - [updatelo] Reconciling HiveMQ Platform 'test-hivemq-platform' in namespace 'updateloglevelit'
2025-01-28 20:50:47,184 INFO c.h.h.t.HelmChartContainer - [hivemq-test-hivemq-platform] [hivemq-platform-operator] [6310f130] 20:50:47.182 [ReconcilerExecutor-hivemq-controller-125] DEBUG c.h.p.o.HiveMQPlatformReconciler - [updatelo] Custom Resource Status SET_LOG_LEVEL - HiveMQ Platform is updating the log level (WAIT_FOR_LOG_LEVEL_UPDATE) (reconciliation requests: SCALING)
2025-01-28 20:50:47,184 INFO c.h.h.t.HelmChartContainer - [hivemq-test-hivemq-platform] [hivemq-platform-operator] [6310f130] 20:50:47.182 [ReconcilerExecutor-hivemq-controller-125] DEBUG c.h.p.o.HiveMQPlatformReconciler - [updatelo] Custom Resource Spec (replicas: 2) (extensions: 1)
2025-01-28 20:50:47,185 INFO c.h.h.t.HelmChartContainer - [hivemq-test-hivemq-platform] [hivemq-platform-operator] [6310f130] 20:50:47.183 [ReconcilerExecutor-hivemq-controller-125] DEBUG c.h.p.o.HiveMQPlatformReconciler - [updatelo] StatefulSet Status (revision: test-hivemq-platform-b697f795f, replicas: 2, available: 1, ready: 1, current: 2, updated: 2)
2025-01-28 20:50:47,185 INFO c.h.h.t.HelmChartContainer - [hivemq-test-hivemq-platform] [hivemq-platform-operator] [6310f130] 20:50:47.183 [ReconcilerExecutor-hivemq-controller-125] DEBUG c.h.p.o.HiveMQPlatformReconciler - [updatelo] StatefulSet Spec (replicas: 2, init containers: 1, containers: 1, volumes: 3)
2025-01-28 20:50:47,186 INFO c.h.h.t.HelmChartContainer - [hivemq-test-hivemq-platform] [hivemq-platform-operator] [6310f130] 20:50:47.185 [ReconcilerExecutor-hivemq-controller-125] DEBUG c.h.p.o.h.HiveMQPlatformReconcilerErrorHandler - [updatelo] Pod 'test-hivemq-platform-1' phase Running
2025-01-28 20:50:47,188 INFO c.h.h.t.HelmChartContainer - [hivemq-test-hivemq-platform] [hivemq-platform-operator] [6310f130] 20:50:47.186 [ReconcilerExecutor-hivemq-controller-125] DEBUG c.h.p.o.h.HiveMQPlatformReconcilerErrorHandler - [updatelo] Pod 'test-hivemq-platform-0' phase Running
2025-01-28 20:50:47,250 INFO c.h.h.t.HelmChartContainer - [hivemq-test-hivemq-platform] [hivemq-platform-operator] [6310f130] 20:50:47.248 [ForkJoinPool.commonPool-worker-1] DEBUG c.h.p.o.h.HiveMQPlatformReconcilerSetLogLevelHandler - [updatelo] Checking log level on Pod 'test-hivemq-platform-0'
2025-01-28 20:50:47,250 INFO c.h.h.t.HelmChartContainer - [hivemq-test-hivemq-platform] [hivemq-platform-operator] [6310f130] 20:50:47.248 [ReconcilerExecutor-hivemq-controller-125] DEBUG c.h.p.o.h.HiveMQPlatformReconcilerSetLogLevelHandler - [updatelo] Checking log level on Pod 'test-hivemq-platform-1'
2025-01-28 20:50:47,414 INFO c.h.h.t.HelmChartContainer - [hivemq-test-hivemq-platform] [hivemq-platform-operator] [6310f130] 20:50:47.413 [vert.x-eventloop-thread-0] DEBUG c.h.platform.operator.util.PodUtil - Received status for command '[curl, -s, http://10.42.0.16:7979/logLevel]' on Pod 'test-hivemq-platform-0' (exit code: 0)
2025-01-28 20:50:47,896 INFO c.h.h.t.HelmChartContainer - [hivemq-test-hivemq-platform] [hivemq-platform-operator] [6310f130] 20:50:47.894 [vert.x-eventloop-thread-1] DEBUG c.h.platform.operator.util.PodUtil - Received status for command '[curl, -s, http://10.42.0.17:7979/logLevel]' on Pod 'test-hivemq-platform-1' (exit code: 0)
2025-01-28 20:50:48,367 INFO c.h.h.t.HelmChartContainer - [hivemq-test-hivemq-platform] [hivemq-platform-operator] [6310f130] 20:50:48.364 [pool-6-thread-9] DEBUG c.h.p.o.d.PlatformServiceResource - [updatelo] Desired Platform services (3 services)
2025-01-28 20:50:48,367 INFO c.h.h.t.HelmChartContainer - [hivemq-test-hivemq-platform] [hivemq-platform-operator] [6310f130] 20:50:48.365 [pool-6-thread-10] DEBUG c.h.p.o.d.PodServiceAccountResource - [updatelo] Desired PodServiceAccountResource (serviceAccountName: hivemq-platform-pod-test-hivemq-platform)
2025-01-28 20:50:48,367 INFO c.h.h.t.HelmChartContainer - [hivemq-test-hivemq-platform] [hivemq-platform-operator] [6310f130] 20:50:48.365 [pool-6-thread-1] DEBUG c.h.p.o.dependants.PodInfoConfigMap - [updatelo] Desired PodInfo ConfigMap (1 extensions) (1 enabled)
2025-01-28 20:50:48,368 INFO c.h.h.t.HelmChartContainer - [hivemq-test-hivemq-platform] [hivemq-platform-operator] [6310f130] 20:50:48.367 [pool-6-thread-1] DEBUG c.h.p.o.dependants.PodInfoConfigMap - [updatelo] Desired PodInfo ConfigMap (metrics port: 9399) (metrics path: /)
2025-01-28 20:50:48,368 INFO c.h.h.t.HelmChartContainer - [hivemq-test-hivemq-platform] [hivemq-platform-operator] [6310f130] 20:50:48.367 [pool-6-thread-1] DEBUG c.h.p.o.dependants.PodInfoConfigMap - [updatelo] Desired PodInfo ConfigMap (extension state hash: -1817474005)
2025-01-28 20:50:48,371 INFO c.h.h.t.HelmChartContainer - [hivemq-test-hivemq-platform] [hivemq-platform-operator] [6310f130] 20:50:48.370 [pool-6-thread-9] DEBUG c.h.p.o.d.StatefulSetResource - [updatelo] Desired StatefulSet (2 replicas) for status SET_LOG_LEVEL (WAIT_FOR_LOG_LEVEL_UPDATE)
2025-01-28 20:50:48,374 INFO c.h.h.t.HelmChartContainer - [hivemq-test-hivemq-platform] [hivemq-platform-operator] [6310f130] 20:50:48.373 [ReconcilerExecutor-hivemq-controller-126] INFO  c.h.p.o.HiveMQPlatformReconciler - [updatelo] Reconciling HiveMQ Platform 'test-hivemq-platform' in namespace 'updateloglevelit'
2025-01-28 20:50:48,374 INFO c.h.h.t.HelmChartContainer - [hivemq-test-hivemq-platform] [hivemq-platform-operator] [6310f130] 20:50:48.373 [ReconcilerExecutor-hivemq-controller-126] DEBUG c.h.p.o.HiveMQPlatformReconciler - [updatelo] Custom Resource Status SET_LOG_LEVEL - HiveMQ Platform is updating the log level (WAIT_FOR_LOG_LEVEL_UPDATE) (reconciliation requests: SCALING)
2025-01-28 20:50:48,374 INFO c.h.h.t.HelmChartContainer - [hivemq-test-hivemq-platform] [hivemq-platform-operator] [6310f130] 20:50:48.373 [ReconcilerExecutor-hivemq-controller-126] DEBUG c.h.p.o.HiveMQPlatformReconciler - [updatelo] Custom Resource Spec (replicas: 2) (extensions: 1)
2025-01-28 20:50:48,376 INFO c.h.h.t.HelmChartContainer - [hivemq-test-hivemq-platform] [hivemq-platform-operator] [6310f130] 20:50:48.374 [ReconcilerExecutor-hivemq-controller-126] DEBUG c.h.p.o.HiveMQPlatformReconciler - [updatelo] StatefulSet Status (revision: test-hivemq-platform-b697f795f, replicas: 2, available: 1, ready: 1, current: 2, updated: 2)
2025-01-28 20:50:48,376 INFO c.h.h.t.HelmChartContainer - [hivemq-test-hivemq-platform] [hivemq-platform-operator] [6310f130] 20:50:48.374 [ReconcilerExecutor-hivemq-controller-126] DEBUG c.h.p.o.HiveMQPlatformReconciler - [updatelo] StatefulSet Spec (replicas: 2, init containers: 1, containers: 1, volumes: 3)
2025-01-28 20:50:48,376 INFO c.h.h.t.HelmChartContainer - [hivemq-test-hivemq-platform] [hivemq-platform-operator] [6310f130] 20:50:48.375 [ReconcilerExecutor-hivemq-controller-126] DEBUG c.h.p.o.h.HiveMQPlatformReconcilerErrorHandler - [updatelo] Pod 'test-hivemq-platform-1' phase Running
2025-01-28 20:50:48,377 INFO c.h.h.t.HelmChartContainer - [hivemq-test-hivemq-platform] [hivemq-platform-operator] [6310f130] 20:50:48.376 [ReconcilerExecutor-hivemq-controller-126] DEBUG c.h.p.o.h.HiveMQPlatformReconcilerErrorHandler - [updatelo] Pod 'test-hivemq-platform-0' phase Running
2025-01-28 20:50:48,378 INFO c.h.h.t.HelmChartContainer - [hivemq-test-hivemq-platform] [hivemq-platform-operator] [6310f130] 20:50:48.378 [ReconcilerExecutor-hivemq-controller-126] WARN  c.h.p.operator.util.RestApiUtil - [updatelo] Checking log level command on Pod 'test-hivemq-platform-1' returned a failure response: StatusResponse{status=INTERNAL_SERVER_ERROR, details={error=java.net.ConnectException}}
2025-01-28 20:50:50,892 INFO c.h.h.t.HelmChartContainer - [test-hivemq-platform] [hivemq] [07c34a45] WARN  - [HiveMQ Platform Operator Init App 1.7.0-SNAPSHOT] Cannot connect to Health API for readiness: null
2025-01-28 20:50:50,896 INFO c.h.h.t.HelmChartContainer - [EVENT] Warning [Unhealthy] Readiness probe failed: HTTP probe failed with statuscode: 503 [updateloglevelit:test-hivemq-platform-1]
2025-01-28 20:50:50,897 INFO c.h.h.t.HelmChartContainer - Received Unhealthy event for container hivemq in pod test-hivemq-platform-1 [07c34a45-f013-47c6-8c2d-889bce00c17d]
2025-01-28 20:50:52,694 INFO c.h.h.t.HelmChartContainer - [test-hivemq-platform] [hivemq] [07c34a45] WARN  - [HiveMQ Platform Operator Init App 1.7.0-SNAPSHOT] Cannot connect to Health API for liveness: null
2025-01-28 20:50:52,694 INFO c.h.h.t.HelmChartContainer - [test-hivemq-platform] [hivemq] [07c34a45] INFO  - [HiveMQ Platform Operator Init App 1.7.0-SNAPSHOT] Returning default Health API response 200 for liveness
2025-01-28 20:50:55,895 INFO c.h.h.t.HelmChartContainer - [test-hivemq-platform] [hivemq] [07c34a45] WARN  - [HiveMQ Platform Operator Init App 1.7.0-SNAPSHOT] Cannot connect to Health API for readiness: null
2025-01-28 20:50:55,902 INFO c.h.h.t.HelmChartContainer - [EVENT] Warning [Unhealthy] Readiness probe failed: HTTP probe failed with statuscode: 503 [updateloglevelit:test-hivemq-platform-1]
2025-01-28 20:50:55,902 INFO c.h.h.t.HelmChartContainer - Received Unhealthy event for container hivemq in pod test-hivemq-platform-1 [07c34a45-f013-47c6-8c2d-889bce00c17d]
2025-01-28 20:50:58,384 INFO c.h.h.t.HelmChartContainer - [hivemq-test-hivemq-platform] [hivemq-platform-operator] [6310f130] 20:50:58.381 [pool-6-thread-15] DEBUG c.h.p.o.d.PlatformServiceResource - [updatelo] Desired Platform services (3 services)
2025-01-28 20:50:58,384 INFO c.h.h.t.HelmChartContainer - [hivemq-test-hivemq-platform] [hivemq-platform-operator] [6310f130] 20:50:58.381 [pool-6-thread-20] DEBUG c.h.p.o.dependants.PodInfoConfigMap - [updatelo] Desired PodInfo ConfigMap (1 extensions) (1 enabled)
2025-01-28 20:50:58,384 INFO c.h.h.t.HelmChartContainer - [hivemq-test-hivemq-platform] [hivemq-platform-operator] [6310f130] 20:50:58.381 [pool-6-thread-20] DEBUG c.h.p.o.dependants.PodInfoConfigMap - [updatelo] Desired PodInfo ConfigMap (metrics port: 9399) (metrics path: /)
2025-01-28 20:50:58,384 INFO c.h.h.t.HelmChartContainer - [hivemq-test-hivemq-platform] [hivemq-platform-operator] [6310f130] 20:50:58.381 [pool-6-thread-20] DEBUG c.h.p.o.dependants.PodInfoConfigMap - [updatelo] Desired PodInfo ConfigMap (extension state hash: -1817474005)
2025-01-28 20:50:58,384 INFO c.h.h.t.HelmChartContainer - [hivemq-test-hivemq-platform] [hivemq-platform-operator] [6310f130] 20:50:58.381 [pool-6-thread-17] DEBUG c.h.p.o.d.PodServiceAccountResource - [updatelo] Desired PodServiceAccountResource (serviceAccountName: hivemq-platform-pod-test-hivemq-platform)
2025-01-28 20:50:58,386 INFO c.h.h.t.HelmChartContainer - [hivemq-test-hivemq-platform] [hivemq-platform-operator] [6310f130] 20:50:58.385 [pool-6-thread-15] DEBUG c.h.p.o.d.StatefulSetResource - [updatelo] Desired StatefulSet (2 replicas) for status SET_LOG_LEVEL (WAIT_FOR_LOG_LEVEL_UPDATE)
2025-01-28 20:50:58,390 INFO c.h.h.t.HelmChartContainer - [hivemq-test-hivemq-platform] [hivemq-platform-operator] [6310f130] 20:50:58.387 [ReconcilerExecutor-hivemq-controller-127] INFO  c.h.p.o.HiveMQPlatformReconciler - [updatelo] Reconciling HiveMQ Platform 'test-hivemq-platform' in namespace 'updateloglevelit'
2025-01-28 20:50:58,390 INFO c.h.h.t.HelmChartContainer - [hivemq-test-hivemq-platform] [hivemq-platform-operator] [6310f130] 20:50:58.388 [ReconcilerExecutor-hivemq-controller-127] DEBUG c.h.p.o.HiveMQPlatformReconciler - [updatelo] Custom Resource Status SET_LOG_LEVEL - HiveMQ Platform is updating the log level (WAIT_FOR_LOG_LEVEL_UPDATE) (reconciliation requests: SCALING)
2025-01-28 20:50:58,390 INFO c.h.h.t.HelmChartContainer - [hivemq-test-hivemq-platform] [hivemq-platform-operator] [6310f130] 20:50:58.388 [ReconcilerExecutor-hivemq-controller-127] DEBUG c.h.p.o.HiveMQPlatformReconciler - [updatelo] Custom Resource Spec (replicas: 2) (extensions: 1)
2025-01-28 20:50:58,390 INFO c.h.h.t.HelmChartContainer - [hivemq-test-hivemq-platform] [hivemq-platform-operator] [6310f130] 20:50:58.389 [ReconcilerExecutor-hivemq-controller-127] DEBUG c.h.p.o.HiveMQPlatformReconciler - [updatelo] StatefulSet Status (revision: test-hivemq-platform-b697f795f, replicas: 2, available: 1, ready: 1, current: 2, updated: 2)
2025-01-28 20:50:58,390 INFO c.h.h.t.HelmChartContainer - [hivemq-test-hivemq-platform] [hivemq-platform-operator] [6310f130] 20:50:58.389 [ReconcilerExecutor-hivemq-controller-127] DEBUG c.h.p.o.HiveMQPlatformReconciler - [updatelo] StatefulSet Spec (replicas: 2, init containers: 1, containers: 1, volumes: 3)
2025-01-28 20:50:58,392 INFO c.h.h.t.HelmChartContainer - [hivemq-test-hivemq-platform] [hivemq-platform-operator] [6310f130] 20:50:58.390 [ReconcilerExecutor-hivemq-controller-127] DEBUG c.h.p.o.h.HiveMQPlatformReconcilerErrorHandler - [updatelo] Pod 'test-hivemq-platform-1' phase Running
2025-01-28 20:50:58,394 INFO c.h.h.t.HelmChartContainer - [hivemq-test-hivemq-platform] [hivemq-platform-operator] [6310f130] 20:50:58.393 [ReconcilerExecutor-hivemq-controller-127] DEBUG c.h.p.o.h.HiveMQPlatformReconcilerErrorHandler - [updatelo] Pod 'test-hivemq-platform-0' phase Running
2025-01-28 20:50:58,450 INFO c.h.h.t.HelmChartContainer - [hivemq-test-hivemq-platform] [hivemq-platform-operator] [6310f130] 20:50:58.449 [ForkJoinPool.commonPool-worker-1] DEBUG c.h.p.o.h.HiveMQPlatformReconcilerSetLogLevelHandler - [updatelo] Checking log level on Pod 'test-hivemq-platform-0'
2025-01-28 20:50:58,451 INFO c.h.h.t.HelmChartContainer - [hivemq-test-hivemq-platform] [hivemq-platform-operator] [6310f130] 20:50:58.449 [ReconcilerExecutor-hivemq-controller-127] DEBUG c.h.p.o.h.HiveMQPlatformReconcilerSetLogLevelHandler - [updatelo] Checking log level on Pod 'test-hivemq-platform-1'
2025-01-28 20:50:58,620 INFO c.h.h.t.HelmChartContainer - [hivemq-test-hivemq-platform] [hivemq-platform-operator] [6310f130] 20:50:58.619 [vert.x-eventloop-thread-0] DEBUG c.h.platform.operator.util.PodUtil - Received status for command '[curl, -s, http://10.42.0.16:7979/logLevel]' on Pod 'test-hivemq-platform-0' (exit code: 0)
2025-01-28 20:50:58,694 INFO c.h.h.t.HelmChartContainer - [hivemq-test-hivemq-platform] [hivemq-platform-operator] [6310f130] 20:50:58.692 [vert.x-eventloop-thread-0] DEBUG c.h.platform.operator.util.PodUtil - Received status for command '[curl, -s, http://10.42.0.17:7979/logLevel]' on Pod 'test-hivemq-platform-1' (exit code: 0)
2025-01-28 20:50:59,573 INFO c.h.h.t.HelmChartContainer - [hivemq-test-hivemq-platform] [hivemq-platform-operator] [6310f130] 20:50:59.572 [pool-6-thread-23] DEBUG c.h.p.o.d.PlatformServiceResource - [updatelo] Desired Platform services (3 services)
2025-01-28 20:50:59,574 INFO c.h.h.t.HelmChartContainer - [hivemq-test-hivemq-platform] [hivemq-platform-operator] [6310f130] 20:50:59.572 [pool-6-thread-30] DEBUG c.h.p.o.dependants.PodInfoConfigMap - [updatelo] Desired PodInfo ConfigMap (1 extensions) (1 enabled)
2025-01-28 20:50:59,574 INFO c.h.h.t.HelmChartContainer - [hivemq-test-hivemq-platform] [hivemq-platform-operator] [6310f130] 20:50:59.572 [pool-6-thread-30] DEBUG c.h.p.o.dependants.PodInfoConfigMap - [updatelo] Desired PodInfo ConfigMap (metrics port: 9399) (metrics path: /)
2025-01-28 20:50:59,575 INFO c.h.h.t.HelmChartContainer - [hivemq-test-hivemq-platform] [hivemq-platform-operator] [6310f130] 20:50:59.572 [pool-6-thread-30] DEBUG c.h.p.o.dependants.PodInfoConfigMap - [updatelo] Desired PodInfo ConfigMap (extension state hash: -1817474005)
2025-01-28 20:50:59,575 INFO c.h.h.t.HelmChartContainer - [hivemq-test-hivemq-platform] [hivemq-platform-operator] [6310f130] 20:50:59.574 [pool-6-thread-25] DEBUG c.h.p.o.d.PodServiceAccountResource - [updatelo] Desired PodServiceAccountResource (serviceAccountName: hivemq-platform-pod-test-hivemq-platform)
2025-01-28 20:50:59,578 INFO c.h.h.t.HelmChartContainer - [hivemq-test-hivemq-platform] [hivemq-platform-operator] [6310f130] 20:50:59.577 [pool-6-thread-23] DEBUG c.h.p.o.d.StatefulSetResource - [updatelo] Desired StatefulSet (2 replicas) for status SET_LOG_LEVEL (WAIT_FOR_LOG_LEVEL_UPDATE)
2025-01-28 20:50:59,580 INFO c.h.h.t.HelmChartContainer - [hivemq-test-hivemq-platform] [hivemq-platform-operator] [6310f130] 20:50:59.580 [ReconcilerExecutor-hivemq-controller-128] INFO  c.h.p.o.HiveMQPlatformReconciler - [updatelo] Reconciling HiveMQ Platform 'test-hivemq-platform' in namespace 'updateloglevelit'
2025-01-28 20:50:59,581 INFO c.h.h.t.HelmChartContainer - [hivemq-test-hivemq-platform] [hivemq-platform-operator] [6310f130] 20:50:59.580 [ReconcilerExecutor-hivemq-controller-128] DEBUG c.h.p.o.HiveMQPlatformReconciler - [updatelo] Custom Resource Status SET_LOG_LEVEL - HiveMQ Platform is updating the log level (WAIT_FOR_LOG_LEVEL_UPDATE) (reconciliation requests: SCALING)
2025-01-28 20:50:59,581 INFO c.h.h.t.HelmChartContainer - [hivemq-test-hivemq-platform] [hivemq-platform-operator] [6310f130] 20:50:59.580 [ReconcilerExecutor-hivemq-controller-128] DEBUG c.h.p.o.HiveMQPlatformReconciler - [updatelo] Custom Resource Spec (replicas: 2) (extensions: 1)
2025-01-28 20:50:59,582 INFO c.h.h.t.HelmChartContainer - [hivemq-test-hivemq-platform] [hivemq-platform-operator] [6310f130] 20:50:59.581 [ReconcilerExecutor-hivemq-controller-128] DEBUG c.h.p.o.HiveMQPlatformReconciler - [updatelo] StatefulSet Status (revision: test-hivemq-platform-b697f795f, replicas: 2, available: 1, ready: 1, current: 2, updated: 2)
2025-01-28 20:50:59,582 INFO c.h.h.t.HelmChartContainer - [hivemq-test-hivemq-platform] [hivemq-platform-operator] [6310f130] 20:50:59.581 [ReconcilerExecutor-hivemq-controller-128] DEBUG c.h.p.o.HiveMQPlatformReconciler - [updatelo] StatefulSet Spec (replicas: 2, init containers: 1, containers: 1, volumes: 3)
2025-01-28 20:50:59,584 INFO c.h.h.t.HelmChartContainer - [hivemq-test-hivemq-platform] [hivemq-platform-operator] [6310f130] 20:50:59.583 [ReconcilerExecutor-hivemq-controller-128] DEBUG c.h.p.o.h.HiveMQPlatformReconcilerErrorHandler - [updatelo] Pod 'test-hivemq-platform-1' phase Running
2025-01-28 20:50:59,585 INFO c.h.h.t.HelmChartContainer - [hivemq-test-hivemq-platform] [hivemq-platform-operator] [6310f130] 20:50:59.584 [ReconcilerExecutor-hivemq-controller-128] DEBUG c.h.p.o.h.HiveMQPlatformReconcilerErrorHandler - [updatelo] Pod 'test-hivemq-platform-0' phase Running
2025-01-28 20:50:59,586 INFO c.h.h.t.HelmChartContainer - [hivemq-test-hivemq-platform] [hivemq-platform-operator] [6310f130] 20:50:59.585 [ReconcilerExecutor-hivemq-controller-128] WARN  c.h.p.operator.util.RestApiUtil - [updatelo] Checking log level command on Pod 'test-hivemq-platform-1' returned a failure response: StatusResponse{status=INTERNAL_SERVER_ERROR, details={error=java.net.ConnectException}}
2025-01-28 20:51:00,895 INFO c.h.h.t.HelmChartContainer - [test-hivemq-platform] [hivemq] [07c34a45] WARN  - [HiveMQ Platform Operator Init App 1.7.0-SNAPSHOT] Cannot connect to Health API for readiness: null
2025-01-28 20:51:00,900 INFO c.h.h.t.HelmChartContainer - [EVENT] Warning [Unhealthy] Readiness probe failed: HTTP probe failed with statuscode: 503 [updateloglevelit:test-hivemq-platform-1]
2025-01-28 20:51:00,900 INFO c.h.h.t.HelmChartContainer - Received Unhealthy event for container hivemq in pod test-hivemq-platform-1 [07c34a45-f013-47c6-8c2d-889bce00c17d]
2025-01-28 20:51:05,893 INFO c.h.h.t.HelmChartContainer - [test-hivemq-platform] [hivemq] [07c34a45] WARN  - [HiveMQ Platform Operator Init App 1.7.0-SNAPSHOT] Cannot connect to Health API for readiness: null
2025-01-28 20:51:05,898 INFO c.h.h.t.HelmChartContainer - [EVENT] Warning [Unhealthy] Readiness probe failed: HTTP probe failed with statuscode: 503 [updateloglevelit:test-hivemq-platform-1]
2025-01-28 20:51:05,898 INFO c.h.h.t.HelmChartContainer - Received Unhealthy event for container hivemq in pod test-hivemq-platform-1 [07c34a45-f013-47c6-8c2d-889bce00c17d]
2025-01-28 20:51:07,301 INFO c.h.h.t.HelmChartContainer - [test-hivemq-platform] [hivemq] [07c34a45] WARN  - Failed to take metrics snapshot
2025-01-28 20:51:07,301 INFO c.h.h.t.HelmChartContainer - [test-hivemq-platform] [hivemq] [07c34a45] java.util.ConcurrentModificationException: null
2025-01-28 20:51:07,301 INFO c.h.h.t.HelmChartContainer - [test-hivemq-platform] [hivemq] [07c34a45] 	at java.base/java.util.HashMap$KeySpliterator.forEachRemaining(Unknown Source)
2025-01-28 20:51:07,301 INFO c.h.h.t.HelmChartContainer - [test-hivemq-platform] [hivemq] [07c34a45] 	at java.base/java.util.stream.AbstractPipeline.copyInto(Unknown Source)
2025-01-28 20:51:07,301 INFO c.h.h.t.HelmChartContainer - [test-hivemq-platform] [hivemq] [07c34a45] 	at java.base/java.util.stream.AbstractPipeline.wrapAndCopyInto(Unknown Source)
2025-01-28 20:51:07,301 INFO c.h.h.t.HelmChartContainer - [test-hivemq-platform] [hivemq] [07c34a45] 	at java.base/java.util.stream.ReduceOps$ReduceOp.evaluateSequential(Unknown Source)
2025-01-28 20:51:07,301 INFO c.h.h.t.HelmChartContainer - [test-hivemq-platform] [hivemq] [07c34a45] 	at java.base/java.util.stream.AbstractPipeline.evaluate(Unknown Source)
2025-01-28 20:51:07,301 INFO c.h.h.t.HelmChartContainer - [test-hivemq-platform] [hivemq] [07c34a45] 	at java.base/java.util.stream.ReferencePipeline.collect(Unknown Source)
2025-01-28 20:51:07,301 INFO c.h.h.t.HelmChartContainer - [test-hivemq-platform] [hivemq] [07c34a45] 	at hmq.kD.g.a(Source.java:35)
2025-01-28 20:51:07,301 INFO c.h.h.t.HelmChartContainer - [test-hivemq-platform] [hivemq] [07c34a45] 	at hmq.kz.a.a(Source.java:35)
2025-01-28 20:51:07,301 INFO c.h.h.t.HelmChartContainer - [test-hivemq-platform] [hivemq] [07c34a45] 	at hmq.lH.m.getValue(Source.java:26)
2025-01-28 20:51:07,301 INFO c.h.h.t.HelmChartContainer - [test-hivemq-platform] [hivemq] [07c34a45] 	at hmq.lH.m.c(Source.java:41)
2025-01-28 20:51:07,301 INFO c.h.h.t.HelmChartContainer - [test-hivemq-platform] [hivemq] [07c34a45] 	at java.base/java.util.stream.ForEachOps$ForEachOp$OfRef.accept(Unknown Source)
2025-01-28 20:51:07,301 INFO c.h.h.t.HelmChartContainer - [test-hivemq-platform] [hivemq] [07c34a45] 	at java.base/java.util.stream.ReferencePipeline$3$1.accept(Unknown Source)
2025-01-28 20:51:07,301 INFO c.h.h.t.HelmChartContainer - [test-hivemq-platform] [hivemq] [07c34a45] 	at java.base/java.util.stream.ReferencePipeline$2$1.accept(Unknown Source)
2025-01-28 20:51:07,301 INFO c.h.h.t.HelmChartContainer - [test-hivemq-platform] [hivemq] [07c34a45] 	at java.base/java.util.concurrent.ConcurrentHashMap$ValueSpliterator.forEachRemaining(Unknown Source)
2025-01-28 20:51:07,301 INFO c.h.h.t.HelmChartContainer - [test-hivemq-platform] [hivemq] [07c34a45] 	at java.base/java.util.stream.AbstractPipeline.copyInto(Unknown Source)
2025-01-28 20:51:07,301 INFO c.h.h.t.HelmChartContainer - [test-hivemq-platform] [hivemq] [07c34a45] 	at java.base/java.util.stream.AbstractPipeline.wrapAndCopyInto(Unknown Source)
2025-01-28 20:51:07,301 INFO c.h.h.t.HelmChartContainer - [test-hivemq-platform] [hivemq] [07c34a45] 	at java.base/java.util.stream.ForEachOps$ForEachOp.evaluateSequential(Unknown Source)
2025-01-28 20:51:07,301 INFO c.h.h.t.HelmChartContainer - [test-hivemq-platform] [hivemq] [07c34a45] 	at java.base/java.util.stream.ForEachOps$ForEachOp$OfRef.evaluateSequential(Unknown Source)
2025-01-28 20:51:07,301 INFO c.h.h.t.HelmChartContainer - [test-hivemq-platform] [hivemq] [07c34a45] 	at java.base/java.util.stream.AbstractPipeline.evaluate(Unknown Source)
2025-01-28 20:51:07,301 INFO c.h.h.t.HelmChartContainer - [test-hivemq-platform] [hivemq] [07c34a45] 	at java.base/java.util.stream.ReferencePipeline.forEach(Unknown Source)
2025-01-28 20:51:07,301 INFO c.h.h.t.HelmChartContainer - [test-hivemq-platform] [hivemq] [07c34a45] 	at hmq.lH.q.g(Source.java:274)
2025-01-28 20:51:07,301 INFO c.h.h.t.HelmChartContainer - [test-hivemq-platform] [hivemq] [07c34a45] 	at java.base/java.util.concurrent.Executors$RunnableAdapter.call(Unknown Source)
2025-01-28 20:51:07,301 INFO c.h.h.t.HelmChartContainer - [test-hivemq-platform] [hivemq] [07c34a45] 	at java.base/java.util.concurrent.FutureTask.runAndReset(Unknown Source)
2025-01-28 20:51:07,301 INFO c.h.h.t.HelmChartContainer - [test-hivemq-platform] [hivemq] [07c34a45] 	at java.base/java.util.concurrent.ScheduledThreadPoolExecutor$ScheduledFutureTask.run(Unknown Source)
2025-01-28 20:51:07,302 INFO c.h.h.t.HelmChartContainer - [test-hivemq-platform] [hivemq] [07c34a45] 	at java.base/java.util.concurrent.ThreadPoolExecutor.runWorker(Unknown Source)
2025-01-28 20:51:07,302 INFO c.h.h.t.HelmChartContainer - [test-hivemq-platform] [hivemq] [07c34a45] 	at java.base/java.util.concurrent.ThreadPoolExecutor$Worker.run(Unknown Source)
2025-01-28 20:51:07,302 INFO c.h.h.t.HelmChartContainer - [test-hivemq-platform] [hivemq] [07c34a45] 	at java.base/java.lang.Thread.run(Unknown Source)
2025-01-28 20:51:08,992 INFO c.h.h.t.HelmChartContainer - [test-hivemq-platform] [hivemq] [07c34a45] WARN  - 
2025-01-28 20:51:08,992 INFO c.h.h.t.HelmChartContainer - [test-hivemq-platform] [hivemq] [07c34a45] ################################################################################################################
2025-01-28 20:51:08,992 INFO c.h.h.t.HelmChartContainer - [test-hivemq-platform] [hivemq] [07c34a45] # This HiveMQ deployment is not secure! You are lacking Authentication and Authorization.                      #
2025-01-28 20:51:08,992 INFO c.h.h.t.HelmChartContainer - [test-hivemq-platform] [hivemq] [07c34a45] # Right now any MQTT client can connect to the broker with a full set of permissions.                          #
2025-01-28 20:51:08,992 INFO c.h.h.t.HelmChartContainer - [test-hivemq-platform] [hivemq] [07c34a45] # For production usage, add an appropriate security extension and remove the hivemq-allow-all extension.       #
2025-01-28 20:51:08,992 INFO c.h.h.t.HelmChartContainer - [test-hivemq-platform] [hivemq] [07c34a45] # You can download security extensions from the HiveMQ Marketplace (https://www.hivemq.com/extensions/).       #
2025-01-28 20:51:08,992 INFO c.h.h.t.HelmChartContainer - [test-hivemq-platform] [hivemq] [07c34a45] ################################################################################################################
2025-01-28 20:51:09,590 INFO c.h.h.t.HelmChartContainer - [hivemq-test-hivemq-platform] [hivemq-platform-operator] [6310f130] 20:51:09.588 [pool-6-thread-35] DEBUG c.h.p.o.d.PlatformServiceResource - [updatelo] Desired Platform services (3 services)
2025-01-28 20:51:09,591 INFO c.h.h.t.HelmChartContainer - [hivemq-test-hivemq-platform] [hivemq-platform-operator] [6310f130] 20:51:09.588 [pool-6-thread-40] DEBUG c.h.p.o.dependants.PodInfoConfigMap - [updatelo] Desired PodInfo ConfigMap (1 extensions) (1 enabled)
2025-01-28 20:51:09,592 INFO c.h.h.t.HelmChartContainer - [hivemq-test-hivemq-platform] [hivemq-platform-operator] [6310f130] 20:51:09.588 [pool-6-thread-40] DEBUG c.h.p.o.dependants.PodInfoConfigMap - [updatelo] Desired PodInfo ConfigMap (metrics port: 9399) (metrics path: /)
2025-01-28 20:51:09,592 INFO c.h.h.t.HelmChartContainer - [hivemq-test-hivemq-platform] [hivemq-platform-operator] [6310f130] 20:51:09.588 [pool-6-thread-40] DEBUG c.h.p.o.dependants.PodInfoConfigMap - [updatelo] Desired PodInfo ConfigMap (extension state hash: -1817474005)
2025-01-28 20:51:09,592 INFO c.h.h.t.HelmChartContainer - [hivemq-test-hivemq-platform] [hivemq-platform-operator] [6310f130] 20:51:09.589 [pool-6-thread-39] DEBUG c.h.p.o.d.PodServiceAccountResource - [updatelo] Desired PodServiceAccountResource (serviceAccountName: hivemq-platform-pod-test-hivemq-platform)
2025-01-28 20:51:09,598 INFO c.h.h.t.HelmChartContainer - [hivemq-test-hivemq-platform] [hivemq-platform-operator] [6310f130] 20:51:09.597 [pool-6-thread-35] DEBUG c.h.p.o.d.StatefulSetResource - [updatelo] Desired StatefulSet (2 replicas) for status SET_LOG_LEVEL (WAIT_FOR_LOG_LEVEL_UPDATE)
2025-01-28 20:51:09,603 INFO c.h.h.t.HelmChartContainer - [hivemq-test-hivemq-platform] [hivemq-platform-operator] [6310f130] 20:51:09.601 [ReconcilerExecutor-hivemq-controller-129] INFO  c.h.p.o.HiveMQPlatformReconciler - [updatelo] Reconciling HiveMQ Platform 'test-hivemq-platform' in namespace 'updateloglevelit'
2025-01-28 20:51:09,603 INFO c.h.h.t.HelmChartContainer - [hivemq-test-hivemq-platform] [hivemq-platform-operator] [6310f130] 20:51:09.601 [ReconcilerExecutor-hivemq-controller-129] DEBUG c.h.p.o.HiveMQPlatformReconciler - [updatelo] Custom Resource Status SET_LOG_LEVEL - HiveMQ Platform is updating the log level (WAIT_FOR_LOG_LEVEL_UPDATE) (reconciliation requests: SCALING)
2025-01-28 20:51:09,603 INFO c.h.h.t.HelmChartContainer - [hivemq-test-hivemq-platform] [hivemq-platform-operator] [6310f130] 20:51:09.601 [ReconcilerExecutor-hivemq-controller-129] DEBUG c.h.p.o.HiveMQPlatformReconciler - [updatelo] Custom Resource Spec (replicas: 2) (extensions: 1)
2025-01-28 20:51:09,603 INFO c.h.h.t.HelmChartContainer - [hivemq-test-hivemq-platform] [hivemq-platform-operator] [6310f130] 20:51:09.602 [ReconcilerExecutor-hivemq-controller-129] DEBUG c.h.p.o.HiveMQPlatformReconciler - [updatelo] StatefulSet Status (revision: test-hivemq-platform-b697f795f, replicas: 2, available: 1, ready: 1, current: 2, updated: 2)
2025-01-28 20:51:09,603 INFO c.h.h.t.HelmChartContainer - [hivemq-test-hivemq-platform] [hivemq-platform-operator] [6310f130] 20:51:09.602 [ReconcilerExecutor-hivemq-controller-129] DEBUG c.h.p.o.HiveMQPlatformReconciler - [updatelo] StatefulSet Spec (replicas: 2, init containers: 1, containers: 1, volumes: 3)
2025-01-28 20:51:09,609 INFO c.h.h.t.HelmChartContainer - [hivemq-test-hivemq-platform] [hivemq-platform-operator] [6310f130] 20:51:09.607 [ReconcilerExecutor-hivemq-controller-129] DEBUG c.h.p.o.h.HiveMQPlatformReconcilerErrorHandler - [updatelo] Pod 'test-hivemq-platform-1' phase Running
2025-01-28 20:51:09,610 INFO c.h.h.t.HelmChartContainer - [hivemq-test-hivemq-platform] [hivemq-platform-operator] [6310f130] 20:51:09.610 [ReconcilerExecutor-hivemq-controller-129] DEBUG c.h.p.o.h.HiveMQPlatformReconcilerErrorHandler - [updatelo] Pod 'test-hivemq-platform-0' phase Running
2025-01-28 20:51:09,621 INFO c.h.h.t.HelmChartContainer - [hivemq-test-hivemq-platform] [hivemq-platform-operator] [6310f130] 20:51:09.621 [ReconcilerExecutor-hivemq-controller-129] DEBUG c.h.p.o.h.HiveMQPlatformReconcilerSetLogLevelHandler - [updatelo] Checking log level on Pod 'test-hivemq-platform-1'
2025-01-28 20:51:09,648 INFO c.h.h.t.HelmChartContainer - [hivemq-test-hivemq-platform] [hivemq-platform-operator] [6310f130] 20:51:09.648 [ForkJoinPool.commonPool-worker-1] DEBUG c.h.p.o.h.HiveMQPlatformReconcilerSetLogLevelHandler - [updatelo] Checking log level on Pod 'test-hivemq-platform-0'
2025-01-28 20:51:10,004 INFO c.h.h.t.HelmChartContainer - [hivemq-test-hivemq-platform] [hivemq-platform-operator] [6310f130] 20:51:09.999 [vert.x-eventloop-thread-0] DEBUG c.h.platform.operator.util.PodUtil - Received status for command '[curl, -s, http://10.42.0.16:7979/logLevel]' on Pod 'test-hivemq-platform-0' (exit code: 0)
2025-01-28 20:51:10,398 INFO c.h.h.t.HelmChartContainer - [hivemq-test-hivemq-platform] [hivemq-platform-operator] [6310f130] 20:51:10.397 [vert.x-eventloop-thread-1] DEBUG c.h.platform.operator.util.PodUtil - Received status for command '[curl, -s, http://10.42.0.17:7979/logLevel]' on Pod 'test-hivemq-platform-1' (exit code: 0)
2025-01-28 20:51:10,763 INFO c.h.h.t.HelmChartContainer - [hivemq-test-hivemq-platform] [hivemq-platform-operator] [6310f130] 20:51:10.760 [pool-6-thread-48] DEBUG c.h.p.o.d.PodServiceAccountResource - [updatelo] Desired PodServiceAccountResource (serviceAccountName: hivemq-platform-pod-test-hivemq-platform)
2025-01-28 20:51:10,763 INFO c.h.h.t.HelmChartContainer - [hivemq-test-hivemq-platform] [hivemq-platform-operator] [6310f130] 20:51:10.761 [pool-6-thread-44] DEBUG c.h.p.o.d.PlatformServiceResource - [updatelo] Desired Platform services (3 services)
2025-01-28 20:51:10,763 INFO c.h.h.t.HelmChartContainer - [hivemq-test-hivemq-platform] [hivemq-platform-operator] [6310f130] 20:51:10.760 [pool-6-thread-47] DEBUG c.h.p.o.dependants.PodInfoConfigMap - [updatelo] Desired PodInfo ConfigMap (1 extensions) (1 enabled)
2025-01-28 20:51:10,763 INFO c.h.h.t.HelmChartContainer - [hivemq-test-hivemq-platform] [hivemq-platform-operator] [6310f130] 20:51:10.761 [pool-6-thread-47] DEBUG c.h.p.o.dependants.PodInfoConfigMap - [updatelo] Desired PodInfo ConfigMap (metrics port: 9399) (metrics path: /)
2025-01-28 20:51:10,763 INFO c.h.h.t.HelmChartContainer - [hivemq-test-hivemq-platform] [hivemq-platform-operator] [6310f130] 20:51:10.762 [pool-6-thread-47] DEBUG c.h.p.o.dependants.PodInfoConfigMap - [updatelo] Desired PodInfo ConfigMap (extension state hash: -1817474005)
2025-01-28 20:51:10,766 INFO c.h.h.t.HelmChartContainer - [hivemq-test-hivemq-platform] [hivemq-platform-operator] [6310f130] 20:51:10.765 [pool-6-thread-44] DEBUG c.h.p.o.d.StatefulSetResource - [updatelo] Desired StatefulSet (2 replicas) for status SET_LOG_LEVEL (WAIT_FOR_LOG_LEVEL_UPDATE)
2025-01-28 20:51:10,769 INFO c.h.h.t.HelmChartContainer - [hivemq-test-hivemq-platform] [hivemq-platform-operator] [6310f130] 20:51:10.768 [ReconcilerExecutor-hivemq-controller-130] INFO  c.h.p.o.HiveMQPlatformReconciler - [updatelo] Reconciling HiveMQ Platform 'test-hivemq-platform' in namespace 'updateloglevelit'
2025-01-28 20:51:10,769 INFO c.h.h.t.HelmChartContainer - [hivemq-test-hivemq-platform] [hivemq-platform-operator] [6310f130] 20:51:10.768 [ReconcilerExecutor-hivemq-controller-130] DEBUG c.h.p.o.HiveMQPlatformReconciler - [updatelo] Custom Resource Status SET_LOG_LEVEL - HiveMQ Platform is updating the log level (WAIT_FOR_LOG_LEVEL_UPDATE) (reconciliation requests: SCALING)
2025-01-28 20:51:10,769 INFO c.h.h.t.HelmChartContainer - [hivemq-test-hivemq-platform] [hivemq-platform-operator] [6310f130] 20:51:10.768 [ReconcilerExecutor-hivemq-controller-130] DEBUG c.h.p.o.HiveMQPlatformReconciler - [updatelo] Custom Resource Spec (replicas: 2) (extensions: 1)
2025-01-28 20:51:10,770 INFO c.h.h.t.HelmChartContainer - [hivemq-test-hivemq-platform] [hivemq-platform-operator] [6310f130] 20:51:10.769 [ReconcilerExecutor-hivemq-controller-130] DEBUG c.h.p.o.HiveMQPlatformReconciler - [updatelo] StatefulSet Status (revision: test-hivemq-platform-b697f795f, replicas: 2, available: 1, ready: 1, current: 2, updated: 2)
2025-01-28 20:51:10,771 INFO c.h.h.t.HelmChartContainer - [hivemq-test-hivemq-platform] [hivemq-platform-operator] [6310f130] 20:51:10.769 [ReconcilerExecutor-hivemq-controller-130] DEBUG c.h.p.o.HiveMQPlatformReconciler - [updatelo] StatefulSet Spec (replicas: 2, init containers: 1, containers: 1, volumes: 3)
2025-01-28 20:51:10,771 INFO c.h.h.t.HelmChartContainer - [hivemq-test-hivemq-platform] [hivemq-platform-operator] [6310f130] 20:51:10.771 [ReconcilerExecutor-hivemq-controller-130] DEBUG c.h.p.o.h.HiveMQPlatformReconcilerErrorHandler - [updatelo] Pod 'test-hivemq-platform-1' phase Running
2025-01-28 20:51:10,772 INFO c.h.h.t.HelmChartContainer - [hivemq-test-hivemq-platform] [hivemq-platform-operator] [6310f130] 20:51:10.771 [ReconcilerExecutor-hivemq-controller-130] DEBUG c.h.p.o.h.HiveMQPlatformReconcilerErrorHandler - [updatelo] Pod 'test-hivemq-platform-0' phase Running
2025-01-28 20:51:10,773 INFO c.h.h.t.HelmChartContainer - [hivemq-test-hivemq-platform] [hivemq-platform-operator] [6310f130] 20:51:10.772 [ReconcilerExecutor-hivemq-controller-130] INFO  c.h.p.o.h.HiveMQPlatformReconcilerSetLogLevelHandler - [updatelo] Successfully updated log level on all Pods
2025-01-28 20:51:10,782 INFO c.h.h.t.HelmChartContainer - [EVENT] Normal [Ready] HiveMQ Platform is ready [updateloglevelit:test-hivemq-platform]
2025-01-28 20:51:10,850 INFO c.h.h.t.HelmChartContainer - [hivemq-test-hivemq-platform] [hivemq-platform-operator] [6310f130] 20:51:10.849 [ReconcilerExecutor-hivemq-controller-130] DEBUG c.h.p.operator.event.EventSender - [updatelo] Updating K8s event hivemq-platform-ready: [Ready] HiveMQ Platform is ready
2025-01-28 20:51:10,850 INFO c.h.h.t.HelmChartContainer - [hivemq-test-hivemq-platform] [hivemq-platform-operator] [6310f130] 20:51:10.849 [ReconcilerExecutor-hivemq-controller-130] INFO  c.h.p.o.h.AbstractHiveMQReconcilerStateHandler - [updatelo] Update HiveMQ Platform Status (SET_LOG_LEVEL [WAIT_FOR_LOG_LEVEL_UPDATE] -> RUNNING [READY]): HiveMQ Platform is ready (reconciliation requests: SCALING)
2025-01-28 20:51:10,857 DEBUG com.hivemq.helmcharts.util.K8sUtil - Comparing actual state 'RUNNING' and waiting for 'RUNNING'
2025-01-28 20:51:10,902 INFO c.h.h.t.HelmChartContainer - [test-hivemq-platform] [hivemq] [07c34a45] INFO  - [HiveMQ Platform Operator Init App 1.7.0-SNAPSHOT] Returning Health API response 503 for readiness
2025-01-28 20:51:10,907 INFO c.h.h.t.HelmChartContainer - [EVENT] Warning [Unhealthy] Readiness probe failed: HTTP probe failed with statuscode: 503 [updateloglevelit:test-hivemq-platform-1]
2025-01-28 20:51:10,907 INFO c.h.h.t.HelmChartContainer - Received Unhealthy event for container hivemq in pod test-hivemq-platform-1 [07c34a45-f013-47c6-8c2d-889bce00c17d]
2025-01-28 20:51:11,741 INFO c.h.h.t.HelmChartContainer - [test-hivemq-platform] [hivemq] [07c34a45] WARN  - No user for HiveMQ Control Center configured. Starting with default user
2025-01-28 20:51:12,859 INFO c.h.h.platform.UpdateLogLevelIT - Assert updated logback.xml in pods
2025-01-28 20:51:13,017 INFO c.h.h.t.HelmChartContainer - Uninstalling release 'test-hivemq-platform' in namespace 'updateloglevelit'...
2025-01-28 20:51:13,017 DEBUG c.h.h.t.HelmChartContainer - Executing helm command: /bin/helm --kubeconfig /etc/rancher/k3s/k3s.yaml uninstall test-hivemq-platform  --wait --timeout 5m0s --cascade foreground --namespace updateloglevelit
2025-01-28 20:51:13,226 INFO c.h.h.t.HelmChartContainer - [hivemq-test-hivemq-platform] [hivemq-platform-operator] [6310f130] 20:51:13.220 [pool-6-thread-7] DEBUG c.h.p.o.d.PlatformServiceResource - [updatelo] Desired Platform services (3 services)
2025-01-28 20:51:13,227 INFO c.h.h.t.HelmChartContainer - [hivemq-test-hivemq-platform] [hivemq-platform-operator] [6310f130] 20:51:13.221 [pool-6-thread-10] DEBUG c.h.p.o.dependants.PodInfoConfigMap - [updatelo] Desired PodInfo ConfigMap (1 extensions) (1 enabled)
2025-01-28 20:51:13,227 INFO c.h.h.t.HelmChartContainer - [hivemq-test-hivemq-platform] [hivemq-platform-operator] [6310f130] 20:51:13.222 [pool-6-thread-10] DEBUG c.h.p.o.dependants.PodInfoConfigMap - [updatelo] Desired PodInfo ConfigMap (metrics port: 9399) (metrics path: /)
2025-01-28 20:51:13,227 INFO c.h.h.t.HelmChartContainer - [hivemq-test-hivemq-platform] [hivemq-platform-operator] [6310f130] 20:51:13.224 [pool-6-thread-10] DEBUG c.h.p.o.dependants.PodInfoConfigMap - [updatelo] Desired PodInfo ConfigMap (extension state hash: -1817474005)
2025-01-28 20:51:13,232 INFO c.h.h.t.HelmChartContainer - [hivemq-test-hivemq-platform] [hivemq-platform-operator] [6310f130] 20:51:13.225 [pool-6-thread-5] DEBUG c.h.p.o.d.PodServiceAccountResource - [updatelo] Desired PodServiceAccountResource (serviceAccountName: hivemq-platform-pod-test-hivemq-platform)
2025-01-28 20:51:13,241 INFO c.h.h.t.HelmChartContainer - [hivemq-test-hivemq-platform] [hivemq-platform-operator] [6310f130] 20:51:13.228 [pool-6-thread-10] DEBUG c.h.p.o.dependants.PodInfoConfigMap - [updatelo] Update PodInfo ConfigMap
2025-01-28 20:51:13,255 INFO c.h.h.t.HelmChartContainer - [hivemq-test-hivemq-platform] [hivemq-platform-operator] [6310f130] 20:51:13.247 [pool-6-thread-10] DEBUG c.h.p.o.d.StatefulSetResource - [updatelo] Desired StatefulSet (2 replicas) for status RUNNING (READY)
2025-01-28 20:51:13,261 INFO c.h.h.t.HelmChartContainer - [hivemq-test-hivemq-platform] [hivemq-platform-operator] [6310f130] 20:51:13.253 [ReconcilerExecutor-hivemq-controller-131] INFO  c.h.p.o.HiveMQPlatformReconciler - [updatelo] Reconciling HiveMQ Platform 'test-hivemq-platform' in namespace 'updateloglevelit'
2025-01-28 20:51:13,261 INFO c.h.h.t.HelmChartContainer - [hivemq-test-hivemq-platform] [hivemq-platform-operator] [6310f130] 20:51:13.253 [ReconcilerExecutor-hivemq-controller-131] DEBUG c.h.p.o.HiveMQPlatformReconciler - [updatelo] Custom Resource Status RUNNING - HiveMQ Platform is ready (READY) (reconciliation requests: SCALING)
2025-01-28 20:51:13,261 INFO c.h.h.t.HelmChartContainer - [hivemq-test-hivemq-platform] [hivemq-platform-operator] [6310f130] 20:51:13.253 [ReconcilerExecutor-hivemq-controller-131] DEBUG c.h.p.o.HiveMQPlatformReconciler - [updatelo] Custom Resource Spec (replicas: 2) (extensions: 1)
2025-01-28 20:51:13,261 INFO c.h.h.t.HelmChartContainer - [hivemq-test-hivemq-platform] [hivemq-platform-operator] [6310f130] 20:51:13.256 [ReconcilerExecutor-hivemq-controller-131] DEBUG c.h.p.o.HiveMQPlatformReconciler - [updatelo] StatefulSet Status (revision: test-hivemq-platform-b697f795f, replicas: 2, available: 1, ready: 1, current: 2, updated: 2)
2025-01-28 20:51:13,261 INFO c.h.h.t.HelmChartContainer - [hivemq-test-hivemq-platform] [hivemq-platform-operator] [6310f130] 20:51:13.256 [ReconcilerExecutor-hivemq-controller-131] DEBUG c.h.p.o.HiveMQPlatformReconciler - [updatelo] StatefulSet Spec (replicas: 2, init containers: 1, containers: 1, volumes: 3)
2025-01-28 20:51:13,266 INFO c.h.h.t.HelmChartContainer - [hivemq-test-hivemq-platform] [hivemq-platform-operator] [6310f130] 20:51:13.258 [ReconcilerExecutor-hivemq-controller-131] DEBUG c.h.p.o.h.HiveMQPlatformReconcilerErrorHandler - [updatelo] Pod 'test-hivemq-platform-1' phase Running
2025-01-28 20:51:13,269 INFO c.h.h.t.HelmChartContainer - [hivemq-test-hivemq-platform] [hivemq-platform-operator] [6310f130] 20:51:13.260 [ReconcilerExecutor-hivemq-controller-131] DEBUG c.h.p.o.h.HiveMQPlatformReconcilerErrorHandler - [updatelo] Pod 'test-hivemq-platform-0' phase Running
2025-01-28 20:51:13,269 INFO c.h.h.t.HelmChartContainer - [hivemq-test-hivemq-platform] [hivemq-platform-operator] [6310f130] 20:51:13.261 [ReconcilerExecutor-hivemq-controller-131] INFO  c.h.p.o.h.HiveMQPlatformReconcilerBaseHandler - [updatelo] HiveMQ Platform will scale to 2 replicas
2025-01-28 20:51:13,432 INFO c.h.h.t.HelmChartContainer - [hivemq-test-hivemq-platform] [hivemq-platform-operator] [6310f130] 20:51:13.430 [ReconcilerExecutor-hivemq-controller-131] DEBUG c.h.p.operator.event.EventSender - [updatelo] Creating K8s event scaling-started: [Scaling] HiveMQ Platform is scaling
2025-01-28 20:51:13,434 INFO c.h.h.t.HelmChartContainer - [EVENT] Normal [Scaling] HiveMQ Platform is scaling [updateloglevelit:test-hivemq-platform]
2025-01-28 20:51:13,435 INFO c.h.h.t.HelmChartContainer - [hivemq-test-hivemq-platform] [hivemq-platform-operator] [6310f130] 20:51:13.434 [ReconcilerExecutor-hivemq-controller-131] INFO  c.h.p.o.h.AbstractHiveMQReconcilerStateHandler - [updatelo] Update HiveMQ Platform Status (RUNNING [READY] -> SCALING [READY]): HiveMQ Platform is scaling
2025-01-28 20:51:13,450 INFO c.h.h.t.HelmChartContainer - [hivemq-test-hivemq-platform] [hivemq-platform-operator] [6310f130] 20:51:13.449 [ReconcilerExecutor-hivemq-controller-131] ERROR i.j.o.p.event.EventProcessor - Error during event processing ExecutionScope{ resource id: ResourceID{name='test-hivemq-platform', namespace='updateloglevelit'}, version: 1855}
2025-01-28 20:51:13,450 INFO c.h.h.t.HelmChartContainer - [hivemq-test-hivemq-platform] [hivemq-platform-operator] [6310f130] io.fabric8.kubernetes.client.KubernetesClientException: Failure executing: PUT at: https://10.43.0.1:443/apis/hivemq.com/v1/namespaces/updateloglevelit/hivemq-platforms/test-hivemq-platform/status. Message: Operation cannot be fulfilled on hivemq-platforms.hivemq.com "test-hivemq-platform": the object has been modified; please apply your changes to the latest version and try again. Received status: Status(apiVersion=v1, code=409, details=StatusDetails(causes=[], group=hivemq.com, kind=hivemq-platforms, name=test-hivemq-platform, retryAfterSeconds=null, uid=null, additionalProperties={}), kind=Status, message=Operation cannot be fulfilled on hivemq-platforms.hivemq.com "test-hivemq-platform": the object has been modified; please apply your changes to the latest version and try again, metadata=ListMeta(_continue=null, remainingItemCount=null, resourceVersion=null, selfLink=null, additionalProperties={}), reason=Conflict, status=Failure, additionalProperties={}).
2025-01-28 20:51:13,452 INFO c.h.h.t.HelmChartContainer - [hivemq-test-hivemq-platform] [hivemq-platform-operator] [6310f130] 	at io.fabric8.kubernetes.client.KubernetesClientException.copyAsCause(KubernetesClientException.java:238)
2025-01-28 20:51:13,452 INFO c.h.h.t.HelmChartContainer - [hivemq-test-hivemq-platform] [hivemq-platform-operator] [6310f130] 	at io.fabric8.kubernetes.client.dsl.internal.OperationSupport.waitForResult(OperationSupport.java:507)
2025-01-28 20:51:13,452 INFO c.h.h.t.HelmChartContainer - [hivemq-test-hivemq-platform] [hivemq-platform-operator] [6310f130] 	at io.fabric8.kubernetes.client.dsl.internal.OperationSupport.handleResponse(OperationSupport.java:524)
2025-01-28 20:51:13,452 INFO c.h.h.t.HelmChartContainer - [hivemq-test-hivemq-platform] [hivemq-platform-operator] [6310f130] 	at io.fabric8.kubernetes.client.dsl.internal.OperationSupport.handleUpdate(OperationSupport.java:358)
2025-01-28 20:51:13,452 INFO c.h.h.t.HelmChartContainer - [hivemq-test-hivemq-platform] [hivemq-platform-operator] [6310f130] 	at io.fabric8.kubernetes.client.dsl.internal.BaseOperation.handleUpdate(BaseOperation.java:759)
2025-01-28 20:51:13,452 INFO c.h.h.t.HelmChartContainer - [hivemq-test-hivemq-platform] [hivemq-platform-operator] [6310f130] 	at io.fabric8.kubernetes.client.dsl.internal.HasMetadataOperation.update(HasMetadataOperation.java:138)
2025-01-28 20:51:13,452 INFO c.h.h.t.HelmChartContainer - [hivemq-test-hivemq-platform] [hivemq-platform-operator] [6310f130] 	at io.fabric8.kubernetes.client.dsl.internal.HasMetadataOperation.update(HasMetadataOperation.java:121)
2025-01-28 20:51:13,452 INFO c.h.h.t.HelmChartContainer - [hivemq-test-hivemq-platform] [hivemq-platform-operator] [6310f130] 	at io.fabric8.kubernetes.client.dsl.internal.HasMetadataOperation.updateStatus(HasMetadataOperation.java:126)
2025-01-28 20:51:13,452 INFO c.h.h.t.HelmChartContainer - [hivemq-test-hivemq-platform] [hivemq-platform-operator] [6310f130] 	at io.fabric8.kubernetes.client.dsl.internal.HasMetadataOperation.updateStatus(HasMetadataOperation.java:44)
2025-01-28 20:51:13,452 INFO c.h.h.t.HelmChartContainer - [hivemq-test-hivemq-platform] [hivemq-platform-operator] [6310f130] 	at io.javaoperatorsdk.operator.processing.event.ReconciliationDispatcher$CustomResourceFacade.updateStatus(ReconciliationDispatcher.java:408)
2025-01-28 20:51:13,452 INFO c.h.h.t.HelmChartContainer - [hivemq-test-hivemq-platform] [hivemq-platform-operator] [6310f130] 	at io.javaoperatorsdk.operator.processing.event.ReconciliationDispatcher.updateStatusGenerationAware(ReconciliationDispatcher.java:228)
2025-01-28 20:51:13,452 INFO c.h.h.t.HelmChartContainer - [hivemq-test-hivemq-platform] [hivemq-platform-operator] [6310f130] 	at io.javaoperatorsdk.operator.processing.event.ReconciliationDispatcher.reconcileExecution(ReconciliationDispatcher.java:150)
2025-01-28 20:51:13,452 INFO c.h.h.t.HelmChartContainer - [hivemq-test-hivemq-platform] [hivemq-platform-operator] [6310f130] 	at io.javaoperatorsdk.operator.processing.event.ReconciliationDispatcher.handleReconcile(ReconciliationDispatcher.java:117)
2025-01-28 20:51:13,452 INFO c.h.h.t.HelmChartContainer - [hivemq-test-hivemq-platform] [hivemq-platform-operator] [6310f130] 	at io.javaoperatorsdk.operator.processing.event.ReconciliationDispatcher.handleDispatch(ReconciliationDispatcher.java:91)
2025-01-28 20:51:13,452 INFO c.h.h.t.HelmChartContainer - [hivemq-test-hivemq-platform] [hivemq-platform-operator] [6310f130] 	at io.javaoperatorsdk.operator.processing.event.ReconciliationDispatcher.handleExecution(ReconciliationDispatcher.java:64)
2025-01-28 20:51:13,452 INFO c.h.h.t.HelmChartContainer - [hivemq-test-hivemq-platform] [hivemq-platform-operator] [6310f130] 	at io.javaoperatorsdk.operator.processing.event.EventProcessor$ReconcilerExecutor.run(EventProcessor.java:452)
2025-01-28 20:51:13,452 INFO c.h.h.t.HelmChartContainer - [hivemq-test-hivemq-platform] [hivemq-platform-operator] [6310f130] 	at java.base/java.util.concurrent.ThreadPoolExecutor.runWorker(Unknown Source)
2025-01-28 20:51:13,452 INFO c.h.h.t.HelmChartContainer - [hivemq-test-hivemq-platform] [hivemq-platform-operator] [6310f130] 	at java.base/java.util.concurrent.ThreadPoolExecutor$Worker.run(Unknown Source)
2025-01-28 20:51:13,452 INFO c.h.h.t.HelmChartContainer - [hivemq-test-hivemq-platform] [hivemq-platform-operator] [6310f130] 	at java.base/java.lang.Thread.run(Unknown Source)
2025-01-28 20:51:13,452 INFO c.h.h.t.HelmChartContainer - [hivemq-test-hivemq-platform] [hivemq-platform-operator] [6310f130] Caused by: io.fabric8.kubernetes.client.KubernetesClientException: Failure executing: PUT at: https://10.43.0.1:443/apis/hivemq.com/v1/namespaces/updateloglevelit/hivemq-platforms/test-hivemq-platform/status. Message: Operation cannot be fulfilled on hivemq-platforms.hivemq.com "test-hivemq-platform": the object has been modified; please apply your changes to the latest version and try again. Received status: Status(apiVersion=v1, code=409, details=StatusDetails(causes=[], group=hivemq.com, kind=hivemq-platforms, name=test-hivemq-platform, retryAfterSeconds=null, uid=null, additionalProperties={}), kind=Status, message=Operation cannot be fulfilled on hivemq-platforms.hivemq.com "test-hivemq-platform": the object has been modified; please apply your changes to the latest version and try again, metadata=ListMeta(_continue=null, remainingItemCount=null, resourceVersion=null, selfLink=null, additionalProperties={}), reason=Conflict, status=Failure, additionalProperties={}).
2025-01-28 20:51:13,452 INFO c.h.h.t.HelmChartContainer - [hivemq-test-hivemq-platform] [hivemq-platform-operator] [6310f130] 	at io.fabric8.kubernetes.client.dsl.internal.OperationSupport.requestFailure(OperationSupport.java:660)
2025-01-28 20:51:13,452 INFO c.h.h.t.HelmChartContainer - [hivemq-test-hivemq-platform] [hivemq-platform-operator] [6310f130] 	at io.fabric8.kubernetes.client.dsl.internal.OperationSupport.requestFailure(OperationSupport.java:640)
2025-01-28 20:51:13,452 INFO c.h.h.t.HelmChartContainer - [hivemq-test-hivemq-platform] [hivemq-platform-operator] [6310f130] 	at io.fabric8.kubernetes.client.dsl.internal.OperationSupport.assertResponseCode(OperationSupport.java:589)
2025-01-28 20:51:13,452 INFO c.h.h.t.HelmChartContainer - [hivemq-test-hivemq-platform] [hivemq-platform-operator] [6310f130] 	at io.fabric8.kubernetes.client.dsl.internal.OperationSupport.lambda$handleResponse$0(OperationSupport.java:549)
2025-01-28 20:51:13,452 INFO c.h.h.t.HelmChartContainer - [hivemq-test-hivemq-platform] [hivemq-platform-operator] [6310f130] 	at java.base/java.util.concurrent.CompletableFuture$UniApply.tryFire(Unknown Source)
2025-01-28 20:51:13,452 INFO c.h.h.t.HelmChartContainer - [hivemq-test-hivemq-platform] [hivemq-platform-operator] [6310f130] 	at java.base/java.util.concurrent.CompletableFuture.postComplete(Unknown Source)
2025-01-28 20:51:13,452 INFO c.h.h.t.HelmChartContainer - [hivemq-test-hivemq-platform] [hivemq-platform-operator] [6310f130] 	at java.base/java.util.concurrent.CompletableFuture.complete(Unknown Source)
2025-01-28 20:51:13,452 INFO c.h.h.t.HelmChartContainer - [hivemq-test-hivemq-platform] [hivemq-platform-operator] [6310f130] 	at io.fabric8.kubernetes.client.http.StandardHttpClient.lambda$completeOrCancel$10(StandardHttpClient.java:141)
2025-01-28 20:51:13,452 INFO c.h.h.t.HelmChartContainer - [hivemq-test-hivemq-platform] [hivemq-platform-operator] [6310f130] 	at java.base/java.util.concurrent.CompletableFuture.uniWhenComplete(Unknown Source)
2025-01-28 20:51:13,452 INFO c.h.h.t.HelmChartContainer - [hivemq-test-hivemq-platform] [hivemq-platform-operator] [6310f130] 	at java.base/java.util.concurrent.CompletableFuture$UniWhenComplete.tryFire(Unknown Source)
2025-01-28 20:51:13,452 INFO c.h.h.t.HelmChartContainer - [hivemq-test-hivemq-platform] [hivemq-platform-operator] [6310f130] 	at java.base/java.util.concurrent.CompletableFuture.postComplete(Unknown Source)
2025-01-28 20:51:13,452 INFO c.h.h.t.HelmChartContainer - [hivemq-test-hivemq-platform] [hivemq-platform-operator] [6310f130] 	at java.base/java.util.concurrent.CompletableFuture.complete(Unknown Source)
2025-01-28 20:51:13,452 INFO c.h.h.t.HelmChartContainer - [hivemq-test-hivemq-platform] [hivemq-platform-operator] [6310f130] 	at io.fabric8.kubernetes.client.http.ByteArrayBodyHandler.onBodyDone(ByteArrayBodyHandler.java:51)
2025-01-28 20:51:13,452 INFO c.h.h.t.HelmChartContainer - [hivemq-test-hivemq-platform] [hivemq-platform-operator] [6310f130] 	at java.base/java.util.concurrent.CompletableFuture.uniWhenComplete(Unknown Source)
2025-01-28 20:51:13,452 INFO c.h.h.t.HelmChartContainer - [hivemq-test-hivemq-platform] [hivemq-platform-operator] [6310f130] 	at java.base/java.util.concurrent.CompletableFuture$UniWhenComplete.tryFire(Unknown Source)
2025-01-28 20:51:13,452 INFO c.h.h.t.HelmChartContainer - [hivemq-test-hivemq-platform] [hivemq-platform-operator] [6310f130] 	at java.base/java.util.concurrent.CompletableFuture.postComplete(Unknown Source)
2025-01-28 20:51:13,452 INFO c.h.h.t.HelmChartContainer - [hivemq-test-hivemq-platform] [hivemq-platform-operator] [6310f130] 	at java.base/java.util.concurrent.CompletableFuture.complete(Unknown Source)
2025-01-28 20:51:13,452 INFO c.h.h.t.HelmChartContainer - [hivemq-test-hivemq-platform] [hivemq-platform-operator] [6310f130] 	at io.fabric8.kubernetes.client.vertx.VertxHttpRequest.lambda$null$1(VertxHttpRequest.java:121)
2025-01-28 20:51:13,452 INFO c.h.h.t.HelmChartContainer - [hivemq-test-hivemq-platform] [hivemq-platform-operator] [6310f130] 	at io.vertx.core.impl.ContextInternal.dispatch(ContextInternal.java:279)
2025-01-28 20:51:13,452 INFO c.h.h.t.HelmChartContainer - [hivemq-test-hivemq-platform] [hivemq-platform-operator] [6310f130] 	at io.vertx.core.impl.ContextInternal.dispatch(ContextInternal.java:261)
2025-01-28 20:51:13,453 INFO c.h.h.t.HelmChartContainer - [hivemq-test-hivemq-platform] [hivemq-platform-operator] [6310f130] 	at io.vertx.core.http.impl.HttpEventHandler.handleEnd(HttpEventHandler.java:76)
2025-01-28 20:51:13,453 INFO c.h.h.t.HelmChartContainer - [hivemq-test-hivemq-platform] [hivemq-platform-operator] [6310f130] 	at io.vertx.core.http.impl.HttpClientResponseImpl.handleEnd(HttpClientResponseImpl.java:250)
2025-01-28 20:51:13,453 INFO c.h.h.t.HelmChartContainer - [hivemq-test-hivemq-platform] [hivemq-platform-operator] [6310f130] 	at io.vertx.core.http.impl.Http1xClientConnection$StreamImpl.lambda$new$0(Http1xClientConnection.java:421)
2025-01-28 20:51:13,453 INFO c.h.h.t.HelmChartContainer - [hivemq-test-hivemq-platform] [hivemq-platform-operator] [6310f130] 	at io.vertx.core.streams.impl.InboundBuffer.handleEvent(InboundBuffer.java:279)
2025-01-28 20:51:13,453 INFO c.h.h.t.HelmChartContainer - [hivemq-test-hivemq-platform] [hivemq-platform-operator] [6310f130] 	at io.vertx.core.streams.impl.InboundBuffer.write(InboundBuffer.java:157)
2025-01-28 20:51:13,453 INFO c.h.h.t.HelmChartContainer - [hivemq-test-hivemq-platform] [hivemq-platform-operator] [6310f130] 	at io.vertx.core.http.impl.Http1xClientConnection$StreamImpl.handleEnd(Http1xClientConnection.java:709)
2025-01-28 20:51:13,453 INFO c.h.h.t.HelmChartContainer - [hivemq-test-hivemq-platform] [hivemq-platform-operator] [6310f130] 	at io.vertx.core.impl.ContextImpl.lambda$execute$4(ContextImpl.java:315)
2025-01-28 20:51:13,453 INFO c.h.h.t.HelmChartContainer - [hivemq-test-hivemq-platform] [hivemq-platform-operator] [6310f130] 	at io.netty.util.concurrent.AbstractEventExecutor.runTask(AbstractEventExecutor.java:173)
2025-01-28 20:51:13,453 INFO c.h.h.t.HelmChartContainer - [hivemq-test-hivemq-platform] [hivemq-platform-operator] [6310f130] 	at io.netty.util.concurrent.AbstractEventExecutor.safeExecute(AbstractEventExecutor.java:166)
2025-01-28 20:51:13,453 INFO c.h.h.t.HelmChartContainer - [hivemq-test-hivemq-platform] [hivemq-platform-operator] [6310f130] 	at io.netty.util.concurrent.SingleThreadEventExecutor.runAllTasks(SingleThreadEventExecutor.java:472)
2025-01-28 20:51:13,453 INFO c.h.h.t.HelmChartContainer - [hivemq-test-hivemq-platform] [hivemq-platform-operator] [6310f130] 	at io.netty.channel.nio.NioEventLoop.run(NioEventLoop.java:569)
2025-01-28 20:51:13,453 INFO c.h.h.t.HelmChartContainer - [hivemq-test-hivemq-platform] [hivemq-platform-operator] [6310f130] 	at io.netty.util.concurrent.SingleThreadEventExecutor$4.run(SingleThreadEventExecutor.java:997)
2025-01-28 20:51:13,453 INFO c.h.h.t.HelmChartContainer - [hivemq-test-hivemq-platform] [hivemq-platform-operator] [6310f130] 	at io.netty.util.internal.ThreadExecutorMap$2.run(ThreadExecutorMap.java:74)
2025-01-28 20:51:13,453 INFO c.h.h.t.HelmChartContainer - [hivemq-test-hivemq-platform] [hivemq-platform-operator] [6310f130] 	at io.netty.util.concurrent.FastThreadLocalRunnable.run(FastThreadLocalRunnable.java:30)
2025-01-28 20:51:13,453 INFO c.h.h.t.HelmChartContainer - [hivemq-test-hivemq-platform] [hivemq-platform-operator] [6310f130] 	... 1 common frames omitted
2025-01-28 20:51:13,458 INFO c.h.h.t.HelmChartContainer - [hivemq-test-hivemq-platform] [hivemq-platform-operator] [6310f130] 20:51:13.457 [ReconcilerExecutor-hivemq-controller-134] INFO  c.h.p.o.HiveMQPlatformReconciler - [updatelo] Cleanup test-hivemq-platform - updateloglevelit HiveMQ Platform is shut down
2025-01-28 20:51:14,002 INFO c.h.h.t.HelmChartContainer - [POD] test-hivemq-platform-0 [4943d4ac-ed12-4193-89d4-9c0c437608af] in updateloglevelit was MODIFIED
2025-01-28 20:51:14,004 INFO c.h.h.t.HelmChartContainer - [EVENT] Normal [Killing] Stopping container hivemq [updateloglevelit:test-hivemq-platform-0]
2025-01-28 20:51:14,004 INFO c.h.h.t.HelmChartContainer - Received Killing event for container hivemq in pod test-hivemq-platform-0 [4943d4ac-ed12-4193-89d4-9c0c437608af]
2025-01-28 20:51:14,004 INFO c.h.h.t.HelmChartContainer - Container [test-hivemq-platform-0] [hivemq] [4943d4ac-ed12-4193-89d4-9c0c437608af] was terminated
2025-01-28 20:51:14,005 INFO c.h.h.t.HelmChartContainer - Stopped log watcher for hivemq in pod test-hivemq-platform-0 [4943d4ac-ed12-4193-89d4-9c0c437608af]
2025-01-28 20:51:14,014 INFO c.h.h.t.HelmChartContainer - [test-hivemq-platform] [hivemq] [4943d4ac] INFO  - [HiveMQ Platform Operator Init App 1.7.0-SNAPSHOT] Shutting down
2025-01-28 20:51:14,014 INFO c.h.h.t.HelmChartContainer - [test-hivemq-platform] [hivemq] [4943d4ac] INFO  - [HiveMQ Platform Operator Init App 1.7.0-SNAPSHOT] Stopping the HiveMQ Platform
2025-01-28 20:51:14,035 INFO c.h.h.t.HelmChartContainer - [POD] test-hivemq-platform-1 [07c34a45-f013-47c6-8c2d-889bce00c17d] in updateloglevelit was MODIFIED
2025-01-28 20:51:14,044 INFO c.h.h.t.HelmChartContainer - [test-hivemq-platform] [hivemq] [07c34a45] INFO  - [HiveMQ Platform Operator Init App 1.7.0-SNAPSHOT] Shutting down
2025-01-28 20:51:14,046 INFO c.h.h.t.HelmChartContainer - [EVENT] Normal [Killing] Stopping container hivemq [updateloglevelit:test-hivemq-platform-1]
2025-01-28 20:51:14,046 INFO c.h.h.t.HelmChartContainer - Received Killing event for container hivemq in pod test-hivemq-platform-1 [07c34a45-f013-47c6-8c2d-889bce00c17d]
2025-01-28 20:51:14,047 INFO c.h.h.t.HelmChartContainer - Container [test-hivemq-platform-1] [hivemq] [07c34a45-f013-47c6-8c2d-889bce00c17d] was terminated
2025-01-28 20:51:14,047 INFO c.h.h.t.HelmChartContainer - Stopped log watcher for hivemq in pod test-hivemq-platform-1 [07c34a45-f013-47c6-8c2d-889bce00c17d]
2025-01-28 20:51:14,047 INFO c.h.h.t.HelmChartContainer - [test-hivemq-platform] [hivemq] [07c34a45] INFO  - [HiveMQ Platform Operator Init App 1.7.0-SNAPSHOT] Stopping the HiveMQ Platform
2025-01-28 20:51:14,047 INFO c.h.h.t.HelmChartContainer - [test-hivemq-platform] [hivemq] [07c34a45] INFO  - [HiveMQ Platform Operator Init App 1.7.0-SNAPSHOT] Returning shutdown Health API response 503 for readiness
2025-01-28 20:51:14,069 INFO c.h.h.t.HelmChartContainer - [EVENT] Warning [Unhealthy] Readiness probe failed: HTTP probe failed with statuscode: 503 [updateloglevelit:test-hivemq-platform-1]
2025-01-28 20:51:14,069 INFO c.h.h.t.HelmChartContainer - Received Unhealthy event for container hivemq in pod test-hivemq-platform-1 [07c34a45-f013-47c6-8c2d-889bce00c17d]
2025-01-28 20:51:14,410 INFO c.h.h.t.HelmChartContainer - [test-hivemq-platform] [hivemq] [4943d4ac] INFO  - [HiveMQ Platform Operator Init App 1.7.0-SNAPSHOT] Returning shutdown Health API response 503 for readiness
2025-01-28 20:51:14,414 INFO c.h.h.t.HelmChartContainer - [EVENT] Warning [Unhealthy] Readiness probe failed: HTTP probe failed with statuscode: 503 [updateloglevelit:test-hivemq-platform-0]
2025-01-28 20:51:14,414 INFO c.h.h.t.HelmChartContainer - Received Unhealthy event for container hivemq in pod test-hivemq-platform-0 [4943d4ac-ed12-4193-89d4-9c0c437608af]
2025-01-28 20:51:15,020 INFO c.h.h.t.HelmChartContainer - [K3S] [authentication.go:74] "Unable to authenticate the request" err="[invalid bearer token, serviceaccounts \"hivemq-platform-pod-test-hivemq-platform\" not found]"
2025-01-28 20:51:15,038 INFO c.h.h.t.HelmChartContainer - [K3S] [authentication.go:74] "Unable to authenticate the request" err="[invalid bearer token, serviceaccounts \"hivemq-platform-pod-test-hivemq-platform\" not found]"
2025-01-28 20:51:15,097 INFO c.h.h.t.HelmChartContainer - [test-hivemq-platform] [hivemq] [4943d4ac] WARN  - [HiveMQ Platform Operator Init App 1.7.0-SNAPSHOT] Could not update Pod annotations: Failure executing: GET at: https://10.43.0.1:443/api/v1/namespaces/updateloglevelit/pods/test-hivemq-platform-0. Message: Unauthorized. Received status: Status(apiVersion=v1, code=401, details=null, kind=Status, message=Unauthorized, metadata=ListMeta(_continue=null, remainingItemCount=null, resourceVersion=null, selfLink=null, additionalProperties={}), reason=Unauthorized, status=Failure, additionalProperties={}).
2025-01-28 20:51:15,359 INFO c.h.h.t.HelmChartContainer - Deleting namespace 'updateloglevelit'...
2025-01-28 20:51:16,217 INFO c.h.h.t.HelmChartContainer - [K3S] [authentication.go:74] "Unable to authenticate the request" err="[invalid bearer token, serviceaccounts \"hivemq-platform-pod-test-hivemq-platform\" not found]"
2025-01-28 20:51:16,234 INFO c.h.h.t.HelmChartContainer - [K3S] [authentication.go:74] "Unable to authenticate the request" err="[invalid bearer token, serviceaccounts \"hivemq-platform-pod-test-hivemq-platform\" not found]"
2025-01-28 20:51:16,300 INFO c.h.h.t.HelmChartContainer - [test-hivemq-platform] [hivemq] [07c34a45] WARN  - [HiveMQ Platform Operator Init App 1.7.0-SNAPSHOT] Could not update Pod annotations: Failure executing: GET at: https://10.43.0.1:443/api/v1/namespaces/updateloglevelit/pods/test-hivemq-platform-1. Message: Unauthorized. Received status: Status(apiVersion=v1, code=401, details=null, kind=Status, message=Unauthorized, metadata=ListMeta(_continue=null, remainingItemCount=null, resourceVersion=null, selfLink=null, additionalProperties={}), reason=Unauthorized, status=Failure, additionalProperties={}).
2025-01-28 20:51:19,037 INFO c.h.h.t.HelmChartContainer - [EVENT] Warning [Unhealthy] Readiness probe failed: HTTP probe failed with statuscode: 503 [updateloglevelit:test-hivemq-platform-1]
2025-01-28 20:51:19,037 INFO c.h.h.t.HelmChartContainer - Received Unhealthy event for container hivemq in pod test-hivemq-platform-1 [07c34a45-f013-47c6-8c2d-889bce00c17d]
2025-01-28 20:51:19,418 INFO c.h.h.t.HelmChartContainer - [EVENT] Warning [Unhealthy] Readiness probe failed: HTTP probe failed with statuscode: 503 [updateloglevelit:test-hivemq-platform-0]
2025-01-28 20:51:19,418 INFO c.h.h.t.HelmChartContainer - Received Unhealthy event for container hivemq in pod test-hivemq-platform-0 [4943d4ac-ed12-4193-89d4-9c0c437608af]
2025-01-28 20:51:19,928 INFO c.h.h.t.HelmChartContainer - [test-hivemq-platform] [hivemq] [4943d4ac] INFO  - [HiveMQ Platform Operator Init App 1.7.0-SNAPSHOT] The HiveMQ Platform exited with code 143
2025-01-28 20:51:19,928 INFO c.h.h.t.HelmChartContainer - [test-hivemq-platform] [hivemq] [4943d4ac] INFO  - [HiveMQ Platform Operator Init App 1.7.0-SNAPSHOT] Stopping the REST API
2025-01-28 20:51:19,947 INFO c.h.h.t.HelmChartContainer - [test-hivemq-platform] [hivemq] [07c34a45] INFO  - [HiveMQ Platform Operator Init App 1.7.0-SNAPSHOT] The HiveMQ Platform exited with code 143
2025-01-28 20:51:19,947 INFO c.h.h.t.HelmChartContainer - [test-hivemq-platform] [hivemq] [07c34a45] INFO  - [HiveMQ Platform Operator Init App 1.7.0-SNAPSHOT] Stopping the REST API
2025-01-28 20:51:19,956 INFO c.h.h.t.HelmChartContainer - [test-hivemq-platform] [hivemq] [07c34a45] INFO  - [HiveMQ Platform Operator Init App 1.7.0-SNAPSHOT] Shutdown complete
2025-01-28 20:51:19,992 INFO c.h.h.t.HelmChartContainer - [test-hivemq-platform] [hivemq] [4943d4ac] INFO  - [HiveMQ Platform Operator Init App 1.7.0-SNAPSHOT] Shutdown complete
2025-01-28 20:51:20,417 INFO c.h.h.t.HelmChartContainer - [K3S] [pod_container_deletor.go:80] "Container not found in pod's containers" containerID="4800f1f529876ea7a2a0497b60400ebfba241136f9264439ecf6b4eba9a929d9"
2025-01-28 20:51:20,420 INFO c.h.h.t.HelmChartContainer - [K3S] [pod_container_deletor.go:80] "Container not found in pod's containers" containerID="4dea5d22dca9aeb7c86aff73336a8f001364f08e141a6ae7a1661bab56ec035c"
2025-01-28 20:51:20,450 INFO c.h.h.t.HelmChartContainer - [POD] test-hivemq-platform-0 [4943d4ac-ed12-4193-89d4-9c0c437608af] in updateloglevelit was MODIFIED
2025-01-28 20:51:20,450 INFO c.h.h.t.HelmChartContainer - [K3S] [stateful_set.go:438] "Unhandled Error" err="error syncing StatefulSet updateloglevelit/test-hivemq-platform, requeuing: controllerrevisions.apps \"test-hivemq-platform-b697f795f\" is forbidden: unable to create new content in namespace updateloglevelit because it is being terminated"
2025-01-28 20:51:20,458 INFO c.h.h.t.HelmChartContainer - [POD] test-hivemq-platform-1 [07c34a45-f013-47c6-8c2d-889bce00c17d] in updateloglevelit was MODIFIED
2025-01-28 20:51:20,459 INFO c.h.h.t.HelmChartContainer - [K3S] [stateful_set.go:438] "Unhandled Error" err="error syncing StatefulSet updateloglevelit/test-hivemq-platform, requeuing: controllerrevisions.apps \"test-hivemq-platform-b697f795f\" is forbidden: unable to create new content in namespace updateloglevelit because it is being terminated"
2025-01-28 20:51:20,461 INFO c.h.h.t.HelmChartContainer - [K3S] [stateful_set.go:438] "Unhandled Error" err="error syncing StatefulSet updateloglevelit/test-hivemq-platform, requeuing: controllerrevisions.apps \"test-hivemq-platform-b697f795f\" is forbidden: unable to create new content in namespace updateloglevelit because it is being terminated"
2025-01-28 20:51:20,471 INFO c.h.h.t.HelmChartContainer - [K3S] [stateful_set.go:438] "Unhandled Error" err="error syncing StatefulSet updateloglevelit/test-hivemq-platform, requeuing: controllerrevisions.apps \"test-hivemq-platform-b697f795f\" is forbidden: unable to create new content in namespace updateloglevelit because it is being terminated"
2025-01-28 20:51:20,515 INFO c.h.h.t.HelmChartContainer - [K3S] [stateful_set.go:438] "Unhandled Error" err="error syncing StatefulSet updateloglevelit/test-hivemq-platform, requeuing: controllerrevisions.apps \"test-hivemq-platform-b697f795f\" is forbidden: unable to create new content in namespace updateloglevelit because it is being terminated"
2025-01-28 20:51:20,551 INFO c.h.h.t.HelmChartContainer - [K3S] [reconciler_common.go:162] "operationExecutor.UnmountVolume started for volume \"kube-api-access-49rlz\" (UniqueName: \"kubernetes.io/projected/4943d4ac-ed12-4193-89d4-9c0c437608af-kube-api-access-49rlz\") pod \"4943d4ac-ed12-4193-89d4-9c0c437608af\" (UID: \"4943d4ac-ed12-4193-89d4-9c0c437608af\") "
2025-01-28 20:51:20,551 INFO c.h.h.t.HelmChartContainer - [K3S] [reconciler_common.go:162] "operationExecutor.UnmountVolume started for volume \"broker-configuration\" (UniqueName: \"kubernetes.io/configmap/4943d4ac-ed12-4193-89d4-9c0c437608af-broker-configuration\") pod \"4943d4ac-ed12-4193-89d4-9c0c437608af\" (UID: \"4943d4ac-ed12-4193-89d4-9c0c437608af\") "
2025-01-28 20:51:20,551 INFO c.h.h.t.HelmChartContainer - [K3S] [reconciler_common.go:162] "operationExecutor.UnmountVolume started for volume \"kube-api-access-9v76m\" (UniqueName: \"kubernetes.io/projected/07c34a45-f013-47c6-8c2d-889bce00c17d-kube-api-access-9v76m\") pod \"07c34a45-f013-47c6-8c2d-889bce00c17d\" (UID: \"07c34a45-f013-47c6-8c2d-889bce00c17d\") "
2025-01-28 20:51:20,551 INFO c.h.h.t.HelmChartContainer - [K3S] [reconciler_common.go:162] "operationExecutor.UnmountVolume started for volume \"operator-init\" (UniqueName: \"kubernetes.io/empty-dir/07c34a45-f013-47c6-8c2d-889bce00c17d-operator-init\") pod \"07c34a45-f013-47c6-8c2d-889bce00c17d\" (UID: \"07c34a45-f013-47c6-8c2d-889bce00c17d\") "
2025-01-28 20:51:20,551 INFO c.h.h.t.HelmChartContainer - [K3S] [reconciler_common.go:162] "operationExecutor.UnmountVolume started for volume \"pod-info\" (UniqueName: \"kubernetes.io/configmap/07c34a45-f013-47c6-8c2d-889bce00c17d-pod-info\") pod \"07c34a45-f013-47c6-8c2d-889bce00c17d\" (UID: \"07c34a45-f013-47c6-8c2d-889bce00c17d\") "
2025-01-28 20:51:20,551 INFO c.h.h.t.HelmChartContainer - [K3S] [reconciler_common.go:162] "operationExecutor.UnmountVolume started for volume \"pod-info\" (UniqueName: \"kubernetes.io/configmap/4943d4ac-ed12-4193-89d4-9c0c437608af-pod-info\") pod \"4943d4ac-ed12-4193-89d4-9c0c437608af\" (UID: \"4943d4ac-ed12-4193-89d4-9c0c437608af\") "
2025-01-28 20:51:20,551 INFO c.h.h.t.HelmChartContainer - [K3S] [reconciler_common.go:162] "operationExecutor.UnmountVolume started for volume \"broker-configuration\" (UniqueName: \"kubernetes.io/configmap/07c34a45-f013-47c6-8c2d-889bce00c17d-broker-configuration\") pod \"07c34a45-f013-47c6-8c2d-889bce00c17d\" (UID: \"07c34a45-f013-47c6-8c2d-889bce00c17d\") "
2025-01-28 20:51:20,552 INFO c.h.h.t.HelmChartContainer - [K3S] [reconciler_common.go:162] "operationExecutor.UnmountVolume started for volume \"operator-init\" (UniqueName: \"kubernetes.io/empty-dir/4943d4ac-ed12-4193-89d4-9c0c437608af-operator-init\") pod \"4943d4ac-ed12-4193-89d4-9c0c437608af\" (UID: \"4943d4ac-ed12-4193-89d4-9c0c437608af\") "
2025-01-28 20:51:20,567 INFO c.h.h.t.HelmChartContainer - [K3S] [stateful_set.go:466] "StatefulSet has been deleted" key="updateloglevelit/test-hivemq-platform"
2025-01-28 20:51:20,597 INFO c.h.h.t.HelmChartContainer - [K3S] [stateful_set.go:466] "StatefulSet has been deleted" key="updateloglevelit/test-hivemq-platform"
2025-01-28 20:51:20,651 INFO c.h.h.t.HelmChartContainer - [K3S] [reconciler_common.go:299] "Volume detached for volume \"pod-info\" (UniqueName: \"kubernetes.io/configmap/4943d4ac-ed12-4193-89d4-9c0c437608af-pod-info\") on node \"e242dccaa35f\" DevicePath \"\""
2025-01-28 20:51:20,651 INFO c.h.h.t.HelmChartContainer - [K3S] [reconciler_common.go:299] "Volume detached for volume \"operator-init\" (UniqueName: \"kubernetes.io/empty-dir/4943d4ac-ed12-4193-89d4-9c0c437608af-operator-init\") on node \"e242dccaa35f\" DevicePath \"\""
2025-01-28 20:51:20,651 INFO c.h.h.t.HelmChartContainer - [K3S] [reconciler_common.go:299] "Volume detached for volume \"broker-configuration\" (UniqueName: \"kubernetes.io/configmap/07c34a45-f013-47c6-8c2d-889bce00c17d-broker-configuration\") on node \"e242dccaa35f\" DevicePath \"\""
2025-01-28 20:51:20,651 INFO c.h.h.t.HelmChartContainer - [K3S] [reconciler_common.go:299] "Volume detached for volume \"kube-api-access-49rlz\" (UniqueName: \"kubernetes.io/projected/4943d4ac-ed12-4193-89d4-9c0c437608af-kube-api-access-49rlz\") on node \"e242dccaa35f\" DevicePath \"\""
2025-01-28 20:51:20,651 INFO c.h.h.t.HelmChartContainer - [K3S] [reconciler_common.go:299] "Volume detached for volume \"broker-configuration\" (UniqueName: \"kubernetes.io/configmap/4943d4ac-ed12-4193-89d4-9c0c437608af-broker-configuration\") on node \"e242dccaa35f\" DevicePath \"\""
2025-01-28 20:51:20,651 INFO c.h.h.t.HelmChartContainer - [K3S] [reconciler_common.go:299] "Volume detached for volume \"kube-api-access-9v76m\" (UniqueName: \"kubernetes.io/projected/07c34a45-f013-47c6-8c2d-889bce00c17d-kube-api-access-9v76m\") on node \"e242dccaa35f\" DevicePath \"\""
2025-01-28 20:51:20,651 INFO c.h.h.t.HelmChartContainer - [K3S] [reconciler_common.go:299] "Volume detached for volume \"operator-init\" (UniqueName: \"kubernetes.io/empty-dir/07c34a45-f013-47c6-8c2d-889bce00c17d-operator-init\") on node \"e242dccaa35f\" DevicePath \"\""
2025-01-28 20:51:20,651 INFO c.h.h.t.HelmChartContainer - [K3S] [reconciler_common.go:299] "Volume detached for volume \"pod-info\" (UniqueName: \"kubernetes.io/configmap/07c34a45-f013-47c6-8c2d-889bce00c17d-pod-info\") on node \"e242dccaa35f\" DevicePath \"\""
2025-01-28 20:51:21,431 INFO c.h.h.t.HelmChartContainer - [POD] test-hivemq-platform-0 [4943d4ac-ed12-4193-89d4-9c0c437608af] in updateloglevelit was MODIFIED
2025-01-28 20:51:21,437 INFO c.h.h.t.HelmChartContainer - [POD] test-hivemq-platform-0 [4943d4ac-ed12-4193-89d4-9c0c437608af] in updateloglevelit was DELETED
2025-01-28 20:51:21,446 INFO c.h.h.t.HelmChartContainer - [POD] test-hivemq-platform-1 [07c34a45-f013-47c6-8c2d-889bce00c17d] in updateloglevelit was MODIFIED
2025-01-28 20:51:21,447 INFO c.h.h.t.HelmChartContainer - [POD] test-hivemq-platform-1 [07c34a45-f013-47c6-8c2d-889bce00c17d] in updateloglevelit was DELETED
2025-01-28 20:51:23,412 INFO c.h.h.t.HelmChartContainer - [K3S] [kubelet_volumes.go:163] "Cleaned up orphaned pod volumes dir" podUID="07c34a45-f013-47c6-8c2d-889bce00c17d" path="/var/lib/kubelet/pods/07c34a45-f013-47c6-8c2d-889bce00c17d/volumes"
2025-01-28 20:51:23,413 INFO c.h.h.t.HelmChartContainer - [K3S] [kubelet_volumes.go:163] "Cleaned up orphaned pod volumes dir" podUID="4943d4ac-ed12-4193-89d4-9c0c437608af" path="/var/lib/kubelet/pods/4943d4ac-ed12-4193-89d4-9c0c437608af/volumes"
2025-01-28 20:51:25,783 INFO c.h.h.t.HelmChartContainer - Namespace 'updateloglevelit' deleted
2025-01-28 20:51:25,783 INFO c.h.h.t.HelmChartContainer - Release 'test-hivemq-platform' in namespace 'updateloglevelit' is uninstalled
2025-01-28 20:51:25,783 INFO c.h.h.t.HelmChartContainer - Uninstalling release 'test-hivemq-platform-operator' in namespace 'updateloglevelit-operator'...
2025-01-28 20:51:25,783 DEBUG c.h.h.t.HelmChartContainer - Executing helm command: /bin/helm --kubeconfig /etc/rancher/k3s/k3s.yaml uninstall test-hivemq-platform-operator  --wait --timeout 5m0s --cascade foreground --namespace updateloglevelit-operator
2025-01-28 20:51:25,944 INFO c.h.h.t.HelmChartContainer - [K3S] [replica_set.go:679] "Finished syncing" kind="ReplicaSet" key="updateloglevelit-operator/hivemq-test-hivemq-platform-operator-6966f96d65" duration="7.826133ms"
2025-01-28 20:51:25,944 INFO c.h.h.t.HelmChartContainer - [K3S] [replica_set.go:679] "Finished syncing" kind="ReplicaSet" key="updateloglevelit-operator/hivemq-test-hivemq-platform-operator-6966f96d65" duration="35.165µs"
2025-01-28 20:51:25,962 INFO c.h.h.t.HelmChartContainer - [POD] hivemq-test-hivemq-platform-operator-6966f96d65-ssdp8 [6310f130-588e-4921-9af3-df58310a7aa3] in updateloglevelit-operator was MODIFIED
2025-01-28 20:51:25,968 INFO c.h.h.t.HelmChartContainer - [EVENT] Normal [Killing] Stopping container hivemq-platform-operator [updateloglevelit-operator:hivemq-test-hivemq-platform-operator-6966f96d65-ssdp8]
2025-01-28 20:51:25,968 INFO c.h.h.t.HelmChartContainer - Received Killing event for container hivemq-platform-operator in pod hivemq-test-hivemq-platform-operator-6966f96d65-ssdp8 [6310f130-588e-4921-9af3-df58310a7aa3]
2025-01-28 20:51:25,968 INFO c.h.h.t.HelmChartContainer - Container [hivemq-test-hivemq-platform-operator-6966f96d65-ssdp8] [hivemq-platform-operator] [6310f130-588e-4921-9af3-df58310a7aa3] was terminated
2025-01-28 20:51:25,968 INFO c.h.h.t.HelmChartContainer - Stopped log watcher for hivemq-platform-operator in pod hivemq-test-hivemq-platform-operator-6966f96d65-ssdp8 [6310f130-588e-4921-9af3-df58310a7aa3]
2025-01-28 20:51:25,971 INFO c.h.h.t.HelmChartContainer - [hivemq-test-hivemq-platform] [hivemq-platform-operator] [6310f130] 20:51:25.970 [application-shutdown-thread] INFO  c.h.p.o.HiveMQPlatformOperatorApplication - HiveMQ Platform Operator is stopping...
2025-01-28 20:51:25,973 INFO c.h.h.t.HelmChartContainer - [hivemq-test-hivemq-platform] [hivemq-platform-operator] [6310f130] 20:51:25.970 [application-shutdown-thread] INFO  i.javaoperatorsdk.operator.Operator - Operator SDK 4.9.7 is shutting down...
2025-01-28 20:51:25,980 INFO c.h.h.t.HelmChartContainer - [K3S] [replica_set.go:679] "Finished syncing" kind="ReplicaSet" key="updateloglevelit-operator/hivemq-test-hivemq-platform-operator-6966f96d65" duration="18.836669ms"
2025-01-28 20:51:25,981 INFO c.h.h.t.HelmChartContainer - [K3S] [replica_set.go:679] "Finished syncing" kind="ReplicaSet" key="updateloglevelit-operator/hivemq-test-hivemq-platform-operator-6966f96d65" duration="35.567µs"
2025-01-28 20:51:26,483 INFO c.h.h.t.HelmChartContainer - [K3S] [replica_set.go:679] "Finished syncing" kind="ReplicaSet" key="updateloglevelit-operator/hivemq-test-hivemq-platform-operator-6966f96d65" duration="47.268µs"
2025-01-28 20:51:26,483 INFO c.h.h.t.HelmChartContainer - [POD] hivemq-test-hivemq-platform-operator-6966f96d65-ssdp8 [6310f130-588e-4921-9af3-df58310a7aa3] in updateloglevelit-operator was MODIFIED
2025-01-28 20:51:26,583 INFO c.h.h.t.HelmChartContainer - [K3S] [reconciler_common.go:162] "operationExecutor.UnmountVolume started for volume \"kube-api-access-vwhmk\" (UniqueName: \"kubernetes.io/projected/6310f130-588e-4921-9af3-df58310a7aa3-kube-api-access-vwhmk\") pod \"6310f130-588e-4921-9af3-df58310a7aa3\" (UID: \"6310f130-588e-4921-9af3-df58310a7aa3\") "
2025-01-28 20:51:26,684 INFO c.h.h.t.HelmChartContainer - [K3S] [reconciler_common.go:299] "Volume detached for volume \"kube-api-access-vwhmk\" (UniqueName: \"kubernetes.io/projected/6310f130-588e-4921-9af3-df58310a7aa3-kube-api-access-vwhmk\") on node \"e242dccaa35f\" DevicePath \"\""
2025-01-28 20:51:27,430 INFO c.h.h.t.HelmChartContainer - [K3S] [scope.go:117] "RemoveContainer" containerID="81a27fb306fab9ca57161c1c74bfae56fc31b9ad7522a5cf6c1f7e049306a458"
2025-01-28 20:51:27,440 INFO c.h.h.t.HelmChartContainer - [K3S] [replica_set.go:679] "Finished syncing" kind="ReplicaSet" key="updateloglevelit-operator/hivemq-test-hivemq-platform-operator-6966f96d65" duration="53.229µs"
2025-01-28 20:51:27,441 INFO c.h.h.t.HelmChartContainer - [POD] hivemq-test-hivemq-platform-operator-6966f96d65-ssdp8 [6310f130-588e-4921-9af3-df58310a7aa3] in updateloglevelit-operator was MODIFIED
2025-01-28 20:51:27,443 INFO c.h.h.t.HelmChartContainer - [K3S] [replica_set.go:679] "Finished syncing" kind="ReplicaSet" key="updateloglevelit-operator/hivemq-test-hivemq-platform-operator-6966f96d65" duration="31.058µs"
2025-01-28 20:51:27,443 INFO c.h.h.t.HelmChartContainer - [POD] hivemq-test-hivemq-platform-operator-6966f96d65-ssdp8 [6310f130-588e-4921-9af3-df58310a7aa3] in updateloglevelit-operator was DELETED
2025-01-28 20:51:27,453 INFO c.h.h.t.HelmChartContainer - [K3S] [replica_set.go:679] "Finished syncing" kind="ReplicaSet" key="updateloglevelit-operator/hivemq-test-hivemq-platform-operator-6966f96d65" duration="5.681µs"
2025-01-28 20:51:27,989 INFO c.h.h.t.HelmChartContainer - Deleting namespace 'updateloglevelit-operator'...
2025-01-28 20:51:29,412 INFO c.h.h.t.HelmChartContainer - [K3S] [kubelet_volumes.go:163] "Cleaned up orphaned pod volumes dir" podUID="6310f130-588e-4921-9af3-df58310a7aa3" path="/var/lib/kubelet/pods/6310f130-588e-4921-9af3-df58310a7aa3/volumes"
2025-01-28 20:51:30,756 INFO c.h.h.t.HelmChartContainer - [K3S] [namespace_controller.go:187] "Namespace has been deleted" namespace="updateloglevelit"
2025-01-28 20:51:33,204 INFO c.h.h.t.HelmChartContainer - Namespace 'updateloglevelit-operator' deleted
2025-01-28 20:51:33,204 INFO c.h.h.t.HelmChartContainer - Release 'test-hivemq-platform-operator' in namespace 'updateloglevelit-operator' is uninstalled
2025-01-28 20:51:34,348 INFO c.h.helmcharts.AbstractHelmChartIT - Removed unused containers:

2025-01-28 20:51:35,618 INFO c.h.h.t.HelmChartContainer - [K3S] [scope.go:117] "RemoveContainer" containerID="f8c2af13eda2a3e5aa443062082b3e1062148fdd16cf7e28c5593bae5163bad4"
2025-01-28 20:51:35,732 INFO c.h.h.t.HelmChartContainer - [K3S] [scope.go:117] "RemoveContainer" containerID="3b1b8af620cddaf8e5bf624c99667d35e8935e1f4b4a36631f73f3d7214925ed"
2025-01-28 20:51:35,735 INFO c.h.h.t.HelmChartContainer - [K3S] [scope.go:117] "RemoveContainer" containerID="ef056fe6f4c5816fc55b6729c3183e79df4e36985e112bee7ac6ee5d0ee7e041"
2025-01-28 20:51:35,856 INFO c.h.h.t.HelmChartContainer - [K3S] [scope.go:117] "RemoveContainer" containerID="e6f84a98736f233501755d2ebf1b8987f1a1bef27282ec3d407c6e587047412d"
2025-01-28 20:51:38,112 INFO c.h.h.t.HelmChartContainer - [K3S] [namespace_controller.go:187] "Namespace has been deleted" namespace="updateloglevelit-operator"
2025-01-28 20:51:42,435 INFO c.h.helmcharts.AbstractHelmChartIT - Removed unused snapshots:
Removing snapshot sha256:03af251906410714c5aef9fa705b63f6bbc39c4a5e787de7361eeb18886c2ed2
Removing snapshot sha256:0c46b3b43cce082ce5ec34ffc6c294e0417d17b9d1e6f366d114b6aadc4f96dc
Removing snapshot sha256:0ce761beee59082d6ed5bcebd3a805b8ddd9b3426b617e4809e7fb7c6587ffec
Removing snapshot sha256:0df91287303208332c8ff6ba40ae4710105201739addbfbddfb955f1ad593664
Removing snapshot sha256:1021ef88c7974bfff89c5a0ec4fd3160daac6c48a075f74cff721f85dd104e68
Removing snapshot sha256:10aba4953ddc18145dd38e3704709bc464aa20af60b56fe52caaff4b68411e62
Removing snapshot sha256:2573e0d8158209ed54ab25c87bcdcb00bd3d2539246960a3d592a1c599d70465
Removing snapshot sha256:258960e60dce78736cadd3448efec136618ad02ca403ad81288bbeabb60d6da7
Removing snapshot sha256:362a8a37f8bbc31925a8146adcf7cf51f9882f5c1dcbef67c5baa03a297543c0
Removing snapshot sha256:43a7c979bbaba6838bc3102d6b10a1459f3ab050b87ccdfef84ef90cf43d3058
Removing snapshot sha256:4ab04491cdf0d3267f08206fe30bd48f49f94b9cab2f016d6739220f722a64af
Removing snapshot sha256:4b6068250e89c96f263060261819c7d912855bfbd64b3eb4c4a8483299b8c295
Removing snapshot sha256:580e69a0a8034ede1921139bbd2bfb72a69ebf276d008281896c32dd8bf74775
Removing snapshot sha256:5d30ba46b27fe37484567ccc5242cadc78217b8da605f3f195ef25cbf7487904
Removing snapshot sha256:63ca1fbb43ae5034640e5e6cb3e083e05c290072c5366fcaa9d62435a4cced85
Removing snapshot sha256:67f702c6baae873bceb19487c8b1f27bd2b86077e4f2f0e480e6d60ab508b8f5
Removing snapshot sha256:6864348dd42806d552efdec384f1274be15e2d0c10ce44c1f04347af004c10a9
Removing snapshot sha256:6c7dee8f2c39b84b7dc2711c01d33de93514d9055499173e9290176fbe484b6c
Removing snapshot sha256:82753493a6d61ded36556292f02f31841a14c20d2f279f19eaad65afb661d5cd
Removing snapshot sha256:8a10d3db42c505ee0fcfa98417bdd7e39b304f6bcc0a06bb1b220797ff2cc63c
Removing snapshot sha256:a0904247e36a7726c03c71ee48f3e64462021c88dafeb13f37fdaf613b27f11c
Removing snapshot sha256:a21e5b12dbac529ad45d976eb9ce45c881f3bedcc500fb30aba1e52aa1813418
Removing snapshot sha256:b66a6fd21afb31807017381cd183450aacec629ebaf238eb9d3985684dec4faa
Removing snapshot sha256:b921e6c28969094157f9b8e7244677780319637afd14450b7cb6b2fdea558a0c
Removing snapshot sha256:bc27ecb5769a00e309cf99ebc763c4a4b958b618d1decc96ffac5bc05f02f5b7
Removing snapshot sha256:be3ccb6627a5332e309d45ef461d09b4879dd870c7394d89323d0ebc6ca6aa8a
Removing snapshot sha256:c261f7cbbc64211ee175ee47273acdb7b1a36a4450b397a064a8f2c026490095
Removing snapshot sha256:c34d9393647eea0c9e3557ab988efaf59f61d10a2a5613b439ef0958cca5ec10
Removing snapshot sha256:ccf3c4a0fa967a41c1c83497a2ce6fa5787965859df0adb32c4ca2cf7490bc2b
Removing snapshot sha256:cf92d33f869417309692088c341cd0f223c178ea78a125f757317b22aa8f90e9
Removing snapshot sha256:d0037344cf2fb078884f1849f6a1f8cf9a33a3b6139b6a85833e5ee528e1f9a8
Removing snapshot sha256:d3b36d5b79273b1e98e7700470eaeff05a882e777124d84cebcc1505b85ecb36
Removing snapshot sha256:d65a44a37914602d12c611e5e22a50f11451d847e63015cc1c2aef92dee777a4
Removing snapshot sha256:e2dc0bae2455930f23ae570e019b7f32edc75c0f2d71cab084db837ff9051796
Removing snapshot sha256:eccbd24a99c60cd9e86ee5305dbfc4a4dc89f5ab4fb1f06c8d64797cecedef34
Removing snapshot sha256:f144bb4c7c7f0d2aa7eeffd36d934ec40db1ee167be727e326aad9fdc616f475

]]></system-out>
  </testcase>
  <system-out><![CDATA[2025-01-28 20:46:46,403 INFO c.h.h.t.HelmChartContainerExtension - Using cached HelmChartContainer instance
]]></system-out>
  <system-err><![CDATA[]]></system-err>
</testsuite>
