<?xml version="1.0" encoding="UTF-8"?>
<testsuite name="com.hivemq.helmcharts.extensions.HelmCustomExtensionIT" tests="3" skipped="0" failures="0" errors="0" timestamp="2025-03-03T14:26:14" hostname="fv-az1068-20" time="349.689">
  <properties/>
  <testcase name="platformChart_whenCustomExtensionIsConfigured_withHttpBasicAuth_thenStartsUpSuccessfully()" classname="com.hivemq.helmcharts.extensions.HelmCustomExtensionIT" time="109.004"/>
  <testcase name="platformChart_whenCustomExtensionIsConfigured_withHttp_thenStartsUpSuccessfully()" classname="com.hivemq.helmcharts.extensions.HelmCustomExtensionIT" time="117.577"/>
  <testcase name="platformChart_whenCustomExtensionIsConfigured_withHttps_thenStartsUpSuccessfully()" classname="com.hivemq.helmcharts.extensions.HelmCustomExtensionIT" time="123.107"/>
</testsuite>
