<?xml version="1.0" encoding="UTF-8"?>
<testsuite name="com.hivemq.helmcharts.services.HelmRestApiIT" tests="3" skipped="0" failures="0" errors="0" timestamp="2025-02-11T11:47:50" hostname="fv-az1939-91" time="303.907">
  <properties/>
  <testcase name="platformChart_whenAuthEnabled_thenCallsEndpoint()" classname="com.hivemq.helmcharts.services.HelmRestApiIT" time="106.124"/>
  <testcase name="platformChart_withCustomServiceName_thenCallsEndpoint()" classname="com.hivemq.helmcharts.services.HelmRestApiIT" time="100.921"/>
  <testcase name="platformChart_whenRestApiEnabled_thenCallsEndpoint()" classname="com.hivemq.helmcharts.services.HelmRestApiIT" time="96.862"/>
</testsuite>
