<?xml version="1.0" encoding="UTF-8"?>
<testsuite name="com.hivemq.helmcharts.platform.HelmCustomSecretConfigIT" tests="2" skipped="0" failures="0" errors="0" timestamp="2025-01-29T17:04:38" hostname="fv-az1392-340" time="307.882">
  <properties/>
  <testcase name="withExistingSecret_hivemqRunning()" classname="com.hivemq.helmcharts.platform.HelmCustomSecretConfigIT" time="156.725">
    <system-out><![CDATA[2025-01-29 17:04:38,537 INFO c.h.h.t.HelmChartContainer - Creating namespace 'helmcustomsecretconfigit-operator'...
2025-01-29 17:04:38,546 INFO c.h.h.t.HelmChartContainer - Namespace 'helmcustomsecretconfigit-operator' created
2025-01-29 17:04:38,546 INFO c.h.h.t.HelmChartContainer - Creating namespace 'helmcustomsecretconfigit'...
2025-01-29 17:04:38,556 INFO c.h.h.t.HelmChartContainer - Namespace 'helmcustomsecretconfigit' created
2025-01-29 17:04:38,629 DEBUG c.h.h.t.HelmChartContainer - Executing helm command: /bin/helm --kubeconfig /etc/rancher/k3s/k3s.yaml install test-hivemq-platform-operator /charts/hivemq-platform-operator --wait --timeout 5m0s --set image.repository=docker.io/hivemq --set image.name=hivemq-platform-operator-test --set image.initImageName=hivemq-platform-operator-init-test --set image.tag=snapshot --set image.pullPolicy=Never --set logLevel=DEBUG --set resources.cpu=512m --namespace helmcustomsecretconfigit-operator
2025-01-29 17:04:38,944 INFO c.h.h.t.HelmChartContainer - [K3S] [alloc.go:330] "allocated clusterIPs" service="helmcustomsecretconfigit-operator/hivemq-platform-operator-test-hivemq-platform-operator" clusterIPs={"IPv4":"10.43.143.42"}
2025-01-29 17:04:38,960 INFO c.h.h.t.HelmChartContainer - [EVENT] Normal [ScalingReplicaSet] Scaled up replica set hivemq-test-hivemq-platform-operator-6966f96d65 from 0 to 1 [helmcustomsecretconfigit-operator:hivemq-test-hivemq-platform-operator]
2025-01-29 17:04:38,964 INFO c.h.h.t.HelmChartContainer - [POD] hivemq-test-hivemq-platform-operator-6966f96d65-l2j2q [a817bb39-7e93-4952-8e02-3003c254d5fa] in helmcustomsecretconfigit-operator was ADDED
2025-01-29 17:04:38,977 INFO c.h.h.t.HelmChartContainer - [EVENT] Normal [SuccessfulCreate] Created pod: hivemq-test-hivemq-platform-operator-6966f96d65-l2j2q [helmcustomsecretconfigit-operator:hivemq-test-hivemq-platform-operator-6966f96d65]
2025-01-29 17:04:38,978 INFO c.h.h.t.HelmChartContainer - [K3S] [memory_manager.go:355] "RemoveStaleState removing state" podUID="3583b3d8-ea4e-4114-9d51-150d52d68dff" containerName="alertmanager"
2025-01-29 17:04:38,979 INFO c.h.h.t.HelmChartContainer - [K3S] [memory_manager.go:355] "RemoveStaleState removing state" podUID="6dd64d37-15c5-4728-8a38-aa504efc391e" containerName="hivemq-platform-operator"
2025-01-29 17:04:38,979 INFO c.h.h.t.HelmChartContainer - [K3S] [memory_manager.go:355] "RemoveStaleState removing state" podUID="ea37a302-e945-4cd7-b08f-1f49133fb846" containerName="grafana"
2025-01-29 17:04:38,979 INFO c.h.h.t.HelmChartContainer - [K3S] [memory_manager.go:355] "RemoveStaleState removing state" podUID="ea37a302-e945-4cd7-b08f-1f49133fb846" containerName="grafana-sc-datasources"
2025-01-29 17:04:38,979 INFO c.h.h.t.HelmChartContainer - [K3S] [memory_manager.go:355] "RemoveStaleState removing state" podUID="5659e7f7-d7c7-43e5-886a-524cafaa0584" containerName="config-reloader"
2025-01-29 17:04:38,979 INFO c.h.h.t.HelmChartContainer - [K3S] [memory_manager.go:355] "RemoveStaleState removing state" podUID="3583b3d8-ea4e-4114-9d51-150d52d68dff" containerName="config-reloader"
2025-01-29 17:04:38,979 INFO c.h.h.t.HelmChartContainer - [K3S] [memory_manager.go:355] "RemoveStaleState removing state" podUID="5659e7f7-d7c7-43e5-886a-524cafaa0584" containerName="prometheus"
2025-01-29 17:04:38,979 INFO c.h.h.t.HelmChartContainer - [K3S] [memory_manager.go:355] "RemoveStaleState removing state" podUID="28e820d7-5521-4caf-9a91-d22be4d0fd01" containerName="kube-state-metrics"
2025-01-29 17:04:38,979 INFO c.h.h.t.HelmChartContainer - [K3S] [memory_manager.go:355] "RemoveStaleState removing state" podUID="ea37a302-e945-4cd7-b08f-1f49133fb846" containerName="grafana-sc-dashboard"
2025-01-29 17:04:38,979 INFO c.h.h.t.HelmChartContainer - [K3S] [memory_manager.go:355] "RemoveStaleState removing state" podUID="beaef93e-6fb2-4464-b468-00e0be559c04" containerName="node-exporter"
2025-01-29 17:04:38,979 INFO c.h.h.t.HelmChartContainer - [K3S] [memory_manager.go:355] "RemoveStaleState removing state" podUID="a70ac5f9-81f9-45c5-bd1f-c6bae838ef93" containerName="kube-prometheus-stack"
2025-01-29 17:04:38,979 INFO c.h.h.t.HelmChartContainer - [POD] hivemq-test-hivemq-platform-operator-6966f96d65-l2j2q [a817bb39-7e93-4952-8e02-3003c254d5fa] in helmcustomsecretconfigit-operator was MODIFIED
2025-01-29 17:04:38,983 INFO c.h.h.t.HelmChartContainer - [EVENT] Normal [Scheduled] Successfully assigned helmcustomsecretconfigit-operator/hivemq-test-hivemq-platform-operator-6966f96d65-l2j2q to 660565193bdc [helmcustomsecretconfigit-operator:hivemq-test-hivemq-platform-operator-6966f96d65-l2j2q]
2025-01-29 17:04:38,983 INFO c.h.h.t.HelmChartContainer - [K3S] [replica_set.go:679] "Finished syncing" kind="ReplicaSet" key="helmcustomsecretconfigit-operator/hivemq-test-hivemq-platform-operator-6966f96d65" duration="27.386866ms"
2025-01-29 17:04:38,988 INFO c.h.h.t.HelmChartContainer - [K3S] [replica_set.go:679] "Finished syncing" kind="ReplicaSet" key="helmcustomsecretconfigit-operator/hivemq-test-hivemq-platform-operator-6966f96d65" duration="6.089517ms"
2025-01-29 17:04:38,989 INFO c.h.h.t.HelmChartContainer - [K3S] [replica_set.go:679] "Finished syncing" kind="ReplicaSet" key="helmcustomsecretconfigit-operator/hivemq-test-hivemq-platform-operator-6966f96d65" duration="42.799µs"
2025-01-29 17:04:38,995 INFO c.h.h.t.HelmChartContainer - [K3S] [replica_set.go:679] "Finished syncing" kind="ReplicaSet" key="helmcustomsecretconfigit-operator/hivemq-test-hivemq-platform-operator-6966f96d65" duration="32.431µs"
2025-01-29 17:04:38,996 INFO c.h.h.t.HelmChartContainer - [POD] hivemq-test-hivemq-platform-operator-6966f96d65-l2j2q [a817bb39-7e93-4952-8e02-3003c254d5fa] in helmcustomsecretconfigit-operator was MODIFIED
2025-01-29 17:04:39,172 INFO c.h.h.t.HelmChartContainer - [K3S] [reconciler_common.go:251] "operationExecutor.VerifyControllerAttachedVolume started for volume \"kube-api-access-lwqrt\" (UniqueName: \"kubernetes.io/projected/a817bb39-7e93-4952-8e02-3003c254d5fa-kube-api-access-lwqrt\") pod \"hivemq-test-hivemq-platform-operator-6966f96d65-l2j2q\" (UID: \"a817bb39-7e93-4952-8e02-3003c254d5fa\") " pod="helmcustomsecretconfigit-operator/hivemq-test-hivemq-platform-operator-6966f96d65-l2j2q"
2025-01-29 17:04:39,388 INFO c.h.h.t.HelmChartContainer - [EVENT] Normal [Pulled] Container image "docker.io/hivemq/hivemq-platform-operator-test:snapshot" already present on machine [helmcustomsecretconfigit-operator:hivemq-test-hivemq-platform-operator-6966f96d65-l2j2q]
2025-01-29 17:04:39,388 INFO c.h.h.t.HelmChartContainer - Received Pulled event for container hivemq-platform-operator in pod hivemq-test-hivemq-platform-operator-6966f96d65-l2j2q [a817bb39-7e93-4952-8e02-3003c254d5fa]
2025-01-29 17:04:40,665 INFO c.h.h.t.HelmChartContainer - [EVENT] Normal [Created] Created container: hivemq-platform-operator [helmcustomsecretconfigit-operator:hivemq-test-hivemq-platform-operator-6966f96d65-l2j2q]
2025-01-29 17:04:40,665 INFO c.h.h.t.HelmChartContainer - Received Created event for container hivemq-platform-operator in pod hivemq-test-hivemq-platform-operator-6966f96d65-l2j2q [a817bb39-7e93-4952-8e02-3003c254d5fa]
2025-01-29 17:04:41,667 INFO c.h.h.t.HelmChartContainer - [K3S] [replica_set.go:679] "Finished syncing" kind="ReplicaSet" key="helmcustomsecretconfigit-operator/hivemq-test-hivemq-platform-operator-6966f96d65" duration="39.002µs"
2025-01-29 17:04:41,667 INFO c.h.h.t.HelmChartContainer - [POD] hivemq-test-hivemq-platform-operator-6966f96d65-l2j2q [a817bb39-7e93-4952-8e02-3003c254d5fa] in helmcustomsecretconfigit-operator was MODIFIED
2025-01-29 17:04:41,683 INFO c.h.h.t.HelmChartContainer - [EVENT] Normal [Started] Started container hivemq-platform-operator [helmcustomsecretconfigit-operator:hivemq-test-hivemq-platform-operator-6966f96d65-l2j2q]
2025-01-29 17:04:41,683 INFO c.h.h.t.HelmChartContainer - Started log watcher for hivemq-platform-operator in pod hivemq-test-hivemq-platform-operator-6966f96d65-l2j2q [a817bb39-7e93-4952-8e02-3003c254d5fa]
2025-01-29 17:04:41,683 INFO c.h.h.t.HelmChartContainer - Received Started event for container hivemq-platform-operator in pod hivemq-test-hivemq-platform-operator-6966f96d65-l2j2q [a817bb39-7e93-4952-8e02-3003c254d5fa]
2025-01-29 17:04:41,683 INFO c.h.h.t.HelmChartContainer - [hivemq-test-hivemq-platform] [hivemq-platform-operator] [a817bb39] -------------------------------------------------------------------------
2025-01-29 17:04:41,684 INFO c.h.h.t.HelmChartContainer - [hivemq-test-hivemq-platform] [hivemq-platform-operator] [a817bb39] 
2025-01-29 17:04:41,684 INFO c.h.h.t.HelmChartContainer - [hivemq-test-hivemq-platform] [hivemq-platform-operator] [a817bb39]                   _    _  _              __  __   ____
2025-01-29 17:04:41,684 INFO c.h.h.t.HelmChartContainer - [hivemq-test-hivemq-platform] [hivemq-platform-operator] [a817bb39]                  | |  | |(_)            |  \/  | / __ \
2025-01-29 17:04:41,684 INFO c.h.h.t.HelmChartContainer - [hivemq-test-hivemq-platform] [hivemq-platform-operator] [a817bb39]                  | |__| | _ __   __ ___ | \  / || |  | |
2025-01-29 17:04:41,684 INFO c.h.h.t.HelmChartContainer - [hivemq-test-hivemq-platform] [hivemq-platform-operator] [a817bb39]                  |  __  || |\ \ / // _ \| |\/| || |  | |
2025-01-29 17:04:41,684 INFO c.h.h.t.HelmChartContainer - [hivemq-test-hivemq-platform] [hivemq-platform-operator] [a817bb39]                  | |  | || | \ V /|  __/| |  | || |__| |
2025-01-29 17:04:41,684 INFO c.h.h.t.HelmChartContainer - [hivemq-test-hivemq-platform] [hivemq-platform-operator] [a817bb39]                  |_|  |_||_|  \_/  \___||_|  |_| \___\_\
2025-01-29 17:04:41,684 INFO c.h.h.t.HelmChartContainer - [hivemq-test-hivemq-platform] [hivemq-platform-operator] [a817bb39] 
2025-01-29 17:04:41,684 INFO c.h.h.t.HelmChartContainer - [hivemq-test-hivemq-platform] [hivemq-platform-operator] [a817bb39] -------------------------------------------------------------------------
2025-01-29 17:04:41,684 INFO c.h.h.t.HelmChartContainer - [hivemq-test-hivemq-platform] [hivemq-platform-operator] [a817bb39] 
2025-01-29 17:04:41,684 INFO c.h.h.t.HelmChartContainer - [hivemq-test-hivemq-platform] [hivemq-platform-operator] [a817bb39]   HiveMQ Platform Operator Start Script v1.0
2025-01-29 17:04:41,684 INFO c.h.h.t.HelmChartContainer - [hivemq-test-hivemq-platform] [hivemq-platform-operator] [a817bb39] 
2025-01-29 17:04:41,684 INFO c.h.h.t.HelmChartContainer - [hivemq-test-hivemq-platform] [hivemq-platform-operator] [a817bb39] -------------------------------------------------------------------------
2025-01-29 17:04:41,684 INFO c.h.h.t.HelmChartContainer - [hivemq-test-hivemq-platform] [hivemq-platform-operator] [a817bb39] 
2025-01-29 17:04:41,684 INFO c.h.h.t.HelmChartContainer - [hivemq-test-hivemq-platform] [hivemq-platform-operator] [a817bb39]   JAVA_OPTS: -XX:+UnlockExperimentalVMOptions -XX:InitialRAMPercentage=75 -XX:MaxRAMPercentage=75 -Duser.language=en -Duser.region=US
2025-01-29 17:04:41,684 INFO c.h.h.t.HelmChartContainer - [hivemq-test-hivemq-platform] [hivemq-platform-operator] [a817bb39] 
2025-01-29 17:04:41,685 INFO c.h.h.t.HelmChartContainer - [hivemq-test-hivemq-platform] [hivemq-platform-operator] [a817bb39]   JAVA_VERSION: 21
2025-01-29 17:04:41,685 INFO c.h.h.t.HelmChartContainer - [hivemq-test-hivemq-platform] [hivemq-platform-operator] [a817bb39] 
2025-01-29 17:04:41,685 INFO c.h.h.t.HelmChartContainer - [hivemq-test-hivemq-platform] [hivemq-platform-operator] [a817bb39] -------------------------------------------------------------------------
2025-01-29 17:04:41,685 INFO c.h.h.t.HelmChartContainer - [hivemq-test-hivemq-platform] [hivemq-platform-operator] [a817bb39] 
2025-01-29 17:04:43,965 INFO c.h.h.t.HelmChartContainer - [hivemq-test-hivemq-platform] [hivemq-platform-operator] [a817bb39] 17:04:43.962 [main] DEBUG org.jboss.logging - Logging Provider: org.jboss.logging.Slf4jLoggerProvider
2025-01-29 17:04:44,070 INFO c.h.h.t.HelmChartContainer - [hivemq-test-hivemq-platform] [hivemq-platform-operator] [a817bb39] 17:04:44.069 [main] DEBUG io.smallrye.config - SRCFG01006: Loaded ConfigSource SysPropConfigSource with ordinal 400
2025-01-29 17:04:44,070 INFO c.h.h.t.HelmChartContainer - [hivemq-test-hivemq-platform] [hivemq-platform-operator] [a817bb39] 17:04:44.069 [main] DEBUG io.smallrye.config - SRCFG01006: Loaded ConfigSource EnvConfigSource with ordinal 300
2025-01-29 17:04:44,070 INFO c.h.h.t.HelmChartContainer - [hivemq-test-hivemq-platform] [hivemq-platform-operator] [a817bb39] 17:04:44.069 [main] DEBUG io.smallrye.config - SRCFG01006: Loaded ConfigSource PropertiesConfigSource[source=jar:file:///opt/hivemq-platform-operator/bin/hivemq-platform-operator.jar!/hivemq-platform-operator.properties] with ordinal 100
2025-01-29 17:04:44,071 INFO c.h.h.t.HelmChartContainer - [hivemq-test-hivemq-platform] [hivemq-platform-operator] [a817bb39] 17:04:44.069 [main] DEBUG io.smallrye.config - SRCFG01006: Loaded ConfigSource DefaultValuesConfigSource with ordinal -2147483648
2025-01-29 17:04:44,253 INFO c.h.h.t.HelmChartContainer - [hivemq-test-hivemq-platform] [hivemq-platform-operator] [a817bb39] 17:04:44.251 [main] DEBUG i.m.c.u.i.l.InternalLoggerFactory - Using SLF4J as the default logging framework
2025-01-29 17:04:44,366 INFO c.h.h.t.HelmChartContainer - [hivemq-test-hivemq-platform] [hivemq-platform-operator] [a817bb39] 17:04:44.356 [main] INFO  c.h.p.o.HiveMQPlatformOperatorApplication - HiveMQ Platform Operator 1.7.0-SNAPSHOT (commit: 8465ebf on branch: HEAD) built on Wed Jan 29 16:56:31 UTC 2025
2025-01-29 17:04:44,367 INFO c.h.h.t.HelmChartContainer - [hivemq-test-hivemq-platform] [hivemq-platform-operator] [a817bb39] 17:04:44.365 [main] INFO  c.h.p.o.HiveMQPlatformOperatorApplication - HiveMQ Platform Operator is running in namespace: helmcustomsecretconfigit-operator
2025-01-29 17:04:44,368 INFO c.h.h.t.HelmChartContainer - [hivemq-test-hivemq-platform] [hivemq-platform-operator] [a817bb39] 17:04:44.365 [main] INFO  c.h.p.o.HiveMQPlatformOperatorApplication - Watching all namespaces
2025-01-29 17:04:44,368 INFO c.h.h.t.HelmChartContainer - [hivemq-test-hivemq-platform] [hivemq-platform-operator] [a817bb39] 17:04:44.365 [main] INFO  c.h.p.o.HiveMQPlatformOperatorApplication - Log level: DEBUG
2025-01-29 17:04:44,368 INFO c.h.h.t.HelmChartContainer - [hivemq-test-hivemq-platform] [hivemq-platform-operator] [a817bb39] 17:04:44.365 [main] INFO  c.h.p.o.HiveMQPlatformOperatorApplication - Release name: test-hivemq-platform-operator
2025-01-29 17:04:44,368 INFO c.h.h.t.HelmChartContainer - [hivemq-test-hivemq-platform] [hivemq-platform-operator] [a817bb39] 17:04:44.365 [main] INFO  c.h.p.o.HiveMQPlatformOperatorApplication - HiveMQ Platform Operator Init image: docker.io/hivemq/hivemq-platform-operator-init-test:snapshot
2025-01-29 17:04:44,369 INFO c.h.h.t.HelmChartContainer - [hivemq-test-hivemq-platform] [hivemq-platform-operator] [a817bb39] 17:04:44.365 [main] INFO  c.h.p.o.HiveMQPlatformOperatorApplication - HiveMQ Platform Operator Init App update URL: http://hivemq-platform-operator-test-hivemq-platform-operator.helmcustomsecretconfigit-operator.svc:8080/initAppUpdate/hivemq-platform-operator-init-app-1.7.0-SNAPSHOT.jar
2025-01-29 17:04:44,369 INFO c.h.h.t.HelmChartContainer - [hivemq-test-hivemq-platform] [hivemq-platform-operator] [a817bb39] 17:04:44.365 [main] INFO  c.h.p.o.HiveMQPlatformOperatorApplication - Additional imagePullSecret for all Platform deployments: none
2025-01-29 17:04:44,369 INFO c.h.h.t.HelmChartContainer - [hivemq-test-hivemq-platform] [hivemq-platform-operator] [a817bb39] 17:04:44.365 [main] INFO  c.h.p.o.HiveMQPlatformOperatorApplication - Apply HiveMQ Platform CRD: true
2025-01-29 17:04:44,369 INFO c.h.h.t.HelmChartContainer - [hivemq-test-hivemq-platform] [hivemq-platform-operator] [a817bb39] 17:04:44.365 [main] INFO  c.h.p.o.HiveMQPlatformOperatorApplication - Create Platform ServiceAccount: true
2025-01-29 17:04:44,369 INFO c.h.h.t.HelmChartContainer - [hivemq-test-hivemq-platform] [hivemq-platform-operator] [a817bb39] 17:04:44.366 [main] INFO  c.h.p.o.HiveMQPlatformOperatorApplication - Create Platform ServiceAccount permissions: true
2025-01-29 17:04:44,369 INFO c.h.h.t.HelmChartContainer - [hivemq-test-hivemq-platform] [hivemq-platform-operator] [a817bb39] 17:04:44.366 [main] INFO  c.h.p.o.HiveMQPlatformOperatorApplication - Validate Platform ServiceAccount: true
2025-01-29 17:04:44,369 INFO c.h.h.t.HelmChartContainer - [hivemq-test-hivemq-platform] [hivemq-platform-operator] [a817bb39] 17:04:44.366 [main] INFO  c.h.p.o.HiveMQPlatformOperatorApplication - Validate Platform ServiceAccount permissions: true
2025-01-29 17:04:44,564 INFO c.h.h.t.HelmChartContainer - [hivemq-test-hivemq-platform] [hivemq-platform-operator] [a817bb39] 17:04:44.563 [main] INFO  c.h.platform.operator.util.CRDUtil - Verifying deployed HiveMQ Platform CRD...
2025-01-29 17:04:47,057 INFO c.h.h.t.HelmChartContainer - [hivemq-test-hivemq-platform] [hivemq-platform-operator] [a817bb39] 17:04:47.055 [main] DEBUG c.h.platform.operator.util.CRDUtil - HiveMQ Platform CRD version v1 is up to date
2025-01-29 17:04:47,057 INFO c.h.h.t.HelmChartContainer - [hivemq-test-hivemq-platform] [hivemq-platform-operator] [a817bb39] 17:04:47.055 [main] INFO  c.h.platform.operator.util.CRDUtil - HiveMQ Platform CRD is up to date (version: V1_6_0)
2025-01-29 17:04:47,057 INFO c.h.h.t.HelmChartContainer - [hivemq-test-hivemq-platform] [hivemq-platform-operator] [a817bb39] 17:04:47.055 [main] INFO  c.h.platform.operator.util.CRDUtil - Waiting 10000 ms for HiveMQ Platform CRD 'hivemq-platforms.hivemq.com' to become ready...
2025-01-29 17:04:47,357 INFO c.h.h.t.HelmChartContainer - [hivemq-test-hivemq-platform] [hivemq-platform-operator] [a817bb39] 17:04:47.356 [vert.x-eventloop-thread-1] DEBUG c.h.platform.operator.util.CRDUtil - Checking CRD condition 'NamesAccepted' (status: 'True')
2025-01-29 17:04:47,359 INFO c.h.h.t.HelmChartContainer - [hivemq-test-hivemq-platform] [hivemq-platform-operator] [a817bb39] 17:04:47.356 [vert.x-eventloop-thread-1] DEBUG c.h.platform.operator.util.CRDUtil - Checking CRD condition 'Established' (status: 'True')
2025-01-29 17:04:47,359 INFO c.h.h.t.HelmChartContainer - [hivemq-test-hivemq-platform] [hivemq-platform-operator] [a817bb39] 17:04:47.357 [main] INFO  c.h.platform.operator.util.CRDUtil - HiveMQ Platform CRD 'hivemq-platforms.hivemq.com' is ready
2025-01-29 17:04:47,476 INFO c.h.h.t.HelmChartContainer - [hivemq-test-hivemq-platform] [hivemq-platform-operator] [a817bb39] 17:04:47.475 [main] INFO  c.h.p.o.HiveMQPlatformReconciler - HiveMQ Platform Operator is starting...
2025-01-29 17:04:47,632 INFO c.h.h.t.HelmChartContainer - [hivemq-test-hivemq-platform] [hivemq-platform-operator] [a817bb39] 17:04:47.631 [main] WARN  Default ConfigurationService implementation - Configuration for reconciler 'hivemq-controller' was not found. Known reconcilers: None.
2025-01-29 17:04:47,659 INFO c.h.h.t.HelmChartContainer - [hivemq-test-hivemq-platform] [hivemq-platform-operator] [a817bb39] 17:04:47.658 [main] INFO  Default ConfigurationService implementation - Created configuration for reconciler com.hivemq.platform.operator.HiveMQPlatformReconciler with name hivemq-controller
2025-01-29 17:04:47,769 INFO c.h.h.t.HelmChartContainer - [hivemq-test-hivemq-platform] [hivemq-platform-operator] [a817bb39] 17:04:47.768 [main] DEBUG c.h.p.o.HiveMQPlatformReconciler - HiveMQ Platform Operator is preparing EventSources
2025-01-29 17:04:47,859 INFO c.h.h.t.HelmChartContainer - [hivemq-test-hivemq-platform] [hivemq-platform-operator] [a817bb39] 17:04:47.858 [main] INFO  i.javaoperatorsdk.operator.Operator - Registered reconciler: 'hivemq-controller' for resource: 'class com.hivemq.platform.operator.v1.HiveMQPlatform' for namespace(s): [all namespaces]
2025-01-29 17:04:48,452 INFO c.h.h.t.HelmChartContainer - [hivemq-test-hivemq-platform] [hivemq-platform-operator] [a817bb39] 17:04:48.451 [main] INFO  c.h.p.operator.webserver.JettyServer - Starting Jetty server on port 8080
2025-01-29 17:04:48,551 INFO c.h.h.t.HelmChartContainer - [hivemq-test-hivemq-platform] [hivemq-platform-operator] [a817bb39] 17:04:48.550 [main] INFO  i.javaoperatorsdk.operator.Operator - Operator SDK 4.9.7 (commit: 2133d28) built on Wed Nov 20 12:56:20 UTC 2024 starting...
2025-01-29 17:04:48,551 INFO c.h.h.t.HelmChartContainer - [hivemq-test-hivemq-platform] [hivemq-platform-operator] [a817bb39] 17:04:48.550 [main] INFO  i.javaoperatorsdk.operator.Operator - Client version: 6.13.5
2025-01-29 17:04:48,553 INFO c.h.h.t.HelmChartContainer - [hivemq-test-hivemq-platform] [hivemq-platform-operator] [a817bb39] 17:04:48.552 [Controller Starter for: hivemq-controller] INFO  i.j.operator.processing.Controller - Starting 'hivemq-controller' controller for reconciler: com.hivemq.platform.operator.HiveMQPlatformReconciler, resource: com.hivemq.platform.operator.v1.HiveMQPlatform
2025-01-29 17:04:51,166 INFO c.h.h.t.HelmChartContainer - [hivemq-test-hivemq-platform] [hivemq-platform-operator] [a817bb39] 17:04:51.164 [Controller Starter for: hivemq-controller] INFO  i.j.operator.processing.Controller - 'hivemq-controller' controller started
2025-01-29 17:04:51,166 INFO c.h.h.t.HelmChartContainer - [hivemq-test-hivemq-platform] [hivemq-platform-operator] [a817bb39] 17:04:51.164 [main] INFO  c.h.p.o.HiveMQPlatformOperatorApplication - HiveMQ Platform Operator 1.7.0-SNAPSHOT started in 6808 ms
2025-01-29 17:04:52,670 INFO c.h.h.t.HelmChartContainer - [POD] hivemq-test-hivemq-platform-operator-6966f96d65-l2j2q [a817bb39-7e93-4952-8e02-3003c254d5fa] in helmcustomsecretconfigit-operator was MODIFIED
2025-01-29 17:04:52,677 INFO c.h.h.t.HelmChartContainer - [K3S] [replica_set.go:679] "Finished syncing" kind="ReplicaSet" key="helmcustomsecretconfigit-operator/hivemq-test-hivemq-platform-operator-6966f96d65" duration="8.030825ms"
2025-01-29 17:04:52,677 INFO c.h.h.t.HelmChartContainer - [K3S] [replica_set.go:679] "Finished syncing" kind="ReplicaSet" key="helmcustomsecretconfigit-operator/hivemq-test-hivemq-platform-operator-6966f96d65" duration="45.886µs"
2025-01-29 17:04:53,103 DEBUG c.h.h.t.HelmChartContainer - Executing helm command: /bin/helm --kubeconfig /etc/rancher/k3s/k3s.yaml install test-hivemq-platform /charts/hivemq-platform --wait --timeout 5m0s --set image.repository=docker.io/hivemq --set image.tag=4.36.0 --set image.pullPolicy=Never --set nodes.resources.cpu=512m --set config.create=false --set config.name=hivemq-configuration --set config.createAs=Secret --namespace helmcustomsecretconfigit
2025-01-29 17:04:53,475 INFO c.h.h.t.HelmChartContainer - [hivemq-test-hivemq-platform] [hivemq-platform-operator] [a817bb39] 17:04:53.461 [-2082509879-pool-1-thread-2] WARN  i.m.p.PrometheusMeterRegistry - The meter (MeterId{name='operator.sdk.events.received', tags=[tag(action=ADDED),tag(event=ResourceEvent),tag(group=hivemq.com),tag(kind=HiveMQPlatform),tag(name=test-hivemq-platform),tag(namespace=helmcustomsecretconfigit),tag(scope=namespace),tag(version=v1)]}) registration has failed: Prometheus requires that all meters with the same name have the same set of tag keys. There is already an existing meter named 'operator.sdk.events.received' containing tag keys [event, group, kind, name, namespace, scope, version]. The meter you are attempting to register has keys [action, event, group, kind, name, namespace, scope, version]. Note that subsequent logs will be logged at debug level.
2025-01-29 17:04:53,951 INFO c.h.h.t.HelmChartContainer - [hivemq-test-hivemq-platform] [hivemq-platform-operator] [a817bb39] 17:04:53.949 [pool-6-thread-3] DEBUG c.h.p.o.dependants.PodInfoConfigMap - [helmcust] Desired PodInfo ConfigMap (1 extensions) (1 enabled)
2025-01-29 17:04:53,953 INFO c.h.h.t.HelmChartContainer - [hivemq-test-hivemq-platform] [hivemq-platform-operator] [a817bb39] 17:04:53.950 [pool-6-thread-3] DEBUG c.h.p.o.dependants.PodInfoConfigMap - [helmcust] Desired PodInfo ConfigMap (metrics port: 9399) (metrics path: /)
2025-01-29 17:04:53,954 INFO c.h.h.t.HelmChartContainer - [hivemq-test-hivemq-platform] [hivemq-platform-operator] [a817bb39] 17:04:53.950 [pool-6-thread-3] DEBUG c.h.p.o.dependants.PodInfoConfigMap - [helmcust] Desired PodInfo ConfigMap (extension state hash: -1817474005)
2025-01-29 17:04:53,954 INFO c.h.h.t.HelmChartContainer - [hivemq-test-hivemq-platform] [hivemq-platform-operator] [a817bb39] 17:04:53.952 [pool-6-thread-3] DEBUG c.h.p.o.dependants.PodInfoConfigMap - [helmcust] Create PodInfo ConfigMap
2025-01-29 17:04:54,060 INFO c.h.h.t.HelmChartContainer - [hivemq-test-hivemq-platform] [hivemq-platform-operator] [a817bb39] 17:04:54.057 [pool-6-thread-5] DEBUG c.h.p.o.dependants.PodRoleResource - [helmcust] Create Role: Role(apiVersion=rbac.authorization.k8s.io/v1, kind=Role, metadata=ObjectMeta(annotations={meta.helm.sh/release-name=test-hivemq-platform, meta.helm.sh/release-namespace=helmcustomsecretconfigit}, creationTimestamp=null, deletionGracePeriodSeconds=null, deletionTimestamp=null, finalizers=[], generateName=null, generation=null, labels={helm.sh/chart=hivemq-platform-0.2.32, app.kubernetes.io/managed-by=Helm, app.kubernetes.io/name=hivemq-platform, hivemq-platform=test-hivemq-platform, app.kubernetes.io/instance=test-hivemq-platform, app.kubernetes.io/version=4.36.0}, managedFields=[], name=hivemq-platform-role-test-hivemq-platform, namespace=helmcustomsecretconfigit, ownerReferences=[OwnerReference(apiVersion=hivemq.com/v1, blockOwnerDeletion=null, controller=null, kind=HiveMQPlatform, name=test-hivemq-platform, uid=6af07d98-794b-4ead-9fb7-df5391f4e9b5, additionalProperties={})], resourceVersion=null, selfLink=null, uid=null, additionalProperties={}), rules=[PolicyRule(apiGroups=[], nonResourceURLs=[], resourceNames=[], resources=[pods], verbs=[get, patch, update], additionalProperties={})], additionalProperties={})
2025-01-29 17:04:54,167 INFO c.h.h.t.HelmChartContainer - [hivemq-test-hivemq-platform] [hivemq-platform-operator] [a817bb39] 17:04:54.165 [pool-6-thread-7] DEBUG c.h.p.o.d.PodServiceAccountResource - [helmcust] Desired PodServiceAccountResource (serviceAccountName: hivemq-platform-pod-test-hivemq-platform)
2025-01-29 17:04:54,168 INFO c.h.h.t.HelmChartContainer - [hivemq-test-hivemq-platform] [hivemq-platform-operator] [a817bb39] 17:04:54.166 [pool-6-thread-7] DEBUG c.h.p.o.d.PodServiceAccountResource - [helmcust] Create ServiceAccount 'hivemq-platform-pod-test-hivemq-platform'
2025-01-29 17:04:54,356 INFO c.h.h.t.HelmChartContainer - [hivemq-test-hivemq-platform] [hivemq-platform-operator] [a817bb39] 17:04:54.354 [pool-6-thread-10] DEBUG c.h.p.o.d.PodRoleBindingResource - [helmcust] Create RoleBinding: RoleBinding(apiVersion=rbac.authorization.k8s.io/v1, kind=RoleBinding, metadata=ObjectMeta(annotations={meta.helm.sh/release-name=test-hivemq-platform, meta.helm.sh/release-namespace=helmcustomsecretconfigit}, creationTimestamp=null, deletionGracePeriodSeconds=null, deletionTimestamp=null, finalizers=[], generateName=null, generation=null, labels={helm.sh/chart=hivemq-platform-0.2.32, app.kubernetes.io/managed-by=Helm, app.kubernetes.io/name=hivemq-platform, hivemq-platform=test-hivemq-platform, app.kubernetes.io/instance=test-hivemq-platform, app.kubernetes.io/version=4.36.0}, managedFields=[], name=hivemq-platform-role-binding-test-hivemq-platform, namespace=helmcustomsecretconfigit, ownerReferences=[OwnerReference(apiVersion=hivemq.com/v1, blockOwnerDeletion=null, controller=null, kind=HiveMQPlatform, name=test-hivemq-platform, uid=6af07d98-794b-4ead-9fb7-df5391f4e9b5, additionalProperties={})], resourceVersion=null, selfLink=null, uid=null, additionalProperties={}), roleRef=RoleRef(apiGroup=rbac.authorization.k8s.io, kind=Role, name=hivemq-platform-role-test-hivemq-platform, additionalProperties={}), subjects=[Subject(apiGroup=null, kind=ServiceAccount, name=hivemq-platform-pod-test-hivemq-platform, namespace=helmcustomsecretconfigit, additionalProperties={})], additionalProperties={})
2025-01-29 17:04:54,452 INFO c.h.h.t.HelmChartContainer - [hivemq-test-hivemq-platform] [hivemq-platform-operator] [a817bb39] 17:04:54.451 [ReconcilerExecutor-hivemq-controller-53] INFO  c.h.p.o.HiveMQPlatformReconciler - [helmcust] Reconciling HiveMQ Platform 'test-hivemq-platform' in namespace 'helmcustomsecretconfigit'
2025-01-29 17:04:54,453 INFO c.h.h.t.HelmChartContainer - [hivemq-test-hivemq-platform] [hivemq-platform-operator] [a817bb39] 17:04:54.451 [ReconcilerExecutor-hivemq-controller-53] DEBUG c.h.p.o.HiveMQPlatformReconciler - [helmcust] Custom Resource Status CREATED - HiveMQ Platform was created (READY)
2025-01-29 17:04:54,453 INFO c.h.h.t.HelmChartContainer - [hivemq-test-hivemq-platform] [hivemq-platform-operator] [a817bb39] 17:04:54.451 [ReconcilerExecutor-hivemq-controller-53] DEBUG c.h.p.o.HiveMQPlatformReconciler - [helmcust] Custom Resource Spec (replicas: 2) (extensions: 1)
2025-01-29 17:04:54,459 INFO c.h.h.t.HelmChartContainer - [hivemq-test-hivemq-platform] [hivemq-platform-operator] [a817bb39] 17:04:54.457 [ReconcilerExecutor-hivemq-controller-53] INFO  c.h.p.o.h.HiveMQPlatformReconcilerBaseHandler - [helmcust] HiveMQ Platform is starting
2025-01-29 17:04:54,569 INFO c.h.h.t.HelmChartContainer - [hivemq-test-hivemq-platform] [hivemq-platform-operator] [a817bb39] 17:04:54.568 [ReconcilerExecutor-hivemq-controller-53] DEBUG c.h.p.operator.event.EventSender - [helmcust] Creating K8s event hivemq-platform-starting: [Start] HiveMQ Platform is starting
2025-01-29 17:04:54,659 INFO c.h.h.t.HelmChartContainer - [EVENT] Normal [Start] HiveMQ Platform is starting [helmcustomsecretconfigit:test-hivemq-platform]
2025-01-29 17:04:54,663 INFO c.h.h.t.HelmChartContainer - [hivemq-test-hivemq-platform] [hivemq-platform-operator] [a817bb39] 17:04:54.661 [ReconcilerExecutor-hivemq-controller-53] INFO  c.h.p.o.h.AbstractHiveMQReconcilerStateHandler - [helmcust] Update HiveMQ Platform Status (CREATED [READY] -> STARTING [READY]): HiveMQ Platform is starting
2025-01-29 17:04:54,675 DEBUG com.hivemq.helmcharts.util.K8sUtil - Comparing actual state 'STARTING' and waiting for 'RUNNING'
2025-01-29 17:05:04,761 INFO c.h.h.t.HelmChartContainer - [hivemq-test-hivemq-platform] [hivemq-platform-operator] [a817bb39] 17:05:04.758 [pool-6-thread-12] DEBUG c.h.p.o.d.PlatformServiceResource - [helmcust] Desired Platform services (3 services)
2025-01-29 17:05:04,761 INFO c.h.h.t.HelmChartContainer - [hivemq-test-hivemq-platform] [hivemq-platform-operator] [a817bb39] 17:05:04.759 [pool-6-thread-13] DEBUG c.h.p.o.dependants.PodInfoConfigMap - [helmcust] Desired PodInfo ConfigMap (1 extensions) (1 enabled)
2025-01-29 17:05:04,761 INFO c.h.h.t.HelmChartContainer - [hivemq-test-hivemq-platform] [hivemq-platform-operator] [a817bb39] 17:05:04.759 [pool-6-thread-13] DEBUG c.h.p.o.dependants.PodInfoConfigMap - [helmcust] Desired PodInfo ConfigMap (metrics port: 9399) (metrics path: /)
2025-01-29 17:05:04,761 INFO c.h.h.t.HelmChartContainer - [hivemq-test-hivemq-platform] [hivemq-platform-operator] [a817bb39] 17:05:04.760 [pool-6-thread-13] DEBUG c.h.p.o.dependants.PodInfoConfigMap - [helmcust] Desired PodInfo ConfigMap (extension state hash: -1817474005)
2025-01-29 17:05:04,766 INFO c.h.h.t.HelmChartContainer - [hivemq-test-hivemq-platform] [hivemq-platform-operator] [a817bb39] 17:05:04.765 [pool-6-thread-17] DEBUG c.h.p.o.d.PodServiceAccountResource - [helmcust] Desired PodServiceAccountResource (serviceAccountName: hivemq-platform-pod-test-hivemq-platform)
2025-01-29 17:05:04,853 INFO c.h.h.t.HelmChartContainer - [hivemq-test-hivemq-platform] [hivemq-platform-operator] [a817bb39] 17:05:04.850 [pool-6-thread-13] DEBUG c.h.p.o.dependants.PodInfoConfigMap - [helmcust] Update PodInfo ConfigMap
2025-01-29 17:05:04,863 INFO c.h.h.t.HelmChartContainer - [K3S] [alloc.go:330] "allocated clusterIPs" service="helmcustomsecretconfigit/hivemq-test-hivemq-platform-cc-8080" clusterIPs={"IPv4":"10.43.13.96"}
2025-01-29 17:05:04,958 INFO c.h.h.t.HelmChartContainer - [K3S] [alloc.go:330] "allocated clusterIPs" service="helmcustomsecretconfigit/hivemq-test-hivemq-platform-metrics-9399" clusterIPs={"IPv4":"10.43.4.103"}
2025-01-29 17:05:04,972 INFO c.h.h.t.HelmChartContainer - [K3S] [alloc.go:330] "allocated clusterIPs" service="helmcustomsecretconfigit/hivemq-test-hivemq-platform-mqtt-1883" clusterIPs={"IPv4":"10.43.225.2"}
2025-01-29 17:05:05,053 INFO c.h.h.t.HelmChartContainer - [hivemq-test-hivemq-platform] [hivemq-platform-operator] [a817bb39] 17:05:05.050 [pool-6-thread-20] DEBUG c.h.p.o.d.StatefulSetResource - [helmcust] Desired StatefulSet (2 replicas) for status STARTING (READY)
2025-01-29 17:05:05,065 INFO c.h.h.t.HelmChartContainer - [hivemq-test-hivemq-platform] [hivemq-platform-operator] [a817bb39] 17:05:05.064 [pool-6-thread-20] DEBUG c.h.p.o.d.StatefulSetResource - [helmcust] Create StatefulSet
2025-01-29 17:05:05,180 INFO c.h.h.t.HelmChartContainer - [POD] test-hivemq-platform-0 [3caacca1-b7e1-4241-a154-ebb224094608] in helmcustomsecretconfigit was ADDED
2025-01-29 17:05:05,184 INFO c.h.h.t.HelmChartContainer - [POD] test-hivemq-platform-0 [3caacca1-b7e1-4241-a154-ebb224094608] in helmcustomsecretconfigit was MODIFIED
2025-01-29 17:05:05,186 INFO c.h.h.t.HelmChartContainer - [EVENT] Normal [SuccessfulCreate] create Pod test-hivemq-platform-0 in StatefulSet test-hivemq-platform successful [helmcustomsecretconfigit:test-hivemq-platform]
2025-01-29 17:05:05,186 INFO c.h.h.t.HelmChartContainer - [EVENT] Normal [Scheduled] Successfully assigned helmcustomsecretconfigit/test-hivemq-platform-0 to 660565193bdc [helmcustomsecretconfigit:test-hivemq-platform-0]
2025-01-29 17:05:05,198 INFO c.h.h.t.HelmChartContainer - [POD] test-hivemq-platform-0 [3caacca1-b7e1-4241-a154-ebb224094608] in helmcustomsecretconfigit was MODIFIED
2025-01-29 17:05:05,257 INFO c.h.h.t.HelmChartContainer - [hivemq-test-hivemq-platform] [hivemq-platform-operator] [a817bb39] 17:05:05.253 [ReconcilerExecutor-hivemq-controller-64] INFO  c.h.p.o.HiveMQPlatformReconciler - [helmcust] Reconciling HiveMQ Platform 'test-hivemq-platform' in namespace 'helmcustomsecretconfigit'
2025-01-29 17:05:05,257 INFO c.h.h.t.HelmChartContainer - [hivemq-test-hivemq-platform] [hivemq-platform-operator] [a817bb39] 17:05:05.254 [ReconcilerExecutor-hivemq-controller-64] DEBUG c.h.p.o.HiveMQPlatformReconciler - [helmcust] Custom Resource Status STARTING - HiveMQ Platform is starting (READY)
2025-01-29 17:05:05,257 INFO c.h.h.t.HelmChartContainer - [hivemq-test-hivemq-platform] [hivemq-platform-operator] [a817bb39] 17:05:05.254 [ReconcilerExecutor-hivemq-controller-64] DEBUG c.h.p.o.HiveMQPlatformReconciler - [helmcust] Custom Resource Spec (replicas: 2) (extensions: 1)
2025-01-29 17:05:05,326 INFO c.h.h.t.HelmChartContainer - [K3S] [reconciler_common.go:251] "operationExecutor.VerifyControllerAttachedVolume started for volume \"pod-info\" (UniqueName: \"kubernetes.io/configmap/3caacca1-b7e1-4241-a154-ebb224094608-pod-info\") pod \"test-hivemq-platform-0\" (UID: \"3caacca1-b7e1-4241-a154-ebb224094608\") " pod="helmcustomsecretconfigit/test-hivemq-platform-0"
2025-01-29 17:05:05,326 INFO c.h.h.t.HelmChartContainer - [K3S] [reconciler_common.go:251] "operationExecutor.VerifyControllerAttachedVolume started for volume \"kube-api-access-6kdqz\" (UniqueName: \"kubernetes.io/projected/3caacca1-b7e1-4241-a154-ebb224094608-kube-api-access-6kdqz\") pod \"test-hivemq-platform-0\" (UID: \"3caacca1-b7e1-4241-a154-ebb224094608\") " pod="helmcustomsecretconfigit/test-hivemq-platform-0"
2025-01-29 17:05:05,326 INFO c.h.h.t.HelmChartContainer - [K3S] [reconciler_common.go:251] "operationExecutor.VerifyControllerAttachedVolume started for volume \"operator-init\" (UniqueName: \"kubernetes.io/empty-dir/3caacca1-b7e1-4241-a154-ebb224094608-operator-init\") pod \"test-hivemq-platform-0\" (UID: \"3caacca1-b7e1-4241-a154-ebb224094608\") " pod="helmcustomsecretconfigit/test-hivemq-platform-0"
2025-01-29 17:05:05,326 INFO c.h.h.t.HelmChartContainer - [K3S] [reconciler_common.go:251] "operationExecutor.VerifyControllerAttachedVolume started for volume \"broker-configuration\" (UniqueName: \"kubernetes.io/secret/3caacca1-b7e1-4241-a154-ebb224094608-broker-configuration\") pod \"test-hivemq-platform-0\" (UID: \"3caacca1-b7e1-4241-a154-ebb224094608\") " pod="helmcustomsecretconfigit/test-hivemq-platform-0"
2025-01-29 17:05:05,351 INFO c.h.h.t.HelmChartContainer - [hivemq-test-hivemq-platform] [hivemq-platform-operator] [a817bb39] 17:05:05.350 [ReconcilerExecutor-hivemq-controller-64] DEBUG c.h.p.o.HiveMQPlatformReconciler - [helmcust] StatefulSet Status (revision: test-hivemq-platform-65cfcbfbf9, replicas: 1, available: 0, ready: 0, current: 1, updated: 1)
2025-01-29 17:05:05,352 INFO c.h.h.t.HelmChartContainer - [hivemq-test-hivemq-platform] [hivemq-platform-operator] [a817bb39] 17:05:05.350 [ReconcilerExecutor-hivemq-controller-64] DEBUG c.h.p.o.HiveMQPlatformReconciler - [helmcust] StatefulSet Spec (replicas: 2, init containers: 1, containers: 1, volumes: 3)
2025-01-29 17:05:05,366 INFO c.h.h.t.HelmChartContainer - [hivemq-test-hivemq-platform] [hivemq-platform-operator] [a817bb39] 17:05:05.365 [ReconcilerExecutor-hivemq-controller-64] DEBUG c.h.p.o.h.HiveMQPlatformReconcilerErrorHandler - [helmcust] Pod 'test-hivemq-platform-0' phase Pending
2025-01-29 17:05:05,368 INFO c.h.h.t.HelmChartContainer - [hivemq-test-hivemq-platform] [hivemq-platform-operator] [a817bb39] 17:05:05.366 [ReconcilerExecutor-hivemq-controller-64] DEBUG c.h.p.o.h.HiveMQPlatformReconcilerErrorHandler - [helmcust] Pod 'test-hivemq-platform-0' condition 'PodReadyToStartContainers': False
2025-01-29 17:05:05,368 INFO c.h.h.t.HelmChartContainer - [hivemq-test-hivemq-platform] [hivemq-platform-operator] [a817bb39] 17:05:05.366 [ReconcilerExecutor-hivemq-controller-64] DEBUG c.h.p.o.h.HiveMQPlatformReconcilerErrorHandler - [helmcust] Pod 'test-hivemq-platform-0' condition 'Initialized': False
2025-01-29 17:05:05,368 INFO c.h.h.t.HelmChartContainer - [hivemq-test-hivemq-platform] [hivemq-platform-operator] [a817bb39] 17:05:05.367 [ReconcilerExecutor-hivemq-controller-64] DEBUG c.h.p.o.h.HiveMQPlatformReconcilerErrorHandler - [helmcust] Pod 'test-hivemq-platform-0' condition 'Ready': False
2025-01-29 17:05:05,369 INFO c.h.h.t.HelmChartContainer - [hivemq-test-hivemq-platform] [hivemq-platform-operator] [a817bb39] 17:05:05.367 [ReconcilerExecutor-hivemq-controller-64] DEBUG c.h.p.o.h.HiveMQPlatformReconcilerErrorHandler - [helmcust] Pod 'test-hivemq-platform-0' condition 'ContainersReady': False
2025-01-29 17:05:05,369 INFO c.h.h.t.HelmChartContainer - [hivemq-test-hivemq-platform] [hivemq-platform-operator] [a817bb39] 17:05:05.367 [ReconcilerExecutor-hivemq-controller-64] DEBUG c.h.p.o.h.HiveMQPlatformReconcilerErrorHandler - [helmcust] Pod 'test-hivemq-platform-0' condition 'PodScheduled': True
2025-01-29 17:05:05,369 INFO c.h.h.t.HelmChartContainer - [hivemq-test-hivemq-platform] [hivemq-platform-operator] [a817bb39] 17:05:05.367 [ReconcilerExecutor-hivemq-controller-64] DEBUG c.h.p.o.h.HiveMQPlatformReconcilerErrorHandler - [helmcust] Pod 'test-hivemq-platform-0' containerStatus 'hivemq' (started: false) (ready: false) (waiting: [PodInitializing] null)
2025-01-29 17:05:05,370 INFO c.h.h.t.HelmChartContainer - [hivemq-test-hivemq-platform] [hivemq-platform-operator] [a817bb39] 17:05:05.369 [ReconcilerExecutor-hivemq-controller-64] INFO  c.h.p.o.h.HiveMQPlatformReconcilerBaseHandler - [helmcust] HiveMQ Platform is starting, 0 of 2 replicas are ready
2025-01-29 17:05:05,458 INFO c.h.h.t.HelmChartContainer - [hivemq-test-hivemq-platform] [hivemq-platform-operator] [a817bb39] 17:05:05.454 [pool-6-thread-22] DEBUG c.h.p.o.d.PlatformServiceResource - [helmcust] Desired Platform services (3 services)
2025-01-29 17:05:05,459 INFO c.h.h.t.HelmChartContainer - [hivemq-test-hivemq-platform] [hivemq-platform-operator] [a817bb39] 17:05:05.456 [pool-6-thread-23] DEBUG c.h.p.o.dependants.PodInfoConfigMap - [helmcust] Desired PodInfo ConfigMap (1 extensions) (1 enabled)
2025-01-29 17:05:05,459 INFO c.h.h.t.HelmChartContainer - [hivemq-test-hivemq-platform] [hivemq-platform-operator] [a817bb39] 17:05:05.457 [pool-6-thread-23] DEBUG c.h.p.o.dependants.PodInfoConfigMap - [helmcust] Desired PodInfo ConfigMap (metrics port: 9399) (metrics path: /)
2025-01-29 17:05:05,464 INFO c.h.h.t.HelmChartContainer - [hivemq-test-hivemq-platform] [hivemq-platform-operator] [a817bb39] 17:05:05.458 [pool-6-thread-23] DEBUG c.h.p.o.dependants.PodInfoConfigMap - [helmcust] Desired PodInfo ConfigMap (extension state hash: -1817474005)
2025-01-29 17:05:05,466 INFO c.h.h.t.HelmChartContainer - [hivemq-test-hivemq-platform] [hivemq-platform-operator] [a817bb39] 17:05:05.464 [pool-6-thread-27] DEBUG c.h.p.o.d.PodServiceAccountResource - [helmcust] Desired PodServiceAccountResource (serviceAccountName: hivemq-platform-pod-test-hivemq-platform)
2025-01-29 17:05:05,556 INFO c.h.h.t.HelmChartContainer - [hivemq-test-hivemq-platform] [hivemq-platform-operator] [a817bb39] 17:05:05.555 [pool-6-thread-30] DEBUG c.h.p.o.d.StatefulSetResource - [helmcust] Desired StatefulSet (2 replicas) for status STARTING (READY)
2025-01-29 17:05:05,564 INFO c.h.h.t.HelmChartContainer - [hivemq-test-hivemq-platform] [hivemq-platform-operator] [a817bb39] 17:05:05.563 [ReconcilerExecutor-hivemq-controller-75] INFO  c.h.p.o.HiveMQPlatformReconciler - [helmcust] Reconciling HiveMQ Platform 'test-hivemq-platform' in namespace 'helmcustomsecretconfigit'
2025-01-29 17:05:05,567 INFO c.h.h.t.HelmChartContainer - [hivemq-test-hivemq-platform] [hivemq-platform-operator] [a817bb39] 17:05:05.564 [ReconcilerExecutor-hivemq-controller-75] DEBUG c.h.p.o.HiveMQPlatformReconciler - [helmcust] Custom Resource Status STARTING - HiveMQ Platform is starting (READY)
2025-01-29 17:05:05,570 INFO c.h.h.t.HelmChartContainer - [hivemq-test-hivemq-platform] [hivemq-platform-operator] [a817bb39] 17:05:05.565 [ReconcilerExecutor-hivemq-controller-75] DEBUG c.h.p.o.HiveMQPlatformReconciler - [helmcust] Custom Resource Spec (replicas: 2) (extensions: 1)
2025-01-29 17:05:05,585 INFO c.h.h.t.HelmChartContainer - [EVENT] Normal [Pulled] Container image "docker.io/hivemq/hivemq-platform-operator-init-test:snapshot" already present on machine [helmcustomsecretconfigit:test-hivemq-platform-0]
2025-01-29 17:05:05,653 INFO c.h.h.t.HelmChartContainer - [hivemq-test-hivemq-platform] [hivemq-platform-operator] [a817bb39] 17:05:05.649 [ReconcilerExecutor-hivemq-controller-75] DEBUG c.h.p.o.HiveMQPlatformReconciler - [helmcust] StatefulSet Status (revision: test-hivemq-platform-65cfcbfbf9, replicas: 1, available: 0, ready: 0, current: 1, updated: 1)
2025-01-29 17:05:05,654 INFO c.h.h.t.HelmChartContainer - [hivemq-test-hivemq-platform] [hivemq-platform-operator] [a817bb39] 17:05:05.649 [ReconcilerExecutor-hivemq-controller-75] DEBUG c.h.p.o.HiveMQPlatformReconciler - [helmcust] StatefulSet Spec (replicas: 2, init containers: 1, containers: 1, volumes: 3)
2025-01-29 17:05:05,654 INFO c.h.h.t.HelmChartContainer - [hivemq-test-hivemq-platform] [hivemq-platform-operator] [a817bb39] 17:05:05.652 [ReconcilerExecutor-hivemq-controller-75] DEBUG c.h.p.o.h.HiveMQPlatformReconcilerErrorHandler - [helmcust] Pod 'test-hivemq-platform-0' phase Pending
2025-01-29 17:05:05,654 INFO c.h.h.t.HelmChartContainer - [hivemq-test-hivemq-platform] [hivemq-platform-operator] [a817bb39] 17:05:05.652 [ReconcilerExecutor-hivemq-controller-75] DEBUG c.h.p.o.h.HiveMQPlatformReconcilerErrorHandler - [helmcust] Pod 'test-hivemq-platform-0' condition 'PodReadyToStartContainers': False
2025-01-29 17:05:05,654 INFO c.h.h.t.HelmChartContainer - [hivemq-test-hivemq-platform] [hivemq-platform-operator] [a817bb39] 17:05:05.652 [ReconcilerExecutor-hivemq-controller-75] DEBUG c.h.p.o.h.HiveMQPlatformReconcilerErrorHandler - [helmcust] Pod 'test-hivemq-platform-0' condition 'Initialized': False
2025-01-29 17:05:05,654 INFO c.h.h.t.HelmChartContainer - [hivemq-test-hivemq-platform] [hivemq-platform-operator] [a817bb39] 17:05:05.652 [ReconcilerExecutor-hivemq-controller-75] DEBUG c.h.p.o.h.HiveMQPlatformReconcilerErrorHandler - [helmcust] Pod 'test-hivemq-platform-0' condition 'Ready': False
2025-01-29 17:05:05,654 INFO c.h.h.t.HelmChartContainer - [hivemq-test-hivemq-platform] [hivemq-platform-operator] [a817bb39] 17:05:05.652 [ReconcilerExecutor-hivemq-controller-75] DEBUG c.h.p.o.h.HiveMQPlatformReconcilerErrorHandler - [helmcust] Pod 'test-hivemq-platform-0' condition 'ContainersReady': False
2025-01-29 17:05:05,654 INFO c.h.h.t.HelmChartContainer - [hivemq-test-hivemq-platform] [hivemq-platform-operator] [a817bb39] 17:05:05.652 [ReconcilerExecutor-hivemq-controller-75] DEBUG c.h.p.o.h.HiveMQPlatformReconcilerErrorHandler - [helmcust] Pod 'test-hivemq-platform-0' condition 'PodScheduled': True
2025-01-29 17:05:05,654 INFO c.h.h.t.HelmChartContainer - [hivemq-test-hivemq-platform] [hivemq-platform-operator] [a817bb39] 17:05:05.652 [ReconcilerExecutor-hivemq-controller-75] DEBUG c.h.p.o.h.HiveMQPlatformReconcilerErrorHandler - [helmcust] Pod 'test-hivemq-platform-0' containerStatus 'hivemq' (started: false) (ready: false) (waiting: [PodInitializing] null)
2025-01-29 17:05:05,655 INFO c.h.h.t.HelmChartContainer - [hivemq-test-hivemq-platform] [hivemq-platform-operator] [a817bb39] 17:05:05.654 [ReconcilerExecutor-hivemq-controller-75] INFO  c.h.p.o.h.HiveMQPlatformReconcilerBaseHandler - [helmcust] HiveMQ Platform is starting, 0 of 2 replicas are ready
2025-01-29 17:05:05,755 INFO c.h.h.t.HelmChartContainer - [EVENT] Normal [Created] Created container: hivemq-platform-operator-init [helmcustomsecretconfigit:test-hivemq-platform-0]
2025-01-29 17:05:05,797 INFO c.h.h.t.HelmChartContainer - [EVENT] Normal [Started] Started container hivemq-platform-operator-init [helmcustomsecretconfigit:test-hivemq-platform-0]
2025-01-29 17:05:06,695 INFO c.h.h.t.HelmChartContainer - [EVENT] Normal [Pulled] Container image "docker.io/hivemq/hivemq4:4.36.0" already present on machine [helmcustomsecretconfigit:test-hivemq-platform-0]
2025-01-29 17:05:06,695 INFO c.h.h.t.HelmChartContainer - Received Pulled event for container hivemq in pod test-hivemq-platform-0 [3caacca1-b7e1-4241-a154-ebb224094608]
2025-01-29 17:05:06,712 INFO c.h.h.t.HelmChartContainer - [POD] test-hivemq-platform-0 [3caacca1-b7e1-4241-a154-ebb224094608] in helmcustomsecretconfigit was MODIFIED
2025-01-29 17:05:06,729 INFO c.h.h.t.HelmChartContainer - [hivemq-test-hivemq-platform] [hivemq-platform-operator] [a817bb39] 17:05:06.723 [pool-6-thread-32] DEBUG c.h.p.o.d.PlatformServiceResource - [helmcust] Desired Platform services (3 services)
2025-01-29 17:05:06,729 INFO c.h.h.t.HelmChartContainer - [hivemq-test-hivemq-platform] [hivemq-platform-operator] [a817bb39] 17:05:06.724 [pool-6-thread-33] DEBUG c.h.p.o.dependants.PodInfoConfigMap - [helmcust] Desired PodInfo ConfigMap (1 extensions) (1 enabled)
2025-01-29 17:05:06,729 INFO c.h.h.t.HelmChartContainer - [hivemq-test-hivemq-platform] [hivemq-platform-operator] [a817bb39] 17:05:06.724 [pool-6-thread-33] DEBUG c.h.p.o.dependants.PodInfoConfigMap - [helmcust] Desired PodInfo ConfigMap (metrics port: 9399) (metrics path: /)
2025-01-29 17:05:06,729 INFO c.h.h.t.HelmChartContainer - [hivemq-test-hivemq-platform] [hivemq-platform-operator] [a817bb39] 17:05:06.724 [pool-6-thread-33] DEBUG c.h.p.o.dependants.PodInfoConfigMap - [helmcust] Desired PodInfo ConfigMap (extension state hash: -1817474005)
2025-01-29 17:05:06,734 INFO c.h.h.t.HelmChartContainer - [hivemq-test-hivemq-platform] [hivemq-platform-operator] [a817bb39] 17:05:06.732 [pool-6-thread-37] DEBUG c.h.p.o.d.PodServiceAccountResource - [helmcust] Desired PodServiceAccountResource (serviceAccountName: hivemq-platform-pod-test-hivemq-platform)
2025-01-29 17:05:06,761 INFO c.h.h.t.HelmChartContainer - [hivemq-test-hivemq-platform] [hivemq-platform-operator] [a817bb39] 17:05:06.759 [pool-6-thread-40] DEBUG c.h.p.o.d.StatefulSetResource - [helmcust] Desired StatefulSet (2 replicas) for status STARTING (READY)
2025-01-29 17:05:06,767 INFO c.h.h.t.HelmChartContainer - [hivemq-test-hivemq-platform] [hivemq-platform-operator] [a817bb39] 17:05:06.765 [ReconcilerExecutor-hivemq-controller-86] INFO  c.h.p.o.HiveMQPlatformReconciler - [helmcust] Reconciling HiveMQ Platform 'test-hivemq-platform' in namespace 'helmcustomsecretconfigit'
2025-01-29 17:05:06,771 INFO c.h.h.t.HelmChartContainer - [hivemq-test-hivemq-platform] [hivemq-platform-operator] [a817bb39] 17:05:06.766 [ReconcilerExecutor-hivemq-controller-86] DEBUG c.h.p.o.HiveMQPlatformReconciler - [helmcust] Custom Resource Status STARTING - HiveMQ Platform is starting (READY)
2025-01-29 17:05:06,771 INFO c.h.h.t.HelmChartContainer - [hivemq-test-hivemq-platform] [hivemq-platform-operator] [a817bb39] 17:05:06.766 [ReconcilerExecutor-hivemq-controller-86] DEBUG c.h.p.o.HiveMQPlatformReconciler - [helmcust] Custom Resource Spec (replicas: 2) (extensions: 1)
2025-01-29 17:05:06,773 INFO c.h.h.t.HelmChartContainer - [hivemq-test-hivemq-platform] [hivemq-platform-operator] [a817bb39] 17:05:06.771 [ReconcilerExecutor-hivemq-controller-86] DEBUG c.h.p.o.HiveMQPlatformReconciler - [helmcust] StatefulSet Status (revision: test-hivemq-platform-65cfcbfbf9, replicas: 1, available: 0, ready: 0, current: 1, updated: 1)
2025-01-29 17:05:06,773 INFO c.h.h.t.HelmChartContainer - [hivemq-test-hivemq-platform] [hivemq-platform-operator] [a817bb39] 17:05:06.771 [ReconcilerExecutor-hivemq-controller-86] DEBUG c.h.p.o.HiveMQPlatformReconciler - [helmcust] StatefulSet Spec (replicas: 2, init containers: 1, containers: 1, volumes: 3)
2025-01-29 17:05:06,855 INFO c.h.h.t.HelmChartContainer - [hivemq-test-hivemq-platform] [hivemq-platform-operator] [a817bb39] 17:05:06.852 [ReconcilerExecutor-hivemq-controller-86] DEBUG c.h.p.o.h.HiveMQPlatformReconcilerErrorHandler - [helmcust] Pod 'test-hivemq-platform-0' phase Pending
2025-01-29 17:05:06,855 INFO c.h.h.t.HelmChartContainer - [hivemq-test-hivemq-platform] [hivemq-platform-operator] [a817bb39] 17:05:06.853 [ReconcilerExecutor-hivemq-controller-86] DEBUG c.h.p.o.h.HiveMQPlatformReconcilerErrorHandler - [helmcust] Pod 'test-hivemq-platform-0' condition 'PodReadyToStartContainers': True
2025-01-29 17:05:06,855 INFO c.h.h.t.HelmChartContainer - [hivemq-test-hivemq-platform] [hivemq-platform-operator] [a817bb39] 17:05:06.853 [ReconcilerExecutor-hivemq-controller-86] DEBUG c.h.p.o.h.HiveMQPlatformReconcilerErrorHandler - [helmcust] Pod 'test-hivemq-platform-0' condition 'Initialized': True
2025-01-29 17:05:06,855 INFO c.h.h.t.HelmChartContainer - [hivemq-test-hivemq-platform] [hivemq-platform-operator] [a817bb39] 17:05:06.853 [ReconcilerExecutor-hivemq-controller-86] DEBUG c.h.p.o.h.HiveMQPlatformReconcilerErrorHandler - [helmcust] Pod 'test-hivemq-platform-0' condition 'Ready': False
2025-01-29 17:05:06,855 INFO c.h.h.t.HelmChartContainer - [hivemq-test-hivemq-platform] [hivemq-platform-operator] [a817bb39] 17:05:06.853 [ReconcilerExecutor-hivemq-controller-86] DEBUG c.h.p.o.h.HiveMQPlatformReconcilerErrorHandler - [helmcust] Pod 'test-hivemq-platform-0' condition 'ContainersReady': False
2025-01-29 17:05:06,855 INFO c.h.h.t.HelmChartContainer - [hivemq-test-hivemq-platform] [hivemq-platform-operator] [a817bb39] 17:05:06.853 [ReconcilerExecutor-hivemq-controller-86] DEBUG c.h.p.o.h.HiveMQPlatformReconcilerErrorHandler - [helmcust] Pod 'test-hivemq-platform-0' condition 'PodScheduled': True
2025-01-29 17:05:06,855 INFO c.h.h.t.HelmChartContainer - [hivemq-test-hivemq-platform] [hivemq-platform-operator] [a817bb39] 17:05:06.853 [ReconcilerExecutor-hivemq-controller-86] DEBUG c.h.p.o.h.HiveMQPlatformReconcilerErrorHandler - [helmcust] Pod 'test-hivemq-platform-0' containerStatus 'hivemq' (started: false) (ready: false) (waiting: [PodInitializing] null)
2025-01-29 17:05:06,856 INFO c.h.h.t.HelmChartContainer - [hivemq-test-hivemq-platform] [hivemq-platform-operator] [a817bb39] 17:05:06.854 [ReconcilerExecutor-hivemq-controller-86] INFO  c.h.p.o.h.HiveMQPlatformReconcilerBaseHandler - [helmcust] HiveMQ Platform is starting, 0 of 2 replicas are ready
2025-01-29 17:05:08,643 INFO c.h.h.t.HelmChartContainer - [EVENT] Normal [Created] Created container: hivemq [helmcustomsecretconfigit:test-hivemq-platform-0]
2025-01-29 17:05:08,643 INFO c.h.h.t.HelmChartContainer - Received Created event for container hivemq in pod test-hivemq-platform-0 [3caacca1-b7e1-4241-a154-ebb224094608]
2025-01-29 17:05:08,711 INFO c.h.h.t.HelmChartContainer - [POD] test-hivemq-platform-0 [3caacca1-b7e1-4241-a154-ebb224094608] in helmcustomsecretconfigit was MODIFIED
2025-01-29 17:05:08,733 INFO c.h.h.t.HelmChartContainer - [EVENT] Normal [Started] Started container hivemq [helmcustomsecretconfigit:test-hivemq-platform-0]
2025-01-29 17:05:08,735 INFO c.h.h.t.HelmChartContainer - Received Started event for container hivemq in pod test-hivemq-platform-0 [3caacca1-b7e1-4241-a154-ebb224094608]
2025-01-29 17:05:08,733 INFO c.h.h.t.HelmChartContainer - Started log watcher for hivemq in pod test-hivemq-platform-0 [3caacca1-b7e1-4241-a154-ebb224094608]
2025-01-29 17:05:08,736 INFO c.h.h.t.HelmChartContainer - [test-hivemq-platform] [hivemq] [3caacca1] Adding pre-installed HiveMQ Platform Operator extensions
2025-01-29 17:05:08,736 INFO c.h.h.t.HelmChartContainer - [test-hivemq-platform] [hivemq] [3caacca1] Running as user 10000
2025-01-29 17:05:08,737 INFO c.h.h.t.HelmChartContainer - [test-hivemq-platform] [hivemq] [3caacca1] Starting HiveMQ Platform Operator Init
2025-01-29 17:05:08,738 INFO c.h.h.t.HelmChartContainer - [hivemq-test-hivemq-platform] [hivemq-platform-operator] [a817bb39] 17:05:08.733 [pool-6-thread-42] DEBUG c.h.p.o.d.PlatformServiceResource - [helmcust] Desired Platform services (3 services)
2025-01-29 17:05:08,738 INFO c.h.h.t.HelmChartContainer - [hivemq-test-hivemq-platform] [hivemq-platform-operator] [a817bb39] 17:05:08.735 [pool-6-thread-43] DEBUG c.h.p.o.dependants.PodInfoConfigMap - [helmcust] Desired PodInfo ConfigMap (1 extensions) (1 enabled)
2025-01-29 17:05:08,738 INFO c.h.h.t.HelmChartContainer - [hivemq-test-hivemq-platform] [hivemq-platform-operator] [a817bb39] 17:05:08.735 [pool-6-thread-43] DEBUG c.h.p.o.dependants.PodInfoConfigMap - [helmcust] Desired PodInfo ConfigMap (metrics port: 9399) (metrics path: /)
2025-01-29 17:05:08,738 INFO c.h.h.t.HelmChartContainer - [hivemq-test-hivemq-platform] [hivemq-platform-operator] [a817bb39] 17:05:08.735 [pool-6-thread-43] DEBUG c.h.p.o.dependants.PodInfoConfigMap - [helmcust] Desired PodInfo ConfigMap (extension state hash: -1817474005)
2025-01-29 17:05:08,745 INFO c.h.h.t.HelmChartContainer - [hivemq-test-hivemq-platform] [hivemq-platform-operator] [a817bb39] 17:05:08.743 [pool-6-thread-47] DEBUG c.h.p.o.d.PodServiceAccountResource - [helmcust] Desired PodServiceAccountResource (serviceAccountName: hivemq-platform-pod-test-hivemq-platform)
2025-01-29 17:05:08,753 INFO c.h.h.t.HelmChartContainer - [hivemq-test-hivemq-platform] [hivemq-platform-operator] [a817bb39] 17:05:08.751 [pool-6-thread-50] DEBUG c.h.p.o.d.StatefulSetResource - [helmcust] Desired StatefulSet (2 replicas) for status STARTING (READY)
2025-01-29 17:05:08,759 INFO c.h.h.t.HelmChartContainer - [hivemq-test-hivemq-platform] [hivemq-platform-operator] [a817bb39] 17:05:08.758 [ReconcilerExecutor-hivemq-controller-97] INFO  c.h.p.o.HiveMQPlatformReconciler - [helmcust] Reconciling HiveMQ Platform 'test-hivemq-platform' in namespace 'helmcustomsecretconfigit'
2025-01-29 17:05:08,760 INFO c.h.h.t.HelmChartContainer - [hivemq-test-hivemq-platform] [hivemq-platform-operator] [a817bb39] 17:05:08.759 [ReconcilerExecutor-hivemq-controller-97] DEBUG c.h.p.o.HiveMQPlatformReconciler - [helmcust] Custom Resource Status STARTING - HiveMQ Platform is starting (READY)
2025-01-29 17:05:08,760 INFO c.h.h.t.HelmChartContainer - [hivemq-test-hivemq-platform] [hivemq-platform-operator] [a817bb39] 17:05:08.759 [ReconcilerExecutor-hivemq-controller-97] DEBUG c.h.p.o.HiveMQPlatformReconciler - [helmcust] Custom Resource Spec (replicas: 2) (extensions: 1)
2025-01-29 17:05:08,833 INFO c.h.h.t.HelmChartContainer - [hivemq-test-hivemq-platform] [hivemq-platform-operator] [a817bb39] 17:05:08.832 [ReconcilerExecutor-hivemq-controller-97] DEBUG c.h.p.o.HiveMQPlatformReconciler - [helmcust] StatefulSet Status (revision: test-hivemq-platform-65cfcbfbf9, replicas: 1, available: 0, ready: 0, current: 1, updated: 1)
2025-01-29 17:05:08,833 INFO c.h.h.t.HelmChartContainer - [hivemq-test-hivemq-platform] [hivemq-platform-operator] [a817bb39] 17:05:08.832 [ReconcilerExecutor-hivemq-controller-97] DEBUG c.h.p.o.HiveMQPlatformReconciler - [helmcust] StatefulSet Spec (replicas: 2, init containers: 1, containers: 1, volumes: 3)
2025-01-29 17:05:08,838 INFO c.h.h.t.HelmChartContainer - [hivemq-test-hivemq-platform] [hivemq-platform-operator] [a817bb39] 17:05:08.835 [ReconcilerExecutor-hivemq-controller-97] DEBUG c.h.p.o.h.HiveMQPlatformReconcilerErrorHandler - [helmcust] Pod 'test-hivemq-platform-0' phase Running
2025-01-29 17:05:08,841 INFO c.h.h.t.HelmChartContainer - [hivemq-test-hivemq-platform] [hivemq-platform-operator] [a817bb39] 17:05:08.836 [ReconcilerExecutor-hivemq-controller-97] INFO  c.h.p.o.h.HiveMQPlatformReconcilerBaseHandler - [helmcust] HiveMQ Platform is starting, 0 of 2 replicas are ready
2025-01-29 17:05:09,998 INFO c.h.h.t.HelmChartContainer - [test-hivemq-platform] [hivemq] [3caacca1] INFO  - [HiveMQ Platform Operator Init 1.7.0-SNAPSHOT] HiveMQ Platform Operator Init 1.7.0-SNAPSHOT (commit: 8465ebf on branch: HEAD) built on Wed Jan 29 16:56:31 UTC 2025
2025-01-29 17:05:11,213 INFO c.h.h.t.HelmChartContainer - [test-hivemq-platform] [hivemq] [3caacca1] INFO  - [HiveMQ Platform Operator Init App 1.7.0-SNAPSHOT] Using bind address 10.42.0.14 from environment variable
2025-01-29 17:05:12,194 INFO c.h.h.t.HelmChartContainer - [test-hivemq-platform] [hivemq] [3caacca1] INFO  - [HiveMQ Platform Operator Init App 1.7.0-SNAPSHOT] HiveMQ Platform Operator Init App 1.7.0-SNAPSHOT (commit: 8465ebf on branch: HEAD) built on Wed Jan 29 16:56:31 UTC 2025
2025-01-29 17:05:12,194 INFO c.h.h.t.HelmChartContainer - [test-hivemq-platform] [hivemq] [3caacca1] INFO  - [HiveMQ Platform Operator Init App 1.7.0-SNAPSHOT] PodInfo ConfigMap directory: /etc/podinfo
2025-01-29 17:05:12,194 INFO c.h.h.t.HelmChartContainer - [test-hivemq-platform] [hivemq] [3caacca1] INFO  - [HiveMQ Platform Operator Init App 1.7.0-SNAPSHOT] HiveMQ home directory: /opt/hivemq
2025-01-29 17:05:12,194 INFO c.h.h.t.HelmChartContainer - [test-hivemq-platform] [hivemq] [3caacca1] INFO  - [HiveMQ Platform Operator Init App 1.7.0-SNAPSHOT] HiveMQ Logback folder: /opt/hivemq/conf
2025-01-29 17:05:12,194 INFO c.h.h.t.HelmChartContainer - [test-hivemq-platform] [hivemq] [3caacca1] INFO  - [HiveMQ Platform Operator Init App 1.7.0-SNAPSHOT] HiveMQ Config folder: /opt/hivemq/conf-k8s
2025-01-29 17:05:12,195 INFO c.h.h.t.HelmChartContainer - [test-hivemq-platform] [hivemq] [3caacca1] INFO  - [HiveMQ Platform Operator Init App 1.7.0-SNAPSHOT] Starting HiveMQ Platform Operator Init App
2025-01-29 17:05:12,195 INFO c.h.h.t.HelmChartContainer - [test-hivemq-platform] [hivemq] [3caacca1] INFO  - [HiveMQ Platform Operator Init App 1.7.0-SNAPSHOT] Starting Pod reconciler
2025-01-29 17:05:13,401 INFO c.h.h.t.HelmChartContainer - [test-hivemq-platform] [hivemq] [3caacca1] INFO  - [HiveMQ Platform Operator Init App 1.7.0-SNAPSHOT] Pod reconciler is scheduled (interval: 5000 ms)
2025-01-29 17:05:13,402 INFO c.h.h.t.HelmChartContainer - [test-hivemq-platform] [hivemq] [3caacca1] INFO  - [HiveMQ Platform Operator Init App 1.7.0-SNAPSHOT] Starting the REST API on 10.42.0.14:7979
2025-01-29 17:05:13,404 INFO c.h.h.t.HelmChartContainer - [test-hivemq-platform] [hivemq] [3caacca1] INFO  - [HiveMQ Platform Operator Init App 1.7.0-SNAPSHOT] Waiting up to 600s for at most 2 HiveMQ nodes in cluster service hivemq-test-hivemq-platform-cluster.helmcustomsecretconfigit.svc
2025-01-29 17:05:13,793 INFO c.h.h.t.HelmChartContainer - [test-hivemq-platform] [hivemq] [3caacca1] INFO  - [HiveMQ Platform Operator Init App 1.7.0-SNAPSHOT] Resolved 1 IP addresses: [10.42.0.14]
2025-01-29 17:05:13,793 INFO c.h.h.t.HelmChartContainer - [test-hivemq-platform] [hivemq] [3caacca1] INFO  - [HiveMQ Platform Operator Init App 1.7.0-SNAPSHOT] HiveMQ node count of 1 is within threshold of 2
2025-01-29 17:05:13,793 INFO c.h.h.t.HelmChartContainer - [test-hivemq-platform] [hivemq] [3caacca1] INFO  - [HiveMQ Platform Operator Init App 1.7.0-SNAPSHOT] Proceeding with container start
2025-01-29 17:05:13,888 INFO c.h.h.t.HelmChartContainer - [test-hivemq-platform] [hivemq] [3caacca1] INFO  - [HiveMQ Platform Operator Init App 1.7.0-SNAPSHOT] Initializing HiveMQ Platform extensions with initial configuration: {hivemq-allow-all-extension={start-priority=-1, skip-https-hostname-verification=false, restart=true, config-version=0, header-version=0, c-uri=, priority=-1, uri=preinstalled, skip-https-certificate-validation=false, enabled=true}, hivemq-prometheus-extension={restart=true, priority=-1, start-priority=-1, c-uri=, skip-https-hostname-verification=false, skip-https-certificate-validation=false, uri=preinstalled, request-header-path=no-request-headers, enabled=true}}
2025-01-29 17:05:14,342 INFO c.h.h.t.HelmChartContainer - [test-hivemq-platform] [hivemq] [3caacca1] INFO  - [HiveMQ Platform Operator Init App 1.7.0-SNAPSHOT] Extension hivemq-allow-all-extension was already enabled
2025-01-29 17:05:14,394 INFO c.h.h.t.HelmChartContainer - [test-hivemq-platform] [hivemq] [3caacca1] INFO  - [HiveMQ Platform Operator Init App 1.7.0-SNAPSHOT] Successfully enabled extension hivemq-prometheus-extension
2025-01-29 17:05:14,396 INFO c.h.h.t.HelmChartContainer - [test-hivemq-platform] [hivemq] [3caacca1] INFO  - [HiveMQ Platform Operator Init App 1.7.0-SNAPSHOT] Starting HiveMQ Platform version 4.36.0 (4.36.0)
2025-01-29 17:05:14,397 INFO c.h.h.t.HelmChartContainer - [test-hivemq-platform] [hivemq] [3caacca1] INFO  - [HiveMQ Platform Operator Init App 1.7.0-SNAPSHOT] Configuring the HiveMQ Platform
2025-01-29 17:05:14,440 INFO c.h.h.t.HelmChartContainer - [test-hivemq-platform] [hivemq] [3caacca1] INFO  - [HiveMQ Platform Operator Init App 1.7.0-SNAPSHOT] Changed logback.xml file scan period to 20 seconds
2025-01-29 17:05:14,498 INFO c.h.h.t.HelmChartContainer - [test-hivemq-platform] [hivemq] [3caacca1] INFO  - [HiveMQ Platform Operator Init App 1.7.0-SNAPSHOT] Starting the HiveMQ Platform
2025-01-29 17:05:14,536 INFO c.h.h.t.HelmChartContainer - [test-hivemq-platform] [hivemq] [3caacca1] -------------------------------------------------------------------------
2025-01-29 17:05:14,536 INFO c.h.h.t.HelmChartContainer - [test-hivemq-platform] [hivemq] [3caacca1] 
2025-01-29 17:05:14,536 INFO c.h.h.t.HelmChartContainer - [test-hivemq-platform] [hivemq] [3caacca1]                   _    _  _              __  __   ____
2025-01-29 17:05:14,536 INFO c.h.h.t.HelmChartContainer - [test-hivemq-platform] [hivemq] [3caacca1]                  | |  | |(_)            |  \/  | / __ \
2025-01-29 17:05:14,536 INFO c.h.h.t.HelmChartContainer - [test-hivemq-platform] [hivemq] [3caacca1]                  | |__| | _ __   __ ___ | \  / || |  | |
2025-01-29 17:05:14,536 INFO c.h.h.t.HelmChartContainer - [test-hivemq-platform] [hivemq] [3caacca1]                  |  __  || |\ \ / // _ \| |\/| || |  | |
2025-01-29 17:05:14,537 INFO c.h.h.t.HelmChartContainer - [test-hivemq-platform] [hivemq] [3caacca1]                  | |  | || | \ V /|  __/| |  | || |__| |
2025-01-29 17:05:14,537 INFO c.h.h.t.HelmChartContainer - [test-hivemq-platform] [hivemq] [3caacca1]                  |_|  |_||_|  \_/  \___||_|  |_| \___\_\
2025-01-29 17:05:14,537 INFO c.h.h.t.HelmChartContainer - [test-hivemq-platform] [hivemq] [3caacca1] 
2025-01-29 17:05:14,537 INFO c.h.h.t.HelmChartContainer - [test-hivemq-platform] [hivemq] [3caacca1] -------------------------------------------------------------------------
2025-01-29 17:05:14,537 INFO c.h.h.t.HelmChartContainer - [test-hivemq-platform] [hivemq] [3caacca1] 
2025-01-29 17:05:14,537 INFO c.h.h.t.HelmChartContainer - [test-hivemq-platform] [hivemq] [3caacca1]   HiveMQ Start Script for Linux/Unix v1.14
2025-01-29 17:05:14,537 INFO c.h.h.t.HelmChartContainer - [test-hivemq-platform] [hivemq] [3caacca1] 
2025-01-29 17:05:14,604 INFO c.h.h.t.HelmChartContainer - [test-hivemq-platform] [hivemq] [3caacca1] -------------------------------------------------------------------------
2025-01-29 17:05:14,604 INFO c.h.h.t.HelmChartContainer - [test-hivemq-platform] [hivemq] [3caacca1] 
2025-01-29 17:05:14,604 INFO c.h.h.t.HelmChartContainer - [test-hivemq-platform] [hivemq] [3caacca1]   HIVEMQ_HOME: /opt/hivemq
2025-01-29 17:05:14,604 INFO c.h.h.t.HelmChartContainer - [test-hivemq-platform] [hivemq] [3caacca1] 
2025-01-29 17:05:14,604 INFO c.h.h.t.HelmChartContainer - [test-hivemq-platform] [hivemq] [3caacca1]   JAVA_OPTS: -XX:+UnlockExperimentalVMOptions -XX:InitialRAMPercentage=50 -XX:MaxRAMPercentage=50 -Djava.net.preferIPv4Stack=true --add-opens java.base/java.lang=ALL-UNNAMED --add-opens java.base/java.nio=ALL-UNNAMED --add-opens java.base/sun.nio.ch=ALL-UNNAMED --add-opens jdk.management/com.sun.management.internal=ALL-UNNAMED --add-exports java.base/jdk.internal.misc=ALL-UNNAMED -Djava.security.egd=file:/dev/./urandom -Dcom.sun.management.jmxremote -Dcom.sun.management.jmxremote.port=9010 -Dcom.sun.management.jmxremote.local.only=false -Dcom.sun.management.jmxremote.authenticate=false -Dcom.sun.management.jmxremote.ssl=false -Duser.language=en -Duser.region=US -XX:+CrashOnOutOfMemoryError -XX:+HeapDumpOnOutOfMemoryError
2025-01-29 17:05:14,604 INFO c.h.h.t.HelmChartContainer - [test-hivemq-platform] [hivemq] [3caacca1] 
2025-01-29 17:05:14,604 INFO c.h.h.t.HelmChartContainer - [test-hivemq-platform] [hivemq] [3caacca1]   JAVA_VERSION: 21
2025-01-29 17:05:14,604 INFO c.h.h.t.HelmChartContainer - [test-hivemq-platform] [hivemq] [3caacca1] 
2025-01-29 17:05:14,604 INFO c.h.h.t.HelmChartContainer - [test-hivemq-platform] [hivemq] [3caacca1] -------------------------------------------------------------------------
2025-01-29 17:05:14,604 INFO c.h.h.t.HelmChartContainer - [test-hivemq-platform] [hivemq] [3caacca1] 
2025-01-29 17:05:14,738 INFO c.h.h.t.HelmChartContainer - [test-hivemq-platform] [hivemq] [3caacca1] INFO  - [HiveMQ Platform Operator Init App 1.7.0-SNAPSHOT] Returning default Health API response 503 for readiness
2025-01-29 17:05:15,094 INFO c.h.h.t.HelmChartContainer - [EVENT] Warning [Unhealthy] Readiness probe failed: HTTP probe failed with statuscode: 503 [helmcustomsecretconfigit:test-hivemq-platform-0]
2025-01-29 17:05:15,094 INFO c.h.h.t.HelmChartContainer - Received Unhealthy event for container hivemq in pod test-hivemq-platform-0 [3caacca1-b7e1-4241-a154-ebb224094608]
2025-01-29 17:05:17,442 INFO c.h.h.t.HelmChartContainer - [test-hivemq-platform] [hivemq] [3caacca1] INFO  - Starting HiveMQ Enterprise Server
2025-01-29 17:05:17,493 INFO c.h.h.t.HelmChartContainer - [test-hivemq-platform] [hivemq] [3caacca1] INFO  - HiveMQ version: 4.36.0
2025-01-29 17:05:17,493 INFO c.h.h.t.HelmChartContainer - [test-hivemq-platform] [hivemq] [3caacca1] INFO  - HiveMQ home directory: /opt/hivemq
2025-01-29 17:05:17,494 INFO c.h.h.t.HelmChartContainer - [test-hivemq-platform] [hivemq] [3caacca1] INFO  - Log Configuration was overridden by /opt/hivemq/conf/logback.xml
2025-01-29 17:05:18,847 INFO c.h.h.t.HelmChartContainer - [hivemq-test-hivemq-platform] [hivemq-platform-operator] [a817bb39] 17:05:18.841 [pool-6-thread-6] DEBUG c.h.p.o.d.PlatformServiceResource - [helmcust] Desired Platform services (3 services)
2025-01-29 17:05:18,847 INFO c.h.h.t.HelmChartContainer - [hivemq-test-hivemq-platform] [hivemq-platform-operator] [a817bb39] 17:05:18.842 [pool-6-thread-3] DEBUG c.h.p.o.dependants.PodInfoConfigMap - [helmcust] Desired PodInfo ConfigMap (1 extensions) (1 enabled)
2025-01-29 17:05:18,848 INFO c.h.h.t.HelmChartContainer - [hivemq-test-hivemq-platform] [hivemq-platform-operator] [a817bb39] 17:05:18.842 [pool-6-thread-3] DEBUG c.h.p.o.dependants.PodInfoConfigMap - [helmcust] Desired PodInfo ConfigMap (metrics port: 9399) (metrics path: /)
2025-01-29 17:05:18,848 INFO c.h.h.t.HelmChartContainer - [hivemq-test-hivemq-platform] [hivemq-platform-operator] [a817bb39] 17:05:18.842 [pool-6-thread-3] DEBUG c.h.p.o.dependants.PodInfoConfigMap - [helmcust] Desired PodInfo ConfigMap (extension state hash: -1817474005)
2025-01-29 17:05:18,848 INFO c.h.h.t.HelmChartContainer - [hivemq-test-hivemq-platform] [hivemq-platform-operator] [a817bb39] 17:05:18.843 [pool-6-thread-8] DEBUG c.h.p.o.d.PodServiceAccountResource - [helmcust] Desired PodServiceAccountResource (serviceAccountName: hivemq-platform-pod-test-hivemq-platform)
2025-01-29 17:05:18,853 INFO c.h.h.t.HelmChartContainer - [hivemq-test-hivemq-platform] [hivemq-platform-operator] [a817bb39] 17:05:18.849 [pool-6-thread-6] DEBUG c.h.p.o.d.StatefulSetResource - [helmcust] Desired StatefulSet (2 replicas) for status STARTING (READY)
2025-01-29 17:05:18,933 INFO c.h.h.t.HelmChartContainer - [hivemq-test-hivemq-platform] [hivemq-platform-operator] [a817bb39] 17:05:18.932 [ReconcilerExecutor-hivemq-controller-108] INFO  c.h.p.o.HiveMQPlatformReconciler - [helmcust] Reconciling HiveMQ Platform 'test-hivemq-platform' in namespace 'helmcustomsecretconfigit'
2025-01-29 17:05:18,934 INFO c.h.h.t.HelmChartContainer - [hivemq-test-hivemq-platform] [hivemq-platform-operator] [a817bb39] 17:05:18.932 [ReconcilerExecutor-hivemq-controller-108] DEBUG c.h.p.o.HiveMQPlatformReconciler - [helmcust] Custom Resource Status STARTING - HiveMQ Platform is starting (READY)
2025-01-29 17:05:18,934 INFO c.h.h.t.HelmChartContainer - [hivemq-test-hivemq-platform] [hivemq-platform-operator] [a817bb39] 17:05:18.932 [ReconcilerExecutor-hivemq-controller-108] DEBUG c.h.p.o.HiveMQPlatformReconciler - [helmcust] Custom Resource Spec (replicas: 2) (extensions: 1)
2025-01-29 17:05:18,937 INFO c.h.h.t.HelmChartContainer - [hivemq-test-hivemq-platform] [hivemq-platform-operator] [a817bb39] 17:05:18.935 [ReconcilerExecutor-hivemq-controller-108] DEBUG c.h.p.o.HiveMQPlatformReconciler - [helmcust] StatefulSet Status (revision: test-hivemq-platform-65cfcbfbf9, replicas: 1, available: 0, ready: 0, current: 1, updated: 1)
2025-01-29 17:05:18,937 INFO c.h.h.t.HelmChartContainer - [hivemq-test-hivemq-platform] [hivemq-platform-operator] [a817bb39] 17:05:18.935 [ReconcilerExecutor-hivemq-controller-108] DEBUG c.h.p.o.HiveMQPlatformReconciler - [helmcust] StatefulSet Spec (replicas: 2, init containers: 1, containers: 1, volumes: 3)
2025-01-29 17:05:18,940 INFO c.h.h.t.HelmChartContainer - [hivemq-test-hivemq-platform] [hivemq-platform-operator] [a817bb39] 17:05:18.939 [ReconcilerExecutor-hivemq-controller-108] DEBUG c.h.p.o.h.HiveMQPlatformReconcilerErrorHandler - [helmcust] Pod 'test-hivemq-platform-0' phase Running
2025-01-29 17:05:18,945 INFO c.h.h.t.HelmChartContainer - [hivemq-test-hivemq-platform] [hivemq-platform-operator] [a817bb39] 17:05:18.942 [ReconcilerExecutor-hivemq-controller-108] INFO  c.h.p.o.h.HiveMQPlatformReconcilerBaseHandler - [helmcust] HiveMQ Platform is starting, 0 of 2 replicas are ready
2025-01-29 17:05:19,196 INFO c.h.h.t.HelmChartContainer - [test-hivemq-platform] [hivemq] [3caacca1] INFO  - Successfully loaded configuration from '/opt/hivemq/conf-k8s/config.xml'.
2025-01-29 17:05:20,192 INFO c.h.h.t.HelmChartContainer - [test-hivemq-platform] [hivemq] [3caacca1] INFO  - This node's ID is PM54w
2025-01-29 17:05:20,195 INFO c.h.h.t.HelmChartContainer - [test-hivemq-platform] [hivemq] [3caacca1] INFO  - Clustering is enabled
2025-01-29 17:05:20,298 INFO c.h.h.t.HelmChartContainer - [test-hivemq-platform] [hivemq] [3caacca1] WARN  - [HiveMQ Platform Operator Init App 1.7.0-SNAPSHOT] Cannot connect to Health API for readiness: null
2025-01-29 17:05:20,301 INFO c.h.h.t.HelmChartContainer - [EVENT] Warning [Unhealthy] Readiness probe failed: HTTP probe failed with statuscode: 503 [helmcustomsecretconfigit:test-hivemq-platform-0]
2025-01-29 17:05:20,301 INFO c.h.h.t.HelmChartContainer - Received Unhealthy event for container hivemq in pod test-hivemq-platform-0 [3caacca1-b7e1-4241-a154-ebb224094608]
2025-01-29 17:05:23,694 INFO c.h.h.t.HelmChartContainer - [test-hivemq-platform] [hivemq] [3caacca1] Jan 29, 2025 5:05:23 PM io.vertx.core.impl.BlockedThreadChecker
2025-01-29 17:05:23,694 INFO c.h.h.t.HelmChartContainer - [test-hivemq-platform] [hivemq] [3caacca1] WARNING: Thread Thread[vert.x-eventloop-thread-1,5,main] has been blocked for 2392 ms, time limit is 2000 ms
2025-01-29 17:05:24,196 INFO c.h.h.t.HelmChartContainer - [test-hivemq-platform] [hivemq] [3caacca1] INFO  - [HiveMQ Platform Operator Init App 1.7.0-SNAPSHOT] Updating Pod HiveMQ Platform Operator Init App version annotation (version: 1.7.0-SNAPSHOT)
2025-01-29 17:05:24,797 INFO c.h.h.t.HelmChartContainer - [test-hivemq-platform] [hivemq] [3caacca1] WARN  - [HiveMQ Platform Operator Init App 1.7.0-SNAPSHOT] Cannot connect to Health API for readiness: null
2025-01-29 17:05:24,801 INFO c.h.h.t.HelmChartContainer - [EVENT] Warning [Unhealthy] Readiness probe failed: HTTP probe failed with statuscode: 503 [helmcustomsecretconfigit:test-hivemq-platform-0]
2025-01-29 17:05:24,801 INFO c.h.h.t.HelmChartContainer - Received Unhealthy event for container hivemq in pod test-hivemq-platform-0 [3caacca1-b7e1-4241-a154-ebb224094608]
2025-01-29 17:05:25,007 INFO c.h.h.t.HelmChartContainer - [POD] test-hivemq-platform-0 [3caacca1-b7e1-4241-a154-ebb224094608] in helmcustomsecretconfigit was MODIFIED
2025-01-29 17:05:25,013 INFO c.h.h.t.HelmChartContainer - [hivemq-test-hivemq-platform] [hivemq-platform-operator] [a817bb39] 17:05:25.009 [pool-6-thread-14] DEBUG c.h.p.o.d.PlatformServiceResource - [helmcust] Desired Platform services (3 services)
2025-01-29 17:05:25,013 INFO c.h.h.t.HelmChartContainer - [hivemq-test-hivemq-platform] [hivemq-platform-operator] [a817bb39] 17:05:25.011 [pool-6-thread-11] DEBUG c.h.p.o.dependants.PodInfoConfigMap - [helmcust] Desired PodInfo ConfigMap (1 extensions) (1 enabled)
2025-01-29 17:05:25,013 INFO c.h.h.t.HelmChartContainer - [hivemq-test-hivemq-platform] [hivemq-platform-operator] [a817bb39] 17:05:25.011 [pool-6-thread-11] DEBUG c.h.p.o.dependants.PodInfoConfigMap - [helmcust] Desired PodInfo ConfigMap (metrics port: 9399) (metrics path: /)
2025-01-29 17:05:25,013 INFO c.h.h.t.HelmChartContainer - [hivemq-test-hivemq-platform] [hivemq-platform-operator] [a817bb39] 17:05:25.011 [pool-6-thread-11] DEBUG c.h.p.o.dependants.PodInfoConfigMap - [helmcust] Desired PodInfo ConfigMap (extension state hash: -1817474005)
2025-01-29 17:05:25,013 INFO c.h.h.t.HelmChartContainer - [hivemq-test-hivemq-platform] [hivemq-platform-operator] [a817bb39] 17:05:25.012 [pool-6-thread-16] DEBUG c.h.p.o.d.PodServiceAccountResource - [helmcust] Desired PodServiceAccountResource (serviceAccountName: hivemq-platform-pod-test-hivemq-platform)
2025-01-29 17:05:25,021 INFO c.h.h.t.HelmChartContainer - [hivemq-test-hivemq-platform] [hivemq-platform-operator] [a817bb39] 17:05:25.020 [pool-6-thread-14] DEBUG c.h.p.o.d.StatefulSetResource - [helmcust] Desired StatefulSet (2 replicas) for status STARTING (READY)
2025-01-29 17:05:25,054 INFO c.h.h.t.HelmChartContainer - [hivemq-test-hivemq-platform] [hivemq-platform-operator] [a817bb39] 17:05:25.050 [ReconcilerExecutor-hivemq-controller-109] INFO  c.h.p.o.HiveMQPlatformReconciler - [helmcust] Reconciling HiveMQ Platform 'test-hivemq-platform' in namespace 'helmcustomsecretconfigit'
2025-01-29 17:05:25,054 INFO c.h.h.t.HelmChartContainer - [hivemq-test-hivemq-platform] [hivemq-platform-operator] [a817bb39] 17:05:25.050 [ReconcilerExecutor-hivemq-controller-109] DEBUG c.h.p.o.HiveMQPlatformReconciler - [helmcust] Custom Resource Status STARTING - HiveMQ Platform is starting (READY)
2025-01-29 17:05:25,054 INFO c.h.h.t.HelmChartContainer - [hivemq-test-hivemq-platform] [hivemq-platform-operator] [a817bb39] 17:05:25.050 [ReconcilerExecutor-hivemq-controller-109] DEBUG c.h.p.o.HiveMQPlatformReconciler - [helmcust] Custom Resource Spec (replicas: 2) (extensions: 1)
2025-01-29 17:05:25,054 INFO c.h.h.t.HelmChartContainer - [hivemq-test-hivemq-platform] [hivemq-platform-operator] [a817bb39] 17:05:25.052 [ReconcilerExecutor-hivemq-controller-109] DEBUG c.h.p.o.HiveMQPlatformReconciler - [helmcust] StatefulSet Status (revision: test-hivemq-platform-65cfcbfbf9, replicas: 1, available: 0, ready: 0, current: 1, updated: 1)
2025-01-29 17:05:25,054 INFO c.h.h.t.HelmChartContainer - [hivemq-test-hivemq-platform] [hivemq-platform-operator] [a817bb39] 17:05:25.052 [ReconcilerExecutor-hivemq-controller-109] DEBUG c.h.p.o.HiveMQPlatformReconciler - [helmcust] StatefulSet Spec (replicas: 2, init containers: 1, containers: 1, volumes: 3)
2025-01-29 17:05:25,055 INFO c.h.h.t.HelmChartContainer - [hivemq-test-hivemq-platform] [hivemq-platform-operator] [a817bb39] 17:05:25.054 [ReconcilerExecutor-hivemq-controller-109] DEBUG c.h.p.o.h.HiveMQPlatformReconcilerErrorHandler - [helmcust] Pod 'test-hivemq-platform-0' phase Running
2025-01-29 17:05:25,055 INFO c.h.h.t.HelmChartContainer - [hivemq-test-hivemq-platform] [hivemq-platform-operator] [a817bb39] 17:05:25.055 [ReconcilerExecutor-hivemq-controller-109] INFO  c.h.p.o.h.HiveMQPlatformReconcilerBaseHandler - [helmcust] HiveMQ Platform is starting, 0 of 2 replicas are ready
2025-01-29 17:05:25,092 INFO c.h.h.t.HelmChartContainer - [test-hivemq-platform] [hivemq] [3caacca1] WARN  - [HiveMQ Platform Operator Init App 1.7.0-SNAPSHOT] Cannot connect to Health API for readiness: null
2025-01-29 17:05:25,100 INFO c.h.h.t.HelmChartContainer - [test-hivemq-platform] [hivemq] [3caacca1] INFO  - [HiveMQ Platform Operator Init App 1.7.0-SNAPSHOT] Successfully updated Pod HiveMQ Platform Operator Init App version annotation (version: 1.7.0-SNAPSHOT)
2025-01-29 17:05:25,102 INFO c.h.h.t.HelmChartContainer - [EVENT] Warning [Unhealthy] Readiness probe failed: HTTP probe failed with statuscode: 503 [helmcustomsecretconfigit:test-hivemq-platform-0]
2025-01-29 17:05:25,102 INFO c.h.h.t.HelmChartContainer - Received Unhealthy event for container hivemq in pod test-hivemq-platform-0 [3caacca1-b7e1-4241-a154-ebb224094608]
2025-01-29 17:05:30,006 INFO c.h.h.t.HelmChartContainer - [test-hivemq-platform] [hivemq] [3caacca1] WARN  - [HiveMQ Platform Operator Init App 1.7.0-SNAPSHOT] Cannot connect to Health API for readiness: null
2025-01-29 17:05:30,012 INFO c.h.h.t.HelmChartContainer - [EVENT] Warning [Unhealthy] Readiness probe failed: HTTP probe failed with statuscode: 503 [helmcustomsecretconfigit:test-hivemq-platform-0]
2025-01-29 17:05:30,012 INFO c.h.h.t.HelmChartContainer - Received Unhealthy event for container hivemq in pod test-hivemq-platform-0 [3caacca1-b7e1-4241-a154-ebb224094608]
2025-01-29 17:05:35,039 INFO c.h.h.t.HelmChartContainer - [test-hivemq-platform] [hivemq] [3caacca1] WARN  - [HiveMQ Platform Operator Init App 1.7.0-SNAPSHOT] Cannot connect to Health API for readiness: null
2025-01-29 17:05:35,045 INFO c.h.h.t.HelmChartContainer - [EVENT] Warning [Unhealthy] Readiness probe failed: HTTP probe failed with statuscode: 503 [helmcustomsecretconfigit:test-hivemq-platform-0]
2025-01-29 17:05:35,045 INFO c.h.h.t.HelmChartContainer - Received Unhealthy event for container hivemq in pod test-hivemq-platform-0 [3caacca1-b7e1-4241-a154-ebb224094608]
2025-01-29 17:05:35,063 INFO c.h.h.t.HelmChartContainer - [hivemq-test-hivemq-platform] [hivemq-platform-operator] [a817bb39] 17:05:35.060 [pool-6-thread-25] DEBUG c.h.p.o.d.PlatformServiceResource - [helmcust] Desired Platform services (3 services)
2025-01-29 17:05:35,063 INFO c.h.h.t.HelmChartContainer - [hivemq-test-hivemq-platform] [hivemq-platform-operator] [a817bb39] 17:05:35.060 [pool-6-thread-23] DEBUG c.h.p.o.dependants.PodInfoConfigMap - [helmcust] Desired PodInfo ConfigMap (1 extensions) (1 enabled)
2025-01-29 17:05:35,063 INFO c.h.h.t.HelmChartContainer - [hivemq-test-hivemq-platform] [hivemq-platform-operator] [a817bb39] 17:05:35.060 [pool-6-thread-23] DEBUG c.h.p.o.dependants.PodInfoConfigMap - [helmcust] Desired PodInfo ConfigMap (metrics port: 9399) (metrics path: /)
2025-01-29 17:05:35,063 INFO c.h.h.t.HelmChartContainer - [hivemq-test-hivemq-platform] [hivemq-platform-operator] [a817bb39] 17:05:35.060 [pool-6-thread-23] DEBUG c.h.p.o.dependants.PodInfoConfigMap - [helmcust] Desired PodInfo ConfigMap (extension state hash: -1817474005)
2025-01-29 17:05:35,064 INFO c.h.h.t.HelmChartContainer - [hivemq-test-hivemq-platform] [hivemq-platform-operator] [a817bb39] 17:05:35.062 [pool-6-thread-23] DEBUG c.h.p.o.d.PodServiceAccountResource - [helmcust] Desired PodServiceAccountResource (serviceAccountName: hivemq-platform-pod-test-hivemq-platform)
2025-01-29 17:05:35,068 INFO c.h.h.t.HelmChartContainer - [hivemq-test-hivemq-platform] [hivemq-platform-operator] [a817bb39] 17:05:35.066 [pool-6-thread-25] DEBUG c.h.p.o.d.StatefulSetResource - [helmcust] Desired StatefulSet (2 replicas) for status STARTING (READY)
2025-01-29 17:05:35,072 INFO c.h.h.t.HelmChartContainer - [hivemq-test-hivemq-platform] [hivemq-platform-operator] [a817bb39] 17:05:35.070 [ReconcilerExecutor-hivemq-controller-110] INFO  c.h.p.o.HiveMQPlatformReconciler - [helmcust] Reconciling HiveMQ Platform 'test-hivemq-platform' in namespace 'helmcustomsecretconfigit'
2025-01-29 17:05:35,073 INFO c.h.h.t.HelmChartContainer - [hivemq-test-hivemq-platform] [hivemq-platform-operator] [a817bb39] 17:05:35.070 [ReconcilerExecutor-hivemq-controller-110] DEBUG c.h.p.o.HiveMQPlatformReconciler - [helmcust] Custom Resource Status STARTING - HiveMQ Platform is starting (READY)
2025-01-29 17:05:35,075 INFO c.h.h.t.HelmChartContainer - [hivemq-test-hivemq-platform] [hivemq-platform-operator] [a817bb39] 17:05:35.070 [ReconcilerExecutor-hivemq-controller-110] DEBUG c.h.p.o.HiveMQPlatformReconciler - [helmcust] Custom Resource Spec (replicas: 2) (extensions: 1)
2025-01-29 17:05:35,076 INFO c.h.h.t.HelmChartContainer - [hivemq-test-hivemq-platform] [hivemq-platform-operator] [a817bb39] 17:05:35.072 [ReconcilerExecutor-hivemq-controller-110] DEBUG c.h.p.o.HiveMQPlatformReconciler - [helmcust] StatefulSet Status (revision: test-hivemq-platform-65cfcbfbf9, replicas: 1, available: 0, ready: 0, current: 1, updated: 1)
2025-01-29 17:05:35,076 INFO c.h.h.t.HelmChartContainer - [hivemq-test-hivemq-platform] [hivemq-platform-operator] [a817bb39] 17:05:35.072 [ReconcilerExecutor-hivemq-controller-110] DEBUG c.h.p.o.HiveMQPlatformReconciler - [helmcust] StatefulSet Spec (replicas: 2, init containers: 1, containers: 1, volumes: 3)
2025-01-29 17:05:35,076 INFO c.h.h.t.HelmChartContainer - [hivemq-test-hivemq-platform] [hivemq-platform-operator] [a817bb39] 17:05:35.074 [ReconcilerExecutor-hivemq-controller-110] DEBUG c.h.p.o.h.HiveMQPlatformReconcilerErrorHandler - [helmcust] Pod 'test-hivemq-platform-0' phase Running
2025-01-29 17:05:35,076 INFO c.h.h.t.HelmChartContainer - [hivemq-test-hivemq-platform] [hivemq-platform-operator] [a817bb39] 17:05:35.075 [ReconcilerExecutor-hivemq-controller-110] INFO  c.h.p.o.h.HiveMQPlatformReconcilerBaseHandler - [helmcust] HiveMQ Platform is starting, 0 of 2 replicas are ready
2025-01-29 17:05:35,540 INFO c.h.h.t.HelmChartContainer - [test-hivemq-platform] [hivemq] [3caacca1] WARN  - [HiveMQ Platform Operator Init App 1.7.0-SNAPSHOT] Cannot connect to Health API for liveness: null
2025-01-29 17:05:35,540 INFO c.h.h.t.HelmChartContainer - [test-hivemq-platform] [hivemq] [3caacca1] INFO  - [HiveMQ Platform Operator Init App 1.7.0-SNAPSHOT] Returning default Health API response 200 for liveness
2025-01-29 17:05:37,850 INFO c.h.h.t.HelmChartContainer - [test-hivemq-platform] [hivemq] [3caacca1] INFO  - No valid license file found. Using trial license, restricted to 25 connections.
2025-01-29 17:05:40,040 INFO c.h.h.t.HelmChartContainer - [test-hivemq-platform] [hivemq] [3caacca1] WARN  - [HiveMQ Platform Operator Init App 1.7.0-SNAPSHOT] Cannot connect to Health API for readiness: null
2025-01-29 17:05:40,048 INFO c.h.h.t.HelmChartContainer - [EVENT] Warning [Unhealthy] Readiness probe failed: HTTP probe failed with statuscode: 503 [helmcustomsecretconfigit:test-hivemq-platform-0]
2025-01-29 17:05:40,048 INFO c.h.h.t.HelmChartContainer - Received Unhealthy event for container hivemq in pod test-hivemq-platform-0 [3caacca1-b7e1-4241-a154-ebb224094608]
2025-01-29 17:05:41,989 INFO c.h.h.t.HelmChartContainer - [test-hivemq-platform] [hivemq] [3caacca1] INFO  - No valid license file for Data Hub found. Using free license, restricted to 1 policy.
2025-01-29 17:05:43,347 INFO c.h.h.t.HelmChartContainer - [test-hivemq-platform] [hivemq] [3caacca1] INFO  - Audit Logger started.
2025-01-29 17:05:43,691 INFO c.h.h.t.HelmChartContainer - [test-hivemq-platform] [hivemq] [3caacca1] INFO  - This node uses '1' CPU cores.
2025-01-29 17:05:43,740 INFO c.h.h.t.HelmChartContainer - [test-hivemq-platform] [hivemq] [3caacca1] INFO  - Starting HiveMQ Health API on address 0.0.0.0 and port 8889
2025-01-29 17:05:44,549 INFO c.h.h.t.HelmChartContainer - [test-hivemq-platform] [hivemq] [3caacca1] INFO  - Started HiveMQ Health API in 810ms
2025-01-29 17:05:45,080 INFO c.h.h.t.HelmChartContainer - [hivemq-test-hivemq-platform] [hivemq-platform-operator] [a817bb39] 17:05:45.078 [pool-6-thread-36] DEBUG c.h.p.o.d.PlatformServiceResource - [helmcust] Desired Platform services (3 services)
2025-01-29 17:05:45,081 INFO c.h.h.t.HelmChartContainer - [hivemq-test-hivemq-platform] [hivemq-platform-operator] [a817bb39] 17:05:45.079 [pool-6-thread-37] DEBUG c.h.p.o.d.PodServiceAccountResource - [helmcust] Desired PodServiceAccountResource (serviceAccountName: hivemq-platform-pod-test-hivemq-platform)
2025-01-29 17:05:45,083 INFO c.h.h.t.HelmChartContainer - [hivemq-test-hivemq-platform] [hivemq-platform-operator] [a817bb39] 17:05:45.081 [pool-6-thread-32] DEBUG c.h.p.o.dependants.PodInfoConfigMap - [helmcust] Desired PodInfo ConfigMap (1 extensions) (1 enabled)
2025-01-29 17:05:45,085 INFO c.h.h.t.HelmChartContainer - [hivemq-test-hivemq-platform] [hivemq-platform-operator] [a817bb39] 17:05:45.082 [pool-6-thread-32] DEBUG c.h.p.o.dependants.PodInfoConfigMap - [helmcust] Desired PodInfo ConfigMap (metrics port: 9399) (metrics path: /)
2025-01-29 17:05:45,085 INFO c.h.h.t.HelmChartContainer - [hivemq-test-hivemq-platform] [hivemq-platform-operator] [a817bb39] 17:05:45.082 [pool-6-thread-32] DEBUG c.h.p.o.dependants.PodInfoConfigMap - [helmcust] Desired PodInfo ConfigMap (extension state hash: -1817474005)
2025-01-29 17:05:45,090 INFO c.h.h.t.HelmChartContainer - [hivemq-test-hivemq-platform] [hivemq-platform-operator] [a817bb39] 17:05:45.087 [pool-6-thread-36] DEBUG c.h.p.o.d.StatefulSetResource - [helmcust] Desired StatefulSet (2 replicas) for status STARTING (READY)
2025-01-29 17:05:45,096 INFO c.h.h.t.HelmChartContainer - [hivemq-test-hivemq-platform] [hivemq-platform-operator] [a817bb39] 17:05:45.094 [ReconcilerExecutor-hivemq-controller-111] INFO  c.h.p.o.HiveMQPlatformReconciler - [helmcust] Reconciling HiveMQ Platform 'test-hivemq-platform' in namespace 'helmcustomsecretconfigit'
2025-01-29 17:05:45,096 INFO c.h.h.t.HelmChartContainer - [hivemq-test-hivemq-platform] [hivemq-platform-operator] [a817bb39] 17:05:45.094 [ReconcilerExecutor-hivemq-controller-111] DEBUG c.h.p.o.HiveMQPlatformReconciler - [helmcust] Custom Resource Status STARTING - HiveMQ Platform is starting (READY)
2025-01-29 17:05:45,096 INFO c.h.h.t.HelmChartContainer - [hivemq-test-hivemq-platform] [hivemq-platform-operator] [a817bb39] 17:05:45.094 [ReconcilerExecutor-hivemq-controller-111] DEBUG c.h.p.o.HiveMQPlatformReconciler - [helmcust] Custom Resource Spec (replicas: 2) (extensions: 1)
2025-01-29 17:05:45,152 INFO c.h.h.t.HelmChartContainer - [hivemq-test-hivemq-platform] [hivemq-platform-operator] [a817bb39] 17:05:45.150 [ReconcilerExecutor-hivemq-controller-111] DEBUG c.h.p.o.HiveMQPlatformReconciler - [helmcust] StatefulSet Status (revision: test-hivemq-platform-65cfcbfbf9, replicas: 1, available: 0, ready: 0, current: 1, updated: 1)
2025-01-29 17:05:45,152 INFO c.h.h.t.HelmChartContainer - [hivemq-test-hivemq-platform] [hivemq-platform-operator] [a817bb39] 17:05:45.151 [ReconcilerExecutor-hivemq-controller-111] DEBUG c.h.p.o.HiveMQPlatformReconciler - [helmcust] StatefulSet Spec (replicas: 2, init containers: 1, containers: 1, volumes: 3)
2025-01-29 17:05:45,155 INFO c.h.h.t.HelmChartContainer - [hivemq-test-hivemq-platform] [hivemq-platform-operator] [a817bb39] 17:05:45.154 [ReconcilerExecutor-hivemq-controller-111] DEBUG c.h.p.o.h.HiveMQPlatformReconcilerErrorHandler - [helmcust] Pod 'test-hivemq-platform-0' phase Running
2025-01-29 17:05:45,156 INFO c.h.h.t.HelmChartContainer - [hivemq-test-hivemq-platform] [hivemq-platform-operator] [a817bb39] 17:05:45.155 [ReconcilerExecutor-hivemq-controller-111] INFO  c.h.p.o.h.HiveMQPlatformReconcilerBaseHandler - [helmcust] HiveMQ Platform is starting, 0 of 2 replicas are ready
2025-01-29 17:05:45,789 INFO c.h.h.t.HelmChartContainer - [test-hivemq-platform] [hivemq] [3caacca1] INFO  - Starting HiveMQ extension system.
2025-01-29 17:05:46,047 INFO c.h.h.t.HelmChartContainer - [EVENT] Warning [Unhealthy] Readiness probe failed: Get "http://10.42.0.14:7979/readiness": context deadline exceeded (Client.Timeout exceeded while awaiting headers) [helmcustomsecretconfigit:test-hivemq-platform-0]
2025-01-29 17:05:46,047 INFO c.h.h.t.HelmChartContainer - Received Unhealthy event for container hivemq in pod test-hivemq-platform-0 [3caacca1-b7e1-4241-a154-ebb224094608]
2025-01-29 17:05:46,136 INFO c.h.h.t.HelmChartContainer - [test-hivemq-platform] [hivemq] [3caacca1] INFO  - [HiveMQ Platform Operator Init App 1.7.0-SNAPSHOT] Returning Health API response 503 for readiness
2025-01-29 17:05:46,342 INFO c.h.h.t.HelmChartContainer - [test-hivemq-platform] [hivemq] [3caacca1] INFO  - Starting extension with id "hivemq-dns-cluster-discovery" at /opt/hivemq/extensions/hivemq-dns-cluster-discovery
2025-01-29 17:05:47,041 INFO c.h.h.t.HelmChartContainer - [test-hivemq-platform] [hivemq] [3caacca1] INFO  - Using TCP cluster transport on address 10.42.0.14 and port 7000
2025-01-29 17:05:47,136 INFO c.h.h.t.HelmChartContainer - [test-hivemq-platform] [hivemq] [3caacca1] INFO  - Using extension cluster discovery
2025-01-29 17:05:47,339 INFO c.h.h.t.HelmChartContainer - [test-hivemq-platform] [hivemq] [3caacca1] INFO  - Extension "DNS Cluster Discovery Extension" version 4.3.2 started successfully.
2025-01-29 17:05:47,340 INFO c.h.h.t.HelmChartContainer - [test-hivemq-platform] [hivemq] [3caacca1] INFO  - Starting extension with id "hivemq-prometheus-extension" at /opt/hivemq/extensions/hivemq-prometheus-extension
2025-01-29 17:05:48,048 INFO c.h.h.t.HelmChartContainer - [test-hivemq-platform] [hivemq] [3caacca1] INFO  - Started Jetty Server exposing Prometheus Servlet on URI http://0.0.0.0:9399/
2025-01-29 17:05:48,049 INFO c.h.h.t.HelmChartContainer - [test-hivemq-platform] [hivemq] [3caacca1] INFO  - Extension "Prometheus Monitoring Extension" version 4.0.12 started successfully.
2025-01-29 17:05:48,089 INFO c.h.h.t.HelmChartContainer - [test-hivemq-platform] [hivemq] [3caacca1] INFO  - Starting extension with id "hivemq-allow-all-extension" at /opt/hivemq/extensions/hivemq-allow-all-extension
2025-01-29 17:05:48,089 INFO c.h.h.t.HelmChartContainer - [test-hivemq-platform] [hivemq] [3caacca1] WARN  - 
2025-01-29 17:05:48,089 INFO c.h.h.t.HelmChartContainer - [test-hivemq-platform] [hivemq] [3caacca1] ################################################################################################################
2025-01-29 17:05:48,089 INFO c.h.h.t.HelmChartContainer - [test-hivemq-platform] [hivemq] [3caacca1] # This HiveMQ deployment is not secure! You are lacking Authentication and Authorization.                      #
2025-01-29 17:05:48,089 INFO c.h.h.t.HelmChartContainer - [test-hivemq-platform] [hivemq] [3caacca1] # Right now any MQTT client can connect to the broker with a full set of permissions.                          #
2025-01-29 17:05:48,089 INFO c.h.h.t.HelmChartContainer - [test-hivemq-platform] [hivemq] [3caacca1] # For production usage, add an appropriate security extension and remove the hivemq-allow-all extension.       #
2025-01-29 17:05:48,089 INFO c.h.h.t.HelmChartContainer - [test-hivemq-platform] [hivemq] [3caacca1] # You can download security extensions from the HiveMQ Marketplace (https://www.hivemq.com/extensions/).       #
2025-01-29 17:05:48,089 INFO c.h.h.t.HelmChartContainer - [test-hivemq-platform] [hivemq] [3caacca1] ################################################################################################################
2025-01-29 17:05:48,090 INFO c.h.h.t.HelmChartContainer - [test-hivemq-platform] [hivemq] [3caacca1] INFO  - Extension "Allow All Extension" version 1.1.1 started successfully.
2025-01-29 17:05:50,012 INFO c.h.h.t.HelmChartContainer - [EVENT] Warning [Unhealthy] Readiness probe failed: HTTP probe failed with statuscode: 503 [helmcustomsecretconfigit:test-hivemq-platform-0]
2025-01-29 17:05:50,012 INFO c.h.h.t.HelmChartContainer - Received Unhealthy event for container hivemq in pod test-hivemq-platform-0 [3caacca1-b7e1-4241-a154-ebb224094608]
2025-01-29 17:05:50,340 INFO c.h.h.t.HelmChartContainer - [test-hivemq-platform] [hivemq] [3caacca1] INFO  - PM54w: no members discovered after 2701 ms: creating cluster as first member
2025-01-29 17:05:50,346 INFO c.h.h.t.HelmChartContainer - [test-hivemq-platform] [hivemq] [3caacca1] INFO  - Cluster nodes found by discovery: [PM54w|0] (1) [PM54w].
2025-01-29 17:05:50,441 INFO c.h.h.t.HelmChartContainer - [test-hivemq-platform] [hivemq] [3caacca1] WARN  - No user for HiveMQ Control Center configured. Starting with default user
2025-01-29 17:05:50,441 INFO c.h.h.t.HelmChartContainer - [test-hivemq-platform] [hivemq] [3caacca1] INFO  - Starting HiveMQ Control Center on address 0.0.0.0 and port 8080
2025-01-29 17:05:50,448 INFO c.h.h.t.HelmChartContainer - [test-hivemq-platform] [hivemq] [3caacca1] INFO  - Mounting HiveMQ Control Center V2 Preview
2025-01-29 17:05:51,141 INFO c.h.h.t.HelmChartContainer - [test-hivemq-platform] [hivemq] [3caacca1] INFO  - Started HiveMQ Control Center in 700ms
2025-01-29 17:05:51,156 INFO c.h.h.t.HelmChartContainer - [test-hivemq-platform] [hivemq] [3caacca1] INFO  - Starting TCP listener on address 0.0.0.0 and port 1883
2025-01-29 17:05:51,242 INFO c.h.h.t.HelmChartContainer - [test-hivemq-platform] [hivemq] [3caacca1] INFO  - Started TCP Listener on address 0.0.0.0 and on port 1883.
2025-01-29 17:05:51,242 INFO c.h.h.t.HelmChartContainer - [test-hivemq-platform] [hivemq] [3caacca1] INFO  - Started HiveMQ in 34151ms
2025-01-29 17:05:55,007 INFO c.h.h.t.HelmChartContainer - [test-hivemq-platform] [hivemq] [3caacca1] INFO  - [HiveMQ Platform Operator Init App 1.7.0-SNAPSHOT] Returning Health API response 200 for readiness
2025-01-29 17:05:55,019 INFO c.h.h.t.HelmChartContainer - [POD] test-hivemq-platform-0 [3caacca1-b7e1-4241-a154-ebb224094608] in helmcustomsecretconfigit was MODIFIED
2025-01-29 17:05:55,033 INFO c.h.h.t.HelmChartContainer - [hivemq-test-hivemq-platform] [hivemq-platform-operator] [a817bb39] 17:05:55.027 [pool-6-thread-45] DEBUG c.h.p.o.d.PlatformServiceResource - [helmcust] Desired Platform services (3 services)
2025-01-29 17:05:55,033 INFO c.h.h.t.HelmChartContainer - [hivemq-test-hivemq-platform] [hivemq-platform-operator] [a817bb39] 17:05:55.029 [pool-6-thread-46] DEBUG c.h.p.o.dependants.PodInfoConfigMap - [helmcust] Desired PodInfo ConfigMap (1 extensions) (1 enabled)
2025-01-29 17:05:55,033 INFO c.h.h.t.HelmChartContainer - [hivemq-test-hivemq-platform] [hivemq-platform-operator] [a817bb39] 17:05:55.029 [pool-6-thread-46] DEBUG c.h.p.o.dependants.PodInfoConfigMap - [helmcust] Desired PodInfo ConfigMap (metrics port: 9399) (metrics path: /)
2025-01-29 17:05:55,033 INFO c.h.h.t.HelmChartContainer - [hivemq-test-hivemq-platform] [hivemq-platform-operator] [a817bb39] 17:05:55.029 [pool-6-thread-46] DEBUG c.h.p.o.dependants.PodInfoConfigMap - [helmcust] Desired PodInfo ConfigMap (extension state hash: -1817474005)
2025-01-29 17:05:55,033 INFO c.h.h.t.HelmChartContainer - [hivemq-test-hivemq-platform] [hivemq-platform-operator] [a817bb39] 17:05:55.030 [pool-6-thread-47] DEBUG c.h.p.o.d.PodServiceAccountResource - [helmcust] Desired PodServiceAccountResource (serviceAccountName: hivemq-platform-pod-test-hivemq-platform)
2025-01-29 17:05:55,046 INFO c.h.h.t.HelmChartContainer - [POD] test-hivemq-platform-1 [0f0a2430-6727-4c39-bdeb-9423f393f6e4] in helmcustomsecretconfigit was ADDED
2025-01-29 17:05:55,048 INFO c.h.h.t.HelmChartContainer - [POD] test-hivemq-platform-1 [0f0a2430-6727-4c39-bdeb-9423f393f6e4] in helmcustomsecretconfigit was MODIFIED
2025-01-29 17:05:55,055 INFO c.h.h.t.HelmChartContainer - [hivemq-test-hivemq-platform] [hivemq-platform-operator] [a817bb39] 17:05:55.044 [pool-6-thread-45] DEBUG c.h.p.o.d.StatefulSetResource - [helmcust] Desired StatefulSet (2 replicas) for status STARTING (READY)
2025-01-29 17:05:55,065 INFO c.h.h.t.HelmChartContainer - [hivemq-test-hivemq-platform] [hivemq-platform-operator] [a817bb39] 17:05:55.062 [ReconcilerExecutor-hivemq-controller-112] INFO  c.h.p.o.HiveMQPlatformReconciler - [helmcust] Reconciling HiveMQ Platform 'test-hivemq-platform' in namespace 'helmcustomsecretconfigit'
2025-01-29 17:05:55,065 INFO c.h.h.t.HelmChartContainer - [hivemq-test-hivemq-platform] [hivemq-platform-operator] [a817bb39] 17:05:55.062 [ReconcilerExecutor-hivemq-controller-112] DEBUG c.h.p.o.HiveMQPlatformReconciler - [helmcust] Custom Resource Status STARTING - HiveMQ Platform is starting (READY)
2025-01-29 17:05:55,068 INFO c.h.h.t.HelmChartContainer - [EVENT] Normal [SuccessfulCreate] create Pod test-hivemq-platform-1 in StatefulSet test-hivemq-platform successful [helmcustomsecretconfigit:test-hivemq-platform]
2025-01-29 17:05:55,068 INFO c.h.h.t.HelmChartContainer - [hivemq-test-hivemq-platform] [hivemq-platform-operator] [a817bb39] 17:05:55.062 [ReconcilerExecutor-hivemq-controller-112] DEBUG c.h.p.o.HiveMQPlatformReconciler - [helmcust] Custom Resource Spec (replicas: 2) (extensions: 1)
2025-01-29 17:05:55,068 INFO c.h.h.t.HelmChartContainer - [EVENT] Normal [Scheduled] Successfully assigned helmcustomsecretconfigit/test-hivemq-platform-1 to 660565193bdc [helmcustomsecretconfigit:test-hivemq-platform-1]
2025-01-29 17:05:55,077 INFO c.h.h.t.HelmChartContainer - [POD] test-hivemq-platform-1 [0f0a2430-6727-4c39-bdeb-9423f393f6e4] in helmcustomsecretconfigit was MODIFIED
2025-01-29 17:05:55,134 INFO c.h.h.t.HelmChartContainer - [hivemq-test-hivemq-platform] [hivemq-platform-operator] [a817bb39] 17:05:55.130 [ReconcilerExecutor-hivemq-controller-112] DEBUG c.h.p.o.HiveMQPlatformReconciler - [helmcust] StatefulSet Status (revision: test-hivemq-platform-65cfcbfbf9, replicas: 1, available: 0, ready: 0, current: 1, updated: 1)
2025-01-29 17:05:55,135 INFO c.h.h.t.HelmChartContainer - [hivemq-test-hivemq-platform] [hivemq-platform-operator] [a817bb39] 17:05:55.130 [ReconcilerExecutor-hivemq-controller-112] DEBUG c.h.p.o.HiveMQPlatformReconciler - [helmcust] StatefulSet Spec (replicas: 2, init containers: 1, containers: 1, volumes: 3)
2025-01-29 17:05:55,137 INFO c.h.h.t.HelmChartContainer - [hivemq-test-hivemq-platform] [hivemq-platform-operator] [a817bb39] 17:05:55.132 [ReconcilerExecutor-hivemq-controller-112] DEBUG c.h.p.o.h.HiveMQPlatformReconcilerErrorHandler - [helmcust] Pod 'test-hivemq-platform-1' phase Pending
2025-01-29 17:05:55,137 INFO c.h.h.t.HelmChartContainer - [hivemq-test-hivemq-platform] [hivemq-platform-operator] [a817bb39] 17:05:55.132 [ReconcilerExecutor-hivemq-controller-112] DEBUG c.h.p.o.h.HiveMQPlatformReconcilerErrorHandler - [helmcust] Pod 'test-hivemq-platform-1' condition 'PodScheduled': True
2025-01-29 17:05:55,138 INFO c.h.h.t.HelmChartContainer - [hivemq-test-hivemq-platform] [hivemq-platform-operator] [a817bb39] 17:05:55.136 [ReconcilerExecutor-hivemq-controller-112] DEBUG c.h.p.o.h.HiveMQPlatformReconcilerErrorHandler - [helmcust] Pod 'test-hivemq-platform-0' phase Running
2025-01-29 17:05:55,138 INFO c.h.h.t.HelmChartContainer - [hivemq-test-hivemq-platform] [hivemq-platform-operator] [a817bb39] 17:05:55.137 [ReconcilerExecutor-hivemq-controller-112] INFO  c.h.p.o.h.HiveMQPlatformReconcilerBaseHandler - [helmcust] HiveMQ Platform is starting, 0 of 2 replicas are ready
2025-01-29 17:05:55,156 INFO c.h.h.t.HelmChartContainer - [hivemq-test-hivemq-platform] [hivemq-platform-operator] [a817bb39] 17:05:55.151 [pool-6-thread-3] DEBUG c.h.p.o.d.PlatformServiceResource - [helmcust] Desired Platform services (3 services)
2025-01-29 17:05:55,156 INFO c.h.h.t.HelmChartContainer - [hivemq-test-hivemq-platform] [hivemq-platform-operator] [a817bb39] 17:05:55.155 [pool-6-thread-2] DEBUG c.h.p.o.d.PodServiceAccountResource - [helmcust] Desired PodServiceAccountResource (serviceAccountName: hivemq-platform-pod-test-hivemq-platform)
2025-01-29 17:05:55,160 INFO c.h.h.t.HelmChartContainer - [hivemq-test-hivemq-platform] [hivemq-platform-operator] [a817bb39] 17:05:55.158 [pool-6-thread-1] DEBUG c.h.p.o.dependants.PodInfoConfigMap - [helmcust] Desired PodInfo ConfigMap (1 extensions) (1 enabled)
2025-01-29 17:05:55,160 INFO c.h.h.t.HelmChartContainer - [hivemq-test-hivemq-platform] [hivemq-platform-operator] [a817bb39] 17:05:55.158 [pool-6-thread-1] DEBUG c.h.p.o.dependants.PodInfoConfigMap - [helmcust] Desired PodInfo ConfigMap (metrics port: 9399) (metrics path: /)
2025-01-29 17:05:55,160 INFO c.h.h.t.HelmChartContainer - [hivemq-test-hivemq-platform] [hivemq-platform-operator] [a817bb39] 17:05:55.158 [pool-6-thread-1] DEBUG c.h.p.o.dependants.PodInfoConfigMap - [helmcust] Desired PodInfo ConfigMap (extension state hash: -1817474005)
2025-01-29 17:05:55,163 INFO c.h.h.t.HelmChartContainer - [hivemq-test-hivemq-platform] [hivemq-platform-operator] [a817bb39] 17:05:55.162 [pool-6-thread-1] DEBUG c.h.p.o.d.StatefulSetResource - [helmcust] Desired StatefulSet (2 replicas) for status STARTING (READY)
2025-01-29 17:05:55,220 INFO c.h.h.t.HelmChartContainer - [K3S] [reconciler_common.go:251] "operationExecutor.VerifyControllerAttachedVolume started for volume \"kube-api-access-vknpv\" (UniqueName: \"kubernetes.io/projected/0f0a2430-6727-4c39-bdeb-9423f393f6e4-kube-api-access-vknpv\") pod \"test-hivemq-platform-1\" (UID: \"0f0a2430-6727-4c39-bdeb-9423f393f6e4\") " pod="helmcustomsecretconfigit/test-hivemq-platform-1"
2025-01-29 17:05:55,220 INFO c.h.h.t.HelmChartContainer - [K3S] [reconciler_common.go:251] "operationExecutor.VerifyControllerAttachedVolume started for volume \"pod-info\" (UniqueName: \"kubernetes.io/configmap/0f0a2430-6727-4c39-bdeb-9423f393f6e4-pod-info\") pod \"test-hivemq-platform-1\" (UID: \"0f0a2430-6727-4c39-bdeb-9423f393f6e4\") " pod="helmcustomsecretconfigit/test-hivemq-platform-1"
2025-01-29 17:05:55,220 INFO c.h.h.t.HelmChartContainer - [K3S] [reconciler_common.go:251] "operationExecutor.VerifyControllerAttachedVolume started for volume \"operator-init\" (UniqueName: \"kubernetes.io/empty-dir/0f0a2430-6727-4c39-bdeb-9423f393f6e4-operator-init\") pod \"test-hivemq-platform-1\" (UID: \"0f0a2430-6727-4c39-bdeb-9423f393f6e4\") " pod="helmcustomsecretconfigit/test-hivemq-platform-1"
2025-01-29 17:05:55,220 INFO c.h.h.t.HelmChartContainer - [K3S] [reconciler_common.go:251] "operationExecutor.VerifyControllerAttachedVolume started for volume \"broker-configuration\" (UniqueName: \"kubernetes.io/secret/0f0a2430-6727-4c39-bdeb-9423f393f6e4-broker-configuration\") pod \"test-hivemq-platform-1\" (UID: \"0f0a2430-6727-4c39-bdeb-9423f393f6e4\") " pod="helmcustomsecretconfigit/test-hivemq-platform-1"
2025-01-29 17:05:55,233 INFO c.h.h.t.HelmChartContainer - [hivemq-test-hivemq-platform] [hivemq-platform-operator] [a817bb39] 17:05:55.232 [ReconcilerExecutor-hivemq-controller-113] INFO  c.h.p.o.HiveMQPlatformReconciler - [helmcust] Reconciling HiveMQ Platform 'test-hivemq-platform' in namespace 'helmcustomsecretconfigit'
2025-01-29 17:05:55,236 INFO c.h.h.t.HelmChartContainer - [hivemq-test-hivemq-platform] [hivemq-platform-operator] [a817bb39] 17:05:55.232 [ReconcilerExecutor-hivemq-controller-113] DEBUG c.h.p.o.HiveMQPlatformReconciler - [helmcust] Custom Resource Status STARTING - HiveMQ Platform is starting (READY)
2025-01-29 17:05:55,237 INFO c.h.h.t.HelmChartContainer - [hivemq-test-hivemq-platform] [hivemq-platform-operator] [a817bb39] 17:05:55.233 [ReconcilerExecutor-hivemq-controller-113] DEBUG c.h.p.o.HiveMQPlatformReconciler - [helmcust] Custom Resource Spec (replicas: 2) (extensions: 1)
2025-01-29 17:05:55,237 INFO c.h.h.t.HelmChartContainer - [hivemq-test-hivemq-platform] [hivemq-platform-operator] [a817bb39] 17:05:55.234 [ReconcilerExecutor-hivemq-controller-113] DEBUG c.h.p.o.HiveMQPlatformReconciler - [helmcust] StatefulSet Status (revision: test-hivemq-platform-65cfcbfbf9, replicas: 2, available: 1, ready: 1, current: 2, updated: 2)
2025-01-29 17:05:55,237 INFO c.h.h.t.HelmChartContainer - [hivemq-test-hivemq-platform] [hivemq-platform-operator] [a817bb39] 17:05:55.235 [ReconcilerExecutor-hivemq-controller-113] DEBUG c.h.p.o.HiveMQPlatformReconciler - [helmcust] StatefulSet Spec (replicas: 2, init containers: 1, containers: 1, volumes: 3)
2025-01-29 17:05:55,237 INFO c.h.h.t.HelmChartContainer - [hivemq-test-hivemq-platform] [hivemq-platform-operator] [a817bb39] 17:05:55.236 [ReconcilerExecutor-hivemq-controller-113] DEBUG c.h.p.o.h.HiveMQPlatformReconcilerErrorHandler - [helmcust] Pod 'test-hivemq-platform-1' phase Pending
2025-01-29 17:05:55,238 INFO c.h.h.t.HelmChartContainer - [hivemq-test-hivemq-platform] [hivemq-platform-operator] [a817bb39] 17:05:55.236 [ReconcilerExecutor-hivemq-controller-113] DEBUG c.h.p.o.h.HiveMQPlatformReconcilerErrorHandler - [helmcust] Pod 'test-hivemq-platform-1' condition 'PodReadyToStartContainers': False
2025-01-29 17:05:55,238 INFO c.h.h.t.HelmChartContainer - [hivemq-test-hivemq-platform] [hivemq-platform-operator] [a817bb39] 17:05:55.236 [ReconcilerExecutor-hivemq-controller-113] DEBUG c.h.p.o.h.HiveMQPlatformReconcilerErrorHandler - [helmcust] Pod 'test-hivemq-platform-1' condition 'Initialized': False
2025-01-29 17:05:55,239 INFO c.h.h.t.HelmChartContainer - [hivemq-test-hivemq-platform] [hivemq-platform-operator] [a817bb39] 17:05:55.237 [ReconcilerExecutor-hivemq-controller-113] DEBUG c.h.p.o.h.HiveMQPlatformReconcilerErrorHandler - [helmcust] Pod 'test-hivemq-platform-1' condition 'Ready': False
2025-01-29 17:05:55,239 INFO c.h.h.t.HelmChartContainer - [hivemq-test-hivemq-platform] [hivemq-platform-operator] [a817bb39] 17:05:55.237 [ReconcilerExecutor-hivemq-controller-113] DEBUG c.h.p.o.h.HiveMQPlatformReconcilerErrorHandler - [helmcust] Pod 'test-hivemq-platform-1' condition 'ContainersReady': False
2025-01-29 17:05:55,239 INFO c.h.h.t.HelmChartContainer - [hivemq-test-hivemq-platform] [hivemq-platform-operator] [a817bb39] 17:05:55.237 [ReconcilerExecutor-hivemq-controller-113] DEBUG c.h.p.o.h.HiveMQPlatformReconcilerErrorHandler - [helmcust] Pod 'test-hivemq-platform-1' condition 'PodScheduled': True
2025-01-29 17:05:55,239 INFO c.h.h.t.HelmChartContainer - [hivemq-test-hivemq-platform] [hivemq-platform-operator] [a817bb39] 17:05:55.238 [ReconcilerExecutor-hivemq-controller-113] DEBUG c.h.p.o.h.HiveMQPlatformReconcilerErrorHandler - [helmcust] Pod 'test-hivemq-platform-1' containerStatus 'hivemq' (started: false) (ready: false) (waiting: [PodInitializing] null)
2025-01-29 17:05:55,240 INFO c.h.h.t.HelmChartContainer - [hivemq-test-hivemq-platform] [hivemq-platform-operator] [a817bb39] 17:05:55.239 [ReconcilerExecutor-hivemq-controller-113] DEBUG c.h.p.o.h.HiveMQPlatformReconcilerErrorHandler - [helmcust] Pod 'test-hivemq-platform-0' phase Running
2025-01-29 17:05:55,250 INFO c.h.h.t.HelmChartContainer - [hivemq-test-hivemq-platform] [hivemq-platform-operator] [a817bb39] 17:05:55.249 [ReconcilerExecutor-hivemq-controller-113] INFO  c.h.p.o.h.HiveMQPlatformReconcilerBaseHandler - [helmcust] HiveMQ Platform is starting, 1 of 2 replicas are ready
2025-01-29 17:05:55,446 INFO c.h.h.t.HelmChartContainer - [EVENT] Normal [Pulled] Container image "docker.io/hivemq/hivemq-platform-operator-init-test:snapshot" already present on machine [helmcustomsecretconfigit:test-hivemq-platform-1]
2025-01-29 17:05:55,453 INFO c.h.h.t.HelmChartContainer - [EVENT] Normal [Created] Created container: hivemq-platform-operator-init [helmcustomsecretconfigit:test-hivemq-platform-1]
2025-01-29 17:05:55,490 INFO c.h.h.t.HelmChartContainer - [EVENT] Normal [Started] Started container hivemq-platform-operator-init [helmcustomsecretconfigit:test-hivemq-platform-1]
2025-01-29 17:05:55,772 INFO c.h.h.t.HelmChartContainer - [EVENT] Normal [Pulled] Container image "docker.io/hivemq/hivemq4:4.36.0" already present on machine [helmcustomsecretconfigit:test-hivemq-platform-1]
2025-01-29 17:05:55,772 INFO c.h.h.t.HelmChartContainer - Received Pulled event for container hivemq in pod test-hivemq-platform-1 [0f0a2430-6727-4c39-bdeb-9423f393f6e4]
2025-01-29 17:05:55,790 INFO c.h.h.t.HelmChartContainer - [EVENT] Normal [Created] Created container: hivemq [helmcustomsecretconfigit:test-hivemq-platform-1]
2025-01-29 17:05:55,790 INFO c.h.h.t.HelmChartContainer - Received Created event for container hivemq in pod test-hivemq-platform-1 [0f0a2430-6727-4c39-bdeb-9423f393f6e4]
2025-01-29 17:05:55,799 INFO c.h.h.t.HelmChartContainer - [POD] test-hivemq-platform-1 [0f0a2430-6727-4c39-bdeb-9423f393f6e4] in helmcustomsecretconfigit was MODIFIED
2025-01-29 17:05:55,819 INFO c.h.h.t.HelmChartContainer - [hivemq-test-hivemq-platform] [hivemq-platform-operator] [a817bb39] 17:05:55.807 [pool-6-thread-18] DEBUG c.h.p.o.d.PlatformServiceResource - [helmcust] Desired Platform services (3 services)
2025-01-29 17:05:55,823 INFO c.h.h.t.HelmChartContainer - [hivemq-test-hivemq-platform] [hivemq-platform-operator] [a817bb39] 17:05:55.812 [pool-6-thread-16] DEBUG c.h.p.o.dependants.PodInfoConfigMap - [helmcust] Desired PodInfo ConfigMap (1 extensions) (1 enabled)
2025-01-29 17:05:55,823 INFO c.h.h.t.HelmChartContainer - [hivemq-test-hivemq-platform] [hivemq-platform-operator] [a817bb39] 17:05:55.816 [pool-6-thread-16] DEBUG c.h.p.o.dependants.PodInfoConfigMap - [helmcust] Desired PodInfo ConfigMap (metrics port: 9399) (metrics path: /)
2025-01-29 17:05:55,823 INFO c.h.h.t.HelmChartContainer - [hivemq-test-hivemq-platform] [hivemq-platform-operator] [a817bb39] 17:05:55.816 [pool-6-thread-16] DEBUG c.h.p.o.dependants.PodInfoConfigMap - [helmcust] Desired PodInfo ConfigMap (extension state hash: -1817474005)
2025-01-29 17:05:55,823 INFO c.h.h.t.HelmChartContainer - [hivemq-test-hivemq-platform] [hivemq-platform-operator] [a817bb39] 17:05:55.816 [pool-6-thread-15] DEBUG c.h.p.o.d.PodServiceAccountResource - [helmcust] Desired PodServiceAccountResource (serviceAccountName: hivemq-platform-pod-test-hivemq-platform)
2025-01-29 17:05:55,857 INFO c.h.h.t.HelmChartContainer - [hivemq-test-hivemq-platform] [hivemq-platform-operator] [a817bb39] 17:05:55.852 [pool-6-thread-19] DEBUG c.h.p.o.d.StatefulSetResource - [helmcust] Desired StatefulSet (2 replicas) for status STARTING (READY)
2025-01-29 17:05:55,865 INFO c.h.h.t.HelmChartContainer - [hivemq-test-hivemq-platform] [hivemq-platform-operator] [a817bb39] 17:05:55.859 [ReconcilerExecutor-hivemq-controller-114] INFO  c.h.p.o.HiveMQPlatformReconciler - [helmcust] Reconciling HiveMQ Platform 'test-hivemq-platform' in namespace 'helmcustomsecretconfigit'
2025-01-29 17:05:55,865 INFO c.h.h.t.HelmChartContainer - [hivemq-test-hivemq-platform] [hivemq-platform-operator] [a817bb39] 17:05:55.859 [ReconcilerExecutor-hivemq-controller-114] DEBUG c.h.p.o.HiveMQPlatformReconciler - [helmcust] Custom Resource Status STARTING - HiveMQ Platform is starting (READY)
2025-01-29 17:05:55,865 INFO c.h.h.t.HelmChartContainer - [hivemq-test-hivemq-platform] [hivemq-platform-operator] [a817bb39] 17:05:55.859 [ReconcilerExecutor-hivemq-controller-114] DEBUG c.h.p.o.HiveMQPlatformReconciler - [helmcust] Custom Resource Spec (replicas: 2) (extensions: 1)
2025-01-29 17:05:55,866 INFO c.h.h.t.HelmChartContainer - [hivemq-test-hivemq-platform] [hivemq-platform-operator] [a817bb39] 17:05:55.863 [ReconcilerExecutor-hivemq-controller-114] DEBUG c.h.p.o.HiveMQPlatformReconciler - [helmcust] StatefulSet Status (revision: test-hivemq-platform-65cfcbfbf9, replicas: 2, available: 1, ready: 1, current: 2, updated: 2)
2025-01-29 17:05:55,867 INFO c.h.h.t.HelmChartContainer - [hivemq-test-hivemq-platform] [hivemq-platform-operator] [a817bb39] 17:05:55.863 [ReconcilerExecutor-hivemq-controller-114] DEBUG c.h.p.o.HiveMQPlatformReconciler - [helmcust] StatefulSet Spec (replicas: 2, init containers: 1, containers: 1, volumes: 3)
2025-01-29 17:05:55,875 INFO c.h.h.t.HelmChartContainer - [hivemq-test-hivemq-platform] [hivemq-platform-operator] [a817bb39] 17:05:55.870 [ReconcilerExecutor-hivemq-controller-114] DEBUG c.h.p.o.h.HiveMQPlatformReconcilerErrorHandler - [helmcust] Pod 'test-hivemq-platform-1' phase Pending
2025-01-29 17:05:55,875 INFO c.h.h.t.HelmChartContainer - [hivemq-test-hivemq-platform] [hivemq-platform-operator] [a817bb39] 17:05:55.871 [ReconcilerExecutor-hivemq-controller-114] DEBUG c.h.p.o.h.HiveMQPlatformReconcilerErrorHandler - [helmcust] Pod 'test-hivemq-platform-1' condition 'PodReadyToStartContainers': True
2025-01-29 17:05:55,875 INFO c.h.h.t.HelmChartContainer - [hivemq-test-hivemq-platform] [hivemq-platform-operator] [a817bb39] 17:05:55.871 [ReconcilerExecutor-hivemq-controller-114] DEBUG c.h.p.o.h.HiveMQPlatformReconcilerErrorHandler - [helmcust] Pod 'test-hivemq-platform-1' condition 'Initialized': True
2025-01-29 17:05:55,875 INFO c.h.h.t.HelmChartContainer - [hivemq-test-hivemq-platform] [hivemq-platform-operator] [a817bb39] 17:05:55.871 [ReconcilerExecutor-hivemq-controller-114] DEBUG c.h.p.o.h.HiveMQPlatformReconcilerErrorHandler - [helmcust] Pod 'test-hivemq-platform-1' condition 'Ready': False
2025-01-29 17:05:55,875 INFO c.h.h.t.HelmChartContainer - [hivemq-test-hivemq-platform] [hivemq-platform-operator] [a817bb39] 17:05:55.872 [ReconcilerExecutor-hivemq-controller-114] DEBUG c.h.p.o.h.HiveMQPlatformReconcilerErrorHandler - [helmcust] Pod 'test-hivemq-platform-1' condition 'ContainersReady': False
2025-01-29 17:05:55,875 INFO c.h.h.t.HelmChartContainer - [hivemq-test-hivemq-platform] [hivemq-platform-operator] [a817bb39] 17:05:55.872 [ReconcilerExecutor-hivemq-controller-114] DEBUG c.h.p.o.h.HiveMQPlatformReconcilerErrorHandler - [helmcust] Pod 'test-hivemq-platform-1' condition 'PodScheduled': True
2025-01-29 17:05:55,875 INFO c.h.h.t.HelmChartContainer - [hivemq-test-hivemq-platform] [hivemq-platform-operator] [a817bb39] 17:05:55.872 [ReconcilerExecutor-hivemq-controller-114] DEBUG c.h.p.o.h.HiveMQPlatformReconcilerErrorHandler - [helmcust] Pod 'test-hivemq-platform-1' containerStatus 'hivemq' (started: false) (ready: false) (waiting: [PodInitializing] null)
2025-01-29 17:05:55,885 INFO c.h.h.t.HelmChartContainer - [hivemq-test-hivemq-platform] [hivemq-platform-operator] [a817bb39] 17:05:55.882 [ReconcilerExecutor-hivemq-controller-114] DEBUG c.h.p.o.h.HiveMQPlatformReconcilerErrorHandler - [helmcust] Pod 'test-hivemq-platform-0' phase Running
2025-01-29 17:05:55,885 INFO c.h.h.t.HelmChartContainer - [hivemq-test-hivemq-platform] [hivemq-platform-operator] [a817bb39] 17:05:55.883 [ReconcilerExecutor-hivemq-controller-114] INFO  c.h.p.o.h.HiveMQPlatformReconcilerBaseHandler - [helmcust] HiveMQ Platform is starting, 1 of 2 replicas are ready
2025-01-29 17:05:56,783 INFO c.h.h.t.HelmChartContainer - [POD] test-hivemq-platform-1 [0f0a2430-6727-4c39-bdeb-9423f393f6e4] in helmcustomsecretconfigit was MODIFIED
2025-01-29 17:05:56,790 INFO c.h.h.t.HelmChartContainer - [hivemq-test-hivemq-platform] [hivemq-platform-operator] [a817bb39] 17:05:56.788 [pool-6-thread-21] DEBUG c.h.p.o.d.PlatformServiceResource - [helmcust] Desired Platform services (3 services)
2025-01-29 17:05:56,793 INFO c.h.h.t.HelmChartContainer - [hivemq-test-hivemq-platform] [hivemq-platform-operator] [a817bb39] 17:05:56.792 [pool-6-thread-29] DEBUG c.h.p.o.dependants.PodInfoConfigMap - [helmcust] Desired PodInfo ConfigMap (1 extensions) (1 enabled)
2025-01-29 17:05:56,796 INFO c.h.h.t.HelmChartContainer - [hivemq-test-hivemq-platform] [hivemq-platform-operator] [a817bb39] 17:05:56.793 [pool-6-thread-29] DEBUG c.h.p.o.dependants.PodInfoConfigMap - [helmcust] Desired PodInfo ConfigMap (metrics port: 9399) (metrics path: /)
2025-01-29 17:05:56,797 INFO c.h.h.t.HelmChartContainer - [hivemq-test-hivemq-platform] [hivemq-platform-operator] [a817bb39] 17:05:56.794 [pool-6-thread-29] DEBUG c.h.p.o.dependants.PodInfoConfigMap - [helmcust] Desired PodInfo ConfigMap (extension state hash: -1817474005)
2025-01-29 17:05:56,798 INFO c.h.h.t.HelmChartContainer - [EVENT] Normal [Started] Started container hivemq [helmcustomsecretconfigit:test-hivemq-platform-1]
2025-01-29 17:05:56,798 INFO c.h.h.t.HelmChartContainer - Started log watcher for hivemq in pod test-hivemq-platform-1 [0f0a2430-6727-4c39-bdeb-9423f393f6e4]
2025-01-29 17:05:56,798 INFO c.h.h.t.HelmChartContainer - [test-hivemq-platform] [hivemq] [0f0a2430] Adding pre-installed HiveMQ Platform Operator extensions
2025-01-29 17:05:56,798 INFO c.h.h.t.HelmChartContainer - [test-hivemq-platform] [hivemq] [0f0a2430] Running as user 10000
2025-01-29 17:05:56,798 INFO c.h.h.t.HelmChartContainer - [test-hivemq-platform] [hivemq] [0f0a2430] Starting HiveMQ Platform Operator Init
2025-01-29 17:05:56,798 INFO c.h.h.t.HelmChartContainer - Received Started event for container hivemq in pod test-hivemq-platform-1 [0f0a2430-6727-4c39-bdeb-9423f393f6e4]
2025-01-29 17:05:56,799 INFO c.h.h.t.HelmChartContainer - [hivemq-test-hivemq-platform] [hivemq-platform-operator] [a817bb39] 17:05:56.793 [pool-6-thread-23] DEBUG c.h.p.o.d.PodServiceAccountResource - [helmcust] Desired PodServiceAccountResource (serviceAccountName: hivemq-platform-pod-test-hivemq-platform)
2025-01-29 17:05:56,800 INFO c.h.h.t.HelmChartContainer - [hivemq-test-hivemq-platform] [hivemq-platform-operator] [a817bb39] 17:05:56.799 [pool-6-thread-29] DEBUG c.h.p.o.d.StatefulSetResource - [helmcust] Desired StatefulSet (2 replicas) for status STARTING (READY)
2025-01-29 17:05:56,807 INFO c.h.h.t.HelmChartContainer - [hivemq-test-hivemq-platform] [hivemq-platform-operator] [a817bb39] 17:05:56.803 [ReconcilerExecutor-hivemq-controller-115] INFO  c.h.p.o.HiveMQPlatformReconciler - [helmcust] Reconciling HiveMQ Platform 'test-hivemq-platform' in namespace 'helmcustomsecretconfigit'
2025-01-29 17:05:56,808 INFO c.h.h.t.HelmChartContainer - [hivemq-test-hivemq-platform] [hivemq-platform-operator] [a817bb39] 17:05:56.803 [ReconcilerExecutor-hivemq-controller-115] DEBUG c.h.p.o.HiveMQPlatformReconciler - [helmcust] Custom Resource Status STARTING - HiveMQ Platform is starting (READY)
2025-01-29 17:05:56,808 INFO c.h.h.t.HelmChartContainer - [hivemq-test-hivemq-platform] [hivemq-platform-operator] [a817bb39] 17:05:56.803 [ReconcilerExecutor-hivemq-controller-115] DEBUG c.h.p.o.HiveMQPlatformReconciler - [helmcust] Custom Resource Spec (replicas: 2) (extensions: 1)
2025-01-29 17:05:56,809 INFO c.h.h.t.HelmChartContainer - [hivemq-test-hivemq-platform] [hivemq-platform-operator] [a817bb39] 17:05:56.805 [ReconcilerExecutor-hivemq-controller-115] DEBUG c.h.p.o.HiveMQPlatformReconciler - [helmcust] StatefulSet Status (revision: test-hivemq-platform-65cfcbfbf9, replicas: 2, available: 1, ready: 1, current: 2, updated: 2)
2025-01-29 17:05:56,810 INFO c.h.h.t.HelmChartContainer - [hivemq-test-hivemq-platform] [hivemq-platform-operator] [a817bb39] 17:05:56.805 [ReconcilerExecutor-hivemq-controller-115] DEBUG c.h.p.o.HiveMQPlatformReconciler - [helmcust] StatefulSet Spec (replicas: 2, init containers: 1, containers: 1, volumes: 3)
2025-01-29 17:05:56,852 INFO c.h.h.t.HelmChartContainer - [hivemq-test-hivemq-platform] [hivemq-platform-operator] [a817bb39] 17:05:56.850 [ReconcilerExecutor-hivemq-controller-115] DEBUG c.h.p.o.h.HiveMQPlatformReconcilerErrorHandler - [helmcust] Pod 'test-hivemq-platform-1' phase Running
2025-01-29 17:05:56,853 INFO c.h.h.t.HelmChartContainer - [hivemq-test-hivemq-platform] [hivemq-platform-operator] [a817bb39] 17:05:56.852 [ReconcilerExecutor-hivemq-controller-115] DEBUG c.h.p.o.h.HiveMQPlatformReconcilerErrorHandler - [helmcust] Pod 'test-hivemq-platform-0' phase Running
2025-01-29 17:05:56,853 INFO c.h.h.t.HelmChartContainer - [hivemq-test-hivemq-platform] [hivemq-platform-operator] [a817bb39] 17:05:56.852 [ReconcilerExecutor-hivemq-controller-115] INFO  c.h.p.o.h.HiveMQPlatformReconcilerBaseHandler - [helmcust] HiveMQ Platform is starting, 1 of 2 replicas are ready
2025-01-29 17:05:57,174 INFO c.h.h.t.HelmChartContainer - [test-hivemq-platform] [hivemq] [0f0a2430] INFO  - [HiveMQ Platform Operator Init 1.7.0-SNAPSHOT] HiveMQ Platform Operator Init 1.7.0-SNAPSHOT (commit: 8465ebf on branch: HEAD) built on Wed Jan 29 16:56:31 UTC 2025
2025-01-29 17:05:58,458 INFO c.h.h.t.HelmChartContainer - [test-hivemq-platform] [hivemq] [0f0a2430] INFO  - [HiveMQ Platform Operator Init App 1.7.0-SNAPSHOT] Using bind address 10.42.0.15 from environment variable
2025-01-29 17:05:59,358 INFO c.h.h.t.HelmChartContainer - [test-hivemq-platform] [hivemq] [0f0a2430] INFO  - [HiveMQ Platform Operator Init App 1.7.0-SNAPSHOT] HiveMQ Platform Operator Init App 1.7.0-SNAPSHOT (commit: 8465ebf on branch: HEAD) built on Wed Jan 29 16:56:31 UTC 2025
2025-01-29 17:05:59,358 INFO c.h.h.t.HelmChartContainer - [test-hivemq-platform] [hivemq] [0f0a2430] INFO  - [HiveMQ Platform Operator Init App 1.7.0-SNAPSHOT] PodInfo ConfigMap directory: /etc/podinfo
2025-01-29 17:05:59,358 INFO c.h.h.t.HelmChartContainer - [test-hivemq-platform] [hivemq] [0f0a2430] INFO  - [HiveMQ Platform Operator Init App 1.7.0-SNAPSHOT] HiveMQ home directory: /opt/hivemq
2025-01-29 17:05:59,358 INFO c.h.h.t.HelmChartContainer - [test-hivemq-platform] [hivemq] [0f0a2430] INFO  - [HiveMQ Platform Operator Init App 1.7.0-SNAPSHOT] HiveMQ Logback folder: /opt/hivemq/conf
2025-01-29 17:05:59,358 INFO c.h.h.t.HelmChartContainer - [test-hivemq-platform] [hivemq] [0f0a2430] INFO  - [HiveMQ Platform Operator Init App 1.7.0-SNAPSHOT] HiveMQ Config folder: /opt/hivemq/conf-k8s
2025-01-29 17:05:59,359 INFO c.h.h.t.HelmChartContainer - [test-hivemq-platform] [hivemq] [0f0a2430] INFO  - [HiveMQ Platform Operator Init App 1.7.0-SNAPSHOT] Starting HiveMQ Platform Operator Init App
2025-01-29 17:05:59,359 INFO c.h.h.t.HelmChartContainer - [test-hivemq-platform] [hivemq] [0f0a2430] INFO  - [HiveMQ Platform Operator Init App 1.7.0-SNAPSHOT] Starting Pod reconciler
2025-01-29 17:06:00,761 INFO c.h.h.t.HelmChartContainer - [test-hivemq-platform] [hivemq] [0f0a2430] INFO  - [HiveMQ Platform Operator Init App 1.7.0-SNAPSHOT] Pod reconciler is scheduled (interval: 5000 ms)
2025-01-29 17:06:00,762 INFO c.h.h.t.HelmChartContainer - [test-hivemq-platform] [hivemq] [0f0a2430] INFO  - [HiveMQ Platform Operator Init App 1.7.0-SNAPSHOT] Starting the REST API on 10.42.0.15:7979
2025-01-29 17:06:00,765 INFO c.h.h.t.HelmChartContainer - [test-hivemq-platform] [hivemq] [0f0a2430] INFO  - [HiveMQ Platform Operator Init App 1.7.0-SNAPSHOT] Waiting up to 600s for at most 2 HiveMQ nodes in cluster service hivemq-test-hivemq-platform-cluster.helmcustomsecretconfigit.svc
2025-01-29 17:06:01,158 INFO c.h.h.t.HelmChartContainer - [test-hivemq-platform] [hivemq] [0f0a2430] INFO  - [HiveMQ Platform Operator Init App 1.7.0-SNAPSHOT] Resolved 2 IP addresses: [10.42.0.15, 10.42.0.14]
2025-01-29 17:06:01,158 INFO c.h.h.t.HelmChartContainer - [test-hivemq-platform] [hivemq] [0f0a2430] INFO  - [HiveMQ Platform Operator Init App 1.7.0-SNAPSHOT] HiveMQ node count of 2 is within threshold of 2
2025-01-29 17:06:01,158 INFO c.h.h.t.HelmChartContainer - [test-hivemq-platform] [hivemq] [0f0a2430] INFO  - [HiveMQ Platform Operator Init App 1.7.0-SNAPSHOT] Proceeding with container start
2025-01-29 17:06:01,242 INFO c.h.h.t.HelmChartContainer - [test-hivemq-platform] [hivemq] [0f0a2430] INFO  - [HiveMQ Platform Operator Init App 1.7.0-SNAPSHOT] Initializing HiveMQ Platform extensions with initial configuration: {hivemq-allow-all-extension={start-priority=-1, skip-https-hostname-verification=false, restart=true, config-version=0, header-version=0, c-uri=, priority=-1, uri=preinstalled, skip-https-certificate-validation=false, enabled=true}, hivemq-prometheus-extension={skip-https-certificate-validation=false, skip-https-hostname-verification=false, c-uri=, start-priority=-1, priority=-1, restart=true, enabled=true, request-header-path=no-request-headers, uri=preinstalled}}
2025-01-29 17:06:01,672 INFO c.h.h.t.HelmChartContainer - [test-hivemq-platform] [hivemq] [0f0a2430] INFO  - [HiveMQ Platform Operator Init App 1.7.0-SNAPSHOT] Extension hivemq-allow-all-extension was already enabled
2025-01-29 17:06:01,766 INFO c.h.h.t.HelmChartContainer - [test-hivemq-platform] [hivemq] [0f0a2430] INFO  - [HiveMQ Platform Operator Init App 1.7.0-SNAPSHOT] Successfully enabled extension hivemq-prometheus-extension
2025-01-29 17:06:01,768 INFO c.h.h.t.HelmChartContainer - [test-hivemq-platform] [hivemq] [0f0a2430] INFO  - [HiveMQ Platform Operator Init App 1.7.0-SNAPSHOT] Starting HiveMQ Platform version 4.36.0 (4.36.0)
2025-01-29 17:06:01,768 INFO c.h.h.t.HelmChartContainer - [test-hivemq-platform] [hivemq] [0f0a2430] INFO  - [HiveMQ Platform Operator Init App 1.7.0-SNAPSHOT] Configuring the HiveMQ Platform
2025-01-29 17:06:01,865 INFO c.h.h.t.HelmChartContainer - [test-hivemq-platform] [hivemq] [0f0a2430] INFO  - [HiveMQ Platform Operator Init App 1.7.0-SNAPSHOT] Changed logback.xml file scan period to 20 seconds
2025-01-29 17:06:01,957 INFO c.h.h.t.HelmChartContainer - [test-hivemq-platform] [hivemq] [0f0a2430] INFO  - [HiveMQ Platform Operator Init App 1.7.0-SNAPSHOT] Starting the HiveMQ Platform
2025-01-29 17:06:01,960 INFO c.h.h.t.HelmChartContainer - [test-hivemq-platform] [hivemq] [0f0a2430] -------------------------------------------------------------------------
2025-01-29 17:06:01,961 INFO c.h.h.t.HelmChartContainer - [test-hivemq-platform] [hivemq] [0f0a2430] 
2025-01-29 17:06:01,961 INFO c.h.h.t.HelmChartContainer - [test-hivemq-platform] [hivemq] [0f0a2430]                   _    _  _              __  __   ____
2025-01-29 17:06:01,961 INFO c.h.h.t.HelmChartContainer - [test-hivemq-platform] [hivemq] [0f0a2430]                  | |  | |(_)            |  \/  | / __ \
2025-01-29 17:06:01,961 INFO c.h.h.t.HelmChartContainer - [test-hivemq-platform] [hivemq] [0f0a2430]                  | |__| | _ __   __ ___ | \  / || |  | |
2025-01-29 17:06:01,961 INFO c.h.h.t.HelmChartContainer - [test-hivemq-platform] [hivemq] [0f0a2430]                  |  __  || |\ \ / // _ \| |\/| || |  | |
2025-01-29 17:06:01,961 INFO c.h.h.t.HelmChartContainer - [test-hivemq-platform] [hivemq] [0f0a2430]                  | |  | || | \ V /|  __/| |  | || |__| |
2025-01-29 17:06:01,961 INFO c.h.h.t.HelmChartContainer - [test-hivemq-platform] [hivemq] [0f0a2430]                  |_|  |_||_|  \_/  \___||_|  |_| \___\_\
2025-01-29 17:06:01,961 INFO c.h.h.t.HelmChartContainer - [test-hivemq-platform] [hivemq] [0f0a2430] 
2025-01-29 17:06:01,961 INFO c.h.h.t.HelmChartContainer - [test-hivemq-platform] [hivemq] [0f0a2430] -------------------------------------------------------------------------
2025-01-29 17:06:01,961 INFO c.h.h.t.HelmChartContainer - [test-hivemq-platform] [hivemq] [0f0a2430] 
2025-01-29 17:06:01,961 INFO c.h.h.t.HelmChartContainer - [test-hivemq-platform] [hivemq] [0f0a2430]   HiveMQ Start Script for Linux/Unix v1.14
2025-01-29 17:06:01,961 INFO c.h.h.t.HelmChartContainer - [test-hivemq-platform] [hivemq] [0f0a2430] 
2025-01-29 17:06:02,050 INFO c.h.h.t.HelmChartContainer - [test-hivemq-platform] [hivemq] [0f0a2430] -------------------------------------------------------------------------
2025-01-29 17:06:02,050 INFO c.h.h.t.HelmChartContainer - [test-hivemq-platform] [hivemq] [0f0a2430] 
2025-01-29 17:06:02,050 INFO c.h.h.t.HelmChartContainer - [test-hivemq-platform] [hivemq] [0f0a2430]   HIVEMQ_HOME: /opt/hivemq
2025-01-29 17:06:02,050 INFO c.h.h.t.HelmChartContainer - [test-hivemq-platform] [hivemq] [0f0a2430] 
2025-01-29 17:06:02,050 INFO c.h.h.t.HelmChartContainer - [test-hivemq-platform] [hivemq] [0f0a2430]   JAVA_OPTS: -XX:+UnlockExperimentalVMOptions -XX:InitialRAMPercentage=50 -XX:MaxRAMPercentage=50 -Djava.net.preferIPv4Stack=true --add-opens java.base/java.lang=ALL-UNNAMED --add-opens java.base/java.nio=ALL-UNNAMED --add-opens java.base/sun.nio.ch=ALL-UNNAMED --add-opens jdk.management/com.sun.management.internal=ALL-UNNAMED --add-exports java.base/jdk.internal.misc=ALL-UNNAMED -Djava.security.egd=file:/dev/./urandom -Dcom.sun.management.jmxremote -Dcom.sun.management.jmxremote.port=9010 -Dcom.sun.management.jmxremote.local.only=false -Dcom.sun.management.jmxremote.authenticate=false -Dcom.sun.management.jmxremote.ssl=false -Duser.language=en -Duser.region=US -XX:+CrashOnOutOfMemoryError -XX:+HeapDumpOnOutOfMemoryError
2025-01-29 17:06:02,050 INFO c.h.h.t.HelmChartContainer - [test-hivemq-platform] [hivemq] [0f0a2430] 
2025-01-29 17:06:02,050 INFO c.h.h.t.HelmChartContainer - [test-hivemq-platform] [hivemq] [0f0a2430]   JAVA_VERSION: 21
2025-01-29 17:06:02,050 INFO c.h.h.t.HelmChartContainer - [test-hivemq-platform] [hivemq] [0f0a2430] 
2025-01-29 17:06:02,050 INFO c.h.h.t.HelmChartContainer - [test-hivemq-platform] [hivemq] [0f0a2430] -------------------------------------------------------------------------
2025-01-29 17:06:02,050 INFO c.h.h.t.HelmChartContainer - [test-hivemq-platform] [hivemq] [0f0a2430] 
2025-01-29 17:06:02,862 INFO c.h.h.t.HelmChartContainer - [test-hivemq-platform] [hivemq] [0f0a2430] INFO  - [HiveMQ Platform Operator Init App 1.7.0-SNAPSHOT] Returning default Health API response 503 for readiness
2025-01-29 17:06:03,468 INFO c.h.h.t.HelmChartContainer - [EVENT] Warning [Unhealthy] Readiness probe failed: HTTP probe failed with statuscode: 503 [helmcustomsecretconfigit:test-hivemq-platform-1]
2025-01-29 17:06:03,468 INFO c.h.h.t.HelmChartContainer - Received Unhealthy event for container hivemq in pod test-hivemq-platform-1 [0f0a2430-6727-4c39-bdeb-9423f393f6e4]
2025-01-29 17:06:04,966 INFO c.h.h.t.HelmChartContainer - [test-hivemq-platform] [hivemq] [0f0a2430] INFO  - Starting HiveMQ Enterprise Server
2025-01-29 17:06:05,043 INFO c.h.h.t.HelmChartContainer - [test-hivemq-platform] [hivemq] [0f0a2430] INFO  - HiveMQ version: 4.36.0
2025-01-29 17:06:05,043 INFO c.h.h.t.HelmChartContainer - [test-hivemq-platform] [hivemq] [0f0a2430] INFO  - HiveMQ home directory: /opt/hivemq
2025-01-29 17:06:05,044 INFO c.h.h.t.HelmChartContainer - [test-hivemq-platform] [hivemq] [0f0a2430] INFO  - Log Configuration was overridden by /opt/hivemq/conf/logback.xml
2025-01-29 17:06:05,494 INFO c.h.h.t.HelmChartContainer - [test-hivemq-platform] [hivemq] [3caacca1] INFO  - [HiveMQ Platform Operator Init App 1.7.0-SNAPSHOT] Returning Health API response 200 for liveness
2025-01-29 17:06:06,859 INFO c.h.h.t.HelmChartContainer - [hivemq-test-hivemq-platform] [hivemq-platform-operator] [a817bb39] 17:06:06.858 [pool-6-thread-37] DEBUG c.h.p.o.d.PlatformServiceResource - [helmcust] Desired Platform services (3 services)
2025-01-29 17:06:06,862 INFO c.h.h.t.HelmChartContainer - [hivemq-test-hivemq-platform] [hivemq-platform-operator] [a817bb39] 17:06:06.861 [pool-6-thread-39] DEBUG c.h.p.o.dependants.PodInfoConfigMap - [helmcust] Desired PodInfo ConfigMap (1 extensions) (1 enabled)
2025-01-29 17:06:06,863 INFO c.h.h.t.HelmChartContainer - [hivemq-test-hivemq-platform] [hivemq-platform-operator] [a817bb39] 17:06:06.861 [pool-6-thread-39] DEBUG c.h.p.o.dependants.PodInfoConfigMap - [helmcust] Desired PodInfo ConfigMap (metrics port: 9399) (metrics path: /)
2025-01-29 17:06:06,865 INFO c.h.h.t.HelmChartContainer - [hivemq-test-hivemq-platform] [hivemq-platform-operator] [a817bb39] 17:06:06.862 [pool-6-thread-39] DEBUG c.h.p.o.dependants.PodInfoConfigMap - [helmcust] Desired PodInfo ConfigMap (extension state hash: -1817474005)
2025-01-29 17:06:06,872 INFO c.h.h.t.HelmChartContainer - [hivemq-test-hivemq-platform] [hivemq-platform-operator] [a817bb39] 17:06:06.869 [pool-6-thread-32] DEBUG c.h.p.o.d.PodServiceAccountResource - [helmcust] Desired PodServiceAccountResource (serviceAccountName: hivemq-platform-pod-test-hivemq-platform)
2025-01-29 17:06:06,887 INFO c.h.h.t.HelmChartContainer - [hivemq-test-hivemq-platform] [hivemq-platform-operator] [a817bb39] 17:06:06.886 [pool-6-thread-37] DEBUG c.h.p.o.d.StatefulSetResource - [helmcust] Desired StatefulSet (2 replicas) for status STARTING (READY)
2025-01-29 17:06:06,951 INFO c.h.h.t.HelmChartContainer - [hivemq-test-hivemq-platform] [hivemq-platform-operator] [a817bb39] 17:06:06.949 [ReconcilerExecutor-hivemq-controller-116] INFO  c.h.p.o.HiveMQPlatformReconciler - [helmcust] Reconciling HiveMQ Platform 'test-hivemq-platform' in namespace 'helmcustomsecretconfigit'
2025-01-29 17:06:06,951 INFO c.h.h.t.HelmChartContainer - [hivemq-test-hivemq-platform] [hivemq-platform-operator] [a817bb39] 17:06:06.949 [ReconcilerExecutor-hivemq-controller-116] DEBUG c.h.p.o.HiveMQPlatformReconciler - [helmcust] Custom Resource Status STARTING - HiveMQ Platform is starting (READY)
2025-01-29 17:06:06,952 INFO c.h.h.t.HelmChartContainer - [hivemq-test-hivemq-platform] [hivemq-platform-operator] [a817bb39] 17:06:06.950 [ReconcilerExecutor-hivemq-controller-116] DEBUG c.h.p.o.HiveMQPlatformReconciler - [helmcust] Custom Resource Spec (replicas: 2) (extensions: 1)
2025-01-29 17:06:06,955 INFO c.h.h.t.HelmChartContainer - [hivemq-test-hivemq-platform] [hivemq-platform-operator] [a817bb39] 17:06:06.953 [ReconcilerExecutor-hivemq-controller-116] DEBUG c.h.p.o.HiveMQPlatformReconciler - [helmcust] StatefulSet Status (revision: test-hivemq-platform-65cfcbfbf9, replicas: 2, available: 1, ready: 1, current: 2, updated: 2)
2025-01-29 17:06:06,955 INFO c.h.h.t.HelmChartContainer - [hivemq-test-hivemq-platform] [hivemq-platform-operator] [a817bb39] 17:06:06.953 [ReconcilerExecutor-hivemq-controller-116] DEBUG c.h.p.o.HiveMQPlatformReconciler - [helmcust] StatefulSet Spec (replicas: 2, init containers: 1, containers: 1, volumes: 3)
2025-01-29 17:06:06,960 INFO c.h.h.t.HelmChartContainer - [hivemq-test-hivemq-platform] [hivemq-platform-operator] [a817bb39] 17:06:06.955 [ReconcilerExecutor-hivemq-controller-116] DEBUG c.h.p.o.h.HiveMQPlatformReconcilerErrorHandler - [helmcust] Pod 'test-hivemq-platform-1' phase Running
2025-01-29 17:06:06,962 INFO c.h.h.t.HelmChartContainer - [hivemq-test-hivemq-platform] [hivemq-platform-operator] [a817bb39] 17:06:06.961 [ReconcilerExecutor-hivemq-controller-116] DEBUG c.h.p.o.h.HiveMQPlatformReconcilerErrorHandler - [helmcust] Pod 'test-hivemq-platform-0' phase Running
2025-01-29 17:06:06,963 INFO c.h.h.t.HelmChartContainer - [hivemq-test-hivemq-platform] [hivemq-platform-operator] [a817bb39] 17:06:06.962 [ReconcilerExecutor-hivemq-controller-116] INFO  c.h.p.o.h.HiveMQPlatformReconcilerBaseHandler - [helmcust] HiveMQ Platform is starting, 1 of 2 replicas are ready
2025-01-29 17:06:07,061 INFO c.h.h.t.HelmChartContainer - [test-hivemq-platform] [hivemq] [0f0a2430] INFO  - Successfully loaded configuration from '/opt/hivemq/conf-k8s/config.xml'.
2025-01-29 17:06:08,164 INFO c.h.h.t.HelmChartContainer - [test-hivemq-platform] [hivemq] [0f0a2430] WARN  - [HiveMQ Platform Operator Init App 1.7.0-SNAPSHOT] Cannot connect to Health API for readiness: null
2025-01-29 17:06:08,169 INFO c.h.h.t.HelmChartContainer - [EVENT] Warning [Unhealthy] Readiness probe failed: HTTP probe failed with statuscode: 503 [helmcustomsecretconfigit:test-hivemq-platform-1]
2025-01-29 17:06:08,169 INFO c.h.h.t.HelmChartContainer - Received Unhealthy event for container hivemq in pod test-hivemq-platform-1 [0f0a2430-6727-4c39-bdeb-9423f393f6e4]
2025-01-29 17:06:08,264 INFO c.h.h.t.HelmChartContainer - [test-hivemq-platform] [hivemq] [0f0a2430] INFO  - This node's ID is SjfSw
2025-01-29 17:06:08,264 INFO c.h.h.t.HelmChartContainer - [test-hivemq-platform] [hivemq] [0f0a2430] INFO  - Clustering is enabled
2025-01-29 17:06:11,960 INFO c.h.h.t.HelmChartContainer - [test-hivemq-platform] [hivemq] [0f0a2430] Jan 29, 2025 5:06:11 PM io.vertx.core.impl.BlockedThreadChecker
2025-01-29 17:06:11,960 INFO c.h.h.t.HelmChartContainer - [test-hivemq-platform] [hivemq] [0f0a2430] WARNING: Thread Thread[vert.x-eventloop-thread-1,5,main] has been blocked for 2583 ms, time limit is 2000 ms
2025-01-29 17:06:12,944 INFO c.h.h.t.HelmChartContainer - [test-hivemq-platform] [hivemq] [0f0a2430] WARN  - [HiveMQ Platform Operator Init App 1.7.0-SNAPSHOT] Cannot connect to Health API for readiness: null
2025-01-29 17:06:12,946 INFO c.h.h.t.HelmChartContainer - [test-hivemq-platform] [hivemq] [0f0a2430] Jan 29, 2025 5:06:12 PM io.vertx.core.impl.BlockedThreadChecker
2025-01-29 17:06:12,946 INFO c.h.h.t.HelmChartContainer - [test-hivemq-platform] [hivemq] [0f0a2430] WARNING: Thread Thread[vert.x-eventloop-thread-1,5,main] has been blocked for 3585 ms, time limit is 2000 ms
2025-01-29 17:06:12,951 INFO c.h.h.t.HelmChartContainer - [EVENT] Warning [Unhealthy] Readiness probe failed: HTTP probe failed with statuscode: 503 [helmcustomsecretconfigit:test-hivemq-platform-1]
2025-01-29 17:06:12,951 INFO c.h.h.t.HelmChartContainer - Received Unhealthy event for container hivemq in pod test-hivemq-platform-1 [0f0a2430-6727-4c39-bdeb-9423f393f6e4]
2025-01-29 17:06:13,061 INFO c.h.h.t.HelmChartContainer - [test-hivemq-platform] [hivemq] [0f0a2430] INFO  - [HiveMQ Platform Operator Init App 1.7.0-SNAPSHOT] Updating Pod HiveMQ Platform Operator Init App version annotation (version: 1.7.0-SNAPSHOT)
2025-01-29 17:06:13,868 INFO c.h.h.t.HelmChartContainer - [POD] test-hivemq-platform-1 [0f0a2430-6727-4c39-bdeb-9423f393f6e4] in helmcustomsecretconfigit was MODIFIED
2025-01-29 17:06:13,875 INFO c.h.h.t.HelmChartContainer - [hivemq-test-hivemq-platform] [hivemq-platform-operator] [a817bb39] 17:06:13.874 [pool-6-thread-49] DEBUG c.h.p.o.d.PlatformServiceResource - [helmcust] Desired Platform services (3 services)
2025-01-29 17:06:13,877 INFO c.h.h.t.HelmChartContainer - [hivemq-test-hivemq-platform] [hivemq-platform-operator] [a817bb39] 17:06:13.874 [pool-6-thread-48] DEBUG c.h.p.o.dependants.PodInfoConfigMap - [helmcust] Desired PodInfo ConfigMap (1 extensions) (1 enabled)
2025-01-29 17:06:13,877 INFO c.h.h.t.HelmChartContainer - [hivemq-test-hivemq-platform] [hivemq-platform-operator] [a817bb39] 17:06:13.874 [pool-6-thread-48] DEBUG c.h.p.o.dependants.PodInfoConfigMap - [helmcust] Desired PodInfo ConfigMap (metrics port: 9399) (metrics path: /)
2025-01-29 17:06:13,877 INFO c.h.h.t.HelmChartContainer - [hivemq-test-hivemq-platform] [hivemq-platform-operator] [a817bb39] 17:06:13.875 [pool-6-thread-48] DEBUG c.h.p.o.dependants.PodInfoConfigMap - [helmcust] Desired PodInfo ConfigMap (extension state hash: -1817474005)
2025-01-29 17:06:13,878 INFO c.h.h.t.HelmChartContainer - [hivemq-test-hivemq-platform] [hivemq-platform-operator] [a817bb39] 17:06:13.877 [pool-6-thread-41] DEBUG c.h.p.o.d.PodServiceAccountResource - [helmcust] Desired PodServiceAccountResource (serviceAccountName: hivemq-platform-pod-test-hivemq-platform)
2025-01-29 17:06:13,881 INFO c.h.h.t.HelmChartContainer - [hivemq-test-hivemq-platform] [hivemq-platform-operator] [a817bb39] 17:06:13.880 [pool-6-thread-49] DEBUG c.h.p.o.d.StatefulSetResource - [helmcust] Desired StatefulSet (2 replicas) for status STARTING (READY)
2025-01-29 17:06:13,887 INFO c.h.h.t.HelmChartContainer - [hivemq-test-hivemq-platform] [hivemq-platform-operator] [a817bb39] 17:06:13.884 [ReconcilerExecutor-hivemq-controller-117] INFO  c.h.p.o.HiveMQPlatformReconciler - [helmcust] Reconciling HiveMQ Platform 'test-hivemq-platform' in namespace 'helmcustomsecretconfigit'
2025-01-29 17:06:13,887 INFO c.h.h.t.HelmChartContainer - [hivemq-test-hivemq-platform] [hivemq-platform-operator] [a817bb39] 17:06:13.884 [ReconcilerExecutor-hivemq-controller-117] DEBUG c.h.p.o.HiveMQPlatformReconciler - [helmcust] Custom Resource Status STARTING - HiveMQ Platform is starting (READY)
2025-01-29 17:06:13,887 INFO c.h.h.t.HelmChartContainer - [hivemq-test-hivemq-platform] [hivemq-platform-operator] [a817bb39] 17:06:13.884 [ReconcilerExecutor-hivemq-controller-117] DEBUG c.h.p.o.HiveMQPlatformReconciler - [helmcust] Custom Resource Spec (replicas: 2) (extensions: 1)
2025-01-29 17:06:13,887 INFO c.h.h.t.HelmChartContainer - [hivemq-test-hivemq-platform] [hivemq-platform-operator] [a817bb39] 17:06:13.885 [ReconcilerExecutor-hivemq-controller-117] DEBUG c.h.p.o.HiveMQPlatformReconciler - [helmcust] StatefulSet Status (revision: test-hivemq-platform-65cfcbfbf9, replicas: 2, available: 1, ready: 1, current: 2, updated: 2)
2025-01-29 17:06:13,887 INFO c.h.h.t.HelmChartContainer - [hivemq-test-hivemq-platform] [hivemq-platform-operator] [a817bb39] 17:06:13.885 [ReconcilerExecutor-hivemq-controller-117] DEBUG c.h.p.o.HiveMQPlatformReconciler - [helmcust] StatefulSet Spec (replicas: 2, init containers: 1, containers: 1, volumes: 3)
2025-01-29 17:06:13,888 INFO c.h.h.t.HelmChartContainer - [hivemq-test-hivemq-platform] [hivemq-platform-operator] [a817bb39] 17:06:13.887 [ReconcilerExecutor-hivemq-controller-117] DEBUG c.h.p.o.h.HiveMQPlatformReconcilerErrorHandler - [helmcust] Pod 'test-hivemq-platform-1' phase Running
2025-01-29 17:06:13,889 INFO c.h.h.t.HelmChartContainer - [hivemq-test-hivemq-platform] [hivemq-platform-operator] [a817bb39] 17:06:13.888 [ReconcilerExecutor-hivemq-controller-117] DEBUG c.h.p.o.h.HiveMQPlatformReconcilerErrorHandler - [helmcust] Pod 'test-hivemq-platform-0' phase Running
2025-01-29 17:06:13,890 INFO c.h.h.t.HelmChartContainer - [hivemq-test-hivemq-platform] [hivemq-platform-operator] [a817bb39] 17:06:13.889 [ReconcilerExecutor-hivemq-controller-117] INFO  c.h.p.o.h.HiveMQPlatformReconcilerBaseHandler - [helmcust] HiveMQ Platform is starting, 1 of 2 replicas are ready
2025-01-29 17:06:13,973 INFO c.h.h.t.HelmChartContainer - [test-hivemq-platform] [hivemq] [0f0a2430] INFO  - [HiveMQ Platform Operator Init App 1.7.0-SNAPSHOT] Successfully updated Pod HiveMQ Platform Operator Init App version annotation (version: 1.7.0-SNAPSHOT)
2025-01-29 17:06:13,973 INFO c.h.h.t.HelmChartContainer - [test-hivemq-platform] [hivemq] [0f0a2430] WARN  - [HiveMQ Platform Operator Init App 1.7.0-SNAPSHOT] Cannot connect to Health API for readiness: null
2025-01-29 17:06:13,973 INFO c.h.h.t.HelmChartContainer - [EVENT] Warning [Unhealthy] Readiness probe failed: HTTP probe failed with statuscode: 503 [helmcustomsecretconfigit:test-hivemq-platform-1]
2025-01-29 17:06:13,973 INFO c.h.h.t.HelmChartContainer - Received Unhealthy event for container hivemq in pod test-hivemq-platform-1 [0f0a2430-6727-4c39-bdeb-9423f393f6e4]
2025-01-29 17:06:18,874 INFO c.h.h.t.HelmChartContainer - [test-hivemq-platform] [hivemq] [0f0a2430] WARN  - [HiveMQ Platform Operator Init App 1.7.0-SNAPSHOT] Cannot connect to Health API for readiness: null
2025-01-29 17:06:18,878 INFO c.h.h.t.HelmChartContainer - [EVENT] Warning [Unhealthy] Readiness probe failed: HTTP probe failed with statuscode: 503 [helmcustomsecretconfigit:test-hivemq-platform-1]
2025-01-29 17:06:18,878 INFO c.h.h.t.HelmChartContainer - Received Unhealthy event for container hivemq in pod test-hivemq-platform-1 [0f0a2430-6727-4c39-bdeb-9423f393f6e4]
2025-01-29 17:06:23,895 INFO c.h.h.t.HelmChartContainer - [hivemq-test-hivemq-platform] [hivemq-platform-operator] [a817bb39] 17:06:23.893 [pool-6-thread-3] DEBUG c.h.p.o.d.PlatformServiceResource - [helmcust] Desired Platform services (3 services)
2025-01-29 17:06:23,896 INFO c.h.h.t.HelmChartContainer - [hivemq-test-hivemq-platform] [hivemq-platform-operator] [a817bb39] 17:06:23.894 [pool-6-thread-10] DEBUG c.h.p.o.d.PodServiceAccountResource - [helmcust] Desired PodServiceAccountResource (serviceAccountName: hivemq-platform-pod-test-hivemq-platform)
2025-01-29 17:06:23,898 INFO c.h.h.t.HelmChartContainer - [hivemq-test-hivemq-platform] [hivemq-platform-operator] [a817bb39] 17:06:23.895 [pool-6-thread-5] DEBUG c.h.p.o.dependants.PodInfoConfigMap - [helmcust] Desired PodInfo ConfigMap (1 extensions) (1 enabled)
2025-01-29 17:06:23,899 INFO c.h.h.t.HelmChartContainer - [hivemq-test-hivemq-platform] [hivemq-platform-operator] [a817bb39] 17:06:23.896 [pool-6-thread-5] DEBUG c.h.p.o.dependants.PodInfoConfigMap - [helmcust] Desired PodInfo ConfigMap (metrics port: 9399) (metrics path: /)
2025-01-29 17:06:23,899 INFO c.h.h.t.HelmChartContainer - [hivemq-test-hivemq-platform] [hivemq-platform-operator] [a817bb39] 17:06:23.896 [pool-6-thread-5] DEBUG c.h.p.o.dependants.PodInfoConfigMap - [helmcust] Desired PodInfo ConfigMap (extension state hash: -1817474005)
2025-01-29 17:06:23,902 INFO c.h.h.t.HelmChartContainer - [hivemq-test-hivemq-platform] [hivemq-platform-operator] [a817bb39] 17:06:23.901 [pool-6-thread-3] DEBUG c.h.p.o.d.StatefulSetResource - [helmcust] Desired StatefulSet (2 replicas) for status STARTING (READY)
2025-01-29 17:06:23,907 INFO c.h.h.t.HelmChartContainer - [hivemq-test-hivemq-platform] [hivemq-platform-operator] [a817bb39] 17:06:23.905 [ReconcilerExecutor-hivemq-controller-118] INFO  c.h.p.o.HiveMQPlatformReconciler - [helmcust] Reconciling HiveMQ Platform 'test-hivemq-platform' in namespace 'helmcustomsecretconfigit'
2025-01-29 17:06:23,907 INFO c.h.h.t.HelmChartContainer - [hivemq-test-hivemq-platform] [hivemq-platform-operator] [a817bb39] 17:06:23.906 [ReconcilerExecutor-hivemq-controller-118] DEBUG c.h.p.o.HiveMQPlatformReconciler - [helmcust] Custom Resource Status STARTING - HiveMQ Platform is starting (READY)
2025-01-29 17:06:23,907 INFO c.h.h.t.HelmChartContainer - [hivemq-test-hivemq-platform] [hivemq-platform-operator] [a817bb39] 17:06:23.906 [ReconcilerExecutor-hivemq-controller-118] DEBUG c.h.p.o.HiveMQPlatformReconciler - [helmcust] Custom Resource Spec (replicas: 2) (extensions: 1)
2025-01-29 17:06:23,909 INFO c.h.h.t.HelmChartContainer - [hivemq-test-hivemq-platform] [hivemq-platform-operator] [a817bb39] 17:06:23.907 [ReconcilerExecutor-hivemq-controller-118] DEBUG c.h.p.o.HiveMQPlatformReconciler - [helmcust] StatefulSet Status (revision: test-hivemq-platform-65cfcbfbf9, replicas: 2, available: 1, ready: 1, current: 2, updated: 2)
2025-01-29 17:06:23,909 INFO c.h.h.t.HelmChartContainer - [hivemq-test-hivemq-platform] [hivemq-platform-operator] [a817bb39] 17:06:23.907 [ReconcilerExecutor-hivemq-controller-118] DEBUG c.h.p.o.HiveMQPlatformReconciler - [helmcust] StatefulSet Spec (replicas: 2, init containers: 1, containers: 1, volumes: 3)
2025-01-29 17:06:23,910 INFO c.h.h.t.HelmChartContainer - [hivemq-test-hivemq-platform] [hivemq-platform-operator] [a817bb39] 17:06:23.908 [ReconcilerExecutor-hivemq-controller-118] DEBUG c.h.p.o.h.HiveMQPlatformReconcilerErrorHandler - [helmcust] Pod 'test-hivemq-platform-1' phase Running
2025-01-29 17:06:23,911 INFO c.h.h.t.HelmChartContainer - [hivemq-test-hivemq-platform] [hivemq-platform-operator] [a817bb39] 17:06:23.910 [ReconcilerExecutor-hivemq-controller-118] DEBUG c.h.p.o.h.HiveMQPlatformReconcilerErrorHandler - [helmcust] Pod 'test-hivemq-platform-0' phase Running
2025-01-29 17:06:23,912 INFO c.h.h.t.HelmChartContainer - [hivemq-test-hivemq-platform] [hivemq-platform-operator] [a817bb39] 17:06:23.911 [ReconcilerExecutor-hivemq-controller-118] INFO  c.h.p.o.h.HiveMQPlatformReconcilerBaseHandler - [helmcust] HiveMQ Platform is starting, 1 of 2 replicas are ready
2025-01-29 17:06:23,944 INFO c.h.h.t.HelmChartContainer - [test-hivemq-platform] [hivemq] [0f0a2430] WARN  - [HiveMQ Platform Operator Init App 1.7.0-SNAPSHOT] Cannot connect to Health API for readiness: null
2025-01-29 17:06:23,949 INFO c.h.h.t.HelmChartContainer - [EVENT] Warning [Unhealthy] Readiness probe failed: HTTP probe failed with statuscode: 503 [helmcustomsecretconfigit:test-hivemq-platform-1]
2025-01-29 17:06:23,949 INFO c.h.h.t.HelmChartContainer - Received Unhealthy event for container hivemq in pod test-hivemq-platform-1 [0f0a2430-6727-4c39-bdeb-9423f393f6e4]
2025-01-29 17:06:25,364 INFO c.h.h.t.HelmChartContainer - [test-hivemq-platform] [hivemq] [0f0a2430] WARN  - [HiveMQ Platform Operator Init App 1.7.0-SNAPSHOT] Cannot connect to Health API for liveness: null
2025-01-29 17:06:25,364 INFO c.h.h.t.HelmChartContainer - [test-hivemq-platform] [hivemq] [0f0a2430] INFO  - [HiveMQ Platform Operator Init App 1.7.0-SNAPSHOT] Returning default Health API response 200 for liveness
2025-01-29 17:06:26,077 INFO c.h.h.t.HelmChartContainer - [test-hivemq-platform] [hivemq] [0f0a2430] INFO  - No valid license file found. Using trial license, restricted to 25 connections.
2025-01-29 17:06:28,959 INFO c.h.h.t.HelmChartContainer - [test-hivemq-platform] [hivemq] [0f0a2430] WARN  - [HiveMQ Platform Operator Init App 1.7.0-SNAPSHOT] Cannot connect to Health API for readiness: null
2025-01-29 17:06:28,966 INFO c.h.h.t.HelmChartContainer - [EVENT] Warning [Unhealthy] Readiness probe failed: HTTP probe failed with statuscode: 503 [helmcustomsecretconfigit:test-hivemq-platform-1]
2025-01-29 17:06:28,966 INFO c.h.h.t.HelmChartContainer - Received Unhealthy event for container hivemq in pod test-hivemq-platform-1 [0f0a2430-6727-4c39-bdeb-9423f393f6e4]
2025-01-29 17:06:29,570 INFO c.h.h.t.HelmChartContainer - [K3S] [INFO] COMPACT compactRev=0 targetCompactRev=2 currentRev=1687
2025-01-29 17:06:29,570 INFO c.h.h.t.HelmChartContainer - [K3S] [INFO] COMPACT deleted 0 rows from 2 revisions in 863.796µs - compacted to 2/1687
2025-01-29 17:06:29,571 INFO c.h.h.t.HelmChartContainer - [K3S] [INFO] COMPACT compacted from 0 to 2 in 1 transactions over 1ms
2025-01-29 17:06:30,780 INFO c.h.h.t.HelmChartContainer - [test-hivemq-platform] [hivemq] [0f0a2430] INFO  - No valid license file for Data Hub found. Using free license, restricted to 1 policy.
2025-01-29 17:06:32,067 INFO c.h.h.t.HelmChartContainer - [test-hivemq-platform] [hivemq] [0f0a2430] INFO  - Audit Logger started.
2025-01-29 17:06:32,155 INFO c.h.h.t.HelmChartContainer - [K3S] [info.go:53] Couldn't collect info from any of the files in "/etc/machine-id,/var/lib/dbus/machine-id"
2025-01-29 17:06:32,351 INFO c.h.h.t.HelmChartContainer - [test-hivemq-platform] [hivemq] [0f0a2430] INFO  - This node uses '1' CPU cores.
2025-01-29 17:06:32,359 INFO c.h.h.t.HelmChartContainer - [test-hivemq-platform] [hivemq] [0f0a2430] INFO  - Starting HiveMQ Health API on address 0.0.0.0 and port 8889
2025-01-29 17:06:33,360 INFO c.h.h.t.HelmChartContainer - [test-hivemq-platform] [hivemq] [0f0a2430] INFO  - Started HiveMQ Health API in 1001ms
2025-01-29 17:06:33,917 INFO c.h.h.t.HelmChartContainer - [hivemq-test-hivemq-platform] [hivemq-platform-operator] [a817bb39] 17:06:33.914 [pool-6-thread-13] DEBUG c.h.p.o.dependants.PodInfoConfigMap - [helmcust] Desired PodInfo ConfigMap (1 extensions) (1 enabled)
2025-01-29 17:06:33,917 INFO c.h.h.t.HelmChartContainer - [hivemq-test-hivemq-platform] [hivemq-platform-operator] [a817bb39] 17:06:33.915 [pool-6-thread-13] DEBUG c.h.p.o.dependants.PodInfoConfigMap - [helmcust] Desired PodInfo ConfigMap (metrics port: 9399) (metrics path: /)
2025-01-29 17:06:33,917 INFO c.h.h.t.HelmChartContainer - [hivemq-test-hivemq-platform] [hivemq-platform-operator] [a817bb39] 17:06:33.915 [pool-6-thread-15] DEBUG c.h.p.o.d.PodServiceAccountResource - [helmcust] Desired PodServiceAccountResource (serviceAccountName: hivemq-platform-pod-test-hivemq-platform)
2025-01-29 17:06:33,917 INFO c.h.h.t.HelmChartContainer - [hivemq-test-hivemq-platform] [hivemq-platform-operator] [a817bb39] 17:06:33.915 [pool-6-thread-13] DEBUG c.h.p.o.dependants.PodInfoConfigMap - [helmcust] Desired PodInfo ConfigMap (extension state hash: -1817474005)
2025-01-29 17:06:33,920 INFO c.h.h.t.HelmChartContainer - [hivemq-test-hivemq-platform] [hivemq-platform-operator] [a817bb39] 17:06:33.916 [pool-6-thread-20] DEBUG c.h.p.o.d.PlatformServiceResource - [helmcust] Desired Platform services (3 services)
2025-01-29 17:06:33,924 INFO c.h.h.t.HelmChartContainer - [hivemq-test-hivemq-platform] [hivemq-platform-operator] [a817bb39] 17:06:33.923 [pool-6-thread-20] DEBUG c.h.p.o.d.StatefulSetResource - [helmcust] Desired StatefulSet (2 replicas) for status STARTING (READY)
2025-01-29 17:06:33,928 INFO c.h.h.t.HelmChartContainer - [hivemq-test-hivemq-platform] [hivemq-platform-operator] [a817bb39] 17:06:33.927 [ReconcilerExecutor-hivemq-controller-119] INFO  c.h.p.o.HiveMQPlatformReconciler - [helmcust] Reconciling HiveMQ Platform 'test-hivemq-platform' in namespace 'helmcustomsecretconfigit'
2025-01-29 17:06:33,928 INFO c.h.h.t.HelmChartContainer - [hivemq-test-hivemq-platform] [hivemq-platform-operator] [a817bb39] 17:06:33.927 [ReconcilerExecutor-hivemq-controller-119] DEBUG c.h.p.o.HiveMQPlatformReconciler - [helmcust] Custom Resource Status STARTING - HiveMQ Platform is starting (READY)
2025-01-29 17:06:33,928 INFO c.h.h.t.HelmChartContainer - [hivemq-test-hivemq-platform] [hivemq-platform-operator] [a817bb39] 17:06:33.927 [ReconcilerExecutor-hivemq-controller-119] DEBUG c.h.p.o.HiveMQPlatformReconciler - [helmcust] Custom Resource Spec (replicas: 2) (extensions: 1)
2025-01-29 17:06:33,930 INFO c.h.h.t.HelmChartContainer - [hivemq-test-hivemq-platform] [hivemq-platform-operator] [a817bb39] 17:06:33.929 [ReconcilerExecutor-hivemq-controller-119] DEBUG c.h.p.o.HiveMQPlatformReconciler - [helmcust] StatefulSet Status (revision: test-hivemq-platform-65cfcbfbf9, replicas: 2, available: 1, ready: 1, current: 2, updated: 2)
2025-01-29 17:06:33,930 INFO c.h.h.t.HelmChartContainer - [hivemq-test-hivemq-platform] [hivemq-platform-operator] [a817bb39] 17:06:33.929 [ReconcilerExecutor-hivemq-controller-119] DEBUG c.h.p.o.HiveMQPlatformReconciler - [helmcust] StatefulSet Spec (replicas: 2, init containers: 1, containers: 1, volumes: 3)
2025-01-29 17:06:33,932 INFO c.h.h.t.HelmChartContainer - [hivemq-test-hivemq-platform] [hivemq-platform-operator] [a817bb39] 17:06:33.932 [ReconcilerExecutor-hivemq-controller-119] DEBUG c.h.p.o.h.HiveMQPlatformReconcilerErrorHandler - [helmcust] Pod 'test-hivemq-platform-1' phase Running
2025-01-29 17:06:33,934 INFO c.h.h.t.HelmChartContainer - [hivemq-test-hivemq-platform] [hivemq-platform-operator] [a817bb39] 17:06:33.933 [ReconcilerExecutor-hivemq-controller-119] DEBUG c.h.p.o.h.HiveMQPlatformReconcilerErrorHandler - [helmcust] Pod 'test-hivemq-platform-0' phase Running
2025-01-29 17:06:33,951 INFO c.h.h.t.HelmChartContainer - [hivemq-test-hivemq-platform] [hivemq-platform-operator] [a817bb39] 17:06:33.950 [ReconcilerExecutor-hivemq-controller-119] INFO  c.h.p.o.h.HiveMQPlatformReconcilerBaseHandler - [helmcust] HiveMQ Platform is starting, 1 of 2 replicas are ready
2025-01-29 17:06:34,267 INFO c.h.h.t.HelmChartContainer - [test-hivemq-platform] [hivemq] [0f0a2430] INFO  - Starting HiveMQ extension system.
2025-01-29 17:06:34,763 INFO c.h.h.t.HelmChartContainer - [test-hivemq-platform] [hivemq] [0f0a2430] INFO  - Starting extension with id "hivemq-dns-cluster-discovery" at /opt/hivemq/extensions/hivemq-dns-cluster-discovery
2025-01-29 17:06:34,913 INFO c.h.h.t.HelmChartContainer - [EVENT] Warning [Unhealthy] Readiness probe failed: Get "http://10.42.0.15:7979/readiness": context deadline exceeded (Client.Timeout exceeded while awaiting headers) [helmcustomsecretconfigit:test-hivemq-platform-1]
2025-01-29 17:06:34,913 INFO c.h.h.t.HelmChartContainer - Received Unhealthy event for container hivemq in pod test-hivemq-platform-1 [0f0a2430-6727-4c39-bdeb-9423f393f6e4]
2025-01-29 17:06:35,064 INFO c.h.h.t.HelmChartContainer - [test-hivemq-platform] [hivemq] [0f0a2430] INFO  - [HiveMQ Platform Operator Init App 1.7.0-SNAPSHOT] Returning Health API response 503 for readiness
2025-01-29 17:06:35,562 INFO c.h.h.t.HelmChartContainer - [test-hivemq-platform] [hivemq] [0f0a2430] INFO  - Extension "DNS Cluster Discovery Extension" version 4.3.2 started successfully.
2025-01-29 17:06:35,564 INFO c.h.h.t.HelmChartContainer - [test-hivemq-platform] [hivemq] [0f0a2430] INFO  - Starting extension with id "hivemq-prometheus-extension" at /opt/hivemq/extensions/hivemq-prometheus-extension
2025-01-29 17:06:35,765 INFO c.h.h.t.HelmChartContainer - [test-hivemq-platform] [hivemq] [0f0a2430] INFO  - Using TCP cluster transport on address 10.42.0.15 and port 7000
2025-01-29 17:06:35,867 INFO c.h.h.t.HelmChartContainer - [test-hivemq-platform] [hivemq] [0f0a2430] INFO  - Using extension cluster discovery
2025-01-29 17:06:36,766 INFO c.h.h.t.HelmChartContainer - [test-hivemq-platform] [hivemq] [0f0a2430] INFO  - Started Jetty Server exposing Prometheus Servlet on URI http://0.0.0.0:9399/
2025-01-29 17:06:36,766 INFO c.h.h.t.HelmChartContainer - [test-hivemq-platform] [hivemq] [0f0a2430] INFO  - Extension "Prometheus Monitoring Extension" version 4.0.12 started successfully.
2025-01-29 17:06:36,766 INFO c.h.h.t.HelmChartContainer - [test-hivemq-platform] [hivemq] [0f0a2430] INFO  - Starting extension with id "hivemq-allow-all-extension" at /opt/hivemq/extensions/hivemq-allow-all-extension
2025-01-29 17:06:36,766 INFO c.h.h.t.HelmChartContainer - [test-hivemq-platform] [hivemq] [0f0a2430] WARN  - 
2025-01-29 17:06:36,766 INFO c.h.h.t.HelmChartContainer - [test-hivemq-platform] [hivemq] [0f0a2430] ################################################################################################################
2025-01-29 17:06:36,766 INFO c.h.h.t.HelmChartContainer - [test-hivemq-platform] [hivemq] [0f0a2430] # This HiveMQ deployment is not secure! You are lacking Authentication and Authorization.                      #
2025-01-29 17:06:36,766 INFO c.h.h.t.HelmChartContainer - [test-hivemq-platform] [hivemq] [0f0a2430] # Right now any MQTT client can connect to the broker with a full set of permissions.                          #
2025-01-29 17:06:36,766 INFO c.h.h.t.HelmChartContainer - [test-hivemq-platform] [hivemq] [0f0a2430] # For production usage, add an appropriate security extension and remove the hivemq-allow-all extension.       #
2025-01-29 17:06:36,766 INFO c.h.h.t.HelmChartContainer - [test-hivemq-platform] [hivemq] [0f0a2430] # You can download security extensions from the HiveMQ Marketplace (https://www.hivemq.com/extensions/).       #
2025-01-29 17:06:36,766 INFO c.h.h.t.HelmChartContainer - [test-hivemq-platform] [hivemq] [0f0a2430] ################################################################################################################
2025-01-29 17:06:36,767 INFO c.h.h.t.HelmChartContainer - [test-hivemq-platform] [hivemq] [0f0a2430] INFO  - Extension "Allow All Extension" version 1.1.1 started successfully.
2025-01-29 17:06:36,871 INFO c.h.h.t.HelmChartContainer - [test-hivemq-platform] [hivemq] [3caacca1] INFO  - Cluster nodes found by discovery: [PM54w|1] (2) [PM54w, SjfSw].
2025-01-29 17:06:36,960 INFO c.h.h.t.HelmChartContainer - [test-hivemq-platform] [hivemq] [0f0a2430] INFO  - Cluster nodes found by discovery: [PM54w|1] (2) [PM54w, SjfSw].
2025-01-29 17:06:37,071 INFO c.h.h.t.HelmChartContainer - [test-hivemq-platform] [hivemq] [0f0a2430] INFO  - Cluster size = 1, members : [PM54w].
2025-01-29 17:06:37,470 INFO c.h.h.t.HelmChartContainer - [test-hivemq-platform] [hivemq] [0f0a2430] INFO  - Starting cluster join process. This may take a while. Please do not shut down HiveMQ.
2025-01-29 17:06:37,544 INFO c.h.h.t.HelmChartContainer - [test-hivemq-platform] [hivemq] [0f0a2430] INFO  - Cluster join process is still ongoing. Please do not shut down HiveMQ.
2025-01-29 17:06:38,878 INFO c.h.h.t.HelmChartContainer - [EVENT] Warning [Unhealthy] Readiness probe failed: HTTP probe failed with statuscode: 503 [helmcustomsecretconfigit:test-hivemq-platform-1]
2025-01-29 17:06:38,878 INFO c.h.h.t.HelmChartContainer - Received Unhealthy event for container hivemq in pod test-hivemq-platform-1 [0f0a2430-6727-4c39-bdeb-9423f393f6e4]
2025-01-29 17:06:39,489 INFO c.h.h.t.HelmChartContainer - [test-hivemq-platform] [hivemq] [3caacca1] INFO  - Cluster size = 2, members : [PM54w, SjfSw].
2025-01-29 17:06:39,500 INFO c.h.h.t.HelmChartContainer - [test-hivemq-platform] [hivemq] [0f0a2430] INFO  - Cluster size = 2, members : [PM54w, SjfSw].
2025-01-29 17:06:39,560 INFO c.h.h.t.HelmChartContainer - [test-hivemq-platform] [hivemq] [0f0a2430] INFO  - Finished cluster join process successfully.
2025-01-29 17:06:39,561 INFO c.h.h.t.HelmChartContainer - [test-hivemq-platform] [hivemq] [0f0a2430] WARN  - No user for HiveMQ Control Center configured. Starting with default user
2025-01-29 17:06:39,563 INFO c.h.h.t.HelmChartContainer - [test-hivemq-platform] [hivemq] [0f0a2430] INFO  - Starting HiveMQ Control Center on address 0.0.0.0 and port 8080
2025-01-29 17:06:39,570 INFO c.h.h.t.HelmChartContainer - [test-hivemq-platform] [hivemq] [0f0a2430] INFO  - Mounting HiveMQ Control Center V2 Preview
2025-01-29 17:06:40,274 INFO c.h.h.t.HelmChartContainer - [test-hivemq-platform] [hivemq] [0f0a2430] INFO  - Started HiveMQ Control Center in 713ms
2025-01-29 17:06:40,367 INFO c.h.h.t.HelmChartContainer - [test-hivemq-platform] [hivemq] [0f0a2430] INFO  - Starting TCP listener on address 0.0.0.0 and port 1883
2025-01-29 17:06:40,460 INFO c.h.h.t.HelmChartContainer - [test-hivemq-platform] [hivemq] [0f0a2430] INFO  - Started TCP Listener on address 0.0.0.0 and on port 1883.
2025-01-29 17:06:40,460 INFO c.h.h.t.HelmChartContainer - [test-hivemq-platform] [hivemq] [0f0a2430] INFO  - Started HiveMQ in 35891ms
2025-01-29 17:06:43,873 INFO c.h.h.t.HelmChartContainer - [test-hivemq-platform] [hivemq] [0f0a2430] INFO  - [HiveMQ Platform Operator Init App 1.7.0-SNAPSHOT] Returning Health API response 200 for readiness
2025-01-29 17:06:43,889 INFO c.h.h.t.HelmChartContainer - [POD] test-hivemq-platform-1 [0f0a2430-6727-4c39-bdeb-9423f393f6e4] in helmcustomsecretconfigit was MODIFIED
2025-01-29 17:06:43,902 INFO c.h.h.t.HelmChartContainer - [hivemq-test-hivemq-platform] [hivemq-platform-operator] [a817bb39] 17:06:43.892 [pool-6-thread-21] DEBUG c.h.p.o.d.PlatformServiceResource - [helmcust] Desired Platform services (3 services)
2025-01-29 17:06:43,909 INFO c.h.h.t.HelmChartContainer - [hivemq-test-hivemq-platform] [hivemq-platform-operator] [a817bb39] 17:06:43.894 [pool-6-thread-28] DEBUG c.h.p.o.d.PodServiceAccountResource - [helmcust] Desired PodServiceAccountResource (serviceAccountName: hivemq-platform-pod-test-hivemq-platform)
2025-01-29 17:06:43,909 INFO c.h.h.t.HelmChartContainer - [hivemq-test-hivemq-platform] [hivemq-platform-operator] [a817bb39] 17:06:43.901 [pool-6-thread-22] DEBUG c.h.p.o.dependants.PodInfoConfigMap - [helmcust] Desired PodInfo ConfigMap (1 extensions) (1 enabled)
2025-01-29 17:06:43,909 INFO c.h.h.t.HelmChartContainer - [hivemq-test-hivemq-platform] [hivemq-platform-operator] [a817bb39] 17:06:43.901 [pool-6-thread-22] DEBUG c.h.p.o.dependants.PodInfoConfigMap - [helmcust] Desired PodInfo ConfigMap (metrics port: 9399) (metrics path: /)
2025-01-29 17:06:43,909 INFO c.h.h.t.HelmChartContainer - [hivemq-test-hivemq-platform] [hivemq-platform-operator] [a817bb39] 17:06:43.901 [pool-6-thread-22] DEBUG c.h.p.o.dependants.PodInfoConfigMap - [helmcust] Desired PodInfo ConfigMap (extension state hash: -1817474005)
2025-01-29 17:06:43,909 INFO c.h.h.t.HelmChartContainer - [hivemq-test-hivemq-platform] [hivemq-platform-operator] [a817bb39] 17:06:43.904 [pool-6-thread-22] DEBUG c.h.p.o.d.StatefulSetResource - [helmcust] Desired StatefulSet (2 replicas) for status STARTING (READY)
2025-01-29 17:06:43,953 INFO c.h.h.t.HelmChartContainer - [hivemq-test-hivemq-platform] [hivemq-platform-operator] [a817bb39] 17:06:43.950 [ReconcilerExecutor-hivemq-controller-120] INFO  c.h.p.o.HiveMQPlatformReconciler - [helmcust] Reconciling HiveMQ Platform 'test-hivemq-platform' in namespace 'helmcustomsecretconfigit'
2025-01-29 17:06:43,953 INFO c.h.h.t.HelmChartContainer - [hivemq-test-hivemq-platform] [hivemq-platform-operator] [a817bb39] 17:06:43.951 [ReconcilerExecutor-hivemq-controller-120] DEBUG c.h.p.o.HiveMQPlatformReconciler - [helmcust] Custom Resource Status STARTING - HiveMQ Platform is starting (READY)
2025-01-29 17:06:43,953 INFO c.h.h.t.HelmChartContainer - [hivemq-test-hivemq-platform] [hivemq-platform-operator] [a817bb39] 17:06:43.951 [ReconcilerExecutor-hivemq-controller-120] DEBUG c.h.p.o.HiveMQPlatformReconciler - [helmcust] Custom Resource Spec (replicas: 2) (extensions: 1)
2025-01-29 17:06:43,954 INFO c.h.h.t.HelmChartContainer - [hivemq-test-hivemq-platform] [hivemq-platform-operator] [a817bb39] 17:06:43.953 [ReconcilerExecutor-hivemq-controller-120] DEBUG c.h.p.o.HiveMQPlatformReconciler - [helmcust] StatefulSet Status (revision: test-hivemq-platform-65cfcbfbf9, replicas: 2, available: 2, ready: 2, current: 2, updated: 2)
2025-01-29 17:06:43,954 INFO c.h.h.t.HelmChartContainer - [hivemq-test-hivemq-platform] [hivemq-platform-operator] [a817bb39] 17:06:43.953 [ReconcilerExecutor-hivemq-controller-120] DEBUG c.h.p.o.HiveMQPlatformReconciler - [helmcust] StatefulSet Spec (replicas: 2, init containers: 1, containers: 1, volumes: 3)
2025-01-29 17:06:43,955 INFO c.h.h.t.HelmChartContainer - [hivemq-test-hivemq-platform] [hivemq-platform-operator] [a817bb39] 17:06:43.954 [ReconcilerExecutor-hivemq-controller-120] DEBUG c.h.p.o.h.HiveMQPlatformReconcilerErrorHandler - [helmcust] Pod 'test-hivemq-platform-1' phase Running
2025-01-29 17:06:43,960 INFO c.h.h.t.HelmChartContainer - [hivemq-test-hivemq-platform] [hivemq-platform-operator] [a817bb39] 17:06:43.957 [ReconcilerExecutor-hivemq-controller-120] DEBUG c.h.p.o.h.HiveMQPlatformReconcilerErrorHandler - [helmcust] Pod 'test-hivemq-platform-0' phase Running
2025-01-29 17:06:43,960 INFO c.h.h.t.HelmChartContainer - [hivemq-test-hivemq-platform] [hivemq-platform-operator] [a817bb39] 17:06:43.957 [ReconcilerExecutor-hivemq-controller-120] INFO  c.h.p.o.h.HiveMQPlatformReconcilerBaseHandler - [helmcust] HiveMQ Platform started successfully
2025-01-29 17:06:44,069 INFO c.h.h.t.HelmChartContainer - [hivemq-test-hivemq-platform] [hivemq-platform-operator] [a817bb39] 17:06:44.068 [ReconcilerExecutor-hivemq-controller-120] DEBUG c.h.p.operator.event.EventSender - [helmcust] Creating K8s event hivemq-platform-ready: [Ready] HiveMQ Platform is ready
2025-01-29 17:06:44,073 INFO c.h.h.t.HelmChartContainer - [EVENT] Normal [Ready] HiveMQ Platform is ready [helmcustomsecretconfigit:test-hivemq-platform]
2025-01-29 17:06:44,075 INFO c.h.h.t.HelmChartContainer - [hivemq-test-hivemq-platform] [hivemq-platform-operator] [a817bb39] 17:06:44.074 [ReconcilerExecutor-hivemq-controller-120] INFO  c.h.p.o.h.AbstractHiveMQReconcilerStateHandler - [helmcust] Update HiveMQ Platform Status (STARTING [READY] -> RUNNING [READY]): HiveMQ Platform is ready
2025-01-29 17:06:44,156 DEBUG com.hivemq.helmcharts.util.K8sUtil - Comparing actual state 'RUNNING' and waiting for 'RUNNING'
2025-01-29 17:06:44,165 INFO c.h.h.t.HelmChartContainer - [hivemq-test-hivemq-platform] [hivemq-platform-operator] [a817bb39] 17:06:44.162 [pool-6-thread-38] DEBUG c.h.p.o.d.PlatformServiceResource - [helmcust] Desired Platform services (3 services)
2025-01-29 17:06:44,168 INFO c.h.h.t.HelmChartContainer - [hivemq-test-hivemq-platform] [hivemq-platform-operator] [a817bb39] 17:06:44.165 [pool-6-thread-32] DEBUG c.h.p.o.d.PodServiceAccountResource - [helmcust] Desired PodServiceAccountResource (serviceAccountName: hivemq-platform-pod-test-hivemq-platform)
2025-01-29 17:06:44,171 INFO c.h.h.t.HelmChartContainer - [hivemq-test-hivemq-platform] [hivemq-platform-operator] [a817bb39] 17:06:44.165 [pool-6-thread-39] DEBUG c.h.p.o.dependants.PodInfoConfigMap - [helmcust] Desired PodInfo ConfigMap (1 extensions) (1 enabled)
2025-01-29 17:06:44,171 INFO c.h.h.t.HelmChartContainer - [hivemq-test-hivemq-platform] [hivemq-platform-operator] [a817bb39] 17:06:44.166 [pool-6-thread-39] DEBUG c.h.p.o.dependants.PodInfoConfigMap - [helmcust] Desired PodInfo ConfigMap (metrics port: 9399) (metrics path: /)
2025-01-29 17:06:44,171 INFO c.h.h.t.HelmChartContainer - [hivemq-test-hivemq-platform] [hivemq-platform-operator] [a817bb39] 17:06:44.166 [pool-6-thread-39] DEBUG c.h.p.o.dependants.PodInfoConfigMap - [helmcust] Desired PodInfo ConfigMap (extension state hash: -1817474005)
2025-01-29 17:06:44,175 INFO c.h.h.t.HelmChartContainer - [hivemq-test-hivemq-platform] [hivemq-platform-operator] [a817bb39] 17:06:44.171 [pool-6-thread-39] DEBUG c.h.p.o.dependants.PodInfoConfigMap - [helmcust] Update PodInfo ConfigMap
2025-01-29 17:06:44,257 INFO c.h.h.t.HelmChartContainer - [hivemq-test-hivemq-platform] [hivemq-platform-operator] [a817bb39] 17:06:44.256 [pool-6-thread-39] DEBUG c.h.p.o.d.StatefulSetResource - [helmcust] Desired StatefulSet (2 replicas) for status RUNNING (READY)
2025-01-29 17:06:44,260 INFO c.h.h.t.HelmChartContainer - [hivemq-test-hivemq-platform] [hivemq-platform-operator] [a817bb39] 17:06:44.259 [ReconcilerExecutor-hivemq-controller-121] INFO  c.h.p.o.HiveMQPlatformReconciler - [helmcust] Reconciling HiveMQ Platform 'test-hivemq-platform' in namespace 'helmcustomsecretconfigit'
2025-01-29 17:06:44,263 INFO c.h.h.t.HelmChartContainer - [hivemq-test-hivemq-platform] [hivemq-platform-operator] [a817bb39] 17:06:44.259 [ReconcilerExecutor-hivemq-controller-121] DEBUG c.h.p.o.HiveMQPlatformReconciler - [helmcust] Custom Resource Status RUNNING - HiveMQ Platform is ready (READY)
2025-01-29 17:06:44,263 INFO c.h.h.t.HelmChartContainer - [hivemq-test-hivemq-platform] [hivemq-platform-operator] [a817bb39] 17:06:44.259 [ReconcilerExecutor-hivemq-controller-121] DEBUG c.h.p.o.HiveMQPlatformReconciler - [helmcust] Custom Resource Spec (replicas: 2) (extensions: 1)
2025-01-29 17:06:44,263 INFO c.h.h.t.HelmChartContainer - [hivemq-test-hivemq-platform] [hivemq-platform-operator] [a817bb39] 17:06:44.261 [ReconcilerExecutor-hivemq-controller-121] DEBUG c.h.p.o.HiveMQPlatformReconciler - [helmcust] StatefulSet Status (revision: test-hivemq-platform-65cfcbfbf9, replicas: 2, available: 2, ready: 2, current: 2, updated: 2)
2025-01-29 17:06:44,263 INFO c.h.h.t.HelmChartContainer - [hivemq-test-hivemq-platform] [hivemq-platform-operator] [a817bb39] 17:06:44.261 [ReconcilerExecutor-hivemq-controller-121] DEBUG c.h.p.o.HiveMQPlatformReconciler - [helmcust] StatefulSet Spec (replicas: 2, init containers: 1, containers: 1, volumes: 3)
2025-01-29 17:06:44,265 INFO c.h.h.t.HelmChartContainer - [hivemq-test-hivemq-platform] [hivemq-platform-operator] [a817bb39] 17:06:44.264 [ReconcilerExecutor-hivemq-controller-121] DEBUG c.h.p.o.h.HiveMQPlatformReconcilerErrorHandler - [helmcust] Pod 'test-hivemq-platform-1' phase Running
2025-01-29 17:06:44,270 INFO c.h.h.t.HelmChartContainer - [hivemq-test-hivemq-platform] [hivemq-platform-operator] [a817bb39] 17:06:44.268 [ReconcilerExecutor-hivemq-controller-121] DEBUG c.h.p.o.h.HiveMQPlatformReconcilerErrorHandler - [helmcust] Pod 'test-hivemq-platform-0' phase Running
2025-01-29 17:06:46,209 INFO c.h.h.t.HelmChartContainer - Uninstalling release 'test-hivemq-platform' in namespace 'helmcustomsecretconfigit'...
2025-01-29 17:06:46,209 DEBUG c.h.h.t.HelmChartContainer - Executing helm command: /bin/helm --kubeconfig /etc/rancher/k3s/k3s.yaml uninstall test-hivemq-platform  --wait --timeout 5m0s --cascade foreground --namespace helmcustomsecretconfigit
2025-01-29 17:06:46,397 INFO c.h.h.t.HelmChartContainer - [hivemq-test-hivemq-platform] [hivemq-platform-operator] [a817bb39] 17:06:46.391 [ReconcilerExecutor-hivemq-controller-122] INFO  c.h.p.o.HiveMQPlatformReconciler - [helmcust] Cleanup test-hivemq-platform - helmcustomsecretconfigit HiveMQ Platform is shut down
2025-01-29 17:06:47,077 INFO c.h.h.t.HelmChartContainer - [POD] test-hivemq-platform-0 [3caacca1-b7e1-4241-a154-ebb224094608] in helmcustomsecretconfigit was MODIFIED
2025-01-29 17:06:47,101 INFO c.h.h.t.HelmChartContainer - [EVENT] Normal [Killing] Stopping container hivemq [helmcustomsecretconfigit:test-hivemq-platform-0]
2025-01-29 17:06:47,101 INFO c.h.h.t.HelmChartContainer - Received Killing event for container hivemq in pod test-hivemq-platform-0 [3caacca1-b7e1-4241-a154-ebb224094608]
2025-01-29 17:06:47,101 INFO c.h.h.t.HelmChartContainer - Container [test-hivemq-platform-0] [hivemq] [3caacca1-b7e1-4241-a154-ebb224094608] was terminated
2025-01-29 17:06:47,101 INFO c.h.h.t.HelmChartContainer - Stopped log watcher for hivemq in pod test-hivemq-platform-0 [3caacca1-b7e1-4241-a154-ebb224094608]
2025-01-29 17:06:47,126 INFO c.h.h.t.HelmChartContainer - [test-hivemq-platform] [hivemq] [3caacca1] INFO  - [HiveMQ Platform Operator Init App 1.7.0-SNAPSHOT] Shutting down
2025-01-29 17:06:47,126 INFO c.h.h.t.HelmChartContainer - [test-hivemq-platform] [hivemq] [3caacca1] INFO  - [HiveMQ Platform Operator Init App 1.7.0-SNAPSHOT] Stopping the HiveMQ Platform
2025-01-29 17:06:47,133 INFO c.h.h.t.HelmChartContainer - [POD] test-hivemq-platform-1 [0f0a2430-6727-4c39-bdeb-9423f393f6e4] in helmcustomsecretconfigit was MODIFIED
2025-01-29 17:06:47,136 INFO c.h.h.t.HelmChartContainer - [K3S] [endpointslice_controller.go:344] "Error syncing endpoint slices for service, retrying" key="helmcustomsecretconfigit/hivemq-test-hivemq-platform-mqtt-1883" err="EndpointSlice informer cache is out of date"
2025-01-29 17:06:47,161 INFO c.h.h.t.HelmChartContainer - [EVENT] Normal [Killing] Stopping container hivemq [helmcustomsecretconfigit:test-hivemq-platform-1]
2025-01-29 17:06:47,161 INFO c.h.h.t.HelmChartContainer - Received Killing event for container hivemq in pod test-hivemq-platform-1 [0f0a2430-6727-4c39-bdeb-9423f393f6e4]
2025-01-29 17:06:47,161 INFO c.h.h.t.HelmChartContainer - Container [test-hivemq-platform-1] [hivemq] [0f0a2430-6727-4c39-bdeb-9423f393f6e4] was terminated
2025-01-29 17:06:47,161 INFO c.h.h.t.HelmChartContainer - Stopped log watcher for hivemq in pod test-hivemq-platform-1 [0f0a2430-6727-4c39-bdeb-9423f393f6e4]
2025-01-29 17:06:47,172 INFO c.h.h.t.HelmChartContainer - [test-hivemq-platform] [hivemq] [0f0a2430] INFO  - [HiveMQ Platform Operator Init App 1.7.0-SNAPSHOT] Shutting down
2025-01-29 17:06:47,172 INFO c.h.h.t.HelmChartContainer - [test-hivemq-platform] [hivemq] [0f0a2430] INFO  - [HiveMQ Platform Operator Init App 1.7.0-SNAPSHOT] Stopping the HiveMQ Platform
2025-01-29 17:06:47,299 INFO c.h.h.t.HelmChartContainer - [test-hivemq-platform] [hivemq] [3caacca1] INFO  - Shutting down HiveMQ. Please wait, this could take a while...
2025-01-29 17:06:47,303 INFO c.h.h.t.HelmChartContainer - [test-hivemq-platform] [hivemq] [3caacca1] INFO  - Shutting down listeners and clients
2025-01-29 17:06:47,304 INFO c.h.h.t.HelmChartContainer - [test-hivemq-platform] [hivemq] [3caacca1] INFO  - Shutdown of listeners is done
2025-01-29 17:06:47,305 INFO c.h.h.t.HelmChartContainer - [test-hivemq-platform] [hivemq] [3caacca1] INFO  - No clients are connected, proceeding with shutdown
2025-01-29 17:06:47,476 INFO c.h.h.t.HelmChartContainer - [test-hivemq-platform] [hivemq] [0f0a2430] INFO  - Shutting down HiveMQ. Please wait, this could take a while...
2025-01-29 17:06:47,560 INFO c.h.h.t.HelmChartContainer - [test-hivemq-platform] [hivemq] [0f0a2430] INFO  - Shutting down listeners and clients
2025-01-29 17:06:47,561 INFO c.h.h.t.HelmChartContainer - [test-hivemq-platform] [hivemq] [0f0a2430] INFO  - Shutdown of listeners is done
2025-01-29 17:06:47,561 INFO c.h.h.t.HelmChartContainer - [test-hivemq-platform] [hivemq] [0f0a2430] INFO  - No clients are connected, proceeding with shutdown
2025-01-29 17:06:48,443 INFO c.h.h.t.HelmChartContainer - Deleting namespace 'helmcustomsecretconfigit'...
2025-01-29 17:06:48,870 INFO c.h.h.t.HelmChartContainer - [test-hivemq-platform] [hivemq] [0f0a2430] INFO  - [HiveMQ Platform Operator Init App 1.7.0-SNAPSHOT] Returning shutdown Health API response 503 for readiness
2025-01-29 17:06:48,874 INFO c.h.h.t.HelmChartContainer - [EVENT] Warning [Unhealthy] Readiness probe failed: HTTP probe failed with statuscode: 503 [helmcustomsecretconfigit:test-hivemq-platform-1]
2025-01-29 17:06:48,874 INFO c.h.h.t.HelmChartContainer - Received Unhealthy event for container hivemq in pod test-hivemq-platform-1 [0f0a2430-6727-4c39-bdeb-9423f393f6e4]
2025-01-29 17:06:49,288 INFO c.h.h.t.HelmChartContainer - [test-hivemq-platform] [hivemq] [0f0a2430] WARN  - [HiveMQ Platform Operator Init App 1.7.0-SNAPSHOT] Could not update Pod annotations: Failure executing: GET at: https://10.43.0.1:443/api/v1/namespaces/helmcustomsecretconfigit/pods/test-hivemq-platform-1. Message: pods "test-hivemq-platform-1" is forbidden: User "system:serviceaccount:helmcustomsecretconfigit:hivemq-platform-pod-test-hivemq-platform" cannot get resource "pods" in API group "" in the namespace "helmcustomsecretconfigit". Received status: Status(apiVersion=v1, code=403, details=StatusDetails(causes=[], group=null, kind=pods, name=test-hivemq-platform-1, retryAfterSeconds=null, uid=null, additionalProperties={}), kind=Status, message=pods "test-hivemq-platform-1" is forbidden: User "system:serviceaccount:helmcustomsecretconfigit:hivemq-platform-pod-test-hivemq-platform" cannot get resource "pods" in API group "" in the namespace "helmcustomsecretconfigit", metadata=ListMeta(_continue=null, remainingItemCount=null, resourceVersion=null, selfLink=null, additionalProperties={}), reason=Forbidden, status=Failure, additionalProperties={}).
2025-01-29 17:06:50,003 INFO c.h.h.t.HelmChartContainer - [test-hivemq-platform] [hivemq] [3caacca1] INFO  - [HiveMQ Platform Operator Init App 1.7.0-SNAPSHOT] Returning shutdown Health API response 503 for readiness
2025-01-29 17:06:50,007 INFO c.h.h.t.HelmChartContainer - [EVENT] Warning [Unhealthy] Readiness probe failed: HTTP probe failed with statuscode: 503 [helmcustomsecretconfigit:test-hivemq-platform-0]
2025-01-29 17:06:50,008 INFO c.h.h.t.HelmChartContainer - Received Unhealthy event for container hivemq in pod test-hivemq-platform-0 [3caacca1-b7e1-4241-a154-ebb224094608]
2025-01-29 17:06:50,638 INFO c.h.h.t.HelmChartContainer - [test-hivemq-platform] [hivemq] [3caacca1] WARN  - [HiveMQ Platform Operator Init App 1.7.0-SNAPSHOT] Could not update Pod annotations: Failure executing: GET at: https://10.43.0.1:443/api/v1/namespaces/helmcustomsecretconfigit/pods/test-hivemq-platform-0. Message: pods "test-hivemq-platform-0" is forbidden: User "system:serviceaccount:helmcustomsecretconfigit:hivemq-platform-pod-test-hivemq-platform" cannot get resource "pods" in API group "" in the namespace "helmcustomsecretconfigit". Received status: Status(apiVersion=v1, code=403, details=StatusDetails(causes=[], group=null, kind=pods, name=test-hivemq-platform-0, retryAfterSeconds=null, uid=null, additionalProperties={}), kind=Status, message=pods "test-hivemq-platform-0" is forbidden: User "system:serviceaccount:helmcustomsecretconfigit:hivemq-platform-pod-test-hivemq-platform" cannot get resource "pods" in API group "" in the namespace "helmcustomsecretconfigit", metadata=ListMeta(_continue=null, remainingItemCount=null, resourceVersion=null, selfLink=null, additionalProperties={}), reason=Forbidden, status=Failure, additionalProperties={}).
2025-01-29 17:06:50,848 INFO c.h.h.t.HelmChartContainer - [test-hivemq-platform] [hivemq] [3caacca1] INFO  - Shutting down extension system
2025-01-29 17:06:50,850 INFO c.h.h.t.HelmChartContainer - [test-hivemq-platform] [hivemq] [3caacca1] INFO  - Stopping extension with id hivemq-dns-cluster-discovery
2025-01-29 17:06:50,851 INFO c.h.h.t.HelmChartContainer - [test-hivemq-platform] [hivemq] [3caacca1] INFO  - Extension "DNS Cluster Discovery Extension" version 4.3.2 stopped successfully.
2025-01-29 17:06:50,851 INFO c.h.h.t.HelmChartContainer - [test-hivemq-platform] [hivemq] [3caacca1] INFO  - Stopping extension with id hivemq-prometheus-extension
2025-01-29 17:06:50,859 INFO c.h.h.t.HelmChartContainer - [test-hivemq-platform] [hivemq] [3caacca1] INFO  - Extension "Prometheus Monitoring Extension" version 4.0.12 stopped successfully.
2025-01-29 17:06:50,860 INFO c.h.h.t.HelmChartContainer - [test-hivemq-platform] [hivemq] [3caacca1] INFO  - Stopping extension with id hivemq-allow-all-extension
2025-01-29 17:06:50,860 INFO c.h.h.t.HelmChartContainer - [test-hivemq-platform] [hivemq] [3caacca1] INFO  - Extension "Allow All Extension" version 1.1.1 stopped successfully.
2025-01-29 17:06:50,866 INFO c.h.h.t.HelmChartContainer - [test-hivemq-platform] [hivemq] [0f0a2430] INFO  - Cluster nodes found by discovery: [SjfSw|2] (1) [SjfSw].
2025-01-29 17:06:50,874 INFO c.h.h.t.HelmChartContainer - [test-hivemq-platform] [hivemq] [0f0a2430] INFO  - Cluster size = 1, members : [SjfSw].
2025-01-29 17:06:51,364 INFO c.h.h.t.HelmChartContainer - [test-hivemq-platform] [hivemq] [0f0a2430] INFO  - Shutting down extension system
2025-01-29 17:06:51,366 INFO c.h.h.t.HelmChartContainer - [test-hivemq-platform] [hivemq] [0f0a2430] INFO  - Stopping extension with id hivemq-dns-cluster-discovery
2025-01-29 17:06:51,367 INFO c.h.h.t.HelmChartContainer - [test-hivemq-platform] [hivemq] [0f0a2430] INFO  - Extension "DNS Cluster Discovery Extension" version 4.3.2 stopped successfully.
2025-01-29 17:06:51,368 INFO c.h.h.t.HelmChartContainer - [test-hivemq-platform] [hivemq] [0f0a2430] INFO  - Stopping extension with id hivemq-prometheus-extension
2025-01-29 17:06:51,372 INFO c.h.h.t.HelmChartContainer - [test-hivemq-platform] [hivemq] [0f0a2430] INFO  - Extension "Prometheus Monitoring Extension" version 4.0.12 stopped successfully.
2025-01-29 17:06:51,373 INFO c.h.h.t.HelmChartContainer - [test-hivemq-platform] [hivemq] [0f0a2430] INFO  - Stopping extension with id hivemq-allow-all-extension
2025-01-29 17:06:51,373 INFO c.h.h.t.HelmChartContainer - [test-hivemq-platform] [hivemq] [0f0a2430] INFO  - Extension "Allow All Extension" version 1.1.1 stopped successfully.
2025-01-29 17:06:53,198 INFO c.h.h.t.HelmChartContainer - [test-hivemq-platform] [hivemq] [3caacca1] INFO  - Shutdown completed.
2025-01-29 17:06:53,529 INFO c.h.h.t.HelmChartContainer - [K3S] [stateful_set.go:466] "StatefulSet has been deleted" key="helmcustomsecretconfigit/test-hivemq-platform"
2025-01-29 17:06:53,609 INFO c.h.h.t.HelmChartContainer - [test-hivemq-platform] [hivemq] [3caacca1] INFO  - [HiveMQ Platform Operator Init App 1.7.0-SNAPSHOT] The HiveMQ Platform exited with code 143
2025-01-29 17:06:53,609 INFO c.h.h.t.HelmChartContainer - [test-hivemq-platform] [hivemq] [3caacca1] INFO  - [HiveMQ Platform Operator Init App 1.7.0-SNAPSHOT] Stopping the REST API
2025-01-29 17:06:53,652 INFO c.h.h.t.HelmChartContainer - [test-hivemq-platform] [hivemq] [3caacca1] INFO  - [HiveMQ Platform Operator Init App 1.7.0-SNAPSHOT] Shutdown complete
2025-01-29 17:06:53,743 INFO c.h.h.t.HelmChartContainer - [test-hivemq-platform] [hivemq] [0f0a2430] INFO  - Shutdown completed.
2025-01-29 17:06:54,102 INFO c.h.h.t.HelmChartContainer - [test-hivemq-platform] [hivemq] [0f0a2430] INFO  - [HiveMQ Platform Operator Init App 1.7.0-SNAPSHOT] The HiveMQ Platform exited with code 143
2025-01-29 17:06:54,102 INFO c.h.h.t.HelmChartContainer - [test-hivemq-platform] [hivemq] [0f0a2430] INFO  - [HiveMQ Platform Operator Init App 1.7.0-SNAPSHOT] Stopping the REST API
2025-01-29 17:06:54,108 INFO c.h.h.t.HelmChartContainer - [test-hivemq-platform] [hivemq] [0f0a2430] INFO  - [HiveMQ Platform Operator Init App 1.7.0-SNAPSHOT] Shutdown complete
2025-01-29 17:06:54,200 INFO c.h.h.t.HelmChartContainer - [POD] test-hivemq-platform-0 [3caacca1-b7e1-4241-a154-ebb224094608] in helmcustomsecretconfigit was MODIFIED
2025-01-29 17:06:54,278 INFO c.h.h.t.HelmChartContainer - [K3S] [reconciler_common.go:162] "operationExecutor.UnmountVolume started for volume \"operator-init\" (UniqueName: \"kubernetes.io/empty-dir/3caacca1-b7e1-4241-a154-ebb224094608-operator-init\") pod \"3caacca1-b7e1-4241-a154-ebb224094608\" (UID: \"3caacca1-b7e1-4241-a154-ebb224094608\") "
2025-01-29 17:06:54,279 INFO c.h.h.t.HelmChartContainer - [K3S] [reconciler_common.go:162] "operationExecutor.UnmountVolume started for volume \"broker-configuration\" (UniqueName: \"kubernetes.io/secret/3caacca1-b7e1-4241-a154-ebb224094608-broker-configuration\") pod \"3caacca1-b7e1-4241-a154-ebb224094608\" (UID: \"3caacca1-b7e1-4241-a154-ebb224094608\") "
2025-01-29 17:06:54,279 INFO c.h.h.t.HelmChartContainer - [K3S] [reconciler_common.go:162] "operationExecutor.UnmountVolume started for volume \"pod-info\" (UniqueName: \"kubernetes.io/configmap/3caacca1-b7e1-4241-a154-ebb224094608-pod-info\") pod \"3caacca1-b7e1-4241-a154-ebb224094608\" (UID: \"3caacca1-b7e1-4241-a154-ebb224094608\") "
2025-01-29 17:06:54,279 INFO c.h.h.t.HelmChartContainer - [K3S] [reconciler_common.go:162] "operationExecutor.UnmountVolume started for volume \"kube-api-access-6kdqz\" (UniqueName: \"kubernetes.io/projected/3caacca1-b7e1-4241-a154-ebb224094608-kube-api-access-6kdqz\") pod \"3caacca1-b7e1-4241-a154-ebb224094608\" (UID: \"3caacca1-b7e1-4241-a154-ebb224094608\") "
2025-01-29 17:06:54,378 INFO c.h.h.t.HelmChartContainer - [K3S] [reconciler_common.go:299] "Volume detached for volume \"operator-init\" (UniqueName: \"kubernetes.io/empty-dir/3caacca1-b7e1-4241-a154-ebb224094608-operator-init\") on node \"660565193bdc\" DevicePath \"\""
2025-01-29 17:06:54,378 INFO c.h.h.t.HelmChartContainer - [K3S] [reconciler_common.go:299] "Volume detached for volume \"broker-configuration\" (UniqueName: \"kubernetes.io/secret/3caacca1-b7e1-4241-a154-ebb224094608-broker-configuration\") on node \"660565193bdc\" DevicePath \"\""
2025-01-29 17:06:54,378 INFO c.h.h.t.HelmChartContainer - [K3S] [reconciler_common.go:299] "Volume detached for volume \"pod-info\" (UniqueName: \"kubernetes.io/configmap/3caacca1-b7e1-4241-a154-ebb224094608-pod-info\") on node \"660565193bdc\" DevicePath \"\""
2025-01-29 17:06:54,378 INFO c.h.h.t.HelmChartContainer - [K3S] [reconciler_common.go:299] "Volume detached for volume \"kube-api-access-6kdqz\" (UniqueName: \"kubernetes.io/projected/3caacca1-b7e1-4241-a154-ebb224094608-kube-api-access-6kdqz\") on node \"660565193bdc\" DevicePath \"\""
2025-01-29 17:06:54,590 INFO c.h.h.t.HelmChartContainer - [POD] test-hivemq-platform-1 [0f0a2430-6727-4c39-bdeb-9423f393f6e4] in helmcustomsecretconfigit was MODIFIED
2025-01-29 17:06:54,679 INFO c.h.h.t.HelmChartContainer - [K3S] [reconciler_common.go:162] "operationExecutor.UnmountVolume started for volume \"pod-info\" (UniqueName: \"kubernetes.io/configmap/0f0a2430-6727-4c39-bdeb-9423f393f6e4-pod-info\") pod \"0f0a2430-6727-4c39-bdeb-9423f393f6e4\" (UID: \"0f0a2430-6727-4c39-bdeb-9423f393f6e4\") "
2025-01-29 17:06:54,680 INFO c.h.h.t.HelmChartContainer - [K3S] [reconciler_common.go:162] "operationExecutor.UnmountVolume started for volume \"broker-configuration\" (UniqueName: \"kubernetes.io/secret/0f0a2430-6727-4c39-bdeb-9423f393f6e4-broker-configuration\") pod \"0f0a2430-6727-4c39-bdeb-9423f393f6e4\" (UID: \"0f0a2430-6727-4c39-bdeb-9423f393f6e4\") "
2025-01-29 17:06:54,681 INFO c.h.h.t.HelmChartContainer - [K3S] [reconciler_common.go:162] "operationExecutor.UnmountVolume started for volume \"kube-api-access-vknpv\" (UniqueName: \"kubernetes.io/projected/0f0a2430-6727-4c39-bdeb-9423f393f6e4-kube-api-access-vknpv\") pod \"0f0a2430-6727-4c39-bdeb-9423f393f6e4\" (UID: \"0f0a2430-6727-4c39-bdeb-9423f393f6e4\") "
2025-01-29 17:06:54,681 INFO c.h.h.t.HelmChartContainer - [K3S] [reconciler_common.go:162] "operationExecutor.UnmountVolume started for volume \"operator-init\" (UniqueName: \"kubernetes.io/empty-dir/0f0a2430-6727-4c39-bdeb-9423f393f6e4-operator-init\") pod \"0f0a2430-6727-4c39-bdeb-9423f393f6e4\" (UID: \"0f0a2430-6727-4c39-bdeb-9423f393f6e4\") "
2025-01-29 17:06:54,781 INFO c.h.h.t.HelmChartContainer - [K3S] [reconciler_common.go:299] "Volume detached for volume \"pod-info\" (UniqueName: \"kubernetes.io/configmap/0f0a2430-6727-4c39-bdeb-9423f393f6e4-pod-info\") on node \"660565193bdc\" DevicePath \"\""
2025-01-29 17:06:54,781 INFO c.h.h.t.HelmChartContainer - [K3S] [reconciler_common.go:299] "Volume detached for volume \"broker-configuration\" (UniqueName: \"kubernetes.io/secret/0f0a2430-6727-4c39-bdeb-9423f393f6e4-broker-configuration\") on node \"660565193bdc\" DevicePath \"\""
2025-01-29 17:06:54,781 INFO c.h.h.t.HelmChartContainer - [K3S] [reconciler_common.go:299] "Volume detached for volume \"kube-api-access-vknpv\" (UniqueName: \"kubernetes.io/projected/0f0a2430-6727-4c39-bdeb-9423f393f6e4-kube-api-access-vknpv\") on node \"660565193bdc\" DevicePath \"\""
2025-01-29 17:06:54,781 INFO c.h.h.t.HelmChartContainer - [K3S] [reconciler_common.go:299] "Volume detached for volume \"operator-init\" (UniqueName: \"kubernetes.io/empty-dir/0f0a2430-6727-4c39-bdeb-9423f393f6e4-operator-init\") on node \"660565193bdc\" DevicePath \"\""
2025-01-29 17:06:54,856 INFO c.h.h.t.HelmChartContainer - [K3S] [scope.go:117] "RemoveContainer" containerID="368b125d4e7b4e6e49c395c9645d016a241ae8af8d2b8d0c31a249b2084842ab"
2025-01-29 17:06:54,884 INFO c.h.h.t.HelmChartContainer - [POD] test-hivemq-platform-1 [0f0a2430-6727-4c39-bdeb-9423f393f6e4] in helmcustomsecretconfigit was MODIFIED
2025-01-29 17:06:54,887 INFO c.h.h.t.HelmChartContainer - [POD] test-hivemq-platform-1 [0f0a2430-6727-4c39-bdeb-9423f393f6e4] in helmcustomsecretconfigit was DELETED
2025-01-29 17:06:54,898 INFO c.h.h.t.HelmChartContainer - [POD] test-hivemq-platform-0 [3caacca1-b7e1-4241-a154-ebb224094608] in helmcustomsecretconfigit was MODIFIED
2025-01-29 17:06:54,900 INFO c.h.h.t.HelmChartContainer - [POD] test-hivemq-platform-0 [3caacca1-b7e1-4241-a154-ebb224094608] in helmcustomsecretconfigit was DELETED
2025-01-29 17:06:54,977 INFO c.h.h.t.HelmChartContainer - [K3S] [scope.go:117] "RemoveContainer" containerID="9f8f1a66dfd1d298a49a5b8188ec7e59dce9f733448ecddb11d29de760ba1af2"
2025-01-29 17:06:54,981 INFO c.h.h.t.HelmChartContainer - [K3S] [scope.go:117] "RemoveContainer" containerID="368b125d4e7b4e6e49c395c9645d016a241ae8af8d2b8d0c31a249b2084842ab"
2025-01-29 17:06:54,982 INFO c.h.h.t.HelmChartContainer - [K3S] [scope.go:117] "RemoveContainer" containerID="9f8f1a66dfd1d298a49a5b8188ec7e59dce9f733448ecddb11d29de760ba1af2"
2025-01-29 17:06:54,983 INFO c.h.h.t.HelmChartContainer - [K3S] [scope.go:117] "RemoveContainer" containerID="b1e42f7d4d740bc9bb2f969811500a42e6b8ffba8000654404e1295f309d0a3b"
2025-01-29 17:06:55,071 INFO c.h.h.t.HelmChartContainer - [K3S] [scope.go:117] "RemoveContainer" containerID="0cf142bf8500fd80244f6553512b04e51abe70cf75c3596dae44355d12af706f"
2025-01-29 17:06:55,074 INFO c.h.h.t.HelmChartContainer - [K3S] [scope.go:117] "RemoveContainer" containerID="b1e42f7d4d740bc9bb2f969811500a42e6b8ffba8000654404e1295f309d0a3b"
2025-01-29 17:06:55,075 INFO c.h.h.t.HelmChartContainer - [K3S] [scope.go:117] "RemoveContainer" containerID="0cf142bf8500fd80244f6553512b04e51abe70cf75c3596dae44355d12af706f"
2025-01-29 17:06:56,187 INFO c.h.h.t.HelmChartContainer - [K3S] [kubelet_volumes.go:163] "Cleaned up orphaned pod volumes dir" podUID="0f0a2430-6727-4c39-bdeb-9423f393f6e4" path="/var/lib/kubelet/pods/0f0a2430-6727-4c39-bdeb-9423f393f6e4/volumes"
2025-01-29 17:06:56,188 INFO c.h.h.t.HelmChartContainer - [K3S] [kubelet_volumes.go:163] "Cleaned up orphaned pod volumes dir" podUID="3caacca1-b7e1-4241-a154-ebb224094608" path="/var/lib/kubelet/pods/3caacca1-b7e1-4241-a154-ebb224094608/volumes"
2025-01-29 17:06:58,886 INFO c.h.h.t.HelmChartContainer - Namespace 'helmcustomsecretconfigit' deleted
2025-01-29 17:06:58,886 INFO c.h.h.t.HelmChartContainer - Release 'test-hivemq-platform' in namespace 'helmcustomsecretconfigit' is uninstalled
2025-01-29 17:06:58,886 INFO c.h.h.t.HelmChartContainer - Uninstalling release 'test-hivemq-platform-operator' in namespace 'helmcustomsecretconfigit-operator'...
2025-01-29 17:06:58,886 DEBUG c.h.h.t.HelmChartContainer - Executing helm command: /bin/helm --kubeconfig /etc/rancher/k3s/k3s.yaml uninstall test-hivemq-platform-operator  --wait --timeout 5m0s --cascade foreground --namespace helmcustomsecretconfigit-operator
2025-01-29 17:06:59,066 INFO c.h.h.t.HelmChartContainer - [K3S] [replica_set.go:679] "Finished syncing" kind="ReplicaSet" key="helmcustomsecretconfigit-operator/hivemq-test-hivemq-platform-operator-6966f96d65" duration="7.686353ms"
2025-01-29 17:06:59,069 INFO c.h.h.t.HelmChartContainer - [K3S] [replica_set.go:679] "Finished syncing" kind="ReplicaSet" key="helmcustomsecretconfigit-operator/hivemq-test-hivemq-platform-operator-6966f96d65" duration="56.064µs"
2025-01-29 17:06:59,093 INFO c.h.h.t.HelmChartContainer - [EVENT] Normal [Killing] Stopping container hivemq-platform-operator [helmcustomsecretconfigit-operator:hivemq-test-hivemq-platform-operator-6966f96d65-l2j2q]
2025-01-29 17:06:59,093 INFO c.h.h.t.HelmChartContainer - Received Killing event for container hivemq-platform-operator in pod hivemq-test-hivemq-platform-operator-6966f96d65-l2j2q [a817bb39-7e93-4952-8e02-3003c254d5fa]
2025-01-29 17:06:59,093 INFO c.h.h.t.HelmChartContainer - Container [hivemq-test-hivemq-platform-operator-6966f96d65-l2j2q] [hivemq-platform-operator] [a817bb39-7e93-4952-8e02-3003c254d5fa] was terminated
2025-01-29 17:06:59,093 INFO c.h.h.t.HelmChartContainer - Stopped log watcher for hivemq-platform-operator in pod hivemq-test-hivemq-platform-operator-6966f96d65-l2j2q [a817bb39-7e93-4952-8e02-3003c254d5fa]
2025-01-29 17:06:59,094 INFO c.h.h.t.HelmChartContainer - [POD] hivemq-test-hivemq-platform-operator-6966f96d65-l2j2q [a817bb39-7e93-4952-8e02-3003c254d5fa] in helmcustomsecretconfigit-operator was MODIFIED
2025-01-29 17:06:59,100 INFO c.h.h.t.HelmChartContainer - [hivemq-test-hivemq-platform] [hivemq-platform-operator] [a817bb39] 17:06:59.099 [application-shutdown-thread] INFO  c.h.p.o.HiveMQPlatformOperatorApplication - HiveMQ Platform Operator is stopping...
2025-01-29 17:06:59,100 INFO c.h.h.t.HelmChartContainer - [hivemq-test-hivemq-platform] [hivemq-platform-operator] [a817bb39] 17:06:59.099 [application-shutdown-thread] INFO  i.javaoperatorsdk.operator.Operator - Operator SDK 4.9.7 is shutting down...
2025-01-29 17:06:59,102 INFO c.h.h.t.HelmChartContainer - [K3S] [replica_set.go:679] "Finished syncing" kind="ReplicaSet" key="helmcustomsecretconfigit-operator/hivemq-test-hivemq-platform-operator-6966f96d65" duration="15.665116ms"
2025-01-29 17:06:59,103 INFO c.h.h.t.HelmChartContainer - [K3S] [replica_set.go:679] "Finished syncing" kind="ReplicaSet" key="helmcustomsecretconfigit-operator/hivemq-test-hivemq-platform-operator-6966f96d65" duration="41.306µs"
2025-01-29 17:06:59,706 INFO c.h.h.t.HelmChartContainer - [K3S] [replica_set.go:679] "Finished syncing" kind="ReplicaSet" key="helmcustomsecretconfigit-operator/hivemq-test-hivemq-platform-operator-6966f96d65" duration="45.405µs"
2025-01-29 17:06:59,707 INFO c.h.h.t.HelmChartContainer - [POD] hivemq-test-hivemq-platform-operator-6966f96d65-l2j2q [a817bb39-7e93-4952-8e02-3003c254d5fa] in helmcustomsecretconfigit-operator was MODIFIED
2025-01-29 17:06:59,806 INFO c.h.h.t.HelmChartContainer - [K3S] [reconciler_common.go:162] "operationExecutor.UnmountVolume started for volume \"kube-api-access-lwqrt\" (UniqueName: \"kubernetes.io/projected/a817bb39-7e93-4952-8e02-3003c254d5fa-kube-api-access-lwqrt\") pod \"a817bb39-7e93-4952-8e02-3003c254d5fa\" (UID: \"a817bb39-7e93-4952-8e02-3003c254d5fa\") "
2025-01-29 17:06:59,867 INFO c.h.h.t.HelmChartContainer - [K3S] [scope.go:117] "RemoveContainer" containerID="a8414478fcd46bd4cceef3fb45b6a22197df21406bb125ab60eaf686c3ff127d"
2025-01-29 17:06:59,871 INFO c.h.h.t.HelmChartContainer - [K3S] [scope.go:117] "RemoveContainer" containerID="a8414478fcd46bd4cceef3fb45b6a22197df21406bb125ab60eaf686c3ff127d"
2025-01-29 17:06:59,880 INFO c.h.h.t.HelmChartContainer - [K3S] [replica_set.go:679] "Finished syncing" kind="ReplicaSet" key="helmcustomsecretconfigit-operator/hivemq-test-hivemq-platform-operator-6966f96d65" duration="44.252µs"
2025-01-29 17:06:59,881 INFO c.h.h.t.HelmChartContainer - [POD] hivemq-test-hivemq-platform-operator-6966f96d65-l2j2q [a817bb39-7e93-4952-8e02-3003c254d5fa] in helmcustomsecretconfigit-operator was MODIFIED
2025-01-29 17:06:59,882 INFO c.h.h.t.HelmChartContainer - [K3S] [replica_set.go:679] "Finished syncing" kind="ReplicaSet" key="helmcustomsecretconfigit-operator/hivemq-test-hivemq-platform-operator-6966f96d65" duration="38.381µs"
2025-01-29 17:06:59,883 INFO c.h.h.t.HelmChartContainer - [POD] hivemq-test-hivemq-platform-operator-6966f96d65-l2j2q [a817bb39-7e93-4952-8e02-3003c254d5fa] in helmcustomsecretconfigit-operator was DELETED
2025-01-29 17:06:59,893 INFO c.h.h.t.HelmChartContainer - [K3S] [replica_set.go:679] "Finished syncing" kind="ReplicaSet" key="helmcustomsecretconfigit-operator/hivemq-test-hivemq-platform-operator-6966f96d65" duration="6.201µs"
2025-01-29 17:06:59,906 INFO c.h.h.t.HelmChartContainer - [K3S] [reconciler_common.go:299] "Volume detached for volume \"kube-api-access-lwqrt\" (UniqueName: \"kubernetes.io/projected/a817bb39-7e93-4952-8e02-3003c254d5fa-kube-api-access-lwqrt\") on node \"660565193bdc\" DevicePath \"\""
2025-01-29 17:07:00,187 INFO c.h.h.t.HelmChartContainer - [K3S] [kubelet_volumes.go:163] "Cleaned up orphaned pod volumes dir" podUID="a817bb39-7e93-4952-8e02-3003c254d5fa" path="/var/lib/kubelet/pods/a817bb39-7e93-4952-8e02-3003c254d5fa/volumes"
2025-01-29 17:07:01,105 INFO c.h.h.t.HelmChartContainer - Deleting namespace 'helmcustomsecretconfigit-operator'...
2025-01-29 17:07:03,878 INFO c.h.h.t.HelmChartContainer - [K3S] [namespace_controller.go:187] "Namespace has been deleted" namespace="helmcustomsecretconfigit"
2025-01-29 17:07:06,325 INFO c.h.h.t.HelmChartContainer - Namespace 'helmcustomsecretconfigit-operator' deleted
2025-01-29 17:07:06,325 INFO c.h.h.t.HelmChartContainer - Release 'test-hivemq-platform-operator' in namespace 'helmcustomsecretconfigit-operator' is uninstalled
2025-01-29 17:07:07,153 INFO c.h.helmcharts.AbstractHelmChartIT - Removed unused containers:

2025-01-29 17:07:11,283 INFO c.h.h.t.HelmChartContainer - [K3S] [namespace_controller.go:187] "Namespace has been deleted" namespace="helmcustomsecretconfigit-operator"
2025-01-29 17:07:15,260 INFO c.h.helmcharts.AbstractHelmChartIT - Removed unused snapshots:
Removing snapshot sha256:03af251906410714c5aef9fa705b63f6bbc39c4a5e787de7361eeb18886c2ed2
Removing snapshot sha256:0c46b3b43cce082ce5ec34ffc6c294e0417d17b9d1e6f366d114b6aadc4f96dc
Removing snapshot sha256:0ce761beee59082d6ed5bcebd3a805b8ddd9b3426b617e4809e7fb7c6587ffec
Removing snapshot sha256:0df91287303208332c8ff6ba40ae4710105201739addbfbddfb955f1ad593664
Removing snapshot sha256:1021ef88c7974bfff89c5a0ec4fd3160daac6c48a075f74cff721f85dd104e68
Removing snapshot sha256:10aba4953ddc18145dd38e3704709bc464aa20af60b56fe52caaff4b68411e62
Removing snapshot sha256:2573e0d8158209ed54ab25c87bcdcb00bd3d2539246960a3d592a1c599d70465
Removing snapshot sha256:2a2ffcaae06bb04eaa1f88fedbaadeba8c176af55f9277b73dca521ccb98fc8c
Removing snapshot sha256:362a8a37f8bbc31925a8146adcf7cf51f9882f5c1dcbef67c5baa03a297543c0
Removing snapshot sha256:3fa4ad33f0ddc8fd45b39b6b4640f82a3a83619606cd975bfe89d8710ad2d4cd
Removing snapshot sha256:43a7c979bbaba6838bc3102d6b10a1459f3ab050b87ccdfef84ef90cf43d3058
Removing snapshot sha256:4ab04491cdf0d3267f08206fe30bd48f49f94b9cab2f016d6739220f722a64af
Removing snapshot sha256:4b6068250e89c96f263060261819c7d912855bfbd64b3eb4c4a8483299b8c295
Removing snapshot sha256:5418b526da622772b1fd8b7d016c5b2d7e5d29e9d842dfdabf2b6b2410da9de3
Removing snapshot sha256:580e69a0a8034ede1921139bbd2bfb72a69ebf276d008281896c32dd8bf74775
Removing snapshot sha256:5d30ba46b27fe37484567ccc5242cadc78217b8da605f3f195ef25cbf7487904
Removing snapshot sha256:63ca1fbb43ae5034640e5e6cb3e083e05c290072c5366fcaa9d62435a4cced85
Removing snapshot sha256:67f702c6baae873bceb19487c8b1f27bd2b86077e4f2f0e480e6d60ab508b8f5
Removing snapshot sha256:6864348dd42806d552efdec384f1274be15e2d0c10ce44c1f04347af004c10a9
Removing snapshot sha256:6c7dee8f2c39b84b7dc2711c01d33de93514d9055499173e9290176fbe484b6c
Removing snapshot sha256:82753493a6d61ded36556292f02f31841a14c20d2f279f19eaad65afb661d5cd
Removing snapshot sha256:8a10d3db42c505ee0fcfa98417bdd7e39b304f6bcc0a06bb1b220797ff2cc63c
Removing snapshot sha256:a21e5b12dbac529ad45d976eb9ce45c881f3bedcc500fb30aba1e52aa1813418
Removing snapshot sha256:b921e6c28969094157f9b8e7244677780319637afd14450b7cb6b2fdea558a0c
Removing snapshot sha256:bc27ecb5769a00e309cf99ebc763c4a4b958b618d1decc96ffac5bc05f02f5b7
Removing snapshot sha256:be3ccb6627a5332e309d45ef461d09b4879dd870c7394d89323d0ebc6ca6aa8a
Removing snapshot sha256:c261f7cbbc64211ee175ee47273acdb7b1a36a4450b397a064a8f2c026490095
Removing snapshot sha256:c34d9393647eea0c9e3557ab988efaf59f61d10a2a5613b439ef0958cca5ec10
Removing snapshot sha256:ccf3c4a0fa967a41c1c83497a2ce6fa5787965859df0adb32c4ca2cf7490bc2b
Removing snapshot sha256:cf92d33f869417309692088c341cd0f223c178ea78a125f757317b22aa8f90e9
Removing snapshot sha256:d0037344cf2fb078884f1849f6a1f8cf9a33a3b6139b6a85833e5ee528e1f9a8
Removing snapshot sha256:d3b36d5b79273b1e98e7700470eaeff05a882e777124d84cebcc1505b85ecb36
Removing snapshot sha256:d65a44a37914602d12c611e5e22a50f11451d847e63015cc1c2aef92dee777a4
Removing snapshot sha256:e2dc0bae2455930f23ae570e019b7f32edc75c0f2d71cab084db837ff9051796
Removing snapshot sha256:eccbd24a99c60cd9e86ee5305dbfc4a4dc89f5ab4fb1f06c8d64797cecedef34
Removing snapshot sha256:f144bb4c7c7f0d2aa7eeffd36d934ec40db1ee167be727e326aad9fdc616f475

]]></system-out>
  </testcase>
  <testcase name="withSecretConfig_hivemqRunning()" classname="com.hivemq.helmcharts.platform.HelmCustomSecretConfigIT" time="151.157">
    <system-out><![CDATA[2025-01-29 17:07:15,261 INFO c.h.h.t.HelmChartContainer - Creating namespace 'helmcustomsecretconfigit-operator'...
2025-01-29 17:07:15,267 INFO c.h.h.t.HelmChartContainer - Namespace 'helmcustomsecretconfigit-operator' created
2025-01-29 17:07:15,267 INFO c.h.h.t.HelmChartContainer - Creating namespace 'helmcustomsecretconfigit'...
2025-01-29 17:07:15,274 INFO c.h.h.t.HelmChartContainer - Namespace 'helmcustomsecretconfigit' created
2025-01-29 17:07:15,340 DEBUG c.h.h.t.HelmChartContainer - Executing helm command: /bin/helm --kubeconfig /etc/rancher/k3s/k3s.yaml install test-hivemq-platform-operator /charts/hivemq-platform-operator --wait --timeout 5m0s --set image.repository=docker.io/hivemq --set image.name=hivemq-platform-operator-test --set image.initImageName=hivemq-platform-operator-init-test --set image.tag=snapshot --set image.pullPolicy=Never --set logLevel=DEBUG --set resources.cpu=512m --namespace helmcustomsecretconfigit-operator
2025-01-29 17:07:15,662 INFO c.h.h.t.HelmChartContainer - [K3S] [alloc.go:330] "allocated clusterIPs" service="helmcustomsecretconfigit-operator/hivemq-platform-operator-test-hivemq-platform-operator" clusterIPs={"IPv4":"10.43.50.123"}
2025-01-29 17:07:15,683 INFO c.h.h.t.HelmChartContainer - [EVENT] Normal [ScalingReplicaSet] Scaled up replica set hivemq-test-hivemq-platform-operator-6966f96d65 from 0 to 1 [helmcustomsecretconfigit-operator:hivemq-test-hivemq-platform-operator]
2025-01-29 17:07:15,691 INFO c.h.h.t.HelmChartContainer - [POD] hivemq-test-hivemq-platform-operator-6966f96d65-cnq6x [209d5b10-7e0e-4a04-b390-15738226aa3c] in helmcustomsecretconfigit-operator was ADDED
2025-01-29 17:07:15,697 INFO c.h.h.t.HelmChartContainer - [EVENT] Normal [SuccessfulCreate] Created pod: hivemq-test-hivemq-platform-operator-6966f96d65-cnq6x [helmcustomsecretconfigit-operator:hivemq-test-hivemq-platform-operator-6966f96d65]
2025-01-29 17:07:15,698 INFO c.h.h.t.HelmChartContainer - [K3S] [replica_set.go:679] "Finished syncing" kind="ReplicaSet" key="helmcustomsecretconfigit-operator/hivemq-test-hivemq-platform-operator-6966f96d65" duration="22.184474ms"
2025-01-29 17:07:15,701 INFO c.h.h.t.HelmChartContainer - [POD] hivemq-test-hivemq-platform-operator-6966f96d65-cnq6x [209d5b10-7e0e-4a04-b390-15738226aa3c] in helmcustomsecretconfigit-operator was MODIFIED
2025-01-29 17:07:15,702 INFO c.h.h.t.HelmChartContainer - [K3S] [memory_manager.go:355] "RemoveStaleState removing state" podUID="0f0a2430-6727-4c39-bdeb-9423f393f6e4" containerName="hivemq"
2025-01-29 17:07:15,702 INFO c.h.h.t.HelmChartContainer - [K3S] [memory_manager.go:355] "RemoveStaleState removing state" podUID="a817bb39-7e93-4952-8e02-3003c254d5fa" containerName="hivemq-platform-operator"
2025-01-29 17:07:15,703 INFO c.h.h.t.HelmChartContainer - [K3S] [memory_manager.go:355] "RemoveStaleState removing state" podUID="3caacca1-b7e1-4241-a154-ebb224094608" containerName="hivemq"
2025-01-29 17:07:15,711 INFO c.h.h.t.HelmChartContainer - [EVENT] Normal [Scheduled] Successfully assigned helmcustomsecretconfigit-operator/hivemq-test-hivemq-platform-operator-6966f96d65-cnq6x to 660565193bdc [helmcustomsecretconfigit-operator:hivemq-test-hivemq-platform-operator-6966f96d65-cnq6x]
2025-01-29 17:07:15,718 INFO c.h.h.t.HelmChartContainer - [POD] hivemq-test-hivemq-platform-operator-6966f96d65-cnq6x [209d5b10-7e0e-4a04-b390-15738226aa3c] in helmcustomsecretconfigit-operator was MODIFIED
2025-01-29 17:07:15,725 INFO c.h.h.t.HelmChartContainer - [K3S] [replica_set.go:679] "Finished syncing" kind="ReplicaSet" key="helmcustomsecretconfigit-operator/hivemq-test-hivemq-platform-operator-6966f96d65" duration="26.084477ms"
2025-01-29 17:07:15,738 INFO c.h.h.t.HelmChartContainer - [K3S] [replica_set.go:679] "Finished syncing" kind="ReplicaSet" key="helmcustomsecretconfigit-operator/hivemq-test-hivemq-platform-operator-6966f96d65" duration="13.985674ms"
2025-01-29 17:07:15,738 INFO c.h.h.t.HelmChartContainer - [K3S] [replica_set.go:679] "Finished syncing" kind="ReplicaSet" key="helmcustomsecretconfigit-operator/hivemq-test-hivemq-platform-operator-6966f96d65" duration="49.141µs"
2025-01-29 17:07:15,804 INFO c.h.h.t.HelmChartContainer - [K3S] [reconciler_common.go:251] "operationExecutor.VerifyControllerAttachedVolume started for volume \"kube-api-access-b4rwz\" (UniqueName: \"kubernetes.io/projected/209d5b10-7e0e-4a04-b390-15738226aa3c-kube-api-access-b4rwz\") pod \"hivemq-test-hivemq-platform-operator-6966f96d65-cnq6x\" (UID: \"209d5b10-7e0e-4a04-b390-15738226aa3c\") " pod="helmcustomsecretconfigit-operator/hivemq-test-hivemq-platform-operator-6966f96d65-cnq6x"
2025-01-29 17:07:16,105 INFO c.h.h.t.HelmChartContainer - [EVENT] Normal [Pulled] Container image "docker.io/hivemq/hivemq-platform-operator-test:snapshot" already present on machine [helmcustomsecretconfigit-operator:hivemq-test-hivemq-platform-operator-6966f96d65-cnq6x]
2025-01-29 17:07:16,106 INFO c.h.h.t.HelmChartContainer - Received Pulled event for container hivemq-platform-operator in pod hivemq-test-hivemq-platform-operator-6966f96d65-cnq6x [209d5b10-7e0e-4a04-b390-15738226aa3c]
2025-01-29 17:07:17,393 INFO c.h.h.t.HelmChartContainer - [EVENT] Normal [Created] Created container: hivemq-platform-operator [helmcustomsecretconfigit-operator:hivemq-test-hivemq-platform-operator-6966f96d65-cnq6x]
2025-01-29 17:07:17,393 INFO c.h.h.t.HelmChartContainer - Received Created event for container hivemq-platform-operator in pod hivemq-test-hivemq-platform-operator-6966f96d65-cnq6x [209d5b10-7e0e-4a04-b390-15738226aa3c]
2025-01-29 17:07:17,908 INFO c.h.h.t.HelmChartContainer - [K3S] [replica_set.go:679] "Finished syncing" kind="ReplicaSet" key="helmcustomsecretconfigit-operator/hivemq-test-hivemq-platform-operator-6966f96d65" duration="47.298µs"
2025-01-29 17:07:17,909 INFO c.h.h.t.HelmChartContainer - [POD] hivemq-test-hivemq-platform-operator-6966f96d65-cnq6x [209d5b10-7e0e-4a04-b390-15738226aa3c] in helmcustomsecretconfigit-operator was MODIFIED
2025-01-29 17:07:17,919 INFO c.h.h.t.HelmChartContainer - Started log watcher for hivemq-platform-operator in pod hivemq-test-hivemq-platform-operator-6966f96d65-cnq6x [209d5b10-7e0e-4a04-b390-15738226aa3c]
2025-01-29 17:07:17,919 INFO c.h.h.t.HelmChartContainer - [EVENT] Normal [Started] Started container hivemq-platform-operator [helmcustomsecretconfigit-operator:hivemq-test-hivemq-platform-operator-6966f96d65-cnq6x]
2025-01-29 17:07:17,919 INFO c.h.h.t.HelmChartContainer - Received Started event for container hivemq-platform-operator in pod hivemq-test-hivemq-platform-operator-6966f96d65-cnq6x [209d5b10-7e0e-4a04-b390-15738226aa3c]
2025-01-29 17:07:17,920 INFO c.h.h.t.HelmChartContainer - [hivemq-test-hivemq-platform] [hivemq-platform-operator] [209d5b10] -------------------------------------------------------------------------
2025-01-29 17:07:17,921 INFO c.h.h.t.HelmChartContainer - [hivemq-test-hivemq-platform] [hivemq-platform-operator] [209d5b10] 
2025-01-29 17:07:17,921 INFO c.h.h.t.HelmChartContainer - [hivemq-test-hivemq-platform] [hivemq-platform-operator] [209d5b10]                   _    _  _              __  __   ____
2025-01-29 17:07:17,921 INFO c.h.h.t.HelmChartContainer - [hivemq-test-hivemq-platform] [hivemq-platform-operator] [209d5b10]                  | |  | |(_)            |  \/  | / __ \
2025-01-29 17:07:17,921 INFO c.h.h.t.HelmChartContainer - [hivemq-test-hivemq-platform] [hivemq-platform-operator] [209d5b10]                  | |__| | _ __   __ ___ | \  / || |  | |
2025-01-29 17:07:17,921 INFO c.h.h.t.HelmChartContainer - [hivemq-test-hivemq-platform] [hivemq-platform-operator] [209d5b10]                  |  __  || |\ \ / // _ \| |\/| || |  | |
2025-01-29 17:07:17,921 INFO c.h.h.t.HelmChartContainer - [hivemq-test-hivemq-platform] [hivemq-platform-operator] [209d5b10]                  | |  | || | \ V /|  __/| |  | || |__| |
2025-01-29 17:07:17,921 INFO c.h.h.t.HelmChartContainer - [hivemq-test-hivemq-platform] [hivemq-platform-operator] [209d5b10]                  |_|  |_||_|  \_/  \___||_|  |_| \___\_\
2025-01-29 17:07:17,923 INFO c.h.h.t.HelmChartContainer - [hivemq-test-hivemq-platform] [hivemq-platform-operator] [209d5b10] 
2025-01-29 17:07:17,923 INFO c.h.h.t.HelmChartContainer - [hivemq-test-hivemq-platform] [hivemq-platform-operator] [209d5b10] -------------------------------------------------------------------------
2025-01-29 17:07:17,923 INFO c.h.h.t.HelmChartContainer - [hivemq-test-hivemq-platform] [hivemq-platform-operator] [209d5b10] 
2025-01-29 17:07:17,923 INFO c.h.h.t.HelmChartContainer - [hivemq-test-hivemq-platform] [hivemq-platform-operator] [209d5b10]   HiveMQ Platform Operator Start Script v1.0
2025-01-29 17:07:17,923 INFO c.h.h.t.HelmChartContainer - [hivemq-test-hivemq-platform] [hivemq-platform-operator] [209d5b10] 
2025-01-29 17:07:17,923 INFO c.h.h.t.HelmChartContainer - [hivemq-test-hivemq-platform] [hivemq-platform-operator] [209d5b10] -------------------------------------------------------------------------
2025-01-29 17:07:17,923 INFO c.h.h.t.HelmChartContainer - [hivemq-test-hivemq-platform] [hivemq-platform-operator] [209d5b10] 
2025-01-29 17:07:17,923 INFO c.h.h.t.HelmChartContainer - [hivemq-test-hivemq-platform] [hivemq-platform-operator] [209d5b10]   JAVA_OPTS: -XX:+UnlockExperimentalVMOptions -XX:InitialRAMPercentage=75 -XX:MaxRAMPercentage=75 -Duser.language=en -Duser.region=US
2025-01-29 17:07:17,923 INFO c.h.h.t.HelmChartContainer - [hivemq-test-hivemq-platform] [hivemq-platform-operator] [209d5b10] 
2025-01-29 17:07:17,923 INFO c.h.h.t.HelmChartContainer - [hivemq-test-hivemq-platform] [hivemq-platform-operator] [209d5b10]   JAVA_VERSION: 21
2025-01-29 17:07:17,923 INFO c.h.h.t.HelmChartContainer - [hivemq-test-hivemq-platform] [hivemq-platform-operator] [209d5b10] 
2025-01-29 17:07:17,923 INFO c.h.h.t.HelmChartContainer - [hivemq-test-hivemq-platform] [hivemq-platform-operator] [209d5b10] -------------------------------------------------------------------------
2025-01-29 17:07:17,923 INFO c.h.h.t.HelmChartContainer - [hivemq-test-hivemq-platform] [hivemq-platform-operator] [209d5b10] 
2025-01-29 17:07:20,791 INFO c.h.h.t.HelmChartContainer - [hivemq-test-hivemq-platform] [hivemq-platform-operator] [209d5b10] 17:07:20.789 [main] DEBUG org.jboss.logging - Logging Provider: org.jboss.logging.Slf4jLoggerProvider
2025-01-29 17:07:20,977 INFO c.h.h.t.HelmChartContainer - [hivemq-test-hivemq-platform] [hivemq-platform-operator] [209d5b10] 17:07:20.975 [main] DEBUG io.smallrye.config - SRCFG01006: Loaded ConfigSource SysPropConfigSource with ordinal 400
2025-01-29 17:07:20,977 INFO c.h.h.t.HelmChartContainer - [hivemq-test-hivemq-platform] [hivemq-platform-operator] [209d5b10] 17:07:20.976 [main] DEBUG io.smallrye.config - SRCFG01006: Loaded ConfigSource EnvConfigSource with ordinal 300
2025-01-29 17:07:20,977 INFO c.h.h.t.HelmChartContainer - [hivemq-test-hivemq-platform] [hivemq-platform-operator] [209d5b10] 17:07:20.976 [main] DEBUG io.smallrye.config - SRCFG01006: Loaded ConfigSource PropertiesConfigSource[source=jar:file:///opt/hivemq-platform-operator/bin/hivemq-platform-operator.jar!/hivemq-platform-operator.properties] with ordinal 100
2025-01-29 17:07:20,978 INFO c.h.h.t.HelmChartContainer - [hivemq-test-hivemq-platform] [hivemq-platform-operator] [209d5b10] 17:07:20.976 [main] DEBUG io.smallrye.config - SRCFG01006: Loaded ConfigSource DefaultValuesConfigSource with ordinal -2147483648
2025-01-29 17:07:21,080 INFO c.h.h.t.HelmChartContainer - [hivemq-test-hivemq-platform] [hivemq-platform-operator] [209d5b10] 17:07:21.079 [main] DEBUG i.m.c.u.i.l.InternalLoggerFactory - Using SLF4J as the default logging framework
2025-01-29 17:07:21,192 INFO c.h.h.t.HelmChartContainer - [hivemq-test-hivemq-platform] [hivemq-platform-operator] [209d5b10] 17:07:21.182 [main] INFO  c.h.p.o.HiveMQPlatformOperatorApplication - HiveMQ Platform Operator 1.7.0-SNAPSHOT (commit: 8465ebf on branch: HEAD) built on Wed Jan 29 16:56:31 UTC 2025
2025-01-29 17:07:21,193 INFO c.h.h.t.HelmChartContainer - [hivemq-test-hivemq-platform] [hivemq-platform-operator] [209d5b10] 17:07:21.191 [main] INFO  c.h.p.o.HiveMQPlatformOperatorApplication - HiveMQ Platform Operator is running in namespace: helmcustomsecretconfigit-operator
2025-01-29 17:07:21,193 INFO c.h.h.t.HelmChartContainer - [hivemq-test-hivemq-platform] [hivemq-platform-operator] [209d5b10] 17:07:21.191 [main] INFO  c.h.p.o.HiveMQPlatformOperatorApplication - Watching all namespaces
2025-01-29 17:07:21,193 INFO c.h.h.t.HelmChartContainer - [hivemq-test-hivemq-platform] [hivemq-platform-operator] [209d5b10] 17:07:21.191 [main] INFO  c.h.p.o.HiveMQPlatformOperatorApplication - Log level: DEBUG
2025-01-29 17:07:21,193 INFO c.h.h.t.HelmChartContainer - [hivemq-test-hivemq-platform] [hivemq-platform-operator] [209d5b10] 17:07:21.191 [main] INFO  c.h.p.o.HiveMQPlatformOperatorApplication - Release name: test-hivemq-platform-operator
2025-01-29 17:07:21,193 INFO c.h.h.t.HelmChartContainer - [hivemq-test-hivemq-platform] [hivemq-platform-operator] [209d5b10] 17:07:21.191 [main] INFO  c.h.p.o.HiveMQPlatformOperatorApplication - HiveMQ Platform Operator Init image: docker.io/hivemq/hivemq-platform-operator-init-test:snapshot
2025-01-29 17:07:21,194 INFO c.h.h.t.HelmChartContainer - [hivemq-test-hivemq-platform] [hivemq-platform-operator] [209d5b10] 17:07:21.191 [main] INFO  c.h.p.o.HiveMQPlatformOperatorApplication - HiveMQ Platform Operator Init App update URL: http://hivemq-platform-operator-test-hivemq-platform-operator.helmcustomsecretconfigit-operator.svc:8080/initAppUpdate/hivemq-platform-operator-init-app-1.7.0-SNAPSHOT.jar
2025-01-29 17:07:21,194 INFO c.h.h.t.HelmChartContainer - [hivemq-test-hivemq-platform] [hivemq-platform-operator] [209d5b10] 17:07:21.191 [main] INFO  c.h.p.o.HiveMQPlatformOperatorApplication - Additional imagePullSecret for all Platform deployments: none
2025-01-29 17:07:21,194 INFO c.h.h.t.HelmChartContainer - [hivemq-test-hivemq-platform] [hivemq-platform-operator] [209d5b10] 17:07:21.192 [main] INFO  c.h.p.o.HiveMQPlatformOperatorApplication - Apply HiveMQ Platform CRD: true
2025-01-29 17:07:21,194 INFO c.h.h.t.HelmChartContainer - [hivemq-test-hivemq-platform] [hivemq-platform-operator] [209d5b10] 17:07:21.192 [main] INFO  c.h.p.o.HiveMQPlatformOperatorApplication - Create Platform ServiceAccount: true
2025-01-29 17:07:21,194 INFO c.h.h.t.HelmChartContainer - [hivemq-test-hivemq-platform] [hivemq-platform-operator] [209d5b10] 17:07:21.192 [main] INFO  c.h.p.o.HiveMQPlatformOperatorApplication - Create Platform ServiceAccount permissions: true
2025-01-29 17:07:21,194 INFO c.h.h.t.HelmChartContainer - [hivemq-test-hivemq-platform] [hivemq-platform-operator] [209d5b10] 17:07:21.192 [main] INFO  c.h.p.o.HiveMQPlatformOperatorApplication - Validate Platform ServiceAccount: true
2025-01-29 17:07:21,194 INFO c.h.h.t.HelmChartContainer - [hivemq-test-hivemq-platform] [hivemq-platform-operator] [209d5b10] 17:07:21.192 [main] INFO  c.h.p.o.HiveMQPlatformOperatorApplication - Validate Platform ServiceAccount permissions: true
2025-01-29 17:07:21,393 INFO c.h.h.t.HelmChartContainer - [hivemq-test-hivemq-platform] [hivemq-platform-operator] [209d5b10] 17:07:21.391 [main] INFO  c.h.platform.operator.util.CRDUtil - Verifying deployed HiveMQ Platform CRD...
2025-01-29 17:07:23,978 INFO c.h.h.t.HelmChartContainer - [hivemq-test-hivemq-platform] [hivemq-platform-operator] [209d5b10] 17:07:23.976 [main] DEBUG c.h.platform.operator.util.CRDUtil - HiveMQ Platform CRD version v1 is up to date
2025-01-29 17:07:23,979 INFO c.h.h.t.HelmChartContainer - [hivemq-test-hivemq-platform] [hivemq-platform-operator] [209d5b10] 17:07:23.976 [main] INFO  c.h.platform.operator.util.CRDUtil - HiveMQ Platform CRD is up to date (version: V1_6_0)
2025-01-29 17:07:23,980 INFO c.h.h.t.HelmChartContainer - [hivemq-test-hivemq-platform] [hivemq-platform-operator] [209d5b10] 17:07:23.976 [main] INFO  c.h.platform.operator.util.CRDUtil - Waiting 10000 ms for HiveMQ Platform CRD 'hivemq-platforms.hivemq.com' to become ready...
2025-01-29 17:07:24,292 INFO c.h.h.t.HelmChartContainer - [hivemq-test-hivemq-platform] [hivemq-platform-operator] [209d5b10] 17:07:24.291 [vert.x-eventloop-thread-1] DEBUG c.h.platform.operator.util.CRDUtil - Checking CRD condition 'NamesAccepted' (status: 'True')
2025-01-29 17:07:24,378 INFO c.h.h.t.HelmChartContainer - [hivemq-test-hivemq-platform] [hivemq-platform-operator] [209d5b10] 17:07:24.373 [vert.x-eventloop-thread-1] DEBUG c.h.platform.operator.util.CRDUtil - Checking CRD condition 'Established' (status: 'True')
2025-01-29 17:07:24,378 INFO c.h.h.t.HelmChartContainer - [hivemq-test-hivemq-platform] [hivemq-platform-operator] [209d5b10] 17:07:24.373 [main] INFO  c.h.platform.operator.util.CRDUtil - HiveMQ Platform CRD 'hivemq-platforms.hivemq.com' is ready
2025-01-29 17:07:24,578 INFO c.h.h.t.HelmChartContainer - [hivemq-test-hivemq-platform] [hivemq-platform-operator] [209d5b10] 17:07:24.577 [main] INFO  c.h.p.o.HiveMQPlatformReconciler - HiveMQ Platform Operator is starting...
2025-01-29 17:07:24,679 INFO c.h.h.t.HelmChartContainer - [hivemq-test-hivemq-platform] [hivemq-platform-operator] [209d5b10] 17:07:24.678 [main] WARN  Default ConfigurationService implementation - Configuration for reconciler 'hivemq-controller' was not found. Known reconcilers: None.
2025-01-29 17:07:24,687 INFO c.h.h.t.HelmChartContainer - [hivemq-test-hivemq-platform] [hivemq-platform-operator] [209d5b10] 17:07:24.686 [main] INFO  Default ConfigurationService implementation - Created configuration for reconciler com.hivemq.platform.operator.HiveMQPlatformReconciler with name hivemq-controller
2025-01-29 17:07:24,789 INFO c.h.h.t.HelmChartContainer - [hivemq-test-hivemq-platform] [hivemq-platform-operator] [209d5b10] 17:07:24.788 [main] DEBUG c.h.p.o.HiveMQPlatformReconciler - HiveMQ Platform Operator is preparing EventSources
2025-01-29 17:07:24,880 INFO c.h.h.t.HelmChartContainer - [hivemq-test-hivemq-platform] [hivemq-platform-operator] [209d5b10] 17:07:24.879 [main] INFO  i.javaoperatorsdk.operator.Operator - Registered reconciler: 'hivemq-controller' for resource: 'class com.hivemq.platform.operator.v1.HiveMQPlatform' for namespace(s): [all namespaces]
2025-01-29 17:07:25,577 INFO c.h.h.t.HelmChartContainer - [hivemq-test-hivemq-platform] [hivemq-platform-operator] [209d5b10] 17:07:25.575 [main] INFO  c.h.p.operator.webserver.JettyServer - Starting Jetty server on port 8080
2025-01-29 17:07:25,596 INFO c.h.h.t.HelmChartContainer - [hivemq-test-hivemq-platform] [hivemq-platform-operator] [209d5b10] 17:07:25.595 [main] INFO  i.javaoperatorsdk.operator.Operator - Operator SDK 4.9.7 (commit: 2133d28) built on Wed Nov 20 12:56:20 UTC 2024 starting...
2025-01-29 17:07:25,596 INFO c.h.h.t.HelmChartContainer - [hivemq-test-hivemq-platform] [hivemq-platform-operator] [209d5b10] 17:07:25.595 [main] INFO  i.javaoperatorsdk.operator.Operator - Client version: 6.13.5
2025-01-29 17:07:25,674 INFO c.h.h.t.HelmChartContainer - [hivemq-test-hivemq-platform] [hivemq-platform-operator] [209d5b10] 17:07:25.673 [Controller Starter for: hivemq-controller] INFO  i.j.operator.processing.Controller - Starting 'hivemq-controller' controller for reconciler: com.hivemq.platform.operator.HiveMQPlatformReconciler, resource: com.hivemq.platform.operator.v1.HiveMQPlatform
2025-01-29 17:07:28,189 INFO c.h.h.t.HelmChartContainer - [hivemq-test-hivemq-platform] [hivemq-platform-operator] [209d5b10] 17:07:28.188 [Controller Starter for: hivemq-controller] INFO  i.j.operator.processing.Controller - 'hivemq-controller' controller started
2025-01-29 17:07:28,190 INFO c.h.h.t.HelmChartContainer - [hivemq-test-hivemq-platform] [hivemq-platform-operator] [209d5b10] 17:07:28.189 [main] INFO  c.h.p.o.HiveMQPlatformOperatorApplication - HiveMQ Platform Operator 1.7.0-SNAPSHOT started in 7006 ms
2025-01-29 17:07:28,919 INFO c.h.h.t.HelmChartContainer - [POD] hivemq-test-hivemq-platform-operator-6966f96d65-cnq6x [209d5b10-7e0e-4a04-b390-15738226aa3c] in helmcustomsecretconfigit-operator was MODIFIED
2025-01-29 17:07:28,926 INFO c.h.h.t.HelmChartContainer - [K3S] [replica_set.go:679] "Finished syncing" kind="ReplicaSet" key="helmcustomsecretconfigit-operator/hivemq-test-hivemq-platform-operator-6966f96d65" duration="8.913033ms"
2025-01-29 17:07:28,927 INFO c.h.h.t.HelmChartContainer - [K3S] [replica_set.go:679] "Finished syncing" kind="ReplicaSet" key="helmcustomsecretconfigit-operator/hivemq-test-hivemq-platform-operator-6966f96d65" duration="40.495µs"
2025-01-29 17:07:29,801 DEBUG c.h.h.t.HelmChartContainer - Executing helm command: /bin/helm --kubeconfig /etc/rancher/k3s/k3s.yaml install test-hivemq-platform /charts/hivemq-platform --wait --timeout 5m0s --set image.repository=docker.io/hivemq --set image.tag=4.36.0 --set image.pullPolicy=Never --set nodes.resources.cpu=512m --set config.createAs=Secret --namespace helmcustomsecretconfigit
2025-01-29 17:07:30,079 INFO c.h.h.t.HelmChartContainer - [hivemq-test-hivemq-platform] [hivemq-platform-operator] [209d5b10] 17:07:30.077 [-2082509879-pool-1-thread-5] WARN  i.m.p.PrometheusMeterRegistry - The meter (MeterId{name='operator.sdk.events.received', tags=[tag(action=ADDED),tag(event=ResourceEvent),tag(group=hivemq.com),tag(kind=HiveMQPlatform),tag(name=test-hivemq-platform),tag(namespace=helmcustomsecretconfigit),tag(scope=namespace),tag(version=v1)]}) registration has failed: Prometheus requires that all meters with the same name have the same set of tag keys. There is already an existing meter named 'operator.sdk.events.received' containing tag keys [event, group, kind, name, namespace, scope, version]. The meter you are attempting to register has keys [action, event, group, kind, name, namespace, scope, version]. Note that subsequent logs will be logged at debug level.
2025-01-29 17:07:30,493 INFO c.h.h.t.HelmChartContainer - [hivemq-test-hivemq-platform] [hivemq-platform-operator] [209d5b10] 17:07:30.491 [pool-6-thread-3] DEBUG c.h.p.o.dependants.PodInfoConfigMap - [helmcust] Desired PodInfo ConfigMap (1 extensions) (1 enabled)
2025-01-29 17:07:30,494 INFO c.h.h.t.HelmChartContainer - [hivemq-test-hivemq-platform] [hivemq-platform-operator] [209d5b10] 17:07:30.492 [pool-6-thread-3] DEBUG c.h.p.o.dependants.PodInfoConfigMap - [helmcust] Desired PodInfo ConfigMap (metrics port: 9399) (metrics path: /)
2025-01-29 17:07:30,494 INFO c.h.h.t.HelmChartContainer - [hivemq-test-hivemq-platform] [hivemq-platform-operator] [209d5b10] 17:07:30.492 [pool-6-thread-3] DEBUG c.h.p.o.dependants.PodInfoConfigMap - [helmcust] Desired PodInfo ConfigMap (extension state hash: -1817474005)
2025-01-29 17:07:30,495 INFO c.h.h.t.HelmChartContainer - [hivemq-test-hivemq-platform] [hivemq-platform-operator] [209d5b10] 17:07:30.494 [pool-6-thread-3] DEBUG c.h.p.o.dependants.PodInfoConfigMap - [helmcust] Create PodInfo ConfigMap
2025-01-29 17:07:30,679 INFO c.h.h.t.HelmChartContainer - [hivemq-test-hivemq-platform] [hivemq-platform-operator] [209d5b10] 17:07:30.677 [pool-6-thread-5] DEBUG c.h.p.o.dependants.PodRoleResource - [helmcust] Create Role: Role(apiVersion=rbac.authorization.k8s.io/v1, kind=Role, metadata=ObjectMeta(annotations={meta.helm.sh/release-name=test-hivemq-platform, meta.helm.sh/release-namespace=helmcustomsecretconfigit}, creationTimestamp=null, deletionGracePeriodSeconds=null, deletionTimestamp=null, finalizers=[], generateName=null, generation=null, labels={helm.sh/chart=hivemq-platform-0.2.32, app.kubernetes.io/managed-by=Helm, app.kubernetes.io/name=hivemq-platform, hivemq-platform=test-hivemq-platform, app.kubernetes.io/instance=test-hivemq-platform, app.kubernetes.io/version=4.36.0}, managedFields=[], name=hivemq-platform-role-test-hivemq-platform, namespace=helmcustomsecretconfigit, ownerReferences=[OwnerReference(apiVersion=hivemq.com/v1, blockOwnerDeletion=null, controller=null, kind=HiveMQPlatform, name=test-hivemq-platform, uid=274d00b4-5f40-4d32-b5a3-53645fd4fc57, additionalProperties={})], resourceVersion=null, selfLink=null, uid=null, additionalProperties={}), rules=[PolicyRule(apiGroups=[], nonResourceURLs=[], resourceNames=[], resources=[pods], verbs=[get, patch, update], additionalProperties={})], additionalProperties={})
2025-01-29 17:07:30,786 INFO c.h.h.t.HelmChartContainer - [hivemq-test-hivemq-platform] [hivemq-platform-operator] [209d5b10] 17:07:30.784 [pool-6-thread-7] DEBUG c.h.p.o.d.PodServiceAccountResource - [helmcust] Desired PodServiceAccountResource (serviceAccountName: hivemq-platform-pod-test-hivemq-platform)
2025-01-29 17:07:30,789 INFO c.h.h.t.HelmChartContainer - [hivemq-test-hivemq-platform] [hivemq-platform-operator] [209d5b10] 17:07:30.785 [pool-6-thread-7] DEBUG c.h.p.o.d.PodServiceAccountResource - [helmcust] Create ServiceAccount 'hivemq-platform-pod-test-hivemq-platform'
2025-01-29 17:07:30,976 INFO c.h.h.t.HelmChartContainer - [hivemq-test-hivemq-platform] [hivemq-platform-operator] [209d5b10] 17:07:30.974 [pool-6-thread-10] DEBUG c.h.p.o.d.PodRoleBindingResource - [helmcust] Create RoleBinding: RoleBinding(apiVersion=rbac.authorization.k8s.io/v1, kind=RoleBinding, metadata=ObjectMeta(annotations={meta.helm.sh/release-name=test-hivemq-platform, meta.helm.sh/release-namespace=helmcustomsecretconfigit}, creationTimestamp=null, deletionGracePeriodSeconds=null, deletionTimestamp=null, finalizers=[], generateName=null, generation=null, labels={helm.sh/chart=hivemq-platform-0.2.32, app.kubernetes.io/managed-by=Helm, app.kubernetes.io/name=hivemq-platform, hivemq-platform=test-hivemq-platform, app.kubernetes.io/instance=test-hivemq-platform, app.kubernetes.io/version=4.36.0}, managedFields=[], name=hivemq-platform-role-binding-test-hivemq-platform, namespace=helmcustomsecretconfigit, ownerReferences=[OwnerReference(apiVersion=hivemq.com/v1, blockOwnerDeletion=null, controller=null, kind=HiveMQPlatform, name=test-hivemq-platform, uid=274d00b4-5f40-4d32-b5a3-53645fd4fc57, additionalProperties={})], resourceVersion=null, selfLink=null, uid=null, additionalProperties={}), roleRef=RoleRef(apiGroup=rbac.authorization.k8s.io, kind=Role, name=hivemq-platform-role-test-hivemq-platform, additionalProperties={}), subjects=[Subject(apiGroup=null, kind=ServiceAccount, name=hivemq-platform-pod-test-hivemq-platform, namespace=helmcustomsecretconfigit, additionalProperties={})], additionalProperties={})
2025-01-29 17:07:30,997 INFO c.h.h.t.HelmChartContainer - [hivemq-test-hivemq-platform] [hivemq-platform-operator] [209d5b10] 17:07:30.995 [ReconcilerExecutor-hivemq-controller-55] INFO  c.h.p.o.HiveMQPlatformReconciler - [helmcust] Reconciling HiveMQ Platform 'test-hivemq-platform' in namespace 'helmcustomsecretconfigit'
2025-01-29 17:07:30,997 INFO c.h.h.t.HelmChartContainer - [hivemq-test-hivemq-platform] [hivemq-platform-operator] [209d5b10] 17:07:30.995 [ReconcilerExecutor-hivemq-controller-55] DEBUG c.h.p.o.HiveMQPlatformReconciler - [helmcust] Custom Resource Status CREATED - HiveMQ Platform was created (READY)
2025-01-29 17:07:30,997 INFO c.h.h.t.HelmChartContainer - [hivemq-test-hivemq-platform] [hivemq-platform-operator] [209d5b10] 17:07:30.995 [ReconcilerExecutor-hivemq-controller-55] DEBUG c.h.p.o.HiveMQPlatformReconciler - [helmcust] Custom Resource Spec (replicas: 2) (extensions: 1)
2025-01-29 17:07:31,001 INFO c.h.h.t.HelmChartContainer - [hivemq-test-hivemq-platform] [hivemq-platform-operator] [209d5b10] 17:07:31.000 [ReconcilerExecutor-hivemq-controller-55] INFO  c.h.p.o.h.HiveMQPlatformReconcilerBaseHandler - [helmcust] HiveMQ Platform is starting
2025-01-29 17:07:31,188 INFO c.h.h.t.HelmChartContainer - [hivemq-test-hivemq-platform] [hivemq-platform-operator] [209d5b10] 17:07:31.187 [ReconcilerExecutor-hivemq-controller-55] DEBUG c.h.p.operator.event.EventSender - [helmcust] Creating K8s event hivemq-platform-starting: [Start] HiveMQ Platform is starting
2025-01-29 17:07:31,199 INFO c.h.h.t.HelmChartContainer - [EVENT] Normal [Start] HiveMQ Platform is starting [helmcustomsecretconfigit:test-hivemq-platform]
2025-01-29 17:07:31,203 INFO c.h.h.t.HelmChartContainer - [hivemq-test-hivemq-platform] [hivemq-platform-operator] [209d5b10] 17:07:31.202 [ReconcilerExecutor-hivemq-controller-55] INFO  c.h.p.o.h.AbstractHiveMQReconcilerStateHandler - [helmcust] Update HiveMQ Platform Status (CREATED [READY] -> STARTING [READY]): HiveMQ Platform is starting
2025-01-29 17:07:31,287 DEBUG com.hivemq.helmcharts.util.K8sUtil - Comparing actual state 'STARTING' and waiting for 'RUNNING'
2025-01-29 17:07:39,086 INFO c.h.h.t.HelmChartContainer - [K3S] [range_allocator.go:247] "Successfully synced" key="660565193bdc"
2025-01-29 17:07:41,300 INFO c.h.h.t.HelmChartContainer - [hivemq-test-hivemq-platform] [hivemq-platform-operator] [209d5b10] 17:07:41.297 [pool-6-thread-12] DEBUG c.h.p.o.d.PlatformServiceResource - [helmcust] Desired Platform services (3 services)
2025-01-29 17:07:41,300 INFO c.h.h.t.HelmChartContainer - [hivemq-test-hivemq-platform] [hivemq-platform-operator] [209d5b10] 17:07:41.298 [pool-6-thread-13] DEBUG c.h.p.o.dependants.PodInfoConfigMap - [helmcust] Desired PodInfo ConfigMap (1 extensions) (1 enabled)
2025-01-29 17:07:41,300 INFO c.h.h.t.HelmChartContainer - [hivemq-test-hivemq-platform] [hivemq-platform-operator] [209d5b10] 17:07:41.298 [pool-6-thread-13] DEBUG c.h.p.o.dependants.PodInfoConfigMap - [helmcust] Desired PodInfo ConfigMap (metrics port: 9399) (metrics path: /)
2025-01-29 17:07:41,300 INFO c.h.h.t.HelmChartContainer - [hivemq-test-hivemq-platform] [hivemq-platform-operator] [209d5b10] 17:07:41.298 [pool-6-thread-13] DEBUG c.h.p.o.dependants.PodInfoConfigMap - [helmcust] Desired PodInfo ConfigMap (extension state hash: -1817474005)
2025-01-29 17:07:41,303 INFO c.h.h.t.HelmChartContainer - [hivemq-test-hivemq-platform] [hivemq-platform-operator] [209d5b10] 17:07:41.302 [pool-6-thread-17] DEBUG c.h.p.o.d.PodServiceAccountResource - [helmcust] Desired PodServiceAccountResource (serviceAccountName: hivemq-platform-pod-test-hivemq-platform)
2025-01-29 17:07:41,306 INFO c.h.h.t.HelmChartContainer - [hivemq-test-hivemq-platform] [hivemq-platform-operator] [209d5b10] 17:07:41.305 [pool-6-thread-13] DEBUG c.h.p.o.dependants.PodInfoConfigMap - [helmcust] Update PodInfo ConfigMap
2025-01-29 17:07:41,392 INFO c.h.h.t.HelmChartContainer - [K3S] [alloc.go:330] "allocated clusterIPs" service="helmcustomsecretconfigit/hivemq-test-hivemq-platform-cc-8080" clusterIPs={"IPv4":"10.43.156.226"}
2025-01-29 17:07:41,483 INFO c.h.h.t.HelmChartContainer - [K3S] [alloc.go:330] "allocated clusterIPs" service="helmcustomsecretconfigit/hivemq-test-hivemq-platform-metrics-9399" clusterIPs={"IPv4":"10.43.199.166"}
2025-01-29 17:07:41,495 INFO c.h.h.t.HelmChartContainer - [K3S] [alloc.go:330] "allocated clusterIPs" service="helmcustomsecretconfigit/hivemq-test-hivemq-platform-mqtt-1883" clusterIPs={"IPv4":"10.43.70.62"}
2025-01-29 17:07:41,575 INFO c.h.h.t.HelmChartContainer - [hivemq-test-hivemq-platform] [hivemq-platform-operator] [209d5b10] 17:07:41.573 [pool-6-thread-20] DEBUG c.h.p.o.d.StatefulSetResource - [helmcust] Desired StatefulSet (2 replicas) for status STARTING (READY)
2025-01-29 17:07:41,587 INFO c.h.h.t.HelmChartContainer - [hivemq-test-hivemq-platform] [hivemq-platform-operator] [209d5b10] 17:07:41.586 [pool-6-thread-20] DEBUG c.h.p.o.d.StatefulSetResource - [helmcust] Create StatefulSet
2025-01-29 17:07:41,699 INFO c.h.h.t.HelmChartContainer - [POD] test-hivemq-platform-0 [63804c82-1436-466d-8219-afc99fdd6c46] in helmcustomsecretconfigit was ADDED
2025-01-29 17:07:41,702 INFO c.h.h.t.HelmChartContainer - [POD] test-hivemq-platform-0 [63804c82-1436-466d-8219-afc99fdd6c46] in helmcustomsecretconfigit was MODIFIED
2025-01-29 17:07:41,703 INFO c.h.h.t.HelmChartContainer - [EVENT] Normal [SuccessfulCreate] create Pod test-hivemq-platform-0 in StatefulSet test-hivemq-platform successful [helmcustomsecretconfigit:test-hivemq-platform]
2025-01-29 17:07:41,705 INFO c.h.h.t.HelmChartContainer - [EVENT] Normal [Scheduled] Successfully assigned helmcustomsecretconfigit/test-hivemq-platform-0 to 660565193bdc [helmcustomsecretconfigit:test-hivemq-platform-0]
2025-01-29 17:07:41,715 INFO c.h.h.t.HelmChartContainer - [POD] test-hivemq-platform-0 [63804c82-1436-466d-8219-afc99fdd6c46] in helmcustomsecretconfigit was MODIFIED
2025-01-29 17:07:41,758 INFO c.h.h.t.HelmChartContainer - [K3S] [reconciler_common.go:251] "operationExecutor.VerifyControllerAttachedVolume started for volume \"operator-init\" (UniqueName: \"kubernetes.io/empty-dir/63804c82-1436-466d-8219-afc99fdd6c46-operator-init\") pod \"test-hivemq-platform-0\" (UID: \"63804c82-1436-466d-8219-afc99fdd6c46\") " pod="helmcustomsecretconfigit/test-hivemq-platform-0"
2025-01-29 17:07:41,758 INFO c.h.h.t.HelmChartContainer - [K3S] [reconciler_common.go:251] "operationExecutor.VerifyControllerAttachedVolume started for volume \"kube-api-access-ffb76\" (UniqueName: \"kubernetes.io/projected/63804c82-1436-466d-8219-afc99fdd6c46-kube-api-access-ffb76\") pod \"test-hivemq-platform-0\" (UID: \"63804c82-1436-466d-8219-afc99fdd6c46\") " pod="helmcustomsecretconfigit/test-hivemq-platform-0"
2025-01-29 17:07:41,758 INFO c.h.h.t.HelmChartContainer - [K3S] [reconciler_common.go:251] "operationExecutor.VerifyControllerAttachedVolume started for volume \"broker-configuration\" (UniqueName: \"kubernetes.io/secret/63804c82-1436-466d-8219-afc99fdd6c46-broker-configuration\") pod \"test-hivemq-platform-0\" (UID: \"63804c82-1436-466d-8219-afc99fdd6c46\") " pod="helmcustomsecretconfigit/test-hivemq-platform-0"
2025-01-29 17:07:41,758 INFO c.h.h.t.HelmChartContainer - [K3S] [reconciler_common.go:251] "operationExecutor.VerifyControllerAttachedVolume started for volume \"pod-info\" (UniqueName: \"kubernetes.io/configmap/63804c82-1436-466d-8219-afc99fdd6c46-pod-info\") pod \"test-hivemq-platform-0\" (UID: \"63804c82-1436-466d-8219-afc99fdd6c46\") " pod="helmcustomsecretconfigit/test-hivemq-platform-0"
2025-01-29 17:07:41,776 INFO c.h.h.t.HelmChartContainer - [hivemq-test-hivemq-platform] [hivemq-platform-operator] [209d5b10] 17:07:41.774 [ReconcilerExecutor-hivemq-controller-66] INFO  c.h.p.o.HiveMQPlatformReconciler - [helmcust] Reconciling HiveMQ Platform 'test-hivemq-platform' in namespace 'helmcustomsecretconfigit'
2025-01-29 17:07:41,776 INFO c.h.h.t.HelmChartContainer - [hivemq-test-hivemq-platform] [hivemq-platform-operator] [209d5b10] 17:07:41.774 [ReconcilerExecutor-hivemq-controller-66] DEBUG c.h.p.o.HiveMQPlatformReconciler - [helmcust] Custom Resource Status STARTING - HiveMQ Platform is starting (READY)
2025-01-29 17:07:41,776 INFO c.h.h.t.HelmChartContainer - [hivemq-test-hivemq-platform] [hivemq-platform-operator] [209d5b10] 17:07:41.774 [ReconcilerExecutor-hivemq-controller-66] DEBUG c.h.p.o.HiveMQPlatformReconciler - [helmcust] Custom Resource Spec (replicas: 2) (extensions: 1)
2025-01-29 17:07:41,783 INFO c.h.h.t.HelmChartContainer - [hivemq-test-hivemq-platform] [hivemq-platform-operator] [209d5b10] 17:07:41.782 [ReconcilerExecutor-hivemq-controller-66] DEBUG c.h.p.o.HiveMQPlatformReconciler - [helmcust] StatefulSet Status (revision: null, replicas: 0, available: 0, ready: 0, current: 0, updated: 0)
2025-01-29 17:07:41,783 INFO c.h.h.t.HelmChartContainer - [hivemq-test-hivemq-platform] [hivemq-platform-operator] [209d5b10] 17:07:41.782 [ReconcilerExecutor-hivemq-controller-66] DEBUG c.h.p.o.HiveMQPlatformReconciler - [helmcust] StatefulSet Spec (replicas: 2, init containers: 1, containers: 1, volumes: 3)
2025-01-29 17:07:41,887 INFO c.h.h.t.HelmChartContainer - [hivemq-test-hivemq-platform] [hivemq-platform-operator] [209d5b10] 17:07:41.886 [ReconcilerExecutor-hivemq-controller-66] DEBUG c.h.p.o.h.HiveMQPlatformReconcilerErrorHandler - [helmcust] Pod 'test-hivemq-platform-0' phase Pending
2025-01-29 17:07:41,888 INFO c.h.h.t.HelmChartContainer - [hivemq-test-hivemq-platform] [hivemq-platform-operator] [209d5b10] 17:07:41.887 [ReconcilerExecutor-hivemq-controller-66] DEBUG c.h.p.o.h.HiveMQPlatformReconcilerErrorHandler - [helmcust] Pod 'test-hivemq-platform-0' condition 'PodReadyToStartContainers': False
2025-01-29 17:07:41,888 INFO c.h.h.t.HelmChartContainer - [hivemq-test-hivemq-platform] [hivemq-platform-operator] [209d5b10] 17:07:41.887 [ReconcilerExecutor-hivemq-controller-66] DEBUG c.h.p.o.h.HiveMQPlatformReconcilerErrorHandler - [helmcust] Pod 'test-hivemq-platform-0' condition 'Initialized': False
2025-01-29 17:07:41,888 INFO c.h.h.t.HelmChartContainer - [hivemq-test-hivemq-platform] [hivemq-platform-operator] [209d5b10] 17:07:41.887 [ReconcilerExecutor-hivemq-controller-66] DEBUG c.h.p.o.h.HiveMQPlatformReconcilerErrorHandler - [helmcust] Pod 'test-hivemq-platform-0' condition 'Ready': False
2025-01-29 17:07:41,888 INFO c.h.h.t.HelmChartContainer - [hivemq-test-hivemq-platform] [hivemq-platform-operator] [209d5b10] 17:07:41.887 [ReconcilerExecutor-hivemq-controller-66] DEBUG c.h.p.o.h.HiveMQPlatformReconcilerErrorHandler - [helmcust] Pod 'test-hivemq-platform-0' condition 'ContainersReady': False
2025-01-29 17:07:41,888 INFO c.h.h.t.HelmChartContainer - [hivemq-test-hivemq-platform] [hivemq-platform-operator] [209d5b10] 17:07:41.887 [ReconcilerExecutor-hivemq-controller-66] DEBUG c.h.p.o.h.HiveMQPlatformReconcilerErrorHandler - [helmcust] Pod 'test-hivemq-platform-0' condition 'PodScheduled': True
2025-01-29 17:07:41,889 INFO c.h.h.t.HelmChartContainer - [hivemq-test-hivemq-platform] [hivemq-platform-operator] [209d5b10] 17:07:41.888 [ReconcilerExecutor-hivemq-controller-66] DEBUG c.h.p.o.h.HiveMQPlatformReconcilerErrorHandler - [helmcust] Pod 'test-hivemq-platform-0' containerStatus 'hivemq' (started: false) (ready: false) (waiting: [PodInitializing] null)
2025-01-29 17:07:41,891 INFO c.h.h.t.HelmChartContainer - [hivemq-test-hivemq-platform] [hivemq-platform-operator] [209d5b10] 17:07:41.890 [ReconcilerExecutor-hivemq-controller-66] INFO  c.h.p.o.h.HiveMQPlatformReconcilerBaseHandler - [helmcust] HiveMQ Platform is starting, 0 of 2 replicas are ready
2025-01-29 17:07:41,982 INFO c.h.h.t.HelmChartContainer - [hivemq-test-hivemq-platform] [hivemq-platform-operator] [209d5b10] 17:07:41.976 [pool-6-thread-22] DEBUG c.h.p.o.d.PlatformServiceResource - [helmcust] Desired Platform services (3 services)
2025-01-29 17:07:41,982 INFO c.h.h.t.HelmChartContainer - [hivemq-test-hivemq-platform] [hivemq-platform-operator] [209d5b10] 17:07:41.979 [pool-6-thread-23] DEBUG c.h.p.o.dependants.PodInfoConfigMap - [helmcust] Desired PodInfo ConfigMap (1 extensions) (1 enabled)
2025-01-29 17:07:41,983 INFO c.h.h.t.HelmChartContainer - [hivemq-test-hivemq-platform] [hivemq-platform-operator] [209d5b10] 17:07:41.981 [pool-6-thread-23] DEBUG c.h.p.o.dependants.PodInfoConfigMap - [helmcust] Desired PodInfo ConfigMap (metrics port: 9399) (metrics path: /)
2025-01-29 17:07:41,983 INFO c.h.h.t.HelmChartContainer - [hivemq-test-hivemq-platform] [hivemq-platform-operator] [209d5b10] 17:07:41.981 [pool-6-thread-23] DEBUG c.h.p.o.dependants.PodInfoConfigMap - [helmcust] Desired PodInfo ConfigMap (extension state hash: -1817474005)
2025-01-29 17:07:41,984 INFO c.h.h.t.HelmChartContainer - [hivemq-test-hivemq-platform] [hivemq-platform-operator] [209d5b10] 17:07:41.983 [pool-6-thread-27] DEBUG c.h.p.o.d.PodServiceAccountResource - [helmcust] Desired PodServiceAccountResource (serviceAccountName: hivemq-platform-pod-test-hivemq-platform)
2025-01-29 17:07:42,078 INFO c.h.h.t.HelmChartContainer - [hivemq-test-hivemq-platform] [hivemq-platform-operator] [209d5b10] 17:07:42.077 [pool-6-thread-30] DEBUG c.h.p.o.d.StatefulSetResource - [helmcust] Desired StatefulSet (2 replicas) for status STARTING (READY)
2025-01-29 17:07:42,089 INFO c.h.h.t.HelmChartContainer - [hivemq-test-hivemq-platform] [hivemq-platform-operator] [209d5b10] 17:07:42.087 [ReconcilerExecutor-hivemq-controller-77] INFO  c.h.p.o.HiveMQPlatformReconciler - [helmcust] Reconciling HiveMQ Platform 'test-hivemq-platform' in namespace 'helmcustomsecretconfigit'
2025-01-29 17:07:42,090 INFO c.h.h.t.HelmChartContainer - [hivemq-test-hivemq-platform] [hivemq-platform-operator] [209d5b10] 17:07:42.088 [ReconcilerExecutor-hivemq-controller-77] DEBUG c.h.p.o.HiveMQPlatformReconciler - [helmcust] Custom Resource Status STARTING - HiveMQ Platform is starting (READY)
2025-01-29 17:07:42,092 INFO c.h.h.t.HelmChartContainer - [hivemq-test-hivemq-platform] [hivemq-platform-operator] [209d5b10] 17:07:42.088 [ReconcilerExecutor-hivemq-controller-77] DEBUG c.h.p.o.HiveMQPlatformReconciler - [helmcust] Custom Resource Spec (replicas: 2) (extensions: 1)
2025-01-29 17:07:42,093 INFO c.h.h.t.HelmChartContainer - [hivemq-test-hivemq-platform] [hivemq-platform-operator] [209d5b10] 17:07:42.091 [ReconcilerExecutor-hivemq-controller-77] DEBUG c.h.p.o.HiveMQPlatformReconciler - [helmcust] StatefulSet Status (revision: test-hivemq-platform-7f5cbb4b76, replicas: 1, available: 0, ready: 0, current: 1, updated: 1)
2025-01-29 17:07:42,094 INFO c.h.h.t.HelmChartContainer - [hivemq-test-hivemq-platform] [hivemq-platform-operator] [209d5b10] 17:07:42.094 [ReconcilerExecutor-hivemq-controller-77] DEBUG c.h.p.o.HiveMQPlatformReconciler - [helmcust] StatefulSet Spec (replicas: 2, init containers: 1, containers: 1, volumes: 3)
2025-01-29 17:07:42,102 INFO c.h.h.t.HelmChartContainer - [EVENT] Normal [Pulled] Container image "docker.io/hivemq/hivemq-platform-operator-init-test:snapshot" already present on machine [helmcustomsecretconfigit:test-hivemq-platform-0]
2025-01-29 17:07:42,176 INFO c.h.h.t.HelmChartContainer - [hivemq-test-hivemq-platform] [hivemq-platform-operator] [209d5b10] 17:07:42.174 [ReconcilerExecutor-hivemq-controller-77] DEBUG c.h.p.o.h.HiveMQPlatformReconcilerErrorHandler - [helmcust] Pod 'test-hivemq-platform-0' phase Pending
2025-01-29 17:07:42,177 INFO c.h.h.t.HelmChartContainer - [hivemq-test-hivemq-platform] [hivemq-platform-operator] [209d5b10] 17:07:42.174 [ReconcilerExecutor-hivemq-controller-77] DEBUG c.h.p.o.h.HiveMQPlatformReconcilerErrorHandler - [helmcust] Pod 'test-hivemq-platform-0' condition 'PodReadyToStartContainers': False
2025-01-29 17:07:42,177 INFO c.h.h.t.HelmChartContainer - [hivemq-test-hivemq-platform] [hivemq-platform-operator] [209d5b10] 17:07:42.174 [ReconcilerExecutor-hivemq-controller-77] DEBUG c.h.p.o.h.HiveMQPlatformReconcilerErrorHandler - [helmcust] Pod 'test-hivemq-platform-0' condition 'Initialized': False
2025-01-29 17:07:42,177 INFO c.h.h.t.HelmChartContainer - [hivemq-test-hivemq-platform] [hivemq-platform-operator] [209d5b10] 17:07:42.174 [ReconcilerExecutor-hivemq-controller-77] DEBUG c.h.p.o.h.HiveMQPlatformReconcilerErrorHandler - [helmcust] Pod 'test-hivemq-platform-0' condition 'Ready': False
2025-01-29 17:07:42,177 INFO c.h.h.t.HelmChartContainer - [hivemq-test-hivemq-platform] [hivemq-platform-operator] [209d5b10] 17:07:42.174 [ReconcilerExecutor-hivemq-controller-77] DEBUG c.h.p.o.h.HiveMQPlatformReconcilerErrorHandler - [helmcust] Pod 'test-hivemq-platform-0' condition 'ContainersReady': False
2025-01-29 17:07:42,177 INFO c.h.h.t.HelmChartContainer - [hivemq-test-hivemq-platform] [hivemq-platform-operator] [209d5b10] 17:07:42.174 [ReconcilerExecutor-hivemq-controller-77] DEBUG c.h.p.o.h.HiveMQPlatformReconcilerErrorHandler - [helmcust] Pod 'test-hivemq-platform-0' condition 'PodScheduled': True
2025-01-29 17:07:42,177 INFO c.h.h.t.HelmChartContainer - [hivemq-test-hivemq-platform] [hivemq-platform-operator] [209d5b10] 17:07:42.174 [ReconcilerExecutor-hivemq-controller-77] DEBUG c.h.p.o.h.HiveMQPlatformReconcilerErrorHandler - [helmcust] Pod 'test-hivemq-platform-0' containerStatus 'hivemq' (started: false) (ready: false) (waiting: [PodInitializing] null)
2025-01-29 17:07:42,177 INFO c.h.h.t.HelmChartContainer - [hivemq-test-hivemq-platform] [hivemq-platform-operator] [209d5b10] 17:07:42.176 [ReconcilerExecutor-hivemq-controller-77] INFO  c.h.p.o.h.HiveMQPlatformReconcilerBaseHandler - [helmcust] HiveMQ Platform is starting, 0 of 2 replicas are ready
2025-01-29 17:07:42,217 INFO c.h.h.t.HelmChartContainer - [EVENT] Normal [Created] Created container: hivemq-platform-operator-init [helmcustomsecretconfigit:test-hivemq-platform-0]
2025-01-29 17:07:42,256 INFO c.h.h.t.HelmChartContainer - [EVENT] Normal [Started] Started container hivemq-platform-operator-init [helmcustomsecretconfigit:test-hivemq-platform-0]
2025-01-29 17:07:42,955 INFO c.h.h.t.HelmChartContainer - [POD] test-hivemq-platform-0 [63804c82-1436-466d-8219-afc99fdd6c46] in helmcustomsecretconfigit was MODIFIED
2025-01-29 17:07:42,974 INFO c.h.h.t.HelmChartContainer - [hivemq-test-hivemq-platform] [hivemq-platform-operator] [209d5b10] 17:07:42.968 [pool-6-thread-32] DEBUG c.h.p.o.d.PlatformServiceResource - [helmcust] Desired Platform services (3 services)
2025-01-29 17:07:42,974 INFO c.h.h.t.HelmChartContainer - [hivemq-test-hivemq-platform] [hivemq-platform-operator] [209d5b10] 17:07:42.970 [pool-6-thread-33] DEBUG c.h.p.o.dependants.PodInfoConfigMap - [helmcust] Desired PodInfo ConfigMap (1 extensions) (1 enabled)
2025-01-29 17:07:42,975 INFO c.h.h.t.HelmChartContainer - [hivemq-test-hivemq-platform] [hivemq-platform-operator] [209d5b10] 17:07:42.973 [pool-6-thread-33] DEBUG c.h.p.o.dependants.PodInfoConfigMap - [helmcust] Desired PodInfo ConfigMap (metrics port: 9399) (metrics path: /)
2025-01-29 17:07:42,975 INFO c.h.h.t.HelmChartContainer - [hivemq-test-hivemq-platform] [hivemq-platform-operator] [209d5b10] 17:07:42.975 [pool-6-thread-33] DEBUG c.h.p.o.dependants.PodInfoConfigMap - [helmcust] Desired PodInfo ConfigMap (extension state hash: -1817474005)
2025-01-29 17:07:42,976 INFO c.h.h.t.HelmChartContainer - [hivemq-test-hivemq-platform] [hivemq-platform-operator] [209d5b10] 17:07:42.972 [pool-6-thread-37] DEBUG c.h.p.o.d.PodServiceAccountResource - [helmcust] Desired PodServiceAccountResource (serviceAccountName: hivemq-platform-pod-test-hivemq-platform)
2025-01-29 17:07:43,062 INFO c.h.h.t.HelmChartContainer - [hivemq-test-hivemq-platform] [hivemq-platform-operator] [209d5b10] 17:07:43.061 [pool-6-thread-40] DEBUG c.h.p.o.d.StatefulSetResource - [helmcust] Desired StatefulSet (2 replicas) for status STARTING (READY)
2025-01-29 17:07:43,069 INFO c.h.h.t.HelmChartContainer - [hivemq-test-hivemq-platform] [hivemq-platform-operator] [209d5b10] 17:07:43.067 [ReconcilerExecutor-hivemq-controller-88] INFO  c.h.p.o.HiveMQPlatformReconciler - [helmcust] Reconciling HiveMQ Platform 'test-hivemq-platform' in namespace 'helmcustomsecretconfigit'
2025-01-29 17:07:43,069 INFO c.h.h.t.HelmChartContainer - [hivemq-test-hivemq-platform] [hivemq-platform-operator] [209d5b10] 17:07:43.067 [ReconcilerExecutor-hivemq-controller-88] DEBUG c.h.p.o.HiveMQPlatformReconciler - [helmcust] Custom Resource Status STARTING - HiveMQ Platform is starting (READY)
2025-01-29 17:07:43,069 INFO c.h.h.t.HelmChartContainer - [hivemq-test-hivemq-platform] [hivemq-platform-operator] [209d5b10] 17:07:43.067 [ReconcilerExecutor-hivemq-controller-88] DEBUG c.h.p.o.HiveMQPlatformReconciler - [helmcust] Custom Resource Spec (replicas: 2) (extensions: 1)
2025-01-29 17:07:43,070 INFO c.h.h.t.HelmChartContainer - [hivemq-test-hivemq-platform] [hivemq-platform-operator] [209d5b10] 17:07:43.069 [ReconcilerExecutor-hivemq-controller-88] DEBUG c.h.p.o.HiveMQPlatformReconciler - [helmcust] StatefulSet Status (revision: test-hivemq-platform-7f5cbb4b76, replicas: 1, available: 0, ready: 0, current: 1, updated: 1)
2025-01-29 17:07:43,070 INFO c.h.h.t.HelmChartContainer - [hivemq-test-hivemq-platform] [hivemq-platform-operator] [209d5b10] 17:07:43.069 [ReconcilerExecutor-hivemq-controller-88] DEBUG c.h.p.o.HiveMQPlatformReconciler - [helmcust] StatefulSet Spec (replicas: 2, init containers: 1, containers: 1, volumes: 3)
2025-01-29 17:07:43,075 INFO c.h.h.t.HelmChartContainer - [hivemq-test-hivemq-platform] [hivemq-platform-operator] [209d5b10] 17:07:43.073 [ReconcilerExecutor-hivemq-controller-88] DEBUG c.h.p.o.h.HiveMQPlatformReconcilerErrorHandler - [helmcust] Pod 'test-hivemq-platform-0' phase Pending
2025-01-29 17:07:43,075 INFO c.h.h.t.HelmChartContainer - [hivemq-test-hivemq-platform] [hivemq-platform-operator] [209d5b10] 17:07:43.073 [ReconcilerExecutor-hivemq-controller-88] DEBUG c.h.p.o.h.HiveMQPlatformReconcilerErrorHandler - [helmcust] Pod 'test-hivemq-platform-0' condition 'PodReadyToStartContainers': True
2025-01-29 17:07:43,075 INFO c.h.h.t.HelmChartContainer - [hivemq-test-hivemq-platform] [hivemq-platform-operator] [209d5b10] 17:07:43.073 [ReconcilerExecutor-hivemq-controller-88] DEBUG c.h.p.o.h.HiveMQPlatformReconcilerErrorHandler - [helmcust] Pod 'test-hivemq-platform-0' condition 'Initialized': False
2025-01-29 17:07:43,075 INFO c.h.h.t.HelmChartContainer - [hivemq-test-hivemq-platform] [hivemq-platform-operator] [209d5b10] 17:07:43.073 [ReconcilerExecutor-hivemq-controller-88] DEBUG c.h.p.o.h.HiveMQPlatformReconcilerErrorHandler - [helmcust] Pod 'test-hivemq-platform-0' condition 'Ready': False
2025-01-29 17:07:43,075 INFO c.h.h.t.HelmChartContainer - [hivemq-test-hivemq-platform] [hivemq-platform-operator] [209d5b10] 17:07:43.073 [ReconcilerExecutor-hivemq-controller-88] DEBUG c.h.p.o.h.HiveMQPlatformReconcilerErrorHandler - [helmcust] Pod 'test-hivemq-platform-0' condition 'ContainersReady': False
2025-01-29 17:07:43,075 INFO c.h.h.t.HelmChartContainer - [hivemq-test-hivemq-platform] [hivemq-platform-operator] [209d5b10] 17:07:43.073 [ReconcilerExecutor-hivemq-controller-88] DEBUG c.h.p.o.h.HiveMQPlatformReconcilerErrorHandler - [helmcust] Pod 'test-hivemq-platform-0' condition 'PodScheduled': True
2025-01-29 17:07:43,075 INFO c.h.h.t.HelmChartContainer - [hivemq-test-hivemq-platform] [hivemq-platform-operator] [209d5b10] 17:07:43.073 [ReconcilerExecutor-hivemq-controller-88] DEBUG c.h.p.o.h.HiveMQPlatformReconcilerErrorHandler - [helmcust] Pod 'test-hivemq-platform-0' containerStatus 'hivemq' (started: false) (ready: false) (waiting: [PodInitializing] null)
2025-01-29 17:07:43,075 INFO c.h.h.t.HelmChartContainer - [hivemq-test-hivemq-platform] [hivemq-platform-operator] [209d5b10] 17:07:43.074 [ReconcilerExecutor-hivemq-controller-88] INFO  c.h.p.o.h.HiveMQPlatformReconcilerBaseHandler - [helmcust] HiveMQ Platform is starting, 0 of 2 replicas are ready
2025-01-29 17:07:43,945 INFO c.h.h.t.HelmChartContainer - [EVENT] Normal [Pulled] Container image "docker.io/hivemq/hivemq4:4.36.0" already present on machine [helmcustomsecretconfigit:test-hivemq-platform-0]
2025-01-29 17:07:43,945 INFO c.h.h.t.HelmChartContainer - Received Pulled event for container hivemq in pod test-hivemq-platform-0 [63804c82-1436-466d-8219-afc99fdd6c46]
2025-01-29 17:07:43,954 INFO c.h.h.t.HelmChartContainer - [POD] test-hivemq-platform-0 [63804c82-1436-466d-8219-afc99fdd6c46] in helmcustomsecretconfigit was MODIFIED
2025-01-29 17:07:43,969 INFO c.h.h.t.HelmChartContainer - [hivemq-test-hivemq-platform] [hivemq-platform-operator] [209d5b10] 17:07:43.963 [pool-6-thread-42] DEBUG c.h.p.o.d.PlatformServiceResource - [helmcust] Desired Platform services (3 services)
2025-01-29 17:07:43,971 INFO c.h.h.t.HelmChartContainer - [hivemq-test-hivemq-platform] [hivemq-platform-operator] [209d5b10] 17:07:43.968 [pool-6-thread-43] DEBUG c.h.p.o.dependants.PodInfoConfigMap - [helmcust] Desired PodInfo ConfigMap (1 extensions) (1 enabled)
2025-01-29 17:07:43,972 INFO c.h.h.t.HelmChartContainer - [hivemq-test-hivemq-platform] [hivemq-platform-operator] [209d5b10] 17:07:43.968 [pool-6-thread-43] DEBUG c.h.p.o.dependants.PodInfoConfigMap - [helmcust] Desired PodInfo ConfigMap (metrics port: 9399) (metrics path: /)
2025-01-29 17:07:43,972 INFO c.h.h.t.HelmChartContainer - [hivemq-test-hivemq-platform] [hivemq-platform-operator] [209d5b10] 17:07:43.968 [pool-6-thread-43] DEBUG c.h.p.o.dependants.PodInfoConfigMap - [helmcust] Desired PodInfo ConfigMap (extension state hash: -1817474005)
2025-01-29 17:07:43,972 INFO c.h.h.t.HelmChartContainer - [hivemq-test-hivemq-platform] [hivemq-platform-operator] [209d5b10] 17:07:43.971 [pool-6-thread-47] DEBUG c.h.p.o.d.PodServiceAccountResource - [helmcust] Desired PodServiceAccountResource (serviceAccountName: hivemq-platform-pod-test-hivemq-platform)
2025-01-29 17:07:43,981 INFO c.h.h.t.HelmChartContainer - [hivemq-test-hivemq-platform] [hivemq-platform-operator] [209d5b10] 17:07:43.978 [pool-6-thread-50] DEBUG c.h.p.o.d.StatefulSetResource - [helmcust] Desired StatefulSet (2 replicas) for status STARTING (READY)
2025-01-29 17:07:44,067 INFO c.h.h.t.HelmChartContainer - [hivemq-test-hivemq-platform] [hivemq-platform-operator] [209d5b10] 17:07:44.061 [ReconcilerExecutor-hivemq-controller-99] INFO  c.h.p.o.HiveMQPlatformReconciler - [helmcust] Reconciling HiveMQ Platform 'test-hivemq-platform' in namespace 'helmcustomsecretconfigit'
2025-01-29 17:07:44,067 INFO c.h.h.t.HelmChartContainer - [hivemq-test-hivemq-platform] [hivemq-platform-operator] [209d5b10] 17:07:44.061 [ReconcilerExecutor-hivemq-controller-99] DEBUG c.h.p.o.HiveMQPlatformReconciler - [helmcust] Custom Resource Status STARTING - HiveMQ Platform is starting (READY)
2025-01-29 17:07:44,067 INFO c.h.h.t.HelmChartContainer - [hivemq-test-hivemq-platform] [hivemq-platform-operator] [209d5b10] 17:07:44.061 [ReconcilerExecutor-hivemq-controller-99] DEBUG c.h.p.o.HiveMQPlatformReconciler - [helmcust] Custom Resource Spec (replicas: 2) (extensions: 1)
2025-01-29 17:07:44,067 INFO c.h.h.t.HelmChartContainer - [hivemq-test-hivemq-platform] [hivemq-platform-operator] [209d5b10] 17:07:44.064 [ReconcilerExecutor-hivemq-controller-99] DEBUG c.h.p.o.HiveMQPlatformReconciler - [helmcust] StatefulSet Status (revision: test-hivemq-platform-7f5cbb4b76, replicas: 1, available: 0, ready: 0, current: 1, updated: 1)
2025-01-29 17:07:44,069 INFO c.h.h.t.HelmChartContainer - [hivemq-test-hivemq-platform] [hivemq-platform-operator] [209d5b10] 17:07:44.064 [ReconcilerExecutor-hivemq-controller-99] DEBUG c.h.p.o.HiveMQPlatformReconciler - [helmcust] StatefulSet Spec (replicas: 2, init containers: 1, containers: 1, volumes: 3)
2025-01-29 17:07:44,069 INFO c.h.h.t.HelmChartContainer - [hivemq-test-hivemq-platform] [hivemq-platform-operator] [209d5b10] 17:07:44.067 [ReconcilerExecutor-hivemq-controller-99] DEBUG c.h.p.o.h.HiveMQPlatformReconcilerErrorHandler - [helmcust] Pod 'test-hivemq-platform-0' phase Pending
2025-01-29 17:07:44,071 INFO c.h.h.t.HelmChartContainer - [hivemq-test-hivemq-platform] [hivemq-platform-operator] [209d5b10] 17:07:44.069 [ReconcilerExecutor-hivemq-controller-99] DEBUG c.h.p.o.h.HiveMQPlatformReconcilerErrorHandler - [helmcust] Pod 'test-hivemq-platform-0' condition 'PodReadyToStartContainers': True
2025-01-29 17:07:44,074 INFO c.h.h.t.HelmChartContainer - [hivemq-test-hivemq-platform] [hivemq-platform-operator] [209d5b10] 17:07:44.069 [ReconcilerExecutor-hivemq-controller-99] DEBUG c.h.p.o.h.HiveMQPlatformReconcilerErrorHandler - [helmcust] Pod 'test-hivemq-platform-0' condition 'Initialized': True
2025-01-29 17:07:44,075 INFO c.h.h.t.HelmChartContainer - [hivemq-test-hivemq-platform] [hivemq-platform-operator] [209d5b10] 17:07:44.070 [ReconcilerExecutor-hivemq-controller-99] DEBUG c.h.p.o.h.HiveMQPlatformReconcilerErrorHandler - [helmcust] Pod 'test-hivemq-platform-0' condition 'Ready': False
2025-01-29 17:07:44,075 INFO c.h.h.t.HelmChartContainer - [hivemq-test-hivemq-platform] [hivemq-platform-operator] [209d5b10] 17:07:44.070 [ReconcilerExecutor-hivemq-controller-99] DEBUG c.h.p.o.h.HiveMQPlatformReconcilerErrorHandler - [helmcust] Pod 'test-hivemq-platform-0' condition 'ContainersReady': False
2025-01-29 17:07:44,076 INFO c.h.h.t.HelmChartContainer - [hivemq-test-hivemq-platform] [hivemq-platform-operator] [209d5b10] 17:07:44.070 [ReconcilerExecutor-hivemq-controller-99] DEBUG c.h.p.o.h.HiveMQPlatformReconcilerErrorHandler - [helmcust] Pod 'test-hivemq-platform-0' condition 'PodScheduled': True
2025-01-29 17:07:44,076 INFO c.h.h.t.HelmChartContainer - [hivemq-test-hivemq-platform] [hivemq-platform-operator] [209d5b10] 17:07:44.070 [ReconcilerExecutor-hivemq-controller-99] DEBUG c.h.p.o.h.HiveMQPlatformReconcilerErrorHandler - [helmcust] Pod 'test-hivemq-platform-0' containerStatus 'hivemq' (started: false) (ready: false) (waiting: [PodInitializing] null)
2025-01-29 17:07:44,076 INFO c.h.h.t.HelmChartContainer - [hivemq-test-hivemq-platform] [hivemq-platform-operator] [209d5b10] 17:07:44.071 [ReconcilerExecutor-hivemq-controller-99] INFO  c.h.p.o.h.HiveMQPlatformReconcilerBaseHandler - [helmcust] HiveMQ Platform is starting, 0 of 2 replicas are ready
2025-01-29 17:07:45,012 INFO c.h.h.t.HelmChartContainer - [EVENT] Normal [Created] Created container: hivemq [helmcustomsecretconfigit:test-hivemq-platform-0]
2025-01-29 17:07:45,012 INFO c.h.h.t.HelmChartContainer - Received Created event for container hivemq in pod test-hivemq-platform-0 [63804c82-1436-466d-8219-afc99fdd6c46]
2025-01-29 17:07:45,956 INFO c.h.h.t.HelmChartContainer - [POD] test-hivemq-platform-0 [63804c82-1436-466d-8219-afc99fdd6c46] in helmcustomsecretconfigit was MODIFIED
2025-01-29 17:07:45,964 INFO c.h.h.t.HelmChartContainer - [hivemq-test-hivemq-platform] [hivemq-platform-operator] [209d5b10] 17:07:45.963 [pool-6-thread-8] DEBUG c.h.p.o.d.PlatformServiceResource - [helmcust] Desired Platform services (3 services)
2025-01-29 17:07:45,971 INFO c.h.h.t.HelmChartContainer - [hivemq-test-hivemq-platform] [hivemq-platform-operator] [209d5b10] 17:07:45.968 [pool-6-thread-9] DEBUG c.h.p.o.dependants.PodInfoConfigMap - [helmcust] Desired PodInfo ConfigMap (1 extensions) (1 enabled)
2025-01-29 17:07:45,972 INFO c.h.h.t.HelmChartContainer - [hivemq-test-hivemq-platform] [hivemq-platform-operator] [209d5b10] 17:07:45.969 [pool-6-thread-9] DEBUG c.h.p.o.dependants.PodInfoConfigMap - [helmcust] Desired PodInfo ConfigMap (metrics port: 9399) (metrics path: /)
2025-01-29 17:07:45,973 INFO c.h.h.t.HelmChartContainer - [hivemq-test-hivemq-platform] [hivemq-platform-operator] [209d5b10] 17:07:45.969 [pool-6-thread-9] DEBUG c.h.p.o.dependants.PodInfoConfigMap - [helmcust] Desired PodInfo ConfigMap (extension state hash: -1817474005)
2025-01-29 17:07:45,973 INFO c.h.h.t.HelmChartContainer - [hivemq-test-hivemq-platform] [hivemq-platform-operator] [209d5b10] 17:07:45.970 [pool-6-thread-4] DEBUG c.h.p.o.d.PodServiceAccountResource - [helmcust] Desired PodServiceAccountResource (serviceAccountName: hivemq-platform-pod-test-hivemq-platform)
2025-01-29 17:07:45,978 INFO c.h.h.t.HelmChartContainer - [hivemq-test-hivemq-platform] [hivemq-platform-operator] [209d5b10] 17:07:45.976 [pool-6-thread-8] DEBUG c.h.p.o.d.StatefulSetResource - [helmcust] Desired StatefulSet (2 replicas) for status STARTING (READY)
2025-01-29 17:07:45,980 INFO c.h.h.t.HelmChartContainer - Started log watcher for hivemq in pod test-hivemq-platform-0 [63804c82-1436-466d-8219-afc99fdd6c46]
2025-01-29 17:07:45,980 INFO c.h.h.t.HelmChartContainer - [test-hivemq-platform] [hivemq] [63804c82] Adding pre-installed HiveMQ Platform Operator extensions
2025-01-29 17:07:45,980 INFO c.h.h.t.HelmChartContainer - [test-hivemq-platform] [hivemq] [63804c82] Running as user 10000
2025-01-29 17:07:45,980 INFO c.h.h.t.HelmChartContainer - [test-hivemq-platform] [hivemq] [63804c82] Starting HiveMQ Platform Operator Init
2025-01-29 17:07:45,981 INFO c.h.h.t.HelmChartContainer - [EVENT] Normal [Started] Started container hivemq [helmcustomsecretconfigit:test-hivemq-platform-0]
2025-01-29 17:07:45,981 INFO c.h.h.t.HelmChartContainer - Received Started event for container hivemq in pod test-hivemq-platform-0 [63804c82-1436-466d-8219-afc99fdd6c46]
2025-01-29 17:07:45,985 INFO c.h.h.t.HelmChartContainer - [hivemq-test-hivemq-platform] [hivemq-platform-operator] [209d5b10] 17:07:45.983 [ReconcilerExecutor-hivemq-controller-110] INFO  c.h.p.o.HiveMQPlatformReconciler - [helmcust] Reconciling HiveMQ Platform 'test-hivemq-platform' in namespace 'helmcustomsecretconfigit'
2025-01-29 17:07:45,985 INFO c.h.h.t.HelmChartContainer - [hivemq-test-hivemq-platform] [hivemq-platform-operator] [209d5b10] 17:07:45.984 [ReconcilerExecutor-hivemq-controller-110] DEBUG c.h.p.o.HiveMQPlatformReconciler - [helmcust] Custom Resource Status STARTING - HiveMQ Platform is starting (READY)
2025-01-29 17:07:45,985 INFO c.h.h.t.HelmChartContainer - [hivemq-test-hivemq-platform] [hivemq-platform-operator] [209d5b10] 17:07:45.984 [ReconcilerExecutor-hivemq-controller-110] DEBUG c.h.p.o.HiveMQPlatformReconciler - [helmcust] Custom Resource Spec (replicas: 2) (extensions: 1)
2025-01-29 17:07:46,060 INFO c.h.h.t.HelmChartContainer - [hivemq-test-hivemq-platform] [hivemq-platform-operator] [209d5b10] 17:07:46.058 [ReconcilerExecutor-hivemq-controller-110] DEBUG c.h.p.o.HiveMQPlatformReconciler - [helmcust] StatefulSet Status (revision: test-hivemq-platform-7f5cbb4b76, replicas: 1, available: 0, ready: 0, current: 1, updated: 1)
2025-01-29 17:07:46,061 INFO c.h.h.t.HelmChartContainer - [hivemq-test-hivemq-platform] [hivemq-platform-operator] [209d5b10] 17:07:46.058 [ReconcilerExecutor-hivemq-controller-110] DEBUG c.h.p.o.HiveMQPlatformReconciler - [helmcust] StatefulSet Spec (replicas: 2, init containers: 1, containers: 1, volumes: 3)
2025-01-29 17:07:46,062 INFO c.h.h.t.HelmChartContainer - [hivemq-test-hivemq-platform] [hivemq-platform-operator] [209d5b10] 17:07:46.061 [ReconcilerExecutor-hivemq-controller-110] DEBUG c.h.p.o.h.HiveMQPlatformReconcilerErrorHandler - [helmcust] Pod 'test-hivemq-platform-0' phase Running
2025-01-29 17:07:46,063 INFO c.h.h.t.HelmChartContainer - [hivemq-test-hivemq-platform] [hivemq-platform-operator] [209d5b10] 17:07:46.062 [ReconcilerExecutor-hivemq-controller-110] INFO  c.h.p.o.h.HiveMQPlatformReconcilerBaseHandler - [helmcust] HiveMQ Platform is starting, 0 of 2 replicas are ready
2025-01-29 17:07:46,401 INFO c.h.h.t.HelmChartContainer - [test-hivemq-platform] [hivemq] [63804c82] INFO  - [HiveMQ Platform Operator Init 1.7.0-SNAPSHOT] HiveMQ Platform Operator Init 1.7.0-SNAPSHOT (commit: 8465ebf on branch: HEAD) built on Wed Jan 29 16:56:31 UTC 2025
2025-01-29 17:07:47,435 INFO c.h.h.t.HelmChartContainer - [test-hivemq-platform] [hivemq] [63804c82] INFO  - [HiveMQ Platform Operator Init App 1.7.0-SNAPSHOT] Using bind address 10.42.0.17 from environment variable
2025-01-29 17:07:48,318 INFO c.h.h.t.HelmChartContainer - [test-hivemq-platform] [hivemq] [63804c82] INFO  - [HiveMQ Platform Operator Init App 1.7.0-SNAPSHOT] HiveMQ Platform Operator Init App 1.7.0-SNAPSHOT (commit: 8465ebf on branch: HEAD) built on Wed Jan 29 16:56:31 UTC 2025
2025-01-29 17:07:48,318 INFO c.h.h.t.HelmChartContainer - [test-hivemq-platform] [hivemq] [63804c82] INFO  - [HiveMQ Platform Operator Init App 1.7.0-SNAPSHOT] PodInfo ConfigMap directory: /etc/podinfo
2025-01-29 17:07:48,318 INFO c.h.h.t.HelmChartContainer - [test-hivemq-platform] [hivemq] [63804c82] INFO  - [HiveMQ Platform Operator Init App 1.7.0-SNAPSHOT] HiveMQ home directory: /opt/hivemq
2025-01-29 17:07:48,318 INFO c.h.h.t.HelmChartContainer - [test-hivemq-platform] [hivemq] [63804c82] INFO  - [HiveMQ Platform Operator Init App 1.7.0-SNAPSHOT] HiveMQ Logback folder: /opt/hivemq/conf
2025-01-29 17:07:48,318 INFO c.h.h.t.HelmChartContainer - [test-hivemq-platform] [hivemq] [63804c82] INFO  - [HiveMQ Platform Operator Init App 1.7.0-SNAPSHOT] HiveMQ Config folder: /opt/hivemq/conf-k8s
2025-01-29 17:07:48,319 INFO c.h.h.t.HelmChartContainer - [test-hivemq-platform] [hivemq] [63804c82] INFO  - [HiveMQ Platform Operator Init App 1.7.0-SNAPSHOT] Starting HiveMQ Platform Operator Init App
2025-01-29 17:07:48,319 INFO c.h.h.t.HelmChartContainer - [test-hivemq-platform] [hivemq] [63804c82] INFO  - [HiveMQ Platform Operator Init App 1.7.0-SNAPSHOT] Starting Pod reconciler
2025-01-29 17:07:49,620 INFO c.h.h.t.HelmChartContainer - [test-hivemq-platform] [hivemq] [63804c82] INFO  - [HiveMQ Platform Operator Init App 1.7.0-SNAPSHOT] Pod reconciler is scheduled (interval: 5000 ms)
2025-01-29 17:07:49,621 INFO c.h.h.t.HelmChartContainer - [test-hivemq-platform] [hivemq] [63804c82] INFO  - [HiveMQ Platform Operator Init App 1.7.0-SNAPSHOT] Starting the REST API on 10.42.0.17:7979
2025-01-29 17:07:49,624 INFO c.h.h.t.HelmChartContainer - [test-hivemq-platform] [hivemq] [63804c82] INFO  - [HiveMQ Platform Operator Init App 1.7.0-SNAPSHOT] Waiting up to 600s for at most 2 HiveMQ nodes in cluster service hivemq-test-hivemq-platform-cluster.helmcustomsecretconfigit.svc
2025-01-29 17:07:50,008 INFO c.h.h.t.HelmChartContainer - [test-hivemq-platform] [hivemq] [63804c82] INFO  - [HiveMQ Platform Operator Init App 1.7.0-SNAPSHOT] Resolved 1 IP addresses: [10.42.0.17]
2025-01-29 17:07:50,008 INFO c.h.h.t.HelmChartContainer - [test-hivemq-platform] [hivemq] [63804c82] INFO  - [HiveMQ Platform Operator Init App 1.7.0-SNAPSHOT] HiveMQ node count of 1 is within threshold of 2
2025-01-29 17:07:50,008 INFO c.h.h.t.HelmChartContainer - [test-hivemq-platform] [hivemq] [63804c82] INFO  - [HiveMQ Platform Operator Init App 1.7.0-SNAPSHOT] Proceeding with container start
2025-01-29 17:07:50,107 INFO c.h.h.t.HelmChartContainer - [test-hivemq-platform] [hivemq] [63804c82] INFO  - [HiveMQ Platform Operator Init App 1.7.0-SNAPSHOT] Initializing HiveMQ Platform extensions with initial configuration: {hivemq-allow-all-extension={start-priority=-1, skip-https-hostname-verification=false, restart=true, config-version=0, header-version=0, c-uri=, priority=-1, uri=preinstalled, skip-https-certificate-validation=false, enabled=true}, hivemq-prometheus-extension={skip-https-hostname-verification=false, skip-https-certificate-validation=false, uri=preinstalled, request-header-path=no-request-headers, enabled=true, restart=true, priority=-1, start-priority=-1, c-uri=}}
2025-01-29 17:07:50,606 INFO c.h.h.t.HelmChartContainer - [test-hivemq-platform] [hivemq] [63804c82] INFO  - [HiveMQ Platform Operator Init App 1.7.0-SNAPSHOT] Extension hivemq-allow-all-extension was already enabled
2025-01-29 17:07:50,701 INFO c.h.h.t.HelmChartContainer - [test-hivemq-platform] [hivemq] [63804c82] INFO  - [HiveMQ Platform Operator Init App 1.7.0-SNAPSHOT] Successfully enabled extension hivemq-prometheus-extension
2025-01-29 17:07:50,703 INFO c.h.h.t.HelmChartContainer - [test-hivemq-platform] [hivemq] [63804c82] INFO  - [HiveMQ Platform Operator Init App 1.7.0-SNAPSHOT] Starting HiveMQ Platform version 4.36.0 (4.36.0)
2025-01-29 17:07:50,705 INFO c.h.h.t.HelmChartContainer - [test-hivemq-platform] [hivemq] [63804c82] INFO  - [HiveMQ Platform Operator Init App 1.7.0-SNAPSHOT] Configuring the HiveMQ Platform
2025-01-29 17:07:50,714 INFO c.h.h.t.HelmChartContainer - [test-hivemq-platform] [hivemq] [63804c82] INFO  - [HiveMQ Platform Operator Init App 1.7.0-SNAPSHOT] Changed logback.xml file scan period to 20 seconds
2025-01-29 17:07:50,810 INFO c.h.h.t.HelmChartContainer - [test-hivemq-platform] [hivemq] [63804c82] INFO  - [HiveMQ Platform Operator Init App 1.7.0-SNAPSHOT] Starting the HiveMQ Platform
2025-01-29 17:07:50,813 INFO c.h.h.t.HelmChartContainer - [test-hivemq-platform] [hivemq] [63804c82] -------------------------------------------------------------------------
2025-01-29 17:07:50,814 INFO c.h.h.t.HelmChartContainer - [test-hivemq-platform] [hivemq] [63804c82] 
2025-01-29 17:07:50,814 INFO c.h.h.t.HelmChartContainer - [test-hivemq-platform] [hivemq] [63804c82]                   _    _  _              __  __   ____
2025-01-29 17:07:50,814 INFO c.h.h.t.HelmChartContainer - [test-hivemq-platform] [hivemq] [63804c82]                  | |  | |(_)            |  \/  | / __ \
2025-01-29 17:07:50,814 INFO c.h.h.t.HelmChartContainer - [test-hivemq-platform] [hivemq] [63804c82]                  | |__| | _ __   __ ___ | \  / || |  | |
2025-01-29 17:07:50,815 INFO c.h.h.t.HelmChartContainer - [test-hivemq-platform] [hivemq] [63804c82]                  |  __  || |\ \ / // _ \| |\/| || |  | |
2025-01-29 17:07:50,815 INFO c.h.h.t.HelmChartContainer - [test-hivemq-platform] [hivemq] [63804c82]                  | |  | || | \ V /|  __/| |  | || |__| |
2025-01-29 17:07:50,815 INFO c.h.h.t.HelmChartContainer - [test-hivemq-platform] [hivemq] [63804c82]                  |_|  |_||_|  \_/  \___||_|  |_| \___\_\
2025-01-29 17:07:50,815 INFO c.h.h.t.HelmChartContainer - [test-hivemq-platform] [hivemq] [63804c82] 
2025-01-29 17:07:50,815 INFO c.h.h.t.HelmChartContainer - [test-hivemq-platform] [hivemq] [63804c82] -------------------------------------------------------------------------
2025-01-29 17:07:50,815 INFO c.h.h.t.HelmChartContainer - [test-hivemq-platform] [hivemq] [63804c82] 
2025-01-29 17:07:50,815 INFO c.h.h.t.HelmChartContainer - [test-hivemq-platform] [hivemq] [63804c82]   HiveMQ Start Script for Linux/Unix v1.14
2025-01-29 17:07:50,815 INFO c.h.h.t.HelmChartContainer - [test-hivemq-platform] [hivemq] [63804c82] 
2025-01-29 17:07:50,919 INFO c.h.h.t.HelmChartContainer - [test-hivemq-platform] [hivemq] [63804c82] -------------------------------------------------------------------------
2025-01-29 17:07:50,919 INFO c.h.h.t.HelmChartContainer - [test-hivemq-platform] [hivemq] [63804c82] 
2025-01-29 17:07:50,919 INFO c.h.h.t.HelmChartContainer - [test-hivemq-platform] [hivemq] [63804c82]   HIVEMQ_HOME: /opt/hivemq
2025-01-29 17:07:50,919 INFO c.h.h.t.HelmChartContainer - [test-hivemq-platform] [hivemq] [63804c82] 
2025-01-29 17:07:50,919 INFO c.h.h.t.HelmChartContainer - [test-hivemq-platform] [hivemq] [63804c82]   JAVA_OPTS: -XX:+UnlockExperimentalVMOptions -XX:InitialRAMPercentage=50 -XX:MaxRAMPercentage=50 -Djava.net.preferIPv4Stack=true --add-opens java.base/java.lang=ALL-UNNAMED --add-opens java.base/java.nio=ALL-UNNAMED --add-opens java.base/sun.nio.ch=ALL-UNNAMED --add-opens jdk.management/com.sun.management.internal=ALL-UNNAMED --add-exports java.base/jdk.internal.misc=ALL-UNNAMED -Djava.security.egd=file:/dev/./urandom -Dcom.sun.management.jmxremote -Dcom.sun.management.jmxremote.port=9010 -Dcom.sun.management.jmxremote.local.only=false -Dcom.sun.management.jmxremote.authenticate=false -Dcom.sun.management.jmxremote.ssl=false -Duser.language=en -Duser.region=US -XX:+CrashOnOutOfMemoryError -XX:+HeapDumpOnOutOfMemoryError
2025-01-29 17:07:50,919 INFO c.h.h.t.HelmChartContainer - [test-hivemq-platform] [hivemq] [63804c82] 
2025-01-29 17:07:50,919 INFO c.h.h.t.HelmChartContainer - [test-hivemq-platform] [hivemq] [63804c82]   JAVA_VERSION: 21
2025-01-29 17:07:50,919 INFO c.h.h.t.HelmChartContainer - [test-hivemq-platform] [hivemq] [63804c82] 
2025-01-29 17:07:50,919 INFO c.h.h.t.HelmChartContainer - [test-hivemq-platform] [hivemq] [63804c82] -------------------------------------------------------------------------
2025-01-29 17:07:50,919 INFO c.h.h.t.HelmChartContainer - [test-hivemq-platform] [hivemq] [63804c82] 
2025-01-29 17:07:52,006 INFO c.h.h.t.HelmChartContainer - [test-hivemq-platform] [hivemq] [63804c82] INFO  - [HiveMQ Platform Operator Init App 1.7.0-SNAPSHOT] Returning default Health API response 503 for readiness
2025-01-29 17:07:52,410 INFO c.h.h.t.HelmChartContainer - [EVENT] Warning [Unhealthy] Readiness probe failed: HTTP probe failed with statuscode: 503 [helmcustomsecretconfigit:test-hivemq-platform-0]
2025-01-29 17:07:52,410 INFO c.h.h.t.HelmChartContainer - Received Unhealthy event for container hivemq in pod test-hivemq-platform-0 [63804c82-1436-466d-8219-afc99fdd6c46]
2025-01-29 17:07:53,712 INFO c.h.h.t.HelmChartContainer - [test-hivemq-platform] [hivemq] [63804c82] INFO  - Starting HiveMQ Enterprise Server
2025-01-29 17:07:53,719 INFO c.h.h.t.HelmChartContainer - [test-hivemq-platform] [hivemq] [63804c82] INFO  - HiveMQ version: 4.36.0
2025-01-29 17:07:53,720 INFO c.h.h.t.HelmChartContainer - [test-hivemq-platform] [hivemq] [63804c82] INFO  - HiveMQ home directory: /opt/hivemq
2025-01-29 17:07:53,720 INFO c.h.h.t.HelmChartContainer - [test-hivemq-platform] [hivemq] [63804c82] INFO  - Log Configuration was overridden by /opt/hivemq/conf/logback.xml
2025-01-29 17:07:55,309 INFO c.h.h.t.HelmChartContainer - [test-hivemq-platform] [hivemq] [63804c82] INFO  - Successfully loaded configuration from '/opt/hivemq/conf-k8s/config.xml'.
2025-01-29 17:07:56,072 INFO c.h.h.t.HelmChartContainer - [hivemq-test-hivemq-platform] [hivemq-platform-operator] [209d5b10] 17:07:56.067 [pool-6-thread-14] DEBUG c.h.p.o.d.PlatformServiceResource - [helmcust] Desired Platform services (3 services)
2025-01-29 17:07:56,072 INFO c.h.h.t.HelmChartContainer - [hivemq-test-hivemq-platform] [hivemq-platform-operator] [209d5b10] 17:07:56.069 [pool-6-thread-17] DEBUG c.h.p.o.d.PodServiceAccountResource - [helmcust] Desired PodServiceAccountResource (serviceAccountName: hivemq-platform-pod-test-hivemq-platform)
2025-01-29 17:07:56,074 INFO c.h.h.t.HelmChartContainer - [hivemq-test-hivemq-platform] [hivemq-platform-operator] [209d5b10] 17:07:56.068 [pool-6-thread-15] DEBUG c.h.p.o.dependants.PodInfoConfigMap - [helmcust] Desired PodInfo ConfigMap (1 extensions) (1 enabled)
2025-01-29 17:07:56,074 INFO c.h.h.t.HelmChartContainer - [hivemq-test-hivemq-platform] [hivemq-platform-operator] [209d5b10] 17:07:56.070 [pool-6-thread-15] DEBUG c.h.p.o.dependants.PodInfoConfigMap - [helmcust] Desired PodInfo ConfigMap (metrics port: 9399) (metrics path: /)
2025-01-29 17:07:56,074 INFO c.h.h.t.HelmChartContainer - [hivemq-test-hivemq-platform] [hivemq-platform-operator] [209d5b10] 17:07:56.071 [pool-6-thread-15] DEBUG c.h.p.o.dependants.PodInfoConfigMap - [helmcust] Desired PodInfo ConfigMap (extension state hash: -1817474005)
2025-01-29 17:07:56,077 INFO c.h.h.t.HelmChartContainer - [hivemq-test-hivemq-platform] [hivemq-platform-operator] [209d5b10] 17:07:56.076 [pool-6-thread-17] DEBUG c.h.p.o.d.StatefulSetResource - [helmcust] Desired StatefulSet (2 replicas) for status STARTING (READY)
2025-01-29 17:07:56,083 INFO c.h.h.t.HelmChartContainer - [hivemq-test-hivemq-platform] [hivemq-platform-operator] [209d5b10] 17:07:56.082 [ReconcilerExecutor-hivemq-controller-111] INFO  c.h.p.o.HiveMQPlatformReconciler - [helmcust] Reconciling HiveMQ Platform 'test-hivemq-platform' in namespace 'helmcustomsecretconfigit'
2025-01-29 17:07:56,083 INFO c.h.h.t.HelmChartContainer - [hivemq-test-hivemq-platform] [hivemq-platform-operator] [209d5b10] 17:07:56.082 [ReconcilerExecutor-hivemq-controller-111] DEBUG c.h.p.o.HiveMQPlatformReconciler - [helmcust] Custom Resource Status STARTING - HiveMQ Platform is starting (READY)
2025-01-29 17:07:56,083 INFO c.h.h.t.HelmChartContainer - [hivemq-test-hivemq-platform] [hivemq-platform-operator] [209d5b10] 17:07:56.082 [ReconcilerExecutor-hivemq-controller-111] DEBUG c.h.p.o.HiveMQPlatformReconciler - [helmcust] Custom Resource Spec (replicas: 2) (extensions: 1)
2025-01-29 17:07:56,085 INFO c.h.h.t.HelmChartContainer - [hivemq-test-hivemq-platform] [hivemq-platform-operator] [209d5b10] 17:07:56.084 [ReconcilerExecutor-hivemq-controller-111] DEBUG c.h.p.o.HiveMQPlatformReconciler - [helmcust] StatefulSet Status (revision: test-hivemq-platform-7f5cbb4b76, replicas: 1, available: 0, ready: 0, current: 1, updated: 1)
2025-01-29 17:07:56,085 INFO c.h.h.t.HelmChartContainer - [hivemq-test-hivemq-platform] [hivemq-platform-operator] [209d5b10] 17:07:56.084 [ReconcilerExecutor-hivemq-controller-111] DEBUG c.h.p.o.HiveMQPlatformReconciler - [helmcust] StatefulSet Spec (replicas: 2, init containers: 1, containers: 1, volumes: 3)
2025-01-29 17:07:56,161 INFO c.h.h.t.HelmChartContainer - [hivemq-test-hivemq-platform] [hivemq-platform-operator] [209d5b10] 17:07:56.160 [ReconcilerExecutor-hivemq-controller-111] DEBUG c.h.p.o.h.HiveMQPlatformReconcilerErrorHandler - [helmcust] Pod 'test-hivemq-platform-0' phase Running
2025-01-29 17:07:56,163 INFO c.h.h.t.HelmChartContainer - [hivemq-test-hivemq-platform] [hivemq-platform-operator] [209d5b10] 17:07:56.161 [ReconcilerExecutor-hivemq-controller-111] INFO  c.h.p.o.h.HiveMQPlatformReconcilerBaseHandler - [helmcust] HiveMQ Platform is starting, 0 of 2 replicas are ready
2025-01-29 17:07:56,202 INFO c.h.h.t.HelmChartContainer - [test-hivemq-platform] [hivemq] [63804c82] INFO  - This node's ID is zvNJ7
2025-01-29 17:07:56,203 INFO c.h.h.t.HelmChartContainer - [test-hivemq-platform] [hivemq] [63804c82] INFO  - Clustering is enabled
2025-01-29 17:07:57,599 INFO c.h.h.t.HelmChartContainer - [test-hivemq-platform] [hivemq] [63804c82] WARN  - [HiveMQ Platform Operator Init App 1.7.0-SNAPSHOT] Cannot connect to Health API for readiness: null
2025-01-29 17:07:57,612 INFO c.h.h.t.HelmChartContainer - [EVENT] Warning [Unhealthy] Readiness probe failed: HTTP probe failed with statuscode: 503 [helmcustomsecretconfigit:test-hivemq-platform-0]
2025-01-29 17:07:57,612 INFO c.h.h.t.HelmChartContainer - Received Unhealthy event for container hivemq in pod test-hivemq-platform-0 [63804c82-1436-466d-8219-afc99fdd6c46]
2025-01-29 17:08:00,901 INFO c.h.h.t.HelmChartContainer - [test-hivemq-platform] [hivemq] [63804c82] Jan 29, 2025 5:08:00 PM io.vertx.core.impl.BlockedThreadChecker
2025-01-29 17:08:00,901 INFO c.h.h.t.HelmChartContainer - [test-hivemq-platform] [hivemq] [63804c82] WARNING: Thread Thread[vert.x-eventloop-thread-1,5,main] has been blocked for 2898 ms, time limit is 2000 ms
2025-01-29 17:08:00,904 INFO c.h.h.t.HelmChartContainer - [test-hivemq-platform] [hivemq] [63804c82] INFO  - [HiveMQ Platform Operator Init App 1.7.0-SNAPSHOT] Updating Pod HiveMQ Platform Operator Init App version annotation (version: 1.7.0-SNAPSHOT)
2025-01-29 17:08:01,912 INFO c.h.h.t.HelmChartContainer - [POD] test-hivemq-platform-0 [63804c82-1436-466d-8219-afc99fdd6c46] in helmcustomsecretconfigit was MODIFIED
2025-01-29 17:08:01,920 INFO c.h.h.t.HelmChartContainer - [hivemq-test-hivemq-platform] [hivemq-platform-operator] [209d5b10] 17:08:01.917 [pool-6-thread-23] DEBUG c.h.p.o.d.PlatformServiceResource - [helmcust] Desired Platform services (3 services)
2025-01-29 17:08:01,920 INFO c.h.h.t.HelmChartContainer - [hivemq-test-hivemq-platform] [hivemq-platform-operator] [209d5b10] 17:08:01.917 [pool-6-thread-21] DEBUG c.h.p.o.dependants.PodInfoConfigMap - [helmcust] Desired PodInfo ConfigMap (1 extensions) (1 enabled)
2025-01-29 17:08:01,920 INFO c.h.h.t.HelmChartContainer - [hivemq-test-hivemq-platform] [hivemq-platform-operator] [209d5b10] 17:08:01.917 [pool-6-thread-21] DEBUG c.h.p.o.dependants.PodInfoConfigMap - [helmcust] Desired PodInfo ConfigMap (metrics port: 9399) (metrics path: /)
2025-01-29 17:08:01,920 INFO c.h.h.t.HelmChartContainer - [hivemq-test-hivemq-platform] [hivemq-platform-operator] [209d5b10] 17:08:01.918 [pool-6-thread-21] DEBUG c.h.p.o.dependants.PodInfoConfigMap - [helmcust] Desired PodInfo ConfigMap (extension state hash: -1817474005)
2025-01-29 17:08:01,921 INFO c.h.h.t.HelmChartContainer - [hivemq-test-hivemq-platform] [hivemq-platform-operator] [209d5b10] 17:08:01.919 [pool-6-thread-21] DEBUG c.h.p.o.d.PodServiceAccountResource - [helmcust] Desired PodServiceAccountResource (serviceAccountName: hivemq-platform-pod-test-hivemq-platform)
2025-01-29 17:08:01,923 INFO c.h.h.t.HelmChartContainer - [hivemq-test-hivemq-platform] [hivemq-platform-operator] [209d5b10] 17:08:01.922 [pool-6-thread-23] DEBUG c.h.p.o.d.StatefulSetResource - [helmcust] Desired StatefulSet (2 replicas) for status STARTING (READY)
2025-01-29 17:08:01,928 INFO c.h.h.t.HelmChartContainer - [hivemq-test-hivemq-platform] [hivemq-platform-operator] [209d5b10] 17:08:01.926 [ReconcilerExecutor-hivemq-controller-112] INFO  c.h.p.o.HiveMQPlatformReconciler - [helmcust] Reconciling HiveMQ Platform 'test-hivemq-platform' in namespace 'helmcustomsecretconfigit'
2025-01-29 17:08:01,928 INFO c.h.h.t.HelmChartContainer - [hivemq-test-hivemq-platform] [hivemq-platform-operator] [209d5b10] 17:08:01.926 [ReconcilerExecutor-hivemq-controller-112] DEBUG c.h.p.o.HiveMQPlatformReconciler - [helmcust] Custom Resource Status STARTING - HiveMQ Platform is starting (READY)
2025-01-29 17:08:01,928 INFO c.h.h.t.HelmChartContainer - [hivemq-test-hivemq-platform] [hivemq-platform-operator] [209d5b10] 17:08:01.926 [ReconcilerExecutor-hivemq-controller-112] DEBUG c.h.p.o.HiveMQPlatformReconciler - [helmcust] Custom Resource Spec (replicas: 2) (extensions: 1)
2025-01-29 17:08:01,930 INFO c.h.h.t.HelmChartContainer - [hivemq-test-hivemq-platform] [hivemq-platform-operator] [209d5b10] 17:08:01.927 [ReconcilerExecutor-hivemq-controller-112] DEBUG c.h.p.o.HiveMQPlatformReconciler - [helmcust] StatefulSet Status (revision: test-hivemq-platform-7f5cbb4b76, replicas: 1, available: 0, ready: 0, current: 1, updated: 1)
2025-01-29 17:08:01,930 INFO c.h.h.t.HelmChartContainer - [hivemq-test-hivemq-platform] [hivemq-platform-operator] [209d5b10] 17:08:01.928 [ReconcilerExecutor-hivemq-controller-112] DEBUG c.h.p.o.HiveMQPlatformReconciler - [helmcust] StatefulSet Spec (replicas: 2, init containers: 1, containers: 1, volumes: 3)
2025-01-29 17:08:01,930 INFO c.h.h.t.HelmChartContainer - [hivemq-test-hivemq-platform] [hivemq-platform-operator] [209d5b10] 17:08:01.929 [ReconcilerExecutor-hivemq-controller-112] DEBUG c.h.p.o.h.HiveMQPlatformReconcilerErrorHandler - [helmcust] Pod 'test-hivemq-platform-0' phase Running
2025-01-29 17:08:01,930 INFO c.h.h.t.HelmChartContainer - [hivemq-test-hivemq-platform] [hivemq-platform-operator] [209d5b10] 17:08:01.929 [ReconcilerExecutor-hivemq-controller-112] INFO  c.h.p.o.h.HiveMQPlatformReconcilerBaseHandler - [helmcust] HiveMQ Platform is starting, 0 of 2 replicas are ready
2025-01-29 17:08:01,999 INFO c.h.h.t.HelmChartContainer - [test-hivemq-platform] [hivemq] [63804c82] WARN  - [HiveMQ Platform Operator Init App 1.7.0-SNAPSHOT] Cannot connect to Health API for readiness: null
2025-01-29 17:08:02,006 INFO c.h.h.t.HelmChartContainer - [test-hivemq-platform] [hivemq] [63804c82] INFO  - [HiveMQ Platform Operator Init App 1.7.0-SNAPSHOT] Successfully updated Pod HiveMQ Platform Operator Init App version annotation (version: 1.7.0-SNAPSHOT)
2025-01-29 17:08:02,010 INFO c.h.h.t.HelmChartContainer - [EVENT] Warning [Unhealthy] Readiness probe failed: HTTP probe failed with statuscode: 503 [helmcustomsecretconfigit:test-hivemq-platform-0]
2025-01-29 17:08:02,011 INFO c.h.h.t.HelmChartContainer - Received Unhealthy event for container hivemq in pod test-hivemq-platform-0 [63804c82-1436-466d-8219-afc99fdd6c46]
2025-01-29 17:08:06,918 INFO c.h.h.t.HelmChartContainer - [test-hivemq-platform] [hivemq] [63804c82] WARN  - [HiveMQ Platform Operator Init App 1.7.0-SNAPSHOT] Cannot connect to Health API for readiness: null
2025-01-29 17:08:06,920 INFO c.h.h.t.HelmChartContainer - [EVENT] Warning [Unhealthy] Readiness probe failed: HTTP probe failed with statuscode: 503 [helmcustomsecretconfigit:test-hivemq-platform-0]
2025-01-29 17:08:06,920 INFO c.h.h.t.HelmChartContainer - Received Unhealthy event for container hivemq in pod test-hivemq-platform-0 [63804c82-1436-466d-8219-afc99fdd6c46]
2025-01-29 17:08:11,936 INFO c.h.h.t.HelmChartContainer - [hivemq-test-hivemq-platform] [hivemq-platform-operator] [209d5b10] 17:08:11.934 [pool-6-thread-38] DEBUG c.h.p.o.d.PlatformServiceResource - [helmcust] Desired Platform services (3 services)
2025-01-29 17:08:11,936 INFO c.h.h.t.HelmChartContainer - [hivemq-test-hivemq-platform] [hivemq-platform-operator] [209d5b10] 17:08:11.934 [pool-6-thread-31] DEBUG c.h.p.o.dependants.PodInfoConfigMap - [helmcust] Desired PodInfo ConfigMap (1 extensions) (1 enabled)
2025-01-29 17:08:11,937 INFO c.h.h.t.HelmChartContainer - [hivemq-test-hivemq-platform] [hivemq-platform-operator] [209d5b10] 17:08:11.935 [pool-6-thread-36] DEBUG c.h.p.o.d.PodServiceAccountResource - [helmcust] Desired PodServiceAccountResource (serviceAccountName: hivemq-platform-pod-test-hivemq-platform)
2025-01-29 17:08:11,939 INFO c.h.h.t.HelmChartContainer - [hivemq-test-hivemq-platform] [hivemq-platform-operator] [209d5b10] 17:08:11.937 [pool-6-thread-31] DEBUG c.h.p.o.dependants.PodInfoConfigMap - [helmcust] Desired PodInfo ConfigMap (metrics port: 9399) (metrics path: /)
2025-01-29 17:08:11,939 INFO c.h.h.t.HelmChartContainer - [hivemq-test-hivemq-platform] [hivemq-platform-operator] [209d5b10] 17:08:11.937 [pool-6-thread-31] DEBUG c.h.p.o.dependants.PodInfoConfigMap - [helmcust] Desired PodInfo ConfigMap (extension state hash: -1817474005)
2025-01-29 17:08:11,943 INFO c.h.h.t.HelmChartContainer - [hivemq-test-hivemq-platform] [hivemq-platform-operator] [209d5b10] 17:08:11.942 [pool-6-thread-38] DEBUG c.h.p.o.d.StatefulSetResource - [helmcust] Desired StatefulSet (2 replicas) for status STARTING (READY)
2025-01-29 17:08:11,948 INFO c.h.h.t.HelmChartContainer - [hivemq-test-hivemq-platform] [hivemq-platform-operator] [209d5b10] 17:08:11.946 [ReconcilerExecutor-hivemq-controller-113] INFO  c.h.p.o.HiveMQPlatformReconciler - [helmcust] Reconciling HiveMQ Platform 'test-hivemq-platform' in namespace 'helmcustomsecretconfigit'
2025-01-29 17:08:11,948 INFO c.h.h.t.HelmChartContainer - [hivemq-test-hivemq-platform] [hivemq-platform-operator] [209d5b10] 17:08:11.946 [ReconcilerExecutor-hivemq-controller-113] DEBUG c.h.p.o.HiveMQPlatformReconciler - [helmcust] Custom Resource Status STARTING - HiveMQ Platform is starting (READY)
2025-01-29 17:08:11,948 INFO c.h.h.t.HelmChartContainer - [hivemq-test-hivemq-platform] [hivemq-platform-operator] [209d5b10] 17:08:11.946 [ReconcilerExecutor-hivemq-controller-113] DEBUG c.h.p.o.HiveMQPlatformReconciler - [helmcust] Custom Resource Spec (replicas: 2) (extensions: 1)
2025-01-29 17:08:11,949 INFO c.h.h.t.HelmChartContainer - [hivemq-test-hivemq-platform] [hivemq-platform-operator] [209d5b10] 17:08:11.947 [ReconcilerExecutor-hivemq-controller-113] DEBUG c.h.p.o.HiveMQPlatformReconciler - [helmcust] StatefulSet Status (revision: test-hivemq-platform-7f5cbb4b76, replicas: 1, available: 0, ready: 0, current: 1, updated: 1)
2025-01-29 17:08:11,950 INFO c.h.h.t.HelmChartContainer - [hivemq-test-hivemq-platform] [hivemq-platform-operator] [209d5b10] 17:08:11.948 [ReconcilerExecutor-hivemq-controller-113] DEBUG c.h.p.o.HiveMQPlatformReconciler - [helmcust] StatefulSet Spec (replicas: 2, init containers: 1, containers: 1, volumes: 3)
2025-01-29 17:08:11,950 INFO c.h.h.t.HelmChartContainer - [hivemq-test-hivemq-platform] [hivemq-platform-operator] [209d5b10] 17:08:11.950 [ReconcilerExecutor-hivemq-controller-113] DEBUG c.h.p.o.h.HiveMQPlatformReconcilerErrorHandler - [helmcust] Pod 'test-hivemq-platform-0' phase Running
2025-01-29 17:08:11,974 INFO c.h.h.t.HelmChartContainer - [hivemq-test-hivemq-platform] [hivemq-platform-operator] [209d5b10] 17:08:11.973 [ReconcilerExecutor-hivemq-controller-113] INFO  c.h.p.o.h.HiveMQPlatformReconcilerBaseHandler - [helmcust] HiveMQ Platform is starting, 0 of 2 replicas are ready
2025-01-29 17:08:12,000 INFO c.h.h.t.HelmChartContainer - [test-hivemq-platform] [hivemq] [63804c82] WARN  - [HiveMQ Platform Operator Init App 1.7.0-SNAPSHOT] Cannot connect to Health API for readiness: null
2025-01-29 17:08:12,012 INFO c.h.h.t.HelmChartContainer - [test-hivemq-platform] [hivemq] [63804c82] WARN  - [HiveMQ Platform Operator Init App 1.7.0-SNAPSHOT] Cannot connect to Health API for liveness: null
2025-01-29 17:08:12,012 INFO c.h.h.t.HelmChartContainer - [test-hivemq-platform] [hivemq] [63804c82] INFO  - [HiveMQ Platform Operator Init App 1.7.0-SNAPSHOT] Returning default Health API response 200 for liveness
2025-01-29 17:08:12,024 INFO c.h.h.t.HelmChartContainer - [EVENT] Warning [Unhealthy] Readiness probe failed: HTTP probe failed with statuscode: 503 [helmcustomsecretconfigit:test-hivemq-platform-0]
2025-01-29 17:08:12,025 INFO c.h.h.t.HelmChartContainer - Received Unhealthy event for container hivemq in pod test-hivemq-platform-0 [63804c82-1436-466d-8219-afc99fdd6c46]
2025-01-29 17:08:14,900 INFO c.h.h.t.HelmChartContainer - [test-hivemq-platform] [hivemq] [63804c82] INFO  - No valid license file found. Using trial license, restricted to 25 connections.
2025-01-29 17:08:16,999 INFO c.h.h.t.HelmChartContainer - [test-hivemq-platform] [hivemq] [63804c82] WARN  - [HiveMQ Platform Operator Init App 1.7.0-SNAPSHOT] Cannot connect to Health API for readiness: null
2025-01-29 17:08:17,005 INFO c.h.h.t.HelmChartContainer - [EVENT] Warning [Unhealthy] Readiness probe failed: HTTP probe failed with statuscode: 503 [helmcustomsecretconfigit:test-hivemq-platform-0]
2025-01-29 17:08:17,005 INFO c.h.h.t.HelmChartContainer - Received Unhealthy event for container hivemq in pod test-hivemq-platform-0 [63804c82-1436-466d-8219-afc99fdd6c46]
2025-01-29 17:08:18,699 INFO c.h.h.t.HelmChartContainer - [test-hivemq-platform] [hivemq] [63804c82] INFO  - No valid license file for Data Hub found. Using free license, restricted to 1 policy.
2025-01-29 17:08:19,906 INFO c.h.h.t.HelmChartContainer - [test-hivemq-platform] [hivemq] [63804c82] INFO  - Audit Logger started.
2025-01-29 17:08:20,400 INFO c.h.h.t.HelmChartContainer - [test-hivemq-platform] [hivemq] [63804c82] INFO  - This node uses '1' CPU cores.
2025-01-29 17:08:20,405 INFO c.h.h.t.HelmChartContainer - [test-hivemq-platform] [hivemq] [63804c82] INFO  - Starting HiveMQ Health API on address 0.0.0.0 and port 8889
2025-01-29 17:08:21,308 INFO c.h.h.t.HelmChartContainer - [test-hivemq-platform] [hivemq] [63804c82] INFO  - Started HiveMQ Health API in 903ms
2025-01-29 17:08:21,981 INFO c.h.h.t.HelmChartContainer - [hivemq-test-hivemq-platform] [hivemq-platform-operator] [209d5b10] 17:08:21.976 [pool-6-thread-45] DEBUG c.h.p.o.d.PodServiceAccountResource - [helmcust] Desired PodServiceAccountResource (serviceAccountName: hivemq-platform-pod-test-hivemq-platform)
2025-01-29 17:08:21,981 INFO c.h.h.t.HelmChartContainer - [hivemq-test-hivemq-platform] [hivemq-platform-operator] [209d5b10] 17:08:21.976 [pool-6-thread-42] DEBUG c.h.p.o.dependants.PodInfoConfigMap - [helmcust] Desired PodInfo ConfigMap (1 extensions) (1 enabled)
2025-01-29 17:08:21,981 INFO c.h.h.t.HelmChartContainer - [hivemq-test-hivemq-platform] [hivemq-platform-operator] [209d5b10] 17:08:21.976 [pool-6-thread-42] DEBUG c.h.p.o.dependants.PodInfoConfigMap - [helmcust] Desired PodInfo ConfigMap (metrics port: 9399) (metrics path: /)
2025-01-29 17:08:21,981 INFO c.h.h.t.HelmChartContainer - [hivemq-test-hivemq-platform] [hivemq-platform-operator] [209d5b10] 17:08:21.976 [pool-6-thread-42] DEBUG c.h.p.o.dependants.PodInfoConfigMap - [helmcust] Desired PodInfo ConfigMap (extension state hash: -1817474005)
2025-01-29 17:08:21,981 INFO c.h.h.t.HelmChartContainer - [hivemq-test-hivemq-platform] [hivemq-platform-operator] [209d5b10] 17:08:21.976 [pool-6-thread-43] DEBUG c.h.p.o.d.PlatformServiceResource - [helmcust] Desired Platform services (3 services)
2025-01-29 17:08:21,989 INFO c.h.h.t.HelmChartContainer - [hivemq-test-hivemq-platform] [hivemq-platform-operator] [209d5b10] 17:08:21.988 [pool-6-thread-43] DEBUG c.h.p.o.d.StatefulSetResource - [helmcust] Desired StatefulSet (2 replicas) for status STARTING (READY)
2025-01-29 17:08:22,001 INFO c.h.h.t.HelmChartContainer - [test-hivemq-platform] [hivemq] [63804c82] INFO  - Starting HiveMQ extension system.
2025-01-29 17:08:22,074 INFO c.h.h.t.HelmChartContainer - [hivemq-test-hivemq-platform] [hivemq-platform-operator] [209d5b10] 17:08:22.073 [ReconcilerExecutor-hivemq-controller-114] INFO  c.h.p.o.HiveMQPlatformReconciler - [helmcust] Reconciling HiveMQ Platform 'test-hivemq-platform' in namespace 'helmcustomsecretconfigit'
2025-01-29 17:08:22,076 INFO c.h.h.t.HelmChartContainer - [hivemq-test-hivemq-platform] [hivemq-platform-operator] [209d5b10] 17:08:22.073 [ReconcilerExecutor-hivemq-controller-114] DEBUG c.h.p.o.HiveMQPlatformReconciler - [helmcust] Custom Resource Status STARTING - HiveMQ Platform is starting (READY)
2025-01-29 17:08:22,076 INFO c.h.h.t.HelmChartContainer - [hivemq-test-hivemq-platform] [hivemq-platform-operator] [209d5b10] 17:08:22.073 [ReconcilerExecutor-hivemq-controller-114] DEBUG c.h.p.o.HiveMQPlatformReconciler - [helmcust] Custom Resource Spec (replicas: 2) (extensions: 1)
2025-01-29 17:08:22,078 INFO c.h.h.t.HelmChartContainer - [hivemq-test-hivemq-platform] [hivemq-platform-operator] [209d5b10] 17:08:22.076 [ReconcilerExecutor-hivemq-controller-114] DEBUG c.h.p.o.HiveMQPlatformReconciler - [helmcust] StatefulSet Status (revision: test-hivemq-platform-7f5cbb4b76, replicas: 1, available: 0, ready: 0, current: 1, updated: 1)
2025-01-29 17:08:22,078 INFO c.h.h.t.HelmChartContainer - [hivemq-test-hivemq-platform] [hivemq-platform-operator] [209d5b10] 17:08:22.077 [ReconcilerExecutor-hivemq-controller-114] DEBUG c.h.p.o.HiveMQPlatformReconciler - [helmcust] StatefulSet Spec (replicas: 2, init containers: 1, containers: 1, volumes: 3)
2025-01-29 17:08:22,079 INFO c.h.h.t.HelmChartContainer - [hivemq-test-hivemq-platform] [hivemq-platform-operator] [209d5b10] 17:08:22.078 [ReconcilerExecutor-hivemq-controller-114] DEBUG c.h.p.o.h.HiveMQPlatformReconcilerErrorHandler - [helmcust] Pod 'test-hivemq-platform-0' phase Running
2025-01-29 17:08:22,080 INFO c.h.h.t.HelmChartContainer - [hivemq-test-hivemq-platform] [hivemq-platform-operator] [209d5b10] 17:08:22.079 [ReconcilerExecutor-hivemq-controller-114] INFO  c.h.p.o.h.HiveMQPlatformReconcilerBaseHandler - [helmcust] HiveMQ Platform is starting, 0 of 2 replicas are ready
2025-01-29 17:08:22,506 INFO c.h.h.t.HelmChartContainer - [test-hivemq-platform] [hivemq] [63804c82] INFO  - Starting extension with id "hivemq-dns-cluster-discovery" at /opt/hivemq/extensions/hivemq-dns-cluster-discovery
2025-01-29 17:08:22,955 INFO c.h.h.t.HelmChartContainer - [EVENT] Warning [Unhealthy] Readiness probe failed: Get "http://10.42.0.17:7979/readiness": context deadline exceeded (Client.Timeout exceeded while awaiting headers) [helmcustomsecretconfigit:test-hivemq-platform-0]
2025-01-29 17:08:22,955 INFO c.h.h.t.HelmChartContainer - Received Unhealthy event for container hivemq in pod test-hivemq-platform-0 [63804c82-1436-466d-8219-afc99fdd6c46]
2025-01-29 17:08:23,206 INFO c.h.h.t.HelmChartContainer - [test-hivemq-platform] [hivemq] [63804c82] INFO  - Extension "DNS Cluster Discovery Extension" version 4.3.2 started successfully.
2025-01-29 17:08:23,299 INFO c.h.h.t.HelmChartContainer - [test-hivemq-platform] [hivemq] [63804c82] INFO  - Starting extension with id "hivemq-prometheus-extension" at /opt/hivemq/extensions/hivemq-prometheus-extension
2025-01-29 17:08:23,502 INFO c.h.h.t.HelmChartContainer - [test-hivemq-platform] [hivemq] [63804c82] INFO  - [HiveMQ Platform Operator Init App 1.7.0-SNAPSHOT] Returning Health API response 503 for readiness
2025-01-29 17:08:23,606 INFO c.h.h.t.HelmChartContainer - [test-hivemq-platform] [hivemq] [63804c82] INFO  - Using TCP cluster transport on address 10.42.0.17 and port 7000
2025-01-29 17:08:23,707 INFO c.h.h.t.HelmChartContainer - [test-hivemq-platform] [hivemq] [63804c82] INFO  - Using extension cluster discovery
2025-01-29 17:08:24,707 INFO c.h.h.t.HelmChartContainer - [test-hivemq-platform] [hivemq] [63804c82] INFO  - Started Jetty Server exposing Prometheus Servlet on URI http://0.0.0.0:9399/
2025-01-29 17:08:24,707 INFO c.h.h.t.HelmChartContainer - [test-hivemq-platform] [hivemq] [63804c82] INFO  - Extension "Prometheus Monitoring Extension" version 4.0.12 started successfully.
2025-01-29 17:08:24,708 INFO c.h.h.t.HelmChartContainer - [test-hivemq-platform] [hivemq] [63804c82] INFO  - Starting extension with id "hivemq-allow-all-extension" at /opt/hivemq/extensions/hivemq-allow-all-extension
2025-01-29 17:08:24,708 INFO c.h.h.t.HelmChartContainer - [test-hivemq-platform] [hivemq] [63804c82] WARN  - 
2025-01-29 17:08:24,708 INFO c.h.h.t.HelmChartContainer - [test-hivemq-platform] [hivemq] [63804c82] ################################################################################################################
2025-01-29 17:08:24,708 INFO c.h.h.t.HelmChartContainer - [test-hivemq-platform] [hivemq] [63804c82] # This HiveMQ deployment is not secure! You are lacking Authentication and Authorization.                      #
2025-01-29 17:08:24,708 INFO c.h.h.t.HelmChartContainer - [test-hivemq-platform] [hivemq] [63804c82] # Right now any MQTT client can connect to the broker with a full set of permissions.                          #
2025-01-29 17:08:24,708 INFO c.h.h.t.HelmChartContainer - [test-hivemq-platform] [hivemq] [63804c82] # For production usage, add an appropriate security extension and remove the hivemq-allow-all extension.       #
2025-01-29 17:08:24,708 INFO c.h.h.t.HelmChartContainer - [test-hivemq-platform] [hivemq] [63804c82] # You can download security extensions from the HiveMQ Marketplace (https://www.hivemq.com/extensions/).       #
2025-01-29 17:08:24,708 INFO c.h.h.t.HelmChartContainer - [test-hivemq-platform] [hivemq] [63804c82] ################################################################################################################
2025-01-29 17:08:24,708 INFO c.h.h.t.HelmChartContainer - [test-hivemq-platform] [hivemq] [63804c82] INFO  - Extension "Allow All Extension" version 1.1.1 started successfully.
2025-01-29 17:08:26,705 INFO c.h.h.t.HelmChartContainer - [test-hivemq-platform] [hivemq] [63804c82] INFO  - zvNJ7: no members discovered after 2001 ms: creating cluster as first member
2025-01-29 17:08:26,712 INFO c.h.h.t.HelmChartContainer - [test-hivemq-platform] [hivemq] [63804c82] INFO  - Cluster nodes found by discovery: [zvNJ7|0] (1) [zvNJ7].
2025-01-29 17:08:26,801 INFO c.h.h.t.HelmChartContainer - [test-hivemq-platform] [hivemq] [63804c82] WARN  - No user for HiveMQ Control Center configured. Starting with default user
2025-01-29 17:08:26,801 INFO c.h.h.t.HelmChartContainer - [test-hivemq-platform] [hivemq] [63804c82] INFO  - Starting HiveMQ Control Center on address 0.0.0.0 and port 8080
2025-01-29 17:08:26,809 INFO c.h.h.t.HelmChartContainer - [test-hivemq-platform] [hivemq] [63804c82] INFO  - Mounting HiveMQ Control Center V2 Preview
2025-01-29 17:08:26,923 INFO c.h.h.t.HelmChartContainer - [EVENT] Warning [Unhealthy] Readiness probe failed: HTTP probe failed with statuscode: 503 [helmcustomsecretconfigit:test-hivemq-platform-0]
2025-01-29 17:08:26,923 INFO c.h.h.t.HelmChartContainer - Received Unhealthy event for container hivemq in pod test-hivemq-platform-0 [63804c82-1436-466d-8219-afc99fdd6c46]
2025-01-29 17:08:27,610 INFO c.h.h.t.HelmChartContainer - [test-hivemq-platform] [hivemq] [63804c82] INFO  - Started HiveMQ Control Center in 809ms
2025-01-29 17:08:27,700 INFO c.h.h.t.HelmChartContainer - [test-hivemq-platform] [hivemq] [63804c82] INFO  - Starting TCP listener on address 0.0.0.0 and port 1883
2025-01-29 17:08:27,715 INFO c.h.h.t.HelmChartContainer - [test-hivemq-platform] [hivemq] [63804c82] INFO  - Started TCP Listener on address 0.0.0.0 and on port 1883.
2025-01-29 17:08:27,715 INFO c.h.h.t.HelmChartContainer - [test-hivemq-platform] [hivemq] [63804c82] INFO  - Started HiveMQ in 34401ms
2025-01-29 17:08:31,917 INFO c.h.h.t.HelmChartContainer - [test-hivemq-platform] [hivemq] [63804c82] INFO  - [HiveMQ Platform Operator Init App 1.7.0-SNAPSHOT] Returning Health API response 200 for readiness
2025-01-29 17:08:31,932 INFO c.h.h.t.HelmChartContainer - [POD] test-hivemq-platform-0 [63804c82-1436-466d-8219-afc99fdd6c46] in helmcustomsecretconfigit was MODIFIED
2025-01-29 17:08:31,938 INFO c.h.h.t.HelmChartContainer - [hivemq-test-hivemq-platform] [hivemq-platform-operator] [209d5b10] 17:08:31.937 [pool-6-thread-2] DEBUG c.h.p.o.d.PlatformServiceResource - [helmcust] Desired Platform services (3 services)
2025-01-29 17:08:31,943 INFO c.h.h.t.HelmChartContainer - [hivemq-test-hivemq-platform] [hivemq-platform-operator] [209d5b10] 17:08:31.939 [pool-6-thread-9] DEBUG c.h.p.o.dependants.PodInfoConfigMap - [helmcust] Desired PodInfo ConfigMap (1 extensions) (1 enabled)
2025-01-29 17:08:31,943 INFO c.h.h.t.HelmChartContainer - [hivemq-test-hivemq-platform] [hivemq-platform-operator] [209d5b10] 17:08:31.940 [pool-6-thread-9] DEBUG c.h.p.o.dependants.PodInfoConfigMap - [helmcust] Desired PodInfo ConfigMap (metrics port: 9399) (metrics path: /)
2025-01-29 17:08:31,943 INFO c.h.h.t.HelmChartContainer - [hivemq-test-hivemq-platform] [hivemq-platform-operator] [209d5b10] 17:08:31.941 [pool-6-thread-9] DEBUG c.h.p.o.dependants.PodInfoConfigMap - [helmcust] Desired PodInfo ConfigMap (extension state hash: -1817474005)
2025-01-29 17:08:31,950 INFO c.h.h.t.HelmChartContainer - [hivemq-test-hivemq-platform] [hivemq-platform-operator] [209d5b10] 17:08:31.940 [pool-6-thread-5] DEBUG c.h.p.o.d.PodServiceAccountResource - [helmcust] Desired PodServiceAccountResource (serviceAccountName: hivemq-platform-pod-test-hivemq-platform)
2025-01-29 17:08:31,957 INFO c.h.h.t.HelmChartContainer - [POD] test-hivemq-platform-1 [16411f42-8e45-4c9f-bf10-9e37c22d212d] in helmcustomsecretconfigit was ADDED
2025-01-29 17:08:31,960 INFO c.h.h.t.HelmChartContainer - [POD] test-hivemq-platform-1 [16411f42-8e45-4c9f-bf10-9e37c22d212d] in helmcustomsecretconfigit was MODIFIED
2025-01-29 17:08:31,965 INFO c.h.h.t.HelmChartContainer - [EVENT] Normal [SuccessfulCreate] create Pod test-hivemq-platform-1 in StatefulSet test-hivemq-platform successful [helmcustomsecretconfigit:test-hivemq-platform]
2025-01-29 17:08:31,965 INFO c.h.h.t.HelmChartContainer - [EVENT] Normal [Scheduled] Successfully assigned helmcustomsecretconfigit/test-hivemq-platform-1 to 660565193bdc [helmcustomsecretconfigit:test-hivemq-platform-1]
2025-01-29 17:08:31,975 INFO c.h.h.t.HelmChartContainer - [hivemq-test-hivemq-platform] [hivemq-platform-operator] [209d5b10] 17:08:31.973 [pool-6-thread-2] DEBUG c.h.p.o.d.StatefulSetResource - [helmcust] Desired StatefulSet (2 replicas) for status STARTING (READY)
2025-01-29 17:08:31,982 INFO c.h.h.t.HelmChartContainer - [hivemq-test-hivemq-platform] [hivemq-platform-operator] [209d5b10] 17:08:31.981 [ReconcilerExecutor-hivemq-controller-115] INFO  c.h.p.o.HiveMQPlatformReconciler - [helmcust] Reconciling HiveMQ Platform 'test-hivemq-platform' in namespace 'helmcustomsecretconfigit'
2025-01-29 17:08:31,982 INFO c.h.h.t.HelmChartContainer - [hivemq-test-hivemq-platform] [hivemq-platform-operator] [209d5b10] 17:08:31.981 [ReconcilerExecutor-hivemq-controller-115] DEBUG c.h.p.o.HiveMQPlatformReconciler - [helmcust] Custom Resource Status STARTING - HiveMQ Platform is starting (READY)
2025-01-29 17:08:31,983 INFO c.h.h.t.HelmChartContainer - [hivemq-test-hivemq-platform] [hivemq-platform-operator] [209d5b10] 17:08:31.981 [ReconcilerExecutor-hivemq-controller-115] DEBUG c.h.p.o.HiveMQPlatformReconciler - [helmcust] Custom Resource Spec (replicas: 2) (extensions: 1)
2025-01-29 17:08:31,986 INFO c.h.h.t.HelmChartContainer - [POD] test-hivemq-platform-1 [16411f42-8e45-4c9f-bf10-9e37c22d212d] in helmcustomsecretconfigit was MODIFIED
2025-01-29 17:08:31,990 INFO c.h.h.t.HelmChartContainer - [hivemq-test-hivemq-platform] [hivemq-platform-operator] [209d5b10] 17:08:31.985 [ReconcilerExecutor-hivemq-controller-115] DEBUG c.h.p.o.HiveMQPlatformReconciler - [helmcust] StatefulSet Status (revision: test-hivemq-platform-7f5cbb4b76, replicas: 1, available: 0, ready: 0, current: 1, updated: 1)
2025-01-29 17:08:31,990 INFO c.h.h.t.HelmChartContainer - [hivemq-test-hivemq-platform] [hivemq-platform-operator] [209d5b10] 17:08:31.987 [ReconcilerExecutor-hivemq-controller-115] DEBUG c.h.p.o.HiveMQPlatformReconciler - [helmcust] StatefulSet Spec (replicas: 2, init containers: 1, containers: 1, volumes: 3)
2025-01-29 17:08:31,990 INFO c.h.h.t.HelmChartContainer - [hivemq-test-hivemq-platform] [hivemq-platform-operator] [209d5b10] 17:08:31.989 [ReconcilerExecutor-hivemq-controller-115] DEBUG c.h.p.o.h.HiveMQPlatformReconcilerErrorHandler - [helmcust] Pod 'test-hivemq-platform-1' phase Pending
2025-01-29 17:08:31,991 INFO c.h.h.t.HelmChartContainer - [hivemq-test-hivemq-platform] [hivemq-platform-operator] [209d5b10] 17:08:31.990 [ReconcilerExecutor-hivemq-controller-115] DEBUG c.h.p.o.h.HiveMQPlatformReconcilerErrorHandler - [helmcust] Pod 'test-hivemq-platform-1' condition 'PodScheduled': True
2025-01-29 17:08:31,994 INFO c.h.h.t.HelmChartContainer - [hivemq-test-hivemq-platform] [hivemq-platform-operator] [209d5b10] 17:08:31.992 [ReconcilerExecutor-hivemq-controller-115] DEBUG c.h.p.o.h.HiveMQPlatformReconcilerErrorHandler - [helmcust] Pod 'test-hivemq-platform-0' phase Running
2025-01-29 17:08:31,994 INFO c.h.h.t.HelmChartContainer - [hivemq-test-hivemq-platform] [hivemq-platform-operator] [209d5b10] 17:08:31.993 [ReconcilerExecutor-hivemq-controller-115] INFO  c.h.p.o.h.HiveMQPlatformReconcilerBaseHandler - [helmcust] HiveMQ Platform is starting, 0 of 2 replicas are ready
2025-01-29 17:08:32,068 INFO c.h.h.t.HelmChartContainer - [K3S] [reconciler_common.go:251] "operationExecutor.VerifyControllerAttachedVolume started for volume \"broker-configuration\" (UniqueName: \"kubernetes.io/secret/16411f42-8e45-4c9f-bf10-9e37c22d212d-broker-configuration\") pod \"test-hivemq-platform-1\" (UID: \"16411f42-8e45-4c9f-bf10-9e37c22d212d\") " pod="helmcustomsecretconfigit/test-hivemq-platform-1"
2025-01-29 17:08:32,068 INFO c.h.h.t.HelmChartContainer - [K3S] [reconciler_common.go:251] "operationExecutor.VerifyControllerAttachedVolume started for volume \"kube-api-access-lsxpm\" (UniqueName: \"kubernetes.io/projected/16411f42-8e45-4c9f-bf10-9e37c22d212d-kube-api-access-lsxpm\") pod \"test-hivemq-platform-1\" (UID: \"16411f42-8e45-4c9f-bf10-9e37c22d212d\") " pod="helmcustomsecretconfigit/test-hivemq-platform-1"
2025-01-29 17:08:32,068 INFO c.h.h.t.HelmChartContainer - [K3S] [reconciler_common.go:251] "operationExecutor.VerifyControllerAttachedVolume started for volume \"pod-info\" (UniqueName: \"kubernetes.io/configmap/16411f42-8e45-4c9f-bf10-9e37c22d212d-pod-info\") pod \"test-hivemq-platform-1\" (UID: \"16411f42-8e45-4c9f-bf10-9e37c22d212d\") " pod="helmcustomsecretconfigit/test-hivemq-platform-1"
2025-01-29 17:08:32,068 INFO c.h.h.t.HelmChartContainer - [K3S] [reconciler_common.go:251] "operationExecutor.VerifyControllerAttachedVolume started for volume \"operator-init\" (UniqueName: \"kubernetes.io/empty-dir/16411f42-8e45-4c9f-bf10-9e37c22d212d-operator-init\") pod \"test-hivemq-platform-1\" (UID: \"16411f42-8e45-4c9f-bf10-9e37c22d212d\") " pod="helmcustomsecretconfigit/test-hivemq-platform-1"
2025-01-29 17:08:32,080 INFO c.h.h.t.HelmChartContainer - [hivemq-test-hivemq-platform] [hivemq-platform-operator] [209d5b10] 17:08:32.074 [pool-6-thread-11] DEBUG c.h.p.o.d.PlatformServiceResource - [helmcust] Desired Platform services (3 services)
2025-01-29 17:08:32,080 INFO c.h.h.t.HelmChartContainer - [hivemq-test-hivemq-platform] [hivemq-platform-operator] [209d5b10] 17:08:32.075 [pool-6-thread-19] DEBUG c.h.p.o.dependants.PodInfoConfigMap - [helmcust] Desired PodInfo ConfigMap (1 extensions) (1 enabled)
2025-01-29 17:08:32,080 INFO c.h.h.t.HelmChartContainer - [hivemq-test-hivemq-platform] [hivemq-platform-operator] [209d5b10] 17:08:32.075 [pool-6-thread-19] DEBUG c.h.p.o.dependants.PodInfoConfigMap - [helmcust] Desired PodInfo ConfigMap (metrics port: 9399) (metrics path: /)
2025-01-29 17:08:32,080 INFO c.h.h.t.HelmChartContainer - [hivemq-test-hivemq-platform] [hivemq-platform-operator] [209d5b10] 17:08:32.075 [pool-6-thread-19] DEBUG c.h.p.o.dependants.PodInfoConfigMap - [helmcust] Desired PodInfo ConfigMap (extension state hash: -1817474005)
2025-01-29 17:08:32,080 INFO c.h.h.t.HelmChartContainer - [hivemq-test-hivemq-platform] [hivemq-platform-operator] [209d5b10] 17:08:32.077 [pool-6-thread-15] DEBUG c.h.p.o.d.PodServiceAccountResource - [helmcust] Desired PodServiceAccountResource (serviceAccountName: hivemq-platform-pod-test-hivemq-platform)
2025-01-29 17:08:32,084 INFO c.h.h.t.HelmChartContainer - [hivemq-test-hivemq-platform] [hivemq-platform-operator] [209d5b10] 17:08:32.083 [pool-6-thread-11] DEBUG c.h.p.o.d.StatefulSetResource - [helmcust] Desired StatefulSet (2 replicas) for status STARTING (READY)
2025-01-29 17:08:32,087 INFO c.h.h.t.HelmChartContainer - [hivemq-test-hivemq-platform] [hivemq-platform-operator] [209d5b10] 17:08:32.086 [ReconcilerExecutor-hivemq-controller-116] INFO  c.h.p.o.HiveMQPlatformReconciler - [helmcust] Reconciling HiveMQ Platform 'test-hivemq-platform' in namespace 'helmcustomsecretconfigit'
2025-01-29 17:08:32,089 INFO c.h.h.t.HelmChartContainer - [hivemq-test-hivemq-platform] [hivemq-platform-operator] [209d5b10] 17:08:32.086 [ReconcilerExecutor-hivemq-controller-116] DEBUG c.h.p.o.HiveMQPlatformReconciler - [helmcust] Custom Resource Status STARTING - HiveMQ Platform is starting (READY)
2025-01-29 17:08:32,089 INFO c.h.h.t.HelmChartContainer - [hivemq-test-hivemq-platform] [hivemq-platform-operator] [209d5b10] 17:08:32.086 [ReconcilerExecutor-hivemq-controller-116] DEBUG c.h.p.o.HiveMQPlatformReconciler - [helmcust] Custom Resource Spec (replicas: 2) (extensions: 1)
2025-01-29 17:08:32,175 INFO c.h.h.t.HelmChartContainer - [hivemq-test-hivemq-platform] [hivemq-platform-operator] [209d5b10] 17:08:32.173 [ReconcilerExecutor-hivemq-controller-116] DEBUG c.h.p.o.HiveMQPlatformReconciler - [helmcust] StatefulSet Status (revision: test-hivemq-platform-7f5cbb4b76, replicas: 2, available: 1, ready: 1, current: 2, updated: 2)
2025-01-29 17:08:32,175 INFO c.h.h.t.HelmChartContainer - [hivemq-test-hivemq-platform] [hivemq-platform-operator] [209d5b10] 17:08:32.173 [ReconcilerExecutor-hivemq-controller-116] DEBUG c.h.p.o.HiveMQPlatformReconciler - [helmcust] StatefulSet Spec (replicas: 2, init containers: 1, containers: 1, volumes: 3)
2025-01-29 17:08:32,176 INFO c.h.h.t.HelmChartContainer - [hivemq-test-hivemq-platform] [hivemq-platform-operator] [209d5b10] 17:08:32.174 [ReconcilerExecutor-hivemq-controller-116] DEBUG c.h.p.o.h.HiveMQPlatformReconcilerErrorHandler - [helmcust] Pod 'test-hivemq-platform-1' phase Pending
2025-01-29 17:08:32,176 INFO c.h.h.t.HelmChartContainer - [hivemq-test-hivemq-platform] [hivemq-platform-operator] [209d5b10] 17:08:32.175 [ReconcilerExecutor-hivemq-controller-116] DEBUG c.h.p.o.h.HiveMQPlatformReconcilerErrorHandler - [helmcust] Pod 'test-hivemq-platform-1' condition 'PodReadyToStartContainers': False
2025-01-29 17:08:32,176 INFO c.h.h.t.HelmChartContainer - [hivemq-test-hivemq-platform] [hivemq-platform-operator] [209d5b10] 17:08:32.175 [ReconcilerExecutor-hivemq-controller-116] DEBUG c.h.p.o.h.HiveMQPlatformReconcilerErrorHandler - [helmcust] Pod 'test-hivemq-platform-1' condition 'Initialized': False
2025-01-29 17:08:32,176 INFO c.h.h.t.HelmChartContainer - [hivemq-test-hivemq-platform] [hivemq-platform-operator] [209d5b10] 17:08:32.175 [ReconcilerExecutor-hivemq-controller-116] DEBUG c.h.p.o.h.HiveMQPlatformReconcilerErrorHandler - [helmcust] Pod 'test-hivemq-platform-1' condition 'Ready': False
2025-01-29 17:08:32,176 INFO c.h.h.t.HelmChartContainer - [hivemq-test-hivemq-platform] [hivemq-platform-operator] [209d5b10] 17:08:32.175 [ReconcilerExecutor-hivemq-controller-116] DEBUG c.h.p.o.h.HiveMQPlatformReconcilerErrorHandler - [helmcust] Pod 'test-hivemq-platform-1' condition 'ContainersReady': False
2025-01-29 17:08:32,176 INFO c.h.h.t.HelmChartContainer - [hivemq-test-hivemq-platform] [hivemq-platform-operator] [209d5b10] 17:08:32.175 [ReconcilerExecutor-hivemq-controller-116] DEBUG c.h.p.o.h.HiveMQPlatformReconcilerErrorHandler - [helmcust] Pod 'test-hivemq-platform-1' condition 'PodScheduled': True
2025-01-29 17:08:32,176 INFO c.h.h.t.HelmChartContainer - [hivemq-test-hivemq-platform] [hivemq-platform-operator] [209d5b10] 17:08:32.175 [ReconcilerExecutor-hivemq-controller-116] DEBUG c.h.p.o.h.HiveMQPlatformReconcilerErrorHandler - [helmcust] Pod 'test-hivemq-platform-1' containerStatus 'hivemq' (started: false) (ready: false) (waiting: [PodInitializing] null)
2025-01-29 17:08:32,177 INFO c.h.h.t.HelmChartContainer - [hivemq-test-hivemq-platform] [hivemq-platform-operator] [209d5b10] 17:08:32.176 [ReconcilerExecutor-hivemq-controller-116] DEBUG c.h.p.o.h.HiveMQPlatformReconcilerErrorHandler - [helmcust] Pod 'test-hivemq-platform-0' phase Running
2025-01-29 17:08:32,178 INFO c.h.h.t.HelmChartContainer - [hivemq-test-hivemq-platform] [hivemq-platform-operator] [209d5b10] 17:08:32.177 [ReconcilerExecutor-hivemq-controller-116] INFO  c.h.p.o.h.HiveMQPlatformReconcilerBaseHandler - [helmcust] HiveMQ Platform is starting, 1 of 2 replicas are ready
2025-01-29 17:08:32,182 INFO c.h.h.t.HelmChartContainer - [hivemq-test-hivemq-platform] [hivemq-platform-operator] [209d5b10] 17:08:32.180 [pool-6-thread-25] DEBUG c.h.p.o.d.PlatformServiceResource - [helmcust] Desired Platform services (3 services)
2025-01-29 17:08:32,184 INFO c.h.h.t.HelmChartContainer - [hivemq-test-hivemq-platform] [hivemq-platform-operator] [209d5b10] 17:08:32.181 [pool-6-thread-27] DEBUG c.h.p.o.d.PodServiceAccountResource - [helmcust] Desired PodServiceAccountResource (serviceAccountName: hivemq-platform-pod-test-hivemq-platform)
2025-01-29 17:08:32,184 INFO c.h.h.t.HelmChartContainer - [hivemq-test-hivemq-platform] [hivemq-platform-operator] [209d5b10] 17:08:32.181 [pool-6-thread-22] DEBUG c.h.p.o.dependants.PodInfoConfigMap - [helmcust] Desired PodInfo ConfigMap (1 extensions) (1 enabled)
2025-01-29 17:08:32,184 INFO c.h.h.t.HelmChartContainer - [hivemq-test-hivemq-platform] [hivemq-platform-operator] [209d5b10] 17:08:32.182 [pool-6-thread-22] DEBUG c.h.p.o.dependants.PodInfoConfigMap - [helmcust] Desired PodInfo ConfigMap (metrics port: 9399) (metrics path: /)
2025-01-29 17:08:32,184 INFO c.h.h.t.HelmChartContainer - [hivemq-test-hivemq-platform] [hivemq-platform-operator] [209d5b10] 17:08:32.182 [pool-6-thread-22] DEBUG c.h.p.o.dependants.PodInfoConfigMap - [helmcust] Desired PodInfo ConfigMap (extension state hash: -1817474005)
2025-01-29 17:08:32,189 INFO c.h.h.t.HelmChartContainer - [hivemq-test-hivemq-platform] [hivemq-platform-operator] [209d5b10] 17:08:32.187 [pool-6-thread-25] DEBUG c.h.p.o.d.StatefulSetResource - [helmcust] Desired StatefulSet (2 replicas) for status STARTING (READY)
2025-01-29 17:08:32,278 INFO c.h.h.t.HelmChartContainer - [hivemq-test-hivemq-platform] [hivemq-platform-operator] [209d5b10] 17:08:32.273 [ReconcilerExecutor-hivemq-controller-117] INFO  c.h.p.o.HiveMQPlatformReconciler - [helmcust] Reconciling HiveMQ Platform 'test-hivemq-platform' in namespace 'helmcustomsecretconfigit'
2025-01-29 17:08:32,278 INFO c.h.h.t.HelmChartContainer - [hivemq-test-hivemq-platform] [hivemq-platform-operator] [209d5b10] 17:08:32.273 [ReconcilerExecutor-hivemq-controller-117] DEBUG c.h.p.o.HiveMQPlatformReconciler - [helmcust] Custom Resource Status STARTING - HiveMQ Platform is starting (READY)
2025-01-29 17:08:32,279 INFO c.h.h.t.HelmChartContainer - [hivemq-test-hivemq-platform] [hivemq-platform-operator] [209d5b10] 17:08:32.273 [ReconcilerExecutor-hivemq-controller-117] DEBUG c.h.p.o.HiveMQPlatformReconciler - [helmcust] Custom Resource Spec (replicas: 2) (extensions: 1)
2025-01-29 17:08:32,279 INFO c.h.h.t.HelmChartContainer - [hivemq-test-hivemq-platform] [hivemq-platform-operator] [209d5b10] 17:08:32.275 [ReconcilerExecutor-hivemq-controller-117] DEBUG c.h.p.o.HiveMQPlatformReconciler - [helmcust] StatefulSet Status (revision: test-hivemq-platform-7f5cbb4b76, replicas: 2, available: 1, ready: 1, current: 2, updated: 2)
2025-01-29 17:08:32,279 INFO c.h.h.t.HelmChartContainer - [hivemq-test-hivemq-platform] [hivemq-platform-operator] [209d5b10] 17:08:32.275 [ReconcilerExecutor-hivemq-controller-117] DEBUG c.h.p.o.HiveMQPlatformReconciler - [helmcust] StatefulSet Spec (replicas: 2, init containers: 1, containers: 1, volumes: 3)
2025-01-29 17:08:32,282 INFO c.h.h.t.HelmChartContainer - [hivemq-test-hivemq-platform] [hivemq-platform-operator] [209d5b10] 17:08:32.280 [ReconcilerExecutor-hivemq-controller-117] DEBUG c.h.p.o.h.HiveMQPlatformReconcilerErrorHandler - [helmcust] Pod 'test-hivemq-platform-1' phase Pending
2025-01-29 17:08:32,282 INFO c.h.h.t.HelmChartContainer - [hivemq-test-hivemq-platform] [hivemq-platform-operator] [209d5b10] 17:08:32.280 [ReconcilerExecutor-hivemq-controller-117] DEBUG c.h.p.o.h.HiveMQPlatformReconcilerErrorHandler - [helmcust] Pod 'test-hivemq-platform-1' condition 'PodReadyToStartContainers': False
2025-01-29 17:08:32,283 INFO c.h.h.t.HelmChartContainer - [hivemq-test-hivemq-platform] [hivemq-platform-operator] [209d5b10] 17:08:32.280 [ReconcilerExecutor-hivemq-controller-117] DEBUG c.h.p.o.h.HiveMQPlatformReconcilerErrorHandler - [helmcust] Pod 'test-hivemq-platform-1' condition 'Initialized': False
2025-01-29 17:08:32,283 INFO c.h.h.t.HelmChartContainer - [hivemq-test-hivemq-platform] [hivemq-platform-operator] [209d5b10] 17:08:32.280 [ReconcilerExecutor-hivemq-controller-117] DEBUG c.h.p.o.h.HiveMQPlatformReconcilerErrorHandler - [helmcust] Pod 'test-hivemq-platform-1' condition 'Ready': False
2025-01-29 17:08:32,283 INFO c.h.h.t.HelmChartContainer - [hivemq-test-hivemq-platform] [hivemq-platform-operator] [209d5b10] 17:08:32.280 [ReconcilerExecutor-hivemq-controller-117] DEBUG c.h.p.o.h.HiveMQPlatformReconcilerErrorHandler - [helmcust] Pod 'test-hivemq-platform-1' condition 'ContainersReady': False
2025-01-29 17:08:32,283 INFO c.h.h.t.HelmChartContainer - [hivemq-test-hivemq-platform] [hivemq-platform-operator] [209d5b10] 17:08:32.280 [ReconcilerExecutor-hivemq-controller-117] DEBUG c.h.p.o.h.HiveMQPlatformReconcilerErrorHandler - [helmcust] Pod 'test-hivemq-platform-1' condition 'PodScheduled': True
2025-01-29 17:08:32,283 INFO c.h.h.t.HelmChartContainer - [hivemq-test-hivemq-platform] [hivemq-platform-operator] [209d5b10] 17:08:32.280 [ReconcilerExecutor-hivemq-controller-117] DEBUG c.h.p.o.h.HiveMQPlatformReconcilerErrorHandler - [helmcust] Pod 'test-hivemq-platform-1' containerStatus 'hivemq' (started: false) (ready: false) (waiting: [PodInitializing] null)
2025-01-29 17:08:32,283 INFO c.h.h.t.HelmChartContainer - [hivemq-test-hivemq-platform] [hivemq-platform-operator] [209d5b10] 17:08:32.282 [ReconcilerExecutor-hivemq-controller-117] DEBUG c.h.p.o.h.HiveMQPlatformReconcilerErrorHandler - [helmcust] Pod 'test-hivemq-platform-0' phase Running
2025-01-29 17:08:32,284 INFO c.h.h.t.HelmChartContainer - [hivemq-test-hivemq-platform] [hivemq-platform-operator] [209d5b10] 17:08:32.283 [ReconcilerExecutor-hivemq-controller-117] INFO  c.h.p.o.h.HiveMQPlatformReconcilerBaseHandler - [helmcust] HiveMQ Platform is starting, 1 of 2 replicas are ready
2025-01-29 17:08:32,367 INFO c.h.h.t.HelmChartContainer - [EVENT] Normal [Pulled] Container image "docker.io/hivemq/hivemq-platform-operator-init-test:snapshot" already present on machine [helmcustomsecretconfigit:test-hivemq-platform-1]
2025-01-29 17:08:32,381 INFO c.h.h.t.HelmChartContainer - [EVENT] Normal [Created] Created container: hivemq-platform-operator-init [helmcustomsecretconfigit:test-hivemq-platform-1]
2025-01-29 17:08:32,418 INFO c.h.h.t.HelmChartContainer - [EVENT] Normal [Started] Started container hivemq-platform-operator-init [helmcustomsecretconfigit:test-hivemq-platform-1]
2025-01-29 17:08:33,023 INFO c.h.h.t.HelmChartContainer - [EVENT] Normal [Pulled] Container image "docker.io/hivemq/hivemq4:4.36.0" already present on machine [helmcustomsecretconfigit:test-hivemq-platform-1]
2025-01-29 17:08:33,023 INFO c.h.h.t.HelmChartContainer - Received Pulled event for container hivemq in pod test-hivemq-platform-1 [16411f42-8e45-4c9f-bf10-9e37c22d212d]
2025-01-29 17:08:33,035 INFO c.h.h.t.HelmChartContainer - [POD] test-hivemq-platform-1 [16411f42-8e45-4c9f-bf10-9e37c22d212d] in helmcustomsecretconfigit was MODIFIED
2025-01-29 17:08:33,039 INFO c.h.h.t.HelmChartContainer - [EVENT] Normal [Created] Created container: hivemq [helmcustomsecretconfigit:test-hivemq-platform-1]
2025-01-29 17:08:33,040 INFO c.h.h.t.HelmChartContainer - Received Created event for container hivemq in pod test-hivemq-platform-1 [16411f42-8e45-4c9f-bf10-9e37c22d212d]
2025-01-29 17:08:33,056 INFO c.h.h.t.HelmChartContainer - [hivemq-test-hivemq-platform] [hivemq-platform-operator] [209d5b10] 17:08:33.044 [pool-6-thread-36] DEBUG c.h.p.o.d.PlatformServiceResource - [helmcust] Desired Platform services (3 services)
2025-01-29 17:08:33,056 INFO c.h.h.t.HelmChartContainer - [hivemq-test-hivemq-platform] [hivemq-platform-operator] [209d5b10] 17:08:33.049 [pool-6-thread-34] DEBUG c.h.p.o.dependants.PodInfoConfigMap - [helmcust] Desired PodInfo ConfigMap (1 extensions) (1 enabled)
2025-01-29 17:08:33,056 INFO c.h.h.t.HelmChartContainer - [hivemq-test-hivemq-platform] [hivemq-platform-operator] [209d5b10] 17:08:33.049 [pool-6-thread-34] DEBUG c.h.p.o.dependants.PodInfoConfigMap - [helmcust] Desired PodInfo ConfigMap (metrics port: 9399) (metrics path: /)
2025-01-29 17:08:33,057 INFO c.h.h.t.HelmChartContainer - [hivemq-test-hivemq-platform] [hivemq-platform-operator] [209d5b10] 17:08:33.049 [pool-6-thread-34] DEBUG c.h.p.o.dependants.PodInfoConfigMap - [helmcust] Desired PodInfo ConfigMap (extension state hash: -1817474005)
2025-01-29 17:08:33,068 INFO c.h.h.t.HelmChartContainer - [hivemq-test-hivemq-platform] [hivemq-platform-operator] [209d5b10] 17:08:33.052 [pool-6-thread-35] DEBUG c.h.p.o.d.PodServiceAccountResource - [helmcust] Desired PodServiceAccountResource (serviceAccountName: hivemq-platform-pod-test-hivemq-platform)
2025-01-29 17:08:33,068 INFO c.h.h.t.HelmChartContainer - [hivemq-test-hivemq-platform] [hivemq-platform-operator] [209d5b10] 17:08:33.063 [pool-6-thread-35] DEBUG c.h.p.o.d.StatefulSetResource - [helmcust] Desired StatefulSet (2 replicas) for status STARTING (READY)
2025-01-29 17:08:33,089 INFO c.h.h.t.HelmChartContainer - [hivemq-test-hivemq-platform] [hivemq-platform-operator] [209d5b10] 17:08:33.085 [ReconcilerExecutor-hivemq-controller-118] INFO  c.h.p.o.HiveMQPlatformReconciler - [helmcust] Reconciling HiveMQ Platform 'test-hivemq-platform' in namespace 'helmcustomsecretconfigit'
2025-01-29 17:08:33,093 INFO c.h.h.t.HelmChartContainer - [hivemq-test-hivemq-platform] [hivemq-platform-operator] [209d5b10] 17:08:33.085 [ReconcilerExecutor-hivemq-controller-118] DEBUG c.h.p.o.HiveMQPlatformReconciler - [helmcust] Custom Resource Status STARTING - HiveMQ Platform is starting (READY)
2025-01-29 17:08:33,093 INFO c.h.h.t.HelmChartContainer - [hivemq-test-hivemq-platform] [hivemq-platform-operator] [209d5b10] 17:08:33.085 [ReconcilerExecutor-hivemq-controller-118] DEBUG c.h.p.o.HiveMQPlatformReconciler - [helmcust] Custom Resource Spec (replicas: 2) (extensions: 1)
2025-01-29 17:08:33,095 INFO c.h.h.t.HelmChartContainer - [hivemq-test-hivemq-platform] [hivemq-platform-operator] [209d5b10] 17:08:33.093 [ReconcilerExecutor-hivemq-controller-118] DEBUG c.h.p.o.HiveMQPlatformReconciler - [helmcust] StatefulSet Status (revision: test-hivemq-platform-7f5cbb4b76, replicas: 2, available: 1, ready: 1, current: 2, updated: 2)
2025-01-29 17:08:33,095 INFO c.h.h.t.HelmChartContainer - [hivemq-test-hivemq-platform] [hivemq-platform-operator] [209d5b10] 17:08:33.094 [ReconcilerExecutor-hivemq-controller-118] DEBUG c.h.p.o.HiveMQPlatformReconciler - [helmcust] StatefulSet Spec (replicas: 2, init containers: 1, containers: 1, volumes: 3)
2025-01-29 17:08:33,160 INFO c.h.h.t.HelmChartContainer - [hivemq-test-hivemq-platform] [hivemq-platform-operator] [209d5b10] 17:08:33.159 [ReconcilerExecutor-hivemq-controller-118] DEBUG c.h.p.o.h.HiveMQPlatformReconcilerErrorHandler - [helmcust] Pod 'test-hivemq-platform-1' phase Pending
2025-01-29 17:08:33,161 INFO c.h.h.t.HelmChartContainer - [hivemq-test-hivemq-platform] [hivemq-platform-operator] [209d5b10] 17:08:33.159 [ReconcilerExecutor-hivemq-controller-118] DEBUG c.h.p.o.h.HiveMQPlatformReconcilerErrorHandler - [helmcust] Pod 'test-hivemq-platform-1' condition 'PodReadyToStartContainers': True
2025-01-29 17:08:33,162 INFO c.h.h.t.HelmChartContainer - [hivemq-test-hivemq-platform] [hivemq-platform-operator] [209d5b10] 17:08:33.159 [ReconcilerExecutor-hivemq-controller-118] DEBUG c.h.p.o.h.HiveMQPlatformReconcilerErrorHandler - [helmcust] Pod 'test-hivemq-platform-1' condition 'Initialized': True
2025-01-29 17:08:33,162 INFO c.h.h.t.HelmChartContainer - [hivemq-test-hivemq-platform] [hivemq-platform-operator] [209d5b10] 17:08:33.159 [ReconcilerExecutor-hivemq-controller-118] DEBUG c.h.p.o.h.HiveMQPlatformReconcilerErrorHandler - [helmcust] Pod 'test-hivemq-platform-1' condition 'Ready': False
2025-01-29 17:08:33,162 INFO c.h.h.t.HelmChartContainer - [hivemq-test-hivemq-platform] [hivemq-platform-operator] [209d5b10] 17:08:33.159 [ReconcilerExecutor-hivemq-controller-118] DEBUG c.h.p.o.h.HiveMQPlatformReconcilerErrorHandler - [helmcust] Pod 'test-hivemq-platform-1' condition 'ContainersReady': False
2025-01-29 17:08:33,162 INFO c.h.h.t.HelmChartContainer - [hivemq-test-hivemq-platform] [hivemq-platform-operator] [209d5b10] 17:08:33.160 [ReconcilerExecutor-hivemq-controller-118] DEBUG c.h.p.o.h.HiveMQPlatformReconcilerErrorHandler - [helmcust] Pod 'test-hivemq-platform-1' condition 'PodScheduled': True
2025-01-29 17:08:33,162 INFO c.h.h.t.HelmChartContainer - [hivemq-test-hivemq-platform] [hivemq-platform-operator] [209d5b10] 17:08:33.160 [ReconcilerExecutor-hivemq-controller-118] DEBUG c.h.p.o.h.HiveMQPlatformReconcilerErrorHandler - [helmcust] Pod 'test-hivemq-platform-1' containerStatus 'hivemq' (started: false) (ready: false) (waiting: [PodInitializing] null)
2025-01-29 17:08:33,164 INFO c.h.h.t.HelmChartContainer - [hivemq-test-hivemq-platform] [hivemq-platform-operator] [209d5b10] 17:08:33.162 [ReconcilerExecutor-hivemq-controller-118] DEBUG c.h.p.o.h.HiveMQPlatformReconcilerErrorHandler - [helmcust] Pod 'test-hivemq-platform-0' phase Running
2025-01-29 17:08:33,165 INFO c.h.h.t.HelmChartContainer - [hivemq-test-hivemq-platform] [hivemq-platform-operator] [209d5b10] 17:08:33.164 [ReconcilerExecutor-hivemq-controller-118] INFO  c.h.p.o.h.HiveMQPlatformReconcilerBaseHandler - [helmcust] HiveMQ Platform is starting, 1 of 2 replicas are ready
2025-01-29 17:08:34,033 INFO c.h.h.t.HelmChartContainer - [POD] test-hivemq-platform-1 [16411f42-8e45-4c9f-bf10-9e37c22d212d] in helmcustomsecretconfigit was MODIFIED
2025-01-29 17:08:34,045 INFO c.h.h.t.HelmChartContainer - [hivemq-test-hivemq-platform] [hivemq-platform-operator] [209d5b10] 17:08:34.043 [pool-6-thread-44] DEBUG c.h.p.o.d.PlatformServiceResource - [helmcust] Desired Platform services (3 services)
2025-01-29 17:08:34,046 INFO c.h.h.t.HelmChartContainer - [EVENT] Normal [Started] Started container hivemq [helmcustomsecretconfigit:test-hivemq-platform-1]
2025-01-29 17:08:34,046 INFO c.h.h.t.HelmChartContainer - Received Started event for container hivemq in pod test-hivemq-platform-1 [16411f42-8e45-4c9f-bf10-9e37c22d212d]
2025-01-29 17:08:34,046 INFO c.h.h.t.HelmChartContainer - Started log watcher for hivemq in pod test-hivemq-platform-1 [16411f42-8e45-4c9f-bf10-9e37c22d212d]
2025-01-29 17:08:34,050 INFO c.h.h.t.HelmChartContainer - [test-hivemq-platform] [hivemq] [16411f42] Adding pre-installed HiveMQ Platform Operator extensions
2025-01-29 17:08:34,050 INFO c.h.h.t.HelmChartContainer - [test-hivemq-platform] [hivemq] [16411f42] Running as user 10000
2025-01-29 17:08:34,050 INFO c.h.h.t.HelmChartContainer - [test-hivemq-platform] [hivemq] [16411f42] Starting HiveMQ Platform Operator Init
2025-01-29 17:08:34,051 INFO c.h.h.t.HelmChartContainer - [hivemq-test-hivemq-platform] [hivemq-platform-operator] [209d5b10] 17:08:34.047 [pool-6-thread-49] DEBUG c.h.p.o.d.PodServiceAccountResource - [helmcust] Desired PodServiceAccountResource (serviceAccountName: hivemq-platform-pod-test-hivemq-platform)
2025-01-29 17:08:34,051 INFO c.h.h.t.HelmChartContainer - [hivemq-test-hivemq-platform] [hivemq-platform-operator] [209d5b10] 17:08:34.044 [pool-6-thread-42] DEBUG c.h.p.o.dependants.PodInfoConfigMap - [helmcust] Desired PodInfo ConfigMap (1 extensions) (1 enabled)
2025-01-29 17:08:34,051 INFO c.h.h.t.HelmChartContainer - [hivemq-test-hivemq-platform] [hivemq-platform-operator] [209d5b10] 17:08:34.048 [pool-6-thread-42] DEBUG c.h.p.o.dependants.PodInfoConfigMap - [helmcust] Desired PodInfo ConfigMap (metrics port: 9399) (metrics path: /)
2025-01-29 17:08:34,051 INFO c.h.h.t.HelmChartContainer - [hivemq-test-hivemq-platform] [hivemq-platform-operator] [209d5b10] 17:08:34.048 [pool-6-thread-42] DEBUG c.h.p.o.dependants.PodInfoConfigMap - [helmcust] Desired PodInfo ConfigMap (extension state hash: -1817474005)
2025-01-29 17:08:34,058 INFO c.h.h.t.HelmChartContainer - [hivemq-test-hivemq-platform] [hivemq-platform-operator] [209d5b10] 17:08:34.055 [pool-6-thread-44] DEBUG c.h.p.o.d.StatefulSetResource - [helmcust] Desired StatefulSet (2 replicas) for status STARTING (READY)
2025-01-29 17:08:34,063 INFO c.h.h.t.HelmChartContainer - [hivemq-test-hivemq-platform] [hivemq-platform-operator] [209d5b10] 17:08:34.062 [ReconcilerExecutor-hivemq-controller-119] INFO  c.h.p.o.HiveMQPlatformReconciler - [helmcust] Reconciling HiveMQ Platform 'test-hivemq-platform' in namespace 'helmcustomsecretconfigit'
2025-01-29 17:08:34,065 INFO c.h.h.t.HelmChartContainer - [hivemq-test-hivemq-platform] [hivemq-platform-operator] [209d5b10] 17:08:34.062 [ReconcilerExecutor-hivemq-controller-119] DEBUG c.h.p.o.HiveMQPlatformReconciler - [helmcust] Custom Resource Status STARTING - HiveMQ Platform is starting (READY)
2025-01-29 17:08:34,065 INFO c.h.h.t.HelmChartContainer - [hivemq-test-hivemq-platform] [hivemq-platform-operator] [209d5b10] 17:08:34.062 [ReconcilerExecutor-hivemq-controller-119] DEBUG c.h.p.o.HiveMQPlatformReconciler - [helmcust] Custom Resource Spec (replicas: 2) (extensions: 1)
2025-01-29 17:08:34,076 INFO c.h.h.t.HelmChartContainer - [hivemq-test-hivemq-platform] [hivemq-platform-operator] [209d5b10] 17:08:34.073 [ReconcilerExecutor-hivemq-controller-119] DEBUG c.h.p.o.HiveMQPlatformReconciler - [helmcust] StatefulSet Status (revision: test-hivemq-platform-7f5cbb4b76, replicas: 2, available: 1, ready: 1, current: 2, updated: 2)
2025-01-29 17:08:34,078 INFO c.h.h.t.HelmChartContainer - [hivemq-test-hivemq-platform] [hivemq-platform-operator] [209d5b10] 17:08:34.075 [ReconcilerExecutor-hivemq-controller-119] DEBUG c.h.p.o.HiveMQPlatformReconciler - [helmcust] StatefulSet Spec (replicas: 2, init containers: 1, containers: 1, volumes: 3)
2025-01-29 17:08:34,079 INFO c.h.h.t.HelmChartContainer - [hivemq-test-hivemq-platform] [hivemq-platform-operator] [209d5b10] 17:08:34.077 [ReconcilerExecutor-hivemq-controller-119] DEBUG c.h.p.o.h.HiveMQPlatformReconcilerErrorHandler - [helmcust] Pod 'test-hivemq-platform-1' phase Running
2025-01-29 17:08:34,083 INFO c.h.h.t.HelmChartContainer - [hivemq-test-hivemq-platform] [hivemq-platform-operator] [209d5b10] 17:08:34.081 [ReconcilerExecutor-hivemq-controller-119] DEBUG c.h.p.o.h.HiveMQPlatformReconcilerErrorHandler - [helmcust] Pod 'test-hivemq-platform-0' phase Running
2025-01-29 17:08:34,084 INFO c.h.h.t.HelmChartContainer - [hivemq-test-hivemq-platform] [hivemq-platform-operator] [209d5b10] 17:08:34.081 [ReconcilerExecutor-hivemq-controller-119] INFO  c.h.p.o.h.HiveMQPlatformReconcilerBaseHandler - [helmcust] HiveMQ Platform is starting, 1 of 2 replicas are ready
2025-01-29 17:08:34,566 INFO c.h.h.t.HelmChartContainer - [test-hivemq-platform] [hivemq] [16411f42] INFO  - [HiveMQ Platform Operator Init 1.7.0-SNAPSHOT] HiveMQ Platform Operator Init 1.7.0-SNAPSHOT (commit: 8465ebf on branch: HEAD) built on Wed Jan 29 16:56:31 UTC 2025
2025-01-29 17:08:35,744 INFO c.h.h.t.HelmChartContainer - [test-hivemq-platform] [hivemq] [16411f42] INFO  - [HiveMQ Platform Operator Init App 1.7.0-SNAPSHOT] Using bind address 10.42.0.18 from environment variable
2025-01-29 17:08:36,738 INFO c.h.h.t.HelmChartContainer - [test-hivemq-platform] [hivemq] [16411f42] INFO  - [HiveMQ Platform Operator Init App 1.7.0-SNAPSHOT] HiveMQ Platform Operator Init App 1.7.0-SNAPSHOT (commit: 8465ebf on branch: HEAD) built on Wed Jan 29 16:56:31 UTC 2025
2025-01-29 17:08:36,738 INFO c.h.h.t.HelmChartContainer - [test-hivemq-platform] [hivemq] [16411f42] INFO  - [HiveMQ Platform Operator Init App 1.7.0-SNAPSHOT] PodInfo ConfigMap directory: /etc/podinfo
2025-01-29 17:08:36,738 INFO c.h.h.t.HelmChartContainer - [test-hivemq-platform] [hivemq] [16411f42] INFO  - [HiveMQ Platform Operator Init App 1.7.0-SNAPSHOT] HiveMQ home directory: /opt/hivemq
2025-01-29 17:08:36,738 INFO c.h.h.t.HelmChartContainer - [test-hivemq-platform] [hivemq] [16411f42] INFO  - [HiveMQ Platform Operator Init App 1.7.0-SNAPSHOT] HiveMQ Logback folder: /opt/hivemq/conf
2025-01-29 17:08:36,738 INFO c.h.h.t.HelmChartContainer - [test-hivemq-platform] [hivemq] [16411f42] INFO  - [HiveMQ Platform Operator Init App 1.7.0-SNAPSHOT] HiveMQ Config folder: /opt/hivemq/conf-k8s
2025-01-29 17:08:36,739 INFO c.h.h.t.HelmChartContainer - [test-hivemq-platform] [hivemq] [16411f42] INFO  - [HiveMQ Platform Operator Init App 1.7.0-SNAPSHOT] Starting HiveMQ Platform Operator Init App
2025-01-29 17:08:36,739 INFO c.h.h.t.HelmChartContainer - [test-hivemq-platform] [hivemq] [16411f42] INFO  - [HiveMQ Platform Operator Init App 1.7.0-SNAPSHOT] Starting Pod reconciler
2025-01-29 17:08:37,972 INFO c.h.h.t.HelmChartContainer - [test-hivemq-platform] [hivemq] [16411f42] INFO  - [HiveMQ Platform Operator Init App 1.7.0-SNAPSHOT] Pod reconciler is scheduled (interval: 5000 ms)
2025-01-29 17:08:37,973 INFO c.h.h.t.HelmChartContainer - [test-hivemq-platform] [hivemq] [16411f42] INFO  - [HiveMQ Platform Operator Init App 1.7.0-SNAPSHOT] Starting the REST API on 10.42.0.18:7979
2025-01-29 17:08:38,030 INFO c.h.h.t.HelmChartContainer - [test-hivemq-platform] [hivemq] [16411f42] INFO  - [HiveMQ Platform Operator Init App 1.7.0-SNAPSHOT] Waiting up to 600s for at most 2 HiveMQ nodes in cluster service hivemq-test-hivemq-platform-cluster.helmcustomsecretconfigit.svc
2025-01-29 17:08:38,432 INFO c.h.h.t.HelmChartContainer - [test-hivemq-platform] [hivemq] [16411f42] INFO  - [HiveMQ Platform Operator Init App 1.7.0-SNAPSHOT] Resolved 2 IP addresses: [10.42.0.17, 10.42.0.18]
2025-01-29 17:08:38,432 INFO c.h.h.t.HelmChartContainer - [test-hivemq-platform] [hivemq] [16411f42] INFO  - [HiveMQ Platform Operator Init App 1.7.0-SNAPSHOT] HiveMQ node count of 2 is within threshold of 2
2025-01-29 17:08:38,432 INFO c.h.h.t.HelmChartContainer - [test-hivemq-platform] [hivemq] [16411f42] INFO  - [HiveMQ Platform Operator Init App 1.7.0-SNAPSHOT] Proceeding with container start
2025-01-29 17:08:38,472 INFO c.h.h.t.HelmChartContainer - [test-hivemq-platform] [hivemq] [16411f42] INFO  - [HiveMQ Platform Operator Init App 1.7.0-SNAPSHOT] Initializing HiveMQ Platform extensions with initial configuration: {hivemq-allow-all-extension={start-priority=-1, skip-https-hostname-verification=false, restart=true, config-version=0, header-version=0, c-uri=, priority=-1, uri=preinstalled, skip-https-certificate-validation=false, enabled=true}, hivemq-prometheus-extension={priority=-1, restart=true, enabled=true, request-header-path=no-request-headers, uri=preinstalled, skip-https-certificate-validation=false, skip-https-hostname-verification=false, c-uri=, start-priority=-1}}
2025-01-29 17:08:39,033 INFO c.h.h.t.HelmChartContainer - [test-hivemq-platform] [hivemq] [16411f42] INFO  - [HiveMQ Platform Operator Init App 1.7.0-SNAPSHOT] Extension hivemq-allow-all-extension was already enabled
2025-01-29 17:08:39,070 INFO c.h.h.t.HelmChartContainer - [test-hivemq-platform] [hivemq] [16411f42] INFO  - [HiveMQ Platform Operator Init App 1.7.0-SNAPSHOT] Successfully enabled extension hivemq-prometheus-extension
2025-01-29 17:08:39,071 INFO c.h.h.t.HelmChartContainer - [test-hivemq-platform] [hivemq] [16411f42] INFO  - [HiveMQ Platform Operator Init App 1.7.0-SNAPSHOT] Starting HiveMQ Platform version 4.36.0 (4.36.0)
2025-01-29 17:08:39,071 INFO c.h.h.t.HelmChartContainer - [test-hivemq-platform] [hivemq] [16411f42] INFO  - [HiveMQ Platform Operator Init App 1.7.0-SNAPSHOT] Configuring the HiveMQ Platform
2025-01-29 17:08:39,168 INFO c.h.h.t.HelmChartContainer - [test-hivemq-platform] [hivemq] [16411f42] INFO  - [HiveMQ Platform Operator Init App 1.7.0-SNAPSHOT] Changed logback.xml file scan period to 20 seconds
2025-01-29 17:08:39,265 INFO c.h.h.t.HelmChartContainer - [test-hivemq-platform] [hivemq] [16411f42] INFO  - [HiveMQ Platform Operator Init App 1.7.0-SNAPSHOT] Starting the HiveMQ Platform
2025-01-29 17:08:39,268 INFO c.h.h.t.HelmChartContainer - [test-hivemq-platform] [hivemq] [16411f42] -------------------------------------------------------------------------
2025-01-29 17:08:39,268 INFO c.h.h.t.HelmChartContainer - [test-hivemq-platform] [hivemq] [16411f42] 
2025-01-29 17:08:39,268 INFO c.h.h.t.HelmChartContainer - [test-hivemq-platform] [hivemq] [16411f42]                   _    _  _              __  __   ____
2025-01-29 17:08:39,268 INFO c.h.h.t.HelmChartContainer - [test-hivemq-platform] [hivemq] [16411f42]                  | |  | |(_)            |  \/  | / __ \
2025-01-29 17:08:39,268 INFO c.h.h.t.HelmChartContainer - [test-hivemq-platform] [hivemq] [16411f42]                  | |__| | _ __   __ ___ | \  / || |  | |
2025-01-29 17:08:39,268 INFO c.h.h.t.HelmChartContainer - [test-hivemq-platform] [hivemq] [16411f42]                  |  __  || |\ \ / // _ \| |\/| || |  | |
2025-01-29 17:08:39,268 INFO c.h.h.t.HelmChartContainer - [test-hivemq-platform] [hivemq] [16411f42]                  | |  | || | \ V /|  __/| |  | || |__| |
2025-01-29 17:08:39,268 INFO c.h.h.t.HelmChartContainer - [test-hivemq-platform] [hivemq] [16411f42]                  |_|  |_||_|  \_/  \___||_|  |_| \___\_\
2025-01-29 17:08:39,268 INFO c.h.h.t.HelmChartContainer - [test-hivemq-platform] [hivemq] [16411f42] 
2025-01-29 17:08:39,268 INFO c.h.h.t.HelmChartContainer - [test-hivemq-platform] [hivemq] [16411f42] -------------------------------------------------------------------------
2025-01-29 17:08:39,268 INFO c.h.h.t.HelmChartContainer - [test-hivemq-platform] [hivemq] [16411f42] 
2025-01-29 17:08:39,268 INFO c.h.h.t.HelmChartContainer - [test-hivemq-platform] [hivemq] [16411f42]   HiveMQ Start Script for Linux/Unix v1.14
2025-01-29 17:08:39,268 INFO c.h.h.t.HelmChartContainer - [test-hivemq-platform] [hivemq] [16411f42] 
2025-01-29 17:08:39,351 INFO c.h.h.t.HelmChartContainer - [test-hivemq-platform] [hivemq] [16411f42] -------------------------------------------------------------------------
2025-01-29 17:08:39,351 INFO c.h.h.t.HelmChartContainer - [test-hivemq-platform] [hivemq] [16411f42] 
2025-01-29 17:08:39,351 INFO c.h.h.t.HelmChartContainer - [test-hivemq-platform] [hivemq] [16411f42]   HIVEMQ_HOME: /opt/hivemq
2025-01-29 17:08:39,351 INFO c.h.h.t.HelmChartContainer - [test-hivemq-platform] [hivemq] [16411f42] 
2025-01-29 17:08:39,351 INFO c.h.h.t.HelmChartContainer - [test-hivemq-platform] [hivemq] [16411f42]   JAVA_OPTS: -XX:+UnlockExperimentalVMOptions -XX:InitialRAMPercentage=50 -XX:MaxRAMPercentage=50 -Djava.net.preferIPv4Stack=true --add-opens java.base/java.lang=ALL-UNNAMED --add-opens java.base/java.nio=ALL-UNNAMED --add-opens java.base/sun.nio.ch=ALL-UNNAMED --add-opens jdk.management/com.sun.management.internal=ALL-UNNAMED --add-exports java.base/jdk.internal.misc=ALL-UNNAMED -Djava.security.egd=file:/dev/./urandom -Dcom.sun.management.jmxremote -Dcom.sun.management.jmxremote.port=9010 -Dcom.sun.management.jmxremote.local.only=false -Dcom.sun.management.jmxremote.authenticate=false -Dcom.sun.management.jmxremote.ssl=false -Duser.language=en -Duser.region=US -XX:+CrashOnOutOfMemoryError -XX:+HeapDumpOnOutOfMemoryError
2025-01-29 17:08:39,351 INFO c.h.h.t.HelmChartContainer - [test-hivemq-platform] [hivemq] [16411f42] 
2025-01-29 17:08:39,351 INFO c.h.h.t.HelmChartContainer - [test-hivemq-platform] [hivemq] [16411f42]   JAVA_VERSION: 21
2025-01-29 17:08:39,351 INFO c.h.h.t.HelmChartContainer - [test-hivemq-platform] [hivemq] [16411f42] 
2025-01-29 17:08:39,352 INFO c.h.h.t.HelmChartContainer - [test-hivemq-platform] [hivemq] [16411f42] -------------------------------------------------------------------------
2025-01-29 17:08:39,352 INFO c.h.h.t.HelmChartContainer - [test-hivemq-platform] [hivemq] [16411f42] 
2025-01-29 17:08:40,068 INFO c.h.h.t.HelmChartContainer - [test-hivemq-platform] [hivemq] [16411f42] INFO  - [HiveMQ Platform Operator Init App 1.7.0-SNAPSHOT] Returning default Health API response 503 for readiness
2025-01-29 17:08:40,570 INFO c.h.h.t.HelmChartContainer - [EVENT] Warning [Unhealthy] Readiness probe failed: HTTP probe failed with statuscode: 503 [helmcustomsecretconfigit:test-hivemq-platform-1]
2025-01-29 17:08:40,570 INFO c.h.h.t.HelmChartContainer - Received Unhealthy event for container hivemq in pod test-hivemq-platform-1 [16411f42-8e45-4c9f-bf10-9e37c22d212d]
2025-01-29 17:08:42,012 INFO c.h.h.t.HelmChartContainer - [test-hivemq-platform] [hivemq] [63804c82] INFO  - [HiveMQ Platform Operator Init App 1.7.0-SNAPSHOT] Returning Health API response 200 for liveness
2025-01-29 17:08:42,231 INFO c.h.h.t.HelmChartContainer - [test-hivemq-platform] [hivemq] [16411f42] INFO  - Starting HiveMQ Enterprise Server
2025-01-29 17:08:42,238 INFO c.h.h.t.HelmChartContainer - [test-hivemq-platform] [hivemq] [16411f42] INFO  - HiveMQ version: 4.36.0
2025-01-29 17:08:42,238 INFO c.h.h.t.HelmChartContainer - [test-hivemq-platform] [hivemq] [16411f42] INFO  - HiveMQ home directory: /opt/hivemq
2025-01-29 17:08:42,238 INFO c.h.h.t.HelmChartContainer - [test-hivemq-platform] [hivemq] [16411f42] INFO  - Log Configuration was overridden by /opt/hivemq/conf/logback.xml
2025-01-29 17:08:44,088 INFO c.h.h.t.HelmChartContainer - [hivemq-test-hivemq-platform] [hivemq-platform-operator] [209d5b10] 17:08:44.085 [pool-6-thread-1] DEBUG c.h.p.o.d.PodServiceAccountResource - [helmcust] Desired PodServiceAccountResource (serviceAccountName: hivemq-platform-pod-test-hivemq-platform)
2025-01-29 17:08:44,088 INFO c.h.h.t.HelmChartContainer - [hivemq-test-hivemq-platform] [hivemq-platform-operator] [209d5b10] 17:08:44.085 [pool-6-thread-5] DEBUG c.h.p.o.dependants.PodInfoConfigMap - [helmcust] Desired PodInfo ConfigMap (1 extensions) (1 enabled)
2025-01-29 17:08:44,088 INFO c.h.h.t.HelmChartContainer - [hivemq-test-hivemq-platform] [hivemq-platform-operator] [209d5b10] 17:08:44.085 [pool-6-thread-5] DEBUG c.h.p.o.dependants.PodInfoConfigMap - [helmcust] Desired PodInfo ConfigMap (metrics port: 9399) (metrics path: /)
2025-01-29 17:08:44,088 INFO c.h.h.t.HelmChartContainer - [hivemq-test-hivemq-platform] [hivemq-platform-operator] [209d5b10] 17:08:44.085 [pool-6-thread-5] DEBUG c.h.p.o.dependants.PodInfoConfigMap - [helmcust] Desired PodInfo ConfigMap (extension state hash: -1817474005)
2025-01-29 17:08:44,090 INFO c.h.h.t.HelmChartContainer - [hivemq-test-hivemq-platform] [hivemq-platform-operator] [209d5b10] 17:08:44.085 [pool-6-thread-6] DEBUG c.h.p.o.d.PlatformServiceResource - [helmcust] Desired Platform services (3 services)
2025-01-29 17:08:44,094 INFO c.h.h.t.HelmChartContainer - [hivemq-test-hivemq-platform] [hivemq-platform-operator] [209d5b10] 17:08:44.092 [pool-6-thread-6] DEBUG c.h.p.o.d.StatefulSetResource - [helmcust] Desired StatefulSet (2 replicas) for status STARTING (READY)
2025-01-29 17:08:44,099 INFO c.h.h.t.HelmChartContainer - [hivemq-test-hivemq-platform] [hivemq-platform-operator] [209d5b10] 17:08:44.097 [ReconcilerExecutor-hivemq-controller-120] INFO  c.h.p.o.HiveMQPlatformReconciler - [helmcust] Reconciling HiveMQ Platform 'test-hivemq-platform' in namespace 'helmcustomsecretconfigit'
2025-01-29 17:08:44,099 INFO c.h.h.t.HelmChartContainer - [hivemq-test-hivemq-platform] [hivemq-platform-operator] [209d5b10] 17:08:44.097 [ReconcilerExecutor-hivemq-controller-120] DEBUG c.h.p.o.HiveMQPlatformReconciler - [helmcust] Custom Resource Status STARTING - HiveMQ Platform is starting (READY)
2025-01-29 17:08:44,099 INFO c.h.h.t.HelmChartContainer - [hivemq-test-hivemq-platform] [hivemq-platform-operator] [209d5b10] 17:08:44.097 [ReconcilerExecutor-hivemq-controller-120] DEBUG c.h.p.o.HiveMQPlatformReconciler - [helmcust] Custom Resource Spec (replicas: 2) (extensions: 1)
2025-01-29 17:08:44,103 INFO c.h.h.t.HelmChartContainer - [hivemq-test-hivemq-platform] [hivemq-platform-operator] [209d5b10] 17:08:44.099 [ReconcilerExecutor-hivemq-controller-120] DEBUG c.h.p.o.HiveMQPlatformReconciler - [helmcust] StatefulSet Status (revision: test-hivemq-platform-7f5cbb4b76, replicas: 2, available: 1, ready: 1, current: 2, updated: 2)
2025-01-29 17:08:44,103 INFO c.h.h.t.HelmChartContainer - [hivemq-test-hivemq-platform] [hivemq-platform-operator] [209d5b10] 17:08:44.099 [ReconcilerExecutor-hivemq-controller-120] DEBUG c.h.p.o.HiveMQPlatformReconciler - [helmcust] StatefulSet Spec (replicas: 2, init containers: 1, containers: 1, volumes: 3)
2025-01-29 17:08:44,103 INFO c.h.h.t.HelmChartContainer - [hivemq-test-hivemq-platform] [hivemq-platform-operator] [209d5b10] 17:08:44.100 [ReconcilerExecutor-hivemq-controller-120] DEBUG c.h.p.o.h.HiveMQPlatformReconcilerErrorHandler - [helmcust] Pod 'test-hivemq-platform-1' phase Running
2025-01-29 17:08:44,103 INFO c.h.h.t.HelmChartContainer - [hivemq-test-hivemq-platform] [hivemq-platform-operator] [209d5b10] 17:08:44.101 [ReconcilerExecutor-hivemq-controller-120] DEBUG c.h.p.o.h.HiveMQPlatformReconcilerErrorHandler - [helmcust] Pod 'test-hivemq-platform-0' phase Running
2025-01-29 17:08:44,104 INFO c.h.h.t.HelmChartContainer - [hivemq-test-hivemq-platform] [hivemq-platform-operator] [209d5b10] 17:08:44.102 [ReconcilerExecutor-hivemq-controller-120] INFO  c.h.p.o.h.HiveMQPlatformReconcilerBaseHandler - [helmcust] HiveMQ Platform is starting, 1 of 2 replicas are ready
2025-01-29 17:08:44,268 INFO c.h.h.t.HelmChartContainer - [test-hivemq-platform] [hivemq] [16411f42] INFO  - Successfully loaded configuration from '/opt/hivemq/conf-k8s/config.xml'.
2025-01-29 17:08:45,364 INFO c.h.h.t.HelmChartContainer - [test-hivemq-platform] [hivemq] [16411f42] INFO  - This node's ID is 6bYPd
2025-01-29 17:08:45,366 INFO c.h.h.t.HelmChartContainer - [test-hivemq-platform] [hivemq] [16411f42] INFO  - Clustering is enabled
2025-01-29 17:08:45,532 INFO c.h.h.t.HelmChartContainer - [test-hivemq-platform] [hivemq] [16411f42] WARN  - [HiveMQ Platform Operator Init App 1.7.0-SNAPSHOT] Cannot connect to Health API for readiness: null
2025-01-29 17:08:45,537 INFO c.h.h.t.HelmChartContainer - [EVENT] Warning [Unhealthy] Readiness probe failed: HTTP probe failed with statuscode: 503 [helmcustomsecretconfigit:test-hivemq-platform-1]
2025-01-29 17:08:45,537 INFO c.h.h.t.HelmChartContainer - Received Unhealthy event for container hivemq in pod test-hivemq-platform-1 [16411f42-8e45-4c9f-bf10-9e37c22d212d]
2025-01-29 17:08:48,331 INFO c.h.h.t.HelmChartContainer - [test-hivemq-platform] [hivemq] [16411f42] Jan 29, 2025 5:08:48 PM io.vertx.core.impl.BlockedThreadChecker
2025-01-29 17:08:48,332 INFO c.h.h.t.HelmChartContainer - [test-hivemq-platform] [hivemq] [16411f42] WARNING: Thread Thread[vert.x-eventloop-thread-1,5,main] has been blocked for 2199 ms, time limit is 2000 ms
2025-01-29 17:08:49,032 INFO c.h.h.t.HelmChartContainer - [test-hivemq-platform] [hivemq] [16411f42] INFO  - [HiveMQ Platform Operator Init App 1.7.0-SNAPSHOT] Updating Pod HiveMQ Platform Operator Init App version annotation (version: 1.7.0-SNAPSHOT)
2025-01-29 17:08:49,878 INFO c.h.h.t.HelmChartContainer - [POD] test-hivemq-platform-1 [16411f42-8e45-4c9f-bf10-9e37c22d212d] in helmcustomsecretconfigit was MODIFIED
2025-01-29 17:08:49,885 INFO c.h.h.t.HelmChartContainer - [hivemq-test-hivemq-platform] [hivemq-platform-operator] [209d5b10] 17:08:49.882 [pool-6-thread-19] DEBUG c.h.p.o.d.PlatformServiceResource - [helmcust] Desired Platform services (3 services)
2025-01-29 17:08:49,885 INFO c.h.h.t.HelmChartContainer - [hivemq-test-hivemq-platform] [hivemq-platform-operator] [209d5b10] 17:08:49.882 [pool-6-thread-16] DEBUG c.h.p.o.dependants.PodInfoConfigMap - [helmcust] Desired PodInfo ConfigMap (1 extensions) (1 enabled)
2025-01-29 17:08:49,885 INFO c.h.h.t.HelmChartContainer - [hivemq-test-hivemq-platform] [hivemq-platform-operator] [209d5b10] 17:08:49.882 [pool-6-thread-16] DEBUG c.h.p.o.dependants.PodInfoConfigMap - [helmcust] Desired PodInfo ConfigMap (metrics port: 9399) (metrics path: /)
2025-01-29 17:08:49,885 INFO c.h.h.t.HelmChartContainer - [hivemq-test-hivemq-platform] [hivemq-platform-operator] [209d5b10] 17:08:49.883 [pool-6-thread-16] DEBUG c.h.p.o.dependants.PodInfoConfigMap - [helmcust] Desired PodInfo ConfigMap (extension state hash: -1817474005)
2025-01-29 17:08:49,885 INFO c.h.h.t.HelmChartContainer - [hivemq-test-hivemq-platform] [hivemq-platform-operator] [209d5b10] 17:08:49.883 [pool-6-thread-16] DEBUG c.h.p.o.d.PodServiceAccountResource - [helmcust] Desired PodServiceAccountResource (serviceAccountName: hivemq-platform-pod-test-hivemq-platform)
2025-01-29 17:08:49,889 INFO c.h.h.t.HelmChartContainer - [hivemq-test-hivemq-platform] [hivemq-platform-operator] [209d5b10] 17:08:49.887 [pool-6-thread-11] DEBUG c.h.p.o.d.StatefulSetResource - [helmcust] Desired StatefulSet (2 replicas) for status STARTING (READY)
2025-01-29 17:08:49,893 INFO c.h.h.t.HelmChartContainer - [hivemq-test-hivemq-platform] [hivemq-platform-operator] [209d5b10] 17:08:49.890 [ReconcilerExecutor-hivemq-controller-121] INFO  c.h.p.o.HiveMQPlatformReconciler - [helmcust] Reconciling HiveMQ Platform 'test-hivemq-platform' in namespace 'helmcustomsecretconfigit'
2025-01-29 17:08:49,894 INFO c.h.h.t.HelmChartContainer - [hivemq-test-hivemq-platform] [hivemq-platform-operator] [209d5b10] 17:08:49.891 [ReconcilerExecutor-hivemq-controller-121] DEBUG c.h.p.o.HiveMQPlatformReconciler - [helmcust] Custom Resource Status STARTING - HiveMQ Platform is starting (READY)
2025-01-29 17:08:49,894 INFO c.h.h.t.HelmChartContainer - [hivemq-test-hivemq-platform] [hivemq-platform-operator] [209d5b10] 17:08:49.891 [ReconcilerExecutor-hivemq-controller-121] DEBUG c.h.p.o.HiveMQPlatformReconciler - [helmcust] Custom Resource Spec (replicas: 2) (extensions: 1)
2025-01-29 17:08:49,895 INFO c.h.h.t.HelmChartContainer - [hivemq-test-hivemq-platform] [hivemq-platform-operator] [209d5b10] 17:08:49.892 [ReconcilerExecutor-hivemq-controller-121] DEBUG c.h.p.o.HiveMQPlatformReconciler - [helmcust] StatefulSet Status (revision: test-hivemq-platform-7f5cbb4b76, replicas: 2, available: 1, ready: 1, current: 2, updated: 2)
2025-01-29 17:08:49,895 INFO c.h.h.t.HelmChartContainer - [hivemq-test-hivemq-platform] [hivemq-platform-operator] [209d5b10] 17:08:49.892 [ReconcilerExecutor-hivemq-controller-121] DEBUG c.h.p.o.HiveMQPlatformReconciler - [helmcust] StatefulSet Spec (replicas: 2, init containers: 1, containers: 1, volumes: 3)
2025-01-29 17:08:49,896 INFO c.h.h.t.HelmChartContainer - [hivemq-test-hivemq-platform] [hivemq-platform-operator] [209d5b10] 17:08:49.893 [ReconcilerExecutor-hivemq-controller-121] DEBUG c.h.p.o.h.HiveMQPlatformReconcilerErrorHandler - [helmcust] Pod 'test-hivemq-platform-1' phase Running
2025-01-29 17:08:49,897 INFO c.h.h.t.HelmChartContainer - [hivemq-test-hivemq-platform] [hivemq-platform-operator] [209d5b10] 17:08:49.895 [ReconcilerExecutor-hivemq-controller-121] DEBUG c.h.p.o.h.HiveMQPlatformReconcilerErrorHandler - [helmcust] Pod 'test-hivemq-platform-0' phase Running
2025-01-29 17:08:49,897 INFO c.h.h.t.HelmChartContainer - [hivemq-test-hivemq-platform] [hivemq-platform-operator] [209d5b10] 17:08:49.896 [ReconcilerExecutor-hivemq-controller-121] INFO  c.h.p.o.h.HiveMQPlatformReconcilerBaseHandler - [helmcust] HiveMQ Platform is starting, 1 of 2 replicas are ready
2025-01-29 17:08:49,972 INFO c.h.h.t.HelmChartContainer - [test-hivemq-platform] [hivemq] [16411f42] WARN  - [HiveMQ Platform Operator Init App 1.7.0-SNAPSHOT] Cannot connect to Health API for readiness: null
2025-01-29 17:08:49,972 INFO c.h.h.t.HelmChartContainer - [test-hivemq-platform] [hivemq] [16411f42] INFO  - [HiveMQ Platform Operator Init App 1.7.0-SNAPSHOT] Successfully updated Pod HiveMQ Platform Operator Init App version annotation (version: 1.7.0-SNAPSHOT)
2025-01-29 17:08:49,977 INFO c.h.h.t.HelmChartContainer - [EVENT] Warning [Unhealthy] Readiness probe failed: HTTP probe failed with statuscode: 503 [helmcustomsecretconfigit:test-hivemq-platform-1]
2025-01-29 17:08:49,977 INFO c.h.h.t.HelmChartContainer - Received Unhealthy event for container hivemq in pod test-hivemq-platform-1 [16411f42-8e45-4c9f-bf10-9e37c22d212d]
2025-01-29 17:08:54,932 INFO c.h.h.t.HelmChartContainer - [test-hivemq-platform] [hivemq] [16411f42] WARN  - [HiveMQ Platform Operator Init App 1.7.0-SNAPSHOT] Cannot connect to Health API for readiness: null
2025-01-29 17:08:54,937 INFO c.h.h.t.HelmChartContainer - [EVENT] Warning [Unhealthy] Readiness probe failed: HTTP probe failed with statuscode: 503 [helmcustomsecretconfigit:test-hivemq-platform-1]
2025-01-29 17:08:54,937 INFO c.h.h.t.HelmChartContainer - Received Unhealthy event for container hivemq in pod test-hivemq-platform-1 [16411f42-8e45-4c9f-bf10-9e37c22d212d]
2025-01-29 17:08:59,901 INFO c.h.h.t.HelmChartContainer - [hivemq-test-hivemq-platform] [hivemq-platform-operator] [209d5b10] 17:08:59.899 [pool-6-thread-29] DEBUG c.h.p.o.d.PlatformServiceResource - [helmcust] Desired Platform services (3 services)
2025-01-29 17:08:59,902 INFO c.h.h.t.HelmChartContainer - [hivemq-test-hivemq-platform] [hivemq-platform-operator] [209d5b10] 17:08:59.900 [pool-6-thread-22] DEBUG c.h.p.o.d.PodServiceAccountResource - [helmcust] Desired PodServiceAccountResource (serviceAccountName: hivemq-platform-pod-test-hivemq-platform)
2025-01-29 17:08:59,902 INFO c.h.h.t.HelmChartContainer - [hivemq-test-hivemq-platform] [hivemq-platform-operator] [209d5b10] 17:08:59.901 [pool-6-thread-24] DEBUG c.h.p.o.dependants.PodInfoConfigMap - [helmcust] Desired PodInfo ConfigMap (1 extensions) (1 enabled)
2025-01-29 17:08:59,902 INFO c.h.h.t.HelmChartContainer - [hivemq-test-hivemq-platform] [hivemq-platform-operator] [209d5b10] 17:08:59.901 [pool-6-thread-24] DEBUG c.h.p.o.dependants.PodInfoConfigMap - [helmcust] Desired PodInfo ConfigMap (metrics port: 9399) (metrics path: /)
2025-01-29 17:08:59,903 INFO c.h.h.t.HelmChartContainer - [hivemq-test-hivemq-platform] [hivemq-platform-operator] [209d5b10] 17:08:59.901 [pool-6-thread-24] DEBUG c.h.p.o.dependants.PodInfoConfigMap - [helmcust] Desired PodInfo ConfigMap (extension state hash: -1817474005)
2025-01-29 17:08:59,909 INFO c.h.h.t.HelmChartContainer - [hivemq-test-hivemq-platform] [hivemq-platform-operator] [209d5b10] 17:08:59.907 [pool-6-thread-25] DEBUG c.h.p.o.d.StatefulSetResource - [helmcust] Desired StatefulSet (2 replicas) for status STARTING (READY)
2025-01-29 17:08:59,914 INFO c.h.h.t.HelmChartContainer - [hivemq-test-hivemq-platform] [hivemq-platform-operator] [209d5b10] 17:08:59.912 [ReconcilerExecutor-hivemq-controller-122] INFO  c.h.p.o.HiveMQPlatformReconciler - [helmcust] Reconciling HiveMQ Platform 'test-hivemq-platform' in namespace 'helmcustomsecretconfigit'
2025-01-29 17:08:59,914 INFO c.h.h.t.HelmChartContainer - [hivemq-test-hivemq-platform] [hivemq-platform-operator] [209d5b10] 17:08:59.912 [ReconcilerExecutor-hivemq-controller-122] DEBUG c.h.p.o.HiveMQPlatformReconciler - [helmcust] Custom Resource Status STARTING - HiveMQ Platform is starting (READY)
2025-01-29 17:08:59,914 INFO c.h.h.t.HelmChartContainer - [hivemq-test-hivemq-platform] [hivemq-platform-operator] [209d5b10] 17:08:59.912 [ReconcilerExecutor-hivemq-controller-122] DEBUG c.h.p.o.HiveMQPlatformReconciler - [helmcust] Custom Resource Spec (replicas: 2) (extensions: 1)
2025-01-29 17:08:59,916 INFO c.h.h.t.HelmChartContainer - [hivemq-test-hivemq-platform] [hivemq-platform-operator] [209d5b10] 17:08:59.915 [ReconcilerExecutor-hivemq-controller-122] DEBUG c.h.p.o.HiveMQPlatformReconciler - [helmcust] StatefulSet Status (revision: test-hivemq-platform-7f5cbb4b76, replicas: 2, available: 1, ready: 1, current: 2, updated: 2)
2025-01-29 17:08:59,917 INFO c.h.h.t.HelmChartContainer - [hivemq-test-hivemq-platform] [hivemq-platform-operator] [209d5b10] 17:08:59.915 [ReconcilerExecutor-hivemq-controller-122] DEBUG c.h.p.o.HiveMQPlatformReconciler - [helmcust] StatefulSet Spec (replicas: 2, init containers: 1, containers: 1, volumes: 3)
2025-01-29 17:08:59,918 INFO c.h.h.t.HelmChartContainer - [hivemq-test-hivemq-platform] [hivemq-platform-operator] [209d5b10] 17:08:59.917 [ReconcilerExecutor-hivemq-controller-122] DEBUG c.h.p.o.h.HiveMQPlatformReconcilerErrorHandler - [helmcust] Pod 'test-hivemq-platform-1' phase Running
2025-01-29 17:08:59,921 INFO c.h.h.t.HelmChartContainer - [hivemq-test-hivemq-platform] [hivemq-platform-operator] [209d5b10] 17:08:59.919 [ReconcilerExecutor-hivemq-controller-122] DEBUG c.h.p.o.h.HiveMQPlatformReconcilerErrorHandler - [helmcust] Pod 'test-hivemq-platform-0' phase Running
2025-01-29 17:08:59,921 INFO c.h.h.t.HelmChartContainer - [hivemq-test-hivemq-platform] [hivemq-platform-operator] [209d5b10] 17:08:59.920 [ReconcilerExecutor-hivemq-controller-122] INFO  c.h.p.o.h.HiveMQPlatformReconcilerBaseHandler - [helmcust] HiveMQ Platform is starting, 1 of 2 replicas are ready
2025-01-29 17:08:59,964 INFO c.h.h.t.HelmChartContainer - [test-hivemq-platform] [hivemq] [16411f42] WARN  - [HiveMQ Platform Operator Init App 1.7.0-SNAPSHOT] Cannot connect to Health API for readiness: null
2025-01-29 17:08:59,970 INFO c.h.h.t.HelmChartContainer - [EVENT] Warning [Unhealthy] Readiness probe failed: HTTP probe failed with statuscode: 503 [helmcustomsecretconfigit:test-hivemq-platform-1]
2025-01-29 17:08:59,970 INFO c.h.h.t.HelmChartContainer - Received Unhealthy event for container hivemq in pod test-hivemq-platform-1 [16411f42-8e45-4c9f-bf10-9e37c22d212d]
2025-01-29 17:09:02,270 INFO c.h.h.t.HelmChartContainer - [test-hivemq-platform] [hivemq] [16411f42] WARN  - [HiveMQ Platform Operator Init App 1.7.0-SNAPSHOT] Cannot connect to Health API for liveness: null
2025-01-29 17:09:02,270 INFO c.h.h.t.HelmChartContainer - [test-hivemq-platform] [hivemq] [16411f42] INFO  - [HiveMQ Platform Operator Init App 1.7.0-SNAPSHOT] Returning default Health API response 200 for liveness
2025-01-29 17:09:03,339 INFO c.h.h.t.HelmChartContainer - [test-hivemq-platform] [hivemq] [16411f42] INFO  - No valid license file found. Using trial license, restricted to 25 connections.
2025-01-29 17:09:04,934 INFO c.h.h.t.HelmChartContainer - [test-hivemq-platform] [hivemq] [16411f42] WARN  - [HiveMQ Platform Operator Init App 1.7.0-SNAPSHOT] Cannot connect to Health API for readiness: null
2025-01-29 17:09:04,936 INFO c.h.h.t.HelmChartContainer - [EVENT] Warning [Unhealthy] Readiness probe failed: HTTP probe failed with statuscode: 503 [helmcustomsecretconfigit:test-hivemq-platform-1]
2025-01-29 17:09:04,936 INFO c.h.h.t.HelmChartContainer - Received Unhealthy event for container hivemq in pod test-hivemq-platform-1 [16411f42-8e45-4c9f-bf10-9e37c22d212d]
2025-01-29 17:09:07,967 INFO c.h.h.t.HelmChartContainer - [test-hivemq-platform] [hivemq] [16411f42] INFO  - No valid license file for Data Hub found. Using free license, restricted to 1 policy.
2025-01-29 17:09:09,165 INFO c.h.h.t.HelmChartContainer - [test-hivemq-platform] [hivemq] [16411f42] INFO  - Audit Logger started.
2025-01-29 17:09:09,444 INFO c.h.h.t.HelmChartContainer - [test-hivemq-platform] [hivemq] [16411f42] INFO  - This node uses '1' CPU cores.
2025-01-29 17:09:09,464 INFO c.h.h.t.HelmChartContainer - [test-hivemq-platform] [hivemq] [16411f42] INFO  - Starting HiveMQ Health API on address 0.0.0.0 and port 8889
2025-01-29 17:09:09,935 INFO c.h.h.t.HelmChartContainer - [test-hivemq-platform] [hivemq] [16411f42] WARN  - [HiveMQ Platform Operator Init App 1.7.0-SNAPSHOT] Cannot connect to Health API for readiness: null
2025-01-29 17:09:09,938 INFO c.h.h.t.HelmChartContainer - [EVENT] Warning [Unhealthy] Readiness probe failed: HTTP probe failed with statuscode: 503 [helmcustomsecretconfigit:test-hivemq-platform-1]
2025-01-29 17:09:09,938 INFO c.h.h.t.HelmChartContainer - Received Unhealthy event for container hivemq in pod test-hivemq-platform-1 [16411f42-8e45-4c9f-bf10-9e37c22d212d]
2025-01-29 17:09:09,978 INFO c.h.h.t.HelmChartContainer - [hivemq-test-hivemq-platform] [hivemq-platform-operator] [209d5b10] 17:09:09.975 [pool-6-thread-33] DEBUG c.h.p.o.dependants.PodInfoConfigMap - [helmcust] Desired PodInfo ConfigMap (1 extensions) (1 enabled)
2025-01-29 17:09:09,978 INFO c.h.h.t.HelmChartContainer - [hivemq-test-hivemq-platform] [hivemq-platform-operator] [209d5b10] 17:09:09.976 [pool-6-thread-33] DEBUG c.h.p.o.dependants.PodInfoConfigMap - [helmcust] Desired PodInfo ConfigMap (metrics port: 9399) (metrics path: /)
2025-01-29 17:09:09,978 INFO c.h.h.t.HelmChartContainer - [hivemq-test-hivemq-platform] [hivemq-platform-operator] [209d5b10] 17:09:09.976 [pool-6-thread-33] DEBUG c.h.p.o.dependants.PodInfoConfigMap - [helmcust] Desired PodInfo ConfigMap (extension state hash: -1817474005)
2025-01-29 17:09:09,978 INFO c.h.h.t.HelmChartContainer - [hivemq-test-hivemq-platform] [hivemq-platform-operator] [209d5b10] 17:09:09.975 [pool-6-thread-37] DEBUG c.h.p.o.d.PodServiceAccountResource - [helmcust] Desired PodServiceAccountResource (serviceAccountName: hivemq-platform-pod-test-hivemq-platform)
2025-01-29 17:09:09,979 INFO c.h.h.t.HelmChartContainer - [hivemq-test-hivemq-platform] [hivemq-platform-operator] [209d5b10] 17:09:09.976 [pool-6-thread-32] DEBUG c.h.p.o.d.PlatformServiceResource - [helmcust] Desired Platform services (3 services)
2025-01-29 17:09:09,984 INFO c.h.h.t.HelmChartContainer - [hivemq-test-hivemq-platform] [hivemq-platform-operator] [209d5b10] 17:09:09.983 [pool-6-thread-35] DEBUG c.h.p.o.d.StatefulSetResource - [helmcust] Desired StatefulSet (2 replicas) for status STARTING (READY)
2025-01-29 17:09:09,988 INFO c.h.h.t.HelmChartContainer - [hivemq-test-hivemq-platform] [hivemq-platform-operator] [209d5b10] 17:09:09.987 [ReconcilerExecutor-hivemq-controller-123] INFO  c.h.p.o.HiveMQPlatformReconciler - [helmcust] Reconciling HiveMQ Platform 'test-hivemq-platform' in namespace 'helmcustomsecretconfigit'
2025-01-29 17:09:09,990 INFO c.h.h.t.HelmChartContainer - [hivemq-test-hivemq-platform] [hivemq-platform-operator] [209d5b10] 17:09:09.987 [ReconcilerExecutor-hivemq-controller-123] DEBUG c.h.p.o.HiveMQPlatformReconciler - [helmcust] Custom Resource Status STARTING - HiveMQ Platform is starting (READY)
2025-01-29 17:09:09,991 INFO c.h.h.t.HelmChartContainer - [hivemq-test-hivemq-platform] [hivemq-platform-operator] [209d5b10] 17:09:09.987 [ReconcilerExecutor-hivemq-controller-123] DEBUG c.h.p.o.HiveMQPlatformReconciler - [helmcust] Custom Resource Spec (replicas: 2) (extensions: 1)
2025-01-29 17:09:09,992 INFO c.h.h.t.HelmChartContainer - [hivemq-test-hivemq-platform] [hivemq-platform-operator] [209d5b10] 17:09:09.989 [ReconcilerExecutor-hivemq-controller-123] DEBUG c.h.p.o.HiveMQPlatformReconciler - [helmcust] StatefulSet Status (revision: test-hivemq-platform-7f5cbb4b76, replicas: 2, available: 1, ready: 1, current: 2, updated: 2)
2025-01-29 17:09:09,992 INFO c.h.h.t.HelmChartContainer - [hivemq-test-hivemq-platform] [hivemq-platform-operator] [209d5b10] 17:09:09.989 [ReconcilerExecutor-hivemq-controller-123] DEBUG c.h.p.o.HiveMQPlatformReconciler - [helmcust] StatefulSet Spec (replicas: 2, init containers: 1, containers: 1, volumes: 3)
2025-01-29 17:09:09,992 INFO c.h.h.t.HelmChartContainer - [hivemq-test-hivemq-platform] [hivemq-platform-operator] [209d5b10] 17:09:09.991 [ReconcilerExecutor-hivemq-controller-123] DEBUG c.h.p.o.h.HiveMQPlatformReconcilerErrorHandler - [helmcust] Pod 'test-hivemq-platform-1' phase Running
2025-01-29 17:09:09,995 INFO c.h.h.t.HelmChartContainer - [hivemq-test-hivemq-platform] [hivemq-platform-operator] [209d5b10] 17:09:09.993 [ReconcilerExecutor-hivemq-controller-123] DEBUG c.h.p.o.h.HiveMQPlatformReconcilerErrorHandler - [helmcust] Pod 'test-hivemq-platform-0' phase Running
2025-01-29 17:09:10,074 INFO c.h.h.t.HelmChartContainer - [hivemq-test-hivemq-platform] [hivemq-platform-operator] [209d5b10] 17:09:10.073 [ReconcilerExecutor-hivemq-controller-123] INFO  c.h.p.o.h.HiveMQPlatformReconcilerBaseHandler - [helmcust] HiveMQ Platform is starting, 1 of 2 replicas are ready
2025-01-29 17:09:10,433 INFO c.h.h.t.HelmChartContainer - [test-hivemq-platform] [hivemq] [16411f42] INFO  - Started HiveMQ Health API in 970ms
2025-01-29 17:09:10,975 INFO c.h.h.t.HelmChartContainer - [test-hivemq-platform] [hivemq] [16411f42] INFO  - Starting HiveMQ extension system.
2025-01-29 17:09:11,330 INFO c.h.h.t.HelmChartContainer - [test-hivemq-platform] [hivemq] [16411f42] INFO  - Starting extension with id "hivemq-dns-cluster-discovery" at /opt/hivemq/extensions/hivemq-dns-cluster-discovery
2025-01-29 17:09:11,866 INFO c.h.h.t.HelmChartContainer - [test-hivemq-platform] [hivemq] [16411f42] INFO  - Using TCP cluster transport on address 10.42.0.18 and port 7000
2025-01-29 17:09:11,870 INFO c.h.h.t.HelmChartContainer - [test-hivemq-platform] [hivemq] [16411f42] INFO  - Extension "DNS Cluster Discovery Extension" version 4.3.2 started successfully.
2025-01-29 17:09:11,870 INFO c.h.h.t.HelmChartContainer - [test-hivemq-platform] [hivemq] [16411f42] INFO  - Using extension cluster discovery
2025-01-29 17:09:11,870 INFO c.h.h.t.HelmChartContainer - [test-hivemq-platform] [hivemq] [16411f42] INFO  - Starting extension with id "hivemq-prometheus-extension" at /opt/hivemq/extensions/hivemq-prometheus-extension
2025-01-29 17:09:13,030 INFO c.h.h.t.HelmChartContainer - [test-hivemq-platform] [hivemq] [16411f42] INFO  - Started Jetty Server exposing Prometheus Servlet on URI http://0.0.0.0:9399/
2025-01-29 17:09:13,030 INFO c.h.h.t.HelmChartContainer - [test-hivemq-platform] [hivemq] [16411f42] INFO  - Extension "Prometheus Monitoring Extension" version 4.0.12 started successfully.
2025-01-29 17:09:13,031 INFO c.h.h.t.HelmChartContainer - [test-hivemq-platform] [hivemq] [16411f42] INFO  - Starting extension with id "hivemq-allow-all-extension" at /opt/hivemq/extensions/hivemq-allow-all-extension
2025-01-29 17:09:13,031 INFO c.h.h.t.HelmChartContainer - [test-hivemq-platform] [hivemq] [16411f42] WARN  - 
2025-01-29 17:09:13,031 INFO c.h.h.t.HelmChartContainer - [test-hivemq-platform] [hivemq] [16411f42] ################################################################################################################
2025-01-29 17:09:13,031 INFO c.h.h.t.HelmChartContainer - [test-hivemq-platform] [hivemq] [16411f42] # This HiveMQ deployment is not secure! You are lacking Authentication and Authorization.                      #
2025-01-29 17:09:13,031 INFO c.h.h.t.HelmChartContainer - [test-hivemq-platform] [hivemq] [16411f42] # Right now any MQTT client can connect to the broker with a full set of permissions.                          #
2025-01-29 17:09:13,031 INFO c.h.h.t.HelmChartContainer - [test-hivemq-platform] [hivemq] [16411f42] # For production usage, add an appropriate security extension and remove the hivemq-allow-all extension.       #
2025-01-29 17:09:13,031 INFO c.h.h.t.HelmChartContainer - [test-hivemq-platform] [hivemq] [16411f42] # You can download security extensions from the HiveMQ Marketplace (https://www.hivemq.com/extensions/).       #
2025-01-29 17:09:13,031 INFO c.h.h.t.HelmChartContainer - [test-hivemq-platform] [hivemq] [16411f42] ################################################################################################################
2025-01-29 17:09:13,032 INFO c.h.h.t.HelmChartContainer - [test-hivemq-platform] [hivemq] [16411f42] INFO  - Extension "Allow All Extension" version 1.1.1 started successfully.
2025-01-29 17:09:13,077 INFO c.h.h.t.HelmChartContainer - [test-hivemq-platform] [hivemq] [63804c82] INFO  - Cluster nodes found by discovery: [zvNJ7|1] (2) [zvNJ7, 6bYPd].
2025-01-29 17:09:13,139 INFO c.h.h.t.HelmChartContainer - [test-hivemq-platform] [hivemq] [16411f42] INFO  - Cluster nodes found by discovery: [zvNJ7|1] (2) [zvNJ7, 6bYPd].
2025-01-29 17:09:13,333 INFO c.h.h.t.HelmChartContainer - [test-hivemq-platform] [hivemq] [16411f42] INFO  - Cluster size = 1, members : [zvNJ7].
2025-01-29 17:09:13,712 INFO c.h.h.t.HelmChartContainer - [test-hivemq-platform] [hivemq] [16411f42] INFO  - Starting cluster join process. This may take a while. Please do not shut down HiveMQ.
2025-01-29 17:09:13,716 INFO c.h.h.t.HelmChartContainer - [test-hivemq-platform] [hivemq] [16411f42] INFO  - Cluster join process is still ongoing. Please do not shut down HiveMQ.
2025-01-29 17:09:15,370 INFO c.h.h.t.HelmChartContainer - [test-hivemq-platform] [hivemq] [16411f42] INFO  - [HiveMQ Platform Operator Init App 1.7.0-SNAPSHOT] Returning Health API response 503 for readiness
2025-01-29 17:09:15,376 INFO c.h.h.t.HelmChartContainer - [EVENT] Warning [Unhealthy] Readiness probe failed: HTTP probe failed with statuscode: 503 [helmcustomsecretconfigit:test-hivemq-platform-1]
2025-01-29 17:09:15,376 INFO c.h.h.t.HelmChartContainer - Received Unhealthy event for container hivemq in pod test-hivemq-platform-1 [16411f42-8e45-4c9f-bf10-9e37c22d212d]
2025-01-29 17:09:15,774 INFO c.h.h.t.HelmChartContainer - [test-hivemq-platform] [hivemq] [63804c82] INFO  - Cluster size = 2, members : [zvNJ7, 6bYPd].
2025-01-29 17:09:15,785 INFO c.h.h.t.HelmChartContainer - [test-hivemq-platform] [hivemq] [16411f42] INFO  - Cluster size = 2, members : [zvNJ7, 6bYPd].
2025-01-29 17:09:15,867 INFO c.h.h.t.HelmChartContainer - [test-hivemq-platform] [hivemq] [16411f42] INFO  - Finished cluster join process successfully.
2025-01-29 17:09:15,867 INFO c.h.h.t.HelmChartContainer - [test-hivemq-platform] [hivemq] [16411f42] WARN  - No user for HiveMQ Control Center configured. Starting with default user
2025-01-29 17:09:15,870 INFO c.h.h.t.HelmChartContainer - [test-hivemq-platform] [hivemq] [16411f42] INFO  - Starting HiveMQ Control Center on address 0.0.0.0 and port 8080
2025-01-29 17:09:15,876 INFO c.h.h.t.HelmChartContainer - [test-hivemq-platform] [hivemq] [16411f42] INFO  - Mounting HiveMQ Control Center V2 Preview
2025-01-29 17:09:16,569 INFO c.h.h.t.HelmChartContainer - [test-hivemq-platform] [hivemq] [16411f42] INFO  - Started HiveMQ Control Center in 703ms
2025-01-29 17:09:16,584 INFO c.h.h.t.HelmChartContainer - [test-hivemq-platform] [hivemq] [16411f42] INFO  - Starting TCP listener on address 0.0.0.0 and port 1883
2025-01-29 17:09:16,665 INFO c.h.h.t.HelmChartContainer - [test-hivemq-platform] [hivemq] [16411f42] INFO  - Started TCP Listener on address 0.0.0.0 and on port 1883.
2025-01-29 17:09:16,666 INFO c.h.h.t.HelmChartContainer - [test-hivemq-platform] [hivemq] [16411f42] INFO  - Started HiveMQ in 34829ms
2025-01-29 17:09:19,885 INFO c.h.h.t.HelmChartContainer - [test-hivemq-platform] [hivemq] [16411f42] INFO  - [HiveMQ Platform Operator Init App 1.7.0-SNAPSHOT] Returning Health API response 200 for readiness
2025-01-29 17:09:19,901 INFO c.h.h.t.HelmChartContainer - [POD] test-hivemq-platform-1 [16411f42-8e45-4c9f-bf10-9e37c22d212d] in helmcustomsecretconfigit was MODIFIED
2025-01-29 17:09:19,914 INFO c.h.h.t.HelmChartContainer - [hivemq-test-hivemq-platform] [hivemq-platform-operator] [209d5b10] 17:09:19.907 [pool-6-thread-46] DEBUG c.h.p.o.d.PlatformServiceResource - [helmcust] Desired Platform services (3 services)
2025-01-29 17:09:19,921 INFO c.h.h.t.HelmChartContainer - [hivemq-test-hivemq-platform] [hivemq-platform-operator] [209d5b10] 17:09:19.908 [pool-6-thread-48] DEBUG c.h.p.o.dependants.PodInfoConfigMap - [helmcust] Desired PodInfo ConfigMap (1 extensions) (1 enabled)
2025-01-29 17:09:19,921 INFO c.h.h.t.HelmChartContainer - [hivemq-test-hivemq-platform] [hivemq-platform-operator] [209d5b10] 17:09:19.909 [pool-6-thread-48] DEBUG c.h.p.o.dependants.PodInfoConfigMap - [helmcust] Desired PodInfo ConfigMap (metrics port: 9399) (metrics path: /)
2025-01-29 17:09:19,921 INFO c.h.h.t.HelmChartContainer - [hivemq-test-hivemq-platform] [hivemq-platform-operator] [209d5b10] 17:09:19.909 [pool-6-thread-48] DEBUG c.h.p.o.dependants.PodInfoConfigMap - [helmcust] Desired PodInfo ConfigMap (extension state hash: -1817474005)
2025-01-29 17:09:19,921 INFO c.h.h.t.HelmChartContainer - [hivemq-test-hivemq-platform] [hivemq-platform-operator] [209d5b10] 17:09:19.912 [pool-6-thread-47] DEBUG c.h.p.o.d.PodServiceAccountResource - [helmcust] Desired PodServiceAccountResource (serviceAccountName: hivemq-platform-pod-test-hivemq-platform)
2025-01-29 17:09:19,925 INFO c.h.h.t.HelmChartContainer - [hivemq-test-hivemq-platform] [hivemq-platform-operator] [209d5b10] 17:09:19.920 [pool-6-thread-46] DEBUG c.h.p.o.d.StatefulSetResource - [helmcust] Desired StatefulSet (2 replicas) for status STARTING (READY)
2025-01-29 17:09:19,929 INFO c.h.h.t.HelmChartContainer - [hivemq-test-hivemq-platform] [hivemq-platform-operator] [209d5b10] 17:09:19.925 [ReconcilerExecutor-hivemq-controller-124] INFO  c.h.p.o.HiveMQPlatformReconciler - [helmcust] Reconciling HiveMQ Platform 'test-hivemq-platform' in namespace 'helmcustomsecretconfigit'
2025-01-29 17:09:19,930 INFO c.h.h.t.HelmChartContainer - [hivemq-test-hivemq-platform] [hivemq-platform-operator] [209d5b10] 17:09:19.926 [ReconcilerExecutor-hivemq-controller-124] DEBUG c.h.p.o.HiveMQPlatformReconciler - [helmcust] Custom Resource Status STARTING - HiveMQ Platform is starting (READY)
2025-01-29 17:09:19,930 INFO c.h.h.t.HelmChartContainer - [hivemq-test-hivemq-platform] [hivemq-platform-operator] [209d5b10] 17:09:19.926 [ReconcilerExecutor-hivemq-controller-124] DEBUG c.h.p.o.HiveMQPlatformReconciler - [helmcust] Custom Resource Spec (replicas: 2) (extensions: 1)
2025-01-29 17:09:19,974 INFO c.h.h.t.HelmChartContainer - [hivemq-test-hivemq-platform] [hivemq-platform-operator] [209d5b10] 17:09:19.973 [ReconcilerExecutor-hivemq-controller-124] DEBUG c.h.p.o.HiveMQPlatformReconciler - [helmcust] StatefulSet Status (revision: test-hivemq-platform-7f5cbb4b76, replicas: 2, available: 2, ready: 2, current: 2, updated: 2)
2025-01-29 17:09:19,974 INFO c.h.h.t.HelmChartContainer - [hivemq-test-hivemq-platform] [hivemq-platform-operator] [209d5b10] 17:09:19.973 [ReconcilerExecutor-hivemq-controller-124] DEBUG c.h.p.o.HiveMQPlatformReconciler - [helmcust] StatefulSet Spec (replicas: 2, init containers: 1, containers: 1, volumes: 3)
2025-01-29 17:09:19,975 INFO c.h.h.t.HelmChartContainer - [hivemq-test-hivemq-platform] [hivemq-platform-operator] [209d5b10] 17:09:19.975 [ReconcilerExecutor-hivemq-controller-124] DEBUG c.h.p.o.h.HiveMQPlatformReconcilerErrorHandler - [helmcust] Pod 'test-hivemq-platform-1' phase Running
2025-01-29 17:09:19,977 INFO c.h.h.t.HelmChartContainer - [hivemq-test-hivemq-platform] [hivemq-platform-operator] [209d5b10] 17:09:19.976 [ReconcilerExecutor-hivemq-controller-124] DEBUG c.h.p.o.h.HiveMQPlatformReconcilerErrorHandler - [helmcust] Pod 'test-hivemq-platform-0' phase Running
2025-01-29 17:09:19,977 INFO c.h.h.t.HelmChartContainer - [hivemq-test-hivemq-platform] [hivemq-platform-operator] [209d5b10] 17:09:19.976 [ReconcilerExecutor-hivemq-controller-124] INFO  c.h.p.o.h.HiveMQPlatformReconcilerBaseHandler - [helmcust] HiveMQ Platform started successfully
2025-01-29 17:09:20,083 INFO c.h.h.t.HelmChartContainer - [hivemq-test-hivemq-platform] [hivemq-platform-operator] [209d5b10] 17:09:20.082 [ReconcilerExecutor-hivemq-controller-124] DEBUG c.h.p.operator.event.EventSender - [helmcust] Creating K8s event hivemq-platform-ready: [Ready] HiveMQ Platform is ready
2025-01-29 17:09:20,087 INFO c.h.h.t.HelmChartContainer - [EVENT] Normal [Ready] HiveMQ Platform is ready [helmcustomsecretconfigit:test-hivemq-platform]
2025-01-29 17:09:20,089 INFO c.h.h.t.HelmChartContainer - [hivemq-test-hivemq-platform] [hivemq-platform-operator] [209d5b10] 17:09:20.088 [ReconcilerExecutor-hivemq-controller-124] INFO  c.h.p.o.h.AbstractHiveMQReconcilerStateHandler - [helmcust] Update HiveMQ Platform Status (STARTING [READY] -> RUNNING [READY]): HiveMQ Platform is ready
2025-01-29 17:09:20,098 DEBUG com.hivemq.helmcharts.util.K8sUtil - Comparing actual state 'RUNNING' and waiting for 'RUNNING'
2025-01-29 17:09:20,107 INFO c.h.h.t.HelmChartContainer - [hivemq-test-hivemq-platform] [hivemq-platform-operator] [209d5b10] 17:09:20.105 [pool-6-thread-7] DEBUG c.h.p.o.d.PlatformServiceResource - [helmcust] Desired Platform services (3 services)
2025-01-29 17:09:20,107 INFO c.h.h.t.HelmChartContainer - [hivemq-test-hivemq-platform] [hivemq-platform-operator] [209d5b10] 17:09:20.105 [pool-6-thread-10] DEBUG c.h.p.o.dependants.PodInfoConfigMap - [helmcust] Desired PodInfo ConfigMap (1 extensions) (1 enabled)
2025-01-29 17:09:20,107 INFO c.h.h.t.HelmChartContainer - [hivemq-test-hivemq-platform] [hivemq-platform-operator] [209d5b10] 17:09:20.105 [pool-6-thread-10] DEBUG c.h.p.o.dependants.PodInfoConfigMap - [helmcust] Desired PodInfo ConfigMap (metrics port: 9399) (metrics path: /)
2025-01-29 17:09:20,107 INFO c.h.h.t.HelmChartContainer - [hivemq-test-hivemq-platform] [hivemq-platform-operator] [209d5b10] 17:09:20.105 [pool-6-thread-10] DEBUG c.h.p.o.dependants.PodInfoConfigMap - [helmcust] Desired PodInfo ConfigMap (extension state hash: -1817474005)
2025-01-29 17:09:20,108 INFO c.h.h.t.HelmChartContainer - [hivemq-test-hivemq-platform] [hivemq-platform-operator] [209d5b10] 17:09:20.106 [pool-6-thread-10] DEBUG c.h.p.o.dependants.PodInfoConfigMap - [helmcust] Update PodInfo ConfigMap
2025-01-29 17:09:20,174 INFO c.h.h.t.HelmChartContainer - [hivemq-test-hivemq-platform] [hivemq-platform-operator] [209d5b10] 17:09:20.172 [pool-6-thread-3] DEBUG c.h.p.o.d.PodServiceAccountResource - [helmcust] Desired PodServiceAccountResource (serviceAccountName: hivemq-platform-pod-test-hivemq-platform)
2025-01-29 17:09:20,182 INFO c.h.h.t.HelmChartContainer - [hivemq-test-hivemq-platform] [hivemq-platform-operator] [209d5b10] 17:09:20.181 [pool-6-thread-10] DEBUG c.h.p.o.d.StatefulSetResource - [helmcust] Desired StatefulSet (2 replicas) for status RUNNING (READY)
2025-01-29 17:09:20,186 INFO c.h.h.t.HelmChartContainer - [hivemq-test-hivemq-platform] [hivemq-platform-operator] [209d5b10] 17:09:20.184 [ReconcilerExecutor-hivemq-controller-125] INFO  c.h.p.o.HiveMQPlatformReconciler - [helmcust] Reconciling HiveMQ Platform 'test-hivemq-platform' in namespace 'helmcustomsecretconfigit'
2025-01-29 17:09:20,191 INFO c.h.h.t.HelmChartContainer - [hivemq-test-hivemq-platform] [hivemq-platform-operator] [209d5b10] 17:09:20.185 [ReconcilerExecutor-hivemq-controller-125] DEBUG c.h.p.o.HiveMQPlatformReconciler - [helmcust] Custom Resource Status RUNNING - HiveMQ Platform is ready (READY)
2025-01-29 17:09:20,191 INFO c.h.h.t.HelmChartContainer - [hivemq-test-hivemq-platform] [hivemq-platform-operator] [209d5b10] 17:09:20.185 [ReconcilerExecutor-hivemq-controller-125] DEBUG c.h.p.o.HiveMQPlatformReconciler - [helmcust] Custom Resource Spec (replicas: 2) (extensions: 1)
2025-01-29 17:09:20,191 INFO c.h.h.t.HelmChartContainer - [hivemq-test-hivemq-platform] [hivemq-platform-operator] [209d5b10] 17:09:20.186 [ReconcilerExecutor-hivemq-controller-125] DEBUG c.h.p.o.HiveMQPlatformReconciler - [helmcust] StatefulSet Status (revision: test-hivemq-platform-7f5cbb4b76, replicas: 2, available: 2, ready: 2, current: 2, updated: 2)
2025-01-29 17:09:20,191 INFO c.h.h.t.HelmChartContainer - [hivemq-test-hivemq-platform] [hivemq-platform-operator] [209d5b10] 17:09:20.186 [ReconcilerExecutor-hivemq-controller-125] DEBUG c.h.p.o.HiveMQPlatformReconciler - [helmcust] StatefulSet Spec (replicas: 2, init containers: 1, containers: 1, volumes: 3)
2025-01-29 17:09:20,191 INFO c.h.h.t.HelmChartContainer - [hivemq-test-hivemq-platform] [hivemq-platform-operator] [209d5b10] 17:09:20.188 [ReconcilerExecutor-hivemq-controller-125] DEBUG c.h.p.o.h.HiveMQPlatformReconcilerErrorHandler - [helmcust] Pod 'test-hivemq-platform-1' phase Running
2025-01-29 17:09:20,191 INFO c.h.h.t.HelmChartContainer - [hivemq-test-hivemq-platform] [hivemq-platform-operator] [209d5b10] 17:09:20.189 [ReconcilerExecutor-hivemq-controller-125] DEBUG c.h.p.o.h.HiveMQPlatformReconcilerErrorHandler - [helmcust] Pod 'test-hivemq-platform-0' phase Running
2025-01-29 17:09:22,122 INFO c.h.h.t.HelmChartContainer - Uninstalling release 'test-hivemq-platform' in namespace 'helmcustomsecretconfigit'...
2025-01-29 17:09:22,122 DEBUG c.h.h.t.HelmChartContainer - Executing helm command: /bin/helm --kubeconfig /etc/rancher/k3s/k3s.yaml uninstall test-hivemq-platform  --wait --timeout 5m0s --cascade foreground --namespace helmcustomsecretconfigit
2025-01-29 17:09:22,305 INFO c.h.h.t.HelmChartContainer - [hivemq-test-hivemq-platform] [hivemq-platform-operator] [209d5b10] 17:09:22.303 [pool-6-thread-18] DEBUG c.h.p.o.d.PlatformServiceResource - [helmcust] Desired Platform services (3 services)
2025-01-29 17:09:22,309 INFO c.h.h.t.HelmChartContainer - [hivemq-test-hivemq-platform] [hivemq-platform-operator] [209d5b10] 17:09:22.305 [pool-6-thread-15] DEBUG c.h.p.o.dependants.PodInfoConfigMap - [helmcust] Desired PodInfo ConfigMap (1 extensions) (1 enabled)
2025-01-29 17:09:22,309 INFO c.h.h.t.HelmChartContainer - [hivemq-test-hivemq-platform] [hivemq-platform-operator] [209d5b10] 17:09:22.306 [pool-6-thread-15] DEBUG c.h.p.o.dependants.PodInfoConfigMap - [helmcust] Desired PodInfo ConfigMap (metrics port: 9399) (metrics path: /)
2025-01-29 17:09:22,319 INFO c.h.h.t.HelmChartContainer - [hivemq-test-hivemq-platform] [hivemq-platform-operator] [209d5b10] 17:09:22.311 [pool-6-thread-15] DEBUG c.h.p.o.dependants.PodInfoConfigMap - [helmcust] Desired PodInfo ConfigMap (extension state hash: -1817474005)
2025-01-29 17:09:22,320 INFO c.h.h.t.HelmChartContainer - [hivemq-test-hivemq-platform] [hivemq-platform-operator] [209d5b10] 17:09:22.307 [pool-6-thread-16] DEBUG c.h.p.o.d.PodServiceAccountResource - [helmcust] Desired PodServiceAccountResource (serviceAccountName: hivemq-platform-pod-test-hivemq-platform)
2025-01-29 17:09:22,322 INFO c.h.h.t.HelmChartContainer - [hivemq-test-hivemq-platform] [hivemq-platform-operator] [209d5b10] 17:09:22.317 [pool-6-thread-18] DEBUG c.h.p.o.d.StatefulSetResource - [helmcust] Desired StatefulSet (2 replicas) for status RUNNING (READY)
2025-01-29 17:09:22,376 INFO c.h.h.t.HelmChartContainer - [hivemq-test-hivemq-platform] [hivemq-platform-operator] [209d5b10] 17:09:22.375 [ReconcilerExecutor-hivemq-controller-126] INFO  c.h.p.o.HiveMQPlatformReconciler - [helmcust] Reconciling HiveMQ Platform 'test-hivemq-platform' in namespace 'helmcustomsecretconfigit'
2025-01-29 17:09:22,378 INFO c.h.h.t.HelmChartContainer - [hivemq-test-hivemq-platform] [hivemq-platform-operator] [209d5b10] 17:09:22.375 [ReconcilerExecutor-hivemq-controller-126] DEBUG c.h.p.o.HiveMQPlatformReconciler - [helmcust] Custom Resource Status RUNNING - HiveMQ Platform is ready (READY)
2025-01-29 17:09:22,378 INFO c.h.h.t.HelmChartContainer - [hivemq-test-hivemq-platform] [hivemq-platform-operator] [209d5b10] 17:09:22.375 [ReconcilerExecutor-hivemq-controller-126] DEBUG c.h.p.o.HiveMQPlatformReconciler - [helmcust] Custom Resource Spec (replicas: 2) (extensions: 1)
2025-01-29 17:09:22,378 INFO c.h.h.t.HelmChartContainer - [hivemq-test-hivemq-platform] [hivemq-platform-operator] [209d5b10] 17:09:22.375 [ReconcilerExecutor-hivemq-controller-126] WARN  c.h.p.o.h.HiveMQPlatformReconcilerErrorHandler - [helmcust] Could not find Secret 'hivemq-configuration-test-hivemq-platform' for HiveMQ Platform configuration
2025-01-29 17:09:22,582 INFO c.h.h.t.HelmChartContainer - [K3S] [authentication.go:74] "Unable to authenticate the request" err="[invalid bearer token, serviceaccounts \"hivemq-platform-pod-test-hivemq-platform\" not found]"
2025-01-29 17:09:22,588 INFO c.h.h.t.HelmChartContainer - [hivemq-test-hivemq-platform] [hivemq-platform-operator] [209d5b10] 17:09:22.587 [ReconcilerExecutor-hivemq-controller-126] DEBUG c.h.p.operator.event.EventSender - [helmcust] Creating K8s event hivemq-platform-invalid-configuration: [Start] Could not find Secret 'hivemq-configuration-test-hivemq-platform' for HiveMQ Platform configuration
2025-01-29 17:09:22,593 INFO c.h.h.t.HelmChartContainer - [EVENT] Warning [Start] Could not find Secret 'hivemq-configuration-test-hivemq-platform' for HiveMQ Platform configuration [helmcustomsecretconfigit:test-hivemq-platform]
2025-01-29 17:09:22,595 INFO c.h.h.t.HelmChartContainer - [hivemq-test-hivemq-platform] [hivemq-platform-operator] [209d5b10] 17:09:22.594 [ReconcilerExecutor-hivemq-controller-126] INFO  c.h.p.o.h.AbstractHiveMQReconcilerStateHandler - [helmcust] Update HiveMQ Platform Status (RUNNING [READY] -> ERROR [INVALID_SECRET]): Could not find Secret 'hivemq-configuration-test-hivemq-platform' for HiveMQ Platform configuration
2025-01-29 17:09:22,613 INFO c.h.h.t.HelmChartContainer - [hivemq-test-hivemq-platform] [hivemq-platform-operator] [209d5b10] 17:09:22.609 [ReconcilerExecutor-hivemq-controller-126] ERROR i.j.o.p.event.EventProcessor - Error during event processing ExecutionScope{ resource id: ResourceID{name='test-hivemq-platform', namespace='helmcustomsecretconfigit'}, version: 2040}
2025-01-29 17:09:22,614 INFO c.h.h.t.HelmChartContainer - [hivemq-test-hivemq-platform] [hivemq-platform-operator] [209d5b10] io.fabric8.kubernetes.client.KubernetesClientException: Failure executing: PUT at: https://10.43.0.1:443/apis/hivemq.com/v1/namespaces/helmcustomsecretconfigit/hivemq-platforms/test-hivemq-platform/status. Message: Operation cannot be fulfilled on hivemq-platforms.hivemq.com "test-hivemq-platform": the object has been modified; please apply your changes to the latest version and try again. Received status: Status(apiVersion=v1, code=409, details=StatusDetails(causes=[], group=hivemq.com, kind=hivemq-platforms, name=test-hivemq-platform, retryAfterSeconds=null, uid=null, additionalProperties={}), kind=Status, message=Operation cannot be fulfilled on hivemq-platforms.hivemq.com "test-hivemq-platform": the object has been modified; please apply your changes to the latest version and try again, metadata=ListMeta(_continue=null, remainingItemCount=null, resourceVersion=null, selfLink=null, additionalProperties={}), reason=Conflict, status=Failure, additionalProperties={}).
2025-01-29 17:09:22,614 INFO c.h.h.t.HelmChartContainer - [hivemq-test-hivemq-platform] [hivemq-platform-operator] [209d5b10] 	at io.fabric8.kubernetes.client.KubernetesClientException.copyAsCause(KubernetesClientException.java:238)
2025-01-29 17:09:22,614 INFO c.h.h.t.HelmChartContainer - [hivemq-test-hivemq-platform] [hivemq-platform-operator] [209d5b10] 	at io.fabric8.kubernetes.client.dsl.internal.OperationSupport.waitForResult(OperationSupport.java:507)
2025-01-29 17:09:22,614 INFO c.h.h.t.HelmChartContainer - [hivemq-test-hivemq-platform] [hivemq-platform-operator] [209d5b10] 	at io.fabric8.kubernetes.client.dsl.internal.OperationSupport.handleResponse(OperationSupport.java:524)
2025-01-29 17:09:22,614 INFO c.h.h.t.HelmChartContainer - [hivemq-test-hivemq-platform] [hivemq-platform-operator] [209d5b10] 	at io.fabric8.kubernetes.client.dsl.internal.OperationSupport.handleUpdate(OperationSupport.java:358)
2025-01-29 17:09:22,614 INFO c.h.h.t.HelmChartContainer - [hivemq-test-hivemq-platform] [hivemq-platform-operator] [209d5b10] 	at io.fabric8.kubernetes.client.dsl.internal.BaseOperation.handleUpdate(BaseOperation.java:759)
2025-01-29 17:09:22,614 INFO c.h.h.t.HelmChartContainer - [hivemq-test-hivemq-platform] [hivemq-platform-operator] [209d5b10] 	at io.fabric8.kubernetes.client.dsl.internal.HasMetadataOperation.update(HasMetadataOperation.java:138)
2025-01-29 17:09:22,614 INFO c.h.h.t.HelmChartContainer - [hivemq-test-hivemq-platform] [hivemq-platform-operator] [209d5b10] 	at io.fabric8.kubernetes.client.dsl.internal.HasMetadataOperation.update(HasMetadataOperation.java:121)
2025-01-29 17:09:22,614 INFO c.h.h.t.HelmChartContainer - [hivemq-test-hivemq-platform] [hivemq-platform-operator] [209d5b10] 	at io.fabric8.kubernetes.client.dsl.internal.HasMetadataOperation.updateStatus(HasMetadataOperation.java:126)
2025-01-29 17:09:22,614 INFO c.h.h.t.HelmChartContainer - [hivemq-test-hivemq-platform] [hivemq-platform-operator] [209d5b10] 	at io.fabric8.kubernetes.client.dsl.internal.HasMetadataOperation.updateStatus(HasMetadataOperation.java:44)
2025-01-29 17:09:22,614 INFO c.h.h.t.HelmChartContainer - [hivemq-test-hivemq-platform] [hivemq-platform-operator] [209d5b10] 	at io.javaoperatorsdk.operator.processing.event.ReconciliationDispatcher$CustomResourceFacade.updateStatus(ReconciliationDispatcher.java:408)
2025-01-29 17:09:22,614 INFO c.h.h.t.HelmChartContainer - [hivemq-test-hivemq-platform] [hivemq-platform-operator] [209d5b10] 	at io.javaoperatorsdk.operator.processing.event.ReconciliationDispatcher.updateStatusGenerationAware(ReconciliationDispatcher.java:228)
2025-01-29 17:09:22,614 INFO c.h.h.t.HelmChartContainer - [hivemq-test-hivemq-platform] [hivemq-platform-operator] [209d5b10] 	at io.javaoperatorsdk.operator.processing.event.ReconciliationDispatcher.reconcileExecution(ReconciliationDispatcher.java:150)
2025-01-29 17:09:22,614 INFO c.h.h.t.HelmChartContainer - [hivemq-test-hivemq-platform] [hivemq-platform-operator] [209d5b10] 	at io.javaoperatorsdk.operator.processing.event.ReconciliationDispatcher.handleReconcile(ReconciliationDispatcher.java:117)
2025-01-29 17:09:22,614 INFO c.h.h.t.HelmChartContainer - [hivemq-test-hivemq-platform] [hivemq-platform-operator] [209d5b10] 	at io.javaoperatorsdk.operator.processing.event.ReconciliationDispatcher.handleDispatch(ReconciliationDispatcher.java:91)
2025-01-29 17:09:22,614 INFO c.h.h.t.HelmChartContainer - [hivemq-test-hivemq-platform] [hivemq-platform-operator] [209d5b10] 	at io.javaoperatorsdk.operator.processing.event.ReconciliationDispatcher.handleExecution(ReconciliationDispatcher.java:64)
2025-01-29 17:09:22,614 INFO c.h.h.t.HelmChartContainer - [hivemq-test-hivemq-platform] [hivemq-platform-operator] [209d5b10] 	at io.javaoperatorsdk.operator.processing.event.EventProcessor$ReconcilerExecutor.run(EventProcessor.java:452)
2025-01-29 17:09:22,614 INFO c.h.h.t.HelmChartContainer - [hivemq-test-hivemq-platform] [hivemq-platform-operator] [209d5b10] 	at java.base/java.util.concurrent.ThreadPoolExecutor.runWorker(Unknown Source)
2025-01-29 17:09:22,614 INFO c.h.h.t.HelmChartContainer - [hivemq-test-hivemq-platform] [hivemq-platform-operator] [209d5b10] 	at java.base/java.util.concurrent.ThreadPoolExecutor$Worker.run(Unknown Source)
2025-01-29 17:09:22,614 INFO c.h.h.t.HelmChartContainer - [hivemq-test-hivemq-platform] [hivemq-platform-operator] [209d5b10] 	at java.base/java.lang.Thread.run(Unknown Source)
2025-01-29 17:09:22,614 INFO c.h.h.t.HelmChartContainer - [hivemq-test-hivemq-platform] [hivemq-platform-operator] [209d5b10] Caused by: io.fabric8.kubernetes.client.KubernetesClientException: Failure executing: PUT at: https://10.43.0.1:443/apis/hivemq.com/v1/namespaces/helmcustomsecretconfigit/hivemq-platforms/test-hivemq-platform/status. Message: Operation cannot be fulfilled on hivemq-platforms.hivemq.com "test-hivemq-platform": the object has been modified; please apply your changes to the latest version and try again. Received status: Status(apiVersion=v1, code=409, details=StatusDetails(causes=[], group=hivemq.com, kind=hivemq-platforms, name=test-hivemq-platform, retryAfterSeconds=null, uid=null, additionalProperties={}), kind=Status, message=Operation cannot be fulfilled on hivemq-platforms.hivemq.com "test-hivemq-platform": the object has been modified; please apply your changes to the latest version and try again, metadata=ListMeta(_continue=null, remainingItemCount=null, resourceVersion=null, selfLink=null, additionalProperties={}), reason=Conflict, status=Failure, additionalProperties={}).
2025-01-29 17:09:22,614 INFO c.h.h.t.HelmChartContainer - [hivemq-test-hivemq-platform] [hivemq-platform-operator] [209d5b10] 	at io.fabric8.kubernetes.client.dsl.internal.OperationSupport.requestFailure(OperationSupport.java:660)
2025-01-29 17:09:22,614 INFO c.h.h.t.HelmChartContainer - [hivemq-test-hivemq-platform] [hivemq-platform-operator] [209d5b10] 	at io.fabric8.kubernetes.client.dsl.internal.OperationSupport.requestFailure(OperationSupport.java:640)
2025-01-29 17:09:22,614 INFO c.h.h.t.HelmChartContainer - [hivemq-test-hivemq-platform] [hivemq-platform-operator] [209d5b10] 	at io.fabric8.kubernetes.client.dsl.internal.OperationSupport.assertResponseCode(OperationSupport.java:589)
2025-01-29 17:09:22,614 INFO c.h.h.t.HelmChartContainer - [hivemq-test-hivemq-platform] [hivemq-platform-operator] [209d5b10] 	at io.fabric8.kubernetes.client.dsl.internal.OperationSupport.lambda$handleResponse$0(OperationSupport.java:549)
2025-01-29 17:09:22,614 INFO c.h.h.t.HelmChartContainer - [hivemq-test-hivemq-platform] [hivemq-platform-operator] [209d5b10] 	at java.base/java.util.concurrent.CompletableFuture$UniApply.tryFire(Unknown Source)
2025-01-29 17:09:22,614 INFO c.h.h.t.HelmChartContainer - [hivemq-test-hivemq-platform] [hivemq-platform-operator] [209d5b10] 	at java.base/java.util.concurrent.CompletableFuture.postComplete(Unknown Source)
2025-01-29 17:09:22,614 INFO c.h.h.t.HelmChartContainer - [hivemq-test-hivemq-platform] [hivemq-platform-operator] [209d5b10] 	at java.base/java.util.concurrent.CompletableFuture.complete(Unknown Source)
2025-01-29 17:09:22,614 INFO c.h.h.t.HelmChartContainer - [hivemq-test-hivemq-platform] [hivemq-platform-operator] [209d5b10] 	at io.fabric8.kubernetes.client.http.StandardHttpClient.lambda$completeOrCancel$10(StandardHttpClient.java:141)
2025-01-29 17:09:22,614 INFO c.h.h.t.HelmChartContainer - [hivemq-test-hivemq-platform] [hivemq-platform-operator] [209d5b10] 	at java.base/java.util.concurrent.CompletableFuture.uniWhenComplete(Unknown Source)
2025-01-29 17:09:22,614 INFO c.h.h.t.HelmChartContainer - [hivemq-test-hivemq-platform] [hivemq-platform-operator] [209d5b10] 	at java.base/java.util.concurrent.CompletableFuture$UniWhenComplete.tryFire(Unknown Source)
2025-01-29 17:09:22,614 INFO c.h.h.t.HelmChartContainer - [hivemq-test-hivemq-platform] [hivemq-platform-operator] [209d5b10] 	at java.base/java.util.concurrent.CompletableFuture.postComplete(Unknown Source)
2025-01-29 17:09:22,614 INFO c.h.h.t.HelmChartContainer - [hivemq-test-hivemq-platform] [hivemq-platform-operator] [209d5b10] 	at java.base/java.util.concurrent.CompletableFuture.complete(Unknown Source)
2025-01-29 17:09:22,614 INFO c.h.h.t.HelmChartContainer - [hivemq-test-hivemq-platform] [hivemq-platform-operator] [209d5b10] 	at io.fabric8.kubernetes.client.http.ByteArrayBodyHandler.onBodyDone(ByteArrayBodyHandler.java:51)
2025-01-29 17:09:22,614 INFO c.h.h.t.HelmChartContainer - [hivemq-test-hivemq-platform] [hivemq-platform-operator] [209d5b10] 	at java.base/java.util.concurrent.CompletableFuture.uniWhenComplete(Unknown Source)
2025-01-29 17:09:22,614 INFO c.h.h.t.HelmChartContainer - [hivemq-test-hivemq-platform] [hivemq-platform-operator] [209d5b10] 	at java.base/java.util.concurrent.CompletableFuture$UniWhenComplete.tryFire(Unknown Source)
2025-01-29 17:09:22,614 INFO c.h.h.t.HelmChartContainer - [hivemq-test-hivemq-platform] [hivemq-platform-operator] [209d5b10] 	at java.base/java.util.concurrent.CompletableFuture.postComplete(Unknown Source)
2025-01-29 17:09:22,614 INFO c.h.h.t.HelmChartContainer - [hivemq-test-hivemq-platform] [hivemq-platform-operator] [209d5b10] 	at java.base/java.util.concurrent.CompletableFuture.complete(Unknown Source)
2025-01-29 17:09:22,614 INFO c.h.h.t.HelmChartContainer - [hivemq-test-hivemq-platform] [hivemq-platform-operator] [209d5b10] 	at io.fabric8.kubernetes.client.vertx.VertxHttpRequest.lambda$null$1(VertxHttpRequest.java:121)
2025-01-29 17:09:22,614 INFO c.h.h.t.HelmChartContainer - [hivemq-test-hivemq-platform] [hivemq-platform-operator] [209d5b10] 	at io.vertx.core.impl.ContextInternal.dispatch(ContextInternal.java:279)
2025-01-29 17:09:22,614 INFO c.h.h.t.HelmChartContainer - [hivemq-test-hivemq-platform] [hivemq-platform-operator] [209d5b10] 	at io.vertx.core.impl.ContextInternal.dispatch(ContextInternal.java:261)
2025-01-29 17:09:22,614 INFO c.h.h.t.HelmChartContainer - [hivemq-test-hivemq-platform] [hivemq-platform-operator] [209d5b10] 	at io.vertx.core.http.impl.HttpEventHandler.handleEnd(HttpEventHandler.java:76)
2025-01-29 17:09:22,614 INFO c.h.h.t.HelmChartContainer - [hivemq-test-hivemq-platform] [hivemq-platform-operator] [209d5b10] 	at io.vertx.core.http.impl.HttpClientResponseImpl.handleEnd(HttpClientResponseImpl.java:250)
2025-01-29 17:09:22,614 INFO c.h.h.t.HelmChartContainer - [hivemq-test-hivemq-platform] [hivemq-platform-operator] [209d5b10] 	at io.vertx.core.http.impl.Http1xClientConnection$StreamImpl.lambda$new$0(Http1xClientConnection.java:421)
2025-01-29 17:09:22,614 INFO c.h.h.t.HelmChartContainer - [hivemq-test-hivemq-platform] [hivemq-platform-operator] [209d5b10] 	at io.vertx.core.streams.impl.InboundBuffer.handleEvent(InboundBuffer.java:279)
2025-01-29 17:09:22,614 INFO c.h.h.t.HelmChartContainer - [hivemq-test-hivemq-platform] [hivemq-platform-operator] [209d5b10] 	at io.vertx.core.streams.impl.InboundBuffer.write(InboundBuffer.java:157)
2025-01-29 17:09:22,614 INFO c.h.h.t.HelmChartContainer - [hivemq-test-hivemq-platform] [hivemq-platform-operator] [209d5b10] 	at io.vertx.core.http.impl.Http1xClientConnection$StreamImpl.handleEnd(Http1xClientConnection.java:709)
2025-01-29 17:09:22,614 INFO c.h.h.t.HelmChartContainer - [hivemq-test-hivemq-platform] [hivemq-platform-operator] [209d5b10] 	at io.vertx.core.impl.ContextImpl.lambda$execute$4(ContextImpl.java:315)
2025-01-29 17:09:22,614 INFO c.h.h.t.HelmChartContainer - [hivemq-test-hivemq-platform] [hivemq-platform-operator] [209d5b10] 	at io.netty.util.concurrent.AbstractEventExecutor.runTask(AbstractEventExecutor.java:173)
2025-01-29 17:09:22,614 INFO c.h.h.t.HelmChartContainer - [hivemq-test-hivemq-platform] [hivemq-platform-operator] [209d5b10] 	at io.netty.util.concurrent.AbstractEventExecutor.safeExecute(AbstractEventExecutor.java:166)
2025-01-29 17:09:22,614 INFO c.h.h.t.HelmChartContainer - [hivemq-test-hivemq-platform] [hivemq-platform-operator] [209d5b10] 	at io.netty.util.concurrent.SingleThreadEventExecutor.runAllTasks(SingleThreadEventExecutor.java:472)
2025-01-29 17:09:22,614 INFO c.h.h.t.HelmChartContainer - [hivemq-test-hivemq-platform] [hivemq-platform-operator] [209d5b10] 	at io.netty.channel.nio.NioEventLoop.run(NioEventLoop.java:569)
2025-01-29 17:09:22,614 INFO c.h.h.t.HelmChartContainer - [hivemq-test-hivemq-platform] [hivemq-platform-operator] [209d5b10] 	at io.netty.util.concurrent.SingleThreadEventExecutor$4.run(SingleThreadEventExecutor.java:997)
2025-01-29 17:09:22,614 INFO c.h.h.t.HelmChartContainer - [hivemq-test-hivemq-platform] [hivemq-platform-operator] [209d5b10] 	at io.netty.util.internal.ThreadExecutorMap$2.run(ThreadExecutorMap.java:74)
2025-01-29 17:09:22,614 INFO c.h.h.t.HelmChartContainer - [hivemq-test-hivemq-platform] [hivemq-platform-operator] [209d5b10] 	at io.netty.util.concurrent.FastThreadLocalRunnable.run(FastThreadLocalRunnable.java:30)
2025-01-29 17:09:22,614 INFO c.h.h.t.HelmChartContainer - [hivemq-test-hivemq-platform] [hivemq-platform-operator] [209d5b10] 	... 1 common frames omitted
2025-01-29 17:09:22,621 INFO c.h.h.t.HelmChartContainer - [hivemq-test-hivemq-platform] [hivemq-platform-operator] [209d5b10] 17:09:22.620 [ReconcilerExecutor-hivemq-controller-132] INFO  c.h.p.o.HiveMQPlatformReconciler - [helmcust] Cleanup test-hivemq-platform - helmcustomsecretconfigit HiveMQ Platform is shut down
2025-01-29 17:09:22,621 INFO c.h.h.t.HelmChartContainer - [K3S] [authentication.go:74] "Unable to authenticate the request" err="[invalid bearer token, serviceaccounts \"hivemq-platform-pod-test-hivemq-platform\" not found]"
2025-01-29 17:09:22,709 INFO c.h.h.t.HelmChartContainer - [test-hivemq-platform] [hivemq] [63804c82] WARN  - [HiveMQ Platform Operator Init App 1.7.0-SNAPSHOT] Could not update Pod annotations: Failure executing: GET at: https://10.43.0.1:443/api/v1/namespaces/helmcustomsecretconfigit/pods/test-hivemq-platform-0. Message: Unauthorized. Received status: Status(apiVersion=v1, code=401, details=null, kind=Status, message=Unauthorized, metadata=ListMeta(_continue=null, remainingItemCount=null, resourceVersion=null, selfLink=null, additionalProperties={}), reason=Unauthorized, status=Failure, additionalProperties={}).
2025-01-29 17:09:23,189 INFO c.h.h.t.HelmChartContainer - [POD] test-hivemq-platform-0 [63804c82-1436-466d-8219-afc99fdd6c46] in helmcustomsecretconfigit was MODIFIED
2025-01-29 17:09:23,191 INFO c.h.h.t.HelmChartContainer - [EVENT] Normal [Killing] Stopping container hivemq [helmcustomsecretconfigit:test-hivemq-platform-0]
2025-01-29 17:09:23,191 INFO c.h.h.t.HelmChartContainer - Received Killing event for container hivemq in pod test-hivemq-platform-0 [63804c82-1436-466d-8219-afc99fdd6c46]
2025-01-29 17:09:23,191 INFO c.h.h.t.HelmChartContainer - Container [test-hivemq-platform-0] [hivemq] [63804c82-1436-466d-8219-afc99fdd6c46] was terminated
2025-01-29 17:09:23,191 INFO c.h.h.t.HelmChartContainer - Stopped log watcher for hivemq in pod test-hivemq-platform-0 [63804c82-1436-466d-8219-afc99fdd6c46]
2025-01-29 17:09:23,204 INFO c.h.h.t.HelmChartContainer - [test-hivemq-platform] [hivemq] [63804c82] INFO  - [HiveMQ Platform Operator Init App 1.7.0-SNAPSHOT] Shutting down
2025-01-29 17:09:23,204 INFO c.h.h.t.HelmChartContainer - [test-hivemq-platform] [hivemq] [63804c82] INFO  - [HiveMQ Platform Operator Init App 1.7.0-SNAPSHOT] Stopping the HiveMQ Platform
2025-01-29 17:09:23,218 INFO c.h.h.t.HelmChartContainer - [POD] test-hivemq-platform-1 [16411f42-8e45-4c9f-bf10-9e37c22d212d] in helmcustomsecretconfigit was MODIFIED
2025-01-29 17:09:23,241 INFO c.h.h.t.HelmChartContainer - [EVENT] Normal [Killing] Stopping container hivemq [helmcustomsecretconfigit:test-hivemq-platform-1]
2025-01-29 17:09:23,242 INFO c.h.h.t.HelmChartContainer - Received Killing event for container hivemq in pod test-hivemq-platform-1 [16411f42-8e45-4c9f-bf10-9e37c22d212d]
2025-01-29 17:09:23,244 INFO c.h.h.t.HelmChartContainer - Container [test-hivemq-platform-1] [hivemq] [16411f42-8e45-4c9f-bf10-9e37c22d212d] was terminated
2025-01-29 17:09:23,245 INFO c.h.h.t.HelmChartContainer - Stopped log watcher for hivemq in pod test-hivemq-platform-1 [16411f42-8e45-4c9f-bf10-9e37c22d212d]
2025-01-29 17:09:23,245 INFO c.h.h.t.HelmChartContainer - [test-hivemq-platform] [hivemq] [16411f42] INFO  - [HiveMQ Platform Operator Init App 1.7.0-SNAPSHOT] Shutting down
2025-01-29 17:09:23,245 INFO c.h.h.t.HelmChartContainer - [test-hivemq-platform] [hivemq] [16411f42] INFO  - [HiveMQ Platform Operator Init App 1.7.0-SNAPSHOT] Stopping the HiveMQ Platform
2025-01-29 17:09:23,401 INFO c.h.h.t.HelmChartContainer - [test-hivemq-platform] [hivemq] [63804c82] INFO  - Shutting down HiveMQ. Please wait, this could take a while...
2025-01-29 17:09:23,405 INFO c.h.h.t.HelmChartContainer - [test-hivemq-platform] [hivemq] [63804c82] INFO  - Shutting down listeners and clients
2025-01-29 17:09:23,406 INFO c.h.h.t.HelmChartContainer - [test-hivemq-platform] [hivemq] [63804c82] INFO  - Shutdown of listeners is done
2025-01-29 17:09:23,408 INFO c.h.h.t.HelmChartContainer - [test-hivemq-platform] [hivemq] [63804c82] INFO  - No clients are connected, proceeding with shutdown
2025-01-29 17:09:23,433 INFO c.h.h.t.HelmChartContainer - [test-hivemq-platform] [hivemq] [16411f42] INFO  - Shutting down HiveMQ. Please wait, this could take a while...
2025-01-29 17:09:23,438 INFO c.h.h.t.HelmChartContainer - [test-hivemq-platform] [hivemq] [16411f42] INFO  - Shutting down listeners and clients
2025-01-29 17:09:23,463 INFO c.h.h.t.HelmChartContainer - [test-hivemq-platform] [hivemq] [16411f42] INFO  - Shutdown of listeners is done
2025-01-29 17:09:23,465 INFO c.h.h.t.HelmChartContainer - [test-hivemq-platform] [hivemq] [16411f42] INFO  - No clients are connected, proceeding with shutdown
2025-01-29 17:09:24,363 INFO c.h.h.t.HelmChartContainer - Deleting namespace 'helmcustomsecretconfigit'...
2025-01-29 17:09:24,879 INFO c.h.h.t.HelmChartContainer - [test-hivemq-platform] [hivemq] [16411f42] INFO  - [HiveMQ Platform Operator Init App 1.7.0-SNAPSHOT] Returning shutdown Health API response 503 for readiness
2025-01-29 17:09:24,883 INFO c.h.h.t.HelmChartContainer - [EVENT] Warning [Unhealthy] Readiness probe failed: HTTP probe failed with statuscode: 503 [helmcustomsecretconfigit:test-hivemq-platform-1]
2025-01-29 17:09:24,883 INFO c.h.h.t.HelmChartContainer - Received Unhealthy event for container hivemq in pod test-hivemq-platform-1 [16411f42-8e45-4c9f-bf10-9e37c22d212d]
2025-01-29 17:09:25,488 INFO c.h.h.t.HelmChartContainer - [test-hivemq-platform] [hivemq] [16411f42] WARN  - [HiveMQ Platform Operator Init App 1.7.0-SNAPSHOT] Could not update Pod annotations: Failure executing: GET at: https://10.43.0.1:443/api/v1/namespaces/helmcustomsecretconfigit/pods/test-hivemq-platform-1. Message: pods "test-hivemq-platform-1" is forbidden: User "system:serviceaccount:helmcustomsecretconfigit:hivemq-platform-pod-test-hivemq-platform" cannot get resource "pods" in API group "" in the namespace "helmcustomsecretconfigit". Received status: Status(apiVersion=v1, code=403, details=StatusDetails(causes=[], group=null, kind=pods, name=test-hivemq-platform-1, retryAfterSeconds=null, uid=null, additionalProperties={}), kind=Status, message=pods "test-hivemq-platform-1" is forbidden: User "system:serviceaccount:helmcustomsecretconfigit:hivemq-platform-pod-test-hivemq-platform" cannot get resource "pods" in API group "" in the namespace "helmcustomsecretconfigit", metadata=ListMeta(_continue=null, remainingItemCount=null, resourceVersion=null, selfLink=null, additionalProperties={}), reason=Forbidden, status=Failure, additionalProperties={}).
2025-01-29 17:09:26,014 INFO c.h.h.t.HelmChartContainer - [test-hivemq-platform] [hivemq] [63804c82] INFO  - Shutting down extension system
2025-01-29 17:09:26,017 INFO c.h.h.t.HelmChartContainer - [test-hivemq-platform] [hivemq] [63804c82] INFO  - Stopping extension with id hivemq-dns-cluster-discovery
2025-01-29 17:09:26,017 INFO c.h.h.t.HelmChartContainer - [test-hivemq-platform] [hivemq] [63804c82] INFO  - Extension "DNS Cluster Discovery Extension" version 4.3.2 stopped successfully.
2025-01-29 17:09:26,018 INFO c.h.h.t.HelmChartContainer - [test-hivemq-platform] [hivemq] [63804c82] INFO  - Stopping extension with id hivemq-prometheus-extension
2025-01-29 17:09:26,023 INFO c.h.h.t.HelmChartContainer - [test-hivemq-platform] [hivemq] [63804c82] INFO  - Extension "Prometheus Monitoring Extension" version 4.0.12 stopped successfully.
2025-01-29 17:09:26,023 INFO c.h.h.t.HelmChartContainer - [test-hivemq-platform] [hivemq] [63804c82] INFO  - Stopping extension with id hivemq-allow-all-extension
2025-01-29 17:09:26,023 INFO c.h.h.t.HelmChartContainer - [test-hivemq-platform] [hivemq] [63804c82] INFO  - Extension "Allow All Extension" version 1.1.1 stopped successfully.
2025-01-29 17:09:26,030 INFO c.h.h.t.HelmChartContainer - [test-hivemq-platform] [hivemq] [16411f42] INFO  - Cluster nodes found by discovery: [6bYPd|2] (1) [6bYPd].
2025-01-29 17:09:26,043 INFO c.h.h.t.HelmChartContainer - [test-hivemq-platform] [hivemq] [16411f42] INFO  - Cluster size = 1, members : [6bYPd].
2025-01-29 17:09:26,044 INFO c.h.h.t.HelmChartContainer - [test-hivemq-platform] [hivemq] [16411f42] INFO  - Shutting down extension system
2025-01-29 17:09:26,065 INFO c.h.h.t.HelmChartContainer - [test-hivemq-platform] [hivemq] [16411f42] INFO  - Stopping extension with id hivemq-dns-cluster-discovery
2025-01-29 17:09:26,065 INFO c.h.h.t.HelmChartContainer - [test-hivemq-platform] [hivemq] [16411f42] INFO  - Extension "DNS Cluster Discovery Extension" version 4.3.2 stopped successfully.
2025-01-29 17:09:26,065 INFO c.h.h.t.HelmChartContainer - [test-hivemq-platform] [hivemq] [16411f42] INFO  - Stopping extension with id hivemq-prometheus-extension
2025-01-29 17:09:26,133 INFO c.h.h.t.HelmChartContainer - [test-hivemq-platform] [hivemq] [16411f42] INFO  - Extension "Prometheus Monitoring Extension" version 4.0.12 stopped successfully.
2025-01-29 17:09:26,133 INFO c.h.h.t.HelmChartContainer - [test-hivemq-platform] [hivemq] [16411f42] INFO  - Stopping extension with id hivemq-allow-all-extension
2025-01-29 17:09:26,133 INFO c.h.h.t.HelmChartContainer - [test-hivemq-platform] [hivemq] [16411f42] INFO  - Extension "Allow All Extension" version 1.1.1 stopped successfully.
2025-01-29 17:09:26,912 INFO c.h.h.t.HelmChartContainer - [test-hivemq-platform] [hivemq] [63804c82] INFO  - [HiveMQ Platform Operator Init App 1.7.0-SNAPSHOT] Returning shutdown Health API response 503 for readiness
2025-01-29 17:09:26,918 INFO c.h.h.t.HelmChartContainer - [EVENT] Warning [Unhealthy] Readiness probe failed: HTTP probe failed with statuscode: 503 [helmcustomsecretconfigit:test-hivemq-platform-0]
2025-01-29 17:09:26,918 INFO c.h.h.t.HelmChartContainer - Received Unhealthy event for container hivemq in pod test-hivemq-platform-0 [63804c82-1436-466d-8219-afc99fdd6c46]
2025-01-29 17:09:27,713 INFO c.h.h.t.HelmChartContainer - [K3S] [authentication.go:74] "Unable to authenticate the request" err="[invalid bearer token, serviceaccounts \"hivemq-platform-pod-test-hivemq-platform\" not found]"
2025-01-29 17:09:27,728 INFO c.h.h.t.HelmChartContainer - [K3S] [authentication.go:74] "Unable to authenticate the request" err="[invalid bearer token, serviceaccounts \"hivemq-platform-pod-test-hivemq-platform\" not found]"
2025-01-29 17:09:27,730 INFO c.h.h.t.HelmChartContainer - [test-hivemq-platform] [hivemq] [63804c82] WARN  - [HiveMQ Platform Operator Init App 1.7.0-SNAPSHOT] Could not update Pod annotations: Failure executing: GET at: https://10.43.0.1:443/api/v1/namespaces/helmcustomsecretconfigit/pods/test-hivemq-platform-0. Message: Unauthorized. Received status: Status(apiVersion=v1, code=401, details=null, kind=Status, message=Unauthorized, metadata=ListMeta(_continue=null, remainingItemCount=null, resourceVersion=null, selfLink=null, additionalProperties={}), reason=Unauthorized, status=Failure, additionalProperties={}).
2025-01-29 17:09:28,383 INFO c.h.h.t.HelmChartContainer - [test-hivemq-platform] [hivemq] [16411f42] INFO  - Shutdown completed.
2025-01-29 17:09:28,398 INFO c.h.h.t.HelmChartContainer - [test-hivemq-platform] [hivemq] [63804c82] INFO  - Shutdown completed.
2025-01-29 17:09:28,748 INFO c.h.h.t.HelmChartContainer - [test-hivemq-platform] [hivemq] [63804c82] INFO  - [HiveMQ Platform Operator Init App 1.7.0-SNAPSHOT] The HiveMQ Platform exited with code 143
2025-01-29 17:09:28,749 INFO c.h.h.t.HelmChartContainer - [test-hivemq-platform] [hivemq] [63804c82] INFO  - [HiveMQ Platform Operator Init App 1.7.0-SNAPSHOT] Stopping the REST API
2025-01-29 17:09:28,798 INFO c.h.h.t.HelmChartContainer - [test-hivemq-platform] [hivemq] [63804c82] INFO  - [HiveMQ Platform Operator Init App 1.7.0-SNAPSHOT] Shutdown complete
2025-01-29 17:09:28,812 INFO c.h.h.t.HelmChartContainer - [test-hivemq-platform] [hivemq] [16411f42] INFO  - [HiveMQ Platform Operator Init App 1.7.0-SNAPSHOT] The HiveMQ Platform exited with code 143
2025-01-29 17:09:28,812 INFO c.h.h.t.HelmChartContainer - [test-hivemq-platform] [hivemq] [16411f42] INFO  - [HiveMQ Platform Operator Init App 1.7.0-SNAPSHOT] Stopping the REST API
2025-01-29 17:09:28,822 INFO c.h.h.t.HelmChartContainer - [test-hivemq-platform] [hivemq] [16411f42] INFO  - [HiveMQ Platform Operator Init App 1.7.0-SNAPSHOT] Shutdown complete
2025-01-29 17:09:29,256 INFO c.h.h.t.HelmChartContainer - [POD] test-hivemq-platform-0 [63804c82-1436-466d-8219-afc99fdd6c46] in helmcustomsecretconfigit was MODIFIED
2025-01-29 17:09:29,257 INFO c.h.h.t.HelmChartContainer - [K3S] [stateful_set.go:438] "Unhandled Error" err="error syncing StatefulSet helmcustomsecretconfigit/test-hivemq-platform, requeuing: controllerrevisions.apps \"test-hivemq-platform-7f5cbb4b76\" is forbidden: unable to create new content in namespace helmcustomsecretconfigit because it is being terminated"
2025-01-29 17:09:29,265 INFO c.h.h.t.HelmChartContainer - [K3S] [stateful_set.go:438] "Unhandled Error" err="error syncing StatefulSet helmcustomsecretconfigit/test-hivemq-platform, requeuing: controllerrevisions.apps \"test-hivemq-platform-7f5cbb4b76\" is forbidden: unable to create new content in namespace helmcustomsecretconfigit because it is being terminated"
2025-01-29 17:09:29,277 INFO c.h.h.t.HelmChartContainer - [POD] test-hivemq-platform-1 [16411f42-8e45-4c9f-bf10-9e37c22d212d] in helmcustomsecretconfigit was MODIFIED
2025-01-29 17:09:29,277 INFO c.h.h.t.HelmChartContainer - [K3S] [stateful_set.go:438] "Unhandled Error" err="error syncing StatefulSet helmcustomsecretconfigit/test-hivemq-platform, requeuing: controllerrevisions.apps \"test-hivemq-platform-7f5cbb4b76\" is forbidden: unable to create new content in namespace helmcustomsecretconfigit because it is being terminated"
2025-01-29 17:09:29,280 INFO c.h.h.t.HelmChartContainer - [K3S] [stateful_set.go:438] "Unhandled Error" err="error syncing StatefulSet helmcustomsecretconfigit/test-hivemq-platform, requeuing: controllerrevisions.apps \"test-hivemq-platform-7f5cbb4b76\" is forbidden: unable to create new content in namespace helmcustomsecretconfigit because it is being terminated"
2025-01-29 17:09:29,301 INFO c.h.h.t.HelmChartContainer - [K3S] [stateful_set.go:438] "Unhandled Error" err="error syncing StatefulSet helmcustomsecretconfigit/test-hivemq-platform, requeuing: controllerrevisions.apps \"test-hivemq-platform-7f5cbb4b76\" is forbidden: unable to create new content in namespace helmcustomsecretconfigit because it is being terminated"
2025-01-29 17:09:29,313 INFO c.h.h.t.HelmChartContainer - [K3S] [reconciler_common.go:162] "operationExecutor.UnmountVolume started for volume \"kube-api-access-ffb76\" (UniqueName: \"kubernetes.io/projected/63804c82-1436-466d-8219-afc99fdd6c46-kube-api-access-ffb76\") pod \"63804c82-1436-466d-8219-afc99fdd6c46\" (UID: \"63804c82-1436-466d-8219-afc99fdd6c46\") "
2025-01-29 17:09:29,313 INFO c.h.h.t.HelmChartContainer - [K3S] [reconciler_common.go:162] "operationExecutor.UnmountVolume started for volume \"broker-configuration\" (UniqueName: \"kubernetes.io/secret/63804c82-1436-466d-8219-afc99fdd6c46-broker-configuration\") pod \"63804c82-1436-466d-8219-afc99fdd6c46\" (UID: \"63804c82-1436-466d-8219-afc99fdd6c46\") "
2025-01-29 17:09:29,314 INFO c.h.h.t.HelmChartContainer - [K3S] [reconciler_common.go:162] "operationExecutor.UnmountVolume started for volume \"kube-api-access-lsxpm\" (UniqueName: \"kubernetes.io/projected/16411f42-8e45-4c9f-bf10-9e37c22d212d-kube-api-access-lsxpm\") pod \"16411f42-8e45-4c9f-bf10-9e37c22d212d\" (UID: \"16411f42-8e45-4c9f-bf10-9e37c22d212d\") "
2025-01-29 17:09:29,314 INFO c.h.h.t.HelmChartContainer - [K3S] [reconciler_common.go:162] "operationExecutor.UnmountVolume started for volume \"pod-info\" (UniqueName: \"kubernetes.io/configmap/16411f42-8e45-4c9f-bf10-9e37c22d212d-pod-info\") pod \"16411f42-8e45-4c9f-bf10-9e37c22d212d\" (UID: \"16411f42-8e45-4c9f-bf10-9e37c22d212d\") "
2025-01-29 17:09:29,314 INFO c.h.h.t.HelmChartContainer - [K3S] [reconciler_common.go:162] "operationExecutor.UnmountVolume started for volume \"operator-init\" (UniqueName: \"kubernetes.io/empty-dir/63804c82-1436-466d-8219-afc99fdd6c46-operator-init\") pod \"63804c82-1436-466d-8219-afc99fdd6c46\" (UID: \"63804c82-1436-466d-8219-afc99fdd6c46\") "
2025-01-29 17:09:29,314 INFO c.h.h.t.HelmChartContainer - [K3S] [reconciler_common.go:162] "operationExecutor.UnmountVolume started for volume \"broker-configuration\" (UniqueName: \"kubernetes.io/secret/16411f42-8e45-4c9f-bf10-9e37c22d212d-broker-configuration\") pod \"16411f42-8e45-4c9f-bf10-9e37c22d212d\" (UID: \"16411f42-8e45-4c9f-bf10-9e37c22d212d\") "
2025-01-29 17:09:29,314 INFO c.h.h.t.HelmChartContainer - [K3S] [reconciler_common.go:162] "operationExecutor.UnmountVolume started for volume \"operator-init\" (UniqueName: \"kubernetes.io/empty-dir/16411f42-8e45-4c9f-bf10-9e37c22d212d-operator-init\") pod \"16411f42-8e45-4c9f-bf10-9e37c22d212d\" (UID: \"16411f42-8e45-4c9f-bf10-9e37c22d212d\") "
2025-01-29 17:09:29,314 INFO c.h.h.t.HelmChartContainer - [K3S] [reconciler_common.go:162] "operationExecutor.UnmountVolume started for volume \"pod-info\" (UniqueName: \"kubernetes.io/configmap/63804c82-1436-466d-8219-afc99fdd6c46-pod-info\") pod \"63804c82-1436-466d-8219-afc99fdd6c46\" (UID: \"63804c82-1436-466d-8219-afc99fdd6c46\") "
2025-01-29 17:09:29,383 INFO c.h.h.t.HelmChartContainer - [K3S] [stateful_set.go:438] "Unhandled Error" err="error syncing StatefulSet helmcustomsecretconfigit/test-hivemq-platform, requeuing: controllerrevisions.apps \"test-hivemq-platform-7f5cbb4b76\" is forbidden: unable to create new content in namespace helmcustomsecretconfigit because it is being terminated"
2025-01-29 17:09:29,413 INFO c.h.h.t.HelmChartContainer - [K3S] [reconciler_common.go:299] "Volume detached for volume \"pod-info\" (UniqueName: \"kubernetes.io/configmap/63804c82-1436-466d-8219-afc99fdd6c46-pod-info\") on node \"660565193bdc\" DevicePath \"\""
2025-01-29 17:09:29,414 INFO c.h.h.t.HelmChartContainer - [K3S] [reconciler_common.go:299] "Volume detached for volume \"kube-api-access-ffb76\" (UniqueName: \"kubernetes.io/projected/63804c82-1436-466d-8219-afc99fdd6c46-kube-api-access-ffb76\") on node \"660565193bdc\" DevicePath \"\""
2025-01-29 17:09:29,414 INFO c.h.h.t.HelmChartContainer - [K3S] [reconciler_common.go:299] "Volume detached for volume \"broker-configuration\" (UniqueName: \"kubernetes.io/secret/63804c82-1436-466d-8219-afc99fdd6c46-broker-configuration\") on node \"660565193bdc\" DevicePath \"\""
2025-01-29 17:09:29,414 INFO c.h.h.t.HelmChartContainer - [K3S] [reconciler_common.go:299] "Volume detached for volume \"kube-api-access-lsxpm\" (UniqueName: \"kubernetes.io/projected/16411f42-8e45-4c9f-bf10-9e37c22d212d-kube-api-access-lsxpm\") on node \"660565193bdc\" DevicePath \"\""
2025-01-29 17:09:29,414 INFO c.h.h.t.HelmChartContainer - [K3S] [reconciler_common.go:299] "Volume detached for volume \"pod-info\" (UniqueName: \"kubernetes.io/configmap/16411f42-8e45-4c9f-bf10-9e37c22d212d-pod-info\") on node \"660565193bdc\" DevicePath \"\""
2025-01-29 17:09:29,414 INFO c.h.h.t.HelmChartContainer - [K3S] [reconciler_common.go:299] "Volume detached for volume \"operator-init\" (UniqueName: \"kubernetes.io/empty-dir/63804c82-1436-466d-8219-afc99fdd6c46-operator-init\") on node \"660565193bdc\" DevicePath \"\""
2025-01-29 17:09:29,414 INFO c.h.h.t.HelmChartContainer - [K3S] [reconciler_common.go:299] "Volume detached for volume \"broker-configuration\" (UniqueName: \"kubernetes.io/secret/16411f42-8e45-4c9f-bf10-9e37c22d212d-broker-configuration\") on node \"660565193bdc\" DevicePath \"\""
2025-01-29 17:09:29,414 INFO c.h.h.t.HelmChartContainer - [K3S] [reconciler_common.go:299] "Volume detached for volume \"operator-init\" (UniqueName: \"kubernetes.io/empty-dir/16411f42-8e45-4c9f-bf10-9e37c22d212d-operator-init\") on node \"660565193bdc\" DevicePath \"\""
2025-01-29 17:09:29,500 INFO c.h.h.t.HelmChartContainer - [K3S] [stateful_set.go:466] "StatefulSet has been deleted" key="helmcustomsecretconfigit/test-hivemq-platform"
2025-01-29 17:09:29,545 INFO c.h.h.t.HelmChartContainer - [K3S] [stateful_set.go:466] "StatefulSet has been deleted" key="helmcustomsecretconfigit/test-hivemq-platform"
2025-01-29 17:09:29,592 INFO c.h.h.t.HelmChartContainer - [K3S] [namespace_controller.go:164] "Unhandled Error" err="deletion of namespace helmcustomsecretconfigit failed: unexpected items still remain in namespace: helmcustomsecretconfigit for gvr: /v1, Resource=pods"
2025-01-29 17:09:29,828 INFO c.h.h.t.HelmChartContainer - [K3S] [namespace_controller.go:164] "Unhandled Error" err="deletion of namespace helmcustomsecretconfigit failed: unexpected items still remain in namespace: helmcustomsecretconfigit for gvr: /v1, Resource=pods"
2025-01-29 17:09:29,966 INFO c.h.h.t.HelmChartContainer - [K3S] [namespace_controller.go:164] "Unhandled Error" err="deletion of namespace helmcustomsecretconfigit failed: unexpected items still remain in namespace: helmcustomsecretconfigit for gvr: /v1, Resource=pods"
2025-01-29 17:09:30,109 INFO c.h.h.t.HelmChartContainer - [K3S] [scope.go:117] "RemoveContainer" containerID="11c7967f2df72535a1fdf566c6bba09910223d4521554c0f84e3ab74fd2741fb"
2025-01-29 17:09:30,127 INFO c.h.h.t.HelmChartContainer - [K3S] [namespace_controller.go:164] "Unhandled Error" err="deletion of namespace helmcustomsecretconfigit failed: unexpected items still remain in namespace: helmcustomsecretconfigit for gvr: /v1, Resource=pods"
2025-01-29 17:09:30,128 INFO c.h.h.t.HelmChartContainer - [POD] test-hivemq-platform-0 [63804c82-1436-466d-8219-afc99fdd6c46] in helmcustomsecretconfigit was MODIFIED
2025-01-29 17:09:30,141 INFO c.h.h.t.HelmChartContainer - [POD] test-hivemq-platform-0 [63804c82-1436-466d-8219-afc99fdd6c46] in helmcustomsecretconfigit was DELETED
2025-01-29 17:09:30,153 INFO c.h.h.t.HelmChartContainer - [POD] test-hivemq-platform-1 [16411f42-8e45-4c9f-bf10-9e37c22d212d] in helmcustomsecretconfigit was MODIFIED
2025-01-29 17:09:30,155 INFO c.h.h.t.HelmChartContainer - [POD] test-hivemq-platform-1 [16411f42-8e45-4c9f-bf10-9e37c22d212d] in helmcustomsecretconfigit was DELETED
2025-01-29 17:09:30,190 INFO c.h.h.t.HelmChartContainer - [K3S] [kubelet_volumes.go:163] "Cleaned up orphaned pod volumes dir" podUID="16411f42-8e45-4c9f-bf10-9e37c22d212d" path="/var/lib/kubelet/pods/16411f42-8e45-4c9f-bf10-9e37c22d212d/volumes"
2025-01-29 17:09:30,195 INFO c.h.h.t.HelmChartContainer - [K3S] [kubelet_volumes.go:163] "Cleaned up orphaned pod volumes dir" podUID="63804c82-1436-466d-8219-afc99fdd6c46" path="/var/lib/kubelet/pods/63804c82-1436-466d-8219-afc99fdd6c46/volumes"
2025-01-29 17:09:30,254 INFO c.h.h.t.HelmChartContainer - [K3S] [scope.go:117] "RemoveContainer" containerID="f1720e046a0a92de032cfdf8cf19f9149632191dff0a0b3b50dd5c9e4ab89bf5"
2025-01-29 17:09:30,258 INFO c.h.h.t.HelmChartContainer - [K3S] [scope.go:117] "RemoveContainer" containerID="11c7967f2df72535a1fdf566c6bba09910223d4521554c0f84e3ab74fd2741fb"
2025-01-29 17:09:30,259 INFO c.h.h.t.HelmChartContainer - [K3S] [scope.go:117] "RemoveContainer" containerID="f1720e046a0a92de032cfdf8cf19f9149632191dff0a0b3b50dd5c9e4ab89bf5"
2025-01-29 17:09:30,259 INFO c.h.h.t.HelmChartContainer - [K3S] [scope.go:117] "RemoveContainer" containerID="02234dd5da9a26815bdd796b81c308e54bb66d1b7481b1d9787e6ef8bf2fe4df"
2025-01-29 17:09:30,356 INFO c.h.h.t.HelmChartContainer - [K3S] [scope.go:117] "RemoveContainer" containerID="a9153e339b3d733df464465dfecc424f4fa92e0de1807316c6f7df30ed0dbace"
2025-01-29 17:09:30,359 INFO c.h.h.t.HelmChartContainer - [K3S] [scope.go:117] "RemoveContainer" containerID="02234dd5da9a26815bdd796b81c308e54bb66d1b7481b1d9787e6ef8bf2fe4df"
2025-01-29 17:09:30,360 INFO c.h.h.t.HelmChartContainer - [K3S] [scope.go:117] "RemoveContainer" containerID="a9153e339b3d733df464465dfecc424f4fa92e0de1807316c6f7df30ed0dbace"
2025-01-29 17:09:30,489 INFO c.h.h.t.HelmChartContainer - Namespace 'helmcustomsecretconfigit' deleted
2025-01-29 17:09:30,489 INFO c.h.h.t.HelmChartContainer - Release 'test-hivemq-platform' in namespace 'helmcustomsecretconfigit' is uninstalled
2025-01-29 17:09:30,489 INFO c.h.h.t.HelmChartContainer - Uninstalling release 'test-hivemq-platform-operator' in namespace 'helmcustomsecretconfigit-operator'...
2025-01-29 17:09:30,489 DEBUG c.h.h.t.HelmChartContainer - Executing helm command: /bin/helm --kubeconfig /etc/rancher/k3s/k3s.yaml uninstall test-hivemq-platform-operator  --wait --timeout 5m0s --cascade foreground --namespace helmcustomsecretconfigit-operator
2025-01-29 17:09:30,658 INFO c.h.h.t.HelmChartContainer - [K3S] [replica_set.go:679] "Finished syncing" kind="ReplicaSet" key="helmcustomsecretconfigit-operator/hivemq-test-hivemq-platform-operator-6966f96d65" duration="7.711595ms"
2025-01-29 17:09:30,660 INFO c.h.h.t.HelmChartContainer - [K3S] [replica_set.go:679] "Finished syncing" kind="ReplicaSet" key="helmcustomsecretconfigit-operator/hivemq-test-hivemq-platform-operator-6966f96d65" duration="52.669µs"
2025-01-29 17:09:30,688 INFO c.h.h.t.HelmChartContainer - [POD] hivemq-test-hivemq-platform-operator-6966f96d65-cnq6x [209d5b10-7e0e-4a04-b390-15738226aa3c] in helmcustomsecretconfigit-operator was MODIFIED
2025-01-29 17:09:30,702 INFO c.h.h.t.HelmChartContainer - [hivemq-test-hivemq-platform] [hivemq-platform-operator] [209d5b10] 17:09:30.698 [application-shutdown-thread] INFO  c.h.p.o.HiveMQPlatformOperatorApplication - HiveMQ Platform Operator is stopping...
2025-01-29 17:09:30,702 INFO c.h.h.t.HelmChartContainer - [hivemq-test-hivemq-platform] [hivemq-platform-operator] [209d5b10] 17:09:30.699 [application-shutdown-thread] INFO  i.javaoperatorsdk.operator.Operator - Operator SDK 4.9.7 is shutting down...
2025-01-29 17:09:30,703 INFO c.h.h.t.HelmChartContainer - [EVENT] Normal [Killing] Stopping container hivemq-platform-operator [helmcustomsecretconfigit-operator:hivemq-test-hivemq-platform-operator-6966f96d65-cnq6x]
2025-01-29 17:09:30,703 INFO c.h.h.t.HelmChartContainer - Received Killing event for container hivemq-platform-operator in pod hivemq-test-hivemq-platform-operator-6966f96d65-cnq6x [209d5b10-7e0e-4a04-b390-15738226aa3c]
2025-01-29 17:09:30,703 INFO c.h.h.t.HelmChartContainer - Container [hivemq-test-hivemq-platform-operator-6966f96d65-cnq6x] [hivemq-platform-operator] [209d5b10-7e0e-4a04-b390-15738226aa3c] was terminated
2025-01-29 17:09:30,703 INFO c.h.h.t.HelmChartContainer - Stopped log watcher for hivemq-platform-operator in pod hivemq-test-hivemq-platform-operator-6966f96d65-cnq6x [209d5b10-7e0e-4a04-b390-15738226aa3c]
2025-01-29 17:09:30,715 INFO c.h.h.t.HelmChartContainer - [K3S] [replica_set.go:679] "Finished syncing" kind="ReplicaSet" key="helmcustomsecretconfigit-operator/hivemq-test-hivemq-platform-operator-6966f96d65" duration="26.542816ms"
2025-01-29 17:09:30,716 INFO c.h.h.t.HelmChartContainer - [K3S] [replica_set.go:679] "Finished syncing" kind="ReplicaSet" key="helmcustomsecretconfigit-operator/hivemq-test-hivemq-platform-operator-6966f96d65" duration="63.017µs"
2025-01-29 17:09:31,019 INFO c.h.h.t.HelmChartContainer - [K3S] [replica_set.go:679] "Finished syncing" kind="ReplicaSet" key="helmcustomsecretconfigit-operator/hivemq-test-hivemq-platform-operator-6966f96d65" duration="88.525µs"
2025-01-29 17:09:31,019 INFO c.h.h.t.HelmChartContainer - [POD] hivemq-test-hivemq-platform-operator-6966f96d65-cnq6x [209d5b10-7e0e-4a04-b390-15738226aa3c] in helmcustomsecretconfigit-operator was MODIFIED
2025-01-29 17:09:31,117 INFO c.h.h.t.HelmChartContainer - [K3S] [scope.go:117] "RemoveContainer" containerID="c756b15e6aa18e40ab111d6b239c7ec652f42863956efbb7e882fc1ead655b5b"
2025-01-29 17:09:31,118 INFO c.h.h.t.HelmChartContainer - [K3S] [reconciler_common.go:162] "operationExecutor.UnmountVolume started for volume \"kube-api-access-b4rwz\" (UniqueName: \"kubernetes.io/projected/209d5b10-7e0e-4a04-b390-15738226aa3c-kube-api-access-b4rwz\") pod \"209d5b10-7e0e-4a04-b390-15738226aa3c\" (UID: \"209d5b10-7e0e-4a04-b390-15738226aa3c\") "
2025-01-29 17:09:31,120 INFO c.h.h.t.HelmChartContainer - [K3S] [scope.go:117] "RemoveContainer" containerID="c756b15e6aa18e40ab111d6b239c7ec652f42863956efbb7e882fc1ead655b5b"
2025-01-29 17:09:31,218 INFO c.h.h.t.HelmChartContainer - [K3S] [reconciler_common.go:299] "Volume detached for volume \"kube-api-access-b4rwz\" (UniqueName: \"kubernetes.io/projected/209d5b10-7e0e-4a04-b390-15738226aa3c-kube-api-access-b4rwz\") on node \"660565193bdc\" DevicePath \"\""
2025-01-29 17:09:31,429 INFO c.h.h.t.HelmChartContainer - [K3S] [replica_set.go:679] "Finished syncing" kind="ReplicaSet" key="helmcustomsecretconfigit-operator/hivemq-test-hivemq-platform-operator-6966f96d65" duration="54.531µs"
2025-01-29 17:09:31,429 INFO c.h.h.t.HelmChartContainer - [POD] hivemq-test-hivemq-platform-operator-6966f96d65-cnq6x [209d5b10-7e0e-4a04-b390-15738226aa3c] in helmcustomsecretconfigit-operator was MODIFIED
2025-01-29 17:09:31,433 INFO c.h.h.t.HelmChartContainer - [K3S] [replica_set.go:679] "Finished syncing" kind="ReplicaSet" key="helmcustomsecretconfigit-operator/hivemq-test-hivemq-platform-operator-6966f96d65" duration="42.94µs"
2025-01-29 17:09:31,434 INFO c.h.h.t.HelmChartContainer - [POD] hivemq-test-hivemq-platform-operator-6966f96d65-cnq6x [209d5b10-7e0e-4a04-b390-15738226aa3c] in helmcustomsecretconfigit-operator was DELETED
2025-01-29 17:09:31,444 INFO c.h.h.t.HelmChartContainer - [K3S] [replica_set.go:679] "Finished syncing" kind="ReplicaSet" key="helmcustomsecretconfigit-operator/hivemq-test-hivemq-platform-operator-6966f96d65" duration="7.624µs"
2025-01-29 17:09:32,187 INFO c.h.h.t.HelmChartContainer - [K3S] [kubelet_volumes.go:163] "Cleaned up orphaned pod volumes dir" podUID="209d5b10-7e0e-4a04-b390-15738226aa3c" path="/var/lib/kubelet/pods/209d5b10-7e0e-4a04-b390-15738226aa3c/volumes"
2025-01-29 17:09:32,711 INFO c.h.h.t.HelmChartContainer - Deleting namespace 'helmcustomsecretconfigit-operator'...
2025-01-29 17:09:35,453 INFO c.h.h.t.HelmChartContainer - [K3S] [namespace_controller.go:187] "Namespace has been deleted" namespace="helmcustomsecretconfigit"
2025-01-29 17:09:37,930 INFO c.h.h.t.HelmChartContainer - Namespace 'helmcustomsecretconfigit-operator' deleted
2025-01-29 17:09:37,930 INFO c.h.h.t.HelmChartContainer - Release 'test-hivemq-platform-operator' in namespace 'helmcustomsecretconfigit-operator' is uninstalled
2025-01-29 17:09:38,519 INFO c.h.helmcharts.AbstractHelmChartIT - Removed unused containers:

2025-01-29 17:09:42,874 INFO c.h.h.t.HelmChartContainer - [K3S] [namespace_controller.go:187] "Namespace has been deleted" namespace="helmcustomsecretconfigit-operator"
2025-01-29 17:09:46,417 INFO c.h.helmcharts.AbstractHelmChartIT - Removed unused snapshots:
Removing snapshot sha256:03af251906410714c5aef9fa705b63f6bbc39c4a5e787de7361eeb18886c2ed2
Removing snapshot sha256:0c46b3b43cce082ce5ec34ffc6c294e0417d17b9d1e6f366d114b6aadc4f96dc
Removing snapshot sha256:0ce761beee59082d6ed5bcebd3a805b8ddd9b3426b617e4809e7fb7c6587ffec
Removing snapshot sha256:0df91287303208332c8ff6ba40ae4710105201739addbfbddfb955f1ad593664
Removing snapshot sha256:1021ef88c7974bfff89c5a0ec4fd3160daac6c48a075f74cff721f85dd104e68
Removing snapshot sha256:10aba4953ddc18145dd38e3704709bc464aa20af60b56fe52caaff4b68411e62
Removing snapshot sha256:2573e0d8158209ed54ab25c87bcdcb00bd3d2539246960a3d592a1c599d70465
Removing snapshot sha256:2a2ffcaae06bb04eaa1f88fedbaadeba8c176af55f9277b73dca521ccb98fc8c
Removing snapshot sha256:362a8a37f8bbc31925a8146adcf7cf51f9882f5c1dcbef67c5baa03a297543c0
Removing snapshot sha256:3fa4ad33f0ddc8fd45b39b6b4640f82a3a83619606cd975bfe89d8710ad2d4cd
Removing snapshot sha256:43a7c979bbaba6838bc3102d6b10a1459f3ab050b87ccdfef84ef90cf43d3058
Removing snapshot sha256:4ab04491cdf0d3267f08206fe30bd48f49f94b9cab2f016d6739220f722a64af
Removing snapshot sha256:4b6068250e89c96f263060261819c7d912855bfbd64b3eb4c4a8483299b8c295
Removing snapshot sha256:5418b526da622772b1fd8b7d016c5b2d7e5d29e9d842dfdabf2b6b2410da9de3
Removing snapshot sha256:580e69a0a8034ede1921139bbd2bfb72a69ebf276d008281896c32dd8bf74775
Removing snapshot sha256:5d30ba46b27fe37484567ccc5242cadc78217b8da605f3f195ef25cbf7487904
Removing snapshot sha256:63ca1fbb43ae5034640e5e6cb3e083e05c290072c5366fcaa9d62435a4cced85
Removing snapshot sha256:67f702c6baae873bceb19487c8b1f27bd2b86077e4f2f0e480e6d60ab508b8f5
Removing snapshot sha256:6864348dd42806d552efdec384f1274be15e2d0c10ce44c1f04347af004c10a9
Removing snapshot sha256:6c7dee8f2c39b84b7dc2711c01d33de93514d9055499173e9290176fbe484b6c
Removing snapshot sha256:82753493a6d61ded36556292f02f31841a14c20d2f279f19eaad65afb661d5cd
Removing snapshot sha256:8a10d3db42c505ee0fcfa98417bdd7e39b304f6bcc0a06bb1b220797ff2cc63c
Removing snapshot sha256:a21e5b12dbac529ad45d976eb9ce45c881f3bedcc500fb30aba1e52aa1813418
Removing snapshot sha256:b921e6c28969094157f9b8e7244677780319637afd14450b7cb6b2fdea558a0c
Removing snapshot sha256:bc27ecb5769a00e309cf99ebc763c4a4b958b618d1decc96ffac5bc05f02f5b7
Removing snapshot sha256:be3ccb6627a5332e309d45ef461d09b4879dd870c7394d89323d0ebc6ca6aa8a
Removing snapshot sha256:c261f7cbbc64211ee175ee47273acdb7b1a36a4450b397a064a8f2c026490095
Removing snapshot sha256:c34d9393647eea0c9e3557ab988efaf59f61d10a2a5613b439ef0958cca5ec10
Removing snapshot sha256:ccf3c4a0fa967a41c1c83497a2ce6fa5787965859df0adb32c4ca2cf7490bc2b
Removing snapshot sha256:cf92d33f869417309692088c341cd0f223c178ea78a125f757317b22aa8f90e9
Removing snapshot sha256:d0037344cf2fb078884f1849f6a1f8cf9a33a3b6139b6a85833e5ee528e1f9a8
Removing snapshot sha256:d3b36d5b79273b1e98e7700470eaeff05a882e777124d84cebcc1505b85ecb36
Removing snapshot sha256:d65a44a37914602d12c611e5e22a50f11451d847e63015cc1c2aef92dee777a4
Removing snapshot sha256:e2dc0bae2455930f23ae570e019b7f32edc75c0f2d71cab084db837ff9051796
Removing snapshot sha256:eccbd24a99c60cd9e86ee5305dbfc4a4dc89f5ab4fb1f06c8d64797cecedef34
Removing snapshot sha256:f144bb4c7c7f0d2aa7eeffd36d934ec40db1ee167be727e326aad9fdc616f475

]]></system-out>
  </testcase>
  <system-out><![CDATA[2025-01-29 17:04:38,536 INFO c.h.h.t.HelmChartContainerExtension - Using cached HelmChartContainer instance
]]></system-out>
  <system-err><![CDATA[]]></system-err>
</testsuite>
