<?xml version="1.0" encoding="UTF-8"?>
<testsuite name="com.hivemq.helmcharts.operator.CustomOperatorSelectorsIT" tests="1" skipped="0" failures="0" errors="0" timestamp="2025-06-30T09:34:03" hostname="fv-az1338-941" time="97.715">
  <properties/>
  <testcase name="whenOperatorSelectorIsConfigured_thenOnlyMatchingCustomResourcesAreReconciled()" classname="com.hivemq.helmcharts.operator.CustomOperatorSelectorsIT" time="97.715"/>
</testsuite>
