<?xml version="1.0" encoding="UTF-8"?>
<testsuite name="com.hivemq.helmcharts.extensions.HelmBridgeExtensionIT" tests="2" skipped="0" failures="0" errors="0" timestamp="2025-02-12T23:12:50" hostname="fv-az1721-502" time="222.026">
  <properties/>
  <testcase name="withBridgeConfiguration_messageBridged()" classname="com.hivemq.helmcharts.extensions.HelmBridgeExtensionIT" time="106.5"/>
  <testcase name="withBridgeSecretConfiguration_messageBridged()" classname="com.hivemq.helmcharts.extensions.HelmBridgeExtensionIT" time="115.526"/>
</testsuite>
