<?xml version="1.0" encoding="UTF-8"?>
<testsuite name="com.hivemq.helmcharts.volumes.HelmVolumeClaimTemplatesIT" tests="1" skipped="0" failures="0" errors="0" timestamp="2025-01-30T18:43:32" hostname="fv-az1945-823" time="344.899">
  <properties/>
  <testcase name="platform_whenVolumeClaimTemplateIsConfigured_withAdditionalVolumes_thenPersistentVolumeClaimsCreated()" classname="com.hivemq.helmcharts.volumes.HelmVolumeClaimTemplatesIT" time="344.899">
    <system-out><![CDATA[2025-01-30 18:43:32,675 INFO c.h.h.t.HelmChartContainer - Creating namespace 'helmvolumeclaimtemplatesit-operator'...
2025-01-30 18:43:32,682 INFO c.h.h.t.HelmChartContainer - Namespace 'helmvolumeclaimtemplatesit-operator' created
2025-01-30 18:43:32,683 INFO c.h.h.t.HelmChartContainer - Creating namespace 'helmvolumeclaimtemplatesit'...
2025-01-30 18:43:32,783 INFO c.h.h.t.HelmChartContainer - Namespace 'helmvolumeclaimtemplatesit' created
2025-01-30 18:43:32,844 DEBUG c.h.h.t.HelmChartContainer - Executing helm command: /bin/helm --kubeconfig /etc/rancher/k3s/k3s.yaml install test-hivemq-platform-operator /charts/hivemq-platform-operator --wait --timeout 5m0s --set image.repository=docker.io/hivemq --set image.name=hivemq-platform-operator-test --set image.initImageName=hivemq-platform-operator-init-test --set image.tag=snapshot --set image.pullPolicy=Never --set logLevel=DEBUG --set resources.cpu=512m --namespace helmvolumeclaimtemplatesit-operator
2025-01-30 18:43:33,183 INFO c.h.h.t.HelmChartContainer - [K3S] [alloc.go:330] "allocated clusterIPs" service="helmvolumeclaimtemplatesit-operator/hivemq-platform-operator-test-hivemq-platform-operator" clusterIPs={"IPv4":"10.43.109.247"}
2025-01-30 18:43:33,194 INFO c.h.h.t.HelmChartContainer - [EVENT] Normal [ScalingReplicaSet] Scaled up replica set hivemq-test-hivemq-platform-operator-6966f96d65 from 0 to 1 [helmvolumeclaimtemplatesit-operator:hivemq-test-hivemq-platform-operator]
2025-01-30 18:43:33,201 INFO c.h.h.t.HelmChartContainer - [POD] hivemq-test-hivemq-platform-operator-6966f96d65-r7tnh [3dd68f49-ce79-42e6-be93-56f60d79b30e] in helmvolumeclaimtemplatesit-operator was ADDED
2025-01-30 18:43:33,205 INFO c.h.h.t.HelmChartContainer - [K3S] [memory_manager.go:355] "RemoveStaleState removing state" podUID="f50b3ca0-fac6-401d-af5f-fd8d517a0ff5" containerName="hivemq-platform-operator"
2025-01-30 18:43:33,205 INFO c.h.h.t.HelmChartContainer - [K3S] [memory_manager.go:355] "RemoveStaleState removing state" podUID="1e0b6f3d-6767-46b0-9bb3-bcf53f442aa1" containerName="consul-template-container"
2025-01-30 18:43:33,205 INFO c.h.h.t.HelmChartContainer - [K3S] [memory_manager.go:355] "RemoveStaleState removing state" podUID="1e0b6f3d-6767-46b0-9bb3-bcf53f442aa1" containerName="hivemq"
2025-01-30 18:43:33,207 INFO c.h.h.t.HelmChartContainer - [EVENT] Normal [SuccessfulCreate] Created pod: hivemq-test-hivemq-platform-operator-6966f96d65-r7tnh [helmvolumeclaimtemplatesit-operator:hivemq-test-hivemq-platform-operator-6966f96d65]
2025-01-30 18:43:33,210 INFO c.h.h.t.HelmChartContainer - [K3S] [replica_set.go:679] "Finished syncing" kind="ReplicaSet" key="helmvolumeclaimtemplatesit-operator/hivemq-test-hivemq-platform-operator-6966f96d65" duration="16.320661ms"
2025-01-30 18:43:33,211 INFO c.h.h.t.HelmChartContainer - [POD] hivemq-test-hivemq-platform-operator-6966f96d65-r7tnh [3dd68f49-ce79-42e6-be93-56f60d79b30e] in helmvolumeclaimtemplatesit-operator was MODIFIED
2025-01-30 18:43:33,216 INFO c.h.h.t.HelmChartContainer - [EVENT] Normal [Scheduled] Successfully assigned helmvolumeclaimtemplatesit-operator/hivemq-test-hivemq-platform-operator-6966f96d65-r7tnh to 3c74c6b68004 [helmvolumeclaimtemplatesit-operator:hivemq-test-hivemq-platform-operator-6966f96d65-r7tnh]
2025-01-30 18:43:33,219 INFO c.h.h.t.HelmChartContainer - [K3S] [replica_set.go:679] "Finished syncing" kind="ReplicaSet" key="helmvolumeclaimtemplatesit-operator/hivemq-test-hivemq-platform-operator-6966f96d65" duration="11.405921ms"
2025-01-30 18:43:33,219 INFO c.h.h.t.HelmChartContainer - [K3S] [replica_set.go:679] "Finished syncing" kind="ReplicaSet" key="helmvolumeclaimtemplatesit-operator/hivemq-test-hivemq-platform-operator-6966f96d65" duration="34.043µs"
2025-01-30 18:43:33,226 INFO c.h.h.t.HelmChartContainer - [K3S] [replica_set.go:679] "Finished syncing" kind="ReplicaSet" key="helmvolumeclaimtemplatesit-operator/hivemq-test-hivemq-platform-operator-6966f96d65" duration="32.841µs"
2025-01-30 18:43:33,229 INFO c.h.h.t.HelmChartContainer - [POD] hivemq-test-hivemq-platform-operator-6966f96d65-r7tnh [3dd68f49-ce79-42e6-be93-56f60d79b30e] in helmvolumeclaimtemplatesit-operator was MODIFIED
2025-01-30 18:43:33,329 INFO c.h.h.t.HelmChartContainer - [K3S] [reconciler_common.go:251] "operationExecutor.VerifyControllerAttachedVolume started for volume \"kube-api-access-wq7qq\" (UniqueName: \"kubernetes.io/projected/3dd68f49-ce79-42e6-be93-56f60d79b30e-kube-api-access-wq7qq\") pod \"hivemq-test-hivemq-platform-operator-6966f96d65-r7tnh\" (UID: \"3dd68f49-ce79-42e6-be93-56f60d79b30e\") " pod="helmvolumeclaimtemplatesit-operator/hivemq-test-hivemq-platform-operator-6966f96d65-r7tnh"
2025-01-30 18:43:33,602 INFO c.h.h.t.HelmChartContainer - [EVENT] Normal [Pulled] Container image "docker.io/hivemq/hivemq-platform-operator-test:snapshot" already present on machine [helmvolumeclaimtemplatesit-operator:hivemq-test-hivemq-platform-operator-6966f96d65-r7tnh]
2025-01-30 18:43:33,602 INFO c.h.h.t.HelmChartContainer - Received Pulled event for container hivemq-platform-operator in pod hivemq-test-hivemq-platform-operator-6966f96d65-r7tnh [3dd68f49-ce79-42e6-be93-56f60d79b30e]
2025-01-30 18:43:34,925 INFO c.h.h.t.HelmChartContainer - [EVENT] Normal [Created] Created container: hivemq-platform-operator [helmvolumeclaimtemplatesit-operator:hivemq-test-hivemq-platform-operator-6966f96d65-r7tnh]
2025-01-30 18:43:34,926 INFO c.h.h.t.HelmChartContainer - Received Created event for container hivemq-platform-operator in pod hivemq-test-hivemq-platform-operator-6966f96d65-r7tnh [3dd68f49-ce79-42e6-be93-56f60d79b30e]
2025-01-30 18:43:35,550 INFO c.h.h.t.HelmChartContainer - [K3S] [replica_set.go:679] "Finished syncing" kind="ReplicaSet" key="helmvolumeclaimtemplatesit-operator/hivemq-test-hivemq-platform-operator-6966f96d65" duration="41.968µs"
2025-01-30 18:43:35,552 INFO c.h.h.t.HelmChartContainer - [POD] hivemq-test-hivemq-platform-operator-6966f96d65-r7tnh [3dd68f49-ce79-42e6-be93-56f60d79b30e] in helmvolumeclaimtemplatesit-operator was MODIFIED
2025-01-30 18:43:35,560 INFO c.h.h.t.HelmChartContainer - Started log watcher for hivemq-platform-operator in pod hivemq-test-hivemq-platform-operator-6966f96d65-r7tnh [3dd68f49-ce79-42e6-be93-56f60d79b30e]
2025-01-30 18:43:35,560 INFO c.h.h.t.HelmChartContainer - [EVENT] Normal [Started] Started container hivemq-platform-operator [helmvolumeclaimtemplatesit-operator:hivemq-test-hivemq-platform-operator-6966f96d65-r7tnh]
2025-01-30 18:43:35,560 INFO c.h.h.t.HelmChartContainer - Received Started event for container hivemq-platform-operator in pod hivemq-test-hivemq-platform-operator-6966f96d65-r7tnh [3dd68f49-ce79-42e6-be93-56f60d79b30e]
2025-01-30 18:43:35,560 INFO c.h.h.t.HelmChartContainer - [hivemq-test-hivemq-platform] [hivemq-platform-operator] [3dd68f49] -------------------------------------------------------------------------
2025-01-30 18:43:35,560 INFO c.h.h.t.HelmChartContainer - [hivemq-test-hivemq-platform] [hivemq-platform-operator] [3dd68f49] 
2025-01-30 18:43:35,560 INFO c.h.h.t.HelmChartContainer - [hivemq-test-hivemq-platform] [hivemq-platform-operator] [3dd68f49]                   _    _  _              __  __   ____
2025-01-30 18:43:35,560 INFO c.h.h.t.HelmChartContainer - [hivemq-test-hivemq-platform] [hivemq-platform-operator] [3dd68f49]                  | |  | |(_)            |  \/  | / __ \
2025-01-30 18:43:35,560 INFO c.h.h.t.HelmChartContainer - [hivemq-test-hivemq-platform] [hivemq-platform-operator] [3dd68f49]                  | |__| | _ __   __ ___ | \  / || |  | |
2025-01-30 18:43:35,560 INFO c.h.h.t.HelmChartContainer - [hivemq-test-hivemq-platform] [hivemq-platform-operator] [3dd68f49]                  |  __  || |\ \ / // _ \| |\/| || |  | |
2025-01-30 18:43:35,561 INFO c.h.h.t.HelmChartContainer - [hivemq-test-hivemq-platform] [hivemq-platform-operator] [3dd68f49]                  | |  | || | \ V /|  __/| |  | || |__| |
2025-01-30 18:43:35,561 INFO c.h.h.t.HelmChartContainer - [hivemq-test-hivemq-platform] [hivemq-platform-operator] [3dd68f49]                  |_|  |_||_|  \_/  \___||_|  |_| \___\_\
2025-01-30 18:43:35,561 INFO c.h.h.t.HelmChartContainer - [hivemq-test-hivemq-platform] [hivemq-platform-operator] [3dd68f49] 
2025-01-30 18:43:35,561 INFO c.h.h.t.HelmChartContainer - [hivemq-test-hivemq-platform] [hivemq-platform-operator] [3dd68f49] -------------------------------------------------------------------------
2025-01-30 18:43:35,561 INFO c.h.h.t.HelmChartContainer - [hivemq-test-hivemq-platform] [hivemq-platform-operator] [3dd68f49] 
2025-01-30 18:43:35,561 INFO c.h.h.t.HelmChartContainer - [hivemq-test-hivemq-platform] [hivemq-platform-operator] [3dd68f49]   HiveMQ Platform Operator Start Script v1.0
2025-01-30 18:43:35,561 INFO c.h.h.t.HelmChartContainer - [hivemq-test-hivemq-platform] [hivemq-platform-operator] [3dd68f49] 
2025-01-30 18:43:35,561 INFO c.h.h.t.HelmChartContainer - [hivemq-test-hivemq-platform] [hivemq-platform-operator] [3dd68f49] -------------------------------------------------------------------------
2025-01-30 18:43:35,561 INFO c.h.h.t.HelmChartContainer - [hivemq-test-hivemq-platform] [hivemq-platform-operator] [3dd68f49] 
2025-01-30 18:43:35,561 INFO c.h.h.t.HelmChartContainer - [hivemq-test-hivemq-platform] [hivemq-platform-operator] [3dd68f49]   JAVA_OPTS: -XX:+UnlockExperimentalVMOptions -XX:InitialRAMPercentage=75 -XX:MaxRAMPercentage=75 -Duser.language=en -Duser.region=US
2025-01-30 18:43:35,561 INFO c.h.h.t.HelmChartContainer - [hivemq-test-hivemq-platform] [hivemq-platform-operator] [3dd68f49] 
2025-01-30 18:43:35,561 INFO c.h.h.t.HelmChartContainer - [hivemq-test-hivemq-platform] [hivemq-platform-operator] [3dd68f49]   JAVA_VERSION: 21
2025-01-30 18:43:35,561 INFO c.h.h.t.HelmChartContainer - [hivemq-test-hivemq-platform] [hivemq-platform-operator] [3dd68f49] 
2025-01-30 18:43:35,561 INFO c.h.h.t.HelmChartContainer - [hivemq-test-hivemq-platform] [hivemq-platform-operator] [3dd68f49] -------------------------------------------------------------------------
2025-01-30 18:43:35,561 INFO c.h.h.t.HelmChartContainer - [hivemq-test-hivemq-platform] [hivemq-platform-operator] [3dd68f49] 
2025-01-30 18:43:38,194 INFO c.h.h.t.HelmChartContainer - [hivemq-test-hivemq-platform] [hivemq-platform-operator] [3dd68f49] 18:43:38.191 [main] DEBUG org.jboss.logging - Logging Provider: org.jboss.logging.Slf4jLoggerProvider
2025-01-30 18:43:38,336 INFO c.h.h.t.HelmChartContainer - [hivemq-test-hivemq-platform] [hivemq-platform-operator] [3dd68f49] 18:43:38.334 [main] DEBUG io.smallrye.config - SRCFG01006: Loaded ConfigSource SysPropConfigSource with ordinal 400
2025-01-30 18:43:38,336 INFO c.h.h.t.HelmChartContainer - [hivemq-test-hivemq-platform] [hivemq-platform-operator] [3dd68f49] 18:43:38.335 [main] DEBUG io.smallrye.config - SRCFG01006: Loaded ConfigSource EnvConfigSource with ordinal 300
2025-01-30 18:43:38,336 INFO c.h.h.t.HelmChartContainer - [hivemq-test-hivemq-platform] [hivemq-platform-operator] [3dd68f49] 18:43:38.335 [main] DEBUG io.smallrye.config - SRCFG01006: Loaded ConfigSource PropertiesConfigSource[source=jar:file:///opt/hivemq-platform-operator/bin/hivemq-platform-operator.jar!/hivemq-platform-operator.properties] with ordinal 100
2025-01-30 18:43:38,336 INFO c.h.h.t.HelmChartContainer - [hivemq-test-hivemq-platform] [hivemq-platform-operator] [3dd68f49] 18:43:38.335 [main] DEBUG io.smallrye.config - SRCFG01006: Loaded ConfigSource DefaultValuesConfigSource with ordinal -2147483648
2025-01-30 18:43:38,478 INFO c.h.h.t.HelmChartContainer - [hivemq-test-hivemq-platform] [hivemq-platform-operator] [3dd68f49] 18:43:38.477 [main] DEBUG i.m.c.u.i.l.InternalLoggerFactory - Using SLF4J as the default logging framework
2025-01-30 18:43:38,590 INFO c.h.h.t.HelmChartContainer - [hivemq-test-hivemq-platform] [hivemq-platform-operator] [3dd68f49] 18:43:38.583 [main] INFO  c.h.p.o.HiveMQPlatformOperatorApplication - HiveMQ Platform Operator 1.7.0-SNAPSHOT (commit: 47e3375 on branch: HEAD) built on Thu Jan 30 03:55:50 UTC 2025
2025-01-30 18:43:38,591 INFO c.h.h.t.HelmChartContainer - [hivemq-test-hivemq-platform] [hivemq-platform-operator] [3dd68f49] 18:43:38.589 [main] INFO  c.h.p.o.HiveMQPlatformOperatorApplication - HiveMQ Platform Operator is running in namespace: helmvolumeclaimtemplatesit-operator
2025-01-30 18:43:38,591 INFO c.h.h.t.HelmChartContainer - [hivemq-test-hivemq-platform] [hivemq-platform-operator] [3dd68f49] 18:43:38.589 [main] INFO  c.h.p.o.HiveMQPlatformOperatorApplication - Watching all namespaces
2025-01-30 18:43:38,591 INFO c.h.h.t.HelmChartContainer - [hivemq-test-hivemq-platform] [hivemq-platform-operator] [3dd68f49] 18:43:38.589 [main] INFO  c.h.p.o.HiveMQPlatformOperatorApplication - Log level: DEBUG
2025-01-30 18:43:38,591 INFO c.h.h.t.HelmChartContainer - [hivemq-test-hivemq-platform] [hivemq-platform-operator] [3dd68f49] 18:43:38.589 [main] INFO  c.h.p.o.HiveMQPlatformOperatorApplication - Release name: test-hivemq-platform-operator
2025-01-30 18:43:38,591 INFO c.h.h.t.HelmChartContainer - [hivemq-test-hivemq-platform] [hivemq-platform-operator] [3dd68f49] 18:43:38.589 [main] INFO  c.h.p.o.HiveMQPlatformOperatorApplication - HiveMQ Platform Operator Init image: docker.io/hivemq/hivemq-platform-operator-init-test:snapshot
2025-01-30 18:43:38,591 INFO c.h.h.t.HelmChartContainer - [hivemq-test-hivemq-platform] [hivemq-platform-operator] [3dd68f49] 18:43:38.590 [main] INFO  c.h.p.o.HiveMQPlatformOperatorApplication - HiveMQ Platform Operator Init App update URL: http://hivemq-platform-operator-test-hivemq-platform-operator.helmvolumeclaimtemplatesit-operator.svc:8080/initAppUpdate/hivemq-platform-operator-init-app-1.7.0-SNAPSHOT.jar
2025-01-30 18:43:38,591 INFO c.h.h.t.HelmChartContainer - [hivemq-test-hivemq-platform] [hivemq-platform-operator] [3dd68f49] 18:43:38.590 [main] INFO  c.h.p.o.HiveMQPlatformOperatorApplication - Additional imagePullSecret for all Platform deployments: none
2025-01-30 18:43:38,592 INFO c.h.h.t.HelmChartContainer - [hivemq-test-hivemq-platform] [hivemq-platform-operator] [3dd68f49] 18:43:38.590 [main] INFO  c.h.p.o.HiveMQPlatformOperatorApplication - Apply HiveMQ Platform CRD: true
2025-01-30 18:43:38,592 INFO c.h.h.t.HelmChartContainer - [hivemq-test-hivemq-platform] [hivemq-platform-operator] [3dd68f49] 18:43:38.590 [main] INFO  c.h.p.o.HiveMQPlatformOperatorApplication - Create Platform ServiceAccount: true
2025-01-30 18:43:38,592 INFO c.h.h.t.HelmChartContainer - [hivemq-test-hivemq-platform] [hivemq-platform-operator] [3dd68f49] 18:43:38.590 [main] INFO  c.h.p.o.HiveMQPlatformOperatorApplication - Create Platform ServiceAccount permissions: true
2025-01-30 18:43:38,592 INFO c.h.h.t.HelmChartContainer - [hivemq-test-hivemq-platform] [hivemq-platform-operator] [3dd68f49] 18:43:38.590 [main] INFO  c.h.p.o.HiveMQPlatformOperatorApplication - Validate Platform ServiceAccount: true
2025-01-30 18:43:38,592 INFO c.h.h.t.HelmChartContainer - [hivemq-test-hivemq-platform] [hivemq-platform-operator] [3dd68f49] 18:43:38.590 [main] INFO  c.h.p.o.HiveMQPlatformOperatorApplication - Validate Platform ServiceAccount permissions: true
2025-01-30 18:43:38,785 INFO c.h.h.t.HelmChartContainer - [hivemq-test-hivemq-platform] [hivemq-platform-operator] [3dd68f49] 18:43:38.784 [main] INFO  c.h.platform.operator.util.CRDUtil - Verifying deployed HiveMQ Platform CRD...
2025-01-30 18:43:41,278 INFO c.h.h.t.HelmChartContainer - [hivemq-test-hivemq-platform] [hivemq-platform-operator] [3dd68f49] 18:43:41.276 [main] DEBUG c.h.platform.operator.util.CRDUtil - HiveMQ Platform CRD version v1 is up to date
2025-01-30 18:43:41,278 INFO c.h.h.t.HelmChartContainer - [hivemq-test-hivemq-platform] [hivemq-platform-operator] [3dd68f49] 18:43:41.276 [main] INFO  c.h.platform.operator.util.CRDUtil - HiveMQ Platform CRD is up to date (version: V1_6_0)
2025-01-30 18:43:41,278 INFO c.h.h.t.HelmChartContainer - [hivemq-test-hivemq-platform] [hivemq-platform-operator] [3dd68f49] 18:43:41.276 [main] INFO  c.h.platform.operator.util.CRDUtil - Waiting 10000 ms for HiveMQ Platform CRD 'hivemq-platforms.hivemq.com' to become ready...
2025-01-30 18:43:41,489 INFO c.h.h.t.HelmChartContainer - [hivemq-test-hivemq-platform] [hivemq-platform-operator] [3dd68f49] 18:43:41.488 [vert.x-eventloop-thread-1] DEBUG c.h.platform.operator.util.CRDUtil - Checking CRD condition 'NamesAccepted' (status: 'True')
2025-01-30 18:43:41,490 INFO c.h.h.t.HelmChartContainer - [hivemq-test-hivemq-platform] [hivemq-platform-operator] [3dd68f49] 18:43:41.488 [vert.x-eventloop-thread-1] DEBUG c.h.platform.operator.util.CRDUtil - Checking CRD condition 'Established' (status: 'True')
2025-01-30 18:43:41,535 INFO c.h.h.t.HelmChartContainer - [hivemq-test-hivemq-platform] [hivemq-platform-operator] [3dd68f49] 18:43:41.533 [main] INFO  c.h.platform.operator.util.CRDUtil - HiveMQ Platform CRD 'hivemq-platforms.hivemq.com' is ready
2025-01-30 18:43:41,688 INFO c.h.h.t.HelmChartContainer - [hivemq-test-hivemq-platform] [hivemq-platform-operator] [3dd68f49] 18:43:41.687 [main] INFO  c.h.p.o.HiveMQPlatformReconciler - HiveMQ Platform Operator is starting...
2025-01-30 18:43:41,834 INFO c.h.h.t.HelmChartContainer - [hivemq-test-hivemq-platform] [hivemq-platform-operator] [3dd68f49] 18:43:41.833 [main] WARN  Default ConfigurationService implementation - Configuration for reconciler 'hivemq-controller' was not found. Known reconcilers: None.
2025-01-30 18:43:41,884 INFO c.h.h.t.HelmChartContainer - [hivemq-test-hivemq-platform] [hivemq-platform-operator] [3dd68f49] 18:43:41.882 [main] INFO  Default ConfigurationService implementation - Created configuration for reconciler com.hivemq.platform.operator.HiveMQPlatformReconciler with name hivemq-controller
2025-01-30 18:43:41,988 INFO c.h.h.t.HelmChartContainer - [hivemq-test-hivemq-platform] [hivemq-platform-operator] [3dd68f49] 18:43:41.987 [main] DEBUG c.h.p.o.HiveMQPlatformReconciler - HiveMQ Platform Operator is preparing EventSources
2025-01-30 18:43:42,079 INFO c.h.h.t.HelmChartContainer - [hivemq-test-hivemq-platform] [hivemq-platform-operator] [3dd68f49] 18:43:42.077 [main] INFO  i.javaoperatorsdk.operator.Operator - Registered reconciler: 'hivemq-controller' for resource: 'class com.hivemq.platform.operator.v1.HiveMQPlatform' for namespace(s): [all namespaces]
2025-01-30 18:43:42,692 INFO c.h.h.t.HelmChartContainer - [hivemq-test-hivemq-platform] [hivemq-platform-operator] [3dd68f49] 18:43:42.691 [main] INFO  c.h.p.operator.webserver.JettyServer - Starting Jetty server on port 8080
2025-01-30 18:43:42,835 INFO c.h.h.t.HelmChartContainer - [hivemq-test-hivemq-platform] [hivemq-platform-operator] [3dd68f49] 18:43:42.833 [main] INFO  i.javaoperatorsdk.operator.Operator - Operator SDK 4.9.7 (commit: 2133d28) built on Wed Nov 20 12:56:20 UTC 2024 starting...
2025-01-30 18:43:42,835 INFO c.h.h.t.HelmChartContainer - [hivemq-test-hivemq-platform] [hivemq-platform-operator] [3dd68f49] 18:43:42.834 [main] INFO  i.javaoperatorsdk.operator.Operator - Client version: 6.13.5
2025-01-30 18:43:42,836 INFO c.h.h.t.HelmChartContainer - [hivemq-test-hivemq-platform] [hivemq-platform-operator] [3dd68f49] 18:43:42.835 [Controller Starter for: hivemq-controller] INFO  i.j.operator.processing.Controller - Starting 'hivemq-controller' controller for reconciler: com.hivemq.platform.operator.HiveMQPlatformReconciler, resource: com.hivemq.platform.operator.v1.HiveMQPlatform
2025-01-30 18:43:45,379 INFO c.h.h.t.HelmChartContainer - [hivemq-test-hivemq-platform] [hivemq-platform-operator] [3dd68f49] 18:43:45.377 [Controller Starter for: hivemq-controller] INFO  i.j.operator.processing.Controller - 'hivemq-controller' controller started
2025-01-30 18:43:45,380 INFO c.h.h.t.HelmChartContainer - [hivemq-test-hivemq-platform] [hivemq-platform-operator] [3dd68f49] 18:43:45.378 [main] INFO  c.h.p.o.HiveMQPlatformOperatorApplication - HiveMQ Platform Operator 1.7.0-SNAPSHOT started in 6795 ms
2025-01-30 18:43:46,559 INFO c.h.h.t.HelmChartContainer - [POD] hivemq-test-hivemq-platform-operator-6966f96d65-r7tnh [3dd68f49-ce79-42e6-be93-56f60d79b30e] in helmvolumeclaimtemplatesit-operator was MODIFIED
2025-01-30 18:43:46,563 INFO c.h.h.t.HelmChartContainer - [K3S] [replica_set.go:679] "Finished syncing" kind="ReplicaSet" key="helmvolumeclaimtemplatesit-operator/hivemq-test-hivemq-platform-operator-6966f96d65" duration="8.299949ms"
2025-01-30 18:43:46,564 INFO c.h.h.t.HelmChartContainer - [K3S] [replica_set.go:679] "Finished syncing" kind="ReplicaSet" key="helmvolumeclaimtemplatesit-operator/hivemq-test-hivemq-platform-operator-6966f96d65" duration="53.17µs"
2025-01-30 18:43:47,325 DEBUG c.h.h.t.HelmChartContainer - Executing helm command: /bin/helm --kubeconfig /etc/rancher/k3s/k3s.yaml install test-hivemq-platform /charts/hivemq-platform --wait --timeout 5m0s --set image.repository=docker.io/hivemq --set image.tag=4.36.0 --set image.pullPolicy=Never --set nodes.resources.cpu=512m -f /files/volumes-claim-templates-values.yaml --namespace helmvolumeclaimtemplatesit
2025-01-30 18:43:47,576 INFO c.h.h.t.HelmChartContainer - [hivemq-test-hivemq-platform] [hivemq-platform-operator] [3dd68f49] 18:43:47.575 [-2082509879-pool-1-thread-2] WARN  i.m.p.PrometheusMeterRegistry - The meter (MeterId{name='operator.sdk.events.received', tags=[tag(action=ADDED),tag(event=ResourceEvent),tag(group=hivemq.com),tag(kind=HiveMQPlatform),tag(name=test-hivemq-platform),tag(namespace=helmvolumeclaimtemplatesit),tag(scope=namespace),tag(version=v1)]}) registration has failed: Prometheus requires that all meters with the same name have the same set of tag keys. There is already an existing meter named 'operator.sdk.events.received' containing tag keys [event, group, kind, name, namespace, scope, version]. The meter you are attempting to register has keys [action, event, group, kind, name, namespace, scope, version]. Note that subsequent logs will be logged at debug level.
2025-01-30 18:43:48,145 INFO c.h.h.t.HelmChartContainer - [hivemq-test-hivemq-platform] [hivemq-platform-operator] [3dd68f49] 18:43:48.144 [pool-6-thread-3] DEBUG c.h.p.o.dependants.PodInfoConfigMap - [helmvolu] Desired PodInfo ConfigMap (1 extensions) (1 enabled)
2025-01-30 18:43:48,147 INFO c.h.h.t.HelmChartContainer - [hivemq-test-hivemq-platform] [hivemq-platform-operator] [3dd68f49] 18:43:48.146 [pool-6-thread-3] DEBUG c.h.p.o.dependants.PodInfoConfigMap - [helmvolu] Desired PodInfo ConfigMap (metrics port: 9399) (metrics path: /)
2025-01-30 18:43:48,148 INFO c.h.h.t.HelmChartContainer - [hivemq-test-hivemq-platform] [hivemq-platform-operator] [3dd68f49] 18:43:48.146 [pool-6-thread-3] DEBUG c.h.p.o.dependants.PodInfoConfigMap - [helmvolu] Desired PodInfo ConfigMap (extension state hash: -1817474005)
2025-01-30 18:43:48,150 INFO c.h.h.t.HelmChartContainer - [hivemq-test-hivemq-platform] [hivemq-platform-operator] [3dd68f49] 18:43:48.149 [pool-6-thread-3] DEBUG c.h.p.o.dependants.PodInfoConfigMap - [helmvolu] Create PodInfo ConfigMap
2025-01-30 18:43:48,336 INFO c.h.h.t.HelmChartContainer - [hivemq-test-hivemq-platform] [hivemq-platform-operator] [3dd68f49] 18:43:48.334 [pool-6-thread-5] DEBUG c.h.p.o.dependants.PodRoleResource - [helmvolu] Create Role: Role(apiVersion=rbac.authorization.k8s.io/v1, kind=Role, metadata=ObjectMeta(annotations={meta.helm.sh/release-name=test-hivemq-platform, meta.helm.sh/release-namespace=helmvolumeclaimtemplatesit}, creationTimestamp=null, deletionGracePeriodSeconds=null, deletionTimestamp=null, finalizers=[], generateName=null, generation=null, labels={helm.sh/chart=hivemq-platform-0.2.32, app.kubernetes.io/managed-by=Helm, app.kubernetes.io/name=hivemq-platform, hivemq-platform=test-hivemq-platform, app.kubernetes.io/instance=test-hivemq-platform, app.kubernetes.io/version=4.36.0}, managedFields=[], name=hivemq-platform-role-test-hivemq-platform, namespace=helmvolumeclaimtemplatesit, ownerReferences=[OwnerReference(apiVersion=hivemq.com/v1, blockOwnerDeletion=null, controller=null, kind=HiveMQPlatform, name=test-hivemq-platform, uid=73ef5cd5-931e-47b8-bd37-8b659ca8f3d4, additionalProperties={})], resourceVersion=null, selfLink=null, uid=null, additionalProperties={}), rules=[PolicyRule(apiGroups=[], nonResourceURLs=[], resourceNames=[], resources=[pods], verbs=[get, patch, update], additionalProperties={})], additionalProperties={})
2025-01-30 18:43:48,440 INFO c.h.h.t.HelmChartContainer - [hivemq-test-hivemq-platform] [hivemq-platform-operator] [3dd68f49] 18:43:48.437 [pool-6-thread-7] DEBUG c.h.p.o.d.PodServiceAccountResource - [helmvolu] Desired PodServiceAccountResource (serviceAccountName: hivemq-platform-pod-test-hivemq-platform)
2025-01-30 18:43:48,440 INFO c.h.h.t.HelmChartContainer - [hivemq-test-hivemq-platform] [hivemq-platform-operator] [3dd68f49] 18:43:48.438 [pool-6-thread-7] DEBUG c.h.p.o.d.PodServiceAccountResource - [helmvolu] Create ServiceAccount 'hivemq-platform-pod-test-hivemq-platform'
2025-01-30 18:43:48,547 INFO c.h.h.t.HelmChartContainer - [hivemq-test-hivemq-platform] [hivemq-platform-operator] [3dd68f49] 18:43:48.545 [pool-6-thread-10] DEBUG c.h.p.o.d.PodRoleBindingResource - [helmvolu] Create RoleBinding: RoleBinding(apiVersion=rbac.authorization.k8s.io/v1, kind=RoleBinding, metadata=ObjectMeta(annotations={meta.helm.sh/release-name=test-hivemq-platform, meta.helm.sh/release-namespace=helmvolumeclaimtemplatesit}, creationTimestamp=null, deletionGracePeriodSeconds=null, deletionTimestamp=null, finalizers=[], generateName=null, generation=null, labels={helm.sh/chart=hivemq-platform-0.2.32, app.kubernetes.io/managed-by=Helm, app.kubernetes.io/name=hivemq-platform, hivemq-platform=test-hivemq-platform, app.kubernetes.io/instance=test-hivemq-platform, app.kubernetes.io/version=4.36.0}, managedFields=[], name=hivemq-platform-role-binding-test-hivemq-platform, namespace=helmvolumeclaimtemplatesit, ownerReferences=[OwnerReference(apiVersion=hivemq.com/v1, blockOwnerDeletion=null, controller=null, kind=HiveMQPlatform, name=test-hivemq-platform, uid=73ef5cd5-931e-47b8-bd37-8b659ca8f3d4, additionalProperties={})], resourceVersion=null, selfLink=null, uid=null, additionalProperties={}), roleRef=RoleRef(apiGroup=rbac.authorization.k8s.io, kind=Role, name=hivemq-platform-role-test-hivemq-platform, additionalProperties={}), subjects=[Subject(apiGroup=null, kind=ServiceAccount, name=hivemq-platform-pod-test-hivemq-platform, namespace=helmvolumeclaimtemplatesit, additionalProperties={})], additionalProperties={})
2025-01-30 18:43:48,638 INFO c.h.h.t.HelmChartContainer - [hivemq-test-hivemq-platform] [hivemq-platform-operator] [3dd68f49] 18:43:48.636 [ReconcilerExecutor-hivemq-controller-54] INFO  c.h.p.o.HiveMQPlatformReconciler - [helmvolu] Reconciling HiveMQ Platform 'test-hivemq-platform' in namespace 'helmvolumeclaimtemplatesit'
2025-01-30 18:43:48,638 INFO c.h.h.t.HelmChartContainer - [hivemq-test-hivemq-platform] [hivemq-platform-operator] [3dd68f49] 18:43:48.636 [ReconcilerExecutor-hivemq-controller-54] DEBUG c.h.p.o.HiveMQPlatformReconciler - [helmvolu] Custom Resource Status CREATED - HiveMQ Platform was created (READY)
2025-01-30 18:43:48,638 INFO c.h.h.t.HelmChartContainer - [hivemq-test-hivemq-platform] [hivemq-platform-operator] [3dd68f49] 18:43:48.636 [ReconcilerExecutor-hivemq-controller-54] DEBUG c.h.p.o.HiveMQPlatformReconciler - [helmvolu] Custom Resource Spec (replicas: 2) (extensions: 1)
2025-01-30 18:43:48,641 INFO c.h.h.t.HelmChartContainer - [hivemq-test-hivemq-platform] [hivemq-platform-operator] [3dd68f49] 18:43:48.640 [ReconcilerExecutor-hivemq-controller-54] INFO  c.h.p.o.h.HiveMQPlatformReconcilerBaseHandler - [helmvolu] HiveMQ Platform is starting
2025-01-30 18:43:48,744 INFO c.h.h.t.HelmChartContainer - [hivemq-test-hivemq-platform] [hivemq-platform-operator] [3dd68f49] 18:43:48.743 [ReconcilerExecutor-hivemq-controller-54] DEBUG c.h.p.operator.event.EventSender - [helmvolu] Creating K8s event hivemq-platform-starting: [Start] HiveMQ Platform is starting
2025-01-30 18:43:48,754 INFO c.h.h.t.HelmChartContainer - [EVENT] Normal [Start] HiveMQ Platform is starting [helmvolumeclaimtemplatesit:test-hivemq-platform]
2025-01-30 18:43:48,835 INFO c.h.h.t.HelmChartContainer - [hivemq-test-hivemq-platform] [hivemq-platform-operator] [3dd68f49] 18:43:48.834 [ReconcilerExecutor-hivemq-controller-54] INFO  c.h.p.o.h.AbstractHiveMQReconcilerStateHandler - [helmvolu] Update HiveMQ Platform Status (CREATED [READY] -> STARTING [READY]): HiveMQ Platform is starting
2025-01-30 18:43:48,847 DEBUG com.hivemq.helmcharts.util.K8sUtil - Comparing actual state 'STARTING' and waiting for 'RUNNING'
2025-01-30 18:43:58,859 INFO c.h.h.t.HelmChartContainer - [hivemq-test-hivemq-platform] [hivemq-platform-operator] [3dd68f49] 18:43:58.858 [pool-6-thread-12] DEBUG c.h.p.o.d.PlatformServiceResource - [helmvolu] Desired Platform services (3 services)
2025-01-30 18:43:58,861 INFO c.h.h.t.HelmChartContainer - [hivemq-test-hivemq-platform] [hivemq-platform-operator] [3dd68f49] 18:43:58.859 [pool-6-thread-13] DEBUG c.h.p.o.dependants.PodInfoConfigMap - [helmvolu] Desired PodInfo ConfigMap (1 extensions) (1 enabled)
2025-01-30 18:43:58,862 INFO c.h.h.t.HelmChartContainer - [hivemq-test-hivemq-platform] [hivemq-platform-operator] [3dd68f49] 18:43:58.859 [pool-6-thread-13] DEBUG c.h.p.o.dependants.PodInfoConfigMap - [helmvolu] Desired PodInfo ConfigMap (metrics port: 9399) (metrics path: /)
2025-01-30 18:43:58,862 INFO c.h.h.t.HelmChartContainer - [hivemq-test-hivemq-platform] [hivemq-platform-operator] [3dd68f49] 18:43:58.859 [pool-6-thread-13] DEBUG c.h.p.o.dependants.PodInfoConfigMap - [helmvolu] Desired PodInfo ConfigMap (extension state hash: -1817474005)
2025-01-30 18:43:58,864 INFO c.h.h.t.HelmChartContainer - [hivemq-test-hivemq-platform] [hivemq-platform-operator] [3dd68f49] 18:43:58.864 [pool-6-thread-17] DEBUG c.h.p.o.d.PodServiceAccountResource - [helmvolu] Desired PodServiceAccountResource (serviceAccountName: hivemq-platform-pod-test-hivemq-platform)
2025-01-30 18:43:58,869 INFO c.h.h.t.HelmChartContainer - [hivemq-test-hivemq-platform] [hivemq-platform-operator] [3dd68f49] 18:43:58.868 [pool-6-thread-13] DEBUG c.h.p.o.dependants.PodInfoConfigMap - [helmvolu] Update PodInfo ConfigMap
2025-01-30 18:43:58,945 INFO c.h.h.t.HelmChartContainer - [K3S] [alloc.go:330] "allocated clusterIPs" service="helmvolumeclaimtemplatesit/hivemq-test-hivemq-platform-cc-8080" clusterIPs={"IPv4":"10.43.140.170"}
2025-01-30 18:43:59,045 INFO c.h.h.t.HelmChartContainer - [K3S] [alloc.go:330] "allocated clusterIPs" service="helmvolumeclaimtemplatesit/hivemq-test-hivemq-platform-metrics-9399" clusterIPs={"IPv4":"10.43.63.120"}
2025-01-30 18:43:59,057 INFO c.h.h.t.HelmChartContainer - [K3S] [alloc.go:330] "allocated clusterIPs" service="helmvolumeclaimtemplatesit/hivemq-test-hivemq-platform-mqtt-1883" clusterIPs={"IPv4":"10.43.187.200"}
2025-01-30 18:43:59,138 INFO c.h.h.t.HelmChartContainer - [hivemq-test-hivemq-platform] [hivemq-platform-operator] [3dd68f49] 18:43:59.136 [pool-6-thread-20] DEBUG c.h.p.o.d.StatefulSetResource - [helmvolu] Desired StatefulSet (2 replicas) for status STARTING (READY)
2025-01-30 18:43:59,150 INFO c.h.h.t.HelmChartContainer - [hivemq-test-hivemq-platform] [hivemq-platform-operator] [3dd68f49] 18:43:59.149 [pool-6-thread-20] DEBUG c.h.p.o.d.StatefulSetResource - [helmvolu] Create StatefulSet
2025-01-30 18:43:59,253 INFO c.h.h.t.HelmChartContainer - [hivemq-test-hivemq-platform] [hivemq-platform-operator] [3dd68f49] 18:43:59.250 [ReconcilerExecutor-hivemq-controller-65] INFO  c.h.p.o.HiveMQPlatformReconciler - [helmvolu] Reconciling HiveMQ Platform 'test-hivemq-platform' in namespace 'helmvolumeclaimtemplatesit'
2025-01-30 18:43:59,253 INFO c.h.h.t.HelmChartContainer - [hivemq-test-hivemq-platform] [hivemq-platform-operator] [3dd68f49] 18:43:59.250 [ReconcilerExecutor-hivemq-controller-65] DEBUG c.h.p.o.HiveMQPlatformReconciler - [helmvolu] Custom Resource Status STARTING - HiveMQ Platform is starting (READY)
2025-01-30 18:43:59,253 INFO c.h.h.t.HelmChartContainer - [hivemq-test-hivemq-platform] [hivemq-platform-operator] [3dd68f49] 18:43:59.251 [ReconcilerExecutor-hivemq-controller-65] DEBUG c.h.p.o.HiveMQPlatformReconciler - [helmvolu] Custom Resource Spec (replicas: 2) (extensions: 1)
2025-01-30 18:43:59,260 INFO c.h.h.t.HelmChartContainer - [EVENT] Normal [SuccessfulCreate] create Claim hivemq-pvc-data-test-hivemq-platform-0 Pod test-hivemq-platform-0 in StatefulSet test-hivemq-platform success [helmvolumeclaimtemplatesit:test-hivemq-platform]
2025-01-30 18:43:59,264 INFO c.h.h.t.HelmChartContainer - [POD] test-hivemq-platform-0 [bd9e3d15-73d4-4923-9341-3b6fa14c2287] in helmvolumeclaimtemplatesit was ADDED
2025-01-30 18:43:59,266 INFO c.h.h.t.HelmChartContainer - [EVENT] Normal [SuccessfulCreate] create Pod test-hivemq-platform-0 in StatefulSet test-hivemq-platform successful [helmvolumeclaimtemplatesit:test-hivemq-platform]
2025-01-30 18:43:59,267 INFO c.h.h.t.HelmChartContainer - [EVENT] Normal [WaitForFirstConsumer] waiting for first consumer to be created before binding [helmvolumeclaimtemplatesit:hivemq-pvc-data-test-hivemq-platform-0]
2025-01-30 18:43:59,275 INFO c.h.h.t.HelmChartContainer - [EVENT] Normal [ExternalProvisioning] Waiting for a volume to be created either by the external provisioner 'rancher.io/local-path' or manually by the system administrator. If volume creation is delayed, please verify that the provisioner is running and correctly registered. [helmvolumeclaimtemplatesit:hivemq-pvc-data-test-hivemq-platform-0]
2025-01-30 18:43:59,277 INFO c.h.h.t.HelmChartContainer - [EVENT] Normal [ExternalProvisioning] Waiting for a volume to be created either by the external provisioner 'rancher.io/local-path' or manually by the system administrator. If volume creation is delayed, please verify that the provisioner is running and correctly registered. [helmvolumeclaimtemplatesit:hivemq-pvc-data-test-hivemq-platform-0]
2025-01-30 18:43:59,278 INFO c.h.h.t.HelmChartContainer - [EVENT] Normal [Provisioning] External provisioner is provisioning volume for claim "helmvolumeclaimtemplatesit/hivemq-pvc-data-test-hivemq-platform-0" [helmvolumeclaimtemplatesit:hivemq-pvc-data-test-hivemq-platform-0]
2025-01-30 18:43:59,335 INFO c.h.h.t.HelmChartContainer - [hivemq-test-hivemq-platform] [hivemq-platform-operator] [3dd68f49] 18:43:59.334 [ReconcilerExecutor-hivemq-controller-65] DEBUG c.h.p.o.HiveMQPlatformReconciler - [helmvolu] StatefulSet Status (revision: null, replicas: 0, available: 0, ready: 0, current: 0, updated: 0)
2025-01-30 18:43:59,338 INFO c.h.h.t.HelmChartContainer - [hivemq-test-hivemq-platform] [hivemq-platform-operator] [3dd68f49] 18:43:59.335 [ReconcilerExecutor-hivemq-controller-65] DEBUG c.h.p.o.HiveMQPlatformReconciler - [helmvolu] StatefulSet Spec (replicas: 2, init containers: 1, containers: 1, volumes: 4)
2025-01-30 18:43:59,347 INFO c.h.h.t.HelmChartContainer - [hivemq-test-hivemq-platform] [hivemq-platform-operator] [3dd68f49] 18:43:59.347 [ReconcilerExecutor-hivemq-controller-65] DEBUG c.h.p.o.h.HiveMQPlatformReconcilerErrorHandler - [helmvolu] Pod 'test-hivemq-platform-0' phase Pending
2025-01-30 18:43:59,361 INFO c.h.h.t.HelmChartContainer - [POD] helper-pod-create-pvc-e368f338-44dd-4cc6-ab08-4d84ccc9eefc [b7cfd2ef-aa4c-47f1-9b24-61de94f98018] in kube-system was ADDED
2025-01-30 18:43:59,368 INFO c.h.h.t.HelmChartContainer - [POD] helper-pod-create-pvc-e368f338-44dd-4cc6-ab08-4d84ccc9eefc [b7cfd2ef-aa4c-47f1-9b24-61de94f98018] in kube-system was MODIFIED
2025-01-30 18:43:59,435 INFO c.h.h.t.HelmChartContainer - [hivemq-test-hivemq-platform] [hivemq-platform-operator] [3dd68f49] 18:43:59.433 [ReconcilerExecutor-hivemq-controller-65] INFO  c.h.p.o.h.HiveMQPlatformReconcilerBaseHandler - [helmvolu] HiveMQ Platform is starting, 0 of 2 replicas are ready
2025-01-30 18:43:59,442 INFO c.h.h.t.HelmChartContainer - [hivemq-test-hivemq-platform] [hivemq-platform-operator] [3dd68f49] 18:43:59.438 [pool-6-thread-22] DEBUG c.h.p.o.d.PlatformServiceResource - [helmvolu] Desired Platform services (3 services)
2025-01-30 18:43:59,442 INFO c.h.h.t.HelmChartContainer - [hivemq-test-hivemq-platform] [hivemq-platform-operator] [3dd68f49] 18:43:59.439 [pool-6-thread-23] DEBUG c.h.p.o.dependants.PodInfoConfigMap - [helmvolu] Desired PodInfo ConfigMap (1 extensions) (1 enabled)
2025-01-30 18:43:59,442 INFO c.h.h.t.HelmChartContainer - [hivemq-test-hivemq-platform] [hivemq-platform-operator] [3dd68f49] 18:43:59.439 [pool-6-thread-23] DEBUG c.h.p.o.dependants.PodInfoConfigMap - [helmvolu] Desired PodInfo ConfigMap (metrics port: 9399) (metrics path: /)
2025-01-30 18:43:59,442 INFO c.h.h.t.HelmChartContainer - [hivemq-test-hivemq-platform] [hivemq-platform-operator] [3dd68f49] 18:43:59.439 [pool-6-thread-23] DEBUG c.h.p.o.dependants.PodInfoConfigMap - [helmvolu] Desired PodInfo ConfigMap (extension state hash: -1817474005)
2025-01-30 18:43:59,446 INFO c.h.h.t.HelmChartContainer - [hivemq-test-hivemq-platform] [hivemq-platform-operator] [3dd68f49] 18:43:59.445 [pool-6-thread-27] DEBUG c.h.p.o.d.PodServiceAccountResource - [helmvolu] Desired PodServiceAccountResource (serviceAccountName: hivemq-platform-pod-test-hivemq-platform)
2025-01-30 18:43:59,481 INFO c.h.h.t.HelmChartContainer - [K3S] [reconciler_common.go:251] "operationExecutor.VerifyControllerAttachedVolume started for volume \"data\" (UniqueName: \"kubernetes.io/host-path/b7cfd2ef-aa4c-47f1-9b24-61de94f98018-data\") pod \"helper-pod-create-pvc-e368f338-44dd-4cc6-ab08-4d84ccc9eefc\" (UID: \"b7cfd2ef-aa4c-47f1-9b24-61de94f98018\") " pod="kube-system/helper-pod-create-pvc-e368f338-44dd-4cc6-ab08-4d84ccc9eefc"
2025-01-30 18:43:59,481 INFO c.h.h.t.HelmChartContainer - [K3S] [reconciler_common.go:251] "operationExecutor.VerifyControllerAttachedVolume started for volume \"script\" (UniqueName: \"kubernetes.io/configmap/b7cfd2ef-aa4c-47f1-9b24-61de94f98018-script\") pod \"helper-pod-create-pvc-e368f338-44dd-4cc6-ab08-4d84ccc9eefc\" (UID: \"b7cfd2ef-aa4c-47f1-9b24-61de94f98018\") " pod="kube-system/helper-pod-create-pvc-e368f338-44dd-4cc6-ab08-4d84ccc9eefc"
2025-01-30 18:43:59,482 INFO c.h.h.t.HelmChartContainer - [K3S] [reconciler_common.go:251] "operationExecutor.VerifyControllerAttachedVolume started for volume \"kube-api-access-6lwxh\" (UniqueName: \"kubernetes.io/projected/b7cfd2ef-aa4c-47f1-9b24-61de94f98018-kube-api-access-6lwxh\") pod \"helper-pod-create-pvc-e368f338-44dd-4cc6-ab08-4d84ccc9eefc\" (UID: \"b7cfd2ef-aa4c-47f1-9b24-61de94f98018\") " pod="kube-system/helper-pod-create-pvc-e368f338-44dd-4cc6-ab08-4d84ccc9eefc"
2025-01-30 18:43:59,539 INFO c.h.h.t.HelmChartContainer - [hivemq-test-hivemq-platform] [hivemq-platform-operator] [3dd68f49] 18:43:59.538 [pool-6-thread-30] DEBUG c.h.p.o.d.StatefulSetResource - [helmvolu] Desired StatefulSet (2 replicas) for status STARTING (READY)
2025-01-30 18:43:59,548 INFO c.h.h.t.HelmChartContainer - [hivemq-test-hivemq-platform] [hivemq-platform-operator] [3dd68f49] 18:43:59.545 [ReconcilerExecutor-hivemq-controller-76] INFO  c.h.p.o.HiveMQPlatformReconciler - [helmvolu] Reconciling HiveMQ Platform 'test-hivemq-platform' in namespace 'helmvolumeclaimtemplatesit'
2025-01-30 18:43:59,548 INFO c.h.h.t.HelmChartContainer - [hivemq-test-hivemq-platform] [hivemq-platform-operator] [3dd68f49] 18:43:59.545 [ReconcilerExecutor-hivemq-controller-76] DEBUG c.h.p.o.HiveMQPlatformReconciler - [helmvolu] Custom Resource Status STARTING - HiveMQ Platform is starting (READY)
2025-01-30 18:43:59,548 INFO c.h.h.t.HelmChartContainer - [hivemq-test-hivemq-platform] [hivemq-platform-operator] [3dd68f49] 18:43:59.545 [ReconcilerExecutor-hivemq-controller-76] DEBUG c.h.p.o.HiveMQPlatformReconciler - [helmvolu] Custom Resource Spec (replicas: 2) (extensions: 1)
2025-01-30 18:43:59,549 INFO c.h.h.t.HelmChartContainer - [hivemq-test-hivemq-platform] [hivemq-platform-operator] [3dd68f49] 18:43:59.549 [ReconcilerExecutor-hivemq-controller-76] DEBUG c.h.p.o.HiveMQPlatformReconciler - [helmvolu] StatefulSet Status (revision: test-hivemq-platform-6c7bb94cbd, replicas: 1, available: 0, ready: 0, current: 1, updated: 1)
2025-01-30 18:43:59,549 INFO c.h.h.t.HelmChartContainer - [hivemq-test-hivemq-platform] [hivemq-platform-operator] [3dd68f49] 18:43:59.549 [ReconcilerExecutor-hivemq-controller-76] DEBUG c.h.p.o.HiveMQPlatformReconciler - [helmvolu] StatefulSet Spec (replicas: 2, init containers: 1, containers: 1, volumes: 4)
2025-01-30 18:43:59,635 INFO c.h.h.t.HelmChartContainer - [hivemq-test-hivemq-platform] [hivemq-platform-operator] [3dd68f49] 18:43:59.633 [ReconcilerExecutor-hivemq-controller-76] DEBUG c.h.p.o.h.HiveMQPlatformReconcilerErrorHandler - [helmvolu] Pod 'test-hivemq-platform-0' phase Pending
2025-01-30 18:43:59,636 INFO c.h.h.t.HelmChartContainer - [hivemq-test-hivemq-platform] [hivemq-platform-operator] [3dd68f49] 18:43:59.635 [ReconcilerExecutor-hivemq-controller-76] INFO  c.h.p.o.h.HiveMQPlatformReconcilerBaseHandler - [helmvolu] HiveMQ Platform is starting, 0 of 2 replicas are ready
2025-01-30 18:44:00,584 INFO c.h.h.t.HelmChartContainer - [POD] helper-pod-create-pvc-e368f338-44dd-4cc6-ab08-4d84ccc9eefc [b7cfd2ef-aa4c-47f1-9b24-61de94f98018] in kube-system was MODIFIED
2025-01-30 18:44:01,594 INFO c.h.h.t.HelmChartContainer - [POD] helper-pod-create-pvc-e368f338-44dd-4cc6-ab08-4d84ccc9eefc [b7cfd2ef-aa4c-47f1-9b24-61de94f98018] in kube-system was MODIFIED
2025-01-30 18:44:02,649 INFO c.h.h.t.HelmChartContainer - [POD] helper-pod-create-pvc-e368f338-44dd-4cc6-ab08-4d84ccc9eefc [b7cfd2ef-aa4c-47f1-9b24-61de94f98018] in kube-system was MODIFIED
2025-01-30 18:44:02,812 INFO c.h.h.t.HelmChartContainer - [K3S] [reconciler_common.go:162] "operationExecutor.UnmountVolume started for volume \"kube-api-access-6lwxh\" (UniqueName: \"kubernetes.io/projected/b7cfd2ef-aa4c-47f1-9b24-61de94f98018-kube-api-access-6lwxh\") pod \"b7cfd2ef-aa4c-47f1-9b24-61de94f98018\" (UID: \"b7cfd2ef-aa4c-47f1-9b24-61de94f98018\") "
2025-01-30 18:44:02,812 INFO c.h.h.t.HelmChartContainer - [K3S] [reconciler_common.go:162] "operationExecutor.UnmountVolume started for volume \"script\" (UniqueName: \"kubernetes.io/configmap/b7cfd2ef-aa4c-47f1-9b24-61de94f98018-script\") pod \"b7cfd2ef-aa4c-47f1-9b24-61de94f98018\" (UID: \"b7cfd2ef-aa4c-47f1-9b24-61de94f98018\") "
2025-01-30 18:44:02,812 INFO c.h.h.t.HelmChartContainer - [K3S] [reconciler_common.go:162] "operationExecutor.UnmountVolume started for volume \"data\" (UniqueName: \"kubernetes.io/host-path/b7cfd2ef-aa4c-47f1-9b24-61de94f98018-data\") pod \"b7cfd2ef-aa4c-47f1-9b24-61de94f98018\" (UID: \"b7cfd2ef-aa4c-47f1-9b24-61de94f98018\") "
2025-01-30 18:44:02,912 INFO c.h.h.t.HelmChartContainer - [K3S] [reconciler_common.go:299] "Volume detached for volume \"data\" (UniqueName: \"kubernetes.io/host-path/b7cfd2ef-aa4c-47f1-9b24-61de94f98018-data\") on node \"3c74c6b68004\" DevicePath \"\""
2025-01-30 18:44:02,913 INFO c.h.h.t.HelmChartContainer - [K3S] [reconciler_common.go:299] "Volume detached for volume \"kube-api-access-6lwxh\" (UniqueName: \"kubernetes.io/projected/b7cfd2ef-aa4c-47f1-9b24-61de94f98018-kube-api-access-6lwxh\") on node \"3c74c6b68004\" DevicePath \"\""
2025-01-30 18:44:02,913 INFO c.h.h.t.HelmChartContainer - [K3S] [reconciler_common.go:299] "Volume detached for volume \"script\" (UniqueName: \"kubernetes.io/configmap/b7cfd2ef-aa4c-47f1-9b24-61de94f98018-script\") on node \"3c74c6b68004\" DevicePath \"\""
2025-01-30 18:44:03,385 INFO c.h.h.t.HelmChartContainer - [POD] helper-pod-create-pvc-e368f338-44dd-4cc6-ab08-4d84ccc9eefc [b7cfd2ef-aa4c-47f1-9b24-61de94f98018] in kube-system was MODIFIED
2025-01-30 18:44:03,389 INFO c.h.h.t.HelmChartContainer - [POD] helper-pod-create-pvc-e368f338-44dd-4cc6-ab08-4d84ccc9eefc [b7cfd2ef-aa4c-47f1-9b24-61de94f98018] in kube-system was DELETED
2025-01-30 18:44:03,399 INFO c.h.h.t.HelmChartContainer - [EVENT] Normal [ProvisioningSucceeded] Successfully provisioned volume pvc-e368f338-44dd-4cc6-ab08-4d84ccc9eefc [helmvolumeclaimtemplatesit:hivemq-pvc-data-test-hivemq-platform-0]
2025-01-30 18:44:03,582 INFO c.h.h.t.HelmChartContainer - [K3S] [pod_container_deletor.go:80] "Container not found in pod's containers" containerID="d92b9b7fdcb90971142e004a6c99d72d6ee903edb3b9956967d1b9b45aa746d2"
2025-01-30 18:44:03,588 INFO c.h.h.t.HelmChartContainer - [K3S] [status_manager.go:890] "Failed to get status for pod" podUID="b7cfd2ef-aa4c-47f1-9b24-61de94f98018" pod="kube-system/helper-pod-create-pvc-e368f338-44dd-4cc6-ab08-4d84ccc9eefc" err="pods \"helper-pod-create-pvc-e368f338-44dd-4cc6-ab08-4d84ccc9eefc\" is forbidden: User \"system:node:3c74c6b68004\" cannot get resource \"pods\" in API group \"\" in the namespace \"kube-system\": no relationship found between node '3c74c6b68004' and this object"
2025-01-30 18:44:04,273 INFO c.h.h.t.HelmChartContainer - [K3S] [memory_manager.go:355] "RemoveStaleState removing state" podUID="b7cfd2ef-aa4c-47f1-9b24-61de94f98018" containerName="helper-pod"
2025-01-30 18:44:04,273 INFO c.h.h.t.HelmChartContainer - [K3S] [status_manager.go:890] "Failed to get status for pod" podUID="b7cfd2ef-aa4c-47f1-9b24-61de94f98018" pod="kube-system/helper-pod-create-pvc-e368f338-44dd-4cc6-ab08-4d84ccc9eefc" err="pods \"helper-pod-create-pvc-e368f338-44dd-4cc6-ab08-4d84ccc9eefc\" is forbidden: User \"system:node:3c74c6b68004\" cannot get resource \"pods\" in API group \"\" in the namespace \"kube-system\": no relationship found between node '3c74c6b68004' and this object"
2025-01-30 18:44:04,274 INFO c.h.h.t.HelmChartContainer - [POD] test-hivemq-platform-0 [bd9e3d15-73d4-4923-9341-3b6fa14c2287] in helmvolumeclaimtemplatesit was MODIFIED
2025-01-30 18:44:04,279 INFO c.h.h.t.HelmChartContainer - [EVENT] Normal [Scheduled] Successfully assigned helmvolumeclaimtemplatesit/test-hivemq-platform-0 to 3c74c6b68004 [helmvolumeclaimtemplatesit:test-hivemq-platform-0]
2025-01-30 18:44:04,285 INFO c.h.h.t.HelmChartContainer - [hivemq-test-hivemq-platform] [hivemq-platform-operator] [3dd68f49] 18:44:04.283 [pool-6-thread-32] DEBUG c.h.p.o.d.PlatformServiceResource - [helmvolu] Desired Platform services (3 services)
2025-01-30 18:44:04,290 INFO c.h.h.t.HelmChartContainer - [POD] test-hivemq-platform-0 [bd9e3d15-73d4-4923-9341-3b6fa14c2287] in helmvolumeclaimtemplatesit was MODIFIED
2025-01-30 18:44:04,295 INFO c.h.h.t.HelmChartContainer - [hivemq-test-hivemq-platform] [hivemq-platform-operator] [3dd68f49] 18:44:04.293 [pool-6-thread-33] DEBUG c.h.p.o.dependants.PodInfoConfigMap - [helmvolu] Desired PodInfo ConfigMap (1 extensions) (1 enabled)
2025-01-30 18:44:04,296 INFO c.h.h.t.HelmChartContainer - [hivemq-test-hivemq-platform] [hivemq-platform-operator] [3dd68f49] 18:44:04.293 [pool-6-thread-33] DEBUG c.h.p.o.dependants.PodInfoConfigMap - [helmvolu] Desired PodInfo ConfigMap (metrics port: 9399) (metrics path: /)
2025-01-30 18:44:04,296 INFO c.h.h.t.HelmChartContainer - [hivemq-test-hivemq-platform] [hivemq-platform-operator] [3dd68f49] 18:44:04.293 [pool-6-thread-33] DEBUG c.h.p.o.dependants.PodInfoConfigMap - [helmvolu] Desired PodInfo ConfigMap (extension state hash: -1817474005)
2025-01-30 18:44:04,301 INFO c.h.h.t.HelmChartContainer - [K3S] [kubelet_volumes.go:163] "Cleaned up orphaned pod volumes dir" podUID="b7cfd2ef-aa4c-47f1-9b24-61de94f98018" path="/var/lib/kubelet/pods/b7cfd2ef-aa4c-47f1-9b24-61de94f98018/volumes"
2025-01-30 18:44:04,335 INFO c.h.h.t.HelmChartContainer - [hivemq-test-hivemq-platform] [hivemq-platform-operator] [3dd68f49] 18:44:04.333 [pool-6-thread-37] DEBUG c.h.p.o.d.PodServiceAccountResource - [helmvolu] Desired PodServiceAccountResource (serviceAccountName: hivemq-platform-pod-test-hivemq-platform)
2025-01-30 18:44:04,381 INFO c.h.h.t.HelmChartContainer - [hivemq-test-hivemq-platform] [hivemq-platform-operator] [3dd68f49] 18:44:04.377 [pool-6-thread-40] DEBUG c.h.p.o.d.StatefulSetResource - [helmvolu] Desired StatefulSet (2 replicas) for status STARTING (READY)
2025-01-30 18:44:04,385 INFO c.h.h.t.HelmChartContainer - [hivemq-test-hivemq-platform] [hivemq-platform-operator] [3dd68f49] 18:44:04.383 [ReconcilerExecutor-hivemq-controller-87] INFO  c.h.p.o.HiveMQPlatformReconciler - [helmvolu] Reconciling HiveMQ Platform 'test-hivemq-platform' in namespace 'helmvolumeclaimtemplatesit'
2025-01-30 18:44:04,385 INFO c.h.h.t.HelmChartContainer - [hivemq-test-hivemq-platform] [hivemq-platform-operator] [3dd68f49] 18:44:04.383 [ReconcilerExecutor-hivemq-controller-87] DEBUG c.h.p.o.HiveMQPlatformReconciler - [helmvolu] Custom Resource Status STARTING - HiveMQ Platform is starting (READY)
2025-01-30 18:44:04,385 INFO c.h.h.t.HelmChartContainer - [hivemq-test-hivemq-platform] [hivemq-platform-operator] [3dd68f49] 18:44:04.383 [ReconcilerExecutor-hivemq-controller-87] DEBUG c.h.p.o.HiveMQPlatformReconciler - [helmvolu] Custom Resource Spec (replicas: 2) (extensions: 1)
2025-01-30 18:44:04,387 INFO c.h.h.t.HelmChartContainer - [hivemq-test-hivemq-platform] [hivemq-platform-operator] [3dd68f49] 18:44:04.386 [ReconcilerExecutor-hivemq-controller-87] DEBUG c.h.p.o.HiveMQPlatformReconciler - [helmvolu] StatefulSet Status (revision: test-hivemq-platform-6c7bb94cbd, replicas: 1, available: 0, ready: 0, current: 1, updated: 1)
2025-01-30 18:44:04,388 INFO c.h.h.t.HelmChartContainer - [hivemq-test-hivemq-platform] [hivemq-platform-operator] [3dd68f49] 18:44:04.386 [ReconcilerExecutor-hivemq-controller-87] DEBUG c.h.p.o.HiveMQPlatformReconciler - [helmvolu] StatefulSet Spec (replicas: 2, init containers: 1, containers: 1, volumes: 4)
2025-01-30 18:44:04,421 INFO c.h.h.t.HelmChartContainer - [K3S] [reconciler_common.go:251] "operationExecutor.VerifyControllerAttachedVolume started for volume \"pod-info\" (UniqueName: \"kubernetes.io/configmap/bd9e3d15-73d4-4923-9341-3b6fa14c2287-pod-info\") pod \"test-hivemq-platform-0\" (UID: \"bd9e3d15-73d4-4923-9341-3b6fa14c2287\") " pod="helmvolumeclaimtemplatesit/test-hivemq-platform-0"
2025-01-30 18:44:04,421 INFO c.h.h.t.HelmChartContainer - [K3S] [reconciler_common.go:251] "operationExecutor.VerifyControllerAttachedVolume started for volume \"operator-init\" (UniqueName: \"kubernetes.io/empty-dir/bd9e3d15-73d4-4923-9341-3b6fa14c2287-operator-init\") pod \"test-hivemq-platform-0\" (UID: \"bd9e3d15-73d4-4923-9341-3b6fa14c2287\") " pod="helmvolumeclaimtemplatesit/test-hivemq-platform-0"
2025-01-30 18:44:04,421 INFO c.h.h.t.HelmChartContainer - [K3S] [reconciler_common.go:251] "operationExecutor.VerifyControllerAttachedVolume started for volume \"kube-api-access-c8wqv\" (UniqueName: \"kubernetes.io/projected/bd9e3d15-73d4-4923-9341-3b6fa14c2287-kube-api-access-c8wqv\") pod \"test-hivemq-platform-0\" (UID: \"bd9e3d15-73d4-4923-9341-3b6fa14c2287\") " pod="helmvolumeclaimtemplatesit/test-hivemq-platform-0"
2025-01-30 18:44:04,421 INFO c.h.h.t.HelmChartContainer - [K3S] [reconciler_common.go:251] "operationExecutor.VerifyControllerAttachedVolume started for volume \"pvc-e368f338-44dd-4cc6-ab08-4d84ccc9eefc\" (UniqueName: \"kubernetes.io/local-volume/pvc-e368f338-44dd-4cc6-ab08-4d84ccc9eefc\") pod \"test-hivemq-platform-0\" (UID: \"bd9e3d15-73d4-4923-9341-3b6fa14c2287\") " pod="helmvolumeclaimtemplatesit/test-hivemq-platform-0"
2025-01-30 18:44:04,421 INFO c.h.h.t.HelmChartContainer - [K3S] [reconciler_common.go:251] "operationExecutor.VerifyControllerAttachedVolume started for volume \"broker-configuration\" (UniqueName: \"kubernetes.io/configmap/bd9e3d15-73d4-4923-9341-3b6fa14c2287-broker-configuration\") pod \"test-hivemq-platform-0\" (UID: \"bd9e3d15-73d4-4923-9341-3b6fa14c2287\") " pod="helmvolumeclaimtemplatesit/test-hivemq-platform-0"
2025-01-30 18:44:04,477 INFO c.h.h.t.HelmChartContainer - [hivemq-test-hivemq-platform] [hivemq-platform-operator] [3dd68f49] 18:44:04.475 [ReconcilerExecutor-hivemq-controller-87] DEBUG c.h.p.o.h.HiveMQPlatformReconcilerErrorHandler - [helmvolu] Pod 'test-hivemq-platform-0' phase Pending
2025-01-30 18:44:04,478 INFO c.h.h.t.HelmChartContainer - [hivemq-test-hivemq-platform] [hivemq-platform-operator] [3dd68f49] 18:44:04.476 [ReconcilerExecutor-hivemq-controller-87] DEBUG c.h.p.o.h.HiveMQPlatformReconcilerErrorHandler - [helmvolu] Pod 'test-hivemq-platform-0' condition 'PodReadyToStartContainers': False
2025-01-30 18:44:04,479 INFO c.h.h.t.HelmChartContainer - [hivemq-test-hivemq-platform] [hivemq-platform-operator] [3dd68f49] 18:44:04.476 [ReconcilerExecutor-hivemq-controller-87] DEBUG c.h.p.o.h.HiveMQPlatformReconcilerErrorHandler - [helmvolu] Pod 'test-hivemq-platform-0' condition 'Initialized': False
2025-01-30 18:44:04,479 INFO c.h.h.t.HelmChartContainer - [hivemq-test-hivemq-platform] [hivemq-platform-operator] [3dd68f49] 18:44:04.476 [ReconcilerExecutor-hivemq-controller-87] DEBUG c.h.p.o.h.HiveMQPlatformReconcilerErrorHandler - [helmvolu] Pod 'test-hivemq-platform-0' condition 'Ready': False
2025-01-30 18:44:04,480 INFO c.h.h.t.HelmChartContainer - [hivemq-test-hivemq-platform] [hivemq-platform-operator] [3dd68f49] 18:44:04.476 [ReconcilerExecutor-hivemq-controller-87] DEBUG c.h.p.o.h.HiveMQPlatformReconcilerErrorHandler - [helmvolu] Pod 'test-hivemq-platform-0' condition 'ContainersReady': False
2025-01-30 18:44:04,480 INFO c.h.h.t.HelmChartContainer - [hivemq-test-hivemq-platform] [hivemq-platform-operator] [3dd68f49] 18:44:04.476 [ReconcilerExecutor-hivemq-controller-87] DEBUG c.h.p.o.h.HiveMQPlatformReconcilerErrorHandler - [helmvolu] Pod 'test-hivemq-platform-0' condition 'PodScheduled': True
2025-01-30 18:44:04,480 INFO c.h.h.t.HelmChartContainer - [hivemq-test-hivemq-platform] [hivemq-platform-operator] [3dd68f49] 18:44:04.476 [ReconcilerExecutor-hivemq-controller-87] DEBUG c.h.p.o.h.HiveMQPlatformReconcilerErrorHandler - [helmvolu] Pod 'test-hivemq-platform-0' containerStatus 'hivemq' (started: false) (ready: false) (waiting: [PodInitializing] null)
2025-01-30 18:44:04,480 INFO c.h.h.t.HelmChartContainer - [hivemq-test-hivemq-platform] [hivemq-platform-operator] [3dd68f49] 18:44:04.478 [ReconcilerExecutor-hivemq-controller-87] INFO  c.h.p.o.h.HiveMQPlatformReconcilerBaseHandler - [helmvolu] HiveMQ Platform is starting, 0 of 2 replicas are ready
2025-01-30 18:44:04,489 INFO c.h.h.t.HelmChartContainer - [hivemq-test-hivemq-platform] [hivemq-platform-operator] [3dd68f49] 18:44:04.485 [pool-6-thread-42] DEBUG c.h.p.o.d.PlatformServiceResource - [helmvolu] Desired Platform services (3 services)
2025-01-30 18:44:04,489 INFO c.h.h.t.HelmChartContainer - [hivemq-test-hivemq-platform] [hivemq-platform-operator] [3dd68f49] 18:44:04.487 [pool-6-thread-43] DEBUG c.h.p.o.dependants.PodInfoConfigMap - [helmvolu] Desired PodInfo ConfigMap (1 extensions) (1 enabled)
2025-01-30 18:44:04,489 INFO c.h.h.t.HelmChartContainer - [hivemq-test-hivemq-platform] [hivemq-platform-operator] [3dd68f49] 18:44:04.487 [pool-6-thread-43] DEBUG c.h.p.o.dependants.PodInfoConfigMap - [helmvolu] Desired PodInfo ConfigMap (metrics port: 9399) (metrics path: /)
2025-01-30 18:44:04,489 INFO c.h.h.t.HelmChartContainer - [hivemq-test-hivemq-platform] [hivemq-platform-operator] [3dd68f49] 18:44:04.487 [pool-6-thread-43] DEBUG c.h.p.o.dependants.PodInfoConfigMap - [helmvolu] Desired PodInfo ConfigMap (extension state hash: -1817474005)
2025-01-30 18:44:04,535 INFO c.h.h.t.HelmChartContainer - [hivemq-test-hivemq-platform] [hivemq-platform-operator] [3dd68f49] 18:44:04.534 [pool-6-thread-47] DEBUG c.h.p.o.d.PodServiceAccountResource - [helmvolu] Desired PodServiceAccountResource (serviceAccountName: hivemq-platform-pod-test-hivemq-platform)
2025-01-30 18:44:04,583 INFO c.h.h.t.HelmChartContainer - [hivemq-test-hivemq-platform] [hivemq-platform-operator] [3dd68f49] 18:44:04.580 [pool-6-thread-50] DEBUG c.h.p.o.d.StatefulSetResource - [helmvolu] Desired StatefulSet (2 replicas) for status STARTING (READY)
2025-01-30 18:44:04,586 INFO c.h.h.t.HelmChartContainer - [hivemq-test-hivemq-platform] [hivemq-platform-operator] [3dd68f49] 18:44:04.585 [ReconcilerExecutor-hivemq-controller-98] INFO  c.h.p.o.HiveMQPlatformReconciler - [helmvolu] Reconciling HiveMQ Platform 'test-hivemq-platform' in namespace 'helmvolumeclaimtemplatesit'
2025-01-30 18:44:04,587 INFO c.h.h.t.HelmChartContainer - [hivemq-test-hivemq-platform] [hivemq-platform-operator] [3dd68f49] 18:44:04.586 [ReconcilerExecutor-hivemq-controller-98] DEBUG c.h.p.o.HiveMQPlatformReconciler - [helmvolu] Custom Resource Status STARTING - HiveMQ Platform is starting (READY)
2025-01-30 18:44:04,589 INFO c.h.h.t.HelmChartContainer - [hivemq-test-hivemq-platform] [hivemq-platform-operator] [3dd68f49] 18:44:04.586 [ReconcilerExecutor-hivemq-controller-98] DEBUG c.h.p.o.HiveMQPlatformReconciler - [helmvolu] Custom Resource Spec (replicas: 2) (extensions: 1)
2025-01-30 18:44:04,590 INFO c.h.h.t.HelmChartContainer - [hivemq-test-hivemq-platform] [hivemq-platform-operator] [3dd68f49] 18:44:04.588 [ReconcilerExecutor-hivemq-controller-98] DEBUG c.h.p.o.HiveMQPlatformReconciler - [helmvolu] StatefulSet Status (revision: test-hivemq-platform-6c7bb94cbd, replicas: 1, available: 0, ready: 0, current: 1, updated: 1)
2025-01-30 18:44:04,590 INFO c.h.h.t.HelmChartContainer - [hivemq-test-hivemq-platform] [hivemq-platform-operator] [3dd68f49] 18:44:04.588 [ReconcilerExecutor-hivemq-controller-98] DEBUG c.h.p.o.HiveMQPlatformReconciler - [helmvolu] StatefulSet Spec (replicas: 2, init containers: 1, containers: 1, volumes: 4)
2025-01-30 18:44:04,635 INFO c.h.h.t.HelmChartContainer - [hivemq-test-hivemq-platform] [hivemq-platform-operator] [3dd68f49] 18:44:04.594 [ReconcilerExecutor-hivemq-controller-98] DEBUG c.h.p.o.h.HiveMQPlatformReconcilerErrorHandler - [helmvolu] Pod 'test-hivemq-platform-0' phase Pending
2025-01-30 18:44:04,636 INFO c.h.h.t.HelmChartContainer - [hivemq-test-hivemq-platform] [hivemq-platform-operator] [3dd68f49] 18:44:04.633 [ReconcilerExecutor-hivemq-controller-98] DEBUG c.h.p.o.h.HiveMQPlatformReconcilerErrorHandler - [helmvolu] Pod 'test-hivemq-platform-0' condition 'PodReadyToStartContainers': False
2025-01-30 18:44:04,636 INFO c.h.h.t.HelmChartContainer - [hivemq-test-hivemq-platform] [hivemq-platform-operator] [3dd68f49] 18:44:04.633 [ReconcilerExecutor-hivemq-controller-98] DEBUG c.h.p.o.h.HiveMQPlatformReconcilerErrorHandler - [helmvolu] Pod 'test-hivemq-platform-0' condition 'Initialized': False
2025-01-30 18:44:04,636 INFO c.h.h.t.HelmChartContainer - [hivemq-test-hivemq-platform] [hivemq-platform-operator] [3dd68f49] 18:44:04.633 [ReconcilerExecutor-hivemq-controller-98] DEBUG c.h.p.o.h.HiveMQPlatformReconcilerErrorHandler - [helmvolu] Pod 'test-hivemq-platform-0' condition 'Ready': False
2025-01-30 18:44:04,636 INFO c.h.h.t.HelmChartContainer - [hivemq-test-hivemq-platform] [hivemq-platform-operator] [3dd68f49] 18:44:04.633 [ReconcilerExecutor-hivemq-controller-98] DEBUG c.h.p.o.h.HiveMQPlatformReconcilerErrorHandler - [helmvolu] Pod 'test-hivemq-platform-0' condition 'ContainersReady': False
2025-01-30 18:44:04,636 INFO c.h.h.t.HelmChartContainer - [hivemq-test-hivemq-platform] [hivemq-platform-operator] [3dd68f49] 18:44:04.633 [ReconcilerExecutor-hivemq-controller-98] DEBUG c.h.p.o.h.HiveMQPlatformReconcilerErrorHandler - [helmvolu] Pod 'test-hivemq-platform-0' condition 'PodScheduled': True
2025-01-30 18:44:04,636 INFO c.h.h.t.HelmChartContainer - [hivemq-test-hivemq-platform] [hivemq-platform-operator] [3dd68f49] 18:44:04.633 [ReconcilerExecutor-hivemq-controller-98] DEBUG c.h.p.o.h.HiveMQPlatformReconcilerErrorHandler - [helmvolu] Pod 'test-hivemq-platform-0' containerStatus 'hivemq' (started: false) (ready: false) (waiting: [PodInitializing] null)
2025-01-30 18:44:04,636 INFO c.h.h.t.HelmChartContainer - [hivemq-test-hivemq-platform] [hivemq-platform-operator] [3dd68f49] 18:44:04.635 [ReconcilerExecutor-hivemq-controller-98] INFO  c.h.p.o.h.HiveMQPlatformReconcilerBaseHandler - [helmvolu] HiveMQ Platform is starting, 0 of 2 replicas are ready
2025-01-30 18:44:04,677 INFO c.h.h.t.HelmChartContainer - [EVENT] Normal [Pulled] Container image "docker.io/hivemq/hivemq-platform-operator-init-test:snapshot" already present on machine [helmvolumeclaimtemplatesit:test-hivemq-platform-0]
2025-01-30 18:44:04,839 INFO c.h.h.t.HelmChartContainer - [EVENT] Normal [Created] Created container: hivemq-platform-operator-init [helmvolumeclaimtemplatesit:test-hivemq-platform-0]
2025-01-30 18:44:04,879 INFO c.h.h.t.HelmChartContainer - [EVENT] Normal [Started] Started container hivemq-platform-operator-init [helmvolumeclaimtemplatesit:test-hivemq-platform-0]
2025-01-30 18:44:05,592 INFO c.h.h.t.HelmChartContainer - [EVENT] Normal [Pulled] Container image "docker.io/hivemq/hivemq4:4.36.0" already present on machine [helmvolumeclaimtemplatesit:test-hivemq-platform-0]
2025-01-30 18:44:05,592 INFO c.h.h.t.HelmChartContainer - Received Pulled event for container hivemq in pod test-hivemq-platform-0 [bd9e3d15-73d4-4923-9341-3b6fa14c2287]
2025-01-30 18:44:05,602 INFO c.h.h.t.HelmChartContainer - [POD] test-hivemq-platform-0 [bd9e3d15-73d4-4923-9341-3b6fa14c2287] in helmvolumeclaimtemplatesit was MODIFIED
2025-01-30 18:44:05,623 INFO c.h.h.t.HelmChartContainer - [hivemq-test-hivemq-platform] [hivemq-platform-operator] [3dd68f49] 18:44:05.613 [pool-6-thread-6] DEBUG c.h.p.o.d.PlatformServiceResource - [helmvolu] Desired Platform services (3 services)
2025-01-30 18:44:05,623 INFO c.h.h.t.HelmChartContainer - [hivemq-test-hivemq-platform] [hivemq-platform-operator] [3dd68f49] 18:44:05.617 [pool-6-thread-3] DEBUG c.h.p.o.dependants.PodInfoConfigMap - [helmvolu] Desired PodInfo ConfigMap (1 extensions) (1 enabled)
2025-01-30 18:44:05,623 INFO c.h.h.t.HelmChartContainer - [hivemq-test-hivemq-platform] [hivemq-platform-operator] [3dd68f49] 18:44:05.617 [pool-6-thread-3] DEBUG c.h.p.o.dependants.PodInfoConfigMap - [helmvolu] Desired PodInfo ConfigMap (metrics port: 9399) (metrics path: /)
2025-01-30 18:44:05,623 INFO c.h.h.t.HelmChartContainer - [hivemq-test-hivemq-platform] [hivemq-platform-operator] [3dd68f49] 18:44:05.617 [pool-6-thread-3] DEBUG c.h.p.o.dependants.PodInfoConfigMap - [helmvolu] Desired PodInfo ConfigMap (extension state hash: -1817474005)
2025-01-30 18:44:05,623 INFO c.h.h.t.HelmChartContainer - [hivemq-test-hivemq-platform] [hivemq-platform-operator] [3dd68f49] 18:44:05.618 [pool-6-thread-3] DEBUG c.h.p.o.d.PodServiceAccountResource - [helmvolu] Desired PodServiceAccountResource (serviceAccountName: hivemq-platform-pod-test-hivemq-platform)
2025-01-30 18:44:05,633 INFO c.h.h.t.HelmChartContainer - [hivemq-test-hivemq-platform] [hivemq-platform-operator] [3dd68f49] 18:44:05.631 [pool-6-thread-6] DEBUG c.h.p.o.d.StatefulSetResource - [helmvolu] Desired StatefulSet (2 replicas) for status STARTING (READY)
2025-01-30 18:44:05,677 INFO c.h.h.t.HelmChartContainer - [hivemq-test-hivemq-platform] [hivemq-platform-operator] [3dd68f49] 18:44:05.675 [ReconcilerExecutor-hivemq-controller-109] INFO  c.h.p.o.HiveMQPlatformReconciler - [helmvolu] Reconciling HiveMQ Platform 'test-hivemq-platform' in namespace 'helmvolumeclaimtemplatesit'
2025-01-30 18:44:05,677 INFO c.h.h.t.HelmChartContainer - [hivemq-test-hivemq-platform] [hivemq-platform-operator] [3dd68f49] 18:44:05.676 [ReconcilerExecutor-hivemq-controller-109] DEBUG c.h.p.o.HiveMQPlatformReconciler - [helmvolu] Custom Resource Status STARTING - HiveMQ Platform is starting (READY)
2025-01-30 18:44:05,677 INFO c.h.h.t.HelmChartContainer - [hivemq-test-hivemq-platform] [hivemq-platform-operator] [3dd68f49] 18:44:05.676 [ReconcilerExecutor-hivemq-controller-109] DEBUG c.h.p.o.HiveMQPlatformReconciler - [helmvolu] Custom Resource Spec (replicas: 2) (extensions: 1)
2025-01-30 18:44:05,680 INFO c.h.h.t.HelmChartContainer - [hivemq-test-hivemq-platform] [hivemq-platform-operator] [3dd68f49] 18:44:05.678 [ReconcilerExecutor-hivemq-controller-109] DEBUG c.h.p.o.HiveMQPlatformReconciler - [helmvolu] StatefulSet Status (revision: test-hivemq-platform-6c7bb94cbd, replicas: 1, available: 0, ready: 0, current: 1, updated: 1)
2025-01-30 18:44:05,682 INFO c.h.h.t.HelmChartContainer - [hivemq-test-hivemq-platform] [hivemq-platform-operator] [3dd68f49] 18:44:05.681 [ReconcilerExecutor-hivemq-controller-109] DEBUG c.h.p.o.HiveMQPlatformReconciler - [helmvolu] StatefulSet Spec (replicas: 2, init containers: 1, containers: 1, volumes: 4)
2025-01-30 18:44:05,694 INFO c.h.h.t.HelmChartContainer - [hivemq-test-hivemq-platform] [hivemq-platform-operator] [3dd68f49] 18:44:05.693 [ReconcilerExecutor-hivemq-controller-109] DEBUG c.h.p.o.h.HiveMQPlatformReconcilerErrorHandler - [helmvolu] Pod 'test-hivemq-platform-0' phase Pending
2025-01-30 18:44:05,696 INFO c.h.h.t.HelmChartContainer - [hivemq-test-hivemq-platform] [hivemq-platform-operator] [3dd68f49] 18:44:05.693 [ReconcilerExecutor-hivemq-controller-109] DEBUG c.h.p.o.h.HiveMQPlatformReconcilerErrorHandler - [helmvolu] Pod 'test-hivemq-platform-0' condition 'PodReadyToStartContainers': True
2025-01-30 18:44:05,696 INFO c.h.h.t.HelmChartContainer - [hivemq-test-hivemq-platform] [hivemq-platform-operator] [3dd68f49] 18:44:05.694 [ReconcilerExecutor-hivemq-controller-109] DEBUG c.h.p.o.h.HiveMQPlatformReconcilerErrorHandler - [helmvolu] Pod 'test-hivemq-platform-0' condition 'Initialized': True
2025-01-30 18:44:05,696 INFO c.h.h.t.HelmChartContainer - [hivemq-test-hivemq-platform] [hivemq-platform-operator] [3dd68f49] 18:44:05.694 [ReconcilerExecutor-hivemq-controller-109] DEBUG c.h.p.o.h.HiveMQPlatformReconcilerErrorHandler - [helmvolu] Pod 'test-hivemq-platform-0' condition 'Ready': False
2025-01-30 18:44:05,696 INFO c.h.h.t.HelmChartContainer - [hivemq-test-hivemq-platform] [hivemq-platform-operator] [3dd68f49] 18:44:05.694 [ReconcilerExecutor-hivemq-controller-109] DEBUG c.h.p.o.h.HiveMQPlatformReconcilerErrorHandler - [helmvolu] Pod 'test-hivemq-platform-0' condition 'ContainersReady': False
2025-01-30 18:44:05,697 INFO c.h.h.t.HelmChartContainer - [hivemq-test-hivemq-platform] [hivemq-platform-operator] [3dd68f49] 18:44:05.694 [ReconcilerExecutor-hivemq-controller-109] DEBUG c.h.p.o.h.HiveMQPlatformReconcilerErrorHandler - [helmvolu] Pod 'test-hivemq-platform-0' condition 'PodScheduled': True
2025-01-30 18:44:05,697 INFO c.h.h.t.HelmChartContainer - [hivemq-test-hivemq-platform] [hivemq-platform-operator] [3dd68f49] 18:44:05.694 [ReconcilerExecutor-hivemq-controller-109] DEBUG c.h.p.o.h.HiveMQPlatformReconcilerErrorHandler - [helmvolu] Pod 'test-hivemq-platform-0' containerStatus 'hivemq' (started: false) (ready: false) (waiting: [PodInitializing] null)
2025-01-30 18:44:05,698 INFO c.h.h.t.HelmChartContainer - [hivemq-test-hivemq-platform] [hivemq-platform-operator] [3dd68f49] 18:44:05.695 [ReconcilerExecutor-hivemq-controller-109] INFO  c.h.p.o.h.HiveMQPlatformReconcilerBaseHandler - [helmvolu] HiveMQ Platform is starting, 0 of 2 replicas are ready
2025-01-30 18:44:05,750 INFO c.h.h.t.HelmChartContainer - [K3S] [range_allocator.go:247] "Successfully synced" key="3c74c6b68004"
2025-01-30 18:44:06,975 INFO c.h.h.t.HelmChartContainer - [EVENT] Normal [Created] Created container: hivemq [helmvolumeclaimtemplatesit:test-hivemq-platform-0]
2025-01-30 18:44:06,975 INFO c.h.h.t.HelmChartContainer - Received Created event for container hivemq in pod test-hivemq-platform-0 [bd9e3d15-73d4-4923-9341-3b6fa14c2287]
2025-01-30 18:44:07,603 INFO c.h.h.t.HelmChartContainer - [POD] test-hivemq-platform-0 [bd9e3d15-73d4-4923-9341-3b6fa14c2287] in helmvolumeclaimtemplatesit was MODIFIED
2025-01-30 18:44:07,613 INFO c.h.h.t.HelmChartContainer - [hivemq-test-hivemq-platform] [hivemq-platform-operator] [3dd68f49] 18:44:07.610 [pool-6-thread-11] DEBUG c.h.p.o.d.PlatformServiceResource - [helmvolu] Desired Platform services (3 services)
2025-01-30 18:44:07,613 INFO c.h.h.t.HelmChartContainer - Started log watcher for hivemq in pod test-hivemq-platform-0 [bd9e3d15-73d4-4923-9341-3b6fa14c2287]
2025-01-30 18:44:07,613 INFO c.h.h.t.HelmChartContainer - [EVENT] Normal [Started] Started container hivemq [helmvolumeclaimtemplatesit:test-hivemq-platform-0]
2025-01-30 18:44:07,613 INFO c.h.h.t.HelmChartContainer - Received Started event for container hivemq in pod test-hivemq-platform-0 [bd9e3d15-73d4-4923-9341-3b6fa14c2287]
2025-01-30 18:44:07,614 INFO c.h.h.t.HelmChartContainer - [test-hivemq-platform] [hivemq] [bd9e3d15] Adding pre-installed HiveMQ Platform Operator extensions
2025-01-30 18:44:07,614 INFO c.h.h.t.HelmChartContainer - [test-hivemq-platform] [hivemq] [bd9e3d15] Running as user 10000
2025-01-30 18:44:07,614 INFO c.h.h.t.HelmChartContainer - [test-hivemq-platform] [hivemq] [bd9e3d15] Starting HiveMQ Platform Operator Init
2025-01-30 18:44:07,620 INFO c.h.h.t.HelmChartContainer - [hivemq-test-hivemq-platform] [hivemq-platform-operator] [3dd68f49] 18:44:07.616 [pool-6-thread-16] DEBUG c.h.p.o.dependants.PodInfoConfigMap - [helmvolu] Desired PodInfo ConfigMap (1 extensions) (1 enabled)
2025-01-30 18:44:07,620 INFO c.h.h.t.HelmChartContainer - [hivemq-test-hivemq-platform] [hivemq-platform-operator] [3dd68f49] 18:44:07.616 [pool-6-thread-16] DEBUG c.h.p.o.dependants.PodInfoConfigMap - [helmvolu] Desired PodInfo ConfigMap (metrics port: 9399) (metrics path: /)
2025-01-30 18:44:07,621 INFO c.h.h.t.HelmChartContainer - [hivemq-test-hivemq-platform] [hivemq-platform-operator] [3dd68f49] 18:44:07.616 [pool-6-thread-16] DEBUG c.h.p.o.dependants.PodInfoConfigMap - [helmvolu] Desired PodInfo ConfigMap (extension state hash: -1817474005)
2025-01-30 18:44:07,621 INFO c.h.h.t.HelmChartContainer - [hivemq-test-hivemq-platform] [hivemq-platform-operator] [3dd68f49] 18:44:07.617 [pool-6-thread-11] DEBUG c.h.p.o.d.PodServiceAccountResource - [helmvolu] Desired PodServiceAccountResource (serviceAccountName: hivemq-platform-pod-test-hivemq-platform)
2025-01-30 18:44:07,621 INFO c.h.h.t.HelmChartContainer - [hivemq-test-hivemq-platform] [hivemq-platform-operator] [3dd68f49] 18:44:07.620 [pool-6-thread-14] DEBUG c.h.p.o.d.StatefulSetResource - [helmvolu] Desired StatefulSet (2 replicas) for status STARTING (READY)
2025-01-30 18:44:07,628 INFO c.h.h.t.HelmChartContainer - [hivemq-test-hivemq-platform] [hivemq-platform-operator] [3dd68f49] 18:44:07.626 [ReconcilerExecutor-hivemq-controller-110] INFO  c.h.p.o.HiveMQPlatformReconciler - [helmvolu] Reconciling HiveMQ Platform 'test-hivemq-platform' in namespace 'helmvolumeclaimtemplatesit'
2025-01-30 18:44:07,628 INFO c.h.h.t.HelmChartContainer - [hivemq-test-hivemq-platform] [hivemq-platform-operator] [3dd68f49] 18:44:07.626 [ReconcilerExecutor-hivemq-controller-110] DEBUG c.h.p.o.HiveMQPlatformReconciler - [helmvolu] Custom Resource Status STARTING - HiveMQ Platform is starting (READY)
2025-01-30 18:44:07,628 INFO c.h.h.t.HelmChartContainer - [hivemq-test-hivemq-platform] [hivemq-platform-operator] [3dd68f49] 18:44:07.626 [ReconcilerExecutor-hivemq-controller-110] DEBUG c.h.p.o.HiveMQPlatformReconciler - [helmvolu] Custom Resource Spec (replicas: 2) (extensions: 1)
2025-01-30 18:44:07,630 INFO c.h.h.t.HelmChartContainer - [hivemq-test-hivemq-platform] [hivemq-platform-operator] [3dd68f49] 18:44:07.628 [ReconcilerExecutor-hivemq-controller-110] DEBUG c.h.p.o.HiveMQPlatformReconciler - [helmvolu] StatefulSet Status (revision: test-hivemq-platform-6c7bb94cbd, replicas: 1, available: 0, ready: 0, current: 1, updated: 1)
2025-01-30 18:44:07,630 INFO c.h.h.t.HelmChartContainer - [hivemq-test-hivemq-platform] [hivemq-platform-operator] [3dd68f49] 18:44:07.628 [ReconcilerExecutor-hivemq-controller-110] DEBUG c.h.p.o.HiveMQPlatformReconciler - [helmvolu] StatefulSet Spec (replicas: 2, init containers: 1, containers: 1, volumes: 4)
2025-01-30 18:44:07,681 INFO c.h.h.t.HelmChartContainer - [hivemq-test-hivemq-platform] [hivemq-platform-operator] [3dd68f49] 18:44:07.678 [ReconcilerExecutor-hivemq-controller-110] DEBUG c.h.p.o.h.HiveMQPlatformReconcilerErrorHandler - [helmvolu] Pod 'test-hivemq-platform-0' phase Running
2025-01-30 18:44:07,685 INFO c.h.h.t.HelmChartContainer - [hivemq-test-hivemq-platform] [hivemq-platform-operator] [3dd68f49] 18:44:07.680 [ReconcilerExecutor-hivemq-controller-110] INFO  c.h.p.o.h.HiveMQPlatformReconcilerBaseHandler - [helmvolu] HiveMQ Platform is starting, 0 of 2 replicas are ready
2025-01-30 18:44:08,242 INFO c.h.h.t.HelmChartContainer - [test-hivemq-platform] [hivemq] [bd9e3d15] INFO  - [HiveMQ Platform Operator Init 1.7.0-SNAPSHOT] HiveMQ Platform Operator Init 1.7.0-SNAPSHOT (commit: 47e3375 on branch: HEAD) built on Thu Jan 30 03:55:50 UTC 2025
2025-01-30 18:44:09,340 INFO c.h.h.t.HelmChartContainer - [test-hivemq-platform] [hivemq] [bd9e3d15] INFO  - [HiveMQ Platform Operator Init App 1.7.0-SNAPSHOT] Using bind address 10.42.0.9 from environment variable
2025-01-30 18:44:10,276 INFO c.h.h.t.HelmChartContainer - [test-hivemq-platform] [hivemq] [bd9e3d15] INFO  - [HiveMQ Platform Operator Init App 1.7.0-SNAPSHOT] HiveMQ Platform Operator Init App 1.7.0-SNAPSHOT (commit: 47e3375 on branch: HEAD) built on Thu Jan 30 03:55:50 UTC 2025
2025-01-30 18:44:10,276 INFO c.h.h.t.HelmChartContainer - [test-hivemq-platform] [hivemq] [bd9e3d15] INFO  - [HiveMQ Platform Operator Init App 1.7.0-SNAPSHOT] PodInfo ConfigMap directory: /etc/podinfo
2025-01-30 18:44:10,277 INFO c.h.h.t.HelmChartContainer - [test-hivemq-platform] [hivemq] [bd9e3d15] INFO  - [HiveMQ Platform Operator Init App 1.7.0-SNAPSHOT] HiveMQ home directory: /opt/hivemq
2025-01-30 18:44:10,277 INFO c.h.h.t.HelmChartContainer - [test-hivemq-platform] [hivemq] [bd9e3d15] INFO  - [HiveMQ Platform Operator Init App 1.7.0-SNAPSHOT] HiveMQ Logback folder: /opt/hivemq/conf
2025-01-30 18:44:10,277 INFO c.h.h.t.HelmChartContainer - [test-hivemq-platform] [hivemq] [bd9e3d15] INFO  - [HiveMQ Platform Operator Init App 1.7.0-SNAPSHOT] HiveMQ Config folder: /opt/hivemq/conf-k8s
2025-01-30 18:44:10,278 INFO c.h.h.t.HelmChartContainer - [test-hivemq-platform] [hivemq] [bd9e3d15] INFO  - [HiveMQ Platform Operator Init App 1.7.0-SNAPSHOT] Starting HiveMQ Platform Operator Init App
2025-01-30 18:44:10,278 INFO c.h.h.t.HelmChartContainer - [test-hivemq-platform] [hivemq] [bd9e3d15] INFO  - [HiveMQ Platform Operator Init App 1.7.0-SNAPSHOT] Starting Pod reconciler
2025-01-30 18:44:11,484 INFO c.h.h.t.HelmChartContainer - [test-hivemq-platform] [hivemq] [bd9e3d15] INFO  - [HiveMQ Platform Operator Init App 1.7.0-SNAPSHOT] Pod reconciler is scheduled (interval: 5000 ms)
2025-01-30 18:44:11,534 INFO c.h.h.t.HelmChartContainer - [test-hivemq-platform] [hivemq] [bd9e3d15] INFO  - [HiveMQ Platform Operator Init App 1.7.0-SNAPSHOT] Starting the REST API on 10.42.0.9:7979
2025-01-30 18:44:11,537 INFO c.h.h.t.HelmChartContainer - [test-hivemq-platform] [hivemq] [bd9e3d15] INFO  - [HiveMQ Platform Operator Init App 1.7.0-SNAPSHOT] Waiting up to 600s for at most 2 HiveMQ nodes in cluster service hivemq-test-hivemq-platform-cluster.helmvolumeclaimtemplatesit.svc
2025-01-30 18:44:11,875 INFO c.h.h.t.HelmChartContainer - [test-hivemq-platform] [hivemq] [bd9e3d15] INFO  - [HiveMQ Platform Operator Init App 1.7.0-SNAPSHOT] Resolved 1 IP addresses: [10.42.0.9]
2025-01-30 18:44:11,877 INFO c.h.h.t.HelmChartContainer - [test-hivemq-platform] [hivemq] [bd9e3d15] INFO  - [HiveMQ Platform Operator Init App 1.7.0-SNAPSHOT] HiveMQ node count of 1 is within threshold of 2
2025-01-30 18:44:11,877 INFO c.h.h.t.HelmChartContainer - [test-hivemq-platform] [hivemq] [bd9e3d15] INFO  - [HiveMQ Platform Operator Init App 1.7.0-SNAPSHOT] Proceeding with container start
2025-01-30 18:44:11,938 INFO c.h.h.t.HelmChartContainer - [test-hivemq-platform] [hivemq] [bd9e3d15] INFO  - [HiveMQ Platform Operator Init App 1.7.0-SNAPSHOT] Initializing HiveMQ Platform extensions with initial configuration: {hivemq-allow-all-extension={start-priority=-1, skip-https-hostname-verification=false, restart=true, config-version=0, header-version=0, c-uri=, priority=-1, uri=preinstalled, skip-https-certificate-validation=false, enabled=true}, hivemq-prometheus-extension={priority=-1, start-priority=-1, c-uri=, skip-https-hostname-verification=false, skip-https-certificate-validation=false, uri=preinstalled, request-header-path=no-request-headers, enabled=true, restart=true}}
2025-01-30 18:44:12,440 INFO c.h.h.t.HelmChartContainer - [test-hivemq-platform] [hivemq] [bd9e3d15] INFO  - [HiveMQ Platform Operator Init App 1.7.0-SNAPSHOT] Extension hivemq-allow-all-extension was already enabled
2025-01-30 18:44:12,479 INFO c.h.h.t.HelmChartContainer - [test-hivemq-platform] [hivemq] [bd9e3d15] INFO  - [HiveMQ Platform Operator Init App 1.7.0-SNAPSHOT] Successfully enabled extension hivemq-prometheus-extension
2025-01-30 18:44:12,481 INFO c.h.h.t.HelmChartContainer - [test-hivemq-platform] [hivemq] [bd9e3d15] INFO  - [HiveMQ Platform Operator Init App 1.7.0-SNAPSHOT] Starting HiveMQ Platform version 4.36.0 (4.36.0)
2025-01-30 18:44:12,481 INFO c.h.h.t.HelmChartContainer - [test-hivemq-platform] [hivemq] [bd9e3d15] INFO  - [HiveMQ Platform Operator Init App 1.7.0-SNAPSHOT] Configuring the HiveMQ Platform
2025-01-30 18:44:12,541 INFO c.h.h.t.HelmChartContainer - [test-hivemq-platform] [hivemq] [bd9e3d15] INFO  - [HiveMQ Platform Operator Init App 1.7.0-SNAPSHOT] Changed logback.xml file scan period to 20 seconds
2025-01-30 18:44:12,582 INFO c.h.h.t.HelmChartContainer - [test-hivemq-platform] [hivemq] [bd9e3d15] INFO  - [HiveMQ Platform Operator Init App 1.7.0-SNAPSHOT] Starting the HiveMQ Platform
2025-01-30 18:44:12,635 INFO c.h.h.t.HelmChartContainer - [test-hivemq-platform] [hivemq] [bd9e3d15] -------------------------------------------------------------------------
2025-01-30 18:44:12,635 INFO c.h.h.t.HelmChartContainer - [test-hivemq-platform] [hivemq] [bd9e3d15] 
2025-01-30 18:44:12,635 INFO c.h.h.t.HelmChartContainer - [test-hivemq-platform] [hivemq] [bd9e3d15]                   _    _  _              __  __   ____
2025-01-30 18:44:12,635 INFO c.h.h.t.HelmChartContainer - [test-hivemq-platform] [hivemq] [bd9e3d15]                  | |  | |(_)            |  \/  | / __ \
2025-01-30 18:44:12,635 INFO c.h.h.t.HelmChartContainer - [test-hivemq-platform] [hivemq] [bd9e3d15]                  | |__| | _ __   __ ___ | \  / || |  | |
2025-01-30 18:44:12,635 INFO c.h.h.t.HelmChartContainer - [test-hivemq-platform] [hivemq] [bd9e3d15]                  |  __  || |\ \ / // _ \| |\/| || |  | |
2025-01-30 18:44:12,635 INFO c.h.h.t.HelmChartContainer - [test-hivemq-platform] [hivemq] [bd9e3d15]                  | |  | || | \ V /|  __/| |  | || |__| |
2025-01-30 18:44:12,635 INFO c.h.h.t.HelmChartContainer - [test-hivemq-platform] [hivemq] [bd9e3d15]                  |_|  |_||_|  \_/  \___||_|  |_| \___\_\
2025-01-30 18:44:12,635 INFO c.h.h.t.HelmChartContainer - [test-hivemq-platform] [hivemq] [bd9e3d15] 
2025-01-30 18:44:12,635 INFO c.h.h.t.HelmChartContainer - [test-hivemq-platform] [hivemq] [bd9e3d15] -------------------------------------------------------------------------
2025-01-30 18:44:12,635 INFO c.h.h.t.HelmChartContainer - [test-hivemq-platform] [hivemq] [bd9e3d15] 
2025-01-30 18:44:12,635 INFO c.h.h.t.HelmChartContainer - [test-hivemq-platform] [hivemq] [bd9e3d15]   HiveMQ Start Script for Linux/Unix v1.14
2025-01-30 18:44:12,635 INFO c.h.h.t.HelmChartContainer - [test-hivemq-platform] [hivemq] [bd9e3d15] 
2025-01-30 18:44:12,695 INFO c.h.h.t.HelmChartContainer - [test-hivemq-platform] [hivemq] [bd9e3d15] -------------------------------------------------------------------------
2025-01-30 18:44:12,695 INFO c.h.h.t.HelmChartContainer - [test-hivemq-platform] [hivemq] [bd9e3d15] 
2025-01-30 18:44:12,695 INFO c.h.h.t.HelmChartContainer - [test-hivemq-platform] [hivemq] [bd9e3d15]   HIVEMQ_HOME: /opt/hivemq
2025-01-30 18:44:12,696 INFO c.h.h.t.HelmChartContainer - [test-hivemq-platform] [hivemq] [bd9e3d15] 
2025-01-30 18:44:12,696 INFO c.h.h.t.HelmChartContainer - [test-hivemq-platform] [hivemq] [bd9e3d15]   JAVA_OPTS: -XX:+UnlockExperimentalVMOptions -XX:InitialRAMPercentage=50 -XX:MaxRAMPercentage=50 -Djava.net.preferIPv4Stack=true --add-opens java.base/java.lang=ALL-UNNAMED --add-opens java.base/java.nio=ALL-UNNAMED --add-opens java.base/sun.nio.ch=ALL-UNNAMED --add-opens jdk.management/com.sun.management.internal=ALL-UNNAMED --add-exports java.base/jdk.internal.misc=ALL-UNNAMED -Djava.security.egd=file:/dev/./urandom -Dcom.sun.management.jmxremote -Dcom.sun.management.jmxremote.port=9010 -Dcom.sun.management.jmxremote.local.only=false -Dcom.sun.management.jmxremote.authenticate=false -Dcom.sun.management.jmxremote.ssl=false -Duser.language=en -Duser.region=US -XX:+CrashOnOutOfMemoryError -XX:+HeapDumpOnOutOfMemoryError
2025-01-30 18:44:12,696 INFO c.h.h.t.HelmChartContainer - [test-hivemq-platform] [hivemq] [bd9e3d15] 
2025-01-30 18:44:12,696 INFO c.h.h.t.HelmChartContainer - [test-hivemq-platform] [hivemq] [bd9e3d15]   JAVA_VERSION: 21
2025-01-30 18:44:12,696 INFO c.h.h.t.HelmChartContainer - [test-hivemq-platform] [hivemq] [bd9e3d15] 
2025-01-30 18:44:12,696 INFO c.h.h.t.HelmChartContainer - [test-hivemq-platform] [hivemq] [bd9e3d15] -------------------------------------------------------------------------
2025-01-30 18:44:12,696 INFO c.h.h.t.HelmChartContainer - [test-hivemq-platform] [hivemq] [bd9e3d15] 
2025-01-30 18:44:13,675 INFO c.h.h.t.HelmChartContainer - [test-hivemq-platform] [hivemq] [bd9e3d15] INFO  - [HiveMQ Platform Operator Init App 1.7.0-SNAPSHOT] Returning default Health API response 503 for readiness
2025-01-30 18:44:13,981 INFO c.h.h.t.HelmChartContainer - [EVENT] Warning [Unhealthy] Readiness probe failed: HTTP probe failed with statuscode: 503 [helmvolumeclaimtemplatesit:test-hivemq-platform-0]
2025-01-30 18:44:13,981 INFO c.h.h.t.HelmChartContainer - Received Unhealthy event for container hivemq in pod test-hivemq-platform-0 [bd9e3d15-73d4-4923-9341-3b6fa14c2287]
2025-01-30 18:44:15,339 INFO c.h.h.t.HelmChartContainer - [test-hivemq-platform] [hivemq] [bd9e3d15] INFO  - Starting HiveMQ Enterprise Server
2025-01-30 18:44:15,375 INFO c.h.h.t.HelmChartContainer - [test-hivemq-platform] [hivemq] [bd9e3d15] INFO  - HiveMQ version: 4.36.0
2025-01-30 18:44:15,375 INFO c.h.h.t.HelmChartContainer - [test-hivemq-platform] [hivemq] [bd9e3d15] INFO  - HiveMQ home directory: /opt/hivemq
2025-01-30 18:44:15,376 INFO c.h.h.t.HelmChartContainer - [test-hivemq-platform] [hivemq] [bd9e3d15] INFO  - Log Configuration was overridden by /opt/hivemq/conf/logback.xml
2025-01-30 18:44:16,580 INFO c.h.h.t.HelmChartContainer - [test-hivemq-platform] [hivemq] [bd9e3d15] INFO  - Successfully loaded configuration from '/opt/hivemq/conf-k8s/config.xml'.
2025-01-30 18:44:17,375 INFO c.h.h.t.HelmChartContainer - [test-hivemq-platform] [hivemq] [bd9e3d15] INFO  - This node's ID is eLLfE
2025-01-30 18:44:17,376 INFO c.h.h.t.HelmChartContainer - [test-hivemq-platform] [hivemq] [bd9e3d15] INFO  - Clustering is enabled
2025-01-30 18:44:17,688 INFO c.h.h.t.HelmChartContainer - [hivemq-test-hivemq-platform] [hivemq-platform-operator] [3dd68f49] 18:44:17.685 [pool-6-thread-26] DEBUG c.h.p.o.d.PlatformServiceResource - [helmvolu] Desired Platform services (3 services)
2025-01-30 18:44:17,688 INFO c.h.h.t.HelmChartContainer - [hivemq-test-hivemq-platform] [hivemq-platform-operator] [3dd68f49] 18:44:17.686 [pool-6-thread-22] DEBUG c.h.p.o.dependants.PodInfoConfigMap - [helmvolu] Desired PodInfo ConfigMap (1 extensions) (1 enabled)
2025-01-30 18:44:17,689 INFO c.h.h.t.HelmChartContainer - [hivemq-test-hivemq-platform] [hivemq-platform-operator] [3dd68f49] 18:44:17.688 [pool-6-thread-22] DEBUG c.h.p.o.dependants.PodInfoConfigMap - [helmvolu] Desired PodInfo ConfigMap (metrics port: 9399) (metrics path: /)
2025-01-30 18:44:17,691 INFO c.h.h.t.HelmChartContainer - [hivemq-test-hivemq-platform] [hivemq-platform-operator] [3dd68f49] 18:44:17.689 [pool-6-thread-22] DEBUG c.h.p.o.dependants.PodInfoConfigMap - [helmvolu] Desired PodInfo ConfigMap (extension state hash: -1817474005)
2025-01-30 18:44:17,692 INFO c.h.h.t.HelmChartContainer - [hivemq-test-hivemq-platform] [hivemq-platform-operator] [3dd68f49] 18:44:17.688 [pool-6-thread-25] DEBUG c.h.p.o.d.PodServiceAccountResource - [helmvolu] Desired PodServiceAccountResource (serviceAccountName: hivemq-platform-pod-test-hivemq-platform)
2025-01-30 18:44:17,695 INFO c.h.h.t.HelmChartContainer - [hivemq-test-hivemq-platform] [hivemq-platform-operator] [3dd68f49] 18:44:17.693 [pool-6-thread-24] DEBUG c.h.p.o.d.StatefulSetResource - [helmvolu] Desired StatefulSet (2 replicas) for status STARTING (READY)
2025-01-30 18:44:17,701 INFO c.h.h.t.HelmChartContainer - [hivemq-test-hivemq-platform] [hivemq-platform-operator] [3dd68f49] 18:44:17.697 [ReconcilerExecutor-hivemq-controller-111] INFO  c.h.p.o.HiveMQPlatformReconciler - [helmvolu] Reconciling HiveMQ Platform 'test-hivemq-platform' in namespace 'helmvolumeclaimtemplatesit'
2025-01-30 18:44:17,701 INFO c.h.h.t.HelmChartContainer - [hivemq-test-hivemq-platform] [hivemq-platform-operator] [3dd68f49] 18:44:17.697 [ReconcilerExecutor-hivemq-controller-111] DEBUG c.h.p.o.HiveMQPlatformReconciler - [helmvolu] Custom Resource Status STARTING - HiveMQ Platform is starting (READY)
2025-01-30 18:44:17,701 INFO c.h.h.t.HelmChartContainer - [hivemq-test-hivemq-platform] [hivemq-platform-operator] [3dd68f49] 18:44:17.697 [ReconcilerExecutor-hivemq-controller-111] DEBUG c.h.p.o.HiveMQPlatformReconciler - [helmvolu] Custom Resource Spec (replicas: 2) (extensions: 1)
2025-01-30 18:44:17,782 INFO c.h.h.t.HelmChartContainer - [hivemq-test-hivemq-platform] [hivemq-platform-operator] [3dd68f49] 18:44:17.777 [ReconcilerExecutor-hivemq-controller-111] DEBUG c.h.p.o.HiveMQPlatformReconciler - [helmvolu] StatefulSet Status (revision: test-hivemq-platform-6c7bb94cbd, replicas: 1, available: 0, ready: 0, current: 1, updated: 1)
2025-01-30 18:44:17,782 INFO c.h.h.t.HelmChartContainer - [hivemq-test-hivemq-platform] [hivemq-platform-operator] [3dd68f49] 18:44:17.778 [ReconcilerExecutor-hivemq-controller-111] DEBUG c.h.p.o.HiveMQPlatformReconciler - [helmvolu] StatefulSet Spec (replicas: 2, init containers: 1, containers: 1, volumes: 4)
2025-01-30 18:44:17,783 INFO c.h.h.t.HelmChartContainer - [hivemq-test-hivemq-platform] [hivemq-platform-operator] [3dd68f49] 18:44:17.782 [ReconcilerExecutor-hivemq-controller-111] DEBUG c.h.p.o.h.HiveMQPlatformReconcilerErrorHandler - [helmvolu] Pod 'test-hivemq-platform-0' phase Running
2025-01-30 18:44:17,784 INFO c.h.h.t.HelmChartContainer - [hivemq-test-hivemq-platform] [hivemq-platform-operator] [3dd68f49] 18:44:17.782 [ReconcilerExecutor-hivemq-controller-111] INFO  c.h.p.o.h.HiveMQPlatformReconcilerBaseHandler - [helmvolu] HiveMQ Platform is starting, 0 of 2 replicas are ready
2025-01-30 18:44:19,177 INFO c.h.h.t.HelmChartContainer - [test-hivemq-platform] [hivemq] [bd9e3d15] WARN  - [HiveMQ Platform Operator Init App 1.7.0-SNAPSHOT] Cannot connect to Health API for readiness: null
2025-01-30 18:44:19,183 INFO c.h.h.t.HelmChartContainer - [EVENT] Warning [Unhealthy] Readiness probe failed: HTTP probe failed with statuscode: 503 [helmvolumeclaimtemplatesit:test-hivemq-platform-0]
2025-01-30 18:44:19,183 INFO c.h.h.t.HelmChartContainer - Received Unhealthy event for container hivemq in pod test-hivemq-platform-0 [bd9e3d15-73d4-4923-9341-3b6fa14c2287]
2025-01-30 18:44:21,879 INFO c.h.h.t.HelmChartContainer - [test-hivemq-platform] [hivemq] [bd9e3d15] Jan 30, 2025 6:44:21 PM io.vertx.core.impl.BlockedThreadChecker
2025-01-30 18:44:21,879 INFO c.h.h.t.HelmChartContainer - [test-hivemq-platform] [hivemq] [bd9e3d15] WARNING: Thread Thread[vert.x-eventloop-thread-1,5,main] has been blocked for 2497 ms, time limit is 2000 ms
2025-01-30 18:44:22,335 INFO c.h.h.t.HelmChartContainer - [test-hivemq-platform] [hivemq] [bd9e3d15] INFO  - [HiveMQ Platform Operator Init App 1.7.0-SNAPSHOT] Updating Pod HiveMQ Platform Operator Init App version annotation (version: 1.7.0-SNAPSHOT)
2025-01-30 18:44:23,190 INFO c.h.h.t.HelmChartContainer - [POD] test-hivemq-platform-0 [bd9e3d15-73d4-4923-9341-3b6fa14c2287] in helmvolumeclaimtemplatesit was MODIFIED
2025-01-30 18:44:23,196 INFO c.h.h.t.HelmChartContainer - [hivemq-test-hivemq-platform] [hivemq-platform-operator] [3dd68f49] 18:44:23.193 [pool-6-thread-32] DEBUG c.h.p.o.d.PlatformServiceResource - [helmvolu] Desired Platform services (3 services)
2025-01-30 18:44:23,196 INFO c.h.h.t.HelmChartContainer - [hivemq-test-hivemq-platform] [hivemq-platform-operator] [3dd68f49] 18:44:23.194 [pool-6-thread-35] DEBUG c.h.p.o.dependants.PodInfoConfigMap - [helmvolu] Desired PodInfo ConfigMap (1 extensions) (1 enabled)
2025-01-30 18:44:23,196 INFO c.h.h.t.HelmChartContainer - [hivemq-test-hivemq-platform] [hivemq-platform-operator] [3dd68f49] 18:44:23.194 [pool-6-thread-35] DEBUG c.h.p.o.dependants.PodInfoConfigMap - [helmvolu] Desired PodInfo ConfigMap (metrics port: 9399) (metrics path: /)
2025-01-30 18:44:23,196 INFO c.h.h.t.HelmChartContainer - [hivemq-test-hivemq-platform] [hivemq-platform-operator] [3dd68f49] 18:44:23.194 [pool-6-thread-35] DEBUG c.h.p.o.dependants.PodInfoConfigMap - [helmvolu] Desired PodInfo ConfigMap (extension state hash: -1817474005)
2025-01-30 18:44:23,196 INFO c.h.h.t.HelmChartContainer - [hivemq-test-hivemq-platform] [hivemq-platform-operator] [3dd68f49] 18:44:23.195 [pool-6-thread-35] DEBUG c.h.p.o.d.PodServiceAccountResource - [helmvolu] Desired PodServiceAccountResource (serviceAccountName: hivemq-platform-pod-test-hivemq-platform)
2025-01-30 18:44:23,200 INFO c.h.h.t.HelmChartContainer - [hivemq-test-hivemq-platform] [hivemq-platform-operator] [3dd68f49] 18:44:23.199 [pool-6-thread-39] DEBUG c.h.p.o.d.StatefulSetResource - [helmvolu] Desired StatefulSet (2 replicas) for status STARTING (READY)
2025-01-30 18:44:23,203 INFO c.h.h.t.HelmChartContainer - [hivemq-test-hivemq-platform] [hivemq-platform-operator] [3dd68f49] 18:44:23.203 [ReconcilerExecutor-hivemq-controller-112] INFO  c.h.p.o.HiveMQPlatformReconciler - [helmvolu] Reconciling HiveMQ Platform 'test-hivemq-platform' in namespace 'helmvolumeclaimtemplatesit'
2025-01-30 18:44:23,204 INFO c.h.h.t.HelmChartContainer - [hivemq-test-hivemq-platform] [hivemq-platform-operator] [3dd68f49] 18:44:23.203 [ReconcilerExecutor-hivemq-controller-112] DEBUG c.h.p.o.HiveMQPlatformReconciler - [helmvolu] Custom Resource Status STARTING - HiveMQ Platform is starting (READY)
2025-01-30 18:44:23,204 INFO c.h.h.t.HelmChartContainer - [hivemq-test-hivemq-platform] [hivemq-platform-operator] [3dd68f49] 18:44:23.203 [ReconcilerExecutor-hivemq-controller-112] DEBUG c.h.p.o.HiveMQPlatformReconciler - [helmvolu] Custom Resource Spec (replicas: 2) (extensions: 1)
2025-01-30 18:44:23,208 INFO c.h.h.t.HelmChartContainer - [hivemq-test-hivemq-platform] [hivemq-platform-operator] [3dd68f49] 18:44:23.205 [ReconcilerExecutor-hivemq-controller-112] DEBUG c.h.p.o.HiveMQPlatformReconciler - [helmvolu] StatefulSet Status (revision: test-hivemq-platform-6c7bb94cbd, replicas: 1, available: 0, ready: 0, current: 1, updated: 1)
2025-01-30 18:44:23,208 INFO c.h.h.t.HelmChartContainer - [hivemq-test-hivemq-platform] [hivemq-platform-operator] [3dd68f49] 18:44:23.205 [ReconcilerExecutor-hivemq-controller-112] DEBUG c.h.p.o.HiveMQPlatformReconciler - [helmvolu] StatefulSet Spec (replicas: 2, init containers: 1, containers: 1, volumes: 4)
2025-01-30 18:44:23,208 INFO c.h.h.t.HelmChartContainer - [hivemq-test-hivemq-platform] [hivemq-platform-operator] [3dd68f49] 18:44:23.207 [ReconcilerExecutor-hivemq-controller-112] DEBUG c.h.p.o.h.HiveMQPlatformReconcilerErrorHandler - [helmvolu] Pod 'test-hivemq-platform-0' phase Running
2025-01-30 18:44:23,209 INFO c.h.h.t.HelmChartContainer - [hivemq-test-hivemq-platform] [hivemq-platform-operator] [3dd68f49] 18:44:23.207 [ReconcilerExecutor-hivemq-controller-112] INFO  c.h.p.o.h.HiveMQPlatformReconcilerBaseHandler - [helmvolu] HiveMQ Platform is starting, 0 of 2 replicas are ready
2025-01-30 18:44:23,240 INFO c.h.h.t.HelmChartContainer - [test-hivemq-platform] [hivemq] [bd9e3d15] INFO  - [HiveMQ Platform Operator Init App 1.7.0-SNAPSHOT] Successfully updated Pod HiveMQ Platform Operator Init App version annotation (version: 1.7.0-SNAPSHOT)
2025-01-30 18:44:23,276 INFO c.h.h.t.HelmChartContainer - [test-hivemq-platform] [hivemq] [bd9e3d15] WARN  - [HiveMQ Platform Operator Init App 1.7.0-SNAPSHOT] Cannot connect to Health API for readiness: null
2025-01-30 18:44:23,284 INFO c.h.h.t.HelmChartContainer - [EVENT] Warning [Unhealthy] Readiness probe failed: HTTP probe failed with statuscode: 503 [helmvolumeclaimtemplatesit:test-hivemq-platform-0]
2025-01-30 18:44:23,284 INFO c.h.h.t.HelmChartContainer - Received Unhealthy event for container hivemq in pod test-hivemq-platform-0 [bd9e3d15-73d4-4923-9341-3b6fa14c2287]
2025-01-30 18:44:28,276 INFO c.h.h.t.HelmChartContainer - [test-hivemq-platform] [hivemq] [bd9e3d15] WARN  - [HiveMQ Platform Operator Init App 1.7.0-SNAPSHOT] Cannot connect to Health API for readiness: null
2025-01-30 18:44:28,283 INFO c.h.h.t.HelmChartContainer - [EVENT] Warning [Unhealthy] Readiness probe failed: HTTP probe failed with statuscode: 503 [helmvolumeclaimtemplatesit:test-hivemq-platform-0]
2025-01-30 18:44:28,283 INFO c.h.h.t.HelmChartContainer - Received Unhealthy event for container hivemq in pod test-hivemq-platform-0 [bd9e3d15-73d4-4923-9341-3b6fa14c2287]
2025-01-30 18:44:32,320 INFO c.h.h.t.HelmChartContainer - [K3S] [scope.go:117] "RemoveContainer" containerID="b0d068d11004abd125516fabdd0f9edf99cb6a618616a6de1b7f2c1b7baf480a"
2025-01-30 18:44:33,280 INFO c.h.h.t.HelmChartContainer - [test-hivemq-platform] [hivemq] [bd9e3d15] WARN  - [HiveMQ Platform Operator Init App 1.7.0-SNAPSHOT] Cannot connect to Health API for readiness: null
2025-01-30 18:44:33,281 INFO c.h.h.t.HelmChartContainer - [EVENT] Warning [Unhealthy] Readiness probe failed: HTTP probe failed with statuscode: 503 [helmvolumeclaimtemplatesit:test-hivemq-platform-0]
2025-01-30 18:44:33,281 INFO c.h.h.t.HelmChartContainer - Received Unhealthy event for container hivemq in pod test-hivemq-platform-0 [bd9e3d15-73d4-4923-9341-3b6fa14c2287]
2025-01-30 18:44:33,288 INFO c.h.h.t.HelmChartContainer - [hivemq-test-hivemq-platform] [hivemq-platform-operator] [3dd68f49] 18:44:33.284 [pool-6-thread-46] DEBUG c.h.p.o.d.PlatformServiceResource - [helmvolu] Desired Platform services (3 services)
2025-01-30 18:44:33,289 INFO c.h.h.t.HelmChartContainer - [hivemq-test-hivemq-platform] [hivemq-platform-operator] [3dd68f49] 18:44:33.287 [pool-6-thread-42] DEBUG c.h.p.o.dependants.PodInfoConfigMap - [helmvolu] Desired PodInfo ConfigMap (1 extensions) (1 enabled)
2025-01-30 18:44:33,289 INFO c.h.h.t.HelmChartContainer - [hivemq-test-hivemq-platform] [hivemq-platform-operator] [3dd68f49] 18:44:33.287 [pool-6-thread-42] DEBUG c.h.p.o.dependants.PodInfoConfigMap - [helmvolu] Desired PodInfo ConfigMap (metrics port: 9399) (metrics path: /)
2025-01-30 18:44:33,289 INFO c.h.h.t.HelmChartContainer - [hivemq-test-hivemq-platform] [hivemq-platform-operator] [3dd68f49] 18:44:33.287 [pool-6-thread-42] DEBUG c.h.p.o.dependants.PodInfoConfigMap - [helmvolu] Desired PodInfo ConfigMap (extension state hash: -1817474005)
2025-01-30 18:44:33,292 INFO c.h.h.t.HelmChartContainer - [hivemq-test-hivemq-platform] [hivemq-platform-operator] [3dd68f49] 18:44:33.292 [pool-6-thread-42] DEBUG c.h.p.o.d.PodServiceAccountResource - [helmvolu] Desired PodServiceAccountResource (serviceAccountName: hivemq-platform-pod-test-hivemq-platform)
2025-01-30 18:44:33,298 INFO c.h.h.t.HelmChartContainer - [hivemq-test-hivemq-platform] [hivemq-platform-operator] [3dd68f49] 18:44:33.297 [pool-6-thread-44] DEBUG c.h.p.o.d.StatefulSetResource - [helmvolu] Desired StatefulSet (2 replicas) for status STARTING (READY)
2025-01-30 18:44:33,306 INFO c.h.h.t.HelmChartContainer - [hivemq-test-hivemq-platform] [hivemq-platform-operator] [3dd68f49] 18:44:33.305 [ReconcilerExecutor-hivemq-controller-113] INFO  c.h.p.o.HiveMQPlatformReconciler - [helmvolu] Reconciling HiveMQ Platform 'test-hivemq-platform' in namespace 'helmvolumeclaimtemplatesit'
2025-01-30 18:44:33,307 INFO c.h.h.t.HelmChartContainer - [hivemq-test-hivemq-platform] [hivemq-platform-operator] [3dd68f49] 18:44:33.305 [ReconcilerExecutor-hivemq-controller-113] DEBUG c.h.p.o.HiveMQPlatformReconciler - [helmvolu] Custom Resource Status STARTING - HiveMQ Platform is starting (READY)
2025-01-30 18:44:33,307 INFO c.h.h.t.HelmChartContainer - [hivemq-test-hivemq-platform] [hivemq-platform-operator] [3dd68f49] 18:44:33.305 [ReconcilerExecutor-hivemq-controller-113] DEBUG c.h.p.o.HiveMQPlatformReconciler - [helmvolu] Custom Resource Spec (replicas: 2) (extensions: 1)
2025-01-30 18:44:33,377 INFO c.h.h.t.HelmChartContainer - [hivemq-test-hivemq-platform] [hivemq-platform-operator] [3dd68f49] 18:44:33.375 [ReconcilerExecutor-hivemq-controller-113] DEBUG c.h.p.o.HiveMQPlatformReconciler - [helmvolu] StatefulSet Status (revision: test-hivemq-platform-6c7bb94cbd, replicas: 1, available: 0, ready: 0, current: 1, updated: 1)
2025-01-30 18:44:33,379 INFO c.h.h.t.HelmChartContainer - [hivemq-test-hivemq-platform] [hivemq-platform-operator] [3dd68f49] 18:44:33.375 [ReconcilerExecutor-hivemq-controller-113] DEBUG c.h.p.o.HiveMQPlatformReconciler - [helmvolu] StatefulSet Spec (replicas: 2, init containers: 1, containers: 1, volumes: 4)
2025-01-30 18:44:33,380 INFO c.h.h.t.HelmChartContainer - [hivemq-test-hivemq-platform] [hivemq-platform-operator] [3dd68f49] 18:44:33.379 [ReconcilerExecutor-hivemq-controller-113] DEBUG c.h.p.o.h.HiveMQPlatformReconcilerErrorHandler - [helmvolu] Pod 'test-hivemq-platform-0' phase Running
2025-01-30 18:44:33,385 INFO c.h.h.t.HelmChartContainer - [hivemq-test-hivemq-platform] [hivemq-platform-operator] [3dd68f49] 18:44:33.381 [ReconcilerExecutor-hivemq-controller-113] INFO  c.h.p.o.h.HiveMQPlatformReconcilerBaseHandler - [helmvolu] HiveMQ Platform is starting, 0 of 2 replicas are ready
2025-01-30 18:44:34,183 INFO c.h.h.t.HelmChartContainer - [test-hivemq-platform] [hivemq] [bd9e3d15] INFO  - No valid license file found. Using trial license, restricted to 25 connections.
2025-01-30 18:44:34,577 INFO c.h.h.t.HelmChartContainer - [test-hivemq-platform] [hivemq] [bd9e3d15] WARN  - [HiveMQ Platform Operator Init App 1.7.0-SNAPSHOT] Cannot connect to Health API for liveness: null
2025-01-30 18:44:34,579 INFO c.h.h.t.HelmChartContainer - [test-hivemq-platform] [hivemq] [bd9e3d15] INFO  - [HiveMQ Platform Operator Init App 1.7.0-SNAPSHOT] Returning default Health API response 200 for liveness
2025-01-30 18:44:38,088 INFO c.h.h.t.HelmChartContainer - [test-hivemq-platform] [hivemq] [bd9e3d15] INFO  - No valid license file for Data Hub found. Using free license, restricted to 1 policy.
2025-01-30 18:44:38,280 INFO c.h.h.t.HelmChartContainer - [test-hivemq-platform] [hivemq] [bd9e3d15] WARN  - [HiveMQ Platform Operator Init App 1.7.0-SNAPSHOT] Cannot connect to Health API for readiness: null
2025-01-30 18:44:38,284 INFO c.h.h.t.HelmChartContainer - [EVENT] Warning [Unhealthy] Readiness probe failed: HTTP probe failed with statuscode: 503 [helmvolumeclaimtemplatesit:test-hivemq-platform-0]
2025-01-30 18:44:38,284 INFO c.h.h.t.HelmChartContainer - Received Unhealthy event for container hivemq in pod test-hivemq-platform-0 [bd9e3d15-73d4-4923-9341-3b6fa14c2287]
2025-01-30 18:44:39,383 INFO c.h.h.t.HelmChartContainer - [test-hivemq-platform] [hivemq] [bd9e3d15] INFO  - Audit Logger started.
2025-01-30 18:44:39,779 INFO c.h.h.t.HelmChartContainer - [test-hivemq-platform] [hivemq] [bd9e3d15] INFO  - This node uses '1' CPU cores.
2025-01-30 18:44:39,784 INFO c.h.h.t.HelmChartContainer - [test-hivemq-platform] [hivemq] [bd9e3d15] INFO  - Starting HiveMQ Health API on address 0.0.0.0 and port 8889
2025-01-30 18:44:40,680 INFO c.h.h.t.HelmChartContainer - [test-hivemq-platform] [hivemq] [bd9e3d15] INFO  - Started HiveMQ Health API in 896ms
2025-01-30 18:44:41,191 INFO c.h.h.t.HelmChartContainer - [test-hivemq-platform] [hivemq] [bd9e3d15] INFO  - Starting HiveMQ extension system.
2025-01-30 18:44:41,574 INFO c.h.h.t.HelmChartContainer - [test-hivemq-platform] [hivemq] [bd9e3d15] INFO  - Starting extension with id "hivemq-dns-cluster-discovery" at /opt/hivemq/extensions/hivemq-dns-cluster-discovery
2025-01-30 18:44:42,077 INFO c.h.h.t.HelmChartContainer - [test-hivemq-platform] [hivemq] [bd9e3d15] INFO  - Extension "DNS Cluster Discovery Extension" version 4.3.2 started successfully.
2025-01-30 18:44:42,077 INFO c.h.h.t.HelmChartContainer - [test-hivemq-platform] [hivemq] [bd9e3d15] INFO  - Starting extension with id "hivemq-prometheus-extension" at /opt/hivemq/extensions/hivemq-prometheus-extension
2025-01-30 18:44:42,177 INFO c.h.h.t.HelmChartContainer - [test-hivemq-platform] [hivemq] [bd9e3d15] INFO  - Using TCP cluster transport on address 10.42.0.9 and port 7000
2025-01-30 18:44:42,184 INFO c.h.h.t.HelmChartContainer - [test-hivemq-platform] [hivemq] [bd9e3d15] INFO  - Using extension cluster discovery
2025-01-30 18:44:43,083 INFO c.h.h.t.HelmChartContainer - [test-hivemq-platform] [hivemq] [bd9e3d15] INFO  - Started Jetty Server exposing Prometheus Servlet on URI http://0.0.0.0:9399/
2025-01-30 18:44:43,083 INFO c.h.h.t.HelmChartContainer - [test-hivemq-platform] [hivemq] [bd9e3d15] INFO  - Extension "Prometheus Monitoring Extension" version 4.0.12 started successfully.
2025-01-30 18:44:43,084 INFO c.h.h.t.HelmChartContainer - [test-hivemq-platform] [hivemq] [bd9e3d15] INFO  - Starting extension with id "hivemq-allow-all-extension" at /opt/hivemq/extensions/hivemq-allow-all-extension
2025-01-30 18:44:43,084 INFO c.h.h.t.HelmChartContainer - [test-hivemq-platform] [hivemq] [bd9e3d15] WARN  - 
2025-01-30 18:44:43,084 INFO c.h.h.t.HelmChartContainer - [test-hivemq-platform] [hivemq] [bd9e3d15] ################################################################################################################
2025-01-30 18:44:43,084 INFO c.h.h.t.HelmChartContainer - [test-hivemq-platform] [hivemq] [bd9e3d15] # This HiveMQ deployment is not secure! You are lacking Authentication and Authorization.                      #
2025-01-30 18:44:43,084 INFO c.h.h.t.HelmChartContainer - [test-hivemq-platform] [hivemq] [bd9e3d15] # Right now any MQTT client can connect to the broker with a full set of permissions.                          #
2025-01-30 18:44:43,084 INFO c.h.h.t.HelmChartContainer - [test-hivemq-platform] [hivemq] [bd9e3d15] # For production usage, add an appropriate security extension and remove the hivemq-allow-all extension.       #
2025-01-30 18:44:43,084 INFO c.h.h.t.HelmChartContainer - [test-hivemq-platform] [hivemq] [bd9e3d15] # You can download security extensions from the HiveMQ Marketplace (https://www.hivemq.com/extensions/).       #
2025-01-30 18:44:43,084 INFO c.h.h.t.HelmChartContainer - [test-hivemq-platform] [hivemq] [bd9e3d15] ################################################################################################################
2025-01-30 18:44:43,084 INFO c.h.h.t.HelmChartContainer - [test-hivemq-platform] [hivemq] [bd9e3d15] INFO  - Extension "Allow All Extension" version 1.1.1 started successfully.
2025-01-30 18:44:43,390 INFO c.h.h.t.HelmChartContainer - [hivemq-test-hivemq-platform] [hivemq-platform-operator] [3dd68f49] 18:44:43.387 [pool-6-thread-3] DEBUG c.h.p.o.d.PlatformServiceResource - [helmvolu] Desired Platform services (3 services)
2025-01-30 18:44:43,392 INFO c.h.h.t.HelmChartContainer - [hivemq-test-hivemq-platform] [hivemq-platform-operator] [3dd68f49] 18:44:43.392 [pool-6-thread-3] DEBUG c.h.p.o.d.PodServiceAccountResource - [helmvolu] Desired PodServiceAccountResource (serviceAccountName: hivemq-platform-pod-test-hivemq-platform)
2025-01-30 18:44:43,395 INFO c.h.h.t.HelmChartContainer - [hivemq-test-hivemq-platform] [hivemq-platform-operator] [3dd68f49] 18:44:43.394 [pool-6-thread-1] DEBUG c.h.p.o.dependants.PodInfoConfigMap - [helmvolu] Desired PodInfo ConfigMap (1 extensions) (1 enabled)
2025-01-30 18:44:43,396 INFO c.h.h.t.HelmChartContainer - [hivemq-test-hivemq-platform] [hivemq-platform-operator] [3dd68f49] 18:44:43.395 [pool-6-thread-1] DEBUG c.h.p.o.dependants.PodInfoConfigMap - [helmvolu] Desired PodInfo ConfigMap (metrics port: 9399) (metrics path: /)
2025-01-30 18:44:43,398 INFO c.h.h.t.HelmChartContainer - [hivemq-test-hivemq-platform] [hivemq-platform-operator] [3dd68f49] 18:44:43.397 [pool-6-thread-1] DEBUG c.h.p.o.dependants.PodInfoConfigMap - [helmvolu] Desired PodInfo ConfigMap (extension state hash: -1817474005)
2025-01-30 18:44:43,402 INFO c.h.h.t.HelmChartContainer - [hivemq-test-hivemq-platform] [hivemq-platform-operator] [3dd68f49] 18:44:43.401 [pool-6-thread-1] DEBUG c.h.p.o.d.StatefulSetResource - [helmvolu] Desired StatefulSet (2 replicas) for status STARTING (READY)
2025-01-30 18:44:43,405 INFO c.h.h.t.HelmChartContainer - [hivemq-test-hivemq-platform] [hivemq-platform-operator] [3dd68f49] 18:44:43.404 [ReconcilerExecutor-hivemq-controller-114] INFO  c.h.p.o.HiveMQPlatformReconciler - [helmvolu] Reconciling HiveMQ Platform 'test-hivemq-platform' in namespace 'helmvolumeclaimtemplatesit'
2025-01-30 18:44:43,406 INFO c.h.h.t.HelmChartContainer - [hivemq-test-hivemq-platform] [hivemq-platform-operator] [3dd68f49] 18:44:43.404 [ReconcilerExecutor-hivemq-controller-114] DEBUG c.h.p.o.HiveMQPlatformReconciler - [helmvolu] Custom Resource Status STARTING - HiveMQ Platform is starting (READY)
2025-01-30 18:44:43,406 INFO c.h.h.t.HelmChartContainer - [hivemq-test-hivemq-platform] [hivemq-platform-operator] [3dd68f49] 18:44:43.404 [ReconcilerExecutor-hivemq-controller-114] DEBUG c.h.p.o.HiveMQPlatformReconciler - [helmvolu] Custom Resource Spec (replicas: 2) (extensions: 1)
2025-01-30 18:44:43,408 INFO c.h.h.t.HelmChartContainer - [hivemq-test-hivemq-platform] [hivemq-platform-operator] [3dd68f49] 18:44:43.406 [ReconcilerExecutor-hivemq-controller-114] DEBUG c.h.p.o.HiveMQPlatformReconciler - [helmvolu] StatefulSet Status (revision: test-hivemq-platform-6c7bb94cbd, replicas: 1, available: 0, ready: 0, current: 1, updated: 1)
2025-01-30 18:44:43,408 INFO c.h.h.t.HelmChartContainer - [hivemq-test-hivemq-platform] [hivemq-platform-operator] [3dd68f49] 18:44:43.406 [ReconcilerExecutor-hivemq-controller-114] DEBUG c.h.p.o.HiveMQPlatformReconciler - [helmvolu] StatefulSet Spec (replicas: 2, init containers: 1, containers: 1, volumes: 4)
2025-01-30 18:44:43,409 INFO c.h.h.t.HelmChartContainer - [hivemq-test-hivemq-platform] [hivemq-platform-operator] [3dd68f49] 18:44:43.408 [ReconcilerExecutor-hivemq-controller-114] DEBUG c.h.p.o.h.HiveMQPlatformReconcilerErrorHandler - [helmvolu] Pod 'test-hivemq-platform-0' phase Running
2025-01-30 18:44:43,410 INFO c.h.h.t.HelmChartContainer - [hivemq-test-hivemq-platform] [hivemq-platform-operator] [3dd68f49] 18:44:43.409 [ReconcilerExecutor-hivemq-controller-114] INFO  c.h.p.o.h.HiveMQPlatformReconcilerBaseHandler - [helmvolu] HiveMQ Platform is starting, 0 of 2 replicas are ready
2025-01-30 18:44:43,788 INFO c.h.h.t.HelmChartContainer - [test-hivemq-platform] [hivemq] [bd9e3d15] INFO  - [HiveMQ Platform Operator Init App 1.7.0-SNAPSHOT] Returning Health API response 503 for readiness
2025-01-30 18:44:43,792 INFO c.h.h.t.HelmChartContainer - [EVENT] Warning [Unhealthy] Readiness probe failed: HTTP probe failed with statuscode: 503 [helmvolumeclaimtemplatesit:test-hivemq-platform-0]
2025-01-30 18:44:43,792 INFO c.h.h.t.HelmChartContainer - Received Unhealthy event for container hivemq in pod test-hivemq-platform-0 [bd9e3d15-73d4-4923-9341-3b6fa14c2287]
2025-01-30 18:44:45,190 INFO c.h.h.t.HelmChartContainer - [test-hivemq-platform] [hivemq] [bd9e3d15] INFO  - eLLfE: no members discovered after 2412 ms: creating cluster as first member
2025-01-30 18:44:45,197 INFO c.h.h.t.HelmChartContainer - [test-hivemq-platform] [hivemq] [bd9e3d15] INFO  - Cluster nodes found by discovery: [eLLfE|0] (1) [eLLfE].
2025-01-30 18:44:45,216 INFO c.h.h.t.HelmChartContainer - [test-hivemq-platform] [hivemq] [bd9e3d15] WARN  - No user for HiveMQ Control Center configured. Starting with default user
2025-01-30 18:44:45,216 INFO c.h.h.t.HelmChartContainer - [test-hivemq-platform] [hivemq] [bd9e3d15] INFO  - Starting HiveMQ Control Center on address 0.0.0.0 and port 8080
2025-01-30 18:44:45,223 INFO c.h.h.t.HelmChartContainer - [test-hivemq-platform] [hivemq] [bd9e3d15] INFO  - Mounting HiveMQ Control Center V2 Preview
2025-01-30 18:44:45,977 INFO c.h.h.t.HelmChartContainer - [test-hivemq-platform] [hivemq] [bd9e3d15] INFO  - Started HiveMQ Control Center in 761ms
2025-01-30 18:44:45,992 INFO c.h.h.t.HelmChartContainer - [test-hivemq-platform] [hivemq] [bd9e3d15] INFO  - Starting TCP listener on address 0.0.0.0 and port 1883
2025-01-30 18:44:46,082 INFO c.h.h.t.HelmChartContainer - [test-hivemq-platform] [hivemq] [bd9e3d15] INFO  - Started TCP Listener on address 0.0.0.0 and on port 1883.
2025-01-30 18:44:46,083 INFO c.h.h.t.HelmChartContainer - [test-hivemq-platform] [hivemq] [bd9e3d15] INFO  - Started HiveMQ in 31142ms
2025-01-30 18:44:48,195 INFO c.h.h.t.HelmChartContainer - [test-hivemq-platform] [hivemq] [bd9e3d15] INFO  - [HiveMQ Platform Operator Init App 1.7.0-SNAPSHOT] Returning Health API response 200 for readiness
2025-01-30 18:44:48,210 INFO c.h.h.t.HelmChartContainer - [POD] test-hivemq-platform-0 [bd9e3d15-73d4-4923-9341-3b6fa14c2287] in helmvolumeclaimtemplatesit was MODIFIED
2025-01-30 18:44:48,219 INFO c.h.h.t.HelmChartContainer - [hivemq-test-hivemq-platform] [hivemq-platform-operator] [3dd68f49] 18:44:48.211 [pool-6-thread-11] DEBUG c.h.p.o.d.PlatformServiceResource - [helmvolu] Desired Platform services (3 services)
2025-01-30 18:44:48,223 INFO c.h.h.t.HelmChartContainer - [hivemq-test-hivemq-platform] [hivemq-platform-operator] [3dd68f49] 18:44:48.218 [pool-6-thread-16] DEBUG c.h.p.o.dependants.PodInfoConfigMap - [helmvolu] Desired PodInfo ConfigMap (1 extensions) (1 enabled)
2025-01-30 18:44:48,223 INFO c.h.h.t.HelmChartContainer - [hivemq-test-hivemq-platform] [hivemq-platform-operator] [3dd68f49] 18:44:48.220 [pool-6-thread-16] DEBUG c.h.p.o.dependants.PodInfoConfigMap - [helmvolu] Desired PodInfo ConfigMap (metrics port: 9399) (metrics path: /)
2025-01-30 18:44:48,224 INFO c.h.h.t.HelmChartContainer - [hivemq-test-hivemq-platform] [hivemq-platform-operator] [3dd68f49] 18:44:48.220 [pool-6-thread-16] DEBUG c.h.p.o.dependants.PodInfoConfigMap - [helmvolu] Desired PodInfo ConfigMap (extension state hash: -1817474005)
2025-01-30 18:44:48,226 INFO c.h.h.t.HelmChartContainer - [hivemq-test-hivemq-platform] [hivemq-platform-operator] [3dd68f49] 18:44:48.225 [pool-6-thread-15] DEBUG c.h.p.o.d.PodServiceAccountResource - [helmvolu] Desired PodServiceAccountResource (serviceAccountName: hivemq-platform-pod-test-hivemq-platform)
2025-01-30 18:44:48,238 INFO c.h.h.t.HelmChartContainer - [EVENT] Normal [WaitForFirstConsumer] waiting for first consumer to be created before binding [helmvolumeclaimtemplatesit:hivemq-pvc-data-test-hivemq-platform-1]
2025-01-30 18:44:48,240 INFO c.h.h.t.HelmChartContainer - [EVENT] Normal [SuccessfulCreate] create Claim hivemq-pvc-data-test-hivemq-platform-1 Pod test-hivemq-platform-1 in StatefulSet test-hivemq-platform success [helmvolumeclaimtemplatesit:test-hivemq-platform]
2025-01-30 18:44:48,240 INFO c.h.h.t.HelmChartContainer - [hivemq-test-hivemq-platform] [hivemq-platform-operator] [3dd68f49] 18:44:48.235 [pool-6-thread-11] DEBUG c.h.p.o.d.StatefulSetResource - [helmvolu] Desired StatefulSet (2 replicas) for status STARTING (READY)
2025-01-30 18:44:48,243 INFO c.h.h.t.HelmChartContainer - [POD] test-hivemq-platform-1 [c76829e1-57eb-4dfb-84c5-b19c27a77399] in helmvolumeclaimtemplatesit was ADDED
2025-01-30 18:44:48,251 INFO c.h.h.t.HelmChartContainer - [EVENT] Normal [SuccessfulCreate] create Pod test-hivemq-platform-1 in StatefulSet test-hivemq-platform successful [helmvolumeclaimtemplatesit:test-hivemq-platform]
2025-01-30 18:44:48,256 INFO c.h.h.t.HelmChartContainer - [EVENT] Normal [ExternalProvisioning] Waiting for a volume to be created either by the external provisioner 'rancher.io/local-path' or manually by the system administrator. If volume creation is delayed, please verify that the provisioner is running and correctly registered. [helmvolumeclaimtemplatesit:hivemq-pvc-data-test-hivemq-platform-1]
2025-01-30 18:44:48,260 INFO c.h.h.t.HelmChartContainer - [EVENT] Normal [ExternalProvisioning] Waiting for a volume to be created either by the external provisioner 'rancher.io/local-path' or manually by the system administrator. If volume creation is delayed, please verify that the provisioner is running and correctly registered. [helmvolumeclaimtemplatesit:hivemq-pvc-data-test-hivemq-platform-1]
2025-01-30 18:44:48,261 INFO c.h.h.t.HelmChartContainer - [EVENT] Normal [Provisioning] External provisioner is provisioning volume for claim "helmvolumeclaimtemplatesit/hivemq-pvc-data-test-hivemq-platform-1" [helmvolumeclaimtemplatesit:hivemq-pvc-data-test-hivemq-platform-1]
2025-01-30 18:44:48,279 INFO c.h.h.t.HelmChartContainer - [hivemq-test-hivemq-platform] [hivemq-platform-operator] [3dd68f49] 18:44:48.276 [ReconcilerExecutor-hivemq-controller-115] INFO  c.h.p.o.HiveMQPlatformReconciler - [helmvolu] Reconciling HiveMQ Platform 'test-hivemq-platform' in namespace 'helmvolumeclaimtemplatesit'
2025-01-30 18:44:48,280 INFO c.h.h.t.HelmChartContainer - [hivemq-test-hivemq-platform] [hivemq-platform-operator] [3dd68f49] 18:44:48.276 [ReconcilerExecutor-hivemq-controller-115] DEBUG c.h.p.o.HiveMQPlatformReconciler - [helmvolu] Custom Resource Status STARTING - HiveMQ Platform is starting (READY)
2025-01-30 18:44:48,280 INFO c.h.h.t.HelmChartContainer - [hivemq-test-hivemq-platform] [hivemq-platform-operator] [3dd68f49] 18:44:48.276 [ReconcilerExecutor-hivemq-controller-115] DEBUG c.h.p.o.HiveMQPlatformReconciler - [helmvolu] Custom Resource Spec (replicas: 2) (extensions: 1)
2025-01-30 18:44:48,280 INFO c.h.h.t.HelmChartContainer - [hivemq-test-hivemq-platform] [hivemq-platform-operator] [3dd68f49] 18:44:48.278 [ReconcilerExecutor-hivemq-controller-115] DEBUG c.h.p.o.HiveMQPlatformReconciler - [helmvolu] StatefulSet Status (revision: test-hivemq-platform-6c7bb94cbd, replicas: 1, available: 0, ready: 0, current: 1, updated: 1)
2025-01-30 18:44:48,282 INFO c.h.h.t.HelmChartContainer - [hivemq-test-hivemq-platform] [hivemq-platform-operator] [3dd68f49] 18:44:48.278 [ReconcilerExecutor-hivemq-controller-115] DEBUG c.h.p.o.HiveMQPlatformReconciler - [helmvolu] StatefulSet Spec (replicas: 2, init containers: 1, containers: 1, volumes: 4)
2025-01-30 18:44:48,288 INFO c.h.h.t.HelmChartContainer - [hivemq-test-hivemq-platform] [hivemq-platform-operator] [3dd68f49] 18:44:48.280 [ReconcilerExecutor-hivemq-controller-115] DEBUG c.h.p.o.h.HiveMQPlatformReconcilerErrorHandler - [helmvolu] Pod 'test-hivemq-platform-1' phase Pending
2025-01-30 18:44:48,289 INFO c.h.h.t.HelmChartContainer - [hivemq-test-hivemq-platform] [hivemq-platform-operator] [3dd68f49] 18:44:48.281 [ReconcilerExecutor-hivemq-controller-115] DEBUG c.h.p.o.h.HiveMQPlatformReconcilerErrorHandler - [helmvolu] Pod 'test-hivemq-platform-0' phase Running
2025-01-30 18:44:48,289 INFO c.h.h.t.HelmChartContainer - [hivemq-test-hivemq-platform] [hivemq-platform-operator] [3dd68f49] 18:44:48.282 [ReconcilerExecutor-hivemq-controller-115] INFO  c.h.p.o.h.HiveMQPlatformReconcilerBaseHandler - [helmvolu] HiveMQ Platform is starting, 0 of 2 replicas are ready
2025-01-30 18:44:48,289 INFO c.h.h.t.HelmChartContainer - [hivemq-test-hivemq-platform] [hivemq-platform-operator] [3dd68f49] 18:44:48.285 [pool-6-thread-23] DEBUG c.h.p.o.d.PlatformServiceResource - [helmvolu] Desired Platform services (3 services)
2025-01-30 18:44:48,290 INFO c.h.h.t.HelmChartContainer - [hivemq-test-hivemq-platform] [hivemq-platform-operator] [3dd68f49] 18:44:48.287 [pool-6-thread-26] DEBUG c.h.p.o.d.PodServiceAccountResource - [helmvolu] Desired PodServiceAccountResource (serviceAccountName: hivemq-platform-pod-test-hivemq-platform)
2025-01-30 18:44:48,291 INFO c.h.h.t.HelmChartContainer - [hivemq-test-hivemq-platform] [hivemq-platform-operator] [3dd68f49] 18:44:48.288 [pool-6-thread-21] DEBUG c.h.p.o.dependants.PodInfoConfigMap - [helmvolu] Desired PodInfo ConfigMap (1 extensions) (1 enabled)
2025-01-30 18:44:48,291 INFO c.h.h.t.HelmChartContainer - [hivemq-test-hivemq-platform] [hivemq-platform-operator] [3dd68f49] 18:44:48.288 [pool-6-thread-21] DEBUG c.h.p.o.dependants.PodInfoConfigMap - [helmvolu] Desired PodInfo ConfigMap (metrics port: 9399) (metrics path: /)
2025-01-30 18:44:48,291 INFO c.h.h.t.HelmChartContainer - [hivemq-test-hivemq-platform] [hivemq-platform-operator] [3dd68f49] 18:44:48.288 [pool-6-thread-21] DEBUG c.h.p.o.dependants.PodInfoConfigMap - [helmvolu] Desired PodInfo ConfigMap (extension state hash: -1817474005)
2025-01-30 18:44:48,332 INFO c.h.h.t.HelmChartContainer - [POD] helper-pod-create-pvc-e305bfe7-67fb-405a-80df-3a27856fa7c1 [4d31da06-ecc8-4eb8-9aee-fecb63248a3b] in kube-system was ADDED
2025-01-30 18:44:48,338 INFO c.h.h.t.HelmChartContainer - [POD] helper-pod-create-pvc-e305bfe7-67fb-405a-80df-3a27856fa7c1 [4d31da06-ecc8-4eb8-9aee-fecb63248a3b] in kube-system was MODIFIED
2025-01-30 18:44:48,381 INFO c.h.h.t.HelmChartContainer - [hivemq-test-hivemq-platform] [hivemq-platform-operator] [3dd68f49] 18:44:48.378 [pool-6-thread-23] DEBUG c.h.p.o.d.StatefulSetResource - [helmvolu] Desired StatefulSet (2 replicas) for status STARTING (READY)
2025-01-30 18:44:48,383 INFO c.h.h.t.HelmChartContainer - [K3S] [reconciler_common.go:251] "operationExecutor.VerifyControllerAttachedVolume started for volume \"script\" (UniqueName: \"kubernetes.io/configmap/4d31da06-ecc8-4eb8-9aee-fecb63248a3b-script\") pod \"helper-pod-create-pvc-e305bfe7-67fb-405a-80df-3a27856fa7c1\" (UID: \"4d31da06-ecc8-4eb8-9aee-fecb63248a3b\") " pod="kube-system/helper-pod-create-pvc-e305bfe7-67fb-405a-80df-3a27856fa7c1"
2025-01-30 18:44:48,383 INFO c.h.h.t.HelmChartContainer - [K3S] [reconciler_common.go:251] "operationExecutor.VerifyControllerAttachedVolume started for volume \"kube-api-access-4dcnr\" (UniqueName: \"kubernetes.io/projected/4d31da06-ecc8-4eb8-9aee-fecb63248a3b-kube-api-access-4dcnr\") pod \"helper-pod-create-pvc-e305bfe7-67fb-405a-80df-3a27856fa7c1\" (UID: \"4d31da06-ecc8-4eb8-9aee-fecb63248a3b\") " pod="kube-system/helper-pod-create-pvc-e305bfe7-67fb-405a-80df-3a27856fa7c1"
2025-01-30 18:44:48,383 INFO c.h.h.t.HelmChartContainer - [K3S] [reconciler_common.go:251] "operationExecutor.VerifyControllerAttachedVolume started for volume \"data\" (UniqueName: \"kubernetes.io/host-path/4d31da06-ecc8-4eb8-9aee-fecb63248a3b-data\") pod \"helper-pod-create-pvc-e305bfe7-67fb-405a-80df-3a27856fa7c1\" (UID: \"4d31da06-ecc8-4eb8-9aee-fecb63248a3b\") " pod="kube-system/helper-pod-create-pvc-e305bfe7-67fb-405a-80df-3a27856fa7c1"
2025-01-30 18:44:48,386 INFO c.h.h.t.HelmChartContainer - [hivemq-test-hivemq-platform] [hivemq-platform-operator] [3dd68f49] 18:44:48.385 [ReconcilerExecutor-hivemq-controller-116] INFO  c.h.p.o.HiveMQPlatformReconciler - [helmvolu] Reconciling HiveMQ Platform 'test-hivemq-platform' in namespace 'helmvolumeclaimtemplatesit'
2025-01-30 18:44:48,387 INFO c.h.h.t.HelmChartContainer - [hivemq-test-hivemq-platform] [hivemq-platform-operator] [3dd68f49] 18:44:48.385 [ReconcilerExecutor-hivemq-controller-116] DEBUG c.h.p.o.HiveMQPlatformReconciler - [helmvolu] Custom Resource Status STARTING - HiveMQ Platform is starting (READY)
2025-01-30 18:44:48,387 INFO c.h.h.t.HelmChartContainer - [hivemq-test-hivemq-platform] [hivemq-platform-operator] [3dd68f49] 18:44:48.385 [ReconcilerExecutor-hivemq-controller-116] DEBUG c.h.p.o.HiveMQPlatformReconciler - [helmvolu] Custom Resource Spec (replicas: 2) (extensions: 1)
2025-01-30 18:44:48,389 INFO c.h.h.t.HelmChartContainer - [hivemq-test-hivemq-platform] [hivemq-platform-operator] [3dd68f49] 18:44:48.388 [ReconcilerExecutor-hivemq-controller-116] DEBUG c.h.p.o.HiveMQPlatformReconciler - [helmvolu] StatefulSet Status (revision: test-hivemq-platform-6c7bb94cbd, replicas: 2, available: 1, ready: 1, current: 2, updated: 2)
2025-01-30 18:44:48,389 INFO c.h.h.t.HelmChartContainer - [hivemq-test-hivemq-platform] [hivemq-platform-operator] [3dd68f49] 18:44:48.388 [ReconcilerExecutor-hivemq-controller-116] DEBUG c.h.p.o.HiveMQPlatformReconciler - [helmvolu] StatefulSet Spec (replicas: 2, init containers: 1, containers: 1, volumes: 4)
2025-01-30 18:44:48,391 INFO c.h.h.t.HelmChartContainer - [hivemq-test-hivemq-platform] [hivemq-platform-operator] [3dd68f49] 18:44:48.389 [ReconcilerExecutor-hivemq-controller-116] DEBUG c.h.p.o.h.HiveMQPlatformReconcilerErrorHandler - [helmvolu] Pod 'test-hivemq-platform-1' phase Pending
2025-01-30 18:44:48,393 INFO c.h.h.t.HelmChartContainer - [hivemq-test-hivemq-platform] [hivemq-platform-operator] [3dd68f49] 18:44:48.390 [ReconcilerExecutor-hivemq-controller-116] DEBUG c.h.p.o.h.HiveMQPlatformReconcilerErrorHandler - [helmvolu] Pod 'test-hivemq-platform-0' phase Running
2025-01-30 18:44:48,393 INFO c.h.h.t.HelmChartContainer - [hivemq-test-hivemq-platform] [hivemq-platform-operator] [3dd68f49] 18:44:48.391 [ReconcilerExecutor-hivemq-controller-116] INFO  c.h.p.o.h.HiveMQPlatformReconcilerBaseHandler - [helmvolu] HiveMQ Platform is starting, 1 of 2 replicas are ready
2025-01-30 18:44:49,657 INFO c.h.h.t.HelmChartContainer - [POD] helper-pod-create-pvc-e305bfe7-67fb-405a-80df-3a27856fa7c1 [4d31da06-ecc8-4eb8-9aee-fecb63248a3b] in kube-system was MODIFIED
2025-01-30 18:44:50,722 INFO c.h.h.t.HelmChartContainer - [POD] helper-pod-create-pvc-e305bfe7-67fb-405a-80df-3a27856fa7c1 [4d31da06-ecc8-4eb8-9aee-fecb63248a3b] in kube-system was MODIFIED
2025-01-30 18:44:50,794 INFO c.h.h.t.HelmChartContainer - [K3S] [reconciler_common.go:162] "operationExecutor.UnmountVolume started for volume \"script\" (UniqueName: \"kubernetes.io/configmap/4d31da06-ecc8-4eb8-9aee-fecb63248a3b-script\") pod \"4d31da06-ecc8-4eb8-9aee-fecb63248a3b\" (UID: \"4d31da06-ecc8-4eb8-9aee-fecb63248a3b\") "
2025-01-30 18:44:50,794 INFO c.h.h.t.HelmChartContainer - [K3S] [reconciler_common.go:162] "operationExecutor.UnmountVolume started for volume \"kube-api-access-4dcnr\" (UniqueName: \"kubernetes.io/projected/4d31da06-ecc8-4eb8-9aee-fecb63248a3b-kube-api-access-4dcnr\") pod \"4d31da06-ecc8-4eb8-9aee-fecb63248a3b\" (UID: \"4d31da06-ecc8-4eb8-9aee-fecb63248a3b\") "
2025-01-30 18:44:50,794 INFO c.h.h.t.HelmChartContainer - [K3S] [reconciler_common.go:162] "operationExecutor.UnmountVolume started for volume \"data\" (UniqueName: \"kubernetes.io/host-path/4d31da06-ecc8-4eb8-9aee-fecb63248a3b-data\") pod \"4d31da06-ecc8-4eb8-9aee-fecb63248a3b\" (UID: \"4d31da06-ecc8-4eb8-9aee-fecb63248a3b\") "
2025-01-30 18:44:50,894 INFO c.h.h.t.HelmChartContainer - [K3S] [reconciler_common.go:299] "Volume detached for volume \"data\" (UniqueName: \"kubernetes.io/host-path/4d31da06-ecc8-4eb8-9aee-fecb63248a3b-data\") on node \"3c74c6b68004\" DevicePath \"\""
2025-01-30 18:44:50,894 INFO c.h.h.t.HelmChartContainer - [K3S] [reconciler_common.go:299] "Volume detached for volume \"script\" (UniqueName: \"kubernetes.io/configmap/4d31da06-ecc8-4eb8-9aee-fecb63248a3b-script\") on node \"3c74c6b68004\" DevicePath \"\""
2025-01-30 18:44:50,894 INFO c.h.h.t.HelmChartContainer - [K3S] [reconciler_common.go:299] "Volume detached for volume \"kube-api-access-4dcnr\" (UniqueName: \"kubernetes.io/projected/4d31da06-ecc8-4eb8-9aee-fecb63248a3b-kube-api-access-4dcnr\") on node \"3c74c6b68004\" DevicePath \"\""
2025-01-30 18:44:51,349 INFO c.h.h.t.HelmChartContainer - [POD] helper-pod-create-pvc-e305bfe7-67fb-405a-80df-3a27856fa7c1 [4d31da06-ecc8-4eb8-9aee-fecb63248a3b] in kube-system was MODIFIED
2025-01-30 18:44:51,353 INFO c.h.h.t.HelmChartContainer - [POD] helper-pod-create-pvc-e305bfe7-67fb-405a-80df-3a27856fa7c1 [4d31da06-ecc8-4eb8-9aee-fecb63248a3b] in kube-system was DELETED
2025-01-30 18:44:51,360 INFO c.h.h.t.HelmChartContainer - [EVENT] Normal [ProvisioningSucceeded] Successfully provisioned volume pvc-e305bfe7-67fb-405a-80df-3a27856fa7c1 [helmvolumeclaimtemplatesit:hivemq-pvc-data-test-hivemq-platform-1]
2025-01-30 18:44:51,653 INFO c.h.h.t.HelmChartContainer - [K3S] [pod_container_deletor.go:80] "Container not found in pod's containers" containerID="ba6b3d8d100aabbe2e4b889b099a3804ef803d59a7747e77c37ef44ec4af8848"
2025-01-30 18:44:51,659 INFO c.h.h.t.HelmChartContainer - [K3S] [status_manager.go:890] "Failed to get status for pod" podUID="4d31da06-ecc8-4eb8-9aee-fecb63248a3b" pod="kube-system/helper-pod-create-pvc-e305bfe7-67fb-405a-80df-3a27856fa7c1" err="pods \"helper-pod-create-pvc-e305bfe7-67fb-405a-80df-3a27856fa7c1\" is forbidden: User \"system:node:3c74c6b68004\" cannot get resource \"pods\" in API group \"\" in the namespace \"kube-system\": no relationship found between node '3c74c6b68004' and this object"
2025-01-30 18:44:52,255 INFO c.h.h.t.HelmChartContainer - [K3S] [memory_manager.go:355] "RemoveStaleState removing state" podUID="4d31da06-ecc8-4eb8-9aee-fecb63248a3b" containerName="helper-pod"
2025-01-30 18:44:52,255 INFO c.h.h.t.HelmChartContainer - [POD] test-hivemq-platform-1 [c76829e1-57eb-4dfb-84c5-b19c27a77399] in helmvolumeclaimtemplatesit was MODIFIED
2025-01-30 18:44:52,256 INFO c.h.h.t.HelmChartContainer - [K3S] [status_manager.go:890] "Failed to get status for pod" podUID="4d31da06-ecc8-4eb8-9aee-fecb63248a3b" pod="kube-system/helper-pod-create-pvc-e305bfe7-67fb-405a-80df-3a27856fa7c1" err="pods \"helper-pod-create-pvc-e305bfe7-67fb-405a-80df-3a27856fa7c1\" is forbidden: User \"system:node:3c74c6b68004\" cannot get resource \"pods\" in API group \"\" in the namespace \"kube-system\": no relationship found between node '3c74c6b68004' and this object"
2025-01-30 18:44:52,256 INFO c.h.h.t.HelmChartContainer - [EVENT] Normal [Scheduled] Successfully assigned helmvolumeclaimtemplatesit/test-hivemq-platform-1 to 3c74c6b68004 [helmvolumeclaimtemplatesit:test-hivemq-platform-1]
2025-01-30 18:44:52,265 INFO c.h.h.t.HelmChartContainer - [hivemq-test-hivemq-platform] [hivemq-platform-operator] [3dd68f49] 18:44:52.262 [pool-6-thread-34] DEBUG c.h.p.o.dependants.PodInfoConfigMap - [helmvolu] Desired PodInfo ConfigMap (1 extensions) (1 enabled)
2025-01-30 18:44:52,265 INFO c.h.h.t.HelmChartContainer - [hivemq-test-hivemq-platform] [hivemq-platform-operator] [3dd68f49] 18:44:52.262 [pool-6-thread-34] DEBUG c.h.p.o.dependants.PodInfoConfigMap - [helmvolu] Desired PodInfo ConfigMap (metrics port: 9399) (metrics path: /)
2025-01-30 18:44:52,265 INFO c.h.h.t.HelmChartContainer - [hivemq-test-hivemq-platform] [hivemq-platform-operator] [3dd68f49] 18:44:52.262 [pool-6-thread-34] DEBUG c.h.p.o.dependants.PodInfoConfigMap - [helmvolu] Desired PodInfo ConfigMap (extension state hash: -1817474005)
2025-01-30 18:44:52,265 INFO c.h.h.t.HelmChartContainer - [hivemq-test-hivemq-platform] [hivemq-platform-operator] [3dd68f49] 18:44:52.262 [pool-6-thread-35] DEBUG c.h.p.o.d.PlatformServiceResource - [helmvolu] Desired Platform services (3 services)
2025-01-30 18:44:52,265 INFO c.h.h.t.HelmChartContainer - [hivemq-test-hivemq-platform] [hivemq-platform-operator] [3dd68f49] 18:44:52.263 [pool-6-thread-32] DEBUG c.h.p.o.d.PodServiceAccountResource - [helmvolu] Desired PodServiceAccountResource (serviceAccountName: hivemq-platform-pod-test-hivemq-platform)
2025-01-30 18:44:52,270 INFO c.h.h.t.HelmChartContainer - [hivemq-test-hivemq-platform] [hivemq-platform-operator] [3dd68f49] 18:44:52.269 [pool-6-thread-35] DEBUG c.h.p.o.d.StatefulSetResource - [helmvolu] Desired StatefulSet (2 replicas) for status STARTING (READY)
2025-01-30 18:44:52,273 INFO c.h.h.t.HelmChartContainer - [POD] test-hivemq-platform-1 [c76829e1-57eb-4dfb-84c5-b19c27a77399] in helmvolumeclaimtemplatesit was MODIFIED
2025-01-30 18:44:52,282 INFO c.h.h.t.HelmChartContainer - [hivemq-test-hivemq-platform] [hivemq-platform-operator] [3dd68f49] 18:44:52.280 [ReconcilerExecutor-hivemq-controller-117] INFO  c.h.p.o.HiveMQPlatformReconciler - [helmvolu] Reconciling HiveMQ Platform 'test-hivemq-platform' in namespace 'helmvolumeclaimtemplatesit'
2025-01-30 18:44:52,283 INFO c.h.h.t.HelmChartContainer - [hivemq-test-hivemq-platform] [hivemq-platform-operator] [3dd68f49] 18:44:52.282 [ReconcilerExecutor-hivemq-controller-117] DEBUG c.h.p.o.HiveMQPlatformReconciler - [helmvolu] Custom Resource Status STARTING - HiveMQ Platform is starting (READY)
2025-01-30 18:44:52,284 INFO c.h.h.t.HelmChartContainer - [hivemq-test-hivemq-platform] [hivemq-platform-operator] [3dd68f49] 18:44:52.282 [ReconcilerExecutor-hivemq-controller-117] DEBUG c.h.p.o.HiveMQPlatformReconciler - [helmvolu] Custom Resource Spec (replicas: 2) (extensions: 1)
2025-01-30 18:44:52,301 INFO c.h.h.t.HelmChartContainer - [K3S] [status_manager.go:890] "Failed to get status for pod" podUID="4d31da06-ecc8-4eb8-9aee-fecb63248a3b" pod="kube-system/helper-pod-create-pvc-e305bfe7-67fb-405a-80df-3a27856fa7c1" err="pods \"helper-pod-create-pvc-e305bfe7-67fb-405a-80df-3a27856fa7c1\" is forbidden: User \"system:node:3c74c6b68004\" cannot get resource \"pods\" in API group \"\" in the namespace \"kube-system\": no relationship found between node '3c74c6b68004' and this object"
2025-01-30 18:44:52,302 INFO c.h.h.t.HelmChartContainer - [K3S] [kubelet_volumes.go:163] "Cleaned up orphaned pod volumes dir" podUID="4d31da06-ecc8-4eb8-9aee-fecb63248a3b" path="/var/lib/kubelet/pods/4d31da06-ecc8-4eb8-9aee-fecb63248a3b/volumes"
2025-01-30 18:44:52,302 INFO c.h.h.t.HelmChartContainer - [K3S] [reconciler_common.go:251] "operationExecutor.VerifyControllerAttachedVolume started for volume \"pod-info\" (UniqueName: \"kubernetes.io/configmap/c76829e1-57eb-4dfb-84c5-b19c27a77399-pod-info\") pod \"test-hivemq-platform-1\" (UID: \"c76829e1-57eb-4dfb-84c5-b19c27a77399\") " pod="helmvolumeclaimtemplatesit/test-hivemq-platform-1"
2025-01-30 18:44:52,302 INFO c.h.h.t.HelmChartContainer - [K3S] [reconciler_common.go:251] "operationExecutor.VerifyControllerAttachedVolume started for volume \"broker-configuration\" (UniqueName: \"kubernetes.io/configmap/c76829e1-57eb-4dfb-84c5-b19c27a77399-broker-configuration\") pod \"test-hivemq-platform-1\" (UID: \"c76829e1-57eb-4dfb-84c5-b19c27a77399\") " pod="helmvolumeclaimtemplatesit/test-hivemq-platform-1"
2025-01-30 18:44:52,303 INFO c.h.h.t.HelmChartContainer - [K3S] [reconciler_common.go:251] "operationExecutor.VerifyControllerAttachedVolume started for volume \"operator-init\" (UniqueName: \"kubernetes.io/empty-dir/c76829e1-57eb-4dfb-84c5-b19c27a77399-operator-init\") pod \"test-hivemq-platform-1\" (UID: \"c76829e1-57eb-4dfb-84c5-b19c27a77399\") " pod="helmvolumeclaimtemplatesit/test-hivemq-platform-1"
2025-01-30 18:44:52,303 INFO c.h.h.t.HelmChartContainer - [K3S] [reconciler_common.go:251] "operationExecutor.VerifyControllerAttachedVolume started for volume \"pvc-e305bfe7-67fb-405a-80df-3a27856fa7c1\" (UniqueName: \"kubernetes.io/local-volume/pvc-e305bfe7-67fb-405a-80df-3a27856fa7c1\") pod \"test-hivemq-platform-1\" (UID: \"c76829e1-57eb-4dfb-84c5-b19c27a77399\") " pod="helmvolumeclaimtemplatesit/test-hivemq-platform-1"
2025-01-30 18:44:52,303 INFO c.h.h.t.HelmChartContainer - [K3S] [reconciler_common.go:251] "operationExecutor.VerifyControllerAttachedVolume started for volume \"kube-api-access-vsddf\" (UniqueName: \"kubernetes.io/projected/c76829e1-57eb-4dfb-84c5-b19c27a77399-kube-api-access-vsddf\") pod \"test-hivemq-platform-1\" (UID: \"c76829e1-57eb-4dfb-84c5-b19c27a77399\") " pod="helmvolumeclaimtemplatesit/test-hivemq-platform-1"
2025-01-30 18:44:52,337 INFO c.h.h.t.HelmChartContainer - [hivemq-test-hivemq-platform] [hivemq-platform-operator] [3dd68f49] 18:44:52.336 [ReconcilerExecutor-hivemq-controller-117] DEBUG c.h.p.o.HiveMQPlatformReconciler - [helmvolu] StatefulSet Status (revision: test-hivemq-platform-6c7bb94cbd, replicas: 2, available: 1, ready: 1, current: 2, updated: 2)
2025-01-30 18:44:52,337 INFO c.h.h.t.HelmChartContainer - [hivemq-test-hivemq-platform] [hivemq-platform-operator] [3dd68f49] 18:44:52.336 [ReconcilerExecutor-hivemq-controller-117] DEBUG c.h.p.o.HiveMQPlatformReconciler - [helmvolu] StatefulSet Spec (replicas: 2, init containers: 1, containers: 1, volumes: 4)
2025-01-30 18:44:52,339 INFO c.h.h.t.HelmChartContainer - [hivemq-test-hivemq-platform] [hivemq-platform-operator] [3dd68f49] 18:44:52.338 [ReconcilerExecutor-hivemq-controller-117] DEBUG c.h.p.o.h.HiveMQPlatformReconcilerErrorHandler - [helmvolu] Pod 'test-hivemq-platform-1' phase Pending
2025-01-30 18:44:52,340 INFO c.h.h.t.HelmChartContainer - [hivemq-test-hivemq-platform] [hivemq-platform-operator] [3dd68f49] 18:44:52.338 [ReconcilerExecutor-hivemq-controller-117] DEBUG c.h.p.o.h.HiveMQPlatformReconcilerErrorHandler - [helmvolu] Pod 'test-hivemq-platform-1' condition 'PodReadyToStartContainers': False
2025-01-30 18:44:52,340 INFO c.h.h.t.HelmChartContainer - [hivemq-test-hivemq-platform] [hivemq-platform-operator] [3dd68f49] 18:44:52.338 [ReconcilerExecutor-hivemq-controller-117] DEBUG c.h.p.o.h.HiveMQPlatformReconcilerErrorHandler - [helmvolu] Pod 'test-hivemq-platform-1' condition 'Initialized': False
2025-01-30 18:44:52,340 INFO c.h.h.t.HelmChartContainer - [hivemq-test-hivemq-platform] [hivemq-platform-operator] [3dd68f49] 18:44:52.339 [ReconcilerExecutor-hivemq-controller-117] DEBUG c.h.p.o.h.HiveMQPlatformReconcilerErrorHandler - [helmvolu] Pod 'test-hivemq-platform-1' condition 'Ready': False
2025-01-30 18:44:52,340 INFO c.h.h.t.HelmChartContainer - [hivemq-test-hivemq-platform] [hivemq-platform-operator] [3dd68f49] 18:44:52.339 [ReconcilerExecutor-hivemq-controller-117] DEBUG c.h.p.o.h.HiveMQPlatformReconcilerErrorHandler - [helmvolu] Pod 'test-hivemq-platform-1' condition 'ContainersReady': False
2025-01-30 18:44:52,340 INFO c.h.h.t.HelmChartContainer - [hivemq-test-hivemq-platform] [hivemq-platform-operator] [3dd68f49] 18:44:52.339 [ReconcilerExecutor-hivemq-controller-117] DEBUG c.h.p.o.h.HiveMQPlatformReconcilerErrorHandler - [helmvolu] Pod 'test-hivemq-platform-1' condition 'PodScheduled': True
2025-01-30 18:44:52,340 INFO c.h.h.t.HelmChartContainer - [hivemq-test-hivemq-platform] [hivemq-platform-operator] [3dd68f49] 18:44:52.339 [ReconcilerExecutor-hivemq-controller-117] DEBUG c.h.p.o.h.HiveMQPlatformReconcilerErrorHandler - [helmvolu] Pod 'test-hivemq-platform-1' containerStatus 'hivemq' (started: false) (ready: false) (waiting: [PodInitializing] null)
2025-01-30 18:44:52,347 INFO c.h.h.t.HelmChartContainer - [hivemq-test-hivemq-platform] [hivemq-platform-operator] [3dd68f49] 18:44:52.346 [ReconcilerExecutor-hivemq-controller-117] DEBUG c.h.p.o.h.HiveMQPlatformReconcilerErrorHandler - [helmvolu] Pod 'test-hivemq-platform-0' phase Running
2025-01-30 18:44:52,348 INFO c.h.h.t.HelmChartContainer - [hivemq-test-hivemq-platform] [hivemq-platform-operator] [3dd68f49] 18:44:52.347 [ReconcilerExecutor-hivemq-controller-117] INFO  c.h.p.o.h.HiveMQPlatformReconcilerBaseHandler - [helmvolu] HiveMQ Platform is starting, 1 of 2 replicas are ready
2025-01-30 18:44:52,352 INFO c.h.h.t.HelmChartContainer - [hivemq-test-hivemq-platform] [hivemq-platform-operator] [3dd68f49] 18:44:52.350 [pool-6-thread-45] DEBUG c.h.p.o.d.PlatformServiceResource - [helmvolu] Desired Platform services (3 services)
2025-01-30 18:44:52,352 INFO c.h.h.t.HelmChartContainer - [hivemq-test-hivemq-platform] [hivemq-platform-operator] [3dd68f49] 18:44:52.351 [pool-6-thread-41] DEBUG c.h.p.o.dependants.PodInfoConfigMap - [helmvolu] Desired PodInfo ConfigMap (1 extensions) (1 enabled)
2025-01-30 18:44:52,352 INFO c.h.h.t.HelmChartContainer - [hivemq-test-hivemq-platform] [hivemq-platform-operator] [3dd68f49] 18:44:52.351 [pool-6-thread-41] DEBUG c.h.p.o.dependants.PodInfoConfigMap - [helmvolu] Desired PodInfo ConfigMap (metrics port: 9399) (metrics path: /)
2025-01-30 18:44:52,352 INFO c.h.h.t.HelmChartContainer - [hivemq-test-hivemq-platform] [hivemq-platform-operator] [3dd68f49] 18:44:52.351 [pool-6-thread-41] DEBUG c.h.p.o.dependants.PodInfoConfigMap - [helmvolu] Desired PodInfo ConfigMap (extension state hash: -1817474005)
2025-01-30 18:44:52,354 INFO c.h.h.t.HelmChartContainer - [hivemq-test-hivemq-platform] [hivemq-platform-operator] [3dd68f49] 18:44:52.353 [pool-6-thread-47] DEBUG c.h.p.o.d.PodServiceAccountResource - [helmvolu] Desired PodServiceAccountResource (serviceAccountName: hivemq-platform-pod-test-hivemq-platform)
2025-01-30 18:44:52,379 INFO c.h.h.t.HelmChartContainer - [hivemq-test-hivemq-platform] [hivemq-platform-operator] [3dd68f49] 18:44:52.378 [pool-6-thread-45] DEBUG c.h.p.o.d.StatefulSetResource - [helmvolu] Desired StatefulSet (2 replicas) for status STARTING (READY)
2025-01-30 18:44:52,438 INFO c.h.h.t.HelmChartContainer - [hivemq-test-hivemq-platform] [hivemq-platform-operator] [3dd68f49] 18:44:52.436 [ReconcilerExecutor-hivemq-controller-118] INFO  c.h.p.o.HiveMQPlatformReconciler - [helmvolu] Reconciling HiveMQ Platform 'test-hivemq-platform' in namespace 'helmvolumeclaimtemplatesit'
2025-01-30 18:44:52,438 INFO c.h.h.t.HelmChartContainer - [hivemq-test-hivemq-platform] [hivemq-platform-operator] [3dd68f49] 18:44:52.436 [ReconcilerExecutor-hivemq-controller-118] DEBUG c.h.p.o.HiveMQPlatformReconciler - [helmvolu] Custom Resource Status STARTING - HiveMQ Platform is starting (READY)
2025-01-30 18:44:52,438 INFO c.h.h.t.HelmChartContainer - [hivemq-test-hivemq-platform] [hivemq-platform-operator] [3dd68f49] 18:44:52.436 [ReconcilerExecutor-hivemq-controller-118] DEBUG c.h.p.o.HiveMQPlatformReconciler - [helmvolu] Custom Resource Spec (replicas: 2) (extensions: 1)
2025-01-30 18:44:52,439 INFO c.h.h.t.HelmChartContainer - [hivemq-test-hivemq-platform] [hivemq-platform-operator] [3dd68f49] 18:44:52.438 [ReconcilerExecutor-hivemq-controller-118] DEBUG c.h.p.o.HiveMQPlatformReconciler - [helmvolu] StatefulSet Status (revision: test-hivemq-platform-6c7bb94cbd, replicas: 2, available: 1, ready: 1, current: 2, updated: 2)
2025-01-30 18:44:52,439 INFO c.h.h.t.HelmChartContainer - [hivemq-test-hivemq-platform] [hivemq-platform-operator] [3dd68f49] 18:44:52.438 [ReconcilerExecutor-hivemq-controller-118] DEBUG c.h.p.o.HiveMQPlatformReconciler - [helmvolu] StatefulSet Spec (replicas: 2, init containers: 1, containers: 1, volumes: 4)
2025-01-30 18:44:52,442 INFO c.h.h.t.HelmChartContainer - [hivemq-test-hivemq-platform] [hivemq-platform-operator] [3dd68f49] 18:44:52.442 [ReconcilerExecutor-hivemq-controller-118] DEBUG c.h.p.o.h.HiveMQPlatformReconcilerErrorHandler - [helmvolu] Pod 'test-hivemq-platform-1' phase Pending
2025-01-30 18:44:52,443 INFO c.h.h.t.HelmChartContainer - [hivemq-test-hivemq-platform] [hivemq-platform-operator] [3dd68f49] 18:44:52.442 [ReconcilerExecutor-hivemq-controller-118] DEBUG c.h.p.o.h.HiveMQPlatformReconcilerErrorHandler - [helmvolu] Pod 'test-hivemq-platform-1' condition 'PodReadyToStartContainers': False
2025-01-30 18:44:52,443 INFO c.h.h.t.HelmChartContainer - [hivemq-test-hivemq-platform] [hivemq-platform-operator] [3dd68f49] 18:44:52.442 [ReconcilerExecutor-hivemq-controller-118] DEBUG c.h.p.o.h.HiveMQPlatformReconcilerErrorHandler - [helmvolu] Pod 'test-hivemq-platform-1' condition 'Initialized': False
2025-01-30 18:44:52,443 INFO c.h.h.t.HelmChartContainer - [hivemq-test-hivemq-platform] [hivemq-platform-operator] [3dd68f49] 18:44:52.442 [ReconcilerExecutor-hivemq-controller-118] DEBUG c.h.p.o.h.HiveMQPlatformReconcilerErrorHandler - [helmvolu] Pod 'test-hivemq-platform-1' condition 'Ready': False
2025-01-30 18:44:52,443 INFO c.h.h.t.HelmChartContainer - [hivemq-test-hivemq-platform] [hivemq-platform-operator] [3dd68f49] 18:44:52.442 [ReconcilerExecutor-hivemq-controller-118] DEBUG c.h.p.o.h.HiveMQPlatformReconcilerErrorHandler - [helmvolu] Pod 'test-hivemq-platform-1' condition 'ContainersReady': False
2025-01-30 18:44:52,443 INFO c.h.h.t.HelmChartContainer - [hivemq-test-hivemq-platform] [hivemq-platform-operator] [3dd68f49] 18:44:52.442 [ReconcilerExecutor-hivemq-controller-118] DEBUG c.h.p.o.h.HiveMQPlatformReconcilerErrorHandler - [helmvolu] Pod 'test-hivemq-platform-1' condition 'PodScheduled': True
2025-01-30 18:44:52,443 INFO c.h.h.t.HelmChartContainer - [hivemq-test-hivemq-platform] [hivemq-platform-operator] [3dd68f49] 18:44:52.442 [ReconcilerExecutor-hivemq-controller-118] DEBUG c.h.p.o.h.HiveMQPlatformReconcilerErrorHandler - [helmvolu] Pod 'test-hivemq-platform-1' containerStatus 'hivemq' (started: false) (ready: false) (waiting: [PodInitializing] null)
2025-01-30 18:44:52,445 INFO c.h.h.t.HelmChartContainer - [hivemq-test-hivemq-platform] [hivemq-platform-operator] [3dd68f49] 18:44:52.444 [ReconcilerExecutor-hivemq-controller-118] DEBUG c.h.p.o.h.HiveMQPlatformReconcilerErrorHandler - [helmvolu] Pod 'test-hivemq-platform-0' phase Running
2025-01-30 18:44:52,445 INFO c.h.h.t.HelmChartContainer - [hivemq-test-hivemq-platform] [hivemq-platform-operator] [3dd68f49] 18:44:52.445 [ReconcilerExecutor-hivemq-controller-118] INFO  c.h.p.o.h.HiveMQPlatformReconcilerBaseHandler - [helmvolu] HiveMQ Platform is starting, 1 of 2 replicas are ready
2025-01-30 18:44:52,646 INFO c.h.h.t.HelmChartContainer - [EVENT] Normal [Pulled] Container image "docker.io/hivemq/hivemq-platform-operator-init-test:snapshot" already present on machine [helmvolumeclaimtemplatesit:test-hivemq-platform-1]
2025-01-30 18:44:52,654 INFO c.h.h.t.HelmChartContainer - [EVENT] Normal [Created] Created container: hivemq-platform-operator-init [helmvolumeclaimtemplatesit:test-hivemq-platform-1]
2025-01-30 18:44:52,694 INFO c.h.h.t.HelmChartContainer - [EVENT] Normal [Started] Started container hivemq-platform-operator-init [helmvolumeclaimtemplatesit:test-hivemq-platform-1]
2025-01-30 18:44:53,664 INFO c.h.h.t.HelmChartContainer - [EVENT] Normal [Pulled] Container image "docker.io/hivemq/hivemq4:4.36.0" already present on machine [helmvolumeclaimtemplatesit:test-hivemq-platform-1]
2025-01-30 18:44:53,664 INFO c.h.h.t.HelmChartContainer - Received Pulled event for container hivemq in pod test-hivemq-platform-1 [c76829e1-57eb-4dfb-84c5-b19c27a77399]
2025-01-30 18:44:53,674 INFO c.h.h.t.HelmChartContainer - [POD] test-hivemq-platform-1 [c76829e1-57eb-4dfb-84c5-b19c27a77399] in helmvolumeclaimtemplatesit was MODIFIED
2025-01-30 18:44:53,695 INFO c.h.h.t.HelmChartContainer - [hivemq-test-hivemq-platform] [hivemq-platform-operator] [3dd68f49] 18:44:53.690 [pool-6-thread-3] DEBUG c.h.p.o.dependants.PodInfoConfigMap - [helmvolu] Desired PodInfo ConfigMap (1 extensions) (1 enabled)
2025-01-30 18:44:53,695 INFO c.h.h.t.HelmChartContainer - [hivemq-test-hivemq-platform] [hivemq-platform-operator] [3dd68f49] 18:44:53.691 [pool-6-thread-3] DEBUG c.h.p.o.dependants.PodInfoConfigMap - [helmvolu] Desired PodInfo ConfigMap (metrics port: 9399) (metrics path: /)
2025-01-30 18:44:53,695 INFO c.h.h.t.HelmChartContainer - [hivemq-test-hivemq-platform] [hivemq-platform-operator] [3dd68f49] 18:44:53.691 [pool-6-thread-3] DEBUG c.h.p.o.dependants.PodInfoConfigMap - [helmvolu] Desired PodInfo ConfigMap (extension state hash: -1817474005)
2025-01-30 18:44:53,695 INFO c.h.h.t.HelmChartContainer - [hivemq-test-hivemq-platform] [hivemq-platform-operator] [3dd68f49] 18:44:53.692 [pool-6-thread-3] DEBUG c.h.p.o.d.PodServiceAccountResource - [helmvolu] Desired PodServiceAccountResource (serviceAccountName: hivemq-platform-pod-test-hivemq-platform)
2025-01-30 18:44:53,708 INFO c.h.h.t.HelmChartContainer - [EVENT] Normal [Created] Created container: hivemq [helmvolumeclaimtemplatesit:test-hivemq-platform-1]
2025-01-30 18:44:53,708 INFO c.h.h.t.HelmChartContainer - Received Created event for container hivemq in pod test-hivemq-platform-1 [c76829e1-57eb-4dfb-84c5-b19c27a77399]
2025-01-30 18:44:53,717 INFO c.h.h.t.HelmChartContainer - [hivemq-test-hivemq-platform] [hivemq-platform-operator] [3dd68f49] 18:44:53.695 [pool-6-thread-2] DEBUG c.h.p.o.d.PlatformServiceResource - [helmvolu] Desired Platform services (3 services)
2025-01-30 18:44:53,717 INFO c.h.h.t.HelmChartContainer - [hivemq-test-hivemq-platform] [hivemq-platform-operator] [3dd68f49] 18:44:53.712 [pool-6-thread-2] DEBUG c.h.p.o.d.StatefulSetResource - [helmvolu] Desired StatefulSet (2 replicas) for status STARTING (READY)
2025-01-30 18:44:53,732 INFO c.h.h.t.HelmChartContainer - [hivemq-test-hivemq-platform] [hivemq-platform-operator] [3dd68f49] 18:44:53.728 [ReconcilerExecutor-hivemq-controller-119] INFO  c.h.p.o.HiveMQPlatformReconciler - [helmvolu] Reconciling HiveMQ Platform 'test-hivemq-platform' in namespace 'helmvolumeclaimtemplatesit'
2025-01-30 18:44:53,733 INFO c.h.h.t.HelmChartContainer - [hivemq-test-hivemq-platform] [hivemq-platform-operator] [3dd68f49] 18:44:53.728 [ReconcilerExecutor-hivemq-controller-119] DEBUG c.h.p.o.HiveMQPlatformReconciler - [helmvolu] Custom Resource Status STARTING - HiveMQ Platform is starting (READY)
2025-01-30 18:44:53,733 INFO c.h.h.t.HelmChartContainer - [hivemq-test-hivemq-platform] [hivemq-platform-operator] [3dd68f49] 18:44:53.728 [ReconcilerExecutor-hivemq-controller-119] DEBUG c.h.p.o.HiveMQPlatformReconciler - [helmvolu] Custom Resource Spec (replicas: 2) (extensions: 1)
2025-01-30 18:44:53,739 INFO c.h.h.t.HelmChartContainer - [hivemq-test-hivemq-platform] [hivemq-platform-operator] [3dd68f49] 18:44:53.732 [ReconcilerExecutor-hivemq-controller-119] DEBUG c.h.p.o.HiveMQPlatformReconciler - [helmvolu] StatefulSet Status (revision: test-hivemq-platform-6c7bb94cbd, replicas: 2, available: 1, ready: 1, current: 2, updated: 2)
2025-01-30 18:44:53,739 INFO c.h.h.t.HelmChartContainer - [hivemq-test-hivemq-platform] [hivemq-platform-operator] [3dd68f49] 18:44:53.733 [ReconcilerExecutor-hivemq-controller-119] DEBUG c.h.p.o.HiveMQPlatformReconciler - [helmvolu] StatefulSet Spec (replicas: 2, init containers: 1, containers: 1, volumes: 4)
2025-01-30 18:44:53,739 INFO c.h.h.t.HelmChartContainer - [hivemq-test-hivemq-platform] [hivemq-platform-operator] [3dd68f49] 18:44:53.735 [ReconcilerExecutor-hivemq-controller-119] DEBUG c.h.p.o.h.HiveMQPlatformReconcilerErrorHandler - [helmvolu] Pod 'test-hivemq-platform-1' phase Pending
2025-01-30 18:44:53,741 INFO c.h.h.t.HelmChartContainer - [hivemq-test-hivemq-platform] [hivemq-platform-operator] [3dd68f49] 18:44:53.736 [ReconcilerExecutor-hivemq-controller-119] DEBUG c.h.p.o.h.HiveMQPlatformReconcilerErrorHandler - [helmvolu] Pod 'test-hivemq-platform-1' condition 'PodReadyToStartContainers': True
2025-01-30 18:44:53,741 INFO c.h.h.t.HelmChartContainer - [hivemq-test-hivemq-platform] [hivemq-platform-operator] [3dd68f49] 18:44:53.736 [ReconcilerExecutor-hivemq-controller-119] DEBUG c.h.p.o.h.HiveMQPlatformReconcilerErrorHandler - [helmvolu] Pod 'test-hivemq-platform-1' condition 'Initialized': True
2025-01-30 18:44:53,741 INFO c.h.h.t.HelmChartContainer - [hivemq-test-hivemq-platform] [hivemq-platform-operator] [3dd68f49] 18:44:53.736 [ReconcilerExecutor-hivemq-controller-119] DEBUG c.h.p.o.h.HiveMQPlatformReconcilerErrorHandler - [helmvolu] Pod 'test-hivemq-platform-1' condition 'Ready': False
2025-01-30 18:44:53,741 INFO c.h.h.t.HelmChartContainer - [hivemq-test-hivemq-platform] [hivemq-platform-operator] [3dd68f49] 18:44:53.736 [ReconcilerExecutor-hivemq-controller-119] DEBUG c.h.p.o.h.HiveMQPlatformReconcilerErrorHandler - [helmvolu] Pod 'test-hivemq-platform-1' condition 'ContainersReady': False
2025-01-30 18:44:53,741 INFO c.h.h.t.HelmChartContainer - [hivemq-test-hivemq-platform] [hivemq-platform-operator] [3dd68f49] 18:44:53.736 [ReconcilerExecutor-hivemq-controller-119] DEBUG c.h.p.o.h.HiveMQPlatformReconcilerErrorHandler - [helmvolu] Pod 'test-hivemq-platform-1' condition 'PodScheduled': True
2025-01-30 18:44:53,741 INFO c.h.h.t.HelmChartContainer - [hivemq-test-hivemq-platform] [hivemq-platform-operator] [3dd68f49] 18:44:53.736 [ReconcilerExecutor-hivemq-controller-119] DEBUG c.h.p.o.h.HiveMQPlatformReconcilerErrorHandler - [helmvolu] Pod 'test-hivemq-platform-1' containerStatus 'hivemq' (started: false) (ready: false) (waiting: [PodInitializing] null)
2025-01-30 18:44:53,778 INFO c.h.h.t.HelmChartContainer - [hivemq-test-hivemq-platform] [hivemq-platform-operator] [3dd68f49] 18:44:53.776 [ReconcilerExecutor-hivemq-controller-119] DEBUG c.h.p.o.h.HiveMQPlatformReconcilerErrorHandler - [helmvolu] Pod 'test-hivemq-platform-0' phase Running
2025-01-30 18:44:53,778 INFO c.h.h.t.HelmChartContainer - [hivemq-test-hivemq-platform] [hivemq-platform-operator] [3dd68f49] 18:44:53.777 [ReconcilerExecutor-hivemq-controller-119] INFO  c.h.p.o.h.HiveMQPlatformReconcilerBaseHandler - [helmvolu] HiveMQ Platform is starting, 1 of 2 replicas are ready
2025-01-30 18:44:54,672 INFO c.h.h.t.HelmChartContainer - [POD] test-hivemq-platform-1 [c76829e1-57eb-4dfb-84c5-b19c27a77399] in helmvolumeclaimtemplatesit was MODIFIED
2025-01-30 18:44:54,685 INFO c.h.h.t.HelmChartContainer - [EVENT] Normal [Started] Started container hivemq [helmvolumeclaimtemplatesit:test-hivemq-platform-1]
2025-01-30 18:44:54,685 INFO c.h.h.t.HelmChartContainer - Received Started event for container hivemq in pod test-hivemq-platform-1 [c76829e1-57eb-4dfb-84c5-b19c27a77399]
2025-01-30 18:44:54,685 INFO c.h.h.t.HelmChartContainer - Started log watcher for hivemq in pod test-hivemq-platform-1 [c76829e1-57eb-4dfb-84c5-b19c27a77399]
2025-01-30 18:44:54,685 INFO c.h.h.t.HelmChartContainer - [test-hivemq-platform] [hivemq] [c76829e1] Adding pre-installed HiveMQ Platform Operator extensions
2025-01-30 18:44:54,685 INFO c.h.h.t.HelmChartContainer - [test-hivemq-platform] [hivemq] [c76829e1] Running as user 10000
2025-01-30 18:44:54,685 INFO c.h.h.t.HelmChartContainer - [test-hivemq-platform] [hivemq] [c76829e1] Starting HiveMQ Platform Operator Init
2025-01-30 18:44:54,695 INFO c.h.h.t.HelmChartContainer - [hivemq-test-hivemq-platform] [hivemq-platform-operator] [3dd68f49] 18:44:54.693 [pool-6-thread-17] DEBUG c.h.p.o.d.PlatformServiceResource - [helmvolu] Desired Platform services (3 services)
2025-01-30 18:44:54,696 INFO c.h.h.t.HelmChartContainer - [hivemq-test-hivemq-platform] [hivemq-platform-operator] [3dd68f49] 18:44:54.695 [pool-6-thread-19] DEBUG c.h.p.o.dependants.PodInfoConfigMap - [helmvolu] Desired PodInfo ConfigMap (1 extensions) (1 enabled)
2025-01-30 18:44:54,698 INFO c.h.h.t.HelmChartContainer - [hivemq-test-hivemq-platform] [hivemq-platform-operator] [3dd68f49] 18:44:54.697 [pool-6-thread-19] DEBUG c.h.p.o.dependants.PodInfoConfigMap - [helmvolu] Desired PodInfo ConfigMap (metrics port: 9399) (metrics path: /)
2025-01-30 18:44:54,698 INFO c.h.h.t.HelmChartContainer - [hivemq-test-hivemq-platform] [hivemq-platform-operator] [3dd68f49] 18:44:54.697 [pool-6-thread-19] DEBUG c.h.p.o.dependants.PodInfoConfigMap - [helmvolu] Desired PodInfo ConfigMap (extension state hash: -1817474005)
2025-01-30 18:44:54,700 INFO c.h.h.t.HelmChartContainer - [hivemq-test-hivemq-platform] [hivemq-platform-operator] [3dd68f49] 18:44:54.698 [pool-6-thread-12] DEBUG c.h.p.o.d.PodServiceAccountResource - [helmvolu] Desired PodServiceAccountResource (serviceAccountName: hivemq-platform-pod-test-hivemq-platform)
2025-01-30 18:44:54,704 INFO c.h.h.t.HelmChartContainer - [hivemq-test-hivemq-platform] [hivemq-platform-operator] [3dd68f49] 18:44:54.703 [pool-6-thread-15] DEBUG c.h.p.o.d.StatefulSetResource - [helmvolu] Desired StatefulSet (2 replicas) for status STARTING (READY)
2025-01-30 18:44:54,709 INFO c.h.h.t.HelmChartContainer - [hivemq-test-hivemq-platform] [hivemq-platform-operator] [3dd68f49] 18:44:54.708 [ReconcilerExecutor-hivemq-controller-120] INFO  c.h.p.o.HiveMQPlatformReconciler - [helmvolu] Reconciling HiveMQ Platform 'test-hivemq-platform' in namespace 'helmvolumeclaimtemplatesit'
2025-01-30 18:44:54,710 INFO c.h.h.t.HelmChartContainer - [hivemq-test-hivemq-platform] [hivemq-platform-operator] [3dd68f49] 18:44:54.709 [ReconcilerExecutor-hivemq-controller-120] DEBUG c.h.p.o.HiveMQPlatformReconciler - [helmvolu] Custom Resource Status STARTING - HiveMQ Platform is starting (READY)
2025-01-30 18:44:54,710 INFO c.h.h.t.HelmChartContainer - [hivemq-test-hivemq-platform] [hivemq-platform-operator] [3dd68f49] 18:44:54.709 [ReconcilerExecutor-hivemq-controller-120] DEBUG c.h.p.o.HiveMQPlatformReconciler - [helmvolu] Custom Resource Spec (replicas: 2) (extensions: 1)
2025-01-30 18:44:54,737 INFO c.h.h.t.HelmChartContainer - [hivemq-test-hivemq-platform] [hivemq-platform-operator] [3dd68f49] 18:44:54.733 [ReconcilerExecutor-hivemq-controller-120] DEBUG c.h.p.o.HiveMQPlatformReconciler - [helmvolu] StatefulSet Status (revision: test-hivemq-platform-6c7bb94cbd, replicas: 2, available: 1, ready: 1, current: 2, updated: 2)
2025-01-30 18:44:54,737 INFO c.h.h.t.HelmChartContainer - [hivemq-test-hivemq-platform] [hivemq-platform-operator] [3dd68f49] 18:44:54.734 [ReconcilerExecutor-hivemq-controller-120] DEBUG c.h.p.o.HiveMQPlatformReconciler - [helmvolu] StatefulSet Spec (replicas: 2, init containers: 1, containers: 1, volumes: 4)
2025-01-30 18:44:54,738 INFO c.h.h.t.HelmChartContainer - [hivemq-test-hivemq-platform] [hivemq-platform-operator] [3dd68f49] 18:44:54.736 [ReconcilerExecutor-hivemq-controller-120] DEBUG c.h.p.o.h.HiveMQPlatformReconcilerErrorHandler - [helmvolu] Pod 'test-hivemq-platform-1' phase Running
2025-01-30 18:44:54,740 INFO c.h.h.t.HelmChartContainer - [hivemq-test-hivemq-platform] [hivemq-platform-operator] [3dd68f49] 18:44:54.739 [ReconcilerExecutor-hivemq-controller-120] DEBUG c.h.p.o.h.HiveMQPlatformReconcilerErrorHandler - [helmvolu] Pod 'test-hivemq-platform-0' phase Running
2025-01-30 18:44:54,776 INFO c.h.h.t.HelmChartContainer - [hivemq-test-hivemq-platform] [hivemq-platform-operator] [3dd68f49] 18:44:54.775 [ReconcilerExecutor-hivemq-controller-120] INFO  c.h.p.o.h.HiveMQPlatformReconcilerBaseHandler - [helmvolu] HiveMQ Platform is starting, 1 of 2 replicas are ready
2025-01-30 18:44:55,034 INFO c.h.h.t.HelmChartContainer - [test-hivemq-platform] [hivemq] [c76829e1] INFO  - [HiveMQ Platform Operator Init 1.7.0-SNAPSHOT] HiveMQ Platform Operator Init 1.7.0-SNAPSHOT (commit: 47e3375 on branch: HEAD) built on Thu Jan 30 03:55:50 UTC 2025
2025-01-30 18:44:56,134 INFO c.h.h.t.HelmChartContainer - [test-hivemq-platform] [hivemq] [c76829e1] INFO  - [HiveMQ Platform Operator Init App 1.7.0-SNAPSHOT] Using bind address 10.42.0.11 from environment variable
2025-01-30 18:44:57,083 INFO c.h.h.t.HelmChartContainer - [test-hivemq-platform] [hivemq] [c76829e1] INFO  - [HiveMQ Platform Operator Init App 1.7.0-SNAPSHOT] HiveMQ Platform Operator Init App 1.7.0-SNAPSHOT (commit: 47e3375 on branch: HEAD) built on Thu Jan 30 03:55:50 UTC 2025
2025-01-30 18:44:57,083 INFO c.h.h.t.HelmChartContainer - [test-hivemq-platform] [hivemq] [c76829e1] INFO  - [HiveMQ Platform Operator Init App 1.7.0-SNAPSHOT] PodInfo ConfigMap directory: /etc/podinfo
2025-01-30 18:44:57,083 INFO c.h.h.t.HelmChartContainer - [test-hivemq-platform] [hivemq] [c76829e1] INFO  - [HiveMQ Platform Operator Init App 1.7.0-SNAPSHOT] HiveMQ home directory: /opt/hivemq
2025-01-30 18:44:57,083 INFO c.h.h.t.HelmChartContainer - [test-hivemq-platform] [hivemq] [c76829e1] INFO  - [HiveMQ Platform Operator Init App 1.7.0-SNAPSHOT] HiveMQ Logback folder: /opt/hivemq/conf
2025-01-30 18:44:57,084 INFO c.h.h.t.HelmChartContainer - [test-hivemq-platform] [hivemq] [c76829e1] INFO  - [HiveMQ Platform Operator Init App 1.7.0-SNAPSHOT] HiveMQ Config folder: /opt/hivemq/conf-k8s
2025-01-30 18:44:57,084 INFO c.h.h.t.HelmChartContainer - [test-hivemq-platform] [hivemq] [c76829e1] INFO  - [HiveMQ Platform Operator Init App 1.7.0-SNAPSHOT] Starting HiveMQ Platform Operator Init App
2025-01-30 18:44:57,084 INFO c.h.h.t.HelmChartContainer - [test-hivemq-platform] [hivemq] [c76829e1] INFO  - [HiveMQ Platform Operator Init App 1.7.0-SNAPSHOT] Starting Pod reconciler
2025-01-30 18:44:58,258 INFO c.h.h.t.HelmChartContainer - [test-hivemq-platform] [hivemq] [c76829e1] INFO  - [HiveMQ Platform Operator Init App 1.7.0-SNAPSHOT] Pod reconciler is scheduled (interval: 5000 ms)
2025-01-30 18:44:58,260 INFO c.h.h.t.HelmChartContainer - [test-hivemq-platform] [hivemq] [c76829e1] INFO  - [HiveMQ Platform Operator Init App 1.7.0-SNAPSHOT] Starting the REST API on 10.42.0.11:7979
2025-01-30 18:44:58,283 INFO c.h.h.t.HelmChartContainer - [test-hivemq-platform] [hivemq] [c76829e1] INFO  - [HiveMQ Platform Operator Init App 1.7.0-SNAPSHOT] Waiting up to 600s for at most 2 HiveMQ nodes in cluster service hivemq-test-hivemq-platform-cluster.helmvolumeclaimtemplatesit.svc
2025-01-30 18:44:58,784 INFO c.h.h.t.HelmChartContainer - [test-hivemq-platform] [hivemq] [c76829e1] INFO  - [HiveMQ Platform Operator Init App 1.7.0-SNAPSHOT] Resolved 2 IP addresses: [10.42.0.11, 10.42.0.9]
2025-01-30 18:44:58,784 INFO c.h.h.t.HelmChartContainer - [test-hivemq-platform] [hivemq] [c76829e1] INFO  - [HiveMQ Platform Operator Init App 1.7.0-SNAPSHOT] HiveMQ node count of 2 is within threshold of 2
2025-01-30 18:44:58,784 INFO c.h.h.t.HelmChartContainer - [test-hivemq-platform] [hivemq] [c76829e1] INFO  - [HiveMQ Platform Operator Init App 1.7.0-SNAPSHOT] Proceeding with container start
2025-01-30 18:44:58,935 INFO c.h.h.t.HelmChartContainer - [test-hivemq-platform] [hivemq] [c76829e1] INFO  - [HiveMQ Platform Operator Init App 1.7.0-SNAPSHOT] Initializing HiveMQ Platform extensions with initial configuration: {hivemq-allow-all-extension={start-priority=-1, skip-https-hostname-verification=false, restart=true, config-version=0, header-version=0, c-uri=, priority=-1, uri=preinstalled, skip-https-certificate-validation=false, enabled=true}, hivemq-prometheus-extension={restart=true, enabled=true, request-header-path=no-request-headers, uri=preinstalled, skip-https-certificate-validation=false, skip-https-hostname-verification=false, c-uri=, start-priority=-1, priority=-1}}
2025-01-30 18:44:59,490 INFO c.h.h.t.HelmChartContainer - [test-hivemq-platform] [hivemq] [c76829e1] INFO  - [HiveMQ Platform Operator Init App 1.7.0-SNAPSHOT] Extension hivemq-allow-all-extension was already enabled
2025-01-30 18:44:59,543 INFO c.h.h.t.HelmChartContainer - [test-hivemq-platform] [hivemq] [c76829e1] INFO  - [HiveMQ Platform Operator Init App 1.7.0-SNAPSHOT] Successfully enabled extension hivemq-prometheus-extension
2025-01-30 18:44:59,544 INFO c.h.h.t.HelmChartContainer - [test-hivemq-platform] [hivemq] [c76829e1] INFO  - [HiveMQ Platform Operator Init App 1.7.0-SNAPSHOT] Starting HiveMQ Platform version 4.36.0 (4.36.0)
2025-01-30 18:44:59,544 INFO c.h.h.t.HelmChartContainer - [test-hivemq-platform] [hivemq] [c76829e1] INFO  - [HiveMQ Platform Operator Init App 1.7.0-SNAPSHOT] Configuring the HiveMQ Platform
2025-01-30 18:44:59,639 INFO c.h.h.t.HelmChartContainer - [test-hivemq-platform] [hivemq] [c76829e1] INFO  - [HiveMQ Platform Operator Init App 1.7.0-SNAPSHOT] Changed logback.xml file scan period to 20 seconds
2025-01-30 18:44:59,688 INFO c.h.h.t.HelmChartContainer - [test-hivemq-platform] [hivemq] [c76829e1] INFO  - [HiveMQ Platform Operator Init App 1.7.0-SNAPSHOT] Starting the HiveMQ Platform
2025-01-30 18:44:59,691 INFO c.h.h.t.HelmChartContainer - [test-hivemq-platform] [hivemq] [c76829e1] -------------------------------------------------------------------------
2025-01-30 18:44:59,691 INFO c.h.h.t.HelmChartContainer - [test-hivemq-platform] [hivemq] [c76829e1] 
2025-01-30 18:44:59,691 INFO c.h.h.t.HelmChartContainer - [test-hivemq-platform] [hivemq] [c76829e1]                   _    _  _              __  __   ____
2025-01-30 18:44:59,691 INFO c.h.h.t.HelmChartContainer - [test-hivemq-platform] [hivemq] [c76829e1]                  | |  | |(_)            |  \/  | / __ \
2025-01-30 18:44:59,691 INFO c.h.h.t.HelmChartContainer - [test-hivemq-platform] [hivemq] [c76829e1]                  | |__| | _ __   __ ___ | \  / || |  | |
2025-01-30 18:44:59,691 INFO c.h.h.t.HelmChartContainer - [test-hivemq-platform] [hivemq] [c76829e1]                  |  __  || |\ \ / // _ \| |\/| || |  | |
2025-01-30 18:44:59,691 INFO c.h.h.t.HelmChartContainer - [test-hivemq-platform] [hivemq] [c76829e1]                  | |  | || | \ V /|  __/| |  | || |__| |
2025-01-30 18:44:59,691 INFO c.h.h.t.HelmChartContainer - [test-hivemq-platform] [hivemq] [c76829e1]                  |_|  |_||_|  \_/  \___||_|  |_| \___\_\
2025-01-30 18:44:59,691 INFO c.h.h.t.HelmChartContainer - [test-hivemq-platform] [hivemq] [c76829e1] 
2025-01-30 18:44:59,691 INFO c.h.h.t.HelmChartContainer - [test-hivemq-platform] [hivemq] [c76829e1] -------------------------------------------------------------------------
2025-01-30 18:44:59,691 INFO c.h.h.t.HelmChartContainer - [test-hivemq-platform] [hivemq] [c76829e1] 
2025-01-30 18:44:59,691 INFO c.h.h.t.HelmChartContainer - [test-hivemq-platform] [hivemq] [c76829e1]   HiveMQ Start Script for Linux/Unix v1.14
2025-01-30 18:44:59,691 INFO c.h.h.t.HelmChartContainer - [test-hivemq-platform] [hivemq] [c76829e1] 
2025-01-30 18:44:59,785 INFO c.h.h.t.HelmChartContainer - [test-hivemq-platform] [hivemq] [c76829e1] -------------------------------------------------------------------------
2025-01-30 18:44:59,785 INFO c.h.h.t.HelmChartContainer - [test-hivemq-platform] [hivemq] [c76829e1] 
2025-01-30 18:44:59,785 INFO c.h.h.t.HelmChartContainer - [test-hivemq-platform] [hivemq] [c76829e1]   HIVEMQ_HOME: /opt/hivemq
2025-01-30 18:44:59,785 INFO c.h.h.t.HelmChartContainer - [test-hivemq-platform] [hivemq] [c76829e1] 
2025-01-30 18:44:59,785 INFO c.h.h.t.HelmChartContainer - [test-hivemq-platform] [hivemq] [c76829e1]   JAVA_OPTS: -XX:+UnlockExperimentalVMOptions -XX:InitialRAMPercentage=50 -XX:MaxRAMPercentage=50 -Djava.net.preferIPv4Stack=true --add-opens java.base/java.lang=ALL-UNNAMED --add-opens java.base/java.nio=ALL-UNNAMED --add-opens java.base/sun.nio.ch=ALL-UNNAMED --add-opens jdk.management/com.sun.management.internal=ALL-UNNAMED --add-exports java.base/jdk.internal.misc=ALL-UNNAMED -Djava.security.egd=file:/dev/./urandom -Dcom.sun.management.jmxremote -Dcom.sun.management.jmxremote.port=9010 -Dcom.sun.management.jmxremote.local.only=false -Dcom.sun.management.jmxremote.authenticate=false -Dcom.sun.management.jmxremote.ssl=false -Duser.language=en -Duser.region=US -XX:+CrashOnOutOfMemoryError -XX:+HeapDumpOnOutOfMemoryError
2025-01-30 18:44:59,785 INFO c.h.h.t.HelmChartContainer - [test-hivemq-platform] [hivemq] [c76829e1] 
2025-01-30 18:44:59,785 INFO c.h.h.t.HelmChartContainer - [test-hivemq-platform] [hivemq] [c76829e1]   JAVA_VERSION: 21
2025-01-30 18:44:59,785 INFO c.h.h.t.HelmChartContainer - [test-hivemq-platform] [hivemq] [c76829e1] 
2025-01-30 18:44:59,785 INFO c.h.h.t.HelmChartContainer - [test-hivemq-platform] [hivemq] [c76829e1] -------------------------------------------------------------------------
2025-01-30 18:44:59,786 INFO c.h.h.t.HelmChartContainer - [test-hivemq-platform] [hivemq] [c76829e1] 
2025-01-30 18:45:00,739 INFO c.h.h.t.HelmChartContainer - [test-hivemq-platform] [hivemq] [c76829e1] INFO  - [HiveMQ Platform Operator Init App 1.7.0-SNAPSHOT] Returning default Health API response 503 for readiness
2025-01-30 18:45:01,138 INFO c.h.h.t.HelmChartContainer - [EVENT] Warning [Unhealthy] Readiness probe failed: HTTP probe failed with statuscode: 503 [helmvolumeclaimtemplatesit:test-hivemq-platform-1]
2025-01-30 18:45:01,138 INFO c.h.h.t.HelmChartContainer - Received Unhealthy event for container hivemq in pod test-hivemq-platform-1 [c76829e1-57eb-4dfb-84c5-b19c27a77399]
2025-01-30 18:45:02,489 INFO c.h.h.t.HelmChartContainer - [test-hivemq-platform] [hivemq] [c76829e1] INFO  - Starting HiveMQ Enterprise Server
2025-01-30 18:45:02,538 INFO c.h.h.t.HelmChartContainer - [test-hivemq-platform] [hivemq] [c76829e1] INFO  - HiveMQ version: 4.36.0
2025-01-30 18:45:02,538 INFO c.h.h.t.HelmChartContainer - [test-hivemq-platform] [hivemq] [c76829e1] INFO  - HiveMQ home directory: /opt/hivemq
2025-01-30 18:45:02,538 INFO c.h.h.t.HelmChartContainer - [test-hivemq-platform] [hivemq] [c76829e1] INFO  - Log Configuration was overridden by /opt/hivemq/conf/logback.xml
2025-01-30 18:45:04,236 INFO c.h.h.t.HelmChartContainer - [test-hivemq-platform] [hivemq] [c76829e1] INFO  - Successfully loaded configuration from '/opt/hivemq/conf-k8s/config.xml'.
2025-01-30 18:45:04,580 INFO c.h.h.t.HelmChartContainer - [test-hivemq-platform] [hivemq] [bd9e3d15] INFO  - [HiveMQ Platform Operator Init App 1.7.0-SNAPSHOT] Returning Health API response 200 for liveness
2025-01-30 18:45:04,780 INFO c.h.h.t.HelmChartContainer - [hivemq-test-hivemq-platform] [hivemq-platform-operator] [3dd68f49] 18:45:04.778 [pool-6-thread-28] DEBUG c.h.p.o.d.PlatformServiceResource - [helmvolu] Desired Platform services (3 services)
2025-01-30 18:45:04,781 INFO c.h.h.t.HelmChartContainer - [hivemq-test-hivemq-platform] [hivemq-platform-operator] [3dd68f49] 18:45:04.779 [pool-6-thread-30] DEBUG c.h.p.o.dependants.PodInfoConfigMap - [helmvolu] Desired PodInfo ConfigMap (1 extensions) (1 enabled)
2025-01-30 18:45:04,781 INFO c.h.h.t.HelmChartContainer - [hivemq-test-hivemq-platform] [hivemq-platform-operator] [3dd68f49] 18:45:04.779 [pool-6-thread-30] DEBUG c.h.p.o.dependants.PodInfoConfigMap - [helmvolu] Desired PodInfo ConfigMap (metrics port: 9399) (metrics path: /)
2025-01-30 18:45:04,781 INFO c.h.h.t.HelmChartContainer - [hivemq-test-hivemq-platform] [hivemq-platform-operator] [3dd68f49] 18:45:04.779 [pool-6-thread-30] DEBUG c.h.p.o.dependants.PodInfoConfigMap - [helmvolu] Desired PodInfo ConfigMap (extension state hash: -1817474005)
2025-01-30 18:45:04,782 INFO c.h.h.t.HelmChartContainer - [hivemq-test-hivemq-platform] [hivemq-platform-operator] [3dd68f49] 18:45:04.779 [pool-6-thread-26] DEBUG c.h.p.o.d.PodServiceAccountResource - [helmvolu] Desired PodServiceAccountResource (serviceAccountName: hivemq-platform-pod-test-hivemq-platform)
2025-01-30 18:45:04,789 INFO c.h.h.t.HelmChartContainer - [hivemq-test-hivemq-platform] [hivemq-platform-operator] [3dd68f49] 18:45:04.787 [pool-6-thread-28] DEBUG c.h.p.o.d.StatefulSetResource - [helmvolu] Desired StatefulSet (2 replicas) for status STARTING (READY)
2025-01-30 18:45:04,795 INFO c.h.h.t.HelmChartContainer - [hivemq-test-hivemq-platform] [hivemq-platform-operator] [3dd68f49] 18:45:04.793 [ReconcilerExecutor-hivemq-controller-121] INFO  c.h.p.o.HiveMQPlatformReconciler - [helmvolu] Reconciling HiveMQ Platform 'test-hivemq-platform' in namespace 'helmvolumeclaimtemplatesit'
2025-01-30 18:45:04,796 INFO c.h.h.t.HelmChartContainer - [hivemq-test-hivemq-platform] [hivemq-platform-operator] [3dd68f49] 18:45:04.793 [ReconcilerExecutor-hivemq-controller-121] DEBUG c.h.p.o.HiveMQPlatformReconciler - [helmvolu] Custom Resource Status STARTING - HiveMQ Platform is starting (READY)
2025-01-30 18:45:04,797 INFO c.h.h.t.HelmChartContainer - [hivemq-test-hivemq-platform] [hivemq-platform-operator] [3dd68f49] 18:45:04.793 [ReconcilerExecutor-hivemq-controller-121] DEBUG c.h.p.o.HiveMQPlatformReconciler - [helmvolu] Custom Resource Spec (replicas: 2) (extensions: 1)
2025-01-30 18:45:04,797 INFO c.h.h.t.HelmChartContainer - [hivemq-test-hivemq-platform] [hivemq-platform-operator] [3dd68f49] 18:45:04.795 [ReconcilerExecutor-hivemq-controller-121] DEBUG c.h.p.o.HiveMQPlatformReconciler - [helmvolu] StatefulSet Status (revision: test-hivemq-platform-6c7bb94cbd, replicas: 2, available: 1, ready: 1, current: 2, updated: 2)
2025-01-30 18:45:04,799 INFO c.h.h.t.HelmChartContainer - [hivemq-test-hivemq-platform] [hivemq-platform-operator] [3dd68f49] 18:45:04.795 [ReconcilerExecutor-hivemq-controller-121] DEBUG c.h.p.o.HiveMQPlatformReconciler - [helmvolu] StatefulSet Spec (replicas: 2, init containers: 1, containers: 1, volumes: 4)
2025-01-30 18:45:04,799 INFO c.h.h.t.HelmChartContainer - [hivemq-test-hivemq-platform] [hivemq-platform-operator] [3dd68f49] 18:45:04.797 [ReconcilerExecutor-hivemq-controller-121] DEBUG c.h.p.o.h.HiveMQPlatformReconcilerErrorHandler - [helmvolu] Pod 'test-hivemq-platform-1' phase Running
2025-01-30 18:45:04,800 INFO c.h.h.t.HelmChartContainer - [hivemq-test-hivemq-platform] [hivemq-platform-operator] [3dd68f49] 18:45:04.798 [ReconcilerExecutor-hivemq-controller-121] DEBUG c.h.p.o.h.HiveMQPlatformReconcilerErrorHandler - [helmvolu] Pod 'test-hivemq-platform-0' phase Running
2025-01-30 18:45:04,800 INFO c.h.h.t.HelmChartContainer - [hivemq-test-hivemq-platform] [hivemq-platform-operator] [3dd68f49] 18:45:04.799 [ReconcilerExecutor-hivemq-controller-121] INFO  c.h.p.o.h.HiveMQPlatformReconcilerBaseHandler - [helmvolu] HiveMQ Platform is starting, 1 of 2 replicas are ready
2025-01-30 18:45:05,237 INFO c.h.h.t.HelmChartContainer - [test-hivemq-platform] [hivemq] [c76829e1] INFO  - This node's ID is R1CbE
2025-01-30 18:45:05,237 INFO c.h.h.t.HelmChartContainer - [test-hivemq-platform] [hivemq] [c76829e1] INFO  - Clustering is enabled
2025-01-30 18:45:06,335 INFO c.h.h.t.HelmChartContainer - [test-hivemq-platform] [hivemq] [c76829e1] WARN  - [HiveMQ Platform Operator Init App 1.7.0-SNAPSHOT] Cannot connect to Health API for readiness: null
2025-01-30 18:45:06,343 INFO c.h.h.t.HelmChartContainer - [EVENT] Warning [Unhealthy] Readiness probe failed: HTTP probe failed with statuscode: 503 [helmvolumeclaimtemplatesit:test-hivemq-platform-1]
2025-01-30 18:45:06,343 INFO c.h.h.t.HelmChartContainer - Received Unhealthy event for container hivemq in pod test-hivemq-platform-1 [c76829e1-57eb-4dfb-84c5-b19c27a77399]
2025-01-30 18:45:09,785 INFO c.h.h.t.HelmChartContainer - [test-hivemq-platform] [hivemq] [c76829e1] Jan 30, 2025 6:45:09 PM io.vertx.core.impl.BlockedThreadChecker
2025-01-30 18:45:09,786 INFO c.h.h.t.HelmChartContainer - [test-hivemq-platform] [hivemq] [c76829e1] WARNING: Thread Thread[vert.x-eventloop-thread-1,5,main] has been blocked for 2452 ms, time limit is 2000 ms
2025-01-30 18:45:10,384 INFO c.h.h.t.HelmChartContainer - [test-hivemq-platform] [hivemq] [c76829e1] INFO  - [HiveMQ Platform Operator Init App 1.7.0-SNAPSHOT] Updating Pod HiveMQ Platform Operator Init App version annotation (version: 1.7.0-SNAPSHOT)
2025-01-30 18:45:10,738 INFO c.h.h.t.HelmChartContainer - [test-hivemq-platform] [hivemq] [c76829e1] WARN  - [HiveMQ Platform Operator Init App 1.7.0-SNAPSHOT] Cannot connect to Health API for readiness: null
2025-01-30 18:45:10,742 INFO c.h.h.t.HelmChartContainer - [EVENT] Warning [Unhealthy] Readiness probe failed: HTTP probe failed with statuscode: 503 [helmvolumeclaimtemplatesit:test-hivemq-platform-1]
2025-01-30 18:45:10,743 INFO c.h.h.t.HelmChartContainer - Received Unhealthy event for container hivemq in pod test-hivemq-platform-1 [c76829e1-57eb-4dfb-84c5-b19c27a77399]
2025-01-30 18:45:11,097 INFO c.h.h.t.HelmChartContainer - [POD] test-hivemq-platform-1 [c76829e1-57eb-4dfb-84c5-b19c27a77399] in helmvolumeclaimtemplatesit was MODIFIED
2025-01-30 18:45:11,103 INFO c.h.h.t.HelmChartContainer - [hivemq-test-hivemq-platform] [hivemq-platform-operator] [3dd68f49] 18:45:11.102 [pool-6-thread-33] DEBUG c.h.p.o.d.PlatformServiceResource - [helmvolu] Desired Platform services (3 services)
2025-01-30 18:45:11,106 INFO c.h.h.t.HelmChartContainer - [hivemq-test-hivemq-platform] [hivemq-platform-operator] [3dd68f49] 18:45:11.103 [pool-6-thread-40] DEBUG c.h.p.o.d.PodServiceAccountResource - [helmvolu] Desired PodServiceAccountResource (serviceAccountName: hivemq-platform-pod-test-hivemq-platform)
2025-01-30 18:45:11,107 INFO c.h.h.t.HelmChartContainer - [hivemq-test-hivemq-platform] [hivemq-platform-operator] [3dd68f49] 18:45:11.105 [pool-6-thread-36] DEBUG c.h.p.o.dependants.PodInfoConfigMap - [helmvolu] Desired PodInfo ConfigMap (1 extensions) (1 enabled)
2025-01-30 18:45:11,107 INFO c.h.h.t.HelmChartContainer - [hivemq-test-hivemq-platform] [hivemq-platform-operator] [3dd68f49] 18:45:11.105 [pool-6-thread-36] DEBUG c.h.p.o.dependants.PodInfoConfigMap - [helmvolu] Desired PodInfo ConfigMap (metrics port: 9399) (metrics path: /)
2025-01-30 18:45:11,107 INFO c.h.h.t.HelmChartContainer - [hivemq-test-hivemq-platform] [hivemq-platform-operator] [3dd68f49] 18:45:11.105 [pool-6-thread-36] DEBUG c.h.p.o.dependants.PodInfoConfigMap - [helmvolu] Desired PodInfo ConfigMap (extension state hash: -1817474005)
2025-01-30 18:45:11,112 INFO c.h.h.t.HelmChartContainer - [hivemq-test-hivemq-platform] [hivemq-platform-operator] [3dd68f49] 18:45:11.109 [pool-6-thread-33] DEBUG c.h.p.o.d.StatefulSetResource - [helmvolu] Desired StatefulSet (2 replicas) for status STARTING (READY)
2025-01-30 18:45:11,113 INFO c.h.h.t.HelmChartContainer - [hivemq-test-hivemq-platform] [hivemq-platform-operator] [3dd68f49] 18:45:11.112 [ReconcilerExecutor-hivemq-controller-122] INFO  c.h.p.o.HiveMQPlatformReconciler - [helmvolu] Reconciling HiveMQ Platform 'test-hivemq-platform' in namespace 'helmvolumeclaimtemplatesit'
2025-01-30 18:45:11,114 INFO c.h.h.t.HelmChartContainer - [hivemq-test-hivemq-platform] [hivemq-platform-operator] [3dd68f49] 18:45:11.113 [ReconcilerExecutor-hivemq-controller-122] DEBUG c.h.p.o.HiveMQPlatformReconciler - [helmvolu] Custom Resource Status STARTING - HiveMQ Platform is starting (READY)
2025-01-30 18:45:11,114 INFO c.h.h.t.HelmChartContainer - [hivemq-test-hivemq-platform] [hivemq-platform-operator] [3dd68f49] 18:45:11.113 [ReconcilerExecutor-hivemq-controller-122] DEBUG c.h.p.o.HiveMQPlatformReconciler - [helmvolu] Custom Resource Spec (replicas: 2) (extensions: 1)
2025-01-30 18:45:11,115 INFO c.h.h.t.HelmChartContainer - [hivemq-test-hivemq-platform] [hivemq-platform-operator] [3dd68f49] 18:45:11.114 [ReconcilerExecutor-hivemq-controller-122] DEBUG c.h.p.o.HiveMQPlatformReconciler - [helmvolu] StatefulSet Status (revision: test-hivemq-platform-6c7bb94cbd, replicas: 2, available: 1, ready: 1, current: 2, updated: 2)
2025-01-30 18:45:11,115 INFO c.h.h.t.HelmChartContainer - [hivemq-test-hivemq-platform] [hivemq-platform-operator] [3dd68f49] 18:45:11.114 [ReconcilerExecutor-hivemq-controller-122] DEBUG c.h.p.o.HiveMQPlatformReconciler - [helmvolu] StatefulSet Spec (replicas: 2, init containers: 1, containers: 1, volumes: 4)
2025-01-30 18:45:11,117 INFO c.h.h.t.HelmChartContainer - [hivemq-test-hivemq-platform] [hivemq-platform-operator] [3dd68f49] 18:45:11.115 [ReconcilerExecutor-hivemq-controller-122] DEBUG c.h.p.o.h.HiveMQPlatformReconcilerErrorHandler - [helmvolu] Pod 'test-hivemq-platform-1' phase Running
2025-01-30 18:45:11,118 INFO c.h.h.t.HelmChartContainer - [hivemq-test-hivemq-platform] [hivemq-platform-operator] [3dd68f49] 18:45:11.116 [ReconcilerExecutor-hivemq-controller-122] DEBUG c.h.p.o.h.HiveMQPlatformReconcilerErrorHandler - [helmvolu] Pod 'test-hivemq-platform-0' phase Running
2025-01-30 18:45:11,118 INFO c.h.h.t.HelmChartContainer - [hivemq-test-hivemq-platform] [hivemq-platform-operator] [3dd68f49] 18:45:11.117 [ReconcilerExecutor-hivemq-controller-122] INFO  c.h.p.o.h.HiveMQPlatformReconcilerBaseHandler - [helmvolu] HiveMQ Platform is starting, 1 of 2 replicas are ready
2025-01-30 18:45:11,183 INFO c.h.h.t.HelmChartContainer - [test-hivemq-platform] [hivemq] [c76829e1] WARN  - [HiveMQ Platform Operator Init App 1.7.0-SNAPSHOT] Cannot connect to Health API for readiness: null
2025-01-30 18:45:11,185 INFO c.h.h.t.HelmChartContainer - [test-hivemq-platform] [hivemq] [c76829e1] INFO  - [HiveMQ Platform Operator Init App 1.7.0-SNAPSHOT] Successfully updated Pod HiveMQ Platform Operator Init App version annotation (version: 1.7.0-SNAPSHOT)
2025-01-30 18:45:11,191 INFO c.h.h.t.HelmChartContainer - [EVENT] Warning [Unhealthy] Readiness probe failed: HTTP probe failed with statuscode: 503 [helmvolumeclaimtemplatesit:test-hivemq-platform-1]
2025-01-30 18:45:11,191 INFO c.h.h.t.HelmChartContainer - Received Unhealthy event for container hivemq in pod test-hivemq-platform-1 [c76829e1-57eb-4dfb-84c5-b19c27a77399]
2025-01-30 18:45:16,135 INFO c.h.h.t.HelmChartContainer - [test-hivemq-platform] [hivemq] [c76829e1] WARN  - [HiveMQ Platform Operator Init App 1.7.0-SNAPSHOT] Cannot connect to Health API for readiness: null
2025-01-30 18:45:16,141 INFO c.h.h.t.HelmChartContainer - [EVENT] Warning [Unhealthy] Readiness probe failed: HTTP probe failed with statuscode: 503 [helmvolumeclaimtemplatesit:test-hivemq-platform-1]
2025-01-30 18:45:16,141 INFO c.h.h.t.HelmChartContainer - Received Unhealthy event for container hivemq in pod test-hivemq-platform-1 [c76829e1-57eb-4dfb-84c5-b19c27a77399]
2025-01-30 18:45:21,137 INFO c.h.h.t.HelmChartContainer - [test-hivemq-platform] [hivemq] [c76829e1] WARN  - [HiveMQ Platform Operator Init App 1.7.0-SNAPSHOT] Cannot connect to Health API for readiness: null
2025-01-30 18:45:21,142 INFO c.h.h.t.HelmChartContainer - [EVENT] Warning [Unhealthy] Readiness probe failed: HTTP probe failed with statuscode: 503 [helmvolumeclaimtemplatesit:test-hivemq-platform-1]
2025-01-30 18:45:21,142 INFO c.h.h.t.HelmChartContainer - Received Unhealthy event for container hivemq in pod test-hivemq-platform-1 [c76829e1-57eb-4dfb-84c5-b19c27a77399]
2025-01-30 18:45:21,181 INFO c.h.h.t.HelmChartContainer - [hivemq-test-hivemq-platform] [hivemq-platform-operator] [3dd68f49] 18:45:21.179 [pool-6-thread-41] DEBUG c.h.p.o.d.PlatformServiceResource - [helmvolu] Desired Platform services (3 services)
2025-01-30 18:45:21,181 INFO c.h.h.t.HelmChartContainer - [hivemq-test-hivemq-platform] [hivemq-platform-operator] [3dd68f49] 18:45:21.179 [pool-6-thread-47] DEBUG c.h.p.o.dependants.PodInfoConfigMap - [helmvolu] Desired PodInfo ConfigMap (1 extensions) (1 enabled)
2025-01-30 18:45:21,181 INFO c.h.h.t.HelmChartContainer - [hivemq-test-hivemq-platform] [hivemq-platform-operator] [3dd68f49] 18:45:21.179 [pool-6-thread-47] DEBUG c.h.p.o.dependants.PodInfoConfigMap - [helmvolu] Desired PodInfo ConfigMap (metrics port: 9399) (metrics path: /)
2025-01-30 18:45:21,181 INFO c.h.h.t.HelmChartContainer - [hivemq-test-hivemq-platform] [hivemq-platform-operator] [3dd68f49] 18:45:21.179 [pool-6-thread-47] DEBUG c.h.p.o.dependants.PodInfoConfigMap - [helmvolu] Desired PodInfo ConfigMap (extension state hash: -1817474005)
2025-01-30 18:45:21,182 INFO c.h.h.t.HelmChartContainer - [hivemq-test-hivemq-platform] [hivemq-platform-operator] [3dd68f49] 18:45:21.180 [pool-6-thread-47] DEBUG c.h.p.o.d.PodServiceAccountResource - [helmvolu] Desired PodServiceAccountResource (serviceAccountName: hivemq-platform-pod-test-hivemq-platform)
2025-01-30 18:45:21,188 INFO c.h.h.t.HelmChartContainer - [hivemq-test-hivemq-platform] [hivemq-platform-operator] [3dd68f49] 18:45:21.186 [pool-6-thread-42] DEBUG c.h.p.o.d.StatefulSetResource - [helmvolu] Desired StatefulSet (2 replicas) for status STARTING (READY)
2025-01-30 18:45:21,197 INFO c.h.h.t.HelmChartContainer - [hivemq-test-hivemq-platform] [hivemq-platform-operator] [3dd68f49] 18:45:21.197 [ReconcilerExecutor-hivemq-controller-123] INFO  c.h.p.o.HiveMQPlatformReconciler - [helmvolu] Reconciling HiveMQ Platform 'test-hivemq-platform' in namespace 'helmvolumeclaimtemplatesit'
2025-01-30 18:45:21,198 INFO c.h.h.t.HelmChartContainer - [hivemq-test-hivemq-platform] [hivemq-platform-operator] [3dd68f49] 18:45:21.197 [ReconcilerExecutor-hivemq-controller-123] DEBUG c.h.p.o.HiveMQPlatformReconciler - [helmvolu] Custom Resource Status STARTING - HiveMQ Platform is starting (READY)
2025-01-30 18:45:21,198 INFO c.h.h.t.HelmChartContainer - [hivemq-test-hivemq-platform] [hivemq-platform-operator] [3dd68f49] 18:45:21.197 [ReconcilerExecutor-hivemq-controller-123] DEBUG c.h.p.o.HiveMQPlatformReconciler - [helmvolu] Custom Resource Spec (replicas: 2) (extensions: 1)
2025-01-30 18:45:21,199 INFO c.h.h.t.HelmChartContainer - [hivemq-test-hivemq-platform] [hivemq-platform-operator] [3dd68f49] 18:45:21.198 [ReconcilerExecutor-hivemq-controller-123] DEBUG c.h.p.o.HiveMQPlatformReconciler - [helmvolu] StatefulSet Status (revision: test-hivemq-platform-6c7bb94cbd, replicas: 2, available: 1, ready: 1, current: 2, updated: 2)
2025-01-30 18:45:21,199 INFO c.h.h.t.HelmChartContainer - [hivemq-test-hivemq-platform] [hivemq-platform-operator] [3dd68f49] 18:45:21.198 [ReconcilerExecutor-hivemq-controller-123] DEBUG c.h.p.o.HiveMQPlatformReconciler - [helmvolu] StatefulSet Spec (replicas: 2, init containers: 1, containers: 1, volumes: 4)
2025-01-30 18:45:21,200 INFO c.h.h.t.HelmChartContainer - [hivemq-test-hivemq-platform] [hivemq-platform-operator] [3dd68f49] 18:45:21.200 [ReconcilerExecutor-hivemq-controller-123] DEBUG c.h.p.o.h.HiveMQPlatformReconcilerErrorHandler - [helmvolu] Pod 'test-hivemq-platform-1' phase Running
2025-01-30 18:45:21,201 INFO c.h.h.t.HelmChartContainer - [hivemq-test-hivemq-platform] [hivemq-platform-operator] [3dd68f49] 18:45:21.201 [ReconcilerExecutor-hivemq-controller-123] DEBUG c.h.p.o.h.HiveMQPlatformReconcilerErrorHandler - [helmvolu] Pod 'test-hivemq-platform-0' phase Running
2025-01-30 18:45:21,202 INFO c.h.h.t.HelmChartContainer - [hivemq-test-hivemq-platform] [hivemq-platform-operator] [3dd68f49] 18:45:21.201 [ReconcilerExecutor-hivemq-controller-123] INFO  c.h.p.o.h.HiveMQPlatformReconcilerBaseHandler - [helmvolu] HiveMQ Platform is starting, 1 of 2 replicas are ready
2025-01-30 18:45:22,635 INFO c.h.h.t.HelmChartContainer - [test-hivemq-platform] [hivemq] [c76829e1] WARN  - [HiveMQ Platform Operator Init App 1.7.0-SNAPSHOT] Cannot connect to Health API for liveness: null
2025-01-30 18:45:22,635 INFO c.h.h.t.HelmChartContainer - [test-hivemq-platform] [hivemq] [c76829e1] INFO  - [HiveMQ Platform Operator Init App 1.7.0-SNAPSHOT] Returning default Health API response 200 for liveness
2025-01-30 18:45:22,993 INFO c.h.h.t.HelmChartContainer - [test-hivemq-platform] [hivemq] [c76829e1] INFO  - No valid license file found. Using trial license, restricted to 25 connections.
2025-01-30 18:45:26,138 INFO c.h.h.t.HelmChartContainer - [test-hivemq-platform] [hivemq] [c76829e1] WARN  - [HiveMQ Platform Operator Init App 1.7.0-SNAPSHOT] Cannot connect to Health API for readiness: null
2025-01-30 18:45:26,142 INFO c.h.h.t.HelmChartContainer - [EVENT] Warning [Unhealthy] Readiness probe failed: HTTP probe failed with statuscode: 503 [helmvolumeclaimtemplatesit:test-hivemq-platform-1]
2025-01-30 18:45:26,142 INFO c.h.h.t.HelmChartContainer - Received Unhealthy event for container hivemq in pod test-hivemq-platform-1 [c76829e1-57eb-4dfb-84c5-b19c27a77399]
2025-01-30 18:45:26,488 INFO c.h.h.t.HelmChartContainer - [test-hivemq-platform] [hivemq] [c76829e1] INFO  - No valid license file for Data Hub found. Using free license, restricted to 1 policy.
2025-01-30 18:45:27,839 INFO c.h.h.t.HelmChartContainer - [test-hivemq-platform] [hivemq] [c76829e1] INFO  - Audit Logger started.
2025-01-30 18:45:28,057 INFO c.h.h.t.HelmChartContainer - [test-hivemq-platform] [hivemq] [c76829e1] INFO  - This node uses '1' CPU cores.
2025-01-30 18:45:28,084 INFO c.h.h.t.HelmChartContainer - [test-hivemq-platform] [hivemq] [c76829e1] INFO  - Starting HiveMQ Health API on address 0.0.0.0 and port 8889
2025-01-30 18:45:28,891 INFO c.h.h.t.HelmChartContainer - [test-hivemq-platform] [hivemq] [c76829e1] INFO  - Started HiveMQ Health API in 807ms
2025-01-30 18:45:29,735 INFO c.h.h.t.HelmChartContainer - [test-hivemq-platform] [hivemq] [c76829e1] INFO  - Starting HiveMQ extension system.
2025-01-30 18:45:29,939 INFO c.h.h.t.HelmChartContainer - [test-hivemq-platform] [hivemq] [c76829e1] INFO  - Starting extension with id "hivemq-dns-cluster-discovery" at /opt/hivemq/extensions/hivemq-dns-cluster-discovery
2025-01-30 18:45:30,386 INFO c.h.h.t.HelmChartContainer - [test-hivemq-platform] [hivemq] [c76829e1] INFO  - Extension "DNS Cluster Discovery Extension" version 4.3.2 started successfully.
2025-01-30 18:45:30,386 INFO c.h.h.t.HelmChartContainer - [test-hivemq-platform] [hivemq] [c76829e1] INFO  - Starting extension with id "hivemq-prometheus-extension" at /opt/hivemq/extensions/hivemq-prometheus-extension
2025-01-30 18:45:30,585 INFO c.h.h.t.HelmChartContainer - [test-hivemq-platform] [hivemq] [c76829e1] INFO  - Using TCP cluster transport on address 10.42.0.11 and port 7000
2025-01-30 18:45:30,638 INFO c.h.h.t.HelmChartContainer - [test-hivemq-platform] [hivemq] [c76829e1] INFO  - Using extension cluster discovery
2025-01-30 18:45:31,208 INFO c.h.h.t.HelmChartContainer - [hivemq-test-hivemq-platform] [hivemq-platform-operator] [3dd68f49] 18:45:31.207 [pool-6-thread-8] DEBUG c.h.p.o.d.PlatformServiceResource - [helmvolu] Desired Platform services (3 services)
2025-01-30 18:45:31,209 INFO c.h.h.t.HelmChartContainer - [hivemq-test-hivemq-platform] [hivemq-platform-operator] [3dd68f49] 18:45:31.208 [pool-6-thread-10] DEBUG c.h.p.o.d.PodServiceAccountResource - [helmvolu] Desired PodServiceAccountResource (serviceAccountName: hivemq-platform-pod-test-hivemq-platform)
2025-01-30 18:45:31,211 INFO c.h.h.t.HelmChartContainer - [hivemq-test-hivemq-platform] [hivemq-platform-operator] [3dd68f49] 18:45:31.208 [pool-6-thread-7] DEBUG c.h.p.o.dependants.PodInfoConfigMap - [helmvolu] Desired PodInfo ConfigMap (1 extensions) (1 enabled)
2025-01-30 18:45:31,212 INFO c.h.h.t.HelmChartContainer - [hivemq-test-hivemq-platform] [hivemq-platform-operator] [3dd68f49] 18:45:31.210 [pool-6-thread-7] DEBUG c.h.p.o.dependants.PodInfoConfigMap - [helmvolu] Desired PodInfo ConfigMap (metrics port: 9399) (metrics path: /)
2025-01-30 18:45:31,212 INFO c.h.h.t.HelmChartContainer - [hivemq-test-hivemq-platform] [hivemq-platform-operator] [3dd68f49] 18:45:31.210 [pool-6-thread-7] DEBUG c.h.p.o.dependants.PodInfoConfigMap - [helmvolu] Desired PodInfo ConfigMap (extension state hash: -1817474005)
2025-01-30 18:45:31,214 INFO c.h.h.t.HelmChartContainer - [hivemq-test-hivemq-platform] [hivemq-platform-operator] [3dd68f49] 18:45:31.213 [pool-6-thread-8] DEBUG c.h.p.o.d.StatefulSetResource - [helmvolu] Desired StatefulSet (2 replicas) for status STARTING (READY)
2025-01-30 18:45:31,218 INFO c.h.h.t.HelmChartContainer - [hivemq-test-hivemq-platform] [hivemq-platform-operator] [3dd68f49] 18:45:31.218 [ReconcilerExecutor-hivemq-controller-124] INFO  c.h.p.o.HiveMQPlatformReconciler - [helmvolu] Reconciling HiveMQ Platform 'test-hivemq-platform' in namespace 'helmvolumeclaimtemplatesit'
2025-01-30 18:45:31,219 INFO c.h.h.t.HelmChartContainer - [hivemq-test-hivemq-platform] [hivemq-platform-operator] [3dd68f49] 18:45:31.218 [ReconcilerExecutor-hivemq-controller-124] DEBUG c.h.p.o.HiveMQPlatformReconciler - [helmvolu] Custom Resource Status STARTING - HiveMQ Platform is starting (READY)
2025-01-30 18:45:31,221 INFO c.h.h.t.HelmChartContainer - [hivemq-test-hivemq-platform] [hivemq-platform-operator] [3dd68f49] 18:45:31.218 [ReconcilerExecutor-hivemq-controller-124] DEBUG c.h.p.o.HiveMQPlatformReconciler - [helmvolu] Custom Resource Spec (replicas: 2) (extensions: 1)
2025-01-30 18:45:31,221 INFO c.h.h.t.HelmChartContainer - [hivemq-test-hivemq-platform] [hivemq-platform-operator] [3dd68f49] 18:45:31.219 [ReconcilerExecutor-hivemq-controller-124] DEBUG c.h.p.o.HiveMQPlatformReconciler - [helmvolu] StatefulSet Status (revision: test-hivemq-platform-6c7bb94cbd, replicas: 2, available: 1, ready: 1, current: 2, updated: 2)
2025-01-30 18:45:31,221 INFO c.h.h.t.HelmChartContainer - [hivemq-test-hivemq-platform] [hivemq-platform-operator] [3dd68f49] 18:45:31.219 [ReconcilerExecutor-hivemq-controller-124] DEBUG c.h.p.o.HiveMQPlatformReconciler - [helmvolu] StatefulSet Spec (replicas: 2, init containers: 1, containers: 1, volumes: 4)
2025-01-30 18:45:31,221 INFO c.h.h.t.HelmChartContainer - [hivemq-test-hivemq-platform] [hivemq-platform-operator] [3dd68f49] 18:45:31.220 [ReconcilerExecutor-hivemq-controller-124] DEBUG c.h.p.o.h.HiveMQPlatformReconcilerErrorHandler - [helmvolu] Pod 'test-hivemq-platform-1' phase Running
2025-01-30 18:45:31,222 INFO c.h.h.t.HelmChartContainer - [hivemq-test-hivemq-platform] [hivemq-platform-operator] [3dd68f49] 18:45:31.222 [ReconcilerExecutor-hivemq-controller-124] DEBUG c.h.p.o.h.HiveMQPlatformReconcilerErrorHandler - [helmvolu] Pod 'test-hivemq-platform-0' phase Running
2025-01-30 18:45:31,223 INFO c.h.h.t.HelmChartContainer - [hivemq-test-hivemq-platform] [hivemq-platform-operator] [3dd68f49] 18:45:31.222 [ReconcilerExecutor-hivemq-controller-124] INFO  c.h.p.o.h.HiveMQPlatformReconcilerBaseHandler - [helmvolu] HiveMQ Platform is starting, 1 of 2 replicas are ready
2025-01-30 18:45:31,485 INFO c.h.h.t.HelmChartContainer - [test-hivemq-platform] [hivemq] [c76829e1] INFO  - Started Jetty Server exposing Prometheus Servlet on URI http://0.0.0.0:9399/
2025-01-30 18:45:31,485 INFO c.h.h.t.HelmChartContainer - [test-hivemq-platform] [hivemq] [c76829e1] INFO  - Extension "Prometheus Monitoring Extension" version 4.0.12 started successfully.
2025-01-30 18:45:31,485 INFO c.h.h.t.HelmChartContainer - [test-hivemq-platform] [hivemq] [c76829e1] INFO  - Starting extension with id "hivemq-allow-all-extension" at /opt/hivemq/extensions/hivemq-allow-all-extension
2025-01-30 18:45:31,486 INFO c.h.h.t.HelmChartContainer - [test-hivemq-platform] [hivemq] [c76829e1] WARN  - 
2025-01-30 18:45:31,486 INFO c.h.h.t.HelmChartContainer - [test-hivemq-platform] [hivemq] [c76829e1] ################################################################################################################
2025-01-30 18:45:31,486 INFO c.h.h.t.HelmChartContainer - [test-hivemq-platform] [hivemq] [c76829e1] # This HiveMQ deployment is not secure! You are lacking Authentication and Authorization.                      #
2025-01-30 18:45:31,486 INFO c.h.h.t.HelmChartContainer - [test-hivemq-platform] [hivemq] [c76829e1] # Right now any MQTT client can connect to the broker with a full set of permissions.                          #
2025-01-30 18:45:31,486 INFO c.h.h.t.HelmChartContainer - [test-hivemq-platform] [hivemq] [c76829e1] # For production usage, add an appropriate security extension and remove the hivemq-allow-all extension.       #
2025-01-30 18:45:31,486 INFO c.h.h.t.HelmChartContainer - [test-hivemq-platform] [hivemq] [c76829e1] # You can download security extensions from the HiveMQ Marketplace (https://www.hivemq.com/extensions/).       #
2025-01-30 18:45:31,486 INFO c.h.h.t.HelmChartContainer - [test-hivemq-platform] [hivemq] [c76829e1] ################################################################################################################
2025-01-30 18:45:31,535 INFO c.h.h.t.HelmChartContainer - [test-hivemq-platform] [hivemq] [c76829e1] INFO  - Extension "Allow All Extension" version 1.1.1 started successfully.
2025-01-30 18:45:31,746 INFO c.h.h.t.HelmChartContainer - [test-hivemq-platform] [hivemq] [bd9e3d15] INFO  - Cluster nodes found by discovery: [eLLfE|1] (2) [eLLfE, R1CbE].
2025-01-30 18:45:31,841 INFO c.h.h.t.HelmChartContainer - [test-hivemq-platform] [hivemq] [c76829e1] INFO  - Cluster nodes found by discovery: [eLLfE|1] (2) [eLLfE, R1CbE].
2025-01-30 18:45:32,088 INFO c.h.h.t.HelmChartContainer - [test-hivemq-platform] [hivemq] [c76829e1] INFO  - Cluster size = 1, members : [eLLfE].
2025-01-30 18:45:32,149 INFO c.h.h.t.HelmChartContainer - [EVENT] Warning [Unhealthy] Readiness probe failed: Get "http://10.42.0.11:7979/readiness": context deadline exceeded (Client.Timeout exceeded while awaiting headers) [helmvolumeclaimtemplatesit:test-hivemq-platform-1]
2025-01-30 18:45:32,149 INFO c.h.h.t.HelmChartContainer - Received Unhealthy event for container hivemq in pod test-hivemq-platform-1 [c76829e1-57eb-4dfb-84c5-b19c27a77399]
2025-01-30 18:45:32,346 INFO c.h.h.t.HelmChartContainer - [K3S] [scope.go:117] "RemoveContainer" containerID="63820facc94db50adf47f681bb45bad49ca04b557b9a11cda476a00ab8666736"
2025-01-30 18:45:32,434 INFO c.h.h.t.HelmChartContainer - [test-hivemq-platform] [hivemq] [c76829e1] INFO  - [HiveMQ Platform Operator Init App 1.7.0-SNAPSHOT] Returning Health API response 503 for readiness
2025-01-30 18:45:32,740 INFO c.h.h.t.HelmChartContainer - [test-hivemq-platform] [hivemq] [c76829e1] INFO  - Starting cluster join process. This may take a while. Please do not shut down HiveMQ.
2025-01-30 18:45:32,786 INFO c.h.h.t.HelmChartContainer - [test-hivemq-platform] [hivemq] [c76829e1] INFO  - Cluster join process is still ongoing. Please do not shut down HiveMQ.
2025-01-30 18:45:34,794 INFO c.h.h.t.HelmChartContainer - [test-hivemq-platform] [hivemq] [bd9e3d15] INFO  - Cluster size = 2, members : [eLLfE, R1CbE].
2025-01-30 18:45:34,807 INFO c.h.h.t.HelmChartContainer - [test-hivemq-platform] [hivemq] [c76829e1] INFO  - Cluster size = 2, members : [eLLfE, R1CbE].
2025-01-30 18:45:34,813 INFO c.h.h.t.HelmChartContainer - [test-hivemq-platform] [hivemq] [c76829e1] INFO  - Finished cluster join process successfully.
2025-01-30 18:45:34,814 INFO c.h.h.t.HelmChartContainer - [test-hivemq-platform] [hivemq] [c76829e1] WARN  - No user for HiveMQ Control Center configured. Starting with default user
2025-01-30 18:45:34,815 INFO c.h.h.t.HelmChartContainer - [test-hivemq-platform] [hivemq] [c76829e1] INFO  - Starting HiveMQ Control Center on address 0.0.0.0 and port 8080
2025-01-30 18:45:34,833 INFO c.h.h.t.HelmChartContainer - [test-hivemq-platform] [hivemq] [c76829e1] INFO  - Mounting HiveMQ Control Center V2 Preview
2025-01-30 18:45:35,494 INFO c.h.h.t.HelmChartContainer - [test-hivemq-platform] [hivemq] [c76829e1] INFO  - Started HiveMQ Control Center in 679ms
2025-01-30 18:45:35,534 INFO c.h.h.t.HelmChartContainer - [test-hivemq-platform] [hivemq] [c76829e1] INFO  - Starting TCP listener on address 0.0.0.0 and port 1883
2025-01-30 18:45:35,596 INFO c.h.h.t.HelmChartContainer - [test-hivemq-platform] [hivemq] [c76829e1] INFO  - Started TCP Listener on address 0.0.0.0 and on port 1883.
2025-01-30 18:45:35,596 INFO c.h.h.t.HelmChartContainer - [test-hivemq-platform] [hivemq] [c76829e1] INFO  - Started HiveMQ in 33453ms
2025-01-30 18:45:36,102 INFO c.h.h.t.HelmChartContainer - [test-hivemq-platform] [hivemq] [c76829e1] INFO  - [HiveMQ Platform Operator Init App 1.7.0-SNAPSHOT] Returning Health API response 200 for readiness
2025-01-30 18:45:36,114 INFO c.h.h.t.HelmChartContainer - [POD] test-hivemq-platform-1 [c76829e1-57eb-4dfb-84c5-b19c27a77399] in helmvolumeclaimtemplatesit was MODIFIED
2025-01-30 18:45:36,131 INFO c.h.h.t.HelmChartContainer - [hivemq-test-hivemq-platform] [hivemq-platform-operator] [3dd68f49] 18:45:36.124 [pool-6-thread-13] DEBUG c.h.p.o.d.PlatformServiceResource - [helmvolu] Desired Platform services (3 services)
2025-01-30 18:45:36,131 INFO c.h.h.t.HelmChartContainer - [hivemq-test-hivemq-platform] [hivemq-platform-operator] [3dd68f49] 18:45:36.127 [pool-6-thread-17] DEBUG c.h.p.o.dependants.PodInfoConfigMap - [helmvolu] Desired PodInfo ConfigMap (1 extensions) (1 enabled)
2025-01-30 18:45:36,135 INFO c.h.h.t.HelmChartContainer - [hivemq-test-hivemq-platform] [hivemq-platform-operator] [3dd68f49] 18:45:36.127 [pool-6-thread-17] DEBUG c.h.p.o.dependants.PodInfoConfigMap - [helmvolu] Desired PodInfo ConfigMap (metrics port: 9399) (metrics path: /)
2025-01-30 18:45:36,135 INFO c.h.h.t.HelmChartContainer - [hivemq-test-hivemq-platform] [hivemq-platform-operator] [3dd68f49] 18:45:36.127 [pool-6-thread-17] DEBUG c.h.p.o.dependants.PodInfoConfigMap - [helmvolu] Desired PodInfo ConfigMap (extension state hash: -1817474005)
2025-01-30 18:45:36,135 INFO c.h.h.t.HelmChartContainer - [hivemq-test-hivemq-platform] [hivemq-platform-operator] [3dd68f49] 18:45:36.128 [pool-6-thread-19] DEBUG c.h.p.o.d.PodServiceAccountResource - [helmvolu] Desired PodServiceAccountResource (serviceAccountName: hivemq-platform-pod-test-hivemq-platform)
2025-01-30 18:45:36,135 INFO c.h.h.t.HelmChartContainer - [hivemq-test-hivemq-platform] [hivemq-platform-operator] [3dd68f49] 18:45:36.129 [pool-6-thread-17] DEBUG c.h.p.o.d.StatefulSetResource - [helmvolu] Desired StatefulSet (2 replicas) for status STARTING (READY)
2025-01-30 18:45:36,137 INFO c.h.h.t.HelmChartContainer - [hivemq-test-hivemq-platform] [hivemq-platform-operator] [3dd68f49] 18:45:36.134 [ReconcilerExecutor-hivemq-controller-125] INFO  c.h.p.o.HiveMQPlatformReconciler - [helmvolu] Reconciling HiveMQ Platform 'test-hivemq-platform' in namespace 'helmvolumeclaimtemplatesit'
2025-01-30 18:45:36,137 INFO c.h.h.t.HelmChartContainer - [hivemq-test-hivemq-platform] [hivemq-platform-operator] [3dd68f49] 18:45:36.134 [ReconcilerExecutor-hivemq-controller-125] DEBUG c.h.p.o.HiveMQPlatformReconciler - [helmvolu] Custom Resource Status STARTING - HiveMQ Platform is starting (READY)
2025-01-30 18:45:36,137 INFO c.h.h.t.HelmChartContainer - [hivemq-test-hivemq-platform] [hivemq-platform-operator] [3dd68f49] 18:45:36.134 [ReconcilerExecutor-hivemq-controller-125] DEBUG c.h.p.o.HiveMQPlatformReconciler - [helmvolu] Custom Resource Spec (replicas: 2) (extensions: 1)
2025-01-30 18:45:36,137 INFO c.h.h.t.HelmChartContainer - [hivemq-test-hivemq-platform] [hivemq-platform-operator] [3dd68f49] 18:45:36.136 [ReconcilerExecutor-hivemq-controller-125] DEBUG c.h.p.o.HiveMQPlatformReconciler - [helmvolu] StatefulSet Status (revision: test-hivemq-platform-6c7bb94cbd, replicas: 2, available: 1, ready: 1, current: 2, updated: 2)
2025-01-30 18:45:36,138 INFO c.h.h.t.HelmChartContainer - [hivemq-test-hivemq-platform] [hivemq-platform-operator] [3dd68f49] 18:45:36.136 [ReconcilerExecutor-hivemq-controller-125] DEBUG c.h.p.o.HiveMQPlatformReconciler - [helmvolu] StatefulSet Spec (replicas: 2, init containers: 1, containers: 1, volumes: 4)
2025-01-30 18:45:36,177 INFO c.h.h.t.HelmChartContainer - [hivemq-test-hivemq-platform] [hivemq-platform-operator] [3dd68f49] 18:45:36.175 [ReconcilerExecutor-hivemq-controller-125] DEBUG c.h.p.o.h.HiveMQPlatformReconcilerErrorHandler - [helmvolu] Pod 'test-hivemq-platform-1' phase Running
2025-01-30 18:45:36,179 INFO c.h.h.t.HelmChartContainer - [hivemq-test-hivemq-platform] [hivemq-platform-operator] [3dd68f49] 18:45:36.177 [ReconcilerExecutor-hivemq-controller-125] DEBUG c.h.p.o.h.HiveMQPlatformReconcilerErrorHandler - [helmvolu] Pod 'test-hivemq-platform-0' phase Running
2025-01-30 18:45:36,179 INFO c.h.h.t.HelmChartContainer - [hivemq-test-hivemq-platform] [hivemq-platform-operator] [3dd68f49] 18:45:36.178 [ReconcilerExecutor-hivemq-controller-125] INFO  c.h.p.o.h.HiveMQPlatformReconcilerBaseHandler - [helmvolu] HiveMQ Platform is starting, 1 of 2 replicas are ready
2025-01-30 18:45:36,184 INFO c.h.h.t.HelmChartContainer - [hivemq-test-hivemq-platform] [hivemq-platform-operator] [3dd68f49] 18:45:36.181 [pool-6-thread-25] DEBUG c.h.p.o.d.PlatformServiceResource - [helmvolu] Desired Platform services (3 services)
2025-01-30 18:45:36,185 INFO c.h.h.t.HelmChartContainer - [hivemq-test-hivemq-platform] [hivemq-platform-operator] [3dd68f49] 18:45:36.181 [pool-6-thread-30] DEBUG c.h.p.o.dependants.PodInfoConfigMap - [helmvolu] Desired PodInfo ConfigMap (1 extensions) (1 enabled)
2025-01-30 18:45:36,185 INFO c.h.h.t.HelmChartContainer - [hivemq-test-hivemq-platform] [hivemq-platform-operator] [3dd68f49] 18:45:36.181 [pool-6-thread-30] DEBUG c.h.p.o.dependants.PodInfoConfigMap - [helmvolu] Desired PodInfo ConfigMap (metrics port: 9399) (metrics path: /)
2025-01-30 18:45:36,185 INFO c.h.h.t.HelmChartContainer - [hivemq-test-hivemq-platform] [hivemq-platform-operator] [3dd68f49] 18:45:36.181 [pool-6-thread-30] DEBUG c.h.p.o.dependants.PodInfoConfigMap - [helmvolu] Desired PodInfo ConfigMap (extension state hash: -1817474005)
2025-01-30 18:45:36,185 INFO c.h.h.t.HelmChartContainer - [hivemq-test-hivemq-platform] [hivemq-platform-operator] [3dd68f49] 18:45:36.183 [pool-6-thread-22] DEBUG c.h.p.o.d.PodServiceAccountResource - [helmvolu] Desired PodServiceAccountResource (serviceAccountName: hivemq-platform-pod-test-hivemq-platform)
2025-01-30 18:45:36,187 INFO c.h.h.t.HelmChartContainer - [hivemq-test-hivemq-platform] [hivemq-platform-operator] [3dd68f49] 18:45:36.187 [pool-6-thread-25] DEBUG c.h.p.o.d.StatefulSetResource - [helmvolu] Desired StatefulSet (2 replicas) for status STARTING (READY)
2025-01-30 18:45:36,191 INFO c.h.h.t.HelmChartContainer - [hivemq-test-hivemq-platform] [hivemq-platform-operator] [3dd68f49] 18:45:36.189 [ReconcilerExecutor-hivemq-controller-126] INFO  c.h.p.o.HiveMQPlatformReconciler - [helmvolu] Reconciling HiveMQ Platform 'test-hivemq-platform' in namespace 'helmvolumeclaimtemplatesit'
2025-01-30 18:45:36,191 INFO c.h.h.t.HelmChartContainer - [hivemq-test-hivemq-platform] [hivemq-platform-operator] [3dd68f49] 18:45:36.190 [ReconcilerExecutor-hivemq-controller-126] DEBUG c.h.p.o.HiveMQPlatformReconciler - [helmvolu] Custom Resource Status STARTING - HiveMQ Platform is starting (READY)
2025-01-30 18:45:36,191 INFO c.h.h.t.HelmChartContainer - [hivemq-test-hivemq-platform] [hivemq-platform-operator] [3dd68f49] 18:45:36.190 [ReconcilerExecutor-hivemq-controller-126] DEBUG c.h.p.o.HiveMQPlatformReconciler - [helmvolu] Custom Resource Spec (replicas: 2) (extensions: 1)
2025-01-30 18:45:36,192 INFO c.h.h.t.HelmChartContainer - [hivemq-test-hivemq-platform] [hivemq-platform-operator] [3dd68f49] 18:45:36.191 [ReconcilerExecutor-hivemq-controller-126] DEBUG c.h.p.o.HiveMQPlatformReconciler - [helmvolu] StatefulSet Status (revision: test-hivemq-platform-6c7bb94cbd, replicas: 2, available: 2, ready: 2, current: 2, updated: 2)
2025-01-30 18:45:36,234 INFO c.h.h.t.HelmChartContainer - [hivemq-test-hivemq-platform] [hivemq-platform-operator] [3dd68f49] 18:45:36.233 [ReconcilerExecutor-hivemq-controller-126] DEBUG c.h.p.o.HiveMQPlatformReconciler - [helmvolu] StatefulSet Spec (replicas: 2, init containers: 1, containers: 1, volumes: 4)
2025-01-30 18:45:36,277 INFO c.h.h.t.HelmChartContainer - [hivemq-test-hivemq-platform] [hivemq-platform-operator] [3dd68f49] 18:45:36.275 [ReconcilerExecutor-hivemq-controller-126] DEBUG c.h.p.o.h.HiveMQPlatformReconcilerErrorHandler - [helmvolu] Pod 'test-hivemq-platform-1' phase Running
2025-01-30 18:45:36,279 INFO c.h.h.t.HelmChartContainer - [hivemq-test-hivemq-platform] [hivemq-platform-operator] [3dd68f49] 18:45:36.277 [ReconcilerExecutor-hivemq-controller-126] DEBUG c.h.p.o.h.HiveMQPlatformReconcilerErrorHandler - [helmvolu] Pod 'test-hivemq-platform-0' phase Running
2025-01-30 18:45:36,283 INFO c.h.h.t.HelmChartContainer - [hivemq-test-hivemq-platform] [hivemq-platform-operator] [3dd68f49] 18:45:36.278 [ReconcilerExecutor-hivemq-controller-126] INFO  c.h.p.o.h.HiveMQPlatformReconcilerBaseHandler - [helmvolu] HiveMQ Platform started successfully
2025-01-30 18:45:36,382 INFO c.h.h.t.HelmChartContainer - [hivemq-test-hivemq-platform] [hivemq-platform-operator] [3dd68f49] 18:45:36.381 [ReconcilerExecutor-hivemq-controller-126] DEBUG c.h.p.operator.event.EventSender - [helmvolu] Creating K8s event hivemq-platform-ready: [Ready] HiveMQ Platform is ready
2025-01-30 18:45:36,385 INFO c.h.h.t.HelmChartContainer - [EVENT] Normal [Ready] HiveMQ Platform is ready [helmvolumeclaimtemplatesit:test-hivemq-platform]
2025-01-30 18:45:36,386 INFO c.h.h.t.HelmChartContainer - [hivemq-test-hivemq-platform] [hivemq-platform-operator] [3dd68f49] 18:45:36.385 [ReconcilerExecutor-hivemq-controller-126] INFO  c.h.p.o.h.AbstractHiveMQReconcilerStateHandler - [helmvolu] Update HiveMQ Platform Status (STARTING [READY] -> RUNNING [READY]): HiveMQ Platform is ready
2025-01-30 18:45:36,394 DEBUG com.hivemq.helmcharts.util.K8sUtil - Comparing actual state 'RUNNING' and waiting for 'RUNNING'
2025-01-30 18:45:38,513 DEBUG com.hivemq.helmcharts.util.PodUtil - Received status for command '[touch, /opt/hivemq/data/test-hivemq-platform-0.txt]' on pod 'test-hivemq-platform-0' (exit code: 0)
2025-01-30 18:45:38,599 DEBUG com.hivemq.helmcharts.util.PodUtil - Received status for command '[sh, -c, echo -n 'Persisted content for pod test-hivemq-platform-0' >> /opt/hivemq/data/test-hivemq-platform-0.txt]' on pod 'test-hivemq-platform-0' (exit code: 0)
2025-01-30 18:45:38,678 DEBUG com.hivemq.helmcharts.util.PodUtil - Received status for command '[touch, /opt/hivemq/data/test-hivemq-platform-1.txt]' on pod 'test-hivemq-platform-1' (exit code: 0)
2025-01-30 18:45:38,762 DEBUG com.hivemq.helmcharts.util.PodUtil - Received status for command '[sh, -c, echo -n 'Persisted content for pod test-hivemq-platform-1' >> /opt/hivemq/data/test-hivemq-platform-1.txt]' on pod 'test-hivemq-platform-1' (exit code: 0)
2025-01-30 18:45:38,780 DEBUG com.hivemq.helmcharts.util.K8sUtil - Comparing actual state 'RUNNING' and waiting for 'ROLLING_RESTART'
2025-01-30 18:45:38,782 INFO c.h.h.t.HelmChartContainer - [hivemq-test-hivemq-platform] [hivemq-platform-operator] [3dd68f49] 18:45:38.781 [pool-6-thread-32] DEBUG c.h.p.o.d.PodServiceAccountResource - [helmvolu] Desired PodServiceAccountResource (serviceAccountName: hivemq-platform-pod-test-hivemq-platform)
2025-01-30 18:45:38,787 INFO c.h.h.t.HelmChartContainer - [hivemq-test-hivemq-platform] [hivemq-platform-operator] [3dd68f49] 18:45:38.783 [pool-6-thread-37] DEBUG c.h.p.o.dependants.PodInfoConfigMap - [helmvolu] Desired PodInfo ConfigMap (1 extensions) (1 enabled)
2025-01-30 18:45:38,787 INFO c.h.h.t.HelmChartContainer - [hivemq-test-hivemq-platform] [hivemq-platform-operator] [3dd68f49] 18:45:38.784 [pool-6-thread-37] DEBUG c.h.p.o.dependants.PodInfoConfigMap - [helmvolu] Desired PodInfo ConfigMap (metrics port: 9399) (metrics path: /)
2025-01-30 18:45:38,787 INFO c.h.h.t.HelmChartContainer - [hivemq-test-hivemq-platform] [hivemq-platform-operator] [3dd68f49] 18:45:38.784 [pool-6-thread-37] DEBUG c.h.p.o.dependants.PodInfoConfigMap - [helmvolu] Desired PodInfo ConfigMap (extension state hash: -1817474005)
2025-01-30 18:45:38,787 INFO c.h.h.t.HelmChartContainer - [hivemq-test-hivemq-platform] [hivemq-platform-operator] [3dd68f49] 18:45:38.783 [pool-6-thread-39] DEBUG c.h.p.o.d.PlatformServiceResource - [helmvolu] Desired Platform services (3 services)
2025-01-30 18:45:38,787 INFO c.h.h.t.HelmChartContainer - [hivemq-test-hivemq-platform] [hivemq-platform-operator] [3dd68f49] 18:45:38.785 [pool-6-thread-37] DEBUG c.h.p.o.dependants.PodInfoConfigMap - [helmvolu] Update PodInfo ConfigMap
2025-01-30 18:45:38,796 INFO c.h.h.t.HelmChartContainer - [hivemq-test-hivemq-platform] [hivemq-platform-operator] [3dd68f49] 18:45:38.795 [pool-6-thread-37] DEBUG c.h.p.o.d.StatefulSetResource - [helmvolu] Desired StatefulSet (2 replicas) for status RUNNING (READY)
2025-01-30 18:45:38,799 INFO c.h.h.t.HelmChartContainer - [hivemq-test-hivemq-platform] [hivemq-platform-operator] [3dd68f49] 18:45:38.798 [pool-6-thread-37] DEBUG c.h.p.o.d.StatefulSetResource - [helmvolu] Update StatefulSet (replicas: 2 -> 2)
2025-01-30 18:45:38,799 INFO c.h.h.t.HelmChartContainer - [hivemq-test-hivemq-platform] [hivemq-platform-operator] [3dd68f49] 18:45:38.798 [pool-6-thread-37] DEBUG c.h.p.o.d.StatefulSetResource - [helmvolu] Detected change in StatefulSet specification (path: /template/metadata/annotations/kubernetes-resource-versions) (actual value: {broker-configuration-v2=-2089688360}) (target value: {broker-configuration-v2=1242811043})
2025-01-30 18:45:38,799 INFO c.h.h.t.HelmChartContainer - [hivemq-test-hivemq-platform] [hivemq-platform-operator] [3dd68f49] 18:45:38.798 [pool-6-thread-37] INFO  c.h.p.o.d.StatefulSetResource - [helmvolu] StatefulSet spec was updated, triggering rolling restart
2025-01-30 18:45:38,890 INFO c.h.h.t.HelmChartContainer - [hivemq-test-hivemq-platform] [hivemq-platform-operator] [3dd68f49] 18:45:38.889 [ReconcilerExecutor-hivemq-controller-127] INFO  c.h.p.o.HiveMQPlatformReconciler - [helmvolu] Reconciling HiveMQ Platform 'test-hivemq-platform' in namespace 'helmvolumeclaimtemplatesit'
2025-01-30 18:45:38,891 INFO c.h.h.t.HelmChartContainer - [hivemq-test-hivemq-platform] [hivemq-platform-operator] [3dd68f49] 18:45:38.889 [ReconcilerExecutor-hivemq-controller-127] DEBUG c.h.p.o.HiveMQPlatformReconciler - [helmvolu] Custom Resource Status RUNNING - HiveMQ Platform is ready (READY) (reconciliation requests: ROLLING_RESTART, REQUESTS_UPDATED)
2025-01-30 18:45:38,891 INFO c.h.h.t.HelmChartContainer - [hivemq-test-hivemq-platform] [hivemq-platform-operator] [3dd68f49] 18:45:38.889 [ReconcilerExecutor-hivemq-controller-127] DEBUG c.h.p.o.HiveMQPlatformReconciler - [helmvolu] Custom Resource Spec (replicas: 2) (extensions: 1)
2025-01-30 18:45:38,892 INFO c.h.h.t.HelmChartContainer - [hivemq-test-hivemq-platform] [hivemq-platform-operator] [3dd68f49] 18:45:38.891 [ReconcilerExecutor-hivemq-controller-127] DEBUG c.h.p.o.HiveMQPlatformReconciler - [helmvolu] StatefulSet Status (revision: test-hivemq-platform-6c7bb94cbd, replicas: 2, available: 2, ready: 2, current: 2, updated: 2)
2025-01-30 18:45:38,893 INFO c.h.h.t.HelmChartContainer - [hivemq-test-hivemq-platform] [hivemq-platform-operator] [3dd68f49] 18:45:38.891 [ReconcilerExecutor-hivemq-controller-127] DEBUG c.h.p.o.HiveMQPlatformReconciler - [helmvolu] StatefulSet Spec (replicas: 2, init containers: 1, containers: 1, volumes: 4)
2025-01-30 18:45:38,894 INFO c.h.h.t.HelmChartContainer - [hivemq-test-hivemq-platform] [hivemq-platform-operator] [3dd68f49] 18:45:38.892 [ReconcilerExecutor-hivemq-controller-127] DEBUG c.h.p.o.h.HiveMQPlatformReconcilerErrorHandler - [helmvolu] Pod 'test-hivemq-platform-1' phase Running
2025-01-30 18:45:38,897 INFO c.h.h.t.HelmChartContainer - [hivemq-test-hivemq-platform] [hivemq-platform-operator] [3dd68f49] 18:45:38.895 [ReconcilerExecutor-hivemq-controller-127] DEBUG c.h.p.o.h.HiveMQPlatformReconcilerErrorHandler - [helmvolu] Pod 'test-hivemq-platform-0' phase Running
2025-01-30 18:45:38,899 INFO c.h.h.t.HelmChartContainer - [hivemq-test-hivemq-platform] [hivemq-platform-operator] [3dd68f49] 18:45:38.896 [ReconcilerExecutor-hivemq-controller-127] INFO  c.h.p.o.h.HiveMQPlatformReconcilerBaseHandler - [helmvolu] Started rolling restart (scaling to 3 replicas)
2025-01-30 18:45:38,990 INFO c.h.h.t.HelmChartContainer - [hivemq-test-hivemq-platform] [hivemq-platform-operator] [3dd68f49] 18:45:38.988 [ReconcilerExecutor-hivemq-controller-127] DEBUG c.h.p.operator.event.EventSender - [helmvolu] Creating K8s event rolling-restart-started: [RollingRestart] HiveMQ Platform is starting a surge Pod (rolling restart)
2025-01-30 18:45:38,994 INFO c.h.h.t.HelmChartContainer - [EVENT] Normal [RollingRestart] HiveMQ Platform is starting a surge Pod (rolling restart) [helmvolumeclaimtemplatesit:test-hivemq-platform]
2025-01-30 18:45:38,996 INFO c.h.h.t.HelmChartContainer - [hivemq-test-hivemq-platform] [hivemq-platform-operator] [3dd68f49] 18:45:38.995 [ReconcilerExecutor-hivemq-controller-127] INFO  c.h.p.o.h.AbstractHiveMQReconcilerStateHandler - [helmvolu] Update HiveMQ Platform Status (RUNNING [READY] -> ROLLING_RESTART [SURGE_IN_PROGRESS]): HiveMQ Platform is starting a surge Pod (rolling restart)
2025-01-30 18:45:39,003 DEBUG com.hivemq.helmcharts.util.K8sUtil - Comparing actual state 'ROLLING_RESTART' and waiting for 'ROLLING_RESTART'
2025-01-30 18:45:39,007 DEBUG com.hivemq.helmcharts.util.K8sUtil - Comparing actual state 'ROLLING_RESTART' and waiting for 'RUNNING'
2025-01-30 18:45:39,106 INFO c.h.h.t.HelmChartContainer - [hivemq-test-hivemq-platform] [hivemq-platform-operator] [3dd68f49] 18:45:39.105 [pool-6-thread-47] DEBUG c.h.p.o.d.PlatformServiceResource - [helmvolu] Desired Platform services (3 services)
2025-01-30 18:45:39,108 INFO c.h.h.t.HelmChartContainer - [hivemq-test-hivemq-platform] [hivemq-platform-operator] [3dd68f49] 18:45:39.108 [pool-6-thread-47] DEBUG c.h.p.o.dependants.PodInfoConfigMap - [helmvolu] Desired PodInfo ConfigMap (1 extensions) (1 enabled)
2025-01-30 18:45:39,109 INFO c.h.h.t.HelmChartContainer - [hivemq-test-hivemq-platform] [hivemq-platform-operator] [3dd68f49] 18:45:39.108 [pool-6-thread-47] DEBUG c.h.p.o.dependants.PodInfoConfigMap - [helmvolu] Desired PodInfo ConfigMap (metrics port: 9399) (metrics path: /)
2025-01-30 18:45:39,109 INFO c.h.h.t.HelmChartContainer - [hivemq-test-hivemq-platform] [hivemq-platform-operator] [3dd68f49] 18:45:39.108 [pool-6-thread-47] DEBUG c.h.p.o.dependants.PodInfoConfigMap - [helmvolu] Desired PodInfo ConfigMap (extension state hash: -1817474005)
2025-01-30 18:45:39,109 INFO c.h.h.t.HelmChartContainer - [hivemq-test-hivemq-platform] [hivemq-platform-operator] [3dd68f49] 18:45:39.109 [pool-6-thread-47] DEBUG c.h.p.o.dependants.PodInfoConfigMap - [helmvolu] Update PodInfo ConfigMap
2025-01-30 18:45:39,178 INFO c.h.h.t.HelmChartContainer - [hivemq-test-hivemq-platform] [hivemq-platform-operator] [3dd68f49] 18:45:39.175 [pool-6-thread-49] DEBUG c.h.p.o.d.PodServiceAccountResource - [helmvolu] Desired PodServiceAccountResource (serviceAccountName: hivemq-platform-pod-test-hivemq-platform)
2025-01-30 18:45:39,180 INFO c.h.h.t.HelmChartContainer - [hivemq-test-hivemq-platform] [hivemq-platform-operator] [3dd68f49] 18:45:39.178 [pool-6-thread-47] DEBUG c.h.p.o.d.StatefulSetResource - [helmvolu] Desired StatefulSet (3 replicas) for status ROLLING_RESTART (SURGE_IN_PROGRESS)
2025-01-30 18:45:39,182 INFO c.h.h.t.HelmChartContainer - [hivemq-test-hivemq-platform] [hivemq-platform-operator] [3dd68f49] 18:45:39.181 [pool-6-thread-47] DEBUG c.h.p.o.d.StatefulSetResource - [helmvolu] Update StatefulSet (replicas: 2 -> 3)
2025-01-30 18:45:39,196 INFO c.h.h.t.HelmChartContainer - [hivemq-test-hivemq-platform] [hivemq-platform-operator] [3dd68f49] 18:45:39.195 [ReconcilerExecutor-hivemq-controller-128] INFO  c.h.p.o.HiveMQPlatformReconciler - [helmvolu] Reconciling HiveMQ Platform 'test-hivemq-platform' in namespace 'helmvolumeclaimtemplatesit'
2025-01-30 18:45:39,196 INFO c.h.h.t.HelmChartContainer - [hivemq-test-hivemq-platform] [hivemq-platform-operator] [3dd68f49] 18:45:39.195 [ReconcilerExecutor-hivemq-controller-128] DEBUG c.h.p.o.HiveMQPlatformReconciler - [helmvolu] Custom Resource Status ROLLING_RESTART - HiveMQ Platform is starting a surge Pod (rolling restart) (SURGE_IN_PROGRESS)
2025-01-30 18:45:39,196 INFO c.h.h.t.HelmChartContainer - [hivemq-test-hivemq-platform] [hivemq-platform-operator] [3dd68f49] 18:45:39.195 [ReconcilerExecutor-hivemq-controller-128] DEBUG c.h.p.o.HiveMQPlatformReconciler - [helmvolu] Custom Resource Spec (replicas: 2) (extensions: 1)
2025-01-30 18:45:39,200 INFO c.h.h.t.HelmChartContainer - [hivemq-test-hivemq-platform] [hivemq-platform-operator] [3dd68f49] 18:45:39.197 [ReconcilerExecutor-hivemq-controller-128] DEBUG c.h.p.o.HiveMQPlatformReconciler - [helmvolu] StatefulSet Status (revision: test-hivemq-platform-59475f86c9, replicas: 2, available: 2, ready: 2, current: 2, updated: 0)
2025-01-30 18:45:39,200 INFO c.h.h.t.HelmChartContainer - [hivemq-test-hivemq-platform] [hivemq-platform-operator] [3dd68f49] 18:45:39.197 [ReconcilerExecutor-hivemq-controller-128] DEBUG c.h.p.o.HiveMQPlatformReconciler - [helmvolu] StatefulSet Spec (replicas: 3, init containers: 1, containers: 1, volumes: 4)
2025-01-30 18:45:39,200 INFO c.h.h.t.HelmChartContainer - [hivemq-test-hivemq-platform] [hivemq-platform-operator] [3dd68f49] 18:45:39.198 [ReconcilerExecutor-hivemq-controller-128] DEBUG c.h.p.o.h.HiveMQPlatformReconcilerErrorHandler - [helmvolu] Pod 'test-hivemq-platform-1' phase Running
2025-01-30 18:45:39,200 INFO c.h.h.t.HelmChartContainer - [hivemq-test-hivemq-platform] [hivemq-platform-operator] [3dd68f49] 18:45:39.199 [ReconcilerExecutor-hivemq-controller-128] DEBUG c.h.p.o.h.HiveMQPlatformReconcilerErrorHandler - [helmvolu] Pod 'test-hivemq-platform-0' phase Running
2025-01-30 18:45:39,202 INFO c.h.h.t.HelmChartContainer - [EVENT] Normal [WaitForFirstConsumer] waiting for first consumer to be created before binding [helmvolumeclaimtemplatesit:hivemq-pvc-data-test-hivemq-platform-2]
2025-01-30 18:45:39,203 INFO c.h.h.t.HelmChartContainer - [EVENT] Normal [SuccessfulCreate] create Claim hivemq-pvc-data-test-hivemq-platform-2 Pod test-hivemq-platform-2 in StatefulSet test-hivemq-platform success [helmvolumeclaimtemplatesit:test-hivemq-platform]
2025-01-30 18:45:39,207 INFO c.h.h.t.HelmChartContainer - [EVENT] Normal [SuccessfulCreate] create Pod test-hivemq-platform-2 in StatefulSet test-hivemq-platform successful [helmvolumeclaimtemplatesit:test-hivemq-platform]
2025-01-30 18:45:39,219 INFO c.h.h.t.HelmChartContainer - [EVENT] Normal [ExternalProvisioning] Waiting for a volume to be created either by the external provisioner 'rancher.io/local-path' or manually by the system administrator. If volume creation is delayed, please verify that the provisioner is running and correctly registered. [helmvolumeclaimtemplatesit:hivemq-pvc-data-test-hivemq-platform-2]
2025-01-30 18:45:39,224 INFO c.h.h.t.HelmChartContainer - [POD] test-hivemq-platform-2 [c960f2fc-847b-4123-8261-b7eb82af5814] in helmvolumeclaimtemplatesit was ADDED
2025-01-30 18:45:39,229 INFO c.h.h.t.HelmChartContainer - [EVENT] Normal [Provisioning] External provisioner is provisioning volume for claim "helmvolumeclaimtemplatesit/hivemq-pvc-data-test-hivemq-platform-2" [helmvolumeclaimtemplatesit:hivemq-pvc-data-test-hivemq-platform-2]
2025-01-30 18:45:39,278 INFO c.h.h.t.HelmChartContainer - [hivemq-test-hivemq-platform] [hivemq-platform-operator] [3dd68f49] 18:45:39.275 [ReconcilerExecutor-hivemq-controller-128] DEBUG c.h.p.o.h.HiveMQPlatformReconcilerRollingRestartHandler - [helmvolu] Rolling restart is waiting for 2 of 3 replicas
2025-01-30 18:45:39,289 INFO c.h.h.t.HelmChartContainer - [hivemq-test-hivemq-platform] [hivemq-platform-operator] [3dd68f49] 18:45:39.283 [pool-6-thread-9] DEBUG c.h.p.o.d.PlatformServiceResource - [helmvolu] Desired Platform services (3 services)
2025-01-30 18:45:39,297 INFO c.h.h.t.HelmChartContainer - [hivemq-test-hivemq-platform] [hivemq-platform-operator] [3dd68f49] 18:45:39.284 [pool-6-thread-3] DEBUG c.h.p.o.dependants.PodInfoConfigMap - [helmvolu] Desired PodInfo ConfigMap (1 extensions) (1 enabled)
2025-01-30 18:45:39,297 INFO c.h.h.t.HelmChartContainer - [hivemq-test-hivemq-platform] [hivemq-platform-operator] [3dd68f49] 18:45:39.292 [pool-6-thread-3] DEBUG c.h.p.o.dependants.PodInfoConfigMap - [helmvolu] Desired PodInfo ConfigMap (metrics port: 9399) (metrics path: /)
2025-01-30 18:45:39,297 INFO c.h.h.t.HelmChartContainer - [hivemq-test-hivemq-platform] [hivemq-platform-operator] [3dd68f49] 18:45:39.292 [pool-6-thread-3] DEBUG c.h.p.o.dependants.PodInfoConfigMap - [helmvolu] Desired PodInfo ConfigMap (extension state hash: -1817474005)
2025-01-30 18:45:39,297 INFO c.h.h.t.HelmChartContainer - [hivemq-test-hivemq-platform] [hivemq-platform-operator] [3dd68f49] 18:45:39.286 [pool-6-thread-5] DEBUG c.h.p.o.d.PodServiceAccountResource - [helmvolu] Desired PodServiceAccountResource (serviceAccountName: hivemq-platform-pod-test-hivemq-platform)
2025-01-30 18:45:39,299 INFO c.h.h.t.HelmChartContainer - [hivemq-test-hivemq-platform] [hivemq-platform-operator] [3dd68f49] 18:45:39.297 [pool-6-thread-9] DEBUG c.h.p.o.d.StatefulSetResource - [helmvolu] Desired StatefulSet (3 replicas) for status ROLLING_RESTART (SURGE_IN_PROGRESS)
2025-01-30 18:45:39,303 INFO c.h.h.t.HelmChartContainer - [POD] helper-pod-create-pvc-90c32944-931a-47eb-9823-fee7d2b29fb7 [6ca9f708-ecc2-4cfe-b119-a94f8ef244a8] in kube-system was ADDED
2025-01-30 18:45:39,315 INFO c.h.h.t.HelmChartContainer - [POD] helper-pod-create-pvc-90c32944-931a-47eb-9823-fee7d2b29fb7 [6ca9f708-ecc2-4cfe-b119-a94f8ef244a8] in kube-system was MODIFIED
2025-01-30 18:45:39,380 INFO c.h.h.t.HelmChartContainer - [hivemq-test-hivemq-platform] [hivemq-platform-operator] [3dd68f49] 18:45:39.379 [ReconcilerExecutor-hivemq-controller-129] INFO  c.h.p.o.HiveMQPlatformReconciler - [helmvolu] Reconciling HiveMQ Platform 'test-hivemq-platform' in namespace 'helmvolumeclaimtemplatesit'
2025-01-30 18:45:39,381 INFO c.h.h.t.HelmChartContainer - [hivemq-test-hivemq-platform] [hivemq-platform-operator] [3dd68f49] 18:45:39.379 [ReconcilerExecutor-hivemq-controller-129] DEBUG c.h.p.o.HiveMQPlatformReconciler - [helmvolu] Custom Resource Status ROLLING_RESTART - HiveMQ Platform is starting a surge Pod (rolling restart) (SURGE_IN_PROGRESS)
2025-01-30 18:45:39,381 INFO c.h.h.t.HelmChartContainer - [hivemq-test-hivemq-platform] [hivemq-platform-operator] [3dd68f49] 18:45:39.379 [ReconcilerExecutor-hivemq-controller-129] DEBUG c.h.p.o.HiveMQPlatformReconciler - [helmvolu] Custom Resource Spec (replicas: 2) (extensions: 1)
2025-01-30 18:45:39,381 INFO c.h.h.t.HelmChartContainer - [hivemq-test-hivemq-platform] [hivemq-platform-operator] [3dd68f49] 18:45:39.380 [ReconcilerExecutor-hivemq-controller-129] DEBUG c.h.p.o.HiveMQPlatformReconciler - [helmvolu] StatefulSet Status (revision: test-hivemq-platform-59475f86c9, replicas: 3, available: 2, ready: 2, current: 2, updated: 1)
2025-01-30 18:45:39,381 INFO c.h.h.t.HelmChartContainer - [hivemq-test-hivemq-platform] [hivemq-platform-operator] [3dd68f49] 18:45:39.380 [ReconcilerExecutor-hivemq-controller-129] DEBUG c.h.p.o.HiveMQPlatformReconciler - [helmvolu] StatefulSet Spec (replicas: 3, init containers: 1, containers: 1, volumes: 4)
2025-01-30 18:45:39,382 INFO c.h.h.t.HelmChartContainer - [hivemq-test-hivemq-platform] [hivemq-platform-operator] [3dd68f49] 18:45:39.381 [ReconcilerExecutor-hivemq-controller-129] DEBUG c.h.p.o.h.HiveMQPlatformReconcilerErrorHandler - [helmvolu] Pod 'test-hivemq-platform-2' phase Pending
2025-01-30 18:45:39,383 INFO c.h.h.t.HelmChartContainer - [hivemq-test-hivemq-platform] [hivemq-platform-operator] [3dd68f49] 18:45:39.382 [ReconcilerExecutor-hivemq-controller-129] DEBUG c.h.p.o.h.HiveMQPlatformReconcilerErrorHandler - [helmvolu] Pod 'test-hivemq-platform-1' phase Running
2025-01-30 18:45:39,385 INFO c.h.h.t.HelmChartContainer - [K3S] [reconciler_common.go:251] "operationExecutor.VerifyControllerAttachedVolume started for volume \"data\" (UniqueName: \"kubernetes.io/host-path/6ca9f708-ecc2-4cfe-b119-a94f8ef244a8-data\") pod \"helper-pod-create-pvc-90c32944-931a-47eb-9823-fee7d2b29fb7\" (UID: \"6ca9f708-ecc2-4cfe-b119-a94f8ef244a8\") " pod="kube-system/helper-pod-create-pvc-90c32944-931a-47eb-9823-fee7d2b29fb7"
2025-01-30 18:45:39,385 INFO c.h.h.t.HelmChartContainer - [K3S] [reconciler_common.go:251] "operationExecutor.VerifyControllerAttachedVolume started for volume \"script\" (UniqueName: \"kubernetes.io/configmap/6ca9f708-ecc2-4cfe-b119-a94f8ef244a8-script\") pod \"helper-pod-create-pvc-90c32944-931a-47eb-9823-fee7d2b29fb7\" (UID: \"6ca9f708-ecc2-4cfe-b119-a94f8ef244a8\") " pod="kube-system/helper-pod-create-pvc-90c32944-931a-47eb-9823-fee7d2b29fb7"
2025-01-30 18:45:39,385 INFO c.h.h.t.HelmChartContainer - [K3S] [reconciler_common.go:251] "operationExecutor.VerifyControllerAttachedVolume started for volume \"kube-api-access-s8x82\" (UniqueName: \"kubernetes.io/projected/6ca9f708-ecc2-4cfe-b119-a94f8ef244a8-kube-api-access-s8x82\") pod \"helper-pod-create-pvc-90c32944-931a-47eb-9823-fee7d2b29fb7\" (UID: \"6ca9f708-ecc2-4cfe-b119-a94f8ef244a8\") " pod="kube-system/helper-pod-create-pvc-90c32944-931a-47eb-9823-fee7d2b29fb7"
2025-01-30 18:45:39,388 INFO c.h.h.t.HelmChartContainer - [hivemq-test-hivemq-platform] [hivemq-platform-operator] [3dd68f49] 18:45:39.383 [ReconcilerExecutor-hivemq-controller-129] DEBUG c.h.p.o.h.HiveMQPlatformReconcilerErrorHandler - [helmvolu] Pod 'test-hivemq-platform-0' phase Running
2025-01-30 18:45:39,388 INFO c.h.h.t.HelmChartContainer - [hivemq-test-hivemq-platform] [hivemq-platform-operator] [3dd68f49] 18:45:39.384 [ReconcilerExecutor-hivemq-controller-129] DEBUG c.h.p.o.h.HiveMQPlatformReconcilerRollingRestartHandler - [helmvolu] Rolling restart is waiting for 2 of 3 replicas
2025-01-30 18:45:39,388 INFO c.h.h.t.HelmChartContainer - [hivemq-test-hivemq-platform] [hivemq-platform-operator] [3dd68f49] 18:45:39.387 [pool-6-thread-16] DEBUG c.h.p.o.d.PlatformServiceResource - [helmvolu] Desired Platform services (3 services)
2025-01-30 18:45:39,389 INFO c.h.h.t.HelmChartContainer - [hivemq-test-hivemq-platform] [hivemq-platform-operator] [3dd68f49] 18:45:39.389 [pool-6-thread-20] DEBUG c.h.p.o.dependants.PodInfoConfigMap - [helmvolu] Desired PodInfo ConfigMap (1 extensions) (1 enabled)
2025-01-30 18:45:39,389 INFO c.h.h.t.HelmChartContainer - [hivemq-test-hivemq-platform] [hivemq-platform-operator] [3dd68f49] 18:45:39.389 [pool-6-thread-20] DEBUG c.h.p.o.dependants.PodInfoConfigMap - [helmvolu] Desired PodInfo ConfigMap (metrics port: 9399) (metrics path: /)
2025-01-30 18:45:39,392 INFO c.h.h.t.HelmChartContainer - [hivemq-test-hivemq-platform] [hivemq-platform-operator] [3dd68f49] 18:45:39.390 [pool-6-thread-20] DEBUG c.h.p.o.dependants.PodInfoConfigMap - [helmvolu] Desired PodInfo ConfigMap (extension state hash: -1817474005)
2025-01-30 18:45:39,392 INFO c.h.h.t.HelmChartContainer - [hivemq-test-hivemq-platform] [hivemq-platform-operator] [3dd68f49] 18:45:39.391 [pool-6-thread-16] DEBUG c.h.p.o.d.PodServiceAccountResource - [helmvolu] Desired PodServiceAccountResource (serviceAccountName: hivemq-platform-pod-test-hivemq-platform)
2025-01-30 18:45:39,395 INFO c.h.h.t.HelmChartContainer - [hivemq-test-hivemq-platform] [hivemq-platform-operator] [3dd68f49] 18:45:39.394 [pool-6-thread-13] DEBUG c.h.p.o.d.StatefulSetResource - [helmvolu] Desired StatefulSet (3 replicas) for status ROLLING_RESTART (SURGE_IN_PROGRESS)
2025-01-30 18:45:39,477 INFO c.h.h.t.HelmChartContainer - [hivemq-test-hivemq-platform] [hivemq-platform-operator] [3dd68f49] 18:45:39.476 [ReconcilerExecutor-hivemq-controller-130] INFO  c.h.p.o.HiveMQPlatformReconciler - [helmvolu] Reconciling HiveMQ Platform 'test-hivemq-platform' in namespace 'helmvolumeclaimtemplatesit'
2025-01-30 18:45:39,477 INFO c.h.h.t.HelmChartContainer - [hivemq-test-hivemq-platform] [hivemq-platform-operator] [3dd68f49] 18:45:39.476 [ReconcilerExecutor-hivemq-controller-130] DEBUG c.h.p.o.HiveMQPlatformReconciler - [helmvolu] Custom Resource Status ROLLING_RESTART - HiveMQ Platform is starting a surge Pod (rolling restart) (SURGE_IN_PROGRESS)
2025-01-30 18:45:39,477 INFO c.h.h.t.HelmChartContainer - [hivemq-test-hivemq-platform] [hivemq-platform-operator] [3dd68f49] 18:45:39.476 [ReconcilerExecutor-hivemq-controller-130] DEBUG c.h.p.o.HiveMQPlatformReconciler - [helmvolu] Custom Resource Spec (replicas: 2) (extensions: 1)
2025-01-30 18:45:39,482 INFO c.h.h.t.HelmChartContainer - [hivemq-test-hivemq-platform] [hivemq-platform-operator] [3dd68f49] 18:45:39.478 [ReconcilerExecutor-hivemq-controller-130] DEBUG c.h.p.o.HiveMQPlatformReconciler - [helmvolu] StatefulSet Status (revision: test-hivemq-platform-59475f86c9, replicas: 3, available: 2, ready: 2, current: 2, updated: 1)
2025-01-30 18:45:39,482 INFO c.h.h.t.HelmChartContainer - [hivemq-test-hivemq-platform] [hivemq-platform-operator] [3dd68f49] 18:45:39.478 [ReconcilerExecutor-hivemq-controller-130] DEBUG c.h.p.o.HiveMQPlatformReconciler - [helmvolu] StatefulSet Spec (replicas: 3, init containers: 1, containers: 1, volumes: 4)
2025-01-30 18:45:39,482 INFO c.h.h.t.HelmChartContainer - [hivemq-test-hivemq-platform] [hivemq-platform-operator] [3dd68f49] 18:45:39.479 [ReconcilerExecutor-hivemq-controller-130] DEBUG c.h.p.o.h.HiveMQPlatformReconcilerErrorHandler - [helmvolu] Pod 'test-hivemq-platform-2' phase Pending
2025-01-30 18:45:39,482 INFO c.h.h.t.HelmChartContainer - [hivemq-test-hivemq-platform] [hivemq-platform-operator] [3dd68f49] 18:45:39.481 [ReconcilerExecutor-hivemq-controller-130] DEBUG c.h.p.o.h.HiveMQPlatformReconcilerErrorHandler - [helmvolu] Pod 'test-hivemq-platform-1' phase Running
2025-01-30 18:45:39,484 INFO c.h.h.t.HelmChartContainer - [hivemq-test-hivemq-platform] [hivemq-platform-operator] [3dd68f49] 18:45:39.482 [ReconcilerExecutor-hivemq-controller-130] DEBUG c.h.p.o.h.HiveMQPlatformReconcilerErrorHandler - [helmvolu] Pod 'test-hivemq-platform-0' phase Running
2025-01-30 18:45:39,484 INFO c.h.h.t.HelmChartContainer - [hivemq-test-hivemq-platform] [hivemq-platform-operator] [3dd68f49] 18:45:39.483 [ReconcilerExecutor-hivemq-controller-130] DEBUG c.h.p.o.h.HiveMQPlatformReconcilerRollingRestartHandler - [helmvolu] Rolling restart is waiting for 2 of 3 replicas
2025-01-30 18:45:40,740 INFO c.h.h.t.HelmChartContainer - [POD] helper-pod-create-pvc-90c32944-931a-47eb-9823-fee7d2b29fb7 [6ca9f708-ecc2-4cfe-b119-a94f8ef244a8] in kube-system was MODIFIED
2025-01-30 18:45:41,827 INFO c.h.h.t.HelmChartContainer - [POD] helper-pod-create-pvc-90c32944-931a-47eb-9823-fee7d2b29fb7 [6ca9f708-ecc2-4cfe-b119-a94f8ef244a8] in kube-system was MODIFIED
2025-01-30 18:45:41,999 INFO c.h.h.t.HelmChartContainer - [K3S] [reconciler_common.go:162] "operationExecutor.UnmountVolume started for volume \"data\" (UniqueName: \"kubernetes.io/host-path/6ca9f708-ecc2-4cfe-b119-a94f8ef244a8-data\") pod \"6ca9f708-ecc2-4cfe-b119-a94f8ef244a8\" (UID: \"6ca9f708-ecc2-4cfe-b119-a94f8ef244a8\") "
2025-01-30 18:45:41,999 INFO c.h.h.t.HelmChartContainer - [K3S] [reconciler_common.go:162] "operationExecutor.UnmountVolume started for volume \"script\" (UniqueName: \"kubernetes.io/configmap/6ca9f708-ecc2-4cfe-b119-a94f8ef244a8-script\") pod \"6ca9f708-ecc2-4cfe-b119-a94f8ef244a8\" (UID: \"6ca9f708-ecc2-4cfe-b119-a94f8ef244a8\") "
2025-01-30 18:45:41,999 INFO c.h.h.t.HelmChartContainer - [K3S] [reconciler_common.go:162] "operationExecutor.UnmountVolume started for volume \"kube-api-access-s8x82\" (UniqueName: \"kubernetes.io/projected/6ca9f708-ecc2-4cfe-b119-a94f8ef244a8-kube-api-access-s8x82\") pod \"6ca9f708-ecc2-4cfe-b119-a94f8ef244a8\" (UID: \"6ca9f708-ecc2-4cfe-b119-a94f8ef244a8\") "
2025-01-30 18:45:42,099 INFO c.h.h.t.HelmChartContainer - [K3S] [reconciler_common.go:299] "Volume detached for volume \"kube-api-access-s8x82\" (UniqueName: \"kubernetes.io/projected/6ca9f708-ecc2-4cfe-b119-a94f8ef244a8-kube-api-access-s8x82\") on node \"3c74c6b68004\" DevicePath \"\""
2025-01-30 18:45:42,099 INFO c.h.h.t.HelmChartContainer - [K3S] [reconciler_common.go:299] "Volume detached for volume \"data\" (UniqueName: \"kubernetes.io/host-path/6ca9f708-ecc2-4cfe-b119-a94f8ef244a8-data\") on node \"3c74c6b68004\" DevicePath \"\""
2025-01-30 18:45:42,099 INFO c.h.h.t.HelmChartContainer - [K3S] [reconciler_common.go:299] "Volume detached for volume \"script\" (UniqueName: \"kubernetes.io/configmap/6ca9f708-ecc2-4cfe-b119-a94f8ef244a8-script\") on node \"3c74c6b68004\" DevicePath \"\""
2025-01-30 18:45:42,322 INFO c.h.h.t.HelmChartContainer - [POD] helper-pod-create-pvc-90c32944-931a-47eb-9823-fee7d2b29fb7 [6ca9f708-ecc2-4cfe-b119-a94f8ef244a8] in kube-system was MODIFIED
2025-01-30 18:45:42,322 INFO c.h.h.t.HelmChartContainer - [POD] helper-pod-create-pvc-90c32944-931a-47eb-9823-fee7d2b29fb7 [6ca9f708-ecc2-4cfe-b119-a94f8ef244a8] in kube-system was DELETED
2025-01-30 18:45:42,329 INFO c.h.h.t.HelmChartContainer - [EVENT] Normal [ProvisioningSucceeded] Successfully provisioned volume pvc-90c32944-931a-47eb-9823-fee7d2b29fb7 [helmvolumeclaimtemplatesit:hivemq-pvc-data-test-hivemq-platform-2]
2025-01-30 18:45:42,736 INFO c.h.h.t.HelmChartContainer - [K3S] [pod_container_deletor.go:80] "Container not found in pod's containers" containerID="fa12c84c9d3eab8d65f08a45d7b1a33e7b25fcbc1e9d37b0b2577a31bc369e2a"
2025-01-30 18:45:42,737 INFO c.h.h.t.HelmChartContainer - [K3S] [status_manager.go:890] "Failed to get status for pod" podUID="6ca9f708-ecc2-4cfe-b119-a94f8ef244a8" pod="kube-system/helper-pod-create-pvc-90c32944-931a-47eb-9823-fee7d2b29fb7" err="pods \"helper-pod-create-pvc-90c32944-931a-47eb-9823-fee7d2b29fb7\" is forbidden: User \"system:node:3c74c6b68004\" cannot get resource \"pods\" in API group \"\" in the namespace \"kube-system\": no relationship found between node '3c74c6b68004' and this object"
2025-01-30 18:45:43,218 INFO c.h.h.t.HelmChartContainer - [K3S] [memory_manager.go:355] "RemoveStaleState removing state" podUID="6ca9f708-ecc2-4cfe-b119-a94f8ef244a8" containerName="helper-pod"
2025-01-30 18:45:43,219 INFO c.h.h.t.HelmChartContainer - [EVENT] Normal [Scheduled] Successfully assigned helmvolumeclaimtemplatesit/test-hivemq-platform-2 to 3c74c6b68004 [helmvolumeclaimtemplatesit:test-hivemq-platform-2]
2025-01-30 18:45:43,219 INFO c.h.h.t.HelmChartContainer - [POD] test-hivemq-platform-2 [c960f2fc-847b-4123-8261-b7eb82af5814] in helmvolumeclaimtemplatesit was MODIFIED
2025-01-30 18:45:43,219 INFO c.h.h.t.HelmChartContainer - [K3S] [status_manager.go:890] "Failed to get status for pod" podUID="6ca9f708-ecc2-4cfe-b119-a94f8ef244a8" pod="kube-system/helper-pod-create-pvc-90c32944-931a-47eb-9823-fee7d2b29fb7" err="pods \"helper-pod-create-pvc-90c32944-931a-47eb-9823-fee7d2b29fb7\" is forbidden: User \"system:node:3c74c6b68004\" cannot get resource \"pods\" in API group \"\" in the namespace \"kube-system\": no relationship found between node '3c74c6b68004' and this object"
2025-01-30 18:45:43,222 INFO c.h.h.t.HelmChartContainer - [hivemq-test-hivemq-platform] [hivemq-platform-operator] [3dd68f49] 18:45:43.221 [pool-6-thread-24] DEBUG c.h.p.o.d.PlatformServiceResource - [helmvolu] Desired Platform services (3 services)
2025-01-30 18:45:43,226 INFO c.h.h.t.HelmChartContainer - [hivemq-test-hivemq-platform] [hivemq-platform-operator] [3dd68f49] 18:45:43.224 [pool-6-thread-26] DEBUG c.h.p.o.d.PodServiceAccountResource - [helmvolu] Desired PodServiceAccountResource (serviceAccountName: hivemq-platform-pod-test-hivemq-platform)
2025-01-30 18:45:43,226 INFO c.h.h.t.HelmChartContainer - [hivemq-test-hivemq-platform] [hivemq-platform-operator] [3dd68f49] 18:45:43.225 [pool-6-thread-27] DEBUG c.h.p.o.dependants.PodInfoConfigMap - [helmvolu] Desired PodInfo ConfigMap (1 extensions) (1 enabled)
2025-01-30 18:45:43,226 INFO c.h.h.t.HelmChartContainer - [hivemq-test-hivemq-platform] [hivemq-platform-operator] [3dd68f49] 18:45:43.225 [pool-6-thread-27] DEBUG c.h.p.o.dependants.PodInfoConfigMap - [helmvolu] Desired PodInfo ConfigMap (metrics port: 9399) (metrics path: /)
2025-01-30 18:45:43,226 INFO c.h.h.t.HelmChartContainer - [hivemq-test-hivemq-platform] [hivemq-platform-operator] [3dd68f49] 18:45:43.225 [pool-6-thread-27] DEBUG c.h.p.o.dependants.PodInfoConfigMap - [helmvolu] Desired PodInfo ConfigMap (extension state hash: -1817474005)
2025-01-30 18:45:43,230 INFO c.h.h.t.HelmChartContainer - [hivemq-test-hivemq-platform] [hivemq-platform-operator] [3dd68f49] 18:45:43.229 [pool-6-thread-27] DEBUG c.h.p.o.d.StatefulSetResource - [helmvolu] Desired StatefulSet (3 replicas) for status ROLLING_RESTART (SURGE_IN_PROGRESS)
2025-01-30 18:45:43,234 INFO c.h.h.t.HelmChartContainer - [POD] test-hivemq-platform-2 [c960f2fc-847b-4123-8261-b7eb82af5814] in helmvolumeclaimtemplatesit was MODIFIED
2025-01-30 18:45:43,241 INFO c.h.h.t.HelmChartContainer - [hivemq-test-hivemq-platform] [hivemq-platform-operator] [3dd68f49] 18:45:43.238 [ReconcilerExecutor-hivemq-controller-131] INFO  c.h.p.o.HiveMQPlatformReconciler - [helmvolu] Reconciling HiveMQ Platform 'test-hivemq-platform' in namespace 'helmvolumeclaimtemplatesit'
2025-01-30 18:45:43,241 INFO c.h.h.t.HelmChartContainer - [hivemq-test-hivemq-platform] [hivemq-platform-operator] [3dd68f49] 18:45:43.238 [ReconcilerExecutor-hivemq-controller-131] DEBUG c.h.p.o.HiveMQPlatformReconciler - [helmvolu] Custom Resource Status ROLLING_RESTART - HiveMQ Platform is starting a surge Pod (rolling restart) (SURGE_IN_PROGRESS)
2025-01-30 18:45:43,241 INFO c.h.h.t.HelmChartContainer - [hivemq-test-hivemq-platform] [hivemq-platform-operator] [3dd68f49] 18:45:43.238 [ReconcilerExecutor-hivemq-controller-131] DEBUG c.h.p.o.HiveMQPlatformReconciler - [helmvolu] Custom Resource Spec (replicas: 2) (extensions: 1)
2025-01-30 18:45:43,241 INFO c.h.h.t.HelmChartContainer - [hivemq-test-hivemq-platform] [hivemq-platform-operator] [3dd68f49] 18:45:43.240 [ReconcilerExecutor-hivemq-controller-131] DEBUG c.h.p.o.HiveMQPlatformReconciler - [helmvolu] StatefulSet Status (revision: test-hivemq-platform-59475f86c9, replicas: 3, available: 2, ready: 2, current: 2, updated: 1)
2025-01-30 18:45:43,241 INFO c.h.h.t.HelmChartContainer - [hivemq-test-hivemq-platform] [hivemq-platform-operator] [3dd68f49] 18:45:43.240 [ReconcilerExecutor-hivemq-controller-131] DEBUG c.h.p.o.HiveMQPlatformReconciler - [helmvolu] StatefulSet Spec (replicas: 3, init containers: 1, containers: 1, volumes: 4)
2025-01-30 18:45:43,244 INFO c.h.h.t.HelmChartContainer - [hivemq-test-hivemq-platform] [hivemq-platform-operator] [3dd68f49] 18:45:43.242 [ReconcilerExecutor-hivemq-controller-131] DEBUG c.h.p.o.h.HiveMQPlatformReconcilerErrorHandler - [helmvolu] Pod 'test-hivemq-platform-2' phase Pending
2025-01-30 18:45:43,244 INFO c.h.h.t.HelmChartContainer - [hivemq-test-hivemq-platform] [hivemq-platform-operator] [3dd68f49] 18:45:43.243 [ReconcilerExecutor-hivemq-controller-131] DEBUG c.h.p.o.h.HiveMQPlatformReconcilerErrorHandler - [helmvolu] Pod 'test-hivemq-platform-2' condition 'PodReadyToStartContainers': False
2025-01-30 18:45:43,244 INFO c.h.h.t.HelmChartContainer - [hivemq-test-hivemq-platform] [hivemq-platform-operator] [3dd68f49] 18:45:43.243 [ReconcilerExecutor-hivemq-controller-131] DEBUG c.h.p.o.h.HiveMQPlatformReconcilerErrorHandler - [helmvolu] Pod 'test-hivemq-platform-2' condition 'Initialized': False
2025-01-30 18:45:43,244 INFO c.h.h.t.HelmChartContainer - [hivemq-test-hivemq-platform] [hivemq-platform-operator] [3dd68f49] 18:45:43.243 [ReconcilerExecutor-hivemq-controller-131] DEBUG c.h.p.o.h.HiveMQPlatformReconcilerErrorHandler - [helmvolu] Pod 'test-hivemq-platform-2' condition 'Ready': False
2025-01-30 18:45:43,245 INFO c.h.h.t.HelmChartContainer - [hivemq-test-hivemq-platform] [hivemq-platform-operator] [3dd68f49] 18:45:43.243 [ReconcilerExecutor-hivemq-controller-131] DEBUG c.h.p.o.h.HiveMQPlatformReconcilerErrorHandler - [helmvolu] Pod 'test-hivemq-platform-2' condition 'ContainersReady': False
2025-01-30 18:45:43,245 INFO c.h.h.t.HelmChartContainer - [hivemq-test-hivemq-platform] [hivemq-platform-operator] [3dd68f49] 18:45:43.243 [ReconcilerExecutor-hivemq-controller-131] DEBUG c.h.p.o.h.HiveMQPlatformReconcilerErrorHandler - [helmvolu] Pod 'test-hivemq-platform-2' condition 'PodScheduled': True
2025-01-30 18:45:43,245 INFO c.h.h.t.HelmChartContainer - [hivemq-test-hivemq-platform] [hivemq-platform-operator] [3dd68f49] 18:45:43.243 [ReconcilerExecutor-hivemq-controller-131] DEBUG c.h.p.o.h.HiveMQPlatformReconcilerErrorHandler - [helmvolu] Pod 'test-hivemq-platform-2' containerStatus 'hivemq' (started: false) (ready: false) (waiting: [PodInitializing] null)
2025-01-30 18:45:43,245 INFO c.h.h.t.HelmChartContainer - [hivemq-test-hivemq-platform] [hivemq-platform-operator] [3dd68f49] 18:45:43.244 [ReconcilerExecutor-hivemq-controller-131] DEBUG c.h.p.o.h.HiveMQPlatformReconcilerErrorHandler - [helmvolu] Pod 'test-hivemq-platform-1' phase Running
2025-01-30 18:45:43,276 INFO c.h.h.t.HelmChartContainer - [hivemq-test-hivemq-platform] [hivemq-platform-operator] [3dd68f49] 18:45:43.275 [ReconcilerExecutor-hivemq-controller-131] DEBUG c.h.p.o.h.HiveMQPlatformReconcilerErrorHandler - [helmvolu] Pod 'test-hivemq-platform-0' phase Running
2025-01-30 18:45:43,278 INFO c.h.h.t.HelmChartContainer - [hivemq-test-hivemq-platform] [hivemq-platform-operator] [3dd68f49] 18:45:43.276 [ReconcilerExecutor-hivemq-controller-131] DEBUG c.h.p.o.h.HiveMQPlatformReconcilerRollingRestartHandler - [helmvolu] Rolling restart is waiting for 2 of 3 replicas
2025-01-30 18:45:43,281 INFO c.h.h.t.HelmChartContainer - [hivemq-test-hivemq-platform] [hivemq-platform-operator] [3dd68f49] 18:45:43.280 [pool-6-thread-31] DEBUG c.h.p.o.d.PlatformServiceResource - [helmvolu] Desired Platform services (3 services)
2025-01-30 18:45:43,281 INFO c.h.h.t.HelmChartContainer - [hivemq-test-hivemq-platform] [hivemq-platform-operator] [3dd68f49] 18:45:43.280 [pool-6-thread-36] DEBUG c.h.p.o.d.PodServiceAccountResource - [helmvolu] Desired PodServiceAccountResource (serviceAccountName: hivemq-platform-pod-test-hivemq-platform)
2025-01-30 18:45:43,284 INFO c.h.h.t.HelmChartContainer - [hivemq-test-hivemq-platform] [hivemq-platform-operator] [3dd68f49] 18:45:43.282 [pool-6-thread-40] DEBUG c.h.p.o.dependants.PodInfoConfigMap - [helmvolu] Desired PodInfo ConfigMap (1 extensions) (1 enabled)
2025-01-30 18:45:43,284 INFO c.h.h.t.HelmChartContainer - [hivemq-test-hivemq-platform] [hivemq-platform-operator] [3dd68f49] 18:45:43.282 [pool-6-thread-40] DEBUG c.h.p.o.dependants.PodInfoConfigMap - [helmvolu] Desired PodInfo ConfigMap (metrics port: 9399) (metrics path: /)
2025-01-30 18:45:43,284 INFO c.h.h.t.HelmChartContainer - [hivemq-test-hivemq-platform] [hivemq-platform-operator] [3dd68f49] 18:45:43.282 [pool-6-thread-40] DEBUG c.h.p.o.dependants.PodInfoConfigMap - [helmvolu] Desired PodInfo ConfigMap (extension state hash: -1817474005)
2025-01-30 18:45:43,287 INFO c.h.h.t.HelmChartContainer - [hivemq-test-hivemq-platform] [hivemq-platform-operator] [3dd68f49] 18:45:43.287 [pool-6-thread-31] DEBUG c.h.p.o.d.StatefulSetResource - [helmvolu] Desired StatefulSet (3 replicas) for status ROLLING_RESTART (SURGE_IN_PROGRESS)
2025-01-30 18:45:43,335 INFO c.h.h.t.HelmChartContainer - [hivemq-test-hivemq-platform] [hivemq-platform-operator] [3dd68f49] 18:45:43.334 [ReconcilerExecutor-hivemq-controller-132] INFO  c.h.p.o.HiveMQPlatformReconciler - [helmvolu] Reconciling HiveMQ Platform 'test-hivemq-platform' in namespace 'helmvolumeclaimtemplatesit'
2025-01-30 18:45:43,335 INFO c.h.h.t.HelmChartContainer - [hivemq-test-hivemq-platform] [hivemq-platform-operator] [3dd68f49] 18:45:43.334 [ReconcilerExecutor-hivemq-controller-132] DEBUG c.h.p.o.HiveMQPlatformReconciler - [helmvolu] Custom Resource Status ROLLING_RESTART - HiveMQ Platform is starting a surge Pod (rolling restart) (SURGE_IN_PROGRESS)
2025-01-30 18:45:43,335 INFO c.h.h.t.HelmChartContainer - [hivemq-test-hivemq-platform] [hivemq-platform-operator] [3dd68f49] 18:45:43.334 [ReconcilerExecutor-hivemq-controller-132] DEBUG c.h.p.o.HiveMQPlatformReconciler - [helmvolu] Custom Resource Spec (replicas: 2) (extensions: 1)
2025-01-30 18:45:43,337 INFO c.h.h.t.HelmChartContainer - [hivemq-test-hivemq-platform] [hivemq-platform-operator] [3dd68f49] 18:45:43.336 [ReconcilerExecutor-hivemq-controller-132] DEBUG c.h.p.o.HiveMQPlatformReconciler - [helmvolu] StatefulSet Status (revision: test-hivemq-platform-59475f86c9, replicas: 3, available: 2, ready: 2, current: 2, updated: 1)
2025-01-30 18:45:43,337 INFO c.h.h.t.HelmChartContainer - [hivemq-test-hivemq-platform] [hivemq-platform-operator] [3dd68f49] 18:45:43.336 [ReconcilerExecutor-hivemq-controller-132] DEBUG c.h.p.o.HiveMQPlatformReconciler - [helmvolu] StatefulSet Spec (replicas: 3, init containers: 1, containers: 1, volumes: 4)
2025-01-30 18:45:43,339 INFO c.h.h.t.HelmChartContainer - [hivemq-test-hivemq-platform] [hivemq-platform-operator] [3dd68f49] 18:45:43.337 [ReconcilerExecutor-hivemq-controller-132] DEBUG c.h.p.o.h.HiveMQPlatformReconcilerErrorHandler - [helmvolu] Pod 'test-hivemq-platform-2' phase Pending
2025-01-30 18:45:43,340 INFO c.h.h.t.HelmChartContainer - [hivemq-test-hivemq-platform] [hivemq-platform-operator] [3dd68f49] 18:45:43.338 [ReconcilerExecutor-hivemq-controller-132] DEBUG c.h.p.o.h.HiveMQPlatformReconcilerErrorHandler - [helmvolu] Pod 'test-hivemq-platform-2' condition 'PodReadyToStartContainers': False
2025-01-30 18:45:43,340 INFO c.h.h.t.HelmChartContainer - [hivemq-test-hivemq-platform] [hivemq-platform-operator] [3dd68f49] 18:45:43.338 [ReconcilerExecutor-hivemq-controller-132] DEBUG c.h.p.o.h.HiveMQPlatformReconcilerErrorHandler - [helmvolu] Pod 'test-hivemq-platform-2' condition 'Initialized': False
2025-01-30 18:45:43,340 INFO c.h.h.t.HelmChartContainer - [hivemq-test-hivemq-platform] [hivemq-platform-operator] [3dd68f49] 18:45:43.338 [ReconcilerExecutor-hivemq-controller-132] DEBUG c.h.p.o.h.HiveMQPlatformReconcilerErrorHandler - [helmvolu] Pod 'test-hivemq-platform-2' condition 'Ready': False
2025-01-30 18:45:43,340 INFO c.h.h.t.HelmChartContainer - [hivemq-test-hivemq-platform] [hivemq-platform-operator] [3dd68f49] 18:45:43.338 [ReconcilerExecutor-hivemq-controller-132] DEBUG c.h.p.o.h.HiveMQPlatformReconcilerErrorHandler - [helmvolu] Pod 'test-hivemq-platform-2' condition 'ContainersReady': False
2025-01-30 18:45:43,340 INFO c.h.h.t.HelmChartContainer - [hivemq-test-hivemq-platform] [hivemq-platform-operator] [3dd68f49] 18:45:43.338 [ReconcilerExecutor-hivemq-controller-132] DEBUG c.h.p.o.h.HiveMQPlatformReconcilerErrorHandler - [helmvolu] Pod 'test-hivemq-platform-2' condition 'PodScheduled': True
2025-01-30 18:45:43,340 INFO c.h.h.t.HelmChartContainer - [hivemq-test-hivemq-platform] [hivemq-platform-operator] [3dd68f49] 18:45:43.338 [ReconcilerExecutor-hivemq-controller-132] DEBUG c.h.p.o.h.HiveMQPlatformReconcilerErrorHandler - [helmvolu] Pod 'test-hivemq-platform-2' containerStatus 'hivemq' (started: false) (ready: false) (waiting: [PodInitializing] null)
2025-01-30 18:45:43,376 INFO c.h.h.t.HelmChartContainer - [hivemq-test-hivemq-platform] [hivemq-platform-operator] [3dd68f49] 18:45:43.340 [ReconcilerExecutor-hivemq-controller-132] DEBUG c.h.p.o.h.HiveMQPlatformReconcilerErrorHandler - [helmvolu] Pod 'test-hivemq-platform-1' phase Running
2025-01-30 18:45:43,378 INFO c.h.h.t.HelmChartContainer - [hivemq-test-hivemq-platform] [hivemq-platform-operator] [3dd68f49] 18:45:43.377 [ReconcilerExecutor-hivemq-controller-132] DEBUG c.h.p.o.h.HiveMQPlatformReconcilerErrorHandler - [helmvolu] Pod 'test-hivemq-platform-0' phase Running
2025-01-30 18:45:43,378 INFO c.h.h.t.HelmChartContainer - [hivemq-test-hivemq-platform] [hivemq-platform-operator] [3dd68f49] 18:45:43.377 [ReconcilerExecutor-hivemq-controller-132] DEBUG c.h.p.o.h.HiveMQPlatformReconcilerRollingRestartHandler - [helmvolu] Rolling restart is waiting for 2 of 3 replicas
2025-01-30 18:45:43,408 INFO c.h.h.t.HelmChartContainer - [K3S] [reconciler_common.go:251] "operationExecutor.VerifyControllerAttachedVolume started for volume \"operator-init\" (UniqueName: \"kubernetes.io/empty-dir/c960f2fc-847b-4123-8261-b7eb82af5814-operator-init\") pod \"test-hivemq-platform-2\" (UID: \"c960f2fc-847b-4123-8261-b7eb82af5814\") " pod="helmvolumeclaimtemplatesit/test-hivemq-platform-2"
2025-01-30 18:45:43,408 INFO c.h.h.t.HelmChartContainer - [K3S] [reconciler_common.go:251] "operationExecutor.VerifyControllerAttachedVolume started for volume \"pvc-90c32944-931a-47eb-9823-fee7d2b29fb7\" (UniqueName: \"kubernetes.io/local-volume/pvc-90c32944-931a-47eb-9823-fee7d2b29fb7\") pod \"test-hivemq-platform-2\" (UID: \"c960f2fc-847b-4123-8261-b7eb82af5814\") " pod="helmvolumeclaimtemplatesit/test-hivemq-platform-2"
2025-01-30 18:45:43,408 INFO c.h.h.t.HelmChartContainer - [K3S] [reconciler_common.go:251] "operationExecutor.VerifyControllerAttachedVolume started for volume \"pod-info\" (UniqueName: \"kubernetes.io/configmap/c960f2fc-847b-4123-8261-b7eb82af5814-pod-info\") pod \"test-hivemq-platform-2\" (UID: \"c960f2fc-847b-4123-8261-b7eb82af5814\") " pod="helmvolumeclaimtemplatesit/test-hivemq-platform-2"
2025-01-30 18:45:43,408 INFO c.h.h.t.HelmChartContainer - [K3S] [reconciler_common.go:251] "operationExecutor.VerifyControllerAttachedVolume started for volume \"broker-configuration\" (UniqueName: \"kubernetes.io/configmap/c960f2fc-847b-4123-8261-b7eb82af5814-broker-configuration\") pod \"test-hivemq-platform-2\" (UID: \"c960f2fc-847b-4123-8261-b7eb82af5814\") " pod="helmvolumeclaimtemplatesit/test-hivemq-platform-2"
2025-01-30 18:45:43,408 INFO c.h.h.t.HelmChartContainer - [K3S] [reconciler_common.go:251] "operationExecutor.VerifyControllerAttachedVolume started for volume \"kube-api-access-sqlbk\" (UniqueName: \"kubernetes.io/projected/c960f2fc-847b-4123-8261-b7eb82af5814-kube-api-access-sqlbk\") pod \"test-hivemq-platform-2\" (UID: \"c960f2fc-847b-4123-8261-b7eb82af5814\") " pod="helmvolumeclaimtemplatesit/test-hivemq-platform-2"
2025-01-30 18:45:43,609 INFO c.h.h.t.HelmChartContainer - [EVENT] Normal [Pulled] Container image "docker.io/hivemq/hivemq-platform-operator-init-test:snapshot" already present on machine [helmvolumeclaimtemplatesit:test-hivemq-platform-2]
2025-01-30 18:45:43,616 INFO c.h.h.t.HelmChartContainer - [EVENT] Normal [Created] Created container: hivemq-platform-operator-init [helmvolumeclaimtemplatesit:test-hivemq-platform-2]
2025-01-30 18:45:43,650 INFO c.h.h.t.HelmChartContainer - [EVENT] Normal [Started] Started container hivemq-platform-operator-init [helmvolumeclaimtemplatesit:test-hivemq-platform-2]
2025-01-30 18:45:43,756 INFO c.h.h.t.HelmChartContainer - [K3S] [status_manager.go:890] "Failed to get status for pod" podUID="6ca9f708-ecc2-4cfe-b119-a94f8ef244a8" pod="kube-system/helper-pod-create-pvc-90c32944-931a-47eb-9823-fee7d2b29fb7" err="pods \"helper-pod-create-pvc-90c32944-931a-47eb-9823-fee7d2b29fb7\" is forbidden: User \"system:node:3c74c6b68004\" cannot get resource \"pods\" in API group \"\" in the namespace \"kube-system\": no relationship found between node '3c74c6b68004' and this object"
2025-01-30 18:45:43,757 INFO c.h.h.t.HelmChartContainer - [POD] test-hivemq-platform-2 [c960f2fc-847b-4123-8261-b7eb82af5814] in helmvolumeclaimtemplatesit was MODIFIED
2025-01-30 18:45:43,765 INFO c.h.h.t.HelmChartContainer - [hivemq-test-hivemq-platform] [hivemq-platform-operator] [3dd68f49] 18:45:43.762 [pool-6-thread-48] DEBUG c.h.p.o.d.PlatformServiceResource - [helmvolu] Desired Platform services (3 services)
2025-01-30 18:45:43,772 INFO c.h.h.t.HelmChartContainer - [hivemq-test-hivemq-platform] [hivemq-platform-operator] [3dd68f49] 18:45:43.764 [pool-6-thread-46] DEBUG c.h.p.o.dependants.PodInfoConfigMap - [helmvolu] Desired PodInfo ConfigMap (1 extensions) (1 enabled)
2025-01-30 18:45:43,772 INFO c.h.h.t.HelmChartContainer - [hivemq-test-hivemq-platform] [hivemq-platform-operator] [3dd68f49] 18:45:43.764 [pool-6-thread-46] DEBUG c.h.p.o.dependants.PodInfoConfigMap - [helmvolu] Desired PodInfo ConfigMap (metrics port: 9399) (metrics path: /)
2025-01-30 18:45:43,772 INFO c.h.h.t.HelmChartContainer - [hivemq-test-hivemq-platform] [hivemq-platform-operator] [3dd68f49] 18:45:43.764 [pool-6-thread-46] DEBUG c.h.p.o.dependants.PodInfoConfigMap - [helmvolu] Desired PodInfo ConfigMap (extension state hash: -1817474005)
2025-01-30 18:45:43,772 INFO c.h.h.t.HelmChartContainer - [hivemq-test-hivemq-platform] [hivemq-platform-operator] [3dd68f49] 18:45:43.765 [pool-6-thread-44] DEBUG c.h.p.o.d.PodServiceAccountResource - [helmvolu] Desired PodServiceAccountResource (serviceAccountName: hivemq-platform-pod-test-hivemq-platform)
2025-01-30 18:45:43,773 INFO c.h.h.t.HelmChartContainer - [hivemq-test-hivemq-platform] [hivemq-platform-operator] [3dd68f49] 18:45:43.771 [pool-6-thread-46] DEBUG c.h.p.o.d.StatefulSetResource - [helmvolu] Desired StatefulSet (3 replicas) for status ROLLING_RESTART (SURGE_IN_PROGRESS)
2025-01-30 18:45:43,780 INFO c.h.h.t.HelmChartContainer - [hivemq-test-hivemq-platform] [hivemq-platform-operator] [3dd68f49] 18:45:43.778 [ReconcilerExecutor-hivemq-controller-133] INFO  c.h.p.o.HiveMQPlatformReconciler - [helmvolu] Reconciling HiveMQ Platform 'test-hivemq-platform' in namespace 'helmvolumeclaimtemplatesit'
2025-01-30 18:45:43,780 INFO c.h.h.t.HelmChartContainer - [hivemq-test-hivemq-platform] [hivemq-platform-operator] [3dd68f49] 18:45:43.778 [ReconcilerExecutor-hivemq-controller-133] DEBUG c.h.p.o.HiveMQPlatformReconciler - [helmvolu] Custom Resource Status ROLLING_RESTART - HiveMQ Platform is starting a surge Pod (rolling restart) (SURGE_IN_PROGRESS)
2025-01-30 18:45:43,780 INFO c.h.h.t.HelmChartContainer - [hivemq-test-hivemq-platform] [hivemq-platform-operator] [3dd68f49] 18:45:43.779 [ReconcilerExecutor-hivemq-controller-133] DEBUG c.h.p.o.HiveMQPlatformReconciler - [helmvolu] Custom Resource Spec (replicas: 2) (extensions: 1)
2025-01-30 18:45:43,784 INFO c.h.h.t.HelmChartContainer - [hivemq-test-hivemq-platform] [hivemq-platform-operator] [3dd68f49] 18:45:43.780 [ReconcilerExecutor-hivemq-controller-133] DEBUG c.h.p.o.HiveMQPlatformReconciler - [helmvolu] StatefulSet Status (revision: test-hivemq-platform-59475f86c9, replicas: 3, available: 2, ready: 2, current: 2, updated: 1)
2025-01-30 18:45:43,784 INFO c.h.h.t.HelmChartContainer - [hivemq-test-hivemq-platform] [hivemq-platform-operator] [3dd68f49] 18:45:43.780 [ReconcilerExecutor-hivemq-controller-133] DEBUG c.h.p.o.HiveMQPlatformReconciler - [helmvolu] StatefulSet Spec (replicas: 3, init containers: 1, containers: 1, volumes: 4)
2025-01-30 18:45:43,786 INFO c.h.h.t.HelmChartContainer - [hivemq-test-hivemq-platform] [hivemq-platform-operator] [3dd68f49] 18:45:43.781 [ReconcilerExecutor-hivemq-controller-133] DEBUG c.h.p.o.h.HiveMQPlatformReconcilerErrorHandler - [helmvolu] Pod 'test-hivemq-platform-2' phase Pending
2025-01-30 18:45:43,786 INFO c.h.h.t.HelmChartContainer - [hivemq-test-hivemq-platform] [hivemq-platform-operator] [3dd68f49] 18:45:43.782 [ReconcilerExecutor-hivemq-controller-133] DEBUG c.h.p.o.h.HiveMQPlatformReconcilerErrorHandler - [helmvolu] Pod 'test-hivemq-platform-2' condition 'PodReadyToStartContainers': True
2025-01-30 18:45:43,786 INFO c.h.h.t.HelmChartContainer - [hivemq-test-hivemq-platform] [hivemq-platform-operator] [3dd68f49] 18:45:43.782 [ReconcilerExecutor-hivemq-controller-133] DEBUG c.h.p.o.h.HiveMQPlatformReconcilerErrorHandler - [helmvolu] Pod 'test-hivemq-platform-2' condition 'Initialized': False
2025-01-30 18:45:43,786 INFO c.h.h.t.HelmChartContainer - [hivemq-test-hivemq-platform] [hivemq-platform-operator] [3dd68f49] 18:45:43.783 [ReconcilerExecutor-hivemq-controller-133] DEBUG c.h.p.o.h.HiveMQPlatformReconcilerErrorHandler - [helmvolu] Pod 'test-hivemq-platform-2' condition 'Ready': False
2025-01-30 18:45:43,786 INFO c.h.h.t.HelmChartContainer - [hivemq-test-hivemq-platform] [hivemq-platform-operator] [3dd68f49] 18:45:43.784 [ReconcilerExecutor-hivemq-controller-133] DEBUG c.h.p.o.h.HiveMQPlatformReconcilerErrorHandler - [helmvolu] Pod 'test-hivemq-platform-2' condition 'ContainersReady': False
2025-01-30 18:45:43,786 INFO c.h.h.t.HelmChartContainer - [hivemq-test-hivemq-platform] [hivemq-platform-operator] [3dd68f49] 18:45:43.784 [ReconcilerExecutor-hivemq-controller-133] DEBUG c.h.p.o.h.HiveMQPlatformReconcilerErrorHandler - [helmvolu] Pod 'test-hivemq-platform-2' condition 'PodScheduled': True
2025-01-30 18:45:43,786 INFO c.h.h.t.HelmChartContainer - [hivemq-test-hivemq-platform] [hivemq-platform-operator] [3dd68f49] 18:45:43.784 [ReconcilerExecutor-hivemq-controller-133] DEBUG c.h.p.o.h.HiveMQPlatformReconcilerErrorHandler - [helmvolu] Pod 'test-hivemq-platform-2' containerStatus 'hivemq' (started: false) (ready: false) (waiting: [PodInitializing] null)
2025-01-30 18:45:43,787 INFO c.h.h.t.HelmChartContainer - [hivemq-test-hivemq-platform] [hivemq-platform-operator] [3dd68f49] 18:45:43.785 [ReconcilerExecutor-hivemq-controller-133] DEBUG c.h.p.o.h.HiveMQPlatformReconcilerErrorHandler - [helmvolu] Pod 'test-hivemq-platform-1' phase Running
2025-01-30 18:45:43,836 INFO c.h.h.t.HelmChartContainer - [hivemq-test-hivemq-platform] [hivemq-platform-operator] [3dd68f49] 18:45:43.834 [ReconcilerExecutor-hivemq-controller-133] DEBUG c.h.p.o.h.HiveMQPlatformReconcilerErrorHandler - [helmvolu] Pod 'test-hivemq-platform-0' phase Running
2025-01-30 18:45:43,836 INFO c.h.h.t.HelmChartContainer - [hivemq-test-hivemq-platform] [hivemq-platform-operator] [3dd68f49] 18:45:43.835 [ReconcilerExecutor-hivemq-controller-133] DEBUG c.h.p.o.h.HiveMQPlatformReconcilerRollingRestartHandler - [helmvolu] Rolling restart is waiting for 2 of 3 replicas
2025-01-30 18:45:44,302 INFO c.h.h.t.HelmChartContainer - [K3S] [kubelet_volumes.go:163] "Cleaned up orphaned pod volumes dir" podUID="6ca9f708-ecc2-4cfe-b119-a94f8ef244a8" path="/var/lib/kubelet/pods/6ca9f708-ecc2-4cfe-b119-a94f8ef244a8/volumes"
2025-01-30 18:45:44,747 INFO c.h.h.t.HelmChartContainer - [EVENT] Normal [Pulled] Container image "docker.io/hivemq/hivemq4:4.36.0" already present on machine [helmvolumeclaimtemplatesit:test-hivemq-platform-2]
2025-01-30 18:45:44,747 INFO c.h.h.t.HelmChartContainer - Received Pulled event for container hivemq in pod test-hivemq-platform-2 [c960f2fc-847b-4123-8261-b7eb82af5814]
2025-01-30 18:45:44,754 INFO c.h.h.t.HelmChartContainer - [POD] test-hivemq-platform-2 [c960f2fc-847b-4123-8261-b7eb82af5814] in helmvolumeclaimtemplatesit was MODIFIED
2025-01-30 18:45:44,759 INFO c.h.h.t.HelmChartContainer - [EVENT] Normal [Created] Created container: hivemq [helmvolumeclaimtemplatesit:test-hivemq-platform-2]
2025-01-30 18:45:44,759 INFO c.h.h.t.HelmChartContainer - Received Created event for container hivemq in pod test-hivemq-platform-2 [c960f2fc-847b-4123-8261-b7eb82af5814]
2025-01-30 18:45:44,760 INFO c.h.h.t.HelmChartContainer - [hivemq-test-hivemq-platform] [hivemq-platform-operator] [3dd68f49] 18:45:44.758 [pool-6-thread-7] DEBUG c.h.p.o.d.PlatformServiceResource - [helmvolu] Desired Platform services (3 services)
2025-01-30 18:45:44,761 INFO c.h.h.t.HelmChartContainer - [hivemq-test-hivemq-platform] [hivemq-platform-operator] [3dd68f49] 18:45:44.759 [pool-6-thread-10] DEBUG c.h.p.o.dependants.PodInfoConfigMap - [helmvolu] Desired PodInfo ConfigMap (1 extensions) (1 enabled)
2025-01-30 18:45:44,761 INFO c.h.h.t.HelmChartContainer - [hivemq-test-hivemq-platform] [hivemq-platform-operator] [3dd68f49] 18:45:44.760 [pool-6-thread-10] DEBUG c.h.p.o.dependants.PodInfoConfigMap - [helmvolu] Desired PodInfo ConfigMap (metrics port: 9399) (metrics path: /)
2025-01-30 18:45:44,761 INFO c.h.h.t.HelmChartContainer - [hivemq-test-hivemq-platform] [hivemq-platform-operator] [3dd68f49] 18:45:44.760 [pool-6-thread-10] DEBUG c.h.p.o.dependants.PodInfoConfigMap - [helmvolu] Desired PodInfo ConfigMap (extension state hash: -1817474005)
2025-01-30 18:45:44,768 INFO c.h.h.t.HelmChartContainer - [hivemq-test-hivemq-platform] [hivemq-platform-operator] [3dd68f49] 18:45:44.762 [pool-6-thread-4] DEBUG c.h.p.o.d.PodServiceAccountResource - [helmvolu] Desired PodServiceAccountResource (serviceAccountName: hivemq-platform-pod-test-hivemq-platform)
2025-01-30 18:45:44,776 INFO c.h.h.t.HelmChartContainer - [hivemq-test-hivemq-platform] [hivemq-platform-operator] [3dd68f49] 18:45:44.774 [pool-6-thread-7] DEBUG c.h.p.o.d.StatefulSetResource - [helmvolu] Desired StatefulSet (3 replicas) for status ROLLING_RESTART (SURGE_IN_PROGRESS)
2025-01-30 18:45:44,784 INFO c.h.h.t.HelmChartContainer - [hivemq-test-hivemq-platform] [hivemq-platform-operator] [3dd68f49] 18:45:44.781 [ReconcilerExecutor-hivemq-controller-134] INFO  c.h.p.o.HiveMQPlatformReconciler - [helmvolu] Reconciling HiveMQ Platform 'test-hivemq-platform' in namespace 'helmvolumeclaimtemplatesit'
2025-01-30 18:45:44,784 INFO c.h.h.t.HelmChartContainer - [hivemq-test-hivemq-platform] [hivemq-platform-operator] [3dd68f49] 18:45:44.781 [ReconcilerExecutor-hivemq-controller-134] DEBUG c.h.p.o.HiveMQPlatformReconciler - [helmvolu] Custom Resource Status ROLLING_RESTART - HiveMQ Platform is starting a surge Pod (rolling restart) (SURGE_IN_PROGRESS)
2025-01-30 18:45:44,784 INFO c.h.h.t.HelmChartContainer - [hivemq-test-hivemq-platform] [hivemq-platform-operator] [3dd68f49] 18:45:44.781 [ReconcilerExecutor-hivemq-controller-134] DEBUG c.h.p.o.HiveMQPlatformReconciler - [helmvolu] Custom Resource Spec (replicas: 2) (extensions: 1)
2025-01-30 18:45:44,784 INFO c.h.h.t.HelmChartContainer - [hivemq-test-hivemq-platform] [hivemq-platform-operator] [3dd68f49] 18:45:44.783 [ReconcilerExecutor-hivemq-controller-134] DEBUG c.h.p.o.HiveMQPlatformReconciler - [helmvolu] StatefulSet Status (revision: test-hivemq-platform-59475f86c9, replicas: 3, available: 2, ready: 2, current: 2, updated: 1)
2025-01-30 18:45:44,784 INFO c.h.h.t.HelmChartContainer - [hivemq-test-hivemq-platform] [hivemq-platform-operator] [3dd68f49] 18:45:44.783 [ReconcilerExecutor-hivemq-controller-134] DEBUG c.h.p.o.HiveMQPlatformReconciler - [helmvolu] StatefulSet Spec (replicas: 3, init containers: 1, containers: 1, volumes: 4)
2025-01-30 18:45:44,834 INFO c.h.h.t.HelmChartContainer - [hivemq-test-hivemq-platform] [hivemq-platform-operator] [3dd68f49] 18:45:44.833 [ReconcilerExecutor-hivemq-controller-134] DEBUG c.h.p.o.h.HiveMQPlatformReconcilerErrorHandler - [helmvolu] Pod 'test-hivemq-platform-2' phase Pending
2025-01-30 18:45:44,836 INFO c.h.h.t.HelmChartContainer - [hivemq-test-hivemq-platform] [hivemq-platform-operator] [3dd68f49] 18:45:44.834 [ReconcilerExecutor-hivemq-controller-134] DEBUG c.h.p.o.h.HiveMQPlatformReconcilerErrorHandler - [helmvolu] Pod 'test-hivemq-platform-2' condition 'PodReadyToStartContainers': True
2025-01-30 18:45:44,836 INFO c.h.h.t.HelmChartContainer - [hivemq-test-hivemq-platform] [hivemq-platform-operator] [3dd68f49] 18:45:44.834 [ReconcilerExecutor-hivemq-controller-134] DEBUG c.h.p.o.h.HiveMQPlatformReconcilerErrorHandler - [helmvolu] Pod 'test-hivemq-platform-2' condition 'Initialized': True
2025-01-30 18:45:44,836 INFO c.h.h.t.HelmChartContainer - [hivemq-test-hivemq-platform] [hivemq-platform-operator] [3dd68f49] 18:45:44.834 [ReconcilerExecutor-hivemq-controller-134] DEBUG c.h.p.o.h.HiveMQPlatformReconcilerErrorHandler - [helmvolu] Pod 'test-hivemq-platform-2' condition 'Ready': False
2025-01-30 18:45:44,836 INFO c.h.h.t.HelmChartContainer - [hivemq-test-hivemq-platform] [hivemq-platform-operator] [3dd68f49] 18:45:44.834 [ReconcilerExecutor-hivemq-controller-134] DEBUG c.h.p.o.h.HiveMQPlatformReconcilerErrorHandler - [helmvolu] Pod 'test-hivemq-platform-2' condition 'ContainersReady': False
2025-01-30 18:45:44,836 INFO c.h.h.t.HelmChartContainer - [hivemq-test-hivemq-platform] [hivemq-platform-operator] [3dd68f49] 18:45:44.834 [ReconcilerExecutor-hivemq-controller-134] DEBUG c.h.p.o.h.HiveMQPlatformReconcilerErrorHandler - [helmvolu] Pod 'test-hivemq-platform-2' condition 'PodScheduled': True
2025-01-30 18:45:44,836 INFO c.h.h.t.HelmChartContainer - [hivemq-test-hivemq-platform] [hivemq-platform-operator] [3dd68f49] 18:45:44.834 [ReconcilerExecutor-hivemq-controller-134] DEBUG c.h.p.o.h.HiveMQPlatformReconcilerErrorHandler - [helmvolu] Pod 'test-hivemq-platform-2' containerStatus 'hivemq' (started: false) (ready: false) (waiting: [PodInitializing] null)
2025-01-30 18:45:44,837 INFO c.h.h.t.HelmChartContainer - [hivemq-test-hivemq-platform] [hivemq-platform-operator] [3dd68f49] 18:45:44.837 [ReconcilerExecutor-hivemq-controller-134] DEBUG c.h.p.o.h.HiveMQPlatformReconcilerErrorHandler - [helmvolu] Pod 'test-hivemq-platform-1' phase Running
2025-01-30 18:45:44,839 INFO c.h.h.t.HelmChartContainer - [hivemq-test-hivemq-platform] [hivemq-platform-operator] [3dd68f49] 18:45:44.838 [ReconcilerExecutor-hivemq-controller-134] DEBUG c.h.p.o.h.HiveMQPlatformReconcilerErrorHandler - [helmvolu] Pod 'test-hivemq-platform-0' phase Running
2025-01-30 18:45:44,839 INFO c.h.h.t.HelmChartContainer - [hivemq-test-hivemq-platform] [hivemq-platform-operator] [3dd68f49] 18:45:44.838 [ReconcilerExecutor-hivemq-controller-134] DEBUG c.h.p.o.h.HiveMQPlatformReconcilerRollingRestartHandler - [helmvolu] Rolling restart is waiting for 2 of 3 replicas
2025-01-30 18:45:45,759 INFO c.h.h.t.HelmChartContainer - [POD] test-hivemq-platform-2 [c960f2fc-847b-4123-8261-b7eb82af5814] in helmvolumeclaimtemplatesit was MODIFIED
2025-01-30 18:45:45,771 INFO c.h.h.t.HelmChartContainer - [EVENT] Normal [Started] Started container hivemq [helmvolumeclaimtemplatesit:test-hivemq-platform-2]
2025-01-30 18:45:45,771 INFO c.h.h.t.HelmChartContainer - Received Started event for container hivemq in pod test-hivemq-platform-2 [c960f2fc-847b-4123-8261-b7eb82af5814]
2025-01-30 18:45:45,771 INFO c.h.h.t.HelmChartContainer - Started log watcher for hivemq in pod test-hivemq-platform-2 [c960f2fc-847b-4123-8261-b7eb82af5814]
2025-01-30 18:45:45,775 INFO c.h.h.t.HelmChartContainer - [test-hivemq-platform] [hivemq] [c960f2fc] Adding pre-installed HiveMQ Platform Operator extensions
2025-01-30 18:45:45,775 INFO c.h.h.t.HelmChartContainer - [test-hivemq-platform] [hivemq] [c960f2fc] Running as user 10000
2025-01-30 18:45:45,775 INFO c.h.h.t.HelmChartContainer - [test-hivemq-platform] [hivemq] [c960f2fc] Starting HiveMQ Platform Operator Init
2025-01-30 18:45:45,775 INFO c.h.h.t.HelmChartContainer - [hivemq-test-hivemq-platform] [hivemq-platform-operator] [3dd68f49] 18:45:45.770 [pool-6-thread-16] DEBUG c.h.p.o.d.PlatformServiceResource - [helmvolu] Desired Platform services (3 services)
2025-01-30 18:45:45,775 INFO c.h.h.t.HelmChartContainer - [hivemq-test-hivemq-platform] [hivemq-platform-operator] [3dd68f49] 18:45:45.771 [pool-6-thread-20] DEBUG c.h.p.o.dependants.PodInfoConfigMap - [helmvolu] Desired PodInfo ConfigMap (1 extensions) (1 enabled)
2025-01-30 18:45:45,775 INFO c.h.h.t.HelmChartContainer - [hivemq-test-hivemq-platform] [hivemq-platform-operator] [3dd68f49] 18:45:45.772 [pool-6-thread-20] DEBUG c.h.p.o.dependants.PodInfoConfigMap - [helmvolu] Desired PodInfo ConfigMap (metrics port: 9399) (metrics path: /)
2025-01-30 18:45:45,775 INFO c.h.h.t.HelmChartContainer - [hivemq-test-hivemq-platform] [hivemq-platform-operator] [3dd68f49] 18:45:45.772 [pool-6-thread-20] DEBUG c.h.p.o.dependants.PodInfoConfigMap - [helmvolu] Desired PodInfo ConfigMap (extension state hash: -1817474005)
2025-01-30 18:45:45,775 INFO c.h.h.t.HelmChartContainer - [hivemq-test-hivemq-platform] [hivemq-platform-operator] [3dd68f49] 18:45:45.772 [pool-6-thread-20] DEBUG c.h.p.o.d.PodServiceAccountResource - [helmvolu] Desired PodServiceAccountResource (serviceAccountName: hivemq-platform-pod-test-hivemq-platform)
2025-01-30 18:45:45,781 INFO c.h.h.t.HelmChartContainer - [hivemq-test-hivemq-platform] [hivemq-platform-operator] [3dd68f49] 18:45:45.777 [pool-6-thread-16] DEBUG c.h.p.o.d.StatefulSetResource - [helmvolu] Desired StatefulSet (3 replicas) for status ROLLING_RESTART (SURGE_IN_PROGRESS)
2025-01-30 18:45:45,783 INFO c.h.h.t.HelmChartContainer - [hivemq-test-hivemq-platform] [hivemq-platform-operator] [3dd68f49] 18:45:45.781 [ReconcilerExecutor-hivemq-controller-135] INFO  c.h.p.o.HiveMQPlatformReconciler - [helmvolu] Reconciling HiveMQ Platform 'test-hivemq-platform' in namespace 'helmvolumeclaimtemplatesit'
2025-01-30 18:45:45,783 INFO c.h.h.t.HelmChartContainer - [hivemq-test-hivemq-platform] [hivemq-platform-operator] [3dd68f49] 18:45:45.782 [ReconcilerExecutor-hivemq-controller-135] DEBUG c.h.p.o.HiveMQPlatformReconciler - [helmvolu] Custom Resource Status ROLLING_RESTART - HiveMQ Platform is starting a surge Pod (rolling restart) (SURGE_IN_PROGRESS)
2025-01-30 18:45:45,783 INFO c.h.h.t.HelmChartContainer - [hivemq-test-hivemq-platform] [hivemq-platform-operator] [3dd68f49] 18:45:45.782 [ReconcilerExecutor-hivemq-controller-135] DEBUG c.h.p.o.HiveMQPlatformReconciler - [helmvolu] Custom Resource Spec (replicas: 2) (extensions: 1)
2025-01-30 18:45:45,786 INFO c.h.h.t.HelmChartContainer - [hivemq-test-hivemq-platform] [hivemq-platform-operator] [3dd68f49] 18:45:45.785 [ReconcilerExecutor-hivemq-controller-135] DEBUG c.h.p.o.HiveMQPlatformReconciler - [helmvolu] StatefulSet Status (revision: test-hivemq-platform-59475f86c9, replicas: 3, available: 2, ready: 2, current: 2, updated: 1)
2025-01-30 18:45:45,843 INFO c.h.h.t.HelmChartContainer - [hivemq-test-hivemq-platform] [hivemq-platform-operator] [3dd68f49] 18:45:45.785 [ReconcilerExecutor-hivemq-controller-135] DEBUG c.h.p.o.HiveMQPlatformReconciler - [helmvolu] StatefulSet Spec (replicas: 3, init containers: 1, containers: 1, volumes: 4)
2025-01-30 18:45:45,843 INFO c.h.h.t.HelmChartContainer - [hivemq-test-hivemq-platform] [hivemq-platform-operator] [3dd68f49] 18:45:45.838 [ReconcilerExecutor-hivemq-controller-135] DEBUG c.h.p.o.h.HiveMQPlatformReconcilerErrorHandler - [helmvolu] Pod 'test-hivemq-platform-2' phase Running
2025-01-30 18:45:45,843 INFO c.h.h.t.HelmChartContainer - [hivemq-test-hivemq-platform] [hivemq-platform-operator] [3dd68f49] 18:45:45.839 [ReconcilerExecutor-hivemq-controller-135] DEBUG c.h.p.o.h.HiveMQPlatformReconcilerErrorHandler - [helmvolu] Pod 'test-hivemq-platform-1' phase Running
2025-01-30 18:45:45,845 INFO c.h.h.t.HelmChartContainer - [hivemq-test-hivemq-platform] [hivemq-platform-operator] [3dd68f49] 18:45:45.843 [ReconcilerExecutor-hivemq-controller-135] DEBUG c.h.p.o.h.HiveMQPlatformReconcilerErrorHandler - [helmvolu] Pod 'test-hivemq-platform-0' phase Running
2025-01-30 18:45:45,845 INFO c.h.h.t.HelmChartContainer - [hivemq-test-hivemq-platform] [hivemq-platform-operator] [3dd68f49] 18:45:45.844 [ReconcilerExecutor-hivemq-controller-135] DEBUG c.h.p.o.h.HiveMQPlatformReconcilerRollingRestartHandler - [helmvolu] Rolling restart is waiting for 2 of 3 replicas
2025-01-30 18:45:46,037 INFO c.h.h.t.HelmChartContainer - [test-hivemq-platform] [hivemq] [c960f2fc] INFO  - [HiveMQ Platform Operator Init 1.7.0-SNAPSHOT] HiveMQ Platform Operator Init 1.7.0-SNAPSHOT (commit: 47e3375 on branch: HEAD) built on Thu Jan 30 03:55:50 UTC 2025
2025-01-30 18:45:47,267 INFO c.h.h.t.HelmChartContainer - [test-hivemq-platform] [hivemq] [c960f2fc] INFO  - [HiveMQ Platform Operator Init App 1.7.0-SNAPSHOT] Using bind address 10.42.0.13 from environment variable
2025-01-30 18:45:48,236 INFO c.h.h.t.HelmChartContainer - [test-hivemq-platform] [hivemq] [c960f2fc] INFO  - [HiveMQ Platform Operator Init App 1.7.0-SNAPSHOT] HiveMQ Platform Operator Init App 1.7.0-SNAPSHOT (commit: 47e3375 on branch: HEAD) built on Thu Jan 30 03:55:50 UTC 2025
2025-01-30 18:45:48,236 INFO c.h.h.t.HelmChartContainer - [test-hivemq-platform] [hivemq] [c960f2fc] INFO  - [HiveMQ Platform Operator Init App 1.7.0-SNAPSHOT] PodInfo ConfigMap directory: /etc/podinfo
2025-01-30 18:45:48,236 INFO c.h.h.t.HelmChartContainer - [test-hivemq-platform] [hivemq] [c960f2fc] INFO  - [HiveMQ Platform Operator Init App 1.7.0-SNAPSHOT] HiveMQ home directory: /opt/hivemq
2025-01-30 18:45:48,236 INFO c.h.h.t.HelmChartContainer - [test-hivemq-platform] [hivemq] [c960f2fc] INFO  - [HiveMQ Platform Operator Init App 1.7.0-SNAPSHOT] HiveMQ Logback folder: /opt/hivemq/conf
2025-01-30 18:45:48,236 INFO c.h.h.t.HelmChartContainer - [test-hivemq-platform] [hivemq] [c960f2fc] INFO  - [HiveMQ Platform Operator Init App 1.7.0-SNAPSHOT] HiveMQ Config folder: /opt/hivemq/conf-k8s
2025-01-30 18:45:48,237 INFO c.h.h.t.HelmChartContainer - [test-hivemq-platform] [hivemq] [c960f2fc] INFO  - [HiveMQ Platform Operator Init App 1.7.0-SNAPSHOT] Starting HiveMQ Platform Operator Init App
2025-01-30 18:45:48,237 INFO c.h.h.t.HelmChartContainer - [test-hivemq-platform] [hivemq] [c960f2fc] INFO  - [HiveMQ Platform Operator Init App 1.7.0-SNAPSHOT] Starting Pod reconciler
2025-01-30 18:45:49,462 INFO c.h.h.t.HelmChartContainer - [test-hivemq-platform] [hivemq] [c960f2fc] INFO  - [HiveMQ Platform Operator Init App 1.7.0-SNAPSHOT] Pod reconciler is scheduled (interval: 5000 ms)
2025-01-30 18:45:49,463 INFO c.h.h.t.HelmChartContainer - [test-hivemq-platform] [hivemq] [c960f2fc] INFO  - [HiveMQ Platform Operator Init App 1.7.0-SNAPSHOT] Starting the REST API on 10.42.0.13:7979
2025-01-30 18:45:49,529 INFO c.h.h.t.HelmChartContainer - [test-hivemq-platform] [hivemq] [c960f2fc] INFO  - [HiveMQ Platform Operator Init App 1.7.0-SNAPSHOT] Waiting up to 600s for at most 3 HiveMQ nodes in cluster service hivemq-test-hivemq-platform-cluster.helmvolumeclaimtemplatesit.svc
2025-01-30 18:45:49,843 INFO c.h.h.t.HelmChartContainer - [test-hivemq-platform] [hivemq] [c960f2fc] INFO  - [HiveMQ Platform Operator Init App 1.7.0-SNAPSHOT] Resolved 3 IP addresses: [10.42.0.11, 10.42.0.9, 10.42.0.13]
2025-01-30 18:45:49,843 INFO c.h.h.t.HelmChartContainer - [test-hivemq-platform] [hivemq] [c960f2fc] INFO  - [HiveMQ Platform Operator Init App 1.7.0-SNAPSHOT] HiveMQ node count of 3 is within threshold of 3
2025-01-30 18:45:49,843 INFO c.h.h.t.HelmChartContainer - [test-hivemq-platform] [hivemq] [c960f2fc] INFO  - [HiveMQ Platform Operator Init App 1.7.0-SNAPSHOT] Waiting 15s for previous shutdown replication to finish...
2025-01-30 18:45:51,758 INFO c.h.h.t.HelmChartContainer - [test-hivemq-platform] [hivemq] [c960f2fc] INFO  - [HiveMQ Platform Operator Init App 1.7.0-SNAPSHOT] Returning default Health API response 503 for readiness
2025-01-30 18:45:51,853 INFO c.h.h.t.HelmChartContainer - [EVENT] Warning [Unhealthy] Readiness probe failed: HTTP probe failed with statuscode: 503 [helmvolumeclaimtemplatesit:test-hivemq-platform-2]
2025-01-30 18:45:51,853 INFO c.h.h.t.HelmChartContainer - Received Unhealthy event for container hivemq in pod test-hivemq-platform-2 [c960f2fc-847b-4123-8261-b7eb82af5814]
2025-01-30 18:45:52,563 INFO c.h.h.t.HelmChartContainer - [test-hivemq-platform] [hivemq] [c76829e1] INFO  - [HiveMQ Platform Operator Init App 1.7.0-SNAPSHOT] Returning Health API response 200 for liveness
2025-01-30 18:45:55,857 INFO c.h.h.t.HelmChartContainer - [hivemq-test-hivemq-platform] [hivemq-platform-operator] [3dd68f49] 18:45:55.854 [pool-6-thread-24] DEBUG c.h.p.o.d.PlatformServiceResource - [helmvolu] Desired Platform services (3 services)
2025-01-30 18:45:55,863 INFO c.h.h.t.HelmChartContainer - [hivemq-test-hivemq-platform] [hivemq-platform-operator] [3dd68f49] 18:45:55.855 [pool-6-thread-26] DEBUG c.h.p.o.d.PodServiceAccountResource - [helmvolu] Desired PodServiceAccountResource (serviceAccountName: hivemq-platform-pod-test-hivemq-platform)
2025-01-30 18:45:55,863 INFO c.h.h.t.HelmChartContainer - [hivemq-test-hivemq-platform] [hivemq-platform-operator] [3dd68f49] 18:45:55.858 [pool-6-thread-21] DEBUG c.h.p.o.dependants.PodInfoConfigMap - [helmvolu] Desired PodInfo ConfigMap (1 extensions) (1 enabled)
2025-01-30 18:45:55,863 INFO c.h.h.t.HelmChartContainer - [hivemq-test-hivemq-platform] [hivemq-platform-operator] [3dd68f49] 18:45:55.859 [pool-6-thread-21] DEBUG c.h.p.o.dependants.PodInfoConfigMap - [helmvolu] Desired PodInfo ConfigMap (metrics port: 9399) (metrics path: /)
2025-01-30 18:45:55,863 INFO c.h.h.t.HelmChartContainer - [hivemq-test-hivemq-platform] [hivemq-platform-operator] [3dd68f49] 18:45:55.860 [pool-6-thread-21] DEBUG c.h.p.o.dependants.PodInfoConfigMap - [helmvolu] Desired PodInfo ConfigMap (extension state hash: -1817474005)
2025-01-30 18:45:55,864 INFO c.h.h.t.HelmChartContainer - [hivemq-test-hivemq-platform] [hivemq-platform-operator] [3dd68f49] 18:45:55.864 [pool-6-thread-21] DEBUG c.h.p.o.d.StatefulSetResource - [helmvolu] Desired StatefulSet (3 replicas) for status ROLLING_RESTART (SURGE_IN_PROGRESS)
2025-01-30 18:45:55,938 INFO c.h.h.t.HelmChartContainer - [hivemq-test-hivemq-platform] [hivemq-platform-operator] [3dd68f49] 18:45:55.936 [ReconcilerExecutor-hivemq-controller-136] INFO  c.h.p.o.HiveMQPlatformReconciler - [helmvolu] Reconciling HiveMQ Platform 'test-hivemq-platform' in namespace 'helmvolumeclaimtemplatesit'
2025-01-30 18:45:55,940 INFO c.h.h.t.HelmChartContainer - [hivemq-test-hivemq-platform] [hivemq-platform-operator] [3dd68f49] 18:45:55.936 [ReconcilerExecutor-hivemq-controller-136] DEBUG c.h.p.o.HiveMQPlatformReconciler - [helmvolu] Custom Resource Status ROLLING_RESTART - HiveMQ Platform is starting a surge Pod (rolling restart) (SURGE_IN_PROGRESS)
2025-01-30 18:45:55,940 INFO c.h.h.t.HelmChartContainer - [hivemq-test-hivemq-platform] [hivemq-platform-operator] [3dd68f49] 18:45:55.936 [ReconcilerExecutor-hivemq-controller-136] DEBUG c.h.p.o.HiveMQPlatformReconciler - [helmvolu] Custom Resource Spec (replicas: 2) (extensions: 1)
2025-01-30 18:45:55,940 INFO c.h.h.t.HelmChartContainer - [hivemq-test-hivemq-platform] [hivemq-platform-operator] [3dd68f49] 18:45:55.937 [ReconcilerExecutor-hivemq-controller-136] DEBUG c.h.p.o.HiveMQPlatformReconciler - [helmvolu] StatefulSet Status (revision: test-hivemq-platform-59475f86c9, replicas: 3, available: 2, ready: 2, current: 2, updated: 1)
2025-01-30 18:45:55,940 INFO c.h.h.t.HelmChartContainer - [hivemq-test-hivemq-platform] [hivemq-platform-operator] [3dd68f49] 18:45:55.938 [ReconcilerExecutor-hivemq-controller-136] DEBUG c.h.p.o.HiveMQPlatformReconciler - [helmvolu] StatefulSet Spec (replicas: 3, init containers: 1, containers: 1, volumes: 4)
2025-01-30 18:45:55,946 INFO c.h.h.t.HelmChartContainer - [hivemq-test-hivemq-platform] [hivemq-platform-operator] [3dd68f49] 18:45:55.944 [ReconcilerExecutor-hivemq-controller-136] DEBUG c.h.p.o.h.HiveMQPlatformReconcilerErrorHandler - [helmvolu] Pod 'test-hivemq-platform-2' phase Running
2025-01-30 18:45:55,947 INFO c.h.h.t.HelmChartContainer - [hivemq-test-hivemq-platform] [hivemq-platform-operator] [3dd68f49] 18:45:55.946 [ReconcilerExecutor-hivemq-controller-136] DEBUG c.h.p.o.h.HiveMQPlatformReconcilerErrorHandler - [helmvolu] Pod 'test-hivemq-platform-1' phase Running
2025-01-30 18:45:55,949 INFO c.h.h.t.HelmChartContainer - [hivemq-test-hivemq-platform] [hivemq-platform-operator] [3dd68f49] 18:45:55.948 [ReconcilerExecutor-hivemq-controller-136] DEBUG c.h.p.o.h.HiveMQPlatformReconcilerErrorHandler - [helmvolu] Pod 'test-hivemq-platform-0' phase Running
2025-01-30 18:45:55,950 INFO c.h.h.t.HelmChartContainer - [hivemq-test-hivemq-platform] [hivemq-platform-operator] [3dd68f49] 18:45:55.949 [ReconcilerExecutor-hivemq-controller-136] DEBUG c.h.p.o.h.HiveMQPlatformReconcilerRollingRestartHandler - [helmvolu] Rolling restart is waiting for 2 of 3 replicas
2025-01-30 18:45:56,834 INFO c.h.h.t.HelmChartContainer - [EVENT] Warning [Unhealthy] Readiness probe failed: HTTP probe failed with statuscode: 503 [helmvolumeclaimtemplatesit:test-hivemq-platform-2]
2025-01-30 18:45:56,834 INFO c.h.h.t.HelmChartContainer - Received Unhealthy event for container hivemq in pod test-hivemq-platform-2 [c960f2fc-847b-4123-8261-b7eb82af5814]
2025-01-30 18:45:56,931 INFO c.h.h.t.HelmChartContainer - [test-hivemq-platform] [hivemq] [c960f2fc] INFO  - [HiveMQ Platform Operator Init App 1.7.0-SNAPSHOT] Updating Pod HiveMQ Platform Operator Init App version annotation (version: 1.7.0-SNAPSHOT)
2025-01-30 18:45:57,153 INFO c.h.h.t.HelmChartContainer - [POD] test-hivemq-platform-2 [c960f2fc-847b-4123-8261-b7eb82af5814] in helmvolumeclaimtemplatesit was MODIFIED
2025-01-30 18:45:57,158 INFO c.h.h.t.HelmChartContainer - [hivemq-test-hivemq-platform] [hivemq-platform-operator] [3dd68f49] 18:45:57.156 [pool-6-thread-38] DEBUG c.h.p.o.d.PlatformServiceResource - [helmvolu] Desired Platform services (3 services)
2025-01-30 18:45:57,159 INFO c.h.h.t.HelmChartContainer - [hivemq-test-hivemq-platform] [hivemq-platform-operator] [3dd68f49] 18:45:57.157 [pool-6-thread-34] DEBUG c.h.p.o.dependants.PodInfoConfigMap - [helmvolu] Desired PodInfo ConfigMap (1 extensions) (1 enabled)
2025-01-30 18:45:57,159 INFO c.h.h.t.HelmChartContainer - [hivemq-test-hivemq-platform] [hivemq-platform-operator] [3dd68f49] 18:45:57.157 [pool-6-thread-34] DEBUG c.h.p.o.dependants.PodInfoConfigMap - [helmvolu] Desired PodInfo ConfigMap (metrics port: 9399) (metrics path: /)
2025-01-30 18:45:57,159 INFO c.h.h.t.HelmChartContainer - [hivemq-test-hivemq-platform] [hivemq-platform-operator] [3dd68f49] 18:45:57.157 [pool-6-thread-34] DEBUG c.h.p.o.dependants.PodInfoConfigMap - [helmvolu] Desired PodInfo ConfigMap (extension state hash: -1817474005)
2025-01-30 18:45:57,160 INFO c.h.h.t.HelmChartContainer - [hivemq-test-hivemq-platform] [hivemq-platform-operator] [3dd68f49] 18:45:57.158 [pool-6-thread-34] DEBUG c.h.p.o.d.PodServiceAccountResource - [helmvolu] Desired PodServiceAccountResource (serviceAccountName: hivemq-platform-pod-test-hivemq-platform)
2025-01-30 18:45:57,162 INFO c.h.h.t.HelmChartContainer - [hivemq-test-hivemq-platform] [hivemq-platform-operator] [3dd68f49] 18:45:57.161 [pool-6-thread-35] DEBUG c.h.p.o.d.StatefulSetResource - [helmvolu] Desired StatefulSet (3 replicas) for status ROLLING_RESTART (SURGE_IN_PROGRESS)
2025-01-30 18:45:57,164 INFO c.h.h.t.HelmChartContainer - [hivemq-test-hivemq-platform] [hivemq-platform-operator] [3dd68f49] 18:45:57.163 [ReconcilerExecutor-hivemq-controller-137] INFO  c.h.p.o.HiveMQPlatformReconciler - [helmvolu] Reconciling HiveMQ Platform 'test-hivemq-platform' in namespace 'helmvolumeclaimtemplatesit'
2025-01-30 18:45:57,164 INFO c.h.h.t.HelmChartContainer - [hivemq-test-hivemq-platform] [hivemq-platform-operator] [3dd68f49] 18:45:57.163 [ReconcilerExecutor-hivemq-controller-137] DEBUG c.h.p.o.HiveMQPlatformReconciler - [helmvolu] Custom Resource Status ROLLING_RESTART - HiveMQ Platform is starting a surge Pod (rolling restart) (SURGE_IN_PROGRESS)
2025-01-30 18:45:57,166 INFO c.h.h.t.HelmChartContainer - [hivemq-test-hivemq-platform] [hivemq-platform-operator] [3dd68f49] 18:45:57.163 [ReconcilerExecutor-hivemq-controller-137] DEBUG c.h.p.o.HiveMQPlatformReconciler - [helmvolu] Custom Resource Spec (replicas: 2) (extensions: 1)
2025-01-30 18:45:57,168 INFO c.h.h.t.HelmChartContainer - [hivemq-test-hivemq-platform] [hivemq-platform-operator] [3dd68f49] 18:45:57.165 [ReconcilerExecutor-hivemq-controller-137] DEBUG c.h.p.o.HiveMQPlatformReconciler - [helmvolu] StatefulSet Status (revision: test-hivemq-platform-59475f86c9, replicas: 3, available: 2, ready: 2, current: 2, updated: 1)
2025-01-30 18:45:57,168 INFO c.h.h.t.HelmChartContainer - [hivemq-test-hivemq-platform] [hivemq-platform-operator] [3dd68f49] 18:45:57.165 [ReconcilerExecutor-hivemq-controller-137] DEBUG c.h.p.o.HiveMQPlatformReconciler - [helmvolu] StatefulSet Spec (replicas: 3, init containers: 1, containers: 1, volumes: 4)
2025-01-30 18:45:57,168 INFO c.h.h.t.HelmChartContainer - [hivemq-test-hivemq-platform] [hivemq-platform-operator] [3dd68f49] 18:45:57.166 [ReconcilerExecutor-hivemq-controller-137] DEBUG c.h.p.o.h.HiveMQPlatformReconcilerErrorHandler - [helmvolu] Pod 'test-hivemq-platform-2' phase Running
2025-01-30 18:45:57,169 INFO c.h.h.t.HelmChartContainer - [hivemq-test-hivemq-platform] [hivemq-platform-operator] [3dd68f49] 18:45:57.167 [ReconcilerExecutor-hivemq-controller-137] DEBUG c.h.p.o.h.HiveMQPlatformReconcilerErrorHandler - [helmvolu] Pod 'test-hivemq-platform-1' phase Running
2025-01-30 18:45:57,170 INFO c.h.h.t.HelmChartContainer - [hivemq-test-hivemq-platform] [hivemq-platform-operator] [3dd68f49] 18:45:57.169 [ReconcilerExecutor-hivemq-controller-137] DEBUG c.h.p.o.h.HiveMQPlatformReconcilerErrorHandler - [helmvolu] Pod 'test-hivemq-platform-0' phase Running
2025-01-30 18:45:57,170 INFO c.h.h.t.HelmChartContainer - [hivemq-test-hivemq-platform] [hivemq-platform-operator] [3dd68f49] 18:45:57.169 [ReconcilerExecutor-hivemq-controller-137] DEBUG c.h.p.o.h.HiveMQPlatformReconcilerRollingRestartHandler - [helmvolu] Rolling restart is waiting for 2 of 3 replicas
2025-01-30 18:45:57,237 INFO c.h.h.t.HelmChartContainer - [test-hivemq-platform] [hivemq] [c960f2fc] INFO  - [HiveMQ Platform Operator Init App 1.7.0-SNAPSHOT] Successfully updated Pod HiveMQ Platform Operator Init App version annotation (version: 1.7.0-SNAPSHOT)
2025-01-30 18:45:57,237 INFO c.h.h.t.HelmChartContainer - [EVENT] Warning [Unhealthy] Readiness probe failed: HTTP probe failed with statuscode: 503 [helmvolumeclaimtemplatesit:test-hivemq-platform-2]
2025-01-30 18:45:57,237 INFO c.h.h.t.HelmChartContainer - Received Unhealthy event for container hivemq in pod test-hivemq-platform-2 [c960f2fc-847b-4123-8261-b7eb82af5814]
2025-01-30 18:46:02,159 INFO c.h.h.t.HelmChartContainer - [EVENT] Warning [Unhealthy] Readiness probe failed: HTTP probe failed with statuscode: 503 [helmvolumeclaimtemplatesit:test-hivemq-platform-2]
2025-01-30 18:46:02,159 INFO c.h.h.t.HelmChartContainer - Received Unhealthy event for container hivemq in pod test-hivemq-platform-2 [c960f2fc-847b-4123-8261-b7eb82af5814]
2025-01-30 18:46:04,843 INFO c.h.h.t.HelmChartContainer - [test-hivemq-platform] [hivemq] [c960f2fc] INFO  - [HiveMQ Platform Operator Init App 1.7.0-SNAPSHOT] Proceeding with container start
2025-01-30 18:46:04,847 INFO c.h.h.t.HelmChartContainer - [test-hivemq-platform] [hivemq] [c960f2fc] INFO  - [HiveMQ Platform Operator Init App 1.7.0-SNAPSHOT] Initializing HiveMQ Platform extensions with initial configuration: {hivemq-allow-all-extension={start-priority=-1, skip-https-hostname-verification=false, restart=true, config-version=0, header-version=0, c-uri=, priority=-1, uri=preinstalled, skip-https-certificate-validation=false, enabled=true}, hivemq-prometheus-extension={enabled=true, request-header-path=no-request-headers, uri=preinstalled, skip-https-certificate-validation=false, skip-https-hostname-verification=false, c-uri=, start-priority=-1, priority=-1, restart=true}}
2025-01-30 18:46:05,330 INFO c.h.h.t.HelmChartContainer - [test-hivemq-platform] [hivemq] [c960f2fc] INFO  - [HiveMQ Platform Operator Init App 1.7.0-SNAPSHOT] Extension hivemq-allow-all-extension was already enabled
2025-01-30 18:46:05,341 INFO c.h.h.t.HelmChartContainer - [test-hivemq-platform] [hivemq] [c960f2fc] INFO  - [HiveMQ Platform Operator Init App 1.7.0-SNAPSHOT] Successfully enabled extension hivemq-prometheus-extension
2025-01-30 18:46:05,344 INFO c.h.h.t.HelmChartContainer - [test-hivemq-platform] [hivemq] [c960f2fc] INFO  - [HiveMQ Platform Operator Init App 1.7.0-SNAPSHOT] Starting HiveMQ Platform version 4.36.0 (4.36.0)
2025-01-30 18:46:05,344 INFO c.h.h.t.HelmChartContainer - [test-hivemq-platform] [hivemq] [c960f2fc] INFO  - [HiveMQ Platform Operator Init App 1.7.0-SNAPSHOT] Configuring the HiveMQ Platform
2025-01-30 18:46:05,433 INFO c.h.h.t.HelmChartContainer - [test-hivemq-platform] [hivemq] [c960f2fc] INFO  - [HiveMQ Platform Operator Init App 1.7.0-SNAPSHOT] Changed logback.xml file scan period to 20 seconds
2025-01-30 18:46:05,446 INFO c.h.h.t.HelmChartContainer - [test-hivemq-platform] [hivemq] [c960f2fc] INFO  - [HiveMQ Platform Operator Init App 1.7.0-SNAPSHOT] Starting the HiveMQ Platform
2025-01-30 18:46:05,530 INFO c.h.h.t.HelmChartContainer - [test-hivemq-platform] [hivemq] [c960f2fc] -------------------------------------------------------------------------
2025-01-30 18:46:05,530 INFO c.h.h.t.HelmChartContainer - [test-hivemq-platform] [hivemq] [c960f2fc] 
2025-01-30 18:46:05,531 INFO c.h.h.t.HelmChartContainer - [test-hivemq-platform] [hivemq] [c960f2fc]                   _    _  _              __  __   ____
2025-01-30 18:46:05,531 INFO c.h.h.t.HelmChartContainer - [test-hivemq-platform] [hivemq] [c960f2fc]                  | |  | |(_)            |  \/  | / __ \
2025-01-30 18:46:05,531 INFO c.h.h.t.HelmChartContainer - [test-hivemq-platform] [hivemq] [c960f2fc]                  | |__| | _ __   __ ___ | \  / || |  | |
2025-01-30 18:46:05,531 INFO c.h.h.t.HelmChartContainer - [test-hivemq-platform] [hivemq] [c960f2fc]                  |  __  || |\ \ / // _ \| |\/| || |  | |
2025-01-30 18:46:05,531 INFO c.h.h.t.HelmChartContainer - [test-hivemq-platform] [hivemq] [c960f2fc]                  | |  | || | \ V /|  __/| |  | || |__| |
2025-01-30 18:46:05,531 INFO c.h.h.t.HelmChartContainer - [test-hivemq-platform] [hivemq] [c960f2fc]                  |_|  |_||_|  \_/  \___||_|  |_| \___\_\
2025-01-30 18:46:05,531 INFO c.h.h.t.HelmChartContainer - [test-hivemq-platform] [hivemq] [c960f2fc] 
2025-01-30 18:46:05,531 INFO c.h.h.t.HelmChartContainer - [test-hivemq-platform] [hivemq] [c960f2fc] -------------------------------------------------------------------------
2025-01-30 18:46:05,531 INFO c.h.h.t.HelmChartContainer - [test-hivemq-platform] [hivemq] [c960f2fc] 
2025-01-30 18:46:05,531 INFO c.h.h.t.HelmChartContainer - [test-hivemq-platform] [hivemq] [c960f2fc]   HiveMQ Start Script for Linux/Unix v1.14
2025-01-30 18:46:05,531 INFO c.h.h.t.HelmChartContainer - [test-hivemq-platform] [hivemq] [c960f2fc] 
2025-01-30 18:46:05,561 INFO c.h.h.t.HelmChartContainer - [test-hivemq-platform] [hivemq] [c960f2fc] -------------------------------------------------------------------------
2025-01-30 18:46:05,561 INFO c.h.h.t.HelmChartContainer - [test-hivemq-platform] [hivemq] [c960f2fc] 
2025-01-30 18:46:05,561 INFO c.h.h.t.HelmChartContainer - [test-hivemq-platform] [hivemq] [c960f2fc]   HIVEMQ_HOME: /opt/hivemq
2025-01-30 18:46:05,561 INFO c.h.h.t.HelmChartContainer - [test-hivemq-platform] [hivemq] [c960f2fc] 
2025-01-30 18:46:05,561 INFO c.h.h.t.HelmChartContainer - [test-hivemq-platform] [hivemq] [c960f2fc]   JAVA_OPTS: -XX:+UnlockExperimentalVMOptions -XX:InitialRAMPercentage=50 -XX:MaxRAMPercentage=50 -Djava.net.preferIPv4Stack=true --add-opens java.base/java.lang=ALL-UNNAMED --add-opens java.base/java.nio=ALL-UNNAMED --add-opens java.base/sun.nio.ch=ALL-UNNAMED --add-opens jdk.management/com.sun.management.internal=ALL-UNNAMED --add-exports java.base/jdk.internal.misc=ALL-UNNAMED -Djava.security.egd=file:/dev/./urandom -Dcom.sun.management.jmxremote -Dcom.sun.management.jmxremote.port=9010 -Dcom.sun.management.jmxremote.local.only=false -Dcom.sun.management.jmxremote.authenticate=false -Dcom.sun.management.jmxremote.ssl=false -Duser.language=en -Duser.region=US -XX:+CrashOnOutOfMemoryError -XX:+HeapDumpOnOutOfMemoryError
2025-01-30 18:46:05,561 INFO c.h.h.t.HelmChartContainer - [test-hivemq-platform] [hivemq] [c960f2fc] 
2025-01-30 18:46:05,561 INFO c.h.h.t.HelmChartContainer - [test-hivemq-platform] [hivemq] [c960f2fc]   JAVA_VERSION: 21
2025-01-30 18:46:05,561 INFO c.h.h.t.HelmChartContainer - [test-hivemq-platform] [hivemq] [c960f2fc] 
2025-01-30 18:46:05,561 INFO c.h.h.t.HelmChartContainer - [test-hivemq-platform] [hivemq] [c960f2fc] -------------------------------------------------------------------------
2025-01-30 18:46:05,561 INFO c.h.h.t.HelmChartContainer - [test-hivemq-platform] [hivemq] [c960f2fc] 
2025-01-30 18:46:07,174 INFO c.h.h.t.HelmChartContainer - [hivemq-test-hivemq-platform] [hivemq-platform-operator] [3dd68f49] 18:46:07.171 [pool-6-thread-45] DEBUG c.h.p.o.d.PlatformServiceResource - [helmvolu] Desired Platform services (3 services)
2025-01-30 18:46:07,174 INFO c.h.h.t.HelmChartContainer - [hivemq-test-hivemq-platform] [hivemq-platform-operator] [3dd68f49] 18:46:07.172 [pool-6-thread-43] DEBUG c.h.p.o.d.PodServiceAccountResource - [helmvolu] Desired PodServiceAccountResource (serviceAccountName: hivemq-platform-pod-test-hivemq-platform)
2025-01-30 18:46:07,174 INFO c.h.h.t.HelmChartContainer - [hivemq-test-hivemq-platform] [hivemq-platform-operator] [3dd68f49] 18:46:07.173 [pool-6-thread-42] DEBUG c.h.p.o.dependants.PodInfoConfigMap - [helmvolu] Desired PodInfo ConfigMap (1 extensions) (1 enabled)
2025-01-30 18:46:07,174 INFO c.h.h.t.HelmChartContainer - [hivemq-test-hivemq-platform] [hivemq-platform-operator] [3dd68f49] 18:46:07.173 [pool-6-thread-42] DEBUG c.h.p.o.dependants.PodInfoConfigMap - [helmvolu] Desired PodInfo ConfigMap (metrics port: 9399) (metrics path: /)
2025-01-30 18:46:07,174 INFO c.h.h.t.HelmChartContainer - [hivemq-test-hivemq-platform] [hivemq-platform-operator] [3dd68f49] 18:46:07.173 [pool-6-thread-42] DEBUG c.h.p.o.dependants.PodInfoConfigMap - [helmvolu] Desired PodInfo ConfigMap (extension state hash: -1817474005)
2025-01-30 18:46:07,178 INFO c.h.h.t.HelmChartContainer - [hivemq-test-hivemq-platform] [hivemq-platform-operator] [3dd68f49] 18:46:07.175 [pool-6-thread-45] DEBUG c.h.p.o.d.StatefulSetResource - [helmvolu] Desired StatefulSet (3 replicas) for status ROLLING_RESTART (SURGE_IN_PROGRESS)
2025-01-30 18:46:07,181 INFO c.h.h.t.HelmChartContainer - [hivemq-test-hivemq-platform] [hivemq-platform-operator] [3dd68f49] 18:46:07.179 [ReconcilerExecutor-hivemq-controller-138] INFO  c.h.p.o.HiveMQPlatformReconciler - [helmvolu] Reconciling HiveMQ Platform 'test-hivemq-platform' in namespace 'helmvolumeclaimtemplatesit'
2025-01-30 18:46:07,184 INFO c.h.h.t.HelmChartContainer - [hivemq-test-hivemq-platform] [hivemq-platform-operator] [3dd68f49] 18:46:07.179 [ReconcilerExecutor-hivemq-controller-138] DEBUG c.h.p.o.HiveMQPlatformReconciler - [helmvolu] Custom Resource Status ROLLING_RESTART - HiveMQ Platform is starting a surge Pod (rolling restart) (SURGE_IN_PROGRESS)
2025-01-30 18:46:07,185 INFO c.h.h.t.HelmChartContainer - [hivemq-test-hivemq-platform] [hivemq-platform-operator] [3dd68f49] 18:46:07.179 [ReconcilerExecutor-hivemq-controller-138] DEBUG c.h.p.o.HiveMQPlatformReconciler - [helmvolu] Custom Resource Spec (replicas: 2) (extensions: 1)
2025-01-30 18:46:07,185 INFO c.h.h.t.HelmChartContainer - [hivemq-test-hivemq-platform] [hivemq-platform-operator] [3dd68f49] 18:46:07.180 [ReconcilerExecutor-hivemq-controller-138] DEBUG c.h.p.o.HiveMQPlatformReconciler - [helmvolu] StatefulSet Status (revision: test-hivemq-platform-59475f86c9, replicas: 3, available: 2, ready: 2, current: 2, updated: 1)
2025-01-30 18:46:07,185 INFO c.h.h.t.HelmChartContainer - [hivemq-test-hivemq-platform] [hivemq-platform-operator] [3dd68f49] 18:46:07.180 [ReconcilerExecutor-hivemq-controller-138] DEBUG c.h.p.o.HiveMQPlatformReconciler - [helmvolu] StatefulSet Spec (replicas: 3, init containers: 1, containers: 1, volumes: 4)
2025-01-30 18:46:07,186 INFO c.h.h.t.HelmChartContainer - [hivemq-test-hivemq-platform] [hivemq-platform-operator] [3dd68f49] 18:46:07.181 [ReconcilerExecutor-hivemq-controller-138] DEBUG c.h.p.o.h.HiveMQPlatformReconcilerErrorHandler - [helmvolu] Pod 'test-hivemq-platform-2' phase Running
2025-01-30 18:46:07,186 INFO c.h.h.t.HelmChartContainer - [hivemq-test-hivemq-platform] [hivemq-platform-operator] [3dd68f49] 18:46:07.182 [ReconcilerExecutor-hivemq-controller-138] DEBUG c.h.p.o.h.HiveMQPlatformReconcilerErrorHandler - [helmvolu] Pod 'test-hivemq-platform-1' phase Running
2025-01-30 18:46:07,186 INFO c.h.h.t.HelmChartContainer - [hivemq-test-hivemq-platform] [hivemq-platform-operator] [3dd68f49] 18:46:07.183 [ReconcilerExecutor-hivemq-controller-138] DEBUG c.h.p.o.h.HiveMQPlatformReconcilerErrorHandler - [helmvolu] Pod 'test-hivemq-platform-0' phase Running
2025-01-30 18:46:07,186 INFO c.h.h.t.HelmChartContainer - [hivemq-test-hivemq-platform] [hivemq-platform-operator] [3dd68f49] 18:46:07.183 [ReconcilerExecutor-hivemq-controller-138] DEBUG c.h.p.o.h.HiveMQPlatformReconcilerRollingRestartHandler - [helmvolu] Rolling restart is waiting for 2 of 3 replicas
2025-01-30 18:46:07,240 INFO c.h.h.t.HelmChartContainer - [EVENT] Warning [Unhealthy] Readiness probe failed: HTTP probe failed with statuscode: 503 [helmvolumeclaimtemplatesit:test-hivemq-platform-2]
2025-01-30 18:46:07,240 INFO c.h.h.t.HelmChartContainer - Received Unhealthy event for container hivemq in pod test-hivemq-platform-2 [c960f2fc-847b-4123-8261-b7eb82af5814]
2025-01-30 18:46:08,131 INFO c.h.h.t.HelmChartContainer - [test-hivemq-platform] [hivemq] [c960f2fc] INFO  - Starting HiveMQ Enterprise Server
2025-01-30 18:46:08,138 INFO c.h.h.t.HelmChartContainer - [test-hivemq-platform] [hivemq] [c960f2fc] INFO  - HiveMQ version: 4.36.0
2025-01-30 18:46:08,138 INFO c.h.h.t.HelmChartContainer - [test-hivemq-platform] [hivemq] [c960f2fc] INFO  - HiveMQ home directory: /opt/hivemq
2025-01-30 18:46:08,139 INFO c.h.h.t.HelmChartContainer - [test-hivemq-platform] [hivemq] [c960f2fc] INFO  - Log Configuration was overridden by /opt/hivemq/conf/logback.xml
2025-01-30 18:46:09,438 INFO c.h.h.t.HelmChartContainer - [test-hivemq-platform] [hivemq] [c960f2fc] INFO  - Successfully loaded configuration from '/opt/hivemq/conf-k8s/config.xml'.
2025-01-30 18:46:09,743 INFO c.h.h.t.HelmChartContainer - [test-hivemq-platform] [hivemq] [c960f2fc] INFO  - This node's ID is BTBnw
2025-01-30 18:46:09,744 INFO c.h.h.t.HelmChartContainer - [test-hivemq-platform] [hivemq] [c960f2fc] INFO  - Clustering is enabled
2025-01-30 18:46:12,431 INFO c.h.h.t.HelmChartContainer - [test-hivemq-platform] [hivemq] [c960f2fc] WARN  - [HiveMQ Platform Operator Init App 1.7.0-SNAPSHOT] Cannot connect to Health API for readiness: null
2025-01-30 18:46:12,437 INFO c.h.h.t.HelmChartContainer - [EVENT] Warning [Unhealthy] Readiness probe failed: HTTP probe failed with statuscode: 503 [helmvolumeclaimtemplatesit:test-hivemq-platform-2]
2025-01-30 18:46:12,437 INFO c.h.h.t.HelmChartContainer - Received Unhealthy event for container hivemq in pod test-hivemq-platform-2 [c960f2fc-847b-4123-8261-b7eb82af5814]
2025-01-30 18:46:13,532 INFO c.h.h.t.HelmChartContainer - [test-hivemq-platform] [hivemq] [c960f2fc] WARN  - [HiveMQ Platform Operator Init App 1.7.0-SNAPSHOT] Cannot connect to Health API for liveness: null
2025-01-30 18:46:13,532 INFO c.h.h.t.HelmChartContainer - [test-hivemq-platform] [hivemq] [c960f2fc] INFO  - [HiveMQ Platform Operator Init App 1.7.0-SNAPSHOT] Returning default Health API response 200 for liveness
2025-01-30 18:46:17,190 INFO c.h.h.t.HelmChartContainer - [hivemq-test-hivemq-platform] [hivemq-platform-operator] [3dd68f49] 18:46:17.187 [pool-6-thread-10] DEBUG c.h.p.o.d.PlatformServiceResource - [helmvolu] Desired Platform services (3 services)
2025-01-30 18:46:17,191 INFO c.h.h.t.HelmChartContainer - [hivemq-test-hivemq-platform] [hivemq-platform-operator] [3dd68f49] 18:46:17.187 [pool-6-thread-6] DEBUG c.h.p.o.dependants.PodInfoConfigMap - [helmvolu] Desired PodInfo ConfigMap (1 extensions) (1 enabled)
2025-01-30 18:46:17,191 INFO c.h.h.t.HelmChartContainer - [hivemq-test-hivemq-platform] [hivemq-platform-operator] [3dd68f49] 18:46:17.187 [pool-6-thread-6] DEBUG c.h.p.o.dependants.PodInfoConfigMap - [helmvolu] Desired PodInfo ConfigMap (metrics port: 9399) (metrics path: /)
2025-01-30 18:46:17,191 INFO c.h.h.t.HelmChartContainer - [hivemq-test-hivemq-platform] [hivemq-platform-operator] [3dd68f49] 18:46:17.187 [pool-6-thread-6] DEBUG c.h.p.o.dependants.PodInfoConfigMap - [helmvolu] Desired PodInfo ConfigMap (extension state hash: -1817474005)
2025-01-30 18:46:17,191 INFO c.h.h.t.HelmChartContainer - [hivemq-test-hivemq-platform] [hivemq-platform-operator] [3dd68f49] 18:46:17.189 [pool-6-thread-6] DEBUG c.h.p.o.d.PodServiceAccountResource - [helmvolu] Desired PodServiceAccountResource (serviceAccountName: hivemq-platform-pod-test-hivemq-platform)
2025-01-30 18:46:17,193 INFO c.h.h.t.HelmChartContainer - [hivemq-test-hivemq-platform] [hivemq-platform-operator] [3dd68f49] 18:46:17.191 [pool-6-thread-6] DEBUG c.h.p.o.d.StatefulSetResource - [helmvolu] Desired StatefulSet (3 replicas) for status ROLLING_RESTART (SURGE_IN_PROGRESS)
2025-01-30 18:46:17,196 INFO c.h.h.t.HelmChartContainer - [hivemq-test-hivemq-platform] [hivemq-platform-operator] [3dd68f49] 18:46:17.195 [ReconcilerExecutor-hivemq-controller-139] INFO  c.h.p.o.HiveMQPlatformReconciler - [helmvolu] Reconciling HiveMQ Platform 'test-hivemq-platform' in namespace 'helmvolumeclaimtemplatesit'
2025-01-30 18:46:17,196 INFO c.h.h.t.HelmChartContainer - [hivemq-test-hivemq-platform] [hivemq-platform-operator] [3dd68f49] 18:46:17.196 [ReconcilerExecutor-hivemq-controller-139] DEBUG c.h.p.o.HiveMQPlatformReconciler - [helmvolu] Custom Resource Status ROLLING_RESTART - HiveMQ Platform is starting a surge Pod (rolling restart) (SURGE_IN_PROGRESS)
2025-01-30 18:46:17,196 INFO c.h.h.t.HelmChartContainer - [hivemq-test-hivemq-platform] [hivemq-platform-operator] [3dd68f49] 18:46:17.196 [ReconcilerExecutor-hivemq-controller-139] DEBUG c.h.p.o.HiveMQPlatformReconciler - [helmvolu] Custom Resource Spec (replicas: 2) (extensions: 1)
2025-01-30 18:46:17,198 INFO c.h.h.t.HelmChartContainer - [hivemq-test-hivemq-platform] [hivemq-platform-operator] [3dd68f49] 18:46:17.197 [ReconcilerExecutor-hivemq-controller-139] DEBUG c.h.p.o.HiveMQPlatformReconciler - [helmvolu] StatefulSet Status (revision: test-hivemq-platform-59475f86c9, replicas: 3, available: 2, ready: 2, current: 2, updated: 1)
2025-01-30 18:46:17,198 INFO c.h.h.t.HelmChartContainer - [hivemq-test-hivemq-platform] [hivemq-platform-operator] [3dd68f49] 18:46:17.197 [ReconcilerExecutor-hivemq-controller-139] DEBUG c.h.p.o.HiveMQPlatformReconciler - [helmvolu] StatefulSet Spec (replicas: 3, init containers: 1, containers: 1, volumes: 4)
2025-01-30 18:46:17,200 INFO c.h.h.t.HelmChartContainer - [hivemq-test-hivemq-platform] [hivemq-platform-operator] [3dd68f49] 18:46:17.198 [ReconcilerExecutor-hivemq-controller-139] DEBUG c.h.p.o.h.HiveMQPlatformReconcilerErrorHandler - [helmvolu] Pod 'test-hivemq-platform-2' phase Running
2025-01-30 18:46:17,233 INFO c.h.h.t.HelmChartContainer - [test-hivemq-platform] [hivemq] [c960f2fc] WARN  - [HiveMQ Platform Operator Init App 1.7.0-SNAPSHOT] Cannot connect to Health API for readiness: null
2025-01-30 18:46:17,239 INFO c.h.h.t.HelmChartContainer - [EVENT] Warning [Unhealthy] Readiness probe failed: HTTP probe failed with statuscode: 503 [helmvolumeclaimtemplatesit:test-hivemq-platform-2]
2025-01-30 18:46:17,239 INFO c.h.h.t.HelmChartContainer - Received Unhealthy event for container hivemq in pod test-hivemq-platform-2 [c960f2fc-847b-4123-8261-b7eb82af5814]
2025-01-30 18:46:17,277 INFO c.h.h.t.HelmChartContainer - [hivemq-test-hivemq-platform] [hivemq-platform-operator] [3dd68f49] 18:46:17.275 [ReconcilerExecutor-hivemq-controller-139] DEBUG c.h.p.o.h.HiveMQPlatformReconcilerErrorHandler - [helmvolu] Pod 'test-hivemq-platform-1' phase Running
2025-01-30 18:46:17,277 INFO c.h.h.t.HelmChartContainer - [hivemq-test-hivemq-platform] [hivemq-platform-operator] [3dd68f49] 18:46:17.277 [ReconcilerExecutor-hivemq-controller-139] DEBUG c.h.p.o.h.HiveMQPlatformReconcilerErrorHandler - [helmvolu] Pod 'test-hivemq-platform-0' phase Running
2025-01-30 18:46:17,278 INFO c.h.h.t.HelmChartContainer - [hivemq-test-hivemq-platform] [hivemq-platform-operator] [3dd68f49] 18:46:17.277 [ReconcilerExecutor-hivemq-controller-139] DEBUG c.h.p.o.h.HiveMQPlatformReconcilerRollingRestartHandler - [helmvolu] Rolling restart is waiting for 2 of 3 replicas
2025-01-30 18:46:22,232 INFO c.h.h.t.HelmChartContainer - [test-hivemq-platform] [hivemq] [c960f2fc] WARN  - [HiveMQ Platform Operator Init App 1.7.0-SNAPSHOT] Cannot connect to Health API for readiness: null
2025-01-30 18:46:22,237 INFO c.h.h.t.HelmChartContainer - [EVENT] Warning [Unhealthy] Readiness probe failed: HTTP probe failed with statuscode: 503 [helmvolumeclaimtemplatesit:test-hivemq-platform-2]
2025-01-30 18:46:22,237 INFO c.h.h.t.HelmChartContainer - Received Unhealthy event for container hivemq in pod test-hivemq-platform-2 [c960f2fc-847b-4123-8261-b7eb82af5814]
2025-01-30 18:46:22,734 INFO c.h.h.t.HelmChartContainer - [test-hivemq-platform] [hivemq] [c960f2fc] INFO  - No valid license file found. Using trial license, restricted to 25 connections.
2025-01-30 18:46:25,637 INFO c.h.h.t.HelmChartContainer - [test-hivemq-platform] [hivemq] [c960f2fc] INFO  - No valid license file for Data Hub found. Using free license, restricted to 1 policy.
2025-01-30 18:46:26,752 INFO c.h.h.t.HelmChartContainer - [test-hivemq-platform] [hivemq] [c960f2fc] INFO  - Audit Logger started.
2025-01-30 18:46:27,064 INFO c.h.h.t.HelmChartContainer - [test-hivemq-platform] [hivemq] [c960f2fc] INFO  - This node uses '1' CPU cores.
2025-01-30 18:46:27,070 INFO c.h.h.t.HelmChartContainer - [test-hivemq-platform] [hivemq] [c960f2fc] INFO  - Starting HiveMQ Health API on address 0.0.0.0 and port 8889
2025-01-30 18:46:27,232 INFO c.h.h.t.HelmChartContainer - [test-hivemq-platform] [hivemq] [c960f2fc] WARN  - [HiveMQ Platform Operator Init App 1.7.0-SNAPSHOT] Cannot connect to Health API for readiness: null
2025-01-30 18:46:27,237 INFO c.h.h.t.HelmChartContainer - [EVENT] Warning [Unhealthy] Readiness probe failed: HTTP probe failed with statuscode: 503 [helmvolumeclaimtemplatesit:test-hivemq-platform-2]
2025-01-30 18:46:27,237 INFO c.h.h.t.HelmChartContainer - Received Unhealthy event for container hivemq in pod test-hivemq-platform-2 [c960f2fc-847b-4123-8261-b7eb82af5814]
2025-01-30 18:46:27,284 INFO c.h.h.t.HelmChartContainer - [hivemq-test-hivemq-platform] [hivemq-platform-operator] [3dd68f49] 18:46:27.281 [pool-6-thread-20] DEBUG c.h.p.o.d.PlatformServiceResource - [helmvolu] Desired Platform services (3 services)
2025-01-30 18:46:27,284 INFO c.h.h.t.HelmChartContainer - [hivemq-test-hivemq-platform] [hivemq-platform-operator] [3dd68f49] 18:46:27.281 [pool-6-thread-12] DEBUG c.h.p.o.dependants.PodInfoConfigMap - [helmvolu] Desired PodInfo ConfigMap (1 extensions) (1 enabled)
2025-01-30 18:46:27,284 INFO c.h.h.t.HelmChartContainer - [hivemq-test-hivemq-platform] [hivemq-platform-operator] [3dd68f49] 18:46:27.281 [pool-6-thread-12] DEBUG c.h.p.o.dependants.PodInfoConfigMap - [helmvolu] Desired PodInfo ConfigMap (metrics port: 9399) (metrics path: /)
2025-01-30 18:46:27,284 INFO c.h.h.t.HelmChartContainer - [hivemq-test-hivemq-platform] [hivemq-platform-operator] [3dd68f49] 18:46:27.281 [pool-6-thread-12] DEBUG c.h.p.o.dependants.PodInfoConfigMap - [helmvolu] Desired PodInfo ConfigMap (extension state hash: -1817474005)
2025-01-30 18:46:27,284 INFO c.h.h.t.HelmChartContainer - [hivemq-test-hivemq-platform] [hivemq-platform-operator] [3dd68f49] 18:46:27.282 [pool-6-thread-18] DEBUG c.h.p.o.d.PodServiceAccountResource - [helmvolu] Desired PodServiceAccountResource (serviceAccountName: hivemq-platform-pod-test-hivemq-platform)
2025-01-30 18:46:27,288 INFO c.h.h.t.HelmChartContainer - [hivemq-test-hivemq-platform] [hivemq-platform-operator] [3dd68f49] 18:46:27.287 [pool-6-thread-20] DEBUG c.h.p.o.d.StatefulSetResource - [helmvolu] Desired StatefulSet (3 replicas) for status ROLLING_RESTART (SURGE_IN_PROGRESS)
2025-01-30 18:46:27,293 INFO c.h.h.t.HelmChartContainer - [hivemq-test-hivemq-platform] [hivemq-platform-operator] [3dd68f49] 18:46:27.290 [ReconcilerExecutor-hivemq-controller-140] INFO  c.h.p.o.HiveMQPlatformReconciler - [helmvolu] Reconciling HiveMQ Platform 'test-hivemq-platform' in namespace 'helmvolumeclaimtemplatesit'
2025-01-30 18:46:27,293 INFO c.h.h.t.HelmChartContainer - [hivemq-test-hivemq-platform] [hivemq-platform-operator] [3dd68f49] 18:46:27.290 [ReconcilerExecutor-hivemq-controller-140] DEBUG c.h.p.o.HiveMQPlatformReconciler - [helmvolu] Custom Resource Status ROLLING_RESTART - HiveMQ Platform is starting a surge Pod (rolling restart) (SURGE_IN_PROGRESS)
2025-01-30 18:46:27,293 INFO c.h.h.t.HelmChartContainer - [hivemq-test-hivemq-platform] [hivemq-platform-operator] [3dd68f49] 18:46:27.290 [ReconcilerExecutor-hivemq-controller-140] DEBUG c.h.p.o.HiveMQPlatformReconciler - [helmvolu] Custom Resource Spec (replicas: 2) (extensions: 1)
2025-01-30 18:46:27,293 INFO c.h.h.t.HelmChartContainer - [hivemq-test-hivemq-platform] [hivemq-platform-operator] [3dd68f49] 18:46:27.291 [ReconcilerExecutor-hivemq-controller-140] DEBUG c.h.p.o.HiveMQPlatformReconciler - [helmvolu] StatefulSet Status (revision: test-hivemq-platform-59475f86c9, replicas: 3, available: 2, ready: 2, current: 2, updated: 1)
2025-01-30 18:46:27,293 INFO c.h.h.t.HelmChartContainer - [hivemq-test-hivemq-platform] [hivemq-platform-operator] [3dd68f49] 18:46:27.291 [ReconcilerExecutor-hivemq-controller-140] DEBUG c.h.p.o.HiveMQPlatformReconciler - [helmvolu] StatefulSet Spec (replicas: 3, init containers: 1, containers: 1, volumes: 4)
2025-01-30 18:46:27,294 INFO c.h.h.t.HelmChartContainer - [hivemq-test-hivemq-platform] [hivemq-platform-operator] [3dd68f49] 18:46:27.292 [ReconcilerExecutor-hivemq-controller-140] DEBUG c.h.p.o.h.HiveMQPlatformReconcilerErrorHandler - [helmvolu] Pod 'test-hivemq-platform-2' phase Running
2025-01-30 18:46:27,296 INFO c.h.h.t.HelmChartContainer - [hivemq-test-hivemq-platform] [hivemq-platform-operator] [3dd68f49] 18:46:27.294 [ReconcilerExecutor-hivemq-controller-140] DEBUG c.h.p.o.h.HiveMQPlatformReconcilerErrorHandler - [helmvolu] Pod 'test-hivemq-platform-1' phase Running
2025-01-30 18:46:27,296 INFO c.h.h.t.HelmChartContainer - [hivemq-test-hivemq-platform] [hivemq-platform-operator] [3dd68f49] 18:46:27.294 [ReconcilerExecutor-hivemq-controller-140] DEBUG c.h.p.o.h.HiveMQPlatformReconcilerErrorHandler - [helmvolu] Pod 'test-hivemq-platform-0' phase Running
2025-01-30 18:46:27,296 INFO c.h.h.t.HelmChartContainer - [hivemq-test-hivemq-platform] [hivemq-platform-operator] [3dd68f49] 18:46:27.295 [ReconcilerExecutor-hivemq-controller-140] DEBUG c.h.p.o.h.HiveMQPlatformReconcilerRollingRestartHandler - [helmvolu] Rolling restart is waiting for 2 of 3 replicas
2025-01-30 18:46:28,039 INFO c.h.h.t.HelmChartContainer - [test-hivemq-platform] [hivemq] [c960f2fc] INFO  - Started HiveMQ Health API in 969ms
2025-01-30 18:46:28,730 INFO c.h.h.t.HelmChartContainer - [test-hivemq-platform] [hivemq] [c960f2fc] INFO  - Starting HiveMQ extension system.
2025-01-30 18:46:28,936 INFO c.h.h.t.HelmChartContainer - [test-hivemq-platform] [hivemq] [c960f2fc] INFO  - Starting extension with id "hivemq-dns-cluster-discovery" at /opt/hivemq/extensions/hivemq-dns-cluster-discovery
2025-01-30 18:46:29,434 INFO c.h.h.t.HelmChartContainer - [test-hivemq-platform] [hivemq] [c960f2fc] INFO  - Extension "DNS Cluster Discovery Extension" version 4.3.2 started successfully.
2025-01-30 18:46:29,434 INFO c.h.h.t.HelmChartContainer - [test-hivemq-platform] [hivemq] [c960f2fc] INFO  - Starting extension with id "hivemq-prometheus-extension" at /opt/hivemq/extensions/hivemq-prometheus-extension
2025-01-30 18:46:29,631 INFO c.h.h.t.HelmChartContainer - [K3S] [INFO] COMPACT compactRev=0 targetCompactRev=2 currentRev=1050
2025-01-30 18:46:29,631 INFO c.h.h.t.HelmChartContainer - [K3S] [INFO] COMPACT deleted 0 rows from 2 revisions in 758.544µs - compacted to 2/1050
2025-01-30 18:46:29,631 INFO c.h.h.t.HelmChartContainer - [K3S] [INFO] COMPACT compacted from 0 to 2 in 1 transactions over 2ms
2025-01-30 18:46:29,641 INFO c.h.h.t.HelmChartContainer - [test-hivemq-platform] [hivemq] [c960f2fc] INFO  - Using TCP cluster transport on address 10.42.0.13 and port 7000
2025-01-30 18:46:29,738 INFO c.h.h.t.HelmChartContainer - [test-hivemq-platform] [hivemq] [c960f2fc] INFO  - Using extension cluster discovery
2025-01-30 18:46:30,643 INFO c.h.h.t.HelmChartContainer - [test-hivemq-platform] [hivemq] [c960f2fc] INFO  - Started Jetty Server exposing Prometheus Servlet on URI http://0.0.0.0:9399/
2025-01-30 18:46:30,643 INFO c.h.h.t.HelmChartContainer - [test-hivemq-platform] [hivemq] [c960f2fc] INFO  - Extension "Prometheus Monitoring Extension" version 4.0.12 started successfully.
2025-01-30 18:46:30,729 INFO c.h.h.t.HelmChartContainer - [test-hivemq-platform] [hivemq] [c960f2fc] INFO  - Starting extension with id "hivemq-allow-all-extension" at /opt/hivemq/extensions/hivemq-allow-all-extension
2025-01-30 18:46:30,730 INFO c.h.h.t.HelmChartContainer - [test-hivemq-platform] [hivemq] [c960f2fc] WARN  - 
2025-01-30 18:46:30,730 INFO c.h.h.t.HelmChartContainer - [test-hivemq-platform] [hivemq] [c960f2fc] ################################################################################################################
2025-01-30 18:46:30,731 INFO c.h.h.t.HelmChartContainer - [test-hivemq-platform] [hivemq] [c960f2fc] # This HiveMQ deployment is not secure! You are lacking Authentication and Authorization.                      #
2025-01-30 18:46:30,731 INFO c.h.h.t.HelmChartContainer - [test-hivemq-platform] [hivemq] [c960f2fc] # Right now any MQTT client can connect to the broker with a full set of permissions.                          #
2025-01-30 18:46:30,731 INFO c.h.h.t.HelmChartContainer - [test-hivemq-platform] [hivemq] [c960f2fc] # For production usage, add an appropriate security extension and remove the hivemq-allow-all extension.       #
2025-01-30 18:46:30,731 INFO c.h.h.t.HelmChartContainer - [test-hivemq-platform] [hivemq] [c960f2fc] # You can download security extensions from the HiveMQ Marketplace (https://www.hivemq.com/extensions/).       #
2025-01-30 18:46:30,731 INFO c.h.h.t.HelmChartContainer - [test-hivemq-platform] [hivemq] [c960f2fc] ################################################################################################################
2025-01-30 18:46:30,731 INFO c.h.h.t.HelmChartContainer - [test-hivemq-platform] [hivemq] [c960f2fc] INFO  - Extension "Allow All Extension" version 1.1.1 started successfully.
2025-01-30 18:46:30,833 INFO c.h.h.t.HelmChartContainer - [test-hivemq-platform] [hivemq] [bd9e3d15] INFO  - Cluster nodes found by discovery: [eLLfE|2] (3) [eLLfE, R1CbE, BTBnw].
2025-01-30 18:46:30,837 INFO c.h.h.t.HelmChartContainer - [test-hivemq-platform] [hivemq] [c76829e1] INFO  - Cluster nodes found by discovery: [eLLfE|2] (3) [eLLfE, R1CbE, BTBnw].
2025-01-30 18:46:30,845 INFO c.h.h.t.HelmChartContainer - [test-hivemq-platform] [hivemq] [c960f2fc] INFO  - Cluster nodes found by discovery: [eLLfE|2] (3) [eLLfE, R1CbE, BTBnw].
2025-01-30 18:46:30,948 INFO c.h.h.t.HelmChartContainer - [test-hivemq-platform] [hivemq] [c960f2fc] INFO  - Cluster size = 1, members : [R1CbE].
2025-01-30 18:46:31,031 INFO c.h.h.t.HelmChartContainer - [test-hivemq-platform] [hivemq] [c960f2fc] INFO  - Cluster size = 2, members : [eLLfE, R1CbE].
2025-01-30 18:46:31,335 INFO c.h.h.t.HelmChartContainer - [test-hivemq-platform] [hivemq] [c960f2fc] INFO  - Starting cluster join process. This may take a while. Please do not shut down HiveMQ.
2025-01-30 18:46:31,342 INFO c.h.h.t.HelmChartContainer - [test-hivemq-platform] [hivemq] [c960f2fc] INFO  - Cluster join process is still ongoing. Please do not shut down HiveMQ.
2025-01-30 18:46:32,318 INFO c.h.h.t.HelmChartContainer - [K3S] [info.go:53] Couldn't collect info from any of the files in "/etc/machine-id,/var/lib/dbus/machine-id"
2025-01-30 18:46:32,374 INFO c.h.h.t.HelmChartContainer - [K3S] [scope.go:117] "RemoveContainer" containerID="06e6ed21f9c7ae7f60b96756e3e4484fe358d4c314a0c18843241de3ae601089"
2025-01-30 18:46:32,638 INFO c.h.h.t.HelmChartContainer - [test-hivemq-platform] [hivemq] [c960f2fc] INFO  - [HiveMQ Platform Operator Init App 1.7.0-SNAPSHOT] Returning Health API response 503 for readiness
2025-01-30 18:46:32,641 INFO c.h.h.t.HelmChartContainer - [EVENT] Warning [Unhealthy] Readiness probe failed: HTTP probe failed with statuscode: 503 [helmvolumeclaimtemplatesit:test-hivemq-platform-2]
2025-01-30 18:46:32,642 INFO c.h.h.t.HelmChartContainer - Received Unhealthy event for container hivemq in pod test-hivemq-platform-2 [c960f2fc-847b-4123-8261-b7eb82af5814]
2025-01-30 18:46:33,346 INFO c.h.h.t.HelmChartContainer - [test-hivemq-platform] [hivemq] [bd9e3d15] INFO  - Cluster size = 3, members : [BTBnw, eLLfE, R1CbE].
2025-01-30 18:46:33,357 INFO c.h.h.t.HelmChartContainer - [test-hivemq-platform] [hivemq] [c76829e1] INFO  - Cluster size = 3, members : [BTBnw, eLLfE, R1CbE].
2025-01-30 18:46:33,357 INFO c.h.h.t.HelmChartContainer - [test-hivemq-platform] [hivemq] [c960f2fc] INFO  - Cluster size = 3, members : [BTBnw, eLLfE, R1CbE].
2025-01-30 18:46:33,363 INFO c.h.h.t.HelmChartContainer - [test-hivemq-platform] [hivemq] [c960f2fc] INFO  - Finished cluster join process successfully.
2025-01-30 18:46:33,371 INFO c.h.h.t.HelmChartContainer - [test-hivemq-platform] [hivemq] [c960f2fc] WARN  - No user for HiveMQ Control Center configured. Starting with default user
2025-01-30 18:46:33,371 INFO c.h.h.t.HelmChartContainer - [test-hivemq-platform] [hivemq] [c960f2fc] INFO  - Starting HiveMQ Control Center on address 0.0.0.0 and port 8080
2025-01-30 18:46:33,431 INFO c.h.h.t.HelmChartContainer - [test-hivemq-platform] [hivemq] [c960f2fc] INFO  - Mounting HiveMQ Control Center V2 Preview
2025-01-30 18:46:34,049 INFO c.h.h.t.HelmChartContainer - [test-hivemq-platform] [hivemq] [c960f2fc] INFO  - Started HiveMQ Control Center in 678ms
2025-01-30 18:46:34,143 INFO c.h.h.t.HelmChartContainer - [test-hivemq-platform] [hivemq] [c960f2fc] INFO  - Starting TCP listener on address 0.0.0.0 and port 1884
2025-01-30 18:46:34,157 INFO c.h.h.t.HelmChartContainer - [test-hivemq-platform] [hivemq] [c960f2fc] INFO  - Started TCP Listener on address 0.0.0.0 and on port 1884.
2025-01-30 18:46:34,157 INFO c.h.h.t.HelmChartContainer - [test-hivemq-platform] [hivemq] [c960f2fc] INFO  - Started HiveMQ in 26417ms
2025-01-30 18:46:37,159 INFO c.h.h.t.HelmChartContainer - [test-hivemq-platform] [hivemq] [c960f2fc] INFO  - [HiveMQ Platform Operator Init App 1.7.0-SNAPSHOT] Returning Health API response 200 for readiness
2025-01-30 18:46:37,175 INFO c.h.h.t.HelmChartContainer - [POD] test-hivemq-platform-2 [c960f2fc-847b-4123-8261-b7eb82af5814] in helmvolumeclaimtemplatesit was MODIFIED
2025-01-30 18:46:37,188 INFO c.h.h.t.HelmChartContainer - [hivemq-test-hivemq-platform] [hivemq-platform-operator] [3dd68f49] 18:46:37.179 [pool-6-thread-22] DEBUG c.h.p.o.dependants.PodInfoConfigMap - [helmvolu] Desired PodInfo ConfigMap (1 extensions) (1 enabled)
2025-01-30 18:46:37,188 INFO c.h.h.t.HelmChartContainer - [hivemq-test-hivemq-platform] [hivemq-platform-operator] [3dd68f49] 18:46:37.179 [pool-6-thread-22] DEBUG c.h.p.o.dependants.PodInfoConfigMap - [helmvolu] Desired PodInfo ConfigMap (metrics port: 9399) (metrics path: /)
2025-01-30 18:46:37,188 INFO c.h.h.t.HelmChartContainer - [hivemq-test-hivemq-platform] [hivemq-platform-operator] [3dd68f49] 18:46:37.179 [pool-6-thread-22] DEBUG c.h.p.o.dependants.PodInfoConfigMap - [helmvolu] Desired PodInfo ConfigMap (extension state hash: -1817474005)
2025-01-30 18:46:37,188 INFO c.h.h.t.HelmChartContainer - [hivemq-test-hivemq-platform] [hivemq-platform-operator] [3dd68f49] 18:46:37.181 [pool-6-thread-30] DEBUG c.h.p.o.d.PodServiceAccountResource - [helmvolu] Desired PodServiceAccountResource (serviceAccountName: hivemq-platform-pod-test-hivemq-platform)
2025-01-30 18:46:37,188 INFO c.h.h.t.HelmChartContainer - [hivemq-test-hivemq-platform] [hivemq-platform-operator] [3dd68f49] 18:46:37.183 [pool-6-thread-24] DEBUG c.h.p.o.d.PlatformServiceResource - [helmvolu] Desired Platform services (3 services)
2025-01-30 18:46:37,191 INFO c.h.h.t.HelmChartContainer - [hivemq-test-hivemq-platform] [hivemq-platform-operator] [3dd68f49] 18:46:37.188 [pool-6-thread-28] DEBUG c.h.p.o.d.StatefulSetResource - [helmvolu] Desired StatefulSet (3 replicas) for status ROLLING_RESTART (SURGE_IN_PROGRESS)
2025-01-30 18:46:37,200 INFO c.h.h.t.HelmChartContainer - [hivemq-test-hivemq-platform] [hivemq-platform-operator] [3dd68f49] 18:46:37.198 [ReconcilerExecutor-hivemq-controller-141] INFO  c.h.p.o.HiveMQPlatformReconciler - [helmvolu] Reconciling HiveMQ Platform 'test-hivemq-platform' in namespace 'helmvolumeclaimtemplatesit'
2025-01-30 18:46:37,201 INFO c.h.h.t.HelmChartContainer - [hivemq-test-hivemq-platform] [hivemq-platform-operator] [3dd68f49] 18:46:37.198 [ReconcilerExecutor-hivemq-controller-141] DEBUG c.h.p.o.HiveMQPlatformReconciler - [helmvolu] Custom Resource Status ROLLING_RESTART - HiveMQ Platform is starting a surge Pod (rolling restart) (SURGE_IN_PROGRESS)
2025-01-30 18:46:37,201 INFO c.h.h.t.HelmChartContainer - [hivemq-test-hivemq-platform] [hivemq-platform-operator] [3dd68f49] 18:46:37.198 [ReconcilerExecutor-hivemq-controller-141] DEBUG c.h.p.o.HiveMQPlatformReconciler - [helmvolu] Custom Resource Spec (replicas: 2) (extensions: 1)
2025-01-30 18:46:37,201 INFO c.h.h.t.HelmChartContainer - [hivemq-test-hivemq-platform] [hivemq-platform-operator] [3dd68f49] 18:46:37.199 [ReconcilerExecutor-hivemq-controller-141] DEBUG c.h.p.o.HiveMQPlatformReconciler - [helmvolu] StatefulSet Status (revision: test-hivemq-platform-59475f86c9, replicas: 3, available: 3, ready: 3, current: 2, updated: 1)
2025-01-30 18:46:37,201 INFO c.h.h.t.HelmChartContainer - [hivemq-test-hivemq-platform] [hivemq-platform-operator] [3dd68f49] 18:46:37.199 [ReconcilerExecutor-hivemq-controller-141] DEBUG c.h.p.o.HiveMQPlatformReconciler - [helmvolu] StatefulSet Spec (replicas: 3, init containers: 1, containers: 1, volumes: 4)
2025-01-30 18:46:37,202 INFO c.h.h.t.HelmChartContainer - [hivemq-test-hivemq-platform] [hivemq-platform-operator] [3dd68f49] 18:46:37.200 [ReconcilerExecutor-hivemq-controller-141] DEBUG c.h.p.o.h.HiveMQPlatformReconcilerErrorHandler - [helmvolu] Pod 'test-hivemq-platform-2' phase Running
2025-01-30 18:46:37,207 INFO c.h.h.t.HelmChartContainer - [hivemq-test-hivemq-platform] [hivemq-platform-operator] [3dd68f49] 18:46:37.203 [ReconcilerExecutor-hivemq-controller-141] DEBUG c.h.p.o.h.HiveMQPlatformReconcilerErrorHandler - [helmvolu] Pod 'test-hivemq-platform-1' phase Running
2025-01-30 18:46:37,208 INFO c.h.h.t.HelmChartContainer - [hivemq-test-hivemq-platform] [hivemq-platform-operator] [3dd68f49] 18:46:37.204 [ReconcilerExecutor-hivemq-controller-141] DEBUG c.h.p.o.h.HiveMQPlatformReconcilerErrorHandler - [helmvolu] Pod 'test-hivemq-platform-0' phase Running
2025-01-30 18:46:37,208 INFO c.h.h.t.HelmChartContainer - [hivemq-test-hivemq-platform] [hivemq-platform-operator] [3dd68f49] 18:46:37.205 [ReconcilerExecutor-hivemq-controller-141] INFO  c.h.p.o.h.HiveMQPlatformReconcilerRollingRestartHandler - [helmvolu] Surge Pod started successfully
2025-01-30 18:46:37,280 INFO c.h.h.t.HelmChartContainer - [hivemq-test-hivemq-platform] [hivemq-platform-operator] [3dd68f49] 18:46:37.279 [ReconcilerExecutor-hivemq-controller-141] DEBUG c.h.p.operator.event.EventSender - [helmvolu] Creating K8s event rolling-restart-surge-in-progress: [RollingRestart] HiveMQ Platform is restarting Pods (rolling restart)
2025-01-30 18:46:37,284 INFO c.h.h.t.HelmChartContainer - [EVENT] Normal [RollingRestart] HiveMQ Platform is restarting Pods (rolling restart) [helmvolumeclaimtemplatesit:test-hivemq-platform]
2025-01-30 18:46:37,284 INFO c.h.h.t.HelmChartContainer - [hivemq-test-hivemq-platform] [hivemq-platform-operator] [3dd68f49] 18:46:37.283 [ReconcilerExecutor-hivemq-controller-141] INFO  c.h.p.o.h.AbstractHiveMQReconcilerStateHandler - [helmvolu] Update HiveMQ Platform Status (ROLLING_RESTART [SURGE_IN_PROGRESS] -> ROLLING_RESTART [RESTART_PODS_IN_PROGRESS]): HiveMQ Platform is restarting Pods (rolling restart)
2025-01-30 18:46:37,292 DEBUG com.hivemq.helmcharts.util.K8sUtil - Comparing actual state 'ROLLING_RESTART' and waiting for 'RUNNING'
2025-01-30 18:46:37,298 INFO c.h.h.t.HelmChartContainer - [hivemq-test-hivemq-platform] [hivemq-platform-operator] [3dd68f49] 18:46:37.295 [pool-6-thread-34] DEBUG c.h.p.o.d.PlatformServiceResource - [helmvolu] Desired Platform services (3 services)
2025-01-30 18:46:37,299 INFO c.h.h.t.HelmChartContainer - [hivemq-test-hivemq-platform] [hivemq-platform-operator] [3dd68f49] 18:46:37.296 [pool-6-thread-36] DEBUG c.h.p.o.dependants.PodInfoConfigMap - [helmvolu] Desired PodInfo ConfigMap (1 extensions) (1 enabled)
2025-01-30 18:46:37,299 INFO c.h.h.t.HelmChartContainer - [hivemq-test-hivemq-platform] [hivemq-platform-operator] [3dd68f49] 18:46:37.296 [pool-6-thread-36] DEBUG c.h.p.o.dependants.PodInfoConfigMap - [helmvolu] Desired PodInfo ConfigMap (metrics port: 9399) (metrics path: /)
2025-01-30 18:46:37,300 INFO c.h.h.t.HelmChartContainer - [hivemq-test-hivemq-platform] [hivemq-platform-operator] [3dd68f49] 18:46:37.296 [pool-6-thread-36] DEBUG c.h.p.o.dependants.PodInfoConfigMap - [helmvolu] Desired PodInfo ConfigMap (extension state hash: -1817474005)
2025-01-30 18:46:37,300 INFO c.h.h.t.HelmChartContainer - [hivemq-test-hivemq-platform] [hivemq-platform-operator] [3dd68f49] 18:46:37.299 [pool-6-thread-32] DEBUG c.h.p.o.d.PodServiceAccountResource - [helmvolu] Desired PodServiceAccountResource (serviceAccountName: hivemq-platform-pod-test-hivemq-platform)
2025-01-30 18:46:37,335 INFO c.h.h.t.HelmChartContainer - [hivemq-test-hivemq-platform] [hivemq-platform-operator] [3dd68f49] 18:46:37.334 [pool-6-thread-34] DEBUG c.h.p.o.d.StatefulSetResource - [helmvolu] Desired StatefulSet (3 replicas) for status ROLLING_RESTART (RESTART_PODS_IN_PROGRESS)
2025-01-30 18:46:37,378 INFO c.h.h.t.HelmChartContainer - [hivemq-test-hivemq-platform] [hivemq-platform-operator] [3dd68f49] 18:46:37.377 [ReconcilerExecutor-hivemq-controller-142] INFO  c.h.p.o.HiveMQPlatformReconciler - [helmvolu] Reconciling HiveMQ Platform 'test-hivemq-platform' in namespace 'helmvolumeclaimtemplatesit'
2025-01-30 18:46:37,379 INFO c.h.h.t.HelmChartContainer - [hivemq-test-hivemq-platform] [hivemq-platform-operator] [3dd68f49] 18:46:37.377 [ReconcilerExecutor-hivemq-controller-142] DEBUG c.h.p.o.HiveMQPlatformReconciler - [helmvolu] Custom Resource Status ROLLING_RESTART - HiveMQ Platform is restarting Pods (rolling restart) (RESTART_PODS_IN_PROGRESS)
2025-01-30 18:46:37,379 INFO c.h.h.t.HelmChartContainer - [hivemq-test-hivemq-platform] [hivemq-platform-operator] [3dd68f49] 18:46:37.377 [ReconcilerExecutor-hivemq-controller-142] DEBUG c.h.p.o.HiveMQPlatformReconciler - [helmvolu] Custom Resource Spec (replicas: 2) (extensions: 1)
2025-01-30 18:46:37,379 INFO c.h.h.t.HelmChartContainer - [hivemq-test-hivemq-platform] [hivemq-platform-operator] [3dd68f49] 18:46:37.379 [ReconcilerExecutor-hivemq-controller-142] DEBUG c.h.p.o.HiveMQPlatformReconciler - [helmvolu] StatefulSet Status (revision: test-hivemq-platform-59475f86c9, replicas: 3, available: 3, ready: 3, current: 2, updated: 1)
2025-01-30 18:46:37,379 INFO c.h.h.t.HelmChartContainer - [hivemq-test-hivemq-platform] [hivemq-platform-operator] [3dd68f49] 18:46:37.379 [ReconcilerExecutor-hivemq-controller-142] DEBUG c.h.p.o.HiveMQPlatformReconciler - [helmvolu] StatefulSet Spec (replicas: 3, init containers: 1, containers: 1, volumes: 4)
2025-01-30 18:46:37,380 INFO c.h.h.t.HelmChartContainer - [hivemq-test-hivemq-platform] [hivemq-platform-operator] [3dd68f49] 18:46:37.380 [ReconcilerExecutor-hivemq-controller-142] DEBUG c.h.p.o.h.HiveMQPlatformReconcilerErrorHandler - [helmvolu] Pod 'test-hivemq-platform-2' phase Running
2025-01-30 18:46:37,382 INFO c.h.h.t.HelmChartContainer - [hivemq-test-hivemq-platform] [hivemq-platform-operator] [3dd68f49] 18:46:37.381 [ReconcilerExecutor-hivemq-controller-142] DEBUG c.h.p.o.h.HiveMQPlatformReconcilerErrorHandler - [helmvolu] Pod 'test-hivemq-platform-1' phase Running
2025-01-30 18:46:37,383 INFO c.h.h.t.HelmChartContainer - [hivemq-test-hivemq-platform] [hivemq-platform-operator] [3dd68f49] 18:46:37.382 [ReconcilerExecutor-hivemq-controller-142] DEBUG c.h.p.o.h.HiveMQPlatformReconcilerErrorHandler - [helmvolu] Pod 'test-hivemq-platform-0' phase Running
2025-01-30 18:46:37,389 INFO c.h.h.t.HelmChartContainer - [hivemq-test-hivemq-platform] [hivemq-platform-operator] [3dd68f49] 18:46:37.388 [ReconcilerExecutor-hivemq-controller-142] DEBUG c.h.p.o.h.HiveMQPlatformReconcilerRollingRestartHandler - [helmvolu] Skipping Pod test-hivemq-platform-2 as it's already on the controller update revision (update revision: test-hivemq-platform-59475f86c9, pod revision: test-hivemq-platform-59475f86c9)
2025-01-30 18:46:37,480 INFO c.h.h.t.HelmChartContainer - [hivemq-test-hivemq-platform] [hivemq-platform-operator] [3dd68f49] 18:46:37.477 [ReconcilerExecutor-hivemq-controller-142] DEBUG c.h.p.o.h.HiveMQPlatformReconcilerRollingRestartHandler - [helmvolu] The last Pod is running for 54 seconds, the next Pod can be restarted
2025-01-30 18:46:37,480 INFO c.h.h.t.HelmChartContainer - [hivemq-test-hivemq-platform] [hivemq-platform-operator] [3dd68f49] 18:46:37.477 [ReconcilerExecutor-hivemq-controller-142] INFO  c.h.p.o.h.HiveMQPlatformReconcilerRollingRestartHandler - [helmvolu] Restarting Pod test-hivemq-platform-1 as it's not matching the controller update revision (update revision: test-hivemq-platform-59475f86c9, pod revision: test-hivemq-platform-6c7bb94cbd)
2025-01-30 18:46:37,490 INFO c.h.h.t.HelmChartContainer - [POD] test-hivemq-platform-1 [c76829e1-57eb-4dfb-84c5-b19c27a77399] in helmvolumeclaimtemplatesit was MODIFIED
2025-01-30 18:46:37,499 INFO c.h.h.t.HelmChartContainer - [EVENT] Normal [Killing] Stopping container hivemq [helmvolumeclaimtemplatesit:test-hivemq-platform-1]
2025-01-30 18:46:37,499 INFO c.h.h.t.HelmChartContainer - Received Killing event for container hivemq in pod test-hivemq-platform-1 [c76829e1-57eb-4dfb-84c5-b19c27a77399]
2025-01-30 18:46:37,499 INFO c.h.h.t.HelmChartContainer - Container [test-hivemq-platform-1] [hivemq] [c76829e1-57eb-4dfb-84c5-b19c27a77399] was terminated
2025-01-30 18:46:37,499 INFO c.h.h.t.HelmChartContainer - Stopped log watcher for hivemq in pod test-hivemq-platform-1 [c76829e1-57eb-4dfb-84c5-b19c27a77399]
2025-01-30 18:46:37,506 INFO c.h.h.t.HelmChartContainer - [hivemq-test-hivemq-platform] [hivemq-platform-operator] [3dd68f49] 18:46:37.503 [pool-6-thread-49] DEBUG c.h.p.o.d.PlatformServiceResource - [helmvolu] Desired Platform services (3 services)
2025-01-30 18:46:37,506 INFO c.h.h.t.HelmChartContainer - [hivemq-test-hivemq-platform] [hivemq-platform-operator] [3dd68f49] 18:46:37.504 [pool-6-thread-43] DEBUG c.h.p.o.dependants.PodInfoConfigMap - [helmvolu] Desired PodInfo ConfigMap (1 extensions) (1 enabled)
2025-01-30 18:46:37,506 INFO c.h.h.t.HelmChartContainer - [hivemq-test-hivemq-platform] [hivemq-platform-operator] [3dd68f49] 18:46:37.505 [pool-6-thread-43] DEBUG c.h.p.o.dependants.PodInfoConfigMap - [helmvolu] Desired PodInfo ConfigMap (metrics port: 9399) (metrics path: /)
2025-01-30 18:46:37,506 INFO c.h.h.t.HelmChartContainer - [hivemq-test-hivemq-platform] [hivemq-platform-operator] [3dd68f49] 18:46:37.505 [pool-6-thread-43] DEBUG c.h.p.o.dependants.PodInfoConfigMap - [helmvolu] Desired PodInfo ConfigMap (extension state hash: -1817474005)
2025-01-30 18:46:37,509 INFO c.h.h.t.HelmChartContainer - [test-hivemq-platform] [hivemq] [c76829e1] INFO  - [HiveMQ Platform Operator Init App 1.7.0-SNAPSHOT] Shutting down
2025-01-30 18:46:37,509 INFO c.h.h.t.HelmChartContainer - [test-hivemq-platform] [hivemq] [c76829e1] INFO  - [HiveMQ Platform Operator Init App 1.7.0-SNAPSHOT] Stopping the HiveMQ Platform
2025-01-30 18:46:37,535 INFO c.h.h.t.HelmChartContainer - [hivemq-test-hivemq-platform] [hivemq-platform-operator] [3dd68f49] 18:46:37.533 [pool-6-thread-50] DEBUG c.h.p.o.d.PodServiceAccountResource - [helmvolu] Desired PodServiceAccountResource (serviceAccountName: hivemq-platform-pod-test-hivemq-platform)
2025-01-30 18:46:37,578 INFO c.h.h.t.HelmChartContainer - [hivemq-test-hivemq-platform] [hivemq-platform-operator] [3dd68f49] 18:46:37.577 [pool-6-thread-49] DEBUG c.h.p.o.d.StatefulSetResource - [helmvolu] Desired StatefulSet (3 replicas) for status ROLLING_RESTART (RESTART_PODS_IN_PROGRESS)
2025-01-30 18:46:37,580 INFO c.h.h.t.HelmChartContainer - [hivemq-test-hivemq-platform] [hivemq-platform-operator] [3dd68f49] 18:46:37.579 [ReconcilerExecutor-hivemq-controller-143] INFO  c.h.p.o.HiveMQPlatformReconciler - [helmvolu] Reconciling HiveMQ Platform 'test-hivemq-platform' in namespace 'helmvolumeclaimtemplatesit'
2025-01-30 18:46:37,581 INFO c.h.h.t.HelmChartContainer - [hivemq-test-hivemq-platform] [hivemq-platform-operator] [3dd68f49] 18:46:37.579 [ReconcilerExecutor-hivemq-controller-143] DEBUG c.h.p.o.HiveMQPlatformReconciler - [helmvolu] Custom Resource Status ROLLING_RESTART - HiveMQ Platform is restarting Pods (rolling restart) (RESTART_PODS_IN_PROGRESS)
2025-01-30 18:46:37,581 INFO c.h.h.t.HelmChartContainer - [hivemq-test-hivemq-platform] [hivemq-platform-operator] [3dd68f49] 18:46:37.580 [ReconcilerExecutor-hivemq-controller-143] DEBUG c.h.p.o.HiveMQPlatformReconciler - [helmvolu] Custom Resource Spec (replicas: 2) (extensions: 1)
2025-01-30 18:46:37,582 INFO c.h.h.t.HelmChartContainer - [hivemq-test-hivemq-platform] [hivemq-platform-operator] [3dd68f49] 18:46:37.581 [ReconcilerExecutor-hivemq-controller-143] DEBUG c.h.p.o.HiveMQPlatformReconciler - [helmvolu] StatefulSet Status (revision: test-hivemq-platform-59475f86c9, replicas: 3, available: 3, ready: 3, current: 1, updated: 1)
2025-01-30 18:46:37,583 INFO c.h.h.t.HelmChartContainer - [hivemq-test-hivemq-platform] [hivemq-platform-operator] [3dd68f49] 18:46:37.581 [ReconcilerExecutor-hivemq-controller-143] DEBUG c.h.p.o.HiveMQPlatformReconciler - [helmvolu] StatefulSet Spec (replicas: 3, init containers: 1, containers: 1, volumes: 4)
2025-01-30 18:46:37,583 INFO c.h.h.t.HelmChartContainer - [hivemq-test-hivemq-platform] [hivemq-platform-operator] [3dd68f49] 18:46:37.582 [ReconcilerExecutor-hivemq-controller-143] DEBUG c.h.p.o.h.HiveMQPlatformReconcilerErrorHandler - [helmvolu] Pod 'test-hivemq-platform-2' phase Running
2025-01-30 18:46:37,586 INFO c.h.h.t.HelmChartContainer - [hivemq-test-hivemq-platform] [hivemq-platform-operator] [3dd68f49] 18:46:37.584 [ReconcilerExecutor-hivemq-controller-143] DEBUG c.h.p.o.h.HiveMQPlatformReconcilerErrorHandler - [helmvolu] Pod 'test-hivemq-platform-1' phase Running
2025-01-30 18:46:37,586 INFO c.h.h.t.HelmChartContainer - [hivemq-test-hivemq-platform] [hivemq-platform-operator] [3dd68f49] 18:46:37.584 [ReconcilerExecutor-hivemq-controller-143] DEBUG c.h.p.o.h.HiveMQPlatformReconcilerErrorHandler - [helmvolu] Pod 'test-hivemq-platform-0' phase Running
2025-01-30 18:46:37,592 INFO c.h.h.t.HelmChartContainer - [hivemq-test-hivemq-platform] [hivemq-platform-operator] [3dd68f49] 18:46:37.591 [ReconcilerExecutor-hivemq-controller-143] DEBUG c.h.p.o.h.HiveMQPlatformReconcilerRollingRestartHandler - [helmvolu] Skipping Pod test-hivemq-platform-2 as it's already on the controller update revision (update revision: test-hivemq-platform-59475f86c9, pod revision: test-hivemq-platform-59475f86c9)
2025-01-30 18:46:37,605 INFO c.h.h.t.HelmChartContainer - [hivemq-test-hivemq-platform] [hivemq-platform-operator] [3dd68f49] 18:46:37.604 [ReconcilerExecutor-hivemq-controller-143] DEBUG c.h.p.o.h.HiveMQPlatformReconcilerRollingRestartHandler - [helmvolu] The last Pod is running for 54 seconds, the next Pod can be restarted
2025-01-30 18:46:37,605 INFO c.h.h.t.HelmChartContainer - [hivemq-test-hivemq-platform] [hivemq-platform-operator] [3dd68f49] 18:46:37.604 [ReconcilerExecutor-hivemq-controller-143] INFO  c.h.p.o.h.HiveMQPlatformReconcilerRollingRestartHandler - [helmvolu] Restarting Pod test-hivemq-platform-1 as it's not matching the controller update revision (update revision: test-hivemq-platform-59475f86c9, pod revision: test-hivemq-platform-6c7bb94cbd)
2025-01-30 18:46:37,680 INFO c.h.h.t.HelmChartContainer - [hivemq-test-hivemq-platform] [hivemq-platform-operator] [3dd68f49] 18:46:37.676 [pool-6-thread-4] DEBUG c.h.p.o.d.PlatformServiceResource - [helmvolu] Desired Platform services (3 services)
2025-01-30 18:46:37,680 INFO c.h.h.t.HelmChartContainer - [hivemq-test-hivemq-platform] [hivemq-platform-operator] [3dd68f49] 18:46:37.677 [pool-6-thread-10] DEBUG c.h.p.o.dependants.PodInfoConfigMap - [helmvolu] Desired PodInfo ConfigMap (1 extensions) (1 enabled)
2025-01-30 18:46:37,680 INFO c.h.h.t.HelmChartContainer - [hivemq-test-hivemq-platform] [hivemq-platform-operator] [3dd68f49] 18:46:37.677 [pool-6-thread-10] DEBUG c.h.p.o.dependants.PodInfoConfigMap - [helmvolu] Desired PodInfo ConfigMap (metrics port: 9399) (metrics path: /)
2025-01-30 18:46:37,680 INFO c.h.h.t.HelmChartContainer - [hivemq-test-hivemq-platform] [hivemq-platform-operator] [3dd68f49] 18:46:37.677 [pool-6-thread-10] DEBUG c.h.p.o.dependants.PodInfoConfigMap - [helmvolu] Desired PodInfo ConfigMap (extension state hash: -1817474005)
2025-01-30 18:46:37,680 INFO c.h.h.t.HelmChartContainer - [hivemq-test-hivemq-platform] [hivemq-platform-operator] [3dd68f49] 18:46:37.678 [pool-6-thread-10] DEBUG c.h.p.o.d.PodServiceAccountResource - [helmvolu] Desired PodServiceAccountResource (serviceAccountName: hivemq-platform-pod-test-hivemq-platform)
2025-01-30 18:46:37,684 INFO c.h.h.t.HelmChartContainer - [test-hivemq-platform] [hivemq] [c76829e1] INFO  - Shutting down HiveMQ. Please wait, this could take a while...
2025-01-30 18:46:37,685 INFO c.h.h.t.HelmChartContainer - [hivemq-test-hivemq-platform] [hivemq-platform-operator] [3dd68f49] 18:46:37.683 [pool-6-thread-4] DEBUG c.h.p.o.d.StatefulSetResource - [helmvolu] Desired StatefulSet (3 replicas) for status ROLLING_RESTART (RESTART_PODS_IN_PROGRESS)
2025-01-30 18:46:37,689 INFO c.h.h.t.HelmChartContainer - [test-hivemq-platform] [hivemq] [c76829e1] INFO  - Shutting down listeners and clients
2025-01-30 18:46:37,692 INFO c.h.h.t.HelmChartContainer - [test-hivemq-platform] [hivemq] [c76829e1] INFO  - Shutdown of listeners is done
2025-01-30 18:46:37,693 INFO c.h.h.t.HelmChartContainer - [test-hivemq-platform] [hivemq] [c76829e1] INFO  - No clients are connected, proceeding with shutdown
2025-01-30 18:46:37,694 INFO c.h.h.t.HelmChartContainer - [hivemq-test-hivemq-platform] [hivemq-platform-operator] [3dd68f49] 18:46:37.693 [ReconcilerExecutor-hivemq-controller-144] INFO  c.h.p.o.HiveMQPlatformReconciler - [helmvolu] Reconciling HiveMQ Platform 'test-hivemq-platform' in namespace 'helmvolumeclaimtemplatesit'
2025-01-30 18:46:37,697 INFO c.h.h.t.HelmChartContainer - [hivemq-test-hivemq-platform] [hivemq-platform-operator] [3dd68f49] 18:46:37.693 [ReconcilerExecutor-hivemq-controller-144] DEBUG c.h.p.o.HiveMQPlatformReconciler - [helmvolu] Custom Resource Status ROLLING_RESTART - HiveMQ Platform is restarting Pods (rolling restart) (RESTART_PODS_IN_PROGRESS)
2025-01-30 18:46:37,697 INFO c.h.h.t.HelmChartContainer - [hivemq-test-hivemq-platform] [hivemq-platform-operator] [3dd68f49] 18:46:37.693 [ReconcilerExecutor-hivemq-controller-144] DEBUG c.h.p.o.HiveMQPlatformReconciler - [helmvolu] Custom Resource Spec (replicas: 2) (extensions: 1)
2025-01-30 18:46:37,697 INFO c.h.h.t.HelmChartContainer - [hivemq-test-hivemq-platform] [hivemq-platform-operator] [3dd68f49] 18:46:37.694 [ReconcilerExecutor-hivemq-controller-144] DEBUG c.h.p.o.HiveMQPlatformReconciler - [helmvolu] StatefulSet Status (revision: test-hivemq-platform-59475f86c9, replicas: 3, available: 3, ready: 3, current: 1, updated: 1)
2025-01-30 18:46:37,697 INFO c.h.h.t.HelmChartContainer - [hivemq-test-hivemq-platform] [hivemq-platform-operator] [3dd68f49] 18:46:37.696 [ReconcilerExecutor-hivemq-controller-144] DEBUG c.h.p.o.HiveMQPlatformReconciler - [helmvolu] StatefulSet Spec (replicas: 3, init containers: 1, containers: 1, volumes: 4)
2025-01-30 18:46:37,700 INFO c.h.h.t.HelmChartContainer - [hivemq-test-hivemq-platform] [hivemq-platform-operator] [3dd68f49] 18:46:37.699 [ReconcilerExecutor-hivemq-controller-144] DEBUG c.h.p.o.h.HiveMQPlatformReconcilerErrorHandler - [helmvolu] Pod 'test-hivemq-platform-2' phase Running
2025-01-30 18:46:37,701 INFO c.h.h.t.HelmChartContainer - [hivemq-test-hivemq-platform] [hivemq-platform-operator] [3dd68f49] 18:46:37.701 [ReconcilerExecutor-hivemq-controller-144] DEBUG c.h.p.o.h.HiveMQPlatformReconcilerErrorHandler - [helmvolu] Pod 'test-hivemq-platform-1' phase Running
2025-01-30 18:46:37,702 INFO c.h.h.t.HelmChartContainer - [hivemq-test-hivemq-platform] [hivemq-platform-operator] [3dd68f49] 18:46:37.701 [ReconcilerExecutor-hivemq-controller-144] DEBUG c.h.p.o.h.HiveMQPlatformReconcilerErrorHandler - [helmvolu] Pod 'test-hivemq-platform-0' phase Running
2025-01-30 18:46:37,709 INFO c.h.h.t.HelmChartContainer - [hivemq-test-hivemq-platform] [hivemq-platform-operator] [3dd68f49] 18:46:37.707 [ReconcilerExecutor-hivemq-controller-144] DEBUG c.h.p.o.h.HiveMQPlatformReconcilerRollingRestartHandler - [helmvolu] Skipping Pod test-hivemq-platform-2 as it's already on the controller update revision (update revision: test-hivemq-platform-59475f86c9, pod revision: test-hivemq-platform-59475f86c9)
2025-01-30 18:46:37,784 INFO c.h.h.t.HelmChartContainer - [hivemq-test-hivemq-platform] [hivemq-platform-operator] [3dd68f49] 18:46:37.783 [ReconcilerExecutor-hivemq-controller-144] DEBUG c.h.p.o.h.HiveMQPlatformReconcilerRollingRestartHandler - [helmvolu] The last Pod is running for 54 seconds, the next Pod can be restarted
2025-01-30 18:46:37,784 INFO c.h.h.t.HelmChartContainer - [hivemq-test-hivemq-platform] [hivemq-platform-operator] [3dd68f49] 18:46:37.783 [ReconcilerExecutor-hivemq-controller-144] INFO  c.h.p.o.h.HiveMQPlatformReconcilerRollingRestartHandler - [helmvolu] Restarting Pod test-hivemq-platform-1 as it's not matching the controller update revision (update revision: test-hivemq-platform-59475f86c9, pod revision: test-hivemq-platform-6c7bb94cbd)
2025-01-30 18:46:40,749 INFO c.h.h.t.HelmChartContainer - [test-hivemq-platform] [hivemq] [c76829e1] INFO  - Shutting down extension system
2025-01-30 18:46:40,751 INFO c.h.h.t.HelmChartContainer - [test-hivemq-platform] [hivemq] [c76829e1] INFO  - Stopping extension with id hivemq-dns-cluster-discovery
2025-01-30 18:46:40,751 INFO c.h.h.t.HelmChartContainer - [test-hivemq-platform] [hivemq] [c76829e1] INFO  - Extension "DNS Cluster Discovery Extension" version 4.3.2 stopped successfully.
2025-01-30 18:46:40,752 INFO c.h.h.t.HelmChartContainer - [test-hivemq-platform] [hivemq] [c76829e1] INFO  - Stopping extension with id hivemq-prometheus-extension
2025-01-30 18:46:40,755 INFO c.h.h.t.HelmChartContainer - [test-hivemq-platform] [hivemq] [c76829e1] INFO  - Extension "Prometheus Monitoring Extension" version 4.0.12 stopped successfully.
2025-01-30 18:46:40,756 INFO c.h.h.t.HelmChartContainer - [test-hivemq-platform] [hivemq] [c76829e1] INFO  - Stopping extension with id hivemq-allow-all-extension
2025-01-30 18:46:40,756 INFO c.h.h.t.HelmChartContainer - [test-hivemq-platform] [hivemq] [c76829e1] INFO  - Extension "Allow All Extension" version 1.1.1 stopped successfully.
2025-01-30 18:46:40,761 INFO c.h.h.t.HelmChartContainer - [test-hivemq-platform] [hivemq] [bd9e3d15] INFO  - Cluster nodes found by discovery: [eLLfE|3] (2) [eLLfE, BTBnw].
2025-01-30 18:46:40,766 INFO c.h.h.t.HelmChartContainer - [test-hivemq-platform] [hivemq] [c960f2fc] INFO  - Cluster nodes found by discovery: [eLLfE|3] (2) [eLLfE, BTBnw].
2025-01-30 18:46:40,768 INFO c.h.h.t.HelmChartContainer - [test-hivemq-platform] [hivemq] [bd9e3d15] INFO  - Cluster size = 2, members : [BTBnw, eLLfE].
2025-01-30 18:46:40,774 INFO c.h.h.t.HelmChartContainer - [test-hivemq-platform] [hivemq] [c960f2fc] INFO  - Cluster size = 2, members : [BTBnw, eLLfE].
2025-01-30 18:46:40,777 INFO c.h.h.t.HelmChartContainer - [test-hivemq-platform] [hivemq] [bd9e3d15] INFO  - Starting cluster replication process. This may take a while. Please do not shut down HiveMQ.
2025-01-30 18:46:40,782 INFO c.h.h.t.HelmChartContainer - [test-hivemq-platform] [hivemq] [c960f2fc] INFO  - Starting cluster replication process. This may take a while. Please do not shut down HiveMQ.
2025-01-30 18:46:41,098 INFO c.h.h.t.HelmChartContainer - [test-hivemq-platform] [hivemq] [c76829e1] INFO  - [HiveMQ Platform Operator Init App 1.7.0-SNAPSHOT] Returning shutdown Health API response 503 for readiness
2025-01-30 18:46:41,102 INFO c.h.h.t.HelmChartContainer - [EVENT] Warning [Unhealthy] Readiness probe failed: HTTP probe failed with statuscode: 503 [helmvolumeclaimtemplatesit:test-hivemq-platform-1]
2025-01-30 18:46:41,102 INFO c.h.h.t.HelmChartContainer - Received Unhealthy event for container hivemq in pod test-hivemq-platform-1 [c76829e1-57eb-4dfb-84c5-b19c27a77399]
2025-01-30 18:46:41,136 INFO c.h.h.t.HelmChartContainer - [test-hivemq-platform] [hivemq] [bd9e3d15] INFO  - Finished cluster replication successfully in 358 ms.
2025-01-30 18:46:41,136 INFO c.h.h.t.HelmChartContainer - [test-hivemq-platform] [hivemq] [c960f2fc] INFO  - Finished cluster replication successfully in 354 ms.
2025-01-30 18:46:43,042 INFO c.h.h.t.HelmChartContainer - [test-hivemq-platform] [hivemq] [c76829e1] INFO  - Shutdown completed.
2025-01-30 18:46:43,394 INFO c.h.h.t.HelmChartContainer - [test-hivemq-platform] [hivemq] [c76829e1] INFO  - [HiveMQ Platform Operator Init App 1.7.0-SNAPSHOT] The HiveMQ Platform exited with code 143
2025-01-30 18:46:43,394 INFO c.h.h.t.HelmChartContainer - [test-hivemq-platform] [hivemq] [c76829e1] INFO  - [HiveMQ Platform Operator Init App 1.7.0-SNAPSHOT] Stopping the REST API
2025-01-30 18:46:43,433 INFO c.h.h.t.HelmChartContainer - [test-hivemq-platform] [hivemq] [c76829e1] INFO  - [HiveMQ Platform Operator Init App 1.7.0-SNAPSHOT] Shutdown complete
2025-01-30 18:46:43,529 INFO c.h.h.t.HelmChartContainer - [test-hivemq-platform] [hivemq] [c960f2fc] INFO  - [HiveMQ Platform Operator Init App 1.7.0-SNAPSHOT] Returning Health API response 200 for liveness
2025-01-30 18:46:43,899 INFO c.h.h.t.HelmChartContainer - [POD] test-hivemq-platform-1 [c76829e1-57eb-4dfb-84c5-b19c27a77399] in helmvolumeclaimtemplatesit was MODIFIED
2025-01-30 18:46:43,915 INFO c.h.h.t.HelmChartContainer - [hivemq-test-hivemq-platform] [hivemq-platform-operator] [3dd68f49] 18:46:43.906 [pool-6-thread-18] DEBUG c.h.p.o.d.PlatformServiceResource - [helmvolu] Desired Platform services (3 services)
2025-01-30 18:46:43,915 INFO c.h.h.t.HelmChartContainer - [hivemq-test-hivemq-platform] [hivemq-platform-operator] [3dd68f49] 18:46:43.907 [pool-6-thread-12] DEBUG c.h.p.o.dependants.PodInfoConfigMap - [helmvolu] Desired PodInfo ConfigMap (1 extensions) (1 enabled)
2025-01-30 18:46:43,915 INFO c.h.h.t.HelmChartContainer - [hivemq-test-hivemq-platform] [hivemq-platform-operator] [3dd68f49] 18:46:43.908 [pool-6-thread-12] DEBUG c.h.p.o.dependants.PodInfoConfigMap - [helmvolu] Desired PodInfo ConfigMap (metrics port: 9399) (metrics path: /)
2025-01-30 18:46:43,915 INFO c.h.h.t.HelmChartContainer - [hivemq-test-hivemq-platform] [hivemq-platform-operator] [3dd68f49] 18:46:43.908 [pool-6-thread-12] DEBUG c.h.p.o.dependants.PodInfoConfigMap - [helmvolu] Desired PodInfo ConfigMap (extension state hash: -1817474005)
2025-01-30 18:46:43,923 INFO c.h.h.t.HelmChartContainer - [hivemq-test-hivemq-platform] [hivemq-platform-operator] [3dd68f49] 18:46:43.908 [pool-6-thread-19] DEBUG c.h.p.o.d.PodServiceAccountResource - [helmvolu] Desired PodServiceAccountResource (serviceAccountName: hivemq-platform-pod-test-hivemq-platform)
2025-01-30 18:46:43,923 INFO c.h.h.t.HelmChartContainer - [hivemq-test-hivemq-platform] [hivemq-platform-operator] [3dd68f49] 18:46:43.912 [pool-6-thread-20] DEBUG c.h.p.o.d.StatefulSetResource - [helmvolu] Desired StatefulSet (3 replicas) for status ROLLING_RESTART (RESTART_PODS_IN_PROGRESS)
2025-01-30 18:46:43,924 INFO c.h.h.t.HelmChartContainer - [hivemq-test-hivemq-platform] [hivemq-platform-operator] [3dd68f49] 18:46:43.918 [ReconcilerExecutor-hivemq-controller-145] INFO  c.h.p.o.HiveMQPlatformReconciler - [helmvolu] Reconciling HiveMQ Platform 'test-hivemq-platform' in namespace 'helmvolumeclaimtemplatesit'
2025-01-30 18:46:43,925 INFO c.h.h.t.HelmChartContainer - [hivemq-test-hivemq-platform] [hivemq-platform-operator] [3dd68f49] 18:46:43.918 [ReconcilerExecutor-hivemq-controller-145] DEBUG c.h.p.o.HiveMQPlatformReconciler - [helmvolu] Custom Resource Status ROLLING_RESTART - HiveMQ Platform is restarting Pods (rolling restart) (RESTART_PODS_IN_PROGRESS)
2025-01-30 18:46:43,925 INFO c.h.h.t.HelmChartContainer - [hivemq-test-hivemq-platform] [hivemq-platform-operator] [3dd68f49] 18:46:43.918 [ReconcilerExecutor-hivemq-controller-145] DEBUG c.h.p.o.HiveMQPlatformReconciler - [helmvolu] Custom Resource Spec (replicas: 2) (extensions: 1)
2025-01-30 18:46:43,925 INFO c.h.h.t.HelmChartContainer - [hivemq-test-hivemq-platform] [hivemq-platform-operator] [3dd68f49] 18:46:43.919 [ReconcilerExecutor-hivemq-controller-145] DEBUG c.h.p.o.HiveMQPlatformReconciler - [helmvolu] StatefulSet Status (revision: test-hivemq-platform-59475f86c9, replicas: 3, available: 2, ready: 2, current: 1, updated: 1)
2025-01-30 18:46:43,925 INFO c.h.h.t.HelmChartContainer - [hivemq-test-hivemq-platform] [hivemq-platform-operator] [3dd68f49] 18:46:43.919 [ReconcilerExecutor-hivemq-controller-145] DEBUG c.h.p.o.HiveMQPlatformReconciler - [helmvolu] StatefulSet Spec (replicas: 3, init containers: 1, containers: 1, volumes: 4)
2025-01-30 18:46:43,925 INFO c.h.h.t.HelmChartContainer - [hivemq-test-hivemq-platform] [hivemq-platform-operator] [3dd68f49] 18:46:43.920 [ReconcilerExecutor-hivemq-controller-145] DEBUG c.h.p.o.h.HiveMQPlatformReconcilerErrorHandler - [helmvolu] Pod 'test-hivemq-platform-2' phase Running
2025-01-30 18:46:43,925 INFO c.h.h.t.HelmChartContainer - [hivemq-test-hivemq-platform] [hivemq-platform-operator] [3dd68f49] 18:46:43.923 [ReconcilerExecutor-hivemq-controller-145] DEBUG c.h.p.o.h.HiveMQPlatformReconcilerErrorHandler - [helmvolu] Pod 'test-hivemq-platform-1' phase Failed
2025-01-30 18:46:43,925 INFO c.h.h.t.HelmChartContainer - [hivemq-test-hivemq-platform] [hivemq-platform-operator] [3dd68f49] 18:46:43.923 [ReconcilerExecutor-hivemq-controller-145] DEBUG c.h.p.o.h.HiveMQPlatformReconcilerErrorHandler - [helmvolu] Pod 'test-hivemq-platform-1' condition 'PodReadyToStartContainers': False
2025-01-30 18:46:43,925 INFO c.h.h.t.HelmChartContainer - [hivemq-test-hivemq-platform] [hivemq-platform-operator] [3dd68f49] 18:46:43.923 [ReconcilerExecutor-hivemq-controller-145] DEBUG c.h.p.o.h.HiveMQPlatformReconcilerErrorHandler - [helmvolu] Pod 'test-hivemq-platform-1' condition 'Initialized': True
2025-01-30 18:46:43,925 INFO c.h.h.t.HelmChartContainer - [hivemq-test-hivemq-platform] [hivemq-platform-operator] [3dd68f49] 18:46:43.923 [ReconcilerExecutor-hivemq-controller-145] DEBUG c.h.p.o.h.HiveMQPlatformReconcilerErrorHandler - [helmvolu] Pod 'test-hivemq-platform-1' condition 'Ready': False
2025-01-30 18:46:43,925 INFO c.h.h.t.HelmChartContainer - [hivemq-test-hivemq-platform] [hivemq-platform-operator] [3dd68f49] 18:46:43.923 [ReconcilerExecutor-hivemq-controller-145] DEBUG c.h.p.o.h.HiveMQPlatformReconcilerErrorHandler - [helmvolu] Pod 'test-hivemq-platform-1' condition 'ContainersReady': False
2025-01-30 18:46:43,925 INFO c.h.h.t.HelmChartContainer - [hivemq-test-hivemq-platform] [hivemq-platform-operator] [3dd68f49] 18:46:43.923 [ReconcilerExecutor-hivemq-controller-145] DEBUG c.h.p.o.h.HiveMQPlatformReconcilerErrorHandler - [helmvolu] Pod 'test-hivemq-platform-1' condition 'PodScheduled': True
2025-01-30 18:46:43,925 INFO c.h.h.t.HelmChartContainer - [hivemq-test-hivemq-platform] [hivemq-platform-operator] [3dd68f49] 18:46:43.923 [ReconcilerExecutor-hivemq-controller-145] DEBUG c.h.p.o.h.HiveMQPlatformReconcilerErrorHandler - [helmvolu] Pod 'test-hivemq-platform-1' containerStatus 'hivemq' (started: false) (ready: false) (waiting: [Unknown] no message)
2025-01-30 18:46:43,926 INFO c.h.h.t.HelmChartContainer - [hivemq-test-hivemq-platform] [hivemq-platform-operator] [3dd68f49] 18:46:43.925 [ReconcilerExecutor-hivemq-controller-145] DEBUG c.h.p.o.h.HiveMQPlatformReconcilerErrorHandler - [helmvolu] Pod 'test-hivemq-platform-0' phase Running
2025-01-30 18:46:43,926 INFO c.h.h.t.HelmChartContainer - [hivemq-test-hivemq-platform] [hivemq-platform-operator] [3dd68f49] 18:46:43.925 [ReconcilerExecutor-hivemq-controller-145] DEBUG c.h.p.o.h.HiveMQPlatformReconcilerRollingRestartHandler - [helmvolu] Rolling restart is waiting for 2 of 3 replicas
2025-01-30 18:46:43,980 INFO c.h.h.t.HelmChartContainer - [hivemq-test-hivemq-platform] [hivemq-platform-operator] [3dd68f49] 18:46:43.977 [pool-6-thread-30] DEBUG c.h.p.o.d.PlatformServiceResource - [helmvolu] Desired Platform services (3 services)
2025-01-30 18:46:43,980 INFO c.h.h.t.HelmChartContainer - [hivemq-test-hivemq-platform] [hivemq-platform-operator] [3dd68f49] 18:46:43.977 [pool-6-thread-22] DEBUG c.h.p.o.dependants.PodInfoConfigMap - [helmvolu] Desired PodInfo ConfigMap (1 extensions) (1 enabled)
2025-01-30 18:46:43,980 INFO c.h.h.t.HelmChartContainer - [hivemq-test-hivemq-platform] [hivemq-platform-operator] [3dd68f49] 18:46:43.977 [pool-6-thread-22] DEBUG c.h.p.o.dependants.PodInfoConfigMap - [helmvolu] Desired PodInfo ConfigMap (metrics port: 9399) (metrics path: /)
2025-01-30 18:46:43,980 INFO c.h.h.t.HelmChartContainer - [hivemq-test-hivemq-platform] [hivemq-platform-operator] [3dd68f49] 18:46:43.977 [pool-6-thread-22] DEBUG c.h.p.o.dependants.PodInfoConfigMap - [helmvolu] Desired PodInfo ConfigMap (extension state hash: -1817474005)
2025-01-30 18:46:43,980 INFO c.h.h.t.HelmChartContainer - [hivemq-test-hivemq-platform] [hivemq-platform-operator] [3dd68f49] 18:46:43.977 [pool-6-thread-26] DEBUG c.h.p.o.d.PodServiceAccountResource - [helmvolu] Desired PodServiceAccountResource (serviceAccountName: hivemq-platform-pod-test-hivemq-platform)
2025-01-30 18:46:43,983 INFO c.h.h.t.HelmChartContainer - [hivemq-test-hivemq-platform] [hivemq-platform-operator] [3dd68f49] 18:46:43.980 [pool-6-thread-30] DEBUG c.h.p.o.d.StatefulSetResource - [helmvolu] Desired StatefulSet (3 replicas) for status ROLLING_RESTART (RESTART_PODS_IN_PROGRESS)
2025-01-30 18:46:43,984 INFO c.h.h.t.HelmChartContainer - [hivemq-test-hivemq-platform] [hivemq-platform-operator] [3dd68f49] 18:46:43.983 [ReconcilerExecutor-hivemq-controller-146] INFO  c.h.p.o.HiveMQPlatformReconciler - [helmvolu] Reconciling HiveMQ Platform 'test-hivemq-platform' in namespace 'helmvolumeclaimtemplatesit'
2025-01-30 18:46:43,984 INFO c.h.h.t.HelmChartContainer - [hivemq-test-hivemq-platform] [hivemq-platform-operator] [3dd68f49] 18:46:43.983 [ReconcilerExecutor-hivemq-controller-146] DEBUG c.h.p.o.HiveMQPlatformReconciler - [helmvolu] Custom Resource Status ROLLING_RESTART - HiveMQ Platform is restarting Pods (rolling restart) (RESTART_PODS_IN_PROGRESS)
2025-01-30 18:46:43,984 INFO c.h.h.t.HelmChartContainer - [hivemq-test-hivemq-platform] [hivemq-platform-operator] [3dd68f49] 18:46:43.983 [ReconcilerExecutor-hivemq-controller-146] DEBUG c.h.p.o.HiveMQPlatformReconciler - [helmvolu] Custom Resource Spec (replicas: 2) (extensions: 1)
2025-01-30 18:46:43,985 INFO c.h.h.t.HelmChartContainer - [hivemq-test-hivemq-platform] [hivemq-platform-operator] [3dd68f49] 18:46:43.985 [ReconcilerExecutor-hivemq-controller-146] DEBUG c.h.p.o.HiveMQPlatformReconciler - [helmvolu] StatefulSet Status (revision: test-hivemq-platform-59475f86c9, replicas: 3, available: 2, ready: 2, current: 1, updated: 1)
2025-01-30 18:46:43,986 INFO c.h.h.t.HelmChartContainer - [hivemq-test-hivemq-platform] [hivemq-platform-operator] [3dd68f49] 18:46:43.985 [ReconcilerExecutor-hivemq-controller-146] DEBUG c.h.p.o.HiveMQPlatformReconciler - [helmvolu] StatefulSet Spec (replicas: 3, init containers: 1, containers: 1, volumes: 4)
2025-01-30 18:46:43,988 INFO c.h.h.t.HelmChartContainer - [hivemq-test-hivemq-platform] [hivemq-platform-operator] [3dd68f49] 18:46:43.987 [ReconcilerExecutor-hivemq-controller-146] DEBUG c.h.p.o.h.HiveMQPlatformReconcilerErrorHandler - [helmvolu] Pod 'test-hivemq-platform-2' phase Running
2025-01-30 18:46:43,989 INFO c.h.h.t.HelmChartContainer - [hivemq-test-hivemq-platform] [hivemq-platform-operator] [3dd68f49] 18:46:43.989 [ReconcilerExecutor-hivemq-controller-146] DEBUG c.h.p.o.h.HiveMQPlatformReconcilerErrorHandler - [helmvolu] Pod 'test-hivemq-platform-1' phase Failed
2025-01-30 18:46:43,990 INFO c.h.h.t.HelmChartContainer - [hivemq-test-hivemq-platform] [hivemq-platform-operator] [3dd68f49] 18:46:43.989 [ReconcilerExecutor-hivemq-controller-146] DEBUG c.h.p.o.h.HiveMQPlatformReconcilerErrorHandler - [helmvolu] Pod 'test-hivemq-platform-1' condition 'PodReadyToStartContainers': False
2025-01-30 18:46:43,991 INFO c.h.h.t.HelmChartContainer - [hivemq-test-hivemq-platform] [hivemq-platform-operator] [3dd68f49] 18:46:43.989 [ReconcilerExecutor-hivemq-controller-146] DEBUG c.h.p.o.h.HiveMQPlatformReconcilerErrorHandler - [helmvolu] Pod 'test-hivemq-platform-1' condition 'Initialized': True
2025-01-30 18:46:43,991 INFO c.h.h.t.HelmChartContainer - [hivemq-test-hivemq-platform] [hivemq-platform-operator] [3dd68f49] 18:46:43.989 [ReconcilerExecutor-hivemq-controller-146] DEBUG c.h.p.o.h.HiveMQPlatformReconcilerErrorHandler - [helmvolu] Pod 'test-hivemq-platform-1' condition 'Ready': False
2025-01-30 18:46:43,991 INFO c.h.h.t.HelmChartContainer - [hivemq-test-hivemq-platform] [hivemq-platform-operator] [3dd68f49] 18:46:43.989 [ReconcilerExecutor-hivemq-controller-146] DEBUG c.h.p.o.h.HiveMQPlatformReconcilerErrorHandler - [helmvolu] Pod 'test-hivemq-platform-1' condition 'ContainersReady': False
2025-01-30 18:46:43,991 INFO c.h.h.t.HelmChartContainer - [hivemq-test-hivemq-platform] [hivemq-platform-operator] [3dd68f49] 18:46:43.989 [ReconcilerExecutor-hivemq-controller-146] DEBUG c.h.p.o.h.HiveMQPlatformReconcilerErrorHandler - [helmvolu] Pod 'test-hivemq-platform-1' condition 'PodScheduled': True
2025-01-30 18:46:43,991 INFO c.h.h.t.HelmChartContainer - [hivemq-test-hivemq-platform] [hivemq-platform-operator] [3dd68f49] 18:46:43.989 [ReconcilerExecutor-hivemq-controller-146] DEBUG c.h.p.o.h.HiveMQPlatformReconcilerErrorHandler - [helmvolu] Pod 'test-hivemq-platform-1' containerStatus 'hivemq' (started: false) (ready: false) (waiting: [Unknown] no message)
2025-01-30 18:46:43,992 INFO c.h.h.t.HelmChartContainer - [hivemq-test-hivemq-platform] [hivemq-platform-operator] [3dd68f49] 18:46:43.990 [ReconcilerExecutor-hivemq-controller-146] DEBUG c.h.p.o.h.HiveMQPlatformReconcilerErrorHandler - [helmvolu] Pod 'test-hivemq-platform-0' phase Running
2025-01-30 18:46:43,992 INFO c.h.h.t.HelmChartContainer - [hivemq-test-hivemq-platform] [hivemq-platform-operator] [3dd68f49] 18:46:43.991 [ReconcilerExecutor-hivemq-controller-146] DEBUG c.h.p.o.h.HiveMQPlatformReconcilerRollingRestartHandler - [helmvolu] Rolling restart is waiting for 2 of 3 replicas
2025-01-30 18:46:44,010 INFO c.h.h.t.HelmChartContainer - [K3S] [reconciler_common.go:162] "operationExecutor.UnmountVolume started for volume \"pod-info\" (UniqueName: \"kubernetes.io/configmap/c76829e1-57eb-4dfb-84c5-b19c27a77399-pod-info\") pod \"c76829e1-57eb-4dfb-84c5-b19c27a77399\" (UID: \"c76829e1-57eb-4dfb-84c5-b19c27a77399\") "
2025-01-30 18:46:44,010 INFO c.h.h.t.HelmChartContainer - [K3S] [reconciler_common.go:162] "operationExecutor.UnmountVolume started for volume \"hivemq-pvc-data\" (UniqueName: \"kubernetes.io/local-volume/pvc-e305bfe7-67fb-405a-80df-3a27856fa7c1\") pod \"c76829e1-57eb-4dfb-84c5-b19c27a77399\" (UID: \"c76829e1-57eb-4dfb-84c5-b19c27a77399\") "
2025-01-30 18:46:44,010 INFO c.h.h.t.HelmChartContainer - [K3S] [reconciler_common.go:162] "operationExecutor.UnmountVolume started for volume \"operator-init\" (UniqueName: \"kubernetes.io/empty-dir/c76829e1-57eb-4dfb-84c5-b19c27a77399-operator-init\") pod \"c76829e1-57eb-4dfb-84c5-b19c27a77399\" (UID: \"c76829e1-57eb-4dfb-84c5-b19c27a77399\") "
2025-01-30 18:46:44,010 INFO c.h.h.t.HelmChartContainer - [K3S] [reconciler_common.go:162] "operationExecutor.UnmountVolume started for volume \"kube-api-access-vsddf\" (UniqueName: \"kubernetes.io/projected/c76829e1-57eb-4dfb-84c5-b19c27a77399-kube-api-access-vsddf\") pod \"c76829e1-57eb-4dfb-84c5-b19c27a77399\" (UID: \"c76829e1-57eb-4dfb-84c5-b19c27a77399\") "
2025-01-30 18:46:44,010 INFO c.h.h.t.HelmChartContainer - [K3S] [reconciler_common.go:162] "operationExecutor.UnmountVolume started for volume \"broker-configuration\" (UniqueName: \"kubernetes.io/configmap/c76829e1-57eb-4dfb-84c5-b19c27a77399-broker-configuration\") pod \"c76829e1-57eb-4dfb-84c5-b19c27a77399\" (UID: \"c76829e1-57eb-4dfb-84c5-b19c27a77399\") "
2025-01-30 18:46:44,110 INFO c.h.h.t.HelmChartContainer - [K3S] [reconciler_common.go:299] "Volume detached for volume \"broker-configuration\" (UniqueName: \"kubernetes.io/configmap/c76829e1-57eb-4dfb-84c5-b19c27a77399-broker-configuration\") on node \"3c74c6b68004\" DevicePath \"\""
2025-01-30 18:46:44,110 INFO c.h.h.t.HelmChartContainer - [K3S] [reconciler_common.go:292] "operationExecutor.UnmountDevice started for volume \"pvc-e305bfe7-67fb-405a-80df-3a27856fa7c1\" (UniqueName: \"kubernetes.io/local-volume/pvc-e305bfe7-67fb-405a-80df-3a27856fa7c1\") on node \"3c74c6b68004\" "
2025-01-30 18:46:44,110 INFO c.h.h.t.HelmChartContainer - [K3S] [reconciler_common.go:299] "Volume detached for volume \"pod-info\" (UniqueName: \"kubernetes.io/configmap/c76829e1-57eb-4dfb-84c5-b19c27a77399-pod-info\") on node \"3c74c6b68004\" DevicePath \"\""
2025-01-30 18:46:44,111 INFO c.h.h.t.HelmChartContainer - [K3S] [reconciler_common.go:299] "Volume detached for volume \"operator-init\" (UniqueName: \"kubernetes.io/empty-dir/c76829e1-57eb-4dfb-84c5-b19c27a77399-operator-init\") on node \"3c74c6b68004\" DevicePath \"\""
2025-01-30 18:46:44,111 INFO c.h.h.t.HelmChartContainer - [K3S] [reconciler_common.go:299] "Volume detached for volume \"kube-api-access-vsddf\" (UniqueName: \"kubernetes.io/projected/c76829e1-57eb-4dfb-84c5-b19c27a77399-kube-api-access-vsddf\") on node \"3c74c6b68004\" DevicePath \"\""
2025-01-30 18:46:44,211 INFO c.h.h.t.HelmChartContainer - [K3S] [reconciler_common.go:299] "Volume detached for volume \"pvc-e305bfe7-67fb-405a-80df-3a27856fa7c1\" (UniqueName: \"kubernetes.io/local-volume/pvc-e305bfe7-67fb-405a-80df-3a27856fa7c1\") on node \"3c74c6b68004\" DevicePath \"\""
2025-01-30 18:46:44,835 INFO c.h.h.t.HelmChartContainer - [K3S] [scope.go:117] "RemoveContainer" containerID="a71ea0560fb77399656dfeb8e741e3aebb113acdf2b5eae815eb91e3ea70145e"
2025-01-30 18:46:44,839 INFO c.h.h.t.HelmChartContainer - [K3S] [scope.go:117] "RemoveContainer" containerID="826acd899a34472054fbc7613568183876eb3eae8e278a395ea8fe2b0da281f3"
2025-01-30 18:46:44,847 INFO c.h.h.t.HelmChartContainer - [POD] test-hivemq-platform-1 [c76829e1-57eb-4dfb-84c5-b19c27a77399] in helmvolumeclaimtemplatesit was MODIFIED
2025-01-30 18:46:44,850 INFO c.h.h.t.HelmChartContainer - [POD] test-hivemq-platform-1 [c76829e1-57eb-4dfb-84c5-b19c27a77399] in helmvolumeclaimtemplatesit was DELETED
2025-01-30 18:46:44,852 INFO c.h.h.t.HelmChartContainer - [K3S] [endpointslice_controller.go:344] "Error syncing endpoint slices for service, retrying" key="helmvolumeclaimtemplatesit/hivemq-test-hivemq-platform-cluster" err="EndpointSlice informer cache is out of date"
2025-01-30 18:46:44,856 INFO c.h.h.t.HelmChartContainer - [hivemq-test-hivemq-platform] [hivemq-platform-operator] [3dd68f49] 18:46:44.853 [pool-6-thread-39] DEBUG c.h.p.o.d.PlatformServiceResource - [helmvolu] Desired Platform services (3 services)
2025-01-30 18:46:44,856 INFO c.h.h.t.HelmChartContainer - [hivemq-test-hivemq-platform] [hivemq-platform-operator] [3dd68f49] 18:46:44.855 [pool-6-thread-33] DEBUG c.h.p.o.dependants.PodInfoConfigMap - [helmvolu] Desired PodInfo ConfigMap (1 extensions) (1 enabled)
2025-01-30 18:46:44,858 INFO c.h.h.t.HelmChartContainer - [hivemq-test-hivemq-platform] [hivemq-platform-operator] [3dd68f49] 18:46:44.855 [pool-6-thread-33] DEBUG c.h.p.o.dependants.PodInfoConfigMap - [helmvolu] Desired PodInfo ConfigMap (metrics port: 9399) (metrics path: /)
2025-01-30 18:46:44,858 INFO c.h.h.t.HelmChartContainer - [hivemq-test-hivemq-platform] [hivemq-platform-operator] [3dd68f49] 18:46:44.855 [pool-6-thread-33] DEBUG c.h.p.o.dependants.PodInfoConfigMap - [helmvolu] Desired PodInfo ConfigMap (extension state hash: -1817474005)
2025-01-30 18:46:44,859 INFO c.h.h.t.HelmChartContainer - [hivemq-test-hivemq-platform] [hivemq-platform-operator] [3dd68f49] 18:46:44.857 [pool-6-thread-32] DEBUG c.h.p.o.d.PodServiceAccountResource - [helmvolu] Desired PodServiceAccountResource (serviceAccountName: hivemq-platform-pod-test-hivemq-platform)
2025-01-30 18:46:44,864 INFO c.h.h.t.HelmChartContainer - [hivemq-test-hivemq-platform] [hivemq-platform-operator] [3dd68f49] 18:46:44.862 [pool-6-thread-39] DEBUG c.h.p.o.d.StatefulSetResource - [helmvolu] Desired StatefulSet (3 replicas) for status ROLLING_RESTART (RESTART_PODS_IN_PROGRESS)
2025-01-30 18:46:44,869 INFO c.h.h.t.HelmChartContainer - [POD] test-hivemq-platform-1 [e7cb2377-e34f-4c4c-86c6-5ee599aa695e] in helmvolumeclaimtemplatesit was ADDED
2025-01-30 18:46:44,873 INFO c.h.h.t.HelmChartContainer - [hivemq-test-hivemq-platform] [hivemq-platform-operator] [3dd68f49] 18:46:44.870 [ReconcilerExecutor-hivemq-controller-147] INFO  c.h.p.o.HiveMQPlatformReconciler - [helmvolu] Reconciling HiveMQ Platform 'test-hivemq-platform' in namespace 'helmvolumeclaimtemplatesit'
2025-01-30 18:46:44,873 INFO c.h.h.t.HelmChartContainer - [hivemq-test-hivemq-platform] [hivemq-platform-operator] [3dd68f49] 18:46:44.870 [ReconcilerExecutor-hivemq-controller-147] DEBUG c.h.p.o.HiveMQPlatformReconciler - [helmvolu] Custom Resource Status ROLLING_RESTART - HiveMQ Platform is restarting Pods (rolling restart) (RESTART_PODS_IN_PROGRESS)
2025-01-30 18:46:44,873 INFO c.h.h.t.HelmChartContainer - [hivemq-test-hivemq-platform] [hivemq-platform-operator] [3dd68f49] 18:46:44.870 [ReconcilerExecutor-hivemq-controller-147] DEBUG c.h.p.o.HiveMQPlatformReconciler - [helmvolu] Custom Resource Spec (replicas: 2) (extensions: 1)
2025-01-30 18:46:44,877 INFO c.h.h.t.HelmChartContainer - [POD] test-hivemq-platform-1 [e7cb2377-e34f-4c4c-86c6-5ee599aa695e] in helmvolumeclaimtemplatesit was MODIFIED
2025-01-30 18:46:44,877 INFO c.h.h.t.HelmChartContainer - [K3S] [memory_manager.go:355] "RemoveStaleState removing state" podUID="c76829e1-57eb-4dfb-84c5-b19c27a77399" containerName="hivemq"
2025-01-30 18:46:44,882 INFO c.h.h.t.HelmChartContainer - [hivemq-test-hivemq-platform] [hivemq-platform-operator] [3dd68f49] 18:46:44.873 [ReconcilerExecutor-hivemq-controller-147] DEBUG c.h.p.o.HiveMQPlatformReconciler - [helmvolu] StatefulSet Status (revision: test-hivemq-platform-59475f86c9, replicas: 3, available: 2, ready: 2, current: 1, updated: 1)
2025-01-30 18:46:44,882 INFO c.h.h.t.HelmChartContainer - [hivemq-test-hivemq-platform] [hivemq-platform-operator] [3dd68f49] 18:46:44.873 [ReconcilerExecutor-hivemq-controller-147] DEBUG c.h.p.o.HiveMQPlatformReconciler - [helmvolu] StatefulSet Spec (replicas: 3, init containers: 1, containers: 1, volumes: 4)
2025-01-30 18:46:44,883 INFO c.h.h.t.HelmChartContainer - [hivemq-test-hivemq-platform] [hivemq-platform-operator] [3dd68f49] 18:46:44.878 [ReconcilerExecutor-hivemq-controller-147] DEBUG c.h.p.o.h.HiveMQPlatformReconcilerErrorHandler - [helmvolu] Pod 'test-hivemq-platform-2' phase Running
2025-01-30 18:46:44,883 INFO c.h.h.t.HelmChartContainer - [hivemq-test-hivemq-platform] [hivemq-platform-operator] [3dd68f49] 18:46:44.879 [ReconcilerExecutor-hivemq-controller-147] DEBUG c.h.p.o.h.HiveMQPlatformReconcilerErrorHandler - [helmvolu] Pod 'test-hivemq-platform-1' phase Pending
2025-01-30 18:46:44,887 INFO c.h.h.t.HelmChartContainer - [hivemq-test-hivemq-platform] [hivemq-platform-operator] [3dd68f49] 18:46:44.880 [ReconcilerExecutor-hivemq-controller-147] DEBUG c.h.p.o.h.HiveMQPlatformReconcilerErrorHandler - [helmvolu] Pod 'test-hivemq-platform-0' phase Running
2025-01-30 18:46:44,887 INFO c.h.h.t.HelmChartContainer - [hivemq-test-hivemq-platform] [hivemq-platform-operator] [3dd68f49] 18:46:44.881 [ReconcilerExecutor-hivemq-controller-147] DEBUG c.h.p.o.h.HiveMQPlatformReconcilerRollingRestartHandler - [helmvolu] Rolling restart is waiting for 2 of 3 replicas
2025-01-30 18:46:44,890 INFO c.h.h.t.HelmChartContainer - [EVENT] Normal [SuccessfulCreate] create Pod test-hivemq-platform-1 in StatefulSet test-hivemq-platform successful [helmvolumeclaimtemplatesit:test-hivemq-platform]
2025-01-30 18:46:44,890 INFO c.h.h.t.HelmChartContainer - [EVENT] Normal [Scheduled] Successfully assigned helmvolumeclaimtemplatesit/test-hivemq-platform-1 to 3c74c6b68004 [helmvolumeclaimtemplatesit:test-hivemq-platform-1]
2025-01-30 18:46:44,896 INFO c.h.h.t.HelmChartContainer - [POD] test-hivemq-platform-1 [e7cb2377-e34f-4c4c-86c6-5ee599aa695e] in helmvolumeclaimtemplatesit was MODIFIED
2025-01-30 18:46:44,941 INFO c.h.h.t.HelmChartContainer - [hivemq-test-hivemq-platform] [hivemq-platform-operator] [3dd68f49] 18:46:44.938 [pool-6-thread-41] DEBUG c.h.p.o.d.PlatformServiceResource - [helmvolu] Desired Platform services (3 services)
2025-01-30 18:46:44,942 INFO c.h.h.t.HelmChartContainer - [hivemq-test-hivemq-platform] [hivemq-platform-operator] [3dd68f49] 18:46:44.938 [pool-6-thread-42] DEBUG c.h.p.o.dependants.PodInfoConfigMap - [helmvolu] Desired PodInfo ConfigMap (1 extensions) (1 enabled)
2025-01-30 18:46:44,942 INFO c.h.h.t.HelmChartContainer - [hivemq-test-hivemq-platform] [hivemq-platform-operator] [3dd68f49] 18:46:44.939 [pool-6-thread-42] DEBUG c.h.p.o.dependants.PodInfoConfigMap - [helmvolu] Desired PodInfo ConfigMap (metrics port: 9399) (metrics path: /)
2025-01-30 18:46:44,942 INFO c.h.h.t.HelmChartContainer - [hivemq-test-hivemq-platform] [hivemq-platform-operator] [3dd68f49] 18:46:44.939 [pool-6-thread-42] DEBUG c.h.p.o.dependants.PodInfoConfigMap - [helmvolu] Desired PodInfo ConfigMap (extension state hash: -1817474005)
2025-01-30 18:46:44,949 INFO c.h.h.t.HelmChartContainer - [hivemq-test-hivemq-platform] [hivemq-platform-operator] [3dd68f49] 18:46:44.946 [pool-6-thread-44] DEBUG c.h.p.o.d.StatefulSetResource - [helmvolu] Desired StatefulSet (3 replicas) for status ROLLING_RESTART (RESTART_PODS_IN_PROGRESS)
2025-01-30 18:46:44,949 INFO c.h.h.t.HelmChartContainer - [hivemq-test-hivemq-platform] [hivemq-platform-operator] [3dd68f49] 18:46:44.949 [pool-6-thread-48] DEBUG c.h.p.o.d.PodServiceAccountResource - [helmvolu] Desired PodServiceAccountResource (serviceAccountName: hivemq-platform-pod-test-hivemq-platform)
2025-01-30 18:46:45,015 INFO c.h.h.t.HelmChartContainer - [K3S] [reconciler_common.go:251] "operationExecutor.VerifyControllerAttachedVolume started for volume \"pod-info\" (UniqueName: \"kubernetes.io/configmap/e7cb2377-e34f-4c4c-86c6-5ee599aa695e-pod-info\") pod \"test-hivemq-platform-1\" (UID: \"e7cb2377-e34f-4c4c-86c6-5ee599aa695e\") " pod="helmvolumeclaimtemplatesit/test-hivemq-platform-1"
2025-01-30 18:46:45,016 INFO c.h.h.t.HelmChartContainer - [K3S] [reconciler_common.go:251] "operationExecutor.VerifyControllerAttachedVolume started for volume \"pvc-e305bfe7-67fb-405a-80df-3a27856fa7c1\" (UniqueName: \"kubernetes.io/local-volume/pvc-e305bfe7-67fb-405a-80df-3a27856fa7c1\") pod \"test-hivemq-platform-1\" (UID: \"e7cb2377-e34f-4c4c-86c6-5ee599aa695e\") " pod="helmvolumeclaimtemplatesit/test-hivemq-platform-1"
2025-01-30 18:46:45,016 INFO c.h.h.t.HelmChartContainer - [K3S] [reconciler_common.go:251] "operationExecutor.VerifyControllerAttachedVolume started for volume \"kube-api-access-ttv4d\" (UniqueName: \"kubernetes.io/projected/e7cb2377-e34f-4c4c-86c6-5ee599aa695e-kube-api-access-ttv4d\") pod \"test-hivemq-platform-1\" (UID: \"e7cb2377-e34f-4c4c-86c6-5ee599aa695e\") " pod="helmvolumeclaimtemplatesit/test-hivemq-platform-1"
2025-01-30 18:46:45,016 INFO c.h.h.t.HelmChartContainer - [K3S] [reconciler_common.go:251] "operationExecutor.VerifyControllerAttachedVolume started for volume \"broker-configuration\" (UniqueName: \"kubernetes.io/configmap/e7cb2377-e34f-4c4c-86c6-5ee599aa695e-broker-configuration\") pod \"test-hivemq-platform-1\" (UID: \"e7cb2377-e34f-4c4c-86c6-5ee599aa695e\") " pod="helmvolumeclaimtemplatesit/test-hivemq-platform-1"
2025-01-30 18:46:45,016 INFO c.h.h.t.HelmChartContainer - [K3S] [reconciler_common.go:251] "operationExecutor.VerifyControllerAttachedVolume started for volume \"operator-init\" (UniqueName: \"kubernetes.io/empty-dir/e7cb2377-e34f-4c4c-86c6-5ee599aa695e-operator-init\") pod \"test-hivemq-platform-1\" (UID: \"e7cb2377-e34f-4c4c-86c6-5ee599aa695e\") " pod="helmvolumeclaimtemplatesit/test-hivemq-platform-1"
2025-01-30 18:46:45,035 INFO c.h.h.t.HelmChartContainer - [hivemq-test-hivemq-platform] [hivemq-platform-operator] [3dd68f49] 18:46:45.034 [ReconcilerExecutor-hivemq-controller-149] INFO  c.h.p.o.HiveMQPlatformReconciler - [helmvolu] Reconciling HiveMQ Platform 'test-hivemq-platform' in namespace 'helmvolumeclaimtemplatesit'
2025-01-30 18:46:45,035 INFO c.h.h.t.HelmChartContainer - [hivemq-test-hivemq-platform] [hivemq-platform-operator] [3dd68f49] 18:46:45.034 [ReconcilerExecutor-hivemq-controller-149] DEBUG c.h.p.o.HiveMQPlatformReconciler - [helmvolu] Custom Resource Status ROLLING_RESTART - HiveMQ Platform is restarting Pods (rolling restart) (RESTART_PODS_IN_PROGRESS)
2025-01-30 18:46:45,035 INFO c.h.h.t.HelmChartContainer - [hivemq-test-hivemq-platform] [hivemq-platform-operator] [3dd68f49] 18:46:45.034 [ReconcilerExecutor-hivemq-controller-149] DEBUG c.h.p.o.HiveMQPlatformReconciler - [helmvolu] Custom Resource Spec (replicas: 2) (extensions: 1)
2025-01-30 18:46:45,039 INFO c.h.h.t.HelmChartContainer - [hivemq-test-hivemq-platform] [hivemq-platform-operator] [3dd68f49] 18:46:45.036 [ReconcilerExecutor-hivemq-controller-149] DEBUG c.h.p.o.HiveMQPlatformReconciler - [helmvolu] StatefulSet Status (revision: test-hivemq-platform-59475f86c9, replicas: 3, available: 2, ready: 2, current: 1, updated: 2)
2025-01-30 18:46:45,039 INFO c.h.h.t.HelmChartContainer - [hivemq-test-hivemq-platform] [hivemq-platform-operator] [3dd68f49] 18:46:45.036 [ReconcilerExecutor-hivemq-controller-149] DEBUG c.h.p.o.HiveMQPlatformReconciler - [helmvolu] StatefulSet Spec (replicas: 3, init containers: 1, containers: 1, volumes: 4)
2025-01-30 18:46:45,039 INFO c.h.h.t.HelmChartContainer - [hivemq-test-hivemq-platform] [hivemq-platform-operator] [3dd68f49] 18:46:45.037 [ReconcilerExecutor-hivemq-controller-149] DEBUG c.h.p.o.h.HiveMQPlatformReconcilerErrorHandler - [helmvolu] Pod 'test-hivemq-platform-2' phase Running
2025-01-30 18:46:45,039 INFO c.h.h.t.HelmChartContainer - [hivemq-test-hivemq-platform] [hivemq-platform-operator] [3dd68f49] 18:46:45.038 [ReconcilerExecutor-hivemq-controller-149] DEBUG c.h.p.o.h.HiveMQPlatformReconcilerErrorHandler - [helmvolu] Pod 'test-hivemq-platform-1' phase Pending
2025-01-30 18:46:45,042 INFO c.h.h.t.HelmChartContainer - [hivemq-test-hivemq-platform] [hivemq-platform-operator] [3dd68f49] 18:46:45.038 [ReconcilerExecutor-hivemq-controller-149] DEBUG c.h.p.o.h.HiveMQPlatformReconcilerErrorHandler - [helmvolu] Pod 'test-hivemq-platform-1' condition 'PodReadyToStartContainers': False
2025-01-30 18:46:45,042 INFO c.h.h.t.HelmChartContainer - [hivemq-test-hivemq-platform] [hivemq-platform-operator] [3dd68f49] 18:46:45.038 [ReconcilerExecutor-hivemq-controller-149] DEBUG c.h.p.o.h.HiveMQPlatformReconcilerErrorHandler - [helmvolu] Pod 'test-hivemq-platform-1' condition 'Initialized': False
2025-01-30 18:46:45,042 INFO c.h.h.t.HelmChartContainer - [hivemq-test-hivemq-platform] [hivemq-platform-operator] [3dd68f49] 18:46:45.038 [ReconcilerExecutor-hivemq-controller-149] DEBUG c.h.p.o.h.HiveMQPlatformReconcilerErrorHandler - [helmvolu] Pod 'test-hivemq-platform-1' condition 'Ready': False
2025-01-30 18:46:45,042 INFO c.h.h.t.HelmChartContainer - [hivemq-test-hivemq-platform] [hivemq-platform-operator] [3dd68f49] 18:46:45.038 [ReconcilerExecutor-hivemq-controller-149] DEBUG c.h.p.o.h.HiveMQPlatformReconcilerErrorHandler - [helmvolu] Pod 'test-hivemq-platform-1' condition 'ContainersReady': False
2025-01-30 18:46:45,042 INFO c.h.h.t.HelmChartContainer - [hivemq-test-hivemq-platform] [hivemq-platform-operator] [3dd68f49] 18:46:45.038 [ReconcilerExecutor-hivemq-controller-149] DEBUG c.h.p.o.h.HiveMQPlatformReconcilerErrorHandler - [helmvolu] Pod 'test-hivemq-platform-1' condition 'PodScheduled': True
2025-01-30 18:46:45,042 INFO c.h.h.t.HelmChartContainer - [hivemq-test-hivemq-platform] [hivemq-platform-operator] [3dd68f49] 18:46:45.039 [ReconcilerExecutor-hivemq-controller-149] DEBUG c.h.p.o.h.HiveMQPlatformReconcilerErrorHandler - [helmvolu] Pod 'test-hivemq-platform-1' containerStatus 'hivemq' (started: false) (ready: false) (waiting: [PodInitializing] null)
2025-01-30 18:46:45,044 INFO c.h.h.t.HelmChartContainer - [hivemq-test-hivemq-platform] [hivemq-platform-operator] [3dd68f49] 18:46:45.040 [ReconcilerExecutor-hivemq-controller-149] DEBUG c.h.p.o.h.HiveMQPlatformReconcilerErrorHandler - [helmvolu] Pod 'test-hivemq-platform-0' phase Running
2025-01-30 18:46:45,044 INFO c.h.h.t.HelmChartContainer - [hivemq-test-hivemq-platform] [hivemq-platform-operator] [3dd68f49] 18:46:45.040 [ReconcilerExecutor-hivemq-controller-149] DEBUG c.h.p.o.h.HiveMQPlatformReconcilerRollingRestartHandler - [helmvolu] Rolling restart is waiting for 2 of 3 replicas
2025-01-30 18:46:45,044 INFO c.h.h.t.HelmChartContainer - [hivemq-test-hivemq-platform] [hivemq-platform-operator] [3dd68f49] 18:46:45.043 [pool-6-thread-10] DEBUG c.h.p.o.d.PlatformServiceResource - [helmvolu] Desired Platform services (3 services)
2025-01-30 18:46:45,046 INFO c.h.h.t.HelmChartContainer - [hivemq-test-hivemq-platform] [hivemq-platform-operator] [3dd68f49] 18:46:45.045 [pool-6-thread-5] DEBUG c.h.p.o.d.PodServiceAccountResource - [helmvolu] Desired PodServiceAccountResource (serviceAccountName: hivemq-platform-pod-test-hivemq-platform)
2025-01-30 18:46:45,048 INFO c.h.h.t.HelmChartContainer - [hivemq-test-hivemq-platform] [hivemq-platform-operator] [3dd68f49] 18:46:45.046 [pool-6-thread-2] DEBUG c.h.p.o.dependants.PodInfoConfigMap - [helmvolu] Desired PodInfo ConfigMap (1 extensions) (1 enabled)
2025-01-30 18:46:45,050 INFO c.h.h.t.HelmChartContainer - [hivemq-test-hivemq-platform] [hivemq-platform-operator] [3dd68f49] 18:46:45.048 [pool-6-thread-2] DEBUG c.h.p.o.dependants.PodInfoConfigMap - [helmvolu] Desired PodInfo ConfigMap (metrics port: 9399) (metrics path: /)
2025-01-30 18:46:45,050 INFO c.h.h.t.HelmChartContainer - [hivemq-test-hivemq-platform] [hivemq-platform-operator] [3dd68f49] 18:46:45.048 [pool-6-thread-2] DEBUG c.h.p.o.dependants.PodInfoConfigMap - [helmvolu] Desired PodInfo ConfigMap (extension state hash: -1817474005)
2025-01-30 18:46:45,052 INFO c.h.h.t.HelmChartContainer - [hivemq-test-hivemq-platform] [hivemq-platform-operator] [3dd68f49] 18:46:45.051 [pool-6-thread-2] DEBUG c.h.p.o.d.StatefulSetResource - [helmvolu] Desired StatefulSet (3 replicas) for status ROLLING_RESTART (RESTART_PODS_IN_PROGRESS)
2025-01-30 18:46:45,055 INFO c.h.h.t.HelmChartContainer - [hivemq-test-hivemq-platform] [hivemq-platform-operator] [3dd68f49] 18:46:45.054 [ReconcilerExecutor-hivemq-controller-150] INFO  c.h.p.o.HiveMQPlatformReconciler - [helmvolu] Reconciling HiveMQ Platform 'test-hivemq-platform' in namespace 'helmvolumeclaimtemplatesit'
2025-01-30 18:46:45,056 INFO c.h.h.t.HelmChartContainer - [hivemq-test-hivemq-platform] [hivemq-platform-operator] [3dd68f49] 18:46:45.054 [ReconcilerExecutor-hivemq-controller-150] DEBUG c.h.p.o.HiveMQPlatformReconciler - [helmvolu] Custom Resource Status ROLLING_RESTART - HiveMQ Platform is restarting Pods (rolling restart) (RESTART_PODS_IN_PROGRESS)
2025-01-30 18:46:45,056 INFO c.h.h.t.HelmChartContainer - [hivemq-test-hivemq-platform] [hivemq-platform-operator] [3dd68f49] 18:46:45.054 [ReconcilerExecutor-hivemq-controller-150] DEBUG c.h.p.o.HiveMQPlatformReconciler - [helmvolu] Custom Resource Spec (replicas: 2) (extensions: 1)
2025-01-30 18:46:45,076 INFO c.h.h.t.HelmChartContainer - [hivemq-test-hivemq-platform] [hivemq-platform-operator] [3dd68f49] 18:46:45.075 [ReconcilerExecutor-hivemq-controller-150] DEBUG c.h.p.o.HiveMQPlatformReconciler - [helmvolu] StatefulSet Status (revision: test-hivemq-platform-59475f86c9, replicas: 3, available: 2, ready: 2, current: 1, updated: 2)
2025-01-30 18:46:45,076 INFO c.h.h.t.HelmChartContainer - [hivemq-test-hivemq-platform] [hivemq-platform-operator] [3dd68f49] 18:46:45.075 [ReconcilerExecutor-hivemq-controller-150] DEBUG c.h.p.o.HiveMQPlatformReconciler - [helmvolu] StatefulSet Spec (replicas: 3, init containers: 1, containers: 1, volumes: 4)
2025-01-30 18:46:45,078 INFO c.h.h.t.HelmChartContainer - [hivemq-test-hivemq-platform] [hivemq-platform-operator] [3dd68f49] 18:46:45.077 [ReconcilerExecutor-hivemq-controller-150] DEBUG c.h.p.o.h.HiveMQPlatformReconcilerErrorHandler - [helmvolu] Pod 'test-hivemq-platform-2' phase Running
2025-01-30 18:46:45,080 INFO c.h.h.t.HelmChartContainer - [hivemq-test-hivemq-platform] [hivemq-platform-operator] [3dd68f49] 18:46:45.078 [ReconcilerExecutor-hivemq-controller-150] DEBUG c.h.p.o.h.HiveMQPlatformReconcilerErrorHandler - [helmvolu] Pod 'test-hivemq-platform-1' phase Pending
2025-01-30 18:46:45,080 INFO c.h.h.t.HelmChartContainer - [hivemq-test-hivemq-platform] [hivemq-platform-operator] [3dd68f49] 18:46:45.078 [ReconcilerExecutor-hivemq-controller-150] DEBUG c.h.p.o.h.HiveMQPlatformReconcilerErrorHandler - [helmvolu] Pod 'test-hivemq-platform-1' condition 'PodReadyToStartContainers': False
2025-01-30 18:46:45,080 INFO c.h.h.t.HelmChartContainer - [hivemq-test-hivemq-platform] [hivemq-platform-operator] [3dd68f49] 18:46:45.078 [ReconcilerExecutor-hivemq-controller-150] DEBUG c.h.p.o.h.HiveMQPlatformReconcilerErrorHandler - [helmvolu] Pod 'test-hivemq-platform-1' condition 'Initialized': False
2025-01-30 18:46:45,080 INFO c.h.h.t.HelmChartContainer - [hivemq-test-hivemq-platform] [hivemq-platform-operator] [3dd68f49] 18:46:45.078 [ReconcilerExecutor-hivemq-controller-150] DEBUG c.h.p.o.h.HiveMQPlatformReconcilerErrorHandler - [helmvolu] Pod 'test-hivemq-platform-1' condition 'Ready': False
2025-01-30 18:46:45,080 INFO c.h.h.t.HelmChartContainer - [hivemq-test-hivemq-platform] [hivemq-platform-operator] [3dd68f49] 18:46:45.078 [ReconcilerExecutor-hivemq-controller-150] DEBUG c.h.p.o.h.HiveMQPlatformReconcilerErrorHandler - [helmvolu] Pod 'test-hivemq-platform-1' condition 'ContainersReady': False
2025-01-30 18:46:45,080 INFO c.h.h.t.HelmChartContainer - [hivemq-test-hivemq-platform] [hivemq-platform-operator] [3dd68f49] 18:46:45.078 [ReconcilerExecutor-hivemq-controller-150] DEBUG c.h.p.o.h.HiveMQPlatformReconcilerErrorHandler - [helmvolu] Pod 'test-hivemq-platform-1' condition 'PodScheduled': True
2025-01-30 18:46:45,080 INFO c.h.h.t.HelmChartContainer - [hivemq-test-hivemq-platform] [hivemq-platform-operator] [3dd68f49] 18:46:45.078 [ReconcilerExecutor-hivemq-controller-150] DEBUG c.h.p.o.h.HiveMQPlatformReconcilerErrorHandler - [helmvolu] Pod 'test-hivemq-platform-1' containerStatus 'hivemq' (started: false) (ready: false) (waiting: [PodInitializing] null)
2025-01-30 18:46:45,081 INFO c.h.h.t.HelmChartContainer - [hivemq-test-hivemq-platform] [hivemq-platform-operator] [3dd68f49] 18:46:45.079 [ReconcilerExecutor-hivemq-controller-150] DEBUG c.h.p.o.h.HiveMQPlatformReconcilerErrorHandler - [helmvolu] Pod 'test-hivemq-platform-0' phase Running
2025-01-30 18:46:45,081 INFO c.h.h.t.HelmChartContainer - [hivemq-test-hivemq-platform] [hivemq-platform-operator] [3dd68f49] 18:46:45.080 [ReconcilerExecutor-hivemq-controller-150] DEBUG c.h.p.o.h.HiveMQPlatformReconcilerRollingRestartHandler - [helmvolu] Rolling restart is waiting for 2 of 3 replicas
2025-01-30 18:46:45,279 INFO c.h.h.t.HelmChartContainer - [EVENT] Normal [Pulled] Container image "docker.io/hivemq/hivemq-platform-operator-init-test:snapshot" already present on machine [helmvolumeclaimtemplatesit:test-hivemq-platform-1]
2025-01-30 18:46:45,287 INFO c.h.h.t.HelmChartContainer - [EVENT] Normal [Created] Created container: hivemq-platform-operator-init [helmvolumeclaimtemplatesit:test-hivemq-platform-1]
2025-01-30 18:46:45,324 INFO c.h.h.t.HelmChartContainer - [EVENT] Normal [Started] Started container hivemq-platform-operator-init [helmvolumeclaimtemplatesit:test-hivemq-platform-1]
2025-01-30 18:46:45,841 INFO c.h.h.t.HelmChartContainer - [EVENT] Normal [Pulled] Container image "docker.io/hivemq/hivemq4:4.36.0" already present on machine [helmvolumeclaimtemplatesit:test-hivemq-platform-1]
2025-01-30 18:46:45,841 INFO c.h.h.t.HelmChartContainer - Received Pulled event for container hivemq in pod test-hivemq-platform-1 [e7cb2377-e34f-4c4c-86c6-5ee599aa695e]
2025-01-30 18:46:45,849 INFO c.h.h.t.HelmChartContainer - [POD] test-hivemq-platform-1 [e7cb2377-e34f-4c4c-86c6-5ee599aa695e] in helmvolumeclaimtemplatesit was MODIFIED
2025-01-30 18:46:45,854 INFO c.h.h.t.HelmChartContainer - [EVENT] Normal [Created] Created container: hivemq [helmvolumeclaimtemplatesit:test-hivemq-platform-1]
2025-01-30 18:46:45,854 INFO c.h.h.t.HelmChartContainer - Received Created event for container hivemq in pod test-hivemq-platform-1 [e7cb2377-e34f-4c4c-86c6-5ee599aa695e]
2025-01-30 18:46:45,860 INFO c.h.h.t.HelmChartContainer - [hivemq-test-hivemq-platform] [hivemq-platform-operator] [3dd68f49] 18:46:45.856 [pool-6-thread-15] DEBUG c.h.p.o.d.PlatformServiceResource - [helmvolu] Desired Platform services (3 services)
2025-01-30 18:46:45,869 INFO c.h.h.t.HelmChartContainer - [hivemq-test-hivemq-platform] [hivemq-platform-operator] [3dd68f49] 18:46:45.860 [pool-6-thread-11] DEBUG c.h.p.o.dependants.PodInfoConfigMap - [helmvolu] Desired PodInfo ConfigMap (1 extensions) (1 enabled)
2025-01-30 18:46:45,869 INFO c.h.h.t.HelmChartContainer - [hivemq-test-hivemq-platform] [hivemq-platform-operator] [3dd68f49] 18:46:45.861 [pool-6-thread-11] DEBUG c.h.p.o.dependants.PodInfoConfigMap - [helmvolu] Desired PodInfo ConfigMap (metrics port: 9399) (metrics path: /)
2025-01-30 18:46:45,869 INFO c.h.h.t.HelmChartContainer - [hivemq-test-hivemq-platform] [hivemq-platform-operator] [3dd68f49] 18:46:45.861 [pool-6-thread-11] DEBUG c.h.p.o.dependants.PodInfoConfigMap - [helmvolu] Desired PodInfo ConfigMap (extension state hash: -1817474005)
2025-01-30 18:46:45,881 INFO c.h.h.t.HelmChartContainer - [hivemq-test-hivemq-platform] [hivemq-platform-operator] [3dd68f49] 18:46:45.872 [pool-6-thread-15] DEBUG c.h.p.o.d.StatefulSetResource - [helmvolu] Desired StatefulSet (3 replicas) for status ROLLING_RESTART (RESTART_PODS_IN_PROGRESS)
2025-01-30 18:46:45,881 INFO c.h.h.t.HelmChartContainer - [hivemq-test-hivemq-platform] [hivemq-platform-operator] [3dd68f49] 18:46:45.872 [pool-6-thread-11] DEBUG c.h.p.o.d.PodServiceAccountResource - [helmvolu] Desired PodServiceAccountResource (serviceAccountName: hivemq-platform-pod-test-hivemq-platform)
2025-01-30 18:46:45,881 INFO c.h.h.t.HelmChartContainer - [hivemq-test-hivemq-platform] [hivemq-platform-operator] [3dd68f49] 18:46:45.875 [ReconcilerExecutor-hivemq-controller-151] INFO  c.h.p.o.HiveMQPlatformReconciler - [helmvolu] Reconciling HiveMQ Platform 'test-hivemq-platform' in namespace 'helmvolumeclaimtemplatesit'
2025-01-30 18:46:45,885 INFO c.h.h.t.HelmChartContainer - [hivemq-test-hivemq-platform] [hivemq-platform-operator] [3dd68f49] 18:46:45.875 [ReconcilerExecutor-hivemq-controller-151] DEBUG c.h.p.o.HiveMQPlatformReconciler - [helmvolu] Custom Resource Status ROLLING_RESTART - HiveMQ Platform is restarting Pods (rolling restart) (RESTART_PODS_IN_PROGRESS)
2025-01-30 18:46:45,885 INFO c.h.h.t.HelmChartContainer - [hivemq-test-hivemq-platform] [hivemq-platform-operator] [3dd68f49] 18:46:45.875 [ReconcilerExecutor-hivemq-controller-151] DEBUG c.h.p.o.HiveMQPlatformReconciler - [helmvolu] Custom Resource Spec (replicas: 2) (extensions: 1)
2025-01-30 18:46:45,885 INFO c.h.h.t.HelmChartContainer - [hivemq-test-hivemq-platform] [hivemq-platform-operator] [3dd68f49] 18:46:45.876 [ReconcilerExecutor-hivemq-controller-151] DEBUG c.h.p.o.HiveMQPlatformReconciler - [helmvolu] StatefulSet Status (revision: test-hivemq-platform-59475f86c9, replicas: 3, available: 2, ready: 2, current: 1, updated: 2)
2025-01-30 18:46:45,885 INFO c.h.h.t.HelmChartContainer - [hivemq-test-hivemq-platform] [hivemq-platform-operator] [3dd68f49] 18:46:45.876 [ReconcilerExecutor-hivemq-controller-151] DEBUG c.h.p.o.HiveMQPlatformReconciler - [helmvolu] StatefulSet Spec (replicas: 3, init containers: 1, containers: 1, volumes: 4)
2025-01-30 18:46:45,885 INFO c.h.h.t.HelmChartContainer - [hivemq-test-hivemq-platform] [hivemq-platform-operator] [3dd68f49] 18:46:45.877 [ReconcilerExecutor-hivemq-controller-151] DEBUG c.h.p.o.h.HiveMQPlatformReconcilerErrorHandler - [helmvolu] Pod 'test-hivemq-platform-2' phase Running
2025-01-30 18:46:45,885 INFO c.h.h.t.HelmChartContainer - [hivemq-test-hivemq-platform] [hivemq-platform-operator] [3dd68f49] 18:46:45.878 [ReconcilerExecutor-hivemq-controller-151] DEBUG c.h.p.o.h.HiveMQPlatformReconcilerErrorHandler - [helmvolu] Pod 'test-hivemq-platform-1' phase Pending
2025-01-30 18:46:45,885 INFO c.h.h.t.HelmChartContainer - [hivemq-test-hivemq-platform] [hivemq-platform-operator] [3dd68f49] 18:46:45.879 [ReconcilerExecutor-hivemq-controller-151] DEBUG c.h.p.o.h.HiveMQPlatformReconcilerErrorHandler - [helmvolu] Pod 'test-hivemq-platform-1' condition 'PodReadyToStartContainers': True
2025-01-30 18:46:45,885 INFO c.h.h.t.HelmChartContainer - [hivemq-test-hivemq-platform] [hivemq-platform-operator] [3dd68f49] 18:46:45.879 [ReconcilerExecutor-hivemq-controller-151] DEBUG c.h.p.o.h.HiveMQPlatformReconcilerErrorHandler - [helmvolu] Pod 'test-hivemq-platform-1' condition 'Initialized': True
2025-01-30 18:46:45,885 INFO c.h.h.t.HelmChartContainer - [hivemq-test-hivemq-platform] [hivemq-platform-operator] [3dd68f49] 18:46:45.879 [ReconcilerExecutor-hivemq-controller-151] DEBUG c.h.p.o.h.HiveMQPlatformReconcilerErrorHandler - [helmvolu] Pod 'test-hivemq-platform-1' condition 'Ready': False
2025-01-30 18:46:45,885 INFO c.h.h.t.HelmChartContainer - [hivemq-test-hivemq-platform] [hivemq-platform-operator] [3dd68f49] 18:46:45.879 [ReconcilerExecutor-hivemq-controller-151] DEBUG c.h.p.o.h.HiveMQPlatformReconcilerErrorHandler - [helmvolu] Pod 'test-hivemq-platform-1' condition 'ContainersReady': False
2025-01-30 18:46:45,885 INFO c.h.h.t.HelmChartContainer - [hivemq-test-hivemq-platform] [hivemq-platform-operator] [3dd68f49] 18:46:45.879 [ReconcilerExecutor-hivemq-controller-151] DEBUG c.h.p.o.h.HiveMQPlatformReconcilerErrorHandler - [helmvolu] Pod 'test-hivemq-platform-1' condition 'PodScheduled': True
2025-01-30 18:46:45,885 INFO c.h.h.t.HelmChartContainer - [hivemq-test-hivemq-platform] [hivemq-platform-operator] [3dd68f49] 18:46:45.879 [ReconcilerExecutor-hivemq-controller-151] DEBUG c.h.p.o.h.HiveMQPlatformReconcilerErrorHandler - [helmvolu] Pod 'test-hivemq-platform-1' containerStatus 'hivemq' (started: false) (ready: false) (waiting: [PodInitializing] null)
2025-01-30 18:46:45,885 INFO c.h.h.t.HelmChartContainer - [hivemq-test-hivemq-platform] [hivemq-platform-operator] [3dd68f49] 18:46:45.879 [ReconcilerExecutor-hivemq-controller-151] DEBUG c.h.p.o.h.HiveMQPlatformReconcilerErrorHandler - [helmvolu] Pod 'test-hivemq-platform-0' phase Running
2025-01-30 18:46:45,885 INFO c.h.h.t.HelmChartContainer - [hivemq-test-hivemq-platform] [hivemq-platform-operator] [3dd68f49] 18:46:45.880 [ReconcilerExecutor-hivemq-controller-151] DEBUG c.h.p.o.h.HiveMQPlatformReconcilerRollingRestartHandler - [helmvolu] Rolling restart is waiting for 2 of 3 replicas
2025-01-30 18:46:46,302 INFO c.h.h.t.HelmChartContainer - [K3S] [kubelet_volumes.go:163] "Cleaned up orphaned pod volumes dir" podUID="c76829e1-57eb-4dfb-84c5-b19c27a77399" path="/var/lib/kubelet/pods/c76829e1-57eb-4dfb-84c5-b19c27a77399/volumes"
2025-01-30 18:46:46,852 INFO c.h.h.t.HelmChartContainer - [POD] test-hivemq-platform-1 [e7cb2377-e34f-4c4c-86c6-5ee599aa695e] in helmvolumeclaimtemplatesit was MODIFIED
2025-01-30 18:46:46,861 INFO c.h.h.t.HelmChartContainer - [hivemq-test-hivemq-platform] [hivemq-platform-operator] [3dd68f49] 18:46:46.857 [pool-6-thread-26] DEBUG c.h.p.o.d.PlatformServiceResource - [helmvolu] Desired Platform services (3 services)
2025-01-30 18:46:46,862 INFO c.h.h.t.HelmChartContainer - [hivemq-test-hivemq-platform] [hivemq-platform-operator] [3dd68f49] 18:46:46.857 [pool-6-thread-22] DEBUG c.h.p.o.dependants.PodInfoConfigMap - [helmvolu] Desired PodInfo ConfigMap (1 extensions) (1 enabled)
2025-01-30 18:46:46,863 INFO c.h.h.t.HelmChartContainer - [hivemq-test-hivemq-platform] [hivemq-platform-operator] [3dd68f49] 18:46:46.859 [pool-6-thread-26] DEBUG c.h.p.o.d.PodServiceAccountResource - [helmvolu] Desired PodServiceAccountResource (serviceAccountName: hivemq-platform-pod-test-hivemq-platform)
2025-01-30 18:46:46,863 INFO c.h.h.t.HelmChartContainer - Started log watcher for hivemq in pod test-hivemq-platform-1 [e7cb2377-e34f-4c4c-86c6-5ee599aa695e]
2025-01-30 18:46:46,863 INFO c.h.h.t.HelmChartContainer - [hivemq-test-hivemq-platform] [hivemq-platform-operator] [3dd68f49] 18:46:46.857 [pool-6-thread-22] DEBUG c.h.p.o.dependants.PodInfoConfigMap - [helmvolu] Desired PodInfo ConfigMap (metrics port: 9399) (metrics path: /)
2025-01-30 18:46:46,863 INFO c.h.h.t.HelmChartContainer - [hivemq-test-hivemq-platform] [hivemq-platform-operator] [3dd68f49] 18:46:46.860 [pool-6-thread-22] DEBUG c.h.p.o.dependants.PodInfoConfigMap - [helmvolu] Desired PodInfo ConfigMap (extension state hash: -1817474005)
2025-01-30 18:46:46,863 INFO c.h.h.t.HelmChartContainer - [hivemq-test-hivemq-platform] [hivemq-platform-operator] [3dd68f49] 18:46:46.862 [pool-6-thread-22] DEBUG c.h.p.o.d.StatefulSetResource - [helmvolu] Desired StatefulSet (3 replicas) for status ROLLING_RESTART (RESTART_PODS_IN_PROGRESS)
2025-01-30 18:46:46,864 INFO c.h.h.t.HelmChartContainer - [test-hivemq-platform] [hivemq] [e7cb2377] Adding pre-installed HiveMQ Platform Operator extensions
2025-01-30 18:46:46,864 INFO c.h.h.t.HelmChartContainer - [test-hivemq-platform] [hivemq] [e7cb2377] Running as user 10000
2025-01-30 18:46:46,864 INFO c.h.h.t.HelmChartContainer - [test-hivemq-platform] [hivemq] [e7cb2377] Starting HiveMQ Platform Operator Init
2025-01-30 18:46:46,865 INFO c.h.h.t.HelmChartContainer - [EVENT] Normal [Started] Started container hivemq [helmvolumeclaimtemplatesit:test-hivemq-platform-1]
2025-01-30 18:46:46,865 INFO c.h.h.t.HelmChartContainer - Received Started event for container hivemq in pod test-hivemq-platform-1 [e7cb2377-e34f-4c4c-86c6-5ee599aa695e]
2025-01-30 18:46:46,869 INFO c.h.h.t.HelmChartContainer - [hivemq-test-hivemq-platform] [hivemq-platform-operator] [3dd68f49] 18:46:46.868 [ReconcilerExecutor-hivemq-controller-152] INFO  c.h.p.o.HiveMQPlatformReconciler - [helmvolu] Reconciling HiveMQ Platform 'test-hivemq-platform' in namespace 'helmvolumeclaimtemplatesit'
2025-01-30 18:46:46,870 INFO c.h.h.t.HelmChartContainer - [hivemq-test-hivemq-platform] [hivemq-platform-operator] [3dd68f49] 18:46:46.868 [ReconcilerExecutor-hivemq-controller-152] DEBUG c.h.p.o.HiveMQPlatformReconciler - [helmvolu] Custom Resource Status ROLLING_RESTART - HiveMQ Platform is restarting Pods (rolling restart) (RESTART_PODS_IN_PROGRESS)
2025-01-30 18:46:46,870 INFO c.h.h.t.HelmChartContainer - [hivemq-test-hivemq-platform] [hivemq-platform-operator] [3dd68f49] 18:46:46.868 [ReconcilerExecutor-hivemq-controller-152] DEBUG c.h.p.o.HiveMQPlatformReconciler - [helmvolu] Custom Resource Spec (replicas: 2) (extensions: 1)
2025-01-30 18:46:46,870 INFO c.h.h.t.HelmChartContainer - [hivemq-test-hivemq-platform] [hivemq-platform-operator] [3dd68f49] 18:46:46.869 [ReconcilerExecutor-hivemq-controller-152] DEBUG c.h.p.o.HiveMQPlatformReconciler - [helmvolu] StatefulSet Status (revision: test-hivemq-platform-59475f86c9, replicas: 3, available: 2, ready: 2, current: 1, updated: 2)
2025-01-30 18:46:46,870 INFO c.h.h.t.HelmChartContainer - [hivemq-test-hivemq-platform] [hivemq-platform-operator] [3dd68f49] 18:46:46.869 [ReconcilerExecutor-hivemq-controller-152] DEBUG c.h.p.o.HiveMQPlatformReconciler - [helmvolu] StatefulSet Spec (replicas: 3, init containers: 1, containers: 1, volumes: 4)
2025-01-30 18:46:46,871 INFO c.h.h.t.HelmChartContainer - [hivemq-test-hivemq-platform] [hivemq-platform-operator] [3dd68f49] 18:46:46.871 [ReconcilerExecutor-hivemq-controller-152] DEBUG c.h.p.o.h.HiveMQPlatformReconcilerErrorHandler - [helmvolu] Pod 'test-hivemq-platform-2' phase Running
2025-01-30 18:46:46,874 INFO c.h.h.t.HelmChartContainer - [hivemq-test-hivemq-platform] [hivemq-platform-operator] [3dd68f49] 18:46:46.873 [ReconcilerExecutor-hivemq-controller-152] DEBUG c.h.p.o.h.HiveMQPlatformReconcilerErrorHandler - [helmvolu] Pod 'test-hivemq-platform-1' phase Running
2025-01-30 18:46:46,876 INFO c.h.h.t.HelmChartContainer - [hivemq-test-hivemq-platform] [hivemq-platform-operator] [3dd68f49] 18:46:46.874 [ReconcilerExecutor-hivemq-controller-152] DEBUG c.h.p.o.h.HiveMQPlatformReconcilerErrorHandler - [helmvolu] Pod 'test-hivemq-platform-0' phase Running
2025-01-30 18:46:46,876 INFO c.h.h.t.HelmChartContainer - [hivemq-test-hivemq-platform] [hivemq-platform-operator] [3dd68f49] 18:46:46.874 [ReconcilerExecutor-hivemq-controller-152] DEBUG c.h.p.o.h.HiveMQPlatformReconcilerRollingRestartHandler - [helmvolu] Rolling restart is waiting for 2 of 3 replicas
2025-01-30 18:46:47,127 INFO c.h.h.t.HelmChartContainer - [test-hivemq-platform] [hivemq] [e7cb2377] INFO  - [HiveMQ Platform Operator Init 1.7.0-SNAPSHOT] HiveMQ Platform Operator Init 1.7.0-SNAPSHOT (commit: 47e3375 on branch: HEAD) built on Thu Jan 30 03:55:50 UTC 2025
2025-01-30 18:46:48,331 INFO c.h.h.t.HelmChartContainer - [test-hivemq-platform] [hivemq] [e7cb2377] INFO  - [HiveMQ Platform Operator Init App 1.7.0-SNAPSHOT] Using bind address 10.42.0.14 from environment variable
2025-01-30 18:46:49,219 INFO c.h.h.t.HelmChartContainer - [test-hivemq-platform] [hivemq] [e7cb2377] INFO  - [HiveMQ Platform Operator Init App 1.7.0-SNAPSHOT] HiveMQ Platform Operator Init App 1.7.0-SNAPSHOT (commit: 47e3375 on branch: HEAD) built on Thu Jan 30 03:55:50 UTC 2025
2025-01-30 18:46:49,219 INFO c.h.h.t.HelmChartContainer - [test-hivemq-platform] [hivemq] [e7cb2377] INFO  - [HiveMQ Platform Operator Init App 1.7.0-SNAPSHOT] PodInfo ConfigMap directory: /etc/podinfo
2025-01-30 18:46:49,219 INFO c.h.h.t.HelmChartContainer - [test-hivemq-platform] [hivemq] [e7cb2377] INFO  - [HiveMQ Platform Operator Init App 1.7.0-SNAPSHOT] HiveMQ home directory: /opt/hivemq
2025-01-30 18:46:49,219 INFO c.h.h.t.HelmChartContainer - [test-hivemq-platform] [hivemq] [e7cb2377] INFO  - [HiveMQ Platform Operator Init App 1.7.0-SNAPSHOT] HiveMQ Logback folder: /opt/hivemq/conf
2025-01-30 18:46:49,219 INFO c.h.h.t.HelmChartContainer - [test-hivemq-platform] [hivemq] [e7cb2377] INFO  - [HiveMQ Platform Operator Init App 1.7.0-SNAPSHOT] HiveMQ Config folder: /opt/hivemq/conf-k8s
2025-01-30 18:46:49,220 INFO c.h.h.t.HelmChartContainer - [test-hivemq-platform] [hivemq] [e7cb2377] INFO  - [HiveMQ Platform Operator Init App 1.7.0-SNAPSHOT] Starting HiveMQ Platform Operator Init App
2025-01-30 18:46:49,220 INFO c.h.h.t.HelmChartContainer - [test-hivemq-platform] [hivemq] [e7cb2377] INFO  - [HiveMQ Platform Operator Init App 1.7.0-SNAPSHOT] Starting Pod reconciler
2025-01-30 18:46:50,416 INFO c.h.h.t.HelmChartContainer - [test-hivemq-platform] [hivemq] [e7cb2377] INFO  - [HiveMQ Platform Operator Init App 1.7.0-SNAPSHOT] Pod reconciler is scheduled (interval: 5000 ms)
2025-01-30 18:46:50,417 INFO c.h.h.t.HelmChartContainer - [test-hivemq-platform] [hivemq] [e7cb2377] INFO  - [HiveMQ Platform Operator Init App 1.7.0-SNAPSHOT] Starting the REST API on 10.42.0.14:7979
2025-01-30 18:46:50,419 INFO c.h.h.t.HelmChartContainer - [test-hivemq-platform] [hivemq] [e7cb2377] INFO  - [HiveMQ Platform Operator Init App 1.7.0-SNAPSHOT] Waiting up to 600s for at most 3 HiveMQ nodes in cluster service hivemq-test-hivemq-platform-cluster.helmvolumeclaimtemplatesit.svc
2025-01-30 18:46:50,734 INFO c.h.h.t.HelmChartContainer - [test-hivemq-platform] [hivemq] [e7cb2377] INFO  - [HiveMQ Platform Operator Init App 1.7.0-SNAPSHOT] Resolved 3 IP addresses: [10.42.0.13, 10.42.0.9, 10.42.0.14]
2025-01-30 18:46:50,734 INFO c.h.h.t.HelmChartContainer - [test-hivemq-platform] [hivemq] [e7cb2377] INFO  - [HiveMQ Platform Operator Init App 1.7.0-SNAPSHOT] HiveMQ node count of 3 is within threshold of 3
2025-01-30 18:46:50,734 INFO c.h.h.t.HelmChartContainer - [test-hivemq-platform] [hivemq] [e7cb2377] INFO  - [HiveMQ Platform Operator Init App 1.7.0-SNAPSHOT] Waiting 15s for previous shutdown replication to finish...
2025-01-30 18:46:52,852 INFO c.h.h.t.HelmChartContainer - [test-hivemq-platform] [hivemq] [e7cb2377] INFO  - [HiveMQ Platform Operator Init App 1.7.0-SNAPSHOT] Returning default Health API response 503 for readiness
2025-01-30 18:46:52,936 INFO c.h.h.t.HelmChartContainer - [EVENT] Warning [Unhealthy] Readiness probe failed: HTTP probe failed with statuscode: 503 [helmvolumeclaimtemplatesit:test-hivemq-platform-1]
2025-01-30 18:46:52,936 INFO c.h.h.t.HelmChartContainer - Received Unhealthy event for container hivemq in pod test-hivemq-platform-1 [e7cb2377-e34f-4c4c-86c6-5ee599aa695e]
2025-01-30 18:46:56,879 INFO c.h.h.t.HelmChartContainer - [hivemq-test-hivemq-platform] [hivemq-platform-operator] [3dd68f49] 18:46:56.877 [pool-6-thread-37] DEBUG c.h.p.o.d.PlatformServiceResource - [helmvolu] Desired Platform services (3 services)
2025-01-30 18:46:56,879 INFO c.h.h.t.HelmChartContainer - [hivemq-test-hivemq-platform] [hivemq-platform-operator] [3dd68f49] 18:46:56.877 [pool-6-thread-40] DEBUG c.h.p.o.d.PodServiceAccountResource - [helmvolu] Desired PodServiceAccountResource (serviceAccountName: hivemq-platform-pod-test-hivemq-platform)
2025-01-30 18:46:56,880 INFO c.h.h.t.HelmChartContainer - [hivemq-test-hivemq-platform] [hivemq-platform-operator] [3dd68f49] 18:46:56.879 [pool-6-thread-38] DEBUG c.h.p.o.dependants.PodInfoConfigMap - [helmvolu] Desired PodInfo ConfigMap (1 extensions) (1 enabled)
2025-01-30 18:46:56,880 INFO c.h.h.t.HelmChartContainer - [hivemq-test-hivemq-platform] [hivemq-platform-operator] [3dd68f49] 18:46:56.879 [pool-6-thread-38] DEBUG c.h.p.o.dependants.PodInfoConfigMap - [helmvolu] Desired PodInfo ConfigMap (metrics port: 9399) (metrics path: /)
2025-01-30 18:46:56,880 INFO c.h.h.t.HelmChartContainer - [hivemq-test-hivemq-platform] [hivemq-platform-operator] [3dd68f49] 18:46:56.879 [pool-6-thread-38] DEBUG c.h.p.o.dependants.PodInfoConfigMap - [helmvolu] Desired PodInfo ConfigMap (extension state hash: -1817474005)
2025-01-30 18:46:56,881 INFO c.h.h.t.HelmChartContainer - [hivemq-test-hivemq-platform] [hivemq-platform-operator] [3dd68f49] 18:46:56.880 [pool-6-thread-37] DEBUG c.h.p.o.d.StatefulSetResource - [helmvolu] Desired StatefulSet (3 replicas) for status ROLLING_RESTART (RESTART_PODS_IN_PROGRESS)
2025-01-30 18:46:56,884 INFO c.h.h.t.HelmChartContainer - [hivemq-test-hivemq-platform] [hivemq-platform-operator] [3dd68f49] 18:46:56.882 [ReconcilerExecutor-hivemq-controller-153] INFO  c.h.p.o.HiveMQPlatformReconciler - [helmvolu] Reconciling HiveMQ Platform 'test-hivemq-platform' in namespace 'helmvolumeclaimtemplatesit'
2025-01-30 18:46:56,884 INFO c.h.h.t.HelmChartContainer - [hivemq-test-hivemq-platform] [hivemq-platform-operator] [3dd68f49] 18:46:56.882 [ReconcilerExecutor-hivemq-controller-153] DEBUG c.h.p.o.HiveMQPlatformReconciler - [helmvolu] Custom Resource Status ROLLING_RESTART - HiveMQ Platform is restarting Pods (rolling restart) (RESTART_PODS_IN_PROGRESS)
2025-01-30 18:46:56,885 INFO c.h.h.t.HelmChartContainer - [hivemq-test-hivemq-platform] [hivemq-platform-operator] [3dd68f49] 18:46:56.882 [ReconcilerExecutor-hivemq-controller-153] DEBUG c.h.p.o.HiveMQPlatformReconciler - [helmvolu] Custom Resource Spec (replicas: 2) (extensions: 1)
2025-01-30 18:46:56,885 INFO c.h.h.t.HelmChartContainer - [hivemq-test-hivemq-platform] [hivemq-platform-operator] [3dd68f49] 18:46:56.883 [ReconcilerExecutor-hivemq-controller-153] DEBUG c.h.p.o.HiveMQPlatformReconciler - [helmvolu] StatefulSet Status (revision: test-hivemq-platform-59475f86c9, replicas: 3, available: 2, ready: 2, current: 1, updated: 2)
2025-01-30 18:46:56,885 INFO c.h.h.t.HelmChartContainer - [hivemq-test-hivemq-platform] [hivemq-platform-operator] [3dd68f49] 18:46:56.883 [ReconcilerExecutor-hivemq-controller-153] DEBUG c.h.p.o.HiveMQPlatformReconciler - [helmvolu] StatefulSet Spec (replicas: 3, init containers: 1, containers: 1, volumes: 4)
2025-01-30 18:46:56,886 INFO c.h.h.t.HelmChartContainer - [hivemq-test-hivemq-platform] [hivemq-platform-operator] [3dd68f49] 18:46:56.885 [ReconcilerExecutor-hivemq-controller-153] DEBUG c.h.p.o.h.HiveMQPlatformReconcilerErrorHandler - [helmvolu] Pod 'test-hivemq-platform-2' phase Running
2025-01-30 18:46:56,888 INFO c.h.h.t.HelmChartContainer - [hivemq-test-hivemq-platform] [hivemq-platform-operator] [3dd68f49] 18:46:56.886 [ReconcilerExecutor-hivemq-controller-153] DEBUG c.h.p.o.h.HiveMQPlatformReconcilerErrorHandler - [helmvolu] Pod 'test-hivemq-platform-1' phase Running
2025-01-30 18:46:56,888 INFO c.h.h.t.HelmChartContainer - [hivemq-test-hivemq-platform] [hivemq-platform-operator] [3dd68f49] 18:46:56.886 [ReconcilerExecutor-hivemq-controller-153] DEBUG c.h.p.o.h.HiveMQPlatformReconcilerErrorHandler - [helmvolu] Pod 'test-hivemq-platform-0' phase Running
2025-01-30 18:46:56,888 INFO c.h.h.t.HelmChartContainer - [hivemq-test-hivemq-platform] [hivemq-platform-operator] [3dd68f49] 18:46:56.887 [ReconcilerExecutor-hivemq-controller-153] DEBUG c.h.p.o.h.HiveMQPlatformReconcilerRollingRestartHandler - [helmvolu] Rolling restart is waiting for 2 of 3 replicas
2025-01-30 18:46:57,726 INFO c.h.h.t.HelmChartContainer - [test-hivemq-platform] [hivemq] [e7cb2377] INFO  - [HiveMQ Platform Operator Init App 1.7.0-SNAPSHOT] Updating Pod HiveMQ Platform Operator Init App version annotation (version: 1.7.0-SNAPSHOT)
2025-01-30 18:46:57,921 INFO c.h.h.t.HelmChartContainer - [EVENT] Warning [Unhealthy] Readiness probe failed: HTTP probe failed with statuscode: 503 [helmvolumeclaimtemplatesit:test-hivemq-platform-1]
2025-01-30 18:46:57,921 INFO c.h.h.t.HelmChartContainer - Received Unhealthy event for container hivemq in pod test-hivemq-platform-1 [e7cb2377-e34f-4c4c-86c6-5ee599aa695e]
2025-01-30 18:46:58,125 INFO c.h.h.t.HelmChartContainer - [POD] test-hivemq-platform-1 [e7cb2377-e34f-4c4c-86c6-5ee599aa695e] in helmvolumeclaimtemplatesit was MODIFIED
2025-01-30 18:46:58,129 INFO c.h.h.t.HelmChartContainer - [EVENT] Warning [Unhealthy] Readiness probe failed: HTTP probe failed with statuscode: 503 [helmvolumeclaimtemplatesit:test-hivemq-platform-1]
2025-01-30 18:46:58,129 INFO c.h.h.t.HelmChartContainer - Received Unhealthy event for container hivemq in pod test-hivemq-platform-1 [e7cb2377-e34f-4c4c-86c6-5ee599aa695e]
2025-01-30 18:46:58,132 INFO c.h.h.t.HelmChartContainer - [hivemq-test-hivemq-platform] [hivemq-platform-operator] [3dd68f49] 18:46:58.130 [pool-6-thread-42] DEBUG c.h.p.o.d.PlatformServiceResource - [helmvolu] Desired Platform services (3 services)
2025-01-30 18:46:58,132 INFO c.h.h.t.HelmChartContainer - [hivemq-test-hivemq-platform] [hivemq-platform-operator] [3dd68f49] 18:46:58.131 [pool-6-thread-46] DEBUG c.h.p.o.dependants.PodInfoConfigMap - [helmvolu] Desired PodInfo ConfigMap (1 extensions) (1 enabled)
2025-01-30 18:46:58,134 INFO c.h.h.t.HelmChartContainer - [hivemq-test-hivemq-platform] [hivemq-platform-operator] [3dd68f49] 18:46:58.132 [pool-6-thread-46] DEBUG c.h.p.o.dependants.PodInfoConfigMap - [helmvolu] Desired PodInfo ConfigMap (metrics port: 9399) (metrics path: /)
2025-01-30 18:46:58,134 INFO c.h.h.t.HelmChartContainer - [hivemq-test-hivemq-platform] [hivemq-platform-operator] [3dd68f49] 18:46:58.132 [pool-6-thread-46] DEBUG c.h.p.o.dependants.PodInfoConfigMap - [helmvolu] Desired PodInfo ConfigMap (extension state hash: -1817474005)
2025-01-30 18:46:58,143 INFO c.h.h.t.HelmChartContainer - [hivemq-test-hivemq-platform] [hivemq-platform-operator] [3dd68f49] 18:46:58.136 [pool-6-thread-41] DEBUG c.h.p.o.d.PodServiceAccountResource - [helmvolu] Desired PodServiceAccountResource (serviceAccountName: hivemq-platform-pod-test-hivemq-platform)
2025-01-30 18:46:58,143 INFO c.h.h.t.HelmChartContainer - [test-hivemq-platform] [hivemq] [e7cb2377] INFO  - [HiveMQ Platform Operator Init App 1.7.0-SNAPSHOT] Successfully updated Pod HiveMQ Platform Operator Init App version annotation (version: 1.7.0-SNAPSHOT)
2025-01-30 18:46:58,144 INFO c.h.h.t.HelmChartContainer - [hivemq-test-hivemq-platform] [hivemq-platform-operator] [3dd68f49] 18:46:58.138 [pool-6-thread-46] DEBUG c.h.p.o.d.StatefulSetResource - [helmvolu] Desired StatefulSet (3 replicas) for status ROLLING_RESTART (RESTART_PODS_IN_PROGRESS)
2025-01-30 18:46:58,144 INFO c.h.h.t.HelmChartContainer - [hivemq-test-hivemq-platform] [hivemq-platform-operator] [3dd68f49] 18:46:58.142 [ReconcilerExecutor-hivemq-controller-53] INFO  c.h.p.o.HiveMQPlatformReconciler - [helmvolu] Reconciling HiveMQ Platform 'test-hivemq-platform' in namespace 'helmvolumeclaimtemplatesit'
2025-01-30 18:46:58,145 INFO c.h.h.t.HelmChartContainer - [hivemq-test-hivemq-platform] [hivemq-platform-operator] [3dd68f49] 18:46:58.142 [ReconcilerExecutor-hivemq-controller-53] DEBUG c.h.p.o.HiveMQPlatformReconciler - [helmvolu] Custom Resource Status ROLLING_RESTART - HiveMQ Platform is restarting Pods (rolling restart) (RESTART_PODS_IN_PROGRESS)
2025-01-30 18:46:58,145 INFO c.h.h.t.HelmChartContainer - [hivemq-test-hivemq-platform] [hivemq-platform-operator] [3dd68f49] 18:46:58.142 [ReconcilerExecutor-hivemq-controller-53] DEBUG c.h.p.o.HiveMQPlatformReconciler - [helmvolu] Custom Resource Spec (replicas: 2) (extensions: 1)
2025-01-30 18:46:58,145 INFO c.h.h.t.HelmChartContainer - [hivemq-test-hivemq-platform] [hivemq-platform-operator] [3dd68f49] 18:46:58.143 [ReconcilerExecutor-hivemq-controller-53] DEBUG c.h.p.o.HiveMQPlatformReconciler - [helmvolu] StatefulSet Status (revision: test-hivemq-platform-59475f86c9, replicas: 3, available: 2, ready: 2, current: 1, updated: 2)
2025-01-30 18:46:58,145 INFO c.h.h.t.HelmChartContainer - [hivemq-test-hivemq-platform] [hivemq-platform-operator] [3dd68f49] 18:46:58.144 [ReconcilerExecutor-hivemq-controller-53] DEBUG c.h.p.o.HiveMQPlatformReconciler - [helmvolu] StatefulSet Spec (replicas: 3, init containers: 1, containers: 1, volumes: 4)
2025-01-30 18:46:58,146 INFO c.h.h.t.HelmChartContainer - [hivemq-test-hivemq-platform] [hivemq-platform-operator] [3dd68f49] 18:46:58.145 [ReconcilerExecutor-hivemq-controller-53] DEBUG c.h.p.o.h.HiveMQPlatformReconcilerErrorHandler - [helmvolu] Pod 'test-hivemq-platform-2' phase Running
2025-01-30 18:46:58,147 INFO c.h.h.t.HelmChartContainer - [hivemq-test-hivemq-platform] [hivemq-platform-operator] [3dd68f49] 18:46:58.147 [ReconcilerExecutor-hivemq-controller-53] DEBUG c.h.p.o.h.HiveMQPlatformReconcilerErrorHandler - [helmvolu] Pod 'test-hivemq-platform-1' phase Running
2025-01-30 18:46:58,148 INFO c.h.h.t.HelmChartContainer - [hivemq-test-hivemq-platform] [hivemq-platform-operator] [3dd68f49] 18:46:58.147 [ReconcilerExecutor-hivemq-controller-53] DEBUG c.h.p.o.h.HiveMQPlatformReconcilerErrorHandler - [helmvolu] Pod 'test-hivemq-platform-0' phase Running
2025-01-30 18:46:58,149 INFO c.h.h.t.HelmChartContainer - [hivemq-test-hivemq-platform] [hivemq-platform-operator] [3dd68f49] 18:46:58.148 [ReconcilerExecutor-hivemq-controller-53] DEBUG c.h.p.o.h.HiveMQPlatformReconcilerRollingRestartHandler - [helmvolu] Rolling restart is waiting for 2 of 3 replicas
2025-01-30 18:47:03,127 INFO c.h.h.t.HelmChartContainer - [EVENT] Warning [Unhealthy] Readiness probe failed: HTTP probe failed with statuscode: 503 [helmvolumeclaimtemplatesit:test-hivemq-platform-1]
2025-01-30 18:47:03,128 INFO c.h.h.t.HelmChartContainer - Received Unhealthy event for container hivemq in pod test-hivemq-platform-1 [e7cb2377-e34f-4c4c-86c6-5ee599aa695e]
2025-01-30 18:47:05,734 INFO c.h.h.t.HelmChartContainer - [test-hivemq-platform] [hivemq] [e7cb2377] INFO  - [HiveMQ Platform Operator Init App 1.7.0-SNAPSHOT] Proceeding with container start
2025-01-30 18:47:05,737 INFO c.h.h.t.HelmChartContainer - [test-hivemq-platform] [hivemq] [e7cb2377] INFO  - [HiveMQ Platform Operator Init App 1.7.0-SNAPSHOT] Initializing HiveMQ Platform extensions with initial configuration: {hivemq-allow-all-extension={start-priority=-1, skip-https-hostname-verification=false, restart=true, config-version=0, header-version=0, c-uri=, priority=-1, uri=preinstalled, skip-https-certificate-validation=false, enabled=true}, hivemq-prometheus-extension={enabled=true, restart=true, priority=-1, start-priority=-1, c-uri=, skip-https-hostname-verification=false, skip-https-certificate-validation=false, uri=preinstalled, request-header-path=no-request-headers}}
2025-01-30 18:47:06,126 INFO c.h.h.t.HelmChartContainer - [test-hivemq-platform] [hivemq] [e7cb2377] INFO  - [HiveMQ Platform Operator Init App 1.7.0-SNAPSHOT] Extension hivemq-allow-all-extension was already enabled
2025-01-30 18:47:06,217 INFO c.h.h.t.HelmChartContainer - [test-hivemq-platform] [hivemq] [e7cb2377] INFO  - [HiveMQ Platform Operator Init App 1.7.0-SNAPSHOT] Successfully enabled extension hivemq-prometheus-extension
2025-01-30 18:47:06,219 INFO c.h.h.t.HelmChartContainer - [test-hivemq-platform] [hivemq] [e7cb2377] INFO  - [HiveMQ Platform Operator Init App 1.7.0-SNAPSHOT] Starting HiveMQ Platform version 4.36.0 (4.36.0)
2025-01-30 18:47:06,220 INFO c.h.h.t.HelmChartContainer - [test-hivemq-platform] [hivemq] [e7cb2377] INFO  - [HiveMQ Platform Operator Init App 1.7.0-SNAPSHOT] Configuring the HiveMQ Platform
2025-01-30 18:47:06,230 INFO c.h.h.t.HelmChartContainer - [test-hivemq-platform] [hivemq] [e7cb2377] INFO  - [HiveMQ Platform Operator Init App 1.7.0-SNAPSHOT] Changed logback.xml file scan period to 20 seconds
2025-01-30 18:47:06,323 INFO c.h.h.t.HelmChartContainer - [test-hivemq-platform] [hivemq] [e7cb2377] INFO  - [HiveMQ Platform Operator Init App 1.7.0-SNAPSHOT] Starting the HiveMQ Platform
2025-01-30 18:47:06,326 INFO c.h.h.t.HelmChartContainer - [test-hivemq-platform] [hivemq] [e7cb2377] -------------------------------------------------------------------------
2025-01-30 18:47:06,326 INFO c.h.h.t.HelmChartContainer - [test-hivemq-platform] [hivemq] [e7cb2377] 
2025-01-30 18:47:06,327 INFO c.h.h.t.HelmChartContainer - [test-hivemq-platform] [hivemq] [e7cb2377]                   _    _  _              __  __   ____
2025-01-30 18:47:06,327 INFO c.h.h.t.HelmChartContainer - [test-hivemq-platform] [hivemq] [e7cb2377]                  | |  | |(_)            |  \/  | / __ \
2025-01-30 18:47:06,327 INFO c.h.h.t.HelmChartContainer - [test-hivemq-platform] [hivemq] [e7cb2377]                  | |__| | _ __   __ ___ | \  / || |  | |
2025-01-30 18:47:06,327 INFO c.h.h.t.HelmChartContainer - [test-hivemq-platform] [hivemq] [e7cb2377]                  |  __  || |\ \ / // _ \| |\/| || |  | |
2025-01-30 18:47:06,327 INFO c.h.h.t.HelmChartContainer - [test-hivemq-platform] [hivemq] [e7cb2377]                  | |  | || | \ V /|  __/| |  | || |__| |
2025-01-30 18:47:06,327 INFO c.h.h.t.HelmChartContainer - [test-hivemq-platform] [hivemq] [e7cb2377]                  |_|  |_||_|  \_/  \___||_|  |_| \___\_\
2025-01-30 18:47:06,327 INFO c.h.h.t.HelmChartContainer - [test-hivemq-platform] [hivemq] [e7cb2377] 
2025-01-30 18:47:06,327 INFO c.h.h.t.HelmChartContainer - [test-hivemq-platform] [hivemq] [e7cb2377] -------------------------------------------------------------------------
2025-01-30 18:47:06,327 INFO c.h.h.t.HelmChartContainer - [test-hivemq-platform] [hivemq] [e7cb2377] 
2025-01-30 18:47:06,327 INFO c.h.h.t.HelmChartContainer - [test-hivemq-platform] [hivemq] [e7cb2377]   HiveMQ Start Script for Linux/Unix v1.14
2025-01-30 18:47:06,327 INFO c.h.h.t.HelmChartContainer - [test-hivemq-platform] [hivemq] [e7cb2377] 
2025-01-30 18:47:06,438 INFO c.h.h.t.HelmChartContainer - [test-hivemq-platform] [hivemq] [e7cb2377] -------------------------------------------------------------------------
2025-01-30 18:47:06,438 INFO c.h.h.t.HelmChartContainer - [test-hivemq-platform] [hivemq] [e7cb2377] 
2025-01-30 18:47:06,438 INFO c.h.h.t.HelmChartContainer - [test-hivemq-platform] [hivemq] [e7cb2377]   HIVEMQ_HOME: /opt/hivemq
2025-01-30 18:47:06,438 INFO c.h.h.t.HelmChartContainer - [test-hivemq-platform] [hivemq] [e7cb2377] 
2025-01-30 18:47:06,438 INFO c.h.h.t.HelmChartContainer - [test-hivemq-platform] [hivemq] [e7cb2377]   JAVA_OPTS: -XX:+UnlockExperimentalVMOptions -XX:InitialRAMPercentage=50 -XX:MaxRAMPercentage=50 -Djava.net.preferIPv4Stack=true --add-opens java.base/java.lang=ALL-UNNAMED --add-opens java.base/java.nio=ALL-UNNAMED --add-opens java.base/sun.nio.ch=ALL-UNNAMED --add-opens jdk.management/com.sun.management.internal=ALL-UNNAMED --add-exports java.base/jdk.internal.misc=ALL-UNNAMED -Djava.security.egd=file:/dev/./urandom -Dcom.sun.management.jmxremote -Dcom.sun.management.jmxremote.port=9010 -Dcom.sun.management.jmxremote.local.only=false -Dcom.sun.management.jmxremote.authenticate=false -Dcom.sun.management.jmxremote.ssl=false -Duser.language=en -Duser.region=US -XX:+CrashOnOutOfMemoryError -XX:+HeapDumpOnOutOfMemoryError
2025-01-30 18:47:06,438 INFO c.h.h.t.HelmChartContainer - [test-hivemq-platform] [hivemq] [e7cb2377] 
2025-01-30 18:47:06,438 INFO c.h.h.t.HelmChartContainer - [test-hivemq-platform] [hivemq] [e7cb2377]   JAVA_VERSION: 21
2025-01-30 18:47:06,438 INFO c.h.h.t.HelmChartContainer - [test-hivemq-platform] [hivemq] [e7cb2377] 
2025-01-30 18:47:06,438 INFO c.h.h.t.HelmChartContainer - [test-hivemq-platform] [hivemq] [e7cb2377] -------------------------------------------------------------------------
2025-01-30 18:47:06,438 INFO c.h.h.t.HelmChartContainer - [test-hivemq-platform] [hivemq] [e7cb2377] 
2025-01-30 18:47:08,130 INFO c.h.h.t.HelmChartContainer - [EVENT] Warning [Unhealthy] Readiness probe failed: HTTP probe failed with statuscode: 503 [helmvolumeclaimtemplatesit:test-hivemq-platform-1]
2025-01-30 18:47:08,130 INFO c.h.h.t.HelmChartContainer - Received Unhealthy event for container hivemq in pod test-hivemq-platform-1 [e7cb2377-e34f-4c4c-86c6-5ee599aa695e]
2025-01-30 18:47:08,154 INFO c.h.h.t.HelmChartContainer - [hivemq-test-hivemq-platform] [hivemq-platform-operator] [3dd68f49] 18:47:08.150 [pool-6-thread-8] DEBUG c.h.p.o.d.PlatformServiceResource - [helmvolu] Desired Platform services (3 services)
2025-01-30 18:47:08,154 INFO c.h.h.t.HelmChartContainer - [hivemq-test-hivemq-platform] [hivemq-platform-operator] [3dd68f49] 18:47:08.151 [pool-6-thread-6] DEBUG c.h.p.o.d.PodServiceAccountResource - [helmvolu] Desired PodServiceAccountResource (serviceAccountName: hivemq-platform-pod-test-hivemq-platform)
2025-01-30 18:47:08,154 INFO c.h.h.t.HelmChartContainer - [hivemq-test-hivemq-platform] [hivemq-platform-operator] [3dd68f49] 18:47:08.152 [pool-6-thread-1] DEBUG c.h.p.o.dependants.PodInfoConfigMap - [helmvolu] Desired PodInfo ConfigMap (1 extensions) (1 enabled)
2025-01-30 18:47:08,154 INFO c.h.h.t.HelmChartContainer - [hivemq-test-hivemq-platform] [hivemq-platform-operator] [3dd68f49] 18:47:08.152 [pool-6-thread-1] DEBUG c.h.p.o.dependants.PodInfoConfigMap - [helmvolu] Desired PodInfo ConfigMap (metrics port: 9399) (metrics path: /)
2025-01-30 18:47:08,154 INFO c.h.h.t.HelmChartContainer - [hivemq-test-hivemq-platform] [hivemq-platform-operator] [3dd68f49] 18:47:08.152 [pool-6-thread-1] DEBUG c.h.p.o.dependants.PodInfoConfigMap - [helmvolu] Desired PodInfo ConfigMap (extension state hash: -1817474005)
2025-01-30 18:47:08,155 INFO c.h.h.t.HelmChartContainer - [hivemq-test-hivemq-platform] [hivemq-platform-operator] [3dd68f49] 18:47:08.154 [pool-6-thread-8] DEBUG c.h.p.o.d.StatefulSetResource - [helmvolu] Desired StatefulSet (3 replicas) for status ROLLING_RESTART (RESTART_PODS_IN_PROGRESS)
2025-01-30 18:47:08,157 INFO c.h.h.t.HelmChartContainer - [hivemq-test-hivemq-platform] [hivemq-platform-operator] [3dd68f49] 18:47:08.156 [ReconcilerExecutor-hivemq-controller-54] INFO  c.h.p.o.HiveMQPlatformReconciler - [helmvolu] Reconciling HiveMQ Platform 'test-hivemq-platform' in namespace 'helmvolumeclaimtemplatesit'
2025-01-30 18:47:08,157 INFO c.h.h.t.HelmChartContainer - [hivemq-test-hivemq-platform] [hivemq-platform-operator] [3dd68f49] 18:47:08.156 [ReconcilerExecutor-hivemq-controller-54] DEBUG c.h.p.o.HiveMQPlatformReconciler - [helmvolu] Custom Resource Status ROLLING_RESTART - HiveMQ Platform is restarting Pods (rolling restart) (RESTART_PODS_IN_PROGRESS)
2025-01-30 18:47:08,157 INFO c.h.h.t.HelmChartContainer - [hivemq-test-hivemq-platform] [hivemq-platform-operator] [3dd68f49] 18:47:08.156 [ReconcilerExecutor-hivemq-controller-54] DEBUG c.h.p.o.HiveMQPlatformReconciler - [helmvolu] Custom Resource Spec (replicas: 2) (extensions: 1)
2025-01-30 18:47:08,157 INFO c.h.h.t.HelmChartContainer - [hivemq-test-hivemq-platform] [hivemq-platform-operator] [3dd68f49] 18:47:08.157 [ReconcilerExecutor-hivemq-controller-54] DEBUG c.h.p.o.HiveMQPlatformReconciler - [helmvolu] StatefulSet Status (revision: test-hivemq-platform-59475f86c9, replicas: 3, available: 2, ready: 2, current: 1, updated: 2)
2025-01-30 18:47:08,157 INFO c.h.h.t.HelmChartContainer - [hivemq-test-hivemq-platform] [hivemq-platform-operator] [3dd68f49] 18:47:08.157 [ReconcilerExecutor-hivemq-controller-54] DEBUG c.h.p.o.HiveMQPlatformReconciler - [helmvolu] StatefulSet Spec (replicas: 3, init containers: 1, containers: 1, volumes: 4)
2025-01-30 18:47:08,159 INFO c.h.h.t.HelmChartContainer - [hivemq-test-hivemq-platform] [hivemq-platform-operator] [3dd68f49] 18:47:08.158 [ReconcilerExecutor-hivemq-controller-54] DEBUG c.h.p.o.h.HiveMQPlatformReconcilerErrorHandler - [helmvolu] Pod 'test-hivemq-platform-2' phase Running
2025-01-30 18:47:08,161 INFO c.h.h.t.HelmChartContainer - [hivemq-test-hivemq-platform] [hivemq-platform-operator] [3dd68f49] 18:47:08.159 [ReconcilerExecutor-hivemq-controller-54] DEBUG c.h.p.o.h.HiveMQPlatformReconcilerErrorHandler - [helmvolu] Pod 'test-hivemq-platform-1' phase Running
2025-01-30 18:47:08,161 INFO c.h.h.t.HelmChartContainer - [hivemq-test-hivemq-platform] [hivemq-platform-operator] [3dd68f49] 18:47:08.160 [ReconcilerExecutor-hivemq-controller-54] DEBUG c.h.p.o.h.HiveMQPlatformReconcilerErrorHandler - [helmvolu] Pod 'test-hivemq-platform-0' phase Running
2025-01-30 18:47:08,161 INFO c.h.h.t.HelmChartContainer - [hivemq-test-hivemq-platform] [hivemq-platform-operator] [3dd68f49] 18:47:08.160 [ReconcilerExecutor-hivemq-controller-54] DEBUG c.h.p.o.h.HiveMQPlatformReconcilerRollingRestartHandler - [helmvolu] Rolling restart is waiting for 2 of 3 replicas
2025-01-30 18:47:08,914 INFO c.h.h.t.HelmChartContainer - [test-hivemq-platform] [hivemq] [e7cb2377] INFO  - Starting HiveMQ Enterprise Server
2025-01-30 18:47:08,920 INFO c.h.h.t.HelmChartContainer - [test-hivemq-platform] [hivemq] [e7cb2377] INFO  - HiveMQ version: 4.36.0
2025-01-30 18:47:08,921 INFO c.h.h.t.HelmChartContainer - [test-hivemq-platform] [hivemq] [e7cb2377] INFO  - HiveMQ home directory: /opt/hivemq
2025-01-30 18:47:08,921 INFO c.h.h.t.HelmChartContainer - [test-hivemq-platform] [hivemq] [e7cb2377] INFO  - Log Configuration was overridden by /opt/hivemq/conf/logback.xml
2025-01-30 18:47:10,233 INFO c.h.h.t.HelmChartContainer - [test-hivemq-platform] [hivemq] [e7cb2377] INFO  - Successfully loaded configuration from '/opt/hivemq/conf-k8s/config.xml'.
2025-01-30 18:47:10,623 INFO c.h.h.t.HelmChartContainer - [test-hivemq-platform] [hivemq] [e7cb2377] INFO  - This node's ID is fWqH6
2025-01-30 18:47:10,921 INFO c.h.h.t.HelmChartContainer - [test-hivemq-platform] [hivemq] [e7cb2377] INFO  - Clustering is enabled
2025-01-30 18:47:13,324 INFO c.h.h.t.HelmChartContainer - [test-hivemq-platform] [hivemq] [e7cb2377] WARN  - [HiveMQ Platform Operator Init App 1.7.0-SNAPSHOT] Cannot connect to Health API for readiness: null
2025-01-30 18:47:13,412 INFO c.h.h.t.HelmChartContainer - [EVENT] Warning [Unhealthy] Readiness probe failed: HTTP probe failed with statuscode: 503 [helmvolumeclaimtemplatesit:test-hivemq-platform-1]
2025-01-30 18:47:13,412 INFO c.h.h.t.HelmChartContainer - Received Unhealthy event for container hivemq in pod test-hivemq-platform-1 [e7cb2377-e34f-4c4c-86c6-5ee599aa695e]
2025-01-30 18:47:15,217 INFO c.h.h.t.HelmChartContainer - [test-hivemq-platform] [hivemq] [e7cb2377] WARN  - [HiveMQ Platform Operator Init App 1.7.0-SNAPSHOT] Cannot connect to Health API for liveness: null
2025-01-30 18:47:15,217 INFO c.h.h.t.HelmChartContainer - [test-hivemq-platform] [hivemq] [e7cb2377] INFO  - [HiveMQ Platform Operator Init App 1.7.0-SNAPSHOT] Returning default Health API response 200 for liveness
2025-01-30 18:47:18,166 INFO c.h.h.t.HelmChartContainer - [hivemq-test-hivemq-platform] [hivemq-platform-operator] [3dd68f49] 18:47:18.162 [pool-6-thread-14] DEBUG c.h.p.o.d.PlatformServiceResource - [helmvolu] Desired Platform services (3 services)
2025-01-30 18:47:18,166 INFO c.h.h.t.HelmChartContainer - [hivemq-test-hivemq-platform] [hivemq-platform-operator] [3dd68f49] 18:47:18.163 [pool-6-thread-16] DEBUG c.h.p.o.d.PodServiceAccountResource - [helmvolu] Desired PodServiceAccountResource (serviceAccountName: hivemq-platform-pod-test-hivemq-platform)
2025-01-30 18:47:18,166 INFO c.h.h.t.HelmChartContainer - [hivemq-test-hivemq-platform] [hivemq-platform-operator] [3dd68f49] 18:47:18.165 [pool-6-thread-17] DEBUG c.h.p.o.dependants.PodInfoConfigMap - [helmvolu] Desired PodInfo ConfigMap (1 extensions) (1 enabled)
2025-01-30 18:47:18,166 INFO c.h.h.t.HelmChartContainer - [hivemq-test-hivemq-platform] [hivemq-platform-operator] [3dd68f49] 18:47:18.165 [pool-6-thread-17] DEBUG c.h.p.o.dependants.PodInfoConfigMap - [helmvolu] Desired PodInfo ConfigMap (metrics port: 9399) (metrics path: /)
2025-01-30 18:47:18,166 INFO c.h.h.t.HelmChartContainer - [hivemq-test-hivemq-platform] [hivemq-platform-operator] [3dd68f49] 18:47:18.165 [pool-6-thread-17] DEBUG c.h.p.o.dependants.PodInfoConfigMap - [helmvolu] Desired PodInfo ConfigMap (extension state hash: -1817474005)
2025-01-30 18:47:18,167 INFO c.h.h.t.HelmChartContainer - [hivemq-test-hivemq-platform] [hivemq-platform-operator] [3dd68f49] 18:47:18.167 [pool-6-thread-17] DEBUG c.h.p.o.d.StatefulSetResource - [helmvolu] Desired StatefulSet (3 replicas) for status ROLLING_RESTART (RESTART_PODS_IN_PROGRESS)
2025-01-30 18:47:18,169 INFO c.h.h.t.HelmChartContainer - [hivemq-test-hivemq-platform] [hivemq-platform-operator] [3dd68f49] 18:47:18.169 [ReconcilerExecutor-hivemq-controller-65] INFO  c.h.p.o.HiveMQPlatformReconciler - [helmvolu] Reconciling HiveMQ Platform 'test-hivemq-platform' in namespace 'helmvolumeclaimtemplatesit'
2025-01-30 18:47:18,170 INFO c.h.h.t.HelmChartContainer - [hivemq-test-hivemq-platform] [hivemq-platform-operator] [3dd68f49] 18:47:18.169 [ReconcilerExecutor-hivemq-controller-65] DEBUG c.h.p.o.HiveMQPlatformReconciler - [helmvolu] Custom Resource Status ROLLING_RESTART - HiveMQ Platform is restarting Pods (rolling restart) (RESTART_PODS_IN_PROGRESS)
2025-01-30 18:47:18,170 INFO c.h.h.t.HelmChartContainer - [hivemq-test-hivemq-platform] [hivemq-platform-operator] [3dd68f49] 18:47:18.169 [ReconcilerExecutor-hivemq-controller-65] DEBUG c.h.p.o.HiveMQPlatformReconciler - [helmvolu] Custom Resource Spec (replicas: 2) (extensions: 1)
2025-01-30 18:47:18,172 INFO c.h.h.t.HelmChartContainer - [hivemq-test-hivemq-platform] [hivemq-platform-operator] [3dd68f49] 18:47:18.170 [ReconcilerExecutor-hivemq-controller-65] DEBUG c.h.p.o.HiveMQPlatformReconciler - [helmvolu] StatefulSet Status (revision: test-hivemq-platform-59475f86c9, replicas: 3, available: 2, ready: 2, current: 1, updated: 2)
2025-01-30 18:47:18,172 INFO c.h.h.t.HelmChartContainer - [hivemq-test-hivemq-platform] [hivemq-platform-operator] [3dd68f49] 18:47:18.170 [ReconcilerExecutor-hivemq-controller-65] DEBUG c.h.p.o.HiveMQPlatformReconciler - [helmvolu] StatefulSet Spec (replicas: 3, init containers: 1, containers: 1, volumes: 4)
2025-01-30 18:47:18,172 INFO c.h.h.t.HelmChartContainer - [hivemq-test-hivemq-platform] [hivemq-platform-operator] [3dd68f49] 18:47:18.172 [ReconcilerExecutor-hivemq-controller-65] DEBUG c.h.p.o.h.HiveMQPlatformReconcilerErrorHandler - [helmvolu] Pod 'test-hivemq-platform-2' phase Running
2025-01-30 18:47:18,173 INFO c.h.h.t.HelmChartContainer - [hivemq-test-hivemq-platform] [hivemq-platform-operator] [3dd68f49] 18:47:18.173 [ReconcilerExecutor-hivemq-controller-65] DEBUG c.h.p.o.h.HiveMQPlatformReconcilerErrorHandler - [helmvolu] Pod 'test-hivemq-platform-1' phase Running
2025-01-30 18:47:18,175 INFO c.h.h.t.HelmChartContainer - [hivemq-test-hivemq-platform] [hivemq-platform-operator] [3dd68f49] 18:47:18.174 [ReconcilerExecutor-hivemq-controller-65] DEBUG c.h.p.o.h.HiveMQPlatformReconcilerErrorHandler - [helmvolu] Pod 'test-hivemq-platform-0' phase Running
2025-01-30 18:47:18,175 INFO c.h.h.t.HelmChartContainer - [hivemq-test-hivemq-platform] [hivemq-platform-operator] [3dd68f49] 18:47:18.174 [ReconcilerExecutor-hivemq-controller-65] DEBUG c.h.p.o.h.HiveMQPlatformReconcilerRollingRestartHandler - [helmvolu] Rolling restart is waiting for 2 of 3 replicas
2025-01-30 18:47:18,214 INFO c.h.h.t.HelmChartContainer - [test-hivemq-platform] [hivemq] [e7cb2377] WARN  - [HiveMQ Platform Operator Init App 1.7.0-SNAPSHOT] Cannot connect to Health API for readiness: null
2025-01-30 18:47:18,219 INFO c.h.h.t.HelmChartContainer - [EVENT] Warning [Unhealthy] Readiness probe failed: HTTP probe failed with statuscode: 503 [helmvolumeclaimtemplatesit:test-hivemq-platform-1]
2025-01-30 18:47:18,219 INFO c.h.h.t.HelmChartContainer - Received Unhealthy event for container hivemq in pod test-hivemq-platform-1 [e7cb2377-e34f-4c4c-86c6-5ee599aa695e]
2025-01-30 18:47:23,126 INFO c.h.h.t.HelmChartContainer - [test-hivemq-platform] [hivemq] [e7cb2377] WARN  - [HiveMQ Platform Operator Init App 1.7.0-SNAPSHOT] Cannot connect to Health API for readiness: null
2025-01-30 18:47:23,131 INFO c.h.h.t.HelmChartContainer - [EVENT] Warning [Unhealthy] Readiness probe failed: HTTP probe failed with statuscode: 503 [helmvolumeclaimtemplatesit:test-hivemq-platform-1]
2025-01-30 18:47:23,131 INFO c.h.h.t.HelmChartContainer - Received Unhealthy event for container hivemq in pod test-hivemq-platform-1 [e7cb2377-e34f-4c4c-86c6-5ee599aa695e]
2025-01-30 18:47:23,923 INFO c.h.h.t.HelmChartContainer - [test-hivemq-platform] [hivemq] [e7cb2377] INFO  - No valid license file found. Using trial license, restricted to 25 connections.
2025-01-30 18:47:27,020 INFO c.h.h.t.HelmChartContainer - [test-hivemq-platform] [hivemq] [e7cb2377] INFO  - No valid license file for Data Hub found. Using free license, restricted to 1 policy.
2025-01-30 18:47:28,126 INFO c.h.h.t.HelmChartContainer - [test-hivemq-platform] [hivemq] [e7cb2377] WARN  - [HiveMQ Platform Operator Init App 1.7.0-SNAPSHOT] Cannot connect to Health API for readiness: null
2025-01-30 18:47:28,129 INFO c.h.h.t.HelmChartContainer - [test-hivemq-platform] [hivemq] [e7cb2377] INFO  - Audit Logger started.
2025-01-30 18:47:28,131 INFO c.h.h.t.HelmChartContainer - [EVENT] Warning [Unhealthy] Readiness probe failed: HTTP probe failed with statuscode: 503 [helmvolumeclaimtemplatesit:test-hivemq-platform-1]
2025-01-30 18:47:28,131 INFO c.h.h.t.HelmChartContainer - Received Unhealthy event for container hivemq in pod test-hivemq-platform-1 [e7cb2377-e34f-4c4c-86c6-5ee599aa695e]
2025-01-30 18:47:28,177 INFO c.h.h.t.HelmChartContainer - [hivemq-test-hivemq-platform] [hivemq-platform-operator] [3dd68f49] 18:47:28.176 [pool-6-thread-29] DEBUG c.h.p.o.d.PlatformServiceResource - [helmvolu] Desired Platform services (3 services)
2025-01-30 18:47:28,178 INFO c.h.h.t.HelmChartContainer - [hivemq-test-hivemq-platform] [hivemq-platform-operator] [3dd68f49] 18:47:28.176 [pool-6-thread-24] DEBUG c.h.p.o.d.PodServiceAccountResource - [helmvolu] Desired PodServiceAccountResource (serviceAccountName: hivemq-platform-pod-test-hivemq-platform)
2025-01-30 18:47:28,179 INFO c.h.h.t.HelmChartContainer - [hivemq-test-hivemq-platform] [hivemq-platform-operator] [3dd68f49] 18:47:28.177 [pool-6-thread-27] DEBUG c.h.p.o.dependants.PodInfoConfigMap - [helmvolu] Desired PodInfo ConfigMap (1 extensions) (1 enabled)
2025-01-30 18:47:28,179 INFO c.h.h.t.HelmChartContainer - [hivemq-test-hivemq-platform] [hivemq-platform-operator] [3dd68f49] 18:47:28.177 [pool-6-thread-27] DEBUG c.h.p.o.dependants.PodInfoConfigMap - [helmvolu] Desired PodInfo ConfigMap (metrics port: 9399) (metrics path: /)
2025-01-30 18:47:28,179 INFO c.h.h.t.HelmChartContainer - [hivemq-test-hivemq-platform] [hivemq-platform-operator] [3dd68f49] 18:47:28.177 [pool-6-thread-27] DEBUG c.h.p.o.dependants.PodInfoConfigMap - [helmvolu] Desired PodInfo ConfigMap (extension state hash: -1817474005)
2025-01-30 18:47:28,180 INFO c.h.h.t.HelmChartContainer - [hivemq-test-hivemq-platform] [hivemq-platform-operator] [3dd68f49] 18:47:28.180 [pool-6-thread-29] DEBUG c.h.p.o.d.StatefulSetResource - [helmvolu] Desired StatefulSet (3 replicas) for status ROLLING_RESTART (RESTART_PODS_IN_PROGRESS)
2025-01-30 18:47:28,184 INFO c.h.h.t.HelmChartContainer - [hivemq-test-hivemq-platform] [hivemq-platform-operator] [3dd68f49] 18:47:28.183 [ReconcilerExecutor-hivemq-controller-76] INFO  c.h.p.o.HiveMQPlatformReconciler - [helmvolu] Reconciling HiveMQ Platform 'test-hivemq-platform' in namespace 'helmvolumeclaimtemplatesit'
2025-01-30 18:47:28,184 INFO c.h.h.t.HelmChartContainer - [hivemq-test-hivemq-platform] [hivemq-platform-operator] [3dd68f49] 18:47:28.183 [ReconcilerExecutor-hivemq-controller-76] DEBUG c.h.p.o.HiveMQPlatformReconciler - [helmvolu] Custom Resource Status ROLLING_RESTART - HiveMQ Platform is restarting Pods (rolling restart) (RESTART_PODS_IN_PROGRESS)
2025-01-30 18:47:28,184 INFO c.h.h.t.HelmChartContainer - [hivemq-test-hivemq-platform] [hivemq-platform-operator] [3dd68f49] 18:47:28.183 [ReconcilerExecutor-hivemq-controller-76] DEBUG c.h.p.o.HiveMQPlatformReconciler - [helmvolu] Custom Resource Spec (replicas: 2) (extensions: 1)
2025-01-30 18:47:28,185 INFO c.h.h.t.HelmChartContainer - [hivemq-test-hivemq-platform] [hivemq-platform-operator] [3dd68f49] 18:47:28.184 [ReconcilerExecutor-hivemq-controller-76] DEBUG c.h.p.o.HiveMQPlatformReconciler - [helmvolu] StatefulSet Status (revision: test-hivemq-platform-59475f86c9, replicas: 3, available: 2, ready: 2, current: 1, updated: 2)
2025-01-30 18:47:28,185 INFO c.h.h.t.HelmChartContainer - [hivemq-test-hivemq-platform] [hivemq-platform-operator] [3dd68f49] 18:47:28.184 [ReconcilerExecutor-hivemq-controller-76] DEBUG c.h.p.o.HiveMQPlatformReconciler - [helmvolu] StatefulSet Spec (replicas: 3, init containers: 1, containers: 1, volumes: 4)
2025-01-30 18:47:28,186 INFO c.h.h.t.HelmChartContainer - [hivemq-test-hivemq-platform] [hivemq-platform-operator] [3dd68f49] 18:47:28.185 [ReconcilerExecutor-hivemq-controller-76] DEBUG c.h.p.o.h.HiveMQPlatformReconcilerErrorHandler - [helmvolu] Pod 'test-hivemq-platform-2' phase Running
2025-01-30 18:47:28,188 INFO c.h.h.t.HelmChartContainer - [hivemq-test-hivemq-platform] [hivemq-platform-operator] [3dd68f49] 18:47:28.186 [ReconcilerExecutor-hivemq-controller-76] DEBUG c.h.p.o.h.HiveMQPlatformReconcilerErrorHandler - [helmvolu] Pod 'test-hivemq-platform-1' phase Running
2025-01-30 18:47:28,189 INFO c.h.h.t.HelmChartContainer - [hivemq-test-hivemq-platform] [hivemq-platform-operator] [3dd68f49] 18:47:28.187 [ReconcilerExecutor-hivemq-controller-76] DEBUG c.h.p.o.h.HiveMQPlatformReconcilerErrorHandler - [helmvolu] Pod 'test-hivemq-platform-0' phase Running
2025-01-30 18:47:28,189 INFO c.h.h.t.HelmChartContainer - [hivemq-test-hivemq-platform] [hivemq-platform-operator] [3dd68f49] 18:47:28.188 [ReconcilerExecutor-hivemq-controller-76] DEBUG c.h.p.o.h.HiveMQPlatformReconcilerRollingRestartHandler - [helmvolu] Rolling restart is waiting for 2 of 3 replicas
2025-01-30 18:47:28,434 INFO c.h.h.t.HelmChartContainer - [test-hivemq-platform] [hivemq] [e7cb2377] INFO  - This node uses '1' CPU cores.
2025-01-30 18:47:28,516 INFO c.h.h.t.HelmChartContainer - [test-hivemq-platform] [hivemq] [e7cb2377] INFO  - Starting HiveMQ Health API on address 0.0.0.0 and port 8889
2025-01-30 18:47:29,314 INFO c.h.h.t.HelmChartContainer - [test-hivemq-platform] [hivemq] [e7cb2377] INFO  - Started HiveMQ Health API in 799ms
2025-01-30 18:47:30,119 INFO c.h.h.t.HelmChartContainer - [test-hivemq-platform] [hivemq] [e7cb2377] INFO  - Starting HiveMQ extension system.
2025-01-30 18:47:30,424 INFO c.h.h.t.HelmChartContainer - [test-hivemq-platform] [hivemq] [e7cb2377] INFO  - Starting extension with id "hivemq-dns-cluster-discovery" at /opt/hivemq/extensions/hivemq-dns-cluster-discovery
2025-01-30 18:47:31,024 INFO c.h.h.t.HelmChartContainer - [test-hivemq-platform] [hivemq] [e7cb2377] INFO  - Extension "DNS Cluster Discovery Extension" version 4.3.2 started successfully.
2025-01-30 18:47:31,025 INFO c.h.h.t.HelmChartContainer - [test-hivemq-platform] [hivemq] [e7cb2377] INFO  - Starting extension with id "hivemq-prometheus-extension" at /opt/hivemq/extensions/hivemq-prometheus-extension
2025-01-30 18:47:31,027 INFO c.h.h.t.HelmChartContainer - [test-hivemq-platform] [hivemq] [e7cb2377] INFO  - Using TCP cluster transport on address 10.42.0.14 and port 7000
2025-01-30 18:47:31,120 INFO c.h.h.t.HelmChartContainer - [test-hivemq-platform] [hivemq] [e7cb2377] INFO  - Using extension cluster discovery
2025-01-30 18:47:32,019 INFO c.h.h.t.HelmChartContainer - [test-hivemq-platform] [hivemq] [e7cb2377] INFO  - Started Jetty Server exposing Prometheus Servlet on URI http://0.0.0.0:9399/
2025-01-30 18:47:32,020 INFO c.h.h.t.HelmChartContainer - [test-hivemq-platform] [hivemq] [e7cb2377] INFO  - Extension "Prometheus Monitoring Extension" version 4.0.12 started successfully.
2025-01-30 18:47:32,020 INFO c.h.h.t.HelmChartContainer - [test-hivemq-platform] [hivemq] [e7cb2377] INFO  - Starting extension with id "hivemq-allow-all-extension" at /opt/hivemq/extensions/hivemq-allow-all-extension
2025-01-30 18:47:32,020 INFO c.h.h.t.HelmChartContainer - [test-hivemq-platform] [hivemq] [e7cb2377] WARN  - 
2025-01-30 18:47:32,020 INFO c.h.h.t.HelmChartContainer - [test-hivemq-platform] [hivemq] [e7cb2377] ################################################################################################################
2025-01-30 18:47:32,020 INFO c.h.h.t.HelmChartContainer - [test-hivemq-platform] [hivemq] [e7cb2377] # This HiveMQ deployment is not secure! You are lacking Authentication and Authorization.                      #
2025-01-30 18:47:32,020 INFO c.h.h.t.HelmChartContainer - [test-hivemq-platform] [hivemq] [e7cb2377] # Right now any MQTT client can connect to the broker with a full set of permissions.                          #
2025-01-30 18:47:32,020 INFO c.h.h.t.HelmChartContainer - [test-hivemq-platform] [hivemq] [e7cb2377] # For production usage, add an appropriate security extension and remove the hivemq-allow-all extension.       #
2025-01-30 18:47:32,020 INFO c.h.h.t.HelmChartContainer - [test-hivemq-platform] [hivemq] [e7cb2377] # You can download security extensions from the HiveMQ Marketplace (https://www.hivemq.com/extensions/).       #
2025-01-30 18:47:32,020 INFO c.h.h.t.HelmChartContainer - [test-hivemq-platform] [hivemq] [e7cb2377] ################################################################################################################
2025-01-30 18:47:32,020 INFO c.h.h.t.HelmChartContainer - [test-hivemq-platform] [hivemq] [e7cb2377] INFO  - Extension "Allow All Extension" version 1.1.1 started successfully.
2025-01-30 18:47:32,124 INFO c.h.h.t.HelmChartContainer - [test-hivemq-platform] [hivemq] [c960f2fc] INFO  - Cluster nodes found by discovery: [eLLfE|4] (3) [eLLfE, BTBnw, fWqH6].
2025-01-30 18:47:32,124 INFO c.h.h.t.HelmChartContainer - [test-hivemq-platform] [hivemq] [bd9e3d15] INFO  - Cluster nodes found by discovery: [eLLfE|4] (3) [eLLfE, BTBnw, fWqH6].
2025-01-30 18:47:32,214 INFO c.h.h.t.HelmChartContainer - [test-hivemq-platform] [hivemq] [e7cb2377] INFO  - Cluster nodes found by discovery: [eLLfE|4] (3) [eLLfE, BTBnw, fWqH6].
2025-01-30 18:47:32,319 INFO c.h.h.t.HelmChartContainer - [test-hivemq-platform] [hivemq] [e7cb2377] INFO  - Cluster size = 1, members : [BTBnw].
2025-01-30 18:47:32,321 INFO c.h.h.t.HelmChartContainer - [test-hivemq-platform] [hivemq] [e7cb2377] INFO  - Cluster size = 2, members : [BTBnw, eLLfE].
2025-01-30 18:47:32,617 INFO c.h.h.t.HelmChartContainer - [test-hivemq-platform] [hivemq] [e7cb2377] INFO  - Starting cluster join process. This may take a while. Please do not shut down HiveMQ.
2025-01-30 18:47:32,618 INFO c.h.h.t.HelmChartContainer - [test-hivemq-platform] [hivemq] [e7cb2377] INFO  - Cluster join process is still ongoing. Please do not shut down HiveMQ.
2025-01-30 18:47:33,719 INFO c.h.h.t.HelmChartContainer - [test-hivemq-platform] [hivemq] [e7cb2377] INFO  - [HiveMQ Platform Operator Init App 1.7.0-SNAPSHOT] Returning Health API response 503 for readiness
2025-01-30 18:47:33,733 INFO c.h.h.t.HelmChartContainer - [EVENT] Warning [Unhealthy] Readiness probe failed: HTTP probe failed with statuscode: 503 [helmvolumeclaimtemplatesit:test-hivemq-platform-1]
2025-01-30 18:47:33,733 INFO c.h.h.t.HelmChartContainer - Received Unhealthy event for container hivemq in pod test-hivemq-platform-1 [e7cb2377-e34f-4c4c-86c6-5ee599aa695e]
2025-01-30 18:47:34,625 INFO c.h.h.t.HelmChartContainer - [test-hivemq-platform] [hivemq] [bd9e3d15] INFO  - Cluster size = 3, members : [BTBnw, eLLfE, fWqH6].
2025-01-30 18:47:34,632 INFO c.h.h.t.HelmChartContainer - [test-hivemq-platform] [hivemq] [c960f2fc] INFO  - Cluster size = 3, members : [BTBnw, eLLfE, fWqH6].
2025-01-30 18:47:34,641 INFO c.h.h.t.HelmChartContainer - [test-hivemq-platform] [hivemq] [e7cb2377] INFO  - Cluster size = 3, members : [BTBnw, eLLfE, fWqH6].
2025-01-30 18:47:34,648 INFO c.h.h.t.HelmChartContainer - [test-hivemq-platform] [hivemq] [e7cb2377] INFO  - Finished cluster join process successfully.
2025-01-30 18:47:34,648 INFO c.h.h.t.HelmChartContainer - [test-hivemq-platform] [hivemq] [e7cb2377] WARN  - No user for HiveMQ Control Center configured. Starting with default user
2025-01-30 18:47:34,648 INFO c.h.h.t.HelmChartContainer - [test-hivemq-platform] [hivemq] [e7cb2377] INFO  - Starting HiveMQ Control Center on address 0.0.0.0 and port 8080
2025-01-30 18:47:34,721 INFO c.h.h.t.HelmChartContainer - [test-hivemq-platform] [hivemq] [e7cb2377] INFO  - Mounting HiveMQ Control Center V2 Preview
2025-01-30 18:47:35,328 INFO c.h.h.t.HelmChartContainer - [test-hivemq-platform] [hivemq] [e7cb2377] INFO  - Started HiveMQ Control Center in 681ms
2025-01-30 18:47:35,423 INFO c.h.h.t.HelmChartContainer - [test-hivemq-platform] [hivemq] [e7cb2377] INFO  - Starting TCP listener on address 0.0.0.0 and port 1884
2025-01-30 18:47:35,515 INFO c.h.h.t.HelmChartContainer - [test-hivemq-platform] [hivemq] [e7cb2377] INFO  - Started TCP Listener on address 0.0.0.0 and on port 1884.
2025-01-30 18:47:35,515 INFO c.h.h.t.HelmChartContainer - [test-hivemq-platform] [hivemq] [e7cb2377] INFO  - Started HiveMQ in 26982ms
2025-01-30 18:47:38,127 INFO c.h.h.t.HelmChartContainer - [test-hivemq-platform] [hivemq] [e7cb2377] INFO  - [HiveMQ Platform Operator Init App 1.7.0-SNAPSHOT] Returning Health API response 200 for readiness
2025-01-30 18:47:38,138 INFO c.h.h.t.HelmChartContainer - [POD] test-hivemq-platform-1 [e7cb2377-e34f-4c4c-86c6-5ee599aa695e] in helmvolumeclaimtemplatesit was MODIFIED
2025-01-30 18:47:38,153 INFO c.h.h.t.HelmChartContainer - [hivemq-test-hivemq-platform] [hivemq-platform-operator] [3dd68f49] 18:47:38.144 [pool-6-thread-31] DEBUG c.h.p.o.d.PlatformServiceResource - [helmvolu] Desired Platform services (3 services)
2025-01-30 18:47:38,153 INFO c.h.h.t.HelmChartContainer - [hivemq-test-hivemq-platform] [hivemq-platform-operator] [3dd68f49] 18:47:38.144 [pool-6-thread-40] DEBUG c.h.p.o.dependants.PodInfoConfigMap - [helmvolu] Desired PodInfo ConfigMap (1 extensions) (1 enabled)
2025-01-30 18:47:38,153 INFO c.h.h.t.HelmChartContainer - [hivemq-test-hivemq-platform] [hivemq-platform-operator] [3dd68f49] 18:47:38.144 [pool-6-thread-40] DEBUG c.h.p.o.dependants.PodInfoConfigMap - [helmvolu] Desired PodInfo ConfigMap (metrics port: 9399) (metrics path: /)
2025-01-30 18:47:38,153 INFO c.h.h.t.HelmChartContainer - [hivemq-test-hivemq-platform] [hivemq-platform-operator] [3dd68f49] 18:47:38.144 [pool-6-thread-40] DEBUG c.h.p.o.dependants.PodInfoConfigMap - [helmvolu] Desired PodInfo ConfigMap (extension state hash: -1817474005)
2025-01-30 18:47:38,153 INFO c.h.h.t.HelmChartContainer - [hivemq-test-hivemq-platform] [hivemq-platform-operator] [3dd68f49] 18:47:38.145 [pool-6-thread-32] DEBUG c.h.p.o.d.PodServiceAccountResource - [helmvolu] Desired PodServiceAccountResource (serviceAccountName: hivemq-platform-pod-test-hivemq-platform)
2025-01-30 18:47:38,153 INFO c.h.h.t.HelmChartContainer - [hivemq-test-hivemq-platform] [hivemq-platform-operator] [3dd68f49] 18:47:38.150 [pool-6-thread-32] DEBUG c.h.p.o.d.StatefulSetResource - [helmvolu] Desired StatefulSet (3 replicas) for status ROLLING_RESTART (RESTART_PODS_IN_PROGRESS)
2025-01-30 18:47:38,155 INFO c.h.h.t.HelmChartContainer - [hivemq-test-hivemq-platform] [hivemq-platform-operator] [3dd68f49] 18:47:38.154 [ReconcilerExecutor-hivemq-controller-87] INFO  c.h.p.o.HiveMQPlatformReconciler - [helmvolu] Reconciling HiveMQ Platform 'test-hivemq-platform' in namespace 'helmvolumeclaimtemplatesit'
2025-01-30 18:47:38,155 INFO c.h.h.t.HelmChartContainer - [hivemq-test-hivemq-platform] [hivemq-platform-operator] [3dd68f49] 18:47:38.154 [ReconcilerExecutor-hivemq-controller-87] DEBUG c.h.p.o.HiveMQPlatformReconciler - [helmvolu] Custom Resource Status ROLLING_RESTART - HiveMQ Platform is restarting Pods (rolling restart) (RESTART_PODS_IN_PROGRESS)
2025-01-30 18:47:38,155 INFO c.h.h.t.HelmChartContainer - [hivemq-test-hivemq-platform] [hivemq-platform-operator] [3dd68f49] 18:47:38.154 [ReconcilerExecutor-hivemq-controller-87] DEBUG c.h.p.o.HiveMQPlatformReconciler - [helmvolu] Custom Resource Spec (replicas: 2) (extensions: 1)
2025-01-30 18:47:38,161 INFO c.h.h.t.HelmChartContainer - [hivemq-test-hivemq-platform] [hivemq-platform-operator] [3dd68f49] 18:47:38.159 [ReconcilerExecutor-hivemq-controller-87] DEBUG c.h.p.o.HiveMQPlatformReconciler - [helmvolu] StatefulSet Status (revision: test-hivemq-platform-59475f86c9, replicas: 3, available: 3, ready: 3, current: 1, updated: 2)
2025-01-30 18:47:38,161 INFO c.h.h.t.HelmChartContainer - [hivemq-test-hivemq-platform] [hivemq-platform-operator] [3dd68f49] 18:47:38.159 [ReconcilerExecutor-hivemq-controller-87] DEBUG c.h.p.o.HiveMQPlatformReconciler - [helmvolu] StatefulSet Spec (replicas: 3, init containers: 1, containers: 1, volumes: 4)
2025-01-30 18:47:38,162 INFO c.h.h.t.HelmChartContainer - [hivemq-test-hivemq-platform] [hivemq-platform-operator] [3dd68f49] 18:47:38.161 [ReconcilerExecutor-hivemq-controller-87] DEBUG c.h.p.o.h.HiveMQPlatformReconcilerErrorHandler - [helmvolu] Pod 'test-hivemq-platform-2' phase Running
2025-01-30 18:47:38,163 INFO c.h.h.t.HelmChartContainer - [hivemq-test-hivemq-platform] [hivemq-platform-operator] [3dd68f49] 18:47:38.162 [ReconcilerExecutor-hivemq-controller-87] DEBUG c.h.p.o.h.HiveMQPlatformReconcilerErrorHandler - [helmvolu] Pod 'test-hivemq-platform-1' phase Running
2025-01-30 18:47:38,164 INFO c.h.h.t.HelmChartContainer - [hivemq-test-hivemq-platform] [hivemq-platform-operator] [3dd68f49] 18:47:38.163 [ReconcilerExecutor-hivemq-controller-87] DEBUG c.h.p.o.h.HiveMQPlatformReconcilerErrorHandler - [helmvolu] Pod 'test-hivemq-platform-0' phase Running
2025-01-30 18:47:38,235 INFO c.h.h.t.HelmChartContainer - [hivemq-test-hivemq-platform] [hivemq-platform-operator] [3dd68f49] 18:47:38.233 [ReconcilerExecutor-hivemq-controller-87] DEBUG c.h.p.o.h.HiveMQPlatformReconcilerRollingRestartHandler - [helmvolu] Skipping Pod test-hivemq-platform-2 as it's already on the controller update revision (update revision: test-hivemq-platform-59475f86c9, pod revision: test-hivemq-platform-59475f86c9)
2025-01-30 18:47:38,239 INFO c.h.h.t.HelmChartContainer - [hivemq-test-hivemq-platform] [hivemq-platform-operator] [3dd68f49] 18:47:38.239 [ReconcilerExecutor-hivemq-controller-87] DEBUG c.h.p.o.h.HiveMQPlatformReconcilerRollingRestartHandler - [helmvolu] Skipping Pod test-hivemq-platform-1 as it's already on the controller update revision (update revision: test-hivemq-platform-59475f86c9, pod revision: test-hivemq-platform-59475f86c9)
2025-01-30 18:47:38,249 INFO c.h.h.t.HelmChartContainer - [hivemq-test-hivemq-platform] [hivemq-platform-operator] [3dd68f49] 18:47:38.247 [ReconcilerExecutor-hivemq-controller-87] DEBUG c.h.p.o.h.HiveMQPlatformReconcilerRollingRestartHandler - [helmvolu] The last Pod is running for 54 seconds, the next Pod can be restarted
2025-01-30 18:47:38,249 INFO c.h.h.t.HelmChartContainer - [hivemq-test-hivemq-platform] [hivemq-platform-operator] [3dd68f49] 18:47:38.247 [ReconcilerExecutor-hivemq-controller-87] INFO  c.h.p.o.h.HiveMQPlatformReconcilerRollingRestartHandler - [helmvolu] Restarting Pod test-hivemq-platform-0 as it's not matching the controller update revision (update revision: test-hivemq-platform-59475f86c9, pod revision: test-hivemq-platform-6c7bb94cbd)
2025-01-30 18:47:38,257 INFO c.h.h.t.HelmChartContainer - [POD] test-hivemq-platform-0 [bd9e3d15-73d4-4923-9341-3b6fa14c2287] in helmvolumeclaimtemplatesit was MODIFIED
2025-01-30 18:47:38,267 INFO c.h.h.t.HelmChartContainer - [test-hivemq-platform] [hivemq] [bd9e3d15] INFO  - [HiveMQ Platform Operator Init App 1.7.0-SNAPSHOT] Shutting down
2025-01-30 18:47:38,267 INFO c.h.h.t.HelmChartContainer - [test-hivemq-platform] [hivemq] [bd9e3d15] INFO  - [HiveMQ Platform Operator Init App 1.7.0-SNAPSHOT] Stopping the HiveMQ Platform
2025-01-30 18:47:38,274 INFO c.h.h.t.HelmChartContainer - [EVENT] Normal [Killing] Stopping container hivemq [helmvolumeclaimtemplatesit:test-hivemq-platform-0]
2025-01-30 18:47:38,274 INFO c.h.h.t.HelmChartContainer - Received Killing event for container hivemq in pod test-hivemq-platform-0 [bd9e3d15-73d4-4923-9341-3b6fa14c2287]
2025-01-30 18:47:38,274 INFO c.h.h.t.HelmChartContainer - Container [test-hivemq-platform-0] [hivemq] [bd9e3d15-73d4-4923-9341-3b6fa14c2287] was terminated
2025-01-30 18:47:38,274 INFO c.h.h.t.HelmChartContainer - Stopped log watcher for hivemq in pod test-hivemq-platform-0 [bd9e3d15-73d4-4923-9341-3b6fa14c2287]
2025-01-30 18:47:38,336 INFO c.h.h.t.HelmChartContainer - [hivemq-test-hivemq-platform] [hivemq-platform-operator] [3dd68f49] 18:47:38.333 [pool-6-thread-50] DEBUG c.h.p.o.d.PlatformServiceResource - [helmvolu] Desired Platform services (3 services)
2025-01-30 18:47:38,337 INFO c.h.h.t.HelmChartContainer - [hivemq-test-hivemq-platform] [hivemq-platform-operator] [3dd68f49] 18:47:38.335 [pool-6-thread-43] DEBUG c.h.p.o.d.PodServiceAccountResource - [helmvolu] Desired PodServiceAccountResource (serviceAccountName: hivemq-platform-pod-test-hivemq-platform)
2025-01-30 18:47:38,340 INFO c.h.h.t.HelmChartContainer - [hivemq-test-hivemq-platform] [hivemq-platform-operator] [3dd68f49] 18:47:38.339 [pool-6-thread-42] DEBUG c.h.p.o.dependants.PodInfoConfigMap - [helmvolu] Desired PodInfo ConfigMap (1 extensions) (1 enabled)
2025-01-30 18:47:38,340 INFO c.h.h.t.HelmChartContainer - [hivemq-test-hivemq-platform] [hivemq-platform-operator] [3dd68f49] 18:47:38.339 [pool-6-thread-42] DEBUG c.h.p.o.dependants.PodInfoConfigMap - [helmvolu] Desired PodInfo ConfigMap (metrics port: 9399) (metrics path: /)
2025-01-30 18:47:38,340 INFO c.h.h.t.HelmChartContainer - [hivemq-test-hivemq-platform] [hivemq-platform-operator] [3dd68f49] 18:47:38.339 [pool-6-thread-42] DEBUG c.h.p.o.dependants.PodInfoConfigMap - [helmvolu] Desired PodInfo ConfigMap (extension state hash: -1817474005)
2025-01-30 18:47:38,343 INFO c.h.h.t.HelmChartContainer - [hivemq-test-hivemq-platform] [hivemq-platform-operator] [3dd68f49] 18:47:38.342 [pool-6-thread-46] DEBUG c.h.p.o.d.StatefulSetResource - [helmvolu] Desired StatefulSet (3 replicas) for status ROLLING_RESTART (RESTART_PODS_IN_PROGRESS)
2025-01-30 18:47:38,346 INFO c.h.h.t.HelmChartContainer - [hivemq-test-hivemq-platform] [hivemq-platform-operator] [3dd68f49] 18:47:38.345 [ReconcilerExecutor-hivemq-controller-87] INFO  c.h.p.o.HiveMQPlatformReconciler - [helmvolu] Reconciling HiveMQ Platform 'test-hivemq-platform' in namespace 'helmvolumeclaimtemplatesit'
2025-01-30 18:47:38,347 INFO c.h.h.t.HelmChartContainer - [hivemq-test-hivemq-platform] [hivemq-platform-operator] [3dd68f49] 18:47:38.345 [ReconcilerExecutor-hivemq-controller-87] DEBUG c.h.p.o.HiveMQPlatformReconciler - [helmvolu] Custom Resource Status ROLLING_RESTART - HiveMQ Platform is restarting Pods (rolling restart) (RESTART_PODS_IN_PROGRESS)
2025-01-30 18:47:38,348 INFO c.h.h.t.HelmChartContainer - [hivemq-test-hivemq-platform] [hivemq-platform-operator] [3dd68f49] 18:47:38.345 [ReconcilerExecutor-hivemq-controller-87] DEBUG c.h.p.o.HiveMQPlatformReconciler - [helmvolu] Custom Resource Spec (replicas: 2) (extensions: 1)
2025-01-30 18:47:38,348 INFO c.h.h.t.HelmChartContainer - [hivemq-test-hivemq-platform] [hivemq-platform-operator] [3dd68f49] 18:47:38.346 [ReconcilerExecutor-hivemq-controller-87] DEBUG c.h.p.o.HiveMQPlatformReconciler - [helmvolu] StatefulSet Status (revision: test-hivemq-platform-59475f86c9, replicas: 3, available: 3, ready: 3, current: 0, updated: 2)
2025-01-30 18:47:38,349 INFO c.h.h.t.HelmChartContainer - [hivemq-test-hivemq-platform] [hivemq-platform-operator] [3dd68f49] 18:47:38.346 [ReconcilerExecutor-hivemq-controller-87] DEBUG c.h.p.o.HiveMQPlatformReconciler - [helmvolu] StatefulSet Spec (replicas: 3, init containers: 1, containers: 1, volumes: 4)
2025-01-30 18:47:38,349 INFO c.h.h.t.HelmChartContainer - [hivemq-test-hivemq-platform] [hivemq-platform-operator] [3dd68f49] 18:47:38.348 [ReconcilerExecutor-hivemq-controller-87] DEBUG c.h.p.o.h.HiveMQPlatformReconcilerErrorHandler - [helmvolu] Pod 'test-hivemq-platform-2' phase Running
2025-01-30 18:47:38,350 INFO c.h.h.t.HelmChartContainer - [hivemq-test-hivemq-platform] [hivemq-platform-operator] [3dd68f49] 18:47:38.349 [ReconcilerExecutor-hivemq-controller-87] DEBUG c.h.p.o.h.HiveMQPlatformReconcilerErrorHandler - [helmvolu] Pod 'test-hivemq-platform-1' phase Running
2025-01-30 18:47:38,438 INFO c.h.h.t.HelmChartContainer - [hivemq-test-hivemq-platform] [hivemq-platform-operator] [3dd68f49] 18:47:38.435 [ReconcilerExecutor-hivemq-controller-87] DEBUG c.h.p.o.h.HiveMQPlatformReconcilerErrorHandler - [helmvolu] Pod 'test-hivemq-platform-0' phase Running
2025-01-30 18:47:38,438 INFO c.h.h.t.HelmChartContainer - [test-hivemq-platform] [hivemq] [bd9e3d15] INFO  - Shutting down HiveMQ. Please wait, this could take a while...
2025-01-30 18:47:38,444 INFO c.h.h.t.HelmChartContainer - [hivemq-test-hivemq-platform] [hivemq-platform-operator] [3dd68f49] 18:47:38.443 [ReconcilerExecutor-hivemq-controller-87] DEBUG c.h.p.o.h.HiveMQPlatformReconcilerRollingRestartHandler - [helmvolu] Skipping Pod test-hivemq-platform-2 as it's already on the controller update revision (update revision: test-hivemq-platform-59475f86c9, pod revision: test-hivemq-platform-59475f86c9)
2025-01-30 18:47:38,448 INFO c.h.h.t.HelmChartContainer - [hivemq-test-hivemq-platform] [hivemq-platform-operator] [3dd68f49] 18:47:38.448 [ReconcilerExecutor-hivemq-controller-87] DEBUG c.h.p.o.h.HiveMQPlatformReconcilerRollingRestartHandler - [helmvolu] Skipping Pod test-hivemq-platform-1 as it's already on the controller update revision (update revision: test-hivemq-platform-59475f86c9, pod revision: test-hivemq-platform-59475f86c9)
2025-01-30 18:47:38,457 INFO c.h.h.t.HelmChartContainer - [hivemq-test-hivemq-platform] [hivemq-platform-operator] [3dd68f49] 18:47:38.456 [ReconcilerExecutor-hivemq-controller-87] DEBUG c.h.p.o.h.HiveMQPlatformReconcilerRollingRestartHandler - [helmvolu] The last Pod is running for 54 seconds, the next Pod can be restarted
2025-01-30 18:47:38,457 INFO c.h.h.t.HelmChartContainer - [hivemq-test-hivemq-platform] [hivemq-platform-operator] [3dd68f49] 18:47:38.456 [ReconcilerExecutor-hivemq-controller-87] INFO  c.h.p.o.h.HiveMQPlatformReconcilerRollingRestartHandler - [helmvolu] Restarting Pod test-hivemq-platform-0 as it's not matching the controller update revision (update revision: test-hivemq-platform-59475f86c9, pod revision: test-hivemq-platform-6c7bb94cbd)
2025-01-30 18:47:38,476 INFO c.h.h.t.HelmChartContainer - [test-hivemq-platform] [hivemq] [bd9e3d15] INFO  - Shutting down listeners and clients
2025-01-30 18:47:38,477 INFO c.h.h.t.HelmChartContainer - [test-hivemq-platform] [hivemq] [bd9e3d15] INFO  - Shutdown of listeners is done
2025-01-30 18:47:38,477 INFO c.h.h.t.HelmChartContainer - [test-hivemq-platform] [hivemq] [bd9e3d15] INFO  - No clients are connected, proceeding with shutdown
2025-01-30 18:47:38,537 INFO c.h.h.t.HelmChartContainer - [hivemq-test-hivemq-platform] [hivemq-platform-operator] [3dd68f49] 18:47:38.535 [pool-6-thread-3] DEBUG c.h.p.o.dependants.PodInfoConfigMap - [helmvolu] Desired PodInfo ConfigMap (1 extensions) (1 enabled)
2025-01-30 18:47:38,539 INFO c.h.h.t.HelmChartContainer - [hivemq-test-hivemq-platform] [hivemq-platform-operator] [3dd68f49] 18:47:38.537 [pool-6-thread-9] DEBUG c.h.p.o.d.PodServiceAccountResource - [helmvolu] Desired PodServiceAccountResource (serviceAccountName: hivemq-platform-pod-test-hivemq-platform)
2025-01-30 18:47:38,539 INFO c.h.h.t.HelmChartContainer - [hivemq-test-hivemq-platform] [hivemq-platform-operator] [3dd68f49] 18:47:38.535 [pool-6-thread-10] DEBUG c.h.p.o.d.PlatformServiceResource - [helmvolu] Desired Platform services (3 services)
2025-01-30 18:47:38,539 INFO c.h.h.t.HelmChartContainer - [hivemq-test-hivemq-platform] [hivemq-platform-operator] [3dd68f49] 18:47:38.537 [pool-6-thread-3] DEBUG c.h.p.o.dependants.PodInfoConfigMap - [helmvolu] Desired PodInfo ConfigMap (metrics port: 9399) (metrics path: /)
2025-01-30 18:47:38,539 INFO c.h.h.t.HelmChartContainer - [hivemq-test-hivemq-platform] [hivemq-platform-operator] [3dd68f49] 18:47:38.537 [pool-6-thread-3] DEBUG c.h.p.o.dependants.PodInfoConfigMap - [helmvolu] Desired PodInfo ConfigMap (extension state hash: -1817474005)
2025-01-30 18:47:38,545 INFO c.h.h.t.HelmChartContainer - [hivemq-test-hivemq-platform] [hivemq-platform-operator] [3dd68f49] 18:47:38.543 [pool-6-thread-10] DEBUG c.h.p.o.d.StatefulSetResource - [helmvolu] Desired StatefulSet (3 replicas) for status ROLLING_RESTART (RESTART_PODS_IN_PROGRESS)
2025-01-30 18:47:38,548 INFO c.h.h.t.HelmChartContainer - [hivemq-test-hivemq-platform] [hivemq-platform-operator] [3dd68f49] 18:47:38.547 [ReconcilerExecutor-hivemq-controller-87] INFO  c.h.p.o.HiveMQPlatformReconciler - [helmvolu] Reconciling HiveMQ Platform 'test-hivemq-platform' in namespace 'helmvolumeclaimtemplatesit'
2025-01-30 18:47:38,548 INFO c.h.h.t.HelmChartContainer - [hivemq-test-hivemq-platform] [hivemq-platform-operator] [3dd68f49] 18:47:38.547 [ReconcilerExecutor-hivemq-controller-87] DEBUG c.h.p.o.HiveMQPlatformReconciler - [helmvolu] Custom Resource Status ROLLING_RESTART - HiveMQ Platform is restarting Pods (rolling restart) (RESTART_PODS_IN_PROGRESS)
2025-01-30 18:47:38,548 INFO c.h.h.t.HelmChartContainer - [hivemq-test-hivemq-platform] [hivemq-platform-operator] [3dd68f49] 18:47:38.547 [ReconcilerExecutor-hivemq-controller-87] DEBUG c.h.p.o.HiveMQPlatformReconciler - [helmvolu] Custom Resource Spec (replicas: 2) (extensions: 1)
2025-01-30 18:47:38,550 INFO c.h.h.t.HelmChartContainer - [hivemq-test-hivemq-platform] [hivemq-platform-operator] [3dd68f49] 18:47:38.549 [ReconcilerExecutor-hivemq-controller-87] DEBUG c.h.p.o.HiveMQPlatformReconciler - [helmvolu] StatefulSet Status (revision: test-hivemq-platform-59475f86c9, replicas: 3, available: 3, ready: 3, current: 0, updated: 2)
2025-01-30 18:47:38,550 INFO c.h.h.t.HelmChartContainer - [hivemq-test-hivemq-platform] [hivemq-platform-operator] [3dd68f49] 18:47:38.549 [ReconcilerExecutor-hivemq-controller-87] DEBUG c.h.p.o.HiveMQPlatformReconciler - [helmvolu] StatefulSet Spec (replicas: 3, init containers: 1, containers: 1, volumes: 4)
2025-01-30 18:47:38,552 INFO c.h.h.t.HelmChartContainer - [hivemq-test-hivemq-platform] [hivemq-platform-operator] [3dd68f49] 18:47:38.551 [ReconcilerExecutor-hivemq-controller-87] DEBUG c.h.p.o.h.HiveMQPlatformReconcilerErrorHandler - [helmvolu] Pod 'test-hivemq-platform-2' phase Running
2025-01-30 18:47:38,553 INFO c.h.h.t.HelmChartContainer - [hivemq-test-hivemq-platform] [hivemq-platform-operator] [3dd68f49] 18:47:38.552 [ReconcilerExecutor-hivemq-controller-87] DEBUG c.h.p.o.h.HiveMQPlatformReconcilerErrorHandler - [helmvolu] Pod 'test-hivemq-platform-1' phase Running
2025-01-30 18:47:38,554 INFO c.h.h.t.HelmChartContainer - [hivemq-test-hivemq-platform] [hivemq-platform-operator] [3dd68f49] 18:47:38.554 [ReconcilerExecutor-hivemq-controller-87] DEBUG c.h.p.o.h.HiveMQPlatformReconcilerErrorHandler - [helmvolu] Pod 'test-hivemq-platform-0' phase Running
2025-01-30 18:47:38,639 INFO c.h.h.t.HelmChartContainer - [hivemq-test-hivemq-platform] [hivemq-platform-operator] [3dd68f49] 18:47:38.638 [ReconcilerExecutor-hivemq-controller-87] DEBUG c.h.p.o.h.HiveMQPlatformReconcilerRollingRestartHandler - [helmvolu] Skipping Pod test-hivemq-platform-2 as it's already on the controller update revision (update revision: test-hivemq-platform-59475f86c9, pod revision: test-hivemq-platform-59475f86c9)
2025-01-30 18:47:38,643 INFO c.h.h.t.HelmChartContainer - [hivemq-test-hivemq-platform] [hivemq-platform-operator] [3dd68f49] 18:47:38.642 [ReconcilerExecutor-hivemq-controller-87] DEBUG c.h.p.o.h.HiveMQPlatformReconcilerRollingRestartHandler - [helmvolu] Skipping Pod test-hivemq-platform-1 as it's already on the controller update revision (update revision: test-hivemq-platform-59475f86c9, pod revision: test-hivemq-platform-59475f86c9)
2025-01-30 18:47:38,653 INFO c.h.h.t.HelmChartContainer - [hivemq-test-hivemq-platform] [hivemq-platform-operator] [3dd68f49] 18:47:38.652 [ReconcilerExecutor-hivemq-controller-87] DEBUG c.h.p.o.h.HiveMQPlatformReconcilerRollingRestartHandler - [helmvolu] The last Pod is running for 54 seconds, the next Pod can be restarted
2025-01-30 18:47:38,654 INFO c.h.h.t.HelmChartContainer - [hivemq-test-hivemq-platform] [hivemq-platform-operator] [3dd68f49] 18:47:38.652 [ReconcilerExecutor-hivemq-controller-87] INFO  c.h.p.o.h.HiveMQPlatformReconcilerRollingRestartHandler - [helmvolu] Restarting Pod test-hivemq-platform-0 as it's not matching the controller update revision (update revision: test-hivemq-platform-59475f86c9, pod revision: test-hivemq-platform-6c7bb94cbd)
2025-01-30 18:47:41,295 INFO c.h.h.t.HelmChartContainer - [test-hivemq-platform] [hivemq] [bd9e3d15] INFO  - Shutting down extension system
2025-01-30 18:47:41,302 INFO c.h.h.t.HelmChartContainer - [test-hivemq-platform] [hivemq] [bd9e3d15] INFO  - Stopping extension with id hivemq-dns-cluster-discovery
2025-01-30 18:47:41,303 INFO c.h.h.t.HelmChartContainer - [test-hivemq-platform] [hivemq] [bd9e3d15] INFO  - Extension "DNS Cluster Discovery Extension" version 4.3.2 stopped successfully.
2025-01-30 18:47:41,303 INFO c.h.h.t.HelmChartContainer - [test-hivemq-platform] [hivemq] [bd9e3d15] INFO  - Stopping extension with id hivemq-prometheus-extension
2025-01-30 18:47:41,311 INFO c.h.h.t.HelmChartContainer - [test-hivemq-platform] [hivemq] [bd9e3d15] INFO  - Extension "Prometheus Monitoring Extension" version 4.0.12 stopped successfully.
2025-01-30 18:47:41,311 INFO c.h.h.t.HelmChartContainer - [test-hivemq-platform] [hivemq] [bd9e3d15] INFO  - Stopping extension with id hivemq-allow-all-extension
2025-01-30 18:47:41,311 INFO c.h.h.t.HelmChartContainer - [test-hivemq-platform] [hivemq] [bd9e3d15] INFO  - Extension "Allow All Extension" version 1.1.1 stopped successfully.
2025-01-30 18:47:41,317 INFO c.h.h.t.HelmChartContainer - [test-hivemq-platform] [hivemq] [c960f2fc] INFO  - Cluster nodes found by discovery: [BTBnw|5] (2) [BTBnw, fWqH6].
2025-01-30 18:47:41,318 INFO c.h.h.t.HelmChartContainer - [test-hivemq-platform] [hivemq] [c960f2fc] INFO  - Cluster size = 2, members : [BTBnw, fWqH6].
2025-01-30 18:47:41,323 INFO c.h.h.t.HelmChartContainer - [test-hivemq-platform] [hivemq] [e7cb2377] INFO  - Cluster nodes found by discovery: [BTBnw|5] (2) [BTBnw, fWqH6].
2025-01-30 18:47:41,331 INFO c.h.h.t.HelmChartContainer - [test-hivemq-platform] [hivemq] [c960f2fc] INFO  - Starting cluster replication process. This may take a while. Please do not shut down HiveMQ.
2025-01-30 18:47:41,334 INFO c.h.h.t.HelmChartContainer - [test-hivemq-platform] [hivemq] [e7cb2377] INFO  - Cluster size = 2, members : [BTBnw, fWqH6].
2025-01-30 18:47:41,337 INFO c.h.h.t.HelmChartContainer - [test-hivemq-platform] [hivemq] [e7cb2377] INFO  - Starting cluster replication process. This may take a while. Please do not shut down HiveMQ.
2025-01-30 18:47:41,636 INFO c.h.h.t.HelmChartContainer - [test-hivemq-platform] [hivemq] [c960f2fc] INFO  - Finished cluster replication successfully in 306 ms.
2025-01-30 18:47:41,714 INFO c.h.h.t.HelmChartContainer - [test-hivemq-platform] [hivemq] [e7cb2377] INFO  - Finished cluster replication successfully in 376 ms.
2025-01-30 18:47:43,190 INFO c.h.h.t.HelmChartContainer - [test-hivemq-platform] [hivemq] [bd9e3d15] INFO  - [HiveMQ Platform Operator Init App 1.7.0-SNAPSHOT] Returning shutdown Health API response 503 for readiness
2025-01-30 18:47:43,194 INFO c.h.h.t.HelmChartContainer - [EVENT] Warning [Unhealthy] Readiness probe failed: HTTP probe failed with statuscode: 503 [helmvolumeclaimtemplatesit:test-hivemq-platform-0]
2025-01-30 18:47:43,194 INFO c.h.h.t.HelmChartContainer - Received Unhealthy event for container hivemq in pod test-hivemq-platform-0 [bd9e3d15-73d4-4923-9341-3b6fa14c2287]
2025-01-30 18:47:43,635 INFO c.h.h.t.HelmChartContainer - [test-hivemq-platform] [hivemq] [bd9e3d15] INFO  - Shutdown completed.
2025-01-30 18:47:44,022 INFO c.h.h.t.HelmChartContainer - [test-hivemq-platform] [hivemq] [bd9e3d15] INFO  - [HiveMQ Platform Operator Init App 1.7.0-SNAPSHOT] The HiveMQ Platform exited with code 143
2025-01-30 18:47:44,022 INFO c.h.h.t.HelmChartContainer - [test-hivemq-platform] [hivemq] [bd9e3d15] INFO  - [HiveMQ Platform Operator Init App 1.7.0-SNAPSHOT] Stopping the REST API
2025-01-30 18:47:44,074 INFO c.h.h.t.HelmChartContainer - [test-hivemq-platform] [hivemq] [bd9e3d15] INFO  - [HiveMQ Platform Operator Init App 1.7.0-SNAPSHOT] Shutdown complete
2025-01-30 18:47:44,517 INFO c.h.h.t.HelmChartContainer - [POD] test-hivemq-platform-0 [bd9e3d15-73d4-4923-9341-3b6fa14c2287] in helmvolumeclaimtemplatesit was MODIFIED
2025-01-30 18:47:44,537 INFO c.h.h.t.HelmChartContainer - [hivemq-test-hivemq-platform] [hivemq-platform-operator] [3dd68f49] 18:47:44.520 [pool-6-thread-18] DEBUG c.h.p.o.dependants.PodInfoConfigMap - [helmvolu] Desired PodInfo ConfigMap (1 extensions) (1 enabled)
2025-01-30 18:47:44,537 INFO c.h.h.t.HelmChartContainer - [hivemq-test-hivemq-platform] [hivemq-platform-operator] [3dd68f49] 18:47:44.520 [pool-6-thread-18] DEBUG c.h.p.o.dependants.PodInfoConfigMap - [helmvolu] Desired PodInfo ConfigMap (metrics port: 9399) (metrics path: /)
2025-01-30 18:47:44,537 INFO c.h.h.t.HelmChartContainer - [hivemq-test-hivemq-platform] [hivemq-platform-operator] [3dd68f49] 18:47:44.520 [pool-6-thread-18] DEBUG c.h.p.o.dependants.PodInfoConfigMap - [helmvolu] Desired PodInfo ConfigMap (extension state hash: -1817474005)
2025-01-30 18:47:44,537 INFO c.h.h.t.HelmChartContainer - [hivemq-test-hivemq-platform] [hivemq-platform-operator] [3dd68f49] 18:47:44.521 [pool-6-thread-19] DEBUG c.h.p.o.d.PlatformServiceResource - [helmvolu] Desired Platform services (3 services)
2025-01-30 18:47:44,538 INFO c.h.h.t.HelmChartContainer - [hivemq-test-hivemq-platform] [hivemq-platform-operator] [3dd68f49] 18:47:44.521 [pool-6-thread-20] DEBUG c.h.p.o.d.PodServiceAccountResource - [helmvolu] Desired PodServiceAccountResource (serviceAccountName: hivemq-platform-pod-test-hivemq-platform)
2025-01-30 18:47:44,538 INFO c.h.h.t.HelmChartContainer - [hivemq-test-hivemq-platform] [hivemq-platform-operator] [3dd68f49] 18:47:44.528 [pool-6-thread-19] DEBUG c.h.p.o.d.StatefulSetResource - [helmvolu] Desired StatefulSet (3 replicas) for status ROLLING_RESTART (RESTART_PODS_IN_PROGRESS)
2025-01-30 18:47:44,543 INFO c.h.h.t.HelmChartContainer - [hivemq-test-hivemq-platform] [hivemq-platform-operator] [3dd68f49] 18:47:44.533 [ReconcilerExecutor-hivemq-controller-110] INFO  c.h.p.o.HiveMQPlatformReconciler - [helmvolu] Reconciling HiveMQ Platform 'test-hivemq-platform' in namespace 'helmvolumeclaimtemplatesit'
2025-01-30 18:47:44,543 INFO c.h.h.t.HelmChartContainer - [hivemq-test-hivemq-platform] [hivemq-platform-operator] [3dd68f49] 18:47:44.533 [ReconcilerExecutor-hivemq-controller-110] DEBUG c.h.p.o.HiveMQPlatformReconciler - [helmvolu] Custom Resource Status ROLLING_RESTART - HiveMQ Platform is restarting Pods (rolling restart) (RESTART_PODS_IN_PROGRESS)
2025-01-30 18:47:44,543 INFO c.h.h.t.HelmChartContainer - [hivemq-test-hivemq-platform] [hivemq-platform-operator] [3dd68f49] 18:47:44.533 [ReconcilerExecutor-hivemq-controller-110] DEBUG c.h.p.o.HiveMQPlatformReconciler - [helmvolu] Custom Resource Spec (replicas: 2) (extensions: 1)
2025-01-30 18:47:44,543 INFO c.h.h.t.HelmChartContainer - [hivemq-test-hivemq-platform] [hivemq-platform-operator] [3dd68f49] 18:47:44.534 [ReconcilerExecutor-hivemq-controller-110] DEBUG c.h.p.o.HiveMQPlatformReconciler - [helmvolu] StatefulSet Status (revision: test-hivemq-platform-59475f86c9, replicas: 3, available: 3, ready: 3, current: 0, updated: 2)
2025-01-30 18:47:44,543 INFO c.h.h.t.HelmChartContainer - [hivemq-test-hivemq-platform] [hivemq-platform-operator] [3dd68f49] 18:47:44.534 [ReconcilerExecutor-hivemq-controller-110] DEBUG c.h.p.o.HiveMQPlatformReconciler - [helmvolu] StatefulSet Spec (replicas: 3, init containers: 1, containers: 1, volumes: 4)
2025-01-30 18:47:44,543 INFO c.h.h.t.HelmChartContainer - [hivemq-test-hivemq-platform] [hivemq-platform-operator] [3dd68f49] 18:47:44.536 [ReconcilerExecutor-hivemq-controller-110] DEBUG c.h.p.o.h.HiveMQPlatformReconcilerErrorHandler - [helmvolu] Pod 'test-hivemq-platform-2' phase Running
2025-01-30 18:47:44,544 INFO c.h.h.t.HelmChartContainer - [hivemq-test-hivemq-platform] [hivemq-platform-operator] [3dd68f49] 18:47:44.537 [ReconcilerExecutor-hivemq-controller-110] DEBUG c.h.p.o.h.HiveMQPlatformReconcilerErrorHandler - [helmvolu] Pod 'test-hivemq-platform-1' phase Running
2025-01-30 18:47:44,544 INFO c.h.h.t.HelmChartContainer - [hivemq-test-hivemq-platform] [hivemq-platform-operator] [3dd68f49] 18:47:44.538 [ReconcilerExecutor-hivemq-controller-110] DEBUG c.h.p.o.h.HiveMQPlatformReconcilerErrorHandler - [helmvolu] Pod 'test-hivemq-platform-0' phase Failed
2025-01-30 18:47:44,544 INFO c.h.h.t.HelmChartContainer - [hivemq-test-hivemq-platform] [hivemq-platform-operator] [3dd68f49] 18:47:44.538 [ReconcilerExecutor-hivemq-controller-110] DEBUG c.h.p.o.h.HiveMQPlatformReconcilerErrorHandler - [helmvolu] Pod 'test-hivemq-platform-0' condition 'PodReadyToStartContainers': False
2025-01-30 18:47:44,544 INFO c.h.h.t.HelmChartContainer - [hivemq-test-hivemq-platform] [hivemq-platform-operator] [3dd68f49] 18:47:44.538 [ReconcilerExecutor-hivemq-controller-110] DEBUG c.h.p.o.h.HiveMQPlatformReconcilerErrorHandler - [helmvolu] Pod 'test-hivemq-platform-0' condition 'Initialized': True
2025-01-30 18:47:44,544 INFO c.h.h.t.HelmChartContainer - [hivemq-test-hivemq-platform] [hivemq-platform-operator] [3dd68f49] 18:47:44.538 [ReconcilerExecutor-hivemq-controller-110] DEBUG c.h.p.o.h.HiveMQPlatformReconcilerErrorHandler - [helmvolu] Pod 'test-hivemq-platform-0' condition 'Ready': False
2025-01-30 18:47:44,544 INFO c.h.h.t.HelmChartContainer - [hivemq-test-hivemq-platform] [hivemq-platform-operator] [3dd68f49] 18:47:44.538 [ReconcilerExecutor-hivemq-controller-110] DEBUG c.h.p.o.h.HiveMQPlatformReconcilerErrorHandler - [helmvolu] Pod 'test-hivemq-platform-0' condition 'ContainersReady': False
2025-01-30 18:47:44,544 INFO c.h.h.t.HelmChartContainer - [hivemq-test-hivemq-platform] [hivemq-platform-operator] [3dd68f49] 18:47:44.538 [ReconcilerExecutor-hivemq-controller-110] DEBUG c.h.p.o.h.HiveMQPlatformReconcilerErrorHandler - [helmvolu] Pod 'test-hivemq-platform-0' condition 'PodScheduled': True
2025-01-30 18:47:44,544 INFO c.h.h.t.HelmChartContainer - [hivemq-test-hivemq-platform] [hivemq-platform-operator] [3dd68f49] 18:47:44.538 [ReconcilerExecutor-hivemq-controller-110] DEBUG c.h.p.o.h.HiveMQPlatformReconcilerErrorHandler - [helmvolu] Pod 'test-hivemq-platform-0' containerStatus 'hivemq' (started: false) (ready: false) (waiting: [Unknown] no message)
2025-01-30 18:47:44,575 INFO c.h.h.t.HelmChartContainer - [K3S] [reconciler_common.go:162] "operationExecutor.UnmountVolume started for volume \"kube-api-access-c8wqv\" (UniqueName: \"kubernetes.io/projected/bd9e3d15-73d4-4923-9341-3b6fa14c2287-kube-api-access-c8wqv\") pod \"bd9e3d15-73d4-4923-9341-3b6fa14c2287\" (UID: \"bd9e3d15-73d4-4923-9341-3b6fa14c2287\") "
2025-01-30 18:47:44,576 INFO c.h.h.t.HelmChartContainer - [K3S] [reconciler_common.go:162] "operationExecutor.UnmountVolume started for volume \"pod-info\" (UniqueName: \"kubernetes.io/configmap/bd9e3d15-73d4-4923-9341-3b6fa14c2287-pod-info\") pod \"bd9e3d15-73d4-4923-9341-3b6fa14c2287\" (UID: \"bd9e3d15-73d4-4923-9341-3b6fa14c2287\") "
2025-01-30 18:47:44,576 INFO c.h.h.t.HelmChartContainer - [K3S] [reconciler_common.go:162] "operationExecutor.UnmountVolume started for volume \"operator-init\" (UniqueName: \"kubernetes.io/empty-dir/bd9e3d15-73d4-4923-9341-3b6fa14c2287-operator-init\") pod \"bd9e3d15-73d4-4923-9341-3b6fa14c2287\" (UID: \"bd9e3d15-73d4-4923-9341-3b6fa14c2287\") "
2025-01-30 18:47:44,576 INFO c.h.h.t.HelmChartContainer - [K3S] [reconciler_common.go:162] "operationExecutor.UnmountVolume started for volume \"broker-configuration\" (UniqueName: \"kubernetes.io/configmap/bd9e3d15-73d4-4923-9341-3b6fa14c2287-broker-configuration\") pod \"bd9e3d15-73d4-4923-9341-3b6fa14c2287\" (UID: \"bd9e3d15-73d4-4923-9341-3b6fa14c2287\") "
2025-01-30 18:47:44,576 INFO c.h.h.t.HelmChartContainer - [K3S] [reconciler_common.go:162] "operationExecutor.UnmountVolume started for volume \"hivemq-pvc-data\" (UniqueName: \"kubernetes.io/local-volume/pvc-e368f338-44dd-4cc6-ab08-4d84ccc9eefc\") pod \"bd9e3d15-73d4-4923-9341-3b6fa14c2287\" (UID: \"bd9e3d15-73d4-4923-9341-3b6fa14c2287\") "
2025-01-30 18:47:44,584 INFO c.h.h.t.HelmChartContainer - [hivemq-test-hivemq-platform] [hivemq-platform-operator] [3dd68f49] 18:47:44.577 [ReconcilerExecutor-hivemq-controller-110] DEBUG c.h.p.o.h.HiveMQPlatformReconcilerRollingRestartHandler - [helmvolu] Skipping Pod test-hivemq-platform-2 as it's already on the controller update revision (update revision: test-hivemq-platform-59475f86c9, pod revision: test-hivemq-platform-59475f86c9)
2025-01-30 18:47:44,588 INFO c.h.h.t.HelmChartContainer - [hivemq-test-hivemq-platform] [hivemq-platform-operator] [3dd68f49] 18:47:44.584 [ReconcilerExecutor-hivemq-controller-110] DEBUG c.h.p.o.h.HiveMQPlatformReconcilerRollingRestartHandler - [helmvolu] Skipping Pod test-hivemq-platform-1 as it's already on the controller update revision (update revision: test-hivemq-platform-59475f86c9, pod revision: test-hivemq-platform-59475f86c9)
2025-01-30 18:47:44,636 INFO c.h.h.t.HelmChartContainer - [hivemq-test-hivemq-platform] [hivemq-platform-operator] [3dd68f49] 18:47:44.635 [ReconcilerExecutor-hivemq-controller-110] DEBUG c.h.p.o.h.HiveMQPlatformReconcilerRollingRestartHandler - [helmvolu] The last Pod is running for 60 seconds, the next Pod can be restarted
2025-01-30 18:47:44,637 INFO c.h.h.t.HelmChartContainer - [hivemq-test-hivemq-platform] [hivemq-platform-operator] [3dd68f49] 18:47:44.635 [ReconcilerExecutor-hivemq-controller-110] INFO  c.h.p.o.h.HiveMQPlatformReconcilerRollingRestartHandler - [helmvolu] Restarting Pod test-hivemq-platform-0 as it's not matching the controller update revision (update revision: test-hivemq-platform-59475f86c9, pod revision: test-hivemq-platform-6c7bb94cbd)
2025-01-30 18:47:44,677 INFO c.h.h.t.HelmChartContainer - [K3S] [reconciler_common.go:299] "Volume detached for volume \"operator-init\" (UniqueName: \"kubernetes.io/empty-dir/bd9e3d15-73d4-4923-9341-3b6fa14c2287-operator-init\") on node \"3c74c6b68004\" DevicePath \"\""
2025-01-30 18:47:44,677 INFO c.h.h.t.HelmChartContainer - [K3S] [reconciler_common.go:299] "Volume detached for volume \"broker-configuration\" (UniqueName: \"kubernetes.io/configmap/bd9e3d15-73d4-4923-9341-3b6fa14c2287-broker-configuration\") on node \"3c74c6b68004\" DevicePath \"\""
2025-01-30 18:47:44,677 INFO c.h.h.t.HelmChartContainer - [K3S] [reconciler_common.go:292] "operationExecutor.UnmountDevice started for volume \"pvc-e368f338-44dd-4cc6-ab08-4d84ccc9eefc\" (UniqueName: \"kubernetes.io/local-volume/pvc-e368f338-44dd-4cc6-ab08-4d84ccc9eefc\") on node \"3c74c6b68004\" "
2025-01-30 18:47:44,677 INFO c.h.h.t.HelmChartContainer - [K3S] [reconciler_common.go:299] "Volume detached for volume \"kube-api-access-c8wqv\" (UniqueName: \"kubernetes.io/projected/bd9e3d15-73d4-4923-9341-3b6fa14c2287-kube-api-access-c8wqv\") on node \"3c74c6b68004\" DevicePath \"\""
2025-01-30 18:47:44,677 INFO c.h.h.t.HelmChartContainer - [K3S] [reconciler_common.go:299] "Volume detached for volume \"pod-info\" (UniqueName: \"kubernetes.io/configmap/bd9e3d15-73d4-4923-9341-3b6fa14c2287-pod-info\") on node \"3c74c6b68004\" DevicePath \"\""
2025-01-30 18:47:44,684 INFO c.h.h.t.HelmChartContainer - [hivemq-test-hivemq-platform] [hivemq-platform-operator] [3dd68f49] 18:47:44.682 [pool-6-thread-28] DEBUG c.h.p.o.d.PlatformServiceResource - [helmvolu] Desired Platform services (3 services)
2025-01-30 18:47:44,685 INFO c.h.h.t.HelmChartContainer - [hivemq-test-hivemq-platform] [hivemq-platform-operator] [3dd68f49] 18:47:44.682 [pool-6-thread-25] DEBUG c.h.p.o.dependants.PodInfoConfigMap - [helmvolu] Desired PodInfo ConfigMap (1 extensions) (1 enabled)
2025-01-30 18:47:44,685 INFO c.h.h.t.HelmChartContainer - [hivemq-test-hivemq-platform] [hivemq-platform-operator] [3dd68f49] 18:47:44.682 [pool-6-thread-25] DEBUG c.h.p.o.dependants.PodInfoConfigMap - [helmvolu] Desired PodInfo ConfigMap (metrics port: 9399) (metrics path: /)
2025-01-30 18:47:44,685 INFO c.h.h.t.HelmChartContainer - [hivemq-test-hivemq-platform] [hivemq-platform-operator] [3dd68f49] 18:47:44.682 [pool-6-thread-25] DEBUG c.h.p.o.dependants.PodInfoConfigMap - [helmvolu] Desired PodInfo ConfigMap (extension state hash: -1817474005)
2025-01-30 18:47:44,685 INFO c.h.h.t.HelmChartContainer - [hivemq-test-hivemq-platform] [hivemq-platform-operator] [3dd68f49] 18:47:44.683 [pool-6-thread-30] DEBUG c.h.p.o.d.PodServiceAccountResource - [helmvolu] Desired PodServiceAccountResource (serviceAccountName: hivemq-platform-pod-test-hivemq-platform)
2025-01-30 18:47:44,687 INFO c.h.h.t.HelmChartContainer - [hivemq-test-hivemq-platform] [hivemq-platform-operator] [3dd68f49] 18:47:44.686 [pool-6-thread-28] DEBUG c.h.p.o.d.StatefulSetResource - [helmvolu] Desired StatefulSet (3 replicas) for status ROLLING_RESTART (RESTART_PODS_IN_PROGRESS)
2025-01-30 18:47:44,689 INFO c.h.h.t.HelmChartContainer - [hivemq-test-hivemq-platform] [hivemq-platform-operator] [3dd68f49] 18:47:44.688 [ReconcilerExecutor-hivemq-controller-110] INFO  c.h.p.o.HiveMQPlatformReconciler - [helmvolu] Reconciling HiveMQ Platform 'test-hivemq-platform' in namespace 'helmvolumeclaimtemplatesit'
2025-01-30 18:47:44,690 INFO c.h.h.t.HelmChartContainer - [hivemq-test-hivemq-platform] [hivemq-platform-operator] [3dd68f49] 18:47:44.688 [ReconcilerExecutor-hivemq-controller-110] DEBUG c.h.p.o.HiveMQPlatformReconciler - [helmvolu] Custom Resource Status ROLLING_RESTART - HiveMQ Platform is restarting Pods (rolling restart) (RESTART_PODS_IN_PROGRESS)
2025-01-30 18:47:44,690 INFO c.h.h.t.HelmChartContainer - [hivemq-test-hivemq-platform] [hivemq-platform-operator] [3dd68f49] 18:47:44.688 [ReconcilerExecutor-hivemq-controller-110] DEBUG c.h.p.o.HiveMQPlatformReconciler - [helmvolu] Custom Resource Spec (replicas: 2) (extensions: 1)
2025-01-30 18:47:44,690 INFO c.h.h.t.HelmChartContainer - [hivemq-test-hivemq-platform] [hivemq-platform-operator] [3dd68f49] 18:47:44.690 [ReconcilerExecutor-hivemq-controller-110] DEBUG c.h.p.o.HiveMQPlatformReconciler - [helmvolu] StatefulSet Status (revision: test-hivemq-platform-59475f86c9, replicas: 3, available: 2, ready: 2, current: 0, updated: 2)
2025-01-30 18:47:44,691 INFO c.h.h.t.HelmChartContainer - [hivemq-test-hivemq-platform] [hivemq-platform-operator] [3dd68f49] 18:47:44.690 [ReconcilerExecutor-hivemq-controller-110] DEBUG c.h.p.o.HiveMQPlatformReconciler - [helmvolu] StatefulSet Spec (replicas: 3, init containers: 1, containers: 1, volumes: 4)
2025-01-30 18:47:44,733 INFO c.h.h.t.HelmChartContainer - [hivemq-test-hivemq-platform] [hivemq-platform-operator] [3dd68f49] 18:47:44.733 [ReconcilerExecutor-hivemq-controller-110] DEBUG c.h.p.o.h.HiveMQPlatformReconcilerErrorHandler - [helmvolu] Pod 'test-hivemq-platform-2' phase Running
2025-01-30 18:47:44,735 INFO c.h.h.t.HelmChartContainer - [hivemq-test-hivemq-platform] [hivemq-platform-operator] [3dd68f49] 18:47:44.734 [ReconcilerExecutor-hivemq-controller-110] DEBUG c.h.p.o.h.HiveMQPlatformReconcilerErrorHandler - [helmvolu] Pod 'test-hivemq-platform-1' phase Running
2025-01-30 18:47:44,735 INFO c.h.h.t.HelmChartContainer - [hivemq-test-hivemq-platform] [hivemq-platform-operator] [3dd68f49] 18:47:44.735 [ReconcilerExecutor-hivemq-controller-110] DEBUG c.h.p.o.h.HiveMQPlatformReconcilerErrorHandler - [helmvolu] Pod 'test-hivemq-platform-0' phase Failed
2025-01-30 18:47:44,736 INFO c.h.h.t.HelmChartContainer - [hivemq-test-hivemq-platform] [hivemq-platform-operator] [3dd68f49] 18:47:44.735 [ReconcilerExecutor-hivemq-controller-110] DEBUG c.h.p.o.h.HiveMQPlatformReconcilerErrorHandler - [helmvolu] Pod 'test-hivemq-platform-0' condition 'PodReadyToStartContainers': False
2025-01-30 18:47:44,736 INFO c.h.h.t.HelmChartContainer - [hivemq-test-hivemq-platform] [hivemq-platform-operator] [3dd68f49] 18:47:44.735 [ReconcilerExecutor-hivemq-controller-110] DEBUG c.h.p.o.h.HiveMQPlatformReconcilerErrorHandler - [helmvolu] Pod 'test-hivemq-platform-0' condition 'Initialized': True
2025-01-30 18:47:44,737 INFO c.h.h.t.HelmChartContainer - [hivemq-test-hivemq-platform] [hivemq-platform-operator] [3dd68f49] 18:47:44.735 [ReconcilerExecutor-hivemq-controller-110] DEBUG c.h.p.o.h.HiveMQPlatformReconcilerErrorHandler - [helmvolu] Pod 'test-hivemq-platform-0' condition 'Ready': False
2025-01-30 18:47:44,737 INFO c.h.h.t.HelmChartContainer - [hivemq-test-hivemq-platform] [hivemq-platform-operator] [3dd68f49] 18:47:44.735 [ReconcilerExecutor-hivemq-controller-110] DEBUG c.h.p.o.h.HiveMQPlatformReconcilerErrorHandler - [helmvolu] Pod 'test-hivemq-platform-0' condition 'ContainersReady': False
2025-01-30 18:47:44,737 INFO c.h.h.t.HelmChartContainer - [hivemq-test-hivemq-platform] [hivemq-platform-operator] [3dd68f49] 18:47:44.735 [ReconcilerExecutor-hivemq-controller-110] DEBUG c.h.p.o.h.HiveMQPlatformReconcilerErrorHandler - [helmvolu] Pod 'test-hivemq-platform-0' condition 'PodScheduled': True
2025-01-30 18:47:44,737 INFO c.h.h.t.HelmChartContainer - [hivemq-test-hivemq-platform] [hivemq-platform-operator] [3dd68f49] 18:47:44.735 [ReconcilerExecutor-hivemq-controller-110] DEBUG c.h.p.o.h.HiveMQPlatformReconcilerErrorHandler - [helmvolu] Pod 'test-hivemq-platform-0' containerStatus 'hivemq' (started: false) (ready: false) (waiting: [Unknown] no message)
2025-01-30 18:47:44,737 INFO c.h.h.t.HelmChartContainer - [hivemq-test-hivemq-platform] [hivemq-platform-operator] [3dd68f49] 18:47:44.735 [ReconcilerExecutor-hivemq-controller-110] DEBUG c.h.p.o.h.HiveMQPlatformReconcilerRollingRestartHandler - [helmvolu] Rolling restart is waiting for 2 of 3 replicas
2025-01-30 18:47:44,776 INFO c.h.h.t.HelmChartContainer - [K3S] [reconciler_common.go:299] "Volume detached for volume \"pvc-e368f338-44dd-4cc6-ab08-4d84ccc9eefc\" (UniqueName: \"kubernetes.io/local-volume/pvc-e368f338-44dd-4cc6-ab08-4d84ccc9eefc\") on node \"3c74c6b68004\" DevicePath \"\""
2025-01-30 18:47:44,929 INFO c.h.h.t.HelmChartContainer - [K3S] [scope.go:117] "RemoveContainer" containerID="4817f42145073cf29d19d1d1af34f5927bd616123954b5adf5328b654adc710e"
2025-01-30 18:47:44,933 INFO c.h.h.t.HelmChartContainer - [K3S] [scope.go:117] "RemoveContainer" containerID="17326f68be0c79deca9a76b594e4e1b08e497b104599e62d2085f49fcc9ff904"
2025-01-30 18:47:44,937 INFO c.h.h.t.HelmChartContainer - [K3S] [scope.go:117] "RemoveContainer" containerID="4817f42145073cf29d19d1d1af34f5927bd616123954b5adf5328b654adc710e"
2025-01-30 18:47:44,938 INFO c.h.h.t.HelmChartContainer - [K3S] [scope.go:117] "RemoveContainer" containerID="17326f68be0c79deca9a76b594e4e1b08e497b104599e62d2085f49fcc9ff904"
2025-01-30 18:47:44,947 INFO c.h.h.t.HelmChartContainer - [POD] test-hivemq-platform-0 [bd9e3d15-73d4-4923-9341-3b6fa14c2287] in helmvolumeclaimtemplatesit was MODIFIED
2025-01-30 18:47:44,948 INFO c.h.h.t.HelmChartContainer - [POD] test-hivemq-platform-0 [bd9e3d15-73d4-4923-9341-3b6fa14c2287] in helmvolumeclaimtemplatesit was DELETED
2025-01-30 18:47:44,957 INFO c.h.h.t.HelmChartContainer - [POD] test-hivemq-platform-0 [3b83b55f-8d0c-4a2f-81a4-09d3c001af27] in helmvolumeclaimtemplatesit was ADDED
2025-01-30 18:47:44,964 INFO c.h.h.t.HelmChartContainer - [POD] test-hivemq-platform-0 [3b83b55f-8d0c-4a2f-81a4-09d3c001af27] in helmvolumeclaimtemplatesit was MODIFIED
2025-01-30 18:47:44,966 INFO c.h.h.t.HelmChartContainer - [K3S] [memory_manager.go:355] "RemoveStaleState removing state" podUID="bd9e3d15-73d4-4923-9341-3b6fa14c2287" containerName="hivemq"
2025-01-30 18:47:44,966 INFO c.h.h.t.HelmChartContainer - [EVENT] Normal [SuccessfulCreate] create Pod test-hivemq-platform-0 in StatefulSet test-hivemq-platform successful [helmvolumeclaimtemplatesit:test-hivemq-platform]
2025-01-30 18:47:44,969 INFO c.h.h.t.HelmChartContainer - [EVENT] Normal [Scheduled] Successfully assigned helmvolumeclaimtemplatesit/test-hivemq-platform-0 to 3c74c6b68004 [helmvolumeclaimtemplatesit:test-hivemq-platform-0]
2025-01-30 18:47:44,982 INFO c.h.h.t.HelmChartContainer - [POD] test-hivemq-platform-0 [3b83b55f-8d0c-4a2f-81a4-09d3c001af27] in helmvolumeclaimtemplatesit was MODIFIED
2025-01-30 18:47:44,988 INFO c.h.h.t.HelmChartContainer - [hivemq-test-hivemq-platform] [hivemq-platform-operator] [3dd68f49] 18:47:44.986 [pool-6-thread-40] DEBUG c.h.p.o.d.PlatformServiceResource - [helmvolu] Desired Platform services (3 services)
2025-01-30 18:47:44,990 INFO c.h.h.t.HelmChartContainer - [hivemq-test-hivemq-platform] [hivemq-platform-operator] [3dd68f49] 18:47:44.988 [pool-6-thread-31] DEBUG c.h.p.o.dependants.PodInfoConfigMap - [helmvolu] Desired PodInfo ConfigMap (1 extensions) (1 enabled)
2025-01-30 18:47:44,991 INFO c.h.h.t.HelmChartContainer - [hivemq-test-hivemq-platform] [hivemq-platform-operator] [3dd68f49] 18:47:44.989 [pool-6-thread-31] DEBUG c.h.p.o.dependants.PodInfoConfigMap - [helmvolu] Desired PodInfo ConfigMap (metrics port: 9399) (metrics path: /)
2025-01-30 18:47:44,992 INFO c.h.h.t.HelmChartContainer - [hivemq-test-hivemq-platform] [hivemq-platform-operator] [3dd68f49] 18:47:44.989 [pool-6-thread-31] DEBUG c.h.p.o.dependants.PodInfoConfigMap - [helmvolu] Desired PodInfo ConfigMap (extension state hash: -1817474005)
2025-01-30 18:47:44,992 INFO c.h.h.t.HelmChartContainer - [hivemq-test-hivemq-platform] [hivemq-platform-operator] [3dd68f49] 18:47:44.990 [pool-6-thread-36] DEBUG c.h.p.o.d.PodServiceAccountResource - [helmvolu] Desired PodServiceAccountResource (serviceAccountName: hivemq-platform-pod-test-hivemq-platform)
2025-01-30 18:47:45,036 INFO c.h.h.t.HelmChartContainer - [hivemq-test-hivemq-platform] [hivemq-platform-operator] [3dd68f49] 18:47:45.035 [pool-6-thread-40] DEBUG c.h.p.o.d.StatefulSetResource - [helmvolu] Desired StatefulSet (3 replicas) for status ROLLING_RESTART (RESTART_PODS_IN_PROGRESS)
2025-01-30 18:47:45,076 INFO c.h.h.t.HelmChartContainer - [hivemq-test-hivemq-platform] [hivemq-platform-operator] [3dd68f49] 18:47:45.075 [ReconcilerExecutor-hivemq-controller-112] INFO  c.h.p.o.HiveMQPlatformReconciler - [helmvolu] Reconciling HiveMQ Platform 'test-hivemq-platform' in namespace 'helmvolumeclaimtemplatesit'
2025-01-30 18:47:45,076 INFO c.h.h.t.HelmChartContainer - [hivemq-test-hivemq-platform] [hivemq-platform-operator] [3dd68f49] 18:47:45.075 [ReconcilerExecutor-hivemq-controller-112] DEBUG c.h.p.o.HiveMQPlatformReconciler - [helmvolu] Custom Resource Status ROLLING_RESTART - HiveMQ Platform is restarting Pods (rolling restart) (RESTART_PODS_IN_PROGRESS)
2025-01-30 18:47:45,076 INFO c.h.h.t.HelmChartContainer - [hivemq-test-hivemq-platform] [hivemq-platform-operator] [3dd68f49] 18:47:45.075 [ReconcilerExecutor-hivemq-controller-112] DEBUG c.h.p.o.HiveMQPlatformReconciler - [helmvolu] Custom Resource Spec (replicas: 2) (extensions: 1)
2025-01-30 18:47:45,077 INFO c.h.h.t.HelmChartContainer - [hivemq-test-hivemq-platform] [hivemq-platform-operator] [3dd68f49] 18:47:45.076 [ReconcilerExecutor-hivemq-controller-112] DEBUG c.h.p.o.HiveMQPlatformReconciler - [helmvolu] StatefulSet Status (revision: test-hivemq-platform-59475f86c9, replicas: 3, available: 2, ready: 2, current: 0, updated: 3)
2025-01-30 18:47:45,080 INFO c.h.h.t.HelmChartContainer - [K3S] [reconciler_common.go:251] "operationExecutor.VerifyControllerAttachedVolume started for volume \"operator-init\" (UniqueName: \"kubernetes.io/empty-dir/3b83b55f-8d0c-4a2f-81a4-09d3c001af27-operator-init\") pod \"test-hivemq-platform-0\" (UID: \"3b83b55f-8d0c-4a2f-81a4-09d3c001af27\") " pod="helmvolumeclaimtemplatesit/test-hivemq-platform-0"
2025-01-30 18:47:45,080 INFO c.h.h.t.HelmChartContainer - [K3S] [reconciler_common.go:251] "operationExecutor.VerifyControllerAttachedVolume started for volume \"broker-configuration\" (UniqueName: \"kubernetes.io/configmap/3b83b55f-8d0c-4a2f-81a4-09d3c001af27-broker-configuration\") pod \"test-hivemq-platform-0\" (UID: \"3b83b55f-8d0c-4a2f-81a4-09d3c001af27\") " pod="helmvolumeclaimtemplatesit/test-hivemq-platform-0"
2025-01-30 18:47:45,080 INFO c.h.h.t.HelmChartContainer - [K3S] [reconciler_common.go:251] "operationExecutor.VerifyControllerAttachedVolume started for volume \"pvc-e368f338-44dd-4cc6-ab08-4d84ccc9eefc\" (UniqueName: \"kubernetes.io/local-volume/pvc-e368f338-44dd-4cc6-ab08-4d84ccc9eefc\") pod \"test-hivemq-platform-0\" (UID: \"3b83b55f-8d0c-4a2f-81a4-09d3c001af27\") " pod="helmvolumeclaimtemplatesit/test-hivemq-platform-0"
2025-01-30 18:47:45,080 INFO c.h.h.t.HelmChartContainer - [K3S] [reconciler_common.go:251] "operationExecutor.VerifyControllerAttachedVolume started for volume \"pod-info\" (UniqueName: \"kubernetes.io/configmap/3b83b55f-8d0c-4a2f-81a4-09d3c001af27-pod-info\") pod \"test-hivemq-platform-0\" (UID: \"3b83b55f-8d0c-4a2f-81a4-09d3c001af27\") " pod="helmvolumeclaimtemplatesit/test-hivemq-platform-0"
2025-01-30 18:47:45,080 INFO c.h.h.t.HelmChartContainer - [K3S] [reconciler_common.go:251] "operationExecutor.VerifyControllerAttachedVolume started for volume \"kube-api-access-4sb8v\" (UniqueName: \"kubernetes.io/projected/3b83b55f-8d0c-4a2f-81a4-09d3c001af27-kube-api-access-4sb8v\") pod \"test-hivemq-platform-0\" (UID: \"3b83b55f-8d0c-4a2f-81a4-09d3c001af27\") " pod="helmvolumeclaimtemplatesit/test-hivemq-platform-0"
2025-01-30 18:47:45,081 INFO c.h.h.t.HelmChartContainer - [hivemq-test-hivemq-platform] [hivemq-platform-operator] [3dd68f49] 18:47:45.077 [ReconcilerExecutor-hivemq-controller-112] DEBUG c.h.p.o.HiveMQPlatformReconciler - [helmvolu] StatefulSet Spec (replicas: 3, init containers: 1, containers: 1, volumes: 4)
2025-01-30 18:47:45,081 INFO c.h.h.t.HelmChartContainer - [hivemq-test-hivemq-platform] [hivemq-platform-operator] [3dd68f49] 18:47:45.079 [ReconcilerExecutor-hivemq-controller-112] DEBUG c.h.p.o.h.HiveMQPlatformReconcilerErrorHandler - [helmvolu] Pod 'test-hivemq-platform-2' phase Running
2025-01-30 18:47:45,081 INFO c.h.h.t.HelmChartContainer - [hivemq-test-hivemq-platform] [hivemq-platform-operator] [3dd68f49] 18:47:45.080 [ReconcilerExecutor-hivemq-controller-112] DEBUG c.h.p.o.h.HiveMQPlatformReconcilerErrorHandler - [helmvolu] Pod 'test-hivemq-platform-1' phase Running
2025-01-30 18:47:45,083 INFO c.h.h.t.HelmChartContainer - [hivemq-test-hivemq-platform] [hivemq-platform-operator] [3dd68f49] 18:47:45.081 [ReconcilerExecutor-hivemq-controller-112] DEBUG c.h.p.o.h.HiveMQPlatformReconcilerErrorHandler - [helmvolu] Pod 'test-hivemq-platform-0' phase Pending
2025-01-30 18:47:45,083 INFO c.h.h.t.HelmChartContainer - [hivemq-test-hivemq-platform] [hivemq-platform-operator] [3dd68f49] 18:47:45.081 [ReconcilerExecutor-hivemq-controller-112] DEBUG c.h.p.o.h.HiveMQPlatformReconcilerErrorHandler - [helmvolu] Pod 'test-hivemq-platform-0' condition 'PodReadyToStartContainers': False
2025-01-30 18:47:45,084 INFO c.h.h.t.HelmChartContainer - [hivemq-test-hivemq-platform] [hivemq-platform-operator] [3dd68f49] 18:47:45.082 [ReconcilerExecutor-hivemq-controller-112] DEBUG c.h.p.o.h.HiveMQPlatformReconcilerErrorHandler - [helmvolu] Pod 'test-hivemq-platform-0' condition 'Initialized': False
2025-01-30 18:47:45,084 INFO c.h.h.t.HelmChartContainer - [hivemq-test-hivemq-platform] [hivemq-platform-operator] [3dd68f49] 18:47:45.082 [ReconcilerExecutor-hivemq-controller-112] DEBUG c.h.p.o.h.HiveMQPlatformReconcilerErrorHandler - [helmvolu] Pod 'test-hivemq-platform-0' condition 'Ready': False
2025-01-30 18:47:45,084 INFO c.h.h.t.HelmChartContainer - [hivemq-test-hivemq-platform] [hivemq-platform-operator] [3dd68f49] 18:47:45.082 [ReconcilerExecutor-hivemq-controller-112] DEBUG c.h.p.o.h.HiveMQPlatformReconcilerErrorHandler - [helmvolu] Pod 'test-hivemq-platform-0' condition 'ContainersReady': False
2025-01-30 18:47:45,084 INFO c.h.h.t.HelmChartContainer - [hivemq-test-hivemq-platform] [hivemq-platform-operator] [3dd68f49] 18:47:45.082 [ReconcilerExecutor-hivemq-controller-112] DEBUG c.h.p.o.h.HiveMQPlatformReconcilerErrorHandler - [helmvolu] Pod 'test-hivemq-platform-0' condition 'PodScheduled': True
2025-01-30 18:47:45,084 INFO c.h.h.t.HelmChartContainer - [hivemq-test-hivemq-platform] [hivemq-platform-operator] [3dd68f49] 18:47:45.082 [ReconcilerExecutor-hivemq-controller-112] DEBUG c.h.p.o.h.HiveMQPlatformReconcilerErrorHandler - [helmvolu] Pod 'test-hivemq-platform-0' containerStatus 'hivemq' (started: false) (ready: false) (waiting: [PodInitializing] null)
2025-01-30 18:47:45,084 INFO c.h.h.t.HelmChartContainer - [hivemq-test-hivemq-platform] [hivemq-platform-operator] [3dd68f49] 18:47:45.082 [ReconcilerExecutor-hivemq-controller-112] DEBUG c.h.p.o.h.HiveMQPlatformReconcilerRollingRestartHandler - [helmvolu] Rolling restart is waiting for 2 of 3 replicas
2025-01-30 18:47:45,088 INFO c.h.h.t.HelmChartContainer - [hivemq-test-hivemq-platform] [hivemq-platform-operator] [3dd68f49] 18:47:45.086 [pool-6-thread-47] DEBUG c.h.p.o.d.PlatformServiceResource - [helmvolu] Desired Platform services (3 services)
2025-01-30 18:47:45,134 INFO c.h.h.t.HelmChartContainer - [hivemq-test-hivemq-platform] [hivemq-platform-operator] [3dd68f49] 18:47:45.086 [pool-6-thread-49] DEBUG c.h.p.o.dependants.PodInfoConfigMap - [helmvolu] Desired PodInfo ConfigMap (1 extensions) (1 enabled)
2025-01-30 18:47:45,135 INFO c.h.h.t.HelmChartContainer - [hivemq-test-hivemq-platform] [hivemq-platform-operator] [3dd68f49] 18:47:45.087 [pool-6-thread-41] DEBUG c.h.p.o.d.PodServiceAccountResource - [helmvolu] Desired PodServiceAccountResource (serviceAccountName: hivemq-platform-pod-test-hivemq-platform)
2025-01-30 18:47:45,136 INFO c.h.h.t.HelmChartContainer - [hivemq-test-hivemq-platform] [hivemq-platform-operator] [3dd68f49] 18:47:45.133 [pool-6-thread-49] DEBUG c.h.p.o.dependants.PodInfoConfigMap - [helmvolu] Desired PodInfo ConfigMap (metrics port: 9399) (metrics path: /)
2025-01-30 18:47:45,136 INFO c.h.h.t.HelmChartContainer - [hivemq-test-hivemq-platform] [hivemq-platform-operator] [3dd68f49] 18:47:45.133 [pool-6-thread-49] DEBUG c.h.p.o.dependants.PodInfoConfigMap - [helmvolu] Desired PodInfo ConfigMap (extension state hash: -1817474005)
2025-01-30 18:47:45,136 INFO c.h.h.t.HelmChartContainer - [hivemq-test-hivemq-platform] [hivemq-platform-operator] [3dd68f49] 18:47:45.135 [pool-6-thread-49] DEBUG c.h.p.o.d.StatefulSetResource - [helmvolu] Desired StatefulSet (3 replicas) for status ROLLING_RESTART (RESTART_PODS_IN_PROGRESS)
2025-01-30 18:47:45,176 INFO c.h.h.t.HelmChartContainer - [hivemq-test-hivemq-platform] [hivemq-platform-operator] [3dd68f49] 18:47:45.175 [ReconcilerExecutor-hivemq-controller-112] INFO  c.h.p.o.HiveMQPlatformReconciler - [helmvolu] Reconciling HiveMQ Platform 'test-hivemq-platform' in namespace 'helmvolumeclaimtemplatesit'
2025-01-30 18:47:45,176 INFO c.h.h.t.HelmChartContainer - [hivemq-test-hivemq-platform] [hivemq-platform-operator] [3dd68f49] 18:47:45.175 [ReconcilerExecutor-hivemq-controller-112] DEBUG c.h.p.o.HiveMQPlatformReconciler - [helmvolu] Custom Resource Status ROLLING_RESTART - HiveMQ Platform is restarting Pods (rolling restart) (RESTART_PODS_IN_PROGRESS)
2025-01-30 18:47:45,176 INFO c.h.h.t.HelmChartContainer - [hivemq-test-hivemq-platform] [hivemq-platform-operator] [3dd68f49] 18:47:45.175 [ReconcilerExecutor-hivemq-controller-112] DEBUG c.h.p.o.HiveMQPlatformReconciler - [helmvolu] Custom Resource Spec (replicas: 2) (extensions: 1)
2025-01-30 18:47:45,178 INFO c.h.h.t.HelmChartContainer - [hivemq-test-hivemq-platform] [hivemq-platform-operator] [3dd68f49] 18:47:45.177 [ReconcilerExecutor-hivemq-controller-112] DEBUG c.h.p.o.HiveMQPlatformReconciler - [helmvolu] StatefulSet Status (revision: test-hivemq-platform-59475f86c9, replicas: 3, available: 2, ready: 2, current: 0, updated: 3)
2025-01-30 18:47:45,178 INFO c.h.h.t.HelmChartContainer - [hivemq-test-hivemq-platform] [hivemq-platform-operator] [3dd68f49] 18:47:45.177 [ReconcilerExecutor-hivemq-controller-112] DEBUG c.h.p.o.HiveMQPlatformReconciler - [helmvolu] StatefulSet Spec (replicas: 3, init containers: 1, containers: 1, volumes: 4)
2025-01-30 18:47:45,184 INFO c.h.h.t.HelmChartContainer - [hivemq-test-hivemq-platform] [hivemq-platform-operator] [3dd68f49] 18:47:45.179 [ReconcilerExecutor-hivemq-controller-112] DEBUG c.h.p.o.h.HiveMQPlatformReconcilerErrorHandler - [helmvolu] Pod 'test-hivemq-platform-2' phase Running
2025-01-30 18:47:45,184 INFO c.h.h.t.HelmChartContainer - [hivemq-test-hivemq-platform] [hivemq-platform-operator] [3dd68f49] 18:47:45.180 [ReconcilerExecutor-hivemq-controller-112] DEBUG c.h.p.o.h.HiveMQPlatformReconcilerErrorHandler - [helmvolu] Pod 'test-hivemq-platform-1' phase Running
2025-01-30 18:47:45,184 INFO c.h.h.t.HelmChartContainer - [hivemq-test-hivemq-platform] [hivemq-platform-operator] [3dd68f49] 18:47:45.181 [ReconcilerExecutor-hivemq-controller-112] DEBUG c.h.p.o.h.HiveMQPlatformReconcilerErrorHandler - [helmvolu] Pod 'test-hivemq-platform-0' phase Pending
2025-01-30 18:47:45,184 INFO c.h.h.t.HelmChartContainer - [hivemq-test-hivemq-platform] [hivemq-platform-operator] [3dd68f49] 18:47:45.181 [ReconcilerExecutor-hivemq-controller-112] DEBUG c.h.p.o.h.HiveMQPlatformReconcilerErrorHandler - [helmvolu] Pod 'test-hivemq-platform-0' condition 'PodReadyToStartContainers': False
2025-01-30 18:47:45,184 INFO c.h.h.t.HelmChartContainer - [hivemq-test-hivemq-platform] [hivemq-platform-operator] [3dd68f49] 18:47:45.181 [ReconcilerExecutor-hivemq-controller-112] DEBUG c.h.p.o.h.HiveMQPlatformReconcilerErrorHandler - [helmvolu] Pod 'test-hivemq-platform-0' condition 'Initialized': False
2025-01-30 18:47:45,184 INFO c.h.h.t.HelmChartContainer - [hivemq-test-hivemq-platform] [hivemq-platform-operator] [3dd68f49] 18:47:45.181 [ReconcilerExecutor-hivemq-controller-112] DEBUG c.h.p.o.h.HiveMQPlatformReconcilerErrorHandler - [helmvolu] Pod 'test-hivemq-platform-0' condition 'Ready': False
2025-01-30 18:47:45,184 INFO c.h.h.t.HelmChartContainer - [hivemq-test-hivemq-platform] [hivemq-platform-operator] [3dd68f49] 18:47:45.181 [ReconcilerExecutor-hivemq-controller-112] DEBUG c.h.p.o.h.HiveMQPlatformReconcilerErrorHandler - [helmvolu] Pod 'test-hivemq-platform-0' condition 'ContainersReady': False
2025-01-30 18:47:45,184 INFO c.h.h.t.HelmChartContainer - [hivemq-test-hivemq-platform] [hivemq-platform-operator] [3dd68f49] 18:47:45.181 [ReconcilerExecutor-hivemq-controller-112] DEBUG c.h.p.o.h.HiveMQPlatformReconcilerErrorHandler - [helmvolu] Pod 'test-hivemq-platform-0' condition 'PodScheduled': True
2025-01-30 18:47:45,184 INFO c.h.h.t.HelmChartContainer - [hivemq-test-hivemq-platform] [hivemq-platform-operator] [3dd68f49] 18:47:45.181 [ReconcilerExecutor-hivemq-controller-112] DEBUG c.h.p.o.h.HiveMQPlatformReconcilerErrorHandler - [helmvolu] Pod 'test-hivemq-platform-0' containerStatus 'hivemq' (started: false) (ready: false) (waiting: [PodInitializing] null)
2025-01-30 18:47:45,184 INFO c.h.h.t.HelmChartContainer - [hivemq-test-hivemq-platform] [hivemq-platform-operator] [3dd68f49] 18:47:45.182 [ReconcilerExecutor-hivemq-controller-112] DEBUG c.h.p.o.h.HiveMQPlatformReconcilerRollingRestartHandler - [helmvolu] Rolling restart is waiting for 2 of 3 replicas
2025-01-30 18:47:45,194 INFO c.h.h.t.HelmChartContainer - [test-hivemq-platform] [hivemq] [e7cb2377] INFO  - [HiveMQ Platform Operator Init App 1.7.0-SNAPSHOT] Returning Health API response 200 for liveness
2025-01-30 18:47:45,358 INFO c.h.h.t.HelmChartContainer - [EVENT] Normal [Pulled] Container image "docker.io/hivemq/hivemq-platform-operator-init-test:snapshot" already present on machine [helmvolumeclaimtemplatesit:test-hivemq-platform-0]
2025-01-30 18:47:45,365 INFO c.h.h.t.HelmChartContainer - [EVENT] Normal [Created] Created container: hivemq-platform-operator-init [helmvolumeclaimtemplatesit:test-hivemq-platform-0]
2025-01-30 18:47:45,404 INFO c.h.h.t.HelmChartContainer - [EVENT] Normal [Started] Started container hivemq-platform-operator-init [helmvolumeclaimtemplatesit:test-hivemq-platform-0]
2025-01-30 18:47:45,936 INFO c.h.h.t.HelmChartContainer - [EVENT] Normal [Pulled] Container image "docker.io/hivemq/hivemq4:4.36.0" already present on machine [helmvolumeclaimtemplatesit:test-hivemq-platform-0]
2025-01-30 18:47:45,936 INFO c.h.h.t.HelmChartContainer - Received Pulled event for container hivemq in pod test-hivemq-platform-0 [3b83b55f-8d0c-4a2f-81a4-09d3c001af27]
2025-01-30 18:47:45,945 INFO c.h.h.t.HelmChartContainer - [POD] test-hivemq-platform-0 [3b83b55f-8d0c-4a2f-81a4-09d3c001af27] in helmvolumeclaimtemplatesit was MODIFIED
2025-01-30 18:47:45,966 INFO c.h.h.t.HelmChartContainer - [hivemq-test-hivemq-platform] [hivemq-platform-operator] [3dd68f49] 18:47:45.948 [pool-6-thread-3] DEBUG c.h.p.o.d.PlatformServiceResource - [helmvolu] Desired Platform services (3 services)
2025-01-30 18:47:45,966 INFO c.h.h.t.HelmChartContainer - [hivemq-test-hivemq-platform] [hivemq-platform-operator] [3dd68f49] 18:47:45.952 [pool-6-thread-6] DEBUG c.h.p.o.d.PodServiceAccountResource - [helmvolu] Desired PodServiceAccountResource (serviceAccountName: hivemq-platform-pod-test-hivemq-platform)
2025-01-30 18:47:45,966 INFO c.h.h.t.HelmChartContainer - [hivemq-test-hivemq-platform] [hivemq-platform-operator] [3dd68f49] 18:47:45.952 [pool-6-thread-3] DEBUG c.h.p.o.dependants.PodInfoConfigMap - [helmvolu] Desired PodInfo ConfigMap (1 extensions) (1 enabled)
2025-01-30 18:47:45,966 INFO c.h.h.t.HelmChartContainer - [hivemq-test-hivemq-platform] [hivemq-platform-operator] [3dd68f49] 18:47:45.952 [pool-6-thread-3] DEBUG c.h.p.o.dependants.PodInfoConfigMap - [helmvolu] Desired PodInfo ConfigMap (metrics port: 9399) (metrics path: /)
2025-01-30 18:47:45,966 INFO c.h.h.t.HelmChartContainer - [hivemq-test-hivemq-platform] [hivemq-platform-operator] [3dd68f49] 18:47:45.952 [pool-6-thread-3] DEBUG c.h.p.o.dependants.PodInfoConfigMap - [helmvolu] Desired PodInfo ConfigMap (extension state hash: -1817474005)
2025-01-30 18:47:45,966 INFO c.h.h.t.HelmChartContainer - [hivemq-test-hivemq-platform] [hivemq-platform-operator] [3dd68f49] 18:47:45.954 [pool-6-thread-3] DEBUG c.h.p.o.d.StatefulSetResource - [helmvolu] Desired StatefulSet (3 replicas) for status ROLLING_RESTART (RESTART_PODS_IN_PROGRESS)
2025-01-30 18:47:45,966 INFO c.h.h.t.HelmChartContainer - [hivemq-test-hivemq-platform] [hivemq-platform-operator] [3dd68f49] 18:47:45.957 [ReconcilerExecutor-hivemq-controller-114] INFO  c.h.p.o.HiveMQPlatformReconciler - [helmvolu] Reconciling HiveMQ Platform 'test-hivemq-platform' in namespace 'helmvolumeclaimtemplatesit'
2025-01-30 18:47:45,966 INFO c.h.h.t.HelmChartContainer - [hivemq-test-hivemq-platform] [hivemq-platform-operator] [3dd68f49] 18:47:45.957 [ReconcilerExecutor-hivemq-controller-114] DEBUG c.h.p.o.HiveMQPlatformReconciler - [helmvolu] Custom Resource Status ROLLING_RESTART - HiveMQ Platform is restarting Pods (rolling restart) (RESTART_PODS_IN_PROGRESS)
2025-01-30 18:47:45,966 INFO c.h.h.t.HelmChartContainer - [hivemq-test-hivemq-platform] [hivemq-platform-operator] [3dd68f49] 18:47:45.957 [ReconcilerExecutor-hivemq-controller-114] DEBUG c.h.p.o.HiveMQPlatformReconciler - [helmvolu] Custom Resource Spec (replicas: 2) (extensions: 1)
2025-01-30 18:47:45,966 INFO c.h.h.t.HelmChartContainer - [hivemq-test-hivemq-platform] [hivemq-platform-operator] [3dd68f49] 18:47:45.958 [ReconcilerExecutor-hivemq-controller-114] DEBUG c.h.p.o.HiveMQPlatformReconciler - [helmvolu] StatefulSet Status (revision: test-hivemq-platform-59475f86c9, replicas: 3, available: 2, ready: 2, current: 0, updated: 3)
2025-01-30 18:47:45,966 INFO c.h.h.t.HelmChartContainer - [hivemq-test-hivemq-platform] [hivemq-platform-operator] [3dd68f49] 18:47:45.958 [ReconcilerExecutor-hivemq-controller-114] DEBUG c.h.p.o.HiveMQPlatformReconciler - [helmvolu] StatefulSet Spec (replicas: 3, init containers: 1, containers: 1, volumes: 4)
2025-01-30 18:47:45,973 INFO c.h.h.t.HelmChartContainer - [EVENT] Normal [Created] Created container: hivemq [helmvolumeclaimtemplatesit:test-hivemq-platform-0]
2025-01-30 18:47:45,973 INFO c.h.h.t.HelmChartContainer - Received Created event for container hivemq in pod test-hivemq-platform-0 [3b83b55f-8d0c-4a2f-81a4-09d3c001af27]
2025-01-30 18:47:45,975 INFO c.h.h.t.HelmChartContainer - [hivemq-test-hivemq-platform] [hivemq-platform-operator] [3dd68f49] 18:47:45.959 [ReconcilerExecutor-hivemq-controller-114] DEBUG c.h.p.o.h.HiveMQPlatformReconcilerErrorHandler - [helmvolu] Pod 'test-hivemq-platform-2' phase Running
2025-01-30 18:47:45,976 INFO c.h.h.t.HelmChartContainer - [hivemq-test-hivemq-platform] [hivemq-platform-operator] [3dd68f49] 18:47:45.964 [ReconcilerExecutor-hivemq-controller-114] DEBUG c.h.p.o.h.HiveMQPlatformReconcilerErrorHandler - [helmvolu] Pod 'test-hivemq-platform-1' phase Running
2025-01-30 18:47:45,976 INFO c.h.h.t.HelmChartContainer - [hivemq-test-hivemq-platform] [hivemq-platform-operator] [3dd68f49] 18:47:45.967 [ReconcilerExecutor-hivemq-controller-114] DEBUG c.h.p.o.h.HiveMQPlatformReconcilerErrorHandler - [helmvolu] Pod 'test-hivemq-platform-0' phase Pending
2025-01-30 18:47:45,976 INFO c.h.h.t.HelmChartContainer - [hivemq-test-hivemq-platform] [hivemq-platform-operator] [3dd68f49] 18:47:45.967 [ReconcilerExecutor-hivemq-controller-114] DEBUG c.h.p.o.h.HiveMQPlatformReconcilerErrorHandler - [helmvolu] Pod 'test-hivemq-platform-0' condition 'PodReadyToStartContainers': True
2025-01-30 18:47:45,976 INFO c.h.h.t.HelmChartContainer - [hivemq-test-hivemq-platform] [hivemq-platform-operator] [3dd68f49] 18:47:45.967 [ReconcilerExecutor-hivemq-controller-114] DEBUG c.h.p.o.h.HiveMQPlatformReconcilerErrorHandler - [helmvolu] Pod 'test-hivemq-platform-0' condition 'Initialized': True
2025-01-30 18:47:45,976 INFO c.h.h.t.HelmChartContainer - [hivemq-test-hivemq-platform] [hivemq-platform-operator] [3dd68f49] 18:47:45.967 [ReconcilerExecutor-hivemq-controller-114] DEBUG c.h.p.o.h.HiveMQPlatformReconcilerErrorHandler - [helmvolu] Pod 'test-hivemq-platform-0' condition 'Ready': False
2025-01-30 18:47:45,976 INFO c.h.h.t.HelmChartContainer - [hivemq-test-hivemq-platform] [hivemq-platform-operator] [3dd68f49] 18:47:45.967 [ReconcilerExecutor-hivemq-controller-114] DEBUG c.h.p.o.h.HiveMQPlatformReconcilerErrorHandler - [helmvolu] Pod 'test-hivemq-platform-0' condition 'ContainersReady': False
2025-01-30 18:47:45,976 INFO c.h.h.t.HelmChartContainer - [hivemq-test-hivemq-platform] [hivemq-platform-operator] [3dd68f49] 18:47:45.967 [ReconcilerExecutor-hivemq-controller-114] DEBUG c.h.p.o.h.HiveMQPlatformReconcilerErrorHandler - [helmvolu] Pod 'test-hivemq-platform-0' condition 'PodScheduled': True
2025-01-30 18:47:45,976 INFO c.h.h.t.HelmChartContainer - [hivemq-test-hivemq-platform] [hivemq-platform-operator] [3dd68f49] 18:47:45.967 [ReconcilerExecutor-hivemq-controller-114] DEBUG c.h.p.o.h.HiveMQPlatformReconcilerErrorHandler - [helmvolu] Pod 'test-hivemq-platform-0' containerStatus 'hivemq' (started: false) (ready: false) (waiting: [PodInitializing] null)
2025-01-30 18:47:45,976 INFO c.h.h.t.HelmChartContainer - [hivemq-test-hivemq-platform] [hivemq-platform-operator] [3dd68f49] 18:47:45.971 [ReconcilerExecutor-hivemq-controller-114] DEBUG c.h.p.o.h.HiveMQPlatformReconcilerRollingRestartHandler - [helmvolu] Rolling restart is waiting for 2 of 3 replicas
2025-01-30 18:47:46,302 INFO c.h.h.t.HelmChartContainer - [K3S] [kubelet_volumes.go:163] "Cleaned up orphaned pod volumes dir" podUID="bd9e3d15-73d4-4923-9341-3b6fa14c2287" path="/var/lib/kubelet/pods/bd9e3d15-73d4-4923-9341-3b6fa14c2287/volumes"
2025-01-30 18:47:46,945 INFO c.h.h.t.HelmChartContainer - [POD] test-hivemq-platform-0 [3b83b55f-8d0c-4a2f-81a4-09d3c001af27] in helmvolumeclaimtemplatesit was MODIFIED
2025-01-30 18:47:46,954 INFO c.h.h.t.HelmChartContainer - [hivemq-test-hivemq-platform] [hivemq-platform-operator] [3dd68f49] 18:47:46.952 [pool-6-thread-16] DEBUG c.h.p.o.d.PlatformServiceResource - [helmvolu] Desired Platform services (3 services)
2025-01-30 18:47:46,955 INFO c.h.h.t.HelmChartContainer - [hivemq-test-hivemq-platform] [hivemq-platform-operator] [3dd68f49] 18:47:46.953 [pool-6-thread-14] DEBUG c.h.p.o.dependants.PodInfoConfigMap - [helmvolu] Desired PodInfo ConfigMap (1 extensions) (1 enabled)
2025-01-30 18:47:46,957 INFO c.h.h.t.HelmChartContainer - [EVENT] Normal [Started] Started container hivemq [helmvolumeclaimtemplatesit:test-hivemq-platform-0]
2025-01-30 18:47:46,957 INFO c.h.h.t.HelmChartContainer - Received Started event for container hivemq in pod test-hivemq-platform-0 [3b83b55f-8d0c-4a2f-81a4-09d3c001af27]
2025-01-30 18:47:46,957 INFO c.h.h.t.HelmChartContainer - Started log watcher for hivemq in pod test-hivemq-platform-0 [3b83b55f-8d0c-4a2f-81a4-09d3c001af27]
2025-01-30 18:47:46,957 INFO c.h.h.t.HelmChartContainer - [test-hivemq-platform] [hivemq] [3b83b55f] Adding pre-installed HiveMQ Platform Operator extensions
2025-01-30 18:47:46,957 INFO c.h.h.t.HelmChartContainer - [test-hivemq-platform] [hivemq] [3b83b55f] Running as user 10000
2025-01-30 18:47:46,957 INFO c.h.h.t.HelmChartContainer - [test-hivemq-platform] [hivemq] [3b83b55f] Starting HiveMQ Platform Operator Init
2025-01-30 18:47:46,958 INFO c.h.h.t.HelmChartContainer - [hivemq-test-hivemq-platform] [hivemq-platform-operator] [3dd68f49] 18:47:46.954 [pool-6-thread-13] DEBUG c.h.p.o.d.PodServiceAccountResource - [helmvolu] Desired PodServiceAccountResource (serviceAccountName: hivemq-platform-pod-test-hivemq-platform)
2025-01-30 18:47:46,958 INFO c.h.h.t.HelmChartContainer - [hivemq-test-hivemq-platform] [hivemq-platform-operator] [3dd68f49] 18:47:46.956 [pool-6-thread-14] DEBUG c.h.p.o.dependants.PodInfoConfigMap - [helmvolu] Desired PodInfo ConfigMap (metrics port: 9399) (metrics path: /)
2025-01-30 18:47:46,959 INFO c.h.h.t.HelmChartContainer - [hivemq-test-hivemq-platform] [hivemq-platform-operator] [3dd68f49] 18:47:46.957 [pool-6-thread-14] DEBUG c.h.p.o.dependants.PodInfoConfigMap - [helmvolu] Desired PodInfo ConfigMap (extension state hash: -1817474005)
2025-01-30 18:47:46,961 INFO c.h.h.t.HelmChartContainer - [hivemq-test-hivemq-platform] [hivemq-platform-operator] [3dd68f49] 18:47:46.959 [pool-6-thread-16] DEBUG c.h.p.o.d.StatefulSetResource - [helmvolu] Desired StatefulSet (3 replicas) for status ROLLING_RESTART (RESTART_PODS_IN_PROGRESS)
2025-01-30 18:47:46,965 INFO c.h.h.t.HelmChartContainer - [hivemq-test-hivemq-platform] [hivemq-platform-operator] [3dd68f49] 18:47:46.962 [ReconcilerExecutor-hivemq-controller-115] INFO  c.h.p.o.HiveMQPlatformReconciler - [helmvolu] Reconciling HiveMQ Platform 'test-hivemq-platform' in namespace 'helmvolumeclaimtemplatesit'
2025-01-30 18:47:46,965 INFO c.h.h.t.HelmChartContainer - [hivemq-test-hivemq-platform] [hivemq-platform-operator] [3dd68f49] 18:47:46.962 [ReconcilerExecutor-hivemq-controller-115] DEBUG c.h.p.o.HiveMQPlatformReconciler - [helmvolu] Custom Resource Status ROLLING_RESTART - HiveMQ Platform is restarting Pods (rolling restart) (RESTART_PODS_IN_PROGRESS)
2025-01-30 18:47:46,965 INFO c.h.h.t.HelmChartContainer - [hivemq-test-hivemq-platform] [hivemq-platform-operator] [3dd68f49] 18:47:46.962 [ReconcilerExecutor-hivemq-controller-115] DEBUG c.h.p.o.HiveMQPlatformReconciler - [helmvolu] Custom Resource Spec (replicas: 2) (extensions: 1)
2025-01-30 18:47:46,965 INFO c.h.h.t.HelmChartContainer - [hivemq-test-hivemq-platform] [hivemq-platform-operator] [3dd68f49] 18:47:46.963 [ReconcilerExecutor-hivemq-controller-115] DEBUG c.h.p.o.HiveMQPlatformReconciler - [helmvolu] StatefulSet Status (revision: test-hivemq-platform-59475f86c9, replicas: 3, available: 2, ready: 2, current: 0, updated: 3)
2025-01-30 18:47:46,966 INFO c.h.h.t.HelmChartContainer - [hivemq-test-hivemq-platform] [hivemq-platform-operator] [3dd68f49] 18:47:46.963 [ReconcilerExecutor-hivemq-controller-115] DEBUG c.h.p.o.HiveMQPlatformReconciler - [helmvolu] StatefulSet Spec (replicas: 3, init containers: 1, containers: 1, volumes: 4)
2025-01-30 18:47:46,966 INFO c.h.h.t.HelmChartContainer - [hivemq-test-hivemq-platform] [hivemq-platform-operator] [3dd68f49] 18:47:46.965 [ReconcilerExecutor-hivemq-controller-115] DEBUG c.h.p.o.h.HiveMQPlatformReconcilerErrorHandler - [helmvolu] Pod 'test-hivemq-platform-2' phase Running
2025-01-30 18:47:46,968 INFO c.h.h.t.HelmChartContainer - [hivemq-test-hivemq-platform] [hivemq-platform-operator] [3dd68f49] 18:47:46.967 [ReconcilerExecutor-hivemq-controller-115] DEBUG c.h.p.o.h.HiveMQPlatformReconcilerErrorHandler - [helmvolu] Pod 'test-hivemq-platform-1' phase Running
2025-01-30 18:47:46,969 INFO c.h.h.t.HelmChartContainer - [hivemq-test-hivemq-platform] [hivemq-platform-operator] [3dd68f49] 18:47:46.968 [ReconcilerExecutor-hivemq-controller-115] DEBUG c.h.p.o.h.HiveMQPlatformReconcilerErrorHandler - [helmvolu] Pod 'test-hivemq-platform-0' phase Running
2025-01-30 18:47:46,970 INFO c.h.h.t.HelmChartContainer - [hivemq-test-hivemq-platform] [hivemq-platform-operator] [3dd68f49] 18:47:46.969 [ReconcilerExecutor-hivemq-controller-115] DEBUG c.h.p.o.h.HiveMQPlatformReconcilerRollingRestartHandler - [helmvolu] Rolling restart is waiting for 2 of 3 replicas
2025-01-30 18:47:47,233 INFO c.h.h.t.HelmChartContainer - [test-hivemq-platform] [hivemq] [3b83b55f] INFO  - [HiveMQ Platform Operator Init 1.7.0-SNAPSHOT] HiveMQ Platform Operator Init 1.7.0-SNAPSHOT (commit: 47e3375 on branch: HEAD) built on Thu Jan 30 03:55:50 UTC 2025
2025-01-30 18:47:48,341 INFO c.h.h.t.HelmChartContainer - [test-hivemq-platform] [hivemq] [3b83b55f] INFO  - [HiveMQ Platform Operator Init App 1.7.0-SNAPSHOT] Using bind address 10.42.0.15 from environment variable
2025-01-30 18:47:49,283 INFO c.h.h.t.HelmChartContainer - [test-hivemq-platform] [hivemq] [3b83b55f] INFO  - [HiveMQ Platform Operator Init App 1.7.0-SNAPSHOT] HiveMQ Platform Operator Init App 1.7.0-SNAPSHOT (commit: 47e3375 on branch: HEAD) built on Thu Jan 30 03:55:50 UTC 2025
2025-01-30 18:47:49,283 INFO c.h.h.t.HelmChartContainer - [test-hivemq-platform] [hivemq] [3b83b55f] INFO  - [HiveMQ Platform Operator Init App 1.7.0-SNAPSHOT] PodInfo ConfigMap directory: /etc/podinfo
2025-01-30 18:47:49,283 INFO c.h.h.t.HelmChartContainer - [test-hivemq-platform] [hivemq] [3b83b55f] INFO  - [HiveMQ Platform Operator Init App 1.7.0-SNAPSHOT] HiveMQ home directory: /opt/hivemq
2025-01-30 18:47:49,283 INFO c.h.h.t.HelmChartContainer - [test-hivemq-platform] [hivemq] [3b83b55f] INFO  - [HiveMQ Platform Operator Init App 1.7.0-SNAPSHOT] HiveMQ Logback folder: /opt/hivemq/conf
2025-01-30 18:47:49,283 INFO c.h.h.t.HelmChartContainer - [test-hivemq-platform] [hivemq] [3b83b55f] INFO  - [HiveMQ Platform Operator Init App 1.7.0-SNAPSHOT] HiveMQ Config folder: /opt/hivemq/conf-k8s
2025-01-30 18:47:49,284 INFO c.h.h.t.HelmChartContainer - [test-hivemq-platform] [hivemq] [3b83b55f] INFO  - [HiveMQ Platform Operator Init App 1.7.0-SNAPSHOT] Starting HiveMQ Platform Operator Init App
2025-01-30 18:47:49,285 INFO c.h.h.t.HelmChartContainer - [test-hivemq-platform] [hivemq] [3b83b55f] INFO  - [HiveMQ Platform Operator Init App 1.7.0-SNAPSHOT] Starting Pod reconciler
2025-01-30 18:47:50,588 INFO c.h.h.t.HelmChartContainer - [test-hivemq-platform] [hivemq] [3b83b55f] INFO  - [HiveMQ Platform Operator Init App 1.7.0-SNAPSHOT] Pod reconciler is scheduled (interval: 5000 ms)
2025-01-30 18:47:50,589 INFO c.h.h.t.HelmChartContainer - [test-hivemq-platform] [hivemq] [3b83b55f] INFO  - [HiveMQ Platform Operator Init App 1.7.0-SNAPSHOT] Starting the REST API on 10.42.0.15:7979
2025-01-30 18:47:50,591 INFO c.h.h.t.HelmChartContainer - [test-hivemq-platform] [hivemq] [3b83b55f] INFO  - [HiveMQ Platform Operator Init App 1.7.0-SNAPSHOT] Waiting up to 600s for at most 3 HiveMQ nodes in cluster service hivemq-test-hivemq-platform-cluster.helmvolumeclaimtemplatesit.svc
2025-01-30 18:47:50,930 INFO c.h.h.t.HelmChartContainer - [test-hivemq-platform] [hivemq] [3b83b55f] INFO  - [HiveMQ Platform Operator Init App 1.7.0-SNAPSHOT] Resolved 3 IP addresses: [10.42.0.15, 10.42.0.13, 10.42.0.14]
2025-01-30 18:47:50,930 INFO c.h.h.t.HelmChartContainer - [test-hivemq-platform] [hivemq] [3b83b55f] INFO  - [HiveMQ Platform Operator Init App 1.7.0-SNAPSHOT] HiveMQ node count of 3 is within threshold of 3
2025-01-30 18:47:50,930 INFO c.h.h.t.HelmChartContainer - [test-hivemq-platform] [hivemq] [3b83b55f] INFO  - [HiveMQ Platform Operator Init App 1.7.0-SNAPSHOT] Waiting 15s for previous shutdown replication to finish...
2025-01-30 18:47:52,945 INFO c.h.h.t.HelmChartContainer - [test-hivemq-platform] [hivemq] [3b83b55f] INFO  - [HiveMQ Platform Operator Init App 1.7.0-SNAPSHOT] Returning default Health API response 503 for readiness
2025-01-30 18:47:53,036 INFO c.h.h.t.HelmChartContainer - [EVENT] Warning [Unhealthy] Readiness probe failed: HTTP probe failed with statuscode: 503 [helmvolumeclaimtemplatesit:test-hivemq-platform-0]
2025-01-30 18:47:53,036 INFO c.h.h.t.HelmChartContainer - Received Unhealthy event for container hivemq in pod test-hivemq-platform-0 [3b83b55f-8d0c-4a2f-81a4-09d3c001af27]
2025-01-30 18:47:56,974 INFO c.h.h.t.HelmChartContainer - [hivemq-test-hivemq-platform] [hivemq-platform-operator] [3dd68f49] 18:47:56.971 [pool-6-thread-24] DEBUG c.h.p.o.d.PlatformServiceResource - [helmvolu] Desired Platform services (3 services)
2025-01-30 18:47:56,974 INFO c.h.h.t.HelmChartContainer - [hivemq-test-hivemq-platform] [hivemq-platform-operator] [3dd68f49] 18:47:56.972 [pool-6-thread-27] DEBUG c.h.p.o.d.PodServiceAccountResource - [helmvolu] Desired PodServiceAccountResource (serviceAccountName: hivemq-platform-pod-test-hivemq-platform)
2025-01-30 18:47:56,974 INFO c.h.h.t.HelmChartContainer - [hivemq-test-hivemq-platform] [hivemq-platform-operator] [3dd68f49] 18:47:56.973 [pool-6-thread-30] DEBUG c.h.p.o.dependants.PodInfoConfigMap - [helmvolu] Desired PodInfo ConfigMap (1 extensions) (1 enabled)
2025-01-30 18:47:56,974 INFO c.h.h.t.HelmChartContainer - [hivemq-test-hivemq-platform] [hivemq-platform-operator] [3dd68f49] 18:47:56.973 [pool-6-thread-30] DEBUG c.h.p.o.dependants.PodInfoConfigMap - [helmvolu] Desired PodInfo ConfigMap (metrics port: 9399) (metrics path: /)
2025-01-30 18:47:56,974 INFO c.h.h.t.HelmChartContainer - [hivemq-test-hivemq-platform] [hivemq-platform-operator] [3dd68f49] 18:47:56.973 [pool-6-thread-30] DEBUG c.h.p.o.dependants.PodInfoConfigMap - [helmvolu] Desired PodInfo ConfigMap (extension state hash: -1817474005)
2025-01-30 18:47:56,975 INFO c.h.h.t.HelmChartContainer - [hivemq-test-hivemq-platform] [hivemq-platform-operator] [3dd68f49] 18:47:56.975 [pool-6-thread-24] DEBUG c.h.p.o.d.StatefulSetResource - [helmvolu] Desired StatefulSet (3 replicas) for status ROLLING_RESTART (RESTART_PODS_IN_PROGRESS)
2025-01-30 18:47:56,978 INFO c.h.h.t.HelmChartContainer - [hivemq-test-hivemq-platform] [hivemq-platform-operator] [3dd68f49] 18:47:56.977 [ReconcilerExecutor-hivemq-controller-116] INFO  c.h.p.o.HiveMQPlatformReconciler - [helmvolu] Reconciling HiveMQ Platform 'test-hivemq-platform' in namespace 'helmvolumeclaimtemplatesit'
2025-01-30 18:47:56,978 INFO c.h.h.t.HelmChartContainer - [hivemq-test-hivemq-platform] [hivemq-platform-operator] [3dd68f49] 18:47:56.977 [ReconcilerExecutor-hivemq-controller-116] DEBUG c.h.p.o.HiveMQPlatformReconciler - [helmvolu] Custom Resource Status ROLLING_RESTART - HiveMQ Platform is restarting Pods (rolling restart) (RESTART_PODS_IN_PROGRESS)
2025-01-30 18:47:56,978 INFO c.h.h.t.HelmChartContainer - [hivemq-test-hivemq-platform] [hivemq-platform-operator] [3dd68f49] 18:47:56.977 [ReconcilerExecutor-hivemq-controller-116] DEBUG c.h.p.o.HiveMQPlatformReconciler - [helmvolu] Custom Resource Spec (replicas: 2) (extensions: 1)
2025-01-30 18:47:56,981 INFO c.h.h.t.HelmChartContainer - [hivemq-test-hivemq-platform] [hivemq-platform-operator] [3dd68f49] 18:47:56.978 [ReconcilerExecutor-hivemq-controller-116] DEBUG c.h.p.o.HiveMQPlatformReconciler - [helmvolu] StatefulSet Status (revision: test-hivemq-platform-59475f86c9, replicas: 3, available: 2, ready: 2, current: 0, updated: 3)
2025-01-30 18:47:56,981 INFO c.h.h.t.HelmChartContainer - [hivemq-test-hivemq-platform] [hivemq-platform-operator] [3dd68f49] 18:47:56.978 [ReconcilerExecutor-hivemq-controller-116] DEBUG c.h.p.o.HiveMQPlatformReconciler - [helmvolu] StatefulSet Spec (replicas: 3, init containers: 1, containers: 1, volumes: 4)
2025-01-30 18:47:56,981 INFO c.h.h.t.HelmChartContainer - [hivemq-test-hivemq-platform] [hivemq-platform-operator] [3dd68f49] 18:47:56.980 [ReconcilerExecutor-hivemq-controller-116] DEBUG c.h.p.o.h.HiveMQPlatformReconcilerErrorHandler - [helmvolu] Pod 'test-hivemq-platform-2' phase Running
2025-01-30 18:47:56,985 INFO c.h.h.t.HelmChartContainer - [hivemq-test-hivemq-platform] [hivemq-platform-operator] [3dd68f49] 18:47:56.983 [ReconcilerExecutor-hivemq-controller-116] DEBUG c.h.p.o.h.HiveMQPlatformReconcilerErrorHandler - [helmvolu] Pod 'test-hivemq-platform-1' phase Running
2025-01-30 18:47:56,985 INFO c.h.h.t.HelmChartContainer - [hivemq-test-hivemq-platform] [hivemq-platform-operator] [3dd68f49] 18:47:56.984 [ReconcilerExecutor-hivemq-controller-116] DEBUG c.h.p.o.h.HiveMQPlatformReconcilerErrorHandler - [helmvolu] Pod 'test-hivemq-platform-0' phase Running
2025-01-30 18:47:56,985 INFO c.h.h.t.HelmChartContainer - [hivemq-test-hivemq-platform] [hivemq-platform-operator] [3dd68f49] 18:47:56.984 [ReconcilerExecutor-hivemq-controller-116] DEBUG c.h.p.o.h.HiveMQPlatformReconcilerRollingRestartHandler - [helmvolu] Rolling restart is waiting for 2 of 3 replicas
2025-01-30 18:47:57,989 INFO c.h.h.t.HelmChartContainer - [EVENT] Warning [Unhealthy] Readiness probe failed: HTTP probe failed with statuscode: 503 [helmvolumeclaimtemplatesit:test-hivemq-platform-0]
2025-01-30 18:47:57,989 INFO c.h.h.t.HelmChartContainer - Received Unhealthy event for container hivemq in pod test-hivemq-platform-0 [3b83b55f-8d0c-4a2f-81a4-09d3c001af27]
2025-01-30 18:47:58,092 INFO c.h.h.t.HelmChartContainer - [test-hivemq-platform] [hivemq] [3b83b55f] INFO  - [HiveMQ Platform Operator Init App 1.7.0-SNAPSHOT] Updating Pod HiveMQ Platform Operator Init App version annotation (version: 1.7.0-SNAPSHOT)
2025-01-30 18:47:58,492 INFO c.h.h.t.HelmChartContainer - [POD] test-hivemq-platform-0 [3b83b55f-8d0c-4a2f-81a4-09d3c001af27] in helmvolumeclaimtemplatesit was MODIFIED
2025-01-30 18:47:58,499 INFO c.h.h.t.HelmChartContainer - [test-hivemq-platform] [hivemq] [3b83b55f] INFO  - [HiveMQ Platform Operator Init App 1.7.0-SNAPSHOT] Successfully updated Pod HiveMQ Platform Operator Init App version annotation (version: 1.7.0-SNAPSHOT)
2025-01-30 18:47:58,501 INFO c.h.h.t.HelmChartContainer - [EVENT] Warning [Unhealthy] Readiness probe failed: HTTP probe failed with statuscode: 503 [helmvolumeclaimtemplatesit:test-hivemq-platform-0]
2025-01-30 18:47:58,501 INFO c.h.h.t.HelmChartContainer - Received Unhealthy event for container hivemq in pod test-hivemq-platform-0 [3b83b55f-8d0c-4a2f-81a4-09d3c001af27]
2025-01-30 18:47:58,504 INFO c.h.h.t.HelmChartContainer - [hivemq-test-hivemq-platform] [hivemq-platform-operator] [3dd68f49] 18:47:58.500 [pool-6-thread-36] DEBUG c.h.p.o.d.PlatformServiceResource - [helmvolu] Desired Platform services (3 services)
2025-01-30 18:47:58,505 INFO c.h.h.t.HelmChartContainer - [hivemq-test-hivemq-platform] [hivemq-platform-operator] [3dd68f49] 18:47:58.501 [pool-6-thread-31] DEBUG c.h.p.o.dependants.PodInfoConfigMap - [helmvolu] Desired PodInfo ConfigMap (1 extensions) (1 enabled)
2025-01-30 18:47:58,506 INFO c.h.h.t.HelmChartContainer - [hivemq-test-hivemq-platform] [hivemq-platform-operator] [3dd68f49] 18:47:58.504 [pool-6-thread-31] DEBUG c.h.p.o.dependants.PodInfoConfigMap - [helmvolu] Desired PodInfo ConfigMap (metrics port: 9399) (metrics path: /)
2025-01-30 18:47:58,506 INFO c.h.h.t.HelmChartContainer - [hivemq-test-hivemq-platform] [hivemq-platform-operator] [3dd68f49] 18:47:58.504 [pool-6-thread-31] DEBUG c.h.p.o.dependants.PodInfoConfigMap - [helmvolu] Desired PodInfo ConfigMap (extension state hash: -1817474005)
2025-01-30 18:47:58,507 INFO c.h.h.t.HelmChartContainer - [hivemq-test-hivemq-platform] [hivemq-platform-operator] [3dd68f49] 18:47:58.505 [pool-6-thread-33] DEBUG c.h.p.o.d.PodServiceAccountResource - [helmvolu] Desired PodServiceAccountResource (serviceAccountName: hivemq-platform-pod-test-hivemq-platform)
2025-01-30 18:47:58,509 INFO c.h.h.t.HelmChartContainer - [hivemq-test-hivemq-platform] [hivemq-platform-operator] [3dd68f49] 18:47:58.508 [pool-6-thread-34] DEBUG c.h.p.o.d.StatefulSetResource - [helmvolu] Desired StatefulSet (3 replicas) for status ROLLING_RESTART (RESTART_PODS_IN_PROGRESS)
2025-01-30 18:47:58,511 INFO c.h.h.t.HelmChartContainer - [hivemq-test-hivemq-platform] [hivemq-platform-operator] [3dd68f49] 18:47:58.510 [ReconcilerExecutor-hivemq-controller-117] INFO  c.h.p.o.HiveMQPlatformReconciler - [helmvolu] Reconciling HiveMQ Platform 'test-hivemq-platform' in namespace 'helmvolumeclaimtemplatesit'
2025-01-30 18:47:58,511 INFO c.h.h.t.HelmChartContainer - [hivemq-test-hivemq-platform] [hivemq-platform-operator] [3dd68f49] 18:47:58.510 [ReconcilerExecutor-hivemq-controller-117] DEBUG c.h.p.o.HiveMQPlatformReconciler - [helmvolu] Custom Resource Status ROLLING_RESTART - HiveMQ Platform is restarting Pods (rolling restart) (RESTART_PODS_IN_PROGRESS)
2025-01-30 18:47:58,511 INFO c.h.h.t.HelmChartContainer - [hivemq-test-hivemq-platform] [hivemq-platform-operator] [3dd68f49] 18:47:58.510 [ReconcilerExecutor-hivemq-controller-117] DEBUG c.h.p.o.HiveMQPlatformReconciler - [helmvolu] Custom Resource Spec (replicas: 2) (extensions: 1)
2025-01-30 18:47:58,512 INFO c.h.h.t.HelmChartContainer - [hivemq-test-hivemq-platform] [hivemq-platform-operator] [3dd68f49] 18:47:58.511 [ReconcilerExecutor-hivemq-controller-117] DEBUG c.h.p.o.HiveMQPlatformReconciler - [helmvolu] StatefulSet Status (revision: test-hivemq-platform-59475f86c9, replicas: 3, available: 2, ready: 2, current: 0, updated: 3)
2025-01-30 18:47:58,512 INFO c.h.h.t.HelmChartContainer - [hivemq-test-hivemq-platform] [hivemq-platform-operator] [3dd68f49] 18:47:58.511 [ReconcilerExecutor-hivemq-controller-117] DEBUG c.h.p.o.HiveMQPlatformReconciler - [helmvolu] StatefulSet Spec (replicas: 3, init containers: 1, containers: 1, volumes: 4)
2025-01-30 18:47:58,513 INFO c.h.h.t.HelmChartContainer - [hivemq-test-hivemq-platform] [hivemq-platform-operator] [3dd68f49] 18:47:58.513 [ReconcilerExecutor-hivemq-controller-117] DEBUG c.h.p.o.h.HiveMQPlatformReconcilerErrorHandler - [helmvolu] Pod 'test-hivemq-platform-2' phase Running
2025-01-30 18:47:58,514 INFO c.h.h.t.HelmChartContainer - [hivemq-test-hivemq-platform] [hivemq-platform-operator] [3dd68f49] 18:47:58.514 [ReconcilerExecutor-hivemq-controller-117] DEBUG c.h.p.o.h.HiveMQPlatformReconcilerErrorHandler - [helmvolu] Pod 'test-hivemq-platform-1' phase Running
2025-01-30 18:47:58,516 INFO c.h.h.t.HelmChartContainer - [hivemq-test-hivemq-platform] [hivemq-platform-operator] [3dd68f49] 18:47:58.515 [ReconcilerExecutor-hivemq-controller-117] DEBUG c.h.p.o.h.HiveMQPlatformReconcilerErrorHandler - [helmvolu] Pod 'test-hivemq-platform-0' phase Running
2025-01-30 18:47:58,516 INFO c.h.h.t.HelmChartContainer - [hivemq-test-hivemq-platform] [hivemq-platform-operator] [3dd68f49] 18:47:58.515 [ReconcilerExecutor-hivemq-controller-117] DEBUG c.h.p.o.h.HiveMQPlatformReconcilerRollingRestartHandler - [helmvolu] Rolling restart is waiting for 2 of 3 replicas
2025-01-30 18:48:03,497 INFO c.h.h.t.HelmChartContainer - [EVENT] Warning [Unhealthy] Readiness probe failed: HTTP probe failed with statuscode: 503 [helmvolumeclaimtemplatesit:test-hivemq-platform-0]
2025-01-30 18:48:03,497 INFO c.h.h.t.HelmChartContainer - Received Unhealthy event for container hivemq in pod test-hivemq-platform-0 [3b83b55f-8d0c-4a2f-81a4-09d3c001af27]
2025-01-30 18:48:05,930 INFO c.h.h.t.HelmChartContainer - [test-hivemq-platform] [hivemq] [3b83b55f] INFO  - [HiveMQ Platform Operator Init App 1.7.0-SNAPSHOT] Proceeding with container start
2025-01-30 18:48:05,933 INFO c.h.h.t.HelmChartContainer - [test-hivemq-platform] [hivemq] [3b83b55f] INFO  - [HiveMQ Platform Operator Init App 1.7.0-SNAPSHOT] Initializing HiveMQ Platform extensions with initial configuration: {hivemq-allow-all-extension={start-priority=-1, skip-https-hostname-verification=false, restart=true, config-version=0, header-version=0, c-uri=, priority=-1, uri=preinstalled, skip-https-certificate-validation=false, enabled=true}, hivemq-prometheus-extension={restart=true, enabled=true, request-header-path=no-request-headers, uri=preinstalled, skip-https-certificate-validation=false, skip-https-hostname-verification=false, c-uri=, start-priority=-1, priority=-1}}
2025-01-30 18:48:06,335 INFO c.h.h.t.HelmChartContainer - [test-hivemq-platform] [hivemq] [3b83b55f] INFO  - [HiveMQ Platform Operator Init App 1.7.0-SNAPSHOT] Extension hivemq-allow-all-extension was already enabled
2025-01-30 18:48:06,345 INFO c.h.h.t.HelmChartContainer - [test-hivemq-platform] [hivemq] [3b83b55f] INFO  - [HiveMQ Platform Operator Init App 1.7.0-SNAPSHOT] Successfully enabled extension hivemq-prometheus-extension
2025-01-30 18:48:06,424 INFO c.h.h.t.HelmChartContainer - [test-hivemq-platform] [hivemq] [3b83b55f] INFO  - [HiveMQ Platform Operator Init App 1.7.0-SNAPSHOT] Starting HiveMQ Platform version 4.36.0 (4.36.0)
2025-01-30 18:48:06,424 INFO c.h.h.t.HelmChartContainer - [test-hivemq-platform] [hivemq] [3b83b55f] INFO  - [HiveMQ Platform Operator Init App 1.7.0-SNAPSHOT] Configuring the HiveMQ Platform
2025-01-30 18:48:06,435 INFO c.h.h.t.HelmChartContainer - [test-hivemq-platform] [hivemq] [3b83b55f] INFO  - [HiveMQ Platform Operator Init App 1.7.0-SNAPSHOT] Changed logback.xml file scan period to 20 seconds
2025-01-30 18:48:06,530 INFO c.h.h.t.HelmChartContainer - [test-hivemq-platform] [hivemq] [3b83b55f] INFO  - [HiveMQ Platform Operator Init App 1.7.0-SNAPSHOT] Starting the HiveMQ Platform
2025-01-30 18:48:06,534 INFO c.h.h.t.HelmChartContainer - [test-hivemq-platform] [hivemq] [3b83b55f] -------------------------------------------------------------------------
2025-01-30 18:48:06,535 INFO c.h.h.t.HelmChartContainer - [test-hivemq-platform] [hivemq] [3b83b55f] 
2025-01-30 18:48:06,537 INFO c.h.h.t.HelmChartContainer - [test-hivemq-platform] [hivemq] [3b83b55f]                   _    _  _              __  __   ____
2025-01-30 18:48:06,537 INFO c.h.h.t.HelmChartContainer - [test-hivemq-platform] [hivemq] [3b83b55f]                  | |  | |(_)            |  \/  | / __ \
2025-01-30 18:48:06,537 INFO c.h.h.t.HelmChartContainer - [test-hivemq-platform] [hivemq] [3b83b55f]                  | |__| | _ __   __ ___ | \  / || |  | |
2025-01-30 18:48:06,537 INFO c.h.h.t.HelmChartContainer - [test-hivemq-platform] [hivemq] [3b83b55f]                  |  __  || |\ \ / // _ \| |\/| || |  | |
2025-01-30 18:48:06,537 INFO c.h.h.t.HelmChartContainer - [test-hivemq-platform] [hivemq] [3b83b55f]                  | |  | || | \ V /|  __/| |  | || |__| |
2025-01-30 18:48:06,537 INFO c.h.h.t.HelmChartContainer - [test-hivemq-platform] [hivemq] [3b83b55f]                  |_|  |_||_|  \_/  \___||_|  |_| \___\_\
2025-01-30 18:48:06,537 INFO c.h.h.t.HelmChartContainer - [test-hivemq-platform] [hivemq] [3b83b55f] 
2025-01-30 18:48:06,537 INFO c.h.h.t.HelmChartContainer - [test-hivemq-platform] [hivemq] [3b83b55f] -------------------------------------------------------------------------
2025-01-30 18:48:06,537 INFO c.h.h.t.HelmChartContainer - [test-hivemq-platform] [hivemq] [3b83b55f] 
2025-01-30 18:48:06,537 INFO c.h.h.t.HelmChartContainer - [test-hivemq-platform] [hivemq] [3b83b55f]   HiveMQ Start Script for Linux/Unix v1.14
2025-01-30 18:48:06,537 INFO c.h.h.t.HelmChartContainer - [test-hivemq-platform] [hivemq] [3b83b55f] 
2025-01-30 18:48:06,643 INFO c.h.h.t.HelmChartContainer - [test-hivemq-platform] [hivemq] [3b83b55f] -------------------------------------------------------------------------
2025-01-30 18:48:06,643 INFO c.h.h.t.HelmChartContainer - [test-hivemq-platform] [hivemq] [3b83b55f] 
2025-01-30 18:48:06,643 INFO c.h.h.t.HelmChartContainer - [test-hivemq-platform] [hivemq] [3b83b55f]   HIVEMQ_HOME: /opt/hivemq
2025-01-30 18:48:06,643 INFO c.h.h.t.HelmChartContainer - [test-hivemq-platform] [hivemq] [3b83b55f] 
2025-01-30 18:48:06,644 INFO c.h.h.t.HelmChartContainer - [test-hivemq-platform] [hivemq] [3b83b55f]   JAVA_OPTS: -XX:+UnlockExperimentalVMOptions -XX:InitialRAMPercentage=50 -XX:MaxRAMPercentage=50 -Djava.net.preferIPv4Stack=true --add-opens java.base/java.lang=ALL-UNNAMED --add-opens java.base/java.nio=ALL-UNNAMED --add-opens java.base/sun.nio.ch=ALL-UNNAMED --add-opens jdk.management/com.sun.management.internal=ALL-UNNAMED --add-exports java.base/jdk.internal.misc=ALL-UNNAMED -Djava.security.egd=file:/dev/./urandom -Dcom.sun.management.jmxremote -Dcom.sun.management.jmxremote.port=9010 -Dcom.sun.management.jmxremote.local.only=false -Dcom.sun.management.jmxremote.authenticate=false -Dcom.sun.management.jmxremote.ssl=false -Duser.language=en -Duser.region=US -XX:+CrashOnOutOfMemoryError -XX:+HeapDumpOnOutOfMemoryError
2025-01-30 18:48:06,644 INFO c.h.h.t.HelmChartContainer - [test-hivemq-platform] [hivemq] [3b83b55f] 
2025-01-30 18:48:06,644 INFO c.h.h.t.HelmChartContainer - [test-hivemq-platform] [hivemq] [3b83b55f]   JAVA_VERSION: 21
2025-01-30 18:48:06,644 INFO c.h.h.t.HelmChartContainer - [test-hivemq-platform] [hivemq] [3b83b55f] 
2025-01-30 18:48:06,644 INFO c.h.h.t.HelmChartContainer - [test-hivemq-platform] [hivemq] [3b83b55f] -------------------------------------------------------------------------
2025-01-30 18:48:06,644 INFO c.h.h.t.HelmChartContainer - [test-hivemq-platform] [hivemq] [3b83b55f] 
2025-01-30 18:48:08,521 INFO c.h.h.t.HelmChartContainer - [hivemq-test-hivemq-platform] [hivemq-platform-operator] [3dd68f49] 18:48:08.518 [pool-6-thread-43] DEBUG c.h.p.o.d.PlatformServiceResource - [helmvolu] Desired Platform services (3 services)
2025-01-30 18:48:08,522 INFO c.h.h.t.HelmChartContainer - [hivemq-test-hivemq-platform] [hivemq-platform-operator] [3dd68f49] 18:48:08.519 [pool-6-thread-44] DEBUG c.h.p.o.dependants.PodInfoConfigMap - [helmvolu] Desired PodInfo ConfigMap (1 extensions) (1 enabled)
2025-01-30 18:48:08,522 INFO c.h.h.t.HelmChartContainer - [hivemq-test-hivemq-platform] [hivemq-platform-operator] [3dd68f49] 18:48:08.519 [pool-6-thread-44] DEBUG c.h.p.o.dependants.PodInfoConfigMap - [helmvolu] Desired PodInfo ConfigMap (metrics port: 9399) (metrics path: /)
2025-01-30 18:48:08,522 INFO c.h.h.t.HelmChartContainer - [hivemq-test-hivemq-platform] [hivemq-platform-operator] [3dd68f49] 18:48:08.519 [pool-6-thread-44] DEBUG c.h.p.o.dependants.PodInfoConfigMap - [helmvolu] Desired PodInfo ConfigMap (extension state hash: -1817474005)
2025-01-30 18:48:08,522 INFO c.h.h.t.HelmChartContainer - [hivemq-test-hivemq-platform] [hivemq-platform-operator] [3dd68f49] 18:48:08.520 [pool-6-thread-44] DEBUG c.h.p.o.d.PodServiceAccountResource - [helmvolu] Desired PodServiceAccountResource (serviceAccountName: hivemq-platform-pod-test-hivemq-platform)
2025-01-30 18:48:08,522 INFO c.h.h.t.HelmChartContainer - [hivemq-test-hivemq-platform] [hivemq-platform-operator] [3dd68f49] 18:48:08.522 [pool-6-thread-42] DEBUG c.h.p.o.d.StatefulSetResource - [helmvolu] Desired StatefulSet (3 replicas) for status ROLLING_RESTART (RESTART_PODS_IN_PROGRESS)
2025-01-30 18:48:08,532 INFO c.h.h.t.HelmChartContainer - [hivemq-test-hivemq-platform] [hivemq-platform-operator] [3dd68f49] 18:48:08.528 [ReconcilerExecutor-hivemq-controller-118] INFO  c.h.p.o.HiveMQPlatformReconciler - [helmvolu] Reconciling HiveMQ Platform 'test-hivemq-platform' in namespace 'helmvolumeclaimtemplatesit'
2025-01-30 18:48:08,533 INFO c.h.h.t.HelmChartContainer - [hivemq-test-hivemq-platform] [hivemq-platform-operator] [3dd68f49] 18:48:08.529 [ReconcilerExecutor-hivemq-controller-118] DEBUG c.h.p.o.HiveMQPlatformReconciler - [helmvolu] Custom Resource Status ROLLING_RESTART - HiveMQ Platform is restarting Pods (rolling restart) (RESTART_PODS_IN_PROGRESS)
2025-01-30 18:48:08,534 INFO c.h.h.t.HelmChartContainer - [EVENT] Warning [Unhealthy] Readiness probe failed: HTTP probe failed with statuscode: 503 [helmvolumeclaimtemplatesit:test-hivemq-platform-0]
2025-01-30 18:48:08,534 INFO c.h.h.t.HelmChartContainer - Received Unhealthy event for container hivemq in pod test-hivemq-platform-0 [3b83b55f-8d0c-4a2f-81a4-09d3c001af27]
2025-01-30 18:48:08,535 INFO c.h.h.t.HelmChartContainer - [hivemq-test-hivemq-platform] [hivemq-platform-operator] [3dd68f49] 18:48:08.529 [ReconcilerExecutor-hivemq-controller-118] DEBUG c.h.p.o.HiveMQPlatformReconciler - [helmvolu] Custom Resource Spec (replicas: 2) (extensions: 1)
2025-01-30 18:48:08,535 INFO c.h.h.t.HelmChartContainer - [hivemq-test-hivemq-platform] [hivemq-platform-operator] [3dd68f49] 18:48:08.531 [ReconcilerExecutor-hivemq-controller-118] DEBUG c.h.p.o.HiveMQPlatformReconciler - [helmvolu] StatefulSet Status (revision: test-hivemq-platform-59475f86c9, replicas: 3, available: 2, ready: 2, current: 0, updated: 3)
2025-01-30 18:48:08,535 INFO c.h.h.t.HelmChartContainer - [hivemq-test-hivemq-platform] [hivemq-platform-operator] [3dd68f49] 18:48:08.532 [ReconcilerExecutor-hivemq-controller-118] DEBUG c.h.p.o.HiveMQPlatformReconciler - [helmvolu] StatefulSet Spec (replicas: 3, init containers: 1, containers: 1, volumes: 4)
2025-01-30 18:48:08,537 INFO c.h.h.t.HelmChartContainer - [hivemq-test-hivemq-platform] [hivemq-platform-operator] [3dd68f49] 18:48:08.535 [ReconcilerExecutor-hivemq-controller-118] DEBUG c.h.p.o.h.HiveMQPlatformReconcilerErrorHandler - [helmvolu] Pod 'test-hivemq-platform-2' phase Running
2025-01-30 18:48:08,538 INFO c.h.h.t.HelmChartContainer - [hivemq-test-hivemq-platform] [hivemq-platform-operator] [3dd68f49] 18:48:08.536 [ReconcilerExecutor-hivemq-controller-118] DEBUG c.h.p.o.h.HiveMQPlatformReconcilerErrorHandler - [helmvolu] Pod 'test-hivemq-platform-1' phase Running
2025-01-30 18:48:08,539 INFO c.h.h.t.HelmChartContainer - [hivemq-test-hivemq-platform] [hivemq-platform-operator] [3dd68f49] 18:48:08.539 [ReconcilerExecutor-hivemq-controller-118] DEBUG c.h.p.o.h.HiveMQPlatformReconcilerErrorHandler - [helmvolu] Pod 'test-hivemq-platform-0' phase Running
2025-01-30 18:48:08,542 INFO c.h.h.t.HelmChartContainer - [hivemq-test-hivemq-platform] [hivemq-platform-operator] [3dd68f49] 18:48:08.541 [ReconcilerExecutor-hivemq-controller-118] DEBUG c.h.p.o.h.HiveMQPlatformReconcilerRollingRestartHandler - [helmvolu] Rolling restart is waiting for 2 of 3 replicas
2025-01-30 18:48:09,134 INFO c.h.h.t.HelmChartContainer - [test-hivemq-platform] [hivemq] [3b83b55f] INFO  - Starting HiveMQ Enterprise Server
2025-01-30 18:48:09,140 INFO c.h.h.t.HelmChartContainer - [test-hivemq-platform] [hivemq] [3b83b55f] INFO  - HiveMQ version: 4.36.0
2025-01-30 18:48:09,141 INFO c.h.h.t.HelmChartContainer - [test-hivemq-platform] [hivemq] [3b83b55f] INFO  - HiveMQ home directory: /opt/hivemq
2025-01-30 18:48:09,141 INFO c.h.h.t.HelmChartContainer - [test-hivemq-platform] [hivemq] [3b83b55f] INFO  - Log Configuration was overridden by /opt/hivemq/conf/logback.xml
2025-01-30 18:48:10,527 INFO c.h.h.t.HelmChartContainer - [test-hivemq-platform] [hivemq] [3b83b55f] INFO  - Successfully loaded configuration from '/opt/hivemq/conf-k8s/config.xml'.
2025-01-30 18:48:10,689 INFO c.h.h.t.HelmChartContainer - [K3S] [range_allocator.go:247] "Successfully synced" key="3c74c6b68004"
2025-01-30 18:48:10,835 INFO c.h.h.t.HelmChartContainer - [test-hivemq-platform] [hivemq] [3b83b55f] INFO  - This node's ID is iDJRi
2025-01-30 18:48:11,138 INFO c.h.h.t.HelmChartContainer - [test-hivemq-platform] [hivemq] [3b83b55f] INFO  - Clustering is enabled
2025-01-30 18:48:13,830 INFO c.h.h.t.HelmChartContainer - [test-hivemq-platform] [hivemq] [3b83b55f] WARN  - [HiveMQ Platform Operator Init App 1.7.0-SNAPSHOT] Cannot connect to Health API for readiness: null
2025-01-30 18:48:13,837 INFO c.h.h.t.HelmChartContainer - [EVENT] Warning [Unhealthy] Readiness probe failed: HTTP probe failed with statuscode: 503 [helmvolumeclaimtemplatesit:test-hivemq-platform-0]
2025-01-30 18:48:13,837 INFO c.h.h.t.HelmChartContainer - Received Unhealthy event for container hivemq in pod test-hivemq-platform-0 [3b83b55f-8d0c-4a2f-81a4-09d3c001af27]
2025-01-30 18:48:15,333 INFO c.h.h.t.HelmChartContainer - [test-hivemq-platform] [hivemq] [3b83b55f] WARN  - [HiveMQ Platform Operator Init App 1.7.0-SNAPSHOT] Cannot connect to Health API for liveness: null
2025-01-30 18:48:15,333 INFO c.h.h.t.HelmChartContainer - [test-hivemq-platform] [hivemq] [3b83b55f] INFO  - [HiveMQ Platform Operator Init App 1.7.0-SNAPSHOT] Returning default Health API response 200 for liveness
2025-01-30 18:48:18,527 INFO c.h.h.t.HelmChartContainer - [test-hivemq-platform] [hivemq] [3b83b55f] WARN  - [HiveMQ Platform Operator Init App 1.7.0-SNAPSHOT] Cannot connect to Health API for readiness: null
2025-01-30 18:48:18,532 INFO c.h.h.t.HelmChartContainer - [EVENT] Warning [Unhealthy] Readiness probe failed: HTTP probe failed with statuscode: 503 [helmvolumeclaimtemplatesit:test-hivemq-platform-0]
2025-01-30 18:48:18,532 INFO c.h.h.t.HelmChartContainer - Received Unhealthy event for container hivemq in pod test-hivemq-platform-0 [3b83b55f-8d0c-4a2f-81a4-09d3c001af27]
2025-01-30 18:48:18,544 INFO c.h.h.t.HelmChartContainer - [hivemq-test-hivemq-platform] [hivemq-platform-operator] [3dd68f49] 18:48:18.543 [pool-6-thread-7] DEBUG c.h.p.o.d.PlatformServiceResource - [helmvolu] Desired Platform services (3 services)
2025-01-30 18:48:18,545 INFO c.h.h.t.HelmChartContainer - [hivemq-test-hivemq-platform] [hivemq-platform-operator] [3dd68f49] 18:48:18.544 [pool-6-thread-5] DEBUG c.h.p.o.d.PodServiceAccountResource - [helmvolu] Desired PodServiceAccountResource (serviceAccountName: hivemq-platform-pod-test-hivemq-platform)
2025-01-30 18:48:18,546 INFO c.h.h.t.HelmChartContainer - [hivemq-test-hivemq-platform] [hivemq-platform-operator] [3dd68f49] 18:48:18.545 [pool-6-thread-6] DEBUG c.h.p.o.dependants.PodInfoConfigMap - [helmvolu] Desired PodInfo ConfigMap (1 extensions) (1 enabled)
2025-01-30 18:48:18,546 INFO c.h.h.t.HelmChartContainer - [hivemq-test-hivemq-platform] [hivemq-platform-operator] [3dd68f49] 18:48:18.545 [pool-6-thread-6] DEBUG c.h.p.o.dependants.PodInfoConfigMap - [helmvolu] Desired PodInfo ConfigMap (metrics port: 9399) (metrics path: /)
2025-01-30 18:48:18,546 INFO c.h.h.t.HelmChartContainer - [hivemq-test-hivemq-platform] [hivemq-platform-operator] [3dd68f49] 18:48:18.545 [pool-6-thread-6] DEBUG c.h.p.o.dependants.PodInfoConfigMap - [helmvolu] Desired PodInfo ConfigMap (extension state hash: -1817474005)
2025-01-30 18:48:18,549 INFO c.h.h.t.HelmChartContainer - [hivemq-test-hivemq-platform] [hivemq-platform-operator] [3dd68f49] 18:48:18.548 [pool-6-thread-7] DEBUG c.h.p.o.d.StatefulSetResource - [helmvolu] Desired StatefulSet (3 replicas) for status ROLLING_RESTART (RESTART_PODS_IN_PROGRESS)
2025-01-30 18:48:18,553 INFO c.h.h.t.HelmChartContainer - [hivemq-test-hivemq-platform] [hivemq-platform-operator] [3dd68f49] 18:48:18.551 [ReconcilerExecutor-hivemq-controller-119] INFO  c.h.p.o.HiveMQPlatformReconciler - [helmvolu] Reconciling HiveMQ Platform 'test-hivemq-platform' in namespace 'helmvolumeclaimtemplatesit'
2025-01-30 18:48:18,553 INFO c.h.h.t.HelmChartContainer - [hivemq-test-hivemq-platform] [hivemq-platform-operator] [3dd68f49] 18:48:18.551 [ReconcilerExecutor-hivemq-controller-119] DEBUG c.h.p.o.HiveMQPlatformReconciler - [helmvolu] Custom Resource Status ROLLING_RESTART - HiveMQ Platform is restarting Pods (rolling restart) (RESTART_PODS_IN_PROGRESS)
2025-01-30 18:48:18,553 INFO c.h.h.t.HelmChartContainer - [hivemq-test-hivemq-platform] [hivemq-platform-operator] [3dd68f49] 18:48:18.551 [ReconcilerExecutor-hivemq-controller-119] DEBUG c.h.p.o.HiveMQPlatformReconciler - [helmvolu] Custom Resource Spec (replicas: 2) (extensions: 1)
2025-01-30 18:48:18,554 INFO c.h.h.t.HelmChartContainer - [hivemq-test-hivemq-platform] [hivemq-platform-operator] [3dd68f49] 18:48:18.553 [ReconcilerExecutor-hivemq-controller-119] DEBUG c.h.p.o.HiveMQPlatformReconciler - [helmvolu] StatefulSet Status (revision: test-hivemq-platform-59475f86c9, replicas: 3, available: 2, ready: 2, current: 0, updated: 3)
2025-01-30 18:48:18,554 INFO c.h.h.t.HelmChartContainer - [hivemq-test-hivemq-platform] [hivemq-platform-operator] [3dd68f49] 18:48:18.553 [ReconcilerExecutor-hivemq-controller-119] DEBUG c.h.p.o.HiveMQPlatformReconciler - [helmvolu] StatefulSet Spec (replicas: 3, init containers: 1, containers: 1, volumes: 4)
2025-01-30 18:48:18,555 INFO c.h.h.t.HelmChartContainer - [hivemq-test-hivemq-platform] [hivemq-platform-operator] [3dd68f49] 18:48:18.554 [ReconcilerExecutor-hivemq-controller-119] DEBUG c.h.p.o.h.HiveMQPlatformReconcilerErrorHandler - [helmvolu] Pod 'test-hivemq-platform-2' phase Running
2025-01-30 18:48:18,556 INFO c.h.h.t.HelmChartContainer - [hivemq-test-hivemq-platform] [hivemq-platform-operator] [3dd68f49] 18:48:18.555 [ReconcilerExecutor-hivemq-controller-119] DEBUG c.h.p.o.h.HiveMQPlatformReconcilerErrorHandler - [helmvolu] Pod 'test-hivemq-platform-1' phase Running
2025-01-30 18:48:18,557 INFO c.h.h.t.HelmChartContainer - [hivemq-test-hivemq-platform] [hivemq-platform-operator] [3dd68f49] 18:48:18.556 [ReconcilerExecutor-hivemq-controller-119] DEBUG c.h.p.o.h.HiveMQPlatformReconcilerErrorHandler - [helmvolu] Pod 'test-hivemq-platform-0' phase Running
2025-01-30 18:48:18,557 INFO c.h.h.t.HelmChartContainer - [hivemq-test-hivemq-platform] [hivemq-platform-operator] [3dd68f49] 18:48:18.556 [ReconcilerExecutor-hivemq-controller-119] DEBUG c.h.p.o.h.HiveMQPlatformReconcilerRollingRestartHandler - [helmvolu] Rolling restart is waiting for 2 of 3 replicas
2025-01-30 18:48:23,527 INFO c.h.h.t.HelmChartContainer - [test-hivemq-platform] [hivemq] [3b83b55f] WARN  - [HiveMQ Platform Operator Init App 1.7.0-SNAPSHOT] Cannot connect to Health API for readiness: null
2025-01-30 18:48:23,532 INFO c.h.h.t.HelmChartContainer - [EVENT] Warning [Unhealthy] Readiness probe failed: HTTP probe failed with statuscode: 503 [helmvolumeclaimtemplatesit:test-hivemq-platform-0]
2025-01-30 18:48:23,532 INFO c.h.h.t.HelmChartContainer - Received Unhealthy event for container hivemq in pod test-hivemq-platform-0 [3b83b55f-8d0c-4a2f-81a4-09d3c001af27]
2025-01-30 18:48:24,430 INFO c.h.h.t.HelmChartContainer - [test-hivemq-platform] [hivemq] [3b83b55f] INFO  - No valid license file found. Using trial license, restricted to 25 connections.
2025-01-30 18:48:28,333 INFO c.h.h.t.HelmChartContainer - [test-hivemq-platform] [hivemq] [3b83b55f] INFO  - No valid license file for Data Hub found. Using free license, restricted to 1 policy.
2025-01-30 18:48:28,529 INFO c.h.h.t.HelmChartContainer - [test-hivemq-platform] [hivemq] [3b83b55f] WARN  - [HiveMQ Platform Operator Init App 1.7.0-SNAPSHOT] Cannot connect to Health API for readiness: null
2025-01-30 18:48:28,537 INFO c.h.h.t.HelmChartContainer - [EVENT] Warning [Unhealthy] Readiness probe failed: HTTP probe failed with statuscode: 503 [helmvolumeclaimtemplatesit:test-hivemq-platform-0]
2025-01-30 18:48:28,537 INFO c.h.h.t.HelmChartContainer - Received Unhealthy event for container hivemq in pod test-hivemq-platform-0 [3b83b55f-8d0c-4a2f-81a4-09d3c001af27]
2025-01-30 18:48:28,560 INFO c.h.h.t.HelmChartContainer - [hivemq-test-hivemq-platform] [hivemq-platform-operator] [3dd68f49] 18:48:28.559 [pool-6-thread-17] DEBUG c.h.p.o.d.PlatformServiceResource - [helmvolu] Desired Platform services (3 services)
2025-01-30 18:48:28,562 INFO c.h.h.t.HelmChartContainer - [hivemq-test-hivemq-platform] [hivemq-platform-operator] [3dd68f49] 18:48:28.560 [pool-6-thread-11] DEBUG c.h.p.o.dependants.PodInfoConfigMap - [helmvolu] Desired PodInfo ConfigMap (1 extensions) (1 enabled)
2025-01-30 18:48:28,562 INFO c.h.h.t.HelmChartContainer - [hivemq-test-hivemq-platform] [hivemq-platform-operator] [3dd68f49] 18:48:28.560 [pool-6-thread-11] DEBUG c.h.p.o.dependants.PodInfoConfigMap - [helmvolu] Desired PodInfo ConfigMap (metrics port: 9399) (metrics path: /)
2025-01-30 18:48:28,562 INFO c.h.h.t.HelmChartContainer - [hivemq-test-hivemq-platform] [hivemq-platform-operator] [3dd68f49] 18:48:28.560 [pool-6-thread-11] DEBUG c.h.p.o.dependants.PodInfoConfigMap - [helmvolu] Desired PodInfo ConfigMap (extension state hash: -1817474005)
2025-01-30 18:48:28,563 INFO c.h.h.t.HelmChartContainer - [hivemq-test-hivemq-platform] [hivemq-platform-operator] [3dd68f49] 18:48:28.561 [pool-6-thread-17] DEBUG c.h.p.o.d.PodServiceAccountResource - [helmvolu] Desired PodServiceAccountResource (serviceAccountName: hivemq-platform-pod-test-hivemq-platform)
2025-01-30 18:48:28,564 INFO c.h.h.t.HelmChartContainer - [hivemq-test-hivemq-platform] [hivemq-platform-operator] [3dd68f49] 18:48:28.563 [pool-6-thread-11] DEBUG c.h.p.o.d.StatefulSetResource - [helmvolu] Desired StatefulSet (3 replicas) for status ROLLING_RESTART (RESTART_PODS_IN_PROGRESS)
2025-01-30 18:48:28,566 INFO c.h.h.t.HelmChartContainer - [hivemq-test-hivemq-platform] [hivemq-platform-operator] [3dd68f49] 18:48:28.565 [ReconcilerExecutor-hivemq-controller-120] INFO  c.h.p.o.HiveMQPlatformReconciler - [helmvolu] Reconciling HiveMQ Platform 'test-hivemq-platform' in namespace 'helmvolumeclaimtemplatesit'
2025-01-30 18:48:28,566 INFO c.h.h.t.HelmChartContainer - [hivemq-test-hivemq-platform] [hivemq-platform-operator] [3dd68f49] 18:48:28.565 [ReconcilerExecutor-hivemq-controller-120] DEBUG c.h.p.o.HiveMQPlatformReconciler - [helmvolu] Custom Resource Status ROLLING_RESTART - HiveMQ Platform is restarting Pods (rolling restart) (RESTART_PODS_IN_PROGRESS)
2025-01-30 18:48:28,566 INFO c.h.h.t.HelmChartContainer - [hivemq-test-hivemq-platform] [hivemq-platform-operator] [3dd68f49] 18:48:28.565 [ReconcilerExecutor-hivemq-controller-120] DEBUG c.h.p.o.HiveMQPlatformReconciler - [helmvolu] Custom Resource Spec (replicas: 2) (extensions: 1)
2025-01-30 18:48:28,567 INFO c.h.h.t.HelmChartContainer - [hivemq-test-hivemq-platform] [hivemq-platform-operator] [3dd68f49] 18:48:28.566 [ReconcilerExecutor-hivemq-controller-120] DEBUG c.h.p.o.HiveMQPlatformReconciler - [helmvolu] StatefulSet Status (revision: test-hivemq-platform-59475f86c9, replicas: 3, available: 2, ready: 2, current: 0, updated: 3)
2025-01-30 18:48:28,567 INFO c.h.h.t.HelmChartContainer - [hivemq-test-hivemq-platform] [hivemq-platform-operator] [3dd68f49] 18:48:28.566 [ReconcilerExecutor-hivemq-controller-120] DEBUG c.h.p.o.HiveMQPlatformReconciler - [helmvolu] StatefulSet Spec (replicas: 3, init containers: 1, containers: 1, volumes: 4)
2025-01-30 18:48:28,568 INFO c.h.h.t.HelmChartContainer - [hivemq-test-hivemq-platform] [hivemq-platform-operator] [3dd68f49] 18:48:28.567 [ReconcilerExecutor-hivemq-controller-120] DEBUG c.h.p.o.h.HiveMQPlatformReconcilerErrorHandler - [helmvolu] Pod 'test-hivemq-platform-2' phase Running
2025-01-30 18:48:28,568 INFO c.h.h.t.HelmChartContainer - [hivemq-test-hivemq-platform] [hivemq-platform-operator] [3dd68f49] 18:48:28.568 [ReconcilerExecutor-hivemq-controller-120] DEBUG c.h.p.o.h.HiveMQPlatformReconcilerErrorHandler - [helmvolu] Pod 'test-hivemq-platform-1' phase Running
2025-01-30 18:48:28,570 INFO c.h.h.t.HelmChartContainer - [hivemq-test-hivemq-platform] [hivemq-platform-operator] [3dd68f49] 18:48:28.569 [ReconcilerExecutor-hivemq-controller-120] DEBUG c.h.p.o.h.HiveMQPlatformReconcilerErrorHandler - [helmvolu] Pod 'test-hivemq-platform-0' phase Running
2025-01-30 18:48:28,571 INFO c.h.h.t.HelmChartContainer - [hivemq-test-hivemq-platform] [hivemq-platform-operator] [3dd68f49] 18:48:28.569 [ReconcilerExecutor-hivemq-controller-120] DEBUG c.h.p.o.h.HiveMQPlatformReconcilerRollingRestartHandler - [helmvolu] Rolling restart is waiting for 2 of 3 replicas
2025-01-30 18:48:29,627 INFO c.h.h.t.HelmChartContainer - [test-hivemq-platform] [hivemq] [3b83b55f] INFO  - Audit Logger started.
2025-01-30 18:48:29,865 INFO c.h.h.t.HelmChartContainer - [test-hivemq-platform] [hivemq] [3b83b55f] INFO  - This node uses '1' CPU cores.
2025-01-30 18:48:29,928 INFO c.h.h.t.HelmChartContainer - [test-hivemq-platform] [hivemq] [3b83b55f] INFO  - Starting HiveMQ Health API on address 0.0.0.0 and port 8889
2025-01-30 18:48:30,930 INFO c.h.h.t.HelmChartContainer - [test-hivemq-platform] [hivemq] [3b83b55f] INFO  - Started HiveMQ Health API in 1002ms
2025-01-30 18:48:31,482 INFO c.h.h.t.HelmChartContainer - [test-hivemq-platform] [hivemq] [3b83b55f] INFO  - Starting HiveMQ extension system.
2025-01-30 18:48:31,733 INFO c.h.h.t.HelmChartContainer - [test-hivemq-platform] [hivemq] [3b83b55f] INFO  - Starting extension with id "hivemq-dns-cluster-discovery" at /opt/hivemq/extensions/hivemq-dns-cluster-discovery
2025-01-30 18:48:32,229 INFO c.h.h.t.HelmChartContainer - [test-hivemq-platform] [hivemq] [3b83b55f] INFO  - Extension "DNS Cluster Discovery Extension" version 4.3.2 started successfully.
2025-01-30 18:48:32,229 INFO c.h.h.t.HelmChartContainer - [test-hivemq-platform] [hivemq] [3b83b55f] INFO  - Starting extension with id "hivemq-prometheus-extension" at /opt/hivemq/extensions/hivemq-prometheus-extension
2025-01-30 18:48:32,329 INFO c.h.h.t.HelmChartContainer - [test-hivemq-platform] [hivemq] [3b83b55f] INFO  - Using TCP cluster transport on address 10.42.0.15 and port 7000
2025-01-30 18:48:32,429 INFO c.h.h.t.HelmChartContainer - [test-hivemq-platform] [hivemq] [3b83b55f] INFO  - Using extension cluster discovery
2025-01-30 18:48:33,232 INFO c.h.h.t.HelmChartContainer - [test-hivemq-platform] [hivemq] [3b83b55f] INFO  - Started Jetty Server exposing Prometheus Servlet on URI http://0.0.0.0:9399/
2025-01-30 18:48:33,232 INFO c.h.h.t.HelmChartContainer - [test-hivemq-platform] [hivemq] [3b83b55f] INFO  - Extension "Prometheus Monitoring Extension" version 4.0.12 started successfully.
2025-01-30 18:48:33,234 INFO c.h.h.t.HelmChartContainer - [test-hivemq-platform] [hivemq] [3b83b55f] INFO  - Starting extension with id "hivemq-allow-all-extension" at /opt/hivemq/extensions/hivemq-allow-all-extension
2025-01-30 18:48:33,234 INFO c.h.h.t.HelmChartContainer - [test-hivemq-platform] [hivemq] [3b83b55f] WARN  - 
2025-01-30 18:48:33,234 INFO c.h.h.t.HelmChartContainer - [test-hivemq-platform] [hivemq] [3b83b55f] ################################################################################################################
2025-01-30 18:48:33,234 INFO c.h.h.t.HelmChartContainer - [test-hivemq-platform] [hivemq] [3b83b55f] # This HiveMQ deployment is not secure! You are lacking Authentication and Authorization.                      #
2025-01-30 18:48:33,234 INFO c.h.h.t.HelmChartContainer - [test-hivemq-platform] [hivemq] [3b83b55f] # Right now any MQTT client can connect to the broker with a full set of permissions.                          #
2025-01-30 18:48:33,234 INFO c.h.h.t.HelmChartContainer - [test-hivemq-platform] [hivemq] [3b83b55f] # For production usage, add an appropriate security extension and remove the hivemq-allow-all extension.       #
2025-01-30 18:48:33,234 INFO c.h.h.t.HelmChartContainer - [test-hivemq-platform] [hivemq] [3b83b55f] # You can download security extensions from the HiveMQ Marketplace (https://www.hivemq.com/extensions/).       #
2025-01-30 18:48:33,234 INFO c.h.h.t.HelmChartContainer - [test-hivemq-platform] [hivemq] [3b83b55f] ################################################################################################################
2025-01-30 18:48:33,234 INFO c.h.h.t.HelmChartContainer - [test-hivemq-platform] [hivemq] [3b83b55f] INFO  - Extension "Allow All Extension" version 1.1.1 started successfully.
2025-01-30 18:48:33,343 INFO c.h.h.t.HelmChartContainer - [test-hivemq-platform] [hivemq] [c960f2fc] INFO  - Cluster nodes found by discovery: [BTBnw|6] (3) [BTBnw, fWqH6, iDJRi].
2025-01-30 18:48:33,344 INFO c.h.h.t.HelmChartContainer - [test-hivemq-platform] [hivemq] [e7cb2377] INFO  - Cluster nodes found by discovery: [BTBnw|6] (3) [BTBnw, fWqH6, iDJRi].
2025-01-30 18:48:33,432 INFO c.h.h.t.HelmChartContainer - [test-hivemq-platform] [hivemq] [3b83b55f] INFO  - Cluster nodes found by discovery: [BTBnw|6] (3) [BTBnw, fWqH6, iDJRi].
2025-01-30 18:48:33,634 INFO c.h.h.t.HelmChartContainer - [test-hivemq-platform] [hivemq] [3b83b55f] INFO  - Cluster size = 1, members : [BTBnw].
2025-01-30 18:48:33,728 INFO c.h.h.t.HelmChartContainer - [test-hivemq-platform] [hivemq] [3b83b55f] INFO  - Cluster size = 2, members : [BTBnw, fWqH6].
2025-01-30 18:48:34,227 INFO c.h.h.t.HelmChartContainer - [test-hivemq-platform] [hivemq] [3b83b55f] INFO  - Starting cluster join process. This may take a while. Please do not shut down HiveMQ.
2025-01-30 18:48:34,229 INFO c.h.h.t.HelmChartContainer - [test-hivemq-platform] [hivemq] [3b83b55f] INFO  - Cluster join process is still ongoing. Please do not shut down HiveMQ.
2025-01-30 18:48:34,540 INFO c.h.h.t.HelmChartContainer - [EVENT] Warning [Unhealthy] Readiness probe failed: Get "http://10.42.0.15:7979/readiness": context deadline exceeded (Client.Timeout exceeded while awaiting headers) [helmvolumeclaimtemplatesit:test-hivemq-platform-0]
2025-01-30 18:48:34,540 INFO c.h.h.t.HelmChartContainer - Received Unhealthy event for container hivemq in pod test-hivemq-platform-0 [3b83b55f-8d0c-4a2f-81a4-09d3c001af27]
2025-01-30 18:48:34,625 INFO c.h.h.t.HelmChartContainer - [test-hivemq-platform] [hivemq] [3b83b55f] INFO  - [HiveMQ Platform Operator Init App 1.7.0-SNAPSHOT] Returning Health API response 503 for readiness
2025-01-30 18:48:36,236 INFO c.h.h.t.HelmChartContainer - [test-hivemq-platform] [hivemq] [c960f2fc] INFO  - Cluster size = 3, members : [BTBnw, iDJRi, fWqH6].
2025-01-30 18:48:36,240 INFO c.h.h.t.HelmChartContainer - [test-hivemq-platform] [hivemq] [e7cb2377] INFO  - Cluster size = 3, members : [BTBnw, iDJRi, fWqH6].
2025-01-30 18:48:36,251 INFO c.h.h.t.HelmChartContainer - [test-hivemq-platform] [hivemq] [3b83b55f] INFO  - Cluster size = 3, members : [BTBnw, iDJRi, fWqH6].
2025-01-30 18:48:36,257 INFO c.h.h.t.HelmChartContainer - [test-hivemq-platform] [hivemq] [3b83b55f] INFO  - Finished cluster join process successfully.
2025-01-30 18:48:36,258 INFO c.h.h.t.HelmChartContainer - [test-hivemq-platform] [hivemq] [3b83b55f] WARN  - No user for HiveMQ Control Center configured. Starting with default user
2025-01-30 18:48:36,258 INFO c.h.h.t.HelmChartContainer - [test-hivemq-platform] [hivemq] [3b83b55f] INFO  - Starting HiveMQ Control Center on address 0.0.0.0 and port 8080
2025-01-30 18:48:36,327 INFO c.h.h.t.HelmChartContainer - [test-hivemq-platform] [hivemq] [3b83b55f] INFO  - Mounting HiveMQ Control Center V2 Preview
2025-01-30 18:48:36,934 INFO c.h.h.t.HelmChartContainer - [test-hivemq-platform] [hivemq] [3b83b55f] INFO  - Started HiveMQ Control Center in 677ms
2025-01-30 18:48:36,949 INFO c.h.h.t.HelmChartContainer - [test-hivemq-platform] [hivemq] [3b83b55f] INFO  - Starting TCP listener on address 0.0.0.0 and port 1884
2025-01-30 18:48:37,031 INFO c.h.h.t.HelmChartContainer - [test-hivemq-platform] [hivemq] [3b83b55f] INFO  - Started TCP Listener on address 0.0.0.0 and on port 1884.
2025-01-30 18:48:37,031 INFO c.h.h.t.HelmChartContainer - [test-hivemq-platform] [hivemq] [3b83b55f] INFO  - Started HiveMQ in 28297ms
2025-01-30 18:48:38,498 INFO c.h.h.t.HelmChartContainer - [test-hivemq-platform] [hivemq] [3b83b55f] INFO  - [HiveMQ Platform Operator Init App 1.7.0-SNAPSHOT] Returning Health API response 200 for readiness
2025-01-30 18:48:38,515 INFO c.h.h.t.HelmChartContainer - [POD] test-hivemq-platform-0 [3b83b55f-8d0c-4a2f-81a4-09d3c001af27] in helmvolumeclaimtemplatesit was MODIFIED
2025-01-30 18:48:38,531 INFO c.h.h.t.HelmChartContainer - [hivemq-test-hivemq-platform] [hivemq-platform-operator] [3dd68f49] 18:48:38.522 [pool-6-thread-23] DEBUG c.h.p.o.d.PlatformServiceResource - [helmvolu] Desired Platform services (3 services)
2025-01-30 18:48:38,531 INFO c.h.h.t.HelmChartContainer - [hivemq-test-hivemq-platform] [hivemq-platform-operator] [3dd68f49] 18:48:38.522 [pool-6-thread-27] DEBUG c.h.p.o.dependants.PodInfoConfigMap - [helmvolu] Desired PodInfo ConfigMap (1 extensions) (1 enabled)
2025-01-30 18:48:38,531 INFO c.h.h.t.HelmChartContainer - [hivemq-test-hivemq-platform] [hivemq-platform-operator] [3dd68f49] 18:48:38.522 [pool-6-thread-27] DEBUG c.h.p.o.dependants.PodInfoConfigMap - [helmvolu] Desired PodInfo ConfigMap (metrics port: 9399) (metrics path: /)
2025-01-30 18:48:38,531 INFO c.h.h.t.HelmChartContainer - [hivemq-test-hivemq-platform] [hivemq-platform-operator] [3dd68f49] 18:48:38.522 [pool-6-thread-27] DEBUG c.h.p.o.dependants.PodInfoConfigMap - [helmvolu] Desired PodInfo ConfigMap (extension state hash: -1817474005)
2025-01-30 18:48:38,531 INFO c.h.h.t.HelmChartContainer - [hivemq-test-hivemq-platform] [hivemq-platform-operator] [3dd68f49] 18:48:38.523 [pool-6-thread-27] DEBUG c.h.p.o.d.PodServiceAccountResource - [helmvolu] Desired PodServiceAccountResource (serviceAccountName: hivemq-platform-pod-test-hivemq-platform)
2025-01-30 18:48:38,533 INFO c.h.h.t.HelmChartContainer - [hivemq-test-hivemq-platform] [hivemq-platform-operator] [3dd68f49] 18:48:38.530 [pool-6-thread-23] DEBUG c.h.p.o.d.StatefulSetResource - [helmvolu] Desired StatefulSet (3 replicas) for status ROLLING_RESTART (RESTART_PODS_IN_PROGRESS)
2025-01-30 18:48:38,537 INFO c.h.h.t.HelmChartContainer - [hivemq-test-hivemq-platform] [hivemq-platform-operator] [3dd68f49] 18:48:38.534 [ReconcilerExecutor-hivemq-controller-121] INFO  c.h.p.o.HiveMQPlatformReconciler - [helmvolu] Reconciling HiveMQ Platform 'test-hivemq-platform' in namespace 'helmvolumeclaimtemplatesit'
2025-01-30 18:48:38,537 INFO c.h.h.t.HelmChartContainer - [hivemq-test-hivemq-platform] [hivemq-platform-operator] [3dd68f49] 18:48:38.534 [ReconcilerExecutor-hivemq-controller-121] DEBUG c.h.p.o.HiveMQPlatformReconciler - [helmvolu] Custom Resource Status ROLLING_RESTART - HiveMQ Platform is restarting Pods (rolling restart) (RESTART_PODS_IN_PROGRESS)
2025-01-30 18:48:38,537 INFO c.h.h.t.HelmChartContainer - [hivemq-test-hivemq-platform] [hivemq-platform-operator] [3dd68f49] 18:48:38.534 [ReconcilerExecutor-hivemq-controller-121] DEBUG c.h.p.o.HiveMQPlatformReconciler - [helmvolu] Custom Resource Spec (replicas: 2) (extensions: 1)
2025-01-30 18:48:38,537 INFO c.h.h.t.HelmChartContainer - [hivemq-test-hivemq-platform] [hivemq-platform-operator] [3dd68f49] 18:48:38.535 [ReconcilerExecutor-hivemq-controller-121] DEBUG c.h.p.o.HiveMQPlatformReconciler - [helmvolu] StatefulSet Status (revision: test-hivemq-platform-59475f86c9, replicas: 3, available: 3, ready: 3, current: 0, updated: 3)
2025-01-30 18:48:38,537 INFO c.h.h.t.HelmChartContainer - [hivemq-test-hivemq-platform] [hivemq-platform-operator] [3dd68f49] 18:48:38.535 [ReconcilerExecutor-hivemq-controller-121] DEBUG c.h.p.o.HiveMQPlatformReconciler - [helmvolu] StatefulSet Spec (replicas: 3, init containers: 1, containers: 1, volumes: 4)
2025-01-30 18:48:38,538 INFO c.h.h.t.HelmChartContainer - [hivemq-test-hivemq-platform] [hivemq-platform-operator] [3dd68f49] 18:48:38.536 [ReconcilerExecutor-hivemq-controller-121] DEBUG c.h.p.o.h.HiveMQPlatformReconcilerErrorHandler - [helmvolu] Pod 'test-hivemq-platform-2' phase Running
2025-01-30 18:48:38,539 INFO c.h.h.t.HelmChartContainer - [hivemq-test-hivemq-platform] [hivemq-platform-operator] [3dd68f49] 18:48:38.538 [ReconcilerExecutor-hivemq-controller-121] DEBUG c.h.p.o.h.HiveMQPlatformReconcilerErrorHandler - [helmvolu] Pod 'test-hivemq-platform-1' phase Running
2025-01-30 18:48:38,541 INFO c.h.h.t.HelmChartContainer - [hivemq-test-hivemq-platform] [hivemq-platform-operator] [3dd68f49] 18:48:38.539 [ReconcilerExecutor-hivemq-controller-121] DEBUG c.h.p.o.h.HiveMQPlatformReconcilerErrorHandler - [helmvolu] Pod 'test-hivemq-platform-0' phase Running
2025-01-30 18:48:38,578 INFO c.h.h.t.HelmChartContainer - [hivemq-test-hivemq-platform] [hivemq-platform-operator] [3dd68f49] 18:48:38.575 [ReconcilerExecutor-hivemq-controller-121] DEBUG c.h.p.o.h.HiveMQPlatformReconcilerRollingRestartHandler - [helmvolu] Skipping Pod test-hivemq-platform-2 as it's already on the controller update revision (update revision: test-hivemq-platform-59475f86c9, pod revision: test-hivemq-platform-59475f86c9)
2025-01-30 18:48:38,583 INFO c.h.h.t.HelmChartContainer - [hivemq-test-hivemq-platform] [hivemq-platform-operator] [3dd68f49] 18:48:38.582 [ReconcilerExecutor-hivemq-controller-121] DEBUG c.h.p.o.h.HiveMQPlatformReconcilerRollingRestartHandler - [helmvolu] Skipping Pod test-hivemq-platform-1 as it's already on the controller update revision (update revision: test-hivemq-platform-59475f86c9, pod revision: test-hivemq-platform-59475f86c9)
2025-01-30 18:48:38,587 INFO c.h.h.t.HelmChartContainer - [hivemq-test-hivemq-platform] [hivemq-platform-operator] [3dd68f49] 18:48:38.586 [ReconcilerExecutor-hivemq-controller-121] DEBUG c.h.p.o.h.HiveMQPlatformReconcilerRollingRestartHandler - [helmvolu] Skipping Pod test-hivemq-platform-0 as it's already on the controller update revision (update revision: test-hivemq-platform-59475f86c9, pod revision: test-hivemq-platform-59475f86c9)
2025-01-30 18:48:38,587 INFO c.h.h.t.HelmChartContainer - [hivemq-test-hivemq-platform] [hivemq-platform-operator] [3dd68f49] 18:48:38.586 [ReconcilerExecutor-hivemq-controller-121] INFO  c.h.p.o.h.HiveMQPlatformReconcilerRollingRestartHandler - [helmvolu] Stopping surge Pod
2025-01-30 18:48:38,641 INFO c.h.h.t.HelmChartContainer - [hivemq-test-hivemq-platform] [hivemq-platform-operator] [3dd68f49] 18:48:38.640 [ReconcilerExecutor-hivemq-controller-121] DEBUG c.h.p.operator.event.EventSender - [helmvolu] Creating K8s event rolling-restart-scale-down-in-progress: [RollingRestart] HiveMQ Platform is stopping the surge Pod (rolling restart)
2025-01-30 18:48:38,683 INFO c.h.h.t.HelmChartContainer - [EVENT] Normal [RollingRestart] HiveMQ Platform is stopping the surge Pod (rolling restart) [helmvolumeclaimtemplatesit:test-hivemq-platform]
2025-01-30 18:48:38,684 INFO c.h.h.t.HelmChartContainer - [hivemq-test-hivemq-platform] [hivemq-platform-operator] [3dd68f49] 18:48:38.683 [ReconcilerExecutor-hivemq-controller-121] INFO  c.h.p.o.h.AbstractHiveMQReconcilerStateHandler - [helmvolu] Update HiveMQ Platform Status (ROLLING_RESTART [RESTART_PODS_IN_PROGRESS] -> ROLLING_RESTART [SCALE_DOWN_IN_PROGRESS]): HiveMQ Platform is stopping the surge Pod (rolling restart)
2025-01-30 18:48:38,694 DEBUG com.hivemq.helmcharts.util.K8sUtil - Comparing actual state 'ROLLING_RESTART' and waiting for 'RUNNING'
2025-01-30 18:48:38,736 INFO c.h.h.t.HelmChartContainer - [hivemq-test-hivemq-platform] [hivemq-platform-operator] [3dd68f49] 18:48:38.733 [pool-6-thread-35] DEBUG c.h.p.o.d.PlatformServiceResource - [helmvolu] Desired Platform services (3 services)
2025-01-30 18:48:38,736 INFO c.h.h.t.HelmChartContainer - [hivemq-test-hivemq-platform] [hivemq-platform-operator] [3dd68f49] 18:48:38.733 [pool-6-thread-38] DEBUG c.h.p.o.dependants.PodInfoConfigMap - [helmvolu] Desired PodInfo ConfigMap (1 extensions) (1 enabled)
2025-01-30 18:48:38,736 INFO c.h.h.t.HelmChartContainer - [hivemq-test-hivemq-platform] [hivemq-platform-operator] [3dd68f49] 18:48:38.733 [pool-6-thread-38] DEBUG c.h.p.o.dependants.PodInfoConfigMap - [helmvolu] Desired PodInfo ConfigMap (metrics port: 9399) (metrics path: /)
2025-01-30 18:48:38,736 INFO c.h.h.t.HelmChartContainer - [hivemq-test-hivemq-platform] [hivemq-platform-operator] [3dd68f49] 18:48:38.733 [pool-6-thread-38] DEBUG c.h.p.o.dependants.PodInfoConfigMap - [helmvolu] Desired PodInfo ConfigMap (extension state hash: -1817474005)
2025-01-30 18:48:38,736 INFO c.h.h.t.HelmChartContainer - [hivemq-test-hivemq-platform] [hivemq-platform-operator] [3dd68f49] 18:48:38.734 [pool-6-thread-38] DEBUG c.h.p.o.dependants.PodInfoConfigMap - [helmvolu] Update PodInfo ConfigMap
2025-01-30 18:48:38,736 INFO c.h.h.t.HelmChartContainer - [hivemq-test-hivemq-platform] [hivemq-platform-operator] [3dd68f49] 18:48:38.734 [pool-6-thread-31] DEBUG c.h.p.o.d.PodServiceAccountResource - [helmvolu] Desired PodServiceAccountResource (serviceAccountName: hivemq-platform-pod-test-hivemq-platform)
2025-01-30 18:48:38,782 INFO c.h.h.t.HelmChartContainer - [hivemq-test-hivemq-platform] [hivemq-platform-operator] [3dd68f49] 18:48:38.781 [pool-6-thread-38] DEBUG c.h.p.o.d.StatefulSetResource - [helmvolu] Desired StatefulSet (2 replicas) for status ROLLING_RESTART (SCALE_DOWN_IN_PROGRESS)
2025-01-30 18:48:38,785 INFO c.h.h.t.HelmChartContainer - [hivemq-test-hivemq-platform] [hivemq-platform-operator] [3dd68f49] 18:48:38.784 [pool-6-thread-38] DEBUG c.h.p.o.d.StatefulSetResource - [helmvolu] Update StatefulSet (replicas: 3 -> 2)
2025-01-30 18:48:38,852 INFO c.h.h.t.HelmChartContainer - [POD] test-hivemq-platform-2 [c960f2fc-847b-4123-8261-b7eb82af5814] in helmvolumeclaimtemplatesit was MODIFIED
2025-01-30 18:48:38,854 INFO c.h.h.t.HelmChartContainer - [EVENT] Normal [SuccessfulDelete] delete Pod test-hivemq-platform-2 in StatefulSet test-hivemq-platform successful [helmvolumeclaimtemplatesit:test-hivemq-platform]
2025-01-30 18:48:38,854 INFO c.h.h.t.HelmChartContainer - [EVENT] Normal [Killing] Stopping container hivemq [helmvolumeclaimtemplatesit:test-hivemq-platform-2]
2025-01-30 18:48:38,855 INFO c.h.h.t.HelmChartContainer - Received Killing event for container hivemq in pod test-hivemq-platform-2 [c960f2fc-847b-4123-8261-b7eb82af5814]
2025-01-30 18:48:38,855 INFO c.h.h.t.HelmChartContainer - Container [test-hivemq-platform-2] [hivemq] [c960f2fc-847b-4123-8261-b7eb82af5814] was terminated
2025-01-30 18:48:38,855 INFO c.h.h.t.HelmChartContainer - Stopped log watcher for hivemq in pod test-hivemq-platform-2 [c960f2fc-847b-4123-8261-b7eb82af5814]
2025-01-30 18:48:38,863 INFO c.h.h.t.HelmChartContainer - [test-hivemq-platform] [hivemq] [c960f2fc] INFO  - [HiveMQ Platform Operator Init App 1.7.0-SNAPSHOT] Shutting down
2025-01-30 18:48:38,863 INFO c.h.h.t.HelmChartContainer - [test-hivemq-platform] [hivemq] [c960f2fc] INFO  - [HiveMQ Platform Operator Init App 1.7.0-SNAPSHOT] Stopping the HiveMQ Platform
2025-01-30 18:48:38,884 INFO c.h.h.t.HelmChartContainer - [hivemq-test-hivemq-platform] [hivemq-platform-operator] [3dd68f49] 18:48:38.882 [ReconcilerExecutor-hivemq-controller-122] INFO  c.h.p.o.HiveMQPlatformReconciler - [helmvolu] Reconciling HiveMQ Platform 'test-hivemq-platform' in namespace 'helmvolumeclaimtemplatesit'
2025-01-30 18:48:38,884 INFO c.h.h.t.HelmChartContainer - [hivemq-test-hivemq-platform] [hivemq-platform-operator] [3dd68f49] 18:48:38.883 [ReconcilerExecutor-hivemq-controller-122] DEBUG c.h.p.o.HiveMQPlatformReconciler - [helmvolu] Custom Resource Status ROLLING_RESTART - HiveMQ Platform is stopping the surge Pod (rolling restart) (SCALE_DOWN_IN_PROGRESS)
2025-01-30 18:48:38,886 INFO c.h.h.t.HelmChartContainer - [hivemq-test-hivemq-platform] [hivemq-platform-operator] [3dd68f49] 18:48:38.883 [ReconcilerExecutor-hivemq-controller-122] DEBUG c.h.p.o.HiveMQPlatformReconciler - [helmvolu] Custom Resource Spec (replicas: 2) (extensions: 1)
2025-01-30 18:48:38,886 INFO c.h.h.t.HelmChartContainer - [hivemq-test-hivemq-platform] [hivemq-platform-operator] [3dd68f49] 18:48:38.885 [ReconcilerExecutor-hivemq-controller-122] DEBUG c.h.p.o.HiveMQPlatformReconciler - [helmvolu] StatefulSet Status (revision: test-hivemq-platform-59475f86c9, replicas: 3, available: 3, ready: 3, current: 0, updated: 2)
2025-01-30 18:48:38,886 INFO c.h.h.t.HelmChartContainer - [hivemq-test-hivemq-platform] [hivemq-platform-operator] [3dd68f49] 18:48:38.885 [ReconcilerExecutor-hivemq-controller-122] DEBUG c.h.p.o.HiveMQPlatformReconciler - [helmvolu] StatefulSet Spec (replicas: 2, init containers: 1, containers: 1, volumes: 4)
2025-01-30 18:48:38,888 INFO c.h.h.t.HelmChartContainer - [hivemq-test-hivemq-platform] [hivemq-platform-operator] [3dd68f49] 18:48:38.887 [ReconcilerExecutor-hivemq-controller-122] DEBUG c.h.p.o.h.HiveMQPlatformReconcilerErrorHandler - [helmvolu] Pod 'test-hivemq-platform-1' phase Running
2025-01-30 18:48:38,890 INFO c.h.h.t.HelmChartContainer - [hivemq-test-hivemq-platform] [hivemq-platform-operator] [3dd68f49] 18:48:38.889 [ReconcilerExecutor-hivemq-controller-122] DEBUG c.h.p.o.h.HiveMQPlatformReconcilerErrorHandler - [helmvolu] Pod 'test-hivemq-platform-0' phase Running
2025-01-30 18:48:38,890 INFO c.h.h.t.HelmChartContainer - [hivemq-test-hivemq-platform] [hivemq-platform-operator] [3dd68f49] 18:48:38.889 [ReconcilerExecutor-hivemq-controller-122] DEBUG c.h.p.o.h.HiveMQPlatformReconcilerRollingRestartHandler - [helmvolu] Rolling restart is waiting for 3 of 2 replicas
2025-01-30 18:48:38,893 INFO c.h.h.t.HelmChartContainer - [hivemq-test-hivemq-platform] [hivemq-platform-operator] [3dd68f49] 18:48:38.892 [pool-6-thread-50] DEBUG c.h.p.o.d.PlatformServiceResource - [helmvolu] Desired Platform services (3 services)
2025-01-30 18:48:38,895 INFO c.h.h.t.HelmChartContainer - [hivemq-test-hivemq-platform] [hivemq-platform-operator] [3dd68f49] 18:48:38.893 [pool-6-thread-48] DEBUG c.h.p.o.dependants.PodInfoConfigMap - [helmvolu] Desired PodInfo ConfigMap (1 extensions) (1 enabled)
2025-01-30 18:48:38,895 INFO c.h.h.t.HelmChartContainer - [hivemq-test-hivemq-platform] [hivemq-platform-operator] [3dd68f49] 18:48:38.893 [pool-6-thread-48] DEBUG c.h.p.o.dependants.PodInfoConfigMap - [helmvolu] Desired PodInfo ConfigMap (metrics port: 9399) (metrics path: /)
2025-01-30 18:48:38,895 INFO c.h.h.t.HelmChartContainer - [hivemq-test-hivemq-platform] [hivemq-platform-operator] [3dd68f49] 18:48:38.893 [pool-6-thread-48] DEBUG c.h.p.o.dependants.PodInfoConfigMap - [helmvolu] Desired PodInfo ConfigMap (extension state hash: -1817474005)
2025-01-30 18:48:38,895 INFO c.h.h.t.HelmChartContainer - [hivemq-test-hivemq-platform] [hivemq-platform-operator] [3dd68f49] 18:48:38.894 [pool-6-thread-48] DEBUG c.h.p.o.d.PodServiceAccountResource - [helmvolu] Desired PodServiceAccountResource (serviceAccountName: hivemq-platform-pod-test-hivemq-platform)
2025-01-30 18:48:38,940 INFO c.h.h.t.HelmChartContainer - [hivemq-test-hivemq-platform] [hivemq-platform-operator] [3dd68f49] 18:48:38.938 [pool-6-thread-50] DEBUG c.h.p.o.d.StatefulSetResource - [helmvolu] Desired StatefulSet (2 replicas) for status ROLLING_RESTART (SCALE_DOWN_IN_PROGRESS)
2025-01-30 18:48:38,976 INFO c.h.h.t.HelmChartContainer - [hivemq-test-hivemq-platform] [hivemq-platform-operator] [3dd68f49] 18:48:38.975 [ReconcilerExecutor-hivemq-controller-122] INFO  c.h.p.o.HiveMQPlatformReconciler - [helmvolu] Reconciling HiveMQ Platform 'test-hivemq-platform' in namespace 'helmvolumeclaimtemplatesit'
2025-01-30 18:48:38,977 INFO c.h.h.t.HelmChartContainer - [hivemq-test-hivemq-platform] [hivemq-platform-operator] [3dd68f49] 18:48:38.975 [ReconcilerExecutor-hivemq-controller-122] DEBUG c.h.p.o.HiveMQPlatformReconciler - [helmvolu] Custom Resource Status ROLLING_RESTART - HiveMQ Platform is stopping the surge Pod (rolling restart) (SCALE_DOWN_IN_PROGRESS)
2025-01-30 18:48:38,981 INFO c.h.h.t.HelmChartContainer - [hivemq-test-hivemq-platform] [hivemq-platform-operator] [3dd68f49] 18:48:38.975 [ReconcilerExecutor-hivemq-controller-122] DEBUG c.h.p.o.HiveMQPlatformReconciler - [helmvolu] Custom Resource Spec (replicas: 2) (extensions: 1)
2025-01-30 18:48:38,981 INFO c.h.h.t.HelmChartContainer - [hivemq-test-hivemq-platform] [hivemq-platform-operator] [3dd68f49] 18:48:38.976 [ReconcilerExecutor-hivemq-controller-122] DEBUG c.h.p.o.HiveMQPlatformReconciler - [helmvolu] StatefulSet Status (revision: test-hivemq-platform-59475f86c9, replicas: 3, available: 3, ready: 3, current: 0, updated: 2)
2025-01-30 18:48:38,981 INFO c.h.h.t.HelmChartContainer - [hivemq-test-hivemq-platform] [hivemq-platform-operator] [3dd68f49] 18:48:38.976 [ReconcilerExecutor-hivemq-controller-122] DEBUG c.h.p.o.HiveMQPlatformReconciler - [helmvolu] StatefulSet Spec (replicas: 2, init containers: 1, containers: 1, volumes: 4)
2025-01-30 18:48:38,981 INFO c.h.h.t.HelmChartContainer - [hivemq-test-hivemq-platform] [hivemq-platform-operator] [3dd68f49] 18:48:38.978 [ReconcilerExecutor-hivemq-controller-122] DEBUG c.h.p.o.h.HiveMQPlatformReconcilerErrorHandler - [helmvolu] Pod 'test-hivemq-platform-1' phase Running
2025-01-30 18:48:38,982 INFO c.h.h.t.HelmChartContainer - [hivemq-test-hivemq-platform] [hivemq-platform-operator] [3dd68f49] 18:48:38.980 [ReconcilerExecutor-hivemq-controller-122] DEBUG c.h.p.o.h.HiveMQPlatformReconcilerErrorHandler - [helmvolu] Pod 'test-hivemq-platform-0' phase Running
2025-01-30 18:48:38,984 INFO c.h.h.t.HelmChartContainer - [hivemq-test-hivemq-platform] [hivemq-platform-operator] [3dd68f49] 18:48:38.982 [ReconcilerExecutor-hivemq-controller-122] DEBUG c.h.p.o.h.HiveMQPlatformReconcilerRollingRestartHandler - [helmvolu] Rolling restart is waiting for 3 of 2 replicas
2025-01-30 18:48:39,033 INFO c.h.h.t.HelmChartContainer - [test-hivemq-platform] [hivemq] [c960f2fc] INFO  - Shutting down HiveMQ. Please wait, this could take a while...
2025-01-30 18:48:39,038 INFO c.h.h.t.HelmChartContainer - [test-hivemq-platform] [hivemq] [c960f2fc] INFO  - Shutting down listeners and clients
2025-01-30 18:48:39,040 INFO c.h.h.t.HelmChartContainer - [test-hivemq-platform] [hivemq] [c960f2fc] INFO  - Shutdown of listeners is done
2025-01-30 18:48:39,040 INFO c.h.h.t.HelmChartContainer - [test-hivemq-platform] [hivemq] [c960f2fc] INFO  - No clients are connected, proceeding with shutdown
2025-01-30 18:48:41,747 INFO c.h.h.t.HelmChartContainer - [test-hivemq-platform] [hivemq] [c960f2fc] INFO  - Shutting down extension system
2025-01-30 18:48:41,750 INFO c.h.h.t.HelmChartContainer - [test-hivemq-platform] [hivemq] [c960f2fc] INFO  - Stopping extension with id hivemq-dns-cluster-discovery
2025-01-30 18:48:41,750 INFO c.h.h.t.HelmChartContainer - [test-hivemq-platform] [hivemq] [c960f2fc] INFO  - Extension "DNS Cluster Discovery Extension" version 4.3.2 stopped successfully.
2025-01-30 18:48:41,751 INFO c.h.h.t.HelmChartContainer - [test-hivemq-platform] [hivemq] [c960f2fc] INFO  - Stopping extension with id hivemq-prometheus-extension
2025-01-30 18:48:41,755 INFO c.h.h.t.HelmChartContainer - [test-hivemq-platform] [hivemq] [c960f2fc] INFO  - Extension "Prometheus Monitoring Extension" version 4.0.12 stopped successfully.
2025-01-30 18:48:41,755 INFO c.h.h.t.HelmChartContainer - [test-hivemq-platform] [hivemq] [c960f2fc] INFO  - Stopping extension with id hivemq-allow-all-extension
2025-01-30 18:48:41,755 INFO c.h.h.t.HelmChartContainer - [test-hivemq-platform] [hivemq] [c960f2fc] INFO  - Extension "Allow All Extension" version 1.1.1 stopped successfully.
2025-01-30 18:48:41,762 INFO c.h.h.t.HelmChartContainer - [test-hivemq-platform] [hivemq] [e7cb2377] INFO  - Cluster nodes found by discovery: [fWqH6|7] (2) [fWqH6, iDJRi].
2025-01-30 18:48:41,765 INFO c.h.h.t.HelmChartContainer - [test-hivemq-platform] [hivemq] [3b83b55f] INFO  - Cluster nodes found by discovery: [fWqH6|7] (2) [fWqH6, iDJRi].
2025-01-30 18:48:41,766 INFO c.h.h.t.HelmChartContainer - [test-hivemq-platform] [hivemq] [e7cb2377] INFO  - Cluster size = 2, members : [iDJRi, fWqH6].
2025-01-30 18:48:41,777 INFO c.h.h.t.HelmChartContainer - [test-hivemq-platform] [hivemq] [3b83b55f] INFO  - Cluster size = 2, members : [iDJRi, fWqH6].
2025-01-30 18:48:41,782 INFO c.h.h.t.HelmChartContainer - [test-hivemq-platform] [hivemq] [e7cb2377] INFO  - Starting cluster replication process. This may take a while. Please do not shut down HiveMQ.
2025-01-30 18:48:41,785 INFO c.h.h.t.HelmChartContainer - [test-hivemq-platform] [hivemq] [3b83b55f] INFO  - Starting cluster replication process. This may take a while. Please do not shut down HiveMQ.
2025-01-30 18:48:42,132 INFO c.h.h.t.HelmChartContainer - [test-hivemq-platform] [hivemq] [e7cb2377] INFO  - Finished cluster replication successfully in 350 ms.
2025-01-30 18:48:42,141 INFO c.h.h.t.HelmChartContainer - [test-hivemq-platform] [hivemq] [3b83b55f] INFO  - Finished cluster replication successfully in 358 ms.
2025-01-30 18:48:42,155 INFO c.h.h.t.HelmChartContainer - [test-hivemq-platform] [hivemq] [c960f2fc] INFO  - [HiveMQ Platform Operator Init App 1.7.0-SNAPSHOT] Returning shutdown Health API response 503 for readiness
2025-01-30 18:48:42,159 INFO c.h.h.t.HelmChartContainer - [EVENT] Warning [Unhealthy] Readiness probe failed: HTTP probe failed with statuscode: 503 [helmvolumeclaimtemplatesit:test-hivemq-platform-2]
2025-01-30 18:48:42,159 INFO c.h.h.t.HelmChartContainer - Received Unhealthy event for container hivemq in pod test-hivemq-platform-2 [c960f2fc-847b-4123-8261-b7eb82af5814]
2025-01-30 18:48:44,041 INFO c.h.h.t.HelmChartContainer - [test-hivemq-platform] [hivemq] [c960f2fc] INFO  - Shutdown completed.
2025-01-30 18:48:44,393 INFO c.h.h.t.HelmChartContainer - [test-hivemq-platform] [hivemq] [c960f2fc] INFO  - [HiveMQ Platform Operator Init App 1.7.0-SNAPSHOT] The HiveMQ Platform exited with code 143
2025-01-30 18:48:44,393 INFO c.h.h.t.HelmChartContainer - [test-hivemq-platform] [hivemq] [c960f2fc] INFO  - [HiveMQ Platform Operator Init App 1.7.0-SNAPSHOT] Stopping the REST API
2025-01-30 18:48:44,402 INFO c.h.h.t.HelmChartContainer - [test-hivemq-platform] [hivemq] [c960f2fc] INFO  - [HiveMQ Platform Operator Init App 1.7.0-SNAPSHOT] Shutdown complete
2025-01-30 18:48:44,903 INFO c.h.h.t.HelmChartContainer - [POD] test-hivemq-platform-2 [c960f2fc-847b-4123-8261-b7eb82af5814] in helmvolumeclaimtemplatesit was MODIFIED
2025-01-30 18:48:44,922 INFO c.h.h.t.HelmChartContainer - [hivemq-test-hivemq-platform] [hivemq-platform-operator] [3dd68f49] 18:48:44.910 [pool-6-thread-1] DEBUG c.h.p.o.d.PlatformServiceResource - [helmvolu] Desired Platform services (3 services)
2025-01-30 18:48:44,922 INFO c.h.h.t.HelmChartContainer - [hivemq-test-hivemq-platform] [hivemq-platform-operator] [3dd68f49] 18:48:44.910 [pool-6-thread-9] DEBUG c.h.p.o.dependants.PodInfoConfigMap - [helmvolu] Desired PodInfo ConfigMap (1 extensions) (1 enabled)
2025-01-30 18:48:44,922 INFO c.h.h.t.HelmChartContainer - [hivemq-test-hivemq-platform] [hivemq-platform-operator] [3dd68f49] 18:48:44.910 [pool-6-thread-9] DEBUG c.h.p.o.dependants.PodInfoConfigMap - [helmvolu] Desired PodInfo ConfigMap (metrics port: 9399) (metrics path: /)
2025-01-30 18:48:44,922 INFO c.h.h.t.HelmChartContainer - [hivemq-test-hivemq-platform] [hivemq-platform-operator] [3dd68f49] 18:48:44.910 [pool-6-thread-9] DEBUG c.h.p.o.dependants.PodInfoConfigMap - [helmvolu] Desired PodInfo ConfigMap (extension state hash: -1817474005)
2025-01-30 18:48:44,922 INFO c.h.h.t.HelmChartContainer - [hivemq-test-hivemq-platform] [hivemq-platform-operator] [3dd68f49] 18:48:44.912 [pool-6-thread-9] DEBUG c.h.p.o.d.PodServiceAccountResource - [helmvolu] Desired PodServiceAccountResource (serviceAccountName: hivemq-platform-pod-test-hivemq-platform)
2025-01-30 18:48:44,922 INFO c.h.h.t.HelmChartContainer - [hivemq-test-hivemq-platform] [hivemq-platform-operator] [3dd68f49] 18:48:44.915 [pool-6-thread-1] DEBUG c.h.p.o.d.StatefulSetResource - [helmvolu] Desired StatefulSet (2 replicas) for status ROLLING_RESTART (SCALE_DOWN_IN_PROGRESS)
2025-01-30 18:48:44,922 INFO c.h.h.t.HelmChartContainer - [hivemq-test-hivemq-platform] [hivemq-platform-operator] [3dd68f49] 18:48:44.918 [ReconcilerExecutor-hivemq-controller-124] INFO  c.h.p.o.HiveMQPlatformReconciler - [helmvolu] Reconciling HiveMQ Platform 'test-hivemq-platform' in namespace 'helmvolumeclaimtemplatesit'
2025-01-30 18:48:44,922 INFO c.h.h.t.HelmChartContainer - [hivemq-test-hivemq-platform] [hivemq-platform-operator] [3dd68f49] 18:48:44.918 [ReconcilerExecutor-hivemq-controller-124] DEBUG c.h.p.o.HiveMQPlatformReconciler - [helmvolu] Custom Resource Status ROLLING_RESTART - HiveMQ Platform is stopping the surge Pod (rolling restart) (SCALE_DOWN_IN_PROGRESS)
2025-01-30 18:48:44,922 INFO c.h.h.t.HelmChartContainer - [hivemq-test-hivemq-platform] [hivemq-platform-operator] [3dd68f49] 18:48:44.918 [ReconcilerExecutor-hivemq-controller-124] DEBUG c.h.p.o.HiveMQPlatformReconciler - [helmvolu] Custom Resource Spec (replicas: 2) (extensions: 1)
2025-01-30 18:48:44,924 INFO c.h.h.t.HelmChartContainer - [hivemq-test-hivemq-platform] [hivemq-platform-operator] [3dd68f49] 18:48:44.919 [ReconcilerExecutor-hivemq-controller-124] DEBUG c.h.p.o.HiveMQPlatformReconciler - [helmvolu] StatefulSet Status (revision: test-hivemq-platform-59475f86c9, replicas: 3, available: 3, ready: 3, current: 0, updated: 2)
2025-01-30 18:48:44,924 INFO c.h.h.t.HelmChartContainer - [hivemq-test-hivemq-platform] [hivemq-platform-operator] [3dd68f49] 18:48:44.919 [ReconcilerExecutor-hivemq-controller-124] DEBUG c.h.p.o.HiveMQPlatformReconciler - [helmvolu] StatefulSet Spec (replicas: 2, init containers: 1, containers: 1, volumes: 4)
2025-01-30 18:48:44,924 INFO c.h.h.t.HelmChartContainer - [hivemq-test-hivemq-platform] [hivemq-platform-operator] [3dd68f49] 18:48:44.920 [ReconcilerExecutor-hivemq-controller-124] DEBUG c.h.p.o.h.HiveMQPlatformReconcilerErrorHandler - [helmvolu] Pod 'test-hivemq-platform-1' phase Running
2025-01-30 18:48:44,924 INFO c.h.h.t.HelmChartContainer - [hivemq-test-hivemq-platform] [hivemq-platform-operator] [3dd68f49] 18:48:44.923 [ReconcilerExecutor-hivemq-controller-124] DEBUG c.h.p.o.h.HiveMQPlatformReconcilerErrorHandler - [helmvolu] Pod 'test-hivemq-platform-0' phase Running
2025-01-30 18:48:44,925 INFO c.h.h.t.HelmChartContainer - [hivemq-test-hivemq-platform] [hivemq-platform-operator] [3dd68f49] 18:48:44.923 [ReconcilerExecutor-hivemq-controller-124] DEBUG c.h.p.o.h.HiveMQPlatformReconcilerRollingRestartHandler - [helmvolu] Rolling restart is waiting for 3 of 2 replicas
2025-01-30 18:48:44,959 INFO c.h.h.t.HelmChartContainer - [hivemq-test-hivemq-platform] [hivemq-platform-operator] [3dd68f49] 18:48:44.958 [pool-6-thread-17] DEBUG c.h.p.o.d.PlatformServiceResource - [helmvolu] Desired Platform services (3 services)
2025-01-30 18:48:44,960 INFO c.h.h.t.HelmChartContainer - [hivemq-test-hivemq-platform] [hivemq-platform-operator] [3dd68f49] 18:48:44.959 [pool-6-thread-15] DEBUG c.h.p.o.dependants.PodInfoConfigMap - [helmvolu] Desired PodInfo ConfigMap (1 extensions) (1 enabled)
2025-01-30 18:48:44,960 INFO c.h.h.t.HelmChartContainer - [hivemq-test-hivemq-platform] [hivemq-platform-operator] [3dd68f49] 18:48:44.959 [pool-6-thread-15] DEBUG c.h.p.o.dependants.PodInfoConfigMap - [helmvolu] Desired PodInfo ConfigMap (metrics port: 9399) (metrics path: /)
2025-01-30 18:48:44,960 INFO c.h.h.t.HelmChartContainer - [hivemq-test-hivemq-platform] [hivemq-platform-operator] [3dd68f49] 18:48:44.959 [pool-6-thread-15] DEBUG c.h.p.o.dependants.PodInfoConfigMap - [helmvolu] Desired PodInfo ConfigMap (extension state hash: -1817474005)
2025-01-30 18:48:44,960 INFO c.h.h.t.HelmChartContainer - [hivemq-test-hivemq-platform] [hivemq-platform-operator] [3dd68f49] 18:48:44.959 [pool-6-thread-12] DEBUG c.h.p.o.d.PodServiceAccountResource - [helmvolu] Desired PodServiceAccountResource (serviceAccountName: hivemq-platform-pod-test-hivemq-platform)
2025-01-30 18:48:44,978 INFO c.h.h.t.HelmChartContainer - [hivemq-test-hivemq-platform] [hivemq-platform-operator] [3dd68f49] 18:48:44.976 [pool-6-thread-17] DEBUG c.h.p.o.d.StatefulSetResource - [helmvolu] Desired StatefulSet (2 replicas) for status ROLLING_RESTART (SCALE_DOWN_IN_PROGRESS)
2025-01-30 18:48:44,980 INFO c.h.h.t.HelmChartContainer - [hivemq-test-hivemq-platform] [hivemq-platform-operator] [3dd68f49] 18:48:44.980 [ReconcilerExecutor-hivemq-controller-125] INFO  c.h.p.o.HiveMQPlatformReconciler - [helmvolu] Reconciling HiveMQ Platform 'test-hivemq-platform' in namespace 'helmvolumeclaimtemplatesit'
2025-01-30 18:48:44,982 INFO c.h.h.t.HelmChartContainer - [hivemq-test-hivemq-platform] [hivemq-platform-operator] [3dd68f49] 18:48:44.980 [ReconcilerExecutor-hivemq-controller-125] DEBUG c.h.p.o.HiveMQPlatformReconciler - [helmvolu] Custom Resource Status ROLLING_RESTART - HiveMQ Platform is stopping the surge Pod (rolling restart) (SCALE_DOWN_IN_PROGRESS)
2025-01-30 18:48:44,983 INFO c.h.h.t.HelmChartContainer - [hivemq-test-hivemq-platform] [hivemq-platform-operator] [3dd68f49] 18:48:44.980 [ReconcilerExecutor-hivemq-controller-125] DEBUG c.h.p.o.HiveMQPlatformReconciler - [helmvolu] Custom Resource Spec (replicas: 2) (extensions: 1)
2025-01-30 18:48:44,983 INFO c.h.h.t.HelmChartContainer - [hivemq-test-hivemq-platform] [hivemq-platform-operator] [3dd68f49] 18:48:44.981 [ReconcilerExecutor-hivemq-controller-125] DEBUG c.h.p.o.HiveMQPlatformReconciler - [helmvolu] StatefulSet Status (revision: test-hivemq-platform-59475f86c9, replicas: 3, available: 2, ready: 2, current: 0, updated: 2)
2025-01-30 18:48:44,983 INFO c.h.h.t.HelmChartContainer - [hivemq-test-hivemq-platform] [hivemq-platform-operator] [3dd68f49] 18:48:44.981 [ReconcilerExecutor-hivemq-controller-125] DEBUG c.h.p.o.HiveMQPlatformReconciler - [helmvolu] StatefulSet Spec (replicas: 2, init containers: 1, containers: 1, volumes: 4)
2025-01-30 18:48:44,988 INFO c.h.h.t.HelmChartContainer - [hivemq-test-hivemq-platform] [hivemq-platform-operator] [3dd68f49] 18:48:44.985 [ReconcilerExecutor-hivemq-controller-125] DEBUG c.h.p.o.h.HiveMQPlatformReconcilerErrorHandler - [helmvolu] Pod 'test-hivemq-platform-1' phase Running
2025-01-30 18:48:44,988 INFO c.h.h.t.HelmChartContainer - [hivemq-test-hivemq-platform] [hivemq-platform-operator] [3dd68f49] 18:48:44.986 [ReconcilerExecutor-hivemq-controller-125] DEBUG c.h.p.o.h.HiveMQPlatformReconcilerErrorHandler - [helmvolu] Pod 'test-hivemq-platform-0' phase Running
2025-01-30 18:48:44,990 INFO c.h.h.t.HelmChartContainer - [hivemq-test-hivemq-platform] [hivemq-platform-operator] [3dd68f49] 18:48:44.989 [ReconcilerExecutor-hivemq-controller-125] INFO  c.h.p.o.h.HiveMQPlatformReconcilerRollingRestartHandler - [helmvolu] Rolling restart is done
2025-01-30 18:48:45,022 INFO c.h.h.t.HelmChartContainer - [K3S] [scope.go:117] "RemoveContainer" containerID="aaa77dbea125c324765fa4d67cb8cafba4c7c7a1f3240227bc06beef332a606c"
2025-01-30 18:48:45,026 INFO c.h.h.t.HelmChartContainer - [K3S] [scope.go:117] "RemoveContainer" containerID="f6db5286cd1eab82d19e317bc687b7e3e401c87d8c421da55444a31d98355e5a"
2025-01-30 18:48:45,029 INFO c.h.h.t.HelmChartContainer - [K3S] [scope.go:117] "RemoveContainer" containerID="aaa77dbea125c324765fa4d67cb8cafba4c7c7a1f3240227bc06beef332a606c"
2025-01-30 18:48:45,030 INFO c.h.h.t.HelmChartContainer - [K3S] [scope.go:117] "RemoveContainer" containerID="f6db5286cd1eab82d19e317bc687b7e3e401c87d8c421da55444a31d98355e5a"
2025-01-30 18:48:45,038 INFO c.h.h.t.HelmChartContainer - [EVENT] Normal [Ready] HiveMQ Platform is ready [helmvolumeclaimtemplatesit:test-hivemq-platform]
2025-01-30 18:48:45,040 INFO c.h.h.t.HelmChartContainer - [hivemq-test-hivemq-platform] [hivemq-platform-operator] [3dd68f49] 18:48:45.039 [ReconcilerExecutor-hivemq-controller-125] DEBUG c.h.p.operator.event.EventSender - [helmvolu] Updating K8s event hivemq-platform-ready: [Ready] HiveMQ Platform is ready
2025-01-30 18:48:45,040 INFO c.h.h.t.HelmChartContainer - [hivemq-test-hivemq-platform] [hivemq-platform-operator] [3dd68f49] 18:48:45.039 [ReconcilerExecutor-hivemq-controller-125] INFO  c.h.p.o.h.AbstractHiveMQReconcilerStateHandler - [helmvolu] Update HiveMQ Platform Status (ROLLING_RESTART [SCALE_DOWN_IN_PROGRESS] -> RUNNING [READY]): HiveMQ Platform is ready
2025-01-30 18:48:45,049 DEBUG com.hivemq.helmcharts.util.K8sUtil - Comparing actual state 'RUNNING' and waiting for 'RUNNING'
2025-01-30 18:48:45,051 INFO c.h.h.t.HelmChartContainer - [K3S] [reconciler_common.go:162] "operationExecutor.UnmountVolume started for volume \"operator-init\" (UniqueName: \"kubernetes.io/empty-dir/c960f2fc-847b-4123-8261-b7eb82af5814-operator-init\") pod \"c960f2fc-847b-4123-8261-b7eb82af5814\" (UID: \"c960f2fc-847b-4123-8261-b7eb82af5814\") "
2025-01-30 18:48:45,051 INFO c.h.h.t.HelmChartContainer - [K3S] [reconciler_common.go:162] "operationExecutor.UnmountVolume started for volume \"hivemq-pvc-data\" (UniqueName: \"kubernetes.io/local-volume/pvc-90c32944-931a-47eb-9823-fee7d2b29fb7\") pod \"c960f2fc-847b-4123-8261-b7eb82af5814\" (UID: \"c960f2fc-847b-4123-8261-b7eb82af5814\") "
2025-01-30 18:48:45,051 INFO c.h.h.t.HelmChartContainer - [K3S] [reconciler_common.go:162] "operationExecutor.UnmountVolume started for volume \"pod-info\" (UniqueName: \"kubernetes.io/configmap/c960f2fc-847b-4123-8261-b7eb82af5814-pod-info\") pod \"c960f2fc-847b-4123-8261-b7eb82af5814\" (UID: \"c960f2fc-847b-4123-8261-b7eb82af5814\") "
2025-01-30 18:48:45,052 INFO c.h.h.t.HelmChartContainer - [K3S] [reconciler_common.go:162] "operationExecutor.UnmountVolume started for volume \"kube-api-access-sqlbk\" (UniqueName: \"kubernetes.io/projected/c960f2fc-847b-4123-8261-b7eb82af5814-kube-api-access-sqlbk\") pod \"c960f2fc-847b-4123-8261-b7eb82af5814\" (UID: \"c960f2fc-847b-4123-8261-b7eb82af5814\") "
2025-01-30 18:48:45,052 INFO c.h.h.t.HelmChartContainer - [K3S] [reconciler_common.go:162] "operationExecutor.UnmountVolume started for volume \"broker-configuration\" (UniqueName: \"kubernetes.io/configmap/c960f2fc-847b-4123-8261-b7eb82af5814-broker-configuration\") pod \"c960f2fc-847b-4123-8261-b7eb82af5814\" (UID: \"c960f2fc-847b-4123-8261-b7eb82af5814\") "
2025-01-30 18:48:45,152 INFO c.h.h.t.HelmChartContainer - [K3S] [reconciler_common.go:299] "Volume detached for volume \"broker-configuration\" (UniqueName: \"kubernetes.io/configmap/c960f2fc-847b-4123-8261-b7eb82af5814-broker-configuration\") on node \"3c74c6b68004\" DevicePath \"\""
2025-01-30 18:48:45,152 INFO c.h.h.t.HelmChartContainer - [K3S] [reconciler_common.go:292] "operationExecutor.UnmountDevice started for volume \"pvc-90c32944-931a-47eb-9823-fee7d2b29fb7\" (UniqueName: \"kubernetes.io/local-volume/pvc-90c32944-931a-47eb-9823-fee7d2b29fb7\") on node \"3c74c6b68004\" "
2025-01-30 18:48:45,152 INFO c.h.h.t.HelmChartContainer - [K3S] [reconciler_common.go:299] "Volume detached for volume \"operator-init\" (UniqueName: \"kubernetes.io/empty-dir/c960f2fc-847b-4123-8261-b7eb82af5814-operator-init\") on node \"3c74c6b68004\" DevicePath \"\""
2025-01-30 18:48:45,152 INFO c.h.h.t.HelmChartContainer - [K3S] [reconciler_common.go:299] "Volume detached for volume \"pod-info\" (UniqueName: \"kubernetes.io/configmap/c960f2fc-847b-4123-8261-b7eb82af5814-pod-info\") on node \"3c74c6b68004\" DevicePath \"\""
2025-01-30 18:48:45,152 INFO c.h.h.t.HelmChartContainer - [K3S] [reconciler_common.go:299] "Volume detached for volume \"kube-api-access-sqlbk\" (UniqueName: \"kubernetes.io/projected/c960f2fc-847b-4123-8261-b7eb82af5814-kube-api-access-sqlbk\") on node \"3c74c6b68004\" DevicePath \"\""
2025-01-30 18:48:45,253 INFO c.h.h.t.HelmChartContainer - [K3S] [reconciler_common.go:299] "Volume detached for volume \"pvc-90c32944-931a-47eb-9823-fee7d2b29fb7\" (UniqueName: \"kubernetes.io/local-volume/pvc-90c32944-931a-47eb-9823-fee7d2b29fb7\") on node \"3c74c6b68004\" DevicePath \"\""
2025-01-30 18:48:45,277 INFO c.h.h.t.HelmChartContainer - [test-hivemq-platform] [hivemq] [3b83b55f] INFO  - [HiveMQ Platform Operator Init App 1.7.0-SNAPSHOT] Returning Health API response 200 for liveness
2025-01-30 18:48:45,337 INFO c.h.h.t.HelmChartContainer - [POD] test-hivemq-platform-2 [c960f2fc-847b-4123-8261-b7eb82af5814] in helmvolumeclaimtemplatesit was MODIFIED
2025-01-30 18:48:45,341 INFO c.h.h.t.HelmChartContainer - [POD] test-hivemq-platform-2 [c960f2fc-847b-4123-8261-b7eb82af5814] in helmvolumeclaimtemplatesit was DELETED
2025-01-30 18:48:45,349 INFO c.h.h.t.HelmChartContainer - [hivemq-test-hivemq-platform] [hivemq-platform-operator] [3dd68f49] 18:48:45.345 [pool-6-thread-27] DEBUG c.h.p.o.d.PlatformServiceResource - [helmvolu] Desired Platform services (3 services)
2025-01-30 18:48:45,352 INFO c.h.h.t.HelmChartContainer - [hivemq-test-hivemq-platform] [hivemq-platform-operator] [3dd68f49] 18:48:45.347 [pool-6-thread-22] DEBUG c.h.p.o.d.PodServiceAccountResource - [helmvolu] Desired PodServiceAccountResource (serviceAccountName: hivemq-platform-pod-test-hivemq-platform)
2025-01-30 18:48:45,352 INFO c.h.h.t.HelmChartContainer - [hivemq-test-hivemq-platform] [hivemq-platform-operator] [3dd68f49] 18:48:45.347 [pool-6-thread-21] DEBUG c.h.p.o.dependants.PodInfoConfigMap - [helmvolu] Desired PodInfo ConfigMap (1 extensions) (1 enabled)
2025-01-30 18:48:45,352 INFO c.h.h.t.HelmChartContainer - [hivemq-test-hivemq-platform] [hivemq-platform-operator] [3dd68f49] 18:48:45.347 [pool-6-thread-21] DEBUG c.h.p.o.dependants.PodInfoConfigMap - [helmvolu] Desired PodInfo ConfigMap (metrics port: 9399) (metrics path: /)
2025-01-30 18:48:45,352 INFO c.h.h.t.HelmChartContainer - [hivemq-test-hivemq-platform] [hivemq-platform-operator] [3dd68f49] 18:48:45.347 [pool-6-thread-21] DEBUG c.h.p.o.dependants.PodInfoConfigMap - [helmvolu] Desired PodInfo ConfigMap (extension state hash: -1817474005)
2025-01-30 18:48:45,352 INFO c.h.h.t.HelmChartContainer - [hivemq-test-hivemq-platform] [hivemq-platform-operator] [3dd68f49] 18:48:45.348 [pool-6-thread-21] DEBUG c.h.p.o.dependants.PodInfoConfigMap - [helmvolu] Update PodInfo ConfigMap
2025-01-30 18:48:45,361 INFO c.h.h.t.HelmChartContainer - [hivemq-test-hivemq-platform] [hivemq-platform-operator] [3dd68f49] 18:48:45.360 [pool-6-thread-21] DEBUG c.h.p.o.d.StatefulSetResource - [helmvolu] Desired StatefulSet (2 replicas) for status RUNNING (READY)
2025-01-30 18:48:45,435 INFO c.h.h.t.HelmChartContainer - [hivemq-test-hivemq-platform] [hivemq-platform-operator] [3dd68f49] 18:48:45.434 [ReconcilerExecutor-hivemq-controller-126] INFO  c.h.p.o.HiveMQPlatformReconciler - [helmvolu] Reconciling HiveMQ Platform 'test-hivemq-platform' in namespace 'helmvolumeclaimtemplatesit'
2025-01-30 18:48:45,435 INFO c.h.h.t.HelmChartContainer - [hivemq-test-hivemq-platform] [hivemq-platform-operator] [3dd68f49] 18:48:45.434 [ReconcilerExecutor-hivemq-controller-126] DEBUG c.h.p.o.HiveMQPlatformReconciler - [helmvolu] Custom Resource Status RUNNING - HiveMQ Platform is ready (READY)
2025-01-30 18:48:45,436 INFO c.h.h.t.HelmChartContainer - [hivemq-test-hivemq-platform] [hivemq-platform-operator] [3dd68f49] 18:48:45.434 [ReconcilerExecutor-hivemq-controller-126] DEBUG c.h.p.o.HiveMQPlatformReconciler - [helmvolu] Custom Resource Spec (replicas: 2) (extensions: 1)
2025-01-30 18:48:45,436 INFO c.h.h.t.HelmChartContainer - [hivemq-test-hivemq-platform] [hivemq-platform-operator] [3dd68f49] 18:48:45.436 [ReconcilerExecutor-hivemq-controller-126] DEBUG c.h.p.o.HiveMQPlatformReconciler - [helmvolu] StatefulSet Status (revision: test-hivemq-platform-59475f86c9, replicas: 2, available: 2, ready: 2, current: 0, updated: 2)
2025-01-30 18:48:45,436 INFO c.h.h.t.HelmChartContainer - [hivemq-test-hivemq-platform] [hivemq-platform-operator] [3dd68f49] 18:48:45.436 [ReconcilerExecutor-hivemq-controller-126] DEBUG c.h.p.o.HiveMQPlatformReconciler - [helmvolu] StatefulSet Spec (replicas: 2, init containers: 1, containers: 1, volumes: 4)
2025-01-30 18:48:45,437 INFO c.h.h.t.HelmChartContainer - [hivemq-test-hivemq-platform] [hivemq-platform-operator] [3dd68f49] 18:48:45.437 [ReconcilerExecutor-hivemq-controller-126] DEBUG c.h.p.o.h.HiveMQPlatformReconcilerErrorHandler - [helmvolu] Pod 'test-hivemq-platform-1' phase Running
2025-01-30 18:48:45,438 INFO c.h.h.t.HelmChartContainer - [hivemq-test-hivemq-platform] [hivemq-platform-operator] [3dd68f49] 18:48:45.438 [ReconcilerExecutor-hivemq-controller-126] DEBUG c.h.p.o.h.HiveMQPlatformReconcilerErrorHandler - [helmvolu] Pod 'test-hivemq-platform-0' phase Running
2025-01-30 18:48:45,442 INFO c.h.h.t.HelmChartContainer - [hivemq-test-hivemq-platform] [hivemq-platform-operator] [3dd68f49] 18:48:45.440 [pool-6-thread-39] DEBUG c.h.p.o.d.PlatformServiceResource - [helmvolu] Desired Platform services (3 services)
2025-01-30 18:48:45,442 INFO c.h.h.t.HelmChartContainer - [hivemq-test-hivemq-platform] [hivemq-platform-operator] [3dd68f49] 18:48:45.440 [pool-6-thread-35] DEBUG c.h.p.o.dependants.PodInfoConfigMap - [helmvolu] Desired PodInfo ConfigMap (1 extensions) (1 enabled)
2025-01-30 18:48:45,442 INFO c.h.h.t.HelmChartContainer - [hivemq-test-hivemq-platform] [hivemq-platform-operator] [3dd68f49] 18:48:45.440 [pool-6-thread-35] DEBUG c.h.p.o.dependants.PodInfoConfigMap - [helmvolu] Desired PodInfo ConfigMap (metrics port: 9399) (metrics path: /)
2025-01-30 18:48:45,442 INFO c.h.h.t.HelmChartContainer - [hivemq-test-hivemq-platform] [hivemq-platform-operator] [3dd68f49] 18:48:45.440 [pool-6-thread-35] DEBUG c.h.p.o.dependants.PodInfoConfigMap - [helmvolu] Desired PodInfo ConfigMap (extension state hash: -1817474005)
2025-01-30 18:48:45,442 INFO c.h.h.t.HelmChartContainer - [hivemq-test-hivemq-platform] [hivemq-platform-operator] [3dd68f49] 18:48:45.441 [pool-6-thread-37] DEBUG c.h.p.o.d.PodServiceAccountResource - [helmvolu] Desired PodServiceAccountResource (serviceAccountName: hivemq-platform-pod-test-hivemq-platform)
2025-01-30 18:48:45,443 INFO c.h.h.t.HelmChartContainer - [hivemq-test-hivemq-platform] [hivemq-platform-operator] [3dd68f49] 18:48:45.443 [pool-6-thread-39] DEBUG c.h.p.o.d.StatefulSetResource - [helmvolu] Desired StatefulSet (2 replicas) for status RUNNING (READY)
2025-01-30 18:48:45,446 INFO c.h.h.t.HelmChartContainer - [hivemq-test-hivemq-platform] [hivemq-platform-operator] [3dd68f49] 18:48:45.445 [ReconcilerExecutor-hivemq-controller-126] INFO  c.h.p.o.HiveMQPlatformReconciler - [helmvolu] Reconciling HiveMQ Platform 'test-hivemq-platform' in namespace 'helmvolumeclaimtemplatesit'
2025-01-30 18:48:45,446 INFO c.h.h.t.HelmChartContainer - [hivemq-test-hivemq-platform] [hivemq-platform-operator] [3dd68f49] 18:48:45.445 [ReconcilerExecutor-hivemq-controller-126] DEBUG c.h.p.o.HiveMQPlatformReconciler - [helmvolu] Custom Resource Status RUNNING - HiveMQ Platform is ready (READY)
2025-01-30 18:48:45,446 INFO c.h.h.t.HelmChartContainer - [hivemq-test-hivemq-platform] [hivemq-platform-operator] [3dd68f49] 18:48:45.445 [ReconcilerExecutor-hivemq-controller-126] DEBUG c.h.p.o.HiveMQPlatformReconciler - [helmvolu] Custom Resource Spec (replicas: 2) (extensions: 1)
2025-01-30 18:48:45,447 INFO c.h.h.t.HelmChartContainer - [hivemq-test-hivemq-platform] [hivemq-platform-operator] [3dd68f49] 18:48:45.446 [ReconcilerExecutor-hivemq-controller-126] DEBUG c.h.p.o.HiveMQPlatformReconciler - [helmvolu] StatefulSet Status (revision: test-hivemq-platform-59475f86c9, replicas: 2, available: 2, ready: 2, current: 0, updated: 2)
2025-01-30 18:48:45,447 INFO c.h.h.t.HelmChartContainer - [hivemq-test-hivemq-platform] [hivemq-platform-operator] [3dd68f49] 18:48:45.446 [ReconcilerExecutor-hivemq-controller-126] DEBUG c.h.p.o.HiveMQPlatformReconciler - [helmvolu] StatefulSet Spec (replicas: 2, init containers: 1, containers: 1, volumes: 4)
2025-01-30 18:48:45,448 INFO c.h.h.t.HelmChartContainer - [hivemq-test-hivemq-platform] [hivemq-platform-operator] [3dd68f49] 18:48:45.447 [ReconcilerExecutor-hivemq-controller-126] DEBUG c.h.p.o.h.HiveMQPlatformReconcilerErrorHandler - [helmvolu] Pod 'test-hivemq-platform-1' phase Running
2025-01-30 18:48:45,449 INFO c.h.h.t.HelmChartContainer - [hivemq-test-hivemq-platform] [hivemq-platform-operator] [3dd68f49] 18:48:45.448 [ReconcilerExecutor-hivemq-controller-126] DEBUG c.h.p.o.h.HiveMQPlatformReconcilerErrorHandler - [helmvolu] Pod 'test-hivemq-platform-0' phase Running
2025-01-30 18:48:46,301 INFO c.h.h.t.HelmChartContainer - [K3S] [kubelet_volumes.go:163] "Cleaned up orphaned pod volumes dir" podUID="c960f2fc-847b-4123-8261-b7eb82af5814" path="/var/lib/kubelet/pods/c960f2fc-847b-4123-8261-b7eb82af5814/volumes"
2025-01-30 18:48:47,143 DEBUG com.hivemq.helmcharts.util.PodUtil - Received status for command '[cat, /opt/hivemq/data/test-hivemq-platform-0.txt]' on pod 'test-hivemq-platform-0' (exit code: 0)
2025-01-30 18:48:47,233 DEBUG com.hivemq.helmcharts.util.PodUtil - Received status for command '[cat, /opt/hivemq/data/test-hivemq-platform-1.txt]' on pod 'test-hivemq-platform-1' (exit code: 0)
2025-01-30 18:48:47,234 INFO c.h.h.t.HelmChartContainer - Uninstalling release 'test-hivemq-platform' in namespace 'helmvolumeclaimtemplatesit'...
2025-01-30 18:48:47,234 DEBUG c.h.h.t.HelmChartContainer - Executing helm command: /bin/helm --kubeconfig /etc/rancher/k3s/k3s.yaml uninstall test-hivemq-platform  --wait --timeout 5m0s --cascade foreground --namespace helmvolumeclaimtemplatesit
2025-01-30 18:48:47,448 INFO c.h.h.t.HelmChartContainer - [hivemq-test-hivemq-platform] [hivemq-platform-operator] [3dd68f49] 18:48:47.443 [pool-6-thread-44] DEBUG c.h.p.o.d.PlatformServiceResource - [helmvolu] Desired Platform services (3 services)
2025-01-30 18:48:47,451 INFO c.h.h.t.HelmChartContainer - [hivemq-test-hivemq-platform] [hivemq-platform-operator] [3dd68f49] 18:48:47.444 [pool-6-thread-43] DEBUG c.h.p.o.dependants.PodInfoConfigMap - [helmvolu] Desired PodInfo ConfigMap (1 extensions) (1 enabled)
2025-01-30 18:48:47,451 INFO c.h.h.t.HelmChartContainer - [hivemq-test-hivemq-platform] [hivemq-platform-operator] [3dd68f49] 18:48:47.445 [pool-6-thread-43] DEBUG c.h.p.o.dependants.PodInfoConfigMap - [helmvolu] Desired PodInfo ConfigMap (metrics port: 9399) (metrics path: /)
2025-01-30 18:48:47,451 INFO c.h.h.t.HelmChartContainer - [hivemq-test-hivemq-platform] [hivemq-platform-operator] [3dd68f49] 18:48:47.445 [pool-6-thread-43] DEBUG c.h.p.o.dependants.PodInfoConfigMap - [helmvolu] Desired PodInfo ConfigMap (extension state hash: -1817474005)
2025-01-30 18:48:47,451 INFO c.h.h.t.HelmChartContainer - [hivemq-test-hivemq-platform] [hivemq-platform-operator] [3dd68f49] 18:48:47.448 [pool-6-thread-47] DEBUG c.h.p.o.d.StatefulSetResource - [helmvolu] Desired StatefulSet (2 replicas) for status RUNNING (READY)
2025-01-30 18:48:47,458 INFO c.h.h.t.HelmChartContainer - [hivemq-test-hivemq-platform] [hivemq-platform-operator] [3dd68f49] 18:48:47.450 [pool-6-thread-43] DEBUG c.h.p.o.d.PodServiceAccountResource - [helmvolu] Desired PodServiceAccountResource (serviceAccountName: hivemq-platform-pod-test-hivemq-platform)
2025-01-30 18:48:47,467 INFO c.h.h.t.HelmChartContainer - [hivemq-test-hivemq-platform] [hivemq-platform-operator] [3dd68f49] 18:48:47.453 [ReconcilerExecutor-hivemq-controller-128] INFO  c.h.p.o.HiveMQPlatformReconciler - [helmvolu] Reconciling HiveMQ Platform 'test-hivemq-platform' in namespace 'helmvolumeclaimtemplatesit'
2025-01-30 18:48:47,468 INFO c.h.h.t.HelmChartContainer - [hivemq-test-hivemq-platform] [hivemq-platform-operator] [3dd68f49] 18:48:47.453 [ReconcilerExecutor-hivemq-controller-128] DEBUG c.h.p.o.HiveMQPlatformReconciler - [helmvolu] Custom Resource Status RUNNING - HiveMQ Platform is ready (READY)
2025-01-30 18:48:47,468 INFO c.h.h.t.HelmChartContainer - [hivemq-test-hivemq-platform] [hivemq-platform-operator] [3dd68f49] 18:48:47.453 [ReconcilerExecutor-hivemq-controller-128] DEBUG c.h.p.o.HiveMQPlatformReconciler - [helmvolu] Custom Resource Spec (replicas: 2) (extensions: 1)
2025-01-30 18:48:47,468 INFO c.h.h.t.HelmChartContainer - [hivemq-test-hivemq-platform] [hivemq-platform-operator] [3dd68f49] 18:48:47.454 [ReconcilerExecutor-hivemq-controller-128] DEBUG c.h.p.o.HiveMQPlatformReconciler - [helmvolu] StatefulSet Status (revision: test-hivemq-platform-59475f86c9, replicas: 2, available: 2, ready: 2, current: 0, updated: 2)
2025-01-30 18:48:47,468 INFO c.h.h.t.HelmChartContainer - [hivemq-test-hivemq-platform] [hivemq-platform-operator] [3dd68f49] 18:48:47.454 [ReconcilerExecutor-hivemq-controller-128] DEBUG c.h.p.o.HiveMQPlatformReconciler - [helmvolu] StatefulSet Spec (replicas: 2, init containers: 1, containers: 1, volumes: 4)
2025-01-30 18:48:47,468 INFO c.h.h.t.HelmChartContainer - [hivemq-test-hivemq-platform] [hivemq-platform-operator] [3dd68f49] 18:48:47.455 [ReconcilerExecutor-hivemq-controller-128] DEBUG c.h.p.o.h.HiveMQPlatformReconcilerErrorHandler - [helmvolu] Pod 'test-hivemq-platform-1' phase Running
2025-01-30 18:48:47,468 INFO c.h.h.t.HelmChartContainer - [hivemq-test-hivemq-platform] [hivemq-platform-operator] [3dd68f49] 18:48:47.459 [ReconcilerExecutor-hivemq-controller-128] DEBUG c.h.p.o.h.HiveMQPlatformReconcilerErrorHandler - [helmvolu] Pod 'test-hivemq-platform-0' phase Running
2025-01-30 18:48:47,481 INFO c.h.h.t.HelmChartContainer - [hivemq-test-hivemq-platform] [hivemq-platform-operator] [3dd68f49] 18:48:47.479 [ReconcilerExecutor-hivemq-controller-128] INFO  c.h.p.o.HiveMQPlatformReconciler - [helmvolu] Cleanup test-hivemq-platform - helmvolumeclaimtemplatesit HiveMQ Platform is shut down
2025-01-30 18:48:48,056 INFO c.h.h.t.HelmChartContainer - [POD] test-hivemq-platform-0 [3b83b55f-8d0c-4a2f-81a4-09d3c001af27] in helmvolumeclaimtemplatesit was MODIFIED
2025-01-30 18:48:48,064 INFO c.h.h.t.HelmChartContainer - [EVENT] Normal [Killing] Stopping container hivemq [helmvolumeclaimtemplatesit:test-hivemq-platform-0]
2025-01-30 18:48:48,064 INFO c.h.h.t.HelmChartContainer - Received Killing event for container hivemq in pod test-hivemq-platform-0 [3b83b55f-8d0c-4a2f-81a4-09d3c001af27]
2025-01-30 18:48:48,064 INFO c.h.h.t.HelmChartContainer - Container [test-hivemq-platform-0] [hivemq] [3b83b55f-8d0c-4a2f-81a4-09d3c001af27] was terminated
2025-01-30 18:48:48,064 INFO c.h.h.t.HelmChartContainer - Stopped log watcher for hivemq in pod test-hivemq-platform-0 [3b83b55f-8d0c-4a2f-81a4-09d3c001af27]
2025-01-30 18:48:48,067 INFO c.h.h.t.HelmChartContainer - [test-hivemq-platform] [hivemq] [3b83b55f] INFO  - [HiveMQ Platform Operator Init App 1.7.0-SNAPSHOT] Shutting down
2025-01-30 18:48:48,067 INFO c.h.h.t.HelmChartContainer - [test-hivemq-platform] [hivemq] [3b83b55f] INFO  - [HiveMQ Platform Operator Init App 1.7.0-SNAPSHOT] Stopping the HiveMQ Platform
2025-01-30 18:48:48,084 INFO c.h.h.t.HelmChartContainer - [POD] test-hivemq-platform-1 [e7cb2377-e34f-4c4c-86c6-5ee599aa695e] in helmvolumeclaimtemplatesit was MODIFIED
2025-01-30 18:48:48,096 INFO c.h.h.t.HelmChartContainer - [EVENT] Normal [Killing] Stopping container hivemq [helmvolumeclaimtemplatesit:test-hivemq-platform-1]
2025-01-30 18:48:48,096 INFO c.h.h.t.HelmChartContainer - Received Killing event for container hivemq in pod test-hivemq-platform-1 [e7cb2377-e34f-4c4c-86c6-5ee599aa695e]
2025-01-30 18:48:48,096 INFO c.h.h.t.HelmChartContainer - Container [test-hivemq-platform-1] [hivemq] [e7cb2377-e34f-4c4c-86c6-5ee599aa695e] was terminated
2025-01-30 18:48:48,096 INFO c.h.h.t.HelmChartContainer - Stopped log watcher for hivemq in pod test-hivemq-platform-1 [e7cb2377-e34f-4c4c-86c6-5ee599aa695e]
2025-01-30 18:48:48,105 INFO c.h.h.t.HelmChartContainer - [test-hivemq-platform] [hivemq] [e7cb2377] INFO  - [HiveMQ Platform Operator Init App 1.7.0-SNAPSHOT] Shutting down
2025-01-30 18:48:48,105 INFO c.h.h.t.HelmChartContainer - [test-hivemq-platform] [hivemq] [e7cb2377] INFO  - [HiveMQ Platform Operator Init App 1.7.0-SNAPSHOT] Stopping the HiveMQ Platform
2025-01-30 18:48:48,126 INFO c.h.h.t.HelmChartContainer - [test-hivemq-platform] [hivemq] [e7cb2377] INFO  - [HiveMQ Platform Operator Init App 1.7.0-SNAPSHOT] Returning shutdown Health API response 503 for readiness
2025-01-30 18:48:48,134 INFO c.h.h.t.HelmChartContainer - [EVENT] Warning [Unhealthy] Readiness probe failed: HTTP probe failed with statuscode: 503 [helmvolumeclaimtemplatesit:test-hivemq-platform-1]
2025-01-30 18:48:48,134 INFO c.h.h.t.HelmChartContainer - Received Unhealthy event for container hivemq in pod test-hivemq-platform-1 [e7cb2377-e34f-4c4c-86c6-5ee599aa695e]
2025-01-30 18:48:48,189 INFO c.h.h.t.HelmChartContainer - [test-hivemq-platform] [hivemq] [3b83b55f] INFO  - Shutting down HiveMQ. Please wait, this could take a while...
2025-01-30 18:48:48,229 INFO c.h.h.t.HelmChartContainer - [test-hivemq-platform] [hivemq] [3b83b55f] INFO  - Shutting down listeners and clients
2025-01-30 18:48:48,232 INFO c.h.h.t.HelmChartContainer - [test-hivemq-platform] [hivemq] [3b83b55f] INFO  - Shutdown of listeners is done
2025-01-30 18:48:48,232 INFO c.h.h.t.HelmChartContainer - [test-hivemq-platform] [hivemq] [3b83b55f] INFO  - No clients are connected, proceeding with shutdown
2025-01-30 18:48:48,233 INFO c.h.h.t.HelmChartContainer - [test-hivemq-platform] [hivemq] [e7cb2377] INFO  - Shutting down HiveMQ. Please wait, this could take a while...
2025-01-30 18:48:48,316 INFO c.h.h.t.HelmChartContainer - [test-hivemq-platform] [hivemq] [e7cb2377] INFO  - Shutting down listeners and clients
2025-01-30 18:48:48,318 INFO c.h.h.t.HelmChartContainer - [test-hivemq-platform] [hivemq] [e7cb2377] INFO  - Shutdown of listeners is done
2025-01-30 18:48:48,318 INFO c.h.h.t.HelmChartContainer - [test-hivemq-platform] [hivemq] [e7cb2377] INFO  - No clients are connected, proceeding with shutdown
2025-01-30 18:48:48,493 INFO c.h.h.t.HelmChartContainer - [test-hivemq-platform] [hivemq] [3b83b55f] INFO  - [HiveMQ Platform Operator Init App 1.7.0-SNAPSHOT] Returning shutdown Health API response 503 for readiness
2025-01-30 18:48:48,497 INFO c.h.h.t.HelmChartContainer - [EVENT] Warning [Unhealthy] Readiness probe failed: HTTP probe failed with statuscode: 503 [helmvolumeclaimtemplatesit:test-hivemq-platform-0]
2025-01-30 18:48:48,497 INFO c.h.h.t.HelmChartContainer - Received Unhealthy event for container hivemq in pod test-hivemq-platform-0 [3b83b55f-8d0c-4a2f-81a4-09d3c001af27]
2025-01-30 18:48:48,617 INFO c.h.h.t.HelmChartContainer - [K3S] [authentication.go:74] "Unable to authenticate the request" err="[invalid bearer token, serviceaccounts \"hivemq-platform-pod-test-hivemq-platform\" not found]"
2025-01-30 18:48:48,637 INFO c.h.h.t.HelmChartContainer - [K3S] [authentication.go:74] "Unable to authenticate the request" err="[invalid bearer token, serviceaccounts \"hivemq-platform-pod-test-hivemq-platform\" not found]"
2025-01-30 18:48:48,723 INFO c.h.h.t.HelmChartContainer - [test-hivemq-platform] [hivemq] [e7cb2377] WARN  - [HiveMQ Platform Operator Init App 1.7.0-SNAPSHOT] Could not update Pod annotations: Failure executing: GET at: https://10.43.0.1:443/api/v1/namespaces/helmvolumeclaimtemplatesit/pods/test-hivemq-platform-1. Message: Unauthorized. Received status: Status(apiVersion=v1, code=401, details=null, kind=Status, message=Unauthorized, metadata=ListMeta(_continue=null, remainingItemCount=null, resourceVersion=null, selfLink=null, additionalProperties={}), reason=Unauthorized, status=Failure, additionalProperties={}).
2025-01-30 18:48:48,960 INFO c.h.h.t.HelmChartContainer - [K3S] [authentication.go:74] "Unable to authenticate the request" err="[invalid bearer token, serviceaccounts \"hivemq-platform-pod-test-hivemq-platform\" not found]"
2025-01-30 18:48:48,982 INFO c.h.h.t.HelmChartContainer - [K3S] [authentication.go:74] "Unable to authenticate the request" err="[invalid bearer token, serviceaccounts \"hivemq-platform-pod-test-hivemq-platform\" not found]"
2025-01-30 18:48:49,038 INFO c.h.h.t.HelmChartContainer - [test-hivemq-platform] [hivemq] [3b83b55f] WARN  - [HiveMQ Platform Operator Init App 1.7.0-SNAPSHOT] Could not update Pod annotations: Failure executing: GET at: https://10.43.0.1:443/api/v1/namespaces/helmvolumeclaimtemplatesit/pods/test-hivemq-platform-0. Message: Unauthorized. Received status: Status(apiVersion=v1, code=401, details=null, kind=Status, message=Unauthorized, metadata=ListMeta(_continue=null, remainingItemCount=null, resourceVersion=null, selfLink=null, additionalProperties={}), reason=Unauthorized, status=Failure, additionalProperties={}).
2025-01-30 18:48:49,503 INFO c.h.h.t.HelmChartContainer - Deleting namespace 'helmvolumeclaimtemplatesit'...
2025-01-30 18:48:51,533 INFO c.h.h.t.HelmChartContainer - [test-hivemq-platform] [hivemq] [3b83b55f] INFO  - Shutting down extension system
2025-01-30 18:48:51,535 INFO c.h.h.t.HelmChartContainer - [test-hivemq-platform] [hivemq] [3b83b55f] INFO  - Stopping extension with id hivemq-dns-cluster-discovery
2025-01-30 18:48:51,537 INFO c.h.h.t.HelmChartContainer - [test-hivemq-platform] [hivemq] [3b83b55f] INFO  - Extension "DNS Cluster Discovery Extension" version 4.3.2 stopped successfully.
2025-01-30 18:48:51,537 INFO c.h.h.t.HelmChartContainer - [test-hivemq-platform] [hivemq] [3b83b55f] INFO  - Stopping extension with id hivemq-prometheus-extension
2025-01-30 18:48:51,541 INFO c.h.h.t.HelmChartContainer - [test-hivemq-platform] [hivemq] [3b83b55f] INFO  - Extension "Prometheus Monitoring Extension" version 4.0.12 stopped successfully.
2025-01-30 18:48:51,541 INFO c.h.h.t.HelmChartContainer - [test-hivemq-platform] [hivemq] [3b83b55f] INFO  - Stopping extension with id hivemq-allow-all-extension
2025-01-30 18:48:51,541 INFO c.h.h.t.HelmChartContainer - [test-hivemq-platform] [hivemq] [3b83b55f] INFO  - Extension "Allow All Extension" version 1.1.1 stopped successfully.
2025-01-30 18:48:51,548 INFO c.h.h.t.HelmChartContainer - [test-hivemq-platform] [hivemq] [e7cb2377] INFO  - Cluster nodes found by discovery: [fWqH6|8] (1) [fWqH6].
2025-01-30 18:48:51,549 INFO c.h.h.t.HelmChartContainer - [test-hivemq-platform] [hivemq] [e7cb2377] INFO  - Cluster size = 1, members : [fWqH6].
2025-01-30 18:48:52,136 INFO c.h.h.t.HelmChartContainer - [test-hivemq-platform] [hivemq] [e7cb2377] INFO  - Shutting down extension system
2025-01-30 18:48:52,138 INFO c.h.h.t.HelmChartContainer - [test-hivemq-platform] [hivemq] [e7cb2377] INFO  - Stopping extension with id hivemq-dns-cluster-discovery
2025-01-30 18:48:52,138 INFO c.h.h.t.HelmChartContainer - [test-hivemq-platform] [hivemq] [e7cb2377] INFO  - Extension "DNS Cluster Discovery Extension" version 4.3.2 stopped successfully.
2025-01-30 18:48:52,139 INFO c.h.h.t.HelmChartContainer - [test-hivemq-platform] [hivemq] [e7cb2377] INFO  - Stopping extension with id hivemq-prometheus-extension
2025-01-30 18:48:52,143 INFO c.h.h.t.HelmChartContainer - [test-hivemq-platform] [hivemq] [e7cb2377] INFO  - Extension "Prometheus Monitoring Extension" version 4.0.12 stopped successfully.
2025-01-30 18:48:52,143 INFO c.h.h.t.HelmChartContainer - [test-hivemq-platform] [hivemq] [e7cb2377] INFO  - Stopping extension with id hivemq-allow-all-extension
2025-01-30 18:48:52,143 INFO c.h.h.t.HelmChartContainer - [test-hivemq-platform] [hivemq] [e7cb2377] INFO  - Extension "Allow All Extension" version 1.1.1 stopped successfully.
2025-01-30 18:48:53,127 INFO c.h.h.t.HelmChartContainer - [EVENT] Warning [Unhealthy] Readiness probe failed: HTTP probe failed with statuscode: 503 [helmvolumeclaimtemplatesit:test-hivemq-platform-1]
2025-01-30 18:48:53,127 INFO c.h.h.t.HelmChartContainer - Received Unhealthy event for container hivemq in pod test-hivemq-platform-1 [e7cb2377-e34f-4c4c-86c6-5ee599aa695e]
2025-01-30 18:48:53,497 INFO c.h.h.t.HelmChartContainer - [EVENT] Warning [Unhealthy] Readiness probe failed: HTTP probe failed with statuscode: 503 [helmvolumeclaimtemplatesit:test-hivemq-platform-0]
2025-01-30 18:48:53,497 INFO c.h.h.t.HelmChartContainer - Received Unhealthy event for container hivemq in pod test-hivemq-platform-0 [3b83b55f-8d0c-4a2f-81a4-09d3c001af27]
2025-01-30 18:48:53,729 INFO c.h.h.t.HelmChartContainer - [K3S] [authentication.go:74] "Unable to authenticate the request" err="[invalid bearer token, serviceaccounts \"hivemq-platform-pod-test-hivemq-platform\" not found]"
2025-01-30 18:48:53,740 INFO c.h.h.t.HelmChartContainer - [K3S] [authentication.go:74] "Unable to authenticate the request" err="[invalid bearer token, serviceaccounts \"hivemq-platform-pod-test-hivemq-platform\" not found]"
2025-01-30 18:48:53,742 INFO c.h.h.t.HelmChartContainer - [test-hivemq-platform] [hivemq] [e7cb2377] WARN  - [HiveMQ Platform Operator Init App 1.7.0-SNAPSHOT] Could not update Pod annotations: Failure executing: GET at: https://10.43.0.1:443/api/v1/namespaces/helmvolumeclaimtemplatesit/pods/test-hivemq-platform-1. Message: Unauthorized. Received status: Status(apiVersion=v1, code=401, details=null, kind=Status, message=Unauthorized, metadata=ListMeta(_continue=null, remainingItemCount=null, resourceVersion=null, selfLink=null, additionalProperties={}), reason=Unauthorized, status=Failure, additionalProperties={}).
2025-01-30 18:48:53,987 INFO c.h.h.t.HelmChartContainer - [test-hivemq-platform] [hivemq] [3b83b55f] INFO  - Shutdown completed.
2025-01-30 18:48:54,042 INFO c.h.h.t.HelmChartContainer - [K3S] [authentication.go:74] "Unable to authenticate the request" err="[invalid bearer token, serviceaccounts \"hivemq-platform-pod-test-hivemq-platform\" not found]"
2025-01-30 18:48:54,056 INFO c.h.h.t.HelmChartContainer - [K3S] [authentication.go:74] "Unable to authenticate the request" err="[invalid bearer token, serviceaccounts \"hivemq-platform-pod-test-hivemq-platform\" not found]"
2025-01-30 18:48:54,058 INFO c.h.h.t.HelmChartContainer - [test-hivemq-platform] [hivemq] [3b83b55f] WARN  - [HiveMQ Platform Operator Init App 1.7.0-SNAPSHOT] Could not update Pod annotations: Failure executing: GET at: https://10.43.0.1:443/api/v1/namespaces/helmvolumeclaimtemplatesit/pods/test-hivemq-platform-0. Message: Unauthorized. Received status: Status(apiVersion=v1, code=401, details=null, kind=Status, message=Unauthorized, metadata=ListMeta(_continue=null, remainingItemCount=null, resourceVersion=null, selfLink=null, additionalProperties={}), reason=Unauthorized, status=Failure, additionalProperties={}).
2025-01-30 18:48:54,342 INFO c.h.h.t.HelmChartContainer - [test-hivemq-platform] [hivemq] [3b83b55f] INFO  - [HiveMQ Platform Operator Init App 1.7.0-SNAPSHOT] The HiveMQ Platform exited with code 143
2025-01-30 18:48:54,343 INFO c.h.h.t.HelmChartContainer - [test-hivemq-platform] [hivemq] [3b83b55f] INFO  - [HiveMQ Platform Operator Init App 1.7.0-SNAPSHOT] Stopping the REST API
2025-01-30 18:48:54,347 INFO c.h.h.t.HelmChartContainer - [test-hivemq-platform] [hivemq] [3b83b55f] INFO  - [HiveMQ Platform Operator Init App 1.7.0-SNAPSHOT] Shutdown complete
2025-01-30 18:48:54,422 INFO c.h.h.t.HelmChartContainer - [test-hivemq-platform] [hivemq] [e7cb2377] INFO  - Shutdown completed.
2025-01-30 18:48:54,780 INFO c.h.h.t.HelmChartContainer - [test-hivemq-platform] [hivemq] [e7cb2377] INFO  - [HiveMQ Platform Operator Init App 1.7.0-SNAPSHOT] The HiveMQ Platform exited with code 143
2025-01-30 18:48:54,780 INFO c.h.h.t.HelmChartContainer - [test-hivemq-platform] [hivemq] [e7cb2377] INFO  - [HiveMQ Platform Operator Init App 1.7.0-SNAPSHOT] Stopping the REST API
2025-01-30 18:48:54,819 INFO c.h.h.t.HelmChartContainer - [test-hivemq-platform] [hivemq] [e7cb2377] INFO  - [HiveMQ Platform Operator Init App 1.7.0-SNAPSHOT] Shutdown complete
2025-01-30 18:48:54,834 INFO c.h.h.t.HelmChartContainer - [K3S] [stateful_set.go:466] "StatefulSet has been deleted" key="helmvolumeclaimtemplatesit/test-hivemq-platform"
2025-01-30 18:48:54,873 INFO c.h.h.t.HelmChartContainer - [POD] test-hivemq-platform-0 [3b83b55f-8d0c-4a2f-81a4-09d3c001af27] in helmvolumeclaimtemplatesit was MODIFIED
2025-01-30 18:48:54,900 INFO c.h.h.t.HelmChartContainer - [K3S] [memory_manager.go:355] "RemoveStaleState removing state" podUID="3b83b55f-8d0c-4a2f-81a4-09d3c001af27" containerName="hivemq"
2025-01-30 18:48:54,900 INFO c.h.h.t.HelmChartContainer - [POD] helper-pod-delete-pvc-90c32944-931a-47eb-9823-fee7d2b29fb7 [b4d324c3-0cf5-4a15-b21b-93f0d2933227] in kube-system was ADDED
2025-01-30 18:48:54,902 INFO c.h.h.t.HelmChartContainer - [K3S] [memory_manager.go:355] "RemoveStaleState removing state" podUID="c960f2fc-847b-4123-8261-b7eb82af5814" containerName="hivemq"
2025-01-30 18:48:54,908 INFO c.h.h.t.HelmChartContainer - [POD] helper-pod-delete-pvc-90c32944-931a-47eb-9823-fee7d2b29fb7 [b4d324c3-0cf5-4a15-b21b-93f0d2933227] in kube-system was MODIFIED
2025-01-30 18:48:55,007 INFO c.h.h.t.HelmChartContainer - [K3S] [reconciler_common.go:162] "operationExecutor.UnmountVolume started for volume \"hivemq-pvc-data\" (UniqueName: \"kubernetes.io/local-volume/pvc-e368f338-44dd-4cc6-ab08-4d84ccc9eefc\") pod \"3b83b55f-8d0c-4a2f-81a4-09d3c001af27\" (UID: \"3b83b55f-8d0c-4a2f-81a4-09d3c001af27\") "
2025-01-30 18:48:55,007 INFO c.h.h.t.HelmChartContainer - [K3S] [reconciler_common.go:162] "operationExecutor.UnmountVolume started for volume \"pod-info\" (UniqueName: \"kubernetes.io/configmap/3b83b55f-8d0c-4a2f-81a4-09d3c001af27-pod-info\") pod \"3b83b55f-8d0c-4a2f-81a4-09d3c001af27\" (UID: \"3b83b55f-8d0c-4a2f-81a4-09d3c001af27\") "
2025-01-30 18:48:55,007 INFO c.h.h.t.HelmChartContainer - [K3S] [reconciler_common.go:162] "operationExecutor.UnmountVolume started for volume \"kube-api-access-4sb8v\" (UniqueName: \"kubernetes.io/projected/3b83b55f-8d0c-4a2f-81a4-09d3c001af27-kube-api-access-4sb8v\") pod \"3b83b55f-8d0c-4a2f-81a4-09d3c001af27\" (UID: \"3b83b55f-8d0c-4a2f-81a4-09d3c001af27\") "
2025-01-30 18:48:55,007 INFO c.h.h.t.HelmChartContainer - [K3S] [reconciler_common.go:162] "operationExecutor.UnmountVolume started for volume \"operator-init\" (UniqueName: \"kubernetes.io/empty-dir/3b83b55f-8d0c-4a2f-81a4-09d3c001af27-operator-init\") pod \"3b83b55f-8d0c-4a2f-81a4-09d3c001af27\" (UID: \"3b83b55f-8d0c-4a2f-81a4-09d3c001af27\") "
2025-01-30 18:48:55,008 INFO c.h.h.t.HelmChartContainer - [K3S] [reconciler_common.go:162] "operationExecutor.UnmountVolume started for volume \"broker-configuration\" (UniqueName: \"kubernetes.io/configmap/3b83b55f-8d0c-4a2f-81a4-09d3c001af27-broker-configuration\") pod \"3b83b55f-8d0c-4a2f-81a4-09d3c001af27\" (UID: \"3b83b55f-8d0c-4a2f-81a4-09d3c001af27\") "
2025-01-30 18:48:55,008 INFO c.h.h.t.HelmChartContainer - [K3S] [reconciler_common.go:251] "operationExecutor.VerifyControllerAttachedVolume started for volume \"kube-api-access-jfrw6\" (UniqueName: \"kubernetes.io/projected/b4d324c3-0cf5-4a15-b21b-93f0d2933227-kube-api-access-jfrw6\") pod \"helper-pod-delete-pvc-90c32944-931a-47eb-9823-fee7d2b29fb7\" (UID: \"b4d324c3-0cf5-4a15-b21b-93f0d2933227\") " pod="kube-system/helper-pod-delete-pvc-90c32944-931a-47eb-9823-fee7d2b29fb7"
2025-01-30 18:48:55,008 INFO c.h.h.t.HelmChartContainer - [K3S] [reconciler_common.go:251] "operationExecutor.VerifyControllerAttachedVolume started for volume \"data\" (UniqueName: \"kubernetes.io/host-path/b4d324c3-0cf5-4a15-b21b-93f0d2933227-data\") pod \"helper-pod-delete-pvc-90c32944-931a-47eb-9823-fee7d2b29fb7\" (UID: \"b4d324c3-0cf5-4a15-b21b-93f0d2933227\") " pod="kube-system/helper-pod-delete-pvc-90c32944-931a-47eb-9823-fee7d2b29fb7"
2025-01-30 18:48:55,009 INFO c.h.h.t.HelmChartContainer - [K3S] [reconciler_common.go:251] "operationExecutor.VerifyControllerAttachedVolume started for volume \"script\" (UniqueName: \"kubernetes.io/configmap/b4d324c3-0cf5-4a15-b21b-93f0d2933227-script\") pod \"helper-pod-delete-pvc-90c32944-931a-47eb-9823-fee7d2b29fb7\" (UID: \"b4d324c3-0cf5-4a15-b21b-93f0d2933227\") " pod="kube-system/helper-pod-delete-pvc-90c32944-931a-47eb-9823-fee7d2b29fb7"
2025-01-30 18:48:55,039 INFO c.h.h.t.HelmChartContainer - [K3S] [scope.go:117] "RemoveContainer" containerID="99ef880d795d49ac69c6e0d904f8777b52de21c3d0c85d76cbac8774eab1bd62"
2025-01-30 18:48:55,043 INFO c.h.h.t.HelmChartContainer - [K3S] [scope.go:117] "RemoveContainer" containerID="c64675a959b5edd546dd44028cf11df744de9a70a9220a9a167733a9e98c8331"
2025-01-30 18:48:55,047 INFO c.h.h.t.HelmChartContainer - [K3S] [scope.go:117] "RemoveContainer" containerID="99ef880d795d49ac69c6e0d904f8777b52de21c3d0c85d76cbac8774eab1bd62"
2025-01-30 18:48:55,048 INFO c.h.h.t.HelmChartContainer - [K3S] [scope.go:117] "RemoveContainer" containerID="c64675a959b5edd546dd44028cf11df744de9a70a9220a9a167733a9e98c8331"
2025-01-30 18:48:55,057 INFO c.h.h.t.HelmChartContainer - [POD] test-hivemq-platform-0 [3b83b55f-8d0c-4a2f-81a4-09d3c001af27] in helmvolumeclaimtemplatesit was MODIFIED
2025-01-30 18:48:55,057 INFO c.h.h.t.HelmChartContainer - [POD] test-hivemq-platform-0 [3b83b55f-8d0c-4a2f-81a4-09d3c001af27] in helmvolumeclaimtemplatesit was DELETED
2025-01-30 18:48:55,077 INFO c.h.h.t.HelmChartContainer - [POD] helper-pod-delete-pvc-e368f338-44dd-4cc6-ab08-4d84ccc9eefc [1e165f95-1195-4710-bb36-3cdd2637c69c] in kube-system was ADDED
2025-01-30 18:48:55,087 INFO c.h.h.t.HelmChartContainer - [POD] helper-pod-delete-pvc-e368f338-44dd-4cc6-ab08-4d84ccc9eefc [1e165f95-1195-4710-bb36-3cdd2637c69c] in kube-system was MODIFIED
2025-01-30 18:48:55,108 INFO c.h.h.t.HelmChartContainer - [K3S] [reconciler_common.go:292] "operationExecutor.UnmountDevice started for volume \"pvc-e368f338-44dd-4cc6-ab08-4d84ccc9eefc\" (UniqueName: \"kubernetes.io/local-volume/pvc-e368f338-44dd-4cc6-ab08-4d84ccc9eefc\") on node \"3c74c6b68004\" "
2025-01-30 18:48:55,108 INFO c.h.h.t.HelmChartContainer - [K3S] [reconciler_common.go:299] "Volume detached for volume \"pod-info\" (UniqueName: \"kubernetes.io/configmap/3b83b55f-8d0c-4a2f-81a4-09d3c001af27-pod-info\") on node \"3c74c6b68004\" DevicePath \"\""
2025-01-30 18:48:55,108 INFO c.h.h.t.HelmChartContainer - [K3S] [reconciler_common.go:299] "Volume detached for volume \"kube-api-access-4sb8v\" (UniqueName: \"kubernetes.io/projected/3b83b55f-8d0c-4a2f-81a4-09d3c001af27-kube-api-access-4sb8v\") on node \"3c74c6b68004\" DevicePath \"\""
2025-01-30 18:48:55,108 INFO c.h.h.t.HelmChartContainer - [K3S] [reconciler_common.go:299] "Volume detached for volume \"operator-init\" (UniqueName: \"kubernetes.io/empty-dir/3b83b55f-8d0c-4a2f-81a4-09d3c001af27-operator-init\") on node \"3c74c6b68004\" DevicePath \"\""
2025-01-30 18:48:55,108 INFO c.h.h.t.HelmChartContainer - [K3S] [reconciler_common.go:299] "Volume detached for volume \"broker-configuration\" (UniqueName: \"kubernetes.io/configmap/3b83b55f-8d0c-4a2f-81a4-09d3c001af27-broker-configuration\") on node \"3c74c6b68004\" DevicePath \"\""
2025-01-30 18:48:55,208 INFO c.h.h.t.HelmChartContainer - [K3S] [reconciler_common.go:251] "operationExecutor.VerifyControllerAttachedVolume started for volume \"data\" (UniqueName: \"kubernetes.io/host-path/1e165f95-1195-4710-bb36-3cdd2637c69c-data\") pod \"helper-pod-delete-pvc-e368f338-44dd-4cc6-ab08-4d84ccc9eefc\" (UID: \"1e165f95-1195-4710-bb36-3cdd2637c69c\") " pod="kube-system/helper-pod-delete-pvc-e368f338-44dd-4cc6-ab08-4d84ccc9eefc"
2025-01-30 18:48:55,209 INFO c.h.h.t.HelmChartContainer - [K3S] [reconciler_common.go:251] "operationExecutor.VerifyControllerAttachedVolume started for volume \"script\" (UniqueName: \"kubernetes.io/configmap/1e165f95-1195-4710-bb36-3cdd2637c69c-script\") pod \"helper-pod-delete-pvc-e368f338-44dd-4cc6-ab08-4d84ccc9eefc\" (UID: \"1e165f95-1195-4710-bb36-3cdd2637c69c\") " pod="kube-system/helper-pod-delete-pvc-e368f338-44dd-4cc6-ab08-4d84ccc9eefc"
2025-01-30 18:48:55,209 INFO c.h.h.t.HelmChartContainer - [K3S] [reconciler_common.go:251] "operationExecutor.VerifyControllerAttachedVolume started for volume \"kube-api-access-wvsl6\" (UniqueName: \"kubernetes.io/projected/1e165f95-1195-4710-bb36-3cdd2637c69c-kube-api-access-wvsl6\") pod \"helper-pod-delete-pvc-e368f338-44dd-4cc6-ab08-4d84ccc9eefc\" (UID: \"1e165f95-1195-4710-bb36-3cdd2637c69c\") " pod="kube-system/helper-pod-delete-pvc-e368f338-44dd-4cc6-ab08-4d84ccc9eefc"
2025-01-30 18:48:55,209 INFO c.h.h.t.HelmChartContainer - [K3S] [reconciler_common.go:299] "Volume detached for volume \"pvc-e368f338-44dd-4cc6-ab08-4d84ccc9eefc\" (UniqueName: \"kubernetes.io/local-volume/pvc-e368f338-44dd-4cc6-ab08-4d84ccc9eefc\") on node \"3c74c6b68004\" DevicePath \"\""
2025-01-30 18:48:55,258 INFO c.h.h.t.HelmChartContainer - [POD] test-hivemq-platform-1 [e7cb2377-e34f-4c4c-86c6-5ee599aa695e] in helmvolumeclaimtemplatesit was MODIFIED
2025-01-30 18:48:55,413 INFO c.h.h.t.HelmChartContainer - [K3S] [reconciler_common.go:162] "operationExecutor.UnmountVolume started for volume \"broker-configuration\" (UniqueName: \"kubernetes.io/configmap/e7cb2377-e34f-4c4c-86c6-5ee599aa695e-broker-configuration\") pod \"e7cb2377-e34f-4c4c-86c6-5ee599aa695e\" (UID: \"e7cb2377-e34f-4c4c-86c6-5ee599aa695e\") "
2025-01-30 18:48:55,413 INFO c.h.h.t.HelmChartContainer - [K3S] [reconciler_common.go:162] "operationExecutor.UnmountVolume started for volume \"pod-info\" (UniqueName: \"kubernetes.io/configmap/e7cb2377-e34f-4c4c-86c6-5ee599aa695e-pod-info\") pod \"e7cb2377-e34f-4c4c-86c6-5ee599aa695e\" (UID: \"e7cb2377-e34f-4c4c-86c6-5ee599aa695e\") "
2025-01-30 18:48:55,413 INFO c.h.h.t.HelmChartContainer - [K3S] [reconciler_common.go:162] "operationExecutor.UnmountVolume started for volume \"kube-api-access-ttv4d\" (UniqueName: \"kubernetes.io/projected/e7cb2377-e34f-4c4c-86c6-5ee599aa695e-kube-api-access-ttv4d\") pod \"e7cb2377-e34f-4c4c-86c6-5ee599aa695e\" (UID: \"e7cb2377-e34f-4c4c-86c6-5ee599aa695e\") "
2025-01-30 18:48:55,413 INFO c.h.h.t.HelmChartContainer - [K3S] [reconciler_common.go:162] "operationExecutor.UnmountVolume started for volume \"hivemq-pvc-data\" (UniqueName: \"kubernetes.io/local-volume/pvc-e305bfe7-67fb-405a-80df-3a27856fa7c1\") pod \"e7cb2377-e34f-4c4c-86c6-5ee599aa695e\" (UID: \"e7cb2377-e34f-4c4c-86c6-5ee599aa695e\") "
2025-01-30 18:48:55,414 INFO c.h.h.t.HelmChartContainer - [K3S] [reconciler_common.go:162] "operationExecutor.UnmountVolume started for volume \"operator-init\" (UniqueName: \"kubernetes.io/empty-dir/e7cb2377-e34f-4c4c-86c6-5ee599aa695e-operator-init\") pod \"e7cb2377-e34f-4c4c-86c6-5ee599aa695e\" (UID: \"e7cb2377-e34f-4c4c-86c6-5ee599aa695e\") "
2025-01-30 18:48:55,510 INFO c.h.h.t.HelmChartContainer - [K3S] [reconciler_common.go:299] "Volume detached for volume \"pod-info\" (UniqueName: \"kubernetes.io/configmap/e7cb2377-e34f-4c4c-86c6-5ee599aa695e-pod-info\") on node \"3c74c6b68004\" DevicePath \"\""
2025-01-30 18:48:55,511 INFO c.h.h.t.HelmChartContainer - [K3S] [reconciler_common.go:299] "Volume detached for volume \"broker-configuration\" (UniqueName: \"kubernetes.io/configmap/e7cb2377-e34f-4c4c-86c6-5ee599aa695e-broker-configuration\") on node \"3c74c6b68004\" DevicePath \"\""
2025-01-30 18:48:55,511 INFO c.h.h.t.HelmChartContainer - [K3S] [reconciler_common.go:299] "Volume detached for volume \"kube-api-access-ttv4d\" (UniqueName: \"kubernetes.io/projected/e7cb2377-e34f-4c4c-86c6-5ee599aa695e-kube-api-access-ttv4d\") on node \"3c74c6b68004\" DevicePath \"\""
2025-01-30 18:48:55,511 INFO c.h.h.t.HelmChartContainer - [K3S] [reconciler_common.go:299] "Volume detached for volume \"operator-init\" (UniqueName: \"kubernetes.io/empty-dir/e7cb2377-e34f-4c4c-86c6-5ee599aa695e-operator-init\") on node \"3c74c6b68004\" DevicePath \"\""
2025-01-30 18:48:55,511 INFO c.h.h.t.HelmChartContainer - [K3S] [reconciler_common.go:292] "operationExecutor.UnmountDevice started for volume \"pvc-e305bfe7-67fb-405a-80df-3a27856fa7c1\" (UniqueName: \"kubernetes.io/local-volume/pvc-e305bfe7-67fb-405a-80df-3a27856fa7c1\") on node \"3c74c6b68004\" "
2025-01-30 18:48:55,610 INFO c.h.h.t.HelmChartContainer - [K3S] [reconciler_common.go:299] "Volume detached for volume \"pvc-e305bfe7-67fb-405a-80df-3a27856fa7c1\" (UniqueName: \"kubernetes.io/local-volume/pvc-e305bfe7-67fb-405a-80df-3a27856fa7c1\") on node \"3c74c6b68004\" DevicePath \"\""
2025-01-30 18:48:56,044 INFO c.h.h.t.HelmChartContainer - [K3S] [scope.go:117] "RemoveContainer" containerID="2cc4eb550302a3c6725c5a62bde99aed1391d1285a123f117e57ed8c165565de"
2025-01-30 18:48:56,049 INFO c.h.h.t.HelmChartContainer - [K3S] [scope.go:117] "RemoveContainer" containerID="45582dd4f5e9a7c1a3b8bf38f8da59eb842435e92662d9f107a312ee410788c1"
2025-01-30 18:48:56,053 INFO c.h.h.t.HelmChartContainer - [POD] helper-pod-delete-pvc-e368f338-44dd-4cc6-ab08-4d84ccc9eefc [1e165f95-1195-4710-bb36-3cdd2637c69c] in kube-system was MODIFIED
2025-01-30 18:48:56,055 INFO c.h.h.t.HelmChartContainer - [K3S] [scope.go:117] "RemoveContainer" containerID="2cc4eb550302a3c6725c5a62bde99aed1391d1285a123f117e57ed8c165565de"
2025-01-30 18:48:56,055 INFO c.h.h.t.HelmChartContainer - [K3S] [scope.go:117] "RemoveContainer" containerID="45582dd4f5e9a7c1a3b8bf38f8da59eb842435e92662d9f107a312ee410788c1"
2025-01-30 18:48:56,068 INFO c.h.h.t.HelmChartContainer - [POD] test-hivemq-platform-1 [e7cb2377-e34f-4c4c-86c6-5ee599aa695e] in helmvolumeclaimtemplatesit was MODIFIED
2025-01-30 18:48:56,068 INFO c.h.h.t.HelmChartContainer - [POD] test-hivemq-platform-1 [e7cb2377-e34f-4c4c-86c6-5ee599aa695e] in helmvolumeclaimtemplatesit was DELETED
2025-01-30 18:48:56,075 INFO c.h.h.t.HelmChartContainer - [POD] helper-pod-delete-pvc-90c32944-931a-47eb-9823-fee7d2b29fb7 [b4d324c3-0cf5-4a15-b21b-93f0d2933227] in kube-system was MODIFIED
2025-01-30 18:48:56,083 INFO c.h.h.t.HelmChartContainer - [POD] helper-pod-delete-pvc-e305bfe7-67fb-405a-80df-3a27856fa7c1 [5ad2735e-a283-486b-893d-df98b49244d3] in kube-system was ADDED
2025-01-30 18:48:56,085 INFO c.h.h.t.HelmChartContainer - [K3S] [memory_manager.go:355] "RemoveStaleState removing state" podUID="e7cb2377-e34f-4c4c-86c6-5ee599aa695e" containerName="hivemq"
2025-01-30 18:48:56,093 INFO c.h.h.t.HelmChartContainer - [POD] helper-pod-delete-pvc-e305bfe7-67fb-405a-80df-3a27856fa7c1 [5ad2735e-a283-486b-893d-df98b49244d3] in kube-system was MODIFIED
2025-01-30 18:48:56,214 INFO c.h.h.t.HelmChartContainer - [K3S] [reconciler_common.go:251] "operationExecutor.VerifyControllerAttachedVolume started for volume \"script\" (UniqueName: \"kubernetes.io/configmap/5ad2735e-a283-486b-893d-df98b49244d3-script\") pod \"helper-pod-delete-pvc-e305bfe7-67fb-405a-80df-3a27856fa7c1\" (UID: \"5ad2735e-a283-486b-893d-df98b49244d3\") " pod="kube-system/helper-pod-delete-pvc-e305bfe7-67fb-405a-80df-3a27856fa7c1"
2025-01-30 18:48:56,214 INFO c.h.h.t.HelmChartContainer - [K3S] [reconciler_common.go:251] "operationExecutor.VerifyControllerAttachedVolume started for volume \"data\" (UniqueName: \"kubernetes.io/host-path/5ad2735e-a283-486b-893d-df98b49244d3-data\") pod \"helper-pod-delete-pvc-e305bfe7-67fb-405a-80df-3a27856fa7c1\" (UID: \"5ad2735e-a283-486b-893d-df98b49244d3\") " pod="kube-system/helper-pod-delete-pvc-e305bfe7-67fb-405a-80df-3a27856fa7c1"
2025-01-30 18:48:56,214 INFO c.h.h.t.HelmChartContainer - [K3S] [reconciler_common.go:251] "operationExecutor.VerifyControllerAttachedVolume started for volume \"kube-api-access-lj8qr\" (UniqueName: \"kubernetes.io/projected/5ad2735e-a283-486b-893d-df98b49244d3-kube-api-access-lj8qr\") pod \"helper-pod-delete-pvc-e305bfe7-67fb-405a-80df-3a27856fa7c1\" (UID: \"5ad2735e-a283-486b-893d-df98b49244d3\") " pod="kube-system/helper-pod-delete-pvc-e305bfe7-67fb-405a-80df-3a27856fa7c1"
2025-01-30 18:48:56,301 INFO c.h.h.t.HelmChartContainer - [K3S] [kubelet_volumes.go:163] "Cleaned up orphaned pod volumes dir" podUID="3b83b55f-8d0c-4a2f-81a4-09d3c001af27" path="/var/lib/kubelet/pods/3b83b55f-8d0c-4a2f-81a4-09d3c001af27/volumes"
2025-01-30 18:48:56,301 INFO c.h.h.t.HelmChartContainer - [K3S] [kubelet_volumes.go:163] "Cleaned up orphaned pod volumes dir" podUID="e7cb2377-e34f-4c4c-86c6-5ee599aa695e" path="/var/lib/kubelet/pods/e7cb2377-e34f-4c4c-86c6-5ee599aa695e/volumes"
2025-01-30 18:48:57,061 INFO c.h.h.t.HelmChartContainer - [POD] helper-pod-delete-pvc-e305bfe7-67fb-405a-80df-3a27856fa7c1 [5ad2735e-a283-486b-893d-df98b49244d3] in kube-system was MODIFIED
2025-01-30 18:48:57,130 INFO c.h.h.t.HelmChartContainer - [POD] helper-pod-delete-pvc-90c32944-931a-47eb-9823-fee7d2b29fb7 [b4d324c3-0cf5-4a15-b21b-93f0d2933227] in kube-system was MODIFIED
2025-01-30 18:48:57,141 INFO c.h.h.t.HelmChartContainer - [POD] helper-pod-delete-pvc-e368f338-44dd-4cc6-ab08-4d84ccc9eefc [1e165f95-1195-4710-bb36-3cdd2637c69c] in kube-system was MODIFIED
2025-01-30 18:48:57,221 INFO c.h.h.t.HelmChartContainer - [K3S] [reconciler_common.go:162] "operationExecutor.UnmountVolume started for volume \"data\" (UniqueName: \"kubernetes.io/host-path/1e165f95-1195-4710-bb36-3cdd2637c69c-data\") pod \"1e165f95-1195-4710-bb36-3cdd2637c69c\" (UID: \"1e165f95-1195-4710-bb36-3cdd2637c69c\") "
2025-01-30 18:48:57,221 INFO c.h.h.t.HelmChartContainer - [K3S] [reconciler_common.go:162] "operationExecutor.UnmountVolume started for volume \"kube-api-access-jfrw6\" (UniqueName: \"kubernetes.io/projected/b4d324c3-0cf5-4a15-b21b-93f0d2933227-kube-api-access-jfrw6\") pod \"b4d324c3-0cf5-4a15-b21b-93f0d2933227\" (UID: \"b4d324c3-0cf5-4a15-b21b-93f0d2933227\") "
2025-01-30 18:48:57,221 INFO c.h.h.t.HelmChartContainer - [K3S] [reconciler_common.go:162] "operationExecutor.UnmountVolume started for volume \"script\" (UniqueName: \"kubernetes.io/configmap/1e165f95-1195-4710-bb36-3cdd2637c69c-script\") pod \"1e165f95-1195-4710-bb36-3cdd2637c69c\" (UID: \"1e165f95-1195-4710-bb36-3cdd2637c69c\") "
2025-01-30 18:48:57,221 INFO c.h.h.t.HelmChartContainer - [K3S] [reconciler_common.go:162] "operationExecutor.UnmountVolume started for volume \"script\" (UniqueName: \"kubernetes.io/configmap/b4d324c3-0cf5-4a15-b21b-93f0d2933227-script\") pod \"b4d324c3-0cf5-4a15-b21b-93f0d2933227\" (UID: \"b4d324c3-0cf5-4a15-b21b-93f0d2933227\") "
2025-01-30 18:48:57,221 INFO c.h.h.t.HelmChartContainer - [K3S] [reconciler_common.go:162] "operationExecutor.UnmountVolume started for volume \"kube-api-access-wvsl6\" (UniqueName: \"kubernetes.io/projected/1e165f95-1195-4710-bb36-3cdd2637c69c-kube-api-access-wvsl6\") pod \"1e165f95-1195-4710-bb36-3cdd2637c69c\" (UID: \"1e165f95-1195-4710-bb36-3cdd2637c69c\") "
2025-01-30 18:48:57,221 INFO c.h.h.t.HelmChartContainer - [K3S] [reconciler_common.go:162] "operationExecutor.UnmountVolume started for volume \"data\" (UniqueName: \"kubernetes.io/host-path/b4d324c3-0cf5-4a15-b21b-93f0d2933227-data\") pod \"b4d324c3-0cf5-4a15-b21b-93f0d2933227\" (UID: \"b4d324c3-0cf5-4a15-b21b-93f0d2933227\") "
2025-01-30 18:48:57,322 INFO c.h.h.t.HelmChartContainer - [K3S] [reconciler_common.go:299] "Volume detached for volume \"data\" (UniqueName: \"kubernetes.io/host-path/1e165f95-1195-4710-bb36-3cdd2637c69c-data\") on node \"3c74c6b68004\" DevicePath \"\""
2025-01-30 18:48:57,322 INFO c.h.h.t.HelmChartContainer - [K3S] [reconciler_common.go:299] "Volume detached for volume \"kube-api-access-jfrw6\" (UniqueName: \"kubernetes.io/projected/b4d324c3-0cf5-4a15-b21b-93f0d2933227-kube-api-access-jfrw6\") on node \"3c74c6b68004\" DevicePath \"\""
2025-01-30 18:48:57,322 INFO c.h.h.t.HelmChartContainer - [K3S] [reconciler_common.go:299] "Volume detached for volume \"script\" (UniqueName: \"kubernetes.io/configmap/1e165f95-1195-4710-bb36-3cdd2637c69c-script\") on node \"3c74c6b68004\" DevicePath \"\""
2025-01-30 18:48:57,322 INFO c.h.h.t.HelmChartContainer - [K3S] [reconciler_common.go:299] "Volume detached for volume \"script\" (UniqueName: \"kubernetes.io/configmap/b4d324c3-0cf5-4a15-b21b-93f0d2933227-script\") on node \"3c74c6b68004\" DevicePath \"\""
2025-01-30 18:48:57,326 INFO c.h.h.t.HelmChartContainer - [K3S] [reconciler_common.go:299] "Volume detached for volume \"data\" (UniqueName: \"kubernetes.io/host-path/b4d324c3-0cf5-4a15-b21b-93f0d2933227-data\") on node \"3c74c6b68004\" DevicePath \"\""
2025-01-30 18:48:57,326 INFO c.h.h.t.HelmChartContainer - [K3S] [reconciler_common.go:299] "Volume detached for volume \"kube-api-access-wvsl6\" (UniqueName: \"kubernetes.io/projected/1e165f95-1195-4710-bb36-3cdd2637c69c-kube-api-access-wvsl6\") on node \"3c74c6b68004\" DevicePath \"\""
2025-01-30 18:48:57,919 INFO c.h.h.t.HelmChartContainer - [POD] helper-pod-delete-pvc-90c32944-931a-47eb-9823-fee7d2b29fb7 [b4d324c3-0cf5-4a15-b21b-93f0d2933227] in kube-system was MODIFIED
2025-01-30 18:48:57,923 INFO c.h.h.t.HelmChartContainer - [POD] helper-pod-delete-pvc-90c32944-931a-47eb-9823-fee7d2b29fb7 [b4d324c3-0cf5-4a15-b21b-93f0d2933227] in kube-system was DELETED
2025-01-30 18:48:58,053 INFO c.h.h.t.HelmChartContainer - [K3S] [pod_container_deletor.go:80] "Container not found in pod's containers" containerID="bd6479d5d12a5098ad4b46dd8958e1a9e17d632ac6adec756f7e006610fdf293"
2025-01-30 18:48:58,054 INFO c.h.h.t.HelmChartContainer - [K3S] [pod_container_deletor.go:80] "Container not found in pod's containers" containerID="7d86cdb1616563c9309f9e159e9b150ed834e1d117c4a33db0243fef97e3ff74"
2025-01-30 18:48:58,064 INFO c.h.h.t.HelmChartContainer - [K3S] [status_manager.go:890] "Failed to get status for pod" podUID="b4d324c3-0cf5-4a15-b21b-93f0d2933227" pod="kube-system/helper-pod-delete-pvc-90c32944-931a-47eb-9823-fee7d2b29fb7" err="pods \"helper-pod-delete-pvc-90c32944-931a-47eb-9823-fee7d2b29fb7\" is forbidden: User \"system:node:3c74c6b68004\" cannot get resource \"pods\" in API group \"\" in the namespace \"kube-system\": no relationship found between node '3c74c6b68004' and this object"
2025-01-30 18:48:58,102 INFO c.h.h.t.HelmChartContainer - [POD] helper-pod-delete-pvc-e368f338-44dd-4cc6-ab08-4d84ccc9eefc [1e165f95-1195-4710-bb36-3cdd2637c69c] in kube-system was MODIFIED
2025-01-30 18:48:58,105 INFO c.h.h.t.HelmChartContainer - [POD] helper-pod-delete-pvc-e368f338-44dd-4cc6-ab08-4d84ccc9eefc [1e165f95-1195-4710-bb36-3cdd2637c69c] in kube-system was DELETED
2025-01-30 18:48:58,132 INFO c.h.h.t.HelmChartContainer - [K3S] [status_manager.go:890] "Failed to get status for pod" podUID="b4d324c3-0cf5-4a15-b21b-93f0d2933227" pod="kube-system/helper-pod-delete-pvc-90c32944-931a-47eb-9823-fee7d2b29fb7" err="pods \"helper-pod-delete-pvc-90c32944-931a-47eb-9823-fee7d2b29fb7\" is forbidden: User \"system:node:3c74c6b68004\" cannot get resource \"pods\" in API group \"\" in the namespace \"kube-system\": no relationship found between node '3c74c6b68004' and this object"
2025-01-30 18:48:58,141 INFO c.h.h.t.HelmChartContainer - [POD] helper-pod-delete-pvc-e305bfe7-67fb-405a-80df-3a27856fa7c1 [5ad2735e-a283-486b-893d-df98b49244d3] in kube-system was MODIFIED
2025-01-30 18:48:58,227 INFO c.h.h.t.HelmChartContainer - [K3S] [reconciler_common.go:162] "operationExecutor.UnmountVolume started for volume \"data\" (UniqueName: \"kubernetes.io/host-path/5ad2735e-a283-486b-893d-df98b49244d3-data\") pod \"5ad2735e-a283-486b-893d-df98b49244d3\" (UID: \"5ad2735e-a283-486b-893d-df98b49244d3\") "
2025-01-30 18:48:58,227 INFO c.h.h.t.HelmChartContainer - [K3S] [reconciler_common.go:162] "operationExecutor.UnmountVolume started for volume \"kube-api-access-lj8qr\" (UniqueName: \"kubernetes.io/projected/5ad2735e-a283-486b-893d-df98b49244d3-kube-api-access-lj8qr\") pod \"5ad2735e-a283-486b-893d-df98b49244d3\" (UID: \"5ad2735e-a283-486b-893d-df98b49244d3\") "
2025-01-30 18:48:58,227 INFO c.h.h.t.HelmChartContainer - [K3S] [reconciler_common.go:162] "operationExecutor.UnmountVolume started for volume \"script\" (UniqueName: \"kubernetes.io/configmap/5ad2735e-a283-486b-893d-df98b49244d3-script\") pod \"5ad2735e-a283-486b-893d-df98b49244d3\" (UID: \"5ad2735e-a283-486b-893d-df98b49244d3\") "
2025-01-30 18:48:58,301 INFO c.h.h.t.HelmChartContainer - [K3S] [kubelet_volumes.go:163] "Cleaned up orphaned pod volumes dir" podUID="1e165f95-1195-4710-bb36-3cdd2637c69c" path="/var/lib/kubelet/pods/1e165f95-1195-4710-bb36-3cdd2637c69c/volumes"
2025-01-30 18:48:58,301 INFO c.h.h.t.HelmChartContainer - [K3S] [kubelet_volumes.go:163] "Cleaned up orphaned pod volumes dir" podUID="b4d324c3-0cf5-4a15-b21b-93f0d2933227" path="/var/lib/kubelet/pods/b4d324c3-0cf5-4a15-b21b-93f0d2933227/volumes"
2025-01-30 18:48:58,328 INFO c.h.h.t.HelmChartContainer - [K3S] [reconciler_common.go:299] "Volume detached for volume \"data\" (UniqueName: \"kubernetes.io/host-path/5ad2735e-a283-486b-893d-df98b49244d3-data\") on node \"3c74c6b68004\" DevicePath \"\""
2025-01-30 18:48:58,328 INFO c.h.h.t.HelmChartContainer - [K3S] [reconciler_common.go:299] "Volume detached for volume \"kube-api-access-lj8qr\" (UniqueName: \"kubernetes.io/projected/5ad2735e-a283-486b-893d-df98b49244d3-kube-api-access-lj8qr\") on node \"3c74c6b68004\" DevicePath \"\""
2025-01-30 18:48:58,328 INFO c.h.h.t.HelmChartContainer - [K3S] [reconciler_common.go:299] "Volume detached for volume \"script\" (UniqueName: \"kubernetes.io/configmap/5ad2735e-a283-486b-893d-df98b49244d3-script\") on node \"3c74c6b68004\" DevicePath \"\""
2025-01-30 18:48:59,057 INFO c.h.h.t.HelmChartContainer - [K3S] [pod_container_deletor.go:80] "Container not found in pod's containers" containerID="ebee87ddb21bc5b71063f347268dc92716aee8a285785a56f4396dbb00984cfe"
2025-01-30 18:48:59,104 INFO c.h.h.t.HelmChartContainer - [POD] helper-pod-delete-pvc-e305bfe7-67fb-405a-80df-3a27856fa7c1 [5ad2735e-a283-486b-893d-df98b49244d3] in kube-system was MODIFIED
2025-01-30 18:48:59,106 INFO c.h.h.t.HelmChartContainer - [POD] helper-pod-delete-pvc-e305bfe7-67fb-405a-80df-3a27856fa7c1 [5ad2735e-a283-486b-893d-df98b49244d3] in kube-system was DELETED
2025-01-30 18:49:00,136 INFO c.h.h.t.HelmChartContainer - Namespace 'helmvolumeclaimtemplatesit' deleted
2025-01-30 18:49:00,136 INFO c.h.h.t.HelmChartContainer - Release 'test-hivemq-platform' in namespace 'helmvolumeclaimtemplatesit' is uninstalled
2025-01-30 18:49:00,136 INFO c.h.h.t.HelmChartContainer - Uninstalling release 'test-hivemq-platform-operator' in namespace 'helmvolumeclaimtemplatesit-operator'...
2025-01-30 18:49:00,137 DEBUG c.h.h.t.HelmChartContainer - Executing helm command: /bin/helm --kubeconfig /etc/rancher/k3s/k3s.yaml uninstall test-hivemq-platform-operator  --wait --timeout 5m0s --cascade foreground --namespace helmvolumeclaimtemplatesit-operator
2025-01-30 18:49:00,308 INFO c.h.h.t.HelmChartContainer - [K3S] [kubelet_volumes.go:163] "Cleaned up orphaned pod volumes dir" podUID="5ad2735e-a283-486b-893d-df98b49244d3" path="/var/lib/kubelet/pods/5ad2735e-a283-486b-893d-df98b49244d3/volumes"
2025-01-30 18:49:00,308 INFO c.h.h.t.HelmChartContainer - [K3S] [replica_set.go:679] "Finished syncing" kind="ReplicaSet" key="helmvolumeclaimtemplatesit-operator/hivemq-test-hivemq-platform-operator-6966f96d65" duration="7.35884ms"
2025-01-30 18:49:00,309 INFO c.h.h.t.HelmChartContainer - [K3S] [replica_set.go:679] "Finished syncing" kind="ReplicaSet" key="helmvolumeclaimtemplatesit-operator/hivemq-test-hivemq-platform-operator-6966f96d65" duration="43.501µs"
2025-01-30 18:49:00,326 INFO c.h.h.t.HelmChartContainer - [POD] hivemq-test-hivemq-platform-operator-6966f96d65-r7tnh [3dd68f49-ce79-42e6-be93-56f60d79b30e] in helmvolumeclaimtemplatesit-operator was MODIFIED
2025-01-30 18:49:00,339 INFO c.h.h.t.HelmChartContainer - [hivemq-test-hivemq-platform] [hivemq-platform-operator] [3dd68f49] 18:49:00.332 [application-shutdown-thread] INFO  c.h.p.o.HiveMQPlatformOperatorApplication - HiveMQ Platform Operator is stopping...
2025-01-30 18:49:00,340 INFO c.h.h.t.HelmChartContainer - [hivemq-test-hivemq-platform] [hivemq-platform-operator] [3dd68f49] 18:49:00.333 [application-shutdown-thread] INFO  i.javaoperatorsdk.operator.Operator - Operator SDK 4.9.7 is shutting down...
2025-01-30 18:49:00,346 INFO c.h.h.t.HelmChartContainer - [K3S] [replica_set.go:679] "Finished syncing" kind="ReplicaSet" key="helmvolumeclaimtemplatesit-operator/hivemq-test-hivemq-platform-operator-6966f96d65" duration="23.994238ms"
2025-01-30 18:49:00,347 INFO c.h.h.t.HelmChartContainer - [EVENT] Normal [Killing] Stopping container hivemq-platform-operator [helmvolumeclaimtemplatesit-operator:hivemq-test-hivemq-platform-operator-6966f96d65-r7tnh]
2025-01-30 18:49:00,347 INFO c.h.h.t.HelmChartContainer - Received Killing event for container hivemq-platform-operator in pod hivemq-test-hivemq-platform-operator-6966f96d65-r7tnh [3dd68f49-ce79-42e6-be93-56f60d79b30e]
2025-01-30 18:49:00,347 INFO c.h.h.t.HelmChartContainer - Container [hivemq-test-hivemq-platform-operator-6966f96d65-r7tnh] [hivemq-platform-operator] [3dd68f49-ce79-42e6-be93-56f60d79b30e] was terminated
2025-01-30 18:49:00,347 INFO c.h.h.t.HelmChartContainer - Stopped log watcher for hivemq-platform-operator in pod hivemq-test-hivemq-platform-operator-6966f96d65-r7tnh [3dd68f49-ce79-42e6-be93-56f60d79b30e]
2025-01-30 18:49:00,351 INFO c.h.h.t.HelmChartContainer - [K3S] [replica_set.go:679] "Finished syncing" kind="ReplicaSet" key="helmvolumeclaimtemplatesit-operator/hivemq-test-hivemq-platform-operator-6966f96d65" duration="46.487µs"
2025-01-30 18:49:00,885 INFO c.h.h.t.HelmChartContainer - [K3S] [replica_set.go:679] "Finished syncing" kind="ReplicaSet" key="helmvolumeclaimtemplatesit-operator/hivemq-test-hivemq-platform-operator-6966f96d65" duration="39.964µs"
2025-01-30 18:49:00,885 INFO c.h.h.t.HelmChartContainer - [POD] hivemq-test-hivemq-platform-operator-6966f96d65-r7tnh [3dd68f49-ce79-42e6-be93-56f60d79b30e] in helmvolumeclaimtemplatesit-operator was MODIFIED
2025-01-30 18:49:01,043 INFO c.h.h.t.HelmChartContainer - [K3S] [reconciler_common.go:162] "operationExecutor.UnmountVolume started for volume \"kube-api-access-wq7qq\" (UniqueName: \"kubernetes.io/projected/3dd68f49-ce79-42e6-be93-56f60d79b30e-kube-api-access-wq7qq\") pod \"3dd68f49-ce79-42e6-be93-56f60d79b30e\" (UID: \"3dd68f49-ce79-42e6-be93-56f60d79b30e\") "
2025-01-30 18:49:01,061 INFO c.h.h.t.HelmChartContainer - [K3S] [scope.go:117] "RemoveContainer" containerID="7414bfc4337f53f4c0dfcec57289b91fa2c3ddfff00e4a3657a56a4d8c2d0c58"
2025-01-30 18:49:01,066 INFO c.h.h.t.HelmChartContainer - [K3S] [scope.go:117] "RemoveContainer" containerID="7414bfc4337f53f4c0dfcec57289b91fa2c3ddfff00e4a3657a56a4d8c2d0c58"
2025-01-30 18:49:01,073 INFO c.h.h.t.HelmChartContainer - [K3S] [replica_set.go:679] "Finished syncing" kind="ReplicaSet" key="helmvolumeclaimtemplatesit-operator/hivemq-test-hivemq-platform-operator-6966f96d65" duration="44.312µs"
2025-01-30 18:49:01,074 INFO c.h.h.t.HelmChartContainer - [POD] hivemq-test-hivemq-platform-operator-6966f96d65-r7tnh [3dd68f49-ce79-42e6-be93-56f60d79b30e] in helmvolumeclaimtemplatesit-operator was MODIFIED
2025-01-30 18:49:01,076 INFO c.h.h.t.HelmChartContainer - [K3S] [replica_set.go:679] "Finished syncing" kind="ReplicaSet" key="helmvolumeclaimtemplatesit-operator/hivemq-test-hivemq-platform-operator-6966f96d65" duration="30.476µs"
2025-01-30 18:49:01,076 INFO c.h.h.t.HelmChartContainer - [POD] hivemq-test-hivemq-platform-operator-6966f96d65-r7tnh [3dd68f49-ce79-42e6-be93-56f60d79b30e] in helmvolumeclaimtemplatesit-operator was DELETED
2025-01-30 18:49:01,086 INFO c.h.h.t.HelmChartContainer - [K3S] [replica_set.go:679] "Finished syncing" kind="ReplicaSet" key="helmvolumeclaimtemplatesit-operator/hivemq-test-hivemq-platform-operator-6966f96d65" duration="5.841µs"
2025-01-30 18:49:01,143 INFO c.h.h.t.HelmChartContainer - [K3S] [reconciler_common.go:299] "Volume detached for volume \"kube-api-access-wq7qq\" (UniqueName: \"kubernetes.io/projected/3dd68f49-ce79-42e6-be93-56f60d79b30e-kube-api-access-wq7qq\") on node \"3c74c6b68004\" DevicePath \"\""
2025-01-30 18:49:02,302 INFO c.h.h.t.HelmChartContainer - [K3S] [kubelet_volumes.go:163] "Cleaned up orphaned pod volumes dir" podUID="3dd68f49-ce79-42e6-be93-56f60d79b30e" path="/var/lib/kubelet/pods/3dd68f49-ce79-42e6-be93-56f60d79b30e/volumes"
2025-01-30 18:49:02,370 INFO c.h.h.t.HelmChartContainer - Deleting namespace 'helmvolumeclaimtemplatesit-operator'...
2025-01-30 18:49:05,091 INFO c.h.h.t.HelmChartContainer - [K3S] [namespace_controller.go:187] "Namespace has been deleted" namespace="helmvolumeclaimtemplatesit"
2025-01-30 18:49:07,589 INFO c.h.h.t.HelmChartContainer - Namespace 'helmvolumeclaimtemplatesit-operator' deleted
2025-01-30 18:49:07,589 INFO c.h.h.t.HelmChartContainer - Release 'test-hivemq-platform-operator' in namespace 'helmvolumeclaimtemplatesit-operator' is uninstalled
2025-01-30 18:49:08,956 INFO c.h.helmcharts.AbstractHelmChartIT - Removed unused containers:

2025-01-30 18:49:12,496 INFO c.h.h.t.HelmChartContainer - [K3S] [namespace_controller.go:187] "Namespace has been deleted" namespace="helmvolumeclaimtemplatesit-operator"
2025-01-30 18:49:17,572 INFO c.h.helmcharts.AbstractHelmChartIT - Removed unused snapshots:
Removing snapshot sha256:03af251906410714c5aef9fa705b63f6bbc39c4a5e787de7361eeb18886c2ed2
Removing snapshot sha256:0c46b3b43cce082ce5ec34ffc6c294e0417d17b9d1e6f366d114b6aadc4f96dc
Removing snapshot sha256:0ce761beee59082d6ed5bcebd3a805b8ddd9b3426b617e4809e7fb7c6587ffec
Removing snapshot sha256:0df91287303208332c8ff6ba40ae4710105201739addbfbddfb955f1ad593664
Removing snapshot sha256:1021ef88c7974bfff89c5a0ec4fd3160daac6c48a075f74cff721f85dd104e68
Removing snapshot sha256:10aba4953ddc18145dd38e3704709bc464aa20af60b56fe52caaff4b68411e62
Removing snapshot sha256:2573e0d8158209ed54ab25c87bcdcb00bd3d2539246960a3d592a1c599d70465
Removing snapshot sha256:362a8a37f8bbc31925a8146adcf7cf51f9882f5c1dcbef67c5baa03a297543c0
Removing snapshot sha256:3fa4ad33f0ddc8fd45b39b6b4640f82a3a83619606cd975bfe89d8710ad2d4cd
Removing snapshot sha256:43a7c979bbaba6838bc3102d6b10a1459f3ab050b87ccdfef84ef90cf43d3058
Removing snapshot sha256:4ab04491cdf0d3267f08206fe30bd48f49f94b9cab2f016d6739220f722a64af
Removing snapshot sha256:4b6068250e89c96f263060261819c7d912855bfbd64b3eb4c4a8483299b8c295
Removing snapshot sha256:580e69a0a8034ede1921139bbd2bfb72a69ebf276d008281896c32dd8bf74775
Removing snapshot sha256:5d30ba46b27fe37484567ccc5242cadc78217b8da605f3f195ef25cbf7487904
Removing snapshot sha256:63ca1fbb43ae5034640e5e6cb3e083e05c290072c5366fcaa9d62435a4cced85
Removing snapshot sha256:66140dc7271ceb0a9b5e521509e7d96b916d4182681f723881bfae89675de7f6
Removing snapshot sha256:67f702c6baae873bceb19487c8b1f27bd2b86077e4f2f0e480e6d60ab508b8f5
Removing snapshot sha256:6864348dd42806d552efdec384f1274be15e2d0c10ce44c1f04347af004c10a9
Removing snapshot sha256:6c7dee8f2c39b84b7dc2711c01d33de93514d9055499173e9290176fbe484b6c
Removing snapshot sha256:82753493a6d61ded36556292f02f31841a14c20d2f279f19eaad65afb661d5cd
Removing snapshot sha256:8a10d3db42c505ee0fcfa98417bdd7e39b304f6bcc0a06bb1b220797ff2cc63c
Removing snapshot sha256:93ccc2458054b15aac99a39fa1ee40dac31fb26cada495a5b8ee445ddb2f4964
Removing snapshot sha256:a0904247e36a7726c03c71ee48f3e64462021c88dafeb13f37fdaf613b27f11c
Removing snapshot sha256:a21e5b12dbac529ad45d976eb9ce45c881f3bedcc500fb30aba1e52aa1813418
Removing snapshot sha256:b921e6c28969094157f9b8e7244677780319637afd14450b7cb6b2fdea558a0c
Removing snapshot sha256:bc27ecb5769a00e309cf99ebc763c4a4b958b618d1decc96ffac5bc05f02f5b7
Removing snapshot sha256:be3ccb6627a5332e309d45ef461d09b4879dd870c7394d89323d0ebc6ca6aa8a
Removing snapshot sha256:c261f7cbbc64211ee175ee47273acdb7b1a36a4450b397a064a8f2c026490095
Removing snapshot sha256:c34d9393647eea0c9e3557ab988efaf59f61d10a2a5613b439ef0958cca5ec10
Removing snapshot sha256:ccf3c4a0fa967a41c1c83497a2ce6fa5787965859df0adb32c4ca2cf7490bc2b
Removing snapshot sha256:cf92d33f869417309692088c341cd0f223c178ea78a125f757317b22aa8f90e9
Removing snapshot sha256:d0037344cf2fb078884f1849f6a1f8cf9a33a3b6139b6a85833e5ee528e1f9a8
Removing snapshot sha256:d3b36d5b79273b1e98e7700470eaeff05a882e777124d84cebcc1505b85ecb36
Removing snapshot sha256:d65a44a37914602d12c611e5e22a50f11451d847e63015cc1c2aef92dee777a4
Removing snapshot sha256:e2dc0bae2455930f23ae570e019b7f32edc75c0f2d71cab084db837ff9051796
Removing snapshot sha256:e91169d62beb39cca25b7f7c7d49324cf1eda94ced6e8f1793fa431fe2e33e92
Removing snapshot sha256:eccbd24a99c60cd9e86ee5305dbfc4a4dc89f5ab4fb1f06c8d64797cecedef34
Removing snapshot sha256:f144bb4c7c7f0d2aa7eeffd36d934ec40db1ee167be727e326aad9fdc616f475

]]></system-out>
  </testcase>
  <system-out><![CDATA[2025-01-30 18:43:32,672 INFO c.h.h.t.HelmChartContainerExtension - Using cached HelmChartContainer instance
]]></system-out>
  <system-err><![CDATA[]]></system-err>
</testsuite>
