<?xml version="1.0" encoding="UTF-8"?>
<testsuite name="com.hivemq.helmcharts.platform.HelmCustomLogbackIT" tests="1" skipped="0" failures="0" errors="0" timestamp="2025-07-09T17:07:08" hostname="pkrvmfkh1xnbeme" time="83.219">
  <properties/>
  <testcase name="withCustomLogbackConfig_platformUsingCustomLogbackXml()" classname="com.hivemq.helmcharts.platform.HelmCustomLogbackIT" time="83.219"/>
</testsuite>
