<?xml version="1.0" encoding="UTF-8"?>
<testsuite name="com.hivemq.helmcharts.volumes.HelmAdditionalVolumesIT" tests="1" skipped="0" failures="0" errors="0" timestamp="2025-06-03T12:33:30" hostname="fv-az1276-730" time="89.501">
  <properties/>
  <testcase name="withAdditionalVolumes_hivemqRunningWithVolumeMounts()" classname="com.hivemq.helmcharts.volumes.HelmAdditionalVolumesIT" time="89.501"/>
</testsuite>
