<?xml version="1.0" encoding="UTF-8"?>
<testsuite name="com.hivemq.helmcharts.license.HelmExtensionLicensesIT" tests="2" skipped="0" failures="0" errors="0" timestamp="2025-06-06T14:38:03" hostname="fv-az1344-672" time="191.076">
  <properties/>
  <testcase name="withExtensionLicenseFileContent_statefulSetWithLicenseSecretMounted()" classname="com.hivemq.helmcharts.license.HelmExtensionLicensesIT" time="95.448"/>
  <testcase name="withExistingExtensionLicenseSecret_statefulSetWithLicenseSecretMounted()" classname="com.hivemq.helmcharts.license.HelmExtensionLicensesIT" time="95.628"/>
</testsuite>
