<?xml version="1.0" encoding="UTF-8"?>
<testsuite name="com.hivemq.helmcharts.UserPermissionsIT" tests="1" skipped="0" failures="0" errors="0" timestamp="2025-03-07T18:51:14" hostname="fv-az1927-996" time="125.866">
  <properties/>
  <testcase name="withLocalImages_mqttMessagePublishedReceived()" classname="com.hivemq.helmcharts.UserPermissionsIT" time="125.866"/>
</testsuite>
