<?xml version="1.0" encoding="UTF-8"?>
<testsuite name="com.hivemq.helmcharts.services.HelmMetricsServiceIT" tests="2" skipped="0" failures="0" errors="0" timestamp="2025-10-15T12:09:44" hostname="runnervmwhb2z" time="173.747">
  <properties/>
  <testcase name="platformChart_withCustomServiceName_thenMetricsAvailable()" classname="com.hivemq.helmcharts.services.HelmMetricsServiceIT" time="87.337"/>
  <testcase name="platformChart_withCustomMetrics_thenMetricsAvailable()" classname="com.hivemq.helmcharts.services.HelmMetricsServiceIT" time="86.41"/>
</testsuite>
