<?xml version="1.0" encoding="UTF-8"?>
<testsuite name="com.hivemq.helmcharts.CompatibilityHelmChartDeploymentIT" tests="1" skipped="0" failures="0" errors="0" timestamp="2025-02-28T20:02:22" hostname="fv-az816-183" time="140.155">
  <properties/>
  <testcase name="withHelmLocalVersionDeployment_mqttMessagePublishedReceived()" classname="com.hivemq.helmcharts.CompatibilityHelmChartDeploymentIT" time="140.155"/>
</testsuite>
