<?xml version="1.0" encoding="UTF-8"?>
<testsuite name="com.hivemq.helmcharts.license.HelmDataHubLicensesIT" tests="2" skipped="0" failures="0" errors="0" timestamp="2025-01-28T20:44:10" hostname="fv-az1068-845" time="202.367">
  <properties/>
  <testcase name="withDataHubLicenseFileContent_statefulSetWithLicenseSecretMounted()" classname="com.hivemq.helmcharts.license.HelmDataHubLicensesIT" time="99.459">
    <system-out><![CDATA[2025-01-28 20:44:10,256 INFO c.h.h.t.HelmChartContainer - Creating namespace 'helmdatahublicensesit-operator'...
2025-01-28 20:44:10,262 INFO c.h.h.t.HelmChartContainer - Namespace 'helmdatahublicensesit-operator' created
2025-01-28 20:44:10,262 INFO c.h.h.t.HelmChartContainer - Creating namespace 'helmdatahublicensesit'...
2025-01-28 20:44:10,363 INFO c.h.h.t.HelmChartContainer - Namespace 'helmdatahublicensesit' created
2025-01-28 20:44:10,424 DEBUG c.h.h.t.HelmChartContainer - Executing helm command: /bin/helm --kubeconfig /etc/rancher/k3s/k3s.yaml install test-hivemq-platform-operator /charts/hivemq-platform-operator --wait --timeout 5m0s --set image.repository=docker.io/hivemq --set image.name=hivemq-platform-operator-test --set image.initImageName=hivemq-platform-operator-init-test --set image.tag=snapshot --set image.pullPolicy=Never --set logLevel=DEBUG --set resources.cpu=512m --namespace helmdatahublicensesit-operator
2025-01-28 20:44:10,759 INFO c.h.h.t.HelmChartContainer - [K3S] [alloc.go:330] "allocated clusterIPs" service="helmdatahublicensesit-operator/hivemq-platform-operator-test-hivemq-platform-operator" clusterIPs={"IPv4":"10.43.118.192"}
2025-01-28 20:44:10,774 INFO c.h.h.t.HelmChartContainer - [EVENT] Normal [ScalingReplicaSet] Scaled up replica set hivemq-test-hivemq-platform-operator-6966f96d65 from 0 to 1 [helmdatahublicensesit-operator:hivemq-test-hivemq-platform-operator]
2025-01-28 20:44:10,781 INFO c.h.h.t.HelmChartContainer - [POD] hivemq-test-hivemq-platform-operator-6966f96d65-nfzr2 [ed46ed65-8ab6-4b8f-8111-2b5d519cffac] in helmdatahublicensesit-operator was ADDED
2025-01-28 20:44:10,786 INFO c.h.h.t.HelmChartContainer - [EVENT] Normal [SuccessfulCreate] Created pod: hivemq-test-hivemq-platform-operator-6966f96d65-nfzr2 [helmdatahublicensesit-operator:hivemq-test-hivemq-platform-operator-6966f96d65]
2025-01-28 20:44:10,788 INFO c.h.h.t.HelmChartContainer - [POD] hivemq-test-hivemq-platform-operator-6966f96d65-nfzr2 [ed46ed65-8ab6-4b8f-8111-2b5d519cffac] in helmdatahublicensesit-operator was MODIFIED
2025-01-28 20:44:10,789 INFO c.h.h.t.HelmChartContainer - [K3S] [memory_manager.go:355] "RemoveStaleState removing state" podUID="6902e3b2-4212-4ec4-a7e3-977b3b9d85a8" containerName="hivemq-platform-operator"
2025-01-28 20:44:10,789 INFO c.h.h.t.HelmChartContainer - [K3S] [memory_manager.go:355] "RemoveStaleState removing state" podUID="68276a7a-433e-4034-b1f2-bff24ab7ecee" containerName="hivemq"
2025-01-28 20:44:10,791 INFO c.h.h.t.HelmChartContainer - [K3S] [replica_set.go:679] "Finished syncing" kind="ReplicaSet" key="helmdatahublicensesit-operator/hivemq-test-hivemq-platform-operator-6966f96d65" duration="21.992334ms"
2025-01-28 20:44:10,797 INFO c.h.h.t.HelmChartContainer - [EVENT] Normal [Scheduled] Successfully assigned helmdatahublicensesit-operator/hivemq-test-hivemq-platform-operator-6966f96d65-nfzr2 to a8d56fe6a469 [helmdatahublicensesit-operator:hivemq-test-hivemq-platform-operator-6966f96d65-nfzr2]
2025-01-28 20:44:10,799 INFO c.h.h.t.HelmChartContainer - [K3S] [replica_set.go:679] "Finished syncing" kind="ReplicaSet" key="helmdatahublicensesit-operator/hivemq-test-hivemq-platform-operator-6966f96d65" duration="7.236274ms"
2025-01-28 20:44:10,799 INFO c.h.h.t.HelmChartContainer - [K3S] [replica_set.go:679] "Finished syncing" kind="ReplicaSet" key="helmdatahublicensesit-operator/hivemq-test-hivemq-platform-operator-6966f96d65" duration="41.538µs"
2025-01-28 20:44:10,800 INFO c.h.h.t.HelmChartContainer - [K3S] [replica_set.go:679] "Finished syncing" kind="ReplicaSet" key="helmdatahublicensesit-operator/hivemq-test-hivemq-platform-operator-6966f96d65" duration="23.424µs"
2025-01-28 20:44:10,803 INFO c.h.h.t.HelmChartContainer - [POD] hivemq-test-hivemq-platform-operator-6966f96d65-nfzr2 [ed46ed65-8ab6-4b8f-8111-2b5d519cffac] in helmdatahublicensesit-operator was MODIFIED
2025-01-28 20:44:10,897 INFO c.h.h.t.HelmChartContainer - [K3S] [reconciler_common.go:251] "operationExecutor.VerifyControllerAttachedVolume started for volume \"kube-api-access-cf77d\" (UniqueName: \"kubernetes.io/projected/ed46ed65-8ab6-4b8f-8111-2b5d519cffac-kube-api-access-cf77d\") pod \"hivemq-test-hivemq-platform-operator-6966f96d65-nfzr2\" (UID: \"ed46ed65-8ab6-4b8f-8111-2b5d519cffac\") " pod="helmdatahublicensesit-operator/hivemq-test-hivemq-platform-operator-6966f96d65-nfzr2"
2025-01-28 20:44:11,181 INFO c.h.h.t.HelmChartContainer - [EVENT] Normal [Pulled] Container image "docker.io/hivemq/hivemq-platform-operator-test:snapshot" already present on machine [helmdatahublicensesit-operator:hivemq-test-hivemq-platform-operator-6966f96d65-nfzr2]
2025-01-28 20:44:11,181 INFO c.h.h.t.HelmChartContainer - Received Pulled event for container hivemq-platform-operator in pod hivemq-test-hivemq-platform-operator-6966f96d65-nfzr2 [ed46ed65-8ab6-4b8f-8111-2b5d519cffac]
2025-01-28 20:44:12,482 INFO c.h.h.t.HelmChartContainer - [EVENT] Normal [Created] Created container: hivemq-platform-operator [helmdatahublicensesit-operator:hivemq-test-hivemq-platform-operator-6966f96d65-nfzr2]
2025-01-28 20:44:12,482 INFO c.h.h.t.HelmChartContainer - Received Created event for container hivemq-platform-operator in pod hivemq-test-hivemq-platform-operator-6966f96d65-nfzr2 [ed46ed65-8ab6-4b8f-8111-2b5d519cffac]
2025-01-28 20:44:13,355 INFO c.h.h.t.HelmChartContainer - [K3S] [replica_set.go:679] "Finished syncing" kind="ReplicaSet" key="helmdatahublicensesit-operator/hivemq-test-hivemq-platform-operator-6966f96d65" duration="41.688µs"
2025-01-28 20:44:13,356 INFO c.h.h.t.HelmChartContainer - [POD] hivemq-test-hivemq-platform-operator-6966f96d65-nfzr2 [ed46ed65-8ab6-4b8f-8111-2b5d519cffac] in helmdatahublicensesit-operator was MODIFIED
2025-01-28 20:44:13,363 INFO c.h.h.t.HelmChartContainer - Started log watcher for hivemq-platform-operator in pod hivemq-test-hivemq-platform-operator-6966f96d65-nfzr2 [ed46ed65-8ab6-4b8f-8111-2b5d519cffac]
2025-01-28 20:44:13,363 INFO c.h.h.t.HelmChartContainer - [EVENT] Normal [Started] Started container hivemq-platform-operator [helmdatahublicensesit-operator:hivemq-test-hivemq-platform-operator-6966f96d65-nfzr2]
2025-01-28 20:44:13,363 INFO c.h.h.t.HelmChartContainer - Received Started event for container hivemq-platform-operator in pod hivemq-test-hivemq-platform-operator-6966f96d65-nfzr2 [ed46ed65-8ab6-4b8f-8111-2b5d519cffac]
2025-01-28 20:44:13,364 INFO c.h.h.t.HelmChartContainer - [hivemq-test-hivemq-platform] [hivemq-platform-operator] [ed46ed65] -------------------------------------------------------------------------
2025-01-28 20:44:13,364 INFO c.h.h.t.HelmChartContainer - [hivemq-test-hivemq-platform] [hivemq-platform-operator] [ed46ed65] 
2025-01-28 20:44:13,364 INFO c.h.h.t.HelmChartContainer - [hivemq-test-hivemq-platform] [hivemq-platform-operator] [ed46ed65]                   _    _  _              __  __   ____
2025-01-28 20:44:13,364 INFO c.h.h.t.HelmChartContainer - [hivemq-test-hivemq-platform] [hivemq-platform-operator] [ed46ed65]                  | |  | |(_)            |  \/  | / __ \
2025-01-28 20:44:13,364 INFO c.h.h.t.HelmChartContainer - [hivemq-test-hivemq-platform] [hivemq-platform-operator] [ed46ed65]                  | |__| | _ __   __ ___ | \  / || |  | |
2025-01-28 20:44:13,364 INFO c.h.h.t.HelmChartContainer - [hivemq-test-hivemq-platform] [hivemq-platform-operator] [ed46ed65]                  |  __  || |\ \ / // _ \| |\/| || |  | |
2025-01-28 20:44:13,364 INFO c.h.h.t.HelmChartContainer - [hivemq-test-hivemq-platform] [hivemq-platform-operator] [ed46ed65]                  | |  | || | \ V /|  __/| |  | || |__| |
2025-01-28 20:44:13,364 INFO c.h.h.t.HelmChartContainer - [hivemq-test-hivemq-platform] [hivemq-platform-operator] [ed46ed65]                  |_|  |_||_|  \_/  \___||_|  |_| \___\_\
2025-01-28 20:44:13,364 INFO c.h.h.t.HelmChartContainer - [hivemq-test-hivemq-platform] [hivemq-platform-operator] [ed46ed65] 
2025-01-28 20:44:13,364 INFO c.h.h.t.HelmChartContainer - [hivemq-test-hivemq-platform] [hivemq-platform-operator] [ed46ed65] -------------------------------------------------------------------------
2025-01-28 20:44:13,364 INFO c.h.h.t.HelmChartContainer - [hivemq-test-hivemq-platform] [hivemq-platform-operator] [ed46ed65] 
2025-01-28 20:44:13,364 INFO c.h.h.t.HelmChartContainer - [hivemq-test-hivemq-platform] [hivemq-platform-operator] [ed46ed65]   HiveMQ Platform Operator Start Script v1.0
2025-01-28 20:44:13,364 INFO c.h.h.t.HelmChartContainer - [hivemq-test-hivemq-platform] [hivemq-platform-operator] [ed46ed65] 
2025-01-28 20:44:13,364 INFO c.h.h.t.HelmChartContainer - [hivemq-test-hivemq-platform] [hivemq-platform-operator] [ed46ed65] -------------------------------------------------------------------------
2025-01-28 20:44:13,364 INFO c.h.h.t.HelmChartContainer - [hivemq-test-hivemq-platform] [hivemq-platform-operator] [ed46ed65] 
2025-01-28 20:44:13,364 INFO c.h.h.t.HelmChartContainer - [hivemq-test-hivemq-platform] [hivemq-platform-operator] [ed46ed65]   JAVA_OPTS: -XX:+UnlockExperimentalVMOptions -XX:InitialRAMPercentage=75 -XX:MaxRAMPercentage=75 -Duser.language=en -Duser.region=US
2025-01-28 20:44:13,364 INFO c.h.h.t.HelmChartContainer - [hivemq-test-hivemq-platform] [hivemq-platform-operator] [ed46ed65] 
2025-01-28 20:44:13,364 INFO c.h.h.t.HelmChartContainer - [hivemq-test-hivemq-platform] [hivemq-platform-operator] [ed46ed65]   JAVA_VERSION: 21
2025-01-28 20:44:13,364 INFO c.h.h.t.HelmChartContainer - [hivemq-test-hivemq-platform] [hivemq-platform-operator] [ed46ed65] 
2025-01-28 20:44:13,365 INFO c.h.h.t.HelmChartContainer - [hivemq-test-hivemq-platform] [hivemq-platform-operator] [ed46ed65] -------------------------------------------------------------------------
2025-01-28 20:44:13,366 INFO c.h.h.t.HelmChartContainer - [hivemq-test-hivemq-platform] [hivemq-platform-operator] [ed46ed65] 
2025-01-28 20:44:15,876 INFO c.h.h.t.HelmChartContainer - [hivemq-test-hivemq-platform] [hivemq-platform-operator] [ed46ed65] 20:44:15.873 [main] DEBUG org.jboss.logging - Logging Provider: org.jboss.logging.Slf4jLoggerProvider
2025-01-28 20:44:15,977 INFO c.h.h.t.HelmChartContainer - [hivemq-test-hivemq-platform] [hivemq-platform-operator] [ed46ed65] 20:44:15.976 [main] DEBUG io.smallrye.config - SRCFG01006: Loaded ConfigSource SysPropConfigSource with ordinal 400
2025-01-28 20:44:15,977 INFO c.h.h.t.HelmChartContainer - [hivemq-test-hivemq-platform] [hivemq-platform-operator] [ed46ed65] 20:44:15.976 [main] DEBUG io.smallrye.config - SRCFG01006: Loaded ConfigSource EnvConfigSource with ordinal 300
2025-01-28 20:44:15,977 INFO c.h.h.t.HelmChartContainer - [hivemq-test-hivemq-platform] [hivemq-platform-operator] [ed46ed65] 20:44:15.976 [main] DEBUG io.smallrye.config - SRCFG01006: Loaded ConfigSource PropertiesConfigSource[source=jar:file:///opt/hivemq-platform-operator/bin/hivemq-platform-operator.jar!/hivemq-platform-operator.properties] with ordinal 100
2025-01-28 20:44:15,978 INFO c.h.h.t.HelmChartContainer - [hivemq-test-hivemq-platform] [hivemq-platform-operator] [ed46ed65] 20:44:15.976 [main] DEBUG io.smallrye.config - SRCFG01006: Loaded ConfigSource DefaultValuesConfigSource with ordinal -2147483648
2025-01-28 20:44:16,079 INFO c.h.h.t.HelmChartContainer - [hivemq-test-hivemq-platform] [hivemq-platform-operator] [ed46ed65] 20:44:16.078 [main] DEBUG i.m.c.u.i.l.InternalLoggerFactory - Using SLF4J as the default logging framework
2025-01-28 20:44:16,185 INFO c.h.h.t.HelmChartContainer - [hivemq-test-hivemq-platform] [hivemq-platform-operator] [ed46ed65] 20:44:16.177 [main] INFO  c.h.p.o.HiveMQPlatformOperatorApplication - HiveMQ Platform Operator 1.7.0-SNAPSHOT (commit: bebf408 on branch: HEAD) built on Sun Jan 26 20:47:47 UTC 2025
2025-01-28 20:44:16,185 INFO c.h.h.t.HelmChartContainer - [hivemq-test-hivemq-platform] [hivemq-platform-operator] [ed46ed65] 20:44:16.184 [main] INFO  c.h.p.o.HiveMQPlatformOperatorApplication - HiveMQ Platform Operator is running in namespace: helmdatahublicensesit-operator
2025-01-28 20:44:16,185 INFO c.h.h.t.HelmChartContainer - [hivemq-test-hivemq-platform] [hivemq-platform-operator] [ed46ed65] 20:44:16.184 [main] INFO  c.h.p.o.HiveMQPlatformOperatorApplication - Watching all namespaces
2025-01-28 20:44:16,185 INFO c.h.h.t.HelmChartContainer - [hivemq-test-hivemq-platform] [hivemq-platform-operator] [ed46ed65] 20:44:16.184 [main] INFO  c.h.p.o.HiveMQPlatformOperatorApplication - Log level: DEBUG
2025-01-28 20:44:16,186 INFO c.h.h.t.HelmChartContainer - [hivemq-test-hivemq-platform] [hivemq-platform-operator] [ed46ed65] 20:44:16.184 [main] INFO  c.h.p.o.HiveMQPlatformOperatorApplication - Release name: test-hivemq-platform-operator
2025-01-28 20:44:16,186 INFO c.h.h.t.HelmChartContainer - [hivemq-test-hivemq-platform] [hivemq-platform-operator] [ed46ed65] 20:44:16.184 [main] INFO  c.h.p.o.HiveMQPlatformOperatorApplication - HiveMQ Platform Operator Init image: docker.io/hivemq/hivemq-platform-operator-init-test:snapshot
2025-01-28 20:44:16,186 INFO c.h.h.t.HelmChartContainer - [hivemq-test-hivemq-platform] [hivemq-platform-operator] [ed46ed65] 20:44:16.184 [main] INFO  c.h.p.o.HiveMQPlatformOperatorApplication - HiveMQ Platform Operator Init App update URL: http://hivemq-platform-operator-test-hivemq-platform-operator.helmdatahublicensesit-operator.svc:8080/initAppUpdate/hivemq-platform-operator-init-app-1.7.0-SNAPSHOT.jar
2025-01-28 20:44:16,186 INFO c.h.h.t.HelmChartContainer - [hivemq-test-hivemq-platform] [hivemq-platform-operator] [ed46ed65] 20:44:16.184 [main] INFO  c.h.p.o.HiveMQPlatformOperatorApplication - Additional imagePullSecret for all Platform deployments: none
2025-01-28 20:44:16,186 INFO c.h.h.t.HelmChartContainer - [hivemq-test-hivemq-platform] [hivemq-platform-operator] [ed46ed65] 20:44:16.184 [main] INFO  c.h.p.o.HiveMQPlatformOperatorApplication - Apply HiveMQ Platform CRD: true
2025-01-28 20:44:16,186 INFO c.h.h.t.HelmChartContainer - [hivemq-test-hivemq-platform] [hivemq-platform-operator] [ed46ed65] 20:44:16.184 [main] INFO  c.h.p.o.HiveMQPlatformOperatorApplication - Create Platform ServiceAccount: true
2025-01-28 20:44:16,186 INFO c.h.h.t.HelmChartContainer - [hivemq-test-hivemq-platform] [hivemq-platform-operator] [ed46ed65] 20:44:16.184 [main] INFO  c.h.p.o.HiveMQPlatformOperatorApplication - Create Platform ServiceAccount permissions: true
2025-01-28 20:44:16,186 INFO c.h.h.t.HelmChartContainer - [hivemq-test-hivemq-platform] [hivemq-platform-operator] [ed46ed65] 20:44:16.184 [main] INFO  c.h.p.o.HiveMQPlatformOperatorApplication - Validate Platform ServiceAccount: true
2025-01-28 20:44:16,186 INFO c.h.h.t.HelmChartContainer - [hivemq-test-hivemq-platform] [hivemq-platform-operator] [ed46ed65] 20:44:16.184 [main] INFO  c.h.p.o.HiveMQPlatformOperatorApplication - Validate Platform ServiceAccount permissions: true
2025-01-28 20:44:16,380 INFO c.h.h.t.HelmChartContainer - [hivemq-test-hivemq-platform] [hivemq-platform-operator] [ed46ed65] 20:44:16.379 [main] INFO  c.h.platform.operator.util.CRDUtil - Verifying deployed HiveMQ Platform CRD...
2025-01-28 20:44:18,687 INFO c.h.h.t.HelmChartContainer - [hivemq-test-hivemq-platform] [hivemq-platform-operator] [ed46ed65] 20:44:18.685 [main] DEBUG c.h.platform.operator.util.CRDUtil - HiveMQ Platform CRD version v1 is up to date
2025-01-28 20:44:18,687 INFO c.h.h.t.HelmChartContainer - [hivemq-test-hivemq-platform] [hivemq-platform-operator] [ed46ed65] 20:44:18.685 [main] INFO  c.h.platform.operator.util.CRDUtil - HiveMQ Platform CRD is up to date (version: V1_6_0)
2025-01-28 20:44:18,687 INFO c.h.h.t.HelmChartContainer - [hivemq-test-hivemq-platform] [hivemq-platform-operator] [ed46ed65] 20:44:18.686 [main] INFO  c.h.platform.operator.util.CRDUtil - Waiting 10000 ms for HiveMQ Platform CRD 'hivemq-platforms.hivemq.com' to become ready...
2025-01-28 20:44:18,988 INFO c.h.h.t.HelmChartContainer - [hivemq-test-hivemq-platform] [hivemq-platform-operator] [ed46ed65] 20:44:18.987 [vert.x-eventloop-thread-1] DEBUG c.h.platform.operator.util.CRDUtil - Checking CRD condition 'NamesAccepted' (status: 'True')
2025-01-28 20:44:18,988 INFO c.h.h.t.HelmChartContainer - [hivemq-test-hivemq-platform] [hivemq-platform-operator] [ed46ed65] 20:44:18.987 [vert.x-eventloop-thread-1] DEBUG c.h.platform.operator.util.CRDUtil - Checking CRD condition 'Established' (status: 'True')
2025-01-28 20:44:18,989 INFO c.h.h.t.HelmChartContainer - [hivemq-test-hivemq-platform] [hivemq-platform-operator] [ed46ed65] 20:44:18.989 [main] INFO  c.h.platform.operator.util.CRDUtil - HiveMQ Platform CRD 'hivemq-platforms.hivemq.com' is ready
2025-01-28 20:44:19,180 INFO c.h.h.t.HelmChartContainer - [hivemq-test-hivemq-platform] [hivemq-platform-operator] [ed46ed65] 20:44:19.179 [main] INFO  c.h.p.o.HiveMQPlatformReconciler - HiveMQ Platform Operator is starting...
2025-01-28 20:44:19,205 INFO c.h.h.t.HelmChartContainer - [hivemq-test-hivemq-platform] [hivemq-platform-operator] [ed46ed65] 20:44:19.204 [main] WARN  Default ConfigurationService implementation - Configuration for reconciler 'hivemq-controller' was not found. Known reconcilers: None.
2025-01-28 20:44:19,280 INFO c.h.h.t.HelmChartContainer - [hivemq-test-hivemq-platform] [hivemq-platform-operator] [ed46ed65] 20:44:19.279 [main] INFO  Default ConfigurationService implementation - Created configuration for reconciler com.hivemq.platform.operator.HiveMQPlatformReconciler with name hivemq-controller
2025-01-28 20:44:19,381 INFO c.h.h.t.HelmChartContainer - [hivemq-test-hivemq-platform] [hivemq-platform-operator] [ed46ed65] 20:44:19.380 [main] DEBUG c.h.p.o.HiveMQPlatformReconciler - HiveMQ Platform Operator is preparing EventSources
2025-01-28 20:44:19,393 INFO c.h.h.t.HelmChartContainer - [hivemq-test-hivemq-platform] [hivemq-platform-operator] [ed46ed65] 20:44:19.392 [main] INFO  i.javaoperatorsdk.operator.Operator - Registered reconciler: 'hivemq-controller' for resource: 'class com.hivemq.platform.operator.v1.HiveMQPlatform' for namespace(s): [all namespaces]
2025-01-28 20:44:19,901 INFO c.h.h.t.HelmChartContainer - [hivemq-test-hivemq-platform] [hivemq-platform-operator] [ed46ed65] 20:44:19.899 [main] INFO  c.h.p.operator.webserver.JettyServer - Starting Jetty server on port 8080
2025-01-28 20:44:19,992 INFO c.h.h.t.HelmChartContainer - [hivemq-test-hivemq-platform] [hivemq-platform-operator] [ed46ed65] 20:44:19.989 [main] INFO  i.javaoperatorsdk.operator.Operator - Operator SDK 4.9.7 (commit: 2133d28) built on Wed Nov 20 12:56:20 UTC 2024 starting...
2025-01-28 20:44:19,992 INFO c.h.h.t.HelmChartContainer - [hivemq-test-hivemq-platform] [hivemq-platform-operator] [ed46ed65] 20:44:19.989 [main] INFO  i.javaoperatorsdk.operator.Operator - Client version: 6.13.4
2025-01-28 20:44:19,992 INFO c.h.h.t.HelmChartContainer - [hivemq-test-hivemq-platform] [hivemq-platform-operator] [ed46ed65] 20:44:19.991 [Controller Starter for: hivemq-controller] INFO  i.j.operator.processing.Controller - Starting 'hivemq-controller' controller for reconciler: com.hivemq.platform.operator.HiveMQPlatformReconciler, resource: com.hivemq.platform.operator.v1.HiveMQPlatform
2025-01-28 20:44:22,485 INFO c.h.h.t.HelmChartContainer - [hivemq-test-hivemq-platform] [hivemq-platform-operator] [ed46ed65] 20:44:22.484 [Controller Starter for: hivemq-controller] INFO  i.j.operator.processing.Controller - 'hivemq-controller' controller started
2025-01-28 20:44:22,486 INFO c.h.h.t.HelmChartContainer - [hivemq-test-hivemq-platform] [hivemq-platform-operator] [ed46ed65] 20:44:22.485 [main] INFO  c.h.p.o.HiveMQPlatformOperatorApplication - HiveMQ Platform Operator 1.7.0-SNAPSHOT started in 6307 ms
2025-01-28 20:44:24,365 INFO c.h.h.t.HelmChartContainer - [POD] hivemq-test-hivemq-platform-operator-6966f96d65-nfzr2 [ed46ed65-8ab6-4b8f-8111-2b5d519cffac] in helmdatahublicensesit-operator was MODIFIED
2025-01-28 20:44:24,368 INFO c.h.h.t.HelmChartContainer - [K3S] [replica_set.go:679] "Finished syncing" kind="ReplicaSet" key="helmdatahublicensesit-operator/hivemq-test-hivemq-platform-operator-6966f96d65" duration="5.235649ms"
2025-01-28 20:44:24,368 INFO c.h.h.t.HelmChartContainer - [K3S] [replica_set.go:679] "Finished syncing" kind="ReplicaSet" key="helmdatahublicensesit-operator/hivemq-test-hivemq-platform-operator-6966f96d65" duration="51.596µs"
2025-01-28 20:44:24,830 INFO c.h.h.testcontainer.LogWaiterUtil - TEST Waiting for log pattern on 'test-hivemq-platform-0': .*License file dataHub1.plic is corrupt.
2025-01-28 20:44:24,896 DEBUG c.h.h.t.HelmChartContainer - Executing helm command: /bin/helm --kubeconfig /etc/rancher/k3s/k3s.yaml install test-hivemq-platform /charts/hivemq-platform --wait --timeout 5m0s --set image.repository=docker.io/hivemq --set image.tag=4.36.0 --set image.pullPolicy=Never --set nodes.resources.cpu=512m --set nodes.replicaCount=1 --set license.create=true --set-file license.dataHub.dataHub1.overrideLicense=/files/mock-data-hub-license.plic --namespace helmdatahublicensesit
2025-01-28 20:44:25,264 INFO c.h.h.t.HelmChartContainer - [hivemq-test-hivemq-platform] [hivemq-platform-operator] [ed46ed65] 20:44:25.208 [-373097727-pool-1-thread-5] WARN  i.m.p.PrometheusMeterRegistry - The meter (MeterId{name='operator.sdk.events.received', tags=[tag(action=ADDED),tag(event=ResourceEvent),tag(group=hivemq.com),tag(kind=HiveMQPlatform),tag(name=test-hivemq-platform),tag(namespace=helmdatahublicensesit),tag(scope=namespace),tag(version=v1)]}) registration has failed: Prometheus requires that all meters with the same name have the same set of tag keys. There is already an existing meter named 'operator.sdk.events.received' containing tag keys [event, group, kind, name, namespace, scope, version]. The meter you are attempting to register has keys [action, event, group, kind, name, namespace, scope, version]. Note that subsequent logs will be logged at debug level.
2025-01-28 20:44:25,684 INFO c.h.h.t.HelmChartContainer - [hivemq-test-hivemq-platform] [hivemq-platform-operator] [ed46ed65] 20:44:25.682 [pool-6-thread-3] DEBUG c.h.p.o.dependants.PodInfoConfigMap - [helmdata] Desired PodInfo ConfigMap (1 extensions) (1 enabled)
2025-01-28 20:44:25,684 INFO c.h.h.t.HelmChartContainer - [hivemq-test-hivemq-platform] [hivemq-platform-operator] [ed46ed65] 20:44:25.682 [pool-6-thread-3] DEBUG c.h.p.o.dependants.PodInfoConfigMap - [helmdata] Desired PodInfo ConfigMap (metrics port: 9399) (metrics path: /)
2025-01-28 20:44:25,684 INFO c.h.h.t.HelmChartContainer - [hivemq-test-hivemq-platform] [hivemq-platform-operator] [ed46ed65] 20:44:25.682 [pool-6-thread-3] DEBUG c.h.p.o.dependants.PodInfoConfigMap - [helmdata] Desired PodInfo ConfigMap (extension state hash: -1817474005)
2025-01-28 20:44:25,685 INFO c.h.h.t.HelmChartContainer - [hivemq-test-hivemq-platform] [hivemq-platform-operator] [ed46ed65] 20:44:25.684 [pool-6-thread-3] DEBUG c.h.p.o.dependants.PodInfoConfigMap - [helmdata] Create PodInfo ConfigMap
2025-01-28 20:44:25,785 INFO c.h.h.t.HelmChartContainer - [hivemq-test-hivemq-platform] [hivemq-platform-operator] [ed46ed65] 20:44:25.784 [pool-6-thread-5] DEBUG c.h.p.o.dependants.PodRoleResource - [helmdata] Create Role: Role(apiVersion=rbac.authorization.k8s.io/v1, kind=Role, metadata=ObjectMeta(annotations={meta.helm.sh/release-name=test-hivemq-platform, meta.helm.sh/release-namespace=helmdatahublicensesit}, creationTimestamp=null, deletionGracePeriodSeconds=null, deletionTimestamp=null, finalizers=[], generateName=null, generation=null, labels={helm.sh/chart=hivemq-platform-0.2.32, app.kubernetes.io/managed-by=Helm, app.kubernetes.io/name=hivemq-platform, hivemq-platform=test-hivemq-platform, app.kubernetes.io/instance=test-hivemq-platform, app.kubernetes.io/version=4.36.0}, managedFields=[], name=hivemq-platform-role-test-hivemq-platform, namespace=helmdatahublicensesit, ownerReferences=[OwnerReference(apiVersion=hivemq.com/v1, blockOwnerDeletion=null, controller=null, kind=HiveMQPlatform, name=test-hivemq-platform, uid=592b6d63-ab0e-4700-a1ca-b747b8f7cb3f, additionalProperties={})], resourceVersion=null, selfLink=null, uid=null, additionalProperties={}), rules=[PolicyRule(apiGroups=[], nonResourceURLs=[], resourceNames=[], resources=[pods], verbs=[get, patch, update], additionalProperties={})], additionalProperties={})
2025-01-28 20:44:25,978 INFO c.h.h.t.HelmChartContainer - [hivemq-test-hivemq-platform] [hivemq-platform-operator] [ed46ed65] 20:44:25.976 [pool-6-thread-7] DEBUG c.h.p.o.d.PodServiceAccountResource - [helmdata] Desired PodServiceAccountResource (serviceAccountName: hivemq-platform-pod-test-hivemq-platform)
2025-01-28 20:44:25,979 INFO c.h.h.t.HelmChartContainer - [hivemq-test-hivemq-platform] [hivemq-platform-operator] [ed46ed65] 20:44:25.977 [pool-6-thread-7] DEBUG c.h.p.o.d.PodServiceAccountResource - [helmdata] Create ServiceAccount 'hivemq-platform-pod-test-hivemq-platform'
2025-01-28 20:44:26,083 INFO c.h.h.t.HelmChartContainer - [hivemq-test-hivemq-platform] [hivemq-platform-operator] [ed46ed65] 20:44:26.082 [pool-6-thread-9] DEBUG c.h.p.o.d.PodRoleBindingResource - [helmdata] Create RoleBinding: RoleBinding(apiVersion=rbac.authorization.k8s.io/v1, kind=RoleBinding, metadata=ObjectMeta(annotations={meta.helm.sh/release-name=test-hivemq-platform, meta.helm.sh/release-namespace=helmdatahublicensesit}, creationTimestamp=null, deletionGracePeriodSeconds=null, deletionTimestamp=null, finalizers=[], generateName=null, generation=null, labels={helm.sh/chart=hivemq-platform-0.2.32, app.kubernetes.io/managed-by=Helm, app.kubernetes.io/name=hivemq-platform, hivemq-platform=test-hivemq-platform, app.kubernetes.io/instance=test-hivemq-platform, app.kubernetes.io/version=4.36.0}, managedFields=[], name=hivemq-platform-role-binding-test-hivemq-platform, namespace=helmdatahublicensesit, ownerReferences=[OwnerReference(apiVersion=hivemq.com/v1, blockOwnerDeletion=null, controller=null, kind=HiveMQPlatform, name=test-hivemq-platform, uid=592b6d63-ab0e-4700-a1ca-b747b8f7cb3f, additionalProperties={})], resourceVersion=null, selfLink=null, uid=null, additionalProperties={}), roleRef=RoleRef(apiGroup=rbac.authorization.k8s.io, kind=Role, name=hivemq-platform-role-test-hivemq-platform, additionalProperties={}), subjects=[Subject(apiGroup=null, kind=ServiceAccount, name=hivemq-platform-pod-test-hivemq-platform, namespace=helmdatahublicensesit, additionalProperties={})], additionalProperties={})
2025-01-28 20:44:26,176 INFO c.h.h.t.HelmChartContainer - [hivemq-test-hivemq-platform] [hivemq-platform-operator] [ed46ed65] 20:44:26.175 [ReconcilerExecutor-hivemq-controller-54] INFO  c.h.p.o.HiveMQPlatformReconciler - [helmdata] Reconciling HiveMQ Platform 'test-hivemq-platform' in namespace 'helmdatahublicensesit'
2025-01-28 20:44:26,177 INFO c.h.h.t.HelmChartContainer - [hivemq-test-hivemq-platform] [hivemq-platform-operator] [ed46ed65] 20:44:26.175 [ReconcilerExecutor-hivemq-controller-54] DEBUG c.h.p.o.HiveMQPlatformReconciler - [helmdata] Custom Resource Status CREATED - HiveMQ Platform was created (READY)
2025-01-28 20:44:26,177 INFO c.h.h.t.HelmChartContainer - [hivemq-test-hivemq-platform] [hivemq-platform-operator] [ed46ed65] 20:44:26.175 [ReconcilerExecutor-hivemq-controller-54] DEBUG c.h.p.o.HiveMQPlatformReconciler - [helmdata] Custom Resource Spec (replicas: 1) (extensions: 1)
2025-01-28 20:44:26,181 INFO c.h.h.t.HelmChartContainer - [hivemq-test-hivemq-platform] [hivemq-platform-operator] [ed46ed65] 20:44:26.179 [ReconcilerExecutor-hivemq-controller-54] INFO  c.h.p.o.h.HiveMQPlatformReconcilerBaseHandler - [helmdata] HiveMQ Platform is starting
2025-01-28 20:44:26,282 INFO c.h.h.t.HelmChartContainer - [hivemq-test-hivemq-platform] [hivemq-platform-operator] [ed46ed65] 20:44:26.281 [ReconcilerExecutor-hivemq-controller-54] DEBUG c.h.p.operator.event.EventSender - [helmdata] Creating K8s event hivemq-platform-starting: [Start] HiveMQ Platform is starting
2025-01-28 20:44:26,291 INFO c.h.h.t.HelmChartContainer - [EVENT] Normal [Start] HiveMQ Platform is starting [helmdatahublicensesit:test-hivemq-platform]
2025-01-28 20:44:26,296 INFO c.h.h.t.HelmChartContainer - [hivemq-test-hivemq-platform] [hivemq-platform-operator] [ed46ed65] 20:44:26.294 [ReconcilerExecutor-hivemq-controller-54] INFO  c.h.p.o.h.AbstractHiveMQReconcilerStateHandler - [helmdata] Update HiveMQ Platform Status (CREATED [READY] -> STARTING [READY]): HiveMQ Platform is starting
2025-01-28 20:44:26,386 DEBUG com.hivemq.helmcharts.util.K8sUtil - Comparing actual state 'STARTING' and waiting for 'RUNNING'
2025-01-28 20:44:36,399 INFO c.h.h.t.HelmChartContainer - [hivemq-test-hivemq-platform] [hivemq-platform-operator] [ed46ed65] 20:44:36.395 [pool-6-thread-12] DEBUG c.h.p.o.d.PlatformServiceResource - [helmdata] Desired Platform services (3 services)
2025-01-28 20:44:36,402 INFO c.h.h.t.HelmChartContainer - [hivemq-test-hivemq-platform] [hivemq-platform-operator] [ed46ed65] 20:44:36.400 [pool-6-thread-13] DEBUG c.h.p.o.dependants.PodInfoConfigMap - [helmdata] Desired PodInfo ConfigMap (1 extensions) (1 enabled)
2025-01-28 20:44:36,402 INFO c.h.h.t.HelmChartContainer - [hivemq-test-hivemq-platform] [hivemq-platform-operator] [ed46ed65] 20:44:36.402 [pool-6-thread-13] DEBUG c.h.p.o.dependants.PodInfoConfigMap - [helmdata] Desired PodInfo ConfigMap (metrics port: 9399) (metrics path: /)
2025-01-28 20:44:36,403 INFO c.h.h.t.HelmChartContainer - [hivemq-test-hivemq-platform] [hivemq-platform-operator] [ed46ed65] 20:44:36.401 [pool-6-thread-17] DEBUG c.h.p.o.d.PodServiceAccountResource - [helmdata] Desired PodServiceAccountResource (serviceAccountName: hivemq-platform-pod-test-hivemq-platform)
2025-01-28 20:44:36,403 INFO c.h.h.t.HelmChartContainer - [hivemq-test-hivemq-platform] [hivemq-platform-operator] [ed46ed65] 20:44:36.402 [pool-6-thread-13] DEBUG c.h.p.o.dependants.PodInfoConfigMap - [helmdata] Desired PodInfo ConfigMap (extension state hash: -1817474005)
2025-01-28 20:44:36,480 INFO c.h.h.t.HelmChartContainer - [hivemq-test-hivemq-platform] [hivemq-platform-operator] [ed46ed65] 20:44:36.478 [pool-6-thread-13] DEBUG c.h.p.o.dependants.PodInfoConfigMap - [helmdata] Update PodInfo ConfigMap
2025-01-28 20:44:36,501 INFO c.h.h.t.HelmChartContainer - [K3S] [alloc.go:330] "allocated clusterIPs" service="helmdatahublicensesit/hivemq-test-hivemq-platform-metrics-9399" clusterIPs={"IPv4":"10.43.116.1"}
2025-01-28 20:44:36,584 INFO c.h.h.t.HelmChartContainer - [K3S] [alloc.go:330] "allocated clusterIPs" service="helmdatahublicensesit/hivemq-test-hivemq-platform-mqtt-1883" clusterIPs={"IPv4":"10.43.109.58"}
2025-01-28 20:44:36,595 INFO c.h.h.t.HelmChartContainer - [K3S] [alloc.go:330] "allocated clusterIPs" service="helmdatahublicensesit/hivemq-test-hivemq-platform-cc-8080" clusterIPs={"IPv4":"10.43.123.40"}
2025-01-28 20:44:36,675 INFO c.h.h.t.HelmChartContainer - [hivemq-test-hivemq-platform] [hivemq-platform-operator] [ed46ed65] 20:44:36.673 [pool-6-thread-20] DEBUG c.h.p.o.d.StatefulSetResource - [helmdata] Desired StatefulSet (1 replicas) for status STARTING (READY)
2025-01-28 20:44:36,688 INFO c.h.h.t.HelmChartContainer - [hivemq-test-hivemq-platform] [hivemq-platform-operator] [ed46ed65] 20:44:36.687 [pool-6-thread-20] DEBUG c.h.p.o.d.StatefulSetResource - [helmdata] Create StatefulSet
2025-01-28 20:44:36,791 INFO c.h.h.t.HelmChartContainer - [hivemq-test-hivemq-platform] [hivemq-platform-operator] [ed46ed65] 20:44:36.788 [ReconcilerExecutor-hivemq-controller-65] INFO  c.h.p.o.HiveMQPlatformReconciler - [helmdata] Reconciling HiveMQ Platform 'test-hivemq-platform' in namespace 'helmdatahublicensesit'
2025-01-28 20:44:36,794 INFO c.h.h.t.HelmChartContainer - [POD] test-hivemq-platform-0 [0cf5a44f-194c-43bb-a820-401fd8212bb1] in helmdatahublicensesit was ADDED
2025-01-28 20:44:36,794 INFO c.h.h.t.HelmChartContainer - [hivemq-test-hivemq-platform] [hivemq-platform-operator] [ed46ed65] 20:44:36.788 [ReconcilerExecutor-hivemq-controller-65] DEBUG c.h.p.o.HiveMQPlatformReconciler - [helmdata] Custom Resource Status STARTING - HiveMQ Platform is starting (READY)
2025-01-28 20:44:36,795 INFO c.h.h.t.HelmChartContainer - [hivemq-test-hivemq-platform] [hivemq-platform-operator] [ed46ed65] 20:44:36.788 [ReconcilerExecutor-hivemq-controller-65] DEBUG c.h.p.o.HiveMQPlatformReconciler - [helmdata] Custom Resource Spec (replicas: 1) (extensions: 1)
2025-01-28 20:44:36,796 INFO c.h.h.t.HelmChartContainer - [hivemq-test-hivemq-platform] [hivemq-platform-operator] [ed46ed65] 20:44:36.793 [ReconcilerExecutor-hivemq-controller-65] DEBUG c.h.p.o.HiveMQPlatformReconciler - [helmdata] StatefulSet Status (revision: null, replicas: 0, available: 0, ready: 0, current: 0, updated: 0)
2025-01-28 20:44:36,796 INFO c.h.h.t.HelmChartContainer - [hivemq-test-hivemq-platform] [hivemq-platform-operator] [ed46ed65] 20:44:36.793 [ReconcilerExecutor-hivemq-controller-65] DEBUG c.h.p.o.HiveMQPlatformReconciler - [helmdata] StatefulSet Spec (replicas: 1, init containers: 1, containers: 1, volumes: 4)
2025-01-28 20:44:36,800 INFO c.h.h.t.HelmChartContainer - [POD] test-hivemq-platform-0 [0cf5a44f-194c-43bb-a820-401fd8212bb1] in helmdatahublicensesit was MODIFIED
2025-01-28 20:44:36,803 INFO c.h.h.t.HelmChartContainer - [EVENT] Normal [Scheduled] Successfully assigned helmdatahublicensesit/test-hivemq-platform-0 to a8d56fe6a469 [helmdatahublicensesit:test-hivemq-platform-0]
2025-01-28 20:44:36,807 INFO c.h.h.t.HelmChartContainer - [EVENT] Normal [SuccessfulCreate] create Pod test-hivemq-platform-0 in StatefulSet test-hivemq-platform successful [helmdatahublicensesit:test-hivemq-platform]
2025-01-28 20:44:36,815 INFO c.h.h.t.HelmChartContainer - [POD] test-hivemq-platform-0 [0cf5a44f-194c-43bb-a820-401fd8212bb1] in helmdatahublicensesit was MODIFIED
2025-01-28 20:44:36,850 INFO c.h.h.t.HelmChartContainer - [K3S] [reconciler_common.go:251] "operationExecutor.VerifyControllerAttachedVolume started for volume \"licenses\" (UniqueName: \"kubernetes.io/secret/0cf5a44f-194c-43bb-a820-401fd8212bb1-licenses\") pod \"test-hivemq-platform-0\" (UID: \"0cf5a44f-194c-43bb-a820-401fd8212bb1\") " pod="helmdatahublicensesit/test-hivemq-platform-0"
2025-01-28 20:44:36,850 INFO c.h.h.t.HelmChartContainer - [K3S] [reconciler_common.go:251] "operationExecutor.VerifyControllerAttachedVolume started for volume \"pod-info\" (UniqueName: \"kubernetes.io/configmap/0cf5a44f-194c-43bb-a820-401fd8212bb1-pod-info\") pod \"test-hivemq-platform-0\" (UID: \"0cf5a44f-194c-43bb-a820-401fd8212bb1\") " pod="helmdatahublicensesit/test-hivemq-platform-0"
2025-01-28 20:44:36,850 INFO c.h.h.t.HelmChartContainer - [K3S] [reconciler_common.go:251] "operationExecutor.VerifyControllerAttachedVolume started for volume \"broker-configuration\" (UniqueName: \"kubernetes.io/configmap/0cf5a44f-194c-43bb-a820-401fd8212bb1-broker-configuration\") pod \"test-hivemq-platform-0\" (UID: \"0cf5a44f-194c-43bb-a820-401fd8212bb1\") " pod="helmdatahublicensesit/test-hivemq-platform-0"
2025-01-28 20:44:36,850 INFO c.h.h.t.HelmChartContainer - [K3S] [reconciler_common.go:251] "operationExecutor.VerifyControllerAttachedVolume started for volume \"operator-init\" (UniqueName: \"kubernetes.io/empty-dir/0cf5a44f-194c-43bb-a820-401fd8212bb1-operator-init\") pod \"test-hivemq-platform-0\" (UID: \"0cf5a44f-194c-43bb-a820-401fd8212bb1\") " pod="helmdatahublicensesit/test-hivemq-platform-0"
2025-01-28 20:44:36,850 INFO c.h.h.t.HelmChartContainer - [K3S] [reconciler_common.go:251] "operationExecutor.VerifyControllerAttachedVolume started for volume \"kube-api-access-mwscv\" (UniqueName: \"kubernetes.io/projected/0cf5a44f-194c-43bb-a820-401fd8212bb1-kube-api-access-mwscv\") pod \"test-hivemq-platform-0\" (UID: \"0cf5a44f-194c-43bb-a820-401fd8212bb1\") " pod="helmdatahublicensesit/test-hivemq-platform-0"
2025-01-28 20:44:36,885 INFO c.h.h.t.HelmChartContainer - [hivemq-test-hivemq-platform] [hivemq-platform-operator] [ed46ed65] 20:44:36.884 [ReconcilerExecutor-hivemq-controller-65] DEBUG c.h.p.o.h.HiveMQPlatformReconcilerErrorHandler - [helmdata] Pod 'test-hivemq-platform-0' phase Pending
2025-01-28 20:44:36,886 INFO c.h.h.t.HelmChartContainer - [hivemq-test-hivemq-platform] [hivemq-platform-operator] [ed46ed65] 20:44:36.885 [ReconcilerExecutor-hivemq-controller-65] DEBUG c.h.p.o.h.HiveMQPlatformReconcilerErrorHandler - [helmdata] Pod 'test-hivemq-platform-0' condition 'PodScheduled': True
2025-01-28 20:44:36,887 INFO c.h.h.t.HelmChartContainer - [hivemq-test-hivemq-platform] [hivemq-platform-operator] [ed46ed65] 20:44:36.886 [ReconcilerExecutor-hivemq-controller-65] INFO  c.h.p.o.h.HiveMQPlatformReconcilerBaseHandler - [helmdata] HiveMQ Platform is starting, 0 of 1 replicas are ready
2025-01-28 20:44:36,979 INFO c.h.h.t.HelmChartContainer - [hivemq-test-hivemq-platform] [hivemq-platform-operator] [ed46ed65] 20:44:36.976 [pool-6-thread-22] DEBUG c.h.p.o.d.PlatformServiceResource - [helmdata] Desired Platform services (3 services)
2025-01-28 20:44:36,979 INFO c.h.h.t.HelmChartContainer - [hivemq-test-hivemq-platform] [hivemq-platform-operator] [ed46ed65] 20:44:36.977 [pool-6-thread-23] DEBUG c.h.p.o.dependants.PodInfoConfigMap - [helmdata] Desired PodInfo ConfigMap (1 extensions) (1 enabled)
2025-01-28 20:44:36,979 INFO c.h.h.t.HelmChartContainer - [hivemq-test-hivemq-platform] [hivemq-platform-operator] [ed46ed65] 20:44:36.977 [pool-6-thread-23] DEBUG c.h.p.o.dependants.PodInfoConfigMap - [helmdata] Desired PodInfo ConfigMap (metrics port: 9399) (metrics path: /)
2025-01-28 20:44:36,979 INFO c.h.h.t.HelmChartContainer - [hivemq-test-hivemq-platform] [hivemq-platform-operator] [ed46ed65] 20:44:36.977 [pool-6-thread-23] DEBUG c.h.p.o.dependants.PodInfoConfigMap - [helmdata] Desired PodInfo ConfigMap (extension state hash: -1817474005)
2025-01-28 20:44:36,982 INFO c.h.h.t.HelmChartContainer - [hivemq-test-hivemq-platform] [hivemq-platform-operator] [ed46ed65] 20:44:36.980 [pool-6-thread-27] DEBUG c.h.p.o.d.PodServiceAccountResource - [helmdata] Desired PodServiceAccountResource (serviceAccountName: hivemq-platform-pod-test-hivemq-platform)
2025-01-28 20:44:37,074 INFO c.h.h.t.HelmChartContainer - [hivemq-test-hivemq-platform] [hivemq-platform-operator] [ed46ed65] 20:44:37.073 [pool-6-thread-30] DEBUG c.h.p.o.d.StatefulSetResource - [helmdata] Desired StatefulSet (1 replicas) for status STARTING (READY)
2025-01-28 20:44:37,079 INFO c.h.h.t.HelmChartContainer - [hivemq-test-hivemq-platform] [hivemq-platform-operator] [ed46ed65] 20:44:37.079 [ReconcilerExecutor-hivemq-controller-76] INFO  c.h.p.o.HiveMQPlatformReconciler - [helmdata] Reconciling HiveMQ Platform 'test-hivemq-platform' in namespace 'helmdatahublicensesit'
2025-01-28 20:44:37,079 INFO c.h.h.t.HelmChartContainer - [hivemq-test-hivemq-platform] [hivemq-platform-operator] [ed46ed65] 20:44:37.079 [ReconcilerExecutor-hivemq-controller-76] DEBUG c.h.p.o.HiveMQPlatformReconciler - [helmdata] Custom Resource Status STARTING - HiveMQ Platform is starting (READY)
2025-01-28 20:44:37,079 INFO c.h.h.t.HelmChartContainer - [hivemq-test-hivemq-platform] [hivemq-platform-operator] [ed46ed65] 20:44:37.079 [ReconcilerExecutor-hivemq-controller-76] DEBUG c.h.p.o.HiveMQPlatformReconciler - [helmdata] Custom Resource Spec (replicas: 1) (extensions: 1)
2025-01-28 20:44:37,084 INFO c.h.h.t.HelmChartContainer - [hivemq-test-hivemq-platform] [hivemq-platform-operator] [ed46ed65] 20:44:37.083 [ReconcilerExecutor-hivemq-controller-76] DEBUG c.h.p.o.HiveMQPlatformReconciler - [helmdata] StatefulSet Status (revision: test-hivemq-platform-694d44b4f5, replicas: 1, available: 0, ready: 0, current: 1, updated: 1)
2025-01-28 20:44:37,084 INFO c.h.h.t.HelmChartContainer - [hivemq-test-hivemq-platform] [hivemq-platform-operator] [ed46ed65] 20:44:37.083 [ReconcilerExecutor-hivemq-controller-76] DEBUG c.h.p.o.HiveMQPlatformReconciler - [helmdata] StatefulSet Spec (replicas: 1, init containers: 1, containers: 1, volumes: 4)
2025-01-28 20:44:37,088 INFO c.h.h.t.HelmChartContainer - [hivemq-test-hivemq-platform] [hivemq-platform-operator] [ed46ed65] 20:44:37.087 [ReconcilerExecutor-hivemq-controller-76] DEBUG c.h.p.o.h.HiveMQPlatformReconcilerErrorHandler - [helmdata] Pod 'test-hivemq-platform-0' phase Pending
2025-01-28 20:44:37,090 INFO c.h.h.t.HelmChartContainer - [hivemq-test-hivemq-platform] [hivemq-platform-operator] [ed46ed65] 20:44:37.087 [ReconcilerExecutor-hivemq-controller-76] DEBUG c.h.p.o.h.HiveMQPlatformReconcilerErrorHandler - [helmdata] Pod 'test-hivemq-platform-0' condition 'PodReadyToStartContainers': False
2025-01-28 20:44:37,090 INFO c.h.h.t.HelmChartContainer - [hivemq-test-hivemq-platform] [hivemq-platform-operator] [ed46ed65] 20:44:37.088 [ReconcilerExecutor-hivemq-controller-76] DEBUG c.h.p.o.h.HiveMQPlatformReconcilerErrorHandler - [helmdata] Pod 'test-hivemq-platform-0' condition 'Initialized': False
2025-01-28 20:44:37,090 INFO c.h.h.t.HelmChartContainer - [hivemq-test-hivemq-platform] [hivemq-platform-operator] [ed46ed65] 20:44:37.088 [ReconcilerExecutor-hivemq-controller-76] DEBUG c.h.p.o.h.HiveMQPlatformReconcilerErrorHandler - [helmdata] Pod 'test-hivemq-platform-0' condition 'Ready': False
2025-01-28 20:44:37,090 INFO c.h.h.t.HelmChartContainer - [hivemq-test-hivemq-platform] [hivemq-platform-operator] [ed46ed65] 20:44:37.088 [ReconcilerExecutor-hivemq-controller-76] DEBUG c.h.p.o.h.HiveMQPlatformReconcilerErrorHandler - [helmdata] Pod 'test-hivemq-platform-0' condition 'ContainersReady': False
2025-01-28 20:44:37,090 INFO c.h.h.t.HelmChartContainer - [hivemq-test-hivemq-platform] [hivemq-platform-operator] [ed46ed65] 20:44:37.088 [ReconcilerExecutor-hivemq-controller-76] DEBUG c.h.p.o.h.HiveMQPlatformReconcilerErrorHandler - [helmdata] Pod 'test-hivemq-platform-0' condition 'PodScheduled': True
2025-01-28 20:44:37,090 INFO c.h.h.t.HelmChartContainer - [hivemq-test-hivemq-platform] [hivemq-platform-operator] [ed46ed65] 20:44:37.088 [ReconcilerExecutor-hivemq-controller-76] DEBUG c.h.p.o.h.HiveMQPlatformReconcilerErrorHandler - [helmdata] Pod 'test-hivemq-platform-0' containerStatus 'hivemq' (started: false) (ready: false) (waiting: [PodInitializing] null)
2025-01-28 20:44:37,092 INFO c.h.h.t.HelmChartContainer - [hivemq-test-hivemq-platform] [hivemq-platform-operator] [ed46ed65] 20:44:37.091 [ReconcilerExecutor-hivemq-controller-76] INFO  c.h.p.o.h.HiveMQPlatformReconcilerBaseHandler - [helmdata] HiveMQ Platform is starting, 0 of 1 replicas are ready
2025-01-28 20:44:37,195 INFO c.h.h.t.HelmChartContainer - [EVENT] Normal [Pulled] Container image "docker.io/hivemq/hivemq-platform-operator-init-test:snapshot" already present on machine [helmdatahublicensesit:test-hivemq-platform-0]
2025-01-28 20:44:37,302 INFO c.h.h.t.HelmChartContainer - [EVENT] Normal [Created] Created container: hivemq-platform-operator-init [helmdatahublicensesit:test-hivemq-platform-0]
2025-01-28 20:44:37,341 INFO c.h.h.t.HelmChartContainer - [EVENT] Normal [Started] Started container hivemq-platform-operator-init [helmdatahublicensesit:test-hivemq-platform-0]
2025-01-28 20:44:37,395 INFO c.h.h.t.HelmChartContainer - [POD] test-hivemq-platform-0 [0cf5a44f-194c-43bb-a820-401fd8212bb1] in helmdatahublicensesit was MODIFIED
2025-01-28 20:44:37,425 INFO c.h.h.t.HelmChartContainer - [hivemq-test-hivemq-platform] [hivemq-platform-operator] [ed46ed65] 20:44:37.416 [pool-6-thread-32] DEBUG c.h.p.o.d.PlatformServiceResource - [helmdata] Desired Platform services (3 services)
2025-01-28 20:44:37,428 INFO c.h.h.t.HelmChartContainer - [hivemq-test-hivemq-platform] [hivemq-platform-operator] [ed46ed65] 20:44:37.424 [pool-6-thread-33] DEBUG c.h.p.o.dependants.PodInfoConfigMap - [helmdata] Desired PodInfo ConfigMap (1 extensions) (1 enabled)
2025-01-28 20:44:37,428 INFO c.h.h.t.HelmChartContainer - [hivemq-test-hivemq-platform] [hivemq-platform-operator] [ed46ed65] 20:44:37.424 [pool-6-thread-33] DEBUG c.h.p.o.dependants.PodInfoConfigMap - [helmdata] Desired PodInfo ConfigMap (metrics port: 9399) (metrics path: /)
2025-01-28 20:44:37,428 INFO c.h.h.t.HelmChartContainer - [hivemq-test-hivemq-platform] [hivemq-platform-operator] [ed46ed65] 20:44:37.426 [pool-6-thread-33] DEBUG c.h.p.o.dependants.PodInfoConfigMap - [helmdata] Desired PodInfo ConfigMap (extension state hash: -1817474005)
2025-01-28 20:44:37,435 INFO c.h.h.t.HelmChartContainer - [hivemq-test-hivemq-platform] [hivemq-platform-operator] [ed46ed65] 20:44:37.431 [pool-6-thread-37] DEBUG c.h.p.o.d.PodServiceAccountResource - [helmdata] Desired PodServiceAccountResource (serviceAccountName: hivemq-platform-pod-test-hivemq-platform)
2025-01-28 20:44:37,480 INFO c.h.h.t.HelmChartContainer - [hivemq-test-hivemq-platform] [hivemq-platform-operator] [ed46ed65] 20:44:37.478 [pool-6-thread-40] DEBUG c.h.p.o.d.StatefulSetResource - [helmdata] Desired StatefulSet (1 replicas) for status STARTING (READY)
2025-01-28 20:44:37,485 INFO c.h.h.t.HelmChartContainer - [hivemq-test-hivemq-platform] [hivemq-platform-operator] [ed46ed65] 20:44:37.484 [ReconcilerExecutor-hivemq-controller-87] INFO  c.h.p.o.HiveMQPlatformReconciler - [helmdata] Reconciling HiveMQ Platform 'test-hivemq-platform' in namespace 'helmdatahublicensesit'
2025-01-28 20:44:37,486 INFO c.h.h.t.HelmChartContainer - [hivemq-test-hivemq-platform] [hivemq-platform-operator] [ed46ed65] 20:44:37.484 [ReconcilerExecutor-hivemq-controller-87] DEBUG c.h.p.o.HiveMQPlatformReconciler - [helmdata] Custom Resource Status STARTING - HiveMQ Platform is starting (READY)
2025-01-28 20:44:37,486 INFO c.h.h.t.HelmChartContainer - [hivemq-test-hivemq-platform] [hivemq-platform-operator] [ed46ed65] 20:44:37.484 [ReconcilerExecutor-hivemq-controller-87] DEBUG c.h.p.o.HiveMQPlatformReconciler - [helmdata] Custom Resource Spec (replicas: 1) (extensions: 1)
2025-01-28 20:44:37,487 INFO c.h.h.t.HelmChartContainer - [hivemq-test-hivemq-platform] [hivemq-platform-operator] [ed46ed65] 20:44:37.487 [ReconcilerExecutor-hivemq-controller-87] DEBUG c.h.p.o.HiveMQPlatformReconciler - [helmdata] StatefulSet Status (revision: test-hivemq-platform-694d44b4f5, replicas: 1, available: 0, ready: 0, current: 1, updated: 1)
2025-01-28 20:44:37,488 INFO c.h.h.t.HelmChartContainer - [hivemq-test-hivemq-platform] [hivemq-platform-operator] [ed46ed65] 20:44:37.487 [ReconcilerExecutor-hivemq-controller-87] DEBUG c.h.p.o.HiveMQPlatformReconciler - [helmdata] StatefulSet Spec (replicas: 1, init containers: 1, containers: 1, volumes: 4)
2025-01-28 20:44:37,491 INFO c.h.h.t.HelmChartContainer - [hivemq-test-hivemq-platform] [hivemq-platform-operator] [ed46ed65] 20:44:37.490 [ReconcilerExecutor-hivemq-controller-87] DEBUG c.h.p.o.h.HiveMQPlatformReconcilerErrorHandler - [helmdata] Pod 'test-hivemq-platform-0' phase Pending
2025-01-28 20:44:37,492 INFO c.h.h.t.HelmChartContainer - [hivemq-test-hivemq-platform] [hivemq-platform-operator] [ed46ed65] 20:44:37.491 [ReconcilerExecutor-hivemq-controller-87] DEBUG c.h.p.o.h.HiveMQPlatformReconcilerErrorHandler - [helmdata] Pod 'test-hivemq-platform-0' condition 'PodReadyToStartContainers': True
2025-01-28 20:44:37,492 INFO c.h.h.t.HelmChartContainer - [hivemq-test-hivemq-platform] [hivemq-platform-operator] [ed46ed65] 20:44:37.491 [ReconcilerExecutor-hivemq-controller-87] DEBUG c.h.p.o.h.HiveMQPlatformReconcilerErrorHandler - [helmdata] Pod 'test-hivemq-platform-0' condition 'Initialized': False
2025-01-28 20:44:37,492 INFO c.h.h.t.HelmChartContainer - [hivemq-test-hivemq-platform] [hivemq-platform-operator] [ed46ed65] 20:44:37.491 [ReconcilerExecutor-hivemq-controller-87] DEBUG c.h.p.o.h.HiveMQPlatformReconcilerErrorHandler - [helmdata] Pod 'test-hivemq-platform-0' condition 'Ready': False
2025-01-28 20:44:37,492 INFO c.h.h.t.HelmChartContainer - [hivemq-test-hivemq-platform] [hivemq-platform-operator] [ed46ed65] 20:44:37.491 [ReconcilerExecutor-hivemq-controller-87] DEBUG c.h.p.o.h.HiveMQPlatformReconcilerErrorHandler - [helmdata] Pod 'test-hivemq-platform-0' condition 'ContainersReady': False
2025-01-28 20:44:37,492 INFO c.h.h.t.HelmChartContainer - [hivemq-test-hivemq-platform] [hivemq-platform-operator] [ed46ed65] 20:44:37.491 [ReconcilerExecutor-hivemq-controller-87] DEBUG c.h.p.o.h.HiveMQPlatformReconcilerErrorHandler - [helmdata] Pod 'test-hivemq-platform-0' condition 'PodScheduled': True
2025-01-28 20:44:37,492 INFO c.h.h.t.HelmChartContainer - [hivemq-test-hivemq-platform] [hivemq-platform-operator] [ed46ed65] 20:44:37.491 [ReconcilerExecutor-hivemq-controller-87] DEBUG c.h.p.o.h.HiveMQPlatformReconcilerErrorHandler - [helmdata] Pod 'test-hivemq-platform-0' containerStatus 'hivemq' (started: false) (ready: false) (waiting: [PodInitializing] null)
2025-01-28 20:44:37,493 INFO c.h.h.t.HelmChartContainer - [hivemq-test-hivemq-platform] [hivemq-platform-operator] [ed46ed65] 20:44:37.492 [ReconcilerExecutor-hivemq-controller-87] INFO  c.h.p.o.h.HiveMQPlatformReconcilerBaseHandler - [helmdata] HiveMQ Platform is starting, 0 of 1 replicas are ready
2025-01-28 20:44:38,385 INFO c.h.h.t.HelmChartContainer - [EVENT] Normal [Pulled] Container image "docker.io/hivemq/hivemq4:4.36.0" already present on machine [helmdatahublicensesit:test-hivemq-platform-0]
2025-01-28 20:44:38,386 INFO c.h.h.t.HelmChartContainer - Received Pulled event for container hivemq in pod test-hivemq-platform-0 [0cf5a44f-194c-43bb-a820-401fd8212bb1]
2025-01-28 20:44:38,394 INFO c.h.h.t.HelmChartContainer - [POD] test-hivemq-platform-0 [0cf5a44f-194c-43bb-a820-401fd8212bb1] in helmdatahublicensesit was MODIFIED
2025-01-28 20:44:38,404 INFO c.h.h.t.HelmChartContainer - [hivemq-test-hivemq-platform] [hivemq-platform-operator] [ed46ed65] 20:44:38.403 [pool-6-thread-42] DEBUG c.h.p.o.d.PlatformServiceResource - [helmdata] Desired Platform services (3 services)
2025-01-28 20:44:38,405 INFO c.h.h.t.HelmChartContainer - [hivemq-test-hivemq-platform] [hivemq-platform-operator] [ed46ed65] 20:44:38.404 [pool-6-thread-43] DEBUG c.h.p.o.dependants.PodInfoConfigMap - [helmdata] Desired PodInfo ConfigMap (1 extensions) (1 enabled)
2025-01-28 20:44:38,406 INFO c.h.h.t.HelmChartContainer - [hivemq-test-hivemq-platform] [hivemq-platform-operator] [ed46ed65] 20:44:38.404 [pool-6-thread-43] DEBUG c.h.p.o.dependants.PodInfoConfigMap - [helmdata] Desired PodInfo ConfigMap (metrics port: 9399) (metrics path: /)
2025-01-28 20:44:38,407 INFO c.h.h.t.HelmChartContainer - [hivemq-test-hivemq-platform] [hivemq-platform-operator] [ed46ed65] 20:44:38.404 [pool-6-thread-43] DEBUG c.h.p.o.dependants.PodInfoConfigMap - [helmdata] Desired PodInfo ConfigMap (extension state hash: -1817474005)
2025-01-28 20:44:38,412 INFO c.h.h.t.HelmChartContainer - [hivemq-test-hivemq-platform] [hivemq-platform-operator] [ed46ed65] 20:44:38.410 [pool-6-thread-47] DEBUG c.h.p.o.d.PodServiceAccountResource - [helmdata] Desired PodServiceAccountResource (serviceAccountName: hivemq-platform-pod-test-hivemq-platform)
2025-01-28 20:44:38,477 INFO c.h.h.t.HelmChartContainer - [hivemq-test-hivemq-platform] [hivemq-platform-operator] [ed46ed65] 20:44:38.475 [pool-6-thread-49] DEBUG c.h.p.o.d.StatefulSetResource - [helmdata] Desired StatefulSet (1 replicas) for status STARTING (READY)
2025-01-28 20:44:38,480 INFO c.h.h.t.HelmChartContainer - [hivemq-test-hivemq-platform] [hivemq-platform-operator] [ed46ed65] 20:44:38.479 [ReconcilerExecutor-hivemq-controller-98] INFO  c.h.p.o.HiveMQPlatformReconciler - [helmdata] Reconciling HiveMQ Platform 'test-hivemq-platform' in namespace 'helmdatahublicensesit'
2025-01-28 20:44:38,481 INFO c.h.h.t.HelmChartContainer - [hivemq-test-hivemq-platform] [hivemq-platform-operator] [ed46ed65] 20:44:38.479 [ReconcilerExecutor-hivemq-controller-98] DEBUG c.h.p.o.HiveMQPlatformReconciler - [helmdata] Custom Resource Status STARTING - HiveMQ Platform is starting (READY)
2025-01-28 20:44:38,481 INFO c.h.h.t.HelmChartContainer - [hivemq-test-hivemq-platform] [hivemq-platform-operator] [ed46ed65] 20:44:38.479 [ReconcilerExecutor-hivemq-controller-98] DEBUG c.h.p.o.HiveMQPlatformReconciler - [helmdata] Custom Resource Spec (replicas: 1) (extensions: 1)
2025-01-28 20:44:38,484 INFO c.h.h.t.HelmChartContainer - [hivemq-test-hivemq-platform] [hivemq-platform-operator] [ed46ed65] 20:44:38.483 [ReconcilerExecutor-hivemq-controller-98] DEBUG c.h.p.o.HiveMQPlatformReconciler - [helmdata] StatefulSet Status (revision: test-hivemq-platform-694d44b4f5, replicas: 1, available: 0, ready: 0, current: 1, updated: 1)
2025-01-28 20:44:38,484 INFO c.h.h.t.HelmChartContainer - [hivemq-test-hivemq-platform] [hivemq-platform-operator] [ed46ed65] 20:44:38.483 [ReconcilerExecutor-hivemq-controller-98] DEBUG c.h.p.o.HiveMQPlatformReconciler - [helmdata] StatefulSet Spec (replicas: 1, init containers: 1, containers: 1, volumes: 4)
2025-01-28 20:44:38,486 INFO c.h.h.t.HelmChartContainer - [hivemq-test-hivemq-platform] [hivemq-platform-operator] [ed46ed65] 20:44:38.486 [ReconcilerExecutor-hivemq-controller-98] DEBUG c.h.p.o.h.HiveMQPlatformReconcilerErrorHandler - [helmdata] Pod 'test-hivemq-platform-0' phase Pending
2025-01-28 20:44:38,487 INFO c.h.h.t.HelmChartContainer - [hivemq-test-hivemq-platform] [hivemq-platform-operator] [ed46ed65] 20:44:38.486 [ReconcilerExecutor-hivemq-controller-98] DEBUG c.h.p.o.h.HiveMQPlatformReconcilerErrorHandler - [helmdata] Pod 'test-hivemq-platform-0' condition 'PodReadyToStartContainers': True
2025-01-28 20:44:38,488 INFO c.h.h.t.HelmChartContainer - [hivemq-test-hivemq-platform] [hivemq-platform-operator] [ed46ed65] 20:44:38.486 [ReconcilerExecutor-hivemq-controller-98] DEBUG c.h.p.o.h.HiveMQPlatformReconcilerErrorHandler - [helmdata] Pod 'test-hivemq-platform-0' condition 'Initialized': True
2025-01-28 20:44:38,488 INFO c.h.h.t.HelmChartContainer - [hivemq-test-hivemq-platform] [hivemq-platform-operator] [ed46ed65] 20:44:38.486 [ReconcilerExecutor-hivemq-controller-98] DEBUG c.h.p.o.h.HiveMQPlatformReconcilerErrorHandler - [helmdata] Pod 'test-hivemq-platform-0' condition 'Ready': False
2025-01-28 20:44:38,488 INFO c.h.h.t.HelmChartContainer - [hivemq-test-hivemq-platform] [hivemq-platform-operator] [ed46ed65] 20:44:38.486 [ReconcilerExecutor-hivemq-controller-98] DEBUG c.h.p.o.h.HiveMQPlatformReconcilerErrorHandler - [helmdata] Pod 'test-hivemq-platform-0' condition 'ContainersReady': False
2025-01-28 20:44:38,488 INFO c.h.h.t.HelmChartContainer - [hivemq-test-hivemq-platform] [hivemq-platform-operator] [ed46ed65] 20:44:38.486 [ReconcilerExecutor-hivemq-controller-98] DEBUG c.h.p.o.h.HiveMQPlatformReconcilerErrorHandler - [helmdata] Pod 'test-hivemq-platform-0' condition 'PodScheduled': True
2025-01-28 20:44:38,488 INFO c.h.h.t.HelmChartContainer - [hivemq-test-hivemq-platform] [hivemq-platform-operator] [ed46ed65] 20:44:38.486 [ReconcilerExecutor-hivemq-controller-98] DEBUG c.h.p.o.h.HiveMQPlatformReconcilerErrorHandler - [helmdata] Pod 'test-hivemq-platform-0' containerStatus 'hivemq' (started: false) (ready: false) (waiting: [PodInitializing] null)
2025-01-28 20:44:38,489 INFO c.h.h.t.HelmChartContainer - [hivemq-test-hivemq-platform] [hivemq-platform-operator] [ed46ed65] 20:44:38.488 [ReconcilerExecutor-hivemq-controller-98] INFO  c.h.p.o.h.HiveMQPlatformReconcilerBaseHandler - [helmdata] HiveMQ Platform is starting, 0 of 1 replicas are ready
2025-01-28 20:44:39,657 INFO c.h.h.t.HelmChartContainer - [EVENT] Normal [Created] Created container: hivemq [helmdatahublicensesit:test-hivemq-platform-0]
2025-01-28 20:44:39,657 INFO c.h.h.t.HelmChartContainer - Received Created event for container hivemq in pod test-hivemq-platform-0 [0cf5a44f-194c-43bb-a820-401fd8212bb1]
2025-01-28 20:44:40,399 INFO c.h.h.t.HelmChartContainer - [POD] test-hivemq-platform-0 [0cf5a44f-194c-43bb-a820-401fd8212bb1] in helmdatahublicensesit was MODIFIED
2025-01-28 20:44:40,404 INFO c.h.h.t.HelmChartContainer - [hivemq-test-hivemq-platform] [hivemq-platform-operator] [ed46ed65] 20:44:40.402 [pool-6-thread-6] DEBUG c.h.p.o.d.PlatformServiceResource - [helmdata] Desired Platform services (3 services)
2025-01-28 20:44:40,408 INFO c.h.h.t.HelmChartContainer - [hivemq-test-hivemq-platform] [hivemq-platform-operator] [ed46ed65] 20:44:40.403 [pool-6-thread-5] DEBUG c.h.p.o.dependants.PodInfoConfigMap - [helmdata] Desired PodInfo ConfigMap (1 extensions) (1 enabled)
2025-01-28 20:44:40,411 INFO c.h.h.t.HelmChartContainer - Started log watcher for hivemq in pod test-hivemq-platform-0 [0cf5a44f-194c-43bb-a820-401fd8212bb1]
2025-01-28 20:44:40,412 INFO c.h.h.t.HelmChartContainer - [EVENT] Normal [Started] Started container hivemq [helmdatahublicensesit:test-hivemq-platform-0]
2025-01-28 20:44:40,412 INFO c.h.h.t.HelmChartContainer - Received Started event for container hivemq in pod test-hivemq-platform-0 [0cf5a44f-194c-43bb-a820-401fd8212bb1]
2025-01-28 20:44:40,413 INFO c.h.h.t.HelmChartContainer - [hivemq-test-hivemq-platform] [hivemq-platform-operator] [ed46ed65] 20:44:40.407 [pool-6-thread-5] DEBUG c.h.p.o.dependants.PodInfoConfigMap - [helmdata] Desired PodInfo ConfigMap (metrics port: 9399) (metrics path: /)
2025-01-28 20:44:40,413 INFO c.h.h.t.HelmChartContainer - [hivemq-test-hivemq-platform] [hivemq-platform-operator] [ed46ed65] 20:44:40.407 [pool-6-thread-5] DEBUG c.h.p.o.dependants.PodInfoConfigMap - [helmdata] Desired PodInfo ConfigMap (extension state hash: -1817474005)
2025-01-28 20:44:40,413 INFO c.h.h.t.HelmChartContainer - [hivemq-test-hivemq-platform] [hivemq-platform-operator] [ed46ed65] 20:44:40.407 [pool-6-thread-10] DEBUG c.h.p.o.d.PodServiceAccountResource - [helmdata] Desired PodServiceAccountResource (serviceAccountName: hivemq-platform-pod-test-hivemq-platform)
2025-01-28 20:44:40,414 INFO c.h.h.t.HelmChartContainer - [test-hivemq-platform] [hivemq] [0cf5a44f] Adding pre-installed HiveMQ Platform Operator extensions
2025-01-28 20:44:40,414 INFO c.h.h.t.HelmChartContainer - [test-hivemq-platform] [hivemq] [0cf5a44f] Running as user 10000
2025-01-28 20:44:40,414 INFO c.h.h.t.HelmChartContainer - [test-hivemq-platform] [hivemq] [0cf5a44f] Starting HiveMQ Platform Operator Init
2025-01-28 20:44:40,416 INFO c.h.h.t.HelmChartContainer - [hivemq-test-hivemq-platform] [hivemq-platform-operator] [ed46ed65] 20:44:40.415 [pool-6-thread-6] DEBUG c.h.p.o.d.StatefulSetResource - [helmdata] Desired StatefulSet (1 replicas) for status STARTING (READY)
2025-01-28 20:44:40,477 INFO c.h.h.t.HelmChartContainer - [hivemq-test-hivemq-platform] [hivemq-platform-operator] [ed46ed65] 20:44:40.475 [ReconcilerExecutor-hivemq-controller-109] INFO  c.h.p.o.HiveMQPlatformReconciler - [helmdata] Reconciling HiveMQ Platform 'test-hivemq-platform' in namespace 'helmdatahublicensesit'
2025-01-28 20:44:40,478 INFO c.h.h.t.HelmChartContainer - [hivemq-test-hivemq-platform] [hivemq-platform-operator] [ed46ed65] 20:44:40.475 [ReconcilerExecutor-hivemq-controller-109] DEBUG c.h.p.o.HiveMQPlatformReconciler - [helmdata] Custom Resource Status STARTING - HiveMQ Platform is starting (READY)
2025-01-28 20:44:40,478 INFO c.h.h.t.HelmChartContainer - [hivemq-test-hivemq-platform] [hivemq-platform-operator] [ed46ed65] 20:44:40.476 [ReconcilerExecutor-hivemq-controller-109] DEBUG c.h.p.o.HiveMQPlatformReconciler - [helmdata] Custom Resource Spec (replicas: 1) (extensions: 1)
2025-01-28 20:44:40,483 INFO c.h.h.t.HelmChartContainer - [hivemq-test-hivemq-platform] [hivemq-platform-operator] [ed46ed65] 20:44:40.482 [ReconcilerExecutor-hivemq-controller-109] DEBUG c.h.p.o.HiveMQPlatformReconciler - [helmdata] StatefulSet Status (revision: test-hivemq-platform-694d44b4f5, replicas: 1, available: 0, ready: 0, current: 1, updated: 1)
2025-01-28 20:44:40,483 INFO c.h.h.t.HelmChartContainer - [hivemq-test-hivemq-platform] [hivemq-platform-operator] [ed46ed65] 20:44:40.482 [ReconcilerExecutor-hivemq-controller-109] DEBUG c.h.p.o.HiveMQPlatformReconciler - [helmdata] StatefulSet Spec (replicas: 1, init containers: 1, containers: 1, volumes: 4)
2025-01-28 20:44:40,485 INFO c.h.h.t.HelmChartContainer - [hivemq-test-hivemq-platform] [hivemq-platform-operator] [ed46ed65] 20:44:40.484 [ReconcilerExecutor-hivemq-controller-109] DEBUG c.h.p.o.h.HiveMQPlatformReconcilerErrorHandler - [helmdata] Pod 'test-hivemq-platform-0' phase Running
2025-01-28 20:44:40,486 INFO c.h.h.t.HelmChartContainer - [hivemq-test-hivemq-platform] [hivemq-platform-operator] [ed46ed65] 20:44:40.485 [ReconcilerExecutor-hivemq-controller-109] INFO  c.h.p.o.h.HiveMQPlatformReconcilerBaseHandler - [helmdata] HiveMQ Platform is starting, 0 of 1 replicas are ready
2025-01-28 20:44:40,851 INFO c.h.h.t.HelmChartContainer - [test-hivemq-platform] [hivemq] [0cf5a44f] INFO  - [HiveMQ Platform Operator Init 1.7.0-SNAPSHOT] HiveMQ Platform Operator Init 1.7.0-SNAPSHOT (commit: bebf408 on branch: HEAD) built on Sun Jan 26 20:47:47 UTC 2025
2025-01-28 20:44:41,958 INFO c.h.h.t.HelmChartContainer - [test-hivemq-platform] [hivemq] [0cf5a44f] INFO  - [HiveMQ Platform Operator Init App 1.7.0-SNAPSHOT] Using bind address 10.42.0.10 from environment variable
2025-01-28 20:44:42,950 INFO c.h.h.t.HelmChartContainer - [test-hivemq-platform] [hivemq] [0cf5a44f] INFO  - [HiveMQ Platform Operator Init App 1.7.0-SNAPSHOT] HiveMQ Platform Operator Init App 1.7.0-SNAPSHOT (commit: bebf408 on branch: HEAD) built on Sun Jan 26 20:47:47 UTC 2025
2025-01-28 20:44:42,950 INFO c.h.h.t.HelmChartContainer - [test-hivemq-platform] [hivemq] [0cf5a44f] INFO  - [HiveMQ Platform Operator Init App 1.7.0-SNAPSHOT] PodInfo ConfigMap directory: /etc/podinfo
2025-01-28 20:44:42,950 INFO c.h.h.t.HelmChartContainer - [test-hivemq-platform] [hivemq] [0cf5a44f] INFO  - [HiveMQ Platform Operator Init App 1.7.0-SNAPSHOT] HiveMQ home directory: /opt/hivemq
2025-01-28 20:44:42,950 INFO c.h.h.t.HelmChartContainer - [test-hivemq-platform] [hivemq] [0cf5a44f] INFO  - [HiveMQ Platform Operator Init App 1.7.0-SNAPSHOT] HiveMQ Logback folder: /opt/hivemq/conf
2025-01-28 20:44:42,950 INFO c.h.h.t.HelmChartContainer - [test-hivemq-platform] [hivemq] [0cf5a44f] INFO  - [HiveMQ Platform Operator Init App 1.7.0-SNAPSHOT] HiveMQ Config folder: /opt/hivemq/conf-k8s
2025-01-28 20:44:42,950 INFO c.h.h.t.HelmChartContainer - [test-hivemq-platform] [hivemq] [0cf5a44f] INFO  - [HiveMQ Platform Operator Init App 1.7.0-SNAPSHOT] Starting HiveMQ Platform Operator Init App
2025-01-28 20:44:42,950 INFO c.h.h.t.HelmChartContainer - [test-hivemq-platform] [hivemq] [0cf5a44f] INFO  - [HiveMQ Platform Operator Init App 1.7.0-SNAPSHOT] Starting Pod reconciler
2025-01-28 20:44:44,063 INFO c.h.h.t.HelmChartContainer - [test-hivemq-platform] [hivemq] [0cf5a44f] INFO  - [HiveMQ Platform Operator Init App 1.7.0-SNAPSHOT] Pod reconciler is scheduled (interval: 5000 ms)
2025-01-28 20:44:44,064 INFO c.h.h.t.HelmChartContainer - [test-hivemq-platform] [hivemq] [0cf5a44f] INFO  - [HiveMQ Platform Operator Init App 1.7.0-SNAPSHOT] Starting the REST API on 10.42.0.10:7979
2025-01-28 20:44:44,067 INFO c.h.h.t.HelmChartContainer - [test-hivemq-platform] [hivemq] [0cf5a44f] INFO  - [HiveMQ Platform Operator Init App 1.7.0-SNAPSHOT] Waiting up to 600s for at most 1 HiveMQ nodes in cluster service hivemq-test-hivemq-platform-cluster.helmdatahublicensesit.svc
2025-01-28 20:44:44,451 INFO c.h.h.t.HelmChartContainer - [test-hivemq-platform] [hivemq] [0cf5a44f] INFO  - [HiveMQ Platform Operator Init App 1.7.0-SNAPSHOT] Resolved 1 IP addresses: [10.42.0.10]
2025-01-28 20:44:44,451 INFO c.h.h.t.HelmChartContainer - [test-hivemq-platform] [hivemq] [0cf5a44f] INFO  - [HiveMQ Platform Operator Init App 1.7.0-SNAPSHOT] HiveMQ node count of 1 is within threshold of 1
2025-01-28 20:44:44,451 INFO c.h.h.t.HelmChartContainer - [test-hivemq-platform] [hivemq] [0cf5a44f] INFO  - [HiveMQ Platform Operator Init App 1.7.0-SNAPSHOT] Proceeding with container start
2025-01-28 20:44:44,545 INFO c.h.h.t.HelmChartContainer - [test-hivemq-platform] [hivemq] [0cf5a44f] INFO  - [HiveMQ Platform Operator Init App 1.7.0-SNAPSHOT] Initializing HiveMQ Platform extensions with initial configuration: {hivemq-allow-all-extension={start-priority=-1, skip-https-hostname-verification=false, restart=true, config-version=0, header-version=0, c-uri=, priority=-1, uri=preinstalled, skip-https-certificate-validation=false, enabled=true}, hivemq-prometheus-extension={priority=-1, restart=true, enabled=true, request-header-path=no-request-headers, uri=preinstalled, skip-https-certificate-validation=false, skip-https-hostname-verification=false, c-uri=, start-priority=-1}}
2025-01-28 20:44:44,958 INFO c.h.h.t.HelmChartContainer - [test-hivemq-platform] [hivemq] [0cf5a44f] INFO  - [HiveMQ Platform Operator Init App 1.7.0-SNAPSHOT] Extension hivemq-allow-all-extension was already enabled
2025-01-28 20:44:45,048 INFO c.h.h.t.HelmChartContainer - [test-hivemq-platform] [hivemq] [0cf5a44f] INFO  - [HiveMQ Platform Operator Init App 1.7.0-SNAPSHOT] Successfully enabled extension hivemq-prometheus-extension
2025-01-28 20:44:45,049 INFO c.h.h.t.HelmChartContainer - [test-hivemq-platform] [hivemq] [0cf5a44f] INFO  - [HiveMQ Platform Operator Init App 1.7.0-SNAPSHOT] Starting HiveMQ Platform version 4.36.0 (4.36.0)
2025-01-28 20:44:45,051 INFO c.h.h.t.HelmChartContainer - [test-hivemq-platform] [hivemq] [0cf5a44f] INFO  - [HiveMQ Platform Operator Init App 1.7.0-SNAPSHOT] Configuring the HiveMQ Platform
2025-01-28 20:44:45,058 INFO c.h.h.t.HelmChartContainer - [test-hivemq-platform] [hivemq] [0cf5a44f] INFO  - [HiveMQ Platform Operator Init App 1.7.0-SNAPSHOT] Changed logback.xml file scan period to 20 seconds
2025-01-28 20:44:45,147 INFO c.h.h.t.HelmChartContainer - [test-hivemq-platform] [hivemq] [0cf5a44f] INFO  - [HiveMQ Platform Operator Init App 1.7.0-SNAPSHOT] Starting the HiveMQ Platform
2025-01-28 20:44:45,150 INFO c.h.h.t.HelmChartContainer - [test-hivemq-platform] [hivemq] [0cf5a44f] -------------------------------------------------------------------------
2025-01-28 20:44:45,151 INFO c.h.h.t.HelmChartContainer - [test-hivemq-platform] [hivemq] [0cf5a44f] 
2025-01-28 20:44:45,151 INFO c.h.h.t.HelmChartContainer - [test-hivemq-platform] [hivemq] [0cf5a44f]                   _    _  _              __  __   ____
2025-01-28 20:44:45,151 INFO c.h.h.t.HelmChartContainer - [test-hivemq-platform] [hivemq] [0cf5a44f]                  | |  | |(_)            |  \/  | / __ \
2025-01-28 20:44:45,151 INFO c.h.h.t.HelmChartContainer - [test-hivemq-platform] [hivemq] [0cf5a44f]                  | |__| | _ __   __ ___ | \  / || |  | |
2025-01-28 20:44:45,151 INFO c.h.h.t.HelmChartContainer - [test-hivemq-platform] [hivemq] [0cf5a44f]                  |  __  || |\ \ / // _ \| |\/| || |  | |
2025-01-28 20:44:45,151 INFO c.h.h.t.HelmChartContainer - [test-hivemq-platform] [hivemq] [0cf5a44f]                  | |  | || | \ V /|  __/| |  | || |__| |
2025-01-28 20:44:45,151 INFO c.h.h.t.HelmChartContainer - [test-hivemq-platform] [hivemq] [0cf5a44f]                  |_|  |_||_|  \_/  \___||_|  |_| \___\_\
2025-01-28 20:44:45,151 INFO c.h.h.t.HelmChartContainer - [test-hivemq-platform] [hivemq] [0cf5a44f] 
2025-01-28 20:44:45,151 INFO c.h.h.t.HelmChartContainer - [test-hivemq-platform] [hivemq] [0cf5a44f] -------------------------------------------------------------------------
2025-01-28 20:44:45,151 INFO c.h.h.t.HelmChartContainer - [test-hivemq-platform] [hivemq] [0cf5a44f] 
2025-01-28 20:44:45,151 INFO c.h.h.t.HelmChartContainer - [test-hivemq-platform] [hivemq] [0cf5a44f]   HiveMQ Start Script for Linux/Unix v1.14
2025-01-28 20:44:45,151 INFO c.h.h.t.HelmChartContainer - [test-hivemq-platform] [hivemq] [0cf5a44f] 
2025-01-28 20:44:45,246 INFO c.h.h.t.HelmChartContainer - [test-hivemq-platform] [hivemq] [0cf5a44f] -------------------------------------------------------------------------
2025-01-28 20:44:45,246 INFO c.h.h.t.HelmChartContainer - [test-hivemq-platform] [hivemq] [0cf5a44f] 
2025-01-28 20:44:45,246 INFO c.h.h.t.HelmChartContainer - [test-hivemq-platform] [hivemq] [0cf5a44f]   HIVEMQ_HOME: /opt/hivemq
2025-01-28 20:44:45,246 INFO c.h.h.t.HelmChartContainer - [test-hivemq-platform] [hivemq] [0cf5a44f] 
2025-01-28 20:44:45,246 INFO c.h.h.t.HelmChartContainer - [test-hivemq-platform] [hivemq] [0cf5a44f]   JAVA_OPTS: -XX:+UnlockExperimentalVMOptions -XX:InitialRAMPercentage=50 -XX:MaxRAMPercentage=50 -Djava.net.preferIPv4Stack=true --add-opens java.base/java.lang=ALL-UNNAMED --add-opens java.base/java.nio=ALL-UNNAMED --add-opens java.base/sun.nio.ch=ALL-UNNAMED --add-opens jdk.management/com.sun.management.internal=ALL-UNNAMED --add-exports java.base/jdk.internal.misc=ALL-UNNAMED -Djava.security.egd=file:/dev/./urandom -Dcom.sun.management.jmxremote -Dcom.sun.management.jmxremote.port=9010 -Dcom.sun.management.jmxremote.local.only=false -Dcom.sun.management.jmxremote.authenticate=false -Dcom.sun.management.jmxremote.ssl=false -Duser.language=en -Duser.region=US -XX:+CrashOnOutOfMemoryError -XX:+HeapDumpOnOutOfMemoryError
2025-01-28 20:44:45,246 INFO c.h.h.t.HelmChartContainer - [test-hivemq-platform] [hivemq] [0cf5a44f] 
2025-01-28 20:44:45,247 INFO c.h.h.t.HelmChartContainer - [test-hivemq-platform] [hivemq] [0cf5a44f]   JAVA_VERSION: 21
2025-01-28 20:44:45,247 INFO c.h.h.t.HelmChartContainer - [test-hivemq-platform] [hivemq] [0cf5a44f] 
2025-01-28 20:44:45,247 INFO c.h.h.t.HelmChartContainer - [test-hivemq-platform] [hivemq] [0cf5a44f] -------------------------------------------------------------------------
2025-01-28 20:44:45,247 INFO c.h.h.t.HelmChartContainer - [test-hivemq-platform] [hivemq] [0cf5a44f] 
2025-01-28 20:44:46,451 INFO c.h.h.t.HelmChartContainer - [test-hivemq-platform] [hivemq] [0cf5a44f] INFO  - [HiveMQ Platform Operator Init App 1.7.0-SNAPSHOT] Returning default Health API response 503 for readiness
2025-01-28 20:44:46,858 INFO c.h.h.t.HelmChartContainer - [EVENT] Warning [Unhealthy] Readiness probe failed: HTTP probe failed with statuscode: 503 [helmdatahublicensesit:test-hivemq-platform-0]
2025-01-28 20:44:46,858 INFO c.h.h.t.HelmChartContainer - Received Unhealthy event for container hivemq in pod test-hivemq-platform-0 [0cf5a44f-194c-43bb-a820-401fd8212bb1]
2025-01-28 20:44:47,855 INFO c.h.h.t.HelmChartContainer - [test-hivemq-platform] [hivemq] [0cf5a44f] INFO  - Starting HiveMQ Enterprise Server
2025-01-28 20:44:47,860 INFO c.h.h.t.HelmChartContainer - [test-hivemq-platform] [hivemq] [0cf5a44f] INFO  - HiveMQ version: 4.36.0
2025-01-28 20:44:47,860 INFO c.h.h.t.HelmChartContainer - [test-hivemq-platform] [hivemq] [0cf5a44f] INFO  - HiveMQ home directory: /opt/hivemq
2025-01-28 20:44:47,861 INFO c.h.h.t.HelmChartContainer - [test-hivemq-platform] [hivemq] [0cf5a44f] INFO  - Log Configuration was overridden by /opt/hivemq/conf/logback.xml
2025-01-28 20:44:49,256 INFO c.h.h.t.HelmChartContainer - [test-hivemq-platform] [hivemq] [0cf5a44f] INFO  - Successfully loaded configuration from '/opt/hivemq/conf-k8s/config.xml'.
2025-01-28 20:44:50,147 INFO c.h.h.t.HelmChartContainer - [test-hivemq-platform] [hivemq] [0cf5a44f] INFO  - This node's ID is Gcq5k
2025-01-28 20:44:50,148 INFO c.h.h.t.HelmChartContainer - [test-hivemq-platform] [hivemq] [0cf5a44f] INFO  - Clustering is enabled
2025-01-28 20:44:50,490 INFO c.h.h.t.HelmChartContainer - [hivemq-test-hivemq-platform] [hivemq-platform-operator] [ed46ed65] 20:44:50.488 [pool-6-thread-11] DEBUG c.h.p.o.d.PlatformServiceResource - [helmdata] Desired Platform services (3 services)
2025-01-28 20:44:50,491 INFO c.h.h.t.HelmChartContainer - [hivemq-test-hivemq-platform] [hivemq-platform-operator] [ed46ed65] 20:44:50.489 [pool-6-thread-16] DEBUG c.h.p.o.dependants.PodInfoConfigMap - [helmdata] Desired PodInfo ConfigMap (1 extensions) (1 enabled)
2025-01-28 20:44:50,493 INFO c.h.h.t.HelmChartContainer - [hivemq-test-hivemq-platform] [hivemq-platform-operator] [ed46ed65] 20:44:50.490 [pool-6-thread-16] DEBUG c.h.p.o.dependants.PodInfoConfigMap - [helmdata] Desired PodInfo ConfigMap (metrics port: 9399) (metrics path: /)
2025-01-28 20:44:50,493 INFO c.h.h.t.HelmChartContainer - [hivemq-test-hivemq-platform] [hivemq-platform-operator] [ed46ed65] 20:44:50.490 [pool-6-thread-16] DEBUG c.h.p.o.dependants.PodInfoConfigMap - [helmdata] Desired PodInfo ConfigMap (extension state hash: -1817474005)
2025-01-28 20:44:50,494 INFO c.h.h.t.HelmChartContainer - [hivemq-test-hivemq-platform] [hivemq-platform-operator] [ed46ed65] 20:44:50.493 [pool-6-thread-11] DEBUG c.h.p.o.d.PodServiceAccountResource - [helmdata] Desired PodServiceAccountResource (serviceAccountName: hivemq-platform-pod-test-hivemq-platform)
2025-01-28 20:44:50,498 INFO c.h.h.t.HelmChartContainer - [hivemq-test-hivemq-platform] [hivemq-platform-operator] [ed46ed65] 20:44:50.497 [pool-6-thread-14] DEBUG c.h.p.o.d.StatefulSetResource - [helmdata] Desired StatefulSet (1 replicas) for status STARTING (READY)
2025-01-28 20:44:50,503 INFO c.h.h.t.HelmChartContainer - [hivemq-test-hivemq-platform] [hivemq-platform-operator] [ed46ed65] 20:44:50.501 [ReconcilerExecutor-hivemq-controller-110] INFO  c.h.p.o.HiveMQPlatformReconciler - [helmdata] Reconciling HiveMQ Platform 'test-hivemq-platform' in namespace 'helmdatahublicensesit'
2025-01-28 20:44:50,503 INFO c.h.h.t.HelmChartContainer - [hivemq-test-hivemq-platform] [hivemq-platform-operator] [ed46ed65] 20:44:50.502 [ReconcilerExecutor-hivemq-controller-110] DEBUG c.h.p.o.HiveMQPlatformReconciler - [helmdata] Custom Resource Status STARTING - HiveMQ Platform is starting (READY)
2025-01-28 20:44:50,503 INFO c.h.h.t.HelmChartContainer - [hivemq-test-hivemq-platform] [hivemq-platform-operator] [ed46ed65] 20:44:50.502 [ReconcilerExecutor-hivemq-controller-110] DEBUG c.h.p.o.HiveMQPlatformReconciler - [helmdata] Custom Resource Spec (replicas: 1) (extensions: 1)
2025-01-28 20:44:50,504 INFO c.h.h.t.HelmChartContainer - [hivemq-test-hivemq-platform] [hivemq-platform-operator] [ed46ed65] 20:44:50.503 [ReconcilerExecutor-hivemq-controller-110] DEBUG c.h.p.o.HiveMQPlatformReconciler - [helmdata] StatefulSet Status (revision: test-hivemq-platform-694d44b4f5, replicas: 1, available: 0, ready: 0, current: 1, updated: 1)
2025-01-28 20:44:50,504 INFO c.h.h.t.HelmChartContainer - [hivemq-test-hivemq-platform] [hivemq-platform-operator] [ed46ed65] 20:44:50.503 [ReconcilerExecutor-hivemq-controller-110] DEBUG c.h.p.o.HiveMQPlatformReconciler - [helmdata] StatefulSet Spec (replicas: 1, init containers: 1, containers: 1, volumes: 4)
2025-01-28 20:44:50,505 INFO c.h.h.t.HelmChartContainer - [hivemq-test-hivemq-platform] [hivemq-platform-operator] [ed46ed65] 20:44:50.504 [ReconcilerExecutor-hivemq-controller-110] DEBUG c.h.p.o.h.HiveMQPlatformReconcilerErrorHandler - [helmdata] Pod 'test-hivemq-platform-0' phase Running
2025-01-28 20:44:50,506 INFO c.h.h.t.HelmChartContainer - [hivemq-test-hivemq-platform] [hivemq-platform-operator] [ed46ed65] 20:44:50.505 [ReconcilerExecutor-hivemq-controller-110] INFO  c.h.p.o.h.HiveMQPlatformReconcilerBaseHandler - [helmdata] HiveMQ Platform is starting, 0 of 1 replicas are ready
2025-01-28 20:44:52,050 INFO c.h.h.t.HelmChartContainer - [test-hivemq-platform] [hivemq] [0cf5a44f] WARN  - [HiveMQ Platform Operator Init App 1.7.0-SNAPSHOT] Cannot connect to Health API for readiness: null
2025-01-28 20:44:52,053 INFO c.h.h.t.HelmChartContainer - [EVENT] Warning [Unhealthy] Readiness probe failed: HTTP probe failed with statuscode: 503 [helmdatahublicensesit:test-hivemq-platform-0]
2025-01-28 20:44:52,053 INFO c.h.h.t.HelmChartContainer - Received Unhealthy event for container hivemq in pod test-hivemq-platform-0 [0cf5a44f-194c-43bb-a820-401fd8212bb1]
2025-01-28 20:44:55,356 INFO c.h.h.t.HelmChartContainer - [test-hivemq-platform] [hivemq] [0cf5a44f] Jan 28, 2025 8:44:55 PM io.vertx.core.impl.BlockedThreadChecker
2025-01-28 20:44:55,356 INFO c.h.h.t.HelmChartContainer - [test-hivemq-platform] [hivemq] [0cf5a44f] WARNING: Thread Thread[vert.x-eventloop-thread-1,5,main] has been blocked for 2999 ms, time limit is 2000 ms
2025-01-28 20:44:55,650 INFO c.h.h.t.HelmChartContainer - [test-hivemq-platform] [hivemq] [0cf5a44f] INFO  - [HiveMQ Platform Operator Init App 1.7.0-SNAPSHOT] Updating Pod HiveMQ Platform Operator Init App version annotation (version: 1.7.0-SNAPSHOT)
2025-01-28 20:44:56,363 INFO c.h.h.t.HelmChartContainer - [POD] test-hivemq-platform-0 [0cf5a44f-194c-43bb-a820-401fd8212bb1] in helmdatahublicensesit was MODIFIED
2025-01-28 20:44:56,369 INFO c.h.h.t.HelmChartContainer - [hivemq-test-hivemq-platform] [hivemq-platform-operator] [ed46ed65] 20:44:56.368 [pool-6-thread-25] DEBUG c.h.p.o.d.PlatformServiceResource - [helmdata] Desired Platform services (3 services)
2025-01-28 20:44:56,373 INFO c.h.h.t.HelmChartContainer - [hivemq-test-hivemq-platform] [hivemq-platform-operator] [ed46ed65] 20:44:56.370 [pool-6-thread-23] DEBUG c.h.p.o.d.PodServiceAccountResource - [helmdata] Desired PodServiceAccountResource (serviceAccountName: hivemq-platform-pod-test-hivemq-platform)
2025-01-28 20:44:56,374 INFO c.h.h.t.HelmChartContainer - [hivemq-test-hivemq-platform] [hivemq-platform-operator] [ed46ed65] 20:44:56.370 [pool-6-thread-26] DEBUG c.h.p.o.dependants.PodInfoConfigMap - [helmdata] Desired PodInfo ConfigMap (1 extensions) (1 enabled)
2025-01-28 20:44:56,374 INFO c.h.h.t.HelmChartContainer - [hivemq-test-hivemq-platform] [hivemq-platform-operator] [ed46ed65] 20:44:56.373 [pool-6-thread-26] DEBUG c.h.p.o.dependants.PodInfoConfigMap - [helmdata] Desired PodInfo ConfigMap (metrics port: 9399) (metrics path: /)
2025-01-28 20:44:56,375 INFO c.h.h.t.HelmChartContainer - [hivemq-test-hivemq-platform] [hivemq-platform-operator] [ed46ed65] 20:44:56.373 [pool-6-thread-26] DEBUG c.h.p.o.dependants.PodInfoConfigMap - [helmdata] Desired PodInfo ConfigMap (extension state hash: -1817474005)
2025-01-28 20:44:56,377 INFO c.h.h.t.HelmChartContainer - [hivemq-test-hivemq-platform] [hivemq-platform-operator] [ed46ed65] 20:44:56.377 [pool-6-thread-22] DEBUG c.h.p.o.d.StatefulSetResource - [helmdata] Desired StatefulSet (1 replicas) for status STARTING (READY)
2025-01-28 20:44:56,382 INFO c.h.h.t.HelmChartContainer - [hivemq-test-hivemq-platform] [hivemq-platform-operator] [ed46ed65] 20:44:56.381 [ReconcilerExecutor-hivemq-controller-111] INFO  c.h.p.o.HiveMQPlatformReconciler - [helmdata] Reconciling HiveMQ Platform 'test-hivemq-platform' in namespace 'helmdatahublicensesit'
2025-01-28 20:44:56,383 INFO c.h.h.t.HelmChartContainer - [hivemq-test-hivemq-platform] [hivemq-platform-operator] [ed46ed65] 20:44:56.381 [ReconcilerExecutor-hivemq-controller-111] DEBUG c.h.p.o.HiveMQPlatformReconciler - [helmdata] Custom Resource Status STARTING - HiveMQ Platform is starting (READY)
2025-01-28 20:44:56,383 INFO c.h.h.t.HelmChartContainer - [hivemq-test-hivemq-platform] [hivemq-platform-operator] [ed46ed65] 20:44:56.381 [ReconcilerExecutor-hivemq-controller-111] DEBUG c.h.p.o.HiveMQPlatformReconciler - [helmdata] Custom Resource Spec (replicas: 1) (extensions: 1)
2025-01-28 20:44:56,385 INFO c.h.h.t.HelmChartContainer - [hivemq-test-hivemq-platform] [hivemq-platform-operator] [ed46ed65] 20:44:56.383 [ReconcilerExecutor-hivemq-controller-111] DEBUG c.h.p.o.HiveMQPlatformReconciler - [helmdata] StatefulSet Status (revision: test-hivemq-platform-694d44b4f5, replicas: 1, available: 0, ready: 0, current: 1, updated: 1)
2025-01-28 20:44:56,385 INFO c.h.h.t.HelmChartContainer - [hivemq-test-hivemq-platform] [hivemq-platform-operator] [ed46ed65] 20:44:56.383 [ReconcilerExecutor-hivemq-controller-111] DEBUG c.h.p.o.HiveMQPlatformReconciler - [helmdata] StatefulSet Spec (replicas: 1, init containers: 1, containers: 1, volumes: 4)
2025-01-28 20:44:56,450 INFO c.h.h.t.HelmChartContainer - [test-hivemq-platform] [hivemq] [0cf5a44f] WARN  - [HiveMQ Platform Operator Init App 1.7.0-SNAPSHOT] Cannot connect to Health API for readiness: null
2025-01-28 20:44:56,458 INFO c.h.h.t.HelmChartContainer - [EVENT] Warning [Unhealthy] Readiness probe failed: HTTP probe failed with statuscode: 503 [helmdatahublicensesit:test-hivemq-platform-0]
2025-01-28 20:44:56,458 INFO c.h.h.t.HelmChartContainer - Received Unhealthy event for container hivemq in pod test-hivemq-platform-0 [0cf5a44f-194c-43bb-a820-401fd8212bb1]
2025-01-28 20:44:56,464 INFO c.h.h.t.HelmChartContainer - [hivemq-test-hivemq-platform] [hivemq-platform-operator] [ed46ed65] 20:44:56.384 [ReconcilerExecutor-hivemq-controller-111] DEBUG c.h.p.o.h.HiveMQPlatformReconcilerErrorHandler - [helmdata] Pod 'test-hivemq-platform-0' phase Running
2025-01-28 20:44:56,464 INFO c.h.h.t.HelmChartContainer - [hivemq-test-hivemq-platform] [hivemq-platform-operator] [ed46ed65] 20:44:56.464 [ReconcilerExecutor-hivemq-controller-111] INFO  c.h.p.o.h.HiveMQPlatformReconcilerBaseHandler - [helmdata] HiveMQ Platform is starting, 0 of 1 replicas are ready
2025-01-28 20:44:56,547 INFO c.h.h.t.HelmChartContainer - [test-hivemq-platform] [hivemq] [0cf5a44f] INFO  - [HiveMQ Platform Operator Init App 1.7.0-SNAPSHOT] Successfully updated Pod HiveMQ Platform Operator Init App version annotation (version: 1.7.0-SNAPSHOT)
2025-01-28 20:45:01,449 INFO c.h.h.t.HelmChartContainer - [test-hivemq-platform] [hivemq] [0cf5a44f] WARN  - [HiveMQ Platform Operator Init App 1.7.0-SNAPSHOT] Cannot connect to Health API for readiness: null
2025-01-28 20:45:01,455 INFO c.h.h.t.HelmChartContainer - [EVENT] Warning [Unhealthy] Readiness probe failed: HTTP probe failed with statuscode: 503 [helmdatahublicensesit:test-hivemq-platform-0]
2025-01-28 20:45:01,455 INFO c.h.h.t.HelmChartContainer - Received Unhealthy event for container hivemq in pod test-hivemq-platform-0 [0cf5a44f-194c-43bb-a820-401fd8212bb1]
2025-01-28 20:45:06,450 INFO c.h.h.t.HelmChartContainer - [test-hivemq-platform] [hivemq] [0cf5a44f] WARN  - [HiveMQ Platform Operator Init App 1.7.0-SNAPSHOT] Cannot connect to Health API for readiness: null
2025-01-28 20:45:06,454 INFO c.h.h.t.HelmChartContainer - [EVENT] Warning [Unhealthy] Readiness probe failed: HTTP probe failed with statuscode: 503 [helmdatahublicensesit:test-hivemq-platform-0]
2025-01-28 20:45:06,454 INFO c.h.h.t.HelmChartContainer - Received Unhealthy event for container hivemq in pod test-hivemq-platform-0 [0cf5a44f-194c-43bb-a820-401fd8212bb1]
2025-01-28 20:45:06,471 INFO c.h.h.t.HelmChartContainer - [hivemq-test-hivemq-platform] [hivemq-platform-operator] [ed46ed65] 20:45:06.468 [pool-6-thread-33] DEBUG c.h.p.o.dependants.PodInfoConfigMap - [helmdata] Desired PodInfo ConfigMap (1 extensions) (1 enabled)
2025-01-28 20:45:06,471 INFO c.h.h.t.HelmChartContainer - [hivemq-test-hivemq-platform] [hivemq-platform-operator] [ed46ed65] 20:45:06.469 [pool-6-thread-33] DEBUG c.h.p.o.dependants.PodInfoConfigMap - [helmdata] Desired PodInfo ConfigMap (metrics port: 9399) (metrics path: /)
2025-01-28 20:45:06,471 INFO c.h.h.t.HelmChartContainer - [hivemq-test-hivemq-platform] [hivemq-platform-operator] [ed46ed65] 20:45:06.469 [pool-6-thread-33] DEBUG c.h.p.o.dependants.PodInfoConfigMap - [helmdata] Desired PodInfo ConfigMap (extension state hash: -1817474005)
2025-01-28 20:45:06,472 INFO c.h.h.t.HelmChartContainer - [hivemq-test-hivemq-platform] [hivemq-platform-operator] [ed46ed65] 20:45:06.470 [pool-6-thread-33] DEBUG c.h.p.o.d.PodServiceAccountResource - [helmdata] Desired PodServiceAccountResource (serviceAccountName: hivemq-platform-pod-test-hivemq-platform)
2025-01-28 20:45:06,473 INFO c.h.h.t.HelmChartContainer - [hivemq-test-hivemq-platform] [hivemq-platform-operator] [ed46ed65] 20:45:06.471 [pool-6-thread-37] DEBUG c.h.p.o.d.PlatformServiceResource - [helmdata] Desired Platform services (3 services)
2025-01-28 20:45:06,476 INFO c.h.h.t.HelmChartContainer - [hivemq-test-hivemq-platform] [hivemq-platform-operator] [ed46ed65] 20:45:06.476 [pool-6-thread-40] DEBUG c.h.p.o.d.StatefulSetResource - [helmdata] Desired StatefulSet (1 replicas) for status STARTING (READY)
2025-01-28 20:45:06,482 INFO c.h.h.t.HelmChartContainer - [hivemq-test-hivemq-platform] [hivemq-platform-operator] [ed46ed65] 20:45:06.480 [ReconcilerExecutor-hivemq-controller-112] INFO  c.h.p.o.HiveMQPlatformReconciler - [helmdata] Reconciling HiveMQ Platform 'test-hivemq-platform' in namespace 'helmdatahublicensesit'
2025-01-28 20:45:06,483 INFO c.h.h.t.HelmChartContainer - [hivemq-test-hivemq-platform] [hivemq-platform-operator] [ed46ed65] 20:45:06.480 [ReconcilerExecutor-hivemq-controller-112] DEBUG c.h.p.o.HiveMQPlatformReconciler - [helmdata] Custom Resource Status STARTING - HiveMQ Platform is starting (READY)
2025-01-28 20:45:06,483 INFO c.h.h.t.HelmChartContainer - [hivemq-test-hivemq-platform] [hivemq-platform-operator] [ed46ed65] 20:45:06.481 [ReconcilerExecutor-hivemq-controller-112] DEBUG c.h.p.o.HiveMQPlatformReconciler - [helmdata] Custom Resource Spec (replicas: 1) (extensions: 1)
2025-01-28 20:45:06,483 INFO c.h.h.t.HelmChartContainer - [hivemq-test-hivemq-platform] [hivemq-platform-operator] [ed46ed65] 20:45:06.482 [ReconcilerExecutor-hivemq-controller-112] DEBUG c.h.p.o.HiveMQPlatformReconciler - [helmdata] StatefulSet Status (revision: test-hivemq-platform-694d44b4f5, replicas: 1, available: 0, ready: 0, current: 1, updated: 1)
2025-01-28 20:45:06,483 INFO c.h.h.t.HelmChartContainer - [hivemq-test-hivemq-platform] [hivemq-platform-operator] [ed46ed65] 20:45:06.482 [ReconcilerExecutor-hivemq-controller-112] DEBUG c.h.p.o.HiveMQPlatformReconciler - [helmdata] StatefulSet Spec (replicas: 1, init containers: 1, containers: 1, volumes: 4)
2025-01-28 20:45:06,484 INFO c.h.h.t.HelmChartContainer - [hivemq-test-hivemq-platform] [hivemq-platform-operator] [ed46ed65] 20:45:06.483 [ReconcilerExecutor-hivemq-controller-112] DEBUG c.h.p.o.h.HiveMQPlatformReconcilerErrorHandler - [helmdata] Pod 'test-hivemq-platform-0' phase Running
2025-01-28 20:45:06,485 INFO c.h.h.t.HelmChartContainer - [hivemq-test-hivemq-platform] [hivemq-platform-operator] [ed46ed65] 20:45:06.484 [ReconcilerExecutor-hivemq-controller-112] INFO  c.h.p.o.h.HiveMQPlatformReconcilerBaseHandler - [helmdata] HiveMQ Platform is starting, 0 of 1 replicas are ready
2025-01-28 20:45:07,129 INFO c.h.h.t.HelmChartContainer - [test-hivemq-platform] [hivemq] [0cf5a44f] WARN  - [HiveMQ Platform Operator Init App 1.7.0-SNAPSHOT] Cannot connect to Health API for liveness: null
2025-01-28 20:45:07,129 INFO c.h.h.t.HelmChartContainer - [test-hivemq-platform] [hivemq] [0cf5a44f] INFO  - [HiveMQ Platform Operator Init App 1.7.0-SNAPSHOT] Returning default Health API response 200 for liveness
2025-01-28 20:45:07,159 INFO c.h.h.t.HelmChartContainer - [test-hivemq-platform] [hivemq] [0cf5a44f] INFO  - No valid license file found. Using trial license, restricted to 25 connections.
2025-01-28 20:45:11,367 INFO c.h.h.t.HelmChartContainer - [test-hivemq-platform] [hivemq] [0cf5a44f] WARN  - [HiveMQ Platform Operator Init App 1.7.0-SNAPSHOT] Cannot connect to Health API for readiness: null
2025-01-28 20:45:11,371 INFO c.h.h.t.HelmChartContainer - [EVENT] Warning [Unhealthy] Readiness probe failed: HTTP probe failed with statuscode: 503 [helmdatahublicensesit:test-hivemq-platform-0]
2025-01-28 20:45:11,372 INFO c.h.h.t.HelmChartContainer - Received Unhealthy event for container hivemq in pod test-hivemq-platform-0 [0cf5a44f-194c-43bb-a820-401fd8212bb1]
2025-01-28 20:45:11,451 INFO c.h.h.t.HelmChartContainer - [test-hivemq-platform] [hivemq] [0cf5a44f] WARN  - License file dataHub1.plic is corrupt.
2025-01-28 20:45:11,451 INFO c.h.h.testcontainer.LogWaiterUtil - TEST Found log pattern on 'test-hivemq-platform-0': .*License file dataHub1.plic is corrupt.
2025-01-28 20:45:11,452 INFO c.h.h.t.HelmChartContainer - [test-hivemq-platform] [hivemq] [0cf5a44f] INFO  - No valid license file for Data Hub found. Using free license, restricted to 1 policy.
2025-01-28 20:45:12,746 INFO c.h.h.t.HelmChartContainer - [test-hivemq-platform] [hivemq] [0cf5a44f] INFO  - Audit Logger started.
2025-01-28 20:45:13,028 INFO c.h.h.t.HelmChartContainer - [test-hivemq-platform] [hivemq] [0cf5a44f] INFO  - This node uses '1' CPU cores.
2025-01-28 20:45:13,046 INFO c.h.h.t.HelmChartContainer - [test-hivemq-platform] [hivemq] [0cf5a44f] INFO  - Starting HiveMQ Health API on address 0.0.0.0 and port 8889
2025-01-28 20:45:13,952 INFO c.h.h.t.HelmChartContainer - [test-hivemq-platform] [hivemq] [0cf5a44f] INFO  - Started HiveMQ Health API in 906ms
2025-01-28 20:45:14,632 INFO c.h.h.t.HelmChartContainer - [test-hivemq-platform] [hivemq] [0cf5a44f] INFO  - Starting HiveMQ extension system.
2025-01-28 20:45:14,947 INFO c.h.h.t.HelmChartContainer - [test-hivemq-platform] [hivemq] [0cf5a44f] INFO  - Starting extension with id "hivemq-dns-cluster-discovery" at /opt/hivemq/extensions/hivemq-dns-cluster-discovery
2025-01-28 20:45:15,347 INFO c.h.h.t.HelmChartContainer - [test-hivemq-platform] [hivemq] [0cf5a44f] INFO  - Using TCP cluster transport on address 10.42.0.10 and port 7000
2025-01-28 20:45:15,353 INFO c.h.h.t.HelmChartContainer - [test-hivemq-platform] [hivemq] [0cf5a44f] INFO  - Using extension cluster discovery
2025-01-28 20:45:15,453 INFO c.h.h.t.HelmChartContainer - [test-hivemq-platform] [hivemq] [0cf5a44f] INFO  - Extension "DNS Cluster Discovery Extension" version 4.3.2 started successfully.
2025-01-28 20:45:15,453 INFO c.h.h.t.HelmChartContainer - [test-hivemq-platform] [hivemq] [0cf5a44f] INFO  - Starting extension with id "hivemq-prometheus-extension" at /opt/hivemq/extensions/hivemq-prometheus-extension
2025-01-28 20:45:16,491 INFO c.h.h.t.HelmChartContainer - [hivemq-test-hivemq-platform] [hivemq-platform-operator] [ed46ed65] 20:45:16.488 [pool-6-thread-47] DEBUG c.h.p.o.d.PlatformServiceResource - [helmdata] Desired Platform services (3 services)
2025-01-28 20:45:16,491 INFO c.h.h.t.HelmChartContainer - [hivemq-test-hivemq-platform] [hivemq-platform-operator] [ed46ed65] 20:45:16.489 [pool-6-thread-42] DEBUG c.h.p.o.dependants.PodInfoConfigMap - [helmdata] Desired PodInfo ConfigMap (1 extensions) (1 enabled)
2025-01-28 20:45:16,493 INFO c.h.h.t.HelmChartContainer - [hivemq-test-hivemq-platform] [hivemq-platform-operator] [ed46ed65] 20:45:16.489 [pool-6-thread-42] DEBUG c.h.p.o.dependants.PodInfoConfigMap - [helmdata] Desired PodInfo ConfigMap (metrics port: 9399) (metrics path: /)
2025-01-28 20:45:16,493 INFO c.h.h.t.HelmChartContainer - [hivemq-test-hivemq-platform] [hivemq-platform-operator] [ed46ed65] 20:45:16.489 [pool-6-thread-42] DEBUG c.h.p.o.dependants.PodInfoConfigMap - [helmdata] Desired PodInfo ConfigMap (extension state hash: -1817474005)
2025-01-28 20:45:16,493 INFO c.h.h.t.HelmChartContainer - [hivemq-test-hivemq-platform] [hivemq-platform-operator] [ed46ed65] 20:45:16.489 [pool-6-thread-41] DEBUG c.h.p.o.d.PodServiceAccountResource - [helmdata] Desired PodServiceAccountResource (serviceAccountName: hivemq-platform-pod-test-hivemq-platform)
2025-01-28 20:45:16,496 INFO c.h.h.t.HelmChartContainer - [hivemq-test-hivemq-platform] [hivemq-platform-operator] [ed46ed65] 20:45:16.495 [pool-6-thread-47] DEBUG c.h.p.o.d.StatefulSetResource - [helmdata] Desired StatefulSet (1 replicas) for status STARTING (READY)
2025-01-28 20:45:16,502 INFO c.h.h.t.HelmChartContainer - [hivemq-test-hivemq-platform] [hivemq-platform-operator] [ed46ed65] 20:45:16.501 [ReconcilerExecutor-hivemq-controller-113] INFO  c.h.p.o.HiveMQPlatformReconciler - [helmdata] Reconciling HiveMQ Platform 'test-hivemq-platform' in namespace 'helmdatahublicensesit'
2025-01-28 20:45:16,502 INFO c.h.h.t.HelmChartContainer - [hivemq-test-hivemq-platform] [hivemq-platform-operator] [ed46ed65] 20:45:16.501 [ReconcilerExecutor-hivemq-controller-113] DEBUG c.h.p.o.HiveMQPlatformReconciler - [helmdata] Custom Resource Status STARTING - HiveMQ Platform is starting (READY)
2025-01-28 20:45:16,502 INFO c.h.h.t.HelmChartContainer - [hivemq-test-hivemq-platform] [hivemq-platform-operator] [ed46ed65] 20:45:16.501 [ReconcilerExecutor-hivemq-controller-113] DEBUG c.h.p.o.HiveMQPlatformReconciler - [helmdata] Custom Resource Spec (replicas: 1) (extensions: 1)
2025-01-28 20:45:16,505 INFO c.h.h.t.HelmChartContainer - [hivemq-test-hivemq-platform] [hivemq-platform-operator] [ed46ed65] 20:45:16.504 [ReconcilerExecutor-hivemq-controller-113] DEBUG c.h.p.o.HiveMQPlatformReconciler - [helmdata] StatefulSet Status (revision: test-hivemq-platform-694d44b4f5, replicas: 1, available: 0, ready: 0, current: 1, updated: 1)
2025-01-28 20:45:16,505 INFO c.h.h.t.HelmChartContainer - [hivemq-test-hivemq-platform] [hivemq-platform-operator] [ed46ed65] 20:45:16.504 [ReconcilerExecutor-hivemq-controller-113] DEBUG c.h.p.o.HiveMQPlatformReconciler - [helmdata] StatefulSet Spec (replicas: 1, init containers: 1, containers: 1, volumes: 4)
2025-01-28 20:45:16,506 INFO c.h.h.t.HelmChartContainer - [hivemq-test-hivemq-platform] [hivemq-platform-operator] [ed46ed65] 20:45:16.506 [ReconcilerExecutor-hivemq-controller-113] DEBUG c.h.p.o.h.HiveMQPlatformReconcilerErrorHandler - [helmdata] Pod 'test-hivemq-platform-0' phase Running
2025-01-28 20:45:16,575 INFO c.h.h.t.HelmChartContainer - [hivemq-test-hivemq-platform] [hivemq-platform-operator] [ed46ed65] 20:45:16.573 [ReconcilerExecutor-hivemq-controller-113] INFO  c.h.p.o.h.HiveMQPlatformReconcilerBaseHandler - [helmdata] HiveMQ Platform is starting, 0 of 1 replicas are ready
2025-01-28 20:45:16,631 INFO c.h.h.t.HelmChartContainer - [test-hivemq-platform] [hivemq] [0cf5a44f] INFO  - Started Jetty Server exposing Prometheus Servlet on URI http://0.0.0.0:9399/
2025-01-28 20:45:16,631 INFO c.h.h.t.HelmChartContainer - [test-hivemq-platform] [hivemq] [0cf5a44f] INFO  - Extension "Prometheus Monitoring Extension" version 4.0.12 started successfully.
2025-01-28 20:45:16,631 INFO c.h.h.t.HelmChartContainer - [test-hivemq-platform] [hivemq] [0cf5a44f] INFO  - Starting extension with id "hivemq-allow-all-extension" at /opt/hivemq/extensions/hivemq-allow-all-extension
2025-01-28 20:45:16,631 INFO c.h.h.t.HelmChartContainer - [test-hivemq-platform] [hivemq] [0cf5a44f] WARN  - 
2025-01-28 20:45:16,631 INFO c.h.h.t.HelmChartContainer - [test-hivemq-platform] [hivemq] [0cf5a44f] ################################################################################################################
2025-01-28 20:45:16,631 INFO c.h.h.t.HelmChartContainer - [test-hivemq-platform] [hivemq] [0cf5a44f] # This HiveMQ deployment is not secure! You are lacking Authentication and Authorization.                      #
2025-01-28 20:45:16,632 INFO c.h.h.t.HelmChartContainer - [test-hivemq-platform] [hivemq] [0cf5a44f] # Right now any MQTT client can connect to the broker with a full set of permissions.                          #
2025-01-28 20:45:16,632 INFO c.h.h.t.HelmChartContainer - [test-hivemq-platform] [hivemq] [0cf5a44f] # For production usage, add an appropriate security extension and remove the hivemq-allow-all extension.       #
2025-01-28 20:45:16,632 INFO c.h.h.t.HelmChartContainer - [test-hivemq-platform] [hivemq] [0cf5a44f] # You can download security extensions from the HiveMQ Marketplace (https://www.hivemq.com/extensions/).       #
2025-01-28 20:45:16,632 INFO c.h.h.t.HelmChartContainer - [test-hivemq-platform] [hivemq] [0cf5a44f] ################################################################################################################
2025-01-28 20:45:16,633 INFO c.h.h.t.HelmChartContainer - [test-hivemq-platform] [hivemq] [0cf5a44f] INFO  - Extension "Allow All Extension" version 1.1.1 started successfully.
2025-01-28 20:45:17,054 INFO c.h.h.t.HelmChartContainer - [test-hivemq-platform] [hivemq] [0cf5a44f] INFO  - [HiveMQ Platform Operator Init App 1.7.0-SNAPSHOT] Returning Health API response 503 for readiness
2025-01-28 20:45:17,058 INFO c.h.h.t.HelmChartContainer - [EVENT] Warning [Unhealthy] Readiness probe failed: HTTP probe failed with statuscode: 503 [helmdatahublicensesit:test-hivemq-platform-0]
2025-01-28 20:45:17,058 INFO c.h.h.t.HelmChartContainer - Received Unhealthy event for container hivemq in pod test-hivemq-platform-0 [0cf5a44f-194c-43bb-a820-401fd8212bb1]
2025-01-28 20:45:18,648 INFO c.h.h.t.HelmChartContainer - [test-hivemq-platform] [hivemq] [0cf5a44f] INFO  - Gcq5k: no members discovered after 2702 ms: creating cluster as first member
2025-01-28 20:45:18,655 INFO c.h.h.t.HelmChartContainer - [test-hivemq-platform] [hivemq] [0cf5a44f] INFO  - Cluster nodes found by discovery: [Gcq5k|0] (1) [Gcq5k].
2025-01-28 20:45:18,751 INFO c.h.h.t.HelmChartContainer - [test-hivemq-platform] [hivemq] [0cf5a44f] WARN  - No user for HiveMQ Control Center configured. Starting with default user
2025-01-28 20:45:18,751 INFO c.h.h.t.HelmChartContainer - [test-hivemq-platform] [hivemq] [0cf5a44f] INFO  - Starting HiveMQ Control Center on address 0.0.0.0 and port 8080
2025-01-28 20:45:18,754 INFO c.h.h.t.HelmChartContainer - [test-hivemq-platform] [hivemq] [0cf5a44f] INFO  - Mounting HiveMQ Control Center V2 Preview
2025-01-28 20:45:19,362 INFO c.h.h.t.HelmChartContainer - [test-hivemq-platform] [hivemq] [0cf5a44f] INFO  - Started HiveMQ Control Center in 611ms
2025-01-28 20:45:19,450 INFO c.h.h.t.HelmChartContainer - [test-hivemq-platform] [hivemq] [0cf5a44f] INFO  - Starting TCP listener on address 0.0.0.0 and port 1883
2025-01-28 20:45:19,463 INFO c.h.h.t.HelmChartContainer - [test-hivemq-platform] [hivemq] [0cf5a44f] INFO  - Started TCP Listener on address 0.0.0.0 and on port 1883.
2025-01-28 20:45:19,464 INFO c.h.h.t.HelmChartContainer - [test-hivemq-platform] [hivemq] [0cf5a44f] INFO  - Started HiveMQ in 31935ms
2025-01-28 20:45:20,415 INFO c.h.h.t.HelmChartContainer - [K3S] [INFO] COMPACT compactRev=0 targetCompactRev=2 currentRev=1110
2025-01-28 20:45:20,415 INFO c.h.h.t.HelmChartContainer - [K3S] [INFO] COMPACT deleted 0 rows from 2 revisions in 453.377µs - compacted to 2/1110
2025-01-28 20:45:20,415 INFO c.h.h.t.HelmChartContainer - [K3S] [INFO] COMPACT compacted from 0 to 2 in 1 transactions over 1ms
2025-01-28 20:45:21,368 INFO c.h.h.t.HelmChartContainer - [test-hivemq-platform] [hivemq] [0cf5a44f] INFO  - [HiveMQ Platform Operator Init App 1.7.0-SNAPSHOT] Returning Health API response 200 for readiness
2025-01-28 20:45:21,381 INFO c.h.h.t.HelmChartContainer - [POD] test-hivemq-platform-0 [0cf5a44f-194c-43bb-a820-401fd8212bb1] in helmdatahublicensesit was MODIFIED
2025-01-28 20:45:21,396 INFO c.h.h.t.HelmChartContainer - [hivemq-test-hivemq-platform] [hivemq-platform-operator] [ed46ed65] 20:45:21.391 [pool-6-thread-5] DEBUG c.h.p.o.d.PlatformServiceResource - [helmdata] Desired Platform services (3 services)
2025-01-28 20:45:21,400 INFO c.h.h.t.HelmChartContainer - [hivemq-test-hivemq-platform] [hivemq-platform-operator] [ed46ed65] 20:45:21.394 [pool-6-thread-4] DEBUG c.h.p.o.d.PodServiceAccountResource - [helmdata] Desired PodServiceAccountResource (serviceAccountName: hivemq-platform-pod-test-hivemq-platform)
2025-01-28 20:45:21,401 INFO c.h.h.t.HelmChartContainer - [hivemq-test-hivemq-platform] [hivemq-platform-operator] [ed46ed65] 20:45:21.397 [pool-6-thread-3] DEBUG c.h.p.o.dependants.PodInfoConfigMap - [helmdata] Desired PodInfo ConfigMap (1 extensions) (1 enabled)
2025-01-28 20:45:21,405 INFO c.h.h.t.HelmChartContainer - [hivemq-test-hivemq-platform] [hivemq-platform-operator] [ed46ed65] 20:45:21.401 [pool-6-thread-3] DEBUG c.h.p.o.dependants.PodInfoConfigMap - [helmdata] Desired PodInfo ConfigMap (metrics port: 9399) (metrics path: /)
2025-01-28 20:45:21,405 INFO c.h.h.t.HelmChartContainer - [hivemq-test-hivemq-platform] [hivemq-platform-operator] [ed46ed65] 20:45:21.403 [pool-6-thread-3] DEBUG c.h.p.o.dependants.PodInfoConfigMap - [helmdata] Desired PodInfo ConfigMap (extension state hash: -1817474005)
2025-01-28 20:45:21,412 INFO c.h.h.t.HelmChartContainer - [hivemq-test-hivemq-platform] [hivemq-platform-operator] [ed46ed65] 20:45:21.408 [pool-6-thread-5] DEBUG c.h.p.o.d.StatefulSetResource - [helmdata] Desired StatefulSet (1 replicas) for status STARTING (READY)
2025-01-28 20:45:21,476 INFO c.h.h.t.HelmChartContainer - [hivemq-test-hivemq-platform] [hivemq-platform-operator] [ed46ed65] 20:45:21.475 [ReconcilerExecutor-hivemq-controller-114] INFO  c.h.p.o.HiveMQPlatformReconciler - [helmdata] Reconciling HiveMQ Platform 'test-hivemq-platform' in namespace 'helmdatahublicensesit'
2025-01-28 20:45:21,477 INFO c.h.h.t.HelmChartContainer - [hivemq-test-hivemq-platform] [hivemq-platform-operator] [ed46ed65] 20:45:21.475 [ReconcilerExecutor-hivemq-controller-114] DEBUG c.h.p.o.HiveMQPlatformReconciler - [helmdata] Custom Resource Status STARTING - HiveMQ Platform is starting (READY)
2025-01-28 20:45:21,477 INFO c.h.h.t.HelmChartContainer - [hivemq-test-hivemq-platform] [hivemq-platform-operator] [ed46ed65] 20:45:21.475 [ReconcilerExecutor-hivemq-controller-114] DEBUG c.h.p.o.HiveMQPlatformReconciler - [helmdata] Custom Resource Spec (replicas: 1) (extensions: 1)
2025-01-28 20:45:21,478 INFO c.h.h.t.HelmChartContainer - [hivemq-test-hivemq-platform] [hivemq-platform-operator] [ed46ed65] 20:45:21.477 [ReconcilerExecutor-hivemq-controller-114] DEBUG c.h.p.o.HiveMQPlatformReconciler - [helmdata] StatefulSet Status (revision: test-hivemq-platform-694d44b4f5, replicas: 1, available: 1, ready: 1, current: 1, updated: 1)
2025-01-28 20:45:21,479 INFO c.h.h.t.HelmChartContainer - [hivemq-test-hivemq-platform] [hivemq-platform-operator] [ed46ed65] 20:45:21.477 [ReconcilerExecutor-hivemq-controller-114] DEBUG c.h.p.o.HiveMQPlatformReconciler - [helmdata] StatefulSet Spec (replicas: 1, init containers: 1, containers: 1, volumes: 4)
2025-01-28 20:45:21,479 INFO c.h.h.t.HelmChartContainer - [hivemq-test-hivemq-platform] [hivemq-platform-operator] [ed46ed65] 20:45:21.479 [ReconcilerExecutor-hivemq-controller-114] DEBUG c.h.p.o.h.HiveMQPlatformReconcilerErrorHandler - [helmdata] Pod 'test-hivemq-platform-0' phase Running
2025-01-28 20:45:21,481 INFO c.h.h.t.HelmChartContainer - [hivemq-test-hivemq-platform] [hivemq-platform-operator] [ed46ed65] 20:45:21.480 [ReconcilerExecutor-hivemq-controller-114] INFO  c.h.p.o.h.HiveMQPlatformReconcilerBaseHandler - [helmdata] HiveMQ Platform started successfully
2025-01-28 20:45:21,579 INFO c.h.h.t.HelmChartContainer - [hivemq-test-hivemq-platform] [hivemq-platform-operator] [ed46ed65] 20:45:21.578 [ReconcilerExecutor-hivemq-controller-114] DEBUG c.h.p.operator.event.EventSender - [helmdata] Creating K8s event hivemq-platform-ready: [Ready] HiveMQ Platform is ready
2025-01-28 20:45:21,583 INFO c.h.h.t.HelmChartContainer - [EVENT] Normal [Ready] HiveMQ Platform is ready [helmdatahublicensesit:test-hivemq-platform]
2025-01-28 20:45:21,583 INFO c.h.h.t.HelmChartContainer - [hivemq-test-hivemq-platform] [hivemq-platform-operator] [ed46ed65] 20:45:21.582 [ReconcilerExecutor-hivemq-controller-114] INFO  c.h.p.o.h.AbstractHiveMQReconcilerStateHandler - [helmdata] Update HiveMQ Platform Status (STARTING [READY] -> RUNNING [READY]): HiveMQ Platform is ready
2025-01-28 20:45:21,593 DEBUG com.hivemq.helmcharts.util.K8sUtil - Comparing actual state 'RUNNING' and waiting for 'RUNNING'
2025-01-28 20:45:21,598 INFO c.h.h.t.HelmChartContainer - [hivemq-test-hivemq-platform] [hivemq-platform-operator] [ed46ed65] 20:45:21.597 [pool-6-thread-15] DEBUG c.h.p.o.d.PlatformServiceResource - [helmdata] Desired Platform services (3 services)
2025-01-28 20:45:21,602 INFO c.h.h.t.HelmChartContainer - [hivemq-test-hivemq-platform] [hivemq-platform-operator] [ed46ed65] 20:45:21.600 [pool-6-thread-16] DEBUG c.h.p.o.d.PodServiceAccountResource - [helmdata] Desired PodServiceAccountResource (serviceAccountName: hivemq-platform-pod-test-hivemq-platform)
2025-01-28 20:45:21,677 INFO c.h.h.t.HelmChartContainer - [hivemq-test-hivemq-platform] [hivemq-platform-operator] [ed46ed65] 20:45:21.676 [pool-6-thread-19] DEBUG c.h.p.o.dependants.PodInfoConfigMap - [helmdata] Desired PodInfo ConfigMap (1 extensions) (1 enabled)
2025-01-28 20:45:21,677 INFO c.h.h.t.HelmChartContainer - [hivemq-test-hivemq-platform] [hivemq-platform-operator] [ed46ed65] 20:45:21.676 [pool-6-thread-19] DEBUG c.h.p.o.dependants.PodInfoConfigMap - [helmdata] Desired PodInfo ConfigMap (metrics port: 9399) (metrics path: /)
2025-01-28 20:45:21,679 INFO c.h.h.t.HelmChartContainer - [hivemq-test-hivemq-platform] [hivemq-platform-operator] [ed46ed65] 20:45:21.676 [pool-6-thread-19] DEBUG c.h.p.o.dependants.PodInfoConfigMap - [helmdata] Desired PodInfo ConfigMap (extension state hash: -1817474005)
2025-01-28 20:45:21,679 INFO c.h.h.t.HelmChartContainer - [hivemq-test-hivemq-platform] [hivemq-platform-operator] [ed46ed65] 20:45:21.677 [pool-6-thread-19] DEBUG c.h.p.o.dependants.PodInfoConfigMap - [helmdata] Update PodInfo ConfigMap
2025-01-28 20:45:21,686 INFO c.h.h.t.HelmChartContainer - [hivemq-test-hivemq-platform] [hivemq-platform-operator] [ed46ed65] 20:45:21.686 [pool-6-thread-19] DEBUG c.h.p.o.d.StatefulSetResource - [helmdata] Desired StatefulSet (1 replicas) for status RUNNING (READY)
2025-01-28 20:45:21,691 INFO c.h.h.t.HelmChartContainer - [hivemq-test-hivemq-platform] [hivemq-platform-operator] [ed46ed65] 20:45:21.690 [ReconcilerExecutor-hivemq-controller-115] INFO  c.h.p.o.HiveMQPlatformReconciler - [helmdata] Reconciling HiveMQ Platform 'test-hivemq-platform' in namespace 'helmdatahublicensesit'
2025-01-28 20:45:21,692 INFO c.h.h.t.HelmChartContainer - [hivemq-test-hivemq-platform] [hivemq-platform-operator] [ed46ed65] 20:45:21.690 [ReconcilerExecutor-hivemq-controller-115] DEBUG c.h.p.o.HiveMQPlatformReconciler - [helmdata] Custom Resource Status RUNNING - HiveMQ Platform is ready (READY)
2025-01-28 20:45:21,692 INFO c.h.h.t.HelmChartContainer - [hivemq-test-hivemq-platform] [hivemq-platform-operator] [ed46ed65] 20:45:21.690 [ReconcilerExecutor-hivemq-controller-115] DEBUG c.h.p.o.HiveMQPlatformReconciler - [helmdata] Custom Resource Spec (replicas: 1) (extensions: 1)
2025-01-28 20:45:21,774 INFO c.h.h.t.HelmChartContainer - [hivemq-test-hivemq-platform] [hivemq-platform-operator] [ed46ed65] 20:45:21.773 [ReconcilerExecutor-hivemq-controller-115] DEBUG c.h.p.o.HiveMQPlatformReconciler - [helmdata] StatefulSet Status (revision: test-hivemq-platform-694d44b4f5, replicas: 1, available: 1, ready: 1, current: 1, updated: 1)
2025-01-28 20:45:21,774 INFO c.h.h.t.HelmChartContainer - [hivemq-test-hivemq-platform] [hivemq-platform-operator] [ed46ed65] 20:45:21.773 [ReconcilerExecutor-hivemq-controller-115] DEBUG c.h.p.o.HiveMQPlatformReconciler - [helmdata] StatefulSet Spec (replicas: 1, init containers: 1, containers: 1, volumes: 4)
2025-01-28 20:45:21,776 INFO c.h.h.t.HelmChartContainer - [hivemq-test-hivemq-platform] [hivemq-platform-operator] [ed46ed65] 20:45:21.775 [ReconcilerExecutor-hivemq-controller-115] DEBUG c.h.p.o.h.HiveMQPlatformReconcilerErrorHandler - [helmdata] Pod 'test-hivemq-platform-0' phase Running
2025-01-28 20:45:23,980 INFO c.h.h.t.HelmChartContainer - [K3S] [info.go:53] Couldn't collect info from any of the files in "/etc/machine-id,/var/lib/dbus/machine-id"
2025-01-28 20:45:25,613 INFO c.h.h.t.HelmChartContainer - Uninstalling release 'test-hivemq-platform' in namespace 'helmdatahublicensesit'...
2025-01-28 20:45:25,613 DEBUG c.h.h.t.HelmChartContainer - Executing helm command: /bin/helm --kubeconfig /etc/rancher/k3s/k3s.yaml uninstall test-hivemq-platform  --wait --timeout 5m0s --cascade foreground --namespace helmdatahublicensesit
2025-01-28 20:45:25,794 INFO c.h.h.t.HelmChartContainer - [hivemq-test-hivemq-platform] [hivemq-platform-operator] [ed46ed65] 20:45:25.789 [pool-6-thread-28] DEBUG c.h.p.o.dependants.PodInfoConfigMap - [helmdata] Desired PodInfo ConfigMap (1 extensions) (1 enabled)
2025-01-28 20:45:25,794 INFO c.h.h.t.HelmChartContainer - [hivemq-test-hivemq-platform] [hivemq-platform-operator] [ed46ed65] 20:45:25.789 [pool-6-thread-21] DEBUG c.h.p.o.d.PlatformServiceResource - [helmdata] Desired Platform services (3 services)
2025-01-28 20:45:25,794 INFO c.h.h.t.HelmChartContainer - [hivemq-test-hivemq-platform] [hivemq-platform-operator] [ed46ed65] 20:45:25.791 [pool-6-thread-28] DEBUG c.h.p.o.dependants.PodInfoConfigMap - [helmdata] Desired PodInfo ConfigMap (metrics port: 9399) (metrics path: /)
2025-01-28 20:45:25,794 INFO c.h.h.t.HelmChartContainer - [hivemq-test-hivemq-platform] [hivemq-platform-operator] [ed46ed65] 20:45:25.791 [pool-6-thread-28] DEBUG c.h.p.o.dependants.PodInfoConfigMap - [helmdata] Desired PodInfo ConfigMap (extension state hash: -1817474005)
2025-01-28 20:45:25,794 INFO c.h.h.t.HelmChartContainer - [hivemq-test-hivemq-platform] [hivemq-platform-operator] [ed46ed65] 20:45:25.790 [pool-6-thread-29] DEBUG c.h.p.o.d.PodServiceAccountResource - [helmdata] Desired PodServiceAccountResource (serviceAccountName: hivemq-platform-pod-test-hivemq-platform)
2025-01-28 20:45:25,796 INFO c.h.h.t.HelmChartContainer - [hivemq-test-hivemq-platform] [hivemq-platform-operator] [ed46ed65] 20:45:25.796 [pool-6-thread-21] DEBUG c.h.p.o.d.StatefulSetResource - [helmdata] Desired StatefulSet (1 replicas) for status RUNNING (READY)
2025-01-28 20:45:25,800 INFO c.h.h.t.HelmChartContainer - [hivemq-test-hivemq-platform] [hivemq-platform-operator] [ed46ed65] 20:45:25.799 [ReconcilerExecutor-hivemq-controller-116] INFO  c.h.p.o.HiveMQPlatformReconciler - [helmdata] Reconciling HiveMQ Platform 'test-hivemq-platform' in namespace 'helmdatahublicensesit'
2025-01-28 20:45:25,807 INFO c.h.h.t.HelmChartContainer - [hivemq-test-hivemq-platform] [hivemq-platform-operator] [ed46ed65] 20:45:25.799 [ReconcilerExecutor-hivemq-controller-116] DEBUG c.h.p.o.HiveMQPlatformReconciler - [helmdata] Custom Resource Status RUNNING - HiveMQ Platform is ready (READY)
2025-01-28 20:45:25,807 INFO c.h.h.t.HelmChartContainer - [hivemq-test-hivemq-platform] [hivemq-platform-operator] [ed46ed65] 20:45:25.799 [ReconcilerExecutor-hivemq-controller-116] DEBUG c.h.p.o.HiveMQPlatformReconciler - [helmdata] Custom Resource Spec (replicas: 1) (extensions: 1)
2025-01-28 20:45:25,807 INFO c.h.h.t.HelmChartContainer - [hivemq-test-hivemq-platform] [hivemq-platform-operator] [ed46ed65] 20:45:25.800 [ReconcilerExecutor-hivemq-controller-116] DEBUG c.h.p.o.HiveMQPlatformReconciler - [helmdata] StatefulSet Status (revision: test-hivemq-platform-694d44b4f5, replicas: 1, available: 1, ready: 1, current: 1, updated: 1)
2025-01-28 20:45:25,807 INFO c.h.h.t.HelmChartContainer - [hivemq-test-hivemq-platform] [hivemq-platform-operator] [ed46ed65] 20:45:25.801 [ReconcilerExecutor-hivemq-controller-116] DEBUG c.h.p.o.HiveMQPlatformReconciler - [helmdata] StatefulSet Spec (replicas: 1, init containers: 1, containers: 1, volumes: 4)
2025-01-28 20:45:25,868 INFO c.h.h.t.HelmChartContainer - [hivemq-test-hivemq-platform] [hivemq-platform-operator] [ed46ed65] 20:45:25.866 [ReconcilerExecutor-hivemq-controller-116] DEBUG c.h.p.o.h.HiveMQPlatformReconcilerErrorHandler - [helmdata] Pod 'test-hivemq-platform-0' phase Running
2025-01-28 20:45:25,881 INFO c.h.h.t.HelmChartContainer - [hivemq-test-hivemq-platform] [hivemq-platform-operator] [ed46ed65] 20:45:25.880 [ReconcilerExecutor-hivemq-controller-118] INFO  c.h.p.o.HiveMQPlatformReconciler - [helmdata] Cleanup test-hivemq-platform - helmdatahublicensesit HiveMQ Platform is shut down
2025-01-28 20:45:26,505 INFO c.h.h.t.HelmChartContainer - [EVENT] Normal [Killing] Stopping container hivemq [helmdatahublicensesit:test-hivemq-platform-0]
2025-01-28 20:45:26,505 INFO c.h.h.t.HelmChartContainer - Received Killing event for container hivemq in pod test-hivemq-platform-0 [0cf5a44f-194c-43bb-a820-401fd8212bb1]
2025-01-28 20:45:26,505 INFO c.h.h.t.HelmChartContainer - Container [test-hivemq-platform-0] [hivemq] [0cf5a44f-194c-43bb-a820-401fd8212bb1] was terminated
2025-01-28 20:45:26,505 INFO c.h.h.t.HelmChartContainer - Stopped log watcher for hivemq in pod test-hivemq-platform-0 [0cf5a44f-194c-43bb-a820-401fd8212bb1]
2025-01-28 20:45:26,505 INFO c.h.h.t.HelmChartContainer - [POD] test-hivemq-platform-0 [0cf5a44f-194c-43bb-a820-401fd8212bb1] in helmdatahublicensesit was MODIFIED
2025-01-28 20:45:26,515 INFO c.h.h.t.HelmChartContainer - [test-hivemq-platform] [hivemq] [0cf5a44f] INFO  - [HiveMQ Platform Operator Init App 1.7.0-SNAPSHOT] Shutting down
2025-01-28 20:45:26,515 INFO c.h.h.t.HelmChartContainer - [test-hivemq-platform] [hivemq] [0cf5a44f] INFO  - [HiveMQ Platform Operator Init App 1.7.0-SNAPSHOT] Stopping the HiveMQ Platform
2025-01-28 20:45:26,557 INFO c.h.h.t.HelmChartContainer - [test-hivemq-platform] [hivemq] [0cf5a44f] INFO  - Shutting down HiveMQ. Please wait, this could take a while...
2025-01-28 20:45:26,632 INFO c.h.h.t.HelmChartContainer - [test-hivemq-platform] [hivemq] [0cf5a44f] INFO  - Shutting down listeners and clients
2025-01-28 20:45:26,633 INFO c.h.h.t.HelmChartContainer - [test-hivemq-platform] [hivemq] [0cf5a44f] INFO  - Shutdown of listeners is done
2025-01-28 20:45:26,633 INFO c.h.h.t.HelmChartContainer - [test-hivemq-platform] [hivemq] [0cf5a44f] INFO  - No clients are connected, proceeding with shutdown
2025-01-28 20:45:26,859 INFO c.h.h.t.HelmChartContainer - [K3S] [authentication.go:74] "Unable to authenticate the request" err="[invalid bearer token, serviceaccounts \"hivemq-platform-pod-test-hivemq-platform\" not found]"
2025-01-28 20:45:26,880 INFO c.h.h.t.HelmChartContainer - [K3S] [authentication.go:74] "Unable to authenticate the request" err="[invalid bearer token, serviceaccounts \"hivemq-platform-pod-test-hivemq-platform\" not found]"
2025-01-28 20:45:26,955 INFO c.h.h.t.HelmChartContainer - [test-hivemq-platform] [hivemq] [0cf5a44f] WARN  - [HiveMQ Platform Operator Init App 1.7.0-SNAPSHOT] Could not update Pod annotations: Failure executing: GET at: https://10.43.0.1:443/api/v1/namespaces/helmdatahublicensesit/pods/test-hivemq-platform-0. Message: Unauthorized. Received status: Status(apiVersion=v1, code=401, details=null, kind=Status, message=Unauthorized, metadata=ListMeta(_continue=null, remainingItemCount=null, resourceVersion=null, selfLink=null, additionalProperties={}), reason=Unauthorized, status=Failure, additionalProperties={}).
2025-01-28 20:45:27,857 INFO c.h.h.t.HelmChartContainer - Deleting namespace 'helmdatahublicensesit'...
2025-01-28 20:45:29,651 INFO c.h.h.t.HelmChartContainer - [test-hivemq-platform] [hivemq] [0cf5a44f] INFO  - Shutting down extension system
2025-01-28 20:45:29,658 INFO c.h.h.t.HelmChartContainer - [test-hivemq-platform] [hivemq] [0cf5a44f] INFO  - Stopping extension with id hivemq-dns-cluster-discovery
2025-01-28 20:45:29,659 INFO c.h.h.t.HelmChartContainer - [test-hivemq-platform] [hivemq] [0cf5a44f] INFO  - Extension "DNS Cluster Discovery Extension" version 4.3.2 stopped successfully.
2025-01-28 20:45:29,660 INFO c.h.h.t.HelmChartContainer - [test-hivemq-platform] [hivemq] [0cf5a44f] INFO  - Stopping extension with id hivemq-prometheus-extension
2025-01-28 20:45:29,666 INFO c.h.h.t.HelmChartContainer - [test-hivemq-platform] [hivemq] [0cf5a44f] INFO  - Extension "Prometheus Monitoring Extension" version 4.0.12 stopped successfully.
2025-01-28 20:45:29,666 INFO c.h.h.t.HelmChartContainer - [test-hivemq-platform] [hivemq] [0cf5a44f] INFO  - Stopping extension with id hivemq-allow-all-extension
2025-01-28 20:45:29,666 INFO c.h.h.t.HelmChartContainer - [test-hivemq-platform] [hivemq] [0cf5a44f] INFO  - Extension "Allow All Extension" version 1.1.1 stopped successfully.
2025-01-28 20:45:31,364 INFO c.h.h.t.HelmChartContainer - [test-hivemq-platform] [hivemq] [0cf5a44f] INFO  - [HiveMQ Platform Operator Init App 1.7.0-SNAPSHOT] Returning shutdown Health API response 503 for readiness
2025-01-28 20:45:31,368 INFO c.h.h.t.HelmChartContainer - [EVENT] Warning [Unhealthy] Readiness probe failed: HTTP probe failed with statuscode: 503 [helmdatahublicensesit:test-hivemq-platform-0]
2025-01-28 20:45:31,368 INFO c.h.h.t.HelmChartContainer - Received Unhealthy event for container hivemq in pod test-hivemq-platform-0 [0cf5a44f-194c-43bb-a820-401fd8212bb1]
2025-01-28 20:45:31,958 INFO c.h.h.t.HelmChartContainer - [K3S] [authentication.go:74] "Unable to authenticate the request" err="[invalid bearer token, serviceaccounts \"hivemq-platform-pod-test-hivemq-platform\" not found]"
2025-01-28 20:45:31,961 INFO c.h.h.t.HelmChartContainer - [test-hivemq-platform] [hivemq] [0cf5a44f] INFO  - Shutdown completed.
2025-01-28 20:45:32,054 INFO c.h.h.t.HelmChartContainer - [K3S] [authentication.go:74] "Unable to authenticate the request" err="[invalid bearer token, serviceaccounts \"hivemq-platform-pod-test-hivemq-platform\" not found]"
2025-01-28 20:45:32,056 INFO c.h.h.t.HelmChartContainer - [test-hivemq-platform] [hivemq] [0cf5a44f] WARN  - [HiveMQ Platform Operator Init App 1.7.0-SNAPSHOT] Could not update Pod annotations: Failure executing: GET at: https://10.43.0.1:443/api/v1/namespaces/helmdatahublicensesit/pods/test-hivemq-platform-0. Message: Unauthorized. Received status: Status(apiVersion=v1, code=401, details=null, kind=Status, message=Unauthorized, metadata=ListMeta(_continue=null, remainingItemCount=null, resourceVersion=null, selfLink=null, additionalProperties={}), reason=Unauthorized, status=Failure, additionalProperties={}).
2025-01-28 20:45:32,308 INFO c.h.h.t.HelmChartContainer - [test-hivemq-platform] [hivemq] [0cf5a44f] INFO  - [HiveMQ Platform Operator Init App 1.7.0-SNAPSHOT] The HiveMQ Platform exited with code 143
2025-01-28 20:45:32,309 INFO c.h.h.t.HelmChartContainer - [test-hivemq-platform] [hivemq] [0cf5a44f] INFO  - [HiveMQ Platform Operator Init App 1.7.0-SNAPSHOT] Stopping the REST API
2025-01-28 20:45:32,314 INFO c.h.h.t.HelmChartContainer - [test-hivemq-platform] [hivemq] [0cf5a44f] INFO  - [HiveMQ Platform Operator Init App 1.7.0-SNAPSHOT] Shutdown complete
2025-01-28 20:45:32,773 INFO c.h.h.t.HelmChartContainer - [POD] test-hivemq-platform-0 [0cf5a44f-194c-43bb-a820-401fd8212bb1] in helmdatahublicensesit was MODIFIED
2025-01-28 20:45:32,774 INFO c.h.h.t.HelmChartContainer - [K3S] [stateful_set.go:438] "Unhandled Error" err="error syncing StatefulSet helmdatahublicensesit/test-hivemq-platform, requeuing: controllerrevisions.apps \"test-hivemq-platform-694d44b4f5\" is forbidden: unable to create new content in namespace helmdatahublicensesit because it is being terminated"
2025-01-28 20:45:32,782 INFO c.h.h.t.HelmChartContainer - [K3S] [stateful_set.go:438] "Unhandled Error" err="error syncing StatefulSet helmdatahublicensesit/test-hivemq-platform, requeuing: controllerrevisions.apps \"test-hivemq-platform-694d44b4f5\" is forbidden: unable to create new content in namespace helmdatahublicensesit because it is being terminated"
2025-01-28 20:45:32,795 INFO c.h.h.t.HelmChartContainer - [K3S] [stateful_set.go:438] "Unhandled Error" err="error syncing StatefulSet helmdatahublicensesit/test-hivemq-platform, requeuing: controllerrevisions.apps \"test-hivemq-platform-694d44b4f5\" is forbidden: unable to create new content in namespace helmdatahublicensesit because it is being terminated"
2025-01-28 20:45:32,819 INFO c.h.h.t.HelmChartContainer - [K3S] [stateful_set.go:438] "Unhandled Error" err="error syncing StatefulSet helmdatahublicensesit/test-hivemq-platform, requeuing: controllerrevisions.apps \"test-hivemq-platform-694d44b4f5\" is forbidden: unable to create new content in namespace helmdatahublicensesit because it is being terminated"
2025-01-28 20:45:32,862 INFO c.h.h.t.HelmChartContainer - [K3S] [stateful_set.go:438] "Unhandled Error" err="error syncing StatefulSet helmdatahublicensesit/test-hivemq-platform, requeuing: controllerrevisions.apps \"test-hivemq-platform-694d44b4f5\" is forbidden: unable to create new content in namespace helmdatahublicensesit because it is being terminated"
2025-01-28 20:45:32,870 INFO c.h.h.t.HelmChartContainer - [K3S] [reconciler_common.go:162] "operationExecutor.UnmountVolume started for volume \"kube-api-access-mwscv\" (UniqueName: \"kubernetes.io/projected/0cf5a44f-194c-43bb-a820-401fd8212bb1-kube-api-access-mwscv\") pod \"0cf5a44f-194c-43bb-a820-401fd8212bb1\" (UID: \"0cf5a44f-194c-43bb-a820-401fd8212bb1\") "
2025-01-28 20:45:32,871 INFO c.h.h.t.HelmChartContainer - [K3S] [reconciler_common.go:162] "operationExecutor.UnmountVolume started for volume \"pod-info\" (UniqueName: \"kubernetes.io/configmap/0cf5a44f-194c-43bb-a820-401fd8212bb1-pod-info\") pod \"0cf5a44f-194c-43bb-a820-401fd8212bb1\" (UID: \"0cf5a44f-194c-43bb-a820-401fd8212bb1\") "
2025-01-28 20:45:32,871 INFO c.h.h.t.HelmChartContainer - [K3S] [reconciler_common.go:162] "operationExecutor.UnmountVolume started for volume \"broker-configuration\" (UniqueName: \"kubernetes.io/configmap/0cf5a44f-194c-43bb-a820-401fd8212bb1-broker-configuration\") pod \"0cf5a44f-194c-43bb-a820-401fd8212bb1\" (UID: \"0cf5a44f-194c-43bb-a820-401fd8212bb1\") "
2025-01-28 20:45:32,871 INFO c.h.h.t.HelmChartContainer - [K3S] [reconciler_common.go:162] "operationExecutor.UnmountVolume started for volume \"operator-init\" (UniqueName: \"kubernetes.io/empty-dir/0cf5a44f-194c-43bb-a820-401fd8212bb1-operator-init\") pod \"0cf5a44f-194c-43bb-a820-401fd8212bb1\" (UID: \"0cf5a44f-194c-43bb-a820-401fd8212bb1\") "
2025-01-28 20:45:32,871 INFO c.h.h.t.HelmChartContainer - [K3S] [reconciler_common.go:162] "operationExecutor.UnmountVolume started for volume \"licenses\" (UniqueName: \"kubernetes.io/secret/0cf5a44f-194c-43bb-a820-401fd8212bb1-licenses\") pod \"0cf5a44f-194c-43bb-a820-401fd8212bb1\" (UID: \"0cf5a44f-194c-43bb-a820-401fd8212bb1\") "
2025-01-28 20:45:32,927 INFO c.h.h.t.HelmChartContainer - [K3S] [stateful_set.go:466] "StatefulSet has been deleted" key="helmdatahublicensesit/test-hivemq-platform"
2025-01-28 20:45:32,944 INFO c.h.h.t.HelmChartContainer - [K3S] [stateful_set.go:466] "StatefulSet has been deleted" key="helmdatahublicensesit/test-hivemq-platform"
2025-01-28 20:45:32,970 INFO c.h.h.t.HelmChartContainer - [K3S] [reconciler_common.go:299] "Volume detached for volume \"licenses\" (UniqueName: \"kubernetes.io/secret/0cf5a44f-194c-43bb-a820-401fd8212bb1-licenses\") on node \"a8d56fe6a469\" DevicePath \"\""
2025-01-28 20:45:32,970 INFO c.h.h.t.HelmChartContainer - [K3S] [reconciler_common.go:299] "Volume detached for volume \"broker-configuration\" (UniqueName: \"kubernetes.io/configmap/0cf5a44f-194c-43bb-a820-401fd8212bb1-broker-configuration\") on node \"a8d56fe6a469\" DevicePath \"\""
2025-01-28 20:45:32,970 INFO c.h.h.t.HelmChartContainer - [K3S] [reconciler_common.go:299] "Volume detached for volume \"kube-api-access-mwscv\" (UniqueName: \"kubernetes.io/projected/0cf5a44f-194c-43bb-a820-401fd8212bb1-kube-api-access-mwscv\") on node \"a8d56fe6a469\" DevicePath \"\""
2025-01-28 20:45:32,970 INFO c.h.h.t.HelmChartContainer - [K3S] [reconciler_common.go:299] "Volume detached for volume \"pod-info\" (UniqueName: \"kubernetes.io/configmap/0cf5a44f-194c-43bb-a820-401fd8212bb1-pod-info\") on node \"a8d56fe6a469\" DevicePath \"\""
2025-01-28 20:45:32,971 INFO c.h.h.t.HelmChartContainer - [K3S] [reconciler_common.go:299] "Volume detached for volume \"operator-init\" (UniqueName: \"kubernetes.io/empty-dir/0cf5a44f-194c-43bb-a820-401fd8212bb1-operator-init\") on node \"a8d56fe6a469\" DevicePath \"\""
2025-01-28 20:45:33,117 INFO c.h.h.t.HelmChartContainer - [K3S] [namespace_controller.go:164] "Unhandled Error" err="deletion of namespace helmdatahublicensesit failed: unexpected items still remain in namespace: helmdatahublicensesit for gvr: /v1, Resource=pods"
2025-01-28 20:45:33,295 INFO c.h.h.t.HelmChartContainer - [K3S] [namespace_controller.go:164] "Unhandled Error" err="deletion of namespace helmdatahublicensesit failed: unexpected items still remain in namespace: helmdatahublicensesit for gvr: /v1, Resource=pods"
2025-01-28 20:45:33,393 INFO c.h.h.t.HelmChartContainer - [K3S] [namespace_controller.go:164] "Unhandled Error" err="deletion of namespace helmdatahublicensesit failed: unexpected items still remain in namespace: helmdatahublicensesit for gvr: /v1, Resource=pods"
2025-01-28 20:45:33,461 INFO c.h.h.t.HelmChartContainer - [K3S] [scope.go:117] "RemoveContainer" containerID="dc5113ec87b9c4feca53c5e7d23201bfa201e356c1f1f78a5b0599fa34855380"
2025-01-28 20:45:33,476 INFO c.h.h.t.HelmChartContainer - [POD] test-hivemq-platform-0 [0cf5a44f-194c-43bb-a820-401fd8212bb1] in helmdatahublicensesit was MODIFIED
2025-01-28 20:45:33,481 INFO c.h.h.t.HelmChartContainer - [POD] test-hivemq-platform-0 [0cf5a44f-194c-43bb-a820-401fd8212bb1] in helmdatahublicensesit was DELETED
2025-01-28 20:45:33,521 INFO c.h.h.t.HelmChartContainer - [K3S] [namespace_controller.go:164] "Unhandled Error" err="deletion of namespace helmdatahublicensesit failed: unexpected items still remain in namespace: helmdatahublicensesit for gvr: /v1, Resource=pods"
2025-01-28 20:45:33,577 INFO c.h.h.t.HelmChartContainer - [K3S] [scope.go:117] "RemoveContainer" containerID="44e38d7a82ceae57558a2e04c12007a4d445124550ca5b871c57abb64fff7ccf"
2025-01-28 20:45:33,581 INFO c.h.h.t.HelmChartContainer - [K3S] [scope.go:117] "RemoveContainer" containerID="dc5113ec87b9c4feca53c5e7d23201bfa201e356c1f1f78a5b0599fa34855380"
2025-01-28 20:45:33,582 INFO c.h.h.t.HelmChartContainer - [K3S] [scope.go:117] "RemoveContainer" containerID="44e38d7a82ceae57558a2e04c12007a4d445124550ca5b871c57abb64fff7ccf"
2025-01-28 20:45:33,683 INFO c.h.h.t.HelmChartContainer - Namespace 'helmdatahublicensesit' deleted
2025-01-28 20:45:33,683 INFO c.h.h.t.HelmChartContainer - Release 'test-hivemq-platform' in namespace 'helmdatahublicensesit' is uninstalled
2025-01-28 20:45:33,683 INFO c.h.h.t.HelmChartContainer - Uninstalling release 'test-hivemq-platform-operator' in namespace 'helmdatahublicensesit-operator'...
2025-01-28 20:45:33,683 DEBUG c.h.h.t.HelmChartContainer - Executing helm command: /bin/helm --kubeconfig /etc/rancher/k3s/k3s.yaml uninstall test-hivemq-platform-operator  --wait --timeout 5m0s --cascade foreground --namespace helmdatahublicensesit-operator
2025-01-28 20:45:33,850 INFO c.h.h.t.HelmChartContainer - [K3S] [replica_set.go:679] "Finished syncing" kind="ReplicaSet" key="helmdatahublicensesit-operator/hivemq-test-hivemq-platform-operator-6966f96d65" duration="12.791955ms"
2025-01-28 20:45:33,850 INFO c.h.h.t.HelmChartContainer - [K3S] [replica_set.go:679] "Finished syncing" kind="ReplicaSet" key="helmdatahublicensesit-operator/hivemq-test-hivemq-platform-operator-6966f96d65" duration="37.49µs"
2025-01-28 20:45:33,860 INFO c.h.h.t.HelmChartContainer - [POD] hivemq-test-hivemq-platform-operator-6966f96d65-nfzr2 [ed46ed65-8ab6-4b8f-8111-2b5d519cffac] in helmdatahublicensesit-operator was MODIFIED
2025-01-28 20:45:33,867 INFO c.h.h.t.HelmChartContainer - [EVENT] Normal [Killing] Stopping container hivemq-platform-operator [helmdatahublicensesit-operator:hivemq-test-hivemq-platform-operator-6966f96d65-nfzr2]
2025-01-28 20:45:33,869 INFO c.h.h.t.HelmChartContainer - Received Killing event for container hivemq-platform-operator in pod hivemq-test-hivemq-platform-operator-6966f96d65-nfzr2 [ed46ed65-8ab6-4b8f-8111-2b5d519cffac]
2025-01-28 20:45:33,869 INFO c.h.h.t.HelmChartContainer - Container [hivemq-test-hivemq-platform-operator-6966f96d65-nfzr2] [hivemq-platform-operator] [ed46ed65-8ab6-4b8f-8111-2b5d519cffac] was terminated
2025-01-28 20:45:33,869 INFO c.h.h.t.HelmChartContainer - Stopped log watcher for hivemq-platform-operator in pod hivemq-test-hivemq-platform-operator-6966f96d65-nfzr2 [ed46ed65-8ab6-4b8f-8111-2b5d519cffac]
2025-01-28 20:45:33,873 INFO c.h.h.t.HelmChartContainer - [K3S] [replica_set.go:679] "Finished syncing" kind="ReplicaSet" key="helmdatahublicensesit-operator/hivemq-test-hivemq-platform-operator-6966f96d65" duration="11.620311ms"
2025-01-28 20:45:33,874 INFO c.h.h.t.HelmChartContainer - [K3S] [replica_set.go:679] "Finished syncing" kind="ReplicaSet" key="helmdatahublicensesit-operator/hivemq-test-hivemq-platform-operator-6966f96d65" duration="57.407µs"
2025-01-28 20:45:33,906 INFO c.h.h.t.HelmChartContainer - [hivemq-test-hivemq-platform] [hivemq-platform-operator] [ed46ed65] 20:45:33.904 [application-shutdown-thread] INFO  c.h.p.o.HiveMQPlatformOperatorApplication - HiveMQ Platform Operator is stopping...
2025-01-28 20:45:33,906 INFO c.h.h.t.HelmChartContainer - [hivemq-test-hivemq-platform] [hivemq-platform-operator] [ed46ed65] 20:45:33.904 [application-shutdown-thread] INFO  i.javaoperatorsdk.operator.Operator - Operator SDK 4.9.7 is shutting down...
2025-01-28 20:45:33,972 INFO c.h.h.t.HelmChartContainer - [K3S] [kubelet_volumes.go:163] "Cleaned up orphaned pod volumes dir" podUID="0cf5a44f-194c-43bb-a820-401fd8212bb1" path="/var/lib/kubelet/pods/0cf5a44f-194c-43bb-a820-401fd8212bb1/volumes"
2025-01-28 20:45:34,350 INFO c.h.h.t.HelmChartContainer - [EVENT] Warning [Unhealthy] Readiness probe failed: Get "http://10.42.0.9:8080/health/readiness": dial tcp 10.42.0.9:8080: connect: connection refused [helmdatahublicensesit-operator:hivemq-test-hivemq-platform-operator-6966f96d65-nfzr2]
2025-01-28 20:45:34,350 INFO c.h.h.t.HelmChartContainer - Received Unhealthy event for container hivemq-platform-operator in pod hivemq-test-hivemq-platform-operator-6966f96d65-nfzr2 [ed46ed65-8ab6-4b8f-8111-2b5d519cffac]
2025-01-28 20:45:34,514 INFO c.h.h.t.HelmChartContainer - [K3S] [replica_set.go:679] "Finished syncing" kind="ReplicaSet" key="helmdatahublicensesit-operator/hivemq-test-hivemq-platform-operator-6966f96d65" duration="41.337µs"
2025-01-28 20:45:34,515 INFO c.h.h.t.HelmChartContainer - [POD] hivemq-test-hivemq-platform-operator-6966f96d65-nfzr2 [ed46ed65-8ab6-4b8f-8111-2b5d519cffac] in helmdatahublicensesit-operator was MODIFIED
2025-01-28 20:45:34,579 INFO c.h.h.t.HelmChartContainer - [K3S] [reconciler_common.go:162] "operationExecutor.UnmountVolume started for volume \"kube-api-access-cf77d\" (UniqueName: \"kubernetes.io/projected/ed46ed65-8ab6-4b8f-8111-2b5d519cffac-kube-api-access-cf77d\") pod \"ed46ed65-8ab6-4b8f-8111-2b5d519cffac\" (UID: \"ed46ed65-8ab6-4b8f-8111-2b5d519cffac\") "
2025-01-28 20:45:34,680 INFO c.h.h.t.HelmChartContainer - [K3S] [reconciler_common.go:299] "Volume detached for volume \"kube-api-access-cf77d\" (UniqueName: \"kubernetes.io/projected/ed46ed65-8ab6-4b8f-8111-2b5d519cffac-kube-api-access-cf77d\") on node \"a8d56fe6a469\" DevicePath \"\""
2025-01-28 20:45:35,467 INFO c.h.h.t.HelmChartContainer - [K3S] [scope.go:117] "RemoveContainer" containerID="aec060af2be725fdd4627f3c3d4856d9275f9ef7dafb3c120c5668372d1b99d5"
2025-01-28 20:45:35,478 INFO c.h.h.t.HelmChartContainer - [K3S] [replica_set.go:679] "Finished syncing" kind="ReplicaSet" key="helmdatahublicensesit-operator/hivemq-test-hivemq-platform-operator-6966f96d65" duration="42.569µs"
2025-01-28 20:45:35,478 INFO c.h.h.t.HelmChartContainer - [POD] hivemq-test-hivemq-platform-operator-6966f96d65-nfzr2 [ed46ed65-8ab6-4b8f-8111-2b5d519cffac] in helmdatahublicensesit-operator was MODIFIED
2025-01-28 20:45:35,480 INFO c.h.h.t.HelmChartContainer - [POD] hivemq-test-hivemq-platform-operator-6966f96d65-nfzr2 [ed46ed65-8ab6-4b8f-8111-2b5d519cffac] in helmdatahublicensesit-operator was DELETED
2025-01-28 20:45:35,480 INFO c.h.h.t.HelmChartContainer - [K3S] [replica_set.go:679] "Finished syncing" kind="ReplicaSet" key="helmdatahublicensesit-operator/hivemq-test-hivemq-platform-operator-6966f96d65" duration="27.07µs"
2025-01-28 20:45:35,489 INFO c.h.h.t.HelmChartContainer - [K3S] [replica_set.go:679] "Finished syncing" kind="ReplicaSet" key="helmdatahublicensesit-operator/hivemq-test-hivemq-platform-operator-6966f96d65" duration="5.8µs"
2025-01-28 20:45:35,888 INFO c.h.h.t.HelmChartContainer - Deleting namespace 'helmdatahublicensesit-operator'...
2025-01-28 20:45:35,972 INFO c.h.h.t.HelmChartContainer - [K3S] [kubelet_volumes.go:163] "Cleaned up orphaned pod volumes dir" podUID="ed46ed65-8ab6-4b8f-8111-2b5d519cffac" path="/var/lib/kubelet/pods/ed46ed65-8ab6-4b8f-8111-2b5d519cffac/volumes"
2025-01-28 20:45:38,656 INFO c.h.h.t.HelmChartContainer - [K3S] [namespace_controller.go:187] "Namespace has been deleted" namespace="helmdatahublicensesit"
2025-01-28 20:45:41,103 INFO c.h.h.t.HelmChartContainer - Namespace 'helmdatahublicensesit-operator' deleted
2025-01-28 20:45:41,103 INFO c.h.h.t.HelmChartContainer - Release 'test-hivemq-platform-operator' in namespace 'helmdatahublicensesit-operator' is uninstalled
2025-01-28 20:45:41,828 INFO c.h.helmcharts.AbstractHelmChartIT - Removed unused containers:

2025-01-28 20:45:46,014 INFO c.h.h.t.HelmChartContainer - [K3S] [namespace_controller.go:187] "Namespace has been deleted" namespace="helmdatahublicensesit-operator"
2025-01-28 20:45:49,713 INFO c.h.helmcharts.AbstractHelmChartIT - Removed unused snapshots:
Removing snapshot sha256:03af251906410714c5aef9fa705b63f6bbc39c4a5e787de7361eeb18886c2ed2
Removing snapshot sha256:0c46b3b43cce082ce5ec34ffc6c294e0417d17b9d1e6f366d114b6aadc4f96dc
Removing snapshot sha256:0ce761beee59082d6ed5bcebd3a805b8ddd9b3426b617e4809e7fb7c6587ffec
Removing snapshot sha256:0df91287303208332c8ff6ba40ae4710105201739addbfbddfb955f1ad593664
Removing snapshot sha256:1021ef88c7974bfff89c5a0ec4fd3160daac6c48a075f74cff721f85dd104e68
Removing snapshot sha256:10aba4953ddc18145dd38e3704709bc464aa20af60b56fe52caaff4b68411e62
Removing snapshot sha256:2573e0d8158209ed54ab25c87bcdcb00bd3d2539246960a3d592a1c599d70465
Removing snapshot sha256:362a8a37f8bbc31925a8146adcf7cf51f9882f5c1dcbef67c5baa03a297543c0
Removing snapshot sha256:3fa4ad33f0ddc8fd45b39b6b4640f82a3a83619606cd975bfe89d8710ad2d4cd
Removing snapshot sha256:43a7c979bbaba6838bc3102d6b10a1459f3ab050b87ccdfef84ef90cf43d3058
Removing snapshot sha256:4ab04491cdf0d3267f08206fe30bd48f49f94b9cab2f016d6739220f722a64af
Removing snapshot sha256:4b6068250e89c96f263060261819c7d912855bfbd64b3eb4c4a8483299b8c295
Removing snapshot sha256:580e69a0a8034ede1921139bbd2bfb72a69ebf276d008281896c32dd8bf74775
Removing snapshot sha256:5d30ba46b27fe37484567ccc5242cadc78217b8da605f3f195ef25cbf7487904
Removing snapshot sha256:63ca1fbb43ae5034640e5e6cb3e083e05c290072c5366fcaa9d62435a4cced85
Removing snapshot sha256:67117f2c584b1184be7fa3a94408fa79fc14661f83e5b91999087d83600f3209
Removing snapshot sha256:67f702c6baae873bceb19487c8b1f27bd2b86077e4f2f0e480e6d60ab508b8f5
Removing snapshot sha256:6864348dd42806d552efdec384f1274be15e2d0c10ce44c1f04347af004c10a9
Removing snapshot sha256:6c7dee8f2c39b84b7dc2711c01d33de93514d9055499173e9290176fbe484b6c
Removing snapshot sha256:82753493a6d61ded36556292f02f31841a14c20d2f279f19eaad65afb661d5cd
Removing snapshot sha256:8a10d3db42c505ee0fcfa98417bdd7e39b304f6bcc0a06bb1b220797ff2cc63c
Removing snapshot sha256:a21e5b12dbac529ad45d976eb9ce45c881f3bedcc500fb30aba1e52aa1813418
Removing snapshot sha256:aebd99f7e310798aef43313ee9f4c06b2b2a44070098c70085b0903dd568662b
Removing snapshot sha256:b921e6c28969094157f9b8e7244677780319637afd14450b7cb6b2fdea558a0c
Removing snapshot sha256:bc27ecb5769a00e309cf99ebc763c4a4b958b618d1decc96ffac5bc05f02f5b7
Removing snapshot sha256:be3ccb6627a5332e309d45ef461d09b4879dd870c7394d89323d0ebc6ca6aa8a
Removing snapshot sha256:c261f7cbbc64211ee175ee47273acdb7b1a36a4450b397a064a8f2c026490095
Removing snapshot sha256:c34d9393647eea0c9e3557ab988efaf59f61d10a2a5613b439ef0958cca5ec10
Removing snapshot sha256:ccf3c4a0fa967a41c1c83497a2ce6fa5787965859df0adb32c4ca2cf7490bc2b
Removing snapshot sha256:cf92d33f869417309692088c341cd0f223c178ea78a125f757317b22aa8f90e9
Removing snapshot sha256:d0037344cf2fb078884f1849f6a1f8cf9a33a3b6139b6a85833e5ee528e1f9a8
Removing snapshot sha256:d3b36d5b79273b1e98e7700470eaeff05a882e777124d84cebcc1505b85ecb36
Removing snapshot sha256:d65a44a37914602d12c611e5e22a50f11451d847e63015cc1c2aef92dee777a4
Removing snapshot sha256:e2dc0bae2455930f23ae570e019b7f32edc75c0f2d71cab084db837ff9051796
Removing snapshot sha256:eccbd24a99c60cd9e86ee5305dbfc4a4dc89f5ab4fb1f06c8d64797cecedef34
Removing snapshot sha256:f144bb4c7c7f0d2aa7eeffd36d934ec40db1ee167be727e326aad9fdc616f475

]]></system-out>
  </testcase>
  <testcase name="withExistingDataHubLicenseFileContent_statefulSetWithLicenseSecretMounted()" classname="com.hivemq.helmcharts.license.HelmDataHubLicensesIT" time="102.907">
    <system-out><![CDATA[2025-01-28 20:45:49,716 INFO c.h.h.t.HelmChartContainer - Creating namespace 'helmdatahublicensesit-operator'...
2025-01-28 20:45:49,724 INFO c.h.h.t.HelmChartContainer - Namespace 'helmdatahublicensesit-operator' created
2025-01-28 20:45:49,724 INFO c.h.h.t.HelmChartContainer - Creating namespace 'helmdatahublicensesit'...
2025-01-28 20:45:49,738 INFO c.h.h.t.HelmChartContainer - Namespace 'helmdatahublicensesit' created
2025-01-28 20:45:49,815 DEBUG c.h.h.t.HelmChartContainer - Executing helm command: /bin/helm --kubeconfig /etc/rancher/k3s/k3s.yaml install test-hivemq-platform-operator /charts/hivemq-platform-operator --wait --timeout 5m0s --set image.repository=docker.io/hivemq --set image.name=hivemq-platform-operator-test --set image.initImageName=hivemq-platform-operator-init-test --set image.tag=snapshot --set image.pullPolicy=Never --set logLevel=DEBUG --set resources.cpu=512m --namespace helmdatahublicensesit-operator
2025-01-28 20:45:50,119 INFO c.h.h.t.HelmChartContainer - [K3S] [alloc.go:330] "allocated clusterIPs" service="helmdatahublicensesit-operator/hivemq-platform-operator-test-hivemq-platform-operator" clusterIPs={"IPv4":"10.43.131.192"}
2025-01-28 20:45:50,137 INFO c.h.h.t.HelmChartContainer - [EVENT] Normal [ScalingReplicaSet] Scaled up replica set hivemq-test-hivemq-platform-operator-6966f96d65 from 0 to 1 [helmdatahublicensesit-operator:hivemq-test-hivemq-platform-operator]
2025-01-28 20:45:50,142 INFO c.h.h.t.HelmChartContainer - [POD] hivemq-test-hivemq-platform-operator-6966f96d65-wsn7k [1c9a621b-1398-455b-a634-e0907db98c85] in helmdatahublicensesit-operator was ADDED
2025-01-28 20:45:50,150 INFO c.h.h.t.HelmChartContainer - [POD] hivemq-test-hivemq-platform-operator-6966f96d65-wsn7k [1c9a621b-1398-455b-a634-e0907db98c85] in helmdatahublicensesit-operator was MODIFIED
2025-01-28 20:45:50,150 INFO c.h.h.t.HelmChartContainer - [K3S] [memory_manager.go:355] "RemoveStaleState removing state" podUID="ed46ed65-8ab6-4b8f-8111-2b5d519cffac" containerName="hivemq-platform-operator"
2025-01-28 20:45:50,154 INFO c.h.h.t.HelmChartContainer - [K3S] [memory_manager.go:355] "RemoveStaleState removing state" podUID="0cf5a44f-194c-43bb-a820-401fd8212bb1" containerName="hivemq"
2025-01-28 20:45:50,155 INFO c.h.h.t.HelmChartContainer - [EVENT] Normal [SuccessfulCreate] Created pod: hivemq-test-hivemq-platform-operator-6966f96d65-wsn7k [helmdatahublicensesit-operator:hivemq-test-hivemq-platform-operator-6966f96d65]
2025-01-28 20:45:50,158 INFO c.h.h.t.HelmChartContainer - [K3S] [replica_set.go:679] "Finished syncing" kind="ReplicaSet" key="helmdatahublicensesit-operator/hivemq-test-hivemq-platform-operator-6966f96d65" duration="26.420571ms"
2025-01-28 20:45:50,166 INFO c.h.h.t.HelmChartContainer - [K3S] [replica_set.go:679] "Finished syncing" kind="ReplicaSet" key="helmdatahublicensesit-operator/hivemq-test-hivemq-platform-operator-6966f96d65" duration="7.73981ms"
2025-01-28 20:45:50,168 INFO c.h.h.t.HelmChartContainer - [K3S] [replica_set.go:679] "Finished syncing" kind="ReplicaSet" key="helmdatahublicensesit-operator/hivemq-test-hivemq-platform-operator-6966f96d65" duration="37.52µs"
2025-01-28 20:45:50,168 INFO c.h.h.t.HelmChartContainer - [EVENT] Normal [Scheduled] Successfully assigned helmdatahublicensesit-operator/hivemq-test-hivemq-platform-operator-6966f96d65-wsn7k to a8d56fe6a469 [helmdatahublicensesit-operator:hivemq-test-hivemq-platform-operator-6966f96d65-wsn7k]
2025-01-28 20:45:50,169 INFO c.h.h.t.HelmChartContainer - [K3S] [replica_set.go:679] "Finished syncing" kind="ReplicaSet" key="helmdatahublicensesit-operator/hivemq-test-hivemq-platform-operator-6966f96d65" duration="33.483µs"
2025-01-28 20:45:50,172 INFO c.h.h.t.HelmChartContainer - [POD] hivemq-test-hivemq-platform-operator-6966f96d65-wsn7k [1c9a621b-1398-455b-a634-e0907db98c85] in helmdatahublicensesit-operator was MODIFIED
2025-01-28 20:45:50,268 INFO c.h.h.t.HelmChartContainer - [K3S] [reconciler_common.go:251] "operationExecutor.VerifyControllerAttachedVolume started for volume \"kube-api-access-24llp\" (UniqueName: \"kubernetes.io/projected/1c9a621b-1398-455b-a634-e0907db98c85-kube-api-access-24llp\") pod \"hivemq-test-hivemq-platform-operator-6966f96d65-wsn7k\" (UID: \"1c9a621b-1398-455b-a634-e0907db98c85\") " pod="helmdatahublicensesit-operator/hivemq-test-hivemq-platform-operator-6966f96d65-wsn7k"
2025-01-28 20:45:50,543 INFO c.h.h.t.HelmChartContainer - [EVENT] Normal [Pulled] Container image "docker.io/hivemq/hivemq-platform-operator-test:snapshot" already present on machine [helmdatahublicensesit-operator:hivemq-test-hivemq-platform-operator-6966f96d65-wsn7k]
2025-01-28 20:45:50,543 INFO c.h.h.t.HelmChartContainer - Received Pulled event for container hivemq-platform-operator in pod hivemq-test-hivemq-platform-operator-6966f96d65-wsn7k [1c9a621b-1398-455b-a634-e0907db98c85]
2025-01-28 20:45:50,671 INFO c.h.h.t.HelmChartContainer - [K3S] [range_allocator.go:247] "Successfully synced" key="a8d56fe6a469"
2025-01-28 20:45:51,949 INFO c.h.h.t.HelmChartContainer - [EVENT] Normal [Created] Created container: hivemq-platform-operator [helmdatahublicensesit-operator:hivemq-test-hivemq-platform-operator-6966f96d65-wsn7k]
2025-01-28 20:45:51,949 INFO c.h.h.t.HelmChartContainer - Received Created event for container hivemq-platform-operator in pod hivemq-test-hivemq-platform-operator-6966f96d65-wsn7k [1c9a621b-1398-455b-a634-e0907db98c85]
2025-01-28 20:45:52,508 INFO c.h.h.t.HelmChartContainer - [K3S] [replica_set.go:679] "Finished syncing" kind="ReplicaSet" key="helmdatahublicensesit-operator/hivemq-test-hivemq-platform-operator-6966f96d65" duration="41.408µs"
2025-01-28 20:45:52,509 INFO c.h.h.t.HelmChartContainer - [POD] hivemq-test-hivemq-platform-operator-6966f96d65-wsn7k [1c9a621b-1398-455b-a634-e0907db98c85] in helmdatahublicensesit-operator was MODIFIED
2025-01-28 20:45:52,518 INFO c.h.h.t.HelmChartContainer - [EVENT] Normal [Started] Started container hivemq-platform-operator [helmdatahublicensesit-operator:hivemq-test-hivemq-platform-operator-6966f96d65-wsn7k]
2025-01-28 20:45:52,518 INFO c.h.h.t.HelmChartContainer - Started log watcher for hivemq-platform-operator in pod hivemq-test-hivemq-platform-operator-6966f96d65-wsn7k [1c9a621b-1398-455b-a634-e0907db98c85]
2025-01-28 20:45:52,519 INFO c.h.h.t.HelmChartContainer - Received Started event for container hivemq-platform-operator in pod hivemq-test-hivemq-platform-operator-6966f96d65-wsn7k [1c9a621b-1398-455b-a634-e0907db98c85]
2025-01-28 20:45:52,520 INFO c.h.h.t.HelmChartContainer - [hivemq-test-hivemq-platform] [hivemq-platform-operator] [1c9a621b] -------------------------------------------------------------------------
2025-01-28 20:45:52,520 INFO c.h.h.t.HelmChartContainer - [hivemq-test-hivemq-platform] [hivemq-platform-operator] [1c9a621b] 
2025-01-28 20:45:52,520 INFO c.h.h.t.HelmChartContainer - [hivemq-test-hivemq-platform] [hivemq-platform-operator] [1c9a621b]                   _    _  _              __  __   ____
2025-01-28 20:45:52,520 INFO c.h.h.t.HelmChartContainer - [hivemq-test-hivemq-platform] [hivemq-platform-operator] [1c9a621b]                  | |  | |(_)            |  \/  | / __ \
2025-01-28 20:45:52,520 INFO c.h.h.t.HelmChartContainer - [hivemq-test-hivemq-platform] [hivemq-platform-operator] [1c9a621b]                  | |__| | _ __   __ ___ | \  / || |  | |
2025-01-28 20:45:52,520 INFO c.h.h.t.HelmChartContainer - [hivemq-test-hivemq-platform] [hivemq-platform-operator] [1c9a621b]                  |  __  || |\ \ / // _ \| |\/| || |  | |
2025-01-28 20:45:52,520 INFO c.h.h.t.HelmChartContainer - [hivemq-test-hivemq-platform] [hivemq-platform-operator] [1c9a621b]                  | |  | || | \ V /|  __/| |  | || |__| |
2025-01-28 20:45:52,520 INFO c.h.h.t.HelmChartContainer - [hivemq-test-hivemq-platform] [hivemq-platform-operator] [1c9a621b]                  |_|  |_||_|  \_/  \___||_|  |_| \___\_\
2025-01-28 20:45:52,520 INFO c.h.h.t.HelmChartContainer - [hivemq-test-hivemq-platform] [hivemq-platform-operator] [1c9a621b] 
2025-01-28 20:45:52,520 INFO c.h.h.t.HelmChartContainer - [hivemq-test-hivemq-platform] [hivemq-platform-operator] [1c9a621b] -------------------------------------------------------------------------
2025-01-28 20:45:52,520 INFO c.h.h.t.HelmChartContainer - [hivemq-test-hivemq-platform] [hivemq-platform-operator] [1c9a621b] 
2025-01-28 20:45:52,520 INFO c.h.h.t.HelmChartContainer - [hivemq-test-hivemq-platform] [hivemq-platform-operator] [1c9a621b]   HiveMQ Platform Operator Start Script v1.0
2025-01-28 20:45:52,520 INFO c.h.h.t.HelmChartContainer - [hivemq-test-hivemq-platform] [hivemq-platform-operator] [1c9a621b] 
2025-01-28 20:45:52,520 INFO c.h.h.t.HelmChartContainer - [hivemq-test-hivemq-platform] [hivemq-platform-operator] [1c9a621b] -------------------------------------------------------------------------
2025-01-28 20:45:52,520 INFO c.h.h.t.HelmChartContainer - [hivemq-test-hivemq-platform] [hivemq-platform-operator] [1c9a621b] 
2025-01-28 20:45:52,520 INFO c.h.h.t.HelmChartContainer - [hivemq-test-hivemq-platform] [hivemq-platform-operator] [1c9a621b]   JAVA_OPTS: -XX:+UnlockExperimentalVMOptions -XX:InitialRAMPercentage=75 -XX:MaxRAMPercentage=75 -Duser.language=en -Duser.region=US
2025-01-28 20:45:52,520 INFO c.h.h.t.HelmChartContainer - [hivemq-test-hivemq-platform] [hivemq-platform-operator] [1c9a621b] 
2025-01-28 20:45:52,520 INFO c.h.h.t.HelmChartContainer - [hivemq-test-hivemq-platform] [hivemq-platform-operator] [1c9a621b]   JAVA_VERSION: 21
2025-01-28 20:45:52,520 INFO c.h.h.t.HelmChartContainer - [hivemq-test-hivemq-platform] [hivemq-platform-operator] [1c9a621b] 
2025-01-28 20:45:52,520 INFO c.h.h.t.HelmChartContainer - [hivemq-test-hivemq-platform] [hivemq-platform-operator] [1c9a621b] -------------------------------------------------------------------------
2025-01-28 20:45:52,520 INFO c.h.h.t.HelmChartContainer - [hivemq-test-hivemq-platform] [hivemq-platform-operator] [1c9a621b] 
2025-01-28 20:45:55,356 INFO c.h.h.t.HelmChartContainer - [hivemq-test-hivemq-platform] [hivemq-platform-operator] [1c9a621b] 20:45:55.353 [main] DEBUG org.jboss.logging - Logging Provider: org.jboss.logging.Slf4jLoggerProvider
2025-01-28 20:45:55,461 INFO c.h.h.t.HelmChartContainer - [hivemq-test-hivemq-platform] [hivemq-platform-operator] [1c9a621b] 20:45:55.459 [main] DEBUG io.smallrye.config - SRCFG01006: Loaded ConfigSource SysPropConfigSource with ordinal 400
2025-01-28 20:45:55,461 INFO c.h.h.t.HelmChartContainer - [hivemq-test-hivemq-platform] [hivemq-platform-operator] [1c9a621b] 20:45:55.460 [main] DEBUG io.smallrye.config - SRCFG01006: Loaded ConfigSource EnvConfigSource with ordinal 300
2025-01-28 20:45:55,461 INFO c.h.h.t.HelmChartContainer - [hivemq-test-hivemq-platform] [hivemq-platform-operator] [1c9a621b] 20:45:55.460 [main] DEBUG io.smallrye.config - SRCFG01006: Loaded ConfigSource PropertiesConfigSource[source=jar:file:///opt/hivemq-platform-operator/bin/hivemq-platform-operator.jar!/hivemq-platform-operator.properties] with ordinal 100
2025-01-28 20:45:55,461 INFO c.h.h.t.HelmChartContainer - [hivemq-test-hivemq-platform] [hivemq-platform-operator] [1c9a621b] 20:45:55.460 [main] DEBUG io.smallrye.config - SRCFG01006: Loaded ConfigSource DefaultValuesConfigSource with ordinal -2147483648
2025-01-28 20:45:55,597 INFO c.h.h.t.HelmChartContainer - [hivemq-test-hivemq-platform] [hivemq-platform-operator] [1c9a621b] 20:45:55.596 [main] DEBUG i.m.c.u.i.l.InternalLoggerFactory - Using SLF4J as the default logging framework
2025-01-28 20:45:55,756 INFO c.h.h.t.HelmChartContainer - [hivemq-test-hivemq-platform] [hivemq-platform-operator] [1c9a621b] 20:45:55.696 [main] INFO  c.h.p.o.HiveMQPlatformOperatorApplication - HiveMQ Platform Operator 1.7.0-SNAPSHOT (commit: bebf408 on branch: HEAD) built on Sun Jan 26 20:47:47 UTC 2025
2025-01-28 20:45:55,757 INFO c.h.h.t.HelmChartContainer - [hivemq-test-hivemq-platform] [hivemq-platform-operator] [1c9a621b] 20:45:55.755 [main] INFO  c.h.p.o.HiveMQPlatformOperatorApplication - HiveMQ Platform Operator is running in namespace: helmdatahublicensesit-operator
2025-01-28 20:45:55,757 INFO c.h.h.t.HelmChartContainer - [hivemq-test-hivemq-platform] [hivemq-platform-operator] [1c9a621b] 20:45:55.755 [main] INFO  c.h.p.o.HiveMQPlatformOperatorApplication - Watching all namespaces
2025-01-28 20:45:55,757 INFO c.h.h.t.HelmChartContainer - [hivemq-test-hivemq-platform] [hivemq-platform-operator] [1c9a621b] 20:45:55.755 [main] INFO  c.h.p.o.HiveMQPlatformOperatorApplication - Log level: DEBUG
2025-01-28 20:45:55,757 INFO c.h.h.t.HelmChartContainer - [hivemq-test-hivemq-platform] [hivemq-platform-operator] [1c9a621b] 20:45:55.756 [main] INFO  c.h.p.o.HiveMQPlatformOperatorApplication - Release name: test-hivemq-platform-operator
2025-01-28 20:45:55,757 INFO c.h.h.t.HelmChartContainer - [hivemq-test-hivemq-platform] [hivemq-platform-operator] [1c9a621b] 20:45:55.756 [main] INFO  c.h.p.o.HiveMQPlatformOperatorApplication - HiveMQ Platform Operator Init image: docker.io/hivemq/hivemq-platform-operator-init-test:snapshot
2025-01-28 20:45:55,757 INFO c.h.h.t.HelmChartContainer - [hivemq-test-hivemq-platform] [hivemq-platform-operator] [1c9a621b] 20:45:55.756 [main] INFO  c.h.p.o.HiveMQPlatformOperatorApplication - HiveMQ Platform Operator Init App update URL: http://hivemq-platform-operator-test-hivemq-platform-operator.helmdatahublicensesit-operator.svc:8080/initAppUpdate/hivemq-platform-operator-init-app-1.7.0-SNAPSHOT.jar
2025-01-28 20:45:55,757 INFO c.h.h.t.HelmChartContainer - [hivemq-test-hivemq-platform] [hivemq-platform-operator] [1c9a621b] 20:45:55.756 [main] INFO  c.h.p.o.HiveMQPlatformOperatorApplication - Additional imagePullSecret for all Platform deployments: none
2025-01-28 20:45:55,757 INFO c.h.h.t.HelmChartContainer - [hivemq-test-hivemq-platform] [hivemq-platform-operator] [1c9a621b] 20:45:55.756 [main] INFO  c.h.p.o.HiveMQPlatformOperatorApplication - Apply HiveMQ Platform CRD: true
2025-01-28 20:45:55,757 INFO c.h.h.t.HelmChartContainer - [hivemq-test-hivemq-platform] [hivemq-platform-operator] [1c9a621b] 20:45:55.756 [main] INFO  c.h.p.o.HiveMQPlatformOperatorApplication - Create Platform ServiceAccount: true
2025-01-28 20:45:55,757 INFO c.h.h.t.HelmChartContainer - [hivemq-test-hivemq-platform] [hivemq-platform-operator] [1c9a621b] 20:45:55.756 [main] INFO  c.h.p.o.HiveMQPlatformOperatorApplication - Create Platform ServiceAccount permissions: true
2025-01-28 20:45:55,757 INFO c.h.h.t.HelmChartContainer - [hivemq-test-hivemq-platform] [hivemq-platform-operator] [1c9a621b] 20:45:55.756 [main] INFO  c.h.p.o.HiveMQPlatformOperatorApplication - Validate Platform ServiceAccount: true
2025-01-28 20:45:55,757 INFO c.h.h.t.HelmChartContainer - [hivemq-test-hivemq-platform] [hivemq-platform-operator] [1c9a621b] 20:45:55.756 [main] INFO  c.h.p.o.HiveMQPlatformOperatorApplication - Validate Platform ServiceAccount permissions: true
2025-01-28 20:45:55,904 INFO c.h.h.t.HelmChartContainer - [hivemq-test-hivemq-platform] [hivemq-platform-operator] [1c9a621b] 20:45:55.903 [main] INFO  c.h.platform.operator.util.CRDUtil - Verifying deployed HiveMQ Platform CRD...
2025-01-28 20:45:58,551 INFO c.h.h.t.HelmChartContainer - [hivemq-test-hivemq-platform] [hivemq-platform-operator] [1c9a621b] 20:45:58.550 [main] DEBUG c.h.platform.operator.util.CRDUtil - HiveMQ Platform CRD version v1 is up to date
2025-01-28 20:45:58,551 INFO c.h.h.t.HelmChartContainer - [hivemq-test-hivemq-platform] [hivemq-platform-operator] [1c9a621b] 20:45:58.550 [main] INFO  c.h.platform.operator.util.CRDUtil - HiveMQ Platform CRD is up to date (version: V1_6_0)
2025-01-28 20:45:58,552 INFO c.h.h.t.HelmChartContainer - [hivemq-test-hivemq-platform] [hivemq-platform-operator] [1c9a621b] 20:45:58.551 [main] INFO  c.h.platform.operator.util.CRDUtil - Waiting 10000 ms for HiveMQ Platform CRD 'hivemq-platforms.hivemq.com' to become ready...
2025-01-28 20:45:58,858 INFO c.h.h.t.HelmChartContainer - [hivemq-test-hivemq-platform] [hivemq-platform-operator] [1c9a621b] 20:45:58.857 [vert.x-eventloop-thread-1] DEBUG c.h.platform.operator.util.CRDUtil - Checking CRD condition 'NamesAccepted' (status: 'True')
2025-01-28 20:45:58,859 INFO c.h.h.t.HelmChartContainer - [hivemq-test-hivemq-platform] [hivemq-platform-operator] [1c9a621b] 20:45:58.858 [vert.x-eventloop-thread-1] DEBUG c.h.platform.operator.util.CRDUtil - Checking CRD condition 'Established' (status: 'True')
2025-01-28 20:45:58,890 INFO c.h.h.t.HelmChartContainer - [hivemq-test-hivemq-platform] [hivemq-platform-operator] [1c9a621b] 20:45:58.889 [main] INFO  c.h.platform.operator.util.CRDUtil - HiveMQ Platform CRD 'hivemq-platforms.hivemq.com' is ready
2025-01-28 20:45:59,060 INFO c.h.h.t.HelmChartContainer - [hivemq-test-hivemq-platform] [hivemq-platform-operator] [1c9a621b] 20:45:59.059 [main] INFO  c.h.p.o.HiveMQPlatformReconciler - HiveMQ Platform Operator is starting...
2025-01-28 20:45:59,191 INFO c.h.h.t.HelmChartContainer - [hivemq-test-hivemq-platform] [hivemq-platform-operator] [1c9a621b] 20:45:59.189 [main] WARN  Default ConfigurationService implementation - Configuration for reconciler 'hivemq-controller' was not found. Known reconcilers: None.
2025-01-28 20:45:59,198 INFO c.h.h.t.HelmChartContainer - [hivemq-test-hivemq-platform] [hivemq-platform-operator] [1c9a621b] 20:45:59.197 [main] INFO  Default ConfigurationService implementation - Created configuration for reconciler com.hivemq.platform.operator.HiveMQPlatformReconciler with name hivemq-controller
2025-01-28 20:45:59,301 INFO c.h.h.t.HelmChartContainer - [hivemq-test-hivemq-platform] [hivemq-platform-operator] [1c9a621b] 20:45:59.299 [main] DEBUG c.h.p.o.HiveMQPlatformReconciler - HiveMQ Platform Operator is preparing EventSources
2025-01-28 20:45:59,391 INFO c.h.h.t.HelmChartContainer - [hivemq-test-hivemq-platform] [hivemq-platform-operator] [1c9a621b] 20:45:59.390 [main] INFO  i.javaoperatorsdk.operator.Operator - Registered reconciler: 'hivemq-controller' for resource: 'class com.hivemq.platform.operator.v1.HiveMQPlatform' for namespace(s): [all namespaces]
2025-01-28 20:45:59,956 INFO c.h.h.t.HelmChartContainer - [hivemq-test-hivemq-platform] [hivemq-platform-operator] [1c9a621b] 20:45:59.955 [main] INFO  c.h.p.operator.webserver.JettyServer - Starting Jetty server on port 8080
2025-01-28 20:46:00,050 INFO c.h.h.t.HelmChartContainer - [hivemq-test-hivemq-platform] [hivemq-platform-operator] [1c9a621b] 20:46:00.002 [main] INFO  i.javaoperatorsdk.operator.Operator - Operator SDK 4.9.7 (commit: 2133d28) built on Wed Nov 20 12:56:20 UTC 2024 starting...
2025-01-28 20:46:00,051 INFO c.h.h.t.HelmChartContainer - [hivemq-test-hivemq-platform] [hivemq-platform-operator] [1c9a621b] 20:46:00.049 [main] INFO  i.javaoperatorsdk.operator.Operator - Client version: 6.13.4
2025-01-28 20:46:00,052 INFO c.h.h.t.HelmChartContainer - [hivemq-test-hivemq-platform] [hivemq-platform-operator] [1c9a621b] 20:46:00.051 [Controller Starter for: hivemq-controller] INFO  i.j.operator.processing.Controller - Starting 'hivemq-controller' controller for reconciler: com.hivemq.platform.operator.HiveMQPlatformReconciler, resource: com.hivemq.platform.operator.v1.HiveMQPlatform
2025-01-28 20:46:02,394 INFO c.h.h.t.HelmChartContainer - [hivemq-test-hivemq-platform] [hivemq-platform-operator] [1c9a621b] 20:46:02.393 [Controller Starter for: hivemq-controller] INFO  i.j.operator.processing.Controller - 'hivemq-controller' controller started
2025-01-28 20:46:02,394 INFO c.h.h.t.HelmChartContainer - [hivemq-test-hivemq-platform] [hivemq-platform-operator] [1c9a621b] 20:46:02.393 [main] INFO  c.h.p.o.HiveMQPlatformOperatorApplication - HiveMQ Platform Operator 1.7.0-SNAPSHOT started in 6696 ms
2025-01-28 20:46:03,520 INFO c.h.h.t.HelmChartContainer - [POD] hivemq-test-hivemq-platform-operator-6966f96d65-wsn7k [1c9a621b-1398-455b-a634-e0907db98c85] in helmdatahublicensesit-operator was MODIFIED
2025-01-28 20:46:03,525 INFO c.h.h.t.HelmChartContainer - [K3S] [replica_set.go:679] "Finished syncing" kind="ReplicaSet" key="helmdatahublicensesit-operator/hivemq-test-hivemq-platform-operator-6966f96d65" duration="12.750661ms"
2025-01-28 20:46:03,525 INFO c.h.h.t.HelmChartContainer - [K3S] [replica_set.go:679] "Finished syncing" kind="ReplicaSet" key="helmdatahublicensesit-operator/hivemq-test-hivemq-platform-operator-6966f96d65" duration="37.52µs"
2025-01-28 20:46:04,202 INFO c.h.h.testcontainer.LogWaiterUtil - TEST Waiting for log pattern on 'test-hivemq-platform-0': .*License file dataHub.plic is corrupt.
2025-01-28 20:46:04,268 DEBUG c.h.h.t.HelmChartContainer - Executing helm command: /bin/helm --kubeconfig /etc/rancher/k3s/k3s.yaml install test-hivemq-platform /charts/hivemq-platform --wait --timeout 5m0s --set image.repository=docker.io/hivemq --set image.tag=4.36.0 --set image.pullPolicy=Never --set nodes.resources.cpu=512m --set nodes.replicaCount=1 --set license.name=test-data-hub-license --namespace helmdatahublicensesit
2025-01-28 20:46:04,555 INFO c.h.h.t.HelmChartContainer - [hivemq-test-hivemq-platform] [hivemq-platform-operator] [1c9a621b] 20:46:04.553 [-373097727-pool-1-thread-2] WARN  i.m.p.PrometheusMeterRegistry - The meter (MeterId{name='operator.sdk.events.received', tags=[tag(action=ADDED),tag(event=ResourceEvent),tag(group=hivemq.com),tag(kind=HiveMQPlatform),tag(name=test-hivemq-platform),tag(namespace=helmdatahublicensesit),tag(scope=namespace),tag(version=v1)]}) registration has failed: Prometheus requires that all meters with the same name have the same set of tag keys. There is already an existing meter named 'operator.sdk.events.received' containing tag keys [event, group, kind, name, namespace, scope, version]. The meter you are attempting to register has keys [action, event, group, kind, name, namespace, scope, version]. Note that subsequent logs will be logged at debug level.
2025-01-28 20:46:04,994 INFO c.h.h.t.HelmChartContainer - [hivemq-test-hivemq-platform] [hivemq-platform-operator] [1c9a621b] 20:46:04.993 [pool-6-thread-3] DEBUG c.h.p.o.dependants.PodInfoConfigMap - [helmdata] Desired PodInfo ConfigMap (1 extensions) (1 enabled)
2025-01-28 20:46:04,994 INFO c.h.h.t.HelmChartContainer - [hivemq-test-hivemq-platform] [hivemq-platform-operator] [1c9a621b] 20:46:04.993 [pool-6-thread-3] DEBUG c.h.p.o.dependants.PodInfoConfigMap - [helmdata] Desired PodInfo ConfigMap (metrics port: 9399) (metrics path: /)
2025-01-28 20:46:04,995 INFO c.h.h.t.HelmChartContainer - [hivemq-test-hivemq-platform] [hivemq-platform-operator] [1c9a621b] 20:46:04.993 [pool-6-thread-3] DEBUG c.h.p.o.dependants.PodInfoConfigMap - [helmdata] Desired PodInfo ConfigMap (extension state hash: -1817474005)
2025-01-28 20:46:04,997 INFO c.h.h.t.HelmChartContainer - [hivemq-test-hivemq-platform] [hivemq-platform-operator] [1c9a621b] 20:46:04.995 [pool-6-thread-3] DEBUG c.h.p.o.dependants.PodInfoConfigMap - [helmdata] Create PodInfo ConfigMap
2025-01-28 20:46:05,099 INFO c.h.h.t.HelmChartContainer - [hivemq-test-hivemq-platform] [hivemq-platform-operator] [1c9a621b] 20:46:05.098 [pool-6-thread-5] DEBUG c.h.p.o.dependants.PodRoleResource - [helmdata] Create Role: Role(apiVersion=rbac.authorization.k8s.io/v1, kind=Role, metadata=ObjectMeta(annotations={meta.helm.sh/release-name=test-hivemq-platform, meta.helm.sh/release-namespace=helmdatahublicensesit}, creationTimestamp=null, deletionGracePeriodSeconds=null, deletionTimestamp=null, finalizers=[], generateName=null, generation=null, labels={helm.sh/chart=hivemq-platform-0.2.32, app.kubernetes.io/managed-by=Helm, app.kubernetes.io/name=hivemq-platform, hivemq-platform=test-hivemq-platform, app.kubernetes.io/instance=test-hivemq-platform, app.kubernetes.io/version=4.36.0}, managedFields=[], name=hivemq-platform-role-test-hivemq-platform, namespace=helmdatahublicensesit, ownerReferences=[OwnerReference(apiVersion=hivemq.com/v1, blockOwnerDeletion=null, controller=null, kind=HiveMQPlatform, name=test-hivemq-platform, uid=813d4c3c-dd2d-4471-8781-3bfc82ba7b1e, additionalProperties={})], resourceVersion=null, selfLink=null, uid=null, additionalProperties={}), rules=[PolicyRule(apiGroups=[], nonResourceURLs=[], resourceNames=[], resources=[pods], verbs=[get, patch, update], additionalProperties={})], additionalProperties={})
2025-01-28 20:46:05,295 INFO c.h.h.t.HelmChartContainer - [hivemq-test-hivemq-platform] [hivemq-platform-operator] [1c9a621b] 20:46:05.290 [pool-6-thread-7] DEBUG c.h.p.o.d.PodServiceAccountResource - [helmdata] Desired PodServiceAccountResource (serviceAccountName: hivemq-platform-pod-test-hivemq-platform)
2025-01-28 20:46:05,296 INFO c.h.h.t.HelmChartContainer - [hivemq-test-hivemq-platform] [hivemq-platform-operator] [1c9a621b] 20:46:05.291 [pool-6-thread-7] DEBUG c.h.p.o.d.PodServiceAccountResource - [helmdata] Create ServiceAccount 'hivemq-platform-pod-test-hivemq-platform'
2025-01-28 20:46:05,451 INFO c.h.h.t.HelmChartContainer - [hivemq-test-hivemq-platform] [hivemq-platform-operator] [1c9a621b] 20:46:05.450 [pool-6-thread-9] DEBUG c.h.p.o.d.PodRoleBindingResource - [helmdata] Create RoleBinding: RoleBinding(apiVersion=rbac.authorization.k8s.io/v1, kind=RoleBinding, metadata=ObjectMeta(annotations={meta.helm.sh/release-name=test-hivemq-platform, meta.helm.sh/release-namespace=helmdatahublicensesit}, creationTimestamp=null, deletionGracePeriodSeconds=null, deletionTimestamp=null, finalizers=[], generateName=null, generation=null, labels={helm.sh/chart=hivemq-platform-0.2.32, app.kubernetes.io/managed-by=Helm, app.kubernetes.io/name=hivemq-platform, hivemq-platform=test-hivemq-platform, app.kubernetes.io/instance=test-hivemq-platform, app.kubernetes.io/version=4.36.0}, managedFields=[], name=hivemq-platform-role-binding-test-hivemq-platform, namespace=helmdatahublicensesit, ownerReferences=[OwnerReference(apiVersion=hivemq.com/v1, blockOwnerDeletion=null, controller=null, kind=HiveMQPlatform, name=test-hivemq-platform, uid=813d4c3c-dd2d-4471-8781-3bfc82ba7b1e, additionalProperties={})], resourceVersion=null, selfLink=null, uid=null, additionalProperties={}), roleRef=RoleRef(apiGroup=rbac.authorization.k8s.io, kind=Role, name=hivemq-platform-role-test-hivemq-platform, additionalProperties={}), subjects=[Subject(apiGroup=null, kind=ServiceAccount, name=hivemq-platform-pod-test-hivemq-platform, namespace=helmdatahublicensesit, additionalProperties={})], additionalProperties={})
2025-01-28 20:46:05,467 INFO c.h.h.t.HelmChartContainer - [hivemq-test-hivemq-platform] [hivemq-platform-operator] [1c9a621b] 20:46:05.466 [ReconcilerExecutor-hivemq-controller-53] INFO  c.h.p.o.HiveMQPlatformReconciler - [helmdata] Reconciling HiveMQ Platform 'test-hivemq-platform' in namespace 'helmdatahublicensesit'
2025-01-28 20:46:05,467 INFO c.h.h.t.HelmChartContainer - [hivemq-test-hivemq-platform] [hivemq-platform-operator] [1c9a621b] 20:46:05.467 [ReconcilerExecutor-hivemq-controller-53] DEBUG c.h.p.o.HiveMQPlatformReconciler - [helmdata] Custom Resource Status CREATED - HiveMQ Platform was created (READY)
2025-01-28 20:46:05,468 INFO c.h.h.t.HelmChartContainer - [hivemq-test-hivemq-platform] [hivemq-platform-operator] [1c9a621b] 20:46:05.467 [ReconcilerExecutor-hivemq-controller-53] DEBUG c.h.p.o.HiveMQPlatformReconciler - [helmdata] Custom Resource Spec (replicas: 1) (extensions: 1)
2025-01-28 20:46:05,491 INFO c.h.h.t.HelmChartContainer - [hivemq-test-hivemq-platform] [hivemq-platform-operator] [1c9a621b] 20:46:05.490 [ReconcilerExecutor-hivemq-controller-53] INFO  c.h.p.o.h.HiveMQPlatformReconcilerBaseHandler - [helmdata] HiveMQ Platform is starting
2025-01-28 20:46:05,597 INFO c.h.h.t.HelmChartContainer - [hivemq-test-hivemq-platform] [hivemq-platform-operator] [1c9a621b] 20:46:05.596 [ReconcilerExecutor-hivemq-controller-53] DEBUG c.h.p.operator.event.EventSender - [helmdata] Creating K8s event hivemq-platform-starting: [Start] HiveMQ Platform is starting
2025-01-28 20:46:05,605 INFO c.h.h.t.HelmChartContainer - [EVENT] Normal [Start] HiveMQ Platform is starting [helmdatahublicensesit:test-hivemq-platform]
2025-01-28 20:46:05,654 INFO c.h.h.t.HelmChartContainer - [hivemq-test-hivemq-platform] [hivemq-platform-operator] [1c9a621b] 20:46:05.653 [ReconcilerExecutor-hivemq-controller-53] INFO  c.h.p.o.h.AbstractHiveMQReconcilerStateHandler - [helmdata] Update HiveMQ Platform Status (CREATED [READY] -> STARTING [READY]): HiveMQ Platform is starting
2025-01-28 20:46:05,697 DEBUG com.hivemq.helmcharts.util.K8sUtil - Comparing actual state 'STARTING' and waiting for 'RUNNING'
2025-01-28 20:46:15,709 INFO c.h.h.t.HelmChartContainer - [hivemq-test-hivemq-platform] [hivemq-platform-operator] [1c9a621b] 20:46:15.708 [pool-6-thread-12] DEBUG c.h.p.o.d.PlatformServiceResource - [helmdata] Desired Platform services (3 services)
2025-01-28 20:46:15,711 INFO c.h.h.t.HelmChartContainer - [hivemq-test-hivemq-platform] [hivemq-platform-operator] [1c9a621b] 20:46:15.709 [pool-6-thread-13] DEBUG c.h.p.o.dependants.PodInfoConfigMap - [helmdata] Desired PodInfo ConfigMap (1 extensions) (1 enabled)
2025-01-28 20:46:15,712 INFO c.h.h.t.HelmChartContainer - [hivemq-test-hivemq-platform] [hivemq-platform-operator] [1c9a621b] 20:46:15.710 [pool-6-thread-13] DEBUG c.h.p.o.dependants.PodInfoConfigMap - [helmdata] Desired PodInfo ConfigMap (metrics port: 9399) (metrics path: /)
2025-01-28 20:46:15,712 INFO c.h.h.t.HelmChartContainer - [hivemq-test-hivemq-platform] [hivemq-platform-operator] [1c9a621b] 20:46:15.710 [pool-6-thread-13] DEBUG c.h.p.o.dependants.PodInfoConfigMap - [helmdata] Desired PodInfo ConfigMap (extension state hash: -1817474005)
2025-01-28 20:46:15,715 INFO c.h.h.t.HelmChartContainer - [hivemq-test-hivemq-platform] [hivemq-platform-operator] [1c9a621b] 20:46:15.714 [pool-6-thread-17] DEBUG c.h.p.o.d.PodServiceAccountResource - [helmdata] Desired PodServiceAccountResource (serviceAccountName: hivemq-platform-pod-test-hivemq-platform)
2025-01-28 20:46:15,719 INFO c.h.h.t.HelmChartContainer - [hivemq-test-hivemq-platform] [hivemq-platform-operator] [1c9a621b] 20:46:15.719 [pool-6-thread-13] DEBUG c.h.p.o.dependants.PodInfoConfigMap - [helmdata] Update PodInfo ConfigMap
2025-01-28 20:46:15,757 INFO c.h.h.t.HelmChartContainer - [K3S] [alloc.go:330] "allocated clusterIPs" service="helmdatahublicensesit/hivemq-test-hivemq-platform-metrics-9399" clusterIPs={"IPv4":"10.43.4.9"}
2025-01-28 20:46:15,805 INFO c.h.h.t.HelmChartContainer - [K3S] [alloc.go:330] "allocated clusterIPs" service="helmdatahublicensesit/hivemq-test-hivemq-platform-mqtt-1883" clusterIPs={"IPv4":"10.43.233.85"}
2025-01-28 20:46:15,895 INFO c.h.h.t.HelmChartContainer - [K3S] [alloc.go:330] "allocated clusterIPs" service="helmdatahublicensesit/hivemq-test-hivemq-platform-cc-8080" clusterIPs={"IPv4":"10.43.172.1"}
2025-01-28 20:46:15,902 INFO c.h.h.t.HelmChartContainer - [hivemq-test-hivemq-platform] [hivemq-platform-operator] [1c9a621b] 20:46:15.900 [pool-6-thread-20] DEBUG c.h.p.o.d.StatefulSetResource - [helmdata] Desired StatefulSet (1 replicas) for status STARTING (READY)
2025-01-28 20:46:15,991 INFO c.h.h.t.HelmChartContainer - [hivemq-test-hivemq-platform] [hivemq-platform-operator] [1c9a621b] 20:46:15.990 [pool-6-thread-20] DEBUG c.h.p.o.d.StatefulSetResource - [helmdata] Create StatefulSet
2025-01-28 20:46:16,019 INFO c.h.h.t.HelmChartContainer - [POD] test-hivemq-platform-0 [421c3ebb-1f65-4feb-8b9a-af433aed6d97] in helmdatahublicensesit was ADDED
2025-01-28 20:46:16,020 INFO c.h.h.t.HelmChartContainer - [EVENT] Normal [SuccessfulCreate] create Pod test-hivemq-platform-0 in StatefulSet test-hivemq-platform successful [helmdatahublicensesit:test-hivemq-platform]
2025-01-28 20:46:16,025 INFO c.h.h.t.HelmChartContainer - [EVENT] Normal [Scheduled] Successfully assigned helmdatahublicensesit/test-hivemq-platform-0 to a8d56fe6a469 [helmdatahublicensesit:test-hivemq-platform-0]
2025-01-28 20:46:16,027 INFO c.h.h.t.HelmChartContainer - [POD] test-hivemq-platform-0 [421c3ebb-1f65-4feb-8b9a-af433aed6d97] in helmdatahublicensesit was MODIFIED
2025-01-28 20:46:16,037 INFO c.h.h.t.HelmChartContainer - [POD] test-hivemq-platform-0 [421c3ebb-1f65-4feb-8b9a-af433aed6d97] in helmdatahublicensesit was MODIFIED
2025-01-28 20:46:16,101 INFO c.h.h.t.HelmChartContainer - [hivemq-test-hivemq-platform] [hivemq-platform-operator] [1c9a621b] 20:46:16.096 [ReconcilerExecutor-hivemq-controller-64] INFO  c.h.p.o.HiveMQPlatformReconciler - [helmdata] Reconciling HiveMQ Platform 'test-hivemq-platform' in namespace 'helmdatahublicensesit'
2025-01-28 20:46:16,102 INFO c.h.h.t.HelmChartContainer - [hivemq-test-hivemq-platform] [hivemq-platform-operator] [1c9a621b] 20:46:16.097 [ReconcilerExecutor-hivemq-controller-64] DEBUG c.h.p.o.HiveMQPlatformReconciler - [helmdata] Custom Resource Status STARTING - HiveMQ Platform is starting (READY)
2025-01-28 20:46:16,102 INFO c.h.h.t.HelmChartContainer - [hivemq-test-hivemq-platform] [hivemq-platform-operator] [1c9a621b] 20:46:16.097 [ReconcilerExecutor-hivemq-controller-64] DEBUG c.h.p.o.HiveMQPlatformReconciler - [helmdata] Custom Resource Spec (replicas: 1) (extensions: 1)
2025-01-28 20:46:16,102 INFO c.h.h.t.HelmChartContainer - [hivemq-test-hivemq-platform] [hivemq-platform-operator] [1c9a621b] 20:46:16.102 [ReconcilerExecutor-hivemq-controller-64] DEBUG c.h.p.o.HiveMQPlatformReconciler - [helmdata] StatefulSet Status (revision: test-hivemq-platform-fdf777cf6, replicas: 0, available: 0, ready: 0, current: 0, updated: 0)
2025-01-28 20:46:16,103 INFO c.h.h.t.HelmChartContainer - [hivemq-test-hivemq-platform] [hivemq-platform-operator] [1c9a621b] 20:46:16.103 [ReconcilerExecutor-hivemq-controller-64] DEBUG c.h.p.o.HiveMQPlatformReconciler - [helmdata] StatefulSet Spec (replicas: 1, init containers: 1, containers: 1, volumes: 4)
2025-01-28 20:46:16,113 INFO c.h.h.t.HelmChartContainer - [K3S] [reconciler_common.go:251] "operationExecutor.VerifyControllerAttachedVolume started for volume \"operator-init\" (UniqueName: \"kubernetes.io/empty-dir/421c3ebb-1f65-4feb-8b9a-af433aed6d97-operator-init\") pod \"test-hivemq-platform-0\" (UID: \"421c3ebb-1f65-4feb-8b9a-af433aed6d97\") " pod="helmdatahublicensesit/test-hivemq-platform-0"
2025-01-28 20:46:16,113 INFO c.h.h.t.HelmChartContainer - [K3S] [reconciler_common.go:251] "operationExecutor.VerifyControllerAttachedVolume started for volume \"kube-api-access-sjm2z\" (UniqueName: \"kubernetes.io/projected/421c3ebb-1f65-4feb-8b9a-af433aed6d97-kube-api-access-sjm2z\") pod \"test-hivemq-platform-0\" (UID: \"421c3ebb-1f65-4feb-8b9a-af433aed6d97\") " pod="helmdatahublicensesit/test-hivemq-platform-0"
2025-01-28 20:46:16,113 INFO c.h.h.t.HelmChartContainer - [K3S] [reconciler_common.go:251] "operationExecutor.VerifyControllerAttachedVolume started for volume \"broker-configuration\" (UniqueName: \"kubernetes.io/configmap/421c3ebb-1f65-4feb-8b9a-af433aed6d97-broker-configuration\") pod \"test-hivemq-platform-0\" (UID: \"421c3ebb-1f65-4feb-8b9a-af433aed6d97\") " pod="helmdatahublicensesit/test-hivemq-platform-0"
2025-01-28 20:46:16,113 INFO c.h.h.t.HelmChartContainer - [K3S] [reconciler_common.go:251] "operationExecutor.VerifyControllerAttachedVolume started for volume \"licenses\" (UniqueName: \"kubernetes.io/secret/421c3ebb-1f65-4feb-8b9a-af433aed6d97-licenses\") pod \"test-hivemq-platform-0\" (UID: \"421c3ebb-1f65-4feb-8b9a-af433aed6d97\") " pod="helmdatahublicensesit/test-hivemq-platform-0"
2025-01-28 20:46:16,113 INFO c.h.h.t.HelmChartContainer - [K3S] [reconciler_common.go:251] "operationExecutor.VerifyControllerAttachedVolume started for volume \"pod-info\" (UniqueName: \"kubernetes.io/configmap/421c3ebb-1f65-4feb-8b9a-af433aed6d97-pod-info\") pod \"test-hivemq-platform-0\" (UID: \"421c3ebb-1f65-4feb-8b9a-af433aed6d97\") " pod="helmdatahublicensesit/test-hivemq-platform-0"
2025-01-28 20:46:16,199 INFO c.h.h.t.HelmChartContainer - [hivemq-test-hivemq-platform] [hivemq-platform-operator] [1c9a621b] 20:46:16.198 [ReconcilerExecutor-hivemq-controller-64] DEBUG c.h.p.o.h.HiveMQPlatformReconcilerErrorHandler - [helmdata] Pod 'test-hivemq-platform-0' phase Pending
2025-01-28 20:46:16,199 INFO c.h.h.t.HelmChartContainer - [hivemq-test-hivemq-platform] [hivemq-platform-operator] [1c9a621b] 20:46:16.198 [ReconcilerExecutor-hivemq-controller-64] DEBUG c.h.p.o.h.HiveMQPlatformReconcilerErrorHandler - [helmdata] Pod 'test-hivemq-platform-0' condition 'PodReadyToStartContainers': False
2025-01-28 20:46:16,200 INFO c.h.h.t.HelmChartContainer - [hivemq-test-hivemq-platform] [hivemq-platform-operator] [1c9a621b] 20:46:16.199 [ReconcilerExecutor-hivemq-controller-64] DEBUG c.h.p.o.h.HiveMQPlatformReconcilerErrorHandler - [helmdata] Pod 'test-hivemq-platform-0' condition 'Initialized': False
2025-01-28 20:46:16,201 INFO c.h.h.t.HelmChartContainer - [hivemq-test-hivemq-platform] [hivemq-platform-operator] [1c9a621b] 20:46:16.199 [ReconcilerExecutor-hivemq-controller-64] DEBUG c.h.p.o.h.HiveMQPlatformReconcilerErrorHandler - [helmdata] Pod 'test-hivemq-platform-0' condition 'Ready': False
2025-01-28 20:46:16,201 INFO c.h.h.t.HelmChartContainer - [hivemq-test-hivemq-platform] [hivemq-platform-operator] [1c9a621b] 20:46:16.199 [ReconcilerExecutor-hivemq-controller-64] DEBUG c.h.p.o.h.HiveMQPlatformReconcilerErrorHandler - [helmdata] Pod 'test-hivemq-platform-0' condition 'ContainersReady': False
2025-01-28 20:46:16,201 INFO c.h.h.t.HelmChartContainer - [hivemq-test-hivemq-platform] [hivemq-platform-operator] [1c9a621b] 20:46:16.199 [ReconcilerExecutor-hivemq-controller-64] DEBUG c.h.p.o.h.HiveMQPlatformReconcilerErrorHandler - [helmdata] Pod 'test-hivemq-platform-0' condition 'PodScheduled': True
2025-01-28 20:46:16,201 INFO c.h.h.t.HelmChartContainer - [hivemq-test-hivemq-platform] [hivemq-platform-operator] [1c9a621b] 20:46:16.199 [ReconcilerExecutor-hivemq-controller-64] DEBUG c.h.p.o.h.HiveMQPlatformReconcilerErrorHandler - [helmdata] Pod 'test-hivemq-platform-0' containerStatus 'hivemq' (started: false) (ready: false) (waiting: [PodInitializing] null)
2025-01-28 20:46:16,202 INFO c.h.h.t.HelmChartContainer - [hivemq-test-hivemq-platform] [hivemq-platform-operator] [1c9a621b] 20:46:16.201 [ReconcilerExecutor-hivemq-controller-64] INFO  c.h.p.o.h.HiveMQPlatformReconcilerBaseHandler - [helmdata] HiveMQ Platform is starting, 0 of 1 replicas are ready
2025-01-28 20:46:16,293 INFO c.h.h.t.HelmChartContainer - [hivemq-test-hivemq-platform] [hivemq-platform-operator] [1c9a621b] 20:46:16.289 [pool-6-thread-22] DEBUG c.h.p.o.d.PlatformServiceResource - [helmdata] Desired Platform services (3 services)
2025-01-28 20:46:16,293 INFO c.h.h.t.HelmChartContainer - [hivemq-test-hivemq-platform] [hivemq-platform-operator] [1c9a621b] 20:46:16.291 [pool-6-thread-23] DEBUG c.h.p.o.dependants.PodInfoConfigMap - [helmdata] Desired PodInfo ConfigMap (1 extensions) (1 enabled)
2025-01-28 20:46:16,293 INFO c.h.h.t.HelmChartContainer - [hivemq-test-hivemq-platform] [hivemq-platform-operator] [1c9a621b] 20:46:16.291 [pool-6-thread-23] DEBUG c.h.p.o.dependants.PodInfoConfigMap - [helmdata] Desired PodInfo ConfigMap (metrics port: 9399) (metrics path: /)
2025-01-28 20:46:16,293 INFO c.h.h.t.HelmChartContainer - [hivemq-test-hivemq-platform] [hivemq-platform-operator] [1c9a621b] 20:46:16.291 [pool-6-thread-23] DEBUG c.h.p.o.dependants.PodInfoConfigMap - [helmdata] Desired PodInfo ConfigMap (extension state hash: -1817474005)
2025-01-28 20:46:16,295 INFO c.h.h.t.HelmChartContainer - [hivemq-test-hivemq-platform] [hivemq-platform-operator] [1c9a621b] 20:46:16.295 [pool-6-thread-27] DEBUG c.h.p.o.d.PodServiceAccountResource - [helmdata] Desired PodServiceAccountResource (serviceAccountName: hivemq-platform-pod-test-hivemq-platform)
2025-01-28 20:46:16,302 INFO c.h.h.t.HelmChartContainer - [hivemq-test-hivemq-platform] [hivemq-platform-operator] [1c9a621b] 20:46:16.301 [pool-6-thread-30] DEBUG c.h.p.o.d.StatefulSetResource - [helmdata] Desired StatefulSet (1 replicas) for status STARTING (READY)
2025-01-28 20:46:16,397 INFO c.h.h.t.HelmChartContainer - [hivemq-test-hivemq-platform] [hivemq-platform-operator] [1c9a621b] 20:46:16.396 [ReconcilerExecutor-hivemq-controller-75] INFO  c.h.p.o.HiveMQPlatformReconciler - [helmdata] Reconciling HiveMQ Platform 'test-hivemq-platform' in namespace 'helmdatahublicensesit'
2025-01-28 20:46:16,399 INFO c.h.h.t.HelmChartContainer - [hivemq-test-hivemq-platform] [hivemq-platform-operator] [1c9a621b] 20:46:16.396 [ReconcilerExecutor-hivemq-controller-75] DEBUG c.h.p.o.HiveMQPlatformReconciler - [helmdata] Custom Resource Status STARTING - HiveMQ Platform is starting (READY)
2025-01-28 20:46:16,399 INFO c.h.h.t.HelmChartContainer - [hivemq-test-hivemq-platform] [hivemq-platform-operator] [1c9a621b] 20:46:16.397 [ReconcilerExecutor-hivemq-controller-75] DEBUG c.h.p.o.HiveMQPlatformReconciler - [helmdata] Custom Resource Spec (replicas: 1) (extensions: 1)
2025-01-28 20:46:16,403 INFO c.h.h.t.HelmChartContainer - [hivemq-test-hivemq-platform] [hivemq-platform-operator] [1c9a621b] 20:46:16.401 [ReconcilerExecutor-hivemq-controller-75] DEBUG c.h.p.o.HiveMQPlatformReconciler - [helmdata] StatefulSet Status (revision: test-hivemq-platform-fdf777cf6, replicas: 1, available: 0, ready: 0, current: 1, updated: 1)
2025-01-28 20:46:16,403 INFO c.h.h.t.HelmChartContainer - [hivemq-test-hivemq-platform] [hivemq-platform-operator] [1c9a621b] 20:46:16.401 [ReconcilerExecutor-hivemq-controller-75] DEBUG c.h.p.o.HiveMQPlatformReconciler - [helmdata] StatefulSet Spec (replicas: 1, init containers: 1, containers: 1, volumes: 4)
2025-01-28 20:46:16,405 INFO c.h.h.t.HelmChartContainer - [hivemq-test-hivemq-platform] [hivemq-platform-operator] [1c9a621b] 20:46:16.403 [ReconcilerExecutor-hivemq-controller-75] DEBUG c.h.p.o.h.HiveMQPlatformReconcilerErrorHandler - [helmdata] Pod 'test-hivemq-platform-0' phase Pending
2025-01-28 20:46:16,406 INFO c.h.h.t.HelmChartContainer - [hivemq-test-hivemq-platform] [hivemq-platform-operator] [1c9a621b] 20:46:16.403 [ReconcilerExecutor-hivemq-controller-75] DEBUG c.h.p.o.h.HiveMQPlatformReconcilerErrorHandler - [helmdata] Pod 'test-hivemq-platform-0' condition 'PodReadyToStartContainers': False
2025-01-28 20:46:16,406 INFO c.h.h.t.HelmChartContainer - [hivemq-test-hivemq-platform] [hivemq-platform-operator] [1c9a621b] 20:46:16.403 [ReconcilerExecutor-hivemq-controller-75] DEBUG c.h.p.o.h.HiveMQPlatformReconcilerErrorHandler - [helmdata] Pod 'test-hivemq-platform-0' condition 'Initialized': False
2025-01-28 20:46:16,406 INFO c.h.h.t.HelmChartContainer - [hivemq-test-hivemq-platform] [hivemq-platform-operator] [1c9a621b] 20:46:16.403 [ReconcilerExecutor-hivemq-controller-75] DEBUG c.h.p.o.h.HiveMQPlatformReconcilerErrorHandler - [helmdata] Pod 'test-hivemq-platform-0' condition 'Ready': False
2025-01-28 20:46:16,406 INFO c.h.h.t.HelmChartContainer - [hivemq-test-hivemq-platform] [hivemq-platform-operator] [1c9a621b] 20:46:16.403 [ReconcilerExecutor-hivemq-controller-75] DEBUG c.h.p.o.h.HiveMQPlatformReconcilerErrorHandler - [helmdata] Pod 'test-hivemq-platform-0' condition 'ContainersReady': False
2025-01-28 20:46:16,406 INFO c.h.h.t.HelmChartContainer - [hivemq-test-hivemq-platform] [hivemq-platform-operator] [1c9a621b] 20:46:16.403 [ReconcilerExecutor-hivemq-controller-75] DEBUG c.h.p.o.h.HiveMQPlatformReconcilerErrorHandler - [helmdata] Pod 'test-hivemq-platform-0' condition 'PodScheduled': True
2025-01-28 20:46:16,406 INFO c.h.h.t.HelmChartContainer - [hivemq-test-hivemq-platform] [hivemq-platform-operator] [1c9a621b] 20:46:16.403 [ReconcilerExecutor-hivemq-controller-75] DEBUG c.h.p.o.h.HiveMQPlatformReconcilerErrorHandler - [helmdata] Pod 'test-hivemq-platform-0' containerStatus 'hivemq' (started: false) (ready: false) (waiting: [PodInitializing] null)
2025-01-28 20:46:16,407 INFO c.h.h.t.HelmChartContainer - [hivemq-test-hivemq-platform] [hivemq-platform-operator] [1c9a621b] 20:46:16.405 [ReconcilerExecutor-hivemq-controller-75] INFO  c.h.p.o.h.HiveMQPlatformReconcilerBaseHandler - [helmdata] HiveMQ Platform is starting, 0 of 1 replicas are ready
2025-01-28 20:46:16,424 INFO c.h.h.t.HelmChartContainer - [EVENT] Normal [Pulled] Container image "docker.io/hivemq/hivemq-platform-operator-init-test:snapshot" already present on machine [helmdatahublicensesit:test-hivemq-platform-0]
2025-01-28 20:46:16,537 INFO c.h.h.t.HelmChartContainer - [EVENT] Normal [Created] Created container: hivemq-platform-operator-init [helmdatahublicensesit:test-hivemq-platform-0]
2025-01-28 20:46:16,581 INFO c.h.h.t.HelmChartContainer - [EVENT] Normal [Started] Started container hivemq-platform-operator-init [helmdatahublicensesit:test-hivemq-platform-0]
2025-01-28 20:46:17,540 INFO c.h.h.t.HelmChartContainer - [EVENT] Normal [Pulled] Container image "docker.io/hivemq/hivemq4:4.36.0" already present on machine [helmdatahublicensesit:test-hivemq-platform-0]
2025-01-28 20:46:17,540 INFO c.h.h.t.HelmChartContainer - Received Pulled event for container hivemq in pod test-hivemq-platform-0 [421c3ebb-1f65-4feb-8b9a-af433aed6d97]
2025-01-28 20:46:17,549 INFO c.h.h.t.HelmChartContainer - [POD] test-hivemq-platform-0 [421c3ebb-1f65-4feb-8b9a-af433aed6d97] in helmdatahublicensesit was MODIFIED
2025-01-28 20:46:17,586 INFO c.h.h.t.HelmChartContainer - [hivemq-test-hivemq-platform] [hivemq-platform-operator] [1c9a621b] 20:46:17.570 [pool-6-thread-32] DEBUG c.h.p.o.d.PlatformServiceResource - [helmdata] Desired Platform services (3 services)
2025-01-28 20:46:17,587 INFO c.h.h.t.HelmChartContainer - [hivemq-test-hivemq-platform] [hivemq-platform-operator] [1c9a621b] 20:46:17.573 [pool-6-thread-33] DEBUG c.h.p.o.dependants.PodInfoConfigMap - [helmdata] Desired PodInfo ConfigMap (1 extensions) (1 enabled)
2025-01-28 20:46:17,587 INFO c.h.h.t.HelmChartContainer - [hivemq-test-hivemq-platform] [hivemq-platform-operator] [1c9a621b] 20:46:17.573 [pool-6-thread-33] DEBUG c.h.p.o.dependants.PodInfoConfigMap - [helmdata] Desired PodInfo ConfigMap (metrics port: 9399) (metrics path: /)
2025-01-28 20:46:17,587 INFO c.h.h.t.HelmChartContainer - [hivemq-test-hivemq-platform] [hivemq-platform-operator] [1c9a621b] 20:46:17.573 [pool-6-thread-33] DEBUG c.h.p.o.dependants.PodInfoConfigMap - [helmdata] Desired PodInfo ConfigMap (extension state hash: -1817474005)
2025-01-28 20:46:17,592 INFO c.h.h.t.HelmChartContainer - [hivemq-test-hivemq-platform] [hivemq-platform-operator] [1c9a621b] 20:46:17.586 [pool-6-thread-37] DEBUG c.h.p.o.d.PodServiceAccountResource - [helmdata] Desired PodServiceAccountResource (serviceAccountName: hivemq-platform-pod-test-hivemq-platform)
2025-01-28 20:46:17,655 INFO c.h.h.t.HelmChartContainer - [hivemq-test-hivemq-platform] [hivemq-platform-operator] [1c9a621b] 20:46:17.652 [pool-6-thread-40] DEBUG c.h.p.o.d.StatefulSetResource - [helmdata] Desired StatefulSet (1 replicas) for status STARTING (READY)
2025-01-28 20:46:17,661 INFO c.h.h.t.HelmChartContainer - [hivemq-test-hivemq-platform] [hivemq-platform-operator] [1c9a621b] 20:46:17.659 [ReconcilerExecutor-hivemq-controller-86] INFO  c.h.p.o.HiveMQPlatformReconciler - [helmdata] Reconciling HiveMQ Platform 'test-hivemq-platform' in namespace 'helmdatahublicensesit'
2025-01-28 20:46:17,661 INFO c.h.h.t.HelmChartContainer - [hivemq-test-hivemq-platform] [hivemq-platform-operator] [1c9a621b] 20:46:17.660 [ReconcilerExecutor-hivemq-controller-86] DEBUG c.h.p.o.HiveMQPlatformReconciler - [helmdata] Custom Resource Status STARTING - HiveMQ Platform is starting (READY)
2025-01-28 20:46:17,661 INFO c.h.h.t.HelmChartContainer - [hivemq-test-hivemq-platform] [hivemq-platform-operator] [1c9a621b] 20:46:17.660 [ReconcilerExecutor-hivemq-controller-86] DEBUG c.h.p.o.HiveMQPlatformReconciler - [helmdata] Custom Resource Spec (replicas: 1) (extensions: 1)
2025-01-28 20:46:17,664 INFO c.h.h.t.HelmChartContainer - [hivemq-test-hivemq-platform] [hivemq-platform-operator] [1c9a621b] 20:46:17.663 [ReconcilerExecutor-hivemq-controller-86] DEBUG c.h.p.o.HiveMQPlatformReconciler - [helmdata] StatefulSet Status (revision: test-hivemq-platform-fdf777cf6, replicas: 1, available: 0, ready: 0, current: 1, updated: 1)
2025-01-28 20:46:17,664 INFO c.h.h.t.HelmChartContainer - [hivemq-test-hivemq-platform] [hivemq-platform-operator] [1c9a621b] 20:46:17.664 [ReconcilerExecutor-hivemq-controller-86] DEBUG c.h.p.o.HiveMQPlatformReconciler - [helmdata] StatefulSet Spec (replicas: 1, init containers: 1, containers: 1, volumes: 4)
2025-01-28 20:46:17,754 INFO c.h.h.t.HelmChartContainer - [hivemq-test-hivemq-platform] [hivemq-platform-operator] [1c9a621b] 20:46:17.750 [ReconcilerExecutor-hivemq-controller-86] DEBUG c.h.p.o.h.HiveMQPlatformReconcilerErrorHandler - [helmdata] Pod 'test-hivemq-platform-0' phase Pending
2025-01-28 20:46:17,755 INFO c.h.h.t.HelmChartContainer - [hivemq-test-hivemq-platform] [hivemq-platform-operator] [1c9a621b] 20:46:17.751 [ReconcilerExecutor-hivemq-controller-86] DEBUG c.h.p.o.h.HiveMQPlatformReconcilerErrorHandler - [helmdata] Pod 'test-hivemq-platform-0' condition 'PodReadyToStartContainers': True
2025-01-28 20:46:17,755 INFO c.h.h.t.HelmChartContainer - [hivemq-test-hivemq-platform] [hivemq-platform-operator] [1c9a621b] 20:46:17.751 [ReconcilerExecutor-hivemq-controller-86] DEBUG c.h.p.o.h.HiveMQPlatformReconcilerErrorHandler - [helmdata] Pod 'test-hivemq-platform-0' condition 'Initialized': True
2025-01-28 20:46:17,755 INFO c.h.h.t.HelmChartContainer - [hivemq-test-hivemq-platform] [hivemq-platform-operator] [1c9a621b] 20:46:17.751 [ReconcilerExecutor-hivemq-controller-86] DEBUG c.h.p.o.h.HiveMQPlatformReconcilerErrorHandler - [helmdata] Pod 'test-hivemq-platform-0' condition 'Ready': False
2025-01-28 20:46:17,755 INFO c.h.h.t.HelmChartContainer - [hivemq-test-hivemq-platform] [hivemq-platform-operator] [1c9a621b] 20:46:17.751 [ReconcilerExecutor-hivemq-controller-86] DEBUG c.h.p.o.h.HiveMQPlatformReconcilerErrorHandler - [helmdata] Pod 'test-hivemq-platform-0' condition 'ContainersReady': False
2025-01-28 20:46:17,755 INFO c.h.h.t.HelmChartContainer - [hivemq-test-hivemq-platform] [hivemq-platform-operator] [1c9a621b] 20:46:17.751 [ReconcilerExecutor-hivemq-controller-86] DEBUG c.h.p.o.h.HiveMQPlatformReconcilerErrorHandler - [helmdata] Pod 'test-hivemq-platform-0' condition 'PodScheduled': True
2025-01-28 20:46:17,755 INFO c.h.h.t.HelmChartContainer - [hivemq-test-hivemq-platform] [hivemq-platform-operator] [1c9a621b] 20:46:17.751 [ReconcilerExecutor-hivemq-controller-86] DEBUG c.h.p.o.h.HiveMQPlatformReconcilerErrorHandler - [helmdata] Pod 'test-hivemq-platform-0' containerStatus 'hivemq' (started: false) (ready: false) (waiting: [PodInitializing] null)
2025-01-28 20:46:17,755 INFO c.h.h.t.HelmChartContainer - [hivemq-test-hivemq-platform] [hivemq-platform-operator] [1c9a621b] 20:46:17.753 [ReconcilerExecutor-hivemq-controller-86] INFO  c.h.p.o.h.HiveMQPlatformReconcilerBaseHandler - [helmdata] HiveMQ Platform is starting, 0 of 1 replicas are ready
2025-01-28 20:46:18,629 INFO c.h.h.t.HelmChartContainer - [EVENT] Normal [Created] Created container: hivemq [helmdatahublicensesit:test-hivemq-platform-0]
2025-01-28 20:46:18,629 INFO c.h.h.t.HelmChartContainer - Received Created event for container hivemq in pod test-hivemq-platform-0 [421c3ebb-1f65-4feb-8b9a-af433aed6d97]
2025-01-28 20:46:19,550 INFO c.h.h.t.HelmChartContainer - [POD] test-hivemq-platform-0 [421c3ebb-1f65-4feb-8b9a-af433aed6d97] in helmdatahublicensesit was MODIFIED
2025-01-28 20:46:19,561 INFO c.h.h.t.HelmChartContainer - Started log watcher for hivemq in pod test-hivemq-platform-0 [421c3ebb-1f65-4feb-8b9a-af433aed6d97]
2025-01-28 20:46:19,562 INFO c.h.h.t.HelmChartContainer - [test-hivemq-platform] [hivemq] [421c3ebb] Adding pre-installed HiveMQ Platform Operator extensions
2025-01-28 20:46:19,562 INFO c.h.h.t.HelmChartContainer - [test-hivemq-platform] [hivemq] [421c3ebb] Running as user 10000
2025-01-28 20:46:19,562 INFO c.h.h.t.HelmChartContainer - [test-hivemq-platform] [hivemq] [421c3ebb] Starting HiveMQ Platform Operator Init
2025-01-28 20:46:19,561 INFO c.h.h.t.HelmChartContainer - [EVENT] Normal [Started] Started container hivemq [helmdatahublicensesit:test-hivemq-platform-0]
2025-01-28 20:46:19,563 INFO c.h.h.t.HelmChartContainer - Received Started event for container hivemq in pod test-hivemq-platform-0 [421c3ebb-1f65-4feb-8b9a-af433aed6d97]
2025-01-28 20:46:19,562 INFO c.h.h.t.HelmChartContainer - [hivemq-test-hivemq-platform] [hivemq-platform-operator] [1c9a621b] 20:46:19.559 [pool-6-thread-42] DEBUG c.h.p.o.d.PlatformServiceResource - [helmdata] Desired Platform services (3 services)
2025-01-28 20:46:19,571 INFO c.h.h.t.HelmChartContainer - [hivemq-test-hivemq-platform] [hivemq-platform-operator] [1c9a621b] 20:46:19.566 [pool-6-thread-43] DEBUG c.h.p.o.dependants.PodInfoConfigMap - [helmdata] Desired PodInfo ConfigMap (1 extensions) (1 enabled)
2025-01-28 20:46:19,573 INFO c.h.h.t.HelmChartContainer - [hivemq-test-hivemq-platform] [hivemq-platform-operator] [1c9a621b] 20:46:19.569 [pool-6-thread-43] DEBUG c.h.p.o.dependants.PodInfoConfigMap - [helmdata] Desired PodInfo ConfigMap (metrics port: 9399) (metrics path: /)
2025-01-28 20:46:19,573 INFO c.h.h.t.HelmChartContainer - [hivemq-test-hivemq-platform] [hivemq-platform-operator] [1c9a621b] 20:46:19.571 [pool-6-thread-43] DEBUG c.h.p.o.dependants.PodInfoConfigMap - [helmdata] Desired PodInfo ConfigMap (extension state hash: -1817474005)
2025-01-28 20:46:19,578 INFO c.h.h.t.HelmChartContainer - [hivemq-test-hivemq-platform] [hivemq-platform-operator] [1c9a621b] 20:46:19.573 [pool-6-thread-47] DEBUG c.h.p.o.d.PodServiceAccountResource - [helmdata] Desired PodServiceAccountResource (serviceAccountName: hivemq-platform-pod-test-hivemq-platform)
2025-01-28 20:46:19,655 INFO c.h.h.t.HelmChartContainer - [hivemq-test-hivemq-platform] [hivemq-platform-operator] [1c9a621b] 20:46:19.651 [pool-6-thread-49] DEBUG c.h.p.o.d.StatefulSetResource - [helmdata] Desired StatefulSet (1 replicas) for status STARTING (READY)
2025-01-28 20:46:19,661 INFO c.h.h.t.HelmChartContainer - [hivemq-test-hivemq-platform] [hivemq-platform-operator] [1c9a621b] 20:46:19.657 [ReconcilerExecutor-hivemq-controller-97] INFO  c.h.p.o.HiveMQPlatformReconciler - [helmdata] Reconciling HiveMQ Platform 'test-hivemq-platform' in namespace 'helmdatahublicensesit'
2025-01-28 20:46:19,661 INFO c.h.h.t.HelmChartContainer - [hivemq-test-hivemq-platform] [hivemq-platform-operator] [1c9a621b] 20:46:19.657 [ReconcilerExecutor-hivemq-controller-97] DEBUG c.h.p.o.HiveMQPlatformReconciler - [helmdata] Custom Resource Status STARTING - HiveMQ Platform is starting (READY)
2025-01-28 20:46:19,661 INFO c.h.h.t.HelmChartContainer - [hivemq-test-hivemq-platform] [hivemq-platform-operator] [1c9a621b] 20:46:19.657 [ReconcilerExecutor-hivemq-controller-97] DEBUG c.h.p.o.HiveMQPlatformReconciler - [helmdata] Custom Resource Spec (replicas: 1) (extensions: 1)
2025-01-28 20:46:19,661 INFO c.h.h.t.HelmChartContainer - [hivemq-test-hivemq-platform] [hivemq-platform-operator] [1c9a621b] 20:46:19.659 [ReconcilerExecutor-hivemq-controller-97] DEBUG c.h.p.o.HiveMQPlatformReconciler - [helmdata] StatefulSet Status (revision: test-hivemq-platform-fdf777cf6, replicas: 1, available: 0, ready: 0, current: 1, updated: 1)
2025-01-28 20:46:19,661 INFO c.h.h.t.HelmChartContainer - [hivemq-test-hivemq-platform] [hivemq-platform-operator] [1c9a621b] 20:46:19.660 [ReconcilerExecutor-hivemq-controller-97] DEBUG c.h.p.o.HiveMQPlatformReconciler - [helmdata] StatefulSet Spec (replicas: 1, init containers: 1, containers: 1, volumes: 4)
2025-01-28 20:46:19,664 INFO c.h.h.t.HelmChartContainer - [hivemq-test-hivemq-platform] [hivemq-platform-operator] [1c9a621b] 20:46:19.663 [ReconcilerExecutor-hivemq-controller-97] DEBUG c.h.p.o.h.HiveMQPlatformReconcilerErrorHandler - [helmdata] Pod 'test-hivemq-platform-0' phase Running
2025-01-28 20:46:19,666 INFO c.h.h.t.HelmChartContainer - [hivemq-test-hivemq-platform] [hivemq-platform-operator] [1c9a621b] 20:46:19.664 [ReconcilerExecutor-hivemq-controller-97] INFO  c.h.p.o.h.HiveMQPlatformReconcilerBaseHandler - [helmdata] HiveMQ Platform is starting, 0 of 1 replicas are ready
2025-01-28 20:46:19,899 INFO c.h.h.t.HelmChartContainer - [test-hivemq-platform] [hivemq] [421c3ebb] INFO  - [HiveMQ Platform Operator Init 1.7.0-SNAPSHOT] HiveMQ Platform Operator Init 1.7.0-SNAPSHOT (commit: bebf408 on branch: HEAD) built on Sun Jan 26 20:47:47 UTC 2025
2025-01-28 20:46:20,978 INFO c.h.h.t.HelmChartContainer - [test-hivemq-platform] [hivemq] [421c3ebb] INFO  - [HiveMQ Platform Operator Init App 1.7.0-SNAPSHOT] Using bind address 10.42.0.12 from environment variable
2025-01-28 20:46:21,967 INFO c.h.h.t.HelmChartContainer - [test-hivemq-platform] [hivemq] [421c3ebb] INFO  - [HiveMQ Platform Operator Init App 1.7.0-SNAPSHOT] HiveMQ Platform Operator Init App 1.7.0-SNAPSHOT (commit: bebf408 on branch: HEAD) built on Sun Jan 26 20:47:47 UTC 2025
2025-01-28 20:46:21,967 INFO c.h.h.t.HelmChartContainer - [test-hivemq-platform] [hivemq] [421c3ebb] INFO  - [HiveMQ Platform Operator Init App 1.7.0-SNAPSHOT] PodInfo ConfigMap directory: /etc/podinfo
2025-01-28 20:46:21,967 INFO c.h.h.t.HelmChartContainer - [test-hivemq-platform] [hivemq] [421c3ebb] INFO  - [HiveMQ Platform Operator Init App 1.7.0-SNAPSHOT] HiveMQ home directory: /opt/hivemq
2025-01-28 20:46:21,967 INFO c.h.h.t.HelmChartContainer - [test-hivemq-platform] [hivemq] [421c3ebb] INFO  - [HiveMQ Platform Operator Init App 1.7.0-SNAPSHOT] HiveMQ Logback folder: /opt/hivemq/conf
2025-01-28 20:46:21,967 INFO c.h.h.t.HelmChartContainer - [test-hivemq-platform] [hivemq] [421c3ebb] INFO  - [HiveMQ Platform Operator Init App 1.7.0-SNAPSHOT] HiveMQ Config folder: /opt/hivemq/conf-k8s
2025-01-28 20:46:21,968 INFO c.h.h.t.HelmChartContainer - [test-hivemq-platform] [hivemq] [421c3ebb] INFO  - [HiveMQ Platform Operator Init App 1.7.0-SNAPSHOT] Starting HiveMQ Platform Operator Init App
2025-01-28 20:46:21,968 INFO c.h.h.t.HelmChartContainer - [test-hivemq-platform] [hivemq] [421c3ebb] INFO  - [HiveMQ Platform Operator Init App 1.7.0-SNAPSHOT] Starting Pod reconciler
2025-01-28 20:46:23,274 INFO c.h.h.t.HelmChartContainer - [test-hivemq-platform] [hivemq] [421c3ebb] INFO  - [HiveMQ Platform Operator Init App 1.7.0-SNAPSHOT] Pod reconciler is scheduled (interval: 5000 ms)
2025-01-28 20:46:23,275 INFO c.h.h.t.HelmChartContainer - [test-hivemq-platform] [hivemq] [421c3ebb] INFO  - [HiveMQ Platform Operator Init App 1.7.0-SNAPSHOT] Starting the REST API on 10.42.0.12:7979
2025-01-28 20:46:23,298 INFO c.h.h.t.HelmChartContainer - [test-hivemq-platform] [hivemq] [421c3ebb] INFO  - [HiveMQ Platform Operator Init App 1.7.0-SNAPSHOT] Waiting up to 600s for at most 1 HiveMQ nodes in cluster service hivemq-test-hivemq-platform-cluster.helmdatahublicensesit.svc
2025-01-28 20:46:23,666 INFO c.h.h.t.HelmChartContainer - [test-hivemq-platform] [hivemq] [421c3ebb] INFO  - [HiveMQ Platform Operator Init App 1.7.0-SNAPSHOT] Resolved 1 IP addresses: [10.42.0.12]
2025-01-28 20:46:23,667 INFO c.h.h.t.HelmChartContainer - [test-hivemq-platform] [hivemq] [421c3ebb] INFO  - [HiveMQ Platform Operator Init App 1.7.0-SNAPSHOT] HiveMQ node count of 1 is within threshold of 1
2025-01-28 20:46:23,667 INFO c.h.h.t.HelmChartContainer - [test-hivemq-platform] [hivemq] [421c3ebb] INFO  - [HiveMQ Platform Operator Init App 1.7.0-SNAPSHOT] Proceeding with container start
2025-01-28 20:46:23,708 INFO c.h.h.t.HelmChartContainer - [test-hivemq-platform] [hivemq] [421c3ebb] INFO  - [HiveMQ Platform Operator Init App 1.7.0-SNAPSHOT] Initializing HiveMQ Platform extensions with initial configuration: {hivemq-allow-all-extension={start-priority=-1, skip-https-hostname-verification=false, restart=true, config-version=0, header-version=0, c-uri=, priority=-1, uri=preinstalled, skip-https-certificate-validation=false, enabled=true}, hivemq-prometheus-extension={start-priority=-1, c-uri=, skip-https-hostname-verification=false, skip-https-certificate-validation=false, uri=preinstalled, request-header-path=no-request-headers, enabled=true, restart=true, priority=-1}}
2025-01-28 20:46:24,266 INFO c.h.h.t.HelmChartContainer - [test-hivemq-platform] [hivemq] [421c3ebb] INFO  - [HiveMQ Platform Operator Init App 1.7.0-SNAPSHOT] Extension hivemq-allow-all-extension was already enabled
2025-01-28 20:46:24,306 INFO c.h.h.t.HelmChartContainer - [test-hivemq-platform] [hivemq] [421c3ebb] INFO  - [HiveMQ Platform Operator Init App 1.7.0-SNAPSHOT] Successfully enabled extension hivemq-prometheus-extension
2025-01-28 20:46:24,308 INFO c.h.h.t.HelmChartContainer - [test-hivemq-platform] [hivemq] [421c3ebb] INFO  - [HiveMQ Platform Operator Init App 1.7.0-SNAPSHOT] Starting HiveMQ Platform version 4.36.0 (4.36.0)
2025-01-28 20:46:24,308 INFO c.h.h.t.HelmChartContainer - [test-hivemq-platform] [hivemq] [421c3ebb] INFO  - [HiveMQ Platform Operator Init App 1.7.0-SNAPSHOT] Configuring the HiveMQ Platform
2025-01-28 20:46:24,402 INFO c.h.h.t.HelmChartContainer - [test-hivemq-platform] [hivemq] [421c3ebb] INFO  - [HiveMQ Platform Operator Init App 1.7.0-SNAPSHOT] Changed logback.xml file scan period to 20 seconds
2025-01-28 20:46:24,471 INFO c.h.h.t.HelmChartContainer - [test-hivemq-platform] [hivemq] [421c3ebb] INFO  - [HiveMQ Platform Operator Init App 1.7.0-SNAPSHOT] Starting the HiveMQ Platform
2025-01-28 20:46:24,499 INFO c.h.h.t.HelmChartContainer - [test-hivemq-platform] [hivemq] [421c3ebb] -------------------------------------------------------------------------
2025-01-28 20:46:24,499 INFO c.h.h.t.HelmChartContainer - [test-hivemq-platform] [hivemq] [421c3ebb] 
2025-01-28 20:46:24,499 INFO c.h.h.t.HelmChartContainer - [test-hivemq-platform] [hivemq] [421c3ebb]                   _    _  _              __  __   ____
2025-01-28 20:46:24,499 INFO c.h.h.t.HelmChartContainer - [test-hivemq-platform] [hivemq] [421c3ebb]                  | |  | |(_)            |  \/  | / __ \
2025-01-28 20:46:24,499 INFO c.h.h.t.HelmChartContainer - [test-hivemq-platform] [hivemq] [421c3ebb]                  | |__| | _ __   __ ___ | \  / || |  | |
2025-01-28 20:46:24,499 INFO c.h.h.t.HelmChartContainer - [test-hivemq-platform] [hivemq] [421c3ebb]                  |  __  || |\ \ / // _ \| |\/| || |  | |
2025-01-28 20:46:24,499 INFO c.h.h.t.HelmChartContainer - [test-hivemq-platform] [hivemq] [421c3ebb]                  | |  | || | \ V /|  __/| |  | || |__| |
2025-01-28 20:46:24,499 INFO c.h.h.t.HelmChartContainer - [test-hivemq-platform] [hivemq] [421c3ebb]                  |_|  |_||_|  \_/  \___||_|  |_| \___\_\
2025-01-28 20:46:24,499 INFO c.h.h.t.HelmChartContainer - [test-hivemq-platform] [hivemq] [421c3ebb] 
2025-01-28 20:46:24,499 INFO c.h.h.t.HelmChartContainer - [test-hivemq-platform] [hivemq] [421c3ebb] -------------------------------------------------------------------------
2025-01-28 20:46:24,499 INFO c.h.h.t.HelmChartContainer - [test-hivemq-platform] [hivemq] [421c3ebb] 
2025-01-28 20:46:24,500 INFO c.h.h.t.HelmChartContainer - [test-hivemq-platform] [hivemq] [421c3ebb]   HiveMQ Start Script for Linux/Unix v1.14
2025-01-28 20:46:24,500 INFO c.h.h.t.HelmChartContainer - [test-hivemq-platform] [hivemq] [421c3ebb] 
2025-01-28 20:46:24,572 INFO c.h.h.t.HelmChartContainer - [test-hivemq-platform] [hivemq] [421c3ebb] -------------------------------------------------------------------------
2025-01-28 20:46:24,572 INFO c.h.h.t.HelmChartContainer - [test-hivemq-platform] [hivemq] [421c3ebb] 
2025-01-28 20:46:24,572 INFO c.h.h.t.HelmChartContainer - [test-hivemq-platform] [hivemq] [421c3ebb]   HIVEMQ_HOME: /opt/hivemq
2025-01-28 20:46:24,572 INFO c.h.h.t.HelmChartContainer - [test-hivemq-platform] [hivemq] [421c3ebb] 
2025-01-28 20:46:24,572 INFO c.h.h.t.HelmChartContainer - [test-hivemq-platform] [hivemq] [421c3ebb]   JAVA_OPTS: -XX:+UnlockExperimentalVMOptions -XX:InitialRAMPercentage=50 -XX:MaxRAMPercentage=50 -Djava.net.preferIPv4Stack=true --add-opens java.base/java.lang=ALL-UNNAMED --add-opens java.base/java.nio=ALL-UNNAMED --add-opens java.base/sun.nio.ch=ALL-UNNAMED --add-opens jdk.management/com.sun.management.internal=ALL-UNNAMED --add-exports java.base/jdk.internal.misc=ALL-UNNAMED -Djava.security.egd=file:/dev/./urandom -Dcom.sun.management.jmxremote -Dcom.sun.management.jmxremote.port=9010 -Dcom.sun.management.jmxremote.local.only=false -Dcom.sun.management.jmxremote.authenticate=false -Dcom.sun.management.jmxremote.ssl=false -Duser.language=en -Duser.region=US -XX:+CrashOnOutOfMemoryError -XX:+HeapDumpOnOutOfMemoryError
2025-01-28 20:46:24,572 INFO c.h.h.t.HelmChartContainer - [test-hivemq-platform] [hivemq] [421c3ebb] 
2025-01-28 20:46:24,572 INFO c.h.h.t.HelmChartContainer - [test-hivemq-platform] [hivemq] [421c3ebb]   JAVA_VERSION: 21
2025-01-28 20:46:24,572 INFO c.h.h.t.HelmChartContainer - [test-hivemq-platform] [hivemq] [421c3ebb] 
2025-01-28 20:46:24,572 INFO c.h.h.t.HelmChartContainer - [test-hivemq-platform] [hivemq] [421c3ebb] -------------------------------------------------------------------------
2025-01-28 20:46:24,572 INFO c.h.h.t.HelmChartContainer - [test-hivemq-platform] [hivemq] [421c3ebb] 
2025-01-28 20:46:25,605 INFO c.h.h.t.HelmChartContainer - [test-hivemq-platform] [hivemq] [421c3ebb] INFO  - [HiveMQ Platform Operator Init App 1.7.0-SNAPSHOT] Returning default Health API response 503 for readiness
2025-01-28 20:46:25,907 INFO c.h.h.t.HelmChartContainer - [EVENT] Warning [Unhealthy] Readiness probe failed: HTTP probe failed with statuscode: 503 [helmdatahublicensesit:test-hivemq-platform-0]
2025-01-28 20:46:25,907 INFO c.h.h.t.HelmChartContainer - Received Unhealthy event for container hivemq in pod test-hivemq-platform-0 [421c3ebb-1f65-4feb-8b9a-af433aed6d97]
2025-01-28 20:46:27,272 INFO c.h.h.t.HelmChartContainer - [test-hivemq-platform] [hivemq] [421c3ebb] INFO  - Starting HiveMQ Enterprise Server
2025-01-28 20:46:27,301 INFO c.h.h.t.HelmChartContainer - [test-hivemq-platform] [hivemq] [421c3ebb] INFO  - HiveMQ version: 4.36.0
2025-01-28 20:46:27,301 INFO c.h.h.t.HelmChartContainer - [test-hivemq-platform] [hivemq] [421c3ebb] INFO  - HiveMQ home directory: /opt/hivemq
2025-01-28 20:46:27,302 INFO c.h.h.t.HelmChartContainer - [test-hivemq-platform] [hivemq] [421c3ebb] INFO  - Log Configuration was overridden by /opt/hivemq/conf/logback.xml
2025-01-28 20:46:28,870 INFO c.h.h.t.HelmChartContainer - [test-hivemq-platform] [hivemq] [421c3ebb] INFO  - Successfully loaded configuration from '/opt/hivemq/conf-k8s/config.xml'.
2025-01-28 20:46:29,571 INFO c.h.h.t.HelmChartContainer - [test-hivemq-platform] [hivemq] [421c3ebb] INFO  - This node's ID is reWJL
2025-01-28 20:46:29,571 INFO c.h.h.t.HelmChartContainer - [test-hivemq-platform] [hivemq] [421c3ebb] INFO  - Clustering is enabled
2025-01-28 20:46:29,677 INFO c.h.h.t.HelmChartContainer - [hivemq-test-hivemq-platform] [hivemq-platform-operator] [1c9a621b] 20:46:29.673 [pool-6-thread-5] DEBUG c.h.p.o.d.PlatformServiceResource - [helmdata] Desired Platform services (3 services)
2025-01-28 20:46:29,677 INFO c.h.h.t.HelmChartContainer - [hivemq-test-hivemq-platform] [hivemq-platform-operator] [1c9a621b] 20:46:29.674 [pool-6-thread-6] DEBUG c.h.p.o.dependants.PodInfoConfigMap - [helmdata] Desired PodInfo ConfigMap (1 extensions) (1 enabled)
2025-01-28 20:46:29,677 INFO c.h.h.t.HelmChartContainer - [hivemq-test-hivemq-platform] [hivemq-platform-operator] [1c9a621b] 20:46:29.674 [pool-6-thread-6] DEBUG c.h.p.o.dependants.PodInfoConfigMap - [helmdata] Desired PodInfo ConfigMap (metrics port: 9399) (metrics path: /)
2025-01-28 20:46:29,677 INFO c.h.h.t.HelmChartContainer - [hivemq-test-hivemq-platform] [hivemq-platform-operator] [1c9a621b] 20:46:29.674 [pool-6-thread-6] DEBUG c.h.p.o.dependants.PodInfoConfigMap - [helmdata] Desired PodInfo ConfigMap (extension state hash: -1817474005)
2025-01-28 20:46:29,677 INFO c.h.h.t.HelmChartContainer - [hivemq-test-hivemq-platform] [hivemq-platform-operator] [1c9a621b] 20:46:29.675 [pool-6-thread-3] DEBUG c.h.p.o.d.PodServiceAccountResource - [helmdata] Desired PodServiceAccountResource (serviceAccountName: hivemq-platform-pod-test-hivemq-platform)
2025-01-28 20:46:29,686 INFO c.h.h.t.HelmChartContainer - [hivemq-test-hivemq-platform] [hivemq-platform-operator] [1c9a621b] 20:46:29.683 [pool-6-thread-5] DEBUG c.h.p.o.d.StatefulSetResource - [helmdata] Desired StatefulSet (1 replicas) for status STARTING (READY)
2025-01-28 20:46:29,751 INFO c.h.h.t.HelmChartContainer - [hivemq-test-hivemq-platform] [hivemq-platform-operator] [1c9a621b] 20:46:29.749 [ReconcilerExecutor-hivemq-controller-108] INFO  c.h.p.o.HiveMQPlatformReconciler - [helmdata] Reconciling HiveMQ Platform 'test-hivemq-platform' in namespace 'helmdatahublicensesit'
2025-01-28 20:46:29,752 INFO c.h.h.t.HelmChartContainer - [hivemq-test-hivemq-platform] [hivemq-platform-operator] [1c9a621b] 20:46:29.750 [ReconcilerExecutor-hivemq-controller-108] DEBUG c.h.p.o.HiveMQPlatformReconciler - [helmdata] Custom Resource Status STARTING - HiveMQ Platform is starting (READY)
2025-01-28 20:46:29,752 INFO c.h.h.t.HelmChartContainer - [hivemq-test-hivemq-platform] [hivemq-platform-operator] [1c9a621b] 20:46:29.750 [ReconcilerExecutor-hivemq-controller-108] DEBUG c.h.p.o.HiveMQPlatformReconciler - [helmdata] Custom Resource Spec (replicas: 1) (extensions: 1)
2025-01-28 20:46:29,758 INFO c.h.h.t.HelmChartContainer - [hivemq-test-hivemq-platform] [hivemq-platform-operator] [1c9a621b] 20:46:29.756 [ReconcilerExecutor-hivemq-controller-108] DEBUG c.h.p.o.HiveMQPlatformReconciler - [helmdata] StatefulSet Status (revision: test-hivemq-platform-fdf777cf6, replicas: 1, available: 0, ready: 0, current: 1, updated: 1)
2025-01-28 20:46:29,759 INFO c.h.h.t.HelmChartContainer - [hivemq-test-hivemq-platform] [hivemq-platform-operator] [1c9a621b] 20:46:29.756 [ReconcilerExecutor-hivemq-controller-108] DEBUG c.h.p.o.HiveMQPlatformReconciler - [helmdata] StatefulSet Spec (replicas: 1, init containers: 1, containers: 1, volumes: 4)
2025-01-28 20:46:29,759 INFO c.h.h.t.HelmChartContainer - [hivemq-test-hivemq-platform] [hivemq-platform-operator] [1c9a621b] 20:46:29.758 [ReconcilerExecutor-hivemq-controller-108] DEBUG c.h.p.o.h.HiveMQPlatformReconcilerErrorHandler - [helmdata] Pod 'test-hivemq-platform-0' phase Running
2025-01-28 20:46:29,760 INFO c.h.h.t.HelmChartContainer - [hivemq-test-hivemq-platform] [hivemq-platform-operator] [1c9a621b] 20:46:29.759 [ReconcilerExecutor-hivemq-controller-108] INFO  c.h.p.o.h.HiveMQPlatformReconcilerBaseHandler - [helmdata] HiveMQ Platform is starting, 0 of 1 replicas are ready
2025-01-28 20:46:30,968 INFO c.h.h.t.HelmChartContainer - [test-hivemq-platform] [hivemq] [421c3ebb] WARN  - [HiveMQ Platform Operator Init App 1.7.0-SNAPSHOT] Cannot connect to Health API for readiness: null
2025-01-28 20:46:30,972 INFO c.h.h.t.HelmChartContainer - [EVENT] Warning [Unhealthy] Readiness probe failed: HTTP probe failed with statuscode: 503 [helmdatahublicensesit:test-hivemq-platform-0]
2025-01-28 20:46:30,972 INFO c.h.h.t.HelmChartContainer - Received Unhealthy event for container hivemq in pod test-hivemq-platform-0 [421c3ebb-1f65-4feb-8b9a-af433aed6d97]
2025-01-28 20:46:33,571 INFO c.h.h.t.HelmChartContainer - [test-hivemq-platform] [hivemq] [421c3ebb] Jan 28, 2025 8:46:33 PM io.vertx.core.impl.BlockedThreadChecker
2025-01-28 20:46:33,571 INFO c.h.h.t.HelmChartContainer - [test-hivemq-platform] [hivemq] [421c3ebb] WARNING: Thread Thread[vert.x-eventloop-thread-1,5,main] has been blocked for 2366 ms, time limit is 2000 ms
2025-01-28 20:46:34,171 INFO c.h.h.t.HelmChartContainer - [test-hivemq-platform] [hivemq] [421c3ebb] INFO  - [HiveMQ Platform Operator Init App 1.7.0-SNAPSHOT] Updating Pod HiveMQ Platform Operator Init App version annotation (version: 1.7.0-SNAPSHOT)
2025-01-28 20:46:35,213 INFO c.h.h.t.HelmChartContainer - [POD] test-hivemq-platform-0 [421c3ebb-1f65-4feb-8b9a-af433aed6d97] in helmdatahublicensesit was MODIFIED
2025-01-28 20:46:35,215 INFO c.h.h.t.HelmChartContainer - [test-hivemq-platform] [hivemq] [421c3ebb] WARN  - [HiveMQ Platform Operator Init App 1.7.0-SNAPSHOT] Cannot connect to Health API for readiness: null
2025-01-28 20:46:35,217 INFO c.h.h.t.HelmChartContainer - [hivemq-test-hivemq-platform] [hivemq-platform-operator] [1c9a621b] 20:46:35.217 [pool-6-thread-14] DEBUG c.h.p.o.dependants.PodInfoConfigMap - [helmdata] Desired PodInfo ConfigMap (1 extensions) (1 enabled)
2025-01-28 20:46:35,218 INFO c.h.h.t.HelmChartContainer - [hivemq-test-hivemq-platform] [hivemq-platform-operator] [1c9a621b] 20:46:35.217 [pool-6-thread-11] DEBUG c.h.p.o.d.PlatformServiceResource - [helmdata] Desired Platform services (3 services)
2025-01-28 20:46:35,220 INFO c.h.h.t.HelmChartContainer - [hivemq-test-hivemq-platform] [hivemq-platform-operator] [1c9a621b] 20:46:35.219 [pool-6-thread-14] DEBUG c.h.p.o.dependants.PodInfoConfigMap - [helmdata] Desired PodInfo ConfigMap (metrics port: 9399) (metrics path: /)
2025-01-28 20:46:35,220 INFO c.h.h.t.HelmChartContainer - [hivemq-test-hivemq-platform] [hivemq-platform-operator] [1c9a621b] 20:46:35.219 [pool-6-thread-14] DEBUG c.h.p.o.dependants.PodInfoConfigMap - [helmdata] Desired PodInfo ConfigMap (extension state hash: -1817474005)
2025-01-28 20:46:35,220 INFO c.h.h.t.HelmChartContainer - [hivemq-test-hivemq-platform] [hivemq-platform-operator] [1c9a621b] 20:46:35.219 [pool-6-thread-15] DEBUG c.h.p.o.d.PodServiceAccountResource - [helmdata] Desired PodServiceAccountResource (serviceAccountName: hivemq-platform-pod-test-hivemq-platform)
2025-01-28 20:46:35,225 INFO c.h.h.t.HelmChartContainer - [hivemq-test-hivemq-platform] [hivemq-platform-operator] [1c9a621b] 20:46:35.224 [pool-6-thread-17] DEBUG c.h.p.o.d.StatefulSetResource - [helmdata] Desired StatefulSet (1 replicas) for status STARTING (READY)
2025-01-28 20:46:35,229 INFO c.h.h.t.HelmChartContainer - [hivemq-test-hivemq-platform] [hivemq-platform-operator] [1c9a621b] 20:46:35.228 [ReconcilerExecutor-hivemq-controller-109] INFO  c.h.p.o.HiveMQPlatformReconciler - [helmdata] Reconciling HiveMQ Platform 'test-hivemq-platform' in namespace 'helmdatahublicensesit'
2025-01-28 20:46:35,230 INFO c.h.h.t.HelmChartContainer - [hivemq-test-hivemq-platform] [hivemq-platform-operator] [1c9a621b] 20:46:35.228 [ReconcilerExecutor-hivemq-controller-109] DEBUG c.h.p.o.HiveMQPlatformReconciler - [helmdata] Custom Resource Status STARTING - HiveMQ Platform is starting (READY)
2025-01-28 20:46:35,230 INFO c.h.h.t.HelmChartContainer - [hivemq-test-hivemq-platform] [hivemq-platform-operator] [1c9a621b] 20:46:35.228 [ReconcilerExecutor-hivemq-controller-109] DEBUG c.h.p.o.HiveMQPlatformReconciler - [helmdata] Custom Resource Spec (replicas: 1) (extensions: 1)
2025-01-28 20:46:35,230 INFO c.h.h.t.HelmChartContainer - [hivemq-test-hivemq-platform] [hivemq-platform-operator] [1c9a621b] 20:46:35.229 [ReconcilerExecutor-hivemq-controller-109] DEBUG c.h.p.o.HiveMQPlatformReconciler - [helmdata] StatefulSet Status (revision: test-hivemq-platform-fdf777cf6, replicas: 1, available: 0, ready: 0, current: 1, updated: 1)
2025-01-28 20:46:35,230 INFO c.h.h.t.HelmChartContainer - [hivemq-test-hivemq-platform] [hivemq-platform-operator] [1c9a621b] 20:46:35.229 [ReconcilerExecutor-hivemq-controller-109] DEBUG c.h.p.o.HiveMQPlatformReconciler - [helmdata] StatefulSet Spec (replicas: 1, init containers: 1, containers: 1, volumes: 4)
2025-01-28 20:46:35,273 INFO c.h.h.t.HelmChartContainer - [EVENT] Warning [Unhealthy] Readiness probe failed: HTTP probe failed with statuscode: 503 [helmdatahublicensesit:test-hivemq-platform-0]
2025-01-28 20:46:35,274 INFO c.h.h.t.HelmChartContainer - Received Unhealthy event for container hivemq in pod test-hivemq-platform-0 [421c3ebb-1f65-4feb-8b9a-af433aed6d97]
2025-01-28 20:46:35,290 INFO c.h.h.t.HelmChartContainer - [hivemq-test-hivemq-platform] [hivemq-platform-operator] [1c9a621b] 20:46:35.289 [ReconcilerExecutor-hivemq-controller-109] DEBUG c.h.p.o.h.HiveMQPlatformReconcilerErrorHandler - [helmdata] Pod 'test-hivemq-platform-0' phase Running
2025-01-28 20:46:35,292 INFO c.h.h.t.HelmChartContainer - [hivemq-test-hivemq-platform] [hivemq-platform-operator] [1c9a621b] 20:46:35.291 [ReconcilerExecutor-hivemq-controller-109] INFO  c.h.p.o.h.HiveMQPlatformReconcilerBaseHandler - [helmdata] HiveMQ Platform is starting, 0 of 1 replicas are ready
2025-01-28 20:46:35,367 INFO c.h.h.t.HelmChartContainer - [test-hivemq-platform] [hivemq] [421c3ebb] INFO  - [HiveMQ Platform Operator Init App 1.7.0-SNAPSHOT] Successfully updated Pod HiveMQ Platform Operator Init App version annotation (version: 1.7.0-SNAPSHOT)
2025-01-28 20:46:40,268 INFO c.h.h.t.HelmChartContainer - [test-hivemq-platform] [hivemq] [421c3ebb] WARN  - [HiveMQ Platform Operator Init App 1.7.0-SNAPSHOT] Cannot connect to Health API for readiness: null
2025-01-28 20:46:40,274 INFO c.h.h.t.HelmChartContainer - [EVENT] Warning [Unhealthy] Readiness probe failed: HTTP probe failed with statuscode: 503 [helmdatahublicensesit:test-hivemq-platform-0]
2025-01-28 20:46:40,274 INFO c.h.h.t.HelmChartContainer - Received Unhealthy event for container hivemq in pod test-hivemq-platform-0 [421c3ebb-1f65-4feb-8b9a-af433aed6d97]
2025-01-28 20:46:45,270 INFO c.h.h.t.HelmChartContainer - [test-hivemq-platform] [hivemq] [421c3ebb] WARN  - [HiveMQ Platform Operator Init App 1.7.0-SNAPSHOT] Cannot connect to Health API for readiness: null
2025-01-28 20:46:45,275 INFO c.h.h.t.HelmChartContainer - [EVENT] Warning [Unhealthy] Readiness probe failed: HTTP probe failed with statuscode: 503 [helmdatahublicensesit:test-hivemq-platform-0]
2025-01-28 20:46:45,275 INFO c.h.h.t.HelmChartContainer - Received Unhealthy event for container hivemq in pod test-hivemq-platform-0 [421c3ebb-1f65-4feb-8b9a-af433aed6d97]
2025-01-28 20:46:45,298 INFO c.h.h.t.HelmChartContainer - [hivemq-test-hivemq-platform] [hivemq-platform-operator] [1c9a621b] 20:46:45.296 [pool-6-thread-27] DEBUG c.h.p.o.d.PlatformServiceResource - [helmdata] Desired Platform services (3 services)
2025-01-28 20:46:45,298 INFO c.h.h.t.HelmChartContainer - [hivemq-test-hivemq-platform] [hivemq-platform-operator] [1c9a621b] 20:46:45.297 [pool-6-thread-25] DEBUG c.h.p.o.dependants.PodInfoConfigMap - [helmdata] Desired PodInfo ConfigMap (1 extensions) (1 enabled)
2025-01-28 20:46:45,298 INFO c.h.h.t.HelmChartContainer - [hivemq-test-hivemq-platform] [hivemq-platform-operator] [1c9a621b] 20:46:45.297 [pool-6-thread-25] DEBUG c.h.p.o.dependants.PodInfoConfigMap - [helmdata] Desired PodInfo ConfigMap (metrics port: 9399) (metrics path: /)
2025-01-28 20:46:45,298 INFO c.h.h.t.HelmChartContainer - [hivemq-test-hivemq-platform] [hivemq-platform-operator] [1c9a621b] 20:46:45.297 [pool-6-thread-25] DEBUG c.h.p.o.dependants.PodInfoConfigMap - [helmdata] Desired PodInfo ConfigMap (extension state hash: -1817474005)
2025-01-28 20:46:45,307 INFO c.h.h.t.HelmChartContainer - [hivemq-test-hivemq-platform] [hivemq-platform-operator] [1c9a621b] 20:46:45.302 [pool-6-thread-24] DEBUG c.h.p.o.d.PodServiceAccountResource - [helmdata] Desired PodServiceAccountResource (serviceAccountName: hivemq-platform-pod-test-hivemq-platform)
2025-01-28 20:46:45,314 INFO c.h.h.t.HelmChartContainer - [hivemq-test-hivemq-platform] [hivemq-platform-operator] [1c9a621b] 20:46:45.312 [pool-6-thread-27] DEBUG c.h.p.o.d.StatefulSetResource - [helmdata] Desired StatefulSet (1 replicas) for status STARTING (READY)
2025-01-28 20:46:45,318 INFO c.h.h.t.HelmChartContainer - [hivemq-test-hivemq-platform] [hivemq-platform-operator] [1c9a621b] 20:46:45.316 [ReconcilerExecutor-hivemq-controller-110] INFO  c.h.p.o.HiveMQPlatformReconciler - [helmdata] Reconciling HiveMQ Platform 'test-hivemq-platform' in namespace 'helmdatahublicensesit'
2025-01-28 20:46:45,318 INFO c.h.h.t.HelmChartContainer - [hivemq-test-hivemq-platform] [hivemq-platform-operator] [1c9a621b] 20:46:45.316 [ReconcilerExecutor-hivemq-controller-110] DEBUG c.h.p.o.HiveMQPlatformReconciler - [helmdata] Custom Resource Status STARTING - HiveMQ Platform is starting (READY)
2025-01-28 20:46:45,318 INFO c.h.h.t.HelmChartContainer - [hivemq-test-hivemq-platform] [hivemq-platform-operator] [1c9a621b] 20:46:45.316 [ReconcilerExecutor-hivemq-controller-110] DEBUG c.h.p.o.HiveMQPlatformReconciler - [helmdata] Custom Resource Spec (replicas: 1) (extensions: 1)
2025-01-28 20:46:45,318 INFO c.h.h.t.HelmChartContainer - [hivemq-test-hivemq-platform] [hivemq-platform-operator] [1c9a621b] 20:46:45.317 [ReconcilerExecutor-hivemq-controller-110] DEBUG c.h.p.o.HiveMQPlatformReconciler - [helmdata] StatefulSet Status (revision: test-hivemq-platform-fdf777cf6, replicas: 1, available: 0, ready: 0, current: 1, updated: 1)
2025-01-28 20:46:45,318 INFO c.h.h.t.HelmChartContainer - [hivemq-test-hivemq-platform] [hivemq-platform-operator] [1c9a621b] 20:46:45.317 [ReconcilerExecutor-hivemq-controller-110] DEBUG c.h.p.o.HiveMQPlatformReconciler - [helmdata] StatefulSet Spec (replicas: 1, init containers: 1, containers: 1, volumes: 4)
2025-01-28 20:46:45,319 INFO c.h.h.t.HelmChartContainer - [hivemq-test-hivemq-platform] [hivemq-platform-operator] [1c9a621b] 20:46:45.318 [ReconcilerExecutor-hivemq-controller-110] DEBUG c.h.p.o.h.HiveMQPlatformReconcilerErrorHandler - [helmdata] Pod 'test-hivemq-platform-0' phase Running
2025-01-28 20:46:45,319 INFO c.h.h.t.HelmChartContainer - [hivemq-test-hivemq-platform] [hivemq-platform-operator] [1c9a621b] 20:46:45.319 [ReconcilerExecutor-hivemq-controller-110] INFO  c.h.p.o.h.HiveMQPlatformReconcilerBaseHandler - [helmdata] HiveMQ Platform is starting, 0 of 1 replicas are ready
2025-01-28 20:46:46,370 INFO c.h.h.t.HelmChartContainer - [test-hivemq-platform] [hivemq] [421c3ebb] WARN  - [HiveMQ Platform Operator Init App 1.7.0-SNAPSHOT] Cannot connect to Health API for liveness: null
2025-01-28 20:46:46,370 INFO c.h.h.t.HelmChartContainer - [test-hivemq-platform] [hivemq] [421c3ebb] INFO  - [HiveMQ Platform Operator Init App 1.7.0-SNAPSHOT] Returning default Health API response 200 for liveness
2025-01-28 20:46:47,180 INFO c.h.h.t.HelmChartContainer - [test-hivemq-platform] [hivemq] [421c3ebb] INFO  - No valid license file found. Using trial license, restricted to 25 connections.
2025-01-28 20:46:50,273 INFO c.h.h.t.HelmChartContainer - [test-hivemq-platform] [hivemq] [421c3ebb] WARN  - [HiveMQ Platform Operator Init App 1.7.0-SNAPSHOT] Cannot connect to Health API for readiness: null
2025-01-28 20:46:50,277 INFO c.h.h.t.HelmChartContainer - [EVENT] Warning [Unhealthy] Readiness probe failed: HTTP probe failed with statuscode: 503 [helmdatahublicensesit:test-hivemq-platform-0]
2025-01-28 20:46:50,277 INFO c.h.h.t.HelmChartContainer - Received Unhealthy event for container hivemq in pod test-hivemq-platform-0 [421c3ebb-1f65-4feb-8b9a-af433aed6d97]
2025-01-28 20:46:51,575 INFO c.h.h.t.HelmChartContainer - [test-hivemq-platform] [hivemq] [421c3ebb] WARN  - License file dataHub.plic is corrupt.
2025-01-28 20:46:51,575 INFO c.h.h.testcontainer.LogWaiterUtil - TEST Found log pattern on 'test-hivemq-platform-0': .*License file dataHub.plic is corrupt.
2025-01-28 20:46:51,576 INFO c.h.h.t.HelmChartContainer - [test-hivemq-platform] [hivemq] [421c3ebb] INFO  - No valid license file for Data Hub found. Using free license, restricted to 1 policy.
2025-01-28 20:46:52,681 INFO c.h.h.t.HelmChartContainer - [test-hivemq-platform] [hivemq] [421c3ebb] INFO  - Audit Logger started.
2025-01-28 20:46:52,991 INFO c.h.h.t.HelmChartContainer - [test-hivemq-platform] [hivemq] [421c3ebb] INFO  - This node uses '1' CPU cores.
2025-01-28 20:46:52,999 INFO c.h.h.t.HelmChartContainer - [test-hivemq-platform] [hivemq] [421c3ebb] INFO  - Starting HiveMQ Health API on address 0.0.0.0 and port 8889
2025-01-28 20:46:53,899 INFO c.h.h.t.HelmChartContainer - [test-hivemq-platform] [hivemq] [421c3ebb] INFO  - Started HiveMQ Health API in 900ms
2025-01-28 20:46:54,399 INFO c.h.h.t.HelmChartContainer - [test-hivemq-platform] [hivemq] [421c3ebb] INFO  - Starting HiveMQ extension system.
2025-01-28 20:46:54,605 INFO c.h.h.t.HelmChartContainer - [test-hivemq-platform] [hivemq] [421c3ebb] INFO  - Starting extension with id "hivemq-dns-cluster-discovery" at /opt/hivemq/extensions/hivemq-dns-cluster-discovery
2025-01-28 20:46:55,168 INFO c.h.h.t.HelmChartContainer - [test-hivemq-platform] [hivemq] [421c3ebb] INFO  - Extension "DNS Cluster Discovery Extension" version 4.3.2 started successfully.
2025-01-28 20:46:55,168 INFO c.h.h.t.HelmChartContainer - [test-hivemq-platform] [hivemq] [421c3ebb] INFO  - Starting extension with id "hivemq-prometheus-extension" at /opt/hivemq/extensions/hivemq-prometheus-extension
2025-01-28 20:46:55,174 INFO c.h.h.t.HelmChartContainer - [test-hivemq-platform] [hivemq] [421c3ebb] INFO  - Using TCP cluster transport on address 10.42.0.12 and port 7000
2025-01-28 20:46:55,300 INFO c.h.h.t.HelmChartContainer - [test-hivemq-platform] [hivemq] [421c3ebb] INFO  - Using extension cluster discovery
2025-01-28 20:46:55,396 INFO c.h.h.t.HelmChartContainer - [hivemq-test-hivemq-platform] [hivemq-platform-operator] [1c9a621b] 20:46:55.393 [pool-6-thread-35] DEBUG c.h.p.o.d.PlatformServiceResource - [helmdata] Desired Platform services (3 services)
2025-01-28 20:46:55,397 INFO c.h.h.t.HelmChartContainer - [hivemq-test-hivemq-platform] [hivemq-platform-operator] [1c9a621b] 20:46:55.394 [pool-6-thread-38] DEBUG c.h.p.o.dependants.PodInfoConfigMap - [helmdata] Desired PodInfo ConfigMap (1 extensions) (1 enabled)
2025-01-28 20:46:55,397 INFO c.h.h.t.HelmChartContainer - [hivemq-test-hivemq-platform] [hivemq-platform-operator] [1c9a621b] 20:46:55.394 [pool-6-thread-38] DEBUG c.h.p.o.dependants.PodInfoConfigMap - [helmdata] Desired PodInfo ConfigMap (metrics port: 9399) (metrics path: /)
2025-01-28 20:46:55,397 INFO c.h.h.t.HelmChartContainer - [hivemq-test-hivemq-platform] [hivemq-platform-operator] [1c9a621b] 20:46:55.395 [pool-6-thread-38] DEBUG c.h.p.o.dependants.PodInfoConfigMap - [helmdata] Desired PodInfo ConfigMap (extension state hash: -1817474005)
2025-01-28 20:46:55,397 INFO c.h.h.t.HelmChartContainer - [hivemq-test-hivemq-platform] [hivemq-platform-operator] [1c9a621b] 20:46:55.396 [pool-6-thread-34] DEBUG c.h.p.o.d.PodServiceAccountResource - [helmdata] Desired PodServiceAccountResource (serviceAccountName: hivemq-platform-pod-test-hivemq-platform)
2025-01-28 20:46:55,406 INFO c.h.h.t.HelmChartContainer - [hivemq-test-hivemq-platform] [hivemq-platform-operator] [1c9a621b] 20:46:55.405 [pool-6-thread-35] DEBUG c.h.p.o.d.StatefulSetResource - [helmdata] Desired StatefulSet (1 replicas) for status STARTING (READY)
2025-01-28 20:46:55,410 INFO c.h.h.t.HelmChartContainer - [hivemq-test-hivemq-platform] [hivemq-platform-operator] [1c9a621b] 20:46:55.409 [ReconcilerExecutor-hivemq-controller-111] INFO  c.h.p.o.HiveMQPlatformReconciler - [helmdata] Reconciling HiveMQ Platform 'test-hivemq-platform' in namespace 'helmdatahublicensesit'
2025-01-28 20:46:55,411 INFO c.h.h.t.HelmChartContainer - [hivemq-test-hivemq-platform] [hivemq-platform-operator] [1c9a621b] 20:46:55.410 [ReconcilerExecutor-hivemq-controller-111] DEBUG c.h.p.o.HiveMQPlatformReconciler - [helmdata] Custom Resource Status STARTING - HiveMQ Platform is starting (READY)
2025-01-28 20:46:55,411 INFO c.h.h.t.HelmChartContainer - [hivemq-test-hivemq-platform] [hivemq-platform-operator] [1c9a621b] 20:46:55.410 [ReconcilerExecutor-hivemq-controller-111] DEBUG c.h.p.o.HiveMQPlatformReconciler - [helmdata] Custom Resource Spec (replicas: 1) (extensions: 1)
2025-01-28 20:46:55,492 INFO c.h.h.t.HelmChartContainer - [hivemq-test-hivemq-platform] [hivemq-platform-operator] [1c9a621b] 20:46:55.489 [ReconcilerExecutor-hivemq-controller-111] DEBUG c.h.p.o.HiveMQPlatformReconciler - [helmdata] StatefulSet Status (revision: test-hivemq-platform-fdf777cf6, replicas: 1, available: 0, ready: 0, current: 1, updated: 1)
2025-01-28 20:46:55,493 INFO c.h.h.t.HelmChartContainer - [hivemq-test-hivemq-platform] [hivemq-platform-operator] [1c9a621b] 20:46:55.489 [ReconcilerExecutor-hivemq-controller-111] DEBUG c.h.p.o.HiveMQPlatformReconciler - [helmdata] StatefulSet Spec (replicas: 1, init containers: 1, containers: 1, volumes: 4)
2025-01-28 20:46:55,493 INFO c.h.h.t.HelmChartContainer - [hivemq-test-hivemq-platform] [hivemq-platform-operator] [1c9a621b] 20:46:55.491 [ReconcilerExecutor-hivemq-controller-111] DEBUG c.h.p.o.h.HiveMQPlatformReconcilerErrorHandler - [helmdata] Pod 'test-hivemq-platform-0' phase Running
2025-01-28 20:46:55,494 INFO c.h.h.t.HelmChartContainer - [hivemq-test-hivemq-platform] [hivemq-platform-operator] [1c9a621b] 20:46:55.493 [ReconcilerExecutor-hivemq-controller-111] INFO  c.h.p.o.h.HiveMQPlatformReconcilerBaseHandler - [helmdata] HiveMQ Platform is starting, 0 of 1 replicas are ready
2025-01-28 20:46:56,253 INFO c.h.h.t.HelmChartContainer - [EVENT] Warning [Unhealthy] Readiness probe failed: Get "http://10.42.0.12:7979/readiness": context deadline exceeded (Client.Timeout exceeded while awaiting headers) [helmdatahublicensesit:test-hivemq-platform-0]
2025-01-28 20:46:56,253 INFO c.h.h.t.HelmChartContainer - Received Unhealthy event for container hivemq in pod test-hivemq-platform-0 [421c3ebb-1f65-4feb-8b9a-af433aed6d97]
2025-01-28 20:46:56,501 INFO c.h.h.t.HelmChartContainer - [test-hivemq-platform] [hivemq] [421c3ebb] INFO  - Started Jetty Server exposing Prometheus Servlet on URI http://0.0.0.0:9399/
2025-01-28 20:46:56,501 INFO c.h.h.t.HelmChartContainer - [test-hivemq-platform] [hivemq] [421c3ebb] INFO  - Extension "Prometheus Monitoring Extension" version 4.0.12 started successfully.
2025-01-28 20:46:56,501 INFO c.h.h.t.HelmChartContainer - [test-hivemq-platform] [hivemq] [421c3ebb] INFO  - Starting extension with id "hivemq-allow-all-extension" at /opt/hivemq/extensions/hivemq-allow-all-extension
2025-01-28 20:46:56,502 INFO c.h.h.t.HelmChartContainer - [test-hivemq-platform] [hivemq] [421c3ebb] WARN  - 
2025-01-28 20:46:56,502 INFO c.h.h.t.HelmChartContainer - [test-hivemq-platform] [hivemq] [421c3ebb] ################################################################################################################
2025-01-28 20:46:56,502 INFO c.h.h.t.HelmChartContainer - [test-hivemq-platform] [hivemq] [421c3ebb] # This HiveMQ deployment is not secure! You are lacking Authentication and Authorization.                      #
2025-01-28 20:46:56,502 INFO c.h.h.t.HelmChartContainer - [test-hivemq-platform] [hivemq] [421c3ebb] # Right now any MQTT client can connect to the broker with a full set of permissions.                          #
2025-01-28 20:46:56,502 INFO c.h.h.t.HelmChartContainer - [test-hivemq-platform] [hivemq] [421c3ebb] # For production usage, add an appropriate security extension and remove the hivemq-allow-all extension.       #
2025-01-28 20:46:56,502 INFO c.h.h.t.HelmChartContainer - [test-hivemq-platform] [hivemq] [421c3ebb] # You can download security extensions from the HiveMQ Marketplace (https://www.hivemq.com/extensions/).       #
2025-01-28 20:46:56,502 INFO c.h.h.t.HelmChartContainer - [test-hivemq-platform] [hivemq] [421c3ebb] ################################################################################################################
2025-01-28 20:46:56,567 INFO c.h.h.t.HelmChartContainer - [test-hivemq-platform] [hivemq] [421c3ebb] INFO  - Extension "Allow All Extension" version 1.1.1 started successfully.
2025-01-28 20:46:56,776 INFO c.h.h.t.HelmChartContainer - [test-hivemq-platform] [hivemq] [421c3ebb] INFO  - [HiveMQ Platform Operator Init App 1.7.0-SNAPSHOT] Returning Health API response 503 for readiness
2025-01-28 20:46:58,574 INFO c.h.h.t.HelmChartContainer - [test-hivemq-platform] [hivemq] [421c3ebb] INFO  - reWJL: no members discovered after 2374 ms: creating cluster as first member
2025-01-28 20:46:58,579 INFO c.h.h.t.HelmChartContainer - [test-hivemq-platform] [hivemq] [421c3ebb] INFO  - Cluster nodes found by discovery: [reWJL|0] (1) [reWJL].
2025-01-28 20:46:58,669 INFO c.h.h.t.HelmChartContainer - [test-hivemq-platform] [hivemq] [421c3ebb] WARN  - No user for HiveMQ Control Center configured. Starting with default user
2025-01-28 20:46:58,669 INFO c.h.h.t.HelmChartContainer - [test-hivemq-platform] [hivemq] [421c3ebb] INFO  - Starting HiveMQ Control Center on address 0.0.0.0 and port 8080
2025-01-28 20:46:58,671 INFO c.h.h.t.HelmChartContainer - [test-hivemq-platform] [hivemq] [421c3ebb] INFO  - Mounting HiveMQ Control Center V2 Preview
2025-01-28 20:46:59,283 INFO c.h.h.t.HelmChartContainer - [test-hivemq-platform] [hivemq] [421c3ebb] INFO  - Started HiveMQ Control Center in 615ms
2025-01-28 20:46:59,380 INFO c.h.h.t.HelmChartContainer - [test-hivemq-platform] [hivemq] [421c3ebb] INFO  - Starting TCP listener on address 0.0.0.0 and port 1883
2025-01-28 20:46:59,476 INFO c.h.h.t.HelmChartContainer - [test-hivemq-platform] [hivemq] [421c3ebb] INFO  - Started TCP Listener on address 0.0.0.0 and on port 1883.
2025-01-28 20:46:59,476 INFO c.h.h.t.HelmChartContainer - [test-hivemq-platform] [hivemq] [421c3ebb] INFO  - Started HiveMQ in 32609ms
2025-01-28 20:47:00,215 INFO c.h.h.t.HelmChartContainer - [test-hivemq-platform] [hivemq] [421c3ebb] INFO  - [HiveMQ Platform Operator Init App 1.7.0-SNAPSHOT] Returning Health API response 200 for readiness
2025-01-28 20:47:00,224 INFO c.h.h.t.HelmChartContainer - [POD] test-hivemq-platform-0 [421c3ebb-1f65-4feb-8b9a-af433aed6d97] in helmdatahublicensesit was MODIFIED
2025-01-28 20:47:00,244 INFO c.h.h.t.HelmChartContainer - [hivemq-test-hivemq-platform] [hivemq-platform-operator] [1c9a621b] 20:47:00.233 [pool-6-thread-43] DEBUG c.h.p.o.d.PlatformServiceResource - [helmdata] Desired Platform services (3 services)
2025-01-28 20:47:00,244 INFO c.h.h.t.HelmChartContainer - [hivemq-test-hivemq-platform] [hivemq-platform-operator] [1c9a621b] 20:47:00.237 [pool-6-thread-46] DEBUG c.h.p.o.d.PodServiceAccountResource - [helmdata] Desired PodServiceAccountResource (serviceAccountName: hivemq-platform-pod-test-hivemq-platform)
2025-01-28 20:47:00,244 INFO c.h.h.t.HelmChartContainer - [hivemq-test-hivemq-platform] [hivemq-platform-operator] [1c9a621b] 20:47:00.240 [pool-6-thread-47] DEBUG c.h.p.o.dependants.PodInfoConfigMap - [helmdata] Desired PodInfo ConfigMap (1 extensions) (1 enabled)
2025-01-28 20:47:00,244 INFO c.h.h.t.HelmChartContainer - [hivemq-test-hivemq-platform] [hivemq-platform-operator] [1c9a621b] 20:47:00.240 [pool-6-thread-47] DEBUG c.h.p.o.dependants.PodInfoConfigMap - [helmdata] Desired PodInfo ConfigMap (metrics port: 9399) (metrics path: /)
2025-01-28 20:47:00,244 INFO c.h.h.t.HelmChartContainer - [hivemq-test-hivemq-platform] [hivemq-platform-operator] [1c9a621b] 20:47:00.240 [pool-6-thread-47] DEBUG c.h.p.o.dependants.PodInfoConfigMap - [helmdata] Desired PodInfo ConfigMap (extension state hash: -1817474005)
2025-01-28 20:47:00,249 INFO c.h.h.t.HelmChartContainer - [hivemq-test-hivemq-platform] [hivemq-platform-operator] [1c9a621b] 20:47:00.248 [pool-6-thread-46] DEBUG c.h.p.o.d.StatefulSetResource - [helmdata] Desired StatefulSet (1 replicas) for status STARTING (READY)
2025-01-28 20:47:00,292 INFO c.h.h.t.HelmChartContainer - [hivemq-test-hivemq-platform] [hivemq-platform-operator] [1c9a621b] 20:47:00.290 [ReconcilerExecutor-hivemq-controller-112] INFO  c.h.p.o.HiveMQPlatformReconciler - [helmdata] Reconciling HiveMQ Platform 'test-hivemq-platform' in namespace 'helmdatahublicensesit'
2025-01-28 20:47:00,292 INFO c.h.h.t.HelmChartContainer - [hivemq-test-hivemq-platform] [hivemq-platform-operator] [1c9a621b] 20:47:00.290 [ReconcilerExecutor-hivemq-controller-112] DEBUG c.h.p.o.HiveMQPlatformReconciler - [helmdata] Custom Resource Status STARTING - HiveMQ Platform is starting (READY)
2025-01-28 20:47:00,292 INFO c.h.h.t.HelmChartContainer - [hivemq-test-hivemq-platform] [hivemq-platform-operator] [1c9a621b] 20:47:00.290 [ReconcilerExecutor-hivemq-controller-112] DEBUG c.h.p.o.HiveMQPlatformReconciler - [helmdata] Custom Resource Spec (replicas: 1) (extensions: 1)
2025-01-28 20:47:00,293 INFO c.h.h.t.HelmChartContainer - [hivemq-test-hivemq-platform] [hivemq-platform-operator] [1c9a621b] 20:47:00.292 [ReconcilerExecutor-hivemq-controller-112] DEBUG c.h.p.o.HiveMQPlatformReconciler - [helmdata] StatefulSet Status (revision: test-hivemq-platform-fdf777cf6, replicas: 1, available: 1, ready: 1, current: 1, updated: 1)
2025-01-28 20:47:00,294 INFO c.h.h.t.HelmChartContainer - [hivemq-test-hivemq-platform] [hivemq-platform-operator] [1c9a621b] 20:47:00.292 [ReconcilerExecutor-hivemq-controller-112] DEBUG c.h.p.o.HiveMQPlatformReconciler - [helmdata] StatefulSet Spec (replicas: 1, init containers: 1, containers: 1, volumes: 4)
2025-01-28 20:47:00,295 INFO c.h.h.t.HelmChartContainer - [hivemq-test-hivemq-platform] [hivemq-platform-operator] [1c9a621b] 20:47:00.293 [ReconcilerExecutor-hivemq-controller-112] DEBUG c.h.p.o.h.HiveMQPlatformReconcilerErrorHandler - [helmdata] Pod 'test-hivemq-platform-0' phase Running
2025-01-28 20:47:00,295 INFO c.h.h.t.HelmChartContainer - [hivemq-test-hivemq-platform] [hivemq-platform-operator] [1c9a621b] 20:47:00.294 [ReconcilerExecutor-hivemq-controller-112] INFO  c.h.p.o.h.HiveMQPlatformReconcilerBaseHandler - [helmdata] HiveMQ Platform started successfully
2025-01-28 20:47:00,390 INFO c.h.h.t.HelmChartContainer - [hivemq-test-hivemq-platform] [hivemq-platform-operator] [1c9a621b] 20:47:00.389 [ReconcilerExecutor-hivemq-controller-112] DEBUG c.h.p.operator.event.EventSender - [helmdata] Creating K8s event hivemq-platform-ready: [Ready] HiveMQ Platform is ready
2025-01-28 20:47:00,396 INFO c.h.h.t.HelmChartContainer - [EVENT] Normal [Ready] HiveMQ Platform is ready [helmdatahublicensesit:test-hivemq-platform]
2025-01-28 20:47:00,396 INFO c.h.h.t.HelmChartContainer - [hivemq-test-hivemq-platform] [hivemq-platform-operator] [1c9a621b] 20:47:00.394 [ReconcilerExecutor-hivemq-controller-112] INFO  c.h.p.o.h.AbstractHiveMQReconcilerStateHandler - [helmdata] Update HiveMQ Platform Status (STARTING [READY] -> RUNNING [READY]): HiveMQ Platform is ready
2025-01-28 20:47:00,403 DEBUG com.hivemq.helmcharts.util.K8sUtil - Comparing actual state 'RUNNING' and waiting for 'RUNNING'
2025-01-28 20:47:00,410 INFO c.h.h.t.HelmChartContainer - [hivemq-test-hivemq-platform] [hivemq-platform-operator] [1c9a621b] 20:47:00.408 [pool-6-thread-2] DEBUG c.h.p.o.dependants.PodInfoConfigMap - [helmdata] Desired PodInfo ConfigMap (1 extensions) (1 enabled)
2025-01-28 20:47:00,410 INFO c.h.h.t.HelmChartContainer - [hivemq-test-hivemq-platform] [hivemq-platform-operator] [1c9a621b] 20:47:00.408 [pool-6-thread-2] DEBUG c.h.p.o.dependants.PodInfoConfigMap - [helmdata] Desired PodInfo ConfigMap (metrics port: 9399) (metrics path: /)
2025-01-28 20:47:00,410 INFO c.h.h.t.HelmChartContainer - [hivemq-test-hivemq-platform] [hivemq-platform-operator] [1c9a621b] 20:47:00.408 [pool-6-thread-1] DEBUG c.h.p.o.d.PodServiceAccountResource - [helmdata] Desired PodServiceAccountResource (serviceAccountName: hivemq-platform-pod-test-hivemq-platform)
2025-01-28 20:47:00,410 INFO c.h.h.t.HelmChartContainer - [hivemq-test-hivemq-platform] [hivemq-platform-operator] [1c9a621b] 20:47:00.408 [pool-6-thread-2] DEBUG c.h.p.o.dependants.PodInfoConfigMap - [helmdata] Desired PodInfo ConfigMap (extension state hash: -1817474005)
2025-01-28 20:47:00,411 INFO c.h.h.t.HelmChartContainer - [hivemq-test-hivemq-platform] [hivemq-platform-operator] [1c9a621b] 20:47:00.409 [pool-6-thread-2] DEBUG c.h.p.o.dependants.PodInfoConfigMap - [helmdata] Update PodInfo ConfigMap
2025-01-28 20:47:00,490 INFO c.h.h.t.HelmChartContainer - [hivemq-test-hivemq-platform] [hivemq-platform-operator] [1c9a621b] 20:47:00.409 [pool-6-thread-4] DEBUG c.h.p.o.d.PlatformServiceResource - [helmdata] Desired Platform services (3 services)
2025-01-28 20:47:00,502 INFO c.h.h.t.HelmChartContainer - [hivemq-test-hivemq-platform] [hivemq-platform-operator] [1c9a621b] 20:47:00.500 [pool-6-thread-2] DEBUG c.h.p.o.d.StatefulSetResource - [helmdata] Desired StatefulSet (1 replicas) for status RUNNING (READY)
2025-01-28 20:47:00,505 INFO c.h.h.t.HelmChartContainer - [hivemq-test-hivemq-platform] [hivemq-platform-operator] [1c9a621b] 20:47:00.504 [ReconcilerExecutor-hivemq-controller-113] INFO  c.h.p.o.HiveMQPlatformReconciler - [helmdata] Reconciling HiveMQ Platform 'test-hivemq-platform' in namespace 'helmdatahublicensesit'
2025-01-28 20:47:00,505 INFO c.h.h.t.HelmChartContainer - [hivemq-test-hivemq-platform] [hivemq-platform-operator] [1c9a621b] 20:47:00.504 [ReconcilerExecutor-hivemq-controller-113] DEBUG c.h.p.o.HiveMQPlatformReconciler - [helmdata] Custom Resource Status RUNNING - HiveMQ Platform is ready (READY)
2025-01-28 20:47:00,505 INFO c.h.h.t.HelmChartContainer - [hivemq-test-hivemq-platform] [hivemq-platform-operator] [1c9a621b] 20:47:00.504 [ReconcilerExecutor-hivemq-controller-113] DEBUG c.h.p.o.HiveMQPlatformReconciler - [helmdata] Custom Resource Spec (replicas: 1) (extensions: 1)
2025-01-28 20:47:00,591 INFO c.h.h.t.HelmChartContainer - [hivemq-test-hivemq-platform] [hivemq-platform-operator] [1c9a621b] 20:47:00.589 [ReconcilerExecutor-hivemq-controller-113] DEBUG c.h.p.o.HiveMQPlatformReconciler - [helmdata] StatefulSet Status (revision: test-hivemq-platform-fdf777cf6, replicas: 1, available: 1, ready: 1, current: 1, updated: 1)
2025-01-28 20:47:00,591 INFO c.h.h.t.HelmChartContainer - [hivemq-test-hivemq-platform] [hivemq-platform-operator] [1c9a621b] 20:47:00.589 [ReconcilerExecutor-hivemq-controller-113] DEBUG c.h.p.o.HiveMQPlatformReconciler - [helmdata] StatefulSet Spec (replicas: 1, init containers: 1, containers: 1, volumes: 4)
2025-01-28 20:47:00,592 INFO c.h.h.t.HelmChartContainer - [hivemq-test-hivemq-platform] [hivemq-platform-operator] [1c9a621b] 20:47:00.591 [ReconcilerExecutor-hivemq-controller-113] DEBUG c.h.p.o.h.HiveMQPlatformReconcilerErrorHandler - [helmdata] Pod 'test-hivemq-platform-0' phase Running
2025-01-28 20:47:04,423 INFO c.h.h.t.HelmChartContainer - Uninstalling release 'test-hivemq-platform' in namespace 'helmdatahublicensesit'...
2025-01-28 20:47:04,423 DEBUG c.h.h.t.HelmChartContainer - Executing helm command: /bin/helm --kubeconfig /etc/rancher/k3s/k3s.yaml uninstall test-hivemq-platform  --wait --timeout 5m0s --cascade foreground --namespace helmdatahublicensesit
2025-01-28 20:47:04,610 INFO c.h.h.t.HelmChartContainer - [hivemq-test-hivemq-platform] [hivemq-platform-operator] [1c9a621b] 20:47:04.608 [pool-6-thread-15] DEBUG c.h.p.o.d.PlatformServiceResource - [helmdata] Desired Platform services (3 services)
2025-01-28 20:47:04,612 INFO c.h.h.t.HelmChartContainer - [hivemq-test-hivemq-platform] [hivemq-platform-operator] [1c9a621b] 20:47:04.609 [pool-6-thread-14] DEBUG c.h.p.o.d.PodServiceAccountResource - [helmdata] Desired PodServiceAccountResource (serviceAccountName: hivemq-platform-pod-test-hivemq-platform)
2025-01-28 20:47:04,614 INFO c.h.h.t.HelmChartContainer - [hivemq-test-hivemq-platform] [hivemq-platform-operator] [1c9a621b] 20:47:04.608 [pool-6-thread-19] DEBUG c.h.p.o.dependants.PodInfoConfigMap - [helmdata] Desired PodInfo ConfigMap (1 extensions) (1 enabled)
2025-01-28 20:47:04,614 INFO c.h.h.t.HelmChartContainer - [hivemq-test-hivemq-platform] [hivemq-platform-operator] [1c9a621b] 20:47:04.612 [pool-6-thread-19] DEBUG c.h.p.o.dependants.PodInfoConfigMap - [helmdata] Desired PodInfo ConfigMap (metrics port: 9399) (metrics path: /)
2025-01-28 20:47:04,614 INFO c.h.h.t.HelmChartContainer - [hivemq-test-hivemq-platform] [hivemq-platform-operator] [1c9a621b] 20:47:04.613 [pool-6-thread-19] DEBUG c.h.p.o.dependants.PodInfoConfigMap - [helmdata] Desired PodInfo ConfigMap (extension state hash: -1817474005)
2025-01-28 20:47:04,617 INFO c.h.h.t.HelmChartContainer - [hivemq-test-hivemq-platform] [hivemq-platform-operator] [1c9a621b] 20:47:04.615 [pool-6-thread-18] DEBUG c.h.p.o.d.StatefulSetResource - [helmdata] Desired StatefulSet (1 replicas) for status RUNNING (READY)
2025-01-28 20:47:04,693 INFO c.h.h.t.HelmChartContainer - [hivemq-test-hivemq-platform] [hivemq-platform-operator] [1c9a621b] 20:47:04.690 [ReconcilerExecutor-hivemq-controller-114] INFO  c.h.p.o.HiveMQPlatformReconciler - [helmdata] Reconciling HiveMQ Platform 'test-hivemq-platform' in namespace 'helmdatahublicensesit'
2025-01-28 20:47:04,693 INFO c.h.h.t.HelmChartContainer - [hivemq-test-hivemq-platform] [hivemq-platform-operator] [1c9a621b] 20:47:04.690 [ReconcilerExecutor-hivemq-controller-114] DEBUG c.h.p.o.HiveMQPlatformReconciler - [helmdata] Custom Resource Status RUNNING - HiveMQ Platform is ready (READY)
2025-01-28 20:47:04,693 INFO c.h.h.t.HelmChartContainer - [hivemq-test-hivemq-platform] [hivemq-platform-operator] [1c9a621b] 20:47:04.690 [ReconcilerExecutor-hivemq-controller-114] DEBUG c.h.p.o.HiveMQPlatformReconciler - [helmdata] Custom Resource Spec (replicas: 1) (extensions: 1)
2025-01-28 20:47:04,693 INFO c.h.h.t.HelmChartContainer - [hivemq-test-hivemq-platform] [hivemq-platform-operator] [1c9a621b] 20:47:04.691 [ReconcilerExecutor-hivemq-controller-114] WARN  c.h.p.o.h.HiveMQPlatformReconcilerErrorHandler - [helmdata] Could not find ConfigMap 'hivemq-configuration-test-hivemq-platform' for HiveMQ Platform configuration
2025-01-28 20:47:04,801 INFO c.h.h.t.HelmChartContainer - [hivemq-test-hivemq-platform] [hivemq-platform-operator] [1c9a621b] 20:47:04.800 [ReconcilerExecutor-hivemq-controller-114] DEBUG c.h.p.operator.event.EventSender - [helmdata] Creating K8s event hivemq-platform-invalid-configuration: [Start] Could not find ConfigMap 'hivemq-configuration-test-hivemq-platform' for HiveMQ Platform configuration
2025-01-28 20:47:04,806 INFO c.h.h.t.HelmChartContainer - [EVENT] Warning [Start] Could not find ConfigMap 'hivemq-configuration-test-hivemq-platform' for HiveMQ Platform configuration [helmdatahublicensesit:test-hivemq-platform]
2025-01-28 20:47:04,850 INFO c.h.h.t.HelmChartContainer - [hivemq-test-hivemq-platform] [hivemq-platform-operator] [1c9a621b] 20:47:04.849 [ReconcilerExecutor-hivemq-controller-114] INFO  c.h.p.o.h.AbstractHiveMQReconcilerStateHandler - [helmdata] Update HiveMQ Platform Status (RUNNING [READY] -> ERROR [INVALID_CONFIG_MAP]): Could not find ConfigMap 'hivemq-configuration-test-hivemq-platform' for HiveMQ Platform configuration
2025-01-28 20:47:04,898 INFO c.h.h.t.HelmChartContainer - [hivemq-test-hivemq-platform] [hivemq-platform-operator] [1c9a621b] 20:47:04.895 [ReconcilerExecutor-hivemq-controller-114] ERROR i.j.o.p.event.EventProcessor - Error during event processing ExecutionScope{ resource id: ResourceID{name='test-hivemq-platform', namespace='helmdatahublicensesit'}, version: 1375}
2025-01-28 20:47:04,899 INFO c.h.h.t.HelmChartContainer - [hivemq-test-hivemq-platform] [hivemq-platform-operator] [1c9a621b] io.fabric8.kubernetes.client.KubernetesClientException: Failure executing: PUT at: https://10.43.0.1:443/apis/hivemq.com/v1/namespaces/helmdatahublicensesit/hivemq-platforms/test-hivemq-platform/status. Message: Operation cannot be fulfilled on hivemq-platforms.hivemq.com "test-hivemq-platform": the object has been modified; please apply your changes to the latest version and try again. Received status: Status(apiVersion=v1, code=409, details=StatusDetails(causes=[], group=hivemq.com, kind=hivemq-platforms, name=test-hivemq-platform, retryAfterSeconds=null, uid=null, additionalProperties={}), kind=Status, message=Operation cannot be fulfilled on hivemq-platforms.hivemq.com "test-hivemq-platform": the object has been modified; please apply your changes to the latest version and try again, metadata=ListMeta(_continue=null, remainingItemCount=null, resourceVersion=null, selfLink=null, additionalProperties={}), reason=Conflict, status=Failure, additionalProperties={}).
2025-01-28 20:47:04,899 INFO c.h.h.t.HelmChartContainer - [hivemq-test-hivemq-platform] [hivemq-platform-operator] [1c9a621b] 	at io.fabric8.kubernetes.client.KubernetesClientException.copyAsCause(KubernetesClientException.java:238)
2025-01-28 20:47:04,899 INFO c.h.h.t.HelmChartContainer - [hivemq-test-hivemq-platform] [hivemq-platform-operator] [1c9a621b] 	at io.fabric8.kubernetes.client.dsl.internal.OperationSupport.waitForResult(OperationSupport.java:507)
2025-01-28 20:47:04,899 INFO c.h.h.t.HelmChartContainer - [hivemq-test-hivemq-platform] [hivemq-platform-operator] [1c9a621b] 	at io.fabric8.kubernetes.client.dsl.internal.OperationSupport.handleResponse(OperationSupport.java:524)
2025-01-28 20:47:04,899 INFO c.h.h.t.HelmChartContainer - [hivemq-test-hivemq-platform] [hivemq-platform-operator] [1c9a621b] 	at io.fabric8.kubernetes.client.dsl.internal.OperationSupport.handleUpdate(OperationSupport.java:358)
2025-01-28 20:47:04,899 INFO c.h.h.t.HelmChartContainer - [hivemq-test-hivemq-platform] [hivemq-platform-operator] [1c9a621b] 	at io.fabric8.kubernetes.client.dsl.internal.BaseOperation.handleUpdate(BaseOperation.java:759)
2025-01-28 20:47:04,899 INFO c.h.h.t.HelmChartContainer - [hivemq-test-hivemq-platform] [hivemq-platform-operator] [1c9a621b] 	at io.fabric8.kubernetes.client.dsl.internal.HasMetadataOperation.update(HasMetadataOperation.java:138)
2025-01-28 20:47:04,899 INFO c.h.h.t.HelmChartContainer - [hivemq-test-hivemq-platform] [hivemq-platform-operator] [1c9a621b] 	at io.fabric8.kubernetes.client.dsl.internal.HasMetadataOperation.update(HasMetadataOperation.java:121)
2025-01-28 20:47:04,899 INFO c.h.h.t.HelmChartContainer - [hivemq-test-hivemq-platform] [hivemq-platform-operator] [1c9a621b] 	at io.fabric8.kubernetes.client.dsl.internal.HasMetadataOperation.updateStatus(HasMetadataOperation.java:126)
2025-01-28 20:47:04,899 INFO c.h.h.t.HelmChartContainer - [hivemq-test-hivemq-platform] [hivemq-platform-operator] [1c9a621b] 	at io.fabric8.kubernetes.client.dsl.internal.HasMetadataOperation.updateStatus(HasMetadataOperation.java:44)
2025-01-28 20:47:04,899 INFO c.h.h.t.HelmChartContainer - [hivemq-test-hivemq-platform] [hivemq-platform-operator] [1c9a621b] 	at io.javaoperatorsdk.operator.processing.event.ReconciliationDispatcher$CustomResourceFacade.updateStatus(ReconciliationDispatcher.java:408)
2025-01-28 20:47:04,899 INFO c.h.h.t.HelmChartContainer - [hivemq-test-hivemq-platform] [hivemq-platform-operator] [1c9a621b] 	at io.javaoperatorsdk.operator.processing.event.ReconciliationDispatcher.updateStatusGenerationAware(ReconciliationDispatcher.java:228)
2025-01-28 20:47:04,899 INFO c.h.h.t.HelmChartContainer - [hivemq-test-hivemq-platform] [hivemq-platform-operator] [1c9a621b] 	at io.javaoperatorsdk.operator.processing.event.ReconciliationDispatcher.reconcileExecution(ReconciliationDispatcher.java:150)
2025-01-28 20:47:04,899 INFO c.h.h.t.HelmChartContainer - [hivemq-test-hivemq-platform] [hivemq-platform-operator] [1c9a621b] 	at io.javaoperatorsdk.operator.processing.event.ReconciliationDispatcher.handleReconcile(ReconciliationDispatcher.java:117)
2025-01-28 20:47:04,899 INFO c.h.h.t.HelmChartContainer - [hivemq-test-hivemq-platform] [hivemq-platform-operator] [1c9a621b] 	at io.javaoperatorsdk.operator.processing.event.ReconciliationDispatcher.handleDispatch(ReconciliationDispatcher.java:91)
2025-01-28 20:47:04,899 INFO c.h.h.t.HelmChartContainer - [hivemq-test-hivemq-platform] [hivemq-platform-operator] [1c9a621b] 	at io.javaoperatorsdk.operator.processing.event.ReconciliationDispatcher.handleExecution(ReconciliationDispatcher.java:64)
2025-01-28 20:47:04,899 INFO c.h.h.t.HelmChartContainer - [hivemq-test-hivemq-platform] [hivemq-platform-operator] [1c9a621b] 	at io.javaoperatorsdk.operator.processing.event.EventProcessor$ReconcilerExecutor.run(EventProcessor.java:452)
2025-01-28 20:47:04,899 INFO c.h.h.t.HelmChartContainer - [hivemq-test-hivemq-platform] [hivemq-platform-operator] [1c9a621b] 	at java.base/java.util.concurrent.ThreadPoolExecutor.runWorker(Unknown Source)
2025-01-28 20:47:04,899 INFO c.h.h.t.HelmChartContainer - [hivemq-test-hivemq-platform] [hivemq-platform-operator] [1c9a621b] 	at java.base/java.util.concurrent.ThreadPoolExecutor$Worker.run(Unknown Source)
2025-01-28 20:47:04,899 INFO c.h.h.t.HelmChartContainer - [hivemq-test-hivemq-platform] [hivemq-platform-operator] [1c9a621b] 	at java.base/java.lang.Thread.run(Unknown Source)
2025-01-28 20:47:04,899 INFO c.h.h.t.HelmChartContainer - [hivemq-test-hivemq-platform] [hivemq-platform-operator] [1c9a621b] Caused by: io.fabric8.kubernetes.client.KubernetesClientException: Failure executing: PUT at: https://10.43.0.1:443/apis/hivemq.com/v1/namespaces/helmdatahublicensesit/hivemq-platforms/test-hivemq-platform/status. Message: Operation cannot be fulfilled on hivemq-platforms.hivemq.com "test-hivemq-platform": the object has been modified; please apply your changes to the latest version and try again. Received status: Status(apiVersion=v1, code=409, details=StatusDetails(causes=[], group=hivemq.com, kind=hivemq-platforms, name=test-hivemq-platform, retryAfterSeconds=null, uid=null, additionalProperties={}), kind=Status, message=Operation cannot be fulfilled on hivemq-platforms.hivemq.com "test-hivemq-platform": the object has been modified; please apply your changes to the latest version and try again, metadata=ListMeta(_continue=null, remainingItemCount=null, resourceVersion=null, selfLink=null, additionalProperties={}), reason=Conflict, status=Failure, additionalProperties={}).
2025-01-28 20:47:04,899 INFO c.h.h.t.HelmChartContainer - [hivemq-test-hivemq-platform] [hivemq-platform-operator] [1c9a621b] 	at io.fabric8.kubernetes.client.dsl.internal.OperationSupport.requestFailure(OperationSupport.java:660)
2025-01-28 20:47:04,899 INFO c.h.h.t.HelmChartContainer - [hivemq-test-hivemq-platform] [hivemq-platform-operator] [1c9a621b] 	at io.fabric8.kubernetes.client.dsl.internal.OperationSupport.requestFailure(OperationSupport.java:640)
2025-01-28 20:47:04,899 INFO c.h.h.t.HelmChartContainer - [hivemq-test-hivemq-platform] [hivemq-platform-operator] [1c9a621b] 	at io.fabric8.kubernetes.client.dsl.internal.OperationSupport.assertResponseCode(OperationSupport.java:589)
2025-01-28 20:47:04,899 INFO c.h.h.t.HelmChartContainer - [hivemq-test-hivemq-platform] [hivemq-platform-operator] [1c9a621b] 	at io.fabric8.kubernetes.client.dsl.internal.OperationSupport.lambda$handleResponse$0(OperationSupport.java:549)
2025-01-28 20:47:04,899 INFO c.h.h.t.HelmChartContainer - [hivemq-test-hivemq-platform] [hivemq-platform-operator] [1c9a621b] 	at java.base/java.util.concurrent.CompletableFuture$UniApply.tryFire(Unknown Source)
2025-01-28 20:47:04,899 INFO c.h.h.t.HelmChartContainer - [hivemq-test-hivemq-platform] [hivemq-platform-operator] [1c9a621b] 	at java.base/java.util.concurrent.CompletableFuture.postComplete(Unknown Source)
2025-01-28 20:47:04,899 INFO c.h.h.t.HelmChartContainer - [hivemq-test-hivemq-platform] [hivemq-platform-operator] [1c9a621b] 	at java.base/java.util.concurrent.CompletableFuture.complete(Unknown Source)
2025-01-28 20:47:04,899 INFO c.h.h.t.HelmChartContainer - [hivemq-test-hivemq-platform] [hivemq-platform-operator] [1c9a621b] 	at io.fabric8.kubernetes.client.http.StandardHttpClient.lambda$completeOrCancel$10(StandardHttpClient.java:141)
2025-01-28 20:47:04,899 INFO c.h.h.t.HelmChartContainer - [hivemq-test-hivemq-platform] [hivemq-platform-operator] [1c9a621b] 	at java.base/java.util.concurrent.CompletableFuture.uniWhenComplete(Unknown Source)
2025-01-28 20:47:04,899 INFO c.h.h.t.HelmChartContainer - [hivemq-test-hivemq-platform] [hivemq-platform-operator] [1c9a621b] 	at java.base/java.util.concurrent.CompletableFuture$UniWhenComplete.tryFire(Unknown Source)
2025-01-28 20:47:04,899 INFO c.h.h.t.HelmChartContainer - [hivemq-test-hivemq-platform] [hivemq-platform-operator] [1c9a621b] 	at java.base/java.util.concurrent.CompletableFuture.postComplete(Unknown Source)
2025-01-28 20:47:04,899 INFO c.h.h.t.HelmChartContainer - [hivemq-test-hivemq-platform] [hivemq-platform-operator] [1c9a621b] 	at java.base/java.util.concurrent.CompletableFuture.complete(Unknown Source)
2025-01-28 20:47:04,899 INFO c.h.h.t.HelmChartContainer - [hivemq-test-hivemq-platform] [hivemq-platform-operator] [1c9a621b] 	at io.fabric8.kubernetes.client.http.ByteArrayBodyHandler.onBodyDone(ByteArrayBodyHandler.java:51)
2025-01-28 20:47:04,899 INFO c.h.h.t.HelmChartContainer - [hivemq-test-hivemq-platform] [hivemq-platform-operator] [1c9a621b] 	at java.base/java.util.concurrent.CompletableFuture.uniWhenComplete(Unknown Source)
2025-01-28 20:47:04,899 INFO c.h.h.t.HelmChartContainer - [hivemq-test-hivemq-platform] [hivemq-platform-operator] [1c9a621b] 	at java.base/java.util.concurrent.CompletableFuture$UniWhenComplete.tryFire(Unknown Source)
2025-01-28 20:47:04,899 INFO c.h.h.t.HelmChartContainer - [hivemq-test-hivemq-platform] [hivemq-platform-operator] [1c9a621b] 	at java.base/java.util.concurrent.CompletableFuture.postComplete(Unknown Source)
2025-01-28 20:47:04,899 INFO c.h.h.t.HelmChartContainer - [hivemq-test-hivemq-platform] [hivemq-platform-operator] [1c9a621b] 	at java.base/java.util.concurrent.CompletableFuture.complete(Unknown Source)
2025-01-28 20:47:04,900 INFO c.h.h.t.HelmChartContainer - [hivemq-test-hivemq-platform] [hivemq-platform-operator] [1c9a621b] 	at io.fabric8.kubernetes.client.vertx.VertxHttpRequest.lambda$null$1(VertxHttpRequest.java:121)
2025-01-28 20:47:04,900 INFO c.h.h.t.HelmChartContainer - [hivemq-test-hivemq-platform] [hivemq-platform-operator] [1c9a621b] 	at io.vertx.core.impl.ContextInternal.dispatch(ContextInternal.java:279)
2025-01-28 20:47:04,900 INFO c.h.h.t.HelmChartContainer - [hivemq-test-hivemq-platform] [hivemq-platform-operator] [1c9a621b] 	at io.vertx.core.impl.ContextInternal.dispatch(ContextInternal.java:261)
2025-01-28 20:47:04,900 INFO c.h.h.t.HelmChartContainer - [hivemq-test-hivemq-platform] [hivemq-platform-operator] [1c9a621b] 	at io.vertx.core.http.impl.HttpEventHandler.handleEnd(HttpEventHandler.java:76)
2025-01-28 20:47:04,900 INFO c.h.h.t.HelmChartContainer - [hivemq-test-hivemq-platform] [hivemq-platform-operator] [1c9a621b] 	at io.vertx.core.http.impl.HttpClientResponseImpl.handleEnd(HttpClientResponseImpl.java:250)
2025-01-28 20:47:04,900 INFO c.h.h.t.HelmChartContainer - [hivemq-test-hivemq-platform] [hivemq-platform-operator] [1c9a621b] 	at io.vertx.core.http.impl.Http1xClientConnection$StreamImpl.lambda$new$0(Http1xClientConnection.java:421)
2025-01-28 20:47:04,900 INFO c.h.h.t.HelmChartContainer - [hivemq-test-hivemq-platform] [hivemq-platform-operator] [1c9a621b] 	at io.vertx.core.streams.impl.InboundBuffer.handleEvent(InboundBuffer.java:279)
2025-01-28 20:47:04,900 INFO c.h.h.t.HelmChartContainer - [hivemq-test-hivemq-platform] [hivemq-platform-operator] [1c9a621b] 	at io.vertx.core.streams.impl.InboundBuffer.write(InboundBuffer.java:157)
2025-01-28 20:47:04,900 INFO c.h.h.t.HelmChartContainer - [hivemq-test-hivemq-platform] [hivemq-platform-operator] [1c9a621b] 	at io.vertx.core.http.impl.Http1xClientConnection$StreamImpl.handleEnd(Http1xClientConnection.java:709)
2025-01-28 20:47:04,900 INFO c.h.h.t.HelmChartContainer - [hivemq-test-hivemq-platform] [hivemq-platform-operator] [1c9a621b] 	at io.vertx.core.impl.ContextImpl.lambda$execute$4(ContextImpl.java:315)
2025-01-28 20:47:04,900 INFO c.h.h.t.HelmChartContainer - [hivemq-test-hivemq-platform] [hivemq-platform-operator] [1c9a621b] 	at io.netty.util.concurrent.AbstractEventExecutor.runTask(AbstractEventExecutor.java:173)
2025-01-28 20:47:04,900 INFO c.h.h.t.HelmChartContainer - [hivemq-test-hivemq-platform] [hivemq-platform-operator] [1c9a621b] 	at io.netty.util.concurrent.AbstractEventExecutor.safeExecute(AbstractEventExecutor.java:166)
2025-01-28 20:47:04,900 INFO c.h.h.t.HelmChartContainer - [hivemq-test-hivemq-platform] [hivemq-platform-operator] [1c9a621b] 	at io.netty.util.concurrent.SingleThreadEventExecutor.runAllTasks(SingleThreadEventExecutor.java:472)
2025-01-28 20:47:04,900 INFO c.h.h.t.HelmChartContainer - [hivemq-test-hivemq-platform] [hivemq-platform-operator] [1c9a621b] 	at io.netty.channel.nio.NioEventLoop.run(NioEventLoop.java:569)
2025-01-28 20:47:04,900 INFO c.h.h.t.HelmChartContainer - [hivemq-test-hivemq-platform] [hivemq-platform-operator] [1c9a621b] 	at io.netty.util.concurrent.SingleThreadEventExecutor$4.run(SingleThreadEventExecutor.java:997)
2025-01-28 20:47:04,900 INFO c.h.h.t.HelmChartContainer - [hivemq-test-hivemq-platform] [hivemq-platform-operator] [1c9a621b] 	at io.netty.util.internal.ThreadExecutorMap$2.run(ThreadExecutorMap.java:74)
2025-01-28 20:47:04,900 INFO c.h.h.t.HelmChartContainer - [hivemq-test-hivemq-platform] [hivemq-platform-operator] [1c9a621b] 	at io.netty.util.concurrent.FastThreadLocalRunnable.run(FastThreadLocalRunnable.java:30)
2025-01-28 20:47:04,900 INFO c.h.h.t.HelmChartContainer - [hivemq-test-hivemq-platform] [hivemq-platform-operator] [1c9a621b] 	... 1 common frames omitted
2025-01-28 20:47:04,952 INFO c.h.h.t.HelmChartContainer - [hivemq-test-hivemq-platform] [hivemq-platform-operator] [1c9a621b] 20:47:04.950 [ReconcilerExecutor-hivemq-controller-121] INFO  c.h.p.o.HiveMQPlatformReconciler - [helmdata] Cleanup test-hivemq-platform - helmdatahublicensesit HiveMQ Platform is shut down
2025-01-28 20:47:05,387 INFO c.h.h.t.HelmChartContainer - [POD] test-hivemq-platform-0 [421c3ebb-1f65-4feb-8b9a-af433aed6d97] in helmdatahublicensesit was MODIFIED
2025-01-28 20:47:05,392 INFO c.h.h.t.HelmChartContainer - [EVENT] Normal [Killing] Stopping container hivemq [helmdatahublicensesit:test-hivemq-platform-0]
2025-01-28 20:47:05,392 INFO c.h.h.t.HelmChartContainer - Received Killing event for container hivemq in pod test-hivemq-platform-0 [421c3ebb-1f65-4feb-8b9a-af433aed6d97]
2025-01-28 20:47:05,392 INFO c.h.h.t.HelmChartContainer - Container [test-hivemq-platform-0] [hivemq] [421c3ebb-1f65-4feb-8b9a-af433aed6d97] was terminated
2025-01-28 20:47:05,392 INFO c.h.h.t.HelmChartContainer - Stopped log watcher for hivemq in pod test-hivemq-platform-0 [421c3ebb-1f65-4feb-8b9a-af433aed6d97]
2025-01-28 20:47:05,401 INFO c.h.h.t.HelmChartContainer - [test-hivemq-platform] [hivemq] [421c3ebb] INFO  - [HiveMQ Platform Operator Init App 1.7.0-SNAPSHOT] Shutting down
2025-01-28 20:47:05,403 INFO c.h.h.t.HelmChartContainer - [test-hivemq-platform] [hivemq] [421c3ebb] INFO  - [HiveMQ Platform Operator Init App 1.7.0-SNAPSHOT] Stopping the HiveMQ Platform
2025-01-28 20:47:05,602 INFO c.h.h.t.HelmChartContainer - [test-hivemq-platform] [hivemq] [421c3ebb] INFO  - Shutting down HiveMQ. Please wait, this could take a while...
2025-01-28 20:47:05,607 INFO c.h.h.t.HelmChartContainer - [test-hivemq-platform] [hivemq] [421c3ebb] INFO  - Shutting down listeners and clients
2025-01-28 20:47:05,608 INFO c.h.h.t.HelmChartContainer - [test-hivemq-platform] [hivemq] [421c3ebb] INFO  - Shutdown of listeners is done
2025-01-28 20:47:05,608 INFO c.h.h.t.HelmChartContainer - [test-hivemq-platform] [hivemq] [421c3ebb] INFO  - No clients are connected, proceeding with shutdown
2025-01-28 20:47:05,780 INFO c.h.h.t.HelmChartContainer - [K3S] [authentication.go:74] "Unable to authenticate the request" err="[invalid bearer token, serviceaccounts \"hivemq-platform-pod-test-hivemq-platform\" not found]"
2025-01-28 20:47:05,797 INFO c.h.h.t.HelmChartContainer - [K3S] [authentication.go:74] "Unable to authenticate the request" err="[invalid bearer token, serviceaccounts \"hivemq-platform-pod-test-hivemq-platform\" not found]"
2025-01-28 20:47:05,874 INFO c.h.h.t.HelmChartContainer - [test-hivemq-platform] [hivemq] [421c3ebb] WARN  - [HiveMQ Platform Operator Init App 1.7.0-SNAPSHOT] Could not update Pod annotations: Failure executing: GET at: https://10.43.0.1:443/api/v1/namespaces/helmdatahublicensesit/pods/test-hivemq-platform-0. Message: Unauthorized. Received status: Status(apiVersion=v1, code=401, details=null, kind=Status, message=Unauthorized, metadata=ListMeta(_continue=null, remainingItemCount=null, resourceVersion=null, selfLink=null, additionalProperties={}), reason=Unauthorized, status=Failure, additionalProperties={}).
2025-01-28 20:47:06,671 INFO c.h.h.t.HelmChartContainer - Deleting namespace 'helmdatahublicensesit'...
2025-01-28 20:47:09,471 INFO c.h.h.t.HelmChartContainer - [test-hivemq-platform] [hivemq] [421c3ebb] INFO  - Shutting down extension system
2025-01-28 20:47:09,476 INFO c.h.h.t.HelmChartContainer - [test-hivemq-platform] [hivemq] [421c3ebb] INFO  - Stopping extension with id hivemq-dns-cluster-discovery
2025-01-28 20:47:09,477 INFO c.h.h.t.HelmChartContainer - [test-hivemq-platform] [hivemq] [421c3ebb] INFO  - Extension "DNS Cluster Discovery Extension" version 4.3.2 stopped successfully.
2025-01-28 20:47:09,478 INFO c.h.h.t.HelmChartContainer - [test-hivemq-platform] [hivemq] [421c3ebb] INFO  - Stopping extension with id hivemq-prometheus-extension
2025-01-28 20:47:09,481 INFO c.h.h.t.HelmChartContainer - [test-hivemq-platform] [hivemq] [421c3ebb] INFO  - Extension "Prometheus Monitoring Extension" version 4.0.12 stopped successfully.
2025-01-28 20:47:09,482 INFO c.h.h.t.HelmChartContainer - [test-hivemq-platform] [hivemq] [421c3ebb] INFO  - Stopping extension with id hivemq-allow-all-extension
2025-01-28 20:47:09,482 INFO c.h.h.t.HelmChartContainer - [test-hivemq-platform] [hivemq] [421c3ebb] INFO  - Extension "Allow All Extension" version 1.1.1 stopped successfully.
2025-01-28 20:47:10,211 INFO c.h.h.t.HelmChartContainer - [test-hivemq-platform] [hivemq] [421c3ebb] INFO  - [HiveMQ Platform Operator Init App 1.7.0-SNAPSHOT] Returning shutdown Health API response 503 for readiness
2025-01-28 20:47:10,215 INFO c.h.h.t.HelmChartContainer - [EVENT] Warning [Unhealthy] Readiness probe failed: HTTP probe failed with statuscode: 503 [helmdatahublicensesit:test-hivemq-platform-0]
2025-01-28 20:47:10,215 INFO c.h.h.t.HelmChartContainer - Received Unhealthy event for container hivemq in pod test-hivemq-platform-0 [421c3ebb-1f65-4feb-8b9a-af433aed6d97]
2025-01-28 20:47:10,877 INFO c.h.h.t.HelmChartContainer - [K3S] [authentication.go:74] "Unable to authenticate the request" err="[invalid bearer token, serviceaccounts \"hivemq-platform-pod-test-hivemq-platform\" not found]"
2025-01-28 20:47:10,888 INFO c.h.h.t.HelmChartContainer - [K3S] [authentication.go:74] "Unable to authenticate the request" err="[invalid bearer token, serviceaccounts \"hivemq-platform-pod-test-hivemq-platform\" not found]"
2025-01-28 20:47:10,890 INFO c.h.h.t.HelmChartContainer - [test-hivemq-platform] [hivemq] [421c3ebb] WARN  - [HiveMQ Platform Operator Init App 1.7.0-SNAPSHOT] Could not update Pod annotations: Failure executing: GET at: https://10.43.0.1:443/api/v1/namespaces/helmdatahublicensesit/pods/test-hivemq-platform-0. Message: Unauthorized. Received status: Status(apiVersion=v1, code=401, details=null, kind=Status, message=Unauthorized, metadata=ListMeta(_continue=null, remainingItemCount=null, resourceVersion=null, selfLink=null, additionalProperties={}), reason=Unauthorized, status=Failure, additionalProperties={}).
2025-01-28 20:47:11,796 INFO c.h.h.t.HelmChartContainer - [K3S] [stateful_set.go:466] "StatefulSet has been deleted" key="helmdatahublicensesit/test-hivemq-platform"
2025-01-28 20:47:11,804 INFO c.h.h.t.HelmChartContainer - [test-hivemq-platform] [hivemq] [421c3ebb] INFO  - Shutdown completed.
2025-01-28 20:47:12,152 INFO c.h.h.t.HelmChartContainer - [test-hivemq-platform] [hivemq] [421c3ebb] INFO  - [HiveMQ Platform Operator Init App 1.7.0-SNAPSHOT] The HiveMQ Platform exited with code 143
2025-01-28 20:47:12,152 INFO c.h.h.t.HelmChartContainer - [test-hivemq-platform] [hivemq] [421c3ebb] INFO  - [HiveMQ Platform Operator Init App 1.7.0-SNAPSHOT] Stopping the REST API
2025-01-28 20:47:12,160 INFO c.h.h.t.HelmChartContainer - [test-hivemq-platform] [hivemq] [421c3ebb] INFO  - [HiveMQ Platform Operator Init App 1.7.0-SNAPSHOT] Shutdown complete
2025-01-28 20:47:12,614 INFO c.h.h.t.HelmChartContainer - [K3S] [pod_container_deletor.go:80] "Container not found in pod's containers" containerID="c8b4bcddf7b898a13d24cf3f40fa71ce6bdd6f57dffba1e25ba0f506f2eba65c"
2025-01-28 20:47:12,635 INFO c.h.h.t.HelmChartContainer - [POD] test-hivemq-platform-0 [421c3ebb-1f65-4feb-8b9a-af433aed6d97] in helmdatahublicensesit was MODIFIED
2025-01-28 20:47:12,752 INFO c.h.h.t.HelmChartContainer - [K3S] [reconciler_common.go:162] "operationExecutor.UnmountVolume started for volume \"kube-api-access-sjm2z\" (UniqueName: \"kubernetes.io/projected/421c3ebb-1f65-4feb-8b9a-af433aed6d97-kube-api-access-sjm2z\") pod \"421c3ebb-1f65-4feb-8b9a-af433aed6d97\" (UID: \"421c3ebb-1f65-4feb-8b9a-af433aed6d97\") "
2025-01-28 20:47:12,752 INFO c.h.h.t.HelmChartContainer - [K3S] [reconciler_common.go:162] "operationExecutor.UnmountVolume started for volume \"operator-init\" (UniqueName: \"kubernetes.io/empty-dir/421c3ebb-1f65-4feb-8b9a-af433aed6d97-operator-init\") pod \"421c3ebb-1f65-4feb-8b9a-af433aed6d97\" (UID: \"421c3ebb-1f65-4feb-8b9a-af433aed6d97\") "
2025-01-28 20:47:12,752 INFO c.h.h.t.HelmChartContainer - [K3S] [reconciler_common.go:162] "operationExecutor.UnmountVolume started for volume \"broker-configuration\" (UniqueName: \"kubernetes.io/configmap/421c3ebb-1f65-4feb-8b9a-af433aed6d97-broker-configuration\") pod \"421c3ebb-1f65-4feb-8b9a-af433aed6d97\" (UID: \"421c3ebb-1f65-4feb-8b9a-af433aed6d97\") "
2025-01-28 20:47:12,753 INFO c.h.h.t.HelmChartContainer - [K3S] [reconciler_common.go:162] "operationExecutor.UnmountVolume started for volume \"pod-info\" (UniqueName: \"kubernetes.io/configmap/421c3ebb-1f65-4feb-8b9a-af433aed6d97-pod-info\") pod \"421c3ebb-1f65-4feb-8b9a-af433aed6d97\" (UID: \"421c3ebb-1f65-4feb-8b9a-af433aed6d97\") "
2025-01-28 20:47:12,753 INFO c.h.h.t.HelmChartContainer - [K3S] [reconciler_common.go:162] "operationExecutor.UnmountVolume started for volume \"licenses\" (UniqueName: \"kubernetes.io/secret/421c3ebb-1f65-4feb-8b9a-af433aed6d97-licenses\") pod \"421c3ebb-1f65-4feb-8b9a-af433aed6d97\" (UID: \"421c3ebb-1f65-4feb-8b9a-af433aed6d97\") "
2025-01-28 20:47:12,852 INFO c.h.h.t.HelmChartContainer - [K3S] [reconciler_common.go:299] "Volume detached for volume \"broker-configuration\" (UniqueName: \"kubernetes.io/configmap/421c3ebb-1f65-4feb-8b9a-af433aed6d97-broker-configuration\") on node \"a8d56fe6a469\" DevicePath \"\""
2025-01-28 20:47:12,852 INFO c.h.h.t.HelmChartContainer - [K3S] [reconciler_common.go:299] "Volume detached for volume \"pod-info\" (UniqueName: \"kubernetes.io/configmap/421c3ebb-1f65-4feb-8b9a-af433aed6d97-pod-info\") on node \"a8d56fe6a469\" DevicePath \"\""
2025-01-28 20:47:12,852 INFO c.h.h.t.HelmChartContainer - [K3S] [reconciler_common.go:299] "Volume detached for volume \"licenses\" (UniqueName: \"kubernetes.io/secret/421c3ebb-1f65-4feb-8b9a-af433aed6d97-licenses\") on node \"a8d56fe6a469\" DevicePath \"\""
2025-01-28 20:47:12,852 INFO c.h.h.t.HelmChartContainer - [K3S] [reconciler_common.go:299] "Volume detached for volume \"kube-api-access-sjm2z\" (UniqueName: \"kubernetes.io/projected/421c3ebb-1f65-4feb-8b9a-af433aed6d97-kube-api-access-sjm2z\") on node \"a8d56fe6a469\" DevicePath \"\""
2025-01-28 20:47:12,852 INFO c.h.h.t.HelmChartContainer - [K3S] [reconciler_common.go:299] "Volume detached for volume \"operator-init\" (UniqueName: \"kubernetes.io/empty-dir/421c3ebb-1f65-4feb-8b9a-af433aed6d97-operator-init\") on node \"a8d56fe6a469\" DevicePath \"\""
2025-01-28 20:47:13,627 INFO c.h.h.t.HelmChartContainer - [POD] test-hivemq-platform-0 [421c3ebb-1f65-4feb-8b9a-af433aed6d97] in helmdatahublicensesit was MODIFIED
2025-01-28 20:47:13,632 INFO c.h.h.t.HelmChartContainer - [POD] test-hivemq-platform-0 [421c3ebb-1f65-4feb-8b9a-af433aed6d97] in helmdatahublicensesit was DELETED
2025-01-28 20:47:13,972 INFO c.h.h.t.HelmChartContainer - [K3S] [kubelet_volumes.go:163] "Cleaned up orphaned pod volumes dir" podUID="421c3ebb-1f65-4feb-8b9a-af433aed6d97" path="/var/lib/kubelet/pods/421c3ebb-1f65-4feb-8b9a-af433aed6d97/volumes"
2025-01-28 20:47:16,996 INFO c.h.h.t.HelmChartContainer - Namespace 'helmdatahublicensesit' deleted
2025-01-28 20:47:16,996 INFO c.h.h.t.HelmChartContainer - Release 'test-hivemq-platform' in namespace 'helmdatahublicensesit' is uninstalled
2025-01-28 20:47:16,996 INFO c.h.h.t.HelmChartContainer - Uninstalling release 'test-hivemq-platform-operator' in namespace 'helmdatahublicensesit-operator'...
2025-01-28 20:47:16,996 DEBUG c.h.h.t.HelmChartContainer - Executing helm command: /bin/helm --kubeconfig /etc/rancher/k3s/k3s.yaml uninstall test-hivemq-platform-operator  --wait --timeout 5m0s --cascade foreground --namespace helmdatahublicensesit-operator
2025-01-28 20:47:17,160 INFO c.h.h.t.HelmChartContainer - [K3S] [replica_set.go:679] "Finished syncing" kind="ReplicaSet" key="helmdatahublicensesit-operator/hivemq-test-hivemq-platform-operator-6966f96d65" duration="10.155168ms"
2025-01-28 20:47:17,160 INFO c.h.h.t.HelmChartContainer - [K3S] [replica_set.go:679] "Finished syncing" kind="ReplicaSet" key="helmdatahublicensesit-operator/hivemq-test-hivemq-platform-operator-6966f96d65" duration="39.224µs"
2025-01-28 20:47:17,178 INFO c.h.h.t.HelmChartContainer - [POD] hivemq-test-hivemq-platform-operator-6966f96d65-wsn7k [1c9a621b-1398-455b-a634-e0907db98c85] in helmdatahublicensesit-operator was MODIFIED
2025-01-28 20:47:17,192 INFO c.h.h.t.HelmChartContainer - [EVENT] Normal [Killing] Stopping container hivemq-platform-operator [helmdatahublicensesit-operator:hivemq-test-hivemq-platform-operator-6966f96d65-wsn7k]
2025-01-28 20:47:17,192 INFO c.h.h.t.HelmChartContainer - Received Killing event for container hivemq-platform-operator in pod hivemq-test-hivemq-platform-operator-6966f96d65-wsn7k [1c9a621b-1398-455b-a634-e0907db98c85]
2025-01-28 20:47:17,192 INFO c.h.h.t.HelmChartContainer - Container [hivemq-test-hivemq-platform-operator-6966f96d65-wsn7k] [hivemq-platform-operator] [1c9a621b-1398-455b-a634-e0907db98c85] was terminated
2025-01-28 20:47:17,192 INFO c.h.h.t.HelmChartContainer - Stopped log watcher for hivemq-platform-operator in pod hivemq-test-hivemq-platform-operator-6966f96d65-wsn7k [1c9a621b-1398-455b-a634-e0907db98c85]
2025-01-28 20:47:17,194 INFO c.h.h.t.HelmChartContainer - [K3S] [replica_set.go:679] "Finished syncing" kind="ReplicaSet" key="helmdatahublicensesit-operator/hivemq-test-hivemq-platform-operator-6966f96d65" duration="16.011741ms"
2025-01-28 20:47:17,195 INFO c.h.h.t.HelmChartContainer - [K3S] [replica_set.go:679] "Finished syncing" kind="ReplicaSet" key="helmdatahublicensesit-operator/hivemq-test-hivemq-platform-operator-6966f96d65" duration="59.181µs"
2025-01-28 20:47:17,251 INFO c.h.h.t.HelmChartContainer - [hivemq-test-hivemq-platform] [hivemq-platform-operator] [1c9a621b] 20:47:17.250 [application-shutdown-thread] INFO  c.h.p.o.HiveMQPlatformOperatorApplication - HiveMQ Platform Operator is stopping...
2025-01-28 20:47:17,251 INFO c.h.h.t.HelmChartContainer - [hivemq-test-hivemq-platform] [hivemq-platform-operator] [1c9a621b] 20:47:17.250 [application-shutdown-thread] INFO  i.javaoperatorsdk.operator.Operator - Operator SDK 4.9.7 is shutting down...
2025-01-28 20:47:17,818 INFO c.h.h.t.HelmChartContainer - [K3S] [replica_set.go:679] "Finished syncing" kind="ReplicaSet" key="helmdatahublicensesit-operator/hivemq-test-hivemq-platform-operator-6966f96d65" duration="53.189µs"
2025-01-28 20:47:17,819 INFO c.h.h.t.HelmChartContainer - [POD] hivemq-test-hivemq-platform-operator-6966f96d65-wsn7k [1c9a621b-1398-455b-a634-e0907db98c85] in helmdatahublicensesit-operator was MODIFIED
2025-01-28 20:47:17,881 INFO c.h.h.t.HelmChartContainer - [K3S] [reconciler_common.go:162] "operationExecutor.UnmountVolume started for volume \"kube-api-access-24llp\" (UniqueName: \"kubernetes.io/projected/1c9a621b-1398-455b-a634-e0907db98c85-kube-api-access-24llp\") pod \"1c9a621b-1398-455b-a634-e0907db98c85\" (UID: \"1c9a621b-1398-455b-a634-e0907db98c85\") "
2025-01-28 20:47:17,981 INFO c.h.h.t.HelmChartContainer - [K3S] [reconciler_common.go:299] "Volume detached for volume \"kube-api-access-24llp\" (UniqueName: \"kubernetes.io/projected/1c9a621b-1398-455b-a634-e0907db98c85-kube-api-access-24llp\") on node \"a8d56fe6a469\" DevicePath \"\""
2025-01-28 20:47:18,624 INFO c.h.h.t.HelmChartContainer - [K3S] [scope.go:117] "RemoveContainer" containerID="3272f2294cef1036fa4be7f83ba4f5256cd85ab59bb66627e2ad3ec0680c31db"
2025-01-28 20:47:18,627 INFO c.h.h.t.HelmChartContainer - [K3S] [scope.go:117] "RemoveContainer" containerID="3272f2294cef1036fa4be7f83ba4f5256cd85ab59bb66627e2ad3ec0680c31db"
2025-01-28 20:47:18,633 INFO c.h.h.t.HelmChartContainer - [K3S] [replica_set.go:679] "Finished syncing" kind="ReplicaSet" key="helmdatahublicensesit-operator/hivemq-test-hivemq-platform-operator-6966f96d65" duration="51.265µs"
2025-01-28 20:47:18,634 INFO c.h.h.t.HelmChartContainer - [POD] hivemq-test-hivemq-platform-operator-6966f96d65-wsn7k [1c9a621b-1398-455b-a634-e0907db98c85] in helmdatahublicensesit-operator was MODIFIED
2025-01-28 20:47:18,636 INFO c.h.h.t.HelmChartContainer - [K3S] [replica_set.go:679] "Finished syncing" kind="ReplicaSet" key="helmdatahublicensesit-operator/hivemq-test-hivemq-platform-operator-6966f96d65" duration="32.271µs"
2025-01-28 20:47:18,636 INFO c.h.h.t.HelmChartContainer - [POD] hivemq-test-hivemq-platform-operator-6966f96d65-wsn7k [1c9a621b-1398-455b-a634-e0907db98c85] in helmdatahublicensesit-operator was DELETED
2025-01-28 20:47:18,646 INFO c.h.h.t.HelmChartContainer - [K3S] [replica_set.go:679] "Finished syncing" kind="ReplicaSet" key="helmdatahublicensesit-operator/hivemq-test-hivemq-platform-operator-6966f96d65" duration="5.029µs"
2025-01-28 20:47:19,210 INFO c.h.h.t.HelmChartContainer - Deleting namespace 'helmdatahublicensesit-operator'...
2025-01-28 20:47:19,972 INFO c.h.h.t.HelmChartContainer - [K3S] [kubelet_volumes.go:163] "Cleaned up orphaned pod volumes dir" podUID="1c9a621b-1398-455b-a634-e0907db98c85" path="/var/lib/kubelet/pods/1c9a621b-1398-455b-a634-e0907db98c85/volumes"
2025-01-28 20:47:21,927 INFO c.h.h.t.HelmChartContainer - [K3S] [namespace_controller.go:187] "Namespace has been deleted" namespace="helmdatahublicensesit"
2025-01-28 20:47:24,088 INFO c.h.h.t.HelmChartContainer - [K3S] [scope.go:117] "RemoveContainer" containerID="c9c227de67634dd90511f0f82a169590da9e8725b962c80f6ca915b936be9154"
2025-01-28 20:47:24,090 INFO c.h.h.t.HelmChartContainer - [K3S] [scope.go:117] "RemoveContainer" containerID="9fb2cb402c5adade449bf52e2ad586b3e7fd514b7e6a0b9a9fdc284b9e81ab39"
2025-01-28 20:47:24,426 INFO c.h.h.t.HelmChartContainer - Namespace 'helmdatahublicensesit-operator' deleted
2025-01-28 20:47:24,427 INFO c.h.h.t.HelmChartContainer - Release 'test-hivemq-platform-operator' in namespace 'helmdatahublicensesit-operator' is uninstalled
2025-01-28 20:47:25,008 INFO c.h.helmcharts.AbstractHelmChartIT - Removed unused containers:

2025-01-28 20:47:29,336 INFO c.h.h.t.HelmChartContainer - [K3S] [namespace_controller.go:187] "Namespace has been deleted" namespace="helmdatahublicensesit-operator"
2025-01-28 20:47:32,621 INFO c.h.helmcharts.AbstractHelmChartIT - Removed unused snapshots:
Removing snapshot sha256:03af251906410714c5aef9fa705b63f6bbc39c4a5e787de7361eeb18886c2ed2
Removing snapshot sha256:0c46b3b43cce082ce5ec34ffc6c294e0417d17b9d1e6f366d114b6aadc4f96dc
Removing snapshot sha256:0ce761beee59082d6ed5bcebd3a805b8ddd9b3426b617e4809e7fb7c6587ffec
Removing snapshot sha256:0df91287303208332c8ff6ba40ae4710105201739addbfbddfb955f1ad593664
Removing snapshot sha256:1021ef88c7974bfff89c5a0ec4fd3160daac6c48a075f74cff721f85dd104e68
Removing snapshot sha256:10aba4953ddc18145dd38e3704709bc464aa20af60b56fe52caaff4b68411e62
Removing snapshot sha256:2573e0d8158209ed54ab25c87bcdcb00bd3d2539246960a3d592a1c599d70465
Removing snapshot sha256:362a8a37f8bbc31925a8146adcf7cf51f9882f5c1dcbef67c5baa03a297543c0
Removing snapshot sha256:3fa4ad33f0ddc8fd45b39b6b4640f82a3a83619606cd975bfe89d8710ad2d4cd
Removing snapshot sha256:43a7c979bbaba6838bc3102d6b10a1459f3ab050b87ccdfef84ef90cf43d3058
Removing snapshot sha256:4ab04491cdf0d3267f08206fe30bd48f49f94b9cab2f016d6739220f722a64af
Removing snapshot sha256:4b6068250e89c96f263060261819c7d912855bfbd64b3eb4c4a8483299b8c295
Removing snapshot sha256:580e69a0a8034ede1921139bbd2bfb72a69ebf276d008281896c32dd8bf74775
Removing snapshot sha256:5d30ba46b27fe37484567ccc5242cadc78217b8da605f3f195ef25cbf7487904
Removing snapshot sha256:63ca1fbb43ae5034640e5e6cb3e083e05c290072c5366fcaa9d62435a4cced85
Removing snapshot sha256:67117f2c584b1184be7fa3a94408fa79fc14661f83e5b91999087d83600f3209
Removing snapshot sha256:67f702c6baae873bceb19487c8b1f27bd2b86077e4f2f0e480e6d60ab508b8f5
Removing snapshot sha256:6864348dd42806d552efdec384f1274be15e2d0c10ce44c1f04347af004c10a9
Removing snapshot sha256:6c7dee8f2c39b84b7dc2711c01d33de93514d9055499173e9290176fbe484b6c
Removing snapshot sha256:82753493a6d61ded36556292f02f31841a14c20d2f279f19eaad65afb661d5cd
Removing snapshot sha256:8a10d3db42c505ee0fcfa98417bdd7e39b304f6bcc0a06bb1b220797ff2cc63c
Removing snapshot sha256:a21e5b12dbac529ad45d976eb9ce45c881f3bedcc500fb30aba1e52aa1813418
Removing snapshot sha256:aebd99f7e310798aef43313ee9f4c06b2b2a44070098c70085b0903dd568662b
Removing snapshot sha256:b921e6c28969094157f9b8e7244677780319637afd14450b7cb6b2fdea558a0c
Removing snapshot sha256:bc27ecb5769a00e309cf99ebc763c4a4b958b618d1decc96ffac5bc05f02f5b7
Removing snapshot sha256:be3ccb6627a5332e309d45ef461d09b4879dd870c7394d89323d0ebc6ca6aa8a
Removing snapshot sha256:c261f7cbbc64211ee175ee47273acdb7b1a36a4450b397a064a8f2c026490095
Removing snapshot sha256:c34d9393647eea0c9e3557ab988efaf59f61d10a2a5613b439ef0958cca5ec10
Removing snapshot sha256:ccf3c4a0fa967a41c1c83497a2ce6fa5787965859df0adb32c4ca2cf7490bc2b
Removing snapshot sha256:cf92d33f869417309692088c341cd0f223c178ea78a125f757317b22aa8f90e9
Removing snapshot sha256:d0037344cf2fb078884f1849f6a1f8cf9a33a3b6139b6a85833e5ee528e1f9a8
Removing snapshot sha256:d3b36d5b79273b1e98e7700470eaeff05a882e777124d84cebcc1505b85ecb36
Removing snapshot sha256:d65a44a37914602d12c611e5e22a50f11451d847e63015cc1c2aef92dee777a4
Removing snapshot sha256:e2dc0bae2455930f23ae570e019b7f32edc75c0f2d71cab084db837ff9051796
Removing snapshot sha256:eccbd24a99c60cd9e86ee5305dbfc4a4dc89f5ab4fb1f06c8d64797cecedef34
Removing snapshot sha256:f144bb4c7c7f0d2aa7eeffd36d934ec40db1ee167be727e326aad9fdc616f475

]]></system-out>
  </testcase>
  <system-out><![CDATA[2025-01-28 20:44:10,255 INFO c.h.h.t.HelmChartContainerExtension - Using cached HelmChartContainer instance
]]></system-out>
  <system-err><![CDATA[]]></system-err>
</testsuite>
