<?xml version="1.0" encoding="UTF-8"?>
<testsuite name="com.hivemq.helmcharts.services.HelmWebsocketsIT" tests="2" skipped="0" failures="0" errors="0" timestamp="2025-10-16T10:19:34" hostname="runnervmwhb2z" time="198.284">
  <properties/>
  <testcase name="platformChart_whenMtlsWebsocketEnabledWithDifferentPrivateKey_thenSendsReceivesMessage()" classname="com.hivemq.helmcharts.services.HelmWebsocketsIT" time="100.439"/>
  <testcase name="platformChart_whenMtlsWebsocketEnabled_thenSendsReceivesMessage()" classname="com.hivemq.helmcharts.services.HelmWebsocketsIT" time="97.845"/>
</testsuite>
