<?xml version="1.0" encoding="UTF-8"?>
<testsuite name="com.hivemq.helmcharts.services.HelmWebsocketsIT" tests="2" skipped="0" failures="0" errors="0" timestamp="2025-01-29T17:07:08" hostname="fv-az2023-458" time="210.575">
  <properties/>
  <testcase name="platformChart_whenMtlsWebsocketEnabledWithDifferentPrivateKey_thenSendsReceivesMessage(Path)" classname="com.hivemq.helmcharts.services.HelmWebsocketsIT" time="105.191">
    <system-out><![CDATA[2025-01-29 17:07:08,983 INFO c.h.h.t.HelmChartContainer - Creating namespace 'helmwebsocketsit-operator'...
2025-01-29 17:07:08,989 INFO c.h.h.t.HelmChartContainer - Namespace 'helmwebsocketsit-operator' created
2025-01-29 17:07:08,989 INFO c.h.h.t.HelmChartContainer - Creating namespace 'helmwebsocketsit'...
2025-01-29 17:07:09,001 INFO c.h.h.t.HelmChartContainer - Namespace 'helmwebsocketsit' created
2025-01-29 17:07:09,075 DEBUG c.h.h.t.HelmChartContainer - Executing helm command: /bin/helm --kubeconfig /etc/rancher/k3s/k3s.yaml install test-hivemq-platform-operator /charts/hivemq-platform-operator --wait --timeout 5m0s --set image.repository=docker.io/hivemq --set image.name=hivemq-platform-operator-test --set image.initImageName=hivemq-platform-operator-init-test --set image.tag=snapshot --set image.pullPolicy=Never --set logLevel=DEBUG --set resources.cpu=512m --namespace helmwebsocketsit-operator
2025-01-29 17:07:09,378 INFO c.h.h.t.HelmChartContainer - [K3S] [alloc.go:330] "allocated clusterIPs" service="helmwebsocketsit-operator/hivemq-platform-operator-test-hivemq-platform-operator" clusterIPs={"IPv4":"10.43.254.19"}
2025-01-29 17:07:09,391 INFO c.h.h.t.HelmChartContainer - [EVENT] Normal [ScalingReplicaSet] Scaled up replica set hivemq-test-hivemq-platform-operator-6966f96d65 from 0 to 1 [helmwebsocketsit-operator:hivemq-test-hivemq-platform-operator]
2025-01-29 17:07:09,400 INFO c.h.h.t.HelmChartContainer - [POD] hivemq-test-hivemq-platform-operator-6966f96d65-m2zhl [69ff6578-d576-4bcf-96af-d0620c1c0064] in helmwebsocketsit-operator was ADDED
2025-01-29 17:07:09,407 INFO c.h.h.t.HelmChartContainer - [POD] hivemq-test-hivemq-platform-operator-6966f96d65-m2zhl [69ff6578-d576-4bcf-96af-d0620c1c0064] in helmwebsocketsit-operator was MODIFIED
2025-01-29 17:07:09,407 INFO c.h.h.t.HelmChartContainer - [K3S] [memory_manager.go:355] "RemoveStaleState removing state" podUID="1640c683-e514-4456-a191-767f15caf532" containerName="hivemq-platform-operator"
2025-01-29 17:07:09,407 INFO c.h.h.t.HelmChartContainer - [K3S] [memory_manager.go:355] "RemoveStaleState removing state" podUID="7f426176-1634-478a-87d5-447caac20676" containerName="hivemq"
2025-01-29 17:07:09,410 INFO c.h.h.t.HelmChartContainer - [EVENT] Normal [SuccessfulCreate] Created pod: hivemq-test-hivemq-platform-operator-6966f96d65-m2zhl [helmwebsocketsit-operator:hivemq-test-hivemq-platform-operator-6966f96d65]
2025-01-29 17:07:09,411 INFO c.h.h.t.HelmChartContainer - [K3S] [replica_set.go:679] "Finished syncing" kind="ReplicaSet" key="helmwebsocketsit-operator/hivemq-test-hivemq-platform-operator-6966f96d65" duration="21.962757ms"
2025-01-29 17:07:09,417 INFO c.h.h.t.HelmChartContainer - [EVENT] Normal [Scheduled] Successfully assigned helmwebsocketsit-operator/hivemq-test-hivemq-platform-operator-6966f96d65-m2zhl to 864edd2a238e [helmwebsocketsit-operator:hivemq-test-hivemq-platform-operator-6966f96d65-m2zhl]
2025-01-29 17:07:09,424 INFO c.h.h.t.HelmChartContainer - [POD] hivemq-test-hivemq-platform-operator-6966f96d65-m2zhl [69ff6578-d576-4bcf-96af-d0620c1c0064] in helmwebsocketsit-operator was MODIFIED
2025-01-29 17:07:09,426 INFO c.h.h.t.HelmChartContainer - [K3S] [replica_set.go:679] "Finished syncing" kind="ReplicaSet" key="helmwebsocketsit-operator/hivemq-test-hivemq-platform-operator-6966f96d65" duration="15.857481ms"
2025-01-29 17:07:09,438 INFO c.h.h.t.HelmChartContainer - [K3S] [replica_set.go:679] "Finished syncing" kind="ReplicaSet" key="helmwebsocketsit-operator/hivemq-test-hivemq-platform-operator-6966f96d65" duration="11.999808ms"
2025-01-29 17:07:09,438 INFO c.h.h.t.HelmChartContainer - [K3S] [replica_set.go:679] "Finished syncing" kind="ReplicaSet" key="helmwebsocketsit-operator/hivemq-test-hivemq-platform-operator-6966f96d65" duration="34.193µs"
2025-01-29 17:07:09,560 INFO c.h.h.t.HelmChartContainer - [K3S] [reconciler_common.go:251] "operationExecutor.VerifyControllerAttachedVolume started for volume \"kube-api-access-wd4tw\" (UniqueName: \"kubernetes.io/projected/69ff6578-d576-4bcf-96af-d0620c1c0064-kube-api-access-wd4tw\") pod \"hivemq-test-hivemq-platform-operator-6966f96d65-m2zhl\" (UID: \"69ff6578-d576-4bcf-96af-d0620c1c0064\") " pod="helmwebsocketsit-operator/hivemq-test-hivemq-platform-operator-6966f96d65-m2zhl"
2025-01-29 17:07:09,801 INFO c.h.h.t.HelmChartContainer - [EVENT] Normal [Pulled] Container image "docker.io/hivemq/hivemq-platform-operator-test:snapshot" already present on machine [helmwebsocketsit-operator:hivemq-test-hivemq-platform-operator-6966f96d65-m2zhl]
2025-01-29 17:07:09,801 INFO c.h.h.t.HelmChartContainer - Received Pulled event for container hivemq-platform-operator in pod hivemq-test-hivemq-platform-operator-6966f96d65-m2zhl [69ff6578-d576-4bcf-96af-d0620c1c0064]
2025-01-29 17:07:11,048 INFO c.h.h.t.HelmChartContainer - [EVENT] Normal [Created] Created container: hivemq-platform-operator [helmwebsocketsit-operator:hivemq-test-hivemq-platform-operator-6966f96d65-m2zhl]
2025-01-29 17:07:11,048 INFO c.h.h.t.HelmChartContainer - Received Created event for container hivemq-platform-operator in pod hivemq-test-hivemq-platform-operator-6966f96d65-m2zhl [69ff6578-d576-4bcf-96af-d0620c1c0064]
2025-01-29 17:07:11,903 INFO c.h.h.t.HelmChartContainer - [K3S] [replica_set.go:679] "Finished syncing" kind="ReplicaSet" key="helmwebsocketsit-operator/hivemq-test-hivemq-platform-operator-6966f96d65" duration="591.682µs"
2025-01-29 17:07:11,904 INFO c.h.h.t.HelmChartContainer - [POD] hivemq-test-hivemq-platform-operator-6966f96d65-m2zhl [69ff6578-d576-4bcf-96af-d0620c1c0064] in helmwebsocketsit-operator was MODIFIED
2025-01-29 17:07:11,915 INFO c.h.h.t.HelmChartContainer - [EVENT] Normal [Started] Started container hivemq-platform-operator [helmwebsocketsit-operator:hivemq-test-hivemq-platform-operator-6966f96d65-m2zhl]
2025-01-29 17:07:11,915 INFO c.h.h.t.HelmChartContainer - Received Started event for container hivemq-platform-operator in pod hivemq-test-hivemq-platform-operator-6966f96d65-m2zhl [69ff6578-d576-4bcf-96af-d0620c1c0064]
2025-01-29 17:07:11,915 INFO c.h.h.t.HelmChartContainer - Started log watcher for hivemq-platform-operator in pod hivemq-test-hivemq-platform-operator-6966f96d65-m2zhl [69ff6578-d576-4bcf-96af-d0620c1c0064]
2025-01-29 17:07:11,915 INFO c.h.h.t.HelmChartContainer - [hivemq-test-hivemq-platform] [hivemq-platform-operator] [69ff6578] -------------------------------------------------------------------------
2025-01-29 17:07:11,915 INFO c.h.h.t.HelmChartContainer - [hivemq-test-hivemq-platform] [hivemq-platform-operator] [69ff6578] 
2025-01-29 17:07:11,915 INFO c.h.h.t.HelmChartContainer - [hivemq-test-hivemq-platform] [hivemq-platform-operator] [69ff6578]                   _    _  _              __  __   ____
2025-01-29 17:07:11,915 INFO c.h.h.t.HelmChartContainer - [hivemq-test-hivemq-platform] [hivemq-platform-operator] [69ff6578]                  | |  | |(_)            |  \/  | / __ \
2025-01-29 17:07:11,915 INFO c.h.h.t.HelmChartContainer - [hivemq-test-hivemq-platform] [hivemq-platform-operator] [69ff6578]                  | |__| | _ __   __ ___ | \  / || |  | |
2025-01-29 17:07:11,915 INFO c.h.h.t.HelmChartContainer - [hivemq-test-hivemq-platform] [hivemq-platform-operator] [69ff6578]                  |  __  || |\ \ / // _ \| |\/| || |  | |
2025-01-29 17:07:11,915 INFO c.h.h.t.HelmChartContainer - [hivemq-test-hivemq-platform] [hivemq-platform-operator] [69ff6578]                  | |  | || | \ V /|  __/| |  | || |__| |
2025-01-29 17:07:11,915 INFO c.h.h.t.HelmChartContainer - [hivemq-test-hivemq-platform] [hivemq-platform-operator] [69ff6578]                  |_|  |_||_|  \_/  \___||_|  |_| \___\_\
2025-01-29 17:07:11,915 INFO c.h.h.t.HelmChartContainer - [hivemq-test-hivemq-platform] [hivemq-platform-operator] [69ff6578] 
2025-01-29 17:07:11,915 INFO c.h.h.t.HelmChartContainer - [hivemq-test-hivemq-platform] [hivemq-platform-operator] [69ff6578] -------------------------------------------------------------------------
2025-01-29 17:07:11,915 INFO c.h.h.t.HelmChartContainer - [hivemq-test-hivemq-platform] [hivemq-platform-operator] [69ff6578] 
2025-01-29 17:07:11,915 INFO c.h.h.t.HelmChartContainer - [hivemq-test-hivemq-platform] [hivemq-platform-operator] [69ff6578]   HiveMQ Platform Operator Start Script v1.0
2025-01-29 17:07:11,915 INFO c.h.h.t.HelmChartContainer - [hivemq-test-hivemq-platform] [hivemq-platform-operator] [69ff6578] 
2025-01-29 17:07:11,915 INFO c.h.h.t.HelmChartContainer - [hivemq-test-hivemq-platform] [hivemq-platform-operator] [69ff6578] -------------------------------------------------------------------------
2025-01-29 17:07:11,916 INFO c.h.h.t.HelmChartContainer - [hivemq-test-hivemq-platform] [hivemq-platform-operator] [69ff6578] 
2025-01-29 17:07:11,916 INFO c.h.h.t.HelmChartContainer - [hivemq-test-hivemq-platform] [hivemq-platform-operator] [69ff6578]   JAVA_OPTS: -XX:+UnlockExperimentalVMOptions -XX:InitialRAMPercentage=75 -XX:MaxRAMPercentage=75 -Duser.language=en -Duser.region=US
2025-01-29 17:07:11,916 INFO c.h.h.t.HelmChartContainer - [hivemq-test-hivemq-platform] [hivemq-platform-operator] [69ff6578] 
2025-01-29 17:07:11,916 INFO c.h.h.t.HelmChartContainer - [hivemq-test-hivemq-platform] [hivemq-platform-operator] [69ff6578]   JAVA_VERSION: 21
2025-01-29 17:07:11,916 INFO c.h.h.t.HelmChartContainer - [hivemq-test-hivemq-platform] [hivemq-platform-operator] [69ff6578] 
2025-01-29 17:07:11,916 INFO c.h.h.t.HelmChartContainer - [hivemq-test-hivemq-platform] [hivemq-platform-operator] [69ff6578] -------------------------------------------------------------------------
2025-01-29 17:07:11,916 INFO c.h.h.t.HelmChartContainer - [hivemq-test-hivemq-platform] [hivemq-platform-operator] [69ff6578] 
2025-01-29 17:07:14,270 INFO c.h.h.t.HelmChartContainer - [hivemq-test-hivemq-platform] [hivemq-platform-operator] [69ff6578] 17:07:14.268 [main] DEBUG org.jboss.logging - Logging Provider: org.jboss.logging.Slf4jLoggerProvider
2025-01-29 17:07:14,451 INFO c.h.h.t.HelmChartContainer - [hivemq-test-hivemq-platform] [hivemq-platform-operator] [69ff6578] 17:07:14.450 [main] DEBUG io.smallrye.config - SRCFG01006: Loaded ConfigSource SysPropConfigSource with ordinal 400
2025-01-29 17:07:14,452 INFO c.h.h.t.HelmChartContainer - [hivemq-test-hivemq-platform] [hivemq-platform-operator] [69ff6578] 17:07:14.450 [main] DEBUG io.smallrye.config - SRCFG01006: Loaded ConfigSource EnvConfigSource with ordinal 300
2025-01-29 17:07:14,452 INFO c.h.h.t.HelmChartContainer - [hivemq-test-hivemq-platform] [hivemq-platform-operator] [69ff6578] 17:07:14.450 [main] DEBUG io.smallrye.config - SRCFG01006: Loaded ConfigSource PropertiesConfigSource[source=jar:file:///opt/hivemq-platform-operator/bin/hivemq-platform-operator.jar!/hivemq-platform-operator.properties] with ordinal 100
2025-01-29 17:07:14,452 INFO c.h.h.t.HelmChartContainer - [hivemq-test-hivemq-platform] [hivemq-platform-operator] [69ff6578] 17:07:14.450 [main] DEBUG io.smallrye.config - SRCFG01006: Loaded ConfigSource DefaultValuesConfigSource with ordinal -2147483648
2025-01-29 17:07:14,560 INFO c.h.h.t.HelmChartContainer - [hivemq-test-hivemq-platform] [hivemq-platform-operator] [69ff6578] 17:07:14.559 [main] DEBUG i.m.c.u.i.l.InternalLoggerFactory - Using SLF4J as the default logging framework
2025-01-29 17:07:14,665 INFO c.h.h.t.HelmChartContainer - [hivemq-test-hivemq-platform] [hivemq-platform-operator] [69ff6578] 17:07:14.658 [main] INFO  c.h.p.o.HiveMQPlatformOperatorApplication - HiveMQ Platform Operator 1.7.0-SNAPSHOT (commit: 8465ebf on branch: HEAD) built on Wed Jan 29 16:56:31 UTC 2025
2025-01-29 17:07:14,666 INFO c.h.h.t.HelmChartContainer - [hivemq-test-hivemq-platform] [hivemq-platform-operator] [69ff6578] 17:07:14.664 [main] INFO  c.h.p.o.HiveMQPlatformOperatorApplication - HiveMQ Platform Operator is running in namespace: helmwebsocketsit-operator
2025-01-29 17:07:14,666 INFO c.h.h.t.HelmChartContainer - [hivemq-test-hivemq-platform] [hivemq-platform-operator] [69ff6578] 17:07:14.664 [main] INFO  c.h.p.o.HiveMQPlatformOperatorApplication - Watching all namespaces
2025-01-29 17:07:14,666 INFO c.h.h.t.HelmChartContainer - [hivemq-test-hivemq-platform] [hivemq-platform-operator] [69ff6578] 17:07:14.664 [main] INFO  c.h.p.o.HiveMQPlatformOperatorApplication - Log level: DEBUG
2025-01-29 17:07:14,666 INFO c.h.h.t.HelmChartContainer - [hivemq-test-hivemq-platform] [hivemq-platform-operator] [69ff6578] 17:07:14.664 [main] INFO  c.h.p.o.HiveMQPlatformOperatorApplication - Release name: test-hivemq-platform-operator
2025-01-29 17:07:14,666 INFO c.h.h.t.HelmChartContainer - [hivemq-test-hivemq-platform] [hivemq-platform-operator] [69ff6578] 17:07:14.664 [main] INFO  c.h.p.o.HiveMQPlatformOperatorApplication - HiveMQ Platform Operator Init image: docker.io/hivemq/hivemq-platform-operator-init-test:snapshot
2025-01-29 17:07:14,666 INFO c.h.h.t.HelmChartContainer - [hivemq-test-hivemq-platform] [hivemq-platform-operator] [69ff6578] 17:07:14.664 [main] INFO  c.h.p.o.HiveMQPlatformOperatorApplication - HiveMQ Platform Operator Init App update URL: http://hivemq-platform-operator-test-hivemq-platform-operator.helmwebsocketsit-operator.svc:8080/initAppUpdate/hivemq-platform-operator-init-app-1.7.0-SNAPSHOT.jar
2025-01-29 17:07:14,666 INFO c.h.h.t.HelmChartContainer - [hivemq-test-hivemq-platform] [hivemq-platform-operator] [69ff6578] 17:07:14.664 [main] INFO  c.h.p.o.HiveMQPlatformOperatorApplication - Additional imagePullSecret for all Platform deployments: none
2025-01-29 17:07:14,666 INFO c.h.h.t.HelmChartContainer - [hivemq-test-hivemq-platform] [hivemq-platform-operator] [69ff6578] 17:07:14.664 [main] INFO  c.h.p.o.HiveMQPlatformOperatorApplication - Apply HiveMQ Platform CRD: true
2025-01-29 17:07:14,666 INFO c.h.h.t.HelmChartContainer - [hivemq-test-hivemq-platform] [hivemq-platform-operator] [69ff6578] 17:07:14.665 [main] INFO  c.h.p.o.HiveMQPlatformOperatorApplication - Create Platform ServiceAccount: true
2025-01-29 17:07:14,666 INFO c.h.h.t.HelmChartContainer - [hivemq-test-hivemq-platform] [hivemq-platform-operator] [69ff6578] 17:07:14.665 [main] INFO  c.h.p.o.HiveMQPlatformOperatorApplication - Create Platform ServiceAccount permissions: true
2025-01-29 17:07:14,666 INFO c.h.h.t.HelmChartContainer - [hivemq-test-hivemq-platform] [hivemq-platform-operator] [69ff6578] 17:07:14.665 [main] INFO  c.h.p.o.HiveMQPlatformOperatorApplication - Validate Platform ServiceAccount: true
2025-01-29 17:07:14,666 INFO c.h.h.t.HelmChartContainer - [hivemq-test-hivemq-platform] [hivemq-platform-operator] [69ff6578] 17:07:14.665 [main] INFO  c.h.p.o.HiveMQPlatformOperatorApplication - Validate Platform ServiceAccount permissions: true
2025-01-29 17:07:14,847 INFO c.h.h.t.HelmChartContainer - [hivemq-test-hivemq-platform] [hivemq-platform-operator] [69ff6578] 17:07:14.844 [main] INFO  c.h.platform.operator.util.CRDUtil - Verifying deployed HiveMQ Platform CRD...
2025-01-29 17:07:17,460 INFO c.h.h.t.HelmChartContainer - [hivemq-test-hivemq-platform] [hivemq-platform-operator] [69ff6578] 17:07:17.459 [main] DEBUG c.h.platform.operator.util.CRDUtil - HiveMQ Platform CRD version v1 is up to date
2025-01-29 17:07:17,462 INFO c.h.h.t.HelmChartContainer - [hivemq-test-hivemq-platform] [hivemq-platform-operator] [69ff6578] 17:07:17.459 [main] INFO  c.h.platform.operator.util.CRDUtil - HiveMQ Platform CRD is up to date (version: V1_6_0)
2025-01-29 17:07:17,462 INFO c.h.h.t.HelmChartContainer - [hivemq-test-hivemq-platform] [hivemq-platform-operator] [69ff6578] 17:07:17.460 [main] INFO  c.h.platform.operator.util.CRDUtil - Waiting 10000 ms for HiveMQ Platform CRD 'hivemq-platforms.hivemq.com' to become ready...
2025-01-29 17:07:17,757 INFO c.h.h.t.HelmChartContainer - [hivemq-test-hivemq-platform] [hivemq-platform-operator] [69ff6578] 17:07:17.755 [vert.x-eventloop-thread-1] DEBUG c.h.platform.operator.util.CRDUtil - Checking CRD condition 'NamesAccepted' (status: 'True')
2025-01-29 17:07:17,757 INFO c.h.h.t.HelmChartContainer - [hivemq-test-hivemq-platform] [hivemq-platform-operator] [69ff6578] 17:07:17.755 [vert.x-eventloop-thread-1] DEBUG c.h.platform.operator.util.CRDUtil - Checking CRD condition 'Established' (status: 'True')
2025-01-29 17:07:17,757 INFO c.h.h.t.HelmChartContainer - [hivemq-test-hivemq-platform] [hivemq-platform-operator] [69ff6578] 17:07:17.756 [main] INFO  c.h.platform.operator.util.CRDUtil - HiveMQ Platform CRD 'hivemq-platforms.hivemq.com' is ready
2025-01-29 17:07:17,956 INFO c.h.h.t.HelmChartContainer - [hivemq-test-hivemq-platform] [hivemq-platform-operator] [69ff6578] 17:07:17.955 [main] INFO  c.h.p.o.HiveMQPlatformReconciler - HiveMQ Platform Operator is starting...
2025-01-29 17:07:18,057 INFO c.h.h.t.HelmChartContainer - [hivemq-test-hivemq-platform] [hivemq-platform-operator] [69ff6578] 17:07:18.056 [main] WARN  Default ConfigurationService implementation - Configuration for reconciler 'hivemq-controller' was not found. Known reconcilers: None.
2025-01-29 17:07:18,064 INFO c.h.h.t.HelmChartContainer - [hivemq-test-hivemq-platform] [hivemq-platform-operator] [69ff6578] 17:07:18.063 [main] INFO  Default ConfigurationService implementation - Created configuration for reconciler com.hivemq.platform.operator.HiveMQPlatformReconciler with name hivemq-controller
2025-01-29 17:07:18,245 INFO c.h.h.t.HelmChartContainer - [hivemq-test-hivemq-platform] [hivemq-platform-operator] [69ff6578] 17:07:18.244 [main] DEBUG c.h.p.o.HiveMQPlatformReconciler - HiveMQ Platform Operator is preparing EventSources
2025-01-29 17:07:18,258 INFO c.h.h.t.HelmChartContainer - [hivemq-test-hivemq-platform] [hivemq-platform-operator] [69ff6578] 17:07:18.257 [main] INFO  i.javaoperatorsdk.operator.Operator - Registered reconciler: 'hivemq-controller' for resource: 'class com.hivemq.platform.operator.v1.HiveMQPlatform' for namespace(s): [all namespaces]
2025-01-29 17:07:18,853 INFO c.h.h.t.HelmChartContainer - [hivemq-test-hivemq-platform] [hivemq-platform-operator] [69ff6578] 17:07:18.851 [main] INFO  c.h.p.operator.webserver.JettyServer - Starting Jetty server on port 8080
2025-01-29 17:07:18,946 INFO c.h.h.t.HelmChartContainer - [hivemq-test-hivemq-platform] [hivemq-platform-operator] [69ff6578] 17:07:18.945 [main] INFO  i.javaoperatorsdk.operator.Operator - Operator SDK 4.9.7 (commit: 2133d28) built on Wed Nov 20 12:56:20 UTC 2024 starting...
2025-01-29 17:07:18,946 INFO c.h.h.t.HelmChartContainer - [hivemq-test-hivemq-platform] [hivemq-platform-operator] [69ff6578] 17:07:18.945 [main] INFO  i.javaoperatorsdk.operator.Operator - Client version: 6.13.5
2025-01-29 17:07:18,948 INFO c.h.h.t.HelmChartContainer - [hivemq-test-hivemq-platform] [hivemq-platform-operator] [69ff6578] 17:07:18.947 [Controller Starter for: hivemq-controller] INFO  i.j.operator.processing.Controller - Starting 'hivemq-controller' controller for reconciler: com.hivemq.platform.operator.HiveMQPlatformReconciler, resource: com.hivemq.platform.operator.v1.HiveMQPlatform
2025-01-29 17:07:21,353 INFO c.h.h.t.HelmChartContainer - [hivemq-test-hivemq-platform] [hivemq-platform-operator] [69ff6578] 17:07:21.352 [Controller Starter for: hivemq-controller] INFO  i.j.operator.processing.Controller - 'hivemq-controller' controller started
2025-01-29 17:07:21,354 INFO c.h.h.t.HelmChartContainer - [hivemq-test-hivemq-platform] [hivemq-platform-operator] [69ff6578] 17:07:21.352 [main] INFO  c.h.p.o.HiveMQPlatformOperatorApplication - HiveMQ Platform Operator 1.7.0-SNAPSHOT started in 6694 ms
2025-01-29 17:07:22,911 INFO c.h.h.t.HelmChartContainer - [POD] hivemq-test-hivemq-platform-operator-6966f96d65-m2zhl [69ff6578-d576-4bcf-96af-d0620c1c0064] in helmwebsocketsit-operator was MODIFIED
2025-01-29 17:07:22,921 INFO c.h.h.t.HelmChartContainer - [K3S] [replica_set.go:679] "Finished syncing" kind="ReplicaSet" key="helmwebsocketsit-operator/hivemq-test-hivemq-platform-operator-6966f96d65" duration="11.31759ms"
2025-01-29 17:07:22,921 INFO c.h.h.t.HelmChartContainer - [K3S] [replica_set.go:679] "Finished syncing" kind="ReplicaSet" key="helmwebsocketsit-operator/hivemq-test-hivemq-platform-operator-6966f96d65" duration="61.695µs"
2025-01-29 17:07:23,783 DEBUG c.h.helmcharts.util.CertificatesUtil - .+.......+++++++++++++++++++++++++++++++++++++++++++++++++++++++++++++++++*.......+.....+..........+++++++++++++++++++++++++++++++++++++++++++++++++++++++++++++++++*...+............+..+......+....+..............+....+...........+....+......+.....+.......+...+..+...+....+...+........+....+...+...+...........+...+..................+...+.+........+.......+..............+.+.....+...+.+......+.....+...+...+....+...........+..........+..+.+..+.......+......+.....+..........+...........+...............+...+.+.....+....+..+......+...+......+.+...+.........+...+.....+....+.....+...+......+.+...+.....+.+..+............+.......+......+...+......+.....+...+...+.........+......+...+..........+.........+++++++++++++++++++++++++++++++++++++++++++++++++++++++++++++++++
2025-01-29 17:07:23,817 DEBUG c.h.helmcharts.util.CertificatesUtil - ..+...+...+....+..+.+++++++++++++++++++++++++++++++++++++++++++++++++++++++++++++++++*..+.....+.............+...+..............+.+...+.....+.+.........+..+...+......+......+....+......+.....+++++++++++++++++++++++++++++++++++++++++++++++++++++++++++++++++*....+..............+..........+.........+.........+.....+++++++++++++++++++++++++++++++++++++++++++++++++++++++++++++++++
2025-01-29 17:07:23,820 DEBUG c.h.helmcharts.util.CertificatesUtil - -----
2025-01-29 17:07:23,846 DEBUG c.h.helmcharts.util.CertificatesUtil - Certificate request self-signature ok
2025-01-29 17:07:23,846 DEBUG c.h.helmcharts.util.CertificatesUtil - subject=C = CA, CN = secure-service-platform.default.svc
2025-01-29 17:07:23,850 DEBUG c.h.helmcharts.util.CertificatesUtil - >> Generating keystore and truststore files
2025-01-29 17:07:24,043 DEBUG c.h.helmcharts.util.CertificatesUtil - Importing keystore key.pkcs12 to keystore.jks...
2025-01-29 17:07:24,167 DEBUG c.h.helmcharts.util.CertificatesUtil - Entry for alias 1 successfully imported.
2025-01-29 17:07:24,178 DEBUG c.h.helmcharts.util.CertificatesUtil - Import command completed:  1 entries successfully imported, 0 entries failed or cancelled
2025-01-29 17:07:24,194 DEBUG c.h.helmcharts.util.CertificatesUtil - 
2025-01-29 17:07:24,194 DEBUG c.h.helmcharts.util.CertificatesUtil - Warning:
2025-01-29 17:07:24,194 DEBUG c.h.helmcharts.util.CertificatesUtil - The JKS keystore uses a proprietary format. It is recommended to migrate to PKCS12 which is an industry standard format using "keytool -importkeystore -srckeystore keystore.jks -destkeystore keystore.jks -deststoretype pkcs12".
2025-01-29 17:07:24,452 DEBUG c.h.helmcharts.util.CertificatesUtil - Certificate stored in file <secure-service-platform.pem>
2025-01-29 17:07:24,635 DEBUG c.h.helmcharts.util.CertificatesUtil - Certificate was added to keystore
2025-01-29 17:07:25,028 DEBUG c.h.helmcharts.util.CertificatesUtil - Certificate was added to keystore
2025-01-29 17:07:29,586 DEBUG c.h.helmcharts.util.CertificatesUtil - >> Create client certificates
2025-01-29 17:07:29,621 DEBUG c.h.helmcharts.util.CertificatesUtil - .....+........+......+.+.....+...+.+............+..+...+++++++++++++++++++++++++++++++++++++++++++++++++++++++++++++++++*..+.+.......................+......+......+++++++++++++++++++++++++++++++++++++++++++++++++++++++++++++++++*........+.......+..+....+.....+......+...+...+++++++++++++++++++++++++++++++++++++++++++++++++++++++++++++++++
2025-01-29 17:07:29,697 DEBUG c.h.helmcharts.util.CertificatesUtil - ....+........+...+....+...+.........+...+............+++++++++++++++++++++++++++++++++++++++++++++++++++++++++++++++++*...+.+.........+..+..........+..+.......+...+......+.....+....+..+......+....+++++++++++++++++++++++++++++++++++++++++++++++++++++++++++++++++*...+...+.............+.....+.............+..+....+.....+....+..+...+....+......+..+...................+.....+.+..+...+.........................+.....+.......+..+...+.+..............+......+.+......+..+.......+...+.....+......+.+.....+.........+......+..........+.....+++++++++++++++++++++++++++++++++++++++++++++++++++++++++++++++++
2025-01-29 17:07:29,701 DEBUG c.h.helmcharts.util.CertificatesUtil - -----
2025-01-29 17:07:29,728 DEBUG c.h.helmcharts.util.CertificatesUtil - >> Import the certificates
2025-01-29 17:07:30,040 DEBUG c.h.helmcharts.util.CertificatesUtil - Certificate was added to keystore
2025-01-29 17:07:30,296 DEBUG c.h.h.t.HelmChartContainer - Executing helm command: /bin/helm --kubeconfig /etc/rancher/k3s/k3s.yaml install test-hivemq-platform /charts/hivemq-platform --wait --timeout 5m0s --set image.repository=docker.io/hivemq --set image.tag=4.36.0 --set image.pullPolicy=Never --set nodes.resources.cpu=512m -f /files/tls-ws-with-private-key-values.yaml --namespace helmwebsocketsit
2025-01-29 17:07:30,528 INFO c.h.h.t.HelmChartContainer - [hivemq-test-hivemq-platform] [hivemq-platform-operator] [69ff6578] 17:07:30.527 [-2082509879-pool-1-thread-1] WARN  i.m.p.PrometheusMeterRegistry - The meter (MeterId{name='operator.sdk.events.received', tags=[tag(action=ADDED),tag(event=ResourceEvent),tag(group=hivemq.com),tag(kind=HiveMQPlatform),tag(name=test-hivemq-platform),tag(namespace=helmwebsocketsit),tag(scope=namespace),tag(version=v1)]}) registration has failed: Prometheus requires that all meters with the same name have the same set of tag keys. There is already an existing meter named 'operator.sdk.events.received' containing tag keys [event, group, kind, name, namespace, scope, version]. The meter you are attempting to register has keys [action, event, group, kind, name, namespace, scope, version]. Note that subsequent logs will be logged at debug level.
2025-01-29 17:07:31,023 INFO c.h.h.t.HelmChartContainer - [hivemq-test-hivemq-platform] [hivemq-platform-operator] [69ff6578] 17:07:31.022 [pool-6-thread-3] DEBUG c.h.p.o.dependants.PodInfoConfigMap - [helmwebs] Desired PodInfo ConfigMap (1 extensions) (1 enabled)
2025-01-29 17:07:31,024 INFO c.h.h.t.HelmChartContainer - [hivemq-test-hivemq-platform] [hivemq-platform-operator] [69ff6578] 17:07:31.023 [pool-6-thread-3] DEBUG c.h.p.o.dependants.PodInfoConfigMap - [helmwebs] Desired PodInfo ConfigMap (metrics port: 9399) (metrics path: /)
2025-01-29 17:07:31,024 INFO c.h.h.t.HelmChartContainer - [hivemq-test-hivemq-platform] [hivemq-platform-operator] [69ff6578] 17:07:31.023 [pool-6-thread-3] DEBUG c.h.p.o.dependants.PodInfoConfigMap - [helmwebs] Desired PodInfo ConfigMap (extension state hash: -1817474005)
2025-01-29 17:07:31,046 INFO c.h.h.t.HelmChartContainer - [hivemq-test-hivemq-platform] [hivemq-platform-operator] [69ff6578] 17:07:31.045 [pool-6-thread-3] DEBUG c.h.p.o.dependants.PodInfoConfigMap - [helmwebs] Create PodInfo ConfigMap
2025-01-29 17:07:31,154 INFO c.h.h.t.HelmChartContainer - [hivemq-test-hivemq-platform] [hivemq-platform-operator] [69ff6578] 17:07:31.151 [pool-6-thread-5] DEBUG c.h.p.o.dependants.PodRoleResource - [helmwebs] Create Role: Role(apiVersion=rbac.authorization.k8s.io/v1, kind=Role, metadata=ObjectMeta(annotations={meta.helm.sh/release-name=test-hivemq-platform, meta.helm.sh/release-namespace=helmwebsocketsit}, creationTimestamp=null, deletionGracePeriodSeconds=null, deletionTimestamp=null, finalizers=[], generateName=null, generation=null, labels={helm.sh/chart=hivemq-platform-0.2.32, app.kubernetes.io/managed-by=Helm, app.kubernetes.io/name=hivemq-platform, hivemq-platform=test-hivemq-platform, app.kubernetes.io/instance=test-hivemq-platform, app.kubernetes.io/version=4.36.0}, managedFields=[], name=hivemq-platform-role-test-hivemq-platform, namespace=helmwebsocketsit, ownerReferences=[OwnerReference(apiVersion=hivemq.com/v1, blockOwnerDeletion=null, controller=null, kind=HiveMQPlatform, name=test-hivemq-platform, uid=803421cb-b9e3-4cc0-90b8-767d980e95ed, additionalProperties={})], resourceVersion=null, selfLink=null, uid=null, additionalProperties={}), rules=[PolicyRule(apiGroups=[], nonResourceURLs=[], resourceNames=[], resources=[pods], verbs=[get, patch, update], additionalProperties={})], additionalProperties={})
2025-01-29 17:07:31,255 INFO c.h.h.t.HelmChartContainer - [hivemq-test-hivemq-platform] [hivemq-platform-operator] [69ff6578] 17:07:31.254 [pool-6-thread-7] DEBUG c.h.p.o.d.PodServiceAccountResource - [helmwebs] Desired PodServiceAccountResource (serviceAccountName: hivemq-platform-pod-test-hivemq-platform)
2025-01-29 17:07:31,319 INFO c.h.h.t.HelmChartContainer - [hivemq-test-hivemq-platform] [hivemq-platform-operator] [69ff6578] 17:07:31.317 [pool-6-thread-7] DEBUG c.h.p.o.d.PodServiceAccountResource - [helmwebs] Create ServiceAccount 'hivemq-platform-pod-test-hivemq-platform'
2025-01-29 17:07:31,448 INFO c.h.h.t.HelmChartContainer - [hivemq-test-hivemq-platform] [hivemq-platform-operator] [69ff6578] 17:07:31.448 [pool-6-thread-10] DEBUG c.h.p.o.d.PodRoleBindingResource - [helmwebs] Create RoleBinding: RoleBinding(apiVersion=rbac.authorization.k8s.io/v1, kind=RoleBinding, metadata=ObjectMeta(annotations={meta.helm.sh/release-name=test-hivemq-platform, meta.helm.sh/release-namespace=helmwebsocketsit}, creationTimestamp=null, deletionGracePeriodSeconds=null, deletionTimestamp=null, finalizers=[], generateName=null, generation=null, labels={helm.sh/chart=hivemq-platform-0.2.32, app.kubernetes.io/managed-by=Helm, app.kubernetes.io/name=hivemq-platform, hivemq-platform=test-hivemq-platform, app.kubernetes.io/instance=test-hivemq-platform, app.kubernetes.io/version=4.36.0}, managedFields=[], name=hivemq-platform-role-binding-test-hivemq-platform, namespace=helmwebsocketsit, ownerReferences=[OwnerReference(apiVersion=hivemq.com/v1, blockOwnerDeletion=null, controller=null, kind=HiveMQPlatform, name=test-hivemq-platform, uid=803421cb-b9e3-4cc0-90b8-767d980e95ed, additionalProperties={})], resourceVersion=null, selfLink=null, uid=null, additionalProperties={}), roleRef=RoleRef(apiGroup=rbac.authorization.k8s.io, kind=Role, name=hivemq-platform-role-test-hivemq-platform, additionalProperties={}), subjects=[Subject(apiGroup=null, kind=ServiceAccount, name=hivemq-platform-pod-test-hivemq-platform, namespace=helmwebsocketsit, additionalProperties={})], additionalProperties={})
2025-01-29 17:07:31,467 INFO c.h.h.t.HelmChartContainer - [hivemq-test-hivemq-platform] [hivemq-platform-operator] [69ff6578] 17:07:31.466 [ReconcilerExecutor-hivemq-controller-53] INFO  c.h.p.o.HiveMQPlatformReconciler - [helmwebs] Reconciling HiveMQ Platform 'test-hivemq-platform' in namespace 'helmwebsocketsit'
2025-01-29 17:07:31,467 INFO c.h.h.t.HelmChartContainer - [hivemq-test-hivemq-platform] [hivemq-platform-operator] [69ff6578] 17:07:31.466 [ReconcilerExecutor-hivemq-controller-53] DEBUG c.h.p.o.HiveMQPlatformReconciler - [helmwebs] Custom Resource Status CREATED - HiveMQ Platform was created (READY)
2025-01-29 17:07:31,467 INFO c.h.h.t.HelmChartContainer - [hivemq-test-hivemq-platform] [hivemq-platform-operator] [69ff6578] 17:07:31.466 [ReconcilerExecutor-hivemq-controller-53] DEBUG c.h.p.o.HiveMQPlatformReconciler - [helmwebs] Custom Resource Spec (replicas: 1) (extensions: 1)
2025-01-29 17:07:31,523 INFO c.h.h.t.HelmChartContainer - [hivemq-test-hivemq-platform] [hivemq-platform-operator] [69ff6578] 17:07:31.522 [ReconcilerExecutor-hivemq-controller-53] INFO  c.h.p.o.h.HiveMQPlatformReconcilerBaseHandler - [helmwebs] HiveMQ Platform is starting
2025-01-29 17:07:31,645 INFO c.h.h.t.HelmChartContainer - [hivemq-test-hivemq-platform] [hivemq-platform-operator] [69ff6578] 17:07:31.643 [ReconcilerExecutor-hivemq-controller-53] DEBUG c.h.p.operator.event.EventSender - [helmwebs] Creating K8s event hivemq-platform-starting: [Start] HiveMQ Platform is starting
2025-01-29 17:07:31,653 INFO c.h.h.t.HelmChartContainer - [EVENT] Normal [Start] HiveMQ Platform is starting [helmwebsocketsit:test-hivemq-platform]
2025-01-29 17:07:31,658 INFO c.h.h.t.HelmChartContainer - [hivemq-test-hivemq-platform] [hivemq-platform-operator] [69ff6578] 17:07:31.656 [ReconcilerExecutor-hivemq-controller-53] INFO  c.h.p.o.h.AbstractHiveMQReconcilerStateHandler - [helmwebs] Update HiveMQ Platform Status (CREATED [READY] -> STARTING [READY]): HiveMQ Platform is starting
2025-01-29 17:07:31,750 DEBUG com.hivemq.helmcharts.util.K8sUtil - Comparing actual state 'STARTING' and waiting for 'RUNNING'
2025-01-29 17:07:41,765 INFO c.h.h.t.HelmChartContainer - [hivemq-test-hivemq-platform] [hivemq-platform-operator] [69ff6578] 17:07:41.763 [pool-6-thread-12] DEBUG c.h.p.o.d.PlatformServiceResource - [helmwebs] Desired Platform services (4 services)
2025-01-29 17:07:41,768 INFO c.h.h.t.HelmChartContainer - [hivemq-test-hivemq-platform] [hivemq-platform-operator] [69ff6578] 17:07:41.767 [pool-6-thread-13] DEBUG c.h.p.o.dependants.PodInfoConfigMap - [helmwebs] Desired PodInfo ConfigMap (1 extensions) (1 enabled)
2025-01-29 17:07:41,770 INFO c.h.h.t.HelmChartContainer - [hivemq-test-hivemq-platform] [hivemq-platform-operator] [69ff6578] 17:07:41.767 [pool-6-thread-13] DEBUG c.h.p.o.dependants.PodInfoConfigMap - [helmwebs] Desired PodInfo ConfigMap (metrics port: 9399) (metrics path: /)
2025-01-29 17:07:41,770 INFO c.h.h.t.HelmChartContainer - [hivemq-test-hivemq-platform] [hivemq-platform-operator] [69ff6578] 17:07:41.767 [pool-6-thread-13] DEBUG c.h.p.o.dependants.PodInfoConfigMap - [helmwebs] Desired PodInfo ConfigMap (extension state hash: -1817474005)
2025-01-29 17:07:41,774 INFO c.h.h.t.HelmChartContainer - [hivemq-test-hivemq-platform] [hivemq-platform-operator] [69ff6578] 17:07:41.772 [pool-6-thread-17] DEBUG c.h.p.o.d.PodServiceAccountResource - [helmwebs] Desired PodServiceAccountResource (serviceAccountName: hivemq-platform-pod-test-hivemq-platform)
2025-01-29 17:07:41,777 INFO c.h.h.t.HelmChartContainer - [hivemq-test-hivemq-platform] [hivemq-platform-operator] [69ff6578] 17:07:41.776 [pool-6-thread-13] DEBUG c.h.p.o.dependants.PodInfoConfigMap - [helmwebs] Update PodInfo ConfigMap
2025-01-29 17:07:41,853 INFO c.h.h.t.HelmChartContainer - [K3S] [alloc.go:330] "allocated clusterIPs" service="helmwebsocketsit/hivemq-test-hivemq-platform-metrics-9399" clusterIPs={"IPv4":"10.43.13.23"}
2025-01-29 17:07:41,954 INFO c.h.h.t.HelmChartContainer - [K3S] [alloc.go:330] "allocated clusterIPs" service="helmwebsocketsit/hivemq-test-hivemq-platform-ws-8004" clusterIPs={"IPv4":"10.43.167.155"}
2025-01-29 17:07:41,968 INFO c.h.h.t.HelmChartContainer - [K3S] [alloc.go:330] "allocated clusterIPs" service="helmwebsocketsit/hivemq-test-hivemq-platform-ws-8003" clusterIPs={"IPv4":"10.43.238.199"}
2025-01-29 17:07:42,056 INFO c.h.h.t.HelmChartContainer - [K3S] [alloc.go:330] "allocated clusterIPs" service="helmwebsocketsit/hivemq-test-hivemq-platform-ws-8002" clusterIPs={"IPv4":"10.43.164.121"}
2025-01-29 17:07:42,065 INFO c.h.h.t.HelmChartContainer - [hivemq-test-hivemq-platform] [hivemq-platform-operator] [69ff6578] 17:07:42.064 [pool-6-thread-20] DEBUG c.h.p.o.d.StatefulSetResource - [helmwebs] Desired StatefulSet (1 replicas) for status STARTING (READY)
2025-01-29 17:07:42,159 INFO c.h.h.t.HelmChartContainer - [hivemq-test-hivemq-platform] [hivemq-platform-operator] [69ff6578] 17:07:42.157 [pool-6-thread-20] DEBUG c.h.p.o.d.StatefulSetResource - [helmwebs] Create StatefulSet
2025-01-29 17:07:42,265 INFO c.h.h.t.HelmChartContainer - [hivemq-test-hivemq-platform] [hivemq-platform-operator] [69ff6578] 17:07:42.263 [ReconcilerExecutor-hivemq-controller-64] INFO  c.h.p.o.HiveMQPlatformReconciler - [helmwebs] Reconciling HiveMQ Platform 'test-hivemq-platform' in namespace 'helmwebsocketsit'
2025-01-29 17:07:42,265 INFO c.h.h.t.HelmChartContainer - [hivemq-test-hivemq-platform] [hivemq-platform-operator] [69ff6578] 17:07:42.263 [ReconcilerExecutor-hivemq-controller-64] DEBUG c.h.p.o.HiveMQPlatformReconciler - [helmwebs] Custom Resource Status STARTING - HiveMQ Platform is starting (READY)
2025-01-29 17:07:42,265 INFO c.h.h.t.HelmChartContainer - [hivemq-test-hivemq-platform] [hivemq-platform-operator] [69ff6578] 17:07:42.263 [ReconcilerExecutor-hivemq-controller-64] DEBUG c.h.p.o.HiveMQPlatformReconciler - [helmwebs] Custom Resource Spec (replicas: 1) (extensions: 1)
2025-01-29 17:07:42,270 INFO c.h.h.t.HelmChartContainer - [EVENT] Normal [SuccessfulCreate] create Pod test-hivemq-platform-0 in StatefulSet test-hivemq-platform successful [helmwebsocketsit:test-hivemq-platform]
2025-01-29 17:07:42,271 INFO c.h.h.t.HelmChartContainer - [POD] test-hivemq-platform-0 [c91835bc-dab3-42f7-88da-0f52bc4e17f9] in helmwebsocketsit was ADDED
2025-01-29 17:07:42,275 INFO c.h.h.t.HelmChartContainer - [POD] test-hivemq-platform-0 [c91835bc-dab3-42f7-88da-0f52bc4e17f9] in helmwebsocketsit was MODIFIED
2025-01-29 17:07:42,286 INFO c.h.h.t.HelmChartContainer - [EVENT] Normal [Scheduled] Successfully assigned helmwebsocketsit/test-hivemq-platform-0 to 864edd2a238e [helmwebsocketsit:test-hivemq-platform-0]
2025-01-29 17:07:42,290 INFO c.h.h.t.HelmChartContainer - [POD] test-hivemq-platform-0 [c91835bc-dab3-42f7-88da-0f52bc4e17f9] in helmwebsocketsit was MODIFIED
2025-01-29 17:07:42,341 INFO c.h.h.t.HelmChartContainer - [K3S] [reconciler_common.go:251] "operationExecutor.VerifyControllerAttachedVolume started for volume \"kube-api-access-gj9pn\" (UniqueName: \"kubernetes.io/projected/c91835bc-dab3-42f7-88da-0f52bc4e17f9-kube-api-access-gj9pn\") pod \"test-hivemq-platform-0\" (UID: \"c91835bc-dab3-42f7-88da-0f52bc4e17f9\") " pod="helmwebsocketsit/test-hivemq-platform-0"
2025-01-29 17:07:42,341 INFO c.h.h.t.HelmChartContainer - [K3S] [reconciler_common.go:251] "operationExecutor.VerifyControllerAttachedVolume started for volume \"broker-configuration\" (UniqueName: \"kubernetes.io/configmap/c91835bc-dab3-42f7-88da-0f52bc4e17f9-broker-configuration\") pod \"test-hivemq-platform-0\" (UID: \"c91835bc-dab3-42f7-88da-0f52bc4e17f9\") " pod="helmwebsocketsit/test-hivemq-platform-0"
2025-01-29 17:07:42,341 INFO c.h.h.t.HelmChartContainer - [K3S] [reconciler_common.go:251] "operationExecutor.VerifyControllerAttachedVolume started for volume \"ws-keystore-8003\" (UniqueName: \"kubernetes.io/secret/c91835bc-dab3-42f7-88da-0f52bc4e17f9-ws-keystore-8003\") pod \"test-hivemq-platform-0\" (UID: \"c91835bc-dab3-42f7-88da-0f52bc4e17f9\") " pod="helmwebsocketsit/test-hivemq-platform-0"
2025-01-29 17:07:42,341 INFO c.h.h.t.HelmChartContainer - [K3S] [reconciler_common.go:251] "operationExecutor.VerifyControllerAttachedVolume started for volume \"ws-keystore-8004\" (UniqueName: \"kubernetes.io/secret/c91835bc-dab3-42f7-88da-0f52bc4e17f9-ws-keystore-8004\") pod \"test-hivemq-platform-0\" (UID: \"c91835bc-dab3-42f7-88da-0f52bc4e17f9\") " pod="helmwebsocketsit/test-hivemq-platform-0"
2025-01-29 17:07:42,341 INFO c.h.h.t.HelmChartContainer - [K3S] [reconciler_common.go:251] "operationExecutor.VerifyControllerAttachedVolume started for volume \"ws-truststore-8004\" (UniqueName: \"kubernetes.io/secret/c91835bc-dab3-42f7-88da-0f52bc4e17f9-ws-truststore-8004\") pod \"test-hivemq-platform-0\" (UID: \"c91835bc-dab3-42f7-88da-0f52bc4e17f9\") " pod="helmwebsocketsit/test-hivemq-platform-0"
2025-01-29 17:07:42,341 INFO c.h.h.t.HelmChartContainer - [K3S] [reconciler_common.go:251] "operationExecutor.VerifyControllerAttachedVolume started for volume \"pod-info\" (UniqueName: \"kubernetes.io/configmap/c91835bc-dab3-42f7-88da-0f52bc4e17f9-pod-info\") pod \"test-hivemq-platform-0\" (UID: \"c91835bc-dab3-42f7-88da-0f52bc4e17f9\") " pod="helmwebsocketsit/test-hivemq-platform-0"
2025-01-29 17:07:42,341 INFO c.h.h.t.HelmChartContainer - [K3S] [reconciler_common.go:251] "operationExecutor.VerifyControllerAttachedVolume started for volume \"operator-init\" (UniqueName: \"kubernetes.io/empty-dir/c91835bc-dab3-42f7-88da-0f52bc4e17f9-operator-init\") pod \"test-hivemq-platform-0\" (UID: \"c91835bc-dab3-42f7-88da-0f52bc4e17f9\") " pod="helmwebsocketsit/test-hivemq-platform-0"
2025-01-29 17:07:42,347 INFO c.h.h.t.HelmChartContainer - [hivemq-test-hivemq-platform] [hivemq-platform-operator] [69ff6578] 17:07:42.269 [ReconcilerExecutor-hivemq-controller-64] DEBUG c.h.p.o.HiveMQPlatformReconciler - [helmwebs] StatefulSet Status (revision: null, replicas: 0, available: 0, ready: 0, current: 0, updated: 0)
2025-01-29 17:07:42,347 INFO c.h.h.t.HelmChartContainer - [hivemq-test-hivemq-platform] [hivemq-platform-operator] [69ff6578] 17:07:42.343 [ReconcilerExecutor-hivemq-controller-64] DEBUG c.h.p.o.HiveMQPlatformReconciler - [helmwebs] StatefulSet Spec (replicas: 1, init containers: 1, containers: 1, volumes: 6)
2025-01-29 17:07:42,349 INFO c.h.h.t.HelmChartContainer - [hivemq-test-hivemq-platform] [hivemq-platform-operator] [69ff6578] 17:07:42.348 [ReconcilerExecutor-hivemq-controller-64] INFO  c.h.p.o.h.HiveMQPlatformReconcilerBaseHandler - [helmwebs] HiveMQ Platform is starting, 0 of 1 replicas are ready
2025-01-29 17:07:42,452 INFO c.h.h.t.HelmChartContainer - [hivemq-test-hivemq-platform] [hivemq-platform-operator] [69ff6578] 17:07:42.447 [pool-6-thread-22] DEBUG c.h.p.o.d.PlatformServiceResource - [helmwebs] Desired Platform services (4 services)
2025-01-29 17:07:42,455 INFO c.h.h.t.HelmChartContainer - [hivemq-test-hivemq-platform] [hivemq-platform-operator] [69ff6578] 17:07:42.451 [pool-6-thread-23] DEBUG c.h.p.o.dependants.PodInfoConfigMap - [helmwebs] Desired PodInfo ConfigMap (1 extensions) (1 enabled)
2025-01-29 17:07:42,455 INFO c.h.h.t.HelmChartContainer - [hivemq-test-hivemq-platform] [hivemq-platform-operator] [69ff6578] 17:07:42.452 [pool-6-thread-23] DEBUG c.h.p.o.dependants.PodInfoConfigMap - [helmwebs] Desired PodInfo ConfigMap (metrics port: 9399) (metrics path: /)
2025-01-29 17:07:42,455 INFO c.h.h.t.HelmChartContainer - [hivemq-test-hivemq-platform] [hivemq-platform-operator] [69ff6578] 17:07:42.452 [pool-6-thread-23] DEBUG c.h.p.o.dependants.PodInfoConfigMap - [helmwebs] Desired PodInfo ConfigMap (extension state hash: -1817474005)
2025-01-29 17:07:42,455 INFO c.h.h.t.HelmChartContainer - [hivemq-test-hivemq-platform] [hivemq-platform-operator] [69ff6578] 17:07:42.453 [pool-6-thread-27] DEBUG c.h.p.o.d.PodServiceAccountResource - [helmwebs] Desired PodServiceAccountResource (serviceAccountName: hivemq-platform-pod-test-hivemq-platform)
2025-01-29 17:07:42,553 INFO c.h.h.t.HelmChartContainer - [hivemq-test-hivemq-platform] [hivemq-platform-operator] [69ff6578] 17:07:42.551 [pool-6-thread-30] DEBUG c.h.p.o.d.StatefulSetResource - [helmwebs] Desired StatefulSet (1 replicas) for status STARTING (READY)
2025-01-29 17:07:42,645 INFO c.h.h.t.HelmChartContainer - [hivemq-test-hivemq-platform] [hivemq-platform-operator] [69ff6578] 17:07:42.644 [ReconcilerExecutor-hivemq-controller-75] INFO  c.h.p.o.HiveMQPlatformReconciler - [helmwebs] Reconciling HiveMQ Platform 'test-hivemq-platform' in namespace 'helmwebsocketsit'
2025-01-29 17:07:42,648 INFO c.h.h.t.HelmChartContainer - [hivemq-test-hivemq-platform] [hivemq-platform-operator] [69ff6578] 17:07:42.644 [ReconcilerExecutor-hivemq-controller-75] DEBUG c.h.p.o.HiveMQPlatformReconciler - [helmwebs] Custom Resource Status STARTING - HiveMQ Platform is starting (READY)
2025-01-29 17:07:42,648 INFO c.h.h.t.HelmChartContainer - [hivemq-test-hivemq-platform] [hivemq-platform-operator] [69ff6578] 17:07:42.644 [ReconcilerExecutor-hivemq-controller-75] DEBUG c.h.p.o.HiveMQPlatformReconciler - [helmwebs] Custom Resource Spec (replicas: 1) (extensions: 1)
2025-01-29 17:07:42,651 INFO c.h.h.t.HelmChartContainer - [hivemq-test-hivemq-platform] [hivemq-platform-operator] [69ff6578] 17:07:42.650 [ReconcilerExecutor-hivemq-controller-75] DEBUG c.h.p.o.HiveMQPlatformReconciler - [helmwebs] StatefulSet Status (revision: test-hivemq-platform-8685cc5d6b, replicas: 1, available: 0, ready: 0, current: 1, updated: 1)
2025-01-29 17:07:42,652 INFO c.h.h.t.HelmChartContainer - [hivemq-test-hivemq-platform] [hivemq-platform-operator] [69ff6578] 17:07:42.650 [ReconcilerExecutor-hivemq-controller-75] DEBUG c.h.p.o.HiveMQPlatformReconciler - [helmwebs] StatefulSet Spec (replicas: 1, init containers: 1, containers: 1, volumes: 6)
2025-01-29 17:07:42,670 INFO c.h.h.t.HelmChartContainer - [EVENT] Normal [Pulled] Container image "docker.io/hivemq/hivemq-platform-operator-init-test:snapshot" already present on machine [helmwebsocketsit:test-hivemq-platform-0]
2025-01-29 17:07:42,754 INFO c.h.h.t.HelmChartContainer - [hivemq-test-hivemq-platform] [hivemq-platform-operator] [69ff6578] 17:07:42.750 [ReconcilerExecutor-hivemq-controller-75] DEBUG c.h.p.o.h.HiveMQPlatformReconcilerErrorHandler - [helmwebs] Pod 'test-hivemq-platform-0' phase Pending
2025-01-29 17:07:42,755 INFO c.h.h.t.HelmChartContainer - [hivemq-test-hivemq-platform] [hivemq-platform-operator] [69ff6578] 17:07:42.751 [ReconcilerExecutor-hivemq-controller-75] DEBUG c.h.p.o.h.HiveMQPlatformReconcilerErrorHandler - [helmwebs] Pod 'test-hivemq-platform-0' condition 'PodReadyToStartContainers': False
2025-01-29 17:07:42,756 INFO c.h.h.t.HelmChartContainer - [hivemq-test-hivemq-platform] [hivemq-platform-operator] [69ff6578] 17:07:42.751 [ReconcilerExecutor-hivemq-controller-75] DEBUG c.h.p.o.h.HiveMQPlatformReconcilerErrorHandler - [helmwebs] Pod 'test-hivemq-platform-0' condition 'Initialized': False
2025-01-29 17:07:42,756 INFO c.h.h.t.HelmChartContainer - [hivemq-test-hivemq-platform] [hivemq-platform-operator] [69ff6578] 17:07:42.751 [ReconcilerExecutor-hivemq-controller-75] DEBUG c.h.p.o.h.HiveMQPlatformReconcilerErrorHandler - [helmwebs] Pod 'test-hivemq-platform-0' condition 'Ready': False
2025-01-29 17:07:42,756 INFO c.h.h.t.HelmChartContainer - [hivemq-test-hivemq-platform] [hivemq-platform-operator] [69ff6578] 17:07:42.751 [ReconcilerExecutor-hivemq-controller-75] DEBUG c.h.p.o.h.HiveMQPlatformReconcilerErrorHandler - [helmwebs] Pod 'test-hivemq-platform-0' condition 'ContainersReady': False
2025-01-29 17:07:42,756 INFO c.h.h.t.HelmChartContainer - [hivemq-test-hivemq-platform] [hivemq-platform-operator] [69ff6578] 17:07:42.752 [ReconcilerExecutor-hivemq-controller-75] DEBUG c.h.p.o.h.HiveMQPlatformReconcilerErrorHandler - [helmwebs] Pod 'test-hivemq-platform-0' condition 'PodScheduled': True
2025-01-29 17:07:42,756 INFO c.h.h.t.HelmChartContainer - [hivemq-test-hivemq-platform] [hivemq-platform-operator] [69ff6578] 17:07:42.752 [ReconcilerExecutor-hivemq-controller-75] DEBUG c.h.p.o.h.HiveMQPlatformReconcilerErrorHandler - [helmwebs] Pod 'test-hivemq-platform-0' containerStatus 'hivemq' (started: false) (ready: false) (waiting: [PodInitializing] null)
2025-01-29 17:07:42,756 INFO c.h.h.t.HelmChartContainer - [hivemq-test-hivemq-platform] [hivemq-platform-operator] [69ff6578] 17:07:42.754 [ReconcilerExecutor-hivemq-controller-75] INFO  c.h.p.o.h.HiveMQPlatformReconcilerBaseHandler - [helmwebs] HiveMQ Platform is starting, 0 of 1 replicas are ready
2025-01-29 17:07:42,809 INFO c.h.h.t.HelmChartContainer - [EVENT] Normal [Created] Created container: hivemq-platform-operator-init [helmwebsocketsit:test-hivemq-platform-0]
2025-01-29 17:07:42,847 INFO c.h.h.t.HelmChartContainer - [hivemq-test-hivemq-platform] [hivemq-platform-operator] [69ff6578] 17:07:42.843 [pool-6-thread-32] DEBUG c.h.p.o.d.PlatformServiceResource - [helmwebs] Desired Platform services (4 services)
2025-01-29 17:07:42,856 INFO c.h.h.t.HelmChartContainer - [EVENT] Normal [Started] Started container hivemq-platform-operator-init [helmwebsocketsit:test-hivemq-platform-0]
2025-01-29 17:07:42,856 INFO c.h.h.t.HelmChartContainer - [hivemq-test-hivemq-platform] [hivemq-platform-operator] [69ff6578] 17:07:42.848 [pool-6-thread-33] DEBUG c.h.p.o.dependants.PodInfoConfigMap - [helmwebs] Desired PodInfo ConfigMap (1 extensions) (1 enabled)
2025-01-29 17:07:42,857 INFO c.h.h.t.HelmChartContainer - [hivemq-test-hivemq-platform] [hivemq-platform-operator] [69ff6578] 17:07:42.852 [pool-6-thread-33] DEBUG c.h.p.o.dependants.PodInfoConfigMap - [helmwebs] Desired PodInfo ConfigMap (metrics port: 9399) (metrics path: /)
2025-01-29 17:07:42,858 INFO c.h.h.t.HelmChartContainer - [hivemq-test-hivemq-platform] [hivemq-platform-operator] [69ff6578] 17:07:42.854 [pool-6-thread-33] DEBUG c.h.p.o.dependants.PodInfoConfigMap - [helmwebs] Desired PodInfo ConfigMap (extension state hash: -1817474005)
2025-01-29 17:07:42,858 INFO c.h.h.t.HelmChartContainer - [hivemq-test-hivemq-platform] [hivemq-platform-operator] [69ff6578] 17:07:42.854 [pool-6-thread-37] DEBUG c.h.p.o.d.PodServiceAccountResource - [helmwebs] Desired PodServiceAccountResource (serviceAccountName: hivemq-platform-pod-test-hivemq-platform)
2025-01-29 17:07:42,860 INFO c.h.h.t.HelmChartContainer - [hivemq-test-hivemq-platform] [hivemq-platform-operator] [69ff6578] 17:07:42.859 [pool-6-thread-40] DEBUG c.h.p.o.d.StatefulSetResource - [helmwebs] Desired StatefulSet (1 replicas) for status STARTING (READY)
2025-01-29 17:07:42,950 INFO c.h.h.t.HelmChartContainer - [hivemq-test-hivemq-platform] [hivemq-platform-operator] [69ff6578] 17:07:42.948 [ReconcilerExecutor-hivemq-controller-86] INFO  c.h.p.o.HiveMQPlatformReconciler - [helmwebs] Reconciling HiveMQ Platform 'test-hivemq-platform' in namespace 'helmwebsocketsit'
2025-01-29 17:07:42,951 INFO c.h.h.t.HelmChartContainer - [hivemq-test-hivemq-platform] [hivemq-platform-operator] [69ff6578] 17:07:42.948 [ReconcilerExecutor-hivemq-controller-86] DEBUG c.h.p.o.HiveMQPlatformReconciler - [helmwebs] Custom Resource Status STARTING - HiveMQ Platform is starting (READY)
2025-01-29 17:07:42,951 INFO c.h.h.t.HelmChartContainer - [hivemq-test-hivemq-platform] [hivemq-platform-operator] [69ff6578] 17:07:42.948 [ReconcilerExecutor-hivemq-controller-86] DEBUG c.h.p.o.HiveMQPlatformReconciler - [helmwebs] Custom Resource Spec (replicas: 1) (extensions: 1)
2025-01-29 17:07:42,953 INFO c.h.h.t.HelmChartContainer - [hivemq-test-hivemq-platform] [hivemq-platform-operator] [69ff6578] 17:07:42.952 [ReconcilerExecutor-hivemq-controller-86] DEBUG c.h.p.o.HiveMQPlatformReconciler - [helmwebs] StatefulSet Status (revision: test-hivemq-platform-8685cc5d6b, replicas: 1, available: 0, ready: 0, current: 1, updated: 1)
2025-01-29 17:07:42,954 INFO c.h.h.t.HelmChartContainer - [hivemq-test-hivemq-platform] [hivemq-platform-operator] [69ff6578] 17:07:42.952 [ReconcilerExecutor-hivemq-controller-86] DEBUG c.h.p.o.HiveMQPlatformReconciler - [helmwebs] StatefulSet Spec (replicas: 1, init containers: 1, containers: 1, volumes: 6)
2025-01-29 17:07:42,959 INFO c.h.h.t.HelmChartContainer - [hivemq-test-hivemq-platform] [hivemq-platform-operator] [69ff6578] 17:07:42.957 [ReconcilerExecutor-hivemq-controller-86] DEBUG c.h.p.o.h.HiveMQPlatformReconcilerErrorHandler - [helmwebs] Pod 'test-hivemq-platform-0' phase Pending
2025-01-29 17:07:42,960 INFO c.h.h.t.HelmChartContainer - [hivemq-test-hivemq-platform] [hivemq-platform-operator] [69ff6578] 17:07:42.957 [ReconcilerExecutor-hivemq-controller-86] DEBUG c.h.p.o.h.HiveMQPlatformReconcilerErrorHandler - [helmwebs] Pod 'test-hivemq-platform-0' condition 'PodReadyToStartContainers': False
2025-01-29 17:07:42,960 INFO c.h.h.t.HelmChartContainer - [hivemq-test-hivemq-platform] [hivemq-platform-operator] [69ff6578] 17:07:42.957 [ReconcilerExecutor-hivemq-controller-86] DEBUG c.h.p.o.h.HiveMQPlatformReconcilerErrorHandler - [helmwebs] Pod 'test-hivemq-platform-0' condition 'Initialized': False
2025-01-29 17:07:42,960 INFO c.h.h.t.HelmChartContainer - [hivemq-test-hivemq-platform] [hivemq-platform-operator] [69ff6578] 17:07:42.957 [ReconcilerExecutor-hivemq-controller-86] DEBUG c.h.p.o.h.HiveMQPlatformReconcilerErrorHandler - [helmwebs] Pod 'test-hivemq-platform-0' condition 'Ready': False
2025-01-29 17:07:42,960 INFO c.h.h.t.HelmChartContainer - [hivemq-test-hivemq-platform] [hivemq-platform-operator] [69ff6578] 17:07:42.957 [ReconcilerExecutor-hivemq-controller-86] DEBUG c.h.p.o.h.HiveMQPlatformReconcilerErrorHandler - [helmwebs] Pod 'test-hivemq-platform-0' condition 'ContainersReady': False
2025-01-29 17:07:42,960 INFO c.h.h.t.HelmChartContainer - [hivemq-test-hivemq-platform] [hivemq-platform-operator] [69ff6578] 17:07:42.957 [ReconcilerExecutor-hivemq-controller-86] DEBUG c.h.p.o.h.HiveMQPlatformReconcilerErrorHandler - [helmwebs] Pod 'test-hivemq-platform-0' condition 'PodScheduled': True
2025-01-29 17:07:42,960 INFO c.h.h.t.HelmChartContainer - [hivemq-test-hivemq-platform] [hivemq-platform-operator] [69ff6578] 17:07:42.957 [ReconcilerExecutor-hivemq-controller-86] DEBUG c.h.p.o.h.HiveMQPlatformReconcilerErrorHandler - [helmwebs] Pod 'test-hivemq-platform-0' containerStatus 'hivemq' (started: false) (ready: false) (waiting: [PodInitializing] null)
2025-01-29 17:07:42,962 INFO c.h.h.t.HelmChartContainer - [hivemq-test-hivemq-platform] [hivemq-platform-operator] [69ff6578] 17:07:42.961 [ReconcilerExecutor-hivemq-controller-86] INFO  c.h.p.o.h.HiveMQPlatformReconcilerBaseHandler - [helmwebs] HiveMQ Platform is starting, 0 of 1 replicas are ready
2025-01-29 17:07:42,977 INFO c.h.h.t.HelmChartContainer - [POD] test-hivemq-platform-0 [c91835bc-dab3-42f7-88da-0f52bc4e17f9] in helmwebsocketsit was MODIFIED
2025-01-29 17:07:43,393 INFO c.h.h.t.HelmChartContainer - [hivemq-test-hivemq-platform] [hivemq-platform-operator] [69ff6578] 17:07:43.051 [pool-6-thread-43] DEBUG c.h.p.o.dependants.PodInfoConfigMap - [helmwebs] Desired PodInfo ConfigMap (1 extensions) (1 enabled)
2025-01-29 17:07:43,393 INFO c.h.h.t.HelmChartContainer - [hivemq-test-hivemq-platform] [hivemq-platform-operator] [69ff6578] 17:07:43.051 [pool-6-thread-43] DEBUG c.h.p.o.dependants.PodInfoConfigMap - [helmwebs] Desired PodInfo ConfigMap (metrics port: 9399) (metrics path: /)
2025-01-29 17:07:43,393 INFO c.h.h.t.HelmChartContainer - [hivemq-test-hivemq-platform] [hivemq-platform-operator] [69ff6578] 17:07:43.051 [pool-6-thread-43] DEBUG c.h.p.o.dependants.PodInfoConfigMap - [helmwebs] Desired PodInfo ConfigMap (extension state hash: -1817474005)
2025-01-29 17:07:43,393 INFO c.h.h.t.HelmChartContainer - [hivemq-test-hivemq-platform] [hivemq-platform-operator] [69ff6578] 17:07:43.050 [pool-6-thread-42] DEBUG c.h.p.o.d.PlatformServiceResource - [helmwebs] Desired Platform services (4 services)
2025-01-29 17:07:43,393 INFO c.h.h.t.HelmChartContainer - [hivemq-test-hivemq-platform] [hivemq-platform-operator] [69ff6578] 17:07:43.054 [pool-6-thread-47] DEBUG c.h.p.o.d.PodServiceAccountResource - [helmwebs] Desired PodServiceAccountResource (serviceAccountName: hivemq-platform-pod-test-hivemq-platform)
2025-01-29 17:07:43,393 INFO c.h.h.t.HelmChartContainer - [hivemq-test-hivemq-platform] [hivemq-platform-operator] [69ff6578] 17:07:43.143 [pool-6-thread-50] DEBUG c.h.p.o.d.StatefulSetResource - [helmwebs] Desired StatefulSet (1 replicas) for status STARTING (READY)
2025-01-29 17:07:43,393 INFO c.h.h.t.HelmChartContainer - [hivemq-test-hivemq-platform] [hivemq-platform-operator] [69ff6578] 17:07:43.148 [ReconcilerExecutor-hivemq-controller-97] INFO  c.h.p.o.HiveMQPlatformReconciler - [helmwebs] Reconciling HiveMQ Platform 'test-hivemq-platform' in namespace 'helmwebsocketsit'
2025-01-29 17:07:43,393 INFO c.h.h.t.HelmChartContainer - [hivemq-test-hivemq-platform] [hivemq-platform-operator] [69ff6578] 17:07:43.148 [ReconcilerExecutor-hivemq-controller-97] DEBUG c.h.p.o.HiveMQPlatformReconciler - [helmwebs] Custom Resource Status STARTING - HiveMQ Platform is starting (READY)
2025-01-29 17:07:43,393 INFO c.h.h.t.HelmChartContainer - [hivemq-test-hivemq-platform] [hivemq-platform-operator] [69ff6578] 17:07:43.148 [ReconcilerExecutor-hivemq-controller-97] DEBUG c.h.p.o.HiveMQPlatformReconciler - [helmwebs] Custom Resource Spec (replicas: 1) (extensions: 1)
2025-01-29 17:07:43,393 INFO c.h.h.t.HelmChartContainer - [hivemq-test-hivemq-platform] [hivemq-platform-operator] [69ff6578] 17:07:43.151 [ReconcilerExecutor-hivemq-controller-97] DEBUG c.h.p.o.HiveMQPlatformReconciler - [helmwebs] StatefulSet Status (revision: test-hivemq-platform-8685cc5d6b, replicas: 1, available: 0, ready: 0, current: 1, updated: 1)
2025-01-29 17:07:43,393 INFO c.h.h.t.HelmChartContainer - [hivemq-test-hivemq-platform] [hivemq-platform-operator] [69ff6578] 17:07:43.151 [ReconcilerExecutor-hivemq-controller-97] DEBUG c.h.p.o.HiveMQPlatformReconciler - [helmwebs] StatefulSet Spec (replicas: 1, init containers: 1, containers: 1, volumes: 6)
2025-01-29 17:07:43,393 INFO c.h.h.t.HelmChartContainer - [hivemq-test-hivemq-platform] [hivemq-platform-operator] [69ff6578] 17:07:43.153 [ReconcilerExecutor-hivemq-controller-97] DEBUG c.h.p.o.h.HiveMQPlatformReconcilerErrorHandler - [helmwebs] Pod 'test-hivemq-platform-0' phase Pending
2025-01-29 17:07:43,393 INFO c.h.h.t.HelmChartContainer - [hivemq-test-hivemq-platform] [hivemq-platform-operator] [69ff6578] 17:07:43.153 [ReconcilerExecutor-hivemq-controller-97] DEBUG c.h.p.o.h.HiveMQPlatformReconcilerErrorHandler - [helmwebs] Pod 'test-hivemq-platform-0' condition 'PodReadyToStartContainers': True
2025-01-29 17:07:43,393 INFO c.h.h.t.HelmChartContainer - [hivemq-test-hivemq-platform] [hivemq-platform-operator] [69ff6578] 17:07:43.153 [ReconcilerExecutor-hivemq-controller-97] DEBUG c.h.p.o.h.HiveMQPlatformReconcilerErrorHandler - [helmwebs] Pod 'test-hivemq-platform-0' condition 'Initialized': False
2025-01-29 17:07:43,393 INFO c.h.h.t.HelmChartContainer - [hivemq-test-hivemq-platform] [hivemq-platform-operator] [69ff6578] 17:07:43.153 [ReconcilerExecutor-hivemq-controller-97] DEBUG c.h.p.o.h.HiveMQPlatformReconcilerErrorHandler - [helmwebs] Pod 'test-hivemq-platform-0' condition 'Ready': False
2025-01-29 17:07:43,394 INFO c.h.h.t.HelmChartContainer - [hivemq-test-hivemq-platform] [hivemq-platform-operator] [69ff6578] 17:07:43.153 [ReconcilerExecutor-hivemq-controller-97] DEBUG c.h.p.o.h.HiveMQPlatformReconcilerErrorHandler - [helmwebs] Pod 'test-hivemq-platform-0' condition 'ContainersReady': False
2025-01-29 17:07:43,394 INFO c.h.h.t.HelmChartContainer - [hivemq-test-hivemq-platform] [hivemq-platform-operator] [69ff6578] 17:07:43.153 [ReconcilerExecutor-hivemq-controller-97] DEBUG c.h.p.o.h.HiveMQPlatformReconcilerErrorHandler - [helmwebs] Pod 'test-hivemq-platform-0' condition 'PodScheduled': True
2025-01-29 17:07:43,394 INFO c.h.h.t.HelmChartContainer - [hivemq-test-hivemq-platform] [hivemq-platform-operator] [69ff6578] 17:07:43.153 [ReconcilerExecutor-hivemq-controller-97] DEBUG c.h.p.o.h.HiveMQPlatformReconcilerErrorHandler - [helmwebs] Pod 'test-hivemq-platform-0' containerStatus 'hivemq' (started: false) (ready: false) (waiting: [PodInitializing] null)
2025-01-29 17:07:43,394 INFO c.h.h.t.HelmChartContainer - [hivemq-test-hivemq-platform] [hivemq-platform-operator] [69ff6578] 17:07:43.154 [ReconcilerExecutor-hivemq-controller-97] INFO  c.h.p.o.h.HiveMQPlatformReconcilerBaseHandler - [helmwebs] HiveMQ Platform is starting, 0 of 1 replicas are ready
2025-01-29 17:07:43,962 INFO c.h.h.t.HelmChartContainer - [EVENT] Normal [Pulled] Container image "docker.io/hivemq/hivemq4:4.36.0" already present on machine [helmwebsocketsit:test-hivemq-platform-0]
2025-01-29 17:07:43,962 INFO c.h.h.t.HelmChartContainer - Received Pulled event for container hivemq in pod test-hivemq-platform-0 [c91835bc-dab3-42f7-88da-0f52bc4e17f9]
2025-01-29 17:07:43,973 INFO c.h.h.t.HelmChartContainer - [POD] test-hivemq-platform-0 [c91835bc-dab3-42f7-88da-0f52bc4e17f9] in helmwebsocketsit was MODIFIED
2025-01-29 17:07:43,984 INFO c.h.h.t.HelmChartContainer - [hivemq-test-hivemq-platform] [hivemq-platform-operator] [69ff6578] 17:07:43.978 [pool-6-thread-8] DEBUG c.h.p.o.d.PlatformServiceResource - [helmwebs] Desired Platform services (4 services)
2025-01-29 17:07:43,986 INFO c.h.h.t.HelmChartContainer - [hivemq-test-hivemq-platform] [hivemq-platform-operator] [69ff6578] 17:07:43.983 [pool-6-thread-9] DEBUG c.h.p.o.dependants.PodInfoConfigMap - [helmwebs] Desired PodInfo ConfigMap (1 extensions) (1 enabled)
2025-01-29 17:07:43,988 INFO c.h.h.t.HelmChartContainer - [hivemq-test-hivemq-platform] [hivemq-platform-operator] [69ff6578] 17:07:43.984 [pool-6-thread-9] DEBUG c.h.p.o.dependants.PodInfoConfigMap - [helmwebs] Desired PodInfo ConfigMap (metrics port: 9399) (metrics path: /)
2025-01-29 17:07:43,988 INFO c.h.h.t.HelmChartContainer - [hivemq-test-hivemq-platform] [hivemq-platform-operator] [69ff6578] 17:07:43.983 [pool-6-thread-6] DEBUG c.h.p.o.d.PodServiceAccountResource - [helmwebs] Desired PodServiceAccountResource (serviceAccountName: hivemq-platform-pod-test-hivemq-platform)
2025-01-29 17:07:43,988 INFO c.h.h.t.HelmChartContainer - [hivemq-test-hivemq-platform] [hivemq-platform-operator] [69ff6578] 17:07:43.984 [pool-6-thread-9] DEBUG c.h.p.o.dependants.PodInfoConfigMap - [helmwebs] Desired PodInfo ConfigMap (extension state hash: -1817474005)
2025-01-29 17:07:43,989 INFO c.h.h.t.HelmChartContainer - [hivemq-test-hivemq-platform] [hivemq-platform-operator] [69ff6578] 17:07:43.989 [pool-6-thread-4] DEBUG c.h.p.o.d.StatefulSetResource - [helmwebs] Desired StatefulSet (1 replicas) for status STARTING (READY)
2025-01-29 17:07:44,048 INFO c.h.h.t.HelmChartContainer - [hivemq-test-hivemq-platform] [hivemq-platform-operator] [69ff6578] 17:07:44.047 [ReconcilerExecutor-hivemq-controller-108] INFO  c.h.p.o.HiveMQPlatformReconciler - [helmwebs] Reconciling HiveMQ Platform 'test-hivemq-platform' in namespace 'helmwebsocketsit'
2025-01-29 17:07:44,050 INFO c.h.h.t.HelmChartContainer - [hivemq-test-hivemq-platform] [hivemq-platform-operator] [69ff6578] 17:07:44.047 [ReconcilerExecutor-hivemq-controller-108] DEBUG c.h.p.o.HiveMQPlatformReconciler - [helmwebs] Custom Resource Status STARTING - HiveMQ Platform is starting (READY)
2025-01-29 17:07:44,051 INFO c.h.h.t.HelmChartContainer - [hivemq-test-hivemq-platform] [hivemq-platform-operator] [69ff6578] 17:07:44.047 [ReconcilerExecutor-hivemq-controller-108] DEBUG c.h.p.o.HiveMQPlatformReconciler - [helmwebs] Custom Resource Spec (replicas: 1) (extensions: 1)
2025-01-29 17:07:44,055 INFO c.h.h.t.HelmChartContainer - [hivemq-test-hivemq-platform] [hivemq-platform-operator] [69ff6578] 17:07:44.050 [ReconcilerExecutor-hivemq-controller-108] DEBUG c.h.p.o.HiveMQPlatformReconciler - [helmwebs] StatefulSet Status (revision: test-hivemq-platform-8685cc5d6b, replicas: 1, available: 0, ready: 0, current: 1, updated: 1)
2025-01-29 17:07:44,057 INFO c.h.h.t.HelmChartContainer - [hivemq-test-hivemq-platform] [hivemq-platform-operator] [69ff6578] 17:07:44.050 [ReconcilerExecutor-hivemq-controller-108] DEBUG c.h.p.o.HiveMQPlatformReconciler - [helmwebs] StatefulSet Spec (replicas: 1, init containers: 1, containers: 1, volumes: 6)
2025-01-29 17:07:44,057 INFO c.h.h.t.HelmChartContainer - [hivemq-test-hivemq-platform] [hivemq-platform-operator] [69ff6578] 17:07:44.054 [ReconcilerExecutor-hivemq-controller-108] DEBUG c.h.p.o.h.HiveMQPlatformReconcilerErrorHandler - [helmwebs] Pod 'test-hivemq-platform-0' phase Pending
2025-01-29 17:07:44,057 INFO c.h.h.t.HelmChartContainer - [hivemq-test-hivemq-platform] [hivemq-platform-operator] [69ff6578] 17:07:44.054 [ReconcilerExecutor-hivemq-controller-108] DEBUG c.h.p.o.h.HiveMQPlatformReconcilerErrorHandler - [helmwebs] Pod 'test-hivemq-platform-0' condition 'PodReadyToStartContainers': True
2025-01-29 17:07:44,057 INFO c.h.h.t.HelmChartContainer - [hivemq-test-hivemq-platform] [hivemq-platform-operator] [69ff6578] 17:07:44.054 [ReconcilerExecutor-hivemq-controller-108] DEBUG c.h.p.o.h.HiveMQPlatformReconcilerErrorHandler - [helmwebs] Pod 'test-hivemq-platform-0' condition 'Initialized': True
2025-01-29 17:07:44,057 INFO c.h.h.t.HelmChartContainer - [hivemq-test-hivemq-platform] [hivemq-platform-operator] [69ff6578] 17:07:44.054 [ReconcilerExecutor-hivemq-controller-108] DEBUG c.h.p.o.h.HiveMQPlatformReconcilerErrorHandler - [helmwebs] Pod 'test-hivemq-platform-0' condition 'Ready': False
2025-01-29 17:07:44,057 INFO c.h.h.t.HelmChartContainer - [hivemq-test-hivemq-platform] [hivemq-platform-operator] [69ff6578] 17:07:44.054 [ReconcilerExecutor-hivemq-controller-108] DEBUG c.h.p.o.h.HiveMQPlatformReconcilerErrorHandler - [helmwebs] Pod 'test-hivemq-platform-0' condition 'ContainersReady': False
2025-01-29 17:07:44,057 INFO c.h.h.t.HelmChartContainer - [hivemq-test-hivemq-platform] [hivemq-platform-operator] [69ff6578] 17:07:44.054 [ReconcilerExecutor-hivemq-controller-108] DEBUG c.h.p.o.h.HiveMQPlatformReconcilerErrorHandler - [helmwebs] Pod 'test-hivemq-platform-0' condition 'PodScheduled': True
2025-01-29 17:07:44,057 INFO c.h.h.t.HelmChartContainer - [hivemq-test-hivemq-platform] [hivemq-platform-operator] [69ff6578] 17:07:44.054 [ReconcilerExecutor-hivemq-controller-108] DEBUG c.h.p.o.h.HiveMQPlatformReconcilerErrorHandler - [helmwebs] Pod 'test-hivemq-platform-0' containerStatus 'hivemq' (started: false) (ready: false) (waiting: [PodInitializing] null)
2025-01-29 17:07:44,057 INFO c.h.h.t.HelmChartContainer - [hivemq-test-hivemq-platform] [hivemq-platform-operator] [69ff6578] 17:07:44.055 [ReconcilerExecutor-hivemq-controller-108] INFO  c.h.p.o.h.HiveMQPlatformReconcilerBaseHandler - [helmwebs] HiveMQ Platform is starting, 0 of 1 replicas are ready
2025-01-29 17:07:45,064 INFO c.h.h.t.HelmChartContainer - [EVENT] Normal [Created] Created container: hivemq [helmwebsocketsit:test-hivemq-platform-0]
2025-01-29 17:07:45,064 INFO c.h.h.t.HelmChartContainer - Received Created event for container hivemq in pod test-hivemq-platform-0 [c91835bc-dab3-42f7-88da-0f52bc4e17f9]
2025-01-29 17:07:45,978 INFO c.h.h.t.HelmChartContainer - [POD] test-hivemq-platform-0 [c91835bc-dab3-42f7-88da-0f52bc4e17f9] in helmwebsocketsit was MODIFIED
2025-01-29 17:07:45,988 INFO c.h.h.t.HelmChartContainer - [EVENT] Normal [Started] Started container hivemq [helmwebsocketsit:test-hivemq-platform-0]
2025-01-29 17:07:45,988 INFO c.h.h.t.HelmChartContainer - Received Started event for container hivemq in pod test-hivemq-platform-0 [c91835bc-dab3-42f7-88da-0f52bc4e17f9]
2025-01-29 17:07:45,989 INFO c.h.h.t.HelmChartContainer - Started log watcher for hivemq in pod test-hivemq-platform-0 [c91835bc-dab3-42f7-88da-0f52bc4e17f9]
2025-01-29 17:07:45,989 INFO c.h.h.t.HelmChartContainer - [test-hivemq-platform] [hivemq] [c91835bc] Adding pre-installed HiveMQ Platform Operator extensions
2025-01-29 17:07:45,989 INFO c.h.h.t.HelmChartContainer - [test-hivemq-platform] [hivemq] [c91835bc] Running as user 10000
2025-01-29 17:07:45,990 INFO c.h.h.t.HelmChartContainer - [test-hivemq-platform] [hivemq] [c91835bc] Starting HiveMQ Platform Operator Init
2025-01-29 17:07:45,995 INFO c.h.h.t.HelmChartContainer - [hivemq-test-hivemq-platform] [hivemq-platform-operator] [69ff6578] 17:07:45.994 [pool-6-thread-15] DEBUG c.h.p.o.d.PlatformServiceResource - [helmwebs] Desired Platform services (4 services)
2025-01-29 17:07:45,999 INFO c.h.h.t.HelmChartContainer - [hivemq-test-hivemq-platform] [hivemq-platform-operator] [69ff6578] 17:07:45.997 [pool-6-thread-16] DEBUG c.h.p.o.d.PodServiceAccountResource - [helmwebs] Desired PodServiceAccountResource (serviceAccountName: hivemq-platform-pod-test-hivemq-platform)
2025-01-29 17:07:46,044 INFO c.h.h.t.HelmChartContainer - [hivemq-test-hivemq-platform] [hivemq-platform-operator] [69ff6578] 17:07:46.003 [pool-6-thread-19] DEBUG c.h.p.o.dependants.PodInfoConfigMap - [helmwebs] Desired PodInfo ConfigMap (1 extensions) (1 enabled)
2025-01-29 17:07:46,045 INFO c.h.h.t.HelmChartContainer - [hivemq-test-hivemq-platform] [hivemq-platform-operator] [69ff6578] 17:07:46.043 [pool-6-thread-19] DEBUG c.h.p.o.dependants.PodInfoConfigMap - [helmwebs] Desired PodInfo ConfigMap (metrics port: 9399) (metrics path: /)
2025-01-29 17:07:46,045 INFO c.h.h.t.HelmChartContainer - [hivemq-test-hivemq-platform] [hivemq-platform-operator] [69ff6578] 17:07:46.043 [pool-6-thread-19] DEBUG c.h.p.o.dependants.PodInfoConfigMap - [helmwebs] Desired PodInfo ConfigMap (extension state hash: -1817474005)
2025-01-29 17:07:46,047 INFO c.h.h.t.HelmChartContainer - [hivemq-test-hivemq-platform] [hivemq-platform-operator] [69ff6578] 17:07:46.047 [pool-6-thread-19] DEBUG c.h.p.o.d.StatefulSetResource - [helmwebs] Desired StatefulSet (1 replicas) for status STARTING (READY)
2025-01-29 17:07:46,055 INFO c.h.h.t.HelmChartContainer - [hivemq-test-hivemq-platform] [hivemq-platform-operator] [69ff6578] 17:07:46.053 [ReconcilerExecutor-hivemq-controller-109] INFO  c.h.p.o.HiveMQPlatformReconciler - [helmwebs] Reconciling HiveMQ Platform 'test-hivemq-platform' in namespace 'helmwebsocketsit'
2025-01-29 17:07:46,056 INFO c.h.h.t.HelmChartContainer - [hivemq-test-hivemq-platform] [hivemq-platform-operator] [69ff6578] 17:07:46.053 [ReconcilerExecutor-hivemq-controller-109] DEBUG c.h.p.o.HiveMQPlatformReconciler - [helmwebs] Custom Resource Status STARTING - HiveMQ Platform is starting (READY)
2025-01-29 17:07:46,056 INFO c.h.h.t.HelmChartContainer - [hivemq-test-hivemq-platform] [hivemq-platform-operator] [69ff6578] 17:07:46.054 [ReconcilerExecutor-hivemq-controller-109] DEBUG c.h.p.o.HiveMQPlatformReconciler - [helmwebs] Custom Resource Spec (replicas: 1) (extensions: 1)
2025-01-29 17:07:46,058 INFO c.h.h.t.HelmChartContainer - [hivemq-test-hivemq-platform] [hivemq-platform-operator] [69ff6578] 17:07:46.057 [ReconcilerExecutor-hivemq-controller-109] DEBUG c.h.p.o.HiveMQPlatformReconciler - [helmwebs] StatefulSet Status (revision: test-hivemq-platform-8685cc5d6b, replicas: 1, available: 0, ready: 0, current: 1, updated: 1)
2025-01-29 17:07:46,059 INFO c.h.h.t.HelmChartContainer - [hivemq-test-hivemq-platform] [hivemq-platform-operator] [69ff6578] 17:07:46.057 [ReconcilerExecutor-hivemq-controller-109] DEBUG c.h.p.o.HiveMQPlatformReconciler - [helmwebs] StatefulSet Spec (replicas: 1, init containers: 1, containers: 1, volumes: 6)
2025-01-29 17:07:46,059 INFO c.h.h.t.HelmChartContainer - [hivemq-test-hivemq-platform] [hivemq-platform-operator] [69ff6578] 17:07:46.059 [ReconcilerExecutor-hivemq-controller-109] DEBUG c.h.p.o.h.HiveMQPlatformReconcilerErrorHandler - [helmwebs] Pod 'test-hivemq-platform-0' phase Running
2025-01-29 17:07:46,060 INFO c.h.h.t.HelmChartContainer - [hivemq-test-hivemq-platform] [hivemq-platform-operator] [69ff6578] 17:07:46.060 [ReconcilerExecutor-hivemq-controller-109] INFO  c.h.p.o.h.HiveMQPlatformReconcilerBaseHandler - [helmwebs] HiveMQ Platform is starting, 0 of 1 replicas are ready
2025-01-29 17:07:46,369 INFO c.h.h.t.HelmChartContainer - [test-hivemq-platform] [hivemq] [c91835bc] INFO  - [HiveMQ Platform Operator Init 1.7.0-SNAPSHOT] HiveMQ Platform Operator Init 1.7.0-SNAPSHOT (commit: 8465ebf on branch: HEAD) built on Wed Jan 29 16:56:31 UTC 2025
2025-01-29 17:07:47,498 INFO c.h.h.t.HelmChartContainer - [test-hivemq-platform] [hivemq] [c91835bc] INFO  - [HiveMQ Platform Operator Init App 1.7.0-SNAPSHOT] Using bind address 10.42.0.12 from environment variable
2025-01-29 17:07:48,473 INFO c.h.h.t.HelmChartContainer - [test-hivemq-platform] [hivemq] [c91835bc] INFO  - [HiveMQ Platform Operator Init App 1.7.0-SNAPSHOT] HiveMQ Platform Operator Init App 1.7.0-SNAPSHOT (commit: 8465ebf on branch: HEAD) built on Wed Jan 29 16:56:31 UTC 2025
2025-01-29 17:07:48,473 INFO c.h.h.t.HelmChartContainer - [test-hivemq-platform] [hivemq] [c91835bc] INFO  - [HiveMQ Platform Operator Init App 1.7.0-SNAPSHOT] PodInfo ConfigMap directory: /etc/podinfo
2025-01-29 17:07:48,473 INFO c.h.h.t.HelmChartContainer - [test-hivemq-platform] [hivemq] [c91835bc] INFO  - [HiveMQ Platform Operator Init App 1.7.0-SNAPSHOT] HiveMQ home directory: /opt/hivemq
2025-01-29 17:07:48,473 INFO c.h.h.t.HelmChartContainer - [test-hivemq-platform] [hivemq] [c91835bc] INFO  - [HiveMQ Platform Operator Init App 1.7.0-SNAPSHOT] HiveMQ Logback folder: /opt/hivemq/conf
2025-01-29 17:07:48,473 INFO c.h.h.t.HelmChartContainer - [test-hivemq-platform] [hivemq] [c91835bc] INFO  - [HiveMQ Platform Operator Init App 1.7.0-SNAPSHOT] HiveMQ Config folder: /opt/hivemq/conf-k8s
2025-01-29 17:07:48,475 INFO c.h.h.t.HelmChartContainer - [test-hivemq-platform] [hivemq] [c91835bc] INFO  - [HiveMQ Platform Operator Init App 1.7.0-SNAPSHOT] Starting HiveMQ Platform Operator Init App
2025-01-29 17:07:48,475 INFO c.h.h.t.HelmChartContainer - [test-hivemq-platform] [hivemq] [c91835bc] INFO  - [HiveMQ Platform Operator Init App 1.7.0-SNAPSHOT] Starting Pod reconciler
2025-01-29 17:07:49,737 INFO c.h.h.t.HelmChartContainer - [test-hivemq-platform] [hivemq] [c91835bc] INFO  - [HiveMQ Platform Operator Init App 1.7.0-SNAPSHOT] Pod reconciler is scheduled (interval: 5000 ms)
2025-01-29 17:07:49,738 INFO c.h.h.t.HelmChartContainer - [test-hivemq-platform] [hivemq] [c91835bc] INFO  - [HiveMQ Platform Operator Init App 1.7.0-SNAPSHOT] Starting the REST API on 10.42.0.12:7979
2025-01-29 17:07:49,770 INFO c.h.h.t.HelmChartContainer - [test-hivemq-platform] [hivemq] [c91835bc] INFO  - [HiveMQ Platform Operator Init App 1.7.0-SNAPSHOT] Waiting up to 600s for at most 1 HiveMQ nodes in cluster service hivemq-test-hivemq-platform-cluster.helmwebsocketsit.svc
2025-01-29 17:07:50,088 INFO c.h.h.t.HelmChartContainer - [test-hivemq-platform] [hivemq] [c91835bc] INFO  - [HiveMQ Platform Operator Init App 1.7.0-SNAPSHOT] Resolved 1 IP addresses: [10.42.0.12]
2025-01-29 17:07:50,088 INFO c.h.h.t.HelmChartContainer - [test-hivemq-platform] [hivemq] [c91835bc] INFO  - [HiveMQ Platform Operator Init App 1.7.0-SNAPSHOT] HiveMQ node count of 1 is within threshold of 1
2025-01-29 17:07:50,088 INFO c.h.h.t.HelmChartContainer - [test-hivemq-platform] [hivemq] [c91835bc] INFO  - [HiveMQ Platform Operator Init App 1.7.0-SNAPSHOT] Proceeding with container start
2025-01-29 17:07:50,178 INFO c.h.h.t.HelmChartContainer - [test-hivemq-platform] [hivemq] [c91835bc] INFO  - [HiveMQ Platform Operator Init App 1.7.0-SNAPSHOT] Initializing HiveMQ Platform extensions with initial configuration: {hivemq-allow-all-extension={start-priority=-1, skip-https-hostname-verification=false, restart=true, config-version=0, header-version=0, c-uri=, priority=-1, uri=preinstalled, skip-https-certificate-validation=false, enabled=true}, hivemq-prometheus-extension={enabled=true, restart=true, priority=-1, start-priority=-1, c-uri=, skip-https-hostname-verification=false, skip-https-certificate-validation=false, uri=preinstalled, request-header-path=no-request-headers}}
2025-01-29 17:07:50,637 INFO c.h.h.t.HelmChartContainer - [test-hivemq-platform] [hivemq] [c91835bc] INFO  - [HiveMQ Platform Operator Init App 1.7.0-SNAPSHOT] Extension hivemq-allow-all-extension was already enabled
2025-01-29 17:07:50,671 INFO c.h.h.t.HelmChartContainer - [test-hivemq-platform] [hivemq] [c91835bc] INFO  - [HiveMQ Platform Operator Init App 1.7.0-SNAPSHOT] Successfully enabled extension hivemq-prometheus-extension
2025-01-29 17:07:50,672 INFO c.h.h.t.HelmChartContainer - [test-hivemq-platform] [hivemq] [c91835bc] INFO  - [HiveMQ Platform Operator Init App 1.7.0-SNAPSHOT] Starting HiveMQ Platform version 4.36.0 (4.36.0)
2025-01-29 17:07:50,672 INFO c.h.h.t.HelmChartContainer - [test-hivemq-platform] [hivemq] [c91835bc] INFO  - [HiveMQ Platform Operator Init App 1.7.0-SNAPSHOT] Configuring the HiveMQ Platform
2025-01-29 17:07:50,681 INFO c.h.h.t.HelmChartContainer - [test-hivemq-platform] [hivemq] [c91835bc] INFO  - [HiveMQ Platform Operator Init App 1.7.0-SNAPSHOT] Changed logback.xml file scan period to 20 seconds
2025-01-29 17:07:50,771 INFO c.h.h.t.HelmChartContainer - [test-hivemq-platform] [hivemq] [c91835bc] INFO  - [HiveMQ Platform Operator Init App 1.7.0-SNAPSHOT] Starting the HiveMQ Platform
2025-01-29 17:07:50,776 INFO c.h.h.t.HelmChartContainer - [test-hivemq-platform] [hivemq] [c91835bc] -------------------------------------------------------------------------
2025-01-29 17:07:50,776 INFO c.h.h.t.HelmChartContainer - [test-hivemq-platform] [hivemq] [c91835bc] 
2025-01-29 17:07:50,776 INFO c.h.h.t.HelmChartContainer - [test-hivemq-platform] [hivemq] [c91835bc]                   _    _  _              __  __   ____
2025-01-29 17:07:50,776 INFO c.h.h.t.HelmChartContainer - [test-hivemq-platform] [hivemq] [c91835bc]                  | |  | |(_)            |  \/  | / __ \
2025-01-29 17:07:50,776 INFO c.h.h.t.HelmChartContainer - [test-hivemq-platform] [hivemq] [c91835bc]                  | |__| | _ __   __ ___ | \  / || |  | |
2025-01-29 17:07:50,776 INFO c.h.h.t.HelmChartContainer - [test-hivemq-platform] [hivemq] [c91835bc]                  |  __  || |\ \ / // _ \| |\/| || |  | |
2025-01-29 17:07:50,776 INFO c.h.h.t.HelmChartContainer - [test-hivemq-platform] [hivemq] [c91835bc]                  | |  | || | \ V /|  __/| |  | || |__| |
2025-01-29 17:07:50,776 INFO c.h.h.t.HelmChartContainer - [test-hivemq-platform] [hivemq] [c91835bc]                  |_|  |_||_|  \_/  \___||_|  |_| \___\_\
2025-01-29 17:07:50,776 INFO c.h.h.t.HelmChartContainer - [test-hivemq-platform] [hivemq] [c91835bc] 
2025-01-29 17:07:50,776 INFO c.h.h.t.HelmChartContainer - [test-hivemq-platform] [hivemq] [c91835bc] -------------------------------------------------------------------------
2025-01-29 17:07:50,776 INFO c.h.h.t.HelmChartContainer - [test-hivemq-platform] [hivemq] [c91835bc] 
2025-01-29 17:07:50,776 INFO c.h.h.t.HelmChartContainer - [test-hivemq-platform] [hivemq] [c91835bc]   HiveMQ Start Script for Linux/Unix v1.14
2025-01-29 17:07:50,776 INFO c.h.h.t.HelmChartContainer - [test-hivemq-platform] [hivemq] [c91835bc] 
2025-01-29 17:07:50,886 INFO c.h.h.t.HelmChartContainer - [test-hivemq-platform] [hivemq] [c91835bc] -------------------------------------------------------------------------
2025-01-29 17:07:50,886 INFO c.h.h.t.HelmChartContainer - [test-hivemq-platform] [hivemq] [c91835bc] 
2025-01-29 17:07:50,886 INFO c.h.h.t.HelmChartContainer - [test-hivemq-platform] [hivemq] [c91835bc]   HIVEMQ_HOME: /opt/hivemq
2025-01-29 17:07:50,886 INFO c.h.h.t.HelmChartContainer - [test-hivemq-platform] [hivemq] [c91835bc] 
2025-01-29 17:07:50,886 INFO c.h.h.t.HelmChartContainer - [test-hivemq-platform] [hivemq] [c91835bc]   JAVA_OPTS: -XX:+UnlockExperimentalVMOptions -XX:InitialRAMPercentage=50 -XX:MaxRAMPercentage=50 -Djava.net.preferIPv4Stack=true --add-opens java.base/java.lang=ALL-UNNAMED --add-opens java.base/java.nio=ALL-UNNAMED --add-opens java.base/sun.nio.ch=ALL-UNNAMED --add-opens jdk.management/com.sun.management.internal=ALL-UNNAMED --add-exports java.base/jdk.internal.misc=ALL-UNNAMED -Djava.security.egd=file:/dev/./urandom -Dcom.sun.management.jmxremote -Dcom.sun.management.jmxremote.port=9010 -Dcom.sun.management.jmxremote.local.only=false -Dcom.sun.management.jmxremote.authenticate=false -Dcom.sun.management.jmxremote.ssl=false -Duser.language=en -Duser.region=US -XX:+CrashOnOutOfMemoryError -XX:+HeapDumpOnOutOfMemoryError
2025-01-29 17:07:50,886 INFO c.h.h.t.HelmChartContainer - [test-hivemq-platform] [hivemq] [c91835bc] 
2025-01-29 17:07:50,886 INFO c.h.h.t.HelmChartContainer - [test-hivemq-platform] [hivemq] [c91835bc]   JAVA_VERSION: 21
2025-01-29 17:07:50,886 INFO c.h.h.t.HelmChartContainer - [test-hivemq-platform] [hivemq] [c91835bc] 
2025-01-29 17:07:50,886 INFO c.h.h.t.HelmChartContainer - [test-hivemq-platform] [hivemq] [c91835bc] -------------------------------------------------------------------------
2025-01-29 17:07:50,886 INFO c.h.h.t.HelmChartContainer - [test-hivemq-platform] [hivemq] [c91835bc] 
2025-01-29 17:07:51,976 INFO c.h.h.t.HelmChartContainer - [test-hivemq-platform] [hivemq] [c91835bc] INFO  - [HiveMQ Platform Operator Init App 1.7.0-SNAPSHOT] Returning default Health API response 503 for readiness
2025-01-29 17:07:52,375 INFO c.h.h.t.HelmChartContainer - [EVENT] Warning [Unhealthy] Readiness probe failed: HTTP probe failed with statuscode: 503 [helmwebsocketsit:test-hivemq-platform-0]
2025-01-29 17:07:52,375 INFO c.h.h.t.HelmChartContainer - Received Unhealthy event for container hivemq in pod test-hivemq-platform-0 [c91835bc-dab3-42f7-88da-0f52bc4e17f9]
2025-01-29 17:07:53,585 INFO c.h.h.t.HelmChartContainer - [test-hivemq-platform] [hivemq] [c91835bc] INFO  - Starting HiveMQ Enterprise Server
2025-01-29 17:07:53,637 INFO c.h.h.t.HelmChartContainer - [test-hivemq-platform] [hivemq] [c91835bc] INFO  - HiveMQ version: 4.36.0
2025-01-29 17:07:53,637 INFO c.h.h.t.HelmChartContainer - [test-hivemq-platform] [hivemq] [c91835bc] INFO  - HiveMQ home directory: /opt/hivemq
2025-01-29 17:07:53,637 INFO c.h.h.t.HelmChartContainer - [test-hivemq-platform] [hivemq] [c91835bc] INFO  - Log Configuration was overridden by /opt/hivemq/conf/logback.xml
2025-01-29 17:07:54,883 INFO c.h.h.t.HelmChartContainer - [test-hivemq-platform] [hivemq] [c91835bc] INFO  - Successfully loaded configuration from '/opt/hivemq/conf-k8s/config.xml'.
2025-01-29 17:07:55,672 INFO c.h.h.t.HelmChartContainer - [test-hivemq-platform] [hivemq] [c91835bc] INFO  - This node's ID is 4HuCT
2025-01-29 17:07:55,673 INFO c.h.h.t.HelmChartContainer - [test-hivemq-platform] [hivemq] [c91835bc] INFO  - Clustering is enabled
2025-01-29 17:07:56,068 INFO c.h.h.t.HelmChartContainer - [hivemq-test-hivemq-platform] [hivemq-platform-operator] [69ff6578] 17:07:56.065 [pool-6-thread-24] DEBUG c.h.p.o.d.PlatformServiceResource - [helmwebs] Desired Platform services (4 services)
2025-01-29 17:07:56,068 INFO c.h.h.t.HelmChartContainer - [hivemq-test-hivemq-platform] [hivemq-platform-operator] [69ff6578] 17:07:56.066 [pool-6-thread-23] DEBUG c.h.p.o.dependants.PodInfoConfigMap - [helmwebs] Desired PodInfo ConfigMap (1 extensions) (1 enabled)
2025-01-29 17:07:56,068 INFO c.h.h.t.HelmChartContainer - [hivemq-test-hivemq-platform] [hivemq-platform-operator] [69ff6578] 17:07:56.066 [pool-6-thread-23] DEBUG c.h.p.o.dependants.PodInfoConfigMap - [helmwebs] Desired PodInfo ConfigMap (metrics port: 9399) (metrics path: /)
2025-01-29 17:07:56,068 INFO c.h.h.t.HelmChartContainer - [hivemq-test-hivemq-platform] [hivemq-platform-operator] [69ff6578] 17:07:56.066 [pool-6-thread-23] DEBUG c.h.p.o.dependants.PodInfoConfigMap - [helmwebs] Desired PodInfo ConfigMap (extension state hash: -1817474005)
2025-01-29 17:07:56,068 INFO c.h.h.t.HelmChartContainer - [hivemq-test-hivemq-platform] [hivemq-platform-operator] [69ff6578] 17:07:56.067 [pool-6-thread-25] DEBUG c.h.p.o.d.PodServiceAccountResource - [helmwebs] Desired PodServiceAccountResource (serviceAccountName: hivemq-platform-pod-test-hivemq-platform)
2025-01-29 17:07:56,088 INFO c.h.h.t.HelmChartContainer - [hivemq-test-hivemq-platform] [hivemq-platform-operator] [69ff6578] 17:07:56.087 [pool-6-thread-24] DEBUG c.h.p.o.d.StatefulSetResource - [helmwebs] Desired StatefulSet (1 replicas) for status STARTING (READY)
2025-01-29 17:07:56,148 INFO c.h.h.t.HelmChartContainer - [hivemq-test-hivemq-platform] [hivemq-platform-operator] [69ff6578] 17:07:56.146 [ReconcilerExecutor-hivemq-controller-110] INFO  c.h.p.o.HiveMQPlatformReconciler - [helmwebs] Reconciling HiveMQ Platform 'test-hivemq-platform' in namespace 'helmwebsocketsit'
2025-01-29 17:07:56,149 INFO c.h.h.t.HelmChartContainer - [hivemq-test-hivemq-platform] [hivemq-platform-operator] [69ff6578] 17:07:56.147 [ReconcilerExecutor-hivemq-controller-110] DEBUG c.h.p.o.HiveMQPlatformReconciler - [helmwebs] Custom Resource Status STARTING - HiveMQ Platform is starting (READY)
2025-01-29 17:07:56,149 INFO c.h.h.t.HelmChartContainer - [hivemq-test-hivemq-platform] [hivemq-platform-operator] [69ff6578] 17:07:56.147 [ReconcilerExecutor-hivemq-controller-110] DEBUG c.h.p.o.HiveMQPlatformReconciler - [helmwebs] Custom Resource Spec (replicas: 1) (extensions: 1)
2025-01-29 17:07:56,151 INFO c.h.h.t.HelmChartContainer - [hivemq-test-hivemq-platform] [hivemq-platform-operator] [69ff6578] 17:07:56.149 [ReconcilerExecutor-hivemq-controller-110] DEBUG c.h.p.o.HiveMQPlatformReconciler - [helmwebs] StatefulSet Status (revision: test-hivemq-platform-8685cc5d6b, replicas: 1, available: 0, ready: 0, current: 1, updated: 1)
2025-01-29 17:07:56,151 INFO c.h.h.t.HelmChartContainer - [hivemq-test-hivemq-platform] [hivemq-platform-operator] [69ff6578] 17:07:56.149 [ReconcilerExecutor-hivemq-controller-110] DEBUG c.h.p.o.HiveMQPlatformReconciler - [helmwebs] StatefulSet Spec (replicas: 1, init containers: 1, containers: 1, volumes: 6)
2025-01-29 17:07:56,152 INFO c.h.h.t.HelmChartContainer - [hivemq-test-hivemq-platform] [hivemq-platform-operator] [69ff6578] 17:07:56.151 [ReconcilerExecutor-hivemq-controller-110] DEBUG c.h.p.o.h.HiveMQPlatformReconcilerErrorHandler - [helmwebs] Pod 'test-hivemq-platform-0' phase Running
2025-01-29 17:07:56,153 INFO c.h.h.t.HelmChartContainer - [hivemq-test-hivemq-platform] [hivemq-platform-operator] [69ff6578] 17:07:56.151 [ReconcilerExecutor-hivemq-controller-110] INFO  c.h.p.o.h.HiveMQPlatformReconcilerBaseHandler - [helmwebs] HiveMQ Platform is starting, 0 of 1 replicas are ready
2025-01-29 17:07:57,378 INFO c.h.h.t.HelmChartContainer - [test-hivemq-platform] [hivemq] [c91835bc] WARN  - [HiveMQ Platform Operator Init App 1.7.0-SNAPSHOT] Cannot connect to Health API for readiness: null
2025-01-29 17:07:57,385 INFO c.h.h.t.HelmChartContainer - [EVENT] Warning [Unhealthy] Readiness probe failed: HTTP probe failed with statuscode: 503 [helmwebsocketsit:test-hivemq-platform-0]
2025-01-29 17:07:57,385 INFO c.h.h.t.HelmChartContainer - Received Unhealthy event for container hivemq in pod test-hivemq-platform-0 [c91835bc-dab3-42f7-88da-0f52bc4e17f9]
2025-01-29 17:07:59,882 INFO c.h.h.t.HelmChartContainer - [test-hivemq-platform] [hivemq] [c91835bc] Jan 29, 2025 5:07:59 PM io.vertx.core.impl.BlockedThreadChecker
2025-01-29 17:07:59,883 INFO c.h.h.t.HelmChartContainer - [test-hivemq-platform] [hivemq] [c91835bc] WARNING: Thread Thread[vert.x-eventloop-thread-1,5,main] has been blocked for 2107 ms, time limit is 2000 ms
2025-01-29 17:08:00,879 INFO c.h.h.t.HelmChartContainer - [test-hivemq-platform] [hivemq] [c91835bc] Jan 29, 2025 5:08:00 PM io.vertx.core.impl.BlockedThreadChecker
2025-01-29 17:08:00,879 INFO c.h.h.t.HelmChartContainer - [test-hivemq-platform] [hivemq] [c91835bc] WARNING: Thread Thread[vert.x-eventloop-thread-1,5,main] has been blocked for 3108 ms, time limit is 2000 ms
2025-01-29 17:08:00,972 INFO c.h.h.t.HelmChartContainer - [test-hivemq-platform] [hivemq] [c91835bc] INFO  - [HiveMQ Platform Operator Init App 1.7.0-SNAPSHOT] Updating Pod HiveMQ Platform Operator Init App version annotation (version: 1.7.0-SNAPSHOT)
2025-01-29 17:08:01,895 INFO c.h.h.t.HelmChartContainer - [POD] test-hivemq-platform-0 [c91835bc-dab3-42f7-88da-0f52bc4e17f9] in helmwebsocketsit was MODIFIED
2025-01-29 17:08:01,902 INFO c.h.h.t.HelmChartContainer - [hivemq-test-hivemq-platform] [hivemq-platform-operator] [69ff6578] 17:08:01.900 [pool-6-thread-38] DEBUG c.h.p.o.d.PlatformServiceResource - [helmwebs] Desired Platform services (4 services)
2025-01-29 17:08:01,905 INFO c.h.h.t.HelmChartContainer - [hivemq-test-hivemq-platform] [hivemq-platform-operator] [69ff6578] 17:08:01.903 [pool-6-thread-36] DEBUG c.h.p.o.dependants.PodInfoConfigMap - [helmwebs] Desired PodInfo ConfigMap (1 extensions) (1 enabled)
2025-01-29 17:08:01,905 INFO c.h.h.t.HelmChartContainer - [hivemq-test-hivemq-platform] [hivemq-platform-operator] [69ff6578] 17:08:01.903 [pool-6-thread-36] DEBUG c.h.p.o.dependants.PodInfoConfigMap - [helmwebs] Desired PodInfo ConfigMap (metrics port: 9399) (metrics path: /)
2025-01-29 17:08:01,905 INFO c.h.h.t.HelmChartContainer - [hivemq-test-hivemq-platform] [hivemq-platform-operator] [69ff6578] 17:08:01.903 [pool-6-thread-36] DEBUG c.h.p.o.dependants.PodInfoConfigMap - [helmwebs] Desired PodInfo ConfigMap (extension state hash: -1817474005)
2025-01-29 17:08:01,906 INFO c.h.h.t.HelmChartContainer - [hivemq-test-hivemq-platform] [hivemq-platform-operator] [69ff6578] 17:08:01.905 [pool-6-thread-35] DEBUG c.h.p.o.d.PodServiceAccountResource - [helmwebs] Desired PodServiceAccountResource (serviceAccountName: hivemq-platform-pod-test-hivemq-platform)
2025-01-29 17:08:01,914 INFO c.h.h.t.HelmChartContainer - [hivemq-test-hivemq-platform] [hivemq-platform-operator] [69ff6578] 17:08:01.913 [pool-6-thread-38] DEBUG c.h.p.o.d.StatefulSetResource - [helmwebs] Desired StatefulSet (1 replicas) for status STARTING (READY)
2025-01-29 17:08:01,949 INFO c.h.h.t.HelmChartContainer - [hivemq-test-hivemq-platform] [hivemq-platform-operator] [69ff6578] 17:08:01.946 [ReconcilerExecutor-hivemq-controller-111] INFO  c.h.p.o.HiveMQPlatformReconciler - [helmwebs] Reconciling HiveMQ Platform 'test-hivemq-platform' in namespace 'helmwebsocketsit'
2025-01-29 17:08:01,950 INFO c.h.h.t.HelmChartContainer - [hivemq-test-hivemq-platform] [hivemq-platform-operator] [69ff6578] 17:08:01.946 [ReconcilerExecutor-hivemq-controller-111] DEBUG c.h.p.o.HiveMQPlatformReconciler - [helmwebs] Custom Resource Status STARTING - HiveMQ Platform is starting (READY)
2025-01-29 17:08:01,950 INFO c.h.h.t.HelmChartContainer - [hivemq-test-hivemq-platform] [hivemq-platform-operator] [69ff6578] 17:08:01.947 [ReconcilerExecutor-hivemq-controller-111] DEBUG c.h.p.o.HiveMQPlatformReconciler - [helmwebs] Custom Resource Spec (replicas: 1) (extensions: 1)
2025-01-29 17:08:01,952 INFO c.h.h.t.HelmChartContainer - [hivemq-test-hivemq-platform] [hivemq-platform-operator] [69ff6578] 17:08:01.949 [ReconcilerExecutor-hivemq-controller-111] DEBUG c.h.p.o.HiveMQPlatformReconciler - [helmwebs] StatefulSet Status (revision: test-hivemq-platform-8685cc5d6b, replicas: 1, available: 0, ready: 0, current: 1, updated: 1)
2025-01-29 17:08:01,952 INFO c.h.h.t.HelmChartContainer - [hivemq-test-hivemq-platform] [hivemq-platform-operator] [69ff6578] 17:08:01.949 [ReconcilerExecutor-hivemq-controller-111] DEBUG c.h.p.o.HiveMQPlatformReconciler - [helmwebs] StatefulSet Spec (replicas: 1, init containers: 1, containers: 1, volumes: 6)
2025-01-29 17:08:01,952 INFO c.h.h.t.HelmChartContainer - [hivemq-test-hivemq-platform] [hivemq-platform-operator] [69ff6578] 17:08:01.950 [ReconcilerExecutor-hivemq-controller-111] DEBUG c.h.p.o.h.HiveMQPlatformReconcilerErrorHandler - [helmwebs] Pod 'test-hivemq-platform-0' phase Running
2025-01-29 17:08:01,952 INFO c.h.h.t.HelmChartContainer - [hivemq-test-hivemq-platform] [hivemq-platform-operator] [69ff6578] 17:08:01.951 [ReconcilerExecutor-hivemq-controller-111] INFO  c.h.p.o.h.HiveMQPlatformReconcilerBaseHandler - [helmwebs] HiveMQ Platform is starting, 0 of 1 replicas are ready
2025-01-29 17:08:01,970 INFO c.h.h.t.HelmChartContainer - [test-hivemq-platform] [hivemq] [c91835bc] WARN  - [HiveMQ Platform Operator Init App 1.7.0-SNAPSHOT] Cannot connect to Health API for readiness: null
2025-01-29 17:08:01,976 INFO c.h.h.t.HelmChartContainer - [EVENT] Warning [Unhealthy] Readiness probe failed: HTTP probe failed with statuscode: 503 [helmwebsocketsit:test-hivemq-platform-0]
2025-01-29 17:08:01,976 INFO c.h.h.t.HelmChartContainer - Received Unhealthy event for container hivemq in pod test-hivemq-platform-0 [c91835bc-dab3-42f7-88da-0f52bc4e17f9]
2025-01-29 17:08:01,980 INFO c.h.h.t.HelmChartContainer - [test-hivemq-platform] [hivemq] [c91835bc] INFO  - [HiveMQ Platform Operator Init App 1.7.0-SNAPSHOT] Successfully updated Pod HiveMQ Platform Operator Init App version annotation (version: 1.7.0-SNAPSHOT)
2025-01-29 17:08:06,972 INFO c.h.h.t.HelmChartContainer - [test-hivemq-platform] [hivemq] [c91835bc] WARN  - [HiveMQ Platform Operator Init App 1.7.0-SNAPSHOT] Cannot connect to Health API for readiness: null
2025-01-29 17:08:06,981 INFO c.h.h.t.HelmChartContainer - [EVENT] Warning [Unhealthy] Readiness probe failed: HTTP probe failed with statuscode: 503 [helmwebsocketsit:test-hivemq-platform-0]
2025-01-29 17:08:06,981 INFO c.h.h.t.HelmChartContainer - Received Unhealthy event for container hivemq in pod test-hivemq-platform-0 [c91835bc-dab3-42f7-88da-0f52bc4e17f9]
2025-01-29 17:08:07,609 INFO c.h.h.t.HelmChartContainer - [K3S] [range_allocator.go:247] "Successfully synced" key="864edd2a238e"
2025-01-29 17:08:11,957 INFO c.h.h.t.HelmChartContainer - [hivemq-test-hivemq-platform] [hivemq-platform-operator] [69ff6578] 17:08:11.954 [pool-6-thread-43] DEBUG c.h.p.o.d.PlatformServiceResource - [helmwebs] Desired Platform services (4 services)
2025-01-29 17:08:11,957 INFO c.h.h.t.HelmChartContainer - [hivemq-test-hivemq-platform] [hivemq-platform-operator] [69ff6578] 17:08:11.955 [pool-6-thread-45] DEBUG c.h.p.o.dependants.PodInfoConfigMap - [helmwebs] Desired PodInfo ConfigMap (1 extensions) (1 enabled)
2025-01-29 17:08:11,961 INFO c.h.h.t.HelmChartContainer - [hivemq-test-hivemq-platform] [hivemq-platform-operator] [69ff6578] 17:08:11.955 [pool-6-thread-45] DEBUG c.h.p.o.dependants.PodInfoConfigMap - [helmwebs] Desired PodInfo ConfigMap (metrics port: 9399) (metrics path: /)
2025-01-29 17:08:11,961 INFO c.h.h.t.HelmChartContainer - [hivemq-test-hivemq-platform] [hivemq-platform-operator] [69ff6578] 17:08:11.955 [pool-6-thread-45] DEBUG c.h.p.o.dependants.PodInfoConfigMap - [helmwebs] Desired PodInfo ConfigMap (extension state hash: -1817474005)
2025-01-29 17:08:11,961 INFO c.h.h.t.HelmChartContainer - [hivemq-test-hivemq-platform] [hivemq-platform-operator] [69ff6578] 17:08:11.955 [pool-6-thread-48] DEBUG c.h.p.o.d.PodServiceAccountResource - [helmwebs] Desired PodServiceAccountResource (serviceAccountName: hivemq-platform-pod-test-hivemq-platform)
2025-01-29 17:08:11,965 INFO c.h.h.t.HelmChartContainer - [hivemq-test-hivemq-platform] [hivemq-platform-operator] [69ff6578] 17:08:11.963 [pool-6-thread-43] DEBUG c.h.p.o.d.StatefulSetResource - [helmwebs] Desired StatefulSet (1 replicas) for status STARTING (READY)
2025-01-29 17:08:11,974 INFO c.h.h.t.HelmChartContainer - [test-hivemq-platform] [hivemq] [c91835bc] WARN  - [HiveMQ Platform Operator Init App 1.7.0-SNAPSHOT] Cannot connect to Health API for readiness: null
2025-01-29 17:08:11,980 INFO c.h.h.t.HelmChartContainer - [EVENT] Warning [Unhealthy] Readiness probe failed: HTTP probe failed with statuscode: 503 [helmwebsocketsit:test-hivemq-platform-0]
2025-01-29 17:08:11,980 INFO c.h.h.t.HelmChartContainer - Received Unhealthy event for container hivemq in pod test-hivemq-platform-0 [c91835bc-dab3-42f7-88da-0f52bc4e17f9]
2025-01-29 17:08:12,047 INFO c.h.h.t.HelmChartContainer - [hivemq-test-hivemq-platform] [hivemq-platform-operator] [69ff6578] 17:08:12.045 [ReconcilerExecutor-hivemq-controller-112] INFO  c.h.p.o.HiveMQPlatformReconciler - [helmwebs] Reconciling HiveMQ Platform 'test-hivemq-platform' in namespace 'helmwebsocketsit'
2025-01-29 17:08:12,047 INFO c.h.h.t.HelmChartContainer - [hivemq-test-hivemq-platform] [hivemq-platform-operator] [69ff6578] 17:08:12.045 [ReconcilerExecutor-hivemq-controller-112] DEBUG c.h.p.o.HiveMQPlatformReconciler - [helmwebs] Custom Resource Status STARTING - HiveMQ Platform is starting (READY)
2025-01-29 17:08:12,047 INFO c.h.h.t.HelmChartContainer - [hivemq-test-hivemq-platform] [hivemq-platform-operator] [69ff6578] 17:08:12.046 [ReconcilerExecutor-hivemq-controller-112] DEBUG c.h.p.o.HiveMQPlatformReconciler - [helmwebs] Custom Resource Spec (replicas: 1) (extensions: 1)
2025-01-29 17:08:12,050 INFO c.h.h.t.HelmChartContainer - [hivemq-test-hivemq-platform] [hivemq-platform-operator] [69ff6578] 17:08:12.049 [ReconcilerExecutor-hivemq-controller-112] DEBUG c.h.p.o.HiveMQPlatformReconciler - [helmwebs] StatefulSet Status (revision: test-hivemq-platform-8685cc5d6b, replicas: 1, available: 0, ready: 0, current: 1, updated: 1)
2025-01-29 17:08:12,050 INFO c.h.h.t.HelmChartContainer - [hivemq-test-hivemq-platform] [hivemq-platform-operator] [69ff6578] 17:08:12.049 [ReconcilerExecutor-hivemq-controller-112] DEBUG c.h.p.o.HiveMQPlatformReconciler - [helmwebs] StatefulSet Spec (replicas: 1, init containers: 1, containers: 1, volumes: 6)
2025-01-29 17:08:12,052 INFO c.h.h.t.HelmChartContainer - [hivemq-test-hivemq-platform] [hivemq-platform-operator] [69ff6578] 17:08:12.051 [ReconcilerExecutor-hivemq-controller-112] DEBUG c.h.p.o.h.HiveMQPlatformReconcilerErrorHandler - [helmwebs] Pod 'test-hivemq-platform-0' phase Running
2025-01-29 17:08:12,053 INFO c.h.h.t.HelmChartContainer - [hivemq-test-hivemq-platform] [hivemq-platform-operator] [69ff6578] 17:08:12.052 [ReconcilerExecutor-hivemq-controller-112] INFO  c.h.p.o.h.HiveMQPlatformReconcilerBaseHandler - [helmwebs] HiveMQ Platform is starting, 0 of 1 replicas are ready
2025-01-29 17:08:12,579 INFO c.h.h.t.HelmChartContainer - [test-hivemq-platform] [hivemq] [c91835bc] WARN  - [HiveMQ Platform Operator Init App 1.7.0-SNAPSHOT] Cannot connect to Health API for liveness: null
2025-01-29 17:08:12,580 INFO c.h.h.t.HelmChartContainer - [test-hivemq-platform] [hivemq] [c91835bc] INFO  - [HiveMQ Platform Operator Init App 1.7.0-SNAPSHOT] Returning default Health API response 200 for liveness
2025-01-29 17:08:13,578 INFO c.h.h.t.HelmChartContainer - [test-hivemq-platform] [hivemq] [c91835bc] INFO  - No valid license file found. Using trial license, restricted to 25 connections.
2025-01-29 17:08:16,880 INFO c.h.h.t.HelmChartContainer - [test-hivemq-platform] [hivemq] [c91835bc] INFO  - No valid license file for Data Hub found. Using free license, restricted to 1 policy.
2025-01-29 17:08:16,973 INFO c.h.h.t.HelmChartContainer - [test-hivemq-platform] [hivemq] [c91835bc] WARN  - [HiveMQ Platform Operator Init App 1.7.0-SNAPSHOT] Cannot connect to Health API for readiness: null
2025-01-29 17:08:16,980 INFO c.h.h.t.HelmChartContainer - [EVENT] Warning [Unhealthy] Readiness probe failed: HTTP probe failed with statuscode: 503 [helmwebsocketsit:test-hivemq-platform-0]
2025-01-29 17:08:16,980 INFO c.h.h.t.HelmChartContainer - Received Unhealthy event for container hivemq in pod test-hivemq-platform-0 [c91835bc-dab3-42f7-88da-0f52bc4e17f9]
2025-01-29 17:08:18,193 INFO c.h.h.t.HelmChartContainer - [test-hivemq-platform] [hivemq] [c91835bc] INFO  - Audit Logger started.
2025-01-29 17:08:18,507 INFO c.h.h.t.HelmChartContainer - [test-hivemq-platform] [hivemq] [c91835bc] INFO  - This node uses '1' CPU cores.
2025-01-29 17:08:18,573 INFO c.h.h.t.HelmChartContainer - [test-hivemq-platform] [hivemq] [c91835bc] INFO  - Starting HiveMQ Health API on address 0.0.0.0 and port 8889
2025-01-29 17:08:19,383 INFO c.h.h.t.HelmChartContainer - [test-hivemq-platform] [hivemq] [c91835bc] INFO  - Started HiveMQ Health API in 811ms
2025-01-29 17:08:19,993 INFO c.h.h.t.HelmChartContainer - [test-hivemq-platform] [hivemq] [c91835bc] INFO  - Starting HiveMQ extension system.
2025-01-29 17:08:20,275 INFO c.h.h.t.HelmChartContainer - [test-hivemq-platform] [hivemq] [c91835bc] INFO  - Starting extension with id "hivemq-dns-cluster-discovery" at /opt/hivemq/extensions/hivemq-dns-cluster-discovery
2025-01-29 17:08:20,774 INFO c.h.h.t.HelmChartContainer - [test-hivemq-platform] [hivemq] [c91835bc] INFO  - Extension "DNS Cluster Discovery Extension" version 4.3.2 started successfully.
2025-01-29 17:08:20,775 INFO c.h.h.t.HelmChartContainer - [test-hivemq-platform] [hivemq] [c91835bc] INFO  - Starting extension with id "hivemq-prometheus-extension" at /opt/hivemq/extensions/hivemq-prometheus-extension
2025-01-29 17:08:20,777 INFO c.h.h.t.HelmChartContainer - [test-hivemq-platform] [hivemq] [c91835bc] INFO  - Using TCP cluster transport on address 10.42.0.12 and port 7000
2025-01-29 17:08:20,874 INFO c.h.h.t.HelmChartContainer - [test-hivemq-platform] [hivemq] [c91835bc] INFO  - Using extension cluster discovery
2025-01-29 17:08:21,870 INFO c.h.h.t.HelmChartContainer - [test-hivemq-platform] [hivemq] [c91835bc] INFO  - Started Jetty Server exposing Prometheus Servlet on URI http://0.0.0.0:9399/
2025-01-29 17:08:21,870 INFO c.h.h.t.HelmChartContainer - [test-hivemq-platform] [hivemq] [c91835bc] INFO  - Extension "Prometheus Monitoring Extension" version 4.0.12 started successfully.
2025-01-29 17:08:21,870 INFO c.h.h.t.HelmChartContainer - [test-hivemq-platform] [hivemq] [c91835bc] INFO  - Starting extension with id "hivemq-allow-all-extension" at /opt/hivemq/extensions/hivemq-allow-all-extension
2025-01-29 17:08:21,870 INFO c.h.h.t.HelmChartContainer - [test-hivemq-platform] [hivemq] [c91835bc] WARN  - 
2025-01-29 17:08:21,870 INFO c.h.h.t.HelmChartContainer - [test-hivemq-platform] [hivemq] [c91835bc] ################################################################################################################
2025-01-29 17:08:21,870 INFO c.h.h.t.HelmChartContainer - [test-hivemq-platform] [hivemq] [c91835bc] # This HiveMQ deployment is not secure! You are lacking Authentication and Authorization.                      #
2025-01-29 17:08:21,870 INFO c.h.h.t.HelmChartContainer - [test-hivemq-platform] [hivemq] [c91835bc] # Right now any MQTT client can connect to the broker with a full set of permissions.                          #
2025-01-29 17:08:21,870 INFO c.h.h.t.HelmChartContainer - [test-hivemq-platform] [hivemq] [c91835bc] # For production usage, add an appropriate security extension and remove the hivemq-allow-all extension.       #
2025-01-29 17:08:21,871 INFO c.h.h.t.HelmChartContainer - [test-hivemq-platform] [hivemq] [c91835bc] # You can download security extensions from the HiveMQ Marketplace (https://www.hivemq.com/extensions/).       #
2025-01-29 17:08:21,871 INFO c.h.h.t.HelmChartContainer - [test-hivemq-platform] [hivemq] [c91835bc] ################################################################################################################
2025-01-29 17:08:21,871 INFO c.h.h.t.HelmChartContainer - [test-hivemq-platform] [hivemq] [c91835bc] INFO  - Extension "Allow All Extension" version 1.1.1 started successfully.
2025-01-29 17:08:22,060 INFO c.h.h.t.HelmChartContainer - [hivemq-test-hivemq-platform] [hivemq-platform-operator] [69ff6578] 17:08:22.056 [pool-6-thread-1] DEBUG c.h.p.o.d.PlatformServiceResource - [helmwebs] Desired Platform services (4 services)
2025-01-29 17:08:22,060 INFO c.h.h.t.HelmChartContainer - [hivemq-test-hivemq-platform] [hivemq-platform-operator] [69ff6578] 17:08:22.056 [pool-6-thread-2] DEBUG c.h.p.o.dependants.PodInfoConfigMap - [helmwebs] Desired PodInfo ConfigMap (1 extensions) (1 enabled)
2025-01-29 17:08:22,060 INFO c.h.h.t.HelmChartContainer - [hivemq-test-hivemq-platform] [hivemq-platform-operator] [69ff6578] 17:08:22.056 [pool-6-thread-2] DEBUG c.h.p.o.dependants.PodInfoConfigMap - [helmwebs] Desired PodInfo ConfigMap (metrics port: 9399) (metrics path: /)
2025-01-29 17:08:22,060 INFO c.h.h.t.HelmChartContainer - [hivemq-test-hivemq-platform] [hivemq-platform-operator] [69ff6578] 17:08:22.057 [pool-6-thread-2] DEBUG c.h.p.o.dependants.PodInfoConfigMap - [helmwebs] Desired PodInfo ConfigMap (extension state hash: -1817474005)
2025-01-29 17:08:22,062 INFO c.h.h.t.HelmChartContainer - [hivemq-test-hivemq-platform] [hivemq-platform-operator] [69ff6578] 17:08:22.061 [pool-6-thread-5] DEBUG c.h.p.o.d.PodServiceAccountResource - [helmwebs] Desired PodServiceAccountResource (serviceAccountName: hivemq-platform-pod-test-hivemq-platform)
2025-01-29 17:08:22,064 INFO c.h.h.t.HelmChartContainer - [hivemq-test-hivemq-platform] [hivemq-platform-operator] [69ff6578] 17:08:22.064 [pool-6-thread-7] DEBUG c.h.p.o.d.StatefulSetResource - [helmwebs] Desired StatefulSet (1 replicas) for status STARTING (READY)
2025-01-29 17:08:22,071 INFO c.h.h.t.HelmChartContainer - [hivemq-test-hivemq-platform] [hivemq-platform-operator] [69ff6578] 17:08:22.068 [ReconcilerExecutor-hivemq-controller-113] INFO  c.h.p.o.HiveMQPlatformReconciler - [helmwebs] Reconciling HiveMQ Platform 'test-hivemq-platform' in namespace 'helmwebsocketsit'
2025-01-29 17:08:22,071 INFO c.h.h.t.HelmChartContainer - [hivemq-test-hivemq-platform] [hivemq-platform-operator] [69ff6578] 17:08:22.068 [ReconcilerExecutor-hivemq-controller-113] DEBUG c.h.p.o.HiveMQPlatformReconciler - [helmwebs] Custom Resource Status STARTING - HiveMQ Platform is starting (READY)
2025-01-29 17:08:22,071 INFO c.h.h.t.HelmChartContainer - [hivemq-test-hivemq-platform] [hivemq-platform-operator] [69ff6578] 17:08:22.068 [ReconcilerExecutor-hivemq-controller-113] DEBUG c.h.p.o.HiveMQPlatformReconciler - [helmwebs] Custom Resource Spec (replicas: 1) (extensions: 1)
2025-01-29 17:08:22,145 INFO c.h.h.t.HelmChartContainer - [hivemq-test-hivemq-platform] [hivemq-platform-operator] [69ff6578] 17:08:22.073 [ReconcilerExecutor-hivemq-controller-113] DEBUG c.h.p.o.HiveMQPlatformReconciler - [helmwebs] StatefulSet Status (revision: test-hivemq-platform-8685cc5d6b, replicas: 1, available: 0, ready: 0, current: 1, updated: 1)
2025-01-29 17:08:22,145 INFO c.h.h.t.HelmChartContainer - [hivemq-test-hivemq-platform] [hivemq-platform-operator] [69ff6578] 17:08:22.143 [ReconcilerExecutor-hivemq-controller-113] DEBUG c.h.p.o.HiveMQPlatformReconciler - [helmwebs] StatefulSet Spec (replicas: 1, init containers: 1, containers: 1, volumes: 6)
2025-01-29 17:08:22,147 INFO c.h.h.t.HelmChartContainer - [hivemq-test-hivemq-platform] [hivemq-platform-operator] [69ff6578] 17:08:22.146 [ReconcilerExecutor-hivemq-controller-113] DEBUG c.h.p.o.h.HiveMQPlatformReconcilerErrorHandler - [helmwebs] Pod 'test-hivemq-platform-0' phase Running
2025-01-29 17:08:22,148 INFO c.h.h.t.HelmChartContainer - [hivemq-test-hivemq-platform] [hivemq-platform-operator] [69ff6578] 17:08:22.147 [ReconcilerExecutor-hivemq-controller-113] INFO  c.h.p.o.h.HiveMQPlatformReconcilerBaseHandler - [helmwebs] HiveMQ Platform is starting, 0 of 1 replicas are ready
2025-01-29 17:08:22,637 INFO c.h.h.t.HelmChartContainer - [test-hivemq-platform] [hivemq] [c91835bc] INFO  - [HiveMQ Platform Operator Init App 1.7.0-SNAPSHOT] Returning Health API response 503 for readiness
2025-01-29 17:08:22,641 INFO c.h.h.t.HelmChartContainer - [EVENT] Warning [Unhealthy] Readiness probe failed: HTTP probe failed with statuscode: 503 [helmwebsocketsit:test-hivemq-platform-0]
2025-01-29 17:08:22,641 INFO c.h.h.t.HelmChartContainer - Received Unhealthy event for container hivemq in pod test-hivemq-platform-0 [c91835bc-dab3-42f7-88da-0f52bc4e17f9]
2025-01-29 17:08:23,975 INFO c.h.h.t.HelmChartContainer - [test-hivemq-platform] [hivemq] [c91835bc] INFO  - 4HuCT: no members discovered after 2406 ms: creating cluster as first member
2025-01-29 17:08:23,981 INFO c.h.h.t.HelmChartContainer - [test-hivemq-platform] [hivemq] [c91835bc] INFO  - Cluster nodes found by discovery: [4HuCT|0] (1) [4HuCT].
2025-01-29 17:08:23,999 INFO c.h.h.t.HelmChartContainer - [test-hivemq-platform] [hivemq] [c91835bc] WARN  - No user for HiveMQ Control Center configured. Starting with default user
2025-01-29 17:08:23,999 INFO c.h.h.t.HelmChartContainer - [test-hivemq-platform] [hivemq] [c91835bc] INFO  - Starting HiveMQ Control Center on address 127.0.0.1 and port 8080
2025-01-29 17:08:24,069 INFO c.h.h.t.HelmChartContainer - [test-hivemq-platform] [hivemq] [c91835bc] INFO  - Mounting HiveMQ Control Center V2 Preview
2025-01-29 17:08:24,679 INFO c.h.h.t.HelmChartContainer - [test-hivemq-platform] [hivemq] [c91835bc] INFO  - Started HiveMQ Control Center in 680ms
2025-01-29 17:08:24,693 INFO c.h.h.t.HelmChartContainer - [test-hivemq-platform] [hivemq] [c91835bc] INFO  - Starting Websocket listener on address 0.0.0.0 and port 8002
2025-01-29 17:08:25,289 INFO c.h.h.t.HelmChartContainer - [test-hivemq-platform] [hivemq] [c91835bc] INFO  - Enabled protocols for Websocket Listener with TLS at address 0.0.0.0 and port 8003: [TLSv1.3, TLSv1.2]
2025-01-29 17:08:25,289 INFO c.h.h.t.HelmChartContainer - [test-hivemq-platform] [hivemq] [c91835bc] INFO  - Enabled cipher suites for Websocket Listener with TLS at address 0.0.0.0 and port 8003: [TLS_ECDHE_ECDSA_WITH_AES_256_GCM_SHA384, TLS_ECDHE_ECDSA_WITH_AES_128_GCM_SHA256, TLS_ECDHE_RSA_WITH_AES_128_GCM_SHA256, TLS_ECDHE_RSA_WITH_AES_256_GCM_SHA384, TLS_ECDHE_RSA_WITH_AES_128_CBC_SHA, TLS_ECDHE_RSA_WITH_AES_256_CBC_SHA, TLS_RSA_WITH_AES_128_GCM_SHA256, TLS_RSA_WITH_AES_128_CBC_SHA, TLS_RSA_WITH_AES_256_CBC_SHA, TLS_AES_128_GCM_SHA256, TLS_AES_256_GCM_SHA384]
2025-01-29 17:08:25,337 INFO c.h.h.t.HelmChartContainer - [test-hivemq-platform] [hivemq] [c91835bc] INFO  - Starting Websocket TLS listener on address 0.0.0.0 and port 8003
2025-01-29 17:08:25,473 INFO c.h.h.t.HelmChartContainer - [test-hivemq-platform] [hivemq] [c91835bc] INFO  - Enabled protocols for Websocket Listener with TLS at address 0.0.0.0 and port 8004: [TLSv1.3, TLSv1.2]
2025-01-29 17:08:25,473 INFO c.h.h.t.HelmChartContainer - [test-hivemq-platform] [hivemq] [c91835bc] INFO  - Enabled cipher suites for Websocket Listener with TLS at address 0.0.0.0 and port 8004: [TLS_ECDHE_ECDSA_WITH_AES_256_GCM_SHA384, TLS_ECDHE_ECDSA_WITH_AES_128_GCM_SHA256, TLS_ECDHE_RSA_WITH_AES_128_GCM_SHA256, TLS_ECDHE_RSA_WITH_AES_256_GCM_SHA384, TLS_ECDHE_RSA_WITH_AES_128_CBC_SHA, TLS_ECDHE_RSA_WITH_AES_256_CBC_SHA, TLS_RSA_WITH_AES_128_GCM_SHA256, TLS_RSA_WITH_AES_128_CBC_SHA, TLS_RSA_WITH_AES_256_CBC_SHA, TLS_AES_128_GCM_SHA256, TLS_AES_256_GCM_SHA384]
2025-01-29 17:08:25,473 INFO c.h.h.t.HelmChartContainer - [test-hivemq-platform] [hivemq] [c91835bc] INFO  - Starting Websocket TLS listener on address 0.0.0.0 and port 8004
2025-01-29 17:08:25,476 INFO c.h.h.t.HelmChartContainer - [test-hivemq-platform] [hivemq] [c91835bc] INFO  - Started Websocket Listener on address 0.0.0.0 and on port 8002.
2025-01-29 17:08:25,476 INFO c.h.h.t.HelmChartContainer - [test-hivemq-platform] [hivemq] [c91835bc] INFO  - Started Websocket Listener with TLS on address 0.0.0.0 and on port 8003.
2025-01-29 17:08:25,476 INFO c.h.h.t.HelmChartContainer - [test-hivemq-platform] [hivemq] [c91835bc] INFO  - Started Websocket Listener with TLS on address 0.0.0.0 and on port 8004.
2025-01-29 17:08:25,477 INFO c.h.h.t.HelmChartContainer - [test-hivemq-platform] [hivemq] [c91835bc] INFO  - Started HiveMQ in 32204ms
2025-01-29 17:08:26,896 INFO c.h.h.t.HelmChartContainer - [test-hivemq-platform] [hivemq] [c91835bc] INFO  - [HiveMQ Platform Operator Init App 1.7.0-SNAPSHOT] Returning Health API response 200 for readiness
2025-01-29 17:08:26,912 INFO c.h.h.t.HelmChartContainer - [POD] test-hivemq-platform-0 [c91835bc-dab3-42f7-88da-0f52bc4e17f9] in helmwebsocketsit was MODIFIED
2025-01-29 17:08:26,943 INFO c.h.h.t.HelmChartContainer - [hivemq-test-hivemq-platform] [hivemq-platform-operator] [69ff6578] 17:08:26.914 [pool-6-thread-17] DEBUG c.h.p.o.d.PlatformServiceResource - [helmwebs] Desired Platform services (4 services)
2025-01-29 17:08:26,943 INFO c.h.h.t.HelmChartContainer - [hivemq-test-hivemq-platform] [hivemq-platform-operator] [69ff6578] 17:08:26.916 [pool-6-thread-14] DEBUG c.h.p.o.dependants.PodInfoConfigMap - [helmwebs] Desired PodInfo ConfigMap (1 extensions) (1 enabled)
2025-01-29 17:08:26,943 INFO c.h.h.t.HelmChartContainer - [hivemq-test-hivemq-platform] [hivemq-platform-operator] [69ff6578] 17:08:26.916 [pool-6-thread-14] DEBUG c.h.p.o.dependants.PodInfoConfigMap - [helmwebs] Desired PodInfo ConfigMap (metrics port: 9399) (metrics path: /)
2025-01-29 17:08:26,943 INFO c.h.h.t.HelmChartContainer - [hivemq-test-hivemq-platform] [hivemq-platform-operator] [69ff6578] 17:08:26.916 [pool-6-thread-14] DEBUG c.h.p.o.dependants.PodInfoConfigMap - [helmwebs] Desired PodInfo ConfigMap (extension state hash: -1817474005)
2025-01-29 17:08:26,943 INFO c.h.h.t.HelmChartContainer - [hivemq-test-hivemq-platform] [hivemq-platform-operator] [69ff6578] 17:08:26.922 [pool-6-thread-14] DEBUG c.h.p.o.d.PodServiceAccountResource - [helmwebs] Desired PodServiceAccountResource (serviceAccountName: hivemq-platform-pod-test-hivemq-platform)
2025-01-29 17:08:26,943 INFO c.h.h.t.HelmChartContainer - [hivemq-test-hivemq-platform] [hivemq-platform-operator] [69ff6578] 17:08:26.926 [pool-6-thread-17] DEBUG c.h.p.o.d.StatefulSetResource - [helmwebs] Desired StatefulSet (1 replicas) for status STARTING (READY)
2025-01-29 17:08:26,943 INFO c.h.h.t.HelmChartContainer - [hivemq-test-hivemq-platform] [hivemq-platform-operator] [69ff6578] 17:08:26.933 [ReconcilerExecutor-hivemq-controller-114] INFO  c.h.p.o.HiveMQPlatformReconciler - [helmwebs] Reconciling HiveMQ Platform 'test-hivemq-platform' in namespace 'helmwebsocketsit'
2025-01-29 17:08:26,943 INFO c.h.h.t.HelmChartContainer - [hivemq-test-hivemq-platform] [hivemq-platform-operator] [69ff6578] 17:08:26.933 [ReconcilerExecutor-hivemq-controller-114] DEBUG c.h.p.o.HiveMQPlatformReconciler - [helmwebs] Custom Resource Status STARTING - HiveMQ Platform is starting (READY)
2025-01-29 17:08:26,943 INFO c.h.h.t.HelmChartContainer - [hivemq-test-hivemq-platform] [hivemq-platform-operator] [69ff6578] 17:08:26.933 [ReconcilerExecutor-hivemq-controller-114] DEBUG c.h.p.o.HiveMQPlatformReconciler - [helmwebs] Custom Resource Spec (replicas: 1) (extensions: 1)
2025-01-29 17:08:26,963 INFO c.h.h.t.HelmChartContainer - [hivemq-test-hivemq-platform] [hivemq-platform-operator] [69ff6578] 17:08:26.947 [ReconcilerExecutor-hivemq-controller-114] DEBUG c.h.p.o.HiveMQPlatformReconciler - [helmwebs] StatefulSet Status (revision: test-hivemq-platform-8685cc5d6b, replicas: 1, available: 0, ready: 0, current: 1, updated: 1)
2025-01-29 17:08:26,963 INFO c.h.h.t.HelmChartContainer - [hivemq-test-hivemq-platform] [hivemq-platform-operator] [69ff6578] 17:08:26.947 [ReconcilerExecutor-hivemq-controller-114] DEBUG c.h.p.o.HiveMQPlatformReconciler - [helmwebs] StatefulSet Spec (replicas: 1, init containers: 1, containers: 1, volumes: 6)
2025-01-29 17:08:26,963 INFO c.h.h.t.HelmChartContainer - [hivemq-test-hivemq-platform] [hivemq-platform-operator] [69ff6578] 17:08:26.955 [ReconcilerExecutor-hivemq-controller-114] DEBUG c.h.p.o.h.HiveMQPlatformReconcilerErrorHandler - [helmwebs] Pod 'test-hivemq-platform-0' phase Running
2025-01-29 17:08:26,963 INFO c.h.h.t.HelmChartContainer - [hivemq-test-hivemq-platform] [hivemq-platform-operator] [69ff6578] 17:08:26.958 [ReconcilerExecutor-hivemq-controller-114] INFO  c.h.p.o.h.HiveMQPlatformReconcilerBaseHandler - [helmwebs] HiveMQ Platform is starting, 0 of 1 replicas are ready
2025-01-29 17:08:27,025 INFO c.h.h.t.HelmChartContainer - [hivemq-test-hivemq-platform] [hivemq-platform-operator] [69ff6578] 17:08:27.019 [pool-6-thread-26] DEBUG c.h.p.o.d.PlatformServiceResource - [helmwebs] Desired Platform services (4 services)
2025-01-29 17:08:27,025 INFO c.h.h.t.HelmChartContainer - [hivemq-test-hivemq-platform] [hivemq-platform-operator] [69ff6578] 17:08:27.020 [pool-6-thread-29] DEBUG c.h.p.o.dependants.PodInfoConfigMap - [helmwebs] Desired PodInfo ConfigMap (1 extensions) (1 enabled)
2025-01-29 17:08:27,025 INFO c.h.h.t.HelmChartContainer - [hivemq-test-hivemq-platform] [hivemq-platform-operator] [69ff6578] 17:08:27.020 [pool-6-thread-29] DEBUG c.h.p.o.dependants.PodInfoConfigMap - [helmwebs] Desired PodInfo ConfigMap (metrics port: 9399) (metrics path: /)
2025-01-29 17:08:27,025 INFO c.h.h.t.HelmChartContainer - [hivemq-test-hivemq-platform] [hivemq-platform-operator] [69ff6578] 17:08:27.020 [pool-6-thread-29] DEBUG c.h.p.o.dependants.PodInfoConfigMap - [helmwebs] Desired PodInfo ConfigMap (extension state hash: -1817474005)
2025-01-29 17:08:27,025 INFO c.h.h.t.HelmChartContainer - [hivemq-test-hivemq-platform] [hivemq-platform-operator] [69ff6578] 17:08:27.021 [pool-6-thread-29] DEBUG c.h.p.o.d.PodServiceAccountResource - [helmwebs] Desired PodServiceAccountResource (serviceAccountName: hivemq-platform-pod-test-hivemq-platform)
2025-01-29 17:08:27,046 INFO c.h.h.t.HelmChartContainer - [hivemq-test-hivemq-platform] [hivemq-platform-operator] [69ff6578] 17:08:27.044 [pool-6-thread-26] DEBUG c.h.p.o.d.StatefulSetResource - [helmwebs] Desired StatefulSet (1 replicas) for status STARTING (READY)
2025-01-29 17:08:27,052 INFO c.h.h.t.HelmChartContainer - [hivemq-test-hivemq-platform] [hivemq-platform-operator] [69ff6578] 17:08:27.051 [ReconcilerExecutor-hivemq-controller-115] INFO  c.h.p.o.HiveMQPlatformReconciler - [helmwebs] Reconciling HiveMQ Platform 'test-hivemq-platform' in namespace 'helmwebsocketsit'
2025-01-29 17:08:27,052 INFO c.h.h.t.HelmChartContainer - [hivemq-test-hivemq-platform] [hivemq-platform-operator] [69ff6578] 17:08:27.051 [ReconcilerExecutor-hivemq-controller-115] DEBUG c.h.p.o.HiveMQPlatformReconciler - [helmwebs] Custom Resource Status STARTING - HiveMQ Platform is starting (READY)
2025-01-29 17:08:27,052 INFO c.h.h.t.HelmChartContainer - [hivemq-test-hivemq-platform] [hivemq-platform-operator] [69ff6578] 17:08:27.051 [ReconcilerExecutor-hivemq-controller-115] DEBUG c.h.p.o.HiveMQPlatformReconciler - [helmwebs] Custom Resource Spec (replicas: 1) (extensions: 1)
2025-01-29 17:08:27,120 INFO c.h.h.t.HelmChartContainer - [hivemq-test-hivemq-platform] [hivemq-platform-operator] [69ff6578] 17:08:27.118 [ReconcilerExecutor-hivemq-controller-115] DEBUG c.h.p.o.HiveMQPlatformReconciler - [helmwebs] StatefulSet Status (revision: test-hivemq-platform-8685cc5d6b, replicas: 1, available: 1, ready: 1, current: 1, updated: 1)
2025-01-29 17:08:27,120 INFO c.h.h.t.HelmChartContainer - [hivemq-test-hivemq-platform] [hivemq-platform-operator] [69ff6578] 17:08:27.119 [ReconcilerExecutor-hivemq-controller-115] DEBUG c.h.p.o.HiveMQPlatformReconciler - [helmwebs] StatefulSet Spec (replicas: 1, init containers: 1, containers: 1, volumes: 6)
2025-01-29 17:08:27,123 INFO c.h.h.t.HelmChartContainer - [hivemq-test-hivemq-platform] [hivemq-platform-operator] [69ff6578] 17:08:27.122 [ReconcilerExecutor-hivemq-controller-115] DEBUG c.h.p.o.h.HiveMQPlatformReconcilerErrorHandler - [helmwebs] Pod 'test-hivemq-platform-0' phase Running
2025-01-29 17:08:27,124 INFO c.h.h.t.HelmChartContainer - [hivemq-test-hivemq-platform] [hivemq-platform-operator] [69ff6578] 17:08:27.123 [ReconcilerExecutor-hivemq-controller-115] INFO  c.h.p.o.h.HiveMQPlatformReconcilerBaseHandler - [helmwebs] HiveMQ Platform started successfully
2025-01-29 17:08:27,153 INFO c.h.h.t.HelmChartContainer - [hivemq-test-hivemq-platform] [hivemq-platform-operator] [69ff6578] 17:08:27.152 [ReconcilerExecutor-hivemq-controller-115] DEBUG c.h.p.operator.event.EventSender - [helmwebs] Creating K8s event hivemq-platform-ready: [Ready] HiveMQ Platform is ready
2025-01-29 17:08:27,156 INFO c.h.h.t.HelmChartContainer - [EVENT] Normal [Ready] HiveMQ Platform is ready [helmwebsocketsit:test-hivemq-platform]
2025-01-29 17:08:27,219 INFO c.h.h.t.HelmChartContainer - [hivemq-test-hivemq-platform] [hivemq-platform-operator] [69ff6578] 17:08:27.218 [ReconcilerExecutor-hivemq-controller-115] INFO  c.h.p.o.h.AbstractHiveMQReconcilerStateHandler - [helmwebs] Update HiveMQ Platform Status (STARTING [READY] -> RUNNING [READY]): HiveMQ Platform is ready
2025-01-29 17:08:27,229 DEBUG com.hivemq.helmcharts.util.K8sUtil - Comparing actual state 'RUNNING' and waiting for 'RUNNING'
2025-01-29 17:08:30,340 INFO c.h.h.t.HelmChartContainer - Uninstalling release 'test-hivemq-platform' in namespace 'helmwebsocketsit'...
2025-01-29 17:08:30,341 DEBUG c.h.h.t.HelmChartContainer - Executing helm command: /bin/helm --kubeconfig /etc/rancher/k3s/k3s.yaml uninstall test-hivemq-platform  --wait --timeout 5m0s --cascade foreground --namespace helmwebsocketsit
2025-01-29 17:08:30,537 INFO c.h.h.t.HelmChartContainer - [hivemq-test-hivemq-platform] [hivemq-platform-operator] [69ff6578] 17:08:30.536 [pool-6-thread-35] DEBUG c.h.p.o.d.PlatformServiceResource - [helmwebs] Desired Platform services (4 services)
2025-01-29 17:08:30,541 INFO c.h.h.t.HelmChartContainer - [hivemq-test-hivemq-platform] [hivemq-platform-operator] [69ff6578] 17:08:30.538 [pool-6-thread-31] DEBUG c.h.p.o.d.PodServiceAccountResource - [helmwebs] Desired PodServiceAccountResource (serviceAccountName: hivemq-platform-pod-test-hivemq-platform)
2025-01-29 17:08:30,542 INFO c.h.h.t.HelmChartContainer - [hivemq-test-hivemq-platform] [hivemq-platform-operator] [69ff6578] 17:08:30.538 [pool-6-thread-39] DEBUG c.h.p.o.dependants.PodInfoConfigMap - [helmwebs] Desired PodInfo ConfigMap (1 extensions) (1 enabled)
2025-01-29 17:08:30,542 INFO c.h.h.t.HelmChartContainer - [hivemq-test-hivemq-platform] [hivemq-platform-operator] [69ff6578] 17:08:30.540 [pool-6-thread-39] DEBUG c.h.p.o.dependants.PodInfoConfigMap - [helmwebs] Desired PodInfo ConfigMap (metrics port: 9399) (metrics path: /)
2025-01-29 17:08:30,542 INFO c.h.h.t.HelmChartContainer - [hivemq-test-hivemq-platform] [hivemq-platform-operator] [69ff6578] 17:08:30.540 [pool-6-thread-39] DEBUG c.h.p.o.dependants.PodInfoConfigMap - [helmwebs] Desired PodInfo ConfigMap (extension state hash: -1817474005)
2025-01-29 17:08:30,542 INFO c.h.h.t.HelmChartContainer - [hivemq-test-hivemq-platform] [hivemq-platform-operator] [69ff6578] 17:08:30.540 [pool-6-thread-39] DEBUG c.h.p.o.dependants.PodInfoConfigMap - [helmwebs] Update PodInfo ConfigMap
2025-01-29 17:08:30,727 INFO c.h.h.t.HelmChartContainer - [hivemq-test-hivemq-platform] [hivemq-platform-operator] [69ff6578] 17:08:30.723 [ReconcilerExecutor-hivemq-controller-116] ERROR i.j.o.p.event.EventProcessor - Error during event processing ExecutionScope{ resource id: ResourceID{name='test-hivemq-platform', namespace='helmwebsocketsit'}, version: 1395}
2025-01-29 17:08:30,730 INFO c.h.h.t.HelmChartContainer - [hivemq-test-hivemq-platform] [hivemq-platform-operator] [69ff6578] io.javaoperatorsdk.operator.OperatorException: io.javaoperatorsdk.operator.AggregatedOperatorException: Exception(s) during workflow execution. Details:
2025-01-29 17:08:30,731 INFO c.h.h.t.HelmChartContainer - [hivemq-test-hivemq-platform] [hivemq-platform-operator] [69ff6578]  - com.hivemq.platform.operator.dependants.PodInfoConfigMap -> io.fabric8.kubernetes.client.KubernetesClientException: Failure executing: PUT at: https://10.43.0.1:443/api/v1/namespaces/helmwebsocketsit/configmaps/hivemq-platform-test-hivemq-platform-dynamic-state. Message: Operation cannot be fulfilled on configmaps "hivemq-platform-test-hivemq-platform-dynamic-state": StorageError: invalid object, Code: 4, Key: /registry/configmaps/helmwebsocketsit/hivemq-platform-test-hivemq-platform-dynamic-state, ResourceVersion: 0, AdditionalErrorMsg: Precondition failed: UID in precondition: c93a72b3-614f-459a-bde1-475ef763570d, UID in object meta: . Received status: Status(apiVersion=v1, code=409, details=StatusDetails(causes=[], group=null, kind=configmaps, name=hivemq-platform-test-hivemq-platform-dynamic-state, retryAfterSeconds=null, uid=null, additionalProperties={}), kind=Status, message=Operation cannot be fulfilled on configmaps "hivemq-platform-test-hivemq-platform-dynamic-state": StorageError: invalid object, Code: 4, Key: /registry/configmaps/helmwebsocketsit/hivemq-platform-test-hivemq-platform-dynamic-state, ResourceVersion: 0, AdditionalErrorMsg: Precondition failed: UID in precondition: c93a72b3-614f-459a-bde1-475ef763570d, UID in object meta: , metadata=ListMeta(_continue=null, remainingItemCount=null, resourceVersion=null, selfLink=null, additionalProperties={}), reason=Conflict, status=Failure, additionalProperties={}).
2025-01-29 17:08:30,731 INFO c.h.h.t.HelmChartContainer - [hivemq-test-hivemq-platform] [hivemq-platform-operator] [69ff6578] 	at io.fabric8.kubernetes.client.KubernetesClientException.copyAsCause(KubernetesClientException.java:238)
2025-01-29 17:08:30,731 INFO c.h.h.t.HelmChartContainer - [hivemq-test-hivemq-platform] [hivemq-platform-operator] [69ff6578] 	at io.fabric8.kubernetes.client.dsl.internal.OperationSupport.waitForResult(OperationSupport.java:507)
2025-01-29 17:08:30,731 INFO c.h.h.t.HelmChartContainer - [hivemq-test-hivemq-platform] [hivemq-platform-operator] [69ff6578] 	at io.fabric8.kubernetes.client.dsl.internal.OperationSupport.handleResponse(OperationSupport.java:524)
2025-01-29 17:08:30,731 INFO c.h.h.t.HelmChartContainer - [hivemq-test-hivemq-platform] [hivemq-platform-operator] [69ff6578] 	at io.fabric8.kubernetes.client.dsl.internal.OperationSupport.handleUpdate(OperationSupport.java:358)
2025-01-29 17:08:30,731 INFO c.h.h.t.HelmChartContainer - [hivemq-test-hivemq-platform] [hivemq-platform-operator] [69ff6578] 	at io.fabric8.kubernetes.client.dsl.internal.BaseOperation.handleUpdate(BaseOperation.java:759)
2025-01-29 17:08:30,731 INFO c.h.h.t.HelmChartContainer - [hivemq-test-hivemq-platform] [hivemq-platform-operator] [69ff6578] 	at io.fabric8.kubernetes.client.dsl.internal.HasMetadataOperation.update(HasMetadataOperation.java:138)
2025-01-29 17:08:30,731 INFO c.h.h.t.HelmChartContainer - [hivemq-test-hivemq-platform] [hivemq-platform-operator] [69ff6578] 	at io.fabric8.kubernetes.client.dsl.internal.HasMetadataOperation.update(HasMetadataOperation.java:121)
2025-01-29 17:08:30,731 INFO c.h.h.t.HelmChartContainer - [hivemq-test-hivemq-platform] [hivemq-platform-operator] [69ff6578] 	at io.fabric8.kubernetes.client.dsl.internal.HasMetadataOperation.update(HasMetadataOperation.java:44)
2025-01-29 17:08:30,731 INFO c.h.h.t.HelmChartContainer - [hivemq-test-hivemq-platform] [hivemq-platform-operator] [69ff6578] 	at io.fabric8.kubernetes.client.extension.ResourceAdapter.update(ResourceAdapter.java:345)
2025-01-29 17:08:30,731 INFO c.h.h.t.HelmChartContainer - [hivemq-test-hivemq-platform] [hivemq-platform-operator] [69ff6578] 	at io.javaoperatorsdk.operator.processing.dependent.kubernetes.KubernetesDependentResource.update(KubernetesDependentResource.java:140)
2025-01-29 17:08:30,731 INFO c.h.h.t.HelmChartContainer - [hivemq-test-hivemq-platform] [hivemq-platform-operator] [69ff6578] 	at com.hivemq.platform.operator.dependants.PodInfoConfigMap.update(PodInfoConfigMap.java:167)
2025-01-29 17:08:30,731 INFO c.h.h.t.HelmChartContainer - [hivemq-test-hivemq-platform] [hivemq-platform-operator] [69ff6578] 	at com.hivemq.platform.operator.dependants.PodInfoConfigMap.update(PodInfoConfigMap.java:39)
2025-01-29 17:08:30,731 INFO c.h.h.t.HelmChartContainer - [hivemq-test-hivemq-platform] [hivemq-platform-operator] [69ff6578] 	at io.javaoperatorsdk.operator.processing.dependent.AbstractDependentResource.handleUpdate(AbstractDependentResource.java:148)
2025-01-29 17:08:30,731 INFO c.h.h.t.HelmChartContainer - [hivemq-test-hivemq-platform] [hivemq-platform-operator] [69ff6578] 	at io.javaoperatorsdk.operator.processing.dependent.AbstractDependentResource.reconcile(AbstractDependentResource.java:72)
2025-01-29 17:08:30,731 INFO c.h.h.t.HelmChartContainer - [hivemq-test-hivemq-platform] [hivemq-platform-operator] [69ff6578] 	at io.javaoperatorsdk.operator.processing.dependent.SingleDependentResourceReconciler.reconcile(SingleDependentResourceReconciler.java:19)
2025-01-29 17:08:30,731 INFO c.h.h.t.HelmChartContainer - [hivemq-test-hivemq-platform] [hivemq-platform-operator] [69ff6578] 	at io.javaoperatorsdk.operator.processing.dependent.AbstractDependentResource.reconcile(AbstractDependentResource.java:52)
2025-01-29 17:08:30,731 INFO c.h.h.t.HelmChartContainer - [hivemq-test-hivemq-platform] [hivemq-platform-operator] [69ff6578] 	at com.hivemq.platform.operator.dependants.PodInfoConfigMap.reconcile(PodInfoConfigMap.java:74)
2025-01-29 17:08:30,731 INFO c.h.h.t.HelmChartContainer - [hivemq-test-hivemq-platform] [hivemq-platform-operator] [69ff6578] 	at com.hivemq.platform.operator.dependants.PodInfoConfigMap.reconcile(PodInfoConfigMap.java:39)
2025-01-29 17:08:30,731 INFO c.h.h.t.HelmChartContainer - [hivemq-test-hivemq-platform] [hivemq-platform-operator] [69ff6578] 	at io.javaoperatorsdk.operator.processing.dependent.workflow.WorkflowReconcileExecutor$NodeReconcileExecutor.doRun(WorkflowReconcileExecutor.java:123)
2025-01-29 17:08:30,731 INFO c.h.h.t.HelmChartContainer - [hivemq-test-hivemq-platform] [hivemq-platform-operator] [69ff6578] 	at io.javaoperatorsdk.operator.processing.dependent.workflow.NodeExecutor.run(NodeExecutor.java:22)
2025-01-29 17:08:30,731 INFO c.h.h.t.HelmChartContainer - [hivemq-test-hivemq-platform] [hivemq-platform-operator] [69ff6578] 	at java.base/java.util.concurrent.Executors$RunnableAdapter.call(Unknown Source)
2025-01-29 17:08:30,731 INFO c.h.h.t.HelmChartContainer - [hivemq-test-hivemq-platform] [hivemq-platform-operator] [69ff6578] 	at java.base/java.util.concurrent.FutureTask.run(Unknown Source)
2025-01-29 17:08:30,731 INFO c.h.h.t.HelmChartContainer - [hivemq-test-hivemq-platform] [hivemq-platform-operator] [69ff6578] 	at java.base/java.util.concurrent.ThreadPoolExecutor.runWorker(Unknown Source)
2025-01-29 17:08:30,731 INFO c.h.h.t.HelmChartContainer - [hivemq-test-hivemq-platform] [hivemq-platform-operator] [69ff6578] 	at java.base/java.util.concurrent.ThreadPoolExecutor$Worker.run(Unknown Source)
2025-01-29 17:08:30,731 INFO c.h.h.t.HelmChartContainer - [hivemq-test-hivemq-platform] [hivemq-platform-operator] [69ff6578] 	at java.base/java.lang.Thread.run(Unknown Source)
2025-01-29 17:08:30,731 INFO c.h.h.t.HelmChartContainer - [hivemq-test-hivemq-platform] [hivemq-platform-operator] [69ff6578] Caused by: io.fabric8.kubernetes.client.KubernetesClientException: Failure executing: PUT at: https://10.43.0.1:443/api/v1/namespaces/helmwebsocketsit/configmaps/hivemq-platform-test-hivemq-platform-dynamic-state. Message: Operation cannot be fulfilled on configmaps "hivemq-platform-test-hivemq-platform-dynamic-state": StorageError: invalid object, Code: 4, Key: /registry/configmaps/helmwebsocketsit/hivemq-platform-test-hivemq-platform-dynamic-state, ResourceVersion: 0, AdditionalErrorMsg: Precondition failed: UID in precondition: c93a72b3-614f-459a-bde1-475ef763570d, UID in object meta: . Received status: Status(apiVersion=v1, code=409, details=StatusDetails(causes=[], group=null, kind=configmaps, name=hivemq-platform-test-hivemq-platform-dynamic-state, retryAfterSeconds=null, uid=null, additionalProperties={}), kind=Status, message=Operation cannot be fulfilled on configmaps "hivemq-platform-test-hivemq-platform-dynamic-state": StorageError: invalid object, Code: 4, Key: /registry/configmaps/helmwebsocketsit/hivemq-platform-test-hivemq-platform-dynamic-state, ResourceVersion: 0, AdditionalErrorMsg: Precondition failed: UID in precondition: c93a72b3-614f-459a-bde1-475ef763570d, UID in object meta: , metadata=ListMeta(_continue=null, remainingItemCount=null, resourceVersion=null, selfLink=null, additionalProperties={}), reason=Conflict, status=Failure, additionalProperties={}).
2025-01-29 17:08:30,731 INFO c.h.h.t.HelmChartContainer - [hivemq-test-hivemq-platform] [hivemq-platform-operator] [69ff6578] 	at io.fabric8.kubernetes.client.dsl.internal.OperationSupport.requestFailure(OperationSupport.java:660)
2025-01-29 17:08:30,731 INFO c.h.h.t.HelmChartContainer - [hivemq-test-hivemq-platform] [hivemq-platform-operator] [69ff6578] 	at io.fabric8.kubernetes.client.dsl.internal.OperationSupport.requestFailure(OperationSupport.java:640)
2025-01-29 17:08:30,731 INFO c.h.h.t.HelmChartContainer - [hivemq-test-hivemq-platform] [hivemq-platform-operator] [69ff6578] 	at io.fabric8.kubernetes.client.dsl.internal.OperationSupport.assertResponseCode(OperationSupport.java:589)
2025-01-29 17:08:30,731 INFO c.h.h.t.HelmChartContainer - [hivemq-test-hivemq-platform] [hivemq-platform-operator] [69ff6578] 	at io.fabric8.kubernetes.client.dsl.internal.OperationSupport.lambda$handleResponse$0(OperationSupport.java:549)
2025-01-29 17:08:30,731 INFO c.h.h.t.HelmChartContainer - [hivemq-test-hivemq-platform] [hivemq-platform-operator] [69ff6578] 	at java.base/java.util.concurrent.CompletableFuture$UniApply.tryFire(Unknown Source)
2025-01-29 17:08:30,731 INFO c.h.h.t.HelmChartContainer - [hivemq-test-hivemq-platform] [hivemq-platform-operator] [69ff6578] 	at java.base/java.util.concurrent.CompletableFuture.postComplete(Unknown Source)
2025-01-29 17:08:30,731 INFO c.h.h.t.HelmChartContainer - [hivemq-test-hivemq-platform] [hivemq-platform-operator] [69ff6578] 	at java.base/java.util.concurrent.CompletableFuture.complete(Unknown Source)
2025-01-29 17:08:30,731 INFO c.h.h.t.HelmChartContainer - [hivemq-test-hivemq-platform] [hivemq-platform-operator] [69ff6578] 	at io.fabric8.kubernetes.client.http.StandardHttpClient.lambda$completeOrCancel$10(StandardHttpClient.java:141)
2025-01-29 17:08:30,731 INFO c.h.h.t.HelmChartContainer - [hivemq-test-hivemq-platform] [hivemq-platform-operator] [69ff6578] 	at java.base/java.util.concurrent.CompletableFuture.uniWhenComplete(Unknown Source)
2025-01-29 17:08:30,731 INFO c.h.h.t.HelmChartContainer - [hivemq-test-hivemq-platform] [hivemq-platform-operator] [69ff6578] 	at java.base/java.util.concurrent.CompletableFuture$UniWhenComplete.tryFire(Unknown Source)
2025-01-29 17:08:30,731 INFO c.h.h.t.HelmChartContainer - [hivemq-test-hivemq-platform] [hivemq-platform-operator] [69ff6578] 	at java.base/java.util.concurrent.CompletableFuture.postComplete(Unknown Source)
2025-01-29 17:08:30,731 INFO c.h.h.t.HelmChartContainer - [hivemq-test-hivemq-platform] [hivemq-platform-operator] [69ff6578] 	at java.base/java.util.concurrent.CompletableFuture.complete(Unknown Source)
2025-01-29 17:08:30,731 INFO c.h.h.t.HelmChartContainer - [hivemq-test-hivemq-platform] [hivemq-platform-operator] [69ff6578] 	at io.fabric8.kubernetes.client.http.ByteArrayBodyHandler.onBodyDone(ByteArrayBodyHandler.java:51)
2025-01-29 17:08:30,731 INFO c.h.h.t.HelmChartContainer - [hivemq-test-hivemq-platform] [hivemq-platform-operator] [69ff6578] 	at java.base/java.util.concurrent.CompletableFuture.uniWhenComplete(Unknown Source)
2025-01-29 17:08:30,731 INFO c.h.h.t.HelmChartContainer - [hivemq-test-hivemq-platform] [hivemq-platform-operator] [69ff6578] 	at java.base/java.util.concurrent.CompletableFuture$UniWhenComplete.tryFire(Unknown Source)
2025-01-29 17:08:30,731 INFO c.h.h.t.HelmChartContainer - [hivemq-test-hivemq-platform] [hivemq-platform-operator] [69ff6578] 	at java.base/java.util.concurrent.CompletableFuture.postComplete(Unknown Source)
2025-01-29 17:08:30,731 INFO c.h.h.t.HelmChartContainer - [hivemq-test-hivemq-platform] [hivemq-platform-operator] [69ff6578] 	at java.base/java.util.concurrent.CompletableFuture.complete(Unknown Source)
2025-01-29 17:08:30,731 INFO c.h.h.t.HelmChartContainer - [hivemq-test-hivemq-platform] [hivemq-platform-operator] [69ff6578] 	at io.fabric8.kubernetes.client.vertx.VertxHttpRequest.lambda$null$1(VertxHttpRequest.java:121)
2025-01-29 17:08:30,731 INFO c.h.h.t.HelmChartContainer - [hivemq-test-hivemq-platform] [hivemq-platform-operator] [69ff6578] 	at io.vertx.core.impl.ContextInternal.dispatch(ContextInternal.java:279)
2025-01-29 17:08:30,731 INFO c.h.h.t.HelmChartContainer - [hivemq-test-hivemq-platform] [hivemq-platform-operator] [69ff6578] 	at io.vertx.core.impl.ContextInternal.dispatch(ContextInternal.java:261)
2025-01-29 17:08:30,731 INFO c.h.h.t.HelmChartContainer - [hivemq-test-hivemq-platform] [hivemq-platform-operator] [69ff6578] 	at io.vertx.core.http.impl.HttpEventHandler.handleEnd(HttpEventHandler.java:76)
2025-01-29 17:08:30,731 INFO c.h.h.t.HelmChartContainer - [hivemq-test-hivemq-platform] [hivemq-platform-operator] [69ff6578] 	at io.vertx.core.http.impl.HttpClientResponseImpl.handleEnd(HttpClientResponseImpl.java:250)
2025-01-29 17:08:30,731 INFO c.h.h.t.HelmChartContainer - [hivemq-test-hivemq-platform] [hivemq-platform-operator] [69ff6578] 	at io.vertx.core.http.impl.Http1xClientConnection$StreamImpl.lambda$new$0(Http1xClientConnection.java:421)
2025-01-29 17:08:30,731 INFO c.h.h.t.HelmChartContainer - [hivemq-test-hivemq-platform] [hivemq-platform-operator] [69ff6578] 	at io.vertx.core.streams.impl.InboundBuffer.handleEvent(InboundBuffer.java:279)
2025-01-29 17:08:30,731 INFO c.h.h.t.HelmChartContainer - [hivemq-test-hivemq-platform] [hivemq-platform-operator] [69ff6578] 	at io.vertx.core.streams.impl.InboundBuffer.write(InboundBuffer.java:157)
2025-01-29 17:08:30,731 INFO c.h.h.t.HelmChartContainer - [hivemq-test-hivemq-platform] [hivemq-platform-operator] [69ff6578] 	at io.vertx.core.http.impl.Http1xClientConnection$StreamImpl.handleEnd(Http1xClientConnection.java:709)
2025-01-29 17:08:30,731 INFO c.h.h.t.HelmChartContainer - [hivemq-test-hivemq-platform] [hivemq-platform-operator] [69ff6578] 	at io.vertx.core.impl.ContextImpl.lambda$execute$4(ContextImpl.java:315)
2025-01-29 17:08:30,731 INFO c.h.h.t.HelmChartContainer - [hivemq-test-hivemq-platform] [hivemq-platform-operator] [69ff6578] 	at io.netty.util.concurrent.AbstractEventExecutor.runTask(AbstractEventExecutor.java:173)
2025-01-29 17:08:30,735 INFO c.h.h.t.HelmChartContainer - [hivemq-test-hivemq-platform] [hivemq-platform-operator] [69ff6578] 	at io.netty.util.concurrent.AbstractEventExecutor.safeExecute(AbstractEventExecutor.java:166)
2025-01-29 17:08:30,735 INFO c.h.h.t.HelmChartContainer - [hivemq-test-hivemq-platform] [hivemq-platform-operator] [69ff6578] 	at io.netty.util.concurrent.SingleThreadEventExecutor.runAllTasks(SingleThreadEventExecutor.java:472)
2025-01-29 17:08:30,735 INFO c.h.h.t.HelmChartContainer - [hivemq-test-hivemq-platform] [hivemq-platform-operator] [69ff6578] 	at io.netty.channel.nio.NioEventLoop.run(NioEventLoop.java:569)
2025-01-29 17:08:30,735 INFO c.h.h.t.HelmChartContainer - [hivemq-test-hivemq-platform] [hivemq-platform-operator] [69ff6578] 	at io.netty.util.concurrent.SingleThreadEventExecutor$4.run(SingleThreadEventExecutor.java:997)
2025-01-29 17:08:30,735 INFO c.h.h.t.HelmChartContainer - [hivemq-test-hivemq-platform] [hivemq-platform-operator] [69ff6578] 	at io.netty.util.internal.ThreadExecutorMap$2.run(ThreadExecutorMap.java:74)
2025-01-29 17:08:30,735 INFO c.h.h.t.HelmChartContainer - [hivemq-test-hivemq-platform] [hivemq-platform-operator] [69ff6578] 	at io.netty.util.concurrent.FastThreadLocalRunnable.run(FastThreadLocalRunnable.java:30)
2025-01-29 17:08:30,735 INFO c.h.h.t.HelmChartContainer - [hivemq-test-hivemq-platform] [hivemq-platform-operator] [69ff6578] 	... 1 more
2025-01-29 17:08:30,735 INFO c.h.h.t.HelmChartContainer - [hivemq-test-hivemq-platform] [hivemq-platform-operator] [69ff6578] 
2025-01-29 17:08:30,735 INFO c.h.h.t.HelmChartContainer - [hivemq-test-hivemq-platform] [hivemq-platform-operator] [69ff6578] 	at io.javaoperatorsdk.operator.monitoring.micrometer.MicrometerMetrics.lambda$timeControllerExecution$0(MicrometerMetrics.java:165)
2025-01-29 17:08:30,735 INFO c.h.h.t.HelmChartContainer - [hivemq-test-hivemq-platform] [hivemq-platform-operator] [69ff6578] 	at io.micrometer.core.instrument.AbstractTimer.record(AbstractTimer.java:190)
2025-01-29 17:08:30,735 INFO c.h.h.t.HelmChartContainer - [hivemq-test-hivemq-platform] [hivemq-platform-operator] [69ff6578] 	at io.javaoperatorsdk.operator.monitoring.micrometer.MicrometerMetrics.timeControllerExecution(MicrometerMetrics.java:161)
2025-01-29 17:08:30,735 INFO c.h.h.t.HelmChartContainer - [hivemq-test-hivemq-platform] [hivemq-platform-operator] [69ff6578] 	at io.javaoperatorsdk.operator.processing.Controller.reconcile(Controller.java:109)
2025-01-29 17:08:30,735 INFO c.h.h.t.HelmChartContainer - [hivemq-test-hivemq-platform] [hivemq-platform-operator] [69ff6578] 	at io.javaoperatorsdk.operator.processing.event.ReconciliationDispatcher.reconcileExecution(ReconciliationDispatcher.java:136)
2025-01-29 17:08:30,735 INFO c.h.h.t.HelmChartContainer - [hivemq-test-hivemq-platform] [hivemq-platform-operator] [69ff6578] 	at io.javaoperatorsdk.operator.processing.event.ReconciliationDispatcher.handleReconcile(ReconciliationDispatcher.java:117)
2025-01-29 17:08:30,735 INFO c.h.h.t.HelmChartContainer - [hivemq-test-hivemq-platform] [hivemq-platform-operator] [69ff6578] 	at io.javaoperatorsdk.operator.processing.event.ReconciliationDispatcher.handleDispatch(ReconciliationDispatcher.java:91)
2025-01-29 17:08:30,735 INFO c.h.h.t.HelmChartContainer - [hivemq-test-hivemq-platform] [hivemq-platform-operator] [69ff6578] 	at io.javaoperatorsdk.operator.processing.event.ReconciliationDispatcher.handleExecution(ReconciliationDispatcher.java:64)
2025-01-29 17:08:30,735 INFO c.h.h.t.HelmChartContainer - [hivemq-test-hivemq-platform] [hivemq-platform-operator] [69ff6578] 	at io.javaoperatorsdk.operator.processing.event.EventProcessor$ReconcilerExecutor.run(EventProcessor.java:452)
2025-01-29 17:08:30,735 INFO c.h.h.t.HelmChartContainer - [hivemq-test-hivemq-platform] [hivemq-platform-operator] [69ff6578] 	at java.base/java.util.concurrent.ThreadPoolExecutor.runWorker(Unknown Source)
2025-01-29 17:08:30,735 INFO c.h.h.t.HelmChartContainer - [hivemq-test-hivemq-platform] [hivemq-platform-operator] [69ff6578] 	at java.base/java.util.concurrent.ThreadPoolExecutor$Worker.run(Unknown Source)
2025-01-29 17:08:30,735 INFO c.h.h.t.HelmChartContainer - [hivemq-test-hivemq-platform] [hivemq-platform-operator] [69ff6578] 	at java.base/java.lang.Thread.run(Unknown Source)
2025-01-29 17:08:30,735 INFO c.h.h.t.HelmChartContainer - [hivemq-test-hivemq-platform] [hivemq-platform-operator] [69ff6578] Caused by: io.javaoperatorsdk.operator.AggregatedOperatorException: Exception(s) during workflow execution. Details:
2025-01-29 17:08:30,735 INFO c.h.h.t.HelmChartContainer - [hivemq-test-hivemq-platform] [hivemq-platform-operator] [69ff6578]  - com.hivemq.platform.operator.dependants.PodInfoConfigMap -> io.fabric8.kubernetes.client.KubernetesClientException: Failure executing: PUT at: https://10.43.0.1:443/api/v1/namespaces/helmwebsocketsit/configmaps/hivemq-platform-test-hivemq-platform-dynamic-state. Message: Operation cannot be fulfilled on configmaps "hivemq-platform-test-hivemq-platform-dynamic-state": StorageError: invalid object, Code: 4, Key: /registry/configmaps/helmwebsocketsit/hivemq-platform-test-hivemq-platform-dynamic-state, ResourceVersion: 0, AdditionalErrorMsg: Precondition failed: UID in precondition: c93a72b3-614f-459a-bde1-475ef763570d, UID in object meta: . Received status: Status(apiVersion=v1, code=409, details=StatusDetails(causes=[], group=null, kind=configmaps, name=hivemq-platform-test-hivemq-platform-dynamic-state, retryAfterSeconds=null, uid=null, additionalProperties={}), kind=Status, message=Operation cannot be fulfilled on configmaps "hivemq-platform-test-hivemq-platform-dynamic-state": StorageError: invalid object, Code: 4, Key: /registry/configmaps/helmwebsocketsit/hivemq-platform-test-hivemq-platform-dynamic-state, ResourceVersion: 0, AdditionalErrorMsg: Precondition failed: UID in precondition: c93a72b3-614f-459a-bde1-475ef763570d, UID in object meta: , metadata=ListMeta(_continue=null, remainingItemCount=null, resourceVersion=null, selfLink=null, additionalProperties={}), reason=Conflict, status=Failure, additionalProperties={}).
2025-01-29 17:08:30,735 INFO c.h.h.t.HelmChartContainer - [hivemq-test-hivemq-platform] [hivemq-platform-operator] [69ff6578] 	at io.fabric8.kubernetes.client.KubernetesClientException.copyAsCause(KubernetesClientException.java:238)
2025-01-29 17:08:30,736 INFO c.h.h.t.HelmChartContainer - [hivemq-test-hivemq-platform] [hivemq-platform-operator] [69ff6578] 	at io.fabric8.kubernetes.client.dsl.internal.OperationSupport.waitForResult(OperationSupport.java:507)
2025-01-29 17:08:30,736 INFO c.h.h.t.HelmChartContainer - [hivemq-test-hivemq-platform] [hivemq-platform-operator] [69ff6578] 	at io.fabric8.kubernetes.client.dsl.internal.OperationSupport.handleResponse(OperationSupport.java:524)
2025-01-29 17:08:30,736 INFO c.h.h.t.HelmChartContainer - [hivemq-test-hivemq-platform] [hivemq-platform-operator] [69ff6578] 	at io.fabric8.kubernetes.client.dsl.internal.OperationSupport.handleUpdate(OperationSupport.java:358)
2025-01-29 17:08:30,736 INFO c.h.h.t.HelmChartContainer - [hivemq-test-hivemq-platform] [hivemq-platform-operator] [69ff6578] 	at io.fabric8.kubernetes.client.dsl.internal.BaseOperation.handleUpdate(BaseOperation.java:759)
2025-01-29 17:08:30,736 INFO c.h.h.t.HelmChartContainer - [hivemq-test-hivemq-platform] [hivemq-platform-operator] [69ff6578] 	at io.fabric8.kubernetes.client.dsl.internal.HasMetadataOperation.update(HasMetadataOperation.java:138)
2025-01-29 17:08:30,736 INFO c.h.h.t.HelmChartContainer - [hivemq-test-hivemq-platform] [hivemq-platform-operator] [69ff6578] 	at io.fabric8.kubernetes.client.dsl.internal.HasMetadataOperation.update(HasMetadataOperation.java:121)
2025-01-29 17:08:30,736 INFO c.h.h.t.HelmChartContainer - [hivemq-test-hivemq-platform] [hivemq-platform-operator] [69ff6578] 	at io.fabric8.kubernetes.client.dsl.internal.HasMetadataOperation.update(HasMetadataOperation.java:44)
2025-01-29 17:08:30,736 INFO c.h.h.t.HelmChartContainer - [hivemq-test-hivemq-platform] [hivemq-platform-operator] [69ff6578] 	at io.fabric8.kubernetes.client.extension.ResourceAdapter.update(ResourceAdapter.java:345)
2025-01-29 17:08:30,736 INFO c.h.h.t.HelmChartContainer - [hivemq-test-hivemq-platform] [hivemq-platform-operator] [69ff6578] 	at io.javaoperatorsdk.operator.processing.dependent.kubernetes.KubernetesDependentResource.update(KubernetesDependentResource.java:140)
2025-01-29 17:08:30,736 INFO c.h.h.t.HelmChartContainer - [hivemq-test-hivemq-platform] [hivemq-platform-operator] [69ff6578] 	at com.hivemq.platform.operator.dependants.PodInfoConfigMap.update(PodInfoConfigMap.java:167)
2025-01-29 17:08:30,736 INFO c.h.h.t.HelmChartContainer - [hivemq-test-hivemq-platform] [hivemq-platform-operator] [69ff6578] 	at com.hivemq.platform.operator.dependants.PodInfoConfigMap.update(PodInfoConfigMap.java:39)
2025-01-29 17:08:30,736 INFO c.h.h.t.HelmChartContainer - [hivemq-test-hivemq-platform] [hivemq-platform-operator] [69ff6578] 	at io.javaoperatorsdk.operator.processing.dependent.AbstractDependentResource.handleUpdate(AbstractDependentResource.java:148)
2025-01-29 17:08:30,736 INFO c.h.h.t.HelmChartContainer - [hivemq-test-hivemq-platform] [hivemq-platform-operator] [69ff6578] 	at io.javaoperatorsdk.operator.processing.dependent.AbstractDependentResource.reconcile(AbstractDependentResource.java:72)
2025-01-29 17:08:30,736 INFO c.h.h.t.HelmChartContainer - [hivemq-test-hivemq-platform] [hivemq-platform-operator] [69ff6578] 	at io.javaoperatorsdk.operator.processing.dependent.SingleDependentResourceReconciler.reconcile(SingleDependentResourceReconciler.java:19)
2025-01-29 17:08:30,736 INFO c.h.h.t.HelmChartContainer - [hivemq-test-hivemq-platform] [hivemq-platform-operator] [69ff6578] 	at io.javaoperatorsdk.operator.processing.dependent.AbstractDependentResource.reconcile(AbstractDependentResource.java:52)
2025-01-29 17:08:30,736 INFO c.h.h.t.HelmChartContainer - [hivemq-test-hivemq-platform] [hivemq-platform-operator] [69ff6578] 	at com.hivemq.platform.operator.dependants.PodInfoConfigMap.reconcile(PodInfoConfigMap.java:74)
2025-01-29 17:08:30,736 INFO c.h.h.t.HelmChartContainer - [hivemq-test-hivemq-platform] [hivemq-platform-operator] [69ff6578] 	at com.hivemq.platform.operator.dependants.PodInfoConfigMap.reconcile(PodInfoConfigMap.java:39)
2025-01-29 17:08:30,736 INFO c.h.h.t.HelmChartContainer - [hivemq-test-hivemq-platform] [hivemq-platform-operator] [69ff6578] 	at io.javaoperatorsdk.operator.processing.dependent.workflow.WorkflowReconcileExecutor$NodeReconcileExecutor.doRun(WorkflowReconcileExecutor.java:123)
2025-01-29 17:08:30,736 INFO c.h.h.t.HelmChartContainer - [hivemq-test-hivemq-platform] [hivemq-platform-operator] [69ff6578] 	at io.javaoperatorsdk.operator.processing.dependent.workflow.NodeExecutor.run(NodeExecutor.java:22)
2025-01-29 17:08:30,736 INFO c.h.h.t.HelmChartContainer - [hivemq-test-hivemq-platform] [hivemq-platform-operator] [69ff6578] 	at java.base/java.util.concurrent.Executors$RunnableAdapter.call(Unknown Source)
2025-01-29 17:08:30,736 INFO c.h.h.t.HelmChartContainer - [hivemq-test-hivemq-platform] [hivemq-platform-operator] [69ff6578] 	at java.base/java.util.concurrent.FutureTask.run(Unknown Source)
2025-01-29 17:08:30,736 INFO c.h.h.t.HelmChartContainer - [hivemq-test-hivemq-platform] [hivemq-platform-operator] [69ff6578] 	at java.base/java.util.concurrent.ThreadPoolExecutor.runWorker(Unknown Source)
2025-01-29 17:08:30,736 INFO c.h.h.t.HelmChartContainer - [hivemq-test-hivemq-platform] [hivemq-platform-operator] [69ff6578] 	at java.base/java.util.concurrent.ThreadPoolExecutor$Worker.run(Unknown Source)
2025-01-29 17:08:30,736 INFO c.h.h.t.HelmChartContainer - [hivemq-test-hivemq-platform] [hivemq-platform-operator] [69ff6578] 	at java.base/java.lang.Thread.run(Unknown Source)
2025-01-29 17:08:30,736 INFO c.h.h.t.HelmChartContainer - [hivemq-test-hivemq-platform] [hivemq-platform-operator] [69ff6578] Caused by: io.fabric8.kubernetes.client.KubernetesClientException: Failure executing: PUT at: https://10.43.0.1:443/api/v1/namespaces/helmwebsocketsit/configmaps/hivemq-platform-test-hivemq-platform-dynamic-state. Message: Operation cannot be fulfilled on configmaps "hivemq-platform-test-hivemq-platform-dynamic-state": StorageError: invalid object, Code: 4, Key: /registry/configmaps/helmwebsocketsit/hivemq-platform-test-hivemq-platform-dynamic-state, ResourceVersion: 0, AdditionalErrorMsg: Precondition failed: UID in precondition: c93a72b3-614f-459a-bde1-475ef763570d, UID in object meta: . Received status: Status(apiVersion=v1, code=409, details=StatusDetails(causes=[], group=null, kind=configmaps, name=hivemq-platform-test-hivemq-platform-dynamic-state, retryAfterSeconds=null, uid=null, additionalProperties={}), kind=Status, message=Operation cannot be fulfilled on configmaps "hivemq-platform-test-hivemq-platform-dynamic-state": StorageError: invalid object, Code: 4, Key: /registry/configmaps/helmwebsocketsit/hivemq-platform-test-hivemq-platform-dynamic-state, ResourceVersion: 0, AdditionalErrorMsg: Precondition failed: UID in precondition: c93a72b3-614f-459a-bde1-475ef763570d, UID in object meta: , metadata=ListMeta(_continue=null, remainingItemCount=null, resourceVersion=null, selfLink=null, additionalProperties={}), reason=Conflict, status=Failure, additionalProperties={}).
2025-01-29 17:08:30,736 INFO c.h.h.t.HelmChartContainer - [hivemq-test-hivemq-platform] [hivemq-platform-operator] [69ff6578] 	at io.fabric8.kubernetes.client.dsl.internal.OperationSupport.requestFailure(OperationSupport.java:660)
2025-01-29 17:08:30,736 INFO c.h.h.t.HelmChartContainer - [hivemq-test-hivemq-platform] [hivemq-platform-operator] [69ff6578] 	at io.fabric8.kubernetes.client.dsl.internal.OperationSupport.requestFailure(OperationSupport.java:640)
2025-01-29 17:08:30,736 INFO c.h.h.t.HelmChartContainer - [hivemq-test-hivemq-platform] [hivemq-platform-operator] [69ff6578] 	at io.fabric8.kubernetes.client.dsl.internal.OperationSupport.assertResponseCode(OperationSupport.java:589)
2025-01-29 17:08:30,736 INFO c.h.h.t.HelmChartContainer - [hivemq-test-hivemq-platform] [hivemq-platform-operator] [69ff6578] 	at io.fabric8.kubernetes.client.dsl.internal.OperationSupport.lambda$handleResponse$0(OperationSupport.java:549)
2025-01-29 17:08:30,736 INFO c.h.h.t.HelmChartContainer - [hivemq-test-hivemq-platform] [hivemq-platform-operator] [69ff6578] 	at java.base/java.util.concurrent.CompletableFuture$UniApply.tryFire(Unknown Source)
2025-01-29 17:08:30,736 INFO c.h.h.t.HelmChartContainer - [hivemq-test-hivemq-platform] [hivemq-platform-operator] [69ff6578] 	at java.base/java.util.concurrent.CompletableFuture.postComplete(Unknown Source)
2025-01-29 17:08:30,736 INFO c.h.h.t.HelmChartContainer - [hivemq-test-hivemq-platform] [hivemq-platform-operator] [69ff6578] 	at java.base/java.util.concurrent.CompletableFuture.complete(Unknown Source)
2025-01-29 17:08:30,736 INFO c.h.h.t.HelmChartContainer - [hivemq-test-hivemq-platform] [hivemq-platform-operator] [69ff6578] 	at io.fabric8.kubernetes.client.http.StandardHttpClient.lambda$completeOrCancel$10(StandardHttpClient.java:141)
2025-01-29 17:08:30,736 INFO c.h.h.t.HelmChartContainer - [hivemq-test-hivemq-platform] [hivemq-platform-operator] [69ff6578] 	at java.base/java.util.concurrent.CompletableFuture.uniWhenComplete(Unknown Source)
2025-01-29 17:08:30,736 INFO c.h.h.t.HelmChartContainer - [hivemq-test-hivemq-platform] [hivemq-platform-operator] [69ff6578] 	at java.base/java.util.concurrent.CompletableFuture$UniWhenComplete.tryFire(Unknown Source)
2025-01-29 17:08:30,736 INFO c.h.h.t.HelmChartContainer - [hivemq-test-hivemq-platform] [hivemq-platform-operator] [69ff6578] 	at java.base/java.util.concurrent.CompletableFuture.postComplete(Unknown Source)
2025-01-29 17:08:30,736 INFO c.h.h.t.HelmChartContainer - [hivemq-test-hivemq-platform] [hivemq-platform-operator] [69ff6578] 	at java.base/java.util.concurrent.CompletableFuture.complete(Unknown Source)
2025-01-29 17:08:30,736 INFO c.h.h.t.HelmChartContainer - [hivemq-test-hivemq-platform] [hivemq-platform-operator] [69ff6578] 	at io.fabric8.kubernetes.client.http.ByteArrayBodyHandler.onBodyDone(ByteArrayBodyHandler.java:51)
2025-01-29 17:08:30,736 INFO c.h.h.t.HelmChartContainer - [hivemq-test-hivemq-platform] [hivemq-platform-operator] [69ff6578] 	at java.base/java.util.concurrent.CompletableFuture.uniWhenComplete(Unknown Source)
2025-01-29 17:08:30,736 INFO c.h.h.t.HelmChartContainer - [hivemq-test-hivemq-platform] [hivemq-platform-operator] [69ff6578] 	at java.base/java.util.concurrent.CompletableFuture$UniWhenComplete.tryFire(Unknown Source)
2025-01-29 17:08:30,736 INFO c.h.h.t.HelmChartContainer - [hivemq-test-hivemq-platform] [hivemq-platform-operator] [69ff6578] 	at java.base/java.util.concurrent.CompletableFuture.postComplete(Unknown Source)
2025-01-29 17:08:30,736 INFO c.h.h.t.HelmChartContainer - [hivemq-test-hivemq-platform] [hivemq-platform-operator] [69ff6578] 	at java.base/java.util.concurrent.CompletableFuture.complete(Unknown Source)
2025-01-29 17:08:30,736 INFO c.h.h.t.HelmChartContainer - [hivemq-test-hivemq-platform] [hivemq-platform-operator] [69ff6578] 	at io.fabric8.kubernetes.client.vertx.VertxHttpRequest.lambda$null$1(VertxHttpRequest.java:121)
2025-01-29 17:08:30,736 INFO c.h.h.t.HelmChartContainer - [hivemq-test-hivemq-platform] [hivemq-platform-operator] [69ff6578] 	at io.vertx.core.impl.ContextInternal.dispatch(ContextInternal.java:279)
2025-01-29 17:08:30,736 INFO c.h.h.t.HelmChartContainer - [hivemq-test-hivemq-platform] [hivemq-platform-operator] [69ff6578] 	at io.vertx.core.impl.ContextInternal.dispatch(ContextInternal.java:261)
2025-01-29 17:08:30,736 INFO c.h.h.t.HelmChartContainer - [hivemq-test-hivemq-platform] [hivemq-platform-operator] [69ff6578] 	at io.vertx.core.http.impl.HttpEventHandler.handleEnd(HttpEventHandler.java:76)
2025-01-29 17:08:30,736 INFO c.h.h.t.HelmChartContainer - [hivemq-test-hivemq-platform] [hivemq-platform-operator] [69ff6578] 	at io.vertx.core.http.impl.HttpClientResponseImpl.handleEnd(HttpClientResponseImpl.java:250)
2025-01-29 17:08:30,736 INFO c.h.h.t.HelmChartContainer - [hivemq-test-hivemq-platform] [hivemq-platform-operator] [69ff6578] 	at io.vertx.core.http.impl.Http1xClientConnection$StreamImpl.lambda$new$0(Http1xClientConnection.java:421)
2025-01-29 17:08:30,736 INFO c.h.h.t.HelmChartContainer - [hivemq-test-hivemq-platform] [hivemq-platform-operator] [69ff6578] 	at io.vertx.core.streams.impl.InboundBuffer.handleEvent(InboundBuffer.java:279)
2025-01-29 17:08:30,736 INFO c.h.h.t.HelmChartContainer - [hivemq-test-hivemq-platform] [hivemq-platform-operator] [69ff6578] 	at io.vertx.core.streams.impl.InboundBuffer.write(InboundBuffer.java:157)
2025-01-29 17:08:30,736 INFO c.h.h.t.HelmChartContainer - [hivemq-test-hivemq-platform] [hivemq-platform-operator] [69ff6578] 	at io.vertx.core.http.impl.Http1xClientConnection$StreamImpl.handleEnd(Http1xClientConnection.java:709)
2025-01-29 17:08:30,736 INFO c.h.h.t.HelmChartContainer - [hivemq-test-hivemq-platform] [hivemq-platform-operator] [69ff6578] 	at io.vertx.core.impl.ContextImpl.lambda$execute$4(ContextImpl.java:315)
2025-01-29 17:08:30,736 INFO c.h.h.t.HelmChartContainer - [hivemq-test-hivemq-platform] [hivemq-platform-operator] [69ff6578] 	at io.netty.util.concurrent.AbstractEventExecutor.runTask(AbstractEventExecutor.java:173)
2025-01-29 17:08:30,736 INFO c.h.h.t.HelmChartContainer - [hivemq-test-hivemq-platform] [hivemq-platform-operator] [69ff6578] 	at io.netty.util.concurrent.AbstractEventExecutor.safeExecute(AbstractEventExecutor.java:166)
2025-01-29 17:08:30,736 INFO c.h.h.t.HelmChartContainer - [hivemq-test-hivemq-platform] [hivemq-platform-operator] [69ff6578] 	at io.netty.util.concurrent.SingleThreadEventExecutor.runAllTasks(SingleThreadEventExecutor.java:472)
2025-01-29 17:08:30,736 INFO c.h.h.t.HelmChartContainer - [hivemq-test-hivemq-platform] [hivemq-platform-operator] [69ff6578] 	at io.netty.channel.nio.NioEventLoop.run(NioEventLoop.java:569)
2025-01-29 17:08:30,736 INFO c.h.h.t.HelmChartContainer - [hivemq-test-hivemq-platform] [hivemq-platform-operator] [69ff6578] 	at io.netty.util.concurrent.SingleThreadEventExecutor$4.run(SingleThreadEventExecutor.java:997)
2025-01-29 17:08:30,736 INFO c.h.h.t.HelmChartContainer - [hivemq-test-hivemq-platform] [hivemq-platform-operator] [69ff6578] 	at io.netty.util.internal.ThreadExecutorMap$2.run(ThreadExecutorMap.java:74)
2025-01-29 17:08:30,736 INFO c.h.h.t.HelmChartContainer - [hivemq-test-hivemq-platform] [hivemq-platform-operator] [69ff6578] 	at io.netty.util.concurrent.FastThreadLocalRunnable.run(FastThreadLocalRunnable.java:30)
2025-01-29 17:08:30,736 INFO c.h.h.t.HelmChartContainer - [hivemq-test-hivemq-platform] [hivemq-platform-operator] [69ff6578] 	... 1 more
2025-01-29 17:08:30,736 INFO c.h.h.t.HelmChartContainer - [hivemq-test-hivemq-platform] [hivemq-platform-operator] [69ff6578] 
2025-01-29 17:08:30,736 INFO c.h.h.t.HelmChartContainer - [hivemq-test-hivemq-platform] [hivemq-platform-operator] [69ff6578] 	at io.javaoperatorsdk.operator.processing.dependent.workflow.WorkflowResult.throwAggregateExceptionIfErrorsPresent(WorkflowResult.java:54)
2025-01-29 17:08:30,736 INFO c.h.h.t.HelmChartContainer - [hivemq-test-hivemq-platform] [hivemq-platform-operator] [69ff6578] 	at io.javaoperatorsdk.operator.processing.dependent.workflow.WorkflowReconcileResult.throwAggregateExceptionIfErrorsPresent(WorkflowReconcileResult.java:9)
2025-01-29 17:08:30,736 INFO c.h.h.t.HelmChartContainer - [hivemq-test-hivemq-platform] [hivemq-platform-operator] [69ff6578] 	at io.javaoperatorsdk.operator.processing.dependent.workflow.DefaultWorkflow.reconcile(DefaultWorkflow.java:98)
2025-01-29 17:08:30,736 INFO c.h.h.t.HelmChartContainer - [hivemq-test-hivemq-platform] [hivemq-platform-operator] [69ff6578] 	at io.javaoperatorsdk.operator.processing.Controller$1.execute(Controller.java:147)
2025-01-29 17:08:30,736 INFO c.h.h.t.HelmChartContainer - [hivemq-test-hivemq-platform] [hivemq-platform-operator] [69ff6578] 	at io.javaoperatorsdk.operator.processing.Controller$1.execute(Controller.java:110)
2025-01-29 17:08:30,736 INFO c.h.h.t.HelmChartContainer - [hivemq-test-hivemq-platform] [hivemq-platform-operator] [69ff6578] 	at io.javaoperatorsdk.operator.monitoring.micrometer.MicrometerMetrics.lambda$timeControllerExecution$0(MicrometerMetrics.java:163)
2025-01-29 17:08:30,736 INFO c.h.h.t.HelmChartContainer - [hivemq-test-hivemq-platform] [hivemq-platform-operator] [69ff6578] 	... 11 common frames omitted
2025-01-29 17:08:30,746 INFO c.h.h.t.HelmChartContainer - [hivemq-test-hivemq-platform] [hivemq-platform-operator] [69ff6578] 17:08:30.745 [ReconcilerExecutor-hivemq-controller-124] INFO  c.h.p.o.HiveMQPlatformReconciler - [helmwebs] Cleanup test-hivemq-platform - helmwebsocketsit HiveMQ Platform is shut down
2025-01-29 17:08:31,470 INFO c.h.h.t.HelmChartContainer - [POD] test-hivemq-platform-0 [c91835bc-dab3-42f7-88da-0f52bc4e17f9] in helmwebsocketsit was MODIFIED
2025-01-29 17:08:31,474 INFO c.h.h.t.HelmChartContainer - [EVENT] Normal [Killing] Stopping container hivemq [helmwebsocketsit:test-hivemq-platform-0]
2025-01-29 17:08:31,474 INFO c.h.h.t.HelmChartContainer - Received Killing event for container hivemq in pod test-hivemq-platform-0 [c91835bc-dab3-42f7-88da-0f52bc4e17f9]
2025-01-29 17:08:31,474 INFO c.h.h.t.HelmChartContainer - Container [test-hivemq-platform-0] [hivemq] [c91835bc-dab3-42f7-88da-0f52bc4e17f9] was terminated
2025-01-29 17:08:31,474 INFO c.h.h.t.HelmChartContainer - Stopped log watcher for hivemq in pod test-hivemq-platform-0 [c91835bc-dab3-42f7-88da-0f52bc4e17f9]
2025-01-29 17:08:31,491 INFO c.h.h.t.HelmChartContainer - [test-hivemq-platform] [hivemq] [c91835bc] INFO  - [HiveMQ Platform Operator Init App 1.7.0-SNAPSHOT] Shutting down
2025-01-29 17:08:31,492 INFO c.h.h.t.HelmChartContainer - [test-hivemq-platform] [hivemq] [c91835bc] INFO  - [HiveMQ Platform Operator Init App 1.7.0-SNAPSHOT] Stopping the HiveMQ Platform
2025-01-29 17:08:31,586 INFO c.h.h.t.HelmChartContainer - [test-hivemq-platform] [hivemq] [c91835bc] INFO  - Shutting down HiveMQ. Please wait, this could take a while...
2025-01-29 17:08:31,671 INFO c.h.h.t.HelmChartContainer - [test-hivemq-platform] [hivemq] [c91835bc] INFO  - Shutting down listeners and clients
2025-01-29 17:08:31,672 INFO c.h.h.t.HelmChartContainer - [test-hivemq-platform] [hivemq] [c91835bc] INFO  - Shutdown of listeners is done
2025-01-29 17:08:31,672 INFO c.h.h.t.HelmChartContainer - [test-hivemq-platform] [hivemq] [c91835bc] INFO  - No clients are connected, proceeding with shutdown
2025-01-29 17:08:31,892 INFO c.h.h.t.HelmChartContainer - [test-hivemq-platform] [hivemq] [c91835bc] INFO  - [HiveMQ Platform Operator Init App 1.7.0-SNAPSHOT] Returning shutdown Health API response 503 for readiness
2025-01-29 17:08:31,896 INFO c.h.h.t.HelmChartContainer - [EVENT] Warning [Unhealthy] Readiness probe failed: HTTP probe failed with statuscode: 503 [helmwebsocketsit:test-hivemq-platform-0]
2025-01-29 17:08:31,896 INFO c.h.h.t.HelmChartContainer - Received Unhealthy event for container hivemq in pod test-hivemq-platform-0 [c91835bc-dab3-42f7-88da-0f52bc4e17f9]
2025-01-29 17:08:32,349 INFO c.h.h.t.HelmChartContainer - [K3S] [authentication.go:74] "Unable to authenticate the request" err="[invalid bearer token, serviceaccounts \"hivemq-platform-pod-test-hivemq-platform\" not found]"
2025-01-29 17:08:32,369 INFO c.h.h.t.HelmChartContainer - [K3S] [authentication.go:74] "Unable to authenticate the request" err="[invalid bearer token, serviceaccounts \"hivemq-platform-pod-test-hivemq-platform\" not found]"
2025-01-29 17:08:32,442 INFO c.h.h.t.HelmChartContainer - [test-hivemq-platform] [hivemq] [c91835bc] WARN  - [HiveMQ Platform Operator Init App 1.7.0-SNAPSHOT] Could not update Pod annotations: Failure executing: GET at: https://10.43.0.1:443/api/v1/namespaces/helmwebsocketsit/pods/test-hivemq-platform-0. Message: Unauthorized. Received status: Status(apiVersion=v1, code=401, details=null, kind=Status, message=Unauthorized, metadata=ListMeta(_continue=null, remainingItemCount=null, resourceVersion=null, selfLink=null, additionalProperties={}), reason=Unauthorized, status=Failure, additionalProperties={}).
2025-01-29 17:08:32,595 INFO c.h.h.t.HelmChartContainer - Deleting namespace 'helmwebsocketsit'...
2025-01-29 17:08:34,075 INFO c.h.h.t.HelmChartContainer - [test-hivemq-platform] [hivemq] [c91835bc] INFO  - Shutting down extension system
2025-01-29 17:08:34,082 INFO c.h.h.t.HelmChartContainer - [test-hivemq-platform] [hivemq] [c91835bc] INFO  - Stopping extension with id hivemq-dns-cluster-discovery
2025-01-29 17:08:34,083 INFO c.h.h.t.HelmChartContainer - [test-hivemq-platform] [hivemq] [c91835bc] INFO  - Extension "DNS Cluster Discovery Extension" version 4.3.2 stopped successfully.
2025-01-29 17:08:34,084 INFO c.h.h.t.HelmChartContainer - [test-hivemq-platform] [hivemq] [c91835bc] INFO  - Stopping extension with id hivemq-prometheus-extension
2025-01-29 17:08:34,087 INFO c.h.h.t.HelmChartContainer - [test-hivemq-platform] [hivemq] [c91835bc] INFO  - Extension "Prometheus Monitoring Extension" version 4.0.12 stopped successfully.
2025-01-29 17:08:34,088 INFO c.h.h.t.HelmChartContainer - [test-hivemq-platform] [hivemq] [c91835bc] INFO  - Stopping extension with id hivemq-allow-all-extension
2025-01-29 17:08:34,088 INFO c.h.h.t.HelmChartContainer - [test-hivemq-platform] [hivemq] [c91835bc] INFO  - Extension "Allow All Extension" version 1.1.1 stopped successfully.
2025-01-29 17:08:36,376 INFO c.h.h.t.HelmChartContainer - [test-hivemq-platform] [hivemq] [c91835bc] INFO  - Shutdown completed.
2025-01-29 17:08:36,723 INFO c.h.h.t.HelmChartContainer - [test-hivemq-platform] [hivemq] [c91835bc] INFO  - [HiveMQ Platform Operator Init App 1.7.0-SNAPSHOT] The HiveMQ Platform exited with code 143
2025-01-29 17:08:36,723 INFO c.h.h.t.HelmChartContainer - [test-hivemq-platform] [hivemq] [c91835bc] INFO  - [HiveMQ Platform Operator Init App 1.7.0-SNAPSHOT] Stopping the REST API
2025-01-29 17:08:36,730 INFO c.h.h.t.HelmChartContainer - [test-hivemq-platform] [hivemq] [c91835bc] INFO  - [HiveMQ Platform Operator Init App 1.7.0-SNAPSHOT] Shutdown complete
2025-01-29 17:08:37,183 INFO c.h.h.t.HelmChartContainer - [POD] test-hivemq-platform-0 [c91835bc-dab3-42f7-88da-0f52bc4e17f9] in helmwebsocketsit was MODIFIED
2025-01-29 17:08:37,185 INFO c.h.h.t.HelmChartContainer - [K3S] [stateful_set.go:438] "Unhandled Error" err="error syncing StatefulSet helmwebsocketsit/test-hivemq-platform, requeuing: controllerrevisions.apps \"test-hivemq-platform-8685cc5d6b\" is forbidden: unable to create new content in namespace helmwebsocketsit because it is being terminated"
2025-01-29 17:08:37,193 INFO c.h.h.t.HelmChartContainer - [K3S] [stateful_set.go:438] "Unhandled Error" err="error syncing StatefulSet helmwebsocketsit/test-hivemq-platform, requeuing: controllerrevisions.apps \"test-hivemq-platform-8685cc5d6b\" is forbidden: unable to create new content in namespace helmwebsocketsit because it is being terminated"
2025-01-29 17:08:37,206 INFO c.h.h.t.HelmChartContainer - [K3S] [stateful_set.go:438] "Unhandled Error" err="error syncing StatefulSet helmwebsocketsit/test-hivemq-platform, requeuing: controllerrevisions.apps \"test-hivemq-platform-8685cc5d6b\" is forbidden: unable to create new content in namespace helmwebsocketsit because it is being terminated"
2025-01-29 17:08:37,230 INFO c.h.h.t.HelmChartContainer - [K3S] [stateful_set.go:438] "Unhandled Error" err="error syncing StatefulSet helmwebsocketsit/test-hivemq-platform, requeuing: controllerrevisions.apps \"test-hivemq-platform-8685cc5d6b\" is forbidden: unable to create new content in namespace helmwebsocketsit because it is being terminated"
2025-01-29 17:08:37,273 INFO c.h.h.t.HelmChartContainer - [K3S] [stateful_set.go:438] "Unhandled Error" err="error syncing StatefulSet helmwebsocketsit/test-hivemq-platform, requeuing: controllerrevisions.apps \"test-hivemq-platform-8685cc5d6b\" is forbidden: unable to create new content in namespace helmwebsocketsit because it is being terminated"
2025-01-29 17:08:37,280 INFO c.h.h.t.HelmChartContainer - [K3S] [reconciler_common.go:162] "operationExecutor.UnmountVolume started for volume \"ws-keystore-8004\" (UniqueName: \"kubernetes.io/secret/c91835bc-dab3-42f7-88da-0f52bc4e17f9-ws-keystore-8004\") pod \"c91835bc-dab3-42f7-88da-0f52bc4e17f9\" (UID: \"c91835bc-dab3-42f7-88da-0f52bc4e17f9\") "
2025-01-29 17:08:37,280 INFO c.h.h.t.HelmChartContainer - [K3S] [reconciler_common.go:162] "operationExecutor.UnmountVolume started for volume \"ws-truststore-8004\" (UniqueName: \"kubernetes.io/secret/c91835bc-dab3-42f7-88da-0f52bc4e17f9-ws-truststore-8004\") pod \"c91835bc-dab3-42f7-88da-0f52bc4e17f9\" (UID: \"c91835bc-dab3-42f7-88da-0f52bc4e17f9\") "
2025-01-29 17:08:37,281 INFO c.h.h.t.HelmChartContainer - [K3S] [reconciler_common.go:162] "operationExecutor.UnmountVolume started for volume \"operator-init\" (UniqueName: \"kubernetes.io/empty-dir/c91835bc-dab3-42f7-88da-0f52bc4e17f9-operator-init\") pod \"c91835bc-dab3-42f7-88da-0f52bc4e17f9\" (UID: \"c91835bc-dab3-42f7-88da-0f52bc4e17f9\") "
2025-01-29 17:08:37,281 INFO c.h.h.t.HelmChartContainer - [K3S] [reconciler_common.go:162] "operationExecutor.UnmountVolume started for volume \"ws-keystore-8003\" (UniqueName: \"kubernetes.io/secret/c91835bc-dab3-42f7-88da-0f52bc4e17f9-ws-keystore-8003\") pod \"c91835bc-dab3-42f7-88da-0f52bc4e17f9\" (UID: \"c91835bc-dab3-42f7-88da-0f52bc4e17f9\") "
2025-01-29 17:08:37,281 INFO c.h.h.t.HelmChartContainer - [K3S] [reconciler_common.go:162] "operationExecutor.UnmountVolume started for volume \"broker-configuration\" (UniqueName: \"kubernetes.io/configmap/c91835bc-dab3-42f7-88da-0f52bc4e17f9-broker-configuration\") pod \"c91835bc-dab3-42f7-88da-0f52bc4e17f9\" (UID: \"c91835bc-dab3-42f7-88da-0f52bc4e17f9\") "
2025-01-29 17:08:37,281 INFO c.h.h.t.HelmChartContainer - [K3S] [reconciler_common.go:162] "operationExecutor.UnmountVolume started for volume \"kube-api-access-gj9pn\" (UniqueName: \"kubernetes.io/projected/c91835bc-dab3-42f7-88da-0f52bc4e17f9-kube-api-access-gj9pn\") pod \"c91835bc-dab3-42f7-88da-0f52bc4e17f9\" (UID: \"c91835bc-dab3-42f7-88da-0f52bc4e17f9\") "
2025-01-29 17:08:37,282 INFO c.h.h.t.HelmChartContainer - [K3S] [reconciler_common.go:162] "operationExecutor.UnmountVolume started for volume \"pod-info\" (UniqueName: \"kubernetes.io/configmap/c91835bc-dab3-42f7-88da-0f52bc4e17f9-pod-info\") pod \"c91835bc-dab3-42f7-88da-0f52bc4e17f9\" (UID: \"c91835bc-dab3-42f7-88da-0f52bc4e17f9\") "
2025-01-29 17:08:37,357 INFO c.h.h.t.HelmChartContainer - [K3S] [stateful_set.go:438] "Unhandled Error" err="error syncing StatefulSet helmwebsocketsit/test-hivemq-platform, requeuing: controllerrevisions.apps \"test-hivemq-platform-8685cc5d6b\" is forbidden: unable to create new content in namespace helmwebsocketsit because it is being terminated"
2025-01-29 17:08:37,380 INFO c.h.h.t.HelmChartContainer - [K3S] [reconciler_common.go:299] "Volume detached for volume \"kube-api-access-gj9pn\" (UniqueName: \"kubernetes.io/projected/c91835bc-dab3-42f7-88da-0f52bc4e17f9-kube-api-access-gj9pn\") on node \"864edd2a238e\" DevicePath \"\""
2025-01-29 17:08:37,380 INFO c.h.h.t.HelmChartContainer - [K3S] [reconciler_common.go:299] "Volume detached for volume \"pod-info\" (UniqueName: \"kubernetes.io/configmap/c91835bc-dab3-42f7-88da-0f52bc4e17f9-pod-info\") on node \"864edd2a238e\" DevicePath \"\""
2025-01-29 17:08:37,380 INFO c.h.h.t.HelmChartContainer - [K3S] [reconciler_common.go:299] "Volume detached for volume \"ws-keystore-8004\" (UniqueName: \"kubernetes.io/secret/c91835bc-dab3-42f7-88da-0f52bc4e17f9-ws-keystore-8004\") on node \"864edd2a238e\" DevicePath \"\""
2025-01-29 17:08:37,380 INFO c.h.h.t.HelmChartContainer - [K3S] [reconciler_common.go:299] "Volume detached for volume \"ws-truststore-8004\" (UniqueName: \"kubernetes.io/secret/c91835bc-dab3-42f7-88da-0f52bc4e17f9-ws-truststore-8004\") on node \"864edd2a238e\" DevicePath \"\""
2025-01-29 17:08:37,380 INFO c.h.h.t.HelmChartContainer - [K3S] [reconciler_common.go:299] "Volume detached for volume \"operator-init\" (UniqueName: \"kubernetes.io/empty-dir/c91835bc-dab3-42f7-88da-0f52bc4e17f9-operator-init\") on node \"864edd2a238e\" DevicePath \"\""
2025-01-29 17:08:37,380 INFO c.h.h.t.HelmChartContainer - [K3S] [reconciler_common.go:299] "Volume detached for volume \"ws-keystore-8003\" (UniqueName: \"kubernetes.io/secret/c91835bc-dab3-42f7-88da-0f52bc4e17f9-ws-keystore-8003\") on node \"864edd2a238e\" DevicePath \"\""
2025-01-29 17:08:37,380 INFO c.h.h.t.HelmChartContainer - [K3S] [reconciler_common.go:299] "Volume detached for volume \"broker-configuration\" (UniqueName: \"kubernetes.io/configmap/c91835bc-dab3-42f7-88da-0f52bc4e17f9-broker-configuration\") on node \"864edd2a238e\" DevicePath \"\""
2025-01-29 17:08:37,521 INFO c.h.h.t.HelmChartContainer - [K3S] [stateful_set.go:438] "Unhandled Error" err="error syncing StatefulSet helmwebsocketsit/test-hivemq-platform, requeuing: controllerrevisions.apps \"test-hivemq-platform-8685cc5d6b\" is forbidden: unable to create new content in namespace helmwebsocketsit because it is being terminated"
2025-01-29 17:08:37,730 INFO c.h.h.t.HelmChartContainer - [K3S] [stateful_set.go:466] "StatefulSet has been deleted" key="helmwebsocketsit/test-hivemq-platform"
2025-01-29 17:08:37,768 INFO c.h.h.t.HelmChartContainer - [K3S] [namespace_controller.go:164] "Unhandled Error" err="deletion of namespace helmwebsocketsit failed: unexpected items still remain in namespace: helmwebsocketsit for gvr: /v1, Resource=pods"
2025-01-29 17:08:37,842 INFO c.h.h.t.HelmChartContainer - [K3S] [stateful_set.go:466] "StatefulSet has been deleted" key="helmwebsocketsit/test-hivemq-platform"
2025-01-29 17:08:37,925 INFO c.h.h.t.HelmChartContainer - [K3S] [namespace_controller.go:164] "Unhandled Error" err="deletion of namespace helmwebsocketsit failed: unexpected items still remain in namespace: helmwebsocketsit for gvr: /v1, Resource=pods"
2025-01-29 17:08:38,025 INFO c.h.h.t.HelmChartContainer - [K3S] [namespace_controller.go:164] "Unhandled Error" err="deletion of namespace helmwebsocketsit failed: unexpected items still remain in namespace: helmwebsocketsit for gvr: /v1, Resource=pods"
2025-01-29 17:08:38,043 INFO c.h.h.t.HelmChartContainer - [K3S] [scope.go:117] "RemoveContainer" containerID="eb4d2f4d7d111b17b4ddb1b068874e90df249d7747cc4d4006ec396484b340d2"
2025-01-29 17:08:38,058 INFO c.h.h.t.HelmChartContainer - [POD] test-hivemq-platform-0 [c91835bc-dab3-42f7-88da-0f52bc4e17f9] in helmwebsocketsit was MODIFIED
2025-01-29 17:08:38,061 INFO c.h.h.t.HelmChartContainer - [POD] test-hivemq-platform-0 [c91835bc-dab3-42f7-88da-0f52bc4e17f9] in helmwebsocketsit was DELETED
2025-01-29 17:08:38,168 INFO c.h.h.t.HelmChartContainer - [K3S] [scope.go:117] "RemoveContainer" containerID="b7e0b05ec5f407aae7d15b62b437c4496f42525e4177e696e10f6a35ab756260"
2025-01-29 17:08:38,171 INFO c.h.h.t.HelmChartContainer - [K3S] [scope.go:117] "RemoveContainer" containerID="eb4d2f4d7d111b17b4ddb1b068874e90df249d7747cc4d4006ec396484b340d2"
2025-01-29 17:08:38,173 INFO c.h.h.t.HelmChartContainer - [K3S] [scope.go:117] "RemoveContainer" containerID="b7e0b05ec5f407aae7d15b62b437c4496f42525e4177e696e10f6a35ab756260"
2025-01-29 17:08:38,221 INFO c.h.h.t.HelmChartContainer - Namespace 'helmwebsocketsit' deleted
2025-01-29 17:08:38,221 INFO c.h.h.t.HelmChartContainer - Release 'test-hivemq-platform' in namespace 'helmwebsocketsit' is uninstalled
2025-01-29 17:08:38,221 INFO c.h.h.t.HelmChartContainer - Uninstalling release 'test-hivemq-platform-operator' in namespace 'helmwebsocketsit-operator'...
2025-01-29 17:08:38,221 DEBUG c.h.h.t.HelmChartContainer - Executing helm command: /bin/helm --kubeconfig /etc/rancher/k3s/k3s.yaml uninstall test-hivemq-platform-operator  --wait --timeout 5m0s --cascade foreground --namespace helmwebsocketsit-operator
2025-01-29 17:08:38,388 INFO c.h.h.t.HelmChartContainer - [K3S] [replica_set.go:679] "Finished syncing" kind="ReplicaSet" key="helmwebsocketsit-operator/hivemq-test-hivemq-platform-operator-6966f96d65" duration="16.96475ms"
2025-01-29 17:08:38,389 INFO c.h.h.t.HelmChartContainer - [K3S] [replica_set.go:679] "Finished syncing" kind="ReplicaSet" key="helmwebsocketsit-operator/hivemq-test-hivemq-platform-operator-6966f96d65" duration="36.678µs"
2025-01-29 17:08:38,403 INFO c.h.h.t.HelmChartContainer - [POD] hivemq-test-hivemq-platform-operator-6966f96d65-m2zhl [69ff6578-d576-4bcf-96af-d0620c1c0064] in helmwebsocketsit-operator was MODIFIED
2025-01-29 17:08:38,416 INFO c.h.h.t.HelmChartContainer - [hivemq-test-hivemq-platform] [hivemq-platform-operator] [69ff6578] 17:08:38.414 [application-shutdown-thread] INFO  c.h.p.o.HiveMQPlatformOperatorApplication - HiveMQ Platform Operator is stopping...
2025-01-29 17:08:38,417 INFO c.h.h.t.HelmChartContainer - [hivemq-test-hivemq-platform] [hivemq-platform-operator] [69ff6578] 17:08:38.415 [application-shutdown-thread] INFO  i.javaoperatorsdk.operator.Operator - Operator SDK 4.9.7 is shutting down...
2025-01-29 17:08:38,417 INFO c.h.h.t.HelmChartContainer - [EVENT] Normal [Killing] Stopping container hivemq-platform-operator [helmwebsocketsit-operator:hivemq-test-hivemq-platform-operator-6966f96d65-m2zhl]
2025-01-29 17:08:38,417 INFO c.h.h.t.HelmChartContainer - Received Killing event for container hivemq-platform-operator in pod hivemq-test-hivemq-platform-operator-6966f96d65-m2zhl [69ff6578-d576-4bcf-96af-d0620c1c0064]
2025-01-29 17:08:38,417 INFO c.h.h.t.HelmChartContainer - Container [hivemq-test-hivemq-platform-operator-6966f96d65-m2zhl] [hivemq-platform-operator] [69ff6578-d576-4bcf-96af-d0620c1c0064] was terminated
2025-01-29 17:08:38,417 INFO c.h.h.t.HelmChartContainer - Stopped log watcher for hivemq-platform-operator in pod hivemq-test-hivemq-platform-operator-6966f96d65-m2zhl [69ff6578-d576-4bcf-96af-d0620c1c0064]
2025-01-29 17:08:38,419 INFO c.h.h.t.HelmChartContainer - [K3S] [replica_set.go:679] "Finished syncing" kind="ReplicaSet" key="helmwebsocketsit-operator/hivemq-test-hivemq-platform-operator-6966f96d65" duration="15.016887ms"
2025-01-29 17:08:38,420 INFO c.h.h.t.HelmChartContainer - [K3S] [replica_set.go:679] "Finished syncing" kind="ReplicaSet" key="helmwebsocketsit-operator/hivemq-test-hivemq-platform-operator-6966f96d65" duration="36.759µs"
2025-01-29 17:08:38,983 INFO c.h.h.t.HelmChartContainer - [K3S] [replica_set.go:679] "Finished syncing" kind="ReplicaSet" key="helmwebsocketsit-operator/hivemq-test-hivemq-platform-operator-6966f96d65" duration="70.021µs"
2025-01-29 17:08:38,984 INFO c.h.h.t.HelmChartContainer - [POD] hivemq-test-hivemq-platform-operator-6966f96d65-m2zhl [69ff6578-d576-4bcf-96af-d0620c1c0064] in helmwebsocketsit-operator was MODIFIED
2025-01-29 17:08:39,045 INFO c.h.h.t.HelmChartContainer - [K3S] [scope.go:117] "RemoveContainer" containerID="b6211c8ad28f8bb233b1df9c016799c0dd47a7472a451b8eb16d2a6a0499d210"
2025-01-29 17:08:39,049 INFO c.h.h.t.HelmChartContainer - [K3S] [scope.go:117] "RemoveContainer" containerID="b6211c8ad28f8bb233b1df9c016799c0dd47a7472a451b8eb16d2a6a0499d210"
2025-01-29 17:08:39,088 INFO c.h.h.t.HelmChartContainer - [K3S] [reconciler_common.go:162] "operationExecutor.UnmountVolume started for volume \"kube-api-access-wd4tw\" (UniqueName: \"kubernetes.io/projected/69ff6578-d576-4bcf-96af-d0620c1c0064-kube-api-access-wd4tw\") pod \"69ff6578-d576-4bcf-96af-d0620c1c0064\" (UID: \"69ff6578-d576-4bcf-96af-d0620c1c0064\") "
2025-01-29 17:08:39,189 INFO c.h.h.t.HelmChartContainer - [K3S] [reconciler_common.go:299] "Volume detached for volume \"kube-api-access-wd4tw\" (UniqueName: \"kubernetes.io/projected/69ff6578-d576-4bcf-96af-d0620c1c0064-kube-api-access-wd4tw\") on node \"864edd2a238e\" DevicePath \"\""
2025-01-29 17:08:39,349 INFO c.h.h.t.HelmChartContainer - [K3S] [kubelet_volumes.go:163] "Cleaned up orphaned pod volumes dir" podUID="c91835bc-dab3-42f7-88da-0f52bc4e17f9" path="/var/lib/kubelet/pods/c91835bc-dab3-42f7-88da-0f52bc4e17f9/volumes"
2025-01-29 17:08:39,358 INFO c.h.h.t.HelmChartContainer - [K3S] [replica_set.go:679] "Finished syncing" kind="ReplicaSet" key="helmwebsocketsit-operator/hivemq-test-hivemq-platform-operator-6966f96d65" duration="69.589µs"
2025-01-29 17:08:39,359 INFO c.h.h.t.HelmChartContainer - [POD] hivemq-test-hivemq-platform-operator-6966f96d65-m2zhl [69ff6578-d576-4bcf-96af-d0620c1c0064] in helmwebsocketsit-operator was MODIFIED
2025-01-29 17:08:39,360 INFO c.h.h.t.HelmChartContainer - [K3S] [replica_set.go:679] "Finished syncing" kind="ReplicaSet" key="helmwebsocketsit-operator/hivemq-test-hivemq-platform-operator-6966f96d65" duration="31.93µs"
2025-01-29 17:08:39,362 INFO c.h.h.t.HelmChartContainer - [POD] hivemq-test-hivemq-platform-operator-6966f96d65-m2zhl [69ff6578-d576-4bcf-96af-d0620c1c0064] in helmwebsocketsit-operator was DELETED
2025-01-29 17:08:39,374 INFO c.h.h.t.HelmChartContainer - [K3S] [replica_set.go:679] "Finished syncing" kind="ReplicaSet" key="helmwebsocketsit-operator/hivemq-test-hivemq-platform-operator-6966f96d65" duration="6.151µs"
2025-01-29 17:08:40,417 INFO c.h.h.t.HelmChartContainer - Deleting namespace 'helmwebsocketsit-operator'...
2025-01-29 17:08:41,349 INFO c.h.h.t.HelmChartContainer - [K3S] [kubelet_volumes.go:163] "Cleaned up orphaned pod volumes dir" podUID="69ff6578-d576-4bcf-96af-d0620c1c0064" path="/var/lib/kubelet/pods/69ff6578-d576-4bcf-96af-d0620c1c0064/volumes"
2025-01-29 17:08:43,164 INFO c.h.h.t.HelmChartContainer - [K3S] [namespace_controller.go:187] "Namespace has been deleted" namespace="helmwebsocketsit"
2025-01-29 17:08:45,633 INFO c.h.h.t.HelmChartContainer - Namespace 'helmwebsocketsit-operator' deleted
2025-01-29 17:08:45,633 INFO c.h.h.t.HelmChartContainer - Release 'test-hivemq-platform-operator' in namespace 'helmwebsocketsit-operator' is uninstalled
2025-01-29 17:08:46,356 INFO c.h.helmcharts.AbstractHelmChartIT - Removed unused containers:

2025-01-29 17:08:50,541 INFO c.h.h.t.HelmChartContainer - [K3S] [namespace_controller.go:187] "Namespace has been deleted" namespace="helmwebsocketsit-operator"
2025-01-29 17:08:54,169 INFO c.h.helmcharts.AbstractHelmChartIT - Removed unused snapshots:
Removing snapshot sha256:03af251906410714c5aef9fa705b63f6bbc39c4a5e787de7361eeb18886c2ed2
Removing snapshot sha256:0c46b3b43cce082ce5ec34ffc6c294e0417d17b9d1e6f366d114b6aadc4f96dc
Removing snapshot sha256:0ce761beee59082d6ed5bcebd3a805b8ddd9b3426b617e4809e7fb7c6587ffec
Removing snapshot sha256:0df91287303208332c8ff6ba40ae4710105201739addbfbddfb955f1ad593664
Removing snapshot sha256:1021ef88c7974bfff89c5a0ec4fd3160daac6c48a075f74cff721f85dd104e68
Removing snapshot sha256:10aba4953ddc18145dd38e3704709bc464aa20af60b56fe52caaff4b68411e62
Removing snapshot sha256:2573e0d8158209ed54ab25c87bcdcb00bd3d2539246960a3d592a1c599d70465
Removing snapshot sha256:362a8a37f8bbc31925a8146adcf7cf51f9882f5c1dcbef67c5baa03a297543c0
Removing snapshot sha256:3fa4ad33f0ddc8fd45b39b6b4640f82a3a83619606cd975bfe89d8710ad2d4cd
Removing snapshot sha256:43a7c979bbaba6838bc3102d6b10a1459f3ab050b87ccdfef84ef90cf43d3058
Removing snapshot sha256:4ab04491cdf0d3267f08206fe30bd48f49f94b9cab2f016d6739220f722a64af
Removing snapshot sha256:4b6068250e89c96f263060261819c7d912855bfbd64b3eb4c4a8483299b8c295
Removing snapshot sha256:580e69a0a8034ede1921139bbd2bfb72a69ebf276d008281896c32dd8bf74775
Removing snapshot sha256:5d30ba46b27fe37484567ccc5242cadc78217b8da605f3f195ef25cbf7487904
Removing snapshot sha256:63ca1fbb43ae5034640e5e6cb3e083e05c290072c5366fcaa9d62435a4cced85
Removing snapshot sha256:67f702c6baae873bceb19487c8b1f27bd2b86077e4f2f0e480e6d60ab508b8f5
Removing snapshot sha256:6864348dd42806d552efdec384f1274be15e2d0c10ce44c1f04347af004c10a9
Removing snapshot sha256:6c7dee8f2c39b84b7dc2711c01d33de93514d9055499173e9290176fbe484b6c
Removing snapshot sha256:7a9658fb3a725cd400c819322be51d1a4189eecd81bb4b80d19a9713d9faed41
Removing snapshot sha256:82753493a6d61ded36556292f02f31841a14c20d2f279f19eaad65afb661d5cd
Removing snapshot sha256:8a10d3db42c505ee0fcfa98417bdd7e39b304f6bcc0a06bb1b220797ff2cc63c
Removing snapshot sha256:a21e5b12dbac529ad45d976eb9ce45c881f3bedcc500fb30aba1e52aa1813418
Removing snapshot sha256:b921e6c28969094157f9b8e7244677780319637afd14450b7cb6b2fdea558a0c
Removing snapshot sha256:bc27ecb5769a00e309cf99ebc763c4a4b958b618d1decc96ffac5bc05f02f5b7
Removing snapshot sha256:be3ccb6627a5332e309d45ef461d09b4879dd870c7394d89323d0ebc6ca6aa8a
Removing snapshot sha256:bfee8af8735077f21bb67f8e04ffb73f92284f33138d3eabc95ab1299e55ded4
Removing snapshot sha256:c261f7cbbc64211ee175ee47273acdb7b1a36a4450b397a064a8f2c026490095
Removing snapshot sha256:c34d9393647eea0c9e3557ab988efaf59f61d10a2a5613b439ef0958cca5ec10
Removing snapshot sha256:ccf3c4a0fa967a41c1c83497a2ce6fa5787965859df0adb32c4ca2cf7490bc2b
Removing snapshot sha256:cf92d33f869417309692088c341cd0f223c178ea78a125f757317b22aa8f90e9
Removing snapshot sha256:d0037344cf2fb078884f1849f6a1f8cf9a33a3b6139b6a85833e5ee528e1f9a8
Removing snapshot sha256:d3b36d5b79273b1e98e7700470eaeff05a882e777124d84cebcc1505b85ecb36
Removing snapshot sha256:d65a44a37914602d12c611e5e22a50f11451d847e63015cc1c2aef92dee777a4
Removing snapshot sha256:e2dc0bae2455930f23ae570e019b7f32edc75c0f2d71cab084db837ff9051796
Removing snapshot sha256:eccbd24a99c60cd9e86ee5305dbfc4a4dc89f5ab4fb1f06c8d64797cecedef34
Removing snapshot sha256:f144bb4c7c7f0d2aa7eeffd36d934ec40db1ee167be727e326aad9fdc616f475

]]></system-out>
  </testcase>
  <testcase name="platformChart_whenMtlsWebsocketEnabled_thenSendsReceivesMessage(Path)" classname="com.hivemq.helmcharts.services.HelmWebsocketsIT" time="105.384">
    <system-out><![CDATA[2025-01-29 17:08:54,174 INFO c.h.h.t.HelmChartContainer - Creating namespace 'helmwebsocketsit-operator'...
2025-01-29 17:08:54,180 INFO c.h.h.t.HelmChartContainer - Namespace 'helmwebsocketsit-operator' created
2025-01-29 17:08:54,180 INFO c.h.h.t.HelmChartContainer - Creating namespace 'helmwebsocketsit'...
2025-01-29 17:08:54,185 INFO c.h.h.t.HelmChartContainer - Namespace 'helmwebsocketsit' created
2025-01-29 17:08:54,255 DEBUG c.h.h.t.HelmChartContainer - Executing helm command: /bin/helm --kubeconfig /etc/rancher/k3s/k3s.yaml install test-hivemq-platform-operator /charts/hivemq-platform-operator --wait --timeout 5m0s --set image.repository=docker.io/hivemq --set image.name=hivemq-platform-operator-test --set image.initImageName=hivemq-platform-operator-init-test --set image.tag=snapshot --set image.pullPolicy=Never --set logLevel=DEBUG --set resources.cpu=512m --namespace helmwebsocketsit-operator
2025-01-29 17:08:54,562 INFO c.h.h.t.HelmChartContainer - [K3S] [alloc.go:330] "allocated clusterIPs" service="helmwebsocketsit-operator/hivemq-platform-operator-test-hivemq-platform-operator" clusterIPs={"IPv4":"10.43.160.102"}
2025-01-29 17:08:54,583 INFO c.h.h.t.HelmChartContainer - [EVENT] Normal [ScalingReplicaSet] Scaled up replica set hivemq-test-hivemq-platform-operator-6966f96d65 from 0 to 1 [helmwebsocketsit-operator:hivemq-test-hivemq-platform-operator]
2025-01-29 17:08:54,588 INFO c.h.h.t.HelmChartContainer - [POD] hivemq-test-hivemq-platform-operator-6966f96d65-w6nbq [3e25aa9c-0956-4563-b985-4ede564925e1] in helmwebsocketsit-operator was ADDED
2025-01-29 17:08:54,599 INFO c.h.h.t.HelmChartContainer - [K3S] [memory_manager.go:355] "RemoveStaleState removing state" podUID="69ff6578-d576-4bcf-96af-d0620c1c0064" containerName="hivemq-platform-operator"
2025-01-29 17:08:54,599 INFO c.h.h.t.HelmChartContainer - [K3S] [memory_manager.go:355] "RemoveStaleState removing state" podUID="c91835bc-dab3-42f7-88da-0f52bc4e17f9" containerName="hivemq"
2025-01-29 17:08:54,599 INFO c.h.h.t.HelmChartContainer - [EVENT] Normal [SuccessfulCreate] Created pod: hivemq-test-hivemq-platform-operator-6966f96d65-w6nbq [helmwebsocketsit-operator:hivemq-test-hivemq-platform-operator-6966f96d65]
2025-01-29 17:08:54,600 INFO c.h.h.t.HelmChartContainer - [POD] hivemq-test-hivemq-platform-operator-6966f96d65-w6nbq [3e25aa9c-0956-4563-b985-4ede564925e1] in helmwebsocketsit-operator was MODIFIED
2025-01-29 17:08:54,604 INFO c.h.h.t.HelmChartContainer - [K3S] [replica_set.go:679] "Finished syncing" kind="ReplicaSet" key="helmwebsocketsit-operator/hivemq-test-hivemq-platform-operator-6966f96d65" duration="28.335945ms"
2025-01-29 17:08:54,607 INFO c.h.h.t.HelmChartContainer - [EVENT] Normal [Scheduled] Successfully assigned helmwebsocketsit-operator/hivemq-test-hivemq-platform-operator-6966f96d65-w6nbq to 864edd2a238e [helmwebsocketsit-operator:hivemq-test-hivemq-platform-operator-6966f96d65-w6nbq]
2025-01-29 17:08:54,614 INFO c.h.h.t.HelmChartContainer - [POD] hivemq-test-hivemq-platform-operator-6966f96d65-w6nbq [3e25aa9c-0956-4563-b985-4ede564925e1] in helmwebsocketsit-operator was MODIFIED
2025-01-29 17:08:54,624 INFO c.h.h.t.HelmChartContainer - [K3S] [replica_set.go:679] "Finished syncing" kind="ReplicaSet" key="helmwebsocketsit-operator/hivemq-test-hivemq-platform-operator-6966f96d65" duration="20.010767ms"
2025-01-29 17:08:54,639 INFO c.h.h.t.HelmChartContainer - [K3S] [replica_set.go:679] "Finished syncing" kind="ReplicaSet" key="helmwebsocketsit-operator/hivemq-test-hivemq-platform-operator-6966f96d65" duration="14.985147ms"
2025-01-29 17:08:54,639 INFO c.h.h.t.HelmChartContainer - [K3S] [replica_set.go:679] "Finished syncing" kind="ReplicaSet" key="helmwebsocketsit-operator/hivemq-test-hivemq-platform-operator-6966f96d65" duration="46.777µs"
2025-01-29 17:08:54,686 INFO c.h.h.t.HelmChartContainer - [K3S] [reconciler_common.go:251] "operationExecutor.VerifyControllerAttachedVolume started for volume \"kube-api-access-cjdtn\" (UniqueName: \"kubernetes.io/projected/3e25aa9c-0956-4563-b985-4ede564925e1-kube-api-access-cjdtn\") pod \"hivemq-test-hivemq-platform-operator-6966f96d65-w6nbq\" (UID: \"3e25aa9c-0956-4563-b985-4ede564925e1\") " pod="helmwebsocketsit-operator/hivemq-test-hivemq-platform-operator-6966f96d65-w6nbq"
2025-01-29 17:08:55,004 INFO c.h.h.t.HelmChartContainer - [EVENT] Normal [Pulled] Container image "docker.io/hivemq/hivemq-platform-operator-test:snapshot" already present on machine [helmwebsocketsit-operator:hivemq-test-hivemq-platform-operator-6966f96d65-w6nbq]
2025-01-29 17:08:55,005 INFO c.h.h.t.HelmChartContainer - Received Pulled event for container hivemq-platform-operator in pod hivemq-test-hivemq-platform-operator-6966f96d65-w6nbq [3e25aa9c-0956-4563-b985-4ede564925e1]
2025-01-29 17:08:56,249 INFO c.h.h.t.HelmChartContainer - [EVENT] Normal [Created] Created container: hivemq-platform-operator [helmwebsocketsit-operator:hivemq-test-hivemq-platform-operator-6966f96d65-w6nbq]
2025-01-29 17:08:56,249 INFO c.h.h.t.HelmChartContainer - Received Created event for container hivemq-platform-operator in pod hivemq-test-hivemq-platform-operator-6966f96d65-w6nbq [3e25aa9c-0956-4563-b985-4ede564925e1]
2025-01-29 17:08:57,086 INFO c.h.h.t.HelmChartContainer - [K3S] [replica_set.go:679] "Finished syncing" kind="ReplicaSet" key="helmwebsocketsit-operator/hivemq-test-hivemq-platform-operator-6966f96d65" duration="45.444µs"
2025-01-29 17:08:57,088 INFO c.h.h.t.HelmChartContainer - [POD] hivemq-test-hivemq-platform-operator-6966f96d65-w6nbq [3e25aa9c-0956-4563-b985-4ede564925e1] in helmwebsocketsit-operator was MODIFIED
2025-01-29 17:08:57,093 INFO c.h.h.t.HelmChartContainer - [EVENT] Normal [Started] Started container hivemq-platform-operator [helmwebsocketsit-operator:hivemq-test-hivemq-platform-operator-6966f96d65-w6nbq]
2025-01-29 17:08:57,094 INFO c.h.h.t.HelmChartContainer - Started log watcher for hivemq-platform-operator in pod hivemq-test-hivemq-platform-operator-6966f96d65-w6nbq [3e25aa9c-0956-4563-b985-4ede564925e1]
2025-01-29 17:08:57,094 INFO c.h.h.t.HelmChartContainer - Received Started event for container hivemq-platform-operator in pod hivemq-test-hivemq-platform-operator-6966f96d65-w6nbq [3e25aa9c-0956-4563-b985-4ede564925e1]
2025-01-29 17:08:57,095 INFO c.h.h.t.HelmChartContainer - [hivemq-test-hivemq-platform] [hivemq-platform-operator] [3e25aa9c] -------------------------------------------------------------------------
2025-01-29 17:08:57,095 INFO c.h.h.t.HelmChartContainer - [hivemq-test-hivemq-platform] [hivemq-platform-operator] [3e25aa9c] 
2025-01-29 17:08:57,095 INFO c.h.h.t.HelmChartContainer - [hivemq-test-hivemq-platform] [hivemq-platform-operator] [3e25aa9c]                   _    _  _              __  __   ____
2025-01-29 17:08:57,095 INFO c.h.h.t.HelmChartContainer - [hivemq-test-hivemq-platform] [hivemq-platform-operator] [3e25aa9c]                  | |  | |(_)            |  \/  | / __ \
2025-01-29 17:08:57,095 INFO c.h.h.t.HelmChartContainer - [hivemq-test-hivemq-platform] [hivemq-platform-operator] [3e25aa9c]                  | |__| | _ __   __ ___ | \  / || |  | |
2025-01-29 17:08:57,095 INFO c.h.h.t.HelmChartContainer - [hivemq-test-hivemq-platform] [hivemq-platform-operator] [3e25aa9c]                  |  __  || |\ \ / // _ \| |\/| || |  | |
2025-01-29 17:08:57,095 INFO c.h.h.t.HelmChartContainer - [hivemq-test-hivemq-platform] [hivemq-platform-operator] [3e25aa9c]                  | |  | || | \ V /|  __/| |  | || |__| |
2025-01-29 17:08:57,095 INFO c.h.h.t.HelmChartContainer - [hivemq-test-hivemq-platform] [hivemq-platform-operator] [3e25aa9c]                  |_|  |_||_|  \_/  \___||_|  |_| \___\_\
2025-01-29 17:08:57,095 INFO c.h.h.t.HelmChartContainer - [hivemq-test-hivemq-platform] [hivemq-platform-operator] [3e25aa9c] 
2025-01-29 17:08:57,095 INFO c.h.h.t.HelmChartContainer - [hivemq-test-hivemq-platform] [hivemq-platform-operator] [3e25aa9c] -------------------------------------------------------------------------
2025-01-29 17:08:57,095 INFO c.h.h.t.HelmChartContainer - [hivemq-test-hivemq-platform] [hivemq-platform-operator] [3e25aa9c] 
2025-01-29 17:08:57,095 INFO c.h.h.t.HelmChartContainer - [hivemq-test-hivemq-platform] [hivemq-platform-operator] [3e25aa9c]   HiveMQ Platform Operator Start Script v1.0
2025-01-29 17:08:57,095 INFO c.h.h.t.HelmChartContainer - [hivemq-test-hivemq-platform] [hivemq-platform-operator] [3e25aa9c] 
2025-01-29 17:08:57,095 INFO c.h.h.t.HelmChartContainer - [hivemq-test-hivemq-platform] [hivemq-platform-operator] [3e25aa9c] -------------------------------------------------------------------------
2025-01-29 17:08:57,095 INFO c.h.h.t.HelmChartContainer - [hivemq-test-hivemq-platform] [hivemq-platform-operator] [3e25aa9c] 
2025-01-29 17:08:57,095 INFO c.h.h.t.HelmChartContainer - [hivemq-test-hivemq-platform] [hivemq-platform-operator] [3e25aa9c]   JAVA_OPTS: -XX:+UnlockExperimentalVMOptions -XX:InitialRAMPercentage=75 -XX:MaxRAMPercentage=75 -Duser.language=en -Duser.region=US
2025-01-29 17:08:57,095 INFO c.h.h.t.HelmChartContainer - [hivemq-test-hivemq-platform] [hivemq-platform-operator] [3e25aa9c] 
2025-01-29 17:08:57,095 INFO c.h.h.t.HelmChartContainer - [hivemq-test-hivemq-platform] [hivemq-platform-operator] [3e25aa9c]   JAVA_VERSION: 21
2025-01-29 17:08:57,095 INFO c.h.h.t.HelmChartContainer - [hivemq-test-hivemq-platform] [hivemq-platform-operator] [3e25aa9c] 
2025-01-29 17:08:57,095 INFO c.h.h.t.HelmChartContainer - [hivemq-test-hivemq-platform] [hivemq-platform-operator] [3e25aa9c] -------------------------------------------------------------------------
2025-01-29 17:08:57,095 INFO c.h.h.t.HelmChartContainer - [hivemq-test-hivemq-platform] [hivemq-platform-operator] [3e25aa9c] 
2025-01-29 17:08:59,538 INFO c.h.h.t.HelmChartContainer - [hivemq-test-hivemq-platform] [hivemq-platform-operator] [3e25aa9c] 17:08:59.535 [main] DEBUG org.jboss.logging - Logging Provider: org.jboss.logging.Slf4jLoggerProvider
2025-01-29 17:08:59,642 INFO c.h.h.t.HelmChartContainer - [hivemq-test-hivemq-platform] [hivemq-platform-operator] [3e25aa9c] 17:08:59.641 [main] DEBUG io.smallrye.config - SRCFG01006: Loaded ConfigSource SysPropConfigSource with ordinal 400
2025-01-29 17:08:59,642 INFO c.h.h.t.HelmChartContainer - [hivemq-test-hivemq-platform] [hivemq-platform-operator] [3e25aa9c] 17:08:59.641 [main] DEBUG io.smallrye.config - SRCFG01006: Loaded ConfigSource EnvConfigSource with ordinal 300
2025-01-29 17:08:59,642 INFO c.h.h.t.HelmChartContainer - [hivemq-test-hivemq-platform] [hivemq-platform-operator] [3e25aa9c] 17:08:59.641 [main] DEBUG io.smallrye.config - SRCFG01006: Loaded ConfigSource PropertiesConfigSource[source=jar:file:///opt/hivemq-platform-operator/bin/hivemq-platform-operator.jar!/hivemq-platform-operator.properties] with ordinal 100
2025-01-29 17:08:59,642 INFO c.h.h.t.HelmChartContainer - [hivemq-test-hivemq-platform] [hivemq-platform-operator] [3e25aa9c] 17:08:59.641 [main] DEBUG io.smallrye.config - SRCFG01006: Loaded ConfigSource DefaultValuesConfigSource with ordinal -2147483648
2025-01-29 17:08:59,752 INFO c.h.h.t.HelmChartContainer - [hivemq-test-hivemq-platform] [hivemq-platform-operator] [3e25aa9c] 17:08:59.750 [main] DEBUG i.m.c.u.i.l.InternalLoggerFactory - Using SLF4J as the default logging framework
2025-01-29 17:08:59,924 INFO c.h.h.t.HelmChartContainer - [hivemq-test-hivemq-platform] [hivemq-platform-operator] [3e25aa9c] 17:08:59.846 [main] INFO  c.h.p.o.HiveMQPlatformOperatorApplication - HiveMQ Platform Operator 1.7.0-SNAPSHOT (commit: 8465ebf on branch: HEAD) built on Wed Jan 29 16:56:31 UTC 2025
2025-01-29 17:08:59,926 INFO c.h.h.t.HelmChartContainer - [hivemq-test-hivemq-platform] [hivemq-platform-operator] [3e25aa9c] 17:08:59.923 [main] INFO  c.h.p.o.HiveMQPlatformOperatorApplication - HiveMQ Platform Operator is running in namespace: helmwebsocketsit-operator
2025-01-29 17:08:59,926 INFO c.h.h.t.HelmChartContainer - [hivemq-test-hivemq-platform] [hivemq-platform-operator] [3e25aa9c] 17:08:59.926 [main] INFO  c.h.p.o.HiveMQPlatformOperatorApplication - Watching all namespaces
2025-01-29 17:08:59,926 INFO c.h.h.t.HelmChartContainer - [hivemq-test-hivemq-platform] [hivemq-platform-operator] [3e25aa9c] 17:08:59.926 [main] INFO  c.h.p.o.HiveMQPlatformOperatorApplication - Log level: DEBUG
2025-01-29 17:08:59,927 INFO c.h.h.t.HelmChartContainer - [hivemq-test-hivemq-platform] [hivemq-platform-operator] [3e25aa9c] 17:08:59.926 [main] INFO  c.h.p.o.HiveMQPlatformOperatorApplication - Release name: test-hivemq-platform-operator
2025-01-29 17:08:59,927 INFO c.h.h.t.HelmChartContainer - [hivemq-test-hivemq-platform] [hivemq-platform-operator] [3e25aa9c] 17:08:59.926 [main] INFO  c.h.p.o.HiveMQPlatformOperatorApplication - HiveMQ Platform Operator Init image: docker.io/hivemq/hivemq-platform-operator-init-test:snapshot
2025-01-29 17:08:59,928 INFO c.h.h.t.HelmChartContainer - [hivemq-test-hivemq-platform] [hivemq-platform-operator] [3e25aa9c] 17:08:59.926 [main] INFO  c.h.p.o.HiveMQPlatformOperatorApplication - HiveMQ Platform Operator Init App update URL: http://hivemq-platform-operator-test-hivemq-platform-operator.helmwebsocketsit-operator.svc:8080/initAppUpdate/hivemq-platform-operator-init-app-1.7.0-SNAPSHOT.jar
2025-01-29 17:08:59,928 INFO c.h.h.t.HelmChartContainer - [hivemq-test-hivemq-platform] [hivemq-platform-operator] [3e25aa9c] 17:08:59.926 [main] INFO  c.h.p.o.HiveMQPlatformOperatorApplication - Additional imagePullSecret for all Platform deployments: none
2025-01-29 17:08:59,928 INFO c.h.h.t.HelmChartContainer - [hivemq-test-hivemq-platform] [hivemq-platform-operator] [3e25aa9c] 17:08:59.926 [main] INFO  c.h.p.o.HiveMQPlatformOperatorApplication - Apply HiveMQ Platform CRD: true
2025-01-29 17:08:59,928 INFO c.h.h.t.HelmChartContainer - [hivemq-test-hivemq-platform] [hivemq-platform-operator] [3e25aa9c] 17:08:59.926 [main] INFO  c.h.p.o.HiveMQPlatformOperatorApplication - Create Platform ServiceAccount: true
2025-01-29 17:08:59,928 INFO c.h.h.t.HelmChartContainer - [hivemq-test-hivemq-platform] [hivemq-platform-operator] [3e25aa9c] 17:08:59.926 [main] INFO  c.h.p.o.HiveMQPlatformOperatorApplication - Create Platform ServiceAccount permissions: true
2025-01-29 17:08:59,928 INFO c.h.h.t.HelmChartContainer - [hivemq-test-hivemq-platform] [hivemq-platform-operator] [3e25aa9c] 17:08:59.926 [main] INFO  c.h.p.o.HiveMQPlatformOperatorApplication - Validate Platform ServiceAccount: true
2025-01-29 17:08:59,928 INFO c.h.h.t.HelmChartContainer - [hivemq-test-hivemq-platform] [hivemq-platform-operator] [3e25aa9c] 17:08:59.926 [main] INFO  c.h.p.o.HiveMQPlatformOperatorApplication - Validate Platform ServiceAccount permissions: true
2025-01-29 17:09:00,036 INFO c.h.h.t.HelmChartContainer - [hivemq-test-hivemq-platform] [hivemq-platform-operator] [3e25aa9c] 17:09:00.035 [main] INFO  c.h.platform.operator.util.CRDUtil - Verifying deployed HiveMQ Platform CRD...
2025-01-29 17:09:02,639 INFO c.h.h.t.HelmChartContainer - [hivemq-test-hivemq-platform] [hivemq-platform-operator] [3e25aa9c] 17:09:02.637 [main] DEBUG c.h.platform.operator.util.CRDUtil - HiveMQ Platform CRD version v1 is up to date
2025-01-29 17:09:02,639 INFO c.h.h.t.HelmChartContainer - [hivemq-test-hivemq-platform] [hivemq-platform-operator] [3e25aa9c] 17:09:02.637 [main] INFO  c.h.platform.operator.util.CRDUtil - HiveMQ Platform CRD is up to date (version: V1_6_0)
2025-01-29 17:09:02,639 INFO c.h.h.t.HelmChartContainer - [hivemq-test-hivemq-platform] [hivemq-platform-operator] [3e25aa9c] 17:09:02.637 [main] INFO  c.h.platform.operator.util.CRDUtil - Waiting 10000 ms for HiveMQ Platform CRD 'hivemq-platforms.hivemq.com' to become ready...
2025-01-29 17:09:02,938 INFO c.h.h.t.HelmChartContainer - [hivemq-test-hivemq-platform] [hivemq-platform-operator] [3e25aa9c] 17:09:02.936 [vert.x-eventloop-thread-1] DEBUG c.h.platform.operator.util.CRDUtil - Checking CRD condition 'NamesAccepted' (status: 'True')
2025-01-29 17:09:02,940 INFO c.h.h.t.HelmChartContainer - [hivemq-test-hivemq-platform] [hivemq-platform-operator] [3e25aa9c] 17:09:02.937 [vert.x-eventloop-thread-1] DEBUG c.h.platform.operator.util.CRDUtil - Checking CRD condition 'Established' (status: 'True')
2025-01-29 17:09:02,940 INFO c.h.h.t.HelmChartContainer - [hivemq-test-hivemq-platform] [hivemq-platform-operator] [3e25aa9c] 17:09:02.938 [main] INFO  c.h.platform.operator.util.CRDUtil - HiveMQ Platform CRD 'hivemq-platforms.hivemq.com' is ready
2025-01-29 17:09:03,142 INFO c.h.h.t.HelmChartContainer - [hivemq-test-hivemq-platform] [hivemq-platform-operator] [3e25aa9c] 17:09:03.140 [main] INFO  c.h.p.o.HiveMQPlatformReconciler - HiveMQ Platform Operator is starting...
2025-01-29 17:09:03,244 INFO c.h.h.t.HelmChartContainer - [hivemq-test-hivemq-platform] [hivemq-platform-operator] [3e25aa9c] 17:09:03.243 [main] WARN  Default ConfigurationService implementation - Configuration for reconciler 'hivemq-controller' was not found. Known reconcilers: None.
2025-01-29 17:09:03,330 INFO c.h.h.t.HelmChartContainer - [hivemq-test-hivemq-platform] [hivemq-platform-operator] [3e25aa9c] 17:09:03.329 [main] INFO  Default ConfigurationService implementation - Created configuration for reconciler com.hivemq.platform.operator.HiveMQPlatformReconciler with name hivemq-controller
2025-01-29 17:09:03,431 INFO c.h.h.t.HelmChartContainer - [hivemq-test-hivemq-platform] [hivemq-platform-operator] [3e25aa9c] 17:09:03.430 [main] DEBUG c.h.p.o.HiveMQPlatformReconciler - HiveMQ Platform Operator is preparing EventSources
2025-01-29 17:09:03,443 INFO c.h.h.t.HelmChartContainer - [hivemq-test-hivemq-platform] [hivemq-platform-operator] [3e25aa9c] 17:09:03.442 [main] INFO  i.javaoperatorsdk.operator.Operator - Registered reconciler: 'hivemq-controller' for resource: 'class com.hivemq.platform.operator.v1.HiveMQPlatform' for namespace(s): [all namespaces]
2025-01-29 17:09:04,126 INFO c.h.h.t.HelmChartContainer - [hivemq-test-hivemq-platform] [hivemq-platform-operator] [3e25aa9c] 17:09:04.122 [main] INFO  c.h.p.operator.webserver.JettyServer - Starting Jetty server on port 8080
2025-01-29 17:09:04,146 INFO c.h.h.t.HelmChartContainer - [hivemq-test-hivemq-platform] [hivemq-platform-operator] [3e25aa9c] 17:09:04.145 [main] INFO  i.javaoperatorsdk.operator.Operator - Operator SDK 4.9.7 (commit: 2133d28) built on Wed Nov 20 12:56:20 UTC 2024 starting...
2025-01-29 17:09:04,146 INFO c.h.h.t.HelmChartContainer - [hivemq-test-hivemq-platform] [hivemq-platform-operator] [3e25aa9c] 17:09:04.145 [main] INFO  i.javaoperatorsdk.operator.Operator - Client version: 6.13.5
2025-01-29 17:09:04,148 INFO c.h.h.t.HelmChartContainer - [hivemq-test-hivemq-platform] [hivemq-platform-operator] [3e25aa9c] 17:09:04.147 [Controller Starter for: hivemq-controller] INFO  i.j.operator.processing.Controller - Starting 'hivemq-controller' controller for reconciler: com.hivemq.platform.operator.HiveMQPlatformReconciler, resource: com.hivemq.platform.operator.v1.HiveMQPlatform
2025-01-29 17:09:06,635 INFO c.h.h.t.HelmChartContainer - [hivemq-test-hivemq-platform] [hivemq-platform-operator] [3e25aa9c] 17:09:06.633 [Controller Starter for: hivemq-controller] INFO  i.j.operator.processing.Controller - 'hivemq-controller' controller started
2025-01-29 17:09:06,636 INFO c.h.h.t.HelmChartContainer - [hivemq-test-hivemq-platform] [hivemq-platform-operator] [3e25aa9c] 17:09:06.635 [main] INFO  c.h.p.o.HiveMQPlatformOperatorApplication - HiveMQ Platform Operator 1.7.0-SNAPSHOT started in 6789 ms
2025-01-29 17:09:08,093 INFO c.h.h.t.HelmChartContainer - [POD] hivemq-test-hivemq-platform-operator-6966f96d65-w6nbq [3e25aa9c-0956-4563-b985-4ede564925e1] in helmwebsocketsit-operator was MODIFIED
2025-01-29 17:09:08,103 INFO c.h.h.t.HelmChartContainer - [K3S] [replica_set.go:679] "Finished syncing" kind="ReplicaSet" key="helmwebsocketsit-operator/hivemq-test-hivemq-platform-operator-6966f96d65" duration="11.725387ms"
2025-01-29 17:09:08,103 INFO c.h.h.t.HelmChartContainer - [K3S] [replica_set.go:679] "Finished syncing" kind="ReplicaSet" key="helmwebsocketsit-operator/hivemq-test-hivemq-platform-operator-6966f96d65" duration="39.223µs"
2025-01-29 17:09:09,051 DEBUG c.h.helmcharts.util.CertificatesUtil - ..+...+.......+++++++++++++++++++++++++++++++++++++++++++++++++++++++++++++++++*..........+.....+....+...+++++++++++++++++++++++++++++++++++++++++++++++++++++++++++++++++*...+......+......+...+.+.........+..+...............+......+.........+.+...+......+........+..........+...+..+......+....+..................+.....+.......+..+.+.........+......+...+..+.......+...+.....+.............+.....+.+...+...........+.........+...............+............+...+.............+...+.....+....+..+......+..................+.+....................+.+.........+.....+.............+...+..+.......+......+...+...........+.............+..+....+..+...+.+........+......+..........+.....+.......+........+.+......+..+......+.......+........+..........+..+.......+........+...+..........+.....+.+......+.........+......+..+...+.........+...+..........+......+.........+..+....+..+.......+..+..........+......+..+.+..+..........+........+.+......+...+++++++++++++++++++++++++++++++++++++++++++++++++++++++++++++++++
2025-01-29 17:09:09,125 DEBUG c.h.helmcharts.util.CertificatesUtil - ...............+++++++++++++++++++++++++++++++++++++++++++++++++++++++++++++++++*.......+...............+...+......+...+...+++++++++++++++++++++++++++++++++++++++++++++++++++++++++++++++++*.........+...+...+.........+.+............+............+..+.+..+...+....+......+........+....+..+...+................+..+....+...+...+........+...............+......+....+......+.....+......+.......+..+....+..+.......+..+......+....+.........+......+++++++++++++++++++++++++++++++++++++++++++++++++++++++++++++++++
2025-01-29 17:09:09,128 DEBUG c.h.helmcharts.util.CertificatesUtil - -----
2025-01-29 17:09:09,153 DEBUG c.h.helmcharts.util.CertificatesUtil - Certificate request self-signature ok
2025-01-29 17:09:09,154 DEBUG c.h.helmcharts.util.CertificatesUtil - subject=C = CA, CN = secure-service-platform.default.svc
2025-01-29 17:09:09,158 DEBUG c.h.helmcharts.util.CertificatesUtil - >> Generating keystore and truststore files
2025-01-29 17:09:09,290 DEBUG c.h.helmcharts.util.CertificatesUtil - Importing keystore key.pkcs12 to keystore.jks...
2025-01-29 17:09:09,399 DEBUG c.h.helmcharts.util.CertificatesUtil - Entry for alias 1 successfully imported.
2025-01-29 17:09:09,406 DEBUG c.h.helmcharts.util.CertificatesUtil - Import command completed:  1 entries successfully imported, 0 entries failed or cancelled
2025-01-29 17:09:09,414 DEBUG c.h.helmcharts.util.CertificatesUtil - 
2025-01-29 17:09:09,414 DEBUG c.h.helmcharts.util.CertificatesUtil - Warning:
2025-01-29 17:09:09,414 DEBUG c.h.helmcharts.util.CertificatesUtil - The JKS keystore uses a proprietary format. It is recommended to migrate to PKCS12 which is an industry standard format using "keytool -importkeystore -srckeystore keystore.jks -destkeystore keystore.jks -deststoretype pkcs12".
2025-01-29 17:09:09,665 DEBUG c.h.helmcharts.util.CertificatesUtil - Certificate stored in file <secure-service-platform.pem>
2025-01-29 17:09:09,849 DEBUG c.h.helmcharts.util.CertificatesUtil - Certificate was added to keystore
2025-01-29 17:09:10,259 DEBUG c.h.helmcharts.util.CertificatesUtil - Certificate was added to keystore
2025-01-29 17:09:10,557 DEBUG c.h.helmcharts.util.CertificatesUtil - >> Create client certificates
2025-01-29 17:09:10,612 DEBUG c.h.helmcharts.util.CertificatesUtil - ..+......+.....+....+.................+...+++++++++++++++++++++++++++++++++++++++++++++++++++++++++++++++++*....+++++++++++++++++++++++++++++++++++++++++++++++++++++++++++++++++*.+.+............+...+..+.......+.....+.+...+.....+......+..................+...+...+................+...+...+...+.....+......+...+...+...+++++++++++++++++++++++++++++++++++++++++++++++++++++++++++++++++
2025-01-29 17:09:11,070 DEBUG c.h.helmcharts.util.CertificatesUtil - ...+......+..+......+......+.+...+.........+..+...+......+++++++++++++++++++++++++++++++++++++++++++++++++++++++++++++++++*......+...+..+.........+...........................................+..+....+.....+..........+.........+..+.........+.+.....+...+......+....+...+..+...+.......+..+......+.........+..........+........+...+...+....+...+........+.+......+..+++++++++++++++++++++++++++++++++++++++++++++++++++++++++++++++++*.........+......+.........+......+......+...................+.....+....+......+........+.+...........+.+..+......+................+..................+..+......+...+.......+..+...+....+.....+..........+...+...............+...+...+.....+...................+...+.....+.............+..+.......+..+...+...+....+.........+.....+.......+..+.+.............................+...+.......+..+.+.....+...+.+...+......+...........+.+..+...+.......+.....+.......+...........+...+.+.....+.+..................+.........+........+...+.+...........+.........+...+..........+......+.....+.......+...+......+...+............+.....+.+...+............+........+.+......+...+.....+.........+...+.......+........+...............+....+.........+..............+......+.+...+...+.....+.......+..+.+.....+...+....+...+.........+........+.............+..+......+......................+..+.+......+.....+......+....+...+..+....+..+.........+.+...+..+.........+...+......+.+.........+......+...+......+......+.....+....+...........+...+...+.............+.........+.....+.+.....................+...........+...+.+...+...........+.......+.........+...+........+...............+...+....+.....+.+...........+....+......+...+......+.....+....+..+....+............+..+.+..+...................+...+..+....+...........+...+..........+..+.........+.......+.........+..............+......+.+..+.+......+...+............+...+..+.+........+....+...+.........+.....+...+...+..........+..+.......+..............+......+.........+.+...+.....+......+.+...+..+.+.....+...............+............+.+.....+.......+...+.........+...+..+............+.+........+.+......+.....+....+......+.....+............+...............+..........+.....+............+...+.......+..............+.......+........+......+....+.........+...+..+.+...............+.....+.+......+.....+..........+..+.......+........+......+....+..+......+....+.........+...........+..................+.+..............+.+.....+.+.....+.+..............+.+..+...+...+......+.+........+.+......+...+...........+.+.....+............+.+..+++++++++++++++++++++++++++++++++++++++++++++++++++++++++++++++++
2025-01-29 17:09:11,073 DEBUG c.h.helmcharts.util.CertificatesUtil - -----
2025-01-29 17:09:11,100 DEBUG c.h.helmcharts.util.CertificatesUtil - >> Import the certificates
2025-01-29 17:09:11,428 DEBUG c.h.helmcharts.util.CertificatesUtil - Certificate was added to keystore
2025-01-29 17:09:11,595 DEBUG c.h.h.t.HelmChartContainer - Executing helm command: /bin/helm --kubeconfig /etc/rancher/k3s/k3s.yaml install test-hivemq-platform /charts/hivemq-platform --wait --timeout 5m0s --set image.repository=docker.io/hivemq --set image.tag=4.36.0 --set image.pullPolicy=Never --set nodes.resources.cpu=512m -f /files/tls-ws-values.yaml --namespace helmwebsocketsit
2025-01-29 17:09:11,848 INFO c.h.h.t.HelmChartContainer - [hivemq-test-hivemq-platform] [hivemq-platform-operator] [3e25aa9c] 17:09:11.842 [-2082509879-pool-1-thread-2] WARN  i.m.p.PrometheusMeterRegistry - The meter (MeterId{name='operator.sdk.events.received', tags=[tag(action=ADDED),tag(event=ResourceEvent),tag(group=hivemq.com),tag(kind=HiveMQPlatform),tag(name=test-hivemq-platform),tag(namespace=helmwebsocketsit),tag(scope=namespace),tag(version=v1)]}) registration has failed: Prometheus requires that all meters with the same name have the same set of tag keys. There is already an existing meter named 'operator.sdk.events.received' containing tag keys [event, group, kind, name, namespace, scope, version]. The meter you are attempting to register has keys [action, event, group, kind, name, namespace, scope, version]. Note that subsequent logs will be logged at debug level.
2025-01-29 17:09:12,425 INFO c.h.h.t.HelmChartContainer - [hivemq-test-hivemq-platform] [hivemq-platform-operator] [3e25aa9c] 17:09:12.424 [pool-6-thread-3] DEBUG c.h.p.o.dependants.PodInfoConfigMap - [helmwebs] Desired PodInfo ConfigMap (1 extensions) (1 enabled)
2025-01-29 17:09:12,425 INFO c.h.h.t.HelmChartContainer - [hivemq-test-hivemq-platform] [hivemq-platform-operator] [3e25aa9c] 17:09:12.424 [pool-6-thread-3] DEBUG c.h.p.o.dependants.PodInfoConfigMap - [helmwebs] Desired PodInfo ConfigMap (metrics port: 9399) (metrics path: /)
2025-01-29 17:09:12,425 INFO c.h.h.t.HelmChartContainer - [hivemq-test-hivemq-platform] [hivemq-platform-operator] [3e25aa9c] 17:09:12.424 [pool-6-thread-3] DEBUG c.h.p.o.dependants.PodInfoConfigMap - [helmwebs] Desired PodInfo ConfigMap (extension state hash: -1817474005)
2025-01-29 17:09:12,427 INFO c.h.h.t.HelmChartContainer - [hivemq-test-hivemq-platform] [hivemq-platform-operator] [3e25aa9c] 17:09:12.426 [pool-6-thread-3] DEBUG c.h.p.o.dependants.PodInfoConfigMap - [helmwebs] Create PodInfo ConfigMap
2025-01-29 17:09:12,532 INFO c.h.h.t.HelmChartContainer - [hivemq-test-hivemq-platform] [hivemq-platform-operator] [3e25aa9c] 17:09:12.529 [pool-6-thread-5] DEBUG c.h.p.o.dependants.PodRoleResource - [helmwebs] Create Role: Role(apiVersion=rbac.authorization.k8s.io/v1, kind=Role, metadata=ObjectMeta(annotations={meta.helm.sh/release-name=test-hivemq-platform, meta.helm.sh/release-namespace=helmwebsocketsit}, creationTimestamp=null, deletionGracePeriodSeconds=null, deletionTimestamp=null, finalizers=[], generateName=null, generation=null, labels={helm.sh/chart=hivemq-platform-0.2.32, app.kubernetes.io/managed-by=Helm, app.kubernetes.io/name=hivemq-platform, hivemq-platform=test-hivemq-platform, app.kubernetes.io/instance=test-hivemq-platform, app.kubernetes.io/version=4.36.0}, managedFields=[], name=hivemq-platform-role-test-hivemq-platform, namespace=helmwebsocketsit, ownerReferences=[OwnerReference(apiVersion=hivemq.com/v1, blockOwnerDeletion=null, controller=null, kind=HiveMQPlatform, name=test-hivemq-platform, uid=e591c392-abdc-40be-9275-aa657102091c, additionalProperties={})], resourceVersion=null, selfLink=null, uid=null, additionalProperties={}), rules=[PolicyRule(apiGroups=[], nonResourceURLs=[], resourceNames=[], resources=[pods], verbs=[get, patch, update], additionalProperties={})], additionalProperties={})
2025-01-29 17:09:12,632 INFO c.h.h.t.HelmChartContainer - [hivemq-test-hivemq-platform] [hivemq-platform-operator] [3e25aa9c] 17:09:12.631 [pool-6-thread-7] DEBUG c.h.p.o.d.PodServiceAccountResource - [helmwebs] Desired PodServiceAccountResource (serviceAccountName: hivemq-platform-pod-test-hivemq-platform)
2025-01-29 17:09:12,635 INFO c.h.h.t.HelmChartContainer - [hivemq-test-hivemq-platform] [hivemq-platform-operator] [3e25aa9c] 17:09:12.632 [pool-6-thread-7] DEBUG c.h.p.o.d.PodServiceAccountResource - [helmwebs] Create ServiceAccount 'hivemq-platform-pod-test-hivemq-platform'
2025-01-29 17:09:12,739 INFO c.h.h.t.HelmChartContainer - [hivemq-test-hivemq-platform] [hivemq-platform-operator] [3e25aa9c] 17:09:12.738 [pool-6-thread-9] DEBUG c.h.p.o.d.PodRoleBindingResource - [helmwebs] Create RoleBinding: RoleBinding(apiVersion=rbac.authorization.k8s.io/v1, kind=RoleBinding, metadata=ObjectMeta(annotations={meta.helm.sh/release-name=test-hivemq-platform, meta.helm.sh/release-namespace=helmwebsocketsit}, creationTimestamp=null, deletionGracePeriodSeconds=null, deletionTimestamp=null, finalizers=[], generateName=null, generation=null, labels={helm.sh/chart=hivemq-platform-0.2.32, app.kubernetes.io/managed-by=Helm, app.kubernetes.io/name=hivemq-platform, hivemq-platform=test-hivemq-platform, app.kubernetes.io/instance=test-hivemq-platform, app.kubernetes.io/version=4.36.0}, managedFields=[], name=hivemq-platform-role-binding-test-hivemq-platform, namespace=helmwebsocketsit, ownerReferences=[OwnerReference(apiVersion=hivemq.com/v1, blockOwnerDeletion=null, controller=null, kind=HiveMQPlatform, name=test-hivemq-platform, uid=e591c392-abdc-40be-9275-aa657102091c, additionalProperties={})], resourceVersion=null, selfLink=null, uid=null, additionalProperties={}), roleRef=RoleRef(apiGroup=rbac.authorization.k8s.io, kind=Role, name=hivemq-platform-role-test-hivemq-platform, additionalProperties={}), subjects=[Subject(apiGroup=null, kind=ServiceAccount, name=hivemq-platform-pod-test-hivemq-platform, namespace=helmwebsocketsit, additionalProperties={})], additionalProperties={})
2025-01-29 17:09:12,823 INFO c.h.h.t.HelmChartContainer - [hivemq-test-hivemq-platform] [hivemq-platform-operator] [3e25aa9c] 17:09:12.822 [ReconcilerExecutor-hivemq-controller-53] INFO  c.h.p.o.HiveMQPlatformReconciler - [helmwebs] Reconciling HiveMQ Platform 'test-hivemq-platform' in namespace 'helmwebsocketsit'
2025-01-29 17:09:12,824 INFO c.h.h.t.HelmChartContainer - [hivemq-test-hivemq-platform] [hivemq-platform-operator] [3e25aa9c] 17:09:12.823 [ReconcilerExecutor-hivemq-controller-53] DEBUG c.h.p.o.HiveMQPlatformReconciler - [helmwebs] Custom Resource Status CREATED - HiveMQ Platform was created (READY)
2025-01-29 17:09:12,824 INFO c.h.h.t.HelmChartContainer - [hivemq-test-hivemq-platform] [hivemq-platform-operator] [3e25aa9c] 17:09:12.823 [ReconcilerExecutor-hivemq-controller-53] DEBUG c.h.p.o.HiveMQPlatformReconciler - [helmwebs] Custom Resource Spec (replicas: 1) (extensions: 1)
2025-01-29 17:09:12,830 INFO c.h.h.t.HelmChartContainer - [hivemq-test-hivemq-platform] [hivemq-platform-operator] [3e25aa9c] 17:09:12.829 [ReconcilerExecutor-hivemq-controller-53] INFO  c.h.p.o.h.HiveMQPlatformReconcilerBaseHandler - [helmwebs] HiveMQ Platform is starting
2025-01-29 17:09:12,931 INFO c.h.h.t.HelmChartContainer - [hivemq-test-hivemq-platform] [hivemq-platform-operator] [3e25aa9c] 17:09:12.930 [ReconcilerExecutor-hivemq-controller-53] DEBUG c.h.p.operator.event.EventSender - [helmwebs] Creating K8s event hivemq-platform-starting: [Start] HiveMQ Platform is starting
2025-01-29 17:09:12,943 INFO c.h.h.t.HelmChartContainer - [EVENT] Normal [Start] HiveMQ Platform is starting [helmwebsocketsit:test-hivemq-platform]
2025-01-29 17:09:13,025 INFO c.h.h.t.HelmChartContainer - [hivemq-test-hivemq-platform] [hivemq-platform-operator] [3e25aa9c] 17:09:13.024 [ReconcilerExecutor-hivemq-controller-53] INFO  c.h.p.o.h.AbstractHiveMQReconcilerStateHandler - [helmwebs] Update HiveMQ Platform Status (CREATED [READY] -> STARTING [READY]): HiveMQ Platform is starting
2025-01-29 17:09:13,055 DEBUG com.hivemq.helmcharts.util.K8sUtil - Comparing actual state 'STARTING' and waiting for 'RUNNING'
2025-01-29 17:09:23,137 INFO c.h.h.t.HelmChartContainer - [hivemq-test-hivemq-platform] [hivemq-platform-operator] [3e25aa9c] 17:09:23.134 [pool-6-thread-12] DEBUG c.h.p.o.d.PlatformServiceResource - [helmwebs] Desired Platform services (4 services)
2025-01-29 17:09:23,140 INFO c.h.h.t.HelmChartContainer - [hivemq-test-hivemq-platform] [hivemq-platform-operator] [3e25aa9c] 17:09:23.135 [pool-6-thread-13] DEBUG c.h.p.o.dependants.PodInfoConfigMap - [helmwebs] Desired PodInfo ConfigMap (1 extensions) (1 enabled)
2025-01-29 17:09:23,140 INFO c.h.h.t.HelmChartContainer - [hivemq-test-hivemq-platform] [hivemq-platform-operator] [3e25aa9c] 17:09:23.135 [pool-6-thread-13] DEBUG c.h.p.o.dependants.PodInfoConfigMap - [helmwebs] Desired PodInfo ConfigMap (metrics port: 9399) (metrics path: /)
2025-01-29 17:09:23,140 INFO c.h.h.t.HelmChartContainer - [hivemq-test-hivemq-platform] [hivemq-platform-operator] [3e25aa9c] 17:09:23.135 [pool-6-thread-13] DEBUG c.h.p.o.dependants.PodInfoConfigMap - [helmwebs] Desired PodInfo ConfigMap (extension state hash: -1817474005)
2025-01-29 17:09:23,142 INFO c.h.h.t.HelmChartContainer - [hivemq-test-hivemq-platform] [hivemq-platform-operator] [3e25aa9c] 17:09:23.141 [pool-6-thread-13] DEBUG c.h.p.o.dependants.PodInfoConfigMap - [helmwebs] Update PodInfo ConfigMap
2025-01-29 17:09:23,144 INFO c.h.h.t.HelmChartContainer - [hivemq-test-hivemq-platform] [hivemq-platform-operator] [3e25aa9c] 17:09:23.143 [pool-6-thread-17] DEBUG c.h.p.o.d.PodServiceAccountResource - [helmwebs] Desired PodServiceAccountResource (serviceAccountName: hivemq-platform-pod-test-hivemq-platform)
2025-01-29 17:09:23,245 INFO c.h.h.t.HelmChartContainer - [K3S] [alloc.go:330] "allocated clusterIPs" service="helmwebsocketsit/hivemq-test-hivemq-platform-metrics-9399" clusterIPs={"IPv4":"10.43.73.156"}
2025-01-29 17:09:23,336 INFO c.h.h.t.HelmChartContainer - [K3S] [alloc.go:330] "allocated clusterIPs" service="helmwebsocketsit/hivemq-test-hivemq-platform-ws-8004" clusterIPs={"IPv4":"10.43.26.219"}
2025-01-29 17:09:23,432 INFO c.h.h.t.HelmChartContainer - [K3S] [alloc.go:330] "allocated clusterIPs" service="helmwebsocketsit/hivemq-test-hivemq-platform-ws-8003" clusterIPs={"IPv4":"10.43.45.177"}
2025-01-29 17:09:23,446 INFO c.h.h.t.HelmChartContainer - [K3S] [alloc.go:330] "allocated clusterIPs" service="helmwebsocketsit/hivemq-test-hivemq-platform-ws-8002" clusterIPs={"IPv4":"10.43.131.102"}
2025-01-29 17:09:23,530 INFO c.h.h.t.HelmChartContainer - [hivemq-test-hivemq-platform] [hivemq-platform-operator] [3e25aa9c] 17:09:23.529 [pool-6-thread-20] DEBUG c.h.p.o.d.StatefulSetResource - [helmwebs] Desired StatefulSet (1 replicas) for status STARTING (READY)
2025-01-29 17:09:23,543 INFO c.h.h.t.HelmChartContainer - [hivemq-test-hivemq-platform] [hivemq-platform-operator] [3e25aa9c] 17:09:23.542 [pool-6-thread-20] DEBUG c.h.p.o.d.StatefulSetResource - [helmwebs] Create StatefulSet
2025-01-29 17:09:23,646 INFO c.h.h.t.HelmChartContainer - [hivemq-test-hivemq-platform] [hivemq-platform-operator] [3e25aa9c] 17:09:23.645 [ReconcilerExecutor-hivemq-controller-64] INFO  c.h.p.o.HiveMQPlatformReconciler - [helmwebs] Reconciling HiveMQ Platform 'test-hivemq-platform' in namespace 'helmwebsocketsit'
2025-01-29 17:09:23,647 INFO c.h.h.t.HelmChartContainer - [hivemq-test-hivemq-platform] [hivemq-platform-operator] [3e25aa9c] 17:09:23.645 [ReconcilerExecutor-hivemq-controller-64] DEBUG c.h.p.o.HiveMQPlatformReconciler - [helmwebs] Custom Resource Status STARTING - HiveMQ Platform is starting (READY)
2025-01-29 17:09:23,647 INFO c.h.h.t.HelmChartContainer - [hivemq-test-hivemq-platform] [hivemq-platform-operator] [3e25aa9c] 17:09:23.645 [ReconcilerExecutor-hivemq-controller-64] DEBUG c.h.p.o.HiveMQPlatformReconciler - [helmwebs] Custom Resource Spec (replicas: 1) (extensions: 1)
2025-01-29 17:09:23,652 INFO c.h.h.t.HelmChartContainer - [POD] test-hivemq-platform-0 [155c2a41-9bc4-4719-9e95-e599390f77b5] in helmwebsocketsit was ADDED
2025-01-29 17:09:23,655 INFO c.h.h.t.HelmChartContainer - [EVENT] Normal [SuccessfulCreate] create Pod test-hivemq-platform-0 in StatefulSet test-hivemq-platform successful [helmwebsocketsit:test-hivemq-platform]
2025-01-29 17:09:23,656 INFO c.h.h.t.HelmChartContainer - [POD] test-hivemq-platform-0 [155c2a41-9bc4-4719-9e95-e599390f77b5] in helmwebsocketsit was MODIFIED
2025-01-29 17:09:23,657 INFO c.h.h.t.HelmChartContainer - [EVENT] Normal [Scheduled] Successfully assigned helmwebsocketsit/test-hivemq-platform-0 to 864edd2a238e [helmwebsocketsit:test-hivemq-platform-0]
2025-01-29 17:09:23,671 INFO c.h.h.t.HelmChartContainer - [POD] test-hivemq-platform-0 [155c2a41-9bc4-4719-9e95-e599390f77b5] in helmwebsocketsit was MODIFIED
2025-01-29 17:09:23,731 INFO c.h.h.t.HelmChartContainer - [hivemq-test-hivemq-platform] [hivemq-platform-operator] [3e25aa9c] 17:09:23.730 [ReconcilerExecutor-hivemq-controller-64] DEBUG c.h.p.o.HiveMQPlatformReconciler - [helmwebs] StatefulSet Status (revision: null, replicas: 0, available: 0, ready: 0, current: 0, updated: 0)
2025-01-29 17:09:23,735 INFO c.h.h.t.HelmChartContainer - [hivemq-test-hivemq-platform] [hivemq-platform-operator] [3e25aa9c] 17:09:23.731 [ReconcilerExecutor-hivemq-controller-64] DEBUG c.h.p.o.HiveMQPlatformReconciler - [helmwebs] StatefulSet Spec (replicas: 1, init containers: 1, containers: 1, volumes: 7)
2025-01-29 17:09:23,758 INFO c.h.h.t.HelmChartContainer - [K3S] [reconciler_common.go:251] "operationExecutor.VerifyControllerAttachedVolume started for volume \"ws-keystore-8003\" (UniqueName: \"kubernetes.io/secret/155c2a41-9bc4-4719-9e95-e599390f77b5-ws-keystore-8003\") pod \"test-hivemq-platform-0\" (UID: \"155c2a41-9bc4-4719-9e95-e599390f77b5\") " pod="helmwebsocketsit/test-hivemq-platform-0"
2025-01-29 17:09:23,758 INFO c.h.h.t.HelmChartContainer - [K3S] [reconciler_common.go:251] "operationExecutor.VerifyControllerAttachedVolume started for volume \"ws-keystore-8004\" (UniqueName: \"kubernetes.io/secret/155c2a41-9bc4-4719-9e95-e599390f77b5-ws-keystore-8004\") pod \"test-hivemq-platform-0\" (UID: \"155c2a41-9bc4-4719-9e95-e599390f77b5\") " pod="helmwebsocketsit/test-hivemq-platform-0"
2025-01-29 17:09:23,758 INFO c.h.h.t.HelmChartContainer - [K3S] [reconciler_common.go:251] "operationExecutor.VerifyControllerAttachedVolume started for volume \"pod-info\" (UniqueName: \"kubernetes.io/configmap/155c2a41-9bc4-4719-9e95-e599390f77b5-pod-info\") pod \"test-hivemq-platform-0\" (UID: \"155c2a41-9bc4-4719-9e95-e599390f77b5\") " pod="helmwebsocketsit/test-hivemq-platform-0"
2025-01-29 17:09:23,758 INFO c.h.h.t.HelmChartContainer - [K3S] [reconciler_common.go:251] "operationExecutor.VerifyControllerAttachedVolume started for volume \"operator-init\" (UniqueName: \"kubernetes.io/empty-dir/155c2a41-9bc4-4719-9e95-e599390f77b5-operator-init\") pod \"test-hivemq-platform-0\" (UID: \"155c2a41-9bc4-4719-9e95-e599390f77b5\") " pod="helmwebsocketsit/test-hivemq-platform-0"
2025-01-29 17:09:23,758 INFO c.h.h.t.HelmChartContainer - [K3S] [reconciler_common.go:251] "operationExecutor.VerifyControllerAttachedVolume started for volume \"broker-configuration\" (UniqueName: \"kubernetes.io/configmap/155c2a41-9bc4-4719-9e95-e599390f77b5-broker-configuration\") pod \"test-hivemq-platform-0\" (UID: \"155c2a41-9bc4-4719-9e95-e599390f77b5\") " pod="helmwebsocketsit/test-hivemq-platform-0"
2025-01-29 17:09:23,758 INFO c.h.h.t.HelmChartContainer - [K3S] [reconciler_common.go:251] "operationExecutor.VerifyControllerAttachedVolume started for volume \"kube-api-access-4mwwq\" (UniqueName: \"kubernetes.io/projected/155c2a41-9bc4-4719-9e95-e599390f77b5-kube-api-access-4mwwq\") pod \"test-hivemq-platform-0\" (UID: \"155c2a41-9bc4-4719-9e95-e599390f77b5\") " pod="helmwebsocketsit/test-hivemq-platform-0"
2025-01-29 17:09:23,758 INFO c.h.h.t.HelmChartContainer - [K3S] [reconciler_common.go:251] "operationExecutor.VerifyControllerAttachedVolume started for volume \"ws-truststore-8003\" (UniqueName: \"kubernetes.io/secret/155c2a41-9bc4-4719-9e95-e599390f77b5-ws-truststore-8003\") pod \"test-hivemq-platform-0\" (UID: \"155c2a41-9bc4-4719-9e95-e599390f77b5\") " pod="helmwebsocketsit/test-hivemq-platform-0"
2025-01-29 17:09:23,758 INFO c.h.h.t.HelmChartContainer - [K3S] [reconciler_common.go:251] "operationExecutor.VerifyControllerAttachedVolume started for volume \"ws-truststore-8004\" (UniqueName: \"kubernetes.io/secret/155c2a41-9bc4-4719-9e95-e599390f77b5-ws-truststore-8004\") pod \"test-hivemq-platform-0\" (UID: \"155c2a41-9bc4-4719-9e95-e599390f77b5\") " pod="helmwebsocketsit/test-hivemq-platform-0"
2025-01-29 17:09:23,833 INFO c.h.h.t.HelmChartContainer - [hivemq-test-hivemq-platform] [hivemq-platform-operator] [3e25aa9c] 17:09:23.830 [ReconcilerExecutor-hivemq-controller-64] DEBUG c.h.p.o.h.HiveMQPlatformReconcilerErrorHandler - [helmwebs] Pod 'test-hivemq-platform-0' phase Pending
2025-01-29 17:09:23,833 INFO c.h.h.t.HelmChartContainer - [hivemq-test-hivemq-platform] [hivemq-platform-operator] [3e25aa9c] 17:09:23.831 [ReconcilerExecutor-hivemq-controller-64] DEBUG c.h.p.o.h.HiveMQPlatformReconcilerErrorHandler - [helmwebs] Pod 'test-hivemq-platform-0' condition 'PodScheduled': True
2025-01-29 17:09:23,836 INFO c.h.h.t.HelmChartContainer - [hivemq-test-hivemq-platform] [hivemq-platform-operator] [3e25aa9c] 17:09:23.834 [ReconcilerExecutor-hivemq-controller-64] INFO  c.h.p.o.h.HiveMQPlatformReconcilerBaseHandler - [helmwebs] HiveMQ Platform is starting, 0 of 1 replicas are ready
2025-01-29 17:09:23,933 INFO c.h.h.t.HelmChartContainer - [hivemq-test-hivemq-platform] [hivemq-platform-operator] [3e25aa9c] 17:09:23.931 [pool-6-thread-22] DEBUG c.h.p.o.d.PlatformServiceResource - [helmwebs] Desired Platform services (4 services)
2025-01-29 17:09:23,936 INFO c.h.h.t.HelmChartContainer - [hivemq-test-hivemq-platform] [hivemq-platform-operator] [3e25aa9c] 17:09:23.932 [pool-6-thread-23] DEBUG c.h.p.o.dependants.PodInfoConfigMap - [helmwebs] Desired PodInfo ConfigMap (1 extensions) (1 enabled)
2025-01-29 17:09:23,937 INFO c.h.h.t.HelmChartContainer - [hivemq-test-hivemq-platform] [hivemq-platform-operator] [3e25aa9c] 17:09:23.933 [pool-6-thread-23] DEBUG c.h.p.o.dependants.PodInfoConfigMap - [helmwebs] Desired PodInfo ConfigMap (metrics port: 9399) (metrics path: /)
2025-01-29 17:09:23,937 INFO c.h.h.t.HelmChartContainer - [hivemq-test-hivemq-platform] [hivemq-platform-operator] [3e25aa9c] 17:09:23.933 [pool-6-thread-23] DEBUG c.h.p.o.dependants.PodInfoConfigMap - [helmwebs] Desired PodInfo ConfigMap (extension state hash: -1817474005)
2025-01-29 17:09:23,937 INFO c.h.h.t.HelmChartContainer - [hivemq-test-hivemq-platform] [hivemq-platform-operator] [3e25aa9c] 17:09:23.933 [pool-6-thread-27] DEBUG c.h.p.o.d.PodServiceAccountResource - [helmwebs] Desired PodServiceAccountResource (serviceAccountName: hivemq-platform-pod-test-hivemq-platform)
2025-01-29 17:09:24,035 INFO c.h.h.t.HelmChartContainer - [hivemq-test-hivemq-platform] [hivemq-platform-operator] [3e25aa9c] 17:09:24.033 [pool-6-thread-30] DEBUG c.h.p.o.d.StatefulSetResource - [helmwebs] Desired StatefulSet (1 replicas) for status STARTING (READY)
2025-01-29 17:09:24,048 INFO c.h.h.t.HelmChartContainer - [hivemq-test-hivemq-platform] [hivemq-platform-operator] [3e25aa9c] 17:09:24.047 [ReconcilerExecutor-hivemq-controller-76] INFO  c.h.p.o.HiveMQPlatformReconciler - [helmwebs] Reconciling HiveMQ Platform 'test-hivemq-platform' in namespace 'helmwebsocketsit'
2025-01-29 17:09:24,049 INFO c.h.h.t.HelmChartContainer - [hivemq-test-hivemq-platform] [hivemq-platform-operator] [3e25aa9c] 17:09:24.047 [ReconcilerExecutor-hivemq-controller-76] DEBUG c.h.p.o.HiveMQPlatformReconciler - [helmwebs] Custom Resource Status STARTING - HiveMQ Platform is starting (READY)
2025-01-29 17:09:24,049 INFO c.h.h.t.HelmChartContainer - [hivemq-test-hivemq-platform] [hivemq-platform-operator] [3e25aa9c] 17:09:24.047 [ReconcilerExecutor-hivemq-controller-76] DEBUG c.h.p.o.HiveMQPlatformReconciler - [helmwebs] Custom Resource Spec (replicas: 1) (extensions: 1)
2025-01-29 17:09:24,056 INFO c.h.h.t.HelmChartContainer - [EVENT] Normal [Pulled] Container image "docker.io/hivemq/hivemq-platform-operator-init-test:snapshot" already present on machine [helmwebsocketsit:test-hivemq-platform-0]
2025-01-29 17:09:24,130 INFO c.h.h.t.HelmChartContainer - [hivemq-test-hivemq-platform] [hivemq-platform-operator] [3e25aa9c] 17:09:24.128 [ReconcilerExecutor-hivemq-controller-76] DEBUG c.h.p.o.HiveMQPlatformReconciler - [helmwebs] StatefulSet Status (revision: test-hivemq-platform-85b6ccfbd7, replicas: 1, available: 0, ready: 0, current: 1, updated: 1)
2025-01-29 17:09:24,131 INFO c.h.h.t.HelmChartContainer - [hivemq-test-hivemq-platform] [hivemq-platform-operator] [3e25aa9c] 17:09:24.128 [ReconcilerExecutor-hivemq-controller-76] DEBUG c.h.p.o.HiveMQPlatformReconciler - [helmwebs] StatefulSet Spec (replicas: 1, init containers: 1, containers: 1, volumes: 7)
2025-01-29 17:09:24,136 INFO c.h.h.t.HelmChartContainer - [hivemq-test-hivemq-platform] [hivemq-platform-operator] [3e25aa9c] 17:09:24.135 [ReconcilerExecutor-hivemq-controller-76] DEBUG c.h.p.o.h.HiveMQPlatformReconcilerErrorHandler - [helmwebs] Pod 'test-hivemq-platform-0' phase Pending
2025-01-29 17:09:24,138 INFO c.h.h.t.HelmChartContainer - [hivemq-test-hivemq-platform] [hivemq-platform-operator] [3e25aa9c] 17:09:24.135 [ReconcilerExecutor-hivemq-controller-76] DEBUG c.h.p.o.h.HiveMQPlatformReconcilerErrorHandler - [helmwebs] Pod 'test-hivemq-platform-0' condition 'PodReadyToStartContainers': False
2025-01-29 17:09:24,139 INFO c.h.h.t.HelmChartContainer - [hivemq-test-hivemq-platform] [hivemq-platform-operator] [3e25aa9c] 17:09:24.135 [ReconcilerExecutor-hivemq-controller-76] DEBUG c.h.p.o.h.HiveMQPlatformReconcilerErrorHandler - [helmwebs] Pod 'test-hivemq-platform-0' condition 'Initialized': False
2025-01-29 17:09:24,139 INFO c.h.h.t.HelmChartContainer - [hivemq-test-hivemq-platform] [hivemq-platform-operator] [3e25aa9c] 17:09:24.135 [ReconcilerExecutor-hivemq-controller-76] DEBUG c.h.p.o.h.HiveMQPlatformReconcilerErrorHandler - [helmwebs] Pod 'test-hivemq-platform-0' condition 'Ready': False
2025-01-29 17:09:24,139 INFO c.h.h.t.HelmChartContainer - [hivemq-test-hivemq-platform] [hivemq-platform-operator] [3e25aa9c] 17:09:24.135 [ReconcilerExecutor-hivemq-controller-76] DEBUG c.h.p.o.h.HiveMQPlatformReconcilerErrorHandler - [helmwebs] Pod 'test-hivemq-platform-0' condition 'ContainersReady': False
2025-01-29 17:09:24,139 INFO c.h.h.t.HelmChartContainer - [hivemq-test-hivemq-platform] [hivemq-platform-operator] [3e25aa9c] 17:09:24.135 [ReconcilerExecutor-hivemq-controller-76] DEBUG c.h.p.o.h.HiveMQPlatformReconcilerErrorHandler - [helmwebs] Pod 'test-hivemq-platform-0' condition 'PodScheduled': True
2025-01-29 17:09:24,139 INFO c.h.h.t.HelmChartContainer - [hivemq-test-hivemq-platform] [hivemq-platform-operator] [3e25aa9c] 17:09:24.135 [ReconcilerExecutor-hivemq-controller-76] DEBUG c.h.p.o.h.HiveMQPlatformReconcilerErrorHandler - [helmwebs] Pod 'test-hivemq-platform-0' containerStatus 'hivemq' (started: false) (ready: false) (waiting: [PodInitializing] null)
2025-01-29 17:09:24,139 INFO c.h.h.t.HelmChartContainer - [hivemq-test-hivemq-platform] [hivemq-platform-operator] [3e25aa9c] 17:09:24.137 [ReconcilerExecutor-hivemq-controller-76] INFO  c.h.p.o.h.HiveMQPlatformReconcilerBaseHandler - [helmwebs] HiveMQ Platform is starting, 0 of 1 replicas are ready
2025-01-29 17:09:24,177 INFO c.h.h.t.HelmChartContainer - [EVENT] Normal [Created] Created container: hivemq-platform-operator-init [helmwebsocketsit:test-hivemq-platform-0]
2025-01-29 17:09:24,216 INFO c.h.h.t.HelmChartContainer - [EVENT] Normal [Started] Started container hivemq-platform-operator-init [helmwebsocketsit:test-hivemq-platform-0]
2025-01-29 17:09:25,118 INFO c.h.h.t.HelmChartContainer - [EVENT] Normal [Pulled] Container image "docker.io/hivemq/hivemq4:4.36.0" already present on machine [helmwebsocketsit:test-hivemq-platform-0]
2025-01-29 17:09:25,118 INFO c.h.h.t.HelmChartContainer - Received Pulled event for container hivemq in pod test-hivemq-platform-0 [155c2a41-9bc4-4719-9e95-e599390f77b5]
2025-01-29 17:09:25,131 INFO c.h.h.t.HelmChartContainer - [POD] test-hivemq-platform-0 [155c2a41-9bc4-4719-9e95-e599390f77b5] in helmwebsocketsit was MODIFIED
2025-01-29 17:09:25,157 INFO c.h.h.t.HelmChartContainer - [hivemq-test-hivemq-platform] [hivemq-platform-operator] [3e25aa9c] 17:09:25.149 [pool-6-thread-32] DEBUG c.h.p.o.d.PlatformServiceResource - [helmwebs] Desired Platform services (4 services)
2025-01-29 17:09:25,157 INFO c.h.h.t.HelmChartContainer - [hivemq-test-hivemq-platform] [hivemq-platform-operator] [3e25aa9c] 17:09:25.153 [pool-6-thread-33] DEBUG c.h.p.o.dependants.PodInfoConfigMap - [helmwebs] Desired PodInfo ConfigMap (1 extensions) (1 enabled)
2025-01-29 17:09:25,159 INFO c.h.h.t.HelmChartContainer - [hivemq-test-hivemq-platform] [hivemq-platform-operator] [3e25aa9c] 17:09:25.153 [pool-6-thread-33] DEBUG c.h.p.o.dependants.PodInfoConfigMap - [helmwebs] Desired PodInfo ConfigMap (metrics port: 9399) (metrics path: /)
2025-01-29 17:09:25,159 INFO c.h.h.t.HelmChartContainer - [hivemq-test-hivemq-platform] [hivemq-platform-operator] [3e25aa9c] 17:09:25.153 [pool-6-thread-33] DEBUG c.h.p.o.dependants.PodInfoConfigMap - [helmwebs] Desired PodInfo ConfigMap (extension state hash: -1817474005)
2025-01-29 17:09:25,229 INFO c.h.h.t.HelmChartContainer - [hivemq-test-hivemq-platform] [hivemq-platform-operator] [3e25aa9c] 17:09:25.226 [pool-6-thread-37] DEBUG c.h.p.o.d.PodServiceAccountResource - [helmwebs] Desired PodServiceAccountResource (serviceAccountName: hivemq-platform-pod-test-hivemq-platform)
2025-01-29 17:09:25,234 INFO c.h.h.t.HelmChartContainer - [hivemq-test-hivemq-platform] [hivemq-platform-operator] [3e25aa9c] 17:09:25.233 [pool-6-thread-40] DEBUG c.h.p.o.d.StatefulSetResource - [helmwebs] Desired StatefulSet (1 replicas) for status STARTING (READY)
2025-01-29 17:09:25,241 INFO c.h.h.t.HelmChartContainer - [hivemq-test-hivemq-platform] [hivemq-platform-operator] [3e25aa9c] 17:09:25.241 [ReconcilerExecutor-hivemq-controller-87] INFO  c.h.p.o.HiveMQPlatformReconciler - [helmwebs] Reconciling HiveMQ Platform 'test-hivemq-platform' in namespace 'helmwebsocketsit'
2025-01-29 17:09:25,242 INFO c.h.h.t.HelmChartContainer - [hivemq-test-hivemq-platform] [hivemq-platform-operator] [3e25aa9c] 17:09:25.242 [ReconcilerExecutor-hivemq-controller-87] DEBUG c.h.p.o.HiveMQPlatformReconciler - [helmwebs] Custom Resource Status STARTING - HiveMQ Platform is starting (READY)
2025-01-29 17:09:25,243 INFO c.h.h.t.HelmChartContainer - [hivemq-test-hivemq-platform] [hivemq-platform-operator] [3e25aa9c] 17:09:25.242 [ReconcilerExecutor-hivemq-controller-87] DEBUG c.h.p.o.HiveMQPlatformReconciler - [helmwebs] Custom Resource Spec (replicas: 1) (extensions: 1)
2025-01-29 17:09:25,322 INFO c.h.h.t.HelmChartContainer - [hivemq-test-hivemq-platform] [hivemq-platform-operator] [3e25aa9c] 17:09:25.320 [ReconcilerExecutor-hivemq-controller-87] DEBUG c.h.p.o.HiveMQPlatformReconciler - [helmwebs] StatefulSet Status (revision: test-hivemq-platform-85b6ccfbd7, replicas: 1, available: 0, ready: 0, current: 1, updated: 1)
2025-01-29 17:09:25,323 INFO c.h.h.t.HelmChartContainer - [hivemq-test-hivemq-platform] [hivemq-platform-operator] [3e25aa9c] 17:09:25.321 [ReconcilerExecutor-hivemq-controller-87] DEBUG c.h.p.o.HiveMQPlatformReconciler - [helmwebs] StatefulSet Spec (replicas: 1, init containers: 1, containers: 1, volumes: 7)
2025-01-29 17:09:25,329 INFO c.h.h.t.HelmChartContainer - [hivemq-test-hivemq-platform] [hivemq-platform-operator] [3e25aa9c] 17:09:25.327 [ReconcilerExecutor-hivemq-controller-87] DEBUG c.h.p.o.h.HiveMQPlatformReconcilerErrorHandler - [helmwebs] Pod 'test-hivemq-platform-0' phase Pending
2025-01-29 17:09:25,331 INFO c.h.h.t.HelmChartContainer - [hivemq-test-hivemq-platform] [hivemq-platform-operator] [3e25aa9c] 17:09:25.327 [ReconcilerExecutor-hivemq-controller-87] DEBUG c.h.p.o.h.HiveMQPlatformReconcilerErrorHandler - [helmwebs] Pod 'test-hivemq-platform-0' condition 'PodReadyToStartContainers': True
2025-01-29 17:09:25,331 INFO c.h.h.t.HelmChartContainer - [hivemq-test-hivemq-platform] [hivemq-platform-operator] [3e25aa9c] 17:09:25.327 [ReconcilerExecutor-hivemq-controller-87] DEBUG c.h.p.o.h.HiveMQPlatformReconcilerErrorHandler - [helmwebs] Pod 'test-hivemq-platform-0' condition 'Initialized': True
2025-01-29 17:09:25,331 INFO c.h.h.t.HelmChartContainer - [hivemq-test-hivemq-platform] [hivemq-platform-operator] [3e25aa9c] 17:09:25.327 [ReconcilerExecutor-hivemq-controller-87] DEBUG c.h.p.o.h.HiveMQPlatformReconcilerErrorHandler - [helmwebs] Pod 'test-hivemq-platform-0' condition 'Ready': False
2025-01-29 17:09:25,331 INFO c.h.h.t.HelmChartContainer - [hivemq-test-hivemq-platform] [hivemq-platform-operator] [3e25aa9c] 17:09:25.327 [ReconcilerExecutor-hivemq-controller-87] DEBUG c.h.p.o.h.HiveMQPlatformReconcilerErrorHandler - [helmwebs] Pod 'test-hivemq-platform-0' condition 'ContainersReady': False
2025-01-29 17:09:25,331 INFO c.h.h.t.HelmChartContainer - [hivemq-test-hivemq-platform] [hivemq-platform-operator] [3e25aa9c] 17:09:25.327 [ReconcilerExecutor-hivemq-controller-87] DEBUG c.h.p.o.h.HiveMQPlatformReconcilerErrorHandler - [helmwebs] Pod 'test-hivemq-platform-0' condition 'PodScheduled': True
2025-01-29 17:09:25,332 INFO c.h.h.t.HelmChartContainer - [hivemq-test-hivemq-platform] [hivemq-platform-operator] [3e25aa9c] 17:09:25.327 [ReconcilerExecutor-hivemq-controller-87] DEBUG c.h.p.o.h.HiveMQPlatformReconcilerErrorHandler - [helmwebs] Pod 'test-hivemq-platform-0' containerStatus 'hivemq' (started: false) (ready: false) (waiting: [PodInitializing] null)
2025-01-29 17:09:25,332 INFO c.h.h.t.HelmChartContainer - [hivemq-test-hivemq-platform] [hivemq-platform-operator] [3e25aa9c] 17:09:25.330 [ReconcilerExecutor-hivemq-controller-87] INFO  c.h.p.o.h.HiveMQPlatformReconcilerBaseHandler - [helmwebs] HiveMQ Platform is starting, 0 of 1 replicas are ready
2025-01-29 17:09:26,233 INFO c.h.h.t.HelmChartContainer - [EVENT] Normal [Created] Created container: hivemq [helmwebsocketsit:test-hivemq-platform-0]
2025-01-29 17:09:26,233 INFO c.h.h.t.HelmChartContainer - Received Created event for container hivemq in pod test-hivemq-platform-0 [155c2a41-9bc4-4719-9e95-e599390f77b5]
2025-01-29 17:09:27,130 INFO c.h.h.t.HelmChartContainer - [POD] test-hivemq-platform-0 [155c2a41-9bc4-4719-9e95-e599390f77b5] in helmwebsocketsit was MODIFIED
2025-01-29 17:09:27,138 INFO c.h.h.t.HelmChartContainer - Started log watcher for hivemq in pod test-hivemq-platform-0 [155c2a41-9bc4-4719-9e95-e599390f77b5]
2025-01-29 17:09:27,138 INFO c.h.h.t.HelmChartContainer - [EVENT] Normal [Started] Started container hivemq [helmwebsocketsit:test-hivemq-platform-0]
2025-01-29 17:09:27,139 INFO c.h.h.t.HelmChartContainer - Received Started event for container hivemq in pod test-hivemq-platform-0 [155c2a41-9bc4-4719-9e95-e599390f77b5]
2025-01-29 17:09:27,139 INFO c.h.h.t.HelmChartContainer - [test-hivemq-platform] [hivemq] [155c2a41] Adding pre-installed HiveMQ Platform Operator extensions
2025-01-29 17:09:27,140 INFO c.h.h.t.HelmChartContainer - [test-hivemq-platform] [hivemq] [155c2a41] Running as user 10000
2025-01-29 17:09:27,140 INFO c.h.h.t.HelmChartContainer - [test-hivemq-platform] [hivemq] [155c2a41] Starting HiveMQ Platform Operator Init
2025-01-29 17:09:27,146 INFO c.h.h.t.HelmChartContainer - [hivemq-test-hivemq-platform] [hivemq-platform-operator] [3e25aa9c] 17:09:27.142 [pool-6-thread-42] DEBUG c.h.p.o.d.PlatformServiceResource - [helmwebs] Desired Platform services (4 services)
2025-01-29 17:09:27,146 INFO c.h.h.t.HelmChartContainer - [hivemq-test-hivemq-platform] [hivemq-platform-operator] [3e25aa9c] 17:09:27.144 [pool-6-thread-43] DEBUG c.h.p.o.dependants.PodInfoConfigMap - [helmwebs] Desired PodInfo ConfigMap (1 extensions) (1 enabled)
2025-01-29 17:09:27,146 INFO c.h.h.t.HelmChartContainer - [hivemq-test-hivemq-platform] [hivemq-platform-operator] [3e25aa9c] 17:09:27.144 [pool-6-thread-43] DEBUG c.h.p.o.dependants.PodInfoConfigMap - [helmwebs] Desired PodInfo ConfigMap (metrics port: 9399) (metrics path: /)
2025-01-29 17:09:27,146 INFO c.h.h.t.HelmChartContainer - [hivemq-test-hivemq-platform] [hivemq-platform-operator] [3e25aa9c] 17:09:27.144 [pool-6-thread-43] DEBUG c.h.p.o.dependants.PodInfoConfigMap - [helmwebs] Desired PodInfo ConfigMap (extension state hash: -1817474005)
2025-01-29 17:09:27,157 INFO c.h.h.t.HelmChartContainer - [hivemq-test-hivemq-platform] [hivemq-platform-operator] [3e25aa9c] 17:09:27.156 [pool-6-thread-47] DEBUG c.h.p.o.d.PodServiceAccountResource - [helmwebs] Desired PodServiceAccountResource (serviceAccountName: hivemq-platform-pod-test-hivemq-platform)
2025-01-29 17:09:27,232 INFO c.h.h.t.HelmChartContainer - [hivemq-test-hivemq-platform] [hivemq-platform-operator] [3e25aa9c] 17:09:27.231 [pool-6-thread-50] DEBUG c.h.p.o.d.StatefulSetResource - [helmwebs] Desired StatefulSet (1 replicas) for status STARTING (READY)
2025-01-29 17:09:27,240 INFO c.h.h.t.HelmChartContainer - [hivemq-test-hivemq-platform] [hivemq-platform-operator] [3e25aa9c] 17:09:27.239 [ReconcilerExecutor-hivemq-controller-98] INFO  c.h.p.o.HiveMQPlatformReconciler - [helmwebs] Reconciling HiveMQ Platform 'test-hivemq-platform' in namespace 'helmwebsocketsit'
2025-01-29 17:09:27,241 INFO c.h.h.t.HelmChartContainer - [hivemq-test-hivemq-platform] [hivemq-platform-operator] [3e25aa9c] 17:09:27.239 [ReconcilerExecutor-hivemq-controller-98] DEBUG c.h.p.o.HiveMQPlatformReconciler - [helmwebs] Custom Resource Status STARTING - HiveMQ Platform is starting (READY)
2025-01-29 17:09:27,241 INFO c.h.h.t.HelmChartContainer - [hivemq-test-hivemq-platform] [hivemq-platform-operator] [3e25aa9c] 17:09:27.240 [ReconcilerExecutor-hivemq-controller-98] DEBUG c.h.p.o.HiveMQPlatformReconciler - [helmwebs] Custom Resource Spec (replicas: 1) (extensions: 1)
2025-01-29 17:09:27,327 INFO c.h.h.t.HelmChartContainer - [hivemq-test-hivemq-platform] [hivemq-platform-operator] [3e25aa9c] 17:09:27.244 [ReconcilerExecutor-hivemq-controller-98] DEBUG c.h.p.o.HiveMQPlatformReconciler - [helmwebs] StatefulSet Status (revision: test-hivemq-platform-85b6ccfbd7, replicas: 1, available: 0, ready: 0, current: 1, updated: 1)
2025-01-29 17:09:27,327 INFO c.h.h.t.HelmChartContainer - [hivemq-test-hivemq-platform] [hivemq-platform-operator] [3e25aa9c] 17:09:27.326 [ReconcilerExecutor-hivemq-controller-98] DEBUG c.h.p.o.HiveMQPlatformReconciler - [helmwebs] StatefulSet Spec (replicas: 1, init containers: 1, containers: 1, volumes: 7)
2025-01-29 17:09:27,330 INFO c.h.h.t.HelmChartContainer - [hivemq-test-hivemq-platform] [hivemq-platform-operator] [3e25aa9c] 17:09:27.329 [ReconcilerExecutor-hivemq-controller-98] DEBUG c.h.p.o.h.HiveMQPlatformReconcilerErrorHandler - [helmwebs] Pod 'test-hivemq-platform-0' phase Running
2025-01-29 17:09:27,331 INFO c.h.h.t.HelmChartContainer - [hivemq-test-hivemq-platform] [hivemq-platform-operator] [3e25aa9c] 17:09:27.331 [ReconcilerExecutor-hivemq-controller-98] INFO  c.h.p.o.h.HiveMQPlatformReconcilerBaseHandler - [helmwebs] HiveMQ Platform is starting, 0 of 1 replicas are ready
2025-01-29 17:09:27,573 INFO c.h.h.t.HelmChartContainer - [test-hivemq-platform] [hivemq] [155c2a41] INFO  - [HiveMQ Platform Operator Init 1.7.0-SNAPSHOT] HiveMQ Platform Operator Init 1.7.0-SNAPSHOT (commit: 8465ebf on branch: HEAD) built on Wed Jan 29 16:56:31 UTC 2025
2025-01-29 17:09:28,699 INFO c.h.h.t.HelmChartContainer - [test-hivemq-platform] [hivemq] [155c2a41] INFO  - [HiveMQ Platform Operator Init App 1.7.0-SNAPSHOT] Using bind address 10.42.0.14 from environment variable
2025-01-29 17:09:29,690 INFO c.h.h.t.HelmChartContainer - [test-hivemq-platform] [hivemq] [155c2a41] INFO  - [HiveMQ Platform Operator Init App 1.7.0-SNAPSHOT] HiveMQ Platform Operator Init App 1.7.0-SNAPSHOT (commit: 8465ebf on branch: HEAD) built on Wed Jan 29 16:56:31 UTC 2025
2025-01-29 17:09:29,691 INFO c.h.h.t.HelmChartContainer - [test-hivemq-platform] [hivemq] [155c2a41] INFO  - [HiveMQ Platform Operator Init App 1.7.0-SNAPSHOT] PodInfo ConfigMap directory: /etc/podinfo
2025-01-29 17:09:29,691 INFO c.h.h.t.HelmChartContainer - [test-hivemq-platform] [hivemq] [155c2a41] INFO  - [HiveMQ Platform Operator Init App 1.7.0-SNAPSHOT] HiveMQ home directory: /opt/hivemq
2025-01-29 17:09:29,691 INFO c.h.h.t.HelmChartContainer - [test-hivemq-platform] [hivemq] [155c2a41] INFO  - [HiveMQ Platform Operator Init App 1.7.0-SNAPSHOT] HiveMQ Logback folder: /opt/hivemq/conf
2025-01-29 17:09:29,691 INFO c.h.h.t.HelmChartContainer - [test-hivemq-platform] [hivemq] [155c2a41] INFO  - [HiveMQ Platform Operator Init App 1.7.0-SNAPSHOT] HiveMQ Config folder: /opt/hivemq/conf-k8s
2025-01-29 17:09:29,691 INFO c.h.h.t.HelmChartContainer - [test-hivemq-platform] [hivemq] [155c2a41] INFO  - [HiveMQ Platform Operator Init App 1.7.0-SNAPSHOT] Starting HiveMQ Platform Operator Init App
2025-01-29 17:09:29,691 INFO c.h.h.t.HelmChartContainer - [test-hivemq-platform] [hivemq] [155c2a41] INFO  - [HiveMQ Platform Operator Init App 1.7.0-SNAPSHOT] Starting Pod reconciler
2025-01-29 17:09:30,886 INFO c.h.h.t.HelmChartContainer - [test-hivemq-platform] [hivemq] [155c2a41] INFO  - [HiveMQ Platform Operator Init App 1.7.0-SNAPSHOT] Pod reconciler is scheduled (interval: 5000 ms)
2025-01-29 17:09:30,887 INFO c.h.h.t.HelmChartContainer - [test-hivemq-platform] [hivemq] [155c2a41] INFO  - [HiveMQ Platform Operator Init App 1.7.0-SNAPSHOT] Starting the REST API on 10.42.0.14:7979
2025-01-29 17:09:30,890 INFO c.h.h.t.HelmChartContainer - [test-hivemq-platform] [hivemq] [155c2a41] INFO  - [HiveMQ Platform Operator Init App 1.7.0-SNAPSHOT] Waiting up to 600s for at most 1 HiveMQ nodes in cluster service hivemq-test-hivemq-platform-cluster.helmwebsocketsit.svc
2025-01-29 17:09:31,239 INFO c.h.h.t.HelmChartContainer - [test-hivemq-platform] [hivemq] [155c2a41] INFO  - [HiveMQ Platform Operator Init App 1.7.0-SNAPSHOT] Resolved 1 IP addresses: [10.42.0.14]
2025-01-29 17:09:31,239 INFO c.h.h.t.HelmChartContainer - [test-hivemq-platform] [hivemq] [155c2a41] INFO  - [HiveMQ Platform Operator Init App 1.7.0-SNAPSHOT] HiveMQ node count of 1 is within threshold of 1
2025-01-29 17:09:31,239 INFO c.h.h.t.HelmChartContainer - [test-hivemq-platform] [hivemq] [155c2a41] INFO  - [HiveMQ Platform Operator Init App 1.7.0-SNAPSHOT] Proceeding with container start
2025-01-29 17:09:31,285 INFO c.h.h.t.HelmChartContainer - [test-hivemq-platform] [hivemq] [155c2a41] INFO  - [HiveMQ Platform Operator Init App 1.7.0-SNAPSHOT] Initializing HiveMQ Platform extensions with initial configuration: {hivemq-allow-all-extension={start-priority=-1, skip-https-hostname-verification=false, restart=true, config-version=0, header-version=0, c-uri=, priority=-1, uri=preinstalled, skip-https-certificate-validation=false, enabled=true}, hivemq-prometheus-extension={restart=true, priority=-1, start-priority=-1, c-uri=, skip-https-hostname-verification=false, skip-https-certificate-validation=false, uri=preinstalled, request-header-path=no-request-headers, enabled=true}}
2025-01-29 17:09:31,773 INFO c.h.h.t.HelmChartContainer - [test-hivemq-platform] [hivemq] [155c2a41] INFO  - [HiveMQ Platform Operator Init App 1.7.0-SNAPSHOT] Extension hivemq-allow-all-extension was already enabled
2025-01-29 17:09:31,838 INFO c.h.h.t.HelmChartContainer - [test-hivemq-platform] [hivemq] [155c2a41] INFO  - [HiveMQ Platform Operator Init App 1.7.0-SNAPSHOT] Successfully enabled extension hivemq-prometheus-extension
2025-01-29 17:09:31,865 INFO c.h.h.t.HelmChartContainer - [test-hivemq-platform] [hivemq] [155c2a41] INFO  - [HiveMQ Platform Operator Init App 1.7.0-SNAPSHOT] Starting HiveMQ Platform version 4.36.0 (4.36.0)
2025-01-29 17:09:31,865 INFO c.h.h.t.HelmChartContainer - [test-hivemq-platform] [hivemq] [155c2a41] INFO  - [HiveMQ Platform Operator Init App 1.7.0-SNAPSHOT] Configuring the HiveMQ Platform
2025-01-29 17:09:31,933 INFO c.h.h.t.HelmChartContainer - [test-hivemq-platform] [hivemq] [155c2a41] INFO  - [HiveMQ Platform Operator Init App 1.7.0-SNAPSHOT] Changed logback.xml file scan period to 20 seconds
2025-01-29 17:09:31,974 INFO c.h.h.t.HelmChartContainer - [test-hivemq-platform] [hivemq] [155c2a41] INFO  - [HiveMQ Platform Operator Init App 1.7.0-SNAPSHOT] Starting the HiveMQ Platform
2025-01-29 17:09:31,976 INFO c.h.h.t.HelmChartContainer - [test-hivemq-platform] [hivemq] [155c2a41] -------------------------------------------------------------------------
2025-01-29 17:09:31,977 INFO c.h.h.t.HelmChartContainer - [test-hivemq-platform] [hivemq] [155c2a41] 
2025-01-29 17:09:31,977 INFO c.h.h.t.HelmChartContainer - [test-hivemq-platform] [hivemq] [155c2a41]                   _    _  _              __  __   ____
2025-01-29 17:09:31,977 INFO c.h.h.t.HelmChartContainer - [test-hivemq-platform] [hivemq] [155c2a41]                  | |  | |(_)            |  \/  | / __ \
2025-01-29 17:09:31,977 INFO c.h.h.t.HelmChartContainer - [test-hivemq-platform] [hivemq] [155c2a41]                  | |__| | _ __   __ ___ | \  / || |  | |
2025-01-29 17:09:31,977 INFO c.h.h.t.HelmChartContainer - [test-hivemq-platform] [hivemq] [155c2a41]                  |  __  || |\ \ / // _ \| |\/| || |  | |
2025-01-29 17:09:31,977 INFO c.h.h.t.HelmChartContainer - [test-hivemq-platform] [hivemq] [155c2a41]                  | |  | || | \ V /|  __/| |  | || |__| |
2025-01-29 17:09:31,977 INFO c.h.h.t.HelmChartContainer - [test-hivemq-platform] [hivemq] [155c2a41]                  |_|  |_||_|  \_/  \___||_|  |_| \___\_\
2025-01-29 17:09:31,977 INFO c.h.h.t.HelmChartContainer - [test-hivemq-platform] [hivemq] [155c2a41] 
2025-01-29 17:09:31,977 INFO c.h.h.t.HelmChartContainer - [test-hivemq-platform] [hivemq] [155c2a41] -------------------------------------------------------------------------
2025-01-29 17:09:31,978 INFO c.h.h.t.HelmChartContainer - [test-hivemq-platform] [hivemq] [155c2a41] 
2025-01-29 17:09:31,978 INFO c.h.h.t.HelmChartContainer - [test-hivemq-platform] [hivemq] [155c2a41]   HiveMQ Start Script for Linux/Unix v1.14
2025-01-29 17:09:31,978 INFO c.h.h.t.HelmChartContainer - [test-hivemq-platform] [hivemq] [155c2a41] 
2025-01-29 17:09:32,082 INFO c.h.h.t.HelmChartContainer - [test-hivemq-platform] [hivemq] [155c2a41] -------------------------------------------------------------------------
2025-01-29 17:09:32,082 INFO c.h.h.t.HelmChartContainer - [test-hivemq-platform] [hivemq] [155c2a41] 
2025-01-29 17:09:32,082 INFO c.h.h.t.HelmChartContainer - [test-hivemq-platform] [hivemq] [155c2a41]   HIVEMQ_HOME: /opt/hivemq
2025-01-29 17:09:32,082 INFO c.h.h.t.HelmChartContainer - [test-hivemq-platform] [hivemq] [155c2a41] 
2025-01-29 17:09:32,082 INFO c.h.h.t.HelmChartContainer - [test-hivemq-platform] [hivemq] [155c2a41]   JAVA_OPTS: -XX:+UnlockExperimentalVMOptions -XX:InitialRAMPercentage=50 -XX:MaxRAMPercentage=50 -Djava.net.preferIPv4Stack=true --add-opens java.base/java.lang=ALL-UNNAMED --add-opens java.base/java.nio=ALL-UNNAMED --add-opens java.base/sun.nio.ch=ALL-UNNAMED --add-opens jdk.management/com.sun.management.internal=ALL-UNNAMED --add-exports java.base/jdk.internal.misc=ALL-UNNAMED -Djava.security.egd=file:/dev/./urandom -Dcom.sun.management.jmxremote -Dcom.sun.management.jmxremote.port=9010 -Dcom.sun.management.jmxremote.local.only=false -Dcom.sun.management.jmxremote.authenticate=false -Dcom.sun.management.jmxremote.ssl=false -Duser.language=en -Duser.region=US -XX:+CrashOnOutOfMemoryError -XX:+HeapDumpOnOutOfMemoryError
2025-01-29 17:09:32,082 INFO c.h.h.t.HelmChartContainer - [test-hivemq-platform] [hivemq] [155c2a41] 
2025-01-29 17:09:32,082 INFO c.h.h.t.HelmChartContainer - [test-hivemq-platform] [hivemq] [155c2a41]   JAVA_VERSION: 21
2025-01-29 17:09:32,082 INFO c.h.h.t.HelmChartContainer - [test-hivemq-platform] [hivemq] [155c2a41] 
2025-01-29 17:09:32,082 INFO c.h.h.t.HelmChartContainer - [test-hivemq-platform] [hivemq] [155c2a41] -------------------------------------------------------------------------
2025-01-29 17:09:32,082 INFO c.h.h.t.HelmChartContainer - [test-hivemq-platform] [hivemq] [155c2a41] 
2025-01-29 17:09:33,171 INFO c.h.h.t.HelmChartContainer - [test-hivemq-platform] [hivemq] [155c2a41] INFO  - [HiveMQ Platform Operator Init App 1.7.0-SNAPSHOT] Returning default Health API response 503 for readiness
2025-01-29 17:09:33,536 INFO c.h.h.t.HelmChartContainer - [EVENT] Warning [Unhealthy] Readiness probe failed: HTTP probe failed with statuscode: 503 [helmwebsocketsit:test-hivemq-platform-0]
2025-01-29 17:09:33,536 INFO c.h.h.t.HelmChartContainer - Received Unhealthy event for container hivemq in pod test-hivemq-platform-0 [155c2a41-9bc4-4719-9e95-e599390f77b5]
2025-01-29 17:09:34,871 INFO c.h.h.t.HelmChartContainer - [test-hivemq-platform] [hivemq] [155c2a41] INFO  - Starting HiveMQ Enterprise Server
2025-01-29 17:09:34,878 INFO c.h.h.t.HelmChartContainer - [test-hivemq-platform] [hivemq] [155c2a41] INFO  - HiveMQ version: 4.36.0
2025-01-29 17:09:34,878 INFO c.h.h.t.HelmChartContainer - [test-hivemq-platform] [hivemq] [155c2a41] INFO  - HiveMQ home directory: /opt/hivemq
2025-01-29 17:09:34,878 INFO c.h.h.t.HelmChartContainer - [test-hivemq-platform] [hivemq] [155c2a41] INFO  - Log Configuration was overridden by /opt/hivemq/conf/logback.xml
2025-01-29 17:09:36,370 INFO c.h.h.t.HelmChartContainer - [test-hivemq-platform] [hivemq] [155c2a41] INFO  - Successfully loaded configuration from '/opt/hivemq/conf-k8s/config.xml'.
2025-01-29 17:09:37,167 INFO c.h.h.t.HelmChartContainer - [test-hivemq-platform] [hivemq] [155c2a41] INFO  - This node's ID is FCF8V
2025-01-29 17:09:37,167 INFO c.h.h.t.HelmChartContainer - [test-hivemq-platform] [hivemq] [155c2a41] INFO  - Clustering is enabled
2025-01-29 17:09:37,341 INFO c.h.h.t.HelmChartContainer - [hivemq-test-hivemq-platform] [hivemq-platform-operator] [3e25aa9c] 17:09:37.336 [pool-6-thread-6] DEBUG c.h.p.o.d.PlatformServiceResource - [helmwebs] Desired Platform services (4 services)
2025-01-29 17:09:37,341 INFO c.h.h.t.HelmChartContainer - [hivemq-test-hivemq-platform] [hivemq-platform-operator] [3e25aa9c] 17:09:37.338 [pool-6-thread-5] DEBUG c.h.p.o.d.PodServiceAccountResource - [helmwebs] Desired PodServiceAccountResource (serviceAccountName: hivemq-platform-pod-test-hivemq-platform)
2025-01-29 17:09:37,341 INFO c.h.h.t.HelmChartContainer - [hivemq-test-hivemq-platform] [hivemq-platform-operator] [3e25aa9c] 17:09:37.339 [pool-6-thread-3] DEBUG c.h.p.o.dependants.PodInfoConfigMap - [helmwebs] Desired PodInfo ConfigMap (1 extensions) (1 enabled)
2025-01-29 17:09:37,341 INFO c.h.h.t.HelmChartContainer - [hivemq-test-hivemq-platform] [hivemq-platform-operator] [3e25aa9c] 17:09:37.339 [pool-6-thread-3] DEBUG c.h.p.o.dependants.PodInfoConfigMap - [helmwebs] Desired PodInfo ConfigMap (metrics port: 9399) (metrics path: /)
2025-01-29 17:09:37,341 INFO c.h.h.t.HelmChartContainer - [hivemq-test-hivemq-platform] [hivemq-platform-operator] [3e25aa9c] 17:09:37.339 [pool-6-thread-3] DEBUG c.h.p.o.dependants.PodInfoConfigMap - [helmwebs] Desired PodInfo ConfigMap (extension state hash: -1817474005)
2025-01-29 17:09:37,347 INFO c.h.h.t.HelmChartContainer - [hivemq-test-hivemq-platform] [hivemq-platform-operator] [3e25aa9c] 17:09:37.345 [pool-6-thread-6] DEBUG c.h.p.o.d.StatefulSetResource - [helmwebs] Desired StatefulSet (1 replicas) for status STARTING (READY)
2025-01-29 17:09:37,428 INFO c.h.h.t.HelmChartContainer - [hivemq-test-hivemq-platform] [hivemq-platform-operator] [3e25aa9c] 17:09:37.426 [ReconcilerExecutor-hivemq-controller-109] INFO  c.h.p.o.HiveMQPlatformReconciler - [helmwebs] Reconciling HiveMQ Platform 'test-hivemq-platform' in namespace 'helmwebsocketsit'
2025-01-29 17:09:37,430 INFO c.h.h.t.HelmChartContainer - [hivemq-test-hivemq-platform] [hivemq-platform-operator] [3e25aa9c] 17:09:37.427 [ReconcilerExecutor-hivemq-controller-109] DEBUG c.h.p.o.HiveMQPlatformReconciler - [helmwebs] Custom Resource Status STARTING - HiveMQ Platform is starting (READY)
2025-01-29 17:09:37,430 INFO c.h.h.t.HelmChartContainer - [hivemq-test-hivemq-platform] [hivemq-platform-operator] [3e25aa9c] 17:09:37.427 [ReconcilerExecutor-hivemq-controller-109] DEBUG c.h.p.o.HiveMQPlatformReconciler - [helmwebs] Custom Resource Spec (replicas: 1) (extensions: 1)
2025-01-29 17:09:37,432 INFO c.h.h.t.HelmChartContainer - [hivemq-test-hivemq-platform] [hivemq-platform-operator] [3e25aa9c] 17:09:37.430 [ReconcilerExecutor-hivemq-controller-109] DEBUG c.h.p.o.HiveMQPlatformReconciler - [helmwebs] StatefulSet Status (revision: test-hivemq-platform-85b6ccfbd7, replicas: 1, available: 0, ready: 0, current: 1, updated: 1)
2025-01-29 17:09:37,433 INFO c.h.h.t.HelmChartContainer - [hivemq-test-hivemq-platform] [hivemq-platform-operator] [3e25aa9c] 17:09:37.430 [ReconcilerExecutor-hivemq-controller-109] DEBUG c.h.p.o.HiveMQPlatformReconciler - [helmwebs] StatefulSet Spec (replicas: 1, init containers: 1, containers: 1, volumes: 7)
2025-01-29 17:09:37,434 INFO c.h.h.t.HelmChartContainer - [hivemq-test-hivemq-platform] [hivemq-platform-operator] [3e25aa9c] 17:09:37.432 [ReconcilerExecutor-hivemq-controller-109] DEBUG c.h.p.o.h.HiveMQPlatformReconcilerErrorHandler - [helmwebs] Pod 'test-hivemq-platform-0' phase Running
2025-01-29 17:09:37,435 INFO c.h.h.t.HelmChartContainer - [hivemq-test-hivemq-platform] [hivemq-platform-operator] [3e25aa9c] 17:09:37.433 [ReconcilerExecutor-hivemq-controller-109] INFO  c.h.p.o.h.HiveMQPlatformReconcilerBaseHandler - [helmwebs] HiveMQ Platform is starting, 0 of 1 replicas are ready
2025-01-29 17:09:38,671 INFO c.h.h.t.HelmChartContainer - [test-hivemq-platform] [hivemq] [155c2a41] WARN  - [HiveMQ Platform Operator Init App 1.7.0-SNAPSHOT] Cannot connect to Health API for readiness: null
2025-01-29 17:09:38,677 INFO c.h.h.t.HelmChartContainer - [EVENT] Warning [Unhealthy] Readiness probe failed: HTTP probe failed with statuscode: 503 [helmwebsocketsit:test-hivemq-platform-0]
2025-01-29 17:09:38,677 INFO c.h.h.t.HelmChartContainer - Received Unhealthy event for container hivemq in pod test-hivemq-platform-0 [155c2a41-9bc4-4719-9e95-e599390f77b5]
2025-01-29 17:09:41,172 INFO c.h.h.t.HelmChartContainer - [test-hivemq-platform] [hivemq] [155c2a41] Jan 29, 2025 5:09:41 PM io.vertx.core.impl.BlockedThreadChecker
2025-01-29 17:09:41,172 INFO c.h.h.t.HelmChartContainer - [test-hivemq-platform] [hivemq] [155c2a41] WARNING: Thread Thread[vert.x-eventloop-thread-1,5,main] has been blocked for 2293 ms, time limit is 2000 ms
2025-01-29 17:09:41,967 INFO c.h.h.t.HelmChartContainer - [test-hivemq-platform] [hivemq] [155c2a41] INFO  - [HiveMQ Platform Operator Init App 1.7.0-SNAPSHOT] Updating Pod HiveMQ Platform Operator Init App version annotation (version: 1.7.0-SNAPSHOT)
2025-01-29 17:09:42,779 INFO c.h.h.t.HelmChartContainer - [POD] test-hivemq-platform-0 [155c2a41-9bc4-4719-9e95-e599390f77b5] in helmwebsocketsit was MODIFIED
2025-01-29 17:09:42,788 INFO c.h.h.t.HelmChartContainer - [hivemq-test-hivemq-platform] [hivemq-platform-operator] [3e25aa9c] 17:09:42.786 [pool-6-thread-16] DEBUG c.h.p.o.d.PlatformServiceResource - [helmwebs] Desired Platform services (4 services)
2025-01-29 17:09:42,790 INFO c.h.h.t.HelmChartContainer - [hivemq-test-hivemq-platform] [hivemq-platform-operator] [3e25aa9c] 17:09:42.787 [pool-6-thread-14] DEBUG c.h.p.o.d.PodServiceAccountResource - [helmwebs] Desired PodServiceAccountResource (serviceAccountName: hivemq-platform-pod-test-hivemq-platform)
2025-01-29 17:09:42,791 INFO c.h.h.t.HelmChartContainer - [hivemq-test-hivemq-platform] [hivemq-platform-operator] [3e25aa9c] 17:09:42.790 [pool-6-thread-11] DEBUG c.h.p.o.dependants.PodInfoConfigMap - [helmwebs] Desired PodInfo ConfigMap (1 extensions) (1 enabled)
2025-01-29 17:09:42,792 INFO c.h.h.t.HelmChartContainer - [hivemq-test-hivemq-platform] [hivemq-platform-operator] [3e25aa9c] 17:09:42.792 [pool-6-thread-11] DEBUG c.h.p.o.dependants.PodInfoConfigMap - [helmwebs] Desired PodInfo ConfigMap (metrics port: 9399) (metrics path: /)
2025-01-29 17:09:42,795 INFO c.h.h.t.HelmChartContainer - [hivemq-test-hivemq-platform] [hivemq-platform-operator] [3e25aa9c] 17:09:42.792 [pool-6-thread-11] DEBUG c.h.p.o.dependants.PodInfoConfigMap - [helmwebs] Desired PodInfo ConfigMap (extension state hash: -1817474005)
2025-01-29 17:09:42,830 INFO c.h.h.t.HelmChartContainer - [hivemq-test-hivemq-platform] [hivemq-platform-operator] [3e25aa9c] 17:09:42.829 [pool-6-thread-16] DEBUG c.h.p.o.d.StatefulSetResource - [helmwebs] Desired StatefulSet (1 replicas) for status STARTING (READY)
2025-01-29 17:09:42,839 INFO c.h.h.t.HelmChartContainer - [hivemq-test-hivemq-platform] [hivemq-platform-operator] [3e25aa9c] 17:09:42.836 [ReconcilerExecutor-hivemq-controller-110] INFO  c.h.p.o.HiveMQPlatformReconciler - [helmwebs] Reconciling HiveMQ Platform 'test-hivemq-platform' in namespace 'helmwebsocketsit'
2025-01-29 17:09:42,839 INFO c.h.h.t.HelmChartContainer - [hivemq-test-hivemq-platform] [hivemq-platform-operator] [3e25aa9c] 17:09:42.836 [ReconcilerExecutor-hivemq-controller-110] DEBUG c.h.p.o.HiveMQPlatformReconciler - [helmwebs] Custom Resource Status STARTING - HiveMQ Platform is starting (READY)
2025-01-29 17:09:42,839 INFO c.h.h.t.HelmChartContainer - [hivemq-test-hivemq-platform] [hivemq-platform-operator] [3e25aa9c] 17:09:42.836 [ReconcilerExecutor-hivemq-controller-110] DEBUG c.h.p.o.HiveMQPlatformReconciler - [helmwebs] Custom Resource Spec (replicas: 1) (extensions: 1)
2025-01-29 17:09:42,864 INFO c.h.h.t.HelmChartContainer - [hivemq-test-hivemq-platform] [hivemq-platform-operator] [3e25aa9c] 17:09:42.838 [ReconcilerExecutor-hivemq-controller-110] DEBUG c.h.p.o.HiveMQPlatformReconciler - [helmwebs] StatefulSet Status (revision: test-hivemq-platform-85b6ccfbd7, replicas: 1, available: 0, ready: 0, current: 1, updated: 1)
2025-01-29 17:09:42,865 INFO c.h.h.t.HelmChartContainer - [hivemq-test-hivemq-platform] [hivemq-platform-operator] [3e25aa9c] 17:09:42.838 [ReconcilerExecutor-hivemq-controller-110] DEBUG c.h.p.o.HiveMQPlatformReconciler - [helmwebs] StatefulSet Spec (replicas: 1, init containers: 1, containers: 1, volumes: 7)
2025-01-29 17:09:42,865 INFO c.h.h.t.HelmChartContainer - [hivemq-test-hivemq-platform] [hivemq-platform-operator] [3e25aa9c] 17:09:42.840 [ReconcilerExecutor-hivemq-controller-110] DEBUG c.h.p.o.h.HiveMQPlatformReconcilerErrorHandler - [helmwebs] Pod 'test-hivemq-platform-0' phase Running
2025-01-29 17:09:42,865 INFO c.h.h.t.HelmChartContainer - [hivemq-test-hivemq-platform] [hivemq-platform-operator] [3e25aa9c] 17:09:42.841 [ReconcilerExecutor-hivemq-controller-110] INFO  c.h.p.o.h.HiveMQPlatformReconcilerBaseHandler - [helmwebs] HiveMQ Platform is starting, 0 of 1 replicas are ready
2025-01-29 17:09:42,866 INFO c.h.h.t.HelmChartContainer - [test-hivemq-platform] [hivemq] [155c2a41] WARN  - [HiveMQ Platform Operator Init App 1.7.0-SNAPSHOT] Cannot connect to Health API for readiness: null
2025-01-29 17:09:42,873 INFO c.h.h.t.HelmChartContainer - [test-hivemq-platform] [hivemq] [155c2a41] INFO  - [HiveMQ Platform Operator Init App 1.7.0-SNAPSHOT] Successfully updated Pod HiveMQ Platform Operator Init App version annotation (version: 1.7.0-SNAPSHOT)
2025-01-29 17:09:42,875 INFO c.h.h.t.HelmChartContainer - [EVENT] Warning [Unhealthy] Readiness probe failed: HTTP probe failed with statuscode: 503 [helmwebsocketsit:test-hivemq-platform-0]
2025-01-29 17:09:42,875 INFO c.h.h.t.HelmChartContainer - Received Unhealthy event for container hivemq in pod test-hivemq-platform-0 [155c2a41-9bc4-4719-9e95-e599390f77b5]
2025-01-29 17:09:47,780 INFO c.h.h.t.HelmChartContainer - [test-hivemq-platform] [hivemq] [155c2a41] WARN  - [HiveMQ Platform Operator Init App 1.7.0-SNAPSHOT] Cannot connect to Health API for readiness: null
2025-01-29 17:09:47,785 INFO c.h.h.t.HelmChartContainer - [EVENT] Warning [Unhealthy] Readiness probe failed: HTTP probe failed with statuscode: 503 [helmwebsocketsit:test-hivemq-platform-0]
2025-01-29 17:09:47,785 INFO c.h.h.t.HelmChartContainer - Received Unhealthy event for container hivemq in pod test-hivemq-platform-0 [155c2a41-9bc4-4719-9e95-e599390f77b5]
2025-01-29 17:09:52,834 INFO c.h.h.t.HelmChartContainer - [test-hivemq-platform] [hivemq] [155c2a41] WARN  - [HiveMQ Platform Operator Init App 1.7.0-SNAPSHOT] Cannot connect to Health API for readiness: null
2025-01-29 17:09:52,838 INFO c.h.h.t.HelmChartContainer - [EVENT] Warning [Unhealthy] Readiness probe failed: HTTP probe failed with statuscode: 503 [helmwebsocketsit:test-hivemq-platform-0]
2025-01-29 17:09:52,838 INFO c.h.h.t.HelmChartContainer - Received Unhealthy event for container hivemq in pod test-hivemq-platform-0 [155c2a41-9bc4-4719-9e95-e599390f77b5]
2025-01-29 17:09:52,850 INFO c.h.h.t.HelmChartContainer - [hivemq-test-hivemq-platform] [hivemq-platform-operator] [3e25aa9c] 17:09:52.845 [pool-6-thread-23] DEBUG c.h.p.o.d.PlatformServiceResource - [helmwebs] Desired Platform services (4 services)
2025-01-29 17:09:52,850 INFO c.h.h.t.HelmChartContainer - [hivemq-test-hivemq-platform] [hivemq-platform-operator] [3e25aa9c] 17:09:52.846 [pool-6-thread-26] DEBUG c.h.p.o.dependants.PodInfoConfigMap - [helmwebs] Desired PodInfo ConfigMap (1 extensions) (1 enabled)
2025-01-29 17:09:52,851 INFO c.h.h.t.HelmChartContainer - [hivemq-test-hivemq-platform] [hivemq-platform-operator] [3e25aa9c] 17:09:52.846 [pool-6-thread-26] DEBUG c.h.p.o.dependants.PodInfoConfigMap - [helmwebs] Desired PodInfo ConfigMap (metrics port: 9399) (metrics path: /)
2025-01-29 17:09:52,851 INFO c.h.h.t.HelmChartContainer - [hivemq-test-hivemq-platform] [hivemq-platform-operator] [3e25aa9c] 17:09:52.846 [pool-6-thread-26] DEBUG c.h.p.o.dependants.PodInfoConfigMap - [helmwebs] Desired PodInfo ConfigMap (extension state hash: -1817474005)
2025-01-29 17:09:52,851 INFO c.h.h.t.HelmChartContainer - [hivemq-test-hivemq-platform] [hivemq-platform-operator] [3e25aa9c] 17:09:52.848 [pool-6-thread-27] DEBUG c.h.p.o.d.PodServiceAccountResource - [helmwebs] Desired PodServiceAccountResource (serviceAccountName: hivemq-platform-pod-test-hivemq-platform)
2025-01-29 17:09:52,853 INFO c.h.h.t.HelmChartContainer - [hivemq-test-hivemq-platform] [hivemq-platform-operator] [3e25aa9c] 17:09:52.852 [pool-6-thread-23] DEBUG c.h.p.o.d.StatefulSetResource - [helmwebs] Desired StatefulSet (1 replicas) for status STARTING (READY)
2025-01-29 17:09:52,859 INFO c.h.h.t.HelmChartContainer - [hivemq-test-hivemq-platform] [hivemq-platform-operator] [3e25aa9c] 17:09:52.857 [ReconcilerExecutor-hivemq-controller-111] INFO  c.h.p.o.HiveMQPlatformReconciler - [helmwebs] Reconciling HiveMQ Platform 'test-hivemq-platform' in namespace 'helmwebsocketsit'
2025-01-29 17:09:52,859 INFO c.h.h.t.HelmChartContainer - [hivemq-test-hivemq-platform] [hivemq-platform-operator] [3e25aa9c] 17:09:52.857 [ReconcilerExecutor-hivemq-controller-111] DEBUG c.h.p.o.HiveMQPlatformReconciler - [helmwebs] Custom Resource Status STARTING - HiveMQ Platform is starting (READY)
2025-01-29 17:09:52,859 INFO c.h.h.t.HelmChartContainer - [hivemq-test-hivemq-platform] [hivemq-platform-operator] [3e25aa9c] 17:09:52.857 [ReconcilerExecutor-hivemq-controller-111] DEBUG c.h.p.o.HiveMQPlatformReconciler - [helmwebs] Custom Resource Spec (replicas: 1) (extensions: 1)
2025-01-29 17:09:52,928 INFO c.h.h.t.HelmChartContainer - [hivemq-test-hivemq-platform] [hivemq-platform-operator] [3e25aa9c] 17:09:52.927 [ReconcilerExecutor-hivemq-controller-111] DEBUG c.h.p.o.HiveMQPlatformReconciler - [helmwebs] StatefulSet Status (revision: test-hivemq-platform-85b6ccfbd7, replicas: 1, available: 0, ready: 0, current: 1, updated: 1)
2025-01-29 17:09:52,928 INFO c.h.h.t.HelmChartContainer - [hivemq-test-hivemq-platform] [hivemq-platform-operator] [3e25aa9c] 17:09:52.927 [ReconcilerExecutor-hivemq-controller-111] DEBUG c.h.p.o.HiveMQPlatformReconciler - [helmwebs] StatefulSet Spec (replicas: 1, init containers: 1, containers: 1, volumes: 7)
2025-01-29 17:09:52,929 INFO c.h.h.t.HelmChartContainer - [hivemq-test-hivemq-platform] [hivemq-platform-operator] [3e25aa9c] 17:09:52.928 [ReconcilerExecutor-hivemq-controller-111] DEBUG c.h.p.o.h.HiveMQPlatformReconcilerErrorHandler - [helmwebs] Pod 'test-hivemq-platform-0' phase Running
2025-01-29 17:09:52,930 INFO c.h.h.t.HelmChartContainer - [hivemq-test-hivemq-platform] [hivemq-platform-operator] [3e25aa9c] 17:09:52.929 [ReconcilerExecutor-hivemq-controller-111] INFO  c.h.p.o.h.HiveMQPlatformReconcilerBaseHandler - [helmwebs] HiveMQ Platform is starting, 0 of 1 replicas are ready
2025-01-29 17:09:53,967 INFO c.h.h.t.HelmChartContainer - [test-hivemq-platform] [hivemq] [155c2a41] WARN  - [HiveMQ Platform Operator Init App 1.7.0-SNAPSHOT] Cannot connect to Health API for liveness: null
2025-01-29 17:09:53,967 INFO c.h.h.t.HelmChartContainer - [test-hivemq-platform] [hivemq] [155c2a41] INFO  - [HiveMQ Platform Operator Init App 1.7.0-SNAPSHOT] Returning default Health API response 200 for liveness
2025-01-29 17:09:54,767 INFO c.h.h.t.HelmChartContainer - [test-hivemq-platform] [hivemq] [155c2a41] INFO  - No valid license file found. Using trial license, restricted to 25 connections.
2025-01-29 17:09:57,871 INFO c.h.h.t.HelmChartContainer - [test-hivemq-platform] [hivemq] [155c2a41] WARN  - [HiveMQ Platform Operator Init App 1.7.0-SNAPSHOT] Cannot connect to Health API for readiness: null
2025-01-29 17:09:57,873 INFO c.h.h.t.HelmChartContainer - [EVENT] Warning [Unhealthy] Readiness probe failed: HTTP probe failed with statuscode: 503 [helmwebsocketsit:test-hivemq-platform-0]
2025-01-29 17:09:57,873 INFO c.h.h.t.HelmChartContainer - Received Unhealthy event for container hivemq in pod test-hivemq-platform-0 [155c2a41-9bc4-4719-9e95-e599390f77b5]
2025-01-29 17:09:58,167 INFO c.h.h.t.HelmChartContainer - [test-hivemq-platform] [hivemq] [155c2a41] INFO  - No valid license file for Data Hub found. Using free license, restricted to 1 policy.
2025-01-29 17:09:59,371 INFO c.h.h.t.HelmChartContainer - [test-hivemq-platform] [hivemq] [155c2a41] INFO  - Audit Logger started.
2025-01-29 17:09:59,635 INFO c.h.h.t.HelmChartContainer - [test-hivemq-platform] [hivemq] [155c2a41] INFO  - This node uses '1' CPU cores.
2025-01-29 17:09:59,666 INFO c.h.h.t.HelmChartContainer - [test-hivemq-platform] [hivemq] [155c2a41] INFO  - Starting HiveMQ Health API on address 0.0.0.0 and port 8889
2025-01-29 17:10:00,376 INFO c.h.h.t.HelmChartContainer - [test-hivemq-platform] [hivemq] [155c2a41] INFO  - Started HiveMQ Health API in 708ms
2025-01-29 17:10:01,164 INFO c.h.h.t.HelmChartContainer - [test-hivemq-platform] [hivemq] [155c2a41] INFO  - Starting HiveMQ extension system.
2025-01-29 17:10:01,376 INFO c.h.h.t.HelmChartContainer - [test-hivemq-platform] [hivemq] [155c2a41] INFO  - Starting extension with id "hivemq-dns-cluster-discovery" at /opt/hivemq/extensions/hivemq-dns-cluster-discovery
2025-01-29 17:10:01,869 INFO c.h.h.t.HelmChartContainer - [test-hivemq-platform] [hivemq] [155c2a41] INFO  - Extension "DNS Cluster Discovery Extension" version 4.3.2 started successfully.
2025-01-29 17:10:01,872 INFO c.h.h.t.HelmChartContainer - [test-hivemq-platform] [hivemq] [155c2a41] INFO  - Starting extension with id "hivemq-prometheus-extension" at /opt/hivemq/extensions/hivemq-prometheus-extension
2025-01-29 17:10:02,065 INFO c.h.h.t.HelmChartContainer - [test-hivemq-platform] [hivemq] [155c2a41] INFO  - Using TCP cluster transport on address 10.42.0.14 and port 7000
2025-01-29 17:10:02,072 INFO c.h.h.t.HelmChartContainer - [test-hivemq-platform] [hivemq] [155c2a41] INFO  - Using extension cluster discovery
2025-01-29 17:10:02,940 INFO c.h.h.t.HelmChartContainer - [hivemq-test-hivemq-platform] [hivemq-platform-operator] [3e25aa9c] 17:10:02.936 [pool-6-thread-31] DEBUG c.h.p.o.d.PlatformServiceResource - [helmwebs] Desired Platform services (4 services)
2025-01-29 17:10:02,941 INFO c.h.h.t.HelmChartContainer - [hivemq-test-hivemq-platform] [hivemq-platform-operator] [3e25aa9c] 17:10:02.937 [pool-6-thread-35] DEBUG c.h.p.o.dependants.PodInfoConfigMap - [helmwebs] Desired PodInfo ConfigMap (1 extensions) (1 enabled)
2025-01-29 17:10:02,941 INFO c.h.h.t.HelmChartContainer - [hivemq-test-hivemq-platform] [hivemq-platform-operator] [3e25aa9c] 17:10:02.937 [pool-6-thread-35] DEBUG c.h.p.o.dependants.PodInfoConfigMap - [helmwebs] Desired PodInfo ConfigMap (metrics port: 9399) (metrics path: /)
2025-01-29 17:10:02,942 INFO c.h.h.t.HelmChartContainer - [hivemq-test-hivemq-platform] [hivemq-platform-operator] [3e25aa9c] 17:10:02.937 [pool-6-thread-35] DEBUG c.h.p.o.dependants.PodInfoConfigMap - [helmwebs] Desired PodInfo ConfigMap (extension state hash: -1817474005)
2025-01-29 17:10:02,942 INFO c.h.h.t.HelmChartContainer - [hivemq-test-hivemq-platform] [hivemq-platform-operator] [3e25aa9c] 17:10:02.939 [pool-6-thread-34] DEBUG c.h.p.o.d.PodServiceAccountResource - [helmwebs] Desired PodServiceAccountResource (serviceAccountName: hivemq-platform-pod-test-hivemq-platform)
2025-01-29 17:10:02,946 INFO c.h.h.t.HelmChartContainer - [hivemq-test-hivemq-platform] [hivemq-platform-operator] [3e25aa9c] 17:10:02.945 [pool-6-thread-35] DEBUG c.h.p.o.d.StatefulSetResource - [helmwebs] Desired StatefulSet (1 replicas) for status STARTING (READY)
2025-01-29 17:10:03,031 INFO c.h.h.t.HelmChartContainer - [hivemq-test-hivemq-platform] [hivemq-platform-operator] [3e25aa9c] 17:10:03.026 [ReconcilerExecutor-hivemq-controller-112] INFO  c.h.p.o.HiveMQPlatformReconciler - [helmwebs] Reconciling HiveMQ Platform 'test-hivemq-platform' in namespace 'helmwebsocketsit'
2025-01-29 17:10:03,031 INFO c.h.h.t.HelmChartContainer - [hivemq-test-hivemq-platform] [hivemq-platform-operator] [3e25aa9c] 17:10:03.027 [ReconcilerExecutor-hivemq-controller-112] DEBUG c.h.p.o.HiveMQPlatformReconciler - [helmwebs] Custom Resource Status STARTING - HiveMQ Platform is starting (READY)
2025-01-29 17:10:03,031 INFO c.h.h.t.HelmChartContainer - [hivemq-test-hivemq-platform] [hivemq-platform-operator] [3e25aa9c] 17:10:03.027 [ReconcilerExecutor-hivemq-controller-112] DEBUG c.h.p.o.HiveMQPlatformReconciler - [helmwebs] Custom Resource Spec (replicas: 1) (extensions: 1)
2025-01-29 17:10:03,031 INFO c.h.h.t.HelmChartContainer - [hivemq-test-hivemq-platform] [hivemq-platform-operator] [3e25aa9c] 17:10:03.029 [ReconcilerExecutor-hivemq-controller-112] DEBUG c.h.p.o.HiveMQPlatformReconciler - [helmwebs] StatefulSet Status (revision: test-hivemq-platform-85b6ccfbd7, replicas: 1, available: 0, ready: 0, current: 1, updated: 1)
2025-01-29 17:10:03,031 INFO c.h.h.t.HelmChartContainer - [hivemq-test-hivemq-platform] [hivemq-platform-operator] [3e25aa9c] 17:10:03.029 [ReconcilerExecutor-hivemq-controller-112] DEBUG c.h.p.o.HiveMQPlatformReconciler - [helmwebs] StatefulSet Spec (replicas: 1, init containers: 1, containers: 1, volumes: 7)
2025-01-29 17:10:03,033 INFO c.h.h.t.HelmChartContainer - [hivemq-test-hivemq-platform] [hivemq-platform-operator] [3e25aa9c] 17:10:03.032 [ReconcilerExecutor-hivemq-controller-112] DEBUG c.h.p.o.h.HiveMQPlatformReconcilerErrorHandler - [helmwebs] Pod 'test-hivemq-platform-0' phase Running
2025-01-29 17:10:03,035 INFO c.h.h.t.HelmChartContainer - [hivemq-test-hivemq-platform] [hivemq-platform-operator] [3e25aa9c] 17:10:03.033 [ReconcilerExecutor-hivemq-controller-112] INFO  c.h.p.o.h.HiveMQPlatformReconcilerBaseHandler - [helmwebs] HiveMQ Platform is starting, 0 of 1 replicas are ready
2025-01-29 17:10:03,064 INFO c.h.h.t.HelmChartContainer - [test-hivemq-platform] [hivemq] [155c2a41] INFO  - Started Jetty Server exposing Prometheus Servlet on URI http://0.0.0.0:9399/
2025-01-29 17:10:03,065 INFO c.h.h.t.HelmChartContainer - [test-hivemq-platform] [hivemq] [155c2a41] INFO  - Extension "Prometheus Monitoring Extension" version 4.0.12 started successfully.
2025-01-29 17:10:03,066 INFO c.h.h.t.HelmChartContainer - [test-hivemq-platform] [hivemq] [155c2a41] INFO  - Starting extension with id "hivemq-allow-all-extension" at /opt/hivemq/extensions/hivemq-allow-all-extension
2025-01-29 17:10:03,067 INFO c.h.h.t.HelmChartContainer - [test-hivemq-platform] [hivemq] [155c2a41] WARN  - 
2025-01-29 17:10:03,067 INFO c.h.h.t.HelmChartContainer - [test-hivemq-platform] [hivemq] [155c2a41] ################################################################################################################
2025-01-29 17:10:03,067 INFO c.h.h.t.HelmChartContainer - [test-hivemq-platform] [hivemq] [155c2a41] # This HiveMQ deployment is not secure! You are lacking Authentication and Authorization.                      #
2025-01-29 17:10:03,067 INFO c.h.h.t.HelmChartContainer - [test-hivemq-platform] [hivemq] [155c2a41] # Right now any MQTT client can connect to the broker with a full set of permissions.                          #
2025-01-29 17:10:03,067 INFO c.h.h.t.HelmChartContainer - [test-hivemq-platform] [hivemq] [155c2a41] # For production usage, add an appropriate security extension and remove the hivemq-allow-all extension.       #
2025-01-29 17:10:03,067 INFO c.h.h.t.HelmChartContainer - [test-hivemq-platform] [hivemq] [155c2a41] # You can download security extensions from the HiveMQ Marketplace (https://www.hivemq.com/extensions/).       #
2025-01-29 17:10:03,067 INFO c.h.h.t.HelmChartContainer - [test-hivemq-platform] [hivemq] [155c2a41] ################################################################################################################
2025-01-29 17:10:03,067 INFO c.h.h.t.HelmChartContainer - [test-hivemq-platform] [hivemq] [155c2a41] INFO  - Extension "Allow All Extension" version 1.1.1 started successfully.
2025-01-29 17:10:03,673 INFO c.h.h.t.HelmChartContainer - [test-hivemq-platform] [hivemq] [155c2a41] INFO  - [HiveMQ Platform Operator Init App 1.7.0-SNAPSHOT] Returning Health API response 503 for readiness
2025-01-29 17:10:03,678 INFO c.h.h.t.HelmChartContainer - [EVENT] Warning [Unhealthy] Readiness probe failed: HTTP probe failed with statuscode: 503 [helmwebsocketsit:test-hivemq-platform-0]
2025-01-29 17:10:03,678 INFO c.h.h.t.HelmChartContainer - Received Unhealthy event for container hivemq in pod test-hivemq-platform-0 [155c2a41-9bc4-4719-9e95-e599390f77b5]
2025-01-29 17:10:05,170 INFO c.h.h.t.HelmChartContainer - [test-hivemq-platform] [hivemq] [155c2a41] INFO  - FCF8V: no members discovered after 2402 ms: creating cluster as first member
2025-01-29 17:10:05,178 INFO c.h.h.t.HelmChartContainer - [test-hivemq-platform] [hivemq] [155c2a41] INFO  - Cluster nodes found by discovery: [FCF8V|0] (1) [FCF8V].
2025-01-29 17:10:05,270 INFO c.h.h.t.HelmChartContainer - [test-hivemq-platform] [hivemq] [155c2a41] WARN  - No user for HiveMQ Control Center configured. Starting with default user
2025-01-29 17:10:05,270 INFO c.h.h.t.HelmChartContainer - [test-hivemq-platform] [hivemq] [155c2a41] INFO  - Starting HiveMQ Control Center on address 127.0.0.1 and port 8080
2025-01-29 17:10:05,270 INFO c.h.h.t.HelmChartContainer - [test-hivemq-platform] [hivemq] [155c2a41] INFO  - Mounting HiveMQ Control Center V2 Preview
2025-01-29 17:10:05,969 INFO c.h.h.t.HelmChartContainer - [test-hivemq-platform] [hivemq] [155c2a41] INFO  - Started HiveMQ Control Center in 701ms
2025-01-29 17:10:05,984 INFO c.h.h.t.HelmChartContainer - [test-hivemq-platform] [hivemq] [155c2a41] INFO  - Starting Websocket listener on address 0.0.0.0 and port 8002
2025-01-29 17:10:06,773 INFO c.h.h.t.HelmChartContainer - [test-hivemq-platform] [hivemq] [155c2a41] INFO  - Enabled protocols for Websocket Listener with TLS at address 0.0.0.0 and port 8003: [TLSv1.3, TLSv1.2]
2025-01-29 17:10:06,773 INFO c.h.h.t.HelmChartContainer - [test-hivemq-platform] [hivemq] [155c2a41] INFO  - Enabled cipher suites for Websocket Listener with TLS at address 0.0.0.0 and port 8003: [TLS_ECDHE_ECDSA_WITH_AES_256_GCM_SHA384, TLS_ECDHE_ECDSA_WITH_AES_128_GCM_SHA256, TLS_ECDHE_RSA_WITH_AES_128_GCM_SHA256, TLS_ECDHE_RSA_WITH_AES_256_GCM_SHA384, TLS_ECDHE_RSA_WITH_AES_128_CBC_SHA, TLS_ECDHE_RSA_WITH_AES_256_CBC_SHA, TLS_RSA_WITH_AES_128_GCM_SHA256, TLS_RSA_WITH_AES_128_CBC_SHA, TLS_RSA_WITH_AES_256_CBC_SHA, TLS_AES_128_GCM_SHA256, TLS_AES_256_GCM_SHA384]
2025-01-29 17:10:06,774 INFO c.h.h.t.HelmChartContainer - [test-hivemq-platform] [hivemq] [155c2a41] INFO  - Starting Websocket TLS listener on address 0.0.0.0 and port 8003
2025-01-29 17:10:06,880 INFO c.h.h.t.HelmChartContainer - [test-hivemq-platform] [hivemq] [155c2a41] INFO  - Enabled protocols for Websocket Listener with TLS at address 0.0.0.0 and port 8004: [TLSv1.3, TLSv1.2]
2025-01-29 17:10:06,881 INFO c.h.h.t.HelmChartContainer - [test-hivemq-platform] [hivemq] [155c2a41] INFO  - Enabled cipher suites for Websocket Listener with TLS at address 0.0.0.0 and port 8004: [TLS_ECDHE_ECDSA_WITH_AES_256_GCM_SHA384, TLS_ECDHE_ECDSA_WITH_AES_128_GCM_SHA256, TLS_ECDHE_RSA_WITH_AES_128_GCM_SHA256, TLS_ECDHE_RSA_WITH_AES_256_GCM_SHA384, TLS_ECDHE_RSA_WITH_AES_128_CBC_SHA, TLS_ECDHE_RSA_WITH_AES_256_CBC_SHA, TLS_RSA_WITH_AES_128_GCM_SHA256, TLS_RSA_WITH_AES_128_CBC_SHA, TLS_RSA_WITH_AES_256_CBC_SHA, TLS_AES_128_GCM_SHA256, TLS_AES_256_GCM_SHA384]
2025-01-29 17:10:06,881 INFO c.h.h.t.HelmChartContainer - [test-hivemq-platform] [hivemq] [155c2a41] INFO  - Starting Websocket TLS listener on address 0.0.0.0 and port 8004
2025-01-29 17:10:06,882 INFO c.h.h.t.HelmChartContainer - [test-hivemq-platform] [hivemq] [155c2a41] INFO  - Started Websocket Listener on address 0.0.0.0 and on port 8002.
2025-01-29 17:10:06,883 INFO c.h.h.t.HelmChartContainer - [test-hivemq-platform] [hivemq] [155c2a41] INFO  - Started Websocket Listener with TLS on address 0.0.0.0 and on port 8003.
2025-01-29 17:10:06,883 INFO c.h.h.t.HelmChartContainer - [test-hivemq-platform] [hivemq] [155c2a41] INFO  - Started Websocket Listener with TLS on address 0.0.0.0 and on port 8004.
2025-01-29 17:10:06,883 INFO c.h.h.t.HelmChartContainer - [test-hivemq-platform] [hivemq] [155c2a41] INFO  - Started HiveMQ in 32407ms
2025-01-29 17:10:07,782 INFO c.h.h.t.HelmChartContainer - [test-hivemq-platform] [hivemq] [155c2a41] INFO  - [HiveMQ Platform Operator Init App 1.7.0-SNAPSHOT] Returning Health API response 200 for readiness
2025-01-29 17:10:07,798 INFO c.h.h.t.HelmChartContainer - [POD] test-hivemq-platform-0 [155c2a41-9bc4-4719-9e95-e599390f77b5] in helmwebsocketsit was MODIFIED
2025-01-29 17:10:07,813 INFO c.h.h.t.HelmChartContainer - [hivemq-test-hivemq-platform] [hivemq-platform-operator] [3e25aa9c] 17:10:07.805 [pool-6-thread-41] DEBUG c.h.p.o.d.PlatformServiceResource - [helmwebs] Desired Platform services (4 services)
2025-01-29 17:10:07,813 INFO c.h.h.t.HelmChartContainer - [hivemq-test-hivemq-platform] [hivemq-platform-operator] [3e25aa9c] 17:10:07.807 [pool-6-thread-47] DEBUG c.h.p.o.dependants.PodInfoConfigMap - [helmwebs] Desired PodInfo ConfigMap (1 extensions) (1 enabled)
2025-01-29 17:10:07,818 INFO c.h.h.t.HelmChartContainer - [hivemq-test-hivemq-platform] [hivemq-platform-operator] [3e25aa9c] 17:10:07.808 [pool-6-thread-47] DEBUG c.h.p.o.dependants.PodInfoConfigMap - [helmwebs] Desired PodInfo ConfigMap (metrics port: 9399) (metrics path: /)
2025-01-29 17:10:07,818 INFO c.h.h.t.HelmChartContainer - [hivemq-test-hivemq-platform] [hivemq-platform-operator] [3e25aa9c] 17:10:07.808 [pool-6-thread-47] DEBUG c.h.p.o.dependants.PodInfoConfigMap - [helmwebs] Desired PodInfo ConfigMap (extension state hash: -1817474005)
2025-01-29 17:10:07,822 INFO c.h.h.t.HelmChartContainer - [hivemq-test-hivemq-platform] [hivemq-platform-operator] [3e25aa9c] 17:10:07.809 [pool-6-thread-45] DEBUG c.h.p.o.d.PodServiceAccountResource - [helmwebs] Desired PodServiceAccountResource (serviceAccountName: hivemq-platform-pod-test-hivemq-platform)
2025-01-29 17:10:07,833 INFO c.h.h.t.HelmChartContainer - [hivemq-test-hivemq-platform] [hivemq-platform-operator] [3e25aa9c] 17:10:07.830 [pool-6-thread-41] DEBUG c.h.p.o.d.StatefulSetResource - [helmwebs] Desired StatefulSet (1 replicas) for status STARTING (READY)
2025-01-29 17:10:07,838 INFO c.h.h.t.HelmChartContainer - [hivemq-test-hivemq-platform] [hivemq-platform-operator] [3e25aa9c] 17:10:07.836 [ReconcilerExecutor-hivemq-controller-113] INFO  c.h.p.o.HiveMQPlatformReconciler - [helmwebs] Reconciling HiveMQ Platform 'test-hivemq-platform' in namespace 'helmwebsocketsit'
2025-01-29 17:10:07,839 INFO c.h.h.t.HelmChartContainer - [hivemq-test-hivemq-platform] [hivemq-platform-operator] [3e25aa9c] 17:10:07.837 [ReconcilerExecutor-hivemq-controller-113] DEBUG c.h.p.o.HiveMQPlatformReconciler - [helmwebs] Custom Resource Status STARTING - HiveMQ Platform is starting (READY)
2025-01-29 17:10:07,841 INFO c.h.h.t.HelmChartContainer - [hivemq-test-hivemq-platform] [hivemq-platform-operator] [3e25aa9c] 17:10:07.837 [ReconcilerExecutor-hivemq-controller-113] DEBUG c.h.p.o.HiveMQPlatformReconciler - [helmwebs] Custom Resource Spec (replicas: 1) (extensions: 1)
2025-01-29 17:10:07,841 INFO c.h.h.t.HelmChartContainer - [hivemq-test-hivemq-platform] [hivemq-platform-operator] [3e25aa9c] 17:10:07.839 [ReconcilerExecutor-hivemq-controller-113] DEBUG c.h.p.o.HiveMQPlatformReconciler - [helmwebs] StatefulSet Status (revision: test-hivemq-platform-85b6ccfbd7, replicas: 1, available: 1, ready: 1, current: 1, updated: 1)
2025-01-29 17:10:07,841 INFO c.h.h.t.HelmChartContainer - [hivemq-test-hivemq-platform] [hivemq-platform-operator] [3e25aa9c] 17:10:07.839 [ReconcilerExecutor-hivemq-controller-113] DEBUG c.h.p.o.HiveMQPlatformReconciler - [helmwebs] StatefulSet Spec (replicas: 1, init containers: 1, containers: 1, volumes: 7)
2025-01-29 17:10:07,842 INFO c.h.h.t.HelmChartContainer - [hivemq-test-hivemq-platform] [hivemq-platform-operator] [3e25aa9c] 17:10:07.841 [ReconcilerExecutor-hivemq-controller-113] DEBUG c.h.p.o.h.HiveMQPlatformReconcilerErrorHandler - [helmwebs] Pod 'test-hivemq-platform-0' phase Running
2025-01-29 17:10:07,843 INFO c.h.h.t.HelmChartContainer - [hivemq-test-hivemq-platform] [hivemq-platform-operator] [3e25aa9c] 17:10:07.842 [ReconcilerExecutor-hivemq-controller-113] INFO  c.h.p.o.h.HiveMQPlatformReconcilerBaseHandler - [helmwebs] HiveMQ Platform started successfully
2025-01-29 17:10:07,939 INFO c.h.h.t.HelmChartContainer - [hivemq-test-hivemq-platform] [hivemq-platform-operator] [3e25aa9c] 17:10:07.938 [ReconcilerExecutor-hivemq-controller-113] DEBUG c.h.p.operator.event.EventSender - [helmwebs] Creating K8s event hivemq-platform-ready: [Ready] HiveMQ Platform is ready
2025-01-29 17:10:07,944 INFO c.h.h.t.HelmChartContainer - [EVENT] Normal [Ready] HiveMQ Platform is ready [helmwebsocketsit:test-hivemq-platform]
2025-01-29 17:10:07,945 INFO c.h.h.t.HelmChartContainer - [hivemq-test-hivemq-platform] [hivemq-platform-operator] [3e25aa9c] 17:10:07.943 [ReconcilerExecutor-hivemq-controller-113] INFO  c.h.p.o.h.AbstractHiveMQReconcilerStateHandler - [helmwebs] Update HiveMQ Platform Status (STARTING [READY] -> RUNNING [READY]): HiveMQ Platform is ready
2025-01-29 17:10:07,955 DEBUG com.hivemq.helmcharts.util.K8sUtil - Comparing actual state 'RUNNING' and waiting for 'RUNNING'
2025-01-29 17:10:08,036 INFO c.h.h.t.HelmChartContainer - [hivemq-test-hivemq-platform] [hivemq-platform-operator] [3e25aa9c] 17:10:08.028 [pool-6-thread-1] DEBUG c.h.p.o.d.PlatformServiceResource - [helmwebs] Desired Platform services (4 services)
2025-01-29 17:10:08,039 INFO c.h.h.t.HelmChartContainer - [hivemq-test-hivemq-platform] [hivemq-platform-operator] [3e25aa9c] 17:10:08.031 [pool-6-thread-2] DEBUG c.h.p.o.dependants.PodInfoConfigMap - [helmwebs] Desired PodInfo ConfigMap (1 extensions) (1 enabled)
2025-01-29 17:10:08,041 INFO c.h.h.t.HelmChartContainer - [hivemq-test-hivemq-platform] [hivemq-platform-operator] [3e25aa9c] 17:10:08.031 [pool-6-thread-2] DEBUG c.h.p.o.dependants.PodInfoConfigMap - [helmwebs] Desired PodInfo ConfigMap (metrics port: 9399) (metrics path: /)
2025-01-29 17:10:08,041 INFO c.h.h.t.HelmChartContainer - [hivemq-test-hivemq-platform] [hivemq-platform-operator] [3e25aa9c] 17:10:08.031 [pool-6-thread-2] DEBUG c.h.p.o.dependants.PodInfoConfigMap - [helmwebs] Desired PodInfo ConfigMap (extension state hash: -1817474005)
2025-01-29 17:10:08,041 INFO c.h.h.t.HelmChartContainer - [hivemq-test-hivemq-platform] [hivemq-platform-operator] [3e25aa9c] 17:10:08.035 [pool-6-thread-2] DEBUG c.h.p.o.dependants.PodInfoConfigMap - [helmwebs] Update PodInfo ConfigMap
2025-01-29 17:10:08,041 INFO c.h.h.t.HelmChartContainer - [hivemq-test-hivemq-platform] [hivemq-platform-operator] [3e25aa9c] 17:10:08.037 [pool-6-thread-3] DEBUG c.h.p.o.d.PodServiceAccountResource - [helmwebs] Desired PodServiceAccountResource (serviceAccountName: hivemq-platform-pod-test-hivemq-platform)
2025-01-29 17:10:08,129 INFO c.h.h.t.HelmChartContainer - [hivemq-test-hivemq-platform] [hivemq-platform-operator] [3e25aa9c] 17:10:08.127 [pool-6-thread-2] DEBUG c.h.p.o.d.StatefulSetResource - [helmwebs] Desired StatefulSet (1 replicas) for status RUNNING (READY)
2025-01-29 17:10:08,136 INFO c.h.h.t.HelmChartContainer - [hivemq-test-hivemq-platform] [hivemq-platform-operator] [3e25aa9c] 17:10:08.133 [ReconcilerExecutor-hivemq-controller-114] INFO  c.h.p.o.HiveMQPlatformReconciler - [helmwebs] Reconciling HiveMQ Platform 'test-hivemq-platform' in namespace 'helmwebsocketsit'
2025-01-29 17:10:08,136 INFO c.h.h.t.HelmChartContainer - [hivemq-test-hivemq-platform] [hivemq-platform-operator] [3e25aa9c] 17:10:08.133 [ReconcilerExecutor-hivemq-controller-114] DEBUG c.h.p.o.HiveMQPlatformReconciler - [helmwebs] Custom Resource Status RUNNING - HiveMQ Platform is ready (READY)
2025-01-29 17:10:08,136 INFO c.h.h.t.HelmChartContainer - [hivemq-test-hivemq-platform] [hivemq-platform-operator] [3e25aa9c] 17:10:08.133 [ReconcilerExecutor-hivemq-controller-114] DEBUG c.h.p.o.HiveMQPlatformReconciler - [helmwebs] Custom Resource Spec (replicas: 1) (extensions: 1)
2025-01-29 17:10:08,137 INFO c.h.h.t.HelmChartContainer - [hivemq-test-hivemq-platform] [hivemq-platform-operator] [3e25aa9c] 17:10:08.136 [ReconcilerExecutor-hivemq-controller-114] DEBUG c.h.p.o.HiveMQPlatformReconciler - [helmwebs] StatefulSet Status (revision: test-hivemq-platform-85b6ccfbd7, replicas: 1, available: 1, ready: 1, current: 1, updated: 1)
2025-01-29 17:10:08,137 INFO c.h.h.t.HelmChartContainer - [hivemq-test-hivemq-platform] [hivemq-platform-operator] [3e25aa9c] 17:10:08.136 [ReconcilerExecutor-hivemq-controller-114] DEBUG c.h.p.o.HiveMQPlatformReconciler - [helmwebs] StatefulSet Spec (replicas: 1, init containers: 1, containers: 1, volumes: 7)
2025-01-29 17:10:08,140 INFO c.h.h.t.HelmChartContainer - [hivemq-test-hivemq-platform] [hivemq-platform-operator] [3e25aa9c] 17:10:08.137 [ReconcilerExecutor-hivemq-controller-114] DEBUG c.h.p.o.h.HiveMQPlatformReconcilerErrorHandler - [helmwebs] Pod 'test-hivemq-platform-0' phase Running
2025-01-29 17:10:10,935 INFO c.h.h.t.HelmChartContainer - Uninstalling release 'test-hivemq-platform' in namespace 'helmwebsocketsit'...
2025-01-29 17:10:10,935 DEBUG c.h.h.t.HelmChartContainer - Executing helm command: /bin/helm --kubeconfig /etc/rancher/k3s/k3s.yaml uninstall test-hivemq-platform  --wait --timeout 5m0s --cascade foreground --namespace helmwebsocketsit
2025-01-29 17:10:11,127 INFO c.h.h.t.HelmChartContainer - [hivemq-test-hivemq-platform] [hivemq-platform-operator] [3e25aa9c] 17:10:11.123 [pool-6-thread-19] DEBUG c.h.p.o.d.PlatformServiceResource - [helmwebs] Desired Platform services (4 services)
2025-01-29 17:10:11,139 INFO c.h.h.t.HelmChartContainer - [hivemq-test-hivemq-platform] [hivemq-platform-operator] [3e25aa9c] 17:10:11.126 [pool-6-thread-18] DEBUG c.h.p.o.d.PodServiceAccountResource - [helmwebs] Desired PodServiceAccountResource (serviceAccountName: hivemq-platform-pod-test-hivemq-platform)
2025-01-29 17:10:11,141 INFO c.h.h.t.HelmChartContainer - [hivemq-test-hivemq-platform] [hivemq-platform-operator] [3e25aa9c] 17:10:11.131 [pool-6-thread-14] DEBUG c.h.p.o.dependants.PodInfoConfigMap - [helmwebs] Desired PodInfo ConfigMap (1 extensions) (1 enabled)
2025-01-29 17:10:11,143 INFO c.h.h.t.HelmChartContainer - [hivemq-test-hivemq-platform] [hivemq-platform-operator] [3e25aa9c] 17:10:11.131 [pool-6-thread-14] DEBUG c.h.p.o.dependants.PodInfoConfigMap - [helmwebs] Desired PodInfo ConfigMap (metrics port: 9399) (metrics path: /)
2025-01-29 17:10:11,143 INFO c.h.h.t.HelmChartContainer - [hivemq-test-hivemq-platform] [hivemq-platform-operator] [3e25aa9c] 17:10:11.132 [pool-6-thread-14] DEBUG c.h.p.o.dependants.PodInfoConfigMap - [helmwebs] Desired PodInfo ConfigMap (extension state hash: -1817474005)
2025-01-29 17:10:11,143 INFO c.h.h.t.HelmChartContainer - [hivemq-test-hivemq-platform] [hivemq-platform-operator] [3e25aa9c] 17:10:11.135 [pool-6-thread-16] DEBUG c.h.p.o.d.StatefulSetResource - [helmwebs] Desired StatefulSet (1 replicas) for status RUNNING (READY)
2025-01-29 17:10:11,149 INFO c.h.h.t.HelmChartContainer - [hivemq-test-hivemq-platform] [hivemq-platform-operator] [3e25aa9c] 17:10:11.146 [ReconcilerExecutor-hivemq-controller-115] INFO  c.h.p.o.HiveMQPlatformReconciler - [helmwebs] Reconciling HiveMQ Platform 'test-hivemq-platform' in namespace 'helmwebsocketsit'
2025-01-29 17:10:11,149 INFO c.h.h.t.HelmChartContainer - [hivemq-test-hivemq-platform] [hivemq-platform-operator] [3e25aa9c] 17:10:11.146 [ReconcilerExecutor-hivemq-controller-115] DEBUG c.h.p.o.HiveMQPlatformReconciler - [helmwebs] Custom Resource Status RUNNING - HiveMQ Platform is ready (READY)
2025-01-29 17:10:11,149 INFO c.h.h.t.HelmChartContainer - [hivemq-test-hivemq-platform] [hivemq-platform-operator] [3e25aa9c] 17:10:11.147 [ReconcilerExecutor-hivemq-controller-115] DEBUG c.h.p.o.HiveMQPlatformReconciler - [helmwebs] Custom Resource Spec (replicas: 1) (extensions: 1)
2025-01-29 17:10:11,222 INFO c.h.h.t.HelmChartContainer - [hivemq-test-hivemq-platform] [hivemq-platform-operator] [3e25aa9c] 17:10:11.221 [ReconcilerExecutor-hivemq-controller-115] DEBUG c.h.p.o.HiveMQPlatformReconciler - [helmwebs] StatefulSet Status (revision: test-hivemq-platform-85b6ccfbd7, replicas: 1, available: 1, ready: 1, current: 1, updated: 1)
2025-01-29 17:10:11,223 INFO c.h.h.t.HelmChartContainer - [hivemq-test-hivemq-platform] [hivemq-platform-operator] [3e25aa9c] 17:10:11.221 [ReconcilerExecutor-hivemq-controller-115] DEBUG c.h.p.o.HiveMQPlatformReconciler - [helmwebs] StatefulSet Spec (replicas: 1, init containers: 1, containers: 1, volumes: 7)
2025-01-29 17:10:11,225 INFO c.h.h.t.HelmChartContainer - [hivemq-test-hivemq-platform] [hivemq-platform-operator] [3e25aa9c] 17:10:11.223 [ReconcilerExecutor-hivemq-controller-115] DEBUG c.h.p.o.h.HiveMQPlatformReconcilerErrorHandler - [helmwebs] Pod 'test-hivemq-platform-0' phase Running
2025-01-29 17:10:11,237 INFO c.h.h.t.HelmChartContainer - [hivemq-test-hivemq-platform] [hivemq-platform-operator] [3e25aa9c] 17:10:11.235 [ReconcilerExecutor-hivemq-controller-123] INFO  c.h.p.o.HiveMQPlatformReconciler - [helmwebs] Cleanup test-hivemq-platform - helmwebsocketsit HiveMQ Platform is shut down
2025-01-29 17:10:11,932 INFO c.h.h.t.HelmChartContainer - [EVENT] Normal [Killing] Stopping container hivemq [helmwebsocketsit:test-hivemq-platform-0]
2025-01-29 17:10:11,932 INFO c.h.h.t.HelmChartContainer - [POD] test-hivemq-platform-0 [155c2a41-9bc4-4719-9e95-e599390f77b5] in helmwebsocketsit was MODIFIED
2025-01-29 17:10:11,932 INFO c.h.h.t.HelmChartContainer - Received Killing event for container hivemq in pod test-hivemq-platform-0 [155c2a41-9bc4-4719-9e95-e599390f77b5]
2025-01-29 17:10:11,932 INFO c.h.h.t.HelmChartContainer - Container [test-hivemq-platform-0] [hivemq] [155c2a41-9bc4-4719-9e95-e599390f77b5] was terminated
2025-01-29 17:10:11,932 INFO c.h.h.t.HelmChartContainer - Stopped log watcher for hivemq in pod test-hivemq-platform-0 [155c2a41-9bc4-4719-9e95-e599390f77b5]
2025-01-29 17:10:11,945 INFO c.h.h.t.HelmChartContainer - [test-hivemq-platform] [hivemq] [155c2a41] INFO  - [HiveMQ Platform Operator Init App 1.7.0-SNAPSHOT] Shutting down
2025-01-29 17:10:11,945 INFO c.h.h.t.HelmChartContainer - [test-hivemq-platform] [hivemq] [155c2a41] INFO  - [HiveMQ Platform Operator Init App 1.7.0-SNAPSHOT] Stopping the HiveMQ Platform
2025-01-29 17:10:12,068 INFO c.h.h.t.HelmChartContainer - [test-hivemq-platform] [hivemq] [155c2a41] INFO  - Shutting down HiveMQ. Please wait, this could take a while...
2025-01-29 17:10:12,073 INFO c.h.h.t.HelmChartContainer - [test-hivemq-platform] [hivemq] [155c2a41] INFO  - Shutting down listeners and clients
2025-01-29 17:10:12,074 INFO c.h.h.t.HelmChartContainer - [test-hivemq-platform] [hivemq] [155c2a41] INFO  - Shutdown of listeners is done
2025-01-29 17:10:12,074 INFO c.h.h.t.HelmChartContainer - [test-hivemq-platform] [hivemq] [155c2a41] INFO  - No clients are connected, proceeding with shutdown
2025-01-29 17:10:12,778 INFO c.h.h.t.HelmChartContainer - [test-hivemq-platform] [hivemq] [155c2a41] INFO  - [HiveMQ Platform Operator Init App 1.7.0-SNAPSHOT] Returning shutdown Health API response 503 for readiness
2025-01-29 17:10:12,782 INFO c.h.h.t.HelmChartContainer - [EVENT] Warning [Unhealthy] Readiness probe failed: HTTP probe failed with statuscode: 503 [helmwebsocketsit:test-hivemq-platform-0]
2025-01-29 17:10:12,782 INFO c.h.h.t.HelmChartContainer - Received Unhealthy event for container hivemq in pod test-hivemq-platform-0 [155c2a41-9bc4-4719-9e95-e599390f77b5]
2025-01-29 17:10:13,192 INFO c.h.h.t.HelmChartContainer - Deleting namespace 'helmwebsocketsit'...
2025-01-29 17:10:13,240 INFO c.h.h.t.HelmChartContainer - [K3S] [authentication.go:74] "Unable to authenticate the request" err="[invalid bearer token, serviceaccounts \"hivemq-platform-pod-test-hivemq-platform\" not found]"
2025-01-29 17:10:13,261 INFO c.h.h.t.HelmChartContainer - [K3S] [authentication.go:74] "Unable to authenticate the request" err="[invalid bearer token, serviceaccounts \"hivemq-platform-pod-test-hivemq-platform\" not found]"
2025-01-29 17:10:13,343 INFO c.h.h.t.HelmChartContainer - [test-hivemq-platform] [hivemq] [155c2a41] WARN  - [HiveMQ Platform Operator Init App 1.7.0-SNAPSHOT] Could not update Pod annotations: Failure executing: GET at: https://10.43.0.1:443/api/v1/namespaces/helmwebsocketsit/pods/test-hivemq-platform-0. Message: Unauthorized. Received status: Status(apiVersion=v1, code=401, details=null, kind=Status, message=Unauthorized, metadata=ListMeta(_continue=null, remainingItemCount=null, resourceVersion=null, selfLink=null, additionalProperties={}), reason=Unauthorized, status=Failure, additionalProperties={}).
2025-01-29 17:10:15,174 INFO c.h.h.t.HelmChartContainer - [test-hivemq-platform] [hivemq] [155c2a41] INFO  - Shutting down extension system
2025-01-29 17:10:15,176 INFO c.h.h.t.HelmChartContainer - [test-hivemq-platform] [hivemq] [155c2a41] INFO  - Stopping extension with id hivemq-dns-cluster-discovery
2025-01-29 17:10:15,177 INFO c.h.h.t.HelmChartContainer - [test-hivemq-platform] [hivemq] [155c2a41] INFO  - Extension "DNS Cluster Discovery Extension" version 4.3.2 stopped successfully.
2025-01-29 17:10:15,178 INFO c.h.h.t.HelmChartContainer - [test-hivemq-platform] [hivemq] [155c2a41] INFO  - Stopping extension with id hivemq-prometheus-extension
2025-01-29 17:10:15,182 INFO c.h.h.t.HelmChartContainer - [test-hivemq-platform] [hivemq] [155c2a41] INFO  - Extension "Prometheus Monitoring Extension" version 4.0.12 stopped successfully.
2025-01-29 17:10:15,183 INFO c.h.h.t.HelmChartContainer - [test-hivemq-platform] [hivemq] [155c2a41] INFO  - Stopping extension with id hivemq-allow-all-extension
2025-01-29 17:10:15,183 INFO c.h.h.t.HelmChartContainer - [test-hivemq-platform] [hivemq] [155c2a41] INFO  - Extension "Allow All Extension" version 1.1.1 stopped successfully.
2025-01-29 17:10:17,442 INFO c.h.h.t.HelmChartContainer - [test-hivemq-platform] [hivemq] [155c2a41] INFO  - Shutdown completed.
2025-01-29 17:10:17,782 INFO c.h.h.t.HelmChartContainer - [EVENT] Warning [Unhealthy] Readiness probe failed: HTTP probe failed with statuscode: 503 [helmwebsocketsit:test-hivemq-platform-0]
2025-01-29 17:10:17,782 INFO c.h.h.t.HelmChartContainer - Received Unhealthy event for container hivemq in pod test-hivemq-platform-0 [155c2a41-9bc4-4719-9e95-e599390f77b5]
2025-01-29 17:10:17,810 INFO c.h.h.t.HelmChartContainer - [test-hivemq-platform] [hivemq] [155c2a41] INFO  - [HiveMQ Platform Operator Init App 1.7.0-SNAPSHOT] The HiveMQ Platform exited with code 143
2025-01-29 17:10:17,810 INFO c.h.h.t.HelmChartContainer - [test-hivemq-platform] [hivemq] [155c2a41] INFO  - [HiveMQ Platform Operator Init App 1.7.0-SNAPSHOT] Stopping the REST API
2025-01-29 17:10:17,815 INFO c.h.h.t.HelmChartContainer - [test-hivemq-platform] [hivemq] [155c2a41] INFO  - [HiveMQ Platform Operator Init App 1.7.0-SNAPSHOT] Shutdown complete
2025-01-29 17:10:18,295 INFO c.h.h.t.HelmChartContainer - [POD] test-hivemq-platform-0 [155c2a41-9bc4-4719-9e95-e599390f77b5] in helmwebsocketsit was MODIFIED
2025-01-29 17:10:18,298 INFO c.h.h.t.HelmChartContainer - [K3S] [stateful_set.go:438] "Unhandled Error" err="error syncing StatefulSet helmwebsocketsit/test-hivemq-platform, requeuing: controllerrevisions.apps \"test-hivemq-platform-85b6ccfbd7\" is forbidden: unable to create new content in namespace helmwebsocketsit because it is being terminated"
2025-01-29 17:10:18,306 INFO c.h.h.t.HelmChartContainer - [K3S] [stateful_set.go:438] "Unhandled Error" err="error syncing StatefulSet helmwebsocketsit/test-hivemq-platform, requeuing: controllerrevisions.apps \"test-hivemq-platform-85b6ccfbd7\" is forbidden: unable to create new content in namespace helmwebsocketsit because it is being terminated"
2025-01-29 17:10:18,320 INFO c.h.h.t.HelmChartContainer - [K3S] [stateful_set.go:438] "Unhandled Error" err="error syncing StatefulSet helmwebsocketsit/test-hivemq-platform, requeuing: controllerrevisions.apps \"test-hivemq-platform-85b6ccfbd7\" is forbidden: unable to create new content in namespace helmwebsocketsit because it is being terminated"
2025-01-29 17:10:18,332 INFO c.h.h.t.HelmChartContainer - [K3S] [stateful_set.go:466] "StatefulSet has been deleted" key="helmwebsocketsit/test-hivemq-platform"
2025-01-29 17:10:18,341 INFO c.h.h.t.HelmChartContainer - [K3S] [stateful_set.go:466] "StatefulSet has been deleted" key="helmwebsocketsit/test-hivemq-platform"
2025-01-29 17:10:18,383 INFO c.h.h.t.HelmChartContainer - [K3S] [reconciler_common.go:162] "operationExecutor.UnmountVolume started for volume \"ws-keystore-8003\" (UniqueName: \"kubernetes.io/secret/155c2a41-9bc4-4719-9e95-e599390f77b5-ws-keystore-8003\") pod \"155c2a41-9bc4-4719-9e95-e599390f77b5\" (UID: \"155c2a41-9bc4-4719-9e95-e599390f77b5\") "
2025-01-29 17:10:18,383 INFO c.h.h.t.HelmChartContainer - [K3S] [reconciler_common.go:162] "operationExecutor.UnmountVolume started for volume \"operator-init\" (UniqueName: \"kubernetes.io/empty-dir/155c2a41-9bc4-4719-9e95-e599390f77b5-operator-init\") pod \"155c2a41-9bc4-4719-9e95-e599390f77b5\" (UID: \"155c2a41-9bc4-4719-9e95-e599390f77b5\") "
2025-01-29 17:10:18,383 INFO c.h.h.t.HelmChartContainer - [K3S] [reconciler_common.go:162] "operationExecutor.UnmountVolume started for volume \"kube-api-access-4mwwq\" (UniqueName: \"kubernetes.io/projected/155c2a41-9bc4-4719-9e95-e599390f77b5-kube-api-access-4mwwq\") pod \"155c2a41-9bc4-4719-9e95-e599390f77b5\" (UID: \"155c2a41-9bc4-4719-9e95-e599390f77b5\") "
2025-01-29 17:10:18,383 INFO c.h.h.t.HelmChartContainer - [K3S] [reconciler_common.go:162] "operationExecutor.UnmountVolume started for volume \"ws-truststore-8003\" (UniqueName: \"kubernetes.io/secret/155c2a41-9bc4-4719-9e95-e599390f77b5-ws-truststore-8003\") pod \"155c2a41-9bc4-4719-9e95-e599390f77b5\" (UID: \"155c2a41-9bc4-4719-9e95-e599390f77b5\") "
2025-01-29 17:10:18,384 INFO c.h.h.t.HelmChartContainer - [K3S] [reconciler_common.go:162] "operationExecutor.UnmountVolume started for volume \"pod-info\" (UniqueName: \"kubernetes.io/configmap/155c2a41-9bc4-4719-9e95-e599390f77b5-pod-info\") pod \"155c2a41-9bc4-4719-9e95-e599390f77b5\" (UID: \"155c2a41-9bc4-4719-9e95-e599390f77b5\") "
2025-01-29 17:10:18,384 INFO c.h.h.t.HelmChartContainer - [K3S] [reconciler_common.go:162] "operationExecutor.UnmountVolume started for volume \"broker-configuration\" (UniqueName: \"kubernetes.io/configmap/155c2a41-9bc4-4719-9e95-e599390f77b5-broker-configuration\") pod \"155c2a41-9bc4-4719-9e95-e599390f77b5\" (UID: \"155c2a41-9bc4-4719-9e95-e599390f77b5\") "
2025-01-29 17:10:18,384 INFO c.h.h.t.HelmChartContainer - [K3S] [reconciler_common.go:162] "operationExecutor.UnmountVolume started for volume \"ws-keystore-8004\" (UniqueName: \"kubernetes.io/secret/155c2a41-9bc4-4719-9e95-e599390f77b5-ws-keystore-8004\") pod \"155c2a41-9bc4-4719-9e95-e599390f77b5\" (UID: \"155c2a41-9bc4-4719-9e95-e599390f77b5\") "
2025-01-29 17:10:18,384 INFO c.h.h.t.HelmChartContainer - [K3S] [reconciler_common.go:162] "operationExecutor.UnmountVolume started for volume \"ws-truststore-8004\" (UniqueName: \"kubernetes.io/secret/155c2a41-9bc4-4719-9e95-e599390f77b5-ws-truststore-8004\") pod \"155c2a41-9bc4-4719-9e95-e599390f77b5\" (UID: \"155c2a41-9bc4-4719-9e95-e599390f77b5\") "
2025-01-29 17:10:18,484 INFO c.h.h.t.HelmChartContainer - [K3S] [reconciler_common.go:299] "Volume detached for volume \"ws-keystore-8004\" (UniqueName: \"kubernetes.io/secret/155c2a41-9bc4-4719-9e95-e599390f77b5-ws-keystore-8004\") on node \"864edd2a238e\" DevicePath \"\""
2025-01-29 17:10:18,484 INFO c.h.h.t.HelmChartContainer - [K3S] [reconciler_common.go:299] "Volume detached for volume \"ws-truststore-8004\" (UniqueName: \"kubernetes.io/secret/155c2a41-9bc4-4719-9e95-e599390f77b5-ws-truststore-8004\") on node \"864edd2a238e\" DevicePath \"\""
2025-01-29 17:10:18,484 INFO c.h.h.t.HelmChartContainer - [K3S] [reconciler_common.go:299] "Volume detached for volume \"ws-truststore-8003\" (UniqueName: \"kubernetes.io/secret/155c2a41-9bc4-4719-9e95-e599390f77b5-ws-truststore-8003\") on node \"864edd2a238e\" DevicePath \"\""
2025-01-29 17:10:18,484 INFO c.h.h.t.HelmChartContainer - [K3S] [reconciler_common.go:299] "Volume detached for volume \"ws-keystore-8003\" (UniqueName: \"kubernetes.io/secret/155c2a41-9bc4-4719-9e95-e599390f77b5-ws-keystore-8003\") on node \"864edd2a238e\" DevicePath \"\""
2025-01-29 17:10:18,484 INFO c.h.h.t.HelmChartContainer - [K3S] [reconciler_common.go:299] "Volume detached for volume \"operator-init\" (UniqueName: \"kubernetes.io/empty-dir/155c2a41-9bc4-4719-9e95-e599390f77b5-operator-init\") on node \"864edd2a238e\" DevicePath \"\""
2025-01-29 17:10:18,484 INFO c.h.h.t.HelmChartContainer - [K3S] [reconciler_common.go:299] "Volume detached for volume \"kube-api-access-4mwwq\" (UniqueName: \"kubernetes.io/projected/155c2a41-9bc4-4719-9e95-e599390f77b5-kube-api-access-4mwwq\") on node \"864edd2a238e\" DevicePath \"\""
2025-01-29 17:10:18,484 INFO c.h.h.t.HelmChartContainer - [K3S] [reconciler_common.go:299] "Volume detached for volume \"pod-info\" (UniqueName: \"kubernetes.io/configmap/155c2a41-9bc4-4719-9e95-e599390f77b5-pod-info\") on node \"864edd2a238e\" DevicePath \"\""
2025-01-29 17:10:18,484 INFO c.h.h.t.HelmChartContainer - [K3S] [reconciler_common.go:299] "Volume detached for volume \"broker-configuration\" (UniqueName: \"kubernetes.io/configmap/155c2a41-9bc4-4719-9e95-e599390f77b5-broker-configuration\") on node \"864edd2a238e\" DevicePath \"\""
2025-01-29 17:10:19,199 INFO c.h.h.t.HelmChartContainer - [K3S] [scope.go:117] "RemoveContainer" containerID="7b8300bbf2f4ffe48de67ca0758d223a53d45610f9cb3c9a1e162f6dfa761991"
2025-01-29 17:10:19,213 INFO c.h.h.t.HelmChartContainer - [POD] test-hivemq-platform-0 [155c2a41-9bc4-4719-9e95-e599390f77b5] in helmwebsocketsit was MODIFIED
2025-01-29 17:10:19,216 INFO c.h.h.t.HelmChartContainer - [POD] test-hivemq-platform-0 [155c2a41-9bc4-4719-9e95-e599390f77b5] in helmwebsocketsit was DELETED
2025-01-29 17:10:19,304 INFO c.h.h.t.HelmChartContainer - [K3S] [scope.go:117] "RemoveContainer" containerID="89ab20594f57d99e50a5630bd4eccb505e9b16f29cee32333eb4cfc8e2222966"
2025-01-29 17:10:19,308 INFO c.h.h.t.HelmChartContainer - [K3S] [scope.go:117] "RemoveContainer" containerID="7b8300bbf2f4ffe48de67ca0758d223a53d45610f9cb3c9a1e162f6dfa761991"
2025-01-29 17:10:19,309 INFO c.h.h.t.HelmChartContainer - [K3S] [scope.go:117] "RemoveContainer" containerID="89ab20594f57d99e50a5630bd4eccb505e9b16f29cee32333eb4cfc8e2222966"
2025-01-29 17:10:19,348 INFO c.h.h.t.HelmChartContainer - [K3S] [kubelet_volumes.go:163] "Cleaned up orphaned pod volumes dir" podUID="155c2a41-9bc4-4719-9e95-e599390f77b5" path="/var/lib/kubelet/pods/155c2a41-9bc4-4719-9e95-e599390f77b5/volumes"
2025-01-29 17:10:23,522 INFO c.h.h.t.HelmChartContainer - Namespace 'helmwebsocketsit' deleted
2025-01-29 17:10:23,522 INFO c.h.h.t.HelmChartContainer - Release 'test-hivemq-platform' in namespace 'helmwebsocketsit' is uninstalled
2025-01-29 17:10:23,522 INFO c.h.h.t.HelmChartContainer - Uninstalling release 'test-hivemq-platform-operator' in namespace 'helmwebsocketsit-operator'...
2025-01-29 17:10:23,523 DEBUG c.h.h.t.HelmChartContainer - Executing helm command: /bin/helm --kubeconfig /etc/rancher/k3s/k3s.yaml uninstall test-hivemq-platform-operator  --wait --timeout 5m0s --cascade foreground --namespace helmwebsocketsit-operator
2025-01-29 17:10:23,685 INFO c.h.h.t.HelmChartContainer - [K3S] [replica_set.go:679] "Finished syncing" kind="ReplicaSet" key="helmwebsocketsit-operator/hivemq-test-hivemq-platform-operator-6966f96d65" duration="12.498364ms"
2025-01-29 17:10:23,685 INFO c.h.h.t.HelmChartContainer - [K3S] [replica_set.go:679] "Finished syncing" kind="ReplicaSet" key="helmwebsocketsit-operator/hivemq-test-hivemq-platform-operator-6966f96d65" duration="40.035µs"
2025-01-29 17:10:23,704 INFO c.h.h.t.HelmChartContainer - [POD] hivemq-test-hivemq-platform-operator-6966f96d65-w6nbq [3e25aa9c-0956-4563-b985-4ede564925e1] in helmwebsocketsit-operator was MODIFIED
2025-01-29 17:10:23,714 INFO c.h.h.t.HelmChartContainer - [hivemq-test-hivemq-platform] [hivemq-platform-operator] [3e25aa9c] 17:10:23.710 [application-shutdown-thread] INFO  c.h.p.o.HiveMQPlatformOperatorApplication - HiveMQ Platform Operator is stopping...
2025-01-29 17:10:23,714 INFO c.h.h.t.HelmChartContainer - [hivemq-test-hivemq-platform] [hivemq-platform-operator] [3e25aa9c] 17:10:23.710 [application-shutdown-thread] INFO  i.javaoperatorsdk.operator.Operator - Operator SDK 4.9.7 is shutting down...
2025-01-29 17:10:23,714 INFO c.h.h.t.HelmChartContainer - [EVENT] Normal [Killing] Stopping container hivemq-platform-operator [helmwebsocketsit-operator:hivemq-test-hivemq-platform-operator-6966f96d65-w6nbq]
2025-01-29 17:10:23,714 INFO c.h.h.t.HelmChartContainer - Received Killing event for container hivemq-platform-operator in pod hivemq-test-hivemq-platform-operator-6966f96d65-w6nbq [3e25aa9c-0956-4563-b985-4ede564925e1]
2025-01-29 17:10:23,714 INFO c.h.h.t.HelmChartContainer - Container [hivemq-test-hivemq-platform-operator-6966f96d65-w6nbq] [hivemq-platform-operator] [3e25aa9c-0956-4563-b985-4ede564925e1] was terminated
2025-01-29 17:10:23,714 INFO c.h.h.t.HelmChartContainer - Stopped log watcher for hivemq-platform-operator in pod hivemq-test-hivemq-platform-operator-6966f96d65-w6nbq [3e25aa9c-0956-4563-b985-4ede564925e1]
2025-01-29 17:10:23,718 INFO c.h.h.t.HelmChartContainer - [K3S] [replica_set.go:679] "Finished syncing" kind="ReplicaSet" key="helmwebsocketsit-operator/hivemq-test-hivemq-platform-operator-6966f96d65" duration="18.378593ms"
2025-01-29 17:10:23,720 INFO c.h.h.t.HelmChartContainer - [K3S] [replica_set.go:679] "Finished syncing" kind="ReplicaSet" key="helmwebsocketsit-operator/hivemq-test-hivemq-platform-operator-6966f96d65" duration="40.616µs"
2025-01-29 17:10:24,277 INFO c.h.h.t.HelmChartContainer - [K3S] [replica_set.go:679] "Finished syncing" kind="ReplicaSet" key="helmwebsocketsit-operator/hivemq-test-hivemq-platform-operator-6966f96d65" duration="42.359µs"
2025-01-29 17:10:24,278 INFO c.h.h.t.HelmChartContainer - [POD] hivemq-test-hivemq-platform-operator-6966f96d65-w6nbq [3e25aa9c-0956-4563-b985-4ede564925e1] in helmwebsocketsit-operator was MODIFIED
2025-01-29 17:10:24,420 INFO c.h.h.t.HelmChartContainer - [K3S] [reconciler_common.go:162] "operationExecutor.UnmountVolume started for volume \"kube-api-access-cjdtn\" (UniqueName: \"kubernetes.io/projected/3e25aa9c-0956-4563-b985-4ede564925e1-kube-api-access-cjdtn\") pod \"3e25aa9c-0956-4563-b985-4ede564925e1\" (UID: \"3e25aa9c-0956-4563-b985-4ede564925e1\") "
2025-01-29 17:10:24,520 INFO c.h.h.t.HelmChartContainer - [K3S] [reconciler_common.go:299] "Volume detached for volume \"kube-api-access-cjdtn\" (UniqueName: \"kubernetes.io/projected/3e25aa9c-0956-4563-b985-4ede564925e1-kube-api-access-cjdtn\") on node \"864edd2a238e\" DevicePath \"\""
2025-01-29 17:10:25,210 INFO c.h.h.t.HelmChartContainer - [K3S] [scope.go:117] "RemoveContainer" containerID="fc9a55ef0973f25cabee0b10e6747cfa304c9743d7f4d585d89504e700cf6829"
2025-01-29 17:10:25,222 INFO c.h.h.t.HelmChartContainer - [K3S] [replica_set.go:679] "Finished syncing" kind="ReplicaSet" key="helmwebsocketsit-operator/hivemq-test-hivemq-platform-operator-6966f96d65" duration="48.2µs"
2025-01-29 17:10:25,222 INFO c.h.h.t.HelmChartContainer - [POD] hivemq-test-hivemq-platform-operator-6966f96d65-w6nbq [3e25aa9c-0956-4563-b985-4ede564925e1] in helmwebsocketsit-operator was MODIFIED
2025-01-29 17:10:25,225 INFO c.h.h.t.HelmChartContainer - [POD] hivemq-test-hivemq-platform-operator-6966f96d65-w6nbq [3e25aa9c-0956-4563-b985-4ede564925e1] in helmwebsocketsit-operator was DELETED
2025-01-29 17:10:25,225 INFO c.h.h.t.HelmChartContainer - [K3S] [replica_set.go:679] "Finished syncing" kind="ReplicaSet" key="helmwebsocketsit-operator/hivemq-test-hivemq-platform-operator-6966f96d65" duration="36.358µs"
2025-01-29 17:10:25,240 INFO c.h.h.t.HelmChartContainer - [K3S] [replica_set.go:679] "Finished syncing" kind="ReplicaSet" key="helmwebsocketsit-operator/hivemq-test-hivemq-platform-operator-6966f96d65" duration="7.374µs"
2025-01-29 17:10:25,349 INFO c.h.h.t.HelmChartContainer - [K3S] [kubelet_volumes.go:163] "Cleaned up orphaned pod volumes dir" podUID="3e25aa9c-0956-4563-b985-4ede564925e1" path="/var/lib/kubelet/pods/3e25aa9c-0956-4563-b985-4ede564925e1/volumes"
2025-01-29 17:10:25,727 INFO c.h.h.t.HelmChartContainer - Deleting namespace 'helmwebsocketsit-operator'...
2025-01-29 17:10:28,484 INFO c.h.h.t.HelmChartContainer - [K3S] [namespace_controller.go:187] "Namespace has been deleted" namespace="helmwebsocketsit"
2025-01-29 17:10:30,944 INFO c.h.h.t.HelmChartContainer - Namespace 'helmwebsocketsit-operator' deleted
2025-01-29 17:10:30,944 INFO c.h.h.t.HelmChartContainer - Release 'test-hivemq-platform-operator' in namespace 'helmwebsocketsit-operator' is uninstalled
2025-01-29 17:10:31,673 INFO c.h.helmcharts.AbstractHelmChartIT - Removed unused containers:

2025-01-29 17:10:35,853 INFO c.h.h.t.HelmChartContainer - [K3S] [namespace_controller.go:187] "Namespace has been deleted" namespace="helmwebsocketsit-operator"
2025-01-29 17:10:39,555 INFO c.h.helmcharts.AbstractHelmChartIT - Removed unused snapshots:
Removing snapshot sha256:03af251906410714c5aef9fa705b63f6bbc39c4a5e787de7361eeb18886c2ed2
Removing snapshot sha256:0c46b3b43cce082ce5ec34ffc6c294e0417d17b9d1e6f366d114b6aadc4f96dc
Removing snapshot sha256:0ce761beee59082d6ed5bcebd3a805b8ddd9b3426b617e4809e7fb7c6587ffec
Removing snapshot sha256:0df91287303208332c8ff6ba40ae4710105201739addbfbddfb955f1ad593664
Removing snapshot sha256:1021ef88c7974bfff89c5a0ec4fd3160daac6c48a075f74cff721f85dd104e68
Removing snapshot sha256:10aba4953ddc18145dd38e3704709bc464aa20af60b56fe52caaff4b68411e62
Removing snapshot sha256:2573e0d8158209ed54ab25c87bcdcb00bd3d2539246960a3d592a1c599d70465
Removing snapshot sha256:362a8a37f8bbc31925a8146adcf7cf51f9882f5c1dcbef67c5baa03a297543c0
Removing snapshot sha256:3fa4ad33f0ddc8fd45b39b6b4640f82a3a83619606cd975bfe89d8710ad2d4cd
Removing snapshot sha256:43a7c979bbaba6838bc3102d6b10a1459f3ab050b87ccdfef84ef90cf43d3058
Removing snapshot sha256:4ab04491cdf0d3267f08206fe30bd48f49f94b9cab2f016d6739220f722a64af
Removing snapshot sha256:4b6068250e89c96f263060261819c7d912855bfbd64b3eb4c4a8483299b8c295
Removing snapshot sha256:580e69a0a8034ede1921139bbd2bfb72a69ebf276d008281896c32dd8bf74775
Removing snapshot sha256:5d30ba46b27fe37484567ccc5242cadc78217b8da605f3f195ef25cbf7487904
Removing snapshot sha256:63ca1fbb43ae5034640e5e6cb3e083e05c290072c5366fcaa9d62435a4cced85
Removing snapshot sha256:67f702c6baae873bceb19487c8b1f27bd2b86077e4f2f0e480e6d60ab508b8f5
Removing snapshot sha256:6864348dd42806d552efdec384f1274be15e2d0c10ce44c1f04347af004c10a9
Removing snapshot sha256:6c7dee8f2c39b84b7dc2711c01d33de93514d9055499173e9290176fbe484b6c
Removing snapshot sha256:7a9658fb3a725cd400c819322be51d1a4189eecd81bb4b80d19a9713d9faed41
Removing snapshot sha256:82753493a6d61ded36556292f02f31841a14c20d2f279f19eaad65afb661d5cd
Removing snapshot sha256:8a10d3db42c505ee0fcfa98417bdd7e39b304f6bcc0a06bb1b220797ff2cc63c
Removing snapshot sha256:a21e5b12dbac529ad45d976eb9ce45c881f3bedcc500fb30aba1e52aa1813418
Removing snapshot sha256:b921e6c28969094157f9b8e7244677780319637afd14450b7cb6b2fdea558a0c
Removing snapshot sha256:bc27ecb5769a00e309cf99ebc763c4a4b958b618d1decc96ffac5bc05f02f5b7
Removing snapshot sha256:be3ccb6627a5332e309d45ef461d09b4879dd870c7394d89323d0ebc6ca6aa8a
Removing snapshot sha256:bfee8af8735077f21bb67f8e04ffb73f92284f33138d3eabc95ab1299e55ded4
Removing snapshot sha256:c261f7cbbc64211ee175ee47273acdb7b1a36a4450b397a064a8f2c026490095
Removing snapshot sha256:c34d9393647eea0c9e3557ab988efaf59f61d10a2a5613b439ef0958cca5ec10
Removing snapshot sha256:ccf3c4a0fa967a41c1c83497a2ce6fa5787965859df0adb32c4ca2cf7490bc2b
Removing snapshot sha256:cf92d33f869417309692088c341cd0f223c178ea78a125f757317b22aa8f90e9
Removing snapshot sha256:d0037344cf2fb078884f1849f6a1f8cf9a33a3b6139b6a85833e5ee528e1f9a8
Removing snapshot sha256:d3b36d5b79273b1e98e7700470eaeff05a882e777124d84cebcc1505b85ecb36
Removing snapshot sha256:d65a44a37914602d12c611e5e22a50f11451d847e63015cc1c2aef92dee777a4
Removing snapshot sha256:e2dc0bae2455930f23ae570e019b7f32edc75c0f2d71cab084db837ff9051796
Removing snapshot sha256:eccbd24a99c60cd9e86ee5305dbfc4a4dc89f5ab4fb1f06c8d64797cecedef34
Removing snapshot sha256:f144bb4c7c7f0d2aa7eeffd36d934ec40db1ee167be727e326aad9fdc616f475

]]></system-out>
  </testcase>
  <system-out><![CDATA[2025-01-29 17:07:08,980 INFO c.h.h.t.HelmChartContainerExtension - Using cached HelmChartContainer instance
]]></system-out>
  <system-err><![CDATA[]]></system-err>
</testsuite>
