<?xml version="1.0" encoding="UTF-8"?>
<testsuite name="com.hivemq.helmcharts.platform.HelmCustomConfigIT" tests="4" skipped="0" failures="0" errors="0" timestamp="2025-01-29T22:11:18" hostname="fv-az1112-501" time="510.345">
  <properties/>
  <testcase name="withCustomYml_hivemqRunning()" classname="com.hivemq.helmcharts.platform.HelmCustomConfigIT" time="72.066">
    <system-out><![CDATA[2025-01-29 22:11:18,550 INFO c.h.h.t.HelmChartContainer - Creating namespace 'helmcustomconfigit-operator'...
2025-01-29 22:11:18,827 INFO c.h.h.t.HelmChartContainer - [POD] coredns-ff8999cc5-wnh9s [dd828f12-3820-4326-9c08-592c33ac8e42] in kube-system was ADDED
2025-01-29 22:11:18,829 INFO c.h.h.t.HelmChartContainer - Namespace 'helmcustomconfigit-operator' created
2025-01-29 22:11:18,829 INFO c.h.h.t.HelmChartContainer - Creating namespace 'helmcustomconfigit'...
2025-01-29 22:11:18,831 INFO c.h.h.t.HelmChartContainer - [POD] local-path-provisioner-698b58967b-r2vwn [a95a5964-2e5a-43d3-8427-f12b7fda12f3] in kube-system was ADDED
2025-01-29 22:11:18,834 INFO c.h.h.t.HelmChartContainer - [POD] metrics-server-8584b5786c-ntrgh [03191697-9c2b-4bdf-be42-32031fb3651d] in kube-system was ADDED
2025-01-29 22:11:18,841 INFO c.h.h.t.HelmChartContainer - Namespace 'helmcustomconfigit' created
2025-01-29 22:11:18,921 DEBUG c.h.h.t.HelmChartContainer - Executing helm command: /bin/helm --kubeconfig /etc/rancher/k3s/k3s.yaml install test-hivemq-platform-operator /charts/hivemq-platform-operator --wait --timeout 5m0s --set image.repository=docker.io/hivemq --set image.name=hivemq-platform-operator-test --set image.initImageName=hivemq-platform-operator-init-test --set image.tag=snapshot --set image.pullPolicy=Never --set logLevel=DEBUG --set resources.cpu=512m --namespace helmcustomconfigit-operator
2025-01-29 22:11:21,307 INFO c.h.h.t.HelmChartContainer - [K3S] [alloc.go:330] "allocated clusterIPs" service="helmcustomconfigit-operator/hivemq-platform-operator-test-hivemq-platform-operator" clusterIPs={"IPv4":"10.43.135.33"}
2025-01-29 22:11:21,322 INFO c.h.h.t.HelmChartContainer - [EVENT] Normal [ScalingReplicaSet] Scaled up replica set hivemq-test-hivemq-platform-operator-6966f96d65 from 0 to 1 [helmcustomconfigit-operator:hivemq-test-hivemq-platform-operator]
2025-01-29 22:11:21,332 INFO c.h.h.t.HelmChartContainer - [EVENT] Normal [SuccessfulCreate] Created pod: hivemq-test-hivemq-platform-operator-6966f96d65-gjf62 [helmcustomconfigit-operator:hivemq-test-hivemq-platform-operator-6966f96d65]
2025-01-29 22:11:21,332 INFO c.h.h.t.HelmChartContainer - [POD] hivemq-test-hivemq-platform-operator-6966f96d65-gjf62 [0adf354e-6ab3-4f33-b48d-4f01eb375dad] in helmcustomconfigit-operator was ADDED
2025-01-29 22:11:21,336 INFO c.h.h.t.HelmChartContainer - [POD] hivemq-test-hivemq-platform-operator-6966f96d65-gjf62 [0adf354e-6ab3-4f33-b48d-4f01eb375dad] in helmcustomconfigit-operator was MODIFIED
2025-01-29 22:11:21,343 INFO c.h.h.t.HelmChartContainer - [K3S] [replica_set.go:679] "Finished syncing" kind="ReplicaSet" key="helmcustomconfigit-operator/hivemq-test-hivemq-platform-operator-6966f96d65" duration="20.092186ms"
2025-01-29 22:11:21,350 INFO c.h.h.t.HelmChartContainer - [EVENT] Normal [Scheduled] Successfully assigned helmcustomconfigit-operator/hivemq-test-hivemq-platform-operator-6966f96d65-gjf62 to 6c7c6f7dc8ee [helmcustomconfigit-operator:hivemq-test-hivemq-platform-operator-6966f96d65-gjf62]
2025-01-29 22:11:21,358 INFO c.h.h.t.HelmChartContainer - [POD] hivemq-test-hivemq-platform-operator-6966f96d65-gjf62 [0adf354e-6ab3-4f33-b48d-4f01eb375dad] in helmcustomconfigit-operator was MODIFIED
2025-01-29 22:11:21,361 INFO c.h.h.t.HelmChartContainer - [K3S] [replica_set.go:679] "Finished syncing" kind="ReplicaSet" key="helmcustomconfigit-operator/hivemq-test-hivemq-platform-operator-6966f96d65" duration="21.014293ms"
2025-01-29 22:11:21,373 INFO c.h.h.t.HelmChartContainer - [K3S] [replica_set.go:679] "Finished syncing" kind="ReplicaSet" key="helmcustomconfigit-operator/hivemq-test-hivemq-platform-operator-6966f96d65" duration="12.187984ms"
2025-01-29 22:11:21,373 INFO c.h.h.t.HelmChartContainer - [K3S] [replica_set.go:679] "Finished syncing" kind="ReplicaSet" key="helmcustomconfigit-operator/hivemq-test-hivemq-platform-operator-6966f96d65" duration="52.277µs"
2025-01-29 22:11:21,477 INFO c.h.h.t.HelmChartContainer - [K3S] [reconciler_common.go:251] "operationExecutor.VerifyControllerAttachedVolume started for volume \"kube-api-access-6t9x5\" (UniqueName: \"kubernetes.io/projected/0adf354e-6ab3-4f33-b48d-4f01eb375dad-kube-api-access-6t9x5\") pod \"hivemq-test-hivemq-platform-operator-6966f96d65-gjf62\" (UID: \"0adf354e-6ab3-4f33-b48d-4f01eb375dad\") " pod="helmcustomconfigit-operator/hivemq-test-hivemq-platform-operator-6966f96d65-gjf62"
2025-01-29 22:11:21,732 INFO c.h.h.t.HelmChartContainer - [EVENT] Normal [Pulled] Container image "docker.io/hivemq/hivemq-platform-operator-test:snapshot" already present on machine [helmcustomconfigit-operator:hivemq-test-hivemq-platform-operator-6966f96d65-gjf62]
2025-01-29 22:11:21,733 INFO c.h.h.t.HelmChartContainer - Received Pulled event for container hivemq-platform-operator in pod hivemq-test-hivemq-platform-operator-6966f96d65-gjf62 [0adf354e-6ab3-4f33-b48d-4f01eb375dad]
2025-01-29 22:11:21,738 INFO c.h.h.t.HelmChartContainer - [EVENT] Normal [Created] Created container: hivemq-platform-operator [helmcustomconfigit-operator:hivemq-test-hivemq-platform-operator-6966f96d65-gjf62]
2025-01-29 22:11:21,738 INFO c.h.h.t.HelmChartContainer - Received Created event for container hivemq-platform-operator in pod hivemq-test-hivemq-platform-operator-6966f96d65-gjf62 [0adf354e-6ab3-4f33-b48d-4f01eb375dad]
2025-01-29 22:11:22,153 INFO c.h.h.t.HelmChartContainer - [POD] hivemq-test-hivemq-platform-operator-6966f96d65-gjf62 [0adf354e-6ab3-4f33-b48d-4f01eb375dad] in helmcustomconfigit-operator was MODIFIED
2025-01-29 22:11:22,156 INFO c.h.h.t.HelmChartContainer - [K3S] [replica_set.go:679] "Finished syncing" kind="ReplicaSet" key="helmcustomconfigit-operator/hivemq-test-hivemq-platform-operator-6966f96d65" duration="39.043µs"
2025-01-29 22:11:22,182 INFO c.h.h.t.HelmChartContainer - [EVENT] Normal [Started] Started container hivemq-platform-operator [helmcustomconfigit-operator:hivemq-test-hivemq-platform-operator-6966f96d65-gjf62]
2025-01-29 22:11:22,182 INFO c.h.h.t.HelmChartContainer - Received Started event for container hivemq-platform-operator in pod hivemq-test-hivemq-platform-operator-6966f96d65-gjf62 [0adf354e-6ab3-4f33-b48d-4f01eb375dad]
2025-01-29 22:11:22,182 INFO c.h.h.t.HelmChartContainer - Started log watcher for hivemq-platform-operator in pod hivemq-test-hivemq-platform-operator-6966f96d65-gjf62 [0adf354e-6ab3-4f33-b48d-4f01eb375dad]
2025-01-29 22:11:22,183 INFO c.h.h.t.HelmChartContainer - [hivemq-test-hivemq-platform] [hivemq-platform-operator] [0adf354e] -------------------------------------------------------------------------
2025-01-29 22:11:22,183 INFO c.h.h.t.HelmChartContainer - [hivemq-test-hivemq-platform] [hivemq-platform-operator] [0adf354e] 
2025-01-29 22:11:22,183 INFO c.h.h.t.HelmChartContainer - [hivemq-test-hivemq-platform] [hivemq-platform-operator] [0adf354e]                   _    _  _              __  __   ____
2025-01-29 22:11:22,183 INFO c.h.h.t.HelmChartContainer - [hivemq-test-hivemq-platform] [hivemq-platform-operator] [0adf354e]                  | |  | |(_)            |  \/  | / __ \
2025-01-29 22:11:22,183 INFO c.h.h.t.HelmChartContainer - [hivemq-test-hivemq-platform] [hivemq-platform-operator] [0adf354e]                  | |__| | _ __   __ ___ | \  / || |  | |
2025-01-29 22:11:22,183 INFO c.h.h.t.HelmChartContainer - [hivemq-test-hivemq-platform] [hivemq-platform-operator] [0adf354e]                  |  __  || |\ \ / // _ \| |\/| || |  | |
2025-01-29 22:11:22,183 INFO c.h.h.t.HelmChartContainer - [hivemq-test-hivemq-platform] [hivemq-platform-operator] [0adf354e]                  | |  | || | \ V /|  __/| |  | || |__| |
2025-01-29 22:11:22,183 INFO c.h.h.t.HelmChartContainer - [hivemq-test-hivemq-platform] [hivemq-platform-operator] [0adf354e]                  |_|  |_||_|  \_/  \___||_|  |_| \___\_\
2025-01-29 22:11:22,183 INFO c.h.h.t.HelmChartContainer - [hivemq-test-hivemq-platform] [hivemq-platform-operator] [0adf354e] 
2025-01-29 22:11:22,183 INFO c.h.h.t.HelmChartContainer - [hivemq-test-hivemq-platform] [hivemq-platform-operator] [0adf354e] -------------------------------------------------------------------------
2025-01-29 22:11:22,183 INFO c.h.h.t.HelmChartContainer - [hivemq-test-hivemq-platform] [hivemq-platform-operator] [0adf354e] 
2025-01-29 22:11:22,183 INFO c.h.h.t.HelmChartContainer - [hivemq-test-hivemq-platform] [hivemq-platform-operator] [0adf354e]   HiveMQ Platform Operator Start Script v1.0
2025-01-29 22:11:22,183 INFO c.h.h.t.HelmChartContainer - [hivemq-test-hivemq-platform] [hivemq-platform-operator] [0adf354e] 
2025-01-29 22:11:22,183 INFO c.h.h.t.HelmChartContainer - [hivemq-test-hivemq-platform] [hivemq-platform-operator] [0adf354e] -------------------------------------------------------------------------
2025-01-29 22:11:22,185 INFO c.h.h.t.HelmChartContainer - [hivemq-test-hivemq-platform] [hivemq-platform-operator] [0adf354e] 
2025-01-29 22:11:22,185 INFO c.h.h.t.HelmChartContainer - [hivemq-test-hivemq-platform] [hivemq-platform-operator] [0adf354e]   JAVA_OPTS: -XX:+UnlockExperimentalVMOptions -XX:InitialRAMPercentage=75 -XX:MaxRAMPercentage=75 -Duser.language=en -Duser.region=US
2025-01-29 22:11:22,185 INFO c.h.h.t.HelmChartContainer - [hivemq-test-hivemq-platform] [hivemq-platform-operator] [0adf354e] 
2025-01-29 22:11:22,185 INFO c.h.h.t.HelmChartContainer - [hivemq-test-hivemq-platform] [hivemq-platform-operator] [0adf354e]   JAVA_VERSION: 21
2025-01-29 22:11:22,185 INFO c.h.h.t.HelmChartContainer - [hivemq-test-hivemq-platform] [hivemq-platform-operator] [0adf354e] 
2025-01-29 22:11:22,185 INFO c.h.h.t.HelmChartContainer - [hivemq-test-hivemq-platform] [hivemq-platform-operator] [0adf354e] -------------------------------------------------------------------------
2025-01-29 22:11:22,185 INFO c.h.h.t.HelmChartContainer - [hivemq-test-hivemq-platform] [hivemq-platform-operator] [0adf354e] 
2025-01-29 22:11:25,281 INFO c.h.h.t.HelmChartContainer - [hivemq-test-hivemq-platform] [hivemq-platform-operator] [0adf354e] 22:11:25.277 [main] DEBUG org.jboss.logging - Logging Provider: org.jboss.logging.Slf4jLoggerProvider
2025-01-29 22:11:25,384 INFO c.h.h.t.HelmChartContainer - [hivemq-test-hivemq-platform] [hivemq-platform-operator] [0adf354e] 22:11:25.383 [main] DEBUG io.smallrye.config - SRCFG01006: Loaded ConfigSource SysPropConfigSource with ordinal 400
2025-01-29 22:11:25,384 INFO c.h.h.t.HelmChartContainer - [hivemq-test-hivemq-platform] [hivemq-platform-operator] [0adf354e] 22:11:25.383 [main] DEBUG io.smallrye.config - SRCFG01006: Loaded ConfigSource EnvConfigSource with ordinal 300
2025-01-29 22:11:25,385 INFO c.h.h.t.HelmChartContainer - [hivemq-test-hivemq-platform] [hivemq-platform-operator] [0adf354e] 22:11:25.383 [main] DEBUG io.smallrye.config - SRCFG01006: Loaded ConfigSource PropertiesConfigSource[source=jar:file:///opt/hivemq-platform-operator/bin/hivemq-platform-operator.jar!/hivemq-platform-operator.properties] with ordinal 100
2025-01-29 22:11:25,385 INFO c.h.h.t.HelmChartContainer - [hivemq-test-hivemq-platform] [hivemq-platform-operator] [0adf354e] 22:11:25.383 [main] DEBUG io.smallrye.config - SRCFG01006: Loaded ConfigSource DefaultValuesConfigSource with ordinal -2147483648
2025-01-29 22:11:25,480 INFO c.h.h.t.HelmChartContainer - [hivemq-test-hivemq-platform] [hivemq-platform-operator] [0adf354e] 22:11:25.478 [main] DEBUG i.m.c.u.i.l.InternalLoggerFactory - Using SLF4J as the default logging framework
2025-01-29 22:11:25,591 INFO c.h.h.t.HelmChartContainer - [hivemq-test-hivemq-platform] [hivemq-platform-operator] [0adf354e] 22:11:25.583 [main] INFO  c.h.p.o.HiveMQPlatformOperatorApplication - HiveMQ Platform Operator 1.7.0-SNAPSHOT (commit: 3bc9484 on branch: HEAD) built on Wed Jan 29 22:06:36 UTC 2025
2025-01-29 22:11:25,592 INFO c.h.h.t.HelmChartContainer - [hivemq-test-hivemq-platform] [hivemq-platform-operator] [0adf354e] 22:11:25.590 [main] INFO  c.h.p.o.HiveMQPlatformOperatorApplication - HiveMQ Platform Operator is running in namespace: helmcustomconfigit-operator
2025-01-29 22:11:25,592 INFO c.h.h.t.HelmChartContainer - [hivemq-test-hivemq-platform] [hivemq-platform-operator] [0adf354e] 22:11:25.590 [main] INFO  c.h.p.o.HiveMQPlatformOperatorApplication - Watching all namespaces
2025-01-29 22:11:25,592 INFO c.h.h.t.HelmChartContainer - [hivemq-test-hivemq-platform] [hivemq-platform-operator] [0adf354e] 22:11:25.590 [main] INFO  c.h.p.o.HiveMQPlatformOperatorApplication - Log level: DEBUG
2025-01-29 22:11:25,593 INFO c.h.h.t.HelmChartContainer - [hivemq-test-hivemq-platform] [hivemq-platform-operator] [0adf354e] 22:11:25.590 [main] INFO  c.h.p.o.HiveMQPlatformOperatorApplication - Release name: test-hivemq-platform-operator
2025-01-29 22:11:25,593 INFO c.h.h.t.HelmChartContainer - [hivemq-test-hivemq-platform] [hivemq-platform-operator] [0adf354e] 22:11:25.591 [main] INFO  c.h.p.o.HiveMQPlatformOperatorApplication - HiveMQ Platform Operator Init image: docker.io/hivemq/hivemq-platform-operator-init-test:snapshot
2025-01-29 22:11:25,593 INFO c.h.h.t.HelmChartContainer - [hivemq-test-hivemq-platform] [hivemq-platform-operator] [0adf354e] 22:11:25.591 [main] INFO  c.h.p.o.HiveMQPlatformOperatorApplication - HiveMQ Platform Operator Init App update URL: http://hivemq-platform-operator-test-hivemq-platform-operator.helmcustomconfigit-operator.svc:8080/initAppUpdate/hivemq-platform-operator-init-app-1.7.0-SNAPSHOT.jar
2025-01-29 22:11:25,593 INFO c.h.h.t.HelmChartContainer - [hivemq-test-hivemq-platform] [hivemq-platform-operator] [0adf354e] 22:11:25.591 [main] INFO  c.h.p.o.HiveMQPlatformOperatorApplication - Additional imagePullSecret for all Platform deployments: none
2025-01-29 22:11:25,593 INFO c.h.h.t.HelmChartContainer - [hivemq-test-hivemq-platform] [hivemq-platform-operator] [0adf354e] 22:11:25.591 [main] INFO  c.h.p.o.HiveMQPlatformOperatorApplication - Apply HiveMQ Platform CRD: true
2025-01-29 22:11:25,593 INFO c.h.h.t.HelmChartContainer - [hivemq-test-hivemq-platform] [hivemq-platform-operator] [0adf354e] 22:11:25.591 [main] INFO  c.h.p.o.HiveMQPlatformOperatorApplication - Create Platform ServiceAccount: true
2025-01-29 22:11:25,593 INFO c.h.h.t.HelmChartContainer - [hivemq-test-hivemq-platform] [hivemq-platform-operator] [0adf354e] 22:11:25.591 [main] INFO  c.h.p.o.HiveMQPlatformOperatorApplication - Create Platform ServiceAccount permissions: true
2025-01-29 22:11:25,593 INFO c.h.h.t.HelmChartContainer - [hivemq-test-hivemq-platform] [hivemq-platform-operator] [0adf354e] 22:11:25.591 [main] INFO  c.h.p.o.HiveMQPlatformOperatorApplication - Validate Platform ServiceAccount: true
2025-01-29 22:11:25,593 INFO c.h.h.t.HelmChartContainer - [hivemq-test-hivemq-platform] [hivemq-platform-operator] [0adf354e] 22:11:25.591 [main] INFO  c.h.p.o.HiveMQPlatformOperatorApplication - Validate Platform ServiceAccount permissions: true
2025-01-29 22:11:25,688 INFO c.h.h.t.HelmChartContainer - [hivemq-test-hivemq-platform] [hivemq-platform-operator] [0adf354e] 22:11:25.687 [main] INFO  c.h.platform.operator.util.CRDUtil - Verifying deployed HiveMQ Platform CRD...
2025-01-29 22:11:26,133 INFO c.h.h.t.HelmChartContainer - [POD] metrics-server-8584b5786c-ntrgh [03191697-9c2b-4bdf-be42-32031fb3651d] in kube-system was MODIFIED
2025-01-29 22:11:26,143 INFO c.h.h.t.HelmChartContainer - [K3S] [replica_set.go:679] "Finished syncing" kind="ReplicaSet" key="kube-system/metrics-server-8584b5786c" duration="11.821324ms"
2025-01-29 22:11:26,143 INFO c.h.h.t.HelmChartContainer - [K3S] [replica_set.go:679] "Finished syncing" kind="ReplicaSet" key="kube-system/metrics-server-8584b5786c" duration="37.229µs"
2025-01-29 22:11:28,182 INFO c.h.h.t.HelmChartContainer - [hivemq-test-hivemq-platform] [hivemq-platform-operator] [0adf354e] 22:11:28.181 [main] DEBUG c.h.platform.operator.util.CRDUtil - HiveMQ Platform CRD version v1 is up to date
2025-01-29 22:11:28,183 INFO c.h.h.t.HelmChartContainer - [hivemq-test-hivemq-platform] [hivemq-platform-operator] [0adf354e] 22:11:28.181 [main] INFO  c.h.platform.operator.util.CRDUtil - HiveMQ Platform CRD is up to date (version: V1_6_0)
2025-01-29 22:11:28,183 INFO c.h.h.t.HelmChartContainer - [hivemq-test-hivemq-platform] [hivemq-platform-operator] [0adf354e] 22:11:28.181 [main] INFO  c.h.platform.operator.util.CRDUtil - Waiting 10000 ms for HiveMQ Platform CRD 'hivemq-platforms.hivemq.com' to become ready...
2025-01-29 22:11:28,484 INFO c.h.h.t.HelmChartContainer - [hivemq-test-hivemq-platform] [hivemq-platform-operator] [0adf354e] 22:11:28.481 [vert.x-eventloop-thread-1] DEBUG c.h.platform.operator.util.CRDUtil - Checking CRD condition 'NamesAccepted' (status: 'True')
2025-01-29 22:11:28,484 INFO c.h.h.t.HelmChartContainer - [hivemq-test-hivemq-platform] [hivemq-platform-operator] [0adf354e] 22:11:28.482 [vert.x-eventloop-thread-1] DEBUG c.h.platform.operator.util.CRDUtil - Checking CRD condition 'Established' (status: 'True')
2025-01-29 22:11:28,486 INFO c.h.h.t.HelmChartContainer - [hivemq-test-hivemq-platform] [hivemq-platform-operator] [0adf354e] 22:11:28.483 [main] INFO  c.h.platform.operator.util.CRDUtil - HiveMQ Platform CRD 'hivemq-platforms.hivemq.com' is ready
2025-01-29 22:11:28,612 INFO c.h.h.t.HelmChartContainer - [hivemq-test-hivemq-platform] [hivemq-platform-operator] [0adf354e] 22:11:28.611 [main] INFO  c.h.p.o.HiveMQPlatformReconciler - HiveMQ Platform Operator is starting...
2025-01-29 22:11:28,784 INFO c.h.h.t.HelmChartContainer - [hivemq-test-hivemq-platform] [hivemq-platform-operator] [0adf354e] 22:11:28.782 [main] WARN  Default ConfigurationService implementation - Configuration for reconciler 'hivemq-controller' was not found. Known reconcilers: None.
2025-01-29 22:11:28,805 INFO c.h.h.t.HelmChartContainer - [hivemq-test-hivemq-platform] [hivemq-platform-operator] [0adf354e] 22:11:28.804 [main] INFO  Default ConfigurationService implementation - Created configuration for reconciler com.hivemq.platform.operator.HiveMQPlatformReconciler with name hivemq-controller
2025-01-29 22:11:28,908 INFO c.h.h.t.HelmChartContainer - [hivemq-test-hivemq-platform] [hivemq-platform-operator] [0adf354e] 22:11:28.907 [main] DEBUG c.h.p.o.HiveMQPlatformReconciler - HiveMQ Platform Operator is preparing EventSources
2025-01-29 22:11:28,987 INFO c.h.h.t.HelmChartContainer - [hivemq-test-hivemq-platform] [hivemq-platform-operator] [0adf354e] 22:11:28.985 [main] INFO  i.javaoperatorsdk.operator.Operator - Registered reconciler: 'hivemq-controller' for resource: 'class com.hivemq.platform.operator.v1.HiveMQPlatform' for namespace(s): [all namespaces]
2025-01-29 22:11:29,689 INFO c.h.h.t.HelmChartContainer - [hivemq-test-hivemq-platform] [hivemq-platform-operator] [0adf354e] 22:11:29.688 [main] INFO  c.h.p.operator.webserver.JettyServer - Starting Jetty server on port 8080
2025-01-29 22:11:29,787 INFO c.h.h.t.HelmChartContainer - [hivemq-test-hivemq-platform] [hivemq-platform-operator] [0adf354e] 22:11:29.786 [main] INFO  i.javaoperatorsdk.operator.Operator - Operator SDK 4.9.7 (commit: 2133d28) built on Wed Nov 20 12:56:20 UTC 2024 starting...
2025-01-29 22:11:29,787 INFO c.h.h.t.HelmChartContainer - [hivemq-test-hivemq-platform] [hivemq-platform-operator] [0adf354e] 22:11:29.786 [main] INFO  i.javaoperatorsdk.operator.Operator - Client version: 6.13.5
2025-01-29 22:11:29,789 INFO c.h.h.t.HelmChartContainer - [hivemq-test-hivemq-platform] [hivemq-platform-operator] [0adf354e] 22:11:29.788 [Controller Starter for: hivemq-controller] INFO  i.j.operator.processing.Controller - Starting 'hivemq-controller' controller for reconciler: com.hivemq.platform.operator.HiveMQPlatformReconciler, resource: com.hivemq.platform.operator.v1.HiveMQPlatform
2025-01-29 22:11:31,693 INFO c.h.h.t.HelmChartContainer - [K3S] [range_allocator.go:247] "Successfully synced" key="6c7c6f7dc8ee"
2025-01-29 22:11:32,380 INFO c.h.h.t.HelmChartContainer - [hivemq-test-hivemq-platform] [hivemq-platform-operator] [0adf354e] 22:11:32.378 [Controller Starter for: hivemq-controller] INFO  i.j.operator.processing.Controller - 'hivemq-controller' controller started
2025-01-29 22:11:32,381 INFO c.h.h.t.HelmChartContainer - [hivemq-test-hivemq-platform] [hivemq-platform-operator] [0adf354e] 22:11:32.379 [main] INFO  c.h.p.o.HiveMQPlatformOperatorApplication - HiveMQ Platform Operator 1.7.0-SNAPSHOT started in 6796 ms
2025-01-29 22:11:33,161 INFO c.h.h.t.HelmChartContainer - [POD] hivemq-test-hivemq-platform-operator-6966f96d65-gjf62 [0adf354e-6ab3-4f33-b48d-4f01eb375dad] in helmcustomconfigit-operator was MODIFIED
2025-01-29 22:11:33,164 INFO c.h.h.t.HelmChartContainer - [K3S] [replica_set.go:679] "Finished syncing" kind="ReplicaSet" key="helmcustomconfigit-operator/hivemq-test-hivemq-platform-operator-6966f96d65" duration="9.369016ms"
2025-01-29 22:11:33,164 INFO c.h.h.t.HelmChartContainer - [K3S] [replica_set.go:679] "Finished syncing" kind="ReplicaSet" key="helmcustomconfigit-operator/hivemq-test-hivemq-platform-operator-6966f96d65" duration="41.457µs"
2025-01-29 22:11:33,385 INFO com.hivemq.helmcharts.util.K8sUtil - Pod 'hivemq-test-hivemq-platform-operator-6966f96d65-gjf62' is ready
2025-01-29 22:11:33,454 DEBUG c.h.h.t.HelmChartContainer - Executing helm command: /bin/helm --kubeconfig /etc/rancher/k3s/k3s.yaml install test-hivemq-platform /charts/hivemq-platform --wait --timeout 5m0s --set image.repository=docker.io/hivemq --set image.tag=4.36.0 --set image.pullPolicy=Never --set nodes.resources.cpu=512m --set-file config.overrideStatefulSet=/files/stateful-set-spec.yaml --namespace helmcustomconfigit
2025-01-29 22:11:34,014 INFO c.h.h.t.HelmChartContainer - [hivemq-test-hivemq-platform] [hivemq-platform-operator] [0adf354e] 22:11:34.012 [-2082509879-pool-1-thread-1] WARN  i.m.p.PrometheusMeterRegistry - The meter (MeterId{name='operator.sdk.events.received', tags=[tag(action=ADDED),tag(event=ResourceEvent),tag(group=hivemq.com),tag(kind=HiveMQPlatform),tag(name=test-hivemq-platform),tag(namespace=helmcustomconfigit),tag(scope=namespace),tag(version=v1)]}) registration has failed: Prometheus requires that all meters with the same name have the same set of tag keys. There is already an existing meter named 'operator.sdk.events.received' containing tag keys [event, group, kind, name, namespace, scope, version]. The meter you are attempting to register has keys [action, event, group, kind, name, namespace, scope, version]. Note that subsequent logs will be logged at debug level.
2025-01-29 22:11:34,480 INFO c.h.h.t.HelmChartContainer - [hivemq-test-hivemq-platform] [hivemq-platform-operator] [0adf354e] 22:11:34.479 [pool-6-thread-3] DEBUG c.h.p.o.dependants.PodInfoConfigMap - [helmcust] Desired PodInfo ConfigMap (1 extensions) (1 enabled)
2025-01-29 22:11:34,481 INFO c.h.h.t.HelmChartContainer - [hivemq-test-hivemq-platform] [hivemq-platform-operator] [0adf354e] 22:11:34.479 [pool-6-thread-3] DEBUG c.h.p.o.dependants.PodInfoConfigMap - [helmcust] Desired PodInfo ConfigMap (metrics port: 9399) (metrics path: /)
2025-01-29 22:11:34,481 INFO c.h.h.t.HelmChartContainer - [hivemq-test-hivemq-platform] [hivemq-platform-operator] [0adf354e] 22:11:34.480 [pool-6-thread-3] DEBUG c.h.p.o.dependants.PodInfoConfigMap - [helmcust] Desired PodInfo ConfigMap (extension state hash: -1817474005)
2025-01-29 22:11:34,508 INFO c.h.h.t.HelmChartContainer - [hivemq-test-hivemq-platform] [hivemq-platform-operator] [0adf354e] 22:11:34.502 [pool-6-thread-3] DEBUG c.h.p.o.dependants.PodInfoConfigMap - [helmcust] Create PodInfo ConfigMap
2025-01-29 22:11:34,582 INFO c.h.h.t.HelmChartContainer - [hivemq-test-hivemq-platform] [hivemq-platform-operator] [0adf354e] 22:11:34.580 [pool-6-thread-5] DEBUG c.h.p.o.dependants.PodRoleResource - [helmcust] Create Role: Role(apiVersion=rbac.authorization.k8s.io/v1, kind=Role, metadata=ObjectMeta(annotations={meta.helm.sh/release-name=test-hivemq-platform, meta.helm.sh/release-namespace=helmcustomconfigit}, creationTimestamp=null, deletionGracePeriodSeconds=null, deletionTimestamp=null, finalizers=[], generateName=null, generation=null, labels={helm.sh/chart=hivemq-platform-0.2.32, app.kubernetes.io/managed-by=Helm, app.kubernetes.io/name=hivemq-platform, hivemq-platform=test-hivemq-platform, app.kubernetes.io/instance=test-hivemq-platform, app.kubernetes.io/version=4.36.0}, managedFields=[], name=hivemq-platform-role-test-hivemq-platform, namespace=helmcustomconfigit, ownerReferences=[OwnerReference(apiVersion=hivemq.com/v1, blockOwnerDeletion=null, controller=null, kind=HiveMQPlatform, name=test-hivemq-platform, uid=a48a2f18-cddf-4dcc-b3ee-24907379d452, additionalProperties={})], resourceVersion=null, selfLink=null, uid=null, additionalProperties={}), rules=[PolicyRule(apiGroups=[], nonResourceURLs=[], resourceNames=[], resources=[pods], verbs=[get, patch, update], additionalProperties={})], additionalProperties={})
2025-01-29 22:11:34,707 INFO c.h.h.t.HelmChartContainer - [hivemq-test-hivemq-platform] [hivemq-platform-operator] [0adf354e] 22:11:34.705 [pool-6-thread-7] DEBUG c.h.p.o.d.PodServiceAccountResource - [helmcust] Desired PodServiceAccountResource (serviceAccountName: hivemq-platform-pod-test-hivemq-platform)
2025-01-29 22:11:34,707 INFO c.h.h.t.HelmChartContainer - [hivemq-test-hivemq-platform] [hivemq-platform-operator] [0adf354e] 22:11:34.706 [pool-6-thread-7] DEBUG c.h.p.o.d.PodServiceAccountResource - [helmcust] Create ServiceAccount 'hivemq-platform-pod-test-hivemq-platform'
2025-01-29 22:11:34,816 INFO c.h.h.t.HelmChartContainer - [hivemq-test-hivemq-platform] [hivemq-platform-operator] [0adf354e] 22:11:34.813 [pool-6-thread-10] DEBUG c.h.p.o.d.PodRoleBindingResource - [helmcust] Create RoleBinding: RoleBinding(apiVersion=rbac.authorization.k8s.io/v1, kind=RoleBinding, metadata=ObjectMeta(annotations={meta.helm.sh/release-name=test-hivemq-platform, meta.helm.sh/release-namespace=helmcustomconfigit}, creationTimestamp=null, deletionGracePeriodSeconds=null, deletionTimestamp=null, finalizers=[], generateName=null, generation=null, labels={helm.sh/chart=hivemq-platform-0.2.32, app.kubernetes.io/managed-by=Helm, app.kubernetes.io/name=hivemq-platform, hivemq-platform=test-hivemq-platform, app.kubernetes.io/instance=test-hivemq-platform, app.kubernetes.io/version=4.36.0}, managedFields=[], name=hivemq-platform-role-binding-test-hivemq-platform, namespace=helmcustomconfigit, ownerReferences=[OwnerReference(apiVersion=hivemq.com/v1, blockOwnerDeletion=null, controller=null, kind=HiveMQPlatform, name=test-hivemq-platform, uid=a48a2f18-cddf-4dcc-b3ee-24907379d452, additionalProperties={})], resourceVersion=null, selfLink=null, uid=null, additionalProperties={}), roleRef=RoleRef(apiGroup=rbac.authorization.k8s.io, kind=Role, name=hivemq-platform-role-test-hivemq-platform, additionalProperties={}), subjects=[Subject(apiGroup=null, kind=ServiceAccount, name=hivemq-platform-pod-test-hivemq-platform, namespace=helmcustomconfigit, additionalProperties={})], additionalProperties={})
2025-01-29 22:11:34,981 INFO c.h.h.t.HelmChartContainer - [hivemq-test-hivemq-platform] [hivemq-platform-operator] [0adf354e] 22:11:34.979 [ReconcilerExecutor-hivemq-controller-53] INFO  c.h.p.o.HiveMQPlatformReconciler - [helmcust] Reconciling HiveMQ Platform 'test-hivemq-platform' in namespace 'helmcustomconfigit'
2025-01-29 22:11:34,981 INFO c.h.h.t.HelmChartContainer - [hivemq-test-hivemq-platform] [hivemq-platform-operator] [0adf354e] 22:11:34.980 [ReconcilerExecutor-hivemq-controller-53] DEBUG c.h.p.o.HiveMQPlatformReconciler - [helmcust] Custom Resource Status CREATED - HiveMQ Platform was created (READY)
2025-01-29 22:11:34,981 INFO c.h.h.t.HelmChartContainer - [hivemq-test-hivemq-platform] [hivemq-platform-operator] [0adf354e] 22:11:34.980 [ReconcilerExecutor-hivemq-controller-53] DEBUG c.h.p.o.HiveMQPlatformReconciler - [helmcust] Custom Resource Spec (replicas: 1) (extensions: 1)
2025-01-29 22:11:35,003 INFO c.h.h.t.HelmChartContainer - [hivemq-test-hivemq-platform] [hivemq-platform-operator] [0adf354e] 22:11:35.002 [ReconcilerExecutor-hivemq-controller-53] INFO  c.h.p.o.h.HiveMQPlatformReconcilerBaseHandler - [helmcust] HiveMQ Platform is starting
2025-01-29 22:11:35,114 INFO c.h.h.t.HelmChartContainer - [hivemq-test-hivemq-platform] [hivemq-platform-operator] [0adf354e] 22:11:35.113 [ReconcilerExecutor-hivemq-controller-53] DEBUG c.h.p.operator.event.EventSender - [helmcust] Creating K8s event hivemq-platform-starting: [Start] HiveMQ Platform is starting
2025-01-29 22:11:35,183 INFO c.h.h.t.HelmChartContainer - [EVENT] Normal [Start] HiveMQ Platform is starting [helmcustomconfigit:test-hivemq-platform]
2025-01-29 22:11:35,206 INFO c.h.h.t.HelmChartContainer - [hivemq-test-hivemq-platform] [hivemq-platform-operator] [0adf354e] 22:11:35.204 [ReconcilerExecutor-hivemq-controller-53] INFO  c.h.p.o.h.AbstractHiveMQReconcilerStateHandler - [helmcust] Update HiveMQ Platform Status (CREATED [READY] -> STARTING [READY]): HiveMQ Platform is starting
2025-01-29 22:11:35,218 DEBUG com.hivemq.helmcharts.util.K8sUtil - Comparing actual state 'STARTING' and waiting for 'RUNNING'
2025-01-29 22:11:45,313 INFO c.h.h.t.HelmChartContainer - [hivemq-test-hivemq-platform] [hivemq-platform-operator] [0adf354e] 22:11:45.307 [pool-6-thread-12] DEBUG c.h.p.o.d.PlatformServiceResource - [helmcust] Desired Platform services (3 services)
2025-01-29 22:11:45,313 INFO c.h.h.t.HelmChartContainer - [hivemq-test-hivemq-platform] [hivemq-platform-operator] [0adf354e] 22:11:45.309 [pool-6-thread-13] DEBUG c.h.p.o.dependants.PodInfoConfigMap - [helmcust] Desired PodInfo ConfigMap (1 extensions) (1 enabled)
2025-01-29 22:11:45,313 INFO c.h.h.t.HelmChartContainer - [hivemq-test-hivemq-platform] [hivemq-platform-operator] [0adf354e] 22:11:45.310 [pool-6-thread-13] DEBUG c.h.p.o.dependants.PodInfoConfigMap - [helmcust] Desired PodInfo ConfigMap (metrics port: 9399) (metrics path: /)
2025-01-29 22:11:45,313 INFO c.h.h.t.HelmChartContainer - [hivemq-test-hivemq-platform] [hivemq-platform-operator] [0adf354e] 22:11:45.310 [pool-6-thread-13] DEBUG c.h.p.o.dependants.PodInfoConfigMap - [helmcust] Desired PodInfo ConfigMap (extension state hash: -1817474005)
2025-01-29 22:11:45,315 INFO c.h.h.t.HelmChartContainer - [hivemq-test-hivemq-platform] [hivemq-platform-operator] [0adf354e] 22:11:45.315 [pool-6-thread-17] DEBUG c.h.p.o.d.PodServiceAccountResource - [helmcust] Desired PodServiceAccountResource (serviceAccountName: hivemq-platform-pod-test-hivemq-platform)
2025-01-29 22:11:45,321 INFO c.h.h.t.HelmChartContainer - [hivemq-test-hivemq-platform] [hivemq-platform-operator] [0adf354e] 22:11:45.318 [pool-6-thread-13] DEBUG c.h.p.o.dependants.PodInfoConfigMap - [helmcust] Update PodInfo ConfigMap
2025-01-29 22:11:45,327 INFO c.h.h.t.HelmChartContainer - [K3S] [alloc.go:330] "allocated clusterIPs" service="helmcustomconfigit/hivemq-test-hivemq-platform-cc-8080" clusterIPs={"IPv4":"10.43.20.202"}
2025-01-29 22:11:45,419 INFO c.h.h.t.HelmChartContainer - [K3S] [alloc.go:330] "allocated clusterIPs" service="helmcustomconfigit/hivemq-test-hivemq-platform-metrics-9399" clusterIPs={"IPv4":"10.43.113.23"}
2025-01-29 22:11:45,510 INFO c.h.h.t.HelmChartContainer - [K3S] [alloc.go:330] "allocated clusterIPs" service="helmcustomconfigit/hivemq-test-hivemq-platform-mqtt-1883" clusterIPs={"IPv4":"10.43.121.30"}
2025-01-29 22:11:45,521 INFO c.h.h.t.HelmChartContainer - [hivemq-test-hivemq-platform] [hivemq-platform-operator] [0adf354e] 22:11:45.519 [pool-6-thread-20] DEBUG c.h.p.o.d.StatefulSetResource - [helmcust] Desired StatefulSet (1 replicas) for status STARTING (READY)
2025-01-29 22:11:45,611 INFO c.h.h.t.HelmChartContainer - [hivemq-test-hivemq-platform] [hivemq-platform-operator] [0adf354e] 22:11:45.609 [pool-6-thread-20] DEBUG c.h.p.o.d.StatefulSetResource - [helmcust] Create StatefulSet
2025-01-29 22:11:45,649 INFO c.h.h.t.HelmChartContainer - [POD] test-hivemq-platform-0 [edf3d267-1a1b-41bc-b800-2e7059aae4bc] in helmcustomconfigit was ADDED
2025-01-29 22:11:45,655 INFO c.h.h.t.HelmChartContainer - [POD] test-hivemq-platform-0 [edf3d267-1a1b-41bc-b800-2e7059aae4bc] in helmcustomconfigit was MODIFIED
2025-01-29 22:11:45,657 INFO c.h.h.t.HelmChartContainer - [EVENT] Normal [SuccessfulCreate] create Pod test-hivemq-platform-0 in StatefulSet test-hivemq-platform successful [helmcustomconfigit:test-hivemq-platform]
2025-01-29 22:11:45,659 INFO c.h.h.t.HelmChartContainer - [EVENT] Normal [Scheduled] Successfully assigned helmcustomconfigit/test-hivemq-platform-0 to 6c7c6f7dc8ee [helmcustomconfigit:test-hivemq-platform-0]
2025-01-29 22:11:45,667 INFO c.h.h.t.HelmChartContainer - [POD] test-hivemq-platform-0 [edf3d267-1a1b-41bc-b800-2e7059aae4bc] in helmcustomconfigit was MODIFIED
2025-01-29 22:11:45,809 INFO c.h.h.t.HelmChartContainer - [hivemq-test-hivemq-platform] [hivemq-platform-operator] [0adf354e] 22:11:45.807 [ReconcilerExecutor-hivemq-controller-64] INFO  c.h.p.o.HiveMQPlatformReconciler - [helmcust] Reconciling HiveMQ Platform 'test-hivemq-platform' in namespace 'helmcustomconfigit'
2025-01-29 22:11:45,810 INFO c.h.h.t.HelmChartContainer - [hivemq-test-hivemq-platform] [hivemq-platform-operator] [0adf354e] 22:11:45.807 [ReconcilerExecutor-hivemq-controller-64] DEBUG c.h.p.o.HiveMQPlatformReconciler - [helmcust] Custom Resource Status STARTING - HiveMQ Platform is starting (READY)
2025-01-29 22:11:45,810 INFO c.h.h.t.HelmChartContainer - [hivemq-test-hivemq-platform] [hivemq-platform-operator] [0adf354e] 22:11:45.807 [ReconcilerExecutor-hivemq-controller-64] DEBUG c.h.p.o.HiveMQPlatformReconciler - [helmcust] Custom Resource Spec (replicas: 1) (extensions: 1)
2025-01-29 22:11:45,812 INFO c.h.h.t.HelmChartContainer - [hivemq-test-hivemq-platform] [hivemq-platform-operator] [0adf354e] 22:11:45.812 [ReconcilerExecutor-hivemq-controller-64] DEBUG c.h.p.o.HiveMQPlatformReconciler - [helmcust] StatefulSet Status (revision: test-hivemq-platform-66fd65f559, replicas: 1, available: 0, ready: 0, current: 1, updated: 1)
2025-01-29 22:11:45,814 INFO c.h.h.t.HelmChartContainer - [hivemq-test-hivemq-platform] [hivemq-platform-operator] [0adf354e] 22:11:45.813 [ReconcilerExecutor-hivemq-controller-64] DEBUG c.h.p.o.HiveMQPlatformReconciler - [helmcust] StatefulSet Spec (replicas: 1, init containers: 1, containers: 1, volumes: 3)
2025-01-29 22:11:45,819 INFO c.h.h.t.HelmChartContainer - [K3S] [reconciler_common.go:251] "operationExecutor.VerifyControllerAttachedVolume started for volume \"pod-info\" (UniqueName: \"kubernetes.io/configmap/edf3d267-1a1b-41bc-b800-2e7059aae4bc-pod-info\") pod \"test-hivemq-platform-0\" (UID: \"edf3d267-1a1b-41bc-b800-2e7059aae4bc\") " pod="helmcustomconfigit/test-hivemq-platform-0"
2025-01-29 22:11:45,820 INFO c.h.h.t.HelmChartContainer - [K3S] [reconciler_common.go:251] "operationExecutor.VerifyControllerAttachedVolume started for volume \"broker-configuration\" (UniqueName: \"kubernetes.io/configmap/edf3d267-1a1b-41bc-b800-2e7059aae4bc-broker-configuration\") pod \"test-hivemq-platform-0\" (UID: \"edf3d267-1a1b-41bc-b800-2e7059aae4bc\") " pod="helmcustomconfigit/test-hivemq-platform-0"
2025-01-29 22:11:45,821 INFO c.h.h.t.HelmChartContainer - [K3S] [reconciler_common.go:251] "operationExecutor.VerifyControllerAttachedVolume started for volume \"operator-init\" (UniqueName: \"kubernetes.io/empty-dir/edf3d267-1a1b-41bc-b800-2e7059aae4bc-operator-init\") pod \"test-hivemq-platform-0\" (UID: \"edf3d267-1a1b-41bc-b800-2e7059aae4bc\") " pod="helmcustomconfigit/test-hivemq-platform-0"
2025-01-29 22:11:45,821 INFO c.h.h.t.HelmChartContainer - [K3S] [reconciler_common.go:251] "operationExecutor.VerifyControllerAttachedVolume started for volume \"kube-api-access-mhhdq\" (UniqueName: \"kubernetes.io/projected/edf3d267-1a1b-41bc-b800-2e7059aae4bc-kube-api-access-mhhdq\") pod \"test-hivemq-platform-0\" (UID: \"edf3d267-1a1b-41bc-b800-2e7059aae4bc\") " pod="helmcustomconfigit/test-hivemq-platform-0"
2025-01-29 22:11:45,912 INFO c.h.h.t.HelmChartContainer - [hivemq-test-hivemq-platform] [hivemq-platform-operator] [0adf354e] 22:11:45.910 [ReconcilerExecutor-hivemq-controller-64] DEBUG c.h.p.o.h.HiveMQPlatformReconcilerErrorHandler - [helmcust] Pod 'test-hivemq-platform-0' phase Pending
2025-01-29 22:11:45,913 INFO c.h.h.t.HelmChartContainer - [hivemq-test-hivemq-platform] [hivemq-platform-operator] [0adf354e] 22:11:45.911 [ReconcilerExecutor-hivemq-controller-64] DEBUG c.h.p.o.h.HiveMQPlatformReconcilerErrorHandler - [helmcust] Pod 'test-hivemq-platform-0' condition 'PodReadyToStartContainers': False
2025-01-29 22:11:45,913 INFO c.h.h.t.HelmChartContainer - [hivemq-test-hivemq-platform] [hivemq-platform-operator] [0adf354e] 22:11:45.911 [ReconcilerExecutor-hivemq-controller-64] DEBUG c.h.p.o.h.HiveMQPlatformReconcilerErrorHandler - [helmcust] Pod 'test-hivemq-platform-0' condition 'Initialized': False
2025-01-29 22:11:45,914 INFO c.h.h.t.HelmChartContainer - [hivemq-test-hivemq-platform] [hivemq-platform-operator] [0adf354e] 22:11:45.911 [ReconcilerExecutor-hivemq-controller-64] DEBUG c.h.p.o.h.HiveMQPlatformReconcilerErrorHandler - [helmcust] Pod 'test-hivemq-platform-0' condition 'Ready': False
2025-01-29 22:11:45,914 INFO c.h.h.t.HelmChartContainer - [hivemq-test-hivemq-platform] [hivemq-platform-operator] [0adf354e] 22:11:45.912 [ReconcilerExecutor-hivemq-controller-64] DEBUG c.h.p.o.h.HiveMQPlatformReconcilerErrorHandler - [helmcust] Pod 'test-hivemq-platform-0' condition 'ContainersReady': False
2025-01-29 22:11:45,914 INFO c.h.h.t.HelmChartContainer - [hivemq-test-hivemq-platform] [hivemq-platform-operator] [0adf354e] 22:11:45.912 [ReconcilerExecutor-hivemq-controller-64] DEBUG c.h.p.o.h.HiveMQPlatformReconcilerErrorHandler - [helmcust] Pod 'test-hivemq-platform-0' condition 'PodScheduled': True
2025-01-29 22:11:45,914 INFO c.h.h.t.HelmChartContainer - [hivemq-test-hivemq-platform] [hivemq-platform-operator] [0adf354e] 22:11:45.912 [ReconcilerExecutor-hivemq-controller-64] DEBUG c.h.p.o.h.HiveMQPlatformReconcilerErrorHandler - [helmcust] Pod 'test-hivemq-platform-0' containerStatus 'hivemq' (started: false) (ready: false) (waiting: [PodInitializing] null)
2025-01-29 22:11:45,917 INFO c.h.h.t.HelmChartContainer - [hivemq-test-hivemq-platform] [hivemq-platform-operator] [0adf354e] 22:11:45.915 [ReconcilerExecutor-hivemq-controller-64] INFO  c.h.p.o.h.HiveMQPlatformReconcilerBaseHandler - [helmcust] HiveMQ Platform is starting, 0 of 1 replicas are ready
2025-01-29 22:11:45,922 INFO c.h.h.t.HelmChartContainer - [hivemq-test-hivemq-platform] [hivemq-platform-operator] [0adf354e] 22:11:45.920 [pool-6-thread-22] DEBUG c.h.p.o.d.PlatformServiceResource - [helmcust] Desired Platform services (3 services)
2025-01-29 22:11:46,007 INFO c.h.h.t.HelmChartContainer - [hivemq-test-hivemq-platform] [hivemq-platform-operator] [0adf354e] 22:11:46.004 [pool-6-thread-23] DEBUG c.h.p.o.dependants.PodInfoConfigMap - [helmcust] Desired PodInfo ConfigMap (1 extensions) (1 enabled)
2025-01-29 22:11:46,007 INFO c.h.h.t.HelmChartContainer - [hivemq-test-hivemq-platform] [hivemq-platform-operator] [0adf354e] 22:11:46.004 [pool-6-thread-23] DEBUG c.h.p.o.dependants.PodInfoConfigMap - [helmcust] Desired PodInfo ConfigMap (metrics port: 9399) (metrics path: /)
2025-01-29 22:11:46,008 INFO c.h.h.t.HelmChartContainer - [hivemq-test-hivemq-platform] [hivemq-platform-operator] [0adf354e] 22:11:46.004 [pool-6-thread-23] DEBUG c.h.p.o.dependants.PodInfoConfigMap - [helmcust] Desired PodInfo ConfigMap (extension state hash: -1817474005)
2025-01-29 22:11:46,008 INFO c.h.h.t.HelmChartContainer - [hivemq-test-hivemq-platform] [hivemq-platform-operator] [0adf354e] 22:11:46.006 [pool-6-thread-27] DEBUG c.h.p.o.d.PodServiceAccountResource - [helmcust] Desired PodServiceAccountResource (serviceAccountName: hivemq-platform-pod-test-hivemq-platform)
2025-01-29 22:11:46,017 INFO c.h.h.t.HelmChartContainer - [hivemq-test-hivemq-platform] [hivemq-platform-operator] [0adf354e] 22:11:46.015 [pool-6-thread-29] DEBUG c.h.p.o.d.StatefulSetResource - [helmcust] Desired StatefulSet (1 replicas) for status STARTING (READY)
2025-01-29 22:11:46,053 INFO c.h.h.t.HelmChartContainer - [EVENT] Normal [Pulled] Container image "docker.io/hivemq/hivemq-platform-operator-init-test:snapshot" already present on machine [helmcustomconfigit:test-hivemq-platform-0]
2025-01-29 22:11:46,059 INFO c.h.h.t.HelmChartContainer - [EVENT] Normal [Created] Created container: hivemq-platform-operator-init [helmcustomconfigit:test-hivemq-platform-0]
2025-01-29 22:11:46,095 INFO c.h.h.t.HelmChartContainer - [EVENT] Normal [Started] Started container hivemq-platform-operator-init [helmcustomconfigit:test-hivemq-platform-0]
2025-01-29 22:11:46,107 INFO c.h.h.t.HelmChartContainer - [hivemq-test-hivemq-platform] [hivemq-platform-operator] [0adf354e] 22:11:46.105 [ReconcilerExecutor-hivemq-controller-75] INFO  c.h.p.o.HiveMQPlatformReconciler - [helmcust] Reconciling HiveMQ Platform 'test-hivemq-platform' in namespace 'helmcustomconfigit'
2025-01-29 22:11:46,108 INFO c.h.h.t.HelmChartContainer - [hivemq-test-hivemq-platform] [hivemq-platform-operator] [0adf354e] 22:11:46.106 [ReconcilerExecutor-hivemq-controller-75] DEBUG c.h.p.o.HiveMQPlatformReconciler - [helmcust] Custom Resource Status STARTING - HiveMQ Platform is starting (READY)
2025-01-29 22:11:46,108 INFO c.h.h.t.HelmChartContainer - [hivemq-test-hivemq-platform] [hivemq-platform-operator] [0adf354e] 22:11:46.106 [ReconcilerExecutor-hivemq-controller-75] DEBUG c.h.p.o.HiveMQPlatformReconciler - [helmcust] Custom Resource Spec (replicas: 1) (extensions: 1)
2025-01-29 22:11:46,112 INFO c.h.h.t.HelmChartContainer - [hivemq-test-hivemq-platform] [hivemq-platform-operator] [0adf354e] 22:11:46.110 [ReconcilerExecutor-hivemq-controller-75] DEBUG c.h.p.o.HiveMQPlatformReconciler - [helmcust] StatefulSet Status (revision: test-hivemq-platform-66fd65f559, replicas: 1, available: 0, ready: 0, current: 1, updated: 1)
2025-01-29 22:11:46,112 INFO c.h.h.t.HelmChartContainer - [hivemq-test-hivemq-platform] [hivemq-platform-operator] [0adf354e] 22:11:46.110 [ReconcilerExecutor-hivemq-controller-75] DEBUG c.h.p.o.HiveMQPlatformReconciler - [helmcust] StatefulSet Spec (replicas: 1, init containers: 1, containers: 1, volumes: 3)
2025-01-29 22:11:46,114 INFO c.h.h.t.HelmChartContainer - [hivemq-test-hivemq-platform] [hivemq-platform-operator] [0adf354e] 22:11:46.112 [ReconcilerExecutor-hivemq-controller-75] DEBUG c.h.p.o.h.HiveMQPlatformReconcilerErrorHandler - [helmcust] Pod 'test-hivemq-platform-0' phase Pending
2025-01-29 22:11:46,116 INFO c.h.h.t.HelmChartContainer - [hivemq-test-hivemq-platform] [hivemq-platform-operator] [0adf354e] 22:11:46.113 [ReconcilerExecutor-hivemq-controller-75] DEBUG c.h.p.o.h.HiveMQPlatformReconcilerErrorHandler - [helmcust] Pod 'test-hivemq-platform-0' condition 'PodReadyToStartContainers': False
2025-01-29 22:11:46,116 INFO c.h.h.t.HelmChartContainer - [hivemq-test-hivemq-platform] [hivemq-platform-operator] [0adf354e] 22:11:46.113 [ReconcilerExecutor-hivemq-controller-75] DEBUG c.h.p.o.h.HiveMQPlatformReconcilerErrorHandler - [helmcust] Pod 'test-hivemq-platform-0' condition 'Initialized': False
2025-01-29 22:11:46,116 INFO c.h.h.t.HelmChartContainer - [hivemq-test-hivemq-platform] [hivemq-platform-operator] [0adf354e] 22:11:46.113 [ReconcilerExecutor-hivemq-controller-75] DEBUG c.h.p.o.h.HiveMQPlatformReconcilerErrorHandler - [helmcust] Pod 'test-hivemq-platform-0' condition 'Ready': False
2025-01-29 22:11:46,117 INFO c.h.h.t.HelmChartContainer - [hivemq-test-hivemq-platform] [hivemq-platform-operator] [0adf354e] 22:11:46.113 [ReconcilerExecutor-hivemq-controller-75] DEBUG c.h.p.o.h.HiveMQPlatformReconcilerErrorHandler - [helmcust] Pod 'test-hivemq-platform-0' condition 'ContainersReady': False
2025-01-29 22:11:46,117 INFO c.h.h.t.HelmChartContainer - [hivemq-test-hivemq-platform] [hivemq-platform-operator] [0adf354e] 22:11:46.113 [ReconcilerExecutor-hivemq-controller-75] DEBUG c.h.p.o.h.HiveMQPlatformReconcilerErrorHandler - [helmcust] Pod 'test-hivemq-platform-0' condition 'PodScheduled': True
2025-01-29 22:11:46,117 INFO c.h.h.t.HelmChartContainer - [hivemq-test-hivemq-platform] [hivemq-platform-operator] [0adf354e] 22:11:46.113 [ReconcilerExecutor-hivemq-controller-75] DEBUG c.h.p.o.h.HiveMQPlatformReconcilerErrorHandler - [helmcust] Pod 'test-hivemq-platform-0' containerStatus 'hivemq' (started: false) (ready: false) (waiting: [PodInitializing] null)
2025-01-29 22:11:46,118 INFO c.h.h.t.HelmChartContainer - [hivemq-test-hivemq-platform] [hivemq-platform-operator] [0adf354e] 22:11:46.114 [ReconcilerExecutor-hivemq-controller-75] INFO  c.h.p.o.h.HiveMQPlatformReconcilerBaseHandler - [helmcust] HiveMQ Platform is starting, 0 of 1 replicas are ready
2025-01-29 22:11:46,180 INFO c.h.h.t.HelmChartContainer - [POD] test-hivemq-platform-0 [edf3d267-1a1b-41bc-b800-2e7059aae4bc] in helmcustomconfigit was MODIFIED
2025-01-29 22:11:46,217 INFO c.h.h.t.HelmChartContainer - [hivemq-test-hivemq-platform] [hivemq-platform-operator] [0adf354e] 22:11:46.212 [pool-6-thread-32] DEBUG c.h.p.o.d.PlatformServiceResource - [helmcust] Desired Platform services (3 services)
2025-01-29 22:11:46,227 INFO c.h.h.t.HelmChartContainer - [hivemq-test-hivemq-platform] [hivemq-platform-operator] [0adf354e] 22:11:46.219 [pool-6-thread-37] DEBUG c.h.p.o.d.PodServiceAccountResource - [helmcust] Desired PodServiceAccountResource (serviceAccountName: hivemq-platform-pod-test-hivemq-platform)
2025-01-29 22:11:46,228 INFO c.h.h.t.HelmChartContainer - [hivemq-test-hivemq-platform] [hivemq-platform-operator] [0adf354e] 22:11:46.218 [pool-6-thread-33] DEBUG c.h.p.o.dependants.PodInfoConfigMap - [helmcust] Desired PodInfo ConfigMap (1 extensions) (1 enabled)
2025-01-29 22:11:46,228 INFO c.h.h.t.HelmChartContainer - [hivemq-test-hivemq-platform] [hivemq-platform-operator] [0adf354e] 22:11:46.219 [pool-6-thread-33] DEBUG c.h.p.o.dependants.PodInfoConfigMap - [helmcust] Desired PodInfo ConfigMap (metrics port: 9399) (metrics path: /)
2025-01-29 22:11:46,228 INFO c.h.h.t.HelmChartContainer - [hivemq-test-hivemq-platform] [hivemq-platform-operator] [0adf354e] 22:11:46.221 [pool-6-thread-33] DEBUG c.h.p.o.dependants.PodInfoConfigMap - [helmcust] Desired PodInfo ConfigMap (extension state hash: -1817474005)
2025-01-29 22:11:46,243 INFO c.h.h.t.HelmChartContainer - [hivemq-test-hivemq-platform] [hivemq-platform-operator] [0adf354e] 22:11:46.241 [pool-6-thread-40] DEBUG c.h.p.o.d.StatefulSetResource - [helmcust] Desired StatefulSet (1 replicas) for status STARTING (READY)
2025-01-29 22:11:46,305 INFO c.h.h.t.HelmChartContainer - [hivemq-test-hivemq-platform] [hivemq-platform-operator] [0adf354e] 22:11:46.303 [ReconcilerExecutor-hivemq-controller-86] INFO  c.h.p.o.HiveMQPlatformReconciler - [helmcust] Reconciling HiveMQ Platform 'test-hivemq-platform' in namespace 'helmcustomconfigit'
2025-01-29 22:11:46,305 INFO c.h.h.t.HelmChartContainer - [hivemq-test-hivemq-platform] [hivemq-platform-operator] [0adf354e] 22:11:46.303 [ReconcilerExecutor-hivemq-controller-86] DEBUG c.h.p.o.HiveMQPlatformReconciler - [helmcust] Custom Resource Status STARTING - HiveMQ Platform is starting (READY)
2025-01-29 22:11:46,305 INFO c.h.h.t.HelmChartContainer - [hivemq-test-hivemq-platform] [hivemq-platform-operator] [0adf354e] 22:11:46.304 [ReconcilerExecutor-hivemq-controller-86] DEBUG c.h.p.o.HiveMQPlatformReconciler - [helmcust] Custom Resource Spec (replicas: 1) (extensions: 1)
2025-01-29 22:11:46,308 INFO c.h.h.t.HelmChartContainer - [hivemq-test-hivemq-platform] [hivemq-platform-operator] [0adf354e] 22:11:46.306 [ReconcilerExecutor-hivemq-controller-86] DEBUG c.h.p.o.HiveMQPlatformReconciler - [helmcust] StatefulSet Status (revision: test-hivemq-platform-66fd65f559, replicas: 1, available: 0, ready: 0, current: 1, updated: 1)
2025-01-29 22:11:46,309 INFO c.h.h.t.HelmChartContainer - [hivemq-test-hivemq-platform] [hivemq-platform-operator] [0adf354e] 22:11:46.307 [ReconcilerExecutor-hivemq-controller-86] DEBUG c.h.p.o.HiveMQPlatformReconciler - [helmcust] StatefulSet Spec (replicas: 1, init containers: 1, containers: 1, volumes: 3)
2025-01-29 22:11:46,311 INFO c.h.h.t.HelmChartContainer - [hivemq-test-hivemq-platform] [hivemq-platform-operator] [0adf354e] 22:11:46.310 [ReconcilerExecutor-hivemq-controller-86] DEBUG c.h.p.o.h.HiveMQPlatformReconcilerErrorHandler - [helmcust] Pod 'test-hivemq-platform-0' phase Pending
2025-01-29 22:11:46,312 INFO c.h.h.t.HelmChartContainer - [hivemq-test-hivemq-platform] [hivemq-platform-operator] [0adf354e] 22:11:46.310 [ReconcilerExecutor-hivemq-controller-86] DEBUG c.h.p.o.h.HiveMQPlatformReconcilerErrorHandler - [helmcust] Pod 'test-hivemq-platform-0' condition 'PodReadyToStartContainers': True
2025-01-29 22:11:46,312 INFO c.h.h.t.HelmChartContainer - [hivemq-test-hivemq-platform] [hivemq-platform-operator] [0adf354e] 22:11:46.310 [ReconcilerExecutor-hivemq-controller-86] DEBUG c.h.p.o.h.HiveMQPlatformReconcilerErrorHandler - [helmcust] Pod 'test-hivemq-platform-0' condition 'Initialized': False
2025-01-29 22:11:46,312 INFO c.h.h.t.HelmChartContainer - [hivemq-test-hivemq-platform] [hivemq-platform-operator] [0adf354e] 22:11:46.310 [ReconcilerExecutor-hivemq-controller-86] DEBUG c.h.p.o.h.HiveMQPlatformReconcilerErrorHandler - [helmcust] Pod 'test-hivemq-platform-0' condition 'Ready': False
2025-01-29 22:11:46,313 INFO c.h.h.t.HelmChartContainer - [hivemq-test-hivemq-platform] [hivemq-platform-operator] [0adf354e] 22:11:46.310 [ReconcilerExecutor-hivemq-controller-86] DEBUG c.h.p.o.h.HiveMQPlatformReconcilerErrorHandler - [helmcust] Pod 'test-hivemq-platform-0' condition 'ContainersReady': False
2025-01-29 22:11:46,313 INFO c.h.h.t.HelmChartContainer - [hivemq-test-hivemq-platform] [hivemq-platform-operator] [0adf354e] 22:11:46.310 [ReconcilerExecutor-hivemq-controller-86] DEBUG c.h.p.o.h.HiveMQPlatformReconcilerErrorHandler - [helmcust] Pod 'test-hivemq-platform-0' condition 'PodScheduled': True
2025-01-29 22:11:46,313 INFO c.h.h.t.HelmChartContainer - [hivemq-test-hivemq-platform] [hivemq-platform-operator] [0adf354e] 22:11:46.311 [ReconcilerExecutor-hivemq-controller-86] DEBUG c.h.p.o.h.HiveMQPlatformReconcilerErrorHandler - [helmcust] Pod 'test-hivemq-platform-0' containerStatus 'hivemq' (started: false) (ready: false) (waiting: [PodInitializing] null)
2025-01-29 22:11:46,313 INFO c.h.h.t.HelmChartContainer - [hivemq-test-hivemq-platform] [hivemq-platform-operator] [0adf354e] 22:11:46.311 [ReconcilerExecutor-hivemq-controller-86] INFO  c.h.p.o.h.HiveMQPlatformReconcilerBaseHandler - [helmcust] HiveMQ Platform is starting, 0 of 1 replicas are ready
2025-01-29 22:11:47,176 INFO c.h.h.t.HelmChartContainer - [EVENT] Normal [Pulled] Container image "docker.io/hivemq/hivemq4:4.36.0" already present on machine [helmcustomconfigit:test-hivemq-platform-0]
2025-01-29 22:11:47,176 INFO c.h.h.t.HelmChartContainer - Received Pulled event for container hivemq in pod test-hivemq-platform-0 [edf3d267-1a1b-41bc-b800-2e7059aae4bc]
2025-01-29 22:11:47,187 INFO c.h.h.t.HelmChartContainer - [POD] test-hivemq-platform-0 [edf3d267-1a1b-41bc-b800-2e7059aae4bc] in helmcustomconfigit was MODIFIED
2025-01-29 22:11:47,189 INFO c.h.h.t.HelmChartContainer - [EVENT] Normal [Created] Created container: hivemq [helmcustomconfigit:test-hivemq-platform-0]
2025-01-29 22:11:47,189 INFO c.h.h.t.HelmChartContainer - Received Created event for container hivemq in pod test-hivemq-platform-0 [edf3d267-1a1b-41bc-b800-2e7059aae4bc]
2025-01-29 22:11:47,202 INFO c.h.h.t.HelmChartContainer - [hivemq-test-hivemq-platform] [hivemq-platform-operator] [0adf354e] 22:11:47.195 [pool-6-thread-42] DEBUG c.h.p.o.d.PlatformServiceResource - [helmcust] Desired Platform services (3 services)
2025-01-29 22:11:47,204 INFO c.h.h.t.HelmChartContainer - [hivemq-test-hivemq-platform] [hivemq-platform-operator] [0adf354e] 22:11:47.199 [pool-6-thread-43] DEBUG c.h.p.o.dependants.PodInfoConfigMap - [helmcust] Desired PodInfo ConfigMap (1 extensions) (1 enabled)
2025-01-29 22:11:47,204 INFO c.h.h.t.HelmChartContainer - [hivemq-test-hivemq-platform] [hivemq-platform-operator] [0adf354e] 22:11:47.199 [pool-6-thread-43] DEBUG c.h.p.o.dependants.PodInfoConfigMap - [helmcust] Desired PodInfo ConfigMap (metrics port: 9399) (metrics path: /)
2025-01-29 22:11:47,204 INFO c.h.h.t.HelmChartContainer - [hivemq-test-hivemq-platform] [hivemq-platform-operator] [0adf354e] 22:11:47.199 [pool-6-thread-43] DEBUG c.h.p.o.dependants.PodInfoConfigMap - [helmcust] Desired PodInfo ConfigMap (extension state hash: -1817474005)
2025-01-29 22:11:47,209 INFO c.h.h.t.HelmChartContainer - [hivemq-test-hivemq-platform] [hivemq-platform-operator] [0adf354e] 22:11:47.207 [pool-6-thread-47] DEBUG c.h.p.o.d.PodServiceAccountResource - [helmcust] Desired PodServiceAccountResource (serviceAccountName: hivemq-platform-pod-test-hivemq-platform)
2025-01-29 22:11:47,213 INFO c.h.h.t.HelmChartContainer - [hivemq-test-hivemq-platform] [hivemq-platform-operator] [0adf354e] 22:11:47.212 [pool-6-thread-49] DEBUG c.h.p.o.d.StatefulSetResource - [helmcust] Desired StatefulSet (1 replicas) for status STARTING (READY)
2025-01-29 22:11:47,284 INFO c.h.h.t.HelmChartContainer - [hivemq-test-hivemq-platform] [hivemq-platform-operator] [0adf354e] 22:11:47.281 [ReconcilerExecutor-hivemq-controller-97] INFO  c.h.p.o.HiveMQPlatformReconciler - [helmcust] Reconciling HiveMQ Platform 'test-hivemq-platform' in namespace 'helmcustomconfigit'
2025-01-29 22:11:47,284 INFO c.h.h.t.HelmChartContainer - [hivemq-test-hivemq-platform] [hivemq-platform-operator] [0adf354e] 22:11:47.282 [ReconcilerExecutor-hivemq-controller-97] DEBUG c.h.p.o.HiveMQPlatformReconciler - [helmcust] Custom Resource Status STARTING - HiveMQ Platform is starting (READY)
2025-01-29 22:11:47,284 INFO c.h.h.t.HelmChartContainer - [hivemq-test-hivemq-platform] [hivemq-platform-operator] [0adf354e] 22:11:47.282 [ReconcilerExecutor-hivemq-controller-97] DEBUG c.h.p.o.HiveMQPlatformReconciler - [helmcust] Custom Resource Spec (replicas: 1) (extensions: 1)
2025-01-29 22:11:47,286 INFO c.h.h.t.HelmChartContainer - [hivemq-test-hivemq-platform] [hivemq-platform-operator] [0adf354e] 22:11:47.286 [ReconcilerExecutor-hivemq-controller-97] DEBUG c.h.p.o.HiveMQPlatformReconciler - [helmcust] StatefulSet Status (revision: test-hivemq-platform-66fd65f559, replicas: 1, available: 0, ready: 0, current: 1, updated: 1)
2025-01-29 22:11:47,287 INFO c.h.h.t.HelmChartContainer - [hivemq-test-hivemq-platform] [hivemq-platform-operator] [0adf354e] 22:11:47.286 [ReconcilerExecutor-hivemq-controller-97] DEBUG c.h.p.o.HiveMQPlatformReconciler - [helmcust] StatefulSet Spec (replicas: 1, init containers: 1, containers: 1, volumes: 3)
2025-01-29 22:11:47,291 INFO c.h.h.t.HelmChartContainer - [hivemq-test-hivemq-platform] [hivemq-platform-operator] [0adf354e] 22:11:47.289 [ReconcilerExecutor-hivemq-controller-97] DEBUG c.h.p.o.h.HiveMQPlatformReconcilerErrorHandler - [helmcust] Pod 'test-hivemq-platform-0' phase Pending
2025-01-29 22:11:47,292 INFO c.h.h.t.HelmChartContainer - [hivemq-test-hivemq-platform] [hivemq-platform-operator] [0adf354e] 22:11:47.290 [ReconcilerExecutor-hivemq-controller-97] DEBUG c.h.p.o.h.HiveMQPlatformReconcilerErrorHandler - [helmcust] Pod 'test-hivemq-platform-0' condition 'PodReadyToStartContainers': True
2025-01-29 22:11:47,292 INFO c.h.h.t.HelmChartContainer - [hivemq-test-hivemq-platform] [hivemq-platform-operator] [0adf354e] 22:11:47.290 [ReconcilerExecutor-hivemq-controller-97] DEBUG c.h.p.o.h.HiveMQPlatformReconcilerErrorHandler - [helmcust] Pod 'test-hivemq-platform-0' condition 'Initialized': True
2025-01-29 22:11:47,292 INFO c.h.h.t.HelmChartContainer - [hivemq-test-hivemq-platform] [hivemq-platform-operator] [0adf354e] 22:11:47.290 [ReconcilerExecutor-hivemq-controller-97] DEBUG c.h.p.o.h.HiveMQPlatformReconcilerErrorHandler - [helmcust] Pod 'test-hivemq-platform-0' condition 'Ready': False
2025-01-29 22:11:47,292 INFO c.h.h.t.HelmChartContainer - [hivemq-test-hivemq-platform] [hivemq-platform-operator] [0adf354e] 22:11:47.291 [ReconcilerExecutor-hivemq-controller-97] DEBUG c.h.p.o.h.HiveMQPlatformReconcilerErrorHandler - [helmcust] Pod 'test-hivemq-platform-0' condition 'ContainersReady': False
2025-01-29 22:11:47,293 INFO c.h.h.t.HelmChartContainer - [hivemq-test-hivemq-platform] [hivemq-platform-operator] [0adf354e] 22:11:47.291 [ReconcilerExecutor-hivemq-controller-97] DEBUG c.h.p.o.h.HiveMQPlatformReconcilerErrorHandler - [helmcust] Pod 'test-hivemq-platform-0' condition 'PodScheduled': True
2025-01-29 22:11:47,296 INFO c.h.h.t.HelmChartContainer - [hivemq-test-hivemq-platform] [hivemq-platform-operator] [0adf354e] 22:11:47.292 [ReconcilerExecutor-hivemq-controller-97] DEBUG c.h.p.o.h.HiveMQPlatformReconcilerErrorHandler - [helmcust] Pod 'test-hivemq-platform-0' containerStatus 'hivemq' (started: false) (ready: false) (waiting: [PodInitializing] null)
2025-01-29 22:11:47,296 INFO c.h.h.t.HelmChartContainer - [hivemq-test-hivemq-platform] [hivemq-platform-operator] [0adf354e] 22:11:47.293 [ReconcilerExecutor-hivemq-controller-97] INFO  c.h.p.o.h.HiveMQPlatformReconcilerBaseHandler - [helmcust] HiveMQ Platform is starting, 0 of 1 replicas are ready
2025-01-29 22:11:48,190 INFO c.h.h.t.HelmChartContainer - [POD] test-hivemq-platform-0 [edf3d267-1a1b-41bc-b800-2e7059aae4bc] in helmcustomconfigit was MODIFIED
2025-01-29 22:11:48,207 INFO c.h.h.t.HelmChartContainer - [hivemq-test-hivemq-platform] [hivemq-platform-operator] [0adf354e] 22:11:48.198 [pool-6-thread-8] DEBUG c.h.p.o.d.PlatformServiceResource - [helmcust] Desired Platform services (3 services)
2025-01-29 22:11:48,215 INFO c.h.h.t.HelmChartContainer - [EVENT] Normal [Started] Started container hivemq [helmcustomconfigit:test-hivemq-platform-0]
2025-01-29 22:11:48,215 INFO c.h.h.t.HelmChartContainer - Started log watcher for hivemq in pod test-hivemq-platform-0 [edf3d267-1a1b-41bc-b800-2e7059aae4bc]
2025-01-29 22:11:48,215 INFO c.h.h.t.HelmChartContainer - Received Started event for container hivemq in pod test-hivemq-platform-0 [edf3d267-1a1b-41bc-b800-2e7059aae4bc]
2025-01-29 22:11:48,215 INFO c.h.h.t.HelmChartContainer - [test-hivemq-platform] [hivemq] [edf3d267] Adding pre-installed HiveMQ Platform Operator extensions
2025-01-29 22:11:48,215 INFO c.h.h.t.HelmChartContainer - [test-hivemq-platform] [hivemq] [edf3d267] Running as user 10000
2025-01-29 22:11:48,215 INFO c.h.h.t.HelmChartContainer - [test-hivemq-platform] [hivemq] [edf3d267] Starting HiveMQ Platform Operator Init
2025-01-29 22:11:48,215 INFO c.h.h.t.HelmChartContainer - [test-hivemq-platform] [hivemq] [edf3d267] INFO  - [HiveMQ Platform Operator Init 1.7.0-SNAPSHOT] HiveMQ Platform Operator Init 1.7.0-SNAPSHOT (commit: 3bc9484 on branch: HEAD) built on Wed Jan 29 22:06:36 UTC 2025
2025-01-29 22:11:48,216 INFO c.h.h.t.HelmChartContainer - [test-hivemq-platform] [hivemq] [edf3d267] INFO  - [HiveMQ Platform Operator Init App 1.7.0-SNAPSHOT] Using bind address 10.42.0.6 from environment variable
2025-01-29 22:11:48,216 INFO c.h.h.t.HelmChartContainer - [test-hivemq-platform] [hivemq] [edf3d267] INFO  - [HiveMQ Platform Operator Init App 1.7.0-SNAPSHOT] HiveMQ Platform Operator Init App 1.7.0-SNAPSHOT (commit: 3bc9484 on branch: HEAD) built on Wed Jan 29 22:06:36 UTC 2025
2025-01-29 22:11:48,216 INFO c.h.h.t.HelmChartContainer - [test-hivemq-platform] [hivemq] [edf3d267] INFO  - [HiveMQ Platform Operator Init App 1.7.0-SNAPSHOT] PodInfo ConfigMap directory: /etc/podinfo
2025-01-29 22:11:48,216 INFO c.h.h.t.HelmChartContainer - [test-hivemq-platform] [hivemq] [edf3d267] INFO  - [HiveMQ Platform Operator Init App 1.7.0-SNAPSHOT] HiveMQ home directory: /opt/hivemq
2025-01-29 22:11:48,216 INFO c.h.h.t.HelmChartContainer - [test-hivemq-platform] [hivemq] [edf3d267] INFO  - [HiveMQ Platform Operator Init App 1.7.0-SNAPSHOT] HiveMQ Logback folder: /opt/hivemq/conf
2025-01-29 22:11:48,216 INFO c.h.h.t.HelmChartContainer - [test-hivemq-platform] [hivemq] [edf3d267] INFO  - [HiveMQ Platform Operator Init App 1.7.0-SNAPSHOT] HiveMQ Config folder: /opt/hivemq/conf-k8s
2025-01-29 22:11:48,216 INFO c.h.h.t.HelmChartContainer - [test-hivemq-platform] [hivemq] [edf3d267] INFO  - [HiveMQ Platform Operator Init App 1.7.0-SNAPSHOT] Starting HiveMQ Platform Operator Init App
2025-01-29 22:11:48,216 INFO c.h.h.t.HelmChartContainer - [test-hivemq-platform] [hivemq] [edf3d267] INFO  - [HiveMQ Platform Operator Init App 1.7.0-SNAPSHOT] Starting Pod reconciler
2025-01-29 22:11:48,227 INFO c.h.h.t.HelmChartContainer - [hivemq-test-hivemq-platform] [hivemq-platform-operator] [0adf354e] 22:11:48.210 [pool-6-thread-5] DEBUG c.h.p.o.dependants.PodInfoConfigMap - [helmcust] Desired PodInfo ConfigMap (1 extensions) (1 enabled)
2025-01-29 22:11:48,227 INFO c.h.h.t.HelmChartContainer - [hivemq-test-hivemq-platform] [hivemq-platform-operator] [0adf354e] 22:11:48.222 [pool-6-thread-5] DEBUG c.h.p.o.dependants.PodInfoConfigMap - [helmcust] Desired PodInfo ConfigMap (metrics port: 9399) (metrics path: /)
2025-01-29 22:11:48,227 INFO c.h.h.t.HelmChartContainer - [hivemq-test-hivemq-platform] [hivemq-platform-operator] [0adf354e] 22:11:48.222 [pool-6-thread-5] DEBUG c.h.p.o.dependants.PodInfoConfigMap - [helmcust] Desired PodInfo ConfigMap (extension state hash: -1817474005)
2025-01-29 22:11:48,229 INFO c.h.h.t.HelmChartContainer - [hivemq-test-hivemq-platform] [hivemq-platform-operator] [0adf354e] 22:11:48.227 [pool-6-thread-4] DEBUG c.h.p.o.d.PodServiceAccountResource - [helmcust] Desired PodServiceAccountResource (serviceAccountName: hivemq-platform-pod-test-hivemq-platform)
2025-01-29 22:11:48,285 INFO c.h.h.t.HelmChartContainer - [hivemq-test-hivemq-platform] [hivemq-platform-operator] [0adf354e] 22:11:48.283 [pool-6-thread-8] DEBUG c.h.p.o.d.StatefulSetResource - [helmcust] Desired StatefulSet (1 replicas) for status STARTING (READY)
2025-01-29 22:11:48,308 INFO c.h.h.t.HelmChartContainer - [hivemq-test-hivemq-platform] [hivemq-platform-operator] [0adf354e] 22:11:48.305 [ReconcilerExecutor-hivemq-controller-108] INFO  c.h.p.o.HiveMQPlatformReconciler - [helmcust] Reconciling HiveMQ Platform 'test-hivemq-platform' in namespace 'helmcustomconfigit'
2025-01-29 22:11:48,310 INFO c.h.h.t.HelmChartContainer - [hivemq-test-hivemq-platform] [hivemq-platform-operator] [0adf354e] 22:11:48.305 [ReconcilerExecutor-hivemq-controller-108] DEBUG c.h.p.o.HiveMQPlatformReconciler - [helmcust] Custom Resource Status STARTING - HiveMQ Platform is starting (READY)
2025-01-29 22:11:48,310 INFO c.h.h.t.HelmChartContainer - [hivemq-test-hivemq-platform] [hivemq-platform-operator] [0adf354e] 22:11:48.305 [ReconcilerExecutor-hivemq-controller-108] DEBUG c.h.p.o.HiveMQPlatformReconciler - [helmcust] Custom Resource Spec (replicas: 1) (extensions: 1)
2025-01-29 22:11:48,311 INFO c.h.h.t.HelmChartContainer - [hivemq-test-hivemq-platform] [hivemq-platform-operator] [0adf354e] 22:11:48.309 [ReconcilerExecutor-hivemq-controller-108] DEBUG c.h.p.o.HiveMQPlatformReconciler - [helmcust] StatefulSet Status (revision: test-hivemq-platform-66fd65f559, replicas: 1, available: 0, ready: 0, current: 1, updated: 1)
2025-01-29 22:11:48,313 INFO c.h.h.t.HelmChartContainer - [hivemq-test-hivemq-platform] [hivemq-platform-operator] [0adf354e] 22:11:48.311 [ReconcilerExecutor-hivemq-controller-108] DEBUG c.h.p.o.HiveMQPlatformReconciler - [helmcust] StatefulSet Spec (replicas: 1, init containers: 1, containers: 1, volumes: 3)
2025-01-29 22:11:48,315 INFO c.h.h.t.HelmChartContainer - [hivemq-test-hivemq-platform] [hivemq-platform-operator] [0adf354e] 22:11:48.314 [ReconcilerExecutor-hivemq-controller-108] DEBUG c.h.p.o.h.HiveMQPlatformReconcilerErrorHandler - [helmcust] Pod 'test-hivemq-platform-0' phase Running
2025-01-29 22:11:48,318 INFO c.h.h.t.HelmChartContainer - [hivemq-test-hivemq-platform] [hivemq-platform-operator] [0adf354e] 22:11:48.317 [ReconcilerExecutor-hivemq-controller-108] INFO  c.h.p.o.h.HiveMQPlatformReconcilerBaseHandler - [helmcust] HiveMQ Platform is starting, 0 of 1 replicas are ready
2025-01-29 22:11:48,526 INFO c.h.h.t.HelmChartContainer - [test-hivemq-platform] [hivemq] [edf3d267] INFO  - [HiveMQ Platform Operator Init App 1.7.0-SNAPSHOT] Pod reconciler is scheduled (interval: 5000 ms)
2025-01-29 22:11:48,527 INFO c.h.h.t.HelmChartContainer - [test-hivemq-platform] [hivemq] [edf3d267] INFO  - [HiveMQ Platform Operator Init App 1.7.0-SNAPSHOT] Starting the REST API on 10.42.0.6:7979
2025-01-29 22:11:48,532 INFO c.h.h.t.HelmChartContainer - [test-hivemq-platform] [hivemq] [edf3d267] INFO  - [HiveMQ Platform Operator Init App 1.7.0-SNAPSHOT] Waiting up to 600s for at most 1 HiveMQ nodes in cluster service hivemq-test-hivemq-platform-cluster.helmcustomconfigit.svc
2025-01-29 22:11:48,642 INFO c.h.h.t.HelmChartContainer - [test-hivemq-platform] [hivemq] [edf3d267] INFO  - [HiveMQ Platform Operator Init App 1.7.0-SNAPSHOT] Resolved 1 IP addresses: [10.42.0.6]
2025-01-29 22:11:48,642 INFO c.h.h.t.HelmChartContainer - [test-hivemq-platform] [hivemq] [edf3d267] INFO  - [HiveMQ Platform Operator Init App 1.7.0-SNAPSHOT] HiveMQ node count of 1 is within threshold of 1
2025-01-29 22:11:48,642 INFO c.h.h.t.HelmChartContainer - [test-hivemq-platform] [hivemq] [edf3d267] INFO  - [HiveMQ Platform Operator Init App 1.7.0-SNAPSHOT] Proceeding with container start
2025-01-29 22:11:48,679 INFO c.h.h.t.HelmChartContainer - [test-hivemq-platform] [hivemq] [edf3d267] INFO  - [HiveMQ Platform Operator Init App 1.7.0-SNAPSHOT] Initializing HiveMQ Platform extensions with initial configuration: {hivemq-allow-all-extension={start-priority=-1, skip-https-hostname-verification=false, restart=true, config-version=0, header-version=0, c-uri=, priority=-1, uri=preinstalled, skip-https-certificate-validation=false, enabled=true}, hivemq-prometheus-extension={start-priority=-1, c-uri=, skip-https-hostname-verification=false, skip-https-certificate-validation=false, uri=preinstalled, request-header-path=no-request-headers, enabled=true, restart=true, priority=-1}}
2025-01-29 22:11:48,804 INFO c.h.h.t.HelmChartContainer - [test-hivemq-platform] [hivemq] [edf3d267] INFO  - [HiveMQ Platform Operator Init App 1.7.0-SNAPSHOT] Extension hivemq-allow-all-extension was already enabled
2025-01-29 22:11:48,815 INFO c.h.h.t.HelmChartContainer - [test-hivemq-platform] [hivemq] [edf3d267] INFO  - [HiveMQ Platform Operator Init App 1.7.0-SNAPSHOT] Successfully enabled extension hivemq-prometheus-extension
2025-01-29 22:11:48,816 INFO c.h.h.t.HelmChartContainer - [test-hivemq-platform] [hivemq] [edf3d267] INFO  - [HiveMQ Platform Operator Init App 1.7.0-SNAPSHOT] Starting HiveMQ Platform version 4.36.0 (4.36.0)
2025-01-29 22:11:48,816 INFO c.h.h.t.HelmChartContainer - [test-hivemq-platform] [hivemq] [edf3d267] INFO  - [HiveMQ Platform Operator Init App 1.7.0-SNAPSHOT] Configuring the HiveMQ Platform
2025-01-29 22:11:48,827 INFO c.h.h.t.HelmChartContainer - [test-hivemq-platform] [hivemq] [edf3d267] INFO  - [HiveMQ Platform Operator Init App 1.7.0-SNAPSHOT] Changed logback.xml file scan period to 20 seconds
2025-01-29 22:11:48,840 INFO c.h.h.t.HelmChartContainer - [test-hivemq-platform] [hivemq] [edf3d267] INFO  - [HiveMQ Platform Operator Init App 1.7.0-SNAPSHOT] Starting the HiveMQ Platform
2025-01-29 22:11:48,842 INFO c.h.h.t.HelmChartContainer - [test-hivemq-platform] [hivemq] [edf3d267] -------------------------------------------------------------------------
2025-01-29 22:11:48,842 INFO c.h.h.t.HelmChartContainer - [test-hivemq-platform] [hivemq] [edf3d267] 
2025-01-29 22:11:48,843 INFO c.h.h.t.HelmChartContainer - [test-hivemq-platform] [hivemq] [edf3d267]                   _    _  _              __  __   ____
2025-01-29 22:11:48,843 INFO c.h.h.t.HelmChartContainer - [test-hivemq-platform] [hivemq] [edf3d267]                  | |  | |(_)            |  \/  | / __ \
2025-01-29 22:11:48,843 INFO c.h.h.t.HelmChartContainer - [test-hivemq-platform] [hivemq] [edf3d267]                  | |__| | _ __   __ ___ | \  / || |  | |
2025-01-29 22:11:48,843 INFO c.h.h.t.HelmChartContainer - [test-hivemq-platform] [hivemq] [edf3d267]                  |  __  || |\ \ / // _ \| |\/| || |  | |
2025-01-29 22:11:48,843 INFO c.h.h.t.HelmChartContainer - [test-hivemq-platform] [hivemq] [edf3d267]                  | |  | || | \ V /|  __/| |  | || |__| |
2025-01-29 22:11:48,843 INFO c.h.h.t.HelmChartContainer - [test-hivemq-platform] [hivemq] [edf3d267]                  |_|  |_||_|  \_/  \___||_|  |_| \___\_\
2025-01-29 22:11:48,843 INFO c.h.h.t.HelmChartContainer - [test-hivemq-platform] [hivemq] [edf3d267] 
2025-01-29 22:11:48,843 INFO c.h.h.t.HelmChartContainer - [test-hivemq-platform] [hivemq] [edf3d267] -------------------------------------------------------------------------
2025-01-29 22:11:48,843 INFO c.h.h.t.HelmChartContainer - [test-hivemq-platform] [hivemq] [edf3d267] 
2025-01-29 22:11:48,843 INFO c.h.h.t.HelmChartContainer - [test-hivemq-platform] [hivemq] [edf3d267]   HiveMQ Start Script for Linux/Unix v1.14
2025-01-29 22:11:48,843 INFO c.h.h.t.HelmChartContainer - [test-hivemq-platform] [hivemq] [edf3d267] 
2025-01-29 22:11:48,873 INFO c.h.h.t.HelmChartContainer - [test-hivemq-platform] [hivemq] [edf3d267] -------------------------------------------------------------------------
2025-01-29 22:11:48,874 INFO c.h.h.t.HelmChartContainer - [test-hivemq-platform] [hivemq] [edf3d267] 
2025-01-29 22:11:48,874 INFO c.h.h.t.HelmChartContainer - [test-hivemq-platform] [hivemq] [edf3d267]   HIVEMQ_HOME: /opt/hivemq
2025-01-29 22:11:48,874 INFO c.h.h.t.HelmChartContainer - [test-hivemq-platform] [hivemq] [edf3d267] 
2025-01-29 22:11:48,874 INFO c.h.h.t.HelmChartContainer - [test-hivemq-platform] [hivemq] [edf3d267]   JAVA_OPTS: -XX:+UnlockExperimentalVMOptions -XX:+UseNUMA -Djava.net.preferIPv4Stack=true --add-opens java.base/java.lang=ALL-UNNAMED --add-opens java.base/java.nio=ALL-UNNAMED --add-opens java.base/sun.nio.ch=ALL-UNNAMED --add-opens jdk.management/com.sun.management.internal=ALL-UNNAMED --add-exports java.base/jdk.internal.misc=ALL-UNNAMED -Djava.security.egd=file:/dev/./urandom -Dcom.sun.management.jmxremote -Dcom.sun.management.jmxremote.port=9010 -Dcom.sun.management.jmxremote.local.only=false -Dcom.sun.management.jmxremote.authenticate=false -Dcom.sun.management.jmxremote.ssl=false -Duser.language=en -Duser.region=US -XX:+CrashOnOutOfMemoryError -XX:+HeapDumpOnOutOfMemoryError
2025-01-29 22:11:48,874 INFO c.h.h.t.HelmChartContainer - [test-hivemq-platform] [hivemq] [edf3d267] 
2025-01-29 22:11:48,874 INFO c.h.h.t.HelmChartContainer - [test-hivemq-platform] [hivemq] [edf3d267]   JAVA_VERSION: 21
2025-01-29 22:11:48,874 INFO c.h.h.t.HelmChartContainer - [test-hivemq-platform] [hivemq] [edf3d267] 
2025-01-29 22:11:48,874 INFO c.h.h.t.HelmChartContainer - [test-hivemq-platform] [hivemq] [edf3d267] -------------------------------------------------------------------------
2025-01-29 22:11:48,874 INFO c.h.h.t.HelmChartContainer - [test-hivemq-platform] [hivemq] [edf3d267] 
2025-01-29 22:11:49,443 INFO c.h.h.t.HelmChartContainer - [test-hivemq-platform] [hivemq] [edf3d267] INFO  - Starting HiveMQ Enterprise Server
2025-01-29 22:11:49,449 INFO c.h.h.t.HelmChartContainer - [test-hivemq-platform] [hivemq] [edf3d267] INFO  - HiveMQ version: 4.36.0
2025-01-29 22:11:49,449 INFO c.h.h.t.HelmChartContainer - [test-hivemq-platform] [hivemq] [edf3d267] INFO  - HiveMQ home directory: /opt/hivemq
2025-01-29 22:11:49,451 INFO c.h.h.t.HelmChartContainer - [test-hivemq-platform] [hivemq] [edf3d267] INFO  - Log Configuration was overridden by /opt/hivemq/conf/logback.xml
2025-01-29 22:11:49,723 INFO c.h.h.t.HelmChartContainer - [test-hivemq-platform] [hivemq] [edf3d267] INFO  - Successfully loaded configuration from '/opt/hivemq/conf-k8s/config.xml'.
2025-01-29 22:11:49,820 INFO c.h.h.t.HelmChartContainer - [test-hivemq-platform] [hivemq] [edf3d267] INFO  - This node's ID is uh5OI
2025-01-29 22:11:49,821 INFO c.h.h.t.HelmChartContainer - [test-hivemq-platform] [hivemq] [edf3d267] INFO  - Clustering is enabled
2025-01-29 22:11:52,626 INFO c.h.h.t.HelmChartContainer - [test-hivemq-platform] [hivemq] [edf3d267] INFO  - No valid license file found. Using trial license, restricted to 25 connections.
2025-01-29 22:11:53,533 INFO c.h.h.t.HelmChartContainer - [test-hivemq-platform] [hivemq] [edf3d267] INFO  - No valid license file for Data Hub found. Using free license, restricted to 1 policy.
2025-01-29 22:11:53,848 INFO c.h.h.t.HelmChartContainer - [test-hivemq-platform] [hivemq] [edf3d267] INFO  - Audit Logger started.
2025-01-29 22:11:54,036 INFO c.h.h.t.HelmChartContainer - [test-hivemq-platform] [hivemq] [edf3d267] INFO  - This node uses '4' CPU cores.
2025-01-29 22:11:54,046 INFO c.h.h.t.HelmChartContainer - [test-hivemq-platform] [hivemq] [edf3d267] INFO  - Starting HiveMQ Health API on address 0.0.0.0 and port 8889
2025-01-29 22:11:54,237 INFO c.h.h.t.HelmChartContainer - [test-hivemq-platform] [hivemq] [edf3d267] WARN  - [HiveMQ Platform Operator Init App 1.7.0-SNAPSHOT] Cannot connect to Health API for readiness: null
2025-01-29 22:11:54,237 INFO c.h.h.t.HelmChartContainer - [test-hivemq-platform] [hivemq] [edf3d267] INFO  - [HiveMQ Platform Operator Init App 1.7.0-SNAPSHOT] Returning default Health API response 503 for readiness
2025-01-29 22:11:54,324 INFO c.h.h.t.HelmChartContainer - [EVENT] Warning [Unhealthy] Readiness probe failed: HTTP probe failed with statuscode: 503 [helmcustomconfigit:test-hivemq-platform-0]
2025-01-29 22:11:54,325 INFO c.h.h.t.HelmChartContainer - Received Unhealthy event for container hivemq in pod test-hivemq-platform-0 [edf3d267-1a1b-41bc-b800-2e7059aae4bc]
2025-01-29 22:11:54,334 INFO c.h.h.t.HelmChartContainer - [test-hivemq-platform] [hivemq] [edf3d267] INFO  - Started HiveMQ Health API in 289ms
2025-01-29 22:11:54,619 INFO c.h.h.t.HelmChartContainer - [test-hivemq-platform] [hivemq] [edf3d267] INFO  - Starting HiveMQ extension system.
2025-01-29 22:11:54,725 INFO c.h.h.t.HelmChartContainer - [test-hivemq-platform] [hivemq] [edf3d267] INFO  - Starting extension with id "hivemq-dns-cluster-discovery" at /opt/hivemq/extensions/hivemq-dns-cluster-discovery
2025-01-29 22:11:54,734 INFO c.h.h.t.HelmChartContainer - [test-hivemq-platform] [hivemq] [edf3d267] INFO  - [HiveMQ Platform Operator Init App 1.7.0-SNAPSHOT] Updating Pod HiveMQ Platform Operator Init App version annotation (version: 1.7.0-SNAPSHOT)
2025-01-29 22:11:54,870 INFO c.h.h.t.HelmChartContainer - [test-hivemq-platform] [hivemq] [edf3d267] INFO  - Using TCP cluster transport on address 10.42.0.6 and port 7000
2025-01-29 22:11:54,886 INFO c.h.h.t.HelmChartContainer - [test-hivemq-platform] [hivemq] [edf3d267] INFO  - Using extension cluster discovery
2025-01-29 22:11:54,904 INFO c.h.h.t.HelmChartContainer - [test-hivemq-platform] [hivemq] [edf3d267] INFO  - Extension "DNS Cluster Discovery Extension" version 4.3.2 started successfully.
2025-01-29 22:11:54,906 INFO c.h.h.t.HelmChartContainer - [test-hivemq-platform] [hivemq] [edf3d267] INFO  - Starting extension with id "hivemq-prometheus-extension" at /opt/hivemq/extensions/hivemq-prometheus-extension
2025-01-29 22:11:54,959 INFO c.h.h.t.HelmChartContainer - [POD] test-hivemq-platform-0 [edf3d267-1a1b-41bc-b800-2e7059aae4bc] in helmcustomconfigit was MODIFIED
2025-01-29 22:11:54,977 INFO c.h.h.t.HelmChartContainer - [hivemq-test-hivemq-platform] [hivemq-platform-operator] [0adf354e] 22:11:54.974 [pool-6-thread-16] DEBUG c.h.p.o.d.PlatformServiceResource - [helmcust] Desired Platform services (3 services)
2025-01-29 22:11:54,978 INFO c.h.h.t.HelmChartContainer - [hivemq-test-hivemq-platform] [hivemq-platform-operator] [0adf354e] 22:11:54.976 [pool-6-thread-18] DEBUG c.h.p.o.d.PodServiceAccountResource - [helmcust] Desired PodServiceAccountResource (serviceAccountName: hivemq-platform-pod-test-hivemq-platform)
2025-01-29 22:11:54,981 INFO c.h.h.t.HelmChartContainer - [hivemq-test-hivemq-platform] [hivemq-platform-operator] [0adf354e] 22:11:54.980 [pool-6-thread-11] DEBUG c.h.p.o.dependants.PodInfoConfigMap - [helmcust] Desired PodInfo ConfigMap (1 extensions) (1 enabled)
2025-01-29 22:11:54,982 INFO c.h.h.t.HelmChartContainer - [hivemq-test-hivemq-platform] [hivemq-platform-operator] [0adf354e] 22:11:54.981 [pool-6-thread-11] DEBUG c.h.p.o.dependants.PodInfoConfigMap - [helmcust] Desired PodInfo ConfigMap (metrics port: 9399) (metrics path: /)
2025-01-29 22:11:54,982 INFO c.h.h.t.HelmChartContainer - [hivemq-test-hivemq-platform] [hivemq-platform-operator] [0adf354e] 22:11:54.981 [pool-6-thread-11] DEBUG c.h.p.o.dependants.PodInfoConfigMap - [helmcust] Desired PodInfo ConfigMap (extension state hash: -1817474005)
2025-01-29 22:11:54,992 INFO c.h.h.t.HelmChartContainer - [hivemq-test-hivemq-platform] [hivemq-platform-operator] [0adf354e] 22:11:54.987 [pool-6-thread-16] DEBUG c.h.p.o.d.StatefulSetResource - [helmcust] Desired StatefulSet (1 replicas) for status STARTING (READY)
2025-01-29 22:11:55,000 INFO c.h.h.t.HelmChartContainer - [test-hivemq-platform] [hivemq] [edf3d267] INFO  - [HiveMQ Platform Operator Init App 1.7.0-SNAPSHOT] Successfully updated Pod HiveMQ Platform Operator Init App version annotation (version: 1.7.0-SNAPSHOT)
2025-01-29 22:11:55,005 INFO c.h.h.t.HelmChartContainer - [hivemq-test-hivemq-platform] [hivemq-platform-operator] [0adf354e] 22:11:55.003 [ReconcilerExecutor-hivemq-controller-109] INFO  c.h.p.o.HiveMQPlatformReconciler - [helmcust] Reconciling HiveMQ Platform 'test-hivemq-platform' in namespace 'helmcustomconfigit'
2025-01-29 22:11:55,005 INFO c.h.h.t.HelmChartContainer - [hivemq-test-hivemq-platform] [hivemq-platform-operator] [0adf354e] 22:11:55.003 [ReconcilerExecutor-hivemq-controller-109] DEBUG c.h.p.o.HiveMQPlatformReconciler - [helmcust] Custom Resource Status STARTING - HiveMQ Platform is starting (READY)
2025-01-29 22:11:55,005 INFO c.h.h.t.HelmChartContainer - [hivemq-test-hivemq-platform] [hivemq-platform-operator] [0adf354e] 22:11:55.003 [ReconcilerExecutor-hivemq-controller-109] DEBUG c.h.p.o.HiveMQPlatformReconciler - [helmcust] Custom Resource Spec (replicas: 1) (extensions: 1)
2025-01-29 22:11:55,010 INFO c.h.h.t.HelmChartContainer - [hivemq-test-hivemq-platform] [hivemq-platform-operator] [0adf354e] 22:11:55.009 [ReconcilerExecutor-hivemq-controller-109] DEBUG c.h.p.o.HiveMQPlatformReconciler - [helmcust] StatefulSet Status (revision: test-hivemq-platform-66fd65f559, replicas: 1, available: 0, ready: 0, current: 1, updated: 1)
2025-01-29 22:11:55,016 INFO c.h.h.t.HelmChartContainer - [hivemq-test-hivemq-platform] [hivemq-platform-operator] [0adf354e] 22:11:55.009 [ReconcilerExecutor-hivemq-controller-109] DEBUG c.h.p.o.HiveMQPlatformReconciler - [helmcust] StatefulSet Spec (replicas: 1, init containers: 1, containers: 1, volumes: 3)
2025-01-29 22:11:55,017 INFO c.h.h.t.HelmChartContainer - [hivemq-test-hivemq-platform] [hivemq-platform-operator] [0adf354e] 22:11:55.015 [ReconcilerExecutor-hivemq-controller-109] DEBUG c.h.p.o.h.HiveMQPlatformReconcilerErrorHandler - [helmcust] Pod 'test-hivemq-platform-0' phase Running
2025-01-29 22:11:55,018 INFO c.h.h.t.HelmChartContainer - [hivemq-test-hivemq-platform] [hivemq-platform-operator] [0adf354e] 22:11:55.016 [ReconcilerExecutor-hivemq-controller-109] INFO  c.h.p.o.h.HiveMQPlatformReconcilerBaseHandler - [helmcust] HiveMQ Platform is starting, 0 of 1 replicas are ready
2025-01-29 22:11:55,173 INFO c.h.h.t.HelmChartContainer - [test-hivemq-platform] [hivemq] [edf3d267] INFO  - Started Jetty Server exposing Prometheus Servlet on URI http://0.0.0.0:9399/
2025-01-29 22:11:55,176 INFO c.h.h.t.HelmChartContainer - [test-hivemq-platform] [hivemq] [edf3d267] INFO  - Extension "Prometheus Monitoring Extension" version 4.0.12 started successfully.
2025-01-29 22:11:55,176 INFO c.h.h.t.HelmChartContainer - [test-hivemq-platform] [hivemq] [edf3d267] INFO  - Starting extension with id "hivemq-allow-all-extension" at /opt/hivemq/extensions/hivemq-allow-all-extension
2025-01-29 22:11:55,181 INFO c.h.h.t.HelmChartContainer - [test-hivemq-platform] [hivemq] [edf3d267] WARN  - 
2025-01-29 22:11:55,181 INFO c.h.h.t.HelmChartContainer - [test-hivemq-platform] [hivemq] [edf3d267] ################################################################################################################
2025-01-29 22:11:55,181 INFO c.h.h.t.HelmChartContainer - [test-hivemq-platform] [hivemq] [edf3d267] # This HiveMQ deployment is not secure! You are lacking Authentication and Authorization.                      #
2025-01-29 22:11:55,181 INFO c.h.h.t.HelmChartContainer - [test-hivemq-platform] [hivemq] [edf3d267] # Right now any MQTT client can connect to the broker with a full set of permissions.                          #
2025-01-29 22:11:55,182 INFO c.h.h.t.HelmChartContainer - [test-hivemq-platform] [hivemq] [edf3d267] # For production usage, add an appropriate security extension and remove the hivemq-allow-all extension.       #
2025-01-29 22:11:55,182 INFO c.h.h.t.HelmChartContainer - [test-hivemq-platform] [hivemq] [edf3d267] # You can download security extensions from the HiveMQ Marketplace (https://www.hivemq.com/extensions/).       #
2025-01-29 22:11:55,182 INFO c.h.h.t.HelmChartContainer - [test-hivemq-platform] [hivemq] [edf3d267] ################################################################################################################
2025-01-29 22:11:55,182 INFO c.h.h.t.HelmChartContainer - [test-hivemq-platform] [hivemq] [edf3d267] INFO  - Extension "Allow All Extension" version 1.1.1 started successfully.
2025-01-29 22:11:55,254 INFO c.h.h.t.HelmChartContainer - [test-hivemq-platform] [hivemq] [edf3d267] INFO  - [HiveMQ Platform Operator Init App 1.7.0-SNAPSHOT] Returning Health API response 503 for readiness
2025-01-29 22:11:55,260 INFO c.h.h.t.HelmChartContainer - [EVENT] Warning [Unhealthy] Readiness probe failed: HTTP probe failed with statuscode: 503 [helmcustomconfigit:test-hivemq-platform-0]
2025-01-29 22:11:55,260 INFO c.h.h.t.HelmChartContainer - Received Unhealthy event for container hivemq in pod test-hivemq-platform-0 [edf3d267-1a1b-41bc-b800-2e7059aae4bc]
2025-01-29 22:11:57,201 INFO c.h.h.t.HelmChartContainer - [test-hivemq-platform] [hivemq] [edf3d267] INFO  - uh5OI: no members discovered after 2104 ms: creating cluster as first member
2025-01-29 22:11:57,207 INFO c.h.h.t.HelmChartContainer - [test-hivemq-platform] [hivemq] [edf3d267] INFO  - Cluster nodes found by discovery: [uh5OI|0] (1) [uh5OI].
2025-01-29 22:11:57,229 INFO c.h.h.t.HelmChartContainer - [test-hivemq-platform] [hivemq] [edf3d267] WARN  - No user for HiveMQ Control Center configured. Starting with default user
2025-01-29 22:11:57,229 INFO c.h.h.t.HelmChartContainer - [test-hivemq-platform] [hivemq] [edf3d267] INFO  - Starting HiveMQ Control Center on address 0.0.0.0 and port 8080
2025-01-29 22:11:57,237 INFO c.h.h.t.HelmChartContainer - [test-hivemq-platform] [hivemq] [edf3d267] INFO  - Mounting HiveMQ Control Center V2 Preview
2025-01-29 22:11:57,379 INFO c.h.h.t.HelmChartContainer - [test-hivemq-platform] [hivemq] [edf3d267] INFO  - Started HiveMQ Control Center in 148ms
2025-01-29 22:11:57,393 INFO c.h.h.t.HelmChartContainer - [test-hivemq-platform] [hivemq] [edf3d267] INFO  - Starting TCP listener on address 0.0.0.0 and port 1883
2025-01-29 22:11:57,406 INFO c.h.h.t.HelmChartContainer - [test-hivemq-platform] [hivemq] [edf3d267] INFO  - Started TCP Listener on address 0.0.0.0 and on port 1883.
2025-01-29 22:11:57,406 INFO c.h.h.t.HelmChartContainer - [test-hivemq-platform] [hivemq] [edf3d267] INFO  - Started HiveMQ in 8046ms
2025-01-29 22:11:59,957 INFO c.h.h.t.HelmChartContainer - [test-hivemq-platform] [hivemq] [edf3d267] INFO  - [HiveMQ Platform Operator Init App 1.7.0-SNAPSHOT] Returning Health API response 200 for readiness
2025-01-29 22:11:59,973 INFO c.h.h.t.HelmChartContainer - [POD] test-hivemq-platform-0 [edf3d267-1a1b-41bc-b800-2e7059aae4bc] in helmcustomconfigit was MODIFIED
2025-01-29 22:11:59,986 INFO c.h.h.t.HelmChartContainer - [hivemq-test-hivemq-platform] [hivemq-platform-operator] [0adf354e] 22:11:59.979 [pool-6-thread-23] DEBUG c.h.p.o.d.PlatformServiceResource - [helmcust] Desired Platform services (3 services)
2025-01-29 22:11:59,989 INFO c.h.h.t.HelmChartContainer - [hivemq-test-hivemq-platform] [hivemq-platform-operator] [0adf354e] 22:11:59.981 [pool-6-thread-28] DEBUG c.h.p.o.d.PodServiceAccountResource - [helmcust] Desired PodServiceAccountResource (serviceAccountName: hivemq-platform-pod-test-hivemq-platform)
2025-01-29 22:11:59,991 INFO c.h.h.t.HelmChartContainer - [hivemq-test-hivemq-platform] [hivemq-platform-operator] [0adf354e] 22:11:59.982 [pool-6-thread-22] DEBUG c.h.p.o.dependants.PodInfoConfigMap - [helmcust] Desired PodInfo ConfigMap (1 extensions) (1 enabled)
2025-01-29 22:11:59,994 INFO c.h.h.t.HelmChartContainer - [hivemq-test-hivemq-platform] [hivemq-platform-operator] [0adf354e] 22:11:59.990 [pool-6-thread-22] DEBUG c.h.p.o.dependants.PodInfoConfigMap - [helmcust] Desired PodInfo ConfigMap (metrics port: 9399) (metrics path: /)
2025-01-29 22:11:59,994 INFO c.h.h.t.HelmChartContainer - [hivemq-test-hivemq-platform] [hivemq-platform-operator] [0adf354e] 22:11:59.991 [pool-6-thread-22] DEBUG c.h.p.o.dependants.PodInfoConfigMap - [helmcust] Desired PodInfo ConfigMap (extension state hash: -1817474005)
2025-01-29 22:11:59,999 INFO c.h.h.t.HelmChartContainer - [hivemq-test-hivemq-platform] [hivemq-platform-operator] [0adf354e] 22:11:59.998 [pool-6-thread-23] DEBUG c.h.p.o.d.StatefulSetResource - [helmcust] Desired StatefulSet (1 replicas) for status STARTING (READY)
2025-01-29 22:12:00,006 INFO c.h.h.t.HelmChartContainer - [hivemq-test-hivemq-platform] [hivemq-platform-operator] [0adf354e] 22:12:00.005 [ReconcilerExecutor-hivemq-controller-110] INFO  c.h.p.o.HiveMQPlatformReconciler - [helmcust] Reconciling HiveMQ Platform 'test-hivemq-platform' in namespace 'helmcustomconfigit'
2025-01-29 22:12:00,079 INFO c.h.h.t.HelmChartContainer - [hivemq-test-hivemq-platform] [hivemq-platform-operator] [0adf354e] 22:12:00.077 [ReconcilerExecutor-hivemq-controller-110] DEBUG c.h.p.o.HiveMQPlatformReconciler - [helmcust] Custom Resource Status STARTING - HiveMQ Platform is starting (READY)
2025-01-29 22:12:00,080 INFO c.h.h.t.HelmChartContainer - [hivemq-test-hivemq-platform] [hivemq-platform-operator] [0adf354e] 22:12:00.077 [ReconcilerExecutor-hivemq-controller-110] DEBUG c.h.p.o.HiveMQPlatformReconciler - [helmcust] Custom Resource Spec (replicas: 1) (extensions: 1)
2025-01-29 22:12:00,081 INFO c.h.h.t.HelmChartContainer - [hivemq-test-hivemq-platform] [hivemq-platform-operator] [0adf354e] 22:12:00.080 [ReconcilerExecutor-hivemq-controller-110] DEBUG c.h.p.o.HiveMQPlatformReconciler - [helmcust] StatefulSet Status (revision: test-hivemq-platform-66fd65f559, replicas: 1, available: 1, ready: 1, current: 1, updated: 1)
2025-01-29 22:12:00,081 INFO c.h.h.t.HelmChartContainer - [hivemq-test-hivemq-platform] [hivemq-platform-operator] [0adf354e] 22:12:00.080 [ReconcilerExecutor-hivemq-controller-110] DEBUG c.h.p.o.HiveMQPlatformReconciler - [helmcust] StatefulSet Spec (replicas: 1, init containers: 1, containers: 1, volumes: 3)
2025-01-29 22:12:00,082 INFO c.h.h.t.HelmChartContainer - [hivemq-test-hivemq-platform] [hivemq-platform-operator] [0adf354e] 22:12:00.081 [ReconcilerExecutor-hivemq-controller-110] DEBUG c.h.p.o.h.HiveMQPlatformReconcilerErrorHandler - [helmcust] Pod 'test-hivemq-platform-0' phase Running
2025-01-29 22:12:00,083 INFO c.h.h.t.HelmChartContainer - [hivemq-test-hivemq-platform] [hivemq-platform-operator] [0adf354e] 22:12:00.082 [ReconcilerExecutor-hivemq-controller-110] INFO  c.h.p.o.h.HiveMQPlatformReconcilerBaseHandler - [helmcust] HiveMQ Platform started successfully
2025-01-29 22:12:00,108 INFO c.h.h.t.HelmChartContainer - [hivemq-test-hivemq-platform] [hivemq-platform-operator] [0adf354e] 22:12:00.107 [ReconcilerExecutor-hivemq-controller-110] DEBUG c.h.p.operator.event.EventSender - [helmcust] Creating K8s event hivemq-platform-ready: [Ready] HiveMQ Platform is ready
2025-01-29 22:12:00,111 INFO c.h.h.t.HelmChartContainer - [EVENT] Normal [Ready] HiveMQ Platform is ready [helmcustomconfigit:test-hivemq-platform]
2025-01-29 22:12:00,179 INFO c.h.h.t.HelmChartContainer - [hivemq-test-hivemq-platform] [hivemq-platform-operator] [0adf354e] 22:12:00.177 [ReconcilerExecutor-hivemq-controller-110] INFO  c.h.p.o.h.AbstractHiveMQReconcilerStateHandler - [helmcust] Update HiveMQ Platform Status (STARTING [READY] -> RUNNING [READY]): HiveMQ Platform is ready
2025-01-29 22:12:00,186 DEBUG com.hivemq.helmcharts.util.K8sUtil - Comparing actual state 'RUNNING' and waiting for 'RUNNING'
2025-01-29 22:12:00,205 INFO c.h.h.t.HelmChartContainer - [hivemq-test-hivemq-platform] [hivemq-platform-operator] [0adf354e] 22:12:00.202 [pool-6-thread-36] DEBUG c.h.p.o.d.PlatformServiceResource - [helmcust] Desired Platform services (3 services)
2025-01-29 22:12:00,205 INFO c.h.h.t.HelmChartContainer - [hivemq-test-hivemq-platform] [hivemq-platform-operator] [0adf354e] 22:12:00.203 [pool-6-thread-32] DEBUG c.h.p.o.d.PodServiceAccountResource - [helmcust] Desired PodServiceAccountResource (serviceAccountName: hivemq-platform-pod-test-hivemq-platform)
2025-01-29 22:12:00,207 INFO c.h.h.t.HelmChartContainer - [hivemq-test-hivemq-platform] [hivemq-platform-operator] [0adf354e] 22:12:00.206 [pool-6-thread-31] DEBUG c.h.p.o.dependants.PodInfoConfigMap - [helmcust] Desired PodInfo ConfigMap (1 extensions) (1 enabled)
2025-01-29 22:12:00,208 INFO c.h.h.t.HelmChartContainer - [hivemq-test-hivemq-platform] [hivemq-platform-operator] [0adf354e] 22:12:00.207 [pool-6-thread-31] DEBUG c.h.p.o.dependants.PodInfoConfigMap - [helmcust] Desired PodInfo ConfigMap (metrics port: 9399) (metrics path: /)
2025-01-29 22:12:00,209 INFO c.h.h.t.HelmChartContainer - [hivemq-test-hivemq-platform] [hivemq-platform-operator] [0adf354e] 22:12:00.208 [pool-6-thread-31] DEBUG c.h.p.o.dependants.PodInfoConfigMap - [helmcust] Desired PodInfo ConfigMap (extension state hash: -1817474005)
2025-01-29 22:12:00,210 INFO c.h.h.t.HelmChartContainer - [hivemq-test-hivemq-platform] [hivemq-platform-operator] [0adf354e] 22:12:00.209 [pool-6-thread-31] DEBUG c.h.p.o.dependants.PodInfoConfigMap - [helmcust] Update PodInfo ConfigMap
2025-01-29 22:12:00,287 INFO c.h.h.t.HelmChartContainer - [hivemq-test-hivemq-platform] [hivemq-platform-operator] [0adf354e] 22:12:00.286 [pool-6-thread-31] DEBUG c.h.p.o.d.StatefulSetResource - [helmcust] Desired StatefulSet (1 replicas) for status RUNNING (READY)
2025-01-29 22:12:00,304 INFO c.h.h.t.HelmChartContainer - [hivemq-test-hivemq-platform] [hivemq-platform-operator] [0adf354e] 22:12:00.302 [ReconcilerExecutor-hivemq-controller-111] INFO  c.h.p.o.HiveMQPlatformReconciler - [helmcust] Reconciling HiveMQ Platform 'test-hivemq-platform' in namespace 'helmcustomconfigit'
2025-01-29 22:12:00,304 INFO c.h.h.t.HelmChartContainer - [hivemq-test-hivemq-platform] [hivemq-platform-operator] [0adf354e] 22:12:00.302 [ReconcilerExecutor-hivemq-controller-111] DEBUG c.h.p.o.HiveMQPlatformReconciler - [helmcust] Custom Resource Status RUNNING - HiveMQ Platform is ready (READY)
2025-01-29 22:12:00,304 INFO c.h.h.t.HelmChartContainer - [hivemq-test-hivemq-platform] [hivemq-platform-operator] [0adf354e] 22:12:00.302 [ReconcilerExecutor-hivemq-controller-111] DEBUG c.h.p.o.HiveMQPlatformReconciler - [helmcust] Custom Resource Spec (replicas: 1) (extensions: 1)
2025-01-29 22:12:00,306 INFO c.h.h.t.HelmChartContainer - [hivemq-test-hivemq-platform] [hivemq-platform-operator] [0adf354e] 22:12:00.304 [ReconcilerExecutor-hivemq-controller-111] DEBUG c.h.p.o.HiveMQPlatformReconciler - [helmcust] StatefulSet Status (revision: test-hivemq-platform-66fd65f559, replicas: 1, available: 1, ready: 1, current: 1, updated: 1)
2025-01-29 22:12:00,306 INFO c.h.h.t.HelmChartContainer - [hivemq-test-hivemq-platform] [hivemq-platform-operator] [0adf354e] 22:12:00.304 [ReconcilerExecutor-hivemq-controller-111] DEBUG c.h.p.o.HiveMQPlatformReconciler - [helmcust] StatefulSet Spec (replicas: 1, init containers: 1, containers: 1, volumes: 3)
2025-01-29 22:12:00,310 INFO c.h.h.t.HelmChartContainer - [hivemq-test-hivemq-platform] [hivemq-platform-operator] [0adf354e] 22:12:00.308 [ReconcilerExecutor-hivemq-controller-111] DEBUG c.h.p.o.h.HiveMQPlatformReconcilerErrorHandler - [helmcust] Pod 'test-hivemq-platform-0' phase Running
2025-01-29 22:12:02,228 INFO c.h.h.t.HelmChartContainer - Uninstalling release 'test-hivemq-platform' in namespace 'helmcustomconfigit'...
2025-01-29 22:12:02,228 DEBUG c.h.h.t.HelmChartContainer - Executing helm command: /bin/helm --kubeconfig /etc/rancher/k3s/k3s.yaml uninstall test-hivemq-platform  --wait --timeout 5m0s --cascade foreground --namespace helmcustomconfigit
2025-01-29 22:12:02,449 INFO c.h.h.t.HelmChartContainer - [hivemq-test-hivemq-platform] [hivemq-platform-operator] [0adf354e] 22:12:02.430 [pool-6-thread-48] DEBUG c.h.p.o.d.PlatformServiceResource - [helmcust] Desired Platform services (3 services)
2025-01-29 22:12:02,449 INFO c.h.h.t.HelmChartContainer - [hivemq-test-hivemq-platform] [hivemq-platform-operator] [0adf354e] 22:12:02.431 [pool-6-thread-47] DEBUG c.h.p.o.dependants.PodInfoConfigMap - [helmcust] Desired PodInfo ConfigMap (1 extensions) (1 enabled)
2025-01-29 22:12:02,449 INFO c.h.h.t.HelmChartContainer - [hivemq-test-hivemq-platform] [hivemq-platform-operator] [0adf354e] 22:12:02.431 [pool-6-thread-47] DEBUG c.h.p.o.dependants.PodInfoConfigMap - [helmcust] Desired PodInfo ConfigMap (metrics port: 9399) (metrics path: /)
2025-01-29 22:12:02,449 INFO c.h.h.t.HelmChartContainer - [hivemq-test-hivemq-platform] [hivemq-platform-operator] [0adf354e] 22:12:02.431 [pool-6-thread-47] DEBUG c.h.p.o.dependants.PodInfoConfigMap - [helmcust] Desired PodInfo ConfigMap (extension state hash: -1817474005)
2025-01-29 22:12:02,449 INFO c.h.h.t.HelmChartContainer - [hivemq-test-hivemq-platform] [hivemq-platform-operator] [0adf354e] 22:12:02.433 [pool-6-thread-42] DEBUG c.h.p.o.d.PodServiceAccountResource - [helmcust] Desired PodServiceAccountResource (serviceAccountName: hivemq-platform-pod-test-hivemq-platform)
2025-01-29 22:12:02,605 INFO c.h.h.t.HelmChartContainer - [hivemq-test-hivemq-platform] [hivemq-platform-operator] [0adf354e] 22:12:02.603 [pool-6-thread-48] DEBUG c.h.p.o.d.StatefulSetResource - [helmcust] Desired StatefulSet (1 replicas) for status RUNNING (READY)
2025-01-29 22:12:02,610 INFO c.h.h.t.HelmChartContainer - [hivemq-test-hivemq-platform] [hivemq-platform-operator] [0adf354e] 22:12:02.608 [pool-6-thread-48] DEBUG c.h.p.o.d.StatefulSetResource - [helmcust] Update StatefulSet (replicas: 1 -> 1)
2025-01-29 22:12:02,611 INFO c.h.h.t.HelmChartContainer - [hivemq-test-hivemq-platform] [hivemq-platform-operator] [0adf354e] 22:12:02.609 [pool-6-thread-48] DEBUG c.h.p.o.d.StatefulSetResource - [helmcust] Detected change in StatefulSet specification (path: /template/metadata/annotations/kubernetes-resource-versions) (actual value: {broker-configuration-v2=-2089688360}) (target value: {broker-configuration-v2=0})
2025-01-29 22:12:02,611 INFO c.h.h.t.HelmChartContainer - [hivemq-test-hivemq-platform] [hivemq-platform-operator] [0adf354e] 22:12:02.609 [pool-6-thread-48] INFO  c.h.p.o.d.StatefulSetResource - [helmcust] StatefulSet spec was updated, triggering rolling restart
2025-01-29 22:12:02,704 INFO c.h.h.t.HelmChartContainer - [hivemq-test-hivemq-platform] [hivemq-platform-operator] [0adf354e] 22:12:02.702 [ReconcilerExecutor-hivemq-controller-112] INFO  c.h.p.o.HiveMQPlatformReconciler - [helmcust] Reconciling HiveMQ Platform 'test-hivemq-platform' in namespace 'helmcustomconfigit'
2025-01-29 22:12:02,705 INFO c.h.h.t.HelmChartContainer - [hivemq-test-hivemq-platform] [hivemq-platform-operator] [0adf354e] 22:12:02.704 [ReconcilerExecutor-hivemq-controller-112] DEBUG c.h.p.o.HiveMQPlatformReconciler - [helmcust] Custom Resource Status RUNNING - HiveMQ Platform is ready (READY) (reconciliation requests: REQUESTS_UPDATED, ROLLING_RESTART)
2025-01-29 22:12:02,706 INFO c.h.h.t.HelmChartContainer - [hivemq-test-hivemq-platform] [hivemq-platform-operator] [0adf354e] 22:12:02.704 [ReconcilerExecutor-hivemq-controller-112] DEBUG c.h.p.o.HiveMQPlatformReconciler - [helmcust] Custom Resource Spec (replicas: 1) (extensions: 1)
2025-01-29 22:12:02,706 INFO c.h.h.t.HelmChartContainer - [hivemq-test-hivemq-platform] [hivemq-platform-operator] [0adf354e] 22:12:02.705 [ReconcilerExecutor-hivemq-controller-112] WARN  c.h.p.o.h.HiveMQPlatformReconcilerErrorHandler - [helmcust] Could not find ConfigMap 'hivemq-configuration-test-hivemq-platform' for HiveMQ Platform configuration
2025-01-29 22:12:02,808 INFO c.h.h.t.HelmChartContainer - [hivemq-test-hivemq-platform] [hivemq-platform-operator] [0adf354e] 22:12:02.806 [ReconcilerExecutor-hivemq-controller-112] DEBUG c.h.p.operator.event.EventSender - [helmcust] Creating K8s event hivemq-platform-invalid-configuration: [Start] Could not find ConfigMap 'hivemq-configuration-test-hivemq-platform' for HiveMQ Platform configuration
2025-01-29 22:12:02,812 INFO c.h.h.t.HelmChartContainer - [EVENT] Warning [Start] Could not find ConfigMap 'hivemq-configuration-test-hivemq-platform' for HiveMQ Platform configuration [helmcustomconfigit:test-hivemq-platform]
2025-01-29 22:12:02,813 INFO c.h.h.t.HelmChartContainer - [hivemq-test-hivemq-platform] [hivemq-platform-operator] [0adf354e] 22:12:02.812 [ReconcilerExecutor-hivemq-controller-112] INFO  c.h.p.o.h.AbstractHiveMQReconcilerStateHandler - [helmcust] Update HiveMQ Platform Status (RUNNING [READY] -> ERROR [INVALID_CONFIG_MAP]): Could not find ConfigMap 'hivemq-configuration-test-hivemq-platform' for HiveMQ Platform configuration (reconciliation requests: ROLLING_RESTART)
2025-01-29 22:12:02,905 INFO c.h.h.t.HelmChartContainer - [hivemq-test-hivemq-platform] [hivemq-platform-operator] [0adf354e] 22:12:02.820 [ReconcilerExecutor-hivemq-controller-112] ERROR i.j.o.p.event.EventProcessor - Error during event processing ExecutionScope{ resource id: ResourceID{name='test-hivemq-platform', namespace='helmcustomconfigit'}, version: 587}
2025-01-29 22:12:02,905 INFO c.h.h.t.HelmChartContainer - [hivemq-test-hivemq-platform] [hivemq-platform-operator] [0adf354e] io.fabric8.kubernetes.client.KubernetesClientException: Failure executing: PUT at: https://10.43.0.1:443/apis/hivemq.com/v1/namespaces/helmcustomconfigit/hivemq-platforms/test-hivemq-platform/status. Message: Operation cannot be fulfilled on hivemq-platforms.hivemq.com "test-hivemq-platform": the object has been modified; please apply your changes to the latest version and try again. Received status: Status(apiVersion=v1, code=409, details=StatusDetails(causes=[], group=hivemq.com, kind=hivemq-platforms, name=test-hivemq-platform, retryAfterSeconds=null, uid=null, additionalProperties={}), kind=Status, message=Operation cannot be fulfilled on hivemq-platforms.hivemq.com "test-hivemq-platform": the object has been modified; please apply your changes to the latest version and try again, metadata=ListMeta(_continue=null, remainingItemCount=null, resourceVersion=null, selfLink=null, additionalProperties={}), reason=Conflict, status=Failure, additionalProperties={}).
2025-01-29 22:12:02,906 INFO c.h.h.t.HelmChartContainer - [hivemq-test-hivemq-platform] [hivemq-platform-operator] [0adf354e] 	at io.fabric8.kubernetes.client.KubernetesClientException.copyAsCause(KubernetesClientException.java:238)
2025-01-29 22:12:02,906 INFO c.h.h.t.HelmChartContainer - [hivemq-test-hivemq-platform] [hivemq-platform-operator] [0adf354e] 	at io.fabric8.kubernetes.client.dsl.internal.OperationSupport.waitForResult(OperationSupport.java:507)
2025-01-29 22:12:02,907 INFO c.h.h.t.HelmChartContainer - [hivemq-test-hivemq-platform] [hivemq-platform-operator] [0adf354e] 	at io.fabric8.kubernetes.client.dsl.internal.OperationSupport.handleResponse(OperationSupport.java:524)
2025-01-29 22:12:02,907 INFO c.h.h.t.HelmChartContainer - [hivemq-test-hivemq-platform] [hivemq-platform-operator] [0adf354e] 	at io.fabric8.kubernetes.client.dsl.internal.OperationSupport.handleUpdate(OperationSupport.java:358)
2025-01-29 22:12:02,907 INFO c.h.h.t.HelmChartContainer - [hivemq-test-hivemq-platform] [hivemq-platform-operator] [0adf354e] 	at io.fabric8.kubernetes.client.dsl.internal.BaseOperation.handleUpdate(BaseOperation.java:759)
2025-01-29 22:12:02,907 INFO c.h.h.t.HelmChartContainer - [hivemq-test-hivemq-platform] [hivemq-platform-operator] [0adf354e] 	at io.fabric8.kubernetes.client.dsl.internal.HasMetadataOperation.update(HasMetadataOperation.java:138)
2025-01-29 22:12:02,907 INFO c.h.h.t.HelmChartContainer - [hivemq-test-hivemq-platform] [hivemq-platform-operator] [0adf354e] 	at io.fabric8.kubernetes.client.dsl.internal.HasMetadataOperation.update(HasMetadataOperation.java:121)
2025-01-29 22:12:02,907 INFO c.h.h.t.HelmChartContainer - [hivemq-test-hivemq-platform] [hivemq-platform-operator] [0adf354e] 	at io.fabric8.kubernetes.client.dsl.internal.HasMetadataOperation.updateStatus(HasMetadataOperation.java:126)
2025-01-29 22:12:02,908 INFO c.h.h.t.HelmChartContainer - [hivemq-test-hivemq-platform] [hivemq-platform-operator] [0adf354e] 	at io.fabric8.kubernetes.client.dsl.internal.HasMetadataOperation.updateStatus(HasMetadataOperation.java:44)
2025-01-29 22:12:02,908 INFO c.h.h.t.HelmChartContainer - [hivemq-test-hivemq-platform] [hivemq-platform-operator] [0adf354e] 	at io.javaoperatorsdk.operator.processing.event.ReconciliationDispatcher$CustomResourceFacade.updateStatus(ReconciliationDispatcher.java:408)
2025-01-29 22:12:02,908 INFO c.h.h.t.HelmChartContainer - [hivemq-test-hivemq-platform] [hivemq-platform-operator] [0adf354e] 	at io.javaoperatorsdk.operator.processing.event.ReconciliationDispatcher.updateStatusGenerationAware(ReconciliationDispatcher.java:228)
2025-01-29 22:12:02,908 INFO c.h.h.t.HelmChartContainer - [hivemq-test-hivemq-platform] [hivemq-platform-operator] [0adf354e] 	at io.javaoperatorsdk.operator.processing.event.ReconciliationDispatcher.reconcileExecution(ReconciliationDispatcher.java:150)
2025-01-29 22:12:02,908 INFO c.h.h.t.HelmChartContainer - [hivemq-test-hivemq-platform] [hivemq-platform-operator] [0adf354e] 	at io.javaoperatorsdk.operator.processing.event.ReconciliationDispatcher.handleReconcile(ReconciliationDispatcher.java:117)
2025-01-29 22:12:02,908 INFO c.h.h.t.HelmChartContainer - [hivemq-test-hivemq-platform] [hivemq-platform-operator] [0adf354e] 	at io.javaoperatorsdk.operator.processing.event.ReconciliationDispatcher.handleDispatch(ReconciliationDispatcher.java:91)
2025-01-29 22:12:02,908 INFO c.h.h.t.HelmChartContainer - [hivemq-test-hivemq-platform] [hivemq-platform-operator] [0adf354e] 	at io.javaoperatorsdk.operator.processing.event.ReconciliationDispatcher.handleExecution(ReconciliationDispatcher.java:64)
2025-01-29 22:12:02,908 INFO c.h.h.t.HelmChartContainer - [hivemq-test-hivemq-platform] [hivemq-platform-operator] [0adf354e] 	at io.javaoperatorsdk.operator.processing.event.EventProcessor$ReconcilerExecutor.run(EventProcessor.java:452)
2025-01-29 22:12:02,908 INFO c.h.h.t.HelmChartContainer - [hivemq-test-hivemq-platform] [hivemq-platform-operator] [0adf354e] 	at java.base/java.util.concurrent.ThreadPoolExecutor.runWorker(Unknown Source)
2025-01-29 22:12:02,908 INFO c.h.h.t.HelmChartContainer - [hivemq-test-hivemq-platform] [hivemq-platform-operator] [0adf354e] 	at java.base/java.util.concurrent.ThreadPoolExecutor$Worker.run(Unknown Source)
2025-01-29 22:12:02,908 INFO c.h.h.t.HelmChartContainer - [hivemq-test-hivemq-platform] [hivemq-platform-operator] [0adf354e] 	at java.base/java.lang.Thread.run(Unknown Source)
2025-01-29 22:12:02,908 INFO c.h.h.t.HelmChartContainer - [hivemq-test-hivemq-platform] [hivemq-platform-operator] [0adf354e] Caused by: io.fabric8.kubernetes.client.KubernetesClientException: Failure executing: PUT at: https://10.43.0.1:443/apis/hivemq.com/v1/namespaces/helmcustomconfigit/hivemq-platforms/test-hivemq-platform/status. Message: Operation cannot be fulfilled on hivemq-platforms.hivemq.com "test-hivemq-platform": the object has been modified; please apply your changes to the latest version and try again. Received status: Status(apiVersion=v1, code=409, details=StatusDetails(causes=[], group=hivemq.com, kind=hivemq-platforms, name=test-hivemq-platform, retryAfterSeconds=null, uid=null, additionalProperties={}), kind=Status, message=Operation cannot be fulfilled on hivemq-platforms.hivemq.com "test-hivemq-platform": the object has been modified; please apply your changes to the latest version and try again, metadata=ListMeta(_continue=null, remainingItemCount=null, resourceVersion=null, selfLink=null, additionalProperties={}), reason=Conflict, status=Failure, additionalProperties={}).
2025-01-29 22:12:02,908 INFO c.h.h.t.HelmChartContainer - [hivemq-test-hivemq-platform] [hivemq-platform-operator] [0adf354e] 	at io.fabric8.kubernetes.client.dsl.internal.OperationSupport.requestFailure(OperationSupport.java:660)
2025-01-29 22:12:02,908 INFO c.h.h.t.HelmChartContainer - [hivemq-test-hivemq-platform] [hivemq-platform-operator] [0adf354e] 	at io.fabric8.kubernetes.client.dsl.internal.OperationSupport.requestFailure(OperationSupport.java:640)
2025-01-29 22:12:02,908 INFO c.h.h.t.HelmChartContainer - [hivemq-test-hivemq-platform] [hivemq-platform-operator] [0adf354e] 	at io.fabric8.kubernetes.client.dsl.internal.OperationSupport.assertResponseCode(OperationSupport.java:589)
2025-01-29 22:12:02,908 INFO c.h.h.t.HelmChartContainer - [hivemq-test-hivemq-platform] [hivemq-platform-operator] [0adf354e] 	at io.fabric8.kubernetes.client.dsl.internal.OperationSupport.lambda$handleResponse$0(OperationSupport.java:549)
2025-01-29 22:12:02,908 INFO c.h.h.t.HelmChartContainer - [hivemq-test-hivemq-platform] [hivemq-platform-operator] [0adf354e] 	at java.base/java.util.concurrent.CompletableFuture$UniApply.tryFire(Unknown Source)
2025-01-29 22:12:02,908 INFO c.h.h.t.HelmChartContainer - [hivemq-test-hivemq-platform] [hivemq-platform-operator] [0adf354e] 	at java.base/java.util.concurrent.CompletableFuture.postComplete(Unknown Source)
2025-01-29 22:12:02,912 INFO c.h.h.t.HelmChartContainer - [hivemq-test-hivemq-platform] [hivemq-platform-operator] [0adf354e] 	at java.base/java.util.concurrent.CompletableFuture.complete(Unknown Source)
2025-01-29 22:12:02,912 INFO c.h.h.t.HelmChartContainer - [hivemq-test-hivemq-platform] [hivemq-platform-operator] [0adf354e] 	at io.fabric8.kubernetes.client.http.StandardHttpClient.lambda$completeOrCancel$10(StandardHttpClient.java:141)
2025-01-29 22:12:02,912 INFO c.h.h.t.HelmChartContainer - [hivemq-test-hivemq-platform] [hivemq-platform-operator] [0adf354e] 	at java.base/java.util.concurrent.CompletableFuture.uniWhenComplete(Unknown Source)
2025-01-29 22:12:02,912 INFO c.h.h.t.HelmChartContainer - [hivemq-test-hivemq-platform] [hivemq-platform-operator] [0adf354e] 	at java.base/java.util.concurrent.CompletableFuture$UniWhenComplete.tryFire(Unknown Source)
2025-01-29 22:12:02,912 INFO c.h.h.t.HelmChartContainer - [hivemq-test-hivemq-platform] [hivemq-platform-operator] [0adf354e] 	at java.base/java.util.concurrent.CompletableFuture.postComplete(Unknown Source)
2025-01-29 22:12:02,912 INFO c.h.h.t.HelmChartContainer - [hivemq-test-hivemq-platform] [hivemq-platform-operator] [0adf354e] 	at java.base/java.util.concurrent.CompletableFuture.complete(Unknown Source)
2025-01-29 22:12:02,912 INFO c.h.h.t.HelmChartContainer - [hivemq-test-hivemq-platform] [hivemq-platform-operator] [0adf354e] 	at io.fabric8.kubernetes.client.http.ByteArrayBodyHandler.onBodyDone(ByteArrayBodyHandler.java:51)
2025-01-29 22:12:02,912 INFO c.h.h.t.HelmChartContainer - [hivemq-test-hivemq-platform] [hivemq-platform-operator] [0adf354e] 	at java.base/java.util.concurrent.CompletableFuture.uniWhenComplete(Unknown Source)
2025-01-29 22:12:02,912 INFO c.h.h.t.HelmChartContainer - [hivemq-test-hivemq-platform] [hivemq-platform-operator] [0adf354e] 	at java.base/java.util.concurrent.CompletableFuture$UniWhenComplete.tryFire(Unknown Source)
2025-01-29 22:12:02,912 INFO c.h.h.t.HelmChartContainer - [hivemq-test-hivemq-platform] [hivemq-platform-operator] [0adf354e] 	at java.base/java.util.concurrent.CompletableFuture.postComplete(Unknown Source)
2025-01-29 22:12:02,912 INFO c.h.h.t.HelmChartContainer - [hivemq-test-hivemq-platform] [hivemq-platform-operator] [0adf354e] 	at java.base/java.util.concurrent.CompletableFuture.complete(Unknown Source)
2025-01-29 22:12:02,912 INFO c.h.h.t.HelmChartContainer - [hivemq-test-hivemq-platform] [hivemq-platform-operator] [0adf354e] 	at io.fabric8.kubernetes.client.vertx.VertxHttpRequest.lambda$null$1(VertxHttpRequest.java:121)
2025-01-29 22:12:02,912 INFO c.h.h.t.HelmChartContainer - [hivemq-test-hivemq-platform] [hivemq-platform-operator] [0adf354e] 	at io.vertx.core.impl.ContextInternal.dispatch(ContextInternal.java:279)
2025-01-29 22:12:02,912 INFO c.h.h.t.HelmChartContainer - [hivemq-test-hivemq-platform] [hivemq-platform-operator] [0adf354e] 	at io.vertx.core.impl.ContextInternal.dispatch(ContextInternal.java:261)
2025-01-29 22:12:02,912 INFO c.h.h.t.HelmChartContainer - [hivemq-test-hivemq-platform] [hivemq-platform-operator] [0adf354e] 	at io.vertx.core.http.impl.HttpEventHandler.handleEnd(HttpEventHandler.java:76)
2025-01-29 22:12:02,912 INFO c.h.h.t.HelmChartContainer - [hivemq-test-hivemq-platform] [hivemq-platform-operator] [0adf354e] 	at io.vertx.core.http.impl.HttpClientResponseImpl.handleEnd(HttpClientResponseImpl.java:250)
2025-01-29 22:12:02,912 INFO c.h.h.t.HelmChartContainer - [hivemq-test-hivemq-platform] [hivemq-platform-operator] [0adf354e] 	at io.vertx.core.http.impl.Http1xClientConnection$StreamImpl.lambda$new$0(Http1xClientConnection.java:421)
2025-01-29 22:12:02,912 INFO c.h.h.t.HelmChartContainer - [hivemq-test-hivemq-platform] [hivemq-platform-operator] [0adf354e] 	at io.vertx.core.streams.impl.InboundBuffer.handleEvent(InboundBuffer.java:279)
2025-01-29 22:12:02,912 INFO c.h.h.t.HelmChartContainer - [hivemq-test-hivemq-platform] [hivemq-platform-operator] [0adf354e] 	at io.vertx.core.streams.impl.InboundBuffer.write(InboundBuffer.java:157)
2025-01-29 22:12:02,912 INFO c.h.h.t.HelmChartContainer - [hivemq-test-hivemq-platform] [hivemq-platform-operator] [0adf354e] 	at io.vertx.core.http.impl.Http1xClientConnection$StreamImpl.handleEnd(Http1xClientConnection.java:709)
2025-01-29 22:12:02,912 INFO c.h.h.t.HelmChartContainer - [hivemq-test-hivemq-platform] [hivemq-platform-operator] [0adf354e] 	at io.vertx.core.impl.ContextImpl.lambda$execute$4(ContextImpl.java:315)
2025-01-29 22:12:02,912 INFO c.h.h.t.HelmChartContainer - [hivemq-test-hivemq-platform] [hivemq-platform-operator] [0adf354e] 	at io.netty.util.concurrent.AbstractEventExecutor.runTask(AbstractEventExecutor.java:173)
2025-01-29 22:12:02,912 INFO c.h.h.t.HelmChartContainer - [hivemq-test-hivemq-platform] [hivemq-platform-operator] [0adf354e] 	at io.netty.util.concurrent.AbstractEventExecutor.safeExecute(AbstractEventExecutor.java:166)
2025-01-29 22:12:02,912 INFO c.h.h.t.HelmChartContainer - [hivemq-test-hivemq-platform] [hivemq-platform-operator] [0adf354e] 	at io.netty.util.concurrent.SingleThreadEventExecutor.runAllTasks(SingleThreadEventExecutor.java:472)
2025-01-29 22:12:02,912 INFO c.h.h.t.HelmChartContainer - [hivemq-test-hivemq-platform] [hivemq-platform-operator] [0adf354e] 	at io.netty.channel.nio.NioEventLoop.run(NioEventLoop.java:569)
2025-01-29 22:12:02,912 INFO c.h.h.t.HelmChartContainer - [hivemq-test-hivemq-platform] [hivemq-platform-operator] [0adf354e] 	at io.netty.util.concurrent.SingleThreadEventExecutor$4.run(SingleThreadEventExecutor.java:997)
2025-01-29 22:12:02,912 INFO c.h.h.t.HelmChartContainer - [hivemq-test-hivemq-platform] [hivemq-platform-operator] [0adf354e] 	at io.netty.util.internal.ThreadExecutorMap$2.run(ThreadExecutorMap.java:74)
2025-01-29 22:12:02,912 INFO c.h.h.t.HelmChartContainer - [hivemq-test-hivemq-platform] [hivemq-platform-operator] [0adf354e] 	at io.netty.util.concurrent.FastThreadLocalRunnable.run(FastThreadLocalRunnable.java:30)
2025-01-29 22:12:02,912 INFO c.h.h.t.HelmChartContainer - [hivemq-test-hivemq-platform] [hivemq-platform-operator] [0adf354e] 	... 1 common frames omitted
2025-01-29 22:12:02,913 INFO c.h.h.t.HelmChartContainer - [hivemq-test-hivemq-platform] [hivemq-platform-operator] [0adf354e] 22:12:02.908 [ReconcilerExecutor-hivemq-controller-116] INFO  c.h.p.o.HiveMQPlatformReconciler - [helmcust] Cleanup test-hivemq-platform - helmcustomconfigit HiveMQ Platform is shut down
2025-01-29 22:12:03,283 INFO c.h.h.t.HelmChartContainer - [POD] test-hivemq-platform-0 [edf3d267-1a1b-41bc-b800-2e7059aae4bc] in helmcustomconfigit was MODIFIED
2025-01-29 22:12:03,285 INFO c.h.h.t.HelmChartContainer - [EVENT] Normal [Killing] Stopping container hivemq [helmcustomconfigit:test-hivemq-platform-0]
2025-01-29 22:12:03,285 INFO c.h.h.t.HelmChartContainer - Received Killing event for container hivemq in pod test-hivemq-platform-0 [edf3d267-1a1b-41bc-b800-2e7059aae4bc]
2025-01-29 22:12:03,285 INFO c.h.h.t.HelmChartContainer - Container [test-hivemq-platform-0] [hivemq] [edf3d267-1a1b-41bc-b800-2e7059aae4bc] was terminated
2025-01-29 22:12:03,287 INFO c.h.h.t.HelmChartContainer - Stopped log watcher for hivemq in pod test-hivemq-platform-0 [edf3d267-1a1b-41bc-b800-2e7059aae4bc]
2025-01-29 22:12:03,294 INFO c.h.h.t.HelmChartContainer - [test-hivemq-platform] [hivemq] [edf3d267] INFO  - [HiveMQ Platform Operator Init App 1.7.0-SNAPSHOT] Shutting down
2025-01-29 22:12:03,294 INFO c.h.h.t.HelmChartContainer - [test-hivemq-platform] [hivemq] [edf3d267] INFO  - [HiveMQ Platform Operator Init App 1.7.0-SNAPSHOT] Stopping the HiveMQ Platform
2025-01-29 22:12:03,332 INFO c.h.h.t.HelmChartContainer - [test-hivemq-platform] [hivemq] [edf3d267] INFO  - Shutting down HiveMQ. Please wait, this could take a while...
2025-01-29 22:12:03,336 INFO c.h.h.t.HelmChartContainer - [test-hivemq-platform] [hivemq] [edf3d267] INFO  - Shutting down listeners and clients
2025-01-29 22:12:03,337 INFO c.h.h.t.HelmChartContainer - [test-hivemq-platform] [hivemq] [edf3d267] INFO  - Shutdown of listeners is done
2025-01-29 22:12:03,337 INFO c.h.h.t.HelmChartContainer - [test-hivemq-platform] [hivemq] [edf3d267] INFO  - No clients are connected, proceeding with shutdown
2025-01-29 22:12:04,484 INFO c.h.h.t.HelmChartContainer - Deleting namespace 'helmcustomconfigit'...
2025-01-29 22:12:04,951 INFO c.h.h.t.HelmChartContainer - [test-hivemq-platform] [hivemq] [edf3d267] INFO  - [HiveMQ Platform Operator Init App 1.7.0-SNAPSHOT] Returning shutdown Health API response 503 for readiness
2025-01-29 22:12:04,955 INFO c.h.h.t.HelmChartContainer - [EVENT] Warning [Unhealthy] Readiness probe failed: HTTP probe failed with statuscode: 503 [helmcustomconfigit:test-hivemq-platform-0]
2025-01-29 22:12:04,955 INFO c.h.h.t.HelmChartContainer - Received Unhealthy event for container hivemq in pod test-hivemq-platform-0 [edf3d267-1a1b-41bc-b800-2e7059aae4bc]
2025-01-29 22:12:05,026 INFO c.h.h.t.HelmChartContainer - [K3S] [authentication.go:74] "Unable to authenticate the request" err="[invalid bearer token, serviceaccounts \"hivemq-platform-pod-test-hivemq-platform\" not found]"
2025-01-29 22:12:05,043 INFO c.h.h.t.HelmChartContainer - [K3S] [authentication.go:74] "Unable to authenticate the request" err="[invalid bearer token, serviceaccounts \"hivemq-platform-pod-test-hivemq-platform\" not found]"
2025-01-29 22:12:05,055 INFO c.h.h.t.HelmChartContainer - [test-hivemq-platform] [hivemq] [edf3d267] WARN  - [HiveMQ Platform Operator Init App 1.7.0-SNAPSHOT] Could not update Pod annotations: Failure executing: GET at: https://10.43.0.1:443/api/v1/namespaces/helmcustomconfigit/pods/test-hivemq-platform-0. Message: Unauthorized. Received status: Status(apiVersion=v1, code=401, details=null, kind=Status, message=Unauthorized, metadata=ListMeta(_continue=null, remainingItemCount=null, resourceVersion=null, selfLink=null, additionalProperties={}), reason=Unauthorized, status=Failure, additionalProperties={}).
2025-01-29 22:12:06,625 INFO c.h.h.t.HelmChartContainer - [test-hivemq-platform] [hivemq] [edf3d267] INFO  - Shutting down extension system
2025-01-29 22:12:06,632 INFO c.h.h.t.HelmChartContainer - [test-hivemq-platform] [hivemq] [edf3d267] INFO  - Stopping extension with id hivemq-dns-cluster-discovery
2025-01-29 22:12:06,632 INFO c.h.h.t.HelmChartContainer - [test-hivemq-platform] [hivemq] [edf3d267] INFO  - Extension "DNS Cluster Discovery Extension" version 4.3.2 stopped successfully.
2025-01-29 22:12:06,633 INFO c.h.h.t.HelmChartContainer - [test-hivemq-platform] [hivemq] [edf3d267] INFO  - Stopping extension with id hivemq-prometheus-extension
2025-01-29 22:12:06,636 INFO c.h.h.t.HelmChartContainer - [test-hivemq-platform] [hivemq] [edf3d267] INFO  - Extension "Prometheus Monitoring Extension" version 4.0.12 stopped successfully.
2025-01-29 22:12:06,637 INFO c.h.h.t.HelmChartContainer - [test-hivemq-platform] [hivemq] [edf3d267] INFO  - Stopping extension with id hivemq-allow-all-extension
2025-01-29 22:12:06,637 INFO c.h.h.t.HelmChartContainer - [test-hivemq-platform] [hivemq] [edf3d267] INFO  - Extension "Allow All Extension" version 1.1.1 stopped successfully.
2025-01-29 22:12:08,770 INFO c.h.h.t.HelmChartContainer - [test-hivemq-platform] [hivemq] [edf3d267] INFO  - Shutdown completed.
2025-01-29 22:12:09,120 INFO c.h.h.t.HelmChartContainer - [test-hivemq-platform] [hivemq] [edf3d267] INFO  - [HiveMQ Platform Operator Init App 1.7.0-SNAPSHOT] The HiveMQ Platform exited with code 143
2025-01-29 22:12:09,120 INFO c.h.h.t.HelmChartContainer - [test-hivemq-platform] [hivemq] [edf3d267] INFO  - [HiveMQ Platform Operator Init App 1.7.0-SNAPSHOT] Stopping the REST API
2025-01-29 22:12:09,127 INFO c.h.h.t.HelmChartContainer - [test-hivemq-platform] [hivemq] [edf3d267] INFO  - [HiveMQ Platform Operator Init App 1.7.0-SNAPSHOT] Shutdown complete
2025-01-29 22:12:09,521 INFO c.h.h.t.HelmChartContainer - [K3S] [stateful_set.go:466] "StatefulSet has been deleted" key="helmcustomconfigit/test-hivemq-platform"
2025-01-29 22:12:09,637 INFO c.h.h.t.HelmChartContainer - [POD] test-hivemq-platform-0 [edf3d267-1a1b-41bc-b800-2e7059aae4bc] in helmcustomconfigit was MODIFIED
2025-01-29 22:12:09,757 INFO c.h.h.t.HelmChartContainer - [K3S] [reconciler_common.go:162] "operationExecutor.UnmountVolume started for volume \"kube-api-access-mhhdq\" (UniqueName: \"kubernetes.io/projected/edf3d267-1a1b-41bc-b800-2e7059aae4bc-kube-api-access-mhhdq\") pod \"edf3d267-1a1b-41bc-b800-2e7059aae4bc\" (UID: \"edf3d267-1a1b-41bc-b800-2e7059aae4bc\") "
2025-01-29 22:12:09,757 INFO c.h.h.t.HelmChartContainer - [K3S] [reconciler_common.go:162] "operationExecutor.UnmountVolume started for volume \"broker-configuration\" (UniqueName: \"kubernetes.io/configmap/edf3d267-1a1b-41bc-b800-2e7059aae4bc-broker-configuration\") pod \"edf3d267-1a1b-41bc-b800-2e7059aae4bc\" (UID: \"edf3d267-1a1b-41bc-b800-2e7059aae4bc\") "
2025-01-29 22:12:09,757 INFO c.h.h.t.HelmChartContainer - [K3S] [reconciler_common.go:162] "operationExecutor.UnmountVolume started for volume \"operator-init\" (UniqueName: \"kubernetes.io/empty-dir/edf3d267-1a1b-41bc-b800-2e7059aae4bc-operator-init\") pod \"edf3d267-1a1b-41bc-b800-2e7059aae4bc\" (UID: \"edf3d267-1a1b-41bc-b800-2e7059aae4bc\") "
2025-01-29 22:12:09,757 INFO c.h.h.t.HelmChartContainer - [K3S] [reconciler_common.go:162] "operationExecutor.UnmountVolume started for volume \"pod-info\" (UniqueName: \"kubernetes.io/configmap/edf3d267-1a1b-41bc-b800-2e7059aae4bc-pod-info\") pod \"edf3d267-1a1b-41bc-b800-2e7059aae4bc\" (UID: \"edf3d267-1a1b-41bc-b800-2e7059aae4bc\") "
2025-01-29 22:12:09,857 INFO c.h.h.t.HelmChartContainer - [K3S] [reconciler_common.go:299] "Volume detached for volume \"operator-init\" (UniqueName: \"kubernetes.io/empty-dir/edf3d267-1a1b-41bc-b800-2e7059aae4bc-operator-init\") on node \"6c7c6f7dc8ee\" DevicePath \"\""
2025-01-29 22:12:09,857 INFO c.h.h.t.HelmChartContainer - [K3S] [reconciler_common.go:299] "Volume detached for volume \"pod-info\" (UniqueName: \"kubernetes.io/configmap/edf3d267-1a1b-41bc-b800-2e7059aae4bc-pod-info\") on node \"6c7c6f7dc8ee\" DevicePath \"\""
2025-01-29 22:12:09,857 INFO c.h.h.t.HelmChartContainer - [K3S] [reconciler_common.go:299] "Volume detached for volume \"broker-configuration\" (UniqueName: \"kubernetes.io/configmap/edf3d267-1a1b-41bc-b800-2e7059aae4bc-broker-configuration\") on node \"6c7c6f7dc8ee\" DevicePath \"\""
2025-01-29 22:12:09,857 INFO c.h.h.t.HelmChartContainer - [K3S] [reconciler_common.go:299] "Volume detached for volume \"kube-api-access-mhhdq\" (UniqueName: \"kubernetes.io/projected/edf3d267-1a1b-41bc-b800-2e7059aae4bc-kube-api-access-mhhdq\") on node \"6c7c6f7dc8ee\" DevicePath \"\""
2025-01-29 22:12:10,206 INFO c.h.h.t.HelmChartContainer - [K3S] [scope.go:117] "RemoveContainer" containerID="57670cf3b75515f5f5c295a0a040eba99f2533ddac191289176646c7221262dc"
2025-01-29 22:12:10,220 INFO c.h.h.t.HelmChartContainer - [POD] test-hivemq-platform-0 [edf3d267-1a1b-41bc-b800-2e7059aae4bc] in helmcustomconfigit was MODIFIED
2025-01-29 22:12:10,224 INFO c.h.h.t.HelmChartContainer - [POD] test-hivemq-platform-0 [edf3d267-1a1b-41bc-b800-2e7059aae4bc] in helmcustomconfigit was DELETED
2025-01-29 22:12:10,311 INFO c.h.h.t.HelmChartContainer - [K3S] [scope.go:117] "RemoveContainer" containerID="87b459421156994d8ebd0bbe234123aa1fee06d1a35f2b2c627734cb15bf92dd"
2025-01-29 22:12:10,313 INFO c.h.h.t.HelmChartContainer - [K3S] [scope.go:117] "RemoveContainer" containerID="57670cf3b75515f5f5c295a0a040eba99f2533ddac191289176646c7221262dc"
2025-01-29 22:12:10,314 INFO c.h.h.t.HelmChartContainer - [K3S] [scope.go:117] "RemoveContainer" containerID="87b459421156994d8ebd0bbe234123aa1fee06d1a35f2b2c627734cb15bf92dd"
2025-01-29 22:12:11,076 INFO c.h.h.t.HelmChartContainer - [K3S] [kubelet_volumes.go:163] "Cleaned up orphaned pod volumes dir" podUID="edf3d267-1a1b-41bc-b800-2e7059aae4bc" path="/var/lib/kubelet/pods/edf3d267-1a1b-41bc-b800-2e7059aae4bc/volumes"
2025-01-29 22:12:14,823 INFO c.h.h.t.HelmChartContainer - Namespace 'helmcustomconfigit' deleted
2025-01-29 22:12:14,823 INFO c.h.h.t.HelmChartContainer - Release 'test-hivemq-platform' in namespace 'helmcustomconfigit' is uninstalled
2025-01-29 22:12:14,823 INFO c.h.h.t.HelmChartContainer - Uninstalling release 'test-hivemq-platform-operator' in namespace 'helmcustomconfigit-operator'...
2025-01-29 22:12:14,823 DEBUG c.h.h.t.HelmChartContainer - Executing helm command: /bin/helm --kubeconfig /etc/rancher/k3s/k3s.yaml uninstall test-hivemq-platform-operator  --wait --timeout 5m0s --cascade foreground --namespace helmcustomconfigit-operator
2025-01-29 22:12:14,981 INFO c.h.h.t.HelmChartContainer - [K3S] [replica_set.go:679] "Finished syncing" kind="ReplicaSet" key="helmcustomconfigit-operator/hivemq-test-hivemq-platform-operator-6966f96d65" duration="10.476213ms"
2025-01-29 22:12:14,981 INFO c.h.h.t.HelmChartContainer - [K3S] [replica_set.go:679] "Finished syncing" kind="ReplicaSet" key="helmcustomconfigit-operator/hivemq-test-hivemq-platform-operator-6966f96d65" duration="25.588µs"
2025-01-29 22:12:14,999 INFO c.h.h.t.HelmChartContainer - [POD] hivemq-test-hivemq-platform-operator-6966f96d65-gjf62 [0adf354e-6ab3-4f33-b48d-4f01eb375dad] in helmcustomconfigit-operator was MODIFIED
2025-01-29 22:12:15,010 INFO c.h.h.t.HelmChartContainer - [EVENT] Normal [Killing] Stopping container hivemq-platform-operator [helmcustomconfigit-operator:hivemq-test-hivemq-platform-operator-6966f96d65-gjf62]
2025-01-29 22:12:15,010 INFO c.h.h.t.HelmChartContainer - Received Killing event for container hivemq-platform-operator in pod hivemq-test-hivemq-platform-operator-6966f96d65-gjf62 [0adf354e-6ab3-4f33-b48d-4f01eb375dad]
2025-01-29 22:12:15,010 INFO c.h.h.t.HelmChartContainer - Container [hivemq-test-hivemq-platform-operator-6966f96d65-gjf62] [hivemq-platform-operator] [0adf354e-6ab3-4f33-b48d-4f01eb375dad] was terminated
2025-01-29 22:12:15,010 INFO c.h.h.t.HelmChartContainer - Stopped log watcher for hivemq-platform-operator in pod hivemq-test-hivemq-platform-operator-6966f96d65-gjf62 [0adf354e-6ab3-4f33-b48d-4f01eb375dad]
2025-01-29 22:12:15,014 INFO c.h.h.t.HelmChartContainer - [K3S] [replica_set.go:679] "Finished syncing" kind="ReplicaSet" key="helmcustomconfigit-operator/hivemq-test-hivemq-platform-operator-6966f96d65" duration="16.517074ms"
2025-01-29 22:12:15,015 INFO c.h.h.t.HelmChartContainer - [hivemq-test-hivemq-platform] [hivemq-platform-operator] [0adf354e] 22:12:15.012 [application-shutdown-thread] INFO  c.h.p.o.HiveMQPlatformOperatorApplication - HiveMQ Platform Operator is stopping...
2025-01-29 22:12:15,019 INFO c.h.h.t.HelmChartContainer - [hivemq-test-hivemq-platform] [hivemq-platform-operator] [0adf354e] 22:12:15.012 [application-shutdown-thread] INFO  i.javaoperatorsdk.operator.Operator - Operator SDK 4.9.7 is shutting down...
2025-01-29 22:12:15,023 INFO c.h.h.t.HelmChartContainer - [K3S] [replica_set.go:679] "Finished syncing" kind="ReplicaSet" key="helmcustomconfigit-operator/hivemq-test-hivemq-platform-operator-6966f96d65" duration="63.418µs"
2025-01-29 22:12:15,637 INFO c.h.h.t.HelmChartContainer - [K3S] [replica_set.go:679] "Finished syncing" kind="ReplicaSet" key="helmcustomconfigit-operator/hivemq-test-hivemq-platform-operator-6966f96d65" duration="38.592µs"
2025-01-29 22:12:15,638 INFO c.h.h.t.HelmChartContainer - [POD] hivemq-test-hivemq-platform-operator-6966f96d65-gjf62 [0adf354e-6ab3-4f33-b48d-4f01eb375dad] in helmcustomconfigit-operator was MODIFIED
2025-01-29 22:12:15,787 INFO c.h.h.t.HelmChartContainer - [K3S] [reconciler_common.go:162] "operationExecutor.UnmountVolume started for volume \"kube-api-access-6t9x5\" (UniqueName: \"kubernetes.io/projected/0adf354e-6ab3-4f33-b48d-4f01eb375dad-kube-api-access-6t9x5\") pod \"0adf354e-6ab3-4f33-b48d-4f01eb375dad\" (UID: \"0adf354e-6ab3-4f33-b48d-4f01eb375dad\") "
2025-01-29 22:12:15,887 INFO c.h.h.t.HelmChartContainer - [K3S] [reconciler_common.go:299] "Volume detached for volume \"kube-api-access-6t9x5\" (UniqueName: \"kubernetes.io/projected/0adf354e-6ab3-4f33-b48d-4f01eb375dad-kube-api-access-6t9x5\") on node \"6c7c6f7dc8ee\" DevicePath \"\""
2025-01-29 22:12:16,216 INFO c.h.h.t.HelmChartContainer - [K3S] [scope.go:117] "RemoveContainer" containerID="e5ccabcdbd3cd38f3b5bdf91a957d80b542b65edbbfbc324d2c9d5735c065632"
2025-01-29 22:12:16,218 INFO c.h.h.t.HelmChartContainer - [K3S] [scope.go:117] "RemoveContainer" containerID="e5ccabcdbd3cd38f3b5bdf91a957d80b542b65edbbfbc324d2c9d5735c065632"
2025-01-29 22:12:16,226 INFO c.h.h.t.HelmChartContainer - [K3S] [replica_set.go:679] "Finished syncing" kind="ReplicaSet" key="helmcustomconfigit-operator/hivemq-test-hivemq-platform-operator-6966f96d65" duration="31.488µs"
2025-01-29 22:12:16,228 INFO c.h.h.t.HelmChartContainer - [POD] hivemq-test-hivemq-platform-operator-6966f96d65-gjf62 [0adf354e-6ab3-4f33-b48d-4f01eb375dad] in helmcustomconfigit-operator was MODIFIED
2025-01-29 22:12:16,230 INFO c.h.h.t.HelmChartContainer - [K3S] [replica_set.go:679] "Finished syncing" kind="ReplicaSet" key="helmcustomconfigit-operator/hivemq-test-hivemq-platform-operator-6966f96d65" duration="40.675µs"
2025-01-29 22:12:16,232 INFO c.h.h.t.HelmChartContainer - [POD] hivemq-test-hivemq-platform-operator-6966f96d65-gjf62 [0adf354e-6ab3-4f33-b48d-4f01eb375dad] in helmcustomconfigit-operator was DELETED
2025-01-29 22:12:16,240 INFO c.h.h.t.HelmChartContainer - [K3S] [replica_set.go:679] "Finished syncing" kind="ReplicaSet" key="helmcustomconfigit-operator/hivemq-test-hivemq-platform-operator-6966f96d65" duration="6.071µs"
2025-01-29 22:12:17,022 INFO c.h.h.t.HelmChartContainer - Deleting namespace 'helmcustomconfigit-operator'...
2025-01-29 22:12:17,076 INFO c.h.h.t.HelmChartContainer - [K3S] [kubelet_volumes.go:163] "Cleaned up orphaned pod volumes dir" podUID="0adf354e-6ab3-4f33-b48d-4f01eb375dad" path="/var/lib/kubelet/pods/0adf354e-6ab3-4f33-b48d-4f01eb375dad/volumes"
2025-01-29 22:12:19,745 INFO c.h.h.t.HelmChartContainer - [K3S] [namespace_controller.go:187] "Namespace has been deleted" namespace="helmcustomconfigit"
2025-01-29 22:12:22,243 INFO c.h.h.t.HelmChartContainer - Namespace 'helmcustomconfigit-operator' deleted
2025-01-29 22:12:22,243 INFO c.h.h.t.HelmChartContainer - Release 'test-hivemq-platform-operator' in namespace 'helmcustomconfigit-operator' is uninstalled
2025-01-29 22:12:22,955 INFO c.h.helmcharts.AbstractHelmChartIT - Removed unused containers:

2025-01-29 22:12:27,150 INFO c.h.h.t.HelmChartContainer - [K3S] [namespace_controller.go:187] "Namespace has been deleted" namespace="helmcustomconfigit-operator"
2025-01-29 22:12:30,607 INFO c.h.helmcharts.AbstractHelmChartIT - Removed unused snapshots:
Removing snapshot sha256:03af251906410714c5aef9fa705b63f6bbc39c4a5e787de7361eeb18886c2ed2
Removing snapshot sha256:0c46b3b43cce082ce5ec34ffc6c294e0417d17b9d1e6f366d114b6aadc4f96dc
Removing snapshot sha256:0ce761beee59082d6ed5bcebd3a805b8ddd9b3426b617e4809e7fb7c6587ffec
Removing snapshot sha256:0df91287303208332c8ff6ba40ae4710105201739addbfbddfb955f1ad593664
Removing snapshot sha256:1021ef88c7974bfff89c5a0ec4fd3160daac6c48a075f74cff721f85dd104e68
Removing snapshot sha256:10aba4953ddc18145dd38e3704709bc464aa20af60b56fe52caaff4b68411e62
Removing snapshot sha256:2573e0d8158209ed54ab25c87bcdcb00bd3d2539246960a3d592a1c599d70465
Removing snapshot sha256:362a8a37f8bbc31925a8146adcf7cf51f9882f5c1dcbef67c5baa03a297543c0
Removing snapshot sha256:3fa4ad33f0ddc8fd45b39b6b4640f82a3a83619606cd975bfe89d8710ad2d4cd
Removing snapshot sha256:43a7c979bbaba6838bc3102d6b10a1459f3ab050b87ccdfef84ef90cf43d3058
Removing snapshot sha256:4ab04491cdf0d3267f08206fe30bd48f49f94b9cab2f016d6739220f722a64af
Removing snapshot sha256:4b6068250e89c96f263060261819c7d912855bfbd64b3eb4c4a8483299b8c295
Removing snapshot sha256:580e69a0a8034ede1921139bbd2bfb72a69ebf276d008281896c32dd8bf74775
Removing snapshot sha256:5c6b324d267ed23112c41ca1a9cf32102484392d4caacf43b47b46b4407c5527
Removing snapshot sha256:5d30ba46b27fe37484567ccc5242cadc78217b8da605f3f195ef25cbf7487904
Removing snapshot sha256:63ca1fbb43ae5034640e5e6cb3e083e05c290072c5366fcaa9d62435a4cced85
Removing snapshot sha256:67f702c6baae873bceb19487c8b1f27bd2b86077e4f2f0e480e6d60ab508b8f5
Removing snapshot sha256:6864348dd42806d552efdec384f1274be15e2d0c10ce44c1f04347af004c10a9
Removing snapshot sha256:6c7dee8f2c39b84b7dc2711c01d33de93514d9055499173e9290176fbe484b6c
Removing snapshot sha256:82753493a6d61ded36556292f02f31841a14c20d2f279f19eaad65afb661d5cd
Removing snapshot sha256:8a10d3db42c505ee0fcfa98417bdd7e39b304f6bcc0a06bb1b220797ff2cc63c
Removing snapshot sha256:a21ac6f9ad81d845968c1b9b2bef8deefeae6cfce0fefd4781bed7ac74bc0e6a
Removing snapshot sha256:a21e5b12dbac529ad45d976eb9ce45c881f3bedcc500fb30aba1e52aa1813418
Removing snapshot sha256:b921e6c28969094157f9b8e7244677780319637afd14450b7cb6b2fdea558a0c
Removing snapshot sha256:bc27ecb5769a00e309cf99ebc763c4a4b958b618d1decc96ffac5bc05f02f5b7
Removing snapshot sha256:be3ccb6627a5332e309d45ef461d09b4879dd870c7394d89323d0ebc6ca6aa8a
Removing snapshot sha256:c261f7cbbc64211ee175ee47273acdb7b1a36a4450b397a064a8f2c026490095
Removing snapshot sha256:c34d9393647eea0c9e3557ab988efaf59f61d10a2a5613b439ef0958cca5ec10
Removing snapshot sha256:ccf3c4a0fa967a41c1c83497a2ce6fa5787965859df0adb32c4ca2cf7490bc2b
Removing snapshot sha256:cf92d33f869417309692088c341cd0f223c178ea78a125f757317b22aa8f90e9
Removing snapshot sha256:d0037344cf2fb078884f1849f6a1f8cf9a33a3b6139b6a85833e5ee528e1f9a8
Removing snapshot sha256:d3b36d5b79273b1e98e7700470eaeff05a882e777124d84cebcc1505b85ecb36
Removing snapshot sha256:d65a44a37914602d12c611e5e22a50f11451d847e63015cc1c2aef92dee777a4
Removing snapshot sha256:e2dc0bae2455930f23ae570e019b7f32edc75c0f2d71cab084db837ff9051796
Removing snapshot sha256:eccbd24a99c60cd9e86ee5305dbfc4a4dc89f5ab4fb1f06c8d64797cecedef34
Removing snapshot sha256:f144bb4c7c7f0d2aa7eeffd36d934ec40db1ee167be727e326aad9fdc616f475

]]></system-out>
  </testcase>
  <testcase name="withExistingConfigMap_customResourceCreated()" classname="com.hivemq.helmcharts.platform.HelmCustomConfigIT" time="149.328">
    <system-out><![CDATA[2025-01-29 22:12:30,616 INFO c.h.h.t.HelmChartContainer - Creating namespace 'helmcustomconfigit-operator'...
2025-01-29 22:12:30,624 INFO c.h.h.t.HelmChartContainer - Namespace 'helmcustomconfigit-operator' created
2025-01-29 22:12:30,624 INFO c.h.h.t.HelmChartContainer - Creating namespace 'helmcustomconfigit'...
2025-01-29 22:12:30,631 INFO c.h.h.t.HelmChartContainer - Namespace 'helmcustomconfigit' created
2025-01-29 22:12:30,698 DEBUG c.h.h.t.HelmChartContainer - Executing helm command: /bin/helm --kubeconfig /etc/rancher/k3s/k3s.yaml install test-hivemq-platform-operator /charts/hivemq-platform-operator --wait --timeout 5m0s --set image.repository=docker.io/hivemq --set image.name=hivemq-platform-operator-test --set image.initImageName=hivemq-platform-operator-init-test --set image.tag=snapshot --set image.pullPolicy=Never --set logLevel=DEBUG --set resources.cpu=512m --namespace helmcustomconfigit-operator
2025-01-29 22:12:30,997 INFO c.h.h.t.HelmChartContainer - [K3S] [alloc.go:330] "allocated clusterIPs" service="helmcustomconfigit-operator/hivemq-platform-operator-test-hivemq-platform-operator" clusterIPs={"IPv4":"10.43.59.171"}
2025-01-29 22:12:31,015 INFO c.h.h.t.HelmChartContainer - [EVENT] Normal [ScalingReplicaSet] Scaled up replica set hivemq-test-hivemq-platform-operator-6966f96d65 from 0 to 1 [helmcustomconfigit-operator:hivemq-test-hivemq-platform-operator]
2025-01-29 22:12:31,023 INFO c.h.h.t.HelmChartContainer - [POD] hivemq-test-hivemq-platform-operator-6966f96d65-c49ch [f20d46c8-100c-4abc-8031-ad4868841e51] in helmcustomconfigit-operator was ADDED
2025-01-29 22:12:31,028 INFO c.h.h.t.HelmChartContainer - [EVENT] Normal [SuccessfulCreate] Created pod: hivemq-test-hivemq-platform-operator-6966f96d65-c49ch [helmcustomconfigit-operator:hivemq-test-hivemq-platform-operator-6966f96d65]
2025-01-29 22:12:31,030 INFO c.h.h.t.HelmChartContainer - [K3S] [replica_set.go:679] "Finished syncing" kind="ReplicaSet" key="helmcustomconfigit-operator/hivemq-test-hivemq-platform-operator-6966f96d65" duration="20.094611ms"
2025-01-29 22:12:31,032 INFO c.h.h.t.HelmChartContainer - [K3S] [memory_manager.go:355] "RemoveStaleState removing state" podUID="0adf354e-6ab3-4f33-b48d-4f01eb375dad" containerName="hivemq-platform-operator"
2025-01-29 22:12:31,033 INFO c.h.h.t.HelmChartContainer - [POD] hivemq-test-hivemq-platform-operator-6966f96d65-c49ch [f20d46c8-100c-4abc-8031-ad4868841e51] in helmcustomconfigit-operator was MODIFIED
2025-01-29 22:12:31,037 INFO c.h.h.t.HelmChartContainer - [K3S] [memory_manager.go:355] "RemoveStaleState removing state" podUID="edf3d267-1a1b-41bc-b800-2e7059aae4bc" containerName="hivemq"
2025-01-29 22:12:31,044 INFO c.h.h.t.HelmChartContainer - [K3S] [replica_set.go:679] "Finished syncing" kind="ReplicaSet" key="helmcustomconfigit-operator/hivemq-test-hivemq-platform-operator-6966f96d65" duration="12.654078ms"
2025-01-29 22:12:31,044 INFO c.h.h.t.HelmChartContainer - [K3S] [replica_set.go:679] "Finished syncing" kind="ReplicaSet" key="helmcustomconfigit-operator/hivemq-test-hivemq-platform-operator-6966f96d65" duration="40.004µs"
2025-01-29 22:12:31,047 INFO c.h.h.t.HelmChartContainer - [EVENT] Normal [Scheduled] Successfully assigned helmcustomconfigit-operator/hivemq-test-hivemq-platform-operator-6966f96d65-c49ch to 6c7c6f7dc8ee [helmcustomconfigit-operator:hivemq-test-hivemq-platform-operator-6966f96d65-c49ch]
2025-01-29 22:12:31,049 INFO c.h.h.t.HelmChartContainer - [K3S] [replica_set.go:679] "Finished syncing" kind="ReplicaSet" key="helmcustomconfigit-operator/hivemq-test-hivemq-platform-operator-6966f96d65" duration="32.481µs"
2025-01-29 22:12:31,051 INFO c.h.h.t.HelmChartContainer - [POD] hivemq-test-hivemq-platform-operator-6966f96d65-c49ch [f20d46c8-100c-4abc-8031-ad4868841e51] in helmcustomconfigit-operator was MODIFIED
2025-01-29 22:12:31,071 INFO c.h.h.t.HelmChartContainer - [K3S] [reconciler_common.go:251] "operationExecutor.VerifyControllerAttachedVolume started for volume \"kube-api-access-vxffw\" (UniqueName: \"kubernetes.io/projected/f20d46c8-100c-4abc-8031-ad4868841e51-kube-api-access-vxffw\") pod \"hivemq-test-hivemq-platform-operator-6966f96d65-c49ch\" (UID: \"f20d46c8-100c-4abc-8031-ad4868841e51\") " pod="helmcustomconfigit-operator/hivemq-test-hivemq-platform-operator-6966f96d65-c49ch"
2025-01-29 22:12:31,434 INFO c.h.h.t.HelmChartContainer - [EVENT] Normal [Pulled] Container image "docker.io/hivemq/hivemq-platform-operator-test:snapshot" already present on machine [helmcustomconfigit-operator:hivemq-test-hivemq-platform-operator-6966f96d65-c49ch]
2025-01-29 22:12:31,434 INFO c.h.h.t.HelmChartContainer - Received Pulled event for container hivemq-platform-operator in pod hivemq-test-hivemq-platform-operator-6966f96d65-c49ch [f20d46c8-100c-4abc-8031-ad4868841e51]
2025-01-29 22:12:32,894 INFO c.h.h.t.HelmChartContainer - [EVENT] Normal [Created] Created container: hivemq-platform-operator [helmcustomconfigit-operator:hivemq-test-hivemq-platform-operator-6966f96d65-c49ch]
2025-01-29 22:12:32,894 INFO c.h.h.t.HelmChartContainer - Received Created event for container hivemq-platform-operator in pod hivemq-test-hivemq-platform-operator-6966f96d65-c49ch [f20d46c8-100c-4abc-8031-ad4868841e51]
2025-01-29 22:12:33,250 INFO c.h.h.t.HelmChartContainer - [POD] hivemq-test-hivemq-platform-operator-6966f96d65-c49ch [f20d46c8-100c-4abc-8031-ad4868841e51] in helmcustomconfigit-operator was MODIFIED
2025-01-29 22:12:33,251 INFO c.h.h.t.HelmChartContainer - [K3S] [replica_set.go:679] "Finished syncing" kind="ReplicaSet" key="helmcustomconfigit-operator/hivemq-test-hivemq-platform-operator-6966f96d65" duration="43.27µs"
2025-01-29 22:12:33,262 INFO c.h.h.t.HelmChartContainer - Started log watcher for hivemq-platform-operator in pod hivemq-test-hivemq-platform-operator-6966f96d65-c49ch [f20d46c8-100c-4abc-8031-ad4868841e51]
2025-01-29 22:12:33,262 INFO c.h.h.t.HelmChartContainer - [EVENT] Normal [Started] Started container hivemq-platform-operator [helmcustomconfigit-operator:hivemq-test-hivemq-platform-operator-6966f96d65-c49ch]
2025-01-29 22:12:33,262 INFO c.h.h.t.HelmChartContainer - Received Started event for container hivemq-platform-operator in pod hivemq-test-hivemq-platform-operator-6966f96d65-c49ch [f20d46c8-100c-4abc-8031-ad4868841e51]
2025-01-29 22:12:33,262 INFO c.h.h.t.HelmChartContainer - [hivemq-test-hivemq-platform] [hivemq-platform-operator] [f20d46c8] -------------------------------------------------------------------------
2025-01-29 22:12:33,262 INFO c.h.h.t.HelmChartContainer - [hivemq-test-hivemq-platform] [hivemq-platform-operator] [f20d46c8] 
2025-01-29 22:12:33,262 INFO c.h.h.t.HelmChartContainer - [hivemq-test-hivemq-platform] [hivemq-platform-operator] [f20d46c8]                   _    _  _              __  __   ____
2025-01-29 22:12:33,262 INFO c.h.h.t.HelmChartContainer - [hivemq-test-hivemq-platform] [hivemq-platform-operator] [f20d46c8]                  | |  | |(_)            |  \/  | / __ \
2025-01-29 22:12:33,262 INFO c.h.h.t.HelmChartContainer - [hivemq-test-hivemq-platform] [hivemq-platform-operator] [f20d46c8]                  | |__| | _ __   __ ___ | \  / || |  | |
2025-01-29 22:12:33,262 INFO c.h.h.t.HelmChartContainer - [hivemq-test-hivemq-platform] [hivemq-platform-operator] [f20d46c8]                  |  __  || |\ \ / // _ \| |\/| || |  | |
2025-01-29 22:12:33,262 INFO c.h.h.t.HelmChartContainer - [hivemq-test-hivemq-platform] [hivemq-platform-operator] [f20d46c8]                  | |  | || | \ V /|  __/| |  | || |__| |
2025-01-29 22:12:33,262 INFO c.h.h.t.HelmChartContainer - [hivemq-test-hivemq-platform] [hivemq-platform-operator] [f20d46c8]                  |_|  |_||_|  \_/  \___||_|  |_| \___\_\
2025-01-29 22:12:33,262 INFO c.h.h.t.HelmChartContainer - [hivemq-test-hivemq-platform] [hivemq-platform-operator] [f20d46c8] 
2025-01-29 22:12:33,262 INFO c.h.h.t.HelmChartContainer - [hivemq-test-hivemq-platform] [hivemq-platform-operator] [f20d46c8] -------------------------------------------------------------------------
2025-01-29 22:12:33,262 INFO c.h.h.t.HelmChartContainer - [hivemq-test-hivemq-platform] [hivemq-platform-operator] [f20d46c8] 
2025-01-29 22:12:33,262 INFO c.h.h.t.HelmChartContainer - [hivemq-test-hivemq-platform] [hivemq-platform-operator] [f20d46c8]   HiveMQ Platform Operator Start Script v1.0
2025-01-29 22:12:33,263 INFO c.h.h.t.HelmChartContainer - [hivemq-test-hivemq-platform] [hivemq-platform-operator] [f20d46c8] 
2025-01-29 22:12:33,263 INFO c.h.h.t.HelmChartContainer - [hivemq-test-hivemq-platform] [hivemq-platform-operator] [f20d46c8] -------------------------------------------------------------------------
2025-01-29 22:12:33,263 INFO c.h.h.t.HelmChartContainer - [hivemq-test-hivemq-platform] [hivemq-platform-operator] [f20d46c8] 
2025-01-29 22:12:33,263 INFO c.h.h.t.HelmChartContainer - [hivemq-test-hivemq-platform] [hivemq-platform-operator] [f20d46c8]   JAVA_OPTS: -XX:+UnlockExperimentalVMOptions -XX:InitialRAMPercentage=75 -XX:MaxRAMPercentage=75 -Duser.language=en -Duser.region=US
2025-01-29 22:12:33,263 INFO c.h.h.t.HelmChartContainer - [hivemq-test-hivemq-platform] [hivemq-platform-operator] [f20d46c8] 
2025-01-29 22:12:33,263 INFO c.h.h.t.HelmChartContainer - [hivemq-test-hivemq-platform] [hivemq-platform-operator] [f20d46c8]   JAVA_VERSION: 21
2025-01-29 22:12:33,263 INFO c.h.h.t.HelmChartContainer - [hivemq-test-hivemq-platform] [hivemq-platform-operator] [f20d46c8] 
2025-01-29 22:12:33,263 INFO c.h.h.t.HelmChartContainer - [hivemq-test-hivemq-platform] [hivemq-platform-operator] [f20d46c8] -------------------------------------------------------------------------
2025-01-29 22:12:33,263 INFO c.h.h.t.HelmChartContainer - [hivemq-test-hivemq-platform] [hivemq-platform-operator] [f20d46c8] 
2025-01-29 22:12:36,215 INFO c.h.h.t.HelmChartContainer - [hivemq-test-hivemq-platform] [hivemq-platform-operator] [f20d46c8] 22:12:36.213 [main] DEBUG org.jboss.logging - Logging Provider: org.jboss.logging.Slf4jLoggerProvider
2025-01-29 22:12:36,316 INFO c.h.h.t.HelmChartContainer - [hivemq-test-hivemq-platform] [hivemq-platform-operator] [f20d46c8] 22:12:36.314 [main] DEBUG io.smallrye.config - SRCFG01006: Loaded ConfigSource SysPropConfigSource with ordinal 400
2025-01-29 22:12:36,317 INFO c.h.h.t.HelmChartContainer - [hivemq-test-hivemq-platform] [hivemq-platform-operator] [f20d46c8] 22:12:36.315 [main] DEBUG io.smallrye.config - SRCFG01006: Loaded ConfigSource EnvConfigSource with ordinal 300
2025-01-29 22:12:36,317 INFO c.h.h.t.HelmChartContainer - [hivemq-test-hivemq-platform] [hivemq-platform-operator] [f20d46c8] 22:12:36.315 [main] DEBUG io.smallrye.config - SRCFG01006: Loaded ConfigSource PropertiesConfigSource[source=jar:file:///opt/hivemq-platform-operator/bin/hivemq-platform-operator.jar!/hivemq-platform-operator.properties] with ordinal 100
2025-01-29 22:12:36,317 INFO c.h.h.t.HelmChartContainer - [hivemq-test-hivemq-platform] [hivemq-platform-operator] [f20d46c8] 22:12:36.315 [main] DEBUG io.smallrye.config - SRCFG01006: Loaded ConfigSource DefaultValuesConfigSource with ordinal -2147483648
2025-01-29 22:12:36,425 INFO c.h.h.t.HelmChartContainer - [hivemq-test-hivemq-platform] [hivemq-platform-operator] [f20d46c8] 22:12:36.424 [main] DEBUG i.m.c.u.i.l.InternalLoggerFactory - Using SLF4J as the default logging framework
2025-01-29 22:12:36,613 INFO c.h.h.t.HelmChartContainer - [hivemq-test-hivemq-platform] [hivemq-platform-operator] [f20d46c8] 22:12:36.528 [main] INFO  c.h.p.o.HiveMQPlatformOperatorApplication - HiveMQ Platform Operator 1.7.0-SNAPSHOT (commit: 3bc9484 on branch: HEAD) built on Wed Jan 29 22:06:36 UTC 2025
2025-01-29 22:12:36,614 INFO c.h.h.t.HelmChartContainer - [hivemq-test-hivemq-platform] [hivemq-platform-operator] [f20d46c8] 22:12:36.612 [main] INFO  c.h.p.o.HiveMQPlatformOperatorApplication - HiveMQ Platform Operator is running in namespace: helmcustomconfigit-operator
2025-01-29 22:12:36,614 INFO c.h.h.t.HelmChartContainer - [hivemq-test-hivemq-platform] [hivemq-platform-operator] [f20d46c8] 22:12:36.612 [main] INFO  c.h.p.o.HiveMQPlatformOperatorApplication - Watching all namespaces
2025-01-29 22:12:36,614 INFO c.h.h.t.HelmChartContainer - [hivemq-test-hivemq-platform] [hivemq-platform-operator] [f20d46c8] 22:12:36.612 [main] INFO  c.h.p.o.HiveMQPlatformOperatorApplication - Log level: DEBUG
2025-01-29 22:12:36,615 INFO c.h.h.t.HelmChartContainer - [hivemq-test-hivemq-platform] [hivemq-platform-operator] [f20d46c8] 22:12:36.612 [main] INFO  c.h.p.o.HiveMQPlatformOperatorApplication - Release name: test-hivemq-platform-operator
2025-01-29 22:12:36,615 INFO c.h.h.t.HelmChartContainer - [hivemq-test-hivemq-platform] [hivemq-platform-operator] [f20d46c8] 22:12:36.612 [main] INFO  c.h.p.o.HiveMQPlatformOperatorApplication - HiveMQ Platform Operator Init image: docker.io/hivemq/hivemq-platform-operator-init-test:snapshot
2025-01-29 22:12:36,615 INFO c.h.h.t.HelmChartContainer - [hivemq-test-hivemq-platform] [hivemq-platform-operator] [f20d46c8] 22:12:36.613 [main] INFO  c.h.p.o.HiveMQPlatformOperatorApplication - HiveMQ Platform Operator Init App update URL: http://hivemq-platform-operator-test-hivemq-platform-operator.helmcustomconfigit-operator.svc:8080/initAppUpdate/hivemq-platform-operator-init-app-1.7.0-SNAPSHOT.jar
2025-01-29 22:12:36,615 INFO c.h.h.t.HelmChartContainer - [hivemq-test-hivemq-platform] [hivemq-platform-operator] [f20d46c8] 22:12:36.613 [main] INFO  c.h.p.o.HiveMQPlatformOperatorApplication - Additional imagePullSecret for all Platform deployments: none
2025-01-29 22:12:36,615 INFO c.h.h.t.HelmChartContainer - [hivemq-test-hivemq-platform] [hivemq-platform-operator] [f20d46c8] 22:12:36.613 [main] INFO  c.h.p.o.HiveMQPlatformOperatorApplication - Apply HiveMQ Platform CRD: true
2025-01-29 22:12:36,615 INFO c.h.h.t.HelmChartContainer - [hivemq-test-hivemq-platform] [hivemq-platform-operator] [f20d46c8] 22:12:36.613 [main] INFO  c.h.p.o.HiveMQPlatformOperatorApplication - Create Platform ServiceAccount: true
2025-01-29 22:12:36,615 INFO c.h.h.t.HelmChartContainer - [hivemq-test-hivemq-platform] [hivemq-platform-operator] [f20d46c8] 22:12:36.613 [main] INFO  c.h.p.o.HiveMQPlatformOperatorApplication - Create Platform ServiceAccount permissions: true
2025-01-29 22:12:36,615 INFO c.h.h.t.HelmChartContainer - [hivemq-test-hivemq-platform] [hivemq-platform-operator] [f20d46c8] 22:12:36.613 [main] INFO  c.h.p.o.HiveMQPlatformOperatorApplication - Validate Platform ServiceAccount: true
2025-01-29 22:12:36,616 INFO c.h.h.t.HelmChartContainer - [hivemq-test-hivemq-platform] [hivemq-platform-operator] [f20d46c8] 22:12:36.613 [main] INFO  c.h.p.o.HiveMQPlatformOperatorApplication - Validate Platform ServiceAccount permissions: true
2025-01-29 22:12:36,734 INFO c.h.h.t.HelmChartContainer - [hivemq-test-hivemq-platform] [hivemq-platform-operator] [f20d46c8] 22:12:36.733 [main] INFO  c.h.platform.operator.util.CRDUtil - Verifying deployed HiveMQ Platform CRD...
2025-01-29 22:12:39,325 INFO c.h.h.t.HelmChartContainer - [hivemq-test-hivemq-platform] [hivemq-platform-operator] [f20d46c8] 22:12:39.324 [main] DEBUG c.h.platform.operator.util.CRDUtil - HiveMQ Platform CRD version v1 is up to date
2025-01-29 22:12:39,325 INFO c.h.h.t.HelmChartContainer - [hivemq-test-hivemq-platform] [hivemq-platform-operator] [f20d46c8] 22:12:39.324 [main] INFO  c.h.platform.operator.util.CRDUtil - HiveMQ Platform CRD is up to date (version: V1_6_0)
2025-01-29 22:12:39,325 INFO c.h.h.t.HelmChartContainer - [hivemq-test-hivemq-platform] [hivemq-platform-operator] [f20d46c8] 22:12:39.324 [main] INFO  c.h.platform.operator.util.CRDUtil - Waiting 10000 ms for HiveMQ Platform CRD 'hivemq-platforms.hivemq.com' to become ready...
2025-01-29 22:12:39,628 INFO c.h.h.t.HelmChartContainer - [hivemq-test-hivemq-platform] [hivemq-platform-operator] [f20d46c8] 22:12:39.626 [vert.x-eventloop-thread-1] DEBUG c.h.platform.operator.util.CRDUtil - Checking CRD condition 'NamesAccepted' (status: 'True')
2025-01-29 22:12:39,628 INFO c.h.h.t.HelmChartContainer - [hivemq-test-hivemq-platform] [hivemq-platform-operator] [f20d46c8] 22:12:39.627 [vert.x-eventloop-thread-1] DEBUG c.h.platform.operator.util.CRDUtil - Checking CRD condition 'Established' (status: 'True')
2025-01-29 22:12:39,629 INFO c.h.h.t.HelmChartContainer - [hivemq-test-hivemq-platform] [hivemq-platform-operator] [f20d46c8] 22:12:39.628 [main] INFO  c.h.platform.operator.util.CRDUtil - HiveMQ Platform CRD 'hivemq-platforms.hivemq.com' is ready
2025-01-29 22:12:39,826 INFO c.h.h.t.HelmChartContainer - [hivemq-test-hivemq-platform] [hivemq-platform-operator] [f20d46c8] 22:12:39.825 [main] INFO  c.h.p.o.HiveMQPlatformReconciler - HiveMQ Platform Operator is starting...
2025-01-29 22:12:39,929 INFO c.h.h.t.HelmChartContainer - [hivemq-test-hivemq-platform] [hivemq-platform-operator] [f20d46c8] 22:12:39.928 [main] WARN  Default ConfigurationService implementation - Configuration for reconciler 'hivemq-controller' was not found. Known reconcilers: None.
2025-01-29 22:12:40,011 INFO c.h.h.t.HelmChartContainer - [hivemq-test-hivemq-platform] [hivemq-platform-operator] [f20d46c8] 22:12:40.010 [main] INFO  Default ConfigurationService implementation - Created configuration for reconciler com.hivemq.platform.operator.HiveMQPlatformReconciler with name hivemq-controller
2025-01-29 22:12:40,112 INFO c.h.h.t.HelmChartContainer - [hivemq-test-hivemq-platform] [hivemq-platform-operator] [f20d46c8] 22:12:40.111 [main] DEBUG c.h.p.o.HiveMQPlatformReconciler - HiveMQ Platform Operator is preparing EventSources
2025-01-29 22:12:40,126 INFO c.h.h.t.HelmChartContainer - [hivemq-test-hivemq-platform] [hivemq-platform-operator] [f20d46c8] 22:12:40.125 [main] INFO  i.javaoperatorsdk.operator.Operator - Registered reconciler: 'hivemq-controller' for resource: 'class com.hivemq.platform.operator.v1.HiveMQPlatform' for namespace(s): [all namespaces]
2025-01-29 22:12:40,825 INFO c.h.h.t.HelmChartContainer - [hivemq-test-hivemq-platform] [hivemq-platform-operator] [f20d46c8] 22:12:40.824 [main] INFO  c.h.p.operator.webserver.JettyServer - Starting Jetty server on port 8080
2025-01-29 22:12:40,924 INFO c.h.h.t.HelmChartContainer - [hivemq-test-hivemq-platform] [hivemq-platform-operator] [f20d46c8] 22:12:40.923 [main] INFO  i.javaoperatorsdk.operator.Operator - Operator SDK 4.9.7 (commit: 2133d28) built on Wed Nov 20 12:56:20 UTC 2024 starting...
2025-01-29 22:12:40,924 INFO c.h.h.t.HelmChartContainer - [hivemq-test-hivemq-platform] [hivemq-platform-operator] [f20d46c8] 22:12:40.923 [main] INFO  i.javaoperatorsdk.operator.Operator - Client version: 6.13.5
2025-01-29 22:12:40,925 INFO c.h.h.t.HelmChartContainer - [hivemq-test-hivemq-platform] [hivemq-platform-operator] [f20d46c8] 22:12:40.925 [Controller Starter for: hivemq-controller] INFO  i.j.operator.processing.Controller - Starting 'hivemq-controller' controller for reconciler: com.hivemq.platform.operator.HiveMQPlatformReconciler, resource: com.hivemq.platform.operator.v1.HiveMQPlatform
2025-01-29 22:12:43,318 INFO c.h.h.t.HelmChartContainer - [hivemq-test-hivemq-platform] [hivemq-platform-operator] [f20d46c8] 22:12:43.317 [Controller Starter for: hivemq-controller] INFO  i.j.operator.processing.Controller - 'hivemq-controller' controller started
2025-01-29 22:12:43,319 INFO c.h.h.t.HelmChartContainer - [hivemq-test-hivemq-platform] [hivemq-platform-operator] [f20d46c8] 22:12:43.318 [main] INFO  c.h.p.o.HiveMQPlatformOperatorApplication - HiveMQ Platform Operator 1.7.0-SNAPSHOT started in 6789 ms
2025-01-29 22:12:44,258 INFO c.h.h.t.HelmChartContainer - [POD] hivemq-test-hivemq-platform-operator-6966f96d65-c49ch [f20d46c8-100c-4abc-8031-ad4868841e51] in helmcustomconfigit-operator was MODIFIED
2025-01-29 22:12:44,269 INFO c.h.h.t.HelmChartContainer - [K3S] [replica_set.go:679] "Finished syncing" kind="ReplicaSet" key="helmcustomconfigit-operator/hivemq-test-hivemq-platform-operator-6966f96d65" duration="11.989011ms"
2025-01-29 22:12:44,269 INFO c.h.h.t.HelmChartContainer - [K3S] [replica_set.go:679] "Finished syncing" kind="ReplicaSet" key="helmcustomconfigit-operator/hivemq-test-hivemq-platform-operator-6966f96d65" duration="51.115µs"
2025-01-29 22:12:45,074 INFO com.hivemq.helmcharts.util.K8sUtil - Pod 'hivemq-test-hivemq-platform-operator-6966f96d65-c49ch' is ready
2025-01-29 22:12:45,165 DEBUG c.h.h.t.HelmChartContainer - Executing helm command: /bin/helm --kubeconfig /etc/rancher/k3s/k3s.yaml install test-hivemq-platform /charts/hivemq-platform --wait --timeout 5m0s --set image.repository=docker.io/hivemq --set image.tag=4.36.0 --set image.pullPolicy=Never --set nodes.resources.cpu=512m --set config.create=false --set config.name=hivemq-configuration --namespace helmcustomconfigit
2025-01-29 22:12:45,373 INFO c.h.h.t.HelmChartContainer - [hivemq-test-hivemq-platform] [hivemq-platform-operator] [f20d46c8] 22:12:45.371 [-2082509879-pool-1-thread-4] WARN  i.m.p.PrometheusMeterRegistry - The meter (MeterId{name='operator.sdk.events.received', tags=[tag(action=ADDED),tag(event=ResourceEvent),tag(group=hivemq.com),tag(kind=HiveMQPlatform),tag(name=test-hivemq-platform),tag(namespace=helmcustomconfigit),tag(scope=namespace),tag(version=v1)]}) registration has failed: Prometheus requires that all meters with the same name have the same set of tag keys. There is already an existing meter named 'operator.sdk.events.received' containing tag keys [event, group, kind, name, namespace, scope, version]. The meter you are attempting to register has keys [action, event, group, kind, name, namespace, scope, version]. Note that subsequent logs will be logged at debug level.
2025-01-29 22:12:45,816 INFO c.h.h.t.HelmChartContainer - [hivemq-test-hivemq-platform] [hivemq-platform-operator] [f20d46c8] 22:12:45.815 [pool-6-thread-3] DEBUG c.h.p.o.dependants.PodInfoConfigMap - [helmcust] Desired PodInfo ConfigMap (1 extensions) (1 enabled)
2025-01-29 22:12:45,817 INFO c.h.h.t.HelmChartContainer - [hivemq-test-hivemq-platform] [hivemq-platform-operator] [f20d46c8] 22:12:45.816 [pool-6-thread-3] DEBUG c.h.p.o.dependants.PodInfoConfigMap - [helmcust] Desired PodInfo ConfigMap (metrics port: 9399) (metrics path: /)
2025-01-29 22:12:45,817 INFO c.h.h.t.HelmChartContainer - [hivemq-test-hivemq-platform] [hivemq-platform-operator] [f20d46c8] 22:12:45.816 [pool-6-thread-3] DEBUG c.h.p.o.dependants.PodInfoConfigMap - [helmcust] Desired PodInfo ConfigMap (extension state hash: -1817474005)
2025-01-29 22:12:45,819 INFO c.h.h.t.HelmChartContainer - [hivemq-test-hivemq-platform] [hivemq-platform-operator] [f20d46c8] 22:12:45.818 [pool-6-thread-3] DEBUG c.h.p.o.dependants.PodInfoConfigMap - [helmcust] Create PodInfo ConfigMap
2025-01-29 22:12:45,917 INFO c.h.h.t.HelmChartContainer - [hivemq-test-hivemq-platform] [hivemq-platform-operator] [f20d46c8] 22:12:45.914 [pool-6-thread-5] DEBUG c.h.p.o.dependants.PodRoleResource - [helmcust] Create Role: Role(apiVersion=rbac.authorization.k8s.io/v1, kind=Role, metadata=ObjectMeta(annotations={meta.helm.sh/release-name=test-hivemq-platform, meta.helm.sh/release-namespace=helmcustomconfigit}, creationTimestamp=null, deletionGracePeriodSeconds=null, deletionTimestamp=null, finalizers=[], generateName=null, generation=null, labels={helm.sh/chart=hivemq-platform-0.2.32, app.kubernetes.io/managed-by=Helm, app.kubernetes.io/name=hivemq-platform, hivemq-platform=test-hivemq-platform, app.kubernetes.io/instance=test-hivemq-platform, app.kubernetes.io/version=4.36.0}, managedFields=[], name=hivemq-platform-role-test-hivemq-platform, namespace=helmcustomconfigit, ownerReferences=[OwnerReference(apiVersion=hivemq.com/v1, blockOwnerDeletion=null, controller=null, kind=HiveMQPlatform, name=test-hivemq-platform, uid=3d8ccd9f-4f84-4daa-8911-25b6730d5015, additionalProperties={})], resourceVersion=null, selfLink=null, uid=null, additionalProperties={}), rules=[PolicyRule(apiGroups=[], nonResourceURLs=[], resourceNames=[], resources=[pods], verbs=[get, patch, update], additionalProperties={})], additionalProperties={})
2025-01-29 22:12:46,028 INFO c.h.h.t.HelmChartContainer - [hivemq-test-hivemq-platform] [hivemq-platform-operator] [f20d46c8] 22:12:46.025 [pool-6-thread-7] DEBUG c.h.p.o.d.PodServiceAccountResource - [helmcust] Desired PodServiceAccountResource (serviceAccountName: hivemq-platform-pod-test-hivemq-platform)
2025-01-29 22:12:46,028 INFO c.h.h.t.HelmChartContainer - [hivemq-test-hivemq-platform] [hivemq-platform-operator] [f20d46c8] 22:12:46.026 [pool-6-thread-7] DEBUG c.h.p.o.d.PodServiceAccountResource - [helmcust] Create ServiceAccount 'hivemq-platform-pod-test-hivemq-platform'
2025-01-29 22:12:46,217 INFO c.h.h.t.HelmChartContainer - [hivemq-test-hivemq-platform] [hivemq-platform-operator] [f20d46c8] 22:12:46.215 [pool-6-thread-10] DEBUG c.h.p.o.d.PodRoleBindingResource - [helmcust] Create RoleBinding: RoleBinding(apiVersion=rbac.authorization.k8s.io/v1, kind=RoleBinding, metadata=ObjectMeta(annotations={meta.helm.sh/release-name=test-hivemq-platform, meta.helm.sh/release-namespace=helmcustomconfigit}, creationTimestamp=null, deletionGracePeriodSeconds=null, deletionTimestamp=null, finalizers=[], generateName=null, generation=null, labels={helm.sh/chart=hivemq-platform-0.2.32, app.kubernetes.io/managed-by=Helm, app.kubernetes.io/name=hivemq-platform, hivemq-platform=test-hivemq-platform, app.kubernetes.io/instance=test-hivemq-platform, app.kubernetes.io/version=4.36.0}, managedFields=[], name=hivemq-platform-role-binding-test-hivemq-platform, namespace=helmcustomconfigit, ownerReferences=[OwnerReference(apiVersion=hivemq.com/v1, blockOwnerDeletion=null, controller=null, kind=HiveMQPlatform, name=test-hivemq-platform, uid=3d8ccd9f-4f84-4daa-8911-25b6730d5015, additionalProperties={})], resourceVersion=null, selfLink=null, uid=null, additionalProperties={}), roleRef=RoleRef(apiGroup=rbac.authorization.k8s.io, kind=Role, name=hivemq-platform-role-test-hivemq-platform, additionalProperties={}), subjects=[Subject(apiGroup=null, kind=ServiceAccount, name=hivemq-platform-pod-test-hivemq-platform, namespace=helmcustomconfigit, additionalProperties={})], additionalProperties={})
2025-01-29 22:12:46,234 INFO c.h.h.t.HelmChartContainer - [hivemq-test-hivemq-platform] [hivemq-platform-operator] [f20d46c8] 22:12:46.233 [ReconcilerExecutor-hivemq-controller-55] INFO  c.h.p.o.HiveMQPlatformReconciler - [helmcust] Reconciling HiveMQ Platform 'test-hivemq-platform' in namespace 'helmcustomconfigit'
2025-01-29 22:12:46,234 INFO c.h.h.t.HelmChartContainer - [hivemq-test-hivemq-platform] [hivemq-platform-operator] [f20d46c8] 22:12:46.233 [ReconcilerExecutor-hivemq-controller-55] DEBUG c.h.p.o.HiveMQPlatformReconciler - [helmcust] Custom Resource Status CREATED - HiveMQ Platform was created (READY)
2025-01-29 22:12:46,234 INFO c.h.h.t.HelmChartContainer - [hivemq-test-hivemq-platform] [hivemq-platform-operator] [f20d46c8] 22:12:46.233 [ReconcilerExecutor-hivemq-controller-55] DEBUG c.h.p.o.HiveMQPlatformReconciler - [helmcust] Custom Resource Spec (replicas: 2) (extensions: 1)
2025-01-29 22:12:46,312 INFO c.h.h.t.HelmChartContainer - [hivemq-test-hivemq-platform] [hivemq-platform-operator] [f20d46c8] 22:12:46.311 [ReconcilerExecutor-hivemq-controller-55] INFO  c.h.p.o.h.HiveMQPlatformReconcilerBaseHandler - [helmcust] HiveMQ Platform is starting
2025-01-29 22:12:46,420 INFO c.h.h.t.HelmChartContainer - [hivemq-test-hivemq-platform] [hivemq-platform-operator] [f20d46c8] 22:12:46.419 [ReconcilerExecutor-hivemq-controller-55] DEBUG c.h.p.operator.event.EventSender - [helmcust] Creating K8s event hivemq-platform-starting: [Start] HiveMQ Platform is starting
2025-01-29 22:12:46,429 INFO c.h.h.t.HelmChartContainer - [EVENT] Normal [Start] HiveMQ Platform is starting [helmcustomconfigit:test-hivemq-platform]
2025-01-29 22:12:46,433 INFO c.h.h.t.HelmChartContainer - [hivemq-test-hivemq-platform] [hivemq-platform-operator] [f20d46c8] 22:12:46.432 [ReconcilerExecutor-hivemq-controller-55] INFO  c.h.p.o.h.AbstractHiveMQReconcilerStateHandler - [helmcust] Update HiveMQ Platform Status (CREATED [READY] -> STARTING [READY]): HiveMQ Platform is starting
2025-01-29 22:12:46,529 DEBUG com.hivemq.helmcharts.util.K8sUtil - Comparing actual state 'STARTING' and waiting for 'RUNNING'
2025-01-29 22:12:56,622 INFO c.h.h.t.HelmChartContainer - [hivemq-test-hivemq-platform] [hivemq-platform-operator] [f20d46c8] 22:12:56.619 [pool-6-thread-12] DEBUG c.h.p.o.d.PlatformServiceResource - [helmcust] Desired Platform services (3 services)
2025-01-29 22:12:56,622 INFO c.h.h.t.HelmChartContainer - [hivemq-test-hivemq-platform] [hivemq-platform-operator] [f20d46c8] 22:12:56.620 [pool-6-thread-13] DEBUG c.h.p.o.dependants.PodInfoConfigMap - [helmcust] Desired PodInfo ConfigMap (1 extensions) (1 enabled)
2025-01-29 22:12:56,622 INFO c.h.h.t.HelmChartContainer - [hivemq-test-hivemq-platform] [hivemq-platform-operator] [f20d46c8] 22:12:56.621 [pool-6-thread-13] DEBUG c.h.p.o.dependants.PodInfoConfigMap - [helmcust] Desired PodInfo ConfigMap (metrics port: 9399) (metrics path: /)
2025-01-29 22:12:56,622 INFO c.h.h.t.HelmChartContainer - [hivemq-test-hivemq-platform] [hivemq-platform-operator] [f20d46c8] 22:12:56.621 [pool-6-thread-13] DEBUG c.h.p.o.dependants.PodInfoConfigMap - [helmcust] Desired PodInfo ConfigMap (extension state hash: -1817474005)
2025-01-29 22:12:56,630 INFO c.h.h.t.HelmChartContainer - [hivemq-test-hivemq-platform] [hivemq-platform-operator] [f20d46c8] 22:12:56.629 [pool-6-thread-13] DEBUG c.h.p.o.dependants.PodInfoConfigMap - [helmcust] Update PodInfo ConfigMap
2025-01-29 22:12:56,631 INFO c.h.h.t.HelmChartContainer - [hivemq-test-hivemq-platform] [hivemq-platform-operator] [f20d46c8] 22:12:56.628 [pool-6-thread-17] DEBUG c.h.p.o.d.PodServiceAccountResource - [helmcust] Desired PodServiceAccountResource (serviceAccountName: hivemq-platform-pod-test-hivemq-platform)
2025-01-29 22:12:56,635 INFO c.h.h.t.HelmChartContainer - [K3S] [alloc.go:330] "allocated clusterIPs" service="helmcustomconfigit/hivemq-test-hivemq-platform-cc-8080" clusterIPs={"IPv4":"10.43.157.144"}
2025-01-29 22:12:56,728 INFO c.h.h.t.HelmChartContainer - [K3S] [alloc.go:330] "allocated clusterIPs" service="helmcustomconfigit/hivemq-test-hivemq-platform-metrics-9399" clusterIPs={"IPv4":"10.43.23.18"}
2025-01-29 22:12:56,819 INFO c.h.h.t.HelmChartContainer - [K3S] [alloc.go:330] "allocated clusterIPs" service="helmcustomconfigit/hivemq-test-hivemq-platform-mqtt-1883" clusterIPs={"IPv4":"10.43.243.152"}
2025-01-29 22:12:56,830 INFO c.h.h.t.HelmChartContainer - [hivemq-test-hivemq-platform] [hivemq-platform-operator] [f20d46c8] 22:12:56.827 [pool-6-thread-20] DEBUG c.h.p.o.d.StatefulSetResource - [helmcust] Desired StatefulSet (2 replicas) for status STARTING (READY)
2025-01-29 22:12:56,919 INFO c.h.h.t.HelmChartContainer - [hivemq-test-hivemq-platform] [hivemq-platform-operator] [f20d46c8] 22:12:56.917 [pool-6-thread-20] DEBUG c.h.p.o.d.StatefulSetResource - [helmcust] Create StatefulSet
2025-01-29 22:12:56,946 INFO c.h.h.t.HelmChartContainer - [POD] test-hivemq-platform-0 [31cc00f6-2303-46be-96c2-7b9dd93662ab] in helmcustomconfigit was ADDED
2025-01-29 22:12:56,948 INFO c.h.h.t.HelmChartContainer - [EVENT] Normal [SuccessfulCreate] create Pod test-hivemq-platform-0 in StatefulSet test-hivemq-platform successful [helmcustomconfigit:test-hivemq-platform]
2025-01-29 22:12:56,954 INFO c.h.h.t.HelmChartContainer - [POD] test-hivemq-platform-0 [31cc00f6-2303-46be-96c2-7b9dd93662ab] in helmcustomconfigit was MODIFIED
2025-01-29 22:12:56,955 INFO c.h.h.t.HelmChartContainer - [EVENT] Normal [Scheduled] Successfully assigned helmcustomconfigit/test-hivemq-platform-0 to 6c7c6f7dc8ee [helmcustomconfigit:test-hivemq-platform-0]
2025-01-29 22:12:56,961 INFO c.h.h.t.HelmChartContainer - [POD] test-hivemq-platform-0 [31cc00f6-2303-46be-96c2-7b9dd93662ab] in helmcustomconfigit was MODIFIED
2025-01-29 22:12:57,113 INFO c.h.h.t.HelmChartContainer - [hivemq-test-hivemq-platform] [hivemq-platform-operator] [f20d46c8] 22:12:57.110 [ReconcilerExecutor-hivemq-controller-66] INFO  c.h.p.o.HiveMQPlatformReconciler - [helmcust] Reconciling HiveMQ Platform 'test-hivemq-platform' in namespace 'helmcustomconfigit'
2025-01-29 22:12:57,113 INFO c.h.h.t.HelmChartContainer - [hivemq-test-hivemq-platform] [hivemq-platform-operator] [f20d46c8] 22:12:57.110 [ReconcilerExecutor-hivemq-controller-66] DEBUG c.h.p.o.HiveMQPlatformReconciler - [helmcust] Custom Resource Status STARTING - HiveMQ Platform is starting (READY)
2025-01-29 22:12:57,113 INFO c.h.h.t.HelmChartContainer - [hivemq-test-hivemq-platform] [hivemq-platform-operator] [f20d46c8] 22:12:57.110 [ReconcilerExecutor-hivemq-controller-66] DEBUG c.h.p.o.HiveMQPlatformReconciler - [helmcust] Custom Resource Spec (replicas: 2) (extensions: 1)
2025-01-29 22:12:57,115 INFO c.h.h.t.HelmChartContainer - [hivemq-test-hivemq-platform] [hivemq-platform-operator] [f20d46c8] 22:12:57.114 [ReconcilerExecutor-hivemq-controller-66] DEBUG c.h.p.o.HiveMQPlatformReconciler - [helmcust] StatefulSet Status (revision: test-hivemq-platform-86bfbd5557, replicas: 1, available: 0, ready: 0, current: 1, updated: 1)
2025-01-29 22:12:57,116 INFO c.h.h.t.HelmChartContainer - [hivemq-test-hivemq-platform] [hivemq-platform-operator] [f20d46c8] 22:12:57.114 [ReconcilerExecutor-hivemq-controller-66] DEBUG c.h.p.o.HiveMQPlatformReconciler - [helmcust] StatefulSet Spec (replicas: 2, init containers: 1, containers: 1, volumes: 3)
2025-01-29 22:12:57,129 INFO c.h.h.t.HelmChartContainer - [hivemq-test-hivemq-platform] [hivemq-platform-operator] [f20d46c8] 22:12:57.128 [ReconcilerExecutor-hivemq-controller-66] DEBUG c.h.p.o.h.HiveMQPlatformReconcilerErrorHandler - [helmcust] Pod 'test-hivemq-platform-0' phase Pending
2025-01-29 22:12:57,129 INFO c.h.h.t.HelmChartContainer - [hivemq-test-hivemq-platform] [hivemq-platform-operator] [f20d46c8] 22:12:57.128 [ReconcilerExecutor-hivemq-controller-66] DEBUG c.h.p.o.h.HiveMQPlatformReconcilerErrorHandler - [helmcust] Pod 'test-hivemq-platform-0' condition 'PodReadyToStartContainers': False
2025-01-29 22:12:57,130 INFO c.h.h.t.HelmChartContainer - [hivemq-test-hivemq-platform] [hivemq-platform-operator] [f20d46c8] 22:12:57.129 [ReconcilerExecutor-hivemq-controller-66] DEBUG c.h.p.o.h.HiveMQPlatformReconcilerErrorHandler - [helmcust] Pod 'test-hivemq-platform-0' condition 'Initialized': False
2025-01-29 22:12:57,130 INFO c.h.h.t.HelmChartContainer - [hivemq-test-hivemq-platform] [hivemq-platform-operator] [f20d46c8] 22:12:57.129 [ReconcilerExecutor-hivemq-controller-66] DEBUG c.h.p.o.h.HiveMQPlatformReconcilerErrorHandler - [helmcust] Pod 'test-hivemq-platform-0' condition 'Ready': False
2025-01-29 22:12:57,130 INFO c.h.h.t.HelmChartContainer - [hivemq-test-hivemq-platform] [hivemq-platform-operator] [f20d46c8] 22:12:57.129 [ReconcilerExecutor-hivemq-controller-66] DEBUG c.h.p.o.h.HiveMQPlatformReconcilerErrorHandler - [helmcust] Pod 'test-hivemq-platform-0' condition 'ContainersReady': False
2025-01-29 22:12:57,130 INFO c.h.h.t.HelmChartContainer - [hivemq-test-hivemq-platform] [hivemq-platform-operator] [f20d46c8] 22:12:57.129 [ReconcilerExecutor-hivemq-controller-66] DEBUG c.h.p.o.h.HiveMQPlatformReconcilerErrorHandler - [helmcust] Pod 'test-hivemq-platform-0' condition 'PodScheduled': True
2025-01-29 22:12:57,131 INFO c.h.h.t.HelmChartContainer - [hivemq-test-hivemq-platform] [hivemq-platform-operator] [f20d46c8] 22:12:57.129 [ReconcilerExecutor-hivemq-controller-66] DEBUG c.h.p.o.h.HiveMQPlatformReconcilerErrorHandler - [helmcust] Pod 'test-hivemq-platform-0' containerStatus 'hivemq' (started: false) (ready: false) (waiting: [PodInitializing] null)
2025-01-29 22:12:57,136 INFO c.h.h.t.HelmChartContainer - [K3S] [reconciler_common.go:251] "operationExecutor.VerifyControllerAttachedVolume started for volume \"pod-info\" (UniqueName: \"kubernetes.io/configmap/31cc00f6-2303-46be-96c2-7b9dd93662ab-pod-info\") pod \"test-hivemq-platform-0\" (UID: \"31cc00f6-2303-46be-96c2-7b9dd93662ab\") " pod="helmcustomconfigit/test-hivemq-platform-0"
2025-01-29 22:12:57,136 INFO c.h.h.t.HelmChartContainer - [K3S] [reconciler_common.go:251] "operationExecutor.VerifyControllerAttachedVolume started for volume \"operator-init\" (UniqueName: \"kubernetes.io/empty-dir/31cc00f6-2303-46be-96c2-7b9dd93662ab-operator-init\") pod \"test-hivemq-platform-0\" (UID: \"31cc00f6-2303-46be-96c2-7b9dd93662ab\") " pod="helmcustomconfigit/test-hivemq-platform-0"
2025-01-29 22:12:57,136 INFO c.h.h.t.HelmChartContainer - [K3S] [reconciler_common.go:251] "operationExecutor.VerifyControllerAttachedVolume started for volume \"kube-api-access-kf4n6\" (UniqueName: \"kubernetes.io/projected/31cc00f6-2303-46be-96c2-7b9dd93662ab-kube-api-access-kf4n6\") pod \"test-hivemq-platform-0\" (UID: \"31cc00f6-2303-46be-96c2-7b9dd93662ab\") " pod="helmcustomconfigit/test-hivemq-platform-0"
2025-01-29 22:12:57,136 INFO c.h.h.t.HelmChartContainer - [K3S] [reconciler_common.go:251] "operationExecutor.VerifyControllerAttachedVolume started for volume \"broker-configuration\" (UniqueName: \"kubernetes.io/configmap/31cc00f6-2303-46be-96c2-7b9dd93662ab-broker-configuration\") pod \"test-hivemq-platform-0\" (UID: \"31cc00f6-2303-46be-96c2-7b9dd93662ab\") " pod="helmcustomconfigit/test-hivemq-platform-0"
2025-01-29 22:12:57,213 INFO c.h.h.t.HelmChartContainer - [hivemq-test-hivemq-platform] [hivemq-platform-operator] [f20d46c8] 22:12:57.212 [ReconcilerExecutor-hivemq-controller-66] INFO  c.h.p.o.h.HiveMQPlatformReconcilerBaseHandler - [helmcust] HiveMQ Platform is starting, 0 of 2 replicas are ready
2025-01-29 22:12:57,219 INFO c.h.h.t.HelmChartContainer - [hivemq-test-hivemq-platform] [hivemq-platform-operator] [f20d46c8] 22:12:57.217 [pool-6-thread-22] DEBUG c.h.p.o.d.PlatformServiceResource - [helmcust] Desired Platform services (3 services)
2025-01-29 22:12:57,224 INFO c.h.h.t.HelmChartContainer - [hivemq-test-hivemq-platform] [hivemq-platform-operator] [f20d46c8] 22:12:57.220 [pool-6-thread-23] DEBUG c.h.p.o.dependants.PodInfoConfigMap - [helmcust] Desired PodInfo ConfigMap (1 extensions) (1 enabled)
2025-01-29 22:12:57,225 INFO c.h.h.t.HelmChartContainer - [hivemq-test-hivemq-platform] [hivemq-platform-operator] [f20d46c8] 22:12:57.223 [pool-6-thread-23] DEBUG c.h.p.o.dependants.PodInfoConfigMap - [helmcust] Desired PodInfo ConfigMap (metrics port: 9399) (metrics path: /)
2025-01-29 22:12:57,226 INFO c.h.h.t.HelmChartContainer - [hivemq-test-hivemq-platform] [hivemq-platform-operator] [f20d46c8] 22:12:57.224 [pool-6-thread-23] DEBUG c.h.p.o.dependants.PodInfoConfigMap - [helmcust] Desired PodInfo ConfigMap (extension state hash: -1817474005)
2025-01-29 22:12:57,313 INFO c.h.h.t.HelmChartContainer - [hivemq-test-hivemq-platform] [hivemq-platform-operator] [f20d46c8] 22:12:57.311 [pool-6-thread-27] DEBUG c.h.p.o.d.PodServiceAccountResource - [helmcust] Desired PodServiceAccountResource (serviceAccountName: hivemq-platform-pod-test-hivemq-platform)
2025-01-29 22:12:57,320 INFO c.h.h.t.HelmChartContainer - [hivemq-test-hivemq-platform] [hivemq-platform-operator] [f20d46c8] 22:12:57.318 [pool-6-thread-30] DEBUG c.h.p.o.d.StatefulSetResource - [helmcust] Desired StatefulSet (2 replicas) for status STARTING (READY)
2025-01-29 22:12:57,330 INFO c.h.h.t.HelmChartContainer - [hivemq-test-hivemq-platform] [hivemq-platform-operator] [f20d46c8] 22:12:57.329 [ReconcilerExecutor-hivemq-controller-77] INFO  c.h.p.o.HiveMQPlatformReconciler - [helmcust] Reconciling HiveMQ Platform 'test-hivemq-platform' in namespace 'helmcustomconfigit'
2025-01-29 22:12:57,363 INFO c.h.h.t.HelmChartContainer - [EVENT] Normal [Pulled] Container image "docker.io/hivemq/hivemq-platform-operator-init-test:snapshot" already present on machine [helmcustomconfigit:test-hivemq-platform-0]
2025-01-29 22:12:57,411 INFO c.h.h.t.HelmChartContainer - [hivemq-test-hivemq-platform] [hivemq-platform-operator] [f20d46c8] 22:12:57.410 [ReconcilerExecutor-hivemq-controller-77] DEBUG c.h.p.o.HiveMQPlatformReconciler - [helmcust] Custom Resource Status STARTING - HiveMQ Platform is starting (READY)
2025-01-29 22:12:57,411 INFO c.h.h.t.HelmChartContainer - [hivemq-test-hivemq-platform] [hivemq-platform-operator] [f20d46c8] 22:12:57.410 [ReconcilerExecutor-hivemq-controller-77] DEBUG c.h.p.o.HiveMQPlatformReconciler - [helmcust] Custom Resource Spec (replicas: 2) (extensions: 1)
2025-01-29 22:12:57,415 INFO c.h.h.t.HelmChartContainer - [hivemq-test-hivemq-platform] [hivemq-platform-operator] [f20d46c8] 22:12:57.414 [ReconcilerExecutor-hivemq-controller-77] DEBUG c.h.p.o.HiveMQPlatformReconciler - [helmcust] StatefulSet Status (revision: test-hivemq-platform-86bfbd5557, replicas: 1, available: 0, ready: 0, current: 1, updated: 1)
2025-01-29 22:12:57,418 INFO c.h.h.t.HelmChartContainer - [hivemq-test-hivemq-platform] [hivemq-platform-operator] [f20d46c8] 22:12:57.414 [ReconcilerExecutor-hivemq-controller-77] DEBUG c.h.p.o.HiveMQPlatformReconciler - [helmcust] StatefulSet Spec (replicas: 2, init containers: 1, containers: 1, volumes: 3)
2025-01-29 22:12:57,418 INFO c.h.h.t.HelmChartContainer - [hivemq-test-hivemq-platform] [hivemq-platform-operator] [f20d46c8] 22:12:57.416 [ReconcilerExecutor-hivemq-controller-77] DEBUG c.h.p.o.h.HiveMQPlatformReconcilerErrorHandler - [helmcust] Pod 'test-hivemq-platform-0' phase Pending
2025-01-29 22:12:57,419 INFO c.h.h.t.HelmChartContainer - [hivemq-test-hivemq-platform] [hivemq-platform-operator] [f20d46c8] 22:12:57.416 [ReconcilerExecutor-hivemq-controller-77] DEBUG c.h.p.o.h.HiveMQPlatformReconcilerErrorHandler - [helmcust] Pod 'test-hivemq-platform-0' condition 'PodReadyToStartContainers': False
2025-01-29 22:12:57,420 INFO c.h.h.t.HelmChartContainer - [hivemq-test-hivemq-platform] [hivemq-platform-operator] [f20d46c8] 22:12:57.416 [ReconcilerExecutor-hivemq-controller-77] DEBUG c.h.p.o.h.HiveMQPlatformReconcilerErrorHandler - [helmcust] Pod 'test-hivemq-platform-0' condition 'Initialized': False
2025-01-29 22:12:57,420 INFO c.h.h.t.HelmChartContainer - [hivemq-test-hivemq-platform] [hivemq-platform-operator] [f20d46c8] 22:12:57.416 [ReconcilerExecutor-hivemq-controller-77] DEBUG c.h.p.o.h.HiveMQPlatformReconcilerErrorHandler - [helmcust] Pod 'test-hivemq-platform-0' condition 'Ready': False
2025-01-29 22:12:57,420 INFO c.h.h.t.HelmChartContainer - [hivemq-test-hivemq-platform] [hivemq-platform-operator] [f20d46c8] 22:12:57.416 [ReconcilerExecutor-hivemq-controller-77] DEBUG c.h.p.o.h.HiveMQPlatformReconcilerErrorHandler - [helmcust] Pod 'test-hivemq-platform-0' condition 'ContainersReady': False
2025-01-29 22:12:57,421 INFO c.h.h.t.HelmChartContainer - [hivemq-test-hivemq-platform] [hivemq-platform-operator] [f20d46c8] 22:12:57.416 [ReconcilerExecutor-hivemq-controller-77] DEBUG c.h.p.o.h.HiveMQPlatformReconcilerErrorHandler - [helmcust] Pod 'test-hivemq-platform-0' condition 'PodScheduled': True
2025-01-29 22:12:57,421 INFO c.h.h.t.HelmChartContainer - [hivemq-test-hivemq-platform] [hivemq-platform-operator] [f20d46c8] 22:12:57.416 [ReconcilerExecutor-hivemq-controller-77] DEBUG c.h.p.o.h.HiveMQPlatformReconcilerErrorHandler - [helmcust] Pod 'test-hivemq-platform-0' containerStatus 'hivemq' (started: false) (ready: false) (waiting: [PodInitializing] null)
2025-01-29 22:12:57,421 INFO c.h.h.t.HelmChartContainer - [hivemq-test-hivemq-platform] [hivemq-platform-operator] [f20d46c8] 22:12:57.417 [ReconcilerExecutor-hivemq-controller-77] INFO  c.h.p.o.h.HiveMQPlatformReconcilerBaseHandler - [helmcust] HiveMQ Platform is starting, 0 of 2 replicas are ready
2025-01-29 22:12:57,492 INFO c.h.h.t.HelmChartContainer - [EVENT] Normal [Created] Created container: hivemq-platform-operator-init [helmcustomconfigit:test-hivemq-platform-0]
2025-01-29 22:12:57,531 INFO c.h.h.t.HelmChartContainer - [EVENT] Normal [Started] Started container hivemq-platform-operator-init [helmcustomconfigit:test-hivemq-platform-0]
2025-01-29 22:12:58,278 INFO c.h.h.t.HelmChartContainer - [EVENT] Normal [Pulled] Container image "docker.io/hivemq/hivemq4:4.36.0" already present on machine [helmcustomconfigit:test-hivemq-platform-0]
2025-01-29 22:12:58,278 INFO c.h.h.t.HelmChartContainer - Received Pulled event for container hivemq in pod test-hivemq-platform-0 [31cc00f6-2303-46be-96c2-7b9dd93662ab]
2025-01-29 22:12:58,285 INFO c.h.h.t.HelmChartContainer - [POD] test-hivemq-platform-0 [31cc00f6-2303-46be-96c2-7b9dd93662ab] in helmcustomconfigit was MODIFIED
2025-01-29 22:12:58,307 INFO c.h.h.t.HelmChartContainer - [hivemq-test-hivemq-platform] [hivemq-platform-operator] [f20d46c8] 22:12:58.303 [pool-6-thread-32] DEBUG c.h.p.o.d.PlatformServiceResource - [helmcust] Desired Platform services (3 services)
2025-01-29 22:12:58,311 INFO c.h.h.t.HelmChartContainer - [hivemq-test-hivemq-platform] [hivemq-platform-operator] [f20d46c8] 22:12:58.309 [pool-6-thread-33] DEBUG c.h.p.o.dependants.PodInfoConfigMap - [helmcust] Desired PodInfo ConfigMap (1 extensions) (1 enabled)
2025-01-29 22:12:58,311 INFO c.h.h.t.HelmChartContainer - [hivemq-test-hivemq-platform] [hivemq-platform-operator] [f20d46c8] 22:12:58.310 [pool-6-thread-33] DEBUG c.h.p.o.dependants.PodInfoConfigMap - [helmcust] Desired PodInfo ConfigMap (metrics port: 9399) (metrics path: /)
2025-01-29 22:12:58,312 INFO c.h.h.t.HelmChartContainer - [hivemq-test-hivemq-platform] [hivemq-platform-operator] [f20d46c8] 22:12:58.310 [pool-6-thread-33] DEBUG c.h.p.o.dependants.PodInfoConfigMap - [helmcust] Desired PodInfo ConfigMap (extension state hash: -1817474005)
2025-01-29 22:12:58,317 INFO c.h.h.t.HelmChartContainer - [hivemq-test-hivemq-platform] [hivemq-platform-operator] [f20d46c8] 22:12:58.313 [pool-6-thread-37] DEBUG c.h.p.o.d.PodServiceAccountResource - [helmcust] Desired PodServiceAccountResource (serviceAccountName: hivemq-platform-pod-test-hivemq-platform)
2025-01-29 22:12:58,334 INFO c.h.h.t.HelmChartContainer - [hivemq-test-hivemq-platform] [hivemq-platform-operator] [f20d46c8] 22:12:58.329 [pool-6-thread-40] DEBUG c.h.p.o.d.StatefulSetResource - [helmcust] Desired StatefulSet (2 replicas) for status STARTING (READY)
2025-01-29 22:12:58,404 INFO c.h.h.t.HelmChartContainer - [hivemq-test-hivemq-platform] [hivemq-platform-operator] [f20d46c8] 22:12:58.402 [ReconcilerExecutor-hivemq-controller-88] INFO  c.h.p.o.HiveMQPlatformReconciler - [helmcust] Reconciling HiveMQ Platform 'test-hivemq-platform' in namespace 'helmcustomconfigit'
2025-01-29 22:12:58,404 INFO c.h.h.t.HelmChartContainer - [hivemq-test-hivemq-platform] [hivemq-platform-operator] [f20d46c8] 22:12:58.403 [ReconcilerExecutor-hivemq-controller-88] DEBUG c.h.p.o.HiveMQPlatformReconciler - [helmcust] Custom Resource Status STARTING - HiveMQ Platform is starting (READY)
2025-01-29 22:12:58,404 INFO c.h.h.t.HelmChartContainer - [hivemq-test-hivemq-platform] [hivemq-platform-operator] [f20d46c8] 22:12:58.403 [ReconcilerExecutor-hivemq-controller-88] DEBUG c.h.p.o.HiveMQPlatformReconciler - [helmcust] Custom Resource Spec (replicas: 2) (extensions: 1)
2025-01-29 22:12:58,409 INFO c.h.h.t.HelmChartContainer - [hivemq-test-hivemq-platform] [hivemq-platform-operator] [f20d46c8] 22:12:58.407 [ReconcilerExecutor-hivemq-controller-88] DEBUG c.h.p.o.HiveMQPlatformReconciler - [helmcust] StatefulSet Status (revision: test-hivemq-platform-86bfbd5557, replicas: 1, available: 0, ready: 0, current: 1, updated: 1)
2025-01-29 22:12:58,409 INFO c.h.h.t.HelmChartContainer - [hivemq-test-hivemq-platform] [hivemq-platform-operator] [f20d46c8] 22:12:58.407 [ReconcilerExecutor-hivemq-controller-88] DEBUG c.h.p.o.HiveMQPlatformReconciler - [helmcust] StatefulSet Spec (replicas: 2, init containers: 1, containers: 1, volumes: 3)
2025-01-29 22:12:58,414 INFO c.h.h.t.HelmChartContainer - [hivemq-test-hivemq-platform] [hivemq-platform-operator] [f20d46c8] 22:12:58.413 [ReconcilerExecutor-hivemq-controller-88] DEBUG c.h.p.o.h.HiveMQPlatformReconcilerErrorHandler - [helmcust] Pod 'test-hivemq-platform-0' phase Pending
2025-01-29 22:12:58,416 INFO c.h.h.t.HelmChartContainer - [hivemq-test-hivemq-platform] [hivemq-platform-operator] [f20d46c8] 22:12:58.414 [ReconcilerExecutor-hivemq-controller-88] DEBUG c.h.p.o.h.HiveMQPlatformReconcilerErrorHandler - [helmcust] Pod 'test-hivemq-platform-0' condition 'PodReadyToStartContainers': True
2025-01-29 22:12:58,417 INFO c.h.h.t.HelmChartContainer - [hivemq-test-hivemq-platform] [hivemq-platform-operator] [f20d46c8] 22:12:58.414 [ReconcilerExecutor-hivemq-controller-88] DEBUG c.h.p.o.h.HiveMQPlatformReconcilerErrorHandler - [helmcust] Pod 'test-hivemq-platform-0' condition 'Initialized': True
2025-01-29 22:12:58,417 INFO c.h.h.t.HelmChartContainer - [hivemq-test-hivemq-platform] [hivemq-platform-operator] [f20d46c8] 22:12:58.414 [ReconcilerExecutor-hivemq-controller-88] DEBUG c.h.p.o.h.HiveMQPlatformReconcilerErrorHandler - [helmcust] Pod 'test-hivemq-platform-0' condition 'Ready': False
2025-01-29 22:12:58,417 INFO c.h.h.t.HelmChartContainer - [hivemq-test-hivemq-platform] [hivemq-platform-operator] [f20d46c8] 22:12:58.414 [ReconcilerExecutor-hivemq-controller-88] DEBUG c.h.p.o.h.HiveMQPlatformReconcilerErrorHandler - [helmcust] Pod 'test-hivemq-platform-0' condition 'ContainersReady': False
2025-01-29 22:12:58,417 INFO c.h.h.t.HelmChartContainer - [hivemq-test-hivemq-platform] [hivemq-platform-operator] [f20d46c8] 22:12:58.414 [ReconcilerExecutor-hivemq-controller-88] DEBUG c.h.p.o.h.HiveMQPlatformReconcilerErrorHandler - [helmcust] Pod 'test-hivemq-platform-0' condition 'PodScheduled': True
2025-01-29 22:12:58,417 INFO c.h.h.t.HelmChartContainer - [hivemq-test-hivemq-platform] [hivemq-platform-operator] [f20d46c8] 22:12:58.414 [ReconcilerExecutor-hivemq-controller-88] DEBUG c.h.p.o.h.HiveMQPlatformReconcilerErrorHandler - [helmcust] Pod 'test-hivemq-platform-0' containerStatus 'hivemq' (started: false) (ready: false) (waiting: [PodInitializing] null)
2025-01-29 22:12:58,421 INFO c.h.h.t.HelmChartContainer - [hivemq-test-hivemq-platform] [hivemq-platform-operator] [f20d46c8] 22:12:58.417 [ReconcilerExecutor-hivemq-controller-88] INFO  c.h.p.o.h.HiveMQPlatformReconcilerBaseHandler - [helmcust] HiveMQ Platform is starting, 0 of 2 replicas are ready
2025-01-29 22:12:59,684 INFO c.h.h.t.HelmChartContainer - [EVENT] Normal [Created] Created container: hivemq [helmcustomconfigit:test-hivemq-platform-0]
2025-01-29 22:12:59,684 INFO c.h.h.t.HelmChartContainer - Received Created event for container hivemq in pod test-hivemq-platform-0 [31cc00f6-2303-46be-96c2-7b9dd93662ab]
2025-01-29 22:13:00,289 INFO c.h.h.t.HelmChartContainer - [POD] test-hivemq-platform-0 [31cc00f6-2303-46be-96c2-7b9dd93662ab] in helmcustomconfigit was MODIFIED
2025-01-29 22:13:00,296 INFO c.h.h.t.HelmChartContainer - [EVENT] Normal [Started] Started container hivemq [helmcustomconfigit:test-hivemq-platform-0]
2025-01-29 22:13:00,296 INFO c.h.h.t.HelmChartContainer - Received Started event for container hivemq in pod test-hivemq-platform-0 [31cc00f6-2303-46be-96c2-7b9dd93662ab]
2025-01-29 22:13:00,297 INFO c.h.h.t.HelmChartContainer - Started log watcher for hivemq in pod test-hivemq-platform-0 [31cc00f6-2303-46be-96c2-7b9dd93662ab]
2025-01-29 22:13:00,297 INFO c.h.h.t.HelmChartContainer - [test-hivemq-platform] [hivemq] [31cc00f6] Adding pre-installed HiveMQ Platform Operator extensions
2025-01-29 22:13:00,297 INFO c.h.h.t.HelmChartContainer - [test-hivemq-platform] [hivemq] [31cc00f6] Running as user 10000
2025-01-29 22:13:00,297 INFO c.h.h.t.HelmChartContainer - [test-hivemq-platform] [hivemq] [31cc00f6] Starting HiveMQ Platform Operator Init
2025-01-29 22:13:00,306 INFO c.h.h.t.HelmChartContainer - [hivemq-test-hivemq-platform] [hivemq-platform-operator] [f20d46c8] 22:13:00.300 [pool-6-thread-42] DEBUG c.h.p.o.d.PlatformServiceResource - [helmcust] Desired Platform services (3 services)
2025-01-29 22:13:00,306 INFO c.h.h.t.HelmChartContainer - [hivemq-test-hivemq-platform] [hivemq-platform-operator] [f20d46c8] 22:13:00.302 [pool-6-thread-43] DEBUG c.h.p.o.dependants.PodInfoConfigMap - [helmcust] Desired PodInfo ConfigMap (1 extensions) (1 enabled)
2025-01-29 22:13:00,306 INFO c.h.h.t.HelmChartContainer - [hivemq-test-hivemq-platform] [hivemq-platform-operator] [f20d46c8] 22:13:00.302 [pool-6-thread-43] DEBUG c.h.p.o.dependants.PodInfoConfigMap - [helmcust] Desired PodInfo ConfigMap (metrics port: 9399) (metrics path: /)
2025-01-29 22:13:00,306 INFO c.h.h.t.HelmChartContainer - [hivemq-test-hivemq-platform] [hivemq-platform-operator] [f20d46c8] 22:13:00.302 [pool-6-thread-43] DEBUG c.h.p.o.dependants.PodInfoConfigMap - [helmcust] Desired PodInfo ConfigMap (extension state hash: -1817474005)
2025-01-29 22:13:00,306 INFO c.h.h.t.HelmChartContainer - [hivemq-test-hivemq-platform] [hivemq-platform-operator] [f20d46c8] 22:13:00.304 [pool-6-thread-47] DEBUG c.h.p.o.d.PodServiceAccountResource - [helmcust] Desired PodServiceAccountResource (serviceAccountName: hivemq-platform-pod-test-hivemq-platform)
2025-01-29 22:13:00,321 INFO c.h.h.t.HelmChartContainer - [hivemq-test-hivemq-platform] [hivemq-platform-operator] [f20d46c8] 22:13:00.314 [pool-6-thread-50] DEBUG c.h.p.o.d.StatefulSetResource - [helmcust] Desired StatefulSet (2 replicas) for status STARTING (READY)
2025-01-29 22:13:00,322 INFO c.h.h.t.HelmChartContainer - [hivemq-test-hivemq-platform] [hivemq-platform-operator] [f20d46c8] 22:13:00.320 [ReconcilerExecutor-hivemq-controller-99] INFO  c.h.p.o.HiveMQPlatformReconciler - [helmcust] Reconciling HiveMQ Platform 'test-hivemq-platform' in namespace 'helmcustomconfigit'
2025-01-29 22:13:00,327 INFO c.h.h.t.HelmChartContainer - [hivemq-test-hivemq-platform] [hivemq-platform-operator] [f20d46c8] 22:13:00.324 [ReconcilerExecutor-hivemq-controller-99] DEBUG c.h.p.o.HiveMQPlatformReconciler - [helmcust] Custom Resource Status STARTING - HiveMQ Platform is starting (READY)
2025-01-29 22:13:00,328 INFO c.h.h.t.HelmChartContainer - [hivemq-test-hivemq-platform] [hivemq-platform-operator] [f20d46c8] 22:13:00.324 [ReconcilerExecutor-hivemq-controller-99] DEBUG c.h.p.o.HiveMQPlatformReconciler - [helmcust] Custom Resource Spec (replicas: 2) (extensions: 1)
2025-01-29 22:13:00,334 INFO c.h.h.t.HelmChartContainer - [hivemq-test-hivemq-platform] [hivemq-platform-operator] [f20d46c8] 22:13:00.333 [ReconcilerExecutor-hivemq-controller-99] DEBUG c.h.p.o.HiveMQPlatformReconciler - [helmcust] StatefulSet Status (revision: test-hivemq-platform-86bfbd5557, replicas: 1, available: 0, ready: 0, current: 1, updated: 1)
2025-01-29 22:13:00,336 INFO c.h.h.t.HelmChartContainer - [hivemq-test-hivemq-platform] [hivemq-platform-operator] [f20d46c8] 22:13:00.334 [ReconcilerExecutor-hivemq-controller-99] DEBUG c.h.p.o.HiveMQPlatformReconciler - [helmcust] StatefulSet Spec (replicas: 2, init containers: 1, containers: 1, volumes: 3)
2025-01-29 22:13:00,345 INFO c.h.h.t.HelmChartContainer - [hivemq-test-hivemq-platform] [hivemq-platform-operator] [f20d46c8] 22:13:00.342 [ReconcilerExecutor-hivemq-controller-99] DEBUG c.h.p.o.h.HiveMQPlatformReconcilerErrorHandler - [helmcust] Pod 'test-hivemq-platform-0' phase Running
2025-01-29 22:13:00,346 INFO c.h.h.t.HelmChartContainer - [hivemq-test-hivemq-platform] [hivemq-platform-operator] [f20d46c8] 22:13:00.346 [ReconcilerExecutor-hivemq-controller-99] INFO  c.h.p.o.h.HiveMQPlatformReconcilerBaseHandler - [helmcust] HiveMQ Platform is starting, 0 of 2 replicas are ready
2025-01-29 22:13:00,927 INFO c.h.h.t.HelmChartContainer - [test-hivemq-platform] [hivemq] [31cc00f6] INFO  - [HiveMQ Platform Operator Init 1.7.0-SNAPSHOT] HiveMQ Platform Operator Init 1.7.0-SNAPSHOT (commit: 3bc9484 on branch: HEAD) built on Wed Jan 29 22:06:36 UTC 2025
2025-01-29 22:13:02,127 INFO c.h.h.t.HelmChartContainer - [test-hivemq-platform] [hivemq] [31cc00f6] INFO  - [HiveMQ Platform Operator Init App 1.7.0-SNAPSHOT] Using bind address 10.42.0.8 from environment variable
2025-01-29 22:13:03,059 INFO c.h.h.t.HelmChartContainer - [test-hivemq-platform] [hivemq] [31cc00f6] INFO  - [HiveMQ Platform Operator Init App 1.7.0-SNAPSHOT] HiveMQ Platform Operator Init App 1.7.0-SNAPSHOT (commit: 3bc9484 on branch: HEAD) built on Wed Jan 29 22:06:36 UTC 2025
2025-01-29 22:13:03,059 INFO c.h.h.t.HelmChartContainer - [test-hivemq-platform] [hivemq] [31cc00f6] INFO  - [HiveMQ Platform Operator Init App 1.7.0-SNAPSHOT] PodInfo ConfigMap directory: /etc/podinfo
2025-01-29 22:13:03,059 INFO c.h.h.t.HelmChartContainer - [test-hivemq-platform] [hivemq] [31cc00f6] INFO  - [HiveMQ Platform Operator Init App 1.7.0-SNAPSHOT] HiveMQ home directory: /opt/hivemq
2025-01-29 22:13:03,059 INFO c.h.h.t.HelmChartContainer - [test-hivemq-platform] [hivemq] [31cc00f6] INFO  - [HiveMQ Platform Operator Init App 1.7.0-SNAPSHOT] HiveMQ Logback folder: /opt/hivemq/conf
2025-01-29 22:13:03,059 INFO c.h.h.t.HelmChartContainer - [test-hivemq-platform] [hivemq] [31cc00f6] INFO  - [HiveMQ Platform Operator Init App 1.7.0-SNAPSHOT] HiveMQ Config folder: /opt/hivemq/conf-k8s
2025-01-29 22:13:03,060 INFO c.h.h.t.HelmChartContainer - [test-hivemq-platform] [hivemq] [31cc00f6] INFO  - [HiveMQ Platform Operator Init App 1.7.0-SNAPSHOT] Starting HiveMQ Platform Operator Init App
2025-01-29 22:13:03,060 INFO c.h.h.t.HelmChartContainer - [test-hivemq-platform] [hivemq] [31cc00f6] INFO  - [HiveMQ Platform Operator Init App 1.7.0-SNAPSHOT] Starting Pod reconciler
2025-01-29 22:13:04,327 INFO c.h.h.t.HelmChartContainer - [test-hivemq-platform] [hivemq] [31cc00f6] INFO  - [HiveMQ Platform Operator Init App 1.7.0-SNAPSHOT] Pod reconciler is scheduled (interval: 5000 ms)
2025-01-29 22:13:04,328 INFO c.h.h.t.HelmChartContainer - [test-hivemq-platform] [hivemq] [31cc00f6] INFO  - [HiveMQ Platform Operator Init App 1.7.0-SNAPSHOT] Starting the REST API on 10.42.0.8:7979
2025-01-29 22:13:04,331 INFO c.h.h.t.HelmChartContainer - [test-hivemq-platform] [hivemq] [31cc00f6] INFO  - [HiveMQ Platform Operator Init App 1.7.0-SNAPSHOT] Waiting up to 600s for at most 2 HiveMQ nodes in cluster service hivemq-test-hivemq-platform-cluster.helmcustomconfigit.svc
2025-01-29 22:13:04,654 INFO c.h.h.t.HelmChartContainer - [test-hivemq-platform] [hivemq] [31cc00f6] INFO  - [HiveMQ Platform Operator Init App 1.7.0-SNAPSHOT] Resolved 1 IP addresses: [10.42.0.8]
2025-01-29 22:13:04,654 INFO c.h.h.t.HelmChartContainer - [test-hivemq-platform] [hivemq] [31cc00f6] INFO  - [HiveMQ Platform Operator Init App 1.7.0-SNAPSHOT] HiveMQ node count of 1 is within threshold of 2
2025-01-29 22:13:04,654 INFO c.h.h.t.HelmChartContainer - [test-hivemq-platform] [hivemq] [31cc00f6] INFO  - [HiveMQ Platform Operator Init App 1.7.0-SNAPSHOT] Proceeding with container start
2025-01-29 22:13:04,756 INFO c.h.h.t.HelmChartContainer - [test-hivemq-platform] [hivemq] [31cc00f6] INFO  - [HiveMQ Platform Operator Init App 1.7.0-SNAPSHOT] Initializing HiveMQ Platform extensions with initial configuration: {hivemq-allow-all-extension={start-priority=-1, skip-https-hostname-verification=false, restart=true, config-version=0, header-version=0, c-uri=, priority=-1, uri=preinstalled, skip-https-certificate-validation=false, enabled=true}, hivemq-prometheus-extension={uri=preinstalled, skip-https-certificate-validation=false, skip-https-hostname-verification=false, c-uri=, start-priority=-1, priority=-1, restart=true, enabled=true, request-header-path=no-request-headers}}
2025-01-29 22:13:05,231 INFO c.h.h.t.HelmChartContainer - [test-hivemq-platform] [hivemq] [31cc00f6] INFO  - [HiveMQ Platform Operator Init App 1.7.0-SNAPSHOT] Extension hivemq-allow-all-extension was already enabled
2025-01-29 22:13:05,254 INFO c.h.h.t.HelmChartContainer - [test-hivemq-platform] [hivemq] [31cc00f6] INFO  - [HiveMQ Platform Operator Init App 1.7.0-SNAPSHOT] Successfully enabled extension hivemq-prometheus-extension
2025-01-29 22:13:05,257 INFO c.h.h.t.HelmChartContainer - [test-hivemq-platform] [hivemq] [31cc00f6] INFO  - [HiveMQ Platform Operator Init App 1.7.0-SNAPSHOT] Starting HiveMQ Platform version 4.36.0 (4.36.0)
2025-01-29 22:13:05,257 INFO c.h.h.t.HelmChartContainer - [test-hivemq-platform] [hivemq] [31cc00f6] INFO  - [HiveMQ Platform Operator Init App 1.7.0-SNAPSHOT] Configuring the HiveMQ Platform
2025-01-29 22:13:05,327 INFO c.h.h.t.HelmChartContainer - [test-hivemq-platform] [hivemq] [31cc00f6] INFO  - [HiveMQ Platform Operator Init App 1.7.0-SNAPSHOT] Changed logback.xml file scan period to 20 seconds
2025-01-29 22:13:05,422 INFO c.h.h.t.HelmChartContainer - [test-hivemq-platform] [hivemq] [31cc00f6] INFO  - [HiveMQ Platform Operator Init App 1.7.0-SNAPSHOT] Starting the HiveMQ Platform
2025-01-29 22:13:05,425 INFO c.h.h.t.HelmChartContainer - [test-hivemq-platform] [hivemq] [31cc00f6] -------------------------------------------------------------------------
2025-01-29 22:13:05,425 INFO c.h.h.t.HelmChartContainer - [test-hivemq-platform] [hivemq] [31cc00f6] 
2025-01-29 22:13:05,425 INFO c.h.h.t.HelmChartContainer - [test-hivemq-platform] [hivemq] [31cc00f6]                   _    _  _              __  __   ____
2025-01-29 22:13:05,425 INFO c.h.h.t.HelmChartContainer - [test-hivemq-platform] [hivemq] [31cc00f6]                  | |  | |(_)            |  \/  | / __ \
2025-01-29 22:13:05,426 INFO c.h.h.t.HelmChartContainer - [test-hivemq-platform] [hivemq] [31cc00f6]                  | |__| | _ __   __ ___ | \  / || |  | |
2025-01-29 22:13:05,426 INFO c.h.h.t.HelmChartContainer - [test-hivemq-platform] [hivemq] [31cc00f6]                  |  __  || |\ \ / // _ \| |\/| || |  | |
2025-01-29 22:13:05,426 INFO c.h.h.t.HelmChartContainer - [test-hivemq-platform] [hivemq] [31cc00f6]                  | |  | || | \ V /|  __/| |  | || |__| |
2025-01-29 22:13:05,427 INFO c.h.h.t.HelmChartContainer - [test-hivemq-platform] [hivemq] [31cc00f6]                  |_|  |_||_|  \_/  \___||_|  |_| \___\_\
2025-01-29 22:13:05,427 INFO c.h.h.t.HelmChartContainer - [test-hivemq-platform] [hivemq] [31cc00f6] 
2025-01-29 22:13:05,427 INFO c.h.h.t.HelmChartContainer - [test-hivemq-platform] [hivemq] [31cc00f6] -------------------------------------------------------------------------
2025-01-29 22:13:05,427 INFO c.h.h.t.HelmChartContainer - [test-hivemq-platform] [hivemq] [31cc00f6] 
2025-01-29 22:13:05,427 INFO c.h.h.t.HelmChartContainer - [test-hivemq-platform] [hivemq] [31cc00f6]   HiveMQ Start Script for Linux/Unix v1.14
2025-01-29 22:13:05,427 INFO c.h.h.t.HelmChartContainer - [test-hivemq-platform] [hivemq] [31cc00f6] 
2025-01-29 22:13:05,462 INFO c.h.h.t.HelmChartContainer - [test-hivemq-platform] [hivemq] [31cc00f6] -------------------------------------------------------------------------
2025-01-29 22:13:05,462 INFO c.h.h.t.HelmChartContainer - [test-hivemq-platform] [hivemq] [31cc00f6] 
2025-01-29 22:13:05,462 INFO c.h.h.t.HelmChartContainer - [test-hivemq-platform] [hivemq] [31cc00f6]   HIVEMQ_HOME: /opt/hivemq
2025-01-29 22:13:05,462 INFO c.h.h.t.HelmChartContainer - [test-hivemq-platform] [hivemq] [31cc00f6] 
2025-01-29 22:13:05,462 INFO c.h.h.t.HelmChartContainer - [test-hivemq-platform] [hivemq] [31cc00f6]   JAVA_OPTS: -XX:+UnlockExperimentalVMOptions -XX:InitialRAMPercentage=50 -XX:MaxRAMPercentage=50 -Djava.net.preferIPv4Stack=true --add-opens java.base/java.lang=ALL-UNNAMED --add-opens java.base/java.nio=ALL-UNNAMED --add-opens java.base/sun.nio.ch=ALL-UNNAMED --add-opens jdk.management/com.sun.management.internal=ALL-UNNAMED --add-exports java.base/jdk.internal.misc=ALL-UNNAMED -Djava.security.egd=file:/dev/./urandom -Dcom.sun.management.jmxremote -Dcom.sun.management.jmxremote.port=9010 -Dcom.sun.management.jmxremote.local.only=false -Dcom.sun.management.jmxremote.authenticate=false -Dcom.sun.management.jmxremote.ssl=false -Duser.language=en -Duser.region=US -XX:+CrashOnOutOfMemoryError -XX:+HeapDumpOnOutOfMemoryError
2025-01-29 22:13:05,462 INFO c.h.h.t.HelmChartContainer - [test-hivemq-platform] [hivemq] [31cc00f6] 
2025-01-29 22:13:05,462 INFO c.h.h.t.HelmChartContainer - [test-hivemq-platform] [hivemq] [31cc00f6]   JAVA_VERSION: 21
2025-01-29 22:13:05,462 INFO c.h.h.t.HelmChartContainer - [test-hivemq-platform] [hivemq] [31cc00f6] 
2025-01-29 22:13:05,462 INFO c.h.h.t.HelmChartContainer - [test-hivemq-platform] [hivemq] [31cc00f6] -------------------------------------------------------------------------
2025-01-29 22:13:05,462 INFO c.h.h.t.HelmChartContainer - [test-hivemq-platform] [hivemq] [31cc00f6] 
2025-01-29 22:13:06,426 INFO c.h.h.t.HelmChartContainer - [test-hivemq-platform] [hivemq] [31cc00f6] INFO  - [HiveMQ Platform Operator Init App 1.7.0-SNAPSHOT] Returning default Health API response 503 for readiness
2025-01-29 22:13:06,830 INFO c.h.h.t.HelmChartContainer - [EVENT] Warning [Unhealthy] Readiness probe failed: HTTP probe failed with statuscode: 503 [helmcustomconfigit:test-hivemq-platform-0]
2025-01-29 22:13:06,830 INFO c.h.h.t.HelmChartContainer - Received Unhealthy event for container hivemq in pod test-hivemq-platform-0 [31cc00f6-2303-46be-96c2-7b9dd93662ab]
2025-01-29 22:13:08,224 INFO c.h.h.t.HelmChartContainer - [test-hivemq-platform] [hivemq] [31cc00f6] INFO  - Starting HiveMQ Enterprise Server
2025-01-29 22:13:08,229 INFO c.h.h.t.HelmChartContainer - [test-hivemq-platform] [hivemq] [31cc00f6] INFO  - HiveMQ version: 4.36.0
2025-01-29 22:13:08,229 INFO c.h.h.t.HelmChartContainer - [test-hivemq-platform] [hivemq] [31cc00f6] INFO  - HiveMQ home directory: /opt/hivemq
2025-01-29 22:13:08,229 INFO c.h.h.t.HelmChartContainer - [test-hivemq-platform] [hivemq] [31cc00f6] INFO  - Log Configuration was overridden by /opt/hivemq/conf/logback.xml
2025-01-29 22:13:09,426 INFO c.h.h.t.HelmChartContainer - [test-hivemq-platform] [hivemq] [31cc00f6] INFO  - Successfully loaded configuration from '/opt/hivemq/conf-k8s/config.xml'.
2025-01-29 22:13:10,052 INFO c.h.h.t.HelmChartContainer - [test-hivemq-platform] [hivemq] [31cc00f6] INFO  - This node's ID is GDMoV
2025-01-29 22:13:10,053 INFO c.h.h.t.HelmChartContainer - [test-hivemq-platform] [hivemq] [31cc00f6] INFO  - Clustering is enabled
2025-01-29 22:13:10,411 INFO c.h.h.t.HelmChartContainer - [hivemq-test-hivemq-platform] [hivemq-platform-operator] [f20d46c8] 22:13:10.406 [pool-6-thread-9] DEBUG c.h.p.o.d.PlatformServiceResource - [helmcust] Desired Platform services (3 services)
2025-01-29 22:13:10,411 INFO c.h.h.t.HelmChartContainer - [hivemq-test-hivemq-platform] [hivemq-platform-operator] [f20d46c8] 22:13:10.407 [pool-6-thread-5] DEBUG c.h.p.o.dependants.PodInfoConfigMap - [helmcust] Desired PodInfo ConfigMap (1 extensions) (1 enabled)
2025-01-29 22:13:10,411 INFO c.h.h.t.HelmChartContainer - [hivemq-test-hivemq-platform] [hivemq-platform-operator] [f20d46c8] 22:13:10.407 [pool-6-thread-5] DEBUG c.h.p.o.dependants.PodInfoConfigMap - [helmcust] Desired PodInfo ConfigMap (metrics port: 9399) (metrics path: /)
2025-01-29 22:13:10,411 INFO c.h.h.t.HelmChartContainer - [hivemq-test-hivemq-platform] [hivemq-platform-operator] [f20d46c8] 22:13:10.408 [pool-6-thread-5] DEBUG c.h.p.o.dependants.PodInfoConfigMap - [helmcust] Desired PodInfo ConfigMap (extension state hash: -1817474005)
2025-01-29 22:13:10,413 INFO c.h.h.t.HelmChartContainer - [hivemq-test-hivemq-platform] [hivemq-platform-operator] [f20d46c8] 22:13:10.411 [pool-6-thread-4] DEBUG c.h.p.o.d.PodServiceAccountResource - [helmcust] Desired PodServiceAccountResource (serviceAccountName: hivemq-platform-pod-test-hivemq-platform)
2025-01-29 22:13:10,415 INFO c.h.h.t.HelmChartContainer - [hivemq-test-hivemq-platform] [hivemq-platform-operator] [f20d46c8] 22:13:10.415 [pool-6-thread-9] DEBUG c.h.p.o.d.StatefulSetResource - [helmcust] Desired StatefulSet (2 replicas) for status STARTING (READY)
2025-01-29 22:13:10,420 INFO c.h.h.t.HelmChartContainer - [hivemq-test-hivemq-platform] [hivemq-platform-operator] [f20d46c8] 22:13:10.419 [ReconcilerExecutor-hivemq-controller-110] INFO  c.h.p.o.HiveMQPlatformReconciler - [helmcust] Reconciling HiveMQ Platform 'test-hivemq-platform' in namespace 'helmcustomconfigit'
2025-01-29 22:13:10,422 INFO c.h.h.t.HelmChartContainer - [hivemq-test-hivemq-platform] [hivemq-platform-operator] [f20d46c8] 22:13:10.419 [ReconcilerExecutor-hivemq-controller-110] DEBUG c.h.p.o.HiveMQPlatformReconciler - [helmcust] Custom Resource Status STARTING - HiveMQ Platform is starting (READY)
2025-01-29 22:13:10,422 INFO c.h.h.t.HelmChartContainer - [hivemq-test-hivemq-platform] [hivemq-platform-operator] [f20d46c8] 22:13:10.419 [ReconcilerExecutor-hivemq-controller-110] DEBUG c.h.p.o.HiveMQPlatformReconciler - [helmcust] Custom Resource Spec (replicas: 2) (extensions: 1)
2025-01-29 22:13:10,504 INFO c.h.h.t.HelmChartContainer - [hivemq-test-hivemq-platform] [hivemq-platform-operator] [f20d46c8] 22:13:10.503 [ReconcilerExecutor-hivemq-controller-110] DEBUG c.h.p.o.HiveMQPlatformReconciler - [helmcust] StatefulSet Status (revision: test-hivemq-platform-86bfbd5557, replicas: 1, available: 0, ready: 0, current: 1, updated: 1)
2025-01-29 22:13:10,506 INFO c.h.h.t.HelmChartContainer - [hivemq-test-hivemq-platform] [hivemq-platform-operator] [f20d46c8] 22:13:10.503 [ReconcilerExecutor-hivemq-controller-110] DEBUG c.h.p.o.HiveMQPlatformReconciler - [helmcust] StatefulSet Spec (replicas: 2, init containers: 1, containers: 1, volumes: 3)
2025-01-29 22:13:10,506 INFO c.h.h.t.HelmChartContainer - [hivemq-test-hivemq-platform] [hivemq-platform-operator] [f20d46c8] 22:13:10.505 [ReconcilerExecutor-hivemq-controller-110] DEBUG c.h.p.o.h.HiveMQPlatformReconcilerErrorHandler - [helmcust] Pod 'test-hivemq-platform-0' phase Running
2025-01-29 22:13:10,507 INFO c.h.h.t.HelmChartContainer - [hivemq-test-hivemq-platform] [hivemq-platform-operator] [f20d46c8] 22:13:10.506 [ReconcilerExecutor-hivemq-controller-110] INFO  c.h.p.o.h.HiveMQPlatformReconcilerBaseHandler - [helmcust] HiveMQ Platform is starting, 0 of 2 replicas are ready
2025-01-29 22:13:11,625 INFO c.h.h.t.HelmChartContainer - [test-hivemq-platform] [hivemq] [31cc00f6] WARN  - [HiveMQ Platform Operator Init App 1.7.0-SNAPSHOT] Cannot connect to Health API for readiness: null
2025-01-29 22:13:11,630 INFO c.h.h.t.HelmChartContainer - [EVENT] Warning [Unhealthy] Readiness probe failed: HTTP probe failed with statuscode: 503 [helmcustomconfigit:test-hivemq-platform-0]
2025-01-29 22:13:11,630 INFO c.h.h.t.HelmChartContainer - Received Unhealthy event for container hivemq in pod test-hivemq-platform-0 [31cc00f6-2303-46be-96c2-7b9dd93662ab]
2025-01-29 22:13:14,656 INFO c.h.h.t.HelmChartContainer - [test-hivemq-platform] [hivemq] [31cc00f6] Jan 29, 2025 10:13:14 PM io.vertx.core.impl.BlockedThreadChecker
2025-01-29 22:13:14,656 INFO c.h.h.t.HelmChartContainer - [test-hivemq-platform] [hivemq] [31cc00f6] WARNING: Thread Thread[vert.x-eventloop-thread-1,5,main] has been blocked for 2495 ms, time limit is 2000 ms
2025-01-29 22:13:15,651 INFO c.h.h.t.HelmChartContainer - [test-hivemq-platform] [hivemq] [31cc00f6] INFO  - [HiveMQ Platform Operator Init App 1.7.0-SNAPSHOT] Updating Pod HiveMQ Platform Operator Init App version annotation (version: 1.7.0-SNAPSHOT)
2025-01-29 22:13:16,235 INFO c.h.h.t.HelmChartContainer - [POD] test-hivemq-platform-0 [31cc00f6-2303-46be-96c2-7b9dd93662ab] in helmcustomconfigit was MODIFIED
2025-01-29 22:13:16,243 INFO c.h.h.t.HelmChartContainer - [hivemq-test-hivemq-platform] [hivemq-platform-operator] [f20d46c8] 22:13:16.240 [pool-6-thread-14] DEBUG c.h.p.o.d.PlatformServiceResource - [helmcust] Desired Platform services (3 services)
2025-01-29 22:13:16,247 INFO c.h.h.t.HelmChartContainer - [hivemq-test-hivemq-platform] [hivemq-platform-operator] [f20d46c8] 22:13:16.241 [pool-6-thread-15] DEBUG c.h.p.o.dependants.PodInfoConfigMap - [helmcust] Desired PodInfo ConfigMap (1 extensions) (1 enabled)
2025-01-29 22:13:16,247 INFO c.h.h.t.HelmChartContainer - [hivemq-test-hivemq-platform] [hivemq-platform-operator] [f20d46c8] 22:13:16.241 [pool-6-thread-15] DEBUG c.h.p.o.dependants.PodInfoConfigMap - [helmcust] Desired PodInfo ConfigMap (metrics port: 9399) (metrics path: /)
2025-01-29 22:13:16,247 INFO c.h.h.t.HelmChartContainer - [hivemq-test-hivemq-platform] [hivemq-platform-operator] [f20d46c8] 22:13:16.241 [pool-6-thread-15] DEBUG c.h.p.o.dependants.PodInfoConfigMap - [helmcust] Desired PodInfo ConfigMap (extension state hash: -1817474005)
2025-01-29 22:13:16,247 INFO c.h.h.t.HelmChartContainer - [hivemq-test-hivemq-platform] [hivemq-platform-operator] [f20d46c8] 22:13:16.242 [pool-6-thread-11] DEBUG c.h.p.o.d.PodServiceAccountResource - [helmcust] Desired PodServiceAccountResource (serviceAccountName: hivemq-platform-pod-test-hivemq-platform)
2025-01-29 22:13:16,249 INFO c.h.h.t.HelmChartContainer - [hivemq-test-hivemq-platform] [hivemq-platform-operator] [f20d46c8] 22:13:16.248 [pool-6-thread-14] DEBUG c.h.p.o.d.StatefulSetResource - [helmcust] Desired StatefulSet (2 replicas) for status STARTING (READY)
2025-01-29 22:13:16,255 INFO c.h.h.t.HelmChartContainer - [hivemq-test-hivemq-platform] [hivemq-platform-operator] [f20d46c8] 22:13:16.254 [ReconcilerExecutor-hivemq-controller-111] INFO  c.h.p.o.HiveMQPlatformReconciler - [helmcust] Reconciling HiveMQ Platform 'test-hivemq-platform' in namespace 'helmcustomconfigit'
2025-01-29 22:13:16,255 INFO c.h.h.t.HelmChartContainer - [hivemq-test-hivemq-platform] [hivemq-platform-operator] [f20d46c8] 22:13:16.254 [ReconcilerExecutor-hivemq-controller-111] DEBUG c.h.p.o.HiveMQPlatformReconciler - [helmcust] Custom Resource Status STARTING - HiveMQ Platform is starting (READY)
2025-01-29 22:13:16,255 INFO c.h.h.t.HelmChartContainer - [hivemq-test-hivemq-platform] [hivemq-platform-operator] [f20d46c8] 22:13:16.254 [ReconcilerExecutor-hivemq-controller-111] DEBUG c.h.p.o.HiveMQPlatformReconciler - [helmcust] Custom Resource Spec (replicas: 2) (extensions: 1)
2025-01-29 22:13:16,257 INFO c.h.h.t.HelmChartContainer - [hivemq-test-hivemq-platform] [hivemq-platform-operator] [f20d46c8] 22:13:16.256 [ReconcilerExecutor-hivemq-controller-111] DEBUG c.h.p.o.HiveMQPlatformReconciler - [helmcust] StatefulSet Status (revision: test-hivemq-platform-86bfbd5557, replicas: 1, available: 0, ready: 0, current: 1, updated: 1)
2025-01-29 22:13:16,259 INFO c.h.h.t.HelmChartContainer - [hivemq-test-hivemq-platform] [hivemq-platform-operator] [f20d46c8] 22:13:16.256 [ReconcilerExecutor-hivemq-controller-111] DEBUG c.h.p.o.HiveMQPlatformReconciler - [helmcust] StatefulSet Spec (replicas: 2, init containers: 1, containers: 1, volumes: 3)
2025-01-29 22:13:16,323 INFO c.h.h.t.HelmChartContainer - [EVENT] Warning [Unhealthy] Readiness probe failed: HTTP probe failed with statuscode: 503 [helmcustomconfigit:test-hivemq-platform-0]
2025-01-29 22:13:16,324 INFO c.h.h.t.HelmChartContainer - Received Unhealthy event for container hivemq in pod test-hivemq-platform-0 [31cc00f6-2303-46be-96c2-7b9dd93662ab]
2025-01-29 22:13:16,326 INFO c.h.h.t.HelmChartContainer - [test-hivemq-platform] [hivemq] [31cc00f6] WARN  - [HiveMQ Platform Operator Init App 1.7.0-SNAPSHOT] Cannot connect to Health API for readiness: null
2025-01-29 22:13:16,326 INFO c.h.h.t.HelmChartContainer - [test-hivemq-platform] [hivemq] [31cc00f6] INFO  - [HiveMQ Platform Operator Init App 1.7.0-SNAPSHOT] Successfully updated Pod HiveMQ Platform Operator Init App version annotation (version: 1.7.0-SNAPSHOT)
2025-01-29 22:13:16,326 INFO c.h.h.t.HelmChartContainer - [hivemq-test-hivemq-platform] [hivemq-platform-operator] [f20d46c8] 22:13:16.311 [ReconcilerExecutor-hivemq-controller-111] DEBUG c.h.p.o.h.HiveMQPlatformReconcilerErrorHandler - [helmcust] Pod 'test-hivemq-platform-0' phase Running
2025-01-29 22:13:16,326 INFO c.h.h.t.HelmChartContainer - [hivemq-test-hivemq-platform] [hivemq-platform-operator] [f20d46c8] 22:13:16.312 [ReconcilerExecutor-hivemq-controller-111] INFO  c.h.p.o.h.HiveMQPlatformReconcilerBaseHandler - [helmcust] HiveMQ Platform is starting, 0 of 2 replicas are ready
2025-01-29 22:13:21,252 INFO c.h.h.t.HelmChartContainer - [test-hivemq-platform] [hivemq] [31cc00f6] WARN  - [HiveMQ Platform Operator Init App 1.7.0-SNAPSHOT] Cannot connect to Health API for readiness: null
2025-01-29 22:13:21,257 INFO c.h.h.t.HelmChartContainer - [EVENT] Warning [Unhealthy] Readiness probe failed: HTTP probe failed with statuscode: 503 [helmcustomconfigit:test-hivemq-platform-0]
2025-01-29 22:13:21,257 INFO c.h.h.t.HelmChartContainer - Received Unhealthy event for container hivemq in pod test-hivemq-platform-0 [31cc00f6-2303-46be-96c2-7b9dd93662ab]
2025-01-29 22:13:26,253 INFO c.h.h.t.HelmChartContainer - [test-hivemq-platform] [hivemq] [31cc00f6] WARN  - [HiveMQ Platform Operator Init App 1.7.0-SNAPSHOT] Cannot connect to Health API for readiness: null
2025-01-29 22:13:26,258 INFO c.h.h.t.HelmChartContainer - [EVENT] Warning [Unhealthy] Readiness probe failed: HTTP probe failed with statuscode: 503 [helmcustomconfigit:test-hivemq-platform-0]
2025-01-29 22:13:26,258 INFO c.h.h.t.HelmChartContainer - Received Unhealthy event for container hivemq in pod test-hivemq-platform-0 [31cc00f6-2303-46be-96c2-7b9dd93662ab]
2025-01-29 22:13:26,321 INFO c.h.h.t.HelmChartContainer - [hivemq-test-hivemq-platform] [hivemq-platform-operator] [f20d46c8] 22:13:26.317 [pool-6-thread-26] DEBUG c.h.p.o.d.PlatformServiceResource - [helmcust] Desired Platform services (3 services)
2025-01-29 22:13:26,322 INFO c.h.h.t.HelmChartContainer - [hivemq-test-hivemq-platform] [hivemq-platform-operator] [f20d46c8] 22:13:26.319 [pool-6-thread-21] DEBUG c.h.p.o.d.PodServiceAccountResource - [helmcust] Desired PodServiceAccountResource (serviceAccountName: hivemq-platform-pod-test-hivemq-platform)
2025-01-29 22:13:26,322 INFO c.h.h.t.HelmChartContainer - [hivemq-test-hivemq-platform] [hivemq-platform-operator] [f20d46c8] 22:13:26.321 [pool-6-thread-23] DEBUG c.h.p.o.dependants.PodInfoConfigMap - [helmcust] Desired PodInfo ConfigMap (1 extensions) (1 enabled)
2025-01-29 22:13:26,327 INFO c.h.h.t.HelmChartContainer - [hivemq-test-hivemq-platform] [hivemq-platform-operator] [f20d46c8] 22:13:26.321 [pool-6-thread-23] DEBUG c.h.p.o.dependants.PodInfoConfigMap - [helmcust] Desired PodInfo ConfigMap (metrics port: 9399) (metrics path: /)
2025-01-29 22:13:26,328 INFO c.h.h.t.HelmChartContainer - [hivemq-test-hivemq-platform] [hivemq-platform-operator] [f20d46c8] 22:13:26.324 [pool-6-thread-23] DEBUG c.h.p.o.dependants.PodInfoConfigMap - [helmcust] Desired PodInfo ConfigMap (extension state hash: -1817474005)
2025-01-29 22:13:26,331 INFO c.h.h.t.HelmChartContainer - [hivemq-test-hivemq-platform] [hivemq-platform-operator] [f20d46c8] 22:13:26.330 [pool-6-thread-26] DEBUG c.h.p.o.d.StatefulSetResource - [helmcust] Desired StatefulSet (2 replicas) for status STARTING (READY)
2025-01-29 22:13:26,340 INFO c.h.h.t.HelmChartContainer - [hivemq-test-hivemq-platform] [hivemq-platform-operator] [f20d46c8] 22:13:26.335 [ReconcilerExecutor-hivemq-controller-112] INFO  c.h.p.o.HiveMQPlatformReconciler - [helmcust] Reconciling HiveMQ Platform 'test-hivemq-platform' in namespace 'helmcustomconfigit'
2025-01-29 22:13:26,340 INFO c.h.h.t.HelmChartContainer - [hivemq-test-hivemq-platform] [hivemq-platform-operator] [f20d46c8] 22:13:26.335 [ReconcilerExecutor-hivemq-controller-112] DEBUG c.h.p.o.HiveMQPlatformReconciler - [helmcust] Custom Resource Status STARTING - HiveMQ Platform is starting (READY)
2025-01-29 22:13:26,340 INFO c.h.h.t.HelmChartContainer - [hivemq-test-hivemq-platform] [hivemq-platform-operator] [f20d46c8] 22:13:26.335 [ReconcilerExecutor-hivemq-controller-112] DEBUG c.h.p.o.HiveMQPlatformReconciler - [helmcust] Custom Resource Spec (replicas: 2) (extensions: 1)
2025-01-29 22:13:26,340 INFO c.h.h.t.HelmChartContainer - [hivemq-test-hivemq-platform] [hivemq-platform-operator] [f20d46c8] 22:13:26.337 [ReconcilerExecutor-hivemq-controller-112] DEBUG c.h.p.o.HiveMQPlatformReconciler - [helmcust] StatefulSet Status (revision: test-hivemq-platform-86bfbd5557, replicas: 1, available: 0, ready: 0, current: 1, updated: 1)
2025-01-29 22:13:26,340 INFO c.h.h.t.HelmChartContainer - [hivemq-test-hivemq-platform] [hivemq-platform-operator] [f20d46c8] 22:13:26.337 [ReconcilerExecutor-hivemq-controller-112] DEBUG c.h.p.o.HiveMQPlatformReconciler - [helmcust] StatefulSet Spec (replicas: 2, init containers: 1, containers: 1, volumes: 3)
2025-01-29 22:13:26,343 INFO c.h.h.t.HelmChartContainer - [hivemq-test-hivemq-platform] [hivemq-platform-operator] [f20d46c8] 22:13:26.341 [ReconcilerExecutor-hivemq-controller-112] DEBUG c.h.p.o.h.HiveMQPlatformReconcilerErrorHandler - [helmcust] Pod 'test-hivemq-platform-0' phase Running
2025-01-29 22:13:26,343 INFO c.h.h.t.HelmChartContainer - [hivemq-test-hivemq-platform] [hivemq-platform-operator] [f20d46c8] 22:13:26.342 [ReconcilerExecutor-hivemq-controller-112] INFO  c.h.p.o.h.HiveMQPlatformReconcilerBaseHandler - [helmcust] HiveMQ Platform is starting, 0 of 2 replicas are ready
2025-01-29 22:13:27,325 INFO c.h.h.t.HelmChartContainer - [test-hivemq-platform] [hivemq] [31cc00f6] WARN  - [HiveMQ Platform Operator Init App 1.7.0-SNAPSHOT] Cannot connect to Health API for liveness: null
2025-01-29 22:13:27,326 INFO c.h.h.t.HelmChartContainer - [test-hivemq-platform] [hivemq] [31cc00f6] INFO  - [HiveMQ Platform Operator Init App 1.7.0-SNAPSHOT] Returning default Health API response 200 for liveness
2025-01-29 22:13:28,328 INFO c.h.h.t.HelmChartContainer - [test-hivemq-platform] [hivemq] [31cc00f6] INFO  - No valid license file found. Using trial license, restricted to 25 connections.
2025-01-29 22:13:31,249 INFO c.h.h.t.HelmChartContainer - [test-hivemq-platform] [hivemq] [31cc00f6] WARN  - [HiveMQ Platform Operator Init App 1.7.0-SNAPSHOT] Cannot connect to Health API for readiness: null
2025-01-29 22:13:31,255 INFO c.h.h.t.HelmChartContainer - [EVENT] Warning [Unhealthy] Readiness probe failed: HTTP probe failed with statuscode: 503 [helmcustomconfigit:test-hivemq-platform-0]
2025-01-29 22:13:31,255 INFO c.h.h.t.HelmChartContainer - Received Unhealthy event for container hivemq in pod test-hivemq-platform-0 [31cc00f6-2303-46be-96c2-7b9dd93662ab]
2025-01-29 22:13:32,732 INFO c.h.h.t.HelmChartContainer - [test-hivemq-platform] [hivemq] [31cc00f6] INFO  - No valid license file for Data Hub found. Using free license, restricted to 1 policy.
2025-01-29 22:13:33,960 INFO c.h.h.t.HelmChartContainer - [test-hivemq-platform] [hivemq] [31cc00f6] INFO  - Audit Logger started.
2025-01-29 22:13:34,327 INFO c.h.h.t.HelmChartContainer - [test-hivemq-platform] [hivemq] [31cc00f6] INFO  - This node uses '1' CPU cores.
2025-01-29 22:13:34,332 INFO c.h.h.t.HelmChartContainer - [test-hivemq-platform] [hivemq] [31cc00f6] INFO  - Starting HiveMQ Health API on address 0.0.0.0 and port 8889
2025-01-29 22:13:35,153 INFO c.h.h.t.HelmChartContainer - [test-hivemq-platform] [hivemq] [31cc00f6] INFO  - Started HiveMQ Health API in 821ms
2025-01-29 22:13:35,930 INFO c.h.h.t.HelmChartContainer - [test-hivemq-platform] [hivemq] [31cc00f6] INFO  - Starting HiveMQ extension system.
2025-01-29 22:13:36,254 INFO c.h.h.t.HelmChartContainer - [test-hivemq-platform] [hivemq] [31cc00f6] INFO  - Starting extension with id "hivemq-dns-cluster-discovery" at /opt/hivemq/extensions/hivemq-dns-cluster-discovery
2025-01-29 22:13:36,349 INFO c.h.h.t.HelmChartContainer - [hivemq-test-hivemq-platform] [hivemq-platform-operator] [f20d46c8] 22:13:36.347 [pool-6-thread-37] DEBUG c.h.p.o.d.PlatformServiceResource - [helmcust] Desired Platform services (3 services)
2025-01-29 22:13:36,353 INFO c.h.h.t.HelmChartContainer - [hivemq-test-hivemq-platform] [hivemq-platform-operator] [f20d46c8] 22:13:36.348 [pool-6-thread-33] DEBUG c.h.p.o.dependants.PodInfoConfigMap - [helmcust] Desired PodInfo ConfigMap (1 extensions) (1 enabled)
2025-01-29 22:13:36,355 INFO c.h.h.t.HelmChartContainer - [hivemq-test-hivemq-platform] [hivemq-platform-operator] [f20d46c8] 22:13:36.352 [pool-6-thread-33] DEBUG c.h.p.o.dependants.PodInfoConfigMap - [helmcust] Desired PodInfo ConfigMap (metrics port: 9399) (metrics path: /)
2025-01-29 22:13:36,355 INFO c.h.h.t.HelmChartContainer - [hivemq-test-hivemq-platform] [hivemq-platform-operator] [f20d46c8] 22:13:36.352 [pool-6-thread-33] DEBUG c.h.p.o.dependants.PodInfoConfigMap - [helmcust] Desired PodInfo ConfigMap (extension state hash: -1817474005)
2025-01-29 22:13:36,355 INFO c.h.h.t.HelmChartContainer - [hivemq-test-hivemq-platform] [hivemq-platform-operator] [f20d46c8] 22:13:36.349 [pool-6-thread-35] DEBUG c.h.p.o.d.PodServiceAccountResource - [helmcust] Desired PodServiceAccountResource (serviceAccountName: hivemq-platform-pod-test-hivemq-platform)
2025-01-29 22:13:36,357 INFO c.h.h.t.HelmChartContainer - [hivemq-test-hivemq-platform] [hivemq-platform-operator] [f20d46c8] 22:13:36.356 [pool-6-thread-37] DEBUG c.h.p.o.d.StatefulSetResource - [helmcust] Desired StatefulSet (2 replicas) for status STARTING (READY)
2025-01-29 22:13:36,360 INFO c.h.h.t.HelmChartContainer - [hivemq-test-hivemq-platform] [hivemq-platform-operator] [f20d46c8] 22:13:36.360 [ReconcilerExecutor-hivemq-controller-113] INFO  c.h.p.o.HiveMQPlatformReconciler - [helmcust] Reconciling HiveMQ Platform 'test-hivemq-platform' in namespace 'helmcustomconfigit'
2025-01-29 22:13:36,363 INFO c.h.h.t.HelmChartContainer - [hivemq-test-hivemq-platform] [hivemq-platform-operator] [f20d46c8] 22:13:36.360 [ReconcilerExecutor-hivemq-controller-113] DEBUG c.h.p.o.HiveMQPlatformReconciler - [helmcust] Custom Resource Status STARTING - HiveMQ Platform is starting (READY)
2025-01-29 22:13:36,363 INFO c.h.h.t.HelmChartContainer - [hivemq-test-hivemq-platform] [hivemq-platform-operator] [f20d46c8] 22:13:36.360 [ReconcilerExecutor-hivemq-controller-113] DEBUG c.h.p.o.HiveMQPlatformReconciler - [helmcust] Custom Resource Spec (replicas: 2) (extensions: 1)
2025-01-29 22:13:36,364 INFO c.h.h.t.HelmChartContainer - [hivemq-test-hivemq-platform] [hivemq-platform-operator] [f20d46c8] 22:13:36.361 [ReconcilerExecutor-hivemq-controller-113] DEBUG c.h.p.o.HiveMQPlatformReconciler - [helmcust] StatefulSet Status (revision: test-hivemq-platform-86bfbd5557, replicas: 1, available: 0, ready: 0, current: 1, updated: 1)
2025-01-29 22:13:36,364 INFO c.h.h.t.HelmChartContainer - [hivemq-test-hivemq-platform] [hivemq-platform-operator] [f20d46c8] 22:13:36.361 [ReconcilerExecutor-hivemq-controller-113] DEBUG c.h.p.o.HiveMQPlatformReconciler - [helmcust] StatefulSet Spec (replicas: 2, init containers: 1, containers: 1, volumes: 3)
2025-01-29 22:13:36,367 INFO c.h.h.t.HelmChartContainer - [hivemq-test-hivemq-platform] [hivemq-platform-operator] [f20d46c8] 22:13:36.366 [ReconcilerExecutor-hivemq-controller-113] DEBUG c.h.p.o.h.HiveMQPlatformReconcilerErrorHandler - [helmcust] Pod 'test-hivemq-platform-0' phase Running
2025-01-29 22:13:36,367 INFO c.h.h.t.HelmChartContainer - [hivemq-test-hivemq-platform] [hivemq-platform-operator] [f20d46c8] 22:13:36.366 [ReconcilerExecutor-hivemq-controller-113] INFO  c.h.p.o.h.HiveMQPlatformReconcilerBaseHandler - [helmcust] HiveMQ Platform is starting, 0 of 2 replicas are ready
2025-01-29 22:13:36,923 INFO c.h.h.t.HelmChartContainer - [test-hivemq-platform] [hivemq] [31cc00f6] INFO  - Extension "DNS Cluster Discovery Extension" version 4.3.2 started successfully.
2025-01-29 22:13:36,924 INFO c.h.h.t.HelmChartContainer - [test-hivemq-platform] [hivemq] [31cc00f6] INFO  - Starting extension with id "hivemq-prometheus-extension" at /opt/hivemq/extensions/hivemq-prometheus-extension
2025-01-29 22:13:37,153 INFO c.h.h.t.HelmChartContainer - [test-hivemq-platform] [hivemq] [31cc00f6] INFO  - Using TCP cluster transport on address 10.42.0.8 and port 7000
2025-01-29 22:13:37,279 INFO c.h.h.t.HelmChartContainer - [EVENT] Warning [Unhealthy] Readiness probe failed: Get "http://10.42.0.8:7979/readiness": context deadline exceeded (Client.Timeout exceeded while awaiting headers) [helmcustomconfigit:test-hivemq-platform-0]
2025-01-29 22:13:37,280 INFO c.h.h.t.HelmChartContainer - Received Unhealthy event for container hivemq in pod test-hivemq-platform-0 [31cc00f6-2303-46be-96c2-7b9dd93662ab]
2025-01-29 22:13:37,325 INFO c.h.h.t.HelmChartContainer - [test-hivemq-platform] [hivemq] [31cc00f6] INFO  - Using extension cluster discovery
2025-01-29 22:13:38,253 INFO c.h.h.t.HelmChartContainer - [test-hivemq-platform] [hivemq] [31cc00f6] INFO  - [HiveMQ Platform Operator Init App 1.7.0-SNAPSHOT] Returning Health API response 503 for readiness
2025-01-29 22:13:38,355 INFO c.h.h.t.HelmChartContainer - [test-hivemq-platform] [hivemq] [31cc00f6] INFO  - Started Jetty Server exposing Prometheus Servlet on URI http://0.0.0.0:9399/
2025-01-29 22:13:38,355 INFO c.h.h.t.HelmChartContainer - [test-hivemq-platform] [hivemq] [31cc00f6] INFO  - Extension "Prometheus Monitoring Extension" version 4.0.12 started successfully.
2025-01-29 22:13:38,356 INFO c.h.h.t.HelmChartContainer - [test-hivemq-platform] [hivemq] [31cc00f6] INFO  - Starting extension with id "hivemq-allow-all-extension" at /opt/hivemq/extensions/hivemq-allow-all-extension
2025-01-29 22:13:38,357 INFO c.h.h.t.HelmChartContainer - [test-hivemq-platform] [hivemq] [31cc00f6] WARN  - 
2025-01-29 22:13:38,358 INFO c.h.h.t.HelmChartContainer - [test-hivemq-platform] [hivemq] [31cc00f6] ################################################################################################################
2025-01-29 22:13:38,358 INFO c.h.h.t.HelmChartContainer - [test-hivemq-platform] [hivemq] [31cc00f6] # This HiveMQ deployment is not secure! You are lacking Authentication and Authorization.                      #
2025-01-29 22:13:38,358 INFO c.h.h.t.HelmChartContainer - [test-hivemq-platform] [hivemq] [31cc00f6] # Right now any MQTT client can connect to the broker with a full set of permissions.                          #
2025-01-29 22:13:38,358 INFO c.h.h.t.HelmChartContainer - [test-hivemq-platform] [hivemq] [31cc00f6] # For production usage, add an appropriate security extension and remove the hivemq-allow-all extension.       #
2025-01-29 22:13:38,358 INFO c.h.h.t.HelmChartContainer - [test-hivemq-platform] [hivemq] [31cc00f6] # You can download security extensions from the HiveMQ Marketplace (https://www.hivemq.com/extensions/).       #
2025-01-29 22:13:38,358 INFO c.h.h.t.HelmChartContainer - [test-hivemq-platform] [hivemq] [31cc00f6] ################################################################################################################
2025-01-29 22:13:38,358 INFO c.h.h.t.HelmChartContainer - [test-hivemq-platform] [hivemq] [31cc00f6] INFO  - Extension "Allow All Extension" version 1.1.1 started successfully.
2025-01-29 22:13:40,352 INFO c.h.h.t.HelmChartContainer - [test-hivemq-platform] [hivemq] [31cc00f6] INFO  - GDMoV: no members discovered after 2103 ms: creating cluster as first member
2025-01-29 22:13:40,359 INFO c.h.h.t.HelmChartContainer - [test-hivemq-platform] [hivemq] [31cc00f6] INFO  - Cluster nodes found by discovery: [GDMoV|0] (1) [GDMoV].
2025-01-29 22:13:40,378 INFO c.h.h.t.HelmChartContainer - [test-hivemq-platform] [hivemq] [31cc00f6] WARN  - No user for HiveMQ Control Center configured. Starting with default user
2025-01-29 22:13:40,378 INFO c.h.h.t.HelmChartContainer - [test-hivemq-platform] [hivemq] [31cc00f6] INFO  - Starting HiveMQ Control Center on address 0.0.0.0 and port 8080
2025-01-29 22:13:40,450 INFO c.h.h.t.HelmChartContainer - [test-hivemq-platform] [hivemq] [31cc00f6] INFO  - Mounting HiveMQ Control Center V2 Preview
2025-01-29 22:13:41,066 INFO c.h.h.t.HelmChartContainer - [test-hivemq-platform] [hivemq] [31cc00f6] INFO  - Started HiveMQ Control Center in 688ms
2025-01-29 22:13:41,161 INFO c.h.h.t.HelmChartContainer - [test-hivemq-platform] [hivemq] [31cc00f6] INFO  - Starting TCP listener on address 0.0.0.0 and port 1883
2025-01-29 22:13:41,254 INFO c.h.h.t.HelmChartContainer - [test-hivemq-platform] [hivemq] [31cc00f6] INFO  - Started TCP Listener on address 0.0.0.0 and on port 1883.
2025-01-29 22:13:41,254 INFO c.h.h.t.HelmChartContainer - [test-hivemq-platform] [hivemq] [31cc00f6] INFO  - Started HiveMQ in 33429ms
2025-01-29 22:13:41,256 INFO c.h.h.t.HelmChartContainer - [test-hivemq-platform] [hivemq] [31cc00f6] INFO  - [HiveMQ Platform Operator Init App 1.7.0-SNAPSHOT] Returning Health API response 200 for readiness
2025-01-29 22:13:41,272 INFO c.h.h.t.HelmChartContainer - [POD] test-hivemq-platform-0 [31cc00f6-2303-46be-96c2-7b9dd93662ab] in helmcustomconfigit was MODIFIED
2025-01-29 22:13:41,289 INFO c.h.h.t.HelmChartContainer - [hivemq-test-hivemq-platform] [hivemq-platform-operator] [f20d46c8] 22:13:41.281 [pool-6-thread-46] DEBUG c.h.p.o.d.PlatformServiceResource - [helmcust] Desired Platform services (3 services)
2025-01-29 22:13:41,289 INFO c.h.h.t.HelmChartContainer - [hivemq-test-hivemq-platform] [hivemq-platform-operator] [f20d46c8] 22:13:41.283 [pool-6-thread-43] DEBUG c.h.p.o.dependants.PodInfoConfigMap - [helmcust] Desired PodInfo ConfigMap (1 extensions) (1 enabled)
2025-01-29 22:13:41,289 INFO c.h.h.t.HelmChartContainer - [hivemq-test-hivemq-platform] [hivemq-platform-operator] [f20d46c8] 22:13:41.285 [pool-6-thread-45] DEBUG c.h.p.o.d.PodServiceAccountResource - [helmcust] Desired PodServiceAccountResource (serviceAccountName: hivemq-platform-pod-test-hivemq-platform)
2025-01-29 22:13:41,290 INFO c.h.h.t.HelmChartContainer - [hivemq-test-hivemq-platform] [hivemq-platform-operator] [f20d46c8] 22:13:41.285 [pool-6-thread-43] DEBUG c.h.p.o.dependants.PodInfoConfigMap - [helmcust] Desired PodInfo ConfigMap (metrics port: 9399) (metrics path: /)
2025-01-29 22:13:41,290 INFO c.h.h.t.HelmChartContainer - [hivemq-test-hivemq-platform] [hivemq-platform-operator] [f20d46c8] 22:13:41.285 [pool-6-thread-43] DEBUG c.h.p.o.dependants.PodInfoConfigMap - [helmcust] Desired PodInfo ConfigMap (extension state hash: -1817474005)
2025-01-29 22:13:41,297 INFO c.h.h.t.HelmChartContainer - [hivemq-test-hivemq-platform] [hivemq-platform-operator] [f20d46c8] 22:13:41.295 [pool-6-thread-46] DEBUG c.h.p.o.d.StatefulSetResource - [helmcust] Desired StatefulSet (2 replicas) for status STARTING (READY)
2025-01-29 22:13:41,304 INFO c.h.h.t.HelmChartContainer - [POD] test-hivemq-platform-1 [c6d040f6-94f4-4001-9e0c-7513b9e2ddf8] in helmcustomconfigit was ADDED
2025-01-29 22:13:41,308 INFO c.h.h.t.HelmChartContainer - [EVENT] Normal [SuccessfulCreate] create Pod test-hivemq-platform-1 in StatefulSet test-hivemq-platform successful [helmcustomconfigit:test-hivemq-platform]
2025-01-29 22:13:41,316 INFO c.h.h.t.HelmChartContainer - [POD] test-hivemq-platform-1 [c6d040f6-94f4-4001-9e0c-7513b9e2ddf8] in helmcustomconfigit was MODIFIED
2025-01-29 22:13:41,341 INFO c.h.h.t.HelmChartContainer - [hivemq-test-hivemq-platform] [hivemq-platform-operator] [f20d46c8] 22:13:41.331 [ReconcilerExecutor-hivemq-controller-114] INFO  c.h.p.o.HiveMQPlatformReconciler - [helmcust] Reconciling HiveMQ Platform 'test-hivemq-platform' in namespace 'helmcustomconfigit'
2025-01-29 22:13:41,343 INFO c.h.h.t.HelmChartContainer - [hivemq-test-hivemq-platform] [hivemq-platform-operator] [f20d46c8] 22:13:41.333 [ReconcilerExecutor-hivemq-controller-114] DEBUG c.h.p.o.HiveMQPlatformReconciler - [helmcust] Custom Resource Status STARTING - HiveMQ Platform is starting (READY)
2025-01-29 22:13:41,343 INFO c.h.h.t.HelmChartContainer - [hivemq-test-hivemq-platform] [hivemq-platform-operator] [f20d46c8] 22:13:41.333 [ReconcilerExecutor-hivemq-controller-114] DEBUG c.h.p.o.HiveMQPlatformReconciler - [helmcust] Custom Resource Spec (replicas: 2) (extensions: 1)
2025-01-29 22:13:41,343 INFO c.h.h.t.HelmChartContainer - [hivemq-test-hivemq-platform] [hivemq-platform-operator] [f20d46c8] 22:13:41.337 [ReconcilerExecutor-hivemq-controller-114] DEBUG c.h.p.o.HiveMQPlatformReconciler - [helmcust] StatefulSet Status (revision: test-hivemq-platform-86bfbd5557, replicas: 1, available: 1, ready: 1, current: 1, updated: 1)
2025-01-29 22:13:41,343 INFO c.h.h.t.HelmChartContainer - [hivemq-test-hivemq-platform] [hivemq-platform-operator] [f20d46c8] 22:13:41.337 [ReconcilerExecutor-hivemq-controller-114] DEBUG c.h.p.o.HiveMQPlatformReconciler - [helmcust] StatefulSet Spec (replicas: 2, init containers: 1, containers: 1, volumes: 3)
2025-01-29 22:13:41,344 INFO c.h.h.t.HelmChartContainer - [hivemq-test-hivemq-platform] [hivemq-platform-operator] [f20d46c8] 22:13:41.339 [ReconcilerExecutor-hivemq-controller-114] DEBUG c.h.p.o.h.HiveMQPlatformReconcilerErrorHandler - [helmcust] Pod 'test-hivemq-platform-1' phase Pending
2025-01-29 22:13:41,344 INFO c.h.h.t.HelmChartContainer - [hivemq-test-hivemq-platform] [hivemq-platform-operator] [f20d46c8] 22:13:41.340 [ReconcilerExecutor-hivemq-controller-114] DEBUG c.h.p.o.h.HiveMQPlatformReconcilerErrorHandler - [helmcust] Pod 'test-hivemq-platform-1' condition 'PodScheduled': True
2025-01-29 22:13:41,345 INFO c.h.h.t.HelmChartContainer - [EVENT] Normal [Scheduled] Successfully assigned helmcustomconfigit/test-hivemq-platform-1 to 6c7c6f7dc8ee [helmcustomconfigit:test-hivemq-platform-1]
2025-01-29 22:13:41,354 INFO c.h.h.t.HelmChartContainer - [POD] test-hivemq-platform-1 [c6d040f6-94f4-4001-9e0c-7513b9e2ddf8] in helmcustomconfigit was MODIFIED
2025-01-29 22:13:41,395 INFO c.h.h.t.HelmChartContainer - [K3S] [reconciler_common.go:251] "operationExecutor.VerifyControllerAttachedVolume started for volume \"operator-init\" (UniqueName: \"kubernetes.io/empty-dir/c6d040f6-94f4-4001-9e0c-7513b9e2ddf8-operator-init\") pod \"test-hivemq-platform-1\" (UID: \"c6d040f6-94f4-4001-9e0c-7513b9e2ddf8\") " pod="helmcustomconfigit/test-hivemq-platform-1"
2025-01-29 22:13:41,396 INFO c.h.h.t.HelmChartContainer - [K3S] [reconciler_common.go:251] "operationExecutor.VerifyControllerAttachedVolume started for volume \"kube-api-access-dkrmj\" (UniqueName: \"kubernetes.io/projected/c6d040f6-94f4-4001-9e0c-7513b9e2ddf8-kube-api-access-dkrmj\") pod \"test-hivemq-platform-1\" (UID: \"c6d040f6-94f4-4001-9e0c-7513b9e2ddf8\") " pod="helmcustomconfigit/test-hivemq-platform-1"
2025-01-29 22:13:41,396 INFO c.h.h.t.HelmChartContainer - [K3S] [reconciler_common.go:251] "operationExecutor.VerifyControllerAttachedVolume started for volume \"pod-info\" (UniqueName: \"kubernetes.io/configmap/c6d040f6-94f4-4001-9e0c-7513b9e2ddf8-pod-info\") pod \"test-hivemq-platform-1\" (UID: \"c6d040f6-94f4-4001-9e0c-7513b9e2ddf8\") " pod="helmcustomconfigit/test-hivemq-platform-1"
2025-01-29 22:13:41,396 INFO c.h.h.t.HelmChartContainer - [K3S] [reconciler_common.go:251] "operationExecutor.VerifyControllerAttachedVolume started for volume \"broker-configuration\" (UniqueName: \"kubernetes.io/configmap/c6d040f6-94f4-4001-9e0c-7513b9e2ddf8-broker-configuration\") pod \"test-hivemq-platform-1\" (UID: \"c6d040f6-94f4-4001-9e0c-7513b9e2ddf8\") " pod="helmcustomconfigit/test-hivemq-platform-1"
2025-01-29 22:13:41,414 INFO c.h.h.t.HelmChartContainer - [hivemq-test-hivemq-platform] [hivemq-platform-operator] [f20d46c8] 22:13:41.412 [ReconcilerExecutor-hivemq-controller-114] DEBUG c.h.p.o.h.HiveMQPlatformReconcilerErrorHandler - [helmcust] Pod 'test-hivemq-platform-0' phase Running
2025-01-29 22:13:41,416 INFO c.h.h.t.HelmChartContainer - [hivemq-test-hivemq-platform] [hivemq-platform-operator] [f20d46c8] 22:13:41.414 [ReconcilerExecutor-hivemq-controller-114] INFO  c.h.p.o.h.HiveMQPlatformReconcilerBaseHandler - [helmcust] HiveMQ Platform is starting, 1 of 2 replicas are ready
2025-01-29 22:13:41,426 INFO c.h.h.t.HelmChartContainer - [hivemq-test-hivemq-platform] [hivemq-platform-operator] [f20d46c8] 22:13:41.421 [pool-6-thread-5] DEBUG c.h.p.o.d.PlatformServiceResource - [helmcust] Desired Platform services (3 services)
2025-01-29 22:13:41,426 INFO c.h.h.t.HelmChartContainer - [hivemq-test-hivemq-platform] [hivemq-platform-operator] [f20d46c8] 22:13:41.424 [pool-6-thread-4] DEBUG c.h.p.o.d.PodServiceAccountResource - [helmcust] Desired PodServiceAccountResource (serviceAccountName: hivemq-platform-pod-test-hivemq-platform)
2025-01-29 22:13:41,428 INFO c.h.h.t.HelmChartContainer - [hivemq-test-hivemq-platform] [hivemq-platform-operator] [f20d46c8] 22:13:41.425 [pool-6-thread-3] DEBUG c.h.p.o.dependants.PodInfoConfigMap - [helmcust] Desired PodInfo ConfigMap (1 extensions) (1 enabled)
2025-01-29 22:13:41,428 INFO c.h.h.t.HelmChartContainer - [hivemq-test-hivemq-platform] [hivemq-platform-operator] [f20d46c8] 22:13:41.425 [pool-6-thread-3] DEBUG c.h.p.o.dependants.PodInfoConfigMap - [helmcust] Desired PodInfo ConfigMap (metrics port: 9399) (metrics path: /)
2025-01-29 22:13:41,428 INFO c.h.h.t.HelmChartContainer - [hivemq-test-hivemq-platform] [hivemq-platform-operator] [f20d46c8] 22:13:41.425 [pool-6-thread-3] DEBUG c.h.p.o.dependants.PodInfoConfigMap - [helmcust] Desired PodInfo ConfigMap (extension state hash: -1817474005)
2025-01-29 22:13:41,433 INFO c.h.h.t.HelmChartContainer - [hivemq-test-hivemq-platform] [hivemq-platform-operator] [f20d46c8] 22:13:41.432 [pool-6-thread-6] DEBUG c.h.p.o.d.StatefulSetResource - [helmcust] Desired StatefulSet (2 replicas) for status STARTING (READY)
2025-01-29 22:13:41,513 INFO c.h.h.t.HelmChartContainer - [hivemq-test-hivemq-platform] [hivemq-platform-operator] [f20d46c8] 22:13:41.510 [ReconcilerExecutor-hivemq-controller-115] INFO  c.h.p.o.HiveMQPlatformReconciler - [helmcust] Reconciling HiveMQ Platform 'test-hivemq-platform' in namespace 'helmcustomconfigit'
2025-01-29 22:13:41,513 INFO c.h.h.t.HelmChartContainer - [hivemq-test-hivemq-platform] [hivemq-platform-operator] [f20d46c8] 22:13:41.510 [ReconcilerExecutor-hivemq-controller-115] DEBUG c.h.p.o.HiveMQPlatformReconciler - [helmcust] Custom Resource Status STARTING - HiveMQ Platform is starting (READY)
2025-01-29 22:13:41,513 INFO c.h.h.t.HelmChartContainer - [hivemq-test-hivemq-platform] [hivemq-platform-operator] [f20d46c8] 22:13:41.510 [ReconcilerExecutor-hivemq-controller-115] DEBUG c.h.p.o.HiveMQPlatformReconciler - [helmcust] Custom Resource Spec (replicas: 2) (extensions: 1)
2025-01-29 22:13:41,515 INFO c.h.h.t.HelmChartContainer - [hivemq-test-hivemq-platform] [hivemq-platform-operator] [f20d46c8] 22:13:41.513 [ReconcilerExecutor-hivemq-controller-115] DEBUG c.h.p.o.HiveMQPlatformReconciler - [helmcust] StatefulSet Status (revision: test-hivemq-platform-86bfbd5557, replicas: 2, available: 1, ready: 1, current: 2, updated: 2)
2025-01-29 22:13:41,515 INFO c.h.h.t.HelmChartContainer - [hivemq-test-hivemq-platform] [hivemq-platform-operator] [f20d46c8] 22:13:41.513 [ReconcilerExecutor-hivemq-controller-115] DEBUG c.h.p.o.HiveMQPlatformReconciler - [helmcust] StatefulSet Spec (replicas: 2, init containers: 1, containers: 1, volumes: 3)
2025-01-29 22:13:41,517 INFO c.h.h.t.HelmChartContainer - [hivemq-test-hivemq-platform] [hivemq-platform-operator] [f20d46c8] 22:13:41.514 [ReconcilerExecutor-hivemq-controller-115] DEBUG c.h.p.o.h.HiveMQPlatformReconcilerErrorHandler - [helmcust] Pod 'test-hivemq-platform-1' phase Pending
2025-01-29 22:13:41,518 INFO c.h.h.t.HelmChartContainer - [hivemq-test-hivemq-platform] [hivemq-platform-operator] [f20d46c8] 22:13:41.515 [ReconcilerExecutor-hivemq-controller-115] DEBUG c.h.p.o.h.HiveMQPlatformReconcilerErrorHandler - [helmcust] Pod 'test-hivemq-platform-1' condition 'PodReadyToStartContainers': False
2025-01-29 22:13:41,518 INFO c.h.h.t.HelmChartContainer - [hivemq-test-hivemq-platform] [hivemq-platform-operator] [f20d46c8] 22:13:41.515 [ReconcilerExecutor-hivemq-controller-115] DEBUG c.h.p.o.h.HiveMQPlatformReconcilerErrorHandler - [helmcust] Pod 'test-hivemq-platform-1' condition 'Initialized': False
2025-01-29 22:13:41,518 INFO c.h.h.t.HelmChartContainer - [hivemq-test-hivemq-platform] [hivemq-platform-operator] [f20d46c8] 22:13:41.516 [ReconcilerExecutor-hivemq-controller-115] DEBUG c.h.p.o.h.HiveMQPlatformReconcilerErrorHandler - [helmcust] Pod 'test-hivemq-platform-1' condition 'Ready': False
2025-01-29 22:13:41,518 INFO c.h.h.t.HelmChartContainer - [hivemq-test-hivemq-platform] [hivemq-platform-operator] [f20d46c8] 22:13:41.516 [ReconcilerExecutor-hivemq-controller-115] DEBUG c.h.p.o.h.HiveMQPlatformReconcilerErrorHandler - [helmcust] Pod 'test-hivemq-platform-1' condition 'ContainersReady': False
2025-01-29 22:13:41,518 INFO c.h.h.t.HelmChartContainer - [hivemq-test-hivemq-platform] [hivemq-platform-operator] [f20d46c8] 22:13:41.516 [ReconcilerExecutor-hivemq-controller-115] DEBUG c.h.p.o.h.HiveMQPlatformReconcilerErrorHandler - [helmcust] Pod 'test-hivemq-platform-1' condition 'PodScheduled': True
2025-01-29 22:13:41,518 INFO c.h.h.t.HelmChartContainer - [hivemq-test-hivemq-platform] [hivemq-platform-operator] [f20d46c8] 22:13:41.516 [ReconcilerExecutor-hivemq-controller-115] DEBUG c.h.p.o.h.HiveMQPlatformReconcilerErrorHandler - [helmcust] Pod 'test-hivemq-platform-1' containerStatus 'hivemq' (started: false) (ready: false) (waiting: [PodInitializing] null)
2025-01-29 22:13:41,519 INFO c.h.h.t.HelmChartContainer - [hivemq-test-hivemq-platform] [hivemq-platform-operator] [f20d46c8] 22:13:41.517 [ReconcilerExecutor-hivemq-controller-115] DEBUG c.h.p.o.h.HiveMQPlatformReconcilerErrorHandler - [helmcust] Pod 'test-hivemq-platform-0' phase Running
2025-01-29 22:13:41,520 INFO c.h.h.t.HelmChartContainer - [hivemq-test-hivemq-platform] [hivemq-platform-operator] [f20d46c8] 22:13:41.519 [ReconcilerExecutor-hivemq-controller-115] INFO  c.h.p.o.h.HiveMQPlatformReconcilerBaseHandler - [helmcust] HiveMQ Platform is starting, 1 of 2 replicas are ready
2025-01-29 22:13:41,524 INFO c.h.h.t.HelmChartContainer - [hivemq-test-hivemq-platform] [hivemq-platform-operator] [f20d46c8] 22:13:41.523 [pool-6-thread-17] DEBUG c.h.p.o.d.PlatformServiceResource - [helmcust] Desired Platform services (3 services)
2025-01-29 22:13:41,526 INFO c.h.h.t.HelmChartContainer - [hivemq-test-hivemq-platform] [hivemq-platform-operator] [f20d46c8] 22:13:41.524 [pool-6-thread-16] DEBUG c.h.p.o.d.PodServiceAccountResource - [helmcust] Desired PodServiceAccountResource (serviceAccountName: hivemq-platform-pod-test-hivemq-platform)
2025-01-29 22:13:41,528 INFO c.h.h.t.HelmChartContainer - [hivemq-test-hivemq-platform] [hivemq-platform-operator] [f20d46c8] 22:13:41.526 [pool-6-thread-18] DEBUG c.h.p.o.dependants.PodInfoConfigMap - [helmcust] Desired PodInfo ConfigMap (1 extensions) (1 enabled)
2025-01-29 22:13:41,529 INFO c.h.h.t.HelmChartContainer - [hivemq-test-hivemq-platform] [hivemq-platform-operator] [f20d46c8] 22:13:41.527 [pool-6-thread-18] DEBUG c.h.p.o.dependants.PodInfoConfigMap - [helmcust] Desired PodInfo ConfigMap (metrics port: 9399) (metrics path: /)
2025-01-29 22:13:41,529 INFO c.h.h.t.HelmChartContainer - [hivemq-test-hivemq-platform] [hivemq-platform-operator] [f20d46c8] 22:13:41.527 [pool-6-thread-18] DEBUG c.h.p.o.dependants.PodInfoConfigMap - [helmcust] Desired PodInfo ConfigMap (extension state hash: -1817474005)
2025-01-29 22:13:41,618 INFO c.h.h.t.HelmChartContainer - [hivemq-test-hivemq-platform] [hivemq-platform-operator] [f20d46c8] 22:13:41.614 [pool-6-thread-17] DEBUG c.h.p.o.d.StatefulSetResource - [helmcust] Desired StatefulSet (2 replicas) for status STARTING (READY)
2025-01-29 22:13:41,619 INFO c.h.h.t.HelmChartContainer - [hivemq-test-hivemq-platform] [hivemq-platform-operator] [f20d46c8] 22:13:41.618 [ReconcilerExecutor-hivemq-controller-116] INFO  c.h.p.o.HiveMQPlatformReconciler - [helmcust] Reconciling HiveMQ Platform 'test-hivemq-platform' in namespace 'helmcustomconfigit'
2025-01-29 22:13:41,621 INFO c.h.h.t.HelmChartContainer - [hivemq-test-hivemq-platform] [hivemq-platform-operator] [f20d46c8] 22:13:41.619 [ReconcilerExecutor-hivemq-controller-116] DEBUG c.h.p.o.HiveMQPlatformReconciler - [helmcust] Custom Resource Status STARTING - HiveMQ Platform is starting (READY)
2025-01-29 22:13:41,621 INFO c.h.h.t.HelmChartContainer - [hivemq-test-hivemq-platform] [hivemq-platform-operator] [f20d46c8] 22:13:41.619 [ReconcilerExecutor-hivemq-controller-116] DEBUG c.h.p.o.HiveMQPlatformReconciler - [helmcust] Custom Resource Spec (replicas: 2) (extensions: 1)
2025-01-29 22:13:41,625 INFO c.h.h.t.HelmChartContainer - [hivemq-test-hivemq-platform] [hivemq-platform-operator] [f20d46c8] 22:13:41.624 [ReconcilerExecutor-hivemq-controller-116] DEBUG c.h.p.o.HiveMQPlatformReconciler - [helmcust] StatefulSet Status (revision: test-hivemq-platform-86bfbd5557, replicas: 2, available: 1, ready: 1, current: 2, updated: 2)
2025-01-29 22:13:41,627 INFO c.h.h.t.HelmChartContainer - [hivemq-test-hivemq-platform] [hivemq-platform-operator] [f20d46c8] 22:13:41.624 [ReconcilerExecutor-hivemq-controller-116] DEBUG c.h.p.o.HiveMQPlatformReconciler - [helmcust] StatefulSet Spec (replicas: 2, init containers: 1, containers: 1, volumes: 3)
2025-01-29 22:13:41,627 INFO c.h.h.t.HelmChartContainer - [hivemq-test-hivemq-platform] [hivemq-platform-operator] [f20d46c8] 22:13:41.625 [ReconcilerExecutor-hivemq-controller-116] DEBUG c.h.p.o.h.HiveMQPlatformReconcilerErrorHandler - [helmcust] Pod 'test-hivemq-platform-1' phase Pending
2025-01-29 22:13:41,628 INFO c.h.h.t.HelmChartContainer - [hivemq-test-hivemq-platform] [hivemq-platform-operator] [f20d46c8] 22:13:41.625 [ReconcilerExecutor-hivemq-controller-116] DEBUG c.h.p.o.h.HiveMQPlatformReconcilerErrorHandler - [helmcust] Pod 'test-hivemq-platform-1' condition 'PodReadyToStartContainers': False
2025-01-29 22:13:41,628 INFO c.h.h.t.HelmChartContainer - [hivemq-test-hivemq-platform] [hivemq-platform-operator] [f20d46c8] 22:13:41.626 [ReconcilerExecutor-hivemq-controller-116] DEBUG c.h.p.o.h.HiveMQPlatformReconcilerErrorHandler - [helmcust] Pod 'test-hivemq-platform-1' condition 'Initialized': False
2025-01-29 22:13:41,628 INFO c.h.h.t.HelmChartContainer - [hivemq-test-hivemq-platform] [hivemq-platform-operator] [f20d46c8] 22:13:41.626 [ReconcilerExecutor-hivemq-controller-116] DEBUG c.h.p.o.h.HiveMQPlatformReconcilerErrorHandler - [helmcust] Pod 'test-hivemq-platform-1' condition 'Ready': False
2025-01-29 22:13:41,628 INFO c.h.h.t.HelmChartContainer - [hivemq-test-hivemq-platform] [hivemq-platform-operator] [f20d46c8] 22:13:41.626 [ReconcilerExecutor-hivemq-controller-116] DEBUG c.h.p.o.h.HiveMQPlatformReconcilerErrorHandler - [helmcust] Pod 'test-hivemq-platform-1' condition 'ContainersReady': False
2025-01-29 22:13:41,628 INFO c.h.h.t.HelmChartContainer - [hivemq-test-hivemq-platform] [hivemq-platform-operator] [f20d46c8] 22:13:41.626 [ReconcilerExecutor-hivemq-controller-116] DEBUG c.h.p.o.h.HiveMQPlatformReconcilerErrorHandler - [helmcust] Pod 'test-hivemq-platform-1' condition 'PodScheduled': True
2025-01-29 22:13:41,628 INFO c.h.h.t.HelmChartContainer - [hivemq-test-hivemq-platform] [hivemq-platform-operator] [f20d46c8] 22:13:41.626 [ReconcilerExecutor-hivemq-controller-116] DEBUG c.h.p.o.h.HiveMQPlatformReconcilerErrorHandler - [helmcust] Pod 'test-hivemq-platform-1' containerStatus 'hivemq' (started: false) (ready: false) (waiting: [PodInitializing] null)
2025-01-29 22:13:41,630 INFO c.h.h.t.HelmChartContainer - [hivemq-test-hivemq-platform] [hivemq-platform-operator] [f20d46c8] 22:13:41.628 [ReconcilerExecutor-hivemq-controller-116] DEBUG c.h.p.o.h.HiveMQPlatformReconcilerErrorHandler - [helmcust] Pod 'test-hivemq-platform-0' phase Running
2025-01-29 22:13:41,630 INFO c.h.h.t.HelmChartContainer - [hivemq-test-hivemq-platform] [hivemq-platform-operator] [f20d46c8] 22:13:41.629 [ReconcilerExecutor-hivemq-controller-116] INFO  c.h.p.o.h.HiveMQPlatformReconcilerBaseHandler - [helmcust] HiveMQ Platform is starting, 1 of 2 replicas are ready
2025-01-29 22:13:41,737 INFO c.h.h.t.HelmChartContainer - [EVENT] Normal [Pulled] Container image "docker.io/hivemq/hivemq-platform-operator-init-test:snapshot" already present on machine [helmcustomconfigit:test-hivemq-platform-1]
2025-01-29 22:13:41,741 INFO c.h.h.t.HelmChartContainer - [EVENT] Normal [Created] Created container: hivemq-platform-operator-init [helmcustomconfigit:test-hivemq-platform-1]
2025-01-29 22:13:41,789 INFO c.h.h.t.HelmChartContainer - [EVENT] Normal [Started] Started container hivemq-platform-operator-init [helmcustomconfigit:test-hivemq-platform-1]
2025-01-29 22:13:42,363 INFO c.h.h.t.HelmChartContainer - [EVENT] Normal [Pulled] Container image "docker.io/hivemq/hivemq4:4.36.0" already present on machine [helmcustomconfigit:test-hivemq-platform-1]
2025-01-29 22:13:42,363 INFO c.h.h.t.HelmChartContainer - Received Pulled event for container hivemq in pod test-hivemq-platform-1 [c6d040f6-94f4-4001-9e0c-7513b9e2ddf8]
2025-01-29 22:13:42,377 INFO c.h.h.t.HelmChartContainer - [POD] test-hivemq-platform-1 [c6d040f6-94f4-4001-9e0c-7513b9e2ddf8] in helmcustomconfigit was MODIFIED
2025-01-29 22:13:42,391 INFO c.h.h.t.HelmChartContainer - [EVENT] Normal [Created] Created container: hivemq [helmcustomconfigit:test-hivemq-platform-1]
2025-01-29 22:13:42,392 INFO c.h.h.t.HelmChartContainer - Received Created event for container hivemq in pod test-hivemq-platform-1 [c6d040f6-94f4-4001-9e0c-7513b9e2ddf8]
2025-01-29 22:13:42,395 INFO c.h.h.t.HelmChartContainer - [hivemq-test-hivemq-platform] [hivemq-platform-operator] [f20d46c8] 22:13:42.392 [pool-6-thread-21] DEBUG c.h.p.o.d.PlatformServiceResource - [helmcust] Desired Platform services (3 services)
2025-01-29 22:13:42,405 INFO c.h.h.t.HelmChartContainer - [hivemq-test-hivemq-platform] [hivemq-platform-operator] [f20d46c8] 22:13:42.398 [pool-6-thread-22] DEBUG c.h.p.o.dependants.PodInfoConfigMap - [helmcust] Desired PodInfo ConfigMap (1 extensions) (1 enabled)
2025-01-29 22:13:42,405 INFO c.h.h.t.HelmChartContainer - [hivemq-test-hivemq-platform] [hivemq-platform-operator] [f20d46c8] 22:13:42.398 [pool-6-thread-22] DEBUG c.h.p.o.dependants.PodInfoConfigMap - [helmcust] Desired PodInfo ConfigMap (metrics port: 9399) (metrics path: /)
2025-01-29 22:13:42,405 INFO c.h.h.t.HelmChartContainer - [hivemq-test-hivemq-platform] [hivemq-platform-operator] [f20d46c8] 22:13:42.398 [pool-6-thread-22] DEBUG c.h.p.o.dependants.PodInfoConfigMap - [helmcust] Desired PodInfo ConfigMap (extension state hash: -1817474005)
2025-01-29 22:13:42,405 INFO c.h.h.t.HelmChartContainer - [hivemq-test-hivemq-platform] [hivemq-platform-operator] [f20d46c8] 22:13:42.398 [pool-6-thread-27] DEBUG c.h.p.o.d.PodServiceAccountResource - [helmcust] Desired PodServiceAccountResource (serviceAccountName: hivemq-platform-pod-test-hivemq-platform)
2025-01-29 22:13:42,408 INFO c.h.h.t.HelmChartContainer - [hivemq-test-hivemq-platform] [hivemq-platform-operator] [f20d46c8] 22:13:42.407 [pool-6-thread-22] DEBUG c.h.p.o.d.StatefulSetResource - [helmcust] Desired StatefulSet (2 replicas) for status STARTING (READY)
2025-01-29 22:13:42,428 INFO c.h.h.t.HelmChartContainer - [hivemq-test-hivemq-platform] [hivemq-platform-operator] [f20d46c8] 22:13:42.417 [ReconcilerExecutor-hivemq-controller-117] INFO  c.h.p.o.HiveMQPlatformReconciler - [helmcust] Reconciling HiveMQ Platform 'test-hivemq-platform' in namespace 'helmcustomconfigit'
2025-01-29 22:13:42,428 INFO c.h.h.t.HelmChartContainer - [hivemq-test-hivemq-platform] [hivemq-platform-operator] [f20d46c8] 22:13:42.417 [ReconcilerExecutor-hivemq-controller-117] DEBUG c.h.p.o.HiveMQPlatformReconciler - [helmcust] Custom Resource Status STARTING - HiveMQ Platform is starting (READY)
2025-01-29 22:13:42,428 INFO c.h.h.t.HelmChartContainer - [hivemq-test-hivemq-platform] [hivemq-platform-operator] [f20d46c8] 22:13:42.417 [ReconcilerExecutor-hivemq-controller-117] DEBUG c.h.p.o.HiveMQPlatformReconciler - [helmcust] Custom Resource Spec (replicas: 2) (extensions: 1)
2025-01-29 22:13:42,428 INFO c.h.h.t.HelmChartContainer - [hivemq-test-hivemq-platform] [hivemq-platform-operator] [f20d46c8] 22:13:42.418 [ReconcilerExecutor-hivemq-controller-117] DEBUG c.h.p.o.HiveMQPlatformReconciler - [helmcust] StatefulSet Status (revision: test-hivemq-platform-86bfbd5557, replicas: 2, available: 1, ready: 1, current: 2, updated: 2)
2025-01-29 22:13:42,428 INFO c.h.h.t.HelmChartContainer - [hivemq-test-hivemq-platform] [hivemq-platform-operator] [f20d46c8] 22:13:42.419 [ReconcilerExecutor-hivemq-controller-117] DEBUG c.h.p.o.HiveMQPlatformReconciler - [helmcust] StatefulSet Spec (replicas: 2, init containers: 1, containers: 1, volumes: 3)
2025-01-29 22:13:42,428 INFO c.h.h.t.HelmChartContainer - [hivemq-test-hivemq-platform] [hivemq-platform-operator] [f20d46c8] 22:13:42.420 [ReconcilerExecutor-hivemq-controller-117] DEBUG c.h.p.o.h.HiveMQPlatformReconcilerErrorHandler - [helmcust] Pod 'test-hivemq-platform-1' phase Pending
2025-01-29 22:13:42,428 INFO c.h.h.t.HelmChartContainer - [hivemq-test-hivemq-platform] [hivemq-platform-operator] [f20d46c8] 22:13:42.421 [ReconcilerExecutor-hivemq-controller-117] DEBUG c.h.p.o.h.HiveMQPlatformReconcilerErrorHandler - [helmcust] Pod 'test-hivemq-platform-1' condition 'PodReadyToStartContainers': True
2025-01-29 22:13:42,429 INFO c.h.h.t.HelmChartContainer - [hivemq-test-hivemq-platform] [hivemq-platform-operator] [f20d46c8] 22:13:42.421 [ReconcilerExecutor-hivemq-controller-117] DEBUG c.h.p.o.h.HiveMQPlatformReconcilerErrorHandler - [helmcust] Pod 'test-hivemq-platform-1' condition 'Initialized': True
2025-01-29 22:13:42,429 INFO c.h.h.t.HelmChartContainer - [hivemq-test-hivemq-platform] [hivemq-platform-operator] [f20d46c8] 22:13:42.421 [ReconcilerExecutor-hivemq-controller-117] DEBUG c.h.p.o.h.HiveMQPlatformReconcilerErrorHandler - [helmcust] Pod 'test-hivemq-platform-1' condition 'Ready': False
2025-01-29 22:13:42,429 INFO c.h.h.t.HelmChartContainer - [hivemq-test-hivemq-platform] [hivemq-platform-operator] [f20d46c8] 22:13:42.421 [ReconcilerExecutor-hivemq-controller-117] DEBUG c.h.p.o.h.HiveMQPlatformReconcilerErrorHandler - [helmcust] Pod 'test-hivemq-platform-1' condition 'ContainersReady': False
2025-01-29 22:13:42,429 INFO c.h.h.t.HelmChartContainer - [hivemq-test-hivemq-platform] [hivemq-platform-operator] [f20d46c8] 22:13:42.421 [ReconcilerExecutor-hivemq-controller-117] DEBUG c.h.p.o.h.HiveMQPlatformReconcilerErrorHandler - [helmcust] Pod 'test-hivemq-platform-1' condition 'PodScheduled': True
2025-01-29 22:13:42,429 INFO c.h.h.t.HelmChartContainer - [hivemq-test-hivemq-platform] [hivemq-platform-operator] [f20d46c8] 22:13:42.421 [ReconcilerExecutor-hivemq-controller-117] DEBUG c.h.p.o.h.HiveMQPlatformReconcilerErrorHandler - [helmcust] Pod 'test-hivemq-platform-1' containerStatus 'hivemq' (started: false) (ready: false) (waiting: [PodInitializing] null)
2025-01-29 22:13:42,429 INFO c.h.h.t.HelmChartContainer - [hivemq-test-hivemq-platform] [hivemq-platform-operator] [f20d46c8] 22:13:42.422 [ReconcilerExecutor-hivemq-controller-117] DEBUG c.h.p.o.h.HiveMQPlatformReconcilerErrorHandler - [helmcust] Pod 'test-hivemq-platform-0' phase Running
2025-01-29 22:13:42,429 INFO c.h.h.t.HelmChartContainer - [hivemq-test-hivemq-platform] [hivemq-platform-operator] [f20d46c8] 22:13:42.427 [ReconcilerExecutor-hivemq-controller-117] INFO  c.h.p.o.h.HiveMQPlatformReconcilerBaseHandler - [helmcust] HiveMQ Platform is starting, 1 of 2 replicas are ready
2025-01-29 22:13:43,374 INFO c.h.h.t.HelmChartContainer - [POD] test-hivemq-platform-1 [c6d040f6-94f4-4001-9e0c-7513b9e2ddf8] in helmcustomconfigit was MODIFIED
2025-01-29 22:13:43,387 INFO c.h.h.t.HelmChartContainer - [hivemq-test-hivemq-platform] [hivemq-platform-operator] [f20d46c8] 22:13:43.385 [pool-6-thread-31] DEBUG c.h.p.o.dependants.PodInfoConfigMap - [helmcust] Desired PodInfo ConfigMap (1 extensions) (1 enabled)
2025-01-29 22:13:43,387 INFO c.h.h.t.HelmChartContainer - [hivemq-test-hivemq-platform] [hivemq-platform-operator] [f20d46c8] 22:13:43.385 [pool-6-thread-31] DEBUG c.h.p.o.dependants.PodInfoConfigMap - [helmcust] Desired PodInfo ConfigMap (metrics port: 9399) (metrics path: /)
2025-01-29 22:13:43,387 INFO c.h.h.t.HelmChartContainer - [hivemq-test-hivemq-platform] [hivemq-platform-operator] [f20d46c8] 22:13:43.385 [pool-6-thread-31] DEBUG c.h.p.o.dependants.PodInfoConfigMap - [helmcust] Desired PodInfo ConfigMap (extension state hash: -1817474005)
2025-01-29 22:13:43,388 INFO c.h.h.t.HelmChartContainer - [EVENT] Normal [Started] Started container hivemq [helmcustomconfigit:test-hivemq-platform-1]
2025-01-29 22:13:43,388 INFO c.h.h.t.HelmChartContainer - Started log watcher for hivemq in pod test-hivemq-platform-1 [c6d040f6-94f4-4001-9e0c-7513b9e2ddf8]
2025-01-29 22:13:43,388 INFO c.h.h.t.HelmChartContainer - Received Started event for container hivemq in pod test-hivemq-platform-1 [c6d040f6-94f4-4001-9e0c-7513b9e2ddf8]
2025-01-29 22:13:43,390 INFO c.h.h.t.HelmChartContainer - [hivemq-test-hivemq-platform] [hivemq-platform-operator] [f20d46c8] 22:13:43.386 [pool-6-thread-33] DEBUG c.h.p.o.d.PlatformServiceResource - [helmcust] Desired Platform services (3 services)
2025-01-29 22:13:43,390 INFO c.h.h.t.HelmChartContainer - [test-hivemq-platform] [hivemq] [c6d040f6] Adding pre-installed HiveMQ Platform Operator extensions
2025-01-29 22:13:43,390 INFO c.h.h.t.HelmChartContainer - [test-hivemq-platform] [hivemq] [c6d040f6] Running as user 10000
2025-01-29 22:13:43,391 INFO c.h.h.t.HelmChartContainer - [test-hivemq-platform] [hivemq] [c6d040f6] Starting HiveMQ Platform Operator Init
2025-01-29 22:13:43,394 INFO c.h.h.t.HelmChartContainer - [hivemq-test-hivemq-platform] [hivemq-platform-operator] [f20d46c8] 22:13:43.390 [pool-6-thread-39] DEBUG c.h.p.o.d.PodServiceAccountResource - [helmcust] Desired PodServiceAccountResource (serviceAccountName: hivemq-platform-pod-test-hivemq-platform)
2025-01-29 22:13:43,418 INFO c.h.h.t.HelmChartContainer - [hivemq-test-hivemq-platform] [hivemq-platform-operator] [f20d46c8] 22:13:43.416 [pool-6-thread-37] DEBUG c.h.p.o.d.StatefulSetResource - [helmcust] Desired StatefulSet (2 replicas) for status STARTING (READY)
2025-01-29 22:13:43,429 INFO c.h.h.t.HelmChartContainer - [hivemq-test-hivemq-platform] [hivemq-platform-operator] [f20d46c8] 22:13:43.427 [ReconcilerExecutor-hivemq-controller-118] INFO  c.h.p.o.HiveMQPlatformReconciler - [helmcust] Reconciling HiveMQ Platform 'test-hivemq-platform' in namespace 'helmcustomconfigit'
2025-01-29 22:13:43,429 INFO c.h.h.t.HelmChartContainer - [hivemq-test-hivemq-platform] [hivemq-platform-operator] [f20d46c8] 22:13:43.428 [ReconcilerExecutor-hivemq-controller-118] DEBUG c.h.p.o.HiveMQPlatformReconciler - [helmcust] Custom Resource Status STARTING - HiveMQ Platform is starting (READY)
2025-01-29 22:13:43,429 INFO c.h.h.t.HelmChartContainer - [hivemq-test-hivemq-platform] [hivemq-platform-operator] [f20d46c8] 22:13:43.428 [ReconcilerExecutor-hivemq-controller-118] DEBUG c.h.p.o.HiveMQPlatformReconciler - [helmcust] Custom Resource Spec (replicas: 2) (extensions: 1)
2025-01-29 22:13:43,435 INFO c.h.h.t.HelmChartContainer - [hivemq-test-hivemq-platform] [hivemq-platform-operator] [f20d46c8] 22:13:43.434 [ReconcilerExecutor-hivemq-controller-118] DEBUG c.h.p.o.HiveMQPlatformReconciler - [helmcust] StatefulSet Status (revision: test-hivemq-platform-86bfbd5557, replicas: 2, available: 1, ready: 1, current: 2, updated: 2)
2025-01-29 22:13:43,440 INFO c.h.h.t.HelmChartContainer - [hivemq-test-hivemq-platform] [hivemq-platform-operator] [f20d46c8] 22:13:43.438 [ReconcilerExecutor-hivemq-controller-118] DEBUG c.h.p.o.HiveMQPlatformReconciler - [helmcust] StatefulSet Spec (replicas: 2, init containers: 1, containers: 1, volumes: 3)
2025-01-29 22:13:43,511 INFO c.h.h.t.HelmChartContainer - [hivemq-test-hivemq-platform] [hivemq-platform-operator] [f20d46c8] 22:13:43.510 [ReconcilerExecutor-hivemq-controller-118] DEBUG c.h.p.o.h.HiveMQPlatformReconcilerErrorHandler - [helmcust] Pod 'test-hivemq-platform-1' phase Running
2025-01-29 22:13:43,514 INFO c.h.h.t.HelmChartContainer - [hivemq-test-hivemq-platform] [hivemq-platform-operator] [f20d46c8] 22:13:43.513 [ReconcilerExecutor-hivemq-controller-118] DEBUG c.h.p.o.h.HiveMQPlatformReconcilerErrorHandler - [helmcust] Pod 'test-hivemq-platform-0' phase Running
2025-01-29 22:13:43,516 INFO c.h.h.t.HelmChartContainer - [hivemq-test-hivemq-platform] [hivemq-platform-operator] [f20d46c8] 22:13:43.513 [ReconcilerExecutor-hivemq-controller-118] INFO  c.h.p.o.h.HiveMQPlatformReconcilerBaseHandler - [helmcust] HiveMQ Platform is starting, 1 of 2 replicas are ready
2025-01-29 22:13:43,674 INFO c.h.h.t.HelmChartContainer - [test-hivemq-platform] [hivemq] [c6d040f6] INFO  - [HiveMQ Platform Operator Init 1.7.0-SNAPSHOT] HiveMQ Platform Operator Init 1.7.0-SNAPSHOT (commit: 3bc9484 on branch: HEAD) built on Wed Jan 29 22:06:36 UTC 2025
2025-01-29 22:13:44,824 INFO c.h.h.t.HelmChartContainer - [test-hivemq-platform] [hivemq] [c6d040f6] INFO  - [HiveMQ Platform Operator Init App 1.7.0-SNAPSHOT] Using bind address 10.42.0.9 from environment variable
2025-01-29 22:13:45,780 INFO c.h.h.t.HelmChartContainer - [test-hivemq-platform] [hivemq] [c6d040f6] INFO  - [HiveMQ Platform Operator Init App 1.7.0-SNAPSHOT] HiveMQ Platform Operator Init App 1.7.0-SNAPSHOT (commit: 3bc9484 on branch: HEAD) built on Wed Jan 29 22:06:36 UTC 2025
2025-01-29 22:13:45,780 INFO c.h.h.t.HelmChartContainer - [test-hivemq-platform] [hivemq] [c6d040f6] INFO  - [HiveMQ Platform Operator Init App 1.7.0-SNAPSHOT] PodInfo ConfigMap directory: /etc/podinfo
2025-01-29 22:13:45,781 INFO c.h.h.t.HelmChartContainer - [test-hivemq-platform] [hivemq] [c6d040f6] INFO  - [HiveMQ Platform Operator Init App 1.7.0-SNAPSHOT] HiveMQ home directory: /opt/hivemq
2025-01-29 22:13:45,781 INFO c.h.h.t.HelmChartContainer - [test-hivemq-platform] [hivemq] [c6d040f6] INFO  - [HiveMQ Platform Operator Init App 1.7.0-SNAPSHOT] HiveMQ Logback folder: /opt/hivemq/conf
2025-01-29 22:13:45,781 INFO c.h.h.t.HelmChartContainer - [test-hivemq-platform] [hivemq] [c6d040f6] INFO  - [HiveMQ Platform Operator Init App 1.7.0-SNAPSHOT] HiveMQ Config folder: /opt/hivemq/conf-k8s
2025-01-29 22:13:45,782 INFO c.h.h.t.HelmChartContainer - [test-hivemq-platform] [hivemq] [c6d040f6] INFO  - [HiveMQ Platform Operator Init App 1.7.0-SNAPSHOT] Starting HiveMQ Platform Operator Init App
2025-01-29 22:13:45,782 INFO c.h.h.t.HelmChartContainer - [test-hivemq-platform] [hivemq] [c6d040f6] INFO  - [HiveMQ Platform Operator Init App 1.7.0-SNAPSHOT] Starting Pod reconciler
2025-01-29 22:13:47,029 INFO c.h.h.t.HelmChartContainer - [test-hivemq-platform] [hivemq] [c6d040f6] INFO  - [HiveMQ Platform Operator Init App 1.7.0-SNAPSHOT] Pod reconciler is scheduled (interval: 5000 ms)
2025-01-29 22:13:47,030 INFO c.h.h.t.HelmChartContainer - [test-hivemq-platform] [hivemq] [c6d040f6] INFO  - [HiveMQ Platform Operator Init App 1.7.0-SNAPSHOT] Starting the REST API on 10.42.0.9:7979
2025-01-29 22:13:47,077 INFO c.h.h.t.HelmChartContainer - [test-hivemq-platform] [hivemq] [c6d040f6] INFO  - [HiveMQ Platform Operator Init App 1.7.0-SNAPSHOT] Waiting up to 600s for at most 2 HiveMQ nodes in cluster service hivemq-test-hivemq-platform-cluster.helmcustomconfigit.svc
2025-01-29 22:13:47,431 INFO c.h.h.t.HelmChartContainer - [test-hivemq-platform] [hivemq] [c6d040f6] INFO  - [HiveMQ Platform Operator Init App 1.7.0-SNAPSHOT] Resolved 2 IP addresses: [10.42.0.8, 10.42.0.9]
2025-01-29 22:13:47,431 INFO c.h.h.t.HelmChartContainer - [test-hivemq-platform] [hivemq] [c6d040f6] INFO  - [HiveMQ Platform Operator Init App 1.7.0-SNAPSHOT] HiveMQ node count of 2 is within threshold of 2
2025-01-29 22:13:47,431 INFO c.h.h.t.HelmChartContainer - [test-hivemq-platform] [hivemq] [c6d040f6] INFO  - [HiveMQ Platform Operator Init App 1.7.0-SNAPSHOT] Proceeding with container start
2025-01-29 22:13:47,527 INFO c.h.h.t.HelmChartContainer - [test-hivemq-platform] [hivemq] [c6d040f6] INFO  - [HiveMQ Platform Operator Init App 1.7.0-SNAPSHOT] Initializing HiveMQ Platform extensions with initial configuration: {hivemq-allow-all-extension={start-priority=-1, skip-https-hostname-verification=false, restart=true, config-version=0, header-version=0, c-uri=, priority=-1, uri=preinstalled, skip-https-certificate-validation=false, enabled=true}, hivemq-prometheus-extension={priority=-1, start-priority=-1, c-uri=, skip-https-hostname-verification=false, skip-https-certificate-validation=false, uri=preinstalled, request-header-path=no-request-headers, enabled=true, restart=true}}
2025-01-29 22:13:48,024 INFO c.h.h.t.HelmChartContainer - [test-hivemq-platform] [hivemq] [c6d040f6] INFO  - [HiveMQ Platform Operator Init App 1.7.0-SNAPSHOT] Extension hivemq-allow-all-extension was already enabled
2025-01-29 22:13:48,115 INFO c.h.h.t.HelmChartContainer - [test-hivemq-platform] [hivemq] [c6d040f6] INFO  - [HiveMQ Platform Operator Init App 1.7.0-SNAPSHOT] Successfully enabled extension hivemq-prometheus-extension
2025-01-29 22:13:48,117 INFO c.h.h.t.HelmChartContainer - [test-hivemq-platform] [hivemq] [c6d040f6] INFO  - [HiveMQ Platform Operator Init App 1.7.0-SNAPSHOT] Starting HiveMQ Platform version 4.36.0 (4.36.0)
2025-01-29 22:13:48,119 INFO c.h.h.t.HelmChartContainer - [test-hivemq-platform] [hivemq] [c6d040f6] INFO  - [HiveMQ Platform Operator Init App 1.7.0-SNAPSHOT] Configuring the HiveMQ Platform
2025-01-29 22:13:48,176 INFO c.h.h.t.HelmChartContainer - [test-hivemq-platform] [hivemq] [c6d040f6] INFO  - [HiveMQ Platform Operator Init App 1.7.0-SNAPSHOT] Changed logback.xml file scan period to 20 seconds
2025-01-29 22:13:48,220 INFO c.h.h.t.HelmChartContainer - [test-hivemq-platform] [hivemq] [c6d040f6] INFO  - [HiveMQ Platform Operator Init App 1.7.0-SNAPSHOT] Starting the HiveMQ Platform
2025-01-29 22:13:48,224 INFO c.h.h.t.HelmChartContainer - [test-hivemq-platform] [hivemq] [c6d040f6] -------------------------------------------------------------------------
2025-01-29 22:13:48,224 INFO c.h.h.t.HelmChartContainer - [test-hivemq-platform] [hivemq] [c6d040f6] 
2025-01-29 22:13:48,224 INFO c.h.h.t.HelmChartContainer - [test-hivemq-platform] [hivemq] [c6d040f6]                   _    _  _              __  __   ____
2025-01-29 22:13:48,224 INFO c.h.h.t.HelmChartContainer - [test-hivemq-platform] [hivemq] [c6d040f6]                  | |  | |(_)            |  \/  | / __ \
2025-01-29 22:13:48,224 INFO c.h.h.t.HelmChartContainer - [test-hivemq-platform] [hivemq] [c6d040f6]                  | |__| | _ __   __ ___ | \  / || |  | |
2025-01-29 22:13:48,224 INFO c.h.h.t.HelmChartContainer - [test-hivemq-platform] [hivemq] [c6d040f6]                  |  __  || |\ \ / // _ \| |\/| || |  | |
2025-01-29 22:13:48,224 INFO c.h.h.t.HelmChartContainer - [test-hivemq-platform] [hivemq] [c6d040f6]                  | |  | || | \ V /|  __/| |  | || |__| |
2025-01-29 22:13:48,224 INFO c.h.h.t.HelmChartContainer - [test-hivemq-platform] [hivemq] [c6d040f6]                  |_|  |_||_|  \_/  \___||_|  |_| \___\_\
2025-01-29 22:13:48,224 INFO c.h.h.t.HelmChartContainer - [test-hivemq-platform] [hivemq] [c6d040f6] 
2025-01-29 22:13:48,224 INFO c.h.h.t.HelmChartContainer - [test-hivemq-platform] [hivemq] [c6d040f6] -------------------------------------------------------------------------
2025-01-29 22:13:48,224 INFO c.h.h.t.HelmChartContainer - [test-hivemq-platform] [hivemq] [c6d040f6] 
2025-01-29 22:13:48,224 INFO c.h.h.t.HelmChartContainer - [test-hivemq-platform] [hivemq] [c6d040f6]   HiveMQ Start Script for Linux/Unix v1.14
2025-01-29 22:13:48,224 INFO c.h.h.t.HelmChartContainer - [test-hivemq-platform] [hivemq] [c6d040f6] 
2025-01-29 22:13:48,325 INFO c.h.h.t.HelmChartContainer - [test-hivemq-platform] [hivemq] [c6d040f6] -------------------------------------------------------------------------
2025-01-29 22:13:48,325 INFO c.h.h.t.HelmChartContainer - [test-hivemq-platform] [hivemq] [c6d040f6] 
2025-01-29 22:13:48,325 INFO c.h.h.t.HelmChartContainer - [test-hivemq-platform] [hivemq] [c6d040f6]   HIVEMQ_HOME: /opt/hivemq
2025-01-29 22:13:48,325 INFO c.h.h.t.HelmChartContainer - [test-hivemq-platform] [hivemq] [c6d040f6] 
2025-01-29 22:13:48,325 INFO c.h.h.t.HelmChartContainer - [test-hivemq-platform] [hivemq] [c6d040f6]   JAVA_OPTS: -XX:+UnlockExperimentalVMOptions -XX:InitialRAMPercentage=50 -XX:MaxRAMPercentage=50 -Djava.net.preferIPv4Stack=true --add-opens java.base/java.lang=ALL-UNNAMED --add-opens java.base/java.nio=ALL-UNNAMED --add-opens java.base/sun.nio.ch=ALL-UNNAMED --add-opens jdk.management/com.sun.management.internal=ALL-UNNAMED --add-exports java.base/jdk.internal.misc=ALL-UNNAMED -Djava.security.egd=file:/dev/./urandom -Dcom.sun.management.jmxremote -Dcom.sun.management.jmxremote.port=9010 -Dcom.sun.management.jmxremote.local.only=false -Dcom.sun.management.jmxremote.authenticate=false -Dcom.sun.management.jmxremote.ssl=false -Duser.language=en -Duser.region=US -XX:+CrashOnOutOfMemoryError -XX:+HeapDumpOnOutOfMemoryError
2025-01-29 22:13:48,325 INFO c.h.h.t.HelmChartContainer - [test-hivemq-platform] [hivemq] [c6d040f6] 
2025-01-29 22:13:48,325 INFO c.h.h.t.HelmChartContainer - [test-hivemq-platform] [hivemq] [c6d040f6]   JAVA_VERSION: 21
2025-01-29 22:13:48,325 INFO c.h.h.t.HelmChartContainer - [test-hivemq-platform] [hivemq] [c6d040f6] 
2025-01-29 22:13:48,325 INFO c.h.h.t.HelmChartContainer - [test-hivemq-platform] [hivemq] [c6d040f6] -------------------------------------------------------------------------
2025-01-29 22:13:48,325 INFO c.h.h.t.HelmChartContainer - [test-hivemq-platform] [hivemq] [c6d040f6] 
2025-01-29 22:13:49,415 INFO c.h.h.t.HelmChartContainer - [test-hivemq-platform] [hivemq] [c6d040f6] INFO  - [HiveMQ Platform Operator Init App 1.7.0-SNAPSHOT] Returning default Health API response 503 for readiness
2025-01-29 22:13:49,778 INFO c.h.h.t.HelmChartContainer - [EVENT] Warning [Unhealthy] Readiness probe failed: HTTP probe failed with statuscode: 503 [helmcustomconfigit:test-hivemq-platform-1]
2025-01-29 22:13:49,778 INFO c.h.h.t.HelmChartContainer - Received Unhealthy event for container hivemq in pod test-hivemq-platform-1 [c6d040f6-94f4-4001-9e0c-7513b9e2ddf8]
2025-01-29 22:13:50,981 INFO c.h.h.t.HelmChartContainer - [test-hivemq-platform] [hivemq] [c6d040f6] INFO  - Starting HiveMQ Enterprise Server
2025-01-29 22:13:51,016 INFO c.h.h.t.HelmChartContainer - [test-hivemq-platform] [hivemq] [c6d040f6] INFO  - HiveMQ version: 4.36.0
2025-01-29 22:13:51,016 INFO c.h.h.t.HelmChartContainer - [test-hivemq-platform] [hivemq] [c6d040f6] INFO  - HiveMQ home directory: /opt/hivemq
2025-01-29 22:13:51,016 INFO c.h.h.t.HelmChartContainer - [test-hivemq-platform] [hivemq] [c6d040f6] INFO  - Log Configuration was overridden by /opt/hivemq/conf/logback.xml
2025-01-29 22:13:52,377 INFO c.h.h.t.HelmChartContainer - [test-hivemq-platform] [hivemq] [c6d040f6] INFO  - Successfully loaded configuration from '/opt/hivemq/conf-k8s/config.xml'.
2025-01-29 22:13:53,218 INFO c.h.h.t.HelmChartContainer - [test-hivemq-platform] [hivemq] [c6d040f6] INFO  - This node's ID is 2txRa
2025-01-29 22:13:53,277 INFO c.h.h.t.HelmChartContainer - [test-hivemq-platform] [hivemq] [c6d040f6] INFO  - Clustering is enabled
2025-01-29 22:13:53,522 INFO c.h.h.t.HelmChartContainer - [hivemq-test-hivemq-platform] [hivemq-platform-operator] [f20d46c8] 22:13:53.518 [pool-6-thread-45] DEBUG c.h.p.o.d.PlatformServiceResource - [helmcust] Desired Platform services (3 services)
2025-01-29 22:13:53,522 INFO c.h.h.t.HelmChartContainer - [hivemq-test-hivemq-platform] [hivemq-platform-operator] [f20d46c8] 22:13:53.521 [pool-6-thread-47] DEBUG c.h.p.o.d.PodServiceAccountResource - [helmcust] Desired PodServiceAccountResource (serviceAccountName: hivemq-platform-pod-test-hivemq-platform)
2025-01-29 22:13:53,524 INFO c.h.h.t.HelmChartContainer - [hivemq-test-hivemq-platform] [hivemq-platform-operator] [f20d46c8] 22:13:53.522 [pool-6-thread-43] DEBUG c.h.p.o.dependants.PodInfoConfigMap - [helmcust] Desired PodInfo ConfigMap (1 extensions) (1 enabled)
2025-01-29 22:13:53,525 INFO c.h.h.t.HelmChartContainer - [hivemq-test-hivemq-platform] [hivemq-platform-operator] [f20d46c8] 22:13:53.523 [pool-6-thread-43] DEBUG c.h.p.o.dependants.PodInfoConfigMap - [helmcust] Desired PodInfo ConfigMap (metrics port: 9399) (metrics path: /)
2025-01-29 22:13:53,525 INFO c.h.h.t.HelmChartContainer - [hivemq-test-hivemq-platform] [hivemq-platform-operator] [f20d46c8] 22:13:53.523 [pool-6-thread-43] DEBUG c.h.p.o.dependants.PodInfoConfigMap - [helmcust] Desired PodInfo ConfigMap (extension state hash: -1817474005)
2025-01-29 22:13:53,531 INFO c.h.h.t.HelmChartContainer - [hivemq-test-hivemq-platform] [hivemq-platform-operator] [f20d46c8] 22:13:53.529 [pool-6-thread-46] DEBUG c.h.p.o.d.StatefulSetResource - [helmcust] Desired StatefulSet (2 replicas) for status STARTING (READY)
2025-01-29 22:13:53,534 INFO c.h.h.t.HelmChartContainer - [hivemq-test-hivemq-platform] [hivemq-platform-operator] [f20d46c8] 22:13:53.532 [ReconcilerExecutor-hivemq-controller-119] INFO  c.h.p.o.HiveMQPlatformReconciler - [helmcust] Reconciling HiveMQ Platform 'test-hivemq-platform' in namespace 'helmcustomconfigit'
2025-01-29 22:13:53,535 INFO c.h.h.t.HelmChartContainer - [hivemq-test-hivemq-platform] [hivemq-platform-operator] [f20d46c8] 22:13:53.533 [ReconcilerExecutor-hivemq-controller-119] DEBUG c.h.p.o.HiveMQPlatformReconciler - [helmcust] Custom Resource Status STARTING - HiveMQ Platform is starting (READY)
2025-01-29 22:13:53,535 INFO c.h.h.t.HelmChartContainer - [hivemq-test-hivemq-platform] [hivemq-platform-operator] [f20d46c8] 22:13:53.533 [ReconcilerExecutor-hivemq-controller-119] DEBUG c.h.p.o.HiveMQPlatformReconciler - [helmcust] Custom Resource Spec (replicas: 2) (extensions: 1)
2025-01-29 22:13:53,535 INFO c.h.h.t.HelmChartContainer - [hivemq-test-hivemq-platform] [hivemq-platform-operator] [f20d46c8] 22:13:53.534 [ReconcilerExecutor-hivemq-controller-119] DEBUG c.h.p.o.HiveMQPlatformReconciler - [helmcust] StatefulSet Status (revision: test-hivemq-platform-86bfbd5557, replicas: 2, available: 1, ready: 1, current: 2, updated: 2)
2025-01-29 22:13:53,536 INFO c.h.h.t.HelmChartContainer - [hivemq-test-hivemq-platform] [hivemq-platform-operator] [f20d46c8] 22:13:53.534 [ReconcilerExecutor-hivemq-controller-119] DEBUG c.h.p.o.HiveMQPlatformReconciler - [helmcust] StatefulSet Spec (replicas: 2, init containers: 1, containers: 1, volumes: 3)
2025-01-29 22:13:53,536 INFO c.h.h.t.HelmChartContainer - [hivemq-test-hivemq-platform] [hivemq-platform-operator] [f20d46c8] 22:13:53.536 [ReconcilerExecutor-hivemq-controller-119] DEBUG c.h.p.o.h.HiveMQPlatformReconcilerErrorHandler - [helmcust] Pod 'test-hivemq-platform-1' phase Running
2025-01-29 22:13:53,537 INFO c.h.h.t.HelmChartContainer - [hivemq-test-hivemq-platform] [hivemq-platform-operator] [f20d46c8] 22:13:53.537 [ReconcilerExecutor-hivemq-controller-119] DEBUG c.h.p.o.h.HiveMQPlatformReconcilerErrorHandler - [helmcust] Pod 'test-hivemq-platform-0' phase Running
2025-01-29 22:13:53,539 INFO c.h.h.t.HelmChartContainer - [hivemq-test-hivemq-platform] [hivemq-platform-operator] [f20d46c8] 22:13:53.538 [ReconcilerExecutor-hivemq-controller-119] INFO  c.h.p.o.h.HiveMQPlatformReconcilerBaseHandler - [helmcust] HiveMQ Platform is starting, 1 of 2 replicas are ready
2025-01-29 22:13:54,818 INFO c.h.h.t.HelmChartContainer - [test-hivemq-platform] [hivemq] [c6d040f6] WARN  - [HiveMQ Platform Operator Init App 1.7.0-SNAPSHOT] Cannot connect to Health API for readiness: null
2025-01-29 22:13:54,825 INFO c.h.h.t.HelmChartContainer - [EVENT] Warning [Unhealthy] Readiness probe failed: HTTP probe failed with statuscode: 503 [helmcustomconfigit:test-hivemq-platform-1]
2025-01-29 22:13:54,825 INFO c.h.h.t.HelmChartContainer - Received Unhealthy event for container hivemq in pod test-hivemq-platform-1 [c6d040f6-94f4-4001-9e0c-7513b9e2ddf8]
2025-01-29 22:13:57,260 INFO c.h.h.t.HelmChartContainer - [test-hivemq-platform] [hivemq] [31cc00f6] INFO  - [HiveMQ Platform Operator Init App 1.7.0-SNAPSHOT] Returning Health API response 200 for liveness
2025-01-29 22:13:58,375 INFO c.h.h.t.HelmChartContainer - [test-hivemq-platform] [hivemq] [c6d040f6] Jan 29, 2025 10:13:58 PM io.vertx.core.impl.BlockedThreadChecker
2025-01-29 22:13:58,375 INFO c.h.h.t.HelmChartContainer - [test-hivemq-platform] [hivemq] [c6d040f6] WARNING: Thread Thread[vert.x-eventloop-thread-1,5,main] has been blocked for 2997 ms, time limit is 2000 ms
2025-01-29 22:13:58,575 INFO c.h.h.t.HelmChartContainer - [test-hivemq-platform] [hivemq] [c6d040f6] INFO  - [HiveMQ Platform Operator Init App 1.7.0-SNAPSHOT] Updating Pod HiveMQ Platform Operator Init App version annotation (version: 1.7.0-SNAPSHOT)
2025-01-29 22:13:59,226 INFO c.h.h.t.HelmChartContainer - [POD] test-hivemq-platform-1 [c6d040f6-94f4-4001-9e0c-7513b9e2ddf8] in helmcustomconfigit was MODIFIED
2025-01-29 22:13:59,234 INFO c.h.h.t.HelmChartContainer - [hivemq-test-hivemq-platform] [hivemq-platform-operator] [f20d46c8] 22:13:59.231 [pool-6-thread-2] DEBUG c.h.p.o.d.PlatformServiceResource - [helmcust] Desired Platform services (3 services)
2025-01-29 22:13:59,235 INFO c.h.h.t.HelmChartContainer - [hivemq-test-hivemq-platform] [hivemq-platform-operator] [f20d46c8] 22:13:59.232 [pool-6-thread-3] DEBUG c.h.p.o.dependants.PodInfoConfigMap - [helmcust] Desired PodInfo ConfigMap (1 extensions) (1 enabled)
2025-01-29 22:13:59,236 INFO c.h.h.t.HelmChartContainer - [hivemq-test-hivemq-platform] [hivemq-platform-operator] [f20d46c8] 22:13:59.232 [pool-6-thread-3] DEBUG c.h.p.o.dependants.PodInfoConfigMap - [helmcust] Desired PodInfo ConfigMap (metrics port: 9399) (metrics path: /)
2025-01-29 22:13:59,236 INFO c.h.h.t.HelmChartContainer - [hivemq-test-hivemq-platform] [hivemq-platform-operator] [f20d46c8] 22:13:59.232 [pool-6-thread-3] DEBUG c.h.p.o.dependants.PodInfoConfigMap - [helmcust] Desired PodInfo ConfigMap (extension state hash: -1817474005)
2025-01-29 22:13:59,236 INFO c.h.h.t.HelmChartContainer - [hivemq-test-hivemq-platform] [hivemq-platform-operator] [f20d46c8] 22:13:59.233 [pool-6-thread-10] DEBUG c.h.p.o.d.PodServiceAccountResource - [helmcust] Desired PodServiceAccountResource (serviceAccountName: hivemq-platform-pod-test-hivemq-platform)
2025-01-29 22:13:59,239 INFO c.h.h.t.HelmChartContainer - [hivemq-test-hivemq-platform] [hivemq-platform-operator] [f20d46c8] 22:13:59.238 [pool-6-thread-2] DEBUG c.h.p.o.d.StatefulSetResource - [helmcust] Desired StatefulSet (2 replicas) for status STARTING (READY)
2025-01-29 22:13:59,247 INFO c.h.h.t.HelmChartContainer - [hivemq-test-hivemq-platform] [hivemq-platform-operator] [f20d46c8] 22:13:59.245 [ReconcilerExecutor-hivemq-controller-120] INFO  c.h.p.o.HiveMQPlatformReconciler - [helmcust] Reconciling HiveMQ Platform 'test-hivemq-platform' in namespace 'helmcustomconfigit'
2025-01-29 22:13:59,247 INFO c.h.h.t.HelmChartContainer - [hivemq-test-hivemq-platform] [hivemq-platform-operator] [f20d46c8] 22:13:59.246 [ReconcilerExecutor-hivemq-controller-120] DEBUG c.h.p.o.HiveMQPlatformReconciler - [helmcust] Custom Resource Status STARTING - HiveMQ Platform is starting (READY)
2025-01-29 22:13:59,247 INFO c.h.h.t.HelmChartContainer - [hivemq-test-hivemq-platform] [hivemq-platform-operator] [f20d46c8] 22:13:59.246 [ReconcilerExecutor-hivemq-controller-120] DEBUG c.h.p.o.HiveMQPlatformReconciler - [helmcust] Custom Resource Spec (replicas: 2) (extensions: 1)
2025-01-29 22:13:59,250 INFO c.h.h.t.HelmChartContainer - [hivemq-test-hivemq-platform] [hivemq-platform-operator] [f20d46c8] 22:13:59.247 [ReconcilerExecutor-hivemq-controller-120] DEBUG c.h.p.o.HiveMQPlatformReconciler - [helmcust] StatefulSet Status (revision: test-hivemq-platform-86bfbd5557, replicas: 2, available: 1, ready: 1, current: 2, updated: 2)
2025-01-29 22:13:59,251 INFO c.h.h.t.HelmChartContainer - [hivemq-test-hivemq-platform] [hivemq-platform-operator] [f20d46c8] 22:13:59.247 [ReconcilerExecutor-hivemq-controller-120] DEBUG c.h.p.o.HiveMQPlatformReconciler - [helmcust] StatefulSet Spec (replicas: 2, init containers: 1, containers: 1, volumes: 3)
2025-01-29 22:13:59,251 INFO c.h.h.t.HelmChartContainer - [hivemq-test-hivemq-platform] [hivemq-platform-operator] [f20d46c8] 22:13:59.248 [ReconcilerExecutor-hivemq-controller-120] DEBUG c.h.p.o.h.HiveMQPlatformReconcilerErrorHandler - [helmcust] Pod 'test-hivemq-platform-1' phase Running
2025-01-29 22:13:59,253 INFO c.h.h.t.HelmChartContainer - [hivemq-test-hivemq-platform] [hivemq-platform-operator] [f20d46c8] 22:13:59.251 [ReconcilerExecutor-hivemq-controller-120] DEBUG c.h.p.o.h.HiveMQPlatformReconcilerErrorHandler - [helmcust] Pod 'test-hivemq-platform-0' phase Running
2025-01-29 22:13:59,253 INFO c.h.h.t.HelmChartContainer - [hivemq-test-hivemq-platform] [hivemq-platform-operator] [f20d46c8] 22:13:59.252 [ReconcilerExecutor-hivemq-controller-120] INFO  c.h.p.o.h.HiveMQPlatformReconcilerBaseHandler - [helmcust] HiveMQ Platform is starting, 1 of 2 replicas are ready
2025-01-29 22:13:59,317 INFO c.h.h.t.HelmChartContainer - [test-hivemq-platform] [hivemq] [c6d040f6] WARN  - [HiveMQ Platform Operator Init App 1.7.0-SNAPSHOT] Cannot connect to Health API for readiness: null
2025-01-29 22:13:59,324 INFO c.h.h.t.HelmChartContainer - [test-hivemq-platform] [hivemq] [c6d040f6] INFO  - [HiveMQ Platform Operator Init App 1.7.0-SNAPSHOT] Successfully updated Pod HiveMQ Platform Operator Init App version annotation (version: 1.7.0-SNAPSHOT)
2025-01-29 22:13:59,325 INFO c.h.h.t.HelmChartContainer - [EVENT] Warning [Unhealthy] Readiness probe failed: HTTP probe failed with statuscode: 503 [helmcustomconfigit:test-hivemq-platform-1]
2025-01-29 22:13:59,325 INFO c.h.h.t.HelmChartContainer - Received Unhealthy event for container hivemq in pod test-hivemq-platform-1 [c6d040f6-94f4-4001-9e0c-7513b9e2ddf8]
2025-01-29 22:14:04,233 INFO c.h.h.t.HelmChartContainer - [test-hivemq-platform] [hivemq] [c6d040f6] WARN  - [HiveMQ Platform Operator Init App 1.7.0-SNAPSHOT] Cannot connect to Health API for readiness: null
2025-01-29 22:14:04,236 INFO c.h.h.t.HelmChartContainer - [EVENT] Warning [Unhealthy] Readiness probe failed: HTTP probe failed with statuscode: 503 [helmcustomconfigit:test-hivemq-platform-1]
2025-01-29 22:14:04,236 INFO c.h.h.t.HelmChartContainer - Received Unhealthy event for container hivemq in pod test-hivemq-platform-1 [c6d040f6-94f4-4001-9e0c-7513b9e2ddf8]
2025-01-29 22:14:09,256 INFO c.h.h.t.HelmChartContainer - [hivemq-test-hivemq-platform] [hivemq-platform-operator] [f20d46c8] 22:14:09.255 [pool-6-thread-13] DEBUG c.h.p.o.d.PlatformServiceResource - [helmcust] Desired Platform services (3 services)
2025-01-29 22:14:09,258 INFO c.h.h.t.HelmChartContainer - [hivemq-test-hivemq-platform] [hivemq-platform-operator] [f20d46c8] 22:14:09.255 [pool-6-thread-16] DEBUG c.h.p.o.dependants.PodInfoConfigMap - [helmcust] Desired PodInfo ConfigMap (1 extensions) (1 enabled)
2025-01-29 22:14:09,258 INFO c.h.h.t.HelmChartContainer - [hivemq-test-hivemq-platform] [hivemq-platform-operator] [f20d46c8] 22:14:09.255 [pool-6-thread-16] DEBUG c.h.p.o.dependants.PodInfoConfigMap - [helmcust] Desired PodInfo ConfigMap (metrics port: 9399) (metrics path: /)
2025-01-29 22:14:09,258 INFO c.h.h.t.HelmChartContainer - [hivemq-test-hivemq-platform] [hivemq-platform-operator] [f20d46c8] 22:14:09.255 [pool-6-thread-16] DEBUG c.h.p.o.dependants.PodInfoConfigMap - [helmcust] Desired PodInfo ConfigMap (extension state hash: -1817474005)
2025-01-29 22:14:09,258 INFO c.h.h.t.HelmChartContainer - [hivemq-test-hivemq-platform] [hivemq-platform-operator] [f20d46c8] 22:14:09.256 [pool-6-thread-12] DEBUG c.h.p.o.d.PodServiceAccountResource - [helmcust] Desired PodServiceAccountResource (serviceAccountName: hivemq-platform-pod-test-hivemq-platform)
2025-01-29 22:14:09,262 INFO c.h.h.t.HelmChartContainer - [hivemq-test-hivemq-platform] [hivemq-platform-operator] [f20d46c8] 22:14:09.260 [pool-6-thread-13] DEBUG c.h.p.o.d.StatefulSetResource - [helmcust] Desired StatefulSet (2 replicas) for status STARTING (READY)
2025-01-29 22:14:09,264 INFO c.h.h.t.HelmChartContainer - [hivemq-test-hivemq-platform] [hivemq-platform-operator] [f20d46c8] 22:14:09.263 [ReconcilerExecutor-hivemq-controller-121] INFO  c.h.p.o.HiveMQPlatformReconciler - [helmcust] Reconciling HiveMQ Platform 'test-hivemq-platform' in namespace 'helmcustomconfigit'
2025-01-29 22:14:09,264 INFO c.h.h.t.HelmChartContainer - [hivemq-test-hivemq-platform] [hivemq-platform-operator] [f20d46c8] 22:14:09.263 [ReconcilerExecutor-hivemq-controller-121] DEBUG c.h.p.o.HiveMQPlatformReconciler - [helmcust] Custom Resource Status STARTING - HiveMQ Platform is starting (READY)
2025-01-29 22:14:09,265 INFO c.h.h.t.HelmChartContainer - [hivemq-test-hivemq-platform] [hivemq-platform-operator] [f20d46c8] 22:14:09.263 [ReconcilerExecutor-hivemq-controller-121] DEBUG c.h.p.o.HiveMQPlatformReconciler - [helmcust] Custom Resource Spec (replicas: 2) (extensions: 1)
2025-01-29 22:14:09,266 INFO c.h.h.t.HelmChartContainer - [hivemq-test-hivemq-platform] [hivemq-platform-operator] [f20d46c8] 22:14:09.265 [ReconcilerExecutor-hivemq-controller-121] DEBUG c.h.p.o.HiveMQPlatformReconciler - [helmcust] StatefulSet Status (revision: test-hivemq-platform-86bfbd5557, replicas: 2, available: 1, ready: 1, current: 2, updated: 2)
2025-01-29 22:14:09,266 INFO c.h.h.t.HelmChartContainer - [hivemq-test-hivemq-platform] [hivemq-platform-operator] [f20d46c8] 22:14:09.265 [ReconcilerExecutor-hivemq-controller-121] DEBUG c.h.p.o.HiveMQPlatformReconciler - [helmcust] StatefulSet Spec (replicas: 2, init containers: 1, containers: 1, volumes: 3)
2025-01-29 22:14:09,267 INFO c.h.h.t.HelmChartContainer - [hivemq-test-hivemq-platform] [hivemq-platform-operator] [f20d46c8] 22:14:09.266 [ReconcilerExecutor-hivemq-controller-121] DEBUG c.h.p.o.h.HiveMQPlatformReconcilerErrorHandler - [helmcust] Pod 'test-hivemq-platform-1' phase Running
2025-01-29 22:14:09,268 INFO c.h.h.t.HelmChartContainer - [hivemq-test-hivemq-platform] [hivemq-platform-operator] [f20d46c8] 22:14:09.267 [ReconcilerExecutor-hivemq-controller-121] DEBUG c.h.p.o.h.HiveMQPlatformReconcilerErrorHandler - [helmcust] Pod 'test-hivemq-platform-0' phase Running
2025-01-29 22:14:09,269 INFO c.h.h.t.HelmChartContainer - [hivemq-test-hivemq-platform] [hivemq-platform-operator] [f20d46c8] 22:14:09.268 [ReconcilerExecutor-hivemq-controller-121] INFO  c.h.p.o.h.HiveMQPlatformReconcilerBaseHandler - [helmcust] HiveMQ Platform is starting, 1 of 2 replicas are ready
2025-01-29 22:14:09,319 INFO c.h.h.t.HelmChartContainer - [test-hivemq-platform] [hivemq] [c6d040f6] WARN  - [HiveMQ Platform Operator Init App 1.7.0-SNAPSHOT] Cannot connect to Health API for readiness: null
2025-01-29 22:14:09,324 INFO c.h.h.t.HelmChartContainer - [EVENT] Warning [Unhealthy] Readiness probe failed: HTTP probe failed with statuscode: 503 [helmcustomconfigit:test-hivemq-platform-1]
2025-01-29 22:14:09,324 INFO c.h.h.t.HelmChartContainer - Received Unhealthy event for container hivemq in pod test-hivemq-platform-1 [c6d040f6-94f4-4001-9e0c-7513b9e2ddf8]
2025-01-29 22:14:10,725 INFO c.h.h.t.HelmChartContainer - [test-hivemq-platform] [hivemq] [c6d040f6] INFO  - No valid license file found. Using trial license, restricted to 25 connections.
2025-01-29 22:14:11,628 INFO c.h.h.t.HelmChartContainer - [test-hivemq-platform] [hivemq] [c6d040f6] WARN  - [HiveMQ Platform Operator Init App 1.7.0-SNAPSHOT] Cannot connect to Health API for liveness: null
2025-01-29 22:14:11,629 INFO c.h.h.t.HelmChartContainer - [test-hivemq-platform] [hivemq] [c6d040f6] INFO  - [HiveMQ Platform Operator Init App 1.7.0-SNAPSHOT] Returning default Health API response 200 for liveness
2025-01-29 22:14:14,230 INFO c.h.h.t.HelmChartContainer - [test-hivemq-platform] [hivemq] [c6d040f6] WARN  - [HiveMQ Platform Operator Init App 1.7.0-SNAPSHOT] Cannot connect to Health API for readiness: null
2025-01-29 22:14:14,235 INFO c.h.h.t.HelmChartContainer - [EVENT] Warning [Unhealthy] Readiness probe failed: HTTP probe failed with statuscode: 503 [helmcustomconfigit:test-hivemq-platform-1]
2025-01-29 22:14:14,235 INFO c.h.h.t.HelmChartContainer - Received Unhealthy event for container hivemq in pod test-hivemq-platform-1 [c6d040f6-94f4-4001-9e0c-7513b9e2ddf8]
2025-01-29 22:14:15,213 INFO c.h.h.t.HelmChartContainer - [test-hivemq-platform] [hivemq] [c6d040f6] INFO  - No valid license file for Data Hub found. Using free license, restricted to 1 policy.
2025-01-29 22:14:16,439 INFO c.h.h.t.HelmChartContainer - [test-hivemq-platform] [hivemq] [c6d040f6] INFO  - Audit Logger started.
2025-01-29 22:14:16,732 INFO c.h.h.t.HelmChartContainer - [test-hivemq-platform] [hivemq] [c6d040f6] INFO  - This node uses '1' CPU cores.
2025-01-29 22:14:16,738 INFO c.h.h.t.HelmChartContainer - [test-hivemq-platform] [hivemq] [c6d040f6] INFO  - Starting HiveMQ Health API on address 0.0.0.0 and port 8889
2025-01-29 22:14:17,723 INFO c.h.h.t.HelmChartContainer - [test-hivemq-platform] [hivemq] [c6d040f6] INFO  - Started HiveMQ Health API in 985ms
2025-01-29 22:14:18,525 INFO c.h.h.t.HelmChartContainer - [test-hivemq-platform] [hivemq] [c6d040f6] INFO  - Starting HiveMQ extension system.
2025-01-29 22:14:18,819 INFO c.h.h.t.HelmChartContainer - [test-hivemq-platform] [hivemq] [c6d040f6] INFO  - Starting extension with id "hivemq-dns-cluster-discovery" at /opt/hivemq/extensions/hivemq-dns-cluster-discovery
2025-01-29 22:14:19,274 INFO c.h.h.t.HelmChartContainer - [hivemq-test-hivemq-platform] [hivemq-platform-operator] [f20d46c8] 22:14:19.271 [pool-6-thread-24] DEBUG c.h.p.o.d.PlatformServiceResource - [helmcust] Desired Platform services (3 services)
2025-01-29 22:14:19,274 INFO c.h.h.t.HelmChartContainer - [hivemq-test-hivemq-platform] [hivemq-platform-operator] [f20d46c8] 22:14:19.272 [pool-6-thread-23] DEBUG c.h.p.o.dependants.PodInfoConfigMap - [helmcust] Desired PodInfo ConfigMap (1 extensions) (1 enabled)
2025-01-29 22:14:19,274 INFO c.h.h.t.HelmChartContainer - [hivemq-test-hivemq-platform] [hivemq-platform-operator] [f20d46c8] 22:14:19.272 [pool-6-thread-23] DEBUG c.h.p.o.dependants.PodInfoConfigMap - [helmcust] Desired PodInfo ConfigMap (metrics port: 9399) (metrics path: /)
2025-01-29 22:14:19,274 INFO c.h.h.t.HelmChartContainer - [hivemq-test-hivemq-platform] [hivemq-platform-operator] [f20d46c8] 22:14:19.272 [pool-6-thread-23] DEBUG c.h.p.o.dependants.PodInfoConfigMap - [helmcust] Desired PodInfo ConfigMap (extension state hash: -1817474005)
2025-01-29 22:14:19,275 INFO c.h.h.t.HelmChartContainer - [hivemq-test-hivemq-platform] [hivemq-platform-operator] [f20d46c8] 22:14:19.273 [pool-6-thread-27] DEBUG c.h.p.o.d.PodServiceAccountResource - [helmcust] Desired PodServiceAccountResource (serviceAccountName: hivemq-platform-pod-test-hivemq-platform)
2025-01-29 22:14:19,280 INFO c.h.h.t.HelmChartContainer - [hivemq-test-hivemq-platform] [hivemq-platform-operator] [f20d46c8] 22:14:19.278 [pool-6-thread-23] DEBUG c.h.p.o.d.StatefulSetResource - [helmcust] Desired StatefulSet (2 replicas) for status STARTING (READY)
2025-01-29 22:14:19,284 INFO c.h.h.t.HelmChartContainer - [hivemq-test-hivemq-platform] [hivemq-platform-operator] [f20d46c8] 22:14:19.282 [ReconcilerExecutor-hivemq-controller-122] INFO  c.h.p.o.HiveMQPlatformReconciler - [helmcust] Reconciling HiveMQ Platform 'test-hivemq-platform' in namespace 'helmcustomconfigit'
2025-01-29 22:14:19,284 INFO c.h.h.t.HelmChartContainer - [hivemq-test-hivemq-platform] [hivemq-platform-operator] [f20d46c8] 22:14:19.283 [ReconcilerExecutor-hivemq-controller-122] DEBUG c.h.p.o.HiveMQPlatformReconciler - [helmcust] Custom Resource Status STARTING - HiveMQ Platform is starting (READY)
2025-01-29 22:14:19,285 INFO c.h.h.t.HelmChartContainer - [hivemq-test-hivemq-platform] [hivemq-platform-operator] [f20d46c8] 22:14:19.283 [ReconcilerExecutor-hivemq-controller-122] DEBUG c.h.p.o.HiveMQPlatformReconciler - [helmcust] Custom Resource Spec (replicas: 2) (extensions: 1)
2025-01-29 22:14:19,286 INFO c.h.h.t.HelmChartContainer - [hivemq-test-hivemq-platform] [hivemq-platform-operator] [f20d46c8] 22:14:19.284 [ReconcilerExecutor-hivemq-controller-122] DEBUG c.h.p.o.HiveMQPlatformReconciler - [helmcust] StatefulSet Status (revision: test-hivemq-platform-86bfbd5557, replicas: 2, available: 1, ready: 1, current: 2, updated: 2)
2025-01-29 22:14:19,286 INFO c.h.h.t.HelmChartContainer - [hivemq-test-hivemq-platform] [hivemq-platform-operator] [f20d46c8] 22:14:19.284 [ReconcilerExecutor-hivemq-controller-122] DEBUG c.h.p.o.HiveMQPlatformReconciler - [helmcust] StatefulSet Spec (replicas: 2, init containers: 1, containers: 1, volumes: 3)
2025-01-29 22:14:19,287 INFO c.h.h.t.HelmChartContainer - [hivemq-test-hivemq-platform] [hivemq-platform-operator] [f20d46c8] 22:14:19.285 [ReconcilerExecutor-hivemq-controller-122] DEBUG c.h.p.o.h.HiveMQPlatformReconcilerErrorHandler - [helmcust] Pod 'test-hivemq-platform-1' phase Running
2025-01-29 22:14:19,288 INFO c.h.h.t.HelmChartContainer - [hivemq-test-hivemq-platform] [hivemq-platform-operator] [f20d46c8] 22:14:19.286 [ReconcilerExecutor-hivemq-controller-122] DEBUG c.h.p.o.h.HiveMQPlatformReconcilerErrorHandler - [helmcust] Pod 'test-hivemq-platform-0' phase Running
2025-01-29 22:14:19,288 INFO c.h.h.t.HelmChartContainer - [hivemq-test-hivemq-platform] [hivemq-platform-operator] [f20d46c8] 22:14:19.287 [ReconcilerExecutor-hivemq-controller-122] INFO  c.h.p.o.h.HiveMQPlatformReconcilerBaseHandler - [helmcust] HiveMQ Platform is starting, 1 of 2 replicas are ready
2025-01-29 22:14:19,326 INFO c.h.h.t.HelmChartContainer - [test-hivemq-platform] [hivemq] [c6d040f6] INFO  - Extension "DNS Cluster Discovery Extension" version 4.3.2 started successfully.
2025-01-29 22:14:19,326 INFO c.h.h.t.HelmChartContainer - [test-hivemq-platform] [hivemq] [c6d040f6] INFO  - Starting extension with id "hivemq-prometheus-extension" at /opt/hivemq/extensions/hivemq-prometheus-extension
2025-01-29 22:14:19,523 INFO c.h.h.t.HelmChartContainer - [test-hivemq-platform] [hivemq] [c6d040f6] INFO  - Using TCP cluster transport on address 10.42.0.9 and port 7000
2025-01-29 22:14:19,619 INFO c.h.h.t.HelmChartContainer - [test-hivemq-platform] [hivemq] [c6d040f6] INFO  - Using extension cluster discovery
2025-01-29 22:14:20,271 INFO c.h.h.t.HelmChartContainer - [EVENT] Warning [Unhealthy] Readiness probe failed: Get "http://10.42.0.9:7979/readiness": context deadline exceeded (Client.Timeout exceeded while awaiting headers) [helmcustomconfigit:test-hivemq-platform-1]
2025-01-29 22:14:20,271 INFO c.h.h.t.HelmChartContainer - Received Unhealthy event for container hivemq in pod test-hivemq-platform-1 [c6d040f6-94f4-4001-9e0c-7513b9e2ddf8]
2025-01-29 22:14:20,620 INFO c.h.h.t.HelmChartContainer - [test-hivemq-platform] [hivemq] [c6d040f6] INFO  - Started Jetty Server exposing Prometheus Servlet on URI http://0.0.0.0:9399/
2025-01-29 22:14:20,620 INFO c.h.h.t.HelmChartContainer - [test-hivemq-platform] [hivemq] [c6d040f6] INFO  - Extension "Prometheus Monitoring Extension" version 4.0.12 started successfully.
2025-01-29 22:14:20,622 INFO c.h.h.t.HelmChartContainer - [test-hivemq-platform] [hivemq] [c6d040f6] INFO  - Starting extension with id "hivemq-allow-all-extension" at /opt/hivemq/extensions/hivemq-allow-all-extension
2025-01-29 22:14:20,622 INFO c.h.h.t.HelmChartContainer - [test-hivemq-platform] [hivemq] [c6d040f6] WARN  - 
2025-01-29 22:14:20,622 INFO c.h.h.t.HelmChartContainer - [test-hivemq-platform] [hivemq] [c6d040f6] ################################################################################################################
2025-01-29 22:14:20,622 INFO c.h.h.t.HelmChartContainer - [test-hivemq-platform] [hivemq] [c6d040f6] # This HiveMQ deployment is not secure! You are lacking Authentication and Authorization.                      #
2025-01-29 22:14:20,622 INFO c.h.h.t.HelmChartContainer - [test-hivemq-platform] [hivemq] [c6d040f6] # Right now any MQTT client can connect to the broker with a full set of permissions.                          #
2025-01-29 22:14:20,622 INFO c.h.h.t.HelmChartContainer - [test-hivemq-platform] [hivemq] [c6d040f6] # For production usage, add an appropriate security extension and remove the hivemq-allow-all extension.       #
2025-01-29 22:14:20,622 INFO c.h.h.t.HelmChartContainer - [test-hivemq-platform] [hivemq] [c6d040f6] # You can download security extensions from the HiveMQ Marketplace (https://www.hivemq.com/extensions/).       #
2025-01-29 22:14:20,622 INFO c.h.h.t.HelmChartContainer - [test-hivemq-platform] [hivemq] [c6d040f6] ################################################################################################################
2025-01-29 22:14:20,622 INFO c.h.h.t.HelmChartContainer - [test-hivemq-platform] [hivemq] [c6d040f6] INFO  - Extension "Allow All Extension" version 1.1.1 started successfully.
2025-01-29 22:14:20,732 INFO c.h.h.t.HelmChartContainer - [test-hivemq-platform] [hivemq] [31cc00f6] INFO  - Cluster nodes found by discovery: [GDMoV|1] (2) [GDMoV, 2txRa].
2025-01-29 22:14:20,875 INFO c.h.h.t.HelmChartContainer - [test-hivemq-platform] [hivemq] [c6d040f6] INFO  - Cluster nodes found by discovery: [GDMoV|1] (2) [GDMoV, 2txRa].
2025-01-29 22:14:21,021 INFO c.h.h.t.HelmChartContainer - [test-hivemq-platform] [hivemq] [c6d040f6] INFO  - [HiveMQ Platform Operator Init App 1.7.0-SNAPSHOT] Returning Health API response 503 for readiness
2025-01-29 22:14:21,216 INFO c.h.h.t.HelmChartContainer - [test-hivemq-platform] [hivemq] [c6d040f6] INFO  - Cluster size = 1, members : [GDMoV].
2025-01-29 22:14:21,655 INFO c.h.h.t.HelmChartContainer - [test-hivemq-platform] [hivemq] [c6d040f6] INFO  - Starting cluster join process. This may take a while. Please do not shut down HiveMQ.
2025-01-29 22:14:21,657 INFO c.h.h.t.HelmChartContainer - [test-hivemq-platform] [hivemq] [c6d040f6] INFO  - Cluster join process is still ongoing. Please do not shut down HiveMQ.
2025-01-29 22:14:23,667 INFO c.h.h.t.HelmChartContainer - [test-hivemq-platform] [hivemq] [31cc00f6] INFO  - Cluster size = 2, members : [2txRa, GDMoV].
2025-01-29 22:14:23,684 INFO c.h.h.t.HelmChartContainer - [test-hivemq-platform] [hivemq] [c6d040f6] INFO  - Cluster size = 2, members : [2txRa, GDMoV].
2025-01-29 22:14:23,689 INFO c.h.h.t.HelmChartContainer - [test-hivemq-platform] [hivemq] [c6d040f6] INFO  - Finished cluster join process successfully.
2025-01-29 22:14:23,690 INFO c.h.h.t.HelmChartContainer - [test-hivemq-platform] [hivemq] [c6d040f6] WARN  - No user for HiveMQ Control Center configured. Starting with default user
2025-01-29 22:14:23,714 INFO c.h.h.t.HelmChartContainer - [test-hivemq-platform] [hivemq] [c6d040f6] INFO  - Starting HiveMQ Control Center on address 0.0.0.0 and port 8080
2025-01-29 22:14:23,775 INFO c.h.h.t.HelmChartContainer - [test-hivemq-platform] [hivemq] [c6d040f6] INFO  - Mounting HiveMQ Control Center V2 Preview
2025-01-29 22:14:24,284 INFO c.h.h.t.HelmChartContainer - [EVENT] Warning [Unhealthy] Readiness probe failed: HTTP probe failed with statuscode: 503 [helmcustomconfigit:test-hivemq-platform-1]
2025-01-29 22:14:24,284 INFO c.h.h.t.HelmChartContainer - Received Unhealthy event for container hivemq in pod test-hivemq-platform-1 [c6d040f6-94f4-4001-9e0c-7513b9e2ddf8]
2025-01-29 22:14:24,477 INFO c.h.h.t.HelmChartContainer - [test-hivemq-platform] [hivemq] [c6d040f6] INFO  - Started HiveMQ Control Center in 786ms
2025-01-29 22:14:24,492 INFO c.h.h.t.HelmChartContainer - [test-hivemq-platform] [hivemq] [c6d040f6] INFO  - Starting TCP listener on address 0.0.0.0 and port 1883
2025-01-29 22:14:24,580 INFO c.h.h.t.HelmChartContainer - [test-hivemq-platform] [hivemq] [c6d040f6] INFO  - Started TCP Listener on address 0.0.0.0 and on port 1883.
2025-01-29 22:14:24,580 INFO c.h.h.t.HelmChartContainer - [test-hivemq-platform] [hivemq] [c6d040f6] INFO  - Started HiveMQ in 33903ms
2025-01-29 22:14:29,232 INFO c.h.h.t.HelmChartContainer - [test-hivemq-platform] [hivemq] [c6d040f6] INFO  - [HiveMQ Platform Operator Init App 1.7.0-SNAPSHOT] Returning Health API response 200 for readiness
2025-01-29 22:14:29,246 INFO c.h.h.t.HelmChartContainer - [POD] test-hivemq-platform-1 [c6d040f6-94f4-4001-9e0c-7513b9e2ddf8] in helmcustomconfigit was MODIFIED
2025-01-29 22:14:29,253 INFO c.h.h.t.HelmChartContainer - [hivemq-test-hivemq-platform] [hivemq-platform-operator] [f20d46c8] 22:14:29.251 [pool-6-thread-36] DEBUG c.h.p.o.d.PlatformServiceResource - [helmcust] Desired Platform services (3 services)
2025-01-29 22:14:29,263 INFO c.h.h.t.HelmChartContainer - [hivemq-test-hivemq-platform] [hivemq-platform-operator] [f20d46c8] 22:14:29.251 [pool-6-thread-32] DEBUG c.h.p.o.dependants.PodInfoConfigMap - [helmcust] Desired PodInfo ConfigMap (1 extensions) (1 enabled)
2025-01-29 22:14:29,263 INFO c.h.h.t.HelmChartContainer - [hivemq-test-hivemq-platform] [hivemq-platform-operator] [f20d46c8] 22:14:29.261 [pool-6-thread-32] DEBUG c.h.p.o.dependants.PodInfoConfigMap - [helmcust] Desired PodInfo ConfigMap (metrics port: 9399) (metrics path: /)
2025-01-29 22:14:29,263 INFO c.h.h.t.HelmChartContainer - [hivemq-test-hivemq-platform] [hivemq-platform-operator] [f20d46c8] 22:14:29.261 [pool-6-thread-32] DEBUG c.h.p.o.dependants.PodInfoConfigMap - [helmcust] Desired PodInfo ConfigMap (extension state hash: -1817474005)
2025-01-29 22:14:29,263 INFO c.h.h.t.HelmChartContainer - [hivemq-test-hivemq-platform] [hivemq-platform-operator] [f20d46c8] 22:14:29.262 [pool-6-thread-35] DEBUG c.h.p.o.d.PodServiceAccountResource - [helmcust] Desired PodServiceAccountResource (serviceAccountName: hivemq-platform-pod-test-hivemq-platform)
2025-01-29 22:14:29,267 INFO c.h.h.t.HelmChartContainer - [hivemq-test-hivemq-platform] [hivemq-platform-operator] [f20d46c8] 22:14:29.266 [pool-6-thread-36] DEBUG c.h.p.o.d.StatefulSetResource - [helmcust] Desired StatefulSet (2 replicas) for status STARTING (READY)
2025-01-29 22:14:29,313 INFO c.h.h.t.HelmChartContainer - [hivemq-test-hivemq-platform] [hivemq-platform-operator] [f20d46c8] 22:14:29.311 [ReconcilerExecutor-hivemq-controller-123] INFO  c.h.p.o.HiveMQPlatformReconciler - [helmcust] Reconciling HiveMQ Platform 'test-hivemq-platform' in namespace 'helmcustomconfigit'
2025-01-29 22:14:29,314 INFO c.h.h.t.HelmChartContainer - [hivemq-test-hivemq-platform] [hivemq-platform-operator] [f20d46c8] 22:14:29.311 [ReconcilerExecutor-hivemq-controller-123] DEBUG c.h.p.o.HiveMQPlatformReconciler - [helmcust] Custom Resource Status STARTING - HiveMQ Platform is starting (READY)
2025-01-29 22:14:29,314 INFO c.h.h.t.HelmChartContainer - [hivemq-test-hivemq-platform] [hivemq-platform-operator] [f20d46c8] 22:14:29.311 [ReconcilerExecutor-hivemq-controller-123] DEBUG c.h.p.o.HiveMQPlatformReconciler - [helmcust] Custom Resource Spec (replicas: 2) (extensions: 1)
2025-01-29 22:14:29,314 INFO c.h.h.t.HelmChartContainer - [hivemq-test-hivemq-platform] [hivemq-platform-operator] [f20d46c8] 22:14:29.313 [ReconcilerExecutor-hivemq-controller-123] DEBUG c.h.p.o.HiveMQPlatformReconciler - [helmcust] StatefulSet Status (revision: test-hivemq-platform-86bfbd5557, replicas: 2, available: 2, ready: 2, current: 2, updated: 2)
2025-01-29 22:14:29,314 INFO c.h.h.t.HelmChartContainer - [hivemq-test-hivemq-platform] [hivemq-platform-operator] [f20d46c8] 22:14:29.313 [ReconcilerExecutor-hivemq-controller-123] DEBUG c.h.p.o.HiveMQPlatformReconciler - [helmcust] StatefulSet Spec (replicas: 2, init containers: 1, containers: 1, volumes: 3)
2025-01-29 22:14:29,316 INFO c.h.h.t.HelmChartContainer - [hivemq-test-hivemq-platform] [hivemq-platform-operator] [f20d46c8] 22:14:29.314 [ReconcilerExecutor-hivemq-controller-123] DEBUG c.h.p.o.h.HiveMQPlatformReconcilerErrorHandler - [helmcust] Pod 'test-hivemq-platform-1' phase Running
2025-01-29 22:14:29,318 INFO c.h.h.t.HelmChartContainer - [hivemq-test-hivemq-platform] [hivemq-platform-operator] [f20d46c8] 22:14:29.316 [ReconcilerExecutor-hivemq-controller-123] DEBUG c.h.p.o.h.HiveMQPlatformReconcilerErrorHandler - [helmcust] Pod 'test-hivemq-platform-0' phase Running
2025-01-29 22:14:29,320 INFO c.h.h.t.HelmChartContainer - [hivemq-test-hivemq-platform] [hivemq-platform-operator] [f20d46c8] 22:14:29.316 [ReconcilerExecutor-hivemq-controller-123] INFO  c.h.p.o.h.HiveMQPlatformReconcilerBaseHandler - [helmcust] HiveMQ Platform started successfully
2025-01-29 22:14:29,424 INFO c.h.h.t.HelmChartContainer - [hivemq-test-hivemq-platform] [hivemq-platform-operator] [f20d46c8] 22:14:29.423 [ReconcilerExecutor-hivemq-controller-123] DEBUG c.h.p.operator.event.EventSender - [helmcust] Creating K8s event hivemq-platform-ready: [Ready] HiveMQ Platform is ready
2025-01-29 22:14:29,427 INFO c.h.h.t.HelmChartContainer - [EVENT] Normal [Ready] HiveMQ Platform is ready [helmcustomconfigit:test-hivemq-platform]
2025-01-29 22:14:29,428 INFO c.h.h.t.HelmChartContainer - [hivemq-test-hivemq-platform] [hivemq-platform-operator] [f20d46c8] 22:14:29.428 [ReconcilerExecutor-hivemq-controller-123] INFO  c.h.p.o.h.AbstractHiveMQReconcilerStateHandler - [helmcust] Update HiveMQ Platform Status (STARTING [READY] -> RUNNING [READY]): HiveMQ Platform is ready
2025-01-29 22:14:29,437 DEBUG com.hivemq.helmcharts.util.K8sUtil - Comparing actual state 'RUNNING' and waiting for 'RUNNING'
2025-01-29 22:14:29,521 INFO c.h.h.t.HelmChartContainer - [hivemq-test-hivemq-platform] [hivemq-platform-operator] [f20d46c8] 22:14:29.512 [pool-6-thread-47] DEBUG c.h.p.o.d.PlatformServiceResource - [helmcust] Desired Platform services (3 services)
2025-01-29 22:14:29,521 INFO c.h.h.t.HelmChartContainer - [hivemq-test-hivemq-platform] [hivemq-platform-operator] [f20d46c8] 22:14:29.513 [pool-6-thread-42] DEBUG c.h.p.o.dependants.PodInfoConfigMap - [helmcust] Desired PodInfo ConfigMap (1 extensions) (1 enabled)
2025-01-29 22:14:29,521 INFO c.h.h.t.HelmChartContainer - [hivemq-test-hivemq-platform] [hivemq-platform-operator] [f20d46c8] 22:14:29.513 [pool-6-thread-42] DEBUG c.h.p.o.dependants.PodInfoConfigMap - [helmcust] Desired PodInfo ConfigMap (metrics port: 9399) (metrics path: /)
2025-01-29 22:14:29,521 INFO c.h.h.t.HelmChartContainer - [hivemq-test-hivemq-platform] [hivemq-platform-operator] [f20d46c8] 22:14:29.513 [pool-6-thread-42] DEBUG c.h.p.o.dependants.PodInfoConfigMap - [helmcust] Desired PodInfo ConfigMap (extension state hash: -1817474005)
2025-01-29 22:14:29,521 INFO c.h.h.t.HelmChartContainer - [hivemq-test-hivemq-platform] [hivemq-platform-operator] [f20d46c8] 22:14:29.514 [pool-6-thread-42] DEBUG c.h.p.o.dependants.PodInfoConfigMap - [helmcust] Update PodInfo ConfigMap
2025-01-29 22:14:29,521 INFO c.h.h.t.HelmChartContainer - [hivemq-test-hivemq-platform] [hivemq-platform-operator] [f20d46c8] 22:14:29.516 [pool-6-thread-43] DEBUG c.h.p.o.d.PodServiceAccountResource - [helmcust] Desired PodServiceAccountResource (serviceAccountName: hivemq-platform-pod-test-hivemq-platform)
2025-01-29 22:14:29,528 INFO c.h.h.t.HelmChartContainer - [hivemq-test-hivemq-platform] [hivemq-platform-operator] [f20d46c8] 22:14:29.527 [pool-6-thread-42] DEBUG c.h.p.o.d.StatefulSetResource - [helmcust] Desired StatefulSet (2 replicas) for status RUNNING (READY)
2025-01-29 22:14:29,613 INFO c.h.h.t.HelmChartContainer - [hivemq-test-hivemq-platform] [hivemq-platform-operator] [f20d46c8] 22:14:29.610 [ReconcilerExecutor-hivemq-controller-124] INFO  c.h.p.o.HiveMQPlatformReconciler - [helmcust] Reconciling HiveMQ Platform 'test-hivemq-platform' in namespace 'helmcustomconfigit'
2025-01-29 22:14:29,613 INFO c.h.h.t.HelmChartContainer - [hivemq-test-hivemq-platform] [hivemq-platform-operator] [f20d46c8] 22:14:29.611 [ReconcilerExecutor-hivemq-controller-124] DEBUG c.h.p.o.HiveMQPlatformReconciler - [helmcust] Custom Resource Status RUNNING - HiveMQ Platform is ready (READY)
2025-01-29 22:14:29,615 INFO c.h.h.t.HelmChartContainer - [hivemq-test-hivemq-platform] [hivemq-platform-operator] [f20d46c8] 22:14:29.611 [ReconcilerExecutor-hivemq-controller-124] DEBUG c.h.p.o.HiveMQPlatformReconciler - [helmcust] Custom Resource Spec (replicas: 2) (extensions: 1)
2025-01-29 22:14:29,615 INFO c.h.h.t.HelmChartContainer - [hivemq-test-hivemq-platform] [hivemq-platform-operator] [f20d46c8] 22:14:29.613 [ReconcilerExecutor-hivemq-controller-124] DEBUG c.h.p.o.HiveMQPlatformReconciler - [helmcust] StatefulSet Status (revision: test-hivemq-platform-86bfbd5557, replicas: 2, available: 2, ready: 2, current: 2, updated: 2)
2025-01-29 22:14:29,615 INFO c.h.h.t.HelmChartContainer - [hivemq-test-hivemq-platform] [hivemq-platform-operator] [f20d46c8] 22:14:29.613 [ReconcilerExecutor-hivemq-controller-124] DEBUG c.h.p.o.HiveMQPlatformReconciler - [helmcust] StatefulSet Spec (replicas: 2, init containers: 1, containers: 1, volumes: 3)
2025-01-29 22:14:29,616 INFO c.h.h.t.HelmChartContainer - [hivemq-test-hivemq-platform] [hivemq-platform-operator] [f20d46c8] 22:14:29.614 [ReconcilerExecutor-hivemq-controller-124] DEBUG c.h.p.o.h.HiveMQPlatformReconcilerErrorHandler - [helmcust] Pod 'test-hivemq-platform-1' phase Running
2025-01-29 22:14:29,617 INFO c.h.h.t.HelmChartContainer - [hivemq-test-hivemq-platform] [hivemq-platform-operator] [f20d46c8] 22:14:29.616 [ReconcilerExecutor-hivemq-controller-124] DEBUG c.h.p.o.h.HiveMQPlatformReconcilerErrorHandler - [helmcust] Pod 'test-hivemq-platform-0' phase Running
2025-01-29 22:14:31,454 INFO c.h.h.t.HelmChartContainer - Uninstalling release 'test-hivemq-platform' in namespace 'helmcustomconfigit'...
2025-01-29 22:14:31,454 DEBUG c.h.h.t.HelmChartContainer - Executing helm command: /bin/helm --kubeconfig /etc/rancher/k3s/k3s.yaml uninstall test-hivemq-platform  --wait --timeout 5m0s --cascade foreground --namespace helmcustomconfigit
2025-01-29 22:14:31,641 INFO c.h.h.t.HelmChartContainer - [hivemq-test-hivemq-platform] [hivemq-platform-operator] [f20d46c8] 22:14:31.637 [ReconcilerExecutor-hivemq-controller-125] INFO  c.h.p.o.HiveMQPlatformReconciler - [helmcust] Cleanup test-hivemq-platform - helmcustomconfigit HiveMQ Platform is shut down
2025-01-29 22:14:31,846 INFO c.h.h.t.HelmChartContainer - [test-hivemq-platform] [hivemq] [31cc00f6] WARN  - [HiveMQ Platform Operator Init App 1.7.0-SNAPSHOT] Could not update Pod annotations: Failure executing: GET at: https://10.43.0.1:443/api/v1/namespaces/helmcustomconfigit/pods/test-hivemq-platform-0. Message: pods "test-hivemq-platform-0" is forbidden: User "system:serviceaccount:helmcustomconfigit:hivemq-platform-pod-test-hivemq-platform" cannot get resource "pods" in API group "" in the namespace "helmcustomconfigit". Received status: Status(apiVersion=v1, code=403, details=StatusDetails(causes=[], group=null, kind=pods, name=test-hivemq-platform-0, retryAfterSeconds=null, uid=null, additionalProperties={}), kind=Status, message=pods "test-hivemq-platform-0" is forbidden: User "system:serviceaccount:helmcustomconfigit:hivemq-platform-pod-test-hivemq-platform" cannot get resource "pods" in API group "" in the namespace "helmcustomconfigit", metadata=ListMeta(_continue=null, remainingItemCount=null, resourceVersion=null, selfLink=null, additionalProperties={}), reason=Forbidden, status=Failure, additionalProperties={}).
2025-01-29 22:14:32,443 INFO c.h.h.t.HelmChartContainer - [POD] test-hivemq-platform-1 [c6d040f6-94f4-4001-9e0c-7513b9e2ddf8] in helmcustomconfigit was MODIFIED
2025-01-29 22:14:32,451 INFO c.h.h.t.HelmChartContainer - [EVENT] Normal [Killing] Stopping container hivemq [helmcustomconfigit:test-hivemq-platform-1]
2025-01-29 22:14:32,451 INFO c.h.h.t.HelmChartContainer - Received Killing event for container hivemq in pod test-hivemq-platform-1 [c6d040f6-94f4-4001-9e0c-7513b9e2ddf8]
2025-01-29 22:14:32,451 INFO c.h.h.t.HelmChartContainer - Container [test-hivemq-platform-1] [hivemq] [c6d040f6-94f4-4001-9e0c-7513b9e2ddf8] was terminated
2025-01-29 22:14:32,452 INFO c.h.h.t.HelmChartContainer - Stopped log watcher for hivemq in pod test-hivemq-platform-1 [c6d040f6-94f4-4001-9e0c-7513b9e2ddf8]
2025-01-29 22:14:32,470 INFO c.h.h.t.HelmChartContainer - [POD] test-hivemq-platform-0 [31cc00f6-2303-46be-96c2-7b9dd93662ab] in helmcustomconfigit was MODIFIED
2025-01-29 22:14:32,477 INFO c.h.h.t.HelmChartContainer - [EVENT] Normal [Killing] Stopping container hivemq [helmcustomconfigit:test-hivemq-platform-0]
2025-01-29 22:14:32,477 INFO c.h.h.t.HelmChartContainer - Received Killing event for container hivemq in pod test-hivemq-platform-0 [31cc00f6-2303-46be-96c2-7b9dd93662ab]
2025-01-29 22:14:32,477 INFO c.h.h.t.HelmChartContainer - Container [test-hivemq-platform-0] [hivemq] [31cc00f6-2303-46be-96c2-7b9dd93662ab] was terminated
2025-01-29 22:14:32,477 INFO c.h.h.t.HelmChartContainer - Stopped log watcher for hivemq in pod test-hivemq-platform-0 [31cc00f6-2303-46be-96c2-7b9dd93662ab]
2025-01-29 22:14:32,478 INFO c.h.h.t.HelmChartContainer - [test-hivemq-platform] [hivemq] [31cc00f6] INFO  - [HiveMQ Platform Operator Init App 1.7.0-SNAPSHOT] Shutting down
2025-01-29 22:14:32,478 INFO c.h.h.t.HelmChartContainer - [test-hivemq-platform] [hivemq] [31cc00f6] INFO  - [HiveMQ Platform Operator Init App 1.7.0-SNAPSHOT] Stopping the HiveMQ Platform
2025-01-29 22:14:32,523 INFO c.h.h.t.HelmChartContainer - [test-hivemq-platform] [hivemq] [c6d040f6] INFO  - [HiveMQ Platform Operator Init App 1.7.0-SNAPSHOT] Shutting down
2025-01-29 22:14:32,523 INFO c.h.h.t.HelmChartContainer - [test-hivemq-platform] [hivemq] [c6d040f6] INFO  - [HiveMQ Platform Operator Init App 1.7.0-SNAPSHOT] Stopping the HiveMQ Platform
2025-01-29 22:14:32,566 INFO c.h.h.t.HelmChartContainer - [test-hivemq-platform] [hivemq] [31cc00f6] INFO  - Shutting down HiveMQ. Please wait, this could take a while...
2025-01-29 22:14:32,653 INFO c.h.h.t.HelmChartContainer - [test-hivemq-platform] [hivemq] [31cc00f6] INFO  - Shutting down listeners and clients
2025-01-29 22:14:32,654 INFO c.h.h.t.HelmChartContainer - [test-hivemq-platform] [hivemq] [31cc00f6] INFO  - Shutdown of listeners is done
2025-01-29 22:14:32,655 INFO c.h.h.t.HelmChartContainer - [test-hivemq-platform] [hivemq] [31cc00f6] INFO  - No clients are connected, proceeding with shutdown
2025-01-29 22:14:32,822 INFO c.h.h.t.HelmChartContainer - [test-hivemq-platform] [hivemq] [c6d040f6] INFO  - Shutting down HiveMQ. Please wait, this could take a while...
2025-01-29 22:14:32,826 INFO c.h.h.t.HelmChartContainer - [test-hivemq-platform] [hivemq] [c6d040f6] INFO  - Shutting down listeners and clients
2025-01-29 22:14:32,827 INFO c.h.h.t.HelmChartContainer - [test-hivemq-platform] [hivemq] [c6d040f6] INFO  - Shutdown of listeners is done
2025-01-29 22:14:32,828 INFO c.h.h.t.HelmChartContainer - [test-hivemq-platform] [hivemq] [c6d040f6] INFO  - No clients are connected, proceeding with shutdown
2025-01-29 22:14:33,679 INFO c.h.h.t.HelmChartContainer - Deleting namespace 'helmcustomconfigit'...
2025-01-29 22:14:34,229 INFO c.h.h.t.HelmChartContainer - [test-hivemq-platform] [hivemq] [c6d040f6] INFO  - [HiveMQ Platform Operator Init App 1.7.0-SNAPSHOT] Returning shutdown Health API response 503 for readiness
2025-01-29 22:14:34,233 INFO c.h.h.t.HelmChartContainer - [EVENT] Warning [Unhealthy] Readiness probe failed: HTTP probe failed with statuscode: 503 [helmcustomconfigit:test-hivemq-platform-1]
2025-01-29 22:14:34,233 INFO c.h.h.t.HelmChartContainer - Received Unhealthy event for container hivemq in pod test-hivemq-platform-1 [c6d040f6-94f4-4001-9e0c-7513b9e2ddf8]
2025-01-29 22:14:34,698 INFO c.h.h.t.HelmChartContainer - [test-hivemq-platform] [hivemq] [c6d040f6] WARN  - [HiveMQ Platform Operator Init App 1.7.0-SNAPSHOT] Could not update Pod annotations: Failure executing: GET at: https://10.43.0.1:443/api/v1/namespaces/helmcustomconfigit/pods/test-hivemq-platform-1. Message: pods "test-hivemq-platform-1" is forbidden: User "system:serviceaccount:helmcustomconfigit:hivemq-platform-pod-test-hivemq-platform" cannot get resource "pods" in API group "" in the namespace "helmcustomconfigit". Received status: Status(apiVersion=v1, code=403, details=StatusDetails(causes=[], group=null, kind=pods, name=test-hivemq-platform-1, retryAfterSeconds=null, uid=null, additionalProperties={}), kind=Status, message=pods "test-hivemq-platform-1" is forbidden: User "system:serviceaccount:helmcustomconfigit:hivemq-platform-pod-test-hivemq-platform" cannot get resource "pods" in API group "" in the namespace "helmcustomconfigit", metadata=ListMeta(_continue=null, remainingItemCount=null, resourceVersion=null, selfLink=null, additionalProperties={}), reason=Forbidden, status=Failure, additionalProperties={}).
2025-01-29 22:14:35,620 INFO c.h.h.t.HelmChartContainer - [test-hivemq-platform] [hivemq] [c6d040f6] INFO  - Shutting down extension system
2025-01-29 22:14:35,627 INFO c.h.h.t.HelmChartContainer - [test-hivemq-platform] [hivemq] [c6d040f6] INFO  - Stopping extension with id hivemq-dns-cluster-discovery
2025-01-29 22:14:35,628 INFO c.h.h.t.HelmChartContainer - [test-hivemq-platform] [hivemq] [c6d040f6] INFO  - Extension "DNS Cluster Discovery Extension" version 4.3.2 stopped successfully.
2025-01-29 22:14:35,628 INFO c.h.h.t.HelmChartContainer - [test-hivemq-platform] [hivemq] [c6d040f6] INFO  - Stopping extension with id hivemq-prometheus-extension
2025-01-29 22:14:35,632 INFO c.h.h.t.HelmChartContainer - [test-hivemq-platform] [hivemq] [c6d040f6] INFO  - Extension "Prometheus Monitoring Extension" version 4.0.12 stopped successfully.
2025-01-29 22:14:35,634 INFO c.h.h.t.HelmChartContainer - [test-hivemq-platform] [hivemq] [c6d040f6] INFO  - Stopping extension with id hivemq-allow-all-extension
2025-01-29 22:14:35,635 INFO c.h.h.t.HelmChartContainer - [test-hivemq-platform] [hivemq] [c6d040f6] INFO  - Extension "Allow All Extension" version 1.1.1 stopped successfully.
2025-01-29 22:14:35,639 INFO c.h.h.t.HelmChartContainer - [test-hivemq-platform] [hivemq] [31cc00f6] INFO  - Cluster nodes found by discovery: [GDMoV|2] (1) [GDMoV].
2025-01-29 22:14:35,642 INFO c.h.h.t.HelmChartContainer - [test-hivemq-platform] [hivemq] [31cc00f6] INFO  - Cluster size = 1, members : [GDMoV].
2025-01-29 22:14:35,960 INFO c.h.h.t.HelmChartContainer - [test-hivemq-platform] [hivemq] [31cc00f6] INFO  - Shutting down extension system
2025-01-29 22:14:35,966 INFO c.h.h.t.HelmChartContainer - [test-hivemq-platform] [hivemq] [31cc00f6] INFO  - Stopping extension with id hivemq-dns-cluster-discovery
2025-01-29 22:14:35,966 INFO c.h.h.t.HelmChartContainer - [test-hivemq-platform] [hivemq] [31cc00f6] INFO  - Extension "DNS Cluster Discovery Extension" version 4.3.2 stopped successfully.
2025-01-29 22:14:35,967 INFO c.h.h.t.HelmChartContainer - [test-hivemq-platform] [hivemq] [31cc00f6] INFO  - Stopping extension with id hivemq-prometheus-extension
2025-01-29 22:14:35,970 INFO c.h.h.t.HelmChartContainer - [test-hivemq-platform] [hivemq] [31cc00f6] INFO  - Extension "Prometheus Monitoring Extension" version 4.0.12 stopped successfully.
2025-01-29 22:14:35,971 INFO c.h.h.t.HelmChartContainer - [test-hivemq-platform] [hivemq] [31cc00f6] INFO  - Stopping extension with id hivemq-allow-all-extension
2025-01-29 22:14:35,971 INFO c.h.h.t.HelmChartContainer - [test-hivemq-platform] [hivemq] [31cc00f6] INFO  - Extension "Allow All Extension" version 1.1.1 stopped successfully.
2025-01-29 22:14:36,236 INFO c.h.h.t.HelmChartContainer - [test-hivemq-platform] [hivemq] [31cc00f6] INFO  - [HiveMQ Platform Operator Init App 1.7.0-SNAPSHOT] Returning shutdown Health API response 503 for readiness
2025-01-29 22:14:36,241 INFO c.h.h.t.HelmChartContainer - [EVENT] Warning [Unhealthy] Readiness probe failed: HTTP probe failed with statuscode: 503 [helmcustomconfigit:test-hivemq-platform-0]
2025-01-29 22:14:36,241 INFO c.h.h.t.HelmChartContainer - Received Unhealthy event for container hivemq in pod test-hivemq-platform-0 [31cc00f6-2303-46be-96c2-7b9dd93662ab]
2025-01-29 22:14:36,850 INFO c.h.h.t.HelmChartContainer - [K3S] [authentication.go:74] "Unable to authenticate the request" err="[invalid bearer token, serviceaccounts \"hivemq-platform-pod-test-hivemq-platform\" not found]"
2025-01-29 22:14:36,863 INFO c.h.h.t.HelmChartContainer - [K3S] [authentication.go:74] "Unable to authenticate the request" err="[invalid bearer token, serviceaccounts \"hivemq-platform-pod-test-hivemq-platform\" not found]"
2025-01-29 22:14:36,865 INFO c.h.h.t.HelmChartContainer - [test-hivemq-platform] [hivemq] [31cc00f6] WARN  - [HiveMQ Platform Operator Init App 1.7.0-SNAPSHOT] Could not update Pod annotations: Failure executing: GET at: https://10.43.0.1:443/api/v1/namespaces/helmcustomconfigit/pods/test-hivemq-platform-0. Message: Unauthorized. Received status: Status(apiVersion=v1, code=401, details=null, kind=Status, message=Unauthorized, metadata=ListMeta(_continue=null, remainingItemCount=null, resourceVersion=null, selfLink=null, additionalProperties={}), reason=Unauthorized, status=Failure, additionalProperties={}).
2025-01-29 22:14:37,974 INFO c.h.h.t.HelmChartContainer - [test-hivemq-platform] [hivemq] [c6d040f6] INFO  - Shutdown completed.
2025-01-29 22:14:38,251 INFO c.h.h.t.HelmChartContainer - [test-hivemq-platform] [hivemq] [31cc00f6] INFO  - Shutdown completed.
2025-01-29 22:14:38,324 INFO c.h.h.t.HelmChartContainer - [test-hivemq-platform] [hivemq] [c6d040f6] INFO  - [HiveMQ Platform Operator Init App 1.7.0-SNAPSHOT] The HiveMQ Platform exited with code 143
2025-01-29 22:14:38,324 INFO c.h.h.t.HelmChartContainer - [test-hivemq-platform] [hivemq] [c6d040f6] INFO  - [HiveMQ Platform Operator Init App 1.7.0-SNAPSHOT] Stopping the REST API
2025-01-29 22:14:38,331 INFO c.h.h.t.HelmChartContainer - [test-hivemq-platform] [hivemq] [c6d040f6] INFO  - [HiveMQ Platform Operator Init App 1.7.0-SNAPSHOT] Shutdown complete
2025-01-29 22:14:38,600 INFO c.h.h.t.HelmChartContainer - [test-hivemq-platform] [hivemq] [31cc00f6] INFO  - [HiveMQ Platform Operator Init App 1.7.0-SNAPSHOT] The HiveMQ Platform exited with code 143
2025-01-29 22:14:38,600 INFO c.h.h.t.HelmChartContainer - [test-hivemq-platform] [hivemq] [31cc00f6] INFO  - [HiveMQ Platform Operator Init App 1.7.0-SNAPSHOT] Stopping the REST API
2025-01-29 22:14:38,608 INFO c.h.h.t.HelmChartContainer - [test-hivemq-platform] [hivemq] [31cc00f6] INFO  - [HiveMQ Platform Operator Init App 1.7.0-SNAPSHOT] Shutdown complete
2025-01-29 22:14:38,808 INFO c.h.h.t.HelmChartContainer - [K3S] [stateful_set.go:466] "StatefulSet has been deleted" key="helmcustomconfigit/test-hivemq-platform"
2025-01-29 22:14:38,830 INFO c.h.h.t.HelmChartContainer - [POD] test-hivemq-platform-1 [c6d040f6-94f4-4001-9e0c-7513b9e2ddf8] in helmcustomconfigit was MODIFIED
2025-01-29 22:14:38,843 INFO c.h.h.t.HelmChartContainer - [K3S] [reconciler_common.go:162] "operationExecutor.UnmountVolume started for volume \"broker-configuration\" (UniqueName: \"kubernetes.io/configmap/c6d040f6-94f4-4001-9e0c-7513b9e2ddf8-broker-configuration\") pod \"c6d040f6-94f4-4001-9e0c-7513b9e2ddf8\" (UID: \"c6d040f6-94f4-4001-9e0c-7513b9e2ddf8\") "
2025-01-29 22:14:38,844 INFO c.h.h.t.HelmChartContainer - [K3S] [reconciler_common.go:162] "operationExecutor.UnmountVolume started for volume \"operator-init\" (UniqueName: \"kubernetes.io/empty-dir/c6d040f6-94f4-4001-9e0c-7513b9e2ddf8-operator-init\") pod \"c6d040f6-94f4-4001-9e0c-7513b9e2ddf8\" (UID: \"c6d040f6-94f4-4001-9e0c-7513b9e2ddf8\") "
2025-01-29 22:14:38,844 INFO c.h.h.t.HelmChartContainer - [K3S] [reconciler_common.go:162] "operationExecutor.UnmountVolume started for volume \"kube-api-access-dkrmj\" (UniqueName: \"kubernetes.io/projected/c6d040f6-94f4-4001-9e0c-7513b9e2ddf8-kube-api-access-dkrmj\") pod \"c6d040f6-94f4-4001-9e0c-7513b9e2ddf8\" (UID: \"c6d040f6-94f4-4001-9e0c-7513b9e2ddf8\") "
2025-01-29 22:14:38,845 INFO c.h.h.t.HelmChartContainer - [K3S] [reconciler_common.go:162] "operationExecutor.UnmountVolume started for volume \"pod-info\" (UniqueName: \"kubernetes.io/configmap/c6d040f6-94f4-4001-9e0c-7513b9e2ddf8-pod-info\") pod \"c6d040f6-94f4-4001-9e0c-7513b9e2ddf8\" (UID: \"c6d040f6-94f4-4001-9e0c-7513b9e2ddf8\") "
2025-01-29 22:14:38,944 INFO c.h.h.t.HelmChartContainer - [K3S] [reconciler_common.go:299] "Volume detached for volume \"broker-configuration\" (UniqueName: \"kubernetes.io/configmap/c6d040f6-94f4-4001-9e0c-7513b9e2ddf8-broker-configuration\") on node \"6c7c6f7dc8ee\" DevicePath \"\""
2025-01-29 22:14:38,944 INFO c.h.h.t.HelmChartContainer - [K3S] [reconciler_common.go:299] "Volume detached for volume \"operator-init\" (UniqueName: \"kubernetes.io/empty-dir/c6d040f6-94f4-4001-9e0c-7513b9e2ddf8-operator-init\") on node \"6c7c6f7dc8ee\" DevicePath \"\""
2025-01-29 22:14:38,944 INFO c.h.h.t.HelmChartContainer - [K3S] [reconciler_common.go:299] "Volume detached for volume \"kube-api-access-dkrmj\" (UniqueName: \"kubernetes.io/projected/c6d040f6-94f4-4001-9e0c-7513b9e2ddf8-kube-api-access-dkrmj\") on node \"6c7c6f7dc8ee\" DevicePath \"\""
2025-01-29 22:14:38,944 INFO c.h.h.t.HelmChartContainer - [K3S] [reconciler_common.go:299] "Volume detached for volume \"pod-info\" (UniqueName: \"kubernetes.io/configmap/c6d040f6-94f4-4001-9e0c-7513b9e2ddf8-pod-info\") on node \"6c7c6f7dc8ee\" DevicePath \"\""
2025-01-29 22:14:39,030 INFO c.h.h.t.HelmChartContainer - [POD] test-hivemq-platform-0 [31cc00f6-2303-46be-96c2-7b9dd93662ab] in helmcustomconfigit was MODIFIED
2025-01-29 22:14:39,045 INFO c.h.h.t.HelmChartContainer - [K3S] [reconciler_common.go:162] "operationExecutor.UnmountVolume started for volume \"broker-configuration\" (UniqueName: \"kubernetes.io/configmap/31cc00f6-2303-46be-96c2-7b9dd93662ab-broker-configuration\") pod \"31cc00f6-2303-46be-96c2-7b9dd93662ab\" (UID: \"31cc00f6-2303-46be-96c2-7b9dd93662ab\") "
2025-01-29 22:14:39,046 INFO c.h.h.t.HelmChartContainer - [K3S] [reconciler_common.go:162] "operationExecutor.UnmountVolume started for volume \"kube-api-access-kf4n6\" (UniqueName: \"kubernetes.io/projected/31cc00f6-2303-46be-96c2-7b9dd93662ab-kube-api-access-kf4n6\") pod \"31cc00f6-2303-46be-96c2-7b9dd93662ab\" (UID: \"31cc00f6-2303-46be-96c2-7b9dd93662ab\") "
2025-01-29 22:14:39,046 INFO c.h.h.t.HelmChartContainer - [K3S] [reconciler_common.go:162] "operationExecutor.UnmountVolume started for volume \"pod-info\" (UniqueName: \"kubernetes.io/configmap/31cc00f6-2303-46be-96c2-7b9dd93662ab-pod-info\") pod \"31cc00f6-2303-46be-96c2-7b9dd93662ab\" (UID: \"31cc00f6-2303-46be-96c2-7b9dd93662ab\") "
2025-01-29 22:14:39,046 INFO c.h.h.t.HelmChartContainer - [K3S] [reconciler_common.go:162] "operationExecutor.UnmountVolume started for volume \"operator-init\" (UniqueName: \"kubernetes.io/empty-dir/31cc00f6-2303-46be-96c2-7b9dd93662ab-operator-init\") pod \"31cc00f6-2303-46be-96c2-7b9dd93662ab\" (UID: \"31cc00f6-2303-46be-96c2-7b9dd93662ab\") "
2025-01-29 22:14:39,146 INFO c.h.h.t.HelmChartContainer - [K3S] [reconciler_common.go:299] "Volume detached for volume \"pod-info\" (UniqueName: \"kubernetes.io/configmap/31cc00f6-2303-46be-96c2-7b9dd93662ab-pod-info\") on node \"6c7c6f7dc8ee\" DevicePath \"\""
2025-01-29 22:14:39,146 INFO c.h.h.t.HelmChartContainer - [K3S] [reconciler_common.go:299] "Volume detached for volume \"operator-init\" (UniqueName: \"kubernetes.io/empty-dir/31cc00f6-2303-46be-96c2-7b9dd93662ab-operator-init\") on node \"6c7c6f7dc8ee\" DevicePath \"\""
2025-01-29 22:14:39,146 INFO c.h.h.t.HelmChartContainer - [K3S] [reconciler_common.go:299] "Volume detached for volume \"broker-configuration\" (UniqueName: \"kubernetes.io/configmap/31cc00f6-2303-46be-96c2-7b9dd93662ab-broker-configuration\") on node \"6c7c6f7dc8ee\" DevicePath \"\""
2025-01-29 22:14:39,146 INFO c.h.h.t.HelmChartContainer - [K3S] [reconciler_common.go:299] "Volume detached for volume \"kube-api-access-kf4n6\" (UniqueName: \"kubernetes.io/projected/31cc00f6-2303-46be-96c2-7b9dd93662ab-kube-api-access-kf4n6\") on node \"6c7c6f7dc8ee\" DevicePath \"\""
2025-01-29 22:14:39,451 INFO c.h.h.t.HelmChartContainer - [K3S] [scope.go:117] "RemoveContainer" containerID="a773419ee40551119c8de346082c44e718d3d5583de2db25185566467fd2fb94"
2025-01-29 22:14:39,467 INFO c.h.h.t.HelmChartContainer - [POD] test-hivemq-platform-0 [31cc00f6-2303-46be-96c2-7b9dd93662ab] in helmcustomconfigit was MODIFIED
2025-01-29 22:14:39,468 INFO c.h.h.t.HelmChartContainer - [POD] test-hivemq-platform-0 [31cc00f6-2303-46be-96c2-7b9dd93662ab] in helmcustomconfigit was DELETED
2025-01-29 22:14:39,480 INFO c.h.h.t.HelmChartContainer - [POD] test-hivemq-platform-1 [c6d040f6-94f4-4001-9e0c-7513b9e2ddf8] in helmcustomconfigit was MODIFIED
2025-01-29 22:14:39,480 INFO c.h.h.t.HelmChartContainer - [POD] test-hivemq-platform-1 [c6d040f6-94f4-4001-9e0c-7513b9e2ddf8] in helmcustomconfigit was DELETED
2025-01-29 22:14:39,558 INFO c.h.h.t.HelmChartContainer - [K3S] [scope.go:117] "RemoveContainer" containerID="628620ece5f5a529742d06019ab90599e64363c8731516abfb54bb25fd06707a"
2025-01-29 22:14:39,561 INFO c.h.h.t.HelmChartContainer - [K3S] [scope.go:117] "RemoveContainer" containerID="a773419ee40551119c8de346082c44e718d3d5583de2db25185566467fd2fb94"
2025-01-29 22:14:39,562 INFO c.h.h.t.HelmChartContainer - [K3S] [scope.go:117] "RemoveContainer" containerID="628620ece5f5a529742d06019ab90599e64363c8731516abfb54bb25fd06707a"
2025-01-29 22:14:39,562 INFO c.h.h.t.HelmChartContainer - [K3S] [scope.go:117] "RemoveContainer" containerID="9b80876e9c56a6e1aa3a1bf12f6a8fe750d9d1d94960907a005ad197aa68d795"
2025-01-29 22:14:39,653 INFO c.h.h.t.HelmChartContainer - [K3S] [scope.go:117] "RemoveContainer" containerID="59f1b0d87ea494ea7fc99850baf22315d18d18a394b0b5d13c70fbe620ea6451"
2025-01-29 22:14:39,656 INFO c.h.h.t.HelmChartContainer - [K3S] [scope.go:117] "RemoveContainer" containerID="9b80876e9c56a6e1aa3a1bf12f6a8fe750d9d1d94960907a005ad197aa68d795"
2025-01-29 22:14:39,656 INFO c.h.h.t.HelmChartContainer - [K3S] [scope.go:117] "RemoveContainer" containerID="59f1b0d87ea494ea7fc99850baf22315d18d18a394b0b5d13c70fbe620ea6451"
2025-01-29 22:14:41,076 INFO c.h.h.t.HelmChartContainer - [K3S] [kubelet_volumes.go:163] "Cleaned up orphaned pod volumes dir" podUID="31cc00f6-2303-46be-96c2-7b9dd93662ab" path="/var/lib/kubelet/pods/31cc00f6-2303-46be-96c2-7b9dd93662ab/volumes"
2025-01-29 22:14:41,077 INFO c.h.h.t.HelmChartContainer - [K3S] [kubelet_volumes.go:163] "Cleaned up orphaned pod volumes dir" podUID="c6d040f6-94f4-4001-9e0c-7513b9e2ddf8" path="/var/lib/kubelet/pods/c6d040f6-94f4-4001-9e0c-7513b9e2ddf8/volumes"
2025-01-29 22:14:44,012 INFO c.h.h.t.HelmChartContainer - Namespace 'helmcustomconfigit' deleted
2025-01-29 22:14:44,012 INFO c.h.h.t.HelmChartContainer - Release 'test-hivemq-platform' in namespace 'helmcustomconfigit' is uninstalled
2025-01-29 22:14:44,012 INFO c.h.h.t.HelmChartContainer - Uninstalling release 'test-hivemq-platform-operator' in namespace 'helmcustomconfigit-operator'...
2025-01-29 22:14:44,013 DEBUG c.h.h.t.HelmChartContainer - Executing helm command: /bin/helm --kubeconfig /etc/rancher/k3s/k3s.yaml uninstall test-hivemq-platform-operator  --wait --timeout 5m0s --cascade foreground --namespace helmcustomconfigit-operator
2025-01-29 22:14:44,185 INFO c.h.h.t.HelmChartContainer - [K3S] [replica_set.go:679] "Finished syncing" kind="ReplicaSet" key="helmcustomconfigit-operator/hivemq-test-hivemq-platform-operator-6966f96d65" duration="12.794079ms"
2025-01-29 22:14:44,185 INFO c.h.h.t.HelmChartContainer - [K3S] [replica_set.go:679] "Finished syncing" kind="ReplicaSet" key="helmcustomconfigit-operator/hivemq-test-hivemq-platform-operator-6966f96d65" duration="37.158µs"
2025-01-29 22:14:44,214 INFO c.h.h.t.HelmChartContainer - [POD] hivemq-test-hivemq-platform-operator-6966f96d65-c49ch [f20d46c8-100c-4abc-8031-ad4868841e51] in helmcustomconfigit-operator was MODIFIED
2025-01-29 22:14:44,216 INFO c.h.h.t.HelmChartContainer - [EVENT] Normal [Killing] Stopping container hivemq-platform-operator [helmcustomconfigit-operator:hivemq-test-hivemq-platform-operator-6966f96d65-c49ch]
2025-01-29 22:14:44,216 INFO c.h.h.t.HelmChartContainer - Received Killing event for container hivemq-platform-operator in pod hivemq-test-hivemq-platform-operator-6966f96d65-c49ch [f20d46c8-100c-4abc-8031-ad4868841e51]
2025-01-29 22:14:44,216 INFO c.h.h.t.HelmChartContainer - Container [hivemq-test-hivemq-platform-operator-6966f96d65-c49ch] [hivemq-platform-operator] [f20d46c8-100c-4abc-8031-ad4868841e51] was terminated
2025-01-29 22:14:44,216 INFO c.h.h.t.HelmChartContainer - Stopped log watcher for hivemq-platform-operator in pod hivemq-test-hivemq-platform-operator-6966f96d65-c49ch [f20d46c8-100c-4abc-8031-ad4868841e51]
2025-01-29 22:14:44,217 INFO c.h.h.t.HelmChartContainer - [hivemq-test-hivemq-platform] [hivemq-platform-operator] [f20d46c8] 22:14:44.215 [application-shutdown-thread] INFO  c.h.p.o.HiveMQPlatformOperatorApplication - HiveMQ Platform Operator is stopping...
2025-01-29 22:14:44,217 INFO c.h.h.t.HelmChartContainer - [hivemq-test-hivemq-platform] [hivemq-platform-operator] [f20d46c8] 22:14:44.215 [application-shutdown-thread] INFO  i.javaoperatorsdk.operator.Operator - Operator SDK 4.9.7 is shutting down...
2025-01-29 22:14:44,221 INFO c.h.h.t.HelmChartContainer - [K3S] [replica_set.go:679] "Finished syncing" kind="ReplicaSet" key="helmcustomconfigit-operator/hivemq-test-hivemq-platform-operator-6966f96d65" duration="17.443483ms"
2025-01-29 22:14:44,222 INFO c.h.h.t.HelmChartContainer - [K3S] [replica_set.go:679] "Finished syncing" kind="ReplicaSet" key="helmcustomconfigit-operator/hivemq-test-hivemq-platform-operator-6966f96d65" duration="44.804µs"
2025-01-29 22:14:44,762 INFO c.h.h.t.HelmChartContainer - [K3S] [replica_set.go:679] "Finished syncing" kind="ReplicaSet" key="helmcustomconfigit-operator/hivemq-test-hivemq-platform-operator-6966f96d65" duration="37.73µs"
2025-01-29 22:14:44,762 INFO c.h.h.t.HelmChartContainer - [POD] hivemq-test-hivemq-platform-operator-6966f96d65-c49ch [f20d46c8-100c-4abc-8031-ad4868841e51] in helmcustomconfigit-operator was MODIFIED
2025-01-29 22:14:44,882 INFO c.h.h.t.HelmChartContainer - [K3S] [reconciler_common.go:162] "operationExecutor.UnmountVolume started for volume \"kube-api-access-vxffw\" (UniqueName: \"kubernetes.io/projected/f20d46c8-100c-4abc-8031-ad4868841e51-kube-api-access-vxffw\") pod \"f20d46c8-100c-4abc-8031-ad4868841e51\" (UID: \"f20d46c8-100c-4abc-8031-ad4868841e51\") "
2025-01-29 22:14:44,983 INFO c.h.h.t.HelmChartContainer - [K3S] [reconciler_common.go:299] "Volume detached for volume \"kube-api-access-vxffw\" (UniqueName: \"kubernetes.io/projected/f20d46c8-100c-4abc-8031-ad4868841e51-kube-api-access-vxffw\") on node \"6c7c6f7dc8ee\" DevicePath \"\""
2025-01-29 22:14:45,464 INFO c.h.h.t.HelmChartContainer - [K3S] [scope.go:117] "RemoveContainer" containerID="ab79cb5f5d020694e961dafbafdffa30f900b3421889de45a984ac05a5789af0"
2025-01-29 22:14:45,467 INFO c.h.h.t.HelmChartContainer - [K3S] [scope.go:117] "RemoveContainer" containerID="ab79cb5f5d020694e961dafbafdffa30f900b3421889de45a984ac05a5789af0"
2025-01-29 22:14:45,474 INFO c.h.h.t.HelmChartContainer - [K3S] [replica_set.go:679] "Finished syncing" kind="ReplicaSet" key="helmcustomconfigit-operator/hivemq-test-hivemq-platform-operator-6966f96d65" duration="44.744µs"
2025-01-29 22:14:45,475 INFO c.h.h.t.HelmChartContainer - [POD] hivemq-test-hivemq-platform-operator-6966f96d65-c49ch [f20d46c8-100c-4abc-8031-ad4868841e51] in helmcustomconfigit-operator was MODIFIED
2025-01-29 22:14:45,476 INFO c.h.h.t.HelmChartContainer - [K3S] [replica_set.go:679] "Finished syncing" kind="ReplicaSet" key="helmcustomconfigit-operator/hivemq-test-hivemq-platform-operator-6966f96d65" duration="29.164µs"
2025-01-29 22:14:45,476 INFO c.h.h.t.HelmChartContainer - [POD] hivemq-test-hivemq-platform-operator-6966f96d65-c49ch [f20d46c8-100c-4abc-8031-ad4868841e51] in helmcustomconfigit-operator was DELETED
2025-01-29 22:14:45,486 INFO c.h.h.t.HelmChartContainer - [K3S] [replica_set.go:679] "Finished syncing" kind="ReplicaSet" key="helmcustomconfigit-operator/hivemq-test-hivemq-platform-operator-6966f96d65" duration="7.213µs"
2025-01-29 22:14:46,222 INFO c.h.h.t.HelmChartContainer - Deleting namespace 'helmcustomconfigit-operator'...
2025-01-29 22:14:47,077 INFO c.h.h.t.HelmChartContainer - [K3S] [kubelet_volumes.go:163] "Cleaned up orphaned pod volumes dir" podUID="f20d46c8-100c-4abc-8031-ad4868841e51" path="/var/lib/kubelet/pods/f20d46c8-100c-4abc-8031-ad4868841e51/volumes"
2025-01-29 22:14:48,985 INFO c.h.h.t.HelmChartContainer - [K3S] [namespace_controller.go:187] "Namespace has been deleted" namespace="helmcustomconfigit"
2025-01-29 22:14:51,438 INFO c.h.h.t.HelmChartContainer - Namespace 'helmcustomconfigit-operator' deleted
2025-01-29 22:14:51,438 INFO c.h.h.t.HelmChartContainer - Release 'test-hivemq-platform-operator' in namespace 'helmcustomconfigit-operator' is uninstalled
2025-01-29 22:14:52,237 INFO c.h.helmcharts.AbstractHelmChartIT - Removed unused containers:

2025-01-29 22:14:56,351 INFO c.h.h.t.HelmChartContainer - [K3S] [namespace_controller.go:187] "Namespace has been deleted" namespace="helmcustomconfigit-operator"
2025-01-29 22:14:59,943 INFO c.h.helmcharts.AbstractHelmChartIT - Removed unused snapshots:
Removing snapshot sha256:03af251906410714c5aef9fa705b63f6bbc39c4a5e787de7361eeb18886c2ed2
Removing snapshot sha256:0c46b3b43cce082ce5ec34ffc6c294e0417d17b9d1e6f366d114b6aadc4f96dc
Removing snapshot sha256:0ce761beee59082d6ed5bcebd3a805b8ddd9b3426b617e4809e7fb7c6587ffec
Removing snapshot sha256:0df91287303208332c8ff6ba40ae4710105201739addbfbddfb955f1ad593664
Removing snapshot sha256:1021ef88c7974bfff89c5a0ec4fd3160daac6c48a075f74cff721f85dd104e68
Removing snapshot sha256:10aba4953ddc18145dd38e3704709bc464aa20af60b56fe52caaff4b68411e62
Removing snapshot sha256:2573e0d8158209ed54ab25c87bcdcb00bd3d2539246960a3d592a1c599d70465
Removing snapshot sha256:362a8a37f8bbc31925a8146adcf7cf51f9882f5c1dcbef67c5baa03a297543c0
Removing snapshot sha256:3fa4ad33f0ddc8fd45b39b6b4640f82a3a83619606cd975bfe89d8710ad2d4cd
Removing snapshot sha256:43a7c979bbaba6838bc3102d6b10a1459f3ab050b87ccdfef84ef90cf43d3058
Removing snapshot sha256:4ab04491cdf0d3267f08206fe30bd48f49f94b9cab2f016d6739220f722a64af
Removing snapshot sha256:4b6068250e89c96f263060261819c7d912855bfbd64b3eb4c4a8483299b8c295
Removing snapshot sha256:580e69a0a8034ede1921139bbd2bfb72a69ebf276d008281896c32dd8bf74775
Removing snapshot sha256:5c6b324d267ed23112c41ca1a9cf32102484392d4caacf43b47b46b4407c5527
Removing snapshot sha256:5d30ba46b27fe37484567ccc5242cadc78217b8da605f3f195ef25cbf7487904
Removing snapshot sha256:63ca1fbb43ae5034640e5e6cb3e083e05c290072c5366fcaa9d62435a4cced85
Removing snapshot sha256:67f702c6baae873bceb19487c8b1f27bd2b86077e4f2f0e480e6d60ab508b8f5
Removing snapshot sha256:6864348dd42806d552efdec384f1274be15e2d0c10ce44c1f04347af004c10a9
Removing snapshot sha256:6c7dee8f2c39b84b7dc2711c01d33de93514d9055499173e9290176fbe484b6c
Removing snapshot sha256:82753493a6d61ded36556292f02f31841a14c20d2f279f19eaad65afb661d5cd
Removing snapshot sha256:8a10d3db42c505ee0fcfa98417bdd7e39b304f6bcc0a06bb1b220797ff2cc63c
Removing snapshot sha256:a21ac6f9ad81d845968c1b9b2bef8deefeae6cfce0fefd4781bed7ac74bc0e6a
Removing snapshot sha256:a21e5b12dbac529ad45d976eb9ce45c881f3bedcc500fb30aba1e52aa1813418
Removing snapshot sha256:b921e6c28969094157f9b8e7244677780319637afd14450b7cb6b2fdea558a0c
Removing snapshot sha256:bc27ecb5769a00e309cf99ebc763c4a4b958b618d1decc96ffac5bc05f02f5b7
Removing snapshot sha256:be3ccb6627a5332e309d45ef461d09b4879dd870c7394d89323d0ebc6ca6aa8a
Removing snapshot sha256:c261f7cbbc64211ee175ee47273acdb7b1a36a4450b397a064a8f2c026490095
Removing snapshot sha256:c34d9393647eea0c9e3557ab988efaf59f61d10a2a5613b439ef0958cca5ec10
Removing snapshot sha256:ccf3c4a0fa967a41c1c83497a2ce6fa5787965859df0adb32c4ca2cf7490bc2b
Removing snapshot sha256:cf92d33f869417309692088c341cd0f223c178ea78a125f757317b22aa8f90e9
Removing snapshot sha256:d0037344cf2fb078884f1849f6a1f8cf9a33a3b6139b6a85833e5ee528e1f9a8
Removing snapshot sha256:d3b36d5b79273b1e98e7700470eaeff05a882e777124d84cebcc1505b85ecb36
Removing snapshot sha256:d65a44a37914602d12c611e5e22a50f11451d847e63015cc1c2aef92dee777a4
Removing snapshot sha256:e2dc0bae2455930f23ae570e019b7f32edc75c0f2d71cab084db837ff9051796
Removing snapshot sha256:eccbd24a99c60cd9e86ee5305dbfc4a4dc89f5ab4fb1f06c8d64797cecedef34
Removing snapshot sha256:f144bb4c7c7f0d2aa7eeffd36d934ec40db1ee167be727e326aad9fdc616f475

]]></system-out>
  </testcase>
  <testcase name="withCustomEnvVars_hivemqRunning()" classname="com.hivemq.helmcharts.platform.HelmCustomConfigIT" time="145.11">
    <system-out><![CDATA[2025-01-29 22:14:59,944 INFO c.h.h.t.HelmChartContainer - Creating namespace 'helmcustomconfigit-operator'...
2025-01-29 22:14:59,949 INFO c.h.h.t.HelmChartContainer - Namespace 'helmcustomconfigit-operator' created
2025-01-29 22:14:59,949 INFO c.h.h.t.HelmChartContainer - Creating namespace 'helmcustomconfigit'...
2025-01-29 22:14:59,957 INFO c.h.h.t.HelmChartContainer - Namespace 'helmcustomconfigit' created
2025-01-29 22:14:59,966 INFO c.h.h.testcontainer.LogWaiterUtil - TEST Waiting for log pattern on 'hivemq-test-hivemq-platform-operator-.*': .*Registered reconciler: 'hivemq-controller' for resource: 'class com.hivemq.platform.operator.v1.HiveMQPlatform' for namespace\(s\): \[helmcustomconfigit\]
2025-01-29 22:15:00,034 DEBUG c.h.h.t.HelmChartContainer - Executing helm command: /bin/helm --kubeconfig /etc/rancher/k3s/k3s.yaml install test-hivemq-platform-operator /charts/hivemq-platform-operator --wait --timeout 5m0s --set image.repository=docker.io/hivemq --set image.name=hivemq-platform-operator-test --set image.initImageName=hivemq-platform-operator-init-test --set image.tag=snapshot --set image.pullPolicy=Never --set logLevel=DEBUG --set resources.cpu=512m -f /files/custom-operator-env-vars-values.yaml --namespace helmcustomconfigit-operator
2025-01-29 22:15:00,340 INFO c.h.h.t.HelmChartContainer - [K3S] [alloc.go:330] "allocated clusterIPs" service="helmcustomconfigit-operator/hivemq-platform-operator-test-hivemq-platform-operator" clusterIPs={"IPv4":"10.43.244.85"}
2025-01-29 22:15:00,360 INFO c.h.h.t.HelmChartContainer - [EVENT] Normal [ScalingReplicaSet] Scaled up replica set hivemq-test-hivemq-platform-operator-67f7c95fb6 from 0 to 1 [helmcustomconfigit-operator:hivemq-test-hivemq-platform-operator]
2025-01-29 22:15:00,364 INFO c.h.h.t.HelmChartContainer - [POD] hivemq-test-hivemq-platform-operator-67f7c95fb6-d5tm2 [0c474f2e-a34a-49e3-8d67-b0a974394157] in helmcustomconfigit-operator was ADDED
2025-01-29 22:15:00,373 INFO c.h.h.t.HelmChartContainer - [POD] hivemq-test-hivemq-platform-operator-67f7c95fb6-d5tm2 [0c474f2e-a34a-49e3-8d67-b0a974394157] in helmcustomconfigit-operator was MODIFIED
2025-01-29 22:15:00,374 INFO c.h.h.t.HelmChartContainer - [K3S] [memory_manager.go:355] "RemoveStaleState removing state" podUID="31cc00f6-2303-46be-96c2-7b9dd93662ab" containerName="hivemq"
2025-01-29 22:15:00,376 INFO c.h.h.t.HelmChartContainer - [K3S] [memory_manager.go:355] "RemoveStaleState removing state" podUID="c6d040f6-94f4-4001-9e0c-7513b9e2ddf8" containerName="hivemq"
2025-01-29 22:15:00,376 INFO c.h.h.t.HelmChartContainer - [K3S] [memory_manager.go:355] "RemoveStaleState removing state" podUID="f20d46c8-100c-4abc-8031-ad4868841e51" containerName="hivemq-platform-operator"
2025-01-29 22:15:00,377 INFO c.h.h.t.HelmChartContainer - [K3S] [replica_set.go:679] "Finished syncing" kind="ReplicaSet" key="helmcustomconfigit-operator/hivemq-test-hivemq-platform-operator-67f7c95fb6" duration="23.694132ms"
2025-01-29 22:15:00,377 INFO c.h.h.t.HelmChartContainer - [EVENT] Normal [SuccessfulCreate] Created pod: hivemq-test-hivemq-platform-operator-67f7c95fb6-d5tm2 [helmcustomconfigit-operator:hivemq-test-hivemq-platform-operator-67f7c95fb6]
2025-01-29 22:15:00,381 INFO c.h.h.t.HelmChartContainer - [EVENT] Normal [Scheduled] Successfully assigned helmcustomconfigit-operator/hivemq-test-hivemq-platform-operator-67f7c95fb6-d5tm2 to 6c7c6f7dc8ee [helmcustomconfigit-operator:hivemq-test-hivemq-platform-operator-67f7c95fb6-d5tm2]
2025-01-29 22:15:00,393 INFO c.h.h.t.HelmChartContainer - [POD] hivemq-test-hivemq-platform-operator-67f7c95fb6-d5tm2 [0c474f2e-a34a-49e3-8d67-b0a974394157] in helmcustomconfigit-operator was MODIFIED
2025-01-29 22:15:00,398 INFO c.h.h.t.HelmChartContainer - [K3S] [replica_set.go:679] "Finished syncing" kind="ReplicaSet" key="helmcustomconfigit-operator/hivemq-test-hivemq-platform-operator-67f7c95fb6" duration="20.382398ms"
2025-01-29 22:15:00,398 INFO c.h.h.t.HelmChartContainer - [K3S] [replica_set.go:679] "Finished syncing" kind="ReplicaSet" key="helmcustomconfigit-operator/hivemq-test-hivemq-platform-operator-67f7c95fb6" duration="35.395µs"
2025-01-29 22:15:00,470 INFO c.h.h.t.HelmChartContainer - [K3S] [reconciler_common.go:251] "operationExecutor.VerifyControllerAttachedVolume started for volume \"kube-api-access-vx95t\" (UniqueName: \"kubernetes.io/projected/0c474f2e-a34a-49e3-8d67-b0a974394157-kube-api-access-vx95t\") pod \"hivemq-test-hivemq-platform-operator-67f7c95fb6-d5tm2\" (UID: \"0c474f2e-a34a-49e3-8d67-b0a974394157\") " pod="helmcustomconfigit-operator/hivemq-test-hivemq-platform-operator-67f7c95fb6-d5tm2"
2025-01-29 22:15:00,765 INFO c.h.h.t.HelmChartContainer - [EVENT] Normal [Pulled] Container image "docker.io/hivemq/hivemq-platform-operator-test:snapshot" already present on machine [helmcustomconfigit-operator:hivemq-test-hivemq-platform-operator-67f7c95fb6-d5tm2]
2025-01-29 22:15:00,765 INFO c.h.h.t.HelmChartContainer - Received Pulled event for container hivemq-platform-operator in pod hivemq-test-hivemq-platform-operator-67f7c95fb6-d5tm2 [0c474f2e-a34a-49e3-8d67-b0a974394157]
2025-01-29 22:15:02,186 INFO c.h.h.t.HelmChartContainer - [EVENT] Normal [Created] Created container: hivemq-platform-operator [helmcustomconfigit-operator:hivemq-test-hivemq-platform-operator-67f7c95fb6-d5tm2]
2025-01-29 22:15:02,186 INFO c.h.h.t.HelmChartContainer - Received Created event for container hivemq-platform-operator in pod hivemq-test-hivemq-platform-operator-67f7c95fb6-d5tm2 [0c474f2e-a34a-49e3-8d67-b0a974394157]
2025-01-29 22:15:02,498 INFO c.h.h.t.HelmChartContainer - [K3S] [replica_set.go:679] "Finished syncing" kind="ReplicaSet" key="helmcustomconfigit-operator/hivemq-test-hivemq-platform-operator-67f7c95fb6" duration="41.507µs"
2025-01-29 22:15:02,501 INFO c.h.h.t.HelmChartContainer - [POD] hivemq-test-hivemq-platform-operator-67f7c95fb6-d5tm2 [0c474f2e-a34a-49e3-8d67-b0a974394157] in helmcustomconfigit-operator was MODIFIED
2025-01-29 22:15:02,507 INFO c.h.h.t.HelmChartContainer - Started log watcher for hivemq-platform-operator in pod hivemq-test-hivemq-platform-operator-67f7c95fb6-d5tm2 [0c474f2e-a34a-49e3-8d67-b0a974394157]
2025-01-29 22:15:02,507 INFO c.h.h.t.HelmChartContainer - [EVENT] Normal [Started] Started container hivemq-platform-operator [helmcustomconfigit-operator:hivemq-test-hivemq-platform-operator-67f7c95fb6-d5tm2]
2025-01-29 22:15:02,507 INFO c.h.h.t.HelmChartContainer - Received Started event for container hivemq-platform-operator in pod hivemq-test-hivemq-platform-operator-67f7c95fb6-d5tm2 [0c474f2e-a34a-49e3-8d67-b0a974394157]
2025-01-29 22:15:02,508 INFO c.h.h.t.HelmChartContainer - [hivemq-test-hivemq-platform] [hivemq-platform-operator] [0c474f2e] -------------------------------------------------------------------------
2025-01-29 22:15:02,508 INFO c.h.h.t.HelmChartContainer - [hivemq-test-hivemq-platform] [hivemq-platform-operator] [0c474f2e] 
2025-01-29 22:15:02,508 INFO c.h.h.t.HelmChartContainer - [hivemq-test-hivemq-platform] [hivemq-platform-operator] [0c474f2e]                   _    _  _              __  __   ____
2025-01-29 22:15:02,508 INFO c.h.h.t.HelmChartContainer - [hivemq-test-hivemq-platform] [hivemq-platform-operator] [0c474f2e]                  | |  | |(_)            |  \/  | / __ \
2025-01-29 22:15:02,508 INFO c.h.h.t.HelmChartContainer - [hivemq-test-hivemq-platform] [hivemq-platform-operator] [0c474f2e]                  | |__| | _ __   __ ___ | \  / || |  | |
2025-01-29 22:15:02,508 INFO c.h.h.t.HelmChartContainer - [hivemq-test-hivemq-platform] [hivemq-platform-operator] [0c474f2e]                  |  __  || |\ \ / // _ \| |\/| || |  | |
2025-01-29 22:15:02,509 INFO c.h.h.t.HelmChartContainer - [hivemq-test-hivemq-platform] [hivemq-platform-operator] [0c474f2e]                  | |  | || | \ V /|  __/| |  | || |__| |
2025-01-29 22:15:02,509 INFO c.h.h.t.HelmChartContainer - [hivemq-test-hivemq-platform] [hivemq-platform-operator] [0c474f2e]                  |_|  |_||_|  \_/  \___||_|  |_| \___\_\
2025-01-29 22:15:02,509 INFO c.h.h.t.HelmChartContainer - [hivemq-test-hivemq-platform] [hivemq-platform-operator] [0c474f2e] 
2025-01-29 22:15:02,509 INFO c.h.h.t.HelmChartContainer - [hivemq-test-hivemq-platform] [hivemq-platform-operator] [0c474f2e] -------------------------------------------------------------------------
2025-01-29 22:15:02,509 INFO c.h.h.t.HelmChartContainer - [hivemq-test-hivemq-platform] [hivemq-platform-operator] [0c474f2e] 
2025-01-29 22:15:02,509 INFO c.h.h.t.HelmChartContainer - [hivemq-test-hivemq-platform] [hivemq-platform-operator] [0c474f2e]   HiveMQ Platform Operator Start Script v1.0
2025-01-29 22:15:02,509 INFO c.h.h.t.HelmChartContainer - [hivemq-test-hivemq-platform] [hivemq-platform-operator] [0c474f2e] 
2025-01-29 22:15:02,509 INFO c.h.h.t.HelmChartContainer - [hivemq-test-hivemq-platform] [hivemq-platform-operator] [0c474f2e] -------------------------------------------------------------------------
2025-01-29 22:15:02,509 INFO c.h.h.t.HelmChartContainer - [hivemq-test-hivemq-platform] [hivemq-platform-operator] [0c474f2e] 
2025-01-29 22:15:02,510 INFO c.h.h.t.HelmChartContainer - [hivemq-test-hivemq-platform] [hivemq-platform-operator] [0c474f2e]   JAVA_OPTS: -XX:+UnlockExperimentalVMOptions -XX:InitialRAMPercentage=75 -XX:MaxRAMPercentage=75 -Duser.language=en -Duser.region=US
2025-01-29 22:15:02,513 INFO c.h.h.t.HelmChartContainer - [hivemq-test-hivemq-platform] [hivemq-platform-operator] [0c474f2e] 
2025-01-29 22:15:02,513 INFO c.h.h.t.HelmChartContainer - [hivemq-test-hivemq-platform] [hivemq-platform-operator] [0c474f2e]   JAVA_VERSION: 21
2025-01-29 22:15:02,513 INFO c.h.h.t.HelmChartContainer - [hivemq-test-hivemq-platform] [hivemq-platform-operator] [0c474f2e] 
2025-01-29 22:15:02,513 INFO c.h.h.t.HelmChartContainer - [hivemq-test-hivemq-platform] [hivemq-platform-operator] [0c474f2e] -------------------------------------------------------------------------
2025-01-29 22:15:02,513 INFO c.h.h.t.HelmChartContainer - [hivemq-test-hivemq-platform] [hivemq-platform-operator] [0c474f2e] 
2025-01-29 22:15:05,520 INFO c.h.h.t.HelmChartContainer - [hivemq-test-hivemq-platform] [hivemq-platform-operator] [0c474f2e] 22:15:05.517 [main] DEBUG org.jboss.logging - Logging Provider: org.jboss.logging.Slf4jLoggerProvider
2025-01-29 22:15:05,628 INFO c.h.h.t.HelmChartContainer - [hivemq-test-hivemq-platform] [hivemq-platform-operator] [0c474f2e] 22:15:05.627 [main] DEBUG io.smallrye.config - SRCFG01006: Loaded ConfigSource SysPropConfigSource with ordinal 400
2025-01-29 22:15:05,628 INFO c.h.h.t.HelmChartContainer - [hivemq-test-hivemq-platform] [hivemq-platform-operator] [0c474f2e] 22:15:05.627 [main] DEBUG io.smallrye.config - SRCFG01006: Loaded ConfigSource EnvConfigSource with ordinal 300
2025-01-29 22:15:05,628 INFO c.h.h.t.HelmChartContainer - [hivemq-test-hivemq-platform] [hivemq-platform-operator] [0c474f2e] 22:15:05.627 [main] DEBUG io.smallrye.config - SRCFG01006: Loaded ConfigSource PropertiesConfigSource[source=jar:file:///opt/hivemq-platform-operator/bin/hivemq-platform-operator.jar!/hivemq-platform-operator.properties] with ordinal 100
2025-01-29 22:15:05,628 INFO c.h.h.t.HelmChartContainer - [hivemq-test-hivemq-platform] [hivemq-platform-operator] [0c474f2e] 22:15:05.627 [main] DEBUG io.smallrye.config - SRCFG01006: Loaded ConfigSource DefaultValuesConfigSource with ordinal -2147483648
2025-01-29 22:15:05,730 INFO c.h.h.t.HelmChartContainer - [hivemq-test-hivemq-platform] [hivemq-platform-operator] [0c474f2e] 22:15:05.729 [main] DEBUG i.m.c.u.i.l.InternalLoggerFactory - Using SLF4J as the default logging framework
2025-01-29 22:15:05,911 INFO c.h.h.t.HelmChartContainer - [hivemq-test-hivemq-platform] [hivemq-platform-operator] [0c474f2e] 22:15:05.826 [main] INFO  c.h.p.o.HiveMQPlatformOperatorApplication - HiveMQ Platform Operator 1.7.0-SNAPSHOT (commit: 3bc9484 on branch: HEAD) built on Wed Jan 29 22:06:36 UTC 2025
2025-01-29 22:15:05,912 INFO c.h.h.t.HelmChartContainer - [hivemq-test-hivemq-platform] [hivemq-platform-operator] [0c474f2e] 22:15:05.910 [main] INFO  c.h.p.o.HiveMQPlatformOperatorApplication - HiveMQ Platform Operator is running in namespace: helmcustomconfigit-operator
2025-01-29 22:15:05,912 INFO c.h.h.t.HelmChartContainer - [hivemq-test-hivemq-platform] [hivemq-platform-operator] [0c474f2e] 22:15:05.911 [main] INFO  c.h.p.o.HiveMQPlatformOperatorApplication - Watching namespaces: helmcustomconfigit
2025-01-29 22:15:05,912 INFO c.h.h.t.HelmChartContainer - [hivemq-test-hivemq-platform] [hivemq-platform-operator] [0c474f2e] 22:15:05.911 [main] INFO  c.h.p.o.HiveMQPlatformOperatorApplication - Log level: DEBUG
2025-01-29 22:15:05,912 INFO c.h.h.t.HelmChartContainer - [hivemq-test-hivemq-platform] [hivemq-platform-operator] [0c474f2e] 22:15:05.911 [main] INFO  c.h.p.o.HiveMQPlatformOperatorApplication - Release name: test-hivemq-platform-operator
2025-01-29 22:15:05,912 INFO c.h.h.t.HelmChartContainer - [hivemq-test-hivemq-platform] [hivemq-platform-operator] [0c474f2e] 22:15:05.911 [main] INFO  c.h.p.o.HiveMQPlatformOperatorApplication - HiveMQ Platform Operator Init image: docker.io/hivemq/hivemq-platform-operator-init-test:snapshot
2025-01-29 22:15:05,913 INFO c.h.h.t.HelmChartContainer - [hivemq-test-hivemq-platform] [hivemq-platform-operator] [0c474f2e] 22:15:05.911 [main] INFO  c.h.p.o.HiveMQPlatformOperatorApplication - HiveMQ Platform Operator Init App update URL: http://hivemq-platform-operator-test-hivemq-platform-operator.helmcustomconfigit-operator.svc:8080/initAppUpdate/hivemq-platform-operator-init-app-1.7.0-SNAPSHOT.jar
2025-01-29 22:15:05,913 INFO c.h.h.t.HelmChartContainer - [hivemq-test-hivemq-platform] [hivemq-platform-operator] [0c474f2e] 22:15:05.911 [main] INFO  c.h.p.o.HiveMQPlatformOperatorApplication - Additional imagePullSecret for all Platform deployments: none
2025-01-29 22:15:05,913 INFO c.h.h.t.HelmChartContainer - [hivemq-test-hivemq-platform] [hivemq-platform-operator] [0c474f2e] 22:15:05.911 [main] INFO  c.h.p.o.HiveMQPlatformOperatorApplication - Apply HiveMQ Platform CRD: true
2025-01-29 22:15:05,913 INFO c.h.h.t.HelmChartContainer - [hivemq-test-hivemq-platform] [hivemq-platform-operator] [0c474f2e] 22:15:05.911 [main] INFO  c.h.p.o.HiveMQPlatformOperatorApplication - Create Platform ServiceAccount: true
2025-01-29 22:15:05,913 INFO c.h.h.t.HelmChartContainer - [hivemq-test-hivemq-platform] [hivemq-platform-operator] [0c474f2e] 22:15:05.911 [main] INFO  c.h.p.o.HiveMQPlatformOperatorApplication - Create Platform ServiceAccount permissions: true
2025-01-29 22:15:05,914 INFO c.h.h.t.HelmChartContainer - [hivemq-test-hivemq-platform] [hivemq-platform-operator] [0c474f2e] 22:15:05.911 [main] INFO  c.h.p.o.HiveMQPlatformOperatorApplication - Validate Platform ServiceAccount: true
2025-01-29 22:15:05,914 INFO c.h.h.t.HelmChartContainer - [hivemq-test-hivemq-platform] [hivemq-platform-operator] [0c474f2e] 22:15:05.911 [main] INFO  c.h.p.o.HiveMQPlatformOperatorApplication - Validate Platform ServiceAccount permissions: true
2025-01-29 22:15:06,019 INFO c.h.h.t.HelmChartContainer - [hivemq-test-hivemq-platform] [hivemq-platform-operator] [0c474f2e] 22:15:06.018 [main] INFO  c.h.platform.operator.util.CRDUtil - Verifying deployed HiveMQ Platform CRD...
2025-01-29 22:15:08,555 INFO c.h.h.t.HelmChartContainer - [hivemq-test-hivemq-platform] [hivemq-platform-operator] [0c474f2e] 22:15:08.554 [main] DEBUG c.h.platform.operator.util.CRDUtil - HiveMQ Platform CRD version v1 is up to date
2025-01-29 22:15:08,555 INFO c.h.h.t.HelmChartContainer - [hivemq-test-hivemq-platform] [hivemq-platform-operator] [0c474f2e] 22:15:08.554 [main] INFO  c.h.platform.operator.util.CRDUtil - HiveMQ Platform CRD is up to date (version: V1_6_0)
2025-01-29 22:15:08,555 INFO c.h.h.t.HelmChartContainer - [hivemq-test-hivemq-platform] [hivemq-platform-operator] [0c474f2e] 22:15:08.554 [main] INFO  c.h.platform.operator.util.CRDUtil - Waiting 10000 ms for HiveMQ Platform CRD 'hivemq-platforms.hivemq.com' to become ready...
2025-01-29 22:15:08,854 INFO c.h.h.t.HelmChartContainer - [hivemq-test-hivemq-platform] [hivemq-platform-operator] [0c474f2e] 22:15:08.853 [vert.x-eventloop-thread-1] DEBUG c.h.platform.operator.util.CRDUtil - Checking CRD condition 'NamesAccepted' (status: 'True')
2025-01-29 22:15:08,911 INFO c.h.h.t.HelmChartContainer - [hivemq-test-hivemq-platform] [hivemq-platform-operator] [0c474f2e] 22:15:08.909 [vert.x-eventloop-thread-1] DEBUG c.h.platform.operator.util.CRDUtil - Checking CRD condition 'Established' (status: 'True')
2025-01-29 22:15:08,912 INFO c.h.h.t.HelmChartContainer - [hivemq-test-hivemq-platform] [hivemq-platform-operator] [0c474f2e] 22:15:08.911 [main] INFO  c.h.platform.operator.util.CRDUtil - HiveMQ Platform CRD 'hivemq-platforms.hivemq.com' is ready
2025-01-29 22:15:09,112 INFO c.h.h.t.HelmChartContainer - [hivemq-test-hivemq-platform] [hivemq-platform-operator] [0c474f2e] 22:15:09.111 [main] INFO  c.h.p.o.HiveMQPlatformReconciler - HiveMQ Platform Operator is starting...
2025-01-29 22:15:09,219 INFO c.h.h.t.HelmChartContainer - [hivemq-test-hivemq-platform] [hivemq-platform-operator] [0c474f2e] 22:15:09.218 [main] WARN  Default ConfigurationService implementation - Configuration for reconciler 'hivemq-controller' was not found. Known reconcilers: None.
2025-01-29 22:15:09,226 INFO c.h.h.t.HelmChartContainer - [hivemq-test-hivemq-platform] [hivemq-platform-operator] [0c474f2e] 22:15:09.226 [main] INFO  Default ConfigurationService implementation - Created configuration for reconciler com.hivemq.platform.operator.HiveMQPlatformReconciler with name hivemq-controller
2025-01-29 22:15:09,330 INFO c.h.h.t.HelmChartContainer - [hivemq-test-hivemq-platform] [hivemq-platform-operator] [0c474f2e] 22:15:09.330 [main] DEBUG c.h.p.o.HiveMQPlatformReconciler - HiveMQ Platform Operator is preparing EventSources
2025-01-29 22:15:09,416 INFO c.h.h.t.HelmChartContainer - [hivemq-test-hivemq-platform] [hivemq-platform-operator] [0c474f2e] 22:15:09.415 [main] INFO  i.javaoperatorsdk.operator.Operator - Registered reconciler: 'hivemq-controller' for resource: 'class com.hivemq.platform.operator.v1.HiveMQPlatform' for namespace(s): [helmcustomconfigit]
2025-01-29 22:15:09,416 INFO c.h.h.testcontainer.LogWaiterUtil - TEST Found log pattern on 'hivemq-test-hivemq-platform-operator-67f7c95fb6-d5tm2': .*Registered reconciler: 'hivemq-controller' for resource: 'class com.hivemq.platform.operator.v1.HiveMQPlatform' for namespace\(s\): \[helmcustomconfigit\]
2025-01-29 22:15:10,114 INFO c.h.h.t.HelmChartContainer - [hivemq-test-hivemq-platform] [hivemq-platform-operator] [0c474f2e] 22:15:10.113 [main] INFO  c.h.p.operator.webserver.JettyServer - Starting Jetty server on port 8080
2025-01-29 22:15:10,210 INFO c.h.h.t.HelmChartContainer - [hivemq-test-hivemq-platform] [hivemq-platform-operator] [0c474f2e] 22:15:10.154 [main] INFO  i.javaoperatorsdk.operator.Operator - Operator SDK 4.9.7 (commit: 2133d28) built on Wed Nov 20 12:56:20 UTC 2024 starting...
2025-01-29 22:15:10,211 INFO c.h.h.t.HelmChartContainer - [hivemq-test-hivemq-platform] [hivemq-platform-operator] [0c474f2e] 22:15:10.209 [main] INFO  i.javaoperatorsdk.operator.Operator - Client version: 6.13.5
2025-01-29 22:15:10,212 INFO c.h.h.t.HelmChartContainer - [hivemq-test-hivemq-platform] [hivemq-platform-operator] [0c474f2e] 22:15:10.210 [Controller Starter for: hivemq-controller] INFO  i.j.operator.processing.Controller - Starting 'hivemq-controller' controller for reconciler: com.hivemq.platform.operator.HiveMQPlatformReconciler, resource: com.hivemq.platform.operator.v1.HiveMQPlatform
2025-01-29 22:15:12,515 INFO c.h.h.t.HelmChartContainer - [hivemq-test-hivemq-platform] [hivemq-platform-operator] [0c474f2e] 22:15:12.513 [Controller Starter for: hivemq-controller] INFO  i.j.operator.processing.Controller - 'hivemq-controller' controller started
2025-01-29 22:15:12,515 INFO c.h.h.t.HelmChartContainer - [hivemq-test-hivemq-platform] [hivemq-platform-operator] [0c474f2e] 22:15:12.514 [main] INFO  c.h.p.o.HiveMQPlatformOperatorApplication - HiveMQ Platform Operator 1.7.0-SNAPSHOT started in 6687 ms
2025-01-29 22:15:13,505 INFO c.h.h.t.HelmChartContainer - [POD] hivemq-test-hivemq-platform-operator-67f7c95fb6-d5tm2 [0c474f2e-a34a-49e3-8d67-b0a974394157] in helmcustomconfigit-operator was MODIFIED
2025-01-29 22:15:13,512 INFO c.h.h.t.HelmChartContainer - [K3S] [replica_set.go:679] "Finished syncing" kind="ReplicaSet" key="helmcustomconfigit-operator/hivemq-test-hivemq-platform-operator-67f7c95fb6" duration="7.20902ms"
2025-01-29 22:15:13,513 INFO c.h.h.t.HelmChartContainer - [K3S] [replica_set.go:679] "Finished syncing" kind="ReplicaSet" key="helmcustomconfigit-operator/hivemq-test-hivemq-platform-operator-67f7c95fb6" duration="33.272µs"
2025-01-29 22:15:14,410 INFO com.hivemq.helmcharts.util.K8sUtil - Pod 'hivemq-test-hivemq-platform-operator-67f7c95fb6-d5tm2' is ready
2025-01-29 22:15:16,472 DEBUG c.h.h.t.HelmChartContainer - Executing helm command: /bin/helm --kubeconfig /etc/rancher/k3s/k3s.yaml install test-hivemq-platform /charts/hivemq-platform --wait --timeout 5m0s --set image.repository=docker.io/hivemq --set image.tag=4.36.0 --set image.pullPolicy=Never --set nodes.resources.cpu=512m -f /files/custom-platform-env-vars-values.yaml --namespace helmcustomconfigit
2025-01-29 22:15:17,767 INFO c.h.h.t.HelmChartContainer - [hivemq-test-hivemq-platform] [hivemq-platform-operator] [0c474f2e] 22:15:17.762 [pool-6-thread-3] DEBUG c.h.p.o.dependants.PodInfoConfigMap - [helmcust] Desired PodInfo ConfigMap (1 extensions) (1 enabled)
2025-01-29 22:15:17,767 INFO c.h.h.t.HelmChartContainer - [hivemq-test-hivemq-platform] [hivemq-platform-operator] [0c474f2e] 22:15:17.763 [pool-6-thread-3] DEBUG c.h.p.o.dependants.PodInfoConfigMap - [helmcust] Desired PodInfo ConfigMap (metrics port: 9399) (metrics path: /)
2025-01-29 22:15:17,767 INFO c.h.h.t.HelmChartContainer - [hivemq-test-hivemq-platform] [hivemq-platform-operator] [0c474f2e] 22:15:17.763 [pool-6-thread-3] DEBUG c.h.p.o.dependants.PodInfoConfigMap - [helmcust] Desired PodInfo ConfigMap (extension state hash: -1817474005)
2025-01-29 22:15:17,767 INFO c.h.h.t.HelmChartContainer - [hivemq-test-hivemq-platform] [hivemq-platform-operator] [0c474f2e] 22:15:17.765 [pool-6-thread-3] DEBUG c.h.p.o.dependants.PodInfoConfigMap - [helmcust] Create PodInfo ConfigMap
2025-01-29 22:15:17,868 INFO c.h.h.t.HelmChartContainer - [hivemq-test-hivemq-platform] [hivemq-platform-operator] [0c474f2e] 22:15:17.865 [pool-6-thread-5] DEBUG c.h.p.o.dependants.PodRoleResource - [helmcust] Create Role: Role(apiVersion=rbac.authorization.k8s.io/v1, kind=Role, metadata=ObjectMeta(annotations={meta.helm.sh/release-name=test-hivemq-platform, meta.helm.sh/release-namespace=helmcustomconfigit}, creationTimestamp=null, deletionGracePeriodSeconds=null, deletionTimestamp=null, finalizers=[], generateName=null, generation=null, labels={helm.sh/chart=hivemq-platform-0.2.32, app.kubernetes.io/managed-by=Helm, app.kubernetes.io/name=hivemq-platform, hivemq-platform=test-hivemq-platform, app.kubernetes.io/instance=test-hivemq-platform, app.kubernetes.io/version=4.36.0}, managedFields=[], name=hivemq-platform-role-test-hivemq-platform, namespace=helmcustomconfigit, ownerReferences=[OwnerReference(apiVersion=hivemq.com/v1, blockOwnerDeletion=null, controller=null, kind=HiveMQPlatform, name=test-hivemq-platform, uid=68407377-4cb1-4152-8652-5c4044ede6c4, additionalProperties={})], resourceVersion=null, selfLink=null, uid=null, additionalProperties={}), rules=[PolicyRule(apiGroups=[], nonResourceURLs=[], resourceNames=[], resources=[pods], verbs=[get, patch, update], additionalProperties={})], additionalProperties={})
2025-01-29 22:15:18,064 INFO c.h.h.t.HelmChartContainer - [hivemq-test-hivemq-platform] [hivemq-platform-operator] [0c474f2e] 22:15:18.060 [pool-6-thread-7] DEBUG c.h.p.o.d.PodServiceAccountResource - [helmcust] Desired PodServiceAccountResource (serviceAccountName: hivemq-platform-pod-test-hivemq-platform)
2025-01-29 22:15:18,064 INFO c.h.h.t.HelmChartContainer - [hivemq-test-hivemq-platform] [hivemq-platform-operator] [0c474f2e] 22:15:18.061 [pool-6-thread-7] DEBUG c.h.p.o.d.PodServiceAccountResource - [helmcust] Create ServiceAccount 'hivemq-platform-pod-test-hivemq-platform'
2025-01-29 22:15:18,170 INFO c.h.h.t.HelmChartContainer - [hivemq-test-hivemq-platform] [hivemq-platform-operator] [0c474f2e] 22:15:18.168 [pool-6-thread-9] DEBUG c.h.p.o.d.PodRoleBindingResource - [helmcust] Create RoleBinding: RoleBinding(apiVersion=rbac.authorization.k8s.io/v1, kind=RoleBinding, metadata=ObjectMeta(annotations={meta.helm.sh/release-name=test-hivemq-platform, meta.helm.sh/release-namespace=helmcustomconfigit}, creationTimestamp=null, deletionGracePeriodSeconds=null, deletionTimestamp=null, finalizers=[], generateName=null, generation=null, labels={helm.sh/chart=hivemq-platform-0.2.32, app.kubernetes.io/managed-by=Helm, app.kubernetes.io/name=hivemq-platform, hivemq-platform=test-hivemq-platform, app.kubernetes.io/instance=test-hivemq-platform, app.kubernetes.io/version=4.36.0}, managedFields=[], name=hivemq-platform-role-binding-test-hivemq-platform, namespace=helmcustomconfigit, ownerReferences=[OwnerReference(apiVersion=hivemq.com/v1, blockOwnerDeletion=null, controller=null, kind=HiveMQPlatform, name=test-hivemq-platform, uid=68407377-4cb1-4152-8652-5c4044ede6c4, additionalProperties={})], resourceVersion=null, selfLink=null, uid=null, additionalProperties={}), roleRef=RoleRef(apiGroup=rbac.authorization.k8s.io, kind=Role, name=hivemq-platform-role-test-hivemq-platform, additionalProperties={}), subjects=[Subject(apiGroup=null, kind=ServiceAccount, name=hivemq-platform-pod-test-hivemq-platform, namespace=helmcustomconfigit, additionalProperties={})], additionalProperties={})
2025-01-29 22:15:18,271 INFO c.h.h.t.HelmChartContainer - [hivemq-test-hivemq-platform] [hivemq-platform-operator] [0c474f2e] 22:15:18.269 [ReconcilerExecutor-hivemq-controller-51] INFO  c.h.p.o.HiveMQPlatformReconciler - [helmcust] Reconciling HiveMQ Platform 'test-hivemq-platform' in namespace 'helmcustomconfigit'
2025-01-29 22:15:18,271 INFO c.h.h.t.HelmChartContainer - [hivemq-test-hivemq-platform] [hivemq-platform-operator] [0c474f2e] 22:15:18.270 [ReconcilerExecutor-hivemq-controller-51] DEBUG c.h.p.o.HiveMQPlatformReconciler - [helmcust] Custom Resource Status CREATED - HiveMQ Platform was created (READY)
2025-01-29 22:15:18,271 INFO c.h.h.t.HelmChartContainer - [hivemq-test-hivemq-platform] [hivemq-platform-operator] [0c474f2e] 22:15:18.270 [ReconcilerExecutor-hivemq-controller-51] DEBUG c.h.p.o.HiveMQPlatformReconciler - [helmcust] Custom Resource Spec (replicas: 2) (extensions: 1)
2025-01-29 22:15:18,274 INFO c.h.h.t.HelmChartContainer - [hivemq-test-hivemq-platform] [hivemq-platform-operator] [0c474f2e] 22:15:18.273 [ReconcilerExecutor-hivemq-controller-51] INFO  c.h.p.o.h.HiveMQPlatformReconcilerBaseHandler - [helmcust] HiveMQ Platform is starting
2025-01-29 22:15:18,455 INFO c.h.h.t.HelmChartContainer - [hivemq-test-hivemq-platform] [hivemq-platform-operator] [0c474f2e] 22:15:18.453 [ReconcilerExecutor-hivemq-controller-51] DEBUG c.h.p.operator.event.EventSender - [helmcust] Creating K8s event hivemq-platform-starting: [Start] HiveMQ Platform is starting
2025-01-29 22:15:18,464 INFO c.h.h.t.HelmChartContainer - [EVENT] Normal [Start] HiveMQ Platform is starting [helmcustomconfigit:test-hivemq-platform]
2025-01-29 22:15:18,468 INFO c.h.h.t.HelmChartContainer - [hivemq-test-hivemq-platform] [hivemq-platform-operator] [0c474f2e] 22:15:18.467 [ReconcilerExecutor-hivemq-controller-51] INFO  c.h.p.o.h.AbstractHiveMQReconcilerStateHandler - [helmcust] Update HiveMQ Platform Status (CREATED [READY] -> STARTING [READY]): HiveMQ Platform is starting
2025-01-29 22:15:18,560 DEBUG com.hivemq.helmcharts.util.K8sUtil - Comparing actual state 'STARTING' and waiting for 'RUNNING'
2025-01-29 22:15:28,568 INFO c.h.h.t.HelmChartContainer - [hivemq-test-hivemq-platform] [hivemq-platform-operator] [0c474f2e] 22:15:28.565 [Timer-0] WARN  i.m.p.PrometheusMeterRegistry - The meter (MeterId{name='operator.sdk.events.received', tags=[tag(event=Event),tag(group=hivemq.com),tag(kind=HiveMQPlatform),tag(name=test-hivemq-platform),tag(namespace=helmcustomconfigit),tag(scope=namespace),tag(version=v1)]}) registration has failed: Prometheus requires that all meters with the same name have the same set of tag keys. There is already an existing meter named 'operator.sdk.events.received' containing tag keys [action, event, group, kind, name, namespace, scope, version]. The meter you are attempting to register has keys [event, group, kind, name, namespace, scope, version]. Note that subsequent logs will be logged at debug level.
2025-01-29 22:15:28,571 INFO c.h.h.t.HelmChartContainer - [hivemq-test-hivemq-platform] [hivemq-platform-operator] [0c474f2e] 22:15:28.570 [pool-6-thread-12] DEBUG c.h.p.o.d.PlatformServiceResource - [helmcust] Desired Platform services (3 services)
2025-01-29 22:15:28,573 INFO c.h.h.t.HelmChartContainer - [hivemq-test-hivemq-platform] [hivemq-platform-operator] [0c474f2e] 22:15:28.572 [pool-6-thread-13] DEBUG c.h.p.o.dependants.PodInfoConfigMap - [helmcust] Desired PodInfo ConfigMap (1 extensions) (1 enabled)
2025-01-29 22:15:28,574 INFO c.h.h.t.HelmChartContainer - [hivemq-test-hivemq-platform] [hivemq-platform-operator] [0c474f2e] 22:15:28.573 [pool-6-thread-13] DEBUG c.h.p.o.dependants.PodInfoConfigMap - [helmcust] Desired PodInfo ConfigMap (metrics port: 9399) (metrics path: /)
2025-01-29 22:15:28,575 INFO c.h.h.t.HelmChartContainer - [hivemq-test-hivemq-platform] [hivemq-platform-operator] [0c474f2e] 22:15:28.573 [pool-6-thread-13] DEBUG c.h.p.o.dependants.PodInfoConfigMap - [helmcust] Desired PodInfo ConfigMap (extension state hash: -1817474005)
2025-01-29 22:15:28,580 INFO c.h.h.t.HelmChartContainer - [hivemq-test-hivemq-platform] [hivemq-platform-operator] [0c474f2e] 22:15:28.578 [pool-6-thread-17] DEBUG c.h.p.o.d.PodServiceAccountResource - [helmcust] Desired PodServiceAccountResource (serviceAccountName: hivemq-platform-pod-test-hivemq-platform)
2025-01-29 22:15:28,580 INFO c.h.h.t.HelmChartContainer - [hivemq-test-hivemq-platform] [hivemq-platform-operator] [0c474f2e] 22:15:28.579 [pool-6-thread-13] DEBUG c.h.p.o.dependants.PodInfoConfigMap - [helmcust] Update PodInfo ConfigMap
2025-01-29 22:15:28,664 INFO c.h.h.t.HelmChartContainer - [K3S] [alloc.go:330] "allocated clusterIPs" service="helmcustomconfigit/hivemq-test-hivemq-platform-cc-8080" clusterIPs={"IPv4":"10.43.4.0"}
2025-01-29 22:15:28,759 INFO c.h.h.t.HelmChartContainer - [K3S] [alloc.go:330] "allocated clusterIPs" service="helmcustomconfigit/hivemq-test-hivemq-platform-metrics-9399" clusterIPs={"IPv4":"10.43.217.249"}
2025-01-29 22:15:28,772 INFO c.h.h.t.HelmChartContainer - [K3S] [alloc.go:330] "allocated clusterIPs" service="helmcustomconfigit/hivemq-test-hivemq-platform-mqtt-1883" clusterIPs={"IPv4":"10.43.195.63"}
2025-01-29 22:15:28,856 INFO c.h.h.t.HelmChartContainer - [hivemq-test-hivemq-platform] [hivemq-platform-operator] [0c474f2e] 22:15:28.854 [pool-6-thread-20] DEBUG c.h.p.o.d.StatefulSetResource - [helmcust] Desired StatefulSet (2 replicas) for status STARTING (READY)
2025-01-29 22:15:28,867 INFO c.h.h.t.HelmChartContainer - [hivemq-test-hivemq-platform] [hivemq-platform-operator] [0c474f2e] 22:15:28.866 [pool-6-thread-20] DEBUG c.h.p.o.d.StatefulSetResource - [helmcust] Create StatefulSet
2025-01-29 22:15:28,977 INFO c.h.h.t.HelmChartContainer - [POD] test-hivemq-platform-0 [d7e1baa7-4761-48c4-8dd1-3cac604f2d82] in helmcustomconfigit was ADDED
2025-01-29 22:15:28,978 INFO c.h.h.t.HelmChartContainer - [hivemq-test-hivemq-platform] [hivemq-platform-operator] [0c474f2e] 22:15:28.971 [ReconcilerExecutor-hivemq-controller-63] INFO  c.h.p.o.HiveMQPlatformReconciler - [helmcust] Reconciling HiveMQ Platform 'test-hivemq-platform' in namespace 'helmcustomconfigit'
2025-01-29 22:15:28,983 INFO c.h.h.t.HelmChartContainer - [hivemq-test-hivemq-platform] [hivemq-platform-operator] [0c474f2e] 22:15:28.971 [ReconcilerExecutor-hivemq-controller-63] DEBUG c.h.p.o.HiveMQPlatformReconciler - [helmcust] Custom Resource Status STARTING - HiveMQ Platform is starting (READY)
2025-01-29 22:15:28,983 INFO c.h.h.t.HelmChartContainer - [hivemq-test-hivemq-platform] [hivemq-platform-operator] [0c474f2e] 22:15:28.971 [ReconcilerExecutor-hivemq-controller-63] DEBUG c.h.p.o.HiveMQPlatformReconciler - [helmcust] Custom Resource Spec (replicas: 2) (extensions: 1)
2025-01-29 22:15:28,992 INFO c.h.h.t.HelmChartContainer - [EVENT] Normal [SuccessfulCreate] create Pod test-hivemq-platform-0 in StatefulSet test-hivemq-platform successful [helmcustomconfigit:test-hivemq-platform]
2025-01-29 22:15:28,995 INFO c.h.h.t.HelmChartContainer - [POD] test-hivemq-platform-0 [d7e1baa7-4761-48c4-8dd1-3cac604f2d82] in helmcustomconfigit was MODIFIED
2025-01-29 22:15:29,010 INFO c.h.h.t.HelmChartContainer - [EVENT] Normal [Scheduled] Successfully assigned helmcustomconfigit/test-hivemq-platform-0 to 6c7c6f7dc8ee [helmcustomconfigit:test-hivemq-platform-0]
2025-01-29 22:15:29,030 INFO c.h.h.t.HelmChartContainer - [POD] test-hivemq-platform-0 [d7e1baa7-4761-48c4-8dd1-3cac604f2d82] in helmcustomconfigit was MODIFIED
2025-01-29 22:15:29,038 INFO c.h.h.t.HelmChartContainer - [K3S] [reconciler_common.go:251] "operationExecutor.VerifyControllerAttachedVolume started for volume \"pod-info\" (UniqueName: \"kubernetes.io/configmap/d7e1baa7-4761-48c4-8dd1-3cac604f2d82-pod-info\") pod \"test-hivemq-platform-0\" (UID: \"d7e1baa7-4761-48c4-8dd1-3cac604f2d82\") " pod="helmcustomconfigit/test-hivemq-platform-0"
2025-01-29 22:15:29,038 INFO c.h.h.t.HelmChartContainer - [K3S] [reconciler_common.go:251] "operationExecutor.VerifyControllerAttachedVolume started for volume \"broker-configuration\" (UniqueName: \"kubernetes.io/configmap/d7e1baa7-4761-48c4-8dd1-3cac604f2d82-broker-configuration\") pod \"test-hivemq-platform-0\" (UID: \"d7e1baa7-4761-48c4-8dd1-3cac604f2d82\") " pod="helmcustomconfigit/test-hivemq-platform-0"
2025-01-29 22:15:29,038 INFO c.h.h.t.HelmChartContainer - [K3S] [reconciler_common.go:251] "operationExecutor.VerifyControllerAttachedVolume started for volume \"operator-init\" (UniqueName: \"kubernetes.io/empty-dir/d7e1baa7-4761-48c4-8dd1-3cac604f2d82-operator-init\") pod \"test-hivemq-platform-0\" (UID: \"d7e1baa7-4761-48c4-8dd1-3cac604f2d82\") " pod="helmcustomconfigit/test-hivemq-platform-0"
2025-01-29 22:15:29,039 INFO c.h.h.t.HelmChartContainer - [K3S] [reconciler_common.go:251] "operationExecutor.VerifyControllerAttachedVolume started for volume \"kube-api-access-bqgpw\" (UniqueName: \"kubernetes.io/projected/d7e1baa7-4761-48c4-8dd1-3cac604f2d82-kube-api-access-bqgpw\") pod \"test-hivemq-platform-0\" (UID: \"d7e1baa7-4761-48c4-8dd1-3cac604f2d82\") " pod="helmcustomconfigit/test-hivemq-platform-0"
2025-01-29 22:15:29,057 INFO c.h.h.t.HelmChartContainer - [hivemq-test-hivemq-platform] [hivemq-platform-operator] [0c474f2e] 22:15:29.056 [ReconcilerExecutor-hivemq-controller-63] DEBUG c.h.p.o.HiveMQPlatformReconciler - [helmcust] StatefulSet Status (revision: null, replicas: 0, available: 0, ready: 0, current: 0, updated: 0)
2025-01-29 22:15:29,058 INFO c.h.h.t.HelmChartContainer - [hivemq-test-hivemq-platform] [hivemq-platform-operator] [0c474f2e] 22:15:29.056 [ReconcilerExecutor-hivemq-controller-63] DEBUG c.h.p.o.HiveMQPlatformReconciler - [helmcust] StatefulSet Spec (replicas: 2, init containers: 1, containers: 1, volumes: 3)
2025-01-29 22:15:29,158 INFO c.h.h.t.HelmChartContainer - [hivemq-test-hivemq-platform] [hivemq-platform-operator] [0c474f2e] 22:15:29.156 [ReconcilerExecutor-hivemq-controller-63] DEBUG c.h.p.o.h.HiveMQPlatformReconcilerErrorHandler - [helmcust] Pod 'test-hivemq-platform-0' phase Pending
2025-01-29 22:15:29,158 INFO c.h.h.t.HelmChartContainer - [hivemq-test-hivemq-platform] [hivemq-platform-operator] [0c474f2e] 22:15:29.156 [ReconcilerExecutor-hivemq-controller-63] DEBUG c.h.p.o.h.HiveMQPlatformReconcilerErrorHandler - [helmcust] Pod 'test-hivemq-platform-0' condition 'PodScheduled': True
2025-01-29 22:15:29,159 INFO c.h.h.t.HelmChartContainer - [hivemq-test-hivemq-platform] [hivemq-platform-operator] [0c474f2e] 22:15:29.158 [ReconcilerExecutor-hivemq-controller-63] INFO  c.h.p.o.h.HiveMQPlatformReconcilerBaseHandler - [helmcust] HiveMQ Platform is starting, 0 of 2 replicas are ready
2025-01-29 22:15:29,165 INFO c.h.h.t.HelmChartContainer - [hivemq-test-hivemq-platform] [hivemq-platform-operator] [0c474f2e] 22:15:29.163 [pool-6-thread-22] DEBUG c.h.p.o.d.PlatformServiceResource - [helmcust] Desired Platform services (3 services)
2025-01-29 22:15:29,166 INFO c.h.h.t.HelmChartContainer - [hivemq-test-hivemq-platform] [hivemq-platform-operator] [0c474f2e] 22:15:29.165 [pool-6-thread-23] DEBUG c.h.p.o.dependants.PodInfoConfigMap - [helmcust] Desired PodInfo ConfigMap (1 extensions) (1 enabled)
2025-01-29 22:15:29,167 INFO c.h.h.t.HelmChartContainer - [hivemq-test-hivemq-platform] [hivemq-platform-operator] [0c474f2e] 22:15:29.166 [pool-6-thread-23] DEBUG c.h.p.o.dependants.PodInfoConfigMap - [helmcust] Desired PodInfo ConfigMap (metrics port: 9399) (metrics path: /)
2025-01-29 22:15:29,167 INFO c.h.h.t.HelmChartContainer - [hivemq-test-hivemq-platform] [hivemq-platform-operator] [0c474f2e] 22:15:29.166 [pool-6-thread-23] DEBUG c.h.p.o.dependants.PodInfoConfigMap - [helmcust] Desired PodInfo ConfigMap (extension state hash: -1817474005)
2025-01-29 22:15:29,256 INFO c.h.h.t.HelmChartContainer - [hivemq-test-hivemq-platform] [hivemq-platform-operator] [0c474f2e] 22:15:29.254 [pool-6-thread-27] DEBUG c.h.p.o.d.PodServiceAccountResource - [helmcust] Desired PodServiceAccountResource (serviceAccountName: hivemq-platform-pod-test-hivemq-platform)
2025-01-29 22:15:29,261 INFO c.h.h.t.HelmChartContainer - [hivemq-test-hivemq-platform] [hivemq-platform-operator] [0c474f2e] 22:15:29.259 [pool-6-thread-30] DEBUG c.h.p.o.d.StatefulSetResource - [helmcust] Desired StatefulSet (2 replicas) for status STARTING (READY)
2025-01-29 22:15:29,268 INFO c.h.h.t.HelmChartContainer - [hivemq-test-hivemq-platform] [hivemq-platform-operator] [0c474f2e] 22:15:29.266 [ReconcilerExecutor-hivemq-controller-74] INFO  c.h.p.o.HiveMQPlatformReconciler - [helmcust] Reconciling HiveMQ Platform 'test-hivemq-platform' in namespace 'helmcustomconfigit'
2025-01-29 22:15:29,268 INFO c.h.h.t.HelmChartContainer - [hivemq-test-hivemq-platform] [hivemq-platform-operator] [0c474f2e] 22:15:29.266 [ReconcilerExecutor-hivemq-controller-74] DEBUG c.h.p.o.HiveMQPlatformReconciler - [helmcust] Custom Resource Status STARTING - HiveMQ Platform is starting (READY)
2025-01-29 22:15:29,268 INFO c.h.h.t.HelmChartContainer - [hivemq-test-hivemq-platform] [hivemq-platform-operator] [0c474f2e] 22:15:29.266 [ReconcilerExecutor-hivemq-controller-74] DEBUG c.h.p.o.HiveMQPlatformReconciler - [helmcust] Custom Resource Spec (replicas: 2) (extensions: 1)
2025-01-29 22:15:29,355 INFO c.h.h.t.HelmChartContainer - [hivemq-test-hivemq-platform] [hivemq-platform-operator] [0c474f2e] 22:15:29.353 [ReconcilerExecutor-hivemq-controller-74] DEBUG c.h.p.o.HiveMQPlatformReconciler - [helmcust] StatefulSet Status (revision: test-hivemq-platform-6b448bcf6f, replicas: 1, available: 0, ready: 0, current: 1, updated: 1)
2025-01-29 22:15:29,355 INFO c.h.h.t.HelmChartContainer - [hivemq-test-hivemq-platform] [hivemq-platform-operator] [0c474f2e] 22:15:29.353 [ReconcilerExecutor-hivemq-controller-74] DEBUG c.h.p.o.HiveMQPlatformReconciler - [helmcust] StatefulSet Spec (replicas: 2, init containers: 1, containers: 1, volumes: 3)
2025-01-29 22:15:29,361 INFO c.h.h.t.HelmChartContainer - [hivemq-test-hivemq-platform] [hivemq-platform-operator] [0c474f2e] 22:15:29.359 [ReconcilerExecutor-hivemq-controller-74] DEBUG c.h.p.o.h.HiveMQPlatformReconcilerErrorHandler - [helmcust] Pod 'test-hivemq-platform-0' phase Pending
2025-01-29 22:15:29,362 INFO c.h.h.t.HelmChartContainer - [hivemq-test-hivemq-platform] [hivemq-platform-operator] [0c474f2e] 22:15:29.360 [ReconcilerExecutor-hivemq-controller-74] DEBUG c.h.p.o.h.HiveMQPlatformReconcilerErrorHandler - [helmcust] Pod 'test-hivemq-platform-0' condition 'PodReadyToStartContainers': False
2025-01-29 22:15:29,363 INFO c.h.h.t.HelmChartContainer - [hivemq-test-hivemq-platform] [hivemq-platform-operator] [0c474f2e] 22:15:29.360 [ReconcilerExecutor-hivemq-controller-74] DEBUG c.h.p.o.h.HiveMQPlatformReconcilerErrorHandler - [helmcust] Pod 'test-hivemq-platform-0' condition 'Initialized': False
2025-01-29 22:15:29,363 INFO c.h.h.t.HelmChartContainer - [hivemq-test-hivemq-platform] [hivemq-platform-operator] [0c474f2e] 22:15:29.360 [ReconcilerExecutor-hivemq-controller-74] DEBUG c.h.p.o.h.HiveMQPlatformReconcilerErrorHandler - [helmcust] Pod 'test-hivemq-platform-0' condition 'Ready': False
2025-01-29 22:15:29,363 INFO c.h.h.t.HelmChartContainer - [hivemq-test-hivemq-platform] [hivemq-platform-operator] [0c474f2e] 22:15:29.360 [ReconcilerExecutor-hivemq-controller-74] DEBUG c.h.p.o.h.HiveMQPlatformReconcilerErrorHandler - [helmcust] Pod 'test-hivemq-platform-0' condition 'ContainersReady': False
2025-01-29 22:15:29,363 INFO c.h.h.t.HelmChartContainer - [hivemq-test-hivemq-platform] [hivemq-platform-operator] [0c474f2e] 22:15:29.360 [ReconcilerExecutor-hivemq-controller-74] DEBUG c.h.p.o.h.HiveMQPlatformReconcilerErrorHandler - [helmcust] Pod 'test-hivemq-platform-0' condition 'PodScheduled': True
2025-01-29 22:15:29,363 INFO c.h.h.t.HelmChartContainer - [hivemq-test-hivemq-platform] [hivemq-platform-operator] [0c474f2e] 22:15:29.360 [ReconcilerExecutor-hivemq-controller-74] DEBUG c.h.p.o.h.HiveMQPlatformReconcilerErrorHandler - [helmcust] Pod 'test-hivemq-platform-0' containerStatus 'hivemq' (started: false) (ready: false) (waiting: [PodInitializing] null)
2025-01-29 22:15:29,364 INFO c.h.h.t.HelmChartContainer - [hivemq-test-hivemq-platform] [hivemq-platform-operator] [0c474f2e] 22:15:29.362 [ReconcilerExecutor-hivemq-controller-74] INFO  c.h.p.o.h.HiveMQPlatformReconcilerBaseHandler - [helmcust] HiveMQ Platform is starting, 0 of 2 replicas are ready
2025-01-29 22:15:29,393 INFO c.h.h.t.HelmChartContainer - [EVENT] Normal [Pulled] Container image "docker.io/hivemq/hivemq-platform-operator-init-test:snapshot" already present on machine [helmcustomconfigit:test-hivemq-platform-0]
2025-01-29 22:15:29,502 INFO c.h.h.t.HelmChartContainer - [EVENT] Normal [Created] Created container: hivemq-platform-operator-init [helmcustomconfigit:test-hivemq-platform-0]
2025-01-29 22:15:29,542 INFO c.h.h.t.HelmChartContainer - [EVENT] Normal [Started] Started container hivemq-platform-operator-init [helmcustomconfigit:test-hivemq-platform-0]
2025-01-29 22:15:30,531 INFO c.h.h.t.HelmChartContainer - [EVENT] Normal [Pulled] Container image "docker.io/hivemq/hivemq4:4.36.0" already present on machine [helmcustomconfigit:test-hivemq-platform-0]
2025-01-29 22:15:30,531 INFO c.h.h.t.HelmChartContainer - Received Pulled event for container hivemq in pod test-hivemq-platform-0 [d7e1baa7-4761-48c4-8dd1-3cac604f2d82]
2025-01-29 22:15:30,546 INFO c.h.h.t.HelmChartContainer - [POD] test-hivemq-platform-0 [d7e1baa7-4761-48c4-8dd1-3cac604f2d82] in helmcustomconfigit was MODIFIED
2025-01-29 22:15:30,574 INFO c.h.h.t.HelmChartContainer - [hivemq-test-hivemq-platform] [hivemq-platform-operator] [0c474f2e] 22:15:30.564 [pool-6-thread-32] DEBUG c.h.p.o.d.PlatformServiceResource - [helmcust] Desired Platform services (3 services)
2025-01-29 22:15:30,574 INFO c.h.h.t.HelmChartContainer - [hivemq-test-hivemq-platform] [hivemq-platform-operator] [0c474f2e] 22:15:30.572 [pool-6-thread-33] DEBUG c.h.p.o.dependants.PodInfoConfigMap - [helmcust] Desired PodInfo ConfigMap (1 extensions) (1 enabled)
2025-01-29 22:15:30,579 INFO c.h.h.t.HelmChartContainer - [hivemq-test-hivemq-platform] [hivemq-platform-operator] [0c474f2e] 22:15:30.572 [pool-6-thread-33] DEBUG c.h.p.o.dependants.PodInfoConfigMap - [helmcust] Desired PodInfo ConfigMap (metrics port: 9399) (metrics path: /)
2025-01-29 22:15:30,579 INFO c.h.h.t.HelmChartContainer - [hivemq-test-hivemq-platform] [hivemq-platform-operator] [0c474f2e] 22:15:30.573 [pool-6-thread-33] DEBUG c.h.p.o.dependants.PodInfoConfigMap - [helmcust] Desired PodInfo ConfigMap (extension state hash: -1817474005)
2025-01-29 22:15:30,580 INFO c.h.h.t.HelmChartContainer - [hivemq-test-hivemq-platform] [hivemq-platform-operator] [0c474f2e] 22:15:30.577 [pool-6-thread-37] DEBUG c.h.p.o.d.PodServiceAccountResource - [helmcust] Desired PodServiceAccountResource (serviceAccountName: hivemq-platform-pod-test-hivemq-platform)
2025-01-29 22:15:30,659 INFO c.h.h.t.HelmChartContainer - [hivemq-test-hivemq-platform] [hivemq-platform-operator] [0c474f2e] 22:15:30.657 [pool-6-thread-40] DEBUG c.h.p.o.d.StatefulSetResource - [helmcust] Desired StatefulSet (2 replicas) for status STARTING (READY)
2025-01-29 22:15:30,663 INFO c.h.h.t.HelmChartContainer - [hivemq-test-hivemq-platform] [hivemq-platform-operator] [0c474f2e] 22:15:30.662 [ReconcilerExecutor-hivemq-controller-85] INFO  c.h.p.o.HiveMQPlatformReconciler - [helmcust] Reconciling HiveMQ Platform 'test-hivemq-platform' in namespace 'helmcustomconfigit'
2025-01-29 22:15:30,664 INFO c.h.h.t.HelmChartContainer - [hivemq-test-hivemq-platform] [hivemq-platform-operator] [0c474f2e] 22:15:30.662 [ReconcilerExecutor-hivemq-controller-85] DEBUG c.h.p.o.HiveMQPlatformReconciler - [helmcust] Custom Resource Status STARTING - HiveMQ Platform is starting (READY)
2025-01-29 22:15:30,664 INFO c.h.h.t.HelmChartContainer - [hivemq-test-hivemq-platform] [hivemq-platform-operator] [0c474f2e] 22:15:30.663 [ReconcilerExecutor-hivemq-controller-85] DEBUG c.h.p.o.HiveMQPlatformReconciler - [helmcust] Custom Resource Spec (replicas: 2) (extensions: 1)
2025-01-29 22:15:30,668 INFO c.h.h.t.HelmChartContainer - [hivemq-test-hivemq-platform] [hivemq-platform-operator] [0c474f2e] 22:15:30.666 [ReconcilerExecutor-hivemq-controller-85] DEBUG c.h.p.o.HiveMQPlatformReconciler - [helmcust] StatefulSet Status (revision: test-hivemq-platform-6b448bcf6f, replicas: 1, available: 0, ready: 0, current: 1, updated: 1)
2025-01-29 22:15:30,668 INFO c.h.h.t.HelmChartContainer - [hivemq-test-hivemq-platform] [hivemq-platform-operator] [0c474f2e] 22:15:30.666 [ReconcilerExecutor-hivemq-controller-85] DEBUG c.h.p.o.HiveMQPlatformReconciler - [helmcust] StatefulSet Spec (replicas: 2, init containers: 1, containers: 1, volumes: 3)
2025-01-29 22:15:30,715 INFO c.h.h.t.HelmChartContainer - [hivemq-test-hivemq-platform] [hivemq-platform-operator] [0c474f2e] 22:15:30.710 [ReconcilerExecutor-hivemq-controller-85] DEBUG c.h.p.o.h.HiveMQPlatformReconcilerErrorHandler - [helmcust] Pod 'test-hivemq-platform-0' phase Pending
2025-01-29 22:15:30,715 INFO c.h.h.t.HelmChartContainer - [hivemq-test-hivemq-platform] [hivemq-platform-operator] [0c474f2e] 22:15:30.711 [ReconcilerExecutor-hivemq-controller-85] DEBUG c.h.p.o.h.HiveMQPlatformReconcilerErrorHandler - [helmcust] Pod 'test-hivemq-platform-0' condition 'PodReadyToStartContainers': True
2025-01-29 22:15:30,715 INFO c.h.h.t.HelmChartContainer - [hivemq-test-hivemq-platform] [hivemq-platform-operator] [0c474f2e] 22:15:30.711 [ReconcilerExecutor-hivemq-controller-85] DEBUG c.h.p.o.h.HiveMQPlatformReconcilerErrorHandler - [helmcust] Pod 'test-hivemq-platform-0' condition 'Initialized': True
2025-01-29 22:15:30,715 INFO c.h.h.t.HelmChartContainer - [hivemq-test-hivemq-platform] [hivemq-platform-operator] [0c474f2e] 22:15:30.711 [ReconcilerExecutor-hivemq-controller-85] DEBUG c.h.p.o.h.HiveMQPlatformReconcilerErrorHandler - [helmcust] Pod 'test-hivemq-platform-0' condition 'Ready': False
2025-01-29 22:15:30,715 INFO c.h.h.t.HelmChartContainer - [hivemq-test-hivemq-platform] [hivemq-platform-operator] [0c474f2e] 22:15:30.711 [ReconcilerExecutor-hivemq-controller-85] DEBUG c.h.p.o.h.HiveMQPlatformReconcilerErrorHandler - [helmcust] Pod 'test-hivemq-platform-0' condition 'ContainersReady': False
2025-01-29 22:15:30,715 INFO c.h.h.t.HelmChartContainer - [hivemq-test-hivemq-platform] [hivemq-platform-operator] [0c474f2e] 22:15:30.711 [ReconcilerExecutor-hivemq-controller-85] DEBUG c.h.p.o.h.HiveMQPlatformReconcilerErrorHandler - [helmcust] Pod 'test-hivemq-platform-0' condition 'PodScheduled': True
2025-01-29 22:15:30,717 INFO c.h.h.t.HelmChartContainer - [hivemq-test-hivemq-platform] [hivemq-platform-operator] [0c474f2e] 22:15:30.712 [ReconcilerExecutor-hivemq-controller-85] DEBUG c.h.p.o.h.HiveMQPlatformReconcilerErrorHandler - [helmcust] Pod 'test-hivemq-platform-0' containerStatus 'hivemq' (started: false) (ready: false) (waiting: [PodInitializing] null)
2025-01-29 22:15:30,717 INFO c.h.h.t.HelmChartContainer - [hivemq-test-hivemq-platform] [hivemq-platform-operator] [0c474f2e] 22:15:30.714 [ReconcilerExecutor-hivemq-controller-85] INFO  c.h.p.o.h.HiveMQPlatformReconcilerBaseHandler - [helmcust] HiveMQ Platform is starting, 0 of 2 replicas are ready
2025-01-29 22:15:31,770 INFO c.h.h.t.HelmChartContainer - [EVENT] Normal [Created] Created container: hivemq [helmcustomconfigit:test-hivemq-platform-0]
2025-01-29 22:15:31,770 INFO c.h.h.t.HelmChartContainer - Received Created event for container hivemq in pod test-hivemq-platform-0 [d7e1baa7-4761-48c4-8dd1-3cac604f2d82]
2025-01-29 22:15:32,544 INFO c.h.h.t.HelmChartContainer - [POD] test-hivemq-platform-0 [d7e1baa7-4761-48c4-8dd1-3cac604f2d82] in helmcustomconfigit was MODIFIED
2025-01-29 22:15:32,554 INFO c.h.h.t.HelmChartContainer - Started log watcher for hivemq in pod test-hivemq-platform-0 [d7e1baa7-4761-48c4-8dd1-3cac604f2d82]
2025-01-29 22:15:32,554 INFO c.h.h.t.HelmChartContainer - [test-hivemq-platform] [hivemq] [d7e1baa7] Adding pre-installed HiveMQ Platform Operator extensions
2025-01-29 22:15:32,554 INFO c.h.h.t.HelmChartContainer - [test-hivemq-platform] [hivemq] [d7e1baa7] Running as user 10000
2025-01-29 22:15:32,554 INFO c.h.h.t.HelmChartContainer - [test-hivemq-platform] [hivemq] [d7e1baa7] Starting HiveMQ Platform Operator Init
2025-01-29 22:15:32,554 INFO c.h.h.t.HelmChartContainer - [EVENT] Normal [Started] Started container hivemq [helmcustomconfigit:test-hivemq-platform-0]
2025-01-29 22:15:32,554 INFO c.h.h.t.HelmChartContainer - Received Started event for container hivemq in pod test-hivemq-platform-0 [d7e1baa7-4761-48c4-8dd1-3cac604f2d82]
2025-01-29 22:15:32,560 INFO c.h.h.t.HelmChartContainer - [hivemq-test-hivemq-platform] [hivemq-platform-operator] [0c474f2e] 22:15:32.559 [pool-6-thread-42] DEBUG c.h.p.o.d.PlatformServiceResource - [helmcust] Desired Platform services (3 services)
2025-01-29 22:15:32,562 INFO c.h.h.t.HelmChartContainer - [hivemq-test-hivemq-platform] [hivemq-platform-operator] [0c474f2e] 22:15:32.561 [pool-6-thread-43] DEBUG c.h.p.o.dependants.PodInfoConfigMap - [helmcust] Desired PodInfo ConfigMap (1 extensions) (1 enabled)
2025-01-29 22:15:32,563 INFO c.h.h.t.HelmChartContainer - [hivemq-test-hivemq-platform] [hivemq-platform-operator] [0c474f2e] 22:15:32.562 [pool-6-thread-43] DEBUG c.h.p.o.dependants.PodInfoConfigMap - [helmcust] Desired PodInfo ConfigMap (metrics port: 9399) (metrics path: /)
2025-01-29 22:15:32,564 INFO c.h.h.t.HelmChartContainer - [hivemq-test-hivemq-platform] [hivemq-platform-operator] [0c474f2e] 22:15:32.562 [pool-6-thread-43] DEBUG c.h.p.o.dependants.PodInfoConfigMap - [helmcust] Desired PodInfo ConfigMap (extension state hash: -1817474005)
2025-01-29 22:15:32,568 INFO c.h.h.t.HelmChartContainer - [hivemq-test-hivemq-platform] [hivemq-platform-operator] [0c474f2e] 22:15:32.565 [pool-6-thread-47] DEBUG c.h.p.o.d.PodServiceAccountResource - [helmcust] Desired PodServiceAccountResource (serviceAccountName: hivemq-platform-pod-test-hivemq-platform)
2025-01-29 22:15:32,613 INFO c.h.h.t.HelmChartContainer - [hivemq-test-hivemq-platform] [hivemq-platform-operator] [0c474f2e] 22:15:32.612 [pool-6-thread-50] DEBUG c.h.p.o.d.StatefulSetResource - [helmcust] Desired StatefulSet (2 replicas) for status STARTING (READY)
2025-01-29 22:15:32,654 INFO c.h.h.t.HelmChartContainer - [hivemq-test-hivemq-platform] [hivemq-platform-operator] [0c474f2e] 22:15:32.653 [ReconcilerExecutor-hivemq-controller-96] INFO  c.h.p.o.HiveMQPlatformReconciler - [helmcust] Reconciling HiveMQ Platform 'test-hivemq-platform' in namespace 'helmcustomconfigit'
2025-01-29 22:15:32,654 INFO c.h.h.t.HelmChartContainer - [hivemq-test-hivemq-platform] [hivemq-platform-operator] [0c474f2e] 22:15:32.653 [ReconcilerExecutor-hivemq-controller-96] DEBUG c.h.p.o.HiveMQPlatformReconciler - [helmcust] Custom Resource Status STARTING - HiveMQ Platform is starting (READY)
2025-01-29 22:15:32,655 INFO c.h.h.t.HelmChartContainer - [hivemq-test-hivemq-platform] [hivemq-platform-operator] [0c474f2e] 22:15:32.654 [ReconcilerExecutor-hivemq-controller-96] DEBUG c.h.p.o.HiveMQPlatformReconciler - [helmcust] Custom Resource Spec (replicas: 2) (extensions: 1)
2025-01-29 22:15:32,657 INFO c.h.h.t.HelmChartContainer - [hivemq-test-hivemq-platform] [hivemq-platform-operator] [0c474f2e] 22:15:32.656 [ReconcilerExecutor-hivemq-controller-96] DEBUG c.h.p.o.HiveMQPlatformReconciler - [helmcust] StatefulSet Status (revision: test-hivemq-platform-6b448bcf6f, replicas: 1, available: 0, ready: 0, current: 1, updated: 1)
2025-01-29 22:15:32,658 INFO c.h.h.t.HelmChartContainer - [hivemq-test-hivemq-platform] [hivemq-platform-operator] [0c474f2e] 22:15:32.656 [ReconcilerExecutor-hivemq-controller-96] DEBUG c.h.p.o.HiveMQPlatformReconciler - [helmcust] StatefulSet Spec (replicas: 2, init containers: 1, containers: 1, volumes: 3)
2025-01-29 22:15:32,659 INFO c.h.h.t.HelmChartContainer - [hivemq-test-hivemq-platform] [hivemq-platform-operator] [0c474f2e] 22:15:32.658 [ReconcilerExecutor-hivemq-controller-96] DEBUG c.h.p.o.h.HiveMQPlatformReconcilerErrorHandler - [helmcust] Pod 'test-hivemq-platform-0' phase Running
2025-01-29 22:15:32,660 INFO c.h.h.t.HelmChartContainer - [hivemq-test-hivemq-platform] [hivemq-platform-operator] [0c474f2e] 22:15:32.659 [ReconcilerExecutor-hivemq-controller-96] INFO  c.h.p.o.h.HiveMQPlatformReconcilerBaseHandler - [helmcust] HiveMQ Platform is starting, 0 of 2 replicas are ready
2025-01-29 22:15:33,037 INFO c.h.h.t.HelmChartContainer - [test-hivemq-platform] [hivemq] [d7e1baa7] INFO  - [HiveMQ Platform Operator Init 1.7.0-SNAPSHOT] HiveMQ Platform Operator Init 1.7.0-SNAPSHOT (commit: 3bc9484 on branch: HEAD) built on Wed Jan 29 22:06:36 UTC 2025
2025-01-29 22:15:34,226 INFO c.h.h.t.HelmChartContainer - [test-hivemq-platform] [hivemq] [d7e1baa7] INFO  - [HiveMQ Platform Operator Init App 1.7.0-SNAPSHOT] Using bind address 10.42.0.11 from environment variable
2025-01-29 22:15:35,144 INFO c.h.h.t.HelmChartContainer - [test-hivemq-platform] [hivemq] [d7e1baa7] INFO  - [HiveMQ Platform Operator Init App 1.7.0-SNAPSHOT] HiveMQ Platform Operator Init App 1.7.0-SNAPSHOT (commit: 3bc9484 on branch: HEAD) built on Wed Jan 29 22:06:36 UTC 2025
2025-01-29 22:15:35,144 INFO c.h.h.t.HelmChartContainer - [test-hivemq-platform] [hivemq] [d7e1baa7] INFO  - [HiveMQ Platform Operator Init App 1.7.0-SNAPSHOT] PodInfo ConfigMap directory: /etc/podinfo
2025-01-29 22:15:35,144 INFO c.h.h.t.HelmChartContainer - [test-hivemq-platform] [hivemq] [d7e1baa7] INFO  - [HiveMQ Platform Operator Init App 1.7.0-SNAPSHOT] HiveMQ home directory: /opt/hivemq
2025-01-29 22:15:35,144 INFO c.h.h.t.HelmChartContainer - [test-hivemq-platform] [hivemq] [d7e1baa7] INFO  - [HiveMQ Platform Operator Init App 1.7.0-SNAPSHOT] HiveMQ Logback folder: /opt/hivemq/conf
2025-01-29 22:15:35,144 INFO c.h.h.t.HelmChartContainer - [test-hivemq-platform] [hivemq] [d7e1baa7] INFO  - [HiveMQ Platform Operator Init App 1.7.0-SNAPSHOT] HiveMQ Config folder: /opt/hivemq/conf-k8s
2025-01-29 22:15:35,145 INFO c.h.h.t.HelmChartContainer - [test-hivemq-platform] [hivemq] [d7e1baa7] INFO  - [HiveMQ Platform Operator Init App 1.7.0-SNAPSHOT] Starting HiveMQ Platform Operator Init App
2025-01-29 22:15:35,145 INFO c.h.h.t.HelmChartContainer - [test-hivemq-platform] [hivemq] [d7e1baa7] INFO  - [HiveMQ Platform Operator Init App 1.7.0-SNAPSHOT] Starting Pod reconciler
2025-01-29 22:15:36,419 INFO c.h.h.t.HelmChartContainer - [test-hivemq-platform] [hivemq] [d7e1baa7] INFO  - [HiveMQ Platform Operator Init App 1.7.0-SNAPSHOT] Pod reconciler is scheduled (interval: 5000 ms)
2025-01-29 22:15:36,420 INFO c.h.h.t.HelmChartContainer - [test-hivemq-platform] [hivemq] [d7e1baa7] INFO  - [HiveMQ Platform Operator Init App 1.7.0-SNAPSHOT] Starting the REST API on 10.42.0.11:7979
2025-01-29 22:15:36,423 INFO c.h.h.t.HelmChartContainer - [test-hivemq-platform] [hivemq] [d7e1baa7] INFO  - [HiveMQ Platform Operator Init App 1.7.0-SNAPSHOT] Waiting up to 600s for at most 2 HiveMQ nodes in cluster service hivemq-test-hivemq-platform-cluster.helmcustomconfigit.svc
2025-01-29 22:15:36,821 INFO c.h.h.t.HelmChartContainer - [test-hivemq-platform] [hivemq] [d7e1baa7] INFO  - [HiveMQ Platform Operator Init App 1.7.0-SNAPSHOT] Resolved 1 IP addresses: [10.42.0.11]
2025-01-29 22:15:36,822 INFO c.h.h.t.HelmChartContainer - [test-hivemq-platform] [hivemq] [d7e1baa7] INFO  - [HiveMQ Platform Operator Init App 1.7.0-SNAPSHOT] HiveMQ node count of 1 is within threshold of 2
2025-01-29 22:15:36,822 INFO c.h.h.t.HelmChartContainer - [test-hivemq-platform] [hivemq] [d7e1baa7] INFO  - [HiveMQ Platform Operator Init App 1.7.0-SNAPSHOT] Proceeding with container start
2025-01-29 22:15:36,916 INFO c.h.h.t.HelmChartContainer - [test-hivemq-platform] [hivemq] [d7e1baa7] INFO  - [HiveMQ Platform Operator Init App 1.7.0-SNAPSHOT] Initializing HiveMQ Platform extensions with initial configuration: {hivemq-allow-all-extension={start-priority=-1, skip-https-hostname-verification=false, restart=true, config-version=0, header-version=0, c-uri=, priority=-1, uri=preinstalled, skip-https-certificate-validation=false, enabled=true}, hivemq-prometheus-extension={priority=-1, start-priority=-1, c-uri=, skip-https-hostname-verification=false, skip-https-certificate-validation=false, uri=preinstalled, request-header-path=no-request-headers, enabled=true, restart=true}}
2025-01-29 22:15:37,319 INFO c.h.h.t.HelmChartContainer - [test-hivemq-platform] [hivemq] [d7e1baa7] INFO  - [HiveMQ Platform Operator Init App 1.7.0-SNAPSHOT] Extension hivemq-allow-all-extension was already enabled
2025-01-29 22:15:37,415 INFO c.h.h.t.HelmChartContainer - [test-hivemq-platform] [hivemq] [d7e1baa7] INFO  - [HiveMQ Platform Operator Init App 1.7.0-SNAPSHOT] Successfully enabled extension hivemq-prometheus-extension
2025-01-29 22:15:37,417 INFO c.h.h.t.HelmChartContainer - [test-hivemq-platform] [hivemq] [d7e1baa7] INFO  - [HiveMQ Platform Operator Init App 1.7.0-SNAPSHOT] Starting HiveMQ Platform version 4.36.0 (4.36.0)
2025-01-29 22:15:37,418 INFO c.h.h.t.HelmChartContainer - [test-hivemq-platform] [hivemq] [d7e1baa7] INFO  - [HiveMQ Platform Operator Init App 1.7.0-SNAPSHOT] Configuring the HiveMQ Platform
2025-01-29 22:15:37,438 INFO c.h.h.t.HelmChartContainer - [test-hivemq-platform] [hivemq] [d7e1baa7] INFO  - [HiveMQ Platform Operator Init App 1.7.0-SNAPSHOT] Changed logback.xml file scan period to 20 seconds
2025-01-29 22:15:37,521 INFO c.h.h.t.HelmChartContainer - [test-hivemq-platform] [hivemq] [d7e1baa7] INFO  - [HiveMQ Platform Operator Init App 1.7.0-SNAPSHOT] Starting the HiveMQ Platform
2025-01-29 22:15:37,524 INFO c.h.h.t.HelmChartContainer - [test-hivemq-platform] [hivemq] [d7e1baa7] -------------------------------------------------------------------------
2025-01-29 22:15:37,524 INFO c.h.h.t.HelmChartContainer - [test-hivemq-platform] [hivemq] [d7e1baa7] 
2025-01-29 22:15:37,524 INFO c.h.h.t.HelmChartContainer - [test-hivemq-platform] [hivemq] [d7e1baa7]                   _    _  _              __  __   ____
2025-01-29 22:15:37,525 INFO c.h.h.t.HelmChartContainer - [test-hivemq-platform] [hivemq] [d7e1baa7]                  | |  | |(_)            |  \/  | / __ \
2025-01-29 22:15:37,525 INFO c.h.h.t.HelmChartContainer - [test-hivemq-platform] [hivemq] [d7e1baa7]                  | |__| | _ __   __ ___ | \  / || |  | |
2025-01-29 22:15:37,525 INFO c.h.h.t.HelmChartContainer - [test-hivemq-platform] [hivemq] [d7e1baa7]                  |  __  || |\ \ / // _ \| |\/| || |  | |
2025-01-29 22:15:37,525 INFO c.h.h.t.HelmChartContainer - [test-hivemq-platform] [hivemq] [d7e1baa7]                  | |  | || | \ V /|  __/| |  | || |__| |
2025-01-29 22:15:37,525 INFO c.h.h.t.HelmChartContainer - [test-hivemq-platform] [hivemq] [d7e1baa7]                  |_|  |_||_|  \_/  \___||_|  |_| \___\_\
2025-01-29 22:15:37,525 INFO c.h.h.t.HelmChartContainer - [test-hivemq-platform] [hivemq] [d7e1baa7] 
2025-01-29 22:15:37,525 INFO c.h.h.t.HelmChartContainer - [test-hivemq-platform] [hivemq] [d7e1baa7] -------------------------------------------------------------------------
2025-01-29 22:15:37,525 INFO c.h.h.t.HelmChartContainer - [test-hivemq-platform] [hivemq] [d7e1baa7] 
2025-01-29 22:15:37,525 INFO c.h.h.t.HelmChartContainer - [test-hivemq-platform] [hivemq] [d7e1baa7]   HiveMQ Start Script for Linux/Unix v1.14
2025-01-29 22:15:37,525 INFO c.h.h.t.HelmChartContainer - [test-hivemq-platform] [hivemq] [d7e1baa7] 
2025-01-29 22:15:37,627 INFO c.h.h.t.HelmChartContainer - [test-hivemq-platform] [hivemq] [d7e1baa7] -------------------------------------------------------------------------
2025-01-29 22:15:37,627 INFO c.h.h.t.HelmChartContainer - [test-hivemq-platform] [hivemq] [d7e1baa7] 
2025-01-29 22:15:37,627 INFO c.h.h.t.HelmChartContainer - [test-hivemq-platform] [hivemq] [d7e1baa7]   HIVEMQ_HOME: /opt/hivemq
2025-01-29 22:15:37,627 INFO c.h.h.t.HelmChartContainer - [test-hivemq-platform] [hivemq] [d7e1baa7] 
2025-01-29 22:15:37,627 INFO c.h.h.t.HelmChartContainer - [test-hivemq-platform] [hivemq] [d7e1baa7]   JAVA_OPTS: -XX:+UnlockExperimentalVMOptions -XX:InitialRAMPercentage=50 -XX:MaxRAMPercentage=50 -Djava.net.preferIPv4Stack=true --add-opens java.base/java.lang=ALL-UNNAMED --add-opens java.base/java.nio=ALL-UNNAMED --add-opens java.base/sun.nio.ch=ALL-UNNAMED --add-opens jdk.management/com.sun.management.internal=ALL-UNNAMED --add-exports java.base/jdk.internal.misc=ALL-UNNAMED -Djava.security.egd=file:/dev/./urandom -Dcom.sun.management.jmxremote -Dcom.sun.management.jmxremote.port=9010 -Dcom.sun.management.jmxremote.local.only=false -Dcom.sun.management.jmxremote.authenticate=false -Dcom.sun.management.jmxremote.ssl=false -Duser.language=en -Duser.region=US -XX:+CrashOnOutOfMemoryError -XX:+HeapDumpOnOutOfMemoryError
2025-01-29 22:15:37,627 INFO c.h.h.t.HelmChartContainer - [test-hivemq-platform] [hivemq] [d7e1baa7] 
2025-01-29 22:15:37,627 INFO c.h.h.t.HelmChartContainer - [test-hivemq-platform] [hivemq] [d7e1baa7]   JAVA_VERSION: 21
2025-01-29 22:15:37,627 INFO c.h.h.t.HelmChartContainer - [test-hivemq-platform] [hivemq] [d7e1baa7] 
2025-01-29 22:15:37,627 INFO c.h.h.t.HelmChartContainer - [test-hivemq-platform] [hivemq] [d7e1baa7] -------------------------------------------------------------------------
2025-01-29 22:15:37,627 INFO c.h.h.t.HelmChartContainer - [test-hivemq-platform] [hivemq] [d7e1baa7] 
2025-01-29 22:15:38,636 INFO c.h.h.t.HelmChartContainer - [test-hivemq-platform] [hivemq] [d7e1baa7] INFO  - [HiveMQ Platform Operator Init App 1.7.0-SNAPSHOT] Returning default Health API response 503 for readiness
2025-01-29 22:15:38,920 INFO c.h.h.t.HelmChartContainer - [EVENT] Warning [Unhealthy] Readiness probe failed: HTTP probe failed with statuscode: 503 [helmcustomconfigit:test-hivemq-platform-0]
2025-01-29 22:15:38,921 INFO c.h.h.t.HelmChartContainer - Received Unhealthy event for container hivemq in pod test-hivemq-platform-0 [d7e1baa7-4761-48c4-8dd1-3cac604f2d82]
2025-01-29 22:15:40,322 INFO c.h.h.t.HelmChartContainer - [test-hivemq-platform] [hivemq] [d7e1baa7] INFO  - Starting HiveMQ Enterprise Server
2025-01-29 22:15:40,335 INFO c.h.h.t.HelmChartContainer - [test-hivemq-platform] [hivemq] [d7e1baa7] INFO  - HiveMQ version: 4.36.0
2025-01-29 22:15:40,336 INFO c.h.h.t.HelmChartContainer - [test-hivemq-platform] [hivemq] [d7e1baa7] INFO  - HiveMQ home directory: /opt/hivemq
2025-01-29 22:15:40,336 INFO c.h.h.t.HelmChartContainer - [test-hivemq-platform] [hivemq] [d7e1baa7] INFO  - Log Configuration was overridden by /opt/hivemq/conf/logback.xml
2025-01-29 22:15:41,515 INFO c.h.h.t.HelmChartContainer - [test-hivemq-platform] [hivemq] [d7e1baa7] INFO  - Successfully loaded configuration from '/opt/hivemq/conf-k8s/config.xml'.
2025-01-29 22:15:42,122 INFO c.h.h.t.HelmChartContainer - [test-hivemq-platform] [hivemq] [d7e1baa7] INFO  - This node's ID is 3KPQY
2025-01-29 22:15:42,123 INFO c.h.h.t.HelmChartContainer - [test-hivemq-platform] [hivemq] [d7e1baa7] INFO  - Clustering is enabled
2025-01-29 22:15:42,667 INFO c.h.h.t.HelmChartContainer - [hivemq-test-hivemq-platform] [hivemq-platform-operator] [0c474f2e] 22:15:42.664 [pool-6-thread-5] DEBUG c.h.p.o.d.PlatformServiceResource - [helmcust] Desired Platform services (3 services)
2025-01-29 22:15:42,668 INFO c.h.h.t.HelmChartContainer - [hivemq-test-hivemq-platform] [hivemq-platform-operator] [0c474f2e] 22:15:42.665 [pool-6-thread-3] DEBUG c.h.p.o.dependants.PodInfoConfigMap - [helmcust] Desired PodInfo ConfigMap (1 extensions) (1 enabled)
2025-01-29 22:15:42,668 INFO c.h.h.t.HelmChartContainer - [hivemq-test-hivemq-platform] [hivemq-platform-operator] [0c474f2e] 22:15:42.665 [pool-6-thread-3] DEBUG c.h.p.o.dependants.PodInfoConfigMap - [helmcust] Desired PodInfo ConfigMap (metrics port: 9399) (metrics path: /)
2025-01-29 22:15:42,668 INFO c.h.h.t.HelmChartContainer - [hivemq-test-hivemq-platform] [hivemq-platform-operator] [0c474f2e] 22:15:42.665 [pool-6-thread-3] DEBUG c.h.p.o.dependants.PodInfoConfigMap - [helmcust] Desired PodInfo ConfigMap (extension state hash: -1817474005)
2025-01-29 22:15:42,668 INFO c.h.h.t.HelmChartContainer - [hivemq-test-hivemq-platform] [hivemq-platform-operator] [0c474f2e] 22:15:42.666 [pool-6-thread-3] DEBUG c.h.p.o.d.PodServiceAccountResource - [helmcust] Desired PodServiceAccountResource (serviceAccountName: hivemq-platform-pod-test-hivemq-platform)
2025-01-29 22:15:42,675 INFO c.h.h.t.HelmChartContainer - [hivemq-test-hivemq-platform] [hivemq-platform-operator] [0c474f2e] 22:15:42.672 [pool-6-thread-5] DEBUG c.h.p.o.d.StatefulSetResource - [helmcust] Desired StatefulSet (2 replicas) for status STARTING (READY)
2025-01-29 22:15:42,677 INFO c.h.h.t.HelmChartContainer - [hivemq-test-hivemq-platform] [hivemq-platform-operator] [0c474f2e] 22:15:42.676 [ReconcilerExecutor-hivemq-controller-107] INFO  c.h.p.o.HiveMQPlatformReconciler - [helmcust] Reconciling HiveMQ Platform 'test-hivemq-platform' in namespace 'helmcustomconfigit'
2025-01-29 22:15:42,678 INFO c.h.h.t.HelmChartContainer - [hivemq-test-hivemq-platform] [hivemq-platform-operator] [0c474f2e] 22:15:42.676 [ReconcilerExecutor-hivemq-controller-107] DEBUG c.h.p.o.HiveMQPlatformReconciler - [helmcust] Custom Resource Status STARTING - HiveMQ Platform is starting (READY)
2025-01-29 22:15:42,678 INFO c.h.h.t.HelmChartContainer - [hivemq-test-hivemq-platform] [hivemq-platform-operator] [0c474f2e] 22:15:42.676 [ReconcilerExecutor-hivemq-controller-107] DEBUG c.h.p.o.HiveMQPlatformReconciler - [helmcust] Custom Resource Spec (replicas: 2) (extensions: 1)
2025-01-29 22:15:42,680 INFO c.h.h.t.HelmChartContainer - [hivemq-test-hivemq-platform] [hivemq-platform-operator] [0c474f2e] 22:15:42.679 [ReconcilerExecutor-hivemq-controller-107] DEBUG c.h.p.o.HiveMQPlatformReconciler - [helmcust] StatefulSet Status (revision: test-hivemq-platform-6b448bcf6f, replicas: 1, available: 0, ready: 0, current: 1, updated: 1)
2025-01-29 22:15:42,680 INFO c.h.h.t.HelmChartContainer - [hivemq-test-hivemq-platform] [hivemq-platform-operator] [0c474f2e] 22:15:42.679 [ReconcilerExecutor-hivemq-controller-107] DEBUG c.h.p.o.HiveMQPlatformReconciler - [helmcust] StatefulSet Spec (replicas: 2, init containers: 1, containers: 1, volumes: 3)
2025-01-29 22:15:42,755 INFO c.h.h.t.HelmChartContainer - [hivemq-test-hivemq-platform] [hivemq-platform-operator] [0c474f2e] 22:15:42.754 [ReconcilerExecutor-hivemq-controller-107] DEBUG c.h.p.o.h.HiveMQPlatformReconcilerErrorHandler - [helmcust] Pod 'test-hivemq-platform-0' phase Running
2025-01-29 22:15:42,757 INFO c.h.h.t.HelmChartContainer - [hivemq-test-hivemq-platform] [hivemq-platform-operator] [0c474f2e] 22:15:42.756 [ReconcilerExecutor-hivemq-controller-107] INFO  c.h.p.o.h.HiveMQPlatformReconcilerBaseHandler - [helmcust] HiveMQ Platform is starting, 0 of 2 replicas are ready
2025-01-29 22:15:43,920 INFO c.h.h.t.HelmChartContainer - [test-hivemq-platform] [hivemq] [d7e1baa7] WARN  - [HiveMQ Platform Operator Init App 1.7.0-SNAPSHOT] Cannot connect to Health API for readiness: null
2025-01-29 22:15:43,940 INFO c.h.h.t.HelmChartContainer - [EVENT] Warning [Unhealthy] Readiness probe failed: HTTP probe failed with statuscode: 503 [helmcustomconfigit:test-hivemq-platform-0]
2025-01-29 22:15:43,941 INFO c.h.h.t.HelmChartContainer - Received Unhealthy event for container hivemq in pod test-hivemq-platform-0 [d7e1baa7-4761-48c4-8dd1-3cac604f2d82]
2025-01-29 22:15:45,628 INFO c.h.h.t.HelmChartContainer - [test-hivemq-platform] [hivemq] [d7e1baa7] Jan 29, 2025 10:15:45 PM io.vertx.core.impl.BlockedThreadChecker
2025-01-29 22:15:45,628 INFO c.h.h.t.HelmChartContainer - [test-hivemq-platform] [hivemq] [d7e1baa7] WARNING: Thread Thread[vert.x-eventloop-thread-1,5,main] has been blocked for 2000 ms, time limit is 2000 ms
2025-01-29 22:15:46,620 INFO c.h.h.t.HelmChartContainer - [test-hivemq-platform] [hivemq] [d7e1baa7] Jan 29, 2025 10:15:46 PM io.vertx.core.impl.BlockedThreadChecker
2025-01-29 22:15:46,620 INFO c.h.h.t.HelmChartContainer - [test-hivemq-platform] [hivemq] [d7e1baa7] WARNING: Thread Thread[vert.x-eventloop-thread-1,5,main] has been blocked for 3001 ms, time limit is 2000 ms
2025-01-29 22:15:46,636 INFO c.h.h.t.HelmChartContainer - [test-hivemq-platform] [hivemq] [d7e1baa7] INFO  - [HiveMQ Platform Operator Init App 1.7.0-SNAPSHOT] Updating Pod HiveMQ Platform Operator Init App version annotation (version: 1.7.0-SNAPSHOT)
2025-01-29 22:15:47,528 INFO c.h.h.t.HelmChartContainer - [POD] test-hivemq-platform-0 [d7e1baa7-4761-48c4-8dd1-3cac604f2d82] in helmcustomconfigit was MODIFIED
2025-01-29 22:15:47,536 INFO c.h.h.t.HelmChartContainer - [hivemq-test-hivemq-platform] [hivemq-platform-operator] [0c474f2e] 22:15:47.533 [pool-6-thread-16] DEBUG c.h.p.o.d.PlatformServiceResource - [helmcust] Desired Platform services (3 services)
2025-01-29 22:15:47,537 INFO c.h.h.t.HelmChartContainer - [hivemq-test-hivemq-platform] [hivemq-platform-operator] [0c474f2e] 22:15:47.536 [pool-6-thread-11] DEBUG c.h.p.o.dependants.PodInfoConfigMap - [helmcust] Desired PodInfo ConfigMap (1 extensions) (1 enabled)
2025-01-29 22:15:47,538 INFO c.h.h.t.HelmChartContainer - [hivemq-test-hivemq-platform] [hivemq-platform-operator] [0c474f2e] 22:15:47.538 [pool-6-thread-11] DEBUG c.h.p.o.dependants.PodInfoConfigMap - [helmcust] Desired PodInfo ConfigMap (metrics port: 9399) (metrics path: /)
2025-01-29 22:15:47,540 INFO c.h.h.t.HelmChartContainer - [hivemq-test-hivemq-platform] [hivemq-platform-operator] [0c474f2e] 22:15:47.539 [pool-6-thread-11] DEBUG c.h.p.o.dependants.PodInfoConfigMap - [helmcust] Desired PodInfo ConfigMap (extension state hash: -1817474005)
2025-01-29 22:15:47,542 INFO c.h.h.t.HelmChartContainer - [hivemq-test-hivemq-platform] [hivemq-platform-operator] [0c474f2e] 22:15:47.536 [pool-6-thread-14] DEBUG c.h.p.o.d.PodServiceAccountResource - [helmcust] Desired PodServiceAccountResource (serviceAccountName: hivemq-platform-pod-test-hivemq-platform)
2025-01-29 22:15:47,546 INFO c.h.h.t.HelmChartContainer - [hivemq-test-hivemq-platform] [hivemq-platform-operator] [0c474f2e] 22:15:47.545 [pool-6-thread-11] DEBUG c.h.p.o.d.StatefulSetResource - [helmcust] Desired StatefulSet (2 replicas) for status STARTING (READY)
2025-01-29 22:15:47,613 INFO c.h.h.t.HelmChartContainer - [hivemq-test-hivemq-platform] [hivemq-platform-operator] [0c474f2e] 22:15:47.611 [ReconcilerExecutor-hivemq-controller-108] INFO  c.h.p.o.HiveMQPlatformReconciler - [helmcust] Reconciling HiveMQ Platform 'test-hivemq-platform' in namespace 'helmcustomconfigit'
2025-01-29 22:15:47,613 INFO c.h.h.t.HelmChartContainer - [hivemq-test-hivemq-platform] [hivemq-platform-operator] [0c474f2e] 22:15:47.611 [ReconcilerExecutor-hivemq-controller-108] DEBUG c.h.p.o.HiveMQPlatformReconciler - [helmcust] Custom Resource Status STARTING - HiveMQ Platform is starting (READY)
2025-01-29 22:15:47,614 INFO c.h.h.t.HelmChartContainer - [hivemq-test-hivemq-platform] [hivemq-platform-operator] [0c474f2e] 22:15:47.611 [ReconcilerExecutor-hivemq-controller-108] DEBUG c.h.p.o.HiveMQPlatformReconciler - [helmcust] Custom Resource Spec (replicas: 2) (extensions: 1)
2025-01-29 22:15:47,618 INFO c.h.h.t.HelmChartContainer - [test-hivemq-platform] [hivemq] [d7e1baa7] WARN  - [HiveMQ Platform Operator Init App 1.7.0-SNAPSHOT] Cannot connect to Health API for readiness: null
2025-01-29 22:15:47,619 INFO c.h.h.t.HelmChartContainer - [hivemq-test-hivemq-platform] [hivemq-platform-operator] [0c474f2e] 22:15:47.618 [ReconcilerExecutor-hivemq-controller-108] DEBUG c.h.p.o.HiveMQPlatformReconciler - [helmcust] StatefulSet Status (revision: test-hivemq-platform-6b448bcf6f, replicas: 1, available: 0, ready: 0, current: 1, updated: 1)
2025-01-29 22:15:47,619 INFO c.h.h.t.HelmChartContainer - [hivemq-test-hivemq-platform] [hivemq-platform-operator] [0c474f2e] 22:15:47.618 [ReconcilerExecutor-hivemq-controller-108] DEBUG c.h.p.o.HiveMQPlatformReconciler - [helmcust] StatefulSet Spec (replicas: 2, init containers: 1, containers: 1, volumes: 3)
2025-01-29 22:15:47,620 INFO c.h.h.t.HelmChartContainer - [test-hivemq-platform] [hivemq] [d7e1baa7] INFO  - [HiveMQ Platform Operator Init App 1.7.0-SNAPSHOT] Successfully updated Pod HiveMQ Platform Operator Init App version annotation (version: 1.7.0-SNAPSHOT)
2025-01-29 22:15:47,627 INFO c.h.h.t.HelmChartContainer - [EVENT] Warning [Unhealthy] Readiness probe failed: HTTP probe failed with statuscode: 503 [helmcustomconfigit:test-hivemq-platform-0]
2025-01-29 22:15:47,627 INFO c.h.h.t.HelmChartContainer - Received Unhealthy event for container hivemq in pod test-hivemq-platform-0 [d7e1baa7-4761-48c4-8dd1-3cac604f2d82]
2025-01-29 22:15:47,630 INFO c.h.h.t.HelmChartContainer - [hivemq-test-hivemq-platform] [hivemq-platform-operator] [0c474f2e] 22:15:47.628 [ReconcilerExecutor-hivemq-controller-108] DEBUG c.h.p.o.h.HiveMQPlatformReconcilerErrorHandler - [helmcust] Pod 'test-hivemq-platform-0' phase Running
2025-01-29 22:15:47,631 INFO c.h.h.t.HelmChartContainer - [hivemq-test-hivemq-platform] [hivemq-platform-operator] [0c474f2e] 22:15:47.630 [ReconcilerExecutor-hivemq-controller-108] INFO  c.h.p.o.h.HiveMQPlatformReconcilerBaseHandler - [helmcust] HiveMQ Platform is starting, 0 of 2 replicas are ready
2025-01-29 22:15:52,538 INFO c.h.h.t.HelmChartContainer - [test-hivemq-platform] [hivemq] [d7e1baa7] WARN  - [HiveMQ Platform Operator Init App 1.7.0-SNAPSHOT] Cannot connect to Health API for readiness: null
2025-01-29 22:15:52,544 INFO c.h.h.t.HelmChartContainer - [EVENT] Warning [Unhealthy] Readiness probe failed: HTTP probe failed with statuscode: 503 [helmcustomconfigit:test-hivemq-platform-0]
2025-01-29 22:15:52,544 INFO c.h.h.t.HelmChartContainer - Received Unhealthy event for container hivemq in pod test-hivemq-platform-0 [d7e1baa7-4761-48c4-8dd1-3cac604f2d82]
2025-01-29 22:15:57,540 INFO c.h.h.t.HelmChartContainer - [test-hivemq-platform] [hivemq] [d7e1baa7] WARN  - [HiveMQ Platform Operator Init App 1.7.0-SNAPSHOT] Cannot connect to Health API for readiness: null
2025-01-29 22:15:57,544 INFO c.h.h.t.HelmChartContainer - [EVENT] Warning [Unhealthy] Readiness probe failed: HTTP probe failed with statuscode: 503 [helmcustomconfigit:test-hivemq-platform-0]
2025-01-29 22:15:57,545 INFO c.h.h.t.HelmChartContainer - Received Unhealthy event for container hivemq in pod test-hivemq-platform-0 [d7e1baa7-4761-48c4-8dd1-3cac604f2d82]
2025-01-29 22:15:57,583 INFO c.h.h.t.HelmChartContainer - [K3S] [INFO] COMPACT compactRev=0 targetCompactRev=2 currentRev=1152
2025-01-29 22:15:57,583 INFO c.h.h.t.HelmChartContainer - [K3S] [INFO] COMPACT deleted 0 rows from 2 revisions in 383.282µs - compacted to 2/1152
2025-01-29 22:15:57,583 INFO c.h.h.t.HelmChartContainer - [K3S] [INFO] COMPACT compacted from 0 to 2 in 1 transactions over 1ms
2025-01-29 22:15:57,639 INFO c.h.h.t.HelmChartContainer - [hivemq-test-hivemq-platform] [hivemq-platform-operator] [0c474f2e] 22:15:57.636 [pool-6-thread-26] DEBUG c.h.p.o.d.PlatformServiceResource - [helmcust] Desired Platform services (3 services)
2025-01-29 22:15:57,640 INFO c.h.h.t.HelmChartContainer - [hivemq-test-hivemq-platform] [hivemq-platform-operator] [0c474f2e] 22:15:57.637 [pool-6-thread-27] DEBUG c.h.p.o.dependants.PodInfoConfigMap - [helmcust] Desired PodInfo ConfigMap (1 extensions) (1 enabled)
2025-01-29 22:15:57,640 INFO c.h.h.t.HelmChartContainer - [hivemq-test-hivemq-platform] [hivemq-platform-operator] [0c474f2e] 22:15:57.637 [pool-6-thread-27] DEBUG c.h.p.o.dependants.PodInfoConfigMap - [helmcust] Desired PodInfo ConfigMap (metrics port: 9399) (metrics path: /)
2025-01-29 22:15:57,640 INFO c.h.h.t.HelmChartContainer - [hivemq-test-hivemq-platform] [hivemq-platform-operator] [0c474f2e] 22:15:57.637 [pool-6-thread-27] DEBUG c.h.p.o.dependants.PodInfoConfigMap - [helmcust] Desired PodInfo ConfigMap (extension state hash: -1817474005)
2025-01-29 22:15:57,641 INFO c.h.h.t.HelmChartContainer - [hivemq-test-hivemq-platform] [hivemq-platform-operator] [0c474f2e] 22:15:57.640 [pool-6-thread-25] DEBUG c.h.p.o.d.PodServiceAccountResource - [helmcust] Desired PodServiceAccountResource (serviceAccountName: hivemq-platform-pod-test-hivemq-platform)
2025-01-29 22:15:57,650 INFO c.h.h.t.HelmChartContainer - [hivemq-test-hivemq-platform] [hivemq-platform-operator] [0c474f2e] 22:15:57.649 [pool-6-thread-26] DEBUG c.h.p.o.d.StatefulSetResource - [helmcust] Desired StatefulSet (2 replicas) for status STARTING (READY)
2025-01-29 22:15:57,656 INFO c.h.h.t.HelmChartContainer - [hivemq-test-hivemq-platform] [hivemq-platform-operator] [0c474f2e] 22:15:57.655 [ReconcilerExecutor-hivemq-controller-109] INFO  c.h.p.o.HiveMQPlatformReconciler - [helmcust] Reconciling HiveMQ Platform 'test-hivemq-platform' in namespace 'helmcustomconfigit'
2025-01-29 22:15:57,656 INFO c.h.h.t.HelmChartContainer - [hivemq-test-hivemq-platform] [hivemq-platform-operator] [0c474f2e] 22:15:57.655 [ReconcilerExecutor-hivemq-controller-109] DEBUG c.h.p.o.HiveMQPlatformReconciler - [helmcust] Custom Resource Status STARTING - HiveMQ Platform is starting (READY)
2025-01-29 22:15:57,656 INFO c.h.h.t.HelmChartContainer - [hivemq-test-hivemq-platform] [hivemq-platform-operator] [0c474f2e] 22:15:57.655 [ReconcilerExecutor-hivemq-controller-109] DEBUG c.h.p.o.HiveMQPlatformReconciler - [helmcust] Custom Resource Spec (replicas: 2) (extensions: 1)
2025-01-29 22:15:57,718 INFO c.h.h.t.HelmChartContainer - [hivemq-test-hivemq-platform] [hivemq-platform-operator] [0c474f2e] 22:15:57.710 [ReconcilerExecutor-hivemq-controller-109] DEBUG c.h.p.o.HiveMQPlatformReconciler - [helmcust] StatefulSet Status (revision: test-hivemq-platform-6b448bcf6f, replicas: 1, available: 0, ready: 0, current: 1, updated: 1)
2025-01-29 22:15:57,718 INFO c.h.h.t.HelmChartContainer - [hivemq-test-hivemq-platform] [hivemq-platform-operator] [0c474f2e] 22:15:57.710 [ReconcilerExecutor-hivemq-controller-109] DEBUG c.h.p.o.HiveMQPlatformReconciler - [helmcust] StatefulSet Spec (replicas: 2, init containers: 1, containers: 1, volumes: 3)
2025-01-29 22:15:57,718 INFO c.h.h.t.HelmChartContainer - [hivemq-test-hivemq-platform] [hivemq-platform-operator] [0c474f2e] 22:15:57.711 [ReconcilerExecutor-hivemq-controller-109] DEBUG c.h.p.o.h.HiveMQPlatformReconcilerErrorHandler - [helmcust] Pod 'test-hivemq-platform-0' phase Running
2025-01-29 22:15:57,718 INFO c.h.h.t.HelmChartContainer - [hivemq-test-hivemq-platform] [hivemq-platform-operator] [0c474f2e] 22:15:57.713 [ReconcilerExecutor-hivemq-controller-109] INFO  c.h.p.o.h.HiveMQPlatformReconcilerBaseHandler - [helmcust] HiveMQ Platform is starting, 0 of 2 replicas are ready
2025-01-29 22:15:59,314 INFO c.h.h.t.HelmChartContainer - [test-hivemq-platform] [hivemq] [d7e1baa7] WARN  - [HiveMQ Platform Operator Init App 1.7.0-SNAPSHOT] Cannot connect to Health API for liveness: null
2025-01-29 22:15:59,314 INFO c.h.h.t.HelmChartContainer - [test-hivemq-platform] [hivemq] [d7e1baa7] INFO  - [HiveMQ Platform Operator Init App 1.7.0-SNAPSHOT] Returning default Health API response 200 for liveness
2025-01-29 22:15:59,560 INFO c.h.h.t.HelmChartContainer - [test-hivemq-platform] [hivemq] [d7e1baa7] INFO  - No valid license file found. Using trial license, restricted to 25 connections.
2025-01-29 22:16:01,088 INFO c.h.h.t.HelmChartContainer - [K3S] [info.go:53] Couldn't collect info from any of the files in "/etc/machine-id,/var/lib/dbus/machine-id"
2025-01-29 22:16:02,538 INFO c.h.h.t.HelmChartContainer - [test-hivemq-platform] [hivemq] [d7e1baa7] WARN  - [HiveMQ Platform Operator Init App 1.7.0-SNAPSHOT] Cannot connect to Health API for readiness: null
2025-01-29 22:16:02,544 INFO c.h.h.t.HelmChartContainer - [EVENT] Warning [Unhealthy] Readiness probe failed: HTTP probe failed with statuscode: 503 [helmcustomconfigit:test-hivemq-platform-0]
2025-01-29 22:16:02,544 INFO c.h.h.t.HelmChartContainer - Received Unhealthy event for container hivemq in pod test-hivemq-platform-0 [d7e1baa7-4761-48c4-8dd1-3cac604f2d82]
2025-01-29 22:16:04,014 INFO c.h.h.t.HelmChartContainer - [test-hivemq-platform] [hivemq] [d7e1baa7] INFO  - No valid license file for Data Hub found. Using free license, restricted to 1 policy.
2025-01-29 22:16:05,213 INFO c.h.h.t.HelmChartContainer - [test-hivemq-platform] [hivemq] [d7e1baa7] INFO  - Audit Logger started.
2025-01-29 22:16:05,546 INFO c.h.h.t.HelmChartContainer - [test-hivemq-platform] [hivemq] [d7e1baa7] INFO  - This node uses '1' CPU cores.
2025-01-29 22:16:05,611 INFO c.h.h.t.HelmChartContainer - [test-hivemq-platform] [hivemq] [d7e1baa7] INFO  - Starting HiveMQ Health API on address 0.0.0.0 and port 8889
2025-01-29 22:16:06,417 INFO c.h.h.t.HelmChartContainer - [test-hivemq-platform] [hivemq] [d7e1baa7] INFO  - Started HiveMQ Health API in 806ms
2025-01-29 22:16:06,953 INFO c.h.h.t.HelmChartContainer - [test-hivemq-platform] [hivemq] [d7e1baa7] INFO  - Starting HiveMQ extension system.
2025-01-29 22:16:07,239 INFO c.h.h.t.HelmChartContainer - [test-hivemq-platform] [hivemq] [d7e1baa7] INFO  - Starting extension with id "hivemq-dns-cluster-discovery" at /opt/hivemq/extensions/hivemq-dns-cluster-discovery
2025-01-29 22:16:07,723 INFO c.h.h.t.HelmChartContainer - [hivemq-test-hivemq-platform] [hivemq-platform-operator] [0c474f2e] 22:16:07.719 [pool-6-thread-37] DEBUG c.h.p.o.d.PlatformServiceResource - [helmcust] Desired Platform services (3 services)
2025-01-29 22:16:07,724 INFO c.h.h.t.HelmChartContainer - [hivemq-test-hivemq-platform] [hivemq-platform-operator] [0c474f2e] 22:16:07.720 [pool-6-thread-32] DEBUG c.h.p.o.dependants.PodInfoConfigMap - [helmcust] Desired PodInfo ConfigMap (1 extensions) (1 enabled)
2025-01-29 22:16:07,724 INFO c.h.h.t.HelmChartContainer - [hivemq-test-hivemq-platform] [hivemq-platform-operator] [0c474f2e] 22:16:07.720 [pool-6-thread-32] DEBUG c.h.p.o.dependants.PodInfoConfigMap - [helmcust] Desired PodInfo ConfigMap (metrics port: 9399) (metrics path: /)
2025-01-29 22:16:07,724 INFO c.h.h.t.HelmChartContainer - [hivemq-test-hivemq-platform] [hivemq-platform-operator] [0c474f2e] 22:16:07.720 [pool-6-thread-32] DEBUG c.h.p.o.dependants.PodInfoConfigMap - [helmcust] Desired PodInfo ConfigMap (extension state hash: -1817474005)
2025-01-29 22:16:07,724 INFO c.h.h.t.HelmChartContainer - [hivemq-test-hivemq-platform] [hivemq-platform-operator] [0c474f2e] 22:16:07.721 [pool-6-thread-35] DEBUG c.h.p.o.d.PodServiceAccountResource - [helmcust] Desired PodServiceAccountResource (serviceAccountName: hivemq-platform-pod-test-hivemq-platform)
2025-01-29 22:16:07,728 INFO c.h.h.t.HelmChartContainer - [hivemq-test-hivemq-platform] [hivemq-platform-operator] [0c474f2e] 22:16:07.727 [pool-6-thread-37] DEBUG c.h.p.o.d.StatefulSetResource - [helmcust] Desired StatefulSet (2 replicas) for status STARTING (READY)
2025-01-29 22:16:07,732 INFO c.h.h.t.HelmChartContainer - [hivemq-test-hivemq-platform] [hivemq-platform-operator] [0c474f2e] 22:16:07.731 [ReconcilerExecutor-hivemq-controller-110] INFO  c.h.p.o.HiveMQPlatformReconciler - [helmcust] Reconciling HiveMQ Platform 'test-hivemq-platform' in namespace 'helmcustomconfigit'
2025-01-29 22:16:07,733 INFO c.h.h.t.HelmChartContainer - [hivemq-test-hivemq-platform] [hivemq-platform-operator] [0c474f2e] 22:16:07.732 [ReconcilerExecutor-hivemq-controller-110] DEBUG c.h.p.o.HiveMQPlatformReconciler - [helmcust] Custom Resource Status STARTING - HiveMQ Platform is starting (READY)
2025-01-29 22:16:07,733 INFO c.h.h.t.HelmChartContainer - [hivemq-test-hivemq-platform] [hivemq-platform-operator] [0c474f2e] 22:16:07.732 [ReconcilerExecutor-hivemq-controller-110] DEBUG c.h.p.o.HiveMQPlatformReconciler - [helmcust] Custom Resource Spec (replicas: 2) (extensions: 1)
2025-01-29 22:16:07,734 INFO c.h.h.t.HelmChartContainer - [hivemq-test-hivemq-platform] [hivemq-platform-operator] [0c474f2e] 22:16:07.733 [ReconcilerExecutor-hivemq-controller-110] DEBUG c.h.p.o.HiveMQPlatformReconciler - [helmcust] StatefulSet Status (revision: test-hivemq-platform-6b448bcf6f, replicas: 1, available: 0, ready: 0, current: 1, updated: 1)
2025-01-29 22:16:07,734 INFO c.h.h.t.HelmChartContainer - [hivemq-test-hivemq-platform] [hivemq-platform-operator] [0c474f2e] 22:16:07.733 [ReconcilerExecutor-hivemq-controller-110] DEBUG c.h.p.o.HiveMQPlatformReconciler - [helmcust] StatefulSet Spec (replicas: 2, init containers: 1, containers: 1, volumes: 3)
2025-01-29 22:16:07,738 INFO c.h.h.t.HelmChartContainer - [hivemq-test-hivemq-platform] [hivemq-platform-operator] [0c474f2e] 22:16:07.734 [ReconcilerExecutor-hivemq-controller-110] DEBUG c.h.p.o.h.HiveMQPlatformReconcilerErrorHandler - [helmcust] Pod 'test-hivemq-platform-0' phase Running
2025-01-29 22:16:07,739 INFO c.h.h.t.HelmChartContainer - [hivemq-test-hivemq-platform] [hivemq-platform-operator] [0c474f2e] 22:16:07.735 [ReconcilerExecutor-hivemq-controller-110] INFO  c.h.p.o.h.HiveMQPlatformReconcilerBaseHandler - [helmcust] HiveMQ Platform is starting, 0 of 2 replicas are ready
2025-01-29 22:16:07,814 INFO c.h.h.t.HelmChartContainer - [test-hivemq-platform] [hivemq] [d7e1baa7] INFO  - Extension "DNS Cluster Discovery Extension" version 4.3.2 started successfully.
2025-01-29 22:16:07,814 INFO c.h.h.t.HelmChartContainer - [test-hivemq-platform] [hivemq] [d7e1baa7] INFO  - Using TCP cluster transport on address 10.42.0.11 and port 7000
2025-01-29 22:16:07,816 INFO c.h.h.t.HelmChartContainer - [test-hivemq-platform] [hivemq] [d7e1baa7] INFO  - Starting extension with id "hivemq-prometheus-extension" at /opt/hivemq/extensions/hivemq-prometheus-extension
2025-01-29 22:16:08,013 INFO c.h.h.t.HelmChartContainer - [test-hivemq-platform] [hivemq] [d7e1baa7] INFO  - Using extension cluster discovery
2025-01-29 22:16:08,573 INFO c.h.h.t.HelmChartContainer - [EVENT] Warning [Unhealthy] Readiness probe failed: Get "http://10.42.0.11:7979/readiness": context deadline exceeded (Client.Timeout exceeded while awaiting headers) [helmcustomconfigit:test-hivemq-platform-0]
2025-01-29 22:16:08,573 INFO c.h.h.t.HelmChartContainer - Received Unhealthy event for container hivemq in pod test-hivemq-platform-0 [d7e1baa7-4761-48c4-8dd1-3cac604f2d82]
2025-01-29 22:16:09,241 INFO c.h.h.t.HelmChartContainer - [test-hivemq-platform] [hivemq] [d7e1baa7] INFO  - [HiveMQ Platform Operator Init App 1.7.0-SNAPSHOT] Returning Health API response 503 for readiness
2025-01-29 22:16:09,242 INFO c.h.h.t.HelmChartContainer - [test-hivemq-platform] [hivemq] [d7e1baa7] INFO  - Started Jetty Server exposing Prometheus Servlet on URI http://0.0.0.0:9399/
2025-01-29 22:16:09,243 INFO c.h.h.t.HelmChartContainer - [test-hivemq-platform] [hivemq] [d7e1baa7] INFO  - Extension "Prometheus Monitoring Extension" version 4.0.12 started successfully.
2025-01-29 22:16:09,243 INFO c.h.h.t.HelmChartContainer - [test-hivemq-platform] [hivemq] [d7e1baa7] INFO  - Starting extension with id "hivemq-allow-all-extension" at /opt/hivemq/extensions/hivemq-allow-all-extension
2025-01-29 22:16:09,243 INFO c.h.h.t.HelmChartContainer - [test-hivemq-platform] [hivemq] [d7e1baa7] WARN  - 
2025-01-29 22:16:09,243 INFO c.h.h.t.HelmChartContainer - [test-hivemq-platform] [hivemq] [d7e1baa7] ################################################################################################################
2025-01-29 22:16:09,244 INFO c.h.h.t.HelmChartContainer - [test-hivemq-platform] [hivemq] [d7e1baa7] # This HiveMQ deployment is not secure! You are lacking Authentication and Authorization.                      #
2025-01-29 22:16:09,244 INFO c.h.h.t.HelmChartContainer - [test-hivemq-platform] [hivemq] [d7e1baa7] # Right now any MQTT client can connect to the broker with a full set of permissions.                          #
2025-01-29 22:16:09,244 INFO c.h.h.t.HelmChartContainer - [test-hivemq-platform] [hivemq] [d7e1baa7] # For production usage, add an appropriate security extension and remove the hivemq-allow-all extension.       #
2025-01-29 22:16:09,244 INFO c.h.h.t.HelmChartContainer - [test-hivemq-platform] [hivemq] [d7e1baa7] # You can download security extensions from the HiveMQ Marketplace (https://www.hivemq.com/extensions/).       #
2025-01-29 22:16:09,244 INFO c.h.h.t.HelmChartContainer - [test-hivemq-platform] [hivemq] [d7e1baa7] ################################################################################################################
2025-01-29 22:16:09,244 INFO c.h.h.t.HelmChartContainer - [test-hivemq-platform] [hivemq] [d7e1baa7] INFO  - Extension "Allow All Extension" version 1.1.1 started successfully.
2025-01-29 22:16:11,240 INFO c.h.h.t.HelmChartContainer - [test-hivemq-platform] [hivemq] [d7e1baa7] INFO  - 3KPQY: no members discovered after 2501 ms: creating cluster as first member
2025-01-29 22:16:11,246 INFO c.h.h.t.HelmChartContainer - [test-hivemq-platform] [hivemq] [d7e1baa7] INFO  - Cluster nodes found by discovery: [3KPQY|0] (1) [3KPQY].
2025-01-29 22:16:11,339 INFO c.h.h.t.HelmChartContainer - [test-hivemq-platform] [hivemq] [d7e1baa7] WARN  - No user for HiveMQ Control Center configured. Starting with default user
2025-01-29 22:16:11,340 INFO c.h.h.t.HelmChartContainer - [test-hivemq-platform] [hivemq] [d7e1baa7] INFO  - Starting HiveMQ Control Center on address 0.0.0.0 and port 8080
2025-01-29 22:16:11,346 INFO c.h.h.t.HelmChartContainer - [test-hivemq-platform] [hivemq] [d7e1baa7] INFO  - Mounting HiveMQ Control Center V2 Preview
2025-01-29 22:16:11,940 INFO c.h.h.t.HelmChartContainer - [test-hivemq-platform] [hivemq] [d7e1baa7] INFO  - Started HiveMQ Control Center in 601ms
2025-01-29 22:16:11,954 INFO c.h.h.t.HelmChartContainer - [test-hivemq-platform] [hivemq] [d7e1baa7] INFO  - Starting TCP listener on address 0.0.0.0 and port 1883
2025-01-29 22:16:12,036 INFO c.h.h.t.HelmChartContainer - [test-hivemq-platform] [hivemq] [d7e1baa7] INFO  - Started TCP Listener on address 0.0.0.0 and on port 1883.
2025-01-29 22:16:12,036 INFO c.h.h.t.HelmChartContainer - [test-hivemq-platform] [hivemq] [d7e1baa7] INFO  - Started HiveMQ in 32117ms
2025-01-29 22:16:12,535 INFO c.h.h.t.HelmChartContainer - [test-hivemq-platform] [hivemq] [d7e1baa7] INFO  - [HiveMQ Platform Operator Init App 1.7.0-SNAPSHOT] Returning Health API response 200 for readiness
2025-01-29 22:16:12,547 INFO c.h.h.t.HelmChartContainer - [POD] test-hivemq-platform-0 [d7e1baa7-4761-48c4-8dd1-3cac604f2d82] in helmcustomconfigit was MODIFIED
2025-01-29 22:16:12,557 INFO c.h.h.t.HelmChartContainer - [hivemq-test-hivemq-platform] [hivemq-platform-operator] [0c474f2e] 22:16:12.552 [pool-6-thread-44] DEBUG c.h.p.o.d.PlatformServiceResource - [helmcust] Desired Platform services (3 services)
2025-01-29 22:16:12,562 INFO c.h.h.t.HelmChartContainer - [hivemq-test-hivemq-platform] [hivemq-platform-operator] [0c474f2e] 22:16:12.556 [pool-6-thread-47] DEBUG c.h.p.o.d.PodServiceAccountResource - [helmcust] Desired PodServiceAccountResource (serviceAccountName: hivemq-platform-pod-test-hivemq-platform)
2025-01-29 22:16:12,566 INFO c.h.h.t.HelmChartContainer - [hivemq-test-hivemq-platform] [hivemq-platform-operator] [0c474f2e] 22:16:12.559 [pool-6-thread-43] DEBUG c.h.p.o.dependants.PodInfoConfigMap - [helmcust] Desired PodInfo ConfigMap (1 extensions) (1 enabled)
2025-01-29 22:16:12,566 INFO c.h.h.t.HelmChartContainer - [hivemq-test-hivemq-platform] [hivemq-platform-operator] [0c474f2e] 22:16:12.561 [pool-6-thread-43] DEBUG c.h.p.o.dependants.PodInfoConfigMap - [helmcust] Desired PodInfo ConfigMap (metrics port: 9399) (metrics path: /)
2025-01-29 22:16:12,566 INFO c.h.h.t.HelmChartContainer - [hivemq-test-hivemq-platform] [hivemq-platform-operator] [0c474f2e] 22:16:12.561 [pool-6-thread-43] DEBUG c.h.p.o.dependants.PodInfoConfigMap - [helmcust] Desired PodInfo ConfigMap (extension state hash: -1817474005)
2025-01-29 22:16:12,568 INFO c.h.h.t.HelmChartContainer - [POD] test-hivemq-platform-1 [96735de9-1879-4621-83bd-0487863153fb] in helmcustomconfigit was ADDED
2025-01-29 22:16:12,577 INFO c.h.h.t.HelmChartContainer - [POD] test-hivemq-platform-1 [96735de9-1879-4621-83bd-0487863153fb] in helmcustomconfigit was MODIFIED
2025-01-29 22:16:12,582 INFO c.h.h.t.HelmChartContainer - [EVENT] Normal [SuccessfulCreate] create Pod test-hivemq-platform-1 in StatefulSet test-hivemq-platform successful [helmcustomconfigit:test-hivemq-platform]
2025-01-29 22:16:12,585 INFO c.h.h.t.HelmChartContainer - [EVENT] Normal [Scheduled] Successfully assigned helmcustomconfigit/test-hivemq-platform-1 to 6c7c6f7dc8ee [helmcustomconfigit:test-hivemq-platform-1]
2025-01-29 22:16:12,592 INFO c.h.h.t.HelmChartContainer - [POD] test-hivemq-platform-1 [96735de9-1879-4621-83bd-0487863153fb] in helmcustomconfigit was MODIFIED
2025-01-29 22:16:12,596 INFO c.h.h.t.HelmChartContainer - [K3S] [reconciler_common.go:251] "operationExecutor.VerifyControllerAttachedVolume started for volume \"kube-api-access-2c8bc\" (UniqueName: \"kubernetes.io/projected/96735de9-1879-4621-83bd-0487863153fb-kube-api-access-2c8bc\") pod \"test-hivemq-platform-1\" (UID: \"96735de9-1879-4621-83bd-0487863153fb\") " pod="helmcustomconfigit/test-hivemq-platform-1"
2025-01-29 22:16:12,596 INFO c.h.h.t.HelmChartContainer - [K3S] [reconciler_common.go:251] "operationExecutor.VerifyControllerAttachedVolume started for volume \"broker-configuration\" (UniqueName: \"kubernetes.io/configmap/96735de9-1879-4621-83bd-0487863153fb-broker-configuration\") pod \"test-hivemq-platform-1\" (UID: \"96735de9-1879-4621-83bd-0487863153fb\") " pod="helmcustomconfigit/test-hivemq-platform-1"
2025-01-29 22:16:12,596 INFO c.h.h.t.HelmChartContainer - [K3S] [reconciler_common.go:251] "operationExecutor.VerifyControllerAttachedVolume started for volume \"pod-info\" (UniqueName: \"kubernetes.io/configmap/96735de9-1879-4621-83bd-0487863153fb-pod-info\") pod \"test-hivemq-platform-1\" (UID: \"96735de9-1879-4621-83bd-0487863153fb\") " pod="helmcustomconfigit/test-hivemq-platform-1"
2025-01-29 22:16:12,596 INFO c.h.h.t.HelmChartContainer - [K3S] [reconciler_common.go:251] "operationExecutor.VerifyControllerAttachedVolume started for volume \"operator-init\" (UniqueName: \"kubernetes.io/empty-dir/96735de9-1879-4621-83bd-0487863153fb-operator-init\") pod \"test-hivemq-platform-1\" (UID: \"96735de9-1879-4621-83bd-0487863153fb\") " pod="helmcustomconfigit/test-hivemq-platform-1"
2025-01-29 22:16:12,657 INFO c.h.h.t.HelmChartContainer - [hivemq-test-hivemq-platform] [hivemq-platform-operator] [0c474f2e] 22:16:12.656 [pool-6-thread-43] DEBUG c.h.p.o.d.StatefulSetResource - [helmcust] Desired StatefulSet (2 replicas) for status STARTING (READY)
2025-01-29 22:16:12,713 INFO c.h.h.t.HelmChartContainer - [hivemq-test-hivemq-platform] [hivemq-platform-operator] [0c474f2e] 22:16:12.711 [ReconcilerExecutor-hivemq-controller-111] INFO  c.h.p.o.HiveMQPlatformReconciler - [helmcust] Reconciling HiveMQ Platform 'test-hivemq-platform' in namespace 'helmcustomconfigit'
2025-01-29 22:16:12,713 INFO c.h.h.t.HelmChartContainer - [hivemq-test-hivemq-platform] [hivemq-platform-operator] [0c474f2e] 22:16:12.712 [ReconcilerExecutor-hivemq-controller-111] DEBUG c.h.p.o.HiveMQPlatformReconciler - [helmcust] Custom Resource Status STARTING - HiveMQ Platform is starting (READY)
2025-01-29 22:16:12,713 INFO c.h.h.t.HelmChartContainer - [hivemq-test-hivemq-platform] [hivemq-platform-operator] [0c474f2e] 22:16:12.712 [ReconcilerExecutor-hivemq-controller-111] DEBUG c.h.p.o.HiveMQPlatformReconciler - [helmcust] Custom Resource Spec (replicas: 2) (extensions: 1)
2025-01-29 22:16:12,715 INFO c.h.h.t.HelmChartContainer - [hivemq-test-hivemq-platform] [hivemq-platform-operator] [0c474f2e] 22:16:12.714 [ReconcilerExecutor-hivemq-controller-111] DEBUG c.h.p.o.HiveMQPlatformReconciler - [helmcust] StatefulSet Status (revision: test-hivemq-platform-6b448bcf6f, replicas: 2, available: 1, ready: 1, current: 2, updated: 2)
2025-01-29 22:16:12,715 INFO c.h.h.t.HelmChartContainer - [hivemq-test-hivemq-platform] [hivemq-platform-operator] [0c474f2e] 22:16:12.714 [ReconcilerExecutor-hivemq-controller-111] DEBUG c.h.p.o.HiveMQPlatformReconciler - [helmcust] StatefulSet Spec (replicas: 2, init containers: 1, containers: 1, volumes: 3)
2025-01-29 22:16:12,716 INFO c.h.h.t.HelmChartContainer - [hivemq-test-hivemq-platform] [hivemq-platform-operator] [0c474f2e] 22:16:12.715 [ReconcilerExecutor-hivemq-controller-111] DEBUG c.h.p.o.h.HiveMQPlatformReconcilerErrorHandler - [helmcust] Pod 'test-hivemq-platform-1' phase Pending
2025-01-29 22:16:12,717 INFO c.h.h.t.HelmChartContainer - [hivemq-test-hivemq-platform] [hivemq-platform-operator] [0c474f2e] 22:16:12.715 [ReconcilerExecutor-hivemq-controller-111] DEBUG c.h.p.o.h.HiveMQPlatformReconcilerErrorHandler - [helmcust] Pod 'test-hivemq-platform-1' condition 'PodReadyToStartContainers': False
2025-01-29 22:16:12,717 INFO c.h.h.t.HelmChartContainer - [hivemq-test-hivemq-platform] [hivemq-platform-operator] [0c474f2e] 22:16:12.715 [ReconcilerExecutor-hivemq-controller-111] DEBUG c.h.p.o.h.HiveMQPlatformReconcilerErrorHandler - [helmcust] Pod 'test-hivemq-platform-1' condition 'Initialized': False
2025-01-29 22:16:12,717 INFO c.h.h.t.HelmChartContainer - [hivemq-test-hivemq-platform] [hivemq-platform-operator] [0c474f2e] 22:16:12.715 [ReconcilerExecutor-hivemq-controller-111] DEBUG c.h.p.o.h.HiveMQPlatformReconcilerErrorHandler - [helmcust] Pod 'test-hivemq-platform-1' condition 'Ready': False
2025-01-29 22:16:12,717 INFO c.h.h.t.HelmChartContainer - [hivemq-test-hivemq-platform] [hivemq-platform-operator] [0c474f2e] 22:16:12.715 [ReconcilerExecutor-hivemq-controller-111] DEBUG c.h.p.o.h.HiveMQPlatformReconcilerErrorHandler - [helmcust] Pod 'test-hivemq-platform-1' condition 'ContainersReady': False
2025-01-29 22:16:12,717 INFO c.h.h.t.HelmChartContainer - [hivemq-test-hivemq-platform] [hivemq-platform-operator] [0c474f2e] 22:16:12.716 [ReconcilerExecutor-hivemq-controller-111] DEBUG c.h.p.o.h.HiveMQPlatformReconcilerErrorHandler - [helmcust] Pod 'test-hivemq-platform-1' condition 'PodScheduled': True
2025-01-29 22:16:12,717 INFO c.h.h.t.HelmChartContainer - [hivemq-test-hivemq-platform] [hivemq-platform-operator] [0c474f2e] 22:16:12.716 [ReconcilerExecutor-hivemq-controller-111] DEBUG c.h.p.o.h.HiveMQPlatformReconcilerErrorHandler - [helmcust] Pod 'test-hivemq-platform-1' containerStatus 'hivemq' (started: false) (ready: false) (waiting: [PodInitializing] null)
2025-01-29 22:16:12,717 INFO c.h.h.t.HelmChartContainer - [hivemq-test-hivemq-platform] [hivemq-platform-operator] [0c474f2e] 22:16:12.717 [ReconcilerExecutor-hivemq-controller-111] DEBUG c.h.p.o.h.HiveMQPlatformReconcilerErrorHandler - [helmcust] Pod 'test-hivemq-platform-0' phase Running
2025-01-29 22:16:12,757 INFO c.h.h.t.HelmChartContainer - [hivemq-test-hivemq-platform] [hivemq-platform-operator] [0c474f2e] 22:16:12.753 [ReconcilerExecutor-hivemq-controller-111] INFO  c.h.p.o.h.HiveMQPlatformReconcilerBaseHandler - [helmcust] HiveMQ Platform is starting, 1 of 2 replicas are ready
2025-01-29 22:16:12,760 INFO c.h.h.t.HelmChartContainer - [hivemq-test-hivemq-platform] [hivemq-platform-operator] [0c474f2e] 22:16:12.758 [pool-6-thread-6] DEBUG c.h.p.o.d.PlatformServiceResource - [helmcust] Desired Platform services (3 services)
2025-01-29 22:16:12,761 INFO c.h.h.t.HelmChartContainer - [hivemq-test-hivemq-platform] [hivemq-platform-operator] [0c474f2e] 22:16:12.760 [pool-6-thread-2] DEBUG c.h.p.o.d.PodServiceAccountResource - [helmcust] Desired PodServiceAccountResource (serviceAccountName: hivemq-platform-pod-test-hivemq-platform)
2025-01-29 22:16:12,764 INFO c.h.h.t.HelmChartContainer - [hivemq-test-hivemq-platform] [hivemq-platform-operator] [0c474f2e] 22:16:12.763 [pool-6-thread-1] DEBUG c.h.p.o.dependants.PodInfoConfigMap - [helmcust] Desired PodInfo ConfigMap (1 extensions) (1 enabled)
2025-01-29 22:16:12,766 INFO c.h.h.t.HelmChartContainer - [hivemq-test-hivemq-platform] [hivemq-platform-operator] [0c474f2e] 22:16:12.764 [pool-6-thread-1] DEBUG c.h.p.o.dependants.PodInfoConfigMap - [helmcust] Desired PodInfo ConfigMap (metrics port: 9399) (metrics path: /)
2025-01-29 22:16:12,766 INFO c.h.h.t.HelmChartContainer - [hivemq-test-hivemq-platform] [hivemq-platform-operator] [0c474f2e] 22:16:12.765 [pool-6-thread-1] DEBUG c.h.p.o.dependants.PodInfoConfigMap - [helmcust] Desired PodInfo ConfigMap (extension state hash: -1817474005)
2025-01-29 22:16:12,811 INFO c.h.h.t.HelmChartContainer - [hivemq-test-hivemq-platform] [hivemq-platform-operator] [0c474f2e] 22:16:12.810 [pool-6-thread-1] DEBUG c.h.p.o.d.StatefulSetResource - [helmcust] Desired StatefulSet (2 replicas) for status STARTING (READY)
2025-01-29 22:16:12,856 INFO c.h.h.t.HelmChartContainer - [hivemq-test-hivemq-platform] [hivemq-platform-operator] [0c474f2e] 22:16:12.853 [ReconcilerExecutor-hivemq-controller-112] INFO  c.h.p.o.HiveMQPlatformReconciler - [helmcust] Reconciling HiveMQ Platform 'test-hivemq-platform' in namespace 'helmcustomconfigit'
2025-01-29 22:16:12,856 INFO c.h.h.t.HelmChartContainer - [hivemq-test-hivemq-platform] [hivemq-platform-operator] [0c474f2e] 22:16:12.853 [ReconcilerExecutor-hivemq-controller-112] DEBUG c.h.p.o.HiveMQPlatformReconciler - [helmcust] Custom Resource Status STARTING - HiveMQ Platform is starting (READY)
2025-01-29 22:16:12,856 INFO c.h.h.t.HelmChartContainer - [hivemq-test-hivemq-platform] [hivemq-platform-operator] [0c474f2e] 22:16:12.853 [ReconcilerExecutor-hivemq-controller-112] DEBUG c.h.p.o.HiveMQPlatformReconciler - [helmcust] Custom Resource Spec (replicas: 2) (extensions: 1)
2025-01-29 22:16:12,856 INFO c.h.h.t.HelmChartContainer - [hivemq-test-hivemq-platform] [hivemq-platform-operator] [0c474f2e] 22:16:12.855 [ReconcilerExecutor-hivemq-controller-112] DEBUG c.h.p.o.HiveMQPlatformReconciler - [helmcust] StatefulSet Status (revision: test-hivemq-platform-6b448bcf6f, replicas: 2, available: 1, ready: 1, current: 2, updated: 2)
2025-01-29 22:16:12,856 INFO c.h.h.t.HelmChartContainer - [hivemq-test-hivemq-platform] [hivemq-platform-operator] [0c474f2e] 22:16:12.855 [ReconcilerExecutor-hivemq-controller-112] DEBUG c.h.p.o.HiveMQPlatformReconciler - [helmcust] StatefulSet Spec (replicas: 2, init containers: 1, containers: 1, volumes: 3)
2025-01-29 22:16:12,857 INFO c.h.h.t.HelmChartContainer - [hivemq-test-hivemq-platform] [hivemq-platform-operator] [0c474f2e] 22:16:12.856 [ReconcilerExecutor-hivemq-controller-112] DEBUG c.h.p.o.h.HiveMQPlatformReconcilerErrorHandler - [helmcust] Pod 'test-hivemq-platform-1' phase Pending
2025-01-29 22:16:12,858 INFO c.h.h.t.HelmChartContainer - [hivemq-test-hivemq-platform] [hivemq-platform-operator] [0c474f2e] 22:16:12.857 [ReconcilerExecutor-hivemq-controller-112] DEBUG c.h.p.o.h.HiveMQPlatformReconcilerErrorHandler - [helmcust] Pod 'test-hivemq-platform-1' condition 'PodReadyToStartContainers': False
2025-01-29 22:16:12,858 INFO c.h.h.t.HelmChartContainer - [hivemq-test-hivemq-platform] [hivemq-platform-operator] [0c474f2e] 22:16:12.857 [ReconcilerExecutor-hivemq-controller-112] DEBUG c.h.p.o.h.HiveMQPlatformReconcilerErrorHandler - [helmcust] Pod 'test-hivemq-platform-1' condition 'Initialized': False
2025-01-29 22:16:12,858 INFO c.h.h.t.HelmChartContainer - [hivemq-test-hivemq-platform] [hivemq-platform-operator] [0c474f2e] 22:16:12.857 [ReconcilerExecutor-hivemq-controller-112] DEBUG c.h.p.o.h.HiveMQPlatformReconcilerErrorHandler - [helmcust] Pod 'test-hivemq-platform-1' condition 'Ready': False
2025-01-29 22:16:12,858 INFO c.h.h.t.HelmChartContainer - [hivemq-test-hivemq-platform] [hivemq-platform-operator] [0c474f2e] 22:16:12.857 [ReconcilerExecutor-hivemq-controller-112] DEBUG c.h.p.o.h.HiveMQPlatformReconcilerErrorHandler - [helmcust] Pod 'test-hivemq-platform-1' condition 'ContainersReady': False
2025-01-29 22:16:12,858 INFO c.h.h.t.HelmChartContainer - [hivemq-test-hivemq-platform] [hivemq-platform-operator] [0c474f2e] 22:16:12.857 [ReconcilerExecutor-hivemq-controller-112] DEBUG c.h.p.o.h.HiveMQPlatformReconcilerErrorHandler - [helmcust] Pod 'test-hivemq-platform-1' condition 'PodScheduled': True
2025-01-29 22:16:12,858 INFO c.h.h.t.HelmChartContainer - [hivemq-test-hivemq-platform] [hivemq-platform-operator] [0c474f2e] 22:16:12.857 [ReconcilerExecutor-hivemq-controller-112] DEBUG c.h.p.o.h.HiveMQPlatformReconcilerErrorHandler - [helmcust] Pod 'test-hivemq-platform-1' containerStatus 'hivemq' (started: false) (ready: false) (waiting: [PodInitializing] null)
2025-01-29 22:16:12,859 INFO c.h.h.t.HelmChartContainer - [hivemq-test-hivemq-platform] [hivemq-platform-operator] [0c474f2e] 22:16:12.858 [ReconcilerExecutor-hivemq-controller-112] DEBUG c.h.p.o.h.HiveMQPlatformReconcilerErrorHandler - [helmcust] Pod 'test-hivemq-platform-0' phase Running
2025-01-29 22:16:12,860 INFO c.h.h.t.HelmChartContainer - [hivemq-test-hivemq-platform] [hivemq-platform-operator] [0c474f2e] 22:16:12.858 [ReconcilerExecutor-hivemq-controller-112] INFO  c.h.p.o.h.HiveMQPlatformReconcilerBaseHandler - [helmcust] HiveMQ Platform is starting, 1 of 2 replicas are ready
2025-01-29 22:16:12,975 INFO c.h.h.t.HelmChartContainer - [EVENT] Normal [Pulled] Container image "docker.io/hivemq/hivemq-platform-operator-init-test:snapshot" already present on machine [helmcustomconfigit:test-hivemq-platform-1]
2025-01-29 22:16:12,980 INFO c.h.h.t.HelmChartContainer - [EVENT] Normal [Created] Created container: hivemq-platform-operator-init [helmcustomconfigit:test-hivemq-platform-1]
2025-01-29 22:16:13,018 INFO c.h.h.t.HelmChartContainer - [EVENT] Normal [Started] Started container hivemq-platform-operator-init [helmcustomconfigit:test-hivemq-platform-1]
2025-01-29 22:16:13,595 INFO c.h.h.t.HelmChartContainer - [EVENT] Normal [Pulled] Container image "docker.io/hivemq/hivemq4:4.36.0" already present on machine [helmcustomconfigit:test-hivemq-platform-1]
2025-01-29 22:16:13,596 INFO c.h.h.t.HelmChartContainer - Received Pulled event for container hivemq in pod test-hivemq-platform-1 [96735de9-1879-4621-83bd-0487863153fb]
2025-01-29 22:16:13,604 INFO c.h.h.t.HelmChartContainer - [POD] test-hivemq-platform-1 [96735de9-1879-4621-83bd-0487863153fb] in helmcustomconfigit was MODIFIED
2025-01-29 22:16:13,627 INFO c.h.h.t.HelmChartContainer - [EVENT] Normal [Created] Created container: hivemq [helmcustomconfigit:test-hivemq-platform-1]
2025-01-29 22:16:13,628 INFO c.h.h.t.HelmChartContainer - Received Created event for container hivemq in pod test-hivemq-platform-1 [96735de9-1879-4621-83bd-0487863153fb]
2025-01-29 22:16:13,630 INFO c.h.h.t.HelmChartContainer - [hivemq-test-hivemq-platform] [hivemq-platform-operator] [0c474f2e] 22:16:13.614 [pool-6-thread-19] DEBUG c.h.p.o.d.PlatformServiceResource - [helmcust] Desired Platform services (3 services)
2025-01-29 22:16:13,630 INFO c.h.h.t.HelmChartContainer - [hivemq-test-hivemq-platform] [hivemq-platform-operator] [0c474f2e] 22:16:13.616 [pool-6-thread-15] DEBUG c.h.p.o.dependants.PodInfoConfigMap - [helmcust] Desired PodInfo ConfigMap (1 extensions) (1 enabled)
2025-01-29 22:16:13,633 INFO c.h.h.t.HelmChartContainer - [hivemq-test-hivemq-platform] [hivemq-platform-operator] [0c474f2e] 22:16:13.620 [pool-6-thread-15] DEBUG c.h.p.o.dependants.PodInfoConfigMap - [helmcust] Desired PodInfo ConfigMap (metrics port: 9399) (metrics path: /)
2025-01-29 22:16:13,633 INFO c.h.h.t.HelmChartContainer - [hivemq-test-hivemq-platform] [hivemq-platform-operator] [0c474f2e] 22:16:13.620 [pool-6-thread-15] DEBUG c.h.p.o.dependants.PodInfoConfigMap - [helmcust] Desired PodInfo ConfigMap (extension state hash: -1817474005)
2025-01-29 22:16:13,633 INFO c.h.h.t.HelmChartContainer - [hivemq-test-hivemq-platform] [hivemq-platform-operator] [0c474f2e] 22:16:13.618 [pool-6-thread-13] DEBUG c.h.p.o.d.PodServiceAccountResource - [helmcust] Desired PodServiceAccountResource (serviceAccountName: hivemq-platform-pod-test-hivemq-platform)
2025-01-29 22:16:13,640 INFO c.h.h.t.HelmChartContainer - [hivemq-test-hivemq-platform] [hivemq-platform-operator] [0c474f2e] 22:16:13.635 [pool-6-thread-19] DEBUG c.h.p.o.d.StatefulSetResource - [helmcust] Desired StatefulSet (2 replicas) for status STARTING (READY)
2025-01-29 22:16:13,712 INFO c.h.h.t.HelmChartContainer - [hivemq-test-hivemq-platform] [hivemq-platform-operator] [0c474f2e] 22:16:13.710 [ReconcilerExecutor-hivemq-controller-113] INFO  c.h.p.o.HiveMQPlatformReconciler - [helmcust] Reconciling HiveMQ Platform 'test-hivemq-platform' in namespace 'helmcustomconfigit'
2025-01-29 22:16:13,713 INFO c.h.h.t.HelmChartContainer - [hivemq-test-hivemq-platform] [hivemq-platform-operator] [0c474f2e] 22:16:13.710 [ReconcilerExecutor-hivemq-controller-113] DEBUG c.h.p.o.HiveMQPlatformReconciler - [helmcust] Custom Resource Status STARTING - HiveMQ Platform is starting (READY)
2025-01-29 22:16:13,713 INFO c.h.h.t.HelmChartContainer - [hivemq-test-hivemq-platform] [hivemq-platform-operator] [0c474f2e] 22:16:13.711 [ReconcilerExecutor-hivemq-controller-113] DEBUG c.h.p.o.HiveMQPlatformReconciler - [helmcust] Custom Resource Spec (replicas: 2) (extensions: 1)
2025-01-29 22:16:13,715 INFO c.h.h.t.HelmChartContainer - [hivemq-test-hivemq-platform] [hivemq-platform-operator] [0c474f2e] 22:16:13.714 [ReconcilerExecutor-hivemq-controller-113] DEBUG c.h.p.o.HiveMQPlatformReconciler - [helmcust] StatefulSet Status (revision: test-hivemq-platform-6b448bcf6f, replicas: 2, available: 1, ready: 1, current: 2, updated: 2)
2025-01-29 22:16:13,716 INFO c.h.h.t.HelmChartContainer - [hivemq-test-hivemq-platform] [hivemq-platform-operator] [0c474f2e] 22:16:13.715 [ReconcilerExecutor-hivemq-controller-113] DEBUG c.h.p.o.HiveMQPlatformReconciler - [helmcust] StatefulSet Spec (replicas: 2, init containers: 1, containers: 1, volumes: 3)
2025-01-29 22:16:13,721 INFO c.h.h.t.HelmChartContainer - [hivemq-test-hivemq-platform] [hivemq-platform-operator] [0c474f2e] 22:16:13.719 [ReconcilerExecutor-hivemq-controller-113] DEBUG c.h.p.o.h.HiveMQPlatformReconcilerErrorHandler - [helmcust] Pod 'test-hivemq-platform-1' phase Pending
2025-01-29 22:16:13,721 INFO c.h.h.t.HelmChartContainer - [hivemq-test-hivemq-platform] [hivemq-platform-operator] [0c474f2e] 22:16:13.719 [ReconcilerExecutor-hivemq-controller-113] DEBUG c.h.p.o.h.HiveMQPlatformReconcilerErrorHandler - [helmcust] Pod 'test-hivemq-platform-1' condition 'PodReadyToStartContainers': True
2025-01-29 22:16:13,721 INFO c.h.h.t.HelmChartContainer - [hivemq-test-hivemq-platform] [hivemq-platform-operator] [0c474f2e] 22:16:13.719 [ReconcilerExecutor-hivemq-controller-113] DEBUG c.h.p.o.h.HiveMQPlatformReconcilerErrorHandler - [helmcust] Pod 'test-hivemq-platform-1' condition 'Initialized': True
2025-01-29 22:16:13,721 INFO c.h.h.t.HelmChartContainer - [hivemq-test-hivemq-platform] [hivemq-platform-operator] [0c474f2e] 22:16:13.720 [ReconcilerExecutor-hivemq-controller-113] DEBUG c.h.p.o.h.HiveMQPlatformReconcilerErrorHandler - [helmcust] Pod 'test-hivemq-platform-1' condition 'Ready': False
2025-01-29 22:16:13,721 INFO c.h.h.t.HelmChartContainer - [hivemq-test-hivemq-platform] [hivemq-platform-operator] [0c474f2e] 22:16:13.720 [ReconcilerExecutor-hivemq-controller-113] DEBUG c.h.p.o.h.HiveMQPlatformReconcilerErrorHandler - [helmcust] Pod 'test-hivemq-platform-1' condition 'ContainersReady': False
2025-01-29 22:16:13,721 INFO c.h.h.t.HelmChartContainer - [hivemq-test-hivemq-platform] [hivemq-platform-operator] [0c474f2e] 22:16:13.720 [ReconcilerExecutor-hivemq-controller-113] DEBUG c.h.p.o.h.HiveMQPlatformReconcilerErrorHandler - [helmcust] Pod 'test-hivemq-platform-1' condition 'PodScheduled': True
2025-01-29 22:16:13,723 INFO c.h.h.t.HelmChartContainer - [hivemq-test-hivemq-platform] [hivemq-platform-operator] [0c474f2e] 22:16:13.720 [ReconcilerExecutor-hivemq-controller-113] DEBUG c.h.p.o.h.HiveMQPlatformReconcilerErrorHandler - [helmcust] Pod 'test-hivemq-platform-1' containerStatus 'hivemq' (started: false) (ready: false) (waiting: [PodInitializing] null)
2025-01-29 22:16:13,723 INFO c.h.h.t.HelmChartContainer - [hivemq-test-hivemq-platform] [hivemq-platform-operator] [0c474f2e] 22:16:13.723 [ReconcilerExecutor-hivemq-controller-113] DEBUG c.h.p.o.h.HiveMQPlatformReconcilerErrorHandler - [helmcust] Pod 'test-hivemq-platform-0' phase Running
2025-01-29 22:16:13,724 INFO c.h.h.t.HelmChartContainer - [hivemq-test-hivemq-platform] [hivemq-platform-operator] [0c474f2e] 22:16:13.724 [ReconcilerExecutor-hivemq-controller-113] INFO  c.h.p.o.h.HiveMQPlatformReconcilerBaseHandler - [helmcust] HiveMQ Platform is starting, 1 of 2 replicas are ready
2025-01-29 22:16:14,606 INFO c.h.h.t.HelmChartContainer - [POD] test-hivemq-platform-1 [96735de9-1879-4621-83bd-0487863153fb] in helmcustomconfigit was MODIFIED
2025-01-29 22:16:14,616 INFO c.h.h.t.HelmChartContainer - [hivemq-test-hivemq-platform] [hivemq-platform-operator] [0c474f2e] 22:16:14.610 [pool-6-thread-23] DEBUG c.h.p.o.d.PlatformServiceResource - [helmcust] Desired Platform services (3 services)
2025-01-29 22:16:14,618 INFO c.h.h.t.HelmChartContainer - [EVENT] Normal [Started] Started container hivemq [helmcustomconfigit:test-hivemq-platform-1]
2025-01-29 22:16:14,618 INFO c.h.h.t.HelmChartContainer - Started log watcher for hivemq in pod test-hivemq-platform-1 [96735de9-1879-4621-83bd-0487863153fb]
2025-01-29 22:16:14,619 INFO c.h.h.t.HelmChartContainer - Received Started event for container hivemq in pod test-hivemq-platform-1 [96735de9-1879-4621-83bd-0487863153fb]
2025-01-29 22:16:14,624 INFO c.h.h.t.HelmChartContainer - [test-hivemq-platform] [hivemq] [96735de9] Adding pre-installed HiveMQ Platform Operator extensions
2025-01-29 22:16:14,624 INFO c.h.h.t.HelmChartContainer - [test-hivemq-platform] [hivemq] [96735de9] Running as user 10000
2025-01-29 22:16:14,624 INFO c.h.h.t.HelmChartContainer - [test-hivemq-platform] [hivemq] [96735de9] Starting HiveMQ Platform Operator Init
2025-01-29 22:16:14,624 INFO c.h.h.t.HelmChartContainer - [hivemq-test-hivemq-platform] [hivemq-platform-operator] [0c474f2e] 22:16:14.613 [pool-6-thread-25] DEBUG c.h.p.o.dependants.PodInfoConfigMap - [helmcust] Desired PodInfo ConfigMap (1 extensions) (1 enabled)
2025-01-29 22:16:14,624 INFO c.h.h.t.HelmChartContainer - [hivemq-test-hivemq-platform] [hivemq-platform-operator] [0c474f2e] 22:16:14.623 [pool-6-thread-25] DEBUG c.h.p.o.dependants.PodInfoConfigMap - [helmcust] Desired PodInfo ConfigMap (metrics port: 9399) (metrics path: /)
2025-01-29 22:16:14,626 INFO c.h.h.t.HelmChartContainer - [hivemq-test-hivemq-platform] [hivemq-platform-operator] [0c474f2e] 22:16:14.625 [pool-6-thread-25] DEBUG c.h.p.o.dependants.PodInfoConfigMap - [helmcust] Desired PodInfo ConfigMap (extension state hash: -1817474005)
2025-01-29 22:16:14,627 INFO c.h.h.t.HelmChartContainer - [hivemq-test-hivemq-platform] [hivemq-platform-operator] [0c474f2e] 22:16:14.617 [pool-6-thread-21] DEBUG c.h.p.o.d.PodServiceAccountResource - [helmcust] Desired PodServiceAccountResource (serviceAccountName: hivemq-platform-pod-test-hivemq-platform)
2025-01-29 22:16:14,633 INFO c.h.h.t.HelmChartContainer - [hivemq-test-hivemq-platform] [hivemq-platform-operator] [0c474f2e] 22:16:14.631 [pool-6-thread-23] DEBUG c.h.p.o.d.StatefulSetResource - [helmcust] Desired StatefulSet (2 replicas) for status STARTING (READY)
2025-01-29 22:16:14,656 INFO c.h.h.t.HelmChartContainer - [hivemq-test-hivemq-platform] [hivemq-platform-operator] [0c474f2e] 22:16:14.654 [ReconcilerExecutor-hivemq-controller-114] INFO  c.h.p.o.HiveMQPlatformReconciler - [helmcust] Reconciling HiveMQ Platform 'test-hivemq-platform' in namespace 'helmcustomconfigit'
2025-01-29 22:16:14,656 INFO c.h.h.t.HelmChartContainer - [hivemq-test-hivemq-platform] [hivemq-platform-operator] [0c474f2e] 22:16:14.654 [ReconcilerExecutor-hivemq-controller-114] DEBUG c.h.p.o.HiveMQPlatformReconciler - [helmcust] Custom Resource Status STARTING - HiveMQ Platform is starting (READY)
2025-01-29 22:16:14,656 INFO c.h.h.t.HelmChartContainer - [hivemq-test-hivemq-platform] [hivemq-platform-operator] [0c474f2e] 22:16:14.654 [ReconcilerExecutor-hivemq-controller-114] DEBUG c.h.p.o.HiveMQPlatformReconciler - [helmcust] Custom Resource Spec (replicas: 2) (extensions: 1)
2025-01-29 22:16:14,713 INFO c.h.h.t.HelmChartContainer - [hivemq-test-hivemq-platform] [hivemq-platform-operator] [0c474f2e] 22:16:14.711 [ReconcilerExecutor-hivemq-controller-114] DEBUG c.h.p.o.HiveMQPlatformReconciler - [helmcust] StatefulSet Status (revision: test-hivemq-platform-6b448bcf6f, replicas: 2, available: 1, ready: 1, current: 2, updated: 2)
2025-01-29 22:16:14,713 INFO c.h.h.t.HelmChartContainer - [hivemq-test-hivemq-platform] [hivemq-platform-operator] [0c474f2e] 22:16:14.711 [ReconcilerExecutor-hivemq-controller-114] DEBUG c.h.p.o.HiveMQPlatformReconciler - [helmcust] StatefulSet Spec (replicas: 2, init containers: 1, containers: 1, volumes: 3)
2025-01-29 22:16:14,714 INFO c.h.h.t.HelmChartContainer - [hivemq-test-hivemq-platform] [hivemq-platform-operator] [0c474f2e] 22:16:14.714 [ReconcilerExecutor-hivemq-controller-114] DEBUG c.h.p.o.h.HiveMQPlatformReconcilerErrorHandler - [helmcust] Pod 'test-hivemq-platform-1' phase Running
2025-01-29 22:16:14,716 INFO c.h.h.t.HelmChartContainer - [hivemq-test-hivemq-platform] [hivemq-platform-operator] [0c474f2e] 22:16:14.715 [ReconcilerExecutor-hivemq-controller-114] DEBUG c.h.p.o.h.HiveMQPlatformReconcilerErrorHandler - [helmcust] Pod 'test-hivemq-platform-0' phase Running
2025-01-29 22:16:14,717 INFO c.h.h.t.HelmChartContainer - [hivemq-test-hivemq-platform] [hivemq-platform-operator] [0c474f2e] 22:16:14.717 [ReconcilerExecutor-hivemq-controller-114] INFO  c.h.p.o.h.HiveMQPlatformReconcilerBaseHandler - [helmcust] HiveMQ Platform is starting, 1 of 2 replicas are ready
2025-01-29 22:16:14,885 INFO c.h.h.t.HelmChartContainer - [test-hivemq-platform] [hivemq] [96735de9] INFO  - [HiveMQ Platform Operator Init 1.7.0-SNAPSHOT] HiveMQ Platform Operator Init 1.7.0-SNAPSHOT (commit: 3bc9484 on branch: HEAD) built on Wed Jan 29 22:06:36 UTC 2025
2025-01-29 22:16:16,099 INFO c.h.h.t.HelmChartContainer - [test-hivemq-platform] [hivemq] [96735de9] INFO  - [HiveMQ Platform Operator Init App 1.7.0-SNAPSHOT] Using bind address 10.42.0.12 from environment variable
2025-01-29 22:16:17,023 INFO c.h.h.t.HelmChartContainer - [test-hivemq-platform] [hivemq] [96735de9] INFO  - [HiveMQ Platform Operator Init App 1.7.0-SNAPSHOT] HiveMQ Platform Operator Init App 1.7.0-SNAPSHOT (commit: 3bc9484 on branch: HEAD) built on Wed Jan 29 22:06:36 UTC 2025
2025-01-29 22:16:17,024 INFO c.h.h.t.HelmChartContainer - [test-hivemq-platform] [hivemq] [96735de9] INFO  - [HiveMQ Platform Operator Init App 1.7.0-SNAPSHOT] PodInfo ConfigMap directory: /etc/podinfo
2025-01-29 22:16:17,024 INFO c.h.h.t.HelmChartContainer - [test-hivemq-platform] [hivemq] [96735de9] INFO  - [HiveMQ Platform Operator Init App 1.7.0-SNAPSHOT] HiveMQ home directory: /opt/hivemq
2025-01-29 22:16:17,024 INFO c.h.h.t.HelmChartContainer - [test-hivemq-platform] [hivemq] [96735de9] INFO  - [HiveMQ Platform Operator Init App 1.7.0-SNAPSHOT] HiveMQ Logback folder: /opt/hivemq/conf
2025-01-29 22:16:17,024 INFO c.h.h.t.HelmChartContainer - [test-hivemq-platform] [hivemq] [96735de9] INFO  - [HiveMQ Platform Operator Init App 1.7.0-SNAPSHOT] HiveMQ Config folder: /opt/hivemq/conf-k8s
2025-01-29 22:16:17,024 INFO c.h.h.t.HelmChartContainer - [test-hivemq-platform] [hivemq] [96735de9] INFO  - [HiveMQ Platform Operator Init App 1.7.0-SNAPSHOT] Starting HiveMQ Platform Operator Init App
2025-01-29 22:16:17,025 INFO c.h.h.t.HelmChartContainer - [test-hivemq-platform] [hivemq] [96735de9] INFO  - [HiveMQ Platform Operator Init App 1.7.0-SNAPSHOT] Starting Pod reconciler
2025-01-29 22:16:18,283 INFO c.h.h.t.HelmChartContainer - [test-hivemq-platform] [hivemq] [96735de9] INFO  - [HiveMQ Platform Operator Init App 1.7.0-SNAPSHOT] Pod reconciler is scheduled (interval: 5000 ms)
2025-01-29 22:16:18,284 INFO c.h.h.t.HelmChartContainer - [test-hivemq-platform] [hivemq] [96735de9] INFO  - [HiveMQ Platform Operator Init App 1.7.0-SNAPSHOT] Starting the REST API on 10.42.0.12:7979
2025-01-29 22:16:18,286 INFO c.h.h.t.HelmChartContainer - [test-hivemq-platform] [hivemq] [96735de9] INFO  - [HiveMQ Platform Operator Init App 1.7.0-SNAPSHOT] Waiting up to 600s for at most 2 HiveMQ nodes in cluster service hivemq-test-hivemq-platform-cluster.helmcustomconfigit.svc
2025-01-29 22:16:18,596 INFO c.h.h.t.HelmChartContainer - [test-hivemq-platform] [hivemq] [96735de9] INFO  - [HiveMQ Platform Operator Init App 1.7.0-SNAPSHOT] Resolved 2 IP addresses: [10.42.0.11, 10.42.0.12]
2025-01-29 22:16:18,596 INFO c.h.h.t.HelmChartContainer - [test-hivemq-platform] [hivemq] [96735de9] INFO  - [HiveMQ Platform Operator Init App 1.7.0-SNAPSHOT] HiveMQ node count of 2 is within threshold of 2
2025-01-29 22:16:18,596 INFO c.h.h.t.HelmChartContainer - [test-hivemq-platform] [hivemq] [96735de9] INFO  - [HiveMQ Platform Operator Init App 1.7.0-SNAPSHOT] Proceeding with container start
2025-01-29 22:16:18,687 INFO c.h.h.t.HelmChartContainer - [test-hivemq-platform] [hivemq] [96735de9] INFO  - [HiveMQ Platform Operator Init App 1.7.0-SNAPSHOT] Initializing HiveMQ Platform extensions with initial configuration: {hivemq-allow-all-extension={start-priority=-1, skip-https-hostname-verification=false, restart=true, config-version=0, header-version=0, c-uri=, priority=-1, uri=preinstalled, skip-https-certificate-validation=false, enabled=true}, hivemq-prometheus-extension={priority=-1, start-priority=-1, c-uri=, skip-https-hostname-verification=false, skip-https-certificate-validation=false, uri=preinstalled, request-header-path=no-request-headers, enabled=true, restart=true}}
2025-01-29 22:16:19,182 INFO c.h.h.t.HelmChartContainer - [test-hivemq-platform] [hivemq] [96735de9] INFO  - [HiveMQ Platform Operator Init App 1.7.0-SNAPSHOT] Extension hivemq-allow-all-extension was already enabled
2025-01-29 22:16:19,220 INFO c.h.h.t.HelmChartContainer - [test-hivemq-platform] [hivemq] [96735de9] INFO  - [HiveMQ Platform Operator Init App 1.7.0-SNAPSHOT] Successfully enabled extension hivemq-prometheus-extension
2025-01-29 22:16:19,221 INFO c.h.h.t.HelmChartContainer - [test-hivemq-platform] [hivemq] [96735de9] INFO  - [HiveMQ Platform Operator Init App 1.7.0-SNAPSHOT] Starting HiveMQ Platform version 4.36.0 (4.36.0)
2025-01-29 22:16:19,221 INFO c.h.h.t.HelmChartContainer - [test-hivemq-platform] [hivemq] [96735de9] INFO  - [HiveMQ Platform Operator Init App 1.7.0-SNAPSHOT] Configuring the HiveMQ Platform
2025-01-29 22:16:19,287 INFO c.h.h.t.HelmChartContainer - [test-hivemq-platform] [hivemq] [96735de9] INFO  - [HiveMQ Platform Operator Init App 1.7.0-SNAPSHOT] Changed logback.xml file scan period to 20 seconds
2025-01-29 22:16:19,386 INFO c.h.h.t.HelmChartContainer - [test-hivemq-platform] [hivemq] [96735de9] INFO  - [HiveMQ Platform Operator Init App 1.7.0-SNAPSHOT] Starting the HiveMQ Platform
2025-01-29 22:16:19,388 INFO c.h.h.t.HelmChartContainer - [test-hivemq-platform] [hivemq] [96735de9] -------------------------------------------------------------------------
2025-01-29 22:16:19,389 INFO c.h.h.t.HelmChartContainer - [test-hivemq-platform] [hivemq] [96735de9] 
2025-01-29 22:16:19,389 INFO c.h.h.t.HelmChartContainer - [test-hivemq-platform] [hivemq] [96735de9]                   _    _  _              __  __   ____
2025-01-29 22:16:19,389 INFO c.h.h.t.HelmChartContainer - [test-hivemq-platform] [hivemq] [96735de9]                  | |  | |(_)            |  \/  | / __ \
2025-01-29 22:16:19,389 INFO c.h.h.t.HelmChartContainer - [test-hivemq-platform] [hivemq] [96735de9]                  | |__| | _ __   __ ___ | \  / || |  | |
2025-01-29 22:16:19,389 INFO c.h.h.t.HelmChartContainer - [test-hivemq-platform] [hivemq] [96735de9]                  |  __  || |\ \ / // _ \| |\/| || |  | |
2025-01-29 22:16:19,389 INFO c.h.h.t.HelmChartContainer - [test-hivemq-platform] [hivemq] [96735de9]                  | |  | || | \ V /|  __/| |  | || |__| |
2025-01-29 22:16:19,389 INFO c.h.h.t.HelmChartContainer - [test-hivemq-platform] [hivemq] [96735de9]                  |_|  |_||_|  \_/  \___||_|  |_| \___\_\
2025-01-29 22:16:19,389 INFO c.h.h.t.HelmChartContainer - [test-hivemq-platform] [hivemq] [96735de9] 
2025-01-29 22:16:19,389 INFO c.h.h.t.HelmChartContainer - [test-hivemq-platform] [hivemq] [96735de9] -------------------------------------------------------------------------
2025-01-29 22:16:19,389 INFO c.h.h.t.HelmChartContainer - [test-hivemq-platform] [hivemq] [96735de9] 
2025-01-29 22:16:19,389 INFO c.h.h.t.HelmChartContainer - [test-hivemq-platform] [hivemq] [96735de9]   HiveMQ Start Script for Linux/Unix v1.14
2025-01-29 22:16:19,389 INFO c.h.h.t.HelmChartContainer - [test-hivemq-platform] [hivemq] [96735de9] 
2025-01-29 22:16:19,487 INFO c.h.h.t.HelmChartContainer - [test-hivemq-platform] [hivemq] [96735de9] -------------------------------------------------------------------------
2025-01-29 22:16:19,487 INFO c.h.h.t.HelmChartContainer - [test-hivemq-platform] [hivemq] [96735de9] 
2025-01-29 22:16:19,487 INFO c.h.h.t.HelmChartContainer - [test-hivemq-platform] [hivemq] [96735de9]   HIVEMQ_HOME: /opt/hivemq
2025-01-29 22:16:19,487 INFO c.h.h.t.HelmChartContainer - [test-hivemq-platform] [hivemq] [96735de9] 
2025-01-29 22:16:19,487 INFO c.h.h.t.HelmChartContainer - [test-hivemq-platform] [hivemq] [96735de9]   JAVA_OPTS: -XX:+UnlockExperimentalVMOptions -XX:InitialRAMPercentage=50 -XX:MaxRAMPercentage=50 -Djava.net.preferIPv4Stack=true --add-opens java.base/java.lang=ALL-UNNAMED --add-opens java.base/java.nio=ALL-UNNAMED --add-opens java.base/sun.nio.ch=ALL-UNNAMED --add-opens jdk.management/com.sun.management.internal=ALL-UNNAMED --add-exports java.base/jdk.internal.misc=ALL-UNNAMED -Djava.security.egd=file:/dev/./urandom -Dcom.sun.management.jmxremote -Dcom.sun.management.jmxremote.port=9010 -Dcom.sun.management.jmxremote.local.only=false -Dcom.sun.management.jmxremote.authenticate=false -Dcom.sun.management.jmxremote.ssl=false -Duser.language=en -Duser.region=US -XX:+CrashOnOutOfMemoryError -XX:+HeapDumpOnOutOfMemoryError
2025-01-29 22:16:19,487 INFO c.h.h.t.HelmChartContainer - [test-hivemq-platform] [hivemq] [96735de9] 
2025-01-29 22:16:19,487 INFO c.h.h.t.HelmChartContainer - [test-hivemq-platform] [hivemq] [96735de9]   JAVA_VERSION: 21
2025-01-29 22:16:19,487 INFO c.h.h.t.HelmChartContainer - [test-hivemq-platform] [hivemq] [96735de9] 
2025-01-29 22:16:19,487 INFO c.h.h.t.HelmChartContainer - [test-hivemq-platform] [hivemq] [96735de9] -------------------------------------------------------------------------
2025-01-29 22:16:19,487 INFO c.h.h.t.HelmChartContainer - [test-hivemq-platform] [hivemq] [96735de9] 
2025-01-29 22:16:20,686 INFO c.h.h.t.HelmChartContainer - [test-hivemq-platform] [hivemq] [96735de9] INFO  - [HiveMQ Platform Operator Init App 1.7.0-SNAPSHOT] Returning default Health API response 503 for readiness
2025-01-29 22:16:20,986 INFO c.h.h.t.HelmChartContainer - [EVENT] Warning [Unhealthy] Readiness probe failed: HTTP probe failed with statuscode: 503 [helmcustomconfigit:test-hivemq-platform-1]
2025-01-29 22:16:20,986 INFO c.h.h.t.HelmChartContainer - Received Unhealthy event for container hivemq in pod test-hivemq-platform-1 [96735de9-1879-4621-83bd-0487863153fb]
2025-01-29 22:16:22,096 INFO c.h.h.t.HelmChartContainer - [test-hivemq-platform] [hivemq] [96735de9] INFO  - Starting HiveMQ Enterprise Server
2025-01-29 22:16:22,184 INFO c.h.h.t.HelmChartContainer - [test-hivemq-platform] [hivemq] [96735de9] INFO  - HiveMQ version: 4.36.0
2025-01-29 22:16:22,184 INFO c.h.h.t.HelmChartContainer - [test-hivemq-platform] [hivemq] [96735de9] INFO  - HiveMQ home directory: /opt/hivemq
2025-01-29 22:16:22,184 INFO c.h.h.t.HelmChartContainer - [test-hivemq-platform] [hivemq] [96735de9] INFO  - Log Configuration was overridden by /opt/hivemq/conf/logback.xml
2025-01-29 22:16:23,392 INFO c.h.h.t.HelmChartContainer - [test-hivemq-platform] [hivemq] [96735de9] INFO  - Successfully loaded configuration from '/opt/hivemq/conf-k8s/config.xml'.
2025-01-29 22:16:24,089 INFO c.h.h.t.HelmChartContainer - [test-hivemq-platform] [hivemq] [96735de9] INFO  - This node's ID is h2L7I
2025-01-29 22:16:24,090 INFO c.h.h.t.HelmChartContainer - [test-hivemq-platform] [hivemq] [96735de9] INFO  - Clustering is enabled
2025-01-29 22:16:24,725 INFO c.h.h.t.HelmChartContainer - [hivemq-test-hivemq-platform] [hivemq-platform-operator] [0c474f2e] 22:16:24.722 [pool-6-thread-35] DEBUG c.h.p.o.d.PlatformServiceResource - [helmcust] Desired Platform services (3 services)
2025-01-29 22:16:24,725 INFO c.h.h.t.HelmChartContainer - [hivemq-test-hivemq-platform] [hivemq-platform-operator] [0c474f2e] 22:16:24.722 [pool-6-thread-39] DEBUG c.h.p.o.dependants.PodInfoConfigMap - [helmcust] Desired PodInfo ConfigMap (1 extensions) (1 enabled)
2025-01-29 22:16:24,725 INFO c.h.h.t.HelmChartContainer - [hivemq-test-hivemq-platform] [hivemq-platform-operator] [0c474f2e] 22:16:24.722 [pool-6-thread-39] DEBUG c.h.p.o.dependants.PodInfoConfigMap - [helmcust] Desired PodInfo ConfigMap (metrics port: 9399) (metrics path: /)
2025-01-29 22:16:24,725 INFO c.h.h.t.HelmChartContainer - [hivemq-test-hivemq-platform] [hivemq-platform-operator] [0c474f2e] 22:16:24.722 [pool-6-thread-39] DEBUG c.h.p.o.dependants.PodInfoConfigMap - [helmcust] Desired PodInfo ConfigMap (extension state hash: -1817474005)
2025-01-29 22:16:24,725 INFO c.h.h.t.HelmChartContainer - [hivemq-test-hivemq-platform] [hivemq-platform-operator] [0c474f2e] 22:16:24.723 [pool-6-thread-39] DEBUG c.h.p.o.d.PodServiceAccountResource - [helmcust] Desired PodServiceAccountResource (serviceAccountName: hivemq-platform-pod-test-hivemq-platform)
2025-01-29 22:16:24,729 INFO c.h.h.t.HelmChartContainer - [hivemq-test-hivemq-platform] [hivemq-platform-operator] [0c474f2e] 22:16:24.728 [pool-6-thread-35] DEBUG c.h.p.o.d.StatefulSetResource - [helmcust] Desired StatefulSet (2 replicas) for status STARTING (READY)
2025-01-29 22:16:24,736 INFO c.h.h.t.HelmChartContainer - [hivemq-test-hivemq-platform] [hivemq-platform-operator] [0c474f2e] 22:16:24.735 [ReconcilerExecutor-hivemq-controller-115] INFO  c.h.p.o.HiveMQPlatformReconciler - [helmcust] Reconciling HiveMQ Platform 'test-hivemq-platform' in namespace 'helmcustomconfigit'
2025-01-29 22:16:24,736 INFO c.h.h.t.HelmChartContainer - [hivemq-test-hivemq-platform] [hivemq-platform-operator] [0c474f2e] 22:16:24.735 [ReconcilerExecutor-hivemq-controller-115] DEBUG c.h.p.o.HiveMQPlatformReconciler - [helmcust] Custom Resource Status STARTING - HiveMQ Platform is starting (READY)
2025-01-29 22:16:24,736 INFO c.h.h.t.HelmChartContainer - [hivemq-test-hivemq-platform] [hivemq-platform-operator] [0c474f2e] 22:16:24.735 [ReconcilerExecutor-hivemq-controller-115] DEBUG c.h.p.o.HiveMQPlatformReconciler - [helmcust] Custom Resource Spec (replicas: 2) (extensions: 1)
2025-01-29 22:16:24,814 INFO c.h.h.t.HelmChartContainer - [hivemq-test-hivemq-platform] [hivemq-platform-operator] [0c474f2e] 22:16:24.810 [ReconcilerExecutor-hivemq-controller-115] DEBUG c.h.p.o.HiveMQPlatformReconciler - [helmcust] StatefulSet Status (revision: test-hivemq-platform-6b448bcf6f, replicas: 2, available: 1, ready: 1, current: 2, updated: 2)
2025-01-29 22:16:24,814 INFO c.h.h.t.HelmChartContainer - [hivemq-test-hivemq-platform] [hivemq-platform-operator] [0c474f2e] 22:16:24.810 [ReconcilerExecutor-hivemq-controller-115] DEBUG c.h.p.o.HiveMQPlatformReconciler - [helmcust] StatefulSet Spec (replicas: 2, init containers: 1, containers: 1, volumes: 3)
2025-01-29 22:16:24,815 INFO c.h.h.t.HelmChartContainer - [hivemq-test-hivemq-platform] [hivemq-platform-operator] [0c474f2e] 22:16:24.812 [ReconcilerExecutor-hivemq-controller-115] DEBUG c.h.p.o.h.HiveMQPlatformReconcilerErrorHandler - [helmcust] Pod 'test-hivemq-platform-1' phase Running
2025-01-29 22:16:24,815 INFO c.h.h.t.HelmChartContainer - [hivemq-test-hivemq-platform] [hivemq-platform-operator] [0c474f2e] 22:16:24.814 [ReconcilerExecutor-hivemq-controller-115] DEBUG c.h.p.o.h.HiveMQPlatformReconcilerErrorHandler - [helmcust] Pod 'test-hivemq-platform-0' phase Running
2025-01-29 22:16:24,816 INFO c.h.h.t.HelmChartContainer - [hivemq-test-hivemq-platform] [hivemq-platform-operator] [0c474f2e] 22:16:24.815 [ReconcilerExecutor-hivemq-controller-115] INFO  c.h.p.o.h.HiveMQPlatformReconcilerBaseHandler - [helmcust] HiveMQ Platform is starting, 1 of 2 replicas are ready
2025-01-29 22:16:26,086 INFO c.h.h.t.HelmChartContainer - [test-hivemq-platform] [hivemq] [96735de9] WARN  - [HiveMQ Platform Operator Init App 1.7.0-SNAPSHOT] Cannot connect to Health API for readiness: null
2025-01-29 22:16:26,091 INFO c.h.h.t.HelmChartContainer - [EVENT] Warning [Unhealthy] Readiness probe failed: HTTP probe failed with statuscode: 503 [helmcustomconfigit:test-hivemq-platform-1]
2025-01-29 22:16:26,091 INFO c.h.h.t.HelmChartContainer - Received Unhealthy event for container hivemq in pod test-hivemq-platform-1 [96735de9-1879-4621-83bd-0487863153fb]
2025-01-29 22:16:29,305 INFO c.h.h.t.HelmChartContainer - [test-hivemq-platform] [hivemq] [d7e1baa7] INFO  - [HiveMQ Platform Operator Init App 1.7.0-SNAPSHOT] Returning Health API response 200 for liveness
2025-01-29 22:16:29,487 INFO c.h.h.t.HelmChartContainer - [test-hivemq-platform] [hivemq] [96735de9] Jan 29, 2025 10:16:29 PM io.vertx.core.impl.BlockedThreadChecker
2025-01-29 22:16:29,487 INFO c.h.h.t.HelmChartContainer - [test-hivemq-platform] [hivemq] [96735de9] WARNING: Thread Thread[vert.x-eventloop-thread-1,5,main] has been blocked for 2986 ms, time limit is 2000 ms
2025-01-29 22:16:29,983 INFO c.h.h.t.HelmChartContainer - [test-hivemq-platform] [hivemq] [96735de9] INFO  - [HiveMQ Platform Operator Init App 1.7.0-SNAPSHOT] Updating Pod HiveMQ Platform Operator Init App version annotation (version: 1.7.0-SNAPSHOT)
2025-01-29 22:16:30,684 INFO c.h.h.t.HelmChartContainer - [test-hivemq-platform] [hivemq] [96735de9] WARN  - [HiveMQ Platform Operator Init App 1.7.0-SNAPSHOT] Cannot connect to Health API for readiness: null
2025-01-29 22:16:30,691 INFO c.h.h.t.HelmChartContainer - [EVENT] Warning [Unhealthy] Readiness probe failed: HTTP probe failed with statuscode: 503 [helmcustomconfigit:test-hivemq-platform-1]
2025-01-29 22:16:30,691 INFO c.h.h.t.HelmChartContainer - Received Unhealthy event for container hivemq in pod test-hivemq-platform-1 [96735de9-1879-4621-83bd-0487863153fb]
2025-01-29 22:16:30,693 INFO c.h.h.t.HelmChartContainer - [POD] test-hivemq-platform-1 [96735de9-1879-4621-83bd-0487863153fb] in helmcustomconfigit was MODIFIED
2025-01-29 22:16:30,702 INFO c.h.h.t.HelmChartContainer - [hivemq-test-hivemq-platform] [hivemq-platform-operator] [0c474f2e] 22:16:30.698 [pool-6-thread-44] DEBUG c.h.p.o.d.PlatformServiceResource - [helmcust] Desired Platform services (3 services)
2025-01-29 22:16:30,702 INFO c.h.h.t.HelmChartContainer - [hivemq-test-hivemq-platform] [hivemq-platform-operator] [0c474f2e] 22:16:30.698 [pool-6-thread-47] DEBUG c.h.p.o.dependants.PodInfoConfigMap - [helmcust] Desired PodInfo ConfigMap (1 extensions) (1 enabled)
2025-01-29 22:16:30,702 INFO c.h.h.t.HelmChartContainer - [hivemq-test-hivemq-platform] [hivemq-platform-operator] [0c474f2e] 22:16:30.698 [pool-6-thread-47] DEBUG c.h.p.o.dependants.PodInfoConfigMap - [helmcust] Desired PodInfo ConfigMap (metrics port: 9399) (metrics path: /)
2025-01-29 22:16:30,702 INFO c.h.h.t.HelmChartContainer - [hivemq-test-hivemq-platform] [hivemq-platform-operator] [0c474f2e] 22:16:30.698 [pool-6-thread-47] DEBUG c.h.p.o.dependants.PodInfoConfigMap - [helmcust] Desired PodInfo ConfigMap (extension state hash: -1817474005)
2025-01-29 22:16:30,703 INFO c.h.h.t.HelmChartContainer - [test-hivemq-platform] [hivemq] [96735de9] WARN  - [HiveMQ Platform Operator Init App 1.7.0-SNAPSHOT] Cannot connect to Health API for readiness: null
2025-01-29 22:16:30,703 INFO c.h.h.t.HelmChartContainer - [hivemq-test-hivemq-platform] [hivemq-platform-operator] [0c474f2e] 22:16:30.699 [pool-6-thread-47] DEBUG c.h.p.o.d.PodServiceAccountResource - [helmcust] Desired PodServiceAccountResource (serviceAccountName: hivemq-platform-pod-test-hivemq-platform)
2025-01-29 22:16:30,710 INFO c.h.h.t.HelmChartContainer - [hivemq-test-hivemq-platform] [hivemq-platform-operator] [0c474f2e] 22:16:30.709 [pool-6-thread-44] DEBUG c.h.p.o.d.StatefulSetResource - [helmcust] Desired StatefulSet (2 replicas) for status STARTING (READY)
2025-01-29 22:16:30,713 INFO c.h.h.t.HelmChartContainer - [EVENT] Warning [Unhealthy] Readiness probe failed: HTTP probe failed with statuscode: 503 [helmcustomconfigit:test-hivemq-platform-1]
2025-01-29 22:16:30,713 INFO c.h.h.t.HelmChartContainer - Received Unhealthy event for container hivemq in pod test-hivemq-platform-1 [96735de9-1879-4621-83bd-0487863153fb]
2025-01-29 22:16:30,715 INFO c.h.h.t.HelmChartContainer - [hivemq-test-hivemq-platform] [hivemq-platform-operator] [0c474f2e] 22:16:30.714 [ReconcilerExecutor-hivemq-controller-116] INFO  c.h.p.o.HiveMQPlatformReconciler - [helmcust] Reconciling HiveMQ Platform 'test-hivemq-platform' in namespace 'helmcustomconfigit'
2025-01-29 22:16:30,716 INFO c.h.h.t.HelmChartContainer - [hivemq-test-hivemq-platform] [hivemq-platform-operator] [0c474f2e] 22:16:30.714 [ReconcilerExecutor-hivemq-controller-116] DEBUG c.h.p.o.HiveMQPlatformReconciler - [helmcust] Custom Resource Status STARTING - HiveMQ Platform is starting (READY)
2025-01-29 22:16:30,717 INFO c.h.h.t.HelmChartContainer - [hivemq-test-hivemq-platform] [hivemq-platform-operator] [0c474f2e] 22:16:30.714 [ReconcilerExecutor-hivemq-controller-116] DEBUG c.h.p.o.HiveMQPlatformReconciler - [helmcust] Custom Resource Spec (replicas: 2) (extensions: 1)
2025-01-29 22:16:30,720 INFO c.h.h.t.HelmChartContainer - [hivemq-test-hivemq-platform] [hivemq-platform-operator] [0c474f2e] 22:16:30.716 [ReconcilerExecutor-hivemq-controller-116] DEBUG c.h.p.o.HiveMQPlatformReconciler - [helmcust] StatefulSet Status (revision: test-hivemq-platform-6b448bcf6f, replicas: 2, available: 1, ready: 1, current: 2, updated: 2)
2025-01-29 22:16:30,720 INFO c.h.h.t.HelmChartContainer - [hivemq-test-hivemq-platform] [hivemq-platform-operator] [0c474f2e] 22:16:30.716 [ReconcilerExecutor-hivemq-controller-116] DEBUG c.h.p.o.HiveMQPlatformReconciler - [helmcust] StatefulSet Spec (replicas: 2, init containers: 1, containers: 1, volumes: 3)
2025-01-29 22:16:30,720 INFO c.h.h.t.HelmChartContainer - [hivemq-test-hivemq-platform] [hivemq-platform-operator] [0c474f2e] 22:16:30.718 [ReconcilerExecutor-hivemq-controller-116] DEBUG c.h.p.o.h.HiveMQPlatformReconcilerErrorHandler - [helmcust] Pod 'test-hivemq-platform-1' phase Running
2025-01-29 22:16:30,755 INFO c.h.h.t.HelmChartContainer - [hivemq-test-hivemq-platform] [hivemq-platform-operator] [0c474f2e] 22:16:30.753 [ReconcilerExecutor-hivemq-controller-116] DEBUG c.h.p.o.h.HiveMQPlatformReconcilerErrorHandler - [helmcust] Pod 'test-hivemq-platform-0' phase Running
2025-01-29 22:16:30,755 INFO c.h.h.t.HelmChartContainer - [hivemq-test-hivemq-platform] [hivemq-platform-operator] [0c474f2e] 22:16:30.754 [ReconcilerExecutor-hivemq-controller-116] INFO  c.h.p.o.h.HiveMQPlatformReconcilerBaseHandler - [helmcust] HiveMQ Platform is starting, 1 of 2 replicas are ready
2025-01-29 22:16:30,783 INFO c.h.h.t.HelmChartContainer - [test-hivemq-platform] [hivemq] [96735de9] INFO  - [HiveMQ Platform Operator Init App 1.7.0-SNAPSHOT] Successfully updated Pod HiveMQ Platform Operator Init App version annotation (version: 1.7.0-SNAPSHOT)
2025-01-29 22:16:35,781 INFO c.h.h.t.HelmChartContainer - [test-hivemq-platform] [hivemq] [96735de9] WARN  - [HiveMQ Platform Operator Init App 1.7.0-SNAPSHOT] Cannot connect to Health API for readiness: null
2025-01-29 22:16:35,788 INFO c.h.h.t.HelmChartContainer - [EVENT] Warning [Unhealthy] Readiness probe failed: HTTP probe failed with statuscode: 503 [helmcustomconfigit:test-hivemq-platform-1]
2025-01-29 22:16:35,788 INFO c.h.h.t.HelmChartContainer - Received Unhealthy event for container hivemq in pod test-hivemq-platform-1 [96735de9-1879-4621-83bd-0487863153fb]
2025-01-29 22:16:38,033 INFO c.h.h.t.HelmChartContainer - [K3S] [range_allocator.go:247] "Successfully synced" key="6c7c6f7dc8ee"
2025-01-29 22:16:40,720 INFO c.h.h.t.HelmChartContainer - [test-hivemq-platform] [hivemq] [96735de9] WARN  - [HiveMQ Platform Operator Init App 1.7.0-SNAPSHOT] Cannot connect to Health API for readiness: null
2025-01-29 22:16:40,725 INFO c.h.h.t.HelmChartContainer - [EVENT] Warning [Unhealthy] Readiness probe failed: HTTP probe failed with statuscode: 503 [helmcustomconfigit:test-hivemq-platform-1]
2025-01-29 22:16:40,725 INFO c.h.h.t.HelmChartContainer - Received Unhealthy event for container hivemq in pod test-hivemq-platform-1 [96735de9-1879-4621-83bd-0487863153fb]
2025-01-29 22:16:40,762 INFO c.h.h.t.HelmChartContainer - [hivemq-test-hivemq-platform] [hivemq-platform-operator] [0c474f2e] 22:16:40.757 [pool-6-thread-7] DEBUG c.h.p.o.d.PlatformServiceResource - [helmcust] Desired Platform services (3 services)
2025-01-29 22:16:40,762 INFO c.h.h.t.HelmChartContainer - [hivemq-test-hivemq-platform] [hivemq-platform-operator] [0c474f2e] 22:16:40.758 [pool-6-thread-4] DEBUG c.h.p.o.d.PodServiceAccountResource - [helmcust] Desired PodServiceAccountResource (serviceAccountName: hivemq-platform-pod-test-hivemq-platform)
2025-01-29 22:16:40,763 INFO c.h.h.t.HelmChartContainer - [hivemq-test-hivemq-platform] [hivemq-platform-operator] [0c474f2e] 22:16:40.762 [pool-6-thread-6] DEBUG c.h.p.o.dependants.PodInfoConfigMap - [helmcust] Desired PodInfo ConfigMap (1 extensions) (1 enabled)
2025-01-29 22:16:40,764 INFO c.h.h.t.HelmChartContainer - [hivemq-test-hivemq-platform] [hivemq-platform-operator] [0c474f2e] 22:16:40.763 [pool-6-thread-6] DEBUG c.h.p.o.dependants.PodInfoConfigMap - [helmcust] Desired PodInfo ConfigMap (metrics port: 9399) (metrics path: /)
2025-01-29 22:16:40,765 INFO c.h.h.t.HelmChartContainer - [hivemq-test-hivemq-platform] [hivemq-platform-operator] [0c474f2e] 22:16:40.763 [pool-6-thread-6] DEBUG c.h.p.o.dependants.PodInfoConfigMap - [helmcust] Desired PodInfo ConfigMap (extension state hash: -1817474005)
2025-01-29 22:16:40,766 INFO c.h.h.t.HelmChartContainer - [hivemq-test-hivemq-platform] [hivemq-platform-operator] [0c474f2e] 22:16:40.766 [pool-6-thread-6] DEBUG c.h.p.o.d.StatefulSetResource - [helmcust] Desired StatefulSet (2 replicas) for status STARTING (READY)
2025-01-29 22:16:40,770 INFO c.h.h.t.HelmChartContainer - [hivemq-test-hivemq-platform] [hivemq-platform-operator] [0c474f2e] 22:16:40.769 [ReconcilerExecutor-hivemq-controller-117] INFO  c.h.p.o.HiveMQPlatformReconciler - [helmcust] Reconciling HiveMQ Platform 'test-hivemq-platform' in namespace 'helmcustomconfigit'
2025-01-29 22:16:40,770 INFO c.h.h.t.HelmChartContainer - [hivemq-test-hivemq-platform] [hivemq-platform-operator] [0c474f2e] 22:16:40.769 [ReconcilerExecutor-hivemq-controller-117] DEBUG c.h.p.o.HiveMQPlatformReconciler - [helmcust] Custom Resource Status STARTING - HiveMQ Platform is starting (READY)
2025-01-29 22:16:40,770 INFO c.h.h.t.HelmChartContainer - [hivemq-test-hivemq-platform] [hivemq-platform-operator] [0c474f2e] 22:16:40.769 [ReconcilerExecutor-hivemq-controller-117] DEBUG c.h.p.o.HiveMQPlatformReconciler - [helmcust] Custom Resource Spec (replicas: 2) (extensions: 1)
2025-01-29 22:16:40,774 INFO c.h.h.t.HelmChartContainer - [hivemq-test-hivemq-platform] [hivemq-platform-operator] [0c474f2e] 22:16:40.771 [ReconcilerExecutor-hivemq-controller-117] DEBUG c.h.p.o.HiveMQPlatformReconciler - [helmcust] StatefulSet Status (revision: test-hivemq-platform-6b448bcf6f, replicas: 2, available: 1, ready: 1, current: 2, updated: 2)
2025-01-29 22:16:40,774 INFO c.h.h.t.HelmChartContainer - [hivemq-test-hivemq-platform] [hivemq-platform-operator] [0c474f2e] 22:16:40.771 [ReconcilerExecutor-hivemq-controller-117] DEBUG c.h.p.o.HiveMQPlatformReconciler - [helmcust] StatefulSet Spec (replicas: 2, init containers: 1, containers: 1, volumes: 3)
2025-01-29 22:16:40,774 INFO c.h.h.t.HelmChartContainer - [hivemq-test-hivemq-platform] [hivemq-platform-operator] [0c474f2e] 22:16:40.773 [ReconcilerExecutor-hivemq-controller-117] DEBUG c.h.p.o.h.HiveMQPlatformReconcilerErrorHandler - [helmcust] Pod 'test-hivemq-platform-1' phase Running
2025-01-29 22:16:40,775 INFO c.h.h.t.HelmChartContainer - [hivemq-test-hivemq-platform] [hivemq-platform-operator] [0c474f2e] 22:16:40.774 [ReconcilerExecutor-hivemq-controller-117] DEBUG c.h.p.o.h.HiveMQPlatformReconcilerErrorHandler - [helmcust] Pod 'test-hivemq-platform-0' phase Running
2025-01-29 22:16:40,855 INFO c.h.h.t.HelmChartContainer - [hivemq-test-hivemq-platform] [hivemq-platform-operator] [0c474f2e] 22:16:40.854 [ReconcilerExecutor-hivemq-controller-117] INFO  c.h.p.o.h.HiveMQPlatformReconcilerBaseHandler - [helmcust] HiveMQ Platform is starting, 1 of 2 replicas are ready
2025-01-29 22:16:42,003 INFO c.h.h.t.HelmChartContainer - [test-hivemq-platform] [hivemq] [96735de9] INFO  - No valid license file found. Using trial license, restricted to 25 connections.
2025-01-29 22:16:42,886 INFO c.h.h.t.HelmChartContainer - [test-hivemq-platform] [hivemq] [96735de9] WARN  - [HiveMQ Platform Operator Init App 1.7.0-SNAPSHOT] Cannot connect to Health API for liveness: null
2025-01-29 22:16:42,887 INFO c.h.h.t.HelmChartContainer - [test-hivemq-platform] [hivemq] [96735de9] INFO  - [HiveMQ Platform Operator Init App 1.7.0-SNAPSHOT] Returning default Health API response 200 for liveness
2025-01-29 22:16:45,696 INFO c.h.h.t.HelmChartContainer - [test-hivemq-platform] [hivemq] [96735de9] WARN  - [HiveMQ Platform Operator Init App 1.7.0-SNAPSHOT] Cannot connect to Health API for readiness: null
2025-01-29 22:16:45,723 INFO c.h.h.t.HelmChartContainer - [EVENT] Warning [Unhealthy] Readiness probe failed: HTTP probe failed with statuscode: 503 [helmcustomconfigit:test-hivemq-platform-1]
2025-01-29 22:16:45,723 INFO c.h.h.t.HelmChartContainer - Received Unhealthy event for container hivemq in pod test-hivemq-platform-1 [96735de9-1879-4621-83bd-0487863153fb]
2025-01-29 22:16:46,796 INFO c.h.h.t.HelmChartContainer - [test-hivemq-platform] [hivemq] [96735de9] INFO  - No valid license file for Data Hub found. Using free license, restricted to 1 policy.
2025-01-29 22:16:47,983 INFO c.h.h.t.HelmChartContainer - [test-hivemq-platform] [hivemq] [96735de9] INFO  - Audit Logger started.
2025-01-29 22:16:48,231 INFO c.h.h.t.HelmChartContainer - [test-hivemq-platform] [hivemq] [96735de9] INFO  - This node uses '1' CPU cores.
2025-01-29 22:16:48,286 INFO c.h.h.t.HelmChartContainer - [test-hivemq-platform] [hivemq] [96735de9] INFO  - Starting HiveMQ Health API on address 0.0.0.0 and port 8889
2025-01-29 22:16:49,096 INFO c.h.h.t.HelmChartContainer - [test-hivemq-platform] [hivemq] [96735de9] INFO  - Started HiveMQ Health API in 810ms
2025-01-29 22:16:49,601 INFO c.h.h.t.HelmChartContainer - [test-hivemq-platform] [hivemq] [96735de9] INFO  - Starting HiveMQ extension system.
2025-01-29 22:16:49,896 INFO c.h.h.t.HelmChartContainer - [test-hivemq-platform] [hivemq] [96735de9] INFO  - Starting extension with id "hivemq-dns-cluster-discovery" at /opt/hivemq/extensions/hivemq-dns-cluster-discovery
2025-01-29 22:16:50,386 INFO c.h.h.t.HelmChartContainer - [test-hivemq-platform] [hivemq] [96735de9] INFO  - Using TCP cluster transport on address 10.42.0.12 and port 7000
2025-01-29 22:16:50,392 INFO c.h.h.t.HelmChartContainer - [test-hivemq-platform] [hivemq] [96735de9] INFO  - Using extension cluster discovery
2025-01-29 22:16:50,394 INFO c.h.h.t.HelmChartContainer - [test-hivemq-platform] [hivemq] [96735de9] INFO  - Extension "DNS Cluster Discovery Extension" version 4.3.2 started successfully.
2025-01-29 22:16:50,395 INFO c.h.h.t.HelmChartContainer - [test-hivemq-platform] [hivemq] [96735de9] INFO  - Starting extension with id "hivemq-prometheus-extension" at /opt/hivemq/extensions/hivemq-prometheus-extension
2025-01-29 22:16:50,860 INFO c.h.h.t.HelmChartContainer - [hivemq-test-hivemq-platform] [hivemq-platform-operator] [0c474f2e] 22:16:50.857 [pool-6-thread-13] DEBUG c.h.p.o.d.PlatformServiceResource - [helmcust] Desired Platform services (3 services)
2025-01-29 22:16:50,860 INFO c.h.h.t.HelmChartContainer - [hivemq-test-hivemq-platform] [hivemq-platform-operator] [0c474f2e] 22:16:50.857 [pool-6-thread-18] DEBUG c.h.p.o.d.PodServiceAccountResource - [helmcust] Desired PodServiceAccountResource (serviceAccountName: hivemq-platform-pod-test-hivemq-platform)
2025-01-29 22:16:50,860 INFO c.h.h.t.HelmChartContainer - [hivemq-test-hivemq-platform] [hivemq-platform-operator] [0c474f2e] 22:16:50.858 [pool-6-thread-14] DEBUG c.h.p.o.dependants.PodInfoConfigMap - [helmcust] Desired PodInfo ConfigMap (1 extensions) (1 enabled)
2025-01-29 22:16:50,860 INFO c.h.h.t.HelmChartContainer - [hivemq-test-hivemq-platform] [hivemq-platform-operator] [0c474f2e] 22:16:50.858 [pool-6-thread-14] DEBUG c.h.p.o.dependants.PodInfoConfigMap - [helmcust] Desired PodInfo ConfigMap (metrics port: 9399) (metrics path: /)
2025-01-29 22:16:50,860 INFO c.h.h.t.HelmChartContainer - [hivemq-test-hivemq-platform] [hivemq-platform-operator] [0c474f2e] 22:16:50.858 [pool-6-thread-14] DEBUG c.h.p.o.dependants.PodInfoConfigMap - [helmcust] Desired PodInfo ConfigMap (extension state hash: -1817474005)
2025-01-29 22:16:50,863 INFO c.h.h.t.HelmChartContainer - [hivemq-test-hivemq-platform] [hivemq-platform-operator] [0c474f2e] 22:16:50.862 [pool-6-thread-13] DEBUG c.h.p.o.d.StatefulSetResource - [helmcust] Desired StatefulSet (2 replicas) for status STARTING (READY)
2025-01-29 22:16:50,868 INFO c.h.h.t.HelmChartContainer - [hivemq-test-hivemq-platform] [hivemq-platform-operator] [0c474f2e] 22:16:50.866 [ReconcilerExecutor-hivemq-controller-118] INFO  c.h.p.o.HiveMQPlatformReconciler - [helmcust] Reconciling HiveMQ Platform 'test-hivemq-platform' in namespace 'helmcustomconfigit'
2025-01-29 22:16:50,869 INFO c.h.h.t.HelmChartContainer - [hivemq-test-hivemq-platform] [hivemq-platform-operator] [0c474f2e] 22:16:50.866 [ReconcilerExecutor-hivemq-controller-118] DEBUG c.h.p.o.HiveMQPlatformReconciler - [helmcust] Custom Resource Status STARTING - HiveMQ Platform is starting (READY)
2025-01-29 22:16:50,871 INFO c.h.h.t.HelmChartContainer - [hivemq-test-hivemq-platform] [hivemq-platform-operator] [0c474f2e] 22:16:50.866 [ReconcilerExecutor-hivemq-controller-118] DEBUG c.h.p.o.HiveMQPlatformReconciler - [helmcust] Custom Resource Spec (replicas: 2) (extensions: 1)
2025-01-29 22:16:50,871 INFO c.h.h.t.HelmChartContainer - [hivemq-test-hivemq-platform] [hivemq-platform-operator] [0c474f2e] 22:16:50.868 [ReconcilerExecutor-hivemq-controller-118] DEBUG c.h.p.o.HiveMQPlatformReconciler - [helmcust] StatefulSet Status (revision: test-hivemq-platform-6b448bcf6f, replicas: 2, available: 1, ready: 1, current: 2, updated: 2)
2025-01-29 22:16:50,871 INFO c.h.h.t.HelmChartContainer - [hivemq-test-hivemq-platform] [hivemq-platform-operator] [0c474f2e] 22:16:50.868 [ReconcilerExecutor-hivemq-controller-118] DEBUG c.h.p.o.HiveMQPlatformReconciler - [helmcust] StatefulSet Spec (replicas: 2, init containers: 1, containers: 1, volumes: 3)
2025-01-29 22:16:50,872 INFO c.h.h.t.HelmChartContainer - [hivemq-test-hivemq-platform] [hivemq-platform-operator] [0c474f2e] 22:16:50.869 [ReconcilerExecutor-hivemq-controller-118] DEBUG c.h.p.o.h.HiveMQPlatformReconcilerErrorHandler - [helmcust] Pod 'test-hivemq-platform-1' phase Running
2025-01-29 22:16:50,873 INFO c.h.h.t.HelmChartContainer - [hivemq-test-hivemq-platform] [hivemq-platform-operator] [0c474f2e] 22:16:50.870 [ReconcilerExecutor-hivemq-controller-118] DEBUG c.h.p.o.h.HiveMQPlatformReconcilerErrorHandler - [helmcust] Pod 'test-hivemq-platform-0' phase Running
2025-01-29 22:16:50,873 INFO c.h.h.t.HelmChartContainer - [hivemq-test-hivemq-platform] [hivemq-platform-operator] [0c474f2e] 22:16:50.871 [ReconcilerExecutor-hivemq-controller-118] INFO  c.h.p.o.h.HiveMQPlatformReconcilerBaseHandler - [helmcust] HiveMQ Platform is starting, 1 of 2 replicas are ready
2025-01-29 22:16:51,619 INFO c.h.h.t.HelmChartContainer - [test-hivemq-platform] [hivemq] [96735de9] INFO  - Started Jetty Server exposing Prometheus Servlet on URI http://0.0.0.0:9399/
2025-01-29 22:16:51,619 INFO c.h.h.t.HelmChartContainer - [test-hivemq-platform] [hivemq] [96735de9] INFO  - Extension "Prometheus Monitoring Extension" version 4.0.12 started successfully.
2025-01-29 22:16:51,619 INFO c.h.h.t.HelmChartContainer - [test-hivemq-platform] [hivemq] [96735de9] INFO  - Starting extension with id "hivemq-allow-all-extension" at /opt/hivemq/extensions/hivemq-allow-all-extension
2025-01-29 22:16:51,681 INFO c.h.h.t.HelmChartContainer - [test-hivemq-platform] [hivemq] [96735de9] WARN  - 
2025-01-29 22:16:51,681 INFO c.h.h.t.HelmChartContainer - [test-hivemq-platform] [hivemq] [96735de9] ################################################################################################################
2025-01-29 22:16:51,681 INFO c.h.h.t.HelmChartContainer - [test-hivemq-platform] [hivemq] [96735de9] # This HiveMQ deployment is not secure! You are lacking Authentication and Authorization.                      #
2025-01-29 22:16:51,681 INFO c.h.h.t.HelmChartContainer - [test-hivemq-platform] [hivemq] [96735de9] # Right now any MQTT client can connect to the broker with a full set of permissions.                          #
2025-01-29 22:16:51,681 INFO c.h.h.t.HelmChartContainer - [test-hivemq-platform] [hivemq] [96735de9] # For production usage, add an appropriate security extension and remove the hivemq-allow-all extension.       #
2025-01-29 22:16:51,681 INFO c.h.h.t.HelmChartContainer - [test-hivemq-platform] [hivemq] [96735de9] # You can download security extensions from the HiveMQ Marketplace (https://www.hivemq.com/extensions/).       #
2025-01-29 22:16:51,681 INFO c.h.h.t.HelmChartContainer - [test-hivemq-platform] [hivemq] [96735de9] ################################################################################################################
2025-01-29 22:16:51,682 INFO c.h.h.t.HelmChartContainer - [test-hivemq-platform] [hivemq] [96735de9] INFO  - Extension "Allow All Extension" version 1.1.1 started successfully.
2025-01-29 22:16:51,735 INFO c.h.h.t.HelmChartContainer - [EVENT] Warning [Unhealthy] Readiness probe failed: Get "http://10.42.0.12:7979/readiness": context deadline exceeded (Client.Timeout exceeded while awaiting headers) [helmcustomconfigit:test-hivemq-platform-1]
2025-01-29 22:16:51,735 INFO c.h.h.t.HelmChartContainer - Received Unhealthy event for container hivemq in pod test-hivemq-platform-1 [96735de9-1879-4621-83bd-0487863153fb]
2025-01-29 22:16:51,891 INFO c.h.h.t.HelmChartContainer - [test-hivemq-platform] [hivemq] [d7e1baa7] INFO  - Cluster nodes found by discovery: [3KPQY|1] (2) [3KPQY, h2L7I].
2025-01-29 22:16:51,988 INFO c.h.h.t.HelmChartContainer - [test-hivemq-platform] [hivemq] [96735de9] INFO  - Cluster nodes found by discovery: [3KPQY|1] (2) [3KPQY, h2L7I].
2025-01-29 22:16:52,092 INFO c.h.h.t.HelmChartContainer - [test-hivemq-platform] [hivemq] [96735de9] INFO  - [HiveMQ Platform Operator Init App 1.7.0-SNAPSHOT] Returning Health API response 503 for readiness
2025-01-29 22:16:52,291 INFO c.h.h.t.HelmChartContainer - [test-hivemq-platform] [hivemq] [96735de9] INFO  - Cluster size = 1, members : [3KPQY].
2025-01-29 22:16:52,889 INFO c.h.h.t.HelmChartContainer - [test-hivemq-platform] [hivemq] [96735de9] INFO  - Starting cluster join process. This may take a while. Please do not shut down HiveMQ.
2025-01-29 22:16:52,892 INFO c.h.h.t.HelmChartContainer - [test-hivemq-platform] [hivemq] [96735de9] INFO  - Cluster join process is still ongoing. Please do not shut down HiveMQ.
2025-01-29 22:16:54,903 INFO c.h.h.t.HelmChartContainer - [test-hivemq-platform] [hivemq] [d7e1baa7] INFO  - Cluster size = 2, members : [3KPQY, h2L7I].
2025-01-29 22:16:54,912 INFO c.h.h.t.HelmChartContainer - [test-hivemq-platform] [hivemq] [96735de9] INFO  - Cluster size = 2, members : [3KPQY, h2L7I].
2025-01-29 22:16:54,922 INFO c.h.h.t.HelmChartContainer - [test-hivemq-platform] [hivemq] [96735de9] INFO  - Finished cluster join process successfully.
2025-01-29 22:16:54,981 INFO c.h.h.t.HelmChartContainer - [test-hivemq-platform] [hivemq] [96735de9] WARN  - No user for HiveMQ Control Center configured. Starting with default user
2025-01-29 22:16:54,981 INFO c.h.h.t.HelmChartContainer - [test-hivemq-platform] [hivemq] [96735de9] INFO  - Starting HiveMQ Control Center on address 0.0.0.0 and port 8080
2025-01-29 22:16:54,989 INFO c.h.h.t.HelmChartContainer - [test-hivemq-platform] [hivemq] [96735de9] INFO  - Mounting HiveMQ Control Center V2 Preview
2025-01-29 22:16:55,687 INFO c.h.h.t.HelmChartContainer - [test-hivemq-platform] [hivemq] [96735de9] INFO  - Started HiveMQ Control Center in 707ms
2025-01-29 22:16:55,701 INFO c.h.h.t.HelmChartContainer - [EVENT] Warning [Unhealthy] Readiness probe failed: HTTP probe failed with statuscode: 503 [helmcustomconfigit:test-hivemq-platform-1]
2025-01-29 22:16:55,701 INFO c.h.h.t.HelmChartContainer - Received Unhealthy event for container hivemq in pod test-hivemq-platform-1 [96735de9-1879-4621-83bd-0487863153fb]
2025-01-29 22:16:55,704 INFO c.h.h.t.HelmChartContainer - [test-hivemq-platform] [hivemq] [96735de9] INFO  - Starting TCP listener on address 0.0.0.0 and port 1883
2025-01-29 22:16:55,787 INFO c.h.h.t.HelmChartContainer - [test-hivemq-platform] [hivemq] [96735de9] INFO  - Started TCP Listener on address 0.0.0.0 and on port 1883.
2025-01-29 22:16:55,787 INFO c.h.h.t.HelmChartContainer - [test-hivemq-platform] [hivemq] [96735de9] INFO  - Started HiveMQ in 34004ms
2025-01-29 22:17:00,697 INFO c.h.h.t.HelmChartContainer - [test-hivemq-platform] [hivemq] [96735de9] INFO  - [HiveMQ Platform Operator Init App 1.7.0-SNAPSHOT] Returning Health API response 200 for readiness
2025-01-29 22:17:00,711 INFO c.h.h.t.HelmChartContainer - [POD] test-hivemq-platform-1 [96735de9-1879-4621-83bd-0487863153fb] in helmcustomconfigit was MODIFIED
2025-01-29 22:17:00,712 INFO c.h.h.t.HelmChartContainer - [hivemq-test-hivemq-platform] [hivemq-platform-operator] [0c474f2e] 22:17:00.711 [pool-6-thread-29] DEBUG c.h.p.o.d.PlatformServiceResource - [helmcust] Desired Platform services (3 services)
2025-01-29 22:17:00,722 INFO c.h.h.t.HelmChartContainer - [hivemq-test-hivemq-platform] [hivemq-platform-operator] [0c474f2e] 22:17:00.713 [pool-6-thread-28] DEBUG c.h.p.o.dependants.PodInfoConfigMap - [helmcust] Desired PodInfo ConfigMap (1 extensions) (1 enabled)
2025-01-29 22:17:00,722 INFO c.h.h.t.HelmChartContainer - [hivemq-test-hivemq-platform] [hivemq-platform-operator] [0c474f2e] 22:17:00.713 [pool-6-thread-28] DEBUG c.h.p.o.dependants.PodInfoConfigMap - [helmcust] Desired PodInfo ConfigMap (metrics port: 9399) (metrics path: /)
2025-01-29 22:17:00,722 INFO c.h.h.t.HelmChartContainer - [hivemq-test-hivemq-platform] [hivemq-platform-operator] [0c474f2e] 22:17:00.713 [pool-6-thread-28] DEBUG c.h.p.o.dependants.PodInfoConfigMap - [helmcust] Desired PodInfo ConfigMap (extension state hash: -1817474005)
2025-01-29 22:17:00,732 INFO c.h.h.t.HelmChartContainer - [hivemq-test-hivemq-platform] [hivemq-platform-operator] [0c474f2e] 22:17:00.723 [pool-6-thread-22] DEBUG c.h.p.o.d.PodServiceAccountResource - [helmcust] Desired PodServiceAccountResource (serviceAccountName: hivemq-platform-pod-test-hivemq-platform)
2025-01-29 22:17:00,732 INFO c.h.h.t.HelmChartContainer - [hivemq-test-hivemq-platform] [hivemq-platform-operator] [0c474f2e] 22:17:00.729 [pool-6-thread-29] DEBUG c.h.p.o.d.StatefulSetResource - [helmcust] Desired StatefulSet (2 replicas) for status STARTING (READY)
2025-01-29 22:17:00,735 INFO c.h.h.t.HelmChartContainer - [hivemq-test-hivemq-platform] [hivemq-platform-operator] [0c474f2e] 22:17:00.734 [ReconcilerExecutor-hivemq-controller-119] INFO  c.h.p.o.HiveMQPlatformReconciler - [helmcust] Reconciling HiveMQ Platform 'test-hivemq-platform' in namespace 'helmcustomconfigit'
2025-01-29 22:17:00,735 INFO c.h.h.t.HelmChartContainer - [hivemq-test-hivemq-platform] [hivemq-platform-operator] [0c474f2e] 22:17:00.734 [ReconcilerExecutor-hivemq-controller-119] DEBUG c.h.p.o.HiveMQPlatformReconciler - [helmcust] Custom Resource Status STARTING - HiveMQ Platform is starting (READY)
2025-01-29 22:17:00,735 INFO c.h.h.t.HelmChartContainer - [hivemq-test-hivemq-platform] [hivemq-platform-operator] [0c474f2e] 22:17:00.734 [ReconcilerExecutor-hivemq-controller-119] DEBUG c.h.p.o.HiveMQPlatformReconciler - [helmcust] Custom Resource Spec (replicas: 2) (extensions: 1)
2025-01-29 22:17:00,737 INFO c.h.h.t.HelmChartContainer - [hivemq-test-hivemq-platform] [hivemq-platform-operator] [0c474f2e] 22:17:00.736 [ReconcilerExecutor-hivemq-controller-119] DEBUG c.h.p.o.HiveMQPlatformReconciler - [helmcust] StatefulSet Status (revision: test-hivemq-platform-6b448bcf6f, replicas: 2, available: 2, ready: 2, current: 2, updated: 2)
2025-01-29 22:17:00,737 INFO c.h.h.t.HelmChartContainer - [hivemq-test-hivemq-platform] [hivemq-platform-operator] [0c474f2e] 22:17:00.736 [ReconcilerExecutor-hivemq-controller-119] DEBUG c.h.p.o.HiveMQPlatformReconciler - [helmcust] StatefulSet Spec (replicas: 2, init containers: 1, containers: 1, volumes: 3)
2025-01-29 22:17:00,738 INFO c.h.h.t.HelmChartContainer - [hivemq-test-hivemq-platform] [hivemq-platform-operator] [0c474f2e] 22:17:00.737 [ReconcilerExecutor-hivemq-controller-119] DEBUG c.h.p.o.h.HiveMQPlatformReconcilerErrorHandler - [helmcust] Pod 'test-hivemq-platform-1' phase Running
2025-01-29 22:17:00,741 INFO c.h.h.t.HelmChartContainer - [hivemq-test-hivemq-platform] [hivemq-platform-operator] [0c474f2e] 22:17:00.739 [ReconcilerExecutor-hivemq-controller-119] DEBUG c.h.p.o.h.HiveMQPlatformReconcilerErrorHandler - [helmcust] Pod 'test-hivemq-platform-0' phase Running
2025-01-29 22:17:00,741 INFO c.h.h.t.HelmChartContainer - [hivemq-test-hivemq-platform] [hivemq-platform-operator] [0c474f2e] 22:17:00.739 [ReconcilerExecutor-hivemq-controller-119] INFO  c.h.p.o.h.HiveMQPlatformReconcilerBaseHandler - [helmcust] HiveMQ Platform started successfully
2025-01-29 22:17:00,859 INFO c.h.h.t.HelmChartContainer - [hivemq-test-hivemq-platform] [hivemq-platform-operator] [0c474f2e] 22:17:00.858 [ReconcilerExecutor-hivemq-controller-119] DEBUG c.h.p.operator.event.EventSender - [helmcust] Creating K8s event hivemq-platform-ready: [Ready] HiveMQ Platform is ready
2025-01-29 22:17:00,862 INFO c.h.h.t.HelmChartContainer - [EVENT] Normal [Ready] HiveMQ Platform is ready [helmcustomconfigit:test-hivemq-platform]
2025-01-29 22:17:00,911 INFO c.h.h.t.HelmChartContainer - [hivemq-test-hivemq-platform] [hivemq-platform-operator] [0c474f2e] 22:17:00.910 [ReconcilerExecutor-hivemq-controller-119] INFO  c.h.p.o.h.AbstractHiveMQReconcilerStateHandler - [helmcust] Update HiveMQ Platform Status (STARTING [READY] -> RUNNING [READY]): HiveMQ Platform is ready
2025-01-29 22:17:00,919 DEBUG com.hivemq.helmcharts.util.K8sUtil - Comparing actual state 'RUNNING' and waiting for 'RUNNING'
2025-01-29 22:17:00,924 INFO c.h.h.t.HelmChartContainer - [hivemq-test-hivemq-platform] [hivemq-platform-operator] [0c474f2e] 22:17:00.921 [pool-6-thread-36] DEBUG c.h.p.o.d.PlatformServiceResource - [helmcust] Desired Platform services (3 services)
2025-01-29 22:17:00,924 INFO c.h.h.t.HelmChartContainer - [hivemq-test-hivemq-platform] [hivemq-platform-operator] [0c474f2e] 22:17:00.923 [pool-6-thread-39] DEBUG c.h.p.o.d.PodServiceAccountResource - [helmcust] Desired PodServiceAccountResource (serviceAccountName: hivemq-platform-pod-test-hivemq-platform)
2025-01-29 22:17:00,926 INFO c.h.h.t.HelmChartContainer - [hivemq-test-hivemq-platform] [hivemq-platform-operator] [0c474f2e] 22:17:00.924 [pool-6-thread-33] DEBUG c.h.p.o.dependants.PodInfoConfigMap - [helmcust] Desired PodInfo ConfigMap (1 extensions) (1 enabled)
2025-01-29 22:17:00,926 INFO c.h.h.t.HelmChartContainer - [hivemq-test-hivemq-platform] [hivemq-platform-operator] [0c474f2e] 22:17:00.924 [pool-6-thread-33] DEBUG c.h.p.o.dependants.PodInfoConfigMap - [helmcust] Desired PodInfo ConfigMap (metrics port: 9399) (metrics path: /)
2025-01-29 22:17:00,926 INFO c.h.h.t.HelmChartContainer - [hivemq-test-hivemq-platform] [hivemq-platform-operator] [0c474f2e] 22:17:00.924 [pool-6-thread-33] DEBUG c.h.p.o.dependants.PodInfoConfigMap - [helmcust] Desired PodInfo ConfigMap (extension state hash: -1817474005)
2025-01-29 22:17:00,926 INFO c.h.h.t.HelmChartContainer - [hivemq-test-hivemq-platform] [hivemq-platform-operator] [0c474f2e] 22:17:00.925 [pool-6-thread-33] DEBUG c.h.p.o.dependants.PodInfoConfigMap - [helmcust] Update PodInfo ConfigMap
2025-01-29 22:17:00,947 INFO c.h.h.t.HelmChartContainer - Uninstalling release 'test-hivemq-platform' in namespace 'helmcustomconfigit'...
2025-01-29 22:17:00,947 DEBUG c.h.h.t.HelmChartContainer - Executing helm command: /bin/helm --kubeconfig /etc/rancher/k3s/k3s.yaml uninstall test-hivemq-platform  --wait --timeout 5m0s --cascade foreground --namespace helmcustomconfigit
2025-01-29 22:17:00,964 INFO c.h.h.t.HelmChartContainer - [hivemq-test-hivemq-platform] [hivemq-platform-operator] [0c474f2e] 22:17:00.963 [pool-6-thread-33] DEBUG c.h.p.o.d.StatefulSetResource - [helmcust] Desired StatefulSet (2 replicas) for status RUNNING (READY)
2025-01-29 22:17:00,966 INFO c.h.h.t.HelmChartContainer - [hivemq-test-hivemq-platform] [hivemq-platform-operator] [0c474f2e] 22:17:00.966 [ReconcilerExecutor-hivemq-controller-120] INFO  c.h.p.o.HiveMQPlatformReconciler - [helmcust] Reconciling HiveMQ Platform 'test-hivemq-platform' in namespace 'helmcustomconfigit'
2025-01-29 22:17:00,966 INFO c.h.h.t.HelmChartContainer - [hivemq-test-hivemq-platform] [hivemq-platform-operator] [0c474f2e] 22:17:00.966 [ReconcilerExecutor-hivemq-controller-120] DEBUG c.h.p.o.HiveMQPlatformReconciler - [helmcust] Custom Resource Status RUNNING - HiveMQ Platform is ready (READY)
2025-01-29 22:17:00,966 INFO c.h.h.t.HelmChartContainer - [hivemq-test-hivemq-platform] [hivemq-platform-operator] [0c474f2e] 22:17:00.966 [ReconcilerExecutor-hivemq-controller-120] DEBUG c.h.p.o.HiveMQPlatformReconciler - [helmcust] Custom Resource Spec (replicas: 2) (extensions: 1)
2025-01-29 22:17:01,013 INFO c.h.h.t.HelmChartContainer - [hivemq-test-hivemq-platform] [hivemq-platform-operator] [0c474f2e] 22:17:01.010 [ReconcilerExecutor-hivemq-controller-120] DEBUG c.h.p.o.HiveMQPlatformReconciler - [helmcust] StatefulSet Status (revision: test-hivemq-platform-6b448bcf6f, replicas: 2, available: 2, ready: 2, current: 2, updated: 2)
2025-01-29 22:17:01,013 INFO c.h.h.t.HelmChartContainer - [hivemq-test-hivemq-platform] [hivemq-platform-operator] [0c474f2e] 22:17:01.010 [ReconcilerExecutor-hivemq-controller-120] DEBUG c.h.p.o.HiveMQPlatformReconciler - [helmcust] StatefulSet Spec (replicas: 2, init containers: 1, containers: 1, volumes: 3)
2025-01-29 22:17:01,021 INFO c.h.h.t.HelmChartContainer - [hivemq-test-hivemq-platform] [hivemq-platform-operator] [0c474f2e] 22:17:01.015 [ReconcilerExecutor-hivemq-controller-120] DEBUG c.h.p.o.h.HiveMQPlatformReconcilerErrorHandler - [helmcust] Pod 'test-hivemq-platform-1' phase Running
2025-01-29 22:17:01,021 INFO c.h.h.t.HelmChartContainer - [hivemq-test-hivemq-platform] [hivemq-platform-operator] [0c474f2e] 22:17:01.017 [ReconcilerExecutor-hivemq-controller-120] DEBUG c.h.p.o.h.HiveMQPlatformReconcilerErrorHandler - [helmcust] Pod 'test-hivemq-platform-0' phase Running
2025-01-29 22:17:01,141 INFO c.h.h.t.HelmChartContainer - [hivemq-test-hivemq-platform] [hivemq-platform-operator] [0c474f2e] 22:17:01.139 [pool-6-thread-48] DEBUG c.h.p.o.d.PlatformServiceResource - [helmcust] Desired Platform services (3 services)
2025-01-29 22:17:01,148 INFO c.h.h.t.HelmChartContainer - [hivemq-test-hivemq-platform] [hivemq-platform-operator] [0c474f2e] 22:17:01.145 [pool-6-thread-46] DEBUG c.h.p.o.d.PodServiceAccountResource - [helmcust] Desired PodServiceAccountResource (serviceAccountName: hivemq-platform-pod-test-hivemq-platform)
2025-01-29 22:17:01,154 INFO c.h.h.t.HelmChartContainer - [hivemq-test-hivemq-platform] [hivemq-platform-operator] [0c474f2e] 22:17:01.142 [pool-6-thread-47] DEBUG c.h.p.o.dependants.PodInfoConfigMap - [helmcust] Desired PodInfo ConfigMap (1 extensions) (1 enabled)
2025-01-29 22:17:01,154 INFO c.h.h.t.HelmChartContainer - [hivemq-test-hivemq-platform] [hivemq-platform-operator] [0c474f2e] 22:17:01.147 [pool-6-thread-47] DEBUG c.h.p.o.dependants.PodInfoConfigMap - [helmcust] Desired PodInfo ConfigMap (metrics port: 9399) (metrics path: /)
2025-01-29 22:17:01,154 INFO c.h.h.t.HelmChartContainer - [hivemq-test-hivemq-platform] [hivemq-platform-operator] [0c474f2e] 22:17:01.147 [pool-6-thread-47] DEBUG c.h.p.o.dependants.PodInfoConfigMap - [helmcust] Desired PodInfo ConfigMap (extension state hash: -1817474005)
2025-01-29 22:17:01,154 INFO c.h.h.t.HelmChartContainer - [hivemq-test-hivemq-platform] [hivemq-platform-operator] [0c474f2e] 22:17:01.151 [pool-6-thread-48] DEBUG c.h.p.o.d.StatefulSetResource - [helmcust] Desired StatefulSet (2 replicas) for status RUNNING (READY)
2025-01-29 22:17:01,159 INFO c.h.h.t.HelmChartContainer - [hivemq-test-hivemq-platform] [hivemq-platform-operator] [0c474f2e] 22:17:01.154 [ReconcilerExecutor-hivemq-controller-121] INFO  c.h.p.o.HiveMQPlatformReconciler - [helmcust] Reconciling HiveMQ Platform 'test-hivemq-platform' in namespace 'helmcustomconfigit'
2025-01-29 22:17:01,162 INFO c.h.h.t.HelmChartContainer - [hivemq-test-hivemq-platform] [hivemq-platform-operator] [0c474f2e] 22:17:01.154 [ReconcilerExecutor-hivemq-controller-121] DEBUG c.h.p.o.HiveMQPlatformReconciler - [helmcust] Custom Resource Status RUNNING - HiveMQ Platform is ready (READY)
2025-01-29 22:17:01,164 INFO c.h.h.t.HelmChartContainer - [hivemq-test-hivemq-platform] [hivemq-platform-operator] [0c474f2e] 22:17:01.155 [ReconcilerExecutor-hivemq-controller-121] DEBUG c.h.p.o.HiveMQPlatformReconciler - [helmcust] Custom Resource Spec (replicas: 2) (extensions: 1)
2025-01-29 22:17:01,197 INFO c.h.h.t.HelmChartContainer - [K3S] [authentication.go:74] "Unable to authenticate the request" err="[invalid bearer token, serviceaccounts \"hivemq-platform-pod-test-hivemq-platform\" not found]"
2025-01-29 22:17:01,214 INFO c.h.h.t.HelmChartContainer - [hivemq-test-hivemq-platform] [hivemq-platform-operator] [0c474f2e] 22:17:01.209 [ReconcilerExecutor-hivemq-controller-121] DEBUG c.h.p.o.HiveMQPlatformReconciler - [helmcust] StatefulSet Status (revision: test-hivemq-platform-6b448bcf6f, replicas: 2, available: 2, ready: 2, current: 2, updated: 2)
2025-01-29 22:17:01,214 INFO c.h.h.t.HelmChartContainer - [hivemq-test-hivemq-platform] [hivemq-platform-operator] [0c474f2e] 22:17:01.209 [ReconcilerExecutor-hivemq-controller-121] DEBUG c.h.p.o.HiveMQPlatformReconciler - [helmcust] StatefulSet Spec (replicas: 2, init containers: 1, containers: 1, volumes: 3)
2025-01-29 22:17:01,214 INFO c.h.h.t.HelmChartContainer - [hivemq-test-hivemq-platform] [hivemq-platform-operator] [0c474f2e] 22:17:01.211 [ReconcilerExecutor-hivemq-controller-121] DEBUG c.h.p.o.h.HiveMQPlatformReconcilerErrorHandler - [helmcust] Pod 'test-hivemq-platform-1' phase Running
2025-01-29 22:17:01,214 INFO c.h.h.t.HelmChartContainer - [hivemq-test-hivemq-platform] [hivemq-platform-operator] [0c474f2e] 22:17:01.212 [ReconcilerExecutor-hivemq-controller-121] DEBUG c.h.p.o.h.HiveMQPlatformReconcilerErrorHandler - [helmcust] Pod 'test-hivemq-platform-0' phase Running
2025-01-29 22:17:01,228 INFO c.h.h.t.HelmChartContainer - [K3S] [authentication.go:74] "Unable to authenticate the request" err="[invalid bearer token, serviceaccounts \"hivemq-platform-pod-test-hivemq-platform\" not found]"
2025-01-29 22:17:01,287 INFO c.h.h.t.HelmChartContainer - [test-hivemq-platform] [hivemq] [96735de9] WARN  - [HiveMQ Platform Operator Init App 1.7.0-SNAPSHOT] Could not update Pod annotations: Failure executing: GET at: https://10.43.0.1:443/api/v1/namespaces/helmcustomconfigit/pods/test-hivemq-platform-1. Message: Unauthorized. Received status: Status(apiVersion=v1, code=401, details=null, kind=Status, message=Unauthorized, metadata=ListMeta(_continue=null, remainingItemCount=null, resourceVersion=null, selfLink=null, additionalProperties={}), reason=Unauthorized, status=Failure, additionalProperties={}).
2025-01-29 22:17:01,312 INFO c.h.h.t.HelmChartContainer - [hivemq-test-hivemq-platform] [hivemq-platform-operator] [0c474f2e] 22:17:01.226 [ReconcilerExecutor-hivemq-controller-124] INFO  c.h.p.o.HiveMQPlatformReconciler - [helmcust] Cleanup test-hivemq-platform - helmcustomconfigit HiveMQ Platform is shut down
2025-01-29 22:17:01,902 INFO c.h.h.t.HelmChartContainer - [POD] test-hivemq-platform-0 [d7e1baa7-4761-48c4-8dd1-3cac604f2d82] in helmcustomconfigit was MODIFIED
2025-01-29 22:17:01,907 INFO c.h.h.t.HelmChartContainer - [EVENT] Normal [Killing] Stopping container hivemq [helmcustomconfigit:test-hivemq-platform-0]
2025-01-29 22:17:01,907 INFO c.h.h.t.HelmChartContainer - Received Killing event for container hivemq in pod test-hivemq-platform-0 [d7e1baa7-4761-48c4-8dd1-3cac604f2d82]
2025-01-29 22:17:01,907 INFO c.h.h.t.HelmChartContainer - Container [test-hivemq-platform-0] [hivemq] [d7e1baa7-4761-48c4-8dd1-3cac604f2d82] was terminated
2025-01-29 22:17:01,907 INFO c.h.h.t.HelmChartContainer - Stopped log watcher for hivemq in pod test-hivemq-platform-0 [d7e1baa7-4761-48c4-8dd1-3cac604f2d82]
2025-01-29 22:17:01,912 INFO c.h.h.t.HelmChartContainer - [test-hivemq-platform] [hivemq] [d7e1baa7] INFO  - [HiveMQ Platform Operator Init App 1.7.0-SNAPSHOT] Shutting down
2025-01-29 22:17:01,912 INFO c.h.h.t.HelmChartContainer - [test-hivemq-platform] [hivemq] [d7e1baa7] INFO  - [HiveMQ Platform Operator Init App 1.7.0-SNAPSHOT] Stopping the HiveMQ Platform
2025-01-29 22:17:01,952 INFO c.h.h.t.HelmChartContainer - [POD] test-hivemq-platform-1 [96735de9-1879-4621-83bd-0487863153fb] in helmcustomconfigit was MODIFIED
2025-01-29 22:17:01,964 INFO c.h.h.t.HelmChartContainer - [test-hivemq-platform] [hivemq] [96735de9] INFO  - [HiveMQ Platform Operator Init App 1.7.0-SNAPSHOT] Shutting down
2025-01-29 22:17:01,964 INFO c.h.h.t.HelmChartContainer - [test-hivemq-platform] [hivemq] [96735de9] INFO  - [HiveMQ Platform Operator Init App 1.7.0-SNAPSHOT] Stopping the HiveMQ Platform
2025-01-29 22:17:01,965 INFO c.h.h.t.HelmChartContainer - [EVENT] Normal [Killing] Stopping container hivemq [helmcustomconfigit:test-hivemq-platform-1]
2025-01-29 22:17:01,966 INFO c.h.h.t.HelmChartContainer - Received Killing event for container hivemq in pod test-hivemq-platform-1 [96735de9-1879-4621-83bd-0487863153fb]
2025-01-29 22:17:01,967 INFO c.h.h.t.HelmChartContainer - Container [test-hivemq-platform-1] [hivemq] [96735de9-1879-4621-83bd-0487863153fb] was terminated
2025-01-29 22:17:01,967 INFO c.h.h.t.HelmChartContainer - Stopped log watcher for hivemq in pod test-hivemq-platform-1 [96735de9-1879-4621-83bd-0487863153fb]
2025-01-29 22:17:02,036 INFO c.h.h.t.HelmChartContainer - [test-hivemq-platform] [hivemq] [96735de9] INFO  - Shutting down HiveMQ. Please wait, this could take a while...
2025-01-29 22:17:02,112 INFO c.h.h.t.HelmChartContainer - [test-hivemq-platform] [hivemq] [d7e1baa7] INFO  - Shutting down HiveMQ. Please wait, this could take a while...
2025-01-29 22:17:02,118 INFO c.h.h.t.HelmChartContainer - [test-hivemq-platform] [hivemq] [d7e1baa7] INFO  - Shutting down listeners and clients
2025-01-29 22:17:02,121 INFO c.h.h.t.HelmChartContainer - [test-hivemq-platform] [hivemq] [d7e1baa7] INFO  - Shutdown of listeners is done
2025-01-29 22:17:02,121 INFO c.h.h.t.HelmChartContainer - [test-hivemq-platform] [hivemq] [d7e1baa7] INFO  - No clients are connected, proceeding with shutdown
2025-01-29 22:17:02,123 INFO c.h.h.t.HelmChartContainer - [test-hivemq-platform] [hivemq] [96735de9] INFO  - Shutting down listeners and clients
2025-01-29 22:17:02,126 INFO c.h.h.t.HelmChartContainer - [test-hivemq-platform] [hivemq] [96735de9] INFO  - Shutdown of listeners is done
2025-01-29 22:17:02,128 INFO c.h.h.t.HelmChartContainer - [test-hivemq-platform] [hivemq] [96735de9] INFO  - No clients are connected, proceeding with shutdown
2025-01-29 22:17:02,531 INFO c.h.h.t.HelmChartContainer - [test-hivemq-platform] [hivemq] [d7e1baa7] INFO  - [HiveMQ Platform Operator Init App 1.7.0-SNAPSHOT] Returning shutdown Health API response 503 for readiness
2025-01-29 22:17:02,534 INFO c.h.h.t.HelmChartContainer - [EVENT] Warning [Unhealthy] Readiness probe failed: HTTP probe failed with statuscode: 503 [helmcustomconfigit:test-hivemq-platform-0]
2025-01-29 22:17:02,534 INFO c.h.h.t.HelmChartContainer - Received Unhealthy event for container hivemq in pod test-hivemq-platform-0 [d7e1baa7-4761-48c4-8dd1-3cac604f2d82]
2025-01-29 22:17:03,065 INFO c.h.h.t.HelmChartContainer - [test-hivemq-platform] [hivemq] [d7e1baa7] WARN  - [HiveMQ Platform Operator Init App 1.7.0-SNAPSHOT] Could not update Pod annotations: Failure executing: GET at: https://10.43.0.1:443/api/v1/namespaces/helmcustomconfigit/pods/test-hivemq-platform-0. Message: pods "test-hivemq-platform-0" is forbidden: User "system:serviceaccount:helmcustomconfigit:hivemq-platform-pod-test-hivemq-platform" cannot get resource "pods" in API group "" in the namespace "helmcustomconfigit". Received status: Status(apiVersion=v1, code=403, details=StatusDetails(causes=[], group=null, kind=pods, name=test-hivemq-platform-0, retryAfterSeconds=null, uid=null, additionalProperties={}), kind=Status, message=pods "test-hivemq-platform-0" is forbidden: User "system:serviceaccount:helmcustomconfigit:hivemq-platform-pod-test-hivemq-platform" cannot get resource "pods" in API group "" in the namespace "helmcustomconfigit", metadata=ListMeta(_continue=null, remainingItemCount=null, resourceVersion=null, selfLink=null, additionalProperties={}), reason=Forbidden, status=Failure, additionalProperties={}).
2025-01-29 22:17:03,189 INFO c.h.h.t.HelmChartContainer - Deleting namespace 'helmcustomconfigit'...
2025-01-29 22:17:04,687 INFO c.h.h.t.HelmChartContainer - [test-hivemq-platform] [hivemq] [96735de9] INFO  - Shutting down extension system
2025-01-29 22:17:04,693 INFO c.h.h.t.HelmChartContainer - [test-hivemq-platform] [hivemq] [96735de9] INFO  - Stopping extension with id hivemq-dns-cluster-discovery
2025-01-29 22:17:04,694 INFO c.h.h.t.HelmChartContainer - [test-hivemq-platform] [hivemq] [96735de9] INFO  - Extension "DNS Cluster Discovery Extension" version 4.3.2 stopped successfully.
2025-01-29 22:17:04,694 INFO c.h.h.t.HelmChartContainer - [test-hivemq-platform] [hivemq] [96735de9] INFO  - Stopping extension with id hivemq-prometheus-extension
2025-01-29 22:17:04,698 INFO c.h.h.t.HelmChartContainer - [test-hivemq-platform] [hivemq] [96735de9] INFO  - Extension "Prometheus Monitoring Extension" version 4.0.12 stopped successfully.
2025-01-29 22:17:04,698 INFO c.h.h.t.HelmChartContainer - [test-hivemq-platform] [hivemq] [96735de9] INFO  - Stopping extension with id hivemq-allow-all-extension
2025-01-29 22:17:04,698 INFO c.h.h.t.HelmChartContainer - [test-hivemq-platform] [hivemq] [96735de9] INFO  - Extension "Allow All Extension" version 1.1.1 stopped successfully.
2025-01-29 22:17:04,703 INFO c.h.h.t.HelmChartContainer - [test-hivemq-platform] [hivemq] [d7e1baa7] INFO  - Cluster nodes found by discovery: [3KPQY|2] (1) [3KPQY].
2025-01-29 22:17:04,709 INFO c.h.h.t.HelmChartContainer - [test-hivemq-platform] [hivemq] [d7e1baa7] INFO  - Cluster size = 1, members : [3KPQY].
2025-01-29 22:17:05,043 INFO c.h.h.t.HelmChartContainer - [test-hivemq-platform] [hivemq] [d7e1baa7] INFO  - Shutting down extension system
2025-01-29 22:17:05,050 INFO c.h.h.t.HelmChartContainer - [test-hivemq-platform] [hivemq] [d7e1baa7] INFO  - Stopping extension with id hivemq-dns-cluster-discovery
2025-01-29 22:17:05,050 INFO c.h.h.t.HelmChartContainer - [test-hivemq-platform] [hivemq] [d7e1baa7] INFO  - Extension "DNS Cluster Discovery Extension" version 4.3.2 stopped successfully.
2025-01-29 22:17:05,050 INFO c.h.h.t.HelmChartContainer - [test-hivemq-platform] [hivemq] [d7e1baa7] INFO  - Stopping extension with id hivemq-prometheus-extension
2025-01-29 22:17:05,057 INFO c.h.h.t.HelmChartContainer - [test-hivemq-platform] [hivemq] [d7e1baa7] INFO  - Extension "Prometheus Monitoring Extension" version 4.0.12 stopped successfully.
2025-01-29 22:17:05,057 INFO c.h.h.t.HelmChartContainer - [test-hivemq-platform] [hivemq] [d7e1baa7] INFO  - Stopping extension with id hivemq-allow-all-extension
2025-01-29 22:17:05,057 INFO c.h.h.t.HelmChartContainer - [test-hivemq-platform] [hivemq] [d7e1baa7] INFO  - Extension "Allow All Extension" version 1.1.1 stopped successfully.
2025-01-29 22:17:05,693 INFO c.h.h.t.HelmChartContainer - [test-hivemq-platform] [hivemq] [96735de9] INFO  - [HiveMQ Platform Operator Init App 1.7.0-SNAPSHOT] Returning shutdown Health API response 503 for readiness
2025-01-29 22:17:05,697 INFO c.h.h.t.HelmChartContainer - [EVENT] Warning [Unhealthy] Readiness probe failed: HTTP probe failed with statuscode: 503 [helmcustomconfigit:test-hivemq-platform-1]
2025-01-29 22:17:05,697 INFO c.h.h.t.HelmChartContainer - Received Unhealthy event for container hivemq in pod test-hivemq-platform-1 [96735de9-1879-4621-83bd-0487863153fb]
2025-01-29 22:17:06,291 INFO c.h.h.t.HelmChartContainer - [K3S] [authentication.go:74] "Unable to authenticate the request" err="[invalid bearer token, serviceaccounts \"hivemq-platform-pod-test-hivemq-platform\" not found]"
2025-01-29 22:17:06,303 INFO c.h.h.t.HelmChartContainer - [K3S] [authentication.go:74] "Unable to authenticate the request" err="[invalid bearer token, serviceaccounts \"hivemq-platform-pod-test-hivemq-platform\" not found]"
2025-01-29 22:17:06,305 INFO c.h.h.t.HelmChartContainer - [test-hivemq-platform] [hivemq] [96735de9] WARN  - [HiveMQ Platform Operator Init App 1.7.0-SNAPSHOT] Could not update Pod annotations: Failure executing: GET at: https://10.43.0.1:443/api/v1/namespaces/helmcustomconfigit/pods/test-hivemq-platform-1. Message: Unauthorized. Received status: Status(apiVersion=v1, code=401, details=null, kind=Status, message=Unauthorized, metadata=ListMeta(_continue=null, remainingItemCount=null, resourceVersion=null, selfLink=null, additionalProperties={}), reason=Unauthorized, status=Failure, additionalProperties={}).
2025-01-29 22:17:07,119 INFO c.h.h.t.HelmChartContainer - [test-hivemq-platform] [hivemq] [96735de9] INFO  - Shutdown completed.
2025-01-29 22:17:07,412 INFO c.h.h.t.HelmChartContainer - [test-hivemq-platform] [hivemq] [d7e1baa7] INFO  - Shutdown completed.
2025-01-29 22:17:07,468 INFO c.h.h.t.HelmChartContainer - [test-hivemq-platform] [hivemq] [96735de9] INFO  - [HiveMQ Platform Operator Init App 1.7.0-SNAPSHOT] The HiveMQ Platform exited with code 143
2025-01-29 22:17:07,469 INFO c.h.h.t.HelmChartContainer - [test-hivemq-platform] [hivemq] [96735de9] INFO  - [HiveMQ Platform Operator Init App 1.7.0-SNAPSHOT] Stopping the REST API
2025-01-29 22:17:07,476 INFO c.h.h.t.HelmChartContainer - [test-hivemq-platform] [hivemq] [96735de9] INFO  - [HiveMQ Platform Operator Init App 1.7.0-SNAPSHOT] Shutdown complete
2025-01-29 22:17:07,534 INFO c.h.h.t.HelmChartContainer - [EVENT] Warning [Unhealthy] Readiness probe failed: HTTP probe failed with statuscode: 503 [helmcustomconfigit:test-hivemq-platform-0]
2025-01-29 22:17:07,534 INFO c.h.h.t.HelmChartContainer - Received Unhealthy event for container hivemq in pod test-hivemq-platform-0 [d7e1baa7-4761-48c4-8dd1-3cac604f2d82]
2025-01-29 22:17:07,763 INFO c.h.h.t.HelmChartContainer - [test-hivemq-platform] [hivemq] [d7e1baa7] INFO  - [HiveMQ Platform Operator Init App 1.7.0-SNAPSHOT] The HiveMQ Platform exited with code 143
2025-01-29 22:17:07,763 INFO c.h.h.t.HelmChartContainer - [test-hivemq-platform] [hivemq] [d7e1baa7] INFO  - [HiveMQ Platform Operator Init App 1.7.0-SNAPSHOT] Stopping the REST API
2025-01-29 22:17:07,770 INFO c.h.h.t.HelmChartContainer - [test-hivemq-platform] [hivemq] [d7e1baa7] INFO  - [HiveMQ Platform Operator Init App 1.7.0-SNAPSHOT] Shutdown complete
2025-01-29 22:17:07,993 INFO c.h.h.t.HelmChartContainer - [K3S] [stateful_set.go:438] "Unhandled Error" err="error syncing StatefulSet helmcustomconfigit/test-hivemq-platform, requeuing: controllerrevisions.apps \"test-hivemq-platform-6b448bcf6f\" is forbidden: unable to create new content in namespace helmcustomconfigit because it is being terminated"
2025-01-29 22:17:07,995 INFO c.h.h.t.HelmChartContainer - [POD] test-hivemq-platform-1 [96735de9-1879-4621-83bd-0487863153fb] in helmcustomconfigit was MODIFIED
2025-01-29 22:17:08,002 INFO c.h.h.t.HelmChartContainer - [K3S] [stateful_set.go:438] "Unhandled Error" err="error syncing StatefulSet helmcustomconfigit/test-hivemq-platform, requeuing: controllerrevisions.apps \"test-hivemq-platform-6b448bcf6f\" is forbidden: unable to create new content in namespace helmcustomconfigit because it is being terminated"
2025-01-29 22:17:08,015 INFO c.h.h.t.HelmChartContainer - [K3S] [stateful_set.go:438] "Unhandled Error" err="error syncing StatefulSet helmcustomconfigit/test-hivemq-platform, requeuing: controllerrevisions.apps \"test-hivemq-platform-6b448bcf6f\" is forbidden: unable to create new content in namespace helmcustomconfigit because it is being terminated"
2025-01-29 22:17:08,021 INFO c.h.h.t.HelmChartContainer - [K3S] [reconciler_common.go:162] "operationExecutor.UnmountVolume started for volume \"broker-configuration\" (UniqueName: \"kubernetes.io/configmap/96735de9-1879-4621-83bd-0487863153fb-broker-configuration\") pod \"96735de9-1879-4621-83bd-0487863153fb\" (UID: \"96735de9-1879-4621-83bd-0487863153fb\") "
2025-01-29 22:17:08,021 INFO c.h.h.t.HelmChartContainer - [K3S] [reconciler_common.go:162] "operationExecutor.UnmountVolume started for volume \"kube-api-access-2c8bc\" (UniqueName: \"kubernetes.io/projected/96735de9-1879-4621-83bd-0487863153fb-kube-api-access-2c8bc\") pod \"96735de9-1879-4621-83bd-0487863153fb\" (UID: \"96735de9-1879-4621-83bd-0487863153fb\") "
2025-01-29 22:17:08,022 INFO c.h.h.t.HelmChartContainer - [K3S] [reconciler_common.go:162] "operationExecutor.UnmountVolume started for volume \"operator-init\" (UniqueName: \"kubernetes.io/empty-dir/96735de9-1879-4621-83bd-0487863153fb-operator-init\") pod \"96735de9-1879-4621-83bd-0487863153fb\" (UID: \"96735de9-1879-4621-83bd-0487863153fb\") "
2025-01-29 22:17:08,022 INFO c.h.h.t.HelmChartContainer - [K3S] [reconciler_common.go:162] "operationExecutor.UnmountVolume started for volume \"pod-info\" (UniqueName: \"kubernetes.io/configmap/96735de9-1879-4621-83bd-0487863153fb-pod-info\") pod \"96735de9-1879-4621-83bd-0487863153fb\" (UID: \"96735de9-1879-4621-83bd-0487863153fb\") "
2025-01-29 22:17:08,038 INFO c.h.h.t.HelmChartContainer - [K3S] [stateful_set.go:438] "Unhandled Error" err="error syncing StatefulSet helmcustomconfigit/test-hivemq-platform, requeuing: controllerrevisions.apps \"test-hivemq-platform-6b448bcf6f\" is forbidden: unable to create new content in namespace helmcustomconfigit because it is being terminated"
2025-01-29 22:17:08,081 INFO c.h.h.t.HelmChartContainer - [K3S] [stateful_set.go:438] "Unhandled Error" err="error syncing StatefulSet helmcustomconfigit/test-hivemq-platform, requeuing: controllerrevisions.apps \"test-hivemq-platform-6b448bcf6f\" is forbidden: unable to create new content in namespace helmcustomconfigit because it is being terminated"
2025-01-29 22:17:08,122 INFO c.h.h.t.HelmChartContainer - [K3S] [reconciler_common.go:299] "Volume detached for volume \"kube-api-access-2c8bc\" (UniqueName: \"kubernetes.io/projected/96735de9-1879-4621-83bd-0487863153fb-kube-api-access-2c8bc\") on node \"6c7c6f7dc8ee\" DevicePath \"\""
2025-01-29 22:17:08,122 INFO c.h.h.t.HelmChartContainer - [K3S] [reconciler_common.go:299] "Volume detached for volume \"broker-configuration\" (UniqueName: \"kubernetes.io/configmap/96735de9-1879-4621-83bd-0487863153fb-broker-configuration\") on node \"6c7c6f7dc8ee\" DevicePath \"\""
2025-01-29 22:17:08,122 INFO c.h.h.t.HelmChartContainer - [K3S] [reconciler_common.go:299] "Volume detached for volume \"operator-init\" (UniqueName: \"kubernetes.io/empty-dir/96735de9-1879-4621-83bd-0487863153fb-operator-init\") on node \"6c7c6f7dc8ee\" DevicePath \"\""
2025-01-29 22:17:08,122 INFO c.h.h.t.HelmChartContainer - [K3S] [reconciler_common.go:299] "Volume detached for volume \"pod-info\" (UniqueName: \"kubernetes.io/configmap/96735de9-1879-4621-83bd-0487863153fb-pod-info\") on node \"6c7c6f7dc8ee\" DevicePath \"\""
2025-01-29 22:17:08,164 INFO c.h.h.t.HelmChartContainer - [K3S] [stateful_set.go:438] "Unhandled Error" err="error syncing StatefulSet helmcustomconfigit/test-hivemq-platform, requeuing: controllerrevisions.apps \"test-hivemq-platform-6b448bcf6f\" is forbidden: unable to create new content in namespace helmcustomconfigit because it is being terminated"
2025-01-29 22:17:08,204 INFO c.h.h.t.HelmChartContainer - [POD] test-hivemq-platform-0 [d7e1baa7-4761-48c4-8dd1-3cac604f2d82] in helmcustomconfigit was MODIFIED
2025-01-29 22:17:08,206 INFO c.h.h.t.HelmChartContainer - [K3S] [stateful_set.go:438] "Unhandled Error" err="error syncing StatefulSet helmcustomconfigit/test-hivemq-platform, requeuing: controllerrevisions.apps \"test-hivemq-platform-6b448bcf6f\" is forbidden: unable to create new content in namespace helmcustomconfigit because it is being terminated"
2025-01-29 22:17:08,222 INFO c.h.h.t.HelmChartContainer - [K3S] [reconciler_common.go:162] "operationExecutor.UnmountVolume started for volume \"kube-api-access-bqgpw\" (UniqueName: \"kubernetes.io/projected/d7e1baa7-4761-48c4-8dd1-3cac604f2d82-kube-api-access-bqgpw\") pod \"d7e1baa7-4761-48c4-8dd1-3cac604f2d82\" (UID: \"d7e1baa7-4761-48c4-8dd1-3cac604f2d82\") "
2025-01-29 22:17:08,224 INFO c.h.h.t.HelmChartContainer - [K3S] [reconciler_common.go:162] "operationExecutor.UnmountVolume started for volume \"pod-info\" (UniqueName: \"kubernetes.io/configmap/d7e1baa7-4761-48c4-8dd1-3cac604f2d82-pod-info\") pod \"d7e1baa7-4761-48c4-8dd1-3cac604f2d82\" (UID: \"d7e1baa7-4761-48c4-8dd1-3cac604f2d82\") "
2025-01-29 22:17:08,224 INFO c.h.h.t.HelmChartContainer - [K3S] [reconciler_common.go:162] "operationExecutor.UnmountVolume started for volume \"broker-configuration\" (UniqueName: \"kubernetes.io/configmap/d7e1baa7-4761-48c4-8dd1-3cac604f2d82-broker-configuration\") pod \"d7e1baa7-4761-48c4-8dd1-3cac604f2d82\" (UID: \"d7e1baa7-4761-48c4-8dd1-3cac604f2d82\") "
2025-01-29 22:17:08,224 INFO c.h.h.t.HelmChartContainer - [K3S] [reconciler_common.go:162] "operationExecutor.UnmountVolume started for volume \"operator-init\" (UniqueName: \"kubernetes.io/empty-dir/d7e1baa7-4761-48c4-8dd1-3cac604f2d82-operator-init\") pod \"d7e1baa7-4761-48c4-8dd1-3cac604f2d82\" (UID: \"d7e1baa7-4761-48c4-8dd1-3cac604f2d82\") "
2025-01-29 22:17:08,323 INFO c.h.h.t.HelmChartContainer - [K3S] [reconciler_common.go:299] "Volume detached for volume \"broker-configuration\" (UniqueName: \"kubernetes.io/configmap/d7e1baa7-4761-48c4-8dd1-3cac604f2d82-broker-configuration\") on node \"6c7c6f7dc8ee\" DevicePath \"\""
2025-01-29 22:17:08,323 INFO c.h.h.t.HelmChartContainer - [K3S] [reconciler_common.go:299] "Volume detached for volume \"operator-init\" (UniqueName: \"kubernetes.io/empty-dir/d7e1baa7-4761-48c4-8dd1-3cac604f2d82-operator-init\") on node \"6c7c6f7dc8ee\" DevicePath \"\""
2025-01-29 22:17:08,323 INFO c.h.h.t.HelmChartContainer - [K3S] [reconciler_common.go:299] "Volume detached for volume \"pod-info\" (UniqueName: \"kubernetes.io/configmap/d7e1baa7-4761-48c4-8dd1-3cac604f2d82-pod-info\") on node \"6c7c6f7dc8ee\" DevicePath \"\""
2025-01-29 22:17:08,323 INFO c.h.h.t.HelmChartContainer - [K3S] [reconciler_common.go:299] "Volume detached for volume \"kube-api-access-bqgpw\" (UniqueName: \"kubernetes.io/projected/d7e1baa7-4761-48c4-8dd1-3cac604f2d82-kube-api-access-bqgpw\") on node \"6c7c6f7dc8ee\" DevicePath \"\""
2025-01-29 22:17:08,325 INFO c.h.h.t.HelmChartContainer - [K3S] [stateful_set.go:466] "StatefulSet has been deleted" key="helmcustomconfigit/test-hivemq-platform"
2025-01-29 22:17:08,326 INFO c.h.h.t.HelmChartContainer - [K3S] [stateful_set.go:466] "StatefulSet has been deleted" key="helmcustomconfigit/test-hivemq-platform"
2025-01-29 22:17:08,373 INFO c.h.h.t.HelmChartContainer - [K3S] [namespace_controller.go:164] "Unhandled Error" err="deletion of namespace helmcustomconfigit failed: unexpected items still remain in namespace: helmcustomconfigit for gvr: /v1, Resource=pods"
2025-01-29 22:17:08,559 INFO c.h.h.t.HelmChartContainer - [K3S] [namespace_controller.go:164] "Unhandled Error" err="deletion of namespace helmcustomconfigit failed: unexpected items still remain in namespace: helmcustomconfigit for gvr: /v1, Resource=pods"
2025-01-29 22:17:08,658 INFO c.h.h.t.HelmChartContainer - [K3S] [namespace_controller.go:164] "Unhandled Error" err="deletion of namespace helmcustomconfigit failed: unexpected items still remain in namespace: helmcustomconfigit for gvr: /v1, Resource=pods"
2025-01-29 22:17:08,673 INFO c.h.h.t.HelmChartContainer - [K3S] [scope.go:117] "RemoveContainer" containerID="4f2af975c05d72323366754740c298910bfc2326a5ad43ebee22744d04c57a31"
2025-01-29 22:17:08,692 INFO c.h.h.t.HelmChartContainer - [POD] test-hivemq-platform-0 [d7e1baa7-4761-48c4-8dd1-3cac604f2d82] in helmcustomconfigit was MODIFIED
2025-01-29 22:17:08,703 INFO c.h.h.t.HelmChartContainer - [POD] test-hivemq-platform-0 [d7e1baa7-4761-48c4-8dd1-3cac604f2d82] in helmcustomconfigit was DELETED
2025-01-29 22:17:08,707 INFO c.h.h.t.HelmChartContainer - [POD] test-hivemq-platform-1 [96735de9-1879-4621-83bd-0487863153fb] in helmcustomconfigit was MODIFIED
2025-01-29 22:17:08,711 INFO c.h.h.t.HelmChartContainer - [POD] test-hivemq-platform-1 [96735de9-1879-4621-83bd-0487863153fb] in helmcustomconfigit was DELETED
2025-01-29 22:17:08,796 INFO c.h.h.t.HelmChartContainer - [K3S] [scope.go:117] "RemoveContainer" containerID="8b64618a17abdd4f2b68ba31d59941d21d636c47625f5a7d1bee5340588daa30"
2025-01-29 22:17:08,800 INFO c.h.h.t.HelmChartContainer - [K3S] [scope.go:117] "RemoveContainer" containerID="4f2af975c05d72323366754740c298910bfc2326a5ad43ebee22744d04c57a31"
2025-01-29 22:17:08,801 INFO c.h.h.t.HelmChartContainer - [K3S] [scope.go:117] "RemoveContainer" containerID="8b64618a17abdd4f2b68ba31d59941d21d636c47625f5a7d1bee5340588daa30"
2025-01-29 22:17:08,802 INFO c.h.h.t.HelmChartContainer - [K3S] [scope.go:117] "RemoveContainer" containerID="28ea435bc4284b33207d8387284c7eafd0da044fd419147389b6458d29f2f7d3"
2025-01-29 22:17:08,918 INFO c.h.h.t.HelmChartContainer - [K3S] [scope.go:117] "RemoveContainer" containerID="05851a650ccd6f7982c03bdabeeb93cbec567e0da2b3b33145346f07ee6cca51"
2025-01-29 22:17:08,922 INFO c.h.h.t.HelmChartContainer - [K3S] [scope.go:117] "RemoveContainer" containerID="28ea435bc4284b33207d8387284c7eafd0da044fd419147389b6458d29f2f7d3"
2025-01-29 22:17:08,922 INFO c.h.h.t.HelmChartContainer - [K3S] [scope.go:117] "RemoveContainer" containerID="05851a650ccd6f7982c03bdabeeb93cbec567e0da2b3b33145346f07ee6cca51"
2025-01-29 22:17:09,013 INFO c.h.h.t.HelmChartContainer - Namespace 'helmcustomconfigit' deleted
2025-01-29 22:17:09,013 INFO c.h.h.t.HelmChartContainer - Release 'test-hivemq-platform' in namespace 'helmcustomconfigit' is uninstalled
2025-01-29 22:17:09,013 INFO c.h.h.t.HelmChartContainer - Uninstalling release 'test-hivemq-platform-operator' in namespace 'helmcustomconfigit-operator'...
2025-01-29 22:17:09,013 DEBUG c.h.h.t.HelmChartContainer - Executing helm command: /bin/helm --kubeconfig /etc/rancher/k3s/k3s.yaml uninstall test-hivemq-platform-operator  --wait --timeout 5m0s --cascade foreground --namespace helmcustomconfigit-operator
2025-01-29 22:17:09,078 INFO c.h.h.t.HelmChartContainer - [K3S] [kubelet_volumes.go:163] "Cleaned up orphaned pod volumes dir" podUID="96735de9-1879-4621-83bd-0487863153fb" path="/var/lib/kubelet/pods/96735de9-1879-4621-83bd-0487863153fb/volumes"
2025-01-29 22:17:09,079 INFO c.h.h.t.HelmChartContainer - [K3S] [kubelet_volumes.go:163] "Cleaned up orphaned pod volumes dir" podUID="d7e1baa7-4761-48c4-8dd1-3cac604f2d82" path="/var/lib/kubelet/pods/d7e1baa7-4761-48c4-8dd1-3cac604f2d82/volumes"
2025-01-29 22:17:09,201 INFO c.h.h.t.HelmChartContainer - [K3S] [replica_set.go:679] "Finished syncing" kind="ReplicaSet" key="helmcustomconfigit-operator/hivemq-test-hivemq-platform-operator-67f7c95fb6" duration="10.694708ms"
2025-01-29 22:17:09,201 INFO c.h.h.t.HelmChartContainer - [K3S] [replica_set.go:679] "Finished syncing" kind="ReplicaSet" key="helmcustomconfigit-operator/hivemq-test-hivemq-platform-operator-67f7c95fb6" duration="58.448µs"
2025-01-29 22:17:09,214 INFO c.h.h.t.HelmChartContainer - [POD] hivemq-test-hivemq-platform-operator-67f7c95fb6-d5tm2 [0c474f2e-a34a-49e3-8d67-b0a974394157] in helmcustomconfigit-operator was MODIFIED
2025-01-29 22:17:09,226 INFO c.h.h.t.HelmChartContainer - [EVENT] Normal [Killing] Stopping container hivemq-platform-operator [helmcustomconfigit-operator:hivemq-test-hivemq-platform-operator-67f7c95fb6-d5tm2]
2025-01-29 22:17:09,226 INFO c.h.h.t.HelmChartContainer - Received Killing event for container hivemq-platform-operator in pod hivemq-test-hivemq-platform-operator-67f7c95fb6-d5tm2 [0c474f2e-a34a-49e3-8d67-b0a974394157]
2025-01-29 22:17:09,226 INFO c.h.h.t.HelmChartContainer - Container [hivemq-test-hivemq-platform-operator-67f7c95fb6-d5tm2] [hivemq-platform-operator] [0c474f2e-a34a-49e3-8d67-b0a974394157] was terminated
2025-01-29 22:17:09,227 INFO c.h.h.t.HelmChartContainer - Stopped log watcher for hivemq-platform-operator in pod hivemq-test-hivemq-platform-operator-67f7c95fb6-d5tm2 [0c474f2e-a34a-49e3-8d67-b0a974394157]
2025-01-29 22:17:09,228 INFO c.h.h.t.HelmChartContainer - [hivemq-test-hivemq-platform] [hivemq-platform-operator] [0c474f2e] 22:17:09.225 [application-shutdown-thread] INFO  c.h.p.o.HiveMQPlatformOperatorApplication - HiveMQ Platform Operator is stopping...
2025-01-29 22:17:09,228 INFO c.h.h.t.HelmChartContainer - [hivemq-test-hivemq-platform] [hivemq-platform-operator] [0c474f2e] 22:17:09.225 [application-shutdown-thread] INFO  i.javaoperatorsdk.operator.Operator - Operator SDK 4.9.7 is shutting down...
2025-01-29 22:17:09,232 INFO c.h.h.t.HelmChartContainer - [K3S] [replica_set.go:679] "Finished syncing" kind="ReplicaSet" key="helmcustomconfigit-operator/hivemq-test-hivemq-platform-operator-67f7c95fb6" duration="15.278422ms"
2025-01-29 22:17:09,233 INFO c.h.h.t.HelmChartContainer - [K3S] [replica_set.go:679] "Finished syncing" kind="ReplicaSet" key="helmcustomconfigit-operator/hivemq-test-hivemq-platform-operator-67f7c95fb6" duration="39.063µs"
2025-01-29 22:17:09,762 INFO c.h.h.t.HelmChartContainer - [K3S] [replica_set.go:679] "Finished syncing" kind="ReplicaSet" key="helmcustomconfigit-operator/hivemq-test-hivemq-platform-operator-67f7c95fb6" duration="59.07µs"
2025-01-29 22:17:09,763 INFO c.h.h.t.HelmChartContainer - [POD] hivemq-test-hivemq-platform-operator-67f7c95fb6-d5tm2 [0c474f2e-a34a-49e3-8d67-b0a974394157] in helmcustomconfigit-operator was MODIFIED
2025-01-29 22:17:09,830 INFO c.h.h.t.HelmChartContainer - [K3S] [reconciler_common.go:162] "operationExecutor.UnmountVolume started for volume \"kube-api-access-vx95t\" (UniqueName: \"kubernetes.io/projected/0c474f2e-a34a-49e3-8d67-b0a974394157-kube-api-access-vx95t\") pod \"0c474f2e-a34a-49e3-8d67-b0a974394157\" (UID: \"0c474f2e-a34a-49e3-8d67-b0a974394157\") "
2025-01-29 22:17:09,931 INFO c.h.h.t.HelmChartContainer - [K3S] [reconciler_common.go:299] "Volume detached for volume \"kube-api-access-vx95t\" (UniqueName: \"kubernetes.io/projected/0c474f2e-a34a-49e3-8d67-b0a974394157-kube-api-access-vx95t\") on node \"6c7c6f7dc8ee\" DevicePath \"\""
2025-01-29 22:17:10,683 INFO c.h.h.t.HelmChartContainer - [K3S] [scope.go:117] "RemoveContainer" containerID="3817b7e5901a9d50fbb1ac7b258a029c98df106b8aab54f35664cb4507af592c"
2025-01-29 22:17:10,685 INFO c.h.h.t.HelmChartContainer - [K3S] [scope.go:117] "RemoveContainer" containerID="3817b7e5901a9d50fbb1ac7b258a029c98df106b8aab54f35664cb4507af592c"
2025-01-29 22:17:10,693 INFO c.h.h.t.HelmChartContainer - [K3S] [replica_set.go:679] "Finished syncing" kind="ReplicaSet" key="helmcustomconfigit-operator/hivemq-test-hivemq-platform-operator-67f7c95fb6" duration="41.707µs"
2025-01-29 22:17:10,693 INFO c.h.h.t.HelmChartContainer - [POD] hivemq-test-hivemq-platform-operator-67f7c95fb6-d5tm2 [0c474f2e-a34a-49e3-8d67-b0a974394157] in helmcustomconfigit-operator was MODIFIED
2025-01-29 22:17:10,696 INFO c.h.h.t.HelmChartContainer - [POD] hivemq-test-hivemq-platform-operator-67f7c95fb6-d5tm2 [0c474f2e-a34a-49e3-8d67-b0a974394157] in helmcustomconfigit-operator was DELETED
2025-01-29 22:17:10,697 INFO c.h.h.t.HelmChartContainer - [K3S] [replica_set.go:679] "Finished syncing" kind="ReplicaSet" key="helmcustomconfigit-operator/hivemq-test-hivemq-platform-operator-67f7c95fb6" duration="39.323µs"
2025-01-29 22:17:10,705 INFO c.h.h.t.HelmChartContainer - [K3S] [replica_set.go:679] "Finished syncing" kind="ReplicaSet" key="helmcustomconfigit-operator/hivemq-test-hivemq-platform-operator-67f7c95fb6" duration="5.841µs"
2025-01-29 22:17:11,076 INFO c.h.h.t.HelmChartContainer - [K3S] [kubelet_volumes.go:163] "Cleaned up orphaned pod volumes dir" podUID="0c474f2e-a34a-49e3-8d67-b0a974394157" path="/var/lib/kubelet/pods/0c474f2e-a34a-49e3-8d67-b0a974394157/volumes"
2025-01-29 22:17:11,236 INFO c.h.h.t.HelmChartContainer - Deleting namespace 'helmcustomconfigit-operator'...
2025-01-29 22:17:13,909 INFO c.h.h.t.HelmChartContainer - [K3S] [namespace_controller.go:187] "Namespace has been deleted" namespace="helmcustomconfigit"
2025-01-29 22:17:16,452 INFO c.h.h.t.HelmChartContainer - Namespace 'helmcustomconfigit-operator' deleted
2025-01-29 22:17:16,452 INFO c.h.h.t.HelmChartContainer - Release 'test-hivemq-platform-operator' in namespace 'helmcustomconfigit-operator' is uninstalled
2025-01-29 22:17:17,237 INFO c.h.helmcharts.AbstractHelmChartIT - Removed unused containers:

2025-01-29 22:17:21,364 INFO c.h.h.t.HelmChartContainer - [K3S] [namespace_controller.go:187] "Namespace has been deleted" namespace="helmcustomconfigit-operator"
2025-01-29 22:17:25,052 INFO c.h.helmcharts.AbstractHelmChartIT - Removed unused snapshots:
Removing snapshot sha256:03af251906410714c5aef9fa705b63f6bbc39c4a5e787de7361eeb18886c2ed2
Removing snapshot sha256:0c46b3b43cce082ce5ec34ffc6c294e0417d17b9d1e6f366d114b6aadc4f96dc
Removing snapshot sha256:0ce761beee59082d6ed5bcebd3a805b8ddd9b3426b617e4809e7fb7c6587ffec
Removing snapshot sha256:0df91287303208332c8ff6ba40ae4710105201739addbfbddfb955f1ad593664
Removing snapshot sha256:1021ef88c7974bfff89c5a0ec4fd3160daac6c48a075f74cff721f85dd104e68
Removing snapshot sha256:10aba4953ddc18145dd38e3704709bc464aa20af60b56fe52caaff4b68411e62
Removing snapshot sha256:2573e0d8158209ed54ab25c87bcdcb00bd3d2539246960a3d592a1c599d70465
Removing snapshot sha256:362a8a37f8bbc31925a8146adcf7cf51f9882f5c1dcbef67c5baa03a297543c0
Removing snapshot sha256:3fa4ad33f0ddc8fd45b39b6b4640f82a3a83619606cd975bfe89d8710ad2d4cd
Removing snapshot sha256:43a7c979bbaba6838bc3102d6b10a1459f3ab050b87ccdfef84ef90cf43d3058
Removing snapshot sha256:4ab04491cdf0d3267f08206fe30bd48f49f94b9cab2f016d6739220f722a64af
Removing snapshot sha256:4b6068250e89c96f263060261819c7d912855bfbd64b3eb4c4a8483299b8c295
Removing snapshot sha256:580e69a0a8034ede1921139bbd2bfb72a69ebf276d008281896c32dd8bf74775
Removing snapshot sha256:5c6b324d267ed23112c41ca1a9cf32102484392d4caacf43b47b46b4407c5527
Removing snapshot sha256:5d30ba46b27fe37484567ccc5242cadc78217b8da605f3f195ef25cbf7487904
Removing snapshot sha256:63ca1fbb43ae5034640e5e6cb3e083e05c290072c5366fcaa9d62435a4cced85
Removing snapshot sha256:67f702c6baae873bceb19487c8b1f27bd2b86077e4f2f0e480e6d60ab508b8f5
Removing snapshot sha256:6864348dd42806d552efdec384f1274be15e2d0c10ce44c1f04347af004c10a9
Removing snapshot sha256:6c7dee8f2c39b84b7dc2711c01d33de93514d9055499173e9290176fbe484b6c
Removing snapshot sha256:82753493a6d61ded36556292f02f31841a14c20d2f279f19eaad65afb661d5cd
Removing snapshot sha256:8a10d3db42c505ee0fcfa98417bdd7e39b304f6bcc0a06bb1b220797ff2cc63c
Removing snapshot sha256:a21ac6f9ad81d845968c1b9b2bef8deefeae6cfce0fefd4781bed7ac74bc0e6a
Removing snapshot sha256:a21e5b12dbac529ad45d976eb9ce45c881f3bedcc500fb30aba1e52aa1813418
Removing snapshot sha256:b921e6c28969094157f9b8e7244677780319637afd14450b7cb6b2fdea558a0c
Removing snapshot sha256:bc27ecb5769a00e309cf99ebc763c4a4b958b618d1decc96ffac5bc05f02f5b7
Removing snapshot sha256:be3ccb6627a5332e309d45ef461d09b4879dd870c7394d89323d0ebc6ca6aa8a
Removing snapshot sha256:c261f7cbbc64211ee175ee47273acdb7b1a36a4450b397a064a8f2c026490095
Removing snapshot sha256:c34d9393647eea0c9e3557ab988efaf59f61d10a2a5613b439ef0958cca5ec10
Removing snapshot sha256:ccf3c4a0fa967a41c1c83497a2ce6fa5787965859df0adb32c4ca2cf7490bc2b
Removing snapshot sha256:cf92d33f869417309692088c341cd0f223c178ea78a125f757317b22aa8f90e9
Removing snapshot sha256:d0037344cf2fb078884f1849f6a1f8cf9a33a3b6139b6a85833e5ee528e1f9a8
Removing snapshot sha256:d3b36d5b79273b1e98e7700470eaeff05a882e777124d84cebcc1505b85ecb36
Removing snapshot sha256:d65a44a37914602d12c611e5e22a50f11451d847e63015cc1c2aef92dee777a4
Removing snapshot sha256:e2dc0bae2455930f23ae570e019b7f32edc75c0f2d71cab084db837ff9051796
Removing snapshot sha256:eccbd24a99c60cd9e86ee5305dbfc4a4dc89f5ab4fb1f06c8d64797cecedef34
Removing snapshot sha256:f144bb4c7c7f0d2aa7eeffd36d934ec40db1ee167be727e326aad9fdc616f475

]]></system-out>
  </testcase>
  <testcase name="withCustomXml_hivemqRunning()" classname="com.hivemq.helmcharts.platform.HelmCustomConfigIT" time="143.84">
    <system-out><![CDATA[2025-01-29 22:17:25,054 INFO c.h.h.t.HelmChartContainer - Creating namespace 'helmcustomconfigit-operator'...
2025-01-29 22:17:25,061 INFO c.h.h.t.HelmChartContainer - Namespace 'helmcustomconfigit-operator' created
2025-01-29 22:17:25,061 INFO c.h.h.t.HelmChartContainer - Creating namespace 'helmcustomconfigit'...
2025-01-29 22:17:25,071 INFO c.h.h.t.HelmChartContainer - Namespace 'helmcustomconfigit' created
2025-01-29 22:17:25,157 DEBUG c.h.h.t.HelmChartContainer - Executing helm command: /bin/helm --kubeconfig /etc/rancher/k3s/k3s.yaml install test-hivemq-platform-operator /charts/hivemq-platform-operator --wait --timeout 5m0s --set image.repository=docker.io/hivemq --set image.name=hivemq-platform-operator-test --set image.initImageName=hivemq-platform-operator-init-test --set image.tag=snapshot --set image.pullPolicy=Never --set logLevel=DEBUG --set resources.cpu=512m --namespace helmcustomconfigit-operator
2025-01-29 22:17:25,453 INFO c.h.h.t.HelmChartContainer - [K3S] [alloc.go:330] "allocated clusterIPs" service="helmcustomconfigit-operator/hivemq-platform-operator-test-hivemq-platform-operator" clusterIPs={"IPv4":"10.43.6.38"}
2025-01-29 22:17:25,471 INFO c.h.h.t.HelmChartContainer - [EVENT] Normal [ScalingReplicaSet] Scaled up replica set hivemq-test-hivemq-platform-operator-6966f96d65 from 0 to 1 [helmcustomconfigit-operator:hivemq-test-hivemq-platform-operator]
2025-01-29 22:17:25,479 INFO c.h.h.t.HelmChartContainer - [POD] hivemq-test-hivemq-platform-operator-6966f96d65-r999f [4c787465-f448-4b47-bc2d-28757f327fec] in helmcustomconfigit-operator was ADDED
2025-01-29 22:17:25,489 INFO c.h.h.t.HelmChartContainer - [K3S] [memory_manager.go:355] "RemoveStaleState removing state" podUID="d7e1baa7-4761-48c4-8dd1-3cac604f2d82" containerName="hivemq"
2025-01-29 22:17:25,489 INFO c.h.h.t.HelmChartContainer - [K3S] [memory_manager.go:355] "RemoveStaleState removing state" podUID="96735de9-1879-4621-83bd-0487863153fb" containerName="hivemq"
2025-01-29 22:17:25,489 INFO c.h.h.t.HelmChartContainer - [K3S] [memory_manager.go:355] "RemoveStaleState removing state" podUID="0c474f2e-a34a-49e3-8d67-b0a974394157" containerName="hivemq-platform-operator"
2025-01-29 22:17:25,489 INFO c.h.h.t.HelmChartContainer - [K3S] [replica_set.go:679] "Finished syncing" kind="ReplicaSet" key="helmcustomconfigit-operator/hivemq-test-hivemq-platform-operator-6966f96d65" duration="23.445659ms"
2025-01-29 22:17:25,493 INFO c.h.h.t.HelmChartContainer - [POD] hivemq-test-hivemq-platform-operator-6966f96d65-r999f [4c787465-f448-4b47-bc2d-28757f327fec] in helmcustomconfigit-operator was MODIFIED
2025-01-29 22:17:25,493 INFO c.h.h.t.HelmChartContainer - [EVENT] Normal [SuccessfulCreate] Created pod: hivemq-test-hivemq-platform-operator-6966f96d65-r999f [helmcustomconfigit-operator:hivemq-test-hivemq-platform-operator-6966f96d65]
2025-01-29 22:17:25,498 INFO c.h.h.t.HelmChartContainer - [EVENT] Normal [Scheduled] Successfully assigned helmcustomconfigit-operator/hivemq-test-hivemq-platform-operator-6966f96d65-r999f to 6c7c6f7dc8ee [helmcustomconfigit-operator:hivemq-test-hivemq-platform-operator-6966f96d65-r999f]
2025-01-29 22:17:25,499 INFO c.h.h.t.HelmChartContainer - [K3S] [replica_set.go:679] "Finished syncing" kind="ReplicaSet" key="helmcustomconfigit-operator/hivemq-test-hivemq-platform-operator-6966f96d65" duration="9.774615ms"
2025-01-29 22:17:25,501 INFO c.h.h.t.HelmChartContainer - [K3S] [replica_set.go:679] "Finished syncing" kind="ReplicaSet" key="helmcustomconfigit-operator/hivemq-test-hivemq-platform-operator-6966f96d65" duration="40.095µs"
2025-01-29 22:17:25,507 INFO c.h.h.t.HelmChartContainer - [K3S] [replica_set.go:679] "Finished syncing" kind="ReplicaSet" key="helmcustomconfigit-operator/hivemq-test-hivemq-platform-operator-6966f96d65" duration="30.147µs"
2025-01-29 22:17:25,507 INFO c.h.h.t.HelmChartContainer - [POD] hivemq-test-hivemq-platform-operator-6966f96d65-r999f [4c787465-f448-4b47-bc2d-28757f327fec] in helmcustomconfigit-operator was MODIFIED
2025-01-29 22:17:25,517 INFO c.h.h.t.HelmChartContainer - [K3S] [reconciler_common.go:251] "operationExecutor.VerifyControllerAttachedVolume started for volume \"kube-api-access-k9cmf\" (UniqueName: \"kubernetes.io/projected/4c787465-f448-4b47-bc2d-28757f327fec-kube-api-access-k9cmf\") pod \"hivemq-test-hivemq-platform-operator-6966f96d65-r999f\" (UID: \"4c787465-f448-4b47-bc2d-28757f327fec\") " pod="helmcustomconfigit-operator/hivemq-test-hivemq-platform-operator-6966f96d65-r999f"
2025-01-29 22:17:25,885 INFO c.h.h.t.HelmChartContainer - [EVENT] Normal [Pulled] Container image "docker.io/hivemq/hivemq-platform-operator-test:snapshot" already present on machine [helmcustomconfigit-operator:hivemq-test-hivemq-platform-operator-6966f96d65-r999f]
2025-01-29 22:17:25,885 INFO c.h.h.t.HelmChartContainer - Received Pulled event for container hivemq-platform-operator in pod hivemq-test-hivemq-platform-operator-6966f96d65-r999f [4c787465-f448-4b47-bc2d-28757f327fec]
2025-01-29 22:17:27,188 INFO c.h.h.t.HelmChartContainer - [EVENT] Normal [Created] Created container: hivemq-platform-operator [helmcustomconfigit-operator:hivemq-test-hivemq-platform-operator-6966f96d65-r999f]
2025-01-29 22:17:27,188 INFO c.h.h.t.HelmChartContainer - Received Created event for container hivemq-platform-operator in pod hivemq-test-hivemq-platform-operator-6966f96d65-r999f [4c787465-f448-4b47-bc2d-28757f327fec]
2025-01-29 22:17:27,721 INFO c.h.h.t.HelmChartContainer - [K3S] [replica_set.go:679] "Finished syncing" kind="ReplicaSet" key="helmcustomconfigit-operator/hivemq-test-hivemq-platform-operator-6966f96d65" duration="42.519µs"
2025-01-29 22:17:27,722 INFO c.h.h.t.HelmChartContainer - [POD] hivemq-test-hivemq-platform-operator-6966f96d65-r999f [4c787465-f448-4b47-bc2d-28757f327fec] in helmcustomconfigit-operator was MODIFIED
2025-01-29 22:17:27,743 INFO c.h.h.t.HelmChartContainer - Started log watcher for hivemq-platform-operator in pod hivemq-test-hivemq-platform-operator-6966f96d65-r999f [4c787465-f448-4b47-bc2d-28757f327fec]
2025-01-29 22:17:27,743 INFO c.h.h.t.HelmChartContainer - [hivemq-test-hivemq-platform] [hivemq-platform-operator] [4c787465] -------------------------------------------------------------------------
2025-01-29 22:17:27,743 INFO c.h.h.t.HelmChartContainer - [hivemq-test-hivemq-platform] [hivemq-platform-operator] [4c787465] 
2025-01-29 22:17:27,743 INFO c.h.h.t.HelmChartContainer - [EVENT] Normal [Started] Started container hivemq-platform-operator [helmcustomconfigit-operator:hivemq-test-hivemq-platform-operator-6966f96d65-r999f]
2025-01-29 22:17:27,743 INFO c.h.h.t.HelmChartContainer - [hivemq-test-hivemq-platform] [hivemq-platform-operator] [4c787465]                   _    _  _              __  __   ____
2025-01-29 22:17:27,743 INFO c.h.h.t.HelmChartContainer - [hivemq-test-hivemq-platform] [hivemq-platform-operator] [4c787465]                  | |  | |(_)            |  \/  | / __ \
2025-01-29 22:17:27,743 INFO c.h.h.t.HelmChartContainer - [hivemq-test-hivemq-platform] [hivemq-platform-operator] [4c787465]                  | |__| | _ __   __ ___ | \  / || |  | |
2025-01-29 22:17:27,743 INFO c.h.h.t.HelmChartContainer - [hivemq-test-hivemq-platform] [hivemq-platform-operator] [4c787465]                  |  __  || |\ \ / // _ \| |\/| || |  | |
2025-01-29 22:17:27,743 INFO c.h.h.t.HelmChartContainer - [hivemq-test-hivemq-platform] [hivemq-platform-operator] [4c787465]                  | |  | || | \ V /|  __/| |  | || |__| |
2025-01-29 22:17:27,743 INFO c.h.h.t.HelmChartContainer - [hivemq-test-hivemq-platform] [hivemq-platform-operator] [4c787465]                  |_|  |_||_|  \_/  \___||_|  |_| \___\_\
2025-01-29 22:17:27,743 INFO c.h.h.t.HelmChartContainer - [hivemq-test-hivemq-platform] [hivemq-platform-operator] [4c787465] 
2025-01-29 22:17:27,743 INFO c.h.h.t.HelmChartContainer - [hivemq-test-hivemq-platform] [hivemq-platform-operator] [4c787465] -------------------------------------------------------------------------
2025-01-29 22:17:27,743 INFO c.h.h.t.HelmChartContainer - [hivemq-test-hivemq-platform] [hivemq-platform-operator] [4c787465] 
2025-01-29 22:17:27,743 INFO c.h.h.t.HelmChartContainer - [hivemq-test-hivemq-platform] [hivemq-platform-operator] [4c787465]   HiveMQ Platform Operator Start Script v1.0
2025-01-29 22:17:27,743 INFO c.h.h.t.HelmChartContainer - [hivemq-test-hivemq-platform] [hivemq-platform-operator] [4c787465] 
2025-01-29 22:17:27,743 INFO c.h.h.t.HelmChartContainer - [hivemq-test-hivemq-platform] [hivemq-platform-operator] [4c787465] -------------------------------------------------------------------------
2025-01-29 22:17:27,743 INFO c.h.h.t.HelmChartContainer - [hivemq-test-hivemq-platform] [hivemq-platform-operator] [4c787465] 
2025-01-29 22:17:27,743 INFO c.h.h.t.HelmChartContainer - [hivemq-test-hivemq-platform] [hivemq-platform-operator] [4c787465]   JAVA_OPTS: -XX:+UnlockExperimentalVMOptions -XX:InitialRAMPercentage=75 -XX:MaxRAMPercentage=75 -Duser.language=en -Duser.region=US
2025-01-29 22:17:27,743 INFO c.h.h.t.HelmChartContainer - Received Started event for container hivemq-platform-operator in pod hivemq-test-hivemq-platform-operator-6966f96d65-r999f [4c787465-f448-4b47-bc2d-28757f327fec]
2025-01-29 22:17:27,743 INFO c.h.h.t.HelmChartContainer - [hivemq-test-hivemq-platform] [hivemq-platform-operator] [4c787465] 
2025-01-29 22:17:27,743 INFO c.h.h.t.HelmChartContainer - [hivemq-test-hivemq-platform] [hivemq-platform-operator] [4c787465]   JAVA_VERSION: 21
2025-01-29 22:17:27,743 INFO c.h.h.t.HelmChartContainer - [hivemq-test-hivemq-platform] [hivemq-platform-operator] [4c787465] 
2025-01-29 22:17:27,743 INFO c.h.h.t.HelmChartContainer - [hivemq-test-hivemq-platform] [hivemq-platform-operator] [4c787465] -------------------------------------------------------------------------
2025-01-29 22:17:27,743 INFO c.h.h.t.HelmChartContainer - [hivemq-test-hivemq-platform] [hivemq-platform-operator] [4c787465] 
2025-01-29 22:17:30,531 INFO c.h.h.t.HelmChartContainer - [hivemq-test-hivemq-platform] [hivemq-platform-operator] [4c787465] 22:17:30.528 [main] DEBUG org.jboss.logging - Logging Provider: org.jboss.logging.Slf4jLoggerProvider
2025-01-29 22:17:30,631 INFO c.h.h.t.HelmChartContainer - [hivemq-test-hivemq-platform] [hivemq-platform-operator] [4c787465] 22:17:30.630 [main] DEBUG io.smallrye.config - SRCFG01006: Loaded ConfigSource SysPropConfigSource with ordinal 400
2025-01-29 22:17:30,632 INFO c.h.h.t.HelmChartContainer - [hivemq-test-hivemq-platform] [hivemq-platform-operator] [4c787465] 22:17:30.630 [main] DEBUG io.smallrye.config - SRCFG01006: Loaded ConfigSource EnvConfigSource with ordinal 300
2025-01-29 22:17:30,632 INFO c.h.h.t.HelmChartContainer - [hivemq-test-hivemq-platform] [hivemq-platform-operator] [4c787465] 22:17:30.630 [main] DEBUG io.smallrye.config - SRCFG01006: Loaded ConfigSource PropertiesConfigSource[source=jar:file:///opt/hivemq-platform-operator/bin/hivemq-platform-operator.jar!/hivemq-platform-operator.properties] with ordinal 100
2025-01-29 22:17:30,632 INFO c.h.h.t.HelmChartContainer - [hivemq-test-hivemq-platform] [hivemq-platform-operator] [4c787465] 22:17:30.630 [main] DEBUG io.smallrye.config - SRCFG01006: Loaded ConfigSource DefaultValuesConfigSource with ordinal -2147483648
2025-01-29 22:17:30,734 INFO c.h.h.t.HelmChartContainer - [hivemq-test-hivemq-platform] [hivemq-platform-operator] [4c787465] 22:17:30.733 [main] DEBUG i.m.c.u.i.l.InternalLoggerFactory - Using SLF4J as the default logging framework
2025-01-29 22:17:30,836 INFO c.h.h.t.HelmChartContainer - [hivemq-test-hivemq-platform] [hivemq-platform-operator] [4c787465] 22:17:30.827 [main] INFO  c.h.p.o.HiveMQPlatformOperatorApplication - HiveMQ Platform Operator 1.7.0-SNAPSHOT (commit: 3bc9484 on branch: HEAD) built on Wed Jan 29 22:06:36 UTC 2025
2025-01-29 22:17:30,836 INFO c.h.h.t.HelmChartContainer - [hivemq-test-hivemq-platform] [hivemq-platform-operator] [4c787465] 22:17:30.835 [main] INFO  c.h.p.o.HiveMQPlatformOperatorApplication - HiveMQ Platform Operator is running in namespace: helmcustomconfigit-operator
2025-01-29 22:17:30,837 INFO c.h.h.t.HelmChartContainer - [hivemq-test-hivemq-platform] [hivemq-platform-operator] [4c787465] 22:17:30.835 [main] INFO  c.h.p.o.HiveMQPlatformOperatorApplication - Watching all namespaces
2025-01-29 22:17:30,837 INFO c.h.h.t.HelmChartContainer - [hivemq-test-hivemq-platform] [hivemq-platform-operator] [4c787465] 22:17:30.835 [main] INFO  c.h.p.o.HiveMQPlatformOperatorApplication - Log level: DEBUG
2025-01-29 22:17:30,837 INFO c.h.h.t.HelmChartContainer - [hivemq-test-hivemq-platform] [hivemq-platform-operator] [4c787465] 22:17:30.835 [main] INFO  c.h.p.o.HiveMQPlatformOperatorApplication - Release name: test-hivemq-platform-operator
2025-01-29 22:17:30,837 INFO c.h.h.t.HelmChartContainer - [hivemq-test-hivemq-platform] [hivemq-platform-operator] [4c787465] 22:17:30.836 [main] INFO  c.h.p.o.HiveMQPlatformOperatorApplication - HiveMQ Platform Operator Init image: docker.io/hivemq/hivemq-platform-operator-init-test:snapshot
2025-01-29 22:17:30,837 INFO c.h.h.t.HelmChartContainer - [hivemq-test-hivemq-platform] [hivemq-platform-operator] [4c787465] 22:17:30.836 [main] INFO  c.h.p.o.HiveMQPlatformOperatorApplication - HiveMQ Platform Operator Init App update URL: http://hivemq-platform-operator-test-hivemq-platform-operator.helmcustomconfigit-operator.svc:8080/initAppUpdate/hivemq-platform-operator-init-app-1.7.0-SNAPSHOT.jar
2025-01-29 22:17:30,837 INFO c.h.h.t.HelmChartContainer - [hivemq-test-hivemq-platform] [hivemq-platform-operator] [4c787465] 22:17:30.836 [main] INFO  c.h.p.o.HiveMQPlatformOperatorApplication - Additional imagePullSecret for all Platform deployments: none
2025-01-29 22:17:30,837 INFO c.h.h.t.HelmChartContainer - [hivemq-test-hivemq-platform] [hivemq-platform-operator] [4c787465] 22:17:30.836 [main] INFO  c.h.p.o.HiveMQPlatformOperatorApplication - Apply HiveMQ Platform CRD: true
2025-01-29 22:17:30,837 INFO c.h.h.t.HelmChartContainer - [hivemq-test-hivemq-platform] [hivemq-platform-operator] [4c787465] 22:17:30.836 [main] INFO  c.h.p.o.HiveMQPlatformOperatorApplication - Create Platform ServiceAccount: true
2025-01-29 22:17:30,837 INFO c.h.h.t.HelmChartContainer - [hivemq-test-hivemq-platform] [hivemq-platform-operator] [4c787465] 22:17:30.836 [main] INFO  c.h.p.o.HiveMQPlatformOperatorApplication - Create Platform ServiceAccount permissions: true
2025-01-29 22:17:30,837 INFO c.h.h.t.HelmChartContainer - [hivemq-test-hivemq-platform] [hivemq-platform-operator] [4c787465] 22:17:30.836 [main] INFO  c.h.p.o.HiveMQPlatformOperatorApplication - Validate Platform ServiceAccount: true
2025-01-29 22:17:30,837 INFO c.h.h.t.HelmChartContainer - [hivemq-test-hivemq-platform] [hivemq-platform-operator] [4c787465] 22:17:30.836 [main] INFO  c.h.p.o.HiveMQPlatformOperatorApplication - Validate Platform ServiceAccount permissions: true
2025-01-29 22:17:30,958 INFO c.h.h.t.HelmChartContainer - [hivemq-test-hivemq-platform] [hivemq-platform-operator] [4c787465] 22:17:30.956 [main] INFO  c.h.platform.operator.util.CRDUtil - Verifying deployed HiveMQ Platform CRD...
2025-01-29 22:17:33,496 INFO c.h.h.t.HelmChartContainer - [hivemq-test-hivemq-platform] [hivemq-platform-operator] [4c787465] 22:17:33.495 [main] DEBUG c.h.platform.operator.util.CRDUtil - HiveMQ Platform CRD version v1 is up to date
2025-01-29 22:17:33,496 INFO c.h.h.t.HelmChartContainer - [hivemq-test-hivemq-platform] [hivemq-platform-operator] [4c787465] 22:17:33.495 [main] INFO  c.h.platform.operator.util.CRDUtil - HiveMQ Platform CRD is up to date (version: V1_6_0)
2025-01-29 22:17:33,496 INFO c.h.h.t.HelmChartContainer - [hivemq-test-hivemq-platform] [hivemq-platform-operator] [4c787465] 22:17:33.495 [main] INFO  c.h.platform.operator.util.CRDUtil - Waiting 10000 ms for HiveMQ Platform CRD 'hivemq-platforms.hivemq.com' to become ready...
2025-01-29 22:17:33,795 INFO c.h.h.t.HelmChartContainer - [hivemq-test-hivemq-platform] [hivemq-platform-operator] [4c787465] 22:17:33.794 [vert.x-eventloop-thread-1] DEBUG c.h.platform.operator.util.CRDUtil - Checking CRD condition 'NamesAccepted' (status: 'True')
2025-01-29 22:17:33,795 INFO c.h.h.t.HelmChartContainer - [hivemq-test-hivemq-platform] [hivemq-platform-operator] [4c787465] 22:17:33.794 [vert.x-eventloop-thread-1] DEBUG c.h.platform.operator.util.CRDUtil - Checking CRD condition 'Established' (status: 'True')
2025-01-29 22:17:33,796 INFO c.h.h.t.HelmChartContainer - [hivemq-test-hivemq-platform] [hivemq-platform-operator] [4c787465] 22:17:33.795 [main] INFO  c.h.platform.operator.util.CRDUtil - HiveMQ Platform CRD 'hivemq-platforms.hivemq.com' is ready
2025-01-29 22:17:33,938 INFO c.h.h.t.HelmChartContainer - [hivemq-test-hivemq-platform] [hivemq-platform-operator] [4c787465] 22:17:33.937 [main] INFO  c.h.p.o.HiveMQPlatformReconciler - HiveMQ Platform Operator is starting...
2025-01-29 22:17:34,033 INFO c.h.h.t.HelmChartContainer - [hivemq-test-hivemq-platform] [hivemq-platform-operator] [4c787465] 22:17:34.032 [main] WARN  Default ConfigurationService implementation - Configuration for reconciler 'hivemq-controller' was not found. Known reconcilers: None.
2025-01-29 22:17:34,039 INFO c.h.h.t.HelmChartContainer - [hivemq-test-hivemq-platform] [hivemq-platform-operator] [4c787465] 22:17:34.039 [main] INFO  Default ConfigurationService implementation - Created configuration for reconciler com.hivemq.platform.operator.HiveMQPlatformReconciler with name hivemq-controller
2025-01-29 22:17:34,144 INFO c.h.h.t.HelmChartContainer - [hivemq-test-hivemq-platform] [hivemq-platform-operator] [4c787465] 22:17:34.143 [main] DEBUG c.h.p.o.HiveMQPlatformReconciler - HiveMQ Platform Operator is preparing EventSources
2025-01-29 22:17:34,231 INFO c.h.h.t.HelmChartContainer - [hivemq-test-hivemq-platform] [hivemq-platform-operator] [4c787465] 22:17:34.230 [main] INFO  i.javaoperatorsdk.operator.Operator - Registered reconciler: 'hivemq-controller' for resource: 'class com.hivemq.platform.operator.v1.HiveMQPlatform' for namespace(s): [all namespaces]
2025-01-29 22:17:34,733 INFO c.h.h.t.HelmChartContainer - [hivemq-test-hivemq-platform] [hivemq-platform-operator] [4c787465] 22:17:34.732 [main] INFO  c.h.p.operator.webserver.JettyServer - Starting Jetty server on port 8080
2025-01-29 22:17:34,798 INFO c.h.h.t.HelmChartContainer - [hivemq-test-hivemq-platform] [hivemq-platform-operator] [4c787465] 22:17:34.797 [main] INFO  i.javaoperatorsdk.operator.Operator - Operator SDK 4.9.7 (commit: 2133d28) built on Wed Nov 20 12:56:20 UTC 2024 starting...
2025-01-29 22:17:34,798 INFO c.h.h.t.HelmChartContainer - [hivemq-test-hivemq-platform] [hivemq-platform-operator] [4c787465] 22:17:34.798 [main] INFO  i.javaoperatorsdk.operator.Operator - Client version: 6.13.5
2025-01-29 22:17:34,828 INFO c.h.h.t.HelmChartContainer - [hivemq-test-hivemq-platform] [hivemq-platform-operator] [4c787465] 22:17:34.827 [Controller Starter for: hivemq-controller] INFO  i.j.operator.processing.Controller - Starting 'hivemq-controller' controller for reconciler: com.hivemq.platform.operator.HiveMQPlatformReconciler, resource: com.hivemq.platform.operator.v1.HiveMQPlatform
2025-01-29 22:17:37,030 INFO c.h.h.t.HelmChartContainer - [hivemq-test-hivemq-platform] [hivemq-platform-operator] [4c787465] 22:17:37.029 [Controller Starter for: hivemq-controller] INFO  i.j.operator.processing.Controller - 'hivemq-controller' controller started
2025-01-29 22:17:37,031 INFO c.h.h.t.HelmChartContainer - [hivemq-test-hivemq-platform] [hivemq-platform-operator] [4c787465] 22:17:37.030 [main] INFO  c.h.p.o.HiveMQPlatformOperatorApplication - HiveMQ Platform Operator 1.7.0-SNAPSHOT started in 6202 ms
2025-01-29 22:17:38,727 INFO c.h.h.t.HelmChartContainer - [POD] hivemq-test-hivemq-platform-operator-6966f96d65-r999f [4c787465-f448-4b47-bc2d-28757f327fec] in helmcustomconfigit-operator was MODIFIED
2025-01-29 22:17:38,741 INFO c.h.h.t.HelmChartContainer - [K3S] [replica_set.go:679] "Finished syncing" kind="ReplicaSet" key="helmcustomconfigit-operator/hivemq-test-hivemq-platform-operator-6966f96d65" duration="13.389604ms"
2025-01-29 22:17:38,741 INFO c.h.h.t.HelmChartContainer - [K3S] [replica_set.go:679] "Finished syncing" kind="ReplicaSet" key="helmcustomconfigit-operator/hivemq-test-hivemq-platform-operator-6966f96d65" duration="42.088µs"
2025-01-29 22:17:39,530 INFO com.hivemq.helmcharts.util.K8sUtil - Pod 'hivemq-test-hivemq-platform-operator-6966f96d65-r999f' is ready
2025-01-29 22:17:39,592 DEBUG c.h.h.t.HelmChartContainer - Executing helm command: /bin/helm --kubeconfig /etc/rancher/k3s/k3s.yaml install test-hivemq-platform /charts/hivemq-platform --wait --timeout 5m0s --set image.repository=docker.io/hivemq --set image.tag=4.36.0 --set image.pullPolicy=Never --set nodes.resources.cpu=512m --set-file config.overrideHiveMQConfig=/files/hivemq-config-override.xml --namespace helmcustomconfigit
2025-01-29 22:17:39,904 INFO c.h.h.t.HelmChartContainer - [hivemq-test-hivemq-platform] [hivemq-platform-operator] [4c787465] 22:17:39.903 [-2082509879-pool-1-thread-2] WARN  i.m.p.PrometheusMeterRegistry - The meter (MeterId{name='operator.sdk.events.received', tags=[tag(action=ADDED),tag(event=ResourceEvent),tag(group=hivemq.com),tag(kind=HiveMQPlatform),tag(name=test-hivemq-platform),tag(namespace=helmcustomconfigit),tag(scope=namespace),tag(version=v1)]}) registration has failed: Prometheus requires that all meters with the same name have the same set of tag keys. There is already an existing meter named 'operator.sdk.events.received' containing tag keys [event, group, kind, name, namespace, scope, version]. The meter you are attempting to register has keys [action, event, group, kind, name, namespace, scope, version]. Note that subsequent logs will be logged at debug level.
2025-01-29 22:17:40,311 INFO c.h.h.t.HelmChartContainer - [hivemq-test-hivemq-platform] [hivemq-platform-operator] [4c787465] 22:17:40.310 [pool-6-thread-3] DEBUG c.h.p.o.dependants.PodInfoConfigMap - [helmcust] Desired PodInfo ConfigMap (1 extensions) (1 enabled)
2025-01-29 22:17:40,396 INFO c.h.h.t.HelmChartContainer - [hivemq-test-hivemq-platform] [hivemq-platform-operator] [4c787465] 22:17:40.394 [pool-6-thread-3] DEBUG c.h.p.o.dependants.PodInfoConfigMap - [helmcust] Desired PodInfo ConfigMap (metrics port: 9399) (metrics path: /)
2025-01-29 22:17:40,400 INFO c.h.h.t.HelmChartContainer - [hivemq-test-hivemq-platform] [hivemq-platform-operator] [4c787465] 22:17:40.394 [pool-6-thread-3] DEBUG c.h.p.o.dependants.PodInfoConfigMap - [helmcust] Desired PodInfo ConfigMap (extension state hash: -1817474005)
2025-01-29 22:17:40,401 INFO c.h.h.t.HelmChartContainer - [hivemq-test-hivemq-platform] [hivemq-platform-operator] [4c787465] 22:17:40.396 [pool-6-thread-3] DEBUG c.h.p.o.dependants.PodInfoConfigMap - [helmcust] Create PodInfo ConfigMap
2025-01-29 22:17:40,500 INFO c.h.h.t.HelmChartContainer - [hivemq-test-hivemq-platform] [hivemq-platform-operator] [4c787465] 22:17:40.498 [pool-6-thread-5] DEBUG c.h.p.o.dependants.PodRoleResource - [helmcust] Create Role: Role(apiVersion=rbac.authorization.k8s.io/v1, kind=Role, metadata=ObjectMeta(annotations={meta.helm.sh/release-name=test-hivemq-platform, meta.helm.sh/release-namespace=helmcustomconfigit}, creationTimestamp=null, deletionGracePeriodSeconds=null, deletionTimestamp=null, finalizers=[], generateName=null, generation=null, labels={helm.sh/chart=hivemq-platform-0.2.32, app.kubernetes.io/managed-by=Helm, app.kubernetes.io/name=hivemq-platform, hivemq-platform=test-hivemq-platform, app.kubernetes.io/instance=test-hivemq-platform, app.kubernetes.io/version=4.36.0}, managedFields=[], name=hivemq-platform-role-test-hivemq-platform, namespace=helmcustomconfigit, ownerReferences=[OwnerReference(apiVersion=hivemq.com/v1, blockOwnerDeletion=null, controller=null, kind=HiveMQPlatform, name=test-hivemq-platform, uid=ea02efa1-c977-4c23-9286-1503edee70f4, additionalProperties={})], resourceVersion=null, selfLink=null, uid=null, additionalProperties={}), rules=[PolicyRule(apiGroups=[], nonResourceURLs=[], resourceNames=[], resources=[pods], verbs=[get, patch, update], additionalProperties={})], additionalProperties={})
2025-01-29 22:17:40,603 INFO c.h.h.t.HelmChartContainer - [hivemq-test-hivemq-platform] [hivemq-platform-operator] [4c787465] 22:17:40.602 [pool-6-thread-7] DEBUG c.h.p.o.d.PodServiceAccountResource - [helmcust] Desired PodServiceAccountResource (serviceAccountName: hivemq-platform-pod-test-hivemq-platform)
2025-01-29 22:17:40,604 INFO c.h.h.t.HelmChartContainer - [hivemq-test-hivemq-platform] [hivemq-platform-operator] [4c787465] 22:17:40.602 [pool-6-thread-7] DEBUG c.h.p.o.d.PodServiceAccountResource - [helmcust] Create ServiceAccount 'hivemq-platform-pod-test-hivemq-platform'
2025-01-29 22:17:40,708 INFO c.h.h.t.HelmChartContainer - [hivemq-test-hivemq-platform] [hivemq-platform-operator] [4c787465] 22:17:40.707 [pool-6-thread-10] DEBUG c.h.p.o.d.PodRoleBindingResource - [helmcust] Create RoleBinding: RoleBinding(apiVersion=rbac.authorization.k8s.io/v1, kind=RoleBinding, metadata=ObjectMeta(annotations={meta.helm.sh/release-name=test-hivemq-platform, meta.helm.sh/release-namespace=helmcustomconfigit}, creationTimestamp=null, deletionGracePeriodSeconds=null, deletionTimestamp=null, finalizers=[], generateName=null, generation=null, labels={helm.sh/chart=hivemq-platform-0.2.32, app.kubernetes.io/managed-by=Helm, app.kubernetes.io/name=hivemq-platform, hivemq-platform=test-hivemq-platform, app.kubernetes.io/instance=test-hivemq-platform, app.kubernetes.io/version=4.36.0}, managedFields=[], name=hivemq-platform-role-binding-test-hivemq-platform, namespace=helmcustomconfigit, ownerReferences=[OwnerReference(apiVersion=hivemq.com/v1, blockOwnerDeletion=null, controller=null, kind=HiveMQPlatform, name=test-hivemq-platform, uid=ea02efa1-c977-4c23-9286-1503edee70f4, additionalProperties={})], resourceVersion=null, selfLink=null, uid=null, additionalProperties={}), roleRef=RoleRef(apiGroup=rbac.authorization.k8s.io, kind=Role, name=hivemq-platform-role-test-hivemq-platform, additionalProperties={}), subjects=[Subject(apiGroup=null, kind=ServiceAccount, name=hivemq-platform-pod-test-hivemq-platform, namespace=helmcustomconfigit, additionalProperties={})], additionalProperties={})
2025-01-29 22:17:40,798 INFO c.h.h.t.HelmChartContainer - [hivemq-test-hivemq-platform] [hivemq-platform-operator] [4c787465] 22:17:40.797 [ReconcilerExecutor-hivemq-controller-54] INFO  c.h.p.o.HiveMQPlatformReconciler - [helmcust] Reconciling HiveMQ Platform 'test-hivemq-platform' in namespace 'helmcustomconfigit'
2025-01-29 22:17:40,798 INFO c.h.h.t.HelmChartContainer - [hivemq-test-hivemq-platform] [hivemq-platform-operator] [4c787465] 22:17:40.797 [ReconcilerExecutor-hivemq-controller-54] DEBUG c.h.p.o.HiveMQPlatformReconciler - [helmcust] Custom Resource Status CREATED - HiveMQ Platform was created (READY)
2025-01-29 22:17:40,798 INFO c.h.h.t.HelmChartContainer - [hivemq-test-hivemq-platform] [hivemq-platform-operator] [4c787465] 22:17:40.797 [ReconcilerExecutor-hivemq-controller-54] DEBUG c.h.p.o.HiveMQPlatformReconciler - [helmcust] Custom Resource Spec (replicas: 2) (extensions: 1)
2025-01-29 22:17:40,801 INFO c.h.h.t.HelmChartContainer - [hivemq-test-hivemq-platform] [hivemq-platform-operator] [4c787465] 22:17:40.801 [ReconcilerExecutor-hivemq-controller-54] INFO  c.h.p.o.h.HiveMQPlatformReconcilerBaseHandler - [helmcust] HiveMQ Platform is starting
2025-01-29 22:17:40,910 INFO c.h.h.t.HelmChartContainer - [hivemq-test-hivemq-platform] [hivemq-platform-operator] [4c787465] 22:17:40.909 [ReconcilerExecutor-hivemq-controller-54] DEBUG c.h.p.operator.event.EventSender - [helmcust] Creating K8s event hivemq-platform-starting: [Start] HiveMQ Platform is starting
2025-01-29 22:17:40,918 INFO c.h.h.t.HelmChartContainer - [EVENT] Normal [Start] HiveMQ Platform is starting [helmcustomconfigit:test-hivemq-platform]
2025-01-29 22:17:40,997 INFO c.h.h.t.HelmChartContainer - [hivemq-test-hivemq-platform] [hivemq-platform-operator] [4c787465] 22:17:40.996 [ReconcilerExecutor-hivemq-controller-54] INFO  c.h.p.o.h.AbstractHiveMQReconcilerStateHandler - [helmcust] Update HiveMQ Platform Status (CREATED [READY] -> STARTING [READY]): HiveMQ Platform is starting
2025-01-29 22:17:41,012 DEBUG com.hivemq.helmcharts.util.K8sUtil - Comparing actual state 'STARTING' and waiting for 'RUNNING'
2025-01-29 22:17:51,102 INFO c.h.h.t.HelmChartContainer - [hivemq-test-hivemq-platform] [hivemq-platform-operator] [4c787465] 22:17:51.099 [pool-6-thread-12] DEBUG c.h.p.o.d.PlatformServiceResource - [helmcust] Desired Platform services (3 services)
2025-01-29 22:17:51,105 INFO c.h.h.t.HelmChartContainer - [hivemq-test-hivemq-platform] [hivemq-platform-operator] [4c787465] 22:17:51.100 [pool-6-thread-13] DEBUG c.h.p.o.dependants.PodInfoConfigMap - [helmcust] Desired PodInfo ConfigMap (1 extensions) (1 enabled)
2025-01-29 22:17:51,106 INFO c.h.h.t.HelmChartContainer - [hivemq-test-hivemq-platform] [hivemq-platform-operator] [4c787465] 22:17:51.100 [pool-6-thread-13] DEBUG c.h.p.o.dependants.PodInfoConfigMap - [helmcust] Desired PodInfo ConfigMap (metrics port: 9399) (metrics path: /)
2025-01-29 22:17:51,106 INFO c.h.h.t.HelmChartContainer - [hivemq-test-hivemq-platform] [hivemq-platform-operator] [4c787465] 22:17:51.100 [pool-6-thread-13] DEBUG c.h.p.o.dependants.PodInfoConfigMap - [helmcust] Desired PodInfo ConfigMap (extension state hash: -1817474005)
2025-01-29 22:17:51,106 INFO c.h.h.t.HelmChartContainer - [hivemq-test-hivemq-platform] [hivemq-platform-operator] [4c787465] 22:17:51.104 [pool-6-thread-17] DEBUG c.h.p.o.d.PodServiceAccountResource - [helmcust] Desired PodServiceAccountResource (serviceAccountName: hivemq-platform-pod-test-hivemq-platform)
2025-01-29 22:17:51,108 INFO c.h.h.t.HelmChartContainer - [hivemq-test-hivemq-platform] [hivemq-platform-operator] [4c787465] 22:17:51.108 [pool-6-thread-13] DEBUG c.h.p.o.dependants.PodInfoConfigMap - [helmcust] Update PodInfo ConfigMap
2025-01-29 22:17:51,208 INFO c.h.h.t.HelmChartContainer - [K3S] [alloc.go:330] "allocated clusterIPs" service="helmcustomconfigit/hivemq-test-hivemq-platform-cc-8080" clusterIPs={"IPv4":"10.43.203.137"}
2025-01-29 22:17:51,300 INFO c.h.h.t.HelmChartContainer - [K3S] [alloc.go:330] "allocated clusterIPs" service="helmcustomconfigit/hivemq-test-hivemq-platform-metrics-9399" clusterIPs={"IPv4":"10.43.27.137"}
2025-01-29 22:17:51,312 INFO c.h.h.t.HelmChartContainer - [K3S] [alloc.go:330] "allocated clusterIPs" service="helmcustomconfigit/hivemq-test-hivemq-platform-mqtt-1883" clusterIPs={"IPv4":"10.43.101.85"}
2025-01-29 22:17:51,321 INFO c.h.h.t.HelmChartContainer - [hivemq-test-hivemq-platform] [hivemq-platform-operator] [4c787465] 22:17:51.320 [pool-6-thread-20] DEBUG c.h.p.o.d.StatefulSetResource - [helmcust] Desired StatefulSet (2 replicas) for status STARTING (READY)
2025-01-29 22:17:51,408 INFO c.h.h.t.HelmChartContainer - [hivemq-test-hivemq-platform] [hivemq-platform-operator] [4c787465] 22:17:51.407 [pool-6-thread-20] DEBUG c.h.p.o.d.StatefulSetResource - [helmcust] Create StatefulSet
2025-01-29 22:17:51,432 INFO c.h.h.t.HelmChartContainer - [POD] test-hivemq-platform-0 [d68760c8-1437-4836-9c63-4c3384b6c9fb] in helmcustomconfigit was ADDED
2025-01-29 22:17:51,433 INFO c.h.h.t.HelmChartContainer - [EVENT] Normal [SuccessfulCreate] create Pod test-hivemq-platform-0 in StatefulSet test-hivemq-platform successful [helmcustomconfigit:test-hivemq-platform]
2025-01-29 22:17:51,437 INFO c.h.h.t.HelmChartContainer - [POD] test-hivemq-platform-0 [d68760c8-1437-4836-9c63-4c3384b6c9fb] in helmcustomconfigit was MODIFIED
2025-01-29 22:17:51,440 INFO c.h.h.t.HelmChartContainer - [EVENT] Normal [Scheduled] Successfully assigned helmcustomconfigit/test-hivemq-platform-0 to 6c7c6f7dc8ee [helmcustomconfigit:test-hivemq-platform-0]
2025-01-29 22:17:51,447 INFO c.h.h.t.HelmChartContainer - [POD] test-hivemq-platform-0 [d68760c8-1437-4836-9c63-4c3384b6c9fb] in helmcustomconfigit was MODIFIED
2025-01-29 22:17:51,472 INFO c.h.h.t.HelmChartContainer - [K3S] [reconciler_common.go:251] "operationExecutor.VerifyControllerAttachedVolume started for volume \"pod-info\" (UniqueName: \"kubernetes.io/configmap/d68760c8-1437-4836-9c63-4c3384b6c9fb-pod-info\") pod \"test-hivemq-platform-0\" (UID: \"d68760c8-1437-4836-9c63-4c3384b6c9fb\") " pod="helmcustomconfigit/test-hivemq-platform-0"
2025-01-29 22:17:51,472 INFO c.h.h.t.HelmChartContainer - [K3S] [reconciler_common.go:251] "operationExecutor.VerifyControllerAttachedVolume started for volume \"operator-init\" (UniqueName: \"kubernetes.io/empty-dir/d68760c8-1437-4836-9c63-4c3384b6c9fb-operator-init\") pod \"test-hivemq-platform-0\" (UID: \"d68760c8-1437-4836-9c63-4c3384b6c9fb\") " pod="helmcustomconfigit/test-hivemq-platform-0"
2025-01-29 22:17:51,472 INFO c.h.h.t.HelmChartContainer - [K3S] [reconciler_common.go:251] "operationExecutor.VerifyControllerAttachedVolume started for volume \"broker-configuration\" (UniqueName: \"kubernetes.io/configmap/d68760c8-1437-4836-9c63-4c3384b6c9fb-broker-configuration\") pod \"test-hivemq-platform-0\" (UID: \"d68760c8-1437-4836-9c63-4c3384b6c9fb\") " pod="helmcustomconfigit/test-hivemq-platform-0"
2025-01-29 22:17:51,472 INFO c.h.h.t.HelmChartContainer - [K3S] [reconciler_common.go:251] "operationExecutor.VerifyControllerAttachedVolume started for volume \"kube-api-access-lmwf6\" (UniqueName: \"kubernetes.io/projected/d68760c8-1437-4836-9c63-4c3384b6c9fb-kube-api-access-lmwf6\") pod \"test-hivemq-platform-0\" (UID: \"d68760c8-1437-4836-9c63-4c3384b6c9fb\") " pod="helmcustomconfigit/test-hivemq-platform-0"
2025-01-29 22:17:51,501 INFO c.h.h.t.HelmChartContainer - [hivemq-test-hivemq-platform] [hivemq-platform-operator] [4c787465] 22:17:51.498 [ReconcilerExecutor-hivemq-controller-65] INFO  c.h.p.o.HiveMQPlatformReconciler - [helmcust] Reconciling HiveMQ Platform 'test-hivemq-platform' in namespace 'helmcustomconfigit'
2025-01-29 22:17:51,501 INFO c.h.h.t.HelmChartContainer - [hivemq-test-hivemq-platform] [hivemq-platform-operator] [4c787465] 22:17:51.498 [ReconcilerExecutor-hivemq-controller-65] DEBUG c.h.p.o.HiveMQPlatformReconciler - [helmcust] Custom Resource Status STARTING - HiveMQ Platform is starting (READY)
2025-01-29 22:17:51,501 INFO c.h.h.t.HelmChartContainer - [hivemq-test-hivemq-platform] [hivemq-platform-operator] [4c787465] 22:17:51.498 [ReconcilerExecutor-hivemq-controller-65] DEBUG c.h.p.o.HiveMQPlatformReconciler - [helmcust] Custom Resource Spec (replicas: 2) (extensions: 1)
2025-01-29 22:17:51,516 INFO c.h.h.t.HelmChartContainer - [hivemq-test-hivemq-platform] [hivemq-platform-operator] [4c787465] 22:17:51.510 [ReconcilerExecutor-hivemq-controller-65] DEBUG c.h.p.o.HiveMQPlatformReconciler - [helmcust] StatefulSet Status (revision: null, replicas: 0, available: 0, ready: 0, current: 0, updated: 0)
2025-01-29 22:17:51,516 INFO c.h.h.t.HelmChartContainer - [hivemq-test-hivemq-platform] [hivemq-platform-operator] [4c787465] 22:17:51.510 [ReconcilerExecutor-hivemq-controller-65] DEBUG c.h.p.o.HiveMQPlatformReconciler - [helmcust] StatefulSet Spec (replicas: 2, init containers: 1, containers: 1, volumes: 3)
2025-01-29 22:17:51,608 INFO c.h.h.t.HelmChartContainer - [hivemq-test-hivemq-platform] [hivemq-platform-operator] [4c787465] 22:17:51.607 [ReconcilerExecutor-hivemq-controller-65] DEBUG c.h.p.o.h.HiveMQPlatformReconcilerErrorHandler - [helmcust] Pod 'test-hivemq-platform-0' phase Pending
2025-01-29 22:17:51,609 INFO c.h.h.t.HelmChartContainer - [hivemq-test-hivemq-platform] [hivemq-platform-operator] [4c787465] 22:17:51.608 [ReconcilerExecutor-hivemq-controller-65] DEBUG c.h.p.o.h.HiveMQPlatformReconcilerErrorHandler - [helmcust] Pod 'test-hivemq-platform-0' condition 'PodReadyToStartContainers': False
2025-01-29 22:17:51,609 INFO c.h.h.t.HelmChartContainer - [hivemq-test-hivemq-platform] [hivemq-platform-operator] [4c787465] 22:17:51.608 [ReconcilerExecutor-hivemq-controller-65] DEBUG c.h.p.o.h.HiveMQPlatformReconcilerErrorHandler - [helmcust] Pod 'test-hivemq-platform-0' condition 'Initialized': False
2025-01-29 22:17:51,611 INFO c.h.h.t.HelmChartContainer - [hivemq-test-hivemq-platform] [hivemq-platform-operator] [4c787465] 22:17:51.608 [ReconcilerExecutor-hivemq-controller-65] DEBUG c.h.p.o.h.HiveMQPlatformReconcilerErrorHandler - [helmcust] Pod 'test-hivemq-platform-0' condition 'Ready': False
2025-01-29 22:17:51,611 INFO c.h.h.t.HelmChartContainer - [hivemq-test-hivemq-platform] [hivemq-platform-operator] [4c787465] 22:17:51.608 [ReconcilerExecutor-hivemq-controller-65] DEBUG c.h.p.o.h.HiveMQPlatformReconcilerErrorHandler - [helmcust] Pod 'test-hivemq-platform-0' condition 'ContainersReady': False
2025-01-29 22:17:51,611 INFO c.h.h.t.HelmChartContainer - [hivemq-test-hivemq-platform] [hivemq-platform-operator] [4c787465] 22:17:51.608 [ReconcilerExecutor-hivemq-controller-65] DEBUG c.h.p.o.h.HiveMQPlatformReconcilerErrorHandler - [helmcust] Pod 'test-hivemq-platform-0' condition 'PodScheduled': True
2025-01-29 22:17:51,611 INFO c.h.h.t.HelmChartContainer - [hivemq-test-hivemq-platform] [hivemq-platform-operator] [4c787465] 22:17:51.608 [ReconcilerExecutor-hivemq-controller-65] DEBUG c.h.p.o.h.HiveMQPlatformReconcilerErrorHandler - [helmcust] Pod 'test-hivemq-platform-0' containerStatus 'hivemq' (started: false) (ready: false) (waiting: [PodInitializing] null)
2025-01-29 22:17:51,695 INFO c.h.h.t.HelmChartContainer - [hivemq-test-hivemq-platform] [hivemq-platform-operator] [4c787465] 22:17:51.693 [ReconcilerExecutor-hivemq-controller-65] INFO  c.h.p.o.h.HiveMQPlatformReconcilerBaseHandler - [helmcust] HiveMQ Platform is starting, 0 of 2 replicas are ready
2025-01-29 22:17:51,700 INFO c.h.h.t.HelmChartContainer - [hivemq-test-hivemq-platform] [hivemq-platform-operator] [4c787465] 22:17:51.698 [pool-6-thread-22] DEBUG c.h.p.o.d.PlatformServiceResource - [helmcust] Desired Platform services (3 services)
2025-01-29 22:17:51,702 INFO c.h.h.t.HelmChartContainer - [hivemq-test-hivemq-platform] [hivemq-platform-operator] [4c787465] 22:17:51.701 [pool-6-thread-23] DEBUG c.h.p.o.dependants.PodInfoConfigMap - [helmcust] Desired PodInfo ConfigMap (1 extensions) (1 enabled)
2025-01-29 22:17:51,702 INFO c.h.h.t.HelmChartContainer - [hivemq-test-hivemq-platform] [hivemq-platform-operator] [4c787465] 22:17:51.701 [pool-6-thread-23] DEBUG c.h.p.o.dependants.PodInfoConfigMap - [helmcust] Desired PodInfo ConfigMap (metrics port: 9399) (metrics path: /)
2025-01-29 22:17:51,702 INFO c.h.h.t.HelmChartContainer - [hivemq-test-hivemq-platform] [hivemq-platform-operator] [4c787465] 22:17:51.701 [pool-6-thread-23] DEBUG c.h.p.o.dependants.PodInfoConfigMap - [helmcust] Desired PodInfo ConfigMap (extension state hash: -1817474005)
2025-01-29 22:17:51,705 INFO c.h.h.t.HelmChartContainer - [hivemq-test-hivemq-platform] [hivemq-platform-operator] [4c787465] 22:17:51.705 [pool-6-thread-27] DEBUG c.h.p.o.d.PodServiceAccountResource - [helmcust] Desired PodServiceAccountResource (serviceAccountName: hivemq-platform-pod-test-hivemq-platform)
2025-01-29 22:17:51,801 INFO c.h.h.t.HelmChartContainer - [hivemq-test-hivemq-platform] [hivemq-platform-operator] [4c787465] 22:17:51.798 [pool-6-thread-30] DEBUG c.h.p.o.d.StatefulSetResource - [helmcust] Desired StatefulSet (2 replicas) for status STARTING (READY)
2025-01-29 22:17:51,811 INFO c.h.h.t.HelmChartContainer - [hivemq-test-hivemq-platform] [hivemq-platform-operator] [4c787465] 22:17:51.810 [ReconcilerExecutor-hivemq-controller-76] INFO  c.h.p.o.HiveMQPlatformReconciler - [helmcust] Reconciling HiveMQ Platform 'test-hivemq-platform' in namespace 'helmcustomconfigit'
2025-01-29 22:17:51,813 INFO c.h.h.t.HelmChartContainer - [hivemq-test-hivemq-platform] [hivemq-platform-operator] [4c787465] 22:17:51.810 [ReconcilerExecutor-hivemq-controller-76] DEBUG c.h.p.o.HiveMQPlatformReconciler - [helmcust] Custom Resource Status STARTING - HiveMQ Platform is starting (READY)
2025-01-29 22:17:51,814 INFO c.h.h.t.HelmChartContainer - [hivemq-test-hivemq-platform] [hivemq-platform-operator] [4c787465] 22:17:51.810 [ReconcilerExecutor-hivemq-controller-76] DEBUG c.h.p.o.HiveMQPlatformReconciler - [helmcust] Custom Resource Spec (replicas: 2) (extensions: 1)
2025-01-29 22:17:51,817 INFO c.h.h.t.HelmChartContainer - [hivemq-test-hivemq-platform] [hivemq-platform-operator] [4c787465] 22:17:51.816 [ReconcilerExecutor-hivemq-controller-76] DEBUG c.h.p.o.HiveMQPlatformReconciler - [helmcust] StatefulSet Status (revision: test-hivemq-platform-7f5f89548, replicas: 1, available: 0, ready: 0, current: 1, updated: 1)
2025-01-29 22:17:51,817 INFO c.h.h.t.HelmChartContainer - [hivemq-test-hivemq-platform] [hivemq-platform-operator] [4c787465] 22:17:51.816 [ReconcilerExecutor-hivemq-controller-76] DEBUG c.h.p.o.HiveMQPlatformReconciler - [helmcust] StatefulSet Spec (replicas: 2, init containers: 1, containers: 1, volumes: 3)
2025-01-29 22:17:51,820 INFO c.h.h.t.HelmChartContainer - [hivemq-test-hivemq-platform] [hivemq-platform-operator] [4c787465] 22:17:51.819 [ReconcilerExecutor-hivemq-controller-76] DEBUG c.h.p.o.h.HiveMQPlatformReconcilerErrorHandler - [helmcust] Pod 'test-hivemq-platform-0' phase Pending
2025-01-29 22:17:51,821 INFO c.h.h.t.HelmChartContainer - [hivemq-test-hivemq-platform] [hivemq-platform-operator] [4c787465] 22:17:51.819 [ReconcilerExecutor-hivemq-controller-76] DEBUG c.h.p.o.h.HiveMQPlatformReconcilerErrorHandler - [helmcust] Pod 'test-hivemq-platform-0' condition 'PodReadyToStartContainers': False
2025-01-29 22:17:51,822 INFO c.h.h.t.HelmChartContainer - [hivemq-test-hivemq-platform] [hivemq-platform-operator] [4c787465] 22:17:51.819 [ReconcilerExecutor-hivemq-controller-76] DEBUG c.h.p.o.h.HiveMQPlatformReconcilerErrorHandler - [helmcust] Pod 'test-hivemq-platform-0' condition 'Initialized': False
2025-01-29 22:17:51,822 INFO c.h.h.t.HelmChartContainer - [hivemq-test-hivemq-platform] [hivemq-platform-operator] [4c787465] 22:17:51.819 [ReconcilerExecutor-hivemq-controller-76] DEBUG c.h.p.o.h.HiveMQPlatformReconcilerErrorHandler - [helmcust] Pod 'test-hivemq-platform-0' condition 'Ready': False
2025-01-29 22:17:51,822 INFO c.h.h.t.HelmChartContainer - [hivemq-test-hivemq-platform] [hivemq-platform-operator] [4c787465] 22:17:51.819 [ReconcilerExecutor-hivemq-controller-76] DEBUG c.h.p.o.h.HiveMQPlatformReconcilerErrorHandler - [helmcust] Pod 'test-hivemq-platform-0' condition 'ContainersReady': False
2025-01-29 22:17:51,822 INFO c.h.h.t.HelmChartContainer - [hivemq-test-hivemq-platform] [hivemq-platform-operator] [4c787465] 22:17:51.819 [ReconcilerExecutor-hivemq-controller-76] DEBUG c.h.p.o.h.HiveMQPlatformReconcilerErrorHandler - [helmcust] Pod 'test-hivemq-platform-0' condition 'PodScheduled': True
2025-01-29 22:17:51,822 INFO c.h.h.t.HelmChartContainer - [hivemq-test-hivemq-platform] [hivemq-platform-operator] [4c787465] 22:17:51.819 [ReconcilerExecutor-hivemq-controller-76] DEBUG c.h.p.o.h.HiveMQPlatformReconcilerErrorHandler - [helmcust] Pod 'test-hivemq-platform-0' containerStatus 'hivemq' (started: false) (ready: false) (waiting: [PodInitializing] null)
2025-01-29 22:17:51,822 INFO c.h.h.t.HelmChartContainer - [hivemq-test-hivemq-platform] [hivemq-platform-operator] [4c787465] 22:17:51.820 [ReconcilerExecutor-hivemq-controller-76] INFO  c.h.p.o.h.HiveMQPlatformReconcilerBaseHandler - [helmcust] HiveMQ Platform is starting, 0 of 2 replicas are ready
2025-01-29 22:17:51,832 INFO c.h.h.t.HelmChartContainer - [EVENT] Normal [Pulled] Container image "docker.io/hivemq/hivemq-platform-operator-init-test:snapshot" already present on machine [helmcustomconfigit:test-hivemq-platform-0]
2025-01-29 22:17:51,957 INFO c.h.h.t.HelmChartContainer - [EVENT] Normal [Created] Created container: hivemq-platform-operator-init [helmcustomconfigit:test-hivemq-platform-0]
2025-01-29 22:17:51,996 INFO c.h.h.t.HelmChartContainer - [EVENT] Normal [Started] Started container hivemq-platform-operator-init [helmcustomconfigit:test-hivemq-platform-0]
2025-01-29 22:17:52,759 INFO c.h.h.t.HelmChartContainer - [POD] test-hivemq-platform-0 [d68760c8-1437-4836-9c63-4c3384b6c9fb] in helmcustomconfigit was MODIFIED
2025-01-29 22:17:52,776 INFO c.h.h.t.HelmChartContainer - [hivemq-test-hivemq-platform] [hivemq-platform-operator] [4c787465] 22:17:52.773 [pool-6-thread-32] DEBUG c.h.p.o.d.PlatformServiceResource - [helmcust] Desired Platform services (3 services)
2025-01-29 22:17:52,778 INFO c.h.h.t.HelmChartContainer - [hivemq-test-hivemq-platform] [hivemq-platform-operator] [4c787465] 22:17:52.777 [pool-6-thread-33] DEBUG c.h.p.o.dependants.PodInfoConfigMap - [helmcust] Desired PodInfo ConfigMap (1 extensions) (1 enabled)
2025-01-29 22:17:52,779 INFO c.h.h.t.HelmChartContainer - [hivemq-test-hivemq-platform] [hivemq-platform-operator] [4c787465] 22:17:52.778 [pool-6-thread-33] DEBUG c.h.p.o.dependants.PodInfoConfigMap - [helmcust] Desired PodInfo ConfigMap (metrics port: 9399) (metrics path: /)
2025-01-29 22:17:52,781 INFO c.h.h.t.HelmChartContainer - [hivemq-test-hivemq-platform] [hivemq-platform-operator] [4c787465] 22:17:52.779 [pool-6-thread-33] DEBUG c.h.p.o.dependants.PodInfoConfigMap - [helmcust] Desired PodInfo ConfigMap (extension state hash: -1817474005)
2025-01-29 22:17:52,783 INFO c.h.h.t.HelmChartContainer - [hivemq-test-hivemq-platform] [hivemq-platform-operator] [4c787465] 22:17:52.782 [pool-6-thread-37] DEBUG c.h.p.o.d.PodServiceAccountResource - [helmcust] Desired PodServiceAccountResource (serviceAccountName: hivemq-platform-pod-test-hivemq-platform)
2025-01-29 22:17:52,858 INFO c.h.h.t.HelmChartContainer - [hivemq-test-hivemq-platform] [hivemq-platform-operator] [4c787465] 22:17:52.827 [pool-6-thread-40] DEBUG c.h.p.o.d.StatefulSetResource - [helmcust] Desired StatefulSet (2 replicas) for status STARTING (READY)
2025-01-29 22:17:52,858 INFO c.h.h.t.HelmChartContainer - [hivemq-test-hivemq-platform] [hivemq-platform-operator] [4c787465] 22:17:52.832 [ReconcilerExecutor-hivemq-controller-87] INFO  c.h.p.o.HiveMQPlatformReconciler - [helmcust] Reconciling HiveMQ Platform 'test-hivemq-platform' in namespace 'helmcustomconfigit'
2025-01-29 22:17:52,858 INFO c.h.h.t.HelmChartContainer - [hivemq-test-hivemq-platform] [hivemq-platform-operator] [4c787465] 22:17:52.832 [ReconcilerExecutor-hivemq-controller-87] DEBUG c.h.p.o.HiveMQPlatformReconciler - [helmcust] Custom Resource Status STARTING - HiveMQ Platform is starting (READY)
2025-01-29 22:17:52,858 INFO c.h.h.t.HelmChartContainer - [hivemq-test-hivemq-platform] [hivemq-platform-operator] [4c787465] 22:17:52.832 [ReconcilerExecutor-hivemq-controller-87] DEBUG c.h.p.o.HiveMQPlatformReconciler - [helmcust] Custom Resource Spec (replicas: 2) (extensions: 1)
2025-01-29 22:17:52,858 INFO c.h.h.t.HelmChartContainer - [hivemq-test-hivemq-platform] [hivemq-platform-operator] [4c787465] 22:17:52.834 [ReconcilerExecutor-hivemq-controller-87] DEBUG c.h.p.o.HiveMQPlatformReconciler - [helmcust] StatefulSet Status (revision: test-hivemq-platform-7f5f89548, replicas: 1, available: 0, ready: 0, current: 1, updated: 1)
2025-01-29 22:17:52,858 INFO c.h.h.t.HelmChartContainer - [hivemq-test-hivemq-platform] [hivemq-platform-operator] [4c787465] 22:17:52.834 [ReconcilerExecutor-hivemq-controller-87] DEBUG c.h.p.o.HiveMQPlatformReconciler - [helmcust] StatefulSet Spec (replicas: 2, init containers: 1, containers: 1, volumes: 3)
2025-01-29 22:17:52,858 INFO c.h.h.t.HelmChartContainer - [hivemq-test-hivemq-platform] [hivemq-platform-operator] [4c787465] 22:17:52.837 [ReconcilerExecutor-hivemq-controller-87] DEBUG c.h.p.o.h.HiveMQPlatformReconcilerErrorHandler - [helmcust] Pod 'test-hivemq-platform-0' phase Pending
2025-01-29 22:17:52,858 INFO c.h.h.t.HelmChartContainer - [hivemq-test-hivemq-platform] [hivemq-platform-operator] [4c787465] 22:17:52.838 [ReconcilerExecutor-hivemq-controller-87] DEBUG c.h.p.o.h.HiveMQPlatformReconcilerErrorHandler - [helmcust] Pod 'test-hivemq-platform-0' condition 'PodReadyToStartContainers': True
2025-01-29 22:17:52,858 INFO c.h.h.t.HelmChartContainer - [hivemq-test-hivemq-platform] [hivemq-platform-operator] [4c787465] 22:17:52.838 [ReconcilerExecutor-hivemq-controller-87] DEBUG c.h.p.o.h.HiveMQPlatformReconcilerErrorHandler - [helmcust] Pod 'test-hivemq-platform-0' condition 'Initialized': False
2025-01-29 22:17:52,858 INFO c.h.h.t.HelmChartContainer - [hivemq-test-hivemq-platform] [hivemq-platform-operator] [4c787465] 22:17:52.838 [ReconcilerExecutor-hivemq-controller-87] DEBUG c.h.p.o.h.HiveMQPlatformReconcilerErrorHandler - [helmcust] Pod 'test-hivemq-platform-0' condition 'Ready': False
2025-01-29 22:17:52,858 INFO c.h.h.t.HelmChartContainer - [hivemq-test-hivemq-platform] [hivemq-platform-operator] [4c787465] 22:17:52.838 [ReconcilerExecutor-hivemq-controller-87] DEBUG c.h.p.o.h.HiveMQPlatformReconcilerErrorHandler - [helmcust] Pod 'test-hivemq-platform-0' condition 'ContainersReady': False
2025-01-29 22:17:52,858 INFO c.h.h.t.HelmChartContainer - [hivemq-test-hivemq-platform] [hivemq-platform-operator] [4c787465] 22:17:52.838 [ReconcilerExecutor-hivemq-controller-87] DEBUG c.h.p.o.h.HiveMQPlatformReconcilerErrorHandler - [helmcust] Pod 'test-hivemq-platform-0' condition 'PodScheduled': True
2025-01-29 22:17:52,858 INFO c.h.h.t.HelmChartContainer - [hivemq-test-hivemq-platform] [hivemq-platform-operator] [4c787465] 22:17:52.838 [ReconcilerExecutor-hivemq-controller-87] DEBUG c.h.p.o.h.HiveMQPlatformReconcilerErrorHandler - [helmcust] Pod 'test-hivemq-platform-0' containerStatus 'hivemq' (started: false) (ready: false) (waiting: [PodInitializing] null)
2025-01-29 22:17:52,858 INFO c.h.h.t.HelmChartContainer - [hivemq-test-hivemq-platform] [hivemq-platform-operator] [4c787465] 22:17:52.839 [ReconcilerExecutor-hivemq-controller-87] INFO  c.h.p.o.h.HiveMQPlatformReconcilerBaseHandler - [helmcust] HiveMQ Platform is starting, 0 of 2 replicas are ready
2025-01-29 22:17:53,760 INFO c.h.h.t.HelmChartContainer - [EVENT] Normal [Pulled] Container image "docker.io/hivemq/hivemq4:4.36.0" already present on machine [helmcustomconfigit:test-hivemq-platform-0]
2025-01-29 22:17:53,760 INFO c.h.h.t.HelmChartContainer - Received Pulled event for container hivemq in pod test-hivemq-platform-0 [d68760c8-1437-4836-9c63-4c3384b6c9fb]
2025-01-29 22:17:53,760 INFO c.h.h.t.HelmChartContainer - [POD] test-hivemq-platform-0 [d68760c8-1437-4836-9c63-4c3384b6c9fb] in helmcustomconfigit was MODIFIED
2025-01-29 22:17:53,776 INFO c.h.h.t.HelmChartContainer - [hivemq-test-hivemq-platform] [hivemq-platform-operator] [4c787465] 22:17:53.771 [pool-6-thread-42] DEBUG c.h.p.o.d.PlatformServiceResource - [helmcust] Desired Platform services (3 services)
2025-01-29 22:17:53,776 INFO c.h.h.t.HelmChartContainer - [hivemq-test-hivemq-platform] [hivemq-platform-operator] [4c787465] 22:17:53.773 [pool-6-thread-43] DEBUG c.h.p.o.dependants.PodInfoConfigMap - [helmcust] Desired PodInfo ConfigMap (1 extensions) (1 enabled)
2025-01-29 22:17:53,776 INFO c.h.h.t.HelmChartContainer - [hivemq-test-hivemq-platform] [hivemq-platform-operator] [4c787465] 22:17:53.775 [pool-6-thread-43] DEBUG c.h.p.o.dependants.PodInfoConfigMap - [helmcust] Desired PodInfo ConfigMap (metrics port: 9399) (metrics path: /)
2025-01-29 22:17:53,776 INFO c.h.h.t.HelmChartContainer - [hivemq-test-hivemq-platform] [hivemq-platform-operator] [4c787465] 22:17:53.775 [pool-6-thread-43] DEBUG c.h.p.o.dependants.PodInfoConfigMap - [helmcust] Desired PodInfo ConfigMap (extension state hash: -1817474005)
2025-01-29 22:17:53,779 INFO c.h.h.t.HelmChartContainer - [hivemq-test-hivemq-platform] [hivemq-platform-operator] [4c787465] 22:17:53.777 [pool-6-thread-47] DEBUG c.h.p.o.d.PodServiceAccountResource - [helmcust] Desired PodServiceAccountResource (serviceAccountName: hivemq-platform-pod-test-hivemq-platform)
2025-01-29 22:17:53,831 INFO c.h.h.t.HelmChartContainer - [hivemq-test-hivemq-platform] [hivemq-platform-operator] [4c787465] 22:17:53.829 [pool-6-thread-50] DEBUG c.h.p.o.d.StatefulSetResource - [helmcust] Desired StatefulSet (2 replicas) for status STARTING (READY)
2025-01-29 22:17:53,835 INFO c.h.h.t.HelmChartContainer - [hivemq-test-hivemq-platform] [hivemq-platform-operator] [4c787465] 22:17:53.834 [ReconcilerExecutor-hivemq-controller-98] INFO  c.h.p.o.HiveMQPlatformReconciler - [helmcust] Reconciling HiveMQ Platform 'test-hivemq-platform' in namespace 'helmcustomconfigit'
2025-01-29 22:17:53,839 INFO c.h.h.t.HelmChartContainer - [hivemq-test-hivemq-platform] [hivemq-platform-operator] [4c787465] 22:17:53.834 [ReconcilerExecutor-hivemq-controller-98] DEBUG c.h.p.o.HiveMQPlatformReconciler - [helmcust] Custom Resource Status STARTING - HiveMQ Platform is starting (READY)
2025-01-29 22:17:53,839 INFO c.h.h.t.HelmChartContainer - [hivemq-test-hivemq-platform] [hivemq-platform-operator] [4c787465] 22:17:53.834 [ReconcilerExecutor-hivemq-controller-98] DEBUG c.h.p.o.HiveMQPlatformReconciler - [helmcust] Custom Resource Spec (replicas: 2) (extensions: 1)
2025-01-29 22:17:53,839 INFO c.h.h.t.HelmChartContainer - [hivemq-test-hivemq-platform] [hivemq-platform-operator] [4c787465] 22:17:53.836 [ReconcilerExecutor-hivemq-controller-98] DEBUG c.h.p.o.HiveMQPlatformReconciler - [helmcust] StatefulSet Status (revision: test-hivemq-platform-7f5f89548, replicas: 1, available: 0, ready: 0, current: 1, updated: 1)
2025-01-29 22:17:53,839 INFO c.h.h.t.HelmChartContainer - [hivemq-test-hivemq-platform] [hivemq-platform-operator] [4c787465] 22:17:53.837 [ReconcilerExecutor-hivemq-controller-98] DEBUG c.h.p.o.HiveMQPlatformReconciler - [helmcust] StatefulSet Spec (replicas: 2, init containers: 1, containers: 1, volumes: 3)
2025-01-29 22:17:53,841 INFO c.h.h.t.HelmChartContainer - [hivemq-test-hivemq-platform] [hivemq-platform-operator] [4c787465] 22:17:53.841 [ReconcilerExecutor-hivemq-controller-98] DEBUG c.h.p.o.h.HiveMQPlatformReconcilerErrorHandler - [helmcust] Pod 'test-hivemq-platform-0' phase Pending
2025-01-29 22:17:53,842 INFO c.h.h.t.HelmChartContainer - [hivemq-test-hivemq-platform] [hivemq-platform-operator] [4c787465] 22:17:53.841 [ReconcilerExecutor-hivemq-controller-98] DEBUG c.h.p.o.h.HiveMQPlatformReconcilerErrorHandler - [helmcust] Pod 'test-hivemq-platform-0' condition 'PodReadyToStartContainers': True
2025-01-29 22:17:53,842 INFO c.h.h.t.HelmChartContainer - [hivemq-test-hivemq-platform] [hivemq-platform-operator] [4c787465] 22:17:53.841 [ReconcilerExecutor-hivemq-controller-98] DEBUG c.h.p.o.h.HiveMQPlatformReconcilerErrorHandler - [helmcust] Pod 'test-hivemq-platform-0' condition 'Initialized': True
2025-01-29 22:17:53,842 INFO c.h.h.t.HelmChartContainer - [hivemq-test-hivemq-platform] [hivemq-platform-operator] [4c787465] 22:17:53.841 [ReconcilerExecutor-hivemq-controller-98] DEBUG c.h.p.o.h.HiveMQPlatformReconcilerErrorHandler - [helmcust] Pod 'test-hivemq-platform-0' condition 'Ready': False
2025-01-29 22:17:53,842 INFO c.h.h.t.HelmChartContainer - [hivemq-test-hivemq-platform] [hivemq-platform-operator] [4c787465] 22:17:53.841 [ReconcilerExecutor-hivemq-controller-98] DEBUG c.h.p.o.h.HiveMQPlatformReconcilerErrorHandler - [helmcust] Pod 'test-hivemq-platform-0' condition 'ContainersReady': False
2025-01-29 22:17:53,842 INFO c.h.h.t.HelmChartContainer - [hivemq-test-hivemq-platform] [hivemq-platform-operator] [4c787465] 22:17:53.841 [ReconcilerExecutor-hivemq-controller-98] DEBUG c.h.p.o.h.HiveMQPlatformReconcilerErrorHandler - [helmcust] Pod 'test-hivemq-platform-0' condition 'PodScheduled': True
2025-01-29 22:17:53,842 INFO c.h.h.t.HelmChartContainer - [hivemq-test-hivemq-platform] [hivemq-platform-operator] [4c787465] 22:17:53.841 [ReconcilerExecutor-hivemq-controller-98] DEBUG c.h.p.o.h.HiveMQPlatformReconcilerErrorHandler - [helmcust] Pod 'test-hivemq-platform-0' containerStatus 'hivemq' (started: false) (ready: false) (waiting: [PodInitializing] null)
2025-01-29 22:17:53,927 INFO c.h.h.t.HelmChartContainer - [hivemq-test-hivemq-platform] [hivemq-platform-operator] [4c787465] 22:17:53.843 [ReconcilerExecutor-hivemq-controller-98] INFO  c.h.p.o.h.HiveMQPlatformReconcilerBaseHandler - [helmcust] HiveMQ Platform is starting, 0 of 2 replicas are ready
2025-01-29 22:17:54,988 INFO c.h.h.t.HelmChartContainer - [EVENT] Normal [Created] Created container: hivemq [helmcustomconfigit:test-hivemq-platform-0]
2025-01-29 22:17:54,988 INFO c.h.h.t.HelmChartContainer - Received Created event for container hivemq in pod test-hivemq-platform-0 [d68760c8-1437-4836-9c63-4c3384b6c9fb]
2025-01-29 22:17:55,763 INFO c.h.h.t.HelmChartContainer - [POD] test-hivemq-platform-0 [d68760c8-1437-4836-9c63-4c3384b6c9fb] in helmcustomconfigit was MODIFIED
2025-01-29 22:17:55,772 INFO c.h.h.t.HelmChartContainer - Started log watcher for hivemq in pod test-hivemq-platform-0 [d68760c8-1437-4836-9c63-4c3384b6c9fb]
2025-01-29 22:17:55,773 INFO c.h.h.t.HelmChartContainer - [test-hivemq-platform] [hivemq] [d68760c8] Adding pre-installed HiveMQ Platform Operator extensions
2025-01-29 22:17:55,773 INFO c.h.h.t.HelmChartContainer - [test-hivemq-platform] [hivemq] [d68760c8] Running as user 10000
2025-01-29 22:17:55,773 INFO c.h.h.t.HelmChartContainer - [test-hivemq-platform] [hivemq] [d68760c8] Starting HiveMQ Platform Operator Init
2025-01-29 22:17:55,773 INFO c.h.h.t.HelmChartContainer - [EVENT] Normal [Started] Started container hivemq [helmcustomconfigit:test-hivemq-platform-0]
2025-01-29 22:17:55,773 INFO c.h.h.t.HelmChartContainer - Received Started event for container hivemq in pod test-hivemq-platform-0 [d68760c8-1437-4836-9c63-4c3384b6c9fb]
2025-01-29 22:17:55,776 INFO c.h.h.t.HelmChartContainer - [hivemq-test-hivemq-platform] [hivemq-platform-operator] [4c787465] 22:17:55.773 [pool-6-thread-8] DEBUG c.h.p.o.d.PlatformServiceResource - [helmcust] Desired Platform services (3 services)
2025-01-29 22:17:55,781 INFO c.h.h.t.HelmChartContainer - [hivemq-test-hivemq-platform] [hivemq-platform-operator] [4c787465] 22:17:55.779 [pool-6-thread-9] DEBUG c.h.p.o.dependants.PodInfoConfigMap - [helmcust] Desired PodInfo ConfigMap (1 extensions) (1 enabled)
2025-01-29 22:17:55,783 INFO c.h.h.t.HelmChartContainer - [hivemq-test-hivemq-platform] [hivemq-platform-operator] [4c787465] 22:17:55.782 [pool-6-thread-9] DEBUG c.h.p.o.dependants.PodInfoConfigMap - [helmcust] Desired PodInfo ConfigMap (metrics port: 9399) (metrics path: /)
2025-01-29 22:17:55,786 INFO c.h.h.t.HelmChartContainer - [hivemq-test-hivemq-platform] [hivemq-platform-operator] [4c787465] 22:17:55.783 [pool-6-thread-9] DEBUG c.h.p.o.dependants.PodInfoConfigMap - [helmcust] Desired PodInfo ConfigMap (extension state hash: -1817474005)
2025-01-29 22:17:55,786 INFO c.h.h.t.HelmChartContainer - [hivemq-test-hivemq-platform] [hivemq-platform-operator] [4c787465] 22:17:55.784 [pool-6-thread-6] DEBUG c.h.p.o.d.PodServiceAccountResource - [helmcust] Desired PodServiceAccountResource (serviceAccountName: hivemq-platform-pod-test-hivemq-platform)
2025-01-29 22:17:55,832 INFO c.h.h.t.HelmChartContainer - [hivemq-test-hivemq-platform] [hivemq-platform-operator] [4c787465] 22:17:55.827 [pool-6-thread-8] DEBUG c.h.p.o.d.StatefulSetResource - [helmcust] Desired StatefulSet (2 replicas) for status STARTING (READY)
2025-01-29 22:17:55,835 INFO c.h.h.t.HelmChartContainer - [hivemq-test-hivemq-platform] [hivemq-platform-operator] [4c787465] 22:17:55.834 [ReconcilerExecutor-hivemq-controller-109] INFO  c.h.p.o.HiveMQPlatformReconciler - [helmcust] Reconciling HiveMQ Platform 'test-hivemq-platform' in namespace 'helmcustomconfigit'
2025-01-29 22:17:55,835 INFO c.h.h.t.HelmChartContainer - [hivemq-test-hivemq-platform] [hivemq-platform-operator] [4c787465] 22:17:55.834 [ReconcilerExecutor-hivemq-controller-109] DEBUG c.h.p.o.HiveMQPlatformReconciler - [helmcust] Custom Resource Status STARTING - HiveMQ Platform is starting (READY)
2025-01-29 22:17:55,836 INFO c.h.h.t.HelmChartContainer - [hivemq-test-hivemq-platform] [hivemq-platform-operator] [4c787465] 22:17:55.834 [ReconcilerExecutor-hivemq-controller-109] DEBUG c.h.p.o.HiveMQPlatformReconciler - [helmcust] Custom Resource Spec (replicas: 2) (extensions: 1)
2025-01-29 22:17:55,839 INFO c.h.h.t.HelmChartContainer - [hivemq-test-hivemq-platform] [hivemq-platform-operator] [4c787465] 22:17:55.838 [ReconcilerExecutor-hivemq-controller-109] DEBUG c.h.p.o.HiveMQPlatformReconciler - [helmcust] StatefulSet Status (revision: test-hivemq-platform-7f5f89548, replicas: 1, available: 0, ready: 0, current: 1, updated: 1)
2025-01-29 22:17:55,841 INFO c.h.h.t.HelmChartContainer - [hivemq-test-hivemq-platform] [hivemq-platform-operator] [4c787465] 22:17:55.838 [ReconcilerExecutor-hivemq-controller-109] DEBUG c.h.p.o.HiveMQPlatformReconciler - [helmcust] StatefulSet Spec (replicas: 2, init containers: 1, containers: 1, volumes: 3)
2025-01-29 22:17:55,841 INFO c.h.h.t.HelmChartContainer - [hivemq-test-hivemq-platform] [hivemq-platform-operator] [4c787465] 22:17:55.840 [ReconcilerExecutor-hivemq-controller-109] DEBUG c.h.p.o.h.HiveMQPlatformReconcilerErrorHandler - [helmcust] Pod 'test-hivemq-platform-0' phase Running
2025-01-29 22:17:55,842 INFO c.h.h.t.HelmChartContainer - [hivemq-test-hivemq-platform] [hivemq-platform-operator] [4c787465] 22:17:55.841 [ReconcilerExecutor-hivemq-controller-109] INFO  c.h.p.o.h.HiveMQPlatformReconcilerBaseHandler - [helmcust] HiveMQ Platform is starting, 0 of 2 replicas are ready
2025-01-29 22:17:56,191 INFO c.h.h.t.HelmChartContainer - [test-hivemq-platform] [hivemq] [d68760c8] INFO  - [HiveMQ Platform Operator Init 1.7.0-SNAPSHOT] HiveMQ Platform Operator Init 1.7.0-SNAPSHOT (commit: 3bc9484 on branch: HEAD) built on Wed Jan 29 22:06:36 UTC 2025
2025-01-29 22:17:57,298 INFO c.h.h.t.HelmChartContainer - [test-hivemq-platform] [hivemq] [d68760c8] INFO  - [HiveMQ Platform Operator Init App 1.7.0-SNAPSHOT] Using bind address 10.42.0.14 from environment variable
2025-01-29 22:17:58,186 INFO c.h.h.t.HelmChartContainer - [test-hivemq-platform] [hivemq] [d68760c8] INFO  - [HiveMQ Platform Operator Init App 1.7.0-SNAPSHOT] HiveMQ Platform Operator Init App 1.7.0-SNAPSHOT (commit: 3bc9484 on branch: HEAD) built on Wed Jan 29 22:06:36 UTC 2025
2025-01-29 22:17:58,187 INFO c.h.h.t.HelmChartContainer - [test-hivemq-platform] [hivemq] [d68760c8] INFO  - [HiveMQ Platform Operator Init App 1.7.0-SNAPSHOT] PodInfo ConfigMap directory: /etc/podinfo
2025-01-29 22:17:58,187 INFO c.h.h.t.HelmChartContainer - [test-hivemq-platform] [hivemq] [d68760c8] INFO  - [HiveMQ Platform Operator Init App 1.7.0-SNAPSHOT] HiveMQ home directory: /opt/hivemq
2025-01-29 22:17:58,187 INFO c.h.h.t.HelmChartContainer - [test-hivemq-platform] [hivemq] [d68760c8] INFO  - [HiveMQ Platform Operator Init App 1.7.0-SNAPSHOT] HiveMQ Logback folder: /opt/hivemq/conf
2025-01-29 22:17:58,187 INFO c.h.h.t.HelmChartContainer - [test-hivemq-platform] [hivemq] [d68760c8] INFO  - [HiveMQ Platform Operator Init App 1.7.0-SNAPSHOT] HiveMQ Config folder: /opt/hivemq/conf-k8s
2025-01-29 22:17:58,187 INFO c.h.h.t.HelmChartContainer - [test-hivemq-platform] [hivemq] [d68760c8] INFO  - [HiveMQ Platform Operator Init App 1.7.0-SNAPSHOT] Starting HiveMQ Platform Operator Init App
2025-01-29 22:17:58,187 INFO c.h.h.t.HelmChartContainer - [test-hivemq-platform] [hivemq] [d68760c8] INFO  - [HiveMQ Platform Operator Init App 1.7.0-SNAPSHOT] Starting Pod reconciler
2025-01-29 22:17:59,308 INFO c.h.h.t.HelmChartContainer - [test-hivemq-platform] [hivemq] [d68760c8] INFO  - [HiveMQ Platform Operator Init App 1.7.0-SNAPSHOT] Pod reconciler is scheduled (interval: 5000 ms)
2025-01-29 22:17:59,308 INFO c.h.h.t.HelmChartContainer - [test-hivemq-platform] [hivemq] [d68760c8] INFO  - [HiveMQ Platform Operator Init App 1.7.0-SNAPSHOT] Starting the REST API on 10.42.0.14:7979
2025-01-29 22:17:59,310 INFO c.h.h.t.HelmChartContainer - [test-hivemq-platform] [hivemq] [d68760c8] INFO  - [HiveMQ Platform Operator Init App 1.7.0-SNAPSHOT] Waiting up to 600s for at most 2 HiveMQ nodes in cluster service hivemq-test-hivemq-platform-cluster.helmcustomconfigit.svc
2025-01-29 22:17:59,692 INFO c.h.h.t.HelmChartContainer - [test-hivemq-platform] [hivemq] [d68760c8] INFO  - [HiveMQ Platform Operator Init App 1.7.0-SNAPSHOT] Resolved 1 IP addresses: [10.42.0.14]
2025-01-29 22:17:59,692 INFO c.h.h.t.HelmChartContainer - [test-hivemq-platform] [hivemq] [d68760c8] INFO  - [HiveMQ Platform Operator Init App 1.7.0-SNAPSHOT] HiveMQ node count of 1 is within threshold of 2
2025-01-29 22:17:59,692 INFO c.h.h.t.HelmChartContainer - [test-hivemq-platform] [hivemq] [d68760c8] INFO  - [HiveMQ Platform Operator Init App 1.7.0-SNAPSHOT] Proceeding with container start
2025-01-29 22:17:59,788 INFO c.h.h.t.HelmChartContainer - [test-hivemq-platform] [hivemq] [d68760c8] INFO  - [HiveMQ Platform Operator Init App 1.7.0-SNAPSHOT] Initializing HiveMQ Platform extensions with initial configuration: {hivemq-allow-all-extension={start-priority=-1, skip-https-hostname-verification=false, restart=true, config-version=0, header-version=0, c-uri=, priority=-1, uri=preinstalled, skip-https-certificate-validation=false, enabled=true}, hivemq-prometheus-extension={start-priority=-1, priority=-1, restart=true, enabled=true, request-header-path=no-request-headers, uri=preinstalled, skip-https-certificate-validation=false, skip-https-hostname-verification=false, c-uri=}}
2025-01-29 22:18:00,195 INFO c.h.h.t.HelmChartContainer - [test-hivemq-platform] [hivemq] [d68760c8] INFO  - [HiveMQ Platform Operator Init App 1.7.0-SNAPSHOT] Extension hivemq-allow-all-extension was already enabled
2025-01-29 22:18:00,288 INFO c.h.h.t.HelmChartContainer - [test-hivemq-platform] [hivemq] [d68760c8] INFO  - [HiveMQ Platform Operator Init App 1.7.0-SNAPSHOT] Successfully enabled extension hivemq-prometheus-extension
2025-01-29 22:18:00,290 INFO c.h.h.t.HelmChartContainer - [test-hivemq-platform] [hivemq] [d68760c8] INFO  - [HiveMQ Platform Operator Init App 1.7.0-SNAPSHOT] Starting HiveMQ Platform version 4.36.0 (4.36.0)
2025-01-29 22:18:00,290 INFO c.h.h.t.HelmChartContainer - [test-hivemq-platform] [hivemq] [d68760c8] INFO  - [HiveMQ Platform Operator Init App 1.7.0-SNAPSHOT] Configuring the HiveMQ Platform
2025-01-29 22:18:00,298 INFO c.h.h.t.HelmChartContainer - [test-hivemq-platform] [hivemq] [d68760c8] INFO  - [HiveMQ Platform Operator Init App 1.7.0-SNAPSHOT] Changed logback.xml file scan period to 20 seconds
2025-01-29 22:18:00,389 INFO c.h.h.t.HelmChartContainer - [test-hivemq-platform] [hivemq] [d68760c8] INFO  - [HiveMQ Platform Operator Init App 1.7.0-SNAPSHOT] Starting the HiveMQ Platform
2025-01-29 22:18:00,392 INFO c.h.h.t.HelmChartContainer - [test-hivemq-platform] [hivemq] [d68760c8] -------------------------------------------------------------------------
2025-01-29 22:18:00,392 INFO c.h.h.t.HelmChartContainer - [test-hivemq-platform] [hivemq] [d68760c8] 
2025-01-29 22:18:00,392 INFO c.h.h.t.HelmChartContainer - [test-hivemq-platform] [hivemq] [d68760c8]                   _    _  _              __  __   ____
2025-01-29 22:18:00,392 INFO c.h.h.t.HelmChartContainer - [test-hivemq-platform] [hivemq] [d68760c8]                  | |  | |(_)            |  \/  | / __ \
2025-01-29 22:18:00,392 INFO c.h.h.t.HelmChartContainer - [test-hivemq-platform] [hivemq] [d68760c8]                  | |__| | _ __   __ ___ | \  / || |  | |
2025-01-29 22:18:00,392 INFO c.h.h.t.HelmChartContainer - [test-hivemq-platform] [hivemq] [d68760c8]                  |  __  || |\ \ / // _ \| |\/| || |  | |
2025-01-29 22:18:00,392 INFO c.h.h.t.HelmChartContainer - [test-hivemq-platform] [hivemq] [d68760c8]                  | |  | || | \ V /|  __/| |  | || |__| |
2025-01-29 22:18:00,392 INFO c.h.h.t.HelmChartContainer - [test-hivemq-platform] [hivemq] [d68760c8]                  |_|  |_||_|  \_/  \___||_|  |_| \___\_\
2025-01-29 22:18:00,392 INFO c.h.h.t.HelmChartContainer - [test-hivemq-platform] [hivemq] [d68760c8] 
2025-01-29 22:18:00,393 INFO c.h.h.t.HelmChartContainer - [test-hivemq-platform] [hivemq] [d68760c8] -------------------------------------------------------------------------
2025-01-29 22:18:00,393 INFO c.h.h.t.HelmChartContainer - [test-hivemq-platform] [hivemq] [d68760c8] 
2025-01-29 22:18:00,393 INFO c.h.h.t.HelmChartContainer - [test-hivemq-platform] [hivemq] [d68760c8]   HiveMQ Start Script for Linux/Unix v1.14
2025-01-29 22:18:00,393 INFO c.h.h.t.HelmChartContainer - [test-hivemq-platform] [hivemq] [d68760c8] 
2025-01-29 22:18:00,490 INFO c.h.h.t.HelmChartContainer - [test-hivemq-platform] [hivemq] [d68760c8] -------------------------------------------------------------------------
2025-01-29 22:18:00,490 INFO c.h.h.t.HelmChartContainer - [test-hivemq-platform] [hivemq] [d68760c8] 
2025-01-29 22:18:00,490 INFO c.h.h.t.HelmChartContainer - [test-hivemq-platform] [hivemq] [d68760c8]   HIVEMQ_HOME: /opt/hivemq
2025-01-29 22:18:00,491 INFO c.h.h.t.HelmChartContainer - [test-hivemq-platform] [hivemq] [d68760c8] 
2025-01-29 22:18:00,491 INFO c.h.h.t.HelmChartContainer - [test-hivemq-platform] [hivemq] [d68760c8]   JAVA_OPTS: -XX:+UnlockExperimentalVMOptions -XX:InitialRAMPercentage=50 -XX:MaxRAMPercentage=50 -Djava.net.preferIPv4Stack=true --add-opens java.base/java.lang=ALL-UNNAMED --add-opens java.base/java.nio=ALL-UNNAMED --add-opens java.base/sun.nio.ch=ALL-UNNAMED --add-opens jdk.management/com.sun.management.internal=ALL-UNNAMED --add-exports java.base/jdk.internal.misc=ALL-UNNAMED -Djava.security.egd=file:/dev/./urandom -Dcom.sun.management.jmxremote -Dcom.sun.management.jmxremote.port=9010 -Dcom.sun.management.jmxremote.local.only=false -Dcom.sun.management.jmxremote.authenticate=false -Dcom.sun.management.jmxremote.ssl=false -Duser.language=en -Duser.region=US -XX:+CrashOnOutOfMemoryError -XX:+HeapDumpOnOutOfMemoryError
2025-01-29 22:18:00,491 INFO c.h.h.t.HelmChartContainer - [test-hivemq-platform] [hivemq] [d68760c8] 
2025-01-29 22:18:00,491 INFO c.h.h.t.HelmChartContainer - [test-hivemq-platform] [hivemq] [d68760c8]   JAVA_VERSION: 21
2025-01-29 22:18:00,491 INFO c.h.h.t.HelmChartContainer - [test-hivemq-platform] [hivemq] [d68760c8] 
2025-01-29 22:18:00,491 INFO c.h.h.t.HelmChartContainer - [test-hivemq-platform] [hivemq] [d68760c8] -------------------------------------------------------------------------
2025-01-29 22:18:00,491 INFO c.h.h.t.HelmChartContainer - [test-hivemq-platform] [hivemq] [d68760c8] 
2025-01-29 22:18:01,786 INFO c.h.h.t.HelmChartContainer - [test-hivemq-platform] [hivemq] [d68760c8] INFO  - [HiveMQ Platform Operator Init App 1.7.0-SNAPSHOT] Returning default Health API response 503 for readiness
2025-01-29 22:18:02,093 INFO c.h.h.t.HelmChartContainer - [EVENT] Warning [Unhealthy] Readiness probe failed: HTTP probe failed with statuscode: 503 [helmcustomconfigit:test-hivemq-platform-0]
2025-01-29 22:18:02,093 INFO c.h.h.t.HelmChartContainer - Received Unhealthy event for container hivemq in pod test-hivemq-platform-0 [d68760c8-1437-4836-9c63-4c3384b6c9fb]
2025-01-29 22:18:03,174 INFO c.h.h.t.HelmChartContainer - [test-hivemq-platform] [hivemq] [d68760c8] INFO  - Starting HiveMQ Enterprise Server
2025-01-29 22:18:03,186 INFO c.h.h.t.HelmChartContainer - [test-hivemq-platform] [hivemq] [d68760c8] INFO  - HiveMQ version: 4.36.0
2025-01-29 22:18:03,187 INFO c.h.h.t.HelmChartContainer - [test-hivemq-platform] [hivemq] [d68760c8] INFO  - HiveMQ home directory: /opt/hivemq
2025-01-29 22:18:03,187 INFO c.h.h.t.HelmChartContainer - [test-hivemq-platform] [hivemq] [d68760c8] INFO  - Log Configuration was overridden by /opt/hivemq/conf/logback.xml
2025-01-29 22:18:04,294 INFO c.h.h.t.HelmChartContainer - [test-hivemq-platform] [hivemq] [d68760c8] INFO  - Successfully loaded configuration from '/opt/hivemq/conf-k8s/config.xml'.
2025-01-29 22:18:05,182 INFO c.h.h.t.HelmChartContainer - [test-hivemq-platform] [hivemq] [d68760c8] INFO  - This node's ID is XWgNh
2025-01-29 22:18:05,183 INFO c.h.h.t.HelmChartContainer - [test-hivemq-platform] [hivemq] [d68760c8] INFO  - Clustering is enabled
2025-01-29 22:18:05,847 INFO c.h.h.t.HelmChartContainer - [hivemq-test-hivemq-platform] [hivemq-platform-operator] [4c787465] 22:18:05.844 [pool-6-thread-16] DEBUG c.h.p.o.d.PlatformServiceResource - [helmcust] Desired Platform services (3 services)
2025-01-29 22:18:05,849 INFO c.h.h.t.HelmChartContainer - [hivemq-test-hivemq-platform] [hivemq-platform-operator] [4c787465] 22:18:05.848 [pool-6-thread-14] DEBUG c.h.p.o.dependants.PodInfoConfigMap - [helmcust] Desired PodInfo ConfigMap (1 extensions) (1 enabled)
2025-01-29 22:18:05,849 INFO c.h.h.t.HelmChartContainer - [hivemq-test-hivemq-platform] [hivemq-platform-operator] [4c787465] 22:18:05.848 [pool-6-thread-14] DEBUG c.h.p.o.dependants.PodInfoConfigMap - [helmcust] Desired PodInfo ConfigMap (metrics port: 9399) (metrics path: /)
2025-01-29 22:18:05,849 INFO c.h.h.t.HelmChartContainer - [hivemq-test-hivemq-platform] [hivemq-platform-operator] [4c787465] 22:18:05.848 [pool-6-thread-14] DEBUG c.h.p.o.dependants.PodInfoConfigMap - [helmcust] Desired PodInfo ConfigMap (extension state hash: -1817474005)
2025-01-29 22:18:05,849 INFO c.h.h.t.HelmChartContainer - [hivemq-test-hivemq-platform] [hivemq-platform-operator] [4c787465] 22:18:05.848 [pool-6-thread-15] DEBUG c.h.p.o.d.PodServiceAccountResource - [helmcust] Desired PodServiceAccountResource (serviceAccountName: hivemq-platform-pod-test-hivemq-platform)
2025-01-29 22:18:05,854 INFO c.h.h.t.HelmChartContainer - [hivemq-test-hivemq-platform] [hivemq-platform-operator] [4c787465] 22:18:05.853 [pool-6-thread-14] DEBUG c.h.p.o.d.StatefulSetResource - [helmcust] Desired StatefulSet (2 replicas) for status STARTING (READY)
2025-01-29 22:18:05,858 INFO c.h.h.t.HelmChartContainer - [hivemq-test-hivemq-platform] [hivemq-platform-operator] [4c787465] 22:18:05.857 [ReconcilerExecutor-hivemq-controller-110] INFO  c.h.p.o.HiveMQPlatformReconciler - [helmcust] Reconciling HiveMQ Platform 'test-hivemq-platform' in namespace 'helmcustomconfigit'
2025-01-29 22:18:05,858 INFO c.h.h.t.HelmChartContainer - [hivemq-test-hivemq-platform] [hivemq-platform-operator] [4c787465] 22:18:05.857 [ReconcilerExecutor-hivemq-controller-110] DEBUG c.h.p.o.HiveMQPlatformReconciler - [helmcust] Custom Resource Status STARTING - HiveMQ Platform is starting (READY)
2025-01-29 22:18:05,859 INFO c.h.h.t.HelmChartContainer - [hivemq-test-hivemq-platform] [hivemq-platform-operator] [4c787465] 22:18:05.857 [ReconcilerExecutor-hivemq-controller-110] DEBUG c.h.p.o.HiveMQPlatformReconciler - [helmcust] Custom Resource Spec (replicas: 2) (extensions: 1)
2025-01-29 22:18:05,860 INFO c.h.h.t.HelmChartContainer - [hivemq-test-hivemq-platform] [hivemq-platform-operator] [4c787465] 22:18:05.859 [ReconcilerExecutor-hivemq-controller-110] DEBUG c.h.p.o.HiveMQPlatformReconciler - [helmcust] StatefulSet Status (revision: test-hivemq-platform-7f5f89548, replicas: 1, available: 0, ready: 0, current: 1, updated: 1)
2025-01-29 22:18:05,860 INFO c.h.h.t.HelmChartContainer - [hivemq-test-hivemq-platform] [hivemq-platform-operator] [4c787465] 22:18:05.859 [ReconcilerExecutor-hivemq-controller-110] DEBUG c.h.p.o.HiveMQPlatformReconciler - [helmcust] StatefulSet Spec (replicas: 2, init containers: 1, containers: 1, volumes: 3)
2025-01-29 22:18:05,861 INFO c.h.h.t.HelmChartContainer - [hivemq-test-hivemq-platform] [hivemq-platform-operator] [4c787465] 22:18:05.860 [ReconcilerExecutor-hivemq-controller-110] DEBUG c.h.p.o.h.HiveMQPlatformReconcilerErrorHandler - [helmcust] Pod 'test-hivemq-platform-0' phase Running
2025-01-29 22:18:05,862 INFO c.h.h.t.HelmChartContainer - [hivemq-test-hivemq-platform] [hivemq-platform-operator] [4c787465] 22:18:05.861 [ReconcilerExecutor-hivemq-controller-110] INFO  c.h.p.o.h.HiveMQPlatformReconcilerBaseHandler - [helmcust] HiveMQ Platform is starting, 0 of 2 replicas are ready
2025-01-29 22:18:07,188 INFO c.h.h.t.HelmChartContainer - [test-hivemq-platform] [hivemq] [d68760c8] WARN  - [HiveMQ Platform Operator Init App 1.7.0-SNAPSHOT] Cannot connect to Health API for readiness: null
2025-01-29 22:18:07,194 INFO c.h.h.t.HelmChartContainer - [EVENT] Warning [Unhealthy] Readiness probe failed: HTTP probe failed with statuscode: 503 [helmcustomconfigit:test-hivemq-platform-0]
2025-01-29 22:18:07,194 INFO c.h.h.t.HelmChartContainer - Received Unhealthy event for container hivemq in pod test-hivemq-platform-0 [d68760c8-1437-4836-9c63-4c3384b6c9fb]
2025-01-29 22:18:09,593 INFO c.h.h.t.HelmChartContainer - [test-hivemq-platform] [hivemq] [d68760c8] Jan 29, 2025 10:18:09 PM io.vertx.core.impl.BlockedThreadChecker
2025-01-29 22:18:09,593 INFO c.h.h.t.HelmChartContainer - [test-hivemq-platform] [hivemq] [d68760c8] WARNING: Thread Thread[vert.x-eventloop-thread-1,5,main] has been blocked for 2291 ms, time limit is 2000 ms
2025-01-29 22:18:09,983 INFO c.h.h.t.HelmChartContainer - [test-hivemq-platform] [hivemq] [d68760c8] INFO  - [HiveMQ Platform Operator Init App 1.7.0-SNAPSHOT] Updating Pod HiveMQ Platform Operator Init App version annotation (version: 1.7.0-SNAPSHOT)
2025-01-29 22:18:10,997 INFO c.h.h.t.HelmChartContainer - [POD] test-hivemq-platform-0 [d68760c8-1437-4836-9c63-4c3384b6c9fb] in helmcustomconfigit was MODIFIED
2025-01-29 22:18:11,007 INFO c.h.h.t.HelmChartContainer - [hivemq-test-hivemq-platform] [hivemq-platform-operator] [4c787465] 22:18:11.005 [pool-6-thread-26] DEBUG c.h.p.o.d.PlatformServiceResource - [helmcust] Desired Platform services (3 services)
2025-01-29 22:18:11,009 INFO c.h.h.t.HelmChartContainer - [hivemq-test-hivemq-platform] [hivemq-platform-operator] [4c787465] 22:18:11.006 [pool-6-thread-27] DEBUG c.h.p.o.dependants.PodInfoConfigMap - [helmcust] Desired PodInfo ConfigMap (1 extensions) (1 enabled)
2025-01-29 22:18:11,009 INFO c.h.h.t.HelmChartContainer - [hivemq-test-hivemq-platform] [hivemq-platform-operator] [4c787465] 22:18:11.008 [pool-6-thread-27] DEBUG c.h.p.o.dependants.PodInfoConfigMap - [helmcust] Desired PodInfo ConfigMap (metrics port: 9399) (metrics path: /)
2025-01-29 22:18:11,010 INFO c.h.h.t.HelmChartContainer - [hivemq-test-hivemq-platform] [hivemq-platform-operator] [4c787465] 22:18:11.009 [pool-6-thread-27] DEBUG c.h.p.o.dependants.PodInfoConfigMap - [helmcust] Desired PodInfo ConfigMap (extension state hash: -1817474005)
2025-01-29 22:18:11,012 INFO c.h.h.t.HelmChartContainer - [hivemq-test-hivemq-platform] [hivemq-platform-operator] [4c787465] 22:18:11.008 [pool-6-thread-25] DEBUG c.h.p.o.d.PodServiceAccountResource - [helmcust] Desired PodServiceAccountResource (serviceAccountName: hivemq-platform-pod-test-hivemq-platform)
2025-01-29 22:18:11,087 INFO c.h.h.t.HelmChartContainer - [test-hivemq-platform] [hivemq] [d68760c8] WARN  - [HiveMQ Platform Operator Init App 1.7.0-SNAPSHOT] Cannot connect to Health API for readiness: null
2025-01-29 22:18:11,091 INFO c.h.h.t.HelmChartContainer - [test-hivemq-platform] [hivemq] [d68760c8] INFO  - [HiveMQ Platform Operator Init App 1.7.0-SNAPSHOT] Successfully updated Pod HiveMQ Platform Operator Init App version annotation (version: 1.7.0-SNAPSHOT)
2025-01-29 22:18:11,095 INFO c.h.h.t.HelmChartContainer - [hivemq-test-hivemq-platform] [hivemq-platform-operator] [4c787465] 22:18:11.094 [pool-6-thread-23] DEBUG c.h.p.o.d.StatefulSetResource - [helmcust] Desired StatefulSet (2 replicas) for status STARTING (READY)
2025-01-29 22:18:11,098 INFO c.h.h.t.HelmChartContainer - [EVENT] Warning [Unhealthy] Readiness probe failed: HTTP probe failed with statuscode: 503 [helmcustomconfigit:test-hivemq-platform-0]
2025-01-29 22:18:11,098 INFO c.h.h.t.HelmChartContainer - Received Unhealthy event for container hivemq in pod test-hivemq-platform-0 [d68760c8-1437-4836-9c63-4c3384b6c9fb]
2025-01-29 22:18:11,101 INFO c.h.h.t.HelmChartContainer - [hivemq-test-hivemq-platform] [hivemq-platform-operator] [4c787465] 22:18:11.100 [ReconcilerExecutor-hivemq-controller-111] INFO  c.h.p.o.HiveMQPlatformReconciler - [helmcust] Reconciling HiveMQ Platform 'test-hivemq-platform' in namespace 'helmcustomconfigit'
2025-01-29 22:18:11,102 INFO c.h.h.t.HelmChartContainer - [hivemq-test-hivemq-platform] [hivemq-platform-operator] [4c787465] 22:18:11.100 [ReconcilerExecutor-hivemq-controller-111] DEBUG c.h.p.o.HiveMQPlatformReconciler - [helmcust] Custom Resource Status STARTING - HiveMQ Platform is starting (READY)
2025-01-29 22:18:11,103 INFO c.h.h.t.HelmChartContainer - [hivemq-test-hivemq-platform] [hivemq-platform-operator] [4c787465] 22:18:11.100 [ReconcilerExecutor-hivemq-controller-111] DEBUG c.h.p.o.HiveMQPlatformReconciler - [helmcust] Custom Resource Spec (replicas: 2) (extensions: 1)
2025-01-29 22:18:11,104 INFO c.h.h.t.HelmChartContainer - [hivemq-test-hivemq-platform] [hivemq-platform-operator] [4c787465] 22:18:11.102 [ReconcilerExecutor-hivemq-controller-111] DEBUG c.h.p.o.HiveMQPlatformReconciler - [helmcust] StatefulSet Status (revision: test-hivemq-platform-7f5f89548, replicas: 1, available: 0, ready: 0, current: 1, updated: 1)
2025-01-29 22:18:11,104 INFO c.h.h.t.HelmChartContainer - [hivemq-test-hivemq-platform] [hivemq-platform-operator] [4c787465] 22:18:11.102 [ReconcilerExecutor-hivemq-controller-111] DEBUG c.h.p.o.HiveMQPlatformReconciler - [helmcust] StatefulSet Spec (replicas: 2, init containers: 1, containers: 1, volumes: 3)
2025-01-29 22:18:11,105 INFO c.h.h.t.HelmChartContainer - [hivemq-test-hivemq-platform] [hivemq-platform-operator] [4c787465] 22:18:11.103 [ReconcilerExecutor-hivemq-controller-111] DEBUG c.h.p.o.h.HiveMQPlatformReconcilerErrorHandler - [helmcust] Pod 'test-hivemq-platform-0' phase Running
2025-01-29 22:18:11,105 INFO c.h.h.t.HelmChartContainer - [hivemq-test-hivemq-platform] [hivemq-platform-operator] [4c787465] 22:18:11.104 [ReconcilerExecutor-hivemq-controller-111] INFO  c.h.p.o.h.HiveMQPlatformReconcilerBaseHandler - [helmcust] HiveMQ Platform is starting, 0 of 2 replicas are ready
2025-01-29 22:18:15,999 INFO c.h.h.t.HelmChartContainer - [test-hivemq-platform] [hivemq] [d68760c8] WARN  - [HiveMQ Platform Operator Init App 1.7.0-SNAPSHOT] Cannot connect to Health API for readiness: null
2025-01-29 22:18:16,004 INFO c.h.h.t.HelmChartContainer - [EVENT] Warning [Unhealthy] Readiness probe failed: HTTP probe failed with statuscode: 503 [helmcustomconfigit:test-hivemq-platform-0]
2025-01-29 22:18:16,004 INFO c.h.h.t.HelmChartContainer - Received Unhealthy event for container hivemq in pod test-hivemq-platform-0 [d68760c8-1437-4836-9c63-4c3384b6c9fb]
2025-01-29 22:18:21,084 INFO c.h.h.t.HelmChartContainer - [test-hivemq-platform] [hivemq] [d68760c8] WARN  - [HiveMQ Platform Operator Init App 1.7.0-SNAPSHOT] Cannot connect to Health API for readiness: null
2025-01-29 22:18:21,089 INFO c.h.h.t.HelmChartContainer - [EVENT] Warning [Unhealthy] Readiness probe failed: HTTP probe failed with statuscode: 503 [helmcustomconfigit:test-hivemq-platform-0]
2025-01-29 22:18:21,089 INFO c.h.h.t.HelmChartContainer - Received Unhealthy event for container hivemq in pod test-hivemq-platform-0 [d68760c8-1437-4836-9c63-4c3384b6c9fb]
2025-01-29 22:18:21,110 INFO c.h.h.t.HelmChartContainer - [hivemq-test-hivemq-platform] [hivemq-platform-operator] [4c787465] 22:18:21.108 [pool-6-thread-36] DEBUG c.h.p.o.dependants.PodInfoConfigMap - [helmcust] Desired PodInfo ConfigMap (1 extensions) (1 enabled)
2025-01-29 22:18:21,110 INFO c.h.h.t.HelmChartContainer - [hivemq-test-hivemq-platform] [hivemq-platform-operator] [4c787465] 22:18:21.108 [pool-6-thread-36] DEBUG c.h.p.o.dependants.PodInfoConfigMap - [helmcust] Desired PodInfo ConfigMap (metrics port: 9399) (metrics path: /)
2025-01-29 22:18:21,110 INFO c.h.h.t.HelmChartContainer - [hivemq-test-hivemq-platform] [hivemq-platform-operator] [4c787465] 22:18:21.108 [pool-6-thread-36] DEBUG c.h.p.o.dependants.PodInfoConfigMap - [helmcust] Desired PodInfo ConfigMap (extension state hash: -1817474005)
2025-01-29 22:18:21,112 INFO c.h.h.t.HelmChartContainer - [hivemq-test-hivemq-platform] [hivemq-platform-operator] [4c787465] 22:18:21.109 [pool-6-thread-33] DEBUG c.h.p.o.d.PlatformServiceResource - [helmcust] Desired Platform services (3 services)
2025-01-29 22:18:21,112 INFO c.h.h.t.HelmChartContainer - [hivemq-test-hivemq-platform] [hivemq-platform-operator] [4c787465] 22:18:21.109 [pool-6-thread-36] DEBUG c.h.p.o.d.PodServiceAccountResource - [helmcust] Desired PodServiceAccountResource (serviceAccountName: hivemq-platform-pod-test-hivemq-platform)
2025-01-29 22:18:21,115 INFO c.h.h.t.HelmChartContainer - [hivemq-test-hivemq-platform] [hivemq-platform-operator] [4c787465] 22:18:21.114 [pool-6-thread-33] DEBUG c.h.p.o.d.StatefulSetResource - [helmcust] Desired StatefulSet (2 replicas) for status STARTING (READY)
2025-01-29 22:18:21,120 INFO c.h.h.t.HelmChartContainer - [hivemq-test-hivemq-platform] [hivemq-platform-operator] [4c787465] 22:18:21.119 [ReconcilerExecutor-hivemq-controller-112] INFO  c.h.p.o.HiveMQPlatformReconciler - [helmcust] Reconciling HiveMQ Platform 'test-hivemq-platform' in namespace 'helmcustomconfigit'
2025-01-29 22:18:21,121 INFO c.h.h.t.HelmChartContainer - [hivemq-test-hivemq-platform] [hivemq-platform-operator] [4c787465] 22:18:21.119 [ReconcilerExecutor-hivemq-controller-112] DEBUG c.h.p.o.HiveMQPlatformReconciler - [helmcust] Custom Resource Status STARTING - HiveMQ Platform is starting (READY)
2025-01-29 22:18:21,121 INFO c.h.h.t.HelmChartContainer - [hivemq-test-hivemq-platform] [hivemq-platform-operator] [4c787465] 22:18:21.119 [ReconcilerExecutor-hivemq-controller-112] DEBUG c.h.p.o.HiveMQPlatformReconciler - [helmcust] Custom Resource Spec (replicas: 2) (extensions: 1)
2025-01-29 22:18:21,122 INFO c.h.h.t.HelmChartContainer - [hivemq-test-hivemq-platform] [hivemq-platform-operator] [4c787465] 22:18:21.121 [ReconcilerExecutor-hivemq-controller-112] DEBUG c.h.p.o.HiveMQPlatformReconciler - [helmcust] StatefulSet Status (revision: test-hivemq-platform-7f5f89548, replicas: 1, available: 0, ready: 0, current: 1, updated: 1)
2025-01-29 22:18:21,122 INFO c.h.h.t.HelmChartContainer - [hivemq-test-hivemq-platform] [hivemq-platform-operator] [4c787465] 22:18:21.121 [ReconcilerExecutor-hivemq-controller-112] DEBUG c.h.p.o.HiveMQPlatformReconciler - [helmcust] StatefulSet Spec (replicas: 2, init containers: 1, containers: 1, volumes: 3)
2025-01-29 22:18:21,124 INFO c.h.h.t.HelmChartContainer - [hivemq-test-hivemq-platform] [hivemq-platform-operator] [4c787465] 22:18:21.123 [ReconcilerExecutor-hivemq-controller-112] DEBUG c.h.p.o.h.HiveMQPlatformReconcilerErrorHandler - [helmcust] Pod 'test-hivemq-platform-0' phase Running
2025-01-29 22:18:21,195 INFO c.h.h.t.HelmChartContainer - [hivemq-test-hivemq-platform] [hivemq-platform-operator] [4c787465] 22:18:21.194 [ReconcilerExecutor-hivemq-controller-112] INFO  c.h.p.o.h.HiveMQPlatformReconcilerBaseHandler - [helmcust] HiveMQ Platform is starting, 0 of 2 replicas are ready
2025-01-29 22:18:21,786 INFO c.h.h.t.HelmChartContainer - [test-hivemq-platform] [hivemq] [d68760c8] WARN  - [HiveMQ Platform Operator Init App 1.7.0-SNAPSHOT] Cannot connect to Health API for liveness: null
2025-01-29 22:18:21,786 INFO c.h.h.t.HelmChartContainer - [test-hivemq-platform] [hivemq] [d68760c8] INFO  - [HiveMQ Platform Operator Init App 1.7.0-SNAPSHOT] Returning default Health API response 200 for liveness
2025-01-29 22:18:22,184 INFO c.h.h.t.HelmChartContainer - [test-hivemq-platform] [hivemq] [d68760c8] INFO  - No valid license file found. Using trial license, restricted to 25 connections.
2025-01-29 22:18:26,082 INFO c.h.h.t.HelmChartContainer - [test-hivemq-platform] [hivemq] [d68760c8] WARN  - [HiveMQ Platform Operator Init App 1.7.0-SNAPSHOT] Cannot connect to Health API for readiness: null
2025-01-29 22:18:26,083 INFO c.h.h.t.HelmChartContainer - [test-hivemq-platform] [hivemq] [d68760c8] INFO  - No valid license file for Data Hub found. Using free license, restricted to 1 policy.
2025-01-29 22:18:26,088 INFO c.h.h.t.HelmChartContainer - [EVENT] Warning [Unhealthy] Readiness probe failed: HTTP probe failed with statuscode: 503 [helmcustomconfigit:test-hivemq-platform-0]
2025-01-29 22:18:26,088 INFO c.h.h.t.HelmChartContainer - Received Unhealthy event for container hivemq in pod test-hivemq-platform-0 [d68760c8-1437-4836-9c63-4c3384b6c9fb]
2025-01-29 22:18:27,290 INFO c.h.h.t.HelmChartContainer - [test-hivemq-platform] [hivemq] [d68760c8] INFO  - Audit Logger started.
2025-01-29 22:18:27,521 INFO c.h.h.t.HelmChartContainer - [test-hivemq-platform] [hivemq] [d68760c8] INFO  - This node uses '1' CPU cores.
2025-01-29 22:18:27,525 INFO c.h.h.t.HelmChartContainer - [test-hivemq-platform] [hivemq] [d68760c8] INFO  - Starting HiveMQ Health API on address 0.0.0.0 and port 8889
2025-01-29 22:18:28,298 INFO c.h.h.t.HelmChartContainer - [test-hivemq-platform] [hivemq] [d68760c8] INFO  - Started HiveMQ Health API in 772ms
2025-01-29 22:18:28,896 INFO c.h.h.t.HelmChartContainer - [test-hivemq-platform] [hivemq] [d68760c8] INFO  - Starting HiveMQ extension system.
2025-01-29 22:18:29,095 INFO c.h.h.t.HelmChartContainer - [test-hivemq-platform] [hivemq] [d68760c8] INFO  - Starting extension with id "hivemq-dns-cluster-discovery" at /opt/hivemq/extensions/hivemq-dns-cluster-discovery
2025-01-29 22:18:29,593 INFO c.h.h.t.HelmChartContainer - [test-hivemq-platform] [hivemq] [d68760c8] INFO  - Extension "DNS Cluster Discovery Extension" version 4.3.2 started successfully.
2025-01-29 22:18:29,594 INFO c.h.h.t.HelmChartContainer - [test-hivemq-platform] [hivemq] [d68760c8] INFO  - Starting extension with id "hivemq-prometheus-extension" at /opt/hivemq/extensions/hivemq-prometheus-extension
2025-01-29 22:18:29,690 INFO c.h.h.t.HelmChartContainer - [test-hivemq-platform] [hivemq] [d68760c8] INFO  - Using TCP cluster transport on address 10.42.0.14 and port 8000
2025-01-29 22:18:29,692 INFO c.h.h.t.HelmChartContainer - [test-hivemq-platform] [hivemq] [d68760c8] INFO  - Using extension cluster discovery
2025-01-29 22:18:30,593 INFO c.h.h.t.HelmChartContainer - [test-hivemq-platform] [hivemq] [d68760c8] INFO  - Started Jetty Server exposing Prometheus Servlet on URI http://0.0.0.0:9399/
2025-01-29 22:18:30,593 INFO c.h.h.t.HelmChartContainer - [test-hivemq-platform] [hivemq] [d68760c8] INFO  - Extension "Prometheus Monitoring Extension" version 4.0.12 started successfully.
2025-01-29 22:18:30,593 INFO c.h.h.t.HelmChartContainer - [test-hivemq-platform] [hivemq] [d68760c8] INFO  - Starting extension with id "hivemq-allow-all-extension" at /opt/hivemq/extensions/hivemq-allow-all-extension
2025-01-29 22:18:30,594 INFO c.h.h.t.HelmChartContainer - [test-hivemq-platform] [hivemq] [d68760c8] WARN  - 
2025-01-29 22:18:30,594 INFO c.h.h.t.HelmChartContainer - [test-hivemq-platform] [hivemq] [d68760c8] ################################################################################################################
2025-01-29 22:18:30,594 INFO c.h.h.t.HelmChartContainer - [test-hivemq-platform] [hivemq] [d68760c8] # This HiveMQ deployment is not secure! You are lacking Authentication and Authorization.                      #
2025-01-29 22:18:30,594 INFO c.h.h.t.HelmChartContainer - [test-hivemq-platform] [hivemq] [d68760c8] # Right now any MQTT client can connect to the broker with a full set of permissions.                          #
2025-01-29 22:18:30,594 INFO c.h.h.t.HelmChartContainer - [test-hivemq-platform] [hivemq] [d68760c8] # For production usage, add an appropriate security extension and remove the hivemq-allow-all extension.       #
2025-01-29 22:18:30,594 INFO c.h.h.t.HelmChartContainer - [test-hivemq-platform] [hivemq] [d68760c8] # You can download security extensions from the HiveMQ Marketplace (https://www.hivemq.com/extensions/).       #
2025-01-29 22:18:30,594 INFO c.h.h.t.HelmChartContainer - [test-hivemq-platform] [hivemq] [d68760c8] ################################################################################################################
2025-01-29 22:18:30,594 INFO c.h.h.t.HelmChartContainer - [test-hivemq-platform] [hivemq] [d68760c8] INFO  - Extension "Allow All Extension" version 1.1.1 started successfully.
2025-01-29 22:18:31,202 INFO c.h.h.t.HelmChartContainer - [hivemq-test-hivemq-platform] [hivemq-platform-operator] [4c787465] 22:18:31.199 [pool-6-thread-47] DEBUG c.h.p.o.d.PlatformServiceResource - [helmcust] Desired Platform services (3 services)
2025-01-29 22:18:31,203 INFO c.h.h.t.HelmChartContainer - [hivemq-test-hivemq-platform] [hivemq-platform-operator] [4c787465] 22:18:31.202 [pool-6-thread-42] DEBUG c.h.p.o.dependants.PodInfoConfigMap - [helmcust] Desired PodInfo ConfigMap (1 extensions) (1 enabled)
2025-01-29 22:18:31,203 INFO c.h.h.t.HelmChartContainer - [hivemq-test-hivemq-platform] [hivemq-platform-operator] [4c787465] 22:18:31.202 [pool-6-thread-42] DEBUG c.h.p.o.dependants.PodInfoConfigMap - [helmcust] Desired PodInfo ConfigMap (metrics port: 9399) (metrics path: /)
2025-01-29 22:18:31,203 INFO c.h.h.t.HelmChartContainer - [hivemq-test-hivemq-platform] [hivemq-platform-operator] [4c787465] 22:18:31.202 [pool-6-thread-42] DEBUG c.h.p.o.dependants.PodInfoConfigMap - [helmcust] Desired PodInfo ConfigMap (extension state hash: -1817474005)
2025-01-29 22:18:31,205 INFO c.h.h.t.HelmChartContainer - [hivemq-test-hivemq-platform] [hivemq-platform-operator] [4c787465] 22:18:31.205 [pool-6-thread-42] DEBUG c.h.p.o.d.PodServiceAccountResource - [helmcust] Desired PodServiceAccountResource (serviceAccountName: hivemq-platform-pod-test-hivemq-platform)
2025-01-29 22:18:31,210 INFO c.h.h.t.HelmChartContainer - [hivemq-test-hivemq-platform] [hivemq-platform-operator] [4c787465] 22:18:31.209 [pool-6-thread-42] DEBUG c.h.p.o.d.StatefulSetResource - [helmcust] Desired StatefulSet (2 replicas) for status STARTING (READY)
2025-01-29 22:18:31,219 INFO c.h.h.t.HelmChartContainer - [hivemq-test-hivemq-platform] [hivemq-platform-operator] [4c787465] 22:18:31.219 [ReconcilerExecutor-hivemq-controller-113] INFO  c.h.p.o.HiveMQPlatformReconciler - [helmcust] Reconciling HiveMQ Platform 'test-hivemq-platform' in namespace 'helmcustomconfigit'
2025-01-29 22:18:31,219 INFO c.h.h.t.HelmChartContainer - [hivemq-test-hivemq-platform] [hivemq-platform-operator] [4c787465] 22:18:31.219 [ReconcilerExecutor-hivemq-controller-113] DEBUG c.h.p.o.HiveMQPlatformReconciler - [helmcust] Custom Resource Status STARTING - HiveMQ Platform is starting (READY)
2025-01-29 22:18:31,219 INFO c.h.h.t.HelmChartContainer - [hivemq-test-hivemq-platform] [hivemq-platform-operator] [4c787465] 22:18:31.219 [ReconcilerExecutor-hivemq-controller-113] DEBUG c.h.p.o.HiveMQPlatformReconciler - [helmcust] Custom Resource Spec (replicas: 2) (extensions: 1)
2025-01-29 22:18:31,297 INFO c.h.h.t.HelmChartContainer - [hivemq-test-hivemq-platform] [hivemq-platform-operator] [4c787465] 22:18:31.294 [ReconcilerExecutor-hivemq-controller-113] DEBUG c.h.p.o.HiveMQPlatformReconciler - [helmcust] StatefulSet Status (revision: test-hivemq-platform-7f5f89548, replicas: 1, available: 0, ready: 0, current: 1, updated: 1)
2025-01-29 22:18:31,299 INFO c.h.h.t.HelmChartContainer - [hivemq-test-hivemq-platform] [hivemq-platform-operator] [4c787465] 22:18:31.294 [ReconcilerExecutor-hivemq-controller-113] DEBUG c.h.p.o.HiveMQPlatformReconciler - [helmcust] StatefulSet Spec (replicas: 2, init containers: 1, containers: 1, volumes: 3)
2025-01-29 22:18:31,301 INFO c.h.h.t.HelmChartContainer - [hivemq-test-hivemq-platform] [hivemq-platform-operator] [4c787465] 22:18:31.297 [ReconcilerExecutor-hivemq-controller-113] DEBUG c.h.p.o.h.HiveMQPlatformReconcilerErrorHandler - [helmcust] Pod 'test-hivemq-platform-0' phase Running
2025-01-29 22:18:31,301 INFO c.h.h.t.HelmChartContainer - [hivemq-test-hivemq-platform] [hivemq-platform-operator] [4c787465] 22:18:31.298 [ReconcilerExecutor-hivemq-controller-113] INFO  c.h.p.o.h.HiveMQPlatformReconcilerBaseHandler - [helmcust] HiveMQ Platform is starting, 0 of 2 replicas are ready
2025-01-29 22:18:31,483 INFO c.h.h.t.HelmChartContainer - [test-hivemq-platform] [hivemq] [d68760c8] INFO  - [HiveMQ Platform Operator Init App 1.7.0-SNAPSHOT] Returning Health API response 503 for readiness
2025-01-29 22:18:31,487 INFO c.h.h.t.HelmChartContainer - [EVENT] Warning [Unhealthy] Readiness probe failed: HTTP probe failed with statuscode: 503 [helmcustomconfigit:test-hivemq-platform-0]
2025-01-29 22:18:31,487 INFO c.h.h.t.HelmChartContainer - Received Unhealthy event for container hivemq in pod test-hivemq-platform-0 [d68760c8-1437-4836-9c63-4c3384b6c9fb]
2025-01-29 22:18:32,688 INFO c.h.h.t.HelmChartContainer - [test-hivemq-platform] [hivemq] [d68760c8] INFO  - XWgNh: no members discovered after 2204 ms: creating cluster as first member
2025-01-29 22:18:32,694 INFO c.h.h.t.HelmChartContainer - [test-hivemq-platform] [hivemq] [d68760c8] INFO  - Cluster nodes found by discovery: [XWgNh|0] (1) [XWgNh].
2025-01-29 22:18:32,786 INFO c.h.h.t.HelmChartContainer - [test-hivemq-platform] [hivemq] [d68760c8] WARN  - No user for HiveMQ Control Center configured. Starting with default user
2025-01-29 22:18:32,786 INFO c.h.h.t.HelmChartContainer - [test-hivemq-platform] [hivemq] [d68760c8] INFO  - Starting HiveMQ Control Center on address 0.0.0.0 and port 8080
2025-01-29 22:18:32,793 INFO c.h.h.t.HelmChartContainer - [test-hivemq-platform] [hivemq] [d68760c8] INFO  - Mounting HiveMQ Control Center V2 Preview
2025-01-29 22:18:33,402 INFO c.h.h.t.HelmChartContainer - [test-hivemq-platform] [hivemq] [d68760c8] INFO  - Started HiveMQ Control Center in 612ms
2025-01-29 22:18:33,486 INFO c.h.h.t.HelmChartContainer - [test-hivemq-platform] [hivemq] [d68760c8] INFO  - Starting TCP listener on address 0.0.0.0 and port 1884
2025-01-29 22:18:33,499 INFO c.h.h.t.HelmChartContainer - [test-hivemq-platform] [hivemq] [d68760c8] INFO  - Started TCP Listener on address 0.0.0.0 and on port 1884.
2025-01-29 22:18:33,500 INFO c.h.h.t.HelmChartContainer - [test-hivemq-platform] [hivemq] [d68760c8] INFO  - Started HiveMQ in 30711ms
2025-01-29 22:18:36,000 INFO c.h.h.t.HelmChartContainer - [test-hivemq-platform] [hivemq] [d68760c8] INFO  - [HiveMQ Platform Operator Init App 1.7.0-SNAPSHOT] Returning Health API response 200 for readiness
2025-01-29 22:18:36,014 INFO c.h.h.t.HelmChartContainer - [POD] test-hivemq-platform-0 [d68760c8-1437-4836-9c63-4c3384b6c9fb] in helmcustomconfigit was MODIFIED
2025-01-29 22:18:36,026 INFO c.h.h.t.HelmChartContainer - [hivemq-test-hivemq-platform] [hivemq-platform-operator] [4c787465] 22:18:36.021 [pool-6-thread-9] DEBUG c.h.p.o.d.PlatformServiceResource - [helmcust] Desired Platform services (3 services)
2025-01-29 22:18:36,026 INFO c.h.h.t.HelmChartContainer - [hivemq-test-hivemq-platform] [hivemq-platform-operator] [4c787465] 22:18:36.022 [pool-6-thread-3] DEBUG c.h.p.o.dependants.PodInfoConfigMap - [helmcust] Desired PodInfo ConfigMap (1 extensions) (1 enabled)
2025-01-29 22:18:36,032 INFO c.h.h.t.HelmChartContainer - [K3S] [endpointslice_controller.go:344] "Error syncing endpoint slices for service, retrying" key="helmcustomconfigit/hivemq-test-hivemq-platform-mqtt-1883" err="EndpointSlice informer cache is out of date"
2025-01-29 22:18:36,032 INFO c.h.h.t.HelmChartContainer - [K3S] [endpointslice_controller.go:344] "Error syncing endpoint slices for service, retrying" key="helmcustomconfigit/hivemq-test-hivemq-platform-cluster" err="EndpointSlice informer cache is out of date"
2025-01-29 22:18:36,032 INFO c.h.h.t.HelmChartContainer - [K3S] [endpointslice_controller.go:344] "Error syncing endpoint slices for service, retrying" key="helmcustomconfigit/hivemq-test-hivemq-platform-cc-8080" err="EndpointSlice informer cache is out of date"
2025-01-29 22:18:36,033 INFO c.h.h.t.HelmChartContainer - [K3S] [endpointslice_controller.go:344] "Error syncing endpoint slices for service, retrying" key="helmcustomconfigit/hivemq-test-hivemq-platform-metrics-9399" err="EndpointSlice informer cache is out of date"
2025-01-29 22:18:36,037 INFO c.h.h.t.HelmChartContainer - [hivemq-test-hivemq-platform] [hivemq-platform-operator] [4c787465] 22:18:36.024 [pool-6-thread-3] DEBUG c.h.p.o.dependants.PodInfoConfigMap - [helmcust] Desired PodInfo ConfigMap (metrics port: 9399) (metrics path: /)
2025-01-29 22:18:36,037 INFO c.h.h.t.HelmChartContainer - [hivemq-test-hivemq-platform] [hivemq-platform-operator] [4c787465] 22:18:36.024 [pool-6-thread-3] DEBUG c.h.p.o.dependants.PodInfoConfigMap - [helmcust] Desired PodInfo ConfigMap (extension state hash: -1817474005)
2025-01-29 22:18:36,037 INFO c.h.h.t.HelmChartContainer - [hivemq-test-hivemq-platform] [hivemq-platform-operator] [4c787465] 22:18:36.026 [pool-6-thread-9] DEBUG c.h.p.o.d.PodServiceAccountResource - [helmcust] Desired PodServiceAccountResource (serviceAccountName: hivemq-platform-pod-test-hivemq-platform)
2025-01-29 22:18:36,037 INFO c.h.h.t.HelmChartContainer - [POD] test-hivemq-platform-1 [f3abad5d-24bc-4ce4-974c-6648348ef9b5] in helmcustomconfigit was ADDED
2025-01-29 22:18:36,037 INFO c.h.h.t.HelmChartContainer - [hivemq-test-hivemq-platform] [hivemq-platform-operator] [4c787465] 22:18:36.031 [pool-6-thread-4] DEBUG c.h.p.o.d.StatefulSetResource - [helmcust] Desired StatefulSet (2 replicas) for status STARTING (READY)
2025-01-29 22:18:36,044 INFO c.h.h.t.HelmChartContainer - [hivemq-test-hivemq-platform] [hivemq-platform-operator] [4c787465] 22:18:36.039 [ReconcilerExecutor-hivemq-controller-114] INFO  c.h.p.o.HiveMQPlatformReconciler - [helmcust] Reconciling HiveMQ Platform 'test-hivemq-platform' in namespace 'helmcustomconfigit'
2025-01-29 22:18:36,044 INFO c.h.h.t.HelmChartContainer - [hivemq-test-hivemq-platform] [hivemq-platform-operator] [4c787465] 22:18:36.039 [ReconcilerExecutor-hivemq-controller-114] DEBUG c.h.p.o.HiveMQPlatformReconciler - [helmcust] Custom Resource Status STARTING - HiveMQ Platform is starting (READY)
2025-01-29 22:18:36,044 INFO c.h.h.t.HelmChartContainer - [hivemq-test-hivemq-platform] [hivemq-platform-operator] [4c787465] 22:18:36.039 [ReconcilerExecutor-hivemq-controller-114] DEBUG c.h.p.o.HiveMQPlatformReconciler - [helmcust] Custom Resource Spec (replicas: 2) (extensions: 1)
2025-01-29 22:18:36,044 INFO c.h.h.t.HelmChartContainer - [EVENT] Normal [SuccessfulCreate] create Pod test-hivemq-platform-1 in StatefulSet test-hivemq-platform successful [helmcustomconfigit:test-hivemq-platform]
2025-01-29 22:18:36,049 INFO c.h.h.t.HelmChartContainer - [POD] test-hivemq-platform-1 [f3abad5d-24bc-4ce4-974c-6648348ef9b5] in helmcustomconfigit was MODIFIED
2025-01-29 22:18:36,055 INFO c.h.h.t.HelmChartContainer - [EVENT] Normal [Scheduled] Successfully assigned helmcustomconfigit/test-hivemq-platform-1 to 6c7c6f7dc8ee [helmcustomconfigit:test-hivemq-platform-1]
2025-01-29 22:18:36,063 INFO c.h.h.t.HelmChartContainer - [POD] test-hivemq-platform-1 [f3abad5d-24bc-4ce4-974c-6648348ef9b5] in helmcustomconfigit was MODIFIED
2025-01-29 22:18:36,099 INFO c.h.h.t.HelmChartContainer - [hivemq-test-hivemq-platform] [hivemq-platform-operator] [4c787465] 22:18:36.096 [ReconcilerExecutor-hivemq-controller-114] DEBUG c.h.p.o.HiveMQPlatformReconciler - [helmcust] StatefulSet Status (revision: test-hivemq-platform-7f5f89548, replicas: 1, available: 0, ready: 0, current: 1, updated: 1)
2025-01-29 22:18:36,099 INFO c.h.h.t.HelmChartContainer - [hivemq-test-hivemq-platform] [hivemq-platform-operator] [4c787465] 22:18:36.097 [ReconcilerExecutor-hivemq-controller-114] DEBUG c.h.p.o.HiveMQPlatformReconciler - [helmcust] StatefulSet Spec (replicas: 2, init containers: 1, containers: 1, volumes: 3)
2025-01-29 22:18:36,101 INFO c.h.h.t.HelmChartContainer - [hivemq-test-hivemq-platform] [hivemq-platform-operator] [4c787465] 22:18:36.098 [ReconcilerExecutor-hivemq-controller-114] DEBUG c.h.p.o.h.HiveMQPlatformReconcilerErrorHandler - [helmcust] Pod 'test-hivemq-platform-1' phase Pending
2025-01-29 22:18:36,103 INFO c.h.h.t.HelmChartContainer - [hivemq-test-hivemq-platform] [hivemq-platform-operator] [4c787465] 22:18:36.101 [ReconcilerExecutor-hivemq-controller-114] DEBUG c.h.p.o.h.HiveMQPlatformReconcilerErrorHandler - [helmcust] Pod 'test-hivemq-platform-1' condition 'PodReadyToStartContainers': False
2025-01-29 22:18:36,103 INFO c.h.h.t.HelmChartContainer - [hivemq-test-hivemq-platform] [hivemq-platform-operator] [4c787465] 22:18:36.101 [ReconcilerExecutor-hivemq-controller-114] DEBUG c.h.p.o.h.HiveMQPlatformReconcilerErrorHandler - [helmcust] Pod 'test-hivemq-platform-1' condition 'Initialized': False
2025-01-29 22:18:36,103 INFO c.h.h.t.HelmChartContainer - [hivemq-test-hivemq-platform] [hivemq-platform-operator] [4c787465] 22:18:36.101 [ReconcilerExecutor-hivemq-controller-114] DEBUG c.h.p.o.h.HiveMQPlatformReconcilerErrorHandler - [helmcust] Pod 'test-hivemq-platform-1' condition 'Ready': False
2025-01-29 22:18:36,103 INFO c.h.h.t.HelmChartContainer - [hivemq-test-hivemq-platform] [hivemq-platform-operator] [4c787465] 22:18:36.101 [ReconcilerExecutor-hivemq-controller-114] DEBUG c.h.p.o.h.HiveMQPlatformReconcilerErrorHandler - [helmcust] Pod 'test-hivemq-platform-1' condition 'ContainersReady': False
2025-01-29 22:18:36,103 INFO c.h.h.t.HelmChartContainer - [hivemq-test-hivemq-platform] [hivemq-platform-operator] [4c787465] 22:18:36.101 [ReconcilerExecutor-hivemq-controller-114] DEBUG c.h.p.o.h.HiveMQPlatformReconcilerErrorHandler - [helmcust] Pod 'test-hivemq-platform-1' condition 'PodScheduled': True
2025-01-29 22:18:36,103 INFO c.h.h.t.HelmChartContainer - [hivemq-test-hivemq-platform] [hivemq-platform-operator] [4c787465] 22:18:36.101 [ReconcilerExecutor-hivemq-controller-114] DEBUG c.h.p.o.h.HiveMQPlatformReconcilerErrorHandler - [helmcust] Pod 'test-hivemq-platform-1' containerStatus 'hivemq' (started: false) (ready: false) (waiting: [PodInitializing] null)
2025-01-29 22:18:36,104 INFO c.h.h.t.HelmChartContainer - [hivemq-test-hivemq-platform] [hivemq-platform-operator] [4c787465] 22:18:36.103 [ReconcilerExecutor-hivemq-controller-114] DEBUG c.h.p.o.h.HiveMQPlatformReconcilerErrorHandler - [helmcust] Pod 'test-hivemq-platform-0' phase Running
2025-01-29 22:18:36,104 INFO c.h.h.t.HelmChartContainer - [hivemq-test-hivemq-platform] [hivemq-platform-operator] [4c787465] 22:18:36.103 [ReconcilerExecutor-hivemq-controller-114] INFO  c.h.p.o.h.HiveMQPlatformReconcilerBaseHandler - [helmcust] HiveMQ Platform is starting, 0 of 2 replicas are ready
2025-01-29 22:18:36,131 INFO c.h.h.t.HelmChartContainer - [hivemq-test-hivemq-platform] [hivemq-platform-operator] [4c787465] 22:18:36.129 [pool-6-thread-17] DEBUG c.h.p.o.d.PlatformServiceResource - [helmcust] Desired Platform services (3 services)
2025-01-29 22:18:36,133 INFO c.h.h.t.HelmChartContainer - [hivemq-test-hivemq-platform] [hivemq-platform-operator] [4c787465] 22:18:36.131 [pool-6-thread-16] DEBUG c.h.p.o.dependants.PodInfoConfigMap - [helmcust] Desired PodInfo ConfigMap (1 extensions) (1 enabled)
2025-01-29 22:18:36,133 INFO c.h.h.t.HelmChartContainer - [hivemq-test-hivemq-platform] [hivemq-platform-operator] [4c787465] 22:18:36.131 [pool-6-thread-16] DEBUG c.h.p.o.dependants.PodInfoConfigMap - [helmcust] Desired PodInfo ConfigMap (metrics port: 9399) (metrics path: /)
2025-01-29 22:18:36,134 INFO c.h.h.t.HelmChartContainer - [hivemq-test-hivemq-platform] [hivemq-platform-operator] [4c787465] 22:18:36.131 [pool-6-thread-16] DEBUG c.h.p.o.dependants.PodInfoConfigMap - [helmcust] Desired PodInfo ConfigMap (extension state hash: -1817474005)
2025-01-29 22:18:36,135 INFO c.h.h.t.HelmChartContainer - [hivemq-test-hivemq-platform] [hivemq-platform-operator] [4c787465] 22:18:36.133 [pool-6-thread-15] DEBUG c.h.p.o.d.PodServiceAccountResource - [helmcust] Desired PodServiceAccountResource (serviceAccountName: hivemq-platform-pod-test-hivemq-platform)
2025-01-29 22:18:36,140 INFO c.h.h.t.HelmChartContainer - [K3S] [reconciler_common.go:251] "operationExecutor.VerifyControllerAttachedVolume started for volume \"operator-init\" (UniqueName: \"kubernetes.io/empty-dir/f3abad5d-24bc-4ce4-974c-6648348ef9b5-operator-init\") pod \"test-hivemq-platform-1\" (UID: \"f3abad5d-24bc-4ce4-974c-6648348ef9b5\") " pod="helmcustomconfigit/test-hivemq-platform-1"
2025-01-29 22:18:36,140 INFO c.h.h.t.HelmChartContainer - [K3S] [reconciler_common.go:251] "operationExecutor.VerifyControllerAttachedVolume started for volume \"kube-api-access-4gk8f\" (UniqueName: \"kubernetes.io/projected/f3abad5d-24bc-4ce4-974c-6648348ef9b5-kube-api-access-4gk8f\") pod \"test-hivemq-platform-1\" (UID: \"f3abad5d-24bc-4ce4-974c-6648348ef9b5\") " pod="helmcustomconfigit/test-hivemq-platform-1"
2025-01-29 22:18:36,140 INFO c.h.h.t.HelmChartContainer - [K3S] [reconciler_common.go:251] "operationExecutor.VerifyControllerAttachedVolume started for volume \"pod-info\" (UniqueName: \"kubernetes.io/configmap/f3abad5d-24bc-4ce4-974c-6648348ef9b5-pod-info\") pod \"test-hivemq-platform-1\" (UID: \"f3abad5d-24bc-4ce4-974c-6648348ef9b5\") " pod="helmcustomconfigit/test-hivemq-platform-1"
2025-01-29 22:18:36,140 INFO c.h.h.t.HelmChartContainer - [K3S] [reconciler_common.go:251] "operationExecutor.VerifyControllerAttachedVolume started for volume \"broker-configuration\" (UniqueName: \"kubernetes.io/configmap/f3abad5d-24bc-4ce4-974c-6648348ef9b5-broker-configuration\") pod \"test-hivemq-platform-1\" (UID: \"f3abad5d-24bc-4ce4-974c-6648348ef9b5\") " pod="helmcustomconfigit/test-hivemq-platform-1"
2025-01-29 22:18:36,198 INFO c.h.h.t.HelmChartContainer - [hivemq-test-hivemq-platform] [hivemq-platform-operator] [4c787465] 22:18:36.196 [pool-6-thread-19] DEBUG c.h.p.o.d.StatefulSetResource - [helmcust] Desired StatefulSet (2 replicas) for status STARTING (READY)
2025-01-29 22:18:36,201 INFO c.h.h.t.HelmChartContainer - [hivemq-test-hivemq-platform] [hivemq-platform-operator] [4c787465] 22:18:36.200 [ReconcilerExecutor-hivemq-controller-115] INFO  c.h.p.o.HiveMQPlatformReconciler - [helmcust] Reconciling HiveMQ Platform 'test-hivemq-platform' in namespace 'helmcustomconfigit'
2025-01-29 22:18:36,202 INFO c.h.h.t.HelmChartContainer - [hivemq-test-hivemq-platform] [hivemq-platform-operator] [4c787465] 22:18:36.200 [ReconcilerExecutor-hivemq-controller-115] DEBUG c.h.p.o.HiveMQPlatformReconciler - [helmcust] Custom Resource Status STARTING - HiveMQ Platform is starting (READY)
2025-01-29 22:18:36,202 INFO c.h.h.t.HelmChartContainer - [hivemq-test-hivemq-platform] [hivemq-platform-operator] [4c787465] 22:18:36.200 [ReconcilerExecutor-hivemq-controller-115] DEBUG c.h.p.o.HiveMQPlatformReconciler - [helmcust] Custom Resource Spec (replicas: 2) (extensions: 1)
2025-01-29 22:18:36,228 INFO c.h.h.t.HelmChartContainer - [hivemq-test-hivemq-platform] [hivemq-platform-operator] [4c787465] 22:18:36.227 [ReconcilerExecutor-hivemq-controller-115] DEBUG c.h.p.o.HiveMQPlatformReconciler - [helmcust] StatefulSet Status (revision: test-hivemq-platform-7f5f89548, replicas: 2, available: 1, ready: 1, current: 2, updated: 2)
2025-01-29 22:18:36,228 INFO c.h.h.t.HelmChartContainer - [hivemq-test-hivemq-platform] [hivemq-platform-operator] [4c787465] 22:18:36.227 [ReconcilerExecutor-hivemq-controller-115] DEBUG c.h.p.o.HiveMQPlatformReconciler - [helmcust] StatefulSet Spec (replicas: 2, init containers: 1, containers: 1, volumes: 3)
2025-01-29 22:18:36,230 INFO c.h.h.t.HelmChartContainer - [hivemq-test-hivemq-platform] [hivemq-platform-operator] [4c787465] 22:18:36.228 [ReconcilerExecutor-hivemq-controller-115] DEBUG c.h.p.o.h.HiveMQPlatformReconcilerErrorHandler - [helmcust] Pod 'test-hivemq-platform-1' phase Pending
2025-01-29 22:18:36,230 INFO c.h.h.t.HelmChartContainer - [hivemq-test-hivemq-platform] [hivemq-platform-operator] [4c787465] 22:18:36.228 [ReconcilerExecutor-hivemq-controller-115] DEBUG c.h.p.o.h.HiveMQPlatformReconcilerErrorHandler - [helmcust] Pod 'test-hivemq-platform-1' condition 'PodReadyToStartContainers': False
2025-01-29 22:18:36,231 INFO c.h.h.t.HelmChartContainer - [hivemq-test-hivemq-platform] [hivemq-platform-operator] [4c787465] 22:18:36.228 [ReconcilerExecutor-hivemq-controller-115] DEBUG c.h.p.o.h.HiveMQPlatformReconcilerErrorHandler - [helmcust] Pod 'test-hivemq-platform-1' condition 'Initialized': False
2025-01-29 22:18:36,231 INFO c.h.h.t.HelmChartContainer - [hivemq-test-hivemq-platform] [hivemq-platform-operator] [4c787465] 22:18:36.228 [ReconcilerExecutor-hivemq-controller-115] DEBUG c.h.p.o.h.HiveMQPlatformReconcilerErrorHandler - [helmcust] Pod 'test-hivemq-platform-1' condition 'Ready': False
2025-01-29 22:18:36,231 INFO c.h.h.t.HelmChartContainer - [hivemq-test-hivemq-platform] [hivemq-platform-operator] [4c787465] 22:18:36.228 [ReconcilerExecutor-hivemq-controller-115] DEBUG c.h.p.o.h.HiveMQPlatformReconcilerErrorHandler - [helmcust] Pod 'test-hivemq-platform-1' condition 'ContainersReady': False
2025-01-29 22:18:36,231 INFO c.h.h.t.HelmChartContainer - [hivemq-test-hivemq-platform] [hivemq-platform-operator] [4c787465] 22:18:36.228 [ReconcilerExecutor-hivemq-controller-115] DEBUG c.h.p.o.h.HiveMQPlatformReconcilerErrorHandler - [helmcust] Pod 'test-hivemq-platform-1' condition 'PodScheduled': True
2025-01-29 22:18:36,231 INFO c.h.h.t.HelmChartContainer - [hivemq-test-hivemq-platform] [hivemq-platform-operator] [4c787465] 22:18:36.228 [ReconcilerExecutor-hivemq-controller-115] DEBUG c.h.p.o.h.HiveMQPlatformReconcilerErrorHandler - [helmcust] Pod 'test-hivemq-platform-1' containerStatus 'hivemq' (started: false) (ready: false) (waiting: [PodInitializing] null)
2025-01-29 22:18:36,231 INFO c.h.h.t.HelmChartContainer - [hivemq-test-hivemq-platform] [hivemq-platform-operator] [4c787465] 22:18:36.230 [ReconcilerExecutor-hivemq-controller-115] DEBUG c.h.p.o.h.HiveMQPlatformReconcilerErrorHandler - [helmcust] Pod 'test-hivemq-platform-0' phase Running
2025-01-29 22:18:36,232 INFO c.h.h.t.HelmChartContainer - [hivemq-test-hivemq-platform] [hivemq-platform-operator] [4c787465] 22:18:36.231 [ReconcilerExecutor-hivemq-controller-115] INFO  c.h.p.o.h.HiveMQPlatformReconcilerBaseHandler - [helmcust] HiveMQ Platform is starting, 1 of 2 replicas are ready
2025-01-29 22:18:36,438 INFO c.h.h.t.HelmChartContainer - [EVENT] Normal [Pulled] Container image "docker.io/hivemq/hivemq-platform-operator-init-test:snapshot" already present on machine [helmcustomconfigit:test-hivemq-platform-1]
2025-01-29 22:18:36,445 INFO c.h.h.t.HelmChartContainer - [EVENT] Normal [Created] Created container: hivemq-platform-operator-init [helmcustomconfigit:test-hivemq-platform-1]
2025-01-29 22:18:36,488 INFO c.h.h.t.HelmChartContainer - [EVENT] Normal [Started] Started container hivemq-platform-operator-init [helmcustomconfigit:test-hivemq-platform-1]
2025-01-29 22:18:36,819 INFO c.h.h.t.HelmChartContainer - [EVENT] Normal [Pulled] Container image "docker.io/hivemq/hivemq4:4.36.0" already present on machine [helmcustomconfigit:test-hivemq-platform-1]
2025-01-29 22:18:36,819 INFO c.h.h.t.HelmChartContainer - Received Pulled event for container hivemq in pod test-hivemq-platform-1 [f3abad5d-24bc-4ce4-974c-6648348ef9b5]
2025-01-29 22:18:36,840 INFO c.h.h.t.HelmChartContainer - [EVENT] Normal [Created] Created container: hivemq [helmcustomconfigit:test-hivemq-platform-1]
2025-01-29 22:18:36,840 INFO c.h.h.t.HelmChartContainer - [hivemq-test-hivemq-platform] [hivemq-platform-operator] [4c787465] 22:18:36.835 [pool-6-thread-21] DEBUG c.h.p.o.d.PlatformServiceResource - [helmcust] Desired Platform services (3 services)
2025-01-29 22:18:36,840 INFO c.h.h.t.HelmChartContainer - Received Created event for container hivemq in pod test-hivemq-platform-1 [f3abad5d-24bc-4ce4-974c-6648348ef9b5]
2025-01-29 22:18:36,851 INFO c.h.h.t.HelmChartContainer - [POD] test-hivemq-platform-1 [f3abad5d-24bc-4ce4-974c-6648348ef9b5] in helmcustomconfigit was MODIFIED
2025-01-29 22:18:36,858 INFO c.h.h.t.HelmChartContainer - [hivemq-test-hivemq-platform] [hivemq-platform-operator] [4c787465] 22:18:36.836 [pool-6-thread-29] DEBUG c.h.p.o.dependants.PodInfoConfigMap - [helmcust] Desired PodInfo ConfigMap (1 extensions) (1 enabled)
2025-01-29 22:18:36,867 INFO c.h.h.t.HelmChartContainer - [hivemq-test-hivemq-platform] [hivemq-platform-operator] [4c787465] 22:18:36.836 [pool-6-thread-29] DEBUG c.h.p.o.dependants.PodInfoConfigMap - [helmcust] Desired PodInfo ConfigMap (metrics port: 9399) (metrics path: /)
2025-01-29 22:18:36,867 INFO c.h.h.t.HelmChartContainer - [hivemq-test-hivemq-platform] [hivemq-platform-operator] [4c787465] 22:18:36.836 [pool-6-thread-29] DEBUG c.h.p.o.dependants.PodInfoConfigMap - [helmcust] Desired PodInfo ConfigMap (extension state hash: -1817474005)
2025-01-29 22:18:36,867 INFO c.h.h.t.HelmChartContainer - [hivemq-test-hivemq-platform] [hivemq-platform-operator] [4c787465] 22:18:36.848 [pool-6-thread-26] DEBUG c.h.p.o.d.PodServiceAccountResource - [helmcust] Desired PodServiceAccountResource (serviceAccountName: hivemq-platform-pod-test-hivemq-platform)
2025-01-29 22:18:36,868 INFO c.h.h.t.HelmChartContainer - [hivemq-test-hivemq-platform] [hivemq-platform-operator] [4c787465] 22:18:36.862 [pool-6-thread-21] DEBUG c.h.p.o.d.StatefulSetResource - [helmcust] Desired StatefulSet (2 replicas) for status STARTING (READY)
2025-01-29 22:18:36,871 INFO c.h.h.t.HelmChartContainer - [hivemq-test-hivemq-platform] [hivemq-platform-operator] [4c787465] 22:18:36.868 [ReconcilerExecutor-hivemq-controller-116] INFO  c.h.p.o.HiveMQPlatformReconciler - [helmcust] Reconciling HiveMQ Platform 'test-hivemq-platform' in namespace 'helmcustomconfigit'
2025-01-29 22:18:36,871 INFO c.h.h.t.HelmChartContainer - [hivemq-test-hivemq-platform] [hivemq-platform-operator] [4c787465] 22:18:36.869 [ReconcilerExecutor-hivemq-controller-116] DEBUG c.h.p.o.HiveMQPlatformReconciler - [helmcust] Custom Resource Status STARTING - HiveMQ Platform is starting (READY)
2025-01-29 22:18:36,871 INFO c.h.h.t.HelmChartContainer - [hivemq-test-hivemq-platform] [hivemq-platform-operator] [4c787465] 22:18:36.869 [ReconcilerExecutor-hivemq-controller-116] DEBUG c.h.p.o.HiveMQPlatformReconciler - [helmcust] Custom Resource Spec (replicas: 2) (extensions: 1)
2025-01-29 22:18:36,930 INFO c.h.h.t.HelmChartContainer - [hivemq-test-hivemq-platform] [hivemq-platform-operator] [4c787465] 22:18:36.927 [ReconcilerExecutor-hivemq-controller-116] DEBUG c.h.p.o.HiveMQPlatformReconciler - [helmcust] StatefulSet Status (revision: test-hivemq-platform-7f5f89548, replicas: 2, available: 1, ready: 1, current: 2, updated: 2)
2025-01-29 22:18:36,930 INFO c.h.h.t.HelmChartContainer - [hivemq-test-hivemq-platform] [hivemq-platform-operator] [4c787465] 22:18:36.927 [ReconcilerExecutor-hivemq-controller-116] DEBUG c.h.p.o.HiveMQPlatformReconciler - [helmcust] StatefulSet Spec (replicas: 2, init containers: 1, containers: 1, volumes: 3)
2025-01-29 22:18:36,930 INFO c.h.h.t.HelmChartContainer - [hivemq-test-hivemq-platform] [hivemq-platform-operator] [4c787465] 22:18:36.929 [ReconcilerExecutor-hivemq-controller-116] DEBUG c.h.p.o.h.HiveMQPlatformReconcilerErrorHandler - [helmcust] Pod 'test-hivemq-platform-1' phase Pending
2025-01-29 22:18:36,931 INFO c.h.h.t.HelmChartContainer - [hivemq-test-hivemq-platform] [hivemq-platform-operator] [4c787465] 22:18:36.929 [ReconcilerExecutor-hivemq-controller-116] DEBUG c.h.p.o.h.HiveMQPlatformReconcilerErrorHandler - [helmcust] Pod 'test-hivemq-platform-1' condition 'PodReadyToStartContainers': True
2025-01-29 22:18:36,931 INFO c.h.h.t.HelmChartContainer - [hivemq-test-hivemq-platform] [hivemq-platform-operator] [4c787465] 22:18:36.930 [ReconcilerExecutor-hivemq-controller-116] DEBUG c.h.p.o.h.HiveMQPlatformReconcilerErrorHandler - [helmcust] Pod 'test-hivemq-platform-1' condition 'Initialized': True
2025-01-29 22:18:36,931 INFO c.h.h.t.HelmChartContainer - [hivemq-test-hivemq-platform] [hivemq-platform-operator] [4c787465] 22:18:36.930 [ReconcilerExecutor-hivemq-controller-116] DEBUG c.h.p.o.h.HiveMQPlatformReconcilerErrorHandler - [helmcust] Pod 'test-hivemq-platform-1' condition 'Ready': False
2025-01-29 22:18:36,932 INFO c.h.h.t.HelmChartContainer - [hivemq-test-hivemq-platform] [hivemq-platform-operator] [4c787465] 22:18:36.930 [ReconcilerExecutor-hivemq-controller-116] DEBUG c.h.p.o.h.HiveMQPlatformReconcilerErrorHandler - [helmcust] Pod 'test-hivemq-platform-1' condition 'ContainersReady': False
2025-01-29 22:18:36,932 INFO c.h.h.t.HelmChartContainer - [hivemq-test-hivemq-platform] [hivemq-platform-operator] [4c787465] 22:18:36.930 [ReconcilerExecutor-hivemq-controller-116] DEBUG c.h.p.o.h.HiveMQPlatformReconcilerErrorHandler - [helmcust] Pod 'test-hivemq-platform-1' condition 'PodScheduled': True
2025-01-29 22:18:36,932 INFO c.h.h.t.HelmChartContainer - [hivemq-test-hivemq-platform] [hivemq-platform-operator] [4c787465] 22:18:36.930 [ReconcilerExecutor-hivemq-controller-116] DEBUG c.h.p.o.h.HiveMQPlatformReconcilerErrorHandler - [helmcust] Pod 'test-hivemq-platform-1' containerStatus 'hivemq' (started: false) (ready: false) (waiting: [PodInitializing] null)
2025-01-29 22:18:36,933 INFO c.h.h.t.HelmChartContainer - [hivemq-test-hivemq-platform] [hivemq-platform-operator] [4c787465] 22:18:36.931 [ReconcilerExecutor-hivemq-controller-116] DEBUG c.h.p.o.h.HiveMQPlatformReconcilerErrorHandler - [helmcust] Pod 'test-hivemq-platform-0' phase Running
2025-01-29 22:18:36,933 INFO c.h.h.t.HelmChartContainer - [hivemq-test-hivemq-platform] [hivemq-platform-operator] [4c787465] 22:18:36.932 [ReconcilerExecutor-hivemq-controller-116] INFO  c.h.p.o.h.HiveMQPlatformReconcilerBaseHandler - [helmcust] HiveMQ Platform is starting, 1 of 2 replicas are ready
2025-01-29 22:18:37,828 INFO c.h.h.t.HelmChartContainer - [POD] test-hivemq-platform-1 [f3abad5d-24bc-4ce4-974c-6648348ef9b5] in helmcustomconfigit was MODIFIED
2025-01-29 22:18:37,835 INFO c.h.h.t.HelmChartContainer - Started log watcher for hivemq in pod test-hivemq-platform-1 [f3abad5d-24bc-4ce4-974c-6648348ef9b5]
2025-01-29 22:18:37,838 INFO c.h.h.t.HelmChartContainer - [EVENT] Normal [Started] Started container hivemq [helmcustomconfigit:test-hivemq-platform-1]
2025-01-29 22:18:37,838 INFO c.h.h.t.HelmChartContainer - Received Started event for container hivemq in pod test-hivemq-platform-1 [f3abad5d-24bc-4ce4-974c-6648348ef9b5]
2025-01-29 22:18:37,838 INFO c.h.h.t.HelmChartContainer - [hivemq-test-hivemq-platform] [hivemq-platform-operator] [4c787465] 22:18:37.833 [pool-6-thread-35] DEBUG c.h.p.o.d.PlatformServiceResource - [helmcust] Desired Platform services (3 services)
2025-01-29 22:18:37,841 INFO c.h.h.t.HelmChartContainer - [hivemq-test-hivemq-platform] [hivemq-platform-operator] [4c787465] 22:18:37.836 [pool-6-thread-36] DEBUG c.h.p.o.dependants.PodInfoConfigMap - [helmcust] Desired PodInfo ConfigMap (1 extensions) (1 enabled)
2025-01-29 22:18:37,841 INFO c.h.h.t.HelmChartContainer - [hivemq-test-hivemq-platform] [hivemq-platform-operator] [4c787465] 22:18:37.836 [pool-6-thread-36] DEBUG c.h.p.o.dependants.PodInfoConfigMap - [helmcust] Desired PodInfo ConfigMap (metrics port: 9399) (metrics path: /)
2025-01-29 22:18:37,841 INFO c.h.h.t.HelmChartContainer - [hivemq-test-hivemq-platform] [hivemq-platform-operator] [4c787465] 22:18:37.836 [pool-6-thread-36] DEBUG c.h.p.o.dependants.PodInfoConfigMap - [helmcust] Desired PodInfo ConfigMap (extension state hash: -1817474005)
2025-01-29 22:18:37,841 INFO c.h.h.t.HelmChartContainer - [hivemq-test-hivemq-platform] [hivemq-platform-operator] [4c787465] 22:18:37.837 [pool-6-thread-34] DEBUG c.h.p.o.d.PodServiceAccountResource - [helmcust] Desired PodServiceAccountResource (serviceAccountName: hivemq-platform-pod-test-hivemq-platform)
2025-01-29 22:18:37,839 INFO c.h.h.t.HelmChartContainer - [test-hivemq-platform] [hivemq] [f3abad5d] Adding pre-installed HiveMQ Platform Operator extensions
2025-01-29 22:18:37,841 INFO c.h.h.t.HelmChartContainer - [test-hivemq-platform] [hivemq] [f3abad5d] Running as user 10000
2025-01-29 22:18:37,841 INFO c.h.h.t.HelmChartContainer - [test-hivemq-platform] [hivemq] [f3abad5d] Starting HiveMQ Platform Operator Init
2025-01-29 22:18:37,842 INFO c.h.h.t.HelmChartContainer - [hivemq-test-hivemq-platform] [hivemq-platform-operator] [4c787465] 22:18:37.841 [pool-6-thread-35] DEBUG c.h.p.o.d.StatefulSetResource - [helmcust] Desired StatefulSet (2 replicas) for status STARTING (READY)
2025-01-29 22:18:37,851 INFO c.h.h.t.HelmChartContainer - [hivemq-test-hivemq-platform] [hivemq-platform-operator] [4c787465] 22:18:37.849 [ReconcilerExecutor-hivemq-controller-117] INFO  c.h.p.o.HiveMQPlatformReconciler - [helmcust] Reconciling HiveMQ Platform 'test-hivemq-platform' in namespace 'helmcustomconfigit'
2025-01-29 22:18:37,853 INFO c.h.h.t.HelmChartContainer - [hivemq-test-hivemq-platform] [hivemq-platform-operator] [4c787465] 22:18:37.849 [ReconcilerExecutor-hivemq-controller-117] DEBUG c.h.p.o.HiveMQPlatformReconciler - [helmcust] Custom Resource Status STARTING - HiveMQ Platform is starting (READY)
2025-01-29 22:18:37,855 INFO c.h.h.t.HelmChartContainer - [hivemq-test-hivemq-platform] [hivemq-platform-operator] [4c787465] 22:18:37.849 [ReconcilerExecutor-hivemq-controller-117] DEBUG c.h.p.o.HiveMQPlatformReconciler - [helmcust] Custom Resource Spec (replicas: 2) (extensions: 1)
2025-01-29 22:18:37,933 INFO c.h.h.t.HelmChartContainer - [hivemq-test-hivemq-platform] [hivemq-platform-operator] [4c787465] 22:18:37.930 [ReconcilerExecutor-hivemq-controller-117] DEBUG c.h.p.o.HiveMQPlatformReconciler - [helmcust] StatefulSet Status (revision: test-hivemq-platform-7f5f89548, replicas: 2, available: 1, ready: 1, current: 2, updated: 2)
2025-01-29 22:18:37,933 INFO c.h.h.t.HelmChartContainer - [hivemq-test-hivemq-platform] [hivemq-platform-operator] [4c787465] 22:18:37.930 [ReconcilerExecutor-hivemq-controller-117] DEBUG c.h.p.o.HiveMQPlatformReconciler - [helmcust] StatefulSet Spec (replicas: 2, init containers: 1, containers: 1, volumes: 3)
2025-01-29 22:18:37,934 INFO c.h.h.t.HelmChartContainer - [hivemq-test-hivemq-platform] [hivemq-platform-operator] [4c787465] 22:18:37.933 [ReconcilerExecutor-hivemq-controller-117] DEBUG c.h.p.o.h.HiveMQPlatformReconcilerErrorHandler - [helmcust] Pod 'test-hivemq-platform-1' phase Running
2025-01-29 22:18:37,935 INFO c.h.h.t.HelmChartContainer - [hivemq-test-hivemq-platform] [hivemq-platform-operator] [4c787465] 22:18:37.934 [ReconcilerExecutor-hivemq-controller-117] DEBUG c.h.p.o.h.HiveMQPlatformReconcilerErrorHandler - [helmcust] Pod 'test-hivemq-platform-0' phase Running
2025-01-29 22:18:37,936 INFO c.h.h.t.HelmChartContainer - [hivemq-test-hivemq-platform] [hivemq-platform-operator] [4c787465] 22:18:37.935 [ReconcilerExecutor-hivemq-controller-117] INFO  c.h.p.o.h.HiveMQPlatformReconcilerBaseHandler - [helmcust] HiveMQ Platform is starting, 1 of 2 replicas are ready
2025-01-29 22:18:38,110 INFO c.h.h.t.HelmChartContainer - [test-hivemq-platform] [hivemq] [f3abad5d] INFO  - [HiveMQ Platform Operator Init 1.7.0-SNAPSHOT] HiveMQ Platform Operator Init 1.7.0-SNAPSHOT (commit: 3bc9484 on branch: HEAD) built on Wed Jan 29 22:06:36 UTC 2025
2025-01-29 22:18:39,156 INFO c.h.h.t.HelmChartContainer - [test-hivemq-platform] [hivemq] [f3abad5d] INFO  - [HiveMQ Platform Operator Init App 1.7.0-SNAPSHOT] Using bind address 10.42.0.15 from environment variable
2025-01-29 22:18:40,052 INFO c.h.h.t.HelmChartContainer - [test-hivemq-platform] [hivemq] [f3abad5d] INFO  - [HiveMQ Platform Operator Init App 1.7.0-SNAPSHOT] HiveMQ Platform Operator Init App 1.7.0-SNAPSHOT (commit: 3bc9484 on branch: HEAD) built on Wed Jan 29 22:06:36 UTC 2025
2025-01-29 22:18:40,052 INFO c.h.h.t.HelmChartContainer - [test-hivemq-platform] [hivemq] [f3abad5d] INFO  - [HiveMQ Platform Operator Init App 1.7.0-SNAPSHOT] PodInfo ConfigMap directory: /etc/podinfo
2025-01-29 22:18:40,052 INFO c.h.h.t.HelmChartContainer - [test-hivemq-platform] [hivemq] [f3abad5d] INFO  - [HiveMQ Platform Operator Init App 1.7.0-SNAPSHOT] HiveMQ home directory: /opt/hivemq
2025-01-29 22:18:40,052 INFO c.h.h.t.HelmChartContainer - [test-hivemq-platform] [hivemq] [f3abad5d] INFO  - [HiveMQ Platform Operator Init App 1.7.0-SNAPSHOT] HiveMQ Logback folder: /opt/hivemq/conf
2025-01-29 22:18:40,053 INFO c.h.h.t.HelmChartContainer - [test-hivemq-platform] [hivemq] [f3abad5d] INFO  - [HiveMQ Platform Operator Init App 1.7.0-SNAPSHOT] HiveMQ Config folder: /opt/hivemq/conf-k8s
2025-01-29 22:18:40,054 INFO c.h.h.t.HelmChartContainer - [test-hivemq-platform] [hivemq] [f3abad5d] INFO  - [HiveMQ Platform Operator Init App 1.7.0-SNAPSHOT] Starting HiveMQ Platform Operator Init App
2025-01-29 22:18:40,054 INFO c.h.h.t.HelmChartContainer - [test-hivemq-platform] [hivemq] [f3abad5d] INFO  - [HiveMQ Platform Operator Init App 1.7.0-SNAPSHOT] Starting Pod reconciler
2025-01-29 22:18:41,223 INFO c.h.h.t.HelmChartContainer - [test-hivemq-platform] [hivemq] [f3abad5d] INFO  - [HiveMQ Platform Operator Init App 1.7.0-SNAPSHOT] Pod reconciler is scheduled (interval: 5000 ms)
2025-01-29 22:18:41,224 INFO c.h.h.t.HelmChartContainer - [test-hivemq-platform] [hivemq] [f3abad5d] INFO  - [HiveMQ Platform Operator Init App 1.7.0-SNAPSHOT] Starting the REST API on 10.42.0.15:7979
2025-01-29 22:18:41,248 INFO c.h.h.t.HelmChartContainer - [test-hivemq-platform] [hivemq] [f3abad5d] INFO  - [HiveMQ Platform Operator Init App 1.7.0-SNAPSHOT] Waiting up to 600s for at most 2 HiveMQ nodes in cluster service hivemq-test-hivemq-platform-cluster.helmcustomconfigit.svc
2025-01-29 22:18:41,605 INFO c.h.h.t.HelmChartContainer - [test-hivemq-platform] [hivemq] [f3abad5d] INFO  - [HiveMQ Platform Operator Init App 1.7.0-SNAPSHOT] Resolved 2 IP addresses: [10.42.0.14, 10.42.0.15]
2025-01-29 22:18:41,605 INFO c.h.h.t.HelmChartContainer - [test-hivemq-platform] [hivemq] [f3abad5d] INFO  - [HiveMQ Platform Operator Init App 1.7.0-SNAPSHOT] HiveMQ node count of 2 is within threshold of 2
2025-01-29 22:18:41,605 INFO c.h.h.t.HelmChartContainer - [test-hivemq-platform] [hivemq] [f3abad5d] INFO  - [HiveMQ Platform Operator Init App 1.7.0-SNAPSHOT] Proceeding with container start
2025-01-29 22:18:41,649 INFO c.h.h.t.HelmChartContainer - [test-hivemq-platform] [hivemq] [f3abad5d] INFO  - [HiveMQ Platform Operator Init App 1.7.0-SNAPSHOT] Initializing HiveMQ Platform extensions with initial configuration: {hivemq-allow-all-extension={start-priority=-1, skip-https-hostname-verification=false, restart=true, config-version=0, header-version=0, c-uri=, priority=-1, uri=preinstalled, skip-https-certificate-validation=false, enabled=true}, hivemq-prometheus-extension={priority=-1, start-priority=-1, c-uri=, skip-https-hostname-verification=false, skip-https-certificate-validation=false, uri=preinstalled, request-header-path=no-request-headers, enabled=true, restart=true}}
2025-01-29 22:18:42,148 INFO c.h.h.t.HelmChartContainer - [test-hivemq-platform] [hivemq] [f3abad5d] INFO  - [HiveMQ Platform Operator Init App 1.7.0-SNAPSHOT] Extension hivemq-allow-all-extension was already enabled
2025-01-29 22:18:42,210 INFO c.h.h.t.HelmChartContainer - [test-hivemq-platform] [hivemq] [f3abad5d] INFO  - [HiveMQ Platform Operator Init App 1.7.0-SNAPSHOT] Successfully enabled extension hivemq-prometheus-extension
2025-01-29 22:18:42,211 INFO c.h.h.t.HelmChartContainer - [test-hivemq-platform] [hivemq] [f3abad5d] INFO  - [HiveMQ Platform Operator Init App 1.7.0-SNAPSHOT] Starting HiveMQ Platform version 4.36.0 (4.36.0)
2025-01-29 22:18:42,211 INFO c.h.h.t.HelmChartContainer - [test-hivemq-platform] [hivemq] [f3abad5d] INFO  - [HiveMQ Platform Operator Init App 1.7.0-SNAPSHOT] Configuring the HiveMQ Platform
2025-01-29 22:18:42,304 INFO c.h.h.t.HelmChartContainer - [test-hivemq-platform] [hivemq] [f3abad5d] INFO  - [HiveMQ Platform Operator Init App 1.7.0-SNAPSHOT] Changed logback.xml file scan period to 20 seconds
2025-01-29 22:18:42,353 INFO c.h.h.t.HelmChartContainer - [test-hivemq-platform] [hivemq] [f3abad5d] INFO  - [HiveMQ Platform Operator Init App 1.7.0-SNAPSHOT] Starting the HiveMQ Platform
2025-01-29 22:18:42,356 INFO c.h.h.t.HelmChartContainer - [test-hivemq-platform] [hivemq] [f3abad5d] -------------------------------------------------------------------------
2025-01-29 22:18:42,357 INFO c.h.h.t.HelmChartContainer - [test-hivemq-platform] [hivemq] [f3abad5d] 
2025-01-29 22:18:42,357 INFO c.h.h.t.HelmChartContainer - [test-hivemq-platform] [hivemq] [f3abad5d]                   _    _  _              __  __   ____
2025-01-29 22:18:42,357 INFO c.h.h.t.HelmChartContainer - [test-hivemq-platform] [hivemq] [f3abad5d]                  | |  | |(_)            |  \/  | / __ \
2025-01-29 22:18:42,357 INFO c.h.h.t.HelmChartContainer - [test-hivemq-platform] [hivemq] [f3abad5d]                  | |__| | _ __   __ ___ | \  / || |  | |
2025-01-29 22:18:42,357 INFO c.h.h.t.HelmChartContainer - [test-hivemq-platform] [hivemq] [f3abad5d]                  |  __  || |\ \ / // _ \| |\/| || |  | |
2025-01-29 22:18:42,357 INFO c.h.h.t.HelmChartContainer - [test-hivemq-platform] [hivemq] [f3abad5d]                  | |  | || | \ V /|  __/| |  | || |__| |
2025-01-29 22:18:42,357 INFO c.h.h.t.HelmChartContainer - [test-hivemq-platform] [hivemq] [f3abad5d]                  |_|  |_||_|  \_/  \___||_|  |_| \___\_\
2025-01-29 22:18:42,357 INFO c.h.h.t.HelmChartContainer - [test-hivemq-platform] [hivemq] [f3abad5d] 
2025-01-29 22:18:42,357 INFO c.h.h.t.HelmChartContainer - [test-hivemq-platform] [hivemq] [f3abad5d] -------------------------------------------------------------------------
2025-01-29 22:18:42,357 INFO c.h.h.t.HelmChartContainer - [test-hivemq-platform] [hivemq] [f3abad5d] 
2025-01-29 22:18:42,357 INFO c.h.h.t.HelmChartContainer - [test-hivemq-platform] [hivemq] [f3abad5d]   HiveMQ Start Script for Linux/Unix v1.14
2025-01-29 22:18:42,357 INFO c.h.h.t.HelmChartContainer - [test-hivemq-platform] [hivemq] [f3abad5d] 
2025-01-29 22:18:42,449 INFO c.h.h.t.HelmChartContainer - [test-hivemq-platform] [hivemq] [f3abad5d] -------------------------------------------------------------------------
2025-01-29 22:18:42,449 INFO c.h.h.t.HelmChartContainer - [test-hivemq-platform] [hivemq] [f3abad5d] 
2025-01-29 22:18:42,449 INFO c.h.h.t.HelmChartContainer - [test-hivemq-platform] [hivemq] [f3abad5d]   HIVEMQ_HOME: /opt/hivemq
2025-01-29 22:18:42,449 INFO c.h.h.t.HelmChartContainer - [test-hivemq-platform] [hivemq] [f3abad5d] 
2025-01-29 22:18:42,449 INFO c.h.h.t.HelmChartContainer - [test-hivemq-platform] [hivemq] [f3abad5d]   JAVA_OPTS: -XX:+UnlockExperimentalVMOptions -XX:InitialRAMPercentage=50 -XX:MaxRAMPercentage=50 -Djava.net.preferIPv4Stack=true --add-opens java.base/java.lang=ALL-UNNAMED --add-opens java.base/java.nio=ALL-UNNAMED --add-opens java.base/sun.nio.ch=ALL-UNNAMED --add-opens jdk.management/com.sun.management.internal=ALL-UNNAMED --add-exports java.base/jdk.internal.misc=ALL-UNNAMED -Djava.security.egd=file:/dev/./urandom -Dcom.sun.management.jmxremote -Dcom.sun.management.jmxremote.port=9010 -Dcom.sun.management.jmxremote.local.only=false -Dcom.sun.management.jmxremote.authenticate=false -Dcom.sun.management.jmxremote.ssl=false -Duser.language=en -Duser.region=US -XX:+CrashOnOutOfMemoryError -XX:+HeapDumpOnOutOfMemoryError
2025-01-29 22:18:42,449 INFO c.h.h.t.HelmChartContainer - [test-hivemq-platform] [hivemq] [f3abad5d] 
2025-01-29 22:18:42,449 INFO c.h.h.t.HelmChartContainer - [test-hivemq-platform] [hivemq] [f3abad5d]   JAVA_VERSION: 21
2025-01-29 22:18:42,449 INFO c.h.h.t.HelmChartContainer - [test-hivemq-platform] [hivemq] [f3abad5d] 
2025-01-29 22:18:42,449 INFO c.h.h.t.HelmChartContainer - [test-hivemq-platform] [hivemq] [f3abad5d] -------------------------------------------------------------------------
2025-01-29 22:18:42,449 INFO c.h.h.t.HelmChartContainer - [test-hivemq-platform] [hivemq] [f3abad5d] 
2025-01-29 22:18:43,906 INFO c.h.h.t.HelmChartContainer - [test-hivemq-platform] [hivemq] [f3abad5d] INFO  - [HiveMQ Platform Operator Init App 1.7.0-SNAPSHOT] Returning default Health API response 503 for readiness
2025-01-29 22:18:44,359 INFO c.h.h.t.HelmChartContainer - [EVENT] Warning [Unhealthy] Readiness probe failed: HTTP probe failed with statuscode: 503 [helmcustomconfigit:test-hivemq-platform-1]
2025-01-29 22:18:44,359 INFO c.h.h.t.HelmChartContainer - Received Unhealthy event for container hivemq in pod test-hivemq-platform-1 [f3abad5d-24bc-4ce4-974c-6648348ef9b5]
2025-01-29 22:18:45,060 INFO c.h.h.t.HelmChartContainer - [test-hivemq-platform] [hivemq] [f3abad5d] INFO  - Starting HiveMQ Enterprise Server
2025-01-29 22:18:45,110 INFO c.h.h.t.HelmChartContainer - [test-hivemq-platform] [hivemq] [f3abad5d] INFO  - HiveMQ version: 4.36.0
2025-01-29 22:18:45,110 INFO c.h.h.t.HelmChartContainer - [test-hivemq-platform] [hivemq] [f3abad5d] INFO  - HiveMQ home directory: /opt/hivemq
2025-01-29 22:18:45,110 INFO c.h.h.t.HelmChartContainer - [test-hivemq-platform] [hivemq] [f3abad5d] INFO  - Log Configuration was overridden by /opt/hivemq/conf/logback.xml
2025-01-29 22:18:46,306 INFO c.h.h.t.HelmChartContainer - [test-hivemq-platform] [hivemq] [f3abad5d] INFO  - Successfully loaded configuration from '/opt/hivemq/conf-k8s/config.xml'.
2025-01-29 22:18:47,005 INFO c.h.h.t.HelmChartContainer - [test-hivemq-platform] [hivemq] [f3abad5d] INFO  - This node's ID is XA9SZ
2025-01-29 22:18:47,005 INFO c.h.h.t.HelmChartContainer - [test-hivemq-platform] [hivemq] [f3abad5d] INFO  - Clustering is enabled
2025-01-29 22:18:47,942 INFO c.h.h.t.HelmChartContainer - [hivemq-test-hivemq-platform] [hivemq-platform-operator] [4c787465] 22:18:47.938 [pool-6-thread-45] DEBUG c.h.p.o.d.PlatformServiceResource - [helmcust] Desired Platform services (3 services)
2025-01-29 22:18:47,943 INFO c.h.h.t.HelmChartContainer - [hivemq-test-hivemq-platform] [hivemq-platform-operator] [4c787465] 22:18:47.939 [pool-6-thread-46] DEBUG c.h.p.o.d.PodServiceAccountResource - [helmcust] Desired PodServiceAccountResource (serviceAccountName: hivemq-platform-pod-test-hivemq-platform)
2025-01-29 22:18:47,943 INFO c.h.h.t.HelmChartContainer - [hivemq-test-hivemq-platform] [hivemq-platform-operator] [4c787465] 22:18:47.939 [pool-6-thread-43] DEBUG c.h.p.o.dependants.PodInfoConfigMap - [helmcust] Desired PodInfo ConfigMap (1 extensions) (1 enabled)
2025-01-29 22:18:47,943 INFO c.h.h.t.HelmChartContainer - [hivemq-test-hivemq-platform] [hivemq-platform-operator] [4c787465] 22:18:47.941 [pool-6-thread-43] DEBUG c.h.p.o.dependants.PodInfoConfigMap - [helmcust] Desired PodInfo ConfigMap (metrics port: 9399) (metrics path: /)
2025-01-29 22:18:47,943 INFO c.h.h.t.HelmChartContainer - [hivemq-test-hivemq-platform] [hivemq-platform-operator] [4c787465] 22:18:47.941 [pool-6-thread-43] DEBUG c.h.p.o.dependants.PodInfoConfigMap - [helmcust] Desired PodInfo ConfigMap (extension state hash: -1817474005)
2025-01-29 22:18:47,945 INFO c.h.h.t.HelmChartContainer - [hivemq-test-hivemq-platform] [hivemq-platform-operator] [4c787465] 22:18:47.943 [pool-6-thread-45] DEBUG c.h.p.o.d.StatefulSetResource - [helmcust] Desired StatefulSet (2 replicas) for status STARTING (READY)
2025-01-29 22:18:47,950 INFO c.h.h.t.HelmChartContainer - [hivemq-test-hivemq-platform] [hivemq-platform-operator] [4c787465] 22:18:47.949 [ReconcilerExecutor-hivemq-controller-118] INFO  c.h.p.o.HiveMQPlatformReconciler - [helmcust] Reconciling HiveMQ Platform 'test-hivemq-platform' in namespace 'helmcustomconfigit'
2025-01-29 22:18:47,950 INFO c.h.h.t.HelmChartContainer - [hivemq-test-hivemq-platform] [hivemq-platform-operator] [4c787465] 22:18:47.949 [ReconcilerExecutor-hivemq-controller-118] DEBUG c.h.p.o.HiveMQPlatformReconciler - [helmcust] Custom Resource Status STARTING - HiveMQ Platform is starting (READY)
2025-01-29 22:18:47,950 INFO c.h.h.t.HelmChartContainer - [hivemq-test-hivemq-platform] [hivemq-platform-operator] [4c787465] 22:18:47.949 [ReconcilerExecutor-hivemq-controller-118] DEBUG c.h.p.o.HiveMQPlatformReconciler - [helmcust] Custom Resource Spec (replicas: 2) (extensions: 1)
2025-01-29 22:18:47,951 INFO c.h.h.t.HelmChartContainer - [hivemq-test-hivemq-platform] [hivemq-platform-operator] [4c787465] 22:18:47.951 [ReconcilerExecutor-hivemq-controller-118] DEBUG c.h.p.o.HiveMQPlatformReconciler - [helmcust] StatefulSet Status (revision: test-hivemq-platform-7f5f89548, replicas: 2, available: 1, ready: 1, current: 2, updated: 2)
2025-01-29 22:18:47,952 INFO c.h.h.t.HelmChartContainer - [hivemq-test-hivemq-platform] [hivemq-platform-operator] [4c787465] 22:18:47.951 [ReconcilerExecutor-hivemq-controller-118] DEBUG c.h.p.o.HiveMQPlatformReconciler - [helmcust] StatefulSet Spec (replicas: 2, init containers: 1, containers: 1, volumes: 3)
2025-01-29 22:18:47,953 INFO c.h.h.t.HelmChartContainer - [hivemq-test-hivemq-platform] [hivemq-platform-operator] [4c787465] 22:18:47.952 [ReconcilerExecutor-hivemq-controller-118] DEBUG c.h.p.o.h.HiveMQPlatformReconcilerErrorHandler - [helmcust] Pod 'test-hivemq-platform-1' phase Running
2025-01-29 22:18:47,957 INFO c.h.h.t.HelmChartContainer - [hivemq-test-hivemq-platform] [hivemq-platform-operator] [4c787465] 22:18:47.954 [ReconcilerExecutor-hivemq-controller-118] DEBUG c.h.p.o.h.HiveMQPlatformReconcilerErrorHandler - [helmcust] Pod 'test-hivemq-platform-0' phase Running
2025-01-29 22:18:47,958 INFO c.h.h.t.HelmChartContainer - [hivemq-test-hivemq-platform] [hivemq-platform-operator] [4c787465] 22:18:47.956 [ReconcilerExecutor-hivemq-controller-118] INFO  c.h.p.o.h.HiveMQPlatformReconcilerBaseHandler - [helmcust] HiveMQ Platform is starting, 1 of 2 replicas are ready
2025-01-29 22:18:49,205 INFO c.h.h.t.HelmChartContainer - [test-hivemq-platform] [hivemq] [f3abad5d] WARN  - [HiveMQ Platform Operator Init App 1.7.0-SNAPSHOT] Cannot connect to Health API for readiness: null
2025-01-29 22:18:49,258 INFO c.h.h.t.HelmChartContainer - [EVENT] Warning [Unhealthy] Readiness probe failed: HTTP probe failed with statuscode: 503 [helmcustomconfigit:test-hivemq-platform-1]
2025-01-29 22:18:49,258 INFO c.h.h.t.HelmChartContainer - Received Unhealthy event for container hivemq in pod test-hivemq-platform-1 [f3abad5d-24bc-4ce4-974c-6648348ef9b5]
2025-01-29 22:18:51,553 INFO c.h.h.t.HelmChartContainer - [test-hivemq-platform] [hivemq] [f3abad5d] Jan 29, 2025 10:18:51 PM io.vertx.core.impl.BlockedThreadChecker
2025-01-29 22:18:51,553 INFO c.h.h.t.HelmChartContainer - [test-hivemq-platform] [hivemq] [f3abad5d] WARNING: Thread Thread[vert.x-eventloop-thread-1,5,main] has been blocked for 2589 ms, time limit is 2000 ms
2025-01-29 22:18:51,747 INFO c.h.h.t.HelmChartContainer - [test-hivemq-platform] [hivemq] [d68760c8] INFO  - [HiveMQ Platform Operator Init App 1.7.0-SNAPSHOT] Returning Health API response 200 for liveness
2025-01-29 22:18:52,105 INFO c.h.h.t.HelmChartContainer - [test-hivemq-platform] [hivemq] [f3abad5d] INFO  - [HiveMQ Platform Operator Init App 1.7.0-SNAPSHOT] Updating Pod HiveMQ Platform Operator Init App version annotation (version: 1.7.0-SNAPSHOT)
2025-01-29 22:18:53,007 INFO c.h.h.t.HelmChartContainer - [POD] test-hivemq-platform-1 [f3abad5d-24bc-4ce4-974c-6648348ef9b5] in helmcustomconfigit was MODIFIED
2025-01-29 22:18:53,049 INFO c.h.h.t.HelmChartContainer - [hivemq-test-hivemq-platform] [hivemq-platform-operator] [4c787465] 22:18:53.011 [pool-6-thread-7] DEBUG c.h.p.o.d.PlatformServiceResource - [helmcust] Desired Platform services (3 services)
2025-01-29 22:18:53,051 INFO c.h.h.t.HelmChartContainer - [hivemq-test-hivemq-platform] [hivemq-platform-operator] [4c787465] 22:18:53.013 [pool-6-thread-2] DEBUG c.h.p.o.dependants.PodInfoConfigMap - [helmcust] Desired PodInfo ConfigMap (1 extensions) (1 enabled)
2025-01-29 22:18:53,051 INFO c.h.h.t.HelmChartContainer - [hivemq-test-hivemq-platform] [hivemq-platform-operator] [4c787465] 22:18:53.014 [pool-6-thread-2] DEBUG c.h.p.o.dependants.PodInfoConfigMap - [helmcust] Desired PodInfo ConfigMap (metrics port: 9399) (metrics path: /)
2025-01-29 22:18:53,051 INFO c.h.h.t.HelmChartContainer - [hivemq-test-hivemq-platform] [hivemq-platform-operator] [4c787465] 22:18:53.014 [pool-6-thread-2] DEBUG c.h.p.o.dependants.PodInfoConfigMap - [helmcust] Desired PodInfo ConfigMap (extension state hash: -1817474005)
2025-01-29 22:18:53,051 INFO c.h.h.t.HelmChartContainer - [hivemq-test-hivemq-platform] [hivemq-platform-operator] [4c787465] 22:18:53.013 [pool-6-thread-1] DEBUG c.h.p.o.d.PodServiceAccountResource - [helmcust] Desired PodServiceAccountResource (serviceAccountName: hivemq-platform-pod-test-hivemq-platform)
2025-01-29 22:18:53,051 INFO c.h.h.t.HelmChartContainer - [hivemq-test-hivemq-platform] [hivemq-platform-operator] [4c787465] 22:18:53.018 [pool-6-thread-7] DEBUG c.h.p.o.d.StatefulSetResource - [helmcust] Desired StatefulSet (2 replicas) for status STARTING (READY)
2025-01-29 22:18:53,051 INFO c.h.h.t.HelmChartContainer - [hivemq-test-hivemq-platform] [hivemq-platform-operator] [4c787465] 22:18:53.021 [ReconcilerExecutor-hivemq-controller-119] INFO  c.h.p.o.HiveMQPlatformReconciler - [helmcust] Reconciling HiveMQ Platform 'test-hivemq-platform' in namespace 'helmcustomconfigit'
2025-01-29 22:18:53,051 INFO c.h.h.t.HelmChartContainer - [hivemq-test-hivemq-platform] [hivemq-platform-operator] [4c787465] 22:18:53.021 [ReconcilerExecutor-hivemq-controller-119] DEBUG c.h.p.o.HiveMQPlatformReconciler - [helmcust] Custom Resource Status STARTING - HiveMQ Platform is starting (READY)
2025-01-29 22:18:53,051 INFO c.h.h.t.HelmChartContainer - [hivemq-test-hivemq-platform] [hivemq-platform-operator] [4c787465] 22:18:53.021 [ReconcilerExecutor-hivemq-controller-119] DEBUG c.h.p.o.HiveMQPlatformReconciler - [helmcust] Custom Resource Spec (replicas: 2) (extensions: 1)
2025-01-29 22:18:53,051 INFO c.h.h.t.HelmChartContainer - [hivemq-test-hivemq-platform] [hivemq-platform-operator] [4c787465] 22:18:53.023 [ReconcilerExecutor-hivemq-controller-119] DEBUG c.h.p.o.HiveMQPlatformReconciler - [helmcust] StatefulSet Status (revision: test-hivemq-platform-7f5f89548, replicas: 2, available: 1, ready: 1, current: 2, updated: 2)
2025-01-29 22:18:53,052 INFO c.h.h.t.HelmChartContainer - [test-hivemq-platform] [hivemq] [f3abad5d] WARN  - [HiveMQ Platform Operator Init App 1.7.0-SNAPSHOT] Cannot connect to Health API for readiness: null
2025-01-29 22:18:53,057 INFO c.h.h.t.HelmChartContainer - [test-hivemq-platform] [hivemq] [f3abad5d] INFO  - [HiveMQ Platform Operator Init App 1.7.0-SNAPSHOT] Successfully updated Pod HiveMQ Platform Operator Init App version annotation (version: 1.7.0-SNAPSHOT)
2025-01-29 22:18:53,060 INFO c.h.h.t.HelmChartContainer - [EVENT] Warning [Unhealthy] Readiness probe failed: HTTP probe failed with statuscode: 503 [helmcustomconfigit:test-hivemq-platform-1]
2025-01-29 22:18:53,060 INFO c.h.h.t.HelmChartContainer - Received Unhealthy event for container hivemq in pod test-hivemq-platform-1 [f3abad5d-24bc-4ce4-974c-6648348ef9b5]
2025-01-29 22:18:53,105 INFO c.h.h.t.HelmChartContainer - [hivemq-test-hivemq-platform] [hivemq-platform-operator] [4c787465] 22:18:53.093 [ReconcilerExecutor-hivemq-controller-119] DEBUG c.h.p.o.HiveMQPlatformReconciler - [helmcust] StatefulSet Spec (replicas: 2, init containers: 1, containers: 1, volumes: 3)
2025-01-29 22:18:53,105 INFO c.h.h.t.HelmChartContainer - [hivemq-test-hivemq-platform] [hivemq-platform-operator] [4c787465] 22:18:53.095 [ReconcilerExecutor-hivemq-controller-119] DEBUG c.h.p.o.h.HiveMQPlatformReconcilerErrorHandler - [helmcust] Pod 'test-hivemq-platform-1' phase Running
2025-01-29 22:18:53,105 INFO c.h.h.t.HelmChartContainer - [hivemq-test-hivemq-platform] [hivemq-platform-operator] [4c787465] 22:18:53.097 [ReconcilerExecutor-hivemq-controller-119] DEBUG c.h.p.o.h.HiveMQPlatformReconcilerErrorHandler - [helmcust] Pod 'test-hivemq-platform-0' phase Running
2025-01-29 22:18:53,105 INFO c.h.h.t.HelmChartContainer - [hivemq-test-hivemq-platform] [hivemq-platform-operator] [4c787465] 22:18:53.098 [ReconcilerExecutor-hivemq-controller-119] INFO  c.h.p.o.h.HiveMQPlatformReconcilerBaseHandler - [helmcust] HiveMQ Platform is starting, 1 of 2 replicas are ready
2025-01-29 22:18:58,052 INFO c.h.h.t.HelmChartContainer - [test-hivemq-platform] [hivemq] [f3abad5d] WARN  - [HiveMQ Platform Operator Init App 1.7.0-SNAPSHOT] Cannot connect to Health API for readiness: null
2025-01-29 22:18:58,057 INFO c.h.h.t.HelmChartContainer - [EVENT] Warning [Unhealthy] Readiness probe failed: HTTP probe failed with statuscode: 503 [helmcustomconfigit:test-hivemq-platform-1]
2025-01-29 22:18:58,057 INFO c.h.h.t.HelmChartContainer - Received Unhealthy event for container hivemq in pod test-hivemq-platform-1 [f3abad5d-24bc-4ce4-974c-6648348ef9b5]
2025-01-29 22:19:03,050 INFO c.h.h.t.HelmChartContainer - [test-hivemq-platform] [hivemq] [f3abad5d] WARN  - [HiveMQ Platform Operator Init App 1.7.0-SNAPSHOT] Cannot connect to Health API for readiness: null
2025-01-29 22:19:03,055 INFO c.h.h.t.HelmChartContainer - [EVENT] Warning [Unhealthy] Readiness probe failed: HTTP probe failed with statuscode: 503 [helmcustomconfigit:test-hivemq-platform-1]
2025-01-29 22:19:03,055 INFO c.h.h.t.HelmChartContainer - Received Unhealthy event for container hivemq in pod test-hivemq-platform-1 [f3abad5d-24bc-4ce4-974c-6648348ef9b5]
2025-01-29 22:19:03,106 INFO c.h.h.t.HelmChartContainer - [hivemq-test-hivemq-platform] [hivemq-platform-operator] [4c787465] 22:19:03.103 [pool-6-thread-18] DEBUG c.h.p.o.d.PlatformServiceResource - [helmcust] Desired Platform services (3 services)
2025-01-29 22:19:03,108 INFO c.h.h.t.HelmChartContainer - [hivemq-test-hivemq-platform] [hivemq-platform-operator] [4c787465] 22:19:03.103 [pool-6-thread-13] DEBUG c.h.p.o.dependants.PodInfoConfigMap - [helmcust] Desired PodInfo ConfigMap (1 extensions) (1 enabled)
2025-01-29 22:19:03,108 INFO c.h.h.t.HelmChartContainer - [hivemq-test-hivemq-platform] [hivemq-platform-operator] [4c787465] 22:19:03.104 [pool-6-thread-13] DEBUG c.h.p.o.dependants.PodInfoConfigMap - [helmcust] Desired PodInfo ConfigMap (metrics port: 9399) (metrics path: /)
2025-01-29 22:19:03,108 INFO c.h.h.t.HelmChartContainer - [hivemq-test-hivemq-platform] [hivemq-platform-operator] [4c787465] 22:19:03.104 [pool-6-thread-13] DEBUG c.h.p.o.dependants.PodInfoConfigMap - [helmcust] Desired PodInfo ConfigMap (extension state hash: -1817474005)
2025-01-29 22:19:03,108 INFO c.h.h.t.HelmChartContainer - [hivemq-test-hivemq-platform] [hivemq-platform-operator] [4c787465] 22:19:03.104 [pool-6-thread-16] DEBUG c.h.p.o.d.PodServiceAccountResource - [helmcust] Desired PodServiceAccountResource (serviceAccountName: hivemq-platform-pod-test-hivemq-platform)
2025-01-29 22:19:03,111 INFO c.h.h.t.HelmChartContainer - [hivemq-test-hivemq-platform] [hivemq-platform-operator] [4c787465] 22:19:03.110 [pool-6-thread-18] DEBUG c.h.p.o.d.StatefulSetResource - [helmcust] Desired StatefulSet (2 replicas) for status STARTING (READY)
2025-01-29 22:19:03,114 INFO c.h.h.t.HelmChartContainer - [hivemq-test-hivemq-platform] [hivemq-platform-operator] [4c787465] 22:19:03.113 [ReconcilerExecutor-hivemq-controller-120] INFO  c.h.p.o.HiveMQPlatformReconciler - [helmcust] Reconciling HiveMQ Platform 'test-hivemq-platform' in namespace 'helmcustomconfigit'
2025-01-29 22:19:03,114 INFO c.h.h.t.HelmChartContainer - [hivemq-test-hivemq-platform] [hivemq-platform-operator] [4c787465] 22:19:03.113 [ReconcilerExecutor-hivemq-controller-120] DEBUG c.h.p.o.HiveMQPlatformReconciler - [helmcust] Custom Resource Status STARTING - HiveMQ Platform is starting (READY)
2025-01-29 22:19:03,114 INFO c.h.h.t.HelmChartContainer - [hivemq-test-hivemq-platform] [hivemq-platform-operator] [4c787465] 22:19:03.113 [ReconcilerExecutor-hivemq-controller-120] DEBUG c.h.p.o.HiveMQPlatformReconciler - [helmcust] Custom Resource Spec (replicas: 2) (extensions: 1)
2025-01-29 22:19:03,116 INFO c.h.h.t.HelmChartContainer - [hivemq-test-hivemq-platform] [hivemq-platform-operator] [4c787465] 22:19:03.115 [ReconcilerExecutor-hivemq-controller-120] DEBUG c.h.p.o.HiveMQPlatformReconciler - [helmcust] StatefulSet Status (revision: test-hivemq-platform-7f5f89548, replicas: 2, available: 1, ready: 1, current: 2, updated: 2)
2025-01-29 22:19:03,116 INFO c.h.h.t.HelmChartContainer - [hivemq-test-hivemq-platform] [hivemq-platform-operator] [4c787465] 22:19:03.115 [ReconcilerExecutor-hivemq-controller-120] DEBUG c.h.p.o.HiveMQPlatformReconciler - [helmcust] StatefulSet Spec (replicas: 2, init containers: 1, containers: 1, volumes: 3)
2025-01-29 22:19:03,118 INFO c.h.h.t.HelmChartContainer - [hivemq-test-hivemq-platform] [hivemq-platform-operator] [4c787465] 22:19:03.117 [ReconcilerExecutor-hivemq-controller-120] DEBUG c.h.p.o.h.HiveMQPlatformReconcilerErrorHandler - [helmcust] Pod 'test-hivemq-platform-1' phase Running
2025-01-29 22:19:03,119 INFO c.h.h.t.HelmChartContainer - [hivemq-test-hivemq-platform] [hivemq-platform-operator] [4c787465] 22:19:03.118 [ReconcilerExecutor-hivemq-controller-120] DEBUG c.h.p.o.h.HiveMQPlatformReconcilerErrorHandler - [helmcust] Pod 'test-hivemq-platform-0' phase Running
2025-01-29 22:19:03,120 INFO c.h.h.t.HelmChartContainer - [hivemq-test-hivemq-platform] [hivemq-platform-operator] [4c787465] 22:19:03.119 [ReconcilerExecutor-hivemq-controller-120] INFO  c.h.p.o.h.HiveMQPlatformReconcilerBaseHandler - [helmcust] HiveMQ Platform is starting, 1 of 2 replicas are ready
2025-01-29 22:19:04,355 INFO c.h.h.t.HelmChartContainer - [test-hivemq-platform] [hivemq] [f3abad5d] INFO  - No valid license file found. Using trial license, restricted to 25 connections.
2025-01-29 22:19:06,453 INFO c.h.h.t.HelmChartContainer - [test-hivemq-platform] [hivemq] [f3abad5d] WARN  - [HiveMQ Platform Operator Init App 1.7.0-SNAPSHOT] Cannot connect to Health API for liveness: null
2025-01-29 22:19:06,453 INFO c.h.h.t.HelmChartContainer - [test-hivemq-platform] [hivemq] [f3abad5d] INFO  - [HiveMQ Platform Operator Init App 1.7.0-SNAPSHOT] Returning default Health API response 200 for liveness
2025-01-29 22:19:08,052 INFO c.h.h.t.HelmChartContainer - [test-hivemq-platform] [hivemq] [f3abad5d] WARN  - [HiveMQ Platform Operator Init App 1.7.0-SNAPSHOT] Cannot connect to Health API for readiness: null
2025-01-29 22:19:08,056 INFO c.h.h.t.HelmChartContainer - [EVENT] Warning [Unhealthy] Readiness probe failed: HTTP probe failed with statuscode: 503 [helmcustomconfigit:test-hivemq-platform-1]
2025-01-29 22:19:08,056 INFO c.h.h.t.HelmChartContainer - Received Unhealthy event for container hivemq in pod test-hivemq-platform-1 [f3abad5d-24bc-4ce4-974c-6648348ef9b5]
2025-01-29 22:19:08,263 INFO c.h.h.t.HelmChartContainer - [test-hivemq-platform] [hivemq] [f3abad5d] INFO  - No valid license file for Data Hub found. Using free license, restricted to 1 policy.
2025-01-29 22:19:09,505 INFO c.h.h.t.HelmChartContainer - [test-hivemq-platform] [hivemq] [f3abad5d] INFO  - Audit Logger started.
2025-01-29 22:19:09,780 INFO c.h.h.t.HelmChartContainer - [test-hivemq-platform] [hivemq] [f3abad5d] INFO  - This node uses '1' CPU cores.
2025-01-29 22:19:09,784 INFO c.h.h.t.HelmChartContainer - [test-hivemq-platform] [hivemq] [f3abad5d] INFO  - Starting HiveMQ Health API on address 0.0.0.0 and port 8889
2025-01-29 22:19:10,558 INFO c.h.h.t.HelmChartContainer - [test-hivemq-platform] [hivemq] [f3abad5d] INFO  - Started HiveMQ Health API in 774ms
2025-01-29 22:19:11,359 INFO c.h.h.t.HelmChartContainer - [test-hivemq-platform] [hivemq] [f3abad5d] INFO  - Starting HiveMQ extension system.
2025-01-29 22:19:11,606 INFO c.h.h.t.HelmChartContainer - [test-hivemq-platform] [hivemq] [f3abad5d] INFO  - Starting extension with id "hivemq-dns-cluster-discovery" at /opt/hivemq/extensions/hivemq-dns-cluster-discovery
2025-01-29 22:19:12,151 INFO c.h.h.t.HelmChartContainer - [test-hivemq-platform] [hivemq] [f3abad5d] INFO  - Extension "DNS Cluster Discovery Extension" version 4.3.2 started successfully.
2025-01-29 22:19:12,152 INFO c.h.h.t.HelmChartContainer - [test-hivemq-platform] [hivemq] [f3abad5d] INFO  - Starting extension with id "hivemq-prometheus-extension" at /opt/hivemq/extensions/hivemq-prometheus-extension
2025-01-29 22:19:12,160 INFO c.h.h.t.HelmChartContainer - [test-hivemq-platform] [hivemq] [f3abad5d] INFO  - Using TCP cluster transport on address 10.42.0.15 and port 8000
2025-01-29 22:19:12,252 INFO c.h.h.t.HelmChartContainer - [test-hivemq-platform] [hivemq] [f3abad5d] INFO  - Using extension cluster discovery
2025-01-29 22:19:13,125 INFO c.h.h.t.HelmChartContainer - [hivemq-test-hivemq-platform] [hivemq-platform-operator] [4c787465] 22:19:13.121 [pool-6-thread-26] DEBUG c.h.p.o.d.PlatformServiceResource - [helmcust] Desired Platform services (3 services)
2025-01-29 22:19:13,125 INFO c.h.h.t.HelmChartContainer - [hivemq-test-hivemq-platform] [hivemq-platform-operator] [4c787465] 22:19:13.122 [pool-6-thread-22] DEBUG c.h.p.o.d.PodServiceAccountResource - [helmcust] Desired PodServiceAccountResource (serviceAccountName: hivemq-platform-pod-test-hivemq-platform)
2025-01-29 22:19:13,125 INFO c.h.h.t.HelmChartContainer - [hivemq-test-hivemq-platform] [hivemq-platform-operator] [4c787465] 22:19:13.123 [pool-6-thread-29] DEBUG c.h.p.o.dependants.PodInfoConfigMap - [helmcust] Desired PodInfo ConfigMap (1 extensions) (1 enabled)
2025-01-29 22:19:13,125 INFO c.h.h.t.HelmChartContainer - [hivemq-test-hivemq-platform] [hivemq-platform-operator] [4c787465] 22:19:13.123 [pool-6-thread-29] DEBUG c.h.p.o.dependants.PodInfoConfigMap - [helmcust] Desired PodInfo ConfigMap (metrics port: 9399) (metrics path: /)
2025-01-29 22:19:13,125 INFO c.h.h.t.HelmChartContainer - [hivemq-test-hivemq-platform] [hivemq-platform-operator] [4c787465] 22:19:13.123 [pool-6-thread-29] DEBUG c.h.p.o.dependants.PodInfoConfigMap - [helmcust] Desired PodInfo ConfigMap (extension state hash: -1817474005)
2025-01-29 22:19:13,128 INFO c.h.h.t.HelmChartContainer - [hivemq-test-hivemq-platform] [hivemq-platform-operator] [4c787465] 22:19:13.127 [pool-6-thread-26] DEBUG c.h.p.o.d.StatefulSetResource - [helmcust] Desired StatefulSet (2 replicas) for status STARTING (READY)
2025-01-29 22:19:13,130 INFO c.h.h.t.HelmChartContainer - [hivemq-test-hivemq-platform] [hivemq-platform-operator] [4c787465] 22:19:13.129 [ReconcilerExecutor-hivemq-controller-121] INFO  c.h.p.o.HiveMQPlatformReconciler - [helmcust] Reconciling HiveMQ Platform 'test-hivemq-platform' in namespace 'helmcustomconfigit'
2025-01-29 22:19:13,130 INFO c.h.h.t.HelmChartContainer - [hivemq-test-hivemq-platform] [hivemq-platform-operator] [4c787465] 22:19:13.129 [ReconcilerExecutor-hivemq-controller-121] DEBUG c.h.p.o.HiveMQPlatformReconciler - [helmcust] Custom Resource Status STARTING - HiveMQ Platform is starting (READY)
2025-01-29 22:19:13,130 INFO c.h.h.t.HelmChartContainer - [hivemq-test-hivemq-platform] [hivemq-platform-operator] [4c787465] 22:19:13.129 [ReconcilerExecutor-hivemq-controller-121] DEBUG c.h.p.o.HiveMQPlatformReconciler - [helmcust] Custom Resource Spec (replicas: 2) (extensions: 1)
2025-01-29 22:19:13,131 INFO c.h.h.t.HelmChartContainer - [hivemq-test-hivemq-platform] [hivemq-platform-operator] [4c787465] 22:19:13.131 [ReconcilerExecutor-hivemq-controller-121] DEBUG c.h.p.o.HiveMQPlatformReconciler - [helmcust] StatefulSet Status (revision: test-hivemq-platform-7f5f89548, replicas: 2, available: 1, ready: 1, current: 2, updated: 2)
2025-01-29 22:19:13,131 INFO c.h.h.t.HelmChartContainer - [hivemq-test-hivemq-platform] [hivemq-platform-operator] [4c787465] 22:19:13.131 [ReconcilerExecutor-hivemq-controller-121] DEBUG c.h.p.o.HiveMQPlatformReconciler - [helmcust] StatefulSet Spec (replicas: 2, init containers: 1, containers: 1, volumes: 3)
2025-01-29 22:19:13,133 INFO c.h.h.t.HelmChartContainer - [hivemq-test-hivemq-platform] [hivemq-platform-operator] [4c787465] 22:19:13.132 [ReconcilerExecutor-hivemq-controller-121] DEBUG c.h.p.o.h.HiveMQPlatformReconcilerErrorHandler - [helmcust] Pod 'test-hivemq-platform-1' phase Running
2025-01-29 22:19:13,134 INFO c.h.h.t.HelmChartContainer - [hivemq-test-hivemq-platform] [hivemq-platform-operator] [4c787465] 22:19:13.133 [ReconcilerExecutor-hivemq-controller-121] DEBUG c.h.p.o.h.HiveMQPlatformReconcilerErrorHandler - [helmcust] Pod 'test-hivemq-platform-0' phase Running
2025-01-29 22:19:13,135 INFO c.h.h.t.HelmChartContainer - [hivemq-test-hivemq-platform] [hivemq-platform-operator] [4c787465] 22:19:13.134 [ReconcilerExecutor-hivemq-controller-121] INFO  c.h.p.o.h.HiveMQPlatformReconcilerBaseHandler - [helmcust] HiveMQ Platform is starting, 1 of 2 replicas are ready
2025-01-29 22:19:13,159 INFO c.h.h.t.HelmChartContainer - [test-hivemq-platform] [hivemq] [f3abad5d] INFO  - Started Jetty Server exposing Prometheus Servlet on URI http://0.0.0.0:9399/
2025-01-29 22:19:13,159 INFO c.h.h.t.HelmChartContainer - [test-hivemq-platform] [hivemq] [f3abad5d] INFO  - Extension "Prometheus Monitoring Extension" version 4.0.12 started successfully.
2025-01-29 22:19:13,159 INFO c.h.h.t.HelmChartContainer - [test-hivemq-platform] [hivemq] [f3abad5d] INFO  - Starting extension with id "hivemq-allow-all-extension" at /opt/hivemq/extensions/hivemq-allow-all-extension
2025-01-29 22:19:13,159 INFO c.h.h.t.HelmChartContainer - [test-hivemq-platform] [hivemq] [f3abad5d] WARN  - 
2025-01-29 22:19:13,159 INFO c.h.h.t.HelmChartContainer - [test-hivemq-platform] [hivemq] [f3abad5d] ################################################################################################################
2025-01-29 22:19:13,159 INFO c.h.h.t.HelmChartContainer - [test-hivemq-platform] [hivemq] [f3abad5d] # This HiveMQ deployment is not secure! You are lacking Authentication and Authorization.                      #
2025-01-29 22:19:13,159 INFO c.h.h.t.HelmChartContainer - [test-hivemq-platform] [hivemq] [f3abad5d] # Right now any MQTT client can connect to the broker with a full set of permissions.                          #
2025-01-29 22:19:13,159 INFO c.h.h.t.HelmChartContainer - [test-hivemq-platform] [hivemq] [f3abad5d] # For production usage, add an appropriate security extension and remove the hivemq-allow-all extension.       #
2025-01-29 22:19:13,159 INFO c.h.h.t.HelmChartContainer - [test-hivemq-platform] [hivemq] [f3abad5d] # You can download security extensions from the HiveMQ Marketplace (https://www.hivemq.com/extensions/).       #
2025-01-29 22:19:13,159 INFO c.h.h.t.HelmChartContainer - [test-hivemq-platform] [hivemq] [f3abad5d] ################################################################################################################
2025-01-29 22:19:13,160 INFO c.h.h.t.HelmChartContainer - [test-hivemq-platform] [hivemq] [f3abad5d] INFO  - Extension "Allow All Extension" version 1.1.1 started successfully.
2025-01-29 22:19:13,360 INFO c.h.h.t.HelmChartContainer - [test-hivemq-platform] [hivemq] [d68760c8] INFO  - Cluster nodes found by discovery: [XWgNh|1] (2) [XWgNh, XA9SZ].
2025-01-29 22:19:13,457 INFO c.h.h.t.HelmChartContainer - [test-hivemq-platform] [hivemq] [f3abad5d] INFO  - Cluster nodes found by discovery: [XWgNh|1] (2) [XWgNh, XA9SZ].
2025-01-29 22:19:13,753 INFO c.h.h.t.HelmChartContainer - [test-hivemq-platform] [hivemq] [f3abad5d] INFO  - Cluster size = 1, members : [XWgNh].
2025-01-29 22:19:14,053 INFO c.h.h.t.HelmChartContainer - [EVENT] Warning [Unhealthy] Readiness probe failed: Get "http://10.42.0.15:7979/readiness": context deadline exceeded (Client.Timeout exceeded while awaiting headers) [helmcustomconfigit:test-hivemq-platform-1]
2025-01-29 22:19:14,053 INFO c.h.h.t.HelmChartContainer - Received Unhealthy event for container hivemq in pod test-hivemq-platform-1 [f3abad5d-24bc-4ce4-974c-6648348ef9b5]
2025-01-29 22:19:14,058 INFO c.h.h.t.HelmChartContainer - [test-hivemq-platform] [hivemq] [f3abad5d] INFO  - [HiveMQ Platform Operator Init App 1.7.0-SNAPSHOT] Returning Health API response 503 for readiness
2025-01-29 22:19:14,550 INFO c.h.h.t.HelmChartContainer - [test-hivemq-platform] [hivemq] [f3abad5d] INFO  - Starting cluster join process. This may take a while. Please do not shut down HiveMQ.
2025-01-29 22:19:14,557 INFO c.h.h.t.HelmChartContainer - [test-hivemq-platform] [hivemq] [f3abad5d] INFO  - Cluster join process is still ongoing. Please do not shut down HiveMQ.
2025-01-29 22:19:16,560 INFO c.h.h.t.HelmChartContainer - [test-hivemq-platform] [hivemq] [d68760c8] INFO  - Cluster size = 2, members : [XA9SZ, XWgNh].
2025-01-29 22:19:16,571 INFO c.h.h.t.HelmChartContainer - [test-hivemq-platform] [hivemq] [f3abad5d] INFO  - Cluster size = 2, members : [XA9SZ, XWgNh].
2025-01-29 22:19:16,580 INFO c.h.h.t.HelmChartContainer - [test-hivemq-platform] [hivemq] [f3abad5d] INFO  - Finished cluster join process successfully.
2025-01-29 22:19:16,580 INFO c.h.h.t.HelmChartContainer - [test-hivemq-platform] [hivemq] [f3abad5d] WARN  - No user for HiveMQ Control Center configured. Starting with default user
2025-01-29 22:19:16,580 INFO c.h.h.t.HelmChartContainer - [test-hivemq-platform] [hivemq] [f3abad5d] INFO  - Starting HiveMQ Control Center on address 0.0.0.0 and port 8080
2025-01-29 22:19:16,651 INFO c.h.h.t.HelmChartContainer - [test-hivemq-platform] [hivemq] [f3abad5d] INFO  - Mounting HiveMQ Control Center V2 Preview
2025-01-29 22:19:17,353 INFO c.h.h.t.HelmChartContainer - [test-hivemq-platform] [hivemq] [f3abad5d] INFO  - Started HiveMQ Control Center in 773ms
2025-01-29 22:19:17,368 INFO c.h.h.t.HelmChartContainer - [test-hivemq-platform] [hivemq] [f3abad5d] INFO  - Starting TCP listener on address 0.0.0.0 and port 1884
2025-01-29 22:19:17,461 INFO c.h.h.t.HelmChartContainer - [test-hivemq-platform] [hivemq] [f3abad5d] INFO  - Started TCP Listener on address 0.0.0.0 and on port 1884.
2025-01-29 22:19:17,461 INFO c.h.h.t.HelmChartContainer - [test-hivemq-platform] [hivemq] [f3abad5d] INFO  - Started HiveMQ in 32748ms
2025-01-29 22:19:18,013 INFO c.h.h.t.HelmChartContainer - [test-hivemq-platform] [hivemq] [f3abad5d] INFO  - [HiveMQ Platform Operator Init App 1.7.0-SNAPSHOT] Returning Health API response 200 for readiness
2025-01-29 22:19:18,023 INFO c.h.h.t.HelmChartContainer - [POD] test-hivemq-platform-1 [f3abad5d-24bc-4ce4-974c-6648348ef9b5] in helmcustomconfigit was MODIFIED
2025-01-29 22:19:18,041 INFO c.h.h.t.HelmChartContainer - [hivemq-test-hivemq-platform] [hivemq-platform-operator] [4c787465] 22:19:18.030 [pool-6-thread-37] DEBUG c.h.p.o.d.PlatformServiceResource - [helmcust] Desired Platform services (3 services)
2025-01-29 22:19:18,041 INFO c.h.h.t.HelmChartContainer - [hivemq-test-hivemq-platform] [hivemq-platform-operator] [4c787465] 22:19:18.032 [pool-6-thread-34] DEBUG c.h.p.o.dependants.PodInfoConfigMap - [helmcust] Desired PodInfo ConfigMap (1 extensions) (1 enabled)
2025-01-29 22:19:18,041 INFO c.h.h.t.HelmChartContainer - [hivemq-test-hivemq-platform] [hivemq-platform-operator] [4c787465] 22:19:18.033 [pool-6-thread-34] DEBUG c.h.p.o.dependants.PodInfoConfigMap - [helmcust] Desired PodInfo ConfigMap (metrics port: 9399) (metrics path: /)
2025-01-29 22:19:18,041 INFO c.h.h.t.HelmChartContainer - [hivemq-test-hivemq-platform] [hivemq-platform-operator] [4c787465] 22:19:18.033 [pool-6-thread-34] DEBUG c.h.p.o.dependants.PodInfoConfigMap - [helmcust] Desired PodInfo ConfigMap (extension state hash: -1817474005)
2025-01-29 22:19:18,041 INFO c.h.h.t.HelmChartContainer - [hivemq-test-hivemq-platform] [hivemq-platform-operator] [4c787465] 22:19:18.032 [pool-6-thread-32] DEBUG c.h.p.o.d.PodServiceAccountResource - [helmcust] Desired PodServiceAccountResource (serviceAccountName: hivemq-platform-pod-test-hivemq-platform)
2025-01-29 22:19:18,047 INFO c.h.h.t.HelmChartContainer - [hivemq-test-hivemq-platform] [hivemq-platform-operator] [4c787465] 22:19:18.043 [pool-6-thread-37] DEBUG c.h.p.o.d.StatefulSetResource - [helmcust] Desired StatefulSet (2 replicas) for status STARTING (READY)
2025-01-29 22:19:18,048 INFO c.h.h.t.HelmChartContainer - [hivemq-test-hivemq-platform] [hivemq-platform-operator] [4c787465] 22:19:18.046 [ReconcilerExecutor-hivemq-controller-122] INFO  c.h.p.o.HiveMQPlatformReconciler - [helmcust] Reconciling HiveMQ Platform 'test-hivemq-platform' in namespace 'helmcustomconfigit'
2025-01-29 22:19:18,049 INFO c.h.h.t.HelmChartContainer - [hivemq-test-hivemq-platform] [hivemq-platform-operator] [4c787465] 22:19:18.046 [ReconcilerExecutor-hivemq-controller-122] DEBUG c.h.p.o.HiveMQPlatformReconciler - [helmcust] Custom Resource Status STARTING - HiveMQ Platform is starting (READY)
2025-01-29 22:19:18,049 INFO c.h.h.t.HelmChartContainer - [hivemq-test-hivemq-platform] [hivemq-platform-operator] [4c787465] 22:19:18.046 [ReconcilerExecutor-hivemq-controller-122] DEBUG c.h.p.o.HiveMQPlatformReconciler - [helmcust] Custom Resource Spec (replicas: 2) (extensions: 1)
2025-01-29 22:19:18,049 INFO c.h.h.t.HelmChartContainer - [hivemq-test-hivemq-platform] [hivemq-platform-operator] [4c787465] 22:19:18.048 [ReconcilerExecutor-hivemq-controller-122] DEBUG c.h.p.o.HiveMQPlatformReconciler - [helmcust] StatefulSet Status (revision: test-hivemq-platform-7f5f89548, replicas: 2, available: 2, ready: 2, current: 2, updated: 2)
2025-01-29 22:19:18,049 INFO c.h.h.t.HelmChartContainer - [hivemq-test-hivemq-platform] [hivemq-platform-operator] [4c787465] 22:19:18.048 [ReconcilerExecutor-hivemq-controller-122] DEBUG c.h.p.o.HiveMQPlatformReconciler - [helmcust] StatefulSet Spec (replicas: 2, init containers: 1, containers: 1, volumes: 3)
2025-01-29 22:19:18,127 INFO c.h.h.t.HelmChartContainer - [hivemq-test-hivemq-platform] [hivemq-platform-operator] [4c787465] 22:19:18.126 [ReconcilerExecutor-hivemq-controller-122] DEBUG c.h.p.o.h.HiveMQPlatformReconcilerErrorHandler - [helmcust] Pod 'test-hivemq-platform-1' phase Running
2025-01-29 22:19:18,128 INFO c.h.h.t.HelmChartContainer - [hivemq-test-hivemq-platform] [hivemq-platform-operator] [4c787465] 22:19:18.128 [ReconcilerExecutor-hivemq-controller-122] DEBUG c.h.p.o.h.HiveMQPlatformReconcilerErrorHandler - [helmcust] Pod 'test-hivemq-platform-0' phase Running
2025-01-29 22:19:18,129 INFO c.h.h.t.HelmChartContainer - [hivemq-test-hivemq-platform] [hivemq-platform-operator] [4c787465] 22:19:18.128 [ReconcilerExecutor-hivemq-controller-122] INFO  c.h.p.o.h.HiveMQPlatformReconcilerBaseHandler - [helmcust] HiveMQ Platform started successfully
2025-01-29 22:19:18,230 INFO c.h.h.t.HelmChartContainer - [hivemq-test-hivemq-platform] [hivemq-platform-operator] [4c787465] 22:19:18.229 [ReconcilerExecutor-hivemq-controller-122] DEBUG c.h.p.operator.event.EventSender - [helmcust] Creating K8s event hivemq-platform-ready: [Ready] HiveMQ Platform is ready
2025-01-29 22:19:18,233 INFO c.h.h.t.HelmChartContainer - [EVENT] Normal [Ready] HiveMQ Platform is ready [helmcustomconfigit:test-hivemq-platform]
2025-01-29 22:19:18,234 INFO c.h.h.t.HelmChartContainer - [hivemq-test-hivemq-platform] [hivemq-platform-operator] [4c787465] 22:19:18.233 [ReconcilerExecutor-hivemq-controller-122] INFO  c.h.p.o.h.AbstractHiveMQReconcilerStateHandler - [helmcust] Update HiveMQ Platform Status (STARTING [READY] -> RUNNING [READY]): HiveMQ Platform is ready
2025-01-29 22:19:18,241 DEBUG com.hivemq.helmcharts.util.K8sUtil - Comparing actual state 'RUNNING' and waiting for 'RUNNING'
2025-01-29 22:19:18,246 INFO c.h.h.t.HelmChartContainer - [hivemq-test-hivemq-platform] [hivemq-platform-operator] [4c787465] 22:19:18.243 [pool-6-thread-41] DEBUG c.h.p.o.d.PlatformServiceResource - [helmcust] Desired Platform services (3 services)
2025-01-29 22:19:18,246 INFO c.h.h.t.HelmChartContainer - [hivemq-test-hivemq-platform] [hivemq-platform-operator] [4c787465] 22:19:18.244 [pool-6-thread-44] DEBUG c.h.p.o.dependants.PodInfoConfigMap - [helmcust] Desired PodInfo ConfigMap (1 extensions) (1 enabled)
2025-01-29 22:19:18,246 INFO c.h.h.t.HelmChartContainer - [hivemq-test-hivemq-platform] [hivemq-platform-operator] [4c787465] 22:19:18.245 [pool-6-thread-44] DEBUG c.h.p.o.dependants.PodInfoConfigMap - [helmcust] Desired PodInfo ConfigMap (metrics port: 9399) (metrics path: /)
2025-01-29 22:19:18,246 INFO c.h.h.t.HelmChartContainer - [hivemq-test-hivemq-platform] [hivemq-platform-operator] [4c787465] 22:19:18.245 [pool-6-thread-44] DEBUG c.h.p.o.dependants.PodInfoConfigMap - [helmcust] Desired PodInfo ConfigMap (extension state hash: -1817474005)
2025-01-29 22:19:18,248 INFO c.h.h.t.HelmChartContainer - [hivemq-test-hivemq-platform] [hivemq-platform-operator] [4c787465] 22:19:18.247 [pool-6-thread-44] DEBUG c.h.p.o.dependants.PodInfoConfigMap - [helmcust] Update PodInfo ConfigMap
2025-01-29 22:19:18,248 INFO c.h.h.t.HelmChartContainer - [hivemq-test-hivemq-platform] [hivemq-platform-operator] [4c787465] 22:19:18.247 [pool-6-thread-43] DEBUG c.h.p.o.d.PodServiceAccountResource - [helmcust] Desired PodServiceAccountResource (serviceAccountName: hivemq-platform-pod-test-hivemq-platform)
2025-01-29 22:19:18,330 INFO c.h.h.t.HelmChartContainer - [hivemq-test-hivemq-platform] [hivemq-platform-operator] [4c787465] 22:19:18.329 [pool-6-thread-44] DEBUG c.h.p.o.d.StatefulSetResource - [helmcust] Desired StatefulSet (2 replicas) for status RUNNING (READY)
2025-01-29 22:19:18,333 INFO c.h.h.t.HelmChartContainer - [hivemq-test-hivemq-platform] [hivemq-platform-operator] [4c787465] 22:19:18.332 [ReconcilerExecutor-hivemq-controller-123] INFO  c.h.p.o.HiveMQPlatformReconciler - [helmcust] Reconciling HiveMQ Platform 'test-hivemq-platform' in namespace 'helmcustomconfigit'
2025-01-29 22:19:18,333 INFO c.h.h.t.HelmChartContainer - [hivemq-test-hivemq-platform] [hivemq-platform-operator] [4c787465] 22:19:18.332 [ReconcilerExecutor-hivemq-controller-123] DEBUG c.h.p.o.HiveMQPlatformReconciler - [helmcust] Custom Resource Status RUNNING - HiveMQ Platform is ready (READY)
2025-01-29 22:19:18,333 INFO c.h.h.t.HelmChartContainer - [hivemq-test-hivemq-platform] [hivemq-platform-operator] [4c787465] 22:19:18.332 [ReconcilerExecutor-hivemq-controller-123] DEBUG c.h.p.o.HiveMQPlatformReconciler - [helmcust] Custom Resource Spec (replicas: 2) (extensions: 1)
2025-01-29 22:19:18,334 INFO c.h.h.t.HelmChartContainer - [hivemq-test-hivemq-platform] [hivemq-platform-operator] [4c787465] 22:19:18.334 [ReconcilerExecutor-hivemq-controller-123] DEBUG c.h.p.o.HiveMQPlatformReconciler - [helmcust] StatefulSet Status (revision: test-hivemq-platform-7f5f89548, replicas: 2, available: 2, ready: 2, current: 2, updated: 2)
2025-01-29 22:19:18,334 INFO c.h.h.t.HelmChartContainer - [hivemq-test-hivemq-platform] [hivemq-platform-operator] [4c787465] 22:19:18.334 [ReconcilerExecutor-hivemq-controller-123] DEBUG c.h.p.o.HiveMQPlatformReconciler - [helmcust] StatefulSet Spec (replicas: 2, init containers: 1, containers: 1, volumes: 3)
2025-01-29 22:19:18,336 INFO c.h.h.t.HelmChartContainer - [hivemq-test-hivemq-platform] [hivemq-platform-operator] [4c787465] 22:19:18.335 [ReconcilerExecutor-hivemq-controller-123] DEBUG c.h.p.o.h.HiveMQPlatformReconcilerErrorHandler - [helmcust] Pod 'test-hivemq-platform-1' phase Running
2025-01-29 22:19:18,337 INFO c.h.h.t.HelmChartContainer - [hivemq-test-hivemq-platform] [hivemq-platform-operator] [4c787465] 22:19:18.336 [ReconcilerExecutor-hivemq-controller-123] DEBUG c.h.p.o.h.HiveMQPlatformReconcilerErrorHandler - [helmcust] Pod 'test-hivemq-platform-0' phase Running
2025-01-29 22:19:20,259 INFO c.h.h.t.HelmChartContainer - Uninstalling release 'test-hivemq-platform' in namespace 'helmcustomconfigit'...
2025-01-29 22:19:20,259 DEBUG c.h.h.t.HelmChartContainer - Executing helm command: /bin/helm --kubeconfig /etc/rancher/k3s/k3s.yaml uninstall test-hivemq-platform  --wait --timeout 5m0s --cascade foreground --namespace helmcustomconfigit
2025-01-29 22:19:20,469 INFO c.h.h.t.HelmChartContainer - [hivemq-test-hivemq-platform] [hivemq-platform-operator] [4c787465] 22:19:20.463 [pool-6-thread-9] DEBUG c.h.p.o.d.PlatformServiceResource - [helmcust] Desired Platform services (3 services)
2025-01-29 22:19:20,469 INFO c.h.h.t.HelmChartContainer - [hivemq-test-hivemq-platform] [hivemq-platform-operator] [4c787465] 22:19:20.464 [pool-6-thread-5] DEBUG c.h.p.o.dependants.PodInfoConfigMap - [helmcust] Desired PodInfo ConfigMap (1 extensions) (1 enabled)
2025-01-29 22:19:20,469 INFO c.h.h.t.HelmChartContainer - [hivemq-test-hivemq-platform] [hivemq-platform-operator] [4c787465] 22:19:20.465 [pool-6-thread-5] DEBUG c.h.p.o.dependants.PodInfoConfigMap - [helmcust] Desired PodInfo ConfigMap (metrics port: 9399) (metrics path: /)
2025-01-29 22:19:20,469 INFO c.h.h.t.HelmChartContainer - [hivemq-test-hivemq-platform] [hivemq-platform-operator] [4c787465] 22:19:20.465 [pool-6-thread-5] DEBUG c.h.p.o.dependants.PodInfoConfigMap - [helmcust] Desired PodInfo ConfigMap (extension state hash: -1817474005)
2025-01-29 22:19:20,469 INFO c.h.h.t.HelmChartContainer - [hivemq-test-hivemq-platform] [hivemq-platform-operator] [4c787465] 22:19:20.466 [pool-6-thread-1] DEBUG c.h.p.o.d.PodServiceAccountResource - [helmcust] Desired PodServiceAccountResource (serviceAccountName: hivemq-platform-pod-test-hivemq-platform)
2025-01-29 22:19:20,476 INFO c.h.h.t.HelmChartContainer - [hivemq-test-hivemq-platform] [hivemq-platform-operator] [4c787465] 22:19:20.475 [pool-6-thread-2] DEBUG c.h.p.o.d.StatefulSetResource - [helmcust] Desired StatefulSet (2 replicas) for status RUNNING (READY)
2025-01-29 22:19:20,534 INFO c.h.h.t.HelmChartContainer - [hivemq-test-hivemq-platform] [hivemq-platform-operator] [4c787465] 22:19:20.531 [ReconcilerExecutor-hivemq-controller-124] INFO  c.h.p.o.HiveMQPlatformReconciler - [helmcust] Reconciling HiveMQ Platform 'test-hivemq-platform' in namespace 'helmcustomconfigit'
2025-01-29 22:19:20,534 INFO c.h.h.t.HelmChartContainer - [hivemq-test-hivemq-platform] [hivemq-platform-operator] [4c787465] 22:19:20.531 [ReconcilerExecutor-hivemq-controller-124] DEBUG c.h.p.o.HiveMQPlatformReconciler - [helmcust] Custom Resource Status RUNNING - HiveMQ Platform is ready (READY)
2025-01-29 22:19:20,534 INFO c.h.h.t.HelmChartContainer - [hivemq-test-hivemq-platform] [hivemq-platform-operator] [4c787465] 22:19:20.531 [ReconcilerExecutor-hivemq-controller-124] DEBUG c.h.p.o.HiveMQPlatformReconciler - [helmcust] Custom Resource Spec (replicas: 2) (extensions: 1)
2025-01-29 22:19:20,534 INFO c.h.h.t.HelmChartContainer - [hivemq-test-hivemq-platform] [hivemq-platform-operator] [4c787465] 22:19:20.531 [ReconcilerExecutor-hivemq-controller-124] WARN  c.h.p.o.h.HiveMQPlatformReconcilerErrorHandler - [helmcust] Could not find ConfigMap 'hivemq-configuration-test-hivemq-platform' for HiveMQ Platform configuration
2025-01-29 22:19:20,639 INFO c.h.h.t.HelmChartContainer - [hivemq-test-hivemq-platform] [hivemq-platform-operator] [4c787465] 22:19:20.636 [ReconcilerExecutor-hivemq-controller-124] DEBUG c.h.p.operator.event.EventSender - [helmcust] Creating K8s event hivemq-platform-invalid-configuration: [Start] Could not find ConfigMap 'hivemq-configuration-test-hivemq-platform' for HiveMQ Platform configuration
2025-01-29 22:19:20,642 INFO c.h.h.t.HelmChartContainer - [EVENT] Warning [Start] Could not find ConfigMap 'hivemq-configuration-test-hivemq-platform' for HiveMQ Platform configuration [helmcustomconfigit:test-hivemq-platform]
2025-01-29 22:19:20,644 INFO c.h.h.t.HelmChartContainer - [hivemq-test-hivemq-platform] [hivemq-platform-operator] [4c787465] 22:19:20.643 [ReconcilerExecutor-hivemq-controller-124] INFO  c.h.p.o.h.AbstractHiveMQReconcilerStateHandler - [helmcust] Update HiveMQ Platform Status (RUNNING [READY] -> ERROR [INVALID_CONFIG_MAP]): Could not find ConfigMap 'hivemq-configuration-test-hivemq-platform' for HiveMQ Platform configuration
2025-01-29 22:19:20,730 INFO c.h.h.t.HelmChartContainer - [hivemq-test-hivemq-platform] [hivemq-platform-operator] [4c787465] 22:19:20.726 [ReconcilerExecutor-hivemq-controller-124] ERROR i.j.o.p.event.EventProcessor - Error during event processing ExecutionScope{ resource id: ResourceID{name='test-hivemq-platform', namespace='helmcustomconfigit'}, version: 1558}
2025-01-29 22:19:20,730 INFO c.h.h.t.HelmChartContainer - [hivemq-test-hivemq-platform] [hivemq-platform-operator] [4c787465] io.fabric8.kubernetes.client.KubernetesClientException: Failure executing: PUT at: https://10.43.0.1:443/apis/hivemq.com/v1/namespaces/helmcustomconfigit/hivemq-platforms/test-hivemq-platform/status. Message: Operation cannot be fulfilled on hivemq-platforms.hivemq.com "test-hivemq-platform": the object has been modified; please apply your changes to the latest version and try again. Received status: Status(apiVersion=v1, code=409, details=StatusDetails(causes=[], group=hivemq.com, kind=hivemq-platforms, name=test-hivemq-platform, retryAfterSeconds=null, uid=null, additionalProperties={}), kind=Status, message=Operation cannot be fulfilled on hivemq-platforms.hivemq.com "test-hivemq-platform": the object has been modified; please apply your changes to the latest version and try again, metadata=ListMeta(_continue=null, remainingItemCount=null, resourceVersion=null, selfLink=null, additionalProperties={}), reason=Conflict, status=Failure, additionalProperties={}).
2025-01-29 22:19:20,730 INFO c.h.h.t.HelmChartContainer - [hivemq-test-hivemq-platform] [hivemq-platform-operator] [4c787465] 	at io.fabric8.kubernetes.client.KubernetesClientException.copyAsCause(KubernetesClientException.java:238)
2025-01-29 22:19:20,730 INFO c.h.h.t.HelmChartContainer - [hivemq-test-hivemq-platform] [hivemq-platform-operator] [4c787465] 	at io.fabric8.kubernetes.client.dsl.internal.OperationSupport.waitForResult(OperationSupport.java:507)
2025-01-29 22:19:20,730 INFO c.h.h.t.HelmChartContainer - [hivemq-test-hivemq-platform] [hivemq-platform-operator] [4c787465] 	at io.fabric8.kubernetes.client.dsl.internal.OperationSupport.handleResponse(OperationSupport.java:524)
2025-01-29 22:19:20,730 INFO c.h.h.t.HelmChartContainer - [hivemq-test-hivemq-platform] [hivemq-platform-operator] [4c787465] 	at io.fabric8.kubernetes.client.dsl.internal.OperationSupport.handleUpdate(OperationSupport.java:358)
2025-01-29 22:19:20,730 INFO c.h.h.t.HelmChartContainer - [hivemq-test-hivemq-platform] [hivemq-platform-operator] [4c787465] 	at io.fabric8.kubernetes.client.dsl.internal.BaseOperation.handleUpdate(BaseOperation.java:759)
2025-01-29 22:19:20,730 INFO c.h.h.t.HelmChartContainer - [hivemq-test-hivemq-platform] [hivemq-platform-operator] [4c787465] 	at io.fabric8.kubernetes.client.dsl.internal.HasMetadataOperation.update(HasMetadataOperation.java:138)
2025-01-29 22:19:20,730 INFO c.h.h.t.HelmChartContainer - [hivemq-test-hivemq-platform] [hivemq-platform-operator] [4c787465] 	at io.fabric8.kubernetes.client.dsl.internal.HasMetadataOperation.update(HasMetadataOperation.java:121)
2025-01-29 22:19:20,730 INFO c.h.h.t.HelmChartContainer - [hivemq-test-hivemq-platform] [hivemq-platform-operator] [4c787465] 	at io.fabric8.kubernetes.client.dsl.internal.HasMetadataOperation.updateStatus(HasMetadataOperation.java:126)
2025-01-29 22:19:20,730 INFO c.h.h.t.HelmChartContainer - [hivemq-test-hivemq-platform] [hivemq-platform-operator] [4c787465] 	at io.fabric8.kubernetes.client.dsl.internal.HasMetadataOperation.updateStatus(HasMetadataOperation.java:44)
2025-01-29 22:19:20,730 INFO c.h.h.t.HelmChartContainer - [hivemq-test-hivemq-platform] [hivemq-platform-operator] [4c787465] 	at io.javaoperatorsdk.operator.processing.event.ReconciliationDispatcher$CustomResourceFacade.updateStatus(ReconciliationDispatcher.java:408)
2025-01-29 22:19:20,730 INFO c.h.h.t.HelmChartContainer - [hivemq-test-hivemq-platform] [hivemq-platform-operator] [4c787465] 	at io.javaoperatorsdk.operator.processing.event.ReconciliationDispatcher.updateStatusGenerationAware(ReconciliationDispatcher.java:228)
2025-01-29 22:19:20,730 INFO c.h.h.t.HelmChartContainer - [hivemq-test-hivemq-platform] [hivemq-platform-operator] [4c787465] 	at io.javaoperatorsdk.operator.processing.event.ReconciliationDispatcher.reconcileExecution(ReconciliationDispatcher.java:150)
2025-01-29 22:19:20,730 INFO c.h.h.t.HelmChartContainer - [hivemq-test-hivemq-platform] [hivemq-platform-operator] [4c787465] 	at io.javaoperatorsdk.operator.processing.event.ReconciliationDispatcher.handleReconcile(ReconciliationDispatcher.java:117)
2025-01-29 22:19:20,730 INFO c.h.h.t.HelmChartContainer - [hivemq-test-hivemq-platform] [hivemq-platform-operator] [4c787465] 	at io.javaoperatorsdk.operator.processing.event.ReconciliationDispatcher.handleDispatch(ReconciliationDispatcher.java:91)
2025-01-29 22:19:20,730 INFO c.h.h.t.HelmChartContainer - [hivemq-test-hivemq-platform] [hivemq-platform-operator] [4c787465] 	at io.javaoperatorsdk.operator.processing.event.ReconciliationDispatcher.handleExecution(ReconciliationDispatcher.java:64)
2025-01-29 22:19:20,730 INFO c.h.h.t.HelmChartContainer - [hivemq-test-hivemq-platform] [hivemq-platform-operator] [4c787465] 	at io.javaoperatorsdk.operator.processing.event.EventProcessor$ReconcilerExecutor.run(EventProcessor.java:452)
2025-01-29 22:19:20,730 INFO c.h.h.t.HelmChartContainer - [hivemq-test-hivemq-platform] [hivemq-platform-operator] [4c787465] 	at java.base/java.util.concurrent.ThreadPoolExecutor.runWorker(Unknown Source)
2025-01-29 22:19:20,730 INFO c.h.h.t.HelmChartContainer - [hivemq-test-hivemq-platform] [hivemq-platform-operator] [4c787465] 	at java.base/java.util.concurrent.ThreadPoolExecutor$Worker.run(Unknown Source)
2025-01-29 22:19:20,730 INFO c.h.h.t.HelmChartContainer - [hivemq-test-hivemq-platform] [hivemq-platform-operator] [4c787465] 	at java.base/java.lang.Thread.run(Unknown Source)
2025-01-29 22:19:20,730 INFO c.h.h.t.HelmChartContainer - [hivemq-test-hivemq-platform] [hivemq-platform-operator] [4c787465] Caused by: io.fabric8.kubernetes.client.KubernetesClientException: Failure executing: PUT at: https://10.43.0.1:443/apis/hivemq.com/v1/namespaces/helmcustomconfigit/hivemq-platforms/test-hivemq-platform/status. Message: Operation cannot be fulfilled on hivemq-platforms.hivemq.com "test-hivemq-platform": the object has been modified; please apply your changes to the latest version and try again. Received status: Status(apiVersion=v1, code=409, details=StatusDetails(causes=[], group=hivemq.com, kind=hivemq-platforms, name=test-hivemq-platform, retryAfterSeconds=null, uid=null, additionalProperties={}), kind=Status, message=Operation cannot be fulfilled on hivemq-platforms.hivemq.com "test-hivemq-platform": the object has been modified; please apply your changes to the latest version and try again, metadata=ListMeta(_continue=null, remainingItemCount=null, resourceVersion=null, selfLink=null, additionalProperties={}), reason=Conflict, status=Failure, additionalProperties={}).
2025-01-29 22:19:20,730 INFO c.h.h.t.HelmChartContainer - [hivemq-test-hivemq-platform] [hivemq-platform-operator] [4c787465] 	at io.fabric8.kubernetes.client.dsl.internal.OperationSupport.requestFailure(OperationSupport.java:660)
2025-01-29 22:19:20,730 INFO c.h.h.t.HelmChartContainer - [hivemq-test-hivemq-platform] [hivemq-platform-operator] [4c787465] 	at io.fabric8.kubernetes.client.dsl.internal.OperationSupport.requestFailure(OperationSupport.java:640)
2025-01-29 22:19:20,731 INFO c.h.h.t.HelmChartContainer - [hivemq-test-hivemq-platform] [hivemq-platform-operator] [4c787465] 	at io.fabric8.kubernetes.client.dsl.internal.OperationSupport.assertResponseCode(OperationSupport.java:589)
2025-01-29 22:19:20,731 INFO c.h.h.t.HelmChartContainer - [hivemq-test-hivemq-platform] [hivemq-platform-operator] [4c787465] 	at io.fabric8.kubernetes.client.dsl.internal.OperationSupport.lambda$handleResponse$0(OperationSupport.java:549)
2025-01-29 22:19:20,731 INFO c.h.h.t.HelmChartContainer - [hivemq-test-hivemq-platform] [hivemq-platform-operator] [4c787465] 	at java.base/java.util.concurrent.CompletableFuture$UniApply.tryFire(Unknown Source)
2025-01-29 22:19:20,731 INFO c.h.h.t.HelmChartContainer - [hivemq-test-hivemq-platform] [hivemq-platform-operator] [4c787465] 	at java.base/java.util.concurrent.CompletableFuture.postComplete(Unknown Source)
2025-01-29 22:19:20,731 INFO c.h.h.t.HelmChartContainer - [hivemq-test-hivemq-platform] [hivemq-platform-operator] [4c787465] 	at java.base/java.util.concurrent.CompletableFuture.complete(Unknown Source)
2025-01-29 22:19:20,731 INFO c.h.h.t.HelmChartContainer - [hivemq-test-hivemq-platform] [hivemq-platform-operator] [4c787465] 	at io.fabric8.kubernetes.client.http.StandardHttpClient.lambda$completeOrCancel$10(StandardHttpClient.java:141)
2025-01-29 22:19:20,731 INFO c.h.h.t.HelmChartContainer - [hivemq-test-hivemq-platform] [hivemq-platform-operator] [4c787465] 	at java.base/java.util.concurrent.CompletableFuture.uniWhenComplete(Unknown Source)
2025-01-29 22:19:20,731 INFO c.h.h.t.HelmChartContainer - [hivemq-test-hivemq-platform] [hivemq-platform-operator] [4c787465] 	at java.base/java.util.concurrent.CompletableFuture$UniWhenComplete.tryFire(Unknown Source)
2025-01-29 22:19:20,731 INFO c.h.h.t.HelmChartContainer - [hivemq-test-hivemq-platform] [hivemq-platform-operator] [4c787465] 	at java.base/java.util.concurrent.CompletableFuture.postComplete(Unknown Source)
2025-01-29 22:19:20,731 INFO c.h.h.t.HelmChartContainer - [hivemq-test-hivemq-platform] [hivemq-platform-operator] [4c787465] 	at java.base/java.util.concurrent.CompletableFuture.complete(Unknown Source)
2025-01-29 22:19:20,731 INFO c.h.h.t.HelmChartContainer - [hivemq-test-hivemq-platform] [hivemq-platform-operator] [4c787465] 	at io.fabric8.kubernetes.client.http.ByteArrayBodyHandler.onBodyDone(ByteArrayBodyHandler.java:51)
2025-01-29 22:19:20,731 INFO c.h.h.t.HelmChartContainer - [hivemq-test-hivemq-platform] [hivemq-platform-operator] [4c787465] 	at java.base/java.util.concurrent.CompletableFuture.uniWhenComplete(Unknown Source)
2025-01-29 22:19:20,731 INFO c.h.h.t.HelmChartContainer - [hivemq-test-hivemq-platform] [hivemq-platform-operator] [4c787465] 	at java.base/java.util.concurrent.CompletableFuture$UniWhenComplete.tryFire(Unknown Source)
2025-01-29 22:19:20,731 INFO c.h.h.t.HelmChartContainer - [hivemq-test-hivemq-platform] [hivemq-platform-operator] [4c787465] 	at java.base/java.util.concurrent.CompletableFuture.postComplete(Unknown Source)
2025-01-29 22:19:20,731 INFO c.h.h.t.HelmChartContainer - [hivemq-test-hivemq-platform] [hivemq-platform-operator] [4c787465] 	at java.base/java.util.concurrent.CompletableFuture.complete(Unknown Source)
2025-01-29 22:19:20,731 INFO c.h.h.t.HelmChartContainer - [hivemq-test-hivemq-platform] [hivemq-platform-operator] [4c787465] 	at io.fabric8.kubernetes.client.vertx.VertxHttpRequest.lambda$null$1(VertxHttpRequest.java:121)
2025-01-29 22:19:20,731 INFO c.h.h.t.HelmChartContainer - [hivemq-test-hivemq-platform] [hivemq-platform-operator] [4c787465] 	at io.vertx.core.impl.ContextInternal.dispatch(ContextInternal.java:279)
2025-01-29 22:19:20,731 INFO c.h.h.t.HelmChartContainer - [hivemq-test-hivemq-platform] [hivemq-platform-operator] [4c787465] 	at io.vertx.core.impl.ContextInternal.dispatch(ContextInternal.java:261)
2025-01-29 22:19:20,731 INFO c.h.h.t.HelmChartContainer - [hivemq-test-hivemq-platform] [hivemq-platform-operator] [4c787465] 	at io.vertx.core.http.impl.HttpEventHandler.handleEnd(HttpEventHandler.java:76)
2025-01-29 22:19:20,731 INFO c.h.h.t.HelmChartContainer - [hivemq-test-hivemq-platform] [hivemq-platform-operator] [4c787465] 	at io.vertx.core.http.impl.HttpClientResponseImpl.handleEnd(HttpClientResponseImpl.java:250)
2025-01-29 22:19:20,731 INFO c.h.h.t.HelmChartContainer - [hivemq-test-hivemq-platform] [hivemq-platform-operator] [4c787465] 	at io.vertx.core.http.impl.Http1xClientConnection$StreamImpl.lambda$new$0(Http1xClientConnection.java:421)
2025-01-29 22:19:20,731 INFO c.h.h.t.HelmChartContainer - [hivemq-test-hivemq-platform] [hivemq-platform-operator] [4c787465] 	at io.vertx.core.streams.impl.InboundBuffer.handleEvent(InboundBuffer.java:279)
2025-01-29 22:19:20,731 INFO c.h.h.t.HelmChartContainer - [hivemq-test-hivemq-platform] [hivemq-platform-operator] [4c787465] 	at io.vertx.core.streams.impl.InboundBuffer.write(InboundBuffer.java:157)
2025-01-29 22:19:20,734 INFO c.h.h.t.HelmChartContainer - [hivemq-test-hivemq-platform] [hivemq-platform-operator] [4c787465] 	at io.vertx.core.http.impl.Http1xClientConnection$StreamImpl.handleEnd(Http1xClientConnection.java:709)
2025-01-29 22:19:20,734 INFO c.h.h.t.HelmChartContainer - [hivemq-test-hivemq-platform] [hivemq-platform-operator] [4c787465] 	at io.vertx.core.impl.ContextImpl.execute(ContextImpl.java:313)
2025-01-29 22:19:20,734 INFO c.h.h.t.HelmChartContainer - [hivemq-test-hivemq-platform] [hivemq-platform-operator] [4c787465] 	at io.vertx.core.impl.ContextImpl.execute(ContextImpl.java:293)
2025-01-29 22:19:20,734 INFO c.h.h.t.HelmChartContainer - [hivemq-test-hivemq-platform] [hivemq-platform-operator] [4c787465] 	at io.vertx.core.http.impl.Http1xClientConnection.handleResponseEnd(Http1xClientConnection.java:940)
2025-01-29 22:19:20,734 INFO c.h.h.t.HelmChartContainer - [hivemq-test-hivemq-platform] [hivemq-platform-operator] [4c787465] 	at io.vertx.core.http.impl.Http1xClientConnection.handleHttpMessage(Http1xClientConnection.java:810)
2025-01-29 22:19:20,734 INFO c.h.h.t.HelmChartContainer - [hivemq-test-hivemq-platform] [hivemq-platform-operator] [4c787465] 	at io.vertx.core.http.impl.Http1xClientConnection.handleMessage(Http1xClientConnection.java:774)
2025-01-29 22:19:20,734 INFO c.h.h.t.HelmChartContainer - [hivemq-test-hivemq-platform] [hivemq-platform-operator] [4c787465] 	at io.vertx.core.net.impl.ConnectionBase.read(ConnectionBase.java:159)
2025-01-29 22:19:20,734 INFO c.h.h.t.HelmChartContainer - [hivemq-test-hivemq-platform] [hivemq-platform-operator] [4c787465] 	at io.vertx.core.net.impl.VertxHandler.channelRead(VertxHandler.java:153)
2025-01-29 22:19:20,734 INFO c.h.h.t.HelmChartContainer - [hivemq-test-hivemq-platform] [hivemq-platform-operator] [4c787465] 	at io.netty.channel.AbstractChannelHandlerContext.invokeChannelRead(AbstractChannelHandlerContext.java:442)
2025-01-29 22:19:20,734 INFO c.h.h.t.HelmChartContainer - [hivemq-test-hivemq-platform] [hivemq-platform-operator] [4c787465] 	at io.netty.channel.AbstractChannelHandlerContext.invokeChannelRead(AbstractChannelHandlerContext.java:420)
2025-01-29 22:19:20,734 INFO c.h.h.t.HelmChartContainer - [hivemq-test-hivemq-platform] [hivemq-platform-operator] [4c787465] 	at io.netty.channel.AbstractChannelHandlerContext.fireChannelRead(AbstractChannelHandlerContext.java:412)
2025-01-29 22:19:20,734 INFO c.h.h.t.HelmChartContainer - [hivemq-test-hivemq-platform] [hivemq-platform-operator] [4c787465] 	at io.netty.channel.CombinedChannelDuplexHandler$DelegatingChannelHandlerContext.fireChannelRead(CombinedChannelDuplexHandler.java:436)
2025-01-29 22:19:20,734 INFO c.h.h.t.HelmChartContainer - [hivemq-test-hivemq-platform] [hivemq-platform-operator] [4c787465] 	at io.netty.handler.codec.ByteToMessageDecoder.fireChannelRead(ByteToMessageDecoder.java:346)
2025-01-29 22:19:20,734 INFO c.h.h.t.HelmChartContainer - [hivemq-test-hivemq-platform] [hivemq-platform-operator] [4c787465] 	at io.netty.handler.codec.ByteToMessageDecoder.channelRead(ByteToMessageDecoder.java:318)
2025-01-29 22:19:20,734 INFO c.h.h.t.HelmChartContainer - [hivemq-test-hivemq-platform] [hivemq-platform-operator] [4c787465] 	at io.netty.channel.CombinedChannelDuplexHandler.channelRead(CombinedChannelDuplexHandler.java:251)
2025-01-29 22:19:20,734 INFO c.h.h.t.HelmChartContainer - [hivemq-test-hivemq-platform] [hivemq-platform-operator] [4c787465] 	at io.netty.channel.AbstractChannelHandlerContext.invokeChannelRead(AbstractChannelHandlerContext.java:442)
2025-01-29 22:19:20,734 INFO c.h.h.t.HelmChartContainer - [hivemq-test-hivemq-platform] [hivemq-platform-operator] [4c787465] 	at io.netty.channel.AbstractChannelHandlerContext.invokeChannelRead(AbstractChannelHandlerContext.java:420)
2025-01-29 22:19:20,734 INFO c.h.h.t.HelmChartContainer - [hivemq-test-hivemq-platform] [hivemq-platform-operator] [4c787465] 	at io.netty.channel.AbstractChannelHandlerContext.fireChannelRead(AbstractChannelHandlerContext.java:412)
2025-01-29 22:19:20,734 INFO c.h.h.t.HelmChartContainer - [hivemq-test-hivemq-platform] [hivemq-platform-operator] [4c787465] 	at io.netty.handler.ssl.SslHandler.unwrap(SslHandler.java:1475)
2025-01-29 22:19:20,734 INFO c.h.h.t.HelmChartContainer - [hivemq-test-hivemq-platform] [hivemq-platform-operator] [4c787465] 	at io.netty.handler.ssl.SslHandler.decodeJdkCompatible(SslHandler.java:1338)
2025-01-29 22:19:20,734 INFO c.h.h.t.HelmChartContainer - [hivemq-test-hivemq-platform] [hivemq-platform-operator] [4c787465] 	at io.netty.handler.ssl.SslHandler.decode(SslHandler.java:1387)
2025-01-29 22:19:20,734 INFO c.h.h.t.HelmChartContainer - [hivemq-test-hivemq-platform] [hivemq-platform-operator] [4c787465] 	at io.netty.handler.codec.ByteToMessageDecoder.decodeRemovalReentryProtection(ByteToMessageDecoder.java:530)
2025-01-29 22:19:20,734 INFO c.h.h.t.HelmChartContainer - [hivemq-test-hivemq-platform] [hivemq-platform-operator] [4c787465] 	at io.netty.handler.codec.ByteToMessageDecoder.callDecode(ByteToMessageDecoder.java:469)
2025-01-29 22:19:20,734 INFO c.h.h.t.HelmChartContainer - [hivemq-test-hivemq-platform] [hivemq-platform-operator] [4c787465] 	at io.netty.handler.codec.ByteToMessageDecoder.channelRead(ByteToMessageDecoder.java:290)
2025-01-29 22:19:20,734 INFO c.h.h.t.HelmChartContainer - [hivemq-test-hivemq-platform] [hivemq-platform-operator] [4c787465] 	at io.netty.channel.AbstractChannelHandlerContext.invokeChannelRead(AbstractChannelHandlerContext.java:444)
2025-01-29 22:19:20,734 INFO c.h.h.t.HelmChartContainer - [hivemq-test-hivemq-platform] [hivemq-platform-operator] [4c787465] 	at io.netty.channel.AbstractChannelHandlerContext.invokeChannelRead(AbstractChannelHandlerContext.java:420)
2025-01-29 22:19:20,734 INFO c.h.h.t.HelmChartContainer - [hivemq-test-hivemq-platform] [hivemq-platform-operator] [4c787465] 	at io.netty.channel.AbstractChannelHandlerContext.fireChannelRead(AbstractChannelHandlerContext.java:412)
2025-01-29 22:19:20,734 INFO c.h.h.t.HelmChartContainer - [hivemq-test-hivemq-platform] [hivemq-platform-operator] [4c787465] 	at io.netty.channel.DefaultChannelPipeline$HeadContext.channelRead(DefaultChannelPipeline.java:1407)
2025-01-29 22:19:20,734 INFO c.h.h.t.HelmChartContainer - [hivemq-test-hivemq-platform] [hivemq-platform-operator] [4c787465] 	at io.netty.channel.AbstractChannelHandlerContext.invokeChannelRead(AbstractChannelHandlerContext.java:440)
2025-01-29 22:19:20,734 INFO c.h.h.t.HelmChartContainer - [hivemq-test-hivemq-platform] [hivemq-platform-operator] [4c787465] 	at io.netty.channel.AbstractChannelHandlerContext.invokeChannelRead(AbstractChannelHandlerContext.java:420)
2025-01-29 22:19:20,734 INFO c.h.h.t.HelmChartContainer - [hivemq-test-hivemq-platform] [hivemq-platform-operator] [4c787465] 	at io.netty.channel.DefaultChannelPipeline.fireChannelRead(DefaultChannelPipeline.java:918)
2025-01-29 22:19:20,734 INFO c.h.h.t.HelmChartContainer - [hivemq-test-hivemq-platform] [hivemq-platform-operator] [4c787465] 	at io.netty.channel.nio.AbstractNioByteChannel$NioByteUnsafe.read(AbstractNioByteChannel.java:166)
2025-01-29 22:19:20,734 INFO c.h.h.t.HelmChartContainer - [hivemq-test-hivemq-platform] [hivemq-platform-operator] [4c787465] 	at io.netty.channel.nio.NioEventLoop.processSelectedKey(NioEventLoop.java:788)
2025-01-29 22:19:20,734 INFO c.h.h.t.HelmChartContainer - [hivemq-test-hivemq-platform] [hivemq-platform-operator] [4c787465] 	at io.netty.channel.nio.NioEventLoop.processSelectedKeysOptimized(NioEventLoop.java:724)
2025-01-29 22:19:20,734 INFO c.h.h.t.HelmChartContainer - [hivemq-test-hivemq-platform] [hivemq-platform-operator] [4c787465] 	at io.netty.channel.nio.NioEventLoop.processSelectedKeys(NioEventLoop.java:650)
2025-01-29 22:19:20,734 INFO c.h.h.t.HelmChartContainer - [hivemq-test-hivemq-platform] [hivemq-platform-operator] [4c787465] 	at io.netty.channel.nio.NioEventLoop.run(NioEventLoop.java:562)
2025-01-29 22:19:20,734 INFO c.h.h.t.HelmChartContainer - [hivemq-test-hivemq-platform] [hivemq-platform-operator] [4c787465] 	at io.netty.util.concurrent.SingleThreadEventExecutor$4.run(SingleThreadEventExecutor.java:997)
2025-01-29 22:19:20,734 INFO c.h.h.t.HelmChartContainer - [hivemq-test-hivemq-platform] [hivemq-platform-operator] [4c787465] 	at io.netty.util.internal.ThreadExecutorMap$2.run(ThreadExecutorMap.java:74)
2025-01-29 22:19:20,734 INFO c.h.h.t.HelmChartContainer - [hivemq-test-hivemq-platform] [hivemq-platform-operator] [4c787465] 	at io.netty.util.concurrent.FastThreadLocalRunnable.run(FastThreadLocalRunnable.java:30)
2025-01-29 22:19:20,734 INFO c.h.h.t.HelmChartContainer - [hivemq-test-hivemq-platform] [hivemq-platform-operator] [4c787465] 	... 1 common frames omitted
2025-01-29 22:19:20,736 INFO c.h.h.t.HelmChartContainer - [hivemq-test-hivemq-platform] [hivemq-platform-operator] [4c787465] 22:19:20.733 [ReconcilerExecutor-hivemq-controller-127] INFO  c.h.p.o.HiveMQPlatformReconciler - [helmcust] Cleanup test-hivemq-platform - helmcustomconfigit HiveMQ Platform is shut down
2025-01-29 22:19:21,268 INFO c.h.h.t.HelmChartContainer - [POD] test-hivemq-platform-0 [d68760c8-1437-4836-9c63-4c3384b6c9fb] in helmcustomconfigit was MODIFIED
2025-01-29 22:19:21,272 INFO c.h.h.t.HelmChartContainer - [EVENT] Normal [Killing] Stopping container hivemq [helmcustomconfigit:test-hivemq-platform-0]
2025-01-29 22:19:21,272 INFO c.h.h.t.HelmChartContainer - Received Killing event for container hivemq in pod test-hivemq-platform-0 [d68760c8-1437-4836-9c63-4c3384b6c9fb]
2025-01-29 22:19:21,273 INFO c.h.h.t.HelmChartContainer - Container [test-hivemq-platform-0] [hivemq] [d68760c8-1437-4836-9c63-4c3384b6c9fb] was terminated
2025-01-29 22:19:21,273 INFO c.h.h.t.HelmChartContainer - Stopped log watcher for hivemq in pod test-hivemq-platform-0 [d68760c8-1437-4836-9c63-4c3384b6c9fb]
2025-01-29 22:19:21,290 INFO c.h.h.t.HelmChartContainer - [test-hivemq-platform] [hivemq] [d68760c8] INFO  - [HiveMQ Platform Operator Init App 1.7.0-SNAPSHOT] Shutting down
2025-01-29 22:19:21,290 INFO c.h.h.t.HelmChartContainer - [test-hivemq-platform] [hivemq] [d68760c8] INFO  - [HiveMQ Platform Operator Init App 1.7.0-SNAPSHOT] Stopping the HiveMQ Platform
2025-01-29 22:19:21,304 INFO c.h.h.t.HelmChartContainer - [POD] test-hivemq-platform-1 [f3abad5d-24bc-4ce4-974c-6648348ef9b5] in helmcustomconfigit was MODIFIED
2025-01-29 22:19:21,319 INFO c.h.h.t.HelmChartContainer - [EVENT] Normal [Killing] Stopping container hivemq [helmcustomconfigit:test-hivemq-platform-1]
2025-01-29 22:19:21,320 INFO c.h.h.t.HelmChartContainer - Received Killing event for container hivemq in pod test-hivemq-platform-1 [f3abad5d-24bc-4ce4-974c-6648348ef9b5]
2025-01-29 22:19:21,320 INFO c.h.h.t.HelmChartContainer - Container [test-hivemq-platform-1] [hivemq] [f3abad5d-24bc-4ce4-974c-6648348ef9b5] was terminated
2025-01-29 22:19:21,320 INFO c.h.h.t.HelmChartContainer - Stopped log watcher for hivemq in pod test-hivemq-platform-1 [f3abad5d-24bc-4ce4-974c-6648348ef9b5]
2025-01-29 22:19:21,324 INFO c.h.h.t.HelmChartContainer - [test-hivemq-platform] [hivemq] [f3abad5d] INFO  - [HiveMQ Platform Operator Init App 1.7.0-SNAPSHOT] Shutting down
2025-01-29 22:19:21,324 INFO c.h.h.t.HelmChartContainer - [test-hivemq-platform] [hivemq] [f3abad5d] INFO  - [HiveMQ Platform Operator Init App 1.7.0-SNAPSHOT] Stopping the HiveMQ Platform
2025-01-29 22:19:21,415 INFO c.h.h.t.HelmChartContainer - [test-hivemq-platform] [hivemq] [f3abad5d] INFO  - Shutting down HiveMQ. Please wait, this could take a while...
2025-01-29 22:19:21,450 INFO c.h.h.t.HelmChartContainer - [test-hivemq-platform] [hivemq] [f3abad5d] INFO  - Shutting down listeners and clients
2025-01-29 22:19:21,450 INFO c.h.h.t.HelmChartContainer - [test-hivemq-platform] [hivemq] [f3abad5d] INFO  - Shutdown of listeners is done
2025-01-29 22:19:21,450 INFO c.h.h.t.HelmChartContainer - [test-hivemq-platform] [hivemq] [f3abad5d] INFO  - No clients are connected, proceeding with shutdown
2025-01-29 22:19:21,484 INFO c.h.h.t.HelmChartContainer - [K3S] [authentication.go:74] "Unable to authenticate the request" err="[invalid bearer token, serviceaccounts \"hivemq-platform-pod-test-hivemq-platform\" not found]"
2025-01-29 22:19:21,485 INFO c.h.h.t.HelmChartContainer - [test-hivemq-platform] [hivemq] [d68760c8] INFO  - Shutting down HiveMQ. Please wait, this could take a while...
2025-01-29 22:19:21,490 INFO c.h.h.t.HelmChartContainer - [test-hivemq-platform] [hivemq] [d68760c8] INFO  - Shutting down listeners and clients
2025-01-29 22:19:21,493 INFO c.h.h.t.HelmChartContainer - [test-hivemq-platform] [hivemq] [d68760c8] INFO  - Shutdown of listeners is done
2025-01-29 22:19:21,493 INFO c.h.h.t.HelmChartContainer - [test-hivemq-platform] [hivemq] [d68760c8] INFO  - No clients are connected, proceeding with shutdown
2025-01-29 22:19:21,593 INFO c.h.h.t.HelmChartContainer - [K3S] [authentication.go:74] "Unable to authenticate the request" err="[invalid bearer token, serviceaccounts \"hivemq-platform-pod-test-hivemq-platform\" not found]"
2025-01-29 22:19:21,697 INFO c.h.h.t.HelmChartContainer - [test-hivemq-platform] [hivemq] [d68760c8] WARN  - [HiveMQ Platform Operator Init App 1.7.0-SNAPSHOT] Could not update Pod annotations: Failure executing: GET at: https://10.43.0.1:443/api/v1/namespaces/helmcustomconfigit/pods/test-hivemq-platform-0. Message: Unauthorized. Received status: Status(apiVersion=v1, code=401, details=null, kind=Status, message=Unauthorized, metadata=ListMeta(_continue=null, remainingItemCount=null, resourceVersion=null, selfLink=null, additionalProperties={}), reason=Unauthorized, status=Failure, additionalProperties={}).
2025-01-29 22:19:22,524 INFO c.h.h.t.HelmChartContainer - Deleting namespace 'helmcustomconfigit'...
2025-01-29 22:19:23,008 INFO c.h.h.t.HelmChartContainer - [test-hivemq-platform] [hivemq] [f3abad5d] INFO  - [HiveMQ Platform Operator Init App 1.7.0-SNAPSHOT] Returning shutdown Health API response 503 for readiness
2025-01-29 22:19:23,012 INFO c.h.h.t.HelmChartContainer - [EVENT] Warning [Unhealthy] Readiness probe failed: HTTP probe failed with statuscode: 503 [helmcustomconfigit:test-hivemq-platform-1]
2025-01-29 22:19:23,012 INFO c.h.h.t.HelmChartContainer - Received Unhealthy event for container hivemq in pod test-hivemq-platform-1 [f3abad5d-24bc-4ce4-974c-6648348ef9b5]
2025-01-29 22:19:23,462 INFO c.h.h.t.HelmChartContainer - [K3S] [authentication.go:74] "Unable to authenticate the request" err="[invalid bearer token, serviceaccounts \"hivemq-platform-pod-test-hivemq-platform\" not found]"
2025-01-29 22:19:23,473 INFO c.h.h.t.HelmChartContainer - [K3S] [authentication.go:74] "Unable to authenticate the request" err="[invalid bearer token, serviceaccounts \"hivemq-platform-pod-test-hivemq-platform\" not found]"
2025-01-29 22:19:23,484 INFO c.h.h.t.HelmChartContainer - [test-hivemq-platform] [hivemq] [f3abad5d] WARN  - [HiveMQ Platform Operator Init App 1.7.0-SNAPSHOT] Could not update Pod annotations: Failure executing: GET at: https://10.43.0.1:443/api/v1/namespaces/helmcustomconfigit/pods/test-hivemq-platform-1. Message: Unauthorized. Received status: Status(apiVersion=v1, code=401, details=null, kind=Status, message=Unauthorized, metadata=ListMeta(_continue=null, remainingItemCount=null, resourceVersion=null, selfLink=null, additionalProperties={}), reason=Unauthorized, status=Failure, additionalProperties={}).
2025-01-29 22:19:24,411 INFO c.h.h.t.HelmChartContainer - [test-hivemq-platform] [hivemq] [f3abad5d] INFO  - Shutting down extension system
2025-01-29 22:19:24,414 INFO c.h.h.t.HelmChartContainer - [test-hivemq-platform] [hivemq] [f3abad5d] INFO  - Stopping extension with id hivemq-dns-cluster-discovery
2025-01-29 22:19:24,414 INFO c.h.h.t.HelmChartContainer - [test-hivemq-platform] [hivemq] [f3abad5d] INFO  - Extension "DNS Cluster Discovery Extension" version 4.3.2 stopped successfully.
2025-01-29 22:19:24,415 INFO c.h.h.t.HelmChartContainer - [test-hivemq-platform] [hivemq] [f3abad5d] INFO  - Stopping extension with id hivemq-prometheus-extension
2025-01-29 22:19:24,420 INFO c.h.h.t.HelmChartContainer - [test-hivemq-platform] [hivemq] [f3abad5d] INFO  - Extension "Prometheus Monitoring Extension" version 4.0.12 stopped successfully.
2025-01-29 22:19:24,421 INFO c.h.h.t.HelmChartContainer - [test-hivemq-platform] [hivemq] [f3abad5d] INFO  - Stopping extension with id hivemq-allow-all-extension
2025-01-29 22:19:24,421 INFO c.h.h.t.HelmChartContainer - [test-hivemq-platform] [hivemq] [f3abad5d] INFO  - Extension "Allow All Extension" version 1.1.1 stopped successfully.
2025-01-29 22:19:24,425 INFO c.h.h.t.HelmChartContainer - [test-hivemq-platform] [hivemq] [d68760c8] INFO  - Cluster nodes found by discovery: [XWgNh|2] (1) [XWgNh].
2025-01-29 22:19:24,432 INFO c.h.h.t.HelmChartContainer - [test-hivemq-platform] [hivemq] [d68760c8] INFO  - Cluster size = 1, members : [XWgNh].
2025-01-29 22:19:24,990 INFO c.h.h.t.HelmChartContainer - [test-hivemq-platform] [hivemq] [d68760c8] INFO  - Shutting down extension system
2025-01-29 22:19:24,992 INFO c.h.h.t.HelmChartContainer - [test-hivemq-platform] [hivemq] [d68760c8] INFO  - Stopping extension with id hivemq-dns-cluster-discovery
2025-01-29 22:19:24,993 INFO c.h.h.t.HelmChartContainer - [test-hivemq-platform] [hivemq] [d68760c8] INFO  - Extension "DNS Cluster Discovery Extension" version 4.3.2 stopped successfully.
2025-01-29 22:19:24,993 INFO c.h.h.t.HelmChartContainer - [test-hivemq-platform] [hivemq] [d68760c8] INFO  - Stopping extension with id hivemq-prometheus-extension
2025-01-29 22:19:24,996 INFO c.h.h.t.HelmChartContainer - [test-hivemq-platform] [hivemq] [d68760c8] INFO  - Extension "Prometheus Monitoring Extension" version 4.0.12 stopped successfully.
2025-01-29 22:19:24,997 INFO c.h.h.t.HelmChartContainer - [test-hivemq-platform] [hivemq] [d68760c8] INFO  - Stopping extension with id hivemq-allow-all-extension
2025-01-29 22:19:24,997 INFO c.h.h.t.HelmChartContainer - [test-hivemq-platform] [hivemq] [d68760c8] INFO  - Extension "Allow All Extension" version 1.1.1 stopped successfully.
2025-01-29 22:19:25,997 INFO c.h.h.t.HelmChartContainer - [test-hivemq-platform] [hivemq] [d68760c8] INFO  - [HiveMQ Platform Operator Init App 1.7.0-SNAPSHOT] Returning shutdown Health API response 503 for readiness
2025-01-29 22:19:26,001 INFO c.h.h.t.HelmChartContainer - [EVENT] Warning [Unhealthy] Readiness probe failed: HTTP probe failed with statuscode: 503 [helmcustomconfigit:test-hivemq-platform-0]
2025-01-29 22:19:26,001 INFO c.h.h.t.HelmChartContainer - Received Unhealthy event for container hivemq in pod test-hivemq-platform-0 [d68760c8-1437-4836-9c63-4c3384b6c9fb]
2025-01-29 22:19:26,701 INFO c.h.h.t.HelmChartContainer - [K3S] [authentication.go:74] "Unable to authenticate the request" err="[invalid bearer token, serviceaccounts \"hivemq-platform-pod-test-hivemq-platform\" not found]"
2025-01-29 22:19:26,712 INFO c.h.h.t.HelmChartContainer - [K3S] [authentication.go:74] "Unable to authenticate the request" err="[invalid bearer token, serviceaccounts \"hivemq-platform-pod-test-hivemq-platform\" not found]"
2025-01-29 22:19:26,714 INFO c.h.h.t.HelmChartContainer - [test-hivemq-platform] [hivemq] [d68760c8] WARN  - [HiveMQ Platform Operator Init App 1.7.0-SNAPSHOT] Could not update Pod annotations: Failure executing: GET at: https://10.43.0.1:443/api/v1/namespaces/helmcustomconfigit/pods/test-hivemq-platform-0. Message: Unauthorized. Received status: Status(apiVersion=v1, code=401, details=null, kind=Status, message=Unauthorized, metadata=ListMeta(_continue=null, remainingItemCount=null, resourceVersion=null, selfLink=null, additionalProperties={}), reason=Unauthorized, status=Failure, additionalProperties={}).
2025-01-29 22:19:26,851 INFO c.h.h.t.HelmChartContainer - [test-hivemq-platform] [hivemq] [f3abad5d] INFO  - Shutdown completed.
2025-01-29 22:19:27,206 INFO c.h.h.t.HelmChartContainer - [test-hivemq-platform] [hivemq] [f3abad5d] INFO  - [HiveMQ Platform Operator Init App 1.7.0-SNAPSHOT] The HiveMQ Platform exited with code 143
2025-01-29 22:19:27,206 INFO c.h.h.t.HelmChartContainer - [test-hivemq-platform] [hivemq] [f3abad5d] INFO  - [HiveMQ Platform Operator Init App 1.7.0-SNAPSHOT] Stopping the REST API
2025-01-29 22:19:27,249 INFO c.h.h.t.HelmChartContainer - [test-hivemq-platform] [hivemq] [f3abad5d] INFO  - [HiveMQ Platform Operator Init App 1.7.0-SNAPSHOT] Shutdown complete
2025-01-29 22:19:27,283 INFO c.h.h.t.HelmChartContainer - [test-hivemq-platform] [hivemq] [d68760c8] INFO  - Shutdown completed.
2025-01-29 22:19:27,640 INFO c.h.h.t.HelmChartContainer - [test-hivemq-platform] [hivemq] [d68760c8] INFO  - [HiveMQ Platform Operator Init App 1.7.0-SNAPSHOT] The HiveMQ Platform exited with code 143
2025-01-29 22:19:27,640 INFO c.h.h.t.HelmChartContainer - [test-hivemq-platform] [hivemq] [d68760c8] INFO  - [HiveMQ Platform Operator Init App 1.7.0-SNAPSHOT] Stopping the REST API
2025-01-29 22:19:27,650 INFO c.h.h.t.HelmChartContainer - [K3S] [stateful_set.go:466] "StatefulSet has been deleted" key="helmcustomconfigit/test-hivemq-platform"
2025-01-29 22:19:27,684 INFO c.h.h.t.HelmChartContainer - [test-hivemq-platform] [hivemq] [d68760c8] INFO  - [HiveMQ Platform Operator Init App 1.7.0-SNAPSHOT] Shutdown complete
2025-01-29 22:19:27,775 INFO c.h.h.t.HelmChartContainer - [POD] test-hivemq-platform-1 [f3abad5d-24bc-4ce4-974c-6648348ef9b5] in helmcustomconfigit was MODIFIED
2025-01-29 22:19:27,849 INFO c.h.h.t.HelmChartContainer - [K3S] [reconciler_common.go:162] "operationExecutor.UnmountVolume started for volume \"pod-info\" (UniqueName: \"kubernetes.io/configmap/f3abad5d-24bc-4ce4-974c-6648348ef9b5-pod-info\") pod \"f3abad5d-24bc-4ce4-974c-6648348ef9b5\" (UID: \"f3abad5d-24bc-4ce4-974c-6648348ef9b5\") "
2025-01-29 22:19:27,850 INFO c.h.h.t.HelmChartContainer - [K3S] [reconciler_common.go:162] "operationExecutor.UnmountVolume started for volume \"broker-configuration\" (UniqueName: \"kubernetes.io/configmap/f3abad5d-24bc-4ce4-974c-6648348ef9b5-broker-configuration\") pod \"f3abad5d-24bc-4ce4-974c-6648348ef9b5\" (UID: \"f3abad5d-24bc-4ce4-974c-6648348ef9b5\") "
2025-01-29 22:19:27,850 INFO c.h.h.t.HelmChartContainer - [K3S] [reconciler_common.go:162] "operationExecutor.UnmountVolume started for volume \"kube-api-access-4gk8f\" (UniqueName: \"kubernetes.io/projected/f3abad5d-24bc-4ce4-974c-6648348ef9b5-kube-api-access-4gk8f\") pod \"f3abad5d-24bc-4ce4-974c-6648348ef9b5\" (UID: \"f3abad5d-24bc-4ce4-974c-6648348ef9b5\") "
2025-01-29 22:19:27,850 INFO c.h.h.t.HelmChartContainer - [K3S] [reconciler_common.go:162] "operationExecutor.UnmountVolume started for volume \"operator-init\" (UniqueName: \"kubernetes.io/empty-dir/f3abad5d-24bc-4ce4-974c-6648348ef9b5-operator-init\") pod \"f3abad5d-24bc-4ce4-974c-6648348ef9b5\" (UID: \"f3abad5d-24bc-4ce4-974c-6648348ef9b5\") "
2025-01-29 22:19:27,893 INFO c.h.h.t.HelmChartContainer - [K3S] [scope.go:117] "RemoveContainer" containerID="cd20b8ec9ff49627dbb033672e0d142b997390c60ec78c7f6027bc00ae54e9d6"
2025-01-29 22:19:27,908 INFO c.h.h.t.HelmChartContainer - [POD] test-hivemq-platform-1 [f3abad5d-24bc-4ce4-974c-6648348ef9b5] in helmcustomconfigit was MODIFIED
2025-01-29 22:19:27,913 INFO c.h.h.t.HelmChartContainer - [POD] test-hivemq-platform-1 [f3abad5d-24bc-4ce4-974c-6648348ef9b5] in helmcustomconfigit was DELETED
2025-01-29 22:19:27,950 INFO c.h.h.t.HelmChartContainer - [K3S] [reconciler_common.go:299] "Volume detached for volume \"pod-info\" (UniqueName: \"kubernetes.io/configmap/f3abad5d-24bc-4ce4-974c-6648348ef9b5-pod-info\") on node \"6c7c6f7dc8ee\" DevicePath \"\""
2025-01-29 22:19:27,950 INFO c.h.h.t.HelmChartContainer - [K3S] [reconciler_common.go:299] "Volume detached for volume \"kube-api-access-4gk8f\" (UniqueName: \"kubernetes.io/projected/f3abad5d-24bc-4ce4-974c-6648348ef9b5-kube-api-access-4gk8f\") on node \"6c7c6f7dc8ee\" DevicePath \"\""
2025-01-29 22:19:27,950 INFO c.h.h.t.HelmChartContainer - [K3S] [reconciler_common.go:299] "Volume detached for volume \"broker-configuration\" (UniqueName: \"kubernetes.io/configmap/f3abad5d-24bc-4ce4-974c-6648348ef9b5-broker-configuration\") on node \"6c7c6f7dc8ee\" DevicePath \"\""
2025-01-29 22:19:27,950 INFO c.h.h.t.HelmChartContainer - [K3S] [reconciler_common.go:299] "Volume detached for volume \"operator-init\" (UniqueName: \"kubernetes.io/empty-dir/f3abad5d-24bc-4ce4-974c-6648348ef9b5-operator-init\") on node \"6c7c6f7dc8ee\" DevicePath \"\""
2025-01-29 22:19:27,994 INFO c.h.h.t.HelmChartContainer - [K3S] [scope.go:117] "RemoveContainer" containerID="6c00fe86328084b24f9b63f4005e8edec73770d494a2924825b7acdda03f929e"
2025-01-29 22:19:27,997 INFO c.h.h.t.HelmChartContainer - [K3S] [scope.go:117] "RemoveContainer" containerID="cd20b8ec9ff49627dbb033672e0d142b997390c60ec78c7f6027bc00ae54e9d6"
2025-01-29 22:19:27,997 INFO c.h.h.t.HelmChartContainer - [K3S] [scope.go:117] "RemoveContainer" containerID="6c00fe86328084b24f9b63f4005e8edec73770d494a2924825b7acdda03f929e"
2025-01-29 22:19:28,124 INFO c.h.h.t.HelmChartContainer - [POD] test-hivemq-platform-0 [d68760c8-1437-4836-9c63-4c3384b6c9fb] in helmcustomconfigit was MODIFIED
2025-01-29 22:19:28,251 INFO c.h.h.t.HelmChartContainer - [K3S] [reconciler_common.go:162] "operationExecutor.UnmountVolume started for volume \"kube-api-access-lmwf6\" (UniqueName: \"kubernetes.io/projected/d68760c8-1437-4836-9c63-4c3384b6c9fb-kube-api-access-lmwf6\") pod \"d68760c8-1437-4836-9c63-4c3384b6c9fb\" (UID: \"d68760c8-1437-4836-9c63-4c3384b6c9fb\") "
2025-01-29 22:19:28,251 INFO c.h.h.t.HelmChartContainer - [K3S] [reconciler_common.go:162] "operationExecutor.UnmountVolume started for volume \"operator-init\" (UniqueName: \"kubernetes.io/empty-dir/d68760c8-1437-4836-9c63-4c3384b6c9fb-operator-init\") pod \"d68760c8-1437-4836-9c63-4c3384b6c9fb\" (UID: \"d68760c8-1437-4836-9c63-4c3384b6c9fb\") "
2025-01-29 22:19:28,251 INFO c.h.h.t.HelmChartContainer - [K3S] [reconciler_common.go:162] "operationExecutor.UnmountVolume started for volume \"pod-info\" (UniqueName: \"kubernetes.io/configmap/d68760c8-1437-4836-9c63-4c3384b6c9fb-pod-info\") pod \"d68760c8-1437-4836-9c63-4c3384b6c9fb\" (UID: \"d68760c8-1437-4836-9c63-4c3384b6c9fb\") "
2025-01-29 22:19:28,251 INFO c.h.h.t.HelmChartContainer - [K3S] [reconciler_common.go:162] "operationExecutor.UnmountVolume started for volume \"broker-configuration\" (UniqueName: \"kubernetes.io/configmap/d68760c8-1437-4836-9c63-4c3384b6c9fb-broker-configuration\") pod \"d68760c8-1437-4836-9c63-4c3384b6c9fb\" (UID: \"d68760c8-1437-4836-9c63-4c3384b6c9fb\") "
2025-01-29 22:19:28,352 INFO c.h.h.t.HelmChartContainer - [K3S] [reconciler_common.go:299] "Volume detached for volume \"broker-configuration\" (UniqueName: \"kubernetes.io/configmap/d68760c8-1437-4836-9c63-4c3384b6c9fb-broker-configuration\") on node \"6c7c6f7dc8ee\" DevicePath \"\""
2025-01-29 22:19:28,352 INFO c.h.h.t.HelmChartContainer - [K3S] [reconciler_common.go:299] "Volume detached for volume \"kube-api-access-lmwf6\" (UniqueName: \"kubernetes.io/projected/d68760c8-1437-4836-9c63-4c3384b6c9fb-kube-api-access-lmwf6\") on node \"6c7c6f7dc8ee\" DevicePath \"\""
2025-01-29 22:19:28,352 INFO c.h.h.t.HelmChartContainer - [K3S] [reconciler_common.go:299] "Volume detached for volume \"operator-init\" (UniqueName: \"kubernetes.io/empty-dir/d68760c8-1437-4836-9c63-4c3384b6c9fb-operator-init\") on node \"6c7c6f7dc8ee\" DevicePath \"\""
2025-01-29 22:19:28,352 INFO c.h.h.t.HelmChartContainer - [K3S] [reconciler_common.go:299] "Volume detached for volume \"pod-info\" (UniqueName: \"kubernetes.io/configmap/d68760c8-1437-4836-9c63-4c3384b6c9fb-pod-info\") on node \"6c7c6f7dc8ee\" DevicePath \"\""
2025-01-29 22:19:28,896 INFO c.h.h.t.HelmChartContainer - [K3S] [scope.go:117] "RemoveContainer" containerID="95e8df2c5769e20d1ec837c11399837f5e26908369d3802c80065b973b06f407"
2025-01-29 22:19:28,909 INFO c.h.h.t.HelmChartContainer - [POD] test-hivemq-platform-0 [d68760c8-1437-4836-9c63-4c3384b6c9fb] in helmcustomconfigit was MODIFIED
2025-01-29 22:19:28,914 INFO c.h.h.t.HelmChartContainer - [POD] test-hivemq-platform-0 [d68760c8-1437-4836-9c63-4c3384b6c9fb] in helmcustomconfigit was DELETED
2025-01-29 22:19:28,991 INFO c.h.h.t.HelmChartContainer - [K3S] [scope.go:117] "RemoveContainer" containerID="fe2f50e5cc484f0e35af25fd8957abf8e33f1f79988aeea3a91a2c0ed911b2ff"
2025-01-29 22:19:28,994 INFO c.h.h.t.HelmChartContainer - [K3S] [scope.go:117] "RemoveContainer" containerID="95e8df2c5769e20d1ec837c11399837f5e26908369d3802c80065b973b06f407"
2025-01-29 22:19:28,994 INFO c.h.h.t.HelmChartContainer - [K3S] [scope.go:117] "RemoveContainer" containerID="fe2f50e5cc484f0e35af25fd8957abf8e33f1f79988aeea3a91a2c0ed911b2ff"
2025-01-29 22:19:29,077 INFO c.h.h.t.HelmChartContainer - [K3S] [kubelet_volumes.go:163] "Cleaned up orphaned pod volumes dir" podUID="d68760c8-1437-4836-9c63-4c3384b6c9fb" path="/var/lib/kubelet/pods/d68760c8-1437-4836-9c63-4c3384b6c9fb/volumes"
2025-01-29 22:19:29,077 INFO c.h.h.t.HelmChartContainer - [K3S] [kubelet_volumes.go:163] "Cleaned up orphaned pod volumes dir" podUID="f3abad5d-24bc-4ce4-974c-6648348ef9b5" path="/var/lib/kubelet/pods/f3abad5d-24bc-4ce4-974c-6648348ef9b5/volumes"
2025-01-29 22:19:32,852 INFO c.h.h.t.HelmChartContainer - Namespace 'helmcustomconfigit' deleted
2025-01-29 22:19:32,853 INFO c.h.h.t.HelmChartContainer - Release 'test-hivemq-platform' in namespace 'helmcustomconfigit' is uninstalled
2025-01-29 22:19:32,853 INFO c.h.h.t.HelmChartContainer - Uninstalling release 'test-hivemq-platform-operator' in namespace 'helmcustomconfigit-operator'...
2025-01-29 22:19:32,853 DEBUG c.h.h.t.HelmChartContainer - Executing helm command: /bin/helm --kubeconfig /etc/rancher/k3s/k3s.yaml uninstall test-hivemq-platform-operator  --wait --timeout 5m0s --cascade foreground --namespace helmcustomconfigit-operator
2025-01-29 22:19:33,032 INFO c.h.h.t.HelmChartContainer - [K3S] [replica_set.go:679] "Finished syncing" kind="ReplicaSet" key="helmcustomconfigit-operator/hivemq-test-hivemq-platform-operator-6966f96d65" duration="10.716634ms"
2025-01-29 22:19:33,036 INFO c.h.h.t.HelmChartContainer - [K3S] [replica_set.go:679] "Finished syncing" kind="ReplicaSet" key="helmcustomconfigit-operator/hivemq-test-hivemq-platform-operator-6966f96d65" duration="81.282µs"
2025-01-29 22:19:33,055 INFO c.h.h.t.HelmChartContainer - [POD] hivemq-test-hivemq-platform-operator-6966f96d65-r999f [4c787465-f448-4b47-bc2d-28757f327fec] in helmcustomconfigit-operator was MODIFIED
2025-01-29 22:19:33,065 INFO c.h.h.t.HelmChartContainer - [EVENT] Normal [Killing] Stopping container hivemq-platform-operator [helmcustomconfigit-operator:hivemq-test-hivemq-platform-operator-6966f96d65-r999f]
2025-01-29 22:19:33,066 INFO c.h.h.t.HelmChartContainer - Received Killing event for container hivemq-platform-operator in pod hivemq-test-hivemq-platform-operator-6966f96d65-r999f [4c787465-f448-4b47-bc2d-28757f327fec]
2025-01-29 22:19:33,066 INFO c.h.h.t.HelmChartContainer - Container [hivemq-test-hivemq-platform-operator-6966f96d65-r999f] [hivemq-platform-operator] [4c787465-f448-4b47-bc2d-28757f327fec] was terminated
2025-01-29 22:19:33,066 INFO c.h.h.t.HelmChartContainer - Stopped log watcher for hivemq-platform-operator in pod hivemq-test-hivemq-platform-operator-6966f96d65-r999f [4c787465-f448-4b47-bc2d-28757f327fec]
2025-01-29 22:19:33,067 INFO c.h.h.t.HelmChartContainer - [hivemq-test-hivemq-platform] [hivemq-platform-operator] [4c787465] 22:19:33.063 [application-shutdown-thread] INFO  c.h.p.o.HiveMQPlatformOperatorApplication - HiveMQ Platform Operator is stopping...
2025-01-29 22:19:33,067 INFO c.h.h.t.HelmChartContainer - [hivemq-test-hivemq-platform] [hivemq-platform-operator] [4c787465] 22:19:33.064 [application-shutdown-thread] INFO  i.javaoperatorsdk.operator.Operator - Operator SDK 4.9.7 is shutting down...
2025-01-29 22:19:33,069 INFO c.h.h.t.HelmChartContainer - [K3S] [replica_set.go:679] "Finished syncing" kind="ReplicaSet" key="helmcustomconfigit-operator/hivemq-test-hivemq-platform-operator-6966f96d65" duration="16.254524ms"
2025-01-29 22:19:33,069 INFO c.h.h.t.HelmChartContainer - [K3S] [replica_set.go:679] "Finished syncing" kind="ReplicaSet" key="helmcustomconfigit-operator/hivemq-test-hivemq-platform-operator-6966f96d65" duration="32.169µs"
2025-01-29 22:19:33,573 INFO c.h.h.t.HelmChartContainer - [K3S] [replica_set.go:679] "Finished syncing" kind="ReplicaSet" key="helmcustomconfigit-operator/hivemq-test-hivemq-platform-operator-6966f96d65" duration="39.123µs"
2025-01-29 22:19:33,574 INFO c.h.h.t.HelmChartContainer - [POD] hivemq-test-hivemq-platform-operator-6966f96d65-r999f [4c787465-f448-4b47-bc2d-28757f327fec] in helmcustomconfigit-operator was MODIFIED
2025-01-29 22:19:33,682 INFO c.h.h.t.HelmChartContainer - [K3S] [reconciler_common.go:162] "operationExecutor.UnmountVolume started for volume \"kube-api-access-k9cmf\" (UniqueName: \"kubernetes.io/projected/4c787465-f448-4b47-bc2d-28757f327fec-kube-api-access-k9cmf\") pod \"4c787465-f448-4b47-bc2d-28757f327fec\" (UID: \"4c787465-f448-4b47-bc2d-28757f327fec\") "
2025-01-29 22:19:33,782 INFO c.h.h.t.HelmChartContainer - [K3S] [reconciler_common.go:299] "Volume detached for volume \"kube-api-access-k9cmf\" (UniqueName: \"kubernetes.io/projected/4c787465-f448-4b47-bc2d-28757f327fec-kube-api-access-k9cmf\") on node \"6c7c6f7dc8ee\" DevicePath \"\""
2025-01-29 22:19:33,907 INFO c.h.h.t.HelmChartContainer - [K3S] [scope.go:117] "RemoveContainer" containerID="0c1d8d7936f9071bfcb8b4b78f8fb1701b1c770ce4a4c8046c777cf627787cd8"
2025-01-29 22:19:33,911 INFO c.h.h.t.HelmChartContainer - [K3S] [scope.go:117] "RemoveContainer" containerID="0c1d8d7936f9071bfcb8b4b78f8fb1701b1c770ce4a4c8046c777cf627787cd8"
2025-01-29 22:19:33,918 INFO c.h.h.t.HelmChartContainer - [K3S] [replica_set.go:679] "Finished syncing" kind="ReplicaSet" key="helmcustomconfigit-operator/hivemq-test-hivemq-platform-operator-6966f96d65" duration="41.757µs"
2025-01-29 22:19:33,919 INFO c.h.h.t.HelmChartContainer - [POD] hivemq-test-hivemq-platform-operator-6966f96d65-r999f [4c787465-f448-4b47-bc2d-28757f327fec] in helmcustomconfigit-operator was MODIFIED
2025-01-29 22:19:33,920 INFO c.h.h.t.HelmChartContainer - [POD] hivemq-test-hivemq-platform-operator-6966f96d65-r999f [4c787465-f448-4b47-bc2d-28757f327fec] in helmcustomconfigit-operator was DELETED
2025-01-29 22:19:33,921 INFO c.h.h.t.HelmChartContainer - [K3S] [replica_set.go:679] "Finished syncing" kind="ReplicaSet" key="helmcustomconfigit-operator/hivemq-test-hivemq-platform-operator-6966f96d65" duration="29.185µs"
2025-01-29 22:19:33,931 INFO c.h.h.t.HelmChartContainer - [K3S] [replica_set.go:679] "Finished syncing" kind="ReplicaSet" key="helmcustomconfigit-operator/hivemq-test-hivemq-platform-operator-6966f96d65" duration="5.651µs"
2025-01-29 22:19:35,077 INFO c.h.h.t.HelmChartContainer - [K3S] [kubelet_volumes.go:163] "Cleaned up orphaned pod volumes dir" podUID="4c787465-f448-4b47-bc2d-28757f327fec" path="/var/lib/kubelet/pods/4c787465-f448-4b47-bc2d-28757f327fec/volumes"
2025-01-29 22:19:35,081 INFO c.h.h.t.HelmChartContainer - Deleting namespace 'helmcustomconfigit-operator'...
2025-01-29 22:19:37,837 INFO c.h.h.t.HelmChartContainer - [K3S] [namespace_controller.go:187] "Namespace has been deleted" namespace="helmcustomconfigit"
2025-01-29 22:19:40,298 INFO c.h.h.t.HelmChartContainer - Namespace 'helmcustomconfigit-operator' deleted
2025-01-29 22:19:40,298 INFO c.h.h.t.HelmChartContainer - Release 'test-hivemq-platform-operator' in namespace 'helmcustomconfigit-operator' is uninstalled
2025-01-29 22:19:41,099 INFO c.h.helmcharts.AbstractHelmChartIT - Removed unused containers:

2025-01-29 22:19:45,210 INFO c.h.h.t.HelmChartContainer - [K3S] [namespace_controller.go:187] "Namespace has been deleted" namespace="helmcustomconfigit-operator"
2025-01-29 22:19:48,892 INFO c.h.helmcharts.AbstractHelmChartIT - Removed unused snapshots:
Removing snapshot sha256:03af251906410714c5aef9fa705b63f6bbc39c4a5e787de7361eeb18886c2ed2
Removing snapshot sha256:0c46b3b43cce082ce5ec34ffc6c294e0417d17b9d1e6f366d114b6aadc4f96dc
Removing snapshot sha256:0ce761beee59082d6ed5bcebd3a805b8ddd9b3426b617e4809e7fb7c6587ffec
Removing snapshot sha256:0df91287303208332c8ff6ba40ae4710105201739addbfbddfb955f1ad593664
Removing snapshot sha256:1021ef88c7974bfff89c5a0ec4fd3160daac6c48a075f74cff721f85dd104e68
Removing snapshot sha256:10aba4953ddc18145dd38e3704709bc464aa20af60b56fe52caaff4b68411e62
Removing snapshot sha256:2573e0d8158209ed54ab25c87bcdcb00bd3d2539246960a3d592a1c599d70465
Removing snapshot sha256:362a8a37f8bbc31925a8146adcf7cf51f9882f5c1dcbef67c5baa03a297543c0
Removing snapshot sha256:3fa4ad33f0ddc8fd45b39b6b4640f82a3a83619606cd975bfe89d8710ad2d4cd
Removing snapshot sha256:43a7c979bbaba6838bc3102d6b10a1459f3ab050b87ccdfef84ef90cf43d3058
Removing snapshot sha256:4ab04491cdf0d3267f08206fe30bd48f49f94b9cab2f016d6739220f722a64af
Removing snapshot sha256:4b6068250e89c96f263060261819c7d912855bfbd64b3eb4c4a8483299b8c295
Removing snapshot sha256:580e69a0a8034ede1921139bbd2bfb72a69ebf276d008281896c32dd8bf74775
Removing snapshot sha256:5c6b324d267ed23112c41ca1a9cf32102484392d4caacf43b47b46b4407c5527
Removing snapshot sha256:5d30ba46b27fe37484567ccc5242cadc78217b8da605f3f195ef25cbf7487904
Removing snapshot sha256:63ca1fbb43ae5034640e5e6cb3e083e05c290072c5366fcaa9d62435a4cced85
Removing snapshot sha256:67f702c6baae873bceb19487c8b1f27bd2b86077e4f2f0e480e6d60ab508b8f5
Removing snapshot sha256:6864348dd42806d552efdec384f1274be15e2d0c10ce44c1f04347af004c10a9
Removing snapshot sha256:6c7dee8f2c39b84b7dc2711c01d33de93514d9055499173e9290176fbe484b6c
Removing snapshot sha256:82753493a6d61ded36556292f02f31841a14c20d2f279f19eaad65afb661d5cd
Removing snapshot sha256:8a10d3db42c505ee0fcfa98417bdd7e39b304f6bcc0a06bb1b220797ff2cc63c
Removing snapshot sha256:a21ac6f9ad81d845968c1b9b2bef8deefeae6cfce0fefd4781bed7ac74bc0e6a
Removing snapshot sha256:a21e5b12dbac529ad45d976eb9ce45c881f3bedcc500fb30aba1e52aa1813418
Removing snapshot sha256:b921e6c28969094157f9b8e7244677780319637afd14450b7cb6b2fdea558a0c
Removing snapshot sha256:bc27ecb5769a00e309cf99ebc763c4a4b958b618d1decc96ffac5bc05f02f5b7
Removing snapshot sha256:be3ccb6627a5332e309d45ef461d09b4879dd870c7394d89323d0ebc6ca6aa8a
Removing snapshot sha256:c261f7cbbc64211ee175ee47273acdb7b1a36a4450b397a064a8f2c026490095
Removing snapshot sha256:c34d9393647eea0c9e3557ab988efaf59f61d10a2a5613b439ef0958cca5ec10
Removing snapshot sha256:ccf3c4a0fa967a41c1c83497a2ce6fa5787965859df0adb32c4ca2cf7490bc2b
Removing snapshot sha256:cf92d33f869417309692088c341cd0f223c178ea78a125f757317b22aa8f90e9
Removing snapshot sha256:d0037344cf2fb078884f1849f6a1f8cf9a33a3b6139b6a85833e5ee528e1f9a8
Removing snapshot sha256:d3b36d5b79273b1e98e7700470eaeff05a882e777124d84cebcc1505b85ecb36
Removing snapshot sha256:d65a44a37914602d12c611e5e22a50f11451d847e63015cc1c2aef92dee777a4
Removing snapshot sha256:e2dc0bae2455930f23ae570e019b7f32edc75c0f2d71cab084db837ff9051796
Removing snapshot sha256:eccbd24a99c60cd9e86ee5305dbfc4a4dc89f5ab4fb1f06c8d64797cecedef34
Removing snapshot sha256:f144bb4c7c7f0d2aa7eeffd36d934ec40db1ee167be727e326aad9fdc616f475

]]></system-out>
  </testcase>
  <system-out><![CDATA[2025-01-29 22:10:36,129 INFO c.h.h.t.HelmChartContainerExtension - Using cached HelmChartContainer instance
2025-01-29 22:10:36,135 INFO c.h.h.t.HelmChartContainerExtension - Creating cached HelmChartContainer instance
2025-01-29 22:10:36,151 INFO o.testcontainers.DockerClientFactory - Testcontainers version: 1.20.4
2025-01-29 22:10:36,574 INFO o.t.d.DockerClientProviderStrategy - Found Docker environment with local Unix socket (unix:///var/run/docker.sock)
2025-01-29 22:10:36,583 INFO o.testcontainers.DockerClientFactory - Docker host IP address is localhost
2025-01-29 22:10:36,599 INFO o.testcontainers.DockerClientFactory - Connected to docker: 
  Server Version: 26.1.3
  API Version: 1.45
  Operating System: Ubuntu 24.04.1 LTS
  Total Memory: 15990 MB
2025-01-29 22:10:36,606 INFO o.testcontainers.images.PullPolicy - Image pull policy will be performed by: DefaultPullPolicy()
2025-01-29 22:10:36,608 INFO o.t.utility.ImageNameSubstitutor - Image name substitution will be performed by: DefaultImageNameSubstitutor (composite of 'ConfigurationFileImageNameSubstitutor' and 'PrefixingImageNameSubstitutor')
2025-01-29 22:10:36,635 INFO tc.testcontainers/ryuk:0.11.0 - Pulling docker image: testcontainers/ryuk:0.11.0. Please be patient; this may take some time but only needs to be done once.
2025-01-29 22:10:36,907 INFO tc.testcontainers/ryuk:0.11.0 - Starting to pull image
2025-01-29 22:10:36,925 INFO tc.testcontainers/ryuk:0.11.0 - Pulling image layers:  0 pending,  0 downloaded,  0 extracted, (0 bytes/0 bytes)
2025-01-29 22:10:37,071 INFO tc.testcontainers/ryuk:0.11.0 - Pulling image layers:  2 pending,  1 downloaded,  0 extracted, (879 KB/? MB)
2025-01-29 22:10:37,109 INFO tc.testcontainers/ryuk:0.11.0 - Pulling image layers:  1 pending,  2 downloaded,  0 extracted, (879 KB/? MB)
2025-01-29 22:10:37,159 INFO tc.testcontainers/ryuk:0.11.0 - Pulling image layers:  0 pending,  3 downloaded,  0 extracted, (7 MB/10 MB)
2025-01-29 22:10:37,210 INFO tc.testcontainers/ryuk:0.11.0 - Pulling image layers:  0 pending,  3 downloaded,  1 extracted, (10 MB/10 MB)
2025-01-29 22:10:37,911 INFO tc.testcontainers/ryuk:0.11.0 - Pulling image layers:  0 pending,  3 downloaded,  2 extracted, (10 MB/10 MB)
2025-01-29 22:10:37,954 INFO tc.testcontainers/ryuk:0.11.0 - Pulling image layers:  0 pending,  3 downloaded,  3 extracted, (10 MB/10 MB)
2025-01-29 22:10:37,959 INFO tc.testcontainers/ryuk:0.11.0 - Pull complete. 3 layers, pulled in 1s (downloaded 10 MB at 10 MB/s)
2025-01-29 22:10:37,959 INFO tc.testcontainers/ryuk:0.11.0 - Image testcontainers/ryuk:0.11.0 pull took PT1.323832733S
2025-01-29 22:10:37,975 INFO tc.testcontainers/ryuk:0.11.0 - Creating container for image: testcontainers/ryuk:0.11.0
2025-01-29 22:10:38,027 INFO tc.testcontainers/ryuk:0.11.0 - Container testcontainers/ryuk:0.11.0 is starting: 31db629a976236dbec2232fa6d57ff5de28890bf5201fbee4e4be639243b212b
2025-01-29 22:10:38,274 INFO tc.testcontainers/ryuk:0.11.0 - Container testcontainers/ryuk:0.11.0 started in PT0.298761694S
2025-01-29 22:10:38,278 INFO o.t.utility.RyukResourceReaper - Ryuk started - will monitor and terminate Testcontainers containers on JVM exit
2025-01-29 22:10:38,279 INFO o.testcontainers.DockerClientFactory - Checking the system...
2025-01-29 22:10:38,279 INFO o.testcontainers.DockerClientFactory - ✔︎ Docker server version should be at least 1.6.0
2025-01-29 22:10:38,359 INFO o.t.i.builder.ImageFromDockerfile - Pre-emptively checking local images for 'ubuntu:noble-20241118.1@sha256:80dd3c3b9c6cecb9f1667e9290b3bc61b78c2678c02cbdae5f0fea92cc6734ab', referenced via a Dockerfile. If not available, it will be pulled.
2025-01-29 22:10:38,362 INFO t.u.1@sha256:80dd3c... - Pulling docker image: ubuntu:noble-20241118.1@sha256:80dd3c3b9c6cecb9f1667e9290b3bc61b78c2678c02cbdae5f0fea92cc6734ab. Please be patient; this may take some time but only needs to be done once.
2025-01-29 22:10:38,505 INFO t.u.1@sha256:80dd3c... - Starting to pull image
2025-01-29 22:10:38,506 INFO t.u.1@sha256:80dd3c... - Pulling image layers:  0 pending,  0 downloaded,  0 extracted, (0 bytes/0 bytes)
2025-01-29 22:10:39,578 INFO t.u.1@sha256:80dd3c... - Pulling image layers:  0 pending,  1 downloaded,  0 extracted, (24 MB/28 MB)
2025-01-29 22:10:40,508 INFO t.u.1@sha256:80dd3c... - Pulling image layers:  0 pending,  1 downloaded,  1 extracted, (28 MB/28 MB)
2025-01-29 22:10:40,513 INFO t.u.1@sha256:80dd3c... - Pull complete. 1 layers, pulled in 2s (downloaded 28 MB at 14 MB/s)
2025-01-29 22:10:40,514 INFO t.u.1@sha256:80dd3c... - Image ubuntu:noble-20241118.1@sha256:80dd3c3b9c6cecb9f1667e9290b3bc61b78c2678c02cbdae5f0fea92cc6734ab pull took PT2.151732548S
2025-01-29 22:10:40,516 INFO o.t.i.builder.ImageFromDockerfile - Pre-emptively checking local images for 'rancher/k3s:v1.32.1-k3s1', referenced via a Dockerfile. If not available, it will be pulled.
2025-01-29 22:10:40,517 INFO tc.rancher/k3s:v1.32.1-k3s1 - Pulling docker image: rancher/k3s:v1.32.1-k3s1. Please be patient; this may take some time but only needs to be done once.
2025-01-29 22:10:40,740 INFO tc.rancher/k3s:v1.32.1-k3s1 - Starting to pull image
2025-01-29 22:10:40,741 INFO tc.rancher/k3s:v1.32.1-k3s1 - Pulling image layers:  0 pending,  0 downloaded,  0 extracted, (0 bytes/0 bytes)
2025-01-29 22:10:42,200 INFO tc.rancher/k3s:v1.32.1-k3s1 - Pulling image layers:  0 pending,  1 downloaded,  0 extracted, (69 MB/71 MB)
2025-01-29 22:10:43,284 INFO tc.rancher/k3s:v1.32.1-k3s1 - Pulling image layers:  0 pending,  1 downloaded,  1 extracted, (71 MB/71 MB)
2025-01-29 22:10:43,290 INFO tc.rancher/k3s:v1.32.1-k3s1 - Pull complete. 1 layers, pulled in 2s (downloaded 71 MB at 35 MB/s)
2025-01-29 22:10:43,290 INFO tc.rancher/k3s:v1.32.1-k3s1 - Image rancher/k3s:v1.32.1-k3s1 pull took PT2.77289071S
2025-01-29 22:10:43,296 INFO o.t.i.builder.ImageFromDockerfile - Transferred 0 bytes to Docker daemon
2025-01-29 22:10:56,016 INFO c.h.h.t.HelmChartContainer - Starting HelmChartContainer...
2025-01-29 22:10:56,019 INFO t.localhost/testcontainers/ytvpjyupnvwye5gr:latest - Creating container for image: localhost/testcontainers/ytvpjyupnvwye5gr:latest
2025-01-29 22:10:56,086 INFO tc.alpine:3.17 - Pulling docker image: alpine:3.17. Please be patient; this may take some time but only needs to be done once.
2025-01-29 22:10:56,357 INFO tc.alpine:3.17 - Starting to pull image
2025-01-29 22:10:56,358 INFO tc.alpine:3.17 - Pulling image layers:  0 pending,  0 downloaded,  0 extracted, (0 bytes/0 bytes)
2025-01-29 22:10:56,550 INFO tc.alpine:3.17 - Pulling image layers:  0 pending,  1 downloaded,  0 extracted, (3 MB/3 MB)
2025-01-29 22:10:56,644 INFO tc.alpine:3.17 - Pulling image layers:  0 pending,  1 downloaded,  1 extracted, (3 MB/3 MB)
2025-01-29 22:10:56,649 INFO tc.alpine:3.17 - Image alpine:3.17 pull took PT0.562783754S
2025-01-29 22:10:57,201 INFO t.localhost/testcontainers/ytvpjyupnvwye5gr:latest - Container localhost/testcontainers/ytvpjyupnvwye5gr:latest is starting: 6c7c6f7dc8ee7ca174e6bd1572deb3c40d4e028cc047d1b688d590b81d6ece19
2025-01-29 22:10:57,556 INFO c.h.h.t.HelmChartContainer - [K3S] [INFO] Starting k3s v1.32.1+k3s1 (6a322f12)
2025-01-29 22:10:57,573 INFO c.h.h.t.HelmChartContainer - [K3S] [INFO] Configuring sqlite3 database connection pooling: maxIdleConns=2, maxOpenConns=0, connMaxLifetime=0s
2025-01-29 22:10:57,573 INFO c.h.h.t.HelmChartContainer - [K3S] [INFO] Configuring database table schema and indexes, this may take a moment...
2025-01-29 22:10:57,576 INFO c.h.h.t.HelmChartContainer - [K3S] [INFO] Database tables and indexes are up to date
2025-01-29 22:10:57,578 INFO c.h.h.t.HelmChartContainer - [K3S] [INFO] Kine available at unix://kine.sock
2025-01-29 22:10:57,669 INFO c.h.h.t.HelmChartContainer - [K3S] [INFO] Saving cluster bootstrap data to datastore
2025-01-29 22:10:57,670 INFO c.h.h.t.HelmChartContainer - [K3S] [WARNING] dynamiclistener [::]:6443: no cached certificate available for preload - deferring certificate load until storage initialization or first client request
2025-01-29 22:10:57,670 INFO c.h.h.t.HelmChartContainer - [K3S] [INFO] Active TLS secret / (ver=) (count 10): map[listener.cattle.io/cn-10.43.0.1:10.43.0.1 listener.cattle.io/cn-127.0.0.1:127.0.0.1 listener.cattle.io/cn-172.18.0.2:172.18.0.2 listener.cattle.io/cn-6c7c6f7dc8ee:6c7c6f7dc8ee listener.cattle.io/cn-__1-f16284:::1 listener.cattle.io/cn-kubernetes:kubernetes listener.cattle.io/cn-kubernetes.default:kubernetes.default listener.cattle.io/cn-kubernetes.default.svc:kubernetes.default.svc listener.cattle.io/cn-kubernetes.default.svc.cluster.local:kubernetes.default.svc.cluster.local listener.cattle.io/cn-localhost:localhost listener.cattle.io/fingerprint:SHA1=EC39C13D1A42FC501E0BE853FFC108C5414C4013]
2025-01-29 22:10:57,832 INFO c.h.h.t.HelmChartContainer - [K3S] [INFO] Running kube-apiserver --advertise-port=6443 --allow-privileged=true --anonymous-auth=false --api-audiences=https://kubernetes.default.svc.cluster.local,k3s --authorization-mode=Node,RBAC --bind-address=127.0.0.1 --cert-dir=/var/lib/rancher/k3s/server/tls/temporary-certs --client-ca-file=/var/lib/rancher/k3s/server/tls/client-ca.crt --egress-selector-config-file=/var/lib/rancher/k3s/server/etc/egress-selector-config.yaml --enable-admission-plugins=NodeRestriction --enable-aggregator-routing=true --enable-bootstrap-token-auth=true --etcd-compaction-interval=0s --etcd-servers=unix://kine.sock --kubelet-certificate-authority=/var/lib/rancher/k3s/server/tls/server-ca.crt --kubelet-client-certificate=/var/lib/rancher/k3s/server/tls/client-kube-apiserver.crt --kubelet-client-key=/var/lib/rancher/k3s/server/tls/client-kube-apiserver.key --kubelet-preferred-address-types=InternalIP,ExternalIP,Hostname --profiling=false --proxy-client-cert-file=/var/lib/rancher/k3s/server/tls/client-auth-proxy.crt --proxy-client-key-file=/var/lib/rancher/k3s/server/tls/client-auth-proxy.key --requestheader-allowed-names=system:auth-proxy --requestheader-client-ca-file=/var/lib/rancher/k3s/server/tls/request-header-ca.crt --requestheader-extra-headers-prefix=X-Remote-Extra- --requestheader-group-headers=X-Remote-Group --requestheader-username-headers=X-Remote-User --secure-port=6444 --service-account-issuer=https://kubernetes.default.svc.cluster.local --service-account-key-file=/var/lib/rancher/k3s/server/tls/service.key --service-account-signing-key-file=/var/lib/rancher/k3s/server/tls/service.current.key --service-cluster-ip-range=10.43.0.0/16 --service-node-port-range=30000-32767 --storage-backend=etcd3 --tls-cert-file=/var/lib/rancher/k3s/server/tls/serving-kube-apiserver.crt --tls-cipher-suites=TLS_ECDHE_ECDSA_WITH_AES_256_GCM_SHA384,TLS_ECDHE_RSA_WITH_AES_256_GCM_SHA384,TLS_ECDHE_ECDSA_WITH_AES_128_GCM_SHA256,TLS_ECDHE_RSA_WITH_AES_128_GCM_SHA256,TLS_ECDHE_ECDSA_WITH_CHACHA20_POLY1305,TLS_ECDHE_RSA_WITH_CHACHA20_POLY1305 --tls-private-key-file=/var/lib/rancher/k3s/server/tls/serving-kube-apiserver.key
2025-01-29 22:10:57,832 INFO c.h.h.t.HelmChartContainer - [K3S] [INFO] Running kube-scheduler --authentication-kubeconfig=/var/lib/rancher/k3s/server/cred/scheduler.kubeconfig --authorization-kubeconfig=/var/lib/rancher/k3s/server/cred/scheduler.kubeconfig --bind-address=127.0.0.1 --kubeconfig=/var/lib/rancher/k3s/server/cred/scheduler.kubeconfig --leader-elect=false --profiling=false --secure-port=10259
2025-01-29 22:10:57,835 INFO c.h.h.t.HelmChartContainer - [K3S] [registry.go:256] calling componentGlobalsRegistry.AddFlags more than once, the registry will be set by the latest flags
2025-01-29 22:10:57,835 INFO c.h.h.t.HelmChartContainer - [K3S] [INFO] Waiting for API server to become available
2025-01-29 22:10:57,838 INFO c.h.h.t.HelmChartContainer - [K3S] [INFO] Running kube-controller-manager --allocate-node-cidrs=true --authentication-kubeconfig=/var/lib/rancher/k3s/server/cred/controller.kubeconfig --authorization-kubeconfig=/var/lib/rancher/k3s/server/cred/controller.kubeconfig --bind-address=127.0.0.1 --cluster-cidr=10.42.0.0/16 --cluster-signing-kube-apiserver-client-cert-file=/var/lib/rancher/k3s/server/tls/client-ca.nochain.crt --cluster-signing-kube-apiserver-client-key-file=/var/lib/rancher/k3s/server/tls/client-ca.key --cluster-signing-kubelet-client-cert-file=/var/lib/rancher/k3s/server/tls/client-ca.nochain.crt --cluster-signing-kubelet-client-key-file=/var/lib/rancher/k3s/server/tls/client-ca.key --cluster-signing-kubelet-serving-cert-file=/var/lib/rancher/k3s/server/tls/server-ca.nochain.crt --cluster-signing-kubelet-serving-key-file=/var/lib/rancher/k3s/server/tls/server-ca.key --cluster-signing-legacy-unknown-cert-file=/var/lib/rancher/k3s/server/tls/server-ca.nochain.crt --cluster-signing-legacy-unknown-key-file=/var/lib/rancher/k3s/server/tls/server-ca.key --configure-cloud-routes=false --controllers=*,tokencleaner,-service,-route,-cloud-node-lifecycle --kubeconfig=/var/lib/rancher/k3s/server/cred/controller.kubeconfig --leader-elect=false --profiling=false --root-ca-file=/var/lib/rancher/k3s/server/tls/server-ca.crt --secure-port=10257 --service-account-private-key-file=/var/lib/rancher/k3s/server/tls/service.current.key --service-cluster-ip-range=10.43.0.0/16 --use-service-account-credentials=true
2025-01-29 22:10:57,839 INFO c.h.h.t.HelmChartContainer - [K3S] [options.go:299] unable to set WatchListClient feature gate, err: cannot override default for feature "WatchListClient": gates already added to a flag set
2025-01-29 22:10:57,839 INFO c.h.h.t.HelmChartContainer - [K3S] [registry.go:256] calling componentGlobalsRegistry.AddFlags more than once, the registry will be set by the latest flags
2025-01-29 22:10:57,839 INFO c.h.h.t.HelmChartContainer - [K3S] [INFO] Running cloud-controller-manager --allocate-node-cidrs=true --authentication-kubeconfig=/var/lib/rancher/k3s/server/cred/cloud-controller.kubeconfig --authorization-kubeconfig=/var/lib/rancher/k3s/server/cred/cloud-controller.kubeconfig --bind-address=127.0.0.1 --cloud-config=/var/lib/rancher/k3s/server/etc/cloud-config.yaml --cloud-provider=k3s --cluster-cidr=10.42.0.0/16 --configure-cloud-routes=false --controllers=*,-route --kubeconfig=/var/lib/rancher/k3s/server/cred/cloud-controller.kubeconfig --leader-elect=false --leader-elect-resource-name=k3s-cloud-controller-manager --node-status-update-frequency=1m0s --profiling=false
2025-01-29 22:10:57,840 INFO c.h.h.t.HelmChartContainer - [K3S] [INFO] Server node token is available at /var/lib/rancher/k3s/server/token
2025-01-29 22:10:57,840 INFO c.h.h.t.HelmChartContainer - [K3S] [registry.go:256] calling componentGlobalsRegistry.AddFlags more than once, the registry will be set by the latest flags
2025-01-29 22:10:57,841 INFO c.h.h.t.HelmChartContainer - [K3S] [INFO] To join server node to cluster: k3s server -s https://172.18.0.2:6443 -t ${SERVER_NODE_TOKEN}
2025-01-29 22:10:57,841 INFO c.h.h.t.HelmChartContainer - [K3S] [INFO] Agent node token is available at /var/lib/rancher/k3s/server/agent-token
2025-01-29 22:10:57,841 INFO c.h.h.t.HelmChartContainer - [K3S] [INFO] To join agent node to cluster: k3s agent -s https://172.18.0.2:6443 -t ${AGENT_NODE_TOKEN}
2025-01-29 22:10:57,841 INFO c.h.h.t.HelmChartContainer - [K3S] [options.go:238] external host was not specified, using 172.18.0.2
2025-01-29 22:10:57,841 INFO c.h.h.t.HelmChartContainer - [K3S] [INFO] Wrote kubeconfig /etc/rancher/k3s/k3s.yaml
2025-01-29 22:10:57,842 INFO c.h.h.t.HelmChartContainer - [K3S] [INFO] Run: k3s kubectl
2025-01-29 22:10:57,842 INFO c.h.h.t.HelmChartContainer - [K3S] [server.go:151] Version: v1.32.1+k3s1
2025-01-29 22:10:57,842 INFO c.h.h.t.HelmChartContainer - [K3S] [server.go:153] "Golang settings" GOGC="" GOMAXPROCS="" GOTRACEBACK=""
2025-01-29 22:10:58,237 INFO c.h.h.t.HelmChartContainer - [K3S] [plugins.go:157] Loaded 13 mutating admission controller(s) successfully in the following order: NamespaceLifecycle,LimitRanger,ServiceAccount,NodeRestriction,TaintNodesByCondition,Priority,DefaultTolerationSeconds,DefaultStorageClass,StorageObjectInUseProtection,RuntimeClass,DefaultIngressClass,MutatingAdmissionPolicy,MutatingAdmissionWebhook.
2025-01-29 22:10:58,238 INFO c.h.h.t.HelmChartContainer - [K3S] [plugins.go:160] Loaded 13 validating admission controller(s) successfully in the following order: LimitRanger,ServiceAccount,PodSecurity,Priority,PersistentVolumeClaimResize,RuntimeClass,CertificateApproval,CertificateSigning,ClusterTrustBundleAttest,CertificateSubjectRestriction,ValidatingAdmissionPolicy,ValidatingAdmissionWebhook,ResourceQuota.
2025-01-29 22:10:58,239 INFO c.h.h.t.HelmChartContainer - [K3S] [instance.go:233] Using reconciler: lease
2025-01-29 22:10:58,294 INFO c.h.h.t.HelmChartContainer - [K3S] [apis.go:106] API group "internal.apiserver.k8s.io" is not enabled, skipping.
2025-01-29 22:10:58,351 INFO c.h.h.t.HelmChartContainer - [K3S] [apis.go:106] API group "storagemigration.k8s.io" is not enabled, skipping.
2025-01-29 22:10:58,377 INFO c.h.h.t.HelmChartContainer - [K3S] [apis.go:106] API group "resource.k8s.io" is not enabled, skipping.
2025-01-29 22:10:58,432 INFO c.h.h.t.HelmChartContainer - [K3S] [INFO] Password verified locally for node 6c7c6f7dc8ee
2025-01-29 22:10:58,719 INFO c.h.h.t.HelmChartContainer - [K3S] [dynamic_cafile_content.go:161] "Starting controller" name="request-header::/var/lib/rancher/k3s/server/tls/request-header-ca.crt"
2025-01-29 22:10:58,719 INFO c.h.h.t.HelmChartContainer - [K3S] [dynamic_cafile_content.go:161] "Starting controller" name="client-ca-bundle::/var/lib/rancher/k3s/server/tls/client-ca.crt"
2025-01-29 22:10:58,719 INFO c.h.h.t.HelmChartContainer - [K3S] [secure_serving.go:213] Serving securely on 127.0.0.1:6444
2025-01-29 22:10:58,719 INFO c.h.h.t.HelmChartContainer - [K3S] [controller.go:80] Starting OpenAPI V3 AggregationController
2025-01-29 22:10:58,720 INFO c.h.h.t.HelmChartContainer - [K3S] [dynamic_serving_content.go:135] "Starting controller" name="serving-cert::/var/lib/rancher/k3s/server/tls/serving-kube-apiserver.crt::/var/lib/rancher/k3s/server/tls/serving-kube-apiserver.key"
2025-01-29 22:10:58,720 INFO c.h.h.t.HelmChartContainer - [K3S] [controller.go:119] Starting legacy_token_tracking_controller
2025-01-29 22:10:58,720 INFO c.h.h.t.HelmChartContainer - [K3S] [apiservice_controller.go:100] Starting APIServiceRegistrationController
2025-01-29 22:10:58,720 INFO c.h.h.t.HelmChartContainer - [K3S] [local_available_controller.go:156] Starting LocalAvailability controller
2025-01-29 22:10:58,721 INFO c.h.h.t.HelmChartContainer - [K3S] [cluster_authentication_trust_controller.go:462] Starting cluster_authentication_trust_controller controller
2025-01-29 22:10:58,722 INFO c.h.h.t.HelmChartContainer - [K3S] [tlsconfig.go:243] "Starting DynamicServingCertificateController"
2025-01-29 22:10:58,724 INFO c.h.h.t.HelmChartContainer - [K3S] [system_namespaces_controller.go:66] Starting system namespaces controller
2025-01-29 22:10:58,725 INFO c.h.h.t.HelmChartContainer - [K3S] [establishing_controller.go:81] Starting EstablishingController
2025-01-29 22:10:58,725 INFO c.h.h.t.HelmChartContainer - [K3S] [dynamic_serving_content.go:135] "Starting controller" name="aggregator-proxy-cert::/var/lib/rancher/k3s/server/tls/client-auth-proxy.crt::/var/lib/rancher/k3s/server/tls/client-auth-proxy.key"
2025-01-29 22:10:58,725 INFO c.h.h.t.HelmChartContainer - [K3S] [nonstructuralschema_controller.go:195] Starting NonStructuralSchemaConditionController
2025-01-29 22:10:58,726 INFO c.h.h.t.HelmChartContainer - [K3S] [dynamic_cafile_content.go:161] "Starting controller" name="client-ca-bundle::/var/lib/rancher/k3s/server/tls/client-ca.crt"
2025-01-29 22:10:58,726 INFO c.h.h.t.HelmChartContainer - [K3S] [dynamic_cafile_content.go:161] "Starting controller" name="request-header::/var/lib/rancher/k3s/server/tls/request-header-ca.crt"
2025-01-29 22:10:58,727 INFO c.h.h.t.HelmChartContainer - [K3S] [crdregistration_controller.go:114] Starting crd-autoregister controller
2025-01-29 22:10:58,727 INFO c.h.h.t.HelmChartContainer - [K3S] [remote_available_controller.go:411] Starting RemoteAvailability controller
2025-01-29 22:10:58,728 INFO c.h.h.t.HelmChartContainer - [K3S] [controller.go:78] Starting OpenAPI AggregationController
2025-01-29 22:10:58,729 INFO c.h.h.t.HelmChartContainer - [K3S] [controller.go:142] Starting OpenAPI controller
2025-01-29 22:10:58,729 INFO c.h.h.t.HelmChartContainer - [K3S] [controller.go:90] Starting OpenAPI V3 controller
2025-01-29 22:10:58,729 INFO c.h.h.t.HelmChartContainer - [K3S] [naming_controller.go:294] Starting NamingConditionController
2025-01-29 22:10:58,729 INFO c.h.h.t.HelmChartContainer - [K3S] [apf_controller.go:377] Starting API Priority and Fairness config controller
2025-01-29 22:10:58,729 INFO c.h.h.t.HelmChartContainer - [K3S] [aggregator.go:169] waiting for initial CRD sync...
2025-01-29 22:10:58,729 INFO c.h.h.t.HelmChartContainer - [K3S] [apiapproval_controller.go:189] Starting KubernetesAPIApprovalPolicyConformantConditionController
2025-01-29 22:10:58,729 INFO c.h.h.t.HelmChartContainer - [K3S] [crd_finalizer.go:269] Starting CRDFinalizer
2025-01-29 22:10:58,729 INFO c.h.h.t.HelmChartContainer - [K3S] [gc_controller.go:78] Starting apiserver lease garbage collector
2025-01-29 22:10:58,729 INFO c.h.h.t.HelmChartContainer - [K3S] [customresource_discovery_controller.go:292] Starting DiscoveryController
2025-01-29 22:10:58,820 INFO c.h.h.t.HelmChartContainer - [K3S] [handler_discovery.go:451] Starting ResourceDiscoveryManager
2025-01-29 22:10:58,822 INFO c.h.h.t.HelmChartContainer - [K3S] [controller.go:145] "Failed to ensure lease exists, will retry" err="namespaces \"kube-system\" not found" interval="200ms"
2025-01-29 22:10:58,830 INFO c.h.h.t.HelmChartContainer - [K3S] [apf_controller.go:382] Running API Priority and Fairness config worker
2025-01-29 22:10:58,831 INFO c.h.h.t.HelmChartContainer - [K3S] [aggregator.go:171] initial CRD sync complete...
2025-01-29 22:10:58,831 INFO c.h.h.t.HelmChartContainer - [K3S] [autoregister_controller.go:144] Starting autoregister controller
2025-01-29 22:10:58,831 INFO c.h.h.t.HelmChartContainer - [K3S] [apf_controller.go:385] Running API Priority and Fairness periodic rebalancing process
2025-01-29 22:10:58,833 INFO c.h.h.t.HelmChartContainer - [K3S] [policy_source.go:240] refreshing policies
2025-01-29 22:10:58,886 INFO c.h.h.t.HelmChartContainer - [K3S] [controller.go:148] "Unhandled Error" err="while syncing ConfigMap \"kube-system/kube-apiserver-legacy-service-account-token-tracking\", err: namespaces \"kube-system\" not found" logger="UnhandledError"
2025-01-29 22:10:58,892 INFO c.h.h.t.HelmChartContainer - [K3S] [controller.go:95] Unable to perform initial Kubernetes service initialization: namespaces "default" not found
2025-01-29 22:10:58,984 INFO c.h.h.t.HelmChartContainer - [K3S] [WARNING] Host resolv.conf includes loopback or multicast nameservers - kubelet will use autogenerated resolv.conf with nameserver 8.8.8.8
2025-01-29 22:10:58,993 INFO c.h.h.t.HelmChartContainer - [K3S] [INFO] Module overlay was already loaded
2025-01-29 22:10:58,993 INFO c.h.h.t.HelmChartContainer - [K3S] [INFO] Module nf_conntrack was already loaded
2025-01-29 22:10:58,993 INFO c.h.h.t.HelmChartContainer - [K3S] [INFO] Module br_netfilter was already loaded
2025-01-29 22:10:58,999 INFO c.h.h.t.HelmChartContainer - [K3S] [INFO] Set sysctl 'net/netfilter/nf_conntrack_tcp_timeout_close_wait' to 3600
2025-01-29 22:10:59,000 INFO c.h.h.t.HelmChartContainer - [K3S] [INFO] Set sysctl 'net/netfilter/nf_conntrack_max' to 131072
2025-01-29 22:10:59,000 INFO c.h.h.t.HelmChartContainer - [K3S] [INFO] Set sysctl 'net/netfilter/nf_conntrack_tcp_timeout_established' to 86400
2025-01-29 22:10:59,001 INFO c.h.h.t.HelmChartContainer - [K3S] [INFO] Logging containerd to /var/lib/rancher/k3s/agent/containerd/containerd.log
2025-01-29 22:10:59,002 INFO c.h.h.t.HelmChartContainer - [K3S] [INFO] Running containerd -c /var/lib/rancher/k3s/agent/etc/containerd/config.toml -a /run/k3s/containerd/containerd.sock --state /run/k3s/containerd --root /var/lib/rancher/k3s/agent/containerd
2025-01-29 22:10:59,727 INFO c.h.h.t.HelmChartContainer - [K3S] [storage_scheduling.go:95] created PriorityClass system-node-critical with value 2000001000
2025-01-29 22:10:59,729 INFO c.h.h.t.HelmChartContainer - [K3S] [storage_scheduling.go:95] created PriorityClass system-cluster-critical with value 2000000000
2025-01-29 22:10:59,729 INFO c.h.h.t.HelmChartContainer - [K3S] [storage_scheduling.go:111] all system priority classes are created successfully or already exist.
2025-01-29 22:11:00,006 INFO c.h.h.t.HelmChartContainer - [K3S] [INFO] containerd is now running
2025-01-29 22:11:00,011 INFO c.h.h.t.HelmChartContainer - [K3S] [INFO] Connecting to proxy" url="wss://127.0.0.1:6443/v1-k3s/connect
2025-01-29 22:11:00,011 INFO c.h.h.t.HelmChartContainer - [K3S] [INFO] Creating k3s-cert-monitor event broadcaster
2025-01-29 22:11:00,013 INFO c.h.h.t.HelmChartContainer - [K3S] [INFO] Running kubelet --cloud-provider=external --config-dir=/var/lib/rancher/k3s/agent/etc/kubelet.conf.d --containerd=/run/k3s/containerd/containerd.sock --hostname-override=6c7c6f7dc8ee --kubeconfig=/var/lib/rancher/k3s/agent/kubelet.kubeconfig --node-ip=172.18.0.2 --node-labels=
2025-01-29 22:11:00,014 INFO c.h.h.t.HelmChartContainer - [K3S] [INFO] Handling backend connection request [6c7c6f7dc8ee]
2025-01-29 22:11:00,014 INFO c.h.h.t.HelmChartContainer - [K3S] [INFO] Remotedialer connected to proxy" url="wss://127.0.0.1:6443/v1-k3s/connect
2025-01-29 22:11:00,094 INFO c.h.h.t.HelmChartContainer - [K3S] [alloc.go:330] "allocated clusterIPs" service="default/kubernetes" clusterIPs={"IPv4":"10.43.0.1"}
2025-01-29 22:11:00,098 INFO c.h.h.t.HelmChartContainer - [K3S] [lease.go:265] Resetting endpoints for master service "kubernetes" to [172.18.0.2]
2025-01-29 22:11:00,106 INFO c.h.h.t.HelmChartContainer - [K3S] [ERROR] Sending HTTP/1.1 503 response to 127.0.0.1:51182: runtime core not ready
2025-01-29 22:11:00,196 INFO c.h.h.t.HelmChartContainer - [K3S] [INFO] Running kube-proxy --cluster-cidr=10.42.0.0/16 --conntrack-max-per-core=0 --conntrack-tcp-timeout-close-wait=0s --conntrack-tcp-timeout-established=0s --healthz-bind-address=127.0.0.1 --hostname-override=6c7c6f7dc8ee --kubeconfig=/var/lib/rancher/k3s/agent/kubeproxy.kubeconfig --proxy-mode=iptables
2025-01-29 22:11:00,239 INFO c.h.h.t.HelmChartContainer - [K3S] [server.go:687] "Failed to retrieve node info" err="nodes \"6c7c6f7dc8ee\" not found"
2025-01-29 22:11:00,835 INFO c.h.h.t.HelmChartContainer - [K3S] [INFO] Waiting for untainted node
2025-01-29 22:11:00,836 INFO c.h.h.t.HelmChartContainer - [K3S] [INFO] Kube API server is now running
2025-01-29 22:11:00,836 INFO c.h.h.t.HelmChartContainer - [K3S] [INFO] ETCD server is now running
2025-01-29 22:11:00,836 INFO c.h.h.t.HelmChartContainer - [K3S] [INFO] k3s is up and running
2025-01-29 22:11:00,836 INFO c.h.h.t.HelmChartContainer - [K3S] [INFO] Waiting for cloud-controller-manager privileges to become available
2025-01-29 22:11:00,836 INFO c.h.h.t.HelmChartContainer - [K3S] [INFO] Creating k3s-supervisor event broadcaster
2025-01-29 22:11:00,843 INFO c.h.h.t.HelmChartContainer - [K3S] [INFO] Applying CRD addons.k3s.cattle.io
2025-01-29 22:11:00,854 INFO c.h.h.t.HelmChartContainer - [K3S] [INFO] Applying CRD etcdsnapshotfiles.k3s.cattle.io
2025-01-29 22:11:00,862 INFO c.h.h.t.HelmChartContainer - [K3S] [INFO] Applying CRD helmcharts.helm.cattle.io
2025-01-29 22:11:00,873 INFO c.h.h.t.HelmChartContainer - [K3S] [INFO] Applying CRD helmchartconfigs.helm.cattle.io
2025-01-29 22:11:00,885 INFO c.h.h.t.HelmChartContainer - [K3S] [INFO] Waiting for CRD helmchartconfigs.helm.cattle.io to become available
2025-01-29 22:11:01,028 INFO c.h.h.t.HelmChartContainer - [K3S] Flag --containerd has been deprecated, This is a cadvisor flag that was mistakenly registered with the Kubelet. Due to legacy concerns, it will follow the standard CLI deprecation timeline before being removed.
2025-01-29 22:11:01,031 INFO c.h.h.t.HelmChartContainer - [K3S] [server.go:515] "Kubelet version" kubeletVersion="v1.32.1+k3s1"
2025-01-29 22:11:01,031 INFO c.h.h.t.HelmChartContainer - [K3S] [server.go:517] "Golang settings" GOGC="" GOMAXPROCS="" GOTRACEBACK=""
2025-01-29 22:11:01,032 INFO c.h.h.t.HelmChartContainer - [K3S] [dynamic_cafile_content.go:161] "Starting controller" name="client-ca-bundle::/var/lib/rancher/k3s/agent/client-ca.crt"
2025-01-29 22:11:01,034 INFO c.h.h.t.HelmChartContainer - [K3S] [log.go:32] "RuntimeConfig from runtime service failed" err="rpc error: code = Unimplemented desc = method RuntimeConfig not implemented"
2025-01-29 22:11:01,034 INFO c.h.h.t.HelmChartContainer - [K3S] [server.go:1416] "CRI implementation should be updated to support RuntimeConfig when KubeletCgroupDriverFromCRI feature gate has been enabled. Falling back to using cgroupDriver from kubelet config."
2025-01-29 22:11:01,037 INFO c.h.h.t.HelmChartContainer - [K3S] [info.go:53] Couldn't collect info from any of the files in "/etc/machine-id,/var/lib/dbus/machine-id"
2025-01-29 22:11:01,037 INFO c.h.h.t.HelmChartContainer - [K3S] [server.go:767] "--cgroups-per-qos enabled, but --cgroup-root was not specified.  defaulting to /"
2025-01-29 22:11:01,038 INFO c.h.h.t.HelmChartContainer - [K3S] [server.go:836] "NoSwap is set due to memorySwapBehavior not specified" memorySwapBehavior="" FailSwapOn=false
2025-01-29 22:11:01,039 INFO c.h.h.t.HelmChartContainer - [K3S] [swap_util.go:115] "Swap is on" /proc/swaps contents=<
2025-01-29 22:11:01,039 INFO c.h.h.t.HelmChartContainer - [K3S] 	Filename				Type		Size		Used		Priority
2025-01-29 22:11:01,039 INFO c.h.h.t.HelmChartContainer - [K3S] 	/mnt/swapfile                           file		4194300		0		-2
2025-01-29 22:11:01,039 INFO c.h.h.t.HelmChartContainer - [K3S]  >
2025-01-29 22:11:01,039 INFO c.h.h.t.HelmChartContainer - [K3S] [container_manager_linux.go:268] "Container manager verified user specified cgroup-root exists" cgroupRoot=[]
2025-01-29 22:11:01,040 INFO c.h.h.t.HelmChartContainer - [K3S] [container_manager_linux.go:273] "Creating Container Manager object based on Node Config" nodeConfig={"NodeName":"6c7c6f7dc8ee","RuntimeCgroupsName":"","SystemCgroupsName":"","KubeletCgroupsName":"/k3s","KubeletOOMScoreAdj":-999,"ContainerRuntime":"","CgroupsPerQOS":true,"CgroupRoot":"/","CgroupDriver":"cgroupfs","KubeletRootDir":"/var/lib/kubelet","ProtectKernelDefaults":false,"KubeReservedCgroupName":"","SystemReservedCgroupName":"","ReservedSystemCPUs":{},"EnforceNodeAllocatable":{"pods":{}},"KubeReserved":null,"SystemReserved":null,"HardEvictionThresholds":[{"Signal":"imagefs.available","Operator":"LessThan","Value":{"Quantity":null,"Percentage":0.05},"GracePeriod":0,"MinReclaim":null},{"Signal":"nodefs.available","Operator":"LessThan","Value":{"Quantity":null,"Percentage":0.05},"GracePeriod":0,"MinReclaim":null}],"QOSReserved":{},"CPUManagerPolicy":"none","CPUManagerPolicyOptions":null,"TopologyManagerScope":"container","CPUManagerReconcilePeriod":10000000000,"ExperimentalMemoryManagerPolicy":"None","ExperimentalMemoryManagerReservedMemory":null,"PodPidsLimit":-1,"EnforceCPULimits":true,"CPUCFSQuotaPeriod":100000000,"TopologyManagerPolicy":"none","TopologyManagerPolicyOptions":null,"CgroupVersion":2}
2025-01-29 22:11:01,040 INFO c.h.h.t.HelmChartContainer - [K3S] [topology_manager.go:138] "Creating topology manager with none policy"
2025-01-29 22:11:01,040 INFO c.h.h.t.HelmChartContainer - [K3S] [container_manager_linux.go:304] "Creating device plugin manager"
2025-01-29 22:11:01,040 INFO c.h.h.t.HelmChartContainer - [K3S] [state_mem.go:36] "Initialized new in-memory state store"
2025-01-29 22:11:01,040 INFO c.h.h.t.HelmChartContainer - [K3S] [kubelet.go:446] "Attempting to sync node with API server"
2025-01-29 22:11:01,040 INFO c.h.h.t.HelmChartContainer - [K3S] [kubelet.go:341] "Adding static pod path" path="/var/lib/rancher/k3s/agent/pod-manifests"
2025-01-29 22:11:01,040 INFO c.h.h.t.HelmChartContainer - [K3S] [kubelet.go:352] "Adding apiserver pod source"
2025-01-29 22:11:01,040 INFO c.h.h.t.HelmChartContainer - [K3S] [apiserver.go:42] "Waiting for node sync before watching apiserver pods"
2025-01-29 22:11:01,043 INFO c.h.h.t.HelmChartContainer - [K3S] [kuberuntime_manager.go:269] "Container runtime initialized" containerRuntime="containerd" version="v1.7.23-k3s2" apiVersion="v1"
2025-01-29 22:11:01,043 INFO c.h.h.t.HelmChartContainer - [K3S] [kubelet.go:890] "Not starting ClusterTrustBundle informer because we are in static kubelet mode"
2025-01-29 22:11:01,043 INFO c.h.h.t.HelmChartContainer - [K3S] [probe.go:272] Flexvolume plugin directory at /usr/libexec/kubernetes/kubelet-plugins/volume/exec/ does not exist. Recreating.
2025-01-29 22:11:01,046 INFO c.h.h.t.HelmChartContainer - [K3S] [watchdog_linux.go:99] "Systemd watchdog is not enabled"
2025-01-29 22:11:01,046 INFO c.h.h.t.HelmChartContainer - [K3S] [server.go:1282] "Started kubelet"
2025-01-29 22:11:01,048 INFO c.h.h.t.HelmChartContainer - [K3S] [ratelimit.go:55] "Setting rate limiting for endpoint" service="podresources" qps=100 burstTokens=10
2025-01-29 22:11:01,049 INFO c.h.h.t.HelmChartContainer - [K3S] [fs_resource_analyzer.go:67] "Starting FS ResourceAnalyzer"
2025-01-29 22:11:01,050 INFO c.h.h.t.HelmChartContainer - [K3S] [server.go:243] "Starting to serve the podresources API" endpoint="unix:/var/lib/kubelet/pod-resources/kubelet.sock"
2025-01-29 22:11:01,050 INFO c.h.h.t.HelmChartContainer - [K3S] [server.go:169] "Starting to listen" address="0.0.0.0" port=10250
2025-01-29 22:11:01,050 INFO c.h.h.t.HelmChartContainer - [K3S] [server.go:208] "Starting to listen read-only" address="0.0.0.0" port=10255
2025-01-29 22:11:01,052 INFO c.h.h.t.HelmChartContainer - [K3S] [server.go:490] "Adding debug handlers to kubelet server"
2025-01-29 22:11:01,053 INFO c.h.h.t.HelmChartContainer - [K3S] [dynamic_serving_content.go:135] "Starting controller" name="kubelet-server-cert-files::/var/lib/rancher/k3s/agent/serving-kubelet.crt::/var/lib/rancher/k3s/agent/serving-kubelet.key"
2025-01-29 22:11:01,055 INFO c.h.h.t.HelmChartContainer - [K3S] [kubelet.go:1561] "Image garbage collection failed once. Stats initialization may not have completed yet" err="invalid capacity 0 on image filesystem"
2025-01-29 22:11:01,057 INFO c.h.h.t.HelmChartContainer - [K3S] [kubelet_node_status.go:467] "Error getting the current node from lister" err="node \"6c7c6f7dc8ee\" not found"
2025-01-29 22:11:01,057 INFO c.h.h.t.HelmChartContainer - [K3S] [volume_manager.go:297] "Starting Kubelet Volume Manager"
2025-01-29 22:11:01,057 INFO c.h.h.t.HelmChartContainer - [K3S] [desired_state_of_world_populator.go:149] "Desired state populator starts to run"
2025-01-29 22:11:01,057 INFO c.h.h.t.HelmChartContainer - [K3S] [reconciler.go:26] "Reconciler: start to sync state"
2025-01-29 22:11:01,060 INFO c.h.h.t.HelmChartContainer - [K3S] [factory.go:221] Registration of the systemd container factory successfully
2025-01-29 22:11:01,060 INFO c.h.h.t.HelmChartContainer - [K3S] [factory.go:219] Registration of the crio container factory failed: Get "http://%2Fvar%2Frun%2Fcrio%2Fcrio.sock/info": dial unix /var/run/crio/crio.sock: connect: no such file or directory
2025-01-29 22:11:01,066 INFO c.h.h.t.HelmChartContainer - [K3S] [factory.go:221] Registration of the containerd container factory successfully
2025-01-29 22:11:01,072 INFO c.h.h.t.HelmChartContainer - [K3S] [kubelet_network_linux.go:50] "Initialized iptables rules." protocol="IPv4"
2025-01-29 22:11:01,073 INFO c.h.h.t.HelmChartContainer - [K3S] [kubelet_network_linux.go:50] "Initialized iptables rules." protocol="IPv6"
2025-01-29 22:11:01,073 INFO c.h.h.t.HelmChartContainer - [K3S] [status_manager.go:227] "Starting to sync pod status with apiserver"
2025-01-29 22:11:01,074 INFO c.h.h.t.HelmChartContainer - [K3S] [watchdog_linux.go:127] "Systemd watchdog is not enabled or the interval is invalid, so health checking will not be started."
2025-01-29 22:11:01,074 INFO c.h.h.t.HelmChartContainer - [K3S] [kubelet.go:2388] "Starting kubelet main sync loop"
2025-01-29 22:11:01,075 INFO c.h.h.t.HelmChartContainer - [K3S] [nodelease.go:49] "Failed to get node when trying to set owner ref to the node lease" err="nodes \"6c7c6f7dc8ee\" not found" node="6c7c6f7dc8ee"
2025-01-29 22:11:01,075 INFO c.h.h.t.HelmChartContainer - [K3S] [kubelet.go:2412] "Skipping pod synchronization" err="[container runtime status check may not have completed yet, PLEG is not healthy: pleg has yet to be successful]"
2025-01-29 22:11:01,086 INFO c.h.h.t.HelmChartContainer - [K3S] [cpu_manager.go:221] "Starting CPU manager" policy="none"
2025-01-29 22:11:01,087 INFO c.h.h.t.HelmChartContainer - [K3S] [cpu_manager.go:222] "Reconciling" reconcilePeriod="10s"
2025-01-29 22:11:01,087 INFO c.h.h.t.HelmChartContainer - [K3S] [state_mem.go:36] "Initialized new in-memory state store"
2025-01-29 22:11:01,089 INFO c.h.h.t.HelmChartContainer - [K3S] [policy_none.go:49] "None policy: Start"
2025-01-29 22:11:01,089 INFO c.h.h.t.HelmChartContainer - [K3S] [memory_manager.go:186] "Starting memorymanager" policy="None"
2025-01-29 22:11:01,089 INFO c.h.h.t.HelmChartContainer - [K3S] [state_mem.go:35] "Initializing new in-memory state store"
2025-01-29 22:11:01,093 INFO c.h.h.t.HelmChartContainer - [K3S] [manager.go:519] "Failed to read data from checkpoint" checkpoint="kubelet_internal_checkpoint" err="checkpoint is not found"
2025-01-29 22:11:01,093 INFO c.h.h.t.HelmChartContainer - [K3S] [eviction_manager.go:189] "Eviction manager: starting control loop"
2025-01-29 22:11:01,093 INFO c.h.h.t.HelmChartContainer - [K3S] [container_log_manager.go:189] "Initializing container log rotate workers" workers=1 monitorPeriod="10s"
2025-01-29 22:11:01,097 INFO c.h.h.t.HelmChartContainer - [K3S] [plugin_manager.go:118] "Starting Kubelet Plugin Manager"
2025-01-29 22:11:01,098 INFO c.h.h.t.HelmChartContainer - [K3S] [eviction_manager.go:267] "eviction manager: failed to check if we have separate container filesystem. Ignoring." err="no imagefs label for configured runtime"
2025-01-29 22:11:01,098 INFO c.h.h.t.HelmChartContainer - [K3S] [eviction_manager.go:292] "Eviction manager: failed to get summary stats" err="failed to get node info: node \"6c7c6f7dc8ee\" not found"
2025-01-29 22:11:01,193 INFO c.h.h.t.HelmChartContainer - [K3S] [kubelet_node_status.go:76] "Attempting to register node" node="6c7c6f7dc8ee"
2025-01-29 22:11:01,199 INFO c.h.h.t.HelmChartContainer - [K3S] [kubelet_node_status.go:79] "Successfully registered node" node="6c7c6f7dc8ee"
2025-01-29 22:11:01,200 INFO c.h.h.t.HelmChartContainer - [K3S] [kubelet_node_status.go:549] "Error updating node status, will retry" err="error getting node \"6c7c6f7dc8ee\": node \"6c7c6f7dc8ee\" not found"
2025-01-29 22:11:01,203 INFO c.h.h.t.HelmChartContainer - [K3S] [INFO] Annotations and labels have been set successfully on node: 6c7c6f7dc8ee
2025-01-29 22:11:01,203 INFO c.h.h.t.HelmChartContainer - [K3S] [INFO] Starting flannel with backend vxlan
2025-01-29 22:11:01,373 INFO c.h.h.t.HelmChartContainer - [K3S] [serving.go:392] Generated self-signed cert in-memory
2025-01-29 22:11:01,388 INFO c.h.h.t.HelmChartContainer - [K3S] [INFO] Done waiting for CRD helmchartconfigs.helm.cattle.io to become available
2025-01-29 22:11:01,389 INFO c.h.h.t.HelmChartContainer - [K3S] [INFO] Writing static file: /var/lib/rancher/k3s/server/static/charts/traefik-27.0.201+up27.0.2.tgz
2025-01-29 22:11:01,389 INFO c.h.h.t.HelmChartContainer - [K3S] [INFO] Writing static file: /var/lib/rancher/k3s/server/static/charts/traefik-crd-27.0.201+up27.0.2.tgz
2025-01-29 22:11:01,390 INFO c.h.h.t.HelmChartContainer - [K3S] [INFO] Writing manifest: /var/lib/rancher/k3s/server/manifests/metrics-server/metrics-apiservice.yaml
2025-01-29 22:11:01,390 INFO c.h.h.t.HelmChartContainer - [K3S] [INFO] Writing manifest: /var/lib/rancher/k3s/server/manifests/metrics-server/metrics-server-deployment.yaml
2025-01-29 22:11:01,390 INFO c.h.h.t.HelmChartContainer - [K3S] [INFO] Writing manifest: /var/lib/rancher/k3s/server/manifests/metrics-server/resource-reader.yaml
2025-01-29 22:11:01,390 INFO c.h.h.t.HelmChartContainer - [K3S] [INFO] Writing manifest: /var/lib/rancher/k3s/server/manifests/runtimes.yaml
2025-01-29 22:11:01,390 INFO c.h.h.t.HelmChartContainer - [K3S] [INFO] Writing manifest: /var/lib/rancher/k3s/server/manifests/ccm.yaml
2025-01-29 22:11:01,390 INFO c.h.h.t.HelmChartContainer - [K3S] [INFO] Writing manifest: /var/lib/rancher/k3s/server/manifests/metrics-server/aggregated-metrics-reader.yaml
2025-01-29 22:11:01,390 INFO c.h.h.t.HelmChartContainer - [K3S] [INFO] Writing manifest: /var/lib/rancher/k3s/server/manifests/metrics-server/auth-reader.yaml
2025-01-29 22:11:01,391 INFO c.h.h.t.HelmChartContainer - [K3S] [INFO] Writing manifest: /var/lib/rancher/k3s/server/manifests/metrics-server/metrics-server-service.yaml
2025-01-29 22:11:01,391 INFO c.h.h.t.HelmChartContainer - [K3S] [INFO] Writing manifest: /var/lib/rancher/k3s/server/manifests/rolebindings.yaml
2025-01-29 22:11:01,391 INFO c.h.h.t.HelmChartContainer - [K3S] [INFO] Writing manifest: /var/lib/rancher/k3s/server/manifests/coredns.yaml
2025-01-29 22:11:01,391 INFO c.h.h.t.HelmChartContainer - [K3S] [INFO] Writing manifest: /var/lib/rancher/k3s/server/manifests/local-storage.yaml
2025-01-29 22:11:01,391 INFO c.h.h.t.HelmChartContainer - [K3S] [INFO] Writing manifest: /var/lib/rancher/k3s/server/manifests/metrics-server/auth-delegator.yaml
2025-01-29 22:11:01,393 INFO c.h.h.t.HelmChartContainer - [K3S] [INFO] Starting dynamiclistener CN filter node controller with SANs: [localhost 127.0.0.1 ::1 localhost 6c7c6f7dc8ee 172.18.0.2 10.43.0.1 kubernetes kubernetes.default kubernetes.default.svc kubernetes.default.svc.cluster.local]
2025-01-29 22:11:01,393 INFO c.h.h.t.HelmChartContainer - [K3S] [INFO] Tunnel server egress proxy mode: agent
2025-01-29 22:11:01,406 INFO c.h.h.t.HelmChartContainer - [K3S] [kubelet_node_status.go:502] "Fast updating node status as it just became ready"
2025-01-29 22:11:01,433 INFO c.h.h.t.HelmChartContainer - [K3S] [server.go:698] "Successfully retrieved node IP(s)" IPs=["172.18.0.2"]
2025-01-29 22:11:01,433 INFO c.h.h.t.HelmChartContainer - [K3S] [server.go:234] "Kube-proxy configuration may be incomplete or incorrect" err="nodePortAddresses is unset; NodePort connections will be accepted on all local IPs. Consider using `--nodeport-addresses primary`"
2025-01-29 22:11:01,436 INFO c.h.h.t.HelmChartContainer - [K3S] [server.go:243] "kube-proxy running in dual-stack mode" primary ipFamily="IPv4"
2025-01-29 22:11:01,436 INFO c.h.h.t.HelmChartContainer - [K3S] [server_linux.go:170] "Using iptables Proxier"
2025-01-29 22:11:01,437 INFO c.h.h.t.HelmChartContainer - [K3S] [proxier.go:255] "Setting route_localnet=1 to allow node-ports on localhost; to change this either disable iptables.localhostNodePorts (--iptables-localhost-nodeports) or set nodePortAddresses (--nodeport-addresses) to filter loopback addresses"
2025-01-29 22:11:01,442 INFO c.h.h.t.HelmChartContainer - [K3S] [server.go:497] "Version info" version="v1.32.1+k3s1"
2025-01-29 22:11:01,442 INFO c.h.h.t.HelmChartContainer - [K3S] [server.go:499] "Golang settings" GOGC="" GOMAXPROCS="" GOTRACEBACK=""
2025-01-29 22:11:01,442 INFO c.h.h.t.HelmChartContainer - [K3S] [config.go:199] "Starting service config controller"
2025-01-29 22:11:01,443 INFO c.h.h.t.HelmChartContainer - [K3S] [config.go:105] "Starting endpoint slice config controller"
2025-01-29 22:11:01,444 INFO c.h.h.t.HelmChartContainer - [K3S] [config.go:329] "Starting node config controller"
2025-01-29 22:11:01,499 INFO c.h.h.t.HelmChartContainer - [K3S] [INFO] Starting k3s.cattle.io/v1, Kind=Addon controller
2025-01-29 22:11:01,499 INFO c.h.h.t.HelmChartContainer - [K3S] [INFO] Creating deploy event broadcaster
2025-01-29 22:11:01,605 INFO c.h.h.t.HelmChartContainer - [K3S] [INFO] Creating helm-controller event broadcaster
2025-01-29 22:11:01,606 INFO c.h.h.t.HelmChartContainer - [K3S] [INFO] Starting /v1, Kind=Node controller
2025-01-29 22:11:01,627 INFO c.h.h.t.HelmChartContainer - [K3S] [INFO] Labels and annotations have been set successfully on node: 6c7c6f7dc8ee
2025-01-29 22:11:01,630 INFO c.h.h.t.HelmChartContainer - [K3S] [INFO] Cluster dns configmap has been set successfully
2025-01-29 22:11:01,669 INFO c.h.h.t.HelmChartContainer - [K3S] [INFO] Starting /v1, Kind=Secret controller
2025-01-29 22:11:01,670 INFO c.h.h.t.HelmChartContainer - [K3S] [INFO] Starting /v1, Kind=ConfigMap controller
2025-01-29 22:11:01,671 INFO c.h.h.t.HelmChartContainer - [K3S] [INFO] Starting /v1, Kind=ServiceAccount controller
2025-01-29 22:11:01,675 INFO c.h.h.t.HelmChartContainer - [K3S] [INFO] Updating TLS secret for kube-system/k3s-serving (count: 10): map[listener.cattle.io/cn-10.43.0.1:10.43.0.1 listener.cattle.io/cn-127.0.0.1:127.0.0.1 listener.cattle.io/cn-172.18.0.2:172.18.0.2 listener.cattle.io/cn-6c7c6f7dc8ee:6c7c6f7dc8ee listener.cattle.io/cn-__1-f16284:::1 listener.cattle.io/cn-kubernetes:kubernetes listener.cattle.io/cn-kubernetes.default:kubernetes.default listener.cattle.io/cn-kubernetes.default.svc:kubernetes.default.svc listener.cattle.io/cn-kubernetes.default.svc.cluster.local:kubernetes.default.svc.cluster.local listener.cattle.io/cn-localhost:localhost listener.cattle.io/fingerprint:SHA1=EC39C13D1A42FC501E0BE853FFC108C5414C4013]
2025-01-29 22:11:01,679 INFO c.h.h.t.HelmChartContainer - [K3S] [INFO] Active TLS secret kube-system/k3s-serving (ver=230) (count 10): map[listener.cattle.io/cn-10.43.0.1:10.43.0.1 listener.cattle.io/cn-127.0.0.1:127.0.0.1 listener.cattle.io/cn-172.18.0.2:172.18.0.2 listener.cattle.io/cn-6c7c6f7dc8ee:6c7c6f7dc8ee listener.cattle.io/cn-__1-f16284:::1 listener.cattle.io/cn-kubernetes:kubernetes listener.cattle.io/cn-kubernetes.default:kubernetes.default listener.cattle.io/cn-kubernetes.default.svc:kubernetes.default.svc listener.cattle.io/cn-kubernetes.default.svc.cluster.local:kubernetes.default.svc.cluster.local listener.cattle.io/cn-localhost:localhost listener.cattle.io/fingerprint:SHA1=EC39C13D1A42FC501E0BE853FFC108C5414C4013]
2025-01-29 22:11:01,717 INFO c.h.h.t.HelmChartContainer - [K3S] [INFO] Starting helm.cattle.io/v1, Kind=HelmChart controller
2025-01-29 22:11:01,717 INFO c.h.h.t.HelmChartContainer - [K3S] [INFO] Starting helm.cattle.io/v1, Kind=HelmChartConfig controller
2025-01-29 22:11:01,722 INFO c.h.h.t.HelmChartContainer - [K3S] [INFO] Starting rbac.authorization.k8s.io/v1, Kind=ClusterRoleBinding controller
2025-01-29 22:11:01,729 INFO c.h.h.t.HelmChartContainer - [K3S] [INFO] Starting batch/v1, Kind=Job controller
2025-01-29 22:11:01,773 INFO c.h.h.t.HelmChartContainer - [K3S] [INFO] Updating TLS secret for kube-system/k3s-serving (count: 10): map[listener.cattle.io/cn-10.43.0.1:10.43.0.1 listener.cattle.io/cn-127.0.0.1:127.0.0.1 listener.cattle.io/cn-172.18.0.2:172.18.0.2 listener.cattle.io/cn-6c7c6f7dc8ee:6c7c6f7dc8ee listener.cattle.io/cn-__1-f16284:::1 listener.cattle.io/cn-kubernetes:kubernetes listener.cattle.io/cn-kubernetes.default:kubernetes.default listener.cattle.io/cn-kubernetes.default.svc:kubernetes.default.svc listener.cattle.io/cn-kubernetes.default.svc.cluster.local:kubernetes.default.svc.cluster.local listener.cattle.io/cn-localhost:localhost listener.cattle.io/fingerprint:SHA1=EC39C13D1A42FC501E0BE853FFC108C5414C4013]
2025-01-29 22:11:01,811 INFO c.h.h.t.HelmChartContainer - [K3S] [controllermanager.go:185] "Starting" version="v1.32.1+k3s1"
2025-01-29 22:11:01,812 INFO c.h.h.t.HelmChartContainer - [K3S] [controllermanager.go:187] "Golang settings" GOGC="" GOMAXPROCS="" GOTRACEBACK=""
2025-01-29 22:11:01,814 INFO c.h.h.t.HelmChartContainer - [K3S] [configmap_cafile_content.go:205] "Starting controller" name="client-ca::kube-system::extension-apiserver-authentication::client-ca-file"
2025-01-29 22:11:01,814 INFO c.h.h.t.HelmChartContainer - [K3S] [configmap_cafile_content.go:205] "Starting controller" name="client-ca::kube-system::extension-apiserver-authentication::requestheader-client-ca-file"
2025-01-29 22:11:01,814 INFO c.h.h.t.HelmChartContainer - [K3S] [requestheader_controller.go:180] Starting RequestHeaderAuthRequestController
2025-01-29 22:11:01,814 INFO c.h.h.t.HelmChartContainer - [K3S] [secure_serving.go:213] Serving securely on 127.0.0.1:10257
2025-01-29 22:11:01,815 INFO c.h.h.t.HelmChartContainer - [K3S] [tlsconfig.go:243] "Starting DynamicServingCertificateController"
2025-01-29 22:11:01,820 INFO c.h.h.t.HelmChartContainer - [K3S] [controllermanager.go:765] "Started controller" controller="serviceaccount-token-controller"
2025-01-29 22:11:01,826 INFO c.h.h.t.HelmChartContainer - [K3S] [controllermanager.go:765] "Started controller" controller="endpointslice-mirroring-controller"
2025-01-29 22:11:01,826 INFO c.h.h.t.HelmChartContainer - [K3S] [endpointslicemirroring_controller.go:227] "Starting EndpointSliceMirroring controller"
2025-01-29 22:11:01,831 INFO c.h.h.t.HelmChartContainer - [K3S] [controllermanager.go:765] "Started controller" controller="pod-garbage-collector-controller"
2025-01-29 22:11:01,831 INFO c.h.h.t.HelmChartContainer - [K3S] [gc_controller.go:99] "Starting GC controller"
2025-01-29 22:11:01,844 INFO c.h.h.t.HelmChartContainer - [K3S] [range_allocator.go:112] "No Secondary Service CIDR provided. Skipping filtering out secondary service addresses"
2025-01-29 22:11:01,844 INFO c.h.h.t.HelmChartContainer - [K3S] [controllermanager.go:765] "Started controller" controller="node-ipam-controller"
2025-01-29 22:11:01,844 INFO c.h.h.t.HelmChartContainer - [K3S] [node_ipam_controller.go:141] "Starting ipam controller"
2025-01-29 22:11:01,849 INFO c.h.h.t.HelmChartContainer - [K3S] [controllermanager.go:765] "Started controller" controller="persistentvolume-protection-controller"
2025-01-29 22:11:01,849 INFO c.h.h.t.HelmChartContainer - [K3S] [controllermanager.go:717] "Controller is disabled by a feature gate" controller="resourceclaim-controller" requiredFeatureGates=["DynamicResourceAllocation"]
2025-01-29 22:11:01,849 INFO c.h.h.t.HelmChartContainer - [K3S] [pv_protection_controller.go:81] "Starting PV protection controller"
2025-01-29 22:11:01,854 INFO c.h.h.t.HelmChartContainer - [K3S] [controllermanager.go:765] "Started controller" controller="endpointslice-controller"
2025-01-29 22:11:01,854 INFO c.h.h.t.HelmChartContainer - [K3S] [endpointslice_controller.go:281] "Starting endpoint slice controller"
2025-01-29 22:11:01,859 INFO c.h.h.t.HelmChartContainer - [K3S] [controllermanager.go:765] "Started controller" controller="job-controller"
2025-01-29 22:11:01,859 INFO c.h.h.t.HelmChartContainer - [K3S] [job_controller.go:243] "Starting job controller"
2025-01-29 22:11:01,865 INFO c.h.h.t.HelmChartContainer - [K3S] [controllermanager.go:765] "Started controller" controller="disruption-controller"
2025-01-29 22:11:01,865 INFO c.h.h.t.HelmChartContainer - [K3S] [disruption.go:452] "Sending events to api server."
2025-01-29 22:11:01,865 INFO c.h.h.t.HelmChartContainer - [K3S] [disruption.go:463] "Starting disruption controller"
2025-01-29 22:11:01,870 INFO c.h.h.t.HelmChartContainer - [K3S] [controllermanager.go:765] "Started controller" controller="ttl-controller"
2025-01-29 22:11:01,870 INFO c.h.h.t.HelmChartContainer - [K3S] [controllermanager.go:717] "Controller is disabled by a feature gate" controller="service-cidr-controller" requiredFeatureGates=["MultiCIDRServiceAllocator"]
2025-01-29 22:11:01,870 INFO c.h.h.t.HelmChartContainer - [K3S] [ttl_controller.go:127] "Starting TTL controller"
2025-01-29 22:11:01,875 INFO c.h.h.t.HelmChartContainer - [K3S] [controllermanager.go:765] "Started controller" controller="endpoints-controller"
2025-01-29 22:11:01,875 INFO c.h.h.t.HelmChartContainer - [K3S] [endpoints_controller.go:182] "Starting endpoint controller"
2025-01-29 22:11:02,039 INFO c.h.h.t.HelmChartContainer - [K3S] [apiserver.go:52] "Watching apiserver"
2025-01-29 22:11:02,057 INFO c.h.h.t.HelmChartContainer - [K3S] [desired_state_of_world_populator.go:157] "Finished populating initial desired state of world"
2025-01-29 22:11:02,077 INFO c.h.h.t.HelmChartContainer - [K3S] [controllermanager.go:765] "Started controller" controller="namespace-controller"
2025-01-29 22:11:02,077 INFO c.h.h.t.HelmChartContainer - [K3S] [namespace_controller.go:202] "Starting namespace controller"
2025-01-29 22:11:02,322 INFO c.h.h.t.HelmChartContainer - [K3S] [graph_builder.go:351] "Running" component="GraphBuilder"
2025-01-29 22:11:02,322 INFO c.h.h.t.HelmChartContainer - [K3S] [controllermanager.go:765] "Started controller" controller="garbage-collector-controller"
2025-01-29 22:11:02,579 INFO c.h.h.t.HelmChartContainer - [K3S] [controllermanager.go:765] "Started controller" controller="clusterrole-aggregation-controller"
2025-01-29 22:11:02,579 INFO c.h.h.t.HelmChartContainer - [K3S] [clusterroleaggregation_controller.go:194] "Starting ClusterRoleAggregator controller"
2025-01-29 22:11:02,579 INFO c.h.h.t.HelmChartContainer - [K3S] [controllermanager.go:717] "Controller is disabled by a feature gate" controller="volumeattributesclass-protection-controller" requiredFeatureGates=["VolumeAttributesClass"]
2025-01-29 22:11:02,724 INFO c.h.h.t.HelmChartContainer - [K3S] [controllermanager.go:765] "Started controller" controller="ttl-after-finished-controller"
2025-01-29 22:11:02,725 INFO c.h.h.t.HelmChartContainer - [K3S] [ttlafterfinished_controller.go:112] "Starting TTL after finished controller"
2025-01-29 22:11:02,873 INFO c.h.h.t.HelmChartContainer - [K3S] [controllermanager.go:765] "Started controller" controller="ephemeral-volume-controller"
2025-01-29 22:11:02,873 INFO c.h.h.t.HelmChartContainer - [K3S] [controllermanager.go:717] "Controller is disabled by a feature gate" controller="selinux-warning-controller" requiredFeatureGates=["SELinuxChangePolicy"]
2025-01-29 22:11:02,873 INFO c.h.h.t.HelmChartContainer - [K3S] [controller.go:173] "Starting ephemeral volume controller"
2025-01-29 22:11:03,023 INFO c.h.h.t.HelmChartContainer - [K3S] [controllermanager.go:765] "Started controller" controller="replicationcontroller-controller"
2025-01-29 22:11:03,023 INFO c.h.h.t.HelmChartContainer - [K3S] [replica_set.go:217] "Starting controller" name="replicationcontroller"
2025-01-29 22:11:03,172 INFO c.h.h.t.HelmChartContainer - [K3S] [controllermanager.go:765] "Started controller" controller="daemonset-controller"
2025-01-29 22:11:03,173 INFO c.h.h.t.HelmChartContainer - [K3S] [daemon_controller.go:294] "Starting daemon sets controller"
2025-01-29 22:11:03,474 INFO c.h.h.t.HelmChartContainer - [K3S] [controllermanager.go:765] "Started controller" controller="horizontal-pod-autoscaler-controller"
2025-01-29 22:11:03,474 INFO c.h.h.t.HelmChartContainer - [K3S] [horizontal.go:201] "Starting HPA controller"
2025-01-29 22:11:03,505 INFO c.h.h.t.HelmChartContainer - [K3S] [event.go:389] "Event occurred" object="kube-system/ccm" fieldPath="" kind="Addon" apiVersion="k3s.cattle.io/v1" type="Normal" reason="ApplyingManifest" message="Applying manifest at \"/var/lib/rancher/k3s/server/manifests/ccm.yaml\""
2025-01-29 22:11:03,526 INFO c.h.h.t.HelmChartContainer - [K3S] [event.go:389] "Event occurred" object="6c7c6f7dc8ee" fieldPath="" kind="Node" apiVersion="" type="Normal" reason="NodePasswordValidationComplete" message="Deferred node password secret validation complete"
2025-01-29 22:11:03,529 INFO c.h.h.t.HelmChartContainer - [K3S] [event.go:389] "Event occurred" object="kube-system/ccm" fieldPath="" kind="Addon" apiVersion="k3s.cattle.io/v1" type="Normal" reason="AppliedManifest" message="Applied manifest at \"/var/lib/rancher/k3s/server/manifests/ccm.yaml\""
2025-01-29 22:11:03,537 INFO c.h.h.t.HelmChartContainer - [K3S] [event.go:389] "Event occurred" object="kube-system/coredns" fieldPath="" kind="Addon" apiVersion="k3s.cattle.io/v1" type="Normal" reason="ApplyingManifest" message="Applying manifest at \"/var/lib/rancher/k3s/server/manifests/coredns.yaml\""
2025-01-29 22:11:03,622 INFO c.h.h.t.HelmChartContainer - [K3S] [controllermanager.go:765] "Started controller" controller="certificatesigningrequest-approving-controller"
2025-01-29 22:11:03,623 INFO c.h.h.t.HelmChartContainer - [K3S] [certificate_controller.go:120] "Starting certificate controller" name="csrapproving"
2025-01-29 22:11:03,641 INFO c.h.h.t.HelmChartContainer - [K3S] [alloc.go:330] "allocated clusterIPs" service="kube-system/kube-dns" clusterIPs={"IPv4":"10.43.0.10"}
2025-01-29 22:11:03,642 INFO c.h.h.t.HelmChartContainer - [K3S] [event.go:389] "Event occurred" object="kube-system/coredns" fieldPath="" kind="Addon" apiVersion="k3s.cattle.io/v1" type="Normal" reason="AppliedManifest" message="Applied manifest at \"/var/lib/rancher/k3s/server/manifests/coredns.yaml\""
2025-01-29 22:11:03,655 INFO c.h.h.t.HelmChartContainer - [K3S] [event.go:389] "Event occurred" object="kube-system/local-storage" fieldPath="" kind="Addon" apiVersion="k3s.cattle.io/v1" type="Normal" reason="ApplyingManifest" message="Applying manifest at \"/var/lib/rancher/k3s/server/manifests/local-storage.yaml\""
2025-01-29 22:11:03,740 INFO c.h.h.t.HelmChartContainer - [K3S] [event.go:389] "Event occurred" object="kube-system/local-storage" fieldPath="" kind="Addon" apiVersion="k3s.cattle.io/v1" type="Normal" reason="AppliedManifest" message="Applied manifest at \"/var/lib/rancher/k3s/server/manifests/local-storage.yaml\""
2025-01-29 22:11:03,746 INFO c.h.h.t.HelmChartContainer - [K3S] [event.go:389] "Event occurred" object="kube-system/aggregated-metrics-reader" fieldPath="" kind="Addon" apiVersion="k3s.cattle.io/v1" type="Normal" reason="ApplyingManifest" message="Applying manifest at \"/var/lib/rancher/k3s/server/manifests/metrics-server/aggregated-metrics-reader.yaml\""
2025-01-29 22:11:03,773 INFO c.h.h.t.HelmChartContainer - [K3S] [controllermanager.go:765] "Started controller" controller="token-cleaner-controller"
2025-01-29 22:11:03,773 INFO c.h.h.t.HelmChartContainer - [K3S] [controllermanager.go:723] "Skipping a cloud provider controller" controller="service-lb-controller"
2025-01-29 22:11:03,773 INFO c.h.h.t.HelmChartContainer - [K3S] [tokencleaner.go:117] "Starting token cleaner controller"
2025-01-29 22:11:03,812 INFO c.h.h.t.HelmChartContainer - [K3S] [event.go:389] "Event occurred" object="kube-system/aggregated-metrics-reader" fieldPath="" kind="Addon" apiVersion="k3s.cattle.io/v1" type="Normal" reason="AppliedManifest" message="Applied manifest at \"/var/lib/rancher/k3s/server/manifests/metrics-server/aggregated-metrics-reader.yaml\""
2025-01-29 22:11:03,818 INFO c.h.h.t.HelmChartContainer - [K3S] [event.go:389] "Event occurred" object="kube-system/auth-delegator" fieldPath="" kind="Addon" apiVersion="k3s.cattle.io/v1" type="Normal" reason="ApplyingManifest" message="Applying manifest at \"/var/lib/rancher/k3s/server/manifests/metrics-server/auth-delegator.yaml\""
2025-01-29 22:11:03,824 INFO c.h.h.t.HelmChartContainer - [K3S] [event.go:389] "Event occurred" object="kube-system/auth-delegator" fieldPath="" kind="Addon" apiVersion="k3s.cattle.io/v1" type="Normal" reason="AppliedManifest" message="Applied manifest at \"/var/lib/rancher/k3s/server/manifests/metrics-server/auth-delegator.yaml\""
2025-01-29 22:11:03,829 INFO c.h.h.t.HelmChartContainer - [K3S] [event.go:389] "Event occurred" object="kube-system/auth-reader" fieldPath="" kind="Addon" apiVersion="k3s.cattle.io/v1" type="Normal" reason="ApplyingManifest" message="Applying manifest at \"/var/lib/rancher/k3s/server/manifests/metrics-server/auth-reader.yaml\""
2025-01-29 22:11:03,833 INFO c.h.h.t.HelmChartContainer - [K3S] [event.go:389] "Event occurred" object="kube-system/auth-reader" fieldPath="" kind="Addon" apiVersion="k3s.cattle.io/v1" type="Normal" reason="AppliedManifest" message="Applied manifest at \"/var/lib/rancher/k3s/server/manifests/metrics-server/auth-reader.yaml\""
2025-01-29 22:11:03,852 INFO c.h.h.t.HelmChartContainer - [K3S] [event.go:389] "Event occurred" object="kube-system/metrics-apiservice" fieldPath="" kind="Addon" apiVersion="k3s.cattle.io/v1" type="Normal" reason="ApplyingManifest" message="Applying manifest at \"/var/lib/rancher/k3s/server/manifests/metrics-server/metrics-apiservice.yaml\""
2025-01-29 22:11:03,873 INFO c.h.h.t.HelmChartContainer - [K3S] [event.go:389] "Event occurred" object="kube-system/metrics-apiservice" fieldPath="" kind="Addon" apiVersion="k3s.cattle.io/v1" type="Normal" reason="AppliedManifest" message="Applied manifest at \"/var/lib/rancher/k3s/server/manifests/metrics-server/metrics-apiservice.yaml\""
2025-01-29 22:11:03,884 INFO c.h.h.t.HelmChartContainer - [K3S] [handler_proxy.go:99] no RequestInfo found in the context
2025-01-29 22:11:03,888 INFO c.h.h.t.HelmChartContainer - [K3S] [controller.go:146] "Unhandled Error" err=<
2025-01-29 22:11:03,888 INFO c.h.h.t.HelmChartContainer - [K3S] 	, Header: map[Content-Type:[text/plain; charset=utf-8] X-Content-Type-Options:[nosniff]]
2025-01-29 22:11:03,888 INFO c.h.h.t.HelmChartContainer - [K3S]  >
2025-01-29 22:11:03,888 INFO c.h.h.t.HelmChartContainer - [K3S] [handler_proxy.go:143] error resolving kube-system/metrics-server: service "metrics-server" not found
2025-01-29 22:11:03,893 INFO c.h.h.t.HelmChartContainer - [K3S] [event.go:389] "Event occurred" object="kube-system/metrics-server-deployment" fieldPath="" kind="Addon" apiVersion="k3s.cattle.io/v1" type="Normal" reason="ApplyingManifest" message="Applying manifest at \"/var/lib/rancher/k3s/server/manifests/metrics-server/metrics-server-deployment.yaml\""
2025-01-29 22:11:03,920 INFO c.h.h.t.HelmChartContainer - [K3S] [event.go:389] "Event occurred" object="kube-system/metrics-server-deployment" fieldPath="" kind="Addon" apiVersion="k3s.cattle.io/v1" type="Normal" reason="AppliedManifest" message="Applied manifest at \"/var/lib/rancher/k3s/server/manifests/metrics-server/metrics-server-deployment.yaml\""
2025-01-29 22:11:03,929 INFO c.h.h.t.HelmChartContainer - [K3S] [controllermanager.go:765] "Started controller" controller="serviceaccount-controller"
2025-01-29 22:11:03,929 INFO c.h.h.t.HelmChartContainer - [K3S] [serviceaccounts_controller.go:114] "Starting service account controller"
2025-01-29 22:11:03,929 INFO c.h.h.t.HelmChartContainer - [K3S] [event.go:389] "Event occurred" object="kube-system/metrics-server-service" fieldPath="" kind="Addon" apiVersion="k3s.cattle.io/v1" type="Normal" reason="ApplyingManifest" message="Applying manifest at \"/var/lib/rancher/k3s/server/manifests/metrics-server/metrics-server-service.yaml\""
2025-01-29 22:11:03,939 INFO c.h.h.t.HelmChartContainer - [K3S] [alloc.go:330] "allocated clusterIPs" service="kube-system/metrics-server" clusterIPs={"IPv4":"10.43.93.144"}
2025-01-29 22:11:03,944 INFO c.h.h.t.HelmChartContainer - [K3S] [event.go:389] "Event occurred" object="kube-system/metrics-server-service" fieldPath="" kind="Addon" apiVersion="k3s.cattle.io/v1" type="Normal" reason="AppliedManifest" message="Applied manifest at \"/var/lib/rancher/k3s/server/manifests/metrics-server/metrics-server-service.yaml\""
2025-01-29 22:11:03,952 INFO c.h.h.t.HelmChartContainer - [K3S] [event.go:389] "Event occurred" object="kube-system/resource-reader" fieldPath="" kind="Addon" apiVersion="k3s.cattle.io/v1" type="Normal" reason="ApplyingManifest" message="Applying manifest at \"/var/lib/rancher/k3s/server/manifests/metrics-server/resource-reader.yaml\""
2025-01-29 22:11:03,958 INFO c.h.h.t.HelmChartContainer - [K3S] [handler_proxy.go:99] no RequestInfo found in the context
2025-01-29 22:11:03,959 INFO c.h.h.t.HelmChartContainer - [K3S] [controller.go:146] "Unhandled Error" err=<
2025-01-29 22:11:03,963 INFO c.h.h.t.HelmChartContainer - [K3S] 	, Header: map[Content-Type:[text/plain; charset=utf-8] X-Content-Type-Options:[nosniff]]
2025-01-29 22:11:03,963 INFO c.h.h.t.HelmChartContainer - [K3S]  >
2025-01-29 22:11:03,963 INFO c.h.h.t.HelmChartContainer - [K3S] [handler_proxy.go:143] error resolving kube-system/metrics-server: endpoints "metrics-server" not found
2025-01-29 22:11:03,968 INFO c.h.h.t.HelmChartContainer - [K3S] [event.go:389] "Event occurred" object="kube-system/resource-reader" fieldPath="" kind="Addon" apiVersion="k3s.cattle.io/v1" type="Normal" reason="AppliedManifest" message="Applied manifest at \"/var/lib/rancher/k3s/server/manifests/metrics-server/resource-reader.yaml\""
2025-01-29 22:11:03,974 INFO c.h.h.t.HelmChartContainer - [K3S] [controllermanager.go:765] "Started controller" controller="certificatesigningrequest-signing-controller"
2025-01-29 22:11:03,975 INFO c.h.h.t.HelmChartContainer - [K3S] [certificate_controller.go:120] "Starting certificate controller" name="csrsigning-kubelet-serving"
2025-01-29 22:11:03,975 INFO c.h.h.t.HelmChartContainer - [K3S] [certificate_controller.go:120] "Starting certificate controller" name="csrsigning-kubelet-client"
2025-01-29 22:11:03,975 INFO c.h.h.t.HelmChartContainer - [K3S] [certificate_controller.go:120] "Starting certificate controller" name="csrsigning-kube-apiserver-client"
2025-01-29 22:11:03,975 INFO c.h.h.t.HelmChartContainer - [K3S] [certificate_controller.go:120] "Starting certificate controller" name="csrsigning-legacy-unknown"
2025-01-29 22:11:03,975 INFO c.h.h.t.HelmChartContainer - [K3S] [dynamic_serving_content.go:135] "Starting controller" name="csr-controller::/var/lib/rancher/k3s/server/tls/server-ca.nochain.crt::/var/lib/rancher/k3s/server/tls/server-ca.key"
2025-01-29 22:11:03,975 INFO c.h.h.t.HelmChartContainer - [K3S] [dynamic_serving_content.go:135] "Starting controller" name="csr-controller::/var/lib/rancher/k3s/server/tls/client-ca.nochain.crt::/var/lib/rancher/k3s/server/tls/client-ca.key"
2025-01-29 22:11:03,975 INFO c.h.h.t.HelmChartContainer - [K3S] [dynamic_serving_content.go:135] "Starting controller" name="csr-controller::/var/lib/rancher/k3s/server/tls/client-ca.nochain.crt::/var/lib/rancher/k3s/server/tls/client-ca.key"
2025-01-29 22:11:03,975 INFO c.h.h.t.HelmChartContainer - [K3S] [dynamic_serving_content.go:135] "Starting controller" name="csr-controller::/var/lib/rancher/k3s/server/tls/server-ca.nochain.crt::/var/lib/rancher/k3s/server/tls/server-ca.key"
2025-01-29 22:11:03,980 INFO c.h.h.t.HelmChartContainer - [K3S] [event.go:389] "Event occurred" object="kube-system/rolebindings" fieldPath="" kind="Addon" apiVersion="k3s.cattle.io/v1" type="Normal" reason="ApplyingManifest" message="Applying manifest at \"/var/lib/rancher/k3s/server/manifests/rolebindings.yaml\""
2025-01-29 22:11:04,085 INFO c.h.h.t.HelmChartContainer - [K3S] [event.go:389] "Event occurred" object="kube-system/rolebindings" fieldPath="" kind="Addon" apiVersion="k3s.cattle.io/v1" type="Normal" reason="AppliedManifest" message="Applied manifest at \"/var/lib/rancher/k3s/server/manifests/rolebindings.yaml\""
2025-01-29 22:11:04,091 INFO c.h.h.t.HelmChartContainer - [K3S] [event.go:389] "Event occurred" object="kube-system/runtimes" fieldPath="" kind="Addon" apiVersion="k3s.cattle.io/v1" type="Normal" reason="ApplyingManifest" message="Applying manifest at \"/var/lib/rancher/k3s/server/manifests/runtimes.yaml\""
2025-01-29 22:11:04,096 INFO c.h.h.t.HelmChartContainer - [K3S] [serving.go:392] Generated self-signed cert in-memory
2025-01-29 22:11:04,125 INFO c.h.h.t.HelmChartContainer - [K3S] [controllermanager.go:765] "Started controller" controller="root-ca-certificate-publisher-controller"
2025-01-29 22:11:04,128 INFO c.h.h.t.HelmChartContainer - [K3S] [publisher.go:107] "Starting root CA cert publisher controller"
2025-01-29 22:11:04,128 INFO c.h.h.t.HelmChartContainer - [K3S] [event.go:389] "Event occurred" object="kube-system/runtimes" fieldPath="" kind="Addon" apiVersion="k3s.cattle.io/v1" type="Normal" reason="AppliedManifest" message="Applied manifest at \"/var/lib/rancher/k3s/server/manifests/runtimes.yaml\""
2025-01-29 22:11:04,323 INFO c.h.h.t.HelmChartContainer - [K3S] [controllermanager.go:765] "Started controller" controller="validatingadmissionpolicy-status-controller"
2025-01-29 22:11:04,355 INFO c.h.h.t.HelmChartContainer - [K3S] [serving.go:392] Generated self-signed cert in-memory
2025-01-29 22:11:04,632 INFO c.h.h.t.HelmChartContainer - [K3S] [controllermanager.go:765] "Started controller" controller="resourcequota-controller"
2025-01-29 22:11:04,633 INFO c.h.h.t.HelmChartContainer - [K3S] [resource_quota_controller.go:300] "Starting resource quota controller"
2025-01-29 22:11:04,669 INFO c.h.h.t.HelmChartContainer - [K3S] [controllermanager.go:160] Version: v1.32.1+k3s1
2025-01-29 22:11:04,675 INFO c.h.h.t.HelmChartContainer - [K3S] [requestheader_controller.go:180] Starting RequestHeaderAuthRequestController
2025-01-29 22:11:04,677 INFO c.h.h.t.HelmChartContainer - [K3S] [configmap_cafile_content.go:205] "Starting controller" name="client-ca::kube-system::extension-apiserver-authentication::client-ca-file"
2025-01-29 22:11:04,677 INFO c.h.h.t.HelmChartContainer - [K3S] [configmap_cafile_content.go:205] "Starting controller" name="client-ca::kube-system::extension-apiserver-authentication::requestheader-client-ca-file"
2025-01-29 22:11:04,677 INFO c.h.h.t.HelmChartContainer - [K3S] [secure_serving.go:213] Serving securely on 127.0.0.1:10258
2025-01-29 22:11:04,677 INFO c.h.h.t.HelmChartContainer - [K3S] [tlsconfig.go:243] "Starting DynamicServingCertificateController"
2025-01-29 22:11:04,682 INFO c.h.h.t.HelmChartContainer - [K3S] [INFO] Creating service-lb-controller event broadcaster
2025-01-29 22:11:04,773 INFO c.h.h.t.HelmChartContainer - [K3S] [controllermanager.go:765] "Started controller" controller="replicaset-controller"
2025-01-29 22:11:04,773 INFO c.h.h.t.HelmChartContainer - [K3S] [controllermanager.go:717] "Controller is disabled by a feature gate" controller="kube-apiserver-serving-clustertrustbundle-publisher-controller" requiredFeatureGates=["ClusterTrustBundle"]
2025-01-29 22:11:04,774 INFO c.h.h.t.HelmChartContainer - [K3S] [controllermanager.go:717] "Controller is disabled by a feature gate" controller="storageversion-garbage-collector-controller" requiredFeatureGates=["APIServerIdentity","StorageVersionAPI"]
2025-01-29 22:11:04,774 INFO c.h.h.t.HelmChartContainer - [K3S] [replica_set.go:217] "Starting controller" name="replicaset"
2025-01-29 22:11:04,799 INFO c.h.h.t.HelmChartContainer - [K3S] [INFO] Starting /v1, Kind=Node controller
2025-01-29 22:11:04,802 INFO c.h.h.t.HelmChartContainer - [K3S] [INFO] Starting /v1, Kind=Pod controller
2025-01-29 22:11:04,805 INFO c.h.h.t.HelmChartContainer - [K3S] [INFO] Starting apps/v1, Kind=DaemonSet controller
2025-01-29 22:11:04,810 INFO c.h.h.t.HelmChartContainer - [K3S] [INFO] Starting discovery.k8s.io/v1, Kind=EndpointSlice controller
2025-01-29 22:11:04,810 INFO c.h.h.t.HelmChartContainer - [K3S] [controllermanager.go:329] Started "service-lb-controller"
2025-01-29 22:11:04,811 INFO c.h.h.t.HelmChartContainer - [K3S] [controllermanager.go:306] "node-route-controller" is disabled
2025-01-29 22:11:04,811 INFO c.h.h.t.HelmChartContainer - [K3S] [controllermanager.go:329] Started "cloud-node-controller"
2025-01-29 22:11:04,811 INFO c.h.h.t.HelmChartContainer - [K3S] [controllermanager.go:329] Started "cloud-node-lifecycle-controller"
2025-01-29 22:11:04,812 INFO c.h.h.t.HelmChartContainer - [K3S] [node_controller.go:176] Sending events to api server.
2025-01-29 22:11:04,812 INFO c.h.h.t.HelmChartContainer - [K3S] [node_controller.go:185] Waiting for informer caches to sync
2025-01-29 22:11:04,812 INFO c.h.h.t.HelmChartContainer - [K3S] [node_lifecycle_controller.go:112] Sending events to api server
2025-01-29 22:11:04,812 INFO c.h.h.t.HelmChartContainer - [K3S] [controller.go:234] Starting service controller
2025-01-29 22:11:04,822 INFO c.h.h.t.HelmChartContainer - [K3S] [controllermanager.go:765] "Started controller" controller="taint-eviction-controller"
2025-01-29 22:11:04,822 INFO c.h.h.t.HelmChartContainer - [K3S] [taint_eviction.go:281] "Starting" controller="taint-eviction-controller"
2025-01-29 22:11:04,822 INFO c.h.h.t.HelmChartContainer - [K3S] [taint_eviction.go:287] "Sending events to api server"
2025-01-29 22:11:04,872 INFO c.h.h.t.HelmChartContainer - [K3S] [handler_proxy.go:99] no RequestInfo found in the context
2025-01-29 22:11:04,872 INFO c.h.h.t.HelmChartContainer - [K3S] [handler_proxy.go:99] no RequestInfo found in the context
2025-01-29 22:11:04,872 INFO c.h.h.t.HelmChartContainer - [K3S] [controller.go:102] "Unhandled Error" err=<
2025-01-29 22:11:04,872 INFO c.h.h.t.HelmChartContainer - [K3S] 	, Header: map[Content-Type:[text/plain; charset=utf-8] X-Content-Type-Options:[nosniff]]
2025-01-29 22:11:04,872 INFO c.h.h.t.HelmChartContainer - [K3S]  >
2025-01-29 22:11:04,913 INFO c.h.h.t.HelmChartContainer - [K3S] [node_controller.go:429] Initializing node 6c7c6f7dc8ee with cloud provider
2025-01-29 22:11:04,929 INFO c.h.h.t.HelmChartContainer - [K3S] [node_controller.go:474] Successfully initialized node 6c7c6f7dc8ee with cloud provider
2025-01-29 22:11:04,929 INFO c.h.h.t.HelmChartContainer - [K3S] [event.go:389] "Event occurred" object="6c7c6f7dc8ee" fieldPath="" kind="Node" apiVersion="v1" type="Normal" reason="Synced" message="Node synced successfully"
2025-01-29 22:11:04,929 INFO c.h.h.t.HelmChartContainer - [K3S] [INFO] Updated coredns NodeHosts entry for 6c7c6f7dc8ee
2025-01-29 22:11:04,973 INFO c.h.h.t.HelmChartContainer - [K3S] [controllermanager.go:765] "Started controller" controller="deployment-controller"
2025-01-29 22:11:04,973 INFO c.h.h.t.HelmChartContainer - [K3S] [deployment_controller.go:173] "Starting controller" controller="deployment"
2025-01-29 22:11:05,024 INFO c.h.h.t.HelmChartContainer - [K3S] [INFO] Tunnel authorizer set Kubelet Port 0.0.0.0:10250
2025-01-29 22:11:05,124 INFO c.h.h.t.HelmChartContainer - [K3S] [controllermanager.go:765] "Started controller" controller="cronjob-controller"
2025-01-29 22:11:05,124 INFO c.h.h.t.HelmChartContainer - [K3S] [cronjob_controllerv2.go:145] "Starting cronjob controller v2"
2025-01-29 22:11:05,173 INFO c.h.h.t.HelmChartContainer - [K3S] [controllermanager.go:765] "Started controller" controller="certificatesigningrequest-cleaner-controller"
2025-01-29 22:11:05,175 INFO c.h.h.t.HelmChartContainer - [K3S] [controllermanager.go:728] "Warning: controller is disabled" controller="bootstrap-signer-controller"
2025-01-29 22:11:05,175 INFO c.h.h.t.HelmChartContainer - [K3S] [cleaner.go:83] "Starting CSR cleaner controller"
2025-01-29 22:11:05,223 INFO c.h.h.t.HelmChartContainer - [K3S] [node_lifecycle_controller.go:432] "Controller will reconcile labels"
2025-01-29 22:11:05,223 INFO c.h.h.t.HelmChartContainer - [K3S] [controllermanager.go:765] "Started controller" controller="node-lifecycle-controller"
2025-01-29 22:11:05,224 INFO c.h.h.t.HelmChartContainer - [K3S] [node_lifecycle_controller.go:466] "Sending events to api server"
2025-01-29 22:11:05,224 INFO c.h.h.t.HelmChartContainer - [K3S] [node_lifecycle_controller.go:477] "Starting node controller"
2025-01-29 22:11:05,374 INFO c.h.h.t.HelmChartContainer - [K3S] [controllermanager.go:765] "Started controller" controller="persistentvolume-expander-controller"
2025-01-29 22:11:05,374 INFO c.h.h.t.HelmChartContainer - [K3S] [expand_controller.go:329] "Starting expand controller"
2025-01-29 22:11:05,463 INFO c.h.h.t.HelmChartContainer - [K3S] [serving.go:392] Generated self-signed cert in-memory
2025-01-29 22:11:05,531 INFO c.h.h.t.HelmChartContainer - [K3S] [controllermanager.go:765] "Started controller" controller="legacy-serviceaccount-token-cleaner-controller"
2025-01-29 22:11:05,531 INFO c.h.h.t.HelmChartContainer - [K3S] [controllermanager.go:743] "Warning: skipping controller" controller="storage-version-migrator-controller"
2025-01-29 22:11:05,531 INFO c.h.h.t.HelmChartContainer - [K3S] [legacy_serviceaccount_token_cleaner.go:103] "Starting legacy service account token cleaner controller"
2025-01-29 22:11:05,674 INFO c.h.h.t.HelmChartContainer - [K3S] [controllermanager.go:765] "Started controller" controller="statefulset-controller"
2025-01-29 22:11:05,674 INFO c.h.h.t.HelmChartContainer - [K3S] [controllermanager.go:723] "Skipping a cloud provider controller" controller="node-route-controller"
2025-01-29 22:11:05,674 INFO c.h.h.t.HelmChartContainer - [K3S] [controllermanager.go:723] "Skipping a cloud provider controller" controller="cloud-node-lifecycle-controller"
2025-01-29 22:11:05,674 INFO c.h.h.t.HelmChartContainer - [K3S] [stateful_set.go:166] "Starting stateful set controller"
2025-01-29 22:11:05,824 INFO c.h.h.t.HelmChartContainer - [K3S] [controllermanager.go:765] "Started controller" controller="persistentvolume-binder-controller"
2025-01-29 22:11:05,824 INFO c.h.h.t.HelmChartContainer - [K3S] [pv_controller_base.go:308] "Starting persistent volume controller"
2025-01-29 22:11:05,977 INFO c.h.h.t.HelmChartContainer - [K3S] [controllermanager.go:765] "Started controller" controller="persistentvolume-attach-detach-controller"
2025-01-29 22:11:05,978 INFO c.h.h.t.HelmChartContainer - [K3S] [attach_detach_controller.go:338] "Starting attach detach controller"
2025-01-29 22:11:06,021 INFO c.h.h.t.HelmChartContainer - [K3S] [INFO] Started tunnel to 172.18.0.2:6443
2025-01-29 22:11:06,022 INFO c.h.h.t.HelmChartContainer - [K3S] [INFO] Stopped tunnel to 127.0.0.1:6443
2025-01-29 22:11:06,022 INFO c.h.h.t.HelmChartContainer - [K3S] [INFO] Connecting to proxy" url="wss://172.18.0.2:6443/v1-k3s/connect
2025-01-29 22:11:06,022 INFO c.h.h.t.HelmChartContainer - [K3S] [INFO] Proxy done" err="context canceled" url="wss://127.0.0.1:6443/v1-k3s/connect
2025-01-29 22:11:06,023 INFO c.h.h.t.HelmChartContainer - [K3S] [INFO] error in remotedialer server [400]: websocket: close 1006 (abnormal closure): unexpected EOF
2025-01-29 22:11:06,024 INFO c.h.h.t.HelmChartContainer - [K3S] [INFO] Handling backend connection request [6c7c6f7dc8ee]
2025-01-29 22:11:06,024 INFO c.h.h.t.HelmChartContainer - [K3S] [INFO] Remotedialer connected to proxy" url="wss://172.18.0.2:6443/v1-k3s/connect
2025-01-29 22:11:06,124 INFO c.h.h.t.HelmChartContainer - [K3S] [controllermanager.go:765] "Started controller" controller="persistentvolumeclaim-protection-controller"
2025-01-29 22:11:06,124 INFO c.h.h.t.HelmChartContainer - [K3S] [pvc_protection_controller.go:168] "Starting PVC protection controller"
2025-01-29 22:11:06,142 INFO c.h.h.t.HelmChartContainer - [K3S] [server.go:164] "Starting Kubernetes Scheduler" version="v1.32.1+k3s1"
2025-01-29 22:11:06,142 INFO c.h.h.t.HelmChartContainer - [K3S] [server.go:166] "Golang settings" GOGC="" GOMAXPROCS="" GOTRACEBACK=""
2025-01-29 22:11:06,145 INFO c.h.h.t.HelmChartContainer - [K3S] [secure_serving.go:213] Serving securely on 127.0.0.1:10259
2025-01-29 22:11:06,145 INFO c.h.h.t.HelmChartContainer - [K3S] [tlsconfig.go:243] "Starting DynamicServingCertificateController"
2025-01-29 22:11:06,145 INFO c.h.h.t.HelmChartContainer - [K3S] [actual_state_of_world.go:541] "Failed to update statusUpdateNeeded field in actual state of world" err="Failed to set statusUpdateNeeded to needed true, because nodeName=\"6c7c6f7dc8ee\" does not exist"
2025-01-29 22:11:06,146 INFO c.h.h.t.HelmChartContainer - [K3S] [requestheader_controller.go:180] Starting RequestHeaderAuthRequestController
2025-01-29 22:11:06,146 INFO c.h.h.t.HelmChartContainer - [K3S] [configmap_cafile_content.go:205] "Starting controller" name="client-ca::kube-system::extension-apiserver-authentication::client-ca-file"
2025-01-29 22:11:06,146 INFO c.h.h.t.HelmChartContainer - [K3S] [configmap_cafile_content.go:205] "Starting controller" name="client-ca::kube-system::extension-apiserver-authentication::requestheader-client-ca-file"
2025-01-29 22:11:06,225 INFO c.h.h.t.HelmChartContainer - [K3S] [node_lifecycle_controller.go:1234] "Initializing eviction metric for zone" zone=""
2025-01-29 22:11:06,225 INFO c.h.h.t.HelmChartContainer - [K3S] [node_lifecycle_controller.go:886] "Missing timestamp for Node. Assuming now as a timestamp" node="6c7c6f7dc8ee"
2025-01-29 22:11:06,225 INFO c.h.h.t.HelmChartContainer - [K3S] [node_lifecycle_controller.go:1080] "Controller detected that zone is now in new state" zone="" newState="Normal"
2025-01-29 22:11:06,245 INFO c.h.h.t.HelmChartContainer - [K3S] [range_allocator.go:177] "Sending events to api server"
2025-01-29 22:11:06,245 INFO c.h.h.t.HelmChartContainer - [K3S] [range_allocator.go:183] "Starting range CIDR allocator"
2025-01-29 22:11:06,249 INFO c.h.h.t.HelmChartContainer - [K3S] [INFO] Flannel found PodCIDR assigned for node 6c7c6f7dc8ee
2025-01-29 22:11:06,250 INFO c.h.h.t.HelmChartContainer - [K3S] [range_allocator.go:428] "Set node PodCIDR" node="6c7c6f7dc8ee" podCIDRs=["10.42.0.0/24"]
2025-01-29 22:11:06,250 INFO c.h.h.t.HelmChartContainer - [K3S] [range_allocator.go:247] "Successfully synced" key="6c7c6f7dc8ee"
2025-01-29 22:11:06,251 INFO c.h.h.t.HelmChartContainer - [K3S] [range_allocator.go:247] "Successfully synced" key="6c7c6f7dc8ee"
2025-01-29 22:11:06,251 INFO c.h.h.t.HelmChartContainer - [K3S] [INFO] The interface eth0 with ipv4 address 172.18.0.2 will be used by flannel
2025-01-29 22:11:06,252 INFO c.h.h.t.HelmChartContainer - [K3S] [kube.go:139] Waiting 10m0s for node controller to sync
2025-01-29 22:11:06,253 INFO c.h.h.t.HelmChartContainer - [K3S] [kube.go:469] Starting kube subnet manager
2025-01-29 22:11:06,363 INFO c.h.h.t.HelmChartContainer - [K3S] [INFO] Starting network policy controller version v2.2.1, built on 2025-01-28T18:27:08Z, go1.23.4
2025-01-29 22:11:06,363 INFO c.h.h.t.HelmChartContainer - [K3S] [network_policy_controller.go:164] Starting network policy controller
2025-01-29 22:11:06,379 INFO c.h.h.t.HelmChartContainer - [K3S] [range_allocator.go:247] "Successfully synced" key="6c7c6f7dc8ee"
2025-01-29 22:11:06,395 INFO c.h.h.t.HelmChartContainer - [K3S] [network_policy_controller.go:176] Starting network policy controller full sync goroutine
2025-01-29 22:11:06,930 INFO c.h.h.t.HelmChartContainer - [K3S] [handler_proxy.go:99] no RequestInfo found in the context
2025-01-29 22:11:06,931 INFO c.h.h.t.HelmChartContainer - [K3S] [controller.go:146] "Unhandled Error" err=<
2025-01-29 22:11:06,931 INFO c.h.h.t.HelmChartContainer - [K3S] 	, Header: map[Content-Type:[text/plain; charset=utf-8] X-Content-Type-Options:[nosniff]]
2025-01-29 22:11:06,931 INFO c.h.h.t.HelmChartContainer - [K3S]  >
2025-01-29 22:11:06,931 INFO c.h.h.t.HelmChartContainer - [K3S] [handler_proxy.go:143] error resolving kube-system/metrics-server: no endpoints available for service "metrics-server"
2025-01-29 22:11:07,040 INFO c.h.h.t.HelmChartContainer - [K3S] [replica_set.go:679] "Finished syncing" kind="ReplicaSet" key="kube-system/local-path-provisioner-698b58967b" duration="157.294131ms"
2025-01-29 22:11:07,045 INFO c.h.h.t.HelmChartContainer - [K3S] [replica_set.go:679] "Finished syncing" kind="ReplicaSet" key="kube-system/metrics-server-8584b5786c" duration="164.509224ms"
2025-01-29 22:11:07,047 INFO c.h.h.t.HelmChartContainer - [K3S] [replica_set.go:679] "Finished syncing" kind="ReplicaSet" key="kube-system/coredns-ff8999cc5" duration="165.28314ms"
2025-01-29 22:11:07,056 INFO c.h.h.t.HelmChartContainer - [K3S] [replica_set.go:679] "Finished syncing" kind="ReplicaSet" key="kube-system/metrics-server-8584b5786c" duration="9.580658ms"
2025-01-29 22:11:07,058 INFO c.h.h.t.HelmChartContainer - [K3S] [replica_set.go:679] "Finished syncing" kind="ReplicaSet" key="kube-system/metrics-server-8584b5786c" duration="25.598µs"
2025-01-29 22:11:07,065 INFO c.h.h.t.HelmChartContainer - [K3S] [replica_set.go:679] "Finished syncing" kind="ReplicaSet" key="kube-system/local-path-provisioner-698b58967b" duration="27.238298ms"
2025-01-29 22:11:07,066 INFO c.h.h.t.HelmChartContainer - [K3S] [replica_set.go:679] "Finished syncing" kind="ReplicaSet" key="kube-system/local-path-provisioner-698b58967b" duration="28.704µs"
2025-01-29 22:11:07,066 INFO c.h.h.t.HelmChartContainer - [K3S] [replica_set.go:679] "Finished syncing" kind="ReplicaSet" key="kube-system/local-path-provisioner-698b58967b" duration="19.336µs"
2025-01-29 22:11:07,068 INFO c.h.h.t.HelmChartContainer - [K3S] [replica_set.go:679] "Finished syncing" kind="ReplicaSet" key="kube-system/coredns-ff8999cc5" duration="20.957302ms"
2025-01-29 22:11:07,078 INFO c.h.h.t.HelmChartContainer - [K3S] [replica_set.go:679] "Finished syncing" kind="ReplicaSet" key="kube-system/metrics-server-8584b5786c" duration="25.287µs"
2025-01-29 22:11:07,081 INFO c.h.h.t.HelmChartContainer - [K3S] [replica_set.go:679] "Finished syncing" kind="ReplicaSet" key="kube-system/coredns-ff8999cc5" duration="12.658503ms"
2025-01-29 22:11:07,081 INFO c.h.h.t.HelmChartContainer - [K3S] [replica_set.go:679] "Finished syncing" kind="ReplicaSet" key="kube-system/coredns-ff8999cc5" duration="29.625µs"
2025-01-29 22:11:07,085 INFO c.h.h.t.HelmChartContainer - [K3S] [replica_set.go:679] "Finished syncing" kind="ReplicaSet" key="kube-system/local-path-provisioner-698b58967b" duration="22.301µs"
2025-01-29 22:11:07,094 INFO c.h.h.t.HelmChartContainer - [K3S] [replica_set.go:679] "Finished syncing" kind="ReplicaSet" key="kube-system/coredns-ff8999cc5" duration="26.82µs"
2025-01-29 22:11:07,187 INFO c.h.h.t.HelmChartContainer - [K3S] [reconciler_common.go:251] "operationExecutor.VerifyControllerAttachedVolume started for volume \"kube-api-access-lkqcq\" (UniqueName: \"kubernetes.io/projected/a95a5964-2e5a-43d3-8427-f12b7fda12f3-kube-api-access-lkqcq\") pod \"local-path-provisioner-698b58967b-r2vwn\" (UID: \"a95a5964-2e5a-43d3-8427-f12b7fda12f3\") " pod="kube-system/local-path-provisioner-698b58967b-r2vwn"
2025-01-29 22:11:07,187 INFO c.h.h.t.HelmChartContainer - [K3S] [reconciler_common.go:251] "operationExecutor.VerifyControllerAttachedVolume started for volume \"tmp-dir\" (UniqueName: \"kubernetes.io/empty-dir/03191697-9c2b-4bdf-be42-32031fb3651d-tmp-dir\") pod \"metrics-server-8584b5786c-ntrgh\" (UID: \"03191697-9c2b-4bdf-be42-32031fb3651d\") " pod="kube-system/metrics-server-8584b5786c-ntrgh"
2025-01-29 22:11:07,187 INFO c.h.h.t.HelmChartContainer - [K3S] [reconciler_common.go:251] "operationExecutor.VerifyControllerAttachedVolume started for volume \"kube-api-access-pv8j4\" (UniqueName: \"kubernetes.io/projected/03191697-9c2b-4bdf-be42-32031fb3651d-kube-api-access-pv8j4\") pod \"metrics-server-8584b5786c-ntrgh\" (UID: \"03191697-9c2b-4bdf-be42-32031fb3651d\") " pod="kube-system/metrics-server-8584b5786c-ntrgh"
2025-01-29 22:11:07,187 INFO c.h.h.t.HelmChartContainer - [K3S] [reconciler_common.go:251] "operationExecutor.VerifyControllerAttachedVolume started for volume \"config-volume\" (UniqueName: \"kubernetes.io/configmap/dd828f12-3820-4326-9c08-592c33ac8e42-config-volume\") pod \"coredns-ff8999cc5-wnh9s\" (UID: \"dd828f12-3820-4326-9c08-592c33ac8e42\") " pod="kube-system/coredns-ff8999cc5-wnh9s"
2025-01-29 22:11:07,187 INFO c.h.h.t.HelmChartContainer - [K3S] [reconciler_common.go:251] "operationExecutor.VerifyControllerAttachedVolume started for volume \"custom-config-volume\" (UniqueName: \"kubernetes.io/configmap/dd828f12-3820-4326-9c08-592c33ac8e42-custom-config-volume\") pod \"coredns-ff8999cc5-wnh9s\" (UID: \"dd828f12-3820-4326-9c08-592c33ac8e42\") " pod="kube-system/coredns-ff8999cc5-wnh9s"
2025-01-29 22:11:07,187 INFO c.h.h.t.HelmChartContainer - [K3S] [reconciler_common.go:251] "operationExecutor.VerifyControllerAttachedVolume started for volume \"kube-api-access-dj6x2\" (UniqueName: \"kubernetes.io/projected/dd828f12-3820-4326-9c08-592c33ac8e42-kube-api-access-dj6x2\") pod \"coredns-ff8999cc5-wnh9s\" (UID: \"dd828f12-3820-4326-9c08-592c33ac8e42\") " pod="kube-system/coredns-ff8999cc5-wnh9s"
2025-01-29 22:11:07,188 INFO c.h.h.t.HelmChartContainer - [K3S] [reconciler_common.go:251] "operationExecutor.VerifyControllerAttachedVolume started for volume \"config-volume\" (UniqueName: \"kubernetes.io/configmap/a95a5964-2e5a-43d3-8427-f12b7fda12f3-config-volume\") pod \"local-path-provisioner-698b58967b-r2vwn\" (UID: \"a95a5964-2e5a-43d3-8427-f12b7fda12f3\") " pod="kube-system/local-path-provisioner-698b58967b-r2vwn"
2025-01-29 22:11:07,253 INFO c.h.h.t.HelmChartContainer - [K3S] [kube.go:146] Node controller sync successful
2025-01-29 22:11:07,253 INFO c.h.h.t.HelmChartContainer - [K3S] [vxlan.go:141] VXLAN config: VNI=1 Port=0 GBP=false Learning=false DirectRouting=false
2025-01-29 22:11:07,256 INFO c.h.h.t.HelmChartContainer - [K3S] [kube.go:636] List of node(6c7c6f7dc8ee) annotations: map[string]string{"alpha.kubernetes.io/provided-node-ip":"172.18.0.2", "k3s.io/hostname":"6c7c6f7dc8ee", "k3s.io/internal-ip":"172.18.0.2", "k3s.io/node-args":"[\"server\",\"--etcd-arg\",\"unsafe-no-fsync\",\"--etcd-arg\",\"snapshot-count=10000\",\"--etcd-arg\",\"auto-compaction-mode=revision\",\"--etcd-arg\",\"auto-compaction-retention=1000000\",\"--kube-apiserver-arg\",\"etcd-compaction-interval=0s\",\"--disable\",\"traefik\",\"--tls-san\",\"localhost\"]", "k3s.io/node-config-hash":"2QNNT5M5XUBFOLO5XPGEVGOM5UDLHHTIVMSRUPAUHE5DU3HUYQUQ====", "k3s.io/node-env":"{}", "node.alpha.kubernetes.io/ttl":"0", "volumes.kubernetes.io/controller-managed-attach-detach":"true"}
2025-01-29 22:11:07,262 INFO c.h.h.t.HelmChartContainer - [K3S] [iptables.go:51] Starting flannel in iptables mode...
2025-01-29 22:11:07,262 INFO c.h.h.t.HelmChartContainer - [K3S] [WARNING] no subnet found for key: FLANNEL_NETWORK in file: /run/flannel/subnet.env
2025-01-29 22:11:07,262 INFO c.h.h.t.HelmChartContainer - [K3S] [WARNING] no subnet found for key: FLANNEL_SUBNET in file: /run/flannel/subnet.env
2025-01-29 22:11:07,262 INFO c.h.h.t.HelmChartContainer - [K3S] [WARNING] no subnet found for key: FLANNEL_IPV6_NETWORK in file: /run/flannel/subnet.env
2025-01-29 22:11:07,262 INFO c.h.h.t.HelmChartContainer - [K3S] [WARNING] no subnet found for key: FLANNEL_IPV6_SUBNET in file: /run/flannel/subnet.env
2025-01-29 22:11:07,263 INFO c.h.h.t.HelmChartContainer - [K3S] [iptables.go:115] Current network or subnet (10.42.0.0/16, 10.42.0.0/24) is not equal to previous one (0.0.0.0/0, 0.0.0.0/0), trying to recycle old iptables rules
2025-01-29 22:11:07,264 INFO c.h.h.t.HelmChartContainer - [K3S] [range_allocator.go:247] "Successfully synced" key="6c7c6f7dc8ee"
2025-01-29 22:11:07,264 INFO c.h.h.t.HelmChartContainer - [K3S] [kube.go:490] Creating the node lease for IPv4. This is the n.Spec.PodCIDRs: [10.42.0.0/24]
2025-01-29 22:11:07,271 INFO c.h.h.t.HelmChartContainer - [K3S] [iptables.go:125] Setting up masking rules
2025-01-29 22:11:07,274 INFO c.h.h.t.HelmChartContainer - [K3S] [iptables.go:226] Changing default FORWARD chain policy to ACCEPT
2025-01-29 22:11:07,275 INFO c.h.h.t.HelmChartContainer - [K3S] [INFO] Wrote flannel subnet file to /run/flannel/subnet.env
2025-01-29 22:11:07,275 INFO c.h.h.t.HelmChartContainer - [K3S] [INFO] Running flannel backend.
2025-01-29 22:11:07,276 INFO c.h.h.t.HelmChartContainer - [K3S] [vxlan_network.go:65] watching for new subnet leases
2025-01-29 22:11:07,284 INFO c.h.h.t.HelmChartContainer - [K3S] [iptables.go:372] bootstrap done
2025-01-29 22:11:07,292 INFO c.h.h.t.HelmChartContainer - [K3S] [iptables.go:372] bootstrap done
2025-01-29 22:11:07,932 INFO c.h.h.t.HelmChartContainer - [K3S] [handler_proxy.go:99] no RequestInfo found in the context
2025-01-29 22:11:07,934 INFO c.h.h.t.HelmChartContainer - [K3S] [handler_proxy.go:99] no RequestInfo found in the context
2025-01-29 22:11:07,934 INFO c.h.h.t.HelmChartContainer - [K3S] [controller.go:102] "Unhandled Error" err=<
2025-01-29 22:11:07,934 INFO c.h.h.t.HelmChartContainer - [K3S] 	, Header: map[Content-Type:[text/plain; charset=utf-8] X-Content-Type-Options:[nosniff]]
2025-01-29 22:11:07,934 INFO c.h.h.t.HelmChartContainer - [K3S]  >
2025-01-29 22:11:10,128 INFO c.h.h.t.HelmChartContainer - [K3S] [replica_set.go:679] "Finished syncing" kind="ReplicaSet" key="kube-system/local-path-provisioner-698b58967b" duration="8.185075ms"
2025-01-29 22:11:10,129 INFO c.h.h.t.HelmChartContainer - [K3S] [replica_set.go:679] "Finished syncing" kind="ReplicaSet" key="kube-system/local-path-provisioner-698b58967b" duration="32.65µs"
2025-01-29 22:11:10,147 INFO c.h.h.t.HelmChartContainer - [K3S] [replica_set.go:679] "Finished syncing" kind="ReplicaSet" key="kube-system/coredns-ff8999cc5" duration="10.760839ms"
2025-01-29 22:11:10,153 INFO c.h.h.t.HelmChartContainer - [K3S] [replica_set.go:679] "Finished syncing" kind="ReplicaSet" key="kube-system/coredns-ff8999cc5" duration="29.605µs"
2025-01-29 22:11:10,158 INFO c.h.h.t.HelmChartContainer - [K3S] [replica_set.go:679] "Finished syncing" kind="ReplicaSet" key="kube-system/metrics-server-8584b5786c" duration="29.615µs"
2025-01-29 22:11:11,041 DEBUG c.h.h.t.HelmChartContainer - Image file loaded 'hivemq-platform-operator.tar'
2025-01-29 22:11:11,372 INFO c.h.h.t.HelmChartContainer - [K3S] [kuberuntime_manager.go:1702] "Updating runtime config through cri with podcidr" CIDR="10.42.0.0/24"
2025-01-29 22:11:11,373 INFO c.h.h.t.HelmChartContainer - [K3S] [kubelet_network.go:61] "Updating Pod CIDR" originalPodCIDR="" newPodCIDR="10.42.0.0/24"
2025-01-29 22:11:11,379 INFO c.h.h.t.HelmChartContainer - [K3S] [range_allocator.go:247] "Successfully synced" key="6c7c6f7dc8ee"
2025-01-29 22:11:11,493 DEBUG c.h.h.t.HelmChartContainer - Image file loaded 'hivemq-platform-operator-init.tar'
2025-01-29 22:11:17,042 DEBUG c.h.h.t.HelmChartContainer - Image file loaded 'hivemq-platform.tar'
2025-01-29 22:11:17,042 DEBUG c.h.h.t.HelmChartContainer - Successful Helm chart Container startup
2025-01-29 22:11:17,048 INFO t.localhost/testcontainers/ytvpjyupnvwye5gr:latest - Container localhost/testcontainers/ytvpjyupnvwye5gr:latest started in PT21.029329151S
2025-01-29 22:11:17,058 DEBUG c.h.h.t.HelmChartContainer - Executing helm command: /bin/helm --kubeconfig /etc/rancher/k3s/k3s.yaml repo add hivemq https://hivemq.github.io/helm-charts
2025-01-29 22:11:18,512 INFO c.h.h.t.HelmChartContainer - [EVENT] Normal [Starting] Starting kubelet. [null:6c7c6f7dc8ee]
2025-01-29 22:11:18,517 INFO c.h.h.t.HelmChartContainer - Saved kubeconfig file on /tmp/kubeconfig-11072378083447517061.yaml
2025-01-29 22:11:18,517 INFO c.h.h.t.HelmChartContainer - HelmChartContainer is started
2025-01-29 22:11:18,517 INFO c.h.h.t.HelmChartContainer - [EVENT] Warning [InvalidDiskCapacity] invalid capacity 0 on image filesystem [null:6c7c6f7dc8ee]
2025-01-29 22:11:18,517 INFO c.h.h.t.HelmChartContainer - [EVENT] Normal [NodeHasSufficientMemory] Node 6c7c6f7dc8ee status is now: NodeHasSufficientMemory [null:6c7c6f7dc8ee]
2025-01-29 22:11:18,517 INFO c.h.h.t.HelmChartContainer - [EVENT] Normal [NodeHasNoDiskPressure] Node 6c7c6f7dc8ee status is now: NodeHasNoDiskPressure [null:6c7c6f7dc8ee]
2025-01-29 22:11:18,518 INFO c.h.h.t.HelmChartContainer - [EVENT] Normal [NodeHasSufficientPID] Node 6c7c6f7dc8ee status is now: NodeHasSufficientPID [null:6c7c6f7dc8ee]
2025-01-29 22:11:18,521 INFO c.h.h.t.HelmChartContainer - [EVENT] Normal [NodeAllocatableEnforced] Updated Node Allocatable limit across pods [null:6c7c6f7dc8ee]
2025-01-29 22:11:18,522 INFO c.h.h.t.HelmChartContainer - [EVENT] Normal [NodeReady] Node 6c7c6f7dc8ee status is now: NodeReady [null:6c7c6f7dc8ee]
2025-01-29 22:11:18,529 INFO c.h.h.t.HelmChartContainer - [EVENT] Normal [NodePasswordValidationComplete] Deferred node password secret validation complete [null:6c7c6f7dc8ee]
2025-01-29 22:11:18,529 INFO c.h.h.t.HelmChartContainer - [EVENT] Normal [Synced] Node synced successfully [null:6c7c6f7dc8ee]
2025-01-29 22:11:18,529 INFO c.h.h.t.HelmChartContainer - [EVENT] Normal [RegisteredNode] Node 6c7c6f7dc8ee event: Registered Node 6c7c6f7dc8ee in Controller [null:6c7c6f7dc8ee]
]]></system-out>
  <system-err><![CDATA[]]></system-err>
</testsuite>
