<?xml version="1.0" encoding="UTF-8"?>
<testsuite name="com.hivemq.helmcharts.operator.HelmApplyCrdIT" tests="3" skipped="0" failures="0" errors="0" timestamp="2025-07-01T12:16:25" hostname="fv-az1391-341" time="80.216">
  <properties/>
  <testcase name="withCrdNotDeployed_withDisabledCrdApply_operatorIsFailing()" classname="com.hivemq.helmcharts.operator.HelmApplyCrdIT" time="17.782"/>
  <testcase name="withCrdNotDeployed_operatorIsRunning()" classname="com.hivemq.helmcharts.operator.HelmApplyCrdIT" time="31.908"/>
  <testcase name="withOutdatedCrd_operatorIsRunning()" classname="com.hivemq.helmcharts.operator.HelmApplyCrdIT" time="30.526"/>
</testsuite>
