<?xml version="1.0" encoding="UTF-8"?>
<testsuite name="com.hivemq.helmcharts.operator.CustomOperatorNamespacesIT" tests="1" skipped="0" failures="0" errors="0" timestamp="2025-07-30T14:02:22" hostname="pkrvmjbmru5nbw0" time="123.003">
  <properties/>
  <testcase name="whenOperatorNamespacesIsConfigured_thenOnlyCustomResourcesInWatchedNamespacesReconciled()" classname="com.hivemq.helmcharts.operator.CustomOperatorNamespacesIT" time="123.003"/>
</testsuite>
