<?xml version="1.0" encoding="UTF-8"?>
<testsuite name="com.hivemq.helmcharts.operator.CustomOperatorSelectorsIT" tests="1" skipped="0" failures="0" errors="0" timestamp="2025-01-30T18:33:57" hostname="fv-az797-775" time="109.363">
  <properties/>
  <testcase name="whenOperatorSelectorIsConfigured_thenOnlyMatchingCustomResourcesAreReconciled()" classname="com.hivemq.helmcharts.operator.CustomOperatorSelectorsIT" time="109.363">
    <system-out><![CDATA[2025-01-30 18:33:57,778 INFO c.h.h.t.HelmChartContainer - Creating namespace 'customoperatorselectorsit-operator'...
2025-01-30 18:33:57,784 INFO c.h.h.t.HelmChartContainer - Namespace 'customoperatorselectorsit-operator' created
2025-01-30 18:33:57,784 INFO c.h.h.t.HelmChartContainer - Creating namespace 'customoperatorselectorsit'...
2025-01-30 18:33:57,887 INFO c.h.h.t.HelmChartContainer - Namespace 'customoperatorselectorsit' created
2025-01-30 18:33:57,958 DEBUG c.h.h.t.HelmChartContainer - Executing helm command: /bin/helm --kubeconfig /etc/rancher/k3s/k3s.yaml install test-hivemq-platform-operator /charts/hivemq-platform-operator --wait --timeout 5m0s --set image.repository=docker.io/hivemq --set image.name=hivemq-platform-operator-test --set image.initImageName=hivemq-platform-operator-init-test --set image.tag=snapshot --set image.pullPolicy=Never --set logLevel=DEBUG --set resources.cpu=512m --set selectors=group=alpha\,tier!=one --namespace customoperatorselectorsit-operator
2025-01-30 18:33:58,269 INFO c.h.h.t.HelmChartContainer - [K3S] [alloc.go:330] "allocated clusterIPs" service="customoperatorselectorsit-operator/hivemq-platform-operator-test-hivemq-platform-operator" clusterIPs={"IPv4":"10.43.178.81"}
2025-01-30 18:33:58,285 INFO c.h.h.t.HelmChartContainer - [EVENT] Normal [ScalingReplicaSet] Scaled up replica set hivemq-test-hivemq-platform-operator-7bd74f84c from 0 to 1 [customoperatorselectorsit-operator:hivemq-test-hivemq-platform-operator]
2025-01-30 18:33:58,288 INFO c.h.h.t.HelmChartContainer - [POD] hivemq-test-hivemq-platform-operator-7bd74f84c-dhc7r [bbb917b4-7597-4ee2-a095-ef1c6703fc3d] in customoperatorselectorsit-operator was ADDED
2025-01-30 18:33:58,295 INFO c.h.h.t.HelmChartContainer - [K3S] [replica_set.go:679] "Finished syncing" kind="ReplicaSet" key="customoperatorselectorsit-operator/hivemq-test-hivemq-platform-operator-7bd74f84c" duration="16.86995ms"
2025-01-30 18:33:58,298 INFO c.h.h.t.HelmChartContainer - [EVENT] Normal [SuccessfulCreate] Created pod: hivemq-test-hivemq-platform-operator-7bd74f84c-dhc7r [customoperatorselectorsit-operator:hivemq-test-hivemq-platform-operator-7bd74f84c]
2025-01-30 18:33:58,300 INFO c.h.h.t.HelmChartContainer - [K3S] [memory_manager.go:355] "RemoveStaleState removing state" podUID="b51f8dcc-03a5-420d-a59e-dd4345a3ddae" containerName="helper-pod"
2025-01-30 18:33:58,300 INFO c.h.h.t.HelmChartContainer - [K3S] [memory_manager.go:355] "RemoveStaleState removing state" podUID="87bc64b8-5c66-468d-a3d0-be19197a5261" containerName="helper-pod"
2025-01-30 18:33:58,300 INFO c.h.h.t.HelmChartContainer - [POD] hivemq-test-hivemq-platform-operator-7bd74f84c-dhc7r [bbb917b4-7597-4ee2-a095-ef1c6703fc3d] in customoperatorselectorsit-operator was MODIFIED
2025-01-30 18:33:58,306 INFO c.h.h.t.HelmChartContainer - [EVENT] Normal [Scheduled] Successfully assigned customoperatorselectorsit-operator/hivemq-test-hivemq-platform-operator-7bd74f84c-dhc7r to b99e65a4204c [customoperatorselectorsit-operator:hivemq-test-hivemq-platform-operator-7bd74f84c-dhc7r]
2025-01-30 18:33:58,311 INFO c.h.h.t.HelmChartContainer - [K3S] [replica_set.go:679] "Finished syncing" kind="ReplicaSet" key="customoperatorselectorsit-operator/hivemq-test-hivemq-platform-operator-7bd74f84c" duration="15.921916ms"
2025-01-30 18:33:58,313 INFO c.h.h.t.HelmChartContainer - [POD] hivemq-test-hivemq-platform-operator-7bd74f84c-dhc7r [bbb917b4-7597-4ee2-a095-ef1c6703fc3d] in customoperatorselectorsit-operator was MODIFIED
2025-01-30 18:33:58,323 INFO c.h.h.t.HelmChartContainer - [K3S] [replica_set.go:679] "Finished syncing" kind="ReplicaSet" key="customoperatorselectorsit-operator/hivemq-test-hivemq-platform-operator-7bd74f84c" duration="12.485528ms"
2025-01-30 18:33:58,323 INFO c.h.h.t.HelmChartContainer - [K3S] [replica_set.go:679] "Finished syncing" kind="ReplicaSet" key="customoperatorselectorsit-operator/hivemq-test-hivemq-platform-operator-7bd74f84c" duration="35.817µs"
2025-01-30 18:33:58,440 INFO c.h.h.t.HelmChartContainer - [K3S] [reconciler_common.go:251] "operationExecutor.VerifyControllerAttachedVolume started for volume \"kube-api-access-6r8bd\" (UniqueName: \"kubernetes.io/projected/bbb917b4-7597-4ee2-a095-ef1c6703fc3d-kube-api-access-6r8bd\") pod \"hivemq-test-hivemq-platform-operator-7bd74f84c-dhc7r\" (UID: \"bbb917b4-7597-4ee2-a095-ef1c6703fc3d\") " pod="customoperatorselectorsit-operator/hivemq-test-hivemq-platform-operator-7bd74f84c-dhc7r"
2025-01-30 18:33:58,689 INFO c.h.h.t.HelmChartContainer - [EVENT] Normal [Pulled] Container image "docker.io/hivemq/hivemq-platform-operator-test:snapshot" already present on machine [customoperatorselectorsit-operator:hivemq-test-hivemq-platform-operator-7bd74f84c-dhc7r]
2025-01-30 18:33:58,689 INFO c.h.h.t.HelmChartContainer - Received Pulled event for container hivemq-platform-operator in pod hivemq-test-hivemq-platform-operator-7bd74f84c-dhc7r [bbb917b4-7597-4ee2-a095-ef1c6703fc3d]
2025-01-30 18:33:58,803 INFO c.h.h.t.HelmChartContainer - [EVENT] Normal [Created] Created container: hivemq-platform-operator [customoperatorselectorsit-operator:hivemq-test-hivemq-platform-operator-7bd74f84c-dhc7r]
2025-01-30 18:33:58,803 INFO c.h.h.t.HelmChartContainer - Received Created event for container hivemq-platform-operator in pod hivemq-test-hivemq-platform-operator-7bd74f84c-dhc7r [bbb917b4-7597-4ee2-a095-ef1c6703fc3d]
2025-01-30 18:33:58,993 INFO c.h.h.t.HelmChartContainer - [K3S] [replica_set.go:679] "Finished syncing" kind="ReplicaSet" key="customoperatorselectorsit-operator/hivemq-test-hivemq-platform-operator-7bd74f84c" duration="44.603µs"
2025-01-30 18:33:58,998 INFO c.h.h.t.HelmChartContainer - [POD] hivemq-test-hivemq-platform-operator-7bd74f84c-dhc7r [bbb917b4-7597-4ee2-a095-ef1c6703fc3d] in customoperatorselectorsit-operator was MODIFIED
2025-01-30 18:33:59,005 INFO c.h.h.t.HelmChartContainer - [EVENT] Normal [Started] Started container hivemq-platform-operator [customoperatorselectorsit-operator:hivemq-test-hivemq-platform-operator-7bd74f84c-dhc7r]
2025-01-30 18:33:59,005 INFO c.h.h.t.HelmChartContainer - Received Started event for container hivemq-platform-operator in pod hivemq-test-hivemq-platform-operator-7bd74f84c-dhc7r [bbb917b4-7597-4ee2-a095-ef1c6703fc3d]
2025-01-30 18:33:59,006 INFO c.h.h.t.HelmChartContainer - Started log watcher for hivemq-platform-operator in pod hivemq-test-hivemq-platform-operator-7bd74f84c-dhc7r [bbb917b4-7597-4ee2-a095-ef1c6703fc3d]
2025-01-30 18:33:59,006 INFO c.h.h.t.HelmChartContainer - [hivemq-test-hivemq-platform] [hivemq-platform-operator] [bbb917b4] -------------------------------------------------------------------------
2025-01-30 18:33:59,006 INFO c.h.h.t.HelmChartContainer - [hivemq-test-hivemq-platform] [hivemq-platform-operator] [bbb917b4] 
2025-01-30 18:33:59,006 INFO c.h.h.t.HelmChartContainer - [hivemq-test-hivemq-platform] [hivemq-platform-operator] [bbb917b4]                   _    _  _              __  __   ____
2025-01-30 18:33:59,006 INFO c.h.h.t.HelmChartContainer - [hivemq-test-hivemq-platform] [hivemq-platform-operator] [bbb917b4]                  | |  | |(_)            |  \/  | / __ \
2025-01-30 18:33:59,006 INFO c.h.h.t.HelmChartContainer - [hivemq-test-hivemq-platform] [hivemq-platform-operator] [bbb917b4]                  | |__| | _ __   __ ___ | \  / || |  | |
2025-01-30 18:33:59,006 INFO c.h.h.t.HelmChartContainer - [hivemq-test-hivemq-platform] [hivemq-platform-operator] [bbb917b4]                  |  __  || |\ \ / // _ \| |\/| || |  | |
2025-01-30 18:33:59,006 INFO c.h.h.t.HelmChartContainer - [hivemq-test-hivemq-platform] [hivemq-platform-operator] [bbb917b4]                  | |  | || | \ V /|  __/| |  | || |__| |
2025-01-30 18:33:59,006 INFO c.h.h.t.HelmChartContainer - [hivemq-test-hivemq-platform] [hivemq-platform-operator] [bbb917b4]                  |_|  |_||_|  \_/  \___||_|  |_| \___\_\
2025-01-30 18:33:59,006 INFO c.h.h.t.HelmChartContainer - [hivemq-test-hivemq-platform] [hivemq-platform-operator] [bbb917b4] 
2025-01-30 18:33:59,007 INFO c.h.h.t.HelmChartContainer - [hivemq-test-hivemq-platform] [hivemq-platform-operator] [bbb917b4] -------------------------------------------------------------------------
2025-01-30 18:33:59,007 INFO c.h.h.t.HelmChartContainer - [hivemq-test-hivemq-platform] [hivemq-platform-operator] [bbb917b4] 
2025-01-30 18:33:59,007 INFO c.h.h.t.HelmChartContainer - [hivemq-test-hivemq-platform] [hivemq-platform-operator] [bbb917b4]   HiveMQ Platform Operator Start Script v1.0
2025-01-30 18:33:59,007 INFO c.h.h.t.HelmChartContainer - [hivemq-test-hivemq-platform] [hivemq-platform-operator] [bbb917b4] 
2025-01-30 18:33:59,007 INFO c.h.h.t.HelmChartContainer - [hivemq-test-hivemq-platform] [hivemq-platform-operator] [bbb917b4] -------------------------------------------------------------------------
2025-01-30 18:33:59,007 INFO c.h.h.t.HelmChartContainer - [hivemq-test-hivemq-platform] [hivemq-platform-operator] [bbb917b4] 
2025-01-30 18:33:59,007 INFO c.h.h.t.HelmChartContainer - [hivemq-test-hivemq-platform] [hivemq-platform-operator] [bbb917b4]   JAVA_OPTS: -XX:+UnlockExperimentalVMOptions -XX:InitialRAMPercentage=75 -XX:MaxRAMPercentage=75 -Duser.language=en -Duser.region=US
2025-01-30 18:33:59,007 INFO c.h.h.t.HelmChartContainer - [hivemq-test-hivemq-platform] [hivemq-platform-operator] [bbb917b4] 
2025-01-30 18:33:59,007 INFO c.h.h.t.HelmChartContainer - [hivemq-test-hivemq-platform] [hivemq-platform-operator] [bbb917b4]   JAVA_VERSION: 21
2025-01-30 18:33:59,007 INFO c.h.h.t.HelmChartContainer - [hivemq-test-hivemq-platform] [hivemq-platform-operator] [bbb917b4] 
2025-01-30 18:33:59,007 INFO c.h.h.t.HelmChartContainer - [hivemq-test-hivemq-platform] [hivemq-platform-operator] [bbb917b4] -------------------------------------------------------------------------
2025-01-30 18:33:59,007 INFO c.h.h.t.HelmChartContainer - [hivemq-test-hivemq-platform] [hivemq-platform-operator] [bbb917b4] 
2025-01-30 18:34:02,244 INFO c.h.h.t.HelmChartContainer - [hivemq-test-hivemq-platform] [hivemq-platform-operator] [bbb917b4] 18:34:02.240 [main] DEBUG org.jboss.logging - Logging Provider: org.jboss.logging.Slf4jLoggerProvider
2025-01-30 18:34:02,349 INFO c.h.h.t.HelmChartContainer - [hivemq-test-hivemq-platform] [hivemq-platform-operator] [bbb917b4] 18:34:02.348 [main] DEBUG io.smallrye.config - SRCFG01006: Loaded ConfigSource SysPropConfigSource with ordinal 400
2025-01-30 18:34:02,350 INFO c.h.h.t.HelmChartContainer - [hivemq-test-hivemq-platform] [hivemq-platform-operator] [bbb917b4] 18:34:02.348 [main] DEBUG io.smallrye.config - SRCFG01006: Loaded ConfigSource EnvConfigSource with ordinal 300
2025-01-30 18:34:02,350 INFO c.h.h.t.HelmChartContainer - [hivemq-test-hivemq-platform] [hivemq-platform-operator] [bbb917b4] 18:34:02.348 [main] DEBUG io.smallrye.config - SRCFG01006: Loaded ConfigSource PropertiesConfigSource[source=jar:file:///opt/hivemq-platform-operator/bin/hivemq-platform-operator.jar!/hivemq-platform-operator.properties] with ordinal 100
2025-01-30 18:34:02,350 INFO c.h.h.t.HelmChartContainer - [hivemq-test-hivemq-platform] [hivemq-platform-operator] [bbb917b4] 18:34:02.348 [main] DEBUG io.smallrye.config - SRCFG01006: Loaded ConfigSource DefaultValuesConfigSource with ordinal -2147483648
2025-01-30 18:34:02,454 INFO c.h.h.t.HelmChartContainer - [hivemq-test-hivemq-platform] [hivemq-platform-operator] [bbb917b4] 18:34:02.453 [main] DEBUG i.m.c.u.i.l.InternalLoggerFactory - Using SLF4J as the default logging framework
2025-01-30 18:34:02,613 INFO c.h.h.t.HelmChartContainer - [hivemq-test-hivemq-platform] [hivemq-platform-operator] [bbb917b4] 18:34:02.548 [main] INFO  c.h.p.o.HiveMQPlatformOperatorApplication - HiveMQ Platform Operator 1.7.0-SNAPSHOT (commit: 47e3375 on branch: HEAD) built on Thu Jan 30 03:55:50 UTC 2025
2025-01-30 18:34:02,632 INFO c.h.h.t.HelmChartContainer - [hivemq-test-hivemq-platform] [hivemq-platform-operator] [bbb917b4] 18:34:02.630 [main] INFO  c.h.p.o.HiveMQPlatformOperatorApplication - HiveMQ Platform Operator is running in namespace: customoperatorselectorsit-operator
2025-01-30 18:34:02,633 INFO c.h.h.t.HelmChartContainer - [hivemq-test-hivemq-platform] [hivemq-platform-operator] [bbb917b4] 18:34:02.630 [main] INFO  c.h.p.o.HiveMQPlatformOperatorApplication - Watching all namespaces
2025-01-30 18:34:02,633 INFO c.h.h.t.HelmChartContainer - [hivemq-test-hivemq-platform] [hivemq-platform-operator] [bbb917b4] 18:34:02.630 [main] INFO  c.h.p.o.HiveMQPlatformOperatorApplication - Label selector for HiveMQPlatform resources: group=alpha,tier!=one
2025-01-30 18:34:02,633 INFO c.h.h.t.HelmChartContainer - [hivemq-test-hivemq-platform] [hivemq-platform-operator] [bbb917b4] 18:34:02.630 [main] INFO  c.h.p.o.HiveMQPlatformOperatorApplication - Log level: DEBUG
2025-01-30 18:34:02,633 INFO c.h.h.t.HelmChartContainer - [hivemq-test-hivemq-platform] [hivemq-platform-operator] [bbb917b4] 18:34:02.631 [main] INFO  c.h.p.o.HiveMQPlatformOperatorApplication - Release name: test-hivemq-platform-operator
2025-01-30 18:34:02,633 INFO c.h.h.t.HelmChartContainer - [hivemq-test-hivemq-platform] [hivemq-platform-operator] [bbb917b4] 18:34:02.631 [main] INFO  c.h.p.o.HiveMQPlatformOperatorApplication - HiveMQ Platform Operator Init image: docker.io/hivemq/hivemq-platform-operator-init-test:snapshot
2025-01-30 18:34:02,633 INFO c.h.h.t.HelmChartContainer - [hivemq-test-hivemq-platform] [hivemq-platform-operator] [bbb917b4] 18:34:02.631 [main] INFO  c.h.p.o.HiveMQPlatformOperatorApplication - HiveMQ Platform Operator Init App update URL: http://hivemq-platform-operator-test-hivemq-platform-operator.customoperatorselectorsit-operator.svc:8080/initAppUpdate/hivemq-platform-operator-init-app-1.7.0-SNAPSHOT.jar
2025-01-30 18:34:02,633 INFO c.h.h.t.HelmChartContainer - [hivemq-test-hivemq-platform] [hivemq-platform-operator] [bbb917b4] 18:34:02.631 [main] INFO  c.h.p.o.HiveMQPlatformOperatorApplication - Additional imagePullSecret for all Platform deployments: none
2025-01-30 18:34:02,633 INFO c.h.h.t.HelmChartContainer - [hivemq-test-hivemq-platform] [hivemq-platform-operator] [bbb917b4] 18:34:02.631 [main] INFO  c.h.p.o.HiveMQPlatformOperatorApplication - Apply HiveMQ Platform CRD: true
2025-01-30 18:34:02,633 INFO c.h.h.t.HelmChartContainer - [hivemq-test-hivemq-platform] [hivemq-platform-operator] [bbb917b4] 18:34:02.631 [main] INFO  c.h.p.o.HiveMQPlatformOperatorApplication - Create Platform ServiceAccount: true
2025-01-30 18:34:02,633 INFO c.h.h.t.HelmChartContainer - [hivemq-test-hivemq-platform] [hivemq-platform-operator] [bbb917b4] 18:34:02.631 [main] INFO  c.h.p.o.HiveMQPlatformOperatorApplication - Create Platform ServiceAccount permissions: true
2025-01-30 18:34:02,633 INFO c.h.h.t.HelmChartContainer - [hivemq-test-hivemq-platform] [hivemq-platform-operator] [bbb917b4] 18:34:02.631 [main] INFO  c.h.p.o.HiveMQPlatformOperatorApplication - Validate Platform ServiceAccount: true
2025-01-30 18:34:02,633 INFO c.h.h.t.HelmChartContainer - [hivemq-test-hivemq-platform] [hivemq-platform-operator] [bbb917b4] 18:34:02.631 [main] INFO  c.h.p.o.HiveMQPlatformOperatorApplication - Validate Platform ServiceAccount permissions: true
2025-01-30 18:34:02,748 INFO c.h.h.t.HelmChartContainer - [hivemq-test-hivemq-platform] [hivemq-platform-operator] [bbb917b4] 18:34:02.747 [main] INFO  c.h.platform.operator.util.CRDUtil - Verifying deployed HiveMQ Platform CRD...
2025-01-30 18:34:05,339 INFO c.h.h.t.HelmChartContainer - [hivemq-test-hivemq-platform] [hivemq-platform-operator] [bbb917b4] 18:34:05.337 [main] DEBUG c.h.platform.operator.util.CRDUtil - HiveMQ Platform CRD version v1 is up to date
2025-01-30 18:34:05,339 INFO c.h.h.t.HelmChartContainer - [hivemq-test-hivemq-platform] [hivemq-platform-operator] [bbb917b4] 18:34:05.338 [main] INFO  c.h.platform.operator.util.CRDUtil - HiveMQ Platform CRD is up to date (version: V1_6_0)
2025-01-30 18:34:05,339 INFO c.h.h.t.HelmChartContainer - [hivemq-test-hivemq-platform] [hivemq-platform-operator] [bbb917b4] 18:34:05.338 [main] INFO  c.h.platform.operator.util.CRDUtil - Waiting 10000 ms for HiveMQ Platform CRD 'hivemq-platforms.hivemq.com' to become ready...
2025-01-30 18:34:05,634 INFO c.h.h.t.HelmChartContainer - [hivemq-test-hivemq-platform] [hivemq-platform-operator] [bbb917b4] 18:34:05.632 [vert.x-eventloop-thread-1] DEBUG c.h.platform.operator.util.CRDUtil - Checking CRD condition 'NamesAccepted' (status: 'True')
2025-01-30 18:34:05,635 INFO c.h.h.t.HelmChartContainer - [hivemq-test-hivemq-platform] [hivemq-platform-operator] [bbb917b4] 18:34:05.632 [vert.x-eventloop-thread-1] DEBUG c.h.platform.operator.util.CRDUtil - Checking CRD condition 'Established' (status: 'True')
2025-01-30 18:34:05,635 INFO c.h.h.t.HelmChartContainer - [hivemq-test-hivemq-platform] [hivemq-platform-operator] [bbb917b4] 18:34:05.633 [main] INFO  c.h.platform.operator.util.CRDUtil - HiveMQ Platform CRD 'hivemq-platforms.hivemq.com' is ready
2025-01-30 18:34:05,809 INFO c.h.h.t.HelmChartContainer - [hivemq-test-hivemq-platform] [hivemq-platform-operator] [bbb917b4] 18:34:05.808 [main] INFO  c.h.p.o.HiveMQPlatformReconciler - HiveMQ Platform Operator is starting...
2025-01-30 18:34:05,934 INFO c.h.h.t.HelmChartContainer - [hivemq-test-hivemq-platform] [hivemq-platform-operator] [bbb917b4] 18:34:05.933 [main] WARN  Default ConfigurationService implementation - Configuration for reconciler 'hivemq-controller' was not found. Known reconcilers: None.
2025-01-30 18:34:05,941 INFO c.h.h.t.HelmChartContainer - [hivemq-test-hivemq-platform] [hivemq-platform-operator] [bbb917b4] 18:34:05.940 [main] INFO  Default ConfigurationService implementation - Created configuration for reconciler com.hivemq.platform.operator.HiveMQPlatformReconciler with name hivemq-controller
2025-01-30 18:34:06,043 INFO c.h.h.t.HelmChartContainer - [hivemq-test-hivemq-platform] [hivemq-platform-operator] [bbb917b4] 18:34:06.042 [main] DEBUG c.h.p.o.HiveMQPlatformReconciler - HiveMQ Platform Operator is preparing EventSources
2025-01-30 18:34:06,109 INFO c.h.h.t.HelmChartContainer - [hivemq-test-hivemq-platform] [hivemq-platform-operator] [bbb917b4] 18:34:06.108 [main] INFO  i.javaoperatorsdk.operator.Operator - Registered reconciler: 'hivemq-controller' for resource: 'class com.hivemq.platform.operator.v1.HiveMQPlatform' for namespace(s): [all namespaces]
2025-01-30 18:34:06,641 INFO c.h.h.t.HelmChartContainer - [hivemq-test-hivemq-platform] [hivemq-platform-operator] [bbb917b4] 18:34:06.640 [main] INFO  c.h.p.operator.webserver.JettyServer - Starting Jetty server on port 8080
2025-01-30 18:34:06,740 INFO c.h.h.t.HelmChartContainer - [hivemq-test-hivemq-platform] [hivemq-platform-operator] [bbb917b4] 18:34:06.739 [main] INFO  i.javaoperatorsdk.operator.Operator - Operator SDK 4.9.7 (commit: 2133d28) built on Wed Nov 20 12:56:20 UTC 2024 starting...
2025-01-30 18:34:06,740 INFO c.h.h.t.HelmChartContainer - [hivemq-test-hivemq-platform] [hivemq-platform-operator] [bbb917b4] 18:34:06.739 [main] INFO  i.javaoperatorsdk.operator.Operator - Client version: 6.13.5
2025-01-30 18:34:06,741 INFO c.h.h.t.HelmChartContainer - [hivemq-test-hivemq-platform] [hivemq-platform-operator] [bbb917b4] 18:34:06.740 [Controller Starter for: hivemq-controller] INFO  i.j.operator.processing.Controller - Starting 'hivemq-controller' controller for reconciler: com.hivemq.platform.operator.HiveMQPlatformReconciler, resource: com.hivemq.platform.operator.v1.HiveMQPlatform
2025-01-30 18:34:09,133 INFO c.h.h.t.HelmChartContainer - [hivemq-test-hivemq-platform] [hivemq-platform-operator] [bbb917b4] 18:34:09.131 [Controller Starter for: hivemq-controller] INFO  i.j.operator.processing.Controller - 'hivemq-controller' controller started
2025-01-30 18:34:09,133 INFO c.h.h.t.HelmChartContainer - [hivemq-test-hivemq-platform] [hivemq-platform-operator] [bbb917b4] 18:34:09.132 [main] INFO  c.h.p.o.HiveMQPlatformOperatorApplication - HiveMQ Platform Operator 1.7.0-SNAPSHOT started in 6583 ms
2025-01-30 18:34:10,006 INFO c.h.h.t.HelmChartContainer - [POD] hivemq-test-hivemq-platform-operator-7bd74f84c-dhc7r [bbb917b4-7597-4ee2-a095-ef1c6703fc3d] in customoperatorselectorsit-operator was MODIFIED
2025-01-30 18:34:10,010 INFO c.h.h.t.HelmChartContainer - [K3S] [replica_set.go:679] "Finished syncing" kind="ReplicaSet" key="customoperatorselectorsit-operator/hivemq-test-hivemq-platform-operator-7bd74f84c" duration="9.464754ms"
2025-01-30 18:34:10,012 INFO c.h.h.t.HelmChartContainer - [K3S] [replica_set.go:679] "Finished syncing" kind="ReplicaSet" key="customoperatorselectorsit-operator/hivemq-test-hivemq-platform-operator-7bd74f84c" duration="29.595µs"
2025-01-30 18:34:10,348 INFO com.hivemq.helmcharts.util.K8sUtil - Pod 'hivemq-test-hivemq-platform-operator-7bd74f84c-dhc7r' is ready
2025-01-30 18:34:10,409 DEBUG c.h.h.t.HelmChartContainer - Executing helm command: /bin/helm --kubeconfig /etc/rancher/k3s/k3s.yaml install test-hivemq-platform-alpha-tier1 /charts/hivemq-platform --wait --timeout 5m0s --set image.repository=docker.io/hivemq --set image.tag=4.36.0 --set image.pullPolicy=Never --set nodes.resources.cpu=512m --set nodes.replicaCount=1 --set operator.labels.group=alpha,operator.labels.tier=one --namespace customoperatorselectorsit
2025-01-30 18:34:10,811 DEBUG c.h.h.t.HelmChartContainer - Executing helm command: /bin/helm --kubeconfig /etc/rancher/k3s/k3s.yaml install test-hivemq-platform-alpha-tier2 /charts/hivemq-platform --wait --timeout 5m0s --set image.repository=docker.io/hivemq --set image.tag=4.36.0 --set image.pullPolicy=Never --set nodes.resources.cpu=512m --set nodes.replicaCount=1 --set operator.labels.group=alpha,operator.labels.tier=two --namespace customoperatorselectorsit
2025-01-30 18:34:11,059 INFO c.h.h.t.HelmChartContainer - [hivemq-test-hivemq-platform] [hivemq-platform-operator] [bbb917b4] 18:34:11.058 [-2082509879-pool-1-thread-3] WARN  i.m.p.PrometheusMeterRegistry - The meter (MeterId{name='operator.sdk.events.received', tags=[tag(action=ADDED),tag(event=ResourceEvent),tag(group=hivemq.com),tag(kind=HiveMQPlatform),tag(name=test-hivemq-platform-alpha-tier2),tag(namespace=customoperatorselectorsit),tag(scope=namespace),tag(version=v1)]}) registration has failed: Prometheus requires that all meters with the same name have the same set of tag keys. There is already an existing meter named 'operator.sdk.events.received' containing tag keys [event, group, kind, name, namespace, scope, version]. The meter you are attempting to register has keys [action, event, group, kind, name, namespace, scope, version]. Note that subsequent logs will be logged at debug level.
2025-01-30 18:34:11,249 DEBUG c.h.h.t.HelmChartContainer - Executing helm command: /bin/helm --kubeconfig /etc/rancher/k3s/k3s.yaml install test-hivemq-platform-alpha-tier3 /charts/hivemq-platform --wait --timeout 5m0s --set image.repository=docker.io/hivemq --set image.tag=4.36.0 --set image.pullPolicy=Never --set nodes.resources.cpu=512m --set nodes.replicaCount=1 --set operator.labels.group=alpha,operator.labels.tier=three --namespace customoperatorselectorsit
2025-01-30 18:34:11,637 INFO c.h.h.t.HelmChartContainer - [hivemq-test-hivemq-platform] [hivemq-platform-operator] [bbb917b4] 18:34:11.634 [pool-6-thread-3] DEBUG c.h.p.o.dependants.PodInfoConfigMap - [customop] Desired PodInfo ConfigMap (1 extensions) (1 enabled)
2025-01-30 18:34:11,637 INFO c.h.h.t.HelmChartContainer - [hivemq-test-hivemq-platform] [hivemq-platform-operator] [bbb917b4] 18:34:11.634 [pool-6-thread-3] DEBUG c.h.p.o.dependants.PodInfoConfigMap - [customop] Desired PodInfo ConfigMap (metrics port: 9399) (metrics path: /)
2025-01-30 18:34:11,638 INFO c.h.h.t.HelmChartContainer - [hivemq-test-hivemq-platform] [hivemq-platform-operator] [bbb917b4] 18:34:11.635 [pool-6-thread-3] DEBUG c.h.p.o.dependants.PodInfoConfigMap - [customop] Desired PodInfo ConfigMap (extension state hash: -1817474005)
2025-01-30 18:34:11,639 INFO c.h.h.t.HelmChartContainer - [hivemq-test-hivemq-platform] [hivemq-platform-operator] [bbb917b4] 18:34:11.636 [pool-6-thread-3] DEBUG c.h.p.o.dependants.PodInfoConfigMap - [customop] Create PodInfo ConfigMap
2025-01-30 18:34:11,742 INFO c.h.h.t.HelmChartContainer - [hivemq-test-hivemq-platform] [hivemq-platform-operator] [bbb917b4] 18:34:11.739 [pool-6-thread-7] DEBUG c.h.p.o.dependants.PodInfoConfigMap - [customop] Desired PodInfo ConfigMap (1 extensions) (1 enabled)
2025-01-30 18:34:11,743 INFO c.h.h.t.HelmChartContainer - [hivemq-test-hivemq-platform] [hivemq-platform-operator] [bbb917b4] 18:34:11.739 [pool-6-thread-7] DEBUG c.h.p.o.dependants.PodInfoConfigMap - [customop] Desired PodInfo ConfigMap (metrics port: 9399) (metrics path: /)
2025-01-30 18:34:11,743 INFO c.h.h.t.HelmChartContainer - [hivemq-test-hivemq-platform] [hivemq-platform-operator] [bbb917b4] 18:34:11.739 [pool-6-thread-7] DEBUG c.h.p.o.dependants.PodInfoConfigMap - [customop] Desired PodInfo ConfigMap (extension state hash: -1817474005)
2025-01-30 18:34:11,743 INFO c.h.h.t.HelmChartContainer - [hivemq-test-hivemq-platform] [hivemq-platform-operator] [bbb917b4] 18:34:11.740 [pool-6-thread-7] DEBUG c.h.p.o.dependants.PodInfoConfigMap - [customop] Create PodInfo ConfigMap
2025-01-30 18:34:11,842 INFO c.h.h.t.HelmChartContainer - [hivemq-test-hivemq-platform] [hivemq-platform-operator] [bbb917b4] 18:34:11.836 [pool-6-thread-10] DEBUG c.h.p.o.dependants.PodRoleResource - [customop] Create Role: Role(apiVersion=rbac.authorization.k8s.io/v1, kind=Role, metadata=ObjectMeta(annotations={meta.helm.sh/release-name=test-hivemq-platform-alpha-tier3, meta.helm.sh/release-namespace=customoperatorselectorsit}, creationTimestamp=null, deletionGracePeriodSeconds=null, deletionTimestamp=null, finalizers=[], generateName=null, generation=null, labels={helm.sh/chart=hivemq-platform-0.2.32, app.kubernetes.io/managed-by=Helm, app.kubernetes.io/name=hivemq-platform, tier=three, hivemq-platform=test-hivemq-platform-alpha-tier3, app.kubernetes.io/instance=test-hivemq-platform-alpha-tier3, app.kubernetes.io/version=4.36.0, group=alpha}, managedFields=[], name=hivemq-platform-role-test-hivemq-platform-alpha-tier3, namespace=customoperatorselectorsit, ownerReferences=[OwnerReference(apiVersion=hivemq.com/v1, blockOwnerDeletion=null, controller=null, kind=HiveMQPlatform, name=test-hivemq-platform-alpha-tier3, uid=71f51c76-a531-4f97-b17a-4aeda4d8ff63, additionalProperties={})], resourceVersion=null, selfLink=null, uid=null, additionalProperties={}), rules=[PolicyRule(apiGroups=[], nonResourceURLs=[], resourceNames=[], resources=[pods], verbs=[get, patch, update], additionalProperties={})], additionalProperties={})
2025-01-30 18:34:11,843 INFO c.h.h.t.HelmChartContainer - [hivemq-test-hivemq-platform] [hivemq-platform-operator] [bbb917b4] 18:34:11.839 [pool-6-thread-9] DEBUG c.h.p.o.dependants.PodRoleResource - [customop] Create Role: Role(apiVersion=rbac.authorization.k8s.io/v1, kind=Role, metadata=ObjectMeta(annotations={meta.helm.sh/release-name=test-hivemq-platform-alpha-tier2, meta.helm.sh/release-namespace=customoperatorselectorsit}, creationTimestamp=null, deletionGracePeriodSeconds=null, deletionTimestamp=null, finalizers=[], generateName=null, generation=null, labels={helm.sh/chart=hivemq-platform-0.2.32, app.kubernetes.io/managed-by=Helm, app.kubernetes.io/name=hivemq-platform, tier=two, hivemq-platform=test-hivemq-platform-alpha-tier2, app.kubernetes.io/instance=test-hivemq-platform-alpha-tier2, app.kubernetes.io/version=4.36.0, group=alpha}, managedFields=[], name=hivemq-platform-role-test-hivemq-platform-alpha-tier2, namespace=customoperatorselectorsit, ownerReferences=[OwnerReference(apiVersion=hivemq.com/v1, blockOwnerDeletion=null, controller=null, kind=HiveMQPlatform, name=test-hivemq-platform-alpha-tier2, uid=c9a32eb2-9fda-4b90-a10e-98b935c0f0eb, additionalProperties={})], resourceVersion=null, selfLink=null, uid=null, additionalProperties={}), rules=[PolicyRule(apiGroups=[], nonResourceURLs=[], resourceNames=[], resources=[pods], verbs=[get, patch, update], additionalProperties={})], additionalProperties={})
2025-01-30 18:34:11,950 INFO c.h.h.t.HelmChartContainer - [hivemq-test-hivemq-platform] [hivemq-platform-operator] [bbb917b4] 18:34:11.948 [pool-6-thread-14] DEBUG c.h.p.o.d.PodServiceAccountResource - [customop] Desired PodServiceAccountResource (serviceAccountName: hivemq-platform-pod-test-hivemq-platform-alpha-tier2)
2025-01-30 18:34:11,952 INFO c.h.h.t.HelmChartContainer - [hivemq-test-hivemq-platform] [hivemq-platform-operator] [bbb917b4] 18:34:11.948 [pool-6-thread-13] DEBUG c.h.p.o.d.PodServiceAccountResource - [customop] Desired PodServiceAccountResource (serviceAccountName: hivemq-platform-pod-test-hivemq-platform-alpha-tier3)
2025-01-30 18:34:11,952 INFO c.h.h.t.HelmChartContainer - [hivemq-test-hivemq-platform] [hivemq-platform-operator] [bbb917b4] 18:34:11.949 [pool-6-thread-14] DEBUG c.h.p.o.d.PodServiceAccountResource - [customop] Create ServiceAccount 'hivemq-platform-pod-test-hivemq-platform-alpha-tier2'
2025-01-30 18:34:11,952 INFO c.h.h.t.HelmChartContainer - [hivemq-test-hivemq-platform] [hivemq-platform-operator] [bbb917b4] 18:34:11.950 [pool-6-thread-13] DEBUG c.h.p.o.d.PodServiceAccountResource - [customop] Create ServiceAccount 'hivemq-platform-pod-test-hivemq-platform-alpha-tier3'
2025-01-30 18:34:12,144 INFO c.h.h.t.HelmChartContainer - [hivemq-test-hivemq-platform] [hivemq-platform-operator] [bbb917b4] 18:34:12.140 [pool-6-thread-20] DEBUG c.h.p.o.d.PodRoleBindingResource - [customop] Create RoleBinding: RoleBinding(apiVersion=rbac.authorization.k8s.io/v1, kind=RoleBinding, metadata=ObjectMeta(annotations={meta.helm.sh/release-name=test-hivemq-platform-alpha-tier3, meta.helm.sh/release-namespace=customoperatorselectorsit}, creationTimestamp=null, deletionGracePeriodSeconds=null, deletionTimestamp=null, finalizers=[], generateName=null, generation=null, labels={helm.sh/chart=hivemq-platform-0.2.32, app.kubernetes.io/managed-by=Helm, app.kubernetes.io/name=hivemq-platform, tier=three, hivemq-platform=test-hivemq-platform-alpha-tier3, app.kubernetes.io/instance=test-hivemq-platform-alpha-tier3, app.kubernetes.io/version=4.36.0, group=alpha}, managedFields=[], name=hivemq-platform-role-binding-test-hivemq-platform-alpha-tier3, namespace=customoperatorselectorsit, ownerReferences=[OwnerReference(apiVersion=hivemq.com/v1, blockOwnerDeletion=null, controller=null, kind=HiveMQPlatform, name=test-hivemq-platform-alpha-tier3, uid=71f51c76-a531-4f97-b17a-4aeda4d8ff63, additionalProperties={})], resourceVersion=null, selfLink=null, uid=null, additionalProperties={}), roleRef=RoleRef(apiGroup=rbac.authorization.k8s.io, kind=Role, name=hivemq-platform-role-test-hivemq-platform-alpha-tier3, additionalProperties={}), subjects=[Subject(apiGroup=null, kind=ServiceAccount, name=hivemq-platform-pod-test-hivemq-platform-alpha-tier3, namespace=customoperatorselectorsit, additionalProperties={})], additionalProperties={})
2025-01-30 18:34:12,144 INFO c.h.h.t.HelmChartContainer - [hivemq-test-hivemq-platform] [hivemq-platform-operator] [bbb917b4] 18:34:12.140 [pool-6-thread-19] DEBUG c.h.p.o.d.PodRoleBindingResource - [customop] Create RoleBinding: RoleBinding(apiVersion=rbac.authorization.k8s.io/v1, kind=RoleBinding, metadata=ObjectMeta(annotations={meta.helm.sh/release-name=test-hivemq-platform-alpha-tier2, meta.helm.sh/release-namespace=customoperatorselectorsit}, creationTimestamp=null, deletionGracePeriodSeconds=null, deletionTimestamp=null, finalizers=[], generateName=null, generation=null, labels={helm.sh/chart=hivemq-platform-0.2.32, app.kubernetes.io/managed-by=Helm, app.kubernetes.io/name=hivemq-platform, tier=two, hivemq-platform=test-hivemq-platform-alpha-tier2, app.kubernetes.io/instance=test-hivemq-platform-alpha-tier2, app.kubernetes.io/version=4.36.0, group=alpha}, managedFields=[], name=hivemq-platform-role-binding-test-hivemq-platform-alpha-tier2, namespace=customoperatorselectorsit, ownerReferences=[OwnerReference(apiVersion=hivemq.com/v1, blockOwnerDeletion=null, controller=null, kind=HiveMQPlatform, name=test-hivemq-platform-alpha-tier2, uid=c9a32eb2-9fda-4b90-a10e-98b935c0f0eb, additionalProperties={})], resourceVersion=null, selfLink=null, uid=null, additionalProperties={}), roleRef=RoleRef(apiGroup=rbac.authorization.k8s.io, kind=Role, name=hivemq-platform-role-test-hivemq-platform-alpha-tier2, additionalProperties={}), subjects=[Subject(apiGroup=null, kind=ServiceAccount, name=hivemq-platform-pod-test-hivemq-platform-alpha-tier2, namespace=customoperatorselectorsit, additionalProperties={})], additionalProperties={})
2025-01-30 18:34:12,236 INFO c.h.h.t.HelmChartContainer - [hivemq-test-hivemq-platform] [hivemq-platform-operator] [bbb917b4] 18:34:12.233 [ReconcilerExecutor-hivemq-controller-59] INFO  c.h.p.o.HiveMQPlatformReconciler - [customop] Reconciling HiveMQ Platform 'test-hivemq-platform-alpha-tier3' in namespace 'customoperatorselectorsit'
2025-01-30 18:34:12,236 INFO c.h.h.t.HelmChartContainer - [hivemq-test-hivemq-platform] [hivemq-platform-operator] [bbb917b4] 18:34:12.233 [ReconcilerExecutor-hivemq-controller-53] INFO  c.h.p.o.HiveMQPlatformReconciler - [customop] Reconciling HiveMQ Platform 'test-hivemq-platform-alpha-tier2' in namespace 'customoperatorselectorsit'
2025-01-30 18:34:12,236 INFO c.h.h.t.HelmChartContainer - [hivemq-test-hivemq-platform] [hivemq-platform-operator] [bbb917b4] 18:34:12.234 [ReconcilerExecutor-hivemq-controller-53] DEBUG c.h.p.o.HiveMQPlatformReconciler - [customop] Custom Resource Status CREATED - HiveMQ Platform was created (READY)
2025-01-30 18:34:12,236 INFO c.h.h.t.HelmChartContainer - [hivemq-test-hivemq-platform] [hivemq-platform-operator] [bbb917b4] 18:34:12.234 [ReconcilerExecutor-hivemq-controller-53] DEBUG c.h.p.o.HiveMQPlatformReconciler - [customop] Custom Resource Spec (replicas: 1) (extensions: 1)
2025-01-30 18:34:12,237 INFO c.h.h.t.HelmChartContainer - [hivemq-test-hivemq-platform] [hivemq-platform-operator] [bbb917b4] 18:34:12.235 [ReconcilerExecutor-hivemq-controller-59] DEBUG c.h.p.o.HiveMQPlatformReconciler - [customop] Custom Resource Status CREATED - HiveMQ Platform was created (READY)
2025-01-30 18:34:12,237 INFO c.h.h.t.HelmChartContainer - [hivemq-test-hivemq-platform] [hivemq-platform-operator] [bbb917b4] 18:34:12.235 [ReconcilerExecutor-hivemq-controller-59] DEBUG c.h.p.o.HiveMQPlatformReconciler - [customop] Custom Resource Spec (replicas: 1) (extensions: 1)
2025-01-30 18:34:12,239 INFO c.h.h.t.HelmChartContainer - [hivemq-test-hivemq-platform] [hivemq-platform-operator] [bbb917b4] 18:34:12.239 [ReconcilerExecutor-hivemq-controller-53] INFO  c.h.p.o.h.HiveMQPlatformReconcilerBaseHandler - [customop] HiveMQ Platform is starting
2025-01-30 18:34:12,240 INFO c.h.h.t.HelmChartContainer - [hivemq-test-hivemq-platform] [hivemq-platform-operator] [bbb917b4] 18:34:12.239 [ReconcilerExecutor-hivemq-controller-59] INFO  c.h.p.o.h.HiveMQPlatformReconcilerBaseHandler - [customop] HiveMQ Platform is starting
2025-01-30 18:34:12,440 INFO c.h.h.t.HelmChartContainer - [hivemq-test-hivemq-platform] [hivemq-platform-operator] [bbb917b4] 18:34:12.438 [ReconcilerExecutor-hivemq-controller-53] DEBUG c.h.p.operator.event.EventSender - [customop] Creating K8s event hivemq-platform-starting: [Start] HiveMQ Platform is starting
2025-01-30 18:34:12,440 INFO c.h.h.t.HelmChartContainer - [hivemq-test-hivemq-platform] [hivemq-platform-operator] [bbb917b4] 18:34:12.438 [ReconcilerExecutor-hivemq-controller-59] DEBUG c.h.p.operator.event.EventSender - [customop] Creating K8s event hivemq-platform-starting: [Start] HiveMQ Platform is starting
2025-01-30 18:34:12,535 INFO c.h.h.t.HelmChartContainer - [EVENT] Normal [Start] HiveMQ Platform is starting [customoperatorselectorsit:test-hivemq-platform-alpha-tier3]
2025-01-30 18:34:12,537 INFO c.h.h.t.HelmChartContainer - [EVENT] Normal [Start] HiveMQ Platform is starting [customoperatorselectorsit:test-hivemq-platform-alpha-tier2]
2025-01-30 18:34:12,541 INFO c.h.h.t.HelmChartContainer - [hivemq-test-hivemq-platform] [hivemq-platform-operator] [bbb917b4] 18:34:12.540 [ReconcilerExecutor-hivemq-controller-59] INFO  c.h.p.o.h.AbstractHiveMQReconcilerStateHandler - [customop] Update HiveMQ Platform Status (CREATED [READY] -> STARTING [READY]): HiveMQ Platform is starting
2025-01-30 18:34:12,541 INFO c.h.h.t.HelmChartContainer - [hivemq-test-hivemq-platform] [hivemq-platform-operator] [bbb917b4] 18:34:12.540 [ReconcilerExecutor-hivemq-controller-53] INFO  c.h.p.o.h.AbstractHiveMQReconcilerStateHandler - [customop] Update HiveMQ Platform Status (CREATED [READY] -> STARTING [READY]): HiveMQ Platform is starting
2025-01-30 18:34:12,643 DEBUG com.hivemq.helmcharts.util.K8sUtil - Comparing actual state 'STARTING' and waiting for 'RUNNING'
2025-01-30 18:34:22,654 INFO c.h.h.t.HelmChartContainer - [hivemq-test-hivemq-platform] [hivemq-platform-operator] [bbb917b4] 18:34:22.652 [pool-6-thread-22] DEBUG c.h.p.o.d.PlatformServiceResource - [customop] Desired Platform services (3 services)
2025-01-30 18:34:22,655 INFO c.h.h.t.HelmChartContainer - [hivemq-test-hivemq-platform] [hivemq-platform-operator] [bbb917b4] 18:34:22.653 [pool-6-thread-23] DEBUG c.h.p.o.dependants.PodInfoConfigMap - [customop] Desired PodInfo ConfigMap (1 extensions) (1 enabled)
2025-01-30 18:34:22,656 INFO c.h.h.t.HelmChartContainer - [hivemq-test-hivemq-platform] [hivemq-platform-operator] [bbb917b4] 18:34:22.653 [pool-6-thread-23] DEBUG c.h.p.o.dependants.PodInfoConfigMap - [customop] Desired PodInfo ConfigMap (metrics port: 9399) (metrics path: /)
2025-01-30 18:34:22,656 INFO c.h.h.t.HelmChartContainer - [hivemq-test-hivemq-platform] [hivemq-platform-operator] [bbb917b4] 18:34:22.653 [pool-6-thread-23] DEBUG c.h.p.o.dependants.PodInfoConfigMap - [customop] Desired PodInfo ConfigMap (extension state hash: -1817474005)
2025-01-30 18:34:22,658 INFO c.h.h.t.HelmChartContainer - [hivemq-test-hivemq-platform] [hivemq-platform-operator] [bbb917b4] 18:34:22.658 [pool-6-thread-23] DEBUG c.h.p.o.dependants.PodInfoConfigMap - [customop] Update PodInfo ConfigMap
2025-01-30 18:34:22,660 INFO c.h.h.t.HelmChartContainer - [hivemq-test-hivemq-platform] [hivemq-platform-operator] [bbb917b4] 18:34:22.659 [pool-6-thread-30] DEBUG c.h.p.o.d.PlatformServiceResource - [customop] Desired Platform services (3 services)
2025-01-30 18:34:22,664 INFO c.h.h.t.HelmChartContainer - [hivemq-test-hivemq-platform] [hivemq-platform-operator] [bbb917b4] 18:34:22.658 [pool-6-thread-28] DEBUG c.h.p.o.d.PodServiceAccountResource - [customop] Desired PodServiceAccountResource (serviceAccountName: hivemq-platform-pod-test-hivemq-platform-alpha-tier2)
2025-01-30 18:34:22,736 INFO c.h.h.t.HelmChartContainer - [hivemq-test-hivemq-platform] [hivemq-platform-operator] [bbb917b4] 18:34:22.733 [pool-6-thread-31] DEBUG c.h.p.o.dependants.PodInfoConfigMap - [customop] Desired PodInfo ConfigMap (1 extensions) (1 enabled)
2025-01-30 18:34:22,739 INFO c.h.h.t.HelmChartContainer - [hivemq-test-hivemq-platform] [hivemq-platform-operator] [bbb917b4] 18:34:22.738 [pool-6-thread-31] DEBUG c.h.p.o.dependants.PodInfoConfigMap - [customop] Desired PodInfo ConfigMap (metrics port: 9399) (metrics path: /)
2025-01-30 18:34:22,740 INFO c.h.h.t.HelmChartContainer - [hivemq-test-hivemq-platform] [hivemq-platform-operator] [bbb917b4] 18:34:22.738 [pool-6-thread-31] DEBUG c.h.p.o.dependants.PodInfoConfigMap - [customop] Desired PodInfo ConfigMap (extension state hash: -1817474005)
2025-01-30 18:34:22,740 INFO c.h.h.t.HelmChartContainer - [hivemq-test-hivemq-platform] [hivemq-platform-operator] [bbb917b4] 18:34:22.739 [pool-6-thread-31] DEBUG c.h.p.o.dependants.PodInfoConfigMap - [customop] Update PodInfo ConfigMap
2025-01-30 18:34:22,744 INFO c.h.h.t.HelmChartContainer - [K3S] [alloc.go:330] "allocated clusterIPs" service="customoperatorselectorsit/hivemq-test-hivemq-platform-alpha-tier3-cc-8080" clusterIPs={"IPv4":"10.43.96.113"}
2025-01-30 18:34:22,749 INFO c.h.h.t.HelmChartContainer - [hivemq-test-hivemq-platform] [hivemq-platform-operator] [bbb917b4] 18:34:22.745 [pool-6-thread-36] DEBUG c.h.p.o.d.PodServiceAccountResource - [customop] Desired PodServiceAccountResource (serviceAccountName: hivemq-platform-pod-test-hivemq-platform-alpha-tier3)
2025-01-30 18:34:22,755 INFO c.h.h.t.HelmChartContainer - [K3S] [alloc.go:330] "allocated clusterIPs" service="customoperatorselectorsit/hivemq-test-hivemq-platform-alpha-tier2-metrics-9399" clusterIPs={"IPv4":"10.43.187.74"}
2025-01-30 18:34:22,847 INFO c.h.h.t.HelmChartContainer - [K3S] [alloc.go:330] "allocated clusterIPs" service="customoperatorselectorsit/hivemq-test-hivemq-platform-alpha-tier3-mqtt-1883" clusterIPs={"IPv4":"10.43.59.199"}
2025-01-30 18:34:22,940 INFO c.h.h.t.HelmChartContainer - [K3S] [alloc.go:330] "allocated clusterIPs" service="customoperatorselectorsit/hivemq-test-hivemq-platform-alpha-tier3-metrics-9399" clusterIPs={"IPv4":"10.43.122.161"}
2025-01-30 18:34:22,945 INFO c.h.h.t.HelmChartContainer - [K3S] [alloc.go:330] "allocated clusterIPs" service="customoperatorselectorsit/hivemq-test-hivemq-platform-alpha-tier2-mqtt-1883" clusterIPs={"IPv4":"10.43.143.77"}
2025-01-30 18:34:22,951 INFO c.h.h.t.HelmChartContainer - [hivemq-test-hivemq-platform] [hivemq-platform-operator] [bbb917b4] 18:34:22.949 [pool-6-thread-39] DEBUG c.h.p.o.d.StatefulSetResource - [customop] Desired StatefulSet (1 replicas) for status STARTING (READY)
2025-01-30 18:34:23,041 INFO c.h.h.t.HelmChartContainer - [hivemq-test-hivemq-platform] [hivemq-platform-operator] [bbb917b4] 18:34:23.039 [pool-6-thread-39] DEBUG c.h.p.o.d.StatefulSetResource - [customop] Create StatefulSet
2025-01-30 18:34:23,044 INFO c.h.h.t.HelmChartContainer - [K3S] [alloc.go:330] "allocated clusterIPs" service="customoperatorselectorsit/hivemq-test-hivemq-platform-alpha-tier2-cc-8080" clusterIPs={"IPv4":"10.43.184.94"}
2025-01-30 18:34:23,136 INFO c.h.h.t.HelmChartContainer - [hivemq-test-hivemq-platform] [hivemq-platform-operator] [bbb917b4] 18:34:23.133 [pool-6-thread-40] DEBUG c.h.p.o.d.StatefulSetResource - [customop] Desired StatefulSet (1 replicas) for status STARTING (READY)
2025-01-30 18:34:23,137 INFO c.h.h.t.HelmChartContainer - [hivemq-test-hivemq-platform] [hivemq-platform-operator] [bbb917b4] 18:34:23.136 [pool-6-thread-40] DEBUG c.h.p.o.d.StatefulSetResource - [customop] Create StatefulSet
2025-01-30 18:34:23,160 INFO c.h.h.t.HelmChartContainer - [POD] test-hivemq-platform-alpha-tier3-0 [c1a2d939-e7af-424e-8c1e-f8b5e5c33867] in customoperatorselectorsit was ADDED
2025-01-30 18:34:23,161 INFO c.h.h.t.HelmChartContainer - [POD] test-hivemq-platform-alpha-tier2-0 [e9f952a6-4e25-46fc-a050-3d710ed2b56f] in customoperatorselectorsit was ADDED
2025-01-30 18:34:23,162 INFO c.h.h.t.HelmChartContainer - [EVENT] Normal [SuccessfulCreate] create Pod test-hivemq-platform-alpha-tier3-0 in StatefulSet test-hivemq-platform-alpha-tier3 successful [customoperatorselectorsit:test-hivemq-platform-alpha-tier3]
2025-01-30 18:34:23,169 INFO c.h.h.t.HelmChartContainer - [POD] test-hivemq-platform-alpha-tier3-0 [c1a2d939-e7af-424e-8c1e-f8b5e5c33867] in customoperatorselectorsit was MODIFIED
2025-01-30 18:34:23,169 INFO c.h.h.t.HelmChartContainer - [POD] test-hivemq-platform-alpha-tier2-0 [e9f952a6-4e25-46fc-a050-3d710ed2b56f] in customoperatorselectorsit was MODIFIED
2025-01-30 18:34:23,169 INFO c.h.h.t.HelmChartContainer - [EVENT] Normal [SuccessfulCreate] create Pod test-hivemq-platform-alpha-tier2-0 in StatefulSet test-hivemq-platform-alpha-tier2 successful [customoperatorselectorsit:test-hivemq-platform-alpha-tier2]
2025-01-30 18:34:23,176 INFO c.h.h.t.HelmChartContainer - [EVENT] Normal [Scheduled] Successfully assigned customoperatorselectorsit/test-hivemq-platform-alpha-tier3-0 to b99e65a4204c [customoperatorselectorsit:test-hivemq-platform-alpha-tier3-0]
2025-01-30 18:34:23,176 INFO c.h.h.t.HelmChartContainer - [EVENT] Normal [Scheduled] Successfully assigned customoperatorselectorsit/test-hivemq-platform-alpha-tier2-0 to b99e65a4204c [customoperatorselectorsit:test-hivemq-platform-alpha-tier2-0]
2025-01-30 18:34:23,183 INFO c.h.h.t.HelmChartContainer - [POD] test-hivemq-platform-alpha-tier2-0 [e9f952a6-4e25-46fc-a050-3d710ed2b56f] in customoperatorselectorsit was MODIFIED
2025-01-30 18:34:23,192 INFO c.h.h.t.HelmChartContainer - [POD] test-hivemq-platform-alpha-tier3-0 [c1a2d939-e7af-424e-8c1e-f8b5e5c33867] in customoperatorselectorsit was MODIFIED
2025-01-30 18:34:23,293 INFO c.h.h.t.HelmChartContainer - [K3S] [reconciler_common.go:251] "operationExecutor.VerifyControllerAttachedVolume started for volume \"kube-api-access-6mr4x\" (UniqueName: \"kubernetes.io/projected/c1a2d939-e7af-424e-8c1e-f8b5e5c33867-kube-api-access-6mr4x\") pod \"test-hivemq-platform-alpha-tier3-0\" (UID: \"c1a2d939-e7af-424e-8c1e-f8b5e5c33867\") " pod="customoperatorselectorsit/test-hivemq-platform-alpha-tier3-0"
2025-01-30 18:34:23,293 INFO c.h.h.t.HelmChartContainer - [K3S] [reconciler_common.go:251] "operationExecutor.VerifyControllerAttachedVolume started for volume \"pod-info\" (UniqueName: \"kubernetes.io/configmap/e9f952a6-4e25-46fc-a050-3d710ed2b56f-pod-info\") pod \"test-hivemq-platform-alpha-tier2-0\" (UID: \"e9f952a6-4e25-46fc-a050-3d710ed2b56f\") " pod="customoperatorselectorsit/test-hivemq-platform-alpha-tier2-0"
2025-01-30 18:34:23,293 INFO c.h.h.t.HelmChartContainer - [K3S] [reconciler_common.go:251] "operationExecutor.VerifyControllerAttachedVolume started for volume \"pod-info\" (UniqueName: \"kubernetes.io/configmap/c1a2d939-e7af-424e-8c1e-f8b5e5c33867-pod-info\") pod \"test-hivemq-platform-alpha-tier3-0\" (UID: \"c1a2d939-e7af-424e-8c1e-f8b5e5c33867\") " pod="customoperatorselectorsit/test-hivemq-platform-alpha-tier3-0"
2025-01-30 18:34:23,293 INFO c.h.h.t.HelmChartContainer - [K3S] [reconciler_common.go:251] "operationExecutor.VerifyControllerAttachedVolume started for volume \"operator-init\" (UniqueName: \"kubernetes.io/empty-dir/c1a2d939-e7af-424e-8c1e-f8b5e5c33867-operator-init\") pod \"test-hivemq-platform-alpha-tier3-0\" (UID: \"c1a2d939-e7af-424e-8c1e-f8b5e5c33867\") " pod="customoperatorselectorsit/test-hivemq-platform-alpha-tier3-0"
2025-01-30 18:34:23,293 INFO c.h.h.t.HelmChartContainer - [K3S] [reconciler_common.go:251] "operationExecutor.VerifyControllerAttachedVolume started for volume \"broker-configuration\" (UniqueName: \"kubernetes.io/configmap/e9f952a6-4e25-46fc-a050-3d710ed2b56f-broker-configuration\") pod \"test-hivemq-platform-alpha-tier2-0\" (UID: \"e9f952a6-4e25-46fc-a050-3d710ed2b56f\") " pod="customoperatorselectorsit/test-hivemq-platform-alpha-tier2-0"
2025-01-30 18:34:23,293 INFO c.h.h.t.HelmChartContainer - [K3S] [reconciler_common.go:251] "operationExecutor.VerifyControllerAttachedVolume started for volume \"kube-api-access-vjq66\" (UniqueName: \"kubernetes.io/projected/e9f952a6-4e25-46fc-a050-3d710ed2b56f-kube-api-access-vjq66\") pod \"test-hivemq-platform-alpha-tier2-0\" (UID: \"e9f952a6-4e25-46fc-a050-3d710ed2b56f\") " pod="customoperatorselectorsit/test-hivemq-platform-alpha-tier2-0"
2025-01-30 18:34:23,293 INFO c.h.h.t.HelmChartContainer - [K3S] [reconciler_common.go:251] "operationExecutor.VerifyControllerAttachedVolume started for volume \"broker-configuration\" (UniqueName: \"kubernetes.io/configmap/c1a2d939-e7af-424e-8c1e-f8b5e5c33867-broker-configuration\") pod \"test-hivemq-platform-alpha-tier3-0\" (UID: \"c1a2d939-e7af-424e-8c1e-f8b5e5c33867\") " pod="customoperatorselectorsit/test-hivemq-platform-alpha-tier3-0"
2025-01-30 18:34:23,293 INFO c.h.h.t.HelmChartContainer - [K3S] [reconciler_common.go:251] "operationExecutor.VerifyControllerAttachedVolume started for volume \"operator-init\" (UniqueName: \"kubernetes.io/empty-dir/e9f952a6-4e25-46fc-a050-3d710ed2b56f-operator-init\") pod \"test-hivemq-platform-alpha-tier2-0\" (UID: \"e9f952a6-4e25-46fc-a050-3d710ed2b56f\") " pod="customoperatorselectorsit/test-hivemq-platform-alpha-tier2-0"
2025-01-30 18:34:23,335 INFO c.h.h.t.HelmChartContainer - [hivemq-test-hivemq-platform] [hivemq-platform-operator] [bbb917b4] 18:34:23.332 [ReconcilerExecutor-hivemq-controller-77] INFO  c.h.p.o.HiveMQPlatformReconciler - [customop] Reconciling HiveMQ Platform 'test-hivemq-platform-alpha-tier3' in namespace 'customoperatorselectorsit'
2025-01-30 18:34:23,335 INFO c.h.h.t.HelmChartContainer - [hivemq-test-hivemq-platform] [hivemq-platform-operator] [bbb917b4] 18:34:23.332 [ReconcilerExecutor-hivemq-controller-77] DEBUG c.h.p.o.HiveMQPlatformReconciler - [customop] Custom Resource Status STARTING - HiveMQ Platform is starting (READY)
2025-01-30 18:34:23,335 INFO c.h.h.t.HelmChartContainer - [hivemq-test-hivemq-platform] [hivemq-platform-operator] [bbb917b4] 18:34:23.332 [ReconcilerExecutor-hivemq-controller-77] DEBUG c.h.p.o.HiveMQPlatformReconciler - [customop] Custom Resource Spec (replicas: 1) (extensions: 1)
2025-01-30 18:34:23,339 INFO c.h.h.t.HelmChartContainer - [hivemq-test-hivemq-platform] [hivemq-platform-operator] [bbb917b4] 18:34:23.338 [ReconcilerExecutor-hivemq-controller-77] DEBUG c.h.p.o.HiveMQPlatformReconciler - [customop] StatefulSet Status (revision: test-hivemq-platform-alpha-tier3-7ccdb49877, replicas: 1, available: 0, ready: 0, current: 1, updated: 1)
2025-01-30 18:34:23,340 INFO c.h.h.t.HelmChartContainer - [hivemq-test-hivemq-platform] [hivemq-platform-operator] [bbb917b4] 18:34:23.338 [ReconcilerExecutor-hivemq-controller-77] DEBUG c.h.p.o.HiveMQPlatformReconciler - [customop] StatefulSet Spec (replicas: 1, init containers: 1, containers: 1, volumes: 3)
2025-01-30 18:34:23,349 INFO c.h.h.t.HelmChartContainer - [hivemq-test-hivemq-platform] [hivemq-platform-operator] [bbb917b4] 18:34:23.348 [ReconcilerExecutor-hivemq-controller-76] INFO  c.h.p.o.HiveMQPlatformReconciler - [customop] Reconciling HiveMQ Platform 'test-hivemq-platform-alpha-tier2' in namespace 'customoperatorselectorsit'
2025-01-30 18:34:23,350 INFO c.h.h.t.HelmChartContainer - [hivemq-test-hivemq-platform] [hivemq-platform-operator] [bbb917b4] 18:34:23.348 [ReconcilerExecutor-hivemq-controller-76] DEBUG c.h.p.o.HiveMQPlatformReconciler - [customop] Custom Resource Status STARTING - HiveMQ Platform is starting (READY)
2025-01-30 18:34:23,350 INFO c.h.h.t.HelmChartContainer - [hivemq-test-hivemq-platform] [hivemq-platform-operator] [bbb917b4] 18:34:23.348 [ReconcilerExecutor-hivemq-controller-76] DEBUG c.h.p.o.HiveMQPlatformReconciler - [customop] Custom Resource Spec (replicas: 1) (extensions: 1)
2025-01-30 18:34:23,438 INFO c.h.h.t.HelmChartContainer - [hivemq-test-hivemq-platform] [hivemq-platform-operator] [bbb917b4] 18:34:23.432 [ReconcilerExecutor-hivemq-controller-76] DEBUG c.h.p.o.HiveMQPlatformReconciler - [customop] StatefulSet Status (revision: test-hivemq-platform-alpha-tier2-5888b5495b, replicas: 1, available: 0, ready: 0, current: 1, updated: 1)
2025-01-30 18:34:23,438 INFO c.h.h.t.HelmChartContainer - [hivemq-test-hivemq-platform] [hivemq-platform-operator] [bbb917b4] 18:34:23.432 [ReconcilerExecutor-hivemq-controller-76] DEBUG c.h.p.o.HiveMQPlatformReconciler - [customop] StatefulSet Spec (replicas: 1, init containers: 1, containers: 1, volumes: 3)
2025-01-30 18:34:23,441 INFO c.h.h.t.HelmChartContainer - [hivemq-test-hivemq-platform] [hivemq-platform-operator] [bbb917b4] 18:34:23.440 [ReconcilerExecutor-hivemq-controller-77] DEBUG c.h.p.o.h.HiveMQPlatformReconcilerErrorHandler - [customop] Pod 'test-hivemq-platform-alpha-tier3-0' phase Pending
2025-01-30 18:34:23,442 INFO c.h.h.t.HelmChartContainer - [hivemq-test-hivemq-platform] [hivemq-platform-operator] [bbb917b4] 18:34:23.440 [ReconcilerExecutor-hivemq-controller-77] DEBUG c.h.p.o.h.HiveMQPlatformReconcilerErrorHandler - [customop] Pod 'test-hivemq-platform-alpha-tier3-0' condition 'PodScheduled': True
2025-01-30 18:34:23,443 INFO c.h.h.t.HelmChartContainer - [hivemq-test-hivemq-platform] [hivemq-platform-operator] [bbb917b4] 18:34:23.443 [ReconcilerExecutor-hivemq-controller-77] INFO  c.h.p.o.h.HiveMQPlatformReconcilerBaseHandler - [customop] HiveMQ Platform is starting, 0 of 1 replicas are ready
2025-01-30 18:34:23,534 INFO c.h.h.t.HelmChartContainer - [hivemq-test-hivemq-platform] [hivemq-platform-operator] [bbb917b4] 18:34:23.532 [ReconcilerExecutor-hivemq-controller-76] DEBUG c.h.p.o.h.HiveMQPlatformReconcilerErrorHandler - [customop] Pod 'test-hivemq-platform-alpha-tier2-0' phase Pending
2025-01-30 18:34:23,534 INFO c.h.h.t.HelmChartContainer - [hivemq-test-hivemq-platform] [hivemq-platform-operator] [bbb917b4] 18:34:23.533 [ReconcilerExecutor-hivemq-controller-76] DEBUG c.h.p.o.h.HiveMQPlatformReconcilerErrorHandler - [customop] Pod 'test-hivemq-platform-alpha-tier2-0' condition 'PodReadyToStartContainers': False
2025-01-30 18:34:23,534 INFO c.h.h.t.HelmChartContainer - [hivemq-test-hivemq-platform] [hivemq-platform-operator] [bbb917b4] 18:34:23.533 [ReconcilerExecutor-hivemq-controller-76] DEBUG c.h.p.o.h.HiveMQPlatformReconcilerErrorHandler - [customop] Pod 'test-hivemq-platform-alpha-tier2-0' condition 'Initialized': False
2025-01-30 18:34:23,534 INFO c.h.h.t.HelmChartContainer - [hivemq-test-hivemq-platform] [hivemq-platform-operator] [bbb917b4] 18:34:23.533 [ReconcilerExecutor-hivemq-controller-76] DEBUG c.h.p.o.h.HiveMQPlatformReconcilerErrorHandler - [customop] Pod 'test-hivemq-platform-alpha-tier2-0' condition 'Ready': False
2025-01-30 18:34:23,534 INFO c.h.h.t.HelmChartContainer - [hivemq-test-hivemq-platform] [hivemq-platform-operator] [bbb917b4] 18:34:23.533 [ReconcilerExecutor-hivemq-controller-76] DEBUG c.h.p.o.h.HiveMQPlatformReconcilerErrorHandler - [customop] Pod 'test-hivemq-platform-alpha-tier2-0' condition 'ContainersReady': False
2025-01-30 18:34:23,534 INFO c.h.h.t.HelmChartContainer - [hivemq-test-hivemq-platform] [hivemq-platform-operator] [bbb917b4] 18:34:23.533 [ReconcilerExecutor-hivemq-controller-76] DEBUG c.h.p.o.h.HiveMQPlatformReconcilerErrorHandler - [customop] Pod 'test-hivemq-platform-alpha-tier2-0' condition 'PodScheduled': True
2025-01-30 18:34:23,534 INFO c.h.h.t.HelmChartContainer - [hivemq-test-hivemq-platform] [hivemq-platform-operator] [bbb917b4] 18:34:23.533 [ReconcilerExecutor-hivemq-controller-76] DEBUG c.h.p.o.h.HiveMQPlatformReconcilerErrorHandler - [customop] Pod 'test-hivemq-platform-alpha-tier2-0' containerStatus 'hivemq' (started: false) (ready: false) (waiting: [PodInitializing] null)
2025-01-30 18:34:23,540 INFO c.h.h.t.HelmChartContainer - [hivemq-test-hivemq-platform] [hivemq-platform-operator] [bbb917b4] 18:34:23.537 [pool-6-thread-42] DEBUG c.h.p.o.d.PlatformServiceResource - [customop] Desired Platform services (3 services)
2025-01-30 18:34:23,541 INFO c.h.h.t.HelmChartContainer - [hivemq-test-hivemq-platform] [hivemq-platform-operator] [bbb917b4] 18:34:23.539 [ReconcilerExecutor-hivemq-controller-76] INFO  c.h.p.o.h.HiveMQPlatformReconcilerBaseHandler - [customop] HiveMQ Platform is starting, 0 of 1 replicas are ready
2025-01-30 18:34:23,545 INFO c.h.h.t.HelmChartContainer - [hivemq-test-hivemq-platform] [hivemq-platform-operator] [bbb917b4] 18:34:23.542 [pool-6-thread-43] DEBUG c.h.p.o.dependants.PodInfoConfigMap - [customop] Desired PodInfo ConfigMap (1 extensions) (1 enabled)
2025-01-30 18:34:23,546 INFO c.h.h.t.HelmChartContainer - [hivemq-test-hivemq-platform] [hivemq-platform-operator] [bbb917b4] 18:34:23.542 [pool-6-thread-43] DEBUG c.h.p.o.dependants.PodInfoConfigMap - [customop] Desired PodInfo ConfigMap (metrics port: 9399) (metrics path: /)
2025-01-30 18:34:23,546 INFO c.h.h.t.HelmChartContainer - [hivemq-test-hivemq-platform] [hivemq-platform-operator] [bbb917b4] 18:34:23.542 [pool-6-thread-43] DEBUG c.h.p.o.dependants.PodInfoConfigMap - [customop] Desired PodInfo ConfigMap (extension state hash: -1817474005)
2025-01-30 18:34:23,548 INFO c.h.h.t.HelmChartContainer - [hivemq-test-hivemq-platform] [hivemq-platform-operator] [bbb917b4] 18:34:23.545 [pool-6-thread-47] DEBUG c.h.p.o.d.PodServiceAccountResource - [customop] Desired PodServiceAccountResource (serviceAccountName: hivemq-platform-pod-test-hivemq-platform-alpha-tier3)
2025-01-30 18:34:23,551 INFO c.h.h.t.HelmChartContainer - [hivemq-test-hivemq-platform] [hivemq-platform-operator] [bbb917b4] 18:34:23.549 [pool-6-thread-16] DEBUG c.h.p.o.d.PlatformServiceResource - [customop] Desired Platform services (3 services)
2025-01-30 18:34:23,554 INFO c.h.h.t.HelmChartContainer - [hivemq-test-hivemq-platform] [hivemq-platform-operator] [bbb917b4] 18:34:23.552 [pool-6-thread-42] DEBUG c.h.p.o.dependants.PodInfoConfigMap - [customop] Desired PodInfo ConfigMap (1 extensions) (1 enabled)
2025-01-30 18:34:23,554 INFO c.h.h.t.HelmChartContainer - [hivemq-test-hivemq-platform] [hivemq-platform-operator] [bbb917b4] 18:34:23.552 [pool-6-thread-42] DEBUG c.h.p.o.dependants.PodInfoConfigMap - [customop] Desired PodInfo ConfigMap (metrics port: 9399) (metrics path: /)
2025-01-30 18:34:23,554 INFO c.h.h.t.HelmChartContainer - [hivemq-test-hivemq-platform] [hivemq-platform-operator] [bbb917b4] 18:34:23.552 [pool-6-thread-42] DEBUG c.h.p.o.dependants.PodInfoConfigMap - [customop] Desired PodInfo ConfigMap (extension state hash: -1817474005)
2025-01-30 18:34:23,588 INFO c.h.h.t.HelmChartContainer - [EVENT] Normal [Pulled] Container image "docker.io/hivemq/hivemq-platform-operator-init-test:snapshot" already present on machine [customoperatorselectorsit:test-hivemq-platform-alpha-tier3-0]
2025-01-30 18:34:23,591 INFO c.h.h.t.HelmChartContainer - [EVENT] Normal [Pulled] Container image "docker.io/hivemq/hivemq-platform-operator-init-test:snapshot" already present on machine [customoperatorselectorsit:test-hivemq-platform-alpha-tier2-0]
2025-01-30 18:34:23,636 INFO c.h.h.t.HelmChartContainer - [hivemq-test-hivemq-platform] [hivemq-platform-operator] [bbb917b4] 18:34:23.633 [pool-6-thread-42] DEBUG c.h.p.o.d.PodServiceAccountResource - [customop] Desired PodServiceAccountResource (serviceAccountName: hivemq-platform-pod-test-hivemq-platform-alpha-tier2)
2025-01-30 18:34:23,637 INFO c.h.h.t.HelmChartContainer - [hivemq-test-hivemq-platform] [hivemq-platform-operator] [bbb917b4] 18:34:23.632 [pool-6-thread-7] DEBUG c.h.p.o.d.StatefulSetResource - [customop] Desired StatefulSet (1 replicas) for status STARTING (READY)
2025-01-30 18:34:23,641 INFO c.h.h.t.HelmChartContainer - [hivemq-test-hivemq-platform] [hivemq-platform-operator] [bbb917b4] 18:34:23.640 [pool-6-thread-16] DEBUG c.h.p.o.d.StatefulSetResource - [customop] Desired StatefulSet (1 replicas) for status STARTING (READY)
2025-01-30 18:34:23,647 INFO c.h.h.t.HelmChartContainer - [hivemq-test-hivemq-platform] [hivemq-platform-operator] [bbb917b4] 18:34:23.646 [ReconcilerExecutor-hivemq-controller-107] INFO  c.h.p.o.HiveMQPlatformReconciler - [customop] Reconciling HiveMQ Platform 'test-hivemq-platform-alpha-tier2' in namespace 'customoperatorselectorsit'
2025-01-30 18:34:23,648 INFO c.h.h.t.HelmChartContainer - [hivemq-test-hivemq-platform] [hivemq-platform-operator] [bbb917b4] 18:34:23.647 [ReconcilerExecutor-hivemq-controller-107] DEBUG c.h.p.o.HiveMQPlatformReconciler - [customop] Custom Resource Status STARTING - HiveMQ Platform is starting (READY)
2025-01-30 18:34:23,649 INFO c.h.h.t.HelmChartContainer - [hivemq-test-hivemq-platform] [hivemq-platform-operator] [bbb917b4] 18:34:23.648 [ReconcilerExecutor-hivemq-controller-107] DEBUG c.h.p.o.HiveMQPlatformReconciler - [customop] Custom Resource Spec (replicas: 1) (extensions: 1)
2025-01-30 18:34:23,651 INFO c.h.h.t.HelmChartContainer - [hivemq-test-hivemq-platform] [hivemq-platform-operator] [bbb917b4] 18:34:23.650 [ReconcilerExecutor-hivemq-controller-99] INFO  c.h.p.o.HiveMQPlatformReconciler - [customop] Reconciling HiveMQ Platform 'test-hivemq-platform-alpha-tier3' in namespace 'customoperatorselectorsit'
2025-01-30 18:34:23,652 INFO c.h.h.t.HelmChartContainer - [hivemq-test-hivemq-platform] [hivemq-platform-operator] [bbb917b4] 18:34:23.650 [ReconcilerExecutor-hivemq-controller-99] DEBUG c.h.p.o.HiveMQPlatformReconciler - [customop] Custom Resource Status STARTING - HiveMQ Platform is starting (READY)
2025-01-30 18:34:23,652 INFO c.h.h.t.HelmChartContainer - [hivemq-test-hivemq-platform] [hivemq-platform-operator] [bbb917b4] 18:34:23.650 [ReconcilerExecutor-hivemq-controller-99] DEBUG c.h.p.o.HiveMQPlatformReconciler - [customop] Custom Resource Spec (replicas: 1) (extensions: 1)
2025-01-30 18:34:23,654 INFO c.h.h.t.HelmChartContainer - [hivemq-test-hivemq-platform] [hivemq-platform-operator] [bbb917b4] 18:34:23.654 [ReconcilerExecutor-hivemq-controller-107] DEBUG c.h.p.o.HiveMQPlatformReconciler - [customop] StatefulSet Status (revision: test-hivemq-platform-alpha-tier2-5888b5495b, replicas: 1, available: 0, ready: 0, current: 1, updated: 1)
2025-01-30 18:34:23,655 INFO c.h.h.t.HelmChartContainer - [hivemq-test-hivemq-platform] [hivemq-platform-operator] [bbb917b4] 18:34:23.655 [ReconcilerExecutor-hivemq-controller-107] DEBUG c.h.p.o.HiveMQPlatformReconciler - [customop] StatefulSet Spec (replicas: 1, init containers: 1, containers: 1, volumes: 3)
2025-01-30 18:34:23,740 INFO c.h.h.t.HelmChartContainer - [hivemq-test-hivemq-platform] [hivemq-platform-operator] [bbb917b4] 18:34:23.731 [ReconcilerExecutor-hivemq-controller-107] DEBUG c.h.p.o.h.HiveMQPlatformReconcilerErrorHandler - [customop] Pod 'test-hivemq-platform-alpha-tier2-0' phase Pending
2025-01-30 18:34:23,740 INFO c.h.h.t.HelmChartContainer - [hivemq-test-hivemq-platform] [hivemq-platform-operator] [bbb917b4] 18:34:23.731 [ReconcilerExecutor-hivemq-controller-107] DEBUG c.h.p.o.h.HiveMQPlatformReconcilerErrorHandler - [customop] Pod 'test-hivemq-platform-alpha-tier2-0' condition 'PodReadyToStartContainers': False
2025-01-30 18:34:23,740 INFO c.h.h.t.HelmChartContainer - [hivemq-test-hivemq-platform] [hivemq-platform-operator] [bbb917b4] 18:34:23.731 [ReconcilerExecutor-hivemq-controller-107] DEBUG c.h.p.o.h.HiveMQPlatformReconcilerErrorHandler - [customop] Pod 'test-hivemq-platform-alpha-tier2-0' condition 'Initialized': False
2025-01-30 18:34:23,740 INFO c.h.h.t.HelmChartContainer - [hivemq-test-hivemq-platform] [hivemq-platform-operator] [bbb917b4] 18:34:23.731 [ReconcilerExecutor-hivemq-controller-107] DEBUG c.h.p.o.h.HiveMQPlatformReconcilerErrorHandler - [customop] Pod 'test-hivemq-platform-alpha-tier2-0' condition 'Ready': False
2025-01-30 18:34:23,740 INFO c.h.h.t.HelmChartContainer - [hivemq-test-hivemq-platform] [hivemq-platform-operator] [bbb917b4] 18:34:23.731 [ReconcilerExecutor-hivemq-controller-107] DEBUG c.h.p.o.h.HiveMQPlatformReconcilerErrorHandler - [customop] Pod 'test-hivemq-platform-alpha-tier2-0' condition 'ContainersReady': False
2025-01-30 18:34:23,740 INFO c.h.h.t.HelmChartContainer - [hivemq-test-hivemq-platform] [hivemq-platform-operator] [bbb917b4] 18:34:23.731 [ReconcilerExecutor-hivemq-controller-107] DEBUG c.h.p.o.h.HiveMQPlatformReconcilerErrorHandler - [customop] Pod 'test-hivemq-platform-alpha-tier2-0' condition 'PodScheduled': True
2025-01-30 18:34:23,740 INFO c.h.h.t.HelmChartContainer - [hivemq-test-hivemq-platform] [hivemq-platform-operator] [bbb917b4] 18:34:23.731 [ReconcilerExecutor-hivemq-controller-107] DEBUG c.h.p.o.h.HiveMQPlatformReconcilerErrorHandler - [customop] Pod 'test-hivemq-platform-alpha-tier2-0' containerStatus 'hivemq' (started: false) (ready: false) (waiting: [PodInitializing] null)
2025-01-30 18:34:23,740 INFO c.h.h.t.HelmChartContainer - [hivemq-test-hivemq-platform] [hivemq-platform-operator] [bbb917b4] 18:34:23.733 [ReconcilerExecutor-hivemq-controller-107] INFO  c.h.p.o.h.HiveMQPlatformReconcilerBaseHandler - [customop] HiveMQ Platform is starting, 0 of 1 replicas are ready
2025-01-30 18:34:23,740 INFO c.h.h.t.HelmChartContainer - [hivemq-test-hivemq-platform] [hivemq-platform-operator] [bbb917b4] 18:34:23.737 [ReconcilerExecutor-hivemq-controller-99] DEBUG c.h.p.o.HiveMQPlatformReconciler - [customop] StatefulSet Status (revision: test-hivemq-platform-alpha-tier3-7ccdb49877, replicas: 1, available: 0, ready: 0, current: 1, updated: 1)
2025-01-30 18:34:23,741 INFO c.h.h.t.HelmChartContainer - [hivemq-test-hivemq-platform] [hivemq-platform-operator] [bbb917b4] 18:34:23.737 [ReconcilerExecutor-hivemq-controller-99] DEBUG c.h.p.o.HiveMQPlatformReconciler - [customop] StatefulSet Spec (replicas: 1, init containers: 1, containers: 1, volumes: 3)
2025-01-30 18:34:23,741 INFO c.h.h.t.HelmChartContainer - [hivemq-test-hivemq-platform] [hivemq-platform-operator] [bbb917b4] 18:34:23.739 [ReconcilerExecutor-hivemq-controller-99] DEBUG c.h.p.o.h.HiveMQPlatformReconcilerErrorHandler - [customop] Pod 'test-hivemq-platform-alpha-tier3-0' phase Pending
2025-01-30 18:34:23,741 INFO c.h.h.t.HelmChartContainer - [hivemq-test-hivemq-platform] [hivemq-platform-operator] [bbb917b4] 18:34:23.739 [ReconcilerExecutor-hivemq-controller-99] DEBUG c.h.p.o.h.HiveMQPlatformReconcilerErrorHandler - [customop] Pod 'test-hivemq-platform-alpha-tier3-0' condition 'PodReadyToStartContainers': False
2025-01-30 18:34:23,741 INFO c.h.h.t.HelmChartContainer - [hivemq-test-hivemq-platform] [hivemq-platform-operator] [bbb917b4] 18:34:23.739 [ReconcilerExecutor-hivemq-controller-99] DEBUG c.h.p.o.h.HiveMQPlatformReconcilerErrorHandler - [customop] Pod 'test-hivemq-platform-alpha-tier3-0' condition 'Initialized': False
2025-01-30 18:34:23,741 INFO c.h.h.t.HelmChartContainer - [hivemq-test-hivemq-platform] [hivemq-platform-operator] [bbb917b4] 18:34:23.739 [ReconcilerExecutor-hivemq-controller-99] DEBUG c.h.p.o.h.HiveMQPlatformReconcilerErrorHandler - [customop] Pod 'test-hivemq-platform-alpha-tier3-0' condition 'Ready': False
2025-01-30 18:34:23,741 INFO c.h.h.t.HelmChartContainer - [hivemq-test-hivemq-platform] [hivemq-platform-operator] [bbb917b4] 18:34:23.739 [ReconcilerExecutor-hivemq-controller-99] DEBUG c.h.p.o.h.HiveMQPlatformReconcilerErrorHandler - [customop] Pod 'test-hivemq-platform-alpha-tier3-0' condition 'ContainersReady': False
2025-01-30 18:34:23,741 INFO c.h.h.t.HelmChartContainer - [hivemq-test-hivemq-platform] [hivemq-platform-operator] [bbb917b4] 18:34:23.739 [ReconcilerExecutor-hivemq-controller-99] DEBUG c.h.p.o.h.HiveMQPlatformReconcilerErrorHandler - [customop] Pod 'test-hivemq-platform-alpha-tier3-0' condition 'PodScheduled': True
2025-01-30 18:34:23,741 INFO c.h.h.t.HelmChartContainer - [hivemq-test-hivemq-platform] [hivemq-platform-operator] [bbb917b4] 18:34:23.739 [ReconcilerExecutor-hivemq-controller-99] DEBUG c.h.p.o.h.HiveMQPlatformReconcilerErrorHandler - [customop] Pod 'test-hivemq-platform-alpha-tier3-0' containerStatus 'hivemq' (started: false) (ready: false) (waiting: [PodInitializing] null)
2025-01-30 18:34:23,742 INFO c.h.h.t.HelmChartContainer - [hivemq-test-hivemq-platform] [hivemq-platform-operator] [bbb917b4] 18:34:23.741 [ReconcilerExecutor-hivemq-controller-99] INFO  c.h.p.o.h.HiveMQPlatformReconcilerBaseHandler - [customop] HiveMQ Platform is starting, 0 of 1 replicas are ready
2025-01-30 18:34:23,756 INFO c.h.h.t.HelmChartContainer - [EVENT] Normal [Created] Created container: hivemq-platform-operator-init [customoperatorselectorsit:test-hivemq-platform-alpha-tier3-0]
2025-01-30 18:34:23,761 INFO c.h.h.t.HelmChartContainer - [EVENT] Normal [Created] Created container: hivemq-platform-operator-init [customoperatorselectorsit:test-hivemq-platform-alpha-tier2-0]
2025-01-30 18:34:23,806 INFO c.h.h.t.HelmChartContainer - [EVENT] Normal [Started] Started container hivemq-platform-operator-init [customoperatorselectorsit:test-hivemq-platform-alpha-tier3-0]
2025-01-30 18:34:23,808 INFO c.h.h.t.HelmChartContainer - [EVENT] Normal [Started] Started container hivemq-platform-operator-init [customoperatorselectorsit:test-hivemq-platform-alpha-tier2-0]
2025-01-30 18:34:24,038 INFO c.h.h.t.HelmChartContainer - [POD] test-hivemq-platform-alpha-tier3-0 [c1a2d939-e7af-424e-8c1e-f8b5e5c33867] in customoperatorselectorsit was MODIFIED
2025-01-30 18:34:24,059 INFO c.h.h.t.HelmChartContainer - [hivemq-test-hivemq-platform] [hivemq-platform-operator] [bbb917b4] 18:34:24.049 [pool-6-thread-1] DEBUG c.h.p.o.d.PodServiceAccountResource - [customop] Desired PodServiceAccountResource (serviceAccountName: hivemq-platform-pod-test-hivemq-platform-alpha-tier3)
2025-01-30 18:34:24,059 INFO c.h.h.t.HelmChartContainer - [hivemq-test-hivemq-platform] [hivemq-platform-operator] [bbb917b4] 18:34:24.050 [pool-6-thread-4] DEBUG c.h.p.o.d.PlatformServiceResource - [customop] Desired Platform services (3 services)
2025-01-30 18:34:24,059 INFO c.h.h.t.HelmChartContainer - [hivemq-test-hivemq-platform] [hivemq-platform-operator] [bbb917b4] 18:34:24.047 [pool-6-thread-2] DEBUG c.h.p.o.dependants.PodInfoConfigMap - [customop] Desired PodInfo ConfigMap (1 extensions) (1 enabled)
2025-01-30 18:34:24,059 INFO c.h.h.t.HelmChartContainer - [hivemq-test-hivemq-platform] [hivemq-platform-operator] [bbb917b4] 18:34:24.053 [pool-6-thread-2] DEBUG c.h.p.o.dependants.PodInfoConfigMap - [customop] Desired PodInfo ConfigMap (metrics port: 9399) (metrics path: /)
2025-01-30 18:34:24,059 INFO c.h.h.t.HelmChartContainer - [hivemq-test-hivemq-platform] [hivemq-platform-operator] [bbb917b4] 18:34:24.054 [pool-6-thread-2] DEBUG c.h.p.o.dependants.PodInfoConfigMap - [customop] Desired PodInfo ConfigMap (extension state hash: -1817474005)
2025-01-30 18:34:24,061 INFO c.h.h.t.HelmChartContainer - [POD] test-hivemq-platform-alpha-tier2-0 [e9f952a6-4e25-46fc-a050-3d710ed2b56f] in customoperatorselectorsit was MODIFIED
2025-01-30 18:34:24,062 INFO c.h.h.t.HelmChartContainer - [hivemq-test-hivemq-platform] [hivemq-platform-operator] [bbb917b4] 18:34:24.061 [pool-6-thread-3] DEBUG c.h.p.o.d.StatefulSetResource - [customop] Desired StatefulSet (1 replicas) for status STARTING (READY)
2025-01-30 18:34:24,077 INFO c.h.h.t.HelmChartContainer - [hivemq-test-hivemq-platform] [hivemq-platform-operator] [bbb917b4] 18:34:24.069 [pool-6-thread-21] DEBUG c.h.p.o.d.PlatformServiceResource - [customop] Desired Platform services (3 services)
2025-01-30 18:34:24,077 INFO c.h.h.t.HelmChartContainer - [hivemq-test-hivemq-platform] [hivemq-platform-operator] [bbb917b4] 18:34:24.070 [pool-6-thread-27] DEBUG c.h.p.o.dependants.PodInfoConfigMap - [customop] Desired PodInfo ConfigMap (1 extensions) (1 enabled)
2025-01-30 18:34:24,077 INFO c.h.h.t.HelmChartContainer - [hivemq-test-hivemq-platform] [hivemq-platform-operator] [bbb917b4] 18:34:24.071 [pool-6-thread-27] DEBUG c.h.p.o.dependants.PodInfoConfigMap - [customop] Desired PodInfo ConfigMap (metrics port: 9399) (metrics path: /)
2025-01-30 18:34:24,077 INFO c.h.h.t.HelmChartContainer - [hivemq-test-hivemq-platform] [hivemq-platform-operator] [bbb917b4] 18:34:24.071 [pool-6-thread-27] DEBUG c.h.p.o.dependants.PodInfoConfigMap - [customop] Desired PodInfo ConfigMap (extension state hash: -1817474005)
2025-01-30 18:34:24,136 INFO c.h.h.t.HelmChartContainer - [hivemq-test-hivemq-platform] [hivemq-platform-operator] [bbb917b4] 18:34:24.133 [pool-6-thread-33] DEBUG c.h.p.o.d.PodServiceAccountResource - [customop] Desired PodServiceAccountResource (serviceAccountName: hivemq-platform-pod-test-hivemq-platform-alpha-tier2)
2025-01-30 18:34:24,138 INFO c.h.h.t.HelmChartContainer - [hivemq-test-hivemq-platform] [hivemq-platform-operator] [bbb917b4] 18:34:24.135 [ReconcilerExecutor-hivemq-controller-111] INFO  c.h.p.o.HiveMQPlatformReconciler - [customop] Reconciling HiveMQ Platform 'test-hivemq-platform-alpha-tier3' in namespace 'customoperatorselectorsit'
2025-01-30 18:34:24,138 INFO c.h.h.t.HelmChartContainer - [hivemq-test-hivemq-platform] [hivemq-platform-operator] [bbb917b4] 18:34:24.135 [ReconcilerExecutor-hivemq-controller-111] DEBUG c.h.p.o.HiveMQPlatformReconciler - [customop] Custom Resource Status STARTING - HiveMQ Platform is starting (READY)
2025-01-30 18:34:24,140 INFO c.h.h.t.HelmChartContainer - [hivemq-test-hivemq-platform] [hivemq-platform-operator] [bbb917b4] 18:34:24.136 [ReconcilerExecutor-hivemq-controller-111] DEBUG c.h.p.o.HiveMQPlatformReconciler - [customop] Custom Resource Spec (replicas: 1) (extensions: 1)
2025-01-30 18:34:24,142 INFO c.h.h.t.HelmChartContainer - [hivemq-test-hivemq-platform] [hivemq-platform-operator] [bbb917b4] 18:34:24.141 [pool-6-thread-21] DEBUG c.h.p.o.d.StatefulSetResource - [customop] Desired StatefulSet (1 replicas) for status STARTING (READY)
2025-01-30 18:34:24,143 INFO c.h.h.t.HelmChartContainer - [hivemq-test-hivemq-platform] [hivemq-platform-operator] [bbb917b4] 18:34:24.142 [ReconcilerExecutor-hivemq-controller-111] DEBUG c.h.p.o.HiveMQPlatformReconciler - [customop] StatefulSet Status (revision: test-hivemq-platform-alpha-tier3-7ccdb49877, replicas: 1, available: 0, ready: 0, current: 1, updated: 1)
2025-01-30 18:34:24,145 INFO c.h.h.t.HelmChartContainer - [hivemq-test-hivemq-platform] [hivemq-platform-operator] [bbb917b4] 18:34:24.143 [ReconcilerExecutor-hivemq-controller-111] DEBUG c.h.p.o.HiveMQPlatformReconciler - [customop] StatefulSet Spec (replicas: 1, init containers: 1, containers: 1, volumes: 3)
2025-01-30 18:34:24,149 INFO c.h.h.t.HelmChartContainer - [hivemq-test-hivemq-platform] [hivemq-platform-operator] [bbb917b4] 18:34:24.148 [ReconcilerExecutor-hivemq-controller-111] DEBUG c.h.p.o.h.HiveMQPlatformReconcilerErrorHandler - [customop] Pod 'test-hivemq-platform-alpha-tier3-0' phase Pending
2025-01-30 18:34:24,150 INFO c.h.h.t.HelmChartContainer - [hivemq-test-hivemq-platform] [hivemq-platform-operator] [bbb917b4] 18:34:24.148 [ReconcilerExecutor-hivemq-controller-111] DEBUG c.h.p.o.h.HiveMQPlatformReconcilerErrorHandler - [customop] Pod 'test-hivemq-platform-alpha-tier3-0' condition 'PodReadyToStartContainers': True
2025-01-30 18:34:24,150 INFO c.h.h.t.HelmChartContainer - [hivemq-test-hivemq-platform] [hivemq-platform-operator] [bbb917b4] 18:34:24.149 [ReconcilerExecutor-hivemq-controller-111] DEBUG c.h.p.o.h.HiveMQPlatformReconcilerErrorHandler - [customop] Pod 'test-hivemq-platform-alpha-tier3-0' condition 'Initialized': False
2025-01-30 18:34:24,150 INFO c.h.h.t.HelmChartContainer - [hivemq-test-hivemq-platform] [hivemq-platform-operator] [bbb917b4] 18:34:24.149 [ReconcilerExecutor-hivemq-controller-111] DEBUG c.h.p.o.h.HiveMQPlatformReconcilerErrorHandler - [customop] Pod 'test-hivemq-platform-alpha-tier3-0' condition 'Ready': False
2025-01-30 18:34:24,150 INFO c.h.h.t.HelmChartContainer - [hivemq-test-hivemq-platform] [hivemq-platform-operator] [bbb917b4] 18:34:24.149 [ReconcilerExecutor-hivemq-controller-111] DEBUG c.h.p.o.h.HiveMQPlatformReconcilerErrorHandler - [customop] Pod 'test-hivemq-platform-alpha-tier3-0' condition 'ContainersReady': False
2025-01-30 18:34:24,150 INFO c.h.h.t.HelmChartContainer - [hivemq-test-hivemq-platform] [hivemq-platform-operator] [bbb917b4] 18:34:24.149 [ReconcilerExecutor-hivemq-controller-111] DEBUG c.h.p.o.h.HiveMQPlatformReconcilerErrorHandler - [customop] Pod 'test-hivemq-platform-alpha-tier3-0' condition 'PodScheduled': True
2025-01-30 18:34:24,150 INFO c.h.h.t.HelmChartContainer - [hivemq-test-hivemq-platform] [hivemq-platform-operator] [bbb917b4] 18:34:24.149 [ReconcilerExecutor-hivemq-controller-111] DEBUG c.h.p.o.h.HiveMQPlatformReconcilerErrorHandler - [customop] Pod 'test-hivemq-platform-alpha-tier3-0' containerStatus 'hivemq' (started: false) (ready: false) (waiting: [PodInitializing] null)
2025-01-30 18:34:24,151 INFO c.h.h.t.HelmChartContainer - [hivemq-test-hivemq-platform] [hivemq-platform-operator] [bbb917b4] 18:34:24.149 [ReconcilerExecutor-hivemq-controller-111] INFO  c.h.p.o.h.HiveMQPlatformReconcilerBaseHandler - [customop] HiveMQ Platform is starting, 0 of 1 replicas are ready
2025-01-30 18:34:24,232 INFO c.h.h.t.HelmChartContainer - [hivemq-test-hivemq-platform] [hivemq-platform-operator] [bbb917b4] 18:34:24.231 [ReconcilerExecutor-hivemq-controller-112] INFO  c.h.p.o.HiveMQPlatformReconciler - [customop] Reconciling HiveMQ Platform 'test-hivemq-platform-alpha-tier2' in namespace 'customoperatorselectorsit'
2025-01-30 18:34:24,232 INFO c.h.h.t.HelmChartContainer - [hivemq-test-hivemq-platform] [hivemq-platform-operator] [bbb917b4] 18:34:24.231 [ReconcilerExecutor-hivemq-controller-112] DEBUG c.h.p.o.HiveMQPlatformReconciler - [customop] Custom Resource Status STARTING - HiveMQ Platform is starting (READY)
2025-01-30 18:34:24,232 INFO c.h.h.t.HelmChartContainer - [hivemq-test-hivemq-platform] [hivemq-platform-operator] [bbb917b4] 18:34:24.231 [ReconcilerExecutor-hivemq-controller-112] DEBUG c.h.p.o.HiveMQPlatformReconciler - [customop] Custom Resource Spec (replicas: 1) (extensions: 1)
2025-01-30 18:34:24,234 INFO c.h.h.t.HelmChartContainer - [hivemq-test-hivemq-platform] [hivemq-platform-operator] [bbb917b4] 18:34:24.233 [ReconcilerExecutor-hivemq-controller-112] DEBUG c.h.p.o.HiveMQPlatformReconciler - [customop] StatefulSet Status (revision: test-hivemq-platform-alpha-tier2-5888b5495b, replicas: 1, available: 0, ready: 0, current: 1, updated: 1)
2025-01-30 18:34:24,235 INFO c.h.h.t.HelmChartContainer - [hivemq-test-hivemq-platform] [hivemq-platform-operator] [bbb917b4] 18:34:24.233 [ReconcilerExecutor-hivemq-controller-112] DEBUG c.h.p.o.HiveMQPlatformReconciler - [customop] StatefulSet Spec (replicas: 1, init containers: 1, containers: 1, volumes: 3)
2025-01-30 18:34:24,237 INFO c.h.h.t.HelmChartContainer - [hivemq-test-hivemq-platform] [hivemq-platform-operator] [bbb917b4] 18:34:24.235 [ReconcilerExecutor-hivemq-controller-112] DEBUG c.h.p.o.h.HiveMQPlatformReconcilerErrorHandler - [customop] Pod 'test-hivemq-platform-alpha-tier2-0' phase Pending
2025-01-30 18:34:24,237 INFO c.h.h.t.HelmChartContainer - [hivemq-test-hivemq-platform] [hivemq-platform-operator] [bbb917b4] 18:34:24.235 [ReconcilerExecutor-hivemq-controller-112] DEBUG c.h.p.o.h.HiveMQPlatformReconcilerErrorHandler - [customop] Pod 'test-hivemq-platform-alpha-tier2-0' condition 'PodReadyToStartContainers': True
2025-01-30 18:34:24,237 INFO c.h.h.t.HelmChartContainer - [hivemq-test-hivemq-platform] [hivemq-platform-operator] [bbb917b4] 18:34:24.235 [ReconcilerExecutor-hivemq-controller-112] DEBUG c.h.p.o.h.HiveMQPlatformReconcilerErrorHandler - [customop] Pod 'test-hivemq-platform-alpha-tier2-0' condition 'Initialized': False
2025-01-30 18:34:24,237 INFO c.h.h.t.HelmChartContainer - [hivemq-test-hivemq-platform] [hivemq-platform-operator] [bbb917b4] 18:34:24.235 [ReconcilerExecutor-hivemq-controller-112] DEBUG c.h.p.o.h.HiveMQPlatformReconcilerErrorHandler - [customop] Pod 'test-hivemq-platform-alpha-tier2-0' condition 'Ready': False
2025-01-30 18:34:24,237 INFO c.h.h.t.HelmChartContainer - [hivemq-test-hivemq-platform] [hivemq-platform-operator] [bbb917b4] 18:34:24.235 [ReconcilerExecutor-hivemq-controller-112] DEBUG c.h.p.o.h.HiveMQPlatformReconcilerErrorHandler - [customop] Pod 'test-hivemq-platform-alpha-tier2-0' condition 'ContainersReady': False
2025-01-30 18:34:24,238 INFO c.h.h.t.HelmChartContainer - [hivemq-test-hivemq-platform] [hivemq-platform-operator] [bbb917b4] 18:34:24.236 [ReconcilerExecutor-hivemq-controller-112] DEBUG c.h.p.o.h.HiveMQPlatformReconcilerErrorHandler - [customop] Pod 'test-hivemq-platform-alpha-tier2-0' condition 'PodScheduled': True
2025-01-30 18:34:24,238 INFO c.h.h.t.HelmChartContainer - [hivemq-test-hivemq-platform] [hivemq-platform-operator] [bbb917b4] 18:34:24.236 [ReconcilerExecutor-hivemq-controller-112] DEBUG c.h.p.o.h.HiveMQPlatformReconcilerErrorHandler - [customop] Pod 'test-hivemq-platform-alpha-tier2-0' containerStatus 'hivemq' (started: false) (ready: false) (waiting: [PodInitializing] null)
2025-01-30 18:34:24,238 INFO c.h.h.t.HelmChartContainer - [hivemq-test-hivemq-platform] [hivemq-platform-operator] [bbb917b4] 18:34:24.236 [ReconcilerExecutor-hivemq-controller-112] INFO  c.h.p.o.h.HiveMQPlatformReconcilerBaseHandler - [customop] HiveMQ Platform is starting, 0 of 1 replicas are ready
2025-01-30 18:34:25,040 INFO c.h.h.t.HelmChartContainer - [EVENT] Normal [Pulled] Container image "docker.io/hivemq/hivemq4:4.36.0" already present on machine [customoperatorselectorsit:test-hivemq-platform-alpha-tier3-0]
2025-01-30 18:34:25,040 INFO c.h.h.t.HelmChartContainer - Received Pulled event for container hivemq in pod test-hivemq-platform-alpha-tier3-0 [c1a2d939-e7af-424e-8c1e-f8b5e5c33867]
2025-01-30 18:34:25,047 INFO c.h.h.t.HelmChartContainer - [POD] test-hivemq-platform-alpha-tier3-0 [c1a2d939-e7af-424e-8c1e-f8b5e5c33867] in customoperatorselectorsit was MODIFIED
2025-01-30 18:34:25,048 INFO c.h.h.t.HelmChartContainer - [EVENT] Normal [Pulled] Container image "docker.io/hivemq/hivemq4:4.36.0" already present on machine [customoperatorselectorsit:test-hivemq-platform-alpha-tier2-0]
2025-01-30 18:34:25,049 INFO c.h.h.t.HelmChartContainer - Received Pulled event for container hivemq in pod test-hivemq-platform-alpha-tier2-0 [e9f952a6-4e25-46fc-a050-3d710ed2b56f]
2025-01-30 18:34:25,061 INFO c.h.h.t.HelmChartContainer - [POD] test-hivemq-platform-alpha-tier2-0 [e9f952a6-4e25-46fc-a050-3d710ed2b56f] in customoperatorselectorsit was MODIFIED
2025-01-30 18:34:25,070 INFO c.h.h.t.HelmChartContainer - [EVENT] Normal [Created] Created container: hivemq [customoperatorselectorsit:test-hivemq-platform-alpha-tier2-0]
2025-01-30 18:34:25,071 INFO c.h.h.t.HelmChartContainer - Received Created event for container hivemq in pod test-hivemq-platform-alpha-tier2-0 [e9f952a6-4e25-46fc-a050-3d710ed2b56f]
2025-01-30 18:34:25,084 INFO c.h.h.t.HelmChartContainer - [hivemq-test-hivemq-platform] [hivemq-platform-operator] [bbb917b4] 18:34:25.067 [pool-6-thread-25] DEBUG c.h.p.o.d.PlatformServiceResource - [customop] Desired Platform services (3 services)
2025-01-30 18:34:25,084 INFO c.h.h.t.HelmChartContainer - [hivemq-test-hivemq-platform] [hivemq-platform-operator] [bbb917b4] 18:34:25.072 [pool-6-thread-36] DEBUG c.h.p.o.dependants.PodInfoConfigMap - [customop] Desired PodInfo ConfigMap (1 extensions) (1 enabled)
2025-01-30 18:34:25,084 INFO c.h.h.t.HelmChartContainer - [hivemq-test-hivemq-platform] [hivemq-platform-operator] [bbb917b4] 18:34:25.072 [pool-6-thread-36] DEBUG c.h.p.o.dependants.PodInfoConfigMap - [customop] Desired PodInfo ConfigMap (metrics port: 9399) (metrics path: /)
2025-01-30 18:34:25,084 INFO c.h.h.t.HelmChartContainer - [hivemq-test-hivemq-platform] [hivemq-platform-operator] [bbb917b4] 18:34:25.072 [pool-6-thread-36] DEBUG c.h.p.o.dependants.PodInfoConfigMap - [customop] Desired PodInfo ConfigMap (extension state hash: -1817474005)
2025-01-30 18:34:25,084 INFO c.h.h.t.HelmChartContainer - [hivemq-test-hivemq-platform] [hivemq-platform-operator] [bbb917b4] 18:34:25.073 [pool-6-thread-38] DEBUG c.h.p.o.d.PodServiceAccountResource - [customop] Desired PodServiceAccountResource (serviceAccountName: hivemq-platform-pod-test-hivemq-platform-alpha-tier3)
2025-01-30 18:34:25,084 INFO c.h.h.t.HelmChartContainer - [hivemq-test-hivemq-platform] [hivemq-platform-operator] [bbb917b4] 18:34:25.076 [pool-6-thread-38] DEBUG c.h.p.o.d.PlatformServiceResource - [customop] Desired Platform services (3 services)
2025-01-30 18:34:25,084 INFO c.h.h.t.HelmChartContainer - [hivemq-test-hivemq-platform] [hivemq-platform-operator] [bbb917b4] 18:34:25.078 [pool-6-thread-31] DEBUG c.h.p.o.dependants.PodInfoConfigMap - [customop] Desired PodInfo ConfigMap (1 extensions) (1 enabled)
2025-01-30 18:34:25,084 INFO c.h.h.t.HelmChartContainer - [hivemq-test-hivemq-platform] [hivemq-platform-operator] [bbb917b4] 18:34:25.081 [pool-6-thread-31] DEBUG c.h.p.o.dependants.PodInfoConfigMap - [customop] Desired PodInfo ConfigMap (metrics port: 9399) (metrics path: /)
2025-01-30 18:34:25,084 INFO c.h.h.t.HelmChartContainer - [hivemq-test-hivemq-platform] [hivemq-platform-operator] [bbb917b4] 18:34:25.082 [pool-6-thread-31] DEBUG c.h.p.o.dependants.PodInfoConfigMap - [customop] Desired PodInfo ConfigMap (extension state hash: -1817474005)
2025-01-30 18:34:25,086 INFO c.h.h.t.HelmChartContainer - [hivemq-test-hivemq-platform] [hivemq-platform-operator] [bbb917b4] 18:34:25.083 [pool-6-thread-37] DEBUG c.h.p.o.d.PodServiceAccountResource - [customop] Desired PodServiceAccountResource (serviceAccountName: hivemq-platform-pod-test-hivemq-platform-alpha-tier2)
2025-01-30 18:34:25,140 INFO c.h.h.t.HelmChartContainer - [hivemq-test-hivemq-platform] [hivemq-platform-operator] [bbb917b4] 18:34:25.135 [pool-6-thread-38] DEBUG c.h.p.o.d.StatefulSetResource - [customop] Desired StatefulSet (1 replicas) for status STARTING (READY)
2025-01-30 18:34:25,141 INFO c.h.h.t.HelmChartContainer - [hivemq-test-hivemq-platform] [hivemq-platform-operator] [bbb917b4] 18:34:25.136 [pool-6-thread-8] DEBUG c.h.p.o.d.StatefulSetResource - [customop] Desired StatefulSet (1 replicas) for status STARTING (READY)
2025-01-30 18:34:25,149 INFO c.h.h.t.HelmChartContainer - [hivemq-test-hivemq-platform] [hivemq-platform-operator] [bbb917b4] 18:34:25.147 [ReconcilerExecutor-hivemq-controller-114] INFO  c.h.p.o.HiveMQPlatformReconciler - [customop] Reconciling HiveMQ Platform 'test-hivemq-platform-alpha-tier2' in namespace 'customoperatorselectorsit'
2025-01-30 18:34:25,150 INFO c.h.h.t.HelmChartContainer - [hivemq-test-hivemq-platform] [hivemq-platform-operator] [bbb917b4] 18:34:25.149 [ReconcilerExecutor-hivemq-controller-114] DEBUG c.h.p.o.HiveMQPlatformReconciler - [customop] Custom Resource Status STARTING - HiveMQ Platform is starting (READY)
2025-01-30 18:34:25,151 INFO c.h.h.t.HelmChartContainer - [hivemq-test-hivemq-platform] [hivemq-platform-operator] [bbb917b4] 18:34:25.150 [ReconcilerExecutor-hivemq-controller-114] DEBUG c.h.p.o.HiveMQPlatformReconciler - [customop] Custom Resource Spec (replicas: 1) (extensions: 1)
2025-01-30 18:34:25,156 INFO c.h.h.t.HelmChartContainer - [hivemq-test-hivemq-platform] [hivemq-platform-operator] [bbb917b4] 18:34:25.155 [ReconcilerExecutor-hivemq-controller-114] DEBUG c.h.p.o.HiveMQPlatformReconciler - [customop] StatefulSet Status (revision: test-hivemq-platform-alpha-tier2-5888b5495b, replicas: 1, available: 0, ready: 0, current: 1, updated: 1)
2025-01-30 18:34:25,157 INFO c.h.h.t.HelmChartContainer - [hivemq-test-hivemq-platform] [hivemq-platform-operator] [bbb917b4] 18:34:25.156 [ReconcilerExecutor-hivemq-controller-114] DEBUG c.h.p.o.HiveMQPlatformReconciler - [customop] StatefulSet Spec (replicas: 1, init containers: 1, containers: 1, volumes: 3)
2025-01-30 18:34:25,235 INFO c.h.h.t.HelmChartContainer - [hivemq-test-hivemq-platform] [hivemq-platform-operator] [bbb917b4] 18:34:25.231 [ReconcilerExecutor-hivemq-controller-113] INFO  c.h.p.o.HiveMQPlatformReconciler - [customop] Reconciling HiveMQ Platform 'test-hivemq-platform-alpha-tier3' in namespace 'customoperatorselectorsit'
2025-01-30 18:34:25,236 INFO c.h.h.t.HelmChartContainer - [hivemq-test-hivemq-platform] [hivemq-platform-operator] [bbb917b4] 18:34:25.231 [ReconcilerExecutor-hivemq-controller-113] DEBUG c.h.p.o.HiveMQPlatformReconciler - [customop] Custom Resource Status STARTING - HiveMQ Platform is starting (READY)
2025-01-30 18:34:25,236 INFO c.h.h.t.HelmChartContainer - [hivemq-test-hivemq-platform] [hivemq-platform-operator] [bbb917b4] 18:34:25.231 [ReconcilerExecutor-hivemq-controller-113] DEBUG c.h.p.o.HiveMQPlatformReconciler - [customop] Custom Resource Spec (replicas: 1) (extensions: 1)
2025-01-30 18:34:25,236 INFO c.h.h.t.HelmChartContainer - [hivemq-test-hivemq-platform] [hivemq-platform-operator] [bbb917b4] 18:34:25.233 [ReconcilerExecutor-hivemq-controller-114] DEBUG c.h.p.o.h.HiveMQPlatformReconcilerErrorHandler - [customop] Pod 'test-hivemq-platform-alpha-tier2-0' phase Pending
2025-01-30 18:34:25,236 INFO c.h.h.t.HelmChartContainer - [hivemq-test-hivemq-platform] [hivemq-platform-operator] [bbb917b4] 18:34:25.233 [ReconcilerExecutor-hivemq-controller-114] DEBUG c.h.p.o.h.HiveMQPlatformReconcilerErrorHandler - [customop] Pod 'test-hivemq-platform-alpha-tier2-0' condition 'PodReadyToStartContainers': True
2025-01-30 18:34:25,236 INFO c.h.h.t.HelmChartContainer - [hivemq-test-hivemq-platform] [hivemq-platform-operator] [bbb917b4] 18:34:25.233 [ReconcilerExecutor-hivemq-controller-113] DEBUG c.h.p.o.HiveMQPlatformReconciler - [customop] StatefulSet Status (revision: test-hivemq-platform-alpha-tier3-7ccdb49877, replicas: 1, available: 0, ready: 0, current: 1, updated: 1)
2025-01-30 18:34:25,236 INFO c.h.h.t.HelmChartContainer - [hivemq-test-hivemq-platform] [hivemq-platform-operator] [bbb917b4] 18:34:25.233 [ReconcilerExecutor-hivemq-controller-114] DEBUG c.h.p.o.h.HiveMQPlatformReconcilerErrorHandler - [customop] Pod 'test-hivemq-platform-alpha-tier2-0' condition 'Initialized': True
2025-01-30 18:34:25,236 INFO c.h.h.t.HelmChartContainer - [hivemq-test-hivemq-platform] [hivemq-platform-operator] [bbb917b4] 18:34:25.233 [ReconcilerExecutor-hivemq-controller-113] DEBUG c.h.p.o.HiveMQPlatformReconciler - [customop] StatefulSet Spec (replicas: 1, init containers: 1, containers: 1, volumes: 3)
2025-01-30 18:34:25,236 INFO c.h.h.t.HelmChartContainer - [hivemq-test-hivemq-platform] [hivemq-platform-operator] [bbb917b4] 18:34:25.233 [ReconcilerExecutor-hivemq-controller-114] DEBUG c.h.p.o.h.HiveMQPlatformReconcilerErrorHandler - [customop] Pod 'test-hivemq-platform-alpha-tier2-0' condition 'Ready': False
2025-01-30 18:34:25,236 INFO c.h.h.t.HelmChartContainer - [hivemq-test-hivemq-platform] [hivemq-platform-operator] [bbb917b4] 18:34:25.233 [ReconcilerExecutor-hivemq-controller-114] DEBUG c.h.p.o.h.HiveMQPlatformReconcilerErrorHandler - [customop] Pod 'test-hivemq-platform-alpha-tier2-0' condition 'ContainersReady': False
2025-01-30 18:34:25,236 INFO c.h.h.t.HelmChartContainer - [hivemq-test-hivemq-platform] [hivemq-platform-operator] [bbb917b4] 18:34:25.233 [ReconcilerExecutor-hivemq-controller-114] DEBUG c.h.p.o.h.HiveMQPlatformReconcilerErrorHandler - [customop] Pod 'test-hivemq-platform-alpha-tier2-0' condition 'PodScheduled': True
2025-01-30 18:34:25,236 INFO c.h.h.t.HelmChartContainer - [hivemq-test-hivemq-platform] [hivemq-platform-operator] [bbb917b4] 18:34:25.233 [ReconcilerExecutor-hivemq-controller-114] DEBUG c.h.p.o.h.HiveMQPlatformReconcilerErrorHandler - [customop] Pod 'test-hivemq-platform-alpha-tier2-0' containerStatus 'hivemq' (started: false) (ready: false) (waiting: [PodInitializing] null)
2025-01-30 18:34:25,236 INFO c.h.h.t.HelmChartContainer - [hivemq-test-hivemq-platform] [hivemq-platform-operator] [bbb917b4] 18:34:25.234 [ReconcilerExecutor-hivemq-controller-114] INFO  c.h.p.o.h.HiveMQPlatformReconcilerBaseHandler - [customop] HiveMQ Platform is starting, 0 of 1 replicas are ready
2025-01-30 18:34:25,236 INFO c.h.h.t.HelmChartContainer - [hivemq-test-hivemq-platform] [hivemq-platform-operator] [bbb917b4] 18:34:25.234 [ReconcilerExecutor-hivemq-controller-113] DEBUG c.h.p.o.h.HiveMQPlatformReconcilerErrorHandler - [customop] Pod 'test-hivemq-platform-alpha-tier3-0' phase Pending
2025-01-30 18:34:25,237 INFO c.h.h.t.HelmChartContainer - [hivemq-test-hivemq-platform] [hivemq-platform-operator] [bbb917b4] 18:34:25.234 [ReconcilerExecutor-hivemq-controller-113] DEBUG c.h.p.o.h.HiveMQPlatformReconcilerErrorHandler - [customop] Pod 'test-hivemq-platform-alpha-tier3-0' condition 'PodReadyToStartContainers': True
2025-01-30 18:34:25,237 INFO c.h.h.t.HelmChartContainer - [hivemq-test-hivemq-platform] [hivemq-platform-operator] [bbb917b4] 18:34:25.234 [ReconcilerExecutor-hivemq-controller-113] DEBUG c.h.p.o.h.HiveMQPlatformReconcilerErrorHandler - [customop] Pod 'test-hivemq-platform-alpha-tier3-0' condition 'Initialized': True
2025-01-30 18:34:25,237 INFO c.h.h.t.HelmChartContainer - [hivemq-test-hivemq-platform] [hivemq-platform-operator] [bbb917b4] 18:34:25.234 [ReconcilerExecutor-hivemq-controller-113] DEBUG c.h.p.o.h.HiveMQPlatformReconcilerErrorHandler - [customop] Pod 'test-hivemq-platform-alpha-tier3-0' condition 'Ready': False
2025-01-30 18:34:25,237 INFO c.h.h.t.HelmChartContainer - [hivemq-test-hivemq-platform] [hivemq-platform-operator] [bbb917b4] 18:34:25.234 [ReconcilerExecutor-hivemq-controller-113] DEBUG c.h.p.o.h.HiveMQPlatformReconcilerErrorHandler - [customop] Pod 'test-hivemq-platform-alpha-tier3-0' condition 'ContainersReady': False
2025-01-30 18:34:25,237 INFO c.h.h.t.HelmChartContainer - [hivemq-test-hivemq-platform] [hivemq-platform-operator] [bbb917b4] 18:34:25.234 [ReconcilerExecutor-hivemq-controller-113] DEBUG c.h.p.o.h.HiveMQPlatformReconcilerErrorHandler - [customop] Pod 'test-hivemq-platform-alpha-tier3-0' condition 'PodScheduled': True
2025-01-30 18:34:25,237 INFO c.h.h.t.HelmChartContainer - [hivemq-test-hivemq-platform] [hivemq-platform-operator] [bbb917b4] 18:34:25.235 [ReconcilerExecutor-hivemq-controller-113] DEBUG c.h.p.o.h.HiveMQPlatformReconcilerErrorHandler - [customop] Pod 'test-hivemq-platform-alpha-tier3-0' containerStatus 'hivemq' (started: false) (ready: false) (waiting: [PodInitializing] null)
2025-01-30 18:34:25,237 INFO c.h.h.t.HelmChartContainer - [hivemq-test-hivemq-platform] [hivemq-platform-operator] [bbb917b4] 18:34:25.235 [ReconcilerExecutor-hivemq-controller-113] INFO  c.h.p.o.h.HiveMQPlatformReconcilerBaseHandler - [customop] HiveMQ Platform is starting, 0 of 1 replicas are ready
2025-01-30 18:34:26,048 INFO c.h.h.t.HelmChartContainer - [POD] test-hivemq-platform-alpha-tier3-0 [c1a2d939-e7af-424e-8c1e-f8b5e5c33867] in customoperatorselectorsit was MODIFIED
2025-01-30 18:34:26,060 INFO c.h.h.t.HelmChartContainer - [POD] test-hivemq-platform-alpha-tier2-0 [e9f952a6-4e25-46fc-a050-3d710ed2b56f] in customoperatorselectorsit was MODIFIED
2025-01-30 18:34:26,064 INFO c.h.h.t.HelmChartContainer - [hivemq-test-hivemq-platform] [hivemq-platform-operator] [bbb917b4] 18:34:26.059 [pool-6-thread-15] DEBUG c.h.p.o.d.PlatformServiceResource - [customop] Desired Platform services (3 services)
2025-01-30 18:34:26,065 INFO c.h.h.t.HelmChartContainer - [hivemq-test-hivemq-platform] [hivemq-platform-operator] [bbb917b4] 18:34:26.064 [pool-6-thread-17] DEBUG c.h.p.o.dependants.PodInfoConfigMap - [customop] Desired PodInfo ConfigMap (1 extensions) (1 enabled)
2025-01-30 18:34:26,069 INFO c.h.h.t.HelmChartContainer - [hivemq-test-hivemq-platform] [hivemq-platform-operator] [bbb917b4] 18:34:26.067 [pool-6-thread-17] DEBUG c.h.p.o.dependants.PodInfoConfigMap - [customop] Desired PodInfo ConfigMap (metrics port: 9399) (metrics path: /)
2025-01-30 18:34:26,069 INFO c.h.h.t.HelmChartContainer - [hivemq-test-hivemq-platform] [hivemq-platform-operator] [bbb917b4] 18:34:26.067 [pool-6-thread-17] DEBUG c.h.p.o.dependants.PodInfoConfigMap - [customop] Desired PodInfo ConfigMap (extension state hash: -1817474005)
2025-01-30 18:34:26,071 INFO c.h.h.t.HelmChartContainer - Started log watcher for hivemq in pod test-hivemq-platform-alpha-tier2-0 [e9f952a6-4e25-46fc-a050-3d710ed2b56f]
2025-01-30 18:34:26,071 INFO c.h.h.t.HelmChartContainer - [EVENT] Normal [Created] Created container: hivemq [customoperatorselectorsit:test-hivemq-platform-alpha-tier3-0]
2025-01-30 18:34:26,071 INFO c.h.h.t.HelmChartContainer - Received Created event for container hivemq in pod test-hivemq-platform-alpha-tier3-0 [c1a2d939-e7af-424e-8c1e-f8b5e5c33867]
2025-01-30 18:34:26,072 INFO c.h.h.t.HelmChartContainer - [hivemq-test-hivemq-platform] [hivemq-platform-operator] [bbb917b4] 18:34:26.067 [pool-6-thread-11] DEBUG c.h.p.o.d.PodServiceAccountResource - [customop] Desired PodServiceAccountResource (serviceAccountName: hivemq-platform-pod-test-hivemq-platform-alpha-tier3)
2025-01-30 18:34:26,072 INFO c.h.h.t.HelmChartContainer - [test-hivemq-platform] [hivemq] [e9f952a6] Adding pre-installed HiveMQ Platform Operator extensions
2025-01-30 18:34:26,072 INFO c.h.h.t.HelmChartContainer - [test-hivemq-platform] [hivemq] [e9f952a6] Running as user 10000
2025-01-30 18:34:26,072 INFO c.h.h.t.HelmChartContainer - [test-hivemq-platform] [hivemq] [e9f952a6] Starting HiveMQ Platform Operator Init
2025-01-30 18:34:26,074 INFO c.h.h.t.HelmChartContainer - [hivemq-test-hivemq-platform] [hivemq-platform-operator] [bbb917b4] 18:34:26.073 [pool-6-thread-11] DEBUG c.h.p.o.d.PlatformServiceResource - [customop] Desired Platform services (3 services)
2025-01-30 18:34:26,078 INFO c.h.h.t.HelmChartContainer - [hivemq-test-hivemq-platform] [hivemq-platform-operator] [bbb917b4] 18:34:26.078 [pool-6-thread-15] DEBUG c.h.p.o.d.StatefulSetResource - [customop] Desired StatefulSet (1 replicas) for status STARTING (READY)
2025-01-30 18:34:26,087 INFO c.h.h.t.HelmChartContainer - Started log watcher for hivemq in pod test-hivemq-platform-alpha-tier3-0 [c1a2d939-e7af-424e-8c1e-f8b5e5c33867]
2025-01-30 18:34:26,087 INFO c.h.h.t.HelmChartContainer - [EVENT] Normal [Started] Started container hivemq [customoperatorselectorsit:test-hivemq-platform-alpha-tier2-0]
2025-01-30 18:34:26,087 INFO c.h.h.t.HelmChartContainer - Received Started event for container hivemq in pod test-hivemq-platform-alpha-tier2-0 [e9f952a6-4e25-46fc-a050-3d710ed2b56f]
2025-01-30 18:34:26,087 INFO c.h.h.t.HelmChartContainer - [EVENT] Normal [Started] Started container hivemq [customoperatorselectorsit:test-hivemq-platform-alpha-tier3-0]
2025-01-30 18:34:26,087 INFO c.h.h.t.HelmChartContainer - Received Started event for container hivemq in pod test-hivemq-platform-alpha-tier3-0 [c1a2d939-e7af-424e-8c1e-f8b5e5c33867]
2025-01-30 18:34:26,088 INFO c.h.h.t.HelmChartContainer - [test-hivemq-platform] [hivemq] [c1a2d939] Adding pre-installed HiveMQ Platform Operator extensions
2025-01-30 18:34:26,088 INFO c.h.h.t.HelmChartContainer - [test-hivemq-platform] [hivemq] [c1a2d939] Running as user 10000
2025-01-30 18:34:26,088 INFO c.h.h.t.HelmChartContainer - [test-hivemq-platform] [hivemq] [c1a2d939] Starting HiveMQ Platform Operator Init
2025-01-30 18:34:26,135 INFO c.h.h.t.HelmChartContainer - [hivemq-test-hivemq-platform] [hivemq-platform-operator] [bbb917b4] 18:34:26.131 [pool-6-thread-11] DEBUG c.h.p.o.dependants.PodInfoConfigMap - [customop] Desired PodInfo ConfigMap (1 extensions) (1 enabled)
2025-01-30 18:34:26,135 INFO c.h.h.t.HelmChartContainer - [hivemq-test-hivemq-platform] [hivemq-platform-operator] [bbb917b4] 18:34:26.131 [pool-6-thread-11] DEBUG c.h.p.o.dependants.PodInfoConfigMap - [customop] Desired PodInfo ConfigMap (metrics port: 9399) (metrics path: /)
2025-01-30 18:34:26,135 INFO c.h.h.t.HelmChartContainer - [hivemq-test-hivemq-platform] [hivemq-platform-operator] [bbb917b4] 18:34:26.131 [pool-6-thread-11] DEBUG c.h.p.o.dependants.PodInfoConfigMap - [customop] Desired PodInfo ConfigMap (extension state hash: -1817474005)
2025-01-30 18:34:26,135 INFO c.h.h.t.HelmChartContainer - [hivemq-test-hivemq-platform] [hivemq-platform-operator] [bbb917b4] 18:34:26.133 [pool-6-thread-7] DEBUG c.h.p.o.d.PodServiceAccountResource - [customop] Desired PodServiceAccountResource (serviceAccountName: hivemq-platform-pod-test-hivemq-platform-alpha-tier2)
2025-01-30 18:34:26,138 INFO c.h.h.t.HelmChartContainer - [hivemq-test-hivemq-platform] [hivemq-platform-operator] [bbb917b4] 18:34:26.137 [pool-6-thread-14] DEBUG c.h.p.o.d.StatefulSetResource - [customop] Desired StatefulSet (1 replicas) for status STARTING (READY)
2025-01-30 18:34:26,144 INFO c.h.h.t.HelmChartContainer - [hivemq-test-hivemq-platform] [hivemq-platform-operator] [bbb917b4] 18:34:26.141 [ReconcilerExecutor-hivemq-controller-115] INFO  c.h.p.o.HiveMQPlatformReconciler - [customop] Reconciling HiveMQ Platform 'test-hivemq-platform-alpha-tier3' in namespace 'customoperatorselectorsit'
2025-01-30 18:34:26,144 INFO c.h.h.t.HelmChartContainer - [hivemq-test-hivemq-platform] [hivemq-platform-operator] [bbb917b4] 18:34:26.141 [ReconcilerExecutor-hivemq-controller-115] DEBUG c.h.p.o.HiveMQPlatformReconciler - [customop] Custom Resource Status STARTING - HiveMQ Platform is starting (READY)
2025-01-30 18:34:26,144 INFO c.h.h.t.HelmChartContainer - [hivemq-test-hivemq-platform] [hivemq-platform-operator] [bbb917b4] 18:34:26.141 [ReconcilerExecutor-hivemq-controller-115] DEBUG c.h.p.o.HiveMQPlatformReconciler - [customop] Custom Resource Spec (replicas: 1) (extensions: 1)
2025-01-30 18:34:26,144 INFO c.h.h.t.HelmChartContainer - [hivemq-test-hivemq-platform] [hivemq-platform-operator] [bbb917b4] 18:34:26.141 [ReconcilerExecutor-hivemq-controller-116] INFO  c.h.p.o.HiveMQPlatformReconciler - [customop] Reconciling HiveMQ Platform 'test-hivemq-platform-alpha-tier2' in namespace 'customoperatorselectorsit'
2025-01-30 18:34:26,144 INFO c.h.h.t.HelmChartContainer - [hivemq-test-hivemq-platform] [hivemq-platform-operator] [bbb917b4] 18:34:26.141 [ReconcilerExecutor-hivemq-controller-116] DEBUG c.h.p.o.HiveMQPlatformReconciler - [customop] Custom Resource Status STARTING - HiveMQ Platform is starting (READY)
2025-01-30 18:34:26,144 INFO c.h.h.t.HelmChartContainer - [hivemq-test-hivemq-platform] [hivemq-platform-operator] [bbb917b4] 18:34:26.141 [ReconcilerExecutor-hivemq-controller-116] DEBUG c.h.p.o.HiveMQPlatformReconciler - [customop] Custom Resource Spec (replicas: 1) (extensions: 1)
2025-01-30 18:34:26,146 INFO c.h.h.t.HelmChartContainer - [hivemq-test-hivemq-platform] [hivemq-platform-operator] [bbb917b4] 18:34:26.144 [ReconcilerExecutor-hivemq-controller-116] DEBUG c.h.p.o.HiveMQPlatformReconciler - [customop] StatefulSet Status (revision: test-hivemq-platform-alpha-tier2-5888b5495b, replicas: 1, available: 0, ready: 0, current: 1, updated: 1)
2025-01-30 18:34:26,146 INFO c.h.h.t.HelmChartContainer - [hivemq-test-hivemq-platform] [hivemq-platform-operator] [bbb917b4] 18:34:26.144 [ReconcilerExecutor-hivemq-controller-116] DEBUG c.h.p.o.HiveMQPlatformReconciler - [customop] StatefulSet Spec (replicas: 1, init containers: 1, containers: 1, volumes: 3)
2025-01-30 18:34:26,146 INFO c.h.h.t.HelmChartContainer - [hivemq-test-hivemq-platform] [hivemq-platform-operator] [bbb917b4] 18:34:26.145 [ReconcilerExecutor-hivemq-controller-115] DEBUG c.h.p.o.HiveMQPlatformReconciler - [customop] StatefulSet Status (revision: test-hivemq-platform-alpha-tier3-7ccdb49877, replicas: 1, available: 0, ready: 0, current: 1, updated: 1)
2025-01-30 18:34:26,146 INFO c.h.h.t.HelmChartContainer - [hivemq-test-hivemq-platform] [hivemq-platform-operator] [bbb917b4] 18:34:26.145 [ReconcilerExecutor-hivemq-controller-115] DEBUG c.h.p.o.HiveMQPlatformReconciler - [customop] StatefulSet Spec (replicas: 1, init containers: 1, containers: 1, volumes: 3)
2025-01-30 18:34:26,149 INFO c.h.h.t.HelmChartContainer - [hivemq-test-hivemq-platform] [hivemq-platform-operator] [bbb917b4] 18:34:26.145 [ReconcilerExecutor-hivemq-controller-116] DEBUG c.h.p.o.h.HiveMQPlatformReconcilerErrorHandler - [customop] Pod 'test-hivemq-platform-alpha-tier2-0' phase Running
2025-01-30 18:34:26,149 INFO c.h.h.t.HelmChartContainer - [hivemq-test-hivemq-platform] [hivemq-platform-operator] [bbb917b4] 18:34:26.147 [ReconcilerExecutor-hivemq-controller-116] INFO  c.h.p.o.h.HiveMQPlatformReconcilerBaseHandler - [customop] HiveMQ Platform is starting, 0 of 1 replicas are ready
2025-01-30 18:34:26,152 INFO c.h.h.t.HelmChartContainer - [hivemq-test-hivemq-platform] [hivemq-platform-operator] [bbb917b4] 18:34:26.150 [ReconcilerExecutor-hivemq-controller-115] DEBUG c.h.p.o.h.HiveMQPlatformReconcilerErrorHandler - [customop] Pod 'test-hivemq-platform-alpha-tier3-0' phase Running
2025-01-30 18:34:26,152 INFO c.h.h.t.HelmChartContainer - [hivemq-test-hivemq-platform] [hivemq-platform-operator] [bbb917b4] 18:34:26.151 [ReconcilerExecutor-hivemq-controller-115] INFO  c.h.p.o.h.HiveMQPlatformReconcilerBaseHandler - [customop] HiveMQ Platform is starting, 0 of 1 replicas are ready
2025-01-30 18:34:26,487 INFO c.h.h.t.HelmChartContainer - [test-hivemq-platform] [hivemq] [e9f952a6] INFO  - [HiveMQ Platform Operator Init 1.7.0-SNAPSHOT] HiveMQ Platform Operator Init 1.7.0-SNAPSHOT (commit: 47e3375 on branch: HEAD) built on Thu Jan 30 03:55:50 UTC 2025
2025-01-30 18:34:26,504 INFO c.h.h.t.HelmChartContainer - [test-hivemq-platform] [hivemq] [c1a2d939] INFO  - [HiveMQ Platform Operator Init 1.7.0-SNAPSHOT] HiveMQ Platform Operator Init 1.7.0-SNAPSHOT (commit: 47e3375 on branch: HEAD) built on Thu Jan 30 03:55:50 UTC 2025
2025-01-30 18:34:27,730 INFO c.h.h.t.HelmChartContainer - [test-hivemq-platform] [hivemq] [e9f952a6] INFO  - [HiveMQ Platform Operator Init App 1.7.0-SNAPSHOT] Using bind address 10.42.0.16 from environment variable
2025-01-30 18:34:27,823 INFO c.h.h.t.HelmChartContainer - [test-hivemq-platform] [hivemq] [c1a2d939] INFO  - [HiveMQ Platform Operator Init App 1.7.0-SNAPSHOT] Using bind address 10.42.0.17 from environment variable
2025-01-30 18:34:28,821 INFO c.h.h.t.HelmChartContainer - [test-hivemq-platform] [hivemq] [e9f952a6] INFO  - [HiveMQ Platform Operator Init App 1.7.0-SNAPSHOT] HiveMQ Platform Operator Init App 1.7.0-SNAPSHOT (commit: 47e3375 on branch: HEAD) built on Thu Jan 30 03:55:50 UTC 2025
2025-01-30 18:34:28,821 INFO c.h.h.t.HelmChartContainer - [test-hivemq-platform] [hivemq] [e9f952a6] INFO  - [HiveMQ Platform Operator Init App 1.7.0-SNAPSHOT] PodInfo ConfigMap directory: /etc/podinfo
2025-01-30 18:34:28,821 INFO c.h.h.t.HelmChartContainer - [test-hivemq-platform] [hivemq] [e9f952a6] INFO  - [HiveMQ Platform Operator Init App 1.7.0-SNAPSHOT] HiveMQ home directory: /opt/hivemq
2025-01-30 18:34:28,821 INFO c.h.h.t.HelmChartContainer - [test-hivemq-platform] [hivemq] [e9f952a6] INFO  - [HiveMQ Platform Operator Init App 1.7.0-SNAPSHOT] HiveMQ Logback folder: /opt/hivemq/conf
2025-01-30 18:34:28,821 INFO c.h.h.t.HelmChartContainer - [test-hivemq-platform] [hivemq] [e9f952a6] INFO  - [HiveMQ Platform Operator Init App 1.7.0-SNAPSHOT] HiveMQ Config folder: /opt/hivemq/conf-k8s
2025-01-30 18:34:28,822 INFO c.h.h.t.HelmChartContainer - [test-hivemq-platform] [hivemq] [e9f952a6] INFO  - [HiveMQ Platform Operator Init App 1.7.0-SNAPSHOT] Starting HiveMQ Platform Operator Init App
2025-01-30 18:34:28,822 INFO c.h.h.t.HelmChartContainer - [test-hivemq-platform] [hivemq] [e9f952a6] INFO  - [HiveMQ Platform Operator Init App 1.7.0-SNAPSHOT] Starting Pod reconciler
2025-01-30 18:34:28,898 INFO c.h.h.t.HelmChartContainer - [test-hivemq-platform] [hivemq] [c1a2d939] INFO  - [HiveMQ Platform Operator Init App 1.7.0-SNAPSHOT] HiveMQ Platform Operator Init App 1.7.0-SNAPSHOT (commit: 47e3375 on branch: HEAD) built on Thu Jan 30 03:55:50 UTC 2025
2025-01-30 18:34:28,898 INFO c.h.h.t.HelmChartContainer - [test-hivemq-platform] [hivemq] [c1a2d939] INFO  - [HiveMQ Platform Operator Init App 1.7.0-SNAPSHOT] PodInfo ConfigMap directory: /etc/podinfo
2025-01-30 18:34:28,898 INFO c.h.h.t.HelmChartContainer - [test-hivemq-platform] [hivemq] [c1a2d939] INFO  - [HiveMQ Platform Operator Init App 1.7.0-SNAPSHOT] HiveMQ home directory: /opt/hivemq
2025-01-30 18:34:28,899 INFO c.h.h.t.HelmChartContainer - [test-hivemq-platform] [hivemq] [c1a2d939] INFO  - [HiveMQ Platform Operator Init App 1.7.0-SNAPSHOT] HiveMQ Logback folder: /opt/hivemq/conf
2025-01-30 18:34:28,899 INFO c.h.h.t.HelmChartContainer - [test-hivemq-platform] [hivemq] [c1a2d939] INFO  - [HiveMQ Platform Operator Init App 1.7.0-SNAPSHOT] HiveMQ Config folder: /opt/hivemq/conf-k8s
2025-01-30 18:34:28,905 INFO c.h.h.t.HelmChartContainer - [test-hivemq-platform] [hivemq] [c1a2d939] INFO  - [HiveMQ Platform Operator Init App 1.7.0-SNAPSHOT] Starting HiveMQ Platform Operator Init App
2025-01-30 18:34:28,914 INFO c.h.h.t.HelmChartContainer - [test-hivemq-platform] [hivemq] [c1a2d939] INFO  - [HiveMQ Platform Operator Init App 1.7.0-SNAPSHOT] Starting Pod reconciler
2025-01-30 18:34:29,548 INFO c.h.h.t.HelmChartContainer - [K3S] [scope.go:117] "RemoveContainer" containerID="2b99db67c1f82ed15ec9bbabdcc56d3454746e9132c709d1f0dedfbaa5b759aa"
2025-01-30 18:34:30,303 INFO c.h.h.t.HelmChartContainer - [test-hivemq-platform] [hivemq] [e9f952a6] INFO  - [HiveMQ Platform Operator Init App 1.7.0-SNAPSHOT] Pod reconciler is scheduled (interval: 5000 ms)
2025-01-30 18:34:30,305 INFO c.h.h.t.HelmChartContainer - [test-hivemq-platform] [hivemq] [e9f952a6] INFO  - [HiveMQ Platform Operator Init App 1.7.0-SNAPSHOT] Starting the REST API on 10.42.0.16:7979
2025-01-30 18:34:30,308 INFO c.h.h.t.HelmChartContainer - [test-hivemq-platform] [hivemq] [e9f952a6] INFO  - [HiveMQ Platform Operator Init App 1.7.0-SNAPSHOT] Waiting up to 600s for at most 1 HiveMQ nodes in cluster service hivemq-test-hivemq-platform-alpha-tier2-cluster.customoperatorselectorsit.svc
2025-01-30 18:34:30,314 INFO c.h.h.t.HelmChartContainer - [test-hivemq-platform] [hivemq] [c1a2d939] INFO  - [HiveMQ Platform Operator Init App 1.7.0-SNAPSHOT] Pod reconciler is scheduled (interval: 5000 ms)
2025-01-30 18:34:30,315 INFO c.h.h.t.HelmChartContainer - [test-hivemq-platform] [hivemq] [c1a2d939] INFO  - [HiveMQ Platform Operator Init App 1.7.0-SNAPSHOT] Starting the REST API on 10.42.0.17:7979
2025-01-30 18:34:30,318 INFO c.h.h.t.HelmChartContainer - [test-hivemq-platform] [hivemq] [c1a2d939] INFO  - [HiveMQ Platform Operator Init App 1.7.0-SNAPSHOT] Waiting up to 600s for at most 1 HiveMQ nodes in cluster service hivemq-test-hivemq-platform-alpha-tier3-cluster.customoperatorselectorsit.svc
2025-01-30 18:34:30,718 INFO c.h.h.t.HelmChartContainer - [test-hivemq-platform] [hivemq] [e9f952a6] INFO  - [HiveMQ Platform Operator Init App 1.7.0-SNAPSHOT] Resolved 1 IP addresses: [10.42.0.16]
2025-01-30 18:34:30,718 INFO c.h.h.t.HelmChartContainer - [test-hivemq-platform] [hivemq] [e9f952a6] INFO  - [HiveMQ Platform Operator Init App 1.7.0-SNAPSHOT] HiveMQ node count of 1 is within threshold of 1
2025-01-30 18:34:30,718 INFO c.h.h.t.HelmChartContainer - [test-hivemq-platform] [hivemq] [e9f952a6] INFO  - [HiveMQ Platform Operator Init App 1.7.0-SNAPSHOT] Proceeding with container start
2025-01-30 18:34:30,744 INFO c.h.h.t.HelmChartContainer - [test-hivemq-platform] [hivemq] [c1a2d939] INFO  - [HiveMQ Platform Operator Init App 1.7.0-SNAPSHOT] Resolved 1 IP addresses: [10.42.0.17]
2025-01-30 18:34:30,744 INFO c.h.h.t.HelmChartContainer - [test-hivemq-platform] [hivemq] [c1a2d939] INFO  - [HiveMQ Platform Operator Init App 1.7.0-SNAPSHOT] HiveMQ node count of 1 is within threshold of 1
2025-01-30 18:34:30,744 INFO c.h.h.t.HelmChartContainer - [test-hivemq-platform] [hivemq] [c1a2d939] INFO  - [HiveMQ Platform Operator Init App 1.7.0-SNAPSHOT] Proceeding with container start
2025-01-30 18:34:30,802 INFO c.h.h.t.HelmChartContainer - [test-hivemq-platform] [hivemq] [e9f952a6] INFO  - [HiveMQ Platform Operator Init App 1.7.0-SNAPSHOT] Initializing HiveMQ Platform extensions with initial configuration: {hivemq-allow-all-extension={start-priority=-1, skip-https-hostname-verification=false, restart=true, config-version=0, header-version=0, c-uri=, priority=-1, uri=preinstalled, skip-https-certificate-validation=false, enabled=true}, hivemq-prometheus-extension={restart=true, priority=-1, start-priority=-1, c-uri=, skip-https-hostname-verification=false, skip-https-certificate-validation=false, uri=preinstalled, request-header-path=no-request-headers, enabled=true}}
2025-01-30 18:34:30,821 INFO c.h.h.t.HelmChartContainer - [test-hivemq-platform] [hivemq] [c1a2d939] INFO  - [HiveMQ Platform Operator Init App 1.7.0-SNAPSHOT] Initializing HiveMQ Platform extensions with initial configuration: {hivemq-allow-all-extension={start-priority=-1, skip-https-hostname-verification=false, restart=true, config-version=0, header-version=0, c-uri=, priority=-1, uri=preinstalled, skip-https-certificate-validation=false, enabled=true}, hivemq-prometheus-extension={priority=-1, start-priority=-1, c-uri=, skip-https-hostname-verification=false, skip-https-certificate-validation=false, uri=preinstalled, request-header-path=no-request-headers, enabled=true, restart=true}}
2025-01-30 18:34:31,303 INFO c.h.h.t.HelmChartContainer - [test-hivemq-platform] [hivemq] [c1a2d939] INFO  - [HiveMQ Platform Operator Init App 1.7.0-SNAPSHOT] Extension hivemq-allow-all-extension was already enabled
2025-01-30 18:34:31,307 INFO c.h.h.t.HelmChartContainer - [test-hivemq-platform] [hivemq] [e9f952a6] INFO  - [HiveMQ Platform Operator Init App 1.7.0-SNAPSHOT] Extension hivemq-allow-all-extension was already enabled
2025-01-30 18:34:31,316 INFO c.h.h.t.HelmChartContainer - [test-hivemq-platform] [hivemq] [c1a2d939] INFO  - [HiveMQ Platform Operator Init App 1.7.0-SNAPSHOT] Successfully enabled extension hivemq-prometheus-extension
2025-01-30 18:34:31,342 INFO c.h.h.t.HelmChartContainer - [test-hivemq-platform] [hivemq] [c1a2d939] INFO  - [HiveMQ Platform Operator Init App 1.7.0-SNAPSHOT] Starting HiveMQ Platform version 4.36.0 (4.36.0)
2025-01-30 18:34:31,342 INFO c.h.h.t.HelmChartContainer - [test-hivemq-platform] [hivemq] [c1a2d939] INFO  - [HiveMQ Platform Operator Init App 1.7.0-SNAPSHOT] Configuring the HiveMQ Platform
2025-01-30 18:34:31,393 INFO c.h.h.t.HelmChartContainer - [test-hivemq-platform] [hivemq] [e9f952a6] INFO  - [HiveMQ Platform Operator Init App 1.7.0-SNAPSHOT] Successfully enabled extension hivemq-prometheus-extension
2025-01-30 18:34:31,394 INFO c.h.h.t.HelmChartContainer - [test-hivemq-platform] [hivemq] [e9f952a6] INFO  - [HiveMQ Platform Operator Init App 1.7.0-SNAPSHOT] Starting HiveMQ Platform version 4.36.0 (4.36.0)
2025-01-30 18:34:31,395 INFO c.h.h.t.HelmChartContainer - [test-hivemq-platform] [hivemq] [e9f952a6] INFO  - [HiveMQ Platform Operator Init App 1.7.0-SNAPSHOT] Configuring the HiveMQ Platform
2025-01-30 18:34:31,402 INFO c.h.h.t.HelmChartContainer - [test-hivemq-platform] [hivemq] [c1a2d939] INFO  - [HiveMQ Platform Operator Init App 1.7.0-SNAPSHOT] Changed logback.xml file scan period to 20 seconds
2025-01-30 18:34:31,410 INFO c.h.h.t.HelmChartContainer - [test-hivemq-platform] [hivemq] [e9f952a6] INFO  - [HiveMQ Platform Operator Init App 1.7.0-SNAPSHOT] Changed logback.xml file scan period to 20 seconds
2025-01-30 18:34:31,498 INFO c.h.h.t.HelmChartContainer - [test-hivemq-platform] [hivemq] [e9f952a6] INFO  - [HiveMQ Platform Operator Init App 1.7.0-SNAPSHOT] Starting the HiveMQ Platform
2025-01-30 18:34:31,499 INFO c.h.h.t.HelmChartContainer - [test-hivemq-platform] [hivemq] [c1a2d939] INFO  - [HiveMQ Platform Operator Init App 1.7.0-SNAPSHOT] Starting the HiveMQ Platform
2025-01-30 18:34:31,501 INFO c.h.h.t.HelmChartContainer - [test-hivemq-platform] [hivemq] [e9f952a6] -------------------------------------------------------------------------
2025-01-30 18:34:31,502 INFO c.h.h.t.HelmChartContainer - [test-hivemq-platform] [hivemq] [e9f952a6] 
2025-01-30 18:34:31,502 INFO c.h.h.t.HelmChartContainer - [test-hivemq-platform] [hivemq] [e9f952a6]                   _    _  _              __  __   ____
2025-01-30 18:34:31,502 INFO c.h.h.t.HelmChartContainer - [test-hivemq-platform] [hivemq] [e9f952a6]                  | |  | |(_)            |  \/  | / __ \
2025-01-30 18:34:31,502 INFO c.h.h.t.HelmChartContainer - [test-hivemq-platform] [hivemq] [e9f952a6]                  | |__| | _ __   __ ___ | \  / || |  | |
2025-01-30 18:34:31,502 INFO c.h.h.t.HelmChartContainer - [test-hivemq-platform] [hivemq] [e9f952a6]                  |  __  || |\ \ / // _ \| |\/| || |  | |
2025-01-30 18:34:31,502 INFO c.h.h.t.HelmChartContainer - [test-hivemq-platform] [hivemq] [e9f952a6]                  | |  | || | \ V /|  __/| |  | || |__| |
2025-01-30 18:34:31,502 INFO c.h.h.t.HelmChartContainer - [test-hivemq-platform] [hivemq] [e9f952a6]                  |_|  |_||_|  \_/  \___||_|  |_| \___\_\
2025-01-30 18:34:31,502 INFO c.h.h.t.HelmChartContainer - [test-hivemq-platform] [hivemq] [e9f952a6] 
2025-01-30 18:34:31,502 INFO c.h.h.t.HelmChartContainer - [test-hivemq-platform] [hivemq] [e9f952a6] -------------------------------------------------------------------------
2025-01-30 18:34:31,502 INFO c.h.h.t.HelmChartContainer - [test-hivemq-platform] [hivemq] [e9f952a6] 
2025-01-30 18:34:31,503 INFO c.h.h.t.HelmChartContainer - [test-hivemq-platform] [hivemq] [e9f952a6]   HiveMQ Start Script for Linux/Unix v1.14
2025-01-30 18:34:31,503 INFO c.h.h.t.HelmChartContainer - [test-hivemq-platform] [hivemq] [e9f952a6] 
2025-01-30 18:34:31,504 INFO c.h.h.t.HelmChartContainer - [test-hivemq-platform] [hivemq] [c1a2d939] -------------------------------------------------------------------------
2025-01-30 18:34:31,505 INFO c.h.h.t.HelmChartContainer - [test-hivemq-platform] [hivemq] [c1a2d939] 
2025-01-30 18:34:31,505 INFO c.h.h.t.HelmChartContainer - [test-hivemq-platform] [hivemq] [c1a2d939]                   _    _  _              __  __   ____
2025-01-30 18:34:31,505 INFO c.h.h.t.HelmChartContainer - [test-hivemq-platform] [hivemq] [c1a2d939]                  | |  | |(_)            |  \/  | / __ \
2025-01-30 18:34:31,505 INFO c.h.h.t.HelmChartContainer - [test-hivemq-platform] [hivemq] [c1a2d939]                  | |__| | _ __   __ ___ | \  / || |  | |
2025-01-30 18:34:31,505 INFO c.h.h.t.HelmChartContainer - [test-hivemq-platform] [hivemq] [c1a2d939]                  |  __  || |\ \ / // _ \| |\/| || |  | |
2025-01-30 18:34:31,505 INFO c.h.h.t.HelmChartContainer - [test-hivemq-platform] [hivemq] [c1a2d939]                  | |  | || | \ V /|  __/| |  | || |__| |
2025-01-30 18:34:31,506 INFO c.h.h.t.HelmChartContainer - [test-hivemq-platform] [hivemq] [c1a2d939]                  |_|  |_||_|  \_/  \___||_|  |_| \___\_\
2025-01-30 18:34:31,506 INFO c.h.h.t.HelmChartContainer - [test-hivemq-platform] [hivemq] [c1a2d939] 
2025-01-30 18:34:31,506 INFO c.h.h.t.HelmChartContainer - [test-hivemq-platform] [hivemq] [c1a2d939] -------------------------------------------------------------------------
2025-01-30 18:34:31,506 INFO c.h.h.t.HelmChartContainer - [test-hivemq-platform] [hivemq] [c1a2d939] 
2025-01-30 18:34:31,506 INFO c.h.h.t.HelmChartContainer - [test-hivemq-platform] [hivemq] [c1a2d939]   HiveMQ Start Script for Linux/Unix v1.14
2025-01-30 18:34:31,506 INFO c.h.h.t.HelmChartContainer - [test-hivemq-platform] [hivemq] [c1a2d939] 
2025-01-30 18:34:31,547 INFO c.h.h.t.HelmChartContainer - [test-hivemq-platform] [hivemq] [c1a2d939] -------------------------------------------------------------------------
2025-01-30 18:34:31,547 INFO c.h.h.t.HelmChartContainer - [test-hivemq-platform] [hivemq] [c1a2d939] 
2025-01-30 18:34:31,547 INFO c.h.h.t.HelmChartContainer - [test-hivemq-platform] [hivemq] [c1a2d939]   HIVEMQ_HOME: /opt/hivemq
2025-01-30 18:34:31,547 INFO c.h.h.t.HelmChartContainer - [test-hivemq-platform] [hivemq] [c1a2d939] 
2025-01-30 18:34:31,547 INFO c.h.h.t.HelmChartContainer - [test-hivemq-platform] [hivemq] [c1a2d939]   JAVA_OPTS: -XX:+UnlockExperimentalVMOptions -XX:InitialRAMPercentage=50 -XX:MaxRAMPercentage=50 -Djava.net.preferIPv4Stack=true --add-opens java.base/java.lang=ALL-UNNAMED --add-opens java.base/java.nio=ALL-UNNAMED --add-opens java.base/sun.nio.ch=ALL-UNNAMED --add-opens jdk.management/com.sun.management.internal=ALL-UNNAMED --add-exports java.base/jdk.internal.misc=ALL-UNNAMED -Djava.security.egd=file:/dev/./urandom -Dcom.sun.management.jmxremote -Dcom.sun.management.jmxremote.port=9010 -Dcom.sun.management.jmxremote.local.only=false -Dcom.sun.management.jmxremote.authenticate=false -Dcom.sun.management.jmxremote.ssl=false -Duser.language=en -Duser.region=US -XX:+CrashOnOutOfMemoryError -XX:+HeapDumpOnOutOfMemoryError
2025-01-30 18:34:31,547 INFO c.h.h.t.HelmChartContainer - [test-hivemq-platform] [hivemq] [c1a2d939] 
2025-01-30 18:34:31,547 INFO c.h.h.t.HelmChartContainer - [test-hivemq-platform] [hivemq] [c1a2d939]   JAVA_VERSION: 21
2025-01-30 18:34:31,547 INFO c.h.h.t.HelmChartContainer - [test-hivemq-platform] [hivemq] [c1a2d939] 
2025-01-30 18:34:31,547 INFO c.h.h.t.HelmChartContainer - [test-hivemq-platform] [hivemq] [c1a2d939] -------------------------------------------------------------------------
2025-01-30 18:34:31,547 INFO c.h.h.t.HelmChartContainer - [test-hivemq-platform] [hivemq] [c1a2d939] 
2025-01-30 18:34:31,610 INFO c.h.h.t.HelmChartContainer - [test-hivemq-platform] [hivemq] [e9f952a6] -------------------------------------------------------------------------
2025-01-30 18:34:31,610 INFO c.h.h.t.HelmChartContainer - [test-hivemq-platform] [hivemq] [e9f952a6] 
2025-01-30 18:34:31,610 INFO c.h.h.t.HelmChartContainer - [test-hivemq-platform] [hivemq] [e9f952a6]   HIVEMQ_HOME: /opt/hivemq
2025-01-30 18:34:31,610 INFO c.h.h.t.HelmChartContainer - [test-hivemq-platform] [hivemq] [e9f952a6] 
2025-01-30 18:34:31,611 INFO c.h.h.t.HelmChartContainer - [test-hivemq-platform] [hivemq] [e9f952a6]   JAVA_OPTS: -XX:+UnlockExperimentalVMOptions -XX:InitialRAMPercentage=50 -XX:MaxRAMPercentage=50 -Djava.net.preferIPv4Stack=true --add-opens java.base/java.lang=ALL-UNNAMED --add-opens java.base/java.nio=ALL-UNNAMED --add-opens java.base/sun.nio.ch=ALL-UNNAMED --add-opens jdk.management/com.sun.management.internal=ALL-UNNAMED --add-exports java.base/jdk.internal.misc=ALL-UNNAMED -Djava.security.egd=file:/dev/./urandom -Dcom.sun.management.jmxremote -Dcom.sun.management.jmxremote.port=9010 -Dcom.sun.management.jmxremote.local.only=false -Dcom.sun.management.jmxremote.authenticate=false -Dcom.sun.management.jmxremote.ssl=false -Duser.language=en -Duser.region=US -XX:+CrashOnOutOfMemoryError -XX:+HeapDumpOnOutOfMemoryError
2025-01-30 18:34:31,611 INFO c.h.h.t.HelmChartContainer - [test-hivemq-platform] [hivemq] [e9f952a6] 
2025-01-30 18:34:31,611 INFO c.h.h.t.HelmChartContainer - [test-hivemq-platform] [hivemq] [e9f952a6]   JAVA_VERSION: 21
2025-01-30 18:34:31,611 INFO c.h.h.t.HelmChartContainer - [test-hivemq-platform] [hivemq] [e9f952a6] 
2025-01-30 18:34:31,611 INFO c.h.h.t.HelmChartContainer - [test-hivemq-platform] [hivemq] [e9f952a6] -------------------------------------------------------------------------
2025-01-30 18:34:31,611 INFO c.h.h.t.HelmChartContainer - [test-hivemq-platform] [hivemq] [e9f952a6] 
2025-01-30 18:34:32,102 INFO c.h.h.t.HelmChartContainer - [test-hivemq-platform] [hivemq] [e9f952a6] INFO  - [HiveMQ Platform Operator Init App 1.7.0-SNAPSHOT] Returning default Health API response 503 for readiness
2025-01-30 18:34:32,110 INFO c.h.h.t.HelmChartContainer - [test-hivemq-platform] [hivemq] [c1a2d939] INFO  - [HiveMQ Platform Operator Init App 1.7.0-SNAPSHOT] Returning default Health API response 503 for readiness
2025-01-30 18:34:32,404 INFO c.h.h.t.HelmChartContainer - [EVENT] Warning [Unhealthy] Readiness probe failed: HTTP probe failed with statuscode: 503 [customoperatorselectorsit:test-hivemq-platform-alpha-tier3-0]
2025-01-30 18:34:32,404 INFO c.h.h.t.HelmChartContainer - Received Unhealthy event for container hivemq in pod test-hivemq-platform-alpha-tier3-0 [c1a2d939-e7af-424e-8c1e-f8b5e5c33867]
2025-01-30 18:34:32,505 INFO c.h.h.t.HelmChartContainer - [EVENT] Warning [Unhealthy] Readiness probe failed: HTTP probe failed with statuscode: 503 [customoperatorselectorsit:test-hivemq-platform-alpha-tier2-0]
2025-01-30 18:34:32,505 INFO c.h.h.t.HelmChartContainer - Received Unhealthy event for container hivemq in pod test-hivemq-platform-alpha-tier2-0 [e9f952a6-4e25-46fc-a050-3d710ed2b56f]
2025-01-30 18:34:34,508 INFO c.h.h.t.HelmChartContainer - [test-hivemq-platform] [hivemq] [c1a2d939] INFO  - Starting HiveMQ Enterprise Server
2025-01-30 18:34:34,515 INFO c.h.h.t.HelmChartContainer - [test-hivemq-platform] [hivemq] [c1a2d939] INFO  - HiveMQ version: 4.36.0
2025-01-30 18:34:34,516 INFO c.h.h.t.HelmChartContainer - [test-hivemq-platform] [hivemq] [c1a2d939] INFO  - HiveMQ home directory: /opt/hivemq
2025-01-30 18:34:34,517 INFO c.h.h.t.HelmChartContainer - [test-hivemq-platform] [hivemq] [c1a2d939] INFO  - Log Configuration was overridden by /opt/hivemq/conf/logback.xml
2025-01-30 18:34:34,604 INFO c.h.h.t.HelmChartContainer - [test-hivemq-platform] [hivemq] [e9f952a6] INFO  - Starting HiveMQ Enterprise Server
2025-01-30 18:34:34,683 INFO c.h.h.t.HelmChartContainer - [test-hivemq-platform] [hivemq] [e9f952a6] INFO  - HiveMQ version: 4.36.0
2025-01-30 18:34:34,683 INFO c.h.h.t.HelmChartContainer - [test-hivemq-platform] [hivemq] [e9f952a6] INFO  - HiveMQ home directory: /opt/hivemq
2025-01-30 18:34:34,683 INFO c.h.h.t.HelmChartContainer - [test-hivemq-platform] [hivemq] [e9f952a6] INFO  - Log Configuration was overridden by /opt/hivemq/conf/logback.xml
2025-01-30 18:34:36,159 INFO c.h.h.t.HelmChartContainer - [hivemq-test-hivemq-platform] [hivemq-platform-operator] [bbb917b4] 18:34:36.155 [pool-6-thread-24] DEBUG c.h.p.o.d.PlatformServiceResource - [customop] Desired Platform services (3 services)
2025-01-30 18:34:36,160 INFO c.h.h.t.HelmChartContainer - [hivemq-test-hivemq-platform] [hivemq-platform-operator] [bbb917b4] 18:34:36.160 [pool-6-thread-34] DEBUG c.h.p.o.d.PlatformServiceResource - [customop] Desired Platform services (3 services)
2025-01-30 18:34:36,165 INFO c.h.h.t.HelmChartContainer - [hivemq-test-hivemq-platform] [hivemq-platform-operator] [bbb917b4] 18:34:36.156 [pool-6-thread-3] DEBUG c.h.p.o.dependants.PodInfoConfigMap - [customop] Desired PodInfo ConfigMap (1 extensions) (1 enabled)
2025-01-30 18:34:36,167 INFO c.h.h.t.HelmChartContainer - [hivemq-test-hivemq-platform] [hivemq-platform-operator] [bbb917b4] 18:34:36.164 [pool-6-thread-3] DEBUG c.h.p.o.dependants.PodInfoConfigMap - [customop] Desired PodInfo ConfigMap (metrics port: 9399) (metrics path: /)
2025-01-30 18:34:36,167 INFO c.h.h.t.HelmChartContainer - [hivemq-test-hivemq-platform] [hivemq-platform-operator] [bbb917b4] 18:34:36.164 [pool-6-thread-3] DEBUG c.h.p.o.dependants.PodInfoConfigMap - [customop] Desired PodInfo ConfigMap (extension state hash: -1817474005)
2025-01-30 18:34:36,167 INFO c.h.h.t.HelmChartContainer - [hivemq-test-hivemq-platform] [hivemq-platform-operator] [bbb917b4] 18:34:36.165 [pool-6-thread-3] DEBUG c.h.p.o.d.PodServiceAccountResource - [customop] Desired PodServiceAccountResource (serviceAccountName: hivemq-platform-pod-test-hivemq-platform-alpha-tier2)
2025-01-30 18:34:36,232 INFO c.h.h.t.HelmChartContainer - [hivemq-test-hivemq-platform] [hivemq-platform-operator] [bbb917b4] 18:34:36.160 [pool-6-thread-23] DEBUG c.h.p.o.d.PodServiceAccountResource - [customop] Desired PodServiceAccountResource (serviceAccountName: hivemq-platform-pod-test-hivemq-platform-alpha-tier3)
2025-01-30 18:34:36,232 INFO c.h.h.t.HelmChartContainer - [hivemq-test-hivemq-platform] [hivemq-platform-operator] [bbb917b4] 18:34:36.164 [pool-6-thread-27] DEBUG c.h.p.o.dependants.PodInfoConfigMap - [customop] Desired PodInfo ConfigMap (1 extensions) (1 enabled)
2025-01-30 18:34:36,232 INFO c.h.h.t.HelmChartContainer - [hivemq-test-hivemq-platform] [hivemq-platform-operator] [bbb917b4] 18:34:36.230 [pool-6-thread-27] DEBUG c.h.p.o.dependants.PodInfoConfigMap - [customop] Desired PodInfo ConfigMap (metrics port: 9399) (metrics path: /)
2025-01-30 18:34:36,232 INFO c.h.h.t.HelmChartContainer - [hivemq-test-hivemq-platform] [hivemq-platform-operator] [bbb917b4] 18:34:36.230 [pool-6-thread-27] DEBUG c.h.p.o.dependants.PodInfoConfigMap - [customop] Desired PodInfo ConfigMap (extension state hash: -1817474005)
2025-01-30 18:34:36,237 INFO c.h.h.t.HelmChartContainer - [hivemq-test-hivemq-platform] [hivemq-platform-operator] [bbb917b4] 18:34:36.235 [pool-6-thread-46] DEBUG c.h.p.o.d.StatefulSetResource - [customop] Desired StatefulSet (1 replicas) for status STARTING (READY)
2025-01-30 18:34:36,238 INFO c.h.h.t.HelmChartContainer - [hivemq-test-hivemq-platform] [hivemq-platform-operator] [bbb917b4] 18:34:36.236 [pool-6-thread-41] DEBUG c.h.p.o.d.StatefulSetResource - [customop] Desired StatefulSet (1 replicas) for status STARTING (READY)
2025-01-30 18:34:36,248 INFO c.h.h.t.HelmChartContainer - [hivemq-test-hivemq-platform] [hivemq-platform-operator] [bbb917b4] 18:34:36.247 [ReconcilerExecutor-hivemq-controller-118] INFO  c.h.p.o.HiveMQPlatformReconciler - [customop] Reconciling HiveMQ Platform 'test-hivemq-platform-alpha-tier2' in namespace 'customoperatorselectorsit'
2025-01-30 18:34:36,248 INFO c.h.h.t.HelmChartContainer - [hivemq-test-hivemq-platform] [hivemq-platform-operator] [bbb917b4] 18:34:36.247 [ReconcilerExecutor-hivemq-controller-118] DEBUG c.h.p.o.HiveMQPlatformReconciler - [customop] Custom Resource Status STARTING - HiveMQ Platform is starting (READY)
2025-01-30 18:34:36,248 INFO c.h.h.t.HelmChartContainer - [hivemq-test-hivemq-platform] [hivemq-platform-operator] [bbb917b4] 18:34:36.247 [ReconcilerExecutor-hivemq-controller-118] DEBUG c.h.p.o.HiveMQPlatformReconciler - [customop] Custom Resource Spec (replicas: 1) (extensions: 1)
2025-01-30 18:34:36,308 INFO c.h.h.t.HelmChartContainer - [test-hivemq-platform] [hivemq] [c1a2d939] INFO  - Successfully loaded configuration from '/opt/hivemq/conf-k8s/config.xml'.
2025-01-30 18:34:36,331 INFO c.h.h.t.HelmChartContainer - [hivemq-test-hivemq-platform] [hivemq-platform-operator] [bbb917b4] 18:34:36.330 [ReconcilerExecutor-hivemq-controller-117] INFO  c.h.p.o.HiveMQPlatformReconciler - [customop] Reconciling HiveMQ Platform 'test-hivemq-platform-alpha-tier3' in namespace 'customoperatorselectorsit'
2025-01-30 18:34:36,333 INFO c.h.h.t.HelmChartContainer - [hivemq-test-hivemq-platform] [hivemq-platform-operator] [bbb917b4] 18:34:36.331 [ReconcilerExecutor-hivemq-controller-117] DEBUG c.h.p.o.HiveMQPlatformReconciler - [customop] Custom Resource Status STARTING - HiveMQ Platform is starting (READY)
2025-01-30 18:34:36,334 INFO c.h.h.t.HelmChartContainer - [hivemq-test-hivemq-platform] [hivemq-platform-operator] [bbb917b4] 18:34:36.332 [ReconcilerExecutor-hivemq-controller-117] DEBUG c.h.p.o.HiveMQPlatformReconciler - [customop] Custom Resource Spec (replicas: 1) (extensions: 1)
2025-01-30 18:34:36,334 INFO c.h.h.t.HelmChartContainer - [hivemq-test-hivemq-platform] [hivemq-platform-operator] [bbb917b4] 18:34:36.332 [ReconcilerExecutor-hivemq-controller-118] DEBUG c.h.p.o.HiveMQPlatformReconciler - [customop] StatefulSet Status (revision: test-hivemq-platform-alpha-tier2-5888b5495b, replicas: 1, available: 0, ready: 0, current: 1, updated: 1)
2025-01-30 18:34:36,334 INFO c.h.h.t.HelmChartContainer - [hivemq-test-hivemq-platform] [hivemq-platform-operator] [bbb917b4] 18:34:36.333 [ReconcilerExecutor-hivemq-controller-118] DEBUG c.h.p.o.HiveMQPlatformReconciler - [customop] StatefulSet Spec (replicas: 1, init containers: 1, containers: 1, volumes: 3)
2025-01-30 18:34:36,336 INFO c.h.h.t.HelmChartContainer - [hivemq-test-hivemq-platform] [hivemq-platform-operator] [bbb917b4] 18:34:36.334 [ReconcilerExecutor-hivemq-controller-118] DEBUG c.h.p.o.h.HiveMQPlatformReconcilerErrorHandler - [customop] Pod 'test-hivemq-platform-alpha-tier2-0' phase Running
2025-01-30 18:34:36,336 INFO c.h.h.t.HelmChartContainer - [hivemq-test-hivemq-platform] [hivemq-platform-operator] [bbb917b4] 18:34:36.335 [ReconcilerExecutor-hivemq-controller-118] INFO  c.h.p.o.h.HiveMQPlatformReconcilerBaseHandler - [customop] HiveMQ Platform is starting, 0 of 1 replicas are ready
2025-01-30 18:34:36,337 INFO c.h.h.t.HelmChartContainer - [hivemq-test-hivemq-platform] [hivemq-platform-operator] [bbb917b4] 18:34:36.336 [ReconcilerExecutor-hivemq-controller-117] DEBUG c.h.p.o.HiveMQPlatformReconciler - [customop] StatefulSet Status (revision: test-hivemq-platform-alpha-tier3-7ccdb49877, replicas: 1, available: 0, ready: 0, current: 1, updated: 1)
2025-01-30 18:34:36,338 INFO c.h.h.t.HelmChartContainer - [hivemq-test-hivemq-platform] [hivemq-platform-operator] [bbb917b4] 18:34:36.336 [ReconcilerExecutor-hivemq-controller-117] DEBUG c.h.p.o.HiveMQPlatformReconciler - [customop] StatefulSet Spec (replicas: 1, init containers: 1, containers: 1, volumes: 3)
2025-01-30 18:34:36,338 INFO c.h.h.t.HelmChartContainer - [hivemq-test-hivemq-platform] [hivemq-platform-operator] [bbb917b4] 18:34:36.338 [ReconcilerExecutor-hivemq-controller-117] DEBUG c.h.p.o.h.HiveMQPlatformReconcilerErrorHandler - [customop] Pod 'test-hivemq-platform-alpha-tier3-0' phase Running
2025-01-30 18:34:36,340 INFO c.h.h.t.HelmChartContainer - [hivemq-test-hivemq-platform] [hivemq-platform-operator] [bbb917b4] 18:34:36.339 [ReconcilerExecutor-hivemq-controller-117] INFO  c.h.p.o.h.HiveMQPlatformReconcilerBaseHandler - [customop] HiveMQ Platform is starting, 0 of 1 replicas are ready
2025-01-30 18:34:36,797 INFO c.h.h.t.HelmChartContainer - [test-hivemq-platform] [hivemq] [e9f952a6] INFO  - Successfully loaded configuration from '/opt/hivemq/conf-k8s/config.xml'.
2025-01-30 18:34:37,400 INFO c.h.h.t.HelmChartContainer - [test-hivemq-platform] [hivemq] [c1a2d939] INFO  - This node's ID is xjgIx
2025-01-30 18:34:37,402 INFO c.h.h.t.HelmChartContainer - [test-hivemq-platform] [hivemq] [c1a2d939] INFO  - Clustering is enabled
2025-01-30 18:34:37,606 INFO c.h.h.t.HelmChartContainer - [test-hivemq-platform] [hivemq] [e9f952a6] WARN  - [HiveMQ Platform Operator Init App 1.7.0-SNAPSHOT] Cannot connect to Health API for readiness: null
2025-01-30 18:34:37,613 INFO c.h.h.t.HelmChartContainer - [EVENT] Warning [Unhealthy] Readiness probe failed: HTTP probe failed with statuscode: 503 [customoperatorselectorsit:test-hivemq-platform-alpha-tier2-0]
2025-01-30 18:34:37,613 INFO c.h.h.t.HelmChartContainer - Received Unhealthy event for container hivemq in pod test-hivemq-platform-alpha-tier2-0 [e9f952a6-4e25-46fc-a050-3d710ed2b56f]
2025-01-30 18:34:37,804 INFO c.h.h.t.HelmChartContainer - [test-hivemq-platform] [hivemq] [c1a2d939] WARN  - [HiveMQ Platform Operator Init App 1.7.0-SNAPSHOT] Cannot connect to Health API for readiness: null
2025-01-30 18:34:37,816 INFO c.h.h.t.HelmChartContainer - [EVENT] Warning [Unhealthy] Readiness probe failed: HTTP probe failed with statuscode: 503 [customoperatorselectorsit:test-hivemq-platform-alpha-tier3-0]
2025-01-30 18:34:37,816 INFO c.h.h.t.HelmChartContainer - Received Unhealthy event for container hivemq in pod test-hivemq-platform-alpha-tier3-0 [c1a2d939-e7af-424e-8c1e-f8b5e5c33867]
2025-01-30 18:34:37,899 INFO c.h.h.t.HelmChartContainer - [test-hivemq-platform] [hivemq] [e9f952a6] INFO  - This node's ID is TxPGp
2025-01-30 18:34:37,900 INFO c.h.h.t.HelmChartContainer - [test-hivemq-platform] [hivemq] [e9f952a6] INFO  - Clustering is enabled
2025-01-30 18:34:41,409 INFO c.h.h.t.HelmChartContainer - [test-hivemq-platform] [hivemq] [e9f952a6] INFO  - [HiveMQ Platform Operator Init App 1.7.0-SNAPSHOT] Updating Pod HiveMQ Platform Operator Init App version annotation (version: 1.7.0-SNAPSHOT)
2025-01-30 18:34:41,513 INFO c.h.h.t.HelmChartContainer - [test-hivemq-platform] [hivemq] [c1a2d939] Jan 30, 2025 6:34:41 PM io.vertx.core.impl.BlockedThreadChecker
2025-01-30 18:34:41,515 INFO c.h.h.t.HelmChartContainer - [test-hivemq-platform] [hivemq] [c1a2d939] WARNING: Thread Thread[vert.x-eventloop-thread-1,5,main] has been blocked for 2711 ms, time limit is 2000 ms
2025-01-30 18:34:41,614 INFO c.h.h.t.HelmChartContainer - [test-hivemq-platform] [hivemq] [c1a2d939] INFO  - [HiveMQ Platform Operator Init App 1.7.0-SNAPSHOT] Updating Pod HiveMQ Platform Operator Init App version annotation (version: 1.7.0-SNAPSHOT)
2025-01-30 18:34:42,106 INFO c.h.h.t.HelmChartContainer - [test-hivemq-platform] [hivemq] [e9f952a6] WARN  - [HiveMQ Platform Operator Init App 1.7.0-SNAPSHOT] Cannot connect to Health API for readiness: null
2025-01-30 18:34:42,108 INFO c.h.h.t.HelmChartContainer - [EVENT] Warning [Unhealthy] Readiness probe failed: HTTP probe failed with statuscode: 503 [customoperatorselectorsit:test-hivemq-platform-alpha-tier2-0]
2025-01-30 18:34:42,108 INFO c.h.h.t.HelmChartContainer - Received Unhealthy event for container hivemq in pod test-hivemq-platform-alpha-tier2-0 [e9f952a6-4e25-46fc-a050-3d710ed2b56f]
2025-01-30 18:34:42,118 INFO c.h.h.t.HelmChartContainer - [test-hivemq-platform] [hivemq] [c1a2d939] WARN  - [HiveMQ Platform Operator Init App 1.7.0-SNAPSHOT] Cannot connect to Health API for readiness: null
2025-01-30 18:34:42,127 INFO c.h.h.t.HelmChartContainer - [EVENT] Warning [Unhealthy] Readiness probe failed: HTTP probe failed with statuscode: 503 [customoperatorselectorsit:test-hivemq-platform-alpha-tier3-0]
2025-01-30 18:34:42,127 INFO c.h.h.t.HelmChartContainer - Received Unhealthy event for container hivemq in pod test-hivemq-platform-alpha-tier3-0 [c1a2d939-e7af-424e-8c1e-f8b5e5c33867]
2025-01-30 18:34:42,314 INFO c.h.h.t.HelmChartContainer - [POD] test-hivemq-platform-alpha-tier2-0 [e9f952a6-4e25-46fc-a050-3d710ed2b56f] in customoperatorselectorsit was MODIFIED
2025-01-30 18:34:42,322 INFO c.h.h.t.HelmChartContainer - [hivemq-test-hivemq-platform] [hivemq-platform-operator] [bbb917b4] 18:34:42.320 [pool-6-thread-49] DEBUG c.h.p.o.d.PlatformServiceResource - [customop] Desired Platform services (3 services)
2025-01-30 18:34:42,324 INFO c.h.h.t.HelmChartContainer - [hivemq-test-hivemq-platform] [hivemq-platform-operator] [bbb917b4] 18:34:42.323 [pool-6-thread-45] DEBUG c.h.p.o.dependants.PodInfoConfigMap - [customop] Desired PodInfo ConfigMap (1 extensions) (1 enabled)
2025-01-30 18:34:42,324 INFO c.h.h.t.HelmChartContainer - [hivemq-test-hivemq-platform] [hivemq-platform-operator] [bbb917b4] 18:34:42.323 [pool-6-thread-45] DEBUG c.h.p.o.dependants.PodInfoConfigMap - [customop] Desired PodInfo ConfigMap (metrics port: 9399) (metrics path: /)
2025-01-30 18:34:42,324 INFO c.h.h.t.HelmChartContainer - [hivemq-test-hivemq-platform] [hivemq-platform-operator] [bbb917b4] 18:34:42.323 [pool-6-thread-45] DEBUG c.h.p.o.dependants.PodInfoConfigMap - [customop] Desired PodInfo ConfigMap (extension state hash: -1817474005)
2025-01-30 18:34:42,326 INFO c.h.h.t.HelmChartContainer - [hivemq-test-hivemq-platform] [hivemq-platform-operator] [bbb917b4] 18:34:42.325 [pool-6-thread-47] DEBUG c.h.p.o.d.PodServiceAccountResource - [customop] Desired PodServiceAccountResource (serviceAccountName: hivemq-platform-pod-test-hivemq-platform-alpha-tier2)
2025-01-30 18:34:42,333 INFO c.h.h.t.HelmChartContainer - [hivemq-test-hivemq-platform] [hivemq-platform-operator] [bbb917b4] 18:34:42.332 [pool-6-thread-49] DEBUG c.h.p.o.d.StatefulSetResource - [customop] Desired StatefulSet (1 replicas) for status STARTING (READY)
2025-01-30 18:34:42,398 INFO c.h.h.t.HelmChartContainer - [test-hivemq-platform] [hivemq] [e9f952a6] WARN  - [HiveMQ Platform Operator Init App 1.7.0-SNAPSHOT] Cannot connect to Health API for readiness: null
2025-01-30 18:34:42,401 INFO c.h.h.t.HelmChartContainer - [EVENT] Warning [Unhealthy] Readiness probe failed: HTTP probe failed with statuscode: 503 [customoperatorselectorsit:test-hivemq-platform-alpha-tier2-0]
2025-01-30 18:34:42,402 INFO c.h.h.t.HelmChartContainer - Received Unhealthy event for container hivemq in pod test-hivemq-platform-alpha-tier2-0 [e9f952a6-4e25-46fc-a050-3d710ed2b56f]
2025-01-30 18:34:42,406 INFO c.h.h.t.HelmChartContainer - [test-hivemq-platform] [hivemq] [e9f952a6] INFO  - [HiveMQ Platform Operator Init App 1.7.0-SNAPSHOT] Successfully updated Pod HiveMQ Platform Operator Init App version annotation (version: 1.7.0-SNAPSHOT)
2025-01-30 18:34:42,413 INFO c.h.h.t.HelmChartContainer - [hivemq-test-hivemq-platform] [hivemq-platform-operator] [bbb917b4] 18:34:42.411 [ReconcilerExecutor-hivemq-controller-119] INFO  c.h.p.o.HiveMQPlatformReconciler - [customop] Reconciling HiveMQ Platform 'test-hivemq-platform-alpha-tier2' in namespace 'customoperatorselectorsit'
2025-01-30 18:34:42,413 INFO c.h.h.t.HelmChartContainer - [hivemq-test-hivemq-platform] [hivemq-platform-operator] [bbb917b4] 18:34:42.412 [ReconcilerExecutor-hivemq-controller-119] DEBUG c.h.p.o.HiveMQPlatformReconciler - [customop] Custom Resource Status STARTING - HiveMQ Platform is starting (READY)
2025-01-30 18:34:42,413 INFO c.h.h.t.HelmChartContainer - [hivemq-test-hivemq-platform] [hivemq-platform-operator] [bbb917b4] 18:34:42.412 [ReconcilerExecutor-hivemq-controller-119] DEBUG c.h.p.o.HiveMQPlatformReconciler - [customop] Custom Resource Spec (replicas: 1) (extensions: 1)
2025-01-30 18:34:42,424 INFO c.h.h.t.HelmChartContainer - [hivemq-test-hivemq-platform] [hivemq-platform-operator] [bbb917b4] 18:34:42.418 [ReconcilerExecutor-hivemq-controller-119] DEBUG c.h.p.o.HiveMQPlatformReconciler - [customop] StatefulSet Status (revision: test-hivemq-platform-alpha-tier2-5888b5495b, replicas: 1, available: 0, ready: 0, current: 1, updated: 1)
2025-01-30 18:34:42,424 INFO c.h.h.t.HelmChartContainer - [hivemq-test-hivemq-platform] [hivemq-platform-operator] [bbb917b4] 18:34:42.418 [ReconcilerExecutor-hivemq-controller-119] DEBUG c.h.p.o.HiveMQPlatformReconciler - [customop] StatefulSet Spec (replicas: 1, init containers: 1, containers: 1, volumes: 3)
2025-01-30 18:34:42,424 INFO c.h.h.t.HelmChartContainer - [hivemq-test-hivemq-platform] [hivemq-platform-operator] [bbb917b4] 18:34:42.422 [ReconcilerExecutor-hivemq-controller-119] DEBUG c.h.p.o.h.HiveMQPlatformReconcilerErrorHandler - [customop] Pod 'test-hivemq-platform-alpha-tier2-0' phase Running
2025-01-30 18:34:42,427 INFO c.h.h.t.HelmChartContainer - [POD] test-hivemq-platform-alpha-tier3-0 [c1a2d939-e7af-424e-8c1e-f8b5e5c33867] in customoperatorselectorsit was MODIFIED
2025-01-30 18:34:42,427 INFO c.h.h.t.HelmChartContainer - [hivemq-test-hivemq-platform] [hivemq-platform-operator] [bbb917b4] 18:34:42.426 [ReconcilerExecutor-hivemq-controller-119] INFO  c.h.p.o.h.HiveMQPlatformReconcilerBaseHandler - [customop] HiveMQ Platform is starting, 0 of 1 replicas are ready
2025-01-30 18:34:42,510 INFO c.h.h.t.HelmChartContainer - [test-hivemq-platform] [hivemq] [c1a2d939] WARN  - [HiveMQ Platform Operator Init App 1.7.0-SNAPSHOT] Cannot connect to Health API for readiness: null
2025-01-30 18:34:42,517 INFO c.h.h.t.HelmChartContainer - [EVENT] Warning [Unhealthy] Readiness probe failed: HTTP probe failed with statuscode: 503 [customoperatorselectorsit:test-hivemq-platform-alpha-tier3-0]
2025-01-30 18:34:42,517 INFO c.h.h.t.HelmChartContainer - Received Unhealthy event for container hivemq in pod test-hivemq-platform-alpha-tier3-0 [c1a2d939-e7af-424e-8c1e-f8b5e5c33867]
2025-01-30 18:34:42,532 INFO c.h.h.t.HelmChartContainer - [hivemq-test-hivemq-platform] [hivemq-platform-operator] [bbb917b4] 18:34:42.531 [pool-6-thread-6] DEBUG c.h.p.o.d.PlatformServiceResource - [customop] Desired Platform services (3 services)
2025-01-30 18:34:42,535 INFO c.h.h.t.HelmChartContainer - [hivemq-test-hivemq-platform] [hivemq-platform-operator] [bbb917b4] 18:34:42.533 [pool-6-thread-5] DEBUG c.h.p.o.dependants.PodInfoConfigMap - [customop] Desired PodInfo ConfigMap (1 extensions) (1 enabled)
2025-01-30 18:34:42,536 INFO c.h.h.t.HelmChartContainer - [hivemq-test-hivemq-platform] [hivemq-platform-operator] [bbb917b4] 18:34:42.533 [pool-6-thread-5] DEBUG c.h.p.o.dependants.PodInfoConfigMap - [customop] Desired PodInfo ConfigMap (metrics port: 9399) (metrics path: /)
2025-01-30 18:34:42,536 INFO c.h.h.t.HelmChartContainer - [hivemq-test-hivemq-platform] [hivemq-platform-operator] [bbb917b4] 18:34:42.533 [pool-6-thread-5] DEBUG c.h.p.o.dependants.PodInfoConfigMap - [customop] Desired PodInfo ConfigMap (extension state hash: -1817474005)
2025-01-30 18:34:42,536 INFO c.h.h.t.HelmChartContainer - [hivemq-test-hivemq-platform] [hivemq-platform-operator] [bbb917b4] 18:34:42.534 [pool-6-thread-5] DEBUG c.h.p.o.d.PodServiceAccountResource - [customop] Desired PodServiceAccountResource (serviceAccountName: hivemq-platform-pod-test-hivemq-platform-alpha-tier3)
2025-01-30 18:34:42,541 INFO c.h.h.t.HelmChartContainer - [test-hivemq-platform] [hivemq] [c1a2d939] INFO  - [HiveMQ Platform Operator Init App 1.7.0-SNAPSHOT] Successfully updated Pod HiveMQ Platform Operator Init App version annotation (version: 1.7.0-SNAPSHOT)
2025-01-30 18:34:42,611 INFO c.h.h.t.HelmChartContainer - [hivemq-test-hivemq-platform] [hivemq-platform-operator] [bbb917b4] 18:34:42.609 [pool-6-thread-6] DEBUG c.h.p.o.d.StatefulSetResource - [customop] Desired StatefulSet (1 replicas) for status STARTING (READY)
2025-01-30 18:34:42,623 INFO c.h.h.t.HelmChartContainer - [hivemq-test-hivemq-platform] [hivemq-platform-operator] [bbb917b4] 18:34:42.617 [ReconcilerExecutor-hivemq-controller-120] INFO  c.h.p.o.HiveMQPlatformReconciler - [customop] Reconciling HiveMQ Platform 'test-hivemq-platform-alpha-tier3' in namespace 'customoperatorselectorsit'
2025-01-30 18:34:42,624 INFO c.h.h.t.HelmChartContainer - [hivemq-test-hivemq-platform] [hivemq-platform-operator] [bbb917b4] 18:34:42.617 [ReconcilerExecutor-hivemq-controller-120] DEBUG c.h.p.o.HiveMQPlatformReconciler - [customop] Custom Resource Status STARTING - HiveMQ Platform is starting (READY)
2025-01-30 18:34:42,624 INFO c.h.h.t.HelmChartContainer - [hivemq-test-hivemq-platform] [hivemq-platform-operator] [bbb917b4] 18:34:42.617 [ReconcilerExecutor-hivemq-controller-120] DEBUG c.h.p.o.HiveMQPlatformReconciler - [customop] Custom Resource Spec (replicas: 1) (extensions: 1)
2025-01-30 18:34:42,624 INFO c.h.h.t.HelmChartContainer - [hivemq-test-hivemq-platform] [hivemq-platform-operator] [bbb917b4] 18:34:42.622 [ReconcilerExecutor-hivemq-controller-120] DEBUG c.h.p.o.HiveMQPlatformReconciler - [customop] StatefulSet Status (revision: test-hivemq-platform-alpha-tier3-7ccdb49877, replicas: 1, available: 0, ready: 0, current: 1, updated: 1)
2025-01-30 18:34:42,624 INFO c.h.h.t.HelmChartContainer - [hivemq-test-hivemq-platform] [hivemq-platform-operator] [bbb917b4] 18:34:42.623 [ReconcilerExecutor-hivemq-controller-120] DEBUG c.h.p.o.HiveMQPlatformReconciler - [customop] StatefulSet Spec (replicas: 1, init containers: 1, containers: 1, volumes: 3)
2025-01-30 18:34:42,625 INFO c.h.h.t.HelmChartContainer - [hivemq-test-hivemq-platform] [hivemq-platform-operator] [bbb917b4] 18:34:42.625 [ReconcilerExecutor-hivemq-controller-120] DEBUG c.h.p.o.h.HiveMQPlatformReconcilerErrorHandler - [customop] Pod 'test-hivemq-platform-alpha-tier3-0' phase Running
2025-01-30 18:34:42,626 INFO c.h.h.t.HelmChartContainer - [hivemq-test-hivemq-platform] [hivemq-platform-operator] [bbb917b4] 18:34:42.626 [ReconcilerExecutor-hivemq-controller-120] INFO  c.h.p.o.h.HiveMQPlatformReconcilerBaseHandler - [customop] HiveMQ Platform is starting, 0 of 1 replicas are ready
2025-01-30 18:34:47,319 INFO c.h.h.t.HelmChartContainer - [test-hivemq-platform] [hivemq] [e9f952a6] WARN  - [HiveMQ Platform Operator Init App 1.7.0-SNAPSHOT] Cannot connect to Health API for readiness: null
2025-01-30 18:34:47,385 INFO c.h.h.t.HelmChartContainer - [EVENT] Warning [Unhealthy] Readiness probe failed: HTTP probe failed with statuscode: 503 [customoperatorselectorsit:test-hivemq-platform-alpha-tier2-0]
2025-01-30 18:34:47,385 INFO c.h.h.t.HelmChartContainer - Received Unhealthy event for container hivemq in pod test-hivemq-platform-alpha-tier2-0 [e9f952a6-4e25-46fc-a050-3d710ed2b56f]
2025-01-30 18:34:47,424 INFO c.h.h.t.HelmChartContainer - [test-hivemq-platform] [hivemq] [c1a2d939] WARN  - [HiveMQ Platform Operator Init App 1.7.0-SNAPSHOT] Cannot connect to Health API for readiness: null
2025-01-30 18:34:47,429 INFO c.h.h.t.HelmChartContainer - [EVENT] Warning [Unhealthy] Readiness probe failed: HTTP probe failed with statuscode: 503 [customoperatorselectorsit:test-hivemq-platform-alpha-tier3-0]
2025-01-30 18:34:47,429 INFO c.h.h.t.HelmChartContainer - Received Unhealthy event for container hivemq in pod test-hivemq-platform-alpha-tier3-0 [c1a2d939-e7af-424e-8c1e-f8b5e5c33867]
2025-01-30 18:34:52,401 INFO c.h.h.t.HelmChartContainer - [test-hivemq-platform] [hivemq] [e9f952a6] WARN  - [HiveMQ Platform Operator Init App 1.7.0-SNAPSHOT] Cannot connect to Health API for readiness: null
2025-01-30 18:34:52,413 INFO c.h.h.t.HelmChartContainer - [EVENT] Warning [Unhealthy] Readiness probe failed: HTTP probe failed with statuscode: 503 [customoperatorselectorsit:test-hivemq-platform-alpha-tier2-0]
2025-01-30 18:34:52,413 INFO c.h.h.t.HelmChartContainer - Received Unhealthy event for container hivemq in pod test-hivemq-platform-alpha-tier2-0 [e9f952a6-4e25-46fc-a050-3d710ed2b56f]
2025-01-30 18:34:52,438 INFO c.h.h.t.HelmChartContainer - [hivemq-test-hivemq-platform] [hivemq-platform-operator] [bbb917b4] 18:34:52.434 [pool-6-thread-1] DEBUG c.h.p.o.d.PlatformServiceResource - [customop] Desired Platform services (3 services)
2025-01-30 18:34:52,439 INFO c.h.h.t.HelmChartContainer - [hivemq-test-hivemq-platform] [hivemq-platform-operator] [bbb917b4] 18:34:52.434 [pool-6-thread-13] DEBUG c.h.p.o.dependants.PodInfoConfigMap - [customop] Desired PodInfo ConfigMap (1 extensions) (1 enabled)
2025-01-30 18:34:52,439 INFO c.h.h.t.HelmChartContainer - [hivemq-test-hivemq-platform] [hivemq-platform-operator] [bbb917b4] 18:34:52.434 [pool-6-thread-2] DEBUG c.h.p.o.d.PodServiceAccountResource - [customop] Desired PodServiceAccountResource (serviceAccountName: hivemq-platform-pod-test-hivemq-platform-alpha-tier2)
2025-01-30 18:34:52,439 INFO c.h.h.t.HelmChartContainer - [hivemq-test-hivemq-platform] [hivemq-platform-operator] [bbb917b4] 18:34:52.437 [pool-6-thread-13] DEBUG c.h.p.o.dependants.PodInfoConfigMap - [customop] Desired PodInfo ConfigMap (metrics port: 9399) (metrics path: /)
2025-01-30 18:34:52,439 INFO c.h.h.t.HelmChartContainer - [hivemq-test-hivemq-platform] [hivemq-platform-operator] [bbb917b4] 18:34:52.437 [pool-6-thread-13] DEBUG c.h.p.o.dependants.PodInfoConfigMap - [customop] Desired PodInfo ConfigMap (extension state hash: -1817474005)
2025-01-30 18:34:52,441 INFO c.h.h.t.HelmChartContainer - [hivemq-test-hivemq-platform] [hivemq-platform-operator] [bbb917b4] 18:34:52.439 [pool-6-thread-13] DEBUG c.h.p.o.d.StatefulSetResource - [customop] Desired StatefulSet (1 replicas) for status STARTING (READY)
2025-01-30 18:34:52,447 INFO c.h.h.t.HelmChartContainer - [hivemq-test-hivemq-platform] [hivemq-platform-operator] [bbb917b4] 18:34:52.446 [ReconcilerExecutor-hivemq-controller-121] INFO  c.h.p.o.HiveMQPlatformReconciler - [customop] Reconciling HiveMQ Platform 'test-hivemq-platform-alpha-tier2' in namespace 'customoperatorselectorsit'
2025-01-30 18:34:52,447 INFO c.h.h.t.HelmChartContainer - [hivemq-test-hivemq-platform] [hivemq-platform-operator] [bbb917b4] 18:34:52.446 [ReconcilerExecutor-hivemq-controller-121] DEBUG c.h.p.o.HiveMQPlatformReconciler - [customop] Custom Resource Status STARTING - HiveMQ Platform is starting (READY)
2025-01-30 18:34:52,447 INFO c.h.h.t.HelmChartContainer - [hivemq-test-hivemq-platform] [hivemq-platform-operator] [bbb917b4] 18:34:52.446 [ReconcilerExecutor-hivemq-controller-121] DEBUG c.h.p.o.HiveMQPlatformReconciler - [customop] Custom Resource Spec (replicas: 1) (extensions: 1)
2025-01-30 18:34:52,451 INFO c.h.h.t.HelmChartContainer - [hivemq-test-hivemq-platform] [hivemq-platform-operator] [bbb917b4] 18:34:52.450 [ReconcilerExecutor-hivemq-controller-121] DEBUG c.h.p.o.HiveMQPlatformReconciler - [customop] StatefulSet Status (revision: test-hivemq-platform-alpha-tier2-5888b5495b, replicas: 1, available: 0, ready: 0, current: 1, updated: 1)
2025-01-30 18:34:52,451 INFO c.h.h.t.HelmChartContainer - [hivemq-test-hivemq-platform] [hivemq-platform-operator] [bbb917b4] 18:34:52.450 [ReconcilerExecutor-hivemq-controller-121] DEBUG c.h.p.o.HiveMQPlatformReconciler - [customop] StatefulSet Spec (replicas: 1, init containers: 1, containers: 1, volumes: 3)
2025-01-30 18:34:52,499 INFO c.h.h.t.HelmChartContainer - [test-hivemq-platform] [hivemq] [c1a2d939] WARN  - [HiveMQ Platform Operator Init App 1.7.0-SNAPSHOT] Cannot connect to Health API for readiness: null
2025-01-30 18:34:52,507 INFO c.h.h.t.HelmChartContainer - [EVENT] Warning [Unhealthy] Readiness probe failed: HTTP probe failed with statuscode: 503 [customoperatorselectorsit:test-hivemq-platform-alpha-tier3-0]
2025-01-30 18:34:52,507 INFO c.h.h.t.HelmChartContainer - Received Unhealthy event for container hivemq in pod test-hivemq-platform-alpha-tier3-0 [c1a2d939-e7af-424e-8c1e-f8b5e5c33867]
2025-01-30 18:34:52,509 INFO c.h.h.t.HelmChartContainer - [hivemq-test-hivemq-platform] [hivemq-platform-operator] [bbb917b4] 18:34:52.507 [ReconcilerExecutor-hivemq-controller-121] DEBUG c.h.p.o.h.HiveMQPlatformReconcilerErrorHandler - [customop] Pod 'test-hivemq-platform-alpha-tier2-0' phase Running
2025-01-30 18:34:52,532 INFO c.h.h.t.HelmChartContainer - [hivemq-test-hivemq-platform] [hivemq-platform-operator] [bbb917b4] 18:34:52.531 [ReconcilerExecutor-hivemq-controller-121] INFO  c.h.p.o.h.HiveMQPlatformReconcilerBaseHandler - [customop] HiveMQ Platform is starting, 0 of 1 replicas are ready
2025-01-30 18:34:52,632 INFO c.h.h.t.HelmChartContainer - [hivemq-test-hivemq-platform] [hivemq-platform-operator] [bbb917b4] 18:34:52.629 [pool-6-thread-32] DEBUG c.h.p.o.d.PlatformServiceResource - [customop] Desired Platform services (3 services)
2025-01-30 18:34:52,633 INFO c.h.h.t.HelmChartContainer - [hivemq-test-hivemq-platform] [hivemq-platform-operator] [bbb917b4] 18:34:52.630 [pool-6-thread-37] DEBUG c.h.p.o.dependants.PodInfoConfigMap - [customop] Desired PodInfo ConfigMap (1 extensions) (1 enabled)
2025-01-30 18:34:52,633 INFO c.h.h.t.HelmChartContainer - [hivemq-test-hivemq-platform] [hivemq-platform-operator] [bbb917b4] 18:34:52.630 [pool-6-thread-37] DEBUG c.h.p.o.dependants.PodInfoConfigMap - [customop] Desired PodInfo ConfigMap (metrics port: 9399) (metrics path: /)
2025-01-30 18:34:52,633 INFO c.h.h.t.HelmChartContainer - [hivemq-test-hivemq-platform] [hivemq-platform-operator] [bbb917b4] 18:34:52.630 [pool-6-thread-37] DEBUG c.h.p.o.dependants.PodInfoConfigMap - [customop] Desired PodInfo ConfigMap (extension state hash: -1817474005)
2025-01-30 18:34:52,634 INFO c.h.h.t.HelmChartContainer - [hivemq-test-hivemq-platform] [hivemq-platform-operator] [bbb917b4] 18:34:52.631 [pool-6-thread-37] DEBUG c.h.p.o.d.PodServiceAccountResource - [customop] Desired PodServiceAccountResource (serviceAccountName: hivemq-platform-pod-test-hivemq-platform-alpha-tier3)
2025-01-30 18:34:52,637 INFO c.h.h.t.HelmChartContainer - [hivemq-test-hivemq-platform] [hivemq-platform-operator] [bbb917b4] 18:34:52.636 [pool-6-thread-21] DEBUG c.h.p.o.d.StatefulSetResource - [customop] Desired StatefulSet (1 replicas) for status STARTING (READY)
2025-01-30 18:34:52,640 INFO c.h.h.t.HelmChartContainer - [hivemq-test-hivemq-platform] [hivemq-platform-operator] [bbb917b4] 18:34:52.639 [ReconcilerExecutor-hivemq-controller-122] INFO  c.h.p.o.HiveMQPlatformReconciler - [customop] Reconciling HiveMQ Platform 'test-hivemq-platform-alpha-tier3' in namespace 'customoperatorselectorsit'
2025-01-30 18:34:52,641 INFO c.h.h.t.HelmChartContainer - [hivemq-test-hivemq-platform] [hivemq-platform-operator] [bbb917b4] 18:34:52.639 [ReconcilerExecutor-hivemq-controller-122] DEBUG c.h.p.o.HiveMQPlatformReconciler - [customop] Custom Resource Status STARTING - HiveMQ Platform is starting (READY)
2025-01-30 18:34:52,642 INFO c.h.h.t.HelmChartContainer - [hivemq-test-hivemq-platform] [hivemq-platform-operator] [bbb917b4] 18:34:52.639 [ReconcilerExecutor-hivemq-controller-122] DEBUG c.h.p.o.HiveMQPlatformReconciler - [customop] Custom Resource Spec (replicas: 1) (extensions: 1)
2025-01-30 18:34:52,644 INFO c.h.h.t.HelmChartContainer - [hivemq-test-hivemq-platform] [hivemq-platform-operator] [bbb917b4] 18:34:52.643 [ReconcilerExecutor-hivemq-controller-122] DEBUG c.h.p.o.HiveMQPlatformReconciler - [customop] StatefulSet Status (revision: test-hivemq-platform-alpha-tier3-7ccdb49877, replicas: 1, available: 0, ready: 0, current: 1, updated: 1)
2025-01-30 18:34:52,644 INFO c.h.h.t.HelmChartContainer - [hivemq-test-hivemq-platform] [hivemq-platform-operator] [bbb917b4] 18:34:52.643 [ReconcilerExecutor-hivemq-controller-122] DEBUG c.h.p.o.HiveMQPlatformReconciler - [customop] StatefulSet Spec (replicas: 1, init containers: 1, containers: 1, volumes: 3)
2025-01-30 18:34:52,646 INFO c.h.h.t.HelmChartContainer - [hivemq-test-hivemq-platform] [hivemq-platform-operator] [bbb917b4] 18:34:52.646 [ReconcilerExecutor-hivemq-controller-122] DEBUG c.h.p.o.h.HiveMQPlatformReconcilerErrorHandler - [customop] Pod 'test-hivemq-platform-alpha-tier3-0' phase Running
2025-01-30 18:34:52,648 INFO c.h.h.t.HelmChartContainer - [hivemq-test-hivemq-platform] [hivemq-platform-operator] [bbb917b4] 18:34:52.647 [ReconcilerExecutor-hivemq-controller-122] INFO  c.h.p.o.h.HiveMQPlatformReconcilerBaseHandler - [customop] HiveMQ Platform is starting, 0 of 1 replicas are ready
2025-01-30 18:34:53,500 INFO c.h.h.t.HelmChartContainer - [test-hivemq-platform] [hivemq] [e9f952a6] WARN  - [HiveMQ Platform Operator Init App 1.7.0-SNAPSHOT] Cannot connect to Health API for liveness: null
2025-01-30 18:34:53,502 INFO c.h.h.t.HelmChartContainer - [test-hivemq-platform] [hivemq] [e9f952a6] INFO  - [HiveMQ Platform Operator Init App 1.7.0-SNAPSHOT] Returning default Health API response 200 for liveness
2025-01-30 18:34:53,508 INFO c.h.h.t.HelmChartContainer - [test-hivemq-platform] [hivemq] [c1a2d939] WARN  - [HiveMQ Platform Operator Init App 1.7.0-SNAPSHOT] Cannot connect to Health API for liveness: null
2025-01-30 18:34:53,509 INFO c.h.h.t.HelmChartContainer - [test-hivemq-platform] [hivemq] [c1a2d939] INFO  - [HiveMQ Platform Operator Init App 1.7.0-SNAPSHOT] Returning default Health API response 200 for liveness
2025-01-30 18:34:55,706 INFO c.h.h.t.HelmChartContainer - [test-hivemq-platform] [hivemq] [c1a2d939] INFO  - No valid license file found. Using trial license, restricted to 25 connections.
2025-01-30 18:34:56,492 INFO c.h.h.t.HelmChartContainer - [test-hivemq-platform] [hivemq] [e9f952a6] INFO  - No valid license file found. Using trial license, restricted to 25 connections.
2025-01-30 18:34:57,395 INFO c.h.h.t.HelmChartContainer - [test-hivemq-platform] [hivemq] [e9f952a6] WARN  - [HiveMQ Platform Operator Init App 1.7.0-SNAPSHOT] Cannot connect to Health API for readiness: null
2025-01-30 18:34:57,404 INFO c.h.h.t.HelmChartContainer - [EVENT] Warning [Unhealthy] Readiness probe failed: HTTP probe failed with statuscode: 503 [customoperatorselectorsit:test-hivemq-platform-alpha-tier2-0]
2025-01-30 18:34:57,404 INFO c.h.h.t.HelmChartContainer - Received Unhealthy event for container hivemq in pod test-hivemq-platform-alpha-tier2-0 [e9f952a6-4e25-46fc-a050-3d710ed2b56f]
2025-01-30 18:34:57,506 INFO c.h.h.t.HelmChartContainer - [test-hivemq-platform] [hivemq] [c1a2d939] WARN  - [HiveMQ Platform Operator Init App 1.7.0-SNAPSHOT] Cannot connect to Health API for readiness: null
2025-01-30 18:34:57,547 INFO c.h.h.t.HelmChartContainer - [EVENT] Warning [Unhealthy] Readiness probe failed: HTTP probe failed with statuscode: 503 [customoperatorselectorsit:test-hivemq-platform-alpha-tier3-0]
2025-01-30 18:34:57,547 INFO c.h.h.t.HelmChartContainer - Received Unhealthy event for container hivemq in pod test-hivemq-platform-alpha-tier3-0 [c1a2d939-e7af-424e-8c1e-f8b5e5c33867]
2025-01-30 18:35:00,347 INFO c.h.h.t.HelmChartContainer - [test-hivemq-platform] [hivemq] [c1a2d939] INFO  - No valid license file for Data Hub found. Using free license, restricted to 1 policy.
2025-01-30 18:35:00,507 INFO c.h.h.t.HelmChartContainer - [test-hivemq-platform] [hivemq] [e9f952a6] INFO  - No valid license file for Data Hub found. Using free license, restricted to 1 policy.
2025-01-30 18:35:01,701 INFO c.h.h.t.HelmChartContainer - [test-hivemq-platform] [hivemq] [c1a2d939] INFO  - Audit Logger started.
2025-01-30 18:35:01,905 INFO c.h.h.t.HelmChartContainer - [test-hivemq-platform] [hivemq] [e9f952a6] INFO  - Audit Logger started.
2025-01-30 18:35:02,001 INFO c.h.h.t.HelmChartContainer - [test-hivemq-platform] [hivemq] [c1a2d939] INFO  - This node uses '1' CPU cores.
2025-01-30 18:35:02,004 INFO c.h.h.t.HelmChartContainer - [test-hivemq-platform] [hivemq] [c1a2d939] INFO  - Starting HiveMQ Health API on address 0.0.0.0 and port 8889
2025-01-30 18:35:02,232 INFO c.h.h.t.HelmChartContainer - [test-hivemq-platform] [hivemq] [e9f952a6] INFO  - This node uses '1' CPU cores.
2025-01-30 18:35:02,297 INFO c.h.h.t.HelmChartContainer - [test-hivemq-platform] [hivemq] [e9f952a6] INFO  - Starting HiveMQ Health API on address 0.0.0.0 and port 8889
2025-01-30 18:35:02,395 INFO c.h.h.t.HelmChartContainer - [test-hivemq-platform] [hivemq] [e9f952a6] WARN  - [HiveMQ Platform Operator Init App 1.7.0-SNAPSHOT] Cannot connect to Health API for readiness: null
2025-01-30 18:35:02,404 INFO c.h.h.t.HelmChartContainer - [EVENT] Warning [Unhealthy] Readiness probe failed: HTTP probe failed with statuscode: 503 [customoperatorselectorsit:test-hivemq-platform-alpha-tier2-0]
2025-01-30 18:35:02,404 INFO c.h.h.t.HelmChartContainer - Received Unhealthy event for container hivemq in pod test-hivemq-platform-alpha-tier2-0 [e9f952a6-4e25-46fc-a050-3d710ed2b56f]
2025-01-30 18:35:02,443 INFO c.h.h.t.HelmChartContainer - [test-hivemq-platform] [hivemq] [c1a2d939] WARN  - [HiveMQ Platform Operator Init App 1.7.0-SNAPSHOT] Cannot connect to Health API for readiness: null
2025-01-30 18:35:02,447 INFO c.h.h.t.HelmChartContainer - [EVENT] Warning [Unhealthy] Readiness probe failed: HTTP probe failed with statuscode: 503 [customoperatorselectorsit:test-hivemq-platform-alpha-tier3-0]
2025-01-30 18:35:02,447 INFO c.h.h.t.HelmChartContainer - Received Unhealthy event for container hivemq in pod test-hivemq-platform-alpha-tier3-0 [c1a2d939-e7af-424e-8c1e-f8b5e5c33867]
2025-01-30 18:35:02,537 INFO c.h.h.t.HelmChartContainer - [hivemq-test-hivemq-platform] [hivemq-platform-operator] [bbb917b4] 18:35:02.536 [pool-6-thread-44] DEBUG c.h.p.o.d.PlatformServiceResource - [customop] Desired Platform services (3 services)
2025-01-30 18:35:02,538 INFO c.h.h.t.HelmChartContainer - [hivemq-test-hivemq-platform] [hivemq-platform-operator] [bbb917b4] 18:35:02.536 [pool-6-thread-26] DEBUG c.h.p.o.d.PodServiceAccountResource - [customop] Desired PodServiceAccountResource (serviceAccountName: hivemq-platform-pod-test-hivemq-platform-alpha-tier2)
2025-01-30 18:35:02,538 INFO c.h.h.t.HelmChartContainer - [hivemq-test-hivemq-platform] [hivemq-platform-operator] [bbb917b4] 18:35:02.538 [pool-6-thread-43] DEBUG c.h.p.o.dependants.PodInfoConfigMap - [customop] Desired PodInfo ConfigMap (1 extensions) (1 enabled)
2025-01-30 18:35:02,539 INFO c.h.h.t.HelmChartContainer - [hivemq-test-hivemq-platform] [hivemq-platform-operator] [bbb917b4] 18:35:02.538 [pool-6-thread-43] DEBUG c.h.p.o.dependants.PodInfoConfigMap - [customop] Desired PodInfo ConfigMap (metrics port: 9399) (metrics path: /)
2025-01-30 18:35:02,539 INFO c.h.h.t.HelmChartContainer - [hivemq-test-hivemq-platform] [hivemq-platform-operator] [bbb917b4] 18:35:02.538 [pool-6-thread-43] DEBUG c.h.p.o.dependants.PodInfoConfigMap - [customop] Desired PodInfo ConfigMap (extension state hash: -1817474005)
2025-01-30 18:35:02,547 INFO c.h.h.t.HelmChartContainer - [hivemq-test-hivemq-platform] [hivemq-platform-operator] [bbb917b4] 18:35:02.543 [pool-6-thread-41] DEBUG c.h.p.o.d.StatefulSetResource - [customop] Desired StatefulSet (1 replicas) for status STARTING (READY)
2025-01-30 18:35:02,547 INFO c.h.h.t.HelmChartContainer - [hivemq-test-hivemq-platform] [hivemq-platform-operator] [bbb917b4] 18:35:02.547 [ReconcilerExecutor-hivemq-controller-123] INFO  c.h.p.o.HiveMQPlatformReconciler - [customop] Reconciling HiveMQ Platform 'test-hivemq-platform-alpha-tier2' in namespace 'customoperatorselectorsit'
2025-01-30 18:35:02,548 INFO c.h.h.t.HelmChartContainer - [hivemq-test-hivemq-platform] [hivemq-platform-operator] [bbb917b4] 18:35:02.547 [ReconcilerExecutor-hivemq-controller-123] DEBUG c.h.p.o.HiveMQPlatformReconciler - [customop] Custom Resource Status STARTING - HiveMQ Platform is starting (READY)
2025-01-30 18:35:02,548 INFO c.h.h.t.HelmChartContainer - [hivemq-test-hivemq-platform] [hivemq-platform-operator] [bbb917b4] 18:35:02.547 [ReconcilerExecutor-hivemq-controller-123] DEBUG c.h.p.o.HiveMQPlatformReconciler - [customop] Custom Resource Spec (replicas: 1) (extensions: 1)
2025-01-30 18:35:02,550 INFO c.h.h.t.HelmChartContainer - [hivemq-test-hivemq-platform] [hivemq-platform-operator] [bbb917b4] 18:35:02.549 [ReconcilerExecutor-hivemq-controller-123] DEBUG c.h.p.o.HiveMQPlatformReconciler - [customop] StatefulSet Status (revision: test-hivemq-platform-alpha-tier2-5888b5495b, replicas: 1, available: 0, ready: 0, current: 1, updated: 1)
2025-01-30 18:35:02,550 INFO c.h.h.t.HelmChartContainer - [hivemq-test-hivemq-platform] [hivemq-platform-operator] [bbb917b4] 18:35:02.549 [ReconcilerExecutor-hivemq-controller-123] DEBUG c.h.p.o.HiveMQPlatformReconciler - [customop] StatefulSet Spec (replicas: 1, init containers: 1, containers: 1, volumes: 3)
2025-01-30 18:35:02,552 INFO c.h.h.t.HelmChartContainer - [hivemq-test-hivemq-platform] [hivemq-platform-operator] [bbb917b4] 18:35:02.551 [ReconcilerExecutor-hivemq-controller-123] DEBUG c.h.p.o.h.HiveMQPlatformReconcilerErrorHandler - [customop] Pod 'test-hivemq-platform-alpha-tier2-0' phase Running
2025-01-30 18:35:02,553 INFO c.h.h.t.HelmChartContainer - [hivemq-test-hivemq-platform] [hivemq-platform-operator] [bbb917b4] 18:35:02.552 [ReconcilerExecutor-hivemq-controller-123] INFO  c.h.p.o.h.HiveMQPlatformReconcilerBaseHandler - [customop] HiveMQ Platform is starting, 0 of 1 replicas are ready
2025-01-30 18:35:02,655 INFO c.h.h.t.HelmChartContainer - [hivemq-test-hivemq-platform] [hivemq-platform-operator] [bbb917b4] 18:35:02.652 [pool-6-thread-31] DEBUG c.h.p.o.d.PlatformServiceResource - [customop] Desired Platform services (3 services)
2025-01-30 18:35:02,655 INFO c.h.h.t.HelmChartContainer - [hivemq-test-hivemq-platform] [hivemq-platform-operator] [bbb917b4] 18:35:02.654 [pool-6-thread-25] DEBUG c.h.p.o.d.PodServiceAccountResource - [customop] Desired PodServiceAccountResource (serviceAccountName: hivemq-platform-pod-test-hivemq-platform-alpha-tier3)
2025-01-30 18:35:02,656 INFO c.h.h.t.HelmChartContainer - [hivemq-test-hivemq-platform] [hivemq-platform-operator] [bbb917b4] 18:35:02.654 [pool-6-thread-36] DEBUG c.h.p.o.dependants.PodInfoConfigMap - [customop] Desired PodInfo ConfigMap (1 extensions) (1 enabled)
2025-01-30 18:35:02,656 INFO c.h.h.t.HelmChartContainer - [hivemq-test-hivemq-platform] [hivemq-platform-operator] [bbb917b4] 18:35:02.654 [pool-6-thread-36] DEBUG c.h.p.o.dependants.PodInfoConfigMap - [customop] Desired PodInfo ConfigMap (metrics port: 9399) (metrics path: /)
2025-01-30 18:35:02,656 INFO c.h.h.t.HelmChartContainer - [hivemq-test-hivemq-platform] [hivemq-platform-operator] [bbb917b4] 18:35:02.654 [pool-6-thread-36] DEBUG c.h.p.o.dependants.PodInfoConfigMap - [customop] Desired PodInfo ConfigMap (extension state hash: -1817474005)
2025-01-30 18:35:02,658 INFO c.h.h.t.HelmChartContainer - [hivemq-test-hivemq-platform] [hivemq-platform-operator] [bbb917b4] 18:35:02.657 [pool-6-thread-31] DEBUG c.h.p.o.d.StatefulSetResource - [customop] Desired StatefulSet (1 replicas) for status STARTING (READY)
2025-01-30 18:35:02,661 INFO c.h.h.t.HelmChartContainer - [hivemq-test-hivemq-platform] [hivemq-platform-operator] [bbb917b4] 18:35:02.660 [ReconcilerExecutor-hivemq-controller-124] INFO  c.h.p.o.HiveMQPlatformReconciler - [customop] Reconciling HiveMQ Platform 'test-hivemq-platform-alpha-tier3' in namespace 'customoperatorselectorsit'
2025-01-30 18:35:02,661 INFO c.h.h.t.HelmChartContainer - [hivemq-test-hivemq-platform] [hivemq-platform-operator] [bbb917b4] 18:35:02.660 [ReconcilerExecutor-hivemq-controller-124] DEBUG c.h.p.o.HiveMQPlatformReconciler - [customop] Custom Resource Status STARTING - HiveMQ Platform is starting (READY)
2025-01-30 18:35:02,661 INFO c.h.h.t.HelmChartContainer - [hivemq-test-hivemq-platform] [hivemq-platform-operator] [bbb917b4] 18:35:02.660 [ReconcilerExecutor-hivemq-controller-124] DEBUG c.h.p.o.HiveMQPlatformReconciler - [customop] Custom Resource Spec (replicas: 1) (extensions: 1)
2025-01-30 18:35:02,662 INFO c.h.h.t.HelmChartContainer - [hivemq-test-hivemq-platform] [hivemq-platform-operator] [bbb917b4] 18:35:02.662 [ReconcilerExecutor-hivemq-controller-124] DEBUG c.h.p.o.HiveMQPlatformReconciler - [customop] StatefulSet Status (revision: test-hivemq-platform-alpha-tier3-7ccdb49877, replicas: 1, available: 0, ready: 0, current: 1, updated: 1)
2025-01-30 18:35:02,662 INFO c.h.h.t.HelmChartContainer - [hivemq-test-hivemq-platform] [hivemq-platform-operator] [bbb917b4] 18:35:02.662 [ReconcilerExecutor-hivemq-controller-124] DEBUG c.h.p.o.HiveMQPlatformReconciler - [customop] StatefulSet Spec (replicas: 1, init containers: 1, containers: 1, volumes: 3)
2025-01-30 18:35:02,664 INFO c.h.h.t.HelmChartContainer - [hivemq-test-hivemq-platform] [hivemq-platform-operator] [bbb917b4] 18:35:02.663 [ReconcilerExecutor-hivemq-controller-124] DEBUG c.h.p.o.h.HiveMQPlatformReconcilerErrorHandler - [customop] Pod 'test-hivemq-platform-alpha-tier3-0' phase Running
2025-01-30 18:35:02,665 INFO c.h.h.t.HelmChartContainer - [hivemq-test-hivemq-platform] [hivemq-platform-operator] [bbb917b4] 18:35:02.664 [ReconcilerExecutor-hivemq-controller-124] INFO  c.h.p.o.h.HiveMQPlatformReconcilerBaseHandler - [customop] HiveMQ Platform is starting, 0 of 1 replicas are ready
2025-01-30 18:35:02,946 INFO c.h.h.t.HelmChartContainer - [test-hivemq-platform] [hivemq] [c1a2d939] INFO  - Started HiveMQ Health API in 942ms
2025-01-30 18:35:03,305 INFO c.h.h.t.HelmChartContainer - [test-hivemq-platform] [hivemq] [e9f952a6] INFO  - Started HiveMQ Health API in 1007ms
2025-01-30 18:35:03,843 INFO c.h.h.t.HelmChartContainer - [test-hivemq-platform] [hivemq] [c1a2d939] INFO  - Starting HiveMQ extension system.
2025-01-30 18:35:04,103 INFO c.h.h.t.HelmChartContainer - [test-hivemq-platform] [hivemq] [e9f952a6] INFO  - Starting HiveMQ extension system.
2025-01-30 18:35:04,144 INFO c.h.h.t.HelmChartContainer - [test-hivemq-platform] [hivemq] [c1a2d939] INFO  - Starting extension with id "hivemq-dns-cluster-discovery" at /opt/hivemq/extensions/hivemq-dns-cluster-discovery
2025-01-30 18:35:04,395 INFO c.h.h.t.HelmChartContainer - [test-hivemq-platform] [hivemq] [e9f952a6] INFO  - Starting extension with id "hivemq-dns-cluster-discovery" at /opt/hivemq/extensions/hivemq-dns-cluster-discovery
2025-01-30 18:35:04,702 INFO c.h.h.t.HelmChartContainer - [test-hivemq-platform] [hivemq] [c1a2d939] INFO  - Using TCP cluster transport on address 10.42.0.17 and port 7000
2025-01-30 18:35:04,706 INFO c.h.h.t.HelmChartContainer - [test-hivemq-platform] [hivemq] [c1a2d939] INFO  - Extension "DNS Cluster Discovery Extension" version 4.3.2 started successfully.
2025-01-30 18:35:04,708 INFO c.h.h.t.HelmChartContainer - [test-hivemq-platform] [hivemq] [c1a2d939] INFO  - Starting extension with id "hivemq-prometheus-extension" at /opt/hivemq/extensions/hivemq-prometheus-extension
2025-01-30 18:35:04,742 INFO c.h.h.t.HelmChartContainer - [test-hivemq-platform] [hivemq] [c1a2d939] INFO  - Using extension cluster discovery
2025-01-30 18:35:04,910 INFO c.h.h.t.HelmChartContainer - [test-hivemq-platform] [hivemq] [e9f952a6] INFO  - Extension "DNS Cluster Discovery Extension" version 4.3.2 started successfully.
2025-01-30 18:35:04,911 INFO c.h.h.t.HelmChartContainer - [test-hivemq-platform] [hivemq] [e9f952a6] INFO  - Starting extension with id "hivemq-prometheus-extension" at /opt/hivemq/extensions/hivemq-prometheus-extension
2025-01-30 18:35:05,095 INFO c.h.h.t.HelmChartContainer - [test-hivemq-platform] [hivemq] [e9f952a6] INFO  - Using TCP cluster transport on address 10.42.0.16 and port 7000
2025-01-30 18:35:05,106 INFO c.h.h.t.HelmChartContainer - [test-hivemq-platform] [hivemq] [e9f952a6] INFO  - Using extension cluster discovery
2025-01-30 18:35:05,707 INFO c.h.h.t.HelmChartContainer - [test-hivemq-platform] [hivemq] [c1a2d939] INFO  - Started Jetty Server exposing Prometheus Servlet on URI http://0.0.0.0:9399/
2025-01-30 18:35:05,709 INFO c.h.h.t.HelmChartContainer - [test-hivemq-platform] [hivemq] [c1a2d939] INFO  - Extension "Prometheus Monitoring Extension" version 4.0.12 started successfully.
2025-01-30 18:35:05,709 INFO c.h.h.t.HelmChartContainer - [test-hivemq-platform] [hivemq] [c1a2d939] INFO  - Starting extension with id "hivemq-allow-all-extension" at /opt/hivemq/extensions/hivemq-allow-all-extension
2025-01-30 18:35:05,709 INFO c.h.h.t.HelmChartContainer - [test-hivemq-platform] [hivemq] [c1a2d939] WARN  - 
2025-01-30 18:35:05,709 INFO c.h.h.t.HelmChartContainer - [test-hivemq-platform] [hivemq] [c1a2d939] ################################################################################################################
2025-01-30 18:35:05,709 INFO c.h.h.t.HelmChartContainer - [test-hivemq-platform] [hivemq] [c1a2d939] # This HiveMQ deployment is not secure! You are lacking Authentication and Authorization.                      #
2025-01-30 18:35:05,709 INFO c.h.h.t.HelmChartContainer - [test-hivemq-platform] [hivemq] [c1a2d939] # Right now any MQTT client can connect to the broker with a full set of permissions.                          #
2025-01-30 18:35:05,709 INFO c.h.h.t.HelmChartContainer - [test-hivemq-platform] [hivemq] [c1a2d939] # For production usage, add an appropriate security extension and remove the hivemq-allow-all extension.       #
2025-01-30 18:35:05,709 INFO c.h.h.t.HelmChartContainer - [test-hivemq-platform] [hivemq] [c1a2d939] # You can download security extensions from the HiveMQ Marketplace (https://www.hivemq.com/extensions/).       #
2025-01-30 18:35:05,709 INFO c.h.h.t.HelmChartContainer - [test-hivemq-platform] [hivemq] [c1a2d939] ################################################################################################################
2025-01-30 18:35:05,709 INFO c.h.h.t.HelmChartContainer - [test-hivemq-platform] [hivemq] [c1a2d939] INFO  - Extension "Allow All Extension" version 1.1.1 started successfully.
2025-01-30 18:35:05,903 INFO c.h.h.t.HelmChartContainer - [test-hivemq-platform] [hivemq] [e9f952a6] INFO  - Started Jetty Server exposing Prometheus Servlet on URI http://0.0.0.0:9399/
2025-01-30 18:35:05,903 INFO c.h.h.t.HelmChartContainer - [test-hivemq-platform] [hivemq] [e9f952a6] INFO  - Extension "Prometheus Monitoring Extension" version 4.0.12 started successfully.
2025-01-30 18:35:05,903 INFO c.h.h.t.HelmChartContainer - [test-hivemq-platform] [hivemq] [e9f952a6] INFO  - Starting extension with id "hivemq-allow-all-extension" at /opt/hivemq/extensions/hivemq-allow-all-extension
2025-01-30 18:35:05,905 INFO c.h.h.t.HelmChartContainer - [test-hivemq-platform] [hivemq] [e9f952a6] WARN  - 
2025-01-30 18:35:05,905 INFO c.h.h.t.HelmChartContainer - [test-hivemq-platform] [hivemq] [e9f952a6] ################################################################################################################
2025-01-30 18:35:05,905 INFO c.h.h.t.HelmChartContainer - [test-hivemq-platform] [hivemq] [e9f952a6] # This HiveMQ deployment is not secure! You are lacking Authentication and Authorization.                      #
2025-01-30 18:35:05,905 INFO c.h.h.t.HelmChartContainer - [test-hivemq-platform] [hivemq] [e9f952a6] # Right now any MQTT client can connect to the broker with a full set of permissions.                          #
2025-01-30 18:35:05,905 INFO c.h.h.t.HelmChartContainer - [test-hivemq-platform] [hivemq] [e9f952a6] # For production usage, add an appropriate security extension and remove the hivemq-allow-all extension.       #
2025-01-30 18:35:05,905 INFO c.h.h.t.HelmChartContainer - [test-hivemq-platform] [hivemq] [e9f952a6] # You can download security extensions from the HiveMQ Marketplace (https://www.hivemq.com/extensions/).       #
2025-01-30 18:35:05,905 INFO c.h.h.t.HelmChartContainer - [test-hivemq-platform] [hivemq] [e9f952a6] ################################################################################################################
2025-01-30 18:35:05,906 INFO c.h.h.t.HelmChartContainer - [test-hivemq-platform] [hivemq] [e9f952a6] INFO  - Extension "Allow All Extension" version 1.1.1 started successfully.
2025-01-30 18:35:07,802 INFO c.h.h.t.HelmChartContainer - [test-hivemq-platform] [hivemq] [e9f952a6] INFO  - [HiveMQ Platform Operator Init App 1.7.0-SNAPSHOT] Returning Health API response 503 for readiness
2025-01-30 18:35:07,809 INFO c.h.h.t.HelmChartContainer - [test-hivemq-platform] [hivemq] [c1a2d939] INFO  - xjgIx: no members discovered after 2566 ms: creating cluster as first member
2025-01-30 18:35:07,810 INFO c.h.h.t.HelmChartContainer - [EVENT] Warning [Unhealthy] Readiness probe failed: HTTP probe failed with statuscode: 503 [customoperatorselectorsit:test-hivemq-platform-alpha-tier2-0]
2025-01-30 18:35:07,811 INFO c.h.h.t.HelmChartContainer - Received Unhealthy event for container hivemq in pod test-hivemq-platform-alpha-tier2-0 [e9f952a6-4e25-46fc-a050-3d710ed2b56f]
2025-01-30 18:35:07,817 INFO c.h.h.t.HelmChartContainer - [test-hivemq-platform] [hivemq] [c1a2d939] INFO  - Cluster nodes found by discovery: [xjgIx|0] (1) [xjgIx].
2025-01-30 18:35:07,998 INFO c.h.h.t.HelmChartContainer - [test-hivemq-platform] [hivemq] [c1a2d939] INFO  - [HiveMQ Platform Operator Init App 1.7.0-SNAPSHOT] Returning Health API response 503 for readiness
2025-01-30 18:35:08,009 INFO c.h.h.t.HelmChartContainer - [test-hivemq-platform] [hivemq] [e9f952a6] INFO  - TxPGp: no members discovered after 2208 ms: creating cluster as first member
2025-01-30 18:35:08,018 INFO c.h.h.t.HelmChartContainer - [test-hivemq-platform] [hivemq] [e9f952a6] INFO  - Cluster nodes found by discovery: [TxPGp|0] (1) [TxPGp].
2025-01-30 18:35:08,019 INFO c.h.h.t.HelmChartContainer - [EVENT] Warning [Unhealthy] Readiness probe failed: HTTP probe failed with statuscode: 503 [customoperatorselectorsit:test-hivemq-platform-alpha-tier3-0]
2025-01-30 18:35:08,019 INFO c.h.h.t.HelmChartContainer - Received Unhealthy event for container hivemq in pod test-hivemq-platform-alpha-tier3-0 [c1a2d939-e7af-424e-8c1e-f8b5e5c33867]
2025-01-30 18:35:08,103 INFO c.h.h.t.HelmChartContainer - [test-hivemq-platform] [hivemq] [e9f952a6] WARN  - No user for HiveMQ Control Center configured. Starting with default user
2025-01-30 18:35:08,104 INFO c.h.h.t.HelmChartContainer - [test-hivemq-platform] [hivemq] [e9f952a6] INFO  - Starting HiveMQ Control Center on address 0.0.0.0 and port 8080
2025-01-30 18:35:08,106 INFO c.h.h.t.HelmChartContainer - [test-hivemq-platform] [hivemq] [c1a2d939] WARN  - No user for HiveMQ Control Center configured. Starting with default user
2025-01-30 18:35:08,107 INFO c.h.h.t.HelmChartContainer - [test-hivemq-platform] [hivemq] [c1a2d939] INFO  - Starting HiveMQ Control Center on address 0.0.0.0 and port 8080
2025-01-30 18:35:08,118 INFO c.h.h.t.HelmChartContainer - [test-hivemq-platform] [hivemq] [e9f952a6] INFO  - Mounting HiveMQ Control Center V2 Preview
2025-01-30 18:35:08,121 INFO c.h.h.t.HelmChartContainer - [test-hivemq-platform] [hivemq] [c1a2d939] INFO  - Mounting HiveMQ Control Center V2 Preview
2025-01-30 18:35:08,816 INFO c.h.h.t.HelmChartContainer - [test-hivemq-platform] [hivemq] [e9f952a6] INFO  - Started HiveMQ Control Center in 714ms
2025-01-30 18:35:08,910 INFO c.h.h.t.HelmChartContainer - [test-hivemq-platform] [hivemq] [e9f952a6] INFO  - Starting TCP listener on address 0.0.0.0 and port 1883
2025-01-30 18:35:08,925 INFO c.h.h.t.HelmChartContainer - [test-hivemq-platform] [hivemq] [e9f952a6] INFO  - Started TCP Listener on address 0.0.0.0 and on port 1883.
2025-01-30 18:35:08,925 INFO c.h.h.t.HelmChartContainer - [test-hivemq-platform] [hivemq] [e9f952a6] INFO  - Started HiveMQ in 34722ms
2025-01-30 18:35:09,044 INFO c.h.h.t.HelmChartContainer - [test-hivemq-platform] [hivemq] [c1a2d939] INFO  - Started HiveMQ Control Center in 938ms
2025-01-30 18:35:09,109 INFO c.h.h.t.HelmChartContainer - [test-hivemq-platform] [hivemq] [c1a2d939] INFO  - Starting TCP listener on address 0.0.0.0 and port 1883
2025-01-30 18:35:09,143 INFO c.h.h.t.HelmChartContainer - [test-hivemq-platform] [hivemq] [c1a2d939] INFO  - Started TCP Listener on address 0.0.0.0 and on port 1883.
2025-01-30 18:35:09,143 INFO c.h.h.t.HelmChartContainer - [test-hivemq-platform] [hivemq] [c1a2d939] INFO  - Started HiveMQ in 35025ms
2025-01-30 18:35:12,319 INFO c.h.h.t.HelmChartContainer - [test-hivemq-platform] [hivemq] [e9f952a6] INFO  - [HiveMQ Platform Operator Init App 1.7.0-SNAPSHOT] Returning Health API response 200 for readiness
2025-01-30 18:35:12,333 INFO c.h.h.t.HelmChartContainer - [POD] test-hivemq-platform-alpha-tier2-0 [e9f952a6-4e25-46fc-a050-3d710ed2b56f] in customoperatorselectorsit was MODIFIED
2025-01-30 18:35:12,342 INFO c.h.h.t.HelmChartContainer - [hivemq-test-hivemq-platform] [hivemq-platform-operator] [bbb917b4] 18:35:12.338 [pool-6-thread-50] DEBUG c.h.p.o.d.PlatformServiceResource - [customop] Desired Platform services (3 services)
2025-01-30 18:35:12,342 INFO c.h.h.t.HelmChartContainer - [hivemq-test-hivemq-platform] [hivemq-platform-operator] [bbb917b4] 18:35:12.339 [pool-6-thread-18] DEBUG c.h.p.o.dependants.PodInfoConfigMap - [customop] Desired PodInfo ConfigMap (1 extensions) (1 enabled)
2025-01-30 18:35:12,342 INFO c.h.h.t.HelmChartContainer - [hivemq-test-hivemq-platform] [hivemq-platform-operator] [bbb917b4] 18:35:12.339 [pool-6-thread-18] DEBUG c.h.p.o.dependants.PodInfoConfigMap - [customop] Desired PodInfo ConfigMap (metrics port: 9399) (metrics path: /)
2025-01-30 18:35:12,342 INFO c.h.h.t.HelmChartContainer - [hivemq-test-hivemq-platform] [hivemq-platform-operator] [bbb917b4] 18:35:12.339 [pool-6-thread-18] DEBUG c.h.p.o.dependants.PodInfoConfigMap - [customop] Desired PodInfo ConfigMap (extension state hash: -1817474005)
2025-01-30 18:35:12,342 INFO c.h.h.t.HelmChartContainer - [hivemq-test-hivemq-platform] [hivemq-platform-operator] [bbb917b4] 18:35:12.340 [pool-6-thread-12] DEBUG c.h.p.o.d.PodServiceAccountResource - [customop] Desired PodServiceAccountResource (serviceAccountName: hivemq-platform-pod-test-hivemq-platform-alpha-tier2)
2025-01-30 18:35:12,352 INFO c.h.h.t.HelmChartContainer - [hivemq-test-hivemq-platform] [hivemq-platform-operator] [bbb917b4] 18:35:12.350 [pool-6-thread-50] DEBUG c.h.p.o.d.StatefulSetResource - [customop] Desired StatefulSet (1 replicas) for status STARTING (READY)
2025-01-30 18:35:12,356 INFO c.h.h.t.HelmChartContainer - [hivemq-test-hivemq-platform] [hivemq-platform-operator] [bbb917b4] 18:35:12.354 [ReconcilerExecutor-hivemq-controller-125] INFO  c.h.p.o.HiveMQPlatformReconciler - [customop] Reconciling HiveMQ Platform 'test-hivemq-platform-alpha-tier2' in namespace 'customoperatorselectorsit'
2025-01-30 18:35:12,356 INFO c.h.h.t.HelmChartContainer - [hivemq-test-hivemq-platform] [hivemq-platform-operator] [bbb917b4] 18:35:12.354 [ReconcilerExecutor-hivemq-controller-125] DEBUG c.h.p.o.HiveMQPlatformReconciler - [customop] Custom Resource Status STARTING - HiveMQ Platform is starting (READY)
2025-01-30 18:35:12,356 INFO c.h.h.t.HelmChartContainer - [hivemq-test-hivemq-platform] [hivemq-platform-operator] [bbb917b4] 18:35:12.354 [ReconcilerExecutor-hivemq-controller-125] DEBUG c.h.p.o.HiveMQPlatformReconciler - [customop] Custom Resource Spec (replicas: 1) (extensions: 1)
2025-01-30 18:35:12,358 INFO c.h.h.t.HelmChartContainer - [hivemq-test-hivemq-platform] [hivemq-platform-operator] [bbb917b4] 18:35:12.355 [ReconcilerExecutor-hivemq-controller-125] DEBUG c.h.p.o.HiveMQPlatformReconciler - [customop] StatefulSet Status (revision: test-hivemq-platform-alpha-tier2-5888b5495b, replicas: 1, available: 1, ready: 1, current: 1, updated: 1)
2025-01-30 18:35:12,358 INFO c.h.h.t.HelmChartContainer - [hivemq-test-hivemq-platform] [hivemq-platform-operator] [bbb917b4] 18:35:12.355 [ReconcilerExecutor-hivemq-controller-125] DEBUG c.h.p.o.HiveMQPlatformReconciler - [customop] StatefulSet Spec (replicas: 1, init containers: 1, containers: 1, volumes: 3)
2025-01-30 18:35:12,358 INFO c.h.h.t.HelmChartContainer - [hivemq-test-hivemq-platform] [hivemq-platform-operator] [bbb917b4] 18:35:12.356 [ReconcilerExecutor-hivemq-controller-125] DEBUG c.h.p.o.h.HiveMQPlatformReconcilerErrorHandler - [customop] Pod 'test-hivemq-platform-alpha-tier2-0' phase Running
2025-01-30 18:35:12,358 INFO c.h.h.t.HelmChartContainer - [hivemq-test-hivemq-platform] [hivemq-platform-operator] [bbb917b4] 18:35:12.357 [ReconcilerExecutor-hivemq-controller-125] INFO  c.h.p.o.h.HiveMQPlatformReconcilerBaseHandler - [customop] HiveMQ Platform started successfully
2025-01-30 18:35:12,425 INFO c.h.h.t.HelmChartContainer - [test-hivemq-platform] [hivemq] [c1a2d939] INFO  - [HiveMQ Platform Operator Init App 1.7.0-SNAPSHOT] Returning Health API response 200 for readiness
2025-01-30 18:35:12,441 INFO c.h.h.t.HelmChartContainer - [POD] test-hivemq-platform-alpha-tier3-0 [c1a2d939-e7af-424e-8c1e-f8b5e5c33867] in customoperatorselectorsit was MODIFIED
2025-01-30 18:35:12,457 INFO c.h.h.t.HelmChartContainer - [hivemq-test-hivemq-platform] [hivemq-platform-operator] [bbb917b4] 18:35:12.452 [pool-6-thread-4] DEBUG c.h.p.o.d.PlatformServiceResource - [customop] Desired Platform services (3 services)
2025-01-30 18:35:12,460 INFO c.h.h.t.HelmChartContainer - [hivemq-test-hivemq-platform] [hivemq-platform-operator] [bbb917b4] 18:35:12.456 [pool-6-thread-4] DEBUG c.h.p.o.d.PodServiceAccountResource - [customop] Desired PodServiceAccountResource (serviceAccountName: hivemq-platform-pod-test-hivemq-platform-alpha-tier3)
2025-01-30 18:35:12,532 INFO c.h.h.t.HelmChartContainer - [hivemq-test-hivemq-platform] [hivemq-platform-operator] [bbb917b4] 18:35:12.530 [pool-6-thread-20] DEBUG c.h.p.o.dependants.PodInfoConfigMap - [customop] Desired PodInfo ConfigMap (1 extensions) (1 enabled)
2025-01-30 18:35:12,534 INFO c.h.h.t.HelmChartContainer - [hivemq-test-hivemq-platform] [hivemq-platform-operator] [bbb917b4] 18:35:12.533 [pool-6-thread-20] DEBUG c.h.p.o.dependants.PodInfoConfigMap - [customop] Desired PodInfo ConfigMap (metrics port: 9399) (metrics path: /)
2025-01-30 18:35:12,534 INFO c.h.h.t.HelmChartContainer - [hivemq-test-hivemq-platform] [hivemq-platform-operator] [bbb917b4] 18:35:12.533 [pool-6-thread-20] DEBUG c.h.p.o.dependants.PodInfoConfigMap - [customop] Desired PodInfo ConfigMap (extension state hash: -1817474005)
2025-01-30 18:35:12,537 INFO c.h.h.t.HelmChartContainer - [hivemq-test-hivemq-platform] [hivemq-platform-operator] [bbb917b4] 18:35:12.535 [pool-6-thread-20] DEBUG c.h.p.o.d.StatefulSetResource - [customop] Desired StatefulSet (1 replicas) for status STARTING (READY)
2025-01-30 18:35:12,540 INFO c.h.h.t.HelmChartContainer - [hivemq-test-hivemq-platform] [hivemq-platform-operator] [bbb917b4] 18:35:12.539 [ReconcilerExecutor-hivemq-controller-126] INFO  c.h.p.o.HiveMQPlatformReconciler - [customop] Reconciling HiveMQ Platform 'test-hivemq-platform-alpha-tier3' in namespace 'customoperatorselectorsit'
2025-01-30 18:35:12,541 INFO c.h.h.t.HelmChartContainer - [hivemq-test-hivemq-platform] [hivemq-platform-operator] [bbb917b4] 18:35:12.540 [ReconcilerExecutor-hivemq-controller-126] DEBUG c.h.p.o.HiveMQPlatformReconciler - [customop] Custom Resource Status STARTING - HiveMQ Platform is starting (READY)
2025-01-30 18:35:12,541 INFO c.h.h.t.HelmChartContainer - [hivemq-test-hivemq-platform] [hivemq-platform-operator] [bbb917b4] 18:35:12.540 [ReconcilerExecutor-hivemq-controller-126] DEBUG c.h.p.o.HiveMQPlatformReconciler - [customop] Custom Resource Spec (replicas: 1) (extensions: 1)
2025-01-30 18:35:12,544 INFO c.h.h.t.HelmChartContainer - [hivemq-test-hivemq-platform] [hivemq-platform-operator] [bbb917b4] 18:35:12.543 [ReconcilerExecutor-hivemq-controller-126] DEBUG c.h.p.o.HiveMQPlatformReconciler - [customop] StatefulSet Status (revision: test-hivemq-platform-alpha-tier3-7ccdb49877, replicas: 1, available: 1, ready: 1, current: 1, updated: 1)
2025-01-30 18:35:12,544 INFO c.h.h.t.HelmChartContainer - [hivemq-test-hivemq-platform] [hivemq-platform-operator] [bbb917b4] 18:35:12.543 [ReconcilerExecutor-hivemq-controller-126] DEBUG c.h.p.o.HiveMQPlatformReconciler - [customop] StatefulSet Spec (replicas: 1, init containers: 1, containers: 1, volumes: 3)
2025-01-30 18:35:12,545 INFO c.h.h.t.HelmChartContainer - [hivemq-test-hivemq-platform] [hivemq-platform-operator] [bbb917b4] 18:35:12.544 [ReconcilerExecutor-hivemq-controller-126] DEBUG c.h.p.o.h.HiveMQPlatformReconcilerErrorHandler - [customop] Pod 'test-hivemq-platform-alpha-tier3-0' phase Running
2025-01-30 18:35:12,546 INFO c.h.h.t.HelmChartContainer - [hivemq-test-hivemq-platform] [hivemq-platform-operator] [bbb917b4] 18:35:12.545 [ReconcilerExecutor-hivemq-controller-126] INFO  c.h.p.o.h.HiveMQPlatformReconcilerBaseHandler - [customop] HiveMQ Platform started successfully
2025-01-30 18:35:12,632 INFO c.h.h.t.HelmChartContainer - [hivemq-test-hivemq-platform] [hivemq-platform-operator] [bbb917b4] 18:35:12.631 [ReconcilerExecutor-hivemq-controller-125] DEBUG c.h.p.operator.event.EventSender - [customop] Creating K8s event hivemq-platform-ready: [Ready] HiveMQ Platform is ready
2025-01-30 18:35:12,636 INFO c.h.h.t.HelmChartContainer - [EVENT] Normal [Ready] HiveMQ Platform is ready [customoperatorselectorsit:test-hivemq-platform-alpha-tier2]
2025-01-30 18:35:12,641 INFO c.h.h.t.HelmChartContainer - [hivemq-test-hivemq-platform] [hivemq-platform-operator] [bbb917b4] 18:35:12.638 [ReconcilerExecutor-hivemq-controller-125] INFO  c.h.p.o.h.AbstractHiveMQReconcilerStateHandler - [customop] Update HiveMQ Platform Status (STARTING [READY] -> RUNNING [READY]): HiveMQ Platform is ready
2025-01-30 18:35:12,652 DEBUG com.hivemq.helmcharts.util.K8sUtil - Comparing actual state 'RUNNING' and waiting for 'RUNNING'
2025-01-30 18:35:12,656 INFO c.h.h.t.HelmChartContainer - [hivemq-test-hivemq-platform] [hivemq-platform-operator] [bbb917b4] 18:35:12.653 [ReconcilerExecutor-hivemq-controller-126] DEBUG c.h.p.operator.event.EventSender - [customop] Creating K8s event hivemq-platform-ready: [Ready] HiveMQ Platform is ready
2025-01-30 18:35:12,659 INFO c.h.h.t.HelmChartContainer - [EVENT] Normal [Ready] HiveMQ Platform is ready [customoperatorselectorsit:test-hivemq-platform-alpha-tier3]
2025-01-30 18:35:12,667 DEBUG com.hivemq.helmcharts.util.K8sUtil - Comparing actual state 'STARTING' and waiting for 'RUNNING'
2025-01-30 18:35:12,734 INFO c.h.h.t.HelmChartContainer - [hivemq-test-hivemq-platform] [hivemq-platform-operator] [bbb917b4] 18:35:12.732 [ReconcilerExecutor-hivemq-controller-126] INFO  c.h.p.o.h.AbstractHiveMQReconcilerStateHandler - [customop] Update HiveMQ Platform Status (STARTING [READY] -> RUNNING [READY]): HiveMQ Platform is ready
2025-01-30 18:35:12,740 INFO c.h.h.t.HelmChartContainer - [hivemq-test-hivemq-platform] [hivemq-platform-operator] [bbb917b4] 18:35:12.734 [pool-6-thread-37] DEBUG c.h.p.o.d.PlatformServiceResource - [customop] Desired Platform services (3 services)
2025-01-30 18:35:12,740 INFO c.h.h.t.HelmChartContainer - [hivemq-test-hivemq-platform] [hivemq-platform-operator] [bbb917b4] 18:35:12.737 [pool-6-thread-30] DEBUG c.h.p.o.dependants.PodInfoConfigMap - [customop] Desired PodInfo ConfigMap (1 extensions) (1 enabled)
2025-01-30 18:35:12,740 INFO c.h.h.t.HelmChartContainer - [hivemq-test-hivemq-platform] [hivemq-platform-operator] [bbb917b4] 18:35:12.737 [pool-6-thread-30] DEBUG c.h.p.o.dependants.PodInfoConfigMap - [customop] Desired PodInfo ConfigMap (metrics port: 9399) (metrics path: /)
2025-01-30 18:35:12,740 INFO c.h.h.t.HelmChartContainer - [hivemq-test-hivemq-platform] [hivemq-platform-operator] [bbb917b4] 18:35:12.737 [pool-6-thread-30] DEBUG c.h.p.o.dependants.PodInfoConfigMap - [customop] Desired PodInfo ConfigMap (extension state hash: -1817474005)
2025-01-30 18:35:12,740 INFO c.h.h.t.HelmChartContainer - [hivemq-test-hivemq-platform] [hivemq-platform-operator] [bbb917b4] 18:35:12.737 [pool-6-thread-30] DEBUG c.h.p.o.dependants.PodInfoConfigMap - [customop] Update PodInfo ConfigMap
2025-01-30 18:35:12,740 INFO c.h.h.t.HelmChartContainer - [hivemq-test-hivemq-platform] [hivemq-platform-operator] [bbb917b4] 18:35:12.738 [pool-6-thread-23] DEBUG c.h.p.o.d.PodServiceAccountResource - [customop] Desired PodServiceAccountResource (serviceAccountName: hivemq-platform-pod-test-hivemq-platform-alpha-tier2)
2025-01-30 18:35:12,748 DEBUG com.hivemq.helmcharts.util.K8sUtil - Comparing actual state 'RUNNING' and waiting for 'RUNNING'
2025-01-30 18:35:12,778 INFO c.h.h.t.HelmChartContainer - Uninstalling release 'test-hivemq-platform-alpha-tier1' in namespace 'customoperatorselectorsit'...
2025-01-30 18:35:12,778 DEBUG c.h.h.t.HelmChartContainer - Executing helm command: /bin/helm --kubeconfig /etc/rancher/k3s/k3s.yaml uninstall test-hivemq-platform-alpha-tier1  --wait --timeout 5m0s --cascade foreground --namespace customoperatorselectorsit
2025-01-30 18:35:12,836 INFO c.h.h.t.HelmChartContainer - [hivemq-test-hivemq-platform] [hivemq-platform-operator] [bbb917b4] 18:35:12.832 [pool-6-thread-30] DEBUG c.h.p.o.d.StatefulSetResource - [customop] Desired StatefulSet (1 replicas) for status RUNNING (READY)
2025-01-30 18:35:12,842 INFO c.h.h.t.HelmChartContainer - [hivemq-test-hivemq-platform] [hivemq-platform-operator] [bbb917b4] 18:35:12.837 [pool-6-thread-27] DEBUG c.h.p.o.dependants.PodInfoConfigMap - [customop] Desired PodInfo ConfigMap (1 extensions) (1 enabled)
2025-01-30 18:35:12,842 INFO c.h.h.t.HelmChartContainer - [hivemq-test-hivemq-platform] [hivemq-platform-operator] [bbb917b4] 18:35:12.837 [pool-6-thread-27] DEBUG c.h.p.o.dependants.PodInfoConfigMap - [customop] Desired PodInfo ConfigMap (metrics port: 9399) (metrics path: /)
2025-01-30 18:35:12,842 INFO c.h.h.t.HelmChartContainer - [hivemq-test-hivemq-platform] [hivemq-platform-operator] [bbb917b4] 18:35:12.837 [pool-6-thread-27] DEBUG c.h.p.o.dependants.PodInfoConfigMap - [customop] Desired PodInfo ConfigMap (extension state hash: -1817474005)
2025-01-30 18:35:12,842 INFO c.h.h.t.HelmChartContainer - [hivemq-test-hivemq-platform] [hivemq-platform-operator] [bbb917b4] 18:35:12.838 [pool-6-thread-27] DEBUG c.h.p.o.dependants.PodInfoConfigMap - [customop] Update PodInfo ConfigMap
2025-01-30 18:35:12,848 INFO c.h.h.t.HelmChartContainer - [hivemq-test-hivemq-platform] [hivemq-platform-operator] [bbb917b4] 18:35:12.840 [pool-6-thread-3] DEBUG c.h.p.o.d.PodServiceAccountResource - [customop] Desired PodServiceAccountResource (serviceAccountName: hivemq-platform-pod-test-hivemq-platform-alpha-tier3)
2025-01-30 18:35:12,848 INFO c.h.h.t.HelmChartContainer - [hivemq-test-hivemq-platform] [hivemq-platform-operator] [bbb917b4] 18:35:12.840 [ReconcilerExecutor-hivemq-controller-127] INFO  c.h.p.o.HiveMQPlatformReconciler - [customop] Reconciling HiveMQ Platform 'test-hivemq-platform-alpha-tier2' in namespace 'customoperatorselectorsit'
2025-01-30 18:35:12,848 INFO c.h.h.t.HelmChartContainer - [hivemq-test-hivemq-platform] [hivemq-platform-operator] [bbb917b4] 18:35:12.841 [ReconcilerExecutor-hivemq-controller-127] DEBUG c.h.p.o.HiveMQPlatformReconciler - [customop] Custom Resource Status RUNNING - HiveMQ Platform is ready (READY)
2025-01-30 18:35:12,848 INFO c.h.h.t.HelmChartContainer - [hivemq-test-hivemq-platform] [hivemq-platform-operator] [bbb917b4] 18:35:12.841 [ReconcilerExecutor-hivemq-controller-127] DEBUG c.h.p.o.HiveMQPlatformReconciler - [customop] Custom Resource Spec (replicas: 1) (extensions: 1)
2025-01-30 18:35:12,848 INFO c.h.h.t.HelmChartContainer - [hivemq-test-hivemq-platform] [hivemq-platform-operator] [bbb917b4] 18:35:12.845 [pool-6-thread-24] DEBUG c.h.p.o.d.PlatformServiceResource - [customop] Desired Platform services (3 services)
2025-01-30 18:35:12,848 INFO c.h.h.t.HelmChartContainer - [hivemq-test-hivemq-platform] [hivemq-platform-operator] [bbb917b4] 18:35:12.845 [ReconcilerExecutor-hivemq-controller-127] DEBUG c.h.p.o.HiveMQPlatformReconciler - [customop] StatefulSet Status (revision: test-hivemq-platform-alpha-tier2-5888b5495b, replicas: 1, available: 1, ready: 1, current: 1, updated: 1)
2025-01-30 18:35:12,848 INFO c.h.h.t.HelmChartContainer - [hivemq-test-hivemq-platform] [hivemq-platform-operator] [bbb917b4] 18:35:12.845 [ReconcilerExecutor-hivemq-controller-127] DEBUG c.h.p.o.HiveMQPlatformReconciler - [customop] StatefulSet Spec (replicas: 1, init containers: 1, containers: 1, volumes: 3)
2025-01-30 18:35:12,933 INFO c.h.h.t.HelmChartContainer - [hivemq-test-hivemq-platform] [hivemq-platform-operator] [bbb917b4] 18:35:12.930 [ReconcilerExecutor-hivemq-controller-127] DEBUG c.h.p.o.h.HiveMQPlatformReconcilerErrorHandler - [customop] Pod 'test-hivemq-platform-alpha-tier2-0' phase Running
2025-01-30 18:35:12,941 INFO c.h.h.t.HelmChartContainer - [hivemq-test-hivemq-platform] [hivemq-platform-operator] [bbb917b4] 18:35:12.934 [pool-6-thread-27] DEBUG c.h.p.o.d.StatefulSetResource - [customop] Desired StatefulSet (1 replicas) for status RUNNING (READY)
2025-01-30 18:35:12,941 INFO c.h.h.t.HelmChartContainer - [hivemq-test-hivemq-platform] [hivemq-platform-operator] [bbb917b4] 18:35:12.938 [ReconcilerExecutor-hivemq-controller-128] INFO  c.h.p.o.HiveMQPlatformReconciler - [customop] Reconciling HiveMQ Platform 'test-hivemq-platform-alpha-tier3' in namespace 'customoperatorselectorsit'
2025-01-30 18:35:12,941 INFO c.h.h.t.HelmChartContainer - [hivemq-test-hivemq-platform] [hivemq-platform-operator] [bbb917b4] 18:35:12.938 [ReconcilerExecutor-hivemq-controller-128] DEBUG c.h.p.o.HiveMQPlatformReconciler - [customop] Custom Resource Status RUNNING - HiveMQ Platform is ready (READY)
2025-01-30 18:35:12,941 INFO c.h.h.t.HelmChartContainer - [hivemq-test-hivemq-platform] [hivemq-platform-operator] [bbb917b4] 18:35:12.938 [ReconcilerExecutor-hivemq-controller-128] DEBUG c.h.p.o.HiveMQPlatformReconciler - [customop] Custom Resource Spec (replicas: 1) (extensions: 1)
2025-01-30 18:35:12,942 INFO c.h.h.t.HelmChartContainer - [hivemq-test-hivemq-platform] [hivemq-platform-operator] [bbb917b4] 18:35:12.940 [ReconcilerExecutor-hivemq-controller-128] DEBUG c.h.p.o.HiveMQPlatformReconciler - [customop] StatefulSet Status (revision: test-hivemq-platform-alpha-tier3-7ccdb49877, replicas: 1, available: 1, ready: 1, current: 1, updated: 1)
2025-01-30 18:35:12,942 INFO c.h.h.t.HelmChartContainer - [hivemq-test-hivemq-platform] [hivemq-platform-operator] [bbb917b4] 18:35:12.940 [ReconcilerExecutor-hivemq-controller-128] DEBUG c.h.p.o.HiveMQPlatformReconciler - [customop] StatefulSet Spec (replicas: 1, init containers: 1, containers: 1, volumes: 3)
2025-01-30 18:35:12,944 INFO c.h.h.t.HelmChartContainer - [hivemq-test-hivemq-platform] [hivemq-platform-operator] [bbb917b4] 18:35:12.942 [ReconcilerExecutor-hivemq-controller-128] DEBUG c.h.p.o.h.HiveMQPlatformReconcilerErrorHandler - [customop] Pod 'test-hivemq-platform-alpha-tier3-0' phase Running
2025-01-30 18:35:15,043 INFO c.h.h.t.HelmChartContainer - Release 'test-hivemq-platform-alpha-tier1' in namespace 'customoperatorselectorsit' is uninstalled
2025-01-30 18:35:15,043 INFO c.h.h.t.HelmChartContainer - Uninstalling release 'test-hivemq-platform-alpha-tier2' in namespace 'customoperatorselectorsit'...
2025-01-30 18:35:15,043 DEBUG c.h.h.t.HelmChartContainer - Executing helm command: /bin/helm --kubeconfig /etc/rancher/k3s/k3s.yaml uninstall test-hivemq-platform-alpha-tier2  --wait --timeout 5m0s --cascade foreground --namespace customoperatorselectorsit
2025-01-30 18:35:15,246 INFO c.h.h.t.HelmChartContainer - [hivemq-test-hivemq-platform] [hivemq-platform-operator] [bbb917b4] 18:35:15.225 [pool-6-thread-25] DEBUG c.h.p.o.d.PlatformServiceResource - [customop] Desired Platform services (3 services)
2025-01-30 18:35:15,246 INFO c.h.h.t.HelmChartContainer - [hivemq-test-hivemq-platform] [hivemq-platform-operator] [bbb917b4] 18:35:15.226 [pool-6-thread-38] DEBUG c.h.p.o.dependants.PodInfoConfigMap - [customop] Desired PodInfo ConfigMap (1 extensions) (1 enabled)
2025-01-30 18:35:15,246 INFO c.h.h.t.HelmChartContainer - [hivemq-test-hivemq-platform] [hivemq-platform-operator] [bbb917b4] 18:35:15.226 [pool-6-thread-38] DEBUG c.h.p.o.dependants.PodInfoConfigMap - [customop] Desired PodInfo ConfigMap (metrics port: 9399) (metrics path: /)
2025-01-30 18:35:15,246 INFO c.h.h.t.HelmChartContainer - [hivemq-test-hivemq-platform] [hivemq-platform-operator] [bbb917b4] 18:35:15.226 [pool-6-thread-38] DEBUG c.h.p.o.dependants.PodInfoConfigMap - [customop] Desired PodInfo ConfigMap (extension state hash: -1817474005)
2025-01-30 18:35:15,246 INFO c.h.h.t.HelmChartContainer - [hivemq-test-hivemq-platform] [hivemq-platform-operator] [bbb917b4] 18:35:15.227 [pool-6-thread-38] DEBUG c.h.p.o.d.PodServiceAccountResource - [customop] Desired PodServiceAccountResource (serviceAccountName: hivemq-platform-pod-test-hivemq-platform-alpha-tier2)
2025-01-30 18:35:15,246 INFO c.h.h.t.HelmChartContainer - [hivemq-test-hivemq-platform] [hivemq-platform-operator] [bbb917b4] 18:35:15.230 [pool-6-thread-25] DEBUG c.h.p.o.d.StatefulSetResource - [customop] Desired StatefulSet (1 replicas) for status RUNNING (READY)
2025-01-30 18:35:15,246 INFO c.h.h.t.HelmChartContainer - [hivemq-test-hivemq-platform] [hivemq-platform-operator] [bbb917b4] 18:35:15.234 [ReconcilerExecutor-hivemq-controller-129] INFO  c.h.p.o.HiveMQPlatformReconciler - [customop] Reconciling HiveMQ Platform 'test-hivemq-platform-alpha-tier2' in namespace 'customoperatorselectorsit'
2025-01-30 18:35:15,246 INFO c.h.h.t.HelmChartContainer - [hivemq-test-hivemq-platform] [hivemq-platform-operator] [bbb917b4] 18:35:15.234 [ReconcilerExecutor-hivemq-controller-129] DEBUG c.h.p.o.HiveMQPlatformReconciler - [customop] Custom Resource Status RUNNING - HiveMQ Platform is ready (READY)
2025-01-30 18:35:15,246 INFO c.h.h.t.HelmChartContainer - [hivemq-test-hivemq-platform] [hivemq-platform-operator] [bbb917b4] 18:35:15.234 [ReconcilerExecutor-hivemq-controller-129] DEBUG c.h.p.o.HiveMQPlatformReconciler - [customop] Custom Resource Spec (replicas: 1) (extensions: 1)
2025-01-30 18:35:15,246 INFO c.h.h.t.HelmChartContainer - [hivemq-test-hivemq-platform] [hivemq-platform-operator] [bbb917b4] 18:35:15.235 [ReconcilerExecutor-hivemq-controller-129] DEBUG c.h.p.o.HiveMQPlatformReconciler - [customop] StatefulSet Status (revision: test-hivemq-platform-alpha-tier2-5888b5495b, replicas: 1, available: 1, ready: 1, current: 1, updated: 1)
2025-01-30 18:35:15,246 INFO c.h.h.t.HelmChartContainer - [hivemq-test-hivemq-platform] [hivemq-platform-operator] [bbb917b4] 18:35:15.236 [ReconcilerExecutor-hivemq-controller-129] DEBUG c.h.p.o.HiveMQPlatformReconciler - [customop] StatefulSet Spec (replicas: 1, init containers: 1, containers: 1, volumes: 3)
2025-01-30 18:35:15,246 INFO c.h.h.t.HelmChartContainer - [hivemq-test-hivemq-platform] [hivemq-platform-operator] [bbb917b4] 18:35:15.237 [ReconcilerExecutor-hivemq-controller-129] DEBUG c.h.p.o.h.HiveMQPlatformReconcilerErrorHandler - [customop] Pod 'test-hivemq-platform-alpha-tier2-0' phase Running
2025-01-30 18:35:15,315 INFO c.h.h.t.HelmChartContainer - [hivemq-test-hivemq-platform] [hivemq-platform-operator] [bbb917b4] 18:35:15.314 [ReconcilerExecutor-hivemq-controller-130] INFO  c.h.p.o.HiveMQPlatformReconciler - [customop] Cleanup test-hivemq-platform-alpha-tier2 - customoperatorselectorsit HiveMQ Platform is shut down
2025-01-30 18:35:15,805 INFO c.h.h.t.HelmChartContainer - [POD] test-hivemq-platform-alpha-tier2-0 [e9f952a6-4e25-46fc-a050-3d710ed2b56f] in customoperatorselectorsit was MODIFIED
2025-01-30 18:35:15,810 INFO c.h.h.t.HelmChartContainer - [EVENT] Normal [Killing] Stopping container hivemq [customoperatorselectorsit:test-hivemq-platform-alpha-tier2-0]
2025-01-30 18:35:15,810 INFO c.h.h.t.HelmChartContainer - Received Killing event for container hivemq in pod test-hivemq-platform-alpha-tier2-0 [e9f952a6-4e25-46fc-a050-3d710ed2b56f]
2025-01-30 18:35:15,810 INFO c.h.h.t.HelmChartContainer - Container [test-hivemq-platform-alpha-tier2-0] [hivemq] [e9f952a6-4e25-46fc-a050-3d710ed2b56f] was terminated
2025-01-30 18:35:15,810 INFO c.h.h.t.HelmChartContainer - Stopped log watcher for hivemq in pod test-hivemq-platform-alpha-tier2-0 [e9f952a6-4e25-46fc-a050-3d710ed2b56f]
2025-01-30 18:35:15,816 INFO c.h.h.t.HelmChartContainer - [test-hivemq-platform] [hivemq] [e9f952a6] INFO  - [HiveMQ Platform Operator Init App 1.7.0-SNAPSHOT] Shutting down
2025-01-30 18:35:15,819 INFO c.h.h.t.HelmChartContainer - [test-hivemq-platform] [hivemq] [e9f952a6] INFO  - [HiveMQ Platform Operator Init App 1.7.0-SNAPSHOT] Stopping the HiveMQ Platform
2025-01-30 18:35:15,908 INFO c.h.h.t.HelmChartContainer - [test-hivemq-platform] [hivemq] [e9f952a6] INFO  - Shutting down HiveMQ. Please wait, this could take a while...
2025-01-30 18:35:15,911 INFO c.h.h.t.HelmChartContainer - [test-hivemq-platform] [hivemq] [e9f952a6] INFO  - Shutting down listeners and clients
2025-01-30 18:35:15,993 INFO c.h.h.t.HelmChartContainer - [test-hivemq-platform] [hivemq] [e9f952a6] INFO  - Shutdown of listeners is done
2025-01-30 18:35:15,994 INFO c.h.h.t.HelmChartContainer - [test-hivemq-platform] [hivemq] [e9f952a6] INFO  - No clients are connected, proceeding with shutdown
2025-01-30 18:35:17,279 INFO c.h.h.t.HelmChartContainer - Release 'test-hivemq-platform-alpha-tier2' in namespace 'customoperatorselectorsit' is uninstalled
2025-01-30 18:35:17,279 INFO c.h.h.t.HelmChartContainer - Uninstalling release 'test-hivemq-platform-alpha-tier3' in namespace 'customoperatorselectorsit'...
2025-01-30 18:35:17,279 DEBUG c.h.h.t.HelmChartContainer - Executing helm command: /bin/helm --kubeconfig /etc/rancher/k3s/k3s.yaml uninstall test-hivemq-platform-alpha-tier3  --wait --timeout 5m0s --cascade foreground --namespace customoperatorselectorsit
2025-01-30 18:35:17,316 INFO c.h.h.t.HelmChartContainer - [test-hivemq-platform] [hivemq] [e9f952a6] INFO  - [HiveMQ Platform Operator Init App 1.7.0-SNAPSHOT] Returning shutdown Health API response 503 for readiness
2025-01-30 18:35:17,321 INFO c.h.h.t.HelmChartContainer - [EVENT] Warning [Unhealthy] Readiness probe failed: HTTP probe failed with statuscode: 503 [customoperatorselectorsit:test-hivemq-platform-alpha-tier2-0]
2025-01-30 18:35:17,321 INFO c.h.h.t.HelmChartContainer - Received Unhealthy event for container hivemq in pod test-hivemq-platform-alpha-tier2-0 [e9f952a6-4e25-46fc-a050-3d710ed2b56f]
2025-01-30 18:35:17,466 INFO c.h.h.t.HelmChartContainer - [hivemq-test-hivemq-platform] [hivemq-platform-operator] [bbb917b4] 18:35:17.464 [pool-6-thread-12] DEBUG c.h.p.o.d.PlatformServiceResource - [customop] Desired Platform services (3 services)
2025-01-30 18:35:17,467 INFO c.h.h.t.HelmChartContainer - [hivemq-test-hivemq-platform] [hivemq-platform-operator] [bbb917b4] 18:35:17.466 [pool-6-thread-5] DEBUG c.h.p.o.dependants.PodInfoConfigMap - [customop] Desired PodInfo ConfigMap (1 extensions) (1 enabled)
2025-01-30 18:35:17,479 INFO c.h.h.t.HelmChartContainer - [hivemq-test-hivemq-platform] [hivemq-platform-operator] [bbb917b4] 18:35:17.473 [pool-6-thread-5] DEBUG c.h.p.o.dependants.PodInfoConfigMap - [customop] Desired PodInfo ConfigMap (metrics port: 9399) (metrics path: /)
2025-01-30 18:35:17,485 INFO c.h.h.t.HelmChartContainer - [hivemq-test-hivemq-platform] [hivemq-platform-operator] [bbb917b4] 18:35:17.473 [pool-6-thread-5] DEBUG c.h.p.o.dependants.PodInfoConfigMap - [customop] Desired PodInfo ConfigMap (extension state hash: -1817474005)
2025-01-30 18:35:17,485 INFO c.h.h.t.HelmChartContainer - [hivemq-test-hivemq-platform] [hivemq-platform-operator] [bbb917b4] 18:35:17.470 [pool-6-thread-16] DEBUG c.h.p.o.d.PodServiceAccountResource - [customop] Desired PodServiceAccountResource (serviceAccountName: hivemq-platform-pod-test-hivemq-platform-alpha-tier3)
2025-01-30 18:35:17,485 INFO c.h.h.t.HelmChartContainer - [hivemq-test-hivemq-platform] [hivemq-platform-operator] [bbb917b4] 18:35:17.478 [pool-6-thread-50] DEBUG c.h.p.o.d.StatefulSetResource - [customop] Desired StatefulSet (1 replicas) for status RUNNING (READY)
2025-01-30 18:35:17,490 INFO c.h.h.t.HelmChartContainer - [hivemq-test-hivemq-platform] [hivemq-platform-operator] [bbb917b4] 18:35:17.482 [ReconcilerExecutor-hivemq-controller-141] INFO  c.h.p.o.HiveMQPlatformReconciler - [customop] Reconciling HiveMQ Platform 'test-hivemq-platform-alpha-tier3' in namespace 'customoperatorselectorsit'
2025-01-30 18:35:17,490 INFO c.h.h.t.HelmChartContainer - [hivemq-test-hivemq-platform] [hivemq-platform-operator] [bbb917b4] 18:35:17.483 [ReconcilerExecutor-hivemq-controller-141] DEBUG c.h.p.o.HiveMQPlatformReconciler - [customop] Custom Resource Status RUNNING - HiveMQ Platform is ready (READY)
2025-01-30 18:35:17,490 INFO c.h.h.t.HelmChartContainer - [hivemq-test-hivemq-platform] [hivemq-platform-operator] [bbb917b4] 18:35:17.483 [ReconcilerExecutor-hivemq-controller-141] DEBUG c.h.p.o.HiveMQPlatformReconciler - [customop] Custom Resource Spec (replicas: 1) (extensions: 1)
2025-01-30 18:35:17,491 INFO c.h.h.t.HelmChartContainer - [hivemq-test-hivemq-platform] [hivemq-platform-operator] [bbb917b4] 18:35:17.483 [ReconcilerExecutor-hivemq-controller-141] WARN  c.h.p.o.h.HiveMQPlatformReconcilerErrorHandler - [customop] Could not find ConfigMap 'hivemq-configuration-test-hivemq-platform-alpha-tier3' for HiveMQ Platform configuration
2025-01-30 18:35:17,638 INFO c.h.h.t.HelmChartContainer - [hivemq-test-hivemq-platform] [hivemq-platform-operator] [bbb917b4] 18:35:17.636 [ReconcilerExecutor-hivemq-controller-141] DEBUG c.h.p.operator.event.EventSender - [customop] Creating K8s event hivemq-platform-invalid-configuration: [Start] Could not find ConfigMap 'hivemq-configuration-test-hivemq-platform-alpha-tier3' for HiveMQ Platform configuration
2025-01-30 18:35:17,641 INFO c.h.h.t.HelmChartContainer - [EVENT] Warning [Start] Could not find ConfigMap 'hivemq-configuration-test-hivemq-platform-alpha-tier3' for HiveMQ Platform configuration [customoperatorselectorsit:test-hivemq-platform-alpha-tier3]
2025-01-30 18:35:17,642 INFO c.h.h.t.HelmChartContainer - [hivemq-test-hivemq-platform] [hivemq-platform-operator] [bbb917b4] 18:35:17.641 [ReconcilerExecutor-hivemq-controller-141] INFO  c.h.p.o.h.AbstractHiveMQReconcilerStateHandler - [customop] Update HiveMQ Platform Status (RUNNING [READY] -> ERROR [INVALID_CONFIG_MAP]): Could not find ConfigMap 'hivemq-configuration-test-hivemq-platform-alpha-tier3' for HiveMQ Platform configuration
2025-01-30 18:35:17,652 INFO c.h.h.t.HelmChartContainer - [hivemq-test-hivemq-platform] [hivemq-platform-operator] [bbb917b4] 18:35:17.649 [ReconcilerExecutor-hivemq-controller-141] ERROR i.j.o.p.event.EventProcessor - Error during event processing ExecutionScope{ resource id: ResourceID{name='test-hivemq-platform-alpha-tier3', namespace='customoperatorselectorsit'}, version: 1474}
2025-01-30 18:35:17,652 INFO c.h.h.t.HelmChartContainer - [hivemq-test-hivemq-platform] [hivemq-platform-operator] [bbb917b4] io.fabric8.kubernetes.client.KubernetesClientException: Failure executing: PUT at: https://10.43.0.1:443/apis/hivemq.com/v1/namespaces/customoperatorselectorsit/hivemq-platforms/test-hivemq-platform-alpha-tier3/status. Message: Operation cannot be fulfilled on hivemq-platforms.hivemq.com "test-hivemq-platform-alpha-tier3": the object has been modified; please apply your changes to the latest version and try again. Received status: Status(apiVersion=v1, code=409, details=StatusDetails(causes=[], group=hivemq.com, kind=hivemq-platforms, name=test-hivemq-platform-alpha-tier3, retryAfterSeconds=null, uid=null, additionalProperties={}), kind=Status, message=Operation cannot be fulfilled on hivemq-platforms.hivemq.com "test-hivemq-platform-alpha-tier3": the object has been modified; please apply your changes to the latest version and try again, metadata=ListMeta(_continue=null, remainingItemCount=null, resourceVersion=null, selfLink=null, additionalProperties={}), reason=Conflict, status=Failure, additionalProperties={}).
2025-01-30 18:35:17,652 INFO c.h.h.t.HelmChartContainer - [hivemq-test-hivemq-platform] [hivemq-platform-operator] [bbb917b4] 	at io.fabric8.kubernetes.client.KubernetesClientException.copyAsCause(KubernetesClientException.java:238)
2025-01-30 18:35:17,652 INFO c.h.h.t.HelmChartContainer - [hivemq-test-hivemq-platform] [hivemq-platform-operator] [bbb917b4] 	at io.fabric8.kubernetes.client.dsl.internal.OperationSupport.waitForResult(OperationSupport.java:507)
2025-01-30 18:35:17,652 INFO c.h.h.t.HelmChartContainer - [hivemq-test-hivemq-platform] [hivemq-platform-operator] [bbb917b4] 	at io.fabric8.kubernetes.client.dsl.internal.OperationSupport.handleResponse(OperationSupport.java:524)
2025-01-30 18:35:17,652 INFO c.h.h.t.HelmChartContainer - [hivemq-test-hivemq-platform] [hivemq-platform-operator] [bbb917b4] 	at io.fabric8.kubernetes.client.dsl.internal.OperationSupport.handleUpdate(OperationSupport.java:358)
2025-01-30 18:35:17,652 INFO c.h.h.t.HelmChartContainer - [hivemq-test-hivemq-platform] [hivemq-platform-operator] [bbb917b4] 	at io.fabric8.kubernetes.client.dsl.internal.BaseOperation.handleUpdate(BaseOperation.java:759)
2025-01-30 18:35:17,652 INFO c.h.h.t.HelmChartContainer - [hivemq-test-hivemq-platform] [hivemq-platform-operator] [bbb917b4] 	at io.fabric8.kubernetes.client.dsl.internal.HasMetadataOperation.update(HasMetadataOperation.java:138)
2025-01-30 18:35:17,652 INFO c.h.h.t.HelmChartContainer - [hivemq-test-hivemq-platform] [hivemq-platform-operator] [bbb917b4] 	at io.fabric8.kubernetes.client.dsl.internal.HasMetadataOperation.update(HasMetadataOperation.java:121)
2025-01-30 18:35:17,652 INFO c.h.h.t.HelmChartContainer - [hivemq-test-hivemq-platform] [hivemq-platform-operator] [bbb917b4] 	at io.fabric8.kubernetes.client.dsl.internal.HasMetadataOperation.updateStatus(HasMetadataOperation.java:126)
2025-01-30 18:35:17,652 INFO c.h.h.t.HelmChartContainer - [hivemq-test-hivemq-platform] [hivemq-platform-operator] [bbb917b4] 	at io.fabric8.kubernetes.client.dsl.internal.HasMetadataOperation.updateStatus(HasMetadataOperation.java:44)
2025-01-30 18:35:17,652 INFO c.h.h.t.HelmChartContainer - [hivemq-test-hivemq-platform] [hivemq-platform-operator] [bbb917b4] 	at io.javaoperatorsdk.operator.processing.event.ReconciliationDispatcher$CustomResourceFacade.updateStatus(ReconciliationDispatcher.java:408)
2025-01-30 18:35:17,652 INFO c.h.h.t.HelmChartContainer - [hivemq-test-hivemq-platform] [hivemq-platform-operator] [bbb917b4] 	at io.javaoperatorsdk.operator.processing.event.ReconciliationDispatcher.updateStatusGenerationAware(ReconciliationDispatcher.java:228)
2025-01-30 18:35:17,656 INFO c.h.h.t.HelmChartContainer - [hivemq-test-hivemq-platform] [hivemq-platform-operator] [bbb917b4] 	at io.javaoperatorsdk.operator.processing.event.ReconciliationDispatcher.reconcileExecution(ReconciliationDispatcher.java:150)
2025-01-30 18:35:17,656 INFO c.h.h.t.HelmChartContainer - [hivemq-test-hivemq-platform] [hivemq-platform-operator] [bbb917b4] 	at io.javaoperatorsdk.operator.processing.event.ReconciliationDispatcher.handleReconcile(ReconciliationDispatcher.java:117)
2025-01-30 18:35:17,656 INFO c.h.h.t.HelmChartContainer - [hivemq-test-hivemq-platform] [hivemq-platform-operator] [bbb917b4] 	at io.javaoperatorsdk.operator.processing.event.ReconciliationDispatcher.handleDispatch(ReconciliationDispatcher.java:91)
2025-01-30 18:35:17,656 INFO c.h.h.t.HelmChartContainer - [hivemq-test-hivemq-platform] [hivemq-platform-operator] [bbb917b4] 	at io.javaoperatorsdk.operator.processing.event.ReconciliationDispatcher.handleExecution(ReconciliationDispatcher.java:64)
2025-01-30 18:35:17,656 INFO c.h.h.t.HelmChartContainer - [hivemq-test-hivemq-platform] [hivemq-platform-operator] [bbb917b4] 	at io.javaoperatorsdk.operator.processing.event.EventProcessor$ReconcilerExecutor.run(EventProcessor.java:452)
2025-01-30 18:35:17,656 INFO c.h.h.t.HelmChartContainer - [hivemq-test-hivemq-platform] [hivemq-platform-operator] [bbb917b4] 	at java.base/java.util.concurrent.ThreadPoolExecutor.runWorker(Unknown Source)
2025-01-30 18:35:17,656 INFO c.h.h.t.HelmChartContainer - [hivemq-test-hivemq-platform] [hivemq-platform-operator] [bbb917b4] 	at java.base/java.util.concurrent.ThreadPoolExecutor$Worker.run(Unknown Source)
2025-01-30 18:35:17,656 INFO c.h.h.t.HelmChartContainer - [hivemq-test-hivemq-platform] [hivemq-platform-operator] [bbb917b4] 	at java.base/java.lang.Thread.run(Unknown Source)
2025-01-30 18:35:17,656 INFO c.h.h.t.HelmChartContainer - [hivemq-test-hivemq-platform] [hivemq-platform-operator] [bbb917b4] Caused by: io.fabric8.kubernetes.client.KubernetesClientException: Failure executing: PUT at: https://10.43.0.1:443/apis/hivemq.com/v1/namespaces/customoperatorselectorsit/hivemq-platforms/test-hivemq-platform-alpha-tier3/status. Message: Operation cannot be fulfilled on hivemq-platforms.hivemq.com "test-hivemq-platform-alpha-tier3": the object has been modified; please apply your changes to the latest version and try again. Received status: Status(apiVersion=v1, code=409, details=StatusDetails(causes=[], group=hivemq.com, kind=hivemq-platforms, name=test-hivemq-platform-alpha-tier3, retryAfterSeconds=null, uid=null, additionalProperties={}), kind=Status, message=Operation cannot be fulfilled on hivemq-platforms.hivemq.com "test-hivemq-platform-alpha-tier3": the object has been modified; please apply your changes to the latest version and try again, metadata=ListMeta(_continue=null, remainingItemCount=null, resourceVersion=null, selfLink=null, additionalProperties={}), reason=Conflict, status=Failure, additionalProperties={}).
2025-01-30 18:35:17,656 INFO c.h.h.t.HelmChartContainer - [hivemq-test-hivemq-platform] [hivemq-platform-operator] [bbb917b4] 	at io.fabric8.kubernetes.client.dsl.internal.OperationSupport.requestFailure(OperationSupport.java:660)
2025-01-30 18:35:17,656 INFO c.h.h.t.HelmChartContainer - [hivemq-test-hivemq-platform] [hivemq-platform-operator] [bbb917b4] 	at io.fabric8.kubernetes.client.dsl.internal.OperationSupport.requestFailure(OperationSupport.java:640)
2025-01-30 18:35:17,656 INFO c.h.h.t.HelmChartContainer - [hivemq-test-hivemq-platform] [hivemq-platform-operator] [bbb917b4] 	at io.fabric8.kubernetes.client.dsl.internal.OperationSupport.assertResponseCode(OperationSupport.java:589)
2025-01-30 18:35:17,656 INFO c.h.h.t.HelmChartContainer - [hivemq-test-hivemq-platform] [hivemq-platform-operator] [bbb917b4] 	at io.fabric8.kubernetes.client.dsl.internal.OperationSupport.lambda$handleResponse$0(OperationSupport.java:549)
2025-01-30 18:35:17,656 INFO c.h.h.t.HelmChartContainer - [hivemq-test-hivemq-platform] [hivemq-platform-operator] [bbb917b4] 	at java.base/java.util.concurrent.CompletableFuture$UniApply.tryFire(Unknown Source)
2025-01-30 18:35:17,656 INFO c.h.h.t.HelmChartContainer - [hivemq-test-hivemq-platform] [hivemq-platform-operator] [bbb917b4] 	at java.base/java.util.concurrent.CompletableFuture.postComplete(Unknown Source)
2025-01-30 18:35:17,656 INFO c.h.h.t.HelmChartContainer - [hivemq-test-hivemq-platform] [hivemq-platform-operator] [bbb917b4] 	at java.base/java.util.concurrent.CompletableFuture.complete(Unknown Source)
2025-01-30 18:35:17,656 INFO c.h.h.t.HelmChartContainer - [hivemq-test-hivemq-platform] [hivemq-platform-operator] [bbb917b4] 	at io.fabric8.kubernetes.client.http.StandardHttpClient.lambda$completeOrCancel$10(StandardHttpClient.java:141)
2025-01-30 18:35:17,656 INFO c.h.h.t.HelmChartContainer - [hivemq-test-hivemq-platform] [hivemq-platform-operator] [bbb917b4] 	at java.base/java.util.concurrent.CompletableFuture.uniWhenComplete(Unknown Source)
2025-01-30 18:35:17,656 INFO c.h.h.t.HelmChartContainer - [hivemq-test-hivemq-platform] [hivemq-platform-operator] [bbb917b4] 	at java.base/java.util.concurrent.CompletableFuture$UniWhenComplete.tryFire(Unknown Source)
2025-01-30 18:35:17,656 INFO c.h.h.t.HelmChartContainer - [hivemq-test-hivemq-platform] [hivemq-platform-operator] [bbb917b4] 	at java.base/java.util.concurrent.CompletableFuture.postComplete(Unknown Source)
2025-01-30 18:35:17,656 INFO c.h.h.t.HelmChartContainer - [hivemq-test-hivemq-platform] [hivemq-platform-operator] [bbb917b4] 	at java.base/java.util.concurrent.CompletableFuture.complete(Unknown Source)
2025-01-30 18:35:17,656 INFO c.h.h.t.HelmChartContainer - [hivemq-test-hivemq-platform] [hivemq-platform-operator] [bbb917b4] 	at io.fabric8.kubernetes.client.http.ByteArrayBodyHandler.onBodyDone(ByteArrayBodyHandler.java:51)
2025-01-30 18:35:17,656 INFO c.h.h.t.HelmChartContainer - [hivemq-test-hivemq-platform] [hivemq-platform-operator] [bbb917b4] 	at java.base/java.util.concurrent.CompletableFuture.uniWhenComplete(Unknown Source)
2025-01-30 18:35:17,656 INFO c.h.h.t.HelmChartContainer - [hivemq-test-hivemq-platform] [hivemq-platform-operator] [bbb917b4] 	at java.base/java.util.concurrent.CompletableFuture$UniWhenComplete.tryFire(Unknown Source)
2025-01-30 18:35:17,656 INFO c.h.h.t.HelmChartContainer - [hivemq-test-hivemq-platform] [hivemq-platform-operator] [bbb917b4] 	at java.base/java.util.concurrent.CompletableFuture.postComplete(Unknown Source)
2025-01-30 18:35:17,656 INFO c.h.h.t.HelmChartContainer - [hivemq-test-hivemq-platform] [hivemq-platform-operator] [bbb917b4] 	at java.base/java.util.concurrent.CompletableFuture.complete(Unknown Source)
2025-01-30 18:35:17,656 INFO c.h.h.t.HelmChartContainer - [hivemq-test-hivemq-platform] [hivemq-platform-operator] [bbb917b4] 	at io.fabric8.kubernetes.client.vertx.VertxHttpRequest.lambda$null$1(VertxHttpRequest.java:121)
2025-01-30 18:35:17,656 INFO c.h.h.t.HelmChartContainer - [hivemq-test-hivemq-platform] [hivemq-platform-operator] [bbb917b4] 	at io.vertx.core.impl.ContextInternal.dispatch(ContextInternal.java:279)
2025-01-30 18:35:17,656 INFO c.h.h.t.HelmChartContainer - [hivemq-test-hivemq-platform] [hivemq-platform-operator] [bbb917b4] 	at io.vertx.core.impl.ContextInternal.dispatch(ContextInternal.java:261)
2025-01-30 18:35:17,656 INFO c.h.h.t.HelmChartContainer - [hivemq-test-hivemq-platform] [hivemq-platform-operator] [bbb917b4] 	at io.vertx.core.http.impl.HttpEventHandler.handleEnd(HttpEventHandler.java:76)
2025-01-30 18:35:17,656 INFO c.h.h.t.HelmChartContainer - [hivemq-test-hivemq-platform] [hivemq-platform-operator] [bbb917b4] 	at io.vertx.core.http.impl.HttpClientResponseImpl.handleEnd(HttpClientResponseImpl.java:250)
2025-01-30 18:35:17,656 INFO c.h.h.t.HelmChartContainer - [hivemq-test-hivemq-platform] [hivemq-platform-operator] [bbb917b4] 	at io.vertx.core.http.impl.Http1xClientConnection$StreamImpl.lambda$new$0(Http1xClientConnection.java:421)
2025-01-30 18:35:17,656 INFO c.h.h.t.HelmChartContainer - [hivemq-test-hivemq-platform] [hivemq-platform-operator] [bbb917b4] 	at io.vertx.core.streams.impl.InboundBuffer.handleEvent(InboundBuffer.java:279)
2025-01-30 18:35:17,656 INFO c.h.h.t.HelmChartContainer - [hivemq-test-hivemq-platform] [hivemq-platform-operator] [bbb917b4] 	at io.vertx.core.streams.impl.InboundBuffer.write(InboundBuffer.java:157)
2025-01-30 18:35:17,656 INFO c.h.h.t.HelmChartContainer - [hivemq-test-hivemq-platform] [hivemq-platform-operator] [bbb917b4] 	at io.vertx.core.http.impl.Http1xClientConnection$StreamImpl.handleEnd(Http1xClientConnection.java:709)
2025-01-30 18:35:17,656 INFO c.h.h.t.HelmChartContainer - [hivemq-test-hivemq-platform] [hivemq-platform-operator] [bbb917b4] 	at io.vertx.core.impl.ContextImpl.lambda$execute$4(ContextImpl.java:315)
2025-01-30 18:35:17,656 INFO c.h.h.t.HelmChartContainer - [hivemq-test-hivemq-platform] [hivemq-platform-operator] [bbb917b4] 	at io.netty.util.concurrent.AbstractEventExecutor.runTask(AbstractEventExecutor.java:173)
2025-01-30 18:35:17,656 INFO c.h.h.t.HelmChartContainer - [hivemq-test-hivemq-platform] [hivemq-platform-operator] [bbb917b4] 	at io.netty.util.concurrent.AbstractEventExecutor.safeExecute(AbstractEventExecutor.java:166)
2025-01-30 18:35:17,656 INFO c.h.h.t.HelmChartContainer - [hivemq-test-hivemq-platform] [hivemq-platform-operator] [bbb917b4] 	at io.netty.util.concurrent.SingleThreadEventExecutor.runAllTasks(SingleThreadEventExecutor.java:472)
2025-01-30 18:35:17,656 INFO c.h.h.t.HelmChartContainer - [hivemq-test-hivemq-platform] [hivemq-platform-operator] [bbb917b4] 	at io.netty.channel.nio.NioEventLoop.run(NioEventLoop.java:569)
2025-01-30 18:35:17,656 INFO c.h.h.t.HelmChartContainer - [hivemq-test-hivemq-platform] [hivemq-platform-operator] [bbb917b4] 	at io.netty.util.concurrent.SingleThreadEventExecutor$4.run(SingleThreadEventExecutor.java:997)
2025-01-30 18:35:17,656 INFO c.h.h.t.HelmChartContainer - [hivemq-test-hivemq-platform] [hivemq-platform-operator] [bbb917b4] 	at io.netty.util.internal.ThreadExecutorMap$2.run(ThreadExecutorMap.java:74)
2025-01-30 18:35:17,656 INFO c.h.h.t.HelmChartContainer - [hivemq-test-hivemq-platform] [hivemq-platform-operator] [bbb917b4] 	at io.netty.util.concurrent.FastThreadLocalRunnable.run(FastThreadLocalRunnable.java:30)
2025-01-30 18:35:17,656 INFO c.h.h.t.HelmChartContainer - [hivemq-test-hivemq-platform] [hivemq-platform-operator] [bbb917b4] 	... 1 common frames omitted
2025-01-30 18:35:17,658 INFO c.h.h.t.HelmChartContainer - [hivemq-test-hivemq-platform] [hivemq-platform-operator] [bbb917b4] 18:35:17.655 [ReconcilerExecutor-hivemq-controller-142] INFO  c.h.p.o.HiveMQPlatformReconciler - [customop] Cleanup test-hivemq-platform-alpha-tier3 - customoperatorselectorsit HiveMQ Platform is shut down
2025-01-30 18:35:17,815 INFO c.h.h.t.HelmChartContainer - [test-hivemq-platform] [hivemq] [e9f952a6] WARN  - [HiveMQ Platform Operator Init App 1.7.0-SNAPSHOT] Could not update Pod annotations: Failure executing: GET at: https://10.43.0.1:443/api/v1/namespaces/customoperatorselectorsit/pods/test-hivemq-platform-alpha-tier2-0. Message: pods "test-hivemq-platform-alpha-tier2-0" is forbidden: User "system:serviceaccount:customoperatorselectorsit:hivemq-platform-pod-test-hivemq-platform-alpha-tier2" cannot get resource "pods" in API group "" in the namespace "customoperatorselectorsit". Received status: Status(apiVersion=v1, code=403, details=StatusDetails(causes=[], group=null, kind=pods, name=test-hivemq-platform-alpha-tier2-0, retryAfterSeconds=null, uid=null, additionalProperties={}), kind=Status, message=pods "test-hivemq-platform-alpha-tier2-0" is forbidden: User "system:serviceaccount:customoperatorselectorsit:hivemq-platform-pod-test-hivemq-platform-alpha-tier2" cannot get resource "pods" in API group "" in the namespace "customoperatorselectorsit", metadata=ListMeta(_continue=null, remainingItemCount=null, resourceVersion=null, selfLink=null, additionalProperties={}), reason=Forbidden, status=Failure, additionalProperties={}).
2025-01-30 18:35:18,016 INFO c.h.h.t.HelmChartContainer - [test-hivemq-platform] [hivemq] [c1a2d939] WARN  - [HiveMQ Platform Operator Init App 1.7.0-SNAPSHOT] Could not update Pod annotations: Failure executing: GET at: https://10.43.0.1:443/api/v1/namespaces/customoperatorselectorsit/pods/test-hivemq-platform-alpha-tier3-0. Message: pods "test-hivemq-platform-alpha-tier3-0" is forbidden: User "system:serviceaccount:customoperatorselectorsit:hivemq-platform-pod-test-hivemq-platform-alpha-tier3" cannot get resource "pods" in API group "" in the namespace "customoperatorselectorsit". Received status: Status(apiVersion=v1, code=403, details=StatusDetails(causes=[], group=null, kind=pods, name=test-hivemq-platform-alpha-tier3-0, retryAfterSeconds=null, uid=null, additionalProperties={}), kind=Status, message=pods "test-hivemq-platform-alpha-tier3-0" is forbidden: User "system:serviceaccount:customoperatorselectorsit:hivemq-platform-pod-test-hivemq-platform-alpha-tier3" cannot get resource "pods" in API group "" in the namespace "customoperatorselectorsit", metadata=ListMeta(_continue=null, remainingItemCount=null, resourceVersion=null, selfLink=null, additionalProperties={}), reason=Forbidden, status=Failure, additionalProperties={}).
2025-01-30 18:35:18,205 INFO c.h.h.t.HelmChartContainer - [EVENT] Normal [Killing] Stopping container hivemq [customoperatorselectorsit:test-hivemq-platform-alpha-tier3-0]
2025-01-30 18:35:18,205 INFO c.h.h.t.HelmChartContainer - Received Killing event for container hivemq in pod test-hivemq-platform-alpha-tier3-0 [c1a2d939-e7af-424e-8c1e-f8b5e5c33867]
2025-01-30 18:35:18,205 INFO c.h.h.t.HelmChartContainer - Container [test-hivemq-platform-alpha-tier3-0] [hivemq] [c1a2d939-e7af-424e-8c1e-f8b5e5c33867] was terminated
2025-01-30 18:35:18,206 INFO c.h.h.t.HelmChartContainer - Stopped log watcher for hivemq in pod test-hivemq-platform-alpha-tier3-0 [c1a2d939-e7af-424e-8c1e-f8b5e5c33867]
2025-01-30 18:35:18,206 INFO c.h.h.t.HelmChartContainer - [POD] test-hivemq-platform-alpha-tier3-0 [c1a2d939-e7af-424e-8c1e-f8b5e5c33867] in customoperatorselectorsit was MODIFIED
2025-01-30 18:35:18,219 INFO c.h.h.t.HelmChartContainer - [test-hivemq-platform] [hivemq] [c1a2d939] INFO  - [HiveMQ Platform Operator Init App 1.7.0-SNAPSHOT] Shutting down
2025-01-30 18:35:18,219 INFO c.h.h.t.HelmChartContainer - [test-hivemq-platform] [hivemq] [c1a2d939] INFO  - [HiveMQ Platform Operator Init App 1.7.0-SNAPSHOT] Stopping the HiveMQ Platform
2025-01-30 18:35:18,312 INFO c.h.h.t.HelmChartContainer - [test-hivemq-platform] [hivemq] [c1a2d939] INFO  - Shutting down HiveMQ. Please wait, this could take a while...
2025-01-30 18:35:18,398 INFO c.h.h.t.HelmChartContainer - [test-hivemq-platform] [hivemq] [c1a2d939] INFO  - Shutting down listeners and clients
2025-01-30 18:35:18,399 INFO c.h.h.t.HelmChartContainer - [test-hivemq-platform] [hivemq] [c1a2d939] INFO  - Shutdown of listeners is done
2025-01-30 18:35:18,400 INFO c.h.h.t.HelmChartContainer - [test-hivemq-platform] [hivemq] [c1a2d939] INFO  - No clients are connected, proceeding with shutdown
2025-01-30 18:35:19,114 INFO c.h.h.t.HelmChartContainer - [test-hivemq-platform] [hivemq] [e9f952a6] INFO  - Shutting down extension system
2025-01-30 18:35:19,116 INFO c.h.h.t.HelmChartContainer - [test-hivemq-platform] [hivemq] [e9f952a6] INFO  - Stopping extension with id hivemq-dns-cluster-discovery
2025-01-30 18:35:19,117 INFO c.h.h.t.HelmChartContainer - [test-hivemq-platform] [hivemq] [e9f952a6] INFO  - Extension "DNS Cluster Discovery Extension" version 4.3.2 stopped successfully.
2025-01-30 18:35:19,118 INFO c.h.h.t.HelmChartContainer - [test-hivemq-platform] [hivemq] [e9f952a6] INFO  - Stopping extension with id hivemq-prometheus-extension
2025-01-30 18:35:19,122 INFO c.h.h.t.HelmChartContainer - [test-hivemq-platform] [hivemq] [e9f952a6] INFO  - Extension "Prometheus Monitoring Extension" version 4.0.12 stopped successfully.
2025-01-30 18:35:19,123 INFO c.h.h.t.HelmChartContainer - [test-hivemq-platform] [hivemq] [e9f952a6] INFO  - Stopping extension with id hivemq-allow-all-extension
2025-01-30 18:35:19,123 INFO c.h.h.t.HelmChartContainer - [test-hivemq-platform] [hivemq] [e9f952a6] INFO  - Extension "Allow All Extension" version 1.1.1 stopped successfully.
2025-01-30 18:35:19,519 INFO c.h.h.t.HelmChartContainer - Deleting namespace 'customoperatorselectorsit'...
2025-01-30 18:35:21,503 INFO c.h.h.t.HelmChartContainer - [test-hivemq-platform] [hivemq] [e9f952a6] INFO  - Shutdown completed.
2025-01-30 18:35:21,851 INFO c.h.h.t.HelmChartContainer - [test-hivemq-platform] [hivemq] [e9f952a6] INFO  - [HiveMQ Platform Operator Init App 1.7.0-SNAPSHOT] The HiveMQ Platform exited with code 143
2025-01-30 18:35:21,851 INFO c.h.h.t.HelmChartContainer - [test-hivemq-platform] [hivemq] [e9f952a6] INFO  - [HiveMQ Platform Operator Init App 1.7.0-SNAPSHOT] Stopping the REST API
2025-01-30 18:35:21,856 INFO c.h.h.t.HelmChartContainer - [test-hivemq-platform] [hivemq] [e9f952a6] INFO  - [HiveMQ Platform Operator Init App 1.7.0-SNAPSHOT] Shutdown complete
2025-01-30 18:35:21,907 INFO c.h.h.t.HelmChartContainer - [test-hivemq-platform] [hivemq] [c1a2d939] INFO  - Shutting down extension system
2025-01-30 18:35:21,910 INFO c.h.h.t.HelmChartContainer - [test-hivemq-platform] [hivemq] [c1a2d939] INFO  - Stopping extension with id hivemq-dns-cluster-discovery
2025-01-30 18:35:21,910 INFO c.h.h.t.HelmChartContainer - [test-hivemq-platform] [hivemq] [c1a2d939] INFO  - Extension "DNS Cluster Discovery Extension" version 4.3.2 stopped successfully.
2025-01-30 18:35:21,910 INFO c.h.h.t.HelmChartContainer - [test-hivemq-platform] [hivemq] [c1a2d939] INFO  - Stopping extension with id hivemq-prometheus-extension
2025-01-30 18:35:21,914 INFO c.h.h.t.HelmChartContainer - [test-hivemq-platform] [hivemq] [c1a2d939] INFO  - Extension "Prometheus Monitoring Extension" version 4.0.12 stopped successfully.
2025-01-30 18:35:21,915 INFO c.h.h.t.HelmChartContainer - [test-hivemq-platform] [hivemq] [c1a2d939] INFO  - Stopping extension with id hivemq-allow-all-extension
2025-01-30 18:35:21,915 INFO c.h.h.t.HelmChartContainer - [test-hivemq-platform] [hivemq] [c1a2d939] INFO  - Extension "Allow All Extension" version 1.1.1 stopped successfully.
2025-01-30 18:35:22,350 INFO c.h.h.t.HelmChartContainer - [POD] test-hivemq-platform-alpha-tier2-0 [e9f952a6-4e25-46fc-a050-3d710ed2b56f] in customoperatorselectorsit was MODIFIED
2025-01-30 18:35:22,351 INFO c.h.h.t.HelmChartContainer - [K3S] [stateful_set.go:438] "Unhandled Error" err="error syncing StatefulSet customoperatorselectorsit/test-hivemq-platform-alpha-tier2, requeuing: controllerrevisions.apps \"test-hivemq-platform-alpha-tier2-5888b5495b\" is forbidden: unable to create new content in namespace customoperatorselectorsit because it is being terminated"
2025-01-30 18:35:22,359 INFO c.h.h.t.HelmChartContainer - [K3S] [stateful_set.go:438] "Unhandled Error" err="error syncing StatefulSet customoperatorselectorsit/test-hivemq-platform-alpha-tier2, requeuing: controllerrevisions.apps \"test-hivemq-platform-alpha-tier2-5888b5495b\" is forbidden: unable to create new content in namespace customoperatorselectorsit because it is being terminated"
2025-01-30 18:35:22,372 INFO c.h.h.t.HelmChartContainer - [K3S] [stateful_set.go:438] "Unhandled Error" err="error syncing StatefulSet customoperatorselectorsit/test-hivemq-platform-alpha-tier2, requeuing: controllerrevisions.apps \"test-hivemq-platform-alpha-tier2-5888b5495b\" is forbidden: unable to create new content in namespace customoperatorselectorsit because it is being terminated"
2025-01-30 18:35:22,395 INFO c.h.h.t.HelmChartContainer - [K3S] [stateful_set.go:438] "Unhandled Error" err="error syncing StatefulSet customoperatorselectorsit/test-hivemq-platform-alpha-tier2, requeuing: controllerrevisions.apps \"test-hivemq-platform-alpha-tier2-5888b5495b\" is forbidden: unable to create new content in namespace customoperatorselectorsit because it is being terminated"
2025-01-30 18:35:22,421 INFO c.h.h.t.HelmChartContainer - [test-hivemq-platform] [hivemq] [c1a2d939] INFO  - [HiveMQ Platform Operator Init App 1.7.0-SNAPSHOT] Returning shutdown Health API response 503 for readiness
2025-01-30 18:35:22,425 INFO c.h.h.t.HelmChartContainer - [EVENT] Warning [Unhealthy] Readiness probe failed: HTTP probe failed with statuscode: 503 [customoperatorselectorsit:test-hivemq-platform-alpha-tier3-0]
2025-01-30 18:35:22,425 INFO c.h.h.t.HelmChartContainer - Received Unhealthy event for container hivemq in pod test-hivemq-platform-alpha-tier3-0 [c1a2d939-e7af-424e-8c1e-f8b5e5c33867]
2025-01-30 18:35:22,438 INFO c.h.h.t.HelmChartContainer - [K3S] [stateful_set.go:438] "Unhandled Error" err="error syncing StatefulSet customoperatorselectorsit/test-hivemq-platform-alpha-tier2, requeuing: controllerrevisions.apps \"test-hivemq-platform-alpha-tier2-5888b5495b\" is forbidden: unable to create new content in namespace customoperatorselectorsit because it is being terminated"
2025-01-30 18:35:22,465 INFO c.h.h.t.HelmChartContainer - [K3S] [reconciler_common.go:162] "operationExecutor.UnmountVolume started for volume \"operator-init\" (UniqueName: \"kubernetes.io/empty-dir/e9f952a6-4e25-46fc-a050-3d710ed2b56f-operator-init\") pod \"e9f952a6-4e25-46fc-a050-3d710ed2b56f\" (UID: \"e9f952a6-4e25-46fc-a050-3d710ed2b56f\") "
2025-01-30 18:35:22,466 INFO c.h.h.t.HelmChartContainer - [K3S] [reconciler_common.go:162] "operationExecutor.UnmountVolume started for volume \"broker-configuration\" (UniqueName: \"kubernetes.io/configmap/e9f952a6-4e25-46fc-a050-3d710ed2b56f-broker-configuration\") pod \"e9f952a6-4e25-46fc-a050-3d710ed2b56f\" (UID: \"e9f952a6-4e25-46fc-a050-3d710ed2b56f\") "
2025-01-30 18:35:22,466 INFO c.h.h.t.HelmChartContainer - [K3S] [reconciler_common.go:162] "operationExecutor.UnmountVolume started for volume \"kube-api-access-vjq66\" (UniqueName: \"kubernetes.io/projected/e9f952a6-4e25-46fc-a050-3d710ed2b56f-kube-api-access-vjq66\") pod \"e9f952a6-4e25-46fc-a050-3d710ed2b56f\" (UID: \"e9f952a6-4e25-46fc-a050-3d710ed2b56f\") "
2025-01-30 18:35:22,466 INFO c.h.h.t.HelmChartContainer - [K3S] [reconciler_common.go:162] "operationExecutor.UnmountVolume started for volume \"pod-info\" (UniqueName: \"kubernetes.io/configmap/e9f952a6-4e25-46fc-a050-3d710ed2b56f-pod-info\") pod \"e9f952a6-4e25-46fc-a050-3d710ed2b56f\" (UID: \"e9f952a6-4e25-46fc-a050-3d710ed2b56f\") "
2025-01-30 18:35:22,521 INFO c.h.h.t.HelmChartContainer - [K3S] [stateful_set.go:438] "Unhandled Error" err="error syncing StatefulSet customoperatorselectorsit/test-hivemq-platform-alpha-tier2, requeuing: controllerrevisions.apps \"test-hivemq-platform-alpha-tier2-5888b5495b\" is forbidden: unable to create new content in namespace customoperatorselectorsit because it is being terminated"
2025-01-30 18:35:22,567 INFO c.h.h.t.HelmChartContainer - [K3S] [reconciler_common.go:299] "Volume detached for volume \"operator-init\" (UniqueName: \"kubernetes.io/empty-dir/e9f952a6-4e25-46fc-a050-3d710ed2b56f-operator-init\") on node \"b99e65a4204c\" DevicePath \"\""
2025-01-30 18:35:22,567 INFO c.h.h.t.HelmChartContainer - [K3S] [reconciler_common.go:299] "Volume detached for volume \"broker-configuration\" (UniqueName: \"kubernetes.io/configmap/e9f952a6-4e25-46fc-a050-3d710ed2b56f-broker-configuration\") on node \"b99e65a4204c\" DevicePath \"\""
2025-01-30 18:35:22,567 INFO c.h.h.t.HelmChartContainer - [K3S] [reconciler_common.go:299] "Volume detached for volume \"kube-api-access-vjq66\" (UniqueName: \"kubernetes.io/projected/e9f952a6-4e25-46fc-a050-3d710ed2b56f-kube-api-access-vjq66\") on node \"b99e65a4204c\" DevicePath \"\""
2025-01-30 18:35:22,567 INFO c.h.h.t.HelmChartContainer - [K3S] [reconciler_common.go:299] "Volume detached for volume \"pod-info\" (UniqueName: \"kubernetes.io/configmap/e9f952a6-4e25-46fc-a050-3d710ed2b56f-pod-info\") on node \"b99e65a4204c\" DevicePath \"\""
2025-01-30 18:35:22,686 INFO c.h.h.t.HelmChartContainer - [K3S] [stateful_set.go:438] "Unhandled Error" err="error syncing StatefulSet customoperatorselectorsit/test-hivemq-platform-alpha-tier2, requeuing: controllerrevisions.apps \"test-hivemq-platform-alpha-tier2-5888b5495b\" is forbidden: unable to create new content in namespace customoperatorselectorsit because it is being terminated"
2025-01-30 18:35:23,010 INFO c.h.h.t.HelmChartContainer - [K3S] [stateful_set.go:438] "Unhandled Error" err="error syncing StatefulSet customoperatorselectorsit/test-hivemq-platform-alpha-tier2, requeuing: controllerrevisions.apps \"test-hivemq-platform-alpha-tier2-5888b5495b\" is forbidden: unable to create new content in namespace customoperatorselectorsit because it is being terminated"
2025-01-30 18:35:23,020 INFO c.h.h.t.HelmChartContainer - [K3S] [authentication.go:74] "Unable to authenticate the request" err="[invalid bearer token, serviceaccounts \"hivemq-platform-pod-test-hivemq-platform-alpha-tier3\" not found]"
2025-01-30 18:35:23,039 INFO c.h.h.t.HelmChartContainer - [K3S] [authentication.go:74] "Unable to authenticate the request" err="[invalid bearer token, serviceaccounts \"hivemq-platform-pod-test-hivemq-platform-alpha-tier3\" not found]"
2025-01-30 18:35:23,041 INFO c.h.h.t.HelmChartContainer - [test-hivemq-platform] [hivemq] [c1a2d939] WARN  - [HiveMQ Platform Operator Init App 1.7.0-SNAPSHOT] Could not update Pod annotations: Failure executing: GET at: https://10.43.0.1:443/api/v1/namespaces/customoperatorselectorsit/pods/test-hivemq-platform-alpha-tier3-0. Message: Unauthorized. Received status: Status(apiVersion=v1, code=401, details=null, kind=Status, message=Unauthorized, metadata=ListMeta(_continue=null, remainingItemCount=null, resourceVersion=null, selfLink=null, additionalProperties={}), reason=Unauthorized, status=Failure, additionalProperties={}).
2025-01-30 18:35:23,127 INFO c.h.h.t.HelmChartContainer - [K3S] [scope.go:117] "RemoveContainer" containerID="be01475327dce331f5a9ab53ce8e6c27dec8d333c8007b9e1abd4f65de068d91"
2025-01-30 18:35:23,143 INFO c.h.h.t.HelmChartContainer - [POD] test-hivemq-platform-alpha-tier2-0 [e9f952a6-4e25-46fc-a050-3d710ed2b56f] in customoperatorselectorsit was MODIFIED
2025-01-30 18:35:23,144 INFO c.h.h.t.HelmChartContainer - [K3S] [stateful_set.go:438] "Unhandled Error" err="error syncing StatefulSet customoperatorselectorsit/test-hivemq-platform-alpha-tier2, requeuing: controllerrevisions.apps \"test-hivemq-platform-alpha-tier2-5888b5495b\" is forbidden: unable to create new content in namespace customoperatorselectorsit because it is being terminated"
2025-01-30 18:35:23,147 INFO c.h.h.t.HelmChartContainer - [POD] test-hivemq-platform-alpha-tier2-0 [e9f952a6-4e25-46fc-a050-3d710ed2b56f] in customoperatorselectorsit was DELETED
2025-01-30 18:35:23,147 INFO c.h.h.t.HelmChartContainer - [K3S] [stateful_set.go:438] "Unhandled Error" err="error syncing StatefulSet customoperatorselectorsit/test-hivemq-platform-alpha-tier2, requeuing: controllerrevisions.apps \"test-hivemq-platform-alpha-tier2-5888b5495b\" is forbidden: unable to create new content in namespace customoperatorselectorsit because it is being terminated"
2025-01-30 18:35:23,159 INFO c.h.h.t.HelmChartContainer - [K3S] [stateful_set.go:466] "StatefulSet has been deleted" key="customoperatorselectorsit/test-hivemq-platform-alpha-tier2"
2025-01-30 18:35:23,231 INFO c.h.h.t.HelmChartContainer - [K3S] [scope.go:117] "RemoveContainer" containerID="cd789d20380ee46a1d3164692bc1ab83b7df3731eade8632cb12888a8de2d67d"
2025-01-30 18:35:23,235 INFO c.h.h.t.HelmChartContainer - [K3S] [scope.go:117] "RemoveContainer" containerID="be01475327dce331f5a9ab53ce8e6c27dec8d333c8007b9e1abd4f65de068d91"
2025-01-30 18:35:23,235 INFO c.h.h.t.HelmChartContainer - [K3S] [scope.go:117] "RemoveContainer" containerID="cd789d20380ee46a1d3164692bc1ab83b7df3731eade8632cb12888a8de2d67d"
2025-01-30 18:35:23,410 INFO c.h.h.t.HelmChartContainer - [K3S] [kubelet_volumes.go:163] "Cleaned up orphaned pod volumes dir" podUID="e9f952a6-4e25-46fc-a050-3d710ed2b56f" path="/var/lib/kubelet/pods/e9f952a6-4e25-46fc-a050-3d710ed2b56f/volumes"
2025-01-30 18:35:23,652 INFO c.h.h.t.HelmChartContainer - [K3S] [stateful_set.go:466] "StatefulSet has been deleted" key="customoperatorselectorsit/test-hivemq-platform-alpha-tier2"
2025-01-30 18:35:24,199 INFO c.h.h.t.HelmChartContainer - [test-hivemq-platform] [hivemq] [c1a2d939] INFO  - Shutdown completed.
2025-01-30 18:35:24,546 INFO c.h.h.t.HelmChartContainer - [K3S] [stateful_set.go:466] "StatefulSet has been deleted" key="customoperatorselectorsit/test-hivemq-platform-alpha-tier3"
2025-01-30 18:35:24,556 INFO c.h.h.t.HelmChartContainer - [test-hivemq-platform] [hivemq] [c1a2d939] INFO  - [HiveMQ Platform Operator Init App 1.7.0-SNAPSHOT] The HiveMQ Platform exited with code 143
2025-01-30 18:35:24,556 INFO c.h.h.t.HelmChartContainer - [test-hivemq-platform] [hivemq] [c1a2d939] INFO  - [HiveMQ Platform Operator Init App 1.7.0-SNAPSHOT] Stopping the REST API
2025-01-30 18:35:24,600 INFO c.h.h.t.HelmChartContainer - [test-hivemq-platform] [hivemq] [c1a2d939] INFO  - [HiveMQ Platform Operator Init App 1.7.0-SNAPSHOT] Shutdown complete
2025-01-30 18:35:25,060 INFO c.h.h.t.HelmChartContainer - [POD] test-hivemq-platform-alpha-tier3-0 [c1a2d939-e7af-424e-8c1e-f8b5e5c33867] in customoperatorselectorsit was MODIFIED
2025-01-30 18:35:25,132 INFO c.h.h.t.HelmChartContainer - [K3S] [scope.go:117] "RemoveContainer" containerID="cf261bd5307ae79975aa034582ecbde3a6bbe190ce81b68f95cb0bb96df300cd"
2025-01-30 18:35:25,181 INFO c.h.h.t.HelmChartContainer - [K3S] [reconciler_common.go:162] "operationExecutor.UnmountVolume started for volume \"operator-init\" (UniqueName: \"kubernetes.io/empty-dir/c1a2d939-e7af-424e-8c1e-f8b5e5c33867-operator-init\") pod \"c1a2d939-e7af-424e-8c1e-f8b5e5c33867\" (UID: \"c1a2d939-e7af-424e-8c1e-f8b5e5c33867\") "
2025-01-30 18:35:25,181 INFO c.h.h.t.HelmChartContainer - [K3S] [reconciler_common.go:162] "operationExecutor.UnmountVolume started for volume \"pod-info\" (UniqueName: \"kubernetes.io/configmap/c1a2d939-e7af-424e-8c1e-f8b5e5c33867-pod-info\") pod \"c1a2d939-e7af-424e-8c1e-f8b5e5c33867\" (UID: \"c1a2d939-e7af-424e-8c1e-f8b5e5c33867\") "
2025-01-30 18:35:25,181 INFO c.h.h.t.HelmChartContainer - [K3S] [reconciler_common.go:162] "operationExecutor.UnmountVolume started for volume \"broker-configuration\" (UniqueName: \"kubernetes.io/configmap/c1a2d939-e7af-424e-8c1e-f8b5e5c33867-broker-configuration\") pod \"c1a2d939-e7af-424e-8c1e-f8b5e5c33867\" (UID: \"c1a2d939-e7af-424e-8c1e-f8b5e5c33867\") "
2025-01-30 18:35:25,182 INFO c.h.h.t.HelmChartContainer - [K3S] [reconciler_common.go:162] "operationExecutor.UnmountVolume started for volume \"kube-api-access-6mr4x\" (UniqueName: \"kubernetes.io/projected/c1a2d939-e7af-424e-8c1e-f8b5e5c33867-kube-api-access-6mr4x\") pod \"c1a2d939-e7af-424e-8c1e-f8b5e5c33867\" (UID: \"c1a2d939-e7af-424e-8c1e-f8b5e5c33867\") "
2025-01-30 18:35:25,224 INFO c.h.h.t.HelmChartContainer - [K3S] [scope.go:117] "RemoveContainer" containerID="e94366e44e36910541f9b53d5b96d838314172110c8a846f0a2be598f3591358"
2025-01-30 18:35:25,227 INFO c.h.h.t.HelmChartContainer - [K3S] [scope.go:117] "RemoveContainer" containerID="cf261bd5307ae79975aa034582ecbde3a6bbe190ce81b68f95cb0bb96df300cd"
2025-01-30 18:35:25,227 INFO c.h.h.t.HelmChartContainer - [K3S] [scope.go:117] "RemoveContainer" containerID="e94366e44e36910541f9b53d5b96d838314172110c8a846f0a2be598f3591358"
2025-01-30 18:35:25,281 INFO c.h.h.t.HelmChartContainer - [K3S] [reconciler_common.go:299] "Volume detached for volume \"operator-init\" (UniqueName: \"kubernetes.io/empty-dir/c1a2d939-e7af-424e-8c1e-f8b5e5c33867-operator-init\") on node \"b99e65a4204c\" DevicePath \"\""
2025-01-30 18:35:25,282 INFO c.h.h.t.HelmChartContainer - [K3S] [reconciler_common.go:299] "Volume detached for volume \"pod-info\" (UniqueName: \"kubernetes.io/configmap/c1a2d939-e7af-424e-8c1e-f8b5e5c33867-pod-info\") on node \"b99e65a4204c\" DevicePath \"\""
2025-01-30 18:35:25,282 INFO c.h.h.t.HelmChartContainer - [K3S] [reconciler_common.go:299] "Volume detached for volume \"broker-configuration\" (UniqueName: \"kubernetes.io/configmap/c1a2d939-e7af-424e-8c1e-f8b5e5c33867-broker-configuration\") on node \"b99e65a4204c\" DevicePath \"\""
2025-01-30 18:35:25,282 INFO c.h.h.t.HelmChartContainer - [K3S] [reconciler_common.go:299] "Volume detached for volume \"kube-api-access-6mr4x\" (UniqueName: \"kubernetes.io/projected/c1a2d939-e7af-424e-8c1e-f8b5e5c33867-kube-api-access-6mr4x\") on node \"b99e65a4204c\" DevicePath \"\""
2025-01-30 18:35:25,441 INFO c.h.h.t.HelmChartContainer - [POD] test-hivemq-platform-alpha-tier3-0 [c1a2d939-e7af-424e-8c1e-f8b5e5c33867] in customoperatorselectorsit was MODIFIED
2025-01-30 18:35:25,443 INFO c.h.h.t.HelmChartContainer - [POD] test-hivemq-platform-alpha-tier3-0 [c1a2d939-e7af-424e-8c1e-f8b5e5c33867] in customoperatorselectorsit was DELETED
2025-01-30 18:35:27,409 INFO c.h.h.t.HelmChartContainer - [K3S] [kubelet_volumes.go:163] "Cleaned up orphaned pod volumes dir" podUID="c1a2d939-e7af-424e-8c1e-f8b5e5c33867" path="/var/lib/kubelet/pods/c1a2d939-e7af-424e-8c1e-f8b5e5c33867/volumes"
2025-01-30 18:35:29,852 INFO c.h.h.t.HelmChartContainer - Namespace 'customoperatorselectorsit' deleted
2025-01-30 18:35:29,852 INFO c.h.h.t.HelmChartContainer - Release 'test-hivemq-platform-alpha-tier3' in namespace 'customoperatorselectorsit' is uninstalled
2025-01-30 18:35:29,853 INFO c.h.h.t.HelmChartContainer - Uninstalling release 'test-hivemq-platform-operator' in namespace 'customoperatorselectorsit-operator'...
2025-01-30 18:35:29,853 DEBUG c.h.h.t.HelmChartContainer - Executing helm command: /bin/helm --kubeconfig /etc/rancher/k3s/k3s.yaml uninstall test-hivemq-platform-operator  --wait --timeout 5m0s --cascade foreground --namespace customoperatorselectorsit-operator
2025-01-30 18:35:30,032 INFO c.h.h.t.HelmChartContainer - [K3S] [replica_set.go:679] "Finished syncing" kind="ReplicaSet" key="customoperatorselectorsit-operator/hivemq-test-hivemq-platform-operator-7bd74f84c" duration="9.609271ms"
2025-01-30 18:35:30,037 INFO c.h.h.t.HelmChartContainer - [K3S] [replica_set.go:679] "Finished syncing" kind="ReplicaSet" key="customoperatorselectorsit-operator/hivemq-test-hivemq-platform-operator-7bd74f84c" duration="155.769µs"
2025-01-30 18:35:30,052 INFO c.h.h.t.HelmChartContainer - [POD] hivemq-test-hivemq-platform-operator-7bd74f84c-dhc7r [bbb917b4-7597-4ee2-a095-ef1c6703fc3d] in customoperatorselectorsit-operator was MODIFIED
2025-01-30 18:35:30,059 INFO c.h.h.t.HelmChartContainer - [EVENT] Normal [Killing] Stopping container hivemq-platform-operator [customoperatorselectorsit-operator:hivemq-test-hivemq-platform-operator-7bd74f84c-dhc7r]
2025-01-30 18:35:30,059 INFO c.h.h.t.HelmChartContainer - Received Killing event for container hivemq-platform-operator in pod hivemq-test-hivemq-platform-operator-7bd74f84c-dhc7r [bbb917b4-7597-4ee2-a095-ef1c6703fc3d]
2025-01-30 18:35:30,059 INFO c.h.h.t.HelmChartContainer - Container [hivemq-test-hivemq-platform-operator-7bd74f84c-dhc7r] [hivemq-platform-operator] [bbb917b4-7597-4ee2-a095-ef1c6703fc3d] was terminated
2025-01-30 18:35:30,059 INFO c.h.h.t.HelmChartContainer - Stopped log watcher for hivemq-platform-operator in pod hivemq-test-hivemq-platform-operator-7bd74f84c-dhc7r [bbb917b4-7597-4ee2-a095-ef1c6703fc3d]
2025-01-30 18:35:30,062 INFO c.h.h.t.HelmChartContainer - [K3S] [replica_set.go:679] "Finished syncing" kind="ReplicaSet" key="customoperatorselectorsit-operator/hivemq-test-hivemq-platform-operator-7bd74f84c" duration="8.535613ms"
2025-01-30 18:35:30,062 INFO c.h.h.t.HelmChartContainer - [K3S] [replica_set.go:679] "Finished syncing" kind="ReplicaSet" key="customoperatorselectorsit-operator/hivemq-test-hivemq-platform-operator-7bd74f84c" duration="41.236µs"
2025-01-30 18:35:30,065 INFO c.h.h.t.HelmChartContainer - [hivemq-test-hivemq-platform] [hivemq-platform-operator] [bbb917b4] 18:35:30.063 [application-shutdown-thread] INFO  c.h.p.o.HiveMQPlatformOperatorApplication - HiveMQ Platform Operator is stopping...
2025-01-30 18:35:30,065 INFO c.h.h.t.HelmChartContainer - [hivemq-test-hivemq-platform] [hivemq-platform-operator] [bbb917b4] 18:35:30.063 [application-shutdown-thread] INFO  i.javaoperatorsdk.operator.Operator - Operator SDK 4.9.7 is shutting down...
2025-01-30 18:35:30,574 INFO c.h.h.t.HelmChartContainer - [K3S] [replica_set.go:679] "Finished syncing" kind="ReplicaSet" key="customoperatorselectorsit-operator/hivemq-test-hivemq-platform-operator-7bd74f84c" duration="39.774µs"
2025-01-30 18:35:30,574 INFO c.h.h.t.HelmChartContainer - [POD] hivemq-test-hivemq-platform-operator-7bd74f84c-dhc7r [bbb917b4-7597-4ee2-a095-ef1c6703fc3d] in customoperatorselectorsit-operator was MODIFIED
2025-01-30 18:35:30,709 INFO c.h.h.t.HelmChartContainer - [K3S] [reconciler_common.go:162] "operationExecutor.UnmountVolume started for volume \"kube-api-access-6r8bd\" (UniqueName: \"kubernetes.io/projected/bbb917b4-7597-4ee2-a095-ef1c6703fc3d-kube-api-access-6r8bd\") pod \"bbb917b4-7597-4ee2-a095-ef1c6703fc3d\" (UID: \"bbb917b4-7597-4ee2-a095-ef1c6703fc3d\") "
2025-01-30 18:35:30,810 INFO c.h.h.t.HelmChartContainer - [K3S] [reconciler_common.go:299] "Volume detached for volume \"kube-api-access-6r8bd\" (UniqueName: \"kubernetes.io/projected/bbb917b4-7597-4ee2-a095-ef1c6703fc3d-kube-api-access-6r8bd\") on node \"b99e65a4204c\" DevicePath \"\""
2025-01-30 18:35:31,143 INFO c.h.h.t.HelmChartContainer - [K3S] [scope.go:117] "RemoveContainer" containerID="76f133978f25588f3a18bf83763d44b882cc5c7b816ae7a7f4d23fa21a806c6d"
2025-01-30 18:35:31,146 INFO c.h.h.t.HelmChartContainer - [K3S] [scope.go:117] "RemoveContainer" containerID="76f133978f25588f3a18bf83763d44b882cc5c7b816ae7a7f4d23fa21a806c6d"
2025-01-30 18:35:31,154 INFO c.h.h.t.HelmChartContainer - [K3S] [replica_set.go:679] "Finished syncing" kind="ReplicaSet" key="customoperatorselectorsit-operator/hivemq-test-hivemq-platform-operator-7bd74f84c" duration="47.388µs"
2025-01-30 18:35:31,155 INFO c.h.h.t.HelmChartContainer - [POD] hivemq-test-hivemq-platform-operator-7bd74f84c-dhc7r [bbb917b4-7597-4ee2-a095-ef1c6703fc3d] in customoperatorselectorsit-operator was MODIFIED
2025-01-30 18:35:31,157 INFO c.h.h.t.HelmChartContainer - [POD] hivemq-test-hivemq-platform-operator-7bd74f84c-dhc7r [bbb917b4-7597-4ee2-a095-ef1c6703fc3d] in customoperatorselectorsit-operator was DELETED
2025-01-30 18:35:31,157 INFO c.h.h.t.HelmChartContainer - [K3S] [replica_set.go:679] "Finished syncing" kind="ReplicaSet" key="customoperatorselectorsit-operator/hivemq-test-hivemq-platform-operator-7bd74f84c" duration="47.8µs"
2025-01-30 18:35:31,170 INFO c.h.h.t.HelmChartContainer - [K3S] [replica_set.go:679] "Finished syncing" kind="ReplicaSet" key="customoperatorselectorsit-operator/hivemq-test-hivemq-platform-operator-7bd74f84c" duration="6.933µs"
2025-01-30 18:35:31,409 INFO c.h.h.t.HelmChartContainer - [K3S] [kubelet_volumes.go:163] "Cleaned up orphaned pod volumes dir" podUID="bbb917b4-7597-4ee2-a095-ef1c6703fc3d" path="/var/lib/kubelet/pods/bbb917b4-7597-4ee2-a095-ef1c6703fc3d/volumes"
2025-01-30 18:35:32,075 INFO c.h.h.t.HelmChartContainer - Deleting namespace 'customoperatorselectorsit-operator'...
2025-01-30 18:35:34,822 INFO c.h.h.t.HelmChartContainer - [K3S] [namespace_controller.go:187] "Namespace has been deleted" namespace="customoperatorselectorsit"
2025-01-30 18:35:37,294 INFO c.h.h.t.HelmChartContainer - Namespace 'customoperatorselectorsit-operator' deleted
2025-01-30 18:35:37,294 INFO c.h.h.t.HelmChartContainer - Release 'test-hivemq-platform-operator' in namespace 'customoperatorselectorsit-operator' is uninstalled
2025-01-30 18:35:37,942 INFO c.h.helmcharts.AbstractHelmChartIT - Removed unused containers:

2025-01-30 18:35:42,206 INFO c.h.h.t.HelmChartContainer - [K3S] [namespace_controller.go:187] "Namespace has been deleted" namespace="customoperatorselectorsit-operator"
2025-01-30 18:35:47,139 INFO c.h.helmcharts.AbstractHelmChartIT - Removed unused snapshots:
Removing snapshot sha256:03af251906410714c5aef9fa705b63f6bbc39c4a5e787de7361eeb18886c2ed2
Removing snapshot sha256:0c46b3b43cce082ce5ec34ffc6c294e0417d17b9d1e6f366d114b6aadc4f96dc
Removing snapshot sha256:0ce761beee59082d6ed5bcebd3a805b8ddd9b3426b617e4809e7fb7c6587ffec
Removing snapshot sha256:0df91287303208332c8ff6ba40ae4710105201739addbfbddfb955f1ad593664
Removing snapshot sha256:1021ef88c7974bfff89c5a0ec4fd3160daac6c48a075f74cff721f85dd104e68
Removing snapshot sha256:10aba4953ddc18145dd38e3704709bc464aa20af60b56fe52caaff4b68411e62
Removing snapshot sha256:1d5cf3e3eb812061f06c49abff02b68d81953942566ded85fcc9c1f47b13186a
Removing snapshot sha256:2573e0d8158209ed54ab25c87bcdcb00bd3d2539246960a3d592a1c599d70465
Removing snapshot sha256:2944c0692f0b3f4c958b09e4bf315ac3616ed274898af04494fcd963a879bca5
Removing snapshot sha256:362a8a37f8bbc31925a8146adcf7cf51f9882f5c1dcbef67c5baa03a297543c0
Removing snapshot sha256:3fa4ad33f0ddc8fd45b39b6b4640f82a3a83619606cd975bfe89d8710ad2d4cd
Removing snapshot sha256:43a7c979bbaba6838bc3102d6b10a1459f3ab050b87ccdfef84ef90cf43d3058
Removing snapshot sha256:4ab04491cdf0d3267f08206fe30bd48f49f94b9cab2f016d6739220f722a64af
Removing snapshot sha256:4b6068250e89c96f263060261819c7d912855bfbd64b3eb4c4a8483299b8c295
Removing snapshot sha256:580e69a0a8034ede1921139bbd2bfb72a69ebf276d008281896c32dd8bf74775
Removing snapshot sha256:5a3228bf75a16fc5ec5b3d4ca301ab7ef2ca3bc2a3e8bf0a02733adfe43e5980
Removing snapshot sha256:5d30ba46b27fe37484567ccc5242cadc78217b8da605f3f195ef25cbf7487904
Removing snapshot sha256:63ca1fbb43ae5034640e5e6cb3e083e05c290072c5366fcaa9d62435a4cced85
Removing snapshot sha256:66140dc7271ceb0a9b5e521509e7d96b916d4182681f723881bfae89675de7f6
Removing snapshot sha256:67f702c6baae873bceb19487c8b1f27bd2b86077e4f2f0e480e6d60ab508b8f5
Removing snapshot sha256:6864348dd42806d552efdec384f1274be15e2d0c10ce44c1f04347af004c10a9
Removing snapshot sha256:6c7dee8f2c39b84b7dc2711c01d33de93514d9055499173e9290176fbe484b6c
Removing snapshot sha256:82753493a6d61ded36556292f02f31841a14c20d2f279f19eaad65afb661d5cd
Removing snapshot sha256:8a10d3db42c505ee0fcfa98417bdd7e39b304f6bcc0a06bb1b220797ff2cc63c
Removing snapshot sha256:8bd9d778dd3aef4d3b4c77ee426be03092ca88acfd9bcf279d0631dd96d6df44
Removing snapshot sha256:8eed3c0b435850e9a00be0139a9a847ca108037e5fa832424a4e194c78ba59c4
Removing snapshot sha256:9b6f048201798a9c57b6316cb427a1e0aeb399d74aa15ca9e1519e77e2a2269e
Removing snapshot sha256:a0904247e36a7726c03c71ee48f3e64462021c88dafeb13f37fdaf613b27f11c
Removing snapshot sha256:a21e5b12dbac529ad45d976eb9ce45c881f3bedcc500fb30aba1e52aa1813418
Removing snapshot sha256:ab252baf4e5de5aaea9ee70236e159dbf16fd0a2394f5e27a579881aadfd4f49
Removing snapshot sha256:b16db946d5ec56a29087f82eb25ae3c57cd5cae80381f7ad003bd562eaf27a5c
Removing snapshot sha256:b921e6c28969094157f9b8e7244677780319637afd14450b7cb6b2fdea558a0c
Removing snapshot sha256:bc27ecb5769a00e309cf99ebc763c4a4b958b618d1decc96ffac5bc05f02f5b7
Removing snapshot sha256:be3ccb6627a5332e309d45ef461d09b4879dd870c7394d89323d0ebc6ca6aa8a
Removing snapshot sha256:c0c5b7491e705290b7ad3cce5c420f88ca1c74090e2726894a1baef025c52f43
Removing snapshot sha256:c261f7cbbc64211ee175ee47273acdb7b1a36a4450b397a064a8f2c026490095
Removing snapshot sha256:c34d9393647eea0c9e3557ab988efaf59f61d10a2a5613b439ef0958cca5ec10
Removing snapshot sha256:c4d5383ee8eaca294a64b01d37df59eac0a3e2a9779e67c450767218d0c4b36a
Removing snapshot sha256:ccf3c4a0fa967a41c1c83497a2ce6fa5787965859df0adb32c4ca2cf7490bc2b
Removing snapshot sha256:cf92d33f869417309692088c341cd0f223c178ea78a125f757317b22aa8f90e9
Removing snapshot sha256:d0037344cf2fb078884f1849f6a1f8cf9a33a3b6139b6a85833e5ee528e1f9a8
Removing snapshot sha256:d3b36d5b79273b1e98e7700470eaeff05a882e777124d84cebcc1505b85ecb36
Removing snapshot sha256:d65a44a37914602d12c611e5e22a50f11451d847e63015cc1c2aef92dee777a4
Removing snapshot sha256:d8737b8f6a0158031aca3fe1d78edc874e0e493186d21e0cb55c5fd0972c49ad
Removing snapshot sha256:d933c5f7d93a7a4196b76b559685f889b7b388041ac839bb7e19f6495750c4ef
Removing snapshot sha256:e2dc0bae2455930f23ae570e019b7f32edc75c0f2d71cab084db837ff9051796
Removing snapshot sha256:e31519795c7e3df686c447a21ec8d2eb301388a5e39ccf7f20a25c6f6ce3a522
Removing snapshot sha256:e4f954326774f256e539cb77d7b760593e89bbc63ca7a5ee0814ba1906135a09
Removing snapshot sha256:e9e86ed11d9bebc0707dd6f1166c51237ebb44f98657241f943261b2675a5449
Removing snapshot sha256:eabc2b3c5c963907b3f557933a60ab243515007cd7c28ba909692f5627b3bd32
Removing snapshot sha256:ecbf3b59a2be12efa647dc6cafe74dc73897de364be1037d9f880482d1ce011f
Removing snapshot sha256:eccbd24a99c60cd9e86ee5305dbfc4a4dc89f5ab4fb1f06c8d64797cecedef34
Removing snapshot sha256:edd1404c718ab99ca3456bdf222065033800bb67d4334a9642746685a24394cd
Removing snapshot sha256:f144bb4c7c7f0d2aa7eeffd36d934ec40db1ee167be727e326aad9fdc616f475
Removing snapshot sha256:ff3d1afd12e9b5642bc649cf82e7302d95c47a7a41fdfb3f34b284058e6b2790

2025-01-30 18:35:47,140 WARN c.h.helmcharts.AbstractHelmChartIT - Error during removal of snapshots:
ctr: failed to remove "sha256:03af251906410714c5aef9fa705b63f6bbc39c4a5e787de7361eeb18886c2ed2": cannot remove snapshot with child: failed precondition
ctr: failed to remove "sha256:0c46b3b43cce082ce5ec34ffc6c294e0417d17b9d1e6f366d114b6aadc4f96dc": cannot remove snapshot with child: failed precondition
ctr: failed to remove "sha256:0ce761beee59082d6ed5bcebd3a805b8ddd9b3426b617e4809e7fb7c6587ffec": cannot remove snapshot with child: failed precondition
ctr: failed to remove "sha256:0df91287303208332c8ff6ba40ae4710105201739addbfbddfb955f1ad593664": cannot remove snapshot with child: failed precondition
ctr: failed to remove "sha256:1021ef88c7974bfff89c5a0ec4fd3160daac6c48a075f74cff721f85dd104e68": cannot remove snapshot with child: failed precondition
ctr: failed to remove "sha256:10aba4953ddc18145dd38e3704709bc464aa20af60b56fe52caaff4b68411e62": cannot remove snapshot with child: failed precondition
ctr: failed to remove "sha256:1d5cf3e3eb812061f06c49abff02b68d81953942566ded85fcc9c1f47b13186a": cannot remove snapshot with child: failed precondition
ctr: failed to remove "sha256:2573e0d8158209ed54ab25c87bcdcb00bd3d2539246960a3d592a1c599d70465": cannot remove snapshot with child: failed precondition
ctr: failed to remove "sha256:2944c0692f0b3f4c958b09e4bf315ac3616ed274898af04494fcd963a879bca5": cannot remove snapshot with child: failed precondition
ctr: failed to remove "sha256:362a8a37f8bbc31925a8146adcf7cf51f9882f5c1dcbef67c5baa03a297543c0": cannot remove snapshot with child: failed precondition
ctr: failed to remove "sha256:3fa4ad33f0ddc8fd45b39b6b4640f82a3a83619606cd975bfe89d8710ad2d4cd": cannot remove snapshot with child: failed precondition
ctr: failed to remove "sha256:43a7c979bbaba6838bc3102d6b10a1459f3ab050b87ccdfef84ef90cf43d3058": cannot remove snapshot with child: failed precondition
ctr: failed to remove "sha256:4ab04491cdf0d3267f08206fe30bd48f49f94b9cab2f016d6739220f722a64af": cannot remove snapshot with child: failed precondition
ctr: failed to remove "sha256:4b6068250e89c96f263060261819c7d912855bfbd64b3eb4c4a8483299b8c295": cannot remove snapshot with child: failed precondition
ctr: failed to remove "sha256:580e69a0a8034ede1921139bbd2bfb72a69ebf276d008281896c32dd8bf74775": cannot remove snapshot with child: failed precondition
ctr: failed to remove "sha256:5a3228bf75a16fc5ec5b3d4ca301ab7ef2ca3bc2a3e8bf0a02733adfe43e5980": cannot remove snapshot with child: failed precondition
ctr: failed to remove "sha256:5d30ba46b27fe37484567ccc5242cadc78217b8da605f3f195ef25cbf7487904": cannot remove snapshot with child: failed precondition
ctr: failed to remove "sha256:63ca1fbb43ae5034640e5e6cb3e083e05c290072c5366fcaa9d62435a4cced85": cannot remove snapshot with child: failed precondition
ctr: failed to remove "sha256:67f702c6baae873bceb19487c8b1f27bd2b86077e4f2f0e480e6d60ab508b8f5": cannot remove snapshot with child: failed precondition
ctr: failed to remove "sha256:6864348dd42806d552efdec384f1274be15e2d0c10ce44c1f04347af004c10a9": cannot remove snapshot with child: failed precondition
ctr: failed to remove "sha256:6c7dee8f2c39b84b7dc2711c01d33de93514d9055499173e9290176fbe484b6c": cannot remove snapshot with child: failed precondition
ctr: failed to remove "sha256:82753493a6d61ded36556292f02f31841a14c20d2f279f19eaad65afb661d5cd": cannot remove snapshot with child: failed precondition
ctr: failed to remove "sha256:8a10d3db42c505ee0fcfa98417bdd7e39b304f6bcc0a06bb1b220797ff2cc63c": cannot remove snapshot with child: failed precondition
ctr: failed to remove "sha256:8bd9d778dd3aef4d3b4c77ee426be03092ca88acfd9bcf279d0631dd96d6df44": cannot remove snapshot with child: failed precondition
ctr: failed to remove "sha256:8eed3c0b435850e9a00be0139a9a847ca108037e5fa832424a4e194c78ba59c4": cannot remove snapshot with child: failed precondition
ctr: failed to remove "sha256:9b6f048201798a9c57b6316cb427a1e0aeb399d74aa15ca9e1519e77e2a2269e": cannot remove snapshot with child: failed precondition
ctr: failed to remove "sha256:a0904247e36a7726c03c71ee48f3e64462021c88dafeb13f37fdaf613b27f11c": cannot remove snapshot with child: failed precondition
ctr: failed to remove "sha256:a21e5b12dbac529ad45d976eb9ce45c881f3bedcc500fb30aba1e52aa1813418": cannot remove snapshot with child: failed precondition
ctr: failed to remove "sha256:ab252baf4e5de5aaea9ee70236e159dbf16fd0a2394f5e27a579881aadfd4f49": cannot remove snapshot with child: failed precondition
ctr: failed to remove "sha256:b921e6c28969094157f9b8e7244677780319637afd14450b7cb6b2fdea558a0c": cannot remove snapshot with child: failed precondition
ctr: failed to remove "sha256:bc27ecb5769a00e309cf99ebc763c4a4b958b618d1decc96ffac5bc05f02f5b7": cannot remove snapshot with child: failed precondition
ctr: failed to remove "sha256:be3ccb6627a5332e309d45ef461d09b4879dd870c7394d89323d0ebc6ca6aa8a": cannot remove snapshot with child: failed precondition
ctr: failed to remove "sha256:c0c5b7491e705290b7ad3cce5c420f88ca1c74090e2726894a1baef025c52f43": cannot remove snapshot with child: failed precondition
ctr: failed to remove "sha256:c261f7cbbc64211ee175ee47273acdb7b1a36a4450b397a064a8f2c026490095": cannot remove snapshot with child: failed precondition
ctr: failed to remove "sha256:c34d9393647eea0c9e3557ab988efaf59f61d10a2a5613b439ef0958cca5ec10": cannot remove snapshot with child: failed precondition
ctr: failed to remove "sha256:c4d5383ee8eaca294a64b01d37df59eac0a3e2a9779e67c450767218d0c4b36a": cannot remove snapshot with child: failed precondition
ctr: failed to remove "sha256:ccf3c4a0fa967a41c1c83497a2ce6fa5787965859df0adb32c4ca2cf7490bc2b": cannot remove snapshot with child: failed precondition
ctr: failed to remove "sha256:cf92d33f869417309692088c341cd0f223c178ea78a125f757317b22aa8f90e9": cannot remove snapshot with child: failed precondition
ctr: failed to remove "sha256:d0037344cf2fb078884f1849f6a1f8cf9a33a3b6139b6a85833e5ee528e1f9a8": cannot remove snapshot with child: failed precondition
ctr: failed to remove "sha256:d3b36d5b79273b1e98e7700470eaeff05a882e777124d84cebcc1505b85ecb36": cannot remove snapshot with child: failed precondition
ctr: failed to remove "sha256:d65a44a37914602d12c611e5e22a50f11451d847e63015cc1c2aef92dee777a4": cannot remove snapshot with child: failed precondition
ctr: failed to remove "sha256:d933c5f7d93a7a4196b76b559685f889b7b388041ac839bb7e19f6495750c4ef": cannot remove snapshot with child: failed precondition
ctr: failed to remove "sha256:e2dc0bae2455930f23ae570e019b7f32edc75c0f2d71cab084db837ff9051796": cannot remove snapshot with child: failed precondition
ctr: failed to remove "sha256:e31519795c7e3df686c447a21ec8d2eb301388a5e39ccf7f20a25c6f6ce3a522": cannot remove snapshot with child: failed precondition
ctr: failed to remove "sha256:e4f954326774f256e539cb77d7b760593e89bbc63ca7a5ee0814ba1906135a09": cannot remove snapshot with child: failed precondition
ctr: failed to remove "sha256:e9e86ed11d9bebc0707dd6f1166c51237ebb44f98657241f943261b2675a5449": cannot remove snapshot with child: failed precondition
ctr: failed to remove "sha256:eabc2b3c5c963907b3f557933a60ab243515007cd7c28ba909692f5627b3bd32": cannot remove snapshot with child: failed precondition
ctr: failed to remove "sha256:ecbf3b59a2be12efa647dc6cafe74dc73897de364be1037d9f880482d1ce011f": cannot remove snapshot with child: failed precondition
ctr: failed to remove "sha256:eccbd24a99c60cd9e86ee5305dbfc4a4dc89f5ab4fb1f06c8d64797cecedef34": cannot remove snapshot with child: failed precondition
ctr: failed to remove "sha256:edd1404c718ab99ca3456bdf222065033800bb67d4334a9642746685a24394cd": cannot remove snapshot with child: failed precondition
ctr: failed to remove "sha256:f144bb4c7c7f0d2aa7eeffd36d934ec40db1ee167be727e326aad9fdc616f475": cannot remove snapshot with child: failed precondition
ctr: failed to remove "sha256:ff3d1afd12e9b5642bc649cf82e7302d95c47a7a41fdfb3f34b284058e6b2790": cannot remove snapshot with child: failed precondition

]]></system-out>
  </testcase>
  <system-out><![CDATA[2025-01-30 18:33:57,777 INFO c.h.h.t.HelmChartContainerExtension - Using cached HelmChartContainer instance
]]></system-out>
  <system-err><![CDATA[]]></system-err>
</testsuite>
