<?xml version="1.0" encoding="UTF-8"?>
<testsuite name="com.hivemq.helmcharts.monitoring.HelmMonitoringOperatorIT" tests="1" skipped="0" failures="0" errors="0" timestamp="2025-01-29T13:38:21" hostname="fv-az1680-594" time="171.183">
  <properties/>
  <testcase name="withOperatorMonitoringEnabled_metricsAndDashboardAvailable()" classname="com.hivemq.helmcharts.monitoring.HelmMonitoringOperatorIT" time="171.183">
    <system-out><![CDATA[2025-01-29 13:38:21,881 INFO c.h.h.t.HelmChartContainer - Creating namespace 'helmmonitoringoperatorit-operator'...
2025-01-29 13:38:22,093 INFO c.h.h.t.HelmChartContainer - Namespace 'helmmonitoringoperatorit-operator' created
2025-01-29 13:38:22,094 INFO c.h.h.t.HelmChartContainer - [POD] coredns-ff8999cc5-x67p8 [596db524-98a7-41c0-993a-775b8c283a22] in kube-system was ADDED
2025-01-29 13:38:22,096 INFO c.h.h.t.HelmChartContainer - [POD] local-path-provisioner-698b58967b-ccrjt [dfcce6cc-f0a5-4a99-a566-2be522f20296] in kube-system was ADDED
2025-01-29 13:38:22,099 INFO c.h.h.t.HelmChartContainer - [POD] metrics-server-8584b5786c-fgw2q [429fe269-2deb-45b1-ba12-4b291b0ca483] in kube-system was ADDED
2025-01-29 13:38:22,312 DEBUG c.h.h.t.HelmChartContainer - Executing helm command: /bin/helm --kubeconfig /etc/rancher/k3s/k3s.yaml repo add prometheus-community https://prometheus-community.github.io/helm-charts
2025-01-29 13:38:22,776 DEBUG c.h.h.t.HelmChartContainer - Executing helm command: /bin/helm --kubeconfig /etc/rancher/k3s/k3s.yaml install monitoring-stack prometheus-community/kube-prometheus-stack --wait --timeout 5m0s --set prometheus-node-exporter.hostRootFsMount.enabled=false -n monitoring --create-namespace
2025-01-29 13:38:30,139 INFO c.h.h.t.HelmChartContainer - [K3S] [job_controller.go:598] "enqueueing job" key="monitoring/monitoring-stack-kube-prom-admission-create" delay="0s"
2025-01-29 13:38:30,160 INFO c.h.h.t.HelmChartContainer - [EVENT] Normal [SuccessfulCreate] Created pod: monitoring-stack-kube-prom-admission-create-d4bfj [monitoring:monitoring-stack-kube-prom-admission-create]
2025-01-29 13:38:30,160 INFO c.h.h.t.HelmChartContainer - [POD] monitoring-stack-kube-prom-admission-create-d4bfj [1e10bb86-cfaa-410b-9be3-ed8c11f592ca] in monitoring was ADDED
2025-01-29 13:38:30,160 INFO c.h.h.t.HelmChartContainer - [K3S] [job_controller.go:598] "enqueueing job" key="monitoring/monitoring-stack-kube-prom-admission-create" delay="1s"
2025-01-29 13:38:30,163 INFO c.h.h.t.HelmChartContainer - [K3S] [job_controller.go:598] "enqueueing job" key="monitoring/monitoring-stack-kube-prom-admission-create" delay="1s"
2025-01-29 13:38:30,166 INFO c.h.h.t.HelmChartContainer - [POD] monitoring-stack-kube-prom-admission-create-d4bfj [1e10bb86-cfaa-410b-9be3-ed8c11f592ca] in monitoring was MODIFIED
2025-01-29 13:38:30,167 INFO c.h.h.t.HelmChartContainer - [K3S] [job_controller.go:598] "enqueueing job" key="monitoring/monitoring-stack-kube-prom-admission-create" delay="1s"
2025-01-29 13:38:30,173 INFO c.h.h.t.HelmChartContainer - [EVENT] Normal [Scheduled] Successfully assigned monitoring/monitoring-stack-kube-prom-admission-create-d4bfj to cc060c47c65d [monitoring:monitoring-stack-kube-prom-admission-create-d4bfj]
2025-01-29 13:38:30,182 INFO c.h.h.t.HelmChartContainer - [K3S] [job_controller.go:598] "enqueueing job" key="monitoring/monitoring-stack-kube-prom-admission-create" delay="1s"
2025-01-29 13:38:30,183 INFO c.h.h.t.HelmChartContainer - [POD] monitoring-stack-kube-prom-admission-create-d4bfj [1e10bb86-cfaa-410b-9be3-ed8c11f592ca] in monitoring was MODIFIED
2025-01-29 13:38:30,248 INFO c.h.h.t.HelmChartContainer - [K3S] [reconciler_common.go:251] "operationExecutor.VerifyControllerAttachedVolume started for volume \"kube-api-access-spbmr\" (UniqueName: \"kubernetes.io/projected/1e10bb86-cfaa-410b-9be3-ed8c11f592ca-kube-api-access-spbmr\") pod \"monitoring-stack-kube-prom-admission-create-d4bfj\" (UID: \"1e10bb86-cfaa-410b-9be3-ed8c11f592ca\") " pod="monitoring/monitoring-stack-kube-prom-admission-create-d4bfj"
2025-01-29 13:38:30,561 INFO c.h.h.t.HelmChartContainer - [EVENT] Normal [Pulling] Pulling image "registry.k8s.io/ingress-nginx/kube-webhook-certgen:v1.5.1" [monitoring:monitoring-stack-kube-prom-admission-create-d4bfj]
2025-01-29 13:38:32,048 INFO c.h.h.t.HelmChartContainer - [EVENT] Normal [Pulled] Successfully pulled image "registry.k8s.io/ingress-nginx/kube-webhook-certgen:v1.5.1" in 1.487s (1.487s including waiting). Image size: 27079554 bytes. [monitoring:monitoring-stack-kube-prom-admission-create-d4bfj]
2025-01-29 13:38:32,054 INFO c.h.h.t.HelmChartContainer - [EVENT] Normal [Created] Created container: create [monitoring:monitoring-stack-kube-prom-admission-create-d4bfj]
2025-01-29 13:38:32,114 INFO c.h.h.t.HelmChartContainer - [EVENT] Normal [Started] Started container create [monitoring:monitoring-stack-kube-prom-admission-create-d4bfj]
2025-01-29 13:38:32,397 INFO c.h.h.t.HelmChartContainer - [K3S] [job_controller.go:598] "enqueueing job" key="monitoring/monitoring-stack-kube-prom-admission-create" delay="1s"
2025-01-29 13:38:32,399 INFO c.h.h.t.HelmChartContainer - [POD] monitoring-stack-kube-prom-admission-create-d4bfj [1e10bb86-cfaa-410b-9be3-ed8c11f592ca] in monitoring was MODIFIED
2025-01-29 13:38:33,381 INFO c.h.h.t.HelmChartContainer - [POD] metrics-server-8584b5786c-fgw2q [429fe269-2deb-45b1-ba12-4b291b0ca483] in kube-system was MODIFIED
2025-01-29 13:38:33,393 INFO c.h.h.t.HelmChartContainer - [K3S] [replica_set.go:679] "Finished syncing" kind="ReplicaSet" key="kube-system/metrics-server-8584b5786c" duration="13.3752ms"
2025-01-29 13:38:33,395 INFO c.h.h.t.HelmChartContainer - [K3S] [replica_set.go:679] "Finished syncing" kind="ReplicaSet" key="kube-system/metrics-server-8584b5786c" duration="30.848Âµs"
2025-01-29 13:38:33,482 INFO c.h.h.t.HelmChartContainer - [K3S] [job_controller.go:598] "enqueueing job" key="monitoring/monitoring-stack-kube-prom-admission-create" delay="1s"
2025-01-29 13:38:33,485 INFO c.h.h.t.HelmChartContainer - [POD] monitoring-stack-kube-prom-admission-create-d4bfj [1e10bb86-cfaa-410b-9be3-ed8c11f592ca] in monitoring was MODIFIED
2025-01-29 13:38:33,564 INFO c.h.h.t.HelmChartContainer - [K3S] [reconciler_common.go:162] "operationExecutor.UnmountVolume started for volume \"kube-api-access-spbmr\" (UniqueName: \"kubernetes.io/projected/1e10bb86-cfaa-410b-9be3-ed8c11f592ca-kube-api-access-spbmr\") pod \"1e10bb86-cfaa-410b-9be3-ed8c11f592ca\" (UID: \"1e10bb86-cfaa-410b-9be3-ed8c11f592ca\") "
2025-01-29 13:38:33,665 INFO c.h.h.t.HelmChartContainer - [K3S] [reconciler_common.go:299] "Volume detached for volume \"kube-api-access-spbmr\" (UniqueName: \"kubernetes.io/projected/1e10bb86-cfaa-410b-9be3-ed8c11f592ca-kube-api-access-spbmr\") on node \"cc060c47c65d\" DevicePath \"\""
2025-01-29 13:38:34,167 INFO c.h.h.t.HelmChartContainer - [K3S] [range_allocator.go:247] "Successfully synced" key="cc060c47c65d"
2025-01-29 13:38:34,400 INFO c.h.h.t.HelmChartContainer - [K3S] [pod_container_deletor.go:80] "Container not found in pod's containers" containerID="4f3fa869191d2cb9164df22f01b83cdd0a2b061f6e52e989c9889603c92b2eee"
2025-01-29 13:38:34,487 INFO c.h.h.t.HelmChartContainer - [K3S] [job_controller.go:598] "enqueueing job" key="monitoring/monitoring-stack-kube-prom-admission-create" delay="1s"
2025-01-29 13:38:34,490 INFO c.h.h.t.HelmChartContainer - [K3S] [job_controller.go:598] "enqueueing job" key="monitoring/monitoring-stack-kube-prom-admission-create" delay="1s"
2025-01-29 13:38:34,492 INFO c.h.h.t.HelmChartContainer - [POD] monitoring-stack-kube-prom-admission-create-d4bfj [1e10bb86-cfaa-410b-9be3-ed8c11f592ca] in monitoring was MODIFIED
2025-01-29 13:38:34,496 INFO c.h.h.t.HelmChartContainer - [EVENT] Normal [Completed] Job completed [monitoring:monitoring-stack-kube-prom-admission-create]
2025-01-29 13:38:34,501 INFO c.h.h.t.HelmChartContainer - [K3S] [job_controller.go:598] "enqueueing job" key="monitoring/monitoring-stack-kube-prom-admission-create" delay="0s"
2025-01-29 13:38:34,512 INFO c.h.h.t.HelmChartContainer - [POD] monitoring-stack-kube-prom-admission-create-d4bfj [1e10bb86-cfaa-410b-9be3-ed8c11f592ca] in monitoring was MODIFIED
2025-01-29 13:38:34,512 INFO c.h.h.t.HelmChartContainer - [POD] monitoring-stack-kube-prom-admission-create-d4bfj [1e10bb86-cfaa-410b-9be3-ed8c11f592ca] in monitoring was DELETED
2025-01-29 13:38:34,639 INFO c.h.h.t.HelmChartContainer - [K3S] [alloc.go:330] "allocated clusterIPs" service="monitoring/monitoring-stack-kube-prom-prometheus" clusterIPs={"IPv4":"10.43.74.52"}
2025-01-29 13:38:34,660 INFO c.h.h.t.HelmChartContainer - [K3S] [alloc.go:330] "allocated clusterIPs" service="monitoring/monitoring-stack-grafana" clusterIPs={"IPv4":"10.43.109.143"}
2025-01-29 13:38:34,663 INFO c.h.h.t.HelmChartContainer - [K3S] [alloc.go:330] "allocated clusterIPs" service="monitoring/monitoring-stack-kube-prom-operator" clusterIPs={"IPv4":"10.43.174.182"}
2025-01-29 13:38:34,672 INFO c.h.h.t.HelmChartContainer - [K3S] [alloc.go:330] "allocated clusterIPs" service="monitoring/monitoring-stack-kube-state-metrics" clusterIPs={"IPv4":"10.43.75.15"}
2025-01-29 13:38:34,679 INFO c.h.h.t.HelmChartContainer - [K3S] [alloc.go:330] "allocated clusterIPs" service="monitoring/monitoring-stack-prometheus-node-exporter" clusterIPs={"IPv4":"10.43.150.203"}
2025-01-29 13:38:34,684 INFO c.h.h.t.HelmChartContainer - [K3S] [alloc.go:330] "allocated clusterIPs" service="monitoring/monitoring-stack-kube-prom-alertmanager" clusterIPs={"IPv4":"10.43.173.229"}
2025-01-29 13:38:34,712 INFO c.h.h.t.HelmChartContainer - [POD] monitoring-stack-prometheus-node-exporter-zmx7f [8ed651e2-0998-4ea0-a49c-3cd809d27b31] in monitoring was ADDED
2025-01-29 13:38:34,718 INFO c.h.h.t.HelmChartContainer - [POD] monitoring-stack-grafana-64c55fb967-ng87k [cb147c8f-1f2d-4ee6-835c-d46fbdf4e2ae] in monitoring was ADDED
2025-01-29 13:38:34,728 INFO c.h.h.t.HelmChartContainer - [EVENT] Normal [SuccessfulCreate] Created pod: monitoring-stack-grafana-64c55fb967-ng87k [monitoring:monitoring-stack-grafana-64c55fb967]
2025-01-29 13:38:34,728 INFO c.h.h.t.HelmChartContainer - [POD] monitoring-stack-prometheus-node-exporter-zmx7f [8ed651e2-0998-4ea0-a49c-3cd809d27b31] in monitoring was MODIFIED
2025-01-29 13:38:34,729 INFO c.h.h.t.HelmChartContainer - [K3S] [memory_manager.go:355] "RemoveStaleState removing state" podUID="1e10bb86-cfaa-410b-9be3-ed8c11f592ca" containerName="create"
2025-01-29 13:38:34,730 INFO c.h.h.t.HelmChartContainer - [EVENT] Normal [ScalingReplicaSet] Scaled up replica set monitoring-stack-grafana-64c55fb967 from 0 to 1 [monitoring:monitoring-stack-grafana]
2025-01-29 13:38:34,731 INFO c.h.h.t.HelmChartContainer - [POD] monitoring-stack-kube-state-metrics-5bf5c7b54d-8tmwr [65986f09-f280-47a0-a6ea-d271d8b87483] in monitoring was ADDED
2025-01-29 13:38:34,734 INFO c.h.h.t.HelmChartContainer - [POD] monitoring-stack-kube-prom-operator-d77f8fd4c-jzsg8 [06da464b-958e-4d8d-8188-97c39b2c72ff] in monitoring was ADDED
2025-01-29 13:38:34,735 INFO c.h.h.t.HelmChartContainer - [K3S] [replica_set.go:679] "Finished syncing" kind="ReplicaSet" key="monitoring/monitoring-stack-grafana-64c55fb967" duration="26.837425ms"
2025-01-29 13:38:34,737 INFO c.h.h.t.HelmChartContainer - [POD] monitoring-stack-grafana-64c55fb967-ng87k [cb147c8f-1f2d-4ee6-835c-d46fbdf4e2ae] in monitoring was MODIFIED
2025-01-29 13:38:34,748 INFO c.h.h.t.HelmChartContainer - [EVENT] Normal [Scheduled] Successfully assigned monitoring/monitoring-stack-prometheus-node-exporter-zmx7f to cc060c47c65d [monitoring:monitoring-stack-prometheus-node-exporter-zmx7f]
2025-01-29 13:38:34,758 INFO c.h.h.t.HelmChartContainer - [POD] monitoring-stack-kube-prom-operator-d77f8fd4c-jzsg8 [06da464b-958e-4d8d-8188-97c39b2c72ff] in monitoring was MODIFIED
2025-01-29 13:38:34,758 INFO c.h.h.t.HelmChartContainer - [EVENT] Normal [Scheduled] Successfully assigned monitoring/monitoring-stack-grafana-64c55fb967-ng87k to cc060c47c65d [monitoring:monitoring-stack-grafana-64c55fb967-ng87k]
2025-01-29 13:38:34,759 INFO c.h.h.t.HelmChartContainer - [EVENT] Normal [ScalingReplicaSet] Scaled up replica set monitoring-stack-kube-state-metrics-5bf5c7b54d from 0 to 1 [monitoring:monitoring-stack-kube-state-metrics]
2025-01-29 13:38:34,759 INFO c.h.h.t.HelmChartContainer - [EVENT] Normal [SuccessfulCreate] Created pod: monitoring-stack-kube-prom-operator-d77f8fd4c-jzsg8 [monitoring:monitoring-stack-kube-prom-operator-d77f8fd4c]
2025-01-29 13:38:34,765 INFO c.h.h.t.HelmChartContainer - [K3S] [reflector.go:569] object-"monitoring"/"monitoring-stack-kube-prom-admission": failed to list *v1.Secret: secrets "monitoring-stack-kube-prom-admission" is forbidden: User "system:node:cc060c47c65d" cannot list resource "secrets" in API group "" in the namespace "monitoring": no relationship found between node 'cc060c47c65d' and this object
2025-01-29 13:38:34,765 INFO c.h.h.t.HelmChartContainer - [K3S] [reflector.go:166] "Unhandled Error" err="object-\"monitoring\"/\"monitoring-stack-kube-prom-admission\": Failed to watch *v1.Secret: failed to list *v1.Secret: secrets \"monitoring-stack-kube-prom-admission\" is forbidden: User \"system:node:cc060c47c65d\" cannot list resource \"secrets\" in API group \"\" in the namespace \"monitoring\": no relationship found between node 'cc060c47c65d' and this object"
2025-01-29 13:38:34,765 INFO c.h.h.t.HelmChartContainer - [K3S] [replica_set.go:679] "Finished syncing" kind="ReplicaSet" key="monitoring/monitoring-stack-grafana-64c55fb967" duration="32.904855ms"
2025-01-29 13:38:34,769 INFO c.h.h.t.HelmChartContainer - [POD] monitoring-stack-kube-state-metrics-5bf5c7b54d-8tmwr [65986f09-f280-47a0-a6ea-d271d8b87483] in monitoring was MODIFIED
2025-01-29 13:38:34,775 INFO c.h.h.t.HelmChartContainer - [K3S] [reconciler_common.go:251] "operationExecutor.VerifyControllerAttachedVolume started for volume \"sc-datasources-volume\" (UniqueName: \"kubernetes.io/empty-dir/cb147c8f-1f2d-4ee6-835c-d46fbdf4e2ae-sc-datasources-volume\") pod \"monitoring-stack-grafana-64c55fb967-ng87k\" (UID: \"cb147c8f-1f2d-4ee6-835c-d46fbdf4e2ae\") " pod="monitoring/monitoring-stack-grafana-64c55fb967-ng87k"
2025-01-29 13:38:34,775 INFO c.h.h.t.HelmChartContainer - [K3S] [reconciler_common.go:251] "operationExecutor.VerifyControllerAttachedVolume started for volume \"kube-api-access-wwgfh\" (UniqueName: \"kubernetes.io/projected/06da464b-958e-4d8d-8188-97c39b2c72ff-kube-api-access-wwgfh\") pod \"monitoring-stack-kube-prom-operator-d77f8fd4c-jzsg8\" (UID: \"06da464b-958e-4d8d-8188-97c39b2c72ff\") " pod="monitoring/monitoring-stack-kube-prom-operator-d77f8fd4c-jzsg8"
2025-01-29 13:38:34,775 INFO c.h.h.t.HelmChartContainer - [K3S] [reconciler_common.go:251] "operationExecutor.VerifyControllerAttachedVolume started for volume \"proc\" (UniqueName: \"kubernetes.io/host-path/8ed651e2-0998-4ea0-a49c-3cd809d27b31-proc\") pod \"monitoring-stack-prometheus-node-exporter-zmx7f\" (UID: \"8ed651e2-0998-4ea0-a49c-3cd809d27b31\") " pod="monitoring/monitoring-stack-prometheus-node-exporter-zmx7f"
2025-01-29 13:38:34,775 INFO c.h.h.t.HelmChartContainer - [K3S] [reconciler_common.go:251] "operationExecutor.VerifyControllerAttachedVolume started for volume \"sys\" (UniqueName: \"kubernetes.io/host-path/8ed651e2-0998-4ea0-a49c-3cd809d27b31-sys\") pod \"monitoring-stack-prometheus-node-exporter-zmx7f\" (UID: \"8ed651e2-0998-4ea0-a49c-3cd809d27b31\") " pod="monitoring/monitoring-stack-prometheus-node-exporter-zmx7f"
2025-01-29 13:38:34,775 INFO c.h.h.t.HelmChartContainer - [K3S] [reconciler_common.go:251] "operationExecutor.VerifyControllerAttachedVolume started for volume \"sc-dashboard-provider\" (UniqueName: \"kubernetes.io/configmap/cb147c8f-1f2d-4ee6-835c-d46fbdf4e2ae-sc-dashboard-provider\") pod \"monitoring-stack-grafana-64c55fb967-ng87k\" (UID: \"cb147c8f-1f2d-4ee6-835c-d46fbdf4e2ae\") " pod="monitoring/monitoring-stack-grafana-64c55fb967-ng87k"
2025-01-29 13:38:34,775 INFO c.h.h.t.HelmChartContainer - [K3S] [reconciler_common.go:251] "operationExecutor.VerifyControllerAttachedVolume started for volume \"sc-dashboard-volume\" (UniqueName: \"kubernetes.io/empty-dir/cb147c8f-1f2d-4ee6-835c-d46fbdf4e2ae-sc-dashboard-volume\") pod \"monitoring-stack-grafana-64c55fb967-ng87k\" (UID: \"cb147c8f-1f2d-4ee6-835c-d46fbdf4e2ae\") " pod="monitoring/monitoring-stack-grafana-64c55fb967-ng87k"
2025-01-29 13:38:34,775 INFO c.h.h.t.HelmChartContainer - [K3S] [reconciler_common.go:251] "operationExecutor.VerifyControllerAttachedVolume started for volume \"kube-api-access-6x6zg\" (UniqueName: \"kubernetes.io/projected/65986f09-f280-47a0-a6ea-d271d8b87483-kube-api-access-6x6zg\") pod \"monitoring-stack-kube-state-metrics-5bf5c7b54d-8tmwr\" (UID: \"65986f09-f280-47a0-a6ea-d271d8b87483\") " pod="monitoring/monitoring-stack-kube-state-metrics-5bf5c7b54d-8tmwr"
2025-01-29 13:38:34,775 INFO c.h.h.t.HelmChartContainer - [K3S] [reconciler_common.go:251] "operationExecutor.VerifyControllerAttachedVolume started for volume \"kube-api-access-bh5kt\" (UniqueName: \"kubernetes.io/projected/cb147c8f-1f2d-4ee6-835c-d46fbdf4e2ae-kube-api-access-bh5kt\") pod \"monitoring-stack-grafana-64c55fb967-ng87k\" (UID: \"cb147c8f-1f2d-4ee6-835c-d46fbdf4e2ae\") " pod="monitoring/monitoring-stack-grafana-64c55fb967-ng87k"
2025-01-29 13:38:34,775 INFO c.h.h.t.HelmChartContainer - [K3S] [reconciler_common.go:251] "operationExecutor.VerifyControllerAttachedVolume started for volume \"tls-secret\" (UniqueName: \"kubernetes.io/secret/06da464b-958e-4d8d-8188-97c39b2c72ff-tls-secret\") pod \"monitoring-stack-kube-prom-operator-d77f8fd4c-jzsg8\" (UID: \"06da464b-958e-4d8d-8188-97c39b2c72ff\") " pod="monitoring/monitoring-stack-kube-prom-operator-d77f8fd4c-jzsg8"
2025-01-29 13:38:34,775 INFO c.h.h.t.HelmChartContainer - [K3S] [reconciler_common.go:251] "operationExecutor.VerifyControllerAttachedVolume started for volume \"config\" (UniqueName: \"kubernetes.io/configmap/cb147c8f-1f2d-4ee6-835c-d46fbdf4e2ae-config\") pod \"monitoring-stack-grafana-64c55fb967-ng87k\" (UID: \"cb147c8f-1f2d-4ee6-835c-d46fbdf4e2ae\") " pod="monitoring/monitoring-stack-grafana-64c55fb967-ng87k"
2025-01-29 13:38:34,776 INFO c.h.h.t.HelmChartContainer - [K3S] [reconciler_common.go:251] "operationExecutor.VerifyControllerAttachedVolume started for volume \"storage\" (UniqueName: \"kubernetes.io/empty-dir/cb147c8f-1f2d-4ee6-835c-d46fbdf4e2ae-storage\") pod \"monitoring-stack-grafana-64c55fb967-ng87k\" (UID: \"cb147c8f-1f2d-4ee6-835c-d46fbdf4e2ae\") " pod="monitoring/monitoring-stack-grafana-64c55fb967-ng87k"
2025-01-29 13:38:34,776 INFO c.h.h.t.HelmChartContainer - [K3S] [replica_set.go:679] "Finished syncing" kind="ReplicaSet" key="monitoring/monitoring-stack-kube-state-metrics-5bf5c7b54d" duration="68.775454ms"
2025-01-29 13:38:34,793 INFO c.h.h.t.HelmChartContainer - [K3S] [replica_set.go:679] "Finished syncing" kind="ReplicaSet" key="monitoring/monitoring-stack-kube-prom-operator-d77f8fd4c" duration="72.502825ms"
2025-01-29 13:38:34,793 INFO c.h.h.t.HelmChartContainer - [EVENT] Normal [SuccessfulCreate] Created pod: monitoring-stack-prometheus-node-exporter-zmx7f [monitoring:monitoring-stack-prometheus-node-exporter]
2025-01-29 13:38:34,796 INFO c.h.h.t.HelmChartContainer - [EVENT] Normal [Scheduled] Successfully assigned monitoring/monitoring-stack-kube-prom-operator-d77f8fd4c-jzsg8 to cc060c47c65d [monitoring:monitoring-stack-kube-prom-operator-d77f8fd4c-jzsg8]
2025-01-29 13:38:34,796 INFO c.h.h.t.HelmChartContainer - [POD] monitoring-stack-prometheus-node-exporter-zmx7f [8ed651e2-0998-4ea0-a49c-3cd809d27b31] in monitoring was MODIFIED
2025-01-29 13:38:34,798 INFO c.h.h.t.HelmChartContainer - [EVENT] Normal [Scheduled] Successfully assigned monitoring/monitoring-stack-kube-state-metrics-5bf5c7b54d-8tmwr to cc060c47c65d [monitoring:monitoring-stack-kube-state-metrics-5bf5c7b54d-8tmwr]
2025-01-29 13:38:34,798 INFO c.h.h.t.HelmChartContainer - [K3S] [dispatcher.go:210] Failed calling webhook, failing open prometheusrulemutate.monitoring.coreos.com: failed calling webhook "prometheusrulemutate.monitoring.coreos.com": failed to call webhook: Post "https://monitoring-stack-kube-prom-operator.monitoring.svc:443/admission-prometheusrules/mutate?timeout=10s": no endpoints available for service "monitoring-stack-kube-prom-operator"
2025-01-29 13:38:34,798 INFO c.h.h.t.HelmChartContainer - [EVENT] Normal [SuccessfulCreate] Created pod: monitoring-stack-kube-state-metrics-5bf5c7b54d-8tmwr [monitoring:monitoring-stack-kube-state-metrics-5bf5c7b54d]
2025-01-29 13:38:34,798 INFO c.h.h.t.HelmChartContainer - [EVENT] Normal [ScalingReplicaSet] Scaled up replica set monitoring-stack-kube-prom-operator-d77f8fd4c from 0 to 1 [monitoring:monitoring-stack-kube-prom-operator]
2025-01-29 13:38:34,801 INFO c.h.h.t.HelmChartContainer - [K3S] [dispatcher.go:214] "Unhandled Error" err="failed calling webhook \"prometheusrulemutate.monitoring.coreos.com\": failed to call webhook: Post \"https://monitoring-stack-kube-prom-operator.monitoring.svc:443/admission-prometheusrules/mutate?timeout=10s\": no endpoints available for service \"monitoring-stack-kube-prom-operator\""
2025-01-29 13:38:34,817 INFO c.h.h.t.HelmChartContainer - [K3S] [dispatcher.go:210] Failed calling webhook, failing open prometheusrulemutate.monitoring.coreos.com: failed calling webhook "prometheusrulemutate.monitoring.coreos.com": failed to call webhook: Post "https://monitoring-stack-kube-prom-operator.monitoring.svc:443/admission-prometheusrules/mutate?timeout=10s": no endpoints available for service "monitoring-stack-kube-prom-operator"
2025-01-29 13:38:34,819 INFO c.h.h.t.HelmChartContainer - [K3S] [dispatcher.go:214] "Unhandled Error" err="failed calling webhook \"prometheusrulemutate.monitoring.coreos.com\": failed to call webhook: Post \"https://monitoring-stack-kube-prom-operator.monitoring.svc:443/admission-prometheusrules/mutate?timeout=10s\": no endpoints available for service \"monitoring-stack-kube-prom-operator\""
2025-01-29 13:38:34,819 INFO c.h.h.t.HelmChartContainer - [POD] monitoring-stack-kube-prom-operator-d77f8fd4c-jzsg8 [06da464b-958e-4d8d-8188-97c39b2c72ff] in monitoring was MODIFIED
2025-01-29 13:38:34,828 INFO c.h.h.t.HelmChartContainer - [K3S] [dispatcher.go:210] Failed calling webhook, failing open prometheusrulemutate.monitoring.coreos.com: failed calling webhook "prometheusrulemutate.monitoring.coreos.com": failed to call webhook: Post "https://monitoring-stack-kube-prom-operator.monitoring.svc:443/admission-prometheusrules/mutate?timeout=10s": no endpoints available for service "monitoring-stack-kube-prom-operator"
2025-01-29 13:38:34,829 INFO c.h.h.t.HelmChartContainer - [K3S] [dispatcher.go:214] "Unhandled Error" err="failed calling webhook \"prometheusrulemutate.monitoring.coreos.com\": failed to call webhook: Post \"https://monitoring-stack-kube-prom-operator.monitoring.svc:443/admission-prometheusrules/mutate?timeout=10s\": no endpoints available for service \"monitoring-stack-kube-prom-operator\""
2025-01-29 13:38:34,835 INFO c.h.h.t.HelmChartContainer - [K3S] [dispatcher.go:210] Failed calling webhook, failing open prometheusrulemutate.monitoring.coreos.com: failed calling webhook "prometheusrulemutate.monitoring.coreos.com": failed to call webhook: Post "https://monitoring-stack-kube-prom-operator.monitoring.svc:443/admission-prometheusrules/mutate?timeout=10s": no endpoints available for service "monitoring-stack-kube-prom-operator"
2025-01-29 13:38:34,835 INFO c.h.h.t.HelmChartContainer - [K3S] [dispatcher.go:214] "Unhandled Error" err="failed calling webhook \"prometheusrulemutate.monitoring.coreos.com\": failed to call webhook: Post \"https://monitoring-stack-kube-prom-operator.monitoring.svc:443/admission-prometheusrules/mutate?timeout=10s\": no endpoints available for service \"monitoring-stack-kube-prom-operator\""
2025-01-29 13:38:34,839 INFO c.h.h.t.HelmChartContainer - [K3S] [dispatcher.go:210] Failed calling webhook, failing open prometheusrulemutate.monitoring.coreos.com: failed calling webhook "prometheusrulemutate.monitoring.coreos.com": failed to call webhook: Post "https://monitoring-stack-kube-prom-operator.monitoring.svc:443/admission-prometheusrules/mutate?timeout=10s": no endpoints available for service "monitoring-stack-kube-prom-operator"
2025-01-29 13:38:34,839 INFO c.h.h.t.HelmChartContainer - [K3S] [dispatcher.go:214] "Unhandled Error" err="failed calling webhook \"prometheusrulemutate.monitoring.coreos.com\": failed to call webhook: Post \"https://monitoring-stack-kube-prom-operator.monitoring.svc:443/admission-prometheusrules/mutate?timeout=10s\": no endpoints available for service \"monitoring-stack-kube-prom-operator\""
2025-01-29 13:38:34,840 INFO c.h.h.t.HelmChartContainer - [K3S] [dispatcher.go:210] Failed calling webhook, failing open prometheusrulemutate.monitoring.coreos.com: failed calling webhook "prometheusrulemutate.monitoring.coreos.com": failed to call webhook: Post "https://monitoring-stack-kube-prom-operator.monitoring.svc:443/admission-prometheusrules/mutate?timeout=10s": no endpoints available for service "monitoring-stack-kube-prom-operator"
2025-01-29 13:38:34,840 INFO c.h.h.t.HelmChartContainer - [K3S] [dispatcher.go:214] "Unhandled Error" err="failed calling webhook \"prometheusrulemutate.monitoring.coreos.com\": failed to call webhook: Post \"https://monitoring-stack-kube-prom-operator.monitoring.svc:443/admission-prometheusrules/mutate?timeout=10s\": no endpoints available for service \"monitoring-stack-kube-prom-operator\""
2025-01-29 13:38:34,842 INFO c.h.h.t.HelmChartContainer - [POD] monitoring-stack-kube-state-metrics-5bf5c7b54d-8tmwr [65986f09-f280-47a0-a6ea-d271d8b87483] in monitoring was MODIFIED
2025-01-29 13:38:34,842 INFO c.h.h.t.HelmChartContainer - [K3S] [dispatcher.go:210] Failed calling webhook, failing open prometheusrulemutate.monitoring.coreos.com: failed calling webhook "prometheusrulemutate.monitoring.coreos.com": failed to call webhook: Post "https://monitoring-stack-kube-prom-operator.monitoring.svc:443/admission-prometheusrules/mutate?timeout=10s": no endpoints available for service "monitoring-stack-kube-prom-operator"
2025-01-29 13:38:34,842 INFO c.h.h.t.HelmChartContainer - [K3S] [dispatcher.go:214] "Unhandled Error" err="failed calling webhook \"prometheusrulemutate.monitoring.coreos.com\": failed to call webhook: Post \"https://monitoring-stack-kube-prom-operator.monitoring.svc:443/admission-prometheusrules/mutate?timeout=10s\": no endpoints available for service \"monitoring-stack-kube-prom-operator\""
2025-01-29 13:38:34,846 INFO c.h.h.t.HelmChartContainer - [K3S] [dispatcher.go:210] Failed calling webhook, failing open prometheusrulemutate.monitoring.coreos.com: failed calling webhook "prometheusrulemutate.monitoring.coreos.com": failed to call webhook: Post "https://monitoring-stack-kube-prom-operator.monitoring.svc:443/admission-prometheusrules/mutate?timeout=10s": no endpoints available for service "monitoring-stack-kube-prom-operator"
2025-01-29 13:38:34,846 INFO c.h.h.t.HelmChartContainer - [K3S] [dispatcher.go:214] "Unhandled Error" err="failed calling webhook \"prometheusrulemutate.monitoring.coreos.com\": failed to call webhook: Post \"https://monitoring-stack-kube-prom-operator.monitoring.svc:443/admission-prometheusrules/mutate?timeout=10s\": no endpoints available for service \"monitoring-stack-kube-prom-operator\""
2025-01-29 13:38:34,847 INFO c.h.h.t.HelmChartContainer - [K3S] [dispatcher.go:210] Failed calling webhook, failing open prometheusrulemutate.monitoring.coreos.com: failed calling webhook "prometheusrulemutate.monitoring.coreos.com": failed to call webhook: Post "https://monitoring-stack-kube-prom-operator.monitoring.svc:443/admission-prometheusrules/mutate?timeout=10s": no endpoints available for service "monitoring-stack-kube-prom-operator"
2025-01-29 13:38:34,847 INFO c.h.h.t.HelmChartContainer - [K3S] [dispatcher.go:214] "Unhandled Error" err="failed calling webhook \"prometheusrulemutate.monitoring.coreos.com\": failed to call webhook: Post \"https://monitoring-stack-kube-prom-operator.monitoring.svc:443/admission-prometheusrules/mutate?timeout=10s\": no endpoints available for service \"monitoring-stack-kube-prom-operator\""
2025-01-29 13:38:34,847 INFO c.h.h.t.HelmChartContainer - [K3S] [dispatcher.go:210] Failed calling webhook, failing open prometheusrulemutate.monitoring.coreos.com: failed calling webhook "prometheusrulemutate.monitoring.coreos.com": failed to call webhook: Post "https://monitoring-stack-kube-prom-operator.monitoring.svc:443/admission-prometheusrules/mutate?timeout=10s": no endpoints available for service "monitoring-stack-kube-prom-operator"
2025-01-29 13:38:34,847 INFO c.h.h.t.HelmChartContainer - [K3S] [dispatcher.go:214] "Unhandled Error" err="failed calling webhook \"prometheusrulemutate.monitoring.coreos.com\": failed to call webhook: Post \"https://monitoring-stack-kube-prom-operator.monitoring.svc:443/admission-prometheusrules/mutate?timeout=10s\": no endpoints available for service \"monitoring-stack-kube-prom-operator\""
2025-01-29 13:38:34,847 INFO c.h.h.t.HelmChartContainer - [K3S] [dispatcher.go:210] Failed calling webhook, failing open prometheusrulemutate.monitoring.coreos.com: failed calling webhook "prometheusrulemutate.monitoring.coreos.com": failed to call webhook: Post "https://monitoring-stack-kube-prom-operator.monitoring.svc:443/admission-prometheusrules/mutate?timeout=10s": no endpoints available for service "monitoring-stack-kube-prom-operator"
2025-01-29 13:38:34,847 INFO c.h.h.t.HelmChartContainer - [K3S] [dispatcher.go:214] "Unhandled Error" err="failed calling webhook \"prometheusrulemutate.monitoring.coreos.com\": failed to call webhook: Post \"https://monitoring-stack-kube-prom-operator.monitoring.svc:443/admission-prometheusrules/mutate?timeout=10s\": no endpoints available for service \"monitoring-stack-kube-prom-operator\""
2025-01-29 13:38:34,849 INFO c.h.h.t.HelmChartContainer - [K3S] [dispatcher.go:210] Failed calling webhook, failing open prometheusrulemutate.monitoring.coreos.com: failed calling webhook "prometheusrulemutate.monitoring.coreos.com": failed to call webhook: Post "https://monitoring-stack-kube-prom-operator.monitoring.svc:443/admission-prometheusrules/mutate?timeout=10s": no endpoints available for service "monitoring-stack-kube-prom-operator"
2025-01-29 13:38:34,849 INFO c.h.h.t.HelmChartContainer - [K3S] [dispatcher.go:214] "Unhandled Error" err="failed calling webhook \"prometheusrulemutate.monitoring.coreos.com\": failed to call webhook: Post \"https://monitoring-stack-kube-prom-operator.monitoring.svc:443/admission-prometheusrules/mutate?timeout=10s\": no endpoints available for service \"monitoring-stack-kube-prom-operator\""
2025-01-29 13:38:34,850 INFO c.h.h.t.HelmChartContainer - [K3S] [dispatcher.go:210] Failed calling webhook, failing open prometheusrulemutate.monitoring.coreos.com: failed calling webhook "prometheusrulemutate.monitoring.coreos.com": failed to call webhook: Post "https://monitoring-stack-kube-prom-operator.monitoring.svc:443/admission-prometheusrules/mutate?timeout=10s": no endpoints available for service "monitoring-stack-kube-prom-operator"
2025-01-29 13:38:34,850 INFO c.h.h.t.HelmChartContainer - [K3S] [dispatcher.go:214] "Unhandled Error" err="failed calling webhook \"prometheusrulemutate.monitoring.coreos.com\": failed to call webhook: Post \"https://monitoring-stack-kube-prom-operator.monitoring.svc:443/admission-prometheusrules/mutate?timeout=10s\": no endpoints available for service \"monitoring-stack-kube-prom-operator\""
2025-01-29 13:38:34,854 INFO c.h.h.t.HelmChartContainer - [K3S] [dispatcher.go:210] Failed calling webhook, failing open prometheusrulemutate.monitoring.coreos.com: failed calling webhook "prometheusrulemutate.monitoring.coreos.com": failed to call webhook: Post "https://monitoring-stack-kube-prom-operator.monitoring.svc:443/admission-prometheusrules/mutate?timeout=10s": no endpoints available for service "monitoring-stack-kube-prom-operator"
2025-01-29 13:38:34,854 INFO c.h.h.t.HelmChartContainer - [K3S] [dispatcher.go:214] "Unhandled Error" err="failed calling webhook \"prometheusrulemutate.monitoring.coreos.com\": failed to call webhook: Post \"https://monitoring-stack-kube-prom-operator.monitoring.svc:443/admission-prometheusrules/mutate?timeout=10s\": no endpoints available for service \"monitoring-stack-kube-prom-operator\""
2025-01-29 13:38:34,854 INFO c.h.h.t.HelmChartContainer - [K3S] [dispatcher.go:210] Failed calling webhook, failing open prometheusrulemutate.monitoring.coreos.com: failed calling webhook "prometheusrulemutate.monitoring.coreos.com": failed to call webhook: Post "https://monitoring-stack-kube-prom-operator.monitoring.svc:443/admission-prometheusrules/mutate?timeout=10s": no endpoints available for service "monitoring-stack-kube-prom-operator"
2025-01-29 13:38:34,854 INFO c.h.h.t.HelmChartContainer - [K3S] [dispatcher.go:214] "Unhandled Error" err="failed calling webhook \"prometheusrulemutate.monitoring.coreos.com\": failed to call webhook: Post \"https://monitoring-stack-kube-prom-operator.monitoring.svc:443/admission-prometheusrules/mutate?timeout=10s\": no endpoints available for service \"monitoring-stack-kube-prom-operator\""
2025-01-29 13:38:34,857 INFO c.h.h.t.HelmChartContainer - [K3S] [dispatcher.go:210] Failed calling webhook, failing open prometheusrulemutate.monitoring.coreos.com: failed calling webhook "prometheusrulemutate.monitoring.coreos.com": failed to call webhook: Post "https://monitoring-stack-kube-prom-operator.monitoring.svc:443/admission-prometheusrules/mutate?timeout=10s": no endpoints available for service "monitoring-stack-kube-prom-operator"
2025-01-29 13:38:34,857 INFO c.h.h.t.HelmChartContainer - [K3S] [dispatcher.go:214] "Unhandled Error" err="failed calling webhook \"prometheusrulemutate.monitoring.coreos.com\": failed to call webhook: Post \"https://monitoring-stack-kube-prom-operator.monitoring.svc:443/admission-prometheusrules/mutate?timeout=10s\": no endpoints available for service \"monitoring-stack-kube-prom-operator\""
2025-01-29 13:38:34,857 INFO c.h.h.t.HelmChartContainer - [K3S] [dispatcher.go:210] Failed calling webhook, failing open prometheusrulemutate.monitoring.coreos.com: failed calling webhook "prometheusrulemutate.monitoring.coreos.com": failed to call webhook: Post "https://monitoring-stack-kube-prom-operator.monitoring.svc:443/admission-prometheusrules/mutate?timeout=10s": no endpoints available for service "monitoring-stack-kube-prom-operator"
2025-01-29 13:38:34,857 INFO c.h.h.t.HelmChartContainer - [K3S] [dispatcher.go:214] "Unhandled Error" err="failed calling webhook \"prometheusrulemutate.monitoring.coreos.com\": failed to call webhook: Post \"https://monitoring-stack-kube-prom-operator.monitoring.svc:443/admission-prometheusrules/mutate?timeout=10s\": no endpoints available for service \"monitoring-stack-kube-prom-operator\""
2025-01-29 13:38:34,858 INFO c.h.h.t.HelmChartContainer - [K3S] [dispatcher.go:210] Failed calling webhook, failing open prometheusrulemutate.monitoring.coreos.com: failed calling webhook "prometheusrulemutate.monitoring.coreos.com": failed to call webhook: Post "https://monitoring-stack-kube-prom-operator.monitoring.svc:443/admission-prometheusrules/mutate?timeout=10s": no endpoints available for service "monitoring-stack-kube-prom-operator"
2025-01-29 13:38:34,858 INFO c.h.h.t.HelmChartContainer - [K3S] [dispatcher.go:214] "Unhandled Error" err="failed calling webhook \"prometheusrulemutate.monitoring.coreos.com\": failed to call webhook: Post \"https://monitoring-stack-kube-prom-operator.monitoring.svc:443/admission-prometheusrules/mutate?timeout=10s\": no endpoints available for service \"monitoring-stack-kube-prom-operator\""
2025-01-29 13:38:34,858 INFO c.h.h.t.HelmChartContainer - [K3S] [dispatcher.go:210] Failed calling webhook, failing open prometheusrulemutate.monitoring.coreos.com: failed calling webhook "prometheusrulemutate.monitoring.coreos.com": failed to call webhook: Post "https://monitoring-stack-kube-prom-operator.monitoring.svc:443/admission-prometheusrules/mutate?timeout=10s": no endpoints available for service "monitoring-stack-kube-prom-operator"
2025-01-29 13:38:34,858 INFO c.h.h.t.HelmChartContainer - [K3S] [dispatcher.go:214] "Unhandled Error" err="failed calling webhook \"prometheusrulemutate.monitoring.coreos.com\": failed to call webhook: Post \"https://monitoring-stack-kube-prom-operator.monitoring.svc:443/admission-prometheusrules/mutate?timeout=10s\": no endpoints available for service \"monitoring-stack-kube-prom-operator\""
2025-01-29 13:38:34,859 INFO c.h.h.t.HelmChartContainer - [K3S] [replica_set.go:679] "Finished syncing" kind="ReplicaSet" key="monitoring/monitoring-stack-kube-state-metrics-5bf5c7b54d" duration="85.002063ms"
2025-01-29 13:38:34,860 INFO c.h.h.t.HelmChartContainer - [K3S] [replica_set.go:679] "Finished syncing" kind="ReplicaSet" key="monitoring/monitoring-stack-kube-prom-operator-d77f8fd4c" duration="76.054458ms"
2025-01-29 13:38:34,860 INFO c.h.h.t.HelmChartContainer - [K3S] [replica_set.go:679] "Finished syncing" kind="ReplicaSet" key="monitoring/monitoring-stack-kube-prom-operator-d77f8fd4c" duration="36.107Âµs"
2025-01-29 13:38:34,865 INFO c.h.h.t.HelmChartContainer - [K3S] [dispatcher.go:210] Failed calling webhook, failing open prometheusrulemutate.monitoring.coreos.com: failed calling webhook "prometheusrulemutate.monitoring.coreos.com": failed to call webhook: Post "https://monitoring-stack-kube-prom-operator.monitoring.svc:443/admission-prometheusrules/mutate?timeout=10s": no endpoints available for service "monitoring-stack-kube-prom-operator"
2025-01-29 13:38:34,865 INFO c.h.h.t.HelmChartContainer - [K3S] [dispatcher.go:214] "Unhandled Error" err="failed calling webhook \"prometheusrulemutate.monitoring.coreos.com\": failed to call webhook: Post \"https://monitoring-stack-kube-prom-operator.monitoring.svc:443/admission-prometheusrules/mutate?timeout=10s\": no endpoints available for service \"monitoring-stack-kube-prom-operator\""
2025-01-29 13:38:34,868 INFO c.h.h.t.HelmChartContainer - [K3S] [dispatcher.go:210] Failed calling webhook, failing open prometheusrulemutate.monitoring.coreos.com: failed calling webhook "prometheusrulemutate.monitoring.coreos.com": failed to call webhook: Post "https://monitoring-stack-kube-prom-operator.monitoring.svc:443/admission-prometheusrules/mutate?timeout=10s": no endpoints available for service "monitoring-stack-kube-prom-operator"
2025-01-29 13:38:34,870 INFO c.h.h.t.HelmChartContainer - [K3S] [dispatcher.go:214] "Unhandled Error" err="failed calling webhook \"prometheusrulemutate.monitoring.coreos.com\": failed to call webhook: Post \"https://monitoring-stack-kube-prom-operator.monitoring.svc:443/admission-prometheusrules/mutate?timeout=10s\": no endpoints available for service \"monitoring-stack-kube-prom-operator\""
2025-01-29 13:38:34,873 INFO c.h.h.t.HelmChartContainer - [K3S] [dispatcher.go:210] Failed calling webhook, failing open prometheusrulemutate.monitoring.coreos.com: failed calling webhook "prometheusrulemutate.monitoring.coreos.com": failed to call webhook: Post "https://monitoring-stack-kube-prom-operator.monitoring.svc:443/admission-prometheusrules/mutate?timeout=10s": no endpoints available for service "monitoring-stack-kube-prom-operator"
2025-01-29 13:38:34,873 INFO c.h.h.t.HelmChartContainer - [K3S] [dispatcher.go:214] "Unhandled Error" err="failed calling webhook \"prometheusrulemutate.monitoring.coreos.com\": failed to call webhook: Post \"https://monitoring-stack-kube-prom-operator.monitoring.svc:443/admission-prometheusrules/mutate?timeout=10s\": no endpoints available for service \"monitoring-stack-kube-prom-operator\""
2025-01-29 13:38:34,873 INFO c.h.h.t.HelmChartContainer - [K3S] [dispatcher.go:210] Failed calling webhook, failing open prometheusrulemutate.monitoring.coreos.com: failed calling webhook "prometheusrulemutate.monitoring.coreos.com": failed to call webhook: Post "https://monitoring-stack-kube-prom-operator.monitoring.svc:443/admission-prometheusrules/mutate?timeout=10s": no endpoints available for service "monitoring-stack-kube-prom-operator"
2025-01-29 13:38:34,873 INFO c.h.h.t.HelmChartContainer - [K3S] [dispatcher.go:214] "Unhandled Error" err="failed calling webhook \"prometheusrulemutate.monitoring.coreos.com\": failed to call webhook: Post \"https://monitoring-stack-kube-prom-operator.monitoring.svc:443/admission-prometheusrules/mutate?timeout=10s\": no endpoints available for service \"monitoring-stack-kube-prom-operator\""
2025-01-29 13:38:34,873 INFO c.h.h.t.HelmChartContainer - [K3S] [dispatcher.go:210] Failed calling webhook, failing open prometheusrulemutate.monitoring.coreos.com: failed calling webhook "prometheusrulemutate.monitoring.coreos.com": failed to call webhook: Post "https://monitoring-stack-kube-prom-operator.monitoring.svc:443/admission-prometheusrules/mutate?timeout=10s": no endpoints available for service "monitoring-stack-kube-prom-operator"
2025-01-29 13:38:34,882 INFO c.h.h.t.HelmChartContainer - [K3S] [dispatcher.go:214] "Unhandled Error" err="failed calling webhook \"prometheusrulemutate.monitoring.coreos.com\": failed to call webhook: Post \"https://monitoring-stack-kube-prom-operator.monitoring.svc:443/admission-prometheusrules/mutate?timeout=10s\": no endpoints available for service \"monitoring-stack-kube-prom-operator\""
2025-01-29 13:38:34,882 INFO c.h.h.t.HelmChartContainer - [K3S] [dispatcher.go:210] Failed calling webhook, failing open prometheusrulemutate.monitoring.coreos.com: failed calling webhook "prometheusrulemutate.monitoring.coreos.com": failed to call webhook: Post "https://monitoring-stack-kube-prom-operator.monitoring.svc:443/admission-prometheusrules/mutate?timeout=10s": no endpoints available for service "monitoring-stack-kube-prom-operator"
2025-01-29 13:38:34,882 INFO c.h.h.t.HelmChartContainer - [K3S] [dispatcher.go:214] "Unhandled Error" err="failed calling webhook \"prometheusrulemutate.monitoring.coreos.com\": failed to call webhook: Post \"https://monitoring-stack-kube-prom-operator.monitoring.svc:443/admission-prometheusrules/mutate?timeout=10s\": no endpoints available for service \"monitoring-stack-kube-prom-operator\""
2025-01-29 13:38:34,882 INFO c.h.h.t.HelmChartContainer - [K3S] [dispatcher.go:210] Failed calling webhook, failing open prometheusrulemutate.monitoring.coreos.com: failed calling webhook "prometheusrulemutate.monitoring.coreos.com": failed to call webhook: Post "https://monitoring-stack-kube-prom-operator.monitoring.svc:443/admission-prometheusrules/mutate?timeout=10s": no endpoints available for service "monitoring-stack-kube-prom-operator"
2025-01-29 13:38:34,882 INFO c.h.h.t.HelmChartContainer - [K3S] [dispatcher.go:214] "Unhandled Error" err="failed calling webhook \"prometheusrulemutate.monitoring.coreos.com\": failed to call webhook: Post \"https://monitoring-stack-kube-prom-operator.monitoring.svc:443/admission-prometheusrules/mutate?timeout=10s\": no endpoints available for service \"monitoring-stack-kube-prom-operator\""
2025-01-29 13:38:34,882 INFO c.h.h.t.HelmChartContainer - [K3S] [dispatcher.go:210] Failed calling webhook, failing open prometheusrulemutate.monitoring.coreos.com: failed calling webhook "prometheusrulemutate.monitoring.coreos.com": failed to call webhook: Post "https://monitoring-stack-kube-prom-operator.monitoring.svc:443/admission-prometheusrules/mutate?timeout=10s": no endpoints available for service "monitoring-stack-kube-prom-operator"
2025-01-29 13:38:34,882 INFO c.h.h.t.HelmChartContainer - [K3S] [dispatcher.go:214] "Unhandled Error" err="failed calling webhook \"prometheusrulemutate.monitoring.coreos.com\": failed to call webhook: Post \"https://monitoring-stack-kube-prom-operator.monitoring.svc:443/admission-prometheusrules/mutate?timeout=10s\": no endpoints available for service \"monitoring-stack-kube-prom-operator\""
2025-01-29 13:38:34,882 INFO c.h.h.t.HelmChartContainer - [K3S] [dispatcher.go:210] Failed calling webhook, failing open prometheusrulemutate.monitoring.coreos.com: failed calling webhook "prometheusrulemutate.monitoring.coreos.com": failed to call webhook: Post "https://monitoring-stack-kube-prom-operator.monitoring.svc:443/admission-prometheusrules/mutate?timeout=10s": no endpoints available for service "monitoring-stack-kube-prom-operator"
2025-01-29 13:38:34,882 INFO c.h.h.t.HelmChartContainer - [K3S] [dispatcher.go:214] "Unhandled Error" err="failed calling webhook \"prometheusrulemutate.monitoring.coreos.com\": failed to call webhook: Post \"https://monitoring-stack-kube-prom-operator.monitoring.svc:443/admission-prometheusrules/mutate?timeout=10s\": no endpoints available for service \"monitoring-stack-kube-prom-operator\""
2025-01-29 13:38:34,882 INFO c.h.h.t.HelmChartContainer - [K3S] [dispatcher.go:210] Failed calling webhook, failing open prometheusrulemutate.monitoring.coreos.com: failed calling webhook "prometheusrulemutate.monitoring.coreos.com": failed to call webhook: Post "https://monitoring-stack-kube-prom-operator.monitoring.svc:443/admission-prometheusrules/mutate?timeout=10s": no endpoints available for service "monitoring-stack-kube-prom-operator"
2025-01-29 13:38:34,882 INFO c.h.h.t.HelmChartContainer - [K3S] [dispatcher.go:214] "Unhandled Error" err="failed calling webhook \"prometheusrulemutate.monitoring.coreos.com\": failed to call webhook: Post \"https://monitoring-stack-kube-prom-operator.monitoring.svc:443/admission-prometheusrules/mutate?timeout=10s\": no endpoints available for service \"monitoring-stack-kube-prom-operator\""
2025-01-29 13:38:34,882 INFO c.h.h.t.HelmChartContainer - [K3S] [dispatcher.go:210] Failed calling webhook, failing open prometheusrulemutate.monitoring.coreos.com: failed calling webhook "prometheusrulemutate.monitoring.coreos.com": failed to call webhook: Post "https://monitoring-stack-kube-prom-operator.monitoring.svc:443/admission-prometheusrules/mutate?timeout=10s": no endpoints available for service "monitoring-stack-kube-prom-operator"
2025-01-29 13:38:34,882 INFO c.h.h.t.HelmChartContainer - [K3S] [dispatcher.go:214] "Unhandled Error" err="failed calling webhook \"prometheusrulemutate.monitoring.coreos.com\": failed to call webhook: Post \"https://monitoring-stack-kube-prom-operator.monitoring.svc:443/admission-prometheusrules/mutate?timeout=10s\": no endpoints available for service \"monitoring-stack-kube-prom-operator\""
2025-01-29 13:38:34,882 INFO c.h.h.t.HelmChartContainer - [K3S] [dispatcher.go:210] Failed calling webhook, failing open prometheusrulemutate.monitoring.coreos.com: failed calling webhook "prometheusrulemutate.monitoring.coreos.com": failed to call webhook: Post "https://monitoring-stack-kube-prom-operator.monitoring.svc:443/admission-prometheusrules/mutate?timeout=10s": no endpoints available for service "monitoring-stack-kube-prom-operator"
2025-01-29 13:38:34,882 INFO c.h.h.t.HelmChartContainer - [K3S] [dispatcher.go:214] "Unhandled Error" err="failed calling webhook \"prometheusrulemutate.monitoring.coreos.com\": failed to call webhook: Post \"https://monitoring-stack-kube-prom-operator.monitoring.svc:443/admission-prometheusrules/mutate?timeout=10s\": no endpoints available for service \"monitoring-stack-kube-prom-operator\""
2025-01-29 13:38:34,882 INFO c.h.h.t.HelmChartContainer - [K3S] [dispatcher.go:210] Failed calling webhook, failing open prometheusrulemutate.monitoring.coreos.com: failed calling webhook "prometheusrulemutate.monitoring.coreos.com": failed to call webhook: Post "https://monitoring-stack-kube-prom-operator.monitoring.svc:443/admission-prometheusrules/mutate?timeout=10s": no endpoints available for service "monitoring-stack-kube-prom-operator"
2025-01-29 13:38:34,882 INFO c.h.h.t.HelmChartContainer - [K3S] [dispatcher.go:214] "Unhandled Error" err="failed calling webhook \"prometheusrulemutate.monitoring.coreos.com\": failed to call webhook: Post \"https://monitoring-stack-kube-prom-operator.monitoring.svc:443/admission-prometheusrules/mutate?timeout=10s\": no endpoints available for service \"monitoring-stack-kube-prom-operator\""
2025-01-29 13:38:34,887 INFO c.h.h.t.HelmChartContainer - [K3S] [dispatcher.go:210] Failed calling webhook, failing open prometheusrulemutate.monitoring.coreos.com: failed calling webhook "prometheusrulemutate.monitoring.coreos.com": failed to call webhook: Post "https://monitoring-stack-kube-prom-operator.monitoring.svc:443/admission-prometheusrules/mutate?timeout=10s": no endpoints available for service "monitoring-stack-kube-prom-operator"
2025-01-29 13:38:34,892 INFO c.h.h.t.HelmChartContainer - [K3S] [dispatcher.go:214] "Unhandled Error" err="failed calling webhook \"prometheusrulemutate.monitoring.coreos.com\": failed to call webhook: Post \"https://monitoring-stack-kube-prom-operator.monitoring.svc:443/admission-prometheusrules/mutate?timeout=10s\": no endpoints available for service \"monitoring-stack-kube-prom-operator\""
2025-01-29 13:38:34,894 INFO c.h.h.t.HelmChartContainer - [K3S] [dispatcher.go:210] Failed calling webhook, failing open prometheusrulemutate.monitoring.coreos.com: failed calling webhook "prometheusrulemutate.monitoring.coreos.com": failed to call webhook: Post "https://monitoring-stack-kube-prom-operator.monitoring.svc:443/admission-prometheusrules/mutate?timeout=10s": no endpoints available for service "monitoring-stack-kube-prom-operator"
2025-01-29 13:38:34,894 INFO c.h.h.t.HelmChartContainer - [K3S] [dispatcher.go:214] "Unhandled Error" err="failed calling webhook \"prometheusrulemutate.monitoring.coreos.com\": failed to call webhook: Post \"https://monitoring-stack-kube-prom-operator.monitoring.svc:443/admission-prometheusrules/mutate?timeout=10s\": no endpoints available for service \"monitoring-stack-kube-prom-operator\""
2025-01-29 13:38:34,894 INFO c.h.h.t.HelmChartContainer - [K3S] [dispatcher.go:210] Failed calling webhook, failing open prometheusrulemutate.monitoring.coreos.com: failed calling webhook "prometheusrulemutate.monitoring.coreos.com": failed to call webhook: Post "https://monitoring-stack-kube-prom-operator.monitoring.svc:443/admission-prometheusrules/mutate?timeout=10s": no endpoints available for service "monitoring-stack-kube-prom-operator"
2025-01-29 13:38:34,895 INFO c.h.h.t.HelmChartContainer - [K3S] [dispatcher.go:214] "Unhandled Error" err="failed calling webhook \"prometheusrulemutate.monitoring.coreos.com\": failed to call webhook: Post \"https://monitoring-stack-kube-prom-operator.monitoring.svc:443/admission-prometheusrules/mutate?timeout=10s\": no endpoints available for service \"monitoring-stack-kube-prom-operator\""
2025-01-29 13:38:34,896 INFO c.h.h.t.HelmChartContainer - [K3S] [replica_set.go:679] "Finished syncing" kind="ReplicaSet" key="monitoring/monitoring-stack-grafana-64c55fb967" duration="118.291576ms"
2025-01-29 13:38:34,897 INFO c.h.h.t.HelmChartContainer - [K3S] [replica_set.go:679] "Finished syncing" kind="ReplicaSet" key="monitoring/monitoring-stack-grafana-64c55fb967" duration="61.594Âµs"
2025-01-29 13:38:34,933 INFO c.h.h.t.HelmChartContainer - [K3S] [replica_set.go:679] "Finished syncing" kind="ReplicaSet" key="monitoring/monitoring-stack-grafana-64c55fb967" duration="64.209Âµs"
2025-01-29 13:38:34,934 INFO c.h.h.t.HelmChartContainer - [POD] monitoring-stack-grafana-64c55fb967-ng87k [cb147c8f-1f2d-4ee6-835c-d46fbdf4e2ae] in monitoring was MODIFIED
2025-01-29 13:38:34,942 INFO c.h.h.t.HelmChartContainer - [K3S] [replica_set.go:679] "Finished syncing" kind="ReplicaSet" key="monitoring/monitoring-stack-kube-state-metrics-5bf5c7b54d" duration="82.33862ms"
2025-01-29 13:38:34,943 INFO c.h.h.t.HelmChartContainer - [K3S] [replica_set.go:679] "Finished syncing" kind="ReplicaSet" key="monitoring/monitoring-stack-kube-state-metrics-5bf5c7b54d" duration="44.203Âµs"
2025-01-29 13:38:35,109 INFO c.h.h.t.HelmChartContainer - [EVENT] Normal [Pulling] Pulling image "quay.io/prometheus/node-exporter:v1.8.2" [monitoring:monitoring-stack-prometheus-node-exporter-zmx7f]
2025-01-29 13:38:35,140 INFO c.h.h.t.HelmChartContainer - [EVENT] Normal [Pulling] Pulling image "quay.io/kiwigrid/k8s-sidecar:1.28.0" [monitoring:monitoring-stack-grafana-64c55fb967-ng87k]
2025-01-29 13:38:35,169 INFO c.h.h.t.HelmChartContainer - [EVENT] Normal [Pulling] Pulling image "registry.k8s.io/kube-state-metrics/kube-state-metrics:v2.14.0" [monitoring:monitoring-stack-kube-state-metrics-5bf5c7b54d-8tmwr]
2025-01-29 13:38:35,346 INFO c.h.h.t.HelmChartContainer - [K3S] [kubelet_volumes.go:163] "Cleaned up orphaned pod volumes dir" podUID="1e10bb86-cfaa-410b-9be3-ed8c11f592ca" path="/var/lib/kubelet/pods/1e10bb86-cfaa-410b-9be3-ed8c11f592ca/volumes"
2025-01-29 13:38:35,767 INFO c.h.h.t.HelmChartContainer - [EVENT] Normal [Pulling] Pulling image "quay.io/prometheus-operator/prometheus-operator:v0.79.2" [monitoring:monitoring-stack-kube-prom-operator-d77f8fd4c-jzsg8]
2025-01-29 13:38:36,069 INFO c.h.h.t.HelmChartContainer - [EVENT] Normal [Pulled] Successfully pulled image "registry.k8s.io/kube-state-metrics/kube-state-metrics:v2.14.0" in 897ms (897ms including waiting). Image size: 15427061 bytes. [monitoring:monitoring-stack-kube-state-metrics-5bf5c7b54d-8tmwr]
2025-01-29 13:38:36,076 INFO c.h.h.t.HelmChartContainer - [EVENT] Normal [Created] Created container: kube-state-metrics [monitoring:monitoring-stack-kube-state-metrics-5bf5c7b54d-8tmwr]
2025-01-29 13:38:36,140 INFO c.h.h.t.HelmChartContainer - [EVENT] Normal [Started] Started container kube-state-metrics [monitoring:monitoring-stack-kube-state-metrics-5bf5c7b54d-8tmwr]
2025-01-29 13:38:36,417 INFO c.h.h.t.HelmChartContainer - [POD] monitoring-stack-kube-state-metrics-5bf5c7b54d-8tmwr [65986f09-f280-47a0-a6ea-d271d8b87483] in monitoring was MODIFIED
2025-01-29 13:38:36,419 INFO c.h.h.t.HelmChartContainer - [K3S] [replica_set.go:679] "Finished syncing" kind="ReplicaSet" key="monitoring/monitoring-stack-kube-state-metrics-5bf5c7b54d" duration="42.349Âµs"
2025-01-29 13:38:37,234 INFO c.h.h.t.HelmChartContainer - [EVENT] Normal [Pulled] Successfully pulled image "quay.io/prometheus/node-exporter:v1.8.2" in 2.126s (2.126s including waiting). Image size: 12041464 bytes. [monitoring:monitoring-stack-prometheus-node-exporter-zmx7f]
2025-01-29 13:38:37,245 INFO c.h.h.t.HelmChartContainer - [EVENT] Normal [Created] Created container: node-exporter [monitoring:monitoring-stack-prometheus-node-exporter-zmx7f]
2025-01-29 13:38:37,304 INFO c.h.h.t.HelmChartContainer - [EVENT] Normal [Started] Started container node-exporter [monitoring:monitoring-stack-prometheus-node-exporter-zmx7f]
2025-01-29 13:38:37,442 INFO c.h.h.t.HelmChartContainer - [POD] monitoring-stack-prometheus-node-exporter-zmx7f [8ed651e2-0998-4ea0-a49c-3cd809d27b31] in monitoring was MODIFIED
2025-01-29 13:38:37,456 INFO c.h.h.t.HelmChartContainer - [POD] monitoring-stack-prometheus-node-exporter-zmx7f [8ed651e2-0998-4ea0-a49c-3cd809d27b31] in monitoring was MODIFIED
2025-01-29 13:38:37,596 INFO c.h.h.t.HelmChartContainer - [EVENT] Normal [Pulled] Successfully pulled image "quay.io/prometheus-operator/prometheus-operator:v0.79.2" in 1.827s (1.827s including waiting). Image size: 19140913 bytes. [monitoring:monitoring-stack-kube-prom-operator-d77f8fd4c-jzsg8]
2025-01-29 13:38:37,604 INFO c.h.h.t.HelmChartContainer - [EVENT] Normal [Created] Created container: kube-prometheus-stack [monitoring:monitoring-stack-kube-prom-operator-d77f8fd4c-jzsg8]
2025-01-29 13:38:37,671 INFO c.h.h.t.HelmChartContainer - [EVENT] Normal [Started] Started container kube-prometheus-stack [monitoring:monitoring-stack-kube-prom-operator-d77f8fd4c-jzsg8]
2025-01-29 13:38:38,062 INFO c.h.h.t.HelmChartContainer - [EVENT] Normal [SuccessfulCreate] create Pod alertmanager-monitoring-stack-kube-prom-alertmanager-0 in StatefulSet alertmanager-monitoring-stack-kube-prom-alertmanager successful [monitoring:alertmanager-monitoring-stack-kube-prom-alertmanager]
2025-01-29 13:38:38,065 INFO c.h.h.t.HelmChartContainer - [POD] alertmanager-monitoring-stack-kube-prom-alertmanager-0 [b7a5b1e3-7ca7-4269-b2fc-3ad23672d513] in monitoring was ADDED
2025-01-29 13:38:38,072 INFO c.h.h.t.HelmChartContainer - [POD] alertmanager-monitoring-stack-kube-prom-alertmanager-0 [b7a5b1e3-7ca7-4269-b2fc-3ad23672d513] in monitoring was MODIFIED
2025-01-29 13:38:38,100 INFO c.h.h.t.HelmChartContainer - [EVENT] Normal [Scheduled] Successfully assigned monitoring/alertmanager-monitoring-stack-kube-prom-alertmanager-0 to cc060c47c65d [monitoring:alertmanager-monitoring-stack-kube-prom-alertmanager-0]
2025-01-29 13:38:38,106 INFO c.h.h.t.HelmChartContainer - [K3S] [reconciler_common.go:251] "operationExecutor.VerifyControllerAttachedVolume started for volume \"alertmanager-monitoring-stack-kube-prom-alertmanager-db\" (UniqueName: \"kubernetes.io/empty-dir/b7a5b1e3-7ca7-4269-b2fc-3ad23672d513-alertmanager-monitoring-stack-kube-prom-alertmanager-db\") pod \"alertmanager-monitoring-stack-kube-prom-alertmanager-0\" (UID: \"b7a5b1e3-7ca7-4269-b2fc-3ad23672d513\") " pod="monitoring/alertmanager-monitoring-stack-kube-prom-alertmanager-0"
2025-01-29 13:38:38,108 INFO c.h.h.t.HelmChartContainer - [K3S] [reconciler_common.go:251] "operationExecutor.VerifyControllerAttachedVolume started for volume \"config-volume\" (UniqueName: \"kubernetes.io/secret/b7a5b1e3-7ca7-4269-b2fc-3ad23672d513-config-volume\") pod \"alertmanager-monitoring-stack-kube-prom-alertmanager-0\" (UID: \"b7a5b1e3-7ca7-4269-b2fc-3ad23672d513\") " pod="monitoring/alertmanager-monitoring-stack-kube-prom-alertmanager-0"
2025-01-29 13:38:38,108 INFO c.h.h.t.HelmChartContainer - [K3S] [reconciler_common.go:251] "operationExecutor.VerifyControllerAttachedVolume started for volume \"tls-assets\" (UniqueName: \"kubernetes.io/projected/b7a5b1e3-7ca7-4269-b2fc-3ad23672d513-tls-assets\") pod \"alertmanager-monitoring-stack-kube-prom-alertmanager-0\" (UID: \"b7a5b1e3-7ca7-4269-b2fc-3ad23672d513\") " pod="monitoring/alertmanager-monitoring-stack-kube-prom-alertmanager-0"
2025-01-29 13:38:38,108 INFO c.h.h.t.HelmChartContainer - [K3S] [reconciler_common.go:251] "operationExecutor.VerifyControllerAttachedVolume started for volume \"web-config\" (UniqueName: \"kubernetes.io/secret/b7a5b1e3-7ca7-4269-b2fc-3ad23672d513-web-config\") pod \"alertmanager-monitoring-stack-kube-prom-alertmanager-0\" (UID: \"b7a5b1e3-7ca7-4269-b2fc-3ad23672d513\") " pod="monitoring/alertmanager-monitoring-stack-kube-prom-alertmanager-0"
2025-01-29 13:38:38,108 INFO c.h.h.t.HelmChartContainer - [K3S] [reconciler_common.go:251] "operationExecutor.VerifyControllerAttachedVolume started for volume \"config-out\" (UniqueName: \"kubernetes.io/empty-dir/b7a5b1e3-7ca7-4269-b2fc-3ad23672d513-config-out\") pod \"alertmanager-monitoring-stack-kube-prom-alertmanager-0\" (UID: \"b7a5b1e3-7ca7-4269-b2fc-3ad23672d513\") " pod="monitoring/alertmanager-monitoring-stack-kube-prom-alertmanager-0"
2025-01-29 13:38:38,108 INFO c.h.h.t.HelmChartContainer - [K3S] [reconciler_common.go:251] "operationExecutor.VerifyControllerAttachedVolume started for volume \"kube-api-access-gtlsf\" (UniqueName: \"kubernetes.io/projected/b7a5b1e3-7ca7-4269-b2fc-3ad23672d513-kube-api-access-gtlsf\") pod \"alertmanager-monitoring-stack-kube-prom-alertmanager-0\" (UID: \"b7a5b1e3-7ca7-4269-b2fc-3ad23672d513\") " pod="monitoring/alertmanager-monitoring-stack-kube-prom-alertmanager-0"
2025-01-29 13:38:38,145 INFO c.h.h.t.HelmChartContainer - [POD] prometheus-monitoring-stack-kube-prom-prometheus-0 [ae653978-159f-4810-880b-78ecbc0a3b8f] in monitoring was ADDED
2025-01-29 13:38:38,194 INFO c.h.h.t.HelmChartContainer - [POD] prometheus-monitoring-stack-kube-prom-prometheus-0 [ae653978-159f-4810-880b-78ecbc0a3b8f] in monitoring was MODIFIED
2025-01-29 13:38:38,242 INFO c.h.h.t.HelmChartContainer - [POD] alertmanager-monitoring-stack-kube-prom-alertmanager-0 [b7a5b1e3-7ca7-4269-b2fc-3ad23672d513] in monitoring was MODIFIED
2025-01-29 13:38:38,305 INFO c.h.h.t.HelmChartContainer - [EVENT] Normal [Scheduled] Successfully assigned monitoring/prometheus-monitoring-stack-kube-prom-prometheus-0 to cc060c47c65d [monitoring:prometheus-monitoring-stack-kube-prom-prometheus-0]
2025-01-29 13:38:38,313 INFO c.h.h.t.HelmChartContainer - [K3S] [reconciler_common.go:251] "operationExecutor.VerifyControllerAttachedVolume started for volume \"web-config\" (UniqueName: \"kubernetes.io/secret/ae653978-159f-4810-880b-78ecbc0a3b8f-web-config\") pod \"prometheus-monitoring-stack-kube-prom-prometheus-0\" (UID: \"ae653978-159f-4810-880b-78ecbc0a3b8f\") " pod="monitoring/prometheus-monitoring-stack-kube-prom-prometheus-0"
2025-01-29 13:38:38,317 INFO c.h.h.t.HelmChartContainer - [K3S] [reconciler_common.go:251] "operationExecutor.VerifyControllerAttachedVolume started for volume \"tls-assets\" (UniqueName: \"kubernetes.io/projected/ae653978-159f-4810-880b-78ecbc0a3b8f-tls-assets\") pod \"prometheus-monitoring-stack-kube-prom-prometheus-0\" (UID: \"ae653978-159f-4810-880b-78ecbc0a3b8f\") " pod="monitoring/prometheus-monitoring-stack-kube-prom-prometheus-0"
2025-01-29 13:38:38,317 INFO c.h.h.t.HelmChartContainer - [K3S] [reconciler_common.go:251] "operationExecutor.VerifyControllerAttachedVolume started for volume \"prometheus-monitoring-stack-kube-prom-prometheus-db\" (UniqueName: \"kubernetes.io/empty-dir/ae653978-159f-4810-880b-78ecbc0a3b8f-prometheus-monitoring-stack-kube-prom-prometheus-db\") pod \"prometheus-monitoring-stack-kube-prom-prometheus-0\" (UID: \"ae653978-159f-4810-880b-78ecbc0a3b8f\") " pod="monitoring/prometheus-monitoring-stack-kube-prom-prometheus-0"
2025-01-29 13:38:38,317 INFO c.h.h.t.HelmChartContainer - [K3S] [reconciler_common.go:251] "operationExecutor.VerifyControllerAttachedVolume started for volume \"prometheus-monitoring-stack-kube-prom-prometheus-rulefiles-0\" (UniqueName: \"kubernetes.io/configmap/ae653978-159f-4810-880b-78ecbc0a3b8f-prometheus-monitoring-stack-kube-prom-prometheus-rulefiles-0\") pod \"prometheus-monitoring-stack-kube-prom-prometheus-0\" (UID: \"ae653978-159f-4810-880b-78ecbc0a3b8f\") " pod="monitoring/prometheus-monitoring-stack-kube-prom-prometheus-0"
2025-01-29 13:38:38,317 INFO c.h.h.t.HelmChartContainer - [K3S] [reconciler_common.go:251] "operationExecutor.VerifyControllerAttachedVolume started for volume \"config-out\" (UniqueName: \"kubernetes.io/empty-dir/ae653978-159f-4810-880b-78ecbc0a3b8f-config-out\") pod \"prometheus-monitoring-stack-kube-prom-prometheus-0\" (UID: \"ae653978-159f-4810-880b-78ecbc0a3b8f\") " pod="monitoring/prometheus-monitoring-stack-kube-prom-prometheus-0"
2025-01-29 13:38:38,317 INFO c.h.h.t.HelmChartContainer - [K3S] [reconciler_common.go:251] "operationExecutor.VerifyControllerAttachedVolume started for volume \"kube-api-access-n4fjn\" (UniqueName: \"kubernetes.io/projected/ae653978-159f-4810-880b-78ecbc0a3b8f-kube-api-access-n4fjn\") pod \"prometheus-monitoring-stack-kube-prom-prometheus-0\" (UID: \"ae653978-159f-4810-880b-78ecbc0a3b8f\") " pod="monitoring/prometheus-monitoring-stack-kube-prom-prometheus-0"
2025-01-29 13:38:38,317 INFO c.h.h.t.HelmChartContainer - [K3S] [reconciler_common.go:251] "operationExecutor.VerifyControllerAttachedVolume started for volume \"config\" (UniqueName: \"kubernetes.io/secret/ae653978-159f-4810-880b-78ecbc0a3b8f-config\") pod \"prometheus-monitoring-stack-kube-prom-prometheus-0\" (UID: \"ae653978-159f-4810-880b-78ecbc0a3b8f\") " pod="monitoring/prometheus-monitoring-stack-kube-prom-prometheus-0"
2025-01-29 13:38:38,349 INFO c.h.h.t.HelmChartContainer - [EVENT] Normal [SuccessfulCreate] create Pod prometheus-monitoring-stack-kube-prom-prometheus-0 in StatefulSet prometheus-monitoring-stack-kube-prom-prometheus successful [monitoring:prometheus-monitoring-stack-kube-prom-prometheus]
2025-01-29 13:38:38,394 INFO c.h.h.t.HelmChartContainer - [POD] prometheus-monitoring-stack-kube-prom-prometheus-0 [ae653978-159f-4810-880b-78ecbc0a3b8f] in monitoring was MODIFIED
2025-01-29 13:38:38,440 INFO c.h.h.t.HelmChartContainer - [K3S] [replica_set.go:679] "Finished syncing" kind="ReplicaSet" key="monitoring/monitoring-stack-kube-prom-operator-d77f8fd4c" duration="73.557Âµs"
2025-01-29 13:38:38,440 INFO c.h.h.t.HelmChartContainer - [POD] monitoring-stack-kube-prom-operator-d77f8fd4c-jzsg8 [06da464b-958e-4d8d-8188-97c39b2c72ff] in monitoring was MODIFIED
2025-01-29 13:38:38,450 INFO c.h.h.t.HelmChartContainer - [POD] monitoring-stack-kube-prom-operator-d77f8fd4c-jzsg8 [06da464b-958e-4d8d-8188-97c39b2c72ff] in monitoring was MODIFIED
2025-01-29 13:38:38,479 INFO c.h.h.t.HelmChartContainer - [K3S] [replica_set.go:679] "Finished syncing" kind="ReplicaSet" key="monitoring/monitoring-stack-kube-prom-operator-d77f8fd4c" duration="23.787844ms"
2025-01-29 13:38:38,480 INFO c.h.h.t.HelmChartContainer - [K3S] [replica_set.go:679] "Finished syncing" kind="ReplicaSet" key="monitoring/monitoring-stack-kube-prom-operator-d77f8fd4c" duration="42.108Âµs"
2025-01-29 13:38:38,631 INFO c.h.h.t.HelmChartContainer - [EVENT] Normal [Pulled] Successfully pulled image "quay.io/kiwigrid/k8s-sidecar:1.28.0" in 3.488s (3.488s including waiting). Image size: 23059632 bytes. [monitoring:monitoring-stack-grafana-64c55fb967-ng87k]
2025-01-29 13:38:38,644 INFO c.h.h.t.HelmChartContainer - [EVENT] Normal [Pulling] Pulling image "quay.io/prometheus-operator/prometheus-config-reloader:v0.79.2" [monitoring:alertmanager-monitoring-stack-kube-prom-alertmanager-0]
2025-01-29 13:38:38,652 INFO c.h.h.t.HelmChartContainer - [EVENT] Normal [Created] Created container: grafana-sc-dashboard [monitoring:monitoring-stack-grafana-64c55fb967-ng87k]
2025-01-29 13:38:38,702 INFO c.h.h.t.HelmChartContainer - [EVENT] Normal [Pulling] Pulling image "quay.io/prometheus-operator/prometheus-config-reloader:v0.79.2" [monitoring:prometheus-monitoring-stack-kube-prom-prometheus-0]
2025-01-29 13:38:38,732 INFO c.h.h.t.HelmChartContainer - [EVENT] Normal [Started] Started container grafana-sc-dashboard [monitoring:monitoring-stack-grafana-64c55fb967-ng87k]
2025-01-29 13:38:38,735 INFO c.h.h.t.HelmChartContainer - [EVENT] Normal [Pulled] Container image "quay.io/kiwigrid/k8s-sidecar:1.28.0" already present on machine [monitoring:monitoring-stack-grafana-64c55fb967-ng87k]
2025-01-29 13:38:38,752 INFO c.h.h.t.HelmChartContainer - [EVENT] Normal [Created] Created container: grafana-sc-datasources [monitoring:monitoring-stack-grafana-64c55fb967-ng87k]
2025-01-29 13:38:38,854 INFO c.h.h.t.HelmChartContainer - [EVENT] Normal [Started] Started container grafana-sc-datasources [monitoring:monitoring-stack-grafana-64c55fb967-ng87k]
2025-01-29 13:38:38,856 INFO c.h.h.t.HelmChartContainer - [EVENT] Normal [Pulling] Pulling image "docker.io/grafana/grafana:11.4.0" [monitoring:monitoring-stack-grafana-64c55fb967-ng87k]
2025-01-29 13:38:40,156 INFO c.h.h.t.HelmChartContainer - [EVENT] Normal [Pulled] Successfully pulled image "quay.io/prometheus-operator/prometheus-config-reloader:v0.79.2" in 1.509s (1.509s including waiting). Image size: 14945849 bytes. [monitoring:alertmanager-monitoring-stack-kube-prom-alertmanager-0]
2025-01-29 13:38:40,157 INFO c.h.h.t.HelmChartContainer - [EVENT] Normal [Pulled] Successfully pulled image "quay.io/prometheus-operator/prometheus-config-reloader:v0.79.2" in 1.453s (1.453s including waiting). Image size: 14945849 bytes. [monitoring:prometheus-monitoring-stack-kube-prom-prometheus-0]
2025-01-29 13:38:40,178 INFO c.h.h.t.HelmChartContainer - [EVENT] Normal [Created] Created container: init-config-reloader [monitoring:alertmanager-monitoring-stack-kube-prom-alertmanager-0]
2025-01-29 13:38:40,183 INFO c.h.h.t.HelmChartContainer - [EVENT] Normal [Created] Created container: init-config-reloader [monitoring:prometheus-monitoring-stack-kube-prom-prometheus-0]
2025-01-29 13:38:40,284 INFO c.h.h.t.HelmChartContainer - [EVENT] Normal [Started] Started container init-config-reloader [monitoring:alertmanager-monitoring-stack-kube-prom-alertmanager-0]
2025-01-29 13:38:40,288 INFO c.h.h.t.HelmChartContainer - [EVENT] Normal [Started] Started container init-config-reloader [monitoring:prometheus-monitoring-stack-kube-prom-prometheus-0]
2025-01-29 13:38:40,462 INFO c.h.h.t.HelmChartContainer - [POD] alertmanager-monitoring-stack-kube-prom-alertmanager-0 [b7a5b1e3-7ca7-4269-b2fc-3ad23672d513] in monitoring was MODIFIED
2025-01-29 13:38:40,485 INFO c.h.h.t.HelmChartContainer - [POD] prometheus-monitoring-stack-kube-prom-prometheus-0 [ae653978-159f-4810-880b-78ecbc0a3b8f] in monitoring was MODIFIED
2025-01-29 13:38:41,460 INFO c.h.h.t.HelmChartContainer - [EVENT] Normal [Pulling] Pulling image "quay.io/prometheus/alertmanager:v0.28.0" [monitoring:alertmanager-monitoring-stack-kube-prom-alertmanager-0]
2025-01-29 13:38:41,460 INFO c.h.h.t.HelmChartContainer - [EVENT] Normal [Pulling] Pulling image "quay.io/prometheus/prometheus:v3.1.0" [monitoring:prometheus-monitoring-stack-kube-prom-prometheus-0]
2025-01-29 13:38:41,488 INFO c.h.h.t.HelmChartContainer - [POD] alertmanager-monitoring-stack-kube-prom-alertmanager-0 [b7a5b1e3-7ca7-4269-b2fc-3ad23672d513] in monitoring was MODIFIED
2025-01-29 13:38:41,515 INFO c.h.h.t.HelmChartContainer - [POD] prometheus-monitoring-stack-kube-prom-prometheus-0 [ae653978-159f-4810-880b-78ecbc0a3b8f] in monitoring was MODIFIED
2025-01-29 13:38:43,672 INFO c.h.h.t.HelmChartContainer - [EVENT] Normal [Pulled] Successfully pulled image "quay.io/prometheus/alertmanager:v0.28.0" in 2.223s (2.223s including waiting). Image size: 35012199 bytes. [monitoring:alertmanager-monitoring-stack-kube-prom-alertmanager-0]
2025-01-29 13:38:43,685 INFO c.h.h.t.HelmChartContainer - [EVENT] Normal [Created] Created container: alertmanager [monitoring:alertmanager-monitoring-stack-kube-prom-alertmanager-0]
2025-01-29 13:38:43,764 INFO c.h.h.t.HelmChartContainer - [EVENT] Normal [Started] Started container alertmanager [monitoring:alertmanager-monitoring-stack-kube-prom-alertmanager-0]
2025-01-29 13:38:43,767 INFO c.h.h.t.HelmChartContainer - [EVENT] Normal [Pulled] Container image "quay.io/prometheus-operator/prometheus-config-reloader:v0.79.2" already present on machine [monitoring:alertmanager-monitoring-stack-kube-prom-alertmanager-0]
2025-01-29 13:38:43,782 INFO c.h.h.t.HelmChartContainer - [EVENT] Normal [Created] Created container: config-reloader [monitoring:alertmanager-monitoring-stack-kube-prom-alertmanager-0]
2025-01-29 13:38:43,872 INFO c.h.h.t.HelmChartContainer - [EVENT] Normal [Started] Started container config-reloader [monitoring:alertmanager-monitoring-stack-kube-prom-alertmanager-0]
2025-01-29 13:38:44,483 INFO c.h.h.t.HelmChartContainer - [POD] alertmanager-monitoring-stack-kube-prom-alertmanager-0 [b7a5b1e3-7ca7-4269-b2fc-3ad23672d513] in monitoring was MODIFIED
2025-01-29 13:38:44,725 INFO c.h.h.t.HelmChartContainer - [EVENT] Normal [Pulled] Successfully pulled image "quay.io/prometheus/prometheus:v3.1.0" in 3.268s (3.268s including waiting). Image size: 116764168 bytes. [monitoring:prometheus-monitoring-stack-kube-prom-prometheus-0]
2025-01-29 13:38:44,734 INFO c.h.h.t.HelmChartContainer - [EVENT] Normal [Created] Created container: prometheus [monitoring:prometheus-monitoring-stack-kube-prom-prometheus-0]
2025-01-29 13:38:44,810 INFO c.h.h.t.HelmChartContainer - [EVENT] Normal [Started] Started container prometheus [monitoring:prometheus-monitoring-stack-kube-prom-prometheus-0]
2025-01-29 13:38:44,815 INFO c.h.h.t.HelmChartContainer - [EVENT] Normal [Pulled] Container image "quay.io/prometheus-operator/prometheus-config-reloader:v0.79.2" already present on machine [monitoring:prometheus-monitoring-stack-kube-prom-prometheus-0]
2025-01-29 13:38:44,828 INFO c.h.h.t.HelmChartContainer - [EVENT] Normal [Created] Created container: config-reloader [monitoring:prometheus-monitoring-stack-kube-prom-prometheus-0]
2025-01-29 13:38:44,932 INFO c.h.h.t.HelmChartContainer - [EVENT] Normal [Started] Started container config-reloader [monitoring:prometheus-monitoring-stack-kube-prom-prometheus-0]
2025-01-29 13:38:45,478 INFO c.h.h.t.HelmChartContainer - [POD] prometheus-monitoring-stack-kube-prom-prometheus-0 [ae653978-159f-4810-880b-78ecbc0a3b8f] in monitoring was MODIFIED
2025-01-29 13:38:45,642 INFO c.h.h.t.HelmChartContainer - [EVENT] Normal [Pulled] Successfully pulled image "docker.io/grafana/grafana:11.4.0" in 6.79s (6.79s including waiting). Image size: 132825227 bytes. [monitoring:monitoring-stack-grafana-64c55fb967-ng87k]
2025-01-29 13:38:45,651 INFO c.h.h.t.HelmChartContainer - [EVENT] Normal [Created] Created container: grafana [monitoring:monitoring-stack-grafana-64c55fb967-ng87k]
2025-01-29 13:38:45,714 INFO c.h.h.t.HelmChartContainer - [EVENT] Normal [Started] Started container grafana [monitoring:monitoring-stack-grafana-64c55fb967-ng87k]
2025-01-29 13:38:46,477 INFO c.h.h.t.HelmChartContainer - [K3S] [replica_set.go:679] "Finished syncing" kind="ReplicaSet" key="monitoring/monitoring-stack-grafana-64c55fb967" duration="79.878Âµs"
2025-01-29 13:38:46,481 INFO c.h.h.t.HelmChartContainer - [POD] monitoring-stack-grafana-64c55fb967-ng87k [cb147c8f-1f2d-4ee6-835c-d46fbdf4e2ae] in monitoring was MODIFIED
2025-01-29 13:38:47,421 INFO c.h.h.t.HelmChartContainer - [POD] monitoring-stack-kube-state-metrics-5bf5c7b54d-8tmwr [65986f09-f280-47a0-a6ea-d271d8b87483] in monitoring was MODIFIED
2025-01-29 13:38:47,425 INFO c.h.h.t.HelmChartContainer - [K3S] [replica_set.go:679] "Finished syncing" kind="ReplicaSet" key="monitoring/monitoring-stack-kube-state-metrics-5bf5c7b54d" duration="5.601793ms"
2025-01-29 13:38:47,428 INFO c.h.h.t.HelmChartContainer - [K3S] [replica_set.go:679] "Finished syncing" kind="ReplicaSet" key="monitoring/monitoring-stack-kube-state-metrics-5bf5c7b54d" duration="53.018Âµs"
2025-01-29 13:38:47,471 INFO c.h.h.t.HelmChartContainer - [EVENT] Warning [Unhealthy] Readiness probe failed: Get "http://10.42.0.6:3000/api/health": dial tcp 10.42.0.6:3000: connect: connection refused [monitoring:monitoring-stack-grafana-64c55fb967-ng87k]
2025-01-29 13:38:48,492 INFO c.h.h.t.HelmChartContainer - [POD] monitoring-stack-grafana-64c55fb967-ng87k [cb147c8f-1f2d-4ee6-835c-d46fbdf4e2ae] in monitoring was MODIFIED
2025-01-29 13:38:48,501 INFO c.h.h.t.HelmChartContainer - [K3S] [replica_set.go:679] "Finished syncing" kind="ReplicaSet" key="monitoring/monitoring-stack-grafana-64c55fb967" duration="14.201495ms"
2025-01-29 13:38:48,503 INFO c.h.h.t.HelmChartContainer - [K3S] [replica_set.go:679] "Finished syncing" kind="ReplicaSet" key="monitoring/monitoring-stack-grafana-64c55fb967" duration="50.474Âµs"
2025-01-29 13:38:49,859 INFO c.h.h.t.HelmChartContainer - [K3S] [job_controller.go:598] "enqueueing job" key="monitoring/monitoring-stack-kube-prom-admission-patch" delay="0s"
2025-01-29 13:38:49,865 INFO c.h.h.t.HelmChartContainer - [POD] monitoring-stack-kube-prom-admission-patch-xp8nh [3dd8f853-d549-4992-b998-4df9946b40a0] in monitoring was ADDED
2025-01-29 13:38:49,865 INFO c.h.h.t.HelmChartContainer - [K3S] [job_controller.go:598] "enqueueing job" key="monitoring/monitoring-stack-kube-prom-admission-patch" delay="1s"
2025-01-29 13:38:49,868 INFO c.h.h.t.HelmChartContainer - [K3S] [job_controller.go:598] "enqueueing job" key="monitoring/monitoring-stack-kube-prom-admission-patch" delay="1s"
2025-01-29 13:38:49,868 INFO c.h.h.t.HelmChartContainer - [EVENT] Normal [SuccessfulCreate] Created pod: monitoring-stack-kube-prom-admission-patch-xp8nh [monitoring:monitoring-stack-kube-prom-admission-patch]
2025-01-29 13:38:49,871 INFO c.h.h.t.HelmChartContainer - [K3S] [job_controller.go:598] "enqueueing job" key="monitoring/monitoring-stack-kube-prom-admission-patch" delay="1s"
2025-01-29 13:38:49,872 INFO c.h.h.t.HelmChartContainer - [POD] monitoring-stack-kube-prom-admission-patch-xp8nh [3dd8f853-d549-4992-b998-4df9946b40a0] in monitoring was MODIFIED
2025-01-29 13:38:49,873 INFO c.h.h.t.HelmChartContainer - [EVENT] Normal [Scheduled] Successfully assigned monitoring/monitoring-stack-kube-prom-admission-patch-xp8nh to cc060c47c65d [monitoring:monitoring-stack-kube-prom-admission-patch-xp8nh]
2025-01-29 13:38:49,878 INFO c.h.h.t.HelmChartContainer - [K3S] [job_controller.go:598] "enqueueing job" key="monitoring/monitoring-stack-kube-prom-admission-patch" delay="1s"
2025-01-29 13:38:49,879 INFO c.h.h.t.HelmChartContainer - [POD] monitoring-stack-kube-prom-admission-patch-xp8nh [3dd8f853-d549-4992-b998-4df9946b40a0] in monitoring was MODIFIED
2025-01-29 13:38:49,910 INFO c.h.h.t.HelmChartContainer - [K3S] [reconciler_common.go:251] "operationExecutor.VerifyControllerAttachedVolume started for volume \"kube-api-access-j8n2r\" (UniqueName: \"kubernetes.io/projected/3dd8f853-d549-4992-b998-4df9946b40a0-kube-api-access-j8n2r\") pod \"monitoring-stack-kube-prom-admission-patch-xp8nh\" (UID: \"3dd8f853-d549-4992-b998-4df9946b40a0\") " pod="monitoring/monitoring-stack-kube-prom-admission-patch-xp8nh"
2025-01-29 13:38:50,262 INFO c.h.h.t.HelmChartContainer - [EVENT] Normal [Pulled] Container image "registry.k8s.io/ingress-nginx/kube-webhook-certgen:v1.5.1" already present on machine [monitoring:monitoring-stack-kube-prom-admission-patch-xp8nh]
2025-01-29 13:38:50,272 INFO c.h.h.t.HelmChartContainer - [EVENT] Normal [Created] Created container: patch [monitoring:monitoring-stack-kube-prom-admission-patch-xp8nh]
2025-01-29 13:38:50,336 INFO c.h.h.t.HelmChartContainer - [EVENT] Normal [Started] Started container patch [monitoring:monitoring-stack-kube-prom-admission-patch-xp8nh]
2025-01-29 13:38:50,479 INFO c.h.h.t.HelmChartContainer - [POD] alertmanager-monitoring-stack-kube-prom-alertmanager-0 [b7a5b1e3-7ca7-4269-b2fc-3ad23672d513] in monitoring was MODIFIED
2025-01-29 13:38:50,495 INFO c.h.h.t.HelmChartContainer - [K3S] [job_controller.go:598] "enqueueing job" key="monitoring/monitoring-stack-kube-prom-admission-patch" delay="1s"
2025-01-29 13:38:50,496 INFO c.h.h.t.HelmChartContainer - [POD] monitoring-stack-kube-prom-admission-patch-xp8nh [3dd8f853-d549-4992-b998-4df9946b40a0] in monitoring was MODIFIED
2025-01-29 13:38:51,273 INFO c.h.h.t.HelmChartContainer - [K3S] [job_controller.go:598] "enqueueing job" key="monitoring/monitoring-stack-kube-prom-admission-patch" delay="1s"
2025-01-29 13:38:52,496 INFO c.h.h.t.HelmChartContainer - [K3S] [job_controller.go:598] "enqueueing job" key="monitoring/monitoring-stack-kube-prom-admission-patch" delay="1s"
2025-01-29 13:38:52,497 INFO c.h.h.t.HelmChartContainer - [POD] monitoring-stack-kube-prom-admission-patch-xp8nh [3dd8f853-d549-4992-b998-4df9946b40a0] in monitoring was MODIFIED
2025-01-29 13:38:53,501 INFO c.h.h.t.HelmChartContainer - [K3S] [job_controller.go:598] "enqueueing job" key="monitoring/monitoring-stack-kube-prom-admission-patch" delay="1s"
2025-01-29 13:38:53,538 INFO c.h.h.t.HelmChartContainer - [POD] prometheus-monitoring-stack-kube-prom-prometheus-0 [ae653978-159f-4810-880b-78ecbc0a3b8f] in monitoring was MODIFIED
2025-01-29 13:38:53,582 INFO c.h.h.t.HelmChartContainer - [K3S] [job_controller.go:598] "enqueueing job" key="monitoring/monitoring-stack-kube-prom-admission-patch" delay="1s"
2025-01-29 13:38:53,582 INFO c.h.h.t.HelmChartContainer - [POD] monitoring-stack-kube-prom-admission-patch-xp8nh [3dd8f853-d549-4992-b998-4df9946b40a0] in monitoring was MODIFIED
2025-01-29 13:38:53,633 INFO c.h.h.t.HelmChartContainer - [K3S] [reconciler_common.go:162] "operationExecutor.UnmountVolume started for volume \"kube-api-access-j8n2r\" (UniqueName: \"kubernetes.io/projected/3dd8f853-d549-4992-b998-4df9946b40a0-kube-api-access-j8n2r\") pod \"3dd8f853-d549-4992-b998-4df9946b40a0\" (UID: \"3dd8f853-d549-4992-b998-4df9946b40a0\") "
2025-01-29 13:38:53,733 INFO c.h.h.t.HelmChartContainer - [K3S] [reconciler_common.go:299] "Volume detached for volume \"kube-api-access-j8n2r\" (UniqueName: \"kubernetes.io/projected/3dd8f853-d549-4992-b998-4df9946b40a0-kube-api-access-j8n2r\") on node \"cc060c47c65d\" DevicePath \"\""
2025-01-29 13:38:54,493 INFO c.h.h.t.HelmChartContainer - [K3S] [pod_container_deletor.go:80] "Container not found in pod's containers" containerID="1b746f22ed6d75a249d6beb4b9f73690f6a115a0281a06acccfced74853d3a5d"
2025-01-29 13:38:54,509 INFO c.h.h.t.HelmChartContainer - [K3S] [job_controller.go:598] "enqueueing job" key="monitoring/monitoring-stack-kube-prom-admission-patch" delay="1s"
2025-01-29 13:38:54,512 INFO c.h.h.t.HelmChartContainer - [POD] prometheus-monitoring-stack-kube-prom-prometheus-0 [ae653978-159f-4810-880b-78ecbc0a3b8f] in monitoring was MODIFIED
2025-01-29 13:38:54,516 INFO c.h.h.t.HelmChartContainer - [K3S] [job_controller.go:598] "enqueueing job" key="monitoring/monitoring-stack-kube-prom-admission-patch" delay="1s"
2025-01-29 13:38:54,516 INFO c.h.h.t.HelmChartContainer - [POD] monitoring-stack-kube-prom-admission-patch-xp8nh [3dd8f853-d549-4992-b998-4df9946b40a0] in monitoring was MODIFIED
2025-01-29 13:38:54,531 INFO c.h.h.t.HelmChartContainer - [EVENT] Normal [Completed] Job completed [monitoring:monitoring-stack-kube-prom-admission-patch]
2025-01-29 13:38:54,540 INFO c.h.h.t.HelmChartContainer - [K3S] [job_controller.go:598] "enqueueing job" key="monitoring/monitoring-stack-kube-prom-admission-patch" delay="0s"
2025-01-29 13:38:54,551 INFO c.h.h.t.HelmChartContainer - [POD] monitoring-stack-kube-prom-admission-patch-xp8nh [3dd8f853-d549-4992-b998-4df9946b40a0] in monitoring was MODIFIED
2025-01-29 13:38:54,552 INFO c.h.h.t.HelmChartContainer - [POD] monitoring-stack-kube-prom-admission-patch-xp8nh [3dd8f853-d549-4992-b998-4df9946b40a0] in monitoring was DELETED
2025-01-29 13:38:54,705 INFO com.hivemq.helmcharts.util.K8sUtil - Pod 'monitoring-stack-prometheus-node-exporter-zmx7f' is ready
2025-01-29 13:38:54,706 INFO com.hivemq.helmcharts.util.K8sUtil - Pod 'monitoring-stack-kube-state-metrics-5bf5c7b54d-8tmwr' is ready
2025-01-29 13:38:54,706 INFO com.hivemq.helmcharts.util.K8sUtil - Pod 'monitoring-stack-grafana-64c55fb967-ng87k' is ready
2025-01-29 13:38:54,706 INFO com.hivemq.helmcharts.util.K8sUtil - Pod 'monitoring-stack-grafana-64c55fb967-ng87k' is ready
2025-01-29 13:38:54,706 INFO com.hivemq.helmcharts.util.K8sUtil - Pod 'monitoring-stack-grafana-64c55fb967-ng87k' is ready
2025-01-29 13:38:54,706 INFO com.hivemq.helmcharts.util.K8sUtil - Pod 'monitoring-stack-kube-prom-operator-d77f8fd4c-jzsg8' is ready
2025-01-29 13:38:54,766 DEBUG c.h.h.t.HelmChartContainer - Executing helm command: /bin/helm --kubeconfig /etc/rancher/k3s/k3s.yaml install test-hivemq-platform-operator /charts/hivemq-platform-operator --wait --timeout 5m0s --set image.repository=docker.io/hivemq --set image.name=hivemq-platform-operator-test --set image.initImageName=hivemq-platform-operator-init-test --set image.tag=snapshot --set image.pullPolicy=Never --set logLevel=DEBUG --set resources.cpu=512m -f /files/operator-monitoring-enabled-values.yaml --namespace helmmonitoringoperatorit-operator
2025-01-29 13:38:55,346 INFO c.h.h.t.HelmChartContainer - [K3S] [kubelet_volumes.go:163] "Cleaned up orphaned pod volumes dir" podUID="3dd8f853-d549-4992-b998-4df9946b40a0" path="/var/lib/kubelet/pods/3dd8f853-d549-4992-b998-4df9946b40a0/volumes"
2025-01-29 13:38:57,202 INFO c.h.h.t.HelmChartContainer - [K3S] [alloc.go:330] "allocated clusterIPs" service="helmmonitoringoperatorit-operator/hivemq-platform-operator-test-hivemq-platform-operator" clusterIPs={"IPv4":"10.43.228.16"}
2025-01-29 13:38:57,229 INFO c.h.h.t.HelmChartContainer - [EVENT] Normal [ScalingReplicaSet] Scaled up replica set hivemq-test-hivemq-platform-operator-6966f96d65 from 0 to 1 [helmmonitoringoperatorit-operator:hivemq-test-hivemq-platform-operator]
2025-01-29 13:38:57,234 INFO c.h.h.t.HelmChartContainer - [POD] hivemq-test-hivemq-platform-operator-6966f96d65-h4q95 [69756d72-fc6b-4c3c-a5ca-83d9eabe7e5b] in helmmonitoringoperatorit-operator was ADDED
2025-01-29 13:38:57,247 INFO c.h.h.t.HelmChartContainer - [K3S] [memory_manager.go:355] "RemoveStaleState removing state" podUID="3dd8f853-d549-4992-b998-4df9946b40a0" containerName="patch"
2025-01-29 13:38:57,253 INFO c.h.h.t.HelmChartContainer - [POD] hivemq-test-hivemq-platform-operator-6966f96d65-h4q95 [69756d72-fc6b-4c3c-a5ca-83d9eabe7e5b] in helmmonitoringoperatorit-operator was MODIFIED
2025-01-29 13:38:57,255 INFO c.h.h.t.HelmChartContainer - [EVENT] Normal [SuccessfulCreate] Created pod: hivemq-test-hivemq-platform-operator-6966f96d65-h4q95 [helmmonitoringoperatorit-operator:hivemq-test-hivemq-platform-operator-6966f96d65]
2025-01-29 13:38:57,256 INFO c.h.h.t.HelmChartContainer - [K3S] [replica_set.go:679] "Finished syncing" kind="ReplicaSet" key="helmmonitoringoperatorit-operator/hivemq-test-hivemq-platform-operator-6966f96d65" duration="38.801698ms"
2025-01-29 13:38:57,278 INFO c.h.h.t.HelmChartContainer - [EVENT] Normal [Scheduled] Successfully assigned helmmonitoringoperatorit-operator/hivemq-test-hivemq-platform-operator-6966f96d65-h4q95 to cc060c47c65d [helmmonitoringoperatorit-operator:hivemq-test-hivemq-platform-operator-6966f96d65-h4q95]
2025-01-29 13:38:57,287 INFO c.h.h.t.HelmChartContainer - [POD] hivemq-test-hivemq-platform-operator-6966f96d65-h4q95 [69756d72-fc6b-4c3c-a5ca-83d9eabe7e5b] in helmmonitoringoperatorit-operator was MODIFIED
2025-01-29 13:38:57,296 INFO c.h.h.t.HelmChartContainer - [K3S] [replica_set.go:679] "Finished syncing" kind="ReplicaSet" key="helmmonitoringoperatorit-operator/hivemq-test-hivemq-platform-operator-6966f96d65" duration="41.79288ms"
2025-01-29 13:38:57,298 INFO c.h.h.t.HelmChartContainer - [K3S] [replica_set.go:679] "Finished syncing" kind="ReplicaSet" key="helmmonitoringoperatorit-operator/hivemq-test-hivemq-platform-operator-6966f96d65" duration="231.07Âµs"
2025-01-29 13:38:57,355 INFO c.h.h.t.HelmChartContainer - [K3S] [reconciler_common.go:251] "operationExecutor.VerifyControllerAttachedVolume started for volume \"kube-api-access-t2wsc\" (UniqueName: \"kubernetes.io/projected/69756d72-fc6b-4c3c-a5ca-83d9eabe7e5b-kube-api-access-t2wsc\") pod \"hivemq-test-hivemq-platform-operator-6966f96d65-h4q95\" (UID: \"69756d72-fc6b-4c3c-a5ca-83d9eabe7e5b\") " pod="helmmonitoringoperatorit-operator/hivemq-test-hivemq-platform-operator-6966f96d65-h4q95"
2025-01-29 13:38:57,645 INFO c.h.h.t.HelmChartContainer - [EVENT] Normal [Pulled] Container image "docker.io/hivemq/hivemq-platform-operator-test:snapshot" already present on machine [helmmonitoringoperatorit-operator:hivemq-test-hivemq-platform-operator-6966f96d65-h4q95]
2025-01-29 13:38:57,645 INFO c.h.h.t.HelmChartContainer - Received Pulled event for container hivemq-platform-operator in pod hivemq-test-hivemq-platform-operator-6966f96d65-h4q95 [69756d72-fc6b-4c3c-a5ca-83d9eabe7e5b]
2025-01-29 13:38:57,660 INFO c.h.h.t.HelmChartContainer - [EVENT] Normal [Created] Created container: hivemq-platform-operator [helmmonitoringoperatorit-operator:hivemq-test-hivemq-platform-operator-6966f96d65-h4q95]
2025-01-29 13:38:57,660 INFO c.h.h.t.HelmChartContainer - Received Created event for container hivemq-platform-operator in pod hivemq-test-hivemq-platform-operator-6966f96d65-h4q95 [69756d72-fc6b-4c3c-a5ca-83d9eabe7e5b]
2025-01-29 13:38:58,511 INFO c.h.h.t.HelmChartContainer - [K3S] [replica_set.go:679] "Finished syncing" kind="ReplicaSet" key="helmmonitoringoperatorit-operator/hivemq-test-hivemq-platform-operator-6966f96d65" duration="62.487Âµs"
2025-01-29 13:38:58,514 INFO c.h.h.t.HelmChartContainer - [POD] hivemq-test-hivemq-platform-operator-6966f96d65-h4q95 [69756d72-fc6b-4c3c-a5ca-83d9eabe7e5b] in helmmonitoringoperatorit-operator was MODIFIED
2025-01-29 13:38:58,537 INFO c.h.h.t.HelmChartContainer - [EVENT] Normal [Started] Started container hivemq-platform-operator [helmmonitoringoperatorit-operator:hivemq-test-hivemq-platform-operator-6966f96d65-h4q95]
2025-01-29 13:38:58,538 INFO c.h.h.t.HelmChartContainer - Received Started event for container hivemq-platform-operator in pod hivemq-test-hivemq-platform-operator-6966f96d65-h4q95 [69756d72-fc6b-4c3c-a5ca-83d9eabe7e5b]
2025-01-29 13:38:58,538 INFO c.h.h.t.HelmChartContainer - Started log watcher for hivemq-platform-operator in pod hivemq-test-hivemq-platform-operator-6966f96d65-h4q95 [69756d72-fc6b-4c3c-a5ca-83d9eabe7e5b]
2025-01-29 13:38:58,540 INFO c.h.h.t.HelmChartContainer - [hivemq-test-hivemq-platform] [hivemq-platform-operator] [69756d72] -------------------------------------------------------------------------
2025-01-29 13:38:58,540 INFO c.h.h.t.HelmChartContainer - [hivemq-test-hivemq-platform] [hivemq-platform-operator] [69756d72] 
2025-01-29 13:38:58,540 INFO c.h.h.t.HelmChartContainer - [hivemq-test-hivemq-platform] [hivemq-platform-operator] [69756d72]                   _    _  _              __  __   ____
2025-01-29 13:38:58,540 INFO c.h.h.t.HelmChartContainer - [hivemq-test-hivemq-platform] [hivemq-platform-operator] [69756d72]                  | |  | |(_)            |  \/  | / __ \
2025-01-29 13:38:58,540 INFO c.h.h.t.HelmChartContainer - [hivemq-test-hivemq-platform] [hivemq-platform-operator] [69756d72]                  | |__| | _ __   __ ___ | \  / || |  | |
2025-01-29 13:38:58,540 INFO c.h.h.t.HelmChartContainer - [hivemq-test-hivemq-platform] [hivemq-platform-operator] [69756d72]                  |  __  || |\ \ / // _ \| |\/| || |  | |
2025-01-29 13:38:58,540 INFO c.h.h.t.HelmChartContainer - [hivemq-test-hivemq-platform] [hivemq-platform-operator] [69756d72]                  | |  | || | \ V /|  __/| |  | || |__| |
2025-01-29 13:38:58,540 INFO c.h.h.t.HelmChartContainer - [hivemq-test-hivemq-platform] [hivemq-platform-operator] [69756d72]                  |_|  |_||_|  \_/  \___||_|  |_| \___\_\
2025-01-29 13:38:58,540 INFO c.h.h.t.HelmChartContainer - [hivemq-test-hivemq-platform] [hivemq-platform-operator] [69756d72] 
2025-01-29 13:38:58,540 INFO c.h.h.t.HelmChartContainer - [hivemq-test-hivemq-platform] [hivemq-platform-operator] [69756d72] -------------------------------------------------------------------------
2025-01-29 13:38:58,540 INFO c.h.h.t.HelmChartContainer - [hivemq-test-hivemq-platform] [hivemq-platform-operator] [69756d72] 
2025-01-29 13:38:58,540 INFO c.h.h.t.HelmChartContainer - [hivemq-test-hivemq-platform] [hivemq-platform-operator] [69756d72]   HiveMQ Platform Operator Start Script v1.0
2025-01-29 13:38:58,540 INFO c.h.h.t.HelmChartContainer - [hivemq-test-hivemq-platform] [hivemq-platform-operator] [69756d72] 
2025-01-29 13:38:58,540 INFO c.h.h.t.HelmChartContainer - [hivemq-test-hivemq-platform] [hivemq-platform-operator] [69756d72] -------------------------------------------------------------------------
2025-01-29 13:38:58,540 INFO c.h.h.t.HelmChartContainer - [hivemq-test-hivemq-platform] [hivemq-platform-operator] [69756d72] 
2025-01-29 13:38:58,540 INFO c.h.h.t.HelmChartContainer - [hivemq-test-hivemq-platform] [hivemq-platform-operator] [69756d72]   JAVA_OPTS: -XX:+UnlockExperimentalVMOptions -XX:InitialRAMPercentage=75 -XX:MaxRAMPercentage=75 -Duser.language=en -Duser.region=US
2025-01-29 13:38:58,540 INFO c.h.h.t.HelmChartContainer - [hivemq-test-hivemq-platform] [hivemq-platform-operator] [69756d72] 
2025-01-29 13:38:58,540 INFO c.h.h.t.HelmChartContainer - [hivemq-test-hivemq-platform] [hivemq-platform-operator] [69756d72]   JAVA_VERSION: 21
2025-01-29 13:38:58,540 INFO c.h.h.t.HelmChartContainer - [hivemq-test-hivemq-platform] [hivemq-platform-operator] [69756d72] 
2025-01-29 13:38:58,540 INFO c.h.h.t.HelmChartContainer - [hivemq-test-hivemq-platform] [hivemq-platform-operator] [69756d72] -------------------------------------------------------------------------
2025-01-29 13:38:58,540 INFO c.h.h.t.HelmChartContainer - [hivemq-test-hivemq-platform] [hivemq-platform-operator] [69756d72] 
2025-01-29 13:39:01,095 INFO c.h.h.t.HelmChartContainer - [hivemq-test-hivemq-platform] [hivemq-platform-operator] [69756d72] 13:39:01.032 [main] DEBUG org.jboss.logging - Logging Provider: org.jboss.logging.Slf4jLoggerProvider
2025-01-29 13:39:01,200 INFO c.h.h.t.HelmChartContainer - [hivemq-test-hivemq-platform] [hivemq-platform-operator] [69756d72] 13:39:01.199 [main] DEBUG io.smallrye.config - SRCFG01006: Loaded ConfigSource SysPropConfigSource with ordinal 400
2025-01-29 13:39:01,200 INFO c.h.h.t.HelmChartContainer - [hivemq-test-hivemq-platform] [hivemq-platform-operator] [69756d72] 13:39:01.199 [main] DEBUG io.smallrye.config - SRCFG01006: Loaded ConfigSource EnvConfigSource with ordinal 300
2025-01-29 13:39:01,200 INFO c.h.h.t.HelmChartContainer - [hivemq-test-hivemq-platform] [hivemq-platform-operator] [69756d72] 13:39:01.199 [main] DEBUG io.smallrye.config - SRCFG01006: Loaded ConfigSource PropertiesConfigSource[source=jar:file:///opt/hivemq-platform-operator/bin/hivemq-platform-operator.jar!/hivemq-platform-operator.properties] with ordinal 100
2025-01-29 13:39:01,200 INFO c.h.h.t.HelmChartContainer - [hivemq-test-hivemq-platform] [hivemq-platform-operator] [69756d72] 13:39:01.199 [main] DEBUG io.smallrye.config - SRCFG01006: Loaded ConfigSource DefaultValuesConfigSource with ordinal -2147483648
2025-01-29 13:39:01,305 INFO c.h.h.t.HelmChartContainer - [hivemq-test-hivemq-platform] [hivemq-platform-operator] [69756d72] 13:39:01.304 [main] DEBUG i.m.c.u.i.l.InternalLoggerFactory - Using SLF4J as the default logging framework
2025-01-29 13:39:01,495 INFO c.h.h.t.HelmChartContainer - [hivemq-test-hivemq-platform] [hivemq-platform-operator] [69756d72] 13:39:01.428 [main] INFO  c.h.p.o.HiveMQPlatformOperatorApplication - HiveMQ Platform Operator 1.7.0-SNAPSHOT (commit: bebf408 on branch: HEAD) built on Sun Jan 26 20:47:47 UTC 2025
2025-01-29 13:39:01,497 INFO c.h.h.t.HelmChartContainer - [hivemq-test-hivemq-platform] [hivemq-platform-operator] [69756d72] 13:39:01.495 [main] INFO  c.h.p.o.HiveMQPlatformOperatorApplication - HiveMQ Platform Operator is running in namespace: helmmonitoringoperatorit-operator
2025-01-29 13:39:01,497 INFO c.h.h.t.HelmChartContainer - [hivemq-test-hivemq-platform] [hivemq-platform-operator] [69756d72] 13:39:01.495 [main] INFO  c.h.p.o.HiveMQPlatformOperatorApplication - Watching all namespaces
2025-01-29 13:39:01,497 INFO c.h.h.t.HelmChartContainer - [hivemq-test-hivemq-platform] [hivemq-platform-operator] [69756d72] 13:39:01.495 [main] INFO  c.h.p.o.HiveMQPlatformOperatorApplication - Log level: DEBUG
2025-01-29 13:39:01,497 INFO c.h.h.t.HelmChartContainer - [hivemq-test-hivemq-platform] [hivemq-platform-operator] [69756d72] 13:39:01.495 [main] INFO  c.h.p.o.HiveMQPlatformOperatorApplication - Release name: test-hivemq-platform-operator
2025-01-29 13:39:01,497 INFO c.h.h.t.HelmChartContainer - [hivemq-test-hivemq-platform] [hivemq-platform-operator] [69756d72] 13:39:01.495 [main] INFO  c.h.p.o.HiveMQPlatformOperatorApplication - HiveMQ Platform Operator Init image: docker.io/hivemq/hivemq-platform-operator-init-test:snapshot
2025-01-29 13:39:01,497 INFO c.h.h.t.HelmChartContainer - [hivemq-test-hivemq-platform] [hivemq-platform-operator] [69756d72] 13:39:01.495 [main] INFO  c.h.p.o.HiveMQPlatformOperatorApplication - HiveMQ Platform Operator Init App update URL: http://hivemq-platform-operator-test-hivemq-platform-operator.helmmonitoringoperatorit-operator.svc:8080/initAppUpdate/hivemq-platform-operator-init-app-1.7.0-SNAPSHOT.jar
2025-01-29 13:39:01,497 INFO c.h.h.t.HelmChartContainer - [hivemq-test-hivemq-platform] [hivemq-platform-operator] [69756d72] 13:39:01.495 [main] INFO  c.h.p.o.HiveMQPlatformOperatorApplication - Additional imagePullSecret for all Platform deployments: none
2025-01-29 13:39:01,497 INFO c.h.h.t.HelmChartContainer - [hivemq-test-hivemq-platform] [hivemq-platform-operator] [69756d72] 13:39:01.495 [main] INFO  c.h.p.o.HiveMQPlatformOperatorApplication - Apply HiveMQ Platform CRD: true
2025-01-29 13:39:01,497 INFO c.h.h.t.HelmChartContainer - [hivemq-test-hivemq-platform] [hivemq-platform-operator] [69756d72] 13:39:01.495 [main] INFO  c.h.p.o.HiveMQPlatformOperatorApplication - Create Platform ServiceAccount: true
2025-01-29 13:39:01,497 INFO c.h.h.t.HelmChartContainer - [hivemq-test-hivemq-platform] [hivemq-platform-operator] [69756d72] 13:39:01.495 [main] INFO  c.h.p.o.HiveMQPlatformOperatorApplication - Create Platform ServiceAccount permissions: true
2025-01-29 13:39:01,497 INFO c.h.h.t.HelmChartContainer - [hivemq-test-hivemq-platform] [hivemq-platform-operator] [69756d72] 13:39:01.495 [main] INFO  c.h.p.o.HiveMQPlatformOperatorApplication - Validate Platform ServiceAccount: true
2025-01-29 13:39:01,497 INFO c.h.h.t.HelmChartContainer - [hivemq-test-hivemq-platform] [hivemq-platform-operator] [69756d72] 13:39:01.495 [main] INFO  c.h.p.o.HiveMQPlatformOperatorApplication - Validate Platform ServiceAccount permissions: true
2025-01-29 13:39:01,628 INFO c.h.h.t.HelmChartContainer - [hivemq-test-hivemq-platform] [hivemq-platform-operator] [69756d72] 13:39:01.626 [main] INFO  c.h.platform.operator.util.CRDUtil - Verifying deployed HiveMQ Platform CRD...
2025-01-29 13:39:03,293 INFO c.h.h.t.HelmChartContainer - [K3S] [scope.go:117] "RemoveContainer" containerID="ba5603b83bfc29086ff8f73b3c7e783b9ed064d178e6a99e811326a6cfbc14f5"
2025-01-29 13:39:03,297 INFO c.h.h.t.HelmChartContainer - [K3S] [scope.go:117] "RemoveContainer" containerID="aaa0b9bb2fd184e9d455f429f3e57fd82831f43baa65325247e6284120baaa90"
2025-01-29 13:39:04,196 INFO c.h.h.t.HelmChartContainer - [hivemq-test-hivemq-platform] [hivemq-platform-operator] [69756d72] 13:39:04.194 [main] DEBUG c.h.platform.operator.util.CRDUtil - HiveMQ Platform CRD version v1 is up to date
2025-01-29 13:39:04,197 INFO c.h.h.t.HelmChartContainer - [hivemq-test-hivemq-platform] [hivemq-platform-operator] [69756d72] 13:39:04.194 [main] INFO  c.h.platform.operator.util.CRDUtil - HiveMQ Platform CRD is up to date (version: V1_6_0)
2025-01-29 13:39:04,197 INFO c.h.h.t.HelmChartContainer - [hivemq-test-hivemq-platform] [hivemq-platform-operator] [69756d72] 13:39:04.194 [main] INFO  c.h.platform.operator.util.CRDUtil - Waiting 10000 ms for HiveMQ Platform CRD 'hivemq-platforms.hivemq.com' to become ready...
2025-01-29 13:39:04,436 INFO c.h.h.t.HelmChartContainer - [hivemq-test-hivemq-platform] [hivemq-platform-operator] [69756d72] 13:39:04.435 [vert.x-eventloop-thread-1] DEBUG c.h.platform.operator.util.CRDUtil - Checking CRD condition 'NamesAccepted' (status: 'True')
2025-01-29 13:39:04,496 INFO c.h.h.t.HelmChartContainer - [hivemq-test-hivemq-platform] [hivemq-platform-operator] [69756d72] 13:39:04.494 [vert.x-eventloop-thread-1] DEBUG c.h.platform.operator.util.CRDUtil - Checking CRD condition 'Established' (status: 'True')
2025-01-29 13:39:04,496 INFO c.h.h.t.HelmChartContainer - [hivemq-test-hivemq-platform] [hivemq-platform-operator] [69756d72] 13:39:04.494 [main] INFO  c.h.platform.operator.util.CRDUtil - HiveMQ Platform CRD 'hivemq-platforms.hivemq.com' is ready
2025-01-29 13:39:04,635 INFO c.h.h.t.HelmChartContainer - [hivemq-test-hivemq-platform] [hivemq-platform-operator] [69756d72] 13:39:04.634 [main] INFO  c.h.p.o.HiveMQPlatformReconciler - HiveMQ Platform Operator is starting...
2025-01-29 13:39:04,797 INFO c.h.h.t.HelmChartContainer - [hivemq-test-hivemq-platform] [hivemq-platform-operator] [69756d72] 13:39:04.795 [main] WARN  Default ConfigurationService implementation - Configuration for reconciler 'hivemq-controller' was not found. Known reconcilers: None.
2025-01-29 13:39:04,831 INFO c.h.h.t.HelmChartContainer - [hivemq-test-hivemq-platform] [hivemq-platform-operator] [69756d72] 13:39:04.829 [main] INFO  Default ConfigurationService implementation - Created configuration for reconciler com.hivemq.platform.operator.HiveMQPlatformReconciler with name hivemq-controller
2025-01-29 13:39:04,999 INFO c.h.h.t.HelmChartContainer - [hivemq-test-hivemq-platform] [hivemq-platform-operator] [69756d72] 13:39:04.996 [main] DEBUG c.h.p.o.HiveMQPlatformReconciler - HiveMQ Platform Operator is preparing EventSources
2025-01-29 13:39:05,036 INFO c.h.h.t.HelmChartContainer - [hivemq-test-hivemq-platform] [hivemq-platform-operator] [69756d72] 13:39:05.034 [main] INFO  i.javaoperatorsdk.operator.Operator - Registered reconciler: 'hivemq-controller' for resource: 'class com.hivemq.platform.operator.v1.HiveMQPlatform' for namespace(s): [all namespaces]
2025-01-29 13:39:05,173 INFO c.h.h.t.HelmChartContainer - [K3S] [range_allocator.go:247] "Successfully synced" key="cc060c47c65d"
2025-01-29 13:39:05,738 INFO c.h.h.t.HelmChartContainer - [hivemq-test-hivemq-platform] [hivemq-platform-operator] [69756d72] 13:39:05.736 [main] INFO  c.h.p.operator.webserver.JettyServer - Starting Jetty server on port 8080
2025-01-29 13:39:05,834 INFO c.h.h.t.HelmChartContainer - [hivemq-test-hivemq-platform] [hivemq-platform-operator] [69756d72] 13:39:05.833 [main] INFO  i.javaoperatorsdk.operator.Operator - Operator SDK 4.9.7 (commit: 2133d28) built on Wed Nov 20 12:56:20 UTC 2024 starting...
2025-01-29 13:39:05,834 INFO c.h.h.t.HelmChartContainer - [hivemq-test-hivemq-platform] [hivemq-platform-operator] [69756d72] 13:39:05.833 [main] INFO  i.javaoperatorsdk.operator.Operator - Client version: 6.13.4
2025-01-29 13:39:05,836 INFO c.h.h.t.HelmChartContainer - [hivemq-test-hivemq-platform] [hivemq-platform-operator] [69756d72] 13:39:05.835 [Controller Starter for: hivemq-controller] INFO  i.j.operator.processing.Controller - Starting 'hivemq-controller' controller for reconciler: com.hivemq.platform.operator.HiveMQPlatformReconciler, resource: com.hivemq.platform.operator.v1.HiveMQPlatform
2025-01-29 13:39:08,839 INFO c.h.h.t.HelmChartContainer - [hivemq-test-hivemq-platform] [hivemq-platform-operator] [69756d72] 13:39:08.838 [Controller Starter for: hivemq-controller] INFO  i.j.operator.processing.Controller - 'hivemq-controller' controller started
2025-01-29 13:39:08,840 INFO c.h.h.t.HelmChartContainer - [hivemq-test-hivemq-platform] [hivemq-platform-operator] [69756d72] 13:39:08.839 [main] INFO  c.h.p.o.HiveMQPlatformOperatorApplication - HiveMQ Platform Operator 1.7.0-SNAPSHOT started in 7411 ms
2025-01-29 13:39:09,519 INFO c.h.h.t.HelmChartContainer - [POD] hivemq-test-hivemq-platform-operator-6966f96d65-h4q95 [69756d72-fc6b-4c3c-a5ca-83d9eabe7e5b] in helmmonitoringoperatorit-operator was MODIFIED
2025-01-29 13:39:09,532 INFO c.h.h.t.HelmChartContainer - [K3S] [replica_set.go:679] "Finished syncing" kind="ReplicaSet" key="helmmonitoringoperatorit-operator/hivemq-test-hivemq-platform-operator-6966f96d65" duration="16.543655ms"
2025-01-29 13:39:09,532 INFO c.h.h.t.HelmChartContainer - [K3S] [replica_set.go:679] "Finished syncing" kind="ReplicaSet" key="helmmonitoringoperatorit-operator/hivemq-test-hivemq-platform-operator-6966f96d65" duration="37.701Âµs"
2025-01-29 13:39:11,323 INFO com.hivemq.helmcharts.util.K8sUtil - Pod 'hivemq-test-hivemq-platform-operator-6966f96d65-h4q95' is ready
Request method:	GET
Request URI:	http://localhost:34253/api/v1/query?query=hivemq_platform_operator_custom_resource_count
Proxy:			<none>
Request params:	query=hivemq_platform_operator_custom_resource_count
Query params:	<none>
Form params:	<none>
Path params:	<none>
Headers:		Accept=*/*
Cookies:		<none>
Multiparts:		<none>
Body:			<none>
HTTP/1.1 200 OK
Content-Encoding: gzip
Content-Type: application/json
Date: Wed, 29 Jan 2025 13:39:16 GMT
Content-Length: 93

{
    "status": "success",
    "data": {
        "resultType": "vector",
        "result": [
            
        ]
    }
}
Request method:	GET
Request URI:	http://localhost:34069/api/v1/query?query=hivemq_platform_operator_custom_resource_count
Proxy:			<none>
Request params:	query=hivemq_platform_operator_custom_resource_count
Query params:	<none>
Form params:	<none>
Path params:	<none>
Headers:		Accept=*/*
Cookies:		<none>
Multiparts:		<none>
Body:			<none>
HTTP/1.1 200 OK
Content-Encoding: gzip
Content-Type: application/json
Date: Wed, 29 Jan 2025 13:39:22 GMT
Content-Length: 93

{
    "status": "success",
    "data": {
        "resultType": "vector",
        "result": [
            
        ]
    }
}
Request method:	GET
Request URI:	http://localhost:34199/api/v1/query?query=hivemq_platform_operator_custom_resource_count
Proxy:			<none>
Request params:	query=hivemq_platform_operator_custom_resource_count
Query params:	<none>
Form params:	<none>
Path params:	<none>
Headers:		Accept=*/*
Cookies:		<none>
Multiparts:		<none>
Body:			<none>
HTTP/1.1 200 OK
Content-Encoding: gzip
Content-Type: application/json
Date: Wed, 29 Jan 2025 13:39:27 GMT
Content-Length: 93

{
    "status": "success",
    "data": {
        "resultType": "vector",
        "result": [
            
        ]
    }
}
Request method:	GET
Request URI:	http://localhost:37895/api/v1/query?query=hivemq_platform_operator_custom_resource_count
Proxy:			<none>
Request params:	query=hivemq_platform_operator_custom_resource_count
Query params:	<none>
Form params:	<none>
Path params:	<none>
Headers:		Accept=*/*
Cookies:		<none>
Multiparts:		<none>
Body:			<none>
HTTP/1.1 200 OK
Content-Encoding: gzip
Content-Type: application/json
Date: Wed, 29 Jan 2025 13:39:32 GMT
Content-Length: 93

{
    "status": "success",
    "data": {
        "resultType": "vector",
        "result": [
            
        ]
    }
}
Request method:	GET
Request URI:	http://localhost:44169/api/v1/query?query=hivemq_platform_operator_custom_resource_count
Proxy:			<none>
Request params:	query=hivemq_platform_operator_custom_resource_count
Query params:	<none>
Form params:	<none>
Path params:	<none>
Headers:		Accept=*/*
Cookies:		<none>
Multiparts:		<none>
Body:			<none>
HTTP/1.1 200 OK
Content-Encoding: gzip
Content-Type: application/json
Date: Wed, 29 Jan 2025 13:39:37 GMT
Content-Length: 93

{
    "status": "success",
    "data": {
        "resultType": "vector",
        "result": [
            
        ]
    }
}
Request method:	GET
Request URI:	http://localhost:43615/api/v1/query?query=hivemq_platform_operator_custom_resource_count
Proxy:			<none>
Request params:	query=hivemq_platform_operator_custom_resource_count
Query params:	<none>
Form params:	<none>
Path params:	<none>
Headers:		Accept=*/*
Cookies:		<none>
Multiparts:		<none>
Body:			<none>
HTTP/1.1 200 OK
Content-Encoding: gzip
Content-Type: application/json
Date: Wed, 29 Jan 2025 13:39:42 GMT
Content-Length: 93

{
    "status": "success",
    "data": {
        "resultType": "vector",
        "result": [
            
        ]
    }
}
Request method:	GET
Request URI:	http://localhost:37373/api/v1/query?query=hivemq_platform_operator_custom_resource_count
Proxy:			<none>
Request params:	query=hivemq_platform_operator_custom_resource_count
Query params:	<none>
Form params:	<none>
Path params:	<none>
Headers:		Accept=*/*
Cookies:		<none>
Multiparts:		<none>
Body:			<none>
HTTP/1.1 200 OK
Content-Encoding: gzip
Content-Type: application/json
Date: Wed, 29 Jan 2025 13:39:47 GMT
Content-Length: 93

{
    "status": "success",
    "data": {
        "resultType": "vector",
        "result": [
            
        ]
    }
}
Request method:	GET
Request URI:	http://localhost:43369/api/v1/query?query=hivemq_platform_operator_custom_resource_count
Proxy:			<none>
Request params:	query=hivemq_platform_operator_custom_resource_count
Query params:	<none>
Form params:	<none>
Path params:	<none>
Headers:		Accept=*/*
Cookies:		<none>
Multiparts:		<none>
Body:			<none>
HTTP/1.1 200 OK
Content-Encoding: gzip
Content-Type: application/json
Date: Wed, 29 Jan 2025 13:39:52 GMT
Content-Length: 93

{
    "status": "success",
    "data": {
        "resultType": "vector",
        "result": [
            
        ]
    }
}
Request method:	GET
Request URI:	http://localhost:45683/api/v1/query?query=hivemq_platform_operator_custom_resource_count
Proxy:			<none>
Request params:	query=hivemq_platform_operator_custom_resource_count
Query params:	<none>
Form params:	<none>
Path params:	<none>
Headers:		Accept=*/*
Cookies:		<none>
Multiparts:		<none>
Body:			<none>
HTTP/1.1 200 OK
Content-Encoding: gzip
Content-Type: application/json
Date: Wed, 29 Jan 2025 13:39:57 GMT
Content-Length: 93

{
    "status": "success",
    "data": {
        "resultType": "vector",
        "result": [
            
        ]
    }
}
Request method:	GET
Request URI:	http://localhost:37739/api/v1/query?query=hivemq_platform_operator_custom_resource_count
Proxy:			<none>
Request params:	query=hivemq_platform_operator_custom_resource_count
Query params:	<none>
Form params:	<none>
Path params:	<none>
Headers:		Accept=*/*
Cookies:		<none>
Multiparts:		<none>
Body:			<none>
HTTP/1.1 200 OK
Content-Encoding: gzip
Content-Type: application/json
Date: Wed, 29 Jan 2025 13:40:02 GMT
Content-Length: 93

{
    "status": "success",
    "data": {
        "resultType": "vector",
        "result": [
            
        ]
    }
}
Request method:	GET
Request URI:	http://localhost:42333/api/v1/query?query=hivemq_platform_operator_custom_resource_count
Proxy:			<none>
Request params:	query=hivemq_platform_operator_custom_resource_count
Query params:	<none>
Form params:	<none>
Path params:	<none>
Headers:		Accept=*/*
Cookies:		<none>
Multiparts:		<none>
Body:			<none>
HTTP/1.1 200 OK
Content-Encoding: gzip
Content-Type: application/json
Date: Wed, 29 Jan 2025 13:40:07 GMT
Content-Length: 93

{
    "status": "success",
    "data": {
        "resultType": "vector",
        "result": [
            
        ]
    }
}
Request method:	GET
Request URI:	http://localhost:35663/api/v1/query?query=hivemq_platform_operator_custom_resource_count
Proxy:			<none>
Request params:	query=hivemq_platform_operator_custom_resource_count
Query params:	<none>
Form params:	<none>
Path params:	<none>
Headers:		Accept=*/*
Cookies:		<none>
Multiparts:		<none>
Body:			<none>
HTTP/1.1 200 OK
Content-Encoding: gzip
Content-Type: application/json
Date: Wed, 29 Jan 2025 13:40:12 GMT
Content-Length: 93

{
    "status": "success",
    "data": {
        "resultType": "vector",
        "result": [
            
        ]
    }
}
Request method:	GET
Request URI:	http://localhost:35849/api/v1/query?query=hivemq_platform_operator_custom_resource_count
Proxy:			<none>
Request params:	query=hivemq_platform_operator_custom_resource_count
Query params:	<none>
Form params:	<none>
Path params:	<none>
Headers:		Accept=*/*
Cookies:		<none>
Multiparts:		<none>
Body:			<none>
HTTP/1.1 200 OK
Content-Encoding: gzip
Content-Type: application/json
Date: Wed, 29 Jan 2025 13:40:17 GMT
Content-Length: 93

{
    "status": "success",
    "data": {
        "resultType": "vector",
        "result": [
            
        ]
    }
}
Request method:	GET
Request URI:	http://localhost:46439/api/v1/query?query=hivemq_platform_operator_custom_resource_count
Proxy:			<none>
Request params:	query=hivemq_platform_operator_custom_resource_count
Query params:	<none>
Form params:	<none>
Path params:	<none>
Headers:		Accept=*/*
Cookies:		<none>
Multiparts:		<none>
Body:			<none>
HTTP/1.1 200 OK
Content-Encoding: gzip
Content-Type: application/json
Date: Wed, 29 Jan 2025 13:40:23 GMT
Content-Length: 282

{
    "status": "success",
    "data": {
        "resultType": "vector",
        "result": [
            {
                "metric": {
                    "__name__": "hivemq_platform_operator_custom_resource_count",
                    "container": "hivemq-platform-operator",
                    "controller": "hivemq-controller",
                    "endpoint": "http-test-hivemq-platform-operator",
                    "instance": "10.42.0.12:8080",
                    "job": "hivemq-platform-operator-test-hivemq-platform-operator",
                    "namespace": "helmmonitoringoperatorit-operator",
                    "pod": "hivemq-test-hivemq-platform-operator-6966f96d65-h4q95",
                    "service": "hivemq-platform-operator-test-hivemq-platform-operator"
                },
                "value": [
                    1738158023.052,
                    "0"
                ]
            }
        ]
    }
}
Request method:	GET
Request URI:	http://localhost:39527/api/search
Proxy:			<none>
Request params:	<none>
Query params:	<none>
Form params:	<none>
Path params:	<none>
Headers:		Authorization=Basic YWRtaW46cHJvbS1vcGVyYXRvcg==
				Accept=*/*
Cookies:		<none>
Multiparts:		<none>
Body:			<none>
HTTP/1.1 200 OK
Cache-Control: no-store
Content-Type: application/json
X-Content-Type-Options: nosniff
X-Frame-Options: deny
X-Xss-Protection: 1; mode=block
Date: Wed, 29 Jan 2025 13:40:28 GMT
Transfer-Encoding: chunked

[
    {
        "id": 1,
        "uid": "alertmanager-overview",
        "title": "Alertmanager / Overview",
        "uri": "db/alertmanager-overview",
        "url": "/d/alertmanager-overview/alertmanager-overview",
        "slug": "",
        "type": "dash-db",
        "tags": [
            "alertmanager-mixin"
        ],
        "isStarred": false,
        "sortMeta": 0,
        "isDeleted": false
    },
    {
        "id": 7,
        "uid": "vkQ0UHxik",
        "title": "CoreDNS",
        "uri": "db/coredns",
        "url": "/d/vkQ0UHxik/coredns",
        "slug": "",
        "type": "dash-db",
        "tags": [
            "coredns",
            "dns"
        ],
        "isStarred": false,
        "sortMeta": 0,
        "isDeleted": false
    },
    {
        "id": 5,
        "uid": "c2f4e12cdf69feb95caa41a5a1b423d9",
        "title": "etcd",
        "uri": "db/etcd",
        "url": "/d/c2f4e12cdf69feb95caa41a5a1b423d9/etcd",
        "slug": "",
        "type": "dash-db",
        "tags": [
            "etcd-mixin"
        ],
        "isStarred": false,
        "sortMeta": 0,
        "isDeleted": false
    },
    {
        "id": 6,
        "uid": "6be0s85Mk",
        "title": "Grafana Overview",
        "uri": "db/grafana-overview",
        "url": "/d/6be0s85Mk/grafana-overview",
        "slug": "",
        "type": "dash-db",
        "tags": [
            
        ],
        "isStarred": false,
        "sortMeta": 0,
        "isDeleted": false
    },
    {
        "id": 29,
        "uid": "cebghwz89lgjke",
        "title": "HiveMQ Platform Operator (Prometheus)",
        "uri": "db/hivemq-platform-operator-prometheus",
        "url": "/d/cebghwz89lgjke/hivemq-platform-operator-prometheus",
        "slug": "",
        "type": "dash-db",
        "tags": [
            
        ],
        "isStarred": false,
        "sortMeta": 0,
        "isDeleted": false
    },
    {
        "id": 2,
        "uid": "09ec8aa1e996d6ffcd6817bbaff4db1b",
        "title": "Kubernetes / API server",
        "uri": "db/kubernetes-api-server",
        "url": "/d/09ec8aa1e996d6ffcd6817bbaff4db1b/kubernetes-api-server",
        "slug": "",
        "type": "dash-db",
        "tags": [
            "kubernetes-mixin"
        ],
        "isStarred": false,
        "sortMeta": 0,
        "isDeleted": false
    },
    {
        "id": 9,
        "uid": "b59e6c9f2fcbe2e16d77fc492374cc4f",
        "title": "Kubernetes / Compute Resources /  Multi-Cluster",
        "uri": "db/kubernetes-compute-resources-multi-cluster",
        "url": "/d/b59e6c9f2fcbe2e16d77fc492374cc4f/kubernetes-compute-resources-multi-cluster",
        "slug": "",
        "type": "dash-db",
        "tags": [
            "kubernetes-mixin"
        ],
        "isStarred": false,
        "sortMeta": 0,
        "isDeleted": false
    },
    {
        "id": 8,
        "uid": "efa86fd1d0c121a26444b636a3f509a8",
        "title": "Kubernetes / Compute Resources / Cluster",
        "uri": "db/kubernetes-compute-resources-cluster",
        "url": "/d/efa86fd1d0c121a26444b636a3f509a8/kubernetes-compute-resources-cluster",
        "slug": "",
        "type": "dash-db",
        "tags": [
            "kubernetes-mixin"
        ],
        "isStarred": false,
        "sortMeta": 0,
        "isDeleted": false
    },
    {
        "id": 10,
        "uid": "85a562078cdf77779eaa1add43ccec1e",
        "title": "Kubernetes / Compute Resources / Namespace (Pods)",
        "uri": "db/kubernetes-compute-resources-namespace-pods",
        "url": "/d/85a562078cdf77779eaa1add43ccec1e/kubernetes-compute-resources-namespace-pods",
        "slug": "",
        "type": "dash-db",
        "tags": [
            "kubernetes-mixin"
        ],
        "isStarred": false,
        "sortMeta": 0,
        "isDeleted": false
    },
    {
        "id": 14,
        "uid": "a87fb0d919ec0ea5f6543124e16c42a5",
        "title": "Kubernetes / Compute Resources / Namespace (Workloads)",
        "uri": "db/kubernetes-compute-resources-namespace-workloads",
        "url": "/d/a87fb0d919ec0ea5f6543124e16c42a5/kubernetes-compute-resources-namespace-workloads",
        "slug": "",
        "type": "dash-db",
        "tags": [
            "kubernetes-mixin"
        ],
        "isStarred": false,
        "sortMeta": 0,
        "isDeleted": false
    },
    {
        "id": 11,
        "uid": "200ac8fdbfbb74b39aff88118e4d1c2c",
        "title": "Kubernetes / Compute Resources / Node (Pods)",
        "uri": "db/kubernetes-compute-resources-node-pods",
        "url": "/d/200ac8fdbfbb74b39aff88118e4d1c2c/kubernetes-compute-resources-node-pods",
        "slug": "",
        "type": "dash-db",
        "tags": [
            "kubernetes-mixin"
        ],
        "isStarred": false,
        "sortMeta": 0,
        "isDeleted": false
    },
    {
        "id": 12,
        "uid": "6581e46e4e5c7ba40a07646395ef7b23",
        "title": "Kubernetes / Compute Resources / Pod",
        "uri": "db/kubernetes-compute-resources-pod",
        "url": "/d/6581e46e4e5c7ba40a07646395ef7b23/kubernetes-compute-resources-pod",
        "slug": "",
        "type": "dash-db",
        "tags": [
            "kubernetes-mixin"
        ],
        "isStarred": false,
        "sortMeta": 0,
        "isDeleted": false
    },
    {
        "id": 13,
        "uid": "a164a7f0339f99e89cea5cb47e9be617",
        "title": "Kubernetes / Compute Resources / Workload",
        "uri": "db/kubernetes-compute-resources-workload",
        "url": "/d/a164a7f0339f99e89cea5cb47e9be617/kubernetes-compute-resources-workload",
        "slug": "",
        "type": "dash-db",
        "tags": [
            "kubernetes-mixin"
        ],
        "isStarred": false,
        "sortMeta": 0,
        "isDeleted": false
    },
    {
        "id": 4,
        "uid": "72e0e05bef5099e5f049b05fdc429ed4",
        "title": "Kubernetes / Controller Manager",
        "uri": "db/kubernetes-controller-manager",
        "url": "/d/72e0e05bef5099e5f049b05fdc429ed4/kubernetes-controller-manager",
        "slug": "",
        "type": "dash-db",
        "tags": [
            "kubernetes-mixin"
        ],
        "isStarred": false,
        "sortMeta": 0,
        "isDeleted": false
    },
    {
        "id": 15,
        "uid": "3138fa155d5915769fbded898ac09fd9",
        "title": "Kubernetes / Kubelet",
        "uri": "db/kubernetes-kubelet",
        "url": "/d/3138fa155d5915769fbded898ac09fd9/kubernetes-kubelet",
        "slug": "",
        "type": "dash-db",
        "tags": [
            "kubernetes-mixin"
        ],
        "isStarred": false,
        "sortMeta": 0,
        "isDeleted": false
    },
    {
        "id": 3,
        "uid": "ff635a025bcfea7bc3dd4f508990a3e9",
        "title": "Kubernetes / Networking / Cluster",
        "uri": "db/kubernetes-networking-cluster",
        "url": "/d/ff635a025bcfea7bc3dd4f508990a3e9/kubernetes-networking-cluster",
        "slug": "",
        "type": "dash-db",
        "tags": [
            "kubernetes-mixin"
        ],
        "isStarred": false,
        "sortMeta": 0,
        "isDeleted": false
    },
    {
        "id": 16,
        "uid": "8b7a8b326d7a6f1f04244066368c67af",
        "title": "Kubernetes / Networking / Namespace (Pods)",
        "uri": "db/kubernetes-networking-namespace-pods",
        "url": "/d/8b7a8b326d7a6f1f04244066368c67af/kubernetes-networking-namespace-pods",
        "slug": "",
        "type": "dash-db",
        "tags": [
            "kubernetes-mixin"
        ],
        "isStarred": false,
        "sortMeta": 0,
        "isDeleted": false
    },
    {
        "id": 17,
        "uid": "bbb2a765a623ae38130206c7d94a160f",
        "title": "Kubernetes / Networking / Namespace (Workload)",
        "uri": "db/kubernetes-networking-namespace-workload",
        "url": "/d/bbb2a765a623ae38130206c7d94a160f/kubernetes-networking-namespace-workload",
        "slug": "",
        "type": "dash-db",
        "tags": [
            "kubernetes-mixin"
        ],
        "isStarred": false,
        "sortMeta": 0,
        "isDeleted": false
    },
    {
        "id": 24,
        "uid": "7a18067ce943a40ae25454675c19ff5c",
        "title": "Kubernetes / Networking / Pod",
        "uri": "db/kubernetes-networking-pod",
        "url": "/d/7a18067ce943a40ae25454675c19ff5c/kubernetes-networking-pod",
        "slug": "",
        "type": "dash-db",
        "tags": [
            "kubernetes-mixin"
        ],
        "isStarred": false,
        "sortMeta": 0,
        "isDeleted": false
    },
    {
        "id": 28,
        "uid": "728bf77cc1166d2f3133bf25846876cc",
        "title": "Kubernetes / Networking / Workload",
        "uri": "db/kubernetes-networking-workload",
        "url": "/d/728bf77cc1166d2f3133bf25846876cc/kubernetes-networking-workload",
        "slug": "",
        "type": "dash-db",
        "tags": [
            "kubernetes-mixin"
        ],
        "isStarred": false,
        "sortMeta": 0,
        "isDeleted": false
    },
    {
        "id": 23,
        "uid": "919b92a8e8041bd567af9edab12c840c",
        "title": "Kubernetes / Persistent Volumes",
        "uri": "db/kubernetes-persistent-volumes",
        "url": "/d/919b92a8e8041bd567af9edab12c840c/kubernetes-persistent-volumes",
        "slug": "",
        "type": "dash-db",
        "tags": [
            "kubernetes-mixin"
        ],
        "isStarred": false,
        "sortMeta": 0,
        "isDeleted": false
    },
    {
        "id": 26,
        "uid": "632e265de029684c40b21cb76bca4f94",
        "title": "Kubernetes / Proxy",
        "uri": "db/kubernetes-proxy",
        "url": "/d/632e265de029684c40b21cb76bca4f94/kubernetes-proxy",
        "slug": "",
        "type": "dash-db",
        "tags": [
            "kubernetes-mixin"
        ],
        "isStarred": false,
        "sortMeta": 0,
        "isDeleted": false
    },
    {
        "id": 27,
        "uid": "2e6b6a3b4bddf1427b3a55aa1311c656",
        "title": "Kubernetes / Scheduler",
        "uri": "db/kubernetes-scheduler",
        "url": "/d/2e6b6a3b4bddf1427b3a55aa1311c656/kubernetes-scheduler",
        "slug": "",
        "type": "dash-db",
        "tags": [
            "kubernetes-mixin"
        ],
        "isStarred": false,
        "sortMeta": 0,
        "isDeleted": false
    },
    {
        "id": 21,
        "uid": "7e0a61e486f727d763fb1d86fdd629c2",
        "title": "Node Exporter / AIX",
        "uri": "db/node-exporter-aix",
        "url": "/d/7e0a61e486f727d763fb1d86fdd629c2/node-exporter-aix",
        "slug": "",
        "type": "dash-db",
        "tags": [
            "node-exporter-mixin"
        ],
        "isStarred": false,
        "sortMeta": 0,
        "isDeleted": false
    },
    {
        "id": 22,
        "uid": "629701ea43bf69291922ea45f4a87d37",
        "title": "Node Exporter / MacOS",
        "uri": "db/node-exporter-macos",
        "url": "/d/629701ea43bf69291922ea45f4a87d37/node-exporter-macos",
        "slug": "",
        "type": "dash-db",
        "tags": [
            "node-exporter-mixin"
        ],
        "isStarred": false,
        "sortMeta": 0,
        "isDeleted": false
    },
    {
        "id": 20,
        "uid": "7d57716318ee0dddbac5a7f451fb7753",
        "title": "Node Exporter / Nodes",
        "uri": "db/node-exporter-nodes",
        "url": "/d/7d57716318ee0dddbac5a7f451fb7753/node-exporter-nodes",
        "slug": "",
        "type": "dash-db",
        "tags": [
            "node-exporter-mixin"
        ],
        "isStarred": false,
        "sortMeta": 0,
        "isDeleted": false
    },
    {
        "id": 18,
        "uid": "3e97d1d02672cdd0861f4c97c64f89b2",
        "title": "Node Exporter / USE Method / Cluster",
        "uri": "db/node-exporter-use-method-cluster",
        "url": "/d/3e97d1d02672cdd0861f4c97c64f89b2/node-exporter-use-method-cluster",
        "slug": "",
        "type": "dash-db",
        "tags": [
            "node-exporter-mixin"
        ],
        "isStarred": false,
        "sortMeta": 0,
        "isDeleted": false
    },
    {
        "id": 19,
        "uid": "fac67cfbe174d3ef53eb473d73d9212f",
        "title": "Node Exporter / USE Method / Node",
        "uri": "db/node-exporter-use-method-node",
        "url": "/d/fac67cfbe174d3ef53eb473d73d9212f/node-exporter-use-method-node",
        "slug": "",
        "type": "dash-db",
        "tags": [
            "node-exporter-mixin"
        ],
        "isStarred": false,
        "sortMeta": 0,
        "isDeleted": false
    },
    {
        "id": 25,
        "uid": "aebghwkqht0cga",
        "title": "Prometheus / Overview",
        "uri": "db/prometheus-overview",
        "url": "/d/aebghwkqht0cga/prometheus-overview",
        "slug": "",
        "type": "dash-db",
        "tags": [
            "prometheus-mixin"
        ],
        "isStarred": false,
        "sortMeta": 0,
        "isDeleted": false
    }
]
2025-01-29 13:40:28,173 INFO c.h.h.t.HelmChartContainer - Uninstalling release 'monitoring-stack' in namespace 'monitoring'...
2025-01-29 13:40:28,174 DEBUG c.h.h.t.HelmChartContainer - Executing helm command: /bin/helm --kubeconfig /etc/rancher/k3s/k3s.yaml uninstall monitoring-stack  --wait --timeout 5m0s --cascade foreground --namespace monitoring
2025-01-29 13:40:30,051 INFO c.h.h.t.HelmChartContainer - [K3S] [replica_set.go:679] "Finished syncing" kind="ReplicaSet" key="monitoring/monitoring-stack-kube-state-metrics-5bf5c7b54d" duration="3.541099ms"
2025-01-29 13:40:30,051 INFO c.h.h.t.HelmChartContainer - [K3S] [replica_set.go:679] "Finished syncing" kind="ReplicaSet" key="monitoring/monitoring-stack-kube-state-metrics-5bf5c7b54d" duration="41.527Âµs"
2025-01-29 13:40:30,128 INFO c.h.h.t.HelmChartContainer - [K3S] [replica_set.go:679] "Finished syncing" kind="ReplicaSet" key="monitoring/monitoring-stack-grafana-64c55fb967" duration="4.605438ms"
2025-01-29 13:40:30,128 INFO c.h.h.t.HelmChartContainer - [K3S] [replica_set.go:679] "Finished syncing" kind="ReplicaSet" key="monitoring/monitoring-stack-grafana-64c55fb967" duration="44.011Âµs"
2025-01-29 13:40:30,175 INFO c.h.h.t.HelmChartContainer - [K3S] [replica_set.go:679] "Finished syncing" kind="ReplicaSet" key="monitoring/monitoring-stack-kube-prom-operator-d77f8fd4c" duration="3.58115ms"
2025-01-29 13:40:30,175 INFO c.h.h.t.HelmChartContainer - [K3S] [replica_set.go:679] "Finished syncing" kind="ReplicaSet" key="monitoring/monitoring-stack-kube-prom-operator-d77f8fd4c" duration="39.223Âµs"
2025-01-29 13:40:30,252 INFO c.h.h.t.HelmChartContainer - [POD] monitoring-stack-prometheus-node-exporter-zmx7f [8ed651e2-0998-4ea0-a49c-3cd809d27b31] in monitoring was MODIFIED
2025-01-29 13:40:30,254 INFO c.h.h.t.HelmChartContainer - [EVENT] Normal [Killing] Stopping container node-exporter [monitoring:monitoring-stack-prometheus-node-exporter-zmx7f]
2025-01-29 13:40:30,341 INFO c.h.h.t.HelmChartContainer - [POD] monitoring-stack-prometheus-node-exporter-zmx7f [8ed651e2-0998-4ea0-a49c-3cd809d27b31] in monitoring was MODIFIED
2025-01-29 13:40:30,420 INFO c.h.h.t.HelmChartContainer - [K3S] [reconciler_common.go:162] "operationExecutor.UnmountVolume started for volume \"sys\" (UniqueName: \"kubernetes.io/host-path/8ed651e2-0998-4ea0-a49c-3cd809d27b31-sys\") pod \"8ed651e2-0998-4ea0-a49c-3cd809d27b31\" (UID: \"8ed651e2-0998-4ea0-a49c-3cd809d27b31\") "
2025-01-29 13:40:30,421 INFO c.h.h.t.HelmChartContainer - [K3S] [reconciler_common.go:162] "operationExecutor.UnmountVolume started for volume \"proc\" (UniqueName: \"kubernetes.io/host-path/8ed651e2-0998-4ea0-a49c-3cd809d27b31-proc\") pod \"8ed651e2-0998-4ea0-a49c-3cd809d27b31\" (UID: \"8ed651e2-0998-4ea0-a49c-3cd809d27b31\") "
2025-01-29 13:40:30,521 INFO c.h.h.t.HelmChartContainer - [K3S] [reconciler_common.go:299] "Volume detached for volume \"sys\" (UniqueName: \"kubernetes.io/host-path/8ed651e2-0998-4ea0-a49c-3cd809d27b31-sys\") on node \"cc060c47c65d\" DevicePath \"\""
2025-01-29 13:40:30,521 INFO c.h.h.t.HelmChartContainer - [K3S] [reconciler_common.go:299] "Volume detached for volume \"proc\" (UniqueName: \"kubernetes.io/host-path/8ed651e2-0998-4ea0-a49c-3cd809d27b31-proc\") on node \"cc060c47c65d\" DevicePath \"\""
2025-01-29 13:40:30,650 INFO c.h.h.t.HelmChartContainer - [K3S] [scope.go:117] "RemoveContainer" containerID="dc65e76ea9ed7c24672e51a9cd72bab1f5370903b8cc831197621bcf199236f0"
2025-01-29 13:40:30,654 INFO c.h.h.t.HelmChartContainer - [K3S] [scope.go:117] "RemoveContainer" containerID="dc65e76ea9ed7c24672e51a9cd72bab1f5370903b8cc831197621bcf199236f0"
2025-01-29 13:40:30,671 INFO c.h.h.t.HelmChartContainer - [POD] monitoring-stack-prometheus-node-exporter-zmx7f [8ed651e2-0998-4ea0-a49c-3cd809d27b31] in monitoring was MODIFIED
2025-01-29 13:40:30,672 INFO c.h.h.t.HelmChartContainer - [POD] monitoring-stack-prometheus-node-exporter-zmx7f [8ed651e2-0998-4ea0-a49c-3cd809d27b31] in monitoring was DELETED
2025-01-29 13:40:31,346 INFO c.h.h.t.HelmChartContainer - [K3S] [kubelet_volumes.go:163] "Cleaned up orphaned pod volumes dir" podUID="8ed651e2-0998-4ea0-a49c-3cd809d27b31" path="/var/lib/kubelet/pods/8ed651e2-0998-4ea0-a49c-3cd809d27b31/volumes"
2025-01-29 13:40:35,396 INFO c.h.h.t.HelmChartContainer - [K3S] [dispatcher.go:205] Failed calling webhook, failing open prometheusrulemutate.monitoring.coreos.com: failed calling webhook "prometheusrulemutate.monitoring.coreos.com": failed to call webhook: Post "https://monitoring-stack-kube-prom-operator.monitoring.svc:443/admission-prometheusrules/validate?timeout=10s": service "monitoring-stack-kube-prom-operator" not found
2025-01-29 13:40:35,396 INFO c.h.h.t.HelmChartContainer - [K3S] [dispatcher.go:213] "Unhandled Error" err="failed calling webhook \"prometheusrulemutate.monitoring.coreos.com\": failed to call webhook: Post \"https://monitoring-stack-kube-prom-operator.monitoring.svc:443/admission-prometheusrules/validate?timeout=10s\": service \"monitoring-stack-kube-prom-operator\" not found"
2025-01-29 13:40:35,437 INFO c.h.h.t.HelmChartContainer - [K3S] [authentication.go:74] "Unable to authenticate the request" err="[invalid bearer token, serviceaccounts \"monitoring-stack-kube-prom-prometheus\" not found]"
2025-01-29 13:40:35,796 INFO c.h.h.t.HelmChartContainer - [K3S] [dispatcher.go:205] Failed calling webhook, failing open prometheusrulemutate.monitoring.coreos.com: failed calling webhook "prometheusrulemutate.monitoring.coreos.com": failed to call webhook: Post "https://monitoring-stack-kube-prom-operator.monitoring.svc:443/admission-prometheusrules/validate?timeout=10s": service "monitoring-stack-kube-prom-operator" not found
2025-01-29 13:40:35,796 INFO c.h.h.t.HelmChartContainer - [K3S] [dispatcher.go:213] "Unhandled Error" err="failed calling webhook \"prometheusrulemutate.monitoring.coreos.com\": failed to call webhook: Post \"https://monitoring-stack-kube-prom-operator.monitoring.svc:443/admission-prometheusrules/validate?timeout=10s\": service \"monitoring-stack-kube-prom-operator\" not found"
2025-01-29 13:40:35,823 INFO c.h.h.t.HelmChartContainer - [K3S] [dispatcher.go:205] Failed calling webhook, failing open prometheusrulemutate.monitoring.coreos.com: failed calling webhook "prometheusrulemutate.monitoring.coreos.com": failed to call webhook: Post "https://monitoring-stack-kube-prom-operator.monitoring.svc:443/admission-prometheusrules/validate?timeout=10s": service "monitoring-stack-kube-prom-operator" not found
2025-01-29 13:40:35,823 INFO c.h.h.t.HelmChartContainer - [K3S] [dispatcher.go:213] "Unhandled Error" err="failed calling webhook \"prometheusrulemutate.monitoring.coreos.com\": failed to call webhook: Post \"https://monitoring-stack-kube-prom-operator.monitoring.svc:443/admission-prometheusrules/validate?timeout=10s\": service \"monitoring-stack-kube-prom-operator\" not found"
2025-01-29 13:40:35,846 INFO c.h.h.t.HelmChartContainer - [K3S] [dispatcher.go:205] Failed calling webhook, failing open prometheusrulemutate.monitoring.coreos.com: failed calling webhook "prometheusrulemutate.monitoring.coreos.com": failed to call webhook: Post "https://monitoring-stack-kube-prom-operator.monitoring.svc:443/admission-prometheusrules/validate?timeout=10s": service "monitoring-stack-kube-prom-operator" not found
2025-01-29 13:40:35,846 INFO c.h.h.t.HelmChartContainer - [K3S] [dispatcher.go:213] "Unhandled Error" err="failed calling webhook \"prometheusrulemutate.monitoring.coreos.com\": failed to call webhook: Post \"https://monitoring-stack-kube-prom-operator.monitoring.svc:443/admission-prometheusrules/validate?timeout=10s\": service \"monitoring-stack-kube-prom-operator\" not found"
2025-01-29 13:40:35,920 INFO c.h.h.t.HelmChartContainer - [K3S] [dispatcher.go:205] Failed calling webhook, failing open prometheusrulemutate.monitoring.coreos.com: failed calling webhook "prometheusrulemutate.monitoring.coreos.com": failed to call webhook: Post "https://monitoring-stack-kube-prom-operator.monitoring.svc:443/admission-prometheusrules/validate?timeout=10s": service "monitoring-stack-kube-prom-operator" not found
2025-01-29 13:40:35,920 INFO c.h.h.t.HelmChartContainer - [K3S] [dispatcher.go:213] "Unhandled Error" err="failed calling webhook \"prometheusrulemutate.monitoring.coreos.com\": failed to call webhook: Post \"https://monitoring-stack-kube-prom-operator.monitoring.svc:443/admission-prometheusrules/validate?timeout=10s\": service \"monitoring-stack-kube-prom-operator\" not found"
2025-01-29 13:40:36,096 INFO c.h.h.t.HelmChartContainer - [K3S] [dispatcher.go:205] Failed calling webhook, failing open prometheusrulemutate.monitoring.coreos.com: failed calling webhook "prometheusrulemutate.monitoring.coreos.com": failed to call webhook: Post "https://monitoring-stack-kube-prom-operator.monitoring.svc:443/admission-prometheusrules/validate?timeout=10s": service "monitoring-stack-kube-prom-operator" not found
2025-01-29 13:40:36,096 INFO c.h.h.t.HelmChartContainer - [K3S] [dispatcher.go:213] "Unhandled Error" err="failed calling webhook \"prometheusrulemutate.monitoring.coreos.com\": failed to call webhook: Post \"https://monitoring-stack-kube-prom-operator.monitoring.svc:443/admission-prometheusrules/validate?timeout=10s\": service \"monitoring-stack-kube-prom-operator\" not found"
2025-01-29 13:40:36,122 INFO c.h.h.t.HelmChartContainer - [K3S] [dispatcher.go:205] Failed calling webhook, failing open prometheusrulemutate.monitoring.coreos.com: failed calling webhook "prometheusrulemutate.monitoring.coreos.com": failed to call webhook: Post "https://monitoring-stack-kube-prom-operator.monitoring.svc:443/admission-prometheusrules/validate?timeout=10s": service "monitoring-stack-kube-prom-operator" not found
2025-01-29 13:40:36,122 INFO c.h.h.t.HelmChartContainer - [K3S] [dispatcher.go:213] "Unhandled Error" err="failed calling webhook \"prometheusrulemutate.monitoring.coreos.com\": failed to call webhook: Post \"https://monitoring-stack-kube-prom-operator.monitoring.svc:443/admission-prometheusrules/validate?timeout=10s\": service \"monitoring-stack-kube-prom-operator\" not found"
2025-01-29 13:40:36,171 INFO c.h.h.t.HelmChartContainer - [K3S] [dispatcher.go:205] Failed calling webhook, failing open prometheusrulemutate.monitoring.coreos.com: failed calling webhook "prometheusrulemutate.monitoring.coreos.com": failed to call webhook: Post "https://monitoring-stack-kube-prom-operator.monitoring.svc:443/admission-prometheusrules/validate?timeout=10s": service "monitoring-stack-kube-prom-operator" not found
2025-01-29 13:40:36,171 INFO c.h.h.t.HelmChartContainer - [K3S] [dispatcher.go:213] "Unhandled Error" err="failed calling webhook \"prometheusrulemutate.monitoring.coreos.com\": failed to call webhook: Post \"https://monitoring-stack-kube-prom-operator.monitoring.svc:443/admission-prometheusrules/validate?timeout=10s\": service \"monitoring-stack-kube-prom-operator\" not found"
2025-01-29 13:40:36,221 INFO c.h.h.t.HelmChartContainer - [K3S] [dispatcher.go:205] Failed calling webhook, failing open prometheusrulemutate.monitoring.coreos.com: failed calling webhook "prometheusrulemutate.monitoring.coreos.com": failed to call webhook: Post "https://monitoring-stack-kube-prom-operator.monitoring.svc:443/admission-prometheusrules/validate?timeout=10s": service "monitoring-stack-kube-prom-operator" not found
2025-01-29 13:40:36,221 INFO c.h.h.t.HelmChartContainer - [K3S] [dispatcher.go:213] "Unhandled Error" err="failed calling webhook \"prometheusrulemutate.monitoring.coreos.com\": failed to call webhook: Post \"https://monitoring-stack-kube-prom-operator.monitoring.svc:443/admission-prometheusrules/validate?timeout=10s\": service \"monitoring-stack-kube-prom-operator\" not found"
2025-01-29 13:40:36,246 INFO c.h.h.t.HelmChartContainer - [K3S] [dispatcher.go:205] Failed calling webhook, failing open prometheusrulemutate.monitoring.coreos.com: failed calling webhook "prometheusrulemutate.monitoring.coreos.com": failed to call webhook: Post "https://monitoring-stack-kube-prom-operator.monitoring.svc:443/admission-prometheusrules/validate?timeout=10s": service "monitoring-stack-kube-prom-operator" not found
2025-01-29 13:40:36,246 INFO c.h.h.t.HelmChartContainer - [K3S] [dispatcher.go:213] "Unhandled Error" err="failed calling webhook \"prometheusrulemutate.monitoring.coreos.com\": failed to call webhook: Post \"https://monitoring-stack-kube-prom-operator.monitoring.svc:443/admission-prometheusrules/validate?timeout=10s\": service \"monitoring-stack-kube-prom-operator\" not found"
2025-01-29 13:40:36,445 INFO c.h.h.t.HelmChartContainer - [K3S] [dispatcher.go:205] Failed calling webhook, failing open prometheusrulemutate.monitoring.coreos.com: failed calling webhook "prometheusrulemutate.monitoring.coreos.com": failed to call webhook: Post "https://monitoring-stack-kube-prom-operator.monitoring.svc:443/admission-prometheusrules/validate?timeout=10s": service "monitoring-stack-kube-prom-operator" not found
2025-01-29 13:40:36,445 INFO c.h.h.t.HelmChartContainer - [K3S] [dispatcher.go:213] "Unhandled Error" err="failed calling webhook \"prometheusrulemutate.monitoring.coreos.com\": failed to call webhook: Post \"https://monitoring-stack-kube-prom-operator.monitoring.svc:443/admission-prometheusrules/validate?timeout=10s\": service \"monitoring-stack-kube-prom-operator\" not found"
2025-01-29 13:40:36,471 INFO c.h.h.t.HelmChartContainer - [K3S] [dispatcher.go:205] Failed calling webhook, failing open prometheusrulemutate.monitoring.coreos.com: failed calling webhook "prometheusrulemutate.monitoring.coreos.com": failed to call webhook: Post "https://monitoring-stack-kube-prom-operator.monitoring.svc:443/admission-prometheusrules/validate?timeout=10s": service "monitoring-stack-kube-prom-operator" not found
2025-01-29 13:40:36,471 INFO c.h.h.t.HelmChartContainer - [K3S] [dispatcher.go:213] "Unhandled Error" err="failed calling webhook \"prometheusrulemutate.monitoring.coreos.com\": failed to call webhook: Post \"https://monitoring-stack-kube-prom-operator.monitoring.svc:443/admission-prometheusrules/validate?timeout=10s\": service \"monitoring-stack-kube-prom-operator\" not found"
2025-01-29 13:40:36,496 INFO c.h.h.t.HelmChartContainer - [K3S] [dispatcher.go:205] Failed calling webhook, failing open prometheusrulemutate.monitoring.coreos.com: failed calling webhook "prometheusrulemutate.monitoring.coreos.com": failed to call webhook: Post "https://monitoring-stack-kube-prom-operator.monitoring.svc:443/admission-prometheusrules/validate?timeout=10s": service "monitoring-stack-kube-prom-operator" not found
2025-01-29 13:40:36,496 INFO c.h.h.t.HelmChartContainer - [K3S] [dispatcher.go:213] "Unhandled Error" err="failed calling webhook \"prometheusrulemutate.monitoring.coreos.com\": failed to call webhook: Post \"https://monitoring-stack-kube-prom-operator.monitoring.svc:443/admission-prometheusrules/validate?timeout=10s\": service \"monitoring-stack-kube-prom-operator\" not found"
2025-01-29 13:40:36,520 INFO c.h.h.t.HelmChartContainer - [K3S] [dispatcher.go:205] Failed calling webhook, failing open prometheusrulemutate.monitoring.coreos.com: failed calling webhook "prometheusrulemutate.monitoring.coreos.com": failed to call webhook: Post "https://monitoring-stack-kube-prom-operator.monitoring.svc:443/admission-prometheusrules/validate?timeout=10s": service "monitoring-stack-kube-prom-operator" not found
2025-01-29 13:40:36,520 INFO c.h.h.t.HelmChartContainer - [K3S] [dispatcher.go:213] "Unhandled Error" err="failed calling webhook \"prometheusrulemutate.monitoring.coreos.com\": failed to call webhook: Post \"https://monitoring-stack-kube-prom-operator.monitoring.svc:443/admission-prometheusrules/validate?timeout=10s\": service \"monitoring-stack-kube-prom-operator\" not found"
2025-01-29 13:40:36,545 INFO c.h.h.t.HelmChartContainer - [K3S] [dispatcher.go:205] Failed calling webhook, failing open prometheusrulemutate.monitoring.coreos.com: failed calling webhook "prometheusrulemutate.monitoring.coreos.com": failed to call webhook: Post "https://monitoring-stack-kube-prom-operator.monitoring.svc:443/admission-prometheusrules/validate?timeout=10s": service "monitoring-stack-kube-prom-operator" not found
2025-01-29 13:40:36,545 INFO c.h.h.t.HelmChartContainer - [K3S] [dispatcher.go:213] "Unhandled Error" err="failed calling webhook \"prometheusrulemutate.monitoring.coreos.com\": failed to call webhook: Post \"https://monitoring-stack-kube-prom-operator.monitoring.svc:443/admission-prometheusrules/validate?timeout=10s\": service \"monitoring-stack-kube-prom-operator\" not found"
2025-01-29 13:40:36,570 INFO c.h.h.t.HelmChartContainer - [K3S] [dispatcher.go:205] Failed calling webhook, failing open prometheusrulemutate.monitoring.coreos.com: failed calling webhook "prometheusrulemutate.monitoring.coreos.com": failed to call webhook: Post "https://monitoring-stack-kube-prom-operator.monitoring.svc:443/admission-prometheusrules/validate?timeout=10s": service "monitoring-stack-kube-prom-operator" not found
2025-01-29 13:40:36,570 INFO c.h.h.t.HelmChartContainer - [K3S] [dispatcher.go:213] "Unhandled Error" err="failed calling webhook \"prometheusrulemutate.monitoring.coreos.com\": failed to call webhook: Post \"https://monitoring-stack-kube-prom-operator.monitoring.svc:443/admission-prometheusrules/validate?timeout=10s\": service \"monitoring-stack-kube-prom-operator\" not found"
2025-01-29 13:40:36,646 INFO c.h.h.t.HelmChartContainer - [K3S] [dispatcher.go:205] Failed calling webhook, failing open prometheusrulemutate.monitoring.coreos.com: failed calling webhook "prometheusrulemutate.monitoring.coreos.com": failed to call webhook: Post "https://monitoring-stack-kube-prom-operator.monitoring.svc:443/admission-prometheusrules/validate?timeout=10s": service "monitoring-stack-kube-prom-operator" not found
2025-01-29 13:40:36,646 INFO c.h.h.t.HelmChartContainer - [K3S] [dispatcher.go:213] "Unhandled Error" err="failed calling webhook \"prometheusrulemutate.monitoring.coreos.com\": failed to call webhook: Post \"https://monitoring-stack-kube-prom-operator.monitoring.svc:443/admission-prometheusrules/validate?timeout=10s\": service \"monitoring-stack-kube-prom-operator\" not found"
2025-01-29 13:40:36,695 INFO c.h.h.t.HelmChartContainer - [K3S] [dispatcher.go:205] Failed calling webhook, failing open prometheusrulemutate.monitoring.coreos.com: failed calling webhook "prometheusrulemutate.monitoring.coreos.com": failed to call webhook: Post "https://monitoring-stack-kube-prom-operator.monitoring.svc:443/admission-prometheusrules/validate?timeout=10s": service "monitoring-stack-kube-prom-operator" not found
2025-01-29 13:40:36,695 INFO c.h.h.t.HelmChartContainer - [K3S] [dispatcher.go:213] "Unhandled Error" err="failed calling webhook \"prometheusrulemutate.monitoring.coreos.com\": failed to call webhook: Post \"https://monitoring-stack-kube-prom-operator.monitoring.svc:443/admission-prometheusrules/validate?timeout=10s\": service \"monitoring-stack-kube-prom-operator\" not found"
2025-01-29 13:40:36,871 INFO c.h.h.t.HelmChartContainer - [K3S] [dispatcher.go:205] Failed calling webhook, failing open prometheusrulemutate.monitoring.coreos.com: failed calling webhook "prometheusrulemutate.monitoring.coreos.com": failed to call webhook: Post "https://monitoring-stack-kube-prom-operator.monitoring.svc:443/admission-prometheusrules/validate?timeout=10s": service "monitoring-stack-kube-prom-operator" not found
2025-01-29 13:40:36,871 INFO c.h.h.t.HelmChartContainer - [K3S] [dispatcher.go:213] "Unhandled Error" err="failed calling webhook \"prometheusrulemutate.monitoring.coreos.com\": failed to call webhook: Post \"https://monitoring-stack-kube-prom-operator.monitoring.svc:443/admission-prometheusrules/validate?timeout=10s\": service \"monitoring-stack-kube-prom-operator\" not found"
2025-01-29 13:40:36,895 INFO c.h.h.t.HelmChartContainer - [K3S] [dispatcher.go:205] Failed calling webhook, failing open prometheusrulemutate.monitoring.coreos.com: failed calling webhook "prometheusrulemutate.monitoring.coreos.com": failed to call webhook: Post "https://monitoring-stack-kube-prom-operator.monitoring.svc:443/admission-prometheusrules/validate?timeout=10s": service "monitoring-stack-kube-prom-operator" not found
2025-01-29 13:40:36,895 INFO c.h.h.t.HelmChartContainer - [K3S] [dispatcher.go:213] "Unhandled Error" err="failed calling webhook \"prometheusrulemutate.monitoring.coreos.com\": failed to call webhook: Post \"https://monitoring-stack-kube-prom-operator.monitoring.svc:443/admission-prometheusrules/validate?timeout=10s\": service \"monitoring-stack-kube-prom-operator\" not found"
2025-01-29 13:40:37,273 INFO c.h.h.t.HelmChartContainer - [K3S] [dispatcher.go:205] Failed calling webhook, failing open prometheusrulemutate.monitoring.coreos.com: failed calling webhook "prometheusrulemutate.monitoring.coreos.com": failed to call webhook: Post "https://monitoring-stack-kube-prom-operator.monitoring.svc:443/admission-prometheusrules/validate?timeout=10s": service "monitoring-stack-kube-prom-operator" not found
2025-01-29 13:40:37,273 INFO c.h.h.t.HelmChartContainer - [K3S] [dispatcher.go:213] "Unhandled Error" err="failed calling webhook \"prometheusrulemutate.monitoring.coreos.com\": failed to call webhook: Post \"https://monitoring-stack-kube-prom-operator.monitoring.svc:443/admission-prometheusrules/validate?timeout=10s\": service \"monitoring-stack-kube-prom-operator\" not found"
2025-01-29 13:40:37,295 INFO c.h.h.t.HelmChartContainer - [K3S] [dispatcher.go:205] Failed calling webhook, failing open prometheusrulemutate.monitoring.coreos.com: failed calling webhook "prometheusrulemutate.monitoring.coreos.com": failed to call webhook: Post "https://monitoring-stack-kube-prom-operator.monitoring.svc:443/admission-prometheusrules/validate?timeout=10s": service "monitoring-stack-kube-prom-operator" not found
2025-01-29 13:40:37,295 INFO c.h.h.t.HelmChartContainer - [K3S] [dispatcher.go:213] "Unhandled Error" err="failed calling webhook \"prometheusrulemutate.monitoring.coreos.com\": failed to call webhook: Post \"https://monitoring-stack-kube-prom-operator.monitoring.svc:443/admission-prometheusrules/validate?timeout=10s\": service \"monitoring-stack-kube-prom-operator\" not found"
2025-01-29 13:40:37,320 INFO c.h.h.t.HelmChartContainer - [K3S] [dispatcher.go:205] Failed calling webhook, failing open prometheusrulemutate.monitoring.coreos.com: failed calling webhook "prometheusrulemutate.monitoring.coreos.com": failed to call webhook: Post "https://monitoring-stack-kube-prom-operator.monitoring.svc:443/admission-prometheusrules/validate?timeout=10s": service "monitoring-stack-kube-prom-operator" not found
2025-01-29 13:40:37,320 INFO c.h.h.t.HelmChartContainer - [K3S] [dispatcher.go:213] "Unhandled Error" err="failed calling webhook \"prometheusrulemutate.monitoring.coreos.com\": failed to call webhook: Post \"https://monitoring-stack-kube-prom-operator.monitoring.svc:443/admission-prometheusrules/validate?timeout=10s\": service \"monitoring-stack-kube-prom-operator\" not found"
2025-01-29 13:40:37,347 INFO c.h.h.t.HelmChartContainer - [K3S] [dispatcher.go:205] Failed calling webhook, failing open prometheusrulemutate.monitoring.coreos.com: failed calling webhook "prometheusrulemutate.monitoring.coreos.com": failed to call webhook: Post "https://monitoring-stack-kube-prom-operator.monitoring.svc:443/admission-prometheusrules/validate?timeout=10s": service "monitoring-stack-kube-prom-operator" not found
2025-01-29 13:40:37,347 INFO c.h.h.t.HelmChartContainer - [K3S] [dispatcher.go:213] "Unhandled Error" err="failed calling webhook \"prometheusrulemutate.monitoring.coreos.com\": failed to call webhook: Post \"https://monitoring-stack-kube-prom-operator.monitoring.svc:443/admission-prometheusrules/validate?timeout=10s\": service \"monitoring-stack-kube-prom-operator\" not found"
2025-01-29 13:40:37,420 INFO c.h.h.t.HelmChartContainer - [K3S] [dispatcher.go:205] Failed calling webhook, failing open prometheusrulemutate.monitoring.coreos.com: failed calling webhook "prometheusrulemutate.monitoring.coreos.com": failed to call webhook: Post "https://monitoring-stack-kube-prom-operator.monitoring.svc:443/admission-prometheusrules/validate?timeout=10s": service "monitoring-stack-kube-prom-operator" not found
2025-01-29 13:40:37,420 INFO c.h.h.t.HelmChartContainer - [K3S] [dispatcher.go:213] "Unhandled Error" err="failed calling webhook \"prometheusrulemutate.monitoring.coreos.com\": failed to call webhook: Post \"https://monitoring-stack-kube-prom-operator.monitoring.svc:443/admission-prometheusrules/validate?timeout=10s\": service \"monitoring-stack-kube-prom-operator\" not found"
2025-01-29 13:40:37,595 INFO c.h.h.t.HelmChartContainer - [K3S] [dispatcher.go:205] Failed calling webhook, failing open prometheusrulemutate.monitoring.coreos.com: failed calling webhook "prometheusrulemutate.monitoring.coreos.com": failed to call webhook: Post "https://monitoring-stack-kube-prom-operator.monitoring.svc:443/admission-prometheusrules/validate?timeout=10s": service "monitoring-stack-kube-prom-operator" not found
2025-01-29 13:40:37,595 INFO c.h.h.t.HelmChartContainer - [K3S] [dispatcher.go:213] "Unhandled Error" err="failed calling webhook \"prometheusrulemutate.monitoring.coreos.com\": failed to call webhook: Post \"https://monitoring-stack-kube-prom-operator.monitoring.svc:443/admission-prometheusrules/validate?timeout=10s\": service \"monitoring-stack-kube-prom-operator\" not found"
2025-01-29 13:40:37,621 INFO c.h.h.t.HelmChartContainer - [K3S] [dispatcher.go:205] Failed calling webhook, failing open prometheusrulemutate.monitoring.coreos.com: failed calling webhook "prometheusrulemutate.monitoring.coreos.com": failed to call webhook: Post "https://monitoring-stack-kube-prom-operator.monitoring.svc:443/admission-prometheusrules/validate?timeout=10s": service "monitoring-stack-kube-prom-operator" not found
2025-01-29 13:40:37,621 INFO c.h.h.t.HelmChartContainer - [K3S] [dispatcher.go:213] "Unhandled Error" err="failed calling webhook \"prometheusrulemutate.monitoring.coreos.com\": failed to call webhook: Post \"https://monitoring-stack-kube-prom-operator.monitoring.svc:443/admission-prometheusrules/validate?timeout=10s\": service \"monitoring-stack-kube-prom-operator\" not found"
2025-01-29 13:40:37,672 INFO c.h.h.t.HelmChartContainer - [K3S] [dispatcher.go:205] Failed calling webhook, failing open prometheusrulemutate.monitoring.coreos.com: failed calling webhook "prometheusrulemutate.monitoring.coreos.com": failed to call webhook: Post "https://monitoring-stack-kube-prom-operator.monitoring.svc:443/admission-prometheusrules/validate?timeout=10s": service "monitoring-stack-kube-prom-operator" not found
2025-01-29 13:40:37,672 INFO c.h.h.t.HelmChartContainer - [K3S] [dispatcher.go:213] "Unhandled Error" err="failed calling webhook \"prometheusrulemutate.monitoring.coreos.com\": failed to call webhook: Post \"https://monitoring-stack-kube-prom-operator.monitoring.svc:443/admission-prometheusrules/validate?timeout=10s\": service \"monitoring-stack-kube-prom-operator\" not found"
2025-01-29 13:40:37,720 INFO c.h.h.t.HelmChartContainer - [K3S] [dispatcher.go:205] Failed calling webhook, failing open prometheusrulemutate.monitoring.coreos.com: failed calling webhook "prometheusrulemutate.monitoring.coreos.com": failed to call webhook: Post "https://monitoring-stack-kube-prom-operator.monitoring.svc:443/admission-prometheusrules/validate?timeout=10s": service "monitoring-stack-kube-prom-operator" not found
2025-01-29 13:40:37,720 INFO c.h.h.t.HelmChartContainer - [K3S] [dispatcher.go:213] "Unhandled Error" err="failed calling webhook \"prometheusrulemutate.monitoring.coreos.com\": failed to call webhook: Post \"https://monitoring-stack-kube-prom-operator.monitoring.svc:443/admission-prometheusrules/validate?timeout=10s\": service \"monitoring-stack-kube-prom-operator\" not found"
2025-01-29 13:40:37,745 INFO c.h.h.t.HelmChartContainer - [K3S] [dispatcher.go:205] Failed calling webhook, failing open prometheusrulemutate.monitoring.coreos.com: failed calling webhook "prometheusrulemutate.monitoring.coreos.com": failed to call webhook: Post "https://monitoring-stack-kube-prom-operator.monitoring.svc:443/admission-prometheusrules/validate?timeout=10s": service "monitoring-stack-kube-prom-operator" not found
2025-01-29 13:40:37,745 INFO c.h.h.t.HelmChartContainer - [K3S] [dispatcher.go:213] "Unhandled Error" err="failed calling webhook \"prometheusrulemutate.monitoring.coreos.com\": failed to call webhook: Post \"https://monitoring-stack-kube-prom-operator.monitoring.svc:443/admission-prometheusrules/validate?timeout=10s\": service \"monitoring-stack-kube-prom-operator\" not found"
2025-01-29 13:40:37,945 INFO c.h.h.t.HelmChartContainer - [K3S] [dispatcher.go:205] Failed calling webhook, failing open prometheusrulemutate.monitoring.coreos.com: failed calling webhook "prometheusrulemutate.monitoring.coreos.com": failed to call webhook: Post "https://monitoring-stack-kube-prom-operator.monitoring.svc:443/admission-prometheusrules/validate?timeout=10s": service "monitoring-stack-kube-prom-operator" not found
2025-01-29 13:40:37,945 INFO c.h.h.t.HelmChartContainer - [K3S] [dispatcher.go:213] "Unhandled Error" err="failed calling webhook \"prometheusrulemutate.monitoring.coreos.com\": failed to call webhook: Post \"https://monitoring-stack-kube-prom-operator.monitoring.svc:443/admission-prometheusrules/validate?timeout=10s\": service \"monitoring-stack-kube-prom-operator\" not found"
2025-01-29 13:40:37,971 INFO c.h.h.t.HelmChartContainer - [K3S] [dispatcher.go:205] Failed calling webhook, failing open prometheusrulemutate.monitoring.coreos.com: failed calling webhook "prometheusrulemutate.monitoring.coreos.com": failed to call webhook: Post "https://monitoring-stack-kube-prom-operator.monitoring.svc:443/admission-prometheusrules/validate?timeout=10s": service "monitoring-stack-kube-prom-operator" not found
2025-01-29 13:40:37,971 INFO c.h.h.t.HelmChartContainer - [K3S] [dispatcher.go:213] "Unhandled Error" err="failed calling webhook \"prometheusrulemutate.monitoring.coreos.com\": failed to call webhook: Post \"https://monitoring-stack-kube-prom-operator.monitoring.svc:443/admission-prometheusrules/validate?timeout=10s\": service \"monitoring-stack-kube-prom-operator\" not found"
2025-01-29 13:40:37,996 INFO c.h.h.t.HelmChartContainer - [K3S] [dispatcher.go:205] Failed calling webhook, failing open prometheusrulemutate.monitoring.coreos.com: failed calling webhook "prometheusrulemutate.monitoring.coreos.com": failed to call webhook: Post "https://monitoring-stack-kube-prom-operator.monitoring.svc:443/admission-prometheusrules/validate?timeout=10s": service "monitoring-stack-kube-prom-operator" not found
2025-01-29 13:40:37,996 INFO c.h.h.t.HelmChartContainer - [K3S] [dispatcher.go:213] "Unhandled Error" err="failed calling webhook \"prometheusrulemutate.monitoring.coreos.com\": failed to call webhook: Post \"https://monitoring-stack-kube-prom-operator.monitoring.svc:443/admission-prometheusrules/validate?timeout=10s\": service \"monitoring-stack-kube-prom-operator\" not found"
2025-01-29 13:40:38,020 INFO c.h.h.t.HelmChartContainer - [K3S] [dispatcher.go:205] Failed calling webhook, failing open prometheusrulemutate.monitoring.coreos.com: failed calling webhook "prometheusrulemutate.monitoring.coreos.com": failed to call webhook: Post "https://monitoring-stack-kube-prom-operator.monitoring.svc:443/admission-prometheusrules/validate?timeout=10s": service "monitoring-stack-kube-prom-operator" not found
2025-01-29 13:40:38,020 INFO c.h.h.t.HelmChartContainer - [K3S] [dispatcher.go:213] "Unhandled Error" err="failed calling webhook \"prometheusrulemutate.monitoring.coreos.com\": failed to call webhook: Post \"https://monitoring-stack-kube-prom-operator.monitoring.svc:443/admission-prometheusrules/validate?timeout=10s\": service \"monitoring-stack-kube-prom-operator\" not found"
2025-01-29 13:40:38,047 INFO c.h.h.t.HelmChartContainer - [K3S] [dispatcher.go:205] Failed calling webhook, failing open prometheusrulemutate.monitoring.coreos.com: failed calling webhook "prometheusrulemutate.monitoring.coreos.com": failed to call webhook: Post "https://monitoring-stack-kube-prom-operator.monitoring.svc:443/admission-prometheusrules/validate?timeout=10s": service "monitoring-stack-kube-prom-operator" not found
2025-01-29 13:40:38,047 INFO c.h.h.t.HelmChartContainer - [K3S] [dispatcher.go:213] "Unhandled Error" err="failed calling webhook \"prometheusrulemutate.monitoring.coreos.com\": failed to call webhook: Post \"https://monitoring-stack-kube-prom-operator.monitoring.svc:443/admission-prometheusrules/validate?timeout=10s\": service \"monitoring-stack-kube-prom-operator\" not found"
2025-01-29 13:40:38,925 INFO c.h.h.t.HelmChartContainer - [K3S] [authentication.go:74] "Unable to authenticate the request" err="[invalid bearer token, serviceaccounts \"monitoring-stack-kube-prom-operator\" not found]"
2025-01-29 13:40:39,102 INFO c.h.h.t.HelmChartContainer - [K3S] [authentication.go:74] "Unable to authenticate the request" err="[invalid bearer token, serviceaccounts \"monitoring-stack-kube-prom-operator\" not found]"
2025-01-29 13:40:39,105 INFO c.h.h.t.HelmChartContainer - [K3S] [authentication.go:74] "Unable to authenticate the request" err="[invalid bearer token, serviceaccounts \"monitoring-stack-kube-prom-operator\" not found]"
2025-01-29 13:40:39,130 INFO c.h.h.t.HelmChartContainer - [K3S] [authentication.go:74] "Unable to authenticate the request" err="[invalid bearer token, serviceaccounts \"monitoring-stack-kube-prom-operator\" not found]"
2025-01-29 13:40:39,135 INFO c.h.h.t.HelmChartContainer - [K3S] [authentication.go:74] "Unable to authenticate the request" err="[invalid bearer token, serviceaccounts \"monitoring-stack-kube-prom-operator\" not found]"
2025-01-29 13:40:39,177 INFO c.h.h.t.HelmChartContainer - [K3S] [authentication.go:74] "Unable to authenticate the request" err="[invalid bearer token, serviceaccounts \"monitoring-stack-kube-prom-operator\" not found]"
2025-01-29 13:40:39,182 INFO c.h.h.t.HelmChartContainer - [K3S] [authentication.go:74] "Unable to authenticate the request" err="[invalid bearer token, serviceaccounts \"monitoring-stack-kube-prom-operator\" not found]"
2025-01-29 13:40:39,652 INFO c.h.h.t.HelmChartContainer - [POD] monitoring-stack-kube-state-metrics-5bf5c7b54d-8tmwr [65986f09-f280-47a0-a6ea-d271d8b87483] in monitoring was MODIFIED
2025-01-29 13:40:39,654 INFO c.h.h.t.HelmChartContainer - [K3S] [replica_set.go:679] "Finished syncing" kind="ReplicaSet" key="monitoring/monitoring-stack-kube-state-metrics-5bf5c7b54d" duration="6.33132ms"
2025-01-29 13:40:39,655 INFO c.h.h.t.HelmChartContainer - [K3S] [replica_set.go:679] "Finished syncing" kind="ReplicaSet" key="monitoring/monitoring-stack-kube-state-metrics-5bf5c7b54d" duration="42.379Âµs"
2025-01-29 13:40:39,657 INFO c.h.h.t.HelmChartContainer - [EVENT] Normal [Killing] Stopping container kube-state-metrics [monitoring:monitoring-stack-kube-state-metrics-5bf5c7b54d-8tmwr]
2025-01-29 13:40:39,755 INFO c.h.h.t.HelmChartContainer - [POD] monitoring-stack-grafana-64c55fb967-ng87k [cb147c8f-1f2d-4ee6-835c-d46fbdf4e2ae] in monitoring was MODIFIED
2025-01-29 13:40:39,759 INFO c.h.h.t.HelmChartContainer - [K3S] [replica_set.go:679] "Finished syncing" kind="ReplicaSet" key="monitoring/monitoring-stack-grafana-64c55fb967" duration="8.962215ms"
2025-01-29 13:40:39,759 INFO c.h.h.t.HelmChartContainer - [K3S] [replica_set.go:679] "Finished syncing" kind="ReplicaSet" key="monitoring/monitoring-stack-grafana-64c55fb967" duration="49.342Âµs"
2025-01-29 13:40:39,765 INFO c.h.h.t.HelmChartContainer - [EVENT] Normal [Killing] Stopping container grafana-sc-dashboard [monitoring:monitoring-stack-grafana-64c55fb967-ng87k]
2025-01-29 13:40:39,765 INFO c.h.h.t.HelmChartContainer - [EVENT] Normal [Killing] Stopping container grafana [monitoring:monitoring-stack-grafana-64c55fb967-ng87k]
2025-01-29 13:40:39,768 INFO c.h.h.t.HelmChartContainer - [EVENT] Normal [Killing] Stopping container grafana-sc-datasources [monitoring:monitoring-stack-grafana-64c55fb967-ng87k]
2025-01-29 13:40:39,799 INFO c.h.h.t.HelmChartContainer - [K3S] [replica_set.go:679] "Finished syncing" kind="ReplicaSet" key="monitoring/monitoring-stack-kube-state-metrics-5bf5c7b54d" duration="51.926Âµs"
2025-01-29 13:40:39,801 INFO c.h.h.t.HelmChartContainer - [POD] monitoring-stack-kube-state-metrics-5bf5c7b54d-8tmwr [65986f09-f280-47a0-a6ea-d271d8b87483] in monitoring was MODIFIED
2025-01-29 13:40:39,871 INFO c.h.h.t.HelmChartContainer - [K3S] [reconciler_common.go:162] "operationExecutor.UnmountVolume started for volume \"kube-api-access-6x6zg\" (UniqueName: \"kubernetes.io/projected/65986f09-f280-47a0-a6ea-d271d8b87483-kube-api-access-6x6zg\") pod \"65986f09-f280-47a0-a6ea-d271d8b87483\" (UID: \"65986f09-f280-47a0-a6ea-d271d8b87483\") "
2025-01-29 13:40:39,899 INFO c.h.h.t.HelmChartContainer - [POD] monitoring-stack-kube-prom-operator-d77f8fd4c-jzsg8 [06da464b-958e-4d8d-8188-97c39b2c72ff] in monitoring was MODIFIED
2025-01-29 13:40:39,907 INFO c.h.h.t.HelmChartContainer - [EVENT] Normal [Killing] Stopping container kube-prometheus-stack [monitoring:monitoring-stack-kube-prom-operator-d77f8fd4c-jzsg8]
2025-01-29 13:40:39,909 INFO c.h.h.t.HelmChartContainer - [K3S] [replica_set.go:679] "Finished syncing" kind="ReplicaSet" key="monitoring/monitoring-stack-kube-prom-operator-d77f8fd4c" duration="6.264559ms"
2025-01-29 13:40:39,910 INFO c.h.h.t.HelmChartContainer - [K3S] [replica_set.go:679] "Finished syncing" kind="ReplicaSet" key="monitoring/monitoring-stack-kube-prom-operator-d77f8fd4c" duration="34.023Âµs"
2025-01-29 13:40:39,976 INFO c.h.h.t.HelmChartContainer - [K3S] [reconciler_common.go:299] "Volume detached for volume \"kube-api-access-6x6zg\" (UniqueName: \"kubernetes.io/projected/65986f09-f280-47a0-a6ea-d271d8b87483-kube-api-access-6x6zg\") on node \"cc060c47c65d\" DevicePath \"\""
2025-01-29 13:40:40,105 INFO c.h.h.t.HelmChartContainer - [K3S] [replica_set.go:679] "Finished syncing" kind="ReplicaSet" key="monitoring/monitoring-stack-kube-prom-operator-d77f8fd4c" duration="53.38Âµs"
2025-01-29 13:40:40,106 INFO c.h.h.t.HelmChartContainer - [POD] monitoring-stack-kube-prom-operator-d77f8fd4c-jzsg8 [06da464b-958e-4d8d-8188-97c39b2c72ff] in monitoring was MODIFIED
2025-01-29 13:40:40,121 INFO c.h.h.t.HelmChartContainer - [K3S] [replica_set.go:679] "Finished syncing" kind="ReplicaSet" key="monitoring/monitoring-stack-grafana-64c55fb967" duration="53.49Âµs"
2025-01-29 13:40:40,124 INFO c.h.h.t.HelmChartContainer - [POD] monitoring-stack-grafana-64c55fb967-ng87k [cb147c8f-1f2d-4ee6-835c-d46fbdf4e2ae] in monitoring was MODIFIED
2025-01-29 13:40:40,177 INFO c.h.h.t.HelmChartContainer - [K3S] [reconciler_common.go:162] "operationExecutor.UnmountVolume started for volume \"tls-secret\" (UniqueName: \"kubernetes.io/secret/06da464b-958e-4d8d-8188-97c39b2c72ff-tls-secret\") pod \"06da464b-958e-4d8d-8188-97c39b2c72ff\" (UID: \"06da464b-958e-4d8d-8188-97c39b2c72ff\") "
2025-01-29 13:40:40,177 INFO c.h.h.t.HelmChartContainer - [K3S] [reconciler_common.go:162] "operationExecutor.UnmountVolume started for volume \"sc-datasources-volume\" (UniqueName: \"kubernetes.io/empty-dir/cb147c8f-1f2d-4ee6-835c-d46fbdf4e2ae-sc-datasources-volume\") pod \"cb147c8f-1f2d-4ee6-835c-d46fbdf4e2ae\" (UID: \"cb147c8f-1f2d-4ee6-835c-d46fbdf4e2ae\") "
2025-01-29 13:40:40,177 INFO c.h.h.t.HelmChartContainer - [K3S] [reconciler_common.go:162] "operationExecutor.UnmountVolume started for volume \"storage\" (UniqueName: \"kubernetes.io/empty-dir/cb147c8f-1f2d-4ee6-835c-d46fbdf4e2ae-storage\") pod \"cb147c8f-1f2d-4ee6-835c-d46fbdf4e2ae\" (UID: \"cb147c8f-1f2d-4ee6-835c-d46fbdf4e2ae\") "
2025-01-29 13:40:40,178 INFO c.h.h.t.HelmChartContainer - [K3S] [reconciler_common.go:162] "operationExecutor.UnmountVolume started for volume \"config\" (UniqueName: \"kubernetes.io/configmap/cb147c8f-1f2d-4ee6-835c-d46fbdf4e2ae-config\") pod \"cb147c8f-1f2d-4ee6-835c-d46fbdf4e2ae\" (UID: \"cb147c8f-1f2d-4ee6-835c-d46fbdf4e2ae\") "
2025-01-29 13:40:40,179 INFO c.h.h.t.HelmChartContainer - [K3S] [reconciler_common.go:162] "operationExecutor.UnmountVolume started for volume \"sc-dashboard-volume\" (UniqueName: \"kubernetes.io/empty-dir/cb147c8f-1f2d-4ee6-835c-d46fbdf4e2ae-sc-dashboard-volume\") pod \"cb147c8f-1f2d-4ee6-835c-d46fbdf4e2ae\" (UID: \"cb147c8f-1f2d-4ee6-835c-d46fbdf4e2ae\") "
2025-01-29 13:40:40,179 INFO c.h.h.t.HelmChartContainer - [K3S] [reconciler_common.go:162] "operationExecutor.UnmountVolume started for volume \"sc-dashboard-provider\" (UniqueName: \"kubernetes.io/configmap/cb147c8f-1f2d-4ee6-835c-d46fbdf4e2ae-sc-dashboard-provider\") pod \"cb147c8f-1f2d-4ee6-835c-d46fbdf4e2ae\" (UID: \"cb147c8f-1f2d-4ee6-835c-d46fbdf4e2ae\") "
2025-01-29 13:40:40,179 INFO c.h.h.t.HelmChartContainer - [K3S] [reconciler_common.go:162] "operationExecutor.UnmountVolume started for volume \"kube-api-access-bh5kt\" (UniqueName: \"kubernetes.io/projected/cb147c8f-1f2d-4ee6-835c-d46fbdf4e2ae-kube-api-access-bh5kt\") pod \"cb147c8f-1f2d-4ee6-835c-d46fbdf4e2ae\" (UID: \"cb147c8f-1f2d-4ee6-835c-d46fbdf4e2ae\") "
2025-01-29 13:40:40,179 INFO c.h.h.t.HelmChartContainer - [K3S] [reconciler_common.go:162] "operationExecutor.UnmountVolume started for volume \"kube-api-access-wwgfh\" (UniqueName: \"kubernetes.io/projected/06da464b-958e-4d8d-8188-97c39b2c72ff-kube-api-access-wwgfh\") pod \"06da464b-958e-4d8d-8188-97c39b2c72ff\" (UID: \"06da464b-958e-4d8d-8188-97c39b2c72ff\") "
2025-01-29 13:40:40,202 INFO c.h.h.t.HelmChartContainer - [POD] alertmanager-monitoring-stack-kube-prom-alertmanager-0 [b7a5b1e3-7ca7-4269-b2fc-3ad23672d513] in monitoring was MODIFIED
2025-01-29 13:40:40,203 INFO c.h.h.t.HelmChartContainer - [EVENT] Normal [Killing] Stopping container alertmanager [monitoring:alertmanager-monitoring-stack-kube-prom-alertmanager-0]
2025-01-29 13:40:40,209 INFO c.h.h.t.HelmChartContainer - [EVENT] Normal [Killing] Stopping container config-reloader [monitoring:alertmanager-monitoring-stack-kube-prom-alertmanager-0]
2025-01-29 13:40:40,278 INFO c.h.h.t.HelmChartContainer - [K3S] [reconciler_common.go:299] "Volume detached for volume \"config\" (UniqueName: \"kubernetes.io/configmap/cb147c8f-1f2d-4ee6-835c-d46fbdf4e2ae-config\") on node \"cc060c47c65d\" DevicePath \"\""
2025-01-29 13:40:40,278 INFO c.h.h.t.HelmChartContainer - [K3S] [reconciler_common.go:299] "Volume detached for volume \"sc-dashboard-volume\" (UniqueName: \"kubernetes.io/empty-dir/cb147c8f-1f2d-4ee6-835c-d46fbdf4e2ae-sc-dashboard-volume\") on node \"cc060c47c65d\" DevicePath \"\""
2025-01-29 13:40:40,278 INFO c.h.h.t.HelmChartContainer - [K3S] [reconciler_common.go:299] "Volume detached for volume \"sc-dashboard-provider\" (UniqueName: \"kubernetes.io/configmap/cb147c8f-1f2d-4ee6-835c-d46fbdf4e2ae-sc-dashboard-provider\") on node \"cc060c47c65d\" DevicePath \"\""
2025-01-29 13:40:40,278 INFO c.h.h.t.HelmChartContainer - [K3S] [reconciler_common.go:299] "Volume detached for volume \"kube-api-access-bh5kt\" (UniqueName: \"kubernetes.io/projected/cb147c8f-1f2d-4ee6-835c-d46fbdf4e2ae-kube-api-access-bh5kt\") on node \"cc060c47c65d\" DevicePath \"\""
2025-01-29 13:40:40,278 INFO c.h.h.t.HelmChartContainer - [K3S] [reconciler_common.go:299] "Volume detached for volume \"kube-api-access-wwgfh\" (UniqueName: \"kubernetes.io/projected/06da464b-958e-4d8d-8188-97c39b2c72ff-kube-api-access-wwgfh\") on node \"cc060c47c65d\" DevicePath \"\""
2025-01-29 13:40:40,278 INFO c.h.h.t.HelmChartContainer - [K3S] [reconciler_common.go:299] "Volume detached for volume \"tls-secret\" (UniqueName: \"kubernetes.io/secret/06da464b-958e-4d8d-8188-97c39b2c72ff-tls-secret\") on node \"cc060c47c65d\" DevicePath \"\""
2025-01-29 13:40:40,278 INFO c.h.h.t.HelmChartContainer - [K3S] [reconciler_common.go:299] "Volume detached for volume \"storage\" (UniqueName: \"kubernetes.io/empty-dir/cb147c8f-1f2d-4ee6-835c-d46fbdf4e2ae-storage\") on node \"cc060c47c65d\" DevicePath \"\""
2025-01-29 13:40:40,278 INFO c.h.h.t.HelmChartContainer - [K3S] [reconciler_common.go:299] "Volume detached for volume \"sc-datasources-volume\" (UniqueName: \"kubernetes.io/empty-dir/cb147c8f-1f2d-4ee6-835c-d46fbdf4e2ae-sc-datasources-volume\") on node \"cc060c47c65d\" DevicePath \"\""
2025-01-29 13:40:40,354 INFO c.h.h.t.HelmChartContainer - [POD] alertmanager-monitoring-stack-kube-prom-alertmanager-0 [b7a5b1e3-7ca7-4269-b2fc-3ad23672d513] in monitoring was MODIFIED
2025-01-29 13:40:40,377 INFO c.h.h.t.HelmChartContainer - [POD] prometheus-monitoring-stack-kube-prom-prometheus-0 [ae653978-159f-4810-880b-78ecbc0a3b8f] in monitoring was MODIFIED
2025-01-29 13:40:40,380 INFO c.h.h.t.HelmChartContainer - [K3S] [reconciler_common.go:162] "operationExecutor.UnmountVolume started for volume \"kube-api-access-gtlsf\" (UniqueName: \"kubernetes.io/projected/b7a5b1e3-7ca7-4269-b2fc-3ad23672d513-kube-api-access-gtlsf\") pod \"b7a5b1e3-7ca7-4269-b2fc-3ad23672d513\" (UID: \"b7a5b1e3-7ca7-4269-b2fc-3ad23672d513\") "
2025-01-29 13:40:40,380 INFO c.h.h.t.HelmChartContainer - [K3S] [reconciler_common.go:162] "operationExecutor.UnmountVolume started for volume \"config-volume\" (UniqueName: \"kubernetes.io/secret/b7a5b1e3-7ca7-4269-b2fc-3ad23672d513-config-volume\") pod \"b7a5b1e3-7ca7-4269-b2fc-3ad23672d513\" (UID: \"b7a5b1e3-7ca7-4269-b2fc-3ad23672d513\") "
2025-01-29 13:40:40,380 INFO c.h.h.t.HelmChartContainer - [K3S] [reconciler_common.go:162] "operationExecutor.UnmountVolume started for volume \"web-config\" (UniqueName: \"kubernetes.io/secret/b7a5b1e3-7ca7-4269-b2fc-3ad23672d513-web-config\") pod \"b7a5b1e3-7ca7-4269-b2fc-3ad23672d513\" (UID: \"b7a5b1e3-7ca7-4269-b2fc-3ad23672d513\") "
2025-01-29 13:40:40,380 INFO c.h.h.t.HelmChartContainer - [K3S] [reconciler_common.go:162] "operationExecutor.UnmountVolume started for volume \"config-out\" (UniqueName: \"kubernetes.io/empty-dir/b7a5b1e3-7ca7-4269-b2fc-3ad23672d513-config-out\") pod \"b7a5b1e3-7ca7-4269-b2fc-3ad23672d513\" (UID: \"b7a5b1e3-7ca7-4269-b2fc-3ad23672d513\") "
2025-01-29 13:40:40,380 INFO c.h.h.t.HelmChartContainer - [K3S] [reconciler_common.go:162] "operationExecutor.UnmountVolume started for volume \"alertmanager-monitoring-stack-kube-prom-alertmanager-db\" (UniqueName: \"kubernetes.io/empty-dir/b7a5b1e3-7ca7-4269-b2fc-3ad23672d513-alertmanager-monitoring-stack-kube-prom-alertmanager-db\") pod \"b7a5b1e3-7ca7-4269-b2fc-3ad23672d513\" (UID: \"b7a5b1e3-7ca7-4269-b2fc-3ad23672d513\") "
2025-01-29 13:40:40,381 INFO c.h.h.t.HelmChartContainer - [K3S] [reconciler_common.go:162] "operationExecutor.UnmountVolume started for volume \"tls-assets\" (UniqueName: \"kubernetes.io/projected/b7a5b1e3-7ca7-4269-b2fc-3ad23672d513-tls-assets\") pod \"b7a5b1e3-7ca7-4269-b2fc-3ad23672d513\" (UID: \"b7a5b1e3-7ca7-4269-b2fc-3ad23672d513\") "
2025-01-29 13:40:40,398 INFO c.h.h.t.HelmChartContainer - [EVENT] Normal [Killing] Stopping container prometheus [monitoring:prometheus-monitoring-stack-kube-prom-prometheus-0]
2025-01-29 13:40:40,406 INFO c.h.h.t.HelmChartContainer - [EVENT] Normal [Killing] Stopping container config-reloader [monitoring:prometheus-monitoring-stack-kube-prom-prometheus-0]
2025-01-29 13:40:40,480 INFO c.h.h.t.HelmChartContainer - [K3S] [reconciler_common.go:299] "Volume detached for volume \"kube-api-access-gtlsf\" (UniqueName: \"kubernetes.io/projected/b7a5b1e3-7ca7-4269-b2fc-3ad23672d513-kube-api-access-gtlsf\") on node \"cc060c47c65d\" DevicePath \"\""
2025-01-29 13:40:40,481 INFO c.h.h.t.HelmChartContainer - [K3S] [reconciler_common.go:299] "Volume detached for volume \"config-volume\" (UniqueName: \"kubernetes.io/secret/b7a5b1e3-7ca7-4269-b2fc-3ad23672d513-config-volume\") on node \"cc060c47c65d\" DevicePath \"\""
2025-01-29 13:40:40,481 INFO c.h.h.t.HelmChartContainer - [K3S] [reconciler_common.go:299] "Volume detached for volume \"web-config\" (UniqueName: \"kubernetes.io/secret/b7a5b1e3-7ca7-4269-b2fc-3ad23672d513-web-config\") on node \"cc060c47c65d\" DevicePath \"\""
2025-01-29 13:40:40,481 INFO c.h.h.t.HelmChartContainer - [K3S] [reconciler_common.go:299] "Volume detached for volume \"config-out\" (UniqueName: \"kubernetes.io/empty-dir/b7a5b1e3-7ca7-4269-b2fc-3ad23672d513-config-out\") on node \"cc060c47c65d\" DevicePath \"\""
2025-01-29 13:40:40,481 INFO c.h.h.t.HelmChartContainer - [K3S] [reconciler_common.go:299] "Volume detached for volume \"alertmanager-monitoring-stack-kube-prom-alertmanager-db\" (UniqueName: \"kubernetes.io/empty-dir/b7a5b1e3-7ca7-4269-b2fc-3ad23672d513-alertmanager-monitoring-stack-kube-prom-alertmanager-db\") on node \"cc060c47c65d\" DevicePath \"\""
2025-01-29 13:40:40,481 INFO c.h.h.t.HelmChartContainer - [K3S] [reconciler_common.go:299] "Volume detached for volume \"tls-assets\" (UniqueName: \"kubernetes.io/projected/b7a5b1e3-7ca7-4269-b2fc-3ad23672d513-tls-assets\") on node \"cc060c47c65d\" DevicePath \"\""
2025-01-29 13:40:40,565 INFO c.h.h.t.HelmChartContainer - [POD] prometheus-monitoring-stack-kube-prom-prometheus-0 [ae653978-159f-4810-880b-78ecbc0a3b8f] in monitoring was MODIFIED
2025-01-29 13:40:40,581 INFO c.h.h.t.HelmChartContainer - [K3S] [reconciler_common.go:162] "operationExecutor.UnmountVolume started for volume \"web-config\" (UniqueName: \"kubernetes.io/secret/ae653978-159f-4810-880b-78ecbc0a3b8f-web-config\") pod \"ae653978-159f-4810-880b-78ecbc0a3b8f\" (UID: \"ae653978-159f-4810-880b-78ecbc0a3b8f\") "
2025-01-29 13:40:40,583 INFO c.h.h.t.HelmChartContainer - [K3S] [reconciler_common.go:162] "operationExecutor.UnmountVolume started for volume \"kube-api-access-n4fjn\" (UniqueName: \"kubernetes.io/projected/ae653978-159f-4810-880b-78ecbc0a3b8f-kube-api-access-n4fjn\") pod \"ae653978-159f-4810-880b-78ecbc0a3b8f\" (UID: \"ae653978-159f-4810-880b-78ecbc0a3b8f\") "
2025-01-29 13:40:40,583 INFO c.h.h.t.HelmChartContainer - [K3S] [reconciler_common.go:162] "operationExecutor.UnmountVolume started for volume \"config-out\" (UniqueName: \"kubernetes.io/empty-dir/ae653978-159f-4810-880b-78ecbc0a3b8f-config-out\") pod \"ae653978-159f-4810-880b-78ecbc0a3b8f\" (UID: \"ae653978-159f-4810-880b-78ecbc0a3b8f\") "
2025-01-29 13:40:40,583 INFO c.h.h.t.HelmChartContainer - [K3S] [reconciler_common.go:162] "operationExecutor.UnmountVolume started for volume \"tls-assets\" (UniqueName: \"kubernetes.io/projected/ae653978-159f-4810-880b-78ecbc0a3b8f-tls-assets\") pod \"ae653978-159f-4810-880b-78ecbc0a3b8f\" (UID: \"ae653978-159f-4810-880b-78ecbc0a3b8f\") "
2025-01-29 13:40:40,583 INFO c.h.h.t.HelmChartContainer - [K3S] [reconciler_common.go:162] "operationExecutor.UnmountVolume started for volume \"prometheus-monitoring-stack-kube-prom-prometheus-rulefiles-0\" (UniqueName: \"kubernetes.io/configmap/ae653978-159f-4810-880b-78ecbc0a3b8f-prometheus-monitoring-stack-kube-prom-prometheus-rulefiles-0\") pod \"ae653978-159f-4810-880b-78ecbc0a3b8f\" (UID: \"ae653978-159f-4810-880b-78ecbc0a3b8f\") "
2025-01-29 13:40:40,584 INFO c.h.h.t.HelmChartContainer - [K3S] [reconciler_common.go:162] "operationExecutor.UnmountVolume started for volume \"prometheus-monitoring-stack-kube-prom-prometheus-db\" (UniqueName: \"kubernetes.io/empty-dir/ae653978-159f-4810-880b-78ecbc0a3b8f-prometheus-monitoring-stack-kube-prom-prometheus-db\") pod \"ae653978-159f-4810-880b-78ecbc0a3b8f\" (UID: \"ae653978-159f-4810-880b-78ecbc0a3b8f\") "
2025-01-29 13:40:40,584 INFO c.h.h.t.HelmChartContainer - [K3S] [reconciler_common.go:162] "operationExecutor.UnmountVolume started for volume \"config\" (UniqueName: \"kubernetes.io/secret/ae653978-159f-4810-880b-78ecbc0a3b8f-config\") pod \"ae653978-159f-4810-880b-78ecbc0a3b8f\" (UID: \"ae653978-159f-4810-880b-78ecbc0a3b8f\") "
2025-01-29 13:40:40,669 INFO c.h.h.t.HelmChartContainer - [K3S] [scope.go:117] "RemoveContainer" containerID="202707e31fe8d4d39e06c71541630ec21264e4ad2d6a734d37b4aa8c0a5901c8"
2025-01-29 13:40:40,674 INFO c.h.h.t.HelmChartContainer - [K3S] [scope.go:117] "RemoveContainer" containerID="202707e31fe8d4d39e06c71541630ec21264e4ad2d6a734d37b4aa8c0a5901c8"
2025-01-29 13:40:40,676 INFO c.h.h.t.HelmChartContainer - [K3S] [scope.go:117] "RemoveContainer" containerID="88121012203fa5d8a74d4466a3ac506935eb67d55e19f2ea2a1f5e4c3e5a7a3e"
2025-01-29 13:40:40,680 INFO c.h.h.t.HelmChartContainer - [K3S] [scope.go:117] "RemoveContainer" containerID="f5af844c8da03651404267d77ca64cb31bd3e833c7c0e46732977380b84b006c"
2025-01-29 13:40:40,682 INFO c.h.h.t.HelmChartContainer - [K3S] [reconciler_common.go:299] "Volume detached for volume \"prometheus-monitoring-stack-kube-prom-prometheus-rulefiles-0\" (UniqueName: \"kubernetes.io/configmap/ae653978-159f-4810-880b-78ecbc0a3b8f-prometheus-monitoring-stack-kube-prom-prometheus-rulefiles-0\") on node \"cc060c47c65d\" DevicePath \"\""
2025-01-29 13:40:40,682 INFO c.h.h.t.HelmChartContainer - [K3S] [reconciler_common.go:299] "Volume detached for volume \"prometheus-monitoring-stack-kube-prom-prometheus-db\" (UniqueName: \"kubernetes.io/empty-dir/ae653978-159f-4810-880b-78ecbc0a3b8f-prometheus-monitoring-stack-kube-prom-prometheus-db\") on node \"cc060c47c65d\" DevicePath \"\""
2025-01-29 13:40:40,682 INFO c.h.h.t.HelmChartContainer - [K3S] [reconciler_common.go:299] "Volume detached for volume \"config\" (UniqueName: \"kubernetes.io/secret/ae653978-159f-4810-880b-78ecbc0a3b8f-config\") on node \"cc060c47c65d\" DevicePath \"\""
2025-01-29 13:40:40,682 INFO c.h.h.t.HelmChartContainer - [K3S] [reconciler_common.go:299] "Volume detached for volume \"web-config\" (UniqueName: \"kubernetes.io/secret/ae653978-159f-4810-880b-78ecbc0a3b8f-web-config\") on node \"cc060c47c65d\" DevicePath \"\""
2025-01-29 13:40:40,682 INFO c.h.h.t.HelmChartContainer - [K3S] [reconciler_common.go:299] "Volume detached for volume \"kube-api-access-n4fjn\" (UniqueName: \"kubernetes.io/projected/ae653978-159f-4810-880b-78ecbc0a3b8f-kube-api-access-n4fjn\") on node \"cc060c47c65d\" DevicePath \"\""
2025-01-29 13:40:40,682 INFO c.h.h.t.HelmChartContainer - [K3S] [reconciler_common.go:299] "Volume detached for volume \"config-out\" (UniqueName: \"kubernetes.io/empty-dir/ae653978-159f-4810-880b-78ecbc0a3b8f-config-out\") on node \"cc060c47c65d\" DevicePath \"\""
2025-01-29 13:40:40,682 INFO c.h.h.t.HelmChartContainer - [K3S] [reconciler_common.go:299] "Volume detached for volume \"tls-assets\" (UniqueName: \"kubernetes.io/projected/ae653978-159f-4810-880b-78ecbc0a3b8f-tls-assets\") on node \"cc060c47c65d\" DevicePath \"\""
2025-01-29 13:40:40,684 INFO c.h.h.t.HelmChartContainer - [K3S] [scope.go:117] "RemoveContainer" containerID="6d12c94c80a812b8899bdbb9aa020671e67b98b8f9bec59c1569c56a7847458e"
2025-01-29 13:40:40,690 INFO c.h.h.t.HelmChartContainer - [K3S] [replica_set.go:679] "Finished syncing" kind="ReplicaSet" key="monitoring/monitoring-stack-kube-prom-operator-d77f8fd4c" duration="43.732Âµs"
2025-01-29 13:40:40,691 INFO c.h.h.t.HelmChartContainer - [POD] monitoring-stack-kube-prom-operator-d77f8fd4c-jzsg8 [06da464b-958e-4d8d-8188-97c39b2c72ff] in monitoring was MODIFIED
2025-01-29 13:40:40,694 INFO c.h.h.t.HelmChartContainer - [K3S] [scope.go:117] "RemoveContainer" containerID="88121012203fa5d8a74d4466a3ac506935eb67d55e19f2ea2a1f5e4c3e5a7a3e"
2025-01-29 13:40:40,697 INFO c.h.h.t.HelmChartContainer - [K3S] [scope.go:117] "RemoveContainer" containerID="f5af844c8da03651404267d77ca64cb31bd3e833c7c0e46732977380b84b006c"
2025-01-29 13:40:40,698 INFO c.h.h.t.HelmChartContainer - [POD] monitoring-stack-kube-prom-operator-d77f8fd4c-jzsg8 [06da464b-958e-4d8d-8188-97c39b2c72ff] in monitoring was DELETED
2025-01-29 13:40:40,700 INFO c.h.h.t.HelmChartContainer - [K3S] [scope.go:117] "RemoveContainer" containerID="6d12c94c80a812b8899bdbb9aa020671e67b98b8f9bec59c1569c56a7847458e"
2025-01-29 13:40:40,700 INFO c.h.h.t.HelmChartContainer - [K3S] [replica_set.go:679] "Finished syncing" kind="ReplicaSet" key="monitoring/monitoring-stack-kube-prom-operator-d77f8fd4c" duration="44.072Âµs"
2025-01-29 13:40:40,700 INFO c.h.h.t.HelmChartContainer - [K3S] [scope.go:117] "RemoveContainer" containerID="88121012203fa5d8a74d4466a3ac506935eb67d55e19f2ea2a1f5e4c3e5a7a3e"
2025-01-29 13:40:40,700 INFO c.h.h.t.HelmChartContainer - [K3S] [scope.go:117] "RemoveContainer" containerID="f5af844c8da03651404267d77ca64cb31bd3e833c7c0e46732977380b84b006c"
2025-01-29 13:40:40,700 INFO c.h.h.t.HelmChartContainer - [K3S] [scope.go:117] "RemoveContainer" containerID="6d12c94c80a812b8899bdbb9aa020671e67b98b8f9bec59c1569c56a7847458e"
2025-01-29 13:40:40,701 INFO c.h.h.t.HelmChartContainer - [K3S] [scope.go:117] "RemoveContainer" containerID="a3cf7fc3064e9449d60e663c5206d8866d0f6f45e1ed614971c429e089771f10"
2025-01-29 13:40:40,706 INFO c.h.h.t.HelmChartContainer - [K3S] [scope.go:117] "RemoveContainer" containerID="a3cf7fc3064e9449d60e663c5206d8866d0f6f45e1ed614971c429e089771f10"
2025-01-29 13:40:40,707 INFO c.h.h.t.HelmChartContainer - [K3S] [scope.go:117] "RemoveContainer" containerID="50dbd53206c452439352b1d6ef402c065744e5ddc000c8a11e35d6c0648c59f8"
2025-01-29 13:40:40,713 INFO c.h.h.t.HelmChartContainer - [POD] monitoring-stack-grafana-64c55fb967-ng87k [cb147c8f-1f2d-4ee6-835c-d46fbdf4e2ae] in monitoring was MODIFIED
2025-01-29 13:40:40,715 INFO c.h.h.t.HelmChartContainer - [K3S] [replica_set.go:679] "Finished syncing" kind="ReplicaSet" key="monitoring/monitoring-stack-grafana-64c55fb967" duration="53.85Âµs"
2025-01-29 13:40:40,726 INFO c.h.h.t.HelmChartContainer - [K3S] [replica_set.go:679] "Finished syncing" kind="ReplicaSet" key="monitoring/monitoring-stack-grafana-64c55fb967" duration="75.26Âµs"
2025-01-29 13:40:40,727 INFO c.h.h.t.HelmChartContainer - [K3S] [scope.go:117] "RemoveContainer" containerID="ef91fa9311592c7fd75bd873cf026324060c68a92b8745415f6ab2c093998eda"
2025-01-29 13:40:40,729 INFO c.h.h.t.HelmChartContainer - [POD] monitoring-stack-grafana-64c55fb967-ng87k [cb147c8f-1f2d-4ee6-835c-d46fbdf4e2ae] in monitoring was DELETED
2025-01-29 13:40:40,732 INFO c.h.h.t.HelmChartContainer - [POD] monitoring-stack-kube-state-metrics-5bf5c7b54d-8tmwr [65986f09-f280-47a0-a6ea-d271d8b87483] in monitoring was MODIFIED
2025-01-29 13:40:40,733 INFO c.h.h.t.HelmChartContainer - [K3S] [replica_set.go:679] "Finished syncing" kind="ReplicaSet" key="monitoring/monitoring-stack-kube-state-metrics-5bf5c7b54d" duration="44.392Âµs"
2025-01-29 13:40:40,734 INFO c.h.h.t.HelmChartContainer - [K3S] [replica_set.go:679] "Finished syncing" kind="ReplicaSet" key="monitoring/monitoring-stack-kube-state-metrics-5bf5c7b54d" duration="34.154Âµs"
2025-01-29 13:40:40,734 INFO c.h.h.t.HelmChartContainer - [POD] monitoring-stack-kube-state-metrics-5bf5c7b54d-8tmwr [65986f09-f280-47a0-a6ea-d271d8b87483] in monitoring was DELETED
2025-01-29 13:40:40,736 INFO c.h.h.t.HelmChartContainer - [K3S] [scope.go:117] "RemoveContainer" containerID="5984f83d4102b63846ea25fcbcd6678c23ed528afe0936a914b3d4e7a7ba3288"
2025-01-29 13:40:40,742 INFO c.h.h.t.HelmChartContainer - [K3S] [scope.go:117] "RemoveContainer" containerID="50dbd53206c452439352b1d6ef402c065744e5ddc000c8a11e35d6c0648c59f8"
2025-01-29 13:40:40,744 INFO c.h.h.t.HelmChartContainer - [K3S] [scope.go:117] "RemoveContainer" containerID="ef91fa9311592c7fd75bd873cf026324060c68a92b8745415f6ab2c093998eda"
2025-01-29 13:40:40,744 INFO c.h.h.t.HelmChartContainer - [K3S] [scope.go:117] "RemoveContainer" containerID="5984f83d4102b63846ea25fcbcd6678c23ed528afe0936a914b3d4e7a7ba3288"
2025-01-29 13:40:40,744 INFO c.h.h.t.HelmChartContainer - [K3S] [scope.go:117] "RemoveContainer" containerID="50dbd53206c452439352b1d6ef402c065744e5ddc000c8a11e35d6c0648c59f8"
2025-01-29 13:40:40,745 INFO c.h.h.t.HelmChartContainer - [K3S] [scope.go:117] "RemoveContainer" containerID="ef91fa9311592c7fd75bd873cf026324060c68a92b8745415f6ab2c093998eda"
2025-01-29 13:40:40,745 INFO c.h.h.t.HelmChartContainer - [K3S] [scope.go:117] "RemoveContainer" containerID="5984f83d4102b63846ea25fcbcd6678c23ed528afe0936a914b3d4e7a7ba3288"
2025-01-29 13:40:40,746 INFO c.h.h.t.HelmChartContainer - [K3S] [scope.go:117] "RemoveContainer" containerID="50dbd53206c452439352b1d6ef402c065744e5ddc000c8a11e35d6c0648c59f8"
2025-01-29 13:40:40,748 INFO c.h.h.t.HelmChartContainer - [K3S] [scope.go:117] "RemoveContainer" containerID="ef91fa9311592c7fd75bd873cf026324060c68a92b8745415f6ab2c093998eda"
2025-01-29 13:40:40,748 INFO c.h.h.t.HelmChartContainer - [K3S] [scope.go:117] "RemoveContainer" containerID="5984f83d4102b63846ea25fcbcd6678c23ed528afe0936a914b3d4e7a7ba3288"
2025-01-29 13:40:40,748 INFO c.h.h.t.HelmChartContainer - [K3S] [scope.go:117] "RemoveContainer" containerID="bf27015d2328fc8b793aa02b0876f528f1964467a90e31fa6c495eb1c0639884"
2025-01-29 13:40:40,753 INFO c.h.h.t.HelmChartContainer - [K3S] [scope.go:117] "RemoveContainer" containerID="f1e494e46c9f531010d28a8da80fa6b3d4a2d2abd29764e9f962727e4df06cb2"
2025-01-29 13:40:40,756 INFO c.h.h.t.HelmChartContainer - [POD] prometheus-monitoring-stack-kube-prom-prometheus-0 [ae653978-159f-4810-880b-78ecbc0a3b8f] in monitoring was MODIFIED
2025-01-29 13:40:40,763 INFO c.h.h.t.HelmChartContainer - [POD] prometheus-monitoring-stack-kube-prom-prometheus-0 [ae653978-159f-4810-880b-78ecbc0a3b8f] in monitoring was DELETED
2025-01-29 13:40:40,764 INFO c.h.h.t.HelmChartContainer - [K3S] [scope.go:117] "RemoveContainer" containerID="b210eff1b5d63efd9091f3ed4e25698a7eb64822a7d0c8059203d087728c98d3"
2025-01-29 13:40:40,772 INFO c.h.h.t.HelmChartContainer - [K3S] [scope.go:117] "RemoveContainer" containerID="bf27015d2328fc8b793aa02b0876f528f1964467a90e31fa6c495eb1c0639884"
2025-01-29 13:40:40,777 INFO c.h.h.t.HelmChartContainer - [K3S] [scope.go:117] "RemoveContainer" containerID="f1e494e46c9f531010d28a8da80fa6b3d4a2d2abd29764e9f962727e4df06cb2"
2025-01-29 13:40:40,779 INFO c.h.h.t.HelmChartContainer - [K3S] [scope.go:117] "RemoveContainer" containerID="b210eff1b5d63efd9091f3ed4e25698a7eb64822a7d0c8059203d087728c98d3"
2025-01-29 13:40:40,782 INFO c.h.h.t.HelmChartContainer - [K3S] [scope.go:117] "RemoveContainer" containerID="bf27015d2328fc8b793aa02b0876f528f1964467a90e31fa6c495eb1c0639884"
2025-01-29 13:40:40,783 INFO c.h.h.t.HelmChartContainer - [K3S] [scope.go:117] "RemoveContainer" containerID="f1e494e46c9f531010d28a8da80fa6b3d4a2d2abd29764e9f962727e4df06cb2"
2025-01-29 13:40:40,783 INFO c.h.h.t.HelmChartContainer - [K3S] [scope.go:117] "RemoveContainer" containerID="b210eff1b5d63efd9091f3ed4e25698a7eb64822a7d0c8059203d087728c98d3"
2025-01-29 13:40:40,787 INFO c.h.h.t.HelmChartContainer - [POD] alertmanager-monitoring-stack-kube-prom-alertmanager-0 [b7a5b1e3-7ca7-4269-b2fc-3ad23672d513] in monitoring was MODIFIED
2025-01-29 13:40:40,805 INFO c.h.h.t.HelmChartContainer - [POD] alertmanager-monitoring-stack-kube-prom-alertmanager-0 [b7a5b1e3-7ca7-4269-b2fc-3ad23672d513] in monitoring was DELETED
2025-01-29 13:40:41,299 INFO c.h.h.t.HelmChartContainer - [K3S] [replica_set.go:679] "Finished syncing" kind="ReplicaSet" key="monitoring/monitoring-stack-kube-prom-operator-d77f8fd4c" duration="4.058Âµs"
2025-01-29 13:40:41,324 INFO c.h.h.t.HelmChartContainer - [K3S] [replica_set.go:679] "Finished syncing" kind="ReplicaSet" key="monitoring/monitoring-stack-grafana-64c55fb967" duration="3.897Âµs"
2025-01-29 13:40:41,345 INFO c.h.h.t.HelmChartContainer - [K3S] [kubelet_volumes.go:163] "Cleaned up orphaned pod volumes dir" podUID="06da464b-958e-4d8d-8188-97c39b2c72ff" path="/var/lib/kubelet/pods/06da464b-958e-4d8d-8188-97c39b2c72ff/volumes"
2025-01-29 13:40:41,346 INFO c.h.h.t.HelmChartContainer - [K3S] [kubelet_volumes.go:163] "Cleaned up orphaned pod volumes dir" podUID="65986f09-f280-47a0-a6ea-d271d8b87483" path="/var/lib/kubelet/pods/65986f09-f280-47a0-a6ea-d271d8b87483/volumes"
2025-01-29 13:40:41,347 INFO c.h.h.t.HelmChartContainer - [K3S] [kubelet_volumes.go:163] "Cleaned up orphaned pod volumes dir" podUID="ae653978-159f-4810-880b-78ecbc0a3b8f" path="/var/lib/kubelet/pods/ae653978-159f-4810-880b-78ecbc0a3b8f/volumes"
2025-01-29 13:40:41,347 INFO c.h.h.t.HelmChartContainer - [K3S] [kubelet_volumes.go:163] "Cleaned up orphaned pod volumes dir" podUID="b7a5b1e3-7ca7-4269-b2fc-3ad23672d513" path="/var/lib/kubelet/pods/b7a5b1e3-7ca7-4269-b2fc-3ad23672d513/volumes"
2025-01-29 13:40:41,348 INFO c.h.h.t.HelmChartContainer - [K3S] [kubelet_volumes.go:163] "Cleaned up orphaned pod volumes dir" podUID="cb147c8f-1f2d-4ee6-835c-d46fbdf4e2ae" path="/var/lib/kubelet/pods/cb147c8f-1f2d-4ee6-835c-d46fbdf4e2ae/volumes"
2025-01-29 13:40:41,350 INFO c.h.h.t.HelmChartContainer - [K3S] [replica_set.go:679] "Finished syncing" kind="ReplicaSet" key="monitoring/monitoring-stack-kube-state-metrics-5bf5c7b54d" duration="4.087Âµs"
2025-01-29 13:40:41,550 INFO c.h.h.t.HelmChartContainer - [K3S] [stateful_set.go:466] "StatefulSet has been deleted" key="monitoring/alertmanager-monitoring-stack-kube-prom-alertmanager"
2025-01-29 13:40:41,650 INFO c.h.h.t.HelmChartContainer - [K3S] [stateful_set.go:466] "StatefulSet has been deleted" key="monitoring/prometheus-monitoring-stack-kube-prom-prometheus"
2025-01-29 13:40:43,548 INFO c.h.h.t.HelmChartContainer - Deleting namespace 'monitoring'...
2025-01-29 13:40:48,979 INFO c.h.h.t.HelmChartContainer - Namespace 'monitoring' deleted
2025-01-29 13:40:48,979 INFO c.h.h.t.HelmChartContainer - Release 'monitoring-stack' in namespace 'monitoring' is uninstalled
2025-01-29 13:40:48,979 INFO c.h.h.t.HelmChartContainer - Uninstalling release 'test-hivemq-platform-operator' in namespace 'helmmonitoringoperatorit-operator'...
2025-01-29 13:40:48,979 DEBUG c.h.h.t.HelmChartContainer - Executing helm command: /bin/helm --kubeconfig /etc/rancher/k3s/k3s.yaml uninstall test-hivemq-platform-operator  --wait --timeout 5m0s --cascade foreground --namespace helmmonitoringoperatorit-operator
2025-01-29 13:40:49,177 INFO c.h.h.t.HelmChartContainer - [K3S] [replica_set.go:679] "Finished syncing" kind="ReplicaSet" key="helmmonitoringoperatorit-operator/hivemq-test-hivemq-platform-operator-6966f96d65" duration="13.274414ms"
2025-01-29 13:40:49,182 INFO c.h.h.t.HelmChartContainer - [K3S] [replica_set.go:679] "Finished syncing" kind="ReplicaSet" key="helmmonitoringoperatorit-operator/hivemq-test-hivemq-platform-operator-6966f96d65" duration="35.316Âµs"
2025-01-29 13:40:49,192 INFO c.h.h.t.HelmChartContainer - [POD] hivemq-test-hivemq-platform-operator-6966f96d65-h4q95 [69756d72-fc6b-4c3c-a5ca-83d9eabe7e5b] in helmmonitoringoperatorit-operator was MODIFIED
2025-01-29 13:40:49,212 INFO c.h.h.t.HelmChartContainer - [hivemq-test-hivemq-platform] [hivemq-platform-operator] [69756d72] 13:40:49.203 [application-shutdown-thread] INFO  c.h.p.o.HiveMQPlatformOperatorApplication - HiveMQ Platform Operator is stopping...
2025-01-29 13:40:49,212 INFO c.h.h.t.HelmChartContainer - [hivemq-test-hivemq-platform] [hivemq-platform-operator] [69756d72] 13:40:49.203 [application-shutdown-thread] INFO  i.javaoperatorsdk.operator.Operator - Operator SDK 4.9.7 is shutting down...
2025-01-29 13:40:49,215 INFO c.h.h.t.HelmChartContainer - [EVENT] Normal [Killing] Stopping container hivemq-platform-operator [helmmonitoringoperatorit-operator:hivemq-test-hivemq-platform-operator-6966f96d65-h4q95]
2025-01-29 13:40:49,215 INFO c.h.h.t.HelmChartContainer - Received Killing event for container hivemq-platform-operator in pod hivemq-test-hivemq-platform-operator-6966f96d65-h4q95 [69756d72-fc6b-4c3c-a5ca-83d9eabe7e5b]
2025-01-29 13:40:49,215 INFO c.h.h.t.HelmChartContainer - Container [hivemq-test-hivemq-platform-operator-6966f96d65-h4q95] [hivemq-platform-operator] [69756d72-fc6b-4c3c-a5ca-83d9eabe7e5b] was terminated
2025-01-29 13:40:49,215 INFO c.h.h.t.HelmChartContainer - Stopped log watcher for hivemq-platform-operator in pod hivemq-test-hivemq-platform-operator-6966f96d65-h4q95 [69756d72-fc6b-4c3c-a5ca-83d9eabe7e5b]
2025-01-29 13:40:49,235 INFO c.h.h.t.HelmChartContainer - [K3S] [replica_set.go:679] "Finished syncing" kind="ReplicaSet" key="helmmonitoringoperatorit-operator/hivemq-test-hivemq-platform-operator-6966f96d65" duration="37.396449ms"
2025-01-29 13:40:49,242 INFO c.h.h.t.HelmChartContainer - [K3S] [replica_set.go:679] "Finished syncing" kind="ReplicaSet" key="helmmonitoringoperatorit-operator/hivemq-test-hivemq-platform-operator-6966f96d65" duration="67.736Âµs"
2025-01-29 13:40:49,506 INFO c.h.h.t.HelmChartContainer - [EVENT] Warning [Unhealthy] Readiness probe failed: Get "http://10.42.0.12:8080/health/readiness": dial tcp 10.42.0.12:8080: connect: connection refused [helmmonitoringoperatorit-operator:hivemq-test-hivemq-platform-operator-6966f96d65-h4q95]
2025-01-29 13:40:49,506 INFO c.h.h.t.HelmChartContainer - Received Unhealthy event for container hivemq-platform-operator in pod hivemq-test-hivemq-platform-operator-6966f96d65-h4q95 [69756d72-fc6b-4c3c-a5ca-83d9eabe7e5b]
2025-01-29 13:40:49,702 INFO c.h.h.t.HelmChartContainer - [K3S] [pod_container_deletor.go:80] "Container not found in pod's containers" containerID="89fa356e74012b2c458f9a91cbfcc8f0c50c4747d562fbd65c28030186d6d7db"
2025-01-29 13:40:49,733 INFO c.h.h.t.HelmChartContainer - [K3S] [replica_set.go:679] "Finished syncing" kind="ReplicaSet" key="helmmonitoringoperatorit-operator/hivemq-test-hivemq-platform-operator-6966f96d65" duration="40.886Âµs"
2025-01-29 13:40:49,733 INFO c.h.h.t.HelmChartContainer - [POD] hivemq-test-hivemq-platform-operator-6966f96d65-h4q95 [69756d72-fc6b-4c3c-a5ca-83d9eabe7e5b] in helmmonitoringoperatorit-operator was MODIFIED
2025-01-29 13:40:49,827 INFO c.h.h.t.HelmChartContainer - [K3S] [reconciler_common.go:162] "operationExecutor.UnmountVolume started for volume \"kube-api-access-t2wsc\" (UniqueName: \"kubernetes.io/projected/69756d72-fc6b-4c3c-a5ca-83d9eabe7e5b-kube-api-access-t2wsc\") pod \"69756d72-fc6b-4c3c-a5ca-83d9eabe7e5b\" (UID: \"69756d72-fc6b-4c3c-a5ca-83d9eabe7e5b\") "
2025-01-29 13:40:49,928 INFO c.h.h.t.HelmChartContainer - [K3S] [reconciler_common.go:299] "Volume detached for volume \"kube-api-access-t2wsc\" (UniqueName: \"kubernetes.io/projected/69756d72-fc6b-4c3c-a5ca-83d9eabe7e5b-kube-api-access-t2wsc\") on node \"cc060c47c65d\" DevicePath \"\""
2025-01-29 13:40:50,715 INFO c.h.h.t.HelmChartContainer - [K3S] [replica_set.go:679] "Finished syncing" kind="ReplicaSet" key="helmmonitoringoperatorit-operator/hivemq-test-hivemq-platform-operator-6966f96d65" duration="43.671Âµs"
2025-01-29 13:40:50,715 INFO c.h.h.t.HelmChartContainer - [POD] hivemq-test-hivemq-platform-operator-6966f96d65-h4q95 [69756d72-fc6b-4c3c-a5ca-83d9eabe7e5b] in helmmonitoringoperatorit-operator was MODIFIED
2025-01-29 13:40:50,718 INFO c.h.h.t.HelmChartContainer - [POD] hivemq-test-hivemq-platform-operator-6966f96d65-h4q95 [69756d72-fc6b-4c3c-a5ca-83d9eabe7e5b] in helmmonitoringoperatorit-operator was DELETED
2025-01-29 13:40:50,719 INFO c.h.h.t.HelmChartContainer - [K3S] [replica_set.go:679] "Finished syncing" kind="ReplicaSet" key="helmmonitoringoperatorit-operator/hivemq-test-hivemq-platform-operator-6966f96d65" duration="31.729Âµs"
2025-01-29 13:40:50,728 INFO c.h.h.t.HelmChartContainer - [K3S] [replica_set.go:679] "Finished syncing" kind="ReplicaSet" key="helmmonitoringoperatorit-operator/hivemq-test-hivemq-platform-operator-6966f96d65" duration="5.541Âµs"
2025-01-29 13:40:51,288 INFO c.h.h.t.HelmChartContainer - Deleting namespace 'helmmonitoringoperatorit-operator'...
2025-01-29 13:40:51,345 INFO c.h.h.t.HelmChartContainer - [K3S] [kubelet_volumes.go:163] "Cleaned up orphaned pod volumes dir" podUID="69756d72-fc6b-4c3c-a5ca-83d9eabe7e5b" path="/var/lib/kubelet/pods/69756d72-fc6b-4c3c-a5ca-83d9eabe7e5b/volumes"
2025-01-29 13:40:53,906 INFO c.h.h.t.HelmChartContainer - [K3S] [namespace_controller.go:187] "Namespace has been deleted" namespace="monitoring"
2025-01-29 13:40:56,506 INFO c.h.h.t.HelmChartContainer - Namespace 'helmmonitoringoperatorit-operator' deleted
2025-01-29 13:40:56,506 INFO c.h.h.t.HelmChartContainer - Release 'test-hivemq-platform-operator' in namespace 'helmmonitoringoperatorit-operator' is uninstalled
2025-01-29 13:40:57,689 INFO c.h.helmcharts.AbstractHelmChartIT - Removed unused containers:

2025-01-29 13:41:01,444 INFO c.h.h.t.HelmChartContainer - [K3S] [namespace_controller.go:187] "Namespace has been deleted" namespace="helmmonitoringoperatorit-operator"
2025-01-29 13:41:03,355 INFO c.h.h.t.HelmChartContainer - [K3S] [scope.go:117] "RemoveContainer" containerID="43ede3e7fa51d9fc4484fcc647bb1331658d31dcbfc49e565093cbf43a60a5a7"
2025-01-29 13:41:13,051 INFO c.h.helmcharts.AbstractHelmChartIT - Removed unused snapshots:
Removing snapshot sha256:03af251906410714c5aef9fa705b63f6bbc39c4a5e787de7361eeb18886c2ed2
Removing snapshot sha256:0c46b3b43cce082ce5ec34ffc6c294e0417d17b9d1e6f366d114b6aadc4f96dc
Removing snapshot sha256:0ce761beee59082d6ed5bcebd3a805b8ddd9b3426b617e4809e7fb7c6587ffec
Removing snapshot sha256:0df91287303208332c8ff6ba40ae4710105201739addbfbddfb955f1ad593664
Removing snapshot sha256:0f30b4526626599ad6853b13d715ed5f11e4dac30bdf22795ee36d8b73285c01
Removing snapshot sha256:1021ef88c7974bfff89c5a0ec4fd3160daac6c48a075f74cff721f85dd104e68
Removing snapshot sha256:10aba4953ddc18145dd38e3704709bc464aa20af60b56fe52caaff4b68411e62
Removing snapshot sha256:17b3230dbaa15b80ea4c59d385a510a1c6c669d654d4445b25f4122988ddf932
Removing snapshot sha256:1ab0a79eb9ae3bab99382d18e27cb1c587196d2929db9c8d1c79088bd5a8fa18
Removing snapshot sha256:1e604deea57dbda554a168861cff1238f93b8c6c69c863c43aed37d9d99c5fed
Removing snapshot sha256:2330d1b95992fe4dfdab1ed70e86e349f3f37a80a92140a1ec441a9c3169bcb7
Removing snapshot sha256:2573e0d8158209ed54ab25c87bcdcb00bd3d2539246960a3d592a1c599d70465
Removing snapshot sha256:3102b3958924e454ee4c19fe49136c5727bea4a438945b9d85ed7525ae7ad17a
Removing snapshot sha256:362a8a37f8bbc31925a8146adcf7cf51f9882f5c1dcbef67c5baa03a297543c0
Removing snapshot sha256:38300cd41e4e7621f1880dc17df1510a0b41c3700bba086c7d13695c2852c906
Removing snapshot sha256:3aea2e5ee60f1f0173fafb64e361c34847c160a755964b223b571f112b206391
Removing snapshot sha256:3d737060823899829eb7827e20ddb4021f5c31c4e7e348a380b528903c9051ae
Removing snapshot sha256:3fa4ad33f0ddc8fd45b39b6b4640f82a3a83619606cd975bfe89d8710ad2d4cd
Removing snapshot sha256:42508696bab4cddb098661270605482768f11b222c3b338a84e17c388a573539
Removing snapshot sha256:42b3566bfb67a7e1e92c7fb9a9d9fd9d5d1c68fb9234b2e7e8d57e3894c584c6
Removing snapshot sha256:43a7c979bbaba6838bc3102d6b10a1459f3ab050b87ccdfef84ef90cf43d3058
Removing snapshot sha256:43e32e0401181ce446773595aa5b45dd3de52a62bd17ce6321e472661bef46fc
Removing snapshot sha256:4ab04491cdf0d3267f08206fe30bd48f49f94b9cab2f016d6739220f722a64af
Removing snapshot sha256:4b6068250e89c96f263060261819c7d912855bfbd64b3eb4c4a8483299b8c295
Removing snapshot sha256:4de2421030042193f44d652a58c2727ed654b572136864515384a0365a5949be
Removing snapshot sha256:4e4a4c2a9fcafd941707917d9cb4c348229dcda7e6a77d20a5c9e977659e2acb
Removing snapshot sha256:56a0fddd70d315f362ea98fd71b0f841d092a586c97f3c18ca11c012ae628832
Removing snapshot sha256:580e69a0a8034ede1921139bbd2bfb72a69ebf276d008281896c32dd8bf74775
Removing snapshot sha256:597fcac6b802be96dede6dae530b1fd3d80ee2191e3c39bd5c3dfb528309801e
Removing snapshot sha256:59860db8e524598ca0913cb5a7821a1a1c1e56f61dec4fe619ad8a278bfd44c2
Removing snapshot sha256:5a9ba96b94a7acc2c16f45d7113265f2705262d850ff8d73abf339acec4e4283
Removing snapshot sha256:5d30ba46b27fe37484567ccc5242cadc78217b8da605f3f195ef25cbf7487904
Removing snapshot sha256:63ca1fbb43ae5034640e5e6cb3e083e05c290072c5366fcaa9d62435a4cced85
Removing snapshot sha256:67f702c6baae873bceb19487c8b1f27bd2b86077e4f2f0e480e6d60ab508b8f5
Removing snapshot sha256:6864348dd42806d552efdec384f1274be15e2d0c10ce44c1f04347af004c10a9
Removing snapshot sha256:6c7dee8f2c39b84b7dc2711c01d33de93514d9055499173e9290176fbe484b6c
Removing snapshot sha256:6d2198b9bba47eb108a6f8e064d85edb59b204d24ceb4d866ad96079b9ec1498
Removing snapshot sha256:711f0795be2fadadbf9fe1151ea3506c44bc3c41083e049b25f8bac1bd91851c
Removing snapshot sha256:74acea72c72664d31caa1810182a8d9f76600a5e41ed9d1eb2814c0bc090bfea
Removing snapshot sha256:75654b8eeebd3beae97271a102f57cdeb794cc91e442648544963a7e951e9558
Removing snapshot sha256:783ad6a93b23221db9f18c15f79aeb134655b6dd29a9a9bc7472ee50852d14a7
Removing snapshot sha256:81ed7e1a344eefb04664b5d772157e32be190d566bd3083af46ec0b8796ae9ae
Removing snapshot sha256:82753493a6d61ded36556292f02f31841a14c20d2f279f19eaad65afb661d5cd
Removing snapshot sha256:84a897f1c589cde259313d1efcd537ab957267a6526caa797d9703c4ee903204
Removing snapshot sha256:8a10d3db42c505ee0fcfa98417bdd7e39b304f6bcc0a06bb1b220797ff2cc63c
Removing snapshot sha256:8d297423f53775a6b77d49e57a5e9f47799fcfddca869a1164226d56c8299763
Removing snapshot sha256:8ec1e08a6c109c9698b32f46974375ee19470c62a5de0618346b3b4442919582
Removing snapshot sha256:94b728d964f60c89faa32d3296c8e524b6a15c163f95728001c8be4091968231
Removing snapshot sha256:9852f74557303324154e94d69646a117800c24f830d6dd3150a61f1cb1877bfb
Removing snapshot sha256:a21e5b12dbac529ad45d976eb9ce45c881f3bedcc500fb30aba1e52aa1813418
Removing snapshot sha256:afb9d24a81528af822cc0a49b79c922afd1b6fb3355f0fe3683749f5ad2e2e5e
Removing snapshot sha256:b403bf5671b66322a4fb4fcf772687a9e487ab58804584befcae862807d8eb88
Removing snapshot sha256:b8c8d85687c0d5b64887dfaf35dedad43ecac3954a798ffa91d79a5aeb500496
Removing snapshot sha256:b921e6c28969094157f9b8e7244677780319637afd14450b7cb6b2fdea558a0c
Removing snapshot sha256:bc27ecb5769a00e309cf99ebc763c4a4b958b618d1decc96ffac5bc05f02f5b7
Removing snapshot sha256:be3ccb6627a5332e309d45ef461d09b4879dd870c7394d89323d0ebc6ca6aa8a
Removing snapshot sha256:c261f7cbbc64211ee175ee47273acdb7b1a36a4450b397a064a8f2c026490095
Removing snapshot sha256:c34d9393647eea0c9e3557ab988efaf59f61d10a2a5613b439ef0958cca5ec10
Removing snapshot sha256:ccf3c4a0fa967a41c1c83497a2ce6fa5787965859df0adb32c4ca2cf7490bc2b
Removing snapshot sha256:cda334c60720b02c295deeee0739beb29d9283df72a19f0e73b54e50c89e8c00
Removing snapshot sha256:cf92d33f869417309692088c341cd0f223c178ea78a125f757317b22aa8f90e9
Removing snapshot sha256:d0037344cf2fb078884f1849f6a1f8cf9a33a3b6139b6a85833e5ee528e1f9a8
Removing snapshot sha256:d3b36d5b79273b1e98e7700470eaeff05a882e777124d84cebcc1505b85ecb36
Removing snapshot sha256:d65a44a37914602d12c611e5e22a50f11451d847e63015cc1c2aef92dee777a4
Removing snapshot sha256:d7698055289ea72fad6a712ae4a30a02f6f294e476718fac7d5eea9098793d8e
Removing snapshot sha256:deb8fe0e16fb632523b566bfa4819d4c8b7689407d4211b88d26b6988d84ef75
Removing snapshot sha256:e2dc0bae2455930f23ae570e019b7f32edc75c0f2d71cab084db837ff9051796
Removing snapshot sha256:e31519795c7e3df686c447a21ec8d2eb301388a5e39ccf7f20a25c6f6ce3a522
Removing snapshot sha256:e58151b46376c08fb48e2a2fbe134b6de223be0749d20b7b60bf475e526a2884
Removing snapshot sha256:e9e86ed11d9bebc0707dd6f1166c51237ebb44f98657241f943261b2675a5449
Removing snapshot sha256:eccbd24a99c60cd9e86ee5305dbfc4a4dc89f5ab4fb1f06c8d64797cecedef34
Removing snapshot sha256:edd1404c718ab99ca3456bdf222065033800bb67d4334a9642746685a24394cd
Removing snapshot sha256:f144bb4c7c7f0d2aa7eeffd36d934ec40db1ee167be727e326aad9fdc616f475

]]></system-out>
  </testcase>
  <system-out><![CDATA[2025-01-29 13:37:33,533 INFO c.h.h.t.HelmChartContainerExtension - Using cached HelmChartContainer instance
2025-01-29 13:37:33,540 INFO c.h.h.t.HelmChartContainerExtension - Creating cached HelmChartContainer instance
2025-01-29 13:37:33,558 INFO o.testcontainers.DockerClientFactory - Testcontainers version: 1.20.4
2025-01-29 13:37:34,019 INFO o.t.d.DockerClientProviderStrategy - Found Docker environment with local Unix socket (unix:///var/run/docker.sock)
2025-01-29 13:37:34,025 INFO o.testcontainers.DockerClientFactory - Docker host IP address is localhost
2025-01-29 13:37:34,038 INFO o.testcontainers.DockerClientFactory - Connected to docker: 
  Server Version: 26.1.3
  API Version: 1.45
  Operating System: Ubuntu 24.04.1 LTS
  Total Memory: 15990 MB
2025-01-29 13:37:34,043 INFO o.testcontainers.images.PullPolicy - Image pull policy will be performed by: DefaultPullPolicy()
2025-01-29 13:37:34,045 INFO o.t.utility.ImageNameSubstitutor - Image name substitution will be performed by: DefaultImageNameSubstitutor (composite of 'ConfigurationFileImageNameSubstitutor' and 'PrefixingImageNameSubstitutor')
2025-01-29 13:37:34,071 INFO tc.testcontainers/ryuk:0.11.0 - Pulling docker image: testcontainers/ryuk:0.11.0. Please be patient; this may take some time but only needs to be done once.
2025-01-29 13:37:35,117 INFO tc.testcontainers/ryuk:0.11.0 - Starting to pull image
2025-01-29 13:37:35,153 INFO tc.testcontainers/ryuk:0.11.0 - Pulling image layers:  0 pending,  0 downloaded,  0 extracted, (0 bytes/0 bytes)
2025-01-29 13:37:35,653 INFO tc.testcontainers/ryuk:0.11.0 - Pulling image layers:  2 pending,  1 downloaded,  0 extracted, (45 KB/? MB)
2025-01-29 13:37:35,655 INFO tc.testcontainers/ryuk:0.11.0 - Pulling image layers:  1 pending,  2 downloaded,  0 extracted, (45 KB/? MB)
2025-01-29 13:37:35,698 INFO tc.testcontainers/ryuk:0.11.0 - Pulling image layers:  0 pending,  3 downloaded,  0 extracted, (144 KB/10 MB)
2025-01-29 13:37:35,762 INFO tc.testcontainers/ryuk:0.11.0 - Pulling image layers:  0 pending,  3 downloaded,  1 extracted, (3 MB/10 MB)
2025-01-29 13:37:35,908 INFO tc.testcontainers/ryuk:0.11.0 - Pulling image layers:  0 pending,  3 downloaded,  2 extracted, (4 MB/10 MB)
2025-01-29 13:37:35,952 INFO tc.testcontainers/ryuk:0.11.0 - Pulling image layers:  0 pending,  3 downloaded,  3 extracted, (10 MB/10 MB)
2025-01-29 13:37:35,959 INFO tc.testcontainers/ryuk:0.11.0 - Image testcontainers/ryuk:0.11.0 pull took PT1.8878263S
2025-01-29 13:37:35,980 INFO tc.testcontainers/ryuk:0.11.0 - Creating container for image: testcontainers/ryuk:0.11.0
2025-01-29 13:37:36,040 INFO tc.testcontainers/ryuk:0.11.0 - Container testcontainers/ryuk:0.11.0 is starting: da1d8bd55f4e16ef18a460216cb1fce3f851bbbc282a23267413ba0508cc6d26
2025-01-29 13:37:36,277 INFO tc.testcontainers/ryuk:0.11.0 - Container testcontainers/ryuk:0.11.0 started in PT0.296710192S
2025-01-29 13:37:36,280 INFO o.t.utility.RyukResourceReaper - Ryuk started - will monitor and terminate Testcontainers containers on JVM exit
2025-01-29 13:37:36,280 INFO o.testcontainers.DockerClientFactory - Checking the system...
2025-01-29 13:37:36,281 INFO o.testcontainers.DockerClientFactory - âï¸ Docker server version should be at least 1.6.0
2025-01-29 13:37:36,345 INFO o.t.i.builder.ImageFromDockerfile - Pre-emptively checking local images for 'ubuntu:noble-20241118.1@sha256:80dd3c3b9c6cecb9f1667e9290b3bc61b78c2678c02cbdae5f0fea92cc6734ab', referenced via a Dockerfile. If not available, it will be pulled.
2025-01-29 13:37:36,348 INFO t.u.1@sha256:80dd3c... - Pulling docker image: ubuntu:noble-20241118.1@sha256:80dd3c3b9c6cecb9f1667e9290b3bc61b78c2678c02cbdae5f0fea92cc6734ab. Please be patient; this may take some time but only needs to be done once.
2025-01-29 13:37:37,063 INFO t.u.1@sha256:80dd3c... - Starting to pull image
2025-01-29 13:37:37,064 INFO t.u.1@sha256:80dd3c... - Pulling image layers:  0 pending,  0 downloaded,  0 extracted, (0 bytes/0 bytes)
2025-01-29 13:37:37,721 INFO t.u.1@sha256:80dd3c... - Pulling image layers:  0 pending,  1 downloaded,  0 extracted, (21 MB/28 MB)
2025-01-29 13:37:38,653 INFO t.u.1@sha256:80dd3c... - Pulling image layers:  0 pending,  1 downloaded,  1 extracted, (28 MB/28 MB)
2025-01-29 13:37:38,661 INFO t.u.1@sha256:80dd3c... - Pull complete. 1 layers, pulled in 1s (downloaded 28 MB at 28 MB/s)
2025-01-29 13:37:38,661 INFO t.u.1@sha256:80dd3c... - Image ubuntu:noble-20241118.1@sha256:80dd3c3b9c6cecb9f1667e9290b3bc61b78c2678c02cbdae5f0fea92cc6734ab pull took PT2.312842195S
2025-01-29 13:37:38,663 INFO o.t.i.builder.ImageFromDockerfile - Pre-emptively checking local images for 'rancher/k3s:v1.32.1-k3s1', referenced via a Dockerfile. If not available, it will be pulled.
2025-01-29 13:37:38,665 INFO tc.rancher/k3s:v1.32.1-k3s1 - Pulling docker image: rancher/k3s:v1.32.1-k3s1. Please be patient; this may take some time but only needs to be done once.
2025-01-29 13:37:39,654 INFO tc.rancher/k3s:v1.32.1-k3s1 - Starting to pull image
2025-01-29 13:37:39,655 INFO tc.rancher/k3s:v1.32.1-k3s1 - Pulling image layers:  0 pending,  0 downloaded,  0 extracted, (0 bytes/0 bytes)
2025-01-29 13:37:40,574 INFO tc.rancher/k3s:v1.32.1-k3s1 - Pulling image layers:  0 pending,  1 downloaded,  0 extracted, (69 MB/71 MB)
2025-01-29 13:37:41,622 INFO tc.rancher/k3s:v1.32.1-k3s1 - Pulling image layers:  0 pending,  1 downloaded,  1 extracted, (71 MB/71 MB)
2025-01-29 13:37:41,629 INFO tc.rancher/k3s:v1.32.1-k3s1 - Image rancher/k3s:v1.32.1-k3s1 pull took PT2.963516575S
2025-01-29 13:37:41,629 INFO tc.rancher/k3s:v1.32.1-k3s1 - Pull complete. 1 layers, pulled in 1s (downloaded 71 MB at 71 MB/s)
2025-01-29 13:37:41,634 INFO o.t.i.builder.ImageFromDockerfile - Transferred 0 bytes to Docker daemon
2025-01-29 13:37:58,021 INFO c.h.h.t.HelmChartContainer - Starting HelmChartContainer...
2025-01-29 13:37:58,023 INFO t.localhost/testcontainers/dv7xpzi8sez8plye:latest - Creating container for image: localhost/testcontainers/dv7xpzi8sez8plye:latest
2025-01-29 13:37:58,097 INFO tc.alpine:3.17 - Pulling docker image: alpine:3.17. Please be patient; this may take some time but only needs to be done once.
2025-01-29 13:37:59,165 INFO tc.alpine:3.17 - Starting to pull image
2025-01-29 13:37:59,166 INFO tc.alpine:3.17 - Pulling image layers:  0 pending,  0 downloaded,  0 extracted, (0 bytes/0 bytes)
2025-01-29 13:37:59,701 INFO tc.alpine:3.17 - Pulling image layers:  0 pending,  1 downloaded,  0 extracted, (33 KB/3 MB)
2025-01-29 13:37:59,795 INFO tc.alpine:3.17 - Pulling image layers:  0 pending,  1 downloaded,  1 extracted, (3 MB/3 MB)
2025-01-29 13:37:59,802 INFO tc.alpine:3.17 - Image alpine:3.17 pull took PT1.704138596S
2025-01-29 13:38:00,338 INFO t.localhost/testcontainers/dv7xpzi8sez8plye:latest - Container localhost/testcontainers/dv7xpzi8sez8plye:latest is starting: cc060c47c65ded2d9ffdc65d8cde0995aa363f4391badab2d9258dc5f6d1431f
2025-01-29 13:38:00,723 INFO c.h.h.t.HelmChartContainer - [K3S] [INFO] Starting k3s v1.32.1+k3s1 (6a322f12)
2025-01-29 13:38:00,726 INFO c.h.h.t.HelmChartContainer - [K3S] [INFO] Configuring sqlite3 database connection pooling: maxIdleConns=2, maxOpenConns=0, connMaxLifetime=0s
2025-01-29 13:38:00,727 INFO c.h.h.t.HelmChartContainer - [K3S] [INFO] Configuring database table schema and indexes, this may take a moment...
2025-01-29 13:38:00,731 INFO c.h.h.t.HelmChartContainer - [K3S] [INFO] Database tables and indexes are up to date
2025-01-29 13:38:00,733 INFO c.h.h.t.HelmChartContainer - [K3S] [INFO] Kine available at unix://kine.sock
2025-01-29 13:38:00,862 INFO c.h.h.t.HelmChartContainer - [K3S] [INFO] Saving cluster bootstrap data to datastore
2025-01-29 13:38:00,863 INFO c.h.h.t.HelmChartContainer - [K3S] [WARNING] dynamiclistener [::]:6443: no cached certificate available for preload - deferring certificate load until storage initialization or first client request
2025-01-29 13:38:00,864 INFO c.h.h.t.HelmChartContainer - [K3S] [INFO] Active TLS secret / (ver=) (count 10): map[listener.cattle.io/cn-10.43.0.1:10.43.0.1 listener.cattle.io/cn-127.0.0.1:127.0.0.1 listener.cattle.io/cn-172.18.0.2:172.18.0.2 listener.cattle.io/cn-__1-f16284:::1 listener.cattle.io/cn-cc060c47c65d:cc060c47c65d listener.cattle.io/cn-kubernetes:kubernetes listener.cattle.io/cn-kubernetes.default:kubernetes.default listener.cattle.io/cn-kubernetes.default.svc:kubernetes.default.svc listener.cattle.io/cn-kubernetes.default.svc.cluster.local:kubernetes.default.svc.cluster.local listener.cattle.io/cn-localhost:localhost listener.cattle.io/fingerprint:SHA1=9858E4850A0D088BED30EEADD3331B77D1CEB047]
2025-01-29 13:38:01,025 INFO c.h.h.t.HelmChartContainer - [K3S] [INFO] Running kube-apiserver --advertise-port=6443 --allow-privileged=true --anonymous-auth=false --api-audiences=https://kubernetes.default.svc.cluster.local,k3s --authorization-mode=Node,RBAC --bind-address=127.0.0.1 --cert-dir=/var/lib/rancher/k3s/server/tls/temporary-certs --client-ca-file=/var/lib/rancher/k3s/server/tls/client-ca.crt --egress-selector-config-file=/var/lib/rancher/k3s/server/etc/egress-selector-config.yaml --enable-admission-plugins=NodeRestriction --enable-aggregator-routing=true --enable-bootstrap-token-auth=true --etcd-compaction-interval=0s --etcd-servers=unix://kine.sock --kubelet-certificate-authority=/var/lib/rancher/k3s/server/tls/server-ca.crt --kubelet-client-certificate=/var/lib/rancher/k3s/server/tls/client-kube-apiserver.crt --kubelet-client-key=/var/lib/rancher/k3s/server/tls/client-kube-apiserver.key --kubelet-preferred-address-types=InternalIP,ExternalIP,Hostname --profiling=false --proxy-client-cert-file=/var/lib/rancher/k3s/server/tls/client-auth-proxy.crt --proxy-client-key-file=/var/lib/rancher/k3s/server/tls/client-auth-proxy.key --requestheader-allowed-names=system:auth-proxy --requestheader-client-ca-file=/var/lib/rancher/k3s/server/tls/request-header-ca.crt --requestheader-extra-headers-prefix=X-Remote-Extra- --requestheader-group-headers=X-Remote-Group --requestheader-username-headers=X-Remote-User --secure-port=6444 --service-account-issuer=https://kubernetes.default.svc.cluster.local --service-account-key-file=/var/lib/rancher/k3s/server/tls/service.key --service-account-signing-key-file=/var/lib/rancher/k3s/server/tls/service.current.key --service-cluster-ip-range=10.43.0.0/16 --service-node-port-range=30000-32767 --storage-backend=etcd3 --tls-cert-file=/var/lib/rancher/k3s/server/tls/serving-kube-apiserver.crt --tls-cipher-suites=TLS_ECDHE_ECDSA_WITH_AES_256_GCM_SHA384,TLS_ECDHE_RSA_WITH_AES_256_GCM_SHA384,TLS_ECDHE_ECDSA_WITH_AES_128_GCM_SHA256,TLS_ECDHE_RSA_WITH_AES_128_GCM_SHA256,TLS_ECDHE_ECDSA_WITH_CHACHA20_POLY1305,TLS_ECDHE_RSA_WITH_CHACHA20_POLY1305 --tls-private-key-file=/var/lib/rancher/k3s/server/tls/serving-kube-apiserver.key
2025-01-29 13:38:01,026 INFO c.h.h.t.HelmChartContainer - [K3S] [INFO] Running kube-scheduler --authentication-kubeconfig=/var/lib/rancher/k3s/server/cred/scheduler.kubeconfig --authorization-kubeconfig=/var/lib/rancher/k3s/server/cred/scheduler.kubeconfig --bind-address=127.0.0.1 --kubeconfig=/var/lib/rancher/k3s/server/cred/scheduler.kubeconfig --leader-elect=false --profiling=false --secure-port=10259
2025-01-29 13:38:01,027 INFO c.h.h.t.HelmChartContainer - [K3S] [registry.go:256] calling componentGlobalsRegistry.AddFlags more than once, the registry will be set by the latest flags
2025-01-29 13:38:01,028 INFO c.h.h.t.HelmChartContainer - [K3S] [INFO] Waiting for API server to become available
2025-01-29 13:38:01,029 INFO c.h.h.t.HelmChartContainer - [K3S] [INFO] Running kube-controller-manager --allocate-node-cidrs=true --authentication-kubeconfig=/var/lib/rancher/k3s/server/cred/controller.kubeconfig --authorization-kubeconfig=/var/lib/rancher/k3s/server/cred/controller.kubeconfig --bind-address=127.0.0.1 --cluster-cidr=10.42.0.0/16 --cluster-signing-kube-apiserver-client-cert-file=/var/lib/rancher/k3s/server/tls/client-ca.nochain.crt --cluster-signing-kube-apiserver-client-key-file=/var/lib/rancher/k3s/server/tls/client-ca.key --cluster-signing-kubelet-client-cert-file=/var/lib/rancher/k3s/server/tls/client-ca.nochain.crt --cluster-signing-kubelet-client-key-file=/var/lib/rancher/k3s/server/tls/client-ca.key --cluster-signing-kubelet-serving-cert-file=/var/lib/rancher/k3s/server/tls/server-ca.nochain.crt --cluster-signing-kubelet-serving-key-file=/var/lib/rancher/k3s/server/tls/server-ca.key --cluster-signing-legacy-unknown-cert-file=/var/lib/rancher/k3s/server/tls/server-ca.nochain.crt --cluster-signing-legacy-unknown-key-file=/var/lib/rancher/k3s/server/tls/server-ca.key --configure-cloud-routes=false --controllers=*,tokencleaner,-service,-route,-cloud-node-lifecycle --kubeconfig=/var/lib/rancher/k3s/server/cred/controller.kubeconfig --leader-elect=false --profiling=false --root-ca-file=/var/lib/rancher/k3s/server/tls/server-ca.crt --secure-port=10257 --service-account-private-key-file=/var/lib/rancher/k3s/server/tls/service.current.key --service-cluster-ip-range=10.43.0.0/16 --use-service-account-credentials=true
2025-01-29 13:38:01,029 INFO c.h.h.t.HelmChartContainer - [K3S] [options.go:299] unable to set WatchListClient feature gate, err: cannot override default for feature "WatchListClient": gates already added to a flag set
2025-01-29 13:38:01,029 INFO c.h.h.t.HelmChartContainer - [K3S] [registry.go:256] calling componentGlobalsRegistry.AddFlags more than once, the registry will be set by the latest flags
2025-01-29 13:38:01,030 INFO c.h.h.t.HelmChartContainer - [K3S] [INFO] Running cloud-controller-manager --allocate-node-cidrs=true --authentication-kubeconfig=/var/lib/rancher/k3s/server/cred/cloud-controller.kubeconfig --authorization-kubeconfig=/var/lib/rancher/k3s/server/cred/cloud-controller.kubeconfig --bind-address=127.0.0.1 --cloud-config=/var/lib/rancher/k3s/server/etc/cloud-config.yaml --cloud-provider=k3s --cluster-cidr=10.42.0.0/16 --configure-cloud-routes=false --controllers=*,-route --kubeconfig=/var/lib/rancher/k3s/server/cred/cloud-controller.kubeconfig --leader-elect=false --leader-elect-resource-name=k3s-cloud-controller-manager --node-status-update-frequency=1m0s --profiling=false
2025-01-29 13:38:01,030 INFO c.h.h.t.HelmChartContainer - [K3S] [registry.go:256] calling componentGlobalsRegistry.AddFlags more than once, the registry will be set by the latest flags
2025-01-29 13:38:01,030 INFO c.h.h.t.HelmChartContainer - [K3S] [INFO] Server node token is available at /var/lib/rancher/k3s/server/token
2025-01-29 13:38:01,031 INFO c.h.h.t.HelmChartContainer - [K3S] [INFO] To join server node to cluster: k3s server -s https://172.18.0.2:6443 -t ${SERVER_NODE_TOKEN}
2025-01-29 13:38:01,032 INFO c.h.h.t.HelmChartContainer - [K3S] [INFO] Agent node token is available at /var/lib/rancher/k3s/server/agent-token
2025-01-29 13:38:01,032 INFO c.h.h.t.HelmChartContainer - [K3S] [options.go:238] external host was not specified, using 172.18.0.2
2025-01-29 13:38:01,032 INFO c.h.h.t.HelmChartContainer - [K3S] [INFO] To join agent node to cluster: k3s agent -s https://172.18.0.2:6443 -t ${AGENT_NODE_TOKEN}
2025-01-29 13:38:01,032 INFO c.h.h.t.HelmChartContainer - [K3S] [INFO] Wrote kubeconfig /etc/rancher/k3s/k3s.yaml
2025-01-29 13:38:01,033 INFO c.h.h.t.HelmChartContainer - [K3S] [INFO] Run: k3s kubectl
2025-01-29 13:38:01,046 INFO c.h.h.t.HelmChartContainer - [K3S] [server.go:151] Version: v1.32.1+k3s1
2025-01-29 13:38:01,046 INFO c.h.h.t.HelmChartContainer - [K3S] [server.go:153] "Golang settings" GOGC="" GOMAXPROCS="" GOTRACEBACK=""
2025-01-29 13:38:01,343 INFO c.h.h.t.HelmChartContainer - [K3S] [plugins.go:157] Loaded 13 mutating admission controller(s) successfully in the following order: NamespaceLifecycle,LimitRanger,ServiceAccount,NodeRestriction,TaintNodesByCondition,Priority,DefaultTolerationSeconds,DefaultStorageClass,StorageObjectInUseProtection,RuntimeClass,DefaultIngressClass,MutatingAdmissionPolicy,MutatingAdmissionWebhook.
2025-01-29 13:38:01,343 INFO c.h.h.t.HelmChartContainer - [K3S] [plugins.go:160] Loaded 13 validating admission controller(s) successfully in the following order: LimitRanger,ServiceAccount,PodSecurity,Priority,PersistentVolumeClaimResize,RuntimeClass,CertificateApproval,CertificateSigning,ClusterTrustBundleAttest,CertificateSubjectRestriction,ValidatingAdmissionPolicy,ValidatingAdmissionWebhook,ResourceQuota.
2025-01-29 13:38:01,343 INFO c.h.h.t.HelmChartContainer - [K3S] [instance.go:233] Using reconciler: lease
2025-01-29 13:38:01,406 INFO c.h.h.t.HelmChartContainer - [K3S] [apis.go:106] API group "internal.apiserver.k8s.io" is not enabled, skipping.
2025-01-29 13:38:01,445 INFO c.h.h.t.HelmChartContainer - [K3S] [apis.go:106] API group "storagemigration.k8s.io" is not enabled, skipping.
2025-01-29 13:38:01,483 INFO c.h.h.t.HelmChartContainer - [K3S] [apis.go:106] API group "resource.k8s.io" is not enabled, skipping.
2025-01-29 13:38:01,677 INFO c.h.h.t.HelmChartContainer - [K3S] [INFO] Password verified locally for node cc060c47c65d
2025-01-29 13:38:01,823 INFO c.h.h.t.HelmChartContainer - [K3S] [secure_serving.go:213] Serving securely on 127.0.0.1:6444
2025-01-29 13:38:01,824 INFO c.h.h.t.HelmChartContainer - [K3S] [dynamic_cafile_content.go:161] "Starting controller" name="request-header::/var/lib/rancher/k3s/server/tls/request-header-ca.crt"
2025-01-29 13:38:01,825 INFO c.h.h.t.HelmChartContainer - [K3S] [dynamic_serving_content.go:135] "Starting controller" name="serving-cert::/var/lib/rancher/k3s/server/tls/serving-kube-apiserver.crt::/var/lib/rancher/k3s/server/tls/serving-kube-apiserver.key"
2025-01-29 13:38:01,826 INFO c.h.h.t.HelmChartContainer - [K3S] [tlsconfig.go:243] "Starting DynamicServingCertificateController"
2025-01-29 13:38:01,826 INFO c.h.h.t.HelmChartContainer - [K3S] [gc_controller.go:78] Starting apiserver lease garbage collector
2025-01-29 13:38:01,826 INFO c.h.h.t.HelmChartContainer - [K3S] [local_available_controller.go:156] Starting LocalAvailability controller
2025-01-29 13:38:01,827 INFO c.h.h.t.HelmChartContainer - [K3S] [apf_controller.go:377] Starting API Priority and Fairness config controller
2025-01-29 13:38:01,827 INFO c.h.h.t.HelmChartContainer - [K3S] [cluster_authentication_trust_controller.go:462] Starting cluster_authentication_trust_controller controller
2025-01-29 13:38:01,828 INFO c.h.h.t.HelmChartContainer - [K3S] [dynamic_serving_content.go:135] "Starting controller" name="aggregator-proxy-cert::/var/lib/rancher/k3s/server/tls/client-auth-proxy.crt::/var/lib/rancher/k3s/server/tls/client-auth-proxy.key"
2025-01-29 13:38:01,828 INFO c.h.h.t.HelmChartContainer - [K3S] [remote_available_controller.go:411] Starting RemoteAvailability controller
2025-01-29 13:38:01,828 INFO c.h.h.t.HelmChartContainer - [K3S] [controller.go:78] Starting OpenAPI AggregationController
2025-01-29 13:38:01,828 INFO c.h.h.t.HelmChartContainer - [K3S] [aggregator.go:169] waiting for initial CRD sync...
2025-01-29 13:38:01,828 INFO c.h.h.t.HelmChartContainer - [K3S] [controller.go:119] Starting legacy_token_tracking_controller
2025-01-29 13:38:01,828 INFO c.h.h.t.HelmChartContainer - [K3S] [apiservice_controller.go:100] Starting APIServiceRegistrationController
2025-01-29 13:38:01,828 INFO c.h.h.t.HelmChartContainer - [K3S] [controller.go:80] Starting OpenAPI V3 AggregationController
2025-01-29 13:38:01,828 INFO c.h.h.t.HelmChartContainer - [K3S] [customresource_discovery_controller.go:292] Starting DiscoveryController
2025-01-29 13:38:01,828 INFO c.h.h.t.HelmChartContainer - [K3S] [system_namespaces_controller.go:66] Starting system namespaces controller
2025-01-29 13:38:01,829 INFO c.h.h.t.HelmChartContainer - [K3S] [dynamic_cafile_content.go:161] "Starting controller" name="client-ca-bundle::/var/lib/rancher/k3s/server/tls/client-ca.crt"
2025-01-29 13:38:01,835 INFO c.h.h.t.HelmChartContainer - [K3S] [dynamic_cafile_content.go:161] "Starting controller" name="client-ca-bundle::/var/lib/rancher/k3s/server/tls/client-ca.crt"
2025-01-29 13:38:01,836 INFO c.h.h.t.HelmChartContainer - [K3S] [dynamic_cafile_content.go:161] "Starting controller" name="request-header::/var/lib/rancher/k3s/server/tls/request-header-ca.crt"
2025-01-29 13:38:01,836 INFO c.h.h.t.HelmChartContainer - [K3S] [crdregistration_controller.go:114] Starting crd-autoregister controller
2025-01-29 13:38:01,838 INFO c.h.h.t.HelmChartContainer - [K3S] [controller.go:142] Starting OpenAPI controller
2025-01-29 13:38:01,838 INFO c.h.h.t.HelmChartContainer - [K3S] [controller.go:90] Starting OpenAPI V3 controller
2025-01-29 13:38:01,839 INFO c.h.h.t.HelmChartContainer - [K3S] [naming_controller.go:294] Starting NamingConditionController
2025-01-29 13:38:01,840 INFO c.h.h.t.HelmChartContainer - [K3S] [establishing_controller.go:81] Starting EstablishingController
2025-01-29 13:38:01,840 INFO c.h.h.t.HelmChartContainer - [K3S] [nonstructuralschema_controller.go:195] Starting NonStructuralSchemaConditionController
2025-01-29 13:38:01,840 INFO c.h.h.t.HelmChartContainer - [K3S] [apiapproval_controller.go:189] Starting KubernetesAPIApprovalPolicyConformantConditionController
2025-01-29 13:38:01,840 INFO c.h.h.t.HelmChartContainer - [K3S] [crd_finalizer.go:269] Starting CRDFinalizer
2025-01-29 13:38:01,925 INFO c.h.h.t.HelmChartContainer - [K3S] [apf_controller.go:382] Running API Priority and Fairness config worker
2025-01-29 13:38:01,926 INFO c.h.h.t.HelmChartContainer - [K3S] [apf_controller.go:385] Running API Priority and Fairness periodic rebalancing process
2025-01-29 13:38:01,929 INFO c.h.h.t.HelmChartContainer - [K3S] [handler_discovery.go:451] Starting ResourceDiscoveryManager
2025-01-29 13:38:01,937 INFO c.h.h.t.HelmChartContainer - [K3S] [aggregator.go:171] initial CRD sync complete...
2025-01-29 13:38:01,938 INFO c.h.h.t.HelmChartContainer - [K3S] [autoregister_controller.go:144] Starting autoregister controller
2025-01-29 13:38:01,938 INFO c.h.h.t.HelmChartContainer - [K3S] [policy_source.go:240] refreshing policies
2025-01-29 13:38:01,977 INFO c.h.h.t.HelmChartContainer - [K3S] [controller.go:95] Unable to perform initial Kubernetes service initialization: namespaces "default" not found
2025-01-29 13:38:01,977 INFO c.h.h.t.HelmChartContainer - [K3S] [controller.go:145] "Failed to ensure lease exists, will retry" err="namespaces \"kube-system\" not found" interval="200ms"
2025-01-29 13:38:01,981 INFO c.h.h.t.HelmChartContainer - [K3S] [controller.go:148] "Unhandled Error" err="while syncing ConfigMap \"kube-system/kube-apiserver-legacy-service-account-token-tracking\", err: namespaces \"kube-system\" not found" logger="UnhandledError"
2025-01-29 13:38:02,232 INFO c.h.h.t.HelmChartContainer - [K3S] [WARNING] Host resolv.conf includes loopback or multicast nameservers - kubelet will use autogenerated resolv.conf with nameserver 8.8.8.8
2025-01-29 13:38:02,241 INFO c.h.h.t.HelmChartContainer - [K3S] [INFO] Module overlay was already loaded
2025-01-29 13:38:02,241 INFO c.h.h.t.HelmChartContainer - [K3S] [INFO] Module nf_conntrack was already loaded
2025-01-29 13:38:02,241 INFO c.h.h.t.HelmChartContainer - [K3S] [INFO] Module br_netfilter was already loaded
2025-01-29 13:38:02,246 INFO c.h.h.t.HelmChartContainer - [K3S] [INFO] Set sysctl 'net/netfilter/nf_conntrack_max' to 131072
2025-01-29 13:38:02,247 INFO c.h.h.t.HelmChartContainer - [K3S] [INFO] Set sysctl 'net/netfilter/nf_conntrack_tcp_timeout_established' to 86400
2025-01-29 13:38:02,247 INFO c.h.h.t.HelmChartContainer - [K3S] [INFO] Set sysctl 'net/netfilter/nf_conntrack_tcp_timeout_close_wait' to 3600
2025-01-29 13:38:02,248 INFO c.h.h.t.HelmChartContainer - [K3S] [INFO] Logging containerd to /var/lib/rancher/k3s/agent/containerd/containerd.log
2025-01-29 13:38:02,248 INFO c.h.h.t.HelmChartContainer - [K3S] [INFO] Running containerd -c /var/lib/rancher/k3s/agent/etc/containerd/config.toml -a /run/k3s/containerd/containerd.sock --state /run/k3s/containerd --root /var/lib/rancher/k3s/agent/containerd
2025-01-29 13:38:02,827 INFO c.h.h.t.HelmChartContainer - [K3S] [storage_scheduling.go:95] created PriorityClass system-node-critical with value 2000001000
2025-01-29 13:38:02,830 INFO c.h.h.t.HelmChartContainer - [K3S] [storage_scheduling.go:95] created PriorityClass system-cluster-critical with value 2000000000
2025-01-29 13:38:02,830 INFO c.h.h.t.HelmChartContainer - [K3S] [storage_scheduling.go:111] all system priority classes are created successfully or already exist.
2025-01-29 13:38:03,181 INFO c.h.h.t.HelmChartContainer - [K3S] [alloc.go:330] "allocated clusterIPs" service="default/kubernetes" clusterIPs={"IPv4":"10.43.0.1"}
2025-01-29 13:38:03,185 INFO c.h.h.t.HelmChartContainer - [K3S] [lease.go:265] Resetting endpoints for master service "kubernetes" to [172.18.0.2]
2025-01-29 13:38:03,251 INFO c.h.h.t.HelmChartContainer - [K3S] [INFO] containerd is now running
2025-01-29 13:38:03,256 INFO c.h.h.t.HelmChartContainer - [K3S] [INFO] Connecting to proxy" url="wss://127.0.0.1:6443/v1-k3s/connect
2025-01-29 13:38:03,256 INFO c.h.h.t.HelmChartContainer - [K3S] [INFO] Creating k3s-cert-monitor event broadcaster
2025-01-29 13:38:03,258 INFO c.h.h.t.HelmChartContainer - [K3S] [INFO] Running kubelet --cloud-provider=external --config-dir=/var/lib/rancher/k3s/agent/etc/kubelet.conf.d --containerd=/run/k3s/containerd/containerd.sock --hostname-override=cc060c47c65d --kubeconfig=/var/lib/rancher/k3s/agent/kubelet.kubeconfig --node-ip=172.18.0.2 --node-labels=
2025-01-29 13:38:03,260 INFO c.h.h.t.HelmChartContainer - [K3S] [INFO] Handling backend connection request [cc060c47c65d]
2025-01-29 13:38:03,260 INFO c.h.h.t.HelmChartContainer - [K3S] [INFO] Remotedialer connected to proxy" url="wss://127.0.0.1:6443/v1-k3s/connect
2025-01-29 13:38:03,265 INFO c.h.h.t.HelmChartContainer - [K3S] Flag --containerd has been deprecated, This is a cadvisor flag that was mistakenly registered with the Kubelet. Due to legacy concerns, it will follow the standard CLI deprecation timeline before being removed.
2025-01-29 13:38:03,269 INFO c.h.h.t.HelmChartContainer - [K3S] [server.go:515] "Kubelet version" kubeletVersion="v1.32.1+k3s1"
2025-01-29 13:38:03,269 INFO c.h.h.t.HelmChartContainer - [K3S] [server.go:517] "Golang settings" GOGC="" GOMAXPROCS="" GOTRACEBACK=""
2025-01-29 13:38:03,271 INFO c.h.h.t.HelmChartContainer - [K3S] [dynamic_cafile_content.go:161] "Starting controller" name="client-ca-bundle::/var/lib/rancher/k3s/agent/client-ca.crt"
2025-01-29 13:38:03,274 INFO c.h.h.t.HelmChartContainer - [K3S] [log.go:32] "RuntimeConfig from runtime service failed" err="rpc error: code = Unimplemented desc = method RuntimeConfig not implemented"
2025-01-29 13:38:03,274 INFO c.h.h.t.HelmChartContainer - [K3S] [server.go:1416] "CRI implementation should be updated to support RuntimeConfig when KubeletCgroupDriverFromCRI feature gate has been enabled. Falling back to using cgroupDriver from kubelet config."
2025-01-29 13:38:03,277 INFO c.h.h.t.HelmChartContainer - [K3S] [info.go:53] Couldn't collect info from any of the files in "/etc/machine-id,/var/lib/dbus/machine-id"
2025-01-29 13:38:03,278 INFO c.h.h.t.HelmChartContainer - [K3S] [server.go:767] "--cgroups-per-qos enabled, but --cgroup-root was not specified.  defaulting to /"
2025-01-29 13:38:03,278 INFO c.h.h.t.HelmChartContainer - [K3S] [server.go:836] "NoSwap is set due to memorySwapBehavior not specified" memorySwapBehavior="" FailSwapOn=false
2025-01-29 13:38:03,278 INFO c.h.h.t.HelmChartContainer - [K3S] [swap_util.go:115] "Swap is on" /proc/swaps contents=<
2025-01-29 13:38:03,278 INFO c.h.h.t.HelmChartContainer - [K3S] 	Filename				Type		Size		Used		Priority
2025-01-29 13:38:03,278 INFO c.h.h.t.HelmChartContainer - [K3S] 	/mnt/swapfile                           file		4194300		0		-2
2025-01-29 13:38:03,278 INFO c.h.h.t.HelmChartContainer - [K3S]  >
2025-01-29 13:38:03,279 INFO c.h.h.t.HelmChartContainer - [K3S] [container_manager_linux.go:268] "Container manager verified user specified cgroup-root exists" cgroupRoot=[]
2025-01-29 13:38:03,280 INFO c.h.h.t.HelmChartContainer - [K3S] [container_manager_linux.go:273] "Creating Container Manager object based on Node Config" nodeConfig={"NodeName":"cc060c47c65d","RuntimeCgroupsName":"","SystemCgroupsName":"","KubeletCgroupsName":"/k3s","KubeletOOMScoreAdj":-999,"ContainerRuntime":"","CgroupsPerQOS":true,"CgroupRoot":"/","CgroupDriver":"cgroupfs","KubeletRootDir":"/var/lib/kubelet","ProtectKernelDefaults":false,"KubeReservedCgroupName":"","SystemReservedCgroupName":"","ReservedSystemCPUs":{},"EnforceNodeAllocatable":{"pods":{}},"KubeReserved":null,"SystemReserved":null,"HardEvictionThresholds":[{"Signal":"imagefs.available","Operator":"LessThan","Value":{"Quantity":null,"Percentage":0.05},"GracePeriod":0,"MinReclaim":null},{"Signal":"nodefs.available","Operator":"LessThan","Value":{"Quantity":null,"Percentage":0.05},"GracePeriod":0,"MinReclaim":null}],"QOSReserved":{},"CPUManagerPolicy":"none","CPUManagerPolicyOptions":null,"TopologyManagerScope":"container","CPUManagerReconcilePeriod":10000000000,"ExperimentalMemoryManagerPolicy":"None","ExperimentalMemoryManagerReservedMemory":null,"PodPidsLimit":-1,"EnforceCPULimits":true,"CPUCFSQuotaPeriod":100000000,"TopologyManagerPolicy":"none","TopologyManagerPolicyOptions":null,"CgroupVersion":2}
2025-01-29 13:38:03,280 INFO c.h.h.t.HelmChartContainer - [K3S] [topology_manager.go:138] "Creating topology manager with none policy"
2025-01-29 13:38:03,280 INFO c.h.h.t.HelmChartContainer - [K3S] [container_manager_linux.go:304] "Creating device plugin manager"
2025-01-29 13:38:03,280 INFO c.h.h.t.HelmChartContainer - [K3S] [state_mem.go:36] "Initialized new in-memory state store"
2025-01-29 13:38:03,281 INFO c.h.h.t.HelmChartContainer - [K3S] [kubelet.go:446] "Attempting to sync node with API server"
2025-01-29 13:38:03,281 INFO c.h.h.t.HelmChartContainer - [K3S] [kubelet.go:341] "Adding static pod path" path="/var/lib/rancher/k3s/agent/pod-manifests"
2025-01-29 13:38:03,281 INFO c.h.h.t.HelmChartContainer - [K3S] [kubelet.go:352] "Adding apiserver pod source"
2025-01-29 13:38:03,281 INFO c.h.h.t.HelmChartContainer - [K3S] [apiserver.go:42] "Waiting for node sync before watching apiserver pods"
2025-01-29 13:38:03,286 INFO c.h.h.t.HelmChartContainer - [K3S] [kuberuntime_manager.go:269] "Container runtime initialized" containerRuntime="containerd" version="v1.7.23-k3s2" apiVersion="v1"
2025-01-29 13:38:03,286 INFO c.h.h.t.HelmChartContainer - [K3S] [kubelet.go:890] "Not starting ClusterTrustBundle informer because we are in static kubelet mode"
2025-01-29 13:38:03,287 INFO c.h.h.t.HelmChartContainer - [K3S] [probe.go:272] Flexvolume plugin directory at /usr/libexec/kubernetes/kubelet-plugins/volume/exec/ does not exist. Recreating.
2025-01-29 13:38:03,287 INFO c.h.h.t.HelmChartContainer - [K3S] [watchdog_linux.go:99] "Systemd watchdog is not enabled"
2025-01-29 13:38:03,287 INFO c.h.h.t.HelmChartContainer - [K3S] [server.go:1282] "Started kubelet"
2025-01-29 13:38:03,289 INFO c.h.h.t.HelmChartContainer - [K3S] [ratelimit.go:55] "Setting rate limiting for endpoint" service="podresources" qps=100 burstTokens=10
2025-01-29 13:38:03,289 INFO c.h.h.t.HelmChartContainer - [K3S] [server.go:243] "Starting to serve the podresources API" endpoint="unix:/var/lib/kubelet/pod-resources/kubelet.sock"
2025-01-29 13:38:03,289 INFO c.h.h.t.HelmChartContainer - [K3S] [server.go:169] "Starting to listen" address="0.0.0.0" port=10250
2025-01-29 13:38:03,289 INFO c.h.h.t.HelmChartContainer - [K3S] [server.go:490] "Adding debug handlers to kubelet server"
2025-01-29 13:38:03,289 INFO c.h.h.t.HelmChartContainer - [K3S] [server.go:208] "Starting to listen read-only" address="0.0.0.0" port=10255
2025-01-29 13:38:03,291 INFO c.h.h.t.HelmChartContainer - [K3S] [fs_resource_analyzer.go:67] "Starting FS ResourceAnalyzer"
2025-01-29 13:38:03,294 INFO c.h.h.t.HelmChartContainer - [K3S] [kubelet.go:1561] "Image garbage collection failed once. Stats initialization may not have completed yet" err="invalid capacity 0 on image filesystem"
2025-01-29 13:38:03,296 INFO c.h.h.t.HelmChartContainer - [K3S] [dynamic_serving_content.go:135] "Starting controller" name="kubelet-server-cert-files::/var/lib/rancher/k3s/agent/serving-kubelet.crt::/var/lib/rancher/k3s/agent/serving-kubelet.key"
2025-01-29 13:38:03,299 INFO c.h.h.t.HelmChartContainer - [K3S] [kubelet_node_status.go:467] "Error getting the current node from lister" err="node \"cc060c47c65d\" not found"
2025-01-29 13:38:03,299 INFO c.h.h.t.HelmChartContainer - [K3S] [volume_manager.go:297] "Starting Kubelet Volume Manager"
2025-01-29 13:38:03,299 INFO c.h.h.t.HelmChartContainer - [K3S] [desired_state_of_world_populator.go:149] "Desired state populator starts to run"
2025-01-29 13:38:03,300 INFO c.h.h.t.HelmChartContainer - [K3S] [reconciler.go:26] "Reconciler: start to sync state"
2025-01-29 13:38:03,302 INFO c.h.h.t.HelmChartContainer - [K3S] [factory.go:221] Registration of the systemd container factory successfully
2025-01-29 13:38:03,302 INFO c.h.h.t.HelmChartContainer - [K3S] [factory.go:219] Registration of the crio container factory failed: Get "http://%2Fvar%2Frun%2Fcrio%2Fcrio.sock/info": dial unix /var/run/crio/crio.sock: connect: no such file or directory
2025-01-29 13:38:03,304 INFO c.h.h.t.HelmChartContainer - [K3S] [factory.go:221] Registration of the containerd container factory successfully
2025-01-29 13:38:03,310 INFO c.h.h.t.HelmChartContainer - [K3S] [nodelease.go:49] "Failed to get node when trying to set owner ref to the node lease" err="nodes \"cc060c47c65d\" not found" node="cc060c47c65d"
2025-01-29 13:38:03,320 INFO c.h.h.t.HelmChartContainer - [K3S] [cpu_manager.go:221] "Starting CPU manager" policy="none"
2025-01-29 13:38:03,320 INFO c.h.h.t.HelmChartContainer - [K3S] [cpu_manager.go:222] "Reconciling" reconcilePeriod="10s"
2025-01-29 13:38:03,320 INFO c.h.h.t.HelmChartContainer - [K3S] [state_mem.go:36] "Initialized new in-memory state store"
2025-01-29 13:38:03,322 INFO c.h.h.t.HelmChartContainer - [K3S] [policy_none.go:49] "None policy: Start"
2025-01-29 13:38:03,322 INFO c.h.h.t.HelmChartContainer - [K3S] [memory_manager.go:186] "Starting memorymanager" policy="None"
2025-01-29 13:38:03,322 INFO c.h.h.t.HelmChartContainer - [K3S] [state_mem.go:35] "Initializing new in-memory state store"
2025-01-29 13:38:03,325 INFO c.h.h.t.HelmChartContainer - [K3S] [manager.go:519] "Failed to read data from checkpoint" checkpoint="kubelet_internal_checkpoint" err="checkpoint is not found"
2025-01-29 13:38:03,326 INFO c.h.h.t.HelmChartContainer - [K3S] [eviction_manager.go:189] "Eviction manager: starting control loop"
2025-01-29 13:38:03,327 INFO c.h.h.t.HelmChartContainer - [K3S] [container_log_manager.go:189] "Initializing container log rotate workers" workers=1 monitorPeriod="10s"
2025-01-29 13:38:03,333 INFO c.h.h.t.HelmChartContainer - [K3S] [plugin_manager.go:118] "Starting Kubelet Plugin Manager"
2025-01-29 13:38:03,334 INFO c.h.h.t.HelmChartContainer - [K3S] [eviction_manager.go:267] "eviction manager: failed to check if we have separate container filesystem. Ignoring." err="no imagefs label for configured runtime"
2025-01-29 13:38:03,334 INFO c.h.h.t.HelmChartContainer - [K3S] [eviction_manager.go:292] "Eviction manager: failed to get summary stats" err="failed to get node info: node \"cc060c47c65d\" not found"
2025-01-29 13:38:03,341 INFO c.h.h.t.HelmChartContainer - [K3S] [kubelet_network_linux.go:50] "Initialized iptables rules." protocol="IPv4"
2025-01-29 13:38:03,343 INFO c.h.h.t.HelmChartContainer - [K3S] [kubelet_network_linux.go:50] "Initialized iptables rules." protocol="IPv6"
2025-01-29 13:38:03,343 INFO c.h.h.t.HelmChartContainer - [K3S] [status_manager.go:227] "Starting to sync pod status with apiserver"
2025-01-29 13:38:03,343 INFO c.h.h.t.HelmChartContainer - [K3S] [watchdog_linux.go:127] "Systemd watchdog is not enabled or the interval is invalid, so health checking will not be started."
2025-01-29 13:38:03,343 INFO c.h.h.t.HelmChartContainer - [K3S] [kubelet.go:2388] "Starting kubelet main sync loop"
2025-01-29 13:38:03,343 INFO c.h.h.t.HelmChartContainer - [K3S] [kubelet.go:2412] "Skipping pod synchronization" err="PLEG is not healthy: pleg has yet to be successful"
2025-01-29 13:38:03,385 INFO c.h.h.t.HelmChartContainer - [K3S] [ERROR] Sending HTTP/1.1 503 response to 127.0.0.1:57984: runtime core not ready
2025-01-29 13:38:03,428 INFO c.h.h.t.HelmChartContainer - [K3S] [kubelet_node_status.go:76] "Attempting to register node" node="cc060c47c65d"
2025-01-29 13:38:03,434 INFO c.h.h.t.HelmChartContainer - [K3S] [kubelet_node_status.go:79] "Successfully registered node" node="cc060c47c65d"
2025-01-29 13:38:03,434 INFO c.h.h.t.HelmChartContainer - [K3S] [kubelet_node_status.go:549] "Error updating node status, will retry" err="error getting node \"cc060c47c65d\": node \"cc060c47c65d\" not found"
2025-01-29 13:38:03,436 INFO c.h.h.t.HelmChartContainer - [K3S] [INFO] Annotations and labels have been set successfully on node: cc060c47c65d
2025-01-29 13:38:03,436 INFO c.h.h.t.HelmChartContainer - [K3S] [INFO] Starting flannel with backend vxlan
2025-01-29 13:38:03,481 INFO c.h.h.t.HelmChartContainer - [K3S] [INFO] Running kube-proxy --cluster-cidr=10.42.0.0/16 --conntrack-max-per-core=0 --conntrack-tcp-timeout-close-wait=0s --conntrack-tcp-timeout-established=0s --healthz-bind-address=127.0.0.1 --hostname-override=cc060c47c65d --kubeconfig=/var/lib/rancher/k3s/agent/kubeproxy.kubeconfig --proxy-mode=iptables
2025-01-29 13:38:03,529 INFO c.h.h.t.HelmChartContainer - [K3S] [server.go:698] "Successfully retrieved node IP(s)" IPs=["172.18.0.2"]
2025-01-29 13:38:03,529 INFO c.h.h.t.HelmChartContainer - [K3S] [server.go:234] "Kube-proxy configuration may be incomplete or incorrect" err="nodePortAddresses is unset; NodePort connections will be accepted on all local IPs. Consider using `--nodeport-addresses primary`"
2025-01-29 13:38:03,532 INFO c.h.h.t.HelmChartContainer - [K3S] [server.go:243] "kube-proxy running in dual-stack mode" primary ipFamily="IPv4"
2025-01-29 13:38:03,532 INFO c.h.h.t.HelmChartContainer - [K3S] [server_linux.go:170] "Using iptables Proxier"
2025-01-29 13:38:03,533 INFO c.h.h.t.HelmChartContainer - [K3S] [proxier.go:255] "Setting route_localnet=1 to allow node-ports on localhost; to change this either disable iptables.localhostNodePorts (--iptables-localhost-nodeports) or set nodePortAddresses (--nodeport-addresses) to filter loopback addresses"
2025-01-29 13:38:03,537 INFO c.h.h.t.HelmChartContainer - [K3S] [server.go:497] "Version info" version="v1.32.1+k3s1"
2025-01-29 13:38:03,537 INFO c.h.h.t.HelmChartContainer - [K3S] [server.go:499] "Golang settings" GOGC="" GOMAXPROCS="" GOTRACEBACK=""
2025-01-29 13:38:03,539 INFO c.h.h.t.HelmChartContainer - [K3S] [config.go:199] "Starting service config controller"
2025-01-29 13:38:03,539 INFO c.h.h.t.HelmChartContainer - [K3S] [config.go:105] "Starting endpoint slice config controller"
2025-01-29 13:38:03,541 INFO c.h.h.t.HelmChartContainer - [K3S] [config.go:329] "Starting node config controller"
2025-01-29 13:38:03,739 INFO c.h.h.t.HelmChartContainer - [K3S] [kubelet_node_status.go:502] "Fast updating node status as it just became ready"
2025-01-29 13:38:04,029 INFO c.h.h.t.HelmChartContainer - [K3S] [INFO] Waiting for untainted node
2025-01-29 13:38:04,030 INFO c.h.h.t.HelmChartContainer - [K3S] [INFO] Waiting for cloud-controller-manager privileges to become available
2025-01-29 13:38:04,030 INFO c.h.h.t.HelmChartContainer - [K3S] [INFO] Kube API server is now running
2025-01-29 13:38:04,030 INFO c.h.h.t.HelmChartContainer - [K3S] [INFO] ETCD server is now running
2025-01-29 13:38:04,032 INFO c.h.h.t.HelmChartContainer - [K3S] [INFO] k3s is up and running
2025-01-29 13:38:04,032 INFO c.h.h.t.HelmChartContainer - [K3S] [INFO] Creating k3s-supervisor event broadcaster
2025-01-29 13:38:04,038 INFO c.h.h.t.HelmChartContainer - [K3S] [INFO] Applying CRD addons.k3s.cattle.io
2025-01-29 13:38:04,049 INFO c.h.h.t.HelmChartContainer - [K3S] [INFO] Applying CRD etcdsnapshotfiles.k3s.cattle.io
2025-01-29 13:38:04,067 INFO c.h.h.t.HelmChartContainer - [K3S] [INFO] Applying CRD helmcharts.helm.cattle.io
2025-01-29 13:38:04,081 INFO c.h.h.t.HelmChartContainer - [K3S] [INFO] Applying CRD helmchartconfigs.helm.cattle.io
2025-01-29 13:38:04,097 INFO c.h.h.t.HelmChartContainer - [K3S] [INFO] Waiting for CRD helmchartconfigs.helm.cattle.io to become available
2025-01-29 13:38:04,245 INFO c.h.h.t.HelmChartContainer - [K3S] [serving.go:392] Generated self-signed cert in-memory
2025-01-29 13:38:04,280 INFO c.h.h.t.HelmChartContainer - [K3S] [apiserver.go:52] "Watching apiserver"
2025-01-29 13:38:04,300 INFO c.h.h.t.HelmChartContainer - [K3S] [desired_state_of_world_populator.go:157] "Finished populating initial desired state of world"
2025-01-29 13:38:04,600 INFO c.h.h.t.HelmChartContainer - [K3S] [INFO] Done waiting for CRD helmchartconfigs.helm.cattle.io to become available
2025-01-29 13:38:04,601 INFO c.h.h.t.HelmChartContainer - [K3S] [INFO] Writing static file: /var/lib/rancher/k3s/server/static/charts/traefik-27.0.201+up27.0.2.tgz
2025-01-29 13:38:04,602 INFO c.h.h.t.HelmChartContainer - [K3S] [INFO] Writing static file: /var/lib/rancher/k3s/server/static/charts/traefik-crd-27.0.201+up27.0.2.tgz
2025-01-29 13:38:04,602 INFO c.h.h.t.HelmChartContainer - [K3S] [INFO] Writing manifest: /var/lib/rancher/k3s/server/manifests/ccm.yaml
2025-01-29 13:38:04,603 INFO c.h.h.t.HelmChartContainer - [K3S] [INFO] Writing manifest: /var/lib/rancher/k3s/server/manifests/coredns.yaml
2025-01-29 13:38:04,603 INFO c.h.h.t.HelmChartContainer - [K3S] [INFO] Writing manifest: /var/lib/rancher/k3s/server/manifests/local-storage.yaml
2025-01-29 13:38:04,604 INFO c.h.h.t.HelmChartContainer - [K3S] [INFO] Writing manifest: /var/lib/rancher/k3s/server/manifests/metrics-server/metrics-server-deployment.yaml
2025-01-29 13:38:04,604 INFO c.h.h.t.HelmChartContainer - [K3S] [INFO] Writing manifest: /var/lib/rancher/k3s/server/manifests/metrics-server/resource-reader.yaml
2025-01-29 13:38:04,604 INFO c.h.h.t.HelmChartContainer - [K3S] [INFO] Writing manifest: /var/lib/rancher/k3s/server/manifests/metrics-server/aggregated-metrics-reader.yaml
2025-01-29 13:38:04,605 INFO c.h.h.t.HelmChartContainer - [K3S] [INFO] Writing manifest: /var/lib/rancher/k3s/server/manifests/metrics-server/auth-delegator.yaml
2025-01-29 13:38:04,605 INFO c.h.h.t.HelmChartContainer - [K3S] [INFO] Writing manifest: /var/lib/rancher/k3s/server/manifests/metrics-server/auth-reader.yaml
2025-01-29 13:38:04,606 INFO c.h.h.t.HelmChartContainer - [K3S] [INFO] Writing manifest: /var/lib/rancher/k3s/server/manifests/metrics-server/metrics-apiservice.yaml
2025-01-29 13:38:04,606 INFO c.h.h.t.HelmChartContainer - [K3S] [INFO] Writing manifest: /var/lib/rancher/k3s/server/manifests/metrics-server/metrics-server-service.yaml
2025-01-29 13:38:04,606 INFO c.h.h.t.HelmChartContainer - [K3S] [INFO] Writing manifest: /var/lib/rancher/k3s/server/manifests/rolebindings.yaml
2025-01-29 13:38:04,606 INFO c.h.h.t.HelmChartContainer - [K3S] [INFO] Writing manifest: /var/lib/rancher/k3s/server/manifests/runtimes.yaml
2025-01-29 13:38:04,608 INFO c.h.h.t.HelmChartContainer - [K3S] [INFO] Tunnel server egress proxy mode: agent
2025-01-29 13:38:04,608 INFO c.h.h.t.HelmChartContainer - [K3S] [INFO] Starting dynamiclistener CN filter node controller with SANs: [localhost 127.0.0.1 ::1 localhost cc060c47c65d 172.18.0.2 10.43.0.1 kubernetes kubernetes.default kubernetes.default.svc kubernetes.default.svc.cluster.local]
2025-01-29 13:38:04,713 INFO c.h.h.t.HelmChartContainer - [K3S] [INFO] Starting k3s.cattle.io/v1, Kind=Addon controller
2025-01-29 13:38:04,713 INFO c.h.h.t.HelmChartContainer - [K3S] [INFO] Creating deploy event broadcaster
2025-01-29 13:38:04,796 INFO c.h.h.t.HelmChartContainer - [K3S] [controllermanager.go:185] "Starting" version="v1.32.1+k3s1"
2025-01-29 13:38:04,797 INFO c.h.h.t.HelmChartContainer - [K3S] [controllermanager.go:187] "Golang settings" GOGC="" GOMAXPROCS="" GOTRACEBACK=""
2025-01-29 13:38:04,799 INFO c.h.h.t.HelmChartContainer - [K3S] [configmap_cafile_content.go:205] "Starting controller" name="client-ca::kube-system::extension-apiserver-authentication::client-ca-file"
2025-01-29 13:38:04,799 INFO c.h.h.t.HelmChartContainer - [K3S] [configmap_cafile_content.go:205] "Starting controller" name="client-ca::kube-system::extension-apiserver-authentication::requestheader-client-ca-file"
2025-01-29 13:38:04,799 INFO c.h.h.t.HelmChartContainer - [K3S] [requestheader_controller.go:180] Starting RequestHeaderAuthRequestController
2025-01-29 13:38:04,799 INFO c.h.h.t.HelmChartContainer - [K3S] [secure_serving.go:213] Serving securely on 127.0.0.1:10257
2025-01-29 13:38:04,799 INFO c.h.h.t.HelmChartContainer - [K3S] [tlsconfig.go:243] "Starting DynamicServingCertificateController"
2025-01-29 13:38:04,805 INFO c.h.h.t.HelmChartContainer - [K3S] [controllermanager.go:765] "Started controller" controller="serviceaccount-token-controller"
2025-01-29 13:38:04,810 INFO c.h.h.t.HelmChartContainer - [K3S] [controllermanager.go:765] "Started controller" controller="clusterrole-aggregation-controller"
2025-01-29 13:38:04,810 INFO c.h.h.t.HelmChartContainer - [K3S] [clusterroleaggregation_controller.go:194] "Starting ClusterRoleAggregator controller"
2025-01-29 13:38:04,815 INFO c.h.h.t.HelmChartContainer - [K3S] [controllermanager.go:765] "Started controller" controller="ttl-after-finished-controller"
2025-01-29 13:38:04,815 INFO c.h.h.t.HelmChartContainer - [K3S] [ttlafterfinished_controller.go:112] "Starting TTL after finished controller"
2025-01-29 13:38:04,817 INFO c.h.h.t.HelmChartContainer - [K3S] [INFO] Starting /v1, Kind=Node controller
2025-01-29 13:38:04,818 INFO c.h.h.t.HelmChartContainer - [K3S] [INFO] Creating helm-controller event broadcaster
2025-01-29 13:38:04,825 INFO c.h.h.t.HelmChartContainer - [K3S] [controllermanager.go:765] "Started controller" controller="root-ca-certificate-publisher-controller"
2025-01-29 13:38:04,825 INFO c.h.h.t.HelmChartContainer - [K3S] [publisher.go:107] "Starting root CA cert publisher controller"
2025-01-29 13:38:04,829 INFO c.h.h.t.HelmChartContainer - [K3S] [INFO] Labels and annotations have been set successfully on node: cc060c47c65d
2025-01-29 13:38:04,831 INFO c.h.h.t.HelmChartContainer - [K3S] [INFO] Cluster dns configmap has been set successfully
2025-01-29 13:38:04,850 INFO c.h.h.t.HelmChartContainer - [K3S] [controllermanager.go:765] "Started controller" controller="certificatesigningrequest-signing-controller"
2025-01-29 13:38:04,852 INFO c.h.h.t.HelmChartContainer - [K3S] [certificate_controller.go:120] "Starting certificate controller" name="csrsigning-kubelet-serving"
2025-01-29 13:38:04,852 INFO c.h.h.t.HelmChartContainer - [K3S] [certificate_controller.go:120] "Starting certificate controller" name="csrsigning-kubelet-client"
2025-01-29 13:38:04,852 INFO c.h.h.t.HelmChartContainer - [K3S] [certificate_controller.go:120] "Starting certificate controller" name="csrsigning-kube-apiserver-client"
2025-01-29 13:38:04,852 INFO c.h.h.t.HelmChartContainer - [K3S] [certificate_controller.go:120] "Starting certificate controller" name="csrsigning-legacy-unknown"
2025-01-29 13:38:04,852 INFO c.h.h.t.HelmChartContainer - [K3S] [dynamic_serving_content.go:135] "Starting controller" name="csr-controller::/var/lib/rancher/k3s/server/tls/server-ca.nochain.crt::/var/lib/rancher/k3s/server/tls/server-ca.key"
2025-01-29 13:38:04,852 INFO c.h.h.t.HelmChartContainer - [K3S] [dynamic_serving_content.go:135] "Starting controller" name="csr-controller::/var/lib/rancher/k3s/server/tls/client-ca.nochain.crt::/var/lib/rancher/k3s/server/tls/client-ca.key"
2025-01-29 13:38:04,852 INFO c.h.h.t.HelmChartContainer - [K3S] [dynamic_serving_content.go:135] "Starting controller" name="csr-controller::/var/lib/rancher/k3s/server/tls/client-ca.nochain.crt::/var/lib/rancher/k3s/server/tls/client-ca.key"
2025-01-29 13:38:04,852 INFO c.h.h.t.HelmChartContainer - [K3S] [dynamic_serving_content.go:135] "Starting controller" name="csr-controller::/var/lib/rancher/k3s/server/tls/server-ca.nochain.crt::/var/lib/rancher/k3s/server/tls/server-ca.key"
2025-01-29 13:38:04,864 INFO c.h.h.t.HelmChartContainer - [K3S] [INFO] Starting /v1, Kind=ServiceAccount controller
2025-01-29 13:38:04,864 INFO c.h.h.t.HelmChartContainer - [K3S] [INFO] Starting /v1, Kind=Secret controller
2025-01-29 13:38:04,866 INFO c.h.h.t.HelmChartContainer - [K3S] [INFO] Starting /v1, Kind=ConfigMap controller
2025-01-29 13:38:04,873 INFO c.h.h.t.HelmChartContainer - [K3S] [INFO] Updating TLS secret for kube-system/k3s-serving (count: 10): map[listener.cattle.io/cn-10.43.0.1:10.43.0.1 listener.cattle.io/cn-127.0.0.1:127.0.0.1 listener.cattle.io/cn-172.18.0.2:172.18.0.2 listener.cattle.io/cn-__1-f16284:::1 listener.cattle.io/cn-cc060c47c65d:cc060c47c65d listener.cattle.io/cn-kubernetes:kubernetes listener.cattle.io/cn-kubernetes.default:kubernetes.default listener.cattle.io/cn-kubernetes.default.svc:kubernetes.default.svc listener.cattle.io/cn-kubernetes.default.svc.cluster.local:kubernetes.default.svc.cluster.local listener.cattle.io/cn-localhost:localhost listener.cattle.io/fingerprint:SHA1=9858E4850A0D088BED30EEADD3331B77D1CEB047]
2025-01-29 13:38:04,876 INFO c.h.h.t.HelmChartContainer - [K3S] [INFO] Active TLS secret kube-system/k3s-serving (ver=235) (count 10): map[listener.cattle.io/cn-10.43.0.1:10.43.0.1 listener.cattle.io/cn-127.0.0.1:127.0.0.1 listener.cattle.io/cn-172.18.0.2:172.18.0.2 listener.cattle.io/cn-__1-f16284:::1 listener.cattle.io/cn-cc060c47c65d:cc060c47c65d listener.cattle.io/cn-kubernetes:kubernetes listener.cattle.io/cn-kubernetes.default:kubernetes.default listener.cattle.io/cn-kubernetes.default.svc:kubernetes.default.svc listener.cattle.io/cn-kubernetes.default.svc.cluster.local:kubernetes.default.svc.cluster.local listener.cattle.io/cn-localhost:localhost listener.cattle.io/fingerprint:SHA1=9858E4850A0D088BED30EEADD3331B77D1CEB047]
2025-01-29 13:38:04,879 INFO c.h.h.t.HelmChartContainer - [K3S] [range_allocator.go:112] "No Secondary Service CIDR provided. Skipping filtering out secondary service addresses"
2025-01-29 13:38:04,879 INFO c.h.h.t.HelmChartContainer - [K3S] [controllermanager.go:765] "Started controller" controller="node-ipam-controller"
2025-01-29 13:38:04,879 INFO c.h.h.t.HelmChartContainer - [K3S] [controllermanager.go:723] "Skipping a cloud provider controller" controller="cloud-node-lifecycle-controller"
2025-01-29 13:38:04,880 INFO c.h.h.t.HelmChartContainer - [K3S] [node_ipam_controller.go:141] "Starting ipam controller"
2025-01-29 13:38:04,883 INFO c.h.h.t.HelmChartContainer - [K3S] [controllermanager.go:765] "Started controller" controller="certificatesigningrequest-approving-controller"
2025-01-29 13:38:04,883 INFO c.h.h.t.HelmChartContainer - [K3S] [certificate_controller.go:120] "Starting certificate controller" name="csrapproving"
2025-01-29 13:38:04,889 INFO c.h.h.t.HelmChartContainer - [K3S] [controllermanager.go:765] "Started controller" controller="ttl-controller"
2025-01-29 13:38:04,890 INFO c.h.h.t.HelmChartContainer - [K3S] [ttl_controller.go:127] "Starting TTL controller"
2025-01-29 13:38:04,892 INFO c.h.h.t.HelmChartContainer - [K3S] [node_lifecycle_controller.go:432] "Controller will reconcile labels"
2025-01-29 13:38:04,892 INFO c.h.h.t.HelmChartContainer - [K3S] [controllermanager.go:765] "Started controller" controller="node-lifecycle-controller"
2025-01-29 13:38:04,892 INFO c.h.h.t.HelmChartContainer - [K3S] [controllermanager.go:743] "Warning: skipping controller" controller="storage-version-migrator-controller"
2025-01-29 13:38:04,892 INFO c.h.h.t.HelmChartContainer - [K3S] [node_lifecycle_controller.go:466] "Sending events to api server"
2025-01-29 13:38:04,892 INFO c.h.h.t.HelmChartContainer - [K3S] [node_lifecycle_controller.go:477] "Starting node controller"
2025-01-29 13:38:04,898 INFO c.h.h.t.HelmChartContainer - [K3S] [controllermanager.go:765] "Started controller" controller="endpoints-controller"
2025-01-29 13:38:04,898 INFO c.h.h.t.HelmChartContainer - [K3S] [endpoints_controller.go:182] "Starting endpoint controller"
2025-01-29 13:38:04,906 INFO c.h.h.t.HelmChartContainer - [K3S] [graph_builder.go:351] "Running" component="GraphBuilder"
2025-01-29 13:38:04,906 INFO c.h.h.t.HelmChartContainer - [K3S] [controllermanager.go:765] "Started controller" controller="garbage-collector-controller"
2025-01-29 13:38:04,928 INFO c.h.h.t.HelmChartContainer - [K3S] [INFO] Starting helm.cattle.io/v1, Kind=HelmChartConfig controller
2025-01-29 13:38:04,928 INFO c.h.h.t.HelmChartContainer - [K3S] [INFO] Starting helm.cattle.io/v1, Kind=HelmChart controller
2025-01-29 13:38:04,931 INFO c.h.h.t.HelmChartContainer - [K3S] [INFO] Starting rbac.authorization.k8s.io/v1, Kind=ClusterRoleBinding controller
2025-01-29 13:38:04,933 INFO c.h.h.t.HelmChartContainer - [K3S] [INFO] Starting batch/v1, Kind=Job controller
2025-01-29 13:38:04,966 INFO c.h.h.t.HelmChartContainer - [K3S] [INFO] Updating TLS secret for kube-system/k3s-serving (count: 10): map[listener.cattle.io/cn-10.43.0.1:10.43.0.1 listener.cattle.io/cn-127.0.0.1:127.0.0.1 listener.cattle.io/cn-172.18.0.2:172.18.0.2 listener.cattle.io/cn-__1-f16284:::1 listener.cattle.io/cn-cc060c47c65d:cc060c47c65d listener.cattle.io/cn-kubernetes:kubernetes listener.cattle.io/cn-kubernetes.default:kubernetes.default listener.cattle.io/cn-kubernetes.default.svc:kubernetes.default.svc listener.cattle.io/cn-kubernetes.default.svc.cluster.local:kubernetes.default.svc.cluster.local listener.cattle.io/cn-localhost:localhost listener.cattle.io/fingerprint:SHA1=9858E4850A0D088BED30EEADD3331B77D1CEB047]
2025-01-29 13:38:05,064 INFO c.h.h.t.HelmChartContainer - [K3S] [controllermanager.go:765] "Started controller" controller="deployment-controller"
2025-01-29 13:38:05,064 INFO c.h.h.t.HelmChartContainer - [K3S] [deployment_controller.go:173] "Starting controller" controller="deployment"
2025-01-29 13:38:05,356 INFO c.h.h.t.HelmChartContainer - [K3S] [controllermanager.go:765] "Started controller" controller="horizontal-pod-autoscaler-controller"
2025-01-29 13:38:05,357 INFO c.h.h.t.HelmChartContainer - [K3S] [horizontal.go:201] "Starting HPA controller"
2025-01-29 13:38:05,406 INFO c.h.h.t.HelmChartContainer - [K3S] [controllermanager.go:765] "Started controller" controller="certificatesigningrequest-cleaner-controller"
2025-01-29 13:38:05,406 INFO c.h.h.t.HelmChartContainer - [K3S] [cleaner.go:83] "Starting CSR cleaner controller"
2025-01-29 13:38:05,557 INFO c.h.h.t.HelmChartContainer - [K3S] [controllermanager.go:765] "Started controller" controller="persistentvolume-expander-controller"
2025-01-29 13:38:05,557 INFO c.h.h.t.HelmChartContainer - [K3S] [expand_controller.go:329] "Starting expand controller"
2025-01-29 13:38:05,607 INFO c.h.h.t.HelmChartContainer - [K3S] [controllermanager.go:765] "Started controller" controller="taint-eviction-controller"
2025-01-29 13:38:05,607 INFO c.h.h.t.HelmChartContainer - [K3S] [controllermanager.go:717] "Controller is disabled by a feature gate" controller="service-cidr-controller" requiredFeatureGates=["MultiCIDRServiceAllocator"]
2025-01-29 13:38:05,607 INFO c.h.h.t.HelmChartContainer - [K3S] [taint_eviction.go:281] "Starting" controller="taint-eviction-controller"
2025-01-29 13:38:05,607 INFO c.h.h.t.HelmChartContainer - [K3S] [taint_eviction.go:287] "Sending events to api server"
2025-01-29 13:38:05,757 INFO c.h.h.t.HelmChartContainer - [K3S] [controllermanager.go:765] "Started controller" controller="replicationcontroller-controller"
2025-01-29 13:38:05,758 INFO c.h.h.t.HelmChartContainer - [K3S] [replica_set.go:217] "Starting controller" name="replicationcontroller"
2025-01-29 13:38:05,907 INFO c.h.h.t.HelmChartContainer - [K3S] [controllermanager.go:765] "Started controller" controller="pod-garbage-collector-controller"
2025-01-29 13:38:05,908 INFO c.h.h.t.HelmChartContainer - [K3S] [gc_controller.go:99] "Starting GC controller"
2025-01-29 13:38:06,058 INFO c.h.h.t.HelmChartContainer - [K3S] [controllermanager.go:765] "Started controller" controller="job-controller"
2025-01-29 13:38:06,058 INFO c.h.h.t.HelmChartContainer - [K3S] [job_controller.go:243] "Starting job controller"
2025-01-29 13:38:06,207 INFO c.h.h.t.HelmChartContainer - [K3S] [controllermanager.go:765] "Started controller" controller="persistentvolume-attach-detach-controller"
2025-01-29 13:38:06,208 INFO c.h.h.t.HelmChartContainer - [K3S] [controllermanager.go:717] "Controller is disabled by a feature gate" controller="storageversion-garbage-collector-controller" requiredFeatureGates=["APIServerIdentity","StorageVersionAPI"]
2025-01-29 13:38:06,208 INFO c.h.h.t.HelmChartContainer - [K3S] [attach_detach_controller.go:338] "Starting attach detach controller"
2025-01-29 13:38:06,357 INFO c.h.h.t.HelmChartContainer - [K3S] [controllermanager.go:765] "Started controller" controller="endpointslice-controller"
2025-01-29 13:38:06,357 INFO c.h.h.t.HelmChartContainer - [K3S] [endpointslice_controller.go:281] "Starting endpoint slice controller"
2025-01-29 13:38:06,557 INFO c.h.h.t.HelmChartContainer - [K3S] [controllermanager.go:765] "Started controller" controller="disruption-controller"
2025-01-29 13:38:06,557 INFO c.h.h.t.HelmChartContainer - [K3S] [disruption.go:452] "Sending events to api server."
2025-01-29 13:38:06,557 INFO c.h.h.t.HelmChartContainer - [K3S] [disruption.go:463] "Starting disruption controller"
2025-01-29 13:38:06,725 INFO c.h.h.t.HelmChartContainer - [K3S] [controllermanager.go:765] "Started controller" controller="persistentvolume-binder-controller"
2025-01-29 13:38:06,725 INFO c.h.h.t.HelmChartContainer - [K3S] [controllermanager.go:723] "Skipping a cloud provider controller" controller="service-lb-controller"
2025-01-29 13:38:06,726 INFO c.h.h.t.HelmChartContainer - [K3S] [pv_controller_base.go:308] "Starting persistent volume controller"
2025-01-29 13:38:06,731 INFO c.h.h.t.HelmChartContainer - [K3S] [event.go:389] "Event occurred" object="kube-system/ccm" fieldPath="" kind="Addon" apiVersion="k3s.cattle.io/v1" type="Normal" reason="ApplyingManifest" message="Applying manifest at \"/var/lib/rancher/k3s/server/manifests/ccm.yaml\""
2025-01-29 13:38:06,750 INFO c.h.h.t.HelmChartContainer - [K3S] [event.go:389] "Event occurred" object="kube-system/ccm" fieldPath="" kind="Addon" apiVersion="k3s.cattle.io/v1" type="Normal" reason="AppliedManifest" message="Applied manifest at \"/var/lib/rancher/k3s/server/manifests/ccm.yaml\""
2025-01-29 13:38:06,761 INFO c.h.h.t.HelmChartContainer - [K3S] [event.go:389] "Event occurred" object="kube-system/coredns" fieldPath="" kind="Addon" apiVersion="k3s.cattle.io/v1" type="Normal" reason="ApplyingManifest" message="Applying manifest at \"/var/lib/rancher/k3s/server/manifests/coredns.yaml\""
2025-01-29 13:38:06,810 INFO c.h.h.t.HelmChartContainer - [K3S] [event.go:389] "Event occurred" object="cc060c47c65d" fieldPath="" kind="Node" apiVersion="" type="Normal" reason="NodePasswordValidationComplete" message="Deferred node password secret validation complete"
2025-01-29 13:38:06,857 INFO c.h.h.t.HelmChartContainer - [K3S] [controllermanager.go:765] "Started controller" controller="ephemeral-volume-controller"
2025-01-29 13:38:06,857 INFO c.h.h.t.HelmChartContainer - [K3S] [controller.go:173] "Starting ephemeral volume controller"
2025-01-29 13:38:06,864 INFO c.h.h.t.HelmChartContainer - [K3S] [alloc.go:330] "allocated clusterIPs" service="kube-system/kube-dns" clusterIPs={"IPv4":"10.43.0.10"}
2025-01-29 13:38:06,864 INFO c.h.h.t.HelmChartContainer - [K3S] [event.go:389] "Event occurred" object="kube-system/coredns" fieldPath="" kind="Addon" apiVersion="k3s.cattle.io/v1" type="Normal" reason="AppliedManifest" message="Applied manifest at \"/var/lib/rancher/k3s/server/manifests/coredns.yaml\""
2025-01-29 13:38:06,872 INFO c.h.h.t.HelmChartContainer - [K3S] [event.go:389] "Event occurred" object="kube-system/local-storage" fieldPath="" kind="Addon" apiVersion="k3s.cattle.io/v1" type="Normal" reason="ApplyingManifest" message="Applying manifest at \"/var/lib/rancher/k3s/server/manifests/local-storage.yaml\""
2025-01-29 13:38:06,963 INFO c.h.h.t.HelmChartContainer - [K3S] [event.go:389] "Event occurred" object="kube-system/local-storage" fieldPath="" kind="Addon" apiVersion="k3s.cattle.io/v1" type="Normal" reason="AppliedManifest" message="Applied manifest at \"/var/lib/rancher/k3s/server/manifests/local-storage.yaml\""
2025-01-29 13:38:06,969 INFO c.h.h.t.HelmChartContainer - [K3S] [event.go:389] "Event occurred" object="kube-system/aggregated-metrics-reader" fieldPath="" kind="Addon" apiVersion="k3s.cattle.io/v1" type="Normal" reason="ApplyingManifest" message="Applying manifest at \"/var/lib/rancher/k3s/server/manifests/metrics-server/aggregated-metrics-reader.yaml\""
2025-01-29 13:38:06,973 INFO c.h.h.t.HelmChartContainer - [K3S] [event.go:389] "Event occurred" object="kube-system/aggregated-metrics-reader" fieldPath="" kind="Addon" apiVersion="k3s.cattle.io/v1" type="Normal" reason="AppliedManifest" message="Applied manifest at \"/var/lib/rancher/k3s/server/manifests/metrics-server/aggregated-metrics-reader.yaml\""
2025-01-29 13:38:06,979 INFO c.h.h.t.HelmChartContainer - [K3S] [event.go:389] "Event occurred" object="kube-system/auth-delegator" fieldPath="" kind="Addon" apiVersion="k3s.cattle.io/v1" type="Normal" reason="ApplyingManifest" message="Applying manifest at \"/var/lib/rancher/k3s/server/manifests/metrics-server/auth-delegator.yaml\""
2025-01-29 13:38:07,007 INFO c.h.h.t.HelmChartContainer - [K3S] [controllermanager.go:765] "Started controller" controller="legacy-serviceaccount-token-cleaner-controller"
2025-01-29 13:38:07,007 INFO c.h.h.t.HelmChartContainer - [K3S] [legacy_serviceaccount_token_cleaner.go:103] "Starting legacy service account token cleaner controller"
2025-01-29 13:38:07,044 INFO c.h.h.t.HelmChartContainer - [K3S] [event.go:389] "Event occurred" object="kube-system/auth-delegator" fieldPath="" kind="Addon" apiVersion="k3s.cattle.io/v1" type="Normal" reason="AppliedManifest" message="Applied manifest at \"/var/lib/rancher/k3s/server/manifests/metrics-server/auth-delegator.yaml\""
2025-01-29 13:38:07,050 INFO c.h.h.t.HelmChartContainer - [K3S] [event.go:389] "Event occurred" object="kube-system/auth-reader" fieldPath="" kind="Addon" apiVersion="k3s.cattle.io/v1" type="Normal" reason="ApplyingManifest" message="Applying manifest at \"/var/lib/rancher/k3s/server/manifests/metrics-server/auth-reader.yaml\""
2025-01-29 13:38:07,054 INFO c.h.h.t.HelmChartContainer - [K3S] [event.go:389] "Event occurred" object="kube-system/auth-reader" fieldPath="" kind="Addon" apiVersion="k3s.cattle.io/v1" type="Normal" reason="AppliedManifest" message="Applied manifest at \"/var/lib/rancher/k3s/server/manifests/metrics-server/auth-reader.yaml\""
2025-01-29 13:38:07,062 INFO c.h.h.t.HelmChartContainer - [K3S] [event.go:389] "Event occurred" object="kube-system/metrics-apiservice" fieldPath="" kind="Addon" apiVersion="k3s.cattle.io/v1" type="Normal" reason="ApplyingManifest" message="Applying manifest at \"/var/lib/rancher/k3s/server/manifests/metrics-server/metrics-apiservice.yaml\""
2025-01-29 13:38:07,070 INFO c.h.h.t.HelmChartContainer - [K3S] [event.go:389] "Event occurred" object="kube-system/metrics-apiservice" fieldPath="" kind="Addon" apiVersion="k3s.cattle.io/v1" type="Normal" reason="AppliedManifest" message="Applied manifest at \"/var/lib/rancher/k3s/server/manifests/metrics-server/metrics-apiservice.yaml\""
2025-01-29 13:38:07,077 INFO c.h.h.t.HelmChartContainer - [K3S] [handler_proxy.go:99] no RequestInfo found in the context
2025-01-29 13:38:07,078 INFO c.h.h.t.HelmChartContainer - [K3S] [controller.go:146] "Unhandled Error" err=<
2025-01-29 13:38:07,078 INFO c.h.h.t.HelmChartContainer - [K3S] 	, Header: map[Content-Type:[text/plain; charset=utf-8] X-Content-Type-Options:[nosniff]]
2025-01-29 13:38:07,078 INFO c.h.h.t.HelmChartContainer - [K3S]  >
2025-01-29 13:38:07,078 INFO c.h.h.t.HelmChartContainer - [K3S] [event.go:389] "Event occurred" object="kube-system/metrics-server-deployment" fieldPath="" kind="Addon" apiVersion="k3s.cattle.io/v1" type="Normal" reason="ApplyingManifest" message="Applying manifest at \"/var/lib/rancher/k3s/server/manifests/metrics-server/metrics-server-deployment.yaml\""
2025-01-29 13:38:07,080 INFO c.h.h.t.HelmChartContainer - [K3S] [handler_proxy.go:143] error resolving kube-system/metrics-server: service "metrics-server" not found
2025-01-29 13:38:07,089 INFO c.h.h.t.HelmChartContainer - [K3S] [event.go:389] "Event occurred" object="kube-system/metrics-server-deployment" fieldPath="" kind="Addon" apiVersion="k3s.cattle.io/v1" type="Normal" reason="AppliedManifest" message="Applied manifest at \"/var/lib/rancher/k3s/server/manifests/metrics-server/metrics-server-deployment.yaml\""
2025-01-29 13:38:07,095 INFO c.h.h.t.HelmChartContainer - [K3S] [event.go:389] "Event occurred" object="kube-system/metrics-server-service" fieldPath="" kind="Addon" apiVersion="k3s.cattle.io/v1" type="Normal" reason="ApplyingManifest" message="Applying manifest at \"/var/lib/rancher/k3s/server/manifests/metrics-server/metrics-server-service.yaml\""
2025-01-29 13:38:07,103 INFO c.h.h.t.HelmChartContainer - [K3S] [alloc.go:330] "allocated clusterIPs" service="kube-system/metrics-server" clusterIPs={"IPv4":"10.43.173.139"}
2025-01-29 13:38:07,103 INFO c.h.h.t.HelmChartContainer - [K3S] [event.go:389] "Event occurred" object="kube-system/metrics-server-service" fieldPath="" kind="Addon" apiVersion="k3s.cattle.io/v1" type="Normal" reason="AppliedManifest" message="Applied manifest at \"/var/lib/rancher/k3s/server/manifests/metrics-server/metrics-server-service.yaml\""
2025-01-29 13:38:07,108 INFO c.h.h.t.HelmChartContainer - [K3S] [handler_proxy.go:99] no RequestInfo found in the context
2025-01-29 13:38:07,108 INFO c.h.h.t.HelmChartContainer - [K3S] [controller.go:146] "Unhandled Error" err=<
2025-01-29 13:38:07,108 INFO c.h.h.t.HelmChartContainer - [K3S] 	, Header: map[Content-Type:[text/plain; charset=utf-8] X-Content-Type-Options:[nosniff]]
2025-01-29 13:38:07,108 INFO c.h.h.t.HelmChartContainer - [K3S]  >
2025-01-29 13:38:07,111 INFO c.h.h.t.HelmChartContainer - [K3S] [handler_proxy.go:143] error resolving kube-system/metrics-server: endpoints "metrics-server" not found
2025-01-29 13:38:07,113 INFO c.h.h.t.HelmChartContainer - [K3S] [event.go:389] "Event occurred" object="kube-system/resource-reader" fieldPath="" kind="Addon" apiVersion="k3s.cattle.io/v1" type="Normal" reason="ApplyingManifest" message="Applying manifest at \"/var/lib/rancher/k3s/server/manifests/metrics-server/resource-reader.yaml\""
2025-01-29 13:38:07,142 INFO c.h.h.t.HelmChartContainer - [K3S] [event.go:389] "Event occurred" object="kube-system/resource-reader" fieldPath="" kind="Addon" apiVersion="k3s.cattle.io/v1" type="Normal" reason="AppliedManifest" message="Applied manifest at \"/var/lib/rancher/k3s/server/manifests/metrics-server/resource-reader.yaml\""
2025-01-29 13:38:07,149 INFO c.h.h.t.HelmChartContainer - [K3S] [event.go:389] "Event occurred" object="kube-system/rolebindings" fieldPath="" kind="Addon" apiVersion="k3s.cattle.io/v1" type="Normal" reason="ApplyingManifest" message="Applying manifest at \"/var/lib/rancher/k3s/server/manifests/rolebindings.yaml\""
2025-01-29 13:38:07,257 INFO c.h.h.t.HelmChartContainer - [K3S] [event.go:389] "Event occurred" object="kube-system/rolebindings" fieldPath="" kind="Addon" apiVersion="k3s.cattle.io/v1" type="Normal" reason="AppliedManifest" message="Applied manifest at \"/var/lib/rancher/k3s/server/manifests/rolebindings.yaml\""
2025-01-29 13:38:07,266 INFO c.h.h.t.HelmChartContainer - [K3S] [INFO] Tunnel authorizer set Kubelet Port 0.0.0.0:10250
2025-01-29 13:38:07,270 INFO c.h.h.t.HelmChartContainer - [K3S] [event.go:389] "Event occurred" object="kube-system/runtimes" fieldPath="" kind="Addon" apiVersion="k3s.cattle.io/v1" type="Normal" reason="ApplyingManifest" message="Applying manifest at \"/var/lib/rancher/k3s/server/manifests/runtimes.yaml\""
2025-01-29 13:38:07,273 INFO c.h.h.t.HelmChartContainer - [K3S] [serving.go:392] Generated self-signed cert in-memory
2025-01-29 13:38:07,305 INFO c.h.h.t.HelmChartContainer - [K3S] [event.go:389] "Event occurred" object="kube-system/runtimes" fieldPath="" kind="Addon" apiVersion="k3s.cattle.io/v1" type="Normal" reason="AppliedManifest" message="Applied manifest at \"/var/lib/rancher/k3s/server/manifests/runtimes.yaml\""
2025-01-29 13:38:07,316 INFO c.h.h.t.HelmChartContainer - [K3S] [controllermanager.go:765] "Started controller" controller="resourcequota-controller"
2025-01-29 13:38:07,316 INFO c.h.h.t.HelmChartContainer - [K3S] [resource_quota_controller.go:300] "Starting resource quota controller"
2025-01-29 13:38:07,457 INFO c.h.h.t.HelmChartContainer - [K3S] [controllermanager.go:765] "Started controller" controller="statefulset-controller"
2025-01-29 13:38:07,458 INFO c.h.h.t.HelmChartContainer - [K3S] [stateful_set.go:166] "Starting stateful set controller"
2025-01-29 13:38:07,511 INFO c.h.h.t.HelmChartContainer - [K3S] [serving.go:392] Generated self-signed cert in-memory
2025-01-29 13:38:07,607 INFO c.h.h.t.HelmChartContainer - [K3S] [controllermanager.go:765] "Started controller" controller="cronjob-controller"
2025-01-29 13:38:07,608 INFO c.h.h.t.HelmChartContainer - [K3S] [cronjob_controllerv2.go:145] "Starting cronjob controller v2"
2025-01-29 13:38:07,807 INFO c.h.h.t.HelmChartContainer - [K3S] [controllermanager.go:765] "Started controller" controller="validatingadmissionpolicy-status-controller"
2025-01-29 13:38:07,807 INFO c.h.h.t.HelmChartContainer - [K3S] [controllermanager.go:723] "Skipping a cloud provider controller" controller="node-route-controller"
2025-01-29 13:38:07,807 INFO c.h.h.t.HelmChartContainer - [K3S] [controllermanager.go:717] "Controller is disabled by a feature gate" controller="kube-apiserver-serving-clustertrustbundle-publisher-controller" requiredFeatureGates=["ClusterTrustBundle"]
2025-01-29 13:38:07,958 INFO c.h.h.t.HelmChartContainer - [K3S] [controllermanager.go:765] "Started controller" controller="persistentvolume-protection-controller"
2025-01-29 13:38:07,959 INFO c.h.h.t.HelmChartContainer - [K3S] [pv_protection_controller.go:81] "Starting PV protection controller"
2025-01-29 13:38:08,070 INFO c.h.h.t.HelmChartContainer - [K3S] [handler_proxy.go:99] no RequestInfo found in the context
2025-01-29 13:38:08,070 INFO c.h.h.t.HelmChartContainer - [K3S] [handler_proxy.go:99] no RequestInfo found in the context
2025-01-29 13:38:08,070 INFO c.h.h.t.HelmChartContainer - [K3S] [controller.go:102] "Unhandled Error" err=<
2025-01-29 13:38:08,070 INFO c.h.h.t.HelmChartContainer - [K3S] 	, Header: map[Content-Type:[text/plain; charset=utf-8] X-Content-Type-Options:[nosniff]]
2025-01-29 13:38:08,070 INFO c.h.h.t.HelmChartContainer - [K3S]  >
2025-01-29 13:38:08,108 INFO c.h.h.t.HelmChartContainer - [K3S] [controllermanager.go:765] "Started controller" controller="replicaset-controller"
2025-01-29 13:38:08,108 INFO c.h.h.t.HelmChartContainer - [K3S] [controllermanager.go:728] "Warning: controller is disabled" controller="bootstrap-signer-controller"
2025-01-29 13:38:08,108 INFO c.h.h.t.HelmChartContainer - [K3S] [replica_set.go:217] "Starting controller" name="replicaset"
2025-01-29 13:38:08,241 INFO c.h.h.t.HelmChartContainer - [K3S] [controllermanager.go:160] Version: v1.32.1+k3s1
2025-01-29 13:38:08,244 INFO c.h.h.t.HelmChartContainer - [K3S] [configmap_cafile_content.go:205] "Starting controller" name="client-ca::kube-system::extension-apiserver-authentication::client-ca-file"
2025-01-29 13:38:08,244 INFO c.h.h.t.HelmChartContainer - [K3S] [requestheader_controller.go:180] Starting RequestHeaderAuthRequestController
2025-01-29 13:38:08,244 INFO c.h.h.t.HelmChartContainer - [K3S] [configmap_cafile_content.go:205] "Starting controller" name="client-ca::kube-system::extension-apiserver-authentication::requestheader-client-ca-file"
2025-01-29 13:38:08,244 INFO c.h.h.t.HelmChartContainer - [K3S] [secure_serving.go:213] Serving securely on 127.0.0.1:10258
2025-01-29 13:38:08,244 INFO c.h.h.t.HelmChartContainer - [K3S] [tlsconfig.go:243] "Starting DynamicServingCertificateController"
2025-01-29 13:38:08,249 INFO c.h.h.t.HelmChartContainer - [K3S] [INFO] Creating service-lb-controller event broadcaster
2025-01-29 13:38:08,256 INFO c.h.h.t.HelmChartContainer - [K3S] [controllermanager.go:765] "Started controller" controller="persistentvolumeclaim-protection-controller"
2025-01-29 13:38:08,256 INFO c.h.h.t.HelmChartContainer - [K3S] [pvc_protection_controller.go:168] "Starting PVC protection controller"
2025-01-29 13:38:08,266 INFO c.h.h.t.HelmChartContainer - [K3S] [INFO] Started tunnel to 172.18.0.2:6443
2025-01-29 13:38:08,266 INFO c.h.h.t.HelmChartContainer - [K3S] [INFO] Stopped tunnel to 127.0.0.1:6443
2025-01-29 13:38:08,266 INFO c.h.h.t.HelmChartContainer - [K3S] [INFO] Connecting to proxy" url="wss://172.18.0.2:6443/v1-k3s/connect
2025-01-29 13:38:08,266 INFO c.h.h.t.HelmChartContainer - [K3S] [INFO] Proxy done" err="context canceled" url="wss://127.0.0.1:6443/v1-k3s/connect
2025-01-29 13:38:08,266 INFO c.h.h.t.HelmChartContainer - [K3S] [INFO] error in remotedialer server [400]: websocket: close 1006 (abnormal closure): unexpected EOF
2025-01-29 13:38:08,268 INFO c.h.h.t.HelmChartContainer - [K3S] [INFO] Handling backend connection request [cc060c47c65d]
2025-01-29 13:38:08,268 INFO c.h.h.t.HelmChartContainer - [K3S] [INFO] Remotedialer connected to proxy" url="wss://172.18.0.2:6443/v1-k3s/connect
2025-01-29 13:38:08,365 INFO c.h.h.t.HelmChartContainer - [K3S] [INFO] Starting /v1, Kind=Node controller
2025-01-29 13:38:08,368 INFO c.h.h.t.HelmChartContainer - [K3S] [INFO] Starting /v1, Kind=Pod controller
2025-01-29 13:38:08,370 INFO c.h.h.t.HelmChartContainer - [K3S] [INFO] Starting apps/v1, Kind=DaemonSet controller
2025-01-29 13:38:08,373 INFO c.h.h.t.HelmChartContainer - [K3S] [INFO] Starting discovery.k8s.io/v1, Kind=EndpointSlice controller
2025-01-29 13:38:08,374 INFO c.h.h.t.HelmChartContainer - [K3S] [controllermanager.go:329] Started "cloud-node-lifecycle-controller"
2025-01-29 13:38:08,374 INFO c.h.h.t.HelmChartContainer - [K3S] [node_lifecycle_controller.go:112] Sending events to api server
2025-01-29 13:38:08,374 INFO c.h.h.t.HelmChartContainer - [K3S] [controllermanager.go:329] Started "service-lb-controller"
2025-01-29 13:38:08,374 INFO c.h.h.t.HelmChartContainer - [K3S] [controllermanager.go:306] "node-route-controller" is disabled
2025-01-29 13:38:08,374 INFO c.h.h.t.HelmChartContainer - [K3S] [controllermanager.go:329] Started "cloud-node-controller"
2025-01-29 13:38:08,375 INFO c.h.h.t.HelmChartContainer - [K3S] [node_controller.go:176] Sending events to api server.
2025-01-29 13:38:08,379 INFO c.h.h.t.HelmChartContainer - [K3S] [node_controller.go:185] Waiting for informer caches to sync
2025-01-29 13:38:08,379 INFO c.h.h.t.HelmChartContainer - [K3S] [controller.go:234] Starting service controller
2025-01-29 13:38:08,413 INFO c.h.h.t.HelmChartContainer - [K3S] [controllermanager.go:765] "Started controller" controller="daemonset-controller"
2025-01-29 13:38:08,413 INFO c.h.h.t.HelmChartContainer - [K3S] [daemon_controller.go:294] "Starting daemon sets controller"
2025-01-29 13:38:08,476 INFO c.h.h.t.HelmChartContainer - [K3S] [node_controller.go:429] Initializing node cc060c47c65d with cloud provider
2025-01-29 13:38:08,481 INFO c.h.h.t.HelmChartContainer - [K3S] [node_controller.go:474] Successfully initialized node cc060c47c65d with cloud provider
2025-01-29 13:38:08,481 INFO c.h.h.t.HelmChartContainer - [K3S] [event.go:389] "Event occurred" object="cc060c47c65d" fieldPath="" kind="Node" apiVersion="v1" type="Normal" reason="Synced" message="Node synced successfully"
2025-01-29 13:38:08,496 INFO c.h.h.t.HelmChartContainer - [K3S] [INFO] Updated coredns NodeHosts entry for cc060c47c65d
2025-01-29 13:38:08,558 INFO c.h.h.t.HelmChartContainer - [K3S] [controllermanager.go:765] "Started controller" controller="token-cleaner-controller"
2025-01-29 13:38:08,558 INFO c.h.h.t.HelmChartContainer - [K3S] [controllermanager.go:717] "Controller is disabled by a feature gate" controller="volumeattributesclass-protection-controller" requiredFeatureGates=["VolumeAttributesClass"]
2025-01-29 13:38:08,558 INFO c.h.h.t.HelmChartContainer - [K3S] [controllermanager.go:717] "Controller is disabled by a feature gate" controller="resourceclaim-controller" requiredFeatureGates=["DynamicResourceAllocation"]
2025-01-29 13:38:08,558 INFO c.h.h.t.HelmChartContainer - [K3S] [controllermanager.go:717] "Controller is disabled by a feature gate" controller="selinux-warning-controller" requiredFeatureGates=["SELinuxChangePolicy"]
2025-01-29 13:38:08,558 INFO c.h.h.t.HelmChartContainer - [K3S] [tokencleaner.go:117] "Starting token cleaner controller"
2025-01-29 13:38:08,700 INFO c.h.h.t.HelmChartContainer - [K3S] [serving.go:392] Generated self-signed cert in-memory
2025-01-29 13:38:08,708 INFO c.h.h.t.HelmChartContainer - [K3S] [controllermanager.go:765] "Started controller" controller="endpointslice-mirroring-controller"
2025-01-29 13:38:08,709 INFO c.h.h.t.HelmChartContainer - [K3S] [endpointslicemirroring_controller.go:227] "Starting EndpointSliceMirroring controller"
2025-01-29 13:38:08,943 INFO c.h.h.t.HelmChartContainer - [K3S] [server.go:164] "Starting Kubernetes Scheduler" version="v1.32.1+k3s1"
2025-01-29 13:38:08,943 INFO c.h.h.t.HelmChartContainer - [K3S] [server.go:166] "Golang settings" GOGC="" GOMAXPROCS="" GOTRACEBACK=""
2025-01-29 13:38:08,946 INFO c.h.h.t.HelmChartContainer - [K3S] [secure_serving.go:213] Serving securely on 127.0.0.1:10259
2025-01-29 13:38:08,946 INFO c.h.h.t.HelmChartContainer - [K3S] [requestheader_controller.go:180] Starting RequestHeaderAuthRequestController
2025-01-29 13:38:08,946 INFO c.h.h.t.HelmChartContainer - [K3S] [tlsconfig.go:243] "Starting DynamicServingCertificateController"
2025-01-29 13:38:08,954 INFO c.h.h.t.HelmChartContainer - [K3S] [configmap_cafile_content.go:205] "Starting controller" name="client-ca::kube-system::extension-apiserver-authentication::client-ca-file"
2025-01-29 13:38:08,954 INFO c.h.h.t.HelmChartContainer - [K3S] [configmap_cafile_content.go:205] "Starting controller" name="client-ca::kube-system::extension-apiserver-authentication::requestheader-client-ca-file"
2025-01-29 13:38:08,979 INFO c.h.h.t.HelmChartContainer - [K3S] [controllermanager.go:765] "Started controller" controller="namespace-controller"
2025-01-29 13:38:08,979 INFO c.h.h.t.HelmChartContainer - [K3S] [namespace_controller.go:202] "Starting namespace controller"
2025-01-29 13:38:09,107 INFO c.h.h.t.HelmChartContainer - [K3S] [controllermanager.go:765] "Started controller" controller="serviceaccount-controller"
2025-01-29 13:38:09,107 INFO c.h.h.t.HelmChartContainer - [K3S] [serviceaccounts_controller.go:114] "Starting service account controller"
2025-01-29 13:38:09,122 INFO c.h.h.t.HelmChartContainer - [K3S] [actual_state_of_world.go:541] "Failed to update statusUpdateNeeded field in actual state of world" err="Failed to set statusUpdateNeeded to needed true, because nodeName=\"cc060c47c65d\" does not exist"
2025-01-29 13:38:09,181 INFO c.h.h.t.HelmChartContainer - [K3S] [range_allocator.go:177] "Sending events to api server"
2025-01-29 13:38:09,181 INFO c.h.h.t.HelmChartContainer - [K3S] [range_allocator.go:183] "Starting range CIDR allocator"
2025-01-29 13:38:09,186 INFO c.h.h.t.HelmChartContainer - [K3S] [range_allocator.go:428] "Set node PodCIDR" node="cc060c47c65d" podCIDRs=["10.42.0.0/24"]
2025-01-29 13:38:09,187 INFO c.h.h.t.HelmChartContainer - [K3S] [range_allocator.go:247] "Successfully synced" key="cc060c47c65d"
2025-01-29 13:38:09,187 INFO c.h.h.t.HelmChartContainer - [K3S] [range_allocator.go:247] "Successfully synced" key="cc060c47c65d"
2025-01-29 13:38:09,187 INFO c.h.h.t.HelmChartContainer - [K3S] [INFO] Flannel found PodCIDR assigned for node cc060c47c65d
2025-01-29 13:38:09,188 INFO c.h.h.t.HelmChartContainer - [K3S] [INFO] The interface eth0 with ipv4 address 172.18.0.2 will be used by flannel
2025-01-29 13:38:09,189 INFO c.h.h.t.HelmChartContainer - [K3S] [kube.go:139] Waiting 10m0s for node controller to sync
2025-01-29 13:38:09,191 INFO c.h.h.t.HelmChartContainer - [K3S] [kube.go:469] Starting kube subnet manager
2025-01-29 13:38:09,196 INFO c.h.h.t.HelmChartContainer - [K3S] [node_lifecycle_controller.go:1234] "Initializing eviction metric for zone" zone=""
2025-01-29 13:38:09,196 INFO c.h.h.t.HelmChartContainer - [K3S] [node_lifecycle_controller.go:886] "Missing timestamp for Node. Assuming now as a timestamp" node="cc060c47c65d"
2025-01-29 13:38:09,196 INFO c.h.h.t.HelmChartContainer - [K3S] [node_lifecycle_controller.go:1080] "Controller detected that zone is now in new state" zone="" newState="Normal"
2025-01-29 13:38:09,210 INFO c.h.h.t.HelmChartContainer - [K3S] [range_allocator.go:247] "Successfully synced" key="cc060c47c65d"
2025-01-29 13:38:09,308 INFO c.h.h.t.HelmChartContainer - [K3S] [INFO] Starting network policy controller version v2.2.1, built on 2025-01-28T18:27:08Z, go1.23.4
2025-01-29 13:38:09,308 INFO c.h.h.t.HelmChartContainer - [K3S] [network_policy_controller.go:164] Starting network policy controller
2025-01-29 13:38:09,338 INFO c.h.h.t.HelmChartContainer - [K3S] [network_policy_controller.go:176] Starting network policy controller full sync goroutine
2025-01-29 13:38:09,564 INFO c.h.h.t.HelmChartContainer - [K3S] [range_allocator.go:247] "Successfully synced" key="cc060c47c65d"
2025-01-29 13:38:09,669 INFO c.h.h.t.HelmChartContainer - [K3S] [handler_proxy.go:99] no RequestInfo found in the context
2025-01-29 13:38:09,669 INFO c.h.h.t.HelmChartContainer - [K3S] [controller.go:146] "Unhandled Error" err=<
2025-01-29 13:38:09,669 INFO c.h.h.t.HelmChartContainer - [K3S] 	, Header: map[Content-Type:[text/plain; charset=utf-8] X-Content-Type-Options:[nosniff]]
2025-01-29 13:38:09,669 INFO c.h.h.t.HelmChartContainer - [K3S]  >
2025-01-29 13:38:09,670 INFO c.h.h.t.HelmChartContainer - [K3S] [handler_proxy.go:143] error resolving kube-system/metrics-server: no endpoints available for service "metrics-server"
2025-01-29 13:38:10,024 INFO c.h.h.t.HelmChartContainer - [K3S] [replica_set.go:679] "Finished syncing" kind="ReplicaSet" key="kube-system/coredns-ff8999cc5" duration="103.168702ms"
2025-01-29 13:38:10,031 INFO c.h.h.t.HelmChartContainer - [K3S] [replica_set.go:679] "Finished syncing" kind="ReplicaSet" key="kube-system/metrics-server-8584b5786c" duration="115.662219ms"
2025-01-29 13:38:10,053 INFO c.h.h.t.HelmChartContainer - [K3S] [reflector.go:569] object-"kube-system"/"kube-root-ca.crt": failed to list *v1.ConfigMap: configmaps "kube-root-ca.crt" is forbidden: User "system:node:cc060c47c65d" cannot list resource "configmaps" in API group "" in the namespace "kube-system": no relationship found between node 'cc060c47c65d' and this object
2025-01-29 13:38:10,056 INFO c.h.h.t.HelmChartContainer - [K3S] [reflector.go:166] "Unhandled Error" err="object-\"kube-system\"/\"kube-root-ca.crt\": Failed to watch *v1.ConfigMap: failed to list *v1.ConfigMap: configmaps \"kube-root-ca.crt\" is forbidden: User \"system:node:cc060c47c65d\" cannot list resource \"configmaps\" in API group \"\" in the namespace \"kube-system\": no relationship found between node 'cc060c47c65d' and this object"
2025-01-29 13:38:10,056 INFO c.h.h.t.HelmChartContainer - [K3S] [status_manager.go:890] "Failed to get status for pod" podUID="596db524-98a7-41c0-993a-775b8c283a22" pod="kube-system/coredns-ff8999cc5-x67p8" err="pods \"coredns-ff8999cc5-x67p8\" is forbidden: User \"system:node:cc060c47c65d\" cannot get resource \"pods\" in API group \"\" in the namespace \"kube-system\": no relationship found between node 'cc060c47c65d' and this object"
2025-01-29 13:38:10,056 INFO c.h.h.t.HelmChartContainer - [K3S] [reflector.go:569] object-"kube-system"/"coredns": failed to list *v1.ConfigMap: configmaps "coredns" is forbidden: User "system:node:cc060c47c65d" cannot list resource "configmaps" in API group "" in the namespace "kube-system": no relationship found between node 'cc060c47c65d' and this object
2025-01-29 13:38:10,056 INFO c.h.h.t.HelmChartContainer - [K3S] [reflector.go:166] "Unhandled Error" err="object-\"kube-system\"/\"coredns\": Failed to watch *v1.ConfigMap: failed to list *v1.ConfigMap: configmaps \"coredns\" is forbidden: User \"system:node:cc060c47c65d\" cannot list resource \"configmaps\" in API group \"\" in the namespace \"kube-system\": no relationship found between node 'cc060c47c65d' and this object"
2025-01-29 13:38:10,056 INFO c.h.h.t.HelmChartContainer - [K3S] [reflector.go:569] object-"kube-system"/"coredns-custom": failed to list *v1.ConfigMap: configmaps "coredns-custom" is forbidden: User "system:node:cc060c47c65d" cannot list resource "configmaps" in API group "" in the namespace "kube-system": no relationship found between node 'cc060c47c65d' and this object
2025-01-29 13:38:10,056 INFO c.h.h.t.HelmChartContainer - [K3S] [reflector.go:166] "Unhandled Error" err="object-\"kube-system\"/\"coredns-custom\": Failed to watch *v1.ConfigMap: failed to list *v1.ConfigMap: configmaps \"coredns-custom\" is forbidden: User \"system:node:cc060c47c65d\" cannot list resource \"configmaps\" in API group \"\" in the namespace \"kube-system\": no relationship found between node 'cc060c47c65d' and this object"
2025-01-29 13:38:10,057 INFO c.h.h.t.HelmChartContainer - [K3S] [replica_set.go:679] "Finished syncing" kind="ReplicaSet" key="kube-system/local-path-provisioner-698b58967b" duration="142.454421ms"
2025-01-29 13:38:10,077 INFO c.h.h.t.HelmChartContainer - [K3S] [replica_set.go:679] "Finished syncing" kind="ReplicaSet" key="kube-system/local-path-provisioner-698b58967b" duration="19.786744ms"
2025-01-29 13:38:10,078 INFO c.h.h.t.HelmChartContainer - [K3S] [replica_set.go:679] "Finished syncing" kind="ReplicaSet" key="kube-system/local-path-provisioner-698b58967b" duration="44.302Âµs"
2025-01-29 13:38:10,086 INFO c.h.h.t.HelmChartContainer - [K3S] [replica_set.go:679] "Finished syncing" kind="ReplicaSet" key="kube-system/coredns-ff8999cc5" duration="63.528083ms"
2025-01-29 13:38:10,086 INFO c.h.h.t.HelmChartContainer - [K3S] [replica_set.go:679] "Finished syncing" kind="ReplicaSet" key="kube-system/coredns-ff8999cc5" duration="74.218Âµs"
2025-01-29 13:38:10,099 INFO c.h.h.t.HelmChartContainer - [K3S] [replica_set.go:679] "Finished syncing" kind="ReplicaSet" key="kube-system/metrics-server-8584b5786c" duration="65.829831ms"
2025-01-29 13:38:10,109 INFO c.h.h.t.HelmChartContainer - [K3S] [replica_set.go:679] "Finished syncing" kind="ReplicaSet" key="kube-system/metrics-server-8584b5786c" duration="12.799976ms"
2025-01-29 13:38:10,112 INFO c.h.h.t.HelmChartContainer - [K3S] [replica_set.go:679] "Finished syncing" kind="ReplicaSet" key="kube-system/metrics-server-8584b5786c" duration="79.839Âµs"
2025-01-29 13:38:10,145 INFO c.h.h.t.HelmChartContainer - [K3S] [replica_set.go:679] "Finished syncing" kind="ReplicaSet" key="kube-system/coredns-ff8999cc5" duration="41.067Âµs"
2025-01-29 13:38:10,150 INFO c.h.h.t.HelmChartContainer - [K3S] [reconciler_common.go:251] "operationExecutor.VerifyControllerAttachedVolume started for volume \"config-volume\" (UniqueName: \"kubernetes.io/configmap/596db524-98a7-41c0-993a-775b8c283a22-config-volume\") pod \"coredns-ff8999cc5-x67p8\" (UID: \"596db524-98a7-41c0-993a-775b8c283a22\") " pod="kube-system/coredns-ff8999cc5-x67p8"
2025-01-29 13:38:10,150 INFO c.h.h.t.HelmChartContainer - [K3S] [reconciler_common.go:251] "operationExecutor.VerifyControllerAttachedVolume started for volume \"custom-config-volume\" (UniqueName: \"kubernetes.io/configmap/596db524-98a7-41c0-993a-775b8c283a22-custom-config-volume\") pod \"coredns-ff8999cc5-x67p8\" (UID: \"596db524-98a7-41c0-993a-775b8c283a22\") " pod="kube-system/coredns-ff8999cc5-x67p8"
2025-01-29 13:38:10,150 INFO c.h.h.t.HelmChartContainer - [K3S] [reconciler_common.go:251] "operationExecutor.VerifyControllerAttachedVolume started for volume \"kube-api-access-dmm5v\" (UniqueName: \"kubernetes.io/projected/596db524-98a7-41c0-993a-775b8c283a22-kube-api-access-dmm5v\") pod \"coredns-ff8999cc5-x67p8\" (UID: \"596db524-98a7-41c0-993a-775b8c283a22\") " pod="kube-system/coredns-ff8999cc5-x67p8"
2025-01-29 13:38:10,151 INFO c.h.h.t.HelmChartContainer - [K3S] [reconciler_common.go:251] "operationExecutor.VerifyControllerAttachedVolume started for volume \"tmp-dir\" (UniqueName: \"kubernetes.io/empty-dir/429fe269-2deb-45b1-ba12-4b291b0ca483-tmp-dir\") pod \"metrics-server-8584b5786c-fgw2q\" (UID: \"429fe269-2deb-45b1-ba12-4b291b0ca483\") " pod="kube-system/metrics-server-8584b5786c-fgw2q"
2025-01-29 13:38:10,151 INFO c.h.h.t.HelmChartContainer - [K3S] [reconciler_common.go:251] "operationExecutor.VerifyControllerAttachedVolume started for volume \"kube-api-access-6hvp5\" (UniqueName: \"kubernetes.io/projected/429fe269-2deb-45b1-ba12-4b291b0ca483-kube-api-access-6hvp5\") pod \"metrics-server-8584b5786c-fgw2q\" (UID: \"429fe269-2deb-45b1-ba12-4b291b0ca483\") " pod="kube-system/metrics-server-8584b5786c-fgw2q"
2025-01-29 13:38:10,151 INFO c.h.h.t.HelmChartContainer - [K3S] [reconciler_common.go:251] "operationExecutor.VerifyControllerAttachedVolume started for volume \"config-volume\" (UniqueName: \"kubernetes.io/configmap/dfcce6cc-f0a5-4a99-a566-2be522f20296-config-volume\") pod \"local-path-provisioner-698b58967b-ccrjt\" (UID: \"dfcce6cc-f0a5-4a99-a566-2be522f20296\") " pod="kube-system/local-path-provisioner-698b58967b-ccrjt"
2025-01-29 13:38:10,151 INFO c.h.h.t.HelmChartContainer - [K3S] [reconciler_common.go:251] "operationExecutor.VerifyControllerAttachedVolume started for volume \"kube-api-access-x2mwt\" (UniqueName: \"kubernetes.io/projected/dfcce6cc-f0a5-4a99-a566-2be522f20296-kube-api-access-x2mwt\") pod \"local-path-provisioner-698b58967b-ccrjt\" (UID: \"dfcce6cc-f0a5-4a99-a566-2be522f20296\") " pod="kube-system/local-path-provisioner-698b58967b-ccrjt"
2025-01-29 13:38:10,155 INFO c.h.h.t.HelmChartContainer - [K3S] [replica_set.go:679] "Finished syncing" kind="ReplicaSet" key="kube-system/metrics-server-8584b5786c" duration="39.994Âµs"
2025-01-29 13:38:10,163 INFO c.h.h.t.HelmChartContainer - [K3S] [replica_set.go:679] "Finished syncing" kind="ReplicaSet" key="kube-system/local-path-provisioner-698b58967b" duration="33.813Âµs"
2025-01-29 13:38:10,189 INFO c.h.h.t.HelmChartContainer - [K3S] [kube.go:146] Node controller sync successful
2025-01-29 13:38:10,189 INFO c.h.h.t.HelmChartContainer - [K3S] [vxlan.go:141] VXLAN config: VNI=1 Port=0 GBP=false Learning=false DirectRouting=false
2025-01-29 13:38:10,193 INFO c.h.h.t.HelmChartContainer - [K3S] [kube.go:636] List of node(cc060c47c65d) annotations: map[string]string{"alpha.kubernetes.io/provided-node-ip":"172.18.0.2", "k3s.io/hostname":"cc060c47c65d", "k3s.io/internal-ip":"172.18.0.2", "k3s.io/node-args":"[\"server\",\"--etcd-arg\",\"unsafe-no-fsync\",\"--etcd-arg\",\"snapshot-count=10000\",\"--etcd-arg\",\"auto-compaction-mode=revision\",\"--etcd-arg\",\"auto-compaction-retention=1000000\",\"--kube-apiserver-arg\",\"etcd-compaction-interval=0s\",\"--disable\",\"traefik\",\"--tls-san\",\"localhost\"]", "k3s.io/node-config-hash":"2QNNT5M5XUBFOLO5XPGEVGOM5UDLHHTIVMSRUPAUHE5DU3HUYQUQ====", "k3s.io/node-env":"{}", "node.alpha.kubernetes.io/ttl":"0", "volumes.kubernetes.io/controller-managed-attach-detach":"true"}
2025-01-29 13:38:10,201 INFO c.h.h.t.HelmChartContainer - [K3S] [iptables.go:51] Starting flannel in iptables mode...
2025-01-29 13:38:10,201 INFO c.h.h.t.HelmChartContainer - [K3S] [WARNING] no subnet found for key: FLANNEL_NETWORK in file: /run/flannel/subnet.env
2025-01-29 13:38:10,201 INFO c.h.h.t.HelmChartContainer - [K3S] [WARNING] no subnet found for key: FLANNEL_SUBNET in file: /run/flannel/subnet.env
2025-01-29 13:38:10,201 INFO c.h.h.t.HelmChartContainer - [K3S] [WARNING] no subnet found for key: FLANNEL_IPV6_NETWORK in file: /run/flannel/subnet.env
2025-01-29 13:38:10,201 INFO c.h.h.t.HelmChartContainer - [K3S] [WARNING] no subnet found for key: FLANNEL_IPV6_SUBNET in file: /run/flannel/subnet.env
2025-01-29 13:38:10,201 INFO c.h.h.t.HelmChartContainer - [K3S] [iptables.go:115] Current network or subnet (10.42.0.0/16, 10.42.0.0/24) is not equal to previous one (0.0.0.0/0, 0.0.0.0/0), trying to recycle old iptables rules
2025-01-29 13:38:10,201 INFO c.h.h.t.HelmChartContainer - [K3S] [range_allocator.go:247] "Successfully synced" key="cc060c47c65d"
2025-01-29 13:38:10,201 INFO c.h.h.t.HelmChartContainer - [K3S] [kube.go:490] Creating the node lease for IPv4. This is the n.Spec.PodCIDRs: [10.42.0.0/24]
2025-01-29 13:38:10,213 INFO c.h.h.t.HelmChartContainer - [K3S] [iptables.go:125] Setting up masking rules
2025-01-29 13:38:10,215 INFO c.h.h.t.HelmChartContainer - [K3S] [iptables.go:226] Changing default FORWARD chain policy to ACCEPT
2025-01-29 13:38:10,218 INFO c.h.h.t.HelmChartContainer - [K3S] [INFO] Wrote flannel subnet file to /run/flannel/subnet.env
2025-01-29 13:38:10,218 INFO c.h.h.t.HelmChartContainer - [K3S] [INFO] Running flannel backend.
2025-01-29 13:38:10,218 INFO c.h.h.t.HelmChartContainer - [K3S] [vxlan_network.go:65] watching for new subnet leases
2025-01-29 13:38:10,236 INFO c.h.h.t.HelmChartContainer - [K3S] [iptables.go:372] bootstrap done
2025-01-29 13:38:10,251 INFO c.h.h.t.HelmChartContainer - [K3S] [iptables.go:372] bootstrap done
2025-01-29 13:38:10,670 INFO c.h.h.t.HelmChartContainer - [K3S] [handler_proxy.go:99] no RequestInfo found in the context
2025-01-29 13:38:10,670 INFO c.h.h.t.HelmChartContainer - [K3S] [handler_proxy.go:99] no RequestInfo found in the context
2025-01-29 13:38:10,670 INFO c.h.h.t.HelmChartContainer - [K3S] [controller.go:102] "Unhandled Error" err=<
2025-01-29 13:38:10,670 INFO c.h.h.t.HelmChartContainer - [K3S] 	, Header: map[Content-Type:[text/plain; charset=utf-8] X-Content-Type-Options:[nosniff]]
2025-01-29 13:38:10,670 INFO c.h.h.t.HelmChartContainer - [K3S]  >
2025-01-29 13:38:11,252 INFO c.h.h.t.HelmChartContainer - [K3S] [configmap.go:193] Couldn't get configMap kube-system/coredns-custom: failed to sync configmap cache: timed out waiting for the condition
2025-01-29 13:38:11,253 INFO c.h.h.t.HelmChartContainer - [K3S] [nestedpendingoperations.go:348] Operation for "{volumeName:kubernetes.io/configmap/596db524-98a7-41c0-993a-775b8c283a22-custom-config-volume podName:596db524-98a7-41c0-993a-775b8c283a22 nodeName:}" failed. No retries permitted until 2025-01-29 13:38:11.752296167 +0000 UTC m=+11.101139201 (durationBeforeRetry 500ms). Error: MountVolume.SetUp failed for volume "custom-config-volume" (UniqueName: "kubernetes.io/configmap/596db524-98a7-41c0-993a-775b8c283a22-custom-config-volume") pod "coredns-ff8999cc5-x67p8" (UID: "596db524-98a7-41c0-993a-775b8c283a22") : failed to sync configmap cache: timed out waiting for the condition
2025-01-29 13:38:11,261 INFO c.h.h.t.HelmChartContainer - [K3S] [projected.go:288] Couldn't get configMap kube-system/kube-root-ca.crt: failed to sync configmap cache: timed out waiting for the condition
2025-01-29 13:38:11,261 INFO c.h.h.t.HelmChartContainer - [K3S] [projected.go:194] Error preparing data for projected volume kube-api-access-x2mwt for pod kube-system/local-path-provisioner-698b58967b-ccrjt: failed to sync configmap cache: timed out waiting for the condition
2025-01-29 13:38:11,261 INFO c.h.h.t.HelmChartContainer - [K3S] [nestedpendingoperations.go:348] Operation for "{volumeName:kubernetes.io/projected/dfcce6cc-f0a5-4a99-a566-2be522f20296-kube-api-access-x2mwt podName:dfcce6cc-f0a5-4a99-a566-2be522f20296 nodeName:}" failed. No retries permitted until 2025-01-29 13:38:11.760019091 +0000 UTC m=+11.108862115 (durationBeforeRetry 500ms). Error: MountVolume.SetUp failed for volume "kube-api-access-x2mwt" (UniqueName: "kubernetes.io/projected/dfcce6cc-f0a5-4a99-a566-2be522f20296-kube-api-access-x2mwt") pod "local-path-provisioner-698b58967b-ccrjt" (UID: "dfcce6cc-f0a5-4a99-a566-2be522f20296") : failed to sync configmap cache: timed out waiting for the condition
2025-01-29 13:38:11,261 INFO c.h.h.t.HelmChartContainer - [K3S] [projected.go:288] Couldn't get configMap kube-system/kube-root-ca.crt: failed to sync configmap cache: timed out waiting for the condition
2025-01-29 13:38:11,261 INFO c.h.h.t.HelmChartContainer - [K3S] [projected.go:194] Error preparing data for projected volume kube-api-access-dmm5v for pod kube-system/coredns-ff8999cc5-x67p8: failed to sync configmap cache: timed out waiting for the condition
2025-01-29 13:38:11,261 INFO c.h.h.t.HelmChartContainer - [K3S] [nestedpendingoperations.go:348] Operation for "{volumeName:kubernetes.io/projected/596db524-98a7-41c0-993a-775b8c283a22-kube-api-access-dmm5v podName:596db524-98a7-41c0-993a-775b8c283a22 nodeName:}" failed. No retries permitted until 2025-01-29 13:38:11.760080375 +0000 UTC m=+11.108923390 (durationBeforeRetry 500ms). Error: MountVolume.SetUp failed for volume "kube-api-access-dmm5v" (UniqueName: "kubernetes.io/projected/596db524-98a7-41c0-993a-775b8c283a22-kube-api-access-dmm5v") pod "coredns-ff8999cc5-x67p8" (UID: "596db524-98a7-41c0-993a-775b8c283a22") : failed to sync configmap cache: timed out waiting for the condition
2025-01-29 13:38:11,262 INFO c.h.h.t.HelmChartContainer - [K3S] [projected.go:288] Couldn't get configMap kube-system/kube-root-ca.crt: failed to sync configmap cache: timed out waiting for the condition
2025-01-29 13:38:11,263 INFO c.h.h.t.HelmChartContainer - [K3S] [projected.go:194] Error preparing data for projected volume kube-api-access-6hvp5 for pod kube-system/metrics-server-8584b5786c-fgw2q: failed to sync configmap cache: timed out waiting for the condition
2025-01-29 13:38:11,263 INFO c.h.h.t.HelmChartContainer - [K3S] [nestedpendingoperations.go:348] Operation for "{volumeName:kubernetes.io/projected/429fe269-2deb-45b1-ba12-4b291b0ca483-kube-api-access-6hvp5 podName:429fe269-2deb-45b1-ba12-4b291b0ca483 nodeName:}" failed. No retries permitted until 2025-01-29 13:38:11.761964653 +0000 UTC m=+11.110807677 (durationBeforeRetry 500ms). Error: MountVolume.SetUp failed for volume "kube-api-access-6hvp5" (UniqueName: "kubernetes.io/projected/429fe269-2deb-45b1-ba12-4b291b0ca483-kube-api-access-6hvp5") pod "metrics-server-8584b5786c-fgw2q" (UID: "429fe269-2deb-45b1-ba12-4b291b0ca483") : failed to sync configmap cache: timed out waiting for the condition
2025-01-29 13:38:13,402 DEBUG c.h.h.t.HelmChartContainer - Image file loaded 'hivemq-platform-operator.tar'
2025-01-29 13:38:13,775 INFO c.h.h.t.HelmChartContainer - [K3S] [kuberuntime_manager.go:1702] "Updating runtime config through cri with podcidr" CIDR="10.42.0.0/24"
2025-01-29 13:38:13,775 INFO c.h.h.t.HelmChartContainer - [K3S] [kubelet_network.go:61] "Updating Pod CIDR" originalPodCIDR="" newPodCIDR="10.42.0.0/24"
2025-01-29 13:38:13,780 INFO c.h.h.t.HelmChartContainer - [K3S] [range_allocator.go:247] "Successfully synced" key="cc060c47c65d"
2025-01-29 13:38:13,927 DEBUG c.h.h.t.HelmChartContainer - Image file loaded 'hivemq-platform-operator-init.tar'
2025-01-29 13:38:16,386 INFO c.h.h.t.HelmChartContainer - [K3S] [replica_set.go:679] "Finished syncing" kind="ReplicaSet" key="kube-system/local-path-provisioner-698b58967b" duration="7.675611ms"
2025-01-29 13:38:16,387 INFO c.h.h.t.HelmChartContainer - [K3S] [replica_set.go:679] "Finished syncing" kind="ReplicaSet" key="kube-system/local-path-provisioner-698b58967b" duration="35.455Âµs"
2025-01-29 13:38:17,376 INFO c.h.h.t.HelmChartContainer - [K3S] [replica_set.go:679] "Finished syncing" kind="ReplicaSet" key="kube-system/coredns-ff8999cc5" duration="38.302Âµs"
2025-01-29 13:38:17,409 INFO c.h.h.t.HelmChartContainer - [K3S] [replica_set.go:679] "Finished syncing" kind="ReplicaSet" key="kube-system/coredns-ff8999cc5" duration="19.541576ms"
2025-01-29 13:38:17,409 INFO c.h.h.t.HelmChartContainer - [K3S] [replica_set.go:679] "Finished syncing" kind="ReplicaSet" key="kube-system/coredns-ff8999cc5" duration="42.629Âµs"
2025-01-29 13:38:17,420 INFO c.h.h.t.HelmChartContainer - [K3S] [replica_set.go:679] "Finished syncing" kind="ReplicaSet" key="kube-system/metrics-server-8584b5786c" duration="46.045Âµs"
2025-01-29 13:38:20,506 DEBUG c.h.h.t.HelmChartContainer - Image file loaded 'hivemq-platform.tar'
2025-01-29 13:38:20,506 DEBUG c.h.h.t.HelmChartContainer - Successful Helm chart Container startup
2025-01-29 13:38:20,520 INFO t.localhost/testcontainers/dv7xpzi8sez8plye:latest - Container localhost/testcontainers/dv7xpzi8sez8plye:latest started in PT22.496390275S
2025-01-29 13:38:20,531 DEBUG c.h.h.t.HelmChartContainer - Executing helm command: /bin/helm --kubeconfig /etc/rancher/k3s/k3s.yaml repo add hivemq https://hivemq.github.io/helm-charts
2025-01-29 13:38:21,839 INFO c.h.h.t.HelmChartContainer - [EVENT] Normal [Starting] Starting kubelet. [null:cc060c47c65d]
2025-01-29 13:38:21,840 INFO c.h.h.t.HelmChartContainer - [EVENT] Warning [InvalidDiskCapacity] invalid capacity 0 on image filesystem [null:cc060c47c65d]
2025-01-29 13:38:21,841 INFO c.h.h.t.HelmChartContainer - [EVENT] Normal [NodeHasSufficientMemory] Node cc060c47c65d status is now: NodeHasSufficientMemory [null:cc060c47c65d]
2025-01-29 13:38:21,842 INFO c.h.h.t.HelmChartContainer - [EVENT] Normal [NodeHasNoDiskPressure] Node cc060c47c65d status is now: NodeHasNoDiskPressure [null:cc060c47c65d]
2025-01-29 13:38:21,843 INFO c.h.h.t.HelmChartContainer - [EVENT] Normal [NodeHasSufficientPID] Node cc060c47c65d status is now: NodeHasSufficientPID [null:cc060c47c65d]
2025-01-29 13:38:21,844 INFO c.h.h.t.HelmChartContainer - [EVENT] Normal [NodeAllocatableEnforced] Updated Node Allocatable limit across pods [null:cc060c47c65d]
2025-01-29 13:38:21,846 INFO c.h.h.t.HelmChartContainer - [EVENT] Normal [NodeReady] Node cc060c47c65d status is now: NodeReady [null:cc060c47c65d]
2025-01-29 13:38:21,847 INFO c.h.h.t.HelmChartContainer - [EVENT] Normal [NodePasswordValidationComplete] Deferred node password secret validation complete [null:cc060c47c65d]
2025-01-29 13:38:21,849 INFO c.h.h.t.HelmChartContainer - Saved kubeconfig file on /tmp/kubeconfig-7665606550733486219.yaml
2025-01-29 13:38:21,849 INFO c.h.h.t.HelmChartContainer - HelmChartContainer is started
2025-01-29 13:38:21,848 INFO c.h.h.t.HelmChartContainer - [EVENT] Normal [Synced] Node synced successfully [null:cc060c47c65d]
2025-01-29 13:38:21,850 INFO c.h.h.t.HelmChartContainer - [EVENT] Normal [RegisteredNode] Node cc060c47c65d event: Registered Node cc060c47c65d in Controller [null:cc060c47c65d]
]]></system-out>
  <system-err><![CDATA[]]></system-err>
</testsuite>
