<?xml version="1.0" encoding="UTF-8"?>
<testsuite name="com.hivemq.helmcharts.extensions.HelmBridgeExtensionIT" tests="2" skipped="0" failures="0" errors="0" timestamp="2025-01-30T18:12:44" hostname="fv-az1050-107" time="229.436">
  <properties/>
  <testcase name="withBridgeConfiguration_messageBridged()" classname="com.hivemq.helmcharts.extensions.HelmBridgeExtensionIT" time="116.212">
    <system-out><![CDATA[2025-01-30 18:12:44,341 INFO tc.hivemq/hivemq4:4.36.0 - Creating container for image: hivemq/hivemq4:4.36.0
2025-01-30 18:12:44,553 INFO c.h.h.t.HelmChartContainer - [POD] coredns-ff8999cc5-vhwt4 [d80d2515-8826-41a2-9f63-376b4a88a5d6] in kube-system was ADDED
2025-01-30 18:12:44,555 INFO c.h.h.t.HelmChartContainer - [POD] local-path-provisioner-698b58967b-bgqjg [c89b46f2-133a-468e-ab9a-3a5d9363ba85] in kube-system was ADDED
2025-01-30 18:12:44,557 INFO c.h.h.t.HelmChartContainer - [POD] metrics-server-8584b5786c-js8t4 [8ba8cc10-ecc7-4b60-963d-d99ee3d7d7bc] in kube-system was ADDED
2025-01-30 18:12:46,548 INFO tc.hivemq/hivemq4:4.36.0 - Container hivemq/hivemq4:4.36.0 is starting: 8325cdd10877012ffe6b176c71efd79b32617ceef4b1a92510f761e1a1804b2e
2025-01-30 18:12:53,416 INFO c.h.h.t.HelmChartContainer - [POD] metrics-server-8584b5786c-js8t4 [8ba8cc10-ecc7-4b60-963d-d99ee3d7d7bc] in kube-system was MODIFIED
2025-01-30 18:12:53,425 INFO c.h.h.t.HelmChartContainer - [K3S] [replica_set.go:679] "Finished syncing" kind="ReplicaSet" key="kube-system/metrics-server-8584b5786c" duration="8.727695ms"
2025-01-30 18:12:53,425 INFO c.h.h.t.HelmChartContainer - [K3S] [replica_set.go:679] "Finished syncing" kind="ReplicaSet" key="kube-system/metrics-server-8584b5786c" duration="33.883µs"
2025-01-30 18:12:54,816 INFO tc.hivemq/hivemq4:4.36.0 - Container hivemq/hivemq4:4.36.0 started in PT10.474941721S
2025-01-30 18:12:54,818 INFO c.h.h.t.HelmChartContainer - Creating namespace 'helmbridgeextensionit-operator'...
2025-01-30 18:12:54,896 INFO c.h.h.t.HelmChartContainer - Namespace 'helmbridgeextensionit-operator' created
2025-01-30 18:12:54,896 INFO c.h.h.t.HelmChartContainer - Creating namespace 'helmbridgeextensionit'...
2025-01-30 18:12:54,905 INFO c.h.h.t.HelmChartContainer - Namespace 'helmbridgeextensionit' created
2025-01-30 18:12:54,979 DEBUG c.h.h.t.HelmChartContainer - Executing helm command: /bin/helm --kubeconfig /etc/rancher/k3s/k3s.yaml install test-hivemq-platform-operator /charts/hivemq-platform-operator --wait --timeout 5m0s --set image.repository=docker.io/hivemq --set image.name=hivemq-platform-operator-test --set image.initImageName=hivemq-platform-operator-init-test --set image.tag=snapshot --set image.pullPolicy=Never --set logLevel=DEBUG --set resources.cpu=512m --namespace helmbridgeextensionit-operator
2025-01-30 18:12:56,888 INFO c.h.h.t.HelmChartContainer - [K3S] [range_allocator.go:247] "Successfully synced" key="7c00f4923724"
2025-01-30 18:12:57,325 INFO c.h.h.t.HelmChartContainer - [K3S] [alloc.go:330] "allocated clusterIPs" service="helmbridgeextensionit-operator/hivemq-platform-operator-test-hivemq-platform-operator" clusterIPs={"IPv4":"10.43.122.32"}
2025-01-30 18:12:57,349 INFO c.h.h.t.HelmChartContainer - [EVENT] Normal [ScalingReplicaSet] Scaled up replica set hivemq-test-hivemq-platform-operator-6966f96d65 from 0 to 1 [helmbridgeextensionit-operator:hivemq-test-hivemq-platform-operator]
2025-01-30 18:12:57,374 INFO c.h.h.t.HelmChartContainer - [POD] hivemq-test-hivemq-platform-operator-6966f96d65-6jbh5 [36528a42-435c-4078-9f09-71f2e2917b3b] in helmbridgeextensionit-operator was ADDED
2025-01-30 18:12:57,386 INFO c.h.h.t.HelmChartContainer - [K3S] [replica_set.go:679] "Finished syncing" kind="ReplicaSet" key="helmbridgeextensionit-operator/hivemq-test-hivemq-platform-operator-6966f96d65" duration="40.059269ms"
2025-01-30 18:12:57,389 INFO c.h.h.t.HelmChartContainer - [EVENT] Normal [SuccessfulCreate] Created pod: hivemq-test-hivemq-platform-operator-6966f96d65-6jbh5 [helmbridgeextensionit-operator:hivemq-test-hivemq-platform-operator-6966f96d65]
2025-01-30 18:12:57,390 INFO c.h.h.t.HelmChartContainer - [POD] hivemq-test-hivemq-platform-operator-6966f96d65-6jbh5 [36528a42-435c-4078-9f09-71f2e2917b3b] in helmbridgeextensionit-operator was MODIFIED
2025-01-30 18:12:57,395 INFO c.h.h.t.HelmChartContainer - [EVENT] Normal [Scheduled] Successfully assigned helmbridgeextensionit-operator/hivemq-test-hivemq-platform-operator-6966f96d65-6jbh5 to 7c00f4923724 [helmbridgeextensionit-operator:hivemq-test-hivemq-platform-operator-6966f96d65-6jbh5]
2025-01-30 18:12:57,418 INFO c.h.h.t.HelmChartContainer - [K3S] [reconciler_common.go:251] "operationExecutor.VerifyControllerAttachedVolume started for volume \"kube-api-access-wv5nn\" (UniqueName: \"kubernetes.io/projected/36528a42-435c-4078-9f09-71f2e2917b3b-kube-api-access-wv5nn\") pod \"hivemq-test-hivemq-platform-operator-6966f96d65-6jbh5\" (UID: \"36528a42-435c-4078-9f09-71f2e2917b3b\") " pod="helmbridgeextensionit-operator/hivemq-test-hivemq-platform-operator-6966f96d65-6jbh5"
2025-01-30 18:12:57,423 INFO c.h.h.t.HelmChartContainer - [POD] hivemq-test-hivemq-platform-operator-6966f96d65-6jbh5 [36528a42-435c-4078-9f09-71f2e2917b3b] in helmbridgeextensionit-operator was MODIFIED
2025-01-30 18:12:57,424 INFO c.h.h.t.HelmChartContainer - [K3S] [replica_set.go:679] "Finished syncing" kind="ReplicaSet" key="helmbridgeextensionit-operator/hivemq-test-hivemq-platform-operator-6966f96d65" duration="39.863024ms"
2025-01-30 18:12:57,441 INFO c.h.h.t.HelmChartContainer - [K3S] [replica_set.go:679] "Finished syncing" kind="ReplicaSet" key="helmbridgeextensionit-operator/hivemq-test-hivemq-platform-operator-6966f96d65" duration="15.218952ms"
2025-01-30 18:12:57,441 INFO c.h.h.t.HelmChartContainer - [K3S] [replica_set.go:679] "Finished syncing" kind="ReplicaSet" key="helmbridgeextensionit-operator/hivemq-test-hivemq-platform-operator-6966f96d65" duration="51.967µs"
2025-01-30 18:12:57,783 INFO c.h.h.t.HelmChartContainer - [EVENT] Normal [Pulled] Container image "docker.io/hivemq/hivemq-platform-operator-test:snapshot" already present on machine [helmbridgeextensionit-operator:hivemq-test-hivemq-platform-operator-6966f96d65-6jbh5]
2025-01-30 18:12:57,784 INFO c.h.h.t.HelmChartContainer - Received Pulled event for container hivemq-platform-operator in pod hivemq-test-hivemq-platform-operator-6966f96d65-6jbh5 [36528a42-435c-4078-9f09-71f2e2917b3b]
2025-01-30 18:12:57,793 INFO c.h.h.t.HelmChartContainer - [EVENT] Normal [Created] Created container: hivemq-platform-operator [helmbridgeextensionit-operator:hivemq-test-hivemq-platform-operator-6966f96d65-6jbh5]
2025-01-30 18:12:57,793 INFO c.h.h.t.HelmChartContainer - Received Created event for container hivemq-platform-operator in pod hivemq-test-hivemq-platform-operator-6966f96d65-6jbh5 [36528a42-435c-4078-9f09-71f2e2917b3b]
2025-01-30 18:12:58,456 INFO c.h.h.t.HelmChartContainer - [K3S] [replica_set.go:679] "Finished syncing" kind="ReplicaSet" key="helmbridgeextensionit-operator/hivemq-test-hivemq-platform-operator-6966f96d65" duration="41.196µs"
2025-01-30 18:12:58,457 INFO c.h.h.t.HelmChartContainer - [POD] hivemq-test-hivemq-platform-operator-6966f96d65-6jbh5 [36528a42-435c-4078-9f09-71f2e2917b3b] in helmbridgeextensionit-operator was MODIFIED
2025-01-30 18:12:58,481 INFO c.h.h.t.HelmChartContainer - [EVENT] Normal [Started] Started container hivemq-platform-operator [helmbridgeextensionit-operator:hivemq-test-hivemq-platform-operator-6966f96d65-6jbh5]
2025-01-30 18:12:58,481 INFO c.h.h.t.HelmChartContainer - Received Started event for container hivemq-platform-operator in pod hivemq-test-hivemq-platform-operator-6966f96d65-6jbh5 [36528a42-435c-4078-9f09-71f2e2917b3b]
2025-01-30 18:12:58,481 INFO c.h.h.t.HelmChartContainer - Started log watcher for hivemq-platform-operator in pod hivemq-test-hivemq-platform-operator-6966f96d65-6jbh5 [36528a42-435c-4078-9f09-71f2e2917b3b]
2025-01-30 18:12:58,482 INFO c.h.h.t.HelmChartContainer - [hivemq-test-hivemq-platform] [hivemq-platform-operator] [36528a42] -------------------------------------------------------------------------
2025-01-30 18:12:58,482 INFO c.h.h.t.HelmChartContainer - [hivemq-test-hivemq-platform] [hivemq-platform-operator] [36528a42] 
2025-01-30 18:12:58,482 INFO c.h.h.t.HelmChartContainer - [hivemq-test-hivemq-platform] [hivemq-platform-operator] [36528a42]                   _    _  _              __  __   ____
2025-01-30 18:12:58,482 INFO c.h.h.t.HelmChartContainer - [hivemq-test-hivemq-platform] [hivemq-platform-operator] [36528a42]                  | |  | |(_)            |  \/  | / __ \
2025-01-30 18:12:58,482 INFO c.h.h.t.HelmChartContainer - [hivemq-test-hivemq-platform] [hivemq-platform-operator] [36528a42]                  | |__| | _ __   __ ___ | \  / || |  | |
2025-01-30 18:12:58,482 INFO c.h.h.t.HelmChartContainer - [hivemq-test-hivemq-platform] [hivemq-platform-operator] [36528a42]                  |  __  || |\ \ / // _ \| |\/| || |  | |
2025-01-30 18:12:58,482 INFO c.h.h.t.HelmChartContainer - [hivemq-test-hivemq-platform] [hivemq-platform-operator] [36528a42]                  | |  | || | \ V /|  __/| |  | || |__| |
2025-01-30 18:12:58,482 INFO c.h.h.t.HelmChartContainer - [hivemq-test-hivemq-platform] [hivemq-platform-operator] [36528a42]                  |_|  |_||_|  \_/  \___||_|  |_| \___\_\
2025-01-30 18:12:58,482 INFO c.h.h.t.HelmChartContainer - [hivemq-test-hivemq-platform] [hivemq-platform-operator] [36528a42] 
2025-01-30 18:12:58,482 INFO c.h.h.t.HelmChartContainer - [hivemq-test-hivemq-platform] [hivemq-platform-operator] [36528a42] -------------------------------------------------------------------------
2025-01-30 18:12:58,482 INFO c.h.h.t.HelmChartContainer - [hivemq-test-hivemq-platform] [hivemq-platform-operator] [36528a42] 
2025-01-30 18:12:58,482 INFO c.h.h.t.HelmChartContainer - [hivemq-test-hivemq-platform] [hivemq-platform-operator] [36528a42]   HiveMQ Platform Operator Start Script v1.0
2025-01-30 18:12:58,482 INFO c.h.h.t.HelmChartContainer - [hivemq-test-hivemq-platform] [hivemq-platform-operator] [36528a42] 
2025-01-30 18:12:58,482 INFO c.h.h.t.HelmChartContainer - [hivemq-test-hivemq-platform] [hivemq-platform-operator] [36528a42] -------------------------------------------------------------------------
2025-01-30 18:12:58,482 INFO c.h.h.t.HelmChartContainer - [hivemq-test-hivemq-platform] [hivemq-platform-operator] [36528a42] 
2025-01-30 18:12:58,482 INFO c.h.h.t.HelmChartContainer - [hivemq-test-hivemq-platform] [hivemq-platform-operator] [36528a42]   JAVA_OPTS: -XX:+UnlockExperimentalVMOptions -XX:InitialRAMPercentage=75 -XX:MaxRAMPercentage=75 -Duser.language=en -Duser.region=US
2025-01-30 18:12:58,482 INFO c.h.h.t.HelmChartContainer - [hivemq-test-hivemq-platform] [hivemq-platform-operator] [36528a42] 
2025-01-30 18:12:58,482 INFO c.h.h.t.HelmChartContainer - [hivemq-test-hivemq-platform] [hivemq-platform-operator] [36528a42]   JAVA_VERSION: 21
2025-01-30 18:12:58,482 INFO c.h.h.t.HelmChartContainer - [hivemq-test-hivemq-platform] [hivemq-platform-operator] [36528a42] 
2025-01-30 18:12:58,482 INFO c.h.h.t.HelmChartContainer - [hivemq-test-hivemq-platform] [hivemq-platform-operator] [36528a42] -------------------------------------------------------------------------
2025-01-30 18:12:58,482 INFO c.h.h.t.HelmChartContainer - [hivemq-test-hivemq-platform] [hivemq-platform-operator] [36528a42] 
2025-01-30 18:13:01,140 INFO c.h.h.t.HelmChartContainer - [hivemq-test-hivemq-platform] [hivemq-platform-operator] [36528a42] 18:13:01.137 [main] DEBUG org.jboss.logging - Logging Provider: org.jboss.logging.Slf4jLoggerProvider
2025-01-30 18:13:01,249 INFO c.h.h.t.HelmChartContainer - [hivemq-test-hivemq-platform] [hivemq-platform-operator] [36528a42] 18:13:01.248 [main] DEBUG io.smallrye.config - SRCFG01006: Loaded ConfigSource SysPropConfigSource with ordinal 400
2025-01-30 18:13:01,250 INFO c.h.h.t.HelmChartContainer - [hivemq-test-hivemq-platform] [hivemq-platform-operator] [36528a42] 18:13:01.249 [main] DEBUG io.smallrye.config - SRCFG01006: Loaded ConfigSource EnvConfigSource with ordinal 300
2025-01-30 18:13:01,250 INFO c.h.h.t.HelmChartContainer - [hivemq-test-hivemq-platform] [hivemq-platform-operator] [36528a42] 18:13:01.249 [main] DEBUG io.smallrye.config - SRCFG01006: Loaded ConfigSource PropertiesConfigSource[source=jar:file:///opt/hivemq-platform-operator/bin/hivemq-platform-operator.jar!/hivemq-platform-operator.properties] with ordinal 100
2025-01-30 18:13:01,251 INFO c.h.h.t.HelmChartContainer - [hivemq-test-hivemq-platform] [hivemq-platform-operator] [36528a42] 18:13:01.249 [main] DEBUG io.smallrye.config - SRCFG01006: Loaded ConfigSource DefaultValuesConfigSource with ordinal -2147483648
2025-01-30 18:13:01,357 INFO c.h.h.t.HelmChartContainer - [hivemq-test-hivemq-platform] [hivemq-platform-operator] [36528a42] 18:13:01.355 [main] DEBUG i.m.c.u.i.l.InternalLoggerFactory - Using SLF4J as the default logging framework
2025-01-30 18:13:01,454 INFO c.h.h.t.HelmChartContainer - [hivemq-test-hivemq-platform] [hivemq-platform-operator] [36528a42] 18:13:01.445 [main] INFO  c.h.p.o.HiveMQPlatformOperatorApplication - HiveMQ Platform Operator 1.7.0-SNAPSHOT (commit: 47e3375 on branch: HEAD) built on Thu Jan 30 03:55:50 UTC 2025
2025-01-30 18:13:01,455 INFO c.h.h.t.HelmChartContainer - [hivemq-test-hivemq-platform] [hivemq-platform-operator] [36528a42] 18:13:01.454 [main] INFO  c.h.p.o.HiveMQPlatformOperatorApplication - HiveMQ Platform Operator is running in namespace: helmbridgeextensionit-operator
2025-01-30 18:13:01,455 INFO c.h.h.t.HelmChartContainer - [hivemq-test-hivemq-platform] [hivemq-platform-operator] [36528a42] 18:13:01.454 [main] INFO  c.h.p.o.HiveMQPlatformOperatorApplication - Watching all namespaces
2025-01-30 18:13:01,457 INFO c.h.h.t.HelmChartContainer - [hivemq-test-hivemq-platform] [hivemq-platform-operator] [36528a42] 18:13:01.454 [main] INFO  c.h.p.o.HiveMQPlatformOperatorApplication - Log level: DEBUG
2025-01-30 18:13:01,457 INFO c.h.h.t.HelmChartContainer - [hivemq-test-hivemq-platform] [hivemq-platform-operator] [36528a42] 18:13:01.454 [main] INFO  c.h.p.o.HiveMQPlatformOperatorApplication - Release name: test-hivemq-platform-operator
2025-01-30 18:13:01,457 INFO c.h.h.t.HelmChartContainer - [hivemq-test-hivemq-platform] [hivemq-platform-operator] [36528a42] 18:13:01.454 [main] INFO  c.h.p.o.HiveMQPlatformOperatorApplication - HiveMQ Platform Operator Init image: docker.io/hivemq/hivemq-platform-operator-init-test:snapshot
2025-01-30 18:13:01,457 INFO c.h.h.t.HelmChartContainer - [hivemq-test-hivemq-platform] [hivemq-platform-operator] [36528a42] 18:13:01.454 [main] INFO  c.h.p.o.HiveMQPlatformOperatorApplication - HiveMQ Platform Operator Init App update URL: http://hivemq-platform-operator-test-hivemq-platform-operator.helmbridgeextensionit-operator.svc:8080/initAppUpdate/hivemq-platform-operator-init-app-1.7.0-SNAPSHOT.jar
2025-01-30 18:13:01,457 INFO c.h.h.t.HelmChartContainer - [hivemq-test-hivemq-platform] [hivemq-platform-operator] [36528a42] 18:13:01.454 [main] INFO  c.h.p.o.HiveMQPlatformOperatorApplication - Additional imagePullSecret for all Platform deployments: none
2025-01-30 18:13:01,457 INFO c.h.h.t.HelmChartContainer - [hivemq-test-hivemq-platform] [hivemq-platform-operator] [36528a42] 18:13:01.454 [main] INFO  c.h.p.o.HiveMQPlatformOperatorApplication - Apply HiveMQ Platform CRD: true
2025-01-30 18:13:01,457 INFO c.h.h.t.HelmChartContainer - [hivemq-test-hivemq-platform] [hivemq-platform-operator] [36528a42] 18:13:01.454 [main] INFO  c.h.p.o.HiveMQPlatformOperatorApplication - Create Platform ServiceAccount: true
2025-01-30 18:13:01,457 INFO c.h.h.t.HelmChartContainer - [hivemq-test-hivemq-platform] [hivemq-platform-operator] [36528a42] 18:13:01.455 [main] INFO  c.h.p.o.HiveMQPlatformOperatorApplication - Create Platform ServiceAccount permissions: true
2025-01-30 18:13:01,457 INFO c.h.h.t.HelmChartContainer - [hivemq-test-hivemq-platform] [hivemq-platform-operator] [36528a42] 18:13:01.455 [main] INFO  c.h.p.o.HiveMQPlatformOperatorApplication - Validate Platform ServiceAccount: true
2025-01-30 18:13:01,457 INFO c.h.h.t.HelmChartContainer - [hivemq-test-hivemq-platform] [hivemq-platform-operator] [36528a42] 18:13:01.455 [main] INFO  c.h.p.o.HiveMQPlatformOperatorApplication - Validate Platform ServiceAccount permissions: true
2025-01-30 18:13:01,602 INFO c.h.h.t.HelmChartContainer - [hivemq-test-hivemq-platform] [hivemq-platform-operator] [36528a42] 18:13:01.601 [main] INFO  c.h.platform.operator.util.CRDUtil - Verifying deployed HiveMQ Platform CRD...
2025-01-30 18:13:04,201 INFO c.h.h.t.HelmChartContainer - [hivemq-test-hivemq-platform] [hivemq-platform-operator] [36528a42] 18:13:04.200 [main] DEBUG c.h.platform.operator.util.CRDUtil - HiveMQ Platform CRD version v1 is up to date
2025-01-30 18:13:04,201 INFO c.h.h.t.HelmChartContainer - [hivemq-test-hivemq-platform] [hivemq-platform-operator] [36528a42] 18:13:04.200 [main] INFO  c.h.platform.operator.util.CRDUtil - HiveMQ Platform CRD is up to date (version: V1_6_0)
2025-01-30 18:13:04,201 INFO c.h.h.t.HelmChartContainer - [hivemq-test-hivemq-platform] [hivemq-platform-operator] [36528a42] 18:13:04.200 [main] INFO  c.h.platform.operator.util.CRDUtil - Waiting 10000 ms for HiveMQ Platform CRD 'hivemq-platforms.hivemq.com' to become ready...
2025-01-30 18:13:04,443 INFO c.h.h.t.HelmChartContainer - [hivemq-test-hivemq-platform] [hivemq-platform-operator] [36528a42] 18:13:04.441 [vert.x-eventloop-thread-1] DEBUG c.h.platform.operator.util.CRDUtil - Checking CRD condition 'NamesAccepted' (status: 'True')
2025-01-30 18:13:04,444 INFO c.h.h.t.HelmChartContainer - [hivemq-test-hivemq-platform] [hivemq-platform-operator] [36528a42] 18:13:04.441 [vert.x-eventloop-thread-1] DEBUG c.h.platform.operator.util.CRDUtil - Checking CRD condition 'Established' (status: 'True')
2025-01-30 18:13:04,444 INFO c.h.h.t.HelmChartContainer - [hivemq-test-hivemq-platform] [hivemq-platform-operator] [36528a42] 18:13:04.442 [main] INFO  c.h.platform.operator.util.CRDUtil - HiveMQ Platform CRD 'hivemq-platforms.hivemq.com' is ready
2025-01-30 18:13:04,646 INFO c.h.h.t.HelmChartContainer - [hivemq-test-hivemq-platform] [hivemq-platform-operator] [36528a42] 18:13:04.645 [main] INFO  c.h.p.o.HiveMQPlatformReconciler - HiveMQ Platform Operator is starting...
2025-01-30 18:13:04,736 INFO c.h.h.t.HelmChartContainer - [hivemq-test-hivemq-platform] [hivemq-platform-operator] [36528a42] 18:13:04.734 [main] WARN  Default ConfigurationService implementation - Configuration for reconciler 'hivemq-controller' was not found. Known reconcilers: None.
2025-01-30 18:13:04,743 INFO c.h.h.t.HelmChartContainer - [hivemq-test-hivemq-platform] [hivemq-platform-operator] [36528a42] 18:13:04.742 [main] INFO  Default ConfigurationService implementation - Created configuration for reconciler com.hivemq.platform.operator.HiveMQPlatformReconciler with name hivemq-controller
2025-01-30 18:13:04,842 INFO c.h.h.t.HelmChartContainer - [hivemq-test-hivemq-platform] [hivemq-platform-operator] [36528a42] 18:13:04.841 [main] DEBUG c.h.p.o.HiveMQPlatformReconciler - HiveMQ Platform Operator is preparing EventSources
2025-01-30 18:13:04,901 INFO c.h.h.t.HelmChartContainer - [hivemq-test-hivemq-platform] [hivemq-platform-operator] [36528a42] 18:13:04.900 [main] INFO  i.javaoperatorsdk.operator.Operator - Registered reconciler: 'hivemq-controller' for resource: 'class com.hivemq.platform.operator.v1.HiveMQPlatform' for namespace(s): [all namespaces]
2025-01-30 18:13:05,437 INFO c.h.h.t.HelmChartContainer - [hivemq-test-hivemq-platform] [hivemq-platform-operator] [36528a42] 18:13:05.436 [main] INFO  c.h.p.operator.webserver.JettyServer - Starting Jetty server on port 8080
2025-01-30 18:13:05,537 INFO c.h.h.t.HelmChartContainer - [hivemq-test-hivemq-platform] [hivemq-platform-operator] [36528a42] 18:13:05.536 [main] INFO  i.javaoperatorsdk.operator.Operator - Operator SDK 4.9.7 (commit: 2133d28) built on Wed Nov 20 12:56:20 UTC 2024 starting...
2025-01-30 18:13:05,537 INFO c.h.h.t.HelmChartContainer - [hivemq-test-hivemq-platform] [hivemq-platform-operator] [36528a42] 18:13:05.536 [main] INFO  i.javaoperatorsdk.operator.Operator - Client version: 6.13.5
2025-01-30 18:13:05,539 INFO c.h.h.t.HelmChartContainer - [hivemq-test-hivemq-platform] [hivemq-platform-operator] [36528a42] 18:13:05.537 [Controller Starter for: hivemq-controller] INFO  i.j.operator.processing.Controller - Starting 'hivemq-controller' controller for reconciler: com.hivemq.platform.operator.HiveMQPlatformReconciler, resource: com.hivemq.platform.operator.v1.HiveMQPlatform
2025-01-30 18:13:08,044 INFO c.h.h.t.HelmChartContainer - [hivemq-test-hivemq-platform] [hivemq-platform-operator] [36528a42] 18:13:08.043 [Controller Starter for: hivemq-controller] INFO  i.j.operator.processing.Controller - 'hivemq-controller' controller started
2025-01-30 18:13:08,101 INFO c.h.h.t.HelmChartContainer - [hivemq-test-hivemq-platform] [hivemq-platform-operator] [36528a42] 18:13:08.099 [main] INFO  c.h.p.o.HiveMQPlatformOperatorApplication - HiveMQ Platform Operator 1.7.0-SNAPSHOT started in 6654 ms
2025-01-30 18:13:09,465 INFO c.h.h.t.HelmChartContainer - [POD] hivemq-test-hivemq-platform-operator-6966f96d65-6jbh5 [36528a42-435c-4078-9f09-71f2e2917b3b] in helmbridgeextensionit-operator was MODIFIED
2025-01-30 18:13:09,474 INFO c.h.h.t.HelmChartContainer - [K3S] [replica_set.go:679] "Finished syncing" kind="ReplicaSet" key="helmbridgeextensionit-operator/hivemq-test-hivemq-platform-operator-6966f96d65" duration="10.478656ms"
2025-01-30 18:13:09,474 INFO c.h.h.t.HelmChartContainer - [K3S] [replica_set.go:679] "Finished syncing" kind="ReplicaSet" key="helmbridgeextensionit-operator/hivemq-test-hivemq-platform-operator-6966f96d65" duration="33.893µs"
2025-01-30 18:13:11,477 DEBUG c.h.h.t.HelmChartContainer - Executing helm command: /bin/helm --kubeconfig /etc/rancher/k3s/k3s.yaml install test-hivemq-platform /charts/hivemq-platform --wait --timeout 5m0s --set image.repository=docker.io/hivemq --set image.tag=4.36.0 --set image.pullPolicy=Never --set nodes.resources.cpu=512m -f /files/bridge-values.yaml --namespace helmbridgeextensionit
2025-01-30 18:13:11,708 INFO c.h.h.t.HelmChartContainer - [hivemq-test-hivemq-platform] [hivemq-platform-operator] [36528a42] 18:13:11.707 [-2082509879-pool-1-thread-2] WARN  i.m.p.PrometheusMeterRegistry - The meter (MeterId{name='operator.sdk.events.received', tags=[tag(action=ADDED),tag(event=ResourceEvent),tag(group=hivemq.com),tag(kind=HiveMQPlatform),tag(name=test-hivemq-platform),tag(namespace=helmbridgeextensionit),tag(scope=namespace),tag(version=v1)]}) registration has failed: Prometheus requires that all meters with the same name have the same set of tag keys. There is already an existing meter named 'operator.sdk.events.received' containing tag keys [event, group, kind, name, namespace, scope, version]. The meter you are attempting to register has keys [action, event, group, kind, name, namespace, scope, version]. Note that subsequent logs will be logged at debug level.
2025-01-30 18:13:12,140 INFO c.h.h.t.HelmChartContainer - [hivemq-test-hivemq-platform] [hivemq-platform-operator] [36528a42] 18:13:12.138 [pool-6-thread-3] DEBUG c.h.p.o.dependants.PodInfoConfigMap - [helmbrid] Desired PodInfo ConfigMap (1 extensions) (1 enabled)
2025-01-30 18:13:12,141 INFO c.h.h.t.HelmChartContainer - [hivemq-test-hivemq-platform] [hivemq-platform-operator] [36528a42] 18:13:12.139 [pool-6-thread-3] DEBUG c.h.p.o.dependants.PodInfoConfigMap - [helmbrid] Desired PodInfo ConfigMap (metrics port: 9399) (metrics path: /)
2025-01-30 18:13:12,141 INFO c.h.h.t.HelmChartContainer - [hivemq-test-hivemq-platform] [hivemq-platform-operator] [36528a42] 18:13:12.139 [pool-6-thread-3] DEBUG c.h.p.o.dependants.PodInfoConfigMap - [helmbrid] Desired PodInfo ConfigMap (extension state hash: 1079797684)
2025-01-30 18:13:12,142 INFO c.h.h.t.HelmChartContainer - [hivemq-test-hivemq-platform] [hivemq-platform-operator] [36528a42] 18:13:12.141 [pool-6-thread-3] DEBUG c.h.p.o.dependants.PodInfoConfigMap - [helmbrid] Create PodInfo ConfigMap
2025-01-30 18:13:12,245 INFO c.h.h.t.HelmChartContainer - [hivemq-test-hivemq-platform] [hivemq-platform-operator] [36528a42] 18:13:12.242 [pool-6-thread-5] DEBUG c.h.p.o.dependants.PodRoleResource - [helmbrid] Create Role: Role(apiVersion=rbac.authorization.k8s.io/v1, kind=Role, metadata=ObjectMeta(annotations={meta.helm.sh/release-name=test-hivemq-platform, meta.helm.sh/release-namespace=helmbridgeextensionit}, creationTimestamp=null, deletionGracePeriodSeconds=null, deletionTimestamp=null, finalizers=[], generateName=null, generation=null, labels={helm.sh/chart=hivemq-platform-0.2.32, app.kubernetes.io/managed-by=Helm, app.kubernetes.io/name=hivemq-platform, hivemq-platform=test-hivemq-platform, app.kubernetes.io/instance=test-hivemq-platform, app.kubernetes.io/version=4.36.0}, managedFields=[], name=hivemq-platform-role-test-hivemq-platform, namespace=helmbridgeextensionit, ownerReferences=[OwnerReference(apiVersion=hivemq.com/v1, blockOwnerDeletion=null, controller=null, kind=HiveMQPlatform, name=test-hivemq-platform, uid=a929db3d-5c80-47f7-b1a8-a3d98a825a04, additionalProperties={})], resourceVersion=null, selfLink=null, uid=null, additionalProperties={}), rules=[PolicyRule(apiGroups=[], nonResourceURLs=[], resourceNames=[], resources=[pods], verbs=[get, patch, update], additionalProperties={})], additionalProperties={})
2025-01-30 18:13:12,434 INFO c.h.h.t.HelmChartContainer - [hivemq-test-hivemq-platform] [hivemq-platform-operator] [36528a42] 18:13:12.401 [pool-6-thread-7] DEBUG c.h.p.o.d.PodServiceAccountResource - [helmbrid] Desired PodServiceAccountResource (serviceAccountName: hivemq-platform-pod-test-hivemq-platform)
2025-01-30 18:13:12,435 INFO c.h.h.t.HelmChartContainer - [hivemq-test-hivemq-platform] [hivemq-platform-operator] [36528a42] 18:13:12.433 [pool-6-thread-7] DEBUG c.h.p.o.d.PodServiceAccountResource - [helmbrid] Create ServiceAccount 'hivemq-platform-pod-test-hivemq-platform'
2025-01-30 18:13:12,541 INFO c.h.h.t.HelmChartContainer - [hivemq-test-hivemq-platform] [hivemq-platform-operator] [36528a42] 18:13:12.539 [pool-6-thread-10] DEBUG c.h.p.o.d.PodRoleBindingResource - [helmbrid] Create RoleBinding: RoleBinding(apiVersion=rbac.authorization.k8s.io/v1, kind=RoleBinding, metadata=ObjectMeta(annotations={meta.helm.sh/release-name=test-hivemq-platform, meta.helm.sh/release-namespace=helmbridgeextensionit}, creationTimestamp=null, deletionGracePeriodSeconds=null, deletionTimestamp=null, finalizers=[], generateName=null, generation=null, labels={helm.sh/chart=hivemq-platform-0.2.32, app.kubernetes.io/managed-by=Helm, app.kubernetes.io/name=hivemq-platform, hivemq-platform=test-hivemq-platform, app.kubernetes.io/instance=test-hivemq-platform, app.kubernetes.io/version=4.36.0}, managedFields=[], name=hivemq-platform-role-binding-test-hivemq-platform, namespace=helmbridgeextensionit, ownerReferences=[OwnerReference(apiVersion=hivemq.com/v1, blockOwnerDeletion=null, controller=null, kind=HiveMQPlatform, name=test-hivemq-platform, uid=a929db3d-5c80-47f7-b1a8-a3d98a825a04, additionalProperties={})], resourceVersion=null, selfLink=null, uid=null, additionalProperties={}), roleRef=RoleRef(apiGroup=rbac.authorization.k8s.io, kind=Role, name=hivemq-platform-role-test-hivemq-platform, additionalProperties={}), subjects=[Subject(apiGroup=null, kind=ServiceAccount, name=hivemq-platform-pod-test-hivemq-platform, namespace=helmbridgeextensionit, additionalProperties={})], additionalProperties={})
2025-01-30 18:13:12,601 INFO c.h.h.t.HelmChartContainer - [hivemq-test-hivemq-platform] [hivemq-platform-operator] [36528a42] 18:13:12.600 [ReconcilerExecutor-hivemq-controller-54] INFO  c.h.p.o.HiveMQPlatformReconciler - [helmbrid] Reconciling HiveMQ Platform 'test-hivemq-platform' in namespace 'helmbridgeextensionit'
2025-01-30 18:13:12,602 INFO c.h.h.t.HelmChartContainer - [hivemq-test-hivemq-platform] [hivemq-platform-operator] [36528a42] 18:13:12.601 [ReconcilerExecutor-hivemq-controller-54] DEBUG c.h.p.o.HiveMQPlatformReconciler - [helmbrid] Custom Resource Status CREATED - HiveMQ Platform was created (READY)
2025-01-30 18:13:12,602 INFO c.h.h.t.HelmChartContainer - [hivemq-test-hivemq-platform] [hivemq-platform-operator] [36528a42] 18:13:12.601 [ReconcilerExecutor-hivemq-controller-54] DEBUG c.h.p.o.HiveMQPlatformReconciler - [helmbrid] Custom Resource Spec (replicas: 1) (extensions: 1)
2025-01-30 18:13:12,607 INFO c.h.h.t.HelmChartContainer - [hivemq-test-hivemq-platform] [hivemq-platform-operator] [36528a42] 18:13:12.606 [ReconcilerExecutor-hivemq-controller-54] INFO  c.h.p.o.h.HiveMQPlatformReconcilerBaseHandler - [helmbrid] HiveMQ Platform is starting
2025-01-30 18:13:12,739 INFO c.h.h.t.HelmChartContainer - [hivemq-test-hivemq-platform] [hivemq-platform-operator] [36528a42] 18:13:12.738 [ReconcilerExecutor-hivemq-controller-54] DEBUG c.h.p.operator.event.EventSender - [helmbrid] Creating K8s event hivemq-platform-starting: [Start] HiveMQ Platform is starting
2025-01-30 18:13:12,748 INFO c.h.h.t.HelmChartContainer - [EVENT] Normal [Start] HiveMQ Platform is starting [helmbridgeextensionit:test-hivemq-platform]
2025-01-30 18:13:12,805 INFO c.h.h.t.HelmChartContainer - [hivemq-test-hivemq-platform] [hivemq-platform-operator] [36528a42] 18:13:12.803 [ReconcilerExecutor-hivemq-controller-54] INFO  c.h.p.o.h.AbstractHiveMQReconcilerStateHandler - [helmbrid] Update HiveMQ Platform Status (CREATED [READY] -> STARTING [READY]): HiveMQ Platform is starting
2025-01-30 18:13:12,846 DEBUG com.hivemq.helmcharts.util.K8sUtil - Comparing actual state 'STARTING' and waiting for 'RUNNING'
2025-01-30 18:13:22,909 INFO c.h.h.t.HelmChartContainer - [hivemq-test-hivemq-platform] [hivemq-platform-operator] [36528a42] 18:13:22.904 [pool-6-thread-12] DEBUG c.h.p.o.d.PlatformServiceResource - [helmbrid] Desired Platform services (3 services)
2025-01-30 18:13:22,909 INFO c.h.h.t.HelmChartContainer - [hivemq-test-hivemq-platform] [hivemq-platform-operator] [36528a42] 18:13:22.907 [pool-6-thread-13] DEBUG c.h.p.o.dependants.PodInfoConfigMap - [helmbrid] Desired PodInfo ConfigMap (1 extensions) (1 enabled)
2025-01-30 18:13:22,909 INFO c.h.h.t.HelmChartContainer - [hivemq-test-hivemq-platform] [hivemq-platform-operator] [36528a42] 18:13:22.907 [pool-6-thread-13] DEBUG c.h.p.o.dependants.PodInfoConfigMap - [helmbrid] Desired PodInfo ConfigMap (metrics port: 9399) (metrics path: /)
2025-01-30 18:13:22,909 INFO c.h.h.t.HelmChartContainer - [hivemq-test-hivemq-platform] [hivemq-platform-operator] [36528a42] 18:13:22.907 [pool-6-thread-13] DEBUG c.h.p.o.dependants.PodInfoConfigMap - [helmbrid] Desired PodInfo ConfigMap (extension state hash: 1079797684)
2025-01-30 18:13:22,912 INFO c.h.h.t.HelmChartContainer - [hivemq-test-hivemq-platform] [hivemq-platform-operator] [36528a42] 18:13:22.911 [pool-6-thread-17] DEBUG c.h.p.o.d.PodServiceAccountResource - [helmbrid] Desired PodServiceAccountResource (serviceAccountName: hivemq-platform-pod-test-hivemq-platform)
2025-01-30 18:13:22,913 INFO c.h.h.t.HelmChartContainer - [hivemq-test-hivemq-platform] [hivemq-platform-operator] [36528a42] 18:13:22.911 [pool-6-thread-13] DEBUG c.h.p.o.dependants.PodInfoConfigMap - [helmbrid] Update PodInfo ConfigMap
2025-01-30 18:13:23,009 INFO c.h.h.t.HelmChartContainer - [K3S] [alloc.go:330] "allocated clusterIPs" service="helmbridgeextensionit/hivemq-test-hivemq-platform-metrics-9399" clusterIPs={"IPv4":"10.43.85.75"}
2025-01-30 18:13:23,021 INFO c.h.h.t.HelmChartContainer - [K3S] [alloc.go:330] "allocated clusterIPs" service="helmbridgeextensionit/hivemq-test-hivemq-platform-mqtt-1883" clusterIPs={"IPv4":"10.43.164.197"}
2025-01-30 18:13:23,106 INFO c.h.h.t.HelmChartContainer - [K3S] [alloc.go:330] "allocated clusterIPs" service="helmbridgeextensionit/hivemq-test-hivemq-platform-cc-8080" clusterIPs={"IPv4":"10.43.33.0"}
2025-01-30 18:13:23,115 INFO c.h.h.t.HelmChartContainer - [hivemq-test-hivemq-platform] [hivemq-platform-operator] [36528a42] 18:13:23.114 [pool-6-thread-20] DEBUG c.h.p.o.d.StatefulSetResource - [helmbrid] Desired StatefulSet (1 replicas) for status STARTING (READY)
2025-01-30 18:13:23,205 INFO c.h.h.t.HelmChartContainer - [hivemq-test-hivemq-platform] [hivemq-platform-operator] [36528a42] 18:13:23.204 [pool-6-thread-20] DEBUG c.h.p.o.d.StatefulSetResource - [helmbrid] Create StatefulSet
2025-01-30 18:13:23,247 INFO c.h.h.t.HelmChartContainer - [EVENT] Normal [SuccessfulCreate] create Pod test-hivemq-platform-0 in StatefulSet test-hivemq-platform successful [helmbridgeextensionit:test-hivemq-platform]
2025-01-30 18:13:23,250 INFO c.h.h.t.HelmChartContainer - [POD] test-hivemq-platform-0 [8cebd144-e357-4517-97a9-a0cecbc06e35] in helmbridgeextensionit was ADDED
2025-01-30 18:13:23,253 INFO c.h.h.t.HelmChartContainer - [EVENT] Normal [Scheduled] Successfully assigned helmbridgeextensionit/test-hivemq-platform-0 to 7c00f4923724 [helmbridgeextensionit:test-hivemq-platform-0]
2025-01-30 18:13:23,258 INFO c.h.h.t.HelmChartContainer - [POD] test-hivemq-platform-0 [8cebd144-e357-4517-97a9-a0cecbc06e35] in helmbridgeextensionit was MODIFIED
2025-01-30 18:13:23,276 INFO c.h.h.t.HelmChartContainer - [POD] test-hivemq-platform-0 [8cebd144-e357-4517-97a9-a0cecbc06e35] in helmbridgeextensionit was MODIFIED
2025-01-30 18:13:23,332 INFO c.h.h.t.HelmChartContainer - [hivemq-test-hivemq-platform] [hivemq-platform-operator] [36528a42] 18:13:23.331 [ReconcilerExecutor-hivemq-controller-65] INFO  c.h.p.o.HiveMQPlatformReconciler - [helmbrid] Reconciling HiveMQ Platform 'test-hivemq-platform' in namespace 'helmbridgeextensionit'
2025-01-30 18:13:23,333 INFO c.h.h.t.HelmChartContainer - [hivemq-test-hivemq-platform] [hivemq-platform-operator] [36528a42] 18:13:23.331 [ReconcilerExecutor-hivemq-controller-65] DEBUG c.h.p.o.HiveMQPlatformReconciler - [helmbrid] Custom Resource Status STARTING - HiveMQ Platform is starting (READY)
2025-01-30 18:13:23,333 INFO c.h.h.t.HelmChartContainer - [hivemq-test-hivemq-platform] [hivemq-platform-operator] [36528a42] 18:13:23.331 [ReconcilerExecutor-hivemq-controller-65] DEBUG c.h.p.o.HiveMQPlatformReconciler - [helmbrid] Custom Resource Spec (replicas: 1) (extensions: 1)
2025-01-30 18:13:23,372 INFO c.h.h.t.HelmChartContainer - [K3S] [reconciler_common.go:251] "operationExecutor.VerifyControllerAttachedVolume started for volume \"broker-configuration\" (UniqueName: \"kubernetes.io/configmap/8cebd144-e357-4517-97a9-a0cecbc06e35-broker-configuration\") pod \"test-hivemq-platform-0\" (UID: \"8cebd144-e357-4517-97a9-a0cecbc06e35\") " pod="helmbridgeextensionit/test-hivemq-platform-0"
2025-01-30 18:13:23,372 INFO c.h.h.t.HelmChartContainer - [K3S] [reconciler_common.go:251] "operationExecutor.VerifyControllerAttachedVolume started for volume \"pod-info\" (UniqueName: \"kubernetes.io/configmap/8cebd144-e357-4517-97a9-a0cecbc06e35-pod-info\") pod \"test-hivemq-platform-0\" (UID: \"8cebd144-e357-4517-97a9-a0cecbc06e35\") " pod="helmbridgeextensionit/test-hivemq-platform-0"
2025-01-30 18:13:23,373 INFO c.h.h.t.HelmChartContainer - [K3S] [reconciler_common.go:251] "operationExecutor.VerifyControllerAttachedVolume started for volume \"extension-configuration-hivemq-bridge-extension\" (UniqueName: \"kubernetes.io/configmap/8cebd144-e357-4517-97a9-a0cecbc06e35-extension-configuration-hivemq-bridge-extension\") pod \"test-hivemq-platform-0\" (UID: \"8cebd144-e357-4517-97a9-a0cecbc06e35\") " pod="helmbridgeextensionit/test-hivemq-platform-0"
2025-01-30 18:13:23,373 INFO c.h.h.t.HelmChartContainer - [K3S] [reconciler_common.go:251] "operationExecutor.VerifyControllerAttachedVolume started for volume \"operator-init\" (UniqueName: \"kubernetes.io/empty-dir/8cebd144-e357-4517-97a9-a0cecbc06e35-operator-init\") pod \"test-hivemq-platform-0\" (UID: \"8cebd144-e357-4517-97a9-a0cecbc06e35\") " pod="helmbridgeextensionit/test-hivemq-platform-0"
2025-01-30 18:13:23,373 INFO c.h.h.t.HelmChartContainer - [K3S] [reconciler_common.go:251] "operationExecutor.VerifyControllerAttachedVolume started for volume \"kube-api-access-th2p7\" (UniqueName: \"kubernetes.io/projected/8cebd144-e357-4517-97a9-a0cecbc06e35-kube-api-access-th2p7\") pod \"test-hivemq-platform-0\" (UID: \"8cebd144-e357-4517-97a9-a0cecbc06e35\") " pod="helmbridgeextensionit/test-hivemq-platform-0"
2025-01-30 18:13:23,406 INFO c.h.h.t.HelmChartContainer - [hivemq-test-hivemq-platform] [hivemq-platform-operator] [36528a42] 18:13:23.401 [ReconcilerExecutor-hivemq-controller-65] DEBUG c.h.p.o.HiveMQPlatformReconciler - [helmbrid] StatefulSet Status (revision: test-hivemq-platform-5686c99fcc, replicas: 1, available: 0, ready: 0, current: 1, updated: 1)
2025-01-30 18:13:23,406 INFO c.h.h.t.HelmChartContainer - [hivemq-test-hivemq-platform] [hivemq-platform-operator] [36528a42] 18:13:23.402 [ReconcilerExecutor-hivemq-controller-65] DEBUG c.h.p.o.HiveMQPlatformReconciler - [helmbrid] StatefulSet Spec (replicas: 1, init containers: 1, containers: 1, volumes: 4)
2025-01-30 18:13:23,433 INFO c.h.h.t.HelmChartContainer - [hivemq-test-hivemq-platform] [hivemq-platform-operator] [36528a42] 18:13:23.432 [ReconcilerExecutor-hivemq-controller-65] DEBUG c.h.p.o.h.HiveMQPlatformReconcilerErrorHandler - [helmbrid] Pod 'test-hivemq-platform-0' phase Pending
2025-01-30 18:13:23,503 INFO c.h.h.t.HelmChartContainer - [hivemq-test-hivemq-platform] [hivemq-platform-operator] [36528a42] 18:13:23.499 [ReconcilerExecutor-hivemq-controller-65] DEBUG c.h.p.o.h.HiveMQPlatformReconcilerErrorHandler - [helmbrid] Pod 'test-hivemq-platform-0' condition 'PodReadyToStartContainers': False
2025-01-30 18:13:23,503 INFO c.h.h.t.HelmChartContainer - [hivemq-test-hivemq-platform] [hivemq-platform-operator] [36528a42] 18:13:23.500 [ReconcilerExecutor-hivemq-controller-65] DEBUG c.h.p.o.h.HiveMQPlatformReconcilerErrorHandler - [helmbrid] Pod 'test-hivemq-platform-0' condition 'Initialized': False
2025-01-30 18:13:23,503 INFO c.h.h.t.HelmChartContainer - [hivemq-test-hivemq-platform] [hivemq-platform-operator] [36528a42] 18:13:23.500 [ReconcilerExecutor-hivemq-controller-65] DEBUG c.h.p.o.h.HiveMQPlatformReconcilerErrorHandler - [helmbrid] Pod 'test-hivemq-platform-0' condition 'Ready': False
2025-01-30 18:13:23,503 INFO c.h.h.t.HelmChartContainer - [hivemq-test-hivemq-platform] [hivemq-platform-operator] [36528a42] 18:13:23.500 [ReconcilerExecutor-hivemq-controller-65] DEBUG c.h.p.o.h.HiveMQPlatformReconcilerErrorHandler - [helmbrid] Pod 'test-hivemq-platform-0' condition 'ContainersReady': False
2025-01-30 18:13:23,503 INFO c.h.h.t.HelmChartContainer - [hivemq-test-hivemq-platform] [hivemq-platform-operator] [36528a42] 18:13:23.500 [ReconcilerExecutor-hivemq-controller-65] DEBUG c.h.p.o.h.HiveMQPlatformReconcilerErrorHandler - [helmbrid] Pod 'test-hivemq-platform-0' condition 'PodScheduled': True
2025-01-30 18:13:23,503 INFO c.h.h.t.HelmChartContainer - [hivemq-test-hivemq-platform] [hivemq-platform-operator] [36528a42] 18:13:23.500 [ReconcilerExecutor-hivemq-controller-65] DEBUG c.h.p.o.h.HiveMQPlatformReconcilerErrorHandler - [helmbrid] Pod 'test-hivemq-platform-0' containerStatus 'hivemq' (started: false) (ready: false) (waiting: [PodInitializing] null)
2025-01-30 18:13:23,506 INFO c.h.h.t.HelmChartContainer - [hivemq-test-hivemq-platform] [hivemq-platform-operator] [36528a42] 18:13:23.504 [ReconcilerExecutor-hivemq-controller-65] INFO  c.h.p.o.h.HiveMQPlatformReconcilerBaseHandler - [helmbrid] HiveMQ Platform is starting, 0 of 1 replicas are ready
2025-01-30 18:13:23,510 INFO c.h.h.t.HelmChartContainer - [hivemq-test-hivemq-platform] [hivemq-platform-operator] [36528a42] 18:13:23.509 [pool-6-thread-22] DEBUG c.h.p.o.d.PlatformServiceResource - [helmbrid] Desired Platform services (3 services)
2025-01-30 18:13:23,515 INFO c.h.h.t.HelmChartContainer - [hivemq-test-hivemq-platform] [hivemq-platform-operator] [36528a42] 18:13:23.513 [pool-6-thread-27] DEBUG c.h.p.o.d.PodServiceAccountResource - [helmbrid] Desired PodServiceAccountResource (serviceAccountName: hivemq-platform-pod-test-hivemq-platform)
2025-01-30 18:13:23,521 INFO c.h.h.t.HelmChartContainer - [hivemq-test-hivemq-platform] [hivemq-platform-operator] [36528a42] 18:13:23.520 [pool-6-thread-23] DEBUG c.h.p.o.dependants.PodInfoConfigMap - [helmbrid] Desired PodInfo ConfigMap (1 extensions) (1 enabled)
2025-01-30 18:13:23,522 INFO c.h.h.t.HelmChartContainer - [hivemq-test-hivemq-platform] [hivemq-platform-operator] [36528a42] 18:13:23.520 [pool-6-thread-23] DEBUG c.h.p.o.dependants.PodInfoConfigMap - [helmbrid] Desired PodInfo ConfigMap (metrics port: 9399) (metrics path: /)
2025-01-30 18:13:23,522 INFO c.h.h.t.HelmChartContainer - [hivemq-test-hivemq-platform] [hivemq-platform-operator] [36528a42] 18:13:23.520 [pool-6-thread-23] DEBUG c.h.p.o.dependants.PodInfoConfigMap - [helmbrid] Desired PodInfo ConfigMap (extension state hash: 1079797684)
2025-01-30 18:13:23,606 INFO c.h.h.t.HelmChartContainer - [hivemq-test-hivemq-platform] [hivemq-platform-operator] [36528a42] 18:13:23.605 [pool-6-thread-30] DEBUG c.h.p.o.d.StatefulSetResource - [helmbrid] Desired StatefulSet (1 replicas) for status STARTING (READY)
2025-01-30 18:13:23,614 INFO c.h.h.t.HelmChartContainer - [hivemq-test-hivemq-platform] [hivemq-platform-operator] [36528a42] 18:13:23.611 [ReconcilerExecutor-hivemq-controller-76] INFO  c.h.p.o.HiveMQPlatformReconciler - [helmbrid] Reconciling HiveMQ Platform 'test-hivemq-platform' in namespace 'helmbridgeextensionit'
2025-01-30 18:13:23,614 INFO c.h.h.t.HelmChartContainer - [hivemq-test-hivemq-platform] [hivemq-platform-operator] [36528a42] 18:13:23.612 [ReconcilerExecutor-hivemq-controller-76] DEBUG c.h.p.o.HiveMQPlatformReconciler - [helmbrid] Custom Resource Status STARTING - HiveMQ Platform is starting (READY)
2025-01-30 18:13:23,615 INFO c.h.h.t.HelmChartContainer - [hivemq-test-hivemq-platform] [hivemq-platform-operator] [36528a42] 18:13:23.612 [ReconcilerExecutor-hivemq-controller-76] DEBUG c.h.p.o.HiveMQPlatformReconciler - [helmbrid] Custom Resource Spec (replicas: 1) (extensions: 1)
2025-01-30 18:13:23,620 INFO c.h.h.t.HelmChartContainer - [hivemq-test-hivemq-platform] [hivemq-platform-operator] [36528a42] 18:13:23.618 [ReconcilerExecutor-hivemq-controller-76] DEBUG c.h.p.o.HiveMQPlatformReconciler - [helmbrid] StatefulSet Status (revision: test-hivemq-platform-5686c99fcc, replicas: 1, available: 0, ready: 0, current: 1, updated: 1)
2025-01-30 18:13:23,621 INFO c.h.h.t.HelmChartContainer - [hivemq-test-hivemq-platform] [hivemq-platform-operator] [36528a42] 18:13:23.619 [ReconcilerExecutor-hivemq-controller-76] DEBUG c.h.p.o.HiveMQPlatformReconciler - [helmbrid] StatefulSet Spec (replicas: 1, init containers: 1, containers: 1, volumes: 4)
2025-01-30 18:13:23,652 INFO c.h.h.t.HelmChartContainer - [EVENT] Normal [Pulled] Container image "docker.io/hivemq/hivemq-platform-operator-init-test:snapshot" already present on machine [helmbridgeextensionit:test-hivemq-platform-0]
2025-01-30 18:13:23,660 INFO c.h.h.t.HelmChartContainer - [EVENT] Normal [Created] Created container: hivemq-platform-operator-init [helmbridgeextensionit:test-hivemq-platform-0]
2025-01-30 18:13:23,694 INFO c.h.h.t.HelmChartContainer - [EVENT] Normal [Started] Started container hivemq-platform-operator-init [helmbridgeextensionit:test-hivemq-platform-0]
2025-01-30 18:13:23,705 INFO c.h.h.t.HelmChartContainer - [hivemq-test-hivemq-platform] [hivemq-platform-operator] [36528a42] 18:13:23.701 [ReconcilerExecutor-hivemq-controller-76] DEBUG c.h.p.o.h.HiveMQPlatformReconcilerErrorHandler - [helmbrid] Pod 'test-hivemq-platform-0' phase Pending
2025-01-30 18:13:23,706 INFO c.h.h.t.HelmChartContainer - [hivemq-test-hivemq-platform] [hivemq-platform-operator] [36528a42] 18:13:23.702 [ReconcilerExecutor-hivemq-controller-76] DEBUG c.h.p.o.h.HiveMQPlatformReconcilerErrorHandler - [helmbrid] Pod 'test-hivemq-platform-0' condition 'PodReadyToStartContainers': False
2025-01-30 18:13:23,706 INFO c.h.h.t.HelmChartContainer - [hivemq-test-hivemq-platform] [hivemq-platform-operator] [36528a42] 18:13:23.703 [ReconcilerExecutor-hivemq-controller-76] DEBUG c.h.p.o.h.HiveMQPlatformReconcilerErrorHandler - [helmbrid] Pod 'test-hivemq-platform-0' condition 'Initialized': False
2025-01-30 18:13:23,706 INFO c.h.h.t.HelmChartContainer - [hivemq-test-hivemq-platform] [hivemq-platform-operator] [36528a42] 18:13:23.703 [ReconcilerExecutor-hivemq-controller-76] DEBUG c.h.p.o.h.HiveMQPlatformReconcilerErrorHandler - [helmbrid] Pod 'test-hivemq-platform-0' condition 'Ready': False
2025-01-30 18:13:23,706 INFO c.h.h.t.HelmChartContainer - [hivemq-test-hivemq-platform] [hivemq-platform-operator] [36528a42] 18:13:23.703 [ReconcilerExecutor-hivemq-controller-76] DEBUG c.h.p.o.h.HiveMQPlatformReconcilerErrorHandler - [helmbrid] Pod 'test-hivemq-platform-0' condition 'ContainersReady': False
2025-01-30 18:13:23,706 INFO c.h.h.t.HelmChartContainer - [hivemq-test-hivemq-platform] [hivemq-platform-operator] [36528a42] 18:13:23.704 [ReconcilerExecutor-hivemq-controller-76] DEBUG c.h.p.o.h.HiveMQPlatformReconcilerErrorHandler - [helmbrid] Pod 'test-hivemq-platform-0' condition 'PodScheduled': True
2025-01-30 18:13:23,706 INFO c.h.h.t.HelmChartContainer - [hivemq-test-hivemq-platform] [hivemq-platform-operator] [36528a42] 18:13:23.704 [ReconcilerExecutor-hivemq-controller-76] DEBUG c.h.p.o.h.HiveMQPlatformReconcilerErrorHandler - [helmbrid] Pod 'test-hivemq-platform-0' containerStatus 'hivemq' (started: false) (ready: false) (waiting: [PodInitializing] null)
2025-01-30 18:13:23,708 INFO c.h.h.t.HelmChartContainer - [hivemq-test-hivemq-platform] [hivemq-platform-operator] [36528a42] 18:13:23.707 [ReconcilerExecutor-hivemq-controller-76] INFO  c.h.p.o.h.HiveMQPlatformReconcilerBaseHandler - [helmbrid] HiveMQ Platform is starting, 0 of 1 replicas are ready
2025-01-30 18:13:24,482 INFO c.h.h.t.HelmChartContainer - [EVENT] Normal [Pulled] Container image "docker.io/hivemq/hivemq4:4.36.0" already present on machine [helmbridgeextensionit:test-hivemq-platform-0]
2025-01-30 18:13:24,483 INFO c.h.h.t.HelmChartContainer - Received Pulled event for container hivemq in pod test-hivemq-platform-0 [8cebd144-e357-4517-97a9-a0cecbc06e35]
2025-01-30 18:13:24,491 INFO c.h.h.t.HelmChartContainer - [POD] test-hivemq-platform-0 [8cebd144-e357-4517-97a9-a0cecbc06e35] in helmbridgeextensionit was MODIFIED
2025-01-30 18:13:24,509 INFO c.h.h.t.HelmChartContainer - [EVENT] Normal [Created] Created container: hivemq [helmbridgeextensionit:test-hivemq-platform-0]
2025-01-30 18:13:24,509 INFO c.h.h.t.HelmChartContainer - Received Created event for container hivemq in pod test-hivemq-platform-0 [8cebd144-e357-4517-97a9-a0cecbc06e35]
2025-01-30 18:13:24,525 INFO c.h.h.t.HelmChartContainer - [hivemq-test-hivemq-platform] [hivemq-platform-operator] [36528a42] 18:13:24.517 [pool-6-thread-32] DEBUG c.h.p.o.d.PlatformServiceResource - [helmbrid] Desired Platform services (3 services)
2025-01-30 18:13:24,528 INFO c.h.h.t.HelmChartContainer - [hivemq-test-hivemq-platform] [hivemq-platform-operator] [36528a42] 18:13:24.520 [pool-6-thread-33] DEBUG c.h.p.o.dependants.PodInfoConfigMap - [helmbrid] Desired PodInfo ConfigMap (1 extensions) (1 enabled)
2025-01-30 18:13:24,529 INFO c.h.h.t.HelmChartContainer - [hivemq-test-hivemq-platform] [hivemq-platform-operator] [36528a42] 18:13:24.524 [pool-6-thread-33] DEBUG c.h.p.o.dependants.PodInfoConfigMap - [helmbrid] Desired PodInfo ConfigMap (metrics port: 9399) (metrics path: /)
2025-01-30 18:13:24,529 INFO c.h.h.t.HelmChartContainer - [hivemq-test-hivemq-platform] [hivemq-platform-operator] [36528a42] 18:13:24.525 [pool-6-thread-33] DEBUG c.h.p.o.dependants.PodInfoConfigMap - [helmbrid] Desired PodInfo ConfigMap (extension state hash: 1079797684)
2025-01-30 18:13:24,531 INFO c.h.h.t.HelmChartContainer - [hivemq-test-hivemq-platform] [hivemq-platform-operator] [36528a42] 18:13:24.525 [pool-6-thread-37] DEBUG c.h.p.o.d.PodServiceAccountResource - [helmbrid] Desired PodServiceAccountResource (serviceAccountName: hivemq-platform-pod-test-hivemq-platform)
2025-01-30 18:13:24,541 INFO c.h.h.t.HelmChartContainer - [hivemq-test-hivemq-platform] [hivemq-platform-operator] [36528a42] 18:13:24.539 [pool-6-thread-40] DEBUG c.h.p.o.d.StatefulSetResource - [helmbrid] Desired StatefulSet (1 replicas) for status STARTING (READY)
2025-01-30 18:13:24,606 INFO c.h.h.t.HelmChartContainer - [hivemq-test-hivemq-platform] [hivemq-platform-operator] [36528a42] 18:13:24.604 [ReconcilerExecutor-hivemq-controller-87] INFO  c.h.p.o.HiveMQPlatformReconciler - [helmbrid] Reconciling HiveMQ Platform 'test-hivemq-platform' in namespace 'helmbridgeextensionit'
2025-01-30 18:13:24,615 INFO c.h.h.t.HelmChartContainer - [hivemq-test-hivemq-platform] [hivemq-platform-operator] [36528a42] 18:13:24.604 [ReconcilerExecutor-hivemq-controller-87] DEBUG c.h.p.o.HiveMQPlatformReconciler - [helmbrid] Custom Resource Status STARTING - HiveMQ Platform is starting (READY)
2025-01-30 18:13:24,615 INFO c.h.h.t.HelmChartContainer - [hivemq-test-hivemq-platform] [hivemq-platform-operator] [36528a42] 18:13:24.605 [ReconcilerExecutor-hivemq-controller-87] DEBUG c.h.p.o.HiveMQPlatformReconciler - [helmbrid] Custom Resource Spec (replicas: 1) (extensions: 1)
2025-01-30 18:13:24,615 INFO c.h.h.t.HelmChartContainer - [hivemq-test-hivemq-platform] [hivemq-platform-operator] [36528a42] 18:13:24.609 [ReconcilerExecutor-hivemq-controller-87] DEBUG c.h.p.o.HiveMQPlatformReconciler - [helmbrid] StatefulSet Status (revision: test-hivemq-platform-5686c99fcc, replicas: 1, available: 0, ready: 0, current: 1, updated: 1)
2025-01-30 18:13:24,615 INFO c.h.h.t.HelmChartContainer - [hivemq-test-hivemq-platform] [hivemq-platform-operator] [36528a42] 18:13:24.610 [ReconcilerExecutor-hivemq-controller-87] DEBUG c.h.p.o.HiveMQPlatformReconciler - [helmbrid] StatefulSet Spec (replicas: 1, init containers: 1, containers: 1, volumes: 4)
2025-01-30 18:13:24,615 INFO c.h.h.t.HelmChartContainer - [hivemq-test-hivemq-platform] [hivemq-platform-operator] [36528a42] 18:13:24.614 [ReconcilerExecutor-hivemq-controller-87] DEBUG c.h.p.o.h.HiveMQPlatformReconcilerErrorHandler - [helmbrid] Pod 'test-hivemq-platform-0' phase Pending
2025-01-30 18:13:24,618 INFO c.h.h.t.HelmChartContainer - [hivemq-test-hivemq-platform] [hivemq-platform-operator] [36528a42] 18:13:24.616 [ReconcilerExecutor-hivemq-controller-87] DEBUG c.h.p.o.h.HiveMQPlatformReconcilerErrorHandler - [helmbrid] Pod 'test-hivemq-platform-0' condition 'PodReadyToStartContainers': True
2025-01-30 18:13:24,619 INFO c.h.h.t.HelmChartContainer - [hivemq-test-hivemq-platform] [hivemq-platform-operator] [36528a42] 18:13:24.616 [ReconcilerExecutor-hivemq-controller-87] DEBUG c.h.p.o.h.HiveMQPlatformReconcilerErrorHandler - [helmbrid] Pod 'test-hivemq-platform-0' condition 'Initialized': True
2025-01-30 18:13:24,621 INFO c.h.h.t.HelmChartContainer - [hivemq-test-hivemq-platform] [hivemq-platform-operator] [36528a42] 18:13:24.617 [ReconcilerExecutor-hivemq-controller-87] DEBUG c.h.p.o.h.HiveMQPlatformReconcilerErrorHandler - [helmbrid] Pod 'test-hivemq-platform-0' condition 'Ready': False
2025-01-30 18:13:24,621 INFO c.h.h.t.HelmChartContainer - [hivemq-test-hivemq-platform] [hivemq-platform-operator] [36528a42] 18:13:24.617 [ReconcilerExecutor-hivemq-controller-87] DEBUG c.h.p.o.h.HiveMQPlatformReconcilerErrorHandler - [helmbrid] Pod 'test-hivemq-platform-0' condition 'ContainersReady': False
2025-01-30 18:13:24,621 INFO c.h.h.t.HelmChartContainer - [hivemq-test-hivemq-platform] [hivemq-platform-operator] [36528a42] 18:13:24.617 [ReconcilerExecutor-hivemq-controller-87] DEBUG c.h.p.o.h.HiveMQPlatformReconcilerErrorHandler - [helmbrid] Pod 'test-hivemq-platform-0' condition 'PodScheduled': True
2025-01-30 18:13:24,622 INFO c.h.h.t.HelmChartContainer - [hivemq-test-hivemq-platform] [hivemq-platform-operator] [36528a42] 18:13:24.617 [ReconcilerExecutor-hivemq-controller-87] DEBUG c.h.p.o.h.HiveMQPlatformReconcilerErrorHandler - [helmbrid] Pod 'test-hivemq-platform-0' containerStatus 'hivemq' (started: false) (ready: false) (waiting: [PodInitializing] null)
2025-01-30 18:13:24,637 INFO c.h.h.t.HelmChartContainer - [hivemq-test-hivemq-platform] [hivemq-platform-operator] [36528a42] 18:13:24.633 [ReconcilerExecutor-hivemq-controller-87] INFO  c.h.p.o.h.HiveMQPlatformReconcilerBaseHandler - [helmbrid] HiveMQ Platform is starting, 0 of 1 replicas are ready
2025-01-30 18:13:25,499 INFO c.h.h.t.HelmChartContainer - [POD] test-hivemq-platform-0 [8cebd144-e357-4517-97a9-a0cecbc06e35] in helmbridgeextensionit was MODIFIED
2025-01-30 18:13:25,518 INFO c.h.h.t.HelmChartContainer - [hivemq-test-hivemq-platform] [hivemq-platform-operator] [36528a42] 18:13:25.508 [pool-6-thread-42] DEBUG c.h.p.o.d.PlatformServiceResource - [helmbrid] Desired Platform services (3 services)
2025-01-30 18:13:25,522 INFO c.h.h.t.HelmChartContainer - [hivemq-test-hivemq-platform] [hivemq-platform-operator] [36528a42] 18:13:25.514 [pool-6-thread-43] DEBUG c.h.p.o.dependants.PodInfoConfigMap - [helmbrid] Desired PodInfo ConfigMap (1 extensions) (1 enabled)
2025-01-30 18:13:25,522 INFO c.h.h.t.HelmChartContainer - [hivemq-test-hivemq-platform] [hivemq-platform-operator] [36528a42] 18:13:25.514 [pool-6-thread-43] DEBUG c.h.p.o.dependants.PodInfoConfigMap - [helmbrid] Desired PodInfo ConfigMap (metrics port: 9399) (metrics path: /)
2025-01-30 18:13:25,522 INFO c.h.h.t.HelmChartContainer - [hivemq-test-hivemq-platform] [hivemq-platform-operator] [36528a42] 18:13:25.515 [pool-6-thread-43] DEBUG c.h.p.o.dependants.PodInfoConfigMap - [helmbrid] Desired PodInfo ConfigMap (extension state hash: 1079797684)
2025-01-30 18:13:25,525 INFO c.h.h.t.HelmChartContainer - [hivemq-test-hivemq-platform] [hivemq-platform-operator] [36528a42] 18:13:25.520 [pool-6-thread-47] DEBUG c.h.p.o.d.PodServiceAccountResource - [helmbrid] Desired PodServiceAccountResource (serviceAccountName: hivemq-platform-pod-test-hivemq-platform)
2025-01-30 18:13:25,527 INFO c.h.h.t.HelmChartContainer - Started log watcher for hivemq in pod test-hivemq-platform-0 [8cebd144-e357-4517-97a9-a0cecbc06e35]
2025-01-30 18:13:25,529 INFO c.h.h.t.HelmChartContainer - [EVENT] Normal [Started] Started container hivemq [helmbridgeextensionit:test-hivemq-platform-0]
2025-01-30 18:13:25,529 INFO c.h.h.t.HelmChartContainer - Received Started event for container hivemq in pod test-hivemq-platform-0 [8cebd144-e357-4517-97a9-a0cecbc06e35]
2025-01-30 18:13:25,530 INFO c.h.h.t.HelmChartContainer - [test-hivemq-platform] [hivemq] [8cebd144] Adding pre-installed HiveMQ Platform Operator extensions
2025-01-30 18:13:25,533 INFO c.h.h.t.HelmChartContainer - [test-hivemq-platform] [hivemq] [8cebd144] Running as user 10000
2025-01-30 18:13:25,534 INFO c.h.h.t.HelmChartContainer - [test-hivemq-platform] [hivemq] [8cebd144] Starting HiveMQ Platform Operator Init
2025-01-30 18:13:25,537 INFO c.h.h.t.HelmChartContainer - [hivemq-test-hivemq-platform] [hivemq-platform-operator] [36528a42] 18:13:25.532 [pool-6-thread-49] DEBUG c.h.p.o.d.StatefulSetResource - [helmbrid] Desired StatefulSet (1 replicas) for status STARTING (READY)
2025-01-30 18:13:25,608 INFO c.h.h.t.HelmChartContainer - [hivemq-test-hivemq-platform] [hivemq-platform-operator] [36528a42] 18:13:25.602 [ReconcilerExecutor-hivemq-controller-98] INFO  c.h.p.o.HiveMQPlatformReconciler - [helmbrid] Reconciling HiveMQ Platform 'test-hivemq-platform' in namespace 'helmbridgeextensionit'
2025-01-30 18:13:25,608 INFO c.h.h.t.HelmChartContainer - [hivemq-test-hivemq-platform] [hivemq-platform-operator] [36528a42] 18:13:25.602 [ReconcilerExecutor-hivemq-controller-98] DEBUG c.h.p.o.HiveMQPlatformReconciler - [helmbrid] Custom Resource Status STARTING - HiveMQ Platform is starting (READY)
2025-01-30 18:13:25,608 INFO c.h.h.t.HelmChartContainer - [hivemq-test-hivemq-platform] [hivemq-platform-operator] [36528a42] 18:13:25.602 [ReconcilerExecutor-hivemq-controller-98] DEBUG c.h.p.o.HiveMQPlatformReconciler - [helmbrid] Custom Resource Spec (replicas: 1) (extensions: 1)
2025-01-30 18:13:25,608 INFO c.h.h.t.HelmChartContainer - [hivemq-test-hivemq-platform] [hivemq-platform-operator] [36528a42] 18:13:25.604 [ReconcilerExecutor-hivemq-controller-98] DEBUG c.h.p.o.HiveMQPlatformReconciler - [helmbrid] StatefulSet Status (revision: test-hivemq-platform-5686c99fcc, replicas: 1, available: 0, ready: 0, current: 1, updated: 1)
2025-01-30 18:13:25,608 INFO c.h.h.t.HelmChartContainer - [hivemq-test-hivemq-platform] [hivemq-platform-operator] [36528a42] 18:13:25.604 [ReconcilerExecutor-hivemq-controller-98] DEBUG c.h.p.o.HiveMQPlatformReconciler - [helmbrid] StatefulSet Spec (replicas: 1, init containers: 1, containers: 1, volumes: 4)
2025-01-30 18:13:25,610 INFO c.h.h.t.HelmChartContainer - [hivemq-test-hivemq-platform] [hivemq-platform-operator] [36528a42] 18:13:25.608 [ReconcilerExecutor-hivemq-controller-98] DEBUG c.h.p.o.h.HiveMQPlatformReconcilerErrorHandler - [helmbrid] Pod 'test-hivemq-platform-0' phase Running
2025-01-30 18:13:25,612 INFO c.h.h.t.HelmChartContainer - [hivemq-test-hivemq-platform] [hivemq-platform-operator] [36528a42] 18:13:25.610 [ReconcilerExecutor-hivemq-controller-98] INFO  c.h.p.o.h.HiveMQPlatformReconcilerBaseHandler - [helmbrid] HiveMQ Platform is starting, 0 of 1 replicas are ready
2025-01-30 18:13:25,830 INFO c.h.h.t.HelmChartContainer - [test-hivemq-platform] [hivemq] [8cebd144] INFO  - [HiveMQ Platform Operator Init 1.7.0-SNAPSHOT] HiveMQ Platform Operator Init 1.7.0-SNAPSHOT (commit: 47e3375 on branch: HEAD) built on Thu Jan 30 03:55:50 UTC 2025
2025-01-30 18:13:26,932 INFO c.h.h.t.HelmChartContainer - [test-hivemq-platform] [hivemq] [8cebd144] INFO  - [HiveMQ Platform Operator Init App 1.7.0-SNAPSHOT] Using bind address 10.42.0.6 from environment variable
2025-01-30 18:13:27,824 INFO c.h.h.t.HelmChartContainer - [test-hivemq-platform] [hivemq] [8cebd144] INFO  - [HiveMQ Platform Operator Init App 1.7.0-SNAPSHOT] HiveMQ Platform Operator Init App 1.7.0-SNAPSHOT (commit: 47e3375 on branch: HEAD) built on Thu Jan 30 03:55:50 UTC 2025
2025-01-30 18:13:27,825 INFO c.h.h.t.HelmChartContainer - [test-hivemq-platform] [hivemq] [8cebd144] INFO  - [HiveMQ Platform Operator Init App 1.7.0-SNAPSHOT] PodInfo ConfigMap directory: /etc/podinfo
2025-01-30 18:13:27,826 INFO c.h.h.t.HelmChartContainer - [test-hivemq-platform] [hivemq] [8cebd144] INFO  - [HiveMQ Platform Operator Init App 1.7.0-SNAPSHOT] HiveMQ home directory: /opt/hivemq
2025-01-30 18:13:27,827 INFO c.h.h.t.HelmChartContainer - [test-hivemq-platform] [hivemq] [8cebd144] INFO  - [HiveMQ Platform Operator Init App 1.7.0-SNAPSHOT] HiveMQ Logback folder: /opt/hivemq/conf
2025-01-30 18:13:27,827 INFO c.h.h.t.HelmChartContainer - [test-hivemq-platform] [hivemq] [8cebd144] INFO  - [HiveMQ Platform Operator Init App 1.7.0-SNAPSHOT] HiveMQ Config folder: /opt/hivemq/conf-k8s
2025-01-30 18:13:27,827 INFO c.h.h.t.HelmChartContainer - [test-hivemq-platform] [hivemq] [8cebd144] INFO  - [HiveMQ Platform Operator Init App 1.7.0-SNAPSHOT] Starting HiveMQ Platform Operator Init App
2025-01-30 18:13:27,827 INFO c.h.h.t.HelmChartContainer - [test-hivemq-platform] [hivemq] [8cebd144] INFO  - [HiveMQ Platform Operator Init App 1.7.0-SNAPSHOT] Starting Pod reconciler
2025-01-30 18:13:28,953 INFO c.h.h.t.HelmChartContainer - [test-hivemq-platform] [hivemq] [8cebd144] INFO  - [HiveMQ Platform Operator Init App 1.7.0-SNAPSHOT] Pod reconciler is scheduled (interval: 5000 ms)
2025-01-30 18:13:28,954 INFO c.h.h.t.HelmChartContainer - [test-hivemq-platform] [hivemq] [8cebd144] INFO  - [HiveMQ Platform Operator Init App 1.7.0-SNAPSHOT] Starting the REST API on 10.42.0.6:7979
2025-01-30 18:13:28,956 INFO c.h.h.t.HelmChartContainer - [test-hivemq-platform] [hivemq] [8cebd144] INFO  - [HiveMQ Platform Operator Init App 1.7.0-SNAPSHOT] Waiting up to 600s for at most 1 HiveMQ nodes in cluster service hivemq-test-hivemq-platform-cluster.helmbridgeextensionit.svc
2025-01-30 18:13:29,331 INFO c.h.h.t.HelmChartContainer - [test-hivemq-platform] [hivemq] [8cebd144] INFO  - [HiveMQ Platform Operator Init App 1.7.0-SNAPSHOT] Resolved 1 IP addresses: [10.42.0.6]
2025-01-30 18:13:29,331 INFO c.h.h.t.HelmChartContainer - [test-hivemq-platform] [hivemq] [8cebd144] INFO  - [HiveMQ Platform Operator Init App 1.7.0-SNAPSHOT] HiveMQ node count of 1 is within threshold of 1
2025-01-30 18:13:29,331 INFO c.h.h.t.HelmChartContainer - [test-hivemq-platform] [hivemq] [8cebd144] INFO  - [HiveMQ Platform Operator Init App 1.7.0-SNAPSHOT] Proceeding with container start
2025-01-30 18:13:29,425 INFO c.h.h.t.HelmChartContainer - [test-hivemq-platform] [hivemq] [8cebd144] INFO  - [HiveMQ Platform Operator Init App 1.7.0-SNAPSHOT] Initializing HiveMQ Platform extensions with initial configuration: {hivemq-bridge-extension={start-priority=-1, skip-https-hostname-verification=false, restart=true, config-version=518, header-version=0, c-uri=, priority=-1, uri=preinstalled, skip-https-certificate-validation=false, enabled=true}, hivemq-prometheus-extension={uri=preinstalled, request-header-path=no-request-headers, enabled=true, restart=true, priority=-1, start-priority=-1, c-uri=, skip-https-hostname-verification=false, skip-https-certificate-validation=false}}
2025-01-30 18:13:30,028 INFO c.h.h.t.HelmChartContainer - [test-hivemq-platform] [hivemq] [8cebd144] INFO  - [HiveMQ Platform Operator Init App 1.7.0-SNAPSHOT] Successfully enabled extension hivemq-bridge-extension
2025-01-30 18:13:30,037 INFO c.h.h.t.HelmChartContainer - [test-hivemq-platform] [hivemq] [8cebd144] INFO  - [HiveMQ Platform Operator Init App 1.7.0-SNAPSHOT] Successfully enabled extension hivemq-prometheus-extension
2025-01-30 18:13:30,039 INFO c.h.h.t.HelmChartContainer - [test-hivemq-platform] [hivemq] [8cebd144] INFO  - [HiveMQ Platform Operator Init App 1.7.0-SNAPSHOT] Starting HiveMQ Platform version 4.36.0 (4.36.0)
2025-01-30 18:13:30,039 INFO c.h.h.t.HelmChartContainer - [test-hivemq-platform] [hivemq] [8cebd144] INFO  - [HiveMQ Platform Operator Init App 1.7.0-SNAPSHOT] Configuring the HiveMQ Platform
2025-01-30 18:13:30,126 INFO c.h.h.t.HelmChartContainer - [test-hivemq-platform] [hivemq] [8cebd144] INFO  - [HiveMQ Platform Operator Init App 1.7.0-SNAPSHOT] Changed logback.xml file scan period to 20 seconds
2025-01-30 18:13:30,137 INFO c.h.h.t.HelmChartContainer - [test-hivemq-platform] [hivemq] [8cebd144] INFO  - [HiveMQ Platform Operator Init App 1.7.0-SNAPSHOT] Starting the HiveMQ Platform
2025-01-30 18:13:30,139 INFO c.h.h.t.HelmChartContainer - [test-hivemq-platform] [hivemq] [8cebd144] -------------------------------------------------------------------------
2025-01-30 18:13:30,140 INFO c.h.h.t.HelmChartContainer - [test-hivemq-platform] [hivemq] [8cebd144] 
2025-01-30 18:13:30,140 INFO c.h.h.t.HelmChartContainer - [test-hivemq-platform] [hivemq] [8cebd144]                   _    _  _              __  __   ____
2025-01-30 18:13:30,140 INFO c.h.h.t.HelmChartContainer - [test-hivemq-platform] [hivemq] [8cebd144]                  | |  | |(_)            |  \/  | / __ \
2025-01-30 18:13:30,140 INFO c.h.h.t.HelmChartContainer - [test-hivemq-platform] [hivemq] [8cebd144]                  | |__| | _ __   __ ___ | \  / || |  | |
2025-01-30 18:13:30,140 INFO c.h.h.t.HelmChartContainer - [test-hivemq-platform] [hivemq] [8cebd144]                  |  __  || |\ \ / // _ \| |\/| || |  | |
2025-01-30 18:13:30,140 INFO c.h.h.t.HelmChartContainer - [test-hivemq-platform] [hivemq] [8cebd144]                  | |  | || | \ V /|  __/| |  | || |__| |
2025-01-30 18:13:30,140 INFO c.h.h.t.HelmChartContainer - [test-hivemq-platform] [hivemq] [8cebd144]                  |_|  |_||_|  \_/  \___||_|  |_| \___\_\
2025-01-30 18:13:30,140 INFO c.h.h.t.HelmChartContainer - [test-hivemq-platform] [hivemq] [8cebd144] 
2025-01-30 18:13:30,140 INFO c.h.h.t.HelmChartContainer - [test-hivemq-platform] [hivemq] [8cebd144] -------------------------------------------------------------------------
2025-01-30 18:13:30,140 INFO c.h.h.t.HelmChartContainer - [test-hivemq-platform] [hivemq] [8cebd144] 
2025-01-30 18:13:30,140 INFO c.h.h.t.HelmChartContainer - [test-hivemq-platform] [hivemq] [8cebd144]   HiveMQ Start Script for Linux/Unix v1.14
2025-01-30 18:13:30,140 INFO c.h.h.t.HelmChartContainer - [test-hivemq-platform] [hivemq] [8cebd144] 
2025-01-30 18:13:30,332 INFO c.h.h.t.HelmChartContainer - [test-hivemq-platform] [hivemq] [8cebd144] -------------------------------------------------------------------------
2025-01-30 18:13:30,333 INFO c.h.h.t.HelmChartContainer - [test-hivemq-platform] [hivemq] [8cebd144] 
2025-01-30 18:13:30,334 INFO c.h.h.t.HelmChartContainer - [test-hivemq-platform] [hivemq] [8cebd144]   HIVEMQ_HOME: /opt/hivemq
2025-01-30 18:13:30,334 INFO c.h.h.t.HelmChartContainer - [test-hivemq-platform] [hivemq] [8cebd144] 
2025-01-30 18:13:30,334 INFO c.h.h.t.HelmChartContainer - [test-hivemq-platform] [hivemq] [8cebd144]   JAVA_OPTS: -XX:+UnlockExperimentalVMOptions -XX:InitialRAMPercentage=50 -XX:MaxRAMPercentage=50 -Djava.net.preferIPv4Stack=true --add-opens java.base/java.lang=ALL-UNNAMED --add-opens java.base/java.nio=ALL-UNNAMED --add-opens java.base/sun.nio.ch=ALL-UNNAMED --add-opens jdk.management/com.sun.management.internal=ALL-UNNAMED --add-exports java.base/jdk.internal.misc=ALL-UNNAMED -Djava.security.egd=file:/dev/./urandom -Dcom.sun.management.jmxremote -Dcom.sun.management.jmxremote.port=9010 -Dcom.sun.management.jmxremote.local.only=false -Dcom.sun.management.jmxremote.authenticate=false -Dcom.sun.management.jmxremote.ssl=false -Duser.language=en -Duser.region=US -XX:+CrashOnOutOfMemoryError -XX:+HeapDumpOnOutOfMemoryError
2025-01-30 18:13:30,334 INFO c.h.h.t.HelmChartContainer - [test-hivemq-platform] [hivemq] [8cebd144] 
2025-01-30 18:13:30,334 INFO c.h.h.t.HelmChartContainer - [test-hivemq-platform] [hivemq] [8cebd144]   JAVA_VERSION: 21
2025-01-30 18:13:30,334 INFO c.h.h.t.HelmChartContainer - [test-hivemq-platform] [hivemq] [8cebd144] 
2025-01-30 18:13:30,334 INFO c.h.h.t.HelmChartContainer - [test-hivemq-platform] [hivemq] [8cebd144] -------------------------------------------------------------------------
2025-01-30 18:13:30,334 INFO c.h.h.t.HelmChartContainer - [test-hivemq-platform] [hivemq] [8cebd144] 
2025-01-30 18:13:31,533 INFO c.h.h.t.HelmChartContainer - [test-hivemq-platform] [hivemq] [8cebd144] INFO  - [HiveMQ Platform Operator Init App 1.7.0-SNAPSHOT] Returning default Health API response 503 for readiness
2025-01-30 18:13:31,930 INFO c.h.h.t.HelmChartContainer - [EVENT] Warning [Unhealthy] Readiness probe failed: HTTP probe failed with statuscode: 503 [helmbridgeextensionit:test-hivemq-platform-0]
2025-01-30 18:13:31,930 INFO c.h.h.t.HelmChartContainer - Received Unhealthy event for container hivemq in pod test-hivemq-platform-0 [8cebd144-e357-4517-97a9-a0cecbc06e35]
2025-01-30 18:13:32,930 INFO c.h.h.t.HelmChartContainer - [test-hivemq-platform] [hivemq] [8cebd144] INFO  - Starting HiveMQ Enterprise Server
2025-01-30 18:13:32,935 INFO c.h.h.t.HelmChartContainer - [test-hivemq-platform] [hivemq] [8cebd144] INFO  - HiveMQ version: 4.36.0
2025-01-30 18:13:32,936 INFO c.h.h.t.HelmChartContainer - [test-hivemq-platform] [hivemq] [8cebd144] INFO  - HiveMQ home directory: /opt/hivemq
2025-01-30 18:13:32,937 INFO c.h.h.t.HelmChartContainer - [test-hivemq-platform] [hivemq] [8cebd144] INFO  - Log Configuration was overridden by /opt/hivemq/conf/logback.xml
2025-01-30 18:13:34,230 INFO c.h.h.t.HelmChartContainer - [test-hivemq-platform] [hivemq] [8cebd144] INFO  - Successfully loaded configuration from '/opt/hivemq/conf-k8s/config.xml'.
2025-01-30 18:13:34,932 INFO c.h.h.t.HelmChartContainer - [test-hivemq-platform] [hivemq] [8cebd144] INFO  - This node's ID is R1Iii
2025-01-30 18:13:34,932 INFO c.h.h.t.HelmChartContainer - [test-hivemq-platform] [hivemq] [8cebd144] INFO  - Clustering is enabled
2025-01-30 18:13:35,618 INFO c.h.h.t.HelmChartContainer - [hivemq-test-hivemq-platform] [hivemq-platform-operator] [36528a42] 18:13:35.614 [pool-6-thread-6] DEBUG c.h.p.o.d.PlatformServiceResource - [helmbrid] Desired Platform services (3 services)
2025-01-30 18:13:35,618 INFO c.h.h.t.HelmChartContainer - [hivemq-test-hivemq-platform] [hivemq-platform-operator] [36528a42] 18:13:35.616 [pool-6-thread-3] DEBUG c.h.p.o.dependants.PodInfoConfigMap - [helmbrid] Desired PodInfo ConfigMap (1 extensions) (1 enabled)
2025-01-30 18:13:35,618 INFO c.h.h.t.HelmChartContainer - [hivemq-test-hivemq-platform] [hivemq-platform-operator] [36528a42] 18:13:35.616 [pool-6-thread-3] DEBUG c.h.p.o.dependants.PodInfoConfigMap - [helmbrid] Desired PodInfo ConfigMap (metrics port: 9399) (metrics path: /)
2025-01-30 18:13:35,618 INFO c.h.h.t.HelmChartContainer - [hivemq-test-hivemq-platform] [hivemq-platform-operator] [36528a42] 18:13:35.617 [pool-6-thread-9] DEBUG c.h.p.o.d.PodServiceAccountResource - [helmbrid] Desired PodServiceAccountResource (serviceAccountName: hivemq-platform-pod-test-hivemq-platform)
2025-01-30 18:13:35,619 INFO c.h.h.t.HelmChartContainer - [hivemq-test-hivemq-platform] [hivemq-platform-operator] [36528a42] 18:13:35.617 [pool-6-thread-3] DEBUG c.h.p.o.dependants.PodInfoConfigMap - [helmbrid] Desired PodInfo ConfigMap (extension state hash: 1079797684)
2025-01-30 18:13:35,624 INFO c.h.h.t.HelmChartContainer - [hivemq-test-hivemq-platform] [hivemq-platform-operator] [36528a42] 18:13:35.621 [pool-6-thread-6] DEBUG c.h.p.o.d.StatefulSetResource - [helmbrid] Desired StatefulSet (1 replicas) for status STARTING (READY)
2025-01-30 18:13:35,628 INFO c.h.h.t.HelmChartContainer - [hivemq-test-hivemq-platform] [hivemq-platform-operator] [36528a42] 18:13:35.628 [ReconcilerExecutor-hivemq-controller-109] INFO  c.h.p.o.HiveMQPlatformReconciler - [helmbrid] Reconciling HiveMQ Platform 'test-hivemq-platform' in namespace 'helmbridgeextensionit'
2025-01-30 18:13:35,629 INFO c.h.h.t.HelmChartContainer - [hivemq-test-hivemq-platform] [hivemq-platform-operator] [36528a42] 18:13:35.628 [ReconcilerExecutor-hivemq-controller-109] DEBUG c.h.p.o.HiveMQPlatformReconciler - [helmbrid] Custom Resource Status STARTING - HiveMQ Platform is starting (READY)
2025-01-30 18:13:35,630 INFO c.h.h.t.HelmChartContainer - [hivemq-test-hivemq-platform] [hivemq-platform-operator] [36528a42] 18:13:35.628 [ReconcilerExecutor-hivemq-controller-109] DEBUG c.h.p.o.HiveMQPlatformReconciler - [helmbrid] Custom Resource Spec (replicas: 1) (extensions: 1)
2025-01-30 18:13:35,633 INFO c.h.h.t.HelmChartContainer - [hivemq-test-hivemq-platform] [hivemq-platform-operator] [36528a42] 18:13:35.633 [ReconcilerExecutor-hivemq-controller-109] DEBUG c.h.p.o.HiveMQPlatformReconciler - [helmbrid] StatefulSet Status (revision: test-hivemq-platform-5686c99fcc, replicas: 1, available: 0, ready: 0, current: 1, updated: 1)
2025-01-30 18:13:35,634 INFO c.h.h.t.HelmChartContainer - [hivemq-test-hivemq-platform] [hivemq-platform-operator] [36528a42] 18:13:35.633 [ReconcilerExecutor-hivemq-controller-109] DEBUG c.h.p.o.HiveMQPlatformReconciler - [helmbrid] StatefulSet Spec (replicas: 1, init containers: 1, containers: 1, volumes: 4)
2025-01-30 18:13:35,703 INFO c.h.h.t.HelmChartContainer - [hivemq-test-hivemq-platform] [hivemq-platform-operator] [36528a42] 18:13:35.701 [ReconcilerExecutor-hivemq-controller-109] DEBUG c.h.p.o.h.HiveMQPlatformReconcilerErrorHandler - [helmbrid] Pod 'test-hivemq-platform-0' phase Running
2025-01-30 18:13:35,703 INFO c.h.h.t.HelmChartContainer - [hivemq-test-hivemq-platform] [hivemq-platform-operator] [36528a42] 18:13:35.701 [ReconcilerExecutor-hivemq-controller-109] INFO  c.h.p.o.h.HiveMQPlatformReconcilerBaseHandler - [helmbrid] HiveMQ Platform is starting, 0 of 1 replicas are ready
2025-01-30 18:13:36,926 INFO c.h.h.t.HelmChartContainer - [test-hivemq-platform] [hivemq] [8cebd144] WARN  - [HiveMQ Platform Operator Init App 1.7.0-SNAPSHOT] Cannot connect to Health API for readiness: null
2025-01-30 18:13:36,932 INFO c.h.h.t.HelmChartContainer - [EVENT] Warning [Unhealthy] Readiness probe failed: HTTP probe failed with statuscode: 503 [helmbridgeextensionit:test-hivemq-platform-0]
2025-01-30 18:13:36,932 INFO c.h.h.t.HelmChartContainer - Received Unhealthy event for container hivemq in pod test-hivemq-platform-0 [8cebd144-e357-4517-97a9-a0cecbc06e35]
2025-01-30 18:13:39,425 INFO c.h.h.t.HelmChartContainer - [test-hivemq-platform] [hivemq] [8cebd144] Jan 30, 2025 6:13:39 PM io.vertx.core.impl.BlockedThreadChecker
2025-01-30 18:13:39,426 INFO c.h.h.t.HelmChartContainer - [test-hivemq-platform] [hivemq] [8cebd144] WARNING: Thread Thread[vert.x-eventloop-thread-1,5,main] has been blocked for 2601 ms, time limit is 2000 ms
2025-01-30 18:13:39,533 INFO c.h.h.t.HelmChartContainer - [test-hivemq-platform] [hivemq] [8cebd144] INFO  - [HiveMQ Platform Operator Init App 1.7.0-SNAPSHOT] Updating Pod HiveMQ Platform Operator Init App version annotation (version: 1.7.0-SNAPSHOT)
2025-01-30 18:13:40,339 INFO c.h.h.t.HelmChartContainer - [POD] test-hivemq-platform-0 [8cebd144-e357-4517-97a9-a0cecbc06e35] in helmbridgeextensionit was MODIFIED
2025-01-30 18:13:40,349 INFO c.h.h.t.HelmChartContainer - [hivemq-test-hivemq-platform] [hivemq-platform-operator] [36528a42] 18:13:40.345 [pool-6-thread-15] DEBUG c.h.p.o.d.PlatformServiceResource - [helmbrid] Desired Platform services (3 services)
2025-01-30 18:13:40,350 INFO c.h.h.t.HelmChartContainer - [hivemq-test-hivemq-platform] [hivemq-platform-operator] [36528a42] 18:13:40.349 [pool-6-thread-16] DEBUG c.h.p.o.dependants.PodInfoConfigMap - [helmbrid] Desired PodInfo ConfigMap (1 extensions) (1 enabled)
2025-01-30 18:13:40,351 INFO c.h.h.t.HelmChartContainer - [hivemq-test-hivemq-platform] [hivemq-platform-operator] [36528a42] 18:13:40.350 [pool-6-thread-16] DEBUG c.h.p.o.dependants.PodInfoConfigMap - [helmbrid] Desired PodInfo ConfigMap (metrics port: 9399) (metrics path: /)
2025-01-30 18:13:40,352 INFO c.h.h.t.HelmChartContainer - [hivemq-test-hivemq-platform] [hivemq-platform-operator] [36528a42] 18:13:40.350 [pool-6-thread-16] DEBUG c.h.p.o.dependants.PodInfoConfigMap - [helmbrid] Desired PodInfo ConfigMap (extension state hash: 1079797684)
2025-01-30 18:13:40,355 INFO c.h.h.t.HelmChartContainer - [hivemq-test-hivemq-platform] [hivemq-platform-operator] [36528a42] 18:13:40.352 [pool-6-thread-11] DEBUG c.h.p.o.d.PodServiceAccountResource - [helmbrid] Desired PodServiceAccountResource (serviceAccountName: hivemq-platform-pod-test-hivemq-platform)
2025-01-30 18:13:40,356 INFO c.h.h.t.HelmChartContainer - [hivemq-test-hivemq-platform] [hivemq-platform-operator] [36528a42] 18:13:40.353 [pool-6-thread-16] DEBUG c.h.p.o.d.StatefulSetResource - [helmbrid] Desired StatefulSet (1 replicas) for status STARTING (READY)
2025-01-30 18:13:40,359 INFO c.h.h.t.HelmChartContainer - [hivemq-test-hivemq-platform] [hivemq-platform-operator] [36528a42] 18:13:40.357 [ReconcilerExecutor-hivemq-controller-110] INFO  c.h.p.o.HiveMQPlatformReconciler - [helmbrid] Reconciling HiveMQ Platform 'test-hivemq-platform' in namespace 'helmbridgeextensionit'
2025-01-30 18:13:40,359 INFO c.h.h.t.HelmChartContainer - [hivemq-test-hivemq-platform] [hivemq-platform-operator] [36528a42] 18:13:40.358 [ReconcilerExecutor-hivemq-controller-110] DEBUG c.h.p.o.HiveMQPlatformReconciler - [helmbrid] Custom Resource Status STARTING - HiveMQ Platform is starting (READY)
2025-01-30 18:13:40,359 INFO c.h.h.t.HelmChartContainer - [hivemq-test-hivemq-platform] [hivemq-platform-operator] [36528a42] 18:13:40.358 [ReconcilerExecutor-hivemq-controller-110] DEBUG c.h.p.o.HiveMQPlatformReconciler - [helmbrid] Custom Resource Spec (replicas: 1) (extensions: 1)
2025-01-30 18:13:40,362 INFO c.h.h.t.HelmChartContainer - [hivemq-test-hivemq-platform] [hivemq-platform-operator] [36528a42] 18:13:40.361 [ReconcilerExecutor-hivemq-controller-110] DEBUG c.h.p.o.HiveMQPlatformReconciler - [helmbrid] StatefulSet Status (revision: test-hivemq-platform-5686c99fcc, replicas: 1, available: 0, ready: 0, current: 1, updated: 1)
2025-01-30 18:13:40,362 INFO c.h.h.t.HelmChartContainer - [hivemq-test-hivemq-platform] [hivemq-platform-operator] [36528a42] 18:13:40.361 [ReconcilerExecutor-hivemq-controller-110] DEBUG c.h.p.o.HiveMQPlatformReconciler - [helmbrid] StatefulSet Spec (replicas: 1, init containers: 1, containers: 1, volumes: 4)
2025-01-30 18:13:40,363 INFO c.h.h.t.HelmChartContainer - [hivemq-test-hivemq-platform] [hivemq-platform-operator] [36528a42] 18:13:40.362 [ReconcilerExecutor-hivemq-controller-110] DEBUG c.h.p.o.h.HiveMQPlatformReconcilerErrorHandler - [helmbrid] Pod 'test-hivemq-platform-0' phase Running
2025-01-30 18:13:40,412 INFO c.h.h.t.HelmChartContainer - [test-hivemq-platform] [hivemq] [8cebd144] INFO  - [HiveMQ Platform Operator Init App 1.7.0-SNAPSHOT] Successfully updated Pod HiveMQ Platform Operator Init App version annotation (version: 1.7.0-SNAPSHOT)
2025-01-30 18:13:40,425 INFO c.h.h.t.HelmChartContainer - [test-hivemq-platform] [hivemq] [8cebd144] WARN  - [HiveMQ Platform Operator Init App 1.7.0-SNAPSHOT] Cannot connect to Health API for readiness: null
2025-01-30 18:13:40,431 INFO c.h.h.t.HelmChartContainer - [EVENT] Warning [Unhealthy] Readiness probe failed: HTTP probe failed with statuscode: 503 [helmbridgeextensionit:test-hivemq-platform-0]
2025-01-30 18:13:40,431 INFO c.h.h.t.HelmChartContainer - Received Unhealthy event for container hivemq in pod test-hivemq-platform-0 [8cebd144-e357-4517-97a9-a0cecbc06e35]
2025-01-30 18:13:40,435 INFO c.h.h.t.HelmChartContainer - [hivemq-test-hivemq-platform] [hivemq-platform-operator] [36528a42] 18:13:40.433 [ReconcilerExecutor-hivemq-controller-110] INFO  c.h.p.o.h.HiveMQPlatformReconcilerBaseHandler - [helmbrid] HiveMQ Platform is starting, 0 of 1 replicas are ready
2025-01-30 18:13:45,425 INFO c.h.h.t.HelmChartContainer - [test-hivemq-platform] [hivemq] [8cebd144] WARN  - [HiveMQ Platform Operator Init App 1.7.0-SNAPSHOT] Cannot connect to Health API for readiness: null
2025-01-30 18:13:45,431 INFO c.h.h.t.HelmChartContainer - [EVENT] Warning [Unhealthy] Readiness probe failed: HTTP probe failed with statuscode: 503 [helmbridgeextensionit:test-hivemq-platform-0]
2025-01-30 18:13:45,432 INFO c.h.h.t.HelmChartContainer - Received Unhealthy event for container hivemq in pod test-hivemq-platform-0 [8cebd144-e357-4517-97a9-a0cecbc06e35]
2025-01-30 18:13:50,430 INFO c.h.h.t.HelmChartContainer - [test-hivemq-platform] [hivemq] [8cebd144] WARN  - [HiveMQ Platform Operator Init App 1.7.0-SNAPSHOT] Cannot connect to Health API for readiness: null
2025-01-30 18:13:50,434 INFO c.h.h.t.HelmChartContainer - [EVENT] Warning [Unhealthy] Readiness probe failed: HTTP probe failed with statuscode: 503 [helmbridgeextensionit:test-hivemq-platform-0]
2025-01-30 18:13:50,434 INFO c.h.h.t.HelmChartContainer - Received Unhealthy event for container hivemq in pod test-hivemq-platform-0 [8cebd144-e357-4517-97a9-a0cecbc06e35]
2025-01-30 18:13:50,445 INFO c.h.h.t.HelmChartContainer - [hivemq-test-hivemq-platform] [hivemq-platform-operator] [36528a42] 18:13:50.443 [pool-6-thread-21] DEBUG c.h.p.o.d.PlatformServiceResource - [helmbrid] Desired Platform services (3 services)
2025-01-30 18:13:50,447 INFO c.h.h.t.HelmChartContainer - [hivemq-test-hivemq-platform] [hivemq-platform-operator] [36528a42] 18:13:50.446 [pool-6-thread-27] DEBUG c.h.p.o.dependants.PodInfoConfigMap - [helmbrid] Desired PodInfo ConfigMap (1 extensions) (1 enabled)
2025-01-30 18:13:50,449 INFO c.h.h.t.HelmChartContainer - [hivemq-test-hivemq-platform] [hivemq-platform-operator] [36528a42] 18:13:50.446 [pool-6-thread-27] DEBUG c.h.p.o.dependants.PodInfoConfigMap - [helmbrid] Desired PodInfo ConfigMap (metrics port: 9399) (metrics path: /)
2025-01-30 18:13:50,449 INFO c.h.h.t.HelmChartContainer - [hivemq-test-hivemq-platform] [hivemq-platform-operator] [36528a42] 18:13:50.446 [pool-6-thread-27] DEBUG c.h.p.o.dependants.PodInfoConfigMap - [helmbrid] Desired PodInfo ConfigMap (extension state hash: 1079797684)
2025-01-30 18:13:50,449 INFO c.h.h.t.HelmChartContainer - [hivemq-test-hivemq-platform] [hivemq-platform-operator] [36528a42] 18:13:50.446 [pool-6-thread-23] DEBUG c.h.p.o.d.PodServiceAccountResource - [helmbrid] Desired PodServiceAccountResource (serviceAccountName: hivemq-platform-pod-test-hivemq-platform)
2025-01-30 18:13:50,453 INFO c.h.h.t.HelmChartContainer - [hivemq-test-hivemq-platform] [hivemq-platform-operator] [36528a42] 18:13:50.450 [pool-6-thread-27] DEBUG c.h.p.o.d.StatefulSetResource - [helmbrid] Desired StatefulSet (1 replicas) for status STARTING (READY)
2025-01-30 18:13:50,458 INFO c.h.h.t.HelmChartContainer - [hivemq-test-hivemq-platform] [hivemq-platform-operator] [36528a42] 18:13:50.457 [ReconcilerExecutor-hivemq-controller-111] INFO  c.h.p.o.HiveMQPlatformReconciler - [helmbrid] Reconciling HiveMQ Platform 'test-hivemq-platform' in namespace 'helmbridgeextensionit'
2025-01-30 18:13:50,458 INFO c.h.h.t.HelmChartContainer - [hivemq-test-hivemq-platform] [hivemq-platform-operator] [36528a42] 18:13:50.457 [ReconcilerExecutor-hivemq-controller-111] DEBUG c.h.p.o.HiveMQPlatformReconciler - [helmbrid] Custom Resource Status STARTING - HiveMQ Platform is starting (READY)
2025-01-30 18:13:50,458 INFO c.h.h.t.HelmChartContainer - [hivemq-test-hivemq-platform] [hivemq-platform-operator] [36528a42] 18:13:50.457 [ReconcilerExecutor-hivemq-controller-111] DEBUG c.h.p.o.HiveMQPlatformReconciler - [helmbrid] Custom Resource Spec (replicas: 1) (extensions: 1)
2025-01-30 18:13:50,460 INFO c.h.h.t.HelmChartContainer - [hivemq-test-hivemq-platform] [hivemq-platform-operator] [36528a42] 18:13:50.459 [ReconcilerExecutor-hivemq-controller-111] DEBUG c.h.p.o.HiveMQPlatformReconciler - [helmbrid] StatefulSet Status (revision: test-hivemq-platform-5686c99fcc, replicas: 1, available: 0, ready: 0, current: 1, updated: 1)
2025-01-30 18:13:50,460 INFO c.h.h.t.HelmChartContainer - [hivemq-test-hivemq-platform] [hivemq-platform-operator] [36528a42] 18:13:50.459 [ReconcilerExecutor-hivemq-controller-111] DEBUG c.h.p.o.HiveMQPlatformReconciler - [helmbrid] StatefulSet Spec (replicas: 1, init containers: 1, containers: 1, volumes: 4)
2025-01-30 18:13:50,460 INFO c.h.h.t.HelmChartContainer - [hivemq-test-hivemq-platform] [hivemq-platform-operator] [36528a42] 18:13:50.460 [ReconcilerExecutor-hivemq-controller-111] DEBUG c.h.p.o.h.HiveMQPlatformReconcilerErrorHandler - [helmbrid] Pod 'test-hivemq-platform-0' phase Running
2025-01-30 18:13:50,534 INFO c.h.h.t.HelmChartContainer - [hivemq-test-hivemq-platform] [hivemq-platform-operator] [36528a42] 18:13:50.531 [ReconcilerExecutor-hivemq-controller-111] INFO  c.h.p.o.h.HiveMQPlatformReconcilerBaseHandler - [helmbrid] HiveMQ Platform is starting, 0 of 1 replicas are ready
2025-01-30 18:13:51,960 INFO c.h.h.t.HelmChartContainer - [test-hivemq-platform] [hivemq] [8cebd144] INFO  - No valid license file found. Using trial license, restricted to 25 connections.
2025-01-30 18:13:53,626 INFO c.h.h.t.HelmChartContainer - [test-hivemq-platform] [hivemq] [8cebd144] WARN  - [HiveMQ Platform Operator Init App 1.7.0-SNAPSHOT] Cannot connect to Health API for liveness: null
2025-01-30 18:13:53,626 INFO c.h.h.t.HelmChartContainer - [test-hivemq-platform] [hivemq] [8cebd144] INFO  - [HiveMQ Platform Operator Init App 1.7.0-SNAPSHOT] Returning default Health API response 200 for liveness
2025-01-30 18:13:55,427 INFO c.h.h.t.HelmChartContainer - [test-hivemq-platform] [hivemq] [8cebd144] WARN  - [HiveMQ Platform Operator Init App 1.7.0-SNAPSHOT] Cannot connect to Health API for readiness: null
2025-01-30 18:13:55,432 INFO c.h.h.t.HelmChartContainer - [EVENT] Warning [Unhealthy] Readiness probe failed: HTTP probe failed with statuscode: 503 [helmbridgeextensionit:test-hivemq-platform-0]
2025-01-30 18:13:55,432 INFO c.h.h.t.HelmChartContainer - Received Unhealthy event for container hivemq in pod test-hivemq-platform-0 [8cebd144-e357-4517-97a9-a0cecbc06e35]
2025-01-30 18:13:55,539 INFO c.h.h.t.HelmChartContainer - [test-hivemq-platform] [hivemq] [8cebd144] INFO  - No valid license file for Data Hub found. Using free license, restricted to 1 policy.
2025-01-30 18:13:56,747 INFO c.h.h.t.HelmChartContainer - [test-hivemq-platform] [hivemq] [8cebd144] INFO  - Audit Logger started.
2025-01-30 18:13:57,036 INFO c.h.h.t.HelmChartContainer - [test-hivemq-platform] [hivemq] [8cebd144] INFO  - This node uses '1' CPU cores.
2025-01-30 18:13:57,040 INFO c.h.h.t.HelmChartContainer - [test-hivemq-platform] [hivemq] [8cebd144] INFO  - Starting HiveMQ Health API on address 0.0.0.0 and port 8889
2025-01-30 18:13:57,831 INFO c.h.h.t.HelmChartContainer - [test-hivemq-platform] [hivemq] [8cebd144] INFO  - Started HiveMQ Health API in 791ms
2025-01-30 18:13:58,525 INFO c.h.h.t.HelmChartContainer - [test-hivemq-platform] [hivemq] [8cebd144] INFO  - Starting HiveMQ extension system.
2025-01-30 18:14:00,540 INFO c.h.h.t.HelmChartContainer - [hivemq-test-hivemq-platform] [hivemq-platform-operator] [36528a42] 18:14:00.537 [pool-6-thread-37] DEBUG c.h.p.o.d.PlatformServiceResource - [helmbrid] Desired Platform services (3 services)
2025-01-30 18:14:00,540 INFO c.h.h.t.HelmChartContainer - [hivemq-test-hivemq-platform] [hivemq-platform-operator] [36528a42] 18:14:00.539 [pool-6-thread-33] DEBUG c.h.p.o.dependants.PodInfoConfigMap - [helmbrid] Desired PodInfo ConfigMap (1 extensions) (1 enabled)
2025-01-30 18:14:00,540 INFO c.h.h.t.HelmChartContainer - [hivemq-test-hivemq-platform] [hivemq-platform-operator] [36528a42] 18:14:00.539 [pool-6-thread-33] DEBUG c.h.p.o.dependants.PodInfoConfigMap - [helmbrid] Desired PodInfo ConfigMap (metrics port: 9399) (metrics path: /)
2025-01-30 18:14:00,540 INFO c.h.h.t.HelmChartContainer - [hivemq-test-hivemq-platform] [hivemq-platform-operator] [36528a42] 18:14:00.539 [pool-6-thread-33] DEBUG c.h.p.o.dependants.PodInfoConfigMap - [helmbrid] Desired PodInfo ConfigMap (extension state hash: 1079797684)
2025-01-30 18:14:00,543 INFO c.h.h.t.HelmChartContainer - [hivemq-test-hivemq-platform] [hivemq-platform-operator] [36528a42] 18:14:00.541 [pool-6-thread-35] DEBUG c.h.p.o.d.PodServiceAccountResource - [helmbrid] Desired PodServiceAccountResource (serviceAccountName: hivemq-platform-pod-test-hivemq-platform)
2025-01-30 18:14:00,547 INFO c.h.h.t.HelmChartContainer - [hivemq-test-hivemq-platform] [hivemq-platform-operator] [36528a42] 18:14:00.546 [pool-6-thread-37] DEBUG c.h.p.o.d.StatefulSetResource - [helmbrid] Desired StatefulSet (1 replicas) for status STARTING (READY)
2025-01-30 18:14:00,552 INFO c.h.h.t.HelmChartContainer - [hivemq-test-hivemq-platform] [hivemq-platform-operator] [36528a42] 18:14:00.550 [ReconcilerExecutor-hivemq-controller-112] INFO  c.h.p.o.HiveMQPlatformReconciler - [helmbrid] Reconciling HiveMQ Platform 'test-hivemq-platform' in namespace 'helmbridgeextensionit'
2025-01-30 18:14:00,552 INFO c.h.h.t.HelmChartContainer - [hivemq-test-hivemq-platform] [hivemq-platform-operator] [36528a42] 18:14:00.550 [ReconcilerExecutor-hivemq-controller-112] DEBUG c.h.p.o.HiveMQPlatformReconciler - [helmbrid] Custom Resource Status STARTING - HiveMQ Platform is starting (READY)
2025-01-30 18:14:00,552 INFO c.h.h.t.HelmChartContainer - [hivemq-test-hivemq-platform] [hivemq-platform-operator] [36528a42] 18:14:00.551 [ReconcilerExecutor-hivemq-controller-112] DEBUG c.h.p.o.HiveMQPlatformReconciler - [helmbrid] Custom Resource Spec (replicas: 1) (extensions: 1)
2025-01-30 18:14:00,630 INFO c.h.h.t.HelmChartContainer - [test-hivemq-platform] [hivemq] [8cebd144] INFO  - No license found for enterprise extension with name "HiveMQ Enterprise Bridge Extension". Entering extension trial mode. "HiveMQ Enterprise Bridge Extension" will be disabled in 5 hours.
2025-01-30 18:14:00,633 INFO c.h.h.t.HelmChartContainer - [hivemq-test-hivemq-platform] [hivemq-platform-operator] [36528a42] 18:14:00.631 [ReconcilerExecutor-hivemq-controller-112] DEBUG c.h.p.o.HiveMQPlatformReconciler - [helmbrid] StatefulSet Status (revision: test-hivemq-platform-5686c99fcc, replicas: 1, available: 0, ready: 0, current: 1, updated: 1)
2025-01-30 18:14:00,635 INFO c.h.h.t.HelmChartContainer - [hivemq-test-hivemq-platform] [hivemq-platform-operator] [36528a42] 18:14:00.631 [ReconcilerExecutor-hivemq-controller-112] DEBUG c.h.p.o.HiveMQPlatformReconciler - [helmbrid] StatefulSet Spec (replicas: 1, init containers: 1, containers: 1, volumes: 4)
2025-01-30 18:14:00,635 INFO c.h.h.t.HelmChartContainer - [hivemq-test-hivemq-platform] [hivemq-platform-operator] [36528a42] 18:14:00.634 [ReconcilerExecutor-hivemq-controller-112] DEBUG c.h.p.o.h.HiveMQPlatformReconcilerErrorHandler - [helmbrid] Pod 'test-hivemq-platform-0' phase Running
2025-01-30 18:14:00,640 INFO c.h.h.t.HelmChartContainer - [hivemq-test-hivemq-platform] [hivemq-platform-operator] [36528a42] 18:14:00.638 [ReconcilerExecutor-hivemq-controller-112] INFO  c.h.p.o.h.HiveMQPlatformReconcilerBaseHandler - [helmbrid] HiveMQ Platform is starting, 0 of 1 replicas are ready
2025-01-30 18:14:00,930 INFO c.h.h.t.HelmChartContainer - [test-hivemq-platform] [hivemq] [8cebd144] INFO  - Starting extension with id "hivemq-dns-cluster-discovery" at /opt/hivemq/extensions/hivemq-dns-cluster-discovery
2025-01-30 18:14:01,380 INFO c.h.h.t.HelmChartContainer - [EVENT] Warning [Unhealthy] Readiness probe failed: Get "http://10.42.0.6:7979/readiness": context deadline exceeded (Client.Timeout exceeded while awaiting headers) [helmbridgeextensionit:test-hivemq-platform-0]
2025-01-30 18:14:01,381 INFO c.h.h.t.HelmChartContainer - Received Unhealthy event for container hivemq in pod test-hivemq-platform-0 [8cebd144-e357-4517-97a9-a0cecbc06e35]
2025-01-30 18:14:01,634 INFO c.h.h.t.HelmChartContainer - [test-hivemq-platform] [hivemq] [8cebd144] INFO  - Extension "DNS Cluster Discovery Extension" version 4.3.2 started successfully.
2025-01-30 18:14:01,635 INFO c.h.h.t.HelmChartContainer - [test-hivemq-platform] [hivemq] [8cebd144] INFO  - Starting extension with id "hivemq-bridge-extension" at /opt/hivemq/extensions/hivemq-bridge-extension
2025-01-30 18:14:02,025 INFO c.h.h.t.HelmChartContainer - [test-hivemq-platform] [hivemq] [8cebd144] INFO  - Using TCP cluster transport on address 10.42.0.6 and port 7000
2025-01-30 18:14:02,028 INFO c.h.h.t.HelmChartContainer - [test-hivemq-platform] [hivemq] [8cebd144] INFO  - [HiveMQ Platform Operator Init App 1.7.0-SNAPSHOT] Returning Health API response 503 for readiness
2025-01-30 18:14:02,036 INFO c.h.h.t.HelmChartContainer - [test-hivemq-platform] [hivemq] [8cebd144] INFO  - Using extension cluster discovery
2025-01-30 18:14:02,836 INFO c.h.h.t.HelmChartContainer - [test-hivemq-platform] [hivemq] [8cebd144] INFO  - HiveMQ Enterprise Bridge Extension: Successfully loaded configuration from '/opt/hivemq/extensions/hivemq-bridge-extension/conf/config.xml'.
2025-01-30 18:14:03,530 INFO c.h.h.t.HelmChartContainer - [test-hivemq-platform] [hivemq] [8cebd144] INFO  - Bridge Extension: Connecting to remote brokers...
2025-01-30 18:14:04,024 INFO c.h.h.t.HelmChartContainer - [test-hivemq-platform] [hivemq] [8cebd144] INFO  - Bridge Extension: Connected to bridge 'testbridge', session present 'false'.
2025-01-30 18:14:04,024 INFO c.h.h.t.HelmChartContainer - [test-hivemq-platform] [hivemq] [8cebd144] INFO  - Bridge Extension: Connected to bridge 'testbridge', session present 'false'.
2025-01-30 18:14:04,133 INFO c.h.h.t.HelmChartContainer - [test-hivemq-platform] [hivemq] [8cebd144] WARN  - Node is waiting for an operational cluster member
2025-01-30 18:14:05,347 INFO c.h.h.t.HelmChartContainer - [EVENT] Warning [Unhealthy] Readiness probe failed: HTTP probe failed with statuscode: 503 [helmbridgeextensionit:test-hivemq-platform-0]
2025-01-30 18:14:05,347 INFO c.h.h.t.HelmChartContainer - Received Unhealthy event for container hivemq in pod test-hivemq-platform-0 [8cebd144-e357-4517-97a9-a0cecbc06e35]
2025-01-30 18:14:05,527 INFO c.h.h.t.HelmChartContainer - [test-hivemq-platform] [hivemq] [8cebd144] INFO  - R1Iii: no members discovered after 2603 ms: creating cluster as first member
2025-01-30 18:14:05,535 INFO c.h.h.t.HelmChartContainer - [test-hivemq-platform] [hivemq] [8cebd144] INFO  - Cluster nodes found by discovery: [R1Iii|0] (1) [R1Iii].
2025-01-30 18:14:05,732 INFO c.h.h.t.HelmChartContainer - [test-hivemq-platform] [hivemq] [8cebd144] INFO  - Extension "HiveMQ Enterprise Bridge Extension" version 4.36.0 started successfully.
2025-01-30 18:14:05,732 INFO c.h.h.t.HelmChartContainer - [test-hivemq-platform] [hivemq] [8cebd144] INFO  - Starting extension with id "hivemq-prometheus-extension" at /opt/hivemq/extensions/hivemq-prometheus-extension
2025-01-30 18:14:06,337 INFO c.h.h.t.HelmChartContainer - [test-hivemq-platform] [hivemq] [8cebd144] INFO  - Started Jetty Server exposing Prometheus Servlet on URI http://0.0.0.0:9399/
2025-01-30 18:14:06,338 INFO c.h.h.t.HelmChartContainer - [test-hivemq-platform] [hivemq] [8cebd144] INFO  - Extension "Prometheus Monitoring Extension" version 4.0.12 started successfully.
2025-01-30 18:14:06,338 INFO c.h.h.t.HelmChartContainer - [test-hivemq-platform] [hivemq] [8cebd144] INFO  - Starting extension with id "hivemq-allow-all-extension" at /opt/hivemq/extensions/hivemq-allow-all-extension
2025-01-30 18:14:06,338 INFO c.h.h.t.HelmChartContainer - [test-hivemq-platform] [hivemq] [8cebd144] WARN  - 
2025-01-30 18:14:06,338 INFO c.h.h.t.HelmChartContainer - [test-hivemq-platform] [hivemq] [8cebd144] ################################################################################################################
2025-01-30 18:14:06,338 INFO c.h.h.t.HelmChartContainer - [test-hivemq-platform] [hivemq] [8cebd144] # This HiveMQ deployment is not secure! You are lacking Authentication and Authorization.                      #
2025-01-30 18:14:06,338 INFO c.h.h.t.HelmChartContainer - [test-hivemq-platform] [hivemq] [8cebd144] # Right now any MQTT client can connect to the broker with a full set of permissions.                          #
2025-01-30 18:14:06,338 INFO c.h.h.t.HelmChartContainer - [test-hivemq-platform] [hivemq] [8cebd144] # For production usage, add an appropriate security extension and remove the hivemq-allow-all extension.       #
2025-01-30 18:14:06,338 INFO c.h.h.t.HelmChartContainer - [test-hivemq-platform] [hivemq] [8cebd144] # You can download security extensions from the HiveMQ Marketplace (https://www.hivemq.com/extensions/).       #
2025-01-30 18:14:06,338 INFO c.h.h.t.HelmChartContainer - [test-hivemq-platform] [hivemq] [8cebd144] ################################################################################################################
2025-01-30 18:14:06,338 INFO c.h.h.t.HelmChartContainer - [test-hivemq-platform] [hivemq] [8cebd144] INFO  - Extension "Allow All Extension" version 1.1.1 started successfully.
2025-01-30 18:14:06,339 INFO c.h.h.t.HelmChartContainer - [test-hivemq-platform] [hivemq] [8cebd144] WARN  - No user for HiveMQ Control Center configured. Starting with default user
2025-01-30 18:14:06,339 INFO c.h.h.t.HelmChartContainer - [test-hivemq-platform] [hivemq] [8cebd144] INFO  - Starting HiveMQ Control Center on address 0.0.0.0 and port 8080
2025-01-30 18:14:06,353 INFO c.h.h.t.HelmChartContainer - [test-hivemq-platform] [hivemq] [8cebd144] INFO  - Mounting HiveMQ Control Center V2 Preview
2025-01-30 18:14:07,108 INFO c.h.h.t.HelmChartContainer - [test-hivemq-platform] [hivemq] [8cebd144] INFO  - Started HiveMQ Control Center in 770ms
2025-01-30 18:14:07,138 INFO c.h.h.t.HelmChartContainer - [test-hivemq-platform] [hivemq] [8cebd144] INFO  - Starting TCP listener on address 0.0.0.0 and port 1883
2025-01-30 18:14:07,224 INFO c.h.h.t.HelmChartContainer - [test-hivemq-platform] [hivemq] [8cebd144] INFO  - Started TCP Listener on address 0.0.0.0 and on port 1883.
2025-01-30 18:14:07,224 INFO c.h.h.t.HelmChartContainer - [test-hivemq-platform] [hivemq] [8cebd144] INFO  - Started HiveMQ in 34686ms
2025-01-30 18:14:10,343 INFO c.h.h.t.HelmChartContainer - [test-hivemq-platform] [hivemq] [8cebd144] INFO  - [HiveMQ Platform Operator Init App 1.7.0-SNAPSHOT] Returning Health API response 200 for readiness
2025-01-30 18:14:10,361 INFO c.h.h.t.HelmChartContainer - [POD] test-hivemq-platform-0 [8cebd144-e357-4517-97a9-a0cecbc06e35] in helmbridgeextensionit was MODIFIED
2025-01-30 18:14:10,372 INFO c.h.h.t.HelmChartContainer - [hivemq-test-hivemq-platform] [hivemq-platform-operator] [36528a42] 18:14:10.363 [pool-6-thread-43] DEBUG c.h.p.o.d.PlatformServiceResource - [helmbrid] Desired Platform services (3 services)
2025-01-30 18:14:10,382 INFO c.h.h.t.HelmChartContainer - [hivemq-test-hivemq-platform] [hivemq-platform-operator] [36528a42] 18:14:10.365 [pool-6-thread-46] DEBUG c.h.p.o.dependants.PodInfoConfigMap - [helmbrid] Desired PodInfo ConfigMap (1 extensions) (1 enabled)
2025-01-30 18:14:10,383 INFO c.h.h.t.HelmChartContainer - [hivemq-test-hivemq-platform] [hivemq-platform-operator] [36528a42] 18:14:10.365 [pool-6-thread-46] DEBUG c.h.p.o.dependants.PodInfoConfigMap - [helmbrid] Desired PodInfo ConfigMap (metrics port: 9399) (metrics path: /)
2025-01-30 18:14:10,383 INFO c.h.h.t.HelmChartContainer - [hivemq-test-hivemq-platform] [hivemq-platform-operator] [36528a42] 18:14:10.365 [pool-6-thread-46] DEBUG c.h.p.o.dependants.PodInfoConfigMap - [helmbrid] Desired PodInfo ConfigMap (extension state hash: 1079797684)
2025-01-30 18:14:10,383 INFO c.h.h.t.HelmChartContainer - [hivemq-test-hivemq-platform] [hivemq-platform-operator] [36528a42] 18:14:10.367 [pool-6-thread-42] DEBUG c.h.p.o.d.PodServiceAccountResource - [helmbrid] Desired PodServiceAccountResource (serviceAccountName: hivemq-platform-pod-test-hivemq-platform)
2025-01-30 18:14:10,383 INFO c.h.h.t.HelmChartContainer - [hivemq-test-hivemq-platform] [hivemq-platform-operator] [36528a42] 18:14:10.373 [pool-6-thread-43] DEBUG c.h.p.o.d.StatefulSetResource - [helmbrid] Desired StatefulSet (1 replicas) for status STARTING (READY)
2025-01-30 18:14:10,436 INFO c.h.h.t.HelmChartContainer - [hivemq-test-hivemq-platform] [hivemq-platform-operator] [36528a42] 18:14:10.434 [ReconcilerExecutor-hivemq-controller-113] INFO  c.h.p.o.HiveMQPlatformReconciler - [helmbrid] Reconciling HiveMQ Platform 'test-hivemq-platform' in namespace 'helmbridgeextensionit'
2025-01-30 18:14:10,436 INFO c.h.h.t.HelmChartContainer - [hivemq-test-hivemq-platform] [hivemq-platform-operator] [36528a42] 18:14:10.434 [ReconcilerExecutor-hivemq-controller-113] DEBUG c.h.p.o.HiveMQPlatformReconciler - [helmbrid] Custom Resource Status STARTING - HiveMQ Platform is starting (READY)
2025-01-30 18:14:10,436 INFO c.h.h.t.HelmChartContainer - [hivemq-test-hivemq-platform] [hivemq-platform-operator] [36528a42] 18:14:10.435 [ReconcilerExecutor-hivemq-controller-113] DEBUG c.h.p.o.HiveMQPlatformReconciler - [helmbrid] Custom Resource Spec (replicas: 1) (extensions: 1)
2025-01-30 18:14:10,439 INFO c.h.h.t.HelmChartContainer - [hivemq-test-hivemq-platform] [hivemq-platform-operator] [36528a42] 18:14:10.438 [ReconcilerExecutor-hivemq-controller-113] DEBUG c.h.p.o.HiveMQPlatformReconciler - [helmbrid] StatefulSet Status (revision: test-hivemq-platform-5686c99fcc, replicas: 1, available: 1, ready: 1, current: 1, updated: 1)
2025-01-30 18:14:10,441 INFO c.h.h.t.HelmChartContainer - [hivemq-test-hivemq-platform] [hivemq-platform-operator] [36528a42] 18:14:10.438 [ReconcilerExecutor-hivemq-controller-113] DEBUG c.h.p.o.HiveMQPlatformReconciler - [helmbrid] StatefulSet Spec (replicas: 1, init containers: 1, containers: 1, volumes: 4)
2025-01-30 18:14:10,442 INFO c.h.h.t.HelmChartContainer - [hivemq-test-hivemq-platform] [hivemq-platform-operator] [36528a42] 18:14:10.440 [ReconcilerExecutor-hivemq-controller-113] DEBUG c.h.p.o.h.HiveMQPlatformReconcilerErrorHandler - [helmbrid] Pod 'test-hivemq-platform-0' phase Running
2025-01-30 18:14:10,443 INFO c.h.h.t.HelmChartContainer - [hivemq-test-hivemq-platform] [hivemq-platform-operator] [36528a42] 18:14:10.440 [ReconcilerExecutor-hivemq-controller-113] INFO  c.h.p.o.h.HiveMQPlatformReconcilerBaseHandler - [helmbrid] HiveMQ Platform started successfully
2025-01-30 18:14:10,540 INFO c.h.h.t.HelmChartContainer - [hivemq-test-hivemq-platform] [hivemq-platform-operator] [36528a42] 18:14:10.539 [ReconcilerExecutor-hivemq-controller-113] DEBUG c.h.p.operator.event.EventSender - [helmbrid] Creating K8s event hivemq-platform-ready: [Ready] HiveMQ Platform is ready
2025-01-30 18:14:10,544 INFO c.h.h.t.HelmChartContainer - [EVENT] Normal [Ready] HiveMQ Platform is ready [helmbridgeextensionit:test-hivemq-platform]
2025-01-30 18:14:10,548 INFO c.h.h.t.HelmChartContainer - [hivemq-test-hivemq-platform] [hivemq-platform-operator] [36528a42] 18:14:10.545 [ReconcilerExecutor-hivemq-controller-113] INFO  c.h.p.o.h.AbstractHiveMQReconcilerStateHandler - [helmbrid] Update HiveMQ Platform Status (STARTING [READY] -> RUNNING [READY]): HiveMQ Platform is ready
2025-01-30 18:14:10,554 DEBUG com.hivemq.helmcharts.util.K8sUtil - Comparing actual state 'RUNNING' and waiting for 'RUNNING'
2025-01-30 18:14:10,641 INFO c.h.h.t.HelmChartContainer - [hivemq-test-hivemq-platform] [hivemq-platform-operator] [36528a42] 18:14:10.635 [pool-6-thread-2] DEBUG c.h.p.o.d.PlatformServiceResource - [helmbrid] Desired Platform services (3 services)
2025-01-30 18:14:10,641 INFO c.h.h.t.HelmChartContainer - [hivemq-test-hivemq-platform] [hivemq-platform-operator] [36528a42] 18:14:10.639 [pool-6-thread-1] DEBUG c.h.p.o.dependants.PodInfoConfigMap - [helmbrid] Desired PodInfo ConfigMap (1 extensions) (1 enabled)
2025-01-30 18:14:10,641 INFO c.h.h.t.HelmChartContainer - [hivemq-test-hivemq-platform] [hivemq-platform-operator] [36528a42] 18:14:10.639 [pool-6-thread-1] DEBUG c.h.p.o.dependants.PodInfoConfigMap - [helmbrid] Desired PodInfo ConfigMap (metrics port: 9399) (metrics path: /)
2025-01-30 18:14:10,641 INFO c.h.h.t.HelmChartContainer - [hivemq-test-hivemq-platform] [hivemq-platform-operator] [36528a42] 18:14:10.639 [pool-6-thread-1] DEBUG c.h.p.o.dependants.PodInfoConfigMap - [helmbrid] Desired PodInfo ConfigMap (extension state hash: 1079797684)
2025-01-30 18:14:10,641 INFO c.h.h.t.HelmChartContainer - [hivemq-test-hivemq-platform] [hivemq-platform-operator] [36528a42] 18:14:10.640 [pool-6-thread-1] DEBUG c.h.p.o.dependants.PodInfoConfigMap - [helmbrid] Update PodInfo ConfigMap
2025-01-30 18:14:10,648 INFO c.h.h.t.HelmChartContainer - [hivemq-test-hivemq-platform] [hivemq-platform-operator] [36528a42] 18:14:10.643 [pool-6-thread-5] DEBUG c.h.p.o.d.PodServiceAccountResource - [helmbrid] Desired PodServiceAccountResource (serviceAccountName: hivemq-platform-pod-test-hivemq-platform)
2025-01-30 18:14:10,659 INFO c.h.h.t.HelmChartContainer - [hivemq-test-hivemq-platform] [hivemq-platform-operator] [36528a42] 18:14:10.657 [pool-6-thread-1] DEBUG c.h.p.o.d.StatefulSetResource - [helmbrid] Desired StatefulSet (1 replicas) for status RUNNING (READY)
2025-01-30 18:14:10,735 INFO c.h.h.t.HelmChartContainer - [hivemq-test-hivemq-platform] [hivemq-platform-operator] [36528a42] 18:14:10.733 [ReconcilerExecutor-hivemq-controller-114] INFO  c.h.p.o.HiveMQPlatformReconciler - [helmbrid] Reconciling HiveMQ Platform 'test-hivemq-platform' in namespace 'helmbridgeextensionit'
2025-01-30 18:14:10,735 INFO c.h.h.t.HelmChartContainer - [hivemq-test-hivemq-platform] [hivemq-platform-operator] [36528a42] 18:14:10.733 [ReconcilerExecutor-hivemq-controller-114] DEBUG c.h.p.o.HiveMQPlatformReconciler - [helmbrid] Custom Resource Status RUNNING - HiveMQ Platform is ready (READY)
2025-01-30 18:14:10,735 INFO c.h.h.t.HelmChartContainer - [hivemq-test-hivemq-platform] [hivemq-platform-operator] [36528a42] 18:14:10.733 [ReconcilerExecutor-hivemq-controller-114] DEBUG c.h.p.o.HiveMQPlatformReconciler - [helmbrid] Custom Resource Spec (replicas: 1) (extensions: 1)
2025-01-30 18:14:10,739 INFO c.h.h.t.HelmChartContainer - [hivemq-test-hivemq-platform] [hivemq-platform-operator] [36528a42] 18:14:10.737 [ReconcilerExecutor-hivemq-controller-114] DEBUG c.h.p.o.HiveMQPlatformReconciler - [helmbrid] StatefulSet Status (revision: test-hivemq-platform-5686c99fcc, replicas: 1, available: 1, ready: 1, current: 1, updated: 1)
2025-01-30 18:14:10,741 INFO c.h.h.t.HelmChartContainer - [hivemq-test-hivemq-platform] [hivemq-platform-operator] [36528a42] 18:14:10.737 [ReconcilerExecutor-hivemq-controller-114] DEBUG c.h.p.o.HiveMQPlatformReconciler - [helmbrid] StatefulSet Spec (replicas: 1, init containers: 1, containers: 1, volumes: 4)
2025-01-30 18:14:10,742 INFO c.h.h.t.HelmChartContainer - [hivemq-test-hivemq-platform] [hivemq-platform-operator] [36528a42] 18:14:10.742 [ReconcilerExecutor-hivemq-controller-114] DEBUG c.h.p.o.h.HiveMQPlatformReconcilerErrorHandler - [helmbrid] Pod 'test-hivemq-platform-0' phase Running
2025-01-30 18:14:11,080 INFO c.h.h.e.HelmBridgeExtensionIT - remote client subscribed
2025-01-30 18:14:11,086 INFO c.h.h.e.HelmBridgeExtensionIT - local client has published
2025-01-30 18:14:12,328 INFO c.h.h.t.HelmChartContainer - Uninstalling release 'test-hivemq-platform' in namespace 'helmbridgeextensionit'...
2025-01-30 18:14:12,328 DEBUG c.h.h.t.HelmChartContainer - Executing helm command: /bin/helm --kubeconfig /etc/rancher/k3s/k3s.yaml uninstall test-hivemq-platform  --wait --timeout 5m0s --cascade foreground --namespace helmbridgeextensionit
2025-01-30 18:14:12,538 INFO c.h.h.t.HelmChartContainer - [hivemq-test-hivemq-platform] [hivemq-platform-operator] [36528a42] 18:14:12.531 [pool-6-thread-19] DEBUG c.h.p.o.d.PlatformServiceResource - [helmbrid] Desired Platform services (3 services)
2025-01-30 18:14:12,539 INFO c.h.h.t.HelmChartContainer - [hivemq-test-hivemq-platform] [hivemq-platform-operator] [36528a42] 18:14:12.534 [pool-6-thread-18] DEBUG c.h.p.o.dependants.PodInfoConfigMap - [helmbrid] Desired PodInfo ConfigMap (1 extensions) (1 enabled)
2025-01-30 18:14:12,541 INFO c.h.h.t.HelmChartContainer - [hivemq-test-hivemq-platform] [hivemq-platform-operator] [36528a42] 18:14:12.534 [pool-6-thread-18] DEBUG c.h.p.o.dependants.PodInfoConfigMap - [helmbrid] Desired PodInfo ConfigMap (metrics port: 9399) (metrics path: /)
2025-01-30 18:14:12,541 INFO c.h.h.t.HelmChartContainer - [hivemq-test-hivemq-platform] [hivemq-platform-operator] [36528a42] 18:14:12.534 [pool-6-thread-18] DEBUG c.h.p.o.dependants.PodInfoConfigMap - [helmbrid] Desired PodInfo ConfigMap (extension state hash: 1079797684)
2025-01-30 18:14:12,602 INFO c.h.h.t.HelmChartContainer - [hivemq-test-hivemq-platform] [hivemq-platform-operator] [36528a42] 18:14:12.600 [pool-6-thread-14] DEBUG c.h.p.o.d.PodServiceAccountResource - [helmbrid] Desired PodServiceAccountResource (serviceAccountName: hivemq-platform-pod-test-hivemq-platform)
2025-01-30 18:14:12,615 INFO c.h.h.t.HelmChartContainer - [hivemq-test-hivemq-platform] [hivemq-platform-operator] [36528a42] 18:14:12.613 [pool-6-thread-18] DEBUG c.h.p.o.d.StatefulSetResource - [helmbrid] Desired StatefulSet (1 replicas) for status RUNNING (READY)
2025-01-30 18:14:12,634 INFO c.h.h.t.HelmChartContainer - [hivemq-test-hivemq-platform] [hivemq-platform-operator] [36528a42] 18:14:12.633 [pool-6-thread-18] DEBUG c.h.p.o.d.StatefulSetResource - [helmbrid] Update StatefulSet (replicas: 1 -> 1)
2025-01-30 18:14:12,635 INFO c.h.h.t.HelmChartContainer - [hivemq-test-hivemq-platform] [hivemq-platform-operator] [36528a42] 18:14:12.634 [pool-6-thread-18] DEBUG c.h.p.o.d.StatefulSetResource - [helmbrid] Detected change in StatefulSet specification (path: /template/metadata/annotations/kubernetes-resource-versions) (actual value: {broker-configuration-v2=-2089688360}) (target value: {broker-configuration-v2=0})
2025-01-30 18:14:12,635 INFO c.h.h.t.HelmChartContainer - [hivemq-test-hivemq-platform] [hivemq-platform-operator] [36528a42] 18:14:12.634 [pool-6-thread-18] INFO  c.h.p.o.d.StatefulSetResource - [helmbrid] StatefulSet spec was updated, triggering rolling restart
2025-01-30 18:14:12,715 INFO c.h.h.t.HelmChartContainer - [hivemq-test-hivemq-platform] [hivemq-platform-operator] [36528a42] 18:14:12.713 [ReconcilerExecutor-hivemq-controller-115] INFO  c.h.p.o.HiveMQPlatformReconciler - [helmbrid] Reconciling HiveMQ Platform 'test-hivemq-platform' in namespace 'helmbridgeextensionit'
2025-01-30 18:14:12,715 INFO c.h.h.t.HelmChartContainer - [hivemq-test-hivemq-platform] [hivemq-platform-operator] [36528a42] 18:14:12.714 [ReconcilerExecutor-hivemq-controller-115] DEBUG c.h.p.o.HiveMQPlatformReconciler - [helmbrid] Custom Resource Status RUNNING - HiveMQ Platform is ready (READY) (reconciliation requests: REQUESTS_UPDATED, ROLLING_RESTART)
2025-01-30 18:14:12,715 INFO c.h.h.t.HelmChartContainer - [hivemq-test-hivemq-platform] [hivemq-platform-operator] [36528a42] 18:14:12.714 [ReconcilerExecutor-hivemq-controller-115] DEBUG c.h.p.o.HiveMQPlatformReconciler - [helmbrid] Custom Resource Spec (replicas: 1) (extensions: 1)
2025-01-30 18:14:12,716 INFO c.h.h.t.HelmChartContainer - [hivemq-test-hivemq-platform] [hivemq-platform-operator] [36528a42] 18:14:12.714 [ReconcilerExecutor-hivemq-controller-115] WARN  c.h.p.o.h.HiveMQPlatformReconcilerErrorHandler - [helmbrid] Could not find ConfigMap 'hivemq-configuration-test-hivemq-platform' for HiveMQ Platform configuration
2025-01-30 18:14:12,810 INFO c.h.h.t.HelmChartContainer - [hivemq-test-hivemq-platform] [hivemq-platform-operator] [36528a42] 18:14:12.808 [ReconcilerExecutor-hivemq-controller-115] DEBUG c.h.p.operator.event.EventSender - [helmbrid] Creating K8s event hivemq-platform-invalid-configuration: [Start] Could not find ConfigMap 'hivemq-configuration-test-hivemq-platform' for HiveMQ Platform configuration
2025-01-30 18:14:12,814 INFO c.h.h.t.HelmChartContainer - [hivemq-test-hivemq-platform] [hivemq-platform-operator] [36528a42] 18:14:12.814 [ReconcilerExecutor-hivemq-controller-115] INFO  c.h.p.o.h.AbstractHiveMQReconcilerStateHandler - [helmbrid] Update HiveMQ Platform Status (RUNNING [READY] -> ERROR [INVALID_CONFIG_MAP]): Could not find ConfigMap 'hivemq-configuration-test-hivemq-platform' for HiveMQ Platform configuration (reconciliation requests: ROLLING_RESTART)
2025-01-30 18:14:12,814 INFO c.h.h.t.HelmChartContainer - [EVENT] Warning [Start] Could not find ConfigMap 'hivemq-configuration-test-hivemq-platform' for HiveMQ Platform configuration [helmbridgeextensionit:test-hivemq-platform]
2025-01-30 18:14:12,825 INFO c.h.h.t.HelmChartContainer - [hivemq-test-hivemq-platform] [hivemq-platform-operator] [36528a42] 18:14:12.821 [ReconcilerExecutor-hivemq-controller-115] ERROR i.j.o.p.event.EventProcessor - Error during event processing ExecutionScope{ resource id: ResourceID{name='test-hivemq-platform', namespace='helmbridgeextensionit'}, version: 608}
2025-01-30 18:14:12,825 INFO c.h.h.t.HelmChartContainer - [hivemq-test-hivemq-platform] [hivemq-platform-operator] [36528a42] io.fabric8.kubernetes.client.KubernetesClientException: Failure executing: PUT at: https://10.43.0.1:443/apis/hivemq.com/v1/namespaces/helmbridgeextensionit/hivemq-platforms/test-hivemq-platform/status. Message: Operation cannot be fulfilled on hivemq-platforms.hivemq.com "test-hivemq-platform": the object has been modified; please apply your changes to the latest version and try again. Received status: Status(apiVersion=v1, code=409, details=StatusDetails(causes=[], group=hivemq.com, kind=hivemq-platforms, name=test-hivemq-platform, retryAfterSeconds=null, uid=null, additionalProperties={}), kind=Status, message=Operation cannot be fulfilled on hivemq-platforms.hivemq.com "test-hivemq-platform": the object has been modified; please apply your changes to the latest version and try again, metadata=ListMeta(_continue=null, remainingItemCount=null, resourceVersion=null, selfLink=null, additionalProperties={}), reason=Conflict, status=Failure, additionalProperties={}).
2025-01-30 18:14:12,825 INFO c.h.h.t.HelmChartContainer - [hivemq-test-hivemq-platform] [hivemq-platform-operator] [36528a42] 	at io.fabric8.kubernetes.client.KubernetesClientException.copyAsCause(KubernetesClientException.java:238)
2025-01-30 18:14:12,825 INFO c.h.h.t.HelmChartContainer - [hivemq-test-hivemq-platform] [hivemq-platform-operator] [36528a42] 	at io.fabric8.kubernetes.client.dsl.internal.OperationSupport.waitForResult(OperationSupport.java:507)
2025-01-30 18:14:12,825 INFO c.h.h.t.HelmChartContainer - [hivemq-test-hivemq-platform] [hivemq-platform-operator] [36528a42] 	at io.fabric8.kubernetes.client.dsl.internal.OperationSupport.handleResponse(OperationSupport.java:524)
2025-01-30 18:14:12,825 INFO c.h.h.t.HelmChartContainer - [hivemq-test-hivemq-platform] [hivemq-platform-operator] [36528a42] 	at io.fabric8.kubernetes.client.dsl.internal.OperationSupport.handleUpdate(OperationSupport.java:358)
2025-01-30 18:14:12,825 INFO c.h.h.t.HelmChartContainer - [hivemq-test-hivemq-platform] [hivemq-platform-operator] [36528a42] 	at io.fabric8.kubernetes.client.dsl.internal.BaseOperation.handleUpdate(BaseOperation.java:759)
2025-01-30 18:14:12,825 INFO c.h.h.t.HelmChartContainer - [hivemq-test-hivemq-platform] [hivemq-platform-operator] [36528a42] 	at io.fabric8.kubernetes.client.dsl.internal.HasMetadataOperation.update(HasMetadataOperation.java:138)
2025-01-30 18:14:12,825 INFO c.h.h.t.HelmChartContainer - [hivemq-test-hivemq-platform] [hivemq-platform-operator] [36528a42] 	at io.fabric8.kubernetes.client.dsl.internal.HasMetadataOperation.update(HasMetadataOperation.java:121)
2025-01-30 18:14:12,825 INFO c.h.h.t.HelmChartContainer - [hivemq-test-hivemq-platform] [hivemq-platform-operator] [36528a42] 	at io.fabric8.kubernetes.client.dsl.internal.HasMetadataOperation.updateStatus(HasMetadataOperation.java:126)
2025-01-30 18:14:12,825 INFO c.h.h.t.HelmChartContainer - [hivemq-test-hivemq-platform] [hivemq-platform-operator] [36528a42] 	at io.fabric8.kubernetes.client.dsl.internal.HasMetadataOperation.updateStatus(HasMetadataOperation.java:44)
2025-01-30 18:14:12,825 INFO c.h.h.t.HelmChartContainer - [hivemq-test-hivemq-platform] [hivemq-platform-operator] [36528a42] 	at io.javaoperatorsdk.operator.processing.event.ReconciliationDispatcher$CustomResourceFacade.updateStatus(ReconciliationDispatcher.java:408)
2025-01-30 18:14:12,825 INFO c.h.h.t.HelmChartContainer - [hivemq-test-hivemq-platform] [hivemq-platform-operator] [36528a42] 	at io.javaoperatorsdk.operator.processing.event.ReconciliationDispatcher.updateStatusGenerationAware(ReconciliationDispatcher.java:228)
2025-01-30 18:14:12,825 INFO c.h.h.t.HelmChartContainer - [hivemq-test-hivemq-platform] [hivemq-platform-operator] [36528a42] 	at io.javaoperatorsdk.operator.processing.event.ReconciliationDispatcher.reconcileExecution(ReconciliationDispatcher.java:150)
2025-01-30 18:14:12,825 INFO c.h.h.t.HelmChartContainer - [hivemq-test-hivemq-platform] [hivemq-platform-operator] [36528a42] 	at io.javaoperatorsdk.operator.processing.event.ReconciliationDispatcher.handleReconcile(ReconciliationDispatcher.java:117)
2025-01-30 18:14:12,825 INFO c.h.h.t.HelmChartContainer - [hivemq-test-hivemq-platform] [hivemq-platform-operator] [36528a42] 	at io.javaoperatorsdk.operator.processing.event.ReconciliationDispatcher.handleDispatch(ReconciliationDispatcher.java:91)
2025-01-30 18:14:12,825 INFO c.h.h.t.HelmChartContainer - [hivemq-test-hivemq-platform] [hivemq-platform-operator] [36528a42] 	at io.javaoperatorsdk.operator.processing.event.ReconciliationDispatcher.handleExecution(ReconciliationDispatcher.java:64)
2025-01-30 18:14:12,825 INFO c.h.h.t.HelmChartContainer - [hivemq-test-hivemq-platform] [hivemq-platform-operator] [36528a42] 	at io.javaoperatorsdk.operator.processing.event.EventProcessor$ReconcilerExecutor.run(EventProcessor.java:452)
2025-01-30 18:14:12,825 INFO c.h.h.t.HelmChartContainer - [hivemq-test-hivemq-platform] [hivemq-platform-operator] [36528a42] 	at java.base/java.util.concurrent.ThreadPoolExecutor.runWorker(Unknown Source)
2025-01-30 18:14:12,825 INFO c.h.h.t.HelmChartContainer - [hivemq-test-hivemq-platform] [hivemq-platform-operator] [36528a42] 	at java.base/java.util.concurrent.ThreadPoolExecutor$Worker.run(Unknown Source)
2025-01-30 18:14:12,825 INFO c.h.h.t.HelmChartContainer - [hivemq-test-hivemq-platform] [hivemq-platform-operator] [36528a42] 	at java.base/java.lang.Thread.run(Unknown Source)
2025-01-30 18:14:12,825 INFO c.h.h.t.HelmChartContainer - [hivemq-test-hivemq-platform] [hivemq-platform-operator] [36528a42] Caused by: io.fabric8.kubernetes.client.KubernetesClientException: Failure executing: PUT at: https://10.43.0.1:443/apis/hivemq.com/v1/namespaces/helmbridgeextensionit/hivemq-platforms/test-hivemq-platform/status. Message: Operation cannot be fulfilled on hivemq-platforms.hivemq.com "test-hivemq-platform": the object has been modified; please apply your changes to the latest version and try again. Received status: Status(apiVersion=v1, code=409, details=StatusDetails(causes=[], group=hivemq.com, kind=hivemq-platforms, name=test-hivemq-platform, retryAfterSeconds=null, uid=null, additionalProperties={}), kind=Status, message=Operation cannot be fulfilled on hivemq-platforms.hivemq.com "test-hivemq-platform": the object has been modified; please apply your changes to the latest version and try again, metadata=ListMeta(_continue=null, remainingItemCount=null, resourceVersion=null, selfLink=null, additionalProperties={}), reason=Conflict, status=Failure, additionalProperties={}).
2025-01-30 18:14:12,826 INFO c.h.h.t.HelmChartContainer - [hivemq-test-hivemq-platform] [hivemq-platform-operator] [36528a42] 	at io.fabric8.kubernetes.client.dsl.internal.OperationSupport.requestFailure(OperationSupport.java:660)
2025-01-30 18:14:12,826 INFO c.h.h.t.HelmChartContainer - [hivemq-test-hivemq-platform] [hivemq-platform-operator] [36528a42] 	at io.fabric8.kubernetes.client.dsl.internal.OperationSupport.requestFailure(OperationSupport.java:640)
2025-01-30 18:14:12,826 INFO c.h.h.t.HelmChartContainer - [hivemq-test-hivemq-platform] [hivemq-platform-operator] [36528a42] 	at io.fabric8.kubernetes.client.dsl.internal.OperationSupport.assertResponseCode(OperationSupport.java:589)
2025-01-30 18:14:12,826 INFO c.h.h.t.HelmChartContainer - [hivemq-test-hivemq-platform] [hivemq-platform-operator] [36528a42] 	at io.fabric8.kubernetes.client.dsl.internal.OperationSupport.lambda$handleResponse$0(OperationSupport.java:549)
2025-01-30 18:14:12,826 INFO c.h.h.t.HelmChartContainer - [hivemq-test-hivemq-platform] [hivemq-platform-operator] [36528a42] 	at java.base/java.util.concurrent.CompletableFuture$UniApply.tryFire(Unknown Source)
2025-01-30 18:14:12,826 INFO c.h.h.t.HelmChartContainer - [hivemq-test-hivemq-platform] [hivemq-platform-operator] [36528a42] 	at java.base/java.util.concurrent.CompletableFuture.postComplete(Unknown Source)
2025-01-30 18:14:12,826 INFO c.h.h.t.HelmChartContainer - [hivemq-test-hivemq-platform] [hivemq-platform-operator] [36528a42] 	at java.base/java.util.concurrent.CompletableFuture.complete(Unknown Source)
2025-01-30 18:14:12,826 INFO c.h.h.t.HelmChartContainer - [hivemq-test-hivemq-platform] [hivemq-platform-operator] [36528a42] 	at io.fabric8.kubernetes.client.http.StandardHttpClient.lambda$completeOrCancel$10(StandardHttpClient.java:141)
2025-01-30 18:14:12,826 INFO c.h.h.t.HelmChartContainer - [hivemq-test-hivemq-platform] [hivemq-platform-operator] [36528a42] 	at java.base/java.util.concurrent.CompletableFuture.uniWhenComplete(Unknown Source)
2025-01-30 18:14:12,826 INFO c.h.h.t.HelmChartContainer - [hivemq-test-hivemq-platform] [hivemq-platform-operator] [36528a42] 	at java.base/java.util.concurrent.CompletableFuture$UniWhenComplete.tryFire(Unknown Source)
2025-01-30 18:14:12,826 INFO c.h.h.t.HelmChartContainer - [hivemq-test-hivemq-platform] [hivemq-platform-operator] [36528a42] 	at java.base/java.util.concurrent.CompletableFuture.postComplete(Unknown Source)
2025-01-30 18:14:12,826 INFO c.h.h.t.HelmChartContainer - [hivemq-test-hivemq-platform] [hivemq-platform-operator] [36528a42] 	at java.base/java.util.concurrent.CompletableFuture.complete(Unknown Source)
2025-01-30 18:14:12,826 INFO c.h.h.t.HelmChartContainer - [hivemq-test-hivemq-platform] [hivemq-platform-operator] [36528a42] 	at io.fabric8.kubernetes.client.http.ByteArrayBodyHandler.onBodyDone(ByteArrayBodyHandler.java:51)
2025-01-30 18:14:12,826 INFO c.h.h.t.HelmChartContainer - [hivemq-test-hivemq-platform] [hivemq-platform-operator] [36528a42] 	at java.base/java.util.concurrent.CompletableFuture.uniWhenComplete(Unknown Source)
2025-01-30 18:14:12,826 INFO c.h.h.t.HelmChartContainer - [hivemq-test-hivemq-platform] [hivemq-platform-operator] [36528a42] 	at java.base/java.util.concurrent.CompletableFuture$UniWhenComplete.tryFire(Unknown Source)
2025-01-30 18:14:12,826 INFO c.h.h.t.HelmChartContainer - [hivemq-test-hivemq-platform] [hivemq-platform-operator] [36528a42] 	at java.base/java.util.concurrent.CompletableFuture.postComplete(Unknown Source)
2025-01-30 18:14:12,826 INFO c.h.h.t.HelmChartContainer - [hivemq-test-hivemq-platform] [hivemq-platform-operator] [36528a42] 	at java.base/java.util.concurrent.CompletableFuture.complete(Unknown Source)
2025-01-30 18:14:12,826 INFO c.h.h.t.HelmChartContainer - [hivemq-test-hivemq-platform] [hivemq-platform-operator] [36528a42] 	at io.fabric8.kubernetes.client.vertx.VertxHttpRequest.lambda$null$1(VertxHttpRequest.java:121)
2025-01-30 18:14:12,826 INFO c.h.h.t.HelmChartContainer - [hivemq-test-hivemq-platform] [hivemq-platform-operator] [36528a42] 	at io.vertx.core.impl.ContextInternal.dispatch(ContextInternal.java:279)
2025-01-30 18:14:12,826 INFO c.h.h.t.HelmChartContainer - [hivemq-test-hivemq-platform] [hivemq-platform-operator] [36528a42] 	at io.vertx.core.impl.ContextInternal.dispatch(ContextInternal.java:261)
2025-01-30 18:14:12,826 INFO c.h.h.t.HelmChartContainer - [hivemq-test-hivemq-platform] [hivemq-platform-operator] [36528a42] 	at io.vertx.core.http.impl.HttpEventHandler.handleEnd(HttpEventHandler.java:76)
2025-01-30 18:14:12,826 INFO c.h.h.t.HelmChartContainer - [hivemq-test-hivemq-platform] [hivemq-platform-operator] [36528a42] 	at io.vertx.core.http.impl.HttpClientResponseImpl.handleEnd(HttpClientResponseImpl.java:250)
2025-01-30 18:14:12,826 INFO c.h.h.t.HelmChartContainer - [hivemq-test-hivemq-platform] [hivemq-platform-operator] [36528a42] 	at io.vertx.core.http.impl.Http1xClientConnection$StreamImpl.lambda$new$0(Http1xClientConnection.java:421)
2025-01-30 18:14:12,826 INFO c.h.h.t.HelmChartContainer - [hivemq-test-hivemq-platform] [hivemq-platform-operator] [36528a42] 	at io.vertx.core.streams.impl.InboundBuffer.handleEvent(InboundBuffer.java:279)
2025-01-30 18:14:12,826 INFO c.h.h.t.HelmChartContainer - [hivemq-test-hivemq-platform] [hivemq-platform-operator] [36528a42] 	at io.vertx.core.streams.impl.InboundBuffer.write(InboundBuffer.java:157)
2025-01-30 18:14:12,826 INFO c.h.h.t.HelmChartContainer - [hivemq-test-hivemq-platform] [hivemq-platform-operator] [36528a42] 	at io.vertx.core.http.impl.Http1xClientConnection$StreamImpl.handleEnd(Http1xClientConnection.java:709)
2025-01-30 18:14:12,826 INFO c.h.h.t.HelmChartContainer - [hivemq-test-hivemq-platform] [hivemq-platform-operator] [36528a42] 	at io.vertx.core.impl.ContextImpl.lambda$execute$4(ContextImpl.java:315)
2025-01-30 18:14:12,826 INFO c.h.h.t.HelmChartContainer - [hivemq-test-hivemq-platform] [hivemq-platform-operator] [36528a42] 	at io.netty.util.concurrent.AbstractEventExecutor.runTask(AbstractEventExecutor.java:173)
2025-01-30 18:14:12,826 INFO c.h.h.t.HelmChartContainer - [hivemq-test-hivemq-platform] [hivemq-platform-operator] [36528a42] 	at io.netty.util.concurrent.AbstractEventExecutor.safeExecute(AbstractEventExecutor.java:166)
2025-01-30 18:14:12,826 INFO c.h.h.t.HelmChartContainer - [hivemq-test-hivemq-platform] [hivemq-platform-operator] [36528a42] 	at io.netty.util.concurrent.SingleThreadEventExecutor.runAllTasks(SingleThreadEventExecutor.java:472)
2025-01-30 18:14:12,826 INFO c.h.h.t.HelmChartContainer - [hivemq-test-hivemq-platform] [hivemq-platform-operator] [36528a42] 	at io.netty.channel.nio.NioEventLoop.run(NioEventLoop.java:569)
2025-01-30 18:14:12,826 INFO c.h.h.t.HelmChartContainer - [hivemq-test-hivemq-platform] [hivemq-platform-operator] [36528a42] 	at io.netty.util.concurrent.SingleThreadEventExecutor$4.run(SingleThreadEventExecutor.java:997)
2025-01-30 18:14:12,826 INFO c.h.h.t.HelmChartContainer - [hivemq-test-hivemq-platform] [hivemq-platform-operator] [36528a42] 	at io.netty.util.internal.ThreadExecutorMap$2.run(ThreadExecutorMap.java:74)
2025-01-30 18:14:12,826 INFO c.h.h.t.HelmChartContainer - [hivemq-test-hivemq-platform] [hivemq-platform-operator] [36528a42] 	at io.netty.util.concurrent.FastThreadLocalRunnable.run(FastThreadLocalRunnable.java:30)
2025-01-30 18:14:12,826 INFO c.h.h.t.HelmChartContainer - [hivemq-test-hivemq-platform] [hivemq-platform-operator] [36528a42] 	... 1 common frames omitted
2025-01-30 18:14:12,832 INFO c.h.h.t.HelmChartContainer - [hivemq-test-hivemq-platform] [hivemq-platform-operator] [36528a42] 18:14:12.831 [ReconcilerExecutor-hivemq-controller-123] INFO  c.h.p.o.HiveMQPlatformReconciler - [helmbrid] Cleanup test-hivemq-platform - helmbridgeextensionit HiveMQ Platform is shut down
2025-01-30 18:14:13,413 INFO c.h.h.t.HelmChartContainer - [POD] test-hivemq-platform-0 [8cebd144-e357-4517-97a9-a0cecbc06e35] in helmbridgeextensionit was MODIFIED
2025-01-30 18:14:13,418 INFO c.h.h.t.HelmChartContainer - [EVENT] Normal [Killing] Stopping container hivemq [helmbridgeextensionit:test-hivemq-platform-0]
2025-01-30 18:14:13,418 INFO c.h.h.t.HelmChartContainer - Received Killing event for container hivemq in pod test-hivemq-platform-0 [8cebd144-e357-4517-97a9-a0cecbc06e35]
2025-01-30 18:14:13,418 INFO c.h.h.t.HelmChartContainer - Container [test-hivemq-platform-0] [hivemq] [8cebd144-e357-4517-97a9-a0cecbc06e35] was terminated
2025-01-30 18:14:13,420 INFO c.h.h.t.HelmChartContainer - Stopped log watcher for hivemq in pod test-hivemq-platform-0 [8cebd144-e357-4517-97a9-a0cecbc06e35]
2025-01-30 18:14:13,430 INFO c.h.h.t.HelmChartContainer - [test-hivemq-platform] [hivemq] [8cebd144] INFO  - [HiveMQ Platform Operator Init App 1.7.0-SNAPSHOT] Shutting down
2025-01-30 18:14:13,430 INFO c.h.h.t.HelmChartContainer - [test-hivemq-platform] [hivemq] [8cebd144] INFO  - [HiveMQ Platform Operator Init App 1.7.0-SNAPSHOT] Stopping the HiveMQ Platform
2025-01-30 18:14:13,538 INFO c.h.h.t.HelmChartContainer - [test-hivemq-platform] [hivemq] [8cebd144] INFO  - Shutting down HiveMQ. Please wait, this could take a while...
2025-01-30 18:14:13,543 INFO c.h.h.t.HelmChartContainer - [test-hivemq-platform] [hivemq] [8cebd144] INFO  - Shutting down listeners and clients
2025-01-30 18:14:13,544 INFO c.h.h.t.HelmChartContainer - [test-hivemq-platform] [hivemq] [8cebd144] INFO  - Shutdown of listeners is done
2025-01-30 18:14:13,544 INFO c.h.h.t.HelmChartContainer - [test-hivemq-platform] [hivemq] [8cebd144] INFO  - No clients are connected, proceeding with shutdown
2025-01-30 18:14:14,586 INFO c.h.h.t.HelmChartContainer - Deleting namespace 'helmbridgeextensionit'...
2025-01-30 18:14:15,339 INFO c.h.h.t.HelmChartContainer - [test-hivemq-platform] [hivemq] [8cebd144] INFO  - [HiveMQ Platform Operator Init App 1.7.0-SNAPSHOT] Returning shutdown Health API response 503 for readiness
2025-01-30 18:14:15,342 INFO c.h.h.t.HelmChartContainer - [EVENT] Warning [Unhealthy] Readiness probe failed: HTTP probe failed with statuscode: 503 [helmbridgeextensionit:test-hivemq-platform-0]
2025-01-30 18:14:15,343 INFO c.h.h.t.HelmChartContainer - Received Unhealthy event for container hivemq in pod test-hivemq-platform-0 [8cebd144-e357-4517-97a9-a0cecbc06e35]
2025-01-30 18:14:15,847 INFO c.h.h.t.HelmChartContainer - [test-hivemq-platform] [hivemq] [8cebd144] WARN  - [HiveMQ Platform Operator Init App 1.7.0-SNAPSHOT] Could not update Pod annotations: Failure executing: GET at: https://10.43.0.1:443/api/v1/namespaces/helmbridgeextensionit/pods/test-hivemq-platform-0. Message: pods "test-hivemq-platform-0" is forbidden: User "system:serviceaccount:helmbridgeextensionit:hivemq-platform-pod-test-hivemq-platform" cannot get resource "pods" in API group "" in the namespace "helmbridgeextensionit". Received status: Status(apiVersion=v1, code=403, details=StatusDetails(causes=[], group=null, kind=pods, name=test-hivemq-platform-0, retryAfterSeconds=null, uid=null, additionalProperties={}), kind=Status, message=pods "test-hivemq-platform-0" is forbidden: User "system:serviceaccount:helmbridgeextensionit:hivemq-platform-pod-test-hivemq-platform" cannot get resource "pods" in API group "" in the namespace "helmbridgeextensionit", metadata=ListMeta(_continue=null, remainingItemCount=null, resourceVersion=null, selfLink=null, additionalProperties={}), reason=Forbidden, status=Failure, additionalProperties={}).
2025-01-30 18:14:16,534 INFO c.h.h.t.HelmChartContainer - [test-hivemq-platform] [hivemq] [8cebd144] INFO  - Shutting down extension system
2025-01-30 18:14:16,541 INFO c.h.h.t.HelmChartContainer - [test-hivemq-platform] [hivemq] [8cebd144] INFO  - Stopping extension with id hivemq-dns-cluster-discovery
2025-01-30 18:14:16,543 INFO c.h.h.t.HelmChartContainer - [test-hivemq-platform] [hivemq] [8cebd144] INFO  - Extension "DNS Cluster Discovery Extension" version 4.3.2 stopped successfully.
2025-01-30 18:14:16,543 INFO c.h.h.t.HelmChartContainer - [test-hivemq-platform] [hivemq] [8cebd144] INFO  - Stopping extension with id hivemq-bridge-extension
2025-01-30 18:14:16,545 INFO c.h.h.t.HelmChartContainer - [test-hivemq-platform] [hivemq] [8cebd144] INFO  - Bridge Extension: Stopping extension
2025-01-30 18:14:16,557 INFO c.h.h.t.HelmChartContainer - [test-hivemq-platform] [hivemq] [8cebd144] INFO  - Extension "HiveMQ Enterprise Bridge Extension" version 4.36.0 stopped successfully.
2025-01-30 18:14:16,558 INFO c.h.h.t.HelmChartContainer - [test-hivemq-platform] [hivemq] [8cebd144] INFO  - Stopping extension with id hivemq-prometheus-extension
2025-01-30 18:14:16,562 INFO c.h.h.t.HelmChartContainer - [test-hivemq-platform] [hivemq] [8cebd144] INFO  - Extension "Prometheus Monitoring Extension" version 4.0.12 stopped successfully.
2025-01-30 18:14:16,562 INFO c.h.h.t.HelmChartContainer - [test-hivemq-platform] [hivemq] [8cebd144] INFO  - Stopping extension with id hivemq-allow-all-extension
2025-01-30 18:14:16,563 INFO c.h.h.t.HelmChartContainer - [test-hivemq-platform] [hivemq] [8cebd144] INFO  - Extension "Allow All Extension" version 1.1.1 stopped successfully.
2025-01-30 18:14:18,909 INFO c.h.h.t.HelmChartContainer - [test-hivemq-platform] [hivemq] [8cebd144] INFO  - Shutdown completed.
2025-01-30 18:14:19,268 INFO c.h.h.t.HelmChartContainer - [test-hivemq-platform] [hivemq] [8cebd144] INFO  - [HiveMQ Platform Operator Init App 1.7.0-SNAPSHOT] The HiveMQ Platform exited with code 143
2025-01-30 18:14:19,268 INFO c.h.h.t.HelmChartContainer - [test-hivemq-platform] [hivemq] [8cebd144] INFO  - [HiveMQ Platform Operator Init App 1.7.0-SNAPSHOT] Stopping the REST API
2025-01-30 18:14:19,324 INFO c.h.h.t.HelmChartContainer - [test-hivemq-platform] [hivemq] [8cebd144] INFO  - [HiveMQ Platform Operator Init App 1.7.0-SNAPSHOT] Shutdown complete
2025-01-30 18:14:19,737 INFO c.h.h.t.HelmChartContainer - [K3S] [stateful_set.go:466] "StatefulSet has been deleted" key="helmbridgeextensionit/test-hivemq-platform"
2025-01-30 18:14:19,830 INFO c.h.h.t.HelmChartContainer - [POD] test-hivemq-platform-0 [8cebd144-e357-4517-97a9-a0cecbc06e35] in helmbridgeextensionit was MODIFIED
2025-01-30 18:14:19,907 INFO c.h.h.t.HelmChartContainer - [K3S] [reconciler_common.go:162] "operationExecutor.UnmountVolume started for volume \"broker-configuration\" (UniqueName: \"kubernetes.io/configmap/8cebd144-e357-4517-97a9-a0cecbc06e35-broker-configuration\") pod \"8cebd144-e357-4517-97a9-a0cecbc06e35\" (UID: \"8cebd144-e357-4517-97a9-a0cecbc06e35\") "
2025-01-30 18:14:19,907 INFO c.h.h.t.HelmChartContainer - [K3S] [reconciler_common.go:162] "operationExecutor.UnmountVolume started for volume \"kube-api-access-th2p7\" (UniqueName: \"kubernetes.io/projected/8cebd144-e357-4517-97a9-a0cecbc06e35-kube-api-access-th2p7\") pod \"8cebd144-e357-4517-97a9-a0cecbc06e35\" (UID: \"8cebd144-e357-4517-97a9-a0cecbc06e35\") "
2025-01-30 18:14:19,907 INFO c.h.h.t.HelmChartContainer - [K3S] [reconciler_common.go:162] "operationExecutor.UnmountVolume started for volume \"operator-init\" (UniqueName: \"kubernetes.io/empty-dir/8cebd144-e357-4517-97a9-a0cecbc06e35-operator-init\") pod \"8cebd144-e357-4517-97a9-a0cecbc06e35\" (UID: \"8cebd144-e357-4517-97a9-a0cecbc06e35\") "
2025-01-30 18:14:19,907 INFO c.h.h.t.HelmChartContainer - [K3S] [reconciler_common.go:162] "operationExecutor.UnmountVolume started for volume \"pod-info\" (UniqueName: \"kubernetes.io/configmap/8cebd144-e357-4517-97a9-a0cecbc06e35-pod-info\") pod \"8cebd144-e357-4517-97a9-a0cecbc06e35\" (UID: \"8cebd144-e357-4517-97a9-a0cecbc06e35\") "
2025-01-30 18:14:19,907 INFO c.h.h.t.HelmChartContainer - [K3S] [reconciler_common.go:162] "operationExecutor.UnmountVolume started for volume \"extension-configuration-hivemq-bridge-extension\" (UniqueName: \"kubernetes.io/configmap/8cebd144-e357-4517-97a9-a0cecbc06e35-extension-configuration-hivemq-bridge-extension\") pod \"8cebd144-e357-4517-97a9-a0cecbc06e35\" (UID: \"8cebd144-e357-4517-97a9-a0cecbc06e35\") "
2025-01-30 18:14:20,007 INFO c.h.h.t.HelmChartContainer - [K3S] [reconciler_common.go:299] "Volume detached for volume \"pod-info\" (UniqueName: \"kubernetes.io/configmap/8cebd144-e357-4517-97a9-a0cecbc06e35-pod-info\") on node \"7c00f4923724\" DevicePath \"\""
2025-01-30 18:14:20,007 INFO c.h.h.t.HelmChartContainer - [K3S] [reconciler_common.go:299] "Volume detached for volume \"extension-configuration-hivemq-bridge-extension\" (UniqueName: \"kubernetes.io/configmap/8cebd144-e357-4517-97a9-a0cecbc06e35-extension-configuration-hivemq-bridge-extension\") on node \"7c00f4923724\" DevicePath \"\""
2025-01-30 18:14:20,007 INFO c.h.h.t.HelmChartContainer - [K3S] [reconciler_common.go:299] "Volume detached for volume \"operator-init\" (UniqueName: \"kubernetes.io/empty-dir/8cebd144-e357-4517-97a9-a0cecbc06e35-operator-init\") on node \"7c00f4923724\" DevicePath \"\""
2025-01-30 18:14:20,007 INFO c.h.h.t.HelmChartContainer - [K3S] [reconciler_common.go:299] "Volume detached for volume \"broker-configuration\" (UniqueName: \"kubernetes.io/configmap/8cebd144-e357-4517-97a9-a0cecbc06e35-broker-configuration\") on node \"7c00f4923724\" DevicePath \"\""
2025-01-30 18:14:20,007 INFO c.h.h.t.HelmChartContainer - [K3S] [reconciler_common.go:299] "Volume detached for volume \"kube-api-access-th2p7\" (UniqueName: \"kubernetes.io/projected/8cebd144-e357-4517-97a9-a0cecbc06e35-kube-api-access-th2p7\") on node \"7c00f4923724\" DevicePath \"\""
2025-01-30 18:14:20,560 INFO c.h.h.t.HelmChartContainer - [K3S] [scope.go:117] "RemoveContainer" containerID="0a6b5d1077eeae1e882a2482c241a096472b3c4d5060bbb11271c708b2c84d69"
2025-01-30 18:14:20,573 INFO c.h.h.t.HelmChartContainer - [POD] test-hivemq-platform-0 [8cebd144-e357-4517-97a9-a0cecbc06e35] in helmbridgeextensionit was MODIFIED
2025-01-30 18:14:20,575 INFO c.h.h.t.HelmChartContainer - [POD] test-hivemq-platform-0 [8cebd144-e357-4517-97a9-a0cecbc06e35] in helmbridgeextensionit was DELETED
2025-01-30 18:14:20,660 INFO c.h.h.t.HelmChartContainer - [K3S] [scope.go:117] "RemoveContainer" containerID="e57c238b92dc6909440eeaf943720a273e0c9100ac3e1c0100312fe160eb9356"
2025-01-30 18:14:20,666 INFO c.h.h.t.HelmChartContainer - [K3S] [scope.go:117] "RemoveContainer" containerID="0a6b5d1077eeae1e882a2482c241a096472b3c4d5060bbb11271c708b2c84d69"
2025-01-30 18:14:20,666 INFO c.h.h.t.HelmChartContainer - [K3S] [scope.go:117] "RemoveContainer" containerID="e57c238b92dc6909440eeaf943720a273e0c9100ac3e1c0100312fe160eb9356"
2025-01-30 18:14:22,378 INFO c.h.h.t.HelmChartContainer - [K3S] [kubelet_volumes.go:163] "Cleaned up orphaned pod volumes dir" podUID="8cebd144-e357-4517-97a9-a0cecbc06e35" path="/var/lib/kubelet/pods/8cebd144-e357-4517-97a9-a0cecbc06e35/volumes"
2025-01-30 18:14:24,927 INFO c.h.h.t.HelmChartContainer - Namespace 'helmbridgeextensionit' deleted
2025-01-30 18:14:24,927 INFO c.h.h.t.HelmChartContainer - Release 'test-hivemq-platform' in namespace 'helmbridgeextensionit' is uninstalled
2025-01-30 18:14:24,927 INFO c.h.h.t.HelmChartContainer - Uninstalling release 'test-hivemq-platform-operator' in namespace 'helmbridgeextensionit-operator'...
2025-01-30 18:14:24,927 DEBUG c.h.h.t.HelmChartContainer - Executing helm command: /bin/helm --kubeconfig /etc/rancher/k3s/k3s.yaml uninstall test-hivemq-platform-operator  --wait --timeout 5m0s --cascade foreground --namespace helmbridgeextensionit-operator
2025-01-30 18:14:25,100 INFO c.h.h.t.HelmChartContainer - [K3S] [replica_set.go:679] "Finished syncing" kind="ReplicaSet" key="helmbridgeextensionit-operator/hivemq-test-hivemq-platform-operator-6966f96d65" duration="9.760304ms"
2025-01-30 18:14:25,101 INFO c.h.h.t.HelmChartContainer - [K3S] [replica_set.go:679] "Finished syncing" kind="ReplicaSet" key="helmbridgeextensionit-operator/hivemq-test-hivemq-platform-operator-6966f96d65" duration="35.116µs"
2025-01-30 18:14:25,113 INFO c.h.h.t.HelmChartContainer - [POD] hivemq-test-hivemq-platform-operator-6966f96d65-6jbh5 [36528a42-435c-4078-9f09-71f2e2917b3b] in helmbridgeextensionit-operator was MODIFIED
2025-01-30 18:14:25,127 INFO c.h.h.t.HelmChartContainer - [EVENT] Normal [Killing] Stopping container hivemq-platform-operator [helmbridgeextensionit-operator:hivemq-test-hivemq-platform-operator-6966f96d65-6jbh5]
2025-01-30 18:14:25,127 INFO c.h.h.t.HelmChartContainer - Received Killing event for container hivemq-platform-operator in pod hivemq-test-hivemq-platform-operator-6966f96d65-6jbh5 [36528a42-435c-4078-9f09-71f2e2917b3b]
2025-01-30 18:14:25,127 INFO c.h.h.t.HelmChartContainer - Container [hivemq-test-hivemq-platform-operator-6966f96d65-6jbh5] [hivemq-platform-operator] [36528a42-435c-4078-9f09-71f2e2917b3b] was terminated
2025-01-30 18:14:25,127 INFO c.h.h.t.HelmChartContainer - Stopped log watcher for hivemq-platform-operator in pod hivemq-test-hivemq-platform-operator-6966f96d65-6jbh5 [36528a42-435c-4078-9f09-71f2e2917b3b]
2025-01-30 18:14:25,134 INFO c.h.h.t.HelmChartContainer - [hivemq-test-hivemq-platform] [hivemq-platform-operator] [36528a42] 18:14:25.118 [application-shutdown-thread] INFO  c.h.p.o.HiveMQPlatformOperatorApplication - HiveMQ Platform Operator is stopping...
2025-01-30 18:14:25,134 INFO c.h.h.t.HelmChartContainer - [hivemq-test-hivemq-platform] [hivemq-platform-operator] [36528a42] 18:14:25.118 [application-shutdown-thread] INFO  i.javaoperatorsdk.operator.Operator - Operator SDK 4.9.7 is shutting down...
2025-01-30 18:14:25,137 INFO c.h.h.t.HelmChartContainer - [K3S] [replica_set.go:679] "Finished syncing" kind="ReplicaSet" key="helmbridgeextensionit-operator/hivemq-test-hivemq-platform-operator-6966f96d65" duration="28.179192ms"
2025-01-30 18:14:25,137 INFO c.h.h.t.HelmChartContainer - [K3S] [replica_set.go:679] "Finished syncing" kind="ReplicaSet" key="helmbridgeextensionit-operator/hivemq-test-hivemq-platform-operator-6966f96d65" duration="36.989µs"
2025-01-30 18:14:25,764 INFO c.h.h.t.HelmChartContainer - [K3S] [replica_set.go:679] "Finished syncing" kind="ReplicaSet" key="helmbridgeextensionit-operator/hivemq-test-hivemq-platform-operator-6966f96d65" duration="40.135µs"
2025-01-30 18:14:25,765 INFO c.h.h.t.HelmChartContainer - [POD] hivemq-test-hivemq-platform-operator-6966f96d65-6jbh5 [36528a42-435c-4078-9f09-71f2e2917b3b] in helmbridgeextensionit-operator was MODIFIED
2025-01-30 18:14:25,834 INFO c.h.h.t.HelmChartContainer - [K3S] [reconciler_common.go:162] "operationExecutor.UnmountVolume started for volume \"kube-api-access-wv5nn\" (UniqueName: \"kubernetes.io/projected/36528a42-435c-4078-9f09-71f2e2917b3b-kube-api-access-wv5nn\") pod \"36528a42-435c-4078-9f09-71f2e2917b3b\" (UID: \"36528a42-435c-4078-9f09-71f2e2917b3b\") "
2025-01-30 18:14:25,935 INFO c.h.h.t.HelmChartContainer - [K3S] [reconciler_common.go:299] "Volume detached for volume \"kube-api-access-wv5nn\" (UniqueName: \"kubernetes.io/projected/36528a42-435c-4078-9f09-71f2e2917b3b-kube-api-access-wv5nn\") on node \"7c00f4923724\" DevicePath \"\""
2025-01-30 18:14:26,350 INFO c.h.h.t.HelmChartContainer - [K3S] [scope.go:117] "RemoveContainer" containerID="30efde61a103e84362b454ea9a8d6cb5304da5f191d682b0d91a48af085e2bc1"
2025-01-30 18:14:26,579 INFO c.h.h.t.HelmChartContainer - [POD] hivemq-test-hivemq-platform-operator-6966f96d65-6jbh5 [36528a42-435c-4078-9f09-71f2e2917b3b] in helmbridgeextensionit-operator was MODIFIED
2025-01-30 18:14:26,580 INFO c.h.h.t.HelmChartContainer - [K3S] [replica_set.go:679] "Finished syncing" kind="ReplicaSet" key="helmbridgeextensionit-operator/hivemq-test-hivemq-platform-operator-6966f96d65" duration="80.92µs"
2025-01-30 18:14:26,585 INFO c.h.h.t.HelmChartContainer - [K3S] [replica_set.go:679] "Finished syncing" kind="ReplicaSet" key="helmbridgeextensionit-operator/hivemq-test-hivemq-platform-operator-6966f96d65" duration="34.975µs"
2025-01-30 18:14:26,586 INFO c.h.h.t.HelmChartContainer - [POD] hivemq-test-hivemq-platform-operator-6966f96d65-6jbh5 [36528a42-435c-4078-9f09-71f2e2917b3b] in helmbridgeextensionit-operator was MODIFIED
2025-01-30 18:14:26,589 INFO c.h.h.t.HelmChartContainer - [K3S] [replica_set.go:679] "Finished syncing" kind="ReplicaSet" key="helmbridgeextensionit-operator/hivemq-test-hivemq-platform-operator-6966f96d65" duration="28.322µs"
2025-01-30 18:14:26,591 INFO c.h.h.t.HelmChartContainer - [POD] hivemq-test-hivemq-platform-operator-6966f96d65-6jbh5 [36528a42-435c-4078-9f09-71f2e2917b3b] in helmbridgeextensionit-operator was DELETED
2025-01-30 18:14:26,602 INFO c.h.h.t.HelmChartContainer - [K3S] [replica_set.go:679] "Finished syncing" kind="ReplicaSet" key="helmbridgeextensionit-operator/hivemq-test-hivemq-platform-operator-6966f96d65" duration="6.703µs"
2025-01-30 18:14:27,141 INFO c.h.h.t.HelmChartContainer - Deleting namespace 'helmbridgeextensionit-operator'...
2025-01-30 18:14:28,378 INFO c.h.h.t.HelmChartContainer - [K3S] [kubelet_volumes.go:163] "Cleaned up orphaned pod volumes dir" podUID="36528a42-435c-4078-9f09-71f2e2917b3b" path="/var/lib/kubelet/pods/36528a42-435c-4078-9f09-71f2e2917b3b/volumes"
2025-01-30 18:14:29,841 INFO c.h.h.t.HelmChartContainer - [K3S] [namespace_controller.go:187] "Namespace has been deleted" namespace="helmbridgeextensionit"
2025-01-30 18:14:32,358 INFO c.h.h.t.HelmChartContainer - Namespace 'helmbridgeextensionit-operator' deleted
2025-01-30 18:14:32,358 INFO c.h.h.t.HelmChartContainer - Release 'test-hivemq-platform-operator' in namespace 'helmbridgeextensionit-operator' is uninstalled
2025-01-30 18:14:32,914 INFO c.h.helmcharts.AbstractHelmChartIT - Removed unused containers:

2025-01-30 18:14:37,257 INFO c.h.h.t.HelmChartContainer - [K3S] [namespace_controller.go:187] "Namespace has been deleted" namespace="helmbridgeextensionit-operator"
2025-01-30 18:14:40,346 INFO c.h.helmcharts.AbstractHelmChartIT - Removed unused snapshots:
Removing snapshot sha256:03af251906410714c5aef9fa705b63f6bbc39c4a5e787de7361eeb18886c2ed2
Removing snapshot sha256:0c46b3b43cce082ce5ec34ffc6c294e0417d17b9d1e6f366d114b6aadc4f96dc
Removing snapshot sha256:0ce761beee59082d6ed5bcebd3a805b8ddd9b3426b617e4809e7fb7c6587ffec
Removing snapshot sha256:0df91287303208332c8ff6ba40ae4710105201739addbfbddfb955f1ad593664
Removing snapshot sha256:1021ef88c7974bfff89c5a0ec4fd3160daac6c48a075f74cff721f85dd104e68
Removing snapshot sha256:10aba4953ddc18145dd38e3704709bc464aa20af60b56fe52caaff4b68411e62
Removing snapshot sha256:2573e0d8158209ed54ab25c87bcdcb00bd3d2539246960a3d592a1c599d70465
Removing snapshot sha256:2c3cef778259a16f380014265ab2f318d287ceddbb7a74d993b110a54f97b9b1
Removing snapshot sha256:362a8a37f8bbc31925a8146adcf7cf51f9882f5c1dcbef67c5baa03a297543c0
Removing snapshot sha256:43a7c979bbaba6838bc3102d6b10a1459f3ab050b87ccdfef84ef90cf43d3058
Removing snapshot sha256:4ab04491cdf0d3267f08206fe30bd48f49f94b9cab2f016d6739220f722a64af
Removing snapshot sha256:4b6068250e89c96f263060261819c7d912855bfbd64b3eb4c4a8483299b8c295
Removing snapshot sha256:580e69a0a8034ede1921139bbd2bfb72a69ebf276d008281896c32dd8bf74775
Removing snapshot sha256:5d30ba46b27fe37484567ccc5242cadc78217b8da605f3f195ef25cbf7487904
Removing snapshot sha256:63ca1fbb43ae5034640e5e6cb3e083e05c290072c5366fcaa9d62435a4cced85
Removing snapshot sha256:67f702c6baae873bceb19487c8b1f27bd2b86077e4f2f0e480e6d60ab508b8f5
Removing snapshot sha256:6864348dd42806d552efdec384f1274be15e2d0c10ce44c1f04347af004c10a9
Removing snapshot sha256:6c7dee8f2c39b84b7dc2711c01d33de93514d9055499173e9290176fbe484b6c
Removing snapshot sha256:82753493a6d61ded36556292f02f31841a14c20d2f279f19eaad65afb661d5cd
Removing snapshot sha256:8a10d3db42c505ee0fcfa98417bdd7e39b304f6bcc0a06bb1b220797ff2cc63c
Removing snapshot sha256:a0904247e36a7726c03c71ee48f3e64462021c88dafeb13f37fdaf613b27f11c
Removing snapshot sha256:a21e5b12dbac529ad45d976eb9ce45c881f3bedcc500fb30aba1e52aa1813418
Removing snapshot sha256:b921e6c28969094157f9b8e7244677780319637afd14450b7cb6b2fdea558a0c
Removing snapshot sha256:bc27ecb5769a00e309cf99ebc763c4a4b958b618d1decc96ffac5bc05f02f5b7
Removing snapshot sha256:bd0a44c85bee781448400f414bff40926cb8cfeb476115915732080e9e6a2d77
Removing snapshot sha256:be3ccb6627a5332e309d45ef461d09b4879dd870c7394d89323d0ebc6ca6aa8a
Removing snapshot sha256:c261f7cbbc64211ee175ee47273acdb7b1a36a4450b397a064a8f2c026490095
Removing snapshot sha256:c34d9393647eea0c9e3557ab988efaf59f61d10a2a5613b439ef0958cca5ec10
Removing snapshot sha256:ccf3c4a0fa967a41c1c83497a2ce6fa5787965859df0adb32c4ca2cf7490bc2b
Removing snapshot sha256:cf92d33f869417309692088c341cd0f223c178ea78a125f757317b22aa8f90e9
Removing snapshot sha256:d0037344cf2fb078884f1849f6a1f8cf9a33a3b6139b6a85833e5ee528e1f9a8
Removing snapshot sha256:d3b36d5b79273b1e98e7700470eaeff05a882e777124d84cebcc1505b85ecb36
Removing snapshot sha256:d65a44a37914602d12c611e5e22a50f11451d847e63015cc1c2aef92dee777a4
Removing snapshot sha256:e2dc0bae2455930f23ae570e019b7f32edc75c0f2d71cab084db837ff9051796
Removing snapshot sha256:eccbd24a99c60cd9e86ee5305dbfc4a4dc89f5ab4fb1f06c8d64797cecedef34
Removing snapshot sha256:f144bb4c7c7f0d2aa7eeffd36d934ec40db1ee167be727e326aad9fdc616f475

]]></system-out>
  </testcase>
  <testcase name="withBridgeSecretConfiguration_messageBridged()" classname="com.hivemq.helmcharts.extensions.HelmBridgeExtensionIT" time="113.223">
    <system-out><![CDATA[2025-01-30 18:14:40,552 INFO tc.hivemq/hivemq4:4.36.0 - Creating container for image: hivemq/hivemq4:4.36.0
2025-01-30 18:14:40,568 INFO tc.hivemq/hivemq4:4.36.0 - Container hivemq/hivemq4:4.36.0 is starting: efddca10aa3b25dc0337a7370513514b315276799cde83bc42342d788ed4a529
2025-01-30 18:14:48,339 INFO tc.hivemq/hivemq4:4.36.0 - Container hivemq/hivemq4:4.36.0 started in PT7.787019759S
2025-01-30 18:14:48,339 INFO c.h.h.t.HelmChartContainer - Creating namespace 'helmbridgeextensionit-operator'...
2025-01-30 18:14:48,344 INFO c.h.h.t.HelmChartContainer - Namespace 'helmbridgeextensionit-operator' created
2025-01-30 18:14:48,344 INFO c.h.h.t.HelmChartContainer - Creating namespace 'helmbridgeextensionit'...
2025-01-30 18:14:48,352 INFO c.h.h.t.HelmChartContainer - Namespace 'helmbridgeextensionit' created
2025-01-30 18:14:48,419 DEBUG c.h.h.t.HelmChartContainer - Executing helm command: /bin/helm --kubeconfig /etc/rancher/k3s/k3s.yaml install test-hivemq-platform-operator /charts/hivemq-platform-operator --wait --timeout 5m0s --set image.repository=docker.io/hivemq --set image.name=hivemq-platform-operator-test --set image.initImageName=hivemq-platform-operator-init-test --set image.tag=snapshot --set image.pullPolicy=Never --set logLevel=DEBUG --set resources.cpu=512m --namespace helmbridgeextensionit-operator
2025-01-30 18:14:48,771 INFO c.h.h.t.HelmChartContainer - [K3S] [alloc.go:330] "allocated clusterIPs" service="helmbridgeextensionit-operator/hivemq-platform-operator-test-hivemq-platform-operator" clusterIPs={"IPv4":"10.43.34.144"}
2025-01-30 18:14:48,789 INFO c.h.h.t.HelmChartContainer - [EVENT] Normal [ScalingReplicaSet] Scaled up replica set hivemq-test-hivemq-platform-operator-6966f96d65 from 0 to 1 [helmbridgeextensionit-operator:hivemq-test-hivemq-platform-operator]
2025-01-30 18:14:48,796 INFO c.h.h.t.HelmChartContainer - [POD] hivemq-test-hivemq-platform-operator-6966f96d65-4gjg9 [6d00e0a3-52c0-4697-8826-d135bb800528] in helmbridgeextensionit-operator was ADDED
2025-01-30 18:14:48,805 INFO c.h.h.t.HelmChartContainer - [K3S] [replica_set.go:679] "Finished syncing" kind="ReplicaSet" key="helmbridgeextensionit-operator/hivemq-test-hivemq-platform-operator-6966f96d65" duration="21.072309ms"
2025-01-30 18:14:48,805 INFO c.h.h.t.HelmChartContainer - [EVENT] Normal [SuccessfulCreate] Created pod: hivemq-test-hivemq-platform-operator-6966f96d65-4gjg9 [helmbridgeextensionit-operator:hivemq-test-hivemq-platform-operator-6966f96d65]
2025-01-30 18:14:48,808 INFO c.h.h.t.HelmChartContainer - [POD] hivemq-test-hivemq-platform-operator-6966f96d65-4gjg9 [6d00e0a3-52c0-4697-8826-d135bb800528] in helmbridgeextensionit-operator was MODIFIED
2025-01-30 18:14:48,808 INFO c.h.h.t.HelmChartContainer - [K3S] [memory_manager.go:355] "RemoveStaleState removing state" podUID="36528a42-435c-4078-9f09-71f2e2917b3b" containerName="hivemq-platform-operator"
2025-01-30 18:14:48,808 INFO c.h.h.t.HelmChartContainer - [K3S] [memory_manager.go:355] "RemoveStaleState removing state" podUID="8cebd144-e357-4517-97a9-a0cecbc06e35" containerName="hivemq"
2025-01-30 18:14:48,817 INFO c.h.h.t.HelmChartContainer - [EVENT] Normal [Scheduled] Successfully assigned helmbridgeextensionit-operator/hivemq-test-hivemq-platform-operator-6966f96d65-4gjg9 to 7c00f4923724 [helmbridgeextensionit-operator:hivemq-test-hivemq-platform-operator-6966f96d65-4gjg9]
2025-01-30 18:14:48,823 INFO c.h.h.t.HelmChartContainer - [POD] hivemq-test-hivemq-platform-operator-6966f96d65-4gjg9 [6d00e0a3-52c0-4697-8826-d135bb800528] in helmbridgeextensionit-operator was MODIFIED
2025-01-30 18:14:48,825 INFO c.h.h.t.HelmChartContainer - [K3S] [replica_set.go:679] "Finished syncing" kind="ReplicaSet" key="helmbridgeextensionit-operator/hivemq-test-hivemq-platform-operator-6966f96d65" duration="19.960783ms"
2025-01-30 18:14:48,840 INFO c.h.h.t.HelmChartContainer - [K3S] [replica_set.go:679] "Finished syncing" kind="ReplicaSet" key="helmbridgeextensionit-operator/hivemq-test-hivemq-platform-operator-6966f96d65" duration="15.51394ms"
2025-01-30 18:14:48,841 INFO c.h.h.t.HelmChartContainer - [K3S] [replica_set.go:679] "Finished syncing" kind="ReplicaSet" key="helmbridgeextensionit-operator/hivemq-test-hivemq-platform-operator-6966f96d65" duration="38.281µs"
2025-01-30 18:14:48,980 INFO c.h.h.t.HelmChartContainer - [K3S] [reconciler_common.go:251] "operationExecutor.VerifyControllerAttachedVolume started for volume \"kube-api-access-hrzzh\" (UniqueName: \"kubernetes.io/projected/6d00e0a3-52c0-4697-8826-d135bb800528-kube-api-access-hrzzh\") pod \"hivemq-test-hivemq-platform-operator-6966f96d65-4gjg9\" (UID: \"6d00e0a3-52c0-4697-8826-d135bb800528\") " pod="helmbridgeextensionit-operator/hivemq-test-hivemq-platform-operator-6966f96d65-4gjg9"
2025-01-30 18:14:49,199 INFO c.h.h.t.HelmChartContainer - [EVENT] Normal [Pulled] Container image "docker.io/hivemq/hivemq-platform-operator-test:snapshot" already present on machine [helmbridgeextensionit-operator:hivemq-test-hivemq-platform-operator-6966f96d65-4gjg9]
2025-01-30 18:14:49,199 INFO c.h.h.t.HelmChartContainer - Received Pulled event for container hivemq-platform-operator in pod hivemq-test-hivemq-platform-operator-6966f96d65-4gjg9 [6d00e0a3-52c0-4697-8826-d135bb800528]
2025-01-30 18:14:50,457 INFO c.h.h.t.HelmChartContainer - [EVENT] Normal [Created] Created container: hivemq-platform-operator [helmbridgeextensionit-operator:hivemq-test-hivemq-platform-operator-6966f96d65-4gjg9]
2025-01-30 18:14:50,458 INFO c.h.h.t.HelmChartContainer - Received Created event for container hivemq-platform-operator in pod hivemq-test-hivemq-platform-operator-6966f96d65-4gjg9 [6d00e0a3-52c0-4697-8826-d135bb800528]
2025-01-30 18:14:50,617 INFO c.h.h.t.HelmChartContainer - [K3S] [replica_set.go:679] "Finished syncing" kind="ReplicaSet" key="helmbridgeextensionit-operator/hivemq-test-hivemq-platform-operator-6966f96d65" duration="39.934µs"
2025-01-30 18:14:50,619 INFO c.h.h.t.HelmChartContainer - [POD] hivemq-test-hivemq-platform-operator-6966f96d65-4gjg9 [6d00e0a3-52c0-4697-8826-d135bb800528] in helmbridgeextensionit-operator was MODIFIED
2025-01-30 18:14:50,630 INFO c.h.h.t.HelmChartContainer - Started log watcher for hivemq-platform-operator in pod hivemq-test-hivemq-platform-operator-6966f96d65-4gjg9 [6d00e0a3-52c0-4697-8826-d135bb800528]
2025-01-30 18:14:50,630 INFO c.h.h.t.HelmChartContainer - [EVENT] Normal [Started] Started container hivemq-platform-operator [helmbridgeextensionit-operator:hivemq-test-hivemq-platform-operator-6966f96d65-4gjg9]
2025-01-30 18:14:50,630 INFO c.h.h.t.HelmChartContainer - [hivemq-test-hivemq-platform] [hivemq-platform-operator] [6d00e0a3] -------------------------------------------------------------------------
2025-01-30 18:14:50,630 INFO c.h.h.t.HelmChartContainer - Received Started event for container hivemq-platform-operator in pod hivemq-test-hivemq-platform-operator-6966f96d65-4gjg9 [6d00e0a3-52c0-4697-8826-d135bb800528]
2025-01-30 18:14:50,630 INFO c.h.h.t.HelmChartContainer - [hivemq-test-hivemq-platform] [hivemq-platform-operator] [6d00e0a3] 
2025-01-30 18:14:50,630 INFO c.h.h.t.HelmChartContainer - [hivemq-test-hivemq-platform] [hivemq-platform-operator] [6d00e0a3]                   _    _  _              __  __   ____
2025-01-30 18:14:50,630 INFO c.h.h.t.HelmChartContainer - [hivemq-test-hivemq-platform] [hivemq-platform-operator] [6d00e0a3]                  | |  | |(_)            |  \/  | / __ \
2025-01-30 18:14:50,630 INFO c.h.h.t.HelmChartContainer - [hivemq-test-hivemq-platform] [hivemq-platform-operator] [6d00e0a3]                  | |__| | _ __   __ ___ | \  / || |  | |
2025-01-30 18:14:50,630 INFO c.h.h.t.HelmChartContainer - [hivemq-test-hivemq-platform] [hivemq-platform-operator] [6d00e0a3]                  |  __  || |\ \ / // _ \| |\/| || |  | |
2025-01-30 18:14:50,630 INFO c.h.h.t.HelmChartContainer - [hivemq-test-hivemq-platform] [hivemq-platform-operator] [6d00e0a3]                  | |  | || | \ V /|  __/| |  | || |__| |
2025-01-30 18:14:50,630 INFO c.h.h.t.HelmChartContainer - [hivemq-test-hivemq-platform] [hivemq-platform-operator] [6d00e0a3]                  |_|  |_||_|  \_/  \___||_|  |_| \___\_\
2025-01-30 18:14:50,630 INFO c.h.h.t.HelmChartContainer - [hivemq-test-hivemq-platform] [hivemq-platform-operator] [6d00e0a3] 
2025-01-30 18:14:50,630 INFO c.h.h.t.HelmChartContainer - [hivemq-test-hivemq-platform] [hivemq-platform-operator] [6d00e0a3] -------------------------------------------------------------------------
2025-01-30 18:14:50,630 INFO c.h.h.t.HelmChartContainer - [hivemq-test-hivemq-platform] [hivemq-platform-operator] [6d00e0a3] 
2025-01-30 18:14:50,630 INFO c.h.h.t.HelmChartContainer - [hivemq-test-hivemq-platform] [hivemq-platform-operator] [6d00e0a3]   HiveMQ Platform Operator Start Script v1.0
2025-01-30 18:14:50,631 INFO c.h.h.t.HelmChartContainer - [hivemq-test-hivemq-platform] [hivemq-platform-operator] [6d00e0a3] 
2025-01-30 18:14:50,631 INFO c.h.h.t.HelmChartContainer - [hivemq-test-hivemq-platform] [hivemq-platform-operator] [6d00e0a3] -------------------------------------------------------------------------
2025-01-30 18:14:50,631 INFO c.h.h.t.HelmChartContainer - [hivemq-test-hivemq-platform] [hivemq-platform-operator] [6d00e0a3] 
2025-01-30 18:14:50,631 INFO c.h.h.t.HelmChartContainer - [hivemq-test-hivemq-platform] [hivemq-platform-operator] [6d00e0a3]   JAVA_OPTS: -XX:+UnlockExperimentalVMOptions -XX:InitialRAMPercentage=75 -XX:MaxRAMPercentage=75 -Duser.language=en -Duser.region=US
2025-01-30 18:14:50,631 INFO c.h.h.t.HelmChartContainer - [hivemq-test-hivemq-platform] [hivemq-platform-operator] [6d00e0a3] 
2025-01-30 18:14:50,631 INFO c.h.h.t.HelmChartContainer - [hivemq-test-hivemq-platform] [hivemq-platform-operator] [6d00e0a3]   JAVA_VERSION: 21
2025-01-30 18:14:50,631 INFO c.h.h.t.HelmChartContainer - [hivemq-test-hivemq-platform] [hivemq-platform-operator] [6d00e0a3] 
2025-01-30 18:14:50,631 INFO c.h.h.t.HelmChartContainer - [hivemq-test-hivemq-platform] [hivemq-platform-operator] [6d00e0a3] -------------------------------------------------------------------------
2025-01-30 18:14:50,631 INFO c.h.h.t.HelmChartContainer - [hivemq-test-hivemq-platform] [hivemq-platform-operator] [6d00e0a3] 
2025-01-30 18:14:53,702 INFO c.h.h.t.HelmChartContainer - [hivemq-test-hivemq-platform] [hivemq-platform-operator] [6d00e0a3] 18:14:53.699 [main] DEBUG org.jboss.logging - Logging Provider: org.jboss.logging.Slf4jLoggerProvider
2025-01-30 18:14:53,805 INFO c.h.h.t.HelmChartContainer - [hivemq-test-hivemq-platform] [hivemq-platform-operator] [6d00e0a3] 18:14:53.804 [main] DEBUG io.smallrye.config - SRCFG01006: Loaded ConfigSource SysPropConfigSource with ordinal 400
2025-01-30 18:14:53,805 INFO c.h.h.t.HelmChartContainer - [hivemq-test-hivemq-platform] [hivemq-platform-operator] [6d00e0a3] 18:14:53.804 [main] DEBUG io.smallrye.config - SRCFG01006: Loaded ConfigSource EnvConfigSource with ordinal 300
2025-01-30 18:14:53,805 INFO c.h.h.t.HelmChartContainer - [hivemq-test-hivemq-platform] [hivemq-platform-operator] [6d00e0a3] 18:14:53.804 [main] DEBUG io.smallrye.config - SRCFG01006: Loaded ConfigSource PropertiesConfigSource[source=jar:file:///opt/hivemq-platform-operator/bin/hivemq-platform-operator.jar!/hivemq-platform-operator.properties] with ordinal 100
2025-01-30 18:14:53,805 INFO c.h.h.t.HelmChartContainer - [hivemq-test-hivemq-platform] [hivemq-platform-operator] [6d00e0a3] 18:14:53.804 [main] DEBUG io.smallrye.config - SRCFG01006: Loaded ConfigSource DefaultValuesConfigSource with ordinal -2147483648
2025-01-30 18:14:53,914 INFO c.h.h.t.HelmChartContainer - [hivemq-test-hivemq-platform] [hivemq-platform-operator] [6d00e0a3] 18:14:53.913 [main] DEBUG i.m.c.u.i.l.InternalLoggerFactory - Using SLF4J as the default logging framework
2025-01-30 18:14:54,098 INFO c.h.h.t.HelmChartContainer - [hivemq-test-hivemq-platform] [hivemq-platform-operator] [6d00e0a3] 18:14:54.089 [main] INFO  c.h.p.o.HiveMQPlatformOperatorApplication - HiveMQ Platform Operator 1.7.0-SNAPSHOT (commit: 47e3375 on branch: HEAD) built on Thu Jan 30 03:55:50 UTC 2025
2025-01-30 18:14:54,099 INFO c.h.h.t.HelmChartContainer - [hivemq-test-hivemq-platform] [hivemq-platform-operator] [6d00e0a3] 18:14:54.098 [main] INFO  c.h.p.o.HiveMQPlatformOperatorApplication - HiveMQ Platform Operator is running in namespace: helmbridgeextensionit-operator
2025-01-30 18:14:54,100 INFO c.h.h.t.HelmChartContainer - [hivemq-test-hivemq-platform] [hivemq-platform-operator] [6d00e0a3] 18:14:54.098 [main] INFO  c.h.p.o.HiveMQPlatformOperatorApplication - Watching all namespaces
2025-01-30 18:14:54,100 INFO c.h.h.t.HelmChartContainer - [hivemq-test-hivemq-platform] [hivemq-platform-operator] [6d00e0a3] 18:14:54.098 [main] INFO  c.h.p.o.HiveMQPlatformOperatorApplication - Log level: DEBUG
2025-01-30 18:14:54,100 INFO c.h.h.t.HelmChartContainer - [hivemq-test-hivemq-platform] [hivemq-platform-operator] [6d00e0a3] 18:14:54.098 [main] INFO  c.h.p.o.HiveMQPlatformOperatorApplication - Release name: test-hivemq-platform-operator
2025-01-30 18:14:54,100 INFO c.h.h.t.HelmChartContainer - [hivemq-test-hivemq-platform] [hivemq-platform-operator] [6d00e0a3] 18:14:54.098 [main] INFO  c.h.p.o.HiveMQPlatformOperatorApplication - HiveMQ Platform Operator Init image: docker.io/hivemq/hivemq-platform-operator-init-test:snapshot
2025-01-30 18:14:54,100 INFO c.h.h.t.HelmChartContainer - [hivemq-test-hivemq-platform] [hivemq-platform-operator] [6d00e0a3] 18:14:54.098 [main] INFO  c.h.p.o.HiveMQPlatformOperatorApplication - HiveMQ Platform Operator Init App update URL: http://hivemq-platform-operator-test-hivemq-platform-operator.helmbridgeextensionit-operator.svc:8080/initAppUpdate/hivemq-platform-operator-init-app-1.7.0-SNAPSHOT.jar
2025-01-30 18:14:54,100 INFO c.h.h.t.HelmChartContainer - [hivemq-test-hivemq-platform] [hivemq-platform-operator] [6d00e0a3] 18:14:54.099 [main] INFO  c.h.p.o.HiveMQPlatformOperatorApplication - Additional imagePullSecret for all Platform deployments: none
2025-01-30 18:14:54,100 INFO c.h.h.t.HelmChartContainer - [hivemq-test-hivemq-platform] [hivemq-platform-operator] [6d00e0a3] 18:14:54.099 [main] INFO  c.h.p.o.HiveMQPlatformOperatorApplication - Apply HiveMQ Platform CRD: true
2025-01-30 18:14:54,101 INFO c.h.h.t.HelmChartContainer - [hivemq-test-hivemq-platform] [hivemq-platform-operator] [6d00e0a3] 18:14:54.099 [main] INFO  c.h.p.o.HiveMQPlatformOperatorApplication - Create Platform ServiceAccount: true
2025-01-30 18:14:54,101 INFO c.h.h.t.HelmChartContainer - [hivemq-test-hivemq-platform] [hivemq-platform-operator] [6d00e0a3] 18:14:54.099 [main] INFO  c.h.p.o.HiveMQPlatformOperatorApplication - Create Platform ServiceAccount permissions: true
2025-01-30 18:14:54,101 INFO c.h.h.t.HelmChartContainer - [hivemq-test-hivemq-platform] [hivemq-platform-operator] [6d00e0a3] 18:14:54.099 [main] INFO  c.h.p.o.HiveMQPlatformOperatorApplication - Validate Platform ServiceAccount: true
2025-01-30 18:14:54,101 INFO c.h.h.t.HelmChartContainer - [hivemq-test-hivemq-platform] [hivemq-platform-operator] [6d00e0a3] 18:14:54.099 [main] INFO  c.h.p.o.HiveMQPlatformOperatorApplication - Validate Platform ServiceAccount permissions: true
2025-01-30 18:14:54,223 INFO c.h.h.t.HelmChartContainer - [hivemq-test-hivemq-platform] [hivemq-platform-operator] [6d00e0a3] 18:14:54.222 [main] INFO  c.h.platform.operator.util.CRDUtil - Verifying deployed HiveMQ Platform CRD...
2025-01-30 18:14:56,694 INFO c.h.h.t.HelmChartContainer - [hivemq-test-hivemq-platform] [hivemq-platform-operator] [6d00e0a3] 18:14:56.692 [main] DEBUG c.h.platform.operator.util.CRDUtil - HiveMQ Platform CRD version v1 is up to date
2025-01-30 18:14:56,694 INFO c.h.h.t.HelmChartContainer - [hivemq-test-hivemq-platform] [hivemq-platform-operator] [6d00e0a3] 18:14:56.692 [main] INFO  c.h.platform.operator.util.CRDUtil - HiveMQ Platform CRD is up to date (version: V1_6_0)
2025-01-30 18:14:56,694 INFO c.h.h.t.HelmChartContainer - [hivemq-test-hivemq-platform] [hivemq-platform-operator] [6d00e0a3] 18:14:56.692 [main] INFO  c.h.platform.operator.util.CRDUtil - Waiting 10000 ms for HiveMQ Platform CRD 'hivemq-platforms.hivemq.com' to become ready...
2025-01-30 18:14:56,998 INFO c.h.h.t.HelmChartContainer - [hivemq-test-hivemq-platform] [hivemq-platform-operator] [6d00e0a3] 18:14:56.997 [vert.x-eventloop-thread-1] DEBUG c.h.platform.operator.util.CRDUtil - Checking CRD condition 'NamesAccepted' (status: 'True')
2025-01-30 18:14:57,001 INFO c.h.h.t.HelmChartContainer - [hivemq-test-hivemq-platform] [hivemq-platform-operator] [6d00e0a3] 18:14:56.997 [vert.x-eventloop-thread-1] DEBUG c.h.platform.operator.util.CRDUtil - Checking CRD condition 'Established' (status: 'True')
2025-01-30 18:14:57,001 INFO c.h.h.t.HelmChartContainer - [hivemq-test-hivemq-platform] [hivemq-platform-operator] [6d00e0a3] 18:14:56.998 [main] INFO  c.h.platform.operator.util.CRDUtil - HiveMQ Platform CRD 'hivemq-platforms.hivemq.com' is ready
2025-01-30 18:14:57,117 INFO c.h.h.t.HelmChartContainer - [hivemq-test-hivemq-platform] [hivemq-platform-operator] [6d00e0a3] 18:14:57.116 [main] INFO  c.h.p.o.HiveMQPlatformReconciler - HiveMQ Platform Operator is starting...
2025-01-30 18:14:57,211 INFO c.h.h.t.HelmChartContainer - [hivemq-test-hivemq-platform] [hivemq-platform-operator] [6d00e0a3] 18:14:57.210 [main] WARN  Default ConfigurationService implementation - Configuration for reconciler 'hivemq-controller' was not found. Known reconcilers: None.
2025-01-30 18:14:57,290 INFO c.h.h.t.HelmChartContainer - [hivemq-test-hivemq-platform] [hivemq-platform-operator] [6d00e0a3] 18:14:57.289 [main] INFO  Default ConfigurationService implementation - Created configuration for reconciler com.hivemq.platform.operator.HiveMQPlatformReconciler with name hivemq-controller
2025-01-30 18:14:57,392 INFO c.h.h.t.HelmChartContainer - [hivemq-test-hivemq-platform] [hivemq-platform-operator] [6d00e0a3] 18:14:57.391 [main] DEBUG c.h.p.o.HiveMQPlatformReconciler - HiveMQ Platform Operator is preparing EventSources
2025-01-30 18:14:57,406 INFO c.h.h.t.HelmChartContainer - [hivemq-test-hivemq-platform] [hivemq-platform-operator] [6d00e0a3] 18:14:57.405 [main] INFO  i.javaoperatorsdk.operator.Operator - Registered reconciler: 'hivemq-controller' for resource: 'class com.hivemq.platform.operator.v1.HiveMQPlatform' for namespace(s): [all namespaces]
2025-01-30 18:14:58,000 INFO c.h.h.t.HelmChartContainer - [hivemq-test-hivemq-platform] [hivemq-platform-operator] [6d00e0a3] 18:14:57.998 [main] INFO  c.h.p.operator.webserver.JettyServer - Starting Jetty server on port 8080
2025-01-30 18:14:58,096 INFO c.h.h.t.HelmChartContainer - [hivemq-test-hivemq-platform] [hivemq-platform-operator] [6d00e0a3] 18:14:58.094 [main] INFO  i.javaoperatorsdk.operator.Operator - Operator SDK 4.9.7 (commit: 2133d28) built on Wed Nov 20 12:56:20 UTC 2024 starting...
2025-01-30 18:14:58,097 INFO c.h.h.t.HelmChartContainer - [hivemq-test-hivemq-platform] [hivemq-platform-operator] [6d00e0a3] 18:14:58.095 [main] INFO  i.javaoperatorsdk.operator.Operator - Client version: 6.13.5
2025-01-30 18:14:58,097 INFO c.h.h.t.HelmChartContainer - [hivemq-test-hivemq-platform] [hivemq-platform-operator] [6d00e0a3] 18:14:58.096 [Controller Starter for: hivemq-controller] INFO  i.j.operator.processing.Controller - Starting 'hivemq-controller' controller for reconciler: com.hivemq.platform.operator.HiveMQPlatformReconciler, resource: com.hivemq.platform.operator.v1.HiveMQPlatform
2025-01-30 18:15:00,400 INFO c.h.h.t.HelmChartContainer - [hivemq-test-hivemq-platform] [hivemq-platform-operator] [6d00e0a3] 18:15:00.398 [Controller Starter for: hivemq-controller] INFO  i.j.operator.processing.Controller - 'hivemq-controller' controller started
2025-01-30 18:15:00,400 INFO c.h.h.t.HelmChartContainer - [hivemq-test-hivemq-platform] [hivemq-platform-operator] [6d00e0a3] 18:15:00.399 [main] INFO  c.h.p.o.HiveMQPlatformOperatorApplication - HiveMQ Platform Operator 1.7.0-SNAPSHOT started in 6383 ms
2025-01-30 18:15:01,621 INFO c.h.h.t.HelmChartContainer - [POD] hivemq-test-hivemq-platform-operator-6966f96d65-4gjg9 [6d00e0a3-52c0-4697-8826-d135bb800528] in helmbridgeextensionit-operator was MODIFIED
2025-01-30 18:15:01,625 INFO c.h.h.t.HelmChartContainer - [K3S] [replica_set.go:679] "Finished syncing" kind="ReplicaSet" key="helmbridgeextensionit-operator/hivemq-test-hivemq-platform-operator-6966f96d65" duration="7.14106ms"
2025-01-30 18:15:01,625 INFO c.h.h.t.HelmChartContainer - [K3S] [replica_set.go:679] "Finished syncing" kind="ReplicaSet" key="helmbridgeextensionit-operator/hivemq-test-hivemq-platform-operator-6966f96d65" duration="48.219µs"
2025-01-30 18:15:02,915 DEBUG c.h.h.t.HelmChartContainer - Executing helm command: /bin/helm --kubeconfig /etc/rancher/k3s/k3s.yaml install test-hivemq-platform /charts/hivemq-platform --wait --timeout 5m0s --set image.repository=docker.io/hivemq --set image.tag=4.36.0 --set image.pullPolicy=Never --set nodes.resources.cpu=512m -f /files/bridge-with-secret-config-values.yaml --namespace helmbridgeextensionit
2025-01-30 18:15:03,154 INFO c.h.h.t.HelmChartContainer - [hivemq-test-hivemq-platform] [hivemq-platform-operator] [6d00e0a3] 18:15:03.153 [-2082509879-pool-1-thread-4] WARN  i.m.p.PrometheusMeterRegistry - The meter (MeterId{name='operator.sdk.events.received', tags=[tag(action=ADDED),tag(event=ResourceEvent),tag(group=hivemq.com),tag(kind=HiveMQPlatform),tag(name=test-hivemq-platform),tag(namespace=helmbridgeextensionit),tag(scope=namespace),tag(version=v1)]}) registration has failed: Prometheus requires that all meters with the same name have the same set of tag keys. There is already an existing meter named 'operator.sdk.events.received' containing tag keys [event, group, kind, name, namespace, scope, version]. The meter you are attempting to register has keys [action, event, group, kind, name, namespace, scope, version]. Note that subsequent logs will be logged at debug level.
2025-01-30 18:15:03,607 INFO c.h.h.t.HelmChartContainer - [hivemq-test-hivemq-platform] [hivemq-platform-operator] [6d00e0a3] 18:15:03.605 [pool-6-thread-3] DEBUG c.h.p.o.dependants.PodInfoConfigMap - [helmbrid] Desired PodInfo ConfigMap (1 extensions) (1 enabled)
2025-01-30 18:15:03,609 INFO c.h.h.t.HelmChartContainer - [hivemq-test-hivemq-platform] [hivemq-platform-operator] [6d00e0a3] 18:15:03.606 [pool-6-thread-3] DEBUG c.h.p.o.dependants.PodInfoConfigMap - [helmbrid] Desired PodInfo ConfigMap (metrics port: 9399) (metrics path: /)
2025-01-30 18:15:03,611 INFO c.h.h.t.HelmChartContainer - [hivemq-test-hivemq-platform] [hivemq-platform-operator] [6d00e0a3] 18:15:03.606 [pool-6-thread-3] DEBUG c.h.p.o.dependants.PodInfoConfigMap - [helmbrid] Desired PodInfo ConfigMap (extension state hash: -354521834)
2025-01-30 18:15:03,611 INFO c.h.h.t.HelmChartContainer - [hivemq-test-hivemq-platform] [hivemq-platform-operator] [6d00e0a3] 18:15:03.608 [pool-6-thread-3] DEBUG c.h.p.o.dependants.PodInfoConfigMap - [helmbrid] Create PodInfo ConfigMap
2025-01-30 18:15:03,792 INFO c.h.h.t.HelmChartContainer - [hivemq-test-hivemq-platform] [hivemq-platform-operator] [6d00e0a3] 18:15:03.706 [pool-6-thread-5] DEBUG c.h.p.o.dependants.PodRoleResource - [helmbrid] Create Role: Role(apiVersion=rbac.authorization.k8s.io/v1, kind=Role, metadata=ObjectMeta(annotations={meta.helm.sh/release-name=test-hivemq-platform, meta.helm.sh/release-namespace=helmbridgeextensionit}, creationTimestamp=null, deletionGracePeriodSeconds=null, deletionTimestamp=null, finalizers=[], generateName=null, generation=null, labels={helm.sh/chart=hivemq-platform-0.2.32, app.kubernetes.io/managed-by=Helm, app.kubernetes.io/name=hivemq-platform, hivemq-platform=test-hivemq-platform, app.kubernetes.io/instance=test-hivemq-platform, app.kubernetes.io/version=4.36.0}, managedFields=[], name=hivemq-platform-role-test-hivemq-platform, namespace=helmbridgeextensionit, ownerReferences=[OwnerReference(apiVersion=hivemq.com/v1, blockOwnerDeletion=null, controller=null, kind=HiveMQPlatform, name=test-hivemq-platform, uid=738ddaef-9f65-444e-8e5e-5ab0dca8b4e2, additionalProperties={})], resourceVersion=null, selfLink=null, uid=null, additionalProperties={}), rules=[PolicyRule(apiGroups=[], nonResourceURLs=[], resourceNames=[], resources=[pods], verbs=[get, patch, update], additionalProperties={})], additionalProperties={})
2025-01-30 18:15:03,893 INFO c.h.h.t.HelmChartContainer - [hivemq-test-hivemq-platform] [hivemq-platform-operator] [6d00e0a3] 18:15:03.891 [pool-6-thread-7] DEBUG c.h.p.o.d.PodServiceAccountResource - [helmbrid] Desired PodServiceAccountResource (serviceAccountName: hivemq-platform-pod-test-hivemq-platform)
2025-01-30 18:15:03,894 INFO c.h.h.t.HelmChartContainer - [hivemq-test-hivemq-platform] [hivemq-platform-operator] [6d00e0a3] 18:15:03.893 [pool-6-thread-7] DEBUG c.h.p.o.d.PodServiceAccountResource - [helmbrid] Create ServiceAccount 'hivemq-platform-pod-test-hivemq-platform'
2025-01-30 18:15:03,999 INFO c.h.h.t.HelmChartContainer - [hivemq-test-hivemq-platform] [hivemq-platform-operator] [6d00e0a3] 18:15:03.996 [pool-6-thread-10] DEBUG c.h.p.o.d.PodRoleBindingResource - [helmbrid] Create RoleBinding: RoleBinding(apiVersion=rbac.authorization.k8s.io/v1, kind=RoleBinding, metadata=ObjectMeta(annotations={meta.helm.sh/release-name=test-hivemq-platform, meta.helm.sh/release-namespace=helmbridgeextensionit}, creationTimestamp=null, deletionGracePeriodSeconds=null, deletionTimestamp=null, finalizers=[], generateName=null, generation=null, labels={helm.sh/chart=hivemq-platform-0.2.32, app.kubernetes.io/managed-by=Helm, app.kubernetes.io/name=hivemq-platform, hivemq-platform=test-hivemq-platform, app.kubernetes.io/instance=test-hivemq-platform, app.kubernetes.io/version=4.36.0}, managedFields=[], name=hivemq-platform-role-binding-test-hivemq-platform, namespace=helmbridgeextensionit, ownerReferences=[OwnerReference(apiVersion=hivemq.com/v1, blockOwnerDeletion=null, controller=null, kind=HiveMQPlatform, name=test-hivemq-platform, uid=738ddaef-9f65-444e-8e5e-5ab0dca8b4e2, additionalProperties={})], resourceVersion=null, selfLink=null, uid=null, additionalProperties={}), roleRef=RoleRef(apiGroup=rbac.authorization.k8s.io, kind=Role, name=hivemq-platform-role-test-hivemq-platform, additionalProperties={}), subjects=[Subject(apiGroup=null, kind=ServiceAccount, name=hivemq-platform-pod-test-hivemq-platform, namespace=helmbridgeextensionit, additionalProperties={})], additionalProperties={})
2025-01-30 18:15:04,093 INFO c.h.h.t.HelmChartContainer - [hivemq-test-hivemq-platform] [hivemq-platform-operator] [6d00e0a3] 18:15:04.091 [ReconcilerExecutor-hivemq-controller-53] INFO  c.h.p.o.HiveMQPlatformReconciler - [helmbrid] Reconciling HiveMQ Platform 'test-hivemq-platform' in namespace 'helmbridgeextensionit'
2025-01-30 18:15:04,093 INFO c.h.h.t.HelmChartContainer - [hivemq-test-hivemq-platform] [hivemq-platform-operator] [6d00e0a3] 18:15:04.091 [ReconcilerExecutor-hivemq-controller-53] DEBUG c.h.p.o.HiveMQPlatformReconciler - [helmbrid] Custom Resource Status CREATED - HiveMQ Platform was created (READY)
2025-01-30 18:15:04,093 INFO c.h.h.t.HelmChartContainer - [hivemq-test-hivemq-platform] [hivemq-platform-operator] [6d00e0a3] 18:15:04.091 [ReconcilerExecutor-hivemq-controller-53] DEBUG c.h.p.o.HiveMQPlatformReconciler - [helmbrid] Custom Resource Spec (replicas: 1) (extensions: 1)
2025-01-30 18:15:04,096 INFO c.h.h.t.HelmChartContainer - [hivemq-test-hivemq-platform] [hivemq-platform-operator] [6d00e0a3] 18:15:04.095 [ReconcilerExecutor-hivemq-controller-53] INFO  c.h.p.o.h.HiveMQPlatformReconcilerBaseHandler - [helmbrid] HiveMQ Platform is starting
2025-01-30 18:15:04,199 INFO c.h.h.t.HelmChartContainer - [hivemq-test-hivemq-platform] [hivemq-platform-operator] [6d00e0a3] 18:15:04.198 [ReconcilerExecutor-hivemq-controller-53] DEBUG c.h.p.operator.event.EventSender - [helmbrid] Creating K8s event hivemq-platform-starting: [Start] HiveMQ Platform is starting
2025-01-30 18:15:04,209 INFO c.h.h.t.HelmChartContainer - [EVENT] Normal [Start] HiveMQ Platform is starting [helmbridgeextensionit:test-hivemq-platform]
2025-01-30 18:15:04,291 INFO c.h.h.t.HelmChartContainer - [hivemq-test-hivemq-platform] [hivemq-platform-operator] [6d00e0a3] 18:15:04.290 [ReconcilerExecutor-hivemq-controller-53] INFO  c.h.p.o.h.AbstractHiveMQReconcilerStateHandler - [helmbrid] Update HiveMQ Platform Status (CREATED [READY] -> STARTING [READY]): HiveMQ Platform is starting
2025-01-30 18:15:04,304 DEBUG com.hivemq.helmcharts.util.K8sUtil - Comparing actual state 'STARTING' and waiting for 'RUNNING'
2025-01-30 18:15:14,315 INFO c.h.h.t.HelmChartContainer - [hivemq-test-hivemq-platform] [hivemq-platform-operator] [6d00e0a3] 18:15:14.313 [pool-6-thread-12] DEBUG c.h.p.o.d.PlatformServiceResource - [helmbrid] Desired Platform services (3 services)
2025-01-30 18:15:14,315 INFO c.h.h.t.HelmChartContainer - [hivemq-test-hivemq-platform] [hivemq-platform-operator] [6d00e0a3] 18:15:14.315 [pool-6-thread-13] DEBUG c.h.p.o.dependants.PodInfoConfigMap - [helmbrid] Desired PodInfo ConfigMap (1 extensions) (1 enabled)
2025-01-30 18:15:14,318 INFO c.h.h.t.HelmChartContainer - [hivemq-test-hivemq-platform] [hivemq-platform-operator] [6d00e0a3] 18:15:14.315 [pool-6-thread-13] DEBUG c.h.p.o.dependants.PodInfoConfigMap - [helmbrid] Desired PodInfo ConfigMap (metrics port: 9399) (metrics path: /)
2025-01-30 18:15:14,318 INFO c.h.h.t.HelmChartContainer - [hivemq-test-hivemq-platform] [hivemq-platform-operator] [6d00e0a3] 18:15:14.315 [pool-6-thread-13] DEBUG c.h.p.o.dependants.PodInfoConfigMap - [helmbrid] Desired PodInfo ConfigMap (extension state hash: -354521834)
2025-01-30 18:15:14,320 INFO c.h.h.t.HelmChartContainer - [hivemq-test-hivemq-platform] [hivemq-platform-operator] [6d00e0a3] 18:15:14.319 [pool-6-thread-13] DEBUG c.h.p.o.dependants.PodInfoConfigMap - [helmbrid] Update PodInfo ConfigMap
2025-01-30 18:15:14,324 INFO c.h.h.t.HelmChartContainer - [hivemq-test-hivemq-platform] [hivemq-platform-operator] [6d00e0a3] 18:15:14.322 [pool-6-thread-17] DEBUG c.h.p.o.d.PodServiceAccountResource - [helmbrid] Desired PodServiceAccountResource (serviceAccountName: hivemq-platform-pod-test-hivemq-platform)
2025-01-30 18:15:14,330 INFO c.h.h.t.HelmChartContainer - [K3S] [alloc.go:330] "allocated clusterIPs" service="helmbridgeextensionit/hivemq-test-hivemq-platform-metrics-9399" clusterIPs={"IPv4":"10.43.138.142"}
2025-01-30 18:15:14,405 INFO c.h.h.t.HelmChartContainer - [K3S] [alloc.go:330] "allocated clusterIPs" service="helmbridgeextensionit/hivemq-test-hivemq-platform-mqtt-1883" clusterIPs={"IPv4":"10.43.17.21"}
2025-01-30 18:15:14,497 INFO c.h.h.t.HelmChartContainer - [K3S] [alloc.go:330] "allocated clusterIPs" service="helmbridgeextensionit/hivemq-test-hivemq-platform-cc-8080" clusterIPs={"IPv4":"10.43.22.154"}
2025-01-30 18:15:14,506 INFO c.h.h.t.HelmChartContainer - [hivemq-test-hivemq-platform] [hivemq-platform-operator] [6d00e0a3] 18:15:14.501 [pool-6-thread-20] DEBUG c.h.p.o.d.StatefulSetResource - [helmbrid] Desired StatefulSet (1 replicas) for status STARTING (READY)
2025-01-30 18:15:14,597 INFO c.h.h.t.HelmChartContainer - [hivemq-test-hivemq-platform] [hivemq-platform-operator] [6d00e0a3] 18:15:14.594 [pool-6-thread-20] DEBUG c.h.p.o.d.StatefulSetResource - [helmbrid] Create StatefulSet
2025-01-30 18:15:14,624 INFO c.h.h.t.HelmChartContainer - [POD] test-hivemq-platform-0 [786095b8-680d-4577-bd95-6ff582829fb0] in helmbridgeextensionit was ADDED
2025-01-30 18:15:14,625 INFO c.h.h.t.HelmChartContainer - [EVENT] Normal [SuccessfulCreate] create Pod test-hivemq-platform-0 in StatefulSet test-hivemq-platform successful [helmbridgeextensionit:test-hivemq-platform]
2025-01-30 18:15:14,627 INFO c.h.h.t.HelmChartContainer - [POD] test-hivemq-platform-0 [786095b8-680d-4577-bd95-6ff582829fb0] in helmbridgeextensionit was MODIFIED
2025-01-30 18:15:14,629 INFO c.h.h.t.HelmChartContainer - [EVENT] Normal [Scheduled] Successfully assigned helmbridgeextensionit/test-hivemq-platform-0 to 7c00f4923724 [helmbridgeextensionit:test-hivemq-platform-0]
2025-01-30 18:15:14,631 INFO c.h.h.t.HelmChartContainer - [K3S] [reconciler_common.go:251] "operationExecutor.VerifyControllerAttachedVolume started for volume \"pod-info\" (UniqueName: \"kubernetes.io/configmap/786095b8-680d-4577-bd95-6ff582829fb0-pod-info\") pod \"test-hivemq-platform-0\" (UID: \"786095b8-680d-4577-bd95-6ff582829fb0\") " pod="helmbridgeextensionit/test-hivemq-platform-0"
2025-01-30 18:15:14,631 INFO c.h.h.t.HelmChartContainer - [K3S] [reconciler_common.go:251] "operationExecutor.VerifyControllerAttachedVolume started for volume \"broker-configuration\" (UniqueName: \"kubernetes.io/configmap/786095b8-680d-4577-bd95-6ff582829fb0-broker-configuration\") pod \"test-hivemq-platform-0\" (UID: \"786095b8-680d-4577-bd95-6ff582829fb0\") " pod="helmbridgeextensionit/test-hivemq-platform-0"
2025-01-30 18:15:14,632 INFO c.h.h.t.HelmChartContainer - [K3S] [reconciler_common.go:251] "operationExecutor.VerifyControllerAttachedVolume started for volume \"extension-configuration-hivemq-bridge-extension\" (UniqueName: \"kubernetes.io/secret/786095b8-680d-4577-bd95-6ff582829fb0-extension-configuration-hivemq-bridge-extension\") pod \"test-hivemq-platform-0\" (UID: \"786095b8-680d-4577-bd95-6ff582829fb0\") " pod="helmbridgeextensionit/test-hivemq-platform-0"
2025-01-30 18:15:14,632 INFO c.h.h.t.HelmChartContainer - [K3S] [reconciler_common.go:251] "operationExecutor.VerifyControllerAttachedVolume started for volume \"kube-api-access-9zvzf\" (UniqueName: \"kubernetes.io/projected/786095b8-680d-4577-bd95-6ff582829fb0-kube-api-access-9zvzf\") pod \"test-hivemq-platform-0\" (UID: \"786095b8-680d-4577-bd95-6ff582829fb0\") " pod="helmbridgeextensionit/test-hivemq-platform-0"
2025-01-30 18:15:14,632 INFO c.h.h.t.HelmChartContainer - [K3S] [reconciler_common.go:251] "operationExecutor.VerifyControllerAttachedVolume started for volume \"operator-init\" (UniqueName: \"kubernetes.io/empty-dir/786095b8-680d-4577-bd95-6ff582829fb0-operator-init\") pod \"test-hivemq-platform-0\" (UID: \"786095b8-680d-4577-bd95-6ff582829fb0\") " pod="helmbridgeextensionit/test-hivemq-platform-0"
2025-01-30 18:15:14,639 INFO c.h.h.t.HelmChartContainer - [POD] test-hivemq-platform-0 [786095b8-680d-4577-bd95-6ff582829fb0] in helmbridgeextensionit was MODIFIED
2025-01-30 18:15:14,795 INFO c.h.h.t.HelmChartContainer - [hivemq-test-hivemq-platform] [hivemq-platform-operator] [6d00e0a3] 18:15:14.794 [ReconcilerExecutor-hivemq-controller-64] INFO  c.h.p.o.HiveMQPlatformReconciler - [helmbrid] Reconciling HiveMQ Platform 'test-hivemq-platform' in namespace 'helmbridgeextensionit'
2025-01-30 18:15:14,796 INFO c.h.h.t.HelmChartContainer - [hivemq-test-hivemq-platform] [hivemq-platform-operator] [6d00e0a3] 18:15:14.794 [ReconcilerExecutor-hivemq-controller-64] DEBUG c.h.p.o.HiveMQPlatformReconciler - [helmbrid] Custom Resource Status STARTING - HiveMQ Platform is starting (READY)
2025-01-30 18:15:14,796 INFO c.h.h.t.HelmChartContainer - [hivemq-test-hivemq-platform] [hivemq-platform-operator] [6d00e0a3] 18:15:14.794 [ReconcilerExecutor-hivemq-controller-64] DEBUG c.h.p.o.HiveMQPlatformReconciler - [helmbrid] Custom Resource Spec (replicas: 1) (extensions: 1)
2025-01-30 18:15:14,799 INFO c.h.h.t.HelmChartContainer - [hivemq-test-hivemq-platform] [hivemq-platform-operator] [6d00e0a3] 18:15:14.798 [ReconcilerExecutor-hivemq-controller-64] DEBUG c.h.p.o.HiveMQPlatformReconciler - [helmbrid] StatefulSet Status (revision: test-hivemq-platform-6d7b96669f, replicas: 1, available: 0, ready: 0, current: 1, updated: 1)
2025-01-30 18:15:14,800 INFO c.h.h.t.HelmChartContainer - [hivemq-test-hivemq-platform] [hivemq-platform-operator] [6d00e0a3] 18:15:14.798 [ReconcilerExecutor-hivemq-controller-64] DEBUG c.h.p.o.HiveMQPlatformReconciler - [helmbrid] StatefulSet Spec (replicas: 1, init containers: 1, containers: 1, volumes: 4)
2025-01-30 18:15:14,892 INFO c.h.h.t.HelmChartContainer - [hivemq-test-hivemq-platform] [hivemq-platform-operator] [6d00e0a3] 18:15:14.891 [ReconcilerExecutor-hivemq-controller-64] DEBUG c.h.p.o.h.HiveMQPlatformReconcilerErrorHandler - [helmbrid] Pod 'test-hivemq-platform-0' phase Pending
2025-01-30 18:15:14,893 INFO c.h.h.t.HelmChartContainer - [hivemq-test-hivemq-platform] [hivemq-platform-operator] [6d00e0a3] 18:15:14.892 [ReconcilerExecutor-hivemq-controller-64] DEBUG c.h.p.o.h.HiveMQPlatformReconcilerErrorHandler - [helmbrid] Pod 'test-hivemq-platform-0' condition 'PodReadyToStartContainers': False
2025-01-30 18:15:14,893 INFO c.h.h.t.HelmChartContainer - [hivemq-test-hivemq-platform] [hivemq-platform-operator] [6d00e0a3] 18:15:14.892 [ReconcilerExecutor-hivemq-controller-64] DEBUG c.h.p.o.h.HiveMQPlatformReconcilerErrorHandler - [helmbrid] Pod 'test-hivemq-platform-0' condition 'Initialized': False
2025-01-30 18:15:14,895 INFO c.h.h.t.HelmChartContainer - [hivemq-test-hivemq-platform] [hivemq-platform-operator] [6d00e0a3] 18:15:14.892 [ReconcilerExecutor-hivemq-controller-64] DEBUG c.h.p.o.h.HiveMQPlatformReconcilerErrorHandler - [helmbrid] Pod 'test-hivemq-platform-0' condition 'Ready': False
2025-01-30 18:15:14,895 INFO c.h.h.t.HelmChartContainer - [hivemq-test-hivemq-platform] [hivemq-platform-operator] [6d00e0a3] 18:15:14.892 [ReconcilerExecutor-hivemq-controller-64] DEBUG c.h.p.o.h.HiveMQPlatformReconcilerErrorHandler - [helmbrid] Pod 'test-hivemq-platform-0' condition 'ContainersReady': False
2025-01-30 18:15:14,895 INFO c.h.h.t.HelmChartContainer - [hivemq-test-hivemq-platform] [hivemq-platform-operator] [6d00e0a3] 18:15:14.892 [ReconcilerExecutor-hivemq-controller-64] DEBUG c.h.p.o.h.HiveMQPlatformReconcilerErrorHandler - [helmbrid] Pod 'test-hivemq-platform-0' condition 'PodScheduled': True
2025-01-30 18:15:14,895 INFO c.h.h.t.HelmChartContainer - [hivemq-test-hivemq-platform] [hivemq-platform-operator] [6d00e0a3] 18:15:14.893 [ReconcilerExecutor-hivemq-controller-64] DEBUG c.h.p.o.h.HiveMQPlatformReconcilerErrorHandler - [helmbrid] Pod 'test-hivemq-platform-0' containerStatus 'hivemq' (started: false) (ready: false) (waiting: [PodInitializing] null)
2025-01-30 18:15:14,896 INFO c.h.h.t.HelmChartContainer - [hivemq-test-hivemq-platform] [hivemq-platform-operator] [6d00e0a3] 18:15:14.895 [ReconcilerExecutor-hivemq-controller-64] INFO  c.h.p.o.h.HiveMQPlatformReconcilerBaseHandler - [helmbrid] HiveMQ Platform is starting, 0 of 1 replicas are ready
2025-01-30 18:15:14,901 INFO c.h.h.t.HelmChartContainer - [hivemq-test-hivemq-platform] [hivemq-platform-operator] [6d00e0a3] 18:15:14.900 [pool-6-thread-22] DEBUG c.h.p.o.d.PlatformServiceResource - [helmbrid] Desired Platform services (3 services)
2025-01-30 18:15:14,903 INFO c.h.h.t.HelmChartContainer - [hivemq-test-hivemq-platform] [hivemq-platform-operator] [6d00e0a3] 18:15:14.902 [pool-6-thread-23] DEBUG c.h.p.o.dependants.PodInfoConfigMap - [helmbrid] Desired PodInfo ConfigMap (1 extensions) (1 enabled)
2025-01-30 18:15:14,904 INFO c.h.h.t.HelmChartContainer - [hivemq-test-hivemq-platform] [hivemq-platform-operator] [6d00e0a3] 18:15:14.902 [pool-6-thread-23] DEBUG c.h.p.o.dependants.PodInfoConfigMap - [helmbrid] Desired PodInfo ConfigMap (metrics port: 9399) (metrics path: /)
2025-01-30 18:15:14,905 INFO c.h.h.t.HelmChartContainer - [hivemq-test-hivemq-platform] [hivemq-platform-operator] [6d00e0a3] 18:15:14.902 [pool-6-thread-23] DEBUG c.h.p.o.dependants.PodInfoConfigMap - [helmbrid] Desired PodInfo ConfigMap (extension state hash: -354521834)
2025-01-30 18:15:14,997 INFO c.h.h.t.HelmChartContainer - [hivemq-test-hivemq-platform] [hivemq-platform-operator] [6d00e0a3] 18:15:14.994 [pool-6-thread-27] DEBUG c.h.p.o.d.PodServiceAccountResource - [helmbrid] Desired PodServiceAccountResource (serviceAccountName: hivemq-platform-pod-test-hivemq-platform)
2025-01-30 18:15:15,005 INFO c.h.h.t.HelmChartContainer - [hivemq-test-hivemq-platform] [hivemq-platform-operator] [6d00e0a3] 18:15:15.002 [pool-6-thread-30] DEBUG c.h.p.o.d.StatefulSetResource - [helmbrid] Desired StatefulSet (1 replicas) for status STARTING (READY)
2025-01-30 18:15:15,033 INFO c.h.h.t.HelmChartContainer - [EVENT] Normal [Pulled] Container image "docker.io/hivemq/hivemq-platform-operator-init-test:snapshot" already present on machine [helmbridgeextensionit:test-hivemq-platform-0]
2025-01-30 18:15:15,096 INFO c.h.h.t.HelmChartContainer - [hivemq-test-hivemq-platform] [hivemq-platform-operator] [6d00e0a3] 18:15:15.091 [ReconcilerExecutor-hivemq-controller-75] INFO  c.h.p.o.HiveMQPlatformReconciler - [helmbrid] Reconciling HiveMQ Platform 'test-hivemq-platform' in namespace 'helmbridgeextensionit'
2025-01-30 18:15:15,096 INFO c.h.h.t.HelmChartContainer - [hivemq-test-hivemq-platform] [hivemq-platform-operator] [6d00e0a3] 18:15:15.091 [ReconcilerExecutor-hivemq-controller-75] DEBUG c.h.p.o.HiveMQPlatformReconciler - [helmbrid] Custom Resource Status STARTING - HiveMQ Platform is starting (READY)
2025-01-30 18:15:15,096 INFO c.h.h.t.HelmChartContainer - [hivemq-test-hivemq-platform] [hivemq-platform-operator] [6d00e0a3] 18:15:15.091 [ReconcilerExecutor-hivemq-controller-75] DEBUG c.h.p.o.HiveMQPlatformReconciler - [helmbrid] Custom Resource Spec (replicas: 1) (extensions: 1)
2025-01-30 18:15:15,100 INFO c.h.h.t.HelmChartContainer - [hivemq-test-hivemq-platform] [hivemq-platform-operator] [6d00e0a3] 18:15:15.099 [ReconcilerExecutor-hivemq-controller-75] DEBUG c.h.p.o.HiveMQPlatformReconciler - [helmbrid] StatefulSet Status (revision: test-hivemq-platform-6d7b96669f, replicas: 1, available: 0, ready: 0, current: 1, updated: 1)
2025-01-30 18:15:15,104 INFO c.h.h.t.HelmChartContainer - [hivemq-test-hivemq-platform] [hivemq-platform-operator] [6d00e0a3] 18:15:15.101 [ReconcilerExecutor-hivemq-controller-75] DEBUG c.h.p.o.HiveMQPlatformReconciler - [helmbrid] StatefulSet Spec (replicas: 1, init containers: 1, containers: 1, volumes: 4)
2025-01-30 18:15:15,109 INFO c.h.h.t.HelmChartContainer - [hivemq-test-hivemq-platform] [hivemq-platform-operator] [6d00e0a3] 18:15:15.107 [ReconcilerExecutor-hivemq-controller-75] DEBUG c.h.p.o.h.HiveMQPlatformReconcilerErrorHandler - [helmbrid] Pod 'test-hivemq-platform-0' phase Pending
2025-01-30 18:15:15,112 INFO c.h.h.t.HelmChartContainer - [hivemq-test-hivemq-platform] [hivemq-platform-operator] [6d00e0a3] 18:15:15.108 [ReconcilerExecutor-hivemq-controller-75] DEBUG c.h.p.o.h.HiveMQPlatformReconcilerErrorHandler - [helmbrid] Pod 'test-hivemq-platform-0' condition 'PodReadyToStartContainers': False
2025-01-30 18:15:15,112 INFO c.h.h.t.HelmChartContainer - [hivemq-test-hivemq-platform] [hivemq-platform-operator] [6d00e0a3] 18:15:15.108 [ReconcilerExecutor-hivemq-controller-75] DEBUG c.h.p.o.h.HiveMQPlatformReconcilerErrorHandler - [helmbrid] Pod 'test-hivemq-platform-0' condition 'Initialized': False
2025-01-30 18:15:15,112 INFO c.h.h.t.HelmChartContainer - [hivemq-test-hivemq-platform] [hivemq-platform-operator] [6d00e0a3] 18:15:15.108 [ReconcilerExecutor-hivemq-controller-75] DEBUG c.h.p.o.h.HiveMQPlatformReconcilerErrorHandler - [helmbrid] Pod 'test-hivemq-platform-0' condition 'Ready': False
2025-01-30 18:15:15,112 INFO c.h.h.t.HelmChartContainer - [hivemq-test-hivemq-platform] [hivemq-platform-operator] [6d00e0a3] 18:15:15.108 [ReconcilerExecutor-hivemq-controller-75] DEBUG c.h.p.o.h.HiveMQPlatformReconcilerErrorHandler - [helmbrid] Pod 'test-hivemq-platform-0' condition 'ContainersReady': False
2025-01-30 18:15:15,112 INFO c.h.h.t.HelmChartContainer - [hivemq-test-hivemq-platform] [hivemq-platform-operator] [6d00e0a3] 18:15:15.108 [ReconcilerExecutor-hivemq-controller-75] DEBUG c.h.p.o.h.HiveMQPlatformReconcilerErrorHandler - [helmbrid] Pod 'test-hivemq-platform-0' condition 'PodScheduled': True
2025-01-30 18:15:15,112 INFO c.h.h.t.HelmChartContainer - [hivemq-test-hivemq-platform] [hivemq-platform-operator] [6d00e0a3] 18:15:15.108 [ReconcilerExecutor-hivemq-controller-75] DEBUG c.h.p.o.h.HiveMQPlatformReconcilerErrorHandler - [helmbrid] Pod 'test-hivemq-platform-0' containerStatus 'hivemq' (started: false) (ready: false) (waiting: [PodInitializing] null)
2025-01-30 18:15:15,112 INFO c.h.h.t.HelmChartContainer - [hivemq-test-hivemq-platform] [hivemq-platform-operator] [6d00e0a3] 18:15:15.109 [ReconcilerExecutor-hivemq-controller-75] INFO  c.h.p.o.h.HiveMQPlatformReconcilerBaseHandler - [helmbrid] HiveMQ Platform is starting, 0 of 1 replicas are ready
2025-01-30 18:15:15,192 INFO c.h.h.t.HelmChartContainer - [EVENT] Normal [Created] Created container: hivemq-platform-operator-init [helmbridgeextensionit:test-hivemq-platform-0]
2025-01-30 18:15:15,233 INFO c.h.h.t.HelmChartContainer - [EVENT] Normal [Started] Started container hivemq-platform-operator-init [helmbridgeextensionit:test-hivemq-platform-0]
2025-01-30 18:15:15,647 INFO c.h.h.t.HelmChartContainer - [EVENT] Normal [Pulled] Container image "docker.io/hivemq/hivemq4:4.36.0" already present on machine [helmbridgeextensionit:test-hivemq-platform-0]
2025-01-30 18:15:15,647 INFO c.h.h.t.HelmChartContainer - Received Pulled event for container hivemq in pod test-hivemq-platform-0 [786095b8-680d-4577-bd95-6ff582829fb0]
2025-01-30 18:15:15,653 INFO c.h.h.t.HelmChartContainer - [POD] test-hivemq-platform-0 [786095b8-680d-4577-bd95-6ff582829fb0] in helmbridgeextensionit was MODIFIED
2025-01-30 18:15:15,677 INFO c.h.h.t.HelmChartContainer - [hivemq-test-hivemq-platform] [hivemq-platform-operator] [6d00e0a3] 18:15:15.672 [pool-6-thread-32] DEBUG c.h.p.o.d.PlatformServiceResource - [helmbrid] Desired Platform services (3 services)
2025-01-30 18:15:15,680 INFO c.h.h.t.HelmChartContainer - [hivemq-test-hivemq-platform] [hivemq-platform-operator] [6d00e0a3] 18:15:15.676 [pool-6-thread-33] DEBUG c.h.p.o.dependants.PodInfoConfigMap - [helmbrid] Desired PodInfo ConfigMap (1 extensions) (1 enabled)
2025-01-30 18:15:15,682 INFO c.h.h.t.HelmChartContainer - [hivemq-test-hivemq-platform] [hivemq-platform-operator] [6d00e0a3] 18:15:15.679 [pool-6-thread-33] DEBUG c.h.p.o.dependants.PodInfoConfigMap - [helmbrid] Desired PodInfo ConfigMap (metrics port: 9399) (metrics path: /)
2025-01-30 18:15:15,682 INFO c.h.h.t.HelmChartContainer - [hivemq-test-hivemq-platform] [hivemq-platform-operator] [6d00e0a3] 18:15:15.679 [pool-6-thread-33] DEBUG c.h.p.o.dependants.PodInfoConfigMap - [helmbrid] Desired PodInfo ConfigMap (extension state hash: -354521834)
2025-01-30 18:15:15,682 INFO c.h.h.t.HelmChartContainer - [hivemq-test-hivemq-platform] [hivemq-platform-operator] [6d00e0a3] 18:15:15.679 [pool-6-thread-37] DEBUG c.h.p.o.d.PodServiceAccountResource - [helmbrid] Desired PodServiceAccountResource (serviceAccountName: hivemq-platform-pod-test-hivemq-platform)
2025-01-30 18:15:15,697 INFO c.h.h.t.HelmChartContainer - [hivemq-test-hivemq-platform] [hivemq-platform-operator] [6d00e0a3] 18:15:15.696 [pool-6-thread-40] DEBUG c.h.p.o.d.StatefulSetResource - [helmbrid] Desired StatefulSet (1 replicas) for status STARTING (READY)
2025-01-30 18:15:15,766 INFO c.h.h.t.HelmChartContainer - [hivemq-test-hivemq-platform] [hivemq-platform-operator] [6d00e0a3] 18:15:15.765 [ReconcilerExecutor-hivemq-controller-86] INFO  c.h.p.o.HiveMQPlatformReconciler - [helmbrid] Reconciling HiveMQ Platform 'test-hivemq-platform' in namespace 'helmbridgeextensionit'
2025-01-30 18:15:15,766 INFO c.h.h.t.HelmChartContainer - [hivemq-test-hivemq-platform] [hivemq-platform-operator] [6d00e0a3] 18:15:15.765 [ReconcilerExecutor-hivemq-controller-86] DEBUG c.h.p.o.HiveMQPlatformReconciler - [helmbrid] Custom Resource Status STARTING - HiveMQ Platform is starting (READY)
2025-01-30 18:15:15,766 INFO c.h.h.t.HelmChartContainer - [hivemq-test-hivemq-platform] [hivemq-platform-operator] [6d00e0a3] 18:15:15.765 [ReconcilerExecutor-hivemq-controller-86] DEBUG c.h.p.o.HiveMQPlatformReconciler - [helmbrid] Custom Resource Spec (replicas: 1) (extensions: 1)
2025-01-30 18:15:15,771 INFO c.h.h.t.HelmChartContainer - [hivemq-test-hivemq-platform] [hivemq-platform-operator] [6d00e0a3] 18:15:15.768 [ReconcilerExecutor-hivemq-controller-86] DEBUG c.h.p.o.HiveMQPlatformReconciler - [helmbrid] StatefulSet Status (revision: test-hivemq-platform-6d7b96669f, replicas: 1, available: 0, ready: 0, current: 1, updated: 1)
2025-01-30 18:15:15,771 INFO c.h.h.t.HelmChartContainer - [hivemq-test-hivemq-platform] [hivemq-platform-operator] [6d00e0a3] 18:15:15.769 [ReconcilerExecutor-hivemq-controller-86] DEBUG c.h.p.o.HiveMQPlatformReconciler - [helmbrid] StatefulSet Spec (replicas: 1, init containers: 1, containers: 1, volumes: 4)
2025-01-30 18:15:15,774 INFO c.h.h.t.HelmChartContainer - [hivemq-test-hivemq-platform] [hivemq-platform-operator] [6d00e0a3] 18:15:15.774 [ReconcilerExecutor-hivemq-controller-86] DEBUG c.h.p.o.h.HiveMQPlatformReconcilerErrorHandler - [helmbrid] Pod 'test-hivemq-platform-0' phase Pending
2025-01-30 18:15:15,791 INFO c.h.h.t.HelmChartContainer - [hivemq-test-hivemq-platform] [hivemq-platform-operator] [6d00e0a3] 18:15:15.789 [ReconcilerExecutor-hivemq-controller-86] DEBUG c.h.p.o.h.HiveMQPlatformReconcilerErrorHandler - [helmbrid] Pod 'test-hivemq-platform-0' condition 'PodReadyToStartContainers': True
2025-01-30 18:15:15,791 INFO c.h.h.t.HelmChartContainer - [hivemq-test-hivemq-platform] [hivemq-platform-operator] [6d00e0a3] 18:15:15.789 [ReconcilerExecutor-hivemq-controller-86] DEBUG c.h.p.o.h.HiveMQPlatformReconcilerErrorHandler - [helmbrid] Pod 'test-hivemq-platform-0' condition 'Initialized': True
2025-01-30 18:15:15,791 INFO c.h.h.t.HelmChartContainer - [hivemq-test-hivemq-platform] [hivemq-platform-operator] [6d00e0a3] 18:15:15.789 [ReconcilerExecutor-hivemq-controller-86] DEBUG c.h.p.o.h.HiveMQPlatformReconcilerErrorHandler - [helmbrid] Pod 'test-hivemq-platform-0' condition 'Ready': False
2025-01-30 18:15:15,791 INFO c.h.h.t.HelmChartContainer - [hivemq-test-hivemq-platform] [hivemq-platform-operator] [6d00e0a3] 18:15:15.789 [ReconcilerExecutor-hivemq-controller-86] DEBUG c.h.p.o.h.HiveMQPlatformReconcilerErrorHandler - [helmbrid] Pod 'test-hivemq-platform-0' condition 'ContainersReady': False
2025-01-30 18:15:15,791 INFO c.h.h.t.HelmChartContainer - [hivemq-test-hivemq-platform] [hivemq-platform-operator] [6d00e0a3] 18:15:15.789 [ReconcilerExecutor-hivemq-controller-86] DEBUG c.h.p.o.h.HiveMQPlatformReconcilerErrorHandler - [helmbrid] Pod 'test-hivemq-platform-0' condition 'PodScheduled': True
2025-01-30 18:15:15,791 INFO c.h.h.t.HelmChartContainer - [hivemq-test-hivemq-platform] [hivemq-platform-operator] [6d00e0a3] 18:15:15.789 [ReconcilerExecutor-hivemq-controller-86] DEBUG c.h.p.o.h.HiveMQPlatformReconcilerErrorHandler - [helmbrid] Pod 'test-hivemq-platform-0' containerStatus 'hivemq' (started: false) (ready: false) (waiting: [PodInitializing] null)
2025-01-30 18:15:15,792 INFO c.h.h.t.HelmChartContainer - [hivemq-test-hivemq-platform] [hivemq-platform-operator] [6d00e0a3] 18:15:15.791 [ReconcilerExecutor-hivemq-controller-86] INFO  c.h.p.o.h.HiveMQPlatformReconcilerBaseHandler - [helmbrid] HiveMQ Platform is starting, 0 of 1 replicas are ready
2025-01-30 18:15:17,080 INFO c.h.h.t.HelmChartContainer - [EVENT] Normal [Created] Created container: hivemq [helmbridgeextensionit:test-hivemq-platform-0]
2025-01-30 18:15:17,080 INFO c.h.h.t.HelmChartContainer - Received Created event for container hivemq in pod test-hivemq-platform-0 [786095b8-680d-4577-bd95-6ff582829fb0]
2025-01-30 18:15:17,662 INFO c.h.h.t.HelmChartContainer - [POD] test-hivemq-platform-0 [786095b8-680d-4577-bd95-6ff582829fb0] in helmbridgeextensionit was MODIFIED
2025-01-30 18:15:17,676 INFO c.h.h.t.HelmChartContainer - Started log watcher for hivemq in pod test-hivemq-platform-0 [786095b8-680d-4577-bd95-6ff582829fb0]
2025-01-30 18:15:17,677 INFO c.h.h.t.HelmChartContainer - [EVENT] Normal [Started] Started container hivemq [helmbridgeextensionit:test-hivemq-platform-0]
2025-01-30 18:15:17,677 INFO c.h.h.t.HelmChartContainer - Received Started event for container hivemq in pod test-hivemq-platform-0 [786095b8-680d-4577-bd95-6ff582829fb0]
2025-01-30 18:15:17,677 INFO c.h.h.t.HelmChartContainer - [hivemq-test-hivemq-platform] [hivemq-platform-operator] [6d00e0a3] 18:15:17.670 [pool-6-thread-42] DEBUG c.h.p.o.d.PlatformServiceResource - [helmbrid] Desired Platform services (3 services)
2025-01-30 18:15:17,677 INFO c.h.h.t.HelmChartContainer - [test-hivemq-platform] [hivemq] [786095b8] Adding pre-installed HiveMQ Platform Operator extensions
2025-01-30 18:15:17,677 INFO c.h.h.t.HelmChartContainer - [hivemq-test-hivemq-platform] [hivemq-platform-operator] [6d00e0a3] 18:15:17.672 [pool-6-thread-43] DEBUG c.h.p.o.dependants.PodInfoConfigMap - [helmbrid] Desired PodInfo ConfigMap (1 extensions) (1 enabled)
2025-01-30 18:15:17,677 INFO c.h.h.t.HelmChartContainer - [hivemq-test-hivemq-platform] [hivemq-platform-operator] [6d00e0a3] 18:15:17.672 [pool-6-thread-43] DEBUG c.h.p.o.dependants.PodInfoConfigMap - [helmbrid] Desired PodInfo ConfigMap (metrics port: 9399) (metrics path: /)
2025-01-30 18:15:17,677 INFO c.h.h.t.HelmChartContainer - [hivemq-test-hivemq-platform] [hivemq-platform-operator] [6d00e0a3] 18:15:17.672 [pool-6-thread-43] DEBUG c.h.p.o.dependants.PodInfoConfigMap - [helmbrid] Desired PodInfo ConfigMap (extension state hash: -354521834)
2025-01-30 18:15:17,677 INFO c.h.h.t.HelmChartContainer - [test-hivemq-platform] [hivemq] [786095b8] Running as user 10000
2025-01-30 18:15:17,677 INFO c.h.h.t.HelmChartContainer - [test-hivemq-platform] [hivemq] [786095b8] Starting HiveMQ Platform Operator Init
2025-01-30 18:15:17,680 INFO c.h.h.t.HelmChartContainer - [hivemq-test-hivemq-platform] [hivemq-platform-operator] [6d00e0a3] 18:15:17.678 [pool-6-thread-47] DEBUG c.h.p.o.d.PodServiceAccountResource - [helmbrid] Desired PodServiceAccountResource (serviceAccountName: hivemq-platform-pod-test-hivemq-platform)
2025-01-30 18:15:17,693 INFO c.h.h.t.HelmChartContainer - [hivemq-test-hivemq-platform] [hivemq-platform-operator] [6d00e0a3] 18:15:17.692 [pool-6-thread-50] DEBUG c.h.p.o.d.StatefulSetResource - [helmbrid] Desired StatefulSet (1 replicas) for status STARTING (READY)
2025-01-30 18:15:17,768 INFO c.h.h.t.HelmChartContainer - [hivemq-test-hivemq-platform] [hivemq-platform-operator] [6d00e0a3] 18:15:17.766 [ReconcilerExecutor-hivemq-controller-97] INFO  c.h.p.o.HiveMQPlatformReconciler - [helmbrid] Reconciling HiveMQ Platform 'test-hivemq-platform' in namespace 'helmbridgeextensionit'
2025-01-30 18:15:17,768 INFO c.h.h.t.HelmChartContainer - [hivemq-test-hivemq-platform] [hivemq-platform-operator] [6d00e0a3] 18:15:17.766 [ReconcilerExecutor-hivemq-controller-97] DEBUG c.h.p.o.HiveMQPlatformReconciler - [helmbrid] Custom Resource Status STARTING - HiveMQ Platform is starting (READY)
2025-01-30 18:15:17,768 INFO c.h.h.t.HelmChartContainer - [hivemq-test-hivemq-platform] [hivemq-platform-operator] [6d00e0a3] 18:15:17.766 [ReconcilerExecutor-hivemq-controller-97] DEBUG c.h.p.o.HiveMQPlatformReconciler - [helmbrid] Custom Resource Spec (replicas: 1) (extensions: 1)
2025-01-30 18:15:17,771 INFO c.h.h.t.HelmChartContainer - [hivemq-test-hivemq-platform] [hivemq-platform-operator] [6d00e0a3] 18:15:17.769 [ReconcilerExecutor-hivemq-controller-97] DEBUG c.h.p.o.HiveMQPlatformReconciler - [helmbrid] StatefulSet Status (revision: test-hivemq-platform-6d7b96669f, replicas: 1, available: 0, ready: 0, current: 1, updated: 1)
2025-01-30 18:15:17,771 INFO c.h.h.t.HelmChartContainer - [hivemq-test-hivemq-platform] [hivemq-platform-operator] [6d00e0a3] 18:15:17.769 [ReconcilerExecutor-hivemq-controller-97] DEBUG c.h.p.o.HiveMQPlatformReconciler - [helmbrid] StatefulSet Spec (replicas: 1, init containers: 1, containers: 1, volumes: 4)
2025-01-30 18:15:17,773 INFO c.h.h.t.HelmChartContainer - [hivemq-test-hivemq-platform] [hivemq-platform-operator] [6d00e0a3] 18:15:17.772 [ReconcilerExecutor-hivemq-controller-97] DEBUG c.h.p.o.h.HiveMQPlatformReconcilerErrorHandler - [helmbrid] Pod 'test-hivemq-platform-0' phase Running
2025-01-30 18:15:17,774 INFO c.h.h.t.HelmChartContainer - [hivemq-test-hivemq-platform] [hivemq-platform-operator] [6d00e0a3] 18:15:17.773 [ReconcilerExecutor-hivemq-controller-97] INFO  c.h.p.o.h.HiveMQPlatformReconcilerBaseHandler - [helmbrid] HiveMQ Platform is starting, 0 of 1 replicas are ready
2025-01-30 18:15:18,407 INFO c.h.h.t.HelmChartContainer - [test-hivemq-platform] [hivemq] [786095b8] INFO  - [HiveMQ Platform Operator Init 1.7.0-SNAPSHOT] HiveMQ Platform Operator Init 1.7.0-SNAPSHOT (commit: 47e3375 on branch: HEAD) built on Thu Jan 30 03:55:50 UTC 2025
2025-01-30 18:15:19,500 INFO c.h.h.t.HelmChartContainer - [test-hivemq-platform] [hivemq] [786095b8] INFO  - [HiveMQ Platform Operator Init App 1.7.0-SNAPSHOT] Using bind address 10.42.0.8 from environment variable
2025-01-30 18:15:20,405 INFO c.h.h.t.HelmChartContainer - [test-hivemq-platform] [hivemq] [786095b8] INFO  - [HiveMQ Platform Operator Init App 1.7.0-SNAPSHOT] HiveMQ Platform Operator Init App 1.7.0-SNAPSHOT (commit: 47e3375 on branch: HEAD) built on Thu Jan 30 03:55:50 UTC 2025
2025-01-30 18:15:20,405 INFO c.h.h.t.HelmChartContainer - [test-hivemq-platform] [hivemq] [786095b8] INFO  - [HiveMQ Platform Operator Init App 1.7.0-SNAPSHOT] PodInfo ConfigMap directory: /etc/podinfo
2025-01-30 18:15:20,406 INFO c.h.h.t.HelmChartContainer - [test-hivemq-platform] [hivemq] [786095b8] INFO  - [HiveMQ Platform Operator Init App 1.7.0-SNAPSHOT] HiveMQ home directory: /opt/hivemq
2025-01-30 18:15:20,406 INFO c.h.h.t.HelmChartContainer - [test-hivemq-platform] [hivemq] [786095b8] INFO  - [HiveMQ Platform Operator Init App 1.7.0-SNAPSHOT] HiveMQ Logback folder: /opt/hivemq/conf
2025-01-30 18:15:20,407 INFO c.h.h.t.HelmChartContainer - [test-hivemq-platform] [hivemq] [786095b8] INFO  - [HiveMQ Platform Operator Init App 1.7.0-SNAPSHOT] HiveMQ Config folder: /opt/hivemq/conf-k8s
2025-01-30 18:15:20,407 INFO c.h.h.t.HelmChartContainer - [test-hivemq-platform] [hivemq] [786095b8] INFO  - [HiveMQ Platform Operator Init App 1.7.0-SNAPSHOT] Starting HiveMQ Platform Operator Init App
2025-01-30 18:15:20,407 INFO c.h.h.t.HelmChartContainer - [test-hivemq-platform] [hivemq] [786095b8] INFO  - [HiveMQ Platform Operator Init App 1.7.0-SNAPSHOT] Starting Pod reconciler
2025-01-30 18:15:21,647 INFO c.h.h.t.HelmChartContainer - [test-hivemq-platform] [hivemq] [786095b8] INFO  - [HiveMQ Platform Operator Init App 1.7.0-SNAPSHOT] Pod reconciler is scheduled (interval: 5000 ms)
2025-01-30 18:15:21,648 INFO c.h.h.t.HelmChartContainer - [test-hivemq-platform] [hivemq] [786095b8] INFO  - [HiveMQ Platform Operator Init App 1.7.0-SNAPSHOT] Starting the REST API on 10.42.0.8:7979
2025-01-30 18:15:21,650 INFO c.h.h.t.HelmChartContainer - [test-hivemq-platform] [hivemq] [786095b8] INFO  - [HiveMQ Platform Operator Init App 1.7.0-SNAPSHOT] Waiting up to 600s for at most 1 HiveMQ nodes in cluster service hivemq-test-hivemq-platform-cluster.helmbridgeextensionit.svc
2025-01-30 18:15:22,010 INFO c.h.h.t.HelmChartContainer - [test-hivemq-platform] [hivemq] [786095b8] INFO  - [HiveMQ Platform Operator Init App 1.7.0-SNAPSHOT] Resolved 1 IP addresses: [10.42.0.8]
2025-01-30 18:15:22,010 INFO c.h.h.t.HelmChartContainer - [test-hivemq-platform] [hivemq] [786095b8] INFO  - [HiveMQ Platform Operator Init App 1.7.0-SNAPSHOT] HiveMQ node count of 1 is within threshold of 1
2025-01-30 18:15:22,011 INFO c.h.h.t.HelmChartContainer - [test-hivemq-platform] [hivemq] [786095b8] INFO  - [HiveMQ Platform Operator Init App 1.7.0-SNAPSHOT] Proceeding with container start
2025-01-30 18:15:22,102 INFO c.h.h.t.HelmChartContainer - [test-hivemq-platform] [hivemq] [786095b8] INFO  - [HiveMQ Platform Operator Init App 1.7.0-SNAPSHOT] Initializing HiveMQ Platform extensions with initial configuration: {hivemq-bridge-extension={start-priority=-1, skip-https-hostname-verification=false, restart=true, config-version=0, header-version=0, secret-version=779, c-uri=, priority=-1, uri=preinstalled, skip-https-certificate-validation=false, enabled=true}, hivemq-prometheus-extension={priority=-1, start-priority=-1, c-uri=, skip-https-hostname-verification=false, skip-https-certificate-validation=false, uri=preinstalled, request-header-path=no-request-headers, enabled=true, restart=true}}
2025-01-30 18:15:22,601 INFO c.h.h.t.HelmChartContainer - [test-hivemq-platform] [hivemq] [786095b8] INFO  - [HiveMQ Platform Operator Init App 1.7.0-SNAPSHOT] Successfully enabled extension hivemq-bridge-extension
2025-01-30 18:15:22,648 INFO c.h.h.t.HelmChartContainer - [test-hivemq-platform] [hivemq] [786095b8] INFO  - [HiveMQ Platform Operator Init App 1.7.0-SNAPSHOT] Successfully enabled extension hivemq-prometheus-extension
2025-01-30 18:15:22,650 INFO c.h.h.t.HelmChartContainer - [test-hivemq-platform] [hivemq] [786095b8] INFO  - [HiveMQ Platform Operator Init App 1.7.0-SNAPSHOT] Starting HiveMQ Platform version 4.36.0 (4.36.0)
2025-01-30 18:15:22,651 INFO c.h.h.t.HelmChartContainer - [test-hivemq-platform] [hivemq] [786095b8] INFO  - [HiveMQ Platform Operator Init App 1.7.0-SNAPSHOT] Configuring the HiveMQ Platform
2025-01-30 18:15:22,706 INFO c.h.h.t.HelmChartContainer - [test-hivemq-platform] [hivemq] [786095b8] INFO  - [HiveMQ Platform Operator Init App 1.7.0-SNAPSHOT] Changed logback.xml file scan period to 20 seconds
2025-01-30 18:15:22,805 INFO c.h.h.t.HelmChartContainer - [test-hivemq-platform] [hivemq] [786095b8] INFO  - [HiveMQ Platform Operator Init App 1.7.0-SNAPSHOT] Starting the HiveMQ Platform
2025-01-30 18:15:22,808 INFO c.h.h.t.HelmChartContainer - [test-hivemq-platform] [hivemq] [786095b8] -------------------------------------------------------------------------
2025-01-30 18:15:22,808 INFO c.h.h.t.HelmChartContainer - [test-hivemq-platform] [hivemq] [786095b8] 
2025-01-30 18:15:22,808 INFO c.h.h.t.HelmChartContainer - [test-hivemq-platform] [hivemq] [786095b8]                   _    _  _              __  __   ____
2025-01-30 18:15:22,808 INFO c.h.h.t.HelmChartContainer - [test-hivemq-platform] [hivemq] [786095b8]                  | |  | |(_)            |  \/  | / __ \
2025-01-30 18:15:22,808 INFO c.h.h.t.HelmChartContainer - [test-hivemq-platform] [hivemq] [786095b8]                  | |__| | _ __   __ ___ | \  / || |  | |
2025-01-30 18:15:22,808 INFO c.h.h.t.HelmChartContainer - [test-hivemq-platform] [hivemq] [786095b8]                  |  __  || |\ \ / // _ \| |\/| || |  | |
2025-01-30 18:15:22,808 INFO c.h.h.t.HelmChartContainer - [test-hivemq-platform] [hivemq] [786095b8]                  | |  | || | \ V /|  __/| |  | || |__| |
2025-01-30 18:15:22,808 INFO c.h.h.t.HelmChartContainer - [test-hivemq-platform] [hivemq] [786095b8]                  |_|  |_||_|  \_/  \___||_|  |_| \___\_\
2025-01-30 18:15:22,808 INFO c.h.h.t.HelmChartContainer - [test-hivemq-platform] [hivemq] [786095b8] 
2025-01-30 18:15:22,808 INFO c.h.h.t.HelmChartContainer - [test-hivemq-platform] [hivemq] [786095b8] -------------------------------------------------------------------------
2025-01-30 18:15:22,808 INFO c.h.h.t.HelmChartContainer - [test-hivemq-platform] [hivemq] [786095b8] 
2025-01-30 18:15:22,808 INFO c.h.h.t.HelmChartContainer - [test-hivemq-platform] [hivemq] [786095b8]   HiveMQ Start Script for Linux/Unix v1.14
2025-01-30 18:15:22,808 INFO c.h.h.t.HelmChartContainer - [test-hivemq-platform] [hivemq] [786095b8] 
2025-01-30 18:15:22,910 INFO c.h.h.t.HelmChartContainer - [test-hivemq-platform] [hivemq] [786095b8] -------------------------------------------------------------------------
2025-01-30 18:15:22,910 INFO c.h.h.t.HelmChartContainer - [test-hivemq-platform] [hivemq] [786095b8] 
2025-01-30 18:15:22,910 INFO c.h.h.t.HelmChartContainer - [test-hivemq-platform] [hivemq] [786095b8]   HIVEMQ_HOME: /opt/hivemq
2025-01-30 18:15:22,910 INFO c.h.h.t.HelmChartContainer - [test-hivemq-platform] [hivemq] [786095b8] 
2025-01-30 18:15:22,910 INFO c.h.h.t.HelmChartContainer - [test-hivemq-platform] [hivemq] [786095b8]   JAVA_OPTS: -XX:+UnlockExperimentalVMOptions -XX:InitialRAMPercentage=50 -XX:MaxRAMPercentage=50 -Djava.net.preferIPv4Stack=true --add-opens java.base/java.lang=ALL-UNNAMED --add-opens java.base/java.nio=ALL-UNNAMED --add-opens java.base/sun.nio.ch=ALL-UNNAMED --add-opens jdk.management/com.sun.management.internal=ALL-UNNAMED --add-exports java.base/jdk.internal.misc=ALL-UNNAMED -Djava.security.egd=file:/dev/./urandom -Dcom.sun.management.jmxremote -Dcom.sun.management.jmxremote.port=9010 -Dcom.sun.management.jmxremote.local.only=false -Dcom.sun.management.jmxremote.authenticate=false -Dcom.sun.management.jmxremote.ssl=false -Duser.language=en -Duser.region=US -XX:+CrashOnOutOfMemoryError -XX:+HeapDumpOnOutOfMemoryError
2025-01-30 18:15:22,910 INFO c.h.h.t.HelmChartContainer - [test-hivemq-platform] [hivemq] [786095b8] 
2025-01-30 18:15:22,910 INFO c.h.h.t.HelmChartContainer - [test-hivemq-platform] [hivemq] [786095b8]   JAVA_VERSION: 21
2025-01-30 18:15:22,910 INFO c.h.h.t.HelmChartContainer - [test-hivemq-platform] [hivemq] [786095b8] 
2025-01-30 18:15:22,910 INFO c.h.h.t.HelmChartContainer - [test-hivemq-platform] [hivemq] [786095b8] -------------------------------------------------------------------------
2025-01-30 18:15:22,910 INFO c.h.h.t.HelmChartContainer - [test-hivemq-platform] [hivemq] [786095b8] 
2025-01-30 18:15:23,747 INFO c.h.h.t.HelmChartContainer - [test-hivemq-platform] [hivemq] [786095b8] INFO  - [HiveMQ Platform Operator Init App 1.7.0-SNAPSHOT] Returning default Health API response 503 for readiness
2025-01-30 18:15:24,201 INFO c.h.h.t.HelmChartContainer - [EVENT] Warning [Unhealthy] Readiness probe failed: HTTP probe failed with statuscode: 503 [helmbridgeextensionit:test-hivemq-platform-0]
2025-01-30 18:15:24,201 INFO c.h.h.t.HelmChartContainer - Received Unhealthy event for container hivemq in pod test-hivemq-platform-0 [786095b8-680d-4577-bd95-6ff582829fb0]
2025-01-30 18:15:25,650 INFO c.h.h.t.HelmChartContainer - [test-hivemq-platform] [hivemq] [786095b8] INFO  - Starting HiveMQ Enterprise Server
2025-01-30 18:15:25,700 INFO c.h.h.t.HelmChartContainer - [test-hivemq-platform] [hivemq] [786095b8] INFO  - HiveMQ version: 4.36.0
2025-01-30 18:15:25,702 INFO c.h.h.t.HelmChartContainer - [test-hivemq-platform] [hivemq] [786095b8] INFO  - HiveMQ home directory: /opt/hivemq
2025-01-30 18:15:25,702 INFO c.h.h.t.HelmChartContainer - [test-hivemq-platform] [hivemq] [786095b8] INFO  - Log Configuration was overridden by /opt/hivemq/conf/logback.xml
2025-01-30 18:15:27,151 INFO c.h.h.t.HelmChartContainer - [test-hivemq-platform] [hivemq] [786095b8] INFO  - Successfully loaded configuration from '/opt/hivemq/conf-k8s/config.xml'.
2025-01-30 18:15:27,781 INFO c.h.h.t.HelmChartContainer - [hivemq-test-hivemq-platform] [hivemq-platform-operator] [6d00e0a3] 18:15:27.777 [pool-6-thread-3] DEBUG c.h.p.o.d.PlatformServiceResource - [helmbrid] Desired Platform services (3 services)
2025-01-30 18:15:27,782 INFO c.h.h.t.HelmChartContainer - [hivemq-test-hivemq-platform] [hivemq-platform-operator] [6d00e0a3] 18:15:27.780 [pool-6-thread-1] DEBUG c.h.p.o.dependants.PodInfoConfigMap - [helmbrid] Desired PodInfo ConfigMap (1 extensions) (1 enabled)
2025-01-30 18:15:27,784 INFO c.h.h.t.HelmChartContainer - [hivemq-test-hivemq-platform] [hivemq-platform-operator] [6d00e0a3] 18:15:27.782 [pool-6-thread-1] DEBUG c.h.p.o.dependants.PodInfoConfigMap - [helmbrid] Desired PodInfo ConfigMap (metrics port: 9399) (metrics path: /)
2025-01-30 18:15:27,785 INFO c.h.h.t.HelmChartContainer - [hivemq-test-hivemq-platform] [hivemq-platform-operator] [6d00e0a3] 18:15:27.782 [pool-6-thread-6] DEBUG c.h.p.o.d.PodServiceAccountResource - [helmbrid] Desired PodServiceAccountResource (serviceAccountName: hivemq-platform-pod-test-hivemq-platform)
2025-01-30 18:15:27,785 INFO c.h.h.t.HelmChartContainer - [hivemq-test-hivemq-platform] [hivemq-platform-operator] [6d00e0a3] 18:15:27.783 [pool-6-thread-1] DEBUG c.h.p.o.dependants.PodInfoConfigMap - [helmbrid] Desired PodInfo ConfigMap (extension state hash: -354521834)
2025-01-30 18:15:27,787 INFO c.h.h.t.HelmChartContainer - [hivemq-test-hivemq-platform] [hivemq-platform-operator] [6d00e0a3] 18:15:27.785 [pool-6-thread-1] DEBUG c.h.p.o.d.StatefulSetResource - [helmbrid] Desired StatefulSet (1 replicas) for status STARTING (READY)
2025-01-30 18:15:27,791 INFO c.h.h.t.HelmChartContainer - [hivemq-test-hivemq-platform] [hivemq-platform-operator] [6d00e0a3] 18:15:27.789 [ReconcilerExecutor-hivemq-controller-108] INFO  c.h.p.o.HiveMQPlatformReconciler - [helmbrid] Reconciling HiveMQ Platform 'test-hivemq-platform' in namespace 'helmbridgeextensionit'
2025-01-30 18:15:27,791 INFO c.h.h.t.HelmChartContainer - [hivemq-test-hivemq-platform] [hivemq-platform-operator] [6d00e0a3] 18:15:27.790 [ReconcilerExecutor-hivemq-controller-108] DEBUG c.h.p.o.HiveMQPlatformReconciler - [helmbrid] Custom Resource Status STARTING - HiveMQ Platform is starting (READY)
2025-01-30 18:15:27,792 INFO c.h.h.t.HelmChartContainer - [hivemq-test-hivemq-platform] [hivemq-platform-operator] [6d00e0a3] 18:15:27.790 [ReconcilerExecutor-hivemq-controller-108] DEBUG c.h.p.o.HiveMQPlatformReconciler - [helmbrid] Custom Resource Spec (replicas: 1) (extensions: 1)
2025-01-30 18:15:27,868 INFO c.h.h.t.HelmChartContainer - [hivemq-test-hivemq-platform] [hivemq-platform-operator] [6d00e0a3] 18:15:27.866 [ReconcilerExecutor-hivemq-controller-108] DEBUG c.h.p.o.HiveMQPlatformReconciler - [helmbrid] StatefulSet Status (revision: test-hivemq-platform-6d7b96669f, replicas: 1, available: 0, ready: 0, current: 1, updated: 1)
2025-01-30 18:15:27,868 INFO c.h.h.t.HelmChartContainer - [hivemq-test-hivemq-platform] [hivemq-platform-operator] [6d00e0a3] 18:15:27.866 [ReconcilerExecutor-hivemq-controller-108] DEBUG c.h.p.o.HiveMQPlatformReconciler - [helmbrid] StatefulSet Spec (replicas: 1, init containers: 1, containers: 1, volumes: 4)
2025-01-30 18:15:27,870 INFO c.h.h.t.HelmChartContainer - [hivemq-test-hivemq-platform] [hivemq-platform-operator] [6d00e0a3] 18:15:27.869 [ReconcilerExecutor-hivemq-controller-108] DEBUG c.h.p.o.h.HiveMQPlatformReconcilerErrorHandler - [helmbrid] Pod 'test-hivemq-platform-0' phase Running
2025-01-30 18:15:27,871 INFO c.h.h.t.HelmChartContainer - [hivemq-test-hivemq-platform] [hivemq-platform-operator] [6d00e0a3] 18:15:27.870 [ReconcilerExecutor-hivemq-controller-108] INFO  c.h.p.o.h.HiveMQPlatformReconcilerBaseHandler - [helmbrid] HiveMQ Platform is starting, 0 of 1 replicas are ready
2025-01-30 18:15:27,902 INFO c.h.h.t.HelmChartContainer - [test-hivemq-platform] [hivemq] [786095b8] INFO  - This node's ID is U5nt0
2025-01-30 18:15:27,905 INFO c.h.h.t.HelmChartContainer - [test-hivemq-platform] [hivemq] [786095b8] INFO  - Clustering is enabled
2025-01-30 18:15:29,399 INFO c.h.h.t.HelmChartContainer - [test-hivemq-platform] [hivemq] [786095b8] WARN  - [HiveMQ Platform Operator Init App 1.7.0-SNAPSHOT] Cannot connect to Health API for readiness: null
2025-01-30 18:15:29,405 INFO c.h.h.t.HelmChartContainer - [EVENT] Warning [Unhealthy] Readiness probe failed: HTTP probe failed with statuscode: 503 [helmbridgeextensionit:test-hivemq-platform-0]
2025-01-30 18:15:29,405 INFO c.h.h.t.HelmChartContainer - Received Unhealthy event for container hivemq in pod test-hivemq-platform-0 [786095b8-680d-4577-bd95-6ff582829fb0]
2025-01-30 18:15:31,902 INFO c.h.h.t.HelmChartContainer - [test-hivemq-platform] [hivemq] [786095b8] Jan 30, 2025 6:15:31 PM io.vertx.core.impl.BlockedThreadChecker
2025-01-30 18:15:31,902 INFO c.h.h.t.HelmChartContainer - [test-hivemq-platform] [hivemq] [786095b8] WARNING: Thread Thread[vert.x-eventloop-thread-1,5,main] has been blocked for 2247 ms, time limit is 2000 ms
2025-01-30 18:15:32,605 INFO c.h.h.t.HelmChartContainer - [test-hivemq-platform] [hivemq] [786095b8] INFO  - [HiveMQ Platform Operator Init App 1.7.0-SNAPSHOT] Updating Pod HiveMQ Platform Operator Init App version annotation (version: 1.7.0-SNAPSHOT)
2025-01-30 18:15:33,407 INFO c.h.h.t.HelmChartContainer - [POD] test-hivemq-platform-0 [786095b8-680d-4577-bd95-6ff582829fb0] in helmbridgeextensionit was MODIFIED
2025-01-30 18:15:33,414 INFO c.h.h.t.HelmChartContainer - [hivemq-test-hivemq-platform] [hivemq-platform-operator] [6d00e0a3] 18:15:33.410 [pool-6-thread-11] DEBUG c.h.p.o.d.PlatformServiceResource - [helmbrid] Desired Platform services (3 services)
2025-01-30 18:15:33,416 INFO c.h.h.t.HelmChartContainer - [hivemq-test-hivemq-platform] [hivemq-platform-operator] [6d00e0a3] 18:15:33.415 [pool-6-thread-14] DEBUG c.h.p.o.d.PodServiceAccountResource - [helmbrid] Desired PodServiceAccountResource (serviceAccountName: hivemq-platform-pod-test-hivemq-platform)
2025-01-30 18:15:33,419 INFO c.h.h.t.HelmChartContainer - [hivemq-test-hivemq-platform] [hivemq-platform-operator] [6d00e0a3] 18:15:33.416 [pool-6-thread-17] DEBUG c.h.p.o.dependants.PodInfoConfigMap - [helmbrid] Desired PodInfo ConfigMap (1 extensions) (1 enabled)
2025-01-30 18:15:33,419 INFO c.h.h.t.HelmChartContainer - [hivemq-test-hivemq-platform] [hivemq-platform-operator] [6d00e0a3] 18:15:33.416 [pool-6-thread-17] DEBUG c.h.p.o.dependants.PodInfoConfigMap - [helmbrid] Desired PodInfo ConfigMap (metrics port: 9399) (metrics path: /)
2025-01-30 18:15:33,419 INFO c.h.h.t.HelmChartContainer - [hivemq-test-hivemq-platform] [hivemq-platform-operator] [6d00e0a3] 18:15:33.416 [pool-6-thread-17] DEBUG c.h.p.o.dependants.PodInfoConfigMap - [helmbrid] Desired PodInfo ConfigMap (extension state hash: -354521834)
2025-01-30 18:15:33,425 INFO c.h.h.t.HelmChartContainer - [hivemq-test-hivemq-platform] [hivemq-platform-operator] [6d00e0a3] 18:15:33.422 [pool-6-thread-15] DEBUG c.h.p.o.d.StatefulSetResource - [helmbrid] Desired StatefulSet (1 replicas) for status STARTING (READY)
2025-01-30 18:15:33,428 INFO c.h.h.t.HelmChartContainer - [hivemq-test-hivemq-platform] [hivemq-platform-operator] [6d00e0a3] 18:15:33.426 [ReconcilerExecutor-hivemq-controller-109] INFO  c.h.p.o.HiveMQPlatformReconciler - [helmbrid] Reconciling HiveMQ Platform 'test-hivemq-platform' in namespace 'helmbridgeextensionit'
2025-01-30 18:15:33,428 INFO c.h.h.t.HelmChartContainer - [hivemq-test-hivemq-platform] [hivemq-platform-operator] [6d00e0a3] 18:15:33.426 [ReconcilerExecutor-hivemq-controller-109] DEBUG c.h.p.o.HiveMQPlatformReconciler - [helmbrid] Custom Resource Status STARTING - HiveMQ Platform is starting (READY)
2025-01-30 18:15:33,428 INFO c.h.h.t.HelmChartContainer - [hivemq-test-hivemq-platform] [hivemq-platform-operator] [6d00e0a3] 18:15:33.426 [ReconcilerExecutor-hivemq-controller-109] DEBUG c.h.p.o.HiveMQPlatformReconciler - [helmbrid] Custom Resource Spec (replicas: 1) (extensions: 1)
2025-01-30 18:15:33,428 INFO c.h.h.t.HelmChartContainer - [hivemq-test-hivemq-platform] [hivemq-platform-operator] [6d00e0a3] 18:15:33.428 [ReconcilerExecutor-hivemq-controller-109] DEBUG c.h.p.o.HiveMQPlatformReconciler - [helmbrid] StatefulSet Status (revision: test-hivemq-platform-6d7b96669f, replicas: 1, available: 0, ready: 0, current: 1, updated: 1)
2025-01-30 18:15:33,428 INFO c.h.h.t.HelmChartContainer - [hivemq-test-hivemq-platform] [hivemq-platform-operator] [6d00e0a3] 18:15:33.428 [ReconcilerExecutor-hivemq-controller-109] DEBUG c.h.p.o.HiveMQPlatformReconciler - [helmbrid] StatefulSet Spec (replicas: 1, init containers: 1, containers: 1, volumes: 4)
2025-01-30 18:15:33,491 INFO c.h.h.t.HelmChartContainer - [hivemq-test-hivemq-platform] [hivemq-platform-operator] [6d00e0a3] 18:15:33.489 [ReconcilerExecutor-hivemq-controller-109] DEBUG c.h.p.o.h.HiveMQPlatformReconcilerErrorHandler - [helmbrid] Pod 'test-hivemq-platform-0' phase Running
2025-01-30 18:15:33,492 INFO c.h.h.t.HelmChartContainer - [hivemq-test-hivemq-platform] [hivemq-platform-operator] [6d00e0a3] 18:15:33.491 [ReconcilerExecutor-hivemq-controller-109] INFO  c.h.p.o.h.HiveMQPlatformReconcilerBaseHandler - [helmbrid] HiveMQ Platform is starting, 0 of 1 replicas are ready
2025-01-30 18:15:33,501 INFO c.h.h.t.HelmChartContainer - [test-hivemq-platform] [hivemq] [786095b8] WARN  - [HiveMQ Platform Operator Init App 1.7.0-SNAPSHOT] Cannot connect to Health API for readiness: null
2025-01-30 18:15:33,512 INFO c.h.h.t.HelmChartContainer - [EVENT] Warning [Unhealthy] Readiness probe failed: HTTP probe failed with statuscode: 503 [helmbridgeextensionit:test-hivemq-platform-0]
2025-01-30 18:15:33,512 INFO c.h.h.t.HelmChartContainer - Received Unhealthy event for container hivemq in pod test-hivemq-platform-0 [786095b8-680d-4577-bd95-6ff582829fb0]
2025-01-30 18:15:33,547 INFO c.h.h.t.HelmChartContainer - [test-hivemq-platform] [hivemq] [786095b8] INFO  - [HiveMQ Platform Operator Init App 1.7.0-SNAPSHOT] Successfully updated Pod HiveMQ Platform Operator Init App version annotation (version: 1.7.0-SNAPSHOT)
2025-01-30 18:15:38,407 INFO c.h.h.t.HelmChartContainer - [test-hivemq-platform] [hivemq] [786095b8] WARN  - [HiveMQ Platform Operator Init App 1.7.0-SNAPSHOT] Cannot connect to Health API for readiness: null
2025-01-30 18:15:38,413 INFO c.h.h.t.HelmChartContainer - [EVENT] Warning [Unhealthy] Readiness probe failed: HTTP probe failed with statuscode: 503 [helmbridgeextensionit:test-hivemq-platform-0]
2025-01-30 18:15:38,413 INFO c.h.h.t.HelmChartContainer - Received Unhealthy event for container hivemq in pod test-hivemq-platform-0 [786095b8-680d-4577-bd95-6ff582829fb0]
2025-01-30 18:15:43,447 INFO c.h.h.t.HelmChartContainer - [test-hivemq-platform] [hivemq] [786095b8] WARN  - [HiveMQ Platform Operator Init App 1.7.0-SNAPSHOT] Cannot connect to Health API for readiness: null
2025-01-30 18:15:43,453 INFO c.h.h.t.HelmChartContainer - [EVENT] Warning [Unhealthy] Readiness probe failed: HTTP probe failed with statuscode: 503 [helmbridgeextensionit:test-hivemq-platform-0]
2025-01-30 18:15:43,453 INFO c.h.h.t.HelmChartContainer - Received Unhealthy event for container hivemq in pod test-hivemq-platform-0 [786095b8-680d-4577-bd95-6ff582829fb0]
2025-01-30 18:15:43,499 INFO c.h.h.t.HelmChartContainer - [hivemq-test-hivemq-platform] [hivemq-platform-operator] [6d00e0a3] 18:15:43.496 [pool-6-thread-24] DEBUG c.h.p.o.d.PodServiceAccountResource - [helmbrid] Desired PodServiceAccountResource (serviceAccountName: hivemq-platform-pod-test-hivemq-platform)
2025-01-30 18:15:43,499 INFO c.h.h.t.HelmChartContainer - [hivemq-test-hivemq-platform] [hivemq-platform-operator] [6d00e0a3] 18:15:43.495 [pool-6-thread-29] DEBUG c.h.p.o.d.PlatformServiceResource - [helmbrid] Desired Platform services (3 services)
2025-01-30 18:15:43,502 INFO c.h.h.t.HelmChartContainer - [hivemq-test-hivemq-platform] [hivemq-platform-operator] [6d00e0a3] 18:15:43.496 [pool-6-thread-25] DEBUG c.h.p.o.dependants.PodInfoConfigMap - [helmbrid] Desired PodInfo ConfigMap (1 extensions) (1 enabled)
2025-01-30 18:15:43,502 INFO c.h.h.t.HelmChartContainer - [hivemq-test-hivemq-platform] [hivemq-platform-operator] [6d00e0a3] 18:15:43.499 [pool-6-thread-25] DEBUG c.h.p.o.dependants.PodInfoConfigMap - [helmbrid] Desired PodInfo ConfigMap (metrics port: 9399) (metrics path: /)
2025-01-30 18:15:43,502 INFO c.h.h.t.HelmChartContainer - [hivemq-test-hivemq-platform] [hivemq-platform-operator] [6d00e0a3] 18:15:43.499 [pool-6-thread-25] DEBUG c.h.p.o.dependants.PodInfoConfigMap - [helmbrid] Desired PodInfo ConfigMap (extension state hash: -354521834)
2025-01-30 18:15:43,506 INFO c.h.h.t.HelmChartContainer - [hivemq-test-hivemq-platform] [hivemq-platform-operator] [6d00e0a3] 18:15:43.504 [pool-6-thread-29] DEBUG c.h.p.o.d.StatefulSetResource - [helmbrid] Desired StatefulSet (1 replicas) for status STARTING (READY)
2025-01-30 18:15:43,515 INFO c.h.h.t.HelmChartContainer - [hivemq-test-hivemq-platform] [hivemq-platform-operator] [6d00e0a3] 18:15:43.514 [ReconcilerExecutor-hivemq-controller-110] INFO  c.h.p.o.HiveMQPlatformReconciler - [helmbrid] Reconciling HiveMQ Platform 'test-hivemq-platform' in namespace 'helmbridgeextensionit'
2025-01-30 18:15:43,515 INFO c.h.h.t.HelmChartContainer - [hivemq-test-hivemq-platform] [hivemq-platform-operator] [6d00e0a3] 18:15:43.514 [ReconcilerExecutor-hivemq-controller-110] DEBUG c.h.p.o.HiveMQPlatformReconciler - [helmbrid] Custom Resource Status STARTING - HiveMQ Platform is starting (READY)
2025-01-30 18:15:43,515 INFO c.h.h.t.HelmChartContainer - [hivemq-test-hivemq-platform] [hivemq-platform-operator] [6d00e0a3] 18:15:43.514 [ReconcilerExecutor-hivemq-controller-110] DEBUG c.h.p.o.HiveMQPlatformReconciler - [helmbrid] Custom Resource Spec (replicas: 1) (extensions: 1)
2025-01-30 18:15:43,592 INFO c.h.h.t.HelmChartContainer - [hivemq-test-hivemq-platform] [hivemq-platform-operator] [6d00e0a3] 18:15:43.590 [ReconcilerExecutor-hivemq-controller-110] DEBUG c.h.p.o.HiveMQPlatformReconciler - [helmbrid] StatefulSet Status (revision: test-hivemq-platform-6d7b96669f, replicas: 1, available: 0, ready: 0, current: 1, updated: 1)
2025-01-30 18:15:43,592 INFO c.h.h.t.HelmChartContainer - [hivemq-test-hivemq-platform] [hivemq-platform-operator] [6d00e0a3] 18:15:43.591 [ReconcilerExecutor-hivemq-controller-110] DEBUG c.h.p.o.HiveMQPlatformReconciler - [helmbrid] StatefulSet Spec (replicas: 1, init containers: 1, containers: 1, volumes: 4)
2025-01-30 18:15:43,593 INFO c.h.h.t.HelmChartContainer - [hivemq-test-hivemq-platform] [hivemq-platform-operator] [6d00e0a3] 18:15:43.592 [ReconcilerExecutor-hivemq-controller-110] DEBUG c.h.p.o.h.HiveMQPlatformReconcilerErrorHandler - [helmbrid] Pod 'test-hivemq-platform-0' phase Running
2025-01-30 18:15:43,594 INFO c.h.h.t.HelmChartContainer - [hivemq-test-hivemq-platform] [hivemq-platform-operator] [6d00e0a3] 18:15:43.593 [ReconcilerExecutor-hivemq-controller-110] INFO  c.h.p.o.h.HiveMQPlatformReconcilerBaseHandler - [helmbrid] HiveMQ Platform is starting, 0 of 1 replicas are ready
2025-01-30 18:15:44,950 INFO c.h.h.t.HelmChartContainer - [test-hivemq-platform] [hivemq] [786095b8] WARN  - [HiveMQ Platform Operator Init App 1.7.0-SNAPSHOT] Cannot connect to Health API for liveness: null
2025-01-30 18:15:44,950 INFO c.h.h.t.HelmChartContainer - [test-hivemq-platform] [hivemq] [786095b8] INFO  - [HiveMQ Platform Operator Init App 1.7.0-SNAPSHOT] Returning default Health API response 200 for liveness
2025-01-30 18:15:46,647 INFO c.h.h.t.HelmChartContainer - [test-hivemq-platform] [hivemq] [786095b8] INFO  - No valid license file found. Using trial license, restricted to 25 connections.
2025-01-30 18:15:48,405 INFO c.h.h.t.HelmChartContainer - [test-hivemq-platform] [hivemq] [786095b8] WARN  - [HiveMQ Platform Operator Init App 1.7.0-SNAPSHOT] Cannot connect to Health API for readiness: null
2025-01-30 18:15:48,409 INFO c.h.h.t.HelmChartContainer - [EVENT] Warning [Unhealthy] Readiness probe failed: HTTP probe failed with statuscode: 503 [helmbridgeextensionit:test-hivemq-platform-0]
2025-01-30 18:15:48,410 INFO c.h.h.t.HelmChartContainer - Received Unhealthy event for container hivemq in pod test-hivemq-platform-0 [786095b8-680d-4577-bd95-6ff582829fb0]
2025-01-30 18:15:49,408 INFO c.h.h.t.HelmChartContainer - [test-hivemq-platform] [hivemq] [786095b8] INFO  - No valid license file for Data Hub found. Using free license, restricted to 1 policy.
2025-01-30 18:15:50,605 INFO c.h.h.t.HelmChartContainer - [test-hivemq-platform] [hivemq] [786095b8] INFO  - Audit Logger started.
2025-01-30 18:15:50,859 INFO c.h.h.t.HelmChartContainer - [test-hivemq-platform] [hivemq] [786095b8] INFO  - This node uses '1' CPU cores.
2025-01-30 18:15:50,901 INFO c.h.h.t.HelmChartContainer - [test-hivemq-platform] [hivemq] [786095b8] INFO  - Starting HiveMQ Health API on address 0.0.0.0 and port 8889
2025-01-30 18:15:51,649 INFO c.h.h.t.HelmChartContainer - [test-hivemq-platform] [hivemq] [786095b8] INFO  - Started HiveMQ Health API in 749ms
2025-01-30 18:15:52,110 INFO c.h.h.t.HelmChartContainer - [test-hivemq-platform] [hivemq] [786095b8] INFO  - Starting HiveMQ extension system.
2025-01-30 18:15:53,601 INFO c.h.h.t.HelmChartContainer - [hivemq-test-hivemq-platform] [hivemq-platform-operator] [6d00e0a3] 18:15:53.597 [pool-6-thread-32] DEBUG c.h.p.o.d.PlatformServiceResource - [helmbrid] Desired Platform services (3 services)
2025-01-30 18:15:53,602 INFO c.h.h.t.HelmChartContainer - [hivemq-test-hivemq-platform] [hivemq-platform-operator] [6d00e0a3] 18:15:53.600 [pool-6-thread-33] DEBUG c.h.p.o.dependants.PodInfoConfigMap - [helmbrid] Desired PodInfo ConfigMap (1 extensions) (1 enabled)
2025-01-30 18:15:53,603 INFO c.h.h.t.HelmChartContainer - [hivemq-test-hivemq-platform] [hivemq-platform-operator] [6d00e0a3] 18:15:53.600 [pool-6-thread-33] DEBUG c.h.p.o.dependants.PodInfoConfigMap - [helmbrid] Desired PodInfo ConfigMap (metrics port: 9399) (metrics path: /)
2025-01-30 18:15:53,603 INFO c.h.h.t.HelmChartContainer - [hivemq-test-hivemq-platform] [hivemq-platform-operator] [6d00e0a3] 18:15:53.600 [pool-6-thread-33] DEBUG c.h.p.o.dependants.PodInfoConfigMap - [helmbrid] Desired PodInfo ConfigMap (extension state hash: -354521834)
2025-01-30 18:15:53,603 INFO c.h.h.t.HelmChartContainer - [hivemq-test-hivemq-platform] [hivemq-platform-operator] [6d00e0a3] 18:15:53.601 [pool-6-thread-33] DEBUG c.h.p.o.d.PodServiceAccountResource - [helmbrid] Desired PodServiceAccountResource (serviceAccountName: hivemq-platform-pod-test-hivemq-platform)
2025-01-30 18:15:53,610 INFO c.h.h.t.HelmChartContainer - [hivemq-test-hivemq-platform] [hivemq-platform-operator] [6d00e0a3] 18:15:53.607 [pool-6-thread-32] DEBUG c.h.p.o.d.StatefulSetResource - [helmbrid] Desired StatefulSet (1 replicas) for status STARTING (READY)
2025-01-30 18:15:53,616 INFO c.h.h.t.HelmChartContainer - [hivemq-test-hivemq-platform] [hivemq-platform-operator] [6d00e0a3] 18:15:53.614 [ReconcilerExecutor-hivemq-controller-111] INFO  c.h.p.o.HiveMQPlatformReconciler - [helmbrid] Reconciling HiveMQ Platform 'test-hivemq-platform' in namespace 'helmbridgeextensionit'
2025-01-30 18:15:53,616 INFO c.h.h.t.HelmChartContainer - [hivemq-test-hivemq-platform] [hivemq-platform-operator] [6d00e0a3] 18:15:53.614 [ReconcilerExecutor-hivemq-controller-111] DEBUG c.h.p.o.HiveMQPlatformReconciler - [helmbrid] Custom Resource Status STARTING - HiveMQ Platform is starting (READY)
2025-01-30 18:15:53,616 INFO c.h.h.t.HelmChartContainer - [hivemq-test-hivemq-platform] [hivemq-platform-operator] [6d00e0a3] 18:15:53.614 [ReconcilerExecutor-hivemq-controller-111] DEBUG c.h.p.o.HiveMQPlatformReconciler - [helmbrid] Custom Resource Spec (replicas: 1) (extensions: 1)
2025-01-30 18:15:53,617 INFO c.h.h.t.HelmChartContainer - [hivemq-test-hivemq-platform] [hivemq-platform-operator] [6d00e0a3] 18:15:53.617 [ReconcilerExecutor-hivemq-controller-111] DEBUG c.h.p.o.HiveMQPlatformReconciler - [helmbrid] StatefulSet Status (revision: test-hivemq-platform-6d7b96669f, replicas: 1, available: 0, ready: 0, current: 1, updated: 1)
2025-01-30 18:15:53,618 INFO c.h.h.t.HelmChartContainer - [hivemq-test-hivemq-platform] [hivemq-platform-operator] [6d00e0a3] 18:15:53.617 [ReconcilerExecutor-hivemq-controller-111] DEBUG c.h.p.o.HiveMQPlatformReconciler - [helmbrid] StatefulSet Spec (replicas: 1, init containers: 1, containers: 1, volumes: 4)
2025-01-30 18:15:53,621 INFO c.h.h.t.HelmChartContainer - [hivemq-test-hivemq-platform] [hivemq-platform-operator] [6d00e0a3] 18:15:53.620 [ReconcilerExecutor-hivemq-controller-111] DEBUG c.h.p.o.h.HiveMQPlatformReconcilerErrorHandler - [helmbrid] Pod 'test-hivemq-platform-0' phase Running
2025-01-30 18:15:53,623 INFO c.h.h.t.HelmChartContainer - [hivemq-test-hivemq-platform] [hivemq-platform-operator] [6d00e0a3] 18:15:53.621 [ReconcilerExecutor-hivemq-controller-111] INFO  c.h.p.o.h.HiveMQPlatformReconcilerBaseHandler - [helmbrid] HiveMQ Platform is starting, 0 of 1 replicas are ready
2025-01-30 18:15:54,404 INFO c.h.h.t.HelmChartContainer - [test-hivemq-platform] [hivemq] [786095b8] INFO  - [HiveMQ Platform Operator Init App 1.7.0-SNAPSHOT] Returning Health API response 503 for readiness
2025-01-30 18:15:54,406 INFO c.h.h.t.HelmChartContainer - [EVENT] Warning [Unhealthy] Readiness probe failed: Get "http://10.42.0.8:7979/readiness": context deadline exceeded (Client.Timeout exceeded while awaiting headers) [helmbridgeextensionit:test-hivemq-platform-0]
2025-01-30 18:15:54,407 INFO c.h.h.t.HelmChartContainer - Received Unhealthy event for container hivemq in pod test-hivemq-platform-0 [786095b8-680d-4577-bd95-6ff582829fb0]
2025-01-30 18:15:54,908 INFO c.h.h.t.HelmChartContainer - [test-hivemq-platform] [hivemq] [786095b8] INFO  - No license found for enterprise extension with name "HiveMQ Enterprise Bridge Extension". Entering extension trial mode. "HiveMQ Enterprise Bridge Extension" will be disabled in 5 hours.
2025-01-30 18:15:55,207 INFO c.h.h.t.HelmChartContainer - [test-hivemq-platform] [hivemq] [786095b8] INFO  - Starting extension with id "hivemq-dns-cluster-discovery" at /opt/hivemq/extensions/hivemq-dns-cluster-discovery
2025-01-30 18:15:55,701 INFO c.h.h.t.HelmChartContainer - [test-hivemq-platform] [hivemq] [786095b8] INFO  - Using TCP cluster transport on address 10.42.0.8 and port 7000
2025-01-30 18:15:55,706 INFO c.h.h.t.HelmChartContainer - [test-hivemq-platform] [hivemq] [786095b8] INFO  - Using extension cluster discovery
2025-01-30 18:15:55,806 INFO c.h.h.t.HelmChartContainer - [test-hivemq-platform] [hivemq] [786095b8] INFO  - Extension "DNS Cluster Discovery Extension" version 4.3.2 started successfully.
2025-01-30 18:15:55,806 INFO c.h.h.t.HelmChartContainer - [test-hivemq-platform] [hivemq] [786095b8] INFO  - Starting extension with id "hivemq-bridge-extension" at /opt/hivemq/extensions/hivemq-bridge-extension
2025-01-30 18:15:56,601 INFO c.h.h.t.HelmChartContainer - [test-hivemq-platform] [hivemq] [786095b8] INFO  - HiveMQ Enterprise Bridge Extension: Successfully loaded configuration from '/opt/hivemq/extensions/hivemq-bridge-extension/conf/config.xml'.
2025-01-30 18:15:57,306 INFO c.h.h.t.HelmChartContainer - [test-hivemq-platform] [hivemq] [786095b8] INFO  - Bridge Extension: Connecting to remote brokers...
2025-01-30 18:15:57,909 INFO c.h.h.t.HelmChartContainer - [test-hivemq-platform] [hivemq] [786095b8] INFO  - Bridge Extension: Connected to bridge 'testbridge', session present 'false'.
2025-01-30 18:15:57,910 INFO c.h.h.t.HelmChartContainer - [test-hivemq-platform] [hivemq] [786095b8] INFO  - Bridge Extension: Connected to bridge 'testbridge', session present 'false'.
2025-01-30 18:15:58,016 INFO c.h.h.t.HelmChartContainer - [test-hivemq-platform] [hivemq] [786095b8] WARN  - Node is waiting for an operational cluster member
2025-01-30 18:15:58,411 INFO c.h.h.t.HelmChartContainer - [EVENT] Warning [Unhealthy] Readiness probe failed: HTTP probe failed with statuscode: 503 [helmbridgeextensionit:test-hivemq-platform-0]
2025-01-30 18:15:58,412 INFO c.h.h.t.HelmChartContainer - Received Unhealthy event for container hivemq in pod test-hivemq-platform-0 [786095b8-680d-4577-bd95-6ff582829fb0]
2025-01-30 18:15:59,305 INFO c.h.h.t.HelmChartContainer - [test-hivemq-platform] [hivemq] [786095b8] INFO  - U5nt0: no members discovered after 3007 ms: creating cluster as first member
2025-01-30 18:15:59,312 INFO c.h.h.t.HelmChartContainer - [test-hivemq-platform] [hivemq] [786095b8] INFO  - Cluster nodes found by discovery: [U5nt0|0] (1) [U5nt0].
2025-01-30 18:15:59,504 INFO c.h.h.t.HelmChartContainer - [test-hivemq-platform] [hivemq] [786095b8] INFO  - Extension "HiveMQ Enterprise Bridge Extension" version 4.36.0 started successfully.
2025-01-30 18:15:59,505 INFO c.h.h.t.HelmChartContainer - [test-hivemq-platform] [hivemq] [786095b8] INFO  - Starting extension with id "hivemq-prometheus-extension" at /opt/hivemq/extensions/hivemq-prometheus-extension
2025-01-30 18:15:59,914 INFO c.h.h.t.HelmChartContainer - [test-hivemq-platform] [hivemq] [786095b8] INFO  - Started Jetty Server exposing Prometheus Servlet on URI http://0.0.0.0:9399/
2025-01-30 18:15:59,915 INFO c.h.h.t.HelmChartContainer - [test-hivemq-platform] [hivemq] [786095b8] INFO  - Extension "Prometheus Monitoring Extension" version 4.0.12 started successfully.
2025-01-30 18:15:59,915 INFO c.h.h.t.HelmChartContainer - [test-hivemq-platform] [hivemq] [786095b8] INFO  - Starting extension with id "hivemq-allow-all-extension" at /opt/hivemq/extensions/hivemq-allow-all-extension
2025-01-30 18:15:59,915 INFO c.h.h.t.HelmChartContainer - [test-hivemq-platform] [hivemq] [786095b8] WARN  - 
2025-01-30 18:15:59,915 INFO c.h.h.t.HelmChartContainer - [test-hivemq-platform] [hivemq] [786095b8] ################################################################################################################
2025-01-30 18:15:59,915 INFO c.h.h.t.HelmChartContainer - [test-hivemq-platform] [hivemq] [786095b8] # This HiveMQ deployment is not secure! You are lacking Authentication and Authorization.                      #
2025-01-30 18:15:59,915 INFO c.h.h.t.HelmChartContainer - [test-hivemq-platform] [hivemq] [786095b8] # Right now any MQTT client can connect to the broker with a full set of permissions.                          #
2025-01-30 18:15:59,915 INFO c.h.h.t.HelmChartContainer - [test-hivemq-platform] [hivemq] [786095b8] # For production usage, add an appropriate security extension and remove the hivemq-allow-all extension.       #
2025-01-30 18:15:59,915 INFO c.h.h.t.HelmChartContainer - [test-hivemq-platform] [hivemq] [786095b8] # You can download security extensions from the HiveMQ Marketplace (https://www.hivemq.com/extensions/).       #
2025-01-30 18:15:59,915 INFO c.h.h.t.HelmChartContainer - [test-hivemq-platform] [hivemq] [786095b8] ################################################################################################################
2025-01-30 18:15:59,945 INFO c.h.h.t.HelmChartContainer - [test-hivemq-platform] [hivemq] [786095b8] INFO  - Extension "Allow All Extension" version 1.1.1 started successfully.
2025-01-30 18:15:59,947 INFO c.h.h.t.HelmChartContainer - [test-hivemq-platform] [hivemq] [786095b8] WARN  - No user for HiveMQ Control Center configured. Starting with default user
2025-01-30 18:15:59,947 INFO c.h.h.t.HelmChartContainer - [test-hivemq-platform] [hivemq] [786095b8] INFO  - Starting HiveMQ Control Center on address 0.0.0.0 and port 8080
2025-01-30 18:15:59,960 INFO c.h.h.t.HelmChartContainer - [test-hivemq-platform] [hivemq] [786095b8] INFO  - Mounting HiveMQ Control Center V2 Preview
2025-01-30 18:16:00,611 INFO c.h.h.t.HelmChartContainer - [test-hivemq-platform] [hivemq] [786095b8] INFO  - Started HiveMQ Control Center in 665ms
2025-01-30 18:16:00,705 INFO c.h.h.t.HelmChartContainer - [test-hivemq-platform] [hivemq] [786095b8] INFO  - Starting TCP listener on address 0.0.0.0 and port 1883
2025-01-30 18:16:00,721 INFO c.h.h.t.HelmChartContainer - [test-hivemq-platform] [hivemq] [786095b8] INFO  - Started TCP Listener on address 0.0.0.0 and on port 1883.
2025-01-30 18:16:00,721 INFO c.h.h.t.HelmChartContainer - [test-hivemq-platform] [hivemq] [786095b8] INFO  - Started HiveMQ in 35470ms
2025-01-30 18:16:03,407 INFO c.h.h.t.HelmChartContainer - [test-hivemq-platform] [hivemq] [786095b8] INFO  - [HiveMQ Platform Operator Init App 1.7.0-SNAPSHOT] Returning Health API response 200 for readiness
2025-01-30 18:16:03,422 INFO c.h.h.t.HelmChartContainer - [POD] test-hivemq-platform-0 [786095b8-680d-4577-bd95-6ff582829fb0] in helmbridgeextensionit was MODIFIED
2025-01-30 18:16:03,432 INFO c.h.h.t.HelmChartContainer - [hivemq-test-hivemq-platform] [hivemq-platform-operator] [6d00e0a3] 18:16:03.426 [pool-6-thread-41] DEBUG c.h.p.o.d.PlatformServiceResource - [helmbrid] Desired Platform services (3 services)
2025-01-30 18:16:03,432 INFO c.h.h.t.HelmChartContainer - [hivemq-test-hivemq-platform] [hivemq-platform-operator] [6d00e0a3] 18:16:03.427 [pool-6-thread-45] DEBUG c.h.p.o.dependants.PodInfoConfigMap - [helmbrid] Desired PodInfo ConfigMap (1 extensions) (1 enabled)
2025-01-30 18:16:03,432 INFO c.h.h.t.HelmChartContainer - [hivemq-test-hivemq-platform] [hivemq-platform-operator] [6d00e0a3] 18:16:03.427 [pool-6-thread-45] DEBUG c.h.p.o.dependants.PodInfoConfigMap - [helmbrid] Desired PodInfo ConfigMap (metrics port: 9399) (metrics path: /)
2025-01-30 18:16:03,432 INFO c.h.h.t.HelmChartContainer - [hivemq-test-hivemq-platform] [hivemq-platform-operator] [6d00e0a3] 18:16:03.427 [pool-6-thread-45] DEBUG c.h.p.o.dependants.PodInfoConfigMap - [helmbrid] Desired PodInfo ConfigMap (extension state hash: -354521834)
2025-01-30 18:16:03,432 INFO c.h.h.t.HelmChartContainer - [hivemq-test-hivemq-platform] [hivemq-platform-operator] [6d00e0a3] 18:16:03.429 [pool-6-thread-49] DEBUG c.h.p.o.d.PodServiceAccountResource - [helmbrid] Desired PodServiceAccountResource (serviceAccountName: hivemq-platform-pod-test-hivemq-platform)
2025-01-30 18:16:03,442 INFO c.h.h.t.HelmChartContainer - [hivemq-test-hivemq-platform] [hivemq-platform-operator] [6d00e0a3] 18:16:03.437 [pool-6-thread-47] DEBUG c.h.p.o.d.StatefulSetResource - [helmbrid] Desired StatefulSet (1 replicas) for status STARTING (READY)
2025-01-30 18:16:03,492 INFO c.h.h.t.HelmChartContainer - [hivemq-test-hivemq-platform] [hivemq-platform-operator] [6d00e0a3] 18:16:03.489 [ReconcilerExecutor-hivemq-controller-112] INFO  c.h.p.o.HiveMQPlatformReconciler - [helmbrid] Reconciling HiveMQ Platform 'test-hivemq-platform' in namespace 'helmbridgeextensionit'
2025-01-30 18:16:03,492 INFO c.h.h.t.HelmChartContainer - [hivemq-test-hivemq-platform] [hivemq-platform-operator] [6d00e0a3] 18:16:03.489 [ReconcilerExecutor-hivemq-controller-112] DEBUG c.h.p.o.HiveMQPlatformReconciler - [helmbrid] Custom Resource Status STARTING - HiveMQ Platform is starting (READY)
2025-01-30 18:16:03,492 INFO c.h.h.t.HelmChartContainer - [hivemq-test-hivemq-platform] [hivemq-platform-operator] [6d00e0a3] 18:16:03.489 [ReconcilerExecutor-hivemq-controller-112] DEBUG c.h.p.o.HiveMQPlatformReconciler - [helmbrid] Custom Resource Spec (replicas: 1) (extensions: 1)
2025-01-30 18:16:03,492 INFO c.h.h.t.HelmChartContainer - [hivemq-test-hivemq-platform] [hivemq-platform-operator] [6d00e0a3] 18:16:03.492 [ReconcilerExecutor-hivemq-controller-112] DEBUG c.h.p.o.HiveMQPlatformReconciler - [helmbrid] StatefulSet Status (revision: test-hivemq-platform-6d7b96669f, replicas: 1, available: 1, ready: 1, current: 1, updated: 1)
2025-01-30 18:16:03,493 INFO c.h.h.t.HelmChartContainer - [hivemq-test-hivemq-platform] [hivemq-platform-operator] [6d00e0a3] 18:16:03.492 [ReconcilerExecutor-hivemq-controller-112] DEBUG c.h.p.o.HiveMQPlatformReconciler - [helmbrid] StatefulSet Spec (replicas: 1, init containers: 1, containers: 1, volumes: 4)
2025-01-30 18:16:03,494 INFO c.h.h.t.HelmChartContainer - [hivemq-test-hivemq-platform] [hivemq-platform-operator] [6d00e0a3] 18:16:03.493 [ReconcilerExecutor-hivemq-controller-112] DEBUG c.h.p.o.h.HiveMQPlatformReconcilerErrorHandler - [helmbrid] Pod 'test-hivemq-platform-0' phase Running
2025-01-30 18:16:03,494 INFO c.h.h.t.HelmChartContainer - [hivemq-test-hivemq-platform] [hivemq-platform-operator] [6d00e0a3] 18:16:03.494 [ReconcilerExecutor-hivemq-controller-112] INFO  c.h.p.o.h.HiveMQPlatformReconcilerBaseHandler - [helmbrid] HiveMQ Platform started successfully
2025-01-30 18:16:03,511 INFO c.h.h.t.HelmChartContainer - [hivemq-test-hivemq-platform] [hivemq-platform-operator] [6d00e0a3] 18:16:03.510 [ReconcilerExecutor-hivemq-controller-112] DEBUG c.h.p.operator.event.EventSender - [helmbrid] Creating K8s event hivemq-platform-ready: [Ready] HiveMQ Platform is ready
2025-01-30 18:16:03,595 INFO c.h.h.t.HelmChartContainer - [EVENT] Normal [Ready] HiveMQ Platform is ready [helmbridgeextensionit:test-hivemq-platform]
2025-01-30 18:16:03,596 INFO c.h.h.t.HelmChartContainer - [hivemq-test-hivemq-platform] [hivemq-platform-operator] [6d00e0a3] 18:16:03.595 [ReconcilerExecutor-hivemq-controller-112] INFO  c.h.p.o.h.AbstractHiveMQReconcilerStateHandler - [helmbrid] Update HiveMQ Platform Status (STARTING [READY] -> RUNNING [READY]): HiveMQ Platform is ready
2025-01-30 18:16:03,603 DEBUG com.hivemq.helmcharts.util.K8sUtil - Comparing actual state 'RUNNING' and waiting for 'RUNNING'
2025-01-30 18:16:03,610 INFO c.h.h.t.HelmChartContainer - [hivemq-test-hivemq-platform] [hivemq-platform-operator] [6d00e0a3] 18:16:03.608 [pool-6-thread-9] DEBUG c.h.p.o.d.PlatformServiceResource - [helmbrid] Desired Platform services (3 services)
2025-01-30 18:16:03,613 INFO c.h.h.t.HelmChartContainer - [hivemq-test-hivemq-platform] [hivemq-platform-operator] [6d00e0a3] 18:16:03.611 [pool-6-thread-3] DEBUG c.h.p.o.dependants.PodInfoConfigMap - [helmbrid] Desired PodInfo ConfigMap (1 extensions) (1 enabled)
2025-01-30 18:16:03,613 INFO c.h.h.t.HelmChartContainer - [hivemq-test-hivemq-platform] [hivemq-platform-operator] [6d00e0a3] 18:16:03.611 [pool-6-thread-3] DEBUG c.h.p.o.dependants.PodInfoConfigMap - [helmbrid] Desired PodInfo ConfigMap (metrics port: 9399) (metrics path: /)
2025-01-30 18:16:03,692 INFO c.h.h.t.HelmChartContainer - [hivemq-test-hivemq-platform] [hivemq-platform-operator] [6d00e0a3] 18:16:03.691 [pool-6-thread-4] DEBUG c.h.p.o.d.PodServiceAccountResource - [helmbrid] Desired PodServiceAccountResource (serviceAccountName: hivemq-platform-pod-test-hivemq-platform)
2025-01-30 18:16:03,696 INFO c.h.h.t.HelmChartContainer - [hivemq-test-hivemq-platform] [hivemq-platform-operator] [6d00e0a3] 18:16:03.692 [pool-6-thread-3] DEBUG c.h.p.o.dependants.PodInfoConfigMap - [helmbrid] Desired PodInfo ConfigMap (extension state hash: -354521834)
2025-01-30 18:16:03,696 INFO c.h.h.t.HelmChartContainer - [hivemq-test-hivemq-platform] [hivemq-platform-operator] [6d00e0a3] 18:16:03.694 [pool-6-thread-3] DEBUG c.h.p.o.dependants.PodInfoConfigMap - [helmbrid] Update PodInfo ConfigMap
2025-01-30 18:16:03,711 INFO c.h.h.t.HelmChartContainer - [hivemq-test-hivemq-platform] [hivemq-platform-operator] [6d00e0a3] 18:16:03.710 [pool-6-thread-3] DEBUG c.h.p.o.d.StatefulSetResource - [helmbrid] Desired StatefulSet (1 replicas) for status RUNNING (READY)
2025-01-30 18:16:03,791 INFO c.h.h.t.HelmChartContainer - [hivemq-test-hivemq-platform] [hivemq-platform-operator] [6d00e0a3] 18:16:03.789 [ReconcilerExecutor-hivemq-controller-113] INFO  c.h.p.o.HiveMQPlatformReconciler - [helmbrid] Reconciling HiveMQ Platform 'test-hivemq-platform' in namespace 'helmbridgeextensionit'
2025-01-30 18:16:03,791 INFO c.h.h.t.HelmChartContainer - [hivemq-test-hivemq-platform] [hivemq-platform-operator] [6d00e0a3] 18:16:03.789 [ReconcilerExecutor-hivemq-controller-113] DEBUG c.h.p.o.HiveMQPlatformReconciler - [helmbrid] Custom Resource Status RUNNING - HiveMQ Platform is ready (READY)
2025-01-30 18:16:03,791 INFO c.h.h.t.HelmChartContainer - [hivemq-test-hivemq-platform] [hivemq-platform-operator] [6d00e0a3] 18:16:03.789 [ReconcilerExecutor-hivemq-controller-113] DEBUG c.h.p.o.HiveMQPlatformReconciler - [helmbrid] Custom Resource Spec (replicas: 1) (extensions: 1)
2025-01-30 18:16:03,792 INFO c.h.h.t.HelmChartContainer - [hivemq-test-hivemq-platform] [hivemq-platform-operator] [6d00e0a3] 18:16:03.792 [ReconcilerExecutor-hivemq-controller-113] DEBUG c.h.p.o.HiveMQPlatformReconciler - [helmbrid] StatefulSet Status (revision: test-hivemq-platform-6d7b96669f, replicas: 1, available: 1, ready: 1, current: 1, updated: 1)
2025-01-30 18:16:03,793 INFO c.h.h.t.HelmChartContainer - [hivemq-test-hivemq-platform] [hivemq-platform-operator] [6d00e0a3] 18:16:03.792 [ReconcilerExecutor-hivemq-controller-113] DEBUG c.h.p.o.HiveMQPlatformReconciler - [helmbrid] StatefulSet Spec (replicas: 1, init containers: 1, containers: 1, volumes: 4)
2025-01-30 18:16:03,794 INFO c.h.h.t.HelmChartContainer - [hivemq-test-hivemq-platform] [hivemq-platform-operator] [6d00e0a3] 18:16:03.793 [ReconcilerExecutor-hivemq-controller-113] DEBUG c.h.p.o.h.HiveMQPlatformReconcilerErrorHandler - [helmbrid] Pod 'test-hivemq-platform-0' phase Running
2025-01-30 18:16:03,879 INFO c.h.h.e.HelmBridgeExtensionIT - remote client subscribed
2025-01-30 18:16:03,879 INFO c.h.h.e.HelmBridgeExtensionIT - local client has published
2025-01-30 18:16:05,099 INFO c.h.h.t.HelmChartContainer - Uninstalling release 'test-hivemq-platform' in namespace 'helmbridgeextensionit'...
2025-01-30 18:16:05,099 DEBUG c.h.h.t.HelmChartContainer - Executing helm command: /bin/helm --kubeconfig /etc/rancher/k3s/k3s.yaml uninstall test-hivemq-platform  --wait --timeout 5m0s --cascade foreground --namespace helmbridgeextensionit
2025-01-30 18:16:05,296 INFO c.h.h.t.HelmChartContainer - [hivemq-test-hivemq-platform] [hivemq-platform-operator] [6d00e0a3] 18:16:05.290 [ReconcilerExecutor-hivemq-controller-114] INFO  c.h.p.o.HiveMQPlatformReconciler - [helmbrid] Cleanup test-hivemq-platform - helmbridgeextensionit HiveMQ Platform is shut down
2025-01-30 18:16:05,889 INFO c.h.h.t.HelmChartContainer - [POD] test-hivemq-platform-0 [786095b8-680d-4577-bd95-6ff582829fb0] in helmbridgeextensionit was MODIFIED
2025-01-30 18:16:05,903 INFO c.h.h.t.HelmChartContainer - [EVENT] Normal [Killing] Stopping container hivemq [helmbridgeextensionit:test-hivemq-platform-0]
2025-01-30 18:16:05,903 INFO c.h.h.t.HelmChartContainer - Received Killing event for container hivemq in pod test-hivemq-platform-0 [786095b8-680d-4577-bd95-6ff582829fb0]
2025-01-30 18:16:05,903 INFO c.h.h.t.HelmChartContainer - Container [test-hivemq-platform-0] [hivemq] [786095b8-680d-4577-bd95-6ff582829fb0] was terminated
2025-01-30 18:16:05,903 INFO c.h.h.t.HelmChartContainer - Stopped log watcher for hivemq in pod test-hivemq-platform-0 [786095b8-680d-4577-bd95-6ff582829fb0]
2025-01-30 18:16:05,908 INFO c.h.h.t.HelmChartContainer - [test-hivemq-platform] [hivemq] [786095b8] INFO  - [HiveMQ Platform Operator Init App 1.7.0-SNAPSHOT] Shutting down
2025-01-30 18:16:05,910 INFO c.h.h.t.HelmChartContainer - [test-hivemq-platform] [hivemq] [786095b8] INFO  - [HiveMQ Platform Operator Init App 1.7.0-SNAPSHOT] Stopping the HiveMQ Platform
2025-01-30 18:16:06,012 INFO c.h.h.t.HelmChartContainer - [test-hivemq-platform] [hivemq] [786095b8] INFO  - Shutting down HiveMQ. Please wait, this could take a while...
2025-01-30 18:16:06,015 INFO c.h.h.t.HelmChartContainer - [test-hivemq-platform] [hivemq] [786095b8] INFO  - Shutting down listeners and clients
2025-01-30 18:16:06,045 INFO c.h.h.t.HelmChartContainer - [test-hivemq-platform] [hivemq] [786095b8] INFO  - Shutdown of listeners is done
2025-01-30 18:16:06,046 INFO c.h.h.t.HelmChartContainer - [test-hivemq-platform] [hivemq] [786095b8] INFO  - No clients are connected, proceeding with shutdown
2025-01-30 18:16:07,331 INFO c.h.h.t.HelmChartContainer - Deleting namespace 'helmbridgeextensionit'...
2025-01-30 18:16:08,403 INFO c.h.h.t.HelmChartContainer - [test-hivemq-platform] [hivemq] [786095b8] INFO  - [HiveMQ Platform Operator Init App 1.7.0-SNAPSHOT] Returning shutdown Health API response 503 for readiness
2025-01-30 18:16:08,409 INFO c.h.h.t.HelmChartContainer - [EVENT] Warning [Unhealthy] Readiness probe failed: HTTP probe failed with statuscode: 503 [helmbridgeextensionit:test-hivemq-platform-0]
2025-01-30 18:16:08,409 INFO c.h.h.t.HelmChartContainer - Received Unhealthy event for container hivemq in pod test-hivemq-platform-0 [786095b8-680d-4577-bd95-6ff582829fb0]
2025-01-30 18:16:08,872 INFO c.h.h.t.HelmChartContainer - [test-hivemq-platform] [hivemq] [786095b8] WARN  - [HiveMQ Platform Operator Init App 1.7.0-SNAPSHOT] Could not update Pod annotations: Failure executing: GET at: https://10.43.0.1:443/api/v1/namespaces/helmbridgeextensionit/pods/test-hivemq-platform-0. Message: pods "test-hivemq-platform-0" is forbidden: User "system:serviceaccount:helmbridgeextensionit:hivemq-platform-pod-test-hivemq-platform" cannot get resource "pods" in API group "" in the namespace "helmbridgeextensionit". Received status: Status(apiVersion=v1, code=403, details=StatusDetails(causes=[], group=null, kind=pods, name=test-hivemq-platform-0, retryAfterSeconds=null, uid=null, additionalProperties={}), kind=Status, message=pods "test-hivemq-platform-0" is forbidden: User "system:serviceaccount:helmbridgeextensionit:hivemq-platform-pod-test-hivemq-platform" cannot get resource "pods" in API group "" in the namespace "helmbridgeextensionit", metadata=ListMeta(_continue=null, remainingItemCount=null, resourceVersion=null, selfLink=null, additionalProperties={}), reason=Forbidden, status=Failure, additionalProperties={}).
2025-01-30 18:16:09,204 INFO c.h.h.t.HelmChartContainer - [test-hivemq-platform] [hivemq] [786095b8] INFO  - Shutting down extension system
2025-01-30 18:16:09,212 INFO c.h.h.t.HelmChartContainer - [test-hivemq-platform] [hivemq] [786095b8] INFO  - Stopping extension with id hivemq-dns-cluster-discovery
2025-01-30 18:16:09,212 INFO c.h.h.t.HelmChartContainer - [test-hivemq-platform] [hivemq] [786095b8] INFO  - Extension "DNS Cluster Discovery Extension" version 4.3.2 stopped successfully.
2025-01-30 18:16:09,212 INFO c.h.h.t.HelmChartContainer - [test-hivemq-platform] [hivemq] [786095b8] INFO  - Stopping extension with id hivemq-bridge-extension
2025-01-30 18:16:09,219 INFO c.h.h.t.HelmChartContainer - [test-hivemq-platform] [hivemq] [786095b8] INFO  - Bridge Extension: Stopping extension
2025-01-30 18:16:09,307 INFO c.h.h.t.HelmChartContainer - [test-hivemq-platform] [hivemq] [786095b8] INFO  - Extension "HiveMQ Enterprise Bridge Extension" version 4.36.0 stopped successfully.
2025-01-30 18:16:09,307 INFO c.h.h.t.HelmChartContainer - [test-hivemq-platform] [hivemq] [786095b8] INFO  - Stopping extension with id hivemq-prometheus-extension
2025-01-30 18:16:09,310 INFO c.h.h.t.HelmChartContainer - [test-hivemq-platform] [hivemq] [786095b8] INFO  - Extension "Prometheus Monitoring Extension" version 4.0.12 stopped successfully.
2025-01-30 18:16:09,311 INFO c.h.h.t.HelmChartContainer - [test-hivemq-platform] [hivemq] [786095b8] INFO  - Stopping extension with id hivemq-allow-all-extension
2025-01-30 18:16:09,311 INFO c.h.h.t.HelmChartContainer - [test-hivemq-platform] [hivemq] [786095b8] INFO  - Extension "Allow All Extension" version 1.1.1 stopped successfully.
2025-01-30 18:16:11,646 INFO c.h.h.t.HelmChartContainer - [test-hivemq-platform] [hivemq] [786095b8] INFO  - Shutdown completed.
2025-01-30 18:16:12,008 INFO c.h.h.t.HelmChartContainer - [test-hivemq-platform] [hivemq] [786095b8] INFO  - [HiveMQ Platform Operator Init App 1.7.0-SNAPSHOT] The HiveMQ Platform exited with code 143
2025-01-30 18:16:12,008 INFO c.h.h.t.HelmChartContainer - [test-hivemq-platform] [hivemq] [786095b8] INFO  - [HiveMQ Platform Operator Init App 1.7.0-SNAPSHOT] Stopping the REST API
2025-01-30 18:16:12,046 INFO c.h.h.t.HelmChartContainer - [test-hivemq-platform] [hivemq] [786095b8] INFO  - [HiveMQ Platform Operator Init App 1.7.0-SNAPSHOT] Shutdown complete
2025-01-30 18:16:12,478 INFO c.h.h.t.HelmChartContainer - [K3S] [stateful_set.go:466] "StatefulSet has been deleted" key="helmbridgeextensionit/test-hivemq-platform"
2025-01-30 18:16:12,545 INFO c.h.h.t.HelmChartContainer - [POD] test-hivemq-platform-0 [786095b8-680d-4577-bd95-6ff582829fb0] in helmbridgeextensionit was MODIFIED
2025-01-30 18:16:12,568 INFO c.h.h.t.HelmChartContainer - [K3S] [reconciler_common.go:162] "operationExecutor.UnmountVolume started for volume \"pod-info\" (UniqueName: \"kubernetes.io/configmap/786095b8-680d-4577-bd95-6ff582829fb0-pod-info\") pod \"786095b8-680d-4577-bd95-6ff582829fb0\" (UID: \"786095b8-680d-4577-bd95-6ff582829fb0\") "
2025-01-30 18:16:12,568 INFO c.h.h.t.HelmChartContainer - [K3S] [reconciler_common.go:162] "operationExecutor.UnmountVolume started for volume \"extension-configuration-hivemq-bridge-extension\" (UniqueName: \"kubernetes.io/secret/786095b8-680d-4577-bd95-6ff582829fb0-extension-configuration-hivemq-bridge-extension\") pod \"786095b8-680d-4577-bd95-6ff582829fb0\" (UID: \"786095b8-680d-4577-bd95-6ff582829fb0\") "
2025-01-30 18:16:12,568 INFO c.h.h.t.HelmChartContainer - [K3S] [reconciler_common.go:162] "operationExecutor.UnmountVolume started for volume \"operator-init\" (UniqueName: \"kubernetes.io/empty-dir/786095b8-680d-4577-bd95-6ff582829fb0-operator-init\") pod \"786095b8-680d-4577-bd95-6ff582829fb0\" (UID: \"786095b8-680d-4577-bd95-6ff582829fb0\") "
2025-01-30 18:16:12,568 INFO c.h.h.t.HelmChartContainer - [K3S] [reconciler_common.go:162] "operationExecutor.UnmountVolume started for volume \"kube-api-access-9zvzf\" (UniqueName: \"kubernetes.io/projected/786095b8-680d-4577-bd95-6ff582829fb0-kube-api-access-9zvzf\") pod \"786095b8-680d-4577-bd95-6ff582829fb0\" (UID: \"786095b8-680d-4577-bd95-6ff582829fb0\") "
2025-01-30 18:16:12,568 INFO c.h.h.t.HelmChartContainer - [K3S] [reconciler_common.go:162] "operationExecutor.UnmountVolume started for volume \"broker-configuration\" (UniqueName: \"kubernetes.io/configmap/786095b8-680d-4577-bd95-6ff582829fb0-broker-configuration\") pod \"786095b8-680d-4577-bd95-6ff582829fb0\" (UID: \"786095b8-680d-4577-bd95-6ff582829fb0\") "
2025-01-30 18:16:12,668 INFO c.h.h.t.HelmChartContainer - [K3S] [reconciler_common.go:299] "Volume detached for volume \"pod-info\" (UniqueName: \"kubernetes.io/configmap/786095b8-680d-4577-bd95-6ff582829fb0-pod-info\") on node \"7c00f4923724\" DevicePath \"\""
2025-01-30 18:16:12,668 INFO c.h.h.t.HelmChartContainer - [K3S] [reconciler_common.go:299] "Volume detached for volume \"extension-configuration-hivemq-bridge-extension\" (UniqueName: \"kubernetes.io/secret/786095b8-680d-4577-bd95-6ff582829fb0-extension-configuration-hivemq-bridge-extension\") on node \"7c00f4923724\" DevicePath \"\""
2025-01-30 18:16:12,668 INFO c.h.h.t.HelmChartContainer - [K3S] [reconciler_common.go:299] "Volume detached for volume \"operator-init\" (UniqueName: \"kubernetes.io/empty-dir/786095b8-680d-4577-bd95-6ff582829fb0-operator-init\") on node \"7c00f4923724\" DevicePath \"\""
2025-01-30 18:16:12,668 INFO c.h.h.t.HelmChartContainer - [K3S] [reconciler_common.go:299] "Volume detached for volume \"kube-api-access-9zvzf\" (UniqueName: \"kubernetes.io/projected/786095b8-680d-4577-bd95-6ff582829fb0-kube-api-access-9zvzf\") on node \"7c00f4923724\" DevicePath \"\""
2025-01-30 18:16:12,668 INFO c.h.h.t.HelmChartContainer - [K3S] [reconciler_common.go:299] "Volume detached for volume \"broker-configuration\" (UniqueName: \"kubernetes.io/configmap/786095b8-680d-4577-bd95-6ff582829fb0-broker-configuration\") on node \"7c00f4923724\" DevicePath \"\""
2025-01-30 18:16:12,727 INFO c.h.h.t.HelmChartContainer - [K3S] [scope.go:117] "RemoveContainer" containerID="b5483727d50f078ad4dbfe555da7e3f07a4be9ab02df5d8a8dbed14deef7c0f3"
2025-01-30 18:16:12,752 INFO c.h.h.t.HelmChartContainer - [POD] test-hivemq-platform-0 [786095b8-680d-4577-bd95-6ff582829fb0] in helmbridgeextensionit was MODIFIED
2025-01-30 18:16:12,756 INFO c.h.h.t.HelmChartContainer - [POD] test-hivemq-platform-0 [786095b8-680d-4577-bd95-6ff582829fb0] in helmbridgeextensionit was DELETED
2025-01-30 18:16:12,836 INFO c.h.h.t.HelmChartContainer - [K3S] [scope.go:117] "RemoveContainer" containerID="3e1022f0d2b24d7f15bd53263c4635ba58f76f15be70d948e70c8e51bfdcbedd"
2025-01-30 18:16:12,839 INFO c.h.h.t.HelmChartContainer - [K3S] [scope.go:117] "RemoveContainer" containerID="b5483727d50f078ad4dbfe555da7e3f07a4be9ab02df5d8a8dbed14deef7c0f3"
2025-01-30 18:16:12,839 INFO c.h.h.t.HelmChartContainer - [K3S] [scope.go:117] "RemoveContainer" containerID="3e1022f0d2b24d7f15bd53263c4635ba58f76f15be70d948e70c8e51bfdcbedd"
2025-01-30 18:16:14,378 INFO c.h.h.t.HelmChartContainer - [K3S] [kubelet_volumes.go:163] "Cleaned up orphaned pod volumes dir" podUID="786095b8-680d-4577-bd95-6ff582829fb0" path="/var/lib/kubelet/pods/786095b8-680d-4577-bd95-6ff582829fb0/volumes"
2025-01-30 18:16:17,664 INFO c.h.h.t.HelmChartContainer - Namespace 'helmbridgeextensionit' deleted
2025-01-30 18:16:17,664 INFO c.h.h.t.HelmChartContainer - Release 'test-hivemq-platform' in namespace 'helmbridgeextensionit' is uninstalled
2025-01-30 18:16:17,664 INFO c.h.h.t.HelmChartContainer - Uninstalling release 'test-hivemq-platform-operator' in namespace 'helmbridgeextensionit-operator'...
2025-01-30 18:16:17,665 DEBUG c.h.h.t.HelmChartContainer - Executing helm command: /bin/helm --kubeconfig /etc/rancher/k3s/k3s.yaml uninstall test-hivemq-platform-operator  --wait --timeout 5m0s --cascade foreground --namespace helmbridgeextensionit-operator
2025-01-30 18:16:17,840 INFO c.h.h.t.HelmChartContainer - [K3S] [replica_set.go:679] "Finished syncing" kind="ReplicaSet" key="helmbridgeextensionit-operator/hivemq-test-hivemq-platform-operator-6966f96d65" duration="9.975729ms"
2025-01-30 18:16:17,840 INFO c.h.h.t.HelmChartContainer - [K3S] [replica_set.go:679] "Finished syncing" kind="ReplicaSet" key="helmbridgeextensionit-operator/hivemq-test-hivemq-platform-operator-6966f96d65" duration="45.755µs"
2025-01-30 18:16:17,856 INFO c.h.h.t.HelmChartContainer - [POD] hivemq-test-hivemq-platform-operator-6966f96d65-4gjg9 [6d00e0a3-52c0-4697-8826-d135bb800528] in helmbridgeextensionit-operator was MODIFIED
2025-01-30 18:16:17,868 INFO c.h.h.t.HelmChartContainer - [EVENT] Normal [Killing] Stopping container hivemq-platform-operator [helmbridgeextensionit-operator:hivemq-test-hivemq-platform-operator-6966f96d65-4gjg9]
2025-01-30 18:16:17,868 INFO c.h.h.t.HelmChartContainer - Received Killing event for container hivemq-platform-operator in pod hivemq-test-hivemq-platform-operator-6966f96d65-4gjg9 [6d00e0a3-52c0-4697-8826-d135bb800528]
2025-01-30 18:16:17,868 INFO c.h.h.t.HelmChartContainer - Container [hivemq-test-hivemq-platform-operator-6966f96d65-4gjg9] [hivemq-platform-operator] [6d00e0a3-52c0-4697-8826-d135bb800528] was terminated
2025-01-30 18:16:17,868 INFO c.h.h.t.HelmChartContainer - Stopped log watcher for hivemq-platform-operator in pod hivemq-test-hivemq-platform-operator-6966f96d65-4gjg9 [6d00e0a3-52c0-4697-8826-d135bb800528]
2025-01-30 18:16:17,870 INFO c.h.h.t.HelmChartContainer - [K3S] [replica_set.go:679] "Finished syncing" kind="ReplicaSet" key="helmbridgeextensionit-operator/hivemq-test-hivemq-platform-operator-6966f96d65" duration="14.469049ms"
2025-01-30 18:16:17,870 INFO c.h.h.t.HelmChartContainer - [K3S] [replica_set.go:679] "Finished syncing" kind="ReplicaSet" key="helmbridgeextensionit-operator/hivemq-test-hivemq-platform-operator-6966f96d65" duration="45.815µs"
2025-01-30 18:16:17,899 INFO c.h.h.t.HelmChartContainer - [hivemq-test-hivemq-platform] [hivemq-platform-operator] [6d00e0a3] 18:16:17.897 [application-shutdown-thread] INFO  c.h.p.o.HiveMQPlatformOperatorApplication - HiveMQ Platform Operator is stopping...
2025-01-30 18:16:17,899 INFO c.h.h.t.HelmChartContainer - [hivemq-test-hivemq-platform] [hivemq-platform-operator] [6d00e0a3] 18:16:17.898 [application-shutdown-thread] INFO  i.javaoperatorsdk.operator.Operator - Operator SDK 4.9.7 is shutting down...
2025-01-30 18:16:18,505 INFO c.h.h.t.HelmChartContainer - [K3S] [replica_set.go:679] "Finished syncing" kind="ReplicaSet" key="helmbridgeextensionit-operator/hivemq-test-hivemq-platform-operator-6966f96d65" duration="43.45µs"
2025-01-30 18:16:18,506 INFO c.h.h.t.HelmChartContainer - [POD] hivemq-test-hivemq-platform-operator-6966f96d65-4gjg9 [6d00e0a3-52c0-4697-8826-d135bb800528] in helmbridgeextensionit-operator was MODIFIED
2025-01-30 18:16:18,596 INFO c.h.h.t.HelmChartContainer - [K3S] [reconciler_common.go:162] "operationExecutor.UnmountVolume started for volume \"kube-api-access-hrzzh\" (UniqueName: \"kubernetes.io/projected/6d00e0a3-52c0-4697-8826-d135bb800528-kube-api-access-hrzzh\") pod \"6d00e0a3-52c0-4697-8826-d135bb800528\" (UID: \"6d00e0a3-52c0-4697-8826-d135bb800528\") "
2025-01-30 18:16:18,696 INFO c.h.h.t.HelmChartContainer - [K3S] [reconciler_common.go:299] "Volume detached for volume \"kube-api-access-hrzzh\" (UniqueName: \"kubernetes.io/projected/6d00e0a3-52c0-4697-8826-d135bb800528-kube-api-access-hrzzh\") on node \"7c00f4923724\" DevicePath \"\""
2025-01-30 18:16:18,736 INFO c.h.h.t.HelmChartContainer - [K3S] [scope.go:117] "RemoveContainer" containerID="9940cb53df4661c7f4fc71cdf0666cf8a086e074a286455f48ba4a6ff0e9b45d"
2025-01-30 18:16:18,740 INFO c.h.h.t.HelmChartContainer - [K3S] [scope.go:117] "RemoveContainer" containerID="9940cb53df4661c7f4fc71cdf0666cf8a086e074a286455f48ba4a6ff0e9b45d"
2025-01-30 18:16:18,748 INFO c.h.h.t.HelmChartContainer - [K3S] [replica_set.go:679] "Finished syncing" kind="ReplicaSet" key="helmbridgeextensionit-operator/hivemq-test-hivemq-platform-operator-6966f96d65" duration="44.563µs"
2025-01-30 18:16:18,748 INFO c.h.h.t.HelmChartContainer - [POD] hivemq-test-hivemq-platform-operator-6966f96d65-4gjg9 [6d00e0a3-52c0-4697-8826-d135bb800528] in helmbridgeextensionit-operator was MODIFIED
2025-01-30 18:16:18,751 INFO c.h.h.t.HelmChartContainer - [POD] hivemq-test-hivemq-platform-operator-6966f96d65-4gjg9 [6d00e0a3-52c0-4697-8826-d135bb800528] in helmbridgeextensionit-operator was DELETED
2025-01-30 18:16:18,751 INFO c.h.h.t.HelmChartContainer - [K3S] [replica_set.go:679] "Finished syncing" kind="ReplicaSet" key="helmbridgeextensionit-operator/hivemq-test-hivemq-platform-operator-6966f96d65" duration="30.557µs"
2025-01-30 18:16:18,762 INFO c.h.h.t.HelmChartContainer - [K3S] [replica_set.go:679] "Finished syncing" kind="ReplicaSet" key="helmbridgeextensionit-operator/hivemq-test-hivemq-platform-operator-6966f96d65" duration="6.722µs"
2025-01-30 18:16:19,886 INFO c.h.h.t.HelmChartContainer - Deleting namespace 'helmbridgeextensionit-operator'...
2025-01-30 18:16:20,378 INFO c.h.h.t.HelmChartContainer - [K3S] [kubelet_volumes.go:163] "Cleaned up orphaned pod volumes dir" podUID="6d00e0a3-52c0-4697-8826-d135bb800528" path="/var/lib/kubelet/pods/6d00e0a3-52c0-4697-8826-d135bb800528/volumes"
2025-01-30 18:16:22,596 INFO c.h.h.t.HelmChartContainer - [K3S] [namespace_controller.go:187] "Namespace has been deleted" namespace="helmbridgeextensionit"
2025-01-30 18:16:25,106 INFO c.h.h.t.HelmChartContainer - Namespace 'helmbridgeextensionit-operator' deleted
2025-01-30 18:16:25,106 INFO c.h.h.t.HelmChartContainer - Release 'test-hivemq-platform-operator' in namespace 'helmbridgeextensionit-operator' is uninstalled
2025-01-30 18:16:25,830 INFO c.h.helmcharts.AbstractHelmChartIT - Removed unused containers:

2025-01-30 18:16:30,008 INFO c.h.h.t.HelmChartContainer - [K3S] [namespace_controller.go:187] "Namespace has been deleted" namespace="helmbridgeextensionit-operator"
2025-01-30 18:16:33,569 INFO c.h.helmcharts.AbstractHelmChartIT - Removed unused snapshots:
Removing snapshot sha256:03af251906410714c5aef9fa705b63f6bbc39c4a5e787de7361eeb18886c2ed2
Removing snapshot sha256:0c46b3b43cce082ce5ec34ffc6c294e0417d17b9d1e6f366d114b6aadc4f96dc
Removing snapshot sha256:0ce761beee59082d6ed5bcebd3a805b8ddd9b3426b617e4809e7fb7c6587ffec
Removing snapshot sha256:0df91287303208332c8ff6ba40ae4710105201739addbfbddfb955f1ad593664
Removing snapshot sha256:1021ef88c7974bfff89c5a0ec4fd3160daac6c48a075f74cff721f85dd104e68
Removing snapshot sha256:10aba4953ddc18145dd38e3704709bc464aa20af60b56fe52caaff4b68411e62
Removing snapshot sha256:2573e0d8158209ed54ab25c87bcdcb00bd3d2539246960a3d592a1c599d70465
Removing snapshot sha256:2c3cef778259a16f380014265ab2f318d287ceddbb7a74d993b110a54f97b9b1
Removing snapshot sha256:362a8a37f8bbc31925a8146adcf7cf51f9882f5c1dcbef67c5baa03a297543c0
Removing snapshot sha256:3fa4ad33f0ddc8fd45b39b6b4640f82a3a83619606cd975bfe89d8710ad2d4cd
Removing snapshot sha256:43a7c979bbaba6838bc3102d6b10a1459f3ab050b87ccdfef84ef90cf43d3058
Removing snapshot sha256:4ab04491cdf0d3267f08206fe30bd48f49f94b9cab2f016d6739220f722a64af
Removing snapshot sha256:4b6068250e89c96f263060261819c7d912855bfbd64b3eb4c4a8483299b8c295
Removing snapshot sha256:580e69a0a8034ede1921139bbd2bfb72a69ebf276d008281896c32dd8bf74775
Removing snapshot sha256:5d30ba46b27fe37484567ccc5242cadc78217b8da605f3f195ef25cbf7487904
Removing snapshot sha256:63ca1fbb43ae5034640e5e6cb3e083e05c290072c5366fcaa9d62435a4cced85
Removing snapshot sha256:67f702c6baae873bceb19487c8b1f27bd2b86077e4f2f0e480e6d60ab508b8f5
Removing snapshot sha256:6864348dd42806d552efdec384f1274be15e2d0c10ce44c1f04347af004c10a9
Removing snapshot sha256:6c7dee8f2c39b84b7dc2711c01d33de93514d9055499173e9290176fbe484b6c
Removing snapshot sha256:82753493a6d61ded36556292f02f31841a14c20d2f279f19eaad65afb661d5cd
Removing snapshot sha256:8a10d3db42c505ee0fcfa98417bdd7e39b304f6bcc0a06bb1b220797ff2cc63c
Removing snapshot sha256:a0904247e36a7726c03c71ee48f3e64462021c88dafeb13f37fdaf613b27f11c
Removing snapshot sha256:a21e5b12dbac529ad45d976eb9ce45c881f3bedcc500fb30aba1e52aa1813418
Removing snapshot sha256:b921e6c28969094157f9b8e7244677780319637afd14450b7cb6b2fdea558a0c
Removing snapshot sha256:bc27ecb5769a00e309cf99ebc763c4a4b958b618d1decc96ffac5bc05f02f5b7
Removing snapshot sha256:bd0a44c85bee781448400f414bff40926cb8cfeb476115915732080e9e6a2d77
Removing snapshot sha256:be3ccb6627a5332e309d45ef461d09b4879dd870c7394d89323d0ebc6ca6aa8a
Removing snapshot sha256:c261f7cbbc64211ee175ee47273acdb7b1a36a4450b397a064a8f2c026490095
Removing snapshot sha256:c34d9393647eea0c9e3557ab988efaf59f61d10a2a5613b439ef0958cca5ec10
Removing snapshot sha256:ccf3c4a0fa967a41c1c83497a2ce6fa5787965859df0adb32c4ca2cf7490bc2b
Removing snapshot sha256:cf92d33f869417309692088c341cd0f223c178ea78a125f757317b22aa8f90e9
Removing snapshot sha256:d0037344cf2fb078884f1849f6a1f8cf9a33a3b6139b6a85833e5ee528e1f9a8
Removing snapshot sha256:d3b36d5b79273b1e98e7700470eaeff05a882e777124d84cebcc1505b85ecb36
Removing snapshot sha256:d65a44a37914602d12c611e5e22a50f11451d847e63015cc1c2aef92dee777a4
Removing snapshot sha256:e2dc0bae2455930f23ae570e019b7f32edc75c0f2d71cab084db837ff9051796
Removing snapshot sha256:eccbd24a99c60cd9e86ee5305dbfc4a4dc89f5ab4fb1f06c8d64797cecedef34
Removing snapshot sha256:f144bb4c7c7f0d2aa7eeffd36d934ec40db1ee167be727e326aad9fdc616f475

]]></system-out>
  </testcase>
  <system-out><![CDATA[2025-01-30 18:12:01,450 INFO c.h.h.t.HelmChartContainerExtension - Using cached HelmChartContainer instance
2025-01-30 18:12:01,456 INFO c.h.h.t.HelmChartContainerExtension - Creating cached HelmChartContainer instance
2025-01-30 18:12:01,473 INFO o.testcontainers.DockerClientFactory - Testcontainers version: 1.20.4
2025-01-30 18:12:01,841 INFO o.t.d.DockerClientProviderStrategy - Found Docker environment with local Unix socket (unix:///var/run/docker.sock)
2025-01-30 18:12:01,848 INFO o.testcontainers.DockerClientFactory - Docker host IP address is localhost
2025-01-30 18:12:01,863 INFO o.testcontainers.DockerClientFactory - Connected to docker: 
  Server Version: 26.1.3
  API Version: 1.45
  Operating System: Ubuntu 24.04.1 LTS
  Total Memory: 15990 MB
2025-01-30 18:12:01,870 INFO o.testcontainers.images.PullPolicy - Image pull policy will be performed by: DefaultPullPolicy()
2025-01-30 18:12:01,872 INFO o.t.utility.ImageNameSubstitutor - Image name substitution will be performed by: DefaultImageNameSubstitutor (composite of 'ConfigurationFileImageNameSubstitutor' and 'PrefixingImageNameSubstitutor')
2025-01-30 18:12:01,897 INFO tc.testcontainers/ryuk:0.11.0 - Pulling docker image: testcontainers/ryuk:0.11.0. Please be patient; this may take some time but only needs to be done once.
2025-01-30 18:12:02,337 INFO tc.testcontainers/ryuk:0.11.0 - Starting to pull image
2025-01-30 18:12:02,352 INFO tc.testcontainers/ryuk:0.11.0 - Pulling image layers:  0 pending,  0 downloaded,  0 extracted, (0 bytes/0 bytes)
2025-01-30 18:12:02,626 INFO tc.testcontainers/ryuk:0.11.0 - Pulling image layers:  2 pending,  1 downloaded,  0 extracted, (116 KB/? MB)
2025-01-30 18:12:02,655 INFO tc.testcontainers/ryuk:0.11.0 - Pulling image layers:  1 pending,  2 downloaded,  0 extracted, (116 KB/? MB)
2025-01-30 18:12:02,726 INFO tc.testcontainers/ryuk:0.11.0 - Pulling image layers:  0 pending,  3 downloaded,  0 extracted, (3 MB/10 MB)
2025-01-30 18:12:02,823 INFO tc.testcontainers/ryuk:0.11.0 - Pulling image layers:  0 pending,  3 downloaded,  1 extracted, (3 MB/10 MB)
2025-01-30 18:12:02,974 INFO tc.testcontainers/ryuk:0.11.0 - Pulling image layers:  0 pending,  3 downloaded,  2 extracted, (4 MB/10 MB)
2025-01-30 18:12:03,019 INFO tc.testcontainers/ryuk:0.11.0 - Pulling image layers:  0 pending,  3 downloaded,  3 extracted, (10 MB/10 MB)
2025-01-30 18:12:03,025 INFO tc.testcontainers/ryuk:0.11.0 - Image testcontainers/ryuk:0.11.0 pull took PT1.12753734S
2025-01-30 18:12:03,044 INFO tc.testcontainers/ryuk:0.11.0 - Creating container for image: testcontainers/ryuk:0.11.0
2025-01-30 18:12:03,111 INFO tc.testcontainers/ryuk:0.11.0 - Container testcontainers/ryuk:0.11.0 is starting: 030b206fe084a6d5f1be2cd00177b890294d42929a92da3d4a82f69c2adb923d
2025-01-30 18:12:03,374 INFO tc.testcontainers/ryuk:0.11.0 - Container testcontainers/ryuk:0.11.0 started in PT0.329322058S
2025-01-30 18:12:03,378 INFO o.t.utility.RyukResourceReaper - Ryuk started - will monitor and terminate Testcontainers containers on JVM exit
2025-01-30 18:12:03,378 INFO o.testcontainers.DockerClientFactory - Checking the system...
2025-01-30 18:12:03,378 INFO o.testcontainers.DockerClientFactory - ✔︎ Docker server version should be at least 1.6.0
2025-01-30 18:12:03,457 INFO o.t.i.builder.ImageFromDockerfile - Pre-emptively checking local images for 'ubuntu:noble-20241118.1@sha256:80dd3c3b9c6cecb9f1667e9290b3bc61b78c2678c02cbdae5f0fea92cc6734ab', referenced via a Dockerfile. If not available, it will be pulled.
2025-01-30 18:12:03,460 INFO t.u.1@sha256:80dd3c... - Pulling docker image: ubuntu:noble-20241118.1@sha256:80dd3c3b9c6cecb9f1667e9290b3bc61b78c2678c02cbdae5f0fea92cc6734ab. Please be patient; this may take some time but only needs to be done once.
2025-01-30 18:12:03,729 INFO t.u.1@sha256:80dd3c... - Starting to pull image
2025-01-30 18:12:03,730 INFO t.u.1@sha256:80dd3c... - Pulling image layers:  0 pending,  0 downloaded,  0 extracted, (0 bytes/0 bytes)
2025-01-30 18:12:04,095 INFO t.u.1@sha256:80dd3c... - Pulling image layers:  0 pending,  1 downloaded,  0 extracted, (19 MB/28 MB)
2025-01-30 18:12:05,022 INFO t.u.1@sha256:80dd3c... - Pulling image layers:  0 pending,  1 downloaded,  1 extracted, (28 MB/28 MB)
2025-01-30 18:12:05,031 INFO t.u.1@sha256:80dd3c... - Pull complete. 1 layers, pulled in 1s (downloaded 28 MB at 28 MB/s)
2025-01-30 18:12:05,031 INFO t.u.1@sha256:80dd3c... - Image ubuntu:noble-20241118.1@sha256:80dd3c3b9c6cecb9f1667e9290b3bc61b78c2678c02cbdae5f0fea92cc6734ab pull took PT1.57085205S
2025-01-30 18:12:05,033 INFO o.t.i.builder.ImageFromDockerfile - Pre-emptively checking local images for 'rancher/k3s:v1.32.1-k3s1', referenced via a Dockerfile. If not available, it will be pulled.
2025-01-30 18:12:05,035 INFO tc.rancher/k3s:v1.32.1-k3s1 - Pulling docker image: rancher/k3s:v1.32.1-k3s1. Please be patient; this may take some time but only needs to be done once.
2025-01-30 18:12:05,421 INFO tc.rancher/k3s:v1.32.1-k3s1 - Starting to pull image
2025-01-30 18:12:05,422 INFO tc.rancher/k3s:v1.32.1-k3s1 - Pulling image layers:  0 pending,  0 downloaded,  0 extracted, (0 bytes/0 bytes)
2025-01-30 18:12:06,255 INFO tc.rancher/k3s:v1.32.1-k3s1 - Pulling image layers:  0 pending,  1 downloaded,  0 extracted, (65 MB/71 MB)
2025-01-30 18:12:07,303 INFO tc.rancher/k3s:v1.32.1-k3s1 - Pulling image layers:  0 pending,  1 downloaded,  1 extracted, (71 MB/71 MB)
2025-01-30 18:12:07,310 INFO tc.rancher/k3s:v1.32.1-k3s1 - Pull complete. 1 layers, pulled in 1s (downloaded 71 MB at 71 MB/s)
2025-01-30 18:12:07,310 INFO tc.rancher/k3s:v1.32.1-k3s1 - Image rancher/k3s:v1.32.1-k3s1 pull took PT2.274954866S
2025-01-30 18:12:07,315 INFO o.t.i.builder.ImageFromDockerfile - Transferred 0 bytes to Docker daemon
2025-01-30 18:12:22,019 INFO c.h.h.t.HelmChartContainer - Starting HelmChartContainer...
2025-01-30 18:12:22,022 INFO t.localhost/testcontainers/p31emahsfhu6vlnj:latest - Creating container for image: localhost/testcontainers/p31emahsfhu6vlnj:latest
2025-01-30 18:12:22,093 INFO tc.alpine:3.17 - Pulling docker image: alpine:3.17. Please be patient; this may take some time but only needs to be done once.
2025-01-30 18:12:22,482 INFO tc.alpine:3.17 - Starting to pull image
2025-01-30 18:12:22,483 INFO tc.alpine:3.17 - Pulling image layers:  0 pending,  0 downloaded,  0 extracted, (0 bytes/0 bytes)
2025-01-30 18:12:22,744 INFO tc.alpine:3.17 - Pulling image layers:  0 pending,  1 downloaded,  0 extracted, (33 KB/3 MB)
2025-01-30 18:12:22,837 INFO tc.alpine:3.17 - Pulling image layers:  0 pending,  1 downloaded,  1 extracted, (3 MB/3 MB)
2025-01-30 18:12:22,845 INFO tc.alpine:3.17 - Image alpine:3.17 pull took PT0.751388745S
2025-01-30 18:12:23,387 INFO t.localhost/testcontainers/p31emahsfhu6vlnj:latest - Container localhost/testcontainers/p31emahsfhu6vlnj:latest is starting: 7c00f49237249eb4e2da4306d2e0ada05fc5a5fe3b2c07132242b7fcd91b750b
2025-01-30 18:12:23,762 INFO c.h.h.t.HelmChartContainer - [K3S] [INFO] Starting k3s v1.32.1+k3s1 (6a322f12)
2025-01-30 18:12:23,765 INFO c.h.h.t.HelmChartContainer - [K3S] [INFO] Configuring sqlite3 database connection pooling: maxIdleConns=2, maxOpenConns=0, connMaxLifetime=0s
2025-01-30 18:12:23,765 INFO c.h.h.t.HelmChartContainer - [K3S] [INFO] Configuring database table schema and indexes, this may take a moment...
2025-01-30 18:12:23,768 INFO c.h.h.t.HelmChartContainer - [K3S] [INFO] Database tables and indexes are up to date
2025-01-30 18:12:23,772 INFO c.h.h.t.HelmChartContainer - [K3S] [INFO] Kine available at unix://kine.sock
2025-01-30 18:12:23,925 INFO c.h.h.t.HelmChartContainer - [K3S] [INFO] Saving cluster bootstrap data to datastore
2025-01-30 18:12:23,926 INFO c.h.h.t.HelmChartContainer - [K3S] [WARNING] dynamiclistener [::]:6443: no cached certificate available for preload - deferring certificate load until storage initialization or first client request
2025-01-30 18:12:23,926 INFO c.h.h.t.HelmChartContainer - [K3S] [INFO] Active TLS secret / (ver=) (count 10): map[listener.cattle.io/cn-10.43.0.1:10.43.0.1 listener.cattle.io/cn-127.0.0.1:127.0.0.1 listener.cattle.io/cn-172.18.0.2:172.18.0.2 listener.cattle.io/cn-7c00f4923724:7c00f4923724 listener.cattle.io/cn-__1-f16284:::1 listener.cattle.io/cn-kubernetes:kubernetes listener.cattle.io/cn-kubernetes.default:kubernetes.default listener.cattle.io/cn-kubernetes.default.svc:kubernetes.default.svc listener.cattle.io/cn-kubernetes.default.svc.cluster.local:kubernetes.default.svc.cluster.local listener.cattle.io/cn-localhost:localhost listener.cattle.io/fingerprint:SHA1=9BED8D38CACBDA264F4AAB08A2FA29F9FD02729A]
2025-01-30 18:12:24,100 INFO c.h.h.t.HelmChartContainer - [K3S] [INFO] Running kube-apiserver --advertise-port=6443 --allow-privileged=true --anonymous-auth=false --api-audiences=https://kubernetes.default.svc.cluster.local,k3s --authorization-mode=Node,RBAC --bind-address=127.0.0.1 --cert-dir=/var/lib/rancher/k3s/server/tls/temporary-certs --client-ca-file=/var/lib/rancher/k3s/server/tls/client-ca.crt --egress-selector-config-file=/var/lib/rancher/k3s/server/etc/egress-selector-config.yaml --enable-admission-plugins=NodeRestriction --enable-aggregator-routing=true --enable-bootstrap-token-auth=true --etcd-compaction-interval=0s --etcd-servers=unix://kine.sock --kubelet-certificate-authority=/var/lib/rancher/k3s/server/tls/server-ca.crt --kubelet-client-certificate=/var/lib/rancher/k3s/server/tls/client-kube-apiserver.crt --kubelet-client-key=/var/lib/rancher/k3s/server/tls/client-kube-apiserver.key --kubelet-preferred-address-types=InternalIP,ExternalIP,Hostname --profiling=false --proxy-client-cert-file=/var/lib/rancher/k3s/server/tls/client-auth-proxy.crt --proxy-client-key-file=/var/lib/rancher/k3s/server/tls/client-auth-proxy.key --requestheader-allowed-names=system:auth-proxy --requestheader-client-ca-file=/var/lib/rancher/k3s/server/tls/request-header-ca.crt --requestheader-extra-headers-prefix=X-Remote-Extra- --requestheader-group-headers=X-Remote-Group --requestheader-username-headers=X-Remote-User --secure-port=6444 --service-account-issuer=https://kubernetes.default.svc.cluster.local --service-account-key-file=/var/lib/rancher/k3s/server/tls/service.key --service-account-signing-key-file=/var/lib/rancher/k3s/server/tls/service.current.key --service-cluster-ip-range=10.43.0.0/16 --service-node-port-range=30000-32767 --storage-backend=etcd3 --tls-cert-file=/var/lib/rancher/k3s/server/tls/serving-kube-apiserver.crt --tls-cipher-suites=TLS_ECDHE_ECDSA_WITH_AES_256_GCM_SHA384,TLS_ECDHE_RSA_WITH_AES_256_GCM_SHA384,TLS_ECDHE_ECDSA_WITH_AES_128_GCM_SHA256,TLS_ECDHE_RSA_WITH_AES_128_GCM_SHA256,TLS_ECDHE_ECDSA_WITH_CHACHA20_POLY1305,TLS_ECDHE_RSA_WITH_CHACHA20_POLY1305 --tls-private-key-file=/var/lib/rancher/k3s/server/tls/serving-kube-apiserver.key
2025-01-30 18:12:24,101 INFO c.h.h.t.HelmChartContainer - [K3S] [INFO] Running kube-scheduler --authentication-kubeconfig=/var/lib/rancher/k3s/server/cred/scheduler.kubeconfig --authorization-kubeconfig=/var/lib/rancher/k3s/server/cred/scheduler.kubeconfig --bind-address=127.0.0.1 --kubeconfig=/var/lib/rancher/k3s/server/cred/scheduler.kubeconfig --leader-elect=false --profiling=false --secure-port=10259
2025-01-30 18:12:24,101 INFO c.h.h.t.HelmChartContainer - [K3S] [registry.go:256] calling componentGlobalsRegistry.AddFlags more than once, the registry will be set by the latest flags
2025-01-30 18:12:24,102 INFO c.h.h.t.HelmChartContainer - [K3S] [INFO] Running kube-controller-manager --allocate-node-cidrs=true --authentication-kubeconfig=/var/lib/rancher/k3s/server/cred/controller.kubeconfig --authorization-kubeconfig=/var/lib/rancher/k3s/server/cred/controller.kubeconfig --bind-address=127.0.0.1 --cluster-cidr=10.42.0.0/16 --cluster-signing-kube-apiserver-client-cert-file=/var/lib/rancher/k3s/server/tls/client-ca.nochain.crt --cluster-signing-kube-apiserver-client-key-file=/var/lib/rancher/k3s/server/tls/client-ca.key --cluster-signing-kubelet-client-cert-file=/var/lib/rancher/k3s/server/tls/client-ca.nochain.crt --cluster-signing-kubelet-client-key-file=/var/lib/rancher/k3s/server/tls/client-ca.key --cluster-signing-kubelet-serving-cert-file=/var/lib/rancher/k3s/server/tls/server-ca.nochain.crt --cluster-signing-kubelet-serving-key-file=/var/lib/rancher/k3s/server/tls/server-ca.key --cluster-signing-legacy-unknown-cert-file=/var/lib/rancher/k3s/server/tls/server-ca.nochain.crt --cluster-signing-legacy-unknown-key-file=/var/lib/rancher/k3s/server/tls/server-ca.key --configure-cloud-routes=false --controllers=*,tokencleaner,-service,-route,-cloud-node-lifecycle --kubeconfig=/var/lib/rancher/k3s/server/cred/controller.kubeconfig --leader-elect=false --profiling=false --root-ca-file=/var/lib/rancher/k3s/server/tls/server-ca.crt --secure-port=10257 --service-account-private-key-file=/var/lib/rancher/k3s/server/tls/service.current.key --service-cluster-ip-range=10.43.0.0/16 --use-service-account-credentials=true
2025-01-30 18:12:24,117 INFO c.h.h.t.HelmChartContainer - [K3S] [options.go:299] unable to set WatchListClient feature gate, err: cannot override default for feature "WatchListClient": gates already added to a flag set
2025-01-30 18:12:24,117 INFO c.h.h.t.HelmChartContainer - [K3S] [registry.go:256] calling componentGlobalsRegistry.AddFlags more than once, the registry will be set by the latest flags
2025-01-30 18:12:24,118 INFO c.h.h.t.HelmChartContainer - [K3S] [INFO] Waiting for API server to become available
2025-01-30 18:12:24,118 INFO c.h.h.t.HelmChartContainer - [K3S] [INFO] Running cloud-controller-manager --allocate-node-cidrs=true --authentication-kubeconfig=/var/lib/rancher/k3s/server/cred/cloud-controller.kubeconfig --authorization-kubeconfig=/var/lib/rancher/k3s/server/cred/cloud-controller.kubeconfig --bind-address=127.0.0.1 --cloud-config=/var/lib/rancher/k3s/server/etc/cloud-config.yaml --cloud-provider=k3s --cluster-cidr=10.42.0.0/16 --configure-cloud-routes=false --controllers=*,-route --kubeconfig=/var/lib/rancher/k3s/server/cred/cloud-controller.kubeconfig --leader-elect=false --leader-elect-resource-name=k3s-cloud-controller-manager --node-status-update-frequency=1m0s --profiling=false
2025-01-30 18:12:24,118 INFO c.h.h.t.HelmChartContainer - [K3S] [registry.go:256] calling componentGlobalsRegistry.AddFlags more than once, the registry will be set by the latest flags
2025-01-30 18:12:24,118 INFO c.h.h.t.HelmChartContainer - [K3S] [options.go:238] external host was not specified, using 172.18.0.2
2025-01-30 18:12:24,119 INFO c.h.h.t.HelmChartContainer - [K3S] [INFO] Server node token is available at /var/lib/rancher/k3s/server/token
2025-01-30 18:12:24,119 INFO c.h.h.t.HelmChartContainer - [K3S] [INFO] To join server node to cluster: k3s server -s https://172.18.0.2:6443 -t ${SERVER_NODE_TOKEN}
2025-01-30 18:12:24,119 INFO c.h.h.t.HelmChartContainer - [K3S] [INFO] Agent node token is available at /var/lib/rancher/k3s/server/agent-token
2025-01-30 18:12:24,119 INFO c.h.h.t.HelmChartContainer - [K3S] [INFO] To join agent node to cluster: k3s agent -s https://172.18.0.2:6443 -t ${AGENT_NODE_TOKEN}
2025-01-30 18:12:24,119 INFO c.h.h.t.HelmChartContainer - [K3S] [INFO] Wrote kubeconfig /etc/rancher/k3s/k3s.yaml
2025-01-30 18:12:24,120 INFO c.h.h.t.HelmChartContainer - [K3S] [INFO] Run: k3s kubectl
2025-01-30 18:12:24,120 INFO c.h.h.t.HelmChartContainer - [K3S] [server.go:151] Version: v1.32.1+k3s1
2025-01-30 18:12:24,120 INFO c.h.h.t.HelmChartContainer - [K3S] [server.go:153] "Golang settings" GOGC="" GOMAXPROCS="" GOTRACEBACK=""
2025-01-30 18:12:24,336 INFO c.h.h.t.HelmChartContainer - [K3S] [plugins.go:157] Loaded 13 mutating admission controller(s) successfully in the following order: NamespaceLifecycle,LimitRanger,ServiceAccount,NodeRestriction,TaintNodesByCondition,Priority,DefaultTolerationSeconds,DefaultStorageClass,StorageObjectInUseProtection,RuntimeClass,DefaultIngressClass,MutatingAdmissionPolicy,MutatingAdmissionWebhook.
2025-01-30 18:12:24,336 INFO c.h.h.t.HelmChartContainer - [K3S] [plugins.go:160] Loaded 13 validating admission controller(s) successfully in the following order: LimitRanger,ServiceAccount,PodSecurity,Priority,PersistentVolumeClaimResize,RuntimeClass,CertificateApproval,CertificateSigning,ClusterTrustBundleAttest,CertificateSubjectRestriction,ValidatingAdmissionPolicy,ValidatingAdmissionWebhook,ResourceQuota.
2025-01-30 18:12:24,337 INFO c.h.h.t.HelmChartContainer - [K3S] [instance.go:233] Using reconciler: lease
2025-01-30 18:12:24,392 INFO c.h.h.t.HelmChartContainer - [K3S] [apis.go:106] API group "internal.apiserver.k8s.io" is not enabled, skipping.
2025-01-30 18:12:24,455 INFO c.h.h.t.HelmChartContainer - [K3S] [apis.go:106] API group "storagemigration.k8s.io" is not enabled, skipping.
2025-01-30 18:12:24,480 INFO c.h.h.t.HelmChartContainer - [K3S] [apis.go:106] API group "resource.k8s.io" is not enabled, skipping.
2025-01-30 18:12:24,769 INFO c.h.h.t.HelmChartContainer - [K3S] [INFO] Password verified locally for node 7c00f4923724
2025-01-30 18:12:24,807 INFO c.h.h.t.HelmChartContainer - [K3S] [dynamic_cafile_content.go:161] "Starting controller" name="request-header::/var/lib/rancher/k3s/server/tls/request-header-ca.crt"
2025-01-30 18:12:24,808 INFO c.h.h.t.HelmChartContainer - [K3S] [dynamic_cafile_content.go:161] "Starting controller" name="client-ca-bundle::/var/lib/rancher/k3s/server/tls/client-ca.crt"
2025-01-30 18:12:24,808 INFO c.h.h.t.HelmChartContainer - [K3S] [dynamic_serving_content.go:135] "Starting controller" name="serving-cert::/var/lib/rancher/k3s/server/tls/serving-kube-apiserver.crt::/var/lib/rancher/k3s/server/tls/serving-kube-apiserver.key"
2025-01-30 18:12:24,809 INFO c.h.h.t.HelmChartContainer - [K3S] [secure_serving.go:213] Serving securely on 127.0.0.1:6444
2025-01-30 18:12:24,811 INFO c.h.h.t.HelmChartContainer - [K3S] [tlsconfig.go:243] "Starting DynamicServingCertificateController"
2025-01-30 18:12:24,811 INFO c.h.h.t.HelmChartContainer - [K3S] [customresource_discovery_controller.go:292] Starting DiscoveryController
2025-01-30 18:12:24,812 INFO c.h.h.t.HelmChartContainer - [K3S] [controller.go:80] Starting OpenAPI V3 AggregationController
2025-01-30 18:12:24,812 INFO c.h.h.t.HelmChartContainer - [K3S] [dynamic_serving_content.go:135] "Starting controller" name="aggregator-proxy-cert::/var/lib/rancher/k3s/server/tls/client-auth-proxy.crt::/var/lib/rancher/k3s/server/tls/client-auth-proxy.key"
2025-01-30 18:12:24,812 INFO c.h.h.t.HelmChartContainer - [K3S] [controller.go:78] Starting OpenAPI AggregationController
2025-01-30 18:12:24,812 INFO c.h.h.t.HelmChartContainer - [K3S] [system_namespaces_controller.go:66] Starting system namespaces controller
2025-01-30 18:12:24,812 INFO c.h.h.t.HelmChartContainer - [K3S] [remote_available_controller.go:411] Starting RemoteAvailability controller
2025-01-30 18:12:24,812 INFO c.h.h.t.HelmChartContainer - [K3S] [aggregator.go:169] waiting for initial CRD sync...
2025-01-30 18:12:24,812 INFO c.h.h.t.HelmChartContainer - [K3S] [controller.go:142] Starting OpenAPI controller
2025-01-30 18:12:24,812 INFO c.h.h.t.HelmChartContainer - [K3S] [controller.go:90] Starting OpenAPI V3 controller
2025-01-30 18:12:24,812 INFO c.h.h.t.HelmChartContainer - [K3S] [naming_controller.go:294] Starting NamingConditionController
2025-01-30 18:12:24,812 INFO c.h.h.t.HelmChartContainer - [K3S] [establishing_controller.go:81] Starting EstablishingController
2025-01-30 18:12:24,812 INFO c.h.h.t.HelmChartContainer - [K3S] [controller.go:119] Starting legacy_token_tracking_controller
2025-01-30 18:12:24,813 INFO c.h.h.t.HelmChartContainer - [K3S] [apiapproval_controller.go:189] Starting KubernetesAPIApprovalPolicyConformantConditionController
2025-01-30 18:12:24,813 INFO c.h.h.t.HelmChartContainer - [K3S] [apiservice_controller.go:100] Starting APIServiceRegistrationController
2025-01-30 18:12:24,813 INFO c.h.h.t.HelmChartContainer - [K3S] [crd_finalizer.go:269] Starting CRDFinalizer
2025-01-30 18:12:24,816 INFO c.h.h.t.HelmChartContainer - [K3S] [cluster_authentication_trust_controller.go:462] Starting cluster_authentication_trust_controller controller
2025-01-30 18:12:24,816 INFO c.h.h.t.HelmChartContainer - [K3S] [apf_controller.go:377] Starting API Priority and Fairness config controller
2025-01-30 18:12:24,816 INFO c.h.h.t.HelmChartContainer - [K3S] [crdregistration_controller.go:114] Starting crd-autoregister controller
2025-01-30 18:12:24,817 INFO c.h.h.t.HelmChartContainer - [K3S] [nonstructuralschema_controller.go:195] Starting NonStructuralSchemaConditionController
2025-01-30 18:12:24,817 INFO c.h.h.t.HelmChartContainer - [K3S] [gc_controller.go:78] Starting apiserver lease garbage collector
2025-01-30 18:12:24,817 INFO c.h.h.t.HelmChartContainer - [K3S] [local_available_controller.go:156] Starting LocalAvailability controller
2025-01-30 18:12:24,822 INFO c.h.h.t.HelmChartContainer - [K3S] [dynamic_cafile_content.go:161] "Starting controller" name="client-ca-bundle::/var/lib/rancher/k3s/server/tls/client-ca.crt"
2025-01-30 18:12:24,822 INFO c.h.h.t.HelmChartContainer - [K3S] [dynamic_cafile_content.go:161] "Starting controller" name="request-header::/var/lib/rancher/k3s/server/tls/request-header-ca.crt"
2025-01-30 18:12:24,841 INFO c.h.h.t.HelmChartContainer - [K3S] [policy_source.go:240] refreshing policies
2025-01-30 18:12:24,892 INFO c.h.h.t.HelmChartContainer - [K3S] [controller.go:145] "Failed to ensure lease exists, will retry" err="namespaces \"kube-system\" not found" interval="200ms"
2025-01-30 18:12:24,911 INFO c.h.h.t.HelmChartContainer - [K3S] [apf_controller.go:382] Running API Priority and Fairness config worker
2025-01-30 18:12:24,911 INFO c.h.h.t.HelmChartContainer - [K3S] [apf_controller.go:385] Running API Priority and Fairness periodic rebalancing process
2025-01-30 18:12:24,911 INFO c.h.h.t.HelmChartContainer - [K3S] [aggregator.go:171] initial CRD sync complete...
2025-01-30 18:12:24,911 INFO c.h.h.t.HelmChartContainer - [K3S] [autoregister_controller.go:144] Starting autoregister controller
2025-01-30 18:12:24,911 INFO c.h.h.t.HelmChartContainer - [K3S] [handler_discovery.go:451] Starting ResourceDiscoveryManager
2025-01-30 18:12:24,969 INFO c.h.h.t.HelmChartContainer - [K3S] [controller.go:95] Unable to perform initial Kubernetes service initialization: namespaces "default" not found
2025-01-30 18:12:25,270 INFO c.h.h.t.HelmChartContainer - [K3S] [WARNING] Host resolv.conf includes loopback or multicast nameservers - kubelet will use autogenerated resolv.conf with nameserver 8.8.8.8
2025-01-30 18:12:25,280 INFO c.h.h.t.HelmChartContainer - [K3S] [INFO] Module overlay was already loaded
2025-01-30 18:12:25,280 INFO c.h.h.t.HelmChartContainer - [K3S] [INFO] Module nf_conntrack was already loaded
2025-01-30 18:12:25,280 INFO c.h.h.t.HelmChartContainer - [K3S] [INFO] Module br_netfilter was already loaded
2025-01-30 18:12:25,285 INFO c.h.h.t.HelmChartContainer - [K3S] [INFO] Set sysctl 'net/netfilter/nf_conntrack_max' to 131072
2025-01-30 18:12:25,285 INFO c.h.h.t.HelmChartContainer - [K3S] [INFO] Set sysctl 'net/netfilter/nf_conntrack_tcp_timeout_established' to 86400
2025-01-30 18:12:25,286 INFO c.h.h.t.HelmChartContainer - [K3S] [INFO] Set sysctl 'net/netfilter/nf_conntrack_tcp_timeout_close_wait' to 3600
2025-01-30 18:12:25,288 INFO c.h.h.t.HelmChartContainer - [K3S] [INFO] Logging containerd to /var/lib/rancher/k3s/agent/containerd/containerd.log
2025-01-30 18:12:25,288 INFO c.h.h.t.HelmChartContainer - [K3S] [INFO] Running containerd -c /var/lib/rancher/k3s/agent/etc/containerd/config.toml -a /run/k3s/containerd/containerd.sock --state /run/k3s/containerd --root /var/lib/rancher/k3s/agent/containerd
2025-01-30 18:12:25,812 INFO c.h.h.t.HelmChartContainer - [K3S] [storage_scheduling.go:95] created PriorityClass system-node-critical with value 2000001000
2025-01-30 18:12:25,815 INFO c.h.h.t.HelmChartContainer - [K3S] [storage_scheduling.go:95] created PriorityClass system-cluster-critical with value 2000000000
2025-01-30 18:12:25,815 INFO c.h.h.t.HelmChartContainer - [K3S] [storage_scheduling.go:111] all system priority classes are created successfully or already exist.
2025-01-30 18:12:26,276 INFO c.h.h.t.HelmChartContainer - [K3S] [alloc.go:330] "allocated clusterIPs" service="default/kubernetes" clusterIPs={"IPv4":"10.43.0.1"}
2025-01-30 18:12:26,281 INFO c.h.h.t.HelmChartContainer - [K3S] [lease.go:265] Resetting endpoints for master service "kubernetes" to [172.18.0.2]
2025-01-30 18:12:26,292 INFO c.h.h.t.HelmChartContainer - [K3S] [INFO] containerd is now running
2025-01-30 18:12:26,296 INFO c.h.h.t.HelmChartContainer - [K3S] [INFO] Creating k3s-cert-monitor event broadcaster
2025-01-30 18:12:26,296 INFO c.h.h.t.HelmChartContainer - [K3S] [INFO] Connecting to proxy" url="wss://127.0.0.1:6443/v1-k3s/connect
2025-01-30 18:12:26,298 INFO c.h.h.t.HelmChartContainer - [K3S] [INFO] Running kubelet --cloud-provider=external --config-dir=/var/lib/rancher/k3s/agent/etc/kubelet.conf.d --containerd=/run/k3s/containerd/containerd.sock --hostname-override=7c00f4923724 --kubeconfig=/var/lib/rancher/k3s/agent/kubelet.kubeconfig --node-ip=172.18.0.2 --node-labels=
2025-01-30 18:12:26,299 INFO c.h.h.t.HelmChartContainer - [K3S] [INFO] Handling backend connection request [7c00f4923724]
2025-01-30 18:12:26,305 INFO c.h.h.t.HelmChartContainer - [K3S] [INFO] Remotedialer connected to proxy" url="wss://127.0.0.1:6443/v1-k3s/connect
2025-01-30 18:12:26,306 INFO c.h.h.t.HelmChartContainer - [K3S] Flag --containerd has been deprecated, This is a cadvisor flag that was mistakenly registered with the Kubelet. Due to legacy concerns, it will follow the standard CLI deprecation timeline before being removed.
2025-01-30 18:12:26,310 INFO c.h.h.t.HelmChartContainer - [K3S] [server.go:515] "Kubelet version" kubeletVersion="v1.32.1+k3s1"
2025-01-30 18:12:26,310 INFO c.h.h.t.HelmChartContainer - [K3S] [server.go:517] "Golang settings" GOGC="" GOMAXPROCS="" GOTRACEBACK=""
2025-01-30 18:12:26,312 INFO c.h.h.t.HelmChartContainer - [K3S] [dynamic_cafile_content.go:161] "Starting controller" name="client-ca-bundle::/var/lib/rancher/k3s/agent/client-ca.crt"
2025-01-30 18:12:26,314 INFO c.h.h.t.HelmChartContainer - [K3S] [log.go:32] "RuntimeConfig from runtime service failed" err="rpc error: code = Unimplemented desc = method RuntimeConfig not implemented"
2025-01-30 18:12:26,315 INFO c.h.h.t.HelmChartContainer - [K3S] [server.go:1416] "CRI implementation should be updated to support RuntimeConfig when KubeletCgroupDriverFromCRI feature gate has been enabled. Falling back to using cgroupDriver from kubelet config."
2025-01-30 18:12:26,321 INFO c.h.h.t.HelmChartContainer - [K3S] [info.go:53] Couldn't collect info from any of the files in "/etc/machine-id,/var/lib/dbus/machine-id"
2025-01-30 18:12:26,321 INFO c.h.h.t.HelmChartContainer - [K3S] [server.go:767] "--cgroups-per-qos enabled, but --cgroup-root was not specified.  defaulting to /"
2025-01-30 18:12:26,321 INFO c.h.h.t.HelmChartContainer - [K3S] [server.go:836] "NoSwap is set due to memorySwapBehavior not specified" memorySwapBehavior="" FailSwapOn=false
2025-01-30 18:12:26,321 INFO c.h.h.t.HelmChartContainer - [K3S] [swap_util.go:115] "Swap is on" /proc/swaps contents=<
2025-01-30 18:12:26,322 INFO c.h.h.t.HelmChartContainer - [K3S] 	Filename				Type		Size		Used		Priority
2025-01-30 18:12:26,322 INFO c.h.h.t.HelmChartContainer - [K3S] 	/mnt/swapfile                           file		4194300		0		-2
2025-01-30 18:12:26,322 INFO c.h.h.t.HelmChartContainer - [K3S]  >
2025-01-30 18:12:26,325 INFO c.h.h.t.HelmChartContainer - [K3S] [container_manager_linux.go:268] "Container manager verified user specified cgroup-root exists" cgroupRoot=[]
2025-01-30 18:12:26,325 INFO c.h.h.t.HelmChartContainer - [K3S] [container_manager_linux.go:273] "Creating Container Manager object based on Node Config" nodeConfig={"NodeName":"7c00f4923724","RuntimeCgroupsName":"","SystemCgroupsName":"","KubeletCgroupsName":"/k3s","KubeletOOMScoreAdj":-999,"ContainerRuntime":"","CgroupsPerQOS":true,"CgroupRoot":"/","CgroupDriver":"cgroupfs","KubeletRootDir":"/var/lib/kubelet","ProtectKernelDefaults":false,"KubeReservedCgroupName":"","SystemReservedCgroupName":"","ReservedSystemCPUs":{},"EnforceNodeAllocatable":{"pods":{}},"KubeReserved":null,"SystemReserved":null,"HardEvictionThresholds":[{"Signal":"imagefs.available","Operator":"LessThan","Value":{"Quantity":null,"Percentage":0.05},"GracePeriod":0,"MinReclaim":null},{"Signal":"nodefs.available","Operator":"LessThan","Value":{"Quantity":null,"Percentage":0.05},"GracePeriod":0,"MinReclaim":null}],"QOSReserved":{},"CPUManagerPolicy":"none","CPUManagerPolicyOptions":null,"TopologyManagerScope":"container","CPUManagerReconcilePeriod":10000000000,"ExperimentalMemoryManagerPolicy":"None","ExperimentalMemoryManagerReservedMemory":null,"PodPidsLimit":-1,"EnforceCPULimits":true,"CPUCFSQuotaPeriod":100000000,"TopologyManagerPolicy":"none","TopologyManagerPolicyOptions":null,"CgroupVersion":2}
2025-01-30 18:12:26,325 INFO c.h.h.t.HelmChartContainer - [K3S] [topology_manager.go:138] "Creating topology manager with none policy"
2025-01-30 18:12:26,326 INFO c.h.h.t.HelmChartContainer - [K3S] [container_manager_linux.go:304] "Creating device plugin manager"
2025-01-30 18:12:26,326 INFO c.h.h.t.HelmChartContainer - [K3S] [state_mem.go:36] "Initialized new in-memory state store"
2025-01-30 18:12:26,326 INFO c.h.h.t.HelmChartContainer - [K3S] [kubelet.go:446] "Attempting to sync node with API server"
2025-01-30 18:12:26,328 INFO c.h.h.t.HelmChartContainer - [K3S] [kubelet.go:341] "Adding static pod path" path="/var/lib/rancher/k3s/agent/pod-manifests"
2025-01-30 18:12:26,331 INFO c.h.h.t.HelmChartContainer - [K3S] [kubelet.go:352] "Adding apiserver pod source"
2025-01-30 18:12:26,332 INFO c.h.h.t.HelmChartContainer - [K3S] [apiserver.go:42] "Waiting for node sync before watching apiserver pods"
2025-01-30 18:12:26,332 INFO c.h.h.t.HelmChartContainer - [K3S] [kuberuntime_manager.go:269] "Container runtime initialized" containerRuntime="containerd" version="v1.7.23-k3s2" apiVersion="v1"
2025-01-30 18:12:26,332 INFO c.h.h.t.HelmChartContainer - [K3S] [kubelet.go:890] "Not starting ClusterTrustBundle informer because we are in static kubelet mode"
2025-01-30 18:12:26,332 INFO c.h.h.t.HelmChartContainer - [K3S] [probe.go:272] Flexvolume plugin directory at /usr/libexec/kubernetes/kubelet-plugins/volume/exec/ does not exist. Recreating.
2025-01-30 18:12:26,332 INFO c.h.h.t.HelmChartContainer - [K3S] [watchdog_linux.go:99] "Systemd watchdog is not enabled"
2025-01-30 18:12:26,332 INFO c.h.h.t.HelmChartContainer - [K3S] [server.go:1282] "Started kubelet"
2025-01-30 18:12:26,333 INFO c.h.h.t.HelmChartContainer - [K3S] [ratelimit.go:55] "Setting rate limiting for endpoint" service="podresources" qps=100 burstTokens=10
2025-01-30 18:12:26,333 INFO c.h.h.t.HelmChartContainer - [K3S] [server.go:243] "Starting to serve the podresources API" endpoint="unix:/var/lib/kubelet/pod-resources/kubelet.sock"
2025-01-30 18:12:26,333 INFO c.h.h.t.HelmChartContainer - [K3S] [server.go:169] "Starting to listen" address="0.0.0.0" port=10250
2025-01-30 18:12:26,334 INFO c.h.h.t.HelmChartContainer - [K3S] [server.go:490] "Adding debug handlers to kubelet server"
2025-01-30 18:12:26,335 INFO c.h.h.t.HelmChartContainer - [K3S] [fs_resource_analyzer.go:67] "Starting FS ResourceAnalyzer"
2025-01-30 18:12:26,337 INFO c.h.h.t.HelmChartContainer - [K3S] [server.go:208] "Starting to listen read-only" address="0.0.0.0" port=10255
2025-01-30 18:12:26,338 INFO c.h.h.t.HelmChartContainer - [K3S] [dynamic_serving_content.go:135] "Starting controller" name="kubelet-server-cert-files::/var/lib/rancher/k3s/agent/serving-kubelet.crt::/var/lib/rancher/k3s/agent/serving-kubelet.key"
2025-01-30 18:12:26,343 INFO c.h.h.t.HelmChartContainer - [K3S] [volume_manager.go:297] "Starting Kubelet Volume Manager"
2025-01-30 18:12:26,343 INFO c.h.h.t.HelmChartContainer - [K3S] [kubelet_node_status.go:467] "Error getting the current node from lister" err="node \"7c00f4923724\" not found"
2025-01-30 18:12:26,343 INFO c.h.h.t.HelmChartContainer - [K3S] [desired_state_of_world_populator.go:149] "Desired state populator starts to run"
2025-01-30 18:12:26,343 INFO c.h.h.t.HelmChartContainer - [K3S] [reconciler.go:26] "Reconciler: start to sync state"
2025-01-30 18:12:26,345 INFO c.h.h.t.HelmChartContainer - [K3S] [factory.go:221] Registration of the systemd container factory successfully
2025-01-30 18:12:26,345 INFO c.h.h.t.HelmChartContainer - [K3S] [factory.go:219] Registration of the crio container factory failed: Get "http://%2Fvar%2Frun%2Fcrio%2Fcrio.sock/info": dial unix /var/run/crio/crio.sock: connect: no such file or directory
2025-01-30 18:12:26,357 INFO c.h.h.t.HelmChartContainer - [K3S] [kubelet.go:1561] "Image garbage collection failed once. Stats initialization may not have completed yet" err="invalid capacity 0 on image filesystem"
2025-01-30 18:12:26,358 INFO c.h.h.t.HelmChartContainer - [K3S] [factory.go:221] Registration of the containerd container factory successfully
2025-01-30 18:12:26,373 INFO c.h.h.t.HelmChartContainer - [K3S] [kubelet_network_linux.go:50] "Initialized iptables rules." protocol="IPv4"
2025-01-30 18:12:26,375 INFO c.h.h.t.HelmChartContainer - [K3S] [kubelet_network_linux.go:50] "Initialized iptables rules." protocol="IPv6"
2025-01-30 18:12:26,376 INFO c.h.h.t.HelmChartContainer - [K3S] [status_manager.go:227] "Starting to sync pod status with apiserver"
2025-01-30 18:12:26,377 INFO c.h.h.t.HelmChartContainer - [K3S] [watchdog_linux.go:127] "Systemd watchdog is not enabled or the interval is invalid, so health checking will not be started."
2025-01-30 18:12:26,377 INFO c.h.h.t.HelmChartContainer - [K3S] [kubelet.go:2388] "Starting kubelet main sync loop"
2025-01-30 18:12:26,377 INFO c.h.h.t.HelmChartContainer - [K3S] [kubelet.go:2412] "Skipping pod synchronization" err="[container runtime status check may not have completed yet, PLEG is not healthy: pleg has yet to be successful]"
2025-01-30 18:12:26,381 INFO c.h.h.t.HelmChartContainer - [K3S] [nodelease.go:49] "Failed to get node when trying to set owner ref to the node lease" err="nodes \"7c00f4923724\" not found" node="7c00f4923724"
2025-01-30 18:12:26,403 INFO c.h.h.t.HelmChartContainer - [K3S] [cpu_manager.go:221] "Starting CPU manager" policy="none"
2025-01-30 18:12:26,404 INFO c.h.h.t.HelmChartContainer - [K3S] [cpu_manager.go:222] "Reconciling" reconcilePeriod="10s"
2025-01-30 18:12:26,404 INFO c.h.h.t.HelmChartContainer - [K3S] [state_mem.go:36] "Initialized new in-memory state store"
2025-01-30 18:12:26,404 INFO c.h.h.t.HelmChartContainer - [K3S] [policy_none.go:49] "None policy: Start"
2025-01-30 18:12:26,404 INFO c.h.h.t.HelmChartContainer - [K3S] [memory_manager.go:186] "Starting memorymanager" policy="None"
2025-01-30 18:12:26,404 INFO c.h.h.t.HelmChartContainer - [K3S] [state_mem.go:35] "Initializing new in-memory state store"
2025-01-30 18:12:26,408 INFO c.h.h.t.HelmChartContainer - [K3S] [manager.go:519] "Failed to read data from checkpoint" checkpoint="kubelet_internal_checkpoint" err="checkpoint is not found"
2025-01-30 18:12:26,409 INFO c.h.h.t.HelmChartContainer - [K3S] [eviction_manager.go:189] "Eviction manager: starting control loop"
2025-01-30 18:12:26,409 INFO c.h.h.t.HelmChartContainer - [K3S] [container_log_manager.go:189] "Initializing container log rotate workers" workers=1 monitorPeriod="10s"
2025-01-30 18:12:26,413 INFO c.h.h.t.HelmChartContainer - [K3S] [plugin_manager.go:118] "Starting Kubelet Plugin Manager"
2025-01-30 18:12:26,414 INFO c.h.h.t.HelmChartContainer - [K3S] [eviction_manager.go:267] "eviction manager: failed to check if we have separate container filesystem. Ignoring." err="no imagefs label for configured runtime"
2025-01-30 18:12:26,415 INFO c.h.h.t.HelmChartContainer - [K3S] [eviction_manager.go:292] "Eviction manager: failed to get summary stats" err="failed to get node info: node \"7c00f4923724\" not found"
2025-01-30 18:12:26,447 INFO c.h.h.t.HelmChartContainer - [K3S] [ERROR] Sending HTTP/1.1 503 response to 127.0.0.1:38960: runtime core not ready
2025-01-30 18:12:26,511 INFO c.h.h.t.HelmChartContainer - [K3S] [kubelet_node_status.go:76] "Attempting to register node" node="7c00f4923724"
2025-01-30 18:12:26,522 INFO c.h.h.t.HelmChartContainer - [K3S] [kubelet_node_status.go:79] "Successfully registered node" node="7c00f4923724"
2025-01-30 18:12:26,524 INFO c.h.h.t.HelmChartContainer - [K3S] [INFO] Annotations and labels have been set successfully on node: 7c00f4923724
2025-01-30 18:12:26,524 INFO c.h.h.t.HelmChartContainer - [K3S] [INFO] Starting flannel with backend vxlan
2025-01-30 18:12:26,567 INFO c.h.h.t.HelmChartContainer - [K3S] [INFO] Running kube-proxy --cluster-cidr=10.42.0.0/16 --conntrack-max-per-core=0 --conntrack-tcp-timeout-close-wait=0s --conntrack-tcp-timeout-established=0s --healthz-bind-address=127.0.0.1 --hostname-override=7c00f4923724 --kubeconfig=/var/lib/rancher/k3s/agent/kubeproxy.kubeconfig --proxy-mode=iptables
2025-01-30 18:12:26,613 INFO c.h.h.t.HelmChartContainer - [K3S] [server.go:698] "Successfully retrieved node IP(s)" IPs=["172.18.0.2"]
2025-01-30 18:12:26,613 INFO c.h.h.t.HelmChartContainer - [K3S] [server.go:234] "Kube-proxy configuration may be incomplete or incorrect" err="nodePortAddresses is unset; NodePort connections will be accepted on all local IPs. Consider using `--nodeport-addresses primary`"
2025-01-30 18:12:26,616 INFO c.h.h.t.HelmChartContainer - [K3S] [server.go:243] "kube-proxy running in dual-stack mode" primary ipFamily="IPv4"
2025-01-30 18:12:26,616 INFO c.h.h.t.HelmChartContainer - [K3S] [server_linux.go:170] "Using iptables Proxier"
2025-01-30 18:12:26,617 INFO c.h.h.t.HelmChartContainer - [K3S] [proxier.go:255] "Setting route_localnet=1 to allow node-ports on localhost; to change this either disable iptables.localhostNodePorts (--iptables-localhost-nodeports) or set nodePortAddresses (--nodeport-addresses) to filter loopback addresses"
2025-01-30 18:12:26,622 INFO c.h.h.t.HelmChartContainer - [K3S] [server.go:497] "Version info" version="v1.32.1+k3s1"
2025-01-30 18:12:26,622 INFO c.h.h.t.HelmChartContainer - [K3S] [server.go:499] "Golang settings" GOGC="" GOMAXPROCS="" GOTRACEBACK=""
2025-01-30 18:12:26,625 INFO c.h.h.t.HelmChartContainer - [K3S] [config.go:199] "Starting service config controller"
2025-01-30 18:12:26,626 INFO c.h.h.t.HelmChartContainer - [K3S] [config.go:105] "Starting endpoint slice config controller"
2025-01-30 18:12:26,627 INFO c.h.h.t.HelmChartContainer - [K3S] [config.go:329] "Starting node config controller"
2025-01-30 18:12:26,829 INFO c.h.h.t.HelmChartContainer - [K3S] [kubelet_node_status.go:502] "Fast updating node status as it just became ready"
2025-01-30 18:12:27,106 INFO c.h.h.t.HelmChartContainer - [K3S] [INFO] Waiting for untainted node
2025-01-30 18:12:27,109 INFO c.h.h.t.HelmChartContainer - [K3S] [INFO] Waiting for cloud-controller-manager privileges to become available
2025-01-30 18:12:27,109 INFO c.h.h.t.HelmChartContainer - [K3S] [INFO] Kube API server is now running
2025-01-30 18:12:27,109 INFO c.h.h.t.HelmChartContainer - [K3S] [INFO] ETCD server is now running
2025-01-30 18:12:27,110 INFO c.h.h.t.HelmChartContainer - [K3S] [INFO] k3s is up and running
2025-01-30 18:12:27,110 INFO c.h.h.t.HelmChartContainer - [K3S] [INFO] Creating k3s-supervisor event broadcaster
2025-01-30 18:12:27,116 INFO c.h.h.t.HelmChartContainer - [K3S] [INFO] Applying CRD addons.k3s.cattle.io
2025-01-30 18:12:27,130 INFO c.h.h.t.HelmChartContainer - [K3S] [INFO] Applying CRD etcdsnapshotfiles.k3s.cattle.io
2025-01-30 18:12:27,138 INFO c.h.h.t.HelmChartContainer - [K3S] [INFO] Applying CRD helmcharts.helm.cattle.io
2025-01-30 18:12:27,157 INFO c.h.h.t.HelmChartContainer - [K3S] [INFO] Applying CRD helmchartconfigs.helm.cattle.io
2025-01-30 18:12:27,171 INFO c.h.h.t.HelmChartContainer - [K3S] [INFO] Waiting for CRD helmchartconfigs.helm.cattle.io to become available
2025-01-30 18:12:27,249 INFO c.h.h.t.HelmChartContainer - [K3S] [serving.go:392] Generated self-signed cert in-memory
2025-01-30 18:12:27,323 INFO c.h.h.t.HelmChartContainer - [K3S] [apiserver.go:52] "Watching apiserver"
2025-01-30 18:12:27,342 INFO c.h.h.t.HelmChartContainer - [K3S] [desired_state_of_world_populator.go:157] "Finished populating initial desired state of world"
2025-01-30 18:12:27,424 INFO c.h.h.t.HelmChartContainer - [K3S] [controllermanager.go:185] "Starting" version="v1.32.1+k3s1"
2025-01-30 18:12:27,425 INFO c.h.h.t.HelmChartContainer - [K3S] [controllermanager.go:187] "Golang settings" GOGC="" GOMAXPROCS="" GOTRACEBACK=""
2025-01-30 18:12:27,431 INFO c.h.h.t.HelmChartContainer - [K3S] [requestheader_controller.go:180] Starting RequestHeaderAuthRequestController
2025-01-30 18:12:27,431 INFO c.h.h.t.HelmChartContainer - [K3S] [configmap_cafile_content.go:205] "Starting controller" name="client-ca::kube-system::extension-apiserver-authentication::client-ca-file"
2025-01-30 18:12:27,431 INFO c.h.h.t.HelmChartContainer - [K3S] [configmap_cafile_content.go:205] "Starting controller" name="client-ca::kube-system::extension-apiserver-authentication::requestheader-client-ca-file"
2025-01-30 18:12:27,431 INFO c.h.h.t.HelmChartContainer - [K3S] [secure_serving.go:213] Serving securely on 127.0.0.1:10257
2025-01-30 18:12:27,431 INFO c.h.h.t.HelmChartContainer - [K3S] [tlsconfig.go:243] "Starting DynamicServingCertificateController"
2025-01-30 18:12:27,434 INFO c.h.h.t.HelmChartContainer - [K3S] [controllermanager.go:765] "Started controller" controller="serviceaccount-token-controller"
2025-01-30 18:12:27,442 INFO c.h.h.t.HelmChartContainer - [K3S] [controllermanager.go:765] "Started controller" controller="deployment-controller"
2025-01-30 18:12:27,442 INFO c.h.h.t.HelmChartContainer - [K3S] [deployment_controller.go:173] "Starting controller" controller="deployment"
2025-01-30 18:12:27,449 INFO c.h.h.t.HelmChartContainer - [K3S] [certificate_controller.go:120] "Starting certificate controller" name="csrsigning-kubelet-serving"
2025-01-30 18:12:27,449 INFO c.h.h.t.HelmChartContainer - [K3S] [dynamic_serving_content.go:135] "Starting controller" name="csr-controller::/var/lib/rancher/k3s/server/tls/server-ca.nochain.crt::/var/lib/rancher/k3s/server/tls/server-ca.key"
2025-01-30 18:12:27,449 INFO c.h.h.t.HelmChartContainer - [K3S] [certificate_controller.go:120] "Starting certificate controller" name="csrsigning-kubelet-client"
2025-01-30 18:12:27,449 INFO c.h.h.t.HelmChartContainer - [K3S] [dynamic_serving_content.go:135] "Starting controller" name="csr-controller::/var/lib/rancher/k3s/server/tls/client-ca.nochain.crt::/var/lib/rancher/k3s/server/tls/client-ca.key"
2025-01-30 18:12:27,449 INFO c.h.h.t.HelmChartContainer - [K3S] [controllermanager.go:765] "Started controller" controller="certificatesigningrequest-signing-controller"
2025-01-30 18:12:27,449 INFO c.h.h.t.HelmChartContainer - [K3S] [certificate_controller.go:120] "Starting certificate controller" name="csrsigning-kube-apiserver-client"
2025-01-30 18:12:27,449 INFO c.h.h.t.HelmChartContainer - [K3S] [certificate_controller.go:120] "Starting certificate controller" name="csrsigning-legacy-unknown"
2025-01-30 18:12:27,450 INFO c.h.h.t.HelmChartContainer - [K3S] [dynamic_serving_content.go:135] "Starting controller" name="csr-controller::/var/lib/rancher/k3s/server/tls/client-ca.nochain.crt::/var/lib/rancher/k3s/server/tls/client-ca.key"
2025-01-30 18:12:27,450 INFO c.h.h.t.HelmChartContainer - [K3S] [dynamic_serving_content.go:135] "Starting controller" name="csr-controller::/var/lib/rancher/k3s/server/tls/server-ca.nochain.crt::/var/lib/rancher/k3s/server/tls/server-ca.key"
2025-01-30 18:12:27,450 INFO c.h.h.t.HelmChartContainer - [K3S] [controllermanager.go:717] "Controller is disabled by a feature gate" controller="kube-apiserver-serving-clustertrustbundle-publisher-controller" requiredFeatureGates=["ClusterTrustBundle"]
2025-01-30 18:12:27,450 INFO c.h.h.t.HelmChartContainer - [K3S] [controllermanager.go:717] "Controller is disabled by a feature gate" controller="service-cidr-controller" requiredFeatureGates=["MultiCIDRServiceAllocator"]
2025-01-30 18:12:27,450 INFO c.h.h.t.HelmChartContainer - [K3S] [controllermanager.go:717] "Controller is disabled by a feature gate" controller="selinux-warning-controller" requiredFeatureGates=["SELinuxChangePolicy"]
2025-01-30 18:12:27,468 INFO c.h.h.t.HelmChartContainer - [K3S] [controllermanager.go:765] "Started controller" controller="resourcequota-controller"
2025-01-30 18:12:27,469 INFO c.h.h.t.HelmChartContainer - [K3S] [resource_quota_controller.go:300] "Starting resource quota controller"
2025-01-30 18:12:27,474 INFO c.h.h.t.HelmChartContainer - [K3S] [controllermanager.go:765] "Started controller" controller="endpointslice-controller"
2025-01-30 18:12:27,476 INFO c.h.h.t.HelmChartContainer - [K3S] [endpointslice_controller.go:281] "Starting endpoint slice controller"
2025-01-30 18:12:27,480 INFO c.h.h.t.HelmChartContainer - [K3S] [controllermanager.go:765] "Started controller" controller="job-controller"
2025-01-30 18:12:27,481 INFO c.h.h.t.HelmChartContainer - [K3S] [job_controller.go:243] "Starting job controller"
2025-01-30 18:12:27,486 INFO c.h.h.t.HelmChartContainer - [K3S] [controllermanager.go:765] "Started controller" controller="ttl-controller"
2025-01-30 18:12:27,486 INFO c.h.h.t.HelmChartContainer - [K3S] [ttl_controller.go:127] "Starting TTL controller"
2025-01-30 18:12:27,497 INFO c.h.h.t.HelmChartContainer - [K3S] [range_allocator.go:112] "No Secondary Service CIDR provided. Skipping filtering out secondary service addresses"
2025-01-30 18:12:27,498 INFO c.h.h.t.HelmChartContainer - [K3S] [controllermanager.go:765] "Started controller" controller="node-ipam-controller"
2025-01-30 18:12:27,498 INFO c.h.h.t.HelmChartContainer - [K3S] [node_ipam_controller.go:141] "Starting ipam controller"
2025-01-30 18:12:27,500 INFO c.h.h.t.HelmChartContainer - [K3S] [node_lifecycle_controller.go:432] "Controller will reconcile labels"
2025-01-30 18:12:27,500 INFO c.h.h.t.HelmChartContainer - [K3S] [controllermanager.go:765] "Started controller" controller="node-lifecycle-controller"
2025-01-30 18:12:27,500 INFO c.h.h.t.HelmChartContainer - [K3S] [controllermanager.go:717] "Controller is disabled by a feature gate" controller="storageversion-garbage-collector-controller" requiredFeatureGates=["APIServerIdentity","StorageVersionAPI"]
2025-01-30 18:12:27,500 INFO c.h.h.t.HelmChartContainer - [K3S] [controllermanager.go:743] "Warning: skipping controller" controller="storage-version-migrator-controller"
2025-01-30 18:12:27,500 INFO c.h.h.t.HelmChartContainer - [K3S] [node_lifecycle_controller.go:466] "Sending events to api server"
2025-01-30 18:12:27,500 INFO c.h.h.t.HelmChartContainer - [K3S] [node_lifecycle_controller.go:477] "Starting node controller"
2025-01-30 18:12:27,507 INFO c.h.h.t.HelmChartContainer - [K3S] [controllermanager.go:765] "Started controller" controller="endpoints-controller"
2025-01-30 18:12:27,507 INFO c.h.h.t.HelmChartContainer - [K3S] [endpoints_controller.go:182] "Starting endpoint controller"
2025-01-30 18:12:27,588 INFO c.h.h.t.HelmChartContainer - [K3S] [controllermanager.go:765] "Started controller" controller="persistentvolume-protection-controller"
2025-01-30 18:12:27,588 INFO c.h.h.t.HelmChartContainer - [K3S] [pv_protection_controller.go:81] "Starting PV protection controller"
2025-01-30 18:12:27,675 INFO c.h.h.t.HelmChartContainer - [K3S] [INFO] Done waiting for CRD helmchartconfigs.helm.cattle.io to become available
2025-01-30 18:12:27,675 INFO c.h.h.t.HelmChartContainer - [K3S] [INFO] Waiting for CRD helmcharts.helm.cattle.io to become available
2025-01-30 18:12:27,737 INFO c.h.h.t.HelmChartContainer - [K3S] [controllermanager.go:765] "Started controller" controller="cronjob-controller"
2025-01-30 18:12:27,737 INFO c.h.h.t.HelmChartContainer - [K3S] [cronjob_controllerv2.go:145] "Starting cronjob controller v2"
2025-01-30 18:12:27,990 INFO c.h.h.t.HelmChartContainer - [K3S] [controllermanager.go:765] "Started controller" controller="namespace-controller"
2025-01-30 18:12:27,990 INFO c.h.h.t.HelmChartContainer - [K3S] [namespace_controller.go:202] "Starting namespace controller"
2025-01-30 18:12:28,137 INFO c.h.h.t.HelmChartContainer - [K3S] [controllermanager.go:765] "Started controller" controller="daemonset-controller"
2025-01-30 18:12:28,137 INFO c.h.h.t.HelmChartContainer - [K3S] [daemon_controller.go:294] "Starting daemon sets controller"
2025-01-30 18:12:28,178 INFO c.h.h.t.HelmChartContainer - [K3S] [INFO] Done waiting for CRD helmcharts.helm.cattle.io to become available
2025-01-30 18:12:28,179 INFO c.h.h.t.HelmChartContainer - [K3S] [INFO] Writing static file: /var/lib/rancher/k3s/server/static/charts/traefik-27.0.201+up27.0.2.tgz
2025-01-30 18:12:28,180 INFO c.h.h.t.HelmChartContainer - [K3S] [INFO] Writing static file: /var/lib/rancher/k3s/server/static/charts/traefik-crd-27.0.201+up27.0.2.tgz
2025-01-30 18:12:28,180 INFO c.h.h.t.HelmChartContainer - [K3S] [INFO] Writing manifest: /var/lib/rancher/k3s/server/manifests/metrics-server/metrics-apiservice.yaml
2025-01-30 18:12:28,180 INFO c.h.h.t.HelmChartContainer - [K3S] [INFO] Writing manifest: /var/lib/rancher/k3s/server/manifests/metrics-server/metrics-server-service.yaml
2025-01-30 18:12:28,180 INFO c.h.h.t.HelmChartContainer - [K3S] [INFO] Writing manifest: /var/lib/rancher/k3s/server/manifests/metrics-server/resource-reader.yaml
2025-01-30 18:12:28,180 INFO c.h.h.t.HelmChartContainer - [K3S] [INFO] Writing manifest: /var/lib/rancher/k3s/server/manifests/metrics-server/metrics-server-deployment.yaml
2025-01-30 18:12:28,181 INFO c.h.h.t.HelmChartContainer - [K3S] [INFO] Writing manifest: /var/lib/rancher/k3s/server/manifests/rolebindings.yaml
2025-01-30 18:12:28,181 INFO c.h.h.t.HelmChartContainer - [K3S] [INFO] Writing manifest: /var/lib/rancher/k3s/server/manifests/ccm.yaml
2025-01-30 18:12:28,181 INFO c.h.h.t.HelmChartContainer - [K3S] [INFO] Writing manifest: /var/lib/rancher/k3s/server/manifests/coredns.yaml
2025-01-30 18:12:28,181 INFO c.h.h.t.HelmChartContainer - [K3S] [INFO] Writing manifest: /var/lib/rancher/k3s/server/manifests/local-storage.yaml
2025-01-30 18:12:28,181 INFO c.h.h.t.HelmChartContainer - [K3S] [INFO] Writing manifest: /var/lib/rancher/k3s/server/manifests/metrics-server/aggregated-metrics-reader.yaml
2025-01-30 18:12:28,181 INFO c.h.h.t.HelmChartContainer - [K3S] [INFO] Writing manifest: /var/lib/rancher/k3s/server/manifests/metrics-server/auth-delegator.yaml
2025-01-30 18:12:28,181 INFO c.h.h.t.HelmChartContainer - [K3S] [INFO] Writing manifest: /var/lib/rancher/k3s/server/manifests/metrics-server/auth-reader.yaml
2025-01-30 18:12:28,182 INFO c.h.h.t.HelmChartContainer - [K3S] [INFO] Writing manifest: /var/lib/rancher/k3s/server/manifests/runtimes.yaml
2025-01-30 18:12:28,183 INFO c.h.h.t.HelmChartContainer - [K3S] [INFO] Starting dynamiclistener CN filter node controller with SANs: [localhost 127.0.0.1 ::1 localhost 7c00f4923724 172.18.0.2 10.43.0.1 kubernetes kubernetes.default kubernetes.default.svc kubernetes.default.svc.cluster.local]
2025-01-30 18:12:28,183 INFO c.h.h.t.HelmChartContainer - [K3S] [INFO] Tunnel server egress proxy mode: agent
2025-01-30 18:12:28,288 INFO c.h.h.t.HelmChartContainer - [K3S] [INFO] Starting k3s.cattle.io/v1, Kind=Addon controller
2025-01-30 18:12:28,288 INFO c.h.h.t.HelmChartContainer - [K3S] [INFO] Creating deploy event broadcaster
2025-01-30 18:12:28,393 INFO c.h.h.t.HelmChartContainer - [K3S] [INFO] Starting /v1, Kind=Node controller
2025-01-30 18:12:28,393 INFO c.h.h.t.HelmChartContainer - [K3S] [INFO] Creating helm-controller event broadcaster
2025-01-30 18:12:28,402 INFO c.h.h.t.HelmChartContainer - [K3S] [INFO] Labels and annotations have been set successfully on node: 7c00f4923724
2025-01-30 18:12:28,415 INFO c.h.h.t.HelmChartContainer - [K3S] [INFO] Cluster dns configmap has been set successfully
2025-01-30 18:12:28,436 INFO c.h.h.t.HelmChartContainer - [K3S] [controllermanager.go:765] "Started controller" controller="horizontal-pod-autoscaler-controller"
2025-01-30 18:12:28,437 INFO c.h.h.t.HelmChartContainer - [K3S] [controllermanager.go:723] "Skipping a cloud provider controller" controller="node-route-controller"
2025-01-30 18:12:28,437 INFO c.h.h.t.HelmChartContainer - [K3S] [controllermanager.go:723] "Skipping a cloud provider controller" controller="cloud-node-lifecycle-controller"
2025-01-30 18:12:28,437 INFO c.h.h.t.HelmChartContainer - [K3S] [controllermanager.go:717] "Controller is disabled by a feature gate" controller="volumeattributesclass-protection-controller" requiredFeatureGates=["VolumeAttributesClass"]
2025-01-30 18:12:28,437 INFO c.h.h.t.HelmChartContainer - [K3S] [horizontal.go:201] "Starting HPA controller"
2025-01-30 18:12:28,500 INFO c.h.h.t.HelmChartContainer - [K3S] [INFO] Starting helm.cattle.io/v1, Kind=HelmChart controller
2025-01-30 18:12:28,500 INFO c.h.h.t.HelmChartContainer - [K3S] [INFO] Starting helm.cattle.io/v1, Kind=HelmChartConfig controller
2025-01-30 18:12:28,503 INFO c.h.h.t.HelmChartContainer - [K3S] [INFO] Starting rbac.authorization.k8s.io/v1, Kind=ClusterRoleBinding controller
2025-01-30 18:12:28,506 INFO c.h.h.t.HelmChartContainer - [K3S] [INFO] Starting batch/v1, Kind=Job controller
2025-01-30 18:12:28,506 INFO c.h.h.t.HelmChartContainer - [K3S] [INFO] Starting /v1, Kind=ServiceAccount controller
2025-01-30 18:12:28,506 INFO c.h.h.t.HelmChartContainer - [K3S] [INFO] Starting /v1, Kind=Secret controller
2025-01-30 18:12:28,506 INFO c.h.h.t.HelmChartContainer - [K3S] [INFO] Starting /v1, Kind=ConfigMap controller
2025-01-30 18:12:28,587 INFO c.h.h.t.HelmChartContainer - [K3S] [controllermanager.go:765] "Started controller" controller="endpointslice-mirroring-controller"
2025-01-30 18:12:28,587 INFO c.h.h.t.HelmChartContainer - [K3S] [endpointslicemirroring_controller.go:227] "Starting EndpointSliceMirroring controller"
2025-01-30 18:12:28,637 INFO c.h.h.t.HelmChartContainer - [K3S] [controllermanager.go:765] "Started controller" controller="certificatesigningrequest-approving-controller"
2025-01-30 18:12:28,637 INFO c.h.h.t.HelmChartContainer - [K3S] [certificate_controller.go:120] "Starting certificate controller" name="csrapproving"
2025-01-30 18:12:28,786 INFO c.h.h.t.HelmChartContainer - [K3S] [controllermanager.go:765] "Started controller" controller="persistentvolume-expander-controller"
2025-01-30 18:12:28,786 INFO c.h.h.t.HelmChartContainer - [K3S] [expand_controller.go:329] "Starting expand controller"
2025-01-30 18:12:28,930 INFO c.h.h.t.HelmChartContainer - [K3S] [INFO] Updating TLS secret for kube-system/k3s-serving (count: 10): map[listener.cattle.io/cn-10.43.0.1:10.43.0.1 listener.cattle.io/cn-127.0.0.1:127.0.0.1 listener.cattle.io/cn-172.18.0.2:172.18.0.2 listener.cattle.io/cn-7c00f4923724:7c00f4923724 listener.cattle.io/cn-__1-f16284:::1 listener.cattle.io/cn-kubernetes:kubernetes listener.cattle.io/cn-kubernetes.default:kubernetes.default listener.cattle.io/cn-kubernetes.default.svc:kubernetes.default.svc listener.cattle.io/cn-kubernetes.default.svc.cluster.local:kubernetes.default.svc.cluster.local listener.cattle.io/cn-localhost:localhost listener.cattle.io/fingerprint:SHA1=9BED8D38CACBDA264F4AAB08A2FA29F9FD02729A]
2025-01-30 18:12:28,932 INFO c.h.h.t.HelmChartContainer - [K3S] [INFO] Active TLS secret kube-system/k3s-serving (ver=246) (count 10): map[listener.cattle.io/cn-10.43.0.1:10.43.0.1 listener.cattle.io/cn-127.0.0.1:127.0.0.1 listener.cattle.io/cn-172.18.0.2:172.18.0.2 listener.cattle.io/cn-7c00f4923724:7c00f4923724 listener.cattle.io/cn-__1-f16284:::1 listener.cattle.io/cn-kubernetes:kubernetes listener.cattle.io/cn-kubernetes.default:kubernetes.default listener.cattle.io/cn-kubernetes.default.svc:kubernetes.default.svc listener.cattle.io/cn-kubernetes.default.svc.cluster.local:kubernetes.default.svc.cluster.local listener.cattle.io/cn-localhost:localhost listener.cattle.io/fingerprint:SHA1=9BED8D38CACBDA264F4AAB08A2FA29F9FD02729A]
2025-01-30 18:12:28,937 INFO c.h.h.t.HelmChartContainer - [K3S] [controllermanager.go:765] "Started controller" controller="persistentvolumeclaim-protection-controller"
2025-01-30 18:12:28,937 INFO c.h.h.t.HelmChartContainer - [K3S] [pvc_protection_controller.go:168] "Starting PVC protection controller"
2025-01-30 18:12:29,028 INFO c.h.h.t.HelmChartContainer - [K3S] [INFO] Updating TLS secret for kube-system/k3s-serving (count: 10): map[listener.cattle.io/cn-10.43.0.1:10.43.0.1 listener.cattle.io/cn-127.0.0.1:127.0.0.1 listener.cattle.io/cn-172.18.0.2:172.18.0.2 listener.cattle.io/cn-7c00f4923724:7c00f4923724 listener.cattle.io/cn-__1-f16284:::1 listener.cattle.io/cn-kubernetes:kubernetes listener.cattle.io/cn-kubernetes.default:kubernetes.default listener.cattle.io/cn-kubernetes.default.svc:kubernetes.default.svc listener.cattle.io/cn-kubernetes.default.svc.cluster.local:kubernetes.default.svc.cluster.local listener.cattle.io/cn-localhost:localhost listener.cattle.io/fingerprint:SHA1=9BED8D38CACBDA264F4AAB08A2FA29F9FD02729A]
2025-01-30 18:12:29,087 INFO c.h.h.t.HelmChartContainer - [K3S] [controllermanager.go:765] "Started controller" controller="ephemeral-volume-controller"
2025-01-30 18:12:29,087 INFO c.h.h.t.HelmChartContainer - [K3S] [controller.go:173] "Starting ephemeral volume controller"
2025-01-30 18:12:29,087 INFO c.h.h.t.HelmChartContainer - [K3S] [controllermanager.go:717] "Controller is disabled by a feature gate" controller="resourceclaim-controller" requiredFeatureGates=["DynamicResourceAllocation"]
2025-01-30 18:12:29,239 INFO c.h.h.t.HelmChartContainer - [K3S] [controllermanager.go:765] "Started controller" controller="legacy-serviceaccount-token-cleaner-controller"
2025-01-30 18:12:29,239 INFO c.h.h.t.HelmChartContainer - [K3S] [legacy_serviceaccount_token_cleaner.go:103] "Starting legacy service account token cleaner controller"
2025-01-30 18:12:29,436 INFO c.h.h.t.HelmChartContainer - [K3S] [controllermanager.go:765] "Started controller" controller="validatingadmissionpolicy-status-controller"
2025-01-30 18:12:29,587 INFO c.h.h.t.HelmChartContainer - [K3S] [controllermanager.go:765] "Started controller" controller="pod-garbage-collector-controller"
2025-01-30 18:12:29,587 INFO c.h.h.t.HelmChartContainer - [K3S] [gc_controller.go:99] "Starting GC controller"
2025-01-30 18:12:29,738 INFO c.h.h.t.HelmChartContainer - [K3S] [controllermanager.go:765] "Started controller" controller="clusterrole-aggregation-controller"
2025-01-30 18:12:29,739 INFO c.h.h.t.HelmChartContainer - [K3S] [clusterroleaggregation_controller.go:194] "Starting ClusterRoleAggregator controller"
2025-01-30 18:12:29,816 INFO c.h.h.t.HelmChartContainer - [K3S] [controllermanager.go:765] "Started controller" controller="taint-eviction-controller"
2025-01-30 18:12:29,816 INFO c.h.h.t.HelmChartContainer - [K3S] [taint_eviction.go:281] "Starting" controller="taint-eviction-controller"
2025-01-30 18:12:29,816 INFO c.h.h.t.HelmChartContainer - [K3S] [taint_eviction.go:287] "Sending events to api server"
2025-01-30 18:12:29,869 INFO c.h.h.t.HelmChartContainer - [K3S] [event.go:389] "Event occurred" object="7c00f4923724" fieldPath="" kind="Node" apiVersion="" type="Normal" reason="NodePasswordValidationComplete" message="Deferred node password secret validation complete"
2025-01-30 18:12:29,937 INFO c.h.h.t.HelmChartContainer - [K3S] [controllermanager.go:765] "Started controller" controller="token-cleaner-controller"
2025-01-30 18:12:29,937 INFO c.h.h.t.HelmChartContainer - [K3S] [tokencleaner.go:117] "Starting token cleaner controller"
2025-01-30 18:12:30,087 INFO c.h.h.t.HelmChartContainer - [K3S] [controllermanager.go:765] "Started controller" controller="serviceaccount-controller"
2025-01-30 18:12:30,087 INFO c.h.h.t.HelmChartContainer - [K3S] [serviceaccounts_controller.go:114] "Starting service account controller"
2025-01-30 18:12:30,293 INFO c.h.h.t.HelmChartContainer - [K3S] [event.go:389] "Event occurred" object="kube-system/ccm" fieldPath="" kind="Addon" apiVersion="k3s.cattle.io/v1" type="Normal" reason="ApplyingManifest" message="Applying manifest at \"/var/lib/rancher/k3s/server/manifests/ccm.yaml\""
2025-01-30 18:12:30,314 INFO c.h.h.t.HelmChartContainer - [K3S] [event.go:389] "Event occurred" object="kube-system/ccm" fieldPath="" kind="Addon" apiVersion="k3s.cattle.io/v1" type="Normal" reason="AppliedManifest" message="Applied manifest at \"/var/lib/rancher/k3s/server/manifests/ccm.yaml\""
2025-01-30 18:12:30,323 INFO c.h.h.t.HelmChartContainer - [K3S] [event.go:389] "Event occurred" object="kube-system/coredns" fieldPath="" kind="Addon" apiVersion="k3s.cattle.io/v1" type="Normal" reason="ApplyingManifest" message="Applying manifest at \"/var/lib/rancher/k3s/server/manifests/coredns.yaml\""
2025-01-30 18:12:30,336 INFO c.h.h.t.HelmChartContainer - [K3S] [controllermanager.go:765] "Started controller" controller="garbage-collector-controller"
2025-01-30 18:12:30,336 INFO c.h.h.t.HelmChartContainer - [K3S] [graph_builder.go:351] "Running" component="GraphBuilder"
2025-01-30 18:12:30,425 INFO c.h.h.t.HelmChartContainer - [K3S] [alloc.go:330] "allocated clusterIPs" service="kube-system/kube-dns" clusterIPs={"IPv4":"10.43.0.10"}
2025-01-30 18:12:30,427 INFO c.h.h.t.HelmChartContainer - [K3S] [event.go:389] "Event occurred" object="kube-system/coredns" fieldPath="" kind="Addon" apiVersion="k3s.cattle.io/v1" type="Normal" reason="AppliedManifest" message="Applied manifest at \"/var/lib/rancher/k3s/server/manifests/coredns.yaml\""
2025-01-30 18:12:30,438 INFO c.h.h.t.HelmChartContainer - [K3S] [event.go:389] "Event occurred" object="kube-system/local-storage" fieldPath="" kind="Addon" apiVersion="k3s.cattle.io/v1" type="Normal" reason="ApplyingManifest" message="Applying manifest at \"/var/lib/rancher/k3s/server/manifests/local-storage.yaml\""
2025-01-30 18:12:30,526 INFO c.h.h.t.HelmChartContainer - [K3S] [event.go:389] "Event occurred" object="kube-system/local-storage" fieldPath="" kind="Addon" apiVersion="k3s.cattle.io/v1" type="Normal" reason="AppliedManifest" message="Applied manifest at \"/var/lib/rancher/k3s/server/manifests/local-storage.yaml\""
2025-01-30 18:12:30,531 INFO c.h.h.t.HelmChartContainer - [K3S] [event.go:389] "Event occurred" object="kube-system/aggregated-metrics-reader" fieldPath="" kind="Addon" apiVersion="k3s.cattle.io/v1" type="Normal" reason="ApplyingManifest" message="Applying manifest at \"/var/lib/rancher/k3s/server/manifests/metrics-server/aggregated-metrics-reader.yaml\""
2025-01-30 18:12:30,586 INFO c.h.h.t.HelmChartContainer - [K3S] [controllermanager.go:765] "Started controller" controller="statefulset-controller"
2025-01-30 18:12:30,586 INFO c.h.h.t.HelmChartContainer - [K3S] [stateful_set.go:166] "Starting stateful set controller"
2025-01-30 18:12:30,602 INFO c.h.h.t.HelmChartContainer - [K3S] [event.go:389] "Event occurred" object="kube-system/aggregated-metrics-reader" fieldPath="" kind="Addon" apiVersion="k3s.cattle.io/v1" type="Normal" reason="AppliedManifest" message="Applied manifest at \"/var/lib/rancher/k3s/server/manifests/metrics-server/aggregated-metrics-reader.yaml\""
2025-01-30 18:12:30,608 INFO c.h.h.t.HelmChartContainer - [K3S] [event.go:389] "Event occurred" object="kube-system/auth-delegator" fieldPath="" kind="Addon" apiVersion="k3s.cattle.io/v1" type="Normal" reason="ApplyingManifest" message="Applying manifest at \"/var/lib/rancher/k3s/server/manifests/metrics-server/auth-delegator.yaml\""
2025-01-30 18:12:30,613 INFO c.h.h.t.HelmChartContainer - [K3S] [event.go:389] "Event occurred" object="kube-system/auth-delegator" fieldPath="" kind="Addon" apiVersion="k3s.cattle.io/v1" type="Normal" reason="AppliedManifest" message="Applied manifest at \"/var/lib/rancher/k3s/server/manifests/metrics-server/auth-delegator.yaml\""
2025-01-30 18:12:30,618 INFO c.h.h.t.HelmChartContainer - [K3S] [event.go:389] "Event occurred" object="kube-system/auth-reader" fieldPath="" kind="Addon" apiVersion="k3s.cattle.io/v1" type="Normal" reason="ApplyingManifest" message="Applying manifest at \"/var/lib/rancher/k3s/server/manifests/metrics-server/auth-reader.yaml\""
2025-01-30 18:12:30,624 INFO c.h.h.t.HelmChartContainer - [K3S] [event.go:389] "Event occurred" object="kube-system/auth-reader" fieldPath="" kind="Addon" apiVersion="k3s.cattle.io/v1" type="Normal" reason="AppliedManifest" message="Applied manifest at \"/var/lib/rancher/k3s/server/manifests/metrics-server/auth-reader.yaml\""
2025-01-30 18:12:30,631 INFO c.h.h.t.HelmChartContainer - [K3S] [event.go:389] "Event occurred" object="kube-system/metrics-apiservice" fieldPath="" kind="Addon" apiVersion="k3s.cattle.io/v1" type="Normal" reason="ApplyingManifest" message="Applying manifest at \"/var/lib/rancher/k3s/server/manifests/metrics-server/metrics-apiservice.yaml\""
2025-01-30 18:12:30,637 INFO c.h.h.t.HelmChartContainer - [K3S] [event.go:389] "Event occurred" object="kube-system/metrics-apiservice" fieldPath="" kind="Addon" apiVersion="k3s.cattle.io/v1" type="Normal" reason="AppliedManifest" message="Applied manifest at \"/var/lib/rancher/k3s/server/manifests/metrics-server/metrics-apiservice.yaml\""
2025-01-30 18:12:30,640 INFO c.h.h.t.HelmChartContainer - [K3S] [handler_proxy.go:99] no RequestInfo found in the context
2025-01-30 18:12:30,640 INFO c.h.h.t.HelmChartContainer - [K3S] [controller.go:146] "Unhandled Error" err=<
2025-01-30 18:12:30,640 INFO c.h.h.t.HelmChartContainer - [K3S] 	, Header: map[Content-Type:[text/plain; charset=utf-8] X-Content-Type-Options:[nosniff]]
2025-01-30 18:12:30,641 INFO c.h.h.t.HelmChartContainer - [K3S]  >
2025-01-30 18:12:30,641 INFO c.h.h.t.HelmChartContainer - [K3S] [handler_proxy.go:143] error resolving kube-system/metrics-server: service "metrics-server" not found
2025-01-30 18:12:30,644 INFO c.h.h.t.HelmChartContainer - [K3S] [event.go:389] "Event occurred" object="kube-system/metrics-server-deployment" fieldPath="" kind="Addon" apiVersion="k3s.cattle.io/v1" type="Normal" reason="ApplyingManifest" message="Applying manifest at \"/var/lib/rancher/k3s/server/manifests/metrics-server/metrics-server-deployment.yaml\""
2025-01-30 18:12:30,652 INFO c.h.h.t.HelmChartContainer - [K3S] [event.go:389] "Event occurred" object="kube-system/metrics-server-deployment" fieldPath="" kind="Addon" apiVersion="k3s.cattle.io/v1" type="Normal" reason="AppliedManifest" message="Applied manifest at \"/var/lib/rancher/k3s/server/manifests/metrics-server/metrics-server-deployment.yaml\""
2025-01-30 18:12:30,658 INFO c.h.h.t.HelmChartContainer - [K3S] [event.go:389] "Event occurred" object="kube-system/metrics-server-service" fieldPath="" kind="Addon" apiVersion="k3s.cattle.io/v1" type="Normal" reason="ApplyingManifest" message="Applying manifest at \"/var/lib/rancher/k3s/server/manifests/metrics-server/metrics-server-service.yaml\""
2025-01-30 18:12:30,663 INFO c.h.h.t.HelmChartContainer - [K3S] [alloc.go:330] "allocated clusterIPs" service="kube-system/metrics-server" clusterIPs={"IPv4":"10.43.132.125"}
2025-01-30 18:12:30,664 INFO c.h.h.t.HelmChartContainer - [K3S] [event.go:389] "Event occurred" object="kube-system/metrics-server-service" fieldPath="" kind="Addon" apiVersion="k3s.cattle.io/v1" type="Normal" reason="AppliedManifest" message="Applied manifest at \"/var/lib/rancher/k3s/server/manifests/metrics-server/metrics-server-service.yaml\""
2025-01-30 18:12:30,669 INFO c.h.h.t.HelmChartContainer - [K3S] [handler_proxy.go:99] no RequestInfo found in the context
2025-01-30 18:12:30,669 INFO c.h.h.t.HelmChartContainer - [K3S] [controller.go:146] "Unhandled Error" err=<
2025-01-30 18:12:30,669 INFO c.h.h.t.HelmChartContainer - [K3S] 	, Header: map[Content-Type:[text/plain; charset=utf-8] X-Content-Type-Options:[nosniff]]
2025-01-30 18:12:30,669 INFO c.h.h.t.HelmChartContainer - [K3S]  >
2025-01-30 18:12:30,671 INFO c.h.h.t.HelmChartContainer - [K3S] [handler_proxy.go:143] error resolving kube-system/metrics-server: endpoints "metrics-server" not found
2025-01-30 18:12:30,672 INFO c.h.h.t.HelmChartContainer - [K3S] [event.go:389] "Event occurred" object="kube-system/resource-reader" fieldPath="" kind="Addon" apiVersion="k3s.cattle.io/v1" type="Normal" reason="ApplyingManifest" message="Applying manifest at \"/var/lib/rancher/k3s/server/manifests/metrics-server/resource-reader.yaml\""
2025-01-30 18:12:30,714 INFO c.h.h.t.HelmChartContainer - [K3S] [event.go:389] "Event occurred" object="kube-system/resource-reader" fieldPath="" kind="Addon" apiVersion="k3s.cattle.io/v1" type="Normal" reason="AppliedManifest" message="Applied manifest at \"/var/lib/rancher/k3s/server/manifests/metrics-server/resource-reader.yaml\""
2025-01-30 18:12:30,723 INFO c.h.h.t.HelmChartContainer - [K3S] [event.go:389] "Event occurred" object="kube-system/rolebindings" fieldPath="" kind="Addon" apiVersion="k3s.cattle.io/v1" type="Normal" reason="ApplyingManifest" message="Applying manifest at \"/var/lib/rancher/k3s/server/manifests/rolebindings.yaml\""
2025-01-30 18:12:30,736 INFO c.h.h.t.HelmChartContainer - [K3S] [controllermanager.go:765] "Started controller" controller="persistentvolume-attach-detach-controller"
2025-01-30 18:12:30,736 INFO c.h.h.t.HelmChartContainer - [K3S] [attach_detach_controller.go:338] "Starting attach detach controller"
2025-01-30 18:12:30,825 INFO c.h.h.t.HelmChartContainer - [K3S] [event.go:389] "Event occurred" object="kube-system/rolebindings" fieldPath="" kind="Addon" apiVersion="k3s.cattle.io/v1" type="Normal" reason="AppliedManifest" message="Applied manifest at \"/var/lib/rancher/k3s/server/manifests/rolebindings.yaml\""
2025-01-30 18:12:30,836 INFO c.h.h.t.HelmChartContainer - [K3S] [event.go:389] "Event occurred" object="kube-system/runtimes" fieldPath="" kind="Addon" apiVersion="k3s.cattle.io/v1" type="Normal" reason="ApplyingManifest" message="Applying manifest at \"/var/lib/rancher/k3s/server/manifests/runtimes.yaml\""
2025-01-30 18:12:30,860 INFO c.h.h.t.HelmChartContainer - [K3S] [event.go:389] "Event occurred" object="kube-system/runtimes" fieldPath="" kind="Addon" apiVersion="k3s.cattle.io/v1" type="Normal" reason="AppliedManifest" message="Applied manifest at \"/var/lib/rancher/k3s/server/manifests/runtimes.yaml\""
2025-01-30 18:12:30,886 INFO c.h.h.t.HelmChartContainer - [K3S] [controllermanager.go:765] "Started controller" controller="root-ca-certificate-publisher-controller"
2025-01-30 18:12:30,886 INFO c.h.h.t.HelmChartContainer - [K3S] [publisher.go:107] "Starting root CA cert publisher controller"
2025-01-30 18:12:31,037 INFO c.h.h.t.HelmChartContainer - [K3S] [controllermanager.go:765] "Started controller" controller="replicaset-controller"
2025-01-30 18:12:31,037 INFO c.h.h.t.HelmChartContainer - [K3S] [replica_set.go:217] "Starting controller" name="replicaset"
2025-01-30 18:12:31,236 INFO c.h.h.t.HelmChartContainer - [K3S] [controllermanager.go:765] "Started controller" controller="disruption-controller"
2025-01-30 18:12:31,236 INFO c.h.h.t.HelmChartContainer - [K3S] [disruption.go:452] "Sending events to api server."
2025-01-30 18:12:31,236 INFO c.h.h.t.HelmChartContainer - [K3S] [disruption.go:463] "Starting disruption controller"
2025-01-30 18:12:31,287 INFO c.h.h.t.HelmChartContainer - [K3S] [controllermanager.go:765] "Started controller" controller="certificatesigningrequest-cleaner-controller"
2025-01-30 18:12:31,287 INFO c.h.h.t.HelmChartContainer - [K3S] [controllermanager.go:728] "Warning: controller is disabled" controller="bootstrap-signer-controller"
2025-01-30 18:12:31,287 INFO c.h.h.t.HelmChartContainer - [K3S] [controllermanager.go:723] "Skipping a cloud provider controller" controller="service-lb-controller"
2025-01-30 18:12:31,287 INFO c.h.h.t.HelmChartContainer - [K3S] [cleaner.go:83] "Starting CSR cleaner controller"
2025-01-30 18:12:31,312 INFO c.h.h.t.HelmChartContainer - [K3S] [INFO] Tunnel authorizer set Kubelet Port 0.0.0.0:10250
2025-01-30 18:12:31,437 INFO c.h.h.t.HelmChartContainer - [K3S] [controllermanager.go:765] "Started controller" controller="persistentvolume-binder-controller"
2025-01-30 18:12:31,437 INFO c.h.h.t.HelmChartContainer - [K3S] [pv_controller_base.go:308] "Starting persistent volume controller"
2025-01-30 18:12:31,463 INFO c.h.h.t.HelmChartContainer - [K3S] [serving.go:392] Generated self-signed cert in-memory
2025-01-30 18:12:31,596 INFO c.h.h.t.HelmChartContainer - [K3S] [controllermanager.go:765] "Started controller" controller="ttl-after-finished-controller"
2025-01-30 18:12:31,596 INFO c.h.h.t.HelmChartContainer - [K3S] [ttlafterfinished_controller.go:112] "Starting TTL after finished controller"
2025-01-30 18:12:31,637 INFO c.h.h.t.HelmChartContainer - [K3S] [handler_proxy.go:99] no RequestInfo found in the context
2025-01-30 18:12:31,638 INFO c.h.h.t.HelmChartContainer - [K3S] [handler_proxy.go:99] no RequestInfo found in the context
2025-01-30 18:12:31,638 INFO c.h.h.t.HelmChartContainer - [K3S] [controller.go:102] "Unhandled Error" err=<
2025-01-30 18:12:31,638 INFO c.h.h.t.HelmChartContainer - [K3S] 	, Header: map[Content-Type:[text/plain; charset=utf-8] X-Content-Type-Options:[nosniff]]
2025-01-30 18:12:31,638 INFO c.h.h.t.HelmChartContainer - [K3S]  >
2025-01-30 18:12:31,741 INFO c.h.h.t.HelmChartContainer - [K3S] [serving.go:392] Generated self-signed cert in-memory
2025-01-30 18:12:31,741 INFO c.h.h.t.HelmChartContainer - [K3S] [controllermanager.go:765] "Started controller" controller="replicationcontroller-controller"
2025-01-30 18:12:31,741 INFO c.h.h.t.HelmChartContainer - [K3S] [replica_set.go:217] "Starting controller" name="replicationcontroller"
2025-01-30 18:12:31,758 INFO c.h.h.t.HelmChartContainer - [K3S] [actual_state_of_world.go:541] "Failed to update statusUpdateNeeded field in actual state of world" err="Failed to set statusUpdateNeeded to needed true, because nodeName=\"7c00f4923724\" does not exist"
2025-01-30 18:12:31,798 INFO c.h.h.t.HelmChartContainer - [K3S] [range_allocator.go:177] "Sending events to api server"
2025-01-30 18:12:31,798 INFO c.h.h.t.HelmChartContainer - [K3S] [range_allocator.go:183] "Starting range CIDR allocator"
2025-01-30 18:12:31,801 INFO c.h.h.t.HelmChartContainer - [K3S] [node_lifecycle_controller.go:1234] "Initializing eviction metric for zone" zone=""
2025-01-30 18:12:31,802 INFO c.h.h.t.HelmChartContainer - [K3S] [node_lifecycle_controller.go:886] "Missing timestamp for Node. Assuming now as a timestamp" node="7c00f4923724"
2025-01-30 18:12:31,802 INFO c.h.h.t.HelmChartContainer - [K3S] [node_lifecycle_controller.go:1080] "Controller detected that zone is now in new state" zone="" newState="Normal"
2025-01-30 18:12:31,804 INFO c.h.h.t.HelmChartContainer - [K3S] [range_allocator.go:428] "Set node PodCIDR" node="7c00f4923724" podCIDRs=["10.42.0.0/24"]
2025-01-30 18:12:31,804 INFO c.h.h.t.HelmChartContainer - [K3S] [range_allocator.go:247] "Successfully synced" key="7c00f4923724"
2025-01-30 18:12:31,804 INFO c.h.h.t.HelmChartContainer - [K3S] [range_allocator.go:247] "Successfully synced" key="7c00f4923724"
2025-01-30 18:12:31,805 INFO c.h.h.t.HelmChartContainer - [K3S] [INFO] Flannel found PodCIDR assigned for node 7c00f4923724
2025-01-30 18:12:31,808 INFO c.h.h.t.HelmChartContainer - [K3S] [INFO] The interface eth0 with ipv4 address 172.18.0.2 will be used by flannel
2025-01-30 18:12:31,812 INFO c.h.h.t.HelmChartContainer - [K3S] [kube.go:139] Waiting 10m0s for node controller to sync
2025-01-30 18:12:31,812 INFO c.h.h.t.HelmChartContainer - [K3S] [kube.go:469] Starting kube subnet manager
2025-01-30 18:12:31,812 INFO c.h.h.t.HelmChartContainer - [K3S] [INFO] Updated coredns NodeHosts entry for 7c00f4923724
2025-01-30 18:12:31,814 INFO c.h.h.t.HelmChartContainer - [K3S] [INFO] Network policy controller waiting for removal of node.cloudprovider.kubernetes.io/uninitialized taint
2025-01-30 18:12:31,994 INFO c.h.h.t.HelmChartContainer - [K3S] [range_allocator.go:247] "Successfully synced" key="7c00f4923724"
2025-01-30 18:12:32,008 INFO c.h.h.t.HelmChartContainer - [K3S] [controllermanager.go:160] Version: v1.32.1+k3s1
2025-01-30 18:12:32,010 INFO c.h.h.t.HelmChartContainer - [K3S] [requestheader_controller.go:180] Starting RequestHeaderAuthRequestController
2025-01-30 18:12:32,010 INFO c.h.h.t.HelmChartContainer - [K3S] [configmap_cafile_content.go:205] "Starting controller" name="client-ca::kube-system::extension-apiserver-authentication::client-ca-file"
2025-01-30 18:12:32,011 INFO c.h.h.t.HelmChartContainer - [K3S] [configmap_cafile_content.go:205] "Starting controller" name="client-ca::kube-system::extension-apiserver-authentication::requestheader-client-ca-file"
2025-01-30 18:12:32,011 INFO c.h.h.t.HelmChartContainer - [K3S] [tlsconfig.go:243] "Starting DynamicServingCertificateController"
2025-01-30 18:12:32,011 INFO c.h.h.t.HelmChartContainer - [K3S] [secure_serving.go:213] Serving securely on 127.0.0.1:10258
2025-01-30 18:12:32,015 INFO c.h.h.t.HelmChartContainer - [K3S] [INFO] Creating service-lb-controller event broadcaster
2025-01-30 18:12:32,041 INFO c.h.h.t.HelmChartContainer - [K3S] [range_allocator.go:247] "Successfully synced" key="7c00f4923724"
2025-01-30 18:12:32,127 INFO c.h.h.t.HelmChartContainer - [K3S] [INFO] Starting /v1, Kind=Node controller
2025-01-30 18:12:32,130 INFO c.h.h.t.HelmChartContainer - [K3S] [INFO] Starting /v1, Kind=Pod controller
2025-01-30 18:12:32,132 INFO c.h.h.t.HelmChartContainer - [K3S] [INFO] Starting apps/v1, Kind=DaemonSet controller
2025-01-30 18:12:32,135 INFO c.h.h.t.HelmChartContainer - [K3S] [INFO] Starting discovery.k8s.io/v1, Kind=EndpointSlice controller
2025-01-30 18:12:32,136 INFO c.h.h.t.HelmChartContainer - [K3S] [controllermanager.go:329] Started "cloud-node-controller"
2025-01-30 18:12:32,136 INFO c.h.h.t.HelmChartContainer - [K3S] [node_controller.go:176] Sending events to api server.
2025-01-30 18:12:32,136 INFO c.h.h.t.HelmChartContainer - [K3S] [node_controller.go:185] Waiting for informer caches to sync
2025-01-30 18:12:32,136 INFO c.h.h.t.HelmChartContainer - [K3S] [controllermanager.go:329] Started "cloud-node-lifecycle-controller"
2025-01-30 18:12:32,137 INFO c.h.h.t.HelmChartContainer - [K3S] [node_lifecycle_controller.go:112] Sending events to api server
2025-01-30 18:12:32,137 INFO c.h.h.t.HelmChartContainer - [K3S] [controllermanager.go:329] Started "service-lb-controller"
2025-01-30 18:12:32,138 INFO c.h.h.t.HelmChartContainer - [K3S] [controllermanager.go:306] "node-route-controller" is disabled
2025-01-30 18:12:32,138 INFO c.h.h.t.HelmChartContainer - [K3S] [controller.go:234] Starting service controller
2025-01-30 18:12:32,236 INFO c.h.h.t.HelmChartContainer - [K3S] [node_controller.go:429] Initializing node 7c00f4923724 with cloud provider
2025-01-30 18:12:32,239 INFO c.h.h.t.HelmChartContainer - [K3S] [node_controller.go:474] Successfully initialized node 7c00f4923724 with cloud provider
2025-01-30 18:12:32,239 INFO c.h.h.t.HelmChartContainer - [K3S] [event.go:389] "Event occurred" object="7c00f4923724" fieldPath="" kind="Node" apiVersion="v1" type="Normal" reason="Synced" message="Node synced successfully"
2025-01-30 18:12:32,240 INFO c.h.h.t.HelmChartContainer - [K3S] [range_allocator.go:247] "Successfully synced" key="7c00f4923724"
2025-01-30 18:12:32,294 INFO c.h.h.t.HelmChartContainer - [K3S] [handler_proxy.go:99] no RequestInfo found in the context
2025-01-30 18:12:32,294 INFO c.h.h.t.HelmChartContainer - [K3S] [controller.go:146] "Unhandled Error" err=<
2025-01-30 18:12:32,294 INFO c.h.h.t.HelmChartContainer - [K3S] 	, Header: map[Content-Type:[text/plain; charset=utf-8] X-Content-Type-Options:[nosniff]]
2025-01-30 18:12:32,294 INFO c.h.h.t.HelmChartContainer - [K3S]  >
2025-01-30 18:12:32,295 INFO c.h.h.t.HelmChartContainer - [K3S] [handler_proxy.go:143] error resolving kube-system/metrics-server: no endpoints available for service "metrics-server"
2025-01-30 18:12:32,311 INFO c.h.h.t.HelmChartContainer - [K3S] [INFO] Started tunnel to 172.18.0.2:6443
2025-01-30 18:12:32,311 INFO c.h.h.t.HelmChartContainer - [K3S] [INFO] Stopped tunnel to 127.0.0.1:6443
2025-01-30 18:12:32,312 INFO c.h.h.t.HelmChartContainer - [K3S] [INFO] Connecting to proxy" url="wss://172.18.0.2:6443/v1-k3s/connect
2025-01-30 18:12:32,312 INFO c.h.h.t.HelmChartContainer - [K3S] [INFO] Proxy done" err="context canceled" url="wss://127.0.0.1:6443/v1-k3s/connect
2025-01-30 18:12:32,314 INFO c.h.h.t.HelmChartContainer - [K3S] [INFO] error in remotedialer server [400]: websocket: close 1006 (abnormal closure): unexpected EOF
2025-01-30 18:12:32,315 INFO c.h.h.t.HelmChartContainer - [K3S] [INFO] Handling backend connection request [7c00f4923724]
2025-01-30 18:12:32,315 INFO c.h.h.t.HelmChartContainer - [K3S] [INFO] Remotedialer connected to proxy" url="wss://172.18.0.2:6443/v1-k3s/connect
2025-01-30 18:12:32,412 INFO c.h.h.t.HelmChartContainer - [K3S] [serving.go:392] Generated self-signed cert in-memory
2025-01-30 18:12:32,626 INFO c.h.h.t.HelmChartContainer - [K3S] [server.go:164] "Starting Kubernetes Scheduler" version="v1.32.1+k3s1"
2025-01-30 18:12:32,626 INFO c.h.h.t.HelmChartContainer - [K3S] [server.go:166] "Golang settings" GOGC="" GOMAXPROCS="" GOTRACEBACK=""
2025-01-30 18:12:32,628 INFO c.h.h.t.HelmChartContainer - [K3S] [requestheader_controller.go:180] Starting RequestHeaderAuthRequestController
2025-01-30 18:12:32,628 INFO c.h.h.t.HelmChartContainer - [K3S] [configmap_cafile_content.go:205] "Starting controller" name="client-ca::kube-system::extension-apiserver-authentication::client-ca-file"
2025-01-30 18:12:32,629 INFO c.h.h.t.HelmChartContainer - [K3S] [configmap_cafile_content.go:205] "Starting controller" name="client-ca::kube-system::extension-apiserver-authentication::requestheader-client-ca-file"
2025-01-30 18:12:32,629 INFO c.h.h.t.HelmChartContainer - [K3S] [secure_serving.go:213] Serving securely on 127.0.0.1:10259
2025-01-30 18:12:32,629 INFO c.h.h.t.HelmChartContainer - [K3S] [tlsconfig.go:243] "Starting DynamicServingCertificateController"
2025-01-30 18:12:32,648 INFO c.h.h.t.HelmChartContainer - [K3S] [replica_set.go:679] "Finished syncing" kind="ReplicaSet" key="kube-system/local-path-provisioner-698b58967b" duration="204.782423ms"
2025-01-30 18:12:32,652 INFO c.h.h.t.HelmChartContainer - [K3S] [replica_set.go:679] "Finished syncing" kind="ReplicaSet" key="kube-system/coredns-ff8999cc5" duration="209.10581ms"
2025-01-30 18:12:32,654 INFO c.h.h.t.HelmChartContainer - [K3S] [replica_set.go:679] "Finished syncing" kind="ReplicaSet" key="kube-system/metrics-server-8584b5786c" duration="212.785147ms"
2025-01-30 18:12:32,657 INFO c.h.h.t.HelmChartContainer - [K3S] [replica_set.go:679] "Finished syncing" kind="ReplicaSet" key="kube-system/local-path-provisioner-698b58967b" duration="9.49853ms"
2025-01-30 18:12:32,657 INFO c.h.h.t.HelmChartContainer - [K3S] [replica_set.go:679] "Finished syncing" kind="ReplicaSet" key="kube-system/local-path-provisioner-698b58967b" duration="24.105µs"
2025-01-30 18:12:32,657 INFO c.h.h.t.HelmChartContainer - [K3S] [replica_set.go:679] "Finished syncing" kind="ReplicaSet" key="kube-system/local-path-provisioner-698b58967b" duration="27.591µs"
2025-01-30 18:12:32,663 INFO c.h.h.t.HelmChartContainer - [K3S] [replica_set.go:679] "Finished syncing" kind="ReplicaSet" key="kube-system/coredns-ff8999cc5" duration="12.284523ms"
2025-01-30 18:12:32,665 INFO c.h.h.t.HelmChartContainer - [K3S] [replica_set.go:679] "Finished syncing" kind="ReplicaSet" key="kube-system/metrics-server-8584b5786c" duration="10.281218ms"
2025-01-30 18:12:32,665 INFO c.h.h.t.HelmChartContainer - [K3S] [replica_set.go:679] "Finished syncing" kind="ReplicaSet" key="kube-system/metrics-server-8584b5786c" duration="31.999µs"
2025-01-30 18:12:32,673 INFO c.h.h.t.HelmChartContainer - [K3S] [replica_set.go:679] "Finished syncing" kind="ReplicaSet" key="kube-system/coredns-ff8999cc5" duration="9.836832ms"
2025-01-30 18:12:32,673 INFO c.h.h.t.HelmChartContainer - [K3S] [replica_set.go:679] "Finished syncing" kind="ReplicaSet" key="kube-system/coredns-ff8999cc5" duration="37.981µs"
2025-01-30 18:12:32,736 INFO c.h.h.t.HelmChartContainer - [K3S] [replica_set.go:679] "Finished syncing" kind="ReplicaSet" key="kube-system/metrics-server-8584b5786c" duration="30.436µs"
2025-01-30 18:12:32,737 INFO c.h.h.t.HelmChartContainer - [K3S] [replica_set.go:679] "Finished syncing" kind="ReplicaSet" key="kube-system/coredns-ff8999cc5" duration="26.099µs"
2025-01-30 18:12:32,737 INFO c.h.h.t.HelmChartContainer - [K3S] [replica_set.go:679] "Finished syncing" kind="ReplicaSet" key="kube-system/local-path-provisioner-698b58967b" duration="25.447µs"
2025-01-30 18:12:32,757 INFO c.h.h.t.HelmChartContainer - [K3S] [replica_set.go:679] "Finished syncing" kind="ReplicaSet" key="kube-system/coredns-ff8999cc5" duration="35.586µs"
2025-01-30 18:12:32,764 INFO c.h.h.t.HelmChartContainer - [K3S] [replica_set.go:679] "Finished syncing" kind="ReplicaSet" key="kube-system/local-path-provisioner-698b58967b" duration="26.459µs"
2025-01-30 18:12:32,771 INFO c.h.h.t.HelmChartContainer - [K3S] [replica_set.go:679] "Finished syncing" kind="ReplicaSet" key="kube-system/metrics-server-8584b5786c" duration="30.457µs"
2025-01-30 18:12:32,777 INFO c.h.h.t.HelmChartContainer - [K3S] [reconciler_common.go:251] "operationExecutor.VerifyControllerAttachedVolume started for volume \"tmp-dir\" (UniqueName: \"kubernetes.io/empty-dir/8ba8cc10-ecc7-4b60-963d-d99ee3d7d7bc-tmp-dir\") pod \"metrics-server-8584b5786c-js8t4\" (UID: \"8ba8cc10-ecc7-4b60-963d-d99ee3d7d7bc\") " pod="kube-system/metrics-server-8584b5786c-js8t4"
2025-01-30 18:12:32,777 INFO c.h.h.t.HelmChartContainer - [K3S] [reconciler_common.go:251] "operationExecutor.VerifyControllerAttachedVolume started for volume \"kube-api-access-hlcsb\" (UniqueName: \"kubernetes.io/projected/8ba8cc10-ecc7-4b60-963d-d99ee3d7d7bc-kube-api-access-hlcsb\") pod \"metrics-server-8584b5786c-js8t4\" (UID: \"8ba8cc10-ecc7-4b60-963d-d99ee3d7d7bc\") " pod="kube-system/metrics-server-8584b5786c-js8t4"
2025-01-30 18:12:32,777 INFO c.h.h.t.HelmChartContainer - [K3S] [reconciler_common.go:251] "operationExecutor.VerifyControllerAttachedVolume started for volume \"config-volume\" (UniqueName: \"kubernetes.io/configmap/d80d2515-8826-41a2-9f63-376b4a88a5d6-config-volume\") pod \"coredns-ff8999cc5-vhwt4\" (UID: \"d80d2515-8826-41a2-9f63-376b4a88a5d6\") " pod="kube-system/coredns-ff8999cc5-vhwt4"
2025-01-30 18:12:32,778 INFO c.h.h.t.HelmChartContainer - [K3S] [reconciler_common.go:251] "operationExecutor.VerifyControllerAttachedVolume started for volume \"custom-config-volume\" (UniqueName: \"kubernetes.io/configmap/d80d2515-8826-41a2-9f63-376b4a88a5d6-custom-config-volume\") pod \"coredns-ff8999cc5-vhwt4\" (UID: \"d80d2515-8826-41a2-9f63-376b4a88a5d6\") " pod="kube-system/coredns-ff8999cc5-vhwt4"
2025-01-30 18:12:32,778 INFO c.h.h.t.HelmChartContainer - [K3S] [reconciler_common.go:251] "operationExecutor.VerifyControllerAttachedVolume started for volume \"kube-api-access-bs5s5\" (UniqueName: \"kubernetes.io/projected/d80d2515-8826-41a2-9f63-376b4a88a5d6-kube-api-access-bs5s5\") pod \"coredns-ff8999cc5-vhwt4\" (UID: \"d80d2515-8826-41a2-9f63-376b4a88a5d6\") " pod="kube-system/coredns-ff8999cc5-vhwt4"
2025-01-30 18:12:32,778 INFO c.h.h.t.HelmChartContainer - [K3S] [reconciler_common.go:251] "operationExecutor.VerifyControllerAttachedVolume started for volume \"config-volume\" (UniqueName: \"kubernetes.io/configmap/c89b46f2-133a-468e-ab9a-3a5d9363ba85-config-volume\") pod \"local-path-provisioner-698b58967b-bgqjg\" (UID: \"c89b46f2-133a-468e-ab9a-3a5d9363ba85\") " pod="kube-system/local-path-provisioner-698b58967b-bgqjg"
2025-01-30 18:12:32,778 INFO c.h.h.t.HelmChartContainer - [K3S] [reconciler_common.go:251] "operationExecutor.VerifyControllerAttachedVolume started for volume \"kube-api-access-w497q\" (UniqueName: \"kubernetes.io/projected/c89b46f2-133a-468e-ab9a-3a5d9363ba85-kube-api-access-w497q\") pod \"local-path-provisioner-698b58967b-bgqjg\" (UID: \"c89b46f2-133a-468e-ab9a-3a5d9363ba85\") " pod="kube-system/local-path-provisioner-698b58967b-bgqjg"
2025-01-30 18:12:32,809 INFO c.h.h.t.HelmChartContainer - [K3S] [kube.go:146] Node controller sync successful
2025-01-30 18:12:32,809 INFO c.h.h.t.HelmChartContainer - [K3S] [vxlan.go:141] VXLAN config: VNI=1 Port=0 GBP=false Learning=false DirectRouting=false
2025-01-30 18:12:32,811 INFO c.h.h.t.HelmChartContainer - [K3S] [kube.go:636] List of node(7c00f4923724) annotations: map[string]string{"alpha.kubernetes.io/provided-node-ip":"172.18.0.2", "k3s.io/hostname":"7c00f4923724", "k3s.io/internal-ip":"172.18.0.2", "k3s.io/node-args":"[\"server\",\"--etcd-arg\",\"unsafe-no-fsync\",\"--etcd-arg\",\"snapshot-count=10000\",\"--etcd-arg\",\"auto-compaction-mode=revision\",\"--etcd-arg\",\"auto-compaction-retention=1000000\",\"--kube-apiserver-arg\",\"etcd-compaction-interval=0s\",\"--disable\",\"traefik\",\"--tls-san\",\"localhost\"]", "k3s.io/node-config-hash":"2QNNT5M5XUBFOLO5XPGEVGOM5UDLHHTIVMSRUPAUHE5DU3HUYQUQ====", "k3s.io/node-env":"{}", "node.alpha.kubernetes.io/ttl":"0", "volumes.kubernetes.io/controller-managed-attach-detach":"true"}
2025-01-30 18:12:32,816 INFO c.h.h.t.HelmChartContainer - [K3S] [kube.go:490] Creating the node lease for IPv4. This is the n.Spec.PodCIDRs: [10.42.0.0/24]
2025-01-30 18:12:32,816 INFO c.h.h.t.HelmChartContainer - [K3S] [iptables.go:51] Starting flannel in iptables mode...
2025-01-30 18:12:32,816 INFO c.h.h.t.HelmChartContainer - [K3S] [range_allocator.go:247] "Successfully synced" key="7c00f4923724"
2025-01-30 18:12:32,816 INFO c.h.h.t.HelmChartContainer - [K3S] [WARNING] no subnet found for key: FLANNEL_NETWORK in file: /run/flannel/subnet.env
2025-01-30 18:12:32,816 INFO c.h.h.t.HelmChartContainer - [K3S] [WARNING] no subnet found for key: FLANNEL_SUBNET in file: /run/flannel/subnet.env
2025-01-30 18:12:32,816 INFO c.h.h.t.HelmChartContainer - [K3S] [WARNING] no subnet found for key: FLANNEL_IPV6_NETWORK in file: /run/flannel/subnet.env
2025-01-30 18:12:32,816 INFO c.h.h.t.HelmChartContainer - [K3S] [WARNING] no subnet found for key: FLANNEL_IPV6_SUBNET in file: /run/flannel/subnet.env
2025-01-30 18:12:32,816 INFO c.h.h.t.HelmChartContainer - [K3S] [iptables.go:115] Current network or subnet (10.42.0.0/16, 10.42.0.0/24) is not equal to previous one (0.0.0.0/0, 0.0.0.0/0), trying to recycle old iptables rules
2025-01-30 18:12:32,824 INFO c.h.h.t.HelmChartContainer - [K3S] [iptables.go:125] Setting up masking rules
2025-01-30 18:12:32,826 INFO c.h.h.t.HelmChartContainer - [K3S] [iptables.go:226] Changing default FORWARD chain policy to ACCEPT
2025-01-30 18:12:32,827 INFO c.h.h.t.HelmChartContainer - [K3S] [INFO] Wrote flannel subnet file to /run/flannel/subnet.env
2025-01-30 18:12:32,827 INFO c.h.h.t.HelmChartContainer - [K3S] [INFO] Running flannel backend.
2025-01-30 18:12:32,828 INFO c.h.h.t.HelmChartContainer - [K3S] [vxlan_network.go:65] watching for new subnet leases
2025-01-30 18:12:32,836 INFO c.h.h.t.HelmChartContainer - [K3S] [iptables.go:372] bootstrap done
2025-01-30 18:12:32,842 INFO c.h.h.t.HelmChartContainer - [K3S] [iptables.go:372] bootstrap done
2025-01-30 18:12:33,295 INFO c.h.h.t.HelmChartContainer - [K3S] [handler_proxy.go:99] no RequestInfo found in the context
2025-01-30 18:12:33,296 INFO c.h.h.t.HelmChartContainer - [K3S] [handler_proxy.go:99] no RequestInfo found in the context
2025-01-30 18:12:33,296 INFO c.h.h.t.HelmChartContainer - [K3S] [controller.go:102] "Unhandled Error" err=<
2025-01-30 18:12:33,296 INFO c.h.h.t.HelmChartContainer - [K3S] 	, Header: map[Content-Type:[text/plain; charset=utf-8] X-Content-Type-Options:[nosniff]]
2025-01-30 18:12:33,296 INFO c.h.h.t.HelmChartContainer - [K3S]  >
2025-01-30 18:12:33,923 INFO c.h.h.t.HelmChartContainer - [K3S] [INFO] Starting network policy controller version v2.2.1, built on 2025-01-28T18:27:08Z, go1.23.4
2025-01-30 18:12:33,923 INFO c.h.h.t.HelmChartContainer - [K3S] [network_policy_controller.go:164] Starting network policy controller
2025-01-30 18:12:33,961 INFO c.h.h.t.HelmChartContainer - [K3S] [network_policy_controller.go:176] Starting network policy controller full sync goroutine
2025-01-30 18:12:36,417 INFO c.h.h.t.HelmChartContainer - [K3S] [replica_set.go:679] "Finished syncing" kind="ReplicaSet" key="kube-system/local-path-provisioner-698b58967b" duration="6.405866ms"
2025-01-30 18:12:36,422 INFO c.h.h.t.HelmChartContainer - [K3S] [replica_set.go:679] "Finished syncing" kind="ReplicaSet" key="kube-system/local-path-provisioner-698b58967b" duration="38.602µs"
2025-01-30 18:12:36,462 INFO c.h.h.t.HelmChartContainer - [K3S] [replica_set.go:679] "Finished syncing" kind="ReplicaSet" key="kube-system/metrics-server-8584b5786c" duration="33.533µs"
2025-01-30 18:12:36,463 INFO c.h.h.t.HelmChartContainer - [K3S] [replica_set.go:679] "Finished syncing" kind="ReplicaSet" key="kube-system/coredns-ff8999cc5" duration="21.106208ms"
2025-01-30 18:12:36,463 INFO c.h.h.t.HelmChartContainer - [K3S] [replica_set.go:679] "Finished syncing" kind="ReplicaSet" key="kube-system/coredns-ff8999cc5" duration="26.97µs"
2025-01-30 18:12:36,645 INFO c.h.h.t.HelmChartContainer - [K3S] [kuberuntime_manager.go:1702] "Updating runtime config through cri with podcidr" CIDR="10.42.0.0/24"
2025-01-30 18:12:36,645 INFO c.h.h.t.HelmChartContainer - [K3S] [kubelet_network.go:61] "Updating Pod CIDR" originalPodCIDR="" newPodCIDR="10.42.0.0/24"
2025-01-30 18:12:36,652 INFO c.h.h.t.HelmChartContainer - [K3S] [range_allocator.go:247] "Successfully synced" key="7c00f4923724"
2025-01-30 18:12:36,685 DEBUG c.h.h.t.HelmChartContainer - Image file loaded 'hivemq-platform-operator.tar'
2025-01-30 18:12:37,129 DEBUG c.h.h.t.HelmChartContainer - Image file loaded 'hivemq-platform-operator-init.tar'
2025-01-30 18:12:42,986 DEBUG c.h.h.t.HelmChartContainer - Image file loaded 'hivemq-platform.tar'
2025-01-30 18:12:42,986 DEBUG c.h.h.t.HelmChartContainer - Successful Helm chart Container startup
2025-01-30 18:12:42,999 INFO t.localhost/testcontainers/p31emahsfhu6vlnj:latest - Container localhost/testcontainers/p31emahsfhu6vlnj:latest started in PT20.977068806S
2025-01-30 18:12:43,009 DEBUG c.h.h.t.HelmChartContainer - Executing helm command: /bin/helm --kubeconfig /etc/rancher/k3s/k3s.yaml repo add hivemq https://hivemq.github.io/helm-charts
2025-01-30 18:12:44,299 INFO c.h.h.t.HelmChartContainer - [EVENT] Normal [Starting] Starting kubelet. [null:7c00f4923724]
2025-01-30 18:12:44,300 INFO c.h.h.t.HelmChartContainer - [EVENT] Warning [InvalidDiskCapacity] invalid capacity 0 on image filesystem [null:7c00f4923724]
2025-01-30 18:12:44,300 INFO c.h.h.t.HelmChartContainer - [EVENT] Normal [NodeHasSufficientMemory] Node 7c00f4923724 status is now: NodeHasSufficientMemory [null:7c00f4923724]
2025-01-30 18:12:44,301 INFO c.h.h.t.HelmChartContainer - [EVENT] Normal [NodeHasNoDiskPressure] Node 7c00f4923724 status is now: NodeHasNoDiskPressure [null:7c00f4923724]
2025-01-30 18:12:44,302 INFO c.h.h.t.HelmChartContainer - [EVENT] Normal [NodeHasSufficientPID] Node 7c00f4923724 status is now: NodeHasSufficientPID [null:7c00f4923724]
2025-01-30 18:12:44,304 INFO c.h.h.t.HelmChartContainer - [EVENT] Normal [NodeAllocatableEnforced] Updated Node Allocatable limit across pods [null:7c00f4923724]
2025-01-30 18:12:44,304 INFO c.h.h.t.HelmChartContainer - [EVENT] Normal [NodeReady] Node 7c00f4923724 status is now: NodeReady [null:7c00f4923724]
2025-01-30 18:12:44,305 INFO c.h.h.t.HelmChartContainer - [EVENT] Normal [NodePasswordValidationComplete] Deferred node password secret validation complete [null:7c00f4923724]
2025-01-30 18:12:44,306 INFO c.h.h.t.HelmChartContainer - [EVENT] Normal [RegisteredNode] Node 7c00f4923724 event: Registered Node 7c00f4923724 in Controller [null:7c00f4923724]
2025-01-30 18:12:44,307 INFO c.h.h.t.HelmChartContainer - [EVENT] Normal [Synced] Node synced successfully [null:7c00f4923724]
2025-01-30 18:12:44,312 INFO c.h.h.t.HelmChartContainer - Saved kubeconfig file on /tmp/kubeconfig-17793400317588164362.yaml
2025-01-30 18:12:44,312 INFO c.h.h.t.HelmChartContainer - HelmChartContainer is started
]]></system-out>
  <system-err><![CDATA[]]></system-err>
</testsuite>
