<?xml version="1.0" encoding="UTF-8"?>
<testsuite name="com.hivemq.helmcharts.operator.HelmRemoveNamespaceIT" tests="1" skipped="0" failures="0" errors="0" timestamp="2025-06-16T06:19:02" hostname="fv-az1909-378" time="87.781">
  <properties/>
  <testcase name="withSingleOperator_hivemqRunningThenDelete()" classname="com.hivemq.helmcharts.operator.HelmRemoveNamespaceIT" time="87.781"/>
</testsuite>
