<?xml version="1.0" encoding="UTF-8"?>
<testsuite name="com.hivemq.helmcharts.extensions.HelmExtensionPriorityIT" tests="1" skipped="0" failures="0" errors="0" timestamp="2025-01-28T20:44:42" hostname="fv-az787-195" time="126.065">
  <properties/>
  <testcase name="platformChart_whenExtensionPriorityIsConfigured_thenInterceptorsAreExecutedInTheExpectedOrder()" classname="com.hivemq.helmcharts.extensions.HelmExtensionPriorityIT" time="126.065">
    <system-out><![CDATA[2025-01-28 20:44:42,552 INFO c.h.h.t.HelmChartContainer - Creating namespace 'helmextensionpriorityit-operator'...
2025-01-28 20:44:42,559 INFO c.h.h.t.HelmChartContainer - Namespace 'helmextensionpriorityit-operator' created
2025-01-28 20:44:42,559 INFO c.h.h.t.HelmChartContainer - Creating namespace 'helmextensionpriorityit'...
2025-01-28 20:44:42,659 INFO c.h.h.t.HelmChartContainer - Namespace 'helmextensionpriorityit' created
2025-01-28 20:44:42,721 DEBUG c.h.h.t.HelmChartContainer - Executing helm command: /bin/helm --kubeconfig /etc/rancher/k3s/k3s.yaml install test-hivemq-platform-operator /charts/hivemq-platform-operator --wait --timeout 5m0s --set image.repository=docker.io/hivemq --set image.name=hivemq-platform-operator-test --set image.initImageName=hivemq-platform-operator-init-test --set image.tag=snapshot --set image.pullPolicy=Never --set logLevel=DEBUG --set resources.cpu=512m --namespace helmextensionpriorityit-operator
2025-01-28 20:44:43,019 INFO c.h.h.t.HelmChartContainer - [K3S] [alloc.go:330] "allocated clusterIPs" service="helmextensionpriorityit-operator/hivemq-platform-operator-test-hivemq-platform-operator" clusterIPs={"IPv4":"10.43.142.98"}
2025-01-28 20:44:43,034 INFO c.h.h.t.HelmChartContainer - [EVENT] Normal [ScalingReplicaSet] Scaled up replica set hivemq-test-hivemq-platform-operator-6966f96d65 from 0 to 1 [helmextensionpriorityit-operator:hivemq-test-hivemq-platform-operator]
2025-01-28 20:44:43,038 INFO c.h.h.t.HelmChartContainer - [POD] hivemq-test-hivemq-platform-operator-6966f96d65-7rf45 [8c19e5b5-44e2-410b-b24e-7b6417977dba] in helmextensionpriorityit-operator was ADDED
2025-01-28 20:44:43,042 INFO c.h.h.t.HelmChartContainer - [K3S] [memory_manager.go:355] "RemoveStaleState removing state" podUID="076a337b-14fc-458d-98d8-3eaad8e8fe9d" containerName="hivemq-platform-operator"
2025-01-28 20:44:43,043 INFO c.h.h.t.HelmChartContainer - [K3S] [memory_manager.go:355] "RemoveStaleState removing state" podUID="1f4fca33-f523-4f88-ad9d-4b1459627033" containerName="hivemq"
2025-01-28 20:44:43,044 INFO c.h.h.t.HelmChartContainer - [POD] hivemq-test-hivemq-platform-operator-6966f96d65-7rf45 [8c19e5b5-44e2-410b-b24e-7b6417977dba] in helmextensionpriorityit-operator was MODIFIED
2025-01-28 20:44:43,049 INFO c.h.h.t.HelmChartContainer - [EVENT] Normal [SuccessfulCreate] Created pod: hivemq-test-hivemq-platform-operator-6966f96d65-7rf45 [helmextensionpriorityit-operator:hivemq-test-hivemq-platform-operator-6966f96d65]
2025-01-28 20:44:43,050 INFO c.h.h.t.HelmChartContainer - [K3S] [replica_set.go:679] "Finished syncing" kind="ReplicaSet" key="helmextensionpriorityit-operator/hivemq-test-hivemq-platform-operator-6966f96d65" duration="21.111373ms"
2025-01-28 20:44:43,051 INFO c.h.h.t.HelmChartContainer - [EVENT] Normal [Scheduled] Successfully assigned helmextensionpriorityit-operator/hivemq-test-hivemq-platform-operator-6966f96d65-7rf45 to f5e8ff193853 [helmextensionpriorityit-operator:hivemq-test-hivemq-platform-operator-6966f96d65-7rf45]
2025-01-28 20:44:43,056 INFO c.h.h.t.HelmChartContainer - [K3S] [replica_set.go:679] "Finished syncing" kind="ReplicaSet" key="helmextensionpriorityit-operator/hivemq-test-hivemq-platform-operator-6966f96d65" duration="6.086379ms"
2025-01-28 20:44:43,058 INFO c.h.h.t.HelmChartContainer - [K3S] [replica_set.go:679] "Finished syncing" kind="ReplicaSet" key="helmextensionpriorityit-operator/hivemq-test-hivemq-platform-operator-6966f96d65" duration="36.098µs"
2025-01-28 20:44:43,059 INFO c.h.h.t.HelmChartContainer - [POD] hivemq-test-hivemq-platform-operator-6966f96d65-7rf45 [8c19e5b5-44e2-410b-b24e-7b6417977dba] in helmextensionpriorityit-operator was MODIFIED
2025-01-28 20:44:43,059 INFO c.h.h.t.HelmChartContainer - [K3S] [replica_set.go:679] "Finished syncing" kind="ReplicaSet" key="helmextensionpriorityit-operator/hivemq-test-hivemq-platform-operator-6966f96d65" duration="36.197µs"
2025-01-28 20:44:43,067 INFO c.h.h.t.HelmChartContainer - [K3S] [reconciler_common.go:251] "operationExecutor.VerifyControllerAttachedVolume started for volume \"kube-api-access-spp7x\" (UniqueName: \"kubernetes.io/projected/8c19e5b5-44e2-410b-b24e-7b6417977dba-kube-api-access-spp7x\") pod \"hivemq-test-hivemq-platform-operator-6966f96d65-7rf45\" (UID: \"8c19e5b5-44e2-410b-b24e-7b6417977dba\") " pod="helmextensionpriorityit-operator/hivemq-test-hivemq-platform-operator-6966f96d65-7rf45"
2025-01-28 20:44:43,430 INFO c.h.h.t.HelmChartContainer - [EVENT] Normal [Pulled] Container image "docker.io/hivemq/hivemq-platform-operator-test:snapshot" already present on machine [helmextensionpriorityit-operator:hivemq-test-hivemq-platform-operator-6966f96d65-7rf45]
2025-01-28 20:44:43,430 INFO c.h.h.t.HelmChartContainer - Received Pulled event for container hivemq-platform-operator in pod hivemq-test-hivemq-platform-operator-6966f96d65-7rf45 [8c19e5b5-44e2-410b-b24e-7b6417977dba]
2025-01-28 20:44:44,684 INFO c.h.h.t.HelmChartContainer - [EVENT] Normal [Created] Created container: hivemq-platform-operator [helmextensionpriorityit-operator:hivemq-test-hivemq-platform-operator-6966f96d65-7rf45]
2025-01-28 20:44:44,684 INFO c.h.h.t.HelmChartContainer - Received Created event for container hivemq-platform-operator in pod hivemq-test-hivemq-platform-operator-6966f96d65-7rf45 [8c19e5b5-44e2-410b-b24e-7b6417977dba]
2025-01-28 20:44:45,011 INFO c.h.h.t.HelmChartContainer - [POD] hivemq-test-hivemq-platform-operator-6966f96d65-7rf45 [8c19e5b5-44e2-410b-b24e-7b6417977dba] in helmextensionpriorityit-operator was MODIFIED
2025-01-28 20:44:45,013 INFO c.h.h.t.HelmChartContainer - [K3S] [replica_set.go:679] "Finished syncing" kind="ReplicaSet" key="helmextensionpriorityit-operator/hivemq-test-hivemq-platform-operator-6966f96d65" duration="40.776µs"
2025-01-28 20:44:45,026 INFO c.h.h.t.HelmChartContainer - Started log watcher for hivemq-platform-operator in pod hivemq-test-hivemq-platform-operator-6966f96d65-7rf45 [8c19e5b5-44e2-410b-b24e-7b6417977dba]
2025-01-28 20:44:45,026 INFO c.h.h.t.HelmChartContainer - [EVENT] Normal [Started] Started container hivemq-platform-operator [helmextensionpriorityit-operator:hivemq-test-hivemq-platform-operator-6966f96d65-7rf45]
2025-01-28 20:44:45,026 INFO c.h.h.t.HelmChartContainer - Received Started event for container hivemq-platform-operator in pod hivemq-test-hivemq-platform-operator-6966f96d65-7rf45 [8c19e5b5-44e2-410b-b24e-7b6417977dba]
2025-01-28 20:44:45,026 INFO c.h.h.t.HelmChartContainer - [hivemq-test-hivemq-platform] [hivemq-platform-operator] [8c19e5b5] -------------------------------------------------------------------------
2025-01-28 20:44:45,026 INFO c.h.h.t.HelmChartContainer - [hivemq-test-hivemq-platform] [hivemq-platform-operator] [8c19e5b5] 
2025-01-28 20:44:45,026 INFO c.h.h.t.HelmChartContainer - [hivemq-test-hivemq-platform] [hivemq-platform-operator] [8c19e5b5]                   _    _  _              __  __   ____
2025-01-28 20:44:45,026 INFO c.h.h.t.HelmChartContainer - [hivemq-test-hivemq-platform] [hivemq-platform-operator] [8c19e5b5]                  | |  | |(_)            |  \/  | / __ \
2025-01-28 20:44:45,027 INFO c.h.h.t.HelmChartContainer - [hivemq-test-hivemq-platform] [hivemq-platform-operator] [8c19e5b5]                  | |__| | _ __   __ ___ | \  / || |  | |
2025-01-28 20:44:45,027 INFO c.h.h.t.HelmChartContainer - [hivemq-test-hivemq-platform] [hivemq-platform-operator] [8c19e5b5]                  |  __  || |\ \ / // _ \| |\/| || |  | |
2025-01-28 20:44:45,027 INFO c.h.h.t.HelmChartContainer - [hivemq-test-hivemq-platform] [hivemq-platform-operator] [8c19e5b5]                  | |  | || | \ V /|  __/| |  | || |__| |
2025-01-28 20:44:45,027 INFO c.h.h.t.HelmChartContainer - [hivemq-test-hivemq-platform] [hivemq-platform-operator] [8c19e5b5]                  |_|  |_||_|  \_/  \___||_|  |_| \___\_\
2025-01-28 20:44:45,027 INFO c.h.h.t.HelmChartContainer - [hivemq-test-hivemq-platform] [hivemq-platform-operator] [8c19e5b5] 
2025-01-28 20:44:45,027 INFO c.h.h.t.HelmChartContainer - [hivemq-test-hivemq-platform] [hivemq-platform-operator] [8c19e5b5] -------------------------------------------------------------------------
2025-01-28 20:44:45,027 INFO c.h.h.t.HelmChartContainer - [hivemq-test-hivemq-platform] [hivemq-platform-operator] [8c19e5b5] 
2025-01-28 20:44:45,027 INFO c.h.h.t.HelmChartContainer - [hivemq-test-hivemq-platform] [hivemq-platform-operator] [8c19e5b5]   HiveMQ Platform Operator Start Script v1.0
2025-01-28 20:44:45,027 INFO c.h.h.t.HelmChartContainer - [hivemq-test-hivemq-platform] [hivemq-platform-operator] [8c19e5b5] 
2025-01-28 20:44:45,027 INFO c.h.h.t.HelmChartContainer - [hivemq-test-hivemq-platform] [hivemq-platform-operator] [8c19e5b5] -------------------------------------------------------------------------
2025-01-28 20:44:45,027 INFO c.h.h.t.HelmChartContainer - [hivemq-test-hivemq-platform] [hivemq-platform-operator] [8c19e5b5] 
2025-01-28 20:44:45,027 INFO c.h.h.t.HelmChartContainer - [hivemq-test-hivemq-platform] [hivemq-platform-operator] [8c19e5b5]   JAVA_OPTS: -XX:+UnlockExperimentalVMOptions -XX:InitialRAMPercentage=75 -XX:MaxRAMPercentage=75 -Duser.language=en -Duser.region=US
2025-01-28 20:44:45,027 INFO c.h.h.t.HelmChartContainer - [hivemq-test-hivemq-platform] [hivemq-platform-operator] [8c19e5b5] 
2025-01-28 20:44:45,027 INFO c.h.h.t.HelmChartContainer - [hivemq-test-hivemq-platform] [hivemq-platform-operator] [8c19e5b5]   JAVA_VERSION: 21
2025-01-28 20:44:45,027 INFO c.h.h.t.HelmChartContainer - [hivemq-test-hivemq-platform] [hivemq-platform-operator] [8c19e5b5] 
2025-01-28 20:44:45,027 INFO c.h.h.t.HelmChartContainer - [hivemq-test-hivemq-platform] [hivemq-platform-operator] [8c19e5b5] -------------------------------------------------------------------------
2025-01-28 20:44:45,027 INFO c.h.h.t.HelmChartContainer - [hivemq-test-hivemq-platform] [hivemq-platform-operator] [8c19e5b5] 
2025-01-28 20:44:48,114 INFO c.h.h.t.HelmChartContainer - [hivemq-test-hivemq-platform] [hivemq-platform-operator] [8c19e5b5] 20:44:48.111 [main] DEBUG org.jboss.logging - Logging Provider: org.jboss.logging.Slf4jLoggerProvider
2025-01-28 20:44:48,214 INFO c.h.h.t.HelmChartContainer - [hivemq-test-hivemq-platform] [hivemq-platform-operator] [8c19e5b5] 20:44:48.212 [main] DEBUG io.smallrye.config - SRCFG01006: Loaded ConfigSource SysPropConfigSource with ordinal 400
2025-01-28 20:44:48,214 INFO c.h.h.t.HelmChartContainer - [hivemq-test-hivemq-platform] [hivemq-platform-operator] [8c19e5b5] 20:44:48.213 [main] DEBUG io.smallrye.config - SRCFG01006: Loaded ConfigSource EnvConfigSource with ordinal 300
2025-01-28 20:44:48,214 INFO c.h.h.t.HelmChartContainer - [hivemq-test-hivemq-platform] [hivemq-platform-operator] [8c19e5b5] 20:44:48.213 [main] DEBUG io.smallrye.config - SRCFG01006: Loaded ConfigSource PropertiesConfigSource[source=jar:file:///opt/hivemq-platform-operator/bin/hivemq-platform-operator.jar!/hivemq-platform-operator.properties] with ordinal 100
2025-01-28 20:44:48,214 INFO c.h.h.t.HelmChartContainer - [hivemq-test-hivemq-platform] [hivemq-platform-operator] [8c19e5b5] 20:44:48.213 [main] DEBUG io.smallrye.config - SRCFG01006: Loaded ConfigSource DefaultValuesConfigSource with ordinal -2147483648
2025-01-28 20:44:48,319 INFO c.h.h.t.HelmChartContainer - [hivemq-test-hivemq-platform] [hivemq-platform-operator] [8c19e5b5] 20:44:48.318 [main] DEBUG i.m.c.u.i.l.InternalLoggerFactory - Using SLF4J as the default logging framework
2025-01-28 20:44:48,424 INFO c.h.h.t.HelmChartContainer - [hivemq-test-hivemq-platform] [hivemq-platform-operator] [8c19e5b5] 20:44:48.417 [main] INFO  c.h.p.o.HiveMQPlatformOperatorApplication - HiveMQ Platform Operator 1.7.0-SNAPSHOT (commit: bebf408 on branch: HEAD) built on Sun Jan 26 20:47:47 UTC 2025
2025-01-28 20:44:48,425 INFO c.h.h.t.HelmChartContainer - [hivemq-test-hivemq-platform] [hivemq-platform-operator] [8c19e5b5] 20:44:48.424 [main] INFO  c.h.p.o.HiveMQPlatformOperatorApplication - HiveMQ Platform Operator is running in namespace: helmextensionpriorityit-operator
2025-01-28 20:44:48,501 INFO c.h.h.t.HelmChartContainer - [hivemq-test-hivemq-platform] [hivemq-platform-operator] [8c19e5b5] 20:44:48.500 [main] INFO  c.h.p.o.HiveMQPlatformOperatorApplication - Watching all namespaces
2025-01-28 20:44:48,501 INFO c.h.h.t.HelmChartContainer - [hivemq-test-hivemq-platform] [hivemq-platform-operator] [8c19e5b5] 20:44:48.500 [main] INFO  c.h.p.o.HiveMQPlatformOperatorApplication - Log level: DEBUG
2025-01-28 20:44:48,501 INFO c.h.h.t.HelmChartContainer - [hivemq-test-hivemq-platform] [hivemq-platform-operator] [8c19e5b5] 20:44:48.500 [main] INFO  c.h.p.o.HiveMQPlatformOperatorApplication - Release name: test-hivemq-platform-operator
2025-01-28 20:44:48,501 INFO c.h.h.t.HelmChartContainer - [hivemq-test-hivemq-platform] [hivemq-platform-operator] [8c19e5b5] 20:44:48.500 [main] INFO  c.h.p.o.HiveMQPlatformOperatorApplication - HiveMQ Platform Operator Init image: docker.io/hivemq/hivemq-platform-operator-init-test:snapshot
2025-01-28 20:44:48,501 INFO c.h.h.t.HelmChartContainer - [hivemq-test-hivemq-platform] [hivemq-platform-operator] [8c19e5b5] 20:44:48.500 [main] INFO  c.h.p.o.HiveMQPlatformOperatorApplication - HiveMQ Platform Operator Init App update URL: http://hivemq-platform-operator-test-hivemq-platform-operator.helmextensionpriorityit-operator.svc:8080/initAppUpdate/hivemq-platform-operator-init-app-1.7.0-SNAPSHOT.jar
2025-01-28 20:44:48,501 INFO c.h.h.t.HelmChartContainer - [hivemq-test-hivemq-platform] [hivemq-platform-operator] [8c19e5b5] 20:44:48.500 [main] INFO  c.h.p.o.HiveMQPlatformOperatorApplication - Additional imagePullSecret for all Platform deployments: none
2025-01-28 20:44:48,501 INFO c.h.h.t.HelmChartContainer - [hivemq-test-hivemq-platform] [hivemq-platform-operator] [8c19e5b5] 20:44:48.500 [main] INFO  c.h.p.o.HiveMQPlatformOperatorApplication - Apply HiveMQ Platform CRD: true
2025-01-28 20:44:48,502 INFO c.h.h.t.HelmChartContainer - [hivemq-test-hivemq-platform] [hivemq-platform-operator] [8c19e5b5] 20:44:48.500 [main] INFO  c.h.p.o.HiveMQPlatformOperatorApplication - Create Platform ServiceAccount: true
2025-01-28 20:44:48,503 INFO c.h.h.t.HelmChartContainer - [hivemq-test-hivemq-platform] [hivemq-platform-operator] [8c19e5b5] 20:44:48.500 [main] INFO  c.h.p.o.HiveMQPlatformOperatorApplication - Create Platform ServiceAccount permissions: true
2025-01-28 20:44:48,503 INFO c.h.h.t.HelmChartContainer - [hivemq-test-hivemq-platform] [hivemq-platform-operator] [8c19e5b5] 20:44:48.500 [main] INFO  c.h.p.o.HiveMQPlatformOperatorApplication - Validate Platform ServiceAccount: true
2025-01-28 20:44:48,503 INFO c.h.h.t.HelmChartContainer - [hivemq-test-hivemq-platform] [hivemq-platform-operator] [8c19e5b5] 20:44:48.500 [main] INFO  c.h.p.o.HiveMQPlatformOperatorApplication - Validate Platform ServiceAccount permissions: true
2025-01-28 20:44:48,622 INFO c.h.h.t.HelmChartContainer - [hivemq-test-hivemq-platform] [hivemq-platform-operator] [8c19e5b5] 20:44:48.621 [main] INFO  c.h.platform.operator.util.CRDUtil - Verifying deployed HiveMQ Platform CRD...
2025-01-28 20:44:51,013 INFO c.h.h.t.HelmChartContainer - [hivemq-test-hivemq-platform] [hivemq-platform-operator] [8c19e5b5] 20:44:51.011 [main] DEBUG c.h.platform.operator.util.CRDUtil - HiveMQ Platform CRD version v1 is up to date
2025-01-28 20:44:51,013 INFO c.h.h.t.HelmChartContainer - [hivemq-test-hivemq-platform] [hivemq-platform-operator] [8c19e5b5] 20:44:51.011 [main] INFO  c.h.platform.operator.util.CRDUtil - HiveMQ Platform CRD is up to date (version: V1_6_0)
2025-01-28 20:44:51,013 INFO c.h.h.t.HelmChartContainer - [hivemq-test-hivemq-platform] [hivemq-platform-operator] [8c19e5b5] 20:44:51.012 [main] INFO  c.h.platform.operator.util.CRDUtil - Waiting 10000 ms for HiveMQ Platform CRD 'hivemq-platforms.hivemq.com' to become ready...
2025-01-28 20:44:51,312 INFO c.h.h.t.HelmChartContainer - [hivemq-test-hivemq-platform] [hivemq-platform-operator] [8c19e5b5] 20:44:51.310 [vert.x-eventloop-thread-1] DEBUG c.h.platform.operator.util.CRDUtil - Checking CRD condition 'NamesAccepted' (status: 'True')
2025-01-28 20:44:51,312 INFO c.h.h.t.HelmChartContainer - [hivemq-test-hivemq-platform] [hivemq-platform-operator] [8c19e5b5] 20:44:51.310 [vert.x-eventloop-thread-1] DEBUG c.h.platform.operator.util.CRDUtil - Checking CRD condition 'Established' (status: 'True')
2025-01-28 20:44:51,313 INFO c.h.h.t.HelmChartContainer - [hivemq-test-hivemq-platform] [hivemq-platform-operator] [8c19e5b5] 20:44:51.311 [main] INFO  c.h.platform.operator.util.CRDUtil - HiveMQ Platform CRD 'hivemq-platforms.hivemq.com' is ready
2025-01-28 20:44:51,513 INFO c.h.h.t.HelmChartContainer - [hivemq-test-hivemq-platform] [hivemq-platform-operator] [8c19e5b5] 20:44:51.511 [main] INFO  c.h.p.o.HiveMQPlatformReconciler - HiveMQ Platform Operator is starting...
2025-01-28 20:44:51,614 INFO c.h.h.t.HelmChartContainer - [hivemq-test-hivemq-platform] [hivemq-platform-operator] [8c19e5b5] 20:44:51.614 [main] WARN  Default ConfigurationService implementation - Configuration for reconciler 'hivemq-controller' was not found. Known reconcilers: None.
2025-01-28 20:44:51,703 INFO c.h.h.t.HelmChartContainer - [hivemq-test-hivemq-platform] [hivemq-platform-operator] [8c19e5b5] 20:44:51.702 [main] INFO  Default ConfigurationService implementation - Created configuration for reconciler com.hivemq.platform.operator.HiveMQPlatformReconciler with name hivemq-controller
2025-01-28 20:44:51,803 INFO c.h.h.t.HelmChartContainer - [hivemq-test-hivemq-platform] [hivemq-platform-operator] [8c19e5b5] 20:44:51.802 [main] DEBUG c.h.p.o.HiveMQPlatformReconciler - HiveMQ Platform Operator is preparing EventSources
2025-01-28 20:44:51,815 INFO c.h.h.t.HelmChartContainer - [hivemq-test-hivemq-platform] [hivemq-platform-operator] [8c19e5b5] 20:44:51.814 [main] INFO  i.javaoperatorsdk.operator.Operator - Registered reconciler: 'hivemq-controller' for resource: 'class com.hivemq.platform.operator.v1.HiveMQPlatform' for namespace(s): [all namespaces]
2025-01-28 20:44:52,420 INFO c.h.h.t.HelmChartContainer - [hivemq-test-hivemq-platform] [hivemq-platform-operator] [8c19e5b5] 20:44:52.419 [main] INFO  c.h.p.operator.webserver.JettyServer - Starting Jetty server on port 8080
2025-01-28 20:44:52,518 INFO c.h.h.t.HelmChartContainer - [hivemq-test-hivemq-platform] [hivemq-platform-operator] [8c19e5b5] 20:44:52.517 [main] INFO  i.javaoperatorsdk.operator.Operator - Operator SDK 4.9.7 (commit: 2133d28) built on Wed Nov 20 12:56:20 UTC 2024 starting...
2025-01-28 20:44:52,519 INFO c.h.h.t.HelmChartContainer - [hivemq-test-hivemq-platform] [hivemq-platform-operator] [8c19e5b5] 20:44:52.518 [main] INFO  i.javaoperatorsdk.operator.Operator - Client version: 6.13.4
2025-01-28 20:44:52,520 INFO c.h.h.t.HelmChartContainer - [hivemq-test-hivemq-platform] [hivemq-platform-operator] [8c19e5b5] 20:44:52.519 [Controller Starter for: hivemq-controller] INFO  i.j.operator.processing.Controller - Starting 'hivemq-controller' controller for reconciler: com.hivemq.platform.operator.HiveMQPlatformReconciler, resource: com.hivemq.platform.operator.v1.HiveMQPlatform
2025-01-28 20:44:55,109 INFO c.h.h.t.HelmChartContainer - [hivemq-test-hivemq-platform] [hivemq-platform-operator] [8c19e5b5] 20:44:55.108 [Controller Starter for: hivemq-controller] INFO  i.j.operator.processing.Controller - 'hivemq-controller' controller started
2025-01-28 20:44:55,109 INFO c.h.h.t.HelmChartContainer - [hivemq-test-hivemq-platform] [hivemq-platform-operator] [8c19e5b5] 20:44:55.108 [main] INFO  c.h.p.o.HiveMQPlatformOperatorApplication - HiveMQ Platform Operator 1.7.0-SNAPSHOT started in 6691 ms
2025-01-28 20:44:56,018 INFO c.h.h.t.HelmChartContainer - [POD] hivemq-test-hivemq-platform-operator-6966f96d65-7rf45 [8c19e5b5-44e2-410b-b24e-7b6417977dba] in helmextensionpriorityit-operator was MODIFIED
2025-01-28 20:44:56,022 INFO c.h.h.t.HelmChartContainer - [K3S] [replica_set.go:679] "Finished syncing" kind="ReplicaSet" key="helmextensionpriorityit-operator/hivemq-test-hivemq-platform-operator-6966f96d65" duration="7.581017ms"
2025-01-28 20:44:56,023 INFO c.h.h.t.HelmChartContainer - [K3S] [replica_set.go:679] "Finished syncing" kind="ReplicaSet" key="helmextensionpriorityit-operator/hivemq-test-hivemq-platform-operator-6966f96d65" duration="48.211µs"
2025-01-28 20:44:57,163 DEBUG c.h.helmcharts.util.HiveMQExtension - Trying to compile class '/home/runner/work/helm-charts/helm-charts/helm-charts/tests-hivemq-platform-operator/src/integrationTest/java/com/hivemq/helmcharts/extensions/custom/AppendingFooPublishInboundInterceptorExtensionMain.java' into extension 'hivemq-appending-foo-extension'
2025-01-28 20:44:58,001 DEBUG c.h.helmcharts.util.HiveMQExtension - Trying to compile class '/home/runner/work/helm-charts/helm-charts/helm-charts/tests-hivemq-platform-operator/src/integrationTest/java/com/hivemq/helmcharts/extensions/custom/BaseAppendingPublishInboundInterceptorExtensionMain.java' into extension 'hivemq-appending-foo-extension'
2025-01-28 20:44:58,234 DEBUG c.h.helmcharts.util.HiveMQExtension - Trying to package class 'com.hivemq.extension.sdk.api.services.intializer.InitializerRegistry' into extension 'hivemq-appending-foo-extension'
2025-01-28 20:44:58,239 DEBUG c.h.helmcharts.util.HiveMQExtension - Trying to package class 'com.hivemq.extension.sdk.api.services.Services' into extension 'hivemq-appending-foo-extension'
2025-01-28 20:44:58,240 DEBUG c.h.helmcharts.util.HiveMQExtension - Trying to compile class '/home/runner/work/helm-charts/helm-charts/helm-charts/tests-hivemq-platform-operator/src/integrationTest/java/com/hivemq/helmcharts/extensions/custom/BaseAppendingPublishInboundInterceptorExtensionMain.java' into extension 'hivemq-appending-foo-extension'
2025-01-28 20:44:58,328 DEBUG c.h.helmcharts.util.HiveMQExtension - Trying to package class 'com.hivemq.extension.sdk.api.client.ClientContext' into extension 'hivemq-appending-foo-extension'
2025-01-28 20:44:58,329 DEBUG c.h.helmcharts.util.HiveMQExtension - Trying to package class 'org.slf4j.Logger' into extension 'hivemq-appending-foo-extension'
2025-01-28 20:44:58,331 DEBUG c.h.helmcharts.util.HiveMQExtension - Trying to compile class '/home/runner/work/helm-charts/helm-charts/helm-charts/tests-hivemq-platform-operator/src/integrationTest/java/com/hivemq/helmcharts/extensions/custom/AppendingPublishInboundInterceptor.java' into extension 'hivemq-appending-foo-extension'
2025-01-28 20:44:58,610 DEBUG c.h.helmcharts.util.HiveMQExtension - Trying to package class 'com.hivemq.extension.sdk.api.interceptor.publish.PublishInboundInterceptor' into extension 'hivemq-appending-foo-extension'
2025-01-28 20:44:58,611 DEBUG c.h.helmcharts.util.HiveMQExtension - Trying to package class 'org.slf4j.Logger' into extension 'hivemq-appending-foo-extension'
2025-01-28 20:44:58,613 DEBUG c.h.helmcharts.util.HiveMQExtension - Trying to package class 'com.hivemq.extension.sdk.api.packets.publish.ModifiablePublishPacket' into extension 'hivemq-appending-foo-extension'
2025-01-28 20:44:58,614 DEBUG c.h.helmcharts.util.HiveMQExtension - Trying to package class 'org.slf4j.LoggerFactory' into extension 'hivemq-appending-foo-extension'
2025-01-28 20:44:58,615 DEBUG c.h.helmcharts.util.HiveMQExtension - Trying to package class 'com.hivemq.extension.sdk.api.interceptor.publish.parameter.PublishInboundOutput' into extension 'hivemq-appending-foo-extension'
2025-01-28 20:44:58,617 DEBUG c.h.helmcharts.util.HiveMQExtension - Trying to compile class '/home/runner/work/helm-charts/helm-charts/helm-charts/tests-hivemq-platform-operator/src/integrationTest/java/com/hivemq/helmcharts/extensions/custom/AppendingPublishInboundInterceptor.java' into extension 'hivemq-appending-foo-extension'
2025-01-28 20:44:58,689 DEBUG c.h.helmcharts.util.HiveMQExtension - Trying to package class 'com.hivemq.extension.sdk.api.packets.publish.PublishPacket' into extension 'hivemq-appending-foo-extension'
2025-01-28 20:44:58,691 DEBUG c.h.helmcharts.util.HiveMQExtension - Trying to package class 'com.hivemq.extension.sdk.api.interceptor.publish.parameter.PublishInboundInput' into extension 'hivemq-appending-foo-extension'
2025-01-28 20:44:58,692 DEBUG c.h.helmcharts.util.HiveMQExtension - Trying to package class 'com.hivemq.extension.sdk.api.ExtensionMain' into extension 'hivemq-appending-foo-extension'
2025-01-28 20:44:58,693 DEBUG c.h.helmcharts.util.HiveMQExtension - Trying to package class 'org.slf4j.LoggerFactory' into extension 'hivemq-appending-foo-extension'
2025-01-28 20:44:58,712 DEBUG c.h.helmcharts.util.HiveMQExtension - Trying to compile class '/home/runner/work/helm-charts/helm-charts/helm-charts/tests-hivemq-platform-operator/src/integrationTest/java/com/hivemq/helmcharts/extensions/custom/AppendingBarPublishInboundInterceptorExtensionMain.java' into extension 'hivemq-appending-bar-extension'
2025-01-28 20:44:58,905 DEBUG c.h.helmcharts.util.HiveMQExtension - Trying to compile class '/home/runner/work/helm-charts/helm-charts/helm-charts/tests-hivemq-platform-operator/src/integrationTest/java/com/hivemq/helmcharts/extensions/custom/BaseAppendingPublishInboundInterceptorExtensionMain.java' into extension 'hivemq-appending-bar-extension'
2025-01-28 20:44:59,010 DEBUG c.h.helmcharts.util.HiveMQExtension - Trying to package class 'com.hivemq.extension.sdk.api.services.intializer.InitializerRegistry' into extension 'hivemq-appending-bar-extension'
2025-01-28 20:44:59,012 DEBUG c.h.helmcharts.util.HiveMQExtension - Trying to package class 'com.hivemq.extension.sdk.api.services.Services' into extension 'hivemq-appending-bar-extension'
2025-01-28 20:44:59,013 DEBUG c.h.helmcharts.util.HiveMQExtension - Trying to compile class '/home/runner/work/helm-charts/helm-charts/helm-charts/tests-hivemq-platform-operator/src/integrationTest/java/com/hivemq/helmcharts/extensions/custom/BaseAppendingPublishInboundInterceptorExtensionMain.java' into extension 'hivemq-appending-bar-extension'
2025-01-28 20:44:59,075 DEBUG c.h.helmcharts.util.HiveMQExtension - Trying to package class 'com.hivemq.extension.sdk.api.client.ClientContext' into extension 'hivemq-appending-bar-extension'
2025-01-28 20:44:59,076 DEBUG c.h.helmcharts.util.HiveMQExtension - Trying to package class 'org.slf4j.Logger' into extension 'hivemq-appending-bar-extension'
2025-01-28 20:44:59,077 DEBUG c.h.helmcharts.util.HiveMQExtension - Trying to compile class '/home/runner/work/helm-charts/helm-charts/helm-charts/tests-hivemq-platform-operator/src/integrationTest/java/com/hivemq/helmcharts/extensions/custom/AppendingPublishInboundInterceptor.java' into extension 'hivemq-appending-bar-extension'
2025-01-28 20:44:59,137 DEBUG c.h.helmcharts.util.HiveMQExtension - Trying to package class 'com.hivemq.extension.sdk.api.interceptor.publish.PublishInboundInterceptor' into extension 'hivemq-appending-bar-extension'
2025-01-28 20:44:59,138 DEBUG c.h.helmcharts.util.HiveMQExtension - Trying to package class 'org.slf4j.Logger' into extension 'hivemq-appending-bar-extension'
2025-01-28 20:44:59,139 DEBUG c.h.helmcharts.util.HiveMQExtension - Trying to package class 'com.hivemq.extension.sdk.api.packets.publish.ModifiablePublishPacket' into extension 'hivemq-appending-bar-extension'
2025-01-28 20:44:59,139 DEBUG c.h.helmcharts.util.HiveMQExtension - Trying to package class 'org.slf4j.LoggerFactory' into extension 'hivemq-appending-bar-extension'
2025-01-28 20:44:59,140 DEBUG c.h.helmcharts.util.HiveMQExtension - Trying to package class 'com.hivemq.extension.sdk.api.interceptor.publish.parameter.PublishInboundOutput' into extension 'hivemq-appending-bar-extension'
2025-01-28 20:44:59,140 DEBUG c.h.helmcharts.util.HiveMQExtension - Trying to compile class '/home/runner/work/helm-charts/helm-charts/helm-charts/tests-hivemq-platform-operator/src/integrationTest/java/com/hivemq/helmcharts/extensions/custom/AppendingPublishInboundInterceptor.java' into extension 'hivemq-appending-bar-extension'
2025-01-28 20:44:59,196 DEBUG c.h.helmcharts.util.HiveMQExtension - Trying to package class 'com.hivemq.extension.sdk.api.packets.publish.PublishPacket' into extension 'hivemq-appending-bar-extension'
2025-01-28 20:44:59,197 DEBUG c.h.helmcharts.util.HiveMQExtension - Trying to package class 'com.hivemq.extension.sdk.api.interceptor.publish.parameter.PublishInboundInput' into extension 'hivemq-appending-bar-extension'
2025-01-28 20:44:59,198 DEBUG c.h.helmcharts.util.HiveMQExtension - Trying to package class 'com.hivemq.extension.sdk.api.ExtensionMain' into extension 'hivemq-appending-bar-extension'
2025-01-28 20:44:59,198 DEBUG c.h.helmcharts.util.HiveMQExtension - Trying to package class 'org.slf4j.LoggerFactory' into extension 'hivemq-appending-bar-extension'
2025-01-28 20:44:59,208 DEBUG c.h.helmcharts.util.HiveMQExtension - Trying to compile class '/home/runner/work/helm-charts/helm-charts/helm-charts/tests-hivemq-platform-operator/src/integrationTest/java/com/hivemq/helmcharts/extensions/custom/BaseAppendingPublishInboundInterceptorExtensionMain.java' into extension 'hivemq-appending-baz-extension'
2025-01-28 20:44:59,395 DEBUG c.h.helmcharts.util.HiveMQExtension - Trying to package class 'com.hivemq.extension.sdk.api.services.intializer.InitializerRegistry' into extension 'hivemq-appending-baz-extension'
2025-01-28 20:44:59,395 DEBUG c.h.helmcharts.util.HiveMQExtension - Trying to package class 'com.hivemq.extension.sdk.api.services.Services' into extension 'hivemq-appending-baz-extension'
2025-01-28 20:44:59,396 DEBUG c.h.helmcharts.util.HiveMQExtension - Trying to compile class '/home/runner/work/helm-charts/helm-charts/helm-charts/tests-hivemq-platform-operator/src/integrationTest/java/com/hivemq/helmcharts/extensions/custom/BaseAppendingPublishInboundInterceptorExtensionMain.java' into extension 'hivemq-appending-baz-extension'
2025-01-28 20:44:59,467 DEBUG c.h.helmcharts.util.HiveMQExtension - Trying to package class 'com.hivemq.extension.sdk.api.client.ClientContext' into extension 'hivemq-appending-baz-extension'
2025-01-28 20:44:59,468 DEBUG c.h.helmcharts.util.HiveMQExtension - Trying to package class 'org.slf4j.Logger' into extension 'hivemq-appending-baz-extension'
2025-01-28 20:44:59,469 DEBUG c.h.helmcharts.util.HiveMQExtension - Trying to compile class '/home/runner/work/helm-charts/helm-charts/helm-charts/tests-hivemq-platform-operator/src/integrationTest/java/com/hivemq/helmcharts/extensions/custom/AppendingPublishInboundInterceptor.java' into extension 'hivemq-appending-baz-extension'
2025-01-28 20:44:59,541 DEBUG c.h.helmcharts.util.HiveMQExtension - Trying to package class 'com.hivemq.extension.sdk.api.interceptor.publish.PublishInboundInterceptor' into extension 'hivemq-appending-baz-extension'
2025-01-28 20:44:59,542 DEBUG c.h.helmcharts.util.HiveMQExtension - Trying to package class 'org.slf4j.Logger' into extension 'hivemq-appending-baz-extension'
2025-01-28 20:44:59,544 DEBUG c.h.helmcharts.util.HiveMQExtension - Trying to package class 'com.hivemq.extension.sdk.api.packets.publish.ModifiablePublishPacket' into extension 'hivemq-appending-baz-extension'
2025-01-28 20:44:59,545 DEBUG c.h.helmcharts.util.HiveMQExtension - Trying to package class 'org.slf4j.LoggerFactory' into extension 'hivemq-appending-baz-extension'
2025-01-28 20:44:59,546 DEBUG c.h.helmcharts.util.HiveMQExtension - Trying to package class 'com.hivemq.extension.sdk.api.interceptor.publish.parameter.PublishInboundOutput' into extension 'hivemq-appending-baz-extension'
2025-01-28 20:44:59,546 DEBUG c.h.helmcharts.util.HiveMQExtension - Trying to compile class '/home/runner/work/helm-charts/helm-charts/helm-charts/tests-hivemq-platform-operator/src/integrationTest/java/com/hivemq/helmcharts/extensions/custom/AppendingPublishInboundInterceptor.java' into extension 'hivemq-appending-baz-extension'
2025-01-28 20:44:59,606 DEBUG c.h.helmcharts.util.HiveMQExtension - Trying to package class 'com.hivemq.extension.sdk.api.packets.publish.PublishPacket' into extension 'hivemq-appending-baz-extension'
2025-01-28 20:44:59,607 DEBUG c.h.helmcharts.util.HiveMQExtension - Trying to package class 'com.hivemq.extension.sdk.api.interceptor.publish.parameter.PublishInboundInput' into extension 'hivemq-appending-baz-extension'
2025-01-28 20:44:59,610 DEBUG c.h.helmcharts.util.HiveMQExtension - Trying to package class 'com.hivemq.extension.sdk.api.ExtensionMain' into extension 'hivemq-appending-baz-extension'
2025-01-28 20:44:59,612 DEBUG c.h.helmcharts.util.HiveMQExtension - Trying to package class 'org.slf4j.LoggerFactory' into extension 'hivemq-appending-baz-extension'
2025-01-28 20:44:59,613 DEBUG c.h.helmcharts.util.HiveMQExtension - Trying to compile class '/home/runner/work/helm-charts/helm-charts/helm-charts/tests-hivemq-platform-operator/src/integrationTest/java/com/hivemq/helmcharts/extensions/custom/AppendingBazPublishInboundInterceptorExtensionMain.java' into extension 'hivemq-appending-baz-extension'
2025-01-28 20:44:59,750 INFO c.h.h.t.HelmChartContainer - [EVENT] Normal [ScalingReplicaSet] Scaled up replica set nginx-b74cf9657 from 0 to 1 [helmextensionpriorityit:nginx]
2025-01-28 20:44:59,761 INFO c.h.h.t.HelmChartContainer - [EVENT] Normal [SuccessfulCreate] Created pod: nginx-b74cf9657-npkhv [helmextensionpriorityit:nginx-b74cf9657]
2025-01-28 20:44:59,768 INFO c.h.h.t.HelmChartContainer - [K3S] [replica_set.go:679] "Finished syncing" kind="ReplicaSet" key="helmextensionpriorityit/nginx-b74cf9657" duration="17.7054ms"
2025-01-28 20:44:59,782 INFO c.h.h.t.HelmChartContainer - [K3S] [reflector.go:569] object-"helmextensionpriorityit"/"kube-root-ca.crt": failed to list *v1.ConfigMap: configmaps "kube-root-ca.crt" is forbidden: User "system:node:f5e8ff193853" cannot list resource "configmaps" in API group "" in the namespace "helmextensionpriorityit": no relationship found between node 'f5e8ff193853' and this object
2025-01-28 20:44:59,785 INFO c.h.h.t.HelmChartContainer - [K3S] [reflector.go:166] "Unhandled Error" err="object-\"helmextensionpriorityit\"/\"kube-root-ca.crt\": Failed to watch *v1.ConfigMap: failed to list *v1.ConfigMap: configmaps \"kube-root-ca.crt\" is forbidden: User \"system:node:f5e8ff193853\" cannot list resource \"configmaps\" in API group \"\" in the namespace \"helmextensionpriorityit\": no relationship found between node 'f5e8ff193853' and this object"
2025-01-28 20:44:59,786 INFO c.h.h.t.HelmChartContainer - [K3S] [status_manager.go:890] "Failed to get status for pod" podUID="e9d383ff-7f49-4cc5-986f-5e21167c7482" pod="helmextensionpriorityit/nginx-b74cf9657-npkhv" err="pods \"nginx-b74cf9657-npkhv\" is forbidden: User \"system:node:f5e8ff193853\" cannot get resource \"pods\" in API group \"\" in the namespace \"helmextensionpriorityit\": no relationship found between node 'f5e8ff193853' and this object"
2025-01-28 20:44:59,787 INFO c.h.h.t.HelmChartContainer - [EVENT] Normal [Scheduled] Successfully assigned helmextensionpriorityit/nginx-b74cf9657-npkhv to f5e8ff193853 [helmextensionpriorityit:nginx-b74cf9657-npkhv]
2025-01-28 20:44:59,787 INFO c.h.h.t.HelmChartContainer - [POD] nginx-b74cf9657-npkhv [e9d383ff-7f49-4cc5-986f-5e21167c7482] in helmextensionpriorityit was ADDED
2025-01-28 20:44:59,791 INFO c.h.h.t.HelmChartContainer - [POD] nginx-b74cf9657-npkhv [e9d383ff-7f49-4cc5-986f-5e21167c7482] in helmextensionpriorityit was MODIFIED
2025-01-28 20:44:59,794 INFO c.h.h.t.HelmChartContainer - [K3S] [replica_set.go:679] "Finished syncing" kind="ReplicaSet" key="helmextensionpriorityit/nginx-b74cf9657" duration="31.563472ms"
2025-01-28 20:44:59,794 INFO c.h.h.t.HelmChartContainer - [K3S] [replica_set.go:679] "Finished syncing" kind="ReplicaSet" key="helmextensionpriorityit/nginx-b74cf9657" duration="1.786411ms"
2025-01-28 20:44:59,795 INFO c.h.h.t.HelmChartContainer - [K3S] [replica_set.go:679] "Finished syncing" kind="ReplicaSet" key="helmextensionpriorityit/nginx-b74cf9657" duration="25.627µs"
2025-01-28 20:44:59,830 INFO c.h.h.t.HelmChartContainer - [K3S] [alloc.go:330] "allocated clusterIPs" service="helmextensionpriorityit/nginx-service" clusterIPs={"IPv4":"10.43.241.35"}
2025-01-28 20:44:59,878 INFO c.h.h.t.HelmChartContainer - [K3S] [reconciler_common.go:251] "operationExecutor.VerifyControllerAttachedVolume started for volume \"volume-hivemq-appending-foo-extension-100\" (UniqueName: \"kubernetes.io/host-path/e9d383ff-7f49-4cc5-986f-5e21167c7482-volume-hivemq-appending-foo-extension-100\") pod \"nginx-b74cf9657-npkhv\" (UID: \"e9d383ff-7f49-4cc5-986f-5e21167c7482\") " pod="helmextensionpriorityit/nginx-b74cf9657-npkhv"
2025-01-28 20:44:59,878 INFO c.h.h.t.HelmChartContainer - [K3S] [reconciler_common.go:251] "operationExecutor.VerifyControllerAttachedVolume started for volume \"kube-api-access-kcrjx\" (UniqueName: \"kubernetes.io/projected/e9d383ff-7f49-4cc5-986f-5e21167c7482-kube-api-access-kcrjx\") pod \"nginx-b74cf9657-npkhv\" (UID: \"e9d383ff-7f49-4cc5-986f-5e21167c7482\") " pod="helmextensionpriorityit/nginx-b74cf9657-npkhv"
2025-01-28 20:44:59,879 INFO c.h.h.t.HelmChartContainer - [K3S] [reconciler_common.go:251] "operationExecutor.VerifyControllerAttachedVolume started for volume \"volume-hivemq-appending-bar-extension-100\" (UniqueName: \"kubernetes.io/host-path/e9d383ff-7f49-4cc5-986f-5e21167c7482-volume-hivemq-appending-bar-extension-100\") pod \"nginx-b74cf9657-npkhv\" (UID: \"e9d383ff-7f49-4cc5-986f-5e21167c7482\") " pod="helmextensionpriorityit/nginx-b74cf9657-npkhv"
2025-01-28 20:44:59,879 INFO c.h.h.t.HelmChartContainer - [K3S] [reconciler_common.go:251] "operationExecutor.VerifyControllerAttachedVolume started for volume \"volume-hivemq-appending-baz-extension-100\" (UniqueName: \"kubernetes.io/host-path/e9d383ff-7f49-4cc5-986f-5e21167c7482-volume-hivemq-appending-baz-extension-100\") pod \"nginx-b74cf9657-npkhv\" (UID: \"e9d383ff-7f49-4cc5-986f-5e21167c7482\") " pod="helmextensionpriorityit/nginx-b74cf9657-npkhv"
2025-01-28 20:45:01,081 INFO c.h.h.t.HelmChartContainer - [EVENT] Normal [Pulling] Pulling image "nginx:1.27.3" [helmextensionpriorityit:nginx-b74cf9657-npkhv]
2025-01-28 20:45:01,082 INFO c.h.h.t.HelmChartContainer - Received Pulling event for container nginx in pod nginx-b74cf9657-npkhv [e9d383ff-7f49-4cc5-986f-5e21167c7482]
2025-01-28 20:45:03,674 INFO c.h.h.t.HelmChartContainer - [EVENT] Normal [Pulled] Successfully pulled image "nginx:1.27.3" in 2.593s (2.593s including waiting). Image size: 72080558 bytes. [helmextensionpriorityit:nginx-b74cf9657-npkhv]
2025-01-28 20:45:03,674 INFO c.h.h.t.HelmChartContainer - Received Pulled event for container nginx in pod nginx-b74cf9657-npkhv [e9d383ff-7f49-4cc5-986f-5e21167c7482]
2025-01-28 20:45:03,683 INFO c.h.h.t.HelmChartContainer - [EVENT] Normal [Created] Created container: nginx [helmextensionpriorityit:nginx-b74cf9657-npkhv]
2025-01-28 20:45:03,683 INFO c.h.h.t.HelmChartContainer - Received Created event for container nginx in pod nginx-b74cf9657-npkhv [e9d383ff-7f49-4cc5-986f-5e21167c7482]
2025-01-28 20:45:04,057 INFO c.h.h.t.HelmChartContainer - [K3S] [replica_set.go:679] "Finished syncing" kind="ReplicaSet" key="helmextensionpriorityit/nginx-b74cf9657" duration="8.716843ms"
2025-01-28 20:45:04,061 INFO c.h.h.t.HelmChartContainer - [POD] nginx-b74cf9657-npkhv [e9d383ff-7f49-4cc5-986f-5e21167c7482] in helmextensionpriorityit was MODIFIED
2025-01-28 20:45:04,065 INFO c.h.h.t.HelmChartContainer - [K3S] [replica_set.go:679] "Finished syncing" kind="ReplicaSet" key="helmextensionpriorityit/nginx-b74cf9657" duration="40.926µs"
2025-01-28 20:45:04,073 INFO c.h.h.t.HelmChartContainer - [EVENT] Normal [Started] Started container nginx [helmextensionpriorityit:nginx-b74cf9657-npkhv]
2025-01-28 20:45:04,073 INFO c.h.h.t.HelmChartContainer - Received Started event for container nginx in pod nginx-b74cf9657-npkhv [e9d383ff-7f49-4cc5-986f-5e21167c7482]
2025-01-28 20:45:04,074 INFO c.h.h.t.HelmChartContainer - Started log watcher for nginx in pod nginx-b74cf9657-npkhv [e9d383ff-7f49-4cc5-986f-5e21167c7482]
2025-01-28 20:45:04,074 INFO c.h.h.t.HelmChartContainer - [nginx-b74cf9657-npkh] [nginx] [e9d383ff] /docker-entrypoint.sh: /docker-entrypoint.d/ is not empty, will attempt to perform configuration
2025-01-28 20:45:04,075 INFO c.h.h.t.HelmChartContainer - [nginx-b74cf9657-npkh] [nginx] [e9d383ff] /docker-entrypoint.sh: Looking for shell scripts in /docker-entrypoint.d/
2025-01-28 20:45:04,075 INFO c.h.h.t.HelmChartContainer - [nginx-b74cf9657-npkh] [nginx] [e9d383ff] /docker-entrypoint.sh: Launching /docker-entrypoint.d/10-listen-on-ipv6-by-default.sh
2025-01-28 20:45:04,075 INFO c.h.h.t.HelmChartContainer - [nginx-b74cf9657-npkh] [nginx] [e9d383ff] 10-listen-on-ipv6-by-default.sh: info: Getting the checksum of /etc/nginx/conf.d/default.conf
2025-01-28 20:45:04,075 INFO c.h.h.t.HelmChartContainer - [nginx-b74cf9657-npkh] [nginx] [e9d383ff] 10-listen-on-ipv6-by-default.sh: info: Enabled listen on IPv6 in /etc/nginx/conf.d/default.conf
2025-01-28 20:45:04,075 INFO c.h.h.t.HelmChartContainer - [nginx-b74cf9657-npkh] [nginx] [e9d383ff] /docker-entrypoint.sh: Sourcing /docker-entrypoint.d/15-local-resolvers.envsh
2025-01-28 20:45:04,075 INFO c.h.h.t.HelmChartContainer - [nginx-b74cf9657-npkh] [nginx] [e9d383ff] /docker-entrypoint.sh: Launching /docker-entrypoint.d/20-envsubst-on-templates.sh
2025-01-28 20:45:04,076 INFO c.h.h.t.HelmChartContainer - [nginx-b74cf9657-npkh] [nginx] [e9d383ff] /docker-entrypoint.sh: Launching /docker-entrypoint.d/30-tune-worker-processes.sh
2025-01-28 20:45:04,076 INFO c.h.h.t.HelmChartContainer - [nginx-b74cf9657-npkh] [nginx] [e9d383ff] /docker-entrypoint.sh: Configuration complete; ready for start up
2025-01-28 20:45:04,076 INFO c.h.h.t.HelmChartContainer - [nginx-b74cf9657-npkh] [nginx] [e9d383ff] 2025/01/28 20:45:03 [notice] 1#1: using the "epoll" event method
2025-01-28 20:45:04,076 INFO c.h.h.t.HelmChartContainer - [nginx-b74cf9657-npkh] [nginx] [e9d383ff] 2025/01/28 20:45:03 [notice] 1#1: nginx/1.27.3
2025-01-28 20:45:04,076 INFO c.h.h.t.HelmChartContainer - [nginx-b74cf9657-npkh] [nginx] [e9d383ff] 2025/01/28 20:45:03 [notice] 1#1: built by gcc 12.2.0 (Debian 12.2.0-14) 
2025-01-28 20:45:04,076 INFO c.h.h.t.HelmChartContainer - [nginx-b74cf9657-npkh] [nginx] [e9d383ff] 2025/01/28 20:45:03 [notice] 1#1: OS: Linux 6.8.0-1020-azure
2025-01-28 20:45:04,076 INFO c.h.h.t.HelmChartContainer - [nginx-b74cf9657-npkh] [nginx] [e9d383ff] 2025/01/28 20:45:03 [notice] 1#1: getrlimit(RLIMIT_NOFILE): 1048576:1048576
2025-01-28 20:45:04,076 INFO c.h.h.t.HelmChartContainer - [nginx-b74cf9657-npkh] [nginx] [e9d383ff] 2025/01/28 20:45:03 [notice] 1#1: start worker processes
2025-01-28 20:45:04,076 INFO c.h.h.t.HelmChartContainer - [nginx-b74cf9657-npkh] [nginx] [e9d383ff] 2025/01/28 20:45:03 [notice] 1#1: start worker process 29
2025-01-28 20:45:04,076 INFO c.h.h.t.HelmChartContainer - [nginx-b74cf9657-npkh] [nginx] [e9d383ff] 2025/01/28 20:45:03 [notice] 1#1: start worker process 30
2025-01-28 20:45:04,076 INFO c.h.h.t.HelmChartContainer - [nginx-b74cf9657-npkh] [nginx] [e9d383ff] 2025/01/28 20:45:03 [notice] 1#1: start worker process 31
2025-01-28 20:45:04,076 INFO c.h.h.t.HelmChartContainer - [nginx-b74cf9657-npkh] [nginx] [e9d383ff] 2025/01/28 20:45:03 [notice] 1#1: start worker process 32
2025-01-28 20:45:05,862 INFO c.h.h.testcontainer.LogWaiterUtil - TEST Waiting for log pattern on 'test-hivemq-platform-0': .*Extension "HiveMQ Appending Foo Extension" version 1.0.0 started successfully.
2025-01-28 20:45:05,862 INFO c.h.h.testcontainer.LogWaiterUtil - TEST Waiting for log pattern on 'test-hivemq-platform-0': .*Extension "HiveMQ Appending Bar Extension" version 1.0.0 started successfully.
2025-01-28 20:45:05,862 INFO c.h.h.testcontainer.LogWaiterUtil - TEST Waiting for log pattern on 'test-hivemq-platform-0': .*Extension "HiveMQ Appending Baz Extension" version 1.0.0 started successfully.
2025-01-28 20:45:05,927 DEBUG c.h.h.t.HelmChartContainer - Executing helm command: /bin/helm --kubeconfig /etc/rancher/k3s/k3s.yaml install test-hivemq-platform /charts/hivemq-platform --wait --timeout 5m0s --set image.repository=docker.io/hivemq --set image.tag=4.36.0 --set image.pullPolicy=Never --set nodes.resources.cpu=512m -f /files/extension-priority-values.yaml --namespace helmextensionpriorityit
2025-01-28 20:45:06,210 INFO c.h.h.t.HelmChartContainer - [hivemq-test-hivemq-platform] [hivemq-platform-operator] [8c19e5b5] 20:45:06.207 [-373097727-pool-1-thread-1] WARN  i.m.p.PrometheusMeterRegistry - The meter (MeterId{name='operator.sdk.events.received', tags=[tag(action=ADDED),tag(event=ResourceEvent),tag(group=hivemq.com),tag(kind=HiveMQPlatform),tag(name=test-hivemq-platform),tag(namespace=helmextensionpriorityit),tag(scope=namespace),tag(version=v1)]}) registration has failed: Prometheus requires that all meters with the same name have the same set of tag keys. There is already an existing meter named 'operator.sdk.events.received' containing tag keys [event, group, kind, name, namespace, scope, version]. The meter you are attempting to register has keys [action, event, group, kind, name, namespace, scope, version]. Note that subsequent logs will be logged at debug level.
2025-01-28 20:45:06,709 INFO c.h.h.t.HelmChartContainer - [hivemq-test-hivemq-platform] [hivemq-platform-operator] [8c19e5b5] 20:45:06.706 [pool-6-thread-3] DEBUG c.h.p.o.dependants.PodInfoConfigMap - [helmexte] Desired PodInfo ConfigMap (3 extensions) (3 enabled)
2025-01-28 20:45:06,709 INFO c.h.h.t.HelmChartContainer - [hivemq-test-hivemq-platform] [hivemq-platform-operator] [8c19e5b5] 20:45:06.708 [pool-6-thread-3] DEBUG c.h.p.o.dependants.PodInfoConfigMap - [helmexte] Desired PodInfo ConfigMap (metrics port: 9399) (metrics path: /)
2025-01-28 20:45:06,709 INFO c.h.h.t.HelmChartContainer - [hivemq-test-hivemq-platform] [hivemq-platform-operator] [8c19e5b5] 20:45:06.708 [pool-6-thread-3] DEBUG c.h.p.o.dependants.PodInfoConfigMap - [helmexte] Desired PodInfo ConfigMap (extension state hash: 687648868)
2025-01-28 20:45:06,711 INFO c.h.h.t.HelmChartContainer - [hivemq-test-hivemq-platform] [hivemq-platform-operator] [8c19e5b5] 20:45:06.710 [pool-6-thread-3] DEBUG c.h.p.o.dependants.PodInfoConfigMap - [helmexte] Create PodInfo ConfigMap
2025-01-28 20:45:06,816 INFO c.h.h.t.HelmChartContainer - [hivemq-test-hivemq-platform] [hivemq-platform-operator] [8c19e5b5] 20:45:06.813 [pool-6-thread-5] DEBUG c.h.p.o.dependants.PodRoleResource - [helmexte] Create Role: Role(apiVersion=rbac.authorization.k8s.io/v1, kind=Role, metadata=ObjectMeta(annotations={meta.helm.sh/release-name=test-hivemq-platform, meta.helm.sh/release-namespace=helmextensionpriorityit}, creationTimestamp=null, deletionGracePeriodSeconds=null, deletionTimestamp=null, finalizers=[], generateName=null, generation=null, labels={helm.sh/chart=hivemq-platform-0.2.32, app.kubernetes.io/managed-by=Helm, app.kubernetes.io/name=hivemq-platform, hivemq-platform=test-hivemq-platform, app.kubernetes.io/instance=test-hivemq-platform, app.kubernetes.io/version=4.36.0}, managedFields=[], name=hivemq-platform-role-test-hivemq-platform, namespace=helmextensionpriorityit, ownerReferences=[OwnerReference(apiVersion=hivemq.com/v1, blockOwnerDeletion=null, controller=null, kind=HiveMQPlatform, name=test-hivemq-platform, uid=0ecb2042-5294-423e-8c0e-b060ebdd251a, additionalProperties={})], resourceVersion=null, selfLink=null, uid=null, additionalProperties={}), rules=[PolicyRule(apiGroups=[], nonResourceURLs=[], resourceNames=[], resources=[pods], verbs=[get, patch, update], additionalProperties={})], additionalProperties={})
2025-01-28 20:45:06,917 INFO c.h.h.t.HelmChartContainer - [hivemq-test-hivemq-platform] [hivemq-platform-operator] [8c19e5b5] 20:45:06.914 [pool-6-thread-7] DEBUG c.h.p.o.d.PodServiceAccountResource - [helmexte] Desired PodServiceAccountResource (serviceAccountName: hivemq-platform-pod-test-hivemq-platform)
2025-01-28 20:45:06,918 INFO c.h.h.t.HelmChartContainer - [hivemq-test-hivemq-platform] [hivemq-platform-operator] [8c19e5b5] 20:45:06.915 [pool-6-thread-7] DEBUG c.h.p.o.d.PodServiceAccountResource - [helmexte] Create ServiceAccount 'hivemq-platform-pod-test-hivemq-platform'
2025-01-28 20:45:07,106 INFO c.h.h.t.HelmChartContainer - [hivemq-test-hivemq-platform] [hivemq-platform-operator] [8c19e5b5] 20:45:07.104 [pool-6-thread-10] DEBUG c.h.p.o.d.PodRoleBindingResource - [helmexte] Create RoleBinding: RoleBinding(apiVersion=rbac.authorization.k8s.io/v1, kind=RoleBinding, metadata=ObjectMeta(annotations={meta.helm.sh/release-name=test-hivemq-platform, meta.helm.sh/release-namespace=helmextensionpriorityit}, creationTimestamp=null, deletionGracePeriodSeconds=null, deletionTimestamp=null, finalizers=[], generateName=null, generation=null, labels={helm.sh/chart=hivemq-platform-0.2.32, app.kubernetes.io/managed-by=Helm, app.kubernetes.io/name=hivemq-platform, hivemq-platform=test-hivemq-platform, app.kubernetes.io/instance=test-hivemq-platform, app.kubernetes.io/version=4.36.0}, managedFields=[], name=hivemq-platform-role-binding-test-hivemq-platform, namespace=helmextensionpriorityit, ownerReferences=[OwnerReference(apiVersion=hivemq.com/v1, blockOwnerDeletion=null, controller=null, kind=HiveMQPlatform, name=test-hivemq-platform, uid=0ecb2042-5294-423e-8c0e-b060ebdd251a, additionalProperties={})], resourceVersion=null, selfLink=null, uid=null, additionalProperties={}), roleRef=RoleRef(apiGroup=rbac.authorization.k8s.io, kind=Role, name=hivemq-platform-role-test-hivemq-platform, additionalProperties={}), subjects=[Subject(apiGroup=null, kind=ServiceAccount, name=hivemq-platform-pod-test-hivemq-platform, namespace=helmextensionpriorityit, additionalProperties={})], additionalProperties={})
2025-01-28 20:45:07,127 INFO c.h.h.t.HelmChartContainer - [hivemq-test-hivemq-platform] [hivemq-platform-operator] [8c19e5b5] 20:45:07.125 [ReconcilerExecutor-hivemq-controller-53] INFO  c.h.p.o.HiveMQPlatformReconciler - [helmexte] Reconciling HiveMQ Platform 'test-hivemq-platform' in namespace 'helmextensionpriorityit'
2025-01-28 20:45:07,127 INFO c.h.h.t.HelmChartContainer - [hivemq-test-hivemq-platform] [hivemq-platform-operator] [8c19e5b5] 20:45:07.126 [ReconcilerExecutor-hivemq-controller-53] DEBUG c.h.p.o.HiveMQPlatformReconciler - [helmexte] Custom Resource Status CREATED - HiveMQ Platform was created (READY)
2025-01-28 20:45:07,127 INFO c.h.h.t.HelmChartContainer - [hivemq-test-hivemq-platform] [hivemq-platform-operator] [8c19e5b5] 20:45:07.126 [ReconcilerExecutor-hivemq-controller-53] DEBUG c.h.p.o.HiveMQPlatformReconciler - [helmexte] Custom Resource Spec (replicas: 1) (extensions: 3)
2025-01-28 20:45:07,203 INFO c.h.h.t.HelmChartContainer - [hivemq-test-hivemq-platform] [hivemq-platform-operator] [8c19e5b5] 20:45:07.202 [ReconcilerExecutor-hivemq-controller-53] INFO  c.h.p.o.h.HiveMQPlatformReconcilerBaseHandler - [helmexte] HiveMQ Platform is starting
2025-01-28 20:45:07,306 INFO c.h.h.t.HelmChartContainer - [hivemq-test-hivemq-platform] [hivemq-platform-operator] [8c19e5b5] 20:45:07.304 [ReconcilerExecutor-hivemq-controller-53] DEBUG c.h.p.operator.event.EventSender - [helmexte] Creating K8s event hivemq-platform-starting: [Start] HiveMQ Platform is starting
2025-01-28 20:45:07,315 INFO c.h.h.t.HelmChartContainer - [EVENT] Normal [Start] HiveMQ Platform is starting [helmextensionpriorityit:test-hivemq-platform]
2025-01-28 20:45:07,319 INFO c.h.h.t.HelmChartContainer - [hivemq-test-hivemq-platform] [hivemq-platform-operator] [8c19e5b5] 20:45:07.318 [ReconcilerExecutor-hivemq-controller-53] INFO  c.h.p.o.h.AbstractHiveMQReconcilerStateHandler - [helmexte] Update HiveMQ Platform Status (CREATED [READY] -> STARTING [READY]): HiveMQ Platform is starting
2025-01-28 20:45:07,418 DEBUG com.hivemq.helmcharts.util.K8sUtil - Comparing actual state 'STARTING' and waiting for 'RUNNING'
2025-01-28 20:45:17,427 INFO c.h.h.t.HelmChartContainer - [hivemq-test-hivemq-platform] [hivemq-platform-operator] [8c19e5b5] 20:45:17.424 [pool-6-thread-12] DEBUG c.h.p.o.d.PlatformServiceResource - [helmexte] Desired Platform services (2 services)
2025-01-28 20:45:17,429 INFO c.h.h.t.HelmChartContainer - [hivemq-test-hivemq-platform] [hivemq-platform-operator] [8c19e5b5] 20:45:17.427 [pool-6-thread-13] DEBUG c.h.p.o.dependants.PodInfoConfigMap - [helmexte] Desired PodInfo ConfigMap (3 extensions) (3 enabled)
2025-01-28 20:45:17,429 INFO c.h.h.t.HelmChartContainer - [hivemq-test-hivemq-platform] [hivemq-platform-operator] [8c19e5b5] 20:45:17.427 [pool-6-thread-13] DEBUG c.h.p.o.dependants.PodInfoConfigMap - [helmexte] Desired PodInfo ConfigMap (metrics port: 9399) (metrics path: /)
2025-01-28 20:45:17,429 INFO c.h.h.t.HelmChartContainer - [hivemq-test-hivemq-platform] [hivemq-platform-operator] [8c19e5b5] 20:45:17.427 [pool-6-thread-13] DEBUG c.h.p.o.dependants.PodInfoConfigMap - [helmexte] Desired PodInfo ConfigMap (extension state hash: 687648868)
2025-01-28 20:45:17,434 INFO c.h.h.t.HelmChartContainer - [hivemq-test-hivemq-platform] [hivemq-platform-operator] [8c19e5b5] 20:45:17.432 [pool-6-thread-17] DEBUG c.h.p.o.d.PodServiceAccountResource - [helmexte] Desired PodServiceAccountResource (serviceAccountName: hivemq-platform-pod-test-hivemq-platform)
2025-01-28 20:45:17,436 INFO c.h.h.t.HelmChartContainer - [hivemq-test-hivemq-platform] [hivemq-platform-operator] [8c19e5b5] 20:45:17.435 [pool-6-thread-13] DEBUG c.h.p.o.dependants.PodInfoConfigMap - [helmexte] Update PodInfo ConfigMap
2025-01-28 20:45:17,442 INFO c.h.h.t.HelmChartContainer - [K3S] [alloc.go:330] "allocated clusterIPs" service="helmextensionpriorityit/hivemq-test-hivemq-platform-metrics-9399" clusterIPs={"IPv4":"10.43.133.30"}
2025-01-28 20:45:17,514 INFO c.h.h.t.HelmChartContainer - [K3S] [alloc.go:330] "allocated clusterIPs" service="helmextensionpriorityit/hivemq-test-hivemq-platform-mqtt-1884" clusterIPs={"IPv4":"10.43.187.162"}
2025-01-28 20:45:17,603 INFO c.h.h.t.HelmChartContainer - [hivemq-test-hivemq-platform] [hivemq-platform-operator] [8c19e5b5] 20:45:17.602 [pool-6-thread-20] DEBUG c.h.p.o.d.StatefulSetResource - [helmexte] Desired StatefulSet (1 replicas) for status STARTING (READY)
2025-01-28 20:45:17,617 INFO c.h.h.t.HelmChartContainer - [hivemq-test-hivemq-platform] [hivemq-platform-operator] [8c19e5b5] 20:45:17.615 [pool-6-thread-20] DEBUG c.h.p.o.d.StatefulSetResource - [helmexte] Create StatefulSet
2025-01-28 20:45:17,714 INFO c.h.h.t.HelmChartContainer - [hivemq-test-hivemq-platform] [hivemq-platform-operator] [8c19e5b5] 20:45:17.711 [ReconcilerExecutor-hivemq-controller-64] INFO  c.h.p.o.HiveMQPlatformReconciler - [helmexte] Reconciling HiveMQ Platform 'test-hivemq-platform' in namespace 'helmextensionpriorityit'
2025-01-28 20:45:17,714 INFO c.h.h.t.HelmChartContainer - [hivemq-test-hivemq-platform] [hivemq-platform-operator] [8c19e5b5] 20:45:17.712 [ReconcilerExecutor-hivemq-controller-64] DEBUG c.h.p.o.HiveMQPlatformReconciler - [helmexte] Custom Resource Status STARTING - HiveMQ Platform is starting (READY)
2025-01-28 20:45:17,714 INFO c.h.h.t.HelmChartContainer - [hivemq-test-hivemq-platform] [hivemq-platform-operator] [8c19e5b5] 20:45:17.712 [ReconcilerExecutor-hivemq-controller-64] DEBUG c.h.p.o.HiveMQPlatformReconciler - [helmexte] Custom Resource Spec (replicas: 1) (extensions: 3)
2025-01-28 20:45:17,719 INFO c.h.h.t.HelmChartContainer - [hivemq-test-hivemq-platform] [hivemq-platform-operator] [8c19e5b5] 20:45:17.719 [ReconcilerExecutor-hivemq-controller-64] DEBUG c.h.p.o.HiveMQPlatformReconciler - [helmexte] StatefulSet Status (revision: null, replicas: 0, available: 0, ready: 0, current: 0, updated: 0)
2025-01-28 20:45:17,720 INFO c.h.h.t.HelmChartContainer - [hivemq-test-hivemq-platform] [hivemq-platform-operator] [8c19e5b5] 20:45:17.719 [ReconcilerExecutor-hivemq-controller-64] DEBUG c.h.p.o.HiveMQPlatformReconciler - [helmexte] StatefulSet Spec (replicas: 1, init containers: 1, containers: 1, volumes: 3)
2025-01-28 20:45:17,725 INFO c.h.h.t.HelmChartContainer - [hivemq-test-hivemq-platform] [hivemq-platform-operator] [8c19e5b5] 20:45:17.722 [ReconcilerExecutor-hivemq-controller-64] INFO  c.h.p.o.h.HiveMQPlatformReconcilerBaseHandler - [helmexte] HiveMQ Platform is starting, 0 of 1 replicas are ready
2025-01-28 20:45:17,725 INFO c.h.h.t.HelmChartContainer - [EVENT] Normal [SuccessfulCreate] create Pod test-hivemq-platform-0 in StatefulSet test-hivemq-platform successful [helmextensionpriorityit:test-hivemq-platform]
2025-01-28 20:45:17,727 INFO c.h.h.t.HelmChartContainer - [POD] test-hivemq-platform-0 [7f3bf99f-d04b-461f-a7f8-7580f759ff84] in helmextensionpriorityit was ADDED
2025-01-28 20:45:17,731 INFO c.h.h.t.HelmChartContainer - [EVENT] Normal [Scheduled] Successfully assigned helmextensionpriorityit/test-hivemq-platform-0 to f5e8ff193853 [helmextensionpriorityit:test-hivemq-platform-0]
2025-01-28 20:45:17,732 INFO c.h.h.t.HelmChartContainer - [POD] test-hivemq-platform-0 [7f3bf99f-d04b-461f-a7f8-7580f759ff84] in helmextensionpriorityit was MODIFIED
2025-01-28 20:45:17,740 INFO c.h.h.t.HelmChartContainer - [POD] test-hivemq-platform-0 [7f3bf99f-d04b-461f-a7f8-7580f759ff84] in helmextensionpriorityit was MODIFIED
2025-01-28 20:45:17,812 INFO c.h.h.t.HelmChartContainer - [hivemq-test-hivemq-platform] [hivemq-platform-operator] [8c19e5b5] 20:45:17.806 [pool-6-thread-22] DEBUG c.h.p.o.d.PlatformServiceResource - [helmexte] Desired Platform services (2 services)
2025-01-28 20:45:17,812 INFO c.h.h.t.HelmChartContainer - [hivemq-test-hivemq-platform] [hivemq-platform-operator] [8c19e5b5] 20:45:17.810 [pool-6-thread-23] DEBUG c.h.p.o.dependants.PodInfoConfigMap - [helmexte] Desired PodInfo ConfigMap (3 extensions) (3 enabled)
2025-01-28 20:45:17,812 INFO c.h.h.t.HelmChartContainer - [hivemq-test-hivemq-platform] [hivemq-platform-operator] [8c19e5b5] 20:45:17.811 [pool-6-thread-23] DEBUG c.h.p.o.dependants.PodInfoConfigMap - [helmexte] Desired PodInfo ConfigMap (metrics port: 9399) (metrics path: /)
2025-01-28 20:45:17,813 INFO c.h.h.t.HelmChartContainer - [hivemq-test-hivemq-platform] [hivemq-platform-operator] [8c19e5b5] 20:45:17.811 [pool-6-thread-23] DEBUG c.h.p.o.dependants.PodInfoConfigMap - [helmexte] Desired PodInfo ConfigMap (extension state hash: 687648868)
2025-01-28 20:45:17,873 INFO c.h.h.t.HelmChartContainer - [K3S] [reconciler_common.go:251] "operationExecutor.VerifyControllerAttachedVolume started for volume \"broker-configuration\" (UniqueName: \"kubernetes.io/configmap/7f3bf99f-d04b-461f-a7f8-7580f759ff84-broker-configuration\") pod \"test-hivemq-platform-0\" (UID: \"7f3bf99f-d04b-461f-a7f8-7580f759ff84\") " pod="helmextensionpriorityit/test-hivemq-platform-0"
2025-01-28 20:45:17,873 INFO c.h.h.t.HelmChartContainer - [K3S] [reconciler_common.go:251] "operationExecutor.VerifyControllerAttachedVolume started for volume \"pod-info\" (UniqueName: \"kubernetes.io/configmap/7f3bf99f-d04b-461f-a7f8-7580f759ff84-pod-info\") pod \"test-hivemq-platform-0\" (UID: \"7f3bf99f-d04b-461f-a7f8-7580f759ff84\") " pod="helmextensionpriorityit/test-hivemq-platform-0"
2025-01-28 20:45:17,873 INFO c.h.h.t.HelmChartContainer - [K3S] [reconciler_common.go:251] "operationExecutor.VerifyControllerAttachedVolume started for volume \"operator-init\" (UniqueName: \"kubernetes.io/empty-dir/7f3bf99f-d04b-461f-a7f8-7580f759ff84-operator-init\") pod \"test-hivemq-platform-0\" (UID: \"7f3bf99f-d04b-461f-a7f8-7580f759ff84\") " pod="helmextensionpriorityit/test-hivemq-platform-0"
2025-01-28 20:45:17,873 INFO c.h.h.t.HelmChartContainer - [K3S] [reconciler_common.go:251] "operationExecutor.VerifyControllerAttachedVolume started for volume \"kube-api-access-jcvvn\" (UniqueName: \"kubernetes.io/projected/7f3bf99f-d04b-461f-a7f8-7580f759ff84-kube-api-access-jcvvn\") pod \"test-hivemq-platform-0\" (UID: \"7f3bf99f-d04b-461f-a7f8-7580f759ff84\") " pod="helmextensionpriorityit/test-hivemq-platform-0"
2025-01-28 20:45:17,905 INFO c.h.h.t.HelmChartContainer - [hivemq-test-hivemq-platform] [hivemq-platform-operator] [8c19e5b5] 20:45:17.902 [pool-6-thread-27] DEBUG c.h.p.o.d.PodServiceAccountResource - [helmexte] Desired PodServiceAccountResource (serviceAccountName: hivemq-platform-pod-test-hivemq-platform)
2025-01-28 20:45:17,909 INFO c.h.h.t.HelmChartContainer - [hivemq-test-hivemq-platform] [hivemq-platform-operator] [8c19e5b5] 20:45:17.908 [pool-6-thread-30] DEBUG c.h.p.o.d.StatefulSetResource - [helmexte] Desired StatefulSet (1 replicas) for status STARTING (READY)
2025-01-28 20:45:18,002 INFO c.h.h.t.HelmChartContainer - [hivemq-test-hivemq-platform] [hivemq-platform-operator] [8c19e5b5] 20:45:18.001 [ReconcilerExecutor-hivemq-controller-75] INFO  c.h.p.o.HiveMQPlatformReconciler - [helmexte] Reconciling HiveMQ Platform 'test-hivemq-platform' in namespace 'helmextensionpriorityit'
2025-01-28 20:45:18,004 INFO c.h.h.t.HelmChartContainer - [hivemq-test-hivemq-platform] [hivemq-platform-operator] [8c19e5b5] 20:45:18.001 [ReconcilerExecutor-hivemq-controller-75] DEBUG c.h.p.o.HiveMQPlatformReconciler - [helmexte] Custom Resource Status STARTING - HiveMQ Platform is starting (READY)
2025-01-28 20:45:18,004 INFO c.h.h.t.HelmChartContainer - [hivemq-test-hivemq-platform] [hivemq-platform-operator] [8c19e5b5] 20:45:18.001 [ReconcilerExecutor-hivemq-controller-75] DEBUG c.h.p.o.HiveMQPlatformReconciler - [helmexte] Custom Resource Spec (replicas: 1) (extensions: 3)
2025-01-28 20:45:18,008 INFO c.h.h.t.HelmChartContainer - [hivemq-test-hivemq-platform] [hivemq-platform-operator] [8c19e5b5] 20:45:18.006 [ReconcilerExecutor-hivemq-controller-75] DEBUG c.h.p.o.HiveMQPlatformReconciler - [helmexte] StatefulSet Status (revision: test-hivemq-platform-6fd78546f5, replicas: 1, available: 0, ready: 0, current: 1, updated: 1)
2025-01-28 20:45:18,008 INFO c.h.h.t.HelmChartContainer - [hivemq-test-hivemq-platform] [hivemq-platform-operator] [8c19e5b5] 20:45:18.006 [ReconcilerExecutor-hivemq-controller-75] DEBUG c.h.p.o.HiveMQPlatformReconciler - [helmexte] StatefulSet Spec (replicas: 1, init containers: 1, containers: 1, volumes: 3)
2025-01-28 20:45:18,105 INFO c.h.h.t.HelmChartContainer - [hivemq-test-hivemq-platform] [hivemq-platform-operator] [8c19e5b5] 20:45:18.101 [ReconcilerExecutor-hivemq-controller-75] DEBUG c.h.p.o.h.HiveMQPlatformReconcilerErrorHandler - [helmexte] Pod 'test-hivemq-platform-0' phase Pending
2025-01-28 20:45:18,105 INFO c.h.h.t.HelmChartContainer - [hivemq-test-hivemq-platform] [hivemq-platform-operator] [8c19e5b5] 20:45:18.101 [ReconcilerExecutor-hivemq-controller-75] DEBUG c.h.p.o.h.HiveMQPlatformReconcilerErrorHandler - [helmexte] Pod 'test-hivemq-platform-0' condition 'PodReadyToStartContainers': False
2025-01-28 20:45:18,105 INFO c.h.h.t.HelmChartContainer - [hivemq-test-hivemq-platform] [hivemq-platform-operator] [8c19e5b5] 20:45:18.102 [ReconcilerExecutor-hivemq-controller-75] DEBUG c.h.p.o.h.HiveMQPlatformReconcilerErrorHandler - [helmexte] Pod 'test-hivemq-platform-0' condition 'Initialized': False
2025-01-28 20:45:18,105 INFO c.h.h.t.HelmChartContainer - [hivemq-test-hivemq-platform] [hivemq-platform-operator] [8c19e5b5] 20:45:18.102 [ReconcilerExecutor-hivemq-controller-75] DEBUG c.h.p.o.h.HiveMQPlatformReconcilerErrorHandler - [helmexte] Pod 'test-hivemq-platform-0' condition 'Ready': False
2025-01-28 20:45:18,105 INFO c.h.h.t.HelmChartContainer - [hivemq-test-hivemq-platform] [hivemq-platform-operator] [8c19e5b5] 20:45:18.102 [ReconcilerExecutor-hivemq-controller-75] DEBUG c.h.p.o.h.HiveMQPlatformReconcilerErrorHandler - [helmexte] Pod 'test-hivemq-platform-0' condition 'ContainersReady': False
2025-01-28 20:45:18,105 INFO c.h.h.t.HelmChartContainer - [hivemq-test-hivemq-platform] [hivemq-platform-operator] [8c19e5b5] 20:45:18.102 [ReconcilerExecutor-hivemq-controller-75] DEBUG c.h.p.o.h.HiveMQPlatformReconcilerErrorHandler - [helmexte] Pod 'test-hivemq-platform-0' condition 'PodScheduled': True
2025-01-28 20:45:18,105 INFO c.h.h.t.HelmChartContainer - [hivemq-test-hivemq-platform] [hivemq-platform-operator] [8c19e5b5] 20:45:18.102 [ReconcilerExecutor-hivemq-controller-75] DEBUG c.h.p.o.h.HiveMQPlatformReconcilerErrorHandler - [helmexte] Pod 'test-hivemq-platform-0' containerStatus 'hivemq' (started: false) (ready: false) (waiting: [PodInitializing] null)
2025-01-28 20:45:18,108 INFO c.h.h.t.HelmChartContainer - [hivemq-test-hivemq-platform] [hivemq-platform-operator] [8c19e5b5] 20:45:18.105 [ReconcilerExecutor-hivemq-controller-75] INFO  c.h.p.o.h.HiveMQPlatformReconcilerBaseHandler - [helmexte] HiveMQ Platform is starting, 0 of 1 replicas are ready
2025-01-28 20:45:18,114 INFO c.h.h.t.HelmChartContainer - [hivemq-test-hivemq-platform] [hivemq-platform-operator] [8c19e5b5] 20:45:18.113 [pool-6-thread-32] DEBUG c.h.p.o.d.PlatformServiceResource - [helmexte] Desired Platform services (2 services)
2025-01-28 20:45:18,115 INFO c.h.h.t.HelmChartContainer - [hivemq-test-hivemq-platform] [hivemq-platform-operator] [8c19e5b5] 20:45:18.113 [pool-6-thread-33] DEBUG c.h.p.o.dependants.PodInfoConfigMap - [helmexte] Desired PodInfo ConfigMap (3 extensions) (3 enabled)
2025-01-28 20:45:18,116 INFO c.h.h.t.HelmChartContainer - [hivemq-test-hivemq-platform] [hivemq-platform-operator] [8c19e5b5] 20:45:18.114 [pool-6-thread-33] DEBUG c.h.p.o.dependants.PodInfoConfigMap - [helmexte] Desired PodInfo ConfigMap (metrics port: 9399) (metrics path: /)
2025-01-28 20:45:18,116 INFO c.h.h.t.HelmChartContainer - [hivemq-test-hivemq-platform] [hivemq-platform-operator] [8c19e5b5] 20:45:18.114 [pool-6-thread-33] DEBUG c.h.p.o.dependants.PodInfoConfigMap - [helmexte] Desired PodInfo ConfigMap (extension state hash: 687648868)
2025-01-28 20:45:18,121 INFO c.h.h.t.HelmChartContainer - [hivemq-test-hivemq-platform] [hivemq-platform-operator] [8c19e5b5] 20:45:18.118 [pool-6-thread-37] DEBUG c.h.p.o.d.PodServiceAccountResource - [helmexte] Desired PodServiceAccountResource (serviceAccountName: hivemq-platform-pod-test-hivemq-platform)
2025-01-28 20:45:18,138 INFO c.h.h.t.HelmChartContainer - [EVENT] Normal [Pulled] Container image "docker.io/hivemq/hivemq-platform-operator-init-test:snapshot" already present on machine [helmextensionpriorityit:test-hivemq-platform-0]
2025-01-28 20:45:18,205 INFO c.h.h.t.HelmChartContainer - [hivemq-test-hivemq-platform] [hivemq-platform-operator] [8c19e5b5] 20:45:18.203 [pool-6-thread-39] DEBUG c.h.p.o.d.StatefulSetResource - [helmexte] Desired StatefulSet (1 replicas) for status STARTING (READY)
2025-01-28 20:45:18,210 INFO c.h.h.t.HelmChartContainer - [hivemq-test-hivemq-platform] [hivemq-platform-operator] [8c19e5b5] 20:45:18.208 [ReconcilerExecutor-hivemq-controller-86] INFO  c.h.p.o.HiveMQPlatformReconciler - [helmexte] Reconciling HiveMQ Platform 'test-hivemq-platform' in namespace 'helmextensionpriorityit'
2025-01-28 20:45:18,210 INFO c.h.h.t.HelmChartContainer - [hivemq-test-hivemq-platform] [hivemq-platform-operator] [8c19e5b5] 20:45:18.209 [ReconcilerExecutor-hivemq-controller-86] DEBUG c.h.p.o.HiveMQPlatformReconciler - [helmexte] Custom Resource Status STARTING - HiveMQ Platform is starting (READY)
2025-01-28 20:45:18,212 INFO c.h.h.t.HelmChartContainer - [hivemq-test-hivemq-platform] [hivemq-platform-operator] [8c19e5b5] 20:45:18.209 [ReconcilerExecutor-hivemq-controller-86] DEBUG c.h.p.o.HiveMQPlatformReconciler - [helmexte] Custom Resource Spec (replicas: 1) (extensions: 3)
2025-01-28 20:45:18,213 INFO c.h.h.t.HelmChartContainer - [hivemq-test-hivemq-platform] [hivemq-platform-operator] [8c19e5b5] 20:45:18.213 [ReconcilerExecutor-hivemq-controller-86] DEBUG c.h.p.o.HiveMQPlatformReconciler - [helmexte] StatefulSet Status (revision: test-hivemq-platform-6fd78546f5, replicas: 1, available: 0, ready: 0, current: 1, updated: 1)
2025-01-28 20:45:18,214 INFO c.h.h.t.HelmChartContainer - [hivemq-test-hivemq-platform] [hivemq-platform-operator] [8c19e5b5] 20:45:18.213 [ReconcilerExecutor-hivemq-controller-86] DEBUG c.h.p.o.HiveMQPlatformReconciler - [helmexte] StatefulSet Spec (replicas: 1, init containers: 1, containers: 1, volumes: 3)
2025-01-28 20:45:18,216 INFO c.h.h.t.HelmChartContainer - [hivemq-test-hivemq-platform] [hivemq-platform-operator] [8c19e5b5] 20:45:18.215 [ReconcilerExecutor-hivemq-controller-86] DEBUG c.h.p.o.h.HiveMQPlatformReconcilerErrorHandler - [helmexte] Pod 'test-hivemq-platform-0' phase Pending
2025-01-28 20:45:18,219 INFO c.h.h.t.HelmChartContainer - [hivemq-test-hivemq-platform] [hivemq-platform-operator] [8c19e5b5] 20:45:18.215 [ReconcilerExecutor-hivemq-controller-86] DEBUG c.h.p.o.h.HiveMQPlatformReconcilerErrorHandler - [helmexte] Pod 'test-hivemq-platform-0' condition 'PodReadyToStartContainers': False
2025-01-28 20:45:18,219 INFO c.h.h.t.HelmChartContainer - [hivemq-test-hivemq-platform] [hivemq-platform-operator] [8c19e5b5] 20:45:18.215 [ReconcilerExecutor-hivemq-controller-86] DEBUG c.h.p.o.h.HiveMQPlatformReconcilerErrorHandler - [helmexte] Pod 'test-hivemq-platform-0' condition 'Initialized': False
2025-01-28 20:45:18,219 INFO c.h.h.t.HelmChartContainer - [hivemq-test-hivemq-platform] [hivemq-platform-operator] [8c19e5b5] 20:45:18.215 [ReconcilerExecutor-hivemq-controller-86] DEBUG c.h.p.o.h.HiveMQPlatformReconcilerErrorHandler - [helmexte] Pod 'test-hivemq-platform-0' condition 'Ready': False
2025-01-28 20:45:18,219 INFO c.h.h.t.HelmChartContainer - [hivemq-test-hivemq-platform] [hivemq-platform-operator] [8c19e5b5] 20:45:18.215 [ReconcilerExecutor-hivemq-controller-86] DEBUG c.h.p.o.h.HiveMQPlatformReconcilerErrorHandler - [helmexte] Pod 'test-hivemq-platform-0' condition 'ContainersReady': False
2025-01-28 20:45:18,219 INFO c.h.h.t.HelmChartContainer - [hivemq-test-hivemq-platform] [hivemq-platform-operator] [8c19e5b5] 20:45:18.216 [ReconcilerExecutor-hivemq-controller-86] DEBUG c.h.p.o.h.HiveMQPlatformReconcilerErrorHandler - [helmexte] Pod 'test-hivemq-platform-0' condition 'PodScheduled': True
2025-01-28 20:45:18,219 INFO c.h.h.t.HelmChartContainer - [hivemq-test-hivemq-platform] [hivemq-platform-operator] [8c19e5b5] 20:45:18.217 [ReconcilerExecutor-hivemq-controller-86] DEBUG c.h.p.o.h.HiveMQPlatformReconcilerErrorHandler - [helmexte] Pod 'test-hivemq-platform-0' containerStatus 'hivemq' (started: false) (ready: false) (waiting: [PodInitializing] null)
2025-01-28 20:45:18,219 INFO c.h.h.t.HelmChartContainer - [hivemq-test-hivemq-platform] [hivemq-platform-operator] [8c19e5b5] 20:45:18.218 [ReconcilerExecutor-hivemq-controller-86] INFO  c.h.p.o.h.HiveMQPlatformReconcilerBaseHandler - [helmexte] HiveMQ Platform is starting, 0 of 1 replicas are ready
2025-01-28 20:45:18,261 INFO c.h.h.t.HelmChartContainer - [EVENT] Normal [Created] Created container: hivemq-platform-operator-init [helmextensionpriorityit:test-hivemq-platform-0]
2025-01-28 20:45:18,308 INFO c.h.h.t.HelmChartContainer - [EVENT] Normal [Started] Started container hivemq-platform-operator-init [helmextensionpriorityit:test-hivemq-platform-0]
2025-01-28 20:45:19,063 INFO c.h.h.t.HelmChartContainer - [EVENT] Normal [Pulled] Container image "docker.io/hivemq/hivemq4:4.36.0" already present on machine [helmextensionpriorityit:test-hivemq-platform-0]
2025-01-28 20:45:19,063 INFO c.h.h.t.HelmChartContainer - Received Pulled event for container hivemq in pod test-hivemq-platform-0 [7f3bf99f-d04b-461f-a7f8-7580f759ff84]
2025-01-28 20:45:19,078 INFO c.h.h.t.HelmChartContainer - [POD] test-hivemq-platform-0 [7f3bf99f-d04b-461f-a7f8-7580f759ff84] in helmextensionpriorityit was MODIFIED
2025-01-28 20:45:19,091 INFO c.h.h.t.HelmChartContainer - [hivemq-test-hivemq-platform] [hivemq-platform-operator] [8c19e5b5] 20:45:19.088 [pool-6-thread-42] DEBUG c.h.p.o.d.PlatformServiceResource - [helmexte] Desired Platform services (2 services)
2025-01-28 20:45:19,092 INFO c.h.h.t.HelmChartContainer - [hivemq-test-hivemq-platform] [hivemq-platform-operator] [8c19e5b5] 20:45:19.091 [pool-6-thread-43] DEBUG c.h.p.o.dependants.PodInfoConfigMap - [helmexte] Desired PodInfo ConfigMap (3 extensions) (3 enabled)
2025-01-28 20:45:19,097 INFO c.h.h.t.HelmChartContainer - [hivemq-test-hivemq-platform] [hivemq-platform-operator] [8c19e5b5] 20:45:19.095 [pool-6-thread-43] DEBUG c.h.p.o.dependants.PodInfoConfigMap - [helmexte] Desired PodInfo ConfigMap (metrics port: 9399) (metrics path: /)
2025-01-28 20:45:19,097 INFO c.h.h.t.HelmChartContainer - [hivemq-test-hivemq-platform] [hivemq-platform-operator] [8c19e5b5] 20:45:19.095 [pool-6-thread-43] DEBUG c.h.p.o.dependants.PodInfoConfigMap - [helmexte] Desired PodInfo ConfigMap (extension state hash: 687648868)
2025-01-28 20:45:19,097 INFO c.h.h.t.HelmChartContainer - [hivemq-test-hivemq-platform] [hivemq-platform-operator] [8c19e5b5] 20:45:19.096 [pool-6-thread-47] DEBUG c.h.p.o.d.PodServiceAccountResource - [helmexte] Desired PodServiceAccountResource (serviceAccountName: hivemq-platform-pod-test-hivemq-platform)
2025-01-28 20:45:19,103 INFO c.h.h.t.HelmChartContainer - [hivemq-test-hivemq-platform] [hivemq-platform-operator] [8c19e5b5] 20:45:19.102 [pool-6-thread-49] DEBUG c.h.p.o.d.StatefulSetResource - [helmexte] Desired StatefulSet (1 replicas) for status STARTING (READY)
2025-01-28 20:45:19,112 INFO c.h.h.t.HelmChartContainer - [hivemq-test-hivemq-platform] [hivemq-platform-operator] [8c19e5b5] 20:45:19.110 [ReconcilerExecutor-hivemq-controller-97] INFO  c.h.p.o.HiveMQPlatformReconciler - [helmexte] Reconciling HiveMQ Platform 'test-hivemq-platform' in namespace 'helmextensionpriorityit'
2025-01-28 20:45:19,113 INFO c.h.h.t.HelmChartContainer - [hivemq-test-hivemq-platform] [hivemq-platform-operator] [8c19e5b5] 20:45:19.110 [ReconcilerExecutor-hivemq-controller-97] DEBUG c.h.p.o.HiveMQPlatformReconciler - [helmexte] Custom Resource Status STARTING - HiveMQ Platform is starting (READY)
2025-01-28 20:45:19,113 INFO c.h.h.t.HelmChartContainer - [hivemq-test-hivemq-platform] [hivemq-platform-operator] [8c19e5b5] 20:45:19.110 [ReconcilerExecutor-hivemq-controller-97] DEBUG c.h.p.o.HiveMQPlatformReconciler - [helmexte] Custom Resource Spec (replicas: 1) (extensions: 3)
2025-01-28 20:45:19,116 INFO c.h.h.t.HelmChartContainer - [hivemq-test-hivemq-platform] [hivemq-platform-operator] [8c19e5b5] 20:45:19.114 [ReconcilerExecutor-hivemq-controller-97] DEBUG c.h.p.o.HiveMQPlatformReconciler - [helmexte] StatefulSet Status (revision: test-hivemq-platform-6fd78546f5, replicas: 1, available: 0, ready: 0, current: 1, updated: 1)
2025-01-28 20:45:19,116 INFO c.h.h.t.HelmChartContainer - [hivemq-test-hivemq-platform] [hivemq-platform-operator] [8c19e5b5] 20:45:19.114 [ReconcilerExecutor-hivemq-controller-97] DEBUG c.h.p.o.HiveMQPlatformReconciler - [helmexte] StatefulSet Spec (replicas: 1, init containers: 1, containers: 1, volumes: 3)
2025-01-28 20:45:19,123 INFO c.h.h.t.HelmChartContainer - [hivemq-test-hivemq-platform] [hivemq-platform-operator] [8c19e5b5] 20:45:19.120 [ReconcilerExecutor-hivemq-controller-97] DEBUG c.h.p.o.h.HiveMQPlatformReconcilerErrorHandler - [helmexte] Pod 'test-hivemq-platform-0' phase Pending
2025-01-28 20:45:19,123 INFO c.h.h.t.HelmChartContainer - [hivemq-test-hivemq-platform] [hivemq-platform-operator] [8c19e5b5] 20:45:19.120 [ReconcilerExecutor-hivemq-controller-97] DEBUG c.h.p.o.h.HiveMQPlatformReconcilerErrorHandler - [helmexte] Pod 'test-hivemq-platform-0' condition 'PodReadyToStartContainers': True
2025-01-28 20:45:19,123 INFO c.h.h.t.HelmChartContainer - [hivemq-test-hivemq-platform] [hivemq-platform-operator] [8c19e5b5] 20:45:19.120 [ReconcilerExecutor-hivemq-controller-97] DEBUG c.h.p.o.h.HiveMQPlatformReconcilerErrorHandler - [helmexte] Pod 'test-hivemq-platform-0' condition 'Initialized': True
2025-01-28 20:45:19,123 INFO c.h.h.t.HelmChartContainer - [hivemq-test-hivemq-platform] [hivemq-platform-operator] [8c19e5b5] 20:45:19.120 [ReconcilerExecutor-hivemq-controller-97] DEBUG c.h.p.o.h.HiveMQPlatformReconcilerErrorHandler - [helmexte] Pod 'test-hivemq-platform-0' condition 'Ready': False
2025-01-28 20:45:19,123 INFO c.h.h.t.HelmChartContainer - [hivemq-test-hivemq-platform] [hivemq-platform-operator] [8c19e5b5] 20:45:19.120 [ReconcilerExecutor-hivemq-controller-97] DEBUG c.h.p.o.h.HiveMQPlatformReconcilerErrorHandler - [helmexte] Pod 'test-hivemq-platform-0' condition 'ContainersReady': False
2025-01-28 20:45:19,123 INFO c.h.h.t.HelmChartContainer - [hivemq-test-hivemq-platform] [hivemq-platform-operator] [8c19e5b5] 20:45:19.120 [ReconcilerExecutor-hivemq-controller-97] DEBUG c.h.p.o.h.HiveMQPlatformReconcilerErrorHandler - [helmexte] Pod 'test-hivemq-platform-0' condition 'PodScheduled': True
2025-01-28 20:45:19,123 INFO c.h.h.t.HelmChartContainer - [hivemq-test-hivemq-platform] [hivemq-platform-operator] [8c19e5b5] 20:45:19.120 [ReconcilerExecutor-hivemq-controller-97] DEBUG c.h.p.o.h.HiveMQPlatformReconcilerErrorHandler - [helmexte] Pod 'test-hivemq-platform-0' containerStatus 'hivemq' (started: false) (ready: false) (waiting: [PodInitializing] null)
2025-01-28 20:45:19,193 INFO c.h.h.t.HelmChartContainer - [hivemq-test-hivemq-platform] [hivemq-platform-operator] [8c19e5b5] 20:45:19.192 [ReconcilerExecutor-hivemq-controller-97] INFO  c.h.p.o.h.HiveMQPlatformReconcilerBaseHandler - [helmexte] HiveMQ Platform is starting, 0 of 1 replicas are ready
2025-01-28 20:45:20,337 INFO c.h.h.t.HelmChartContainer - [EVENT] Normal [Created] Created container: hivemq [helmextensionpriorityit:test-hivemq-platform-0]
2025-01-28 20:45:20,337 INFO c.h.h.t.HelmChartContainer - Received Created event for container hivemq in pod test-hivemq-platform-0 [7f3bf99f-d04b-461f-a7f8-7580f759ff84]
2025-01-28 20:45:21,080 INFO c.h.h.t.HelmChartContainer - [POD] test-hivemq-platform-0 [7f3bf99f-d04b-461f-a7f8-7580f759ff84] in helmextensionpriorityit was MODIFIED
2025-01-28 20:45:21,093 INFO c.h.h.t.HelmChartContainer - [EVENT] Normal [Started] Started container hivemq [helmextensionpriorityit:test-hivemq-platform-0]
2025-01-28 20:45:21,094 INFO c.h.h.t.HelmChartContainer - Received Started event for container hivemq in pod test-hivemq-platform-0 [7f3bf99f-d04b-461f-a7f8-7580f759ff84]
2025-01-28 20:45:21,095 INFO c.h.h.t.HelmChartContainer - [hivemq-test-hivemq-platform] [hivemq-platform-operator] [8c19e5b5] 20:45:21.089 [pool-6-thread-3] DEBUG c.h.p.o.d.PlatformServiceResource - [helmexte] Desired Platform services (2 services)
2025-01-28 20:45:21,095 INFO c.h.h.t.HelmChartContainer - [hivemq-test-hivemq-platform] [hivemq-platform-operator] [8c19e5b5] 20:45:21.091 [pool-6-thread-9] DEBUG c.h.p.o.dependants.PodInfoConfigMap - [helmexte] Desired PodInfo ConfigMap (3 extensions) (3 enabled)
2025-01-28 20:45:21,095 INFO c.h.h.t.HelmChartContainer - [hivemq-test-hivemq-platform] [hivemq-platform-operator] [8c19e5b5] 20:45:21.092 [pool-6-thread-9] DEBUG c.h.p.o.dependants.PodInfoConfigMap - [helmexte] Desired PodInfo ConfigMap (metrics port: 9399) (metrics path: /)
2025-01-28 20:45:21,095 INFO c.h.h.t.HelmChartContainer - [hivemq-test-hivemq-platform] [hivemq-platform-operator] [8c19e5b5] 20:45:21.092 [pool-6-thread-9] DEBUG c.h.p.o.dependants.PodInfoConfigMap - [helmexte] Desired PodInfo ConfigMap (extension state hash: 687648868)
2025-01-28 20:45:21,095 INFO c.h.h.t.HelmChartContainer - Started log watcher for hivemq in pod test-hivemq-platform-0 [7f3bf99f-d04b-461f-a7f8-7580f759ff84]
2025-01-28 20:45:21,096 INFO c.h.h.t.HelmChartContainer - [test-hivemq-platform] [hivemq] [7f3bf99f] Adding pre-installed HiveMQ Platform Operator extensions
2025-01-28 20:45:21,096 INFO c.h.h.t.HelmChartContainer - [test-hivemq-platform] [hivemq] [7f3bf99f] Running as user 10000
2025-01-28 20:45:21,096 INFO c.h.h.t.HelmChartContainer - [test-hivemq-platform] [hivemq] [7f3bf99f] Starting HiveMQ Platform Operator Init
2025-01-28 20:45:21,106 INFO c.h.h.t.HelmChartContainer - [hivemq-test-hivemq-platform] [hivemq-platform-operator] [8c19e5b5] 20:45:21.086 [pool-6-thread-6] DEBUG c.h.p.o.d.PodServiceAccountResource - [helmexte] Desired PodServiceAccountResource (serviceAccountName: hivemq-platform-pod-test-hivemq-platform)
2025-01-28 20:45:21,121 INFO c.h.h.t.HelmChartContainer - [hivemq-test-hivemq-platform] [hivemq-platform-operator] [8c19e5b5] 20:45:21.116 [pool-6-thread-10] DEBUG c.h.p.o.d.StatefulSetResource - [helmexte] Desired StatefulSet (1 replicas) for status STARTING (READY)
2025-01-28 20:45:21,132 INFO c.h.h.t.HelmChartContainer - [hivemq-test-hivemq-platform] [hivemq-platform-operator] [8c19e5b5] 20:45:21.130 [ReconcilerExecutor-hivemq-controller-108] INFO  c.h.p.o.HiveMQPlatformReconciler - [helmexte] Reconciling HiveMQ Platform 'test-hivemq-platform' in namespace 'helmextensionpriorityit'
2025-01-28 20:45:21,132 INFO c.h.h.t.HelmChartContainer - [hivemq-test-hivemq-platform] [hivemq-platform-operator] [8c19e5b5] 20:45:21.130 [ReconcilerExecutor-hivemq-controller-108] DEBUG c.h.p.o.HiveMQPlatformReconciler - [helmexte] Custom Resource Status STARTING - HiveMQ Platform is starting (READY)
2025-01-28 20:45:21,132 INFO c.h.h.t.HelmChartContainer - [hivemq-test-hivemq-platform] [hivemq-platform-operator] [8c19e5b5] 20:45:21.131 [ReconcilerExecutor-hivemq-controller-108] DEBUG c.h.p.o.HiveMQPlatformReconciler - [helmexte] Custom Resource Spec (replicas: 1) (extensions: 3)
2025-01-28 20:45:21,137 INFO c.h.h.t.HelmChartContainer - [hivemq-test-hivemq-platform] [hivemq-platform-operator] [8c19e5b5] 20:45:21.136 [ReconcilerExecutor-hivemq-controller-108] DEBUG c.h.p.o.HiveMQPlatformReconciler - [helmexte] StatefulSet Status (revision: test-hivemq-platform-6fd78546f5, replicas: 1, available: 0, ready: 0, current: 1, updated: 1)
2025-01-28 20:45:21,195 INFO c.h.h.t.HelmChartContainer - [hivemq-test-hivemq-platform] [hivemq-platform-operator] [8c19e5b5] 20:45:21.192 [ReconcilerExecutor-hivemq-controller-108] DEBUG c.h.p.o.HiveMQPlatformReconciler - [helmexte] StatefulSet Spec (replicas: 1, init containers: 1, containers: 1, volumes: 3)
2025-01-28 20:45:21,203 INFO c.h.h.t.HelmChartContainer - [hivemq-test-hivemq-platform] [hivemq-platform-operator] [8c19e5b5] 20:45:21.201 [ReconcilerExecutor-hivemq-controller-108] DEBUG c.h.p.o.h.HiveMQPlatformReconcilerErrorHandler - [helmexte] Pod 'test-hivemq-platform-0' phase Running
2025-01-28 20:45:21,205 INFO c.h.h.t.HelmChartContainer - [hivemq-test-hivemq-platform] [hivemq-platform-operator] [8c19e5b5] 20:45:21.203 [ReconcilerExecutor-hivemq-controller-108] INFO  c.h.p.o.h.HiveMQPlatformReconcilerBaseHandler - [helmexte] HiveMQ Platform is starting, 0 of 1 replicas are ready
2025-01-28 20:45:21,610 INFO c.h.h.t.HelmChartContainer - [test-hivemq-platform] [hivemq] [7f3bf99f] INFO  - [HiveMQ Platform Operator Init 1.7.0-SNAPSHOT] HiveMQ Platform Operator Init 1.7.0-SNAPSHOT (commit: bebf408 on branch: HEAD) built on Sun Jan 26 20:47:47 UTC 2025
2025-01-28 20:45:22,822 INFO c.h.h.t.HelmChartContainer - [test-hivemq-platform] [hivemq] [7f3bf99f] INFO  - [HiveMQ Platform Operator Init App 1.7.0-SNAPSHOT] Using bind address 10.42.0.11 from environment variable
2025-01-28 20:45:23,628 INFO c.h.h.t.HelmChartContainer - [test-hivemq-platform] [hivemq] [7f3bf99f] INFO  - [HiveMQ Platform Operator Init App 1.7.0-SNAPSHOT] HiveMQ Platform Operator Init App 1.7.0-SNAPSHOT (commit: bebf408 on branch: HEAD) built on Sun Jan 26 20:47:47 UTC 2025
2025-01-28 20:45:23,629 INFO c.h.h.t.HelmChartContainer - [test-hivemq-platform] [hivemq] [7f3bf99f] INFO  - [HiveMQ Platform Operator Init App 1.7.0-SNAPSHOT] PodInfo ConfigMap directory: /etc/podinfo
2025-01-28 20:45:23,629 INFO c.h.h.t.HelmChartContainer - [test-hivemq-platform] [hivemq] [7f3bf99f] INFO  - [HiveMQ Platform Operator Init App 1.7.0-SNAPSHOT] HiveMQ home directory: /opt/hivemq
2025-01-28 20:45:23,629 INFO c.h.h.t.HelmChartContainer - [test-hivemq-platform] [hivemq] [7f3bf99f] INFO  - [HiveMQ Platform Operator Init App 1.7.0-SNAPSHOT] HiveMQ Logback folder: /opt/hivemq/conf
2025-01-28 20:45:23,629 INFO c.h.h.t.HelmChartContainer - [test-hivemq-platform] [hivemq] [7f3bf99f] INFO  - [HiveMQ Platform Operator Init App 1.7.0-SNAPSHOT] HiveMQ Config folder: /opt/hivemq/conf-k8s
2025-01-28 20:45:23,630 INFO c.h.h.t.HelmChartContainer - [test-hivemq-platform] [hivemq] [7f3bf99f] INFO  - [HiveMQ Platform Operator Init App 1.7.0-SNAPSHOT] Starting HiveMQ Platform Operator Init App
2025-01-28 20:45:23,630 INFO c.h.h.t.HelmChartContainer - [test-hivemq-platform] [hivemq] [7f3bf99f] INFO  - [HiveMQ Platform Operator Init App 1.7.0-SNAPSHOT] Starting Pod reconciler
2025-01-28 20:45:24,923 INFO c.h.h.t.HelmChartContainer - [test-hivemq-platform] [hivemq] [7f3bf99f] INFO  - [HiveMQ Platform Operator Init App 1.7.0-SNAPSHOT] Pod reconciler is scheduled (interval: 5000 ms)
2025-01-28 20:45:24,925 INFO c.h.h.t.HelmChartContainer - [test-hivemq-platform] [hivemq] [7f3bf99f] INFO  - [HiveMQ Platform Operator Init App 1.7.0-SNAPSHOT] Starting the REST API on 10.42.0.11:7979
2025-01-28 20:45:24,927 INFO c.h.h.t.HelmChartContainer - [test-hivemq-platform] [hivemq] [7f3bf99f] INFO  - [HiveMQ Platform Operator Init App 1.7.0-SNAPSHOT] Waiting up to 600s for at most 1 HiveMQ nodes in cluster service hivemq-test-hivemq-platform-cluster.helmextensionpriorityit.svc
2025-01-28 20:45:25,321 INFO c.h.h.t.HelmChartContainer - [test-hivemq-platform] [hivemq] [7f3bf99f] INFO  - [HiveMQ Platform Operator Init App 1.7.0-SNAPSHOT] Resolved 1 IP addresses: [10.42.0.11]
2025-01-28 20:45:25,321 INFO c.h.h.t.HelmChartContainer - [test-hivemq-platform] [hivemq] [7f3bf99f] INFO  - [HiveMQ Platform Operator Init App 1.7.0-SNAPSHOT] HiveMQ node count of 1 is within threshold of 1
2025-01-28 20:45:25,321 INFO c.h.h.t.HelmChartContainer - [test-hivemq-platform] [hivemq] [7f3bf99f] INFO  - [HiveMQ Platform Operator Init App 1.7.0-SNAPSHOT] Proceeding with container start
2025-01-28 20:45:25,416 INFO c.h.h.t.HelmChartContainer - [test-hivemq-platform] [hivemq] [7f3bf99f] INFO  - [HiveMQ Platform Operator Init App 1.7.0-SNAPSHOT] Initializing HiveMQ Platform extensions with initial configuration: {hivemq-appending-bar-extension={start-priority=2000, skip-https-hostname-verification=false, restart=true, config-version=0, header-version=0, c-uri=, priority=2000, uri=http://nginx-service/hivemq-appending-bar-extension-1.0.0.zip, skip-https-certificate-validation=false, enabled=true}, hivemq-appending-baz-extension={start-priority=3000, skip-https-hostname-verification=false, restart=true, config-version=0, header-version=0, c-uri=, priority=1000, uri=http://nginx-service/hivemq-appending-baz-extension-1.0.0.zip, skip-https-certificate-validation=false, enabled=true}, hivemq-appending-foo-extension={start-priority=1000, skip-https-hostname-verification=false, restart=true, config-version=0, header-version=0, c-uri=, priority=3000, uri=http://nginx-service/hivemq-appending-foo-extension-1.0.0.zip, skip-https-certificate-validation=false, enabled=true}, hivemq-prometheus-extension={restart=true, enabled=true, request-header-path=no-request-headers, uri=preinstalled, skip-https-certificate-validation=false, skip-https-hostname-verification=false, c-uri=, start-priority=-1, priority=-1}}
2025-01-28 20:45:25,417 INFO c.h.h.t.HelmChartContainer - [test-hivemq-platform] [hivemq] [7f3bf99f] INFO  - [HiveMQ Platform Operator Init App 1.7.0-SNAPSHOT] Installing custom extension hivemq-appending-bar-extension from URL http://nginx-service/hivemq-appending-bar-extension-1.0.0.zip
2025-01-28 20:45:25,418 INFO c.h.h.t.HelmChartContainer - [test-hivemq-platform] [hivemq] [7f3bf99f] INFO  - [HiveMQ Platform Operator Init App 1.7.0-SNAPSHOT] Downloading custom extension hivemq-appending-bar-extension into '/tmp/hivemq-appending-bar-extension9196871006677766140/extension.zip'
2025-01-28 20:45:25,525 INFO c.h.h.t.HelmChartContainer - [nginx-b74cf9657-npkh] [nginx] [e9d383ff] 10.42.0.11 - - [28/Jan/2025:20:45:25 +0000] "GET /hivemq-appending-bar-extension-1.0.0.zip HTTP/1.1" 200 20145 "-" "Java-http-client/21.0.5" "-"
2025-01-28 20:45:25,615 INFO c.h.h.t.HelmChartContainer - [test-hivemq-platform] [hivemq] [7f3bf99f] INFO  - [HiveMQ Platform Operator Init App 1.7.0-SNAPSHOT] Copy extension from '/tmp/hivemq-appending-bar-extension9196871006677766140/hivemq-appending-bar-extension' to '/opt/hivemq/extensions/hivemq-appending-bar-extension'
2025-01-28 20:45:25,616 INFO c.h.h.t.HelmChartContainer - [test-hivemq-platform] [hivemq] [7f3bf99f] INFO  - [HiveMQ Platform Operator Init App 1.7.0-SNAPSHOT] Found hivemq-extension.xml in folder '/tmp/hivemq-appending-bar-extension9196871006677766140/hivemq-appending-bar-extension/hivemq-appending-bar-extension'
2025-01-28 20:45:25,633 INFO c.h.h.t.HelmChartContainer - [test-hivemq-platform] [hivemq] [7f3bf99f] INFO  - [HiveMQ Platform Operator Init App 1.7.0-SNAPSHOT] Configuring priority 2000 for extension hivemq-appending-bar-extension
2025-01-28 20:45:25,633 INFO c.h.h.t.HelmChartContainer - [test-hivemq-platform] [hivemq] [7f3bf99f] INFO  - [HiveMQ Platform Operator Init App 1.7.0-SNAPSHOT] Configuring start-priority 2000 for extension hivemq-appending-bar-extension
2025-01-28 20:45:26,023 INFO c.h.h.t.HelmChartContainer - [test-hivemq-platform] [hivemq] [7f3bf99f] INFO  - [HiveMQ Platform Operator Init App 1.7.0-SNAPSHOT] Extension hivemq-appending-bar-extension was already enabled
2025-01-28 20:45:26,024 INFO c.h.h.t.HelmChartContainer - [test-hivemq-platform] [hivemq] [7f3bf99f] INFO  - [HiveMQ Platform Operator Init App 1.7.0-SNAPSHOT] Installing custom extension hivemq-appending-baz-extension from URL http://nginx-service/hivemq-appending-baz-extension-1.0.0.zip
2025-01-28 20:45:26,024 INFO c.h.h.t.HelmChartContainer - [test-hivemq-platform] [hivemq] [7f3bf99f] INFO  - [HiveMQ Platform Operator Init App 1.7.0-SNAPSHOT] Downloading custom extension hivemq-appending-baz-extension into '/tmp/hivemq-appending-baz-extension13171236425922764615/extension.zip'
2025-01-28 20:45:26,029 INFO c.h.h.t.HelmChartContainer - [nginx-b74cf9657-npkh] [nginx] [e9d383ff] 10.42.0.11 - - [28/Jan/2025:20:45:26 +0000] "GET /hivemq-appending-baz-extension-1.0.0.zip HTTP/1.1" 200 20145 "-" "Java-http-client/21.0.5" "-"
2025-01-28 20:45:26,108 INFO c.h.h.t.HelmChartContainer - [test-hivemq-platform] [hivemq] [7f3bf99f] INFO  - [HiveMQ Platform Operator Init App 1.7.0-SNAPSHOT] Copy extension from '/tmp/hivemq-appending-baz-extension13171236425922764615/hivemq-appending-baz-extension' to '/opt/hivemq/extensions/hivemq-appending-baz-extension'
2025-01-28 20:45:26,108 INFO c.h.h.t.HelmChartContainer - [test-hivemq-platform] [hivemq] [7f3bf99f] INFO  - [HiveMQ Platform Operator Init App 1.7.0-SNAPSHOT] Found hivemq-extension.xml in folder '/tmp/hivemq-appending-baz-extension13171236425922764615/hivemq-appending-baz-extension/hivemq-appending-baz-extension'
2025-01-28 20:45:26,110 INFO c.h.h.t.HelmChartContainer - [test-hivemq-platform] [hivemq] [7f3bf99f] INFO  - [HiveMQ Platform Operator Init App 1.7.0-SNAPSHOT] Configuring priority 1000 for extension hivemq-appending-baz-extension
2025-01-28 20:45:26,111 INFO c.h.h.t.HelmChartContainer - [test-hivemq-platform] [hivemq] [7f3bf99f] INFO  - [HiveMQ Platform Operator Init App 1.7.0-SNAPSHOT] Configuring start-priority 3000 for extension hivemq-appending-baz-extension
2025-01-28 20:45:26,125 INFO c.h.h.t.HelmChartContainer - [test-hivemq-platform] [hivemq] [7f3bf99f] INFO  - [HiveMQ Platform Operator Init App 1.7.0-SNAPSHOT] Extension hivemq-appending-baz-extension was already enabled
2025-01-28 20:45:26,125 INFO c.h.h.t.HelmChartContainer - [test-hivemq-platform] [hivemq] [7f3bf99f] INFO  - [HiveMQ Platform Operator Init App 1.7.0-SNAPSHOT] Installing custom extension hivemq-appending-foo-extension from URL http://nginx-service/hivemq-appending-foo-extension-1.0.0.zip
2025-01-28 20:45:26,125 INFO c.h.h.t.HelmChartContainer - [test-hivemq-platform] [hivemq] [7f3bf99f] INFO  - [HiveMQ Platform Operator Init App 1.7.0-SNAPSHOT] Downloading custom extension hivemq-appending-foo-extension into '/tmp/hivemq-appending-foo-extension4002133147809831230/extension.zip'
2025-01-28 20:45:26,126 INFO c.h.h.t.HelmChartContainer - [nginx-b74cf9657-npkh] [nginx] [e9d383ff] 10.42.0.11 - - [28/Jan/2025:20:45:26 +0000] "GET /hivemq-appending-foo-extension-1.0.0.zip HTTP/1.1" 200 20146 "-" "Java-http-client/21.0.5" "-"
2025-01-28 20:45:26,207 INFO c.h.h.t.HelmChartContainer - [test-hivemq-platform] [hivemq] [7f3bf99f] INFO  - [HiveMQ Platform Operator Init App 1.7.0-SNAPSHOT] Copy extension from '/tmp/hivemq-appending-foo-extension4002133147809831230/hivemq-appending-foo-extension' to '/opt/hivemq/extensions/hivemq-appending-foo-extension'
2025-01-28 20:45:26,208 INFO c.h.h.t.HelmChartContainer - [test-hivemq-platform] [hivemq] [7f3bf99f] INFO  - [HiveMQ Platform Operator Init App 1.7.0-SNAPSHOT] Found hivemq-extension.xml in folder '/tmp/hivemq-appending-foo-extension4002133147809831230/hivemq-appending-foo-extension/hivemq-appending-foo-extension'
2025-01-28 20:45:26,212 INFO c.h.h.t.HelmChartContainer - [test-hivemq-platform] [hivemq] [7f3bf99f] INFO  - [HiveMQ Platform Operator Init App 1.7.0-SNAPSHOT] Configuring priority 3000 for extension hivemq-appending-foo-extension
2025-01-28 20:45:26,212 INFO c.h.h.t.HelmChartContainer - [test-hivemq-platform] [hivemq] [7f3bf99f] INFO  - [HiveMQ Platform Operator Init App 1.7.0-SNAPSHOT] Configuring start-priority 1000 for extension hivemq-appending-foo-extension
2025-01-28 20:45:26,225 INFO c.h.h.t.HelmChartContainer - [test-hivemq-platform] [hivemq] [7f3bf99f] INFO  - [HiveMQ Platform Operator Init App 1.7.0-SNAPSHOT] Extension hivemq-appending-foo-extension was already enabled
2025-01-28 20:45:26,317 INFO c.h.h.t.HelmChartContainer - [test-hivemq-platform] [hivemq] [7f3bf99f] INFO  - [HiveMQ Platform Operator Init App 1.7.0-SNAPSHOT] Successfully enabled extension hivemq-prometheus-extension
2025-01-28 20:45:26,319 INFO c.h.h.t.HelmChartContainer - [test-hivemq-platform] [hivemq] [7f3bf99f] INFO  - [HiveMQ Platform Operator Init App 1.7.0-SNAPSHOT] Starting HiveMQ Platform version 4.36.0 (4.36.0)
2025-01-28 20:45:26,319 INFO c.h.h.t.HelmChartContainer - [test-hivemq-platform] [hivemq] [7f3bf99f] INFO  - [HiveMQ Platform Operator Init App 1.7.0-SNAPSHOT] Configuring the HiveMQ Platform
2025-01-28 20:45:26,330 INFO c.h.h.t.HelmChartContainer - [test-hivemq-platform] [hivemq] [7f3bf99f] INFO  - [HiveMQ Platform Operator Init App 1.7.0-SNAPSHOT] Changed logback.xml file scan period to 20 seconds
2025-01-28 20:45:26,419 INFO c.h.h.t.HelmChartContainer - [test-hivemq-platform] [hivemq] [7f3bf99f] INFO  - [HiveMQ Platform Operator Init App 1.7.0-SNAPSHOT] Starting the HiveMQ Platform
2025-01-28 20:45:26,422 INFO c.h.h.t.HelmChartContainer - [test-hivemq-platform] [hivemq] [7f3bf99f] -------------------------------------------------------------------------
2025-01-28 20:45:26,422 INFO c.h.h.t.HelmChartContainer - [test-hivemq-platform] [hivemq] [7f3bf99f] 
2025-01-28 20:45:26,422 INFO c.h.h.t.HelmChartContainer - [test-hivemq-platform] [hivemq] [7f3bf99f]                   _    _  _              __  __   ____
2025-01-28 20:45:26,423 INFO c.h.h.t.HelmChartContainer - [test-hivemq-platform] [hivemq] [7f3bf99f]                  | |  | |(_)            |  \/  | / __ \
2025-01-28 20:45:26,423 INFO c.h.h.t.HelmChartContainer - [test-hivemq-platform] [hivemq] [7f3bf99f]                  | |__| | _ __   __ ___ | \  / || |  | |
2025-01-28 20:45:26,423 INFO c.h.h.t.HelmChartContainer - [test-hivemq-platform] [hivemq] [7f3bf99f]                  |  __  || |\ \ / // _ \| |\/| || |  | |
2025-01-28 20:45:26,423 INFO c.h.h.t.HelmChartContainer - [test-hivemq-platform] [hivemq] [7f3bf99f]                  | |  | || | \ V /|  __/| |  | || |__| |
2025-01-28 20:45:26,423 INFO c.h.h.t.HelmChartContainer - [test-hivemq-platform] [hivemq] [7f3bf99f]                  |_|  |_||_|  \_/  \___||_|  |_| \___\_\
2025-01-28 20:45:26,423 INFO c.h.h.t.HelmChartContainer - [test-hivemq-platform] [hivemq] [7f3bf99f] 
2025-01-28 20:45:26,423 INFO c.h.h.t.HelmChartContainer - [test-hivemq-platform] [hivemq] [7f3bf99f] -------------------------------------------------------------------------
2025-01-28 20:45:26,423 INFO c.h.h.t.HelmChartContainer - [test-hivemq-platform] [hivemq] [7f3bf99f] 
2025-01-28 20:45:26,423 INFO c.h.h.t.HelmChartContainer - [test-hivemq-platform] [hivemq] [7f3bf99f]   HiveMQ Start Script for Linux/Unix v1.14
2025-01-28 20:45:26,423 INFO c.h.h.t.HelmChartContainer - [test-hivemq-platform] [hivemq] [7f3bf99f] 
2025-01-28 20:45:26,517 INFO c.h.h.t.HelmChartContainer - [test-hivemq-platform] [hivemq] [7f3bf99f] -------------------------------------------------------------------------
2025-01-28 20:45:26,517 INFO c.h.h.t.HelmChartContainer - [test-hivemq-platform] [hivemq] [7f3bf99f] 
2025-01-28 20:45:26,517 INFO c.h.h.t.HelmChartContainer - [test-hivemq-platform] [hivemq] [7f3bf99f]   HIVEMQ_HOME: /opt/hivemq
2025-01-28 20:45:26,518 INFO c.h.h.t.HelmChartContainer - [test-hivemq-platform] [hivemq] [7f3bf99f] 
2025-01-28 20:45:26,518 INFO c.h.h.t.HelmChartContainer - [test-hivemq-platform] [hivemq] [7f3bf99f]   JAVA_OPTS: -XX:+UnlockExperimentalVMOptions -XX:InitialRAMPercentage=50 -XX:MaxRAMPercentage=50 -Djava.net.preferIPv4Stack=true --add-opens java.base/java.lang=ALL-UNNAMED --add-opens java.base/java.nio=ALL-UNNAMED --add-opens java.base/sun.nio.ch=ALL-UNNAMED --add-opens jdk.management/com.sun.management.internal=ALL-UNNAMED --add-exports java.base/jdk.internal.misc=ALL-UNNAMED -Djava.security.egd=file:/dev/./urandom -Dcom.sun.management.jmxremote -Dcom.sun.management.jmxremote.port=9010 -Dcom.sun.management.jmxremote.local.only=false -Dcom.sun.management.jmxremote.authenticate=false -Dcom.sun.management.jmxremote.ssl=false -Duser.language=en -Duser.region=US -XX:+CrashOnOutOfMemoryError -XX:+HeapDumpOnOutOfMemoryError
2025-01-28 20:45:26,518 INFO c.h.h.t.HelmChartContainer - [test-hivemq-platform] [hivemq] [7f3bf99f] 
2025-01-28 20:45:26,518 INFO c.h.h.t.HelmChartContainer - [test-hivemq-platform] [hivemq] [7f3bf99f]   JAVA_VERSION: 21
2025-01-28 20:45:26,518 INFO c.h.h.t.HelmChartContainer - [test-hivemq-platform] [hivemq] [7f3bf99f] 
2025-01-28 20:45:26,518 INFO c.h.h.t.HelmChartContainer - [test-hivemq-platform] [hivemq] [7f3bf99f] -------------------------------------------------------------------------
2025-01-28 20:45:26,518 INFO c.h.h.t.HelmChartContainer - [test-hivemq-platform] [hivemq] [7f3bf99f] 
2025-01-28 20:45:26,867 INFO c.h.h.t.HelmChartContainer - [K3S] [INFO] COMPACT compactRev=0 targetCompactRev=2 currentRev=1121
2025-01-28 20:45:26,867 INFO c.h.h.t.HelmChartContainer - [K3S] [INFO] COMPACT deleted 0 rows from 2 revisions in 414.726µs - compacted to 2/1121
2025-01-28 20:45:26,867 INFO c.h.h.t.HelmChartContainer - [K3S] [INFO] COMPACT compacted from 0 to 2 in 1 transactions over 1ms
2025-01-28 20:45:27,122 INFO c.h.h.t.HelmChartContainer - [test-hivemq-platform] [hivemq] [7f3bf99f] INFO  - [HiveMQ Platform Operator Init App 1.7.0-SNAPSHOT] Returning default Health API response 503 for readiness
2025-01-28 20:45:27,425 INFO c.h.h.t.HelmChartContainer - [EVENT] Warning [Unhealthy] Readiness probe failed: HTTP probe failed with statuscode: 503 [helmextensionpriorityit:test-hivemq-platform-0]
2025-01-28 20:45:27,426 INFO c.h.h.t.HelmChartContainer - Received Unhealthy event for container hivemq in pod test-hivemq-platform-0 [7f3bf99f-d04b-461f-a7f8-7580f759ff84]
2025-01-28 20:45:29,210 INFO c.h.h.t.HelmChartContainer - [test-hivemq-platform] [hivemq] [7f3bf99f] INFO  - Starting HiveMQ Enterprise Server
2025-01-28 20:45:29,218 INFO c.h.h.t.HelmChartContainer - [test-hivemq-platform] [hivemq] [7f3bf99f] INFO  - HiveMQ version: 4.36.0
2025-01-28 20:45:29,219 INFO c.h.h.t.HelmChartContainer - [test-hivemq-platform] [hivemq] [7f3bf99f] INFO  - HiveMQ home directory: /opt/hivemq
2025-01-28 20:45:29,219 INFO c.h.h.t.HelmChartContainer - [test-hivemq-platform] [hivemq] [7f3bf99f] INFO  - Log Configuration was overridden by /opt/hivemq/conf/logback.xml
2025-01-28 20:45:29,586 INFO c.h.h.t.HelmChartContainer - [K3S] [info.go:53] Couldn't collect info from any of the files in "/etc/machine-id,/var/lib/dbus/machine-id"
2025-01-28 20:45:30,822 INFO c.h.h.t.HelmChartContainer - [test-hivemq-platform] [hivemq] [7f3bf99f] INFO  - Successfully loaded configuration from '/opt/hivemq/conf-k8s/config.xml'.
2025-01-28 20:45:31,218 INFO c.h.h.t.HelmChartContainer - [hivemq-test-hivemq-platform] [hivemq-platform-operator] [8c19e5b5] 20:45:31.212 [pool-6-thread-16] DEBUG c.h.p.o.d.PlatformServiceResource - [helmexte] Desired Platform services (2 services)
2025-01-28 20:45:31,218 INFO c.h.h.t.HelmChartContainer - [hivemq-test-hivemq-platform] [hivemq-platform-operator] [8c19e5b5] 20:45:31.212 [pool-6-thread-19] DEBUG c.h.p.o.d.PodServiceAccountResource - [helmexte] Desired PodServiceAccountResource (serviceAccountName: hivemq-platform-pod-test-hivemq-platform)
2025-01-28 20:45:31,219 INFO c.h.h.t.HelmChartContainer - [hivemq-test-hivemq-platform] [hivemq-platform-operator] [8c19e5b5] 20:45:31.212 [pool-6-thread-18] DEBUG c.h.p.o.dependants.PodInfoConfigMap - [helmexte] Desired PodInfo ConfigMap (3 extensions) (3 enabled)
2025-01-28 20:45:31,222 INFO c.h.h.t.HelmChartContainer - [hivemq-test-hivemq-platform] [hivemq-platform-operator] [8c19e5b5] 20:45:31.219 [pool-6-thread-18] DEBUG c.h.p.o.dependants.PodInfoConfigMap - [helmexte] Desired PodInfo ConfigMap (metrics port: 9399) (metrics path: /)
2025-01-28 20:45:31,222 INFO c.h.h.t.HelmChartContainer - [hivemq-test-hivemq-platform] [hivemq-platform-operator] [8c19e5b5] 20:45:31.219 [pool-6-thread-18] DEBUG c.h.p.o.dependants.PodInfoConfigMap - [helmexte] Desired PodInfo ConfigMap (extension state hash: 687648868)
2025-01-28 20:45:31,226 INFO c.h.h.t.HelmChartContainer - [hivemq-test-hivemq-platform] [hivemq-platform-operator] [8c19e5b5] 20:45:31.225 [pool-6-thread-18] DEBUG c.h.p.o.d.StatefulSetResource - [helmexte] Desired StatefulSet (1 replicas) for status STARTING (READY)
2025-01-28 20:45:31,302 INFO c.h.h.t.HelmChartContainer - [hivemq-test-hivemq-platform] [hivemq-platform-operator] [8c19e5b5] 20:45:31.300 [ReconcilerExecutor-hivemq-controller-109] INFO  c.h.p.o.HiveMQPlatformReconciler - [helmexte] Reconciling HiveMQ Platform 'test-hivemq-platform' in namespace 'helmextensionpriorityit'
2025-01-28 20:45:31,302 INFO c.h.h.t.HelmChartContainer - [hivemq-test-hivemq-platform] [hivemq-platform-operator] [8c19e5b5] 20:45:31.300 [ReconcilerExecutor-hivemq-controller-109] DEBUG c.h.p.o.HiveMQPlatformReconciler - [helmexte] Custom Resource Status STARTING - HiveMQ Platform is starting (READY)
2025-01-28 20:45:31,303 INFO c.h.h.t.HelmChartContainer - [hivemq-test-hivemq-platform] [hivemq-platform-operator] [8c19e5b5] 20:45:31.300 [ReconcilerExecutor-hivemq-controller-109] DEBUG c.h.p.o.HiveMQPlatformReconciler - [helmexte] Custom Resource Spec (replicas: 1) (extensions: 3)
2025-01-28 20:45:31,307 INFO c.h.h.t.HelmChartContainer - [hivemq-test-hivemq-platform] [hivemq-platform-operator] [8c19e5b5] 20:45:31.303 [ReconcilerExecutor-hivemq-controller-109] DEBUG c.h.p.o.HiveMQPlatformReconciler - [helmexte] StatefulSet Status (revision: test-hivemq-platform-6fd78546f5, replicas: 1, available: 0, ready: 0, current: 1, updated: 1)
2025-01-28 20:45:31,307 INFO c.h.h.t.HelmChartContainer - [hivemq-test-hivemq-platform] [hivemq-platform-operator] [8c19e5b5] 20:45:31.303 [ReconcilerExecutor-hivemq-controller-109] DEBUG c.h.p.o.HiveMQPlatformReconciler - [helmexte] StatefulSet Spec (replicas: 1, init containers: 1, containers: 1, volumes: 3)
2025-01-28 20:45:31,308 INFO c.h.h.t.HelmChartContainer - [hivemq-test-hivemq-platform] [hivemq-platform-operator] [8c19e5b5] 20:45:31.305 [ReconcilerExecutor-hivemq-controller-109] DEBUG c.h.p.o.h.HiveMQPlatformReconcilerErrorHandler - [helmexte] Pod 'test-hivemq-platform-0' phase Running
2025-01-28 20:45:31,308 INFO c.h.h.t.HelmChartContainer - [hivemq-test-hivemq-platform] [hivemq-platform-operator] [8c19e5b5] 20:45:31.307 [ReconcilerExecutor-hivemq-controller-109] INFO  c.h.p.o.h.HiveMQPlatformReconcilerBaseHandler - [helmexte] HiveMQ Platform is starting, 0 of 1 replicas are ready
2025-01-28 20:45:31,917 INFO c.h.h.t.HelmChartContainer - [test-hivemq-platform] [hivemq] [7f3bf99f] INFO  - This node's ID is GJ7zn
2025-01-28 20:45:31,920 INFO c.h.h.t.HelmChartContainer - [test-hivemq-platform] [hivemq] [7f3bf99f] INFO  - Clustering is enabled
2025-01-28 20:45:32,207 INFO c.h.h.t.HelmChartContainer - [test-hivemq-platform] [hivemq] [7f3bf99f] WARN  - [HiveMQ Platform Operator Init App 1.7.0-SNAPSHOT] Cannot connect to Health API for readiness: null
2025-01-28 20:45:32,211 INFO c.h.h.t.HelmChartContainer - [EVENT] Warning [Unhealthy] Readiness probe failed: HTTP probe failed with statuscode: 503 [helmextensionpriorityit:test-hivemq-platform-0]
2025-01-28 20:45:32,211 INFO c.h.h.t.HelmChartContainer - Received Unhealthy event for container hivemq in pod test-hivemq-platform-0 [7f3bf99f-d04b-461f-a7f8-7580f759ff84]
2025-01-28 20:45:35,127 INFO c.h.h.t.HelmChartContainer - [test-hivemq-platform] [hivemq] [7f3bf99f] Jan 28, 2025 8:45:35 PM io.vertx.core.impl.BlockedThreadChecker
2025-01-28 20:45:35,127 INFO c.h.h.t.HelmChartContainer - [test-hivemq-platform] [hivemq] [7f3bf99f] WARNING: Thread Thread[vert.x-eventloop-thread-1,5,main] has been blocked for 2396 ms, time limit is 2000 ms
2025-01-28 20:45:35,717 INFO c.h.h.t.HelmChartContainer - [test-hivemq-platform] [hivemq] [7f3bf99f] INFO  - [HiveMQ Platform Operator Init App 1.7.0-SNAPSHOT] Updating Pod HiveMQ Platform Operator Init App version annotation (version: 1.7.0-SNAPSHOT)
2025-01-28 20:45:36,230 INFO c.h.h.t.HelmChartContainer - [POD] test-hivemq-platform-0 [7f3bf99f-d04b-461f-a7f8-7580f759ff84] in helmextensionpriorityit was MODIFIED
2025-01-28 20:45:36,239 INFO c.h.h.t.HelmChartContainer - [hivemq-test-hivemq-platform] [hivemq-platform-operator] [8c19e5b5] 20:45:36.236 [pool-6-thread-26] DEBUG c.h.p.o.d.PlatformServiceResource - [helmexte] Desired Platform services (2 services)
2025-01-28 20:45:36,240 INFO c.h.h.t.HelmChartContainer - [hivemq-test-hivemq-platform] [hivemq-platform-operator] [8c19e5b5] 20:45:36.237 [pool-6-thread-25] DEBUG c.h.p.o.dependants.PodInfoConfigMap - [helmexte] Desired PodInfo ConfigMap (3 extensions) (3 enabled)
2025-01-28 20:45:36,241 INFO c.h.h.t.HelmChartContainer - [hivemq-test-hivemq-platform] [hivemq-platform-operator] [8c19e5b5] 20:45:36.238 [pool-6-thread-25] DEBUG c.h.p.o.dependants.PodInfoConfigMap - [helmexte] Desired PodInfo ConfigMap (metrics port: 9399) (metrics path: /)
2025-01-28 20:45:36,241 INFO c.h.h.t.HelmChartContainer - [hivemq-test-hivemq-platform] [hivemq-platform-operator] [8c19e5b5] 20:45:36.238 [pool-6-thread-25] DEBUG c.h.p.o.dependants.PodInfoConfigMap - [helmexte] Desired PodInfo ConfigMap (extension state hash: 687648868)
2025-01-28 20:45:36,241 INFO c.h.h.t.HelmChartContainer - [hivemq-test-hivemq-platform] [hivemq-platform-operator] [8c19e5b5] 20:45:36.239 [pool-6-thread-25] DEBUG c.h.p.o.d.PodServiceAccountResource - [helmexte] Desired PodServiceAccountResource (serviceAccountName: hivemq-platform-pod-test-hivemq-platform)
2025-01-28 20:45:36,245 INFO c.h.h.t.HelmChartContainer - [hivemq-test-hivemq-platform] [hivemq-platform-operator] [8c19e5b5] 20:45:36.244 [pool-6-thread-26] DEBUG c.h.p.o.d.StatefulSetResource - [helmexte] Desired StatefulSet (1 replicas) for status STARTING (READY)
2025-01-28 20:45:36,251 INFO c.h.h.t.HelmChartContainer - [hivemq-test-hivemq-platform] [hivemq-platform-operator] [8c19e5b5] 20:45:36.250 [ReconcilerExecutor-hivemq-controller-110] INFO  c.h.p.o.HiveMQPlatformReconciler - [helmexte] Reconciling HiveMQ Platform 'test-hivemq-platform' in namespace 'helmextensionpriorityit'
2025-01-28 20:45:36,251 INFO c.h.h.t.HelmChartContainer - [hivemq-test-hivemq-platform] [hivemq-platform-operator] [8c19e5b5] 20:45:36.250 [ReconcilerExecutor-hivemq-controller-110] DEBUG c.h.p.o.HiveMQPlatformReconciler - [helmexte] Custom Resource Status STARTING - HiveMQ Platform is starting (READY)
2025-01-28 20:45:36,251 INFO c.h.h.t.HelmChartContainer - [hivemq-test-hivemq-platform] [hivemq-platform-operator] [8c19e5b5] 20:45:36.250 [ReconcilerExecutor-hivemq-controller-110] DEBUG c.h.p.o.HiveMQPlatformReconciler - [helmexte] Custom Resource Spec (replicas: 1) (extensions: 3)
2025-01-28 20:45:36,302 INFO c.h.h.t.HelmChartContainer - [hivemq-test-hivemq-platform] [hivemq-platform-operator] [8c19e5b5] 20:45:36.300 [ReconcilerExecutor-hivemq-controller-110] DEBUG c.h.p.o.HiveMQPlatformReconciler - [helmexte] StatefulSet Status (revision: test-hivemq-platform-6fd78546f5, replicas: 1, available: 0, ready: 0, current: 1, updated: 1)
2025-01-28 20:45:36,302 INFO c.h.h.t.HelmChartContainer - [hivemq-test-hivemq-platform] [hivemq-platform-operator] [8c19e5b5] 20:45:36.300 [ReconcilerExecutor-hivemq-controller-110] DEBUG c.h.p.o.HiveMQPlatformReconciler - [helmexte] StatefulSet Spec (replicas: 1, init containers: 1, containers: 1, volumes: 3)
2025-01-28 20:45:36,302 INFO c.h.h.t.HelmChartContainer - [hivemq-test-hivemq-platform] [hivemq-platform-operator] [8c19e5b5] 20:45:36.301 [ReconcilerExecutor-hivemq-controller-110] DEBUG c.h.p.o.h.HiveMQPlatformReconcilerErrorHandler - [helmexte] Pod 'test-hivemq-platform-0' phase Running
2025-01-28 20:45:36,303 INFO c.h.h.t.HelmChartContainer - [hivemq-test-hivemq-platform] [hivemq-platform-operator] [8c19e5b5] 20:45:36.303 [ReconcilerExecutor-hivemq-controller-110] INFO  c.h.p.o.h.HiveMQPlatformReconcilerBaseHandler - [helmexte] HiveMQ Platform is starting, 0 of 1 replicas are ready
2025-01-28 20:45:36,323 INFO c.h.h.t.HelmChartContainer - [test-hivemq-platform] [hivemq] [7f3bf99f] WARN  - [HiveMQ Platform Operator Init App 1.7.0-SNAPSHOT] Cannot connect to Health API for readiness: null
2025-01-28 20:45:36,335 INFO c.h.h.t.HelmChartContainer - [EVENT] Warning [Unhealthy] Readiness probe failed: HTTP probe failed with statuscode: 503 [helmextensionpriorityit:test-hivemq-platform-0]
2025-01-28 20:45:36,335 INFO c.h.h.t.HelmChartContainer - Received Unhealthy event for container hivemq in pod test-hivemq-platform-0 [7f3bf99f-d04b-461f-a7f8-7580f759ff84]
2025-01-28 20:45:36,426 INFO c.h.h.t.HelmChartContainer - [test-hivemq-platform] [hivemq] [7f3bf99f] INFO  - [HiveMQ Platform Operator Init App 1.7.0-SNAPSHOT] Successfully updated Pod HiveMQ Platform Operator Init App version annotation (version: 1.7.0-SNAPSHOT)
2025-01-28 20:45:36,918 INFO c.h.h.t.HelmChartContainer - [K3S] [range_allocator.go:247] "Successfully synced" key="f5e8ff193853"
2025-01-28 20:45:41,236 INFO c.h.h.t.HelmChartContainer - [test-hivemq-platform] [hivemq] [7f3bf99f] WARN  - [HiveMQ Platform Operator Init App 1.7.0-SNAPSHOT] Cannot connect to Health API for readiness: null
2025-01-28 20:45:41,241 INFO c.h.h.t.HelmChartContainer - [EVENT] Warning [Unhealthy] Readiness probe failed: HTTP probe failed with statuscode: 503 [helmextensionpriorityit:test-hivemq-platform-0]
2025-01-28 20:45:41,241 INFO c.h.h.t.HelmChartContainer - Received Unhealthy event for container hivemq in pod test-hivemq-platform-0 [7f3bf99f-d04b-461f-a7f8-7580f759ff84]
2025-01-28 20:45:46,312 INFO c.h.h.t.HelmChartContainer - [hivemq-test-hivemq-platform] [hivemq-platform-operator] [8c19e5b5] 20:45:46.308 [pool-6-thread-38] DEBUG c.h.p.o.d.PlatformServiceResource - [helmexte] Desired Platform services (2 services)
2025-01-28 20:45:46,312 INFO c.h.h.t.HelmChartContainer - [hivemq-test-hivemq-platform] [hivemq-platform-operator] [8c19e5b5] 20:45:46.309 [pool-6-thread-36] DEBUG c.h.p.o.dependants.PodInfoConfigMap - [helmexte] Desired PodInfo ConfigMap (3 extensions) (3 enabled)
2025-01-28 20:45:46,312 INFO c.h.h.t.HelmChartContainer - [hivemq-test-hivemq-platform] [hivemq-platform-operator] [8c19e5b5] 20:45:46.309 [pool-6-thread-36] DEBUG c.h.p.o.dependants.PodInfoConfigMap - [helmexte] Desired PodInfo ConfigMap (metrics port: 9399) (metrics path: /)
2025-01-28 20:45:46,312 INFO c.h.h.t.HelmChartContainer - [hivemq-test-hivemq-platform] [hivemq-platform-operator] [8c19e5b5] 20:45:46.309 [pool-6-thread-36] DEBUG c.h.p.o.dependants.PodInfoConfigMap - [helmexte] Desired PodInfo ConfigMap (extension state hash: 687648868)
2025-01-28 20:45:46,312 INFO c.h.h.t.HelmChartContainer - [hivemq-test-hivemq-platform] [hivemq-platform-operator] [8c19e5b5] 20:45:46.310 [pool-6-thread-36] DEBUG c.h.p.o.d.PodServiceAccountResource - [helmexte] Desired PodServiceAccountResource (serviceAccountName: hivemq-platform-pod-test-hivemq-platform)
2025-01-28 20:45:46,314 INFO c.h.h.t.HelmChartContainer - [hivemq-test-hivemq-platform] [hivemq-platform-operator] [8c19e5b5] 20:45:46.312 [pool-6-thread-38] DEBUG c.h.p.o.d.StatefulSetResource - [helmexte] Desired StatefulSet (1 replicas) for status STARTING (READY)
2025-01-28 20:45:46,317 INFO c.h.h.t.HelmChartContainer - [hivemq-test-hivemq-platform] [hivemq-platform-operator] [8c19e5b5] 20:45:46.316 [ReconcilerExecutor-hivemq-controller-111] INFO  c.h.p.o.HiveMQPlatformReconciler - [helmexte] Reconciling HiveMQ Platform 'test-hivemq-platform' in namespace 'helmextensionpriorityit'
2025-01-28 20:45:46,317 INFO c.h.h.t.HelmChartContainer - [hivemq-test-hivemq-platform] [hivemq-platform-operator] [8c19e5b5] 20:45:46.316 [ReconcilerExecutor-hivemq-controller-111] DEBUG c.h.p.o.HiveMQPlatformReconciler - [helmexte] Custom Resource Status STARTING - HiveMQ Platform is starting (READY)
2025-01-28 20:45:46,317 INFO c.h.h.t.HelmChartContainer - [hivemq-test-hivemq-platform] [hivemq-platform-operator] [8c19e5b5] 20:45:46.316 [ReconcilerExecutor-hivemq-controller-111] DEBUG c.h.p.o.HiveMQPlatformReconciler - [helmexte] Custom Resource Spec (replicas: 1) (extensions: 3)
2025-01-28 20:45:46,319 INFO c.h.h.t.HelmChartContainer - [hivemq-test-hivemq-platform] [hivemq-platform-operator] [8c19e5b5] 20:45:46.318 [ReconcilerExecutor-hivemq-controller-111] DEBUG c.h.p.o.HiveMQPlatformReconciler - [helmexte] StatefulSet Status (revision: test-hivemq-platform-6fd78546f5, replicas: 1, available: 0, ready: 0, current: 1, updated: 1)
2025-01-28 20:45:46,319 INFO c.h.h.t.HelmChartContainer - [hivemq-test-hivemq-platform] [hivemq-platform-operator] [8c19e5b5] 20:45:46.318 [ReconcilerExecutor-hivemq-controller-111] DEBUG c.h.p.o.HiveMQPlatformReconciler - [helmexte] StatefulSet Spec (replicas: 1, init containers: 1, containers: 1, volumes: 3)
2025-01-28 20:45:46,320 INFO c.h.h.t.HelmChartContainer - [hivemq-test-hivemq-platform] [hivemq-platform-operator] [8c19e5b5] 20:45:46.319 [ReconcilerExecutor-hivemq-controller-111] DEBUG c.h.p.o.h.HiveMQPlatformReconcilerErrorHandler - [helmexte] Pod 'test-hivemq-platform-0' phase Running
2025-01-28 20:45:46,324 INFO c.h.h.t.HelmChartContainer - [hivemq-test-hivemq-platform] [hivemq-platform-operator] [8c19e5b5] 20:45:46.320 [ReconcilerExecutor-hivemq-controller-111] INFO  c.h.p.o.h.HiveMQPlatformReconcilerBaseHandler - [helmexte] HiveMQ Platform is starting, 0 of 1 replicas are ready
2025-01-28 20:45:46,327 INFO c.h.h.t.HelmChartContainer - [test-hivemq-platform] [hivemq] [7f3bf99f] WARN  - [HiveMQ Platform Operator Init App 1.7.0-SNAPSHOT] Cannot connect to Health API for readiness: null
2025-01-28 20:45:46,336 INFO c.h.h.t.HelmChartContainer - [EVENT] Warning [Unhealthy] Readiness probe failed: HTTP probe failed with statuscode: 503 [helmextensionpriorityit:test-hivemq-platform-0]
2025-01-28 20:45:46,336 INFO c.h.h.t.HelmChartContainer - Received Unhealthy event for container hivemq in pod test-hivemq-platform-0 [7f3bf99f-d04b-461f-a7f8-7580f759ff84]
2025-01-28 20:45:48,116 INFO c.h.h.t.HelmChartContainer - [test-hivemq-platform] [hivemq] [7f3bf99f] WARN  - [HiveMQ Platform Operator Init App 1.7.0-SNAPSHOT] Cannot connect to Health API for liveness: null
2025-01-28 20:45:48,116 INFO c.h.h.t.HelmChartContainer - [test-hivemq-platform] [hivemq] [7f3bf99f] INFO  - [HiveMQ Platform Operator Init App 1.7.0-SNAPSHOT] Returning default Health API response 200 for liveness
2025-01-28 20:45:48,436 INFO c.h.h.t.HelmChartContainer - [test-hivemq-platform] [hivemq] [7f3bf99f] INFO  - No valid license file found. Using trial license, restricted to 25 connections.
2025-01-28 20:45:51,317 INFO c.h.h.t.HelmChartContainer - [test-hivemq-platform] [hivemq] [7f3bf99f] WARN  - [HiveMQ Platform Operator Init App 1.7.0-SNAPSHOT] Cannot connect to Health API for readiness: null
2025-01-28 20:45:51,323 INFO c.h.h.t.HelmChartContainer - [EVENT] Warning [Unhealthy] Readiness probe failed: HTTP probe failed with statuscode: 503 [helmextensionpriorityit:test-hivemq-platform-0]
2025-01-28 20:45:51,323 INFO c.h.h.t.HelmChartContainer - Received Unhealthy event for container hivemq in pod test-hivemq-platform-0 [7f3bf99f-d04b-461f-a7f8-7580f759ff84]
2025-01-28 20:45:53,433 INFO c.h.h.t.HelmChartContainer - [test-hivemq-platform] [hivemq] [7f3bf99f] INFO  - No valid license file for Data Hub found. Using free license, restricted to 1 policy.
2025-01-28 20:45:54,623 INFO c.h.h.t.HelmChartContainer - [test-hivemq-platform] [hivemq] [7f3bf99f] INFO  - Audit Logger started.
2025-01-28 20:45:54,858 INFO c.h.h.t.HelmChartContainer - [test-hivemq-platform] [hivemq] [7f3bf99f] INFO  - This node uses '1' CPU cores.
2025-01-28 20:45:54,862 INFO c.h.h.t.HelmChartContainer - [test-hivemq-platform] [hivemq] [7f3bf99f] INFO  - Starting HiveMQ Health API on address 0.0.0.0 and port 8889
2025-01-28 20:45:55,722 INFO c.h.h.t.HelmChartContainer - [test-hivemq-platform] [hivemq] [7f3bf99f] INFO  - Started HiveMQ Health API in 859ms
2025-01-28 20:45:56,224 INFO c.h.h.t.HelmChartContainer - [test-hivemq-platform] [hivemq] [7f3bf99f] INFO  - Starting HiveMQ extension system.
2025-01-28 20:45:56,334 INFO c.h.h.t.HelmChartContainer - [hivemq-test-hivemq-platform] [hivemq-platform-operator] [8c19e5b5] 20:45:56.331 [pool-6-thread-48] DEBUG c.h.p.o.d.PlatformServiceResource - [helmexte] Desired Platform services (2 services)
2025-01-28 20:45:56,336 INFO c.h.h.t.HelmChartContainer - [hivemq-test-hivemq-platform] [hivemq-platform-operator] [8c19e5b5] 20:45:56.333 [pool-6-thread-47] DEBUG c.h.p.o.dependants.PodInfoConfigMap - [helmexte] Desired PodInfo ConfigMap (3 extensions) (3 enabled)
2025-01-28 20:45:56,336 INFO c.h.h.t.HelmChartContainer - [hivemq-test-hivemq-platform] [hivemq-platform-operator] [8c19e5b5] 20:45:56.333 [pool-6-thread-47] DEBUG c.h.p.o.dependants.PodInfoConfigMap - [helmexte] Desired PodInfo ConfigMap (metrics port: 9399) (metrics path: /)
2025-01-28 20:45:56,336 INFO c.h.h.t.HelmChartContainer - [hivemq-test-hivemq-platform] [hivemq-platform-operator] [8c19e5b5] 20:45:56.333 [pool-6-thread-47] DEBUG c.h.p.o.dependants.PodInfoConfigMap - [helmexte] Desired PodInfo ConfigMap (extension state hash: 687648868)
2025-01-28 20:45:56,336 INFO c.h.h.t.HelmChartContainer - [hivemq-test-hivemq-platform] [hivemq-platform-operator] [8c19e5b5] 20:45:56.334 [pool-6-thread-43] DEBUG c.h.p.o.d.PodServiceAccountResource - [helmexte] Desired PodServiceAccountResource (serviceAccountName: hivemq-platform-pod-test-hivemq-platform)
2025-01-28 20:45:56,338 INFO c.h.h.t.HelmChartContainer - [hivemq-test-hivemq-platform] [hivemq-platform-operator] [8c19e5b5] 20:45:56.337 [pool-6-thread-48] DEBUG c.h.p.o.d.StatefulSetResource - [helmexte] Desired StatefulSet (1 replicas) for status STARTING (READY)
2025-01-28 20:45:56,342 INFO c.h.h.t.HelmChartContainer - [hivemq-test-hivemq-platform] [hivemq-platform-operator] [8c19e5b5] 20:45:56.341 [ReconcilerExecutor-hivemq-controller-112] INFO  c.h.p.o.HiveMQPlatformReconciler - [helmexte] Reconciling HiveMQ Platform 'test-hivemq-platform' in namespace 'helmextensionpriorityit'
2025-01-28 20:45:56,343 INFO c.h.h.t.HelmChartContainer - [hivemq-test-hivemq-platform] [hivemq-platform-operator] [8c19e5b5] 20:45:56.341 [ReconcilerExecutor-hivemq-controller-112] DEBUG c.h.p.o.HiveMQPlatformReconciler - [helmexte] Custom Resource Status STARTING - HiveMQ Platform is starting (READY)
2025-01-28 20:45:56,343 INFO c.h.h.t.HelmChartContainer - [hivemq-test-hivemq-platform] [hivemq-platform-operator] [8c19e5b5] 20:45:56.341 [ReconcilerExecutor-hivemq-controller-112] DEBUG c.h.p.o.HiveMQPlatformReconciler - [helmexte] Custom Resource Spec (replicas: 1) (extensions: 3)
2025-01-28 20:45:56,403 INFO c.h.h.t.HelmChartContainer - [hivemq-test-hivemq-platform] [hivemq-platform-operator] [8c19e5b5] 20:45:56.402 [ReconcilerExecutor-hivemq-controller-112] DEBUG c.h.p.o.HiveMQPlatformReconciler - [helmexte] StatefulSet Status (revision: test-hivemq-platform-6fd78546f5, replicas: 1, available: 0, ready: 0, current: 1, updated: 1)
2025-01-28 20:45:56,403 INFO c.h.h.t.HelmChartContainer - [hivemq-test-hivemq-platform] [hivemq-platform-operator] [8c19e5b5] 20:45:56.402 [ReconcilerExecutor-hivemq-controller-112] DEBUG c.h.p.o.HiveMQPlatformReconciler - [helmexte] StatefulSet Spec (replicas: 1, init containers: 1, containers: 1, volumes: 3)
2025-01-28 20:45:56,408 INFO c.h.h.t.HelmChartContainer - [hivemq-test-hivemq-platform] [hivemq-platform-operator] [8c19e5b5] 20:45:56.407 [ReconcilerExecutor-hivemq-controller-112] DEBUG c.h.p.o.h.HiveMQPlatformReconcilerErrorHandler - [helmexte] Pod 'test-hivemq-platform-0' phase Running
2025-01-28 20:45:56,408 INFO c.h.h.t.HelmChartContainer - [hivemq-test-hivemq-platform] [hivemq-platform-operator] [8c19e5b5] 20:45:56.408 [ReconcilerExecutor-hivemq-controller-112] INFO  c.h.p.o.h.HiveMQPlatformReconcilerBaseHandler - [helmexte] HiveMQ Platform is starting, 0 of 1 replicas are ready
2025-01-28 20:45:56,706 INFO c.h.h.t.HelmChartContainer - [test-hivemq-platform] [hivemq] [7f3bf99f] INFO  - Starting extension with id "hivemq-dns-cluster-discovery" at /opt/hivemq/extensions/hivemq-dns-cluster-discovery
2025-01-28 20:45:57,274 INFO c.h.h.t.HelmChartContainer - [EVENT] Warning [Unhealthy] Readiness probe failed: Get "http://10.42.0.11:7979/readiness": context deadline exceeded (Client.Timeout exceeded while awaiting headers) [helmextensionpriorityit:test-hivemq-platform-0]
2025-01-28 20:45:57,274 INFO c.h.h.t.HelmChartContainer - Received Unhealthy event for container hivemq in pod test-hivemq-platform-0 [7f3bf99f-d04b-461f-a7f8-7580f759ff84]
2025-01-28 20:45:57,323 INFO c.h.h.t.HelmChartContainer - [test-hivemq-platform] [hivemq] [7f3bf99f] INFO  - Extension "DNS Cluster Discovery Extension" version 4.3.2 started successfully.
2025-01-28 20:45:57,323 INFO c.h.h.t.HelmChartContainer - [test-hivemq-platform] [hivemq] [7f3bf99f] INFO  - Starting extension with id "hivemq-appending-baz-extension" at /opt/hivemq/extensions/hivemq-appending-baz-extension
2025-01-28 20:45:57,323 INFO c.h.h.t.HelmChartContainer - [test-hivemq-platform] [hivemq] [7f3bf99f] INFO  - HiveMQ Baz-Appending PublishInboundInterceptor Extension started
2025-01-28 20:45:57,325 INFO c.h.h.t.HelmChartContainer - [test-hivemq-platform] [hivemq] [7f3bf99f] INFO  - Extension "HiveMQ Appending Baz Extension" version 1.0.0 started successfully.
2025-01-28 20:45:57,325 INFO c.h.h.testcontainer.LogWaiterUtil - TEST Found log pattern on 'test-hivemq-platform-0': .*Extension "HiveMQ Appending Baz Extension" version 1.0.0 started successfully.
2025-01-28 20:45:57,326 INFO c.h.h.t.HelmChartContainer - [test-hivemq-platform] [hivemq] [7f3bf99f] INFO  - Starting extension with id "hivemq-appending-bar-extension" at /opt/hivemq/extensions/hivemq-appending-bar-extension
2025-01-28 20:45:57,327 INFO c.h.h.t.HelmChartContainer - [test-hivemq-platform] [hivemq] [7f3bf99f] INFO  - HiveMQ Bar-Appending PublishInboundInterceptor Extension started
2025-01-28 20:45:57,327 INFO c.h.h.t.HelmChartContainer - [test-hivemq-platform] [hivemq] [7f3bf99f] INFO  - Extension "HiveMQ Appending Bar Extension" version 1.0.0 started successfully.
2025-01-28 20:45:57,327 INFO c.h.h.testcontainer.LogWaiterUtil - TEST Found log pattern on 'test-hivemq-platform-0': .*Extension "HiveMQ Appending Bar Extension" version 1.0.0 started successfully.
2025-01-28 20:45:57,327 INFO c.h.h.t.HelmChartContainer - [test-hivemq-platform] [hivemq] [7f3bf99f] INFO  - Starting extension with id "hivemq-appending-foo-extension" at /opt/hivemq/extensions/hivemq-appending-foo-extension
2025-01-28 20:45:57,327 INFO c.h.h.t.HelmChartContainer - [test-hivemq-platform] [hivemq] [7f3bf99f] INFO  - HiveMQ Foo-Appending PublishInboundInterceptor Extension started
2025-01-28 20:45:57,327 INFO c.h.h.t.HelmChartContainer - [test-hivemq-platform] [hivemq] [7f3bf99f] INFO  - Extension "HiveMQ Appending Foo Extension" version 1.0.0 started successfully.
2025-01-28 20:45:57,328 INFO c.h.h.testcontainer.LogWaiterUtil - TEST Found log pattern on 'test-hivemq-platform-0': .*Extension "HiveMQ Appending Foo Extension" version 1.0.0 started successfully.
2025-01-28 20:45:57,328 INFO c.h.h.t.HelmChartContainer - [test-hivemq-platform] [hivemq] [7f3bf99f] INFO  - Starting extension with id "hivemq-prometheus-extension" at /opt/hivemq/extensions/hivemq-prometheus-extension
2025-01-28 20:45:57,516 INFO c.h.h.t.HelmChartContainer - [test-hivemq-platform] [hivemq] [7f3bf99f] INFO  - Using TCP cluster transport on address 10.42.0.11 and port 7000
2025-01-28 20:45:57,521 INFO c.h.h.t.HelmChartContainer - [test-hivemq-platform] [hivemq] [7f3bf99f] INFO  - [HiveMQ Platform Operator Init App 1.7.0-SNAPSHOT] Returning Health API response 503 for readiness
2025-01-28 20:45:57,617 INFO c.h.h.t.HelmChartContainer - [test-hivemq-platform] [hivemq] [7f3bf99f] INFO  - Using extension cluster discovery
2025-01-28 20:45:58,427 INFO c.h.h.t.HelmChartContainer - [test-hivemq-platform] [hivemq] [7f3bf99f] INFO  - Started Jetty Server exposing Prometheus Servlet on URI http://0.0.0.0:9399/
2025-01-28 20:45:58,427 INFO c.h.h.t.HelmChartContainer - [test-hivemq-platform] [hivemq] [7f3bf99f] INFO  - Extension "Prometheus Monitoring Extension" version 4.0.12 started successfully.
2025-01-28 20:45:58,427 INFO c.h.h.t.HelmChartContainer - [test-hivemq-platform] [hivemq] [7f3bf99f] INFO  - Starting extension with id "hivemq-allow-all-extension" at /opt/hivemq/extensions/hivemq-allow-all-extension
2025-01-28 20:45:58,427 INFO c.h.h.t.HelmChartContainer - [test-hivemq-platform] [hivemq] [7f3bf99f] WARN  - 
2025-01-28 20:45:58,427 INFO c.h.h.t.HelmChartContainer - [test-hivemq-platform] [hivemq] [7f3bf99f] ################################################################################################################
2025-01-28 20:45:58,427 INFO c.h.h.t.HelmChartContainer - [test-hivemq-platform] [hivemq] [7f3bf99f] # This HiveMQ deployment is not secure! You are lacking Authentication and Authorization.                      #
2025-01-28 20:45:58,427 INFO c.h.h.t.HelmChartContainer - [test-hivemq-platform] [hivemq] [7f3bf99f] # Right now any MQTT client can connect to the broker with a full set of permissions.                          #
2025-01-28 20:45:58,427 INFO c.h.h.t.HelmChartContainer - [test-hivemq-platform] [hivemq] [7f3bf99f] # For production usage, add an appropriate security extension and remove the hivemq-allow-all extension.       #
2025-01-28 20:45:58,427 INFO c.h.h.t.HelmChartContainer - [test-hivemq-platform] [hivemq] [7f3bf99f] # You can download security extensions from the HiveMQ Marketplace (https://www.hivemq.com/extensions/).       #
2025-01-28 20:45:58,427 INFO c.h.h.t.HelmChartContainer - [test-hivemq-platform] [hivemq] [7f3bf99f] ################################################################################################################
2025-01-28 20:45:58,427 INFO c.h.h.t.HelmChartContainer - [test-hivemq-platform] [hivemq] [7f3bf99f] INFO  - Extension "Allow All Extension" version 1.1.1 started successfully.
2025-01-28 20:46:00,519 INFO c.h.h.t.HelmChartContainer - [test-hivemq-platform] [hivemq] [7f3bf99f] INFO  - GJ7zn: no members discovered after 2293 ms: creating cluster as first member
2025-01-28 20:46:00,526 INFO c.h.h.t.HelmChartContainer - [test-hivemq-platform] [hivemq] [7f3bf99f] INFO  - Cluster nodes found by discovery: [GJ7zn|0] (1) [GJ7zn].
2025-01-28 20:46:00,620 INFO c.h.h.t.HelmChartContainer - [test-hivemq-platform] [hivemq] [7f3bf99f] WARN  - No user for HiveMQ Control Center configured. Starting with default user
2025-01-28 20:46:00,620 INFO c.h.h.t.HelmChartContainer - [test-hivemq-platform] [hivemq] [7f3bf99f] INFO  - Starting HiveMQ Control Center on address 127.0.0.1 and port 8080
2025-01-28 20:46:00,621 INFO c.h.h.t.HelmChartContainer - [test-hivemq-platform] [hivemq] [7f3bf99f] INFO  - Mounting HiveMQ Control Center V2 Preview
2025-01-28 20:46:01,328 INFO c.h.h.t.HelmChartContainer - [EVENT] Warning [Unhealthy] Readiness probe failed: HTTP probe failed with statuscode: 503 [helmextensionpriorityit:test-hivemq-platform-0]
2025-01-28 20:46:01,328 INFO c.h.h.t.HelmChartContainer - Received Unhealthy event for container hivemq in pod test-hivemq-platform-0 [7f3bf99f-d04b-461f-a7f8-7580f759ff84]
2025-01-28 20:46:01,329 INFO c.h.h.t.HelmChartContainer - [test-hivemq-platform] [hivemq] [7f3bf99f] INFO  - Started HiveMQ Control Center in 710ms
2025-01-28 20:46:01,426 INFO c.h.h.t.HelmChartContainer - [test-hivemq-platform] [hivemq] [7f3bf99f] INFO  - Starting TCP listener on address 0.0.0.0 and port 1884
2025-01-28 20:46:01,441 INFO c.h.h.t.HelmChartContainer - [test-hivemq-platform] [hivemq] [7f3bf99f] INFO  - Started TCP Listener on address 0.0.0.0 and on port 1884.
2025-01-28 20:46:01,441 INFO c.h.h.t.HelmChartContainer - [test-hivemq-platform] [hivemq] [7f3bf99f] INFO  - Started HiveMQ in 32623ms
2025-01-28 20:46:06,237 INFO c.h.h.t.HelmChartContainer - [test-hivemq-platform] [hivemq] [7f3bf99f] INFO  - [HiveMQ Platform Operator Init App 1.7.0-SNAPSHOT] Returning Health API response 200 for readiness
2025-01-28 20:46:06,251 INFO c.h.h.t.HelmChartContainer - [POD] test-hivemq-platform-0 [7f3bf99f-d04b-461f-a7f8-7580f759ff84] in helmextensionpriorityit was MODIFIED
2025-01-28 20:46:06,275 INFO c.h.h.t.HelmChartContainer - [hivemq-test-hivemq-platform] [hivemq-platform-operator] [8c19e5b5] 20:46:06.265 [pool-6-thread-1] DEBUG c.h.p.o.d.PlatformServiceResource - [helmexte] Desired Platform services (2 services)
2025-01-28 20:46:06,275 INFO c.h.h.t.HelmChartContainer - [hivemq-test-hivemq-platform] [hivemq-platform-operator] [8c19e5b5] 20:46:06.271 [pool-6-thread-7] DEBUG c.h.p.o.d.PodServiceAccountResource - [helmexte] Desired PodServiceAccountResource (serviceAccountName: hivemq-platform-pod-test-hivemq-platform)
2025-01-28 20:46:06,285 INFO c.h.h.t.HelmChartContainer - [hivemq-test-hivemq-platform] [hivemq-platform-operator] [8c19e5b5] 20:46:06.279 [pool-6-thread-4] DEBUG c.h.p.o.dependants.PodInfoConfigMap - [helmexte] Desired PodInfo ConfigMap (3 extensions) (3 enabled)
2025-01-28 20:46:06,297 INFO c.h.h.t.HelmChartContainer - [hivemq-test-hivemq-platform] [hivemq-platform-operator] [8c19e5b5] 20:46:06.279 [pool-6-thread-4] DEBUG c.h.p.o.dependants.PodInfoConfigMap - [helmexte] Desired PodInfo ConfigMap (metrics port: 9399) (metrics path: /)
2025-01-28 20:46:06,297 INFO c.h.h.t.HelmChartContainer - [hivemq-test-hivemq-platform] [hivemq-platform-operator] [8c19e5b5] 20:46:06.286 [pool-6-thread-4] DEBUG c.h.p.o.dependants.PodInfoConfigMap - [helmexte] Desired PodInfo ConfigMap (extension state hash: 687648868)
2025-01-28 20:46:06,302 INFO c.h.h.t.HelmChartContainer - [hivemq-test-hivemq-platform] [hivemq-platform-operator] [8c19e5b5] 20:46:06.296 [pool-6-thread-4] DEBUG c.h.p.o.d.StatefulSetResource - [helmexte] Desired StatefulSet (1 replicas) for status STARTING (READY)
2025-01-28 20:46:06,316 INFO c.h.h.t.HelmChartContainer - [hivemq-test-hivemq-platform] [hivemq-platform-operator] [8c19e5b5] 20:46:06.309 [ReconcilerExecutor-hivemq-controller-113] INFO  c.h.p.o.HiveMQPlatformReconciler - [helmexte] Reconciling HiveMQ Platform 'test-hivemq-platform' in namespace 'helmextensionpriorityit'
2025-01-28 20:46:06,316 INFO c.h.h.t.HelmChartContainer - [hivemq-test-hivemq-platform] [hivemq-platform-operator] [8c19e5b5] 20:46:06.309 [ReconcilerExecutor-hivemq-controller-113] DEBUG c.h.p.o.HiveMQPlatformReconciler - [helmexte] Custom Resource Status STARTING - HiveMQ Platform is starting (READY)
2025-01-28 20:46:06,316 INFO c.h.h.t.HelmChartContainer - [hivemq-test-hivemq-platform] [hivemq-platform-operator] [8c19e5b5] 20:46:06.313 [ReconcilerExecutor-hivemq-controller-113] DEBUG c.h.p.o.HiveMQPlatformReconciler - [helmexte] Custom Resource Spec (replicas: 1) (extensions: 3)
2025-01-28 20:46:06,328 INFO c.h.h.t.HelmChartContainer - [hivemq-test-hivemq-platform] [hivemq-platform-operator] [8c19e5b5] 20:46:06.318 [ReconcilerExecutor-hivemq-controller-113] DEBUG c.h.p.o.HiveMQPlatformReconciler - [helmexte] StatefulSet Status (revision: test-hivemq-platform-6fd78546f5, replicas: 1, available: 0, ready: 0, current: 1, updated: 1)
2025-01-28 20:46:06,329 INFO c.h.h.t.HelmChartContainer - [hivemq-test-hivemq-platform] [hivemq-platform-operator] [8c19e5b5] 20:46:06.319 [ReconcilerExecutor-hivemq-controller-113] DEBUG c.h.p.o.HiveMQPlatformReconciler - [helmexte] StatefulSet Spec (replicas: 1, init containers: 1, containers: 1, volumes: 3)
2025-01-28 20:46:06,329 INFO c.h.h.t.HelmChartContainer - [hivemq-test-hivemq-platform] [hivemq-platform-operator] [8c19e5b5] 20:46:06.320 [ReconcilerExecutor-hivemq-controller-113] DEBUG c.h.p.o.h.HiveMQPlatformReconcilerErrorHandler - [helmexte] Pod 'test-hivemq-platform-0' phase Running
2025-01-28 20:46:06,329 INFO c.h.h.t.HelmChartContainer - [hivemq-test-hivemq-platform] [hivemq-platform-operator] [8c19e5b5] 20:46:06.320 [ReconcilerExecutor-hivemq-controller-113] INFO  c.h.p.o.h.HiveMQPlatformReconcilerBaseHandler - [helmexte] HiveMQ Platform is starting, 0 of 1 replicas are ready
2025-01-28 20:46:06,329 INFO c.h.h.t.HelmChartContainer - [hivemq-test-hivemq-platform] [hivemq-platform-operator] [8c19e5b5] 20:46:06.327 [pool-6-thread-13] DEBUG c.h.p.o.d.PlatformServiceResource - [helmexte] Desired Platform services (2 services)
2025-01-28 20:46:06,333 INFO c.h.h.t.HelmChartContainer - [hivemq-test-hivemq-platform] [hivemq-platform-operator] [8c19e5b5] 20:46:06.332 [pool-6-thread-15] DEBUG c.h.p.o.dependants.PodInfoConfigMap - [helmexte] Desired PodInfo ConfigMap (3 extensions) (3 enabled)
2025-01-28 20:46:06,334 INFO c.h.h.t.HelmChartContainer - [hivemq-test-hivemq-platform] [hivemq-platform-operator] [8c19e5b5] 20:46:06.332 [pool-6-thread-15] DEBUG c.h.p.o.dependants.PodInfoConfigMap - [helmexte] Desired PodInfo ConfigMap (metrics port: 9399) (metrics path: /)
2025-01-28 20:46:06,334 INFO c.h.h.t.HelmChartContainer - [hivemq-test-hivemq-platform] [hivemq-platform-operator] [8c19e5b5] 20:46:06.332 [pool-6-thread-15] DEBUG c.h.p.o.dependants.PodInfoConfigMap - [helmexte] Desired PodInfo ConfigMap (extension state hash: 687648868)
2025-01-28 20:46:06,337 INFO c.h.h.t.HelmChartContainer - [hivemq-test-hivemq-platform] [hivemq-platform-operator] [8c19e5b5] 20:46:06.334 [pool-6-thread-16] DEBUG c.h.p.o.d.PodServiceAccountResource - [helmexte] Desired PodServiceAccountResource (serviceAccountName: hivemq-platform-pod-test-hivemq-platform)
2025-01-28 20:46:06,403 INFO c.h.h.t.HelmChartContainer - [hivemq-test-hivemq-platform] [hivemq-platform-operator] [8c19e5b5] 20:46:06.401 [pool-6-thread-13] DEBUG c.h.p.o.d.StatefulSetResource - [helmexte] Desired StatefulSet (1 replicas) for status STARTING (READY)
2025-01-28 20:46:06,406 INFO c.h.h.t.HelmChartContainer - [hivemq-test-hivemq-platform] [hivemq-platform-operator] [8c19e5b5] 20:46:06.405 [ReconcilerExecutor-hivemq-controller-114] INFO  c.h.p.o.HiveMQPlatformReconciler - [helmexte] Reconciling HiveMQ Platform 'test-hivemq-platform' in namespace 'helmextensionpriorityit'
2025-01-28 20:46:06,407 INFO c.h.h.t.HelmChartContainer - [hivemq-test-hivemq-platform] [hivemq-platform-operator] [8c19e5b5] 20:46:06.405 [ReconcilerExecutor-hivemq-controller-114] DEBUG c.h.p.o.HiveMQPlatformReconciler - [helmexte] Custom Resource Status STARTING - HiveMQ Platform is starting (READY)
2025-01-28 20:46:06,408 INFO c.h.h.t.HelmChartContainer - [hivemq-test-hivemq-platform] [hivemq-platform-operator] [8c19e5b5] 20:46:06.405 [ReconcilerExecutor-hivemq-controller-114] DEBUG c.h.p.o.HiveMQPlatformReconciler - [helmexte] Custom Resource Spec (replicas: 1) (extensions: 3)
2025-01-28 20:46:06,409 INFO c.h.h.t.HelmChartContainer - [hivemq-test-hivemq-platform] [hivemq-platform-operator] [8c19e5b5] 20:46:06.407 [ReconcilerExecutor-hivemq-controller-114] DEBUG c.h.p.o.HiveMQPlatformReconciler - [helmexte] StatefulSet Status (revision: test-hivemq-platform-6fd78546f5, replicas: 1, available: 1, ready: 1, current: 1, updated: 1)
2025-01-28 20:46:06,409 INFO c.h.h.t.HelmChartContainer - [hivemq-test-hivemq-platform] [hivemq-platform-operator] [8c19e5b5] 20:46:06.407 [ReconcilerExecutor-hivemq-controller-114] DEBUG c.h.p.o.HiveMQPlatformReconciler - [helmexte] StatefulSet Spec (replicas: 1, init containers: 1, containers: 1, volumes: 3)
2025-01-28 20:46:06,410 INFO c.h.h.t.HelmChartContainer - [hivemq-test-hivemq-platform] [hivemq-platform-operator] [8c19e5b5] 20:46:06.409 [ReconcilerExecutor-hivemq-controller-114] DEBUG c.h.p.o.h.HiveMQPlatformReconcilerErrorHandler - [helmexte] Pod 'test-hivemq-platform-0' phase Running
2025-01-28 20:46:06,411 INFO c.h.h.t.HelmChartContainer - [hivemq-test-hivemq-platform] [hivemq-platform-operator] [8c19e5b5] 20:46:06.410 [ReconcilerExecutor-hivemq-controller-114] INFO  c.h.p.o.h.HiveMQPlatformReconcilerBaseHandler - [helmexte] HiveMQ Platform started successfully
2025-01-28 20:46:06,509 INFO c.h.h.t.HelmChartContainer - [hivemq-test-hivemq-platform] [hivemq-platform-operator] [8c19e5b5] 20:46:06.507 [ReconcilerExecutor-hivemq-controller-114] DEBUG c.h.p.operator.event.EventSender - [helmexte] Creating K8s event hivemq-platform-ready: [Ready] HiveMQ Platform is ready
2025-01-28 20:46:06,513 INFO c.h.h.t.HelmChartContainer - [EVENT] Normal [Ready] HiveMQ Platform is ready [helmextensionpriorityit:test-hivemq-platform]
2025-01-28 20:46:06,514 INFO c.h.h.t.HelmChartContainer - [hivemq-test-hivemq-platform] [hivemq-platform-operator] [8c19e5b5] 20:46:06.512 [ReconcilerExecutor-hivemq-controller-114] INFO  c.h.p.o.h.AbstractHiveMQReconcilerStateHandler - [helmexte] Update HiveMQ Platform Status (STARTING [READY] -> RUNNING [READY]): HiveMQ Platform is ready
2025-01-28 20:46:06,523 DEBUG com.hivemq.helmcharts.util.K8sUtil - Comparing actual state 'RUNNING' and waiting for 'RUNNING'
2025-01-28 20:46:16,529 INFO c.h.h.t.HelmChartContainer - [hivemq-test-hivemq-platform] [hivemq-platform-operator] [8c19e5b5] 20:46:16.528 [pool-6-thread-22] DEBUG c.h.p.o.d.PlatformServiceResource - [helmexte] Desired Platform services (2 services)
2025-01-28 20:46:16,530 INFO c.h.h.t.HelmChartContainer - [hivemq-test-hivemq-platform] [hivemq-platform-operator] [8c19e5b5] 20:46:16.528 [pool-6-thread-28] DEBUG c.h.p.o.dependants.PodInfoConfigMap - [helmexte] Desired PodInfo ConfigMap (3 extensions) (3 enabled)
2025-01-28 20:46:16,531 INFO c.h.h.t.HelmChartContainer - [hivemq-test-hivemq-platform] [hivemq-platform-operator] [8c19e5b5] 20:46:16.529 [pool-6-thread-28] DEBUG c.h.p.o.dependants.PodInfoConfigMap - [helmexte] Desired PodInfo ConfigMap (metrics port: 9399) (metrics path: /)
2025-01-28 20:46:16,532 INFO c.h.h.t.HelmChartContainer - [hivemq-test-hivemq-platform] [hivemq-platform-operator] [8c19e5b5] 20:46:16.529 [pool-6-thread-28] DEBUG c.h.p.o.dependants.PodInfoConfigMap - [helmexte] Desired PodInfo ConfigMap (extension state hash: 687648868)
2025-01-28 20:46:16,532 INFO c.h.h.t.HelmChartContainer - [hivemq-test-hivemq-platform] [hivemq-platform-operator] [8c19e5b5] 20:46:16.529 [pool-6-thread-28] DEBUG c.h.p.o.dependants.PodInfoConfigMap - [helmexte] Update PodInfo ConfigMap
2025-01-28 20:46:16,533 INFO c.h.h.t.HelmChartContainer - [hivemq-test-hivemq-platform] [hivemq-platform-operator] [8c19e5b5] 20:46:16.533 [pool-6-thread-29] DEBUG c.h.p.o.d.PodServiceAccountResource - [helmexte] Desired PodServiceAccountResource (serviceAccountName: hivemq-platform-pod-test-hivemq-platform)
2025-01-28 20:46:16,542 INFO c.h.h.t.HelmChartContainer - [hivemq-test-hivemq-platform] [hivemq-platform-operator] [8c19e5b5] 20:46:16.542 [pool-6-thread-28] DEBUG c.h.p.o.d.StatefulSetResource - [helmexte] Desired StatefulSet (1 replicas) for status RUNNING (READY)
2025-01-28 20:46:16,546 INFO c.h.h.t.HelmChartContainer - [hivemq-test-hivemq-platform] [hivemq-platform-operator] [8c19e5b5] 20:46:16.545 [ReconcilerExecutor-hivemq-controller-115] INFO  c.h.p.o.HiveMQPlatformReconciler - [helmexte] Reconciling HiveMQ Platform 'test-hivemq-platform' in namespace 'helmextensionpriorityit'
2025-01-28 20:46:16,546 INFO c.h.h.t.HelmChartContainer - [hivemq-test-hivemq-platform] [hivemq-platform-operator] [8c19e5b5] 20:46:16.545 [ReconcilerExecutor-hivemq-controller-115] DEBUG c.h.p.o.HiveMQPlatformReconciler - [helmexte] Custom Resource Status RUNNING - HiveMQ Platform is ready (READY)
2025-01-28 20:46:16,547 INFO c.h.h.t.HelmChartContainer - [hivemq-test-hivemq-platform] [hivemq-platform-operator] [8c19e5b5] 20:46:16.545 [ReconcilerExecutor-hivemq-controller-115] DEBUG c.h.p.o.HiveMQPlatformReconciler - [helmexte] Custom Resource Spec (replicas: 1) (extensions: 3)
2025-01-28 20:46:16,602 INFO c.h.h.t.HelmChartContainer - [hivemq-test-hivemq-platform] [hivemq-platform-operator] [8c19e5b5] 20:46:16.600 [ReconcilerExecutor-hivemq-controller-115] DEBUG c.h.p.o.HiveMQPlatformReconciler - [helmexte] StatefulSet Status (revision: test-hivemq-platform-6fd78546f5, replicas: 1, available: 1, ready: 1, current: 1, updated: 1)
2025-01-28 20:46:16,602 INFO c.h.h.t.HelmChartContainer - [hivemq-test-hivemq-platform] [hivemq-platform-operator] [8c19e5b5] 20:46:16.600 [ReconcilerExecutor-hivemq-controller-115] DEBUG c.h.p.o.HiveMQPlatformReconciler - [helmexte] StatefulSet Spec (replicas: 1, init containers: 1, containers: 1, volumes: 3)
2025-01-28 20:46:16,603 INFO c.h.h.t.HelmChartContainer - [hivemq-test-hivemq-platform] [hivemq-platform-operator] [8c19e5b5] 20:46:16.602 [ReconcilerExecutor-hivemq-controller-115] DEBUG c.h.p.o.h.HiveMQPlatformReconcilerErrorHandler - [helmexte] Pod 'test-hivemq-platform-0' phase Running
2025-01-28 20:46:17,129 INFO c.h.h.e.HelmExtensionPriorityIT - Client subscribed
2025-01-28 20:46:17,130 INFO c.h.h.e.HelmExtensionPriorityIT - Client published
2025-01-28 20:46:17,216 INFO c.h.h.t.HelmChartContainer - [test-hivemq-platform] [hivemq] [7f3bf99f] INFO  - [AppendingFooPublishInboundInterceptorExtensionMain] Modifying payload: test -> test-foo
2025-01-28 20:46:17,216 INFO c.h.h.t.HelmChartContainer - [test-hivemq-platform] [hivemq] [7f3bf99f] INFO  - [AppendingBarPublishInboundInterceptorExtensionMain] Modifying payload: test-foo -> test-foo-bar
2025-01-28 20:46:17,216 INFO c.h.h.t.HelmChartContainer - [test-hivemq-platform] [hivemq] [7f3bf99f] INFO  - [AppendingBazPublishInboundInterceptorExtensionMain] Modifying payload: test-foo-bar -> test-foo-bar-baz
2025-01-28 20:46:17,232 INFO c.h.h.e.HelmExtensionPriorityIT - Message received by Client
2025-01-28 20:46:18,040 INFO c.h.h.t.HelmChartContainer - [test-hivemq-platform] [hivemq] [7f3bf99f] INFO  - [HiveMQ Platform Operator Init App 1.7.0-SNAPSHOT] Returning Health API response 200 for liveness
2025-01-28 20:46:19,240 INFO c.h.h.t.HelmChartContainer - Uninstalling release 'test-hivemq-platform' in namespace 'helmextensionpriorityit'...
2025-01-28 20:46:19,240 DEBUG c.h.h.t.HelmChartContainer - Executing helm command: /bin/helm --kubeconfig /etc/rancher/k3s/k3s.yaml uninstall test-hivemq-platform  --wait --timeout 5m0s --cascade foreground --namespace helmextensionpriorityit
2025-01-28 20:46:19,427 INFO c.h.h.t.HelmChartContainer - [hivemq-test-hivemq-platform] [hivemq-platform-operator] [8c19e5b5] 20:46:19.424 [pool-6-thread-32] DEBUG c.h.p.o.d.PlatformServiceResource - [helmexte] Desired Platform services (2 services)
2025-01-28 20:46:19,428 INFO c.h.h.t.HelmChartContainer - [hivemq-test-hivemq-platform] [hivemq-platform-operator] [8c19e5b5] 20:46:19.425 [pool-6-thread-35] DEBUG c.h.p.o.dependants.PodInfoConfigMap - [helmexte] Desired PodInfo ConfigMap (3 extensions) (3 enabled)
2025-01-28 20:46:19,428 INFO c.h.h.t.HelmChartContainer - [hivemq-test-hivemq-platform] [hivemq-platform-operator] [8c19e5b5] 20:46:19.425 [pool-6-thread-35] DEBUG c.h.p.o.dependants.PodInfoConfigMap - [helmexte] Desired PodInfo ConfigMap (metrics port: 9399) (metrics path: /)
2025-01-28 20:46:19,428 INFO c.h.h.t.HelmChartContainer - [hivemq-test-hivemq-platform] [hivemq-platform-operator] [8c19e5b5] 20:46:19.425 [pool-6-thread-35] DEBUG c.h.p.o.dependants.PodInfoConfigMap - [helmexte] Desired PodInfo ConfigMap (extension state hash: 687648868)
2025-01-28 20:46:19,431 INFO c.h.h.t.HelmChartContainer - [hivemq-test-hivemq-platform] [hivemq-platform-operator] [8c19e5b5] 20:46:19.428 [pool-6-thread-32] DEBUG c.h.p.o.d.PodServiceAccountResource - [helmexte] Desired PodServiceAccountResource (serviceAccountName: hivemq-platform-pod-test-hivemq-platform)
2025-01-28 20:46:19,433 INFO c.h.h.t.HelmChartContainer - [hivemq-test-hivemq-platform] [hivemq-platform-operator] [8c19e5b5] 20:46:19.432 [pool-6-thread-40] DEBUG c.h.p.o.d.StatefulSetResource - [helmexte] Desired StatefulSet (1 replicas) for status RUNNING (READY)
2025-01-28 20:46:19,602 INFO c.h.h.t.HelmChartContainer - [hivemq-test-hivemq-platform] [hivemq-platform-operator] [8c19e5b5] 20:46:19.600 [ReconcilerExecutor-hivemq-controller-116] INFO  c.h.p.o.HiveMQPlatformReconciler - [helmexte] Reconciling HiveMQ Platform 'test-hivemq-platform' in namespace 'helmextensionpriorityit'
2025-01-28 20:46:19,603 INFO c.h.h.t.HelmChartContainer - [hivemq-test-hivemq-platform] [hivemq-platform-operator] [8c19e5b5] 20:46:19.600 [ReconcilerExecutor-hivemq-controller-116] DEBUG c.h.p.o.HiveMQPlatformReconciler - [helmexte] Custom Resource Status RUNNING - HiveMQ Platform is ready (READY)
2025-01-28 20:46:19,603 INFO c.h.h.t.HelmChartContainer - [hivemq-test-hivemq-platform] [hivemq-platform-operator] [8c19e5b5] 20:46:19.600 [ReconcilerExecutor-hivemq-controller-116] DEBUG c.h.p.o.HiveMQPlatformReconciler - [helmexte] Custom Resource Spec (replicas: 1) (extensions: 3)
2025-01-28 20:46:19,603 INFO c.h.h.t.HelmChartContainer - [hivemq-test-hivemq-platform] [hivemq-platform-operator] [8c19e5b5] 20:46:19.601 [ReconcilerExecutor-hivemq-controller-116] WARN  c.h.p.o.h.HiveMQPlatformReconcilerErrorHandler - [helmexte] Could not find ConfigMap 'hivemq-configuration-test-hivemq-platform' for HiveMQ Platform configuration
2025-01-28 20:46:19,617 INFO c.h.h.t.HelmChartContainer - [hivemq-test-hivemq-platform] [hivemq-platform-operator] [8c19e5b5] 20:46:19.616 [ReconcilerExecutor-hivemq-controller-116] DEBUG c.h.p.operator.event.EventSender - [helmexte] Creating K8s event hivemq-platform-invalid-configuration: [Start] Could not find ConfigMap 'hivemq-configuration-test-hivemq-platform' for HiveMQ Platform configuration
2025-01-28 20:46:19,621 INFO c.h.h.t.HelmChartContainer - [EVENT] Warning [Start] Could not find ConfigMap 'hivemq-configuration-test-hivemq-platform' for HiveMQ Platform configuration [helmextensionpriorityit:test-hivemq-platform]
2025-01-28 20:46:19,621 INFO c.h.h.t.HelmChartContainer - [hivemq-test-hivemq-platform] [hivemq-platform-operator] [8c19e5b5] 20:46:19.621 [ReconcilerExecutor-hivemq-controller-116] INFO  c.h.p.o.h.AbstractHiveMQReconcilerStateHandler - [helmexte] Update HiveMQ Platform Status (RUNNING [READY] -> ERROR [INVALID_CONFIG_MAP]): Could not find ConfigMap 'hivemq-configuration-test-hivemq-platform' for HiveMQ Platform configuration
2025-01-28 20:46:19,710 INFO c.h.h.t.HelmChartContainer - [hivemq-test-hivemq-platform] [hivemq-platform-operator] [8c19e5b5] 20:46:19.706 [ReconcilerExecutor-hivemq-controller-116] ERROR i.j.o.p.event.EventProcessor - Error during event processing ExecutionScope{ resource id: ResourceID{name='test-hivemq-platform', namespace='helmextensionpriorityit'}, version: 1152}
2025-01-28 20:46:19,710 INFO c.h.h.t.HelmChartContainer - [hivemq-test-hivemq-platform] [hivemq-platform-operator] [8c19e5b5] io.fabric8.kubernetes.client.KubernetesClientException: Failure executing: PUT at: https://10.43.0.1:443/apis/hivemq.com/v1/namespaces/helmextensionpriorityit/hivemq-platforms/test-hivemq-platform/status. Message: Operation cannot be fulfilled on hivemq-platforms.hivemq.com "test-hivemq-platform": the object has been modified; please apply your changes to the latest version and try again. Received status: Status(apiVersion=v1, code=409, details=StatusDetails(causes=[], group=hivemq.com, kind=hivemq-platforms, name=test-hivemq-platform, retryAfterSeconds=null, uid=null, additionalProperties={}), kind=Status, message=Operation cannot be fulfilled on hivemq-platforms.hivemq.com "test-hivemq-platform": the object has been modified; please apply your changes to the latest version and try again, metadata=ListMeta(_continue=null, remainingItemCount=null, resourceVersion=null, selfLink=null, additionalProperties={}), reason=Conflict, status=Failure, additionalProperties={}).
2025-01-28 20:46:19,710 INFO c.h.h.t.HelmChartContainer - [hivemq-test-hivemq-platform] [hivemq-platform-operator] [8c19e5b5] 	at io.fabric8.kubernetes.client.KubernetesClientException.copyAsCause(KubernetesClientException.java:238)
2025-01-28 20:46:19,710 INFO c.h.h.t.HelmChartContainer - [hivemq-test-hivemq-platform] [hivemq-platform-operator] [8c19e5b5] 	at io.fabric8.kubernetes.client.dsl.internal.OperationSupport.waitForResult(OperationSupport.java:507)
2025-01-28 20:46:19,710 INFO c.h.h.t.HelmChartContainer - [hivemq-test-hivemq-platform] [hivemq-platform-operator] [8c19e5b5] 	at io.fabric8.kubernetes.client.dsl.internal.OperationSupport.handleResponse(OperationSupport.java:524)
2025-01-28 20:46:19,710 INFO c.h.h.t.HelmChartContainer - [hivemq-test-hivemq-platform] [hivemq-platform-operator] [8c19e5b5] 	at io.fabric8.kubernetes.client.dsl.internal.OperationSupport.handleUpdate(OperationSupport.java:358)
2025-01-28 20:46:19,710 INFO c.h.h.t.HelmChartContainer - [hivemq-test-hivemq-platform] [hivemq-platform-operator] [8c19e5b5] 	at io.fabric8.kubernetes.client.dsl.internal.BaseOperation.handleUpdate(BaseOperation.java:759)
2025-01-28 20:46:19,710 INFO c.h.h.t.HelmChartContainer - [hivemq-test-hivemq-platform] [hivemq-platform-operator] [8c19e5b5] 	at io.fabric8.kubernetes.client.dsl.internal.HasMetadataOperation.update(HasMetadataOperation.java:138)
2025-01-28 20:46:19,710 INFO c.h.h.t.HelmChartContainer - [hivemq-test-hivemq-platform] [hivemq-platform-operator] [8c19e5b5] 	at io.fabric8.kubernetes.client.dsl.internal.HasMetadataOperation.update(HasMetadataOperation.java:121)
2025-01-28 20:46:19,710 INFO c.h.h.t.HelmChartContainer - [hivemq-test-hivemq-platform] [hivemq-platform-operator] [8c19e5b5] 	at io.fabric8.kubernetes.client.dsl.internal.HasMetadataOperation.updateStatus(HasMetadataOperation.java:126)
2025-01-28 20:46:19,710 INFO c.h.h.t.HelmChartContainer - [hivemq-test-hivemq-platform] [hivemq-platform-operator] [8c19e5b5] 	at io.fabric8.kubernetes.client.dsl.internal.HasMetadataOperation.updateStatus(HasMetadataOperation.java:44)
2025-01-28 20:46:19,710 INFO c.h.h.t.HelmChartContainer - [hivemq-test-hivemq-platform] [hivemq-platform-operator] [8c19e5b5] 	at io.javaoperatorsdk.operator.processing.event.ReconciliationDispatcher$CustomResourceFacade.updateStatus(ReconciliationDispatcher.java:408)
2025-01-28 20:46:19,710 INFO c.h.h.t.HelmChartContainer - [hivemq-test-hivemq-platform] [hivemq-platform-operator] [8c19e5b5] 	at io.javaoperatorsdk.operator.processing.event.ReconciliationDispatcher.updateStatusGenerationAware(ReconciliationDispatcher.java:228)
2025-01-28 20:46:19,710 INFO c.h.h.t.HelmChartContainer - [hivemq-test-hivemq-platform] [hivemq-platform-operator] [8c19e5b5] 	at io.javaoperatorsdk.operator.processing.event.ReconciliationDispatcher.reconcileExecution(ReconciliationDispatcher.java:150)
2025-01-28 20:46:19,710 INFO c.h.h.t.HelmChartContainer - [hivemq-test-hivemq-platform] [hivemq-platform-operator] [8c19e5b5] 	at io.javaoperatorsdk.operator.processing.event.ReconciliationDispatcher.handleReconcile(ReconciliationDispatcher.java:117)
2025-01-28 20:46:19,710 INFO c.h.h.t.HelmChartContainer - [hivemq-test-hivemq-platform] [hivemq-platform-operator] [8c19e5b5] 	at io.javaoperatorsdk.operator.processing.event.ReconciliationDispatcher.handleDispatch(ReconciliationDispatcher.java:91)
2025-01-28 20:46:19,710 INFO c.h.h.t.HelmChartContainer - [hivemq-test-hivemq-platform] [hivemq-platform-operator] [8c19e5b5] 	at io.javaoperatorsdk.operator.processing.event.ReconciliationDispatcher.handleExecution(ReconciliationDispatcher.java:64)
2025-01-28 20:46:19,710 INFO c.h.h.t.HelmChartContainer - [hivemq-test-hivemq-platform] [hivemq-platform-operator] [8c19e5b5] 	at io.javaoperatorsdk.operator.processing.event.EventProcessor$ReconcilerExecutor.run(EventProcessor.java:452)
2025-01-28 20:46:19,710 INFO c.h.h.t.HelmChartContainer - [hivemq-test-hivemq-platform] [hivemq-platform-operator] [8c19e5b5] 	at java.base/java.util.concurrent.ThreadPoolExecutor.runWorker(Unknown Source)
2025-01-28 20:46:19,710 INFO c.h.h.t.HelmChartContainer - [hivemq-test-hivemq-platform] [hivemq-platform-operator] [8c19e5b5] 	at java.base/java.util.concurrent.ThreadPoolExecutor$Worker.run(Unknown Source)
2025-01-28 20:46:19,710 INFO c.h.h.t.HelmChartContainer - [hivemq-test-hivemq-platform] [hivemq-platform-operator] [8c19e5b5] 	at java.base/java.lang.Thread.run(Unknown Source)
2025-01-28 20:46:19,710 INFO c.h.h.t.HelmChartContainer - [hivemq-test-hivemq-platform] [hivemq-platform-operator] [8c19e5b5] Caused by: io.fabric8.kubernetes.client.KubernetesClientException: Failure executing: PUT at: https://10.43.0.1:443/apis/hivemq.com/v1/namespaces/helmextensionpriorityit/hivemq-platforms/test-hivemq-platform/status. Message: Operation cannot be fulfilled on hivemq-platforms.hivemq.com "test-hivemq-platform": the object has been modified; please apply your changes to the latest version and try again. Received status: Status(apiVersion=v1, code=409, details=StatusDetails(causes=[], group=hivemq.com, kind=hivemq-platforms, name=test-hivemq-platform, retryAfterSeconds=null, uid=null, additionalProperties={}), kind=Status, message=Operation cannot be fulfilled on hivemq-platforms.hivemq.com "test-hivemq-platform": the object has been modified; please apply your changes to the latest version and try again, metadata=ListMeta(_continue=null, remainingItemCount=null, resourceVersion=null, selfLink=null, additionalProperties={}), reason=Conflict, status=Failure, additionalProperties={}).
2025-01-28 20:46:19,710 INFO c.h.h.t.HelmChartContainer - [hivemq-test-hivemq-platform] [hivemq-platform-operator] [8c19e5b5] 	at io.fabric8.kubernetes.client.dsl.internal.OperationSupport.requestFailure(OperationSupport.java:660)
2025-01-28 20:46:19,710 INFO c.h.h.t.HelmChartContainer - [hivemq-test-hivemq-platform] [hivemq-platform-operator] [8c19e5b5] 	at io.fabric8.kubernetes.client.dsl.internal.OperationSupport.requestFailure(OperationSupport.java:640)
2025-01-28 20:46:19,710 INFO c.h.h.t.HelmChartContainer - [hivemq-test-hivemq-platform] [hivemq-platform-operator] [8c19e5b5] 	at io.fabric8.kubernetes.client.dsl.internal.OperationSupport.assertResponseCode(OperationSupport.java:589)
2025-01-28 20:46:19,710 INFO c.h.h.t.HelmChartContainer - [hivemq-test-hivemq-platform] [hivemq-platform-operator] [8c19e5b5] 	at io.fabric8.kubernetes.client.dsl.internal.OperationSupport.lambda$handleResponse$0(OperationSupport.java:549)
2025-01-28 20:46:19,710 INFO c.h.h.t.HelmChartContainer - [hivemq-test-hivemq-platform] [hivemq-platform-operator] [8c19e5b5] 	at java.base/java.util.concurrent.CompletableFuture$UniApply.tryFire(Unknown Source)
2025-01-28 20:46:19,712 INFO c.h.h.t.HelmChartContainer - [hivemq-test-hivemq-platform] [hivemq-platform-operator] [8c19e5b5] 	at java.base/java.util.concurrent.CompletableFuture.postComplete(Unknown Source)
2025-01-28 20:46:19,712 INFO c.h.h.t.HelmChartContainer - [hivemq-test-hivemq-platform] [hivemq-platform-operator] [8c19e5b5] 	at java.base/java.util.concurrent.CompletableFuture.complete(Unknown Source)
2025-01-28 20:46:19,712 INFO c.h.h.t.HelmChartContainer - [hivemq-test-hivemq-platform] [hivemq-platform-operator] [8c19e5b5] 	at io.fabric8.kubernetes.client.http.StandardHttpClient.lambda$completeOrCancel$10(StandardHttpClient.java:141)
2025-01-28 20:46:19,713 INFO c.h.h.t.HelmChartContainer - [hivemq-test-hivemq-platform] [hivemq-platform-operator] [8c19e5b5] 	at java.base/java.util.concurrent.CompletableFuture.uniWhenComplete(Unknown Source)
2025-01-28 20:46:19,713 INFO c.h.h.t.HelmChartContainer - [hivemq-test-hivemq-platform] [hivemq-platform-operator] [8c19e5b5] 	at java.base/java.util.concurrent.CompletableFuture$UniWhenComplete.tryFire(Unknown Source)
2025-01-28 20:46:19,713 INFO c.h.h.t.HelmChartContainer - [hivemq-test-hivemq-platform] [hivemq-platform-operator] [8c19e5b5] 	at java.base/java.util.concurrent.CompletableFuture.postComplete(Unknown Source)
2025-01-28 20:46:19,713 INFO c.h.h.t.HelmChartContainer - [hivemq-test-hivemq-platform] [hivemq-platform-operator] [8c19e5b5] 	at java.base/java.util.concurrent.CompletableFuture.complete(Unknown Source)
2025-01-28 20:46:19,713 INFO c.h.h.t.HelmChartContainer - [hivemq-test-hivemq-platform] [hivemq-platform-operator] [8c19e5b5] 	at io.fabric8.kubernetes.client.http.ByteArrayBodyHandler.onBodyDone(ByteArrayBodyHandler.java:51)
2025-01-28 20:46:19,713 INFO c.h.h.t.HelmChartContainer - [hivemq-test-hivemq-platform] [hivemq-platform-operator] [8c19e5b5] 	at java.base/java.util.concurrent.CompletableFuture.uniWhenComplete(Unknown Source)
2025-01-28 20:46:19,713 INFO c.h.h.t.HelmChartContainer - [hivemq-test-hivemq-platform] [hivemq-platform-operator] [8c19e5b5] 	at java.base/java.util.concurrent.CompletableFuture$UniWhenComplete.tryFire(Unknown Source)
2025-01-28 20:46:19,713 INFO c.h.h.t.HelmChartContainer - [hivemq-test-hivemq-platform] [hivemq-platform-operator] [8c19e5b5] 	at java.base/java.util.concurrent.CompletableFuture.postComplete(Unknown Source)
2025-01-28 20:46:19,713 INFO c.h.h.t.HelmChartContainer - [hivemq-test-hivemq-platform] [hivemq-platform-operator] [8c19e5b5] 	at java.base/java.util.concurrent.CompletableFuture.complete(Unknown Source)
2025-01-28 20:46:19,713 INFO c.h.h.t.HelmChartContainer - [hivemq-test-hivemq-platform] [hivemq-platform-operator] [8c19e5b5] 	at io.fabric8.kubernetes.client.vertx.VertxHttpRequest.lambda$null$1(VertxHttpRequest.java:121)
2025-01-28 20:46:19,713 INFO c.h.h.t.HelmChartContainer - [hivemq-test-hivemq-platform] [hivemq-platform-operator] [8c19e5b5] 	at io.vertx.core.impl.ContextInternal.dispatch(ContextInternal.java:279)
2025-01-28 20:46:19,713 INFO c.h.h.t.HelmChartContainer - [hivemq-test-hivemq-platform] [hivemq-platform-operator] [8c19e5b5] 	at io.vertx.core.impl.ContextInternal.dispatch(ContextInternal.java:261)
2025-01-28 20:46:19,713 INFO c.h.h.t.HelmChartContainer - [hivemq-test-hivemq-platform] [hivemq-platform-operator] [8c19e5b5] 	at io.vertx.core.http.impl.HttpEventHandler.handleEnd(HttpEventHandler.java:76)
2025-01-28 20:46:19,713 INFO c.h.h.t.HelmChartContainer - [hivemq-test-hivemq-platform] [hivemq-platform-operator] [8c19e5b5] 	at io.vertx.core.http.impl.HttpClientResponseImpl.handleEnd(HttpClientResponseImpl.java:250)
2025-01-28 20:46:19,713 INFO c.h.h.t.HelmChartContainer - [hivemq-test-hivemq-platform] [hivemq-platform-operator] [8c19e5b5] 	at io.vertx.core.http.impl.Http1xClientConnection$StreamImpl.lambda$new$0(Http1xClientConnection.java:421)
2025-01-28 20:46:19,713 INFO c.h.h.t.HelmChartContainer - [hivemq-test-hivemq-platform] [hivemq-platform-operator] [8c19e5b5] 	at io.vertx.core.streams.impl.InboundBuffer.handleEvent(InboundBuffer.java:279)
2025-01-28 20:46:19,713 INFO c.h.h.t.HelmChartContainer - [hivemq-test-hivemq-platform] [hivemq-platform-operator] [8c19e5b5] 	at io.vertx.core.streams.impl.InboundBuffer.write(InboundBuffer.java:157)
2025-01-28 20:46:19,713 INFO c.h.h.t.HelmChartContainer - [hivemq-test-hivemq-platform] [hivemq-platform-operator] [8c19e5b5] 	at io.vertx.core.http.impl.Http1xClientConnection$StreamImpl.handleEnd(Http1xClientConnection.java:709)
2025-01-28 20:46:19,713 INFO c.h.h.t.HelmChartContainer - [hivemq-test-hivemq-platform] [hivemq-platform-operator] [8c19e5b5] 	at io.vertx.core.impl.ContextImpl.lambda$execute$4(ContextImpl.java:315)
2025-01-28 20:46:19,713 INFO c.h.h.t.HelmChartContainer - [hivemq-test-hivemq-platform] [hivemq-platform-operator] [8c19e5b5] 	at io.netty.util.concurrent.AbstractEventExecutor.runTask(AbstractEventExecutor.java:173)
2025-01-28 20:46:19,713 INFO c.h.h.t.HelmChartContainer - [hivemq-test-hivemq-platform] [hivemq-platform-operator] [8c19e5b5] 	at io.netty.util.concurrent.AbstractEventExecutor.safeExecute(AbstractEventExecutor.java:166)
2025-01-28 20:46:19,713 INFO c.h.h.t.HelmChartContainer - [hivemq-test-hivemq-platform] [hivemq-platform-operator] [8c19e5b5] 	at io.netty.util.concurrent.SingleThreadEventExecutor.runAllTasks(SingleThreadEventExecutor.java:472)
2025-01-28 20:46:19,713 INFO c.h.h.t.HelmChartContainer - [hivemq-test-hivemq-platform] [hivemq-platform-operator] [8c19e5b5] 	at io.netty.channel.nio.NioEventLoop.run(NioEventLoop.java:569)
2025-01-28 20:46:19,713 INFO c.h.h.t.HelmChartContainer - [hivemq-test-hivemq-platform] [hivemq-platform-operator] [8c19e5b5] 	at io.netty.util.concurrent.SingleThreadEventExecutor$4.run(SingleThreadEventExecutor.java:997)
2025-01-28 20:46:19,713 INFO c.h.h.t.HelmChartContainer - [hivemq-test-hivemq-platform] [hivemq-platform-operator] [8c19e5b5] 	at io.netty.util.internal.ThreadExecutorMap$2.run(ThreadExecutorMap.java:74)
2025-01-28 20:46:19,713 INFO c.h.h.t.HelmChartContainer - [hivemq-test-hivemq-platform] [hivemq-platform-operator] [8c19e5b5] 	at io.netty.util.concurrent.FastThreadLocalRunnable.run(FastThreadLocalRunnable.java:30)
2025-01-28 20:46:19,713 INFO c.h.h.t.HelmChartContainer - [hivemq-test-hivemq-platform] [hivemq-platform-operator] [8c19e5b5] 	... 1 common frames omitted
2025-01-28 20:46:19,719 INFO c.h.h.t.HelmChartContainer - [hivemq-test-hivemq-platform] [hivemq-platform-operator] [8c19e5b5] 20:46:19.713 [ReconcilerExecutor-hivemq-controller-123] INFO  c.h.p.o.HiveMQPlatformReconciler - [helmexte] Cleanup test-hivemq-platform - helmextensionpriorityit HiveMQ Platform is shut down
2025-01-28 20:46:20,009 INFO c.h.h.t.HelmChartContainer - [POD] test-hivemq-platform-0 [7f3bf99f-d04b-461f-a7f8-7580f759ff84] in helmextensionpriorityit was MODIFIED
2025-01-28 20:46:20,012 INFO c.h.h.t.HelmChartContainer - [EVENT] Normal [Killing] Stopping container hivemq [helmextensionpriorityit:test-hivemq-platform-0]
2025-01-28 20:46:20,012 INFO c.h.h.t.HelmChartContainer - Received Killing event for container hivemq in pod test-hivemq-platform-0 [7f3bf99f-d04b-461f-a7f8-7580f759ff84]
2025-01-28 20:46:20,012 INFO c.h.h.t.HelmChartContainer - Container [test-hivemq-platform-0] [hivemq] [7f3bf99f-d04b-461f-a7f8-7580f759ff84] was terminated
2025-01-28 20:46:20,012 INFO c.h.h.t.HelmChartContainer - Stopped log watcher for hivemq in pod test-hivemq-platform-0 [7f3bf99f-d04b-461f-a7f8-7580f759ff84]
2025-01-28 20:46:20,016 INFO c.h.h.t.HelmChartContainer - [test-hivemq-platform] [hivemq] [7f3bf99f] INFO  - [HiveMQ Platform Operator Init App 1.7.0-SNAPSHOT] Shutting down
2025-01-28 20:46:20,016 INFO c.h.h.t.HelmChartContainer - [test-hivemq-platform] [hivemq] [7f3bf99f] INFO  - [HiveMQ Platform Operator Init App 1.7.0-SNAPSHOT] Stopping the HiveMQ Platform
2025-01-28 20:46:20,130 INFO c.h.h.t.HelmChartContainer - [test-hivemq-platform] [hivemq] [7f3bf99f] INFO  - Shutting down HiveMQ. Please wait, this could take a while...
2025-01-28 20:46:20,133 INFO c.h.h.t.HelmChartContainer - [test-hivemq-platform] [hivemq] [7f3bf99f] INFO  - Shutting down listeners and clients
2025-01-28 20:46:20,206 INFO c.h.h.t.HelmChartContainer - [test-hivemq-platform] [hivemq] [7f3bf99f] INFO  - Shutdown of listeners is done
2025-01-28 20:46:20,206 INFO c.h.h.t.HelmChartContainer - [test-hivemq-platform] [hivemq] [7f3bf99f] INFO  - No clients are connected, proceeding with shutdown
2025-01-28 20:46:21,232 INFO c.h.h.t.HelmChartContainer - [test-hivemq-platform] [hivemq] [7f3bf99f] INFO  - [HiveMQ Platform Operator Init App 1.7.0-SNAPSHOT] Returning shutdown Health API response 503 for readiness
2025-01-28 20:46:21,236 INFO c.h.h.t.HelmChartContainer - [EVENT] Warning [Unhealthy] Readiness probe failed: HTTP probe failed with statuscode: 503 [helmextensionpriorityit:test-hivemq-platform-0]
2025-01-28 20:46:21,236 INFO c.h.h.t.HelmChartContainer - Received Unhealthy event for container hivemq in pod test-hivemq-platform-0 [7f3bf99f-d04b-461f-a7f8-7580f759ff84]
2025-01-28 20:46:21,490 INFO c.h.h.t.HelmChartContainer - Deleting namespace 'helmextensionpriorityit'...
2025-01-28 20:46:21,860 INFO c.h.h.t.HelmChartContainer - [test-hivemq-platform] [hivemq] [7f3bf99f] WARN  - [HiveMQ Platform Operator Init App 1.7.0-SNAPSHOT] Could not update Pod annotations: Failure executing: GET at: https://10.43.0.1:443/api/v1/namespaces/helmextensionpriorityit/pods/test-hivemq-platform-0. Message: pods "test-hivemq-platform-0" is forbidden: User "system:serviceaccount:helmextensionpriorityit:hivemq-platform-pod-test-hivemq-platform" cannot get resource "pods" in API group "" in the namespace "helmextensionpriorityit". Received status: Status(apiVersion=v1, code=403, details=StatusDetails(causes=[], group=null, kind=pods, name=test-hivemq-platform-0, retryAfterSeconds=null, uid=null, additionalProperties={}), kind=Status, message=pods "test-hivemq-platform-0" is forbidden: User "system:serviceaccount:helmextensionpriorityit:hivemq-platform-pod-test-hivemq-platform" cannot get resource "pods" in API group "" in the namespace "helmextensionpriorityit", metadata=ListMeta(_continue=null, remainingItemCount=null, resourceVersion=null, selfLink=null, additionalProperties={}), reason=Forbidden, status=Failure, additionalProperties={}).
2025-01-28 20:46:23,233 INFO c.h.h.t.HelmChartContainer - [test-hivemq-platform] [hivemq] [7f3bf99f] INFO  - Shutting down extension system
2025-01-28 20:46:23,235 INFO c.h.h.t.HelmChartContainer - [test-hivemq-platform] [hivemq] [7f3bf99f] INFO  - Stopping extension with id hivemq-dns-cluster-discovery
2025-01-28 20:46:23,236 INFO c.h.h.t.HelmChartContainer - [test-hivemq-platform] [hivemq] [7f3bf99f] INFO  - Extension "DNS Cluster Discovery Extension" version 4.3.2 stopped successfully.
2025-01-28 20:46:23,237 INFO c.h.h.t.HelmChartContainer - [test-hivemq-platform] [hivemq] [7f3bf99f] INFO  - Stopping extension with id hivemq-appending-baz-extension
2025-01-28 20:46:23,239 INFO c.h.h.t.HelmChartContainer - [test-hivemq-platform] [hivemq] [7f3bf99f] INFO  - HiveMQ Baz-Appending PublishInboundInterceptor Extension stopped
2025-01-28 20:46:23,239 INFO c.h.h.t.HelmChartContainer - [test-hivemq-platform] [hivemq] [7f3bf99f] INFO  - Extension "HiveMQ Appending Baz Extension" version 1.0.0 stopped successfully.
2025-01-28 20:46:23,240 INFO c.h.h.t.HelmChartContainer - [test-hivemq-platform] [hivemq] [7f3bf99f] INFO  - Stopping extension with id hivemq-appending-bar-extension
2025-01-28 20:46:23,240 INFO c.h.h.t.HelmChartContainer - [test-hivemq-platform] [hivemq] [7f3bf99f] INFO  - HiveMQ Bar-Appending PublishInboundInterceptor Extension stopped
2025-01-28 20:46:23,240 INFO c.h.h.t.HelmChartContainer - [test-hivemq-platform] [hivemq] [7f3bf99f] INFO  - Extension "HiveMQ Appending Bar Extension" version 1.0.0 stopped successfully.
2025-01-28 20:46:23,240 INFO c.h.h.t.HelmChartContainer - [test-hivemq-platform] [hivemq] [7f3bf99f] INFO  - Stopping extension with id hivemq-prometheus-extension
2025-01-28 20:46:23,242 INFO c.h.h.t.HelmChartContainer - [test-hivemq-platform] [hivemq] [7f3bf99f] INFO  - Extension "Prometheus Monitoring Extension" version 4.0.12 stopped successfully.
2025-01-28 20:46:23,243 INFO c.h.h.t.HelmChartContainer - [test-hivemq-platform] [hivemq] [7f3bf99f] INFO  - Stopping extension with id hivemq-appending-foo-extension
2025-01-28 20:46:23,243 INFO c.h.h.t.HelmChartContainer - [test-hivemq-platform] [hivemq] [7f3bf99f] INFO  - HiveMQ Foo-Appending PublishInboundInterceptor Extension stopped
2025-01-28 20:46:23,244 INFO c.h.h.t.HelmChartContainer - [test-hivemq-platform] [hivemq] [7f3bf99f] INFO  - Extension "HiveMQ Appending Foo Extension" version 1.0.0 stopped successfully.
2025-01-28 20:46:23,244 INFO c.h.h.t.HelmChartContainer - [test-hivemq-platform] [hivemq] [7f3bf99f] INFO  - Stopping extension with id hivemq-allow-all-extension
2025-01-28 20:46:23,244 INFO c.h.h.t.HelmChartContainer - [test-hivemq-platform] [hivemq] [7f3bf99f] INFO  - Extension "Allow All Extension" version 1.1.1 stopped successfully.
2025-01-28 20:46:25,522 INFO c.h.h.t.HelmChartContainer - [test-hivemq-platform] [hivemq] [7f3bf99f] INFO  - Shutdown completed.
2025-01-28 20:46:25,872 INFO c.h.h.t.HelmChartContainer - [test-hivemq-platform] [hivemq] [7f3bf99f] INFO  - [HiveMQ Platform Operator Init App 1.7.0-SNAPSHOT] The HiveMQ Platform exited with code 143
2025-01-28 20:46:25,872 INFO c.h.h.t.HelmChartContainer - [test-hivemq-platform] [hivemq] [7f3bf99f] INFO  - [HiveMQ Platform Operator Init App 1.7.0-SNAPSHOT] Stopping the REST API
2025-01-28 20:46:25,876 INFO c.h.h.t.HelmChartContainer - [test-hivemq-platform] [hivemq] [7f3bf99f] INFO  - [HiveMQ Platform Operator Init App 1.7.0-SNAPSHOT] Shutdown complete
2025-01-28 20:46:26,358 INFO c.h.h.t.HelmChartContainer - [POD] test-hivemq-platform-0 [7f3bf99f-d04b-461f-a7f8-7580f759ff84] in helmextensionpriorityit was MODIFIED
2025-01-28 20:46:26,358 INFO c.h.h.t.HelmChartContainer - [K3S] [stateful_set.go:438] "Unhandled Error" err="error syncing StatefulSet helmextensionpriorityit/test-hivemq-platform, requeuing: controllerrevisions.apps \"test-hivemq-platform-6fd78546f5\" is forbidden: unable to create new content in namespace helmextensionpriorityit because it is being terminated"
2025-01-28 20:46:26,367 INFO c.h.h.t.HelmChartContainer - [K3S] [stateful_set.go:438] "Unhandled Error" err="error syncing StatefulSet helmextensionpriorityit/test-hivemq-platform, requeuing: controllerrevisions.apps \"test-hivemq-platform-6fd78546f5\" is forbidden: unable to create new content in namespace helmextensionpriorityit because it is being terminated"
2025-01-28 20:46:26,380 INFO c.h.h.t.HelmChartContainer - [K3S] [stateful_set.go:438] "Unhandled Error" err="error syncing StatefulSet helmextensionpriorityit/test-hivemq-platform, requeuing: controllerrevisions.apps \"test-hivemq-platform-6fd78546f5\" is forbidden: unable to create new content in namespace helmextensionpriorityit because it is being terminated"
2025-01-28 20:46:26,404 INFO c.h.h.t.HelmChartContainer - [K3S] [stateful_set.go:438] "Unhandled Error" err="error syncing StatefulSet helmextensionpriorityit/test-hivemq-platform, requeuing: controllerrevisions.apps \"test-hivemq-platform-6fd78546f5\" is forbidden: unable to create new content in namespace helmextensionpriorityit because it is being terminated"
2025-01-28 20:46:26,446 INFO c.h.h.t.HelmChartContainer - [K3S] [stateful_set.go:438] "Unhandled Error" err="error syncing StatefulSet helmextensionpriorityit/test-hivemq-platform, requeuing: controllerrevisions.apps \"test-hivemq-platform-6fd78546f5\" is forbidden: unable to create new content in namespace helmextensionpriorityit because it is being terminated"
2025-01-28 20:46:26,487 INFO c.h.h.t.HelmChartContainer - [K3S] [reconciler_common.go:162] "operationExecutor.UnmountVolume started for volume \"pod-info\" (UniqueName: \"kubernetes.io/configmap/7f3bf99f-d04b-461f-a7f8-7580f759ff84-pod-info\") pod \"7f3bf99f-d04b-461f-a7f8-7580f759ff84\" (UID: \"7f3bf99f-d04b-461f-a7f8-7580f759ff84\") "
2025-01-28 20:46:26,488 INFO c.h.h.t.HelmChartContainer - [K3S] [reconciler_common.go:162] "operationExecutor.UnmountVolume started for volume \"broker-configuration\" (UniqueName: \"kubernetes.io/configmap/7f3bf99f-d04b-461f-a7f8-7580f759ff84-broker-configuration\") pod \"7f3bf99f-d04b-461f-a7f8-7580f759ff84\" (UID: \"7f3bf99f-d04b-461f-a7f8-7580f759ff84\") "
2025-01-28 20:46:26,488 INFO c.h.h.t.HelmChartContainer - [K3S] [reconciler_common.go:162] "operationExecutor.UnmountVolume started for volume \"operator-init\" (UniqueName: \"kubernetes.io/empty-dir/7f3bf99f-d04b-461f-a7f8-7580f759ff84-operator-init\") pod \"7f3bf99f-d04b-461f-a7f8-7580f759ff84\" (UID: \"7f3bf99f-d04b-461f-a7f8-7580f759ff84\") "
2025-01-28 20:46:26,489 INFO c.h.h.t.HelmChartContainer - [K3S] [reconciler_common.go:162] "operationExecutor.UnmountVolume started for volume \"kube-api-access-jcvvn\" (UniqueName: \"kubernetes.io/projected/7f3bf99f-d04b-461f-a7f8-7580f759ff84-kube-api-access-jcvvn\") pod \"7f3bf99f-d04b-461f-a7f8-7580f759ff84\" (UID: \"7f3bf99f-d04b-461f-a7f8-7580f759ff84\") "
2025-01-28 20:46:26,529 INFO c.h.h.t.HelmChartContainer - [K3S] [stateful_set.go:438] "Unhandled Error" err="error syncing StatefulSet helmextensionpriorityit/test-hivemq-platform, requeuing: controllerrevisions.apps \"test-hivemq-platform-6fd78546f5\" is forbidden: unable to create new content in namespace helmextensionpriorityit because it is being terminated"
2025-01-28 20:46:26,538 INFO c.h.h.t.HelmChartContainer - [POD] nginx-b74cf9657-npkhv [e9d383ff-7f49-4cc5-986f-5e21167c7482] in helmextensionpriorityit was MODIFIED
2025-01-28 20:46:26,544 INFO c.h.h.t.HelmChartContainer - [K3S] [replica_set.go:679] "Finished syncing" kind="ReplicaSet" key="helmextensionpriorityit/nginx-b74cf9657" duration="9.473344ms"
2025-01-28 20:46:26,545 INFO c.h.h.t.HelmChartContainer - [K3S] [replica_set.go:679] "Finished syncing" kind="ReplicaSet" key="helmextensionpriorityit/nginx-b74cf9657" duration="255.959µs"
2025-01-28 20:46:26,549 INFO c.h.h.t.HelmChartContainer - [nginx-b74cf9657-npkh] [nginx] [e9d383ff] 2025/01/28 20:46:26 [notice] 1#1: signal 3 (SIGQUIT) received, shutting down
2025-01-28 20:46:26,549 INFO c.h.h.t.HelmChartContainer - [nginx-b74cf9657-npkh] [nginx] [e9d383ff] 2025/01/28 20:46:26 [notice] 30#30: gracefully shutting down
2025-01-28 20:46:26,549 INFO c.h.h.t.HelmChartContainer - [nginx-b74cf9657-npkh] [nginx] [e9d383ff] 2025/01/28 20:46:26 [notice] 29#29: gracefully shutting down
2025-01-28 20:46:26,549 INFO c.h.h.t.HelmChartContainer - [nginx-b74cf9657-npkh] [nginx] [e9d383ff] 2025/01/28 20:46:26 [notice] 30#30: exiting
2025-01-28 20:46:26,549 INFO c.h.h.t.HelmChartContainer - [nginx-b74cf9657-npkh] [nginx] [e9d383ff] 2025/01/28 20:46:26 [notice] 29#29: exiting
2025-01-28 20:46:26,549 INFO c.h.h.t.HelmChartContainer - [nginx-b74cf9657-npkh] [nginx] [e9d383ff] 2025/01/28 20:46:26 [notice] 29#29: exit
2025-01-28 20:46:26,549 INFO c.h.h.t.HelmChartContainer - [nginx-b74cf9657-npkh] [nginx] [e9d383ff] 2025/01/28 20:46:26 [notice] 30#30: exit
2025-01-28 20:46:26,551 INFO c.h.h.t.HelmChartContainer - [nginx-b74cf9657-npkh] [nginx] [e9d383ff] 2025/01/28 20:46:26 [notice] 32#32: gracefully shutting down
2025-01-28 20:46:26,551 INFO c.h.h.t.HelmChartContainer - [nginx-b74cf9657-npkh] [nginx] [e9d383ff] 2025/01/28 20:46:26 [notice] 32#32: exiting
2025-01-28 20:46:26,551 INFO c.h.h.t.HelmChartContainer - [nginx-b74cf9657-npkh] [nginx] [e9d383ff] 2025/01/28 20:46:26 [notice] 32#32: exit
2025-01-28 20:46:26,551 INFO c.h.h.t.HelmChartContainer - [nginx-b74cf9657-npkh] [nginx] [e9d383ff] 2025/01/28 20:46:26 [notice] 31#31: gracefully shutting down
2025-01-28 20:46:26,551 INFO c.h.h.t.HelmChartContainer - [nginx-b74cf9657-npkh] [nginx] [e9d383ff] 2025/01/28 20:46:26 [notice] 31#31: exiting
2025-01-28 20:46:26,551 INFO c.h.h.t.HelmChartContainer - [nginx-b74cf9657-npkh] [nginx] [e9d383ff] 2025/01/28 20:46:26 [notice] 31#31: exit
2025-01-28 20:46:26,556 INFO c.h.h.t.HelmChartContainer - [nginx-b74cf9657-npkh] [nginx] [e9d383ff] 2025/01/28 20:46:26 [notice] 1#1: signal 17 (SIGCHLD) received from 30
2025-01-28 20:46:26,557 INFO c.h.h.t.HelmChartContainer - [nginx-b74cf9657-npkh] [nginx] [e9d383ff] 2025/01/28 20:46:26 [notice] 1#1: worker process 30 exited with code 0
2025-01-28 20:46:26,557 INFO c.h.h.t.HelmChartContainer - [nginx-b74cf9657-npkh] [nginx] [e9d383ff] 2025/01/28 20:46:26 [notice] 1#1: signal 29 (SIGIO) received
2025-01-28 20:46:26,560 INFO c.h.h.t.HelmChartContainer - [nginx-b74cf9657-npkh] [nginx] [e9d383ff] 2025/01/28 20:46:26 [notice] 1#1: signal 17 (SIGCHLD) received from 31
2025-01-28 20:46:26,560 INFO c.h.h.t.HelmChartContainer - [nginx-b74cf9657-npkh] [nginx] [e9d383ff] 2025/01/28 20:46:26 [notice] 1#1: worker process 31 exited with code 0
2025-01-28 20:46:26,560 INFO c.h.h.t.HelmChartContainer - [nginx-b74cf9657-npkh] [nginx] [e9d383ff] 2025/01/28 20:46:26 [notice] 1#1: signal 29 (SIGIO) received
2025-01-28 20:46:26,562 INFO c.h.h.t.HelmChartContainer - [nginx-b74cf9657-npkh] [nginx] [e9d383ff] 2025/01/28 20:46:26 [notice] 1#1: signal 17 (SIGCHLD) received from 29
2025-01-28 20:46:26,562 INFO c.h.h.t.HelmChartContainer - [nginx-b74cf9657-npkh] [nginx] [e9d383ff] 2025/01/28 20:46:26 [notice] 1#1: worker process 29 exited with code 0
2025-01-28 20:46:26,562 INFO c.h.h.t.HelmChartContainer - [nginx-b74cf9657-npkh] [nginx] [e9d383ff] 2025/01/28 20:46:26 [notice] 1#1: signal 29 (SIGIO) received
2025-01-28 20:46:26,562 INFO c.h.h.t.HelmChartContainer - [nginx-b74cf9657-npkh] [nginx] [e9d383ff] 2025/01/28 20:46:26 [notice] 1#1: signal 17 (SIGCHLD) received from 32
2025-01-28 20:46:26,562 INFO c.h.h.t.HelmChartContainer - [nginx-b74cf9657-npkh] [nginx] [e9d383ff] 2025/01/28 20:46:26 [notice] 1#1: worker process 32 exited with code 0
2025-01-28 20:46:26,562 INFO c.h.h.t.HelmChartContainer - [nginx-b74cf9657-npkh] [nginx] [e9d383ff] 2025/01/28 20:46:26 [notice] 1#1: exit
2025-01-28 20:46:26,589 INFO c.h.h.t.HelmChartContainer - [K3S] [reconciler_common.go:299] "Volume detached for volume \"pod-info\" (UniqueName: \"kubernetes.io/configmap/7f3bf99f-d04b-461f-a7f8-7580f759ff84-pod-info\") on node \"f5e8ff193853\" DevicePath \"\""
2025-01-28 20:46:26,589 INFO c.h.h.t.HelmChartContainer - [K3S] [reconciler_common.go:299] "Volume detached for volume \"broker-configuration\" (UniqueName: \"kubernetes.io/configmap/7f3bf99f-d04b-461f-a7f8-7580f759ff84-broker-configuration\") on node \"f5e8ff193853\" DevicePath \"\""
2025-01-28 20:46:26,589 INFO c.h.h.t.HelmChartContainer - [K3S] [reconciler_common.go:299] "Volume detached for volume \"operator-init\" (UniqueName: \"kubernetes.io/empty-dir/7f3bf99f-d04b-461f-a7f8-7580f759ff84-operator-init\") on node \"f5e8ff193853\" DevicePath \"\""
2025-01-28 20:46:26,589 INFO c.h.h.t.HelmChartContainer - [K3S] [reconciler_common.go:299] "Volume detached for volume \"kube-api-access-jcvvn\" (UniqueName: \"kubernetes.io/projected/7f3bf99f-d04b-461f-a7f8-7580f759ff84-kube-api-access-jcvvn\") on node \"f5e8ff193853\" DevicePath \"\""
2025-01-28 20:46:26,647 INFO c.h.h.t.HelmChartContainer - [K3S] [replica_set.go:679] "Finished syncing" kind="ReplicaSet" key="helmextensionpriorityit/nginx-b74cf9657" duration="5.551µs"
2025-01-28 20:46:26,673 INFO c.h.h.t.HelmChartContainer - [POD] nginx-b74cf9657-npkhv [e9d383ff-7f49-4cc5-986f-5e21167c7482] in helmextensionpriorityit was MODIFIED
2025-01-28 20:46:26,693 INFO c.h.h.t.HelmChartContainer - [K3S] [stateful_set.go:438] "Unhandled Error" err="error syncing StatefulSet helmextensionpriorityit/test-hivemq-platform, requeuing: controllerrevisions.apps \"test-hivemq-platform-6fd78546f5\" is forbidden: unable to create new content in namespace helmextensionpriorityit because it is being terminated"
2025-01-28 20:46:26,789 INFO c.h.h.t.HelmChartContainer - [K3S] [reconciler_common.go:162] "operationExecutor.UnmountVolume started for volume \"volume-hivemq-appending-foo-extension-100\" (UniqueName: \"kubernetes.io/host-path/e9d383ff-7f49-4cc5-986f-5e21167c7482-volume-hivemq-appending-foo-extension-100\") pod \"e9d383ff-7f49-4cc5-986f-5e21167c7482\" (UID: \"e9d383ff-7f49-4cc5-986f-5e21167c7482\") "
2025-01-28 20:46:26,789 INFO c.h.h.t.HelmChartContainer - [K3S] [reconciler_common.go:162] "operationExecutor.UnmountVolume started for volume \"kube-api-access-kcrjx\" (UniqueName: \"kubernetes.io/projected/e9d383ff-7f49-4cc5-986f-5e21167c7482-kube-api-access-kcrjx\") pod \"e9d383ff-7f49-4cc5-986f-5e21167c7482\" (UID: \"e9d383ff-7f49-4cc5-986f-5e21167c7482\") "
2025-01-28 20:46:26,790 INFO c.h.h.t.HelmChartContainer - [K3S] [reconciler_common.go:162] "operationExecutor.UnmountVolume started for volume \"volume-hivemq-appending-baz-extension-100\" (UniqueName: \"kubernetes.io/host-path/e9d383ff-7f49-4cc5-986f-5e21167c7482-volume-hivemq-appending-baz-extension-100\") pod \"e9d383ff-7f49-4cc5-986f-5e21167c7482\" (UID: \"e9d383ff-7f49-4cc5-986f-5e21167c7482\") "
2025-01-28 20:46:26,790 INFO c.h.h.t.HelmChartContainer - [K3S] [reconciler_common.go:162] "operationExecutor.UnmountVolume started for volume \"volume-hivemq-appending-bar-extension-100\" (UniqueName: \"kubernetes.io/host-path/e9d383ff-7f49-4cc5-986f-5e21167c7482-volume-hivemq-appending-bar-extension-100\") pod \"e9d383ff-7f49-4cc5-986f-5e21167c7482\" (UID: \"e9d383ff-7f49-4cc5-986f-5e21167c7482\") "
2025-01-28 20:46:26,877 INFO c.h.h.t.HelmChartContainer - [K3S] [stateful_set.go:466] "StatefulSet has been deleted" key="helmextensionpriorityit/test-hivemq-platform"
2025-01-28 20:46:26,890 INFO c.h.h.t.HelmChartContainer - [K3S] [reconciler_common.go:299] "Volume detached for volume \"kube-api-access-kcrjx\" (UniqueName: \"kubernetes.io/projected/e9d383ff-7f49-4cc5-986f-5e21167c7482-kube-api-access-kcrjx\") on node \"f5e8ff193853\" DevicePath \"\""
2025-01-28 20:46:26,890 INFO c.h.h.t.HelmChartContainer - [K3S] [reconciler_common.go:299] "Volume detached for volume \"volume-hivemq-appending-baz-extension-100\" (UniqueName: \"kubernetes.io/host-path/e9d383ff-7f49-4cc5-986f-5e21167c7482-volume-hivemq-appending-baz-extension-100\") on node \"f5e8ff193853\" DevicePath \"\""
2025-01-28 20:46:26,890 INFO c.h.h.t.HelmChartContainer - [K3S] [reconciler_common.go:299] "Volume detached for volume \"volume-hivemq-appending-bar-extension-100\" (UniqueName: \"kubernetes.io/host-path/e9d383ff-7f49-4cc5-986f-5e21167c7482-volume-hivemq-appending-bar-extension-100\") on node \"f5e8ff193853\" DevicePath \"\""
2025-01-28 20:46:26,890 INFO c.h.h.t.HelmChartContainer - [K3S] [reconciler_common.go:299] "Volume detached for volume \"volume-hivemq-appending-foo-extension-100\" (UniqueName: \"kubernetes.io/host-path/e9d383ff-7f49-4cc5-986f-5e21167c7482-volume-hivemq-appending-foo-extension-100\") on node \"f5e8ff193853\" DevicePath \"\""
2025-01-28 20:46:27,014 INFO c.h.h.t.HelmChartContainer - [K3S] [stateful_set.go:466] "StatefulSet has been deleted" key="helmextensionpriorityit/test-hivemq-platform"
2025-01-28 20:46:27,162 INFO c.h.h.t.HelmChartContainer - [K3S] [scope.go:117] "RemoveContainer" containerID="f32d09a0d8969e795317519fd84744a6eb3b02837bac47115761a863bf87f83c"
2025-01-28 20:46:27,164 INFO c.h.h.t.HelmChartContainer - Stopped log watcher for nginx in pod nginx-b74cf9657-npkhv [e9d383ff-7f49-4cc5-986f-5e21167c7482]
2025-01-28 20:46:27,169 INFO c.h.h.t.HelmChartContainer - [K3S] [scope.go:117] "RemoveContainer" containerID="f32d09a0d8969e795317519fd84744a6eb3b02837bac47115761a863bf87f83c"
2025-01-28 20:46:27,169 INFO c.h.h.t.HelmChartContainer - [K3S] [scope.go:117] "RemoveContainer" containerID="1f787a9e52f870a390abbe5eefc146ab42c8c14eae3047560f376f3ba050ae8c"
2025-01-28 20:46:27,178 INFO c.h.h.t.HelmChartContainer - [POD] nginx-b74cf9657-npkhv [e9d383ff-7f49-4cc5-986f-5e21167c7482] in helmextensionpriorityit was MODIFIED
2025-01-28 20:46:27,194 INFO c.h.h.t.HelmChartContainer - [POD] nginx-b74cf9657-npkhv [e9d383ff-7f49-4cc5-986f-5e21167c7482] in helmextensionpriorityit was DELETED
2025-01-28 20:46:27,203 INFO c.h.h.t.HelmChartContainer - [POD] test-hivemq-platform-0 [7f3bf99f-d04b-461f-a7f8-7580f759ff84] in helmextensionpriorityit was MODIFIED
2025-01-28 20:46:27,208 INFO c.h.h.t.HelmChartContainer - [POD] test-hivemq-platform-0 [7f3bf99f-d04b-461f-a7f8-7580f759ff84] in helmextensionpriorityit was DELETED
2025-01-28 20:46:27,277 INFO c.h.h.t.HelmChartContainer - [K3S] [scope.go:117] "RemoveContainer" containerID="2cc4c977f2b60d57689d8b293d91a0d8818f7ea437dba766216ae6ccb35bc8f8"
2025-01-28 20:46:27,281 INFO c.h.h.t.HelmChartContainer - [K3S] [scope.go:117] "RemoveContainer" containerID="1f787a9e52f870a390abbe5eefc146ab42c8c14eae3047560f376f3ba050ae8c"
2025-01-28 20:46:27,281 INFO c.h.h.t.HelmChartContainer - [K3S] [scope.go:117] "RemoveContainer" containerID="2cc4c977f2b60d57689d8b293d91a0d8818f7ea437dba766216ae6ccb35bc8f8"
2025-01-28 20:46:27,565 INFO c.h.h.t.HelmChartContainer - [K3S] [kubelet_volumes.go:163] "Cleaned up orphaned pod volumes dir" podUID="7f3bf99f-d04b-461f-a7f8-7580f759ff84" path="/var/lib/kubelet/pods/7f3bf99f-d04b-461f-a7f8-7580f759ff84/volumes"
2025-01-28 20:46:27,565 INFO c.h.h.t.HelmChartContainer - [K3S] [kubelet_volumes.go:163] "Cleaned up orphaned pod volumes dir" podUID="e9d383ff-7f49-4cc5-986f-5e21167c7482" path="/var/lib/kubelet/pods/e9d383ff-7f49-4cc5-986f-5e21167c7482/volumes"
2025-01-28 20:46:32,029 INFO c.h.h.t.HelmChartContainer - Namespace 'helmextensionpriorityit' deleted
2025-01-28 20:46:32,029 INFO c.h.h.t.HelmChartContainer - Release 'test-hivemq-platform' in namespace 'helmextensionpriorityit' is uninstalled
2025-01-28 20:46:32,029 INFO c.h.h.t.HelmChartContainer - Uninstalling release 'test-hivemq-platform-operator' in namespace 'helmextensionpriorityit-operator'...
2025-01-28 20:46:32,029 DEBUG c.h.h.t.HelmChartContainer - Executing helm command: /bin/helm --kubeconfig /etc/rancher/k3s/k3s.yaml uninstall test-hivemq-platform-operator  --wait --timeout 5m0s --cascade foreground --namespace helmextensionpriorityit-operator
2025-01-28 20:46:32,193 INFO c.h.h.t.HelmChartContainer - [K3S] [replica_set.go:679] "Finished syncing" kind="ReplicaSet" key="helmextensionpriorityit-operator/hivemq-test-hivemq-platform-operator-6966f96d65" duration="4.566591ms"
2025-01-28 20:46:32,195 INFO c.h.h.t.HelmChartContainer - [K3S] [replica_set.go:679] "Finished syncing" kind="ReplicaSet" key="helmextensionpriorityit-operator/hivemq-test-hivemq-platform-operator-6966f96d65" duration="39.564µs"
2025-01-28 20:46:32,209 INFO c.h.h.t.HelmChartContainer - [POD] hivemq-test-hivemq-platform-operator-6966f96d65-7rf45 [8c19e5b5-44e2-410b-b24e-7b6417977dba] in helmextensionpriorityit-operator was MODIFIED
2025-01-28 20:46:32,228 INFO c.h.h.t.HelmChartContainer - [EVENT] Normal [Killing] Stopping container hivemq-platform-operator [helmextensionpriorityit-operator:hivemq-test-hivemq-platform-operator-6966f96d65-7rf45]
2025-01-28 20:46:32,228 INFO c.h.h.t.HelmChartContainer - Received Killing event for container hivemq-platform-operator in pod hivemq-test-hivemq-platform-operator-6966f96d65-7rf45 [8c19e5b5-44e2-410b-b24e-7b6417977dba]
2025-01-28 20:46:32,228 INFO c.h.h.t.HelmChartContainer - Container [hivemq-test-hivemq-platform-operator-6966f96d65-7rf45] [hivemq-platform-operator] [8c19e5b5-44e2-410b-b24e-7b6417977dba] was terminated
2025-01-28 20:46:32,228 INFO c.h.h.t.HelmChartContainer - Stopped log watcher for hivemq-platform-operator in pod hivemq-test-hivemq-platform-operator-6966f96d65-7rf45 [8c19e5b5-44e2-410b-b24e-7b6417977dba]
2025-01-28 20:46:32,237 INFO c.h.h.t.HelmChartContainer - [K3S] [replica_set.go:679] "Finished syncing" kind="ReplicaSet" key="helmextensionpriorityit-operator/hivemq-test-hivemq-platform-operator-6966f96d65" duration="22.688904ms"
2025-01-28 20:46:32,240 INFO c.h.h.t.HelmChartContainer - [K3S] [replica_set.go:679] "Finished syncing" kind="ReplicaSet" key="helmextensionpriorityit-operator/hivemq-test-hivemq-platform-operator-6966f96d65" duration="59.952µs"
2025-01-28 20:46:32,267 INFO c.h.h.t.HelmChartContainer - [hivemq-test-hivemq-platform] [hivemq-platform-operator] [8c19e5b5] 20:46:32.265 [application-shutdown-thread] INFO  c.h.p.o.HiveMQPlatformOperatorApplication - HiveMQ Platform Operator is stopping...
2025-01-28 20:46:32,268 INFO c.h.h.t.HelmChartContainer - [hivemq-test-hivemq-platform] [hivemq-platform-operator] [8c19e5b5] 20:46:32.266 [application-shutdown-thread] INFO  i.javaoperatorsdk.operator.Operator - Operator SDK 4.9.7 is shutting down...
2025-01-28 20:46:32,846 INFO c.h.h.t.HelmChartContainer - [K3S] [replica_set.go:679] "Finished syncing" kind="ReplicaSet" key="helmextensionpriorityit-operator/hivemq-test-hivemq-platform-operator-6966f96d65" duration="44.092µs"
2025-01-28 20:46:32,847 INFO c.h.h.t.HelmChartContainer - [POD] hivemq-test-hivemq-platform-operator-6966f96d65-7rf45 [8c19e5b5-44e2-410b-b24e-7b6417977dba] in helmextensionpriorityit-operator was MODIFIED
2025-01-28 20:46:33,020 INFO c.h.h.t.HelmChartContainer - [K3S] [reconciler_common.go:162] "operationExecutor.UnmountVolume started for volume \"kube-api-access-spp7x\" (UniqueName: \"kubernetes.io/projected/8c19e5b5-44e2-410b-b24e-7b6417977dba-kube-api-access-spp7x\") pod \"8c19e5b5-44e2-410b-b24e-7b6417977dba\" (UID: \"8c19e5b5-44e2-410b-b24e-7b6417977dba\") "
2025-01-28 20:46:33,120 INFO c.h.h.t.HelmChartContainer - [K3S] [reconciler_common.go:299] "Volume detached for volume \"kube-api-access-spp7x\" (UniqueName: \"kubernetes.io/projected/8c19e5b5-44e2-410b-b24e-7b6417977dba-kube-api-access-spp7x\") on node \"f5e8ff193853\" DevicePath \"\""
2025-01-28 20:46:33,178 INFO c.h.h.t.HelmChartContainer - [K3S] [scope.go:117] "RemoveContainer" containerID="42c9f9c601806faf835868f24c0a977a27a922005cbf74d2d08cd092cad056d0"
2025-01-28 20:46:33,182 INFO c.h.h.t.HelmChartContainer - [K3S] [scope.go:117] "RemoveContainer" containerID="42c9f9c601806faf835868f24c0a977a27a922005cbf74d2d08cd092cad056d0"
2025-01-28 20:46:33,190 INFO c.h.h.t.HelmChartContainer - [K3S] [replica_set.go:679] "Finished syncing" kind="ReplicaSet" key="helmextensionpriorityit-operator/hivemq-test-hivemq-platform-operator-6966f96d65" duration="43.361µs"
2025-01-28 20:46:33,191 INFO c.h.h.t.HelmChartContainer - [POD] hivemq-test-hivemq-platform-operator-6966f96d65-7rf45 [8c19e5b5-44e2-410b-b24e-7b6417977dba] in helmextensionpriorityit-operator was MODIFIED
2025-01-28 20:46:33,193 INFO c.h.h.t.HelmChartContainer - [POD] hivemq-test-hivemq-platform-operator-6966f96d65-7rf45 [8c19e5b5-44e2-410b-b24e-7b6417977dba] in helmextensionpriorityit-operator was DELETED
2025-01-28 20:46:33,194 INFO c.h.h.t.HelmChartContainer - [K3S] [replica_set.go:679] "Finished syncing" kind="ReplicaSet" key="helmextensionpriorityit-operator/hivemq-test-hivemq-platform-operator-6966f96d65" duration="29.816µs"
2025-01-28 20:46:33,202 INFO c.h.h.t.HelmChartContainer - [K3S] [replica_set.go:679] "Finished syncing" kind="ReplicaSet" key="helmextensionpriorityit-operator/hivemq-test-hivemq-platform-operator-6966f96d65" duration="5.019µs"
2025-01-28 20:46:33,565 INFO c.h.h.t.HelmChartContainer - [K3S] [kubelet_volumes.go:163] "Cleaned up orphaned pod volumes dir" podUID="8c19e5b5-44e2-410b-b24e-7b6417977dba" path="/var/lib/kubelet/pods/8c19e5b5-44e2-410b-b24e-7b6417977dba/volumes"
2025-01-28 20:46:34,233 INFO c.h.h.t.HelmChartContainer - Deleting namespace 'helmextensionpriorityit-operator'...
2025-01-28 20:46:36,973 INFO c.h.h.t.HelmChartContainer - [K3S] [namespace_controller.go:187] "Namespace has been deleted" namespace="helmextensionpriorityit"
2025-01-28 20:46:39,449 INFO c.h.h.t.HelmChartContainer - Namespace 'helmextensionpriorityit-operator' deleted
2025-01-28 20:46:39,450 INFO c.h.h.t.HelmChartContainer - Release 'test-hivemq-platform-operator' in namespace 'helmextensionpriorityit-operator' is uninstalled
2025-01-28 20:46:40,086 INFO c.h.helmcharts.AbstractHelmChartIT - Removed unused containers:

2025-01-28 20:46:44,369 INFO c.h.h.t.HelmChartContainer - [K3S] [namespace_controller.go:187] "Namespace has been deleted" namespace="helmextensionpriorityit-operator"
2025-01-28 20:46:48,605 INFO c.h.helmcharts.AbstractHelmChartIT - Removed unused snapshots:
Removing snapshot sha256:03af251906410714c5aef9fa705b63f6bbc39c4a5e787de7361eeb18886c2ed2
Removing snapshot sha256:0c46b3b43cce082ce5ec34ffc6c294e0417d17b9d1e6f366d114b6aadc4f96dc
Removing snapshot sha256:0ce761beee59082d6ed5bcebd3a805b8ddd9b3426b617e4809e7fb7c6587ffec
Removing snapshot sha256:0df91287303208332c8ff6ba40ae4710105201739addbfbddfb955f1ad593664
Removing snapshot sha256:1021ef88c7974bfff89c5a0ec4fd3160daac6c48a075f74cff721f85dd104e68
Removing snapshot sha256:10aba4953ddc18145dd38e3704709bc464aa20af60b56fe52caaff4b68411e62
Removing snapshot sha256:2573e0d8158209ed54ab25c87bcdcb00bd3d2539246960a3d592a1c599d70465
Removing snapshot sha256:35104894c593e64308492be7ca04146bdaf0df3382478a1edfbf65331166e65a
Removing snapshot sha256:362a8a37f8bbc31925a8146adcf7cf51f9882f5c1dcbef67c5baa03a297543c0
Removing snapshot sha256:43a7c979bbaba6838bc3102d6b10a1459f3ab050b87ccdfef84ef90cf43d3058
Removing snapshot sha256:4ab04491cdf0d3267f08206fe30bd48f49f94b9cab2f016d6739220f722a64af
Removing snapshot sha256:4b6068250e89c96f263060261819c7d912855bfbd64b3eb4c4a8483299b8c295
Removing snapshot sha256:580e69a0a8034ede1921139bbd2bfb72a69ebf276d008281896c32dd8bf74775
Removing snapshot sha256:5d30ba46b27fe37484567ccc5242cadc78217b8da605f3f195ef25cbf7487904
Removing snapshot sha256:5ec183755d09a0a54d0f83e5a705f28f1606fe75660c13148fe125e4f12af39f
Removing snapshot sha256:63ca1fbb43ae5034640e5e6cb3e083e05c290072c5366fcaa9d62435a4cced85
Removing snapshot sha256:67f702c6baae873bceb19487c8b1f27bd2b86077e4f2f0e480e6d60ab508b8f5
Removing snapshot sha256:6864348dd42806d552efdec384f1274be15e2d0c10ce44c1f04347af004c10a9
Removing snapshot sha256:6c7dee8f2c39b84b7dc2711c01d33de93514d9055499173e9290176fbe484b6c
Removing snapshot sha256:82753493a6d61ded36556292f02f31841a14c20d2f279f19eaad65afb661d5cd
Removing snapshot sha256:8a10d3db42c505ee0fcfa98417bdd7e39b304f6bcc0a06bb1b220797ff2cc63c
Removing snapshot sha256:8ad081ee0d46efdea0492cd0bb527c50a8891276fd408ec1269522ac9d6d5580
Removing snapshot sha256:a0904247e36a7726c03c71ee48f3e64462021c88dafeb13f37fdaf613b27f11c
Removing snapshot sha256:a21e5b12dbac529ad45d976eb9ce45c881f3bedcc500fb30aba1e52aa1813418
Removing snapshot sha256:a7ba14b25f611ce0c4360b1588a6ab1c665d67b2dd4deb1a9d3c44b0ddb319f0
Removing snapshot sha256:a8d62a6e94dbe8920ecfafa3b3aff0ef70aa26ca929f90b110db998eec09bab5
Removing snapshot sha256:ad858b4eee2d8f479065d1b8c650e13c815e75b2e4503c05a67cdc8880b0975a
Removing snapshot sha256:b921e6c28969094157f9b8e7244677780319637afd14450b7cb6b2fdea558a0c
Removing snapshot sha256:bc27ecb5769a00e309cf99ebc763c4a4b958b618d1decc96ffac5bc05f02f5b7
Removing snapshot sha256:be3ccb6627a5332e309d45ef461d09b4879dd870c7394d89323d0ebc6ca6aa8a
Removing snapshot sha256:c261f7cbbc64211ee175ee47273acdb7b1a36a4450b397a064a8f2c026490095
Removing snapshot sha256:c34d9393647eea0c9e3557ab988efaf59f61d10a2a5613b439ef0958cca5ec10
Removing snapshot sha256:ccf3c4a0fa967a41c1c83497a2ce6fa5787965859df0adb32c4ca2cf7490bc2b
Removing snapshot sha256:cf92d33f869417309692088c341cd0f223c178ea78a125f757317b22aa8f90e9
Removing snapshot sha256:d0037344cf2fb078884f1849f6a1f8cf9a33a3b6139b6a85833e5ee528e1f9a8
Removing snapshot sha256:d3b36d5b79273b1e98e7700470eaeff05a882e777124d84cebcc1505b85ecb36
Removing snapshot sha256:d65a44a37914602d12c611e5e22a50f11451d847e63015cc1c2aef92dee777a4
Removing snapshot sha256:e2dc0bae2455930f23ae570e019b7f32edc75c0f2d71cab084db837ff9051796
Removing snapshot sha256:eccbd24a99c60cd9e86ee5305dbfc4a4dc89f5ab4fb1f06c8d64797cecedef34
Removing snapshot sha256:f144bb4c7c7f0d2aa7eeffd36d934ec40db1ee167be727e326aad9fdc616f475

]]></system-out>
  </testcase>
  <system-out><![CDATA[2025-01-28 20:44:42,548 INFO c.h.h.t.HelmChartContainerExtension - Using cached HelmChartContainer instance
]]></system-out>
  <system-err><![CDATA[]]></system-err>
</testsuite>
