<?xml version="1.0" encoding="UTF-8"?>
<testsuite name="com.hivemq.helmcharts.EseExtensionInstallationIT" tests="1" skipped="0" failures="0" errors="0" timestamp="2025-08-20T12:57:22" hostname="pkrvmubgrv54qmi" time="210.316">
  <properties/>
  <testcase name="withExtensionConfiguration_hivemqRunning()" classname="com.hivemq.helmcharts.EseExtensionInstallationIT" time="210.316"/>
</testsuite>
