<?xml version="1.0" encoding="UTF-8"?>
<testsuite name="com.hivemq.helmcharts.platform.HelmRollingUpgradePlatformIT" tests="1" skipped="0" failures="0" errors="0" timestamp="2025-07-01T12:03:46" hostname="fv-az791-139" time="220.313">
  <properties/>
  <testcase name="withPreviousPlatformInstalled_upgradeToLatestChartVersion()" classname="com.hivemq.helmcharts.platform.HelmRollingUpgradePlatformIT" time="220.313"/>
</testsuite>
