<?xml version="1.0" encoding="UTF-8"?>
<testsuite name="com.hivemq.helmcharts.operator.CustomOperatorSelectorsIT" tests="1" skipped="0" failures="0" errors="0" timestamp="2025-07-01T08:28:37" hostname="fv-az1340-324" time="96.241">
  <properties/>
  <testcase name="whenOperatorSelectorIsConfigured_thenOnlyMatchingCustomResourcesAreReconciled()" classname="com.hivemq.helmcharts.operator.CustomOperatorSelectorsIT" time="96.241"/>
</testsuite>
