<?xml version="1.0" encoding="UTF-8"?>
<testsuite name="com.hivemq.helmcharts.CompatibilityHelmChartDeploymentIT" tests="1" skipped="0" failures="0" errors="0" timestamp="2025-07-24T07:08:38" hostname="pkrvmpptgkbjq6m" time="144.212">
  <properties/>
  <testcase name="withHelmLocalVersionDeployment_mqttMessagePublishedReceived()" classname="com.hivemq.helmcharts.CompatibilityHelmChartDeploymentIT" time="144.212"/>
</testsuite>
