<?xml version="1.0" encoding="UTF-8"?>
<testsuite name="com.hivemq.helmcharts.platform.HelmCustomSecretConfigIT" tests="2" skipped="0" failures="0" errors="0" timestamp="2025-06-13T13:18:45" hostname="fv-az1316-571" time="265.324">
  <properties/>
  <testcase name="withExistingSecret_hivemqRunning()" classname="com.hivemq.helmcharts.platform.HelmCustomSecretConfigIT" time="132.355"/>
  <testcase name="withSecretConfig_hivemqRunning()" classname="com.hivemq.helmcharts.platform.HelmCustomSecretConfigIT" time="132.969"/>
</testsuite>
