<?xml version="1.0" encoding="UTF-8"?>
<testsuite name="com.hivemq.helmcharts.operator.CustomOperatorSelectorIT" tests="1" skipped="0" failures="0" errors="0" timestamp="2025-08-04T21:26:33" hostname="pkrvmjbmru5nbw0" time="95.923">
  <properties/>
  <testcase name="whenOperatorSelectorIsConfigured_thenOnlyMatchingCustomResourcesAreReconciled()" classname="com.hivemq.helmcharts.operator.CustomOperatorSelectorIT" time="95.923"/>
</testsuite>
