<?xml version="1.0" encoding="UTF-8"?>
<testsuite name="com.hivemq.helmcharts.platform.UpdateLogLevelIT" tests="2" skipped="0" failures="0" errors="0" timestamp="2025-01-29T13:57:05" hostname="fv-az1921-904" time="310.224">
  <properties/>
  <testcase name="1 withNamespaces: true" classname="com.hivemq.helmcharts.platform.UpdateLogLevelIT" time="154.707">
    <system-out><![CDATA[2025-01-29 13:57:05,856 INFO c.h.h.t.HelmChartContainer - Creating namespace 'updateloglevelit-operator'...
2025-01-29 13:57:05,863 INFO c.h.h.t.HelmChartContainer - Namespace 'updateloglevelit-operator' created
2025-01-29 13:57:05,863 INFO c.h.h.t.HelmChartContainer - Creating namespace 'updateloglevelit'...
2025-01-29 13:57:05,870 INFO c.h.h.t.HelmChartContainer - Namespace 'updateloglevelit' created
2025-01-29 13:57:05,949 DEBUG c.h.h.t.HelmChartContainer - Executing helm command: /bin/helm --kubeconfig /etc/rancher/k3s/k3s.yaml install test-hivemq-platform-operator /charts/hivemq-platform-operator --wait --timeout 5m0s --set image.repository=docker.io/hivemq --set image.name=hivemq-platform-operator-test --set image.initImageName=hivemq-platform-operator-init-test --set image.tag=snapshot --set image.pullPolicy=Never --set logLevel=DEBUG --set resources.cpu=512m --set namespaces=updateloglevelit --namespace updateloglevelit-operator
2025-01-29 13:57:06,294 INFO c.h.h.t.HelmChartContainer - [K3S] [alloc.go:330] "allocated clusterIPs" service="updateloglevelit-operator/hivemq-platform-operator-test-hivemq-platform-operator" clusterIPs={"IPv4":"10.43.243.216"}
2025-01-29 13:57:06,324 INFO c.h.h.t.HelmChartContainer - [EVENT] Normal [ScalingReplicaSet] Scaled up replica set hivemq-test-hivemq-platform-operator-7764645b48 from 0 to 1 [updateloglevelit-operator:hivemq-test-hivemq-platform-operator]
2025-01-29 13:57:06,332 INFO c.h.h.t.HelmChartContainer - [POD] hivemq-test-hivemq-platform-operator-7764645b48-s6ksg [16714659-3245-4014-b499-0e044cb3f196] in updateloglevelit-operator was ADDED
2025-01-29 13:57:06,343 INFO c.h.h.t.HelmChartContainer - [POD] hivemq-test-hivemq-platform-operator-7764645b48-s6ksg [16714659-3245-4014-b499-0e044cb3f196] in updateloglevelit-operator was MODIFIED
2025-01-29 13:57:06,350 INFO c.h.h.t.HelmChartContainer - [EVENT] Normal [SuccessfulCreate] Created pod: hivemq-test-hivemq-platform-operator-7764645b48-s6ksg [updateloglevelit-operator:hivemq-test-hivemq-platform-operator-7764645b48]
2025-01-29 13:57:06,351 INFO c.h.h.t.HelmChartContainer - [K3S] [memory_manager.go:355] "RemoveStaleState removing state" podUID="35fc27ce-184f-47f2-a592-59b959c9e598" containerName="hivemq-platform-operator"
2025-01-29 13:57:06,351 INFO c.h.h.t.HelmChartContainer - [K3S] [memory_manager.go:355] "RemoveStaleState removing state" podUID="d2372210-a213-4088-af2d-81952a162229" containerName="hivemq"
2025-01-29 13:57:06,351 INFO c.h.h.t.HelmChartContainer - [K3S] [replica_set.go:679] "Finished syncing" kind="ReplicaSet" key="updateloglevelit-operator/hivemq-test-hivemq-platform-operator-7764645b48" duration="42.738751ms"
2025-01-29 13:57:06,352 INFO c.h.h.t.HelmChartContainer - [EVENT] Normal [Scheduled] Successfully assigned updateloglevelit-operator/hivemq-test-hivemq-platform-operator-7764645b48-s6ksg to 733f751f2ac3 [updateloglevelit-operator:hivemq-test-hivemq-platform-operator-7764645b48-s6ksg]
2025-01-29 13:57:06,366 INFO c.h.h.t.HelmChartContainer - [K3S] [replica_set.go:679] "Finished syncing" kind="ReplicaSet" key="updateloglevelit-operator/hivemq-test-hivemq-platform-operator-7764645b48" duration="15.347883ms"
2025-01-29 13:57:06,366 INFO c.h.h.t.HelmChartContainer - [K3S] [replica_set.go:679] "Finished syncing" kind="ReplicaSet" key="updateloglevelit-operator/hivemq-test-hivemq-platform-operator-7764645b48" duration="39.454µs"
2025-01-29 13:57:06,369 INFO c.h.h.t.HelmChartContainer - [K3S] [replica_set.go:679] "Finished syncing" kind="ReplicaSet" key="updateloglevelit-operator/hivemq-test-hivemq-platform-operator-7764645b48" duration="63.408µs"
2025-01-29 13:57:06,370 INFO c.h.h.t.HelmChartContainer - [POD] hivemq-test-hivemq-platform-operator-7764645b48-s6ksg [16714659-3245-4014-b499-0e044cb3f196] in updateloglevelit-operator was MODIFIED
2025-01-29 13:57:06,441 INFO c.h.h.t.HelmChartContainer - [K3S] [reconciler_common.go:251] "operationExecutor.VerifyControllerAttachedVolume started for volume \"kube-api-access-z46mt\" (UniqueName: \"kubernetes.io/projected/16714659-3245-4014-b499-0e044cb3f196-kube-api-access-z46mt\") pod \"hivemq-test-hivemq-platform-operator-7764645b48-s6ksg\" (UID: \"16714659-3245-4014-b499-0e044cb3f196\") " pod="updateloglevelit-operator/hivemq-test-hivemq-platform-operator-7764645b48-s6ksg"
2025-01-29 13:57:06,739 INFO c.h.h.t.HelmChartContainer - [EVENT] Normal [Pulled] Container image "docker.io/hivemq/hivemq-platform-operator-test:snapshot" already present on machine [updateloglevelit-operator:hivemq-test-hivemq-platform-operator-7764645b48-s6ksg]
2025-01-29 13:57:06,739 INFO c.h.h.t.HelmChartContainer - Received Pulled event for container hivemq-platform-operator in pod hivemq-test-hivemq-platform-operator-7764645b48-s6ksg [16714659-3245-4014-b499-0e044cb3f196]
2025-01-29 13:57:07,997 INFO c.h.h.t.HelmChartContainer - [EVENT] Normal [Created] Created container: hivemq-platform-operator [updateloglevelit-operator:hivemq-test-hivemq-platform-operator-7764645b48-s6ksg]
2025-01-29 13:57:07,997 INFO c.h.h.t.HelmChartContainer - Received Created event for container hivemq-platform-operator in pod hivemq-test-hivemq-platform-operator-7764645b48-s6ksg [16714659-3245-4014-b499-0e044cb3f196]
2025-01-29 13:57:08,393 INFO c.h.h.t.HelmChartContainer - [K3S] [replica_set.go:679] "Finished syncing" kind="ReplicaSet" key="updateloglevelit-operator/hivemq-test-hivemq-platform-operator-7764645b48" duration="37.541µs"
2025-01-29 13:57:08,396 INFO c.h.h.t.HelmChartContainer - [POD] hivemq-test-hivemq-platform-operator-7764645b48-s6ksg [16714659-3245-4014-b499-0e044cb3f196] in updateloglevelit-operator was MODIFIED
2025-01-29 13:57:08,403 INFO c.h.h.t.HelmChartContainer - [EVENT] Normal [Started] Started container hivemq-platform-operator [updateloglevelit-operator:hivemq-test-hivemq-platform-operator-7764645b48-s6ksg]
2025-01-29 13:57:08,403 INFO c.h.h.t.HelmChartContainer - Received Started event for container hivemq-platform-operator in pod hivemq-test-hivemq-platform-operator-7764645b48-s6ksg [16714659-3245-4014-b499-0e044cb3f196]
2025-01-29 13:57:08,403 INFO c.h.h.t.HelmChartContainer - Started log watcher for hivemq-platform-operator in pod hivemq-test-hivemq-platform-operator-7764645b48-s6ksg [16714659-3245-4014-b499-0e044cb3f196]
2025-01-29 13:57:08,404 INFO c.h.h.t.HelmChartContainer - [hivemq-test-hivemq-platform] [hivemq-platform-operator] [16714659] -------------------------------------------------------------------------
2025-01-29 13:57:08,404 INFO c.h.h.t.HelmChartContainer - [hivemq-test-hivemq-platform] [hivemq-platform-operator] [16714659] 
2025-01-29 13:57:08,404 INFO c.h.h.t.HelmChartContainer - [hivemq-test-hivemq-platform] [hivemq-platform-operator] [16714659]                   _    _  _              __  __   ____
2025-01-29 13:57:08,404 INFO c.h.h.t.HelmChartContainer - [hivemq-test-hivemq-platform] [hivemq-platform-operator] [16714659]                  | |  | |(_)            |  \/  | / __ \
2025-01-29 13:57:08,404 INFO c.h.h.t.HelmChartContainer - [hivemq-test-hivemq-platform] [hivemq-platform-operator] [16714659]                  | |__| | _ __   __ ___ | \  / || |  | |
2025-01-29 13:57:08,404 INFO c.h.h.t.HelmChartContainer - [hivemq-test-hivemq-platform] [hivemq-platform-operator] [16714659]                  |  __  || |\ \ / // _ \| |\/| || |  | |
2025-01-29 13:57:08,404 INFO c.h.h.t.HelmChartContainer - [hivemq-test-hivemq-platform] [hivemq-platform-operator] [16714659]                  | |  | || | \ V /|  __/| |  | || |__| |
2025-01-29 13:57:08,404 INFO c.h.h.t.HelmChartContainer - [hivemq-test-hivemq-platform] [hivemq-platform-operator] [16714659]                  |_|  |_||_|  \_/  \___||_|  |_| \___\_\
2025-01-29 13:57:08,404 INFO c.h.h.t.HelmChartContainer - [hivemq-test-hivemq-platform] [hivemq-platform-operator] [16714659] 
2025-01-29 13:57:08,404 INFO c.h.h.t.HelmChartContainer - [hivemq-test-hivemq-platform] [hivemq-platform-operator] [16714659] -------------------------------------------------------------------------
2025-01-29 13:57:08,404 INFO c.h.h.t.HelmChartContainer - [hivemq-test-hivemq-platform] [hivemq-platform-operator] [16714659] 
2025-01-29 13:57:08,404 INFO c.h.h.t.HelmChartContainer - [hivemq-test-hivemq-platform] [hivemq-platform-operator] [16714659]   HiveMQ Platform Operator Start Script v1.0
2025-01-29 13:57:08,404 INFO c.h.h.t.HelmChartContainer - [hivemq-test-hivemq-platform] [hivemq-platform-operator] [16714659] 
2025-01-29 13:57:08,404 INFO c.h.h.t.HelmChartContainer - [hivemq-test-hivemq-platform] [hivemq-platform-operator] [16714659] -------------------------------------------------------------------------
2025-01-29 13:57:08,404 INFO c.h.h.t.HelmChartContainer - [hivemq-test-hivemq-platform] [hivemq-platform-operator] [16714659] 
2025-01-29 13:57:08,404 INFO c.h.h.t.HelmChartContainer - [hivemq-test-hivemq-platform] [hivemq-platform-operator] [16714659]   JAVA_OPTS: -XX:+UnlockExperimentalVMOptions -XX:InitialRAMPercentage=75 -XX:MaxRAMPercentage=75 -Duser.language=en -Duser.region=US
2025-01-29 13:57:08,404 INFO c.h.h.t.HelmChartContainer - [hivemq-test-hivemq-platform] [hivemq-platform-operator] [16714659] 
2025-01-29 13:57:08,404 INFO c.h.h.t.HelmChartContainer - [hivemq-test-hivemq-platform] [hivemq-platform-operator] [16714659]   JAVA_VERSION: 21
2025-01-29 13:57:08,404 INFO c.h.h.t.HelmChartContainer - [hivemq-test-hivemq-platform] [hivemq-platform-operator] [16714659] 
2025-01-29 13:57:08,404 INFO c.h.h.t.HelmChartContainer - [hivemq-test-hivemq-platform] [hivemq-platform-operator] [16714659] -------------------------------------------------------------------------
2025-01-29 13:57:08,404 INFO c.h.h.t.HelmChartContainer - [hivemq-test-hivemq-platform] [hivemq-platform-operator] [16714659] 
2025-01-29 13:57:11,273 INFO c.h.h.t.HelmChartContainer - [hivemq-test-hivemq-platform] [hivemq-platform-operator] [16714659] 13:57:11.269 [main] DEBUG org.jboss.logging - Logging Provider: org.jboss.logging.Slf4jLoggerProvider
2025-01-29 13:57:11,458 INFO c.h.h.t.HelmChartContainer - [hivemq-test-hivemq-platform] [hivemq-platform-operator] [16714659] 13:57:11.457 [main] DEBUG io.smallrye.config - SRCFG01006: Loaded ConfigSource SysPropConfigSource with ordinal 400
2025-01-29 13:57:11,458 INFO c.h.h.t.HelmChartContainer - [hivemq-test-hivemq-platform] [hivemq-platform-operator] [16714659] 13:57:11.457 [main] DEBUG io.smallrye.config - SRCFG01006: Loaded ConfigSource EnvConfigSource with ordinal 300
2025-01-29 13:57:11,459 INFO c.h.h.t.HelmChartContainer - [hivemq-test-hivemq-platform] [hivemq-platform-operator] [16714659] 13:57:11.457 [main] DEBUG io.smallrye.config - SRCFG01006: Loaded ConfigSource PropertiesConfigSource[source=jar:file:///opt/hivemq-platform-operator/bin/hivemq-platform-operator.jar!/hivemq-platform-operator.properties] with ordinal 100
2025-01-29 13:57:11,459 INFO c.h.h.t.HelmChartContainer - [hivemq-test-hivemq-platform] [hivemq-platform-operator] [16714659] 13:57:11.457 [main] DEBUG io.smallrye.config - SRCFG01006: Loaded ConfigSource DefaultValuesConfigSource with ordinal -2147483648
2025-01-29 13:57:11,564 INFO c.h.h.t.HelmChartContainer - [hivemq-test-hivemq-platform] [hivemq-platform-operator] [16714659] 13:57:11.563 [main] DEBUG i.m.c.u.i.l.InternalLoggerFactory - Using SLF4J as the default logging framework
2025-01-29 13:57:11,757 INFO c.h.h.t.HelmChartContainer - [hivemq-test-hivemq-platform] [hivemq-platform-operator] [16714659] 13:57:11.669 [main] INFO  c.h.p.o.HiveMQPlatformOperatorApplication - HiveMQ Platform Operator 1.7.0-SNAPSHOT (commit: bebf408 on branch: HEAD) built on Sun Jan 26 20:47:47 UTC 2025
2025-01-29 13:57:11,758 INFO c.h.h.t.HelmChartContainer - [hivemq-test-hivemq-platform] [hivemq-platform-operator] [16714659] 13:57:11.756 [main] INFO  c.h.p.o.HiveMQPlatformOperatorApplication - HiveMQ Platform Operator is running in namespace: updateloglevelit-operator
2025-01-29 13:57:11,758 INFO c.h.h.t.HelmChartContainer - [hivemq-test-hivemq-platform] [hivemq-platform-operator] [16714659] 13:57:11.756 [main] INFO  c.h.p.o.HiveMQPlatformOperatorApplication - Watching namespaces: updateloglevelit
2025-01-29 13:57:11,758 INFO c.h.h.t.HelmChartContainer - [hivemq-test-hivemq-platform] [hivemq-platform-operator] [16714659] 13:57:11.756 [main] INFO  c.h.p.o.HiveMQPlatformOperatorApplication - Log level: DEBUG
2025-01-29 13:57:11,758 INFO c.h.h.t.HelmChartContainer - [hivemq-test-hivemq-platform] [hivemq-platform-operator] [16714659] 13:57:11.756 [main] INFO  c.h.p.o.HiveMQPlatformOperatorApplication - Release name: test-hivemq-platform-operator
2025-01-29 13:57:11,758 INFO c.h.h.t.HelmChartContainer - [hivemq-test-hivemq-platform] [hivemq-platform-operator] [16714659] 13:57:11.756 [main] INFO  c.h.p.o.HiveMQPlatformOperatorApplication - HiveMQ Platform Operator Init image: docker.io/hivemq/hivemq-platform-operator-init-test:snapshot
2025-01-29 13:57:11,758 INFO c.h.h.t.HelmChartContainer - [hivemq-test-hivemq-platform] [hivemq-platform-operator] [16714659] 13:57:11.756 [main] INFO  c.h.p.o.HiveMQPlatformOperatorApplication - HiveMQ Platform Operator Init App update URL: http://hivemq-platform-operator-test-hivemq-platform-operator.updateloglevelit-operator.svc:8080/initAppUpdate/hivemq-platform-operator-init-app-1.7.0-SNAPSHOT.jar
2025-01-29 13:57:11,759 INFO c.h.h.t.HelmChartContainer - [hivemq-test-hivemq-platform] [hivemq-platform-operator] [16714659] 13:57:11.757 [main] INFO  c.h.p.o.HiveMQPlatformOperatorApplication - Additional imagePullSecret for all Platform deployments: none
2025-01-29 13:57:11,759 INFO c.h.h.t.HelmChartContainer - [hivemq-test-hivemq-platform] [hivemq-platform-operator] [16714659] 13:57:11.757 [main] INFO  c.h.p.o.HiveMQPlatformOperatorApplication - Apply HiveMQ Platform CRD: true
2025-01-29 13:57:11,759 INFO c.h.h.t.HelmChartContainer - [hivemq-test-hivemq-platform] [hivemq-platform-operator] [16714659] 13:57:11.757 [main] INFO  c.h.p.o.HiveMQPlatformOperatorApplication - Create Platform ServiceAccount: true
2025-01-29 13:57:11,759 INFO c.h.h.t.HelmChartContainer - [hivemq-test-hivemq-platform] [hivemq-platform-operator] [16714659] 13:57:11.757 [main] INFO  c.h.p.o.HiveMQPlatformOperatorApplication - Create Platform ServiceAccount permissions: true
2025-01-29 13:57:11,759 INFO c.h.h.t.HelmChartContainer - [hivemq-test-hivemq-platform] [hivemq-platform-operator] [16714659] 13:57:11.757 [main] INFO  c.h.p.o.HiveMQPlatformOperatorApplication - Validate Platform ServiceAccount: true
2025-01-29 13:57:11,759 INFO c.h.h.t.HelmChartContainer - [hivemq-test-hivemq-platform] [hivemq-platform-operator] [16714659] 13:57:11.757 [main] INFO  c.h.p.o.HiveMQPlatformOperatorApplication - Validate Platform ServiceAccount permissions: true
2025-01-29 13:57:11,877 INFO c.h.h.t.HelmChartContainer - [hivemq-test-hivemq-platform] [hivemq-platform-operator] [16714659] 13:57:11.876 [main] INFO  c.h.platform.operator.util.CRDUtil - Verifying deployed HiveMQ Platform CRD...
2025-01-29 13:57:14,460 INFO c.h.h.t.HelmChartContainer - [hivemq-test-hivemq-platform] [hivemq-platform-operator] [16714659] 13:57:14.459 [main] DEBUG c.h.platform.operator.util.CRDUtil - HiveMQ Platform CRD version v1 is up to date
2025-01-29 13:57:14,461 INFO c.h.h.t.HelmChartContainer - [hivemq-test-hivemq-platform] [hivemq-platform-operator] [16714659] 13:57:14.459 [main] INFO  c.h.platform.operator.util.CRDUtil - HiveMQ Platform CRD is up to date (version: V1_6_0)
2025-01-29 13:57:14,461 INFO c.h.h.t.HelmChartContainer - [hivemq-test-hivemq-platform] [hivemq-platform-operator] [16714659] 13:57:14.459 [main] INFO  c.h.platform.operator.util.CRDUtil - Waiting 10000 ms for HiveMQ Platform CRD 'hivemq-platforms.hivemq.com' to become ready...
2025-01-29 13:57:14,857 INFO c.h.h.t.HelmChartContainer - [hivemq-test-hivemq-platform] [hivemq-platform-operator] [16714659] 13:57:14.855 [vert.x-eventloop-thread-1] DEBUG c.h.platform.operator.util.CRDUtil - Checking CRD condition 'NamesAccepted' (status: 'True')
2025-01-29 13:57:14,858 INFO c.h.h.t.HelmChartContainer - [hivemq-test-hivemq-platform] [hivemq-platform-operator] [16714659] 13:57:14.856 [vert.x-eventloop-thread-1] DEBUG c.h.platform.operator.util.CRDUtil - Checking CRD condition 'Established' (status: 'True')
2025-01-29 13:57:14,859 INFO c.h.h.t.HelmChartContainer - [hivemq-test-hivemq-platform] [hivemq-platform-operator] [16714659] 13:57:14.856 [main] INFO  c.h.platform.operator.util.CRDUtil - HiveMQ Platform CRD 'hivemq-platforms.hivemq.com' is ready
2025-01-29 13:57:14,974 INFO c.h.h.t.HelmChartContainer - [hivemq-test-hivemq-platform] [hivemq-platform-operator] [16714659] 13:57:14.973 [main] INFO  c.h.p.o.HiveMQPlatformReconciler - HiveMQ Platform Operator is starting...
2025-01-29 13:57:15,077 INFO c.h.h.t.HelmChartContainer - [hivemq-test-hivemq-platform] [hivemq-platform-operator] [16714659] 13:57:15.076 [main] WARN  Default ConfigurationService implementation - Configuration for reconciler 'hivemq-controller' was not found. Known reconcilers: None.
2025-01-29 13:57:15,161 INFO c.h.h.t.HelmChartContainer - [hivemq-test-hivemq-platform] [hivemq-platform-operator] [16714659] 13:57:15.160 [main] INFO  Default ConfigurationService implementation - Created configuration for reconciler com.hivemq.platform.operator.HiveMQPlatformReconciler with name hivemq-controller
2025-01-29 13:57:15,262 INFO c.h.h.t.HelmChartContainer - [hivemq-test-hivemq-platform] [hivemq-platform-operator] [16714659] 13:57:15.261 [main] DEBUG c.h.p.o.HiveMQPlatformReconciler - HiveMQ Platform Operator is preparing EventSources
2025-01-29 13:57:15,274 INFO c.h.h.t.HelmChartContainer - [hivemq-test-hivemq-platform] [hivemq-platform-operator] [16714659] 13:57:15.273 [main] INFO  i.javaoperatorsdk.operator.Operator - Registered reconciler: 'hivemq-controller' for resource: 'class com.hivemq.platform.operator.v1.HiveMQPlatform' for namespace(s): [updateloglevelit]
2025-01-29 13:57:15,862 INFO c.h.h.t.HelmChartContainer - [hivemq-test-hivemq-platform] [hivemq-platform-operator] [16714659] 13:57:15.861 [main] INFO  c.h.p.operator.webserver.JettyServer - Starting Jetty server on port 8080
2025-01-29 13:57:15,959 INFO c.h.h.t.HelmChartContainer - [hivemq-test-hivemq-platform] [hivemq-platform-operator] [16714659] 13:57:15.958 [main] INFO  i.javaoperatorsdk.operator.Operator - Operator SDK 4.9.7 (commit: 2133d28) built on Wed Nov 20 12:56:20 UTC 2024 starting...
2025-01-29 13:57:15,959 INFO c.h.h.t.HelmChartContainer - [hivemq-test-hivemq-platform] [hivemq-platform-operator] [16714659] 13:57:15.958 [main] INFO  i.javaoperatorsdk.operator.Operator - Client version: 6.13.4
2025-01-29 13:57:15,961 INFO c.h.h.t.HelmChartContainer - [hivemq-test-hivemq-platform] [hivemq-platform-operator] [16714659] 13:57:15.959 [Controller Starter for: hivemq-controller] INFO  i.j.operator.processing.Controller - Starting 'hivemq-controller' controller for reconciler: com.hivemq.platform.operator.HiveMQPlatformReconciler, resource: com.hivemq.platform.operator.v1.HiveMQPlatform
2025-01-29 13:57:18,162 INFO c.h.h.t.HelmChartContainer - [hivemq-test-hivemq-platform] [hivemq-platform-operator] [16714659] 13:57:18.160 [Controller Starter for: hivemq-controller] INFO  i.j.operator.processing.Controller - 'hivemq-controller' controller started
2025-01-29 13:57:18,162 INFO c.h.h.t.HelmChartContainer - [hivemq-test-hivemq-platform] [hivemq-platform-operator] [16714659] 13:57:18.161 [main] INFO  c.h.p.o.HiveMQPlatformOperatorApplication - HiveMQ Platform Operator 1.7.0-SNAPSHOT started in 6491 ms
2025-01-29 13:57:19,401 INFO c.h.h.t.HelmChartContainer - [POD] hivemq-test-hivemq-platform-operator-7764645b48-s6ksg [16714659-3245-4014-b499-0e044cb3f196] in updateloglevelit-operator was MODIFIED
2025-01-29 13:57:19,405 INFO c.h.h.t.HelmChartContainer - [K3S] [replica_set.go:679] "Finished syncing" kind="ReplicaSet" key="updateloglevelit-operator/hivemq-test-hivemq-platform-operator-7764645b48" duration="5.15536ms"
2025-01-29 13:57:19,405 INFO c.h.h.t.HelmChartContainer - [K3S] [replica_set.go:679] "Finished syncing" kind="ReplicaSet" key="updateloglevelit-operator/hivemq-test-hivemq-platform-operator-7764645b48" duration="25.086µs"
2025-01-29 13:57:20,364 INFO com.hivemq.helmcharts.util.K8sUtil - Pod 'hivemq-test-hivemq-platform-operator-7764645b48-s6ksg' is ready
2025-01-29 13:57:20,427 DEBUG c.h.h.t.HelmChartContainer - Executing helm command: /bin/helm --kubeconfig /etc/rancher/k3s/k3s.yaml install test-hivemq-platform /charts/hivemq-platform --wait --timeout 5m0s --set image.repository=docker.io/hivemq --set image.tag=4.36.0 --set image.pullPolicy=Never --set nodes.resources.cpu=512m -f /files/platform-values.yaml --namespace updateloglevelit
2025-01-29 13:57:21,765 INFO c.h.h.t.HelmChartContainer - [hivemq-test-hivemq-platform] [hivemq-platform-operator] [16714659] 13:57:21.763 [pool-6-thread-3] DEBUG c.h.p.o.dependants.PodInfoConfigMap - [updatelo] Desired PodInfo ConfigMap (1 extensions) (1 enabled)
2025-01-29 13:57:21,765 INFO c.h.h.t.HelmChartContainer - [hivemq-test-hivemq-platform] [hivemq-platform-operator] [16714659] 13:57:21.764 [pool-6-thread-3] DEBUG c.h.p.o.dependants.PodInfoConfigMap - [updatelo] Desired PodInfo ConfigMap (metrics port: 9399) (metrics path: /)
2025-01-29 13:57:21,766 INFO c.h.h.t.HelmChartContainer - [hivemq-test-hivemq-platform] [hivemq-platform-operator] [16714659] 13:57:21.765 [pool-6-thread-3] DEBUG c.h.p.o.dependants.PodInfoConfigMap - [updatelo] Desired PodInfo ConfigMap (extension state hash: -1817474005)
2025-01-29 13:57:21,768 INFO c.h.h.t.HelmChartContainer - [hivemq-test-hivemq-platform] [hivemq-platform-operator] [16714659] 13:57:21.768 [pool-6-thread-3] DEBUG c.h.p.o.dependants.PodInfoConfigMap - [updatelo] Create PodInfo ConfigMap
2025-01-29 13:57:21,870 INFO c.h.h.t.HelmChartContainer - [hivemq-test-hivemq-platform] [hivemq-platform-operator] [16714659] 13:57:21.868 [pool-6-thread-5] DEBUG c.h.p.o.dependants.PodRoleResource - [updatelo] Create Role: Role(apiVersion=rbac.authorization.k8s.io/v1, kind=Role, metadata=ObjectMeta(annotations={meta.helm.sh/release-name=test-hivemq-platform, meta.helm.sh/release-namespace=updateloglevelit}, creationTimestamp=null, deletionGracePeriodSeconds=null, deletionTimestamp=null, finalizers=[], generateName=null, generation=null, labels={helm.sh/chart=hivemq-platform-0.2.32, app.kubernetes.io/managed-by=Helm, app.kubernetes.io/name=hivemq-platform, hivemq-platform=test-hivemq-platform, app.kubernetes.io/instance=test-hivemq-platform, app.kubernetes.io/version=4.36.0}, managedFields=[], name=hivemq-platform-role-test-hivemq-platform, namespace=updateloglevelit, ownerReferences=[OwnerReference(apiVersion=hivemq.com/v1, blockOwnerDeletion=null, controller=null, kind=HiveMQPlatform, name=test-hivemq-platform, uid=48cf7052-335e-49e0-8bcb-1c4c60f86d16, additionalProperties={})], resourceVersion=null, selfLink=null, uid=null, additionalProperties={}), rules=[PolicyRule(apiGroups=[], nonResourceURLs=[], resourceNames=[], resources=[pods], verbs=[get, patch, update], additionalProperties={})], additionalProperties={})
2025-01-29 13:57:22,056 INFO c.h.h.t.HelmChartContainer - [hivemq-test-hivemq-platform] [hivemq-platform-operator] [16714659] 13:57:22.054 [pool-6-thread-7] DEBUG c.h.p.o.d.PodServiceAccountResource - [updatelo] Desired PodServiceAccountResource (serviceAccountName: hivemq-platform-pod-test-hivemq-platform)
2025-01-29 13:57:22,056 INFO c.h.h.t.HelmChartContainer - [hivemq-test-hivemq-platform] [hivemq-platform-operator] [16714659] 13:57:22.055 [pool-6-thread-7] DEBUG c.h.p.o.d.PodServiceAccountResource - [updatelo] Create ServiceAccount 'hivemq-platform-pod-test-hivemq-platform'
2025-01-29 13:57:22,163 INFO c.h.h.t.HelmChartContainer - [hivemq-test-hivemq-platform] [hivemq-platform-operator] [16714659] 13:57:22.161 [pool-6-thread-10] DEBUG c.h.p.o.d.PodRoleBindingResource - [updatelo] Create RoleBinding: RoleBinding(apiVersion=rbac.authorization.k8s.io/v1, kind=RoleBinding, metadata=ObjectMeta(annotations={meta.helm.sh/release-name=test-hivemq-platform, meta.helm.sh/release-namespace=updateloglevelit}, creationTimestamp=null, deletionGracePeriodSeconds=null, deletionTimestamp=null, finalizers=[], generateName=null, generation=null, labels={helm.sh/chart=hivemq-platform-0.2.32, app.kubernetes.io/managed-by=Helm, app.kubernetes.io/name=hivemq-platform, hivemq-platform=test-hivemq-platform, app.kubernetes.io/instance=test-hivemq-platform, app.kubernetes.io/version=4.36.0}, managedFields=[], name=hivemq-platform-role-binding-test-hivemq-platform, namespace=updateloglevelit, ownerReferences=[OwnerReference(apiVersion=hivemq.com/v1, blockOwnerDeletion=null, controller=null, kind=HiveMQPlatform, name=test-hivemq-platform, uid=48cf7052-335e-49e0-8bcb-1c4c60f86d16, additionalProperties={})], resourceVersion=null, selfLink=null, uid=null, additionalProperties={}), roleRef=RoleRef(apiGroup=rbac.authorization.k8s.io, kind=Role, name=hivemq-platform-role-test-hivemq-platform, additionalProperties={}), subjects=[Subject(apiGroup=null, kind=ServiceAccount, name=hivemq-platform-pod-test-hivemq-platform, namespace=updateloglevelit, additionalProperties={})], additionalProperties={})
2025-01-29 13:57:22,257 INFO c.h.h.t.HelmChartContainer - [hivemq-test-hivemq-platform] [hivemq-platform-operator] [16714659] 13:57:22.255 [ReconcilerExecutor-hivemq-controller-53] INFO  c.h.p.o.HiveMQPlatformReconciler - [updatelo] Reconciling HiveMQ Platform 'test-hivemq-platform' in namespace 'updateloglevelit'
2025-01-29 13:57:22,258 INFO c.h.h.t.HelmChartContainer - [hivemq-test-hivemq-platform] [hivemq-platform-operator] [16714659] 13:57:22.256 [ReconcilerExecutor-hivemq-controller-53] DEBUG c.h.p.o.HiveMQPlatformReconciler - [updatelo] Custom Resource Status CREATED - HiveMQ Platform was created (READY)
2025-01-29 13:57:22,258 INFO c.h.h.t.HelmChartContainer - [hivemq-test-hivemq-platform] [hivemq-platform-operator] [16714659] 13:57:22.256 [ReconcilerExecutor-hivemq-controller-53] DEBUG c.h.p.o.HiveMQPlatformReconciler - [updatelo] Custom Resource Spec (replicas: 1) (extensions: 1)
2025-01-29 13:57:22,262 INFO c.h.h.t.HelmChartContainer - [hivemq-test-hivemq-platform] [hivemq-platform-operator] [16714659] 13:57:22.260 [ReconcilerExecutor-hivemq-controller-53] INFO  c.h.p.o.h.HiveMQPlatformReconcilerBaseHandler - [updatelo] HiveMQ Platform is starting
2025-01-29 13:57:22,369 INFO c.h.h.t.HelmChartContainer - [hivemq-test-hivemq-platform] [hivemq-platform-operator] [16714659] 13:57:22.368 [ReconcilerExecutor-hivemq-controller-53] DEBUG c.h.p.operator.event.EventSender - [updatelo] Creating K8s event hivemq-platform-starting: [Start] HiveMQ Platform is starting
2025-01-29 13:57:22,458 INFO c.h.h.t.HelmChartContainer - [EVENT] Normal [Start] HiveMQ Platform is starting [updateloglevelit:test-hivemq-platform]
2025-01-29 13:57:22,462 INFO c.h.h.t.HelmChartContainer - [hivemq-test-hivemq-platform] [hivemq-platform-operator] [16714659] 13:57:22.460 [ReconcilerExecutor-hivemq-controller-53] INFO  c.h.p.o.h.AbstractHiveMQReconcilerStateHandler - [updatelo] Update HiveMQ Platform Status (CREATED [READY] -> STARTING [READY]): HiveMQ Platform is starting
2025-01-29 13:57:22,472 DEBUG com.hivemq.helmcharts.util.K8sUtil - Comparing actual state 'STARTING' and waiting for 'RUNNING'
2025-01-29 13:57:32,559 INFO c.h.h.t.HelmChartContainer - [hivemq-test-hivemq-platform] [hivemq-platform-operator] [16714659] 13:57:32.558 [Timer-0] WARN  i.m.p.PrometheusMeterRegistry - The meter (MeterId{name='operator.sdk.events.received', tags=[tag(event=Event),tag(group=hivemq.com),tag(kind=HiveMQPlatform),tag(name=test-hivemq-platform),tag(namespace=updateloglevelit),tag(scope=namespace),tag(version=v1)]}) registration has failed: Prometheus requires that all meters with the same name have the same set of tag keys. There is already an existing meter named 'operator.sdk.events.received' containing tag keys [action, event, group, kind, name, namespace, scope, version]. The meter you are attempting to register has keys [event, group, kind, name, namespace, scope, version]. Note that subsequent logs will be logged at debug level.
2025-01-29 13:57:32,568 INFO c.h.h.t.HelmChartContainer - [hivemq-test-hivemq-platform] [hivemq-platform-operator] [16714659] 13:57:32.562 [pool-6-thread-12] DEBUG c.h.p.o.d.PlatformServiceResource - [updatelo] Desired Platform services (3 services)
2025-01-29 13:57:32,569 INFO c.h.h.t.HelmChartContainer - [hivemq-test-hivemq-platform] [hivemq-platform-operator] [16714659] 13:57:32.566 [pool-6-thread-13] DEBUG c.h.p.o.dependants.PodInfoConfigMap - [updatelo] Desired PodInfo ConfigMap (1 extensions) (1 enabled)
2025-01-29 13:57:32,569 INFO c.h.h.t.HelmChartContainer - [hivemq-test-hivemq-platform] [hivemq-platform-operator] [16714659] 13:57:32.567 [pool-6-thread-13] DEBUG c.h.p.o.dependants.PodInfoConfigMap - [updatelo] Desired PodInfo ConfigMap (metrics port: 9399) (metrics path: /)
2025-01-29 13:57:32,569 INFO c.h.h.t.HelmChartContainer - [hivemq-test-hivemq-platform] [hivemq-platform-operator] [16714659] 13:57:32.567 [pool-6-thread-13] DEBUG c.h.p.o.dependants.PodInfoConfigMap - [updatelo] Desired PodInfo ConfigMap (extension state hash: -1817474005)
2025-01-29 13:57:32,569 INFO c.h.h.t.HelmChartContainer - [hivemq-test-hivemq-platform] [hivemq-platform-operator] [16714659] 13:57:32.567 [pool-6-thread-17] DEBUG c.h.p.o.d.PodServiceAccountResource - [updatelo] Desired PodServiceAccountResource (serviceAccountName: hivemq-platform-pod-test-hivemq-platform)
2025-01-29 13:57:32,579 INFO c.h.h.t.HelmChartContainer - [K3S] [alloc.go:330] "allocated clusterIPs" service="updateloglevelit/hivemq-test-hivemq-platform-cc-8080" clusterIPs={"IPv4":"10.43.162.209"}
2025-01-29 13:57:32,656 INFO c.h.h.t.HelmChartContainer - [hivemq-test-hivemq-platform] [hivemq-platform-operator] [16714659] 13:57:32.655 [pool-6-thread-13] DEBUG c.h.p.o.dependants.PodInfoConfigMap - [updatelo] Update PodInfo ConfigMap
2025-01-29 13:57:32,670 INFO c.h.h.t.HelmChartContainer - [K3S] [alloc.go:330] "allocated clusterIPs" service="updateloglevelit/hivemq-test-hivemq-platform-metrics-9399" clusterIPs={"IPv4":"10.43.146.233"}
2025-01-29 13:57:32,762 INFO c.h.h.t.HelmChartContainer - [K3S] [alloc.go:330] "allocated clusterIPs" service="updateloglevelit/hivemq-test-hivemq-platform-mqtt-1883" clusterIPs={"IPv4":"10.43.38.51"}
2025-01-29 13:57:32,773 INFO c.h.h.t.HelmChartContainer - [hivemq-test-hivemq-platform] [hivemq-platform-operator] [16714659] 13:57:32.770 [pool-6-thread-20] DEBUG c.h.p.o.d.StatefulSetResource - [updatelo] Desired StatefulSet (1 replicas) for status STARTING (READY)
2025-01-29 13:57:32,865 INFO c.h.h.t.HelmChartContainer - [hivemq-test-hivemq-platform] [hivemq-platform-operator] [16714659] 13:57:32.863 [pool-6-thread-20] DEBUG c.h.p.o.d.StatefulSetResource - [updatelo] Create StatefulSet
2025-01-29 13:57:32,976 INFO c.h.h.t.HelmChartContainer - [POD] test-hivemq-platform-0 [6649c669-f89d-4059-a424-81a51e5cfe4e] in updateloglevelit was ADDED
2025-01-29 13:57:32,977 INFO c.h.h.t.HelmChartContainer - [hivemq-test-hivemq-platform] [hivemq-platform-operator] [16714659] 13:57:32.972 [ReconcilerExecutor-hivemq-controller-64] INFO  c.h.p.o.HiveMQPlatformReconciler - [updatelo] Reconciling HiveMQ Platform 'test-hivemq-platform' in namespace 'updateloglevelit'
2025-01-29 13:57:32,977 INFO c.h.h.t.HelmChartContainer - [hivemq-test-hivemq-platform] [hivemq-platform-operator] [16714659] 13:57:32.972 [ReconcilerExecutor-hivemq-controller-64] DEBUG c.h.p.o.HiveMQPlatformReconciler - [updatelo] Custom Resource Status STARTING - HiveMQ Platform is starting (READY)
2025-01-29 13:57:32,977 INFO c.h.h.t.HelmChartContainer - [hivemq-test-hivemq-platform] [hivemq-platform-operator] [16714659] 13:57:32.972 [ReconcilerExecutor-hivemq-controller-64] DEBUG c.h.p.o.HiveMQPlatformReconciler - [updatelo] Custom Resource Spec (replicas: 1) (extensions: 1)
2025-01-29 13:57:32,981 INFO c.h.h.t.HelmChartContainer - [POD] test-hivemq-platform-0 [6649c669-f89d-4059-a424-81a51e5cfe4e] in updateloglevelit was MODIFIED
2025-01-29 13:57:32,981 INFO c.h.h.t.HelmChartContainer - [EVENT] Normal [SuccessfulCreate] create Pod test-hivemq-platform-0 in StatefulSet test-hivemq-platform successful [updateloglevelit:test-hivemq-platform]
2025-01-29 13:57:32,983 INFO c.h.h.t.HelmChartContainer - [EVENT] Normal [Scheduled] Successfully assigned updateloglevelit/test-hivemq-platform-0 to 733f751f2ac3 [updateloglevelit:test-hivemq-platform-0]
2025-01-29 13:57:32,990 INFO c.h.h.t.HelmChartContainer - [POD] test-hivemq-platform-0 [6649c669-f89d-4059-a424-81a51e5cfe4e] in updateloglevelit was MODIFIED
2025-01-29 13:57:33,058 INFO c.h.h.t.HelmChartContainer - [hivemq-test-hivemq-platform] [hivemq-platform-operator] [16714659] 13:57:33.055 [ReconcilerExecutor-hivemq-controller-64] DEBUG c.h.p.o.HiveMQPlatformReconciler - [updatelo] StatefulSet Status (revision: null, replicas: 0, available: 0, ready: 0, current: 0, updated: 0)
2025-01-29 13:57:33,058 INFO c.h.h.t.HelmChartContainer - [hivemq-test-hivemq-platform] [hivemq-platform-operator] [16714659] 13:57:33.056 [ReconcilerExecutor-hivemq-controller-64] DEBUG c.h.p.o.HiveMQPlatformReconciler - [updatelo] StatefulSet Spec (replicas: 1, init containers: 1, containers: 1, volumes: 3)
2025-01-29 13:57:33,093 INFO c.h.h.t.HelmChartContainer - [K3S] [reconciler_common.go:251] "operationExecutor.VerifyControllerAttachedVolume started for volume \"pod-info\" (UniqueName: \"kubernetes.io/configmap/6649c669-f89d-4059-a424-81a51e5cfe4e-pod-info\") pod \"test-hivemq-platform-0\" (UID: \"6649c669-f89d-4059-a424-81a51e5cfe4e\") " pod="updateloglevelit/test-hivemq-platform-0"
2025-01-29 13:57:33,093 INFO c.h.h.t.HelmChartContainer - [K3S] [reconciler_common.go:251] "operationExecutor.VerifyControllerAttachedVolume started for volume \"broker-configuration\" (UniqueName: \"kubernetes.io/configmap/6649c669-f89d-4059-a424-81a51e5cfe4e-broker-configuration\") pod \"test-hivemq-platform-0\" (UID: \"6649c669-f89d-4059-a424-81a51e5cfe4e\") " pod="updateloglevelit/test-hivemq-platform-0"
2025-01-29 13:57:33,093 INFO c.h.h.t.HelmChartContainer - [K3S] [reconciler_common.go:251] "operationExecutor.VerifyControllerAttachedVolume started for volume \"kube-api-access-gvbjh\" (UniqueName: \"kubernetes.io/projected/6649c669-f89d-4059-a424-81a51e5cfe4e-kube-api-access-gvbjh\") pod \"test-hivemq-platform-0\" (UID: \"6649c669-f89d-4059-a424-81a51e5cfe4e\") " pod="updateloglevelit/test-hivemq-platform-0"
2025-01-29 13:57:33,093 INFO c.h.h.t.HelmChartContainer - [K3S] [reconciler_common.go:251] "operationExecutor.VerifyControllerAttachedVolume started for volume \"operator-init\" (UniqueName: \"kubernetes.io/empty-dir/6649c669-f89d-4059-a424-81a51e5cfe4e-operator-init\") pod \"test-hivemq-platform-0\" (UID: \"6649c669-f89d-4059-a424-81a51e5cfe4e\") " pod="updateloglevelit/test-hivemq-platform-0"
2025-01-29 13:57:33,156 INFO c.h.h.t.HelmChartContainer - [hivemq-test-hivemq-platform] [hivemq-platform-operator] [16714659] 13:57:33.154 [ReconcilerExecutor-hivemq-controller-64] DEBUG c.h.p.o.h.HiveMQPlatformReconcilerErrorHandler - [updatelo] Pod 'test-hivemq-platform-0' phase Pending
2025-01-29 13:57:33,159 INFO c.h.h.t.HelmChartContainer - [hivemq-test-hivemq-platform] [hivemq-platform-operator] [16714659] 13:57:33.157 [ReconcilerExecutor-hivemq-controller-64] INFO  c.h.p.o.h.HiveMQPlatformReconcilerBaseHandler - [updatelo] HiveMQ Platform is starting, 0 of 1 replicas are ready
2025-01-29 13:57:33,163 INFO c.h.h.t.HelmChartContainer - [hivemq-test-hivemq-platform] [hivemq-platform-operator] [16714659] 13:57:33.162 [pool-6-thread-22] DEBUG c.h.p.o.d.PlatformServiceResource - [updatelo] Desired Platform services (3 services)
2025-01-29 13:57:33,169 INFO c.h.h.t.HelmChartContainer - [hivemq-test-hivemq-platform] [hivemq-platform-operator] [16714659] 13:57:33.164 [pool-6-thread-23] DEBUG c.h.p.o.dependants.PodInfoConfigMap - [updatelo] Desired PodInfo ConfigMap (1 extensions) (1 enabled)
2025-01-29 13:57:33,169 INFO c.h.h.t.HelmChartContainer - [hivemq-test-hivemq-platform] [hivemq-platform-operator] [16714659] 13:57:33.167 [pool-6-thread-23] DEBUG c.h.p.o.dependants.PodInfoConfigMap - [updatelo] Desired PodInfo ConfigMap (metrics port: 9399) (metrics path: /)
2025-01-29 13:57:33,169 INFO c.h.h.t.HelmChartContainer - [hivemq-test-hivemq-platform] [hivemq-platform-operator] [16714659] 13:57:33.167 [pool-6-thread-23] DEBUG c.h.p.o.dependants.PodInfoConfigMap - [updatelo] Desired PodInfo ConfigMap (extension state hash: -1817474005)
2025-01-29 13:57:33,257 INFO c.h.h.t.HelmChartContainer - [hivemq-test-hivemq-platform] [hivemq-platform-operator] [16714659] 13:57:33.254 [pool-6-thread-27] DEBUG c.h.p.o.d.PodServiceAccountResource - [updatelo] Desired PodServiceAccountResource (serviceAccountName: hivemq-platform-pod-test-hivemq-platform)
2025-01-29 13:57:33,261 INFO c.h.h.t.HelmChartContainer - [hivemq-test-hivemq-platform] [hivemq-platform-operator] [16714659] 13:57:33.260 [pool-6-thread-30] DEBUG c.h.p.o.d.StatefulSetResource - [updatelo] Desired StatefulSet (1 replicas) for status STARTING (READY)
2025-01-29 13:57:33,266 INFO c.h.h.t.HelmChartContainer - [hivemq-test-hivemq-platform] [hivemq-platform-operator] [16714659] 13:57:33.265 [ReconcilerExecutor-hivemq-controller-78] INFO  c.h.p.o.HiveMQPlatformReconciler - [updatelo] Reconciling HiveMQ Platform 'test-hivemq-platform' in namespace 'updateloglevelit'
2025-01-29 13:57:33,266 INFO c.h.h.t.HelmChartContainer - [hivemq-test-hivemq-platform] [hivemq-platform-operator] [16714659] 13:57:33.265 [ReconcilerExecutor-hivemq-controller-78] DEBUG c.h.p.o.HiveMQPlatformReconciler - [updatelo] Custom Resource Status STARTING - HiveMQ Platform is starting (READY)
2025-01-29 13:57:33,266 INFO c.h.h.t.HelmChartContainer - [hivemq-test-hivemq-platform] [hivemq-platform-operator] [16714659] 13:57:33.265 [ReconcilerExecutor-hivemq-controller-78] DEBUG c.h.p.o.HiveMQPlatformReconciler - [updatelo] Custom Resource Spec (replicas: 1) (extensions: 1)
2025-01-29 13:57:33,269 INFO c.h.h.t.HelmChartContainer - [hivemq-test-hivemq-platform] [hivemq-platform-operator] [16714659] 13:57:33.268 [ReconcilerExecutor-hivemq-controller-78] DEBUG c.h.p.o.HiveMQPlatformReconciler - [updatelo] StatefulSet Status (revision: test-hivemq-platform-b697f795f, replicas: 1, available: 0, ready: 0, current: 1, updated: 1)
2025-01-29 13:57:33,270 INFO c.h.h.t.HelmChartContainer - [hivemq-test-hivemq-platform] [hivemq-platform-operator] [16714659] 13:57:33.268 [ReconcilerExecutor-hivemq-controller-78] DEBUG c.h.p.o.HiveMQPlatformReconciler - [updatelo] StatefulSet Spec (replicas: 1, init containers: 1, containers: 1, volumes: 3)
2025-01-29 13:57:33,362 INFO c.h.h.t.HelmChartContainer - [hivemq-test-hivemq-platform] [hivemq-platform-operator] [16714659] 13:57:33.358 [ReconcilerExecutor-hivemq-controller-78] DEBUG c.h.p.o.h.HiveMQPlatformReconcilerErrorHandler - [updatelo] Pod 'test-hivemq-platform-0' phase Pending
2025-01-29 13:57:33,362 INFO c.h.h.t.HelmChartContainer - [hivemq-test-hivemq-platform] [hivemq-platform-operator] [16714659] 13:57:33.358 [ReconcilerExecutor-hivemq-controller-78] DEBUG c.h.p.o.h.HiveMQPlatformReconcilerErrorHandler - [updatelo] Pod 'test-hivemq-platform-0' condition 'PodReadyToStartContainers': False
2025-01-29 13:57:33,362 INFO c.h.h.t.HelmChartContainer - [hivemq-test-hivemq-platform] [hivemq-platform-operator] [16714659] 13:57:33.358 [ReconcilerExecutor-hivemq-controller-78] DEBUG c.h.p.o.h.HiveMQPlatformReconcilerErrorHandler - [updatelo] Pod 'test-hivemq-platform-0' condition 'Initialized': False
2025-01-29 13:57:33,362 INFO c.h.h.t.HelmChartContainer - [hivemq-test-hivemq-platform] [hivemq-platform-operator] [16714659] 13:57:33.358 [ReconcilerExecutor-hivemq-controller-78] DEBUG c.h.p.o.h.HiveMQPlatformReconcilerErrorHandler - [updatelo] Pod 'test-hivemq-platform-0' condition 'Ready': False
2025-01-29 13:57:33,362 INFO c.h.h.t.HelmChartContainer - [hivemq-test-hivemq-platform] [hivemq-platform-operator] [16714659] 13:57:33.358 [ReconcilerExecutor-hivemq-controller-78] DEBUG c.h.p.o.h.HiveMQPlatformReconcilerErrorHandler - [updatelo] Pod 'test-hivemq-platform-0' condition 'ContainersReady': False
2025-01-29 13:57:33,362 INFO c.h.h.t.HelmChartContainer - [hivemq-test-hivemq-platform] [hivemq-platform-operator] [16714659] 13:57:33.359 [ReconcilerExecutor-hivemq-controller-78] DEBUG c.h.p.o.h.HiveMQPlatformReconcilerErrorHandler - [updatelo] Pod 'test-hivemq-platform-0' condition 'PodScheduled': True
2025-01-29 13:57:33,362 INFO c.h.h.t.HelmChartContainer - [hivemq-test-hivemq-platform] [hivemq-platform-operator] [16714659] 13:57:33.359 [ReconcilerExecutor-hivemq-controller-78] DEBUG c.h.p.o.h.HiveMQPlatformReconcilerErrorHandler - [updatelo] Pod 'test-hivemq-platform-0' containerStatus 'hivemq' (started: false) (ready: false) (waiting: [PodInitializing] null)
2025-01-29 13:57:33,363 INFO c.h.h.t.HelmChartContainer - [hivemq-test-hivemq-platform] [hivemq-platform-operator] [16714659] 13:57:33.361 [ReconcilerExecutor-hivemq-controller-78] INFO  c.h.p.o.h.HiveMQPlatformReconcilerBaseHandler - [updatelo] HiveMQ Platform is starting, 0 of 1 replicas are ready
2025-01-29 13:57:33,380 INFO c.h.h.t.HelmChartContainer - [EVENT] Normal [Pulled] Container image "docker.io/hivemq/hivemq-platform-operator-init-test:snapshot" already present on machine [updateloglevelit:test-hivemq-platform-0]
2025-01-29 13:57:33,520 INFO c.h.h.t.HelmChartContainer - [EVENT] Normal [Created] Created container: hivemq-platform-operator-init [updateloglevelit:test-hivemq-platform-0]
2025-01-29 13:57:33,558 INFO c.h.h.t.HelmChartContainer - [EVENT] Normal [Started] Started container hivemq-platform-operator-init [updateloglevelit:test-hivemq-platform-0]
2025-01-29 13:57:34,424 INFO c.h.h.t.HelmChartContainer - [EVENT] Normal [Pulled] Container image "docker.io/hivemq/hivemq4:4.36.0" already present on machine [updateloglevelit:test-hivemq-platform-0]
2025-01-29 13:57:34,424 INFO c.h.h.t.HelmChartContainer - Received Pulled event for container hivemq in pod test-hivemq-platform-0 [6649c669-f89d-4059-a424-81a51e5cfe4e]
2025-01-29 13:57:34,433 INFO c.h.h.t.HelmChartContainer - [POD] test-hivemq-platform-0 [6649c669-f89d-4059-a424-81a51e5cfe4e] in updateloglevelit was MODIFIED
2025-01-29 13:57:34,458 INFO c.h.h.t.HelmChartContainer - [hivemq-test-hivemq-platform] [hivemq-platform-operator] [16714659] 13:57:34.453 [pool-6-thread-32] DEBUG c.h.p.o.d.PlatformServiceResource - [updatelo] Desired Platform services (3 services)
2025-01-29 13:57:34,459 INFO c.h.h.t.HelmChartContainer - [hivemq-test-hivemq-platform] [hivemq-platform-operator] [16714659] 13:57:34.456 [pool-6-thread-37] DEBUG c.h.p.o.d.PodServiceAccountResource - [updatelo] Desired PodServiceAccountResource (serviceAccountName: hivemq-platform-pod-test-hivemq-platform)
2025-01-29 13:57:34,459 INFO c.h.h.t.HelmChartContainer - [hivemq-test-hivemq-platform] [hivemq-platform-operator] [16714659] 13:57:34.457 [pool-6-thread-33] DEBUG c.h.p.o.dependants.PodInfoConfigMap - [updatelo] Desired PodInfo ConfigMap (1 extensions) (1 enabled)
2025-01-29 13:57:34,463 INFO c.h.h.t.HelmChartContainer - [hivemq-test-hivemq-platform] [hivemq-platform-operator] [16714659] 13:57:34.459 [pool-6-thread-33] DEBUG c.h.p.o.dependants.PodInfoConfigMap - [updatelo] Desired PodInfo ConfigMap (metrics port: 9399) (metrics path: /)
2025-01-29 13:57:34,465 INFO c.h.h.t.HelmChartContainer - [hivemq-test-hivemq-platform] [hivemq-platform-operator] [16714659] 13:57:34.461 [pool-6-thread-33] DEBUG c.h.p.o.dependants.PodInfoConfigMap - [updatelo] Desired PodInfo ConfigMap (extension state hash: -1817474005)
2025-01-29 13:57:34,477 INFO c.h.h.t.HelmChartContainer - [hivemq-test-hivemq-platform] [hivemq-platform-operator] [16714659] 13:57:34.475 [pool-6-thread-40] DEBUG c.h.p.o.d.StatefulSetResource - [updatelo] Desired StatefulSet (1 replicas) for status STARTING (READY)
2025-01-29 13:57:34,559 INFO c.h.h.t.HelmChartContainer - [hivemq-test-hivemq-platform] [hivemq-platform-operator] [16714659] 13:57:34.556 [ReconcilerExecutor-hivemq-controller-89] INFO  c.h.p.o.HiveMQPlatformReconciler - [updatelo] Reconciling HiveMQ Platform 'test-hivemq-platform' in namespace 'updateloglevelit'
2025-01-29 13:57:34,559 INFO c.h.h.t.HelmChartContainer - [hivemq-test-hivemq-platform] [hivemq-platform-operator] [16714659] 13:57:34.556 [ReconcilerExecutor-hivemq-controller-89] DEBUG c.h.p.o.HiveMQPlatformReconciler - [updatelo] Custom Resource Status STARTING - HiveMQ Platform is starting (READY)
2025-01-29 13:57:34,559 INFO c.h.h.t.HelmChartContainer - [hivemq-test-hivemq-platform] [hivemq-platform-operator] [16714659] 13:57:34.556 [ReconcilerExecutor-hivemq-controller-89] DEBUG c.h.p.o.HiveMQPlatformReconciler - [updatelo] Custom Resource Spec (replicas: 1) (extensions: 1)
2025-01-29 13:57:34,562 INFO c.h.h.t.HelmChartContainer - [hivemq-test-hivemq-platform] [hivemq-platform-operator] [16714659] 13:57:34.559 [ReconcilerExecutor-hivemq-controller-89] DEBUG c.h.p.o.HiveMQPlatformReconciler - [updatelo] StatefulSet Status (revision: test-hivemq-platform-b697f795f, replicas: 1, available: 0, ready: 0, current: 1, updated: 1)
2025-01-29 13:57:34,562 INFO c.h.h.t.HelmChartContainer - [hivemq-test-hivemq-platform] [hivemq-platform-operator] [16714659] 13:57:34.560 [ReconcilerExecutor-hivemq-controller-89] DEBUG c.h.p.o.HiveMQPlatformReconciler - [updatelo] StatefulSet Spec (replicas: 1, init containers: 1, containers: 1, volumes: 3)
2025-01-29 13:57:34,564 INFO c.h.h.t.HelmChartContainer - [hivemq-test-hivemq-platform] [hivemq-platform-operator] [16714659] 13:57:34.564 [ReconcilerExecutor-hivemq-controller-89] DEBUG c.h.p.o.h.HiveMQPlatformReconcilerErrorHandler - [updatelo] Pod 'test-hivemq-platform-0' phase Pending
2025-01-29 13:57:34,570 INFO c.h.h.t.HelmChartContainer - [hivemq-test-hivemq-platform] [hivemq-platform-operator] [16714659] 13:57:34.565 [ReconcilerExecutor-hivemq-controller-89] DEBUG c.h.p.o.h.HiveMQPlatformReconcilerErrorHandler - [updatelo] Pod 'test-hivemq-platform-0' condition 'PodReadyToStartContainers': True
2025-01-29 13:57:34,570 INFO c.h.h.t.HelmChartContainer - [hivemq-test-hivemq-platform] [hivemq-platform-operator] [16714659] 13:57:34.565 [ReconcilerExecutor-hivemq-controller-89] DEBUG c.h.p.o.h.HiveMQPlatformReconcilerErrorHandler - [updatelo] Pod 'test-hivemq-platform-0' condition 'Initialized': True
2025-01-29 13:57:34,570 INFO c.h.h.t.HelmChartContainer - [hivemq-test-hivemq-platform] [hivemq-platform-operator] [16714659] 13:57:34.565 [ReconcilerExecutor-hivemq-controller-89] DEBUG c.h.p.o.h.HiveMQPlatformReconcilerErrorHandler - [updatelo] Pod 'test-hivemq-platform-0' condition 'Ready': False
2025-01-29 13:57:34,570 INFO c.h.h.t.HelmChartContainer - [hivemq-test-hivemq-platform] [hivemq-platform-operator] [16714659] 13:57:34.565 [ReconcilerExecutor-hivemq-controller-89] DEBUG c.h.p.o.h.HiveMQPlatformReconcilerErrorHandler - [updatelo] Pod 'test-hivemq-platform-0' condition 'ContainersReady': False
2025-01-29 13:57:34,570 INFO c.h.h.t.HelmChartContainer - [hivemq-test-hivemq-platform] [hivemq-platform-operator] [16714659] 13:57:34.565 [ReconcilerExecutor-hivemq-controller-89] DEBUG c.h.p.o.h.HiveMQPlatformReconcilerErrorHandler - [updatelo] Pod 'test-hivemq-platform-0' condition 'PodScheduled': True
2025-01-29 13:57:34,570 INFO c.h.h.t.HelmChartContainer - [hivemq-test-hivemq-platform] [hivemq-platform-operator] [16714659] 13:57:34.566 [ReconcilerExecutor-hivemq-controller-89] DEBUG c.h.p.o.h.HiveMQPlatformReconcilerErrorHandler - [updatelo] Pod 'test-hivemq-platform-0' containerStatus 'hivemq' (started: false) (ready: false) (waiting: [PodInitializing] null)
2025-01-29 13:57:34,570 INFO c.h.h.t.HelmChartContainer - [hivemq-test-hivemq-platform] [hivemq-platform-operator] [16714659] 13:57:34.568 [ReconcilerExecutor-hivemq-controller-89] INFO  c.h.p.o.h.HiveMQPlatformReconcilerBaseHandler - [updatelo] HiveMQ Platform is starting, 0 of 1 replicas are ready
2025-01-29 13:57:36,094 INFO c.h.h.t.HelmChartContainer - [EVENT] Normal [Created] Created container: hivemq [updateloglevelit:test-hivemq-platform-0]
2025-01-29 13:57:36,094 INFO c.h.h.t.HelmChartContainer - Received Created event for container hivemq in pod test-hivemq-platform-0 [6649c669-f89d-4059-a424-81a51e5cfe4e]
2025-01-29 13:57:36,438 INFO c.h.h.t.HelmChartContainer - [POD] test-hivemq-platform-0 [6649c669-f89d-4059-a424-81a51e5cfe4e] in updateloglevelit was MODIFIED
2025-01-29 13:57:36,450 INFO c.h.h.t.HelmChartContainer - [hivemq-test-hivemq-platform] [hivemq-platform-operator] [16714659] 13:57:36.444 [pool-6-thread-42] DEBUG c.h.p.o.d.PlatformServiceResource - [updatelo] Desired Platform services (3 services)
2025-01-29 13:57:36,451 INFO c.h.h.t.HelmChartContainer - [EVENT] Normal [Started] Started container hivemq [updateloglevelit:test-hivemq-platform-0]
2025-01-29 13:57:36,451 INFO c.h.h.t.HelmChartContainer - Received Started event for container hivemq in pod test-hivemq-platform-0 [6649c669-f89d-4059-a424-81a51e5cfe4e]
2025-01-29 13:57:36,452 INFO c.h.h.t.HelmChartContainer - Started log watcher for hivemq in pod test-hivemq-platform-0 [6649c669-f89d-4059-a424-81a51e5cfe4e]
2025-01-29 13:57:36,453 INFO c.h.h.t.HelmChartContainer - [test-hivemq-platform] [hivemq] [6649c669] Adding pre-installed HiveMQ Platform Operator extensions
2025-01-29 13:57:36,453 INFO c.h.h.t.HelmChartContainer - [test-hivemq-platform] [hivemq] [6649c669] Running as user 10000
2025-01-29 13:57:36,453 INFO c.h.h.t.HelmChartContainer - [test-hivemq-platform] [hivemq] [6649c669] Starting HiveMQ Platform Operator Init
2025-01-29 13:57:36,456 INFO c.h.h.t.HelmChartContainer - [hivemq-test-hivemq-platform] [hivemq-platform-operator] [16714659] 13:57:36.452 [pool-6-thread-43] DEBUG c.h.p.o.dependants.PodInfoConfigMap - [updatelo] Desired PodInfo ConfigMap (1 extensions) (1 enabled)
2025-01-29 13:57:36,456 INFO c.h.h.t.HelmChartContainer - [hivemq-test-hivemq-platform] [hivemq-platform-operator] [16714659] 13:57:36.452 [pool-6-thread-43] DEBUG c.h.p.o.dependants.PodInfoConfigMap - [updatelo] Desired PodInfo ConfigMap (metrics port: 9399) (metrics path: /)
2025-01-29 13:57:36,456 INFO c.h.h.t.HelmChartContainer - [hivemq-test-hivemq-platform] [hivemq-platform-operator] [16714659] 13:57:36.452 [pool-6-thread-43] DEBUG c.h.p.o.dependants.PodInfoConfigMap - [updatelo] Desired PodInfo ConfigMap (extension state hash: -1817474005)
2025-01-29 13:57:36,462 INFO c.h.h.t.HelmChartContainer - [hivemq-test-hivemq-platform] [hivemq-platform-operator] [16714659] 13:57:36.459 [pool-6-thread-47] DEBUG c.h.p.o.d.PodServiceAccountResource - [updatelo] Desired PodServiceAccountResource (serviceAccountName: hivemq-platform-pod-test-hivemq-platform)
2025-01-29 13:57:36,469 INFO c.h.h.t.HelmChartContainer - [hivemq-test-hivemq-platform] [hivemq-platform-operator] [16714659] 13:57:36.464 [pool-6-thread-50] DEBUG c.h.p.o.d.StatefulSetResource - [updatelo] Desired StatefulSet (1 replicas) for status STARTING (READY)
2025-01-29 13:57:36,471 INFO c.h.h.t.HelmChartContainer - [hivemq-test-hivemq-platform] [hivemq-platform-operator] [16714659] 13:57:36.470 [ReconcilerExecutor-hivemq-controller-100] INFO  c.h.p.o.HiveMQPlatformReconciler - [updatelo] Reconciling HiveMQ Platform 'test-hivemq-platform' in namespace 'updateloglevelit'
2025-01-29 13:57:36,473 INFO c.h.h.t.HelmChartContainer - [hivemq-test-hivemq-platform] [hivemq-platform-operator] [16714659] 13:57:36.470 [ReconcilerExecutor-hivemq-controller-100] DEBUG c.h.p.o.HiveMQPlatformReconciler - [updatelo] Custom Resource Status STARTING - HiveMQ Platform is starting (READY)
2025-01-29 13:57:36,473 INFO c.h.h.t.HelmChartContainer - [hivemq-test-hivemq-platform] [hivemq-platform-operator] [16714659] 13:57:36.470 [ReconcilerExecutor-hivemq-controller-100] DEBUG c.h.p.o.HiveMQPlatformReconciler - [updatelo] Custom Resource Spec (replicas: 1) (extensions: 1)
2025-01-29 13:57:36,476 INFO c.h.h.t.HelmChartContainer - [hivemq-test-hivemq-platform] [hivemq-platform-operator] [16714659] 13:57:36.474 [ReconcilerExecutor-hivemq-controller-100] DEBUG c.h.p.o.HiveMQPlatformReconciler - [updatelo] StatefulSet Status (revision: test-hivemq-platform-b697f795f, replicas: 1, available: 0, ready: 0, current: 1, updated: 1)
2025-01-29 13:57:36,478 INFO c.h.h.t.HelmChartContainer - [hivemq-test-hivemq-platform] [hivemq-platform-operator] [16714659] 13:57:36.474 [ReconcilerExecutor-hivemq-controller-100] DEBUG c.h.p.o.HiveMQPlatformReconciler - [updatelo] StatefulSet Spec (replicas: 1, init containers: 1, containers: 1, volumes: 3)
2025-01-29 13:57:36,481 INFO c.h.h.t.HelmChartContainer - [hivemq-test-hivemq-platform] [hivemq-platform-operator] [16714659] 13:57:36.478 [ReconcilerExecutor-hivemq-controller-100] DEBUG c.h.p.o.h.HiveMQPlatformReconcilerErrorHandler - [updatelo] Pod 'test-hivemq-platform-0' phase Running
2025-01-29 13:57:36,481 INFO c.h.h.t.HelmChartContainer - [hivemq-test-hivemq-platform] [hivemq-platform-operator] [16714659] 13:57:36.480 [ReconcilerExecutor-hivemq-controller-100] INFO  c.h.p.o.h.HiveMQPlatformReconcilerBaseHandler - [updatelo] HiveMQ Platform is starting, 0 of 1 replicas are ready
2025-01-29 13:57:37,304 INFO c.h.h.t.HelmChartContainer - [test-hivemq-platform] [hivemq] [6649c669] INFO  - [HiveMQ Platform Operator Init 1.7.0-SNAPSHOT] HiveMQ Platform Operator Init 1.7.0-SNAPSHOT (commit: bebf408 on branch: HEAD) built on Sun Jan 26 20:47:47 UTC 2025
2025-01-29 13:57:38,504 INFO c.h.h.t.HelmChartContainer - [test-hivemq-platform] [hivemq] [6649c669] INFO  - [HiveMQ Platform Operator Init App 1.7.0-SNAPSHOT] Using bind address 10.42.0.8 from environment variable
2025-01-29 13:57:39,502 INFO c.h.h.t.HelmChartContainer - [test-hivemq-platform] [hivemq] [6649c669] INFO  - [HiveMQ Platform Operator Init App 1.7.0-SNAPSHOT] HiveMQ Platform Operator Init App 1.7.0-SNAPSHOT (commit: bebf408 on branch: HEAD) built on Sun Jan 26 20:47:47 UTC 2025
2025-01-29 13:57:39,503 INFO c.h.h.t.HelmChartContainer - [test-hivemq-platform] [hivemq] [6649c669] INFO  - [HiveMQ Platform Operator Init App 1.7.0-SNAPSHOT] PodInfo ConfigMap directory: /etc/podinfo
2025-01-29 13:57:39,503 INFO c.h.h.t.HelmChartContainer - [test-hivemq-platform] [hivemq] [6649c669] INFO  - [HiveMQ Platform Operator Init App 1.7.0-SNAPSHOT] HiveMQ home directory: /opt/hivemq
2025-01-29 13:57:39,503 INFO c.h.h.t.HelmChartContainer - [test-hivemq-platform] [hivemq] [6649c669] INFO  - [HiveMQ Platform Operator Init App 1.7.0-SNAPSHOT] HiveMQ Logback folder: /opt/hivemq/conf
2025-01-29 13:57:39,503 INFO c.h.h.t.HelmChartContainer - [test-hivemq-platform] [hivemq] [6649c669] INFO  - [HiveMQ Platform Operator Init App 1.7.0-SNAPSHOT] HiveMQ Config folder: /opt/hivemq/conf-k8s
2025-01-29 13:57:39,504 INFO c.h.h.t.HelmChartContainer - [test-hivemq-platform] [hivemq] [6649c669] INFO  - [HiveMQ Platform Operator Init App 1.7.0-SNAPSHOT] Starting HiveMQ Platform Operator Init App
2025-01-29 13:57:39,504 INFO c.h.h.t.HelmChartContainer - [test-hivemq-platform] [hivemq] [6649c669] INFO  - [HiveMQ Platform Operator Init App 1.7.0-SNAPSHOT] Starting Pod reconciler
2025-01-29 13:57:40,797 INFO c.h.h.t.HelmChartContainer - [test-hivemq-platform] [hivemq] [6649c669] INFO  - [HiveMQ Platform Operator Init App 1.7.0-SNAPSHOT] Pod reconciler is scheduled (interval: 5000 ms)
2025-01-29 13:57:40,798 INFO c.h.h.t.HelmChartContainer - [test-hivemq-platform] [hivemq] [6649c669] INFO  - [HiveMQ Platform Operator Init App 1.7.0-SNAPSHOT] Starting the REST API on 10.42.0.8:7979
2025-01-29 13:57:40,801 INFO c.h.h.t.HelmChartContainer - [test-hivemq-platform] [hivemq] [6649c669] INFO  - [HiveMQ Platform Operator Init App 1.7.0-SNAPSHOT] Waiting up to 600s for at most 1 HiveMQ nodes in cluster service hivemq-test-hivemq-platform-cluster.updateloglevelit.svc
2025-01-29 13:57:41,113 INFO c.h.h.t.HelmChartContainer - [test-hivemq-platform] [hivemq] [6649c669] INFO  - [HiveMQ Platform Operator Init App 1.7.0-SNAPSHOT] Resolved 1 IP addresses: [10.42.0.8]
2025-01-29 13:57:41,113 INFO c.h.h.t.HelmChartContainer - [test-hivemq-platform] [hivemq] [6649c669] INFO  - [HiveMQ Platform Operator Init App 1.7.0-SNAPSHOT] HiveMQ node count of 1 is within threshold of 1
2025-01-29 13:57:41,113 INFO c.h.h.t.HelmChartContainer - [test-hivemq-platform] [hivemq] [6649c669] INFO  - [HiveMQ Platform Operator Init App 1.7.0-SNAPSHOT] Proceeding with container start
2025-01-29 13:57:41,207 INFO c.h.h.t.HelmChartContainer - [test-hivemq-platform] [hivemq] [6649c669] INFO  - [HiveMQ Platform Operator Init App 1.7.0-SNAPSHOT] Initializing HiveMQ Platform extensions with initial configuration: {hivemq-allow-all-extension={start-priority=-1, skip-https-hostname-verification=false, restart=true, config-version=0, header-version=0, c-uri=, priority=-1, uri=preinstalled, skip-https-certificate-validation=false, enabled=true}, hivemq-prometheus-extension={priority=-1, restart=true, enabled=true, request-header-path=no-request-headers, uri=preinstalled, skip-https-certificate-validation=false, skip-https-hostname-verification=false, c-uri=, start-priority=-1}}
2025-01-29 13:57:41,604 INFO c.h.h.t.HelmChartContainer - [test-hivemq-platform] [hivemq] [6649c669] INFO  - [HiveMQ Platform Operator Init App 1.7.0-SNAPSHOT] Extension hivemq-allow-all-extension was already enabled
2025-01-29 13:57:41,613 INFO c.h.h.t.HelmChartContainer - [test-hivemq-platform] [hivemq] [6649c669] INFO  - [HiveMQ Platform Operator Init App 1.7.0-SNAPSHOT] Successfully enabled extension hivemq-prometheus-extension
2025-01-29 13:57:41,615 INFO c.h.h.t.HelmChartContainer - [test-hivemq-platform] [hivemq] [6649c669] INFO  - [HiveMQ Platform Operator Init App 1.7.0-SNAPSHOT] Starting HiveMQ Platform version 4.36.0 (4.36.0)
2025-01-29 13:57:41,615 INFO c.h.h.t.HelmChartContainer - [test-hivemq-platform] [hivemq] [6649c669] INFO  - [HiveMQ Platform Operator Init App 1.7.0-SNAPSHOT] Configuring the HiveMQ Platform
2025-01-29 13:57:41,703 INFO c.h.h.t.HelmChartContainer - [test-hivemq-platform] [hivemq] [6649c669] INFO  - [HiveMQ Platform Operator Init App 1.7.0-SNAPSHOT] Changed logback.xml file scan period to 20 seconds
2025-01-29 13:57:41,712 INFO c.h.h.t.HelmChartContainer - [test-hivemq-platform] [hivemq] [6649c669] INFO  - [HiveMQ Platform Operator Init App 1.7.0-SNAPSHOT] Starting the HiveMQ Platform
2025-01-29 13:57:41,798 INFO c.h.h.t.HelmChartContainer - [test-hivemq-platform] [hivemq] [6649c669] -------------------------------------------------------------------------
2025-01-29 13:57:41,798 INFO c.h.h.t.HelmChartContainer - [test-hivemq-platform] [hivemq] [6649c669] 
2025-01-29 13:57:41,798 INFO c.h.h.t.HelmChartContainer - [test-hivemq-platform] [hivemq] [6649c669]                   _    _  _              __  __   ____
2025-01-29 13:57:41,798 INFO c.h.h.t.HelmChartContainer - [test-hivemq-platform] [hivemq] [6649c669]                  | |  | |(_)            |  \/  | / __ \
2025-01-29 13:57:41,799 INFO c.h.h.t.HelmChartContainer - [test-hivemq-platform] [hivemq] [6649c669]                  | |__| | _ __   __ ___ | \  / || |  | |
2025-01-29 13:57:41,799 INFO c.h.h.t.HelmChartContainer - [test-hivemq-platform] [hivemq] [6649c669]                  |  __  || |\ \ / // _ \| |\/| || |  | |
2025-01-29 13:57:41,799 INFO c.h.h.t.HelmChartContainer - [test-hivemq-platform] [hivemq] [6649c669]                  | |  | || | \ V /|  __/| |  | || |__| |
2025-01-29 13:57:41,799 INFO c.h.h.t.HelmChartContainer - [test-hivemq-platform] [hivemq] [6649c669]                  |_|  |_||_|  \_/  \___||_|  |_| \___\_\
2025-01-29 13:57:41,799 INFO c.h.h.t.HelmChartContainer - [test-hivemq-platform] [hivemq] [6649c669] 
2025-01-29 13:57:41,799 INFO c.h.h.t.HelmChartContainer - [test-hivemq-platform] [hivemq] [6649c669] -------------------------------------------------------------------------
2025-01-29 13:57:41,799 INFO c.h.h.t.HelmChartContainer - [test-hivemq-platform] [hivemq] [6649c669] 
2025-01-29 13:57:41,799 INFO c.h.h.t.HelmChartContainer - [test-hivemq-platform] [hivemq] [6649c669]   HiveMQ Start Script for Linux/Unix v1.14
2025-01-29 13:57:41,799 INFO c.h.h.t.HelmChartContainer - [test-hivemq-platform] [hivemq] [6649c669] 
2025-01-29 13:57:41,826 INFO c.h.h.t.HelmChartContainer - [test-hivemq-platform] [hivemq] [6649c669] -------------------------------------------------------------------------
2025-01-29 13:57:41,826 INFO c.h.h.t.HelmChartContainer - [test-hivemq-platform] [hivemq] [6649c669] 
2025-01-29 13:57:41,826 INFO c.h.h.t.HelmChartContainer - [test-hivemq-platform] [hivemq] [6649c669]   HIVEMQ_HOME: /opt/hivemq
2025-01-29 13:57:41,826 INFO c.h.h.t.HelmChartContainer - [test-hivemq-platform] [hivemq] [6649c669] 
2025-01-29 13:57:41,826 INFO c.h.h.t.HelmChartContainer - [test-hivemq-platform] [hivemq] [6649c669]   JAVA_OPTS: -XX:+UnlockExperimentalVMOptions -XX:InitialRAMPercentage=50 -XX:MaxRAMPercentage=50 -Djava.net.preferIPv4Stack=true --add-opens java.base/java.lang=ALL-UNNAMED --add-opens java.base/java.nio=ALL-UNNAMED --add-opens java.base/sun.nio.ch=ALL-UNNAMED --add-opens jdk.management/com.sun.management.internal=ALL-UNNAMED --add-exports java.base/jdk.internal.misc=ALL-UNNAMED -Djava.security.egd=file:/dev/./urandom -Dcom.sun.management.jmxremote -Dcom.sun.management.jmxremote.port=9010 -Dcom.sun.management.jmxremote.local.only=false -Dcom.sun.management.jmxremote.authenticate=false -Dcom.sun.management.jmxremote.ssl=false -Duser.language=en -Duser.region=US -XX:+CrashOnOutOfMemoryError -XX:+HeapDumpOnOutOfMemoryError
2025-01-29 13:57:41,826 INFO c.h.h.t.HelmChartContainer - [test-hivemq-platform] [hivemq] [6649c669] 
2025-01-29 13:57:41,826 INFO c.h.h.t.HelmChartContainer - [test-hivemq-platform] [hivemq] [6649c669]   JAVA_VERSION: 21
2025-01-29 13:57:41,826 INFO c.h.h.t.HelmChartContainer - [test-hivemq-platform] [hivemq] [6649c669] 
2025-01-29 13:57:41,826 INFO c.h.h.t.HelmChartContainer - [test-hivemq-platform] [hivemq] [6649c669] -------------------------------------------------------------------------
2025-01-29 13:57:41,826 INFO c.h.h.t.HelmChartContainer - [test-hivemq-platform] [hivemq] [6649c669] 
2025-01-29 13:57:42,502 INFO c.h.h.t.HelmChartContainer - [test-hivemq-platform] [hivemq] [6649c669] INFO  - [HiveMQ Platform Operator Init App 1.7.0-SNAPSHOT] Returning default Health API response 503 for readiness
2025-01-29 13:57:42,902 INFO c.h.h.t.HelmChartContainer - [EVENT] Warning [Unhealthy] Readiness probe failed: HTTP probe failed with statuscode: 503 [updateloglevelit:test-hivemq-platform-0]
2025-01-29 13:57:42,902 INFO c.h.h.t.HelmChartContainer - Received Unhealthy event for container hivemq in pod test-hivemq-platform-0 [6649c669-f89d-4059-a424-81a51e5cfe4e]
2025-01-29 13:57:44,511 INFO c.h.h.t.HelmChartContainer - [test-hivemq-platform] [hivemq] [6649c669] INFO  - Starting HiveMQ Enterprise Server
2025-01-29 13:57:44,516 INFO c.h.h.t.HelmChartContainer - [test-hivemq-platform] [hivemq] [6649c669] INFO  - HiveMQ version: 4.36.0
2025-01-29 13:57:44,516 INFO c.h.h.t.HelmChartContainer - [test-hivemq-platform] [hivemq] [6649c669] INFO  - HiveMQ home directory: /opt/hivemq
2025-01-29 13:57:44,516 INFO c.h.h.t.HelmChartContainer - [test-hivemq-platform] [hivemq] [6649c669] INFO  - Log Configuration was overridden by /opt/hivemq/conf/logback.xml
2025-01-29 13:57:45,697 INFO c.h.h.t.HelmChartContainer - [test-hivemq-platform] [hivemq] [6649c669] INFO  - Successfully loaded configuration from '/opt/hivemq/conf-k8s/config.xml'.
2025-01-29 13:57:46,403 INFO c.h.h.t.HelmChartContainer - [test-hivemq-platform] [hivemq] [6649c669] INFO  - This node's ID is hqFBe
2025-01-29 13:57:46,403 INFO c.h.h.t.HelmChartContainer - [test-hivemq-platform] [hivemq] [6649c669] INFO  - Clustering is enabled
2025-01-29 13:57:46,488 INFO c.h.h.t.HelmChartContainer - [hivemq-test-hivemq-platform] [hivemq-platform-operator] [16714659] 13:57:46.485 [pool-6-thread-9] DEBUG c.h.p.o.dependants.PodInfoConfigMap - [updatelo] Desired PodInfo ConfigMap (1 extensions) (1 enabled)
2025-01-29 13:57:46,488 INFO c.h.h.t.HelmChartContainer - [hivemq-test-hivemq-platform] [hivemq-platform-operator] [16714659] 13:57:46.485 [pool-6-thread-3] DEBUG c.h.p.o.d.PodServiceAccountResource - [updatelo] Desired PodServiceAccountResource (serviceAccountName: hivemq-platform-pod-test-hivemq-platform)
2025-01-29 13:57:46,488 INFO c.h.h.t.HelmChartContainer - [hivemq-test-hivemq-platform] [hivemq-platform-operator] [16714659] 13:57:46.485 [pool-6-thread-9] DEBUG c.h.p.o.dependants.PodInfoConfigMap - [updatelo] Desired PodInfo ConfigMap (metrics port: 9399) (metrics path: /)
2025-01-29 13:57:46,488 INFO c.h.h.t.HelmChartContainer - [hivemq-test-hivemq-platform] [hivemq-platform-operator] [16714659] 13:57:46.486 [pool-6-thread-9] DEBUG c.h.p.o.dependants.PodInfoConfigMap - [updatelo] Desired PodInfo ConfigMap (extension state hash: -1817474005)
2025-01-29 13:57:46,488 INFO c.h.h.t.HelmChartContainer - [hivemq-test-hivemq-platform] [hivemq-platform-operator] [16714659] 13:57:46.484 [pool-6-thread-6] DEBUG c.h.p.o.d.PlatformServiceResource - [updatelo] Desired Platform services (3 services)
2025-01-29 13:57:46,494 INFO c.h.h.t.HelmChartContainer - [hivemq-test-hivemq-platform] [hivemq-platform-operator] [16714659] 13:57:46.493 [pool-6-thread-6] DEBUG c.h.p.o.d.StatefulSetResource - [updatelo] Desired StatefulSet (1 replicas) for status STARTING (READY)
2025-01-29 13:57:46,499 INFO c.h.h.t.HelmChartContainer - [hivemq-test-hivemq-platform] [hivemq-platform-operator] [16714659] 13:57:46.497 [ReconcilerExecutor-hivemq-controller-111] INFO  c.h.p.o.HiveMQPlatformReconciler - [updatelo] Reconciling HiveMQ Platform 'test-hivemq-platform' in namespace 'updateloglevelit'
2025-01-29 13:57:46,500 INFO c.h.h.t.HelmChartContainer - [hivemq-test-hivemq-platform] [hivemq-platform-operator] [16714659] 13:57:46.497 [ReconcilerExecutor-hivemq-controller-111] DEBUG c.h.p.o.HiveMQPlatformReconciler - [updatelo] Custom Resource Status STARTING - HiveMQ Platform is starting (READY)
2025-01-29 13:57:46,500 INFO c.h.h.t.HelmChartContainer - [hivemq-test-hivemq-platform] [hivemq-platform-operator] [16714659] 13:57:46.497 [ReconcilerExecutor-hivemq-controller-111] DEBUG c.h.p.o.HiveMQPlatformReconciler - [updatelo] Custom Resource Spec (replicas: 1) (extensions: 1)
2025-01-29 13:57:46,555 INFO c.h.h.t.HelmChartContainer - [hivemq-test-hivemq-platform] [hivemq-platform-operator] [16714659] 13:57:46.553 [ReconcilerExecutor-hivemq-controller-111] DEBUG c.h.p.o.HiveMQPlatformReconciler - [updatelo] StatefulSet Status (revision: test-hivemq-platform-b697f795f, replicas: 1, available: 0, ready: 0, current: 1, updated: 1)
2025-01-29 13:57:46,555 INFO c.h.h.t.HelmChartContainer - [hivemq-test-hivemq-platform] [hivemq-platform-operator] [16714659] 13:57:46.553 [ReconcilerExecutor-hivemq-controller-111] DEBUG c.h.p.o.HiveMQPlatformReconciler - [updatelo] StatefulSet Spec (replicas: 1, init containers: 1, containers: 1, volumes: 3)
2025-01-29 13:57:46,556 INFO c.h.h.t.HelmChartContainer - [hivemq-test-hivemq-platform] [hivemq-platform-operator] [16714659] 13:57:46.556 [ReconcilerExecutor-hivemq-controller-111] DEBUG c.h.p.o.h.HiveMQPlatformReconcilerErrorHandler - [updatelo] Pod 'test-hivemq-platform-0' phase Running
2025-01-29 13:57:46,558 INFO c.h.h.t.HelmChartContainer - [hivemq-test-hivemq-platform] [hivemq-platform-operator] [16714659] 13:57:46.557 [ReconcilerExecutor-hivemq-controller-111] INFO  c.h.p.o.h.HiveMQPlatformReconcilerBaseHandler - [updatelo] HiveMQ Platform is starting, 0 of 1 replicas are ready
2025-01-29 13:57:47,905 INFO c.h.h.t.HelmChartContainer - [test-hivemq-platform] [hivemq] [6649c669] WARN  - [HiveMQ Platform Operator Init App 1.7.0-SNAPSHOT] Cannot connect to Health API for readiness: null
2025-01-29 13:57:47,913 INFO c.h.h.t.HelmChartContainer - [EVENT] Warning [Unhealthy] Readiness probe failed: HTTP probe failed with statuscode: 503 [updateloglevelit:test-hivemq-platform-0]
2025-01-29 13:57:47,913 INFO c.h.h.t.HelmChartContainer - Received Unhealthy event for container hivemq in pod test-hivemq-platform-0 [6649c669-f89d-4059-a424-81a51e5cfe4e]
2025-01-29 13:57:51,104 INFO c.h.h.t.HelmChartContainer - [test-hivemq-platform] [hivemq] [6649c669] Jan 29, 2025 1:57:51 PM io.vertx.core.impl.BlockedThreadChecker
2025-01-29 13:57:51,104 INFO c.h.h.t.HelmChartContainer - [test-hivemq-platform] [hivemq] [6649c669] WARNING: Thread Thread[vert.x-eventloop-thread-1,5,main] has been blocked for 2596 ms, time limit is 2000 ms
2025-01-29 13:57:51,408 INFO c.h.h.t.HelmChartContainer - [test-hivemq-platform] [hivemq] [6649c669] INFO  - [HiveMQ Platform Operator Init App 1.7.0-SNAPSHOT] Updating Pod HiveMQ Platform Operator Init App version annotation (version: 1.7.0-SNAPSHOT)
2025-01-29 13:57:52,208 INFO c.h.h.t.HelmChartContainer - [POD] test-hivemq-platform-0 [6649c669-f89d-4059-a424-81a51e5cfe4e] in updateloglevelit was MODIFIED
2025-01-29 13:57:52,215 INFO c.h.h.t.HelmChartContainer - [test-hivemq-platform] [hivemq] [6649c669] WARN  - [HiveMQ Platform Operator Init App 1.7.0-SNAPSHOT] Cannot connect to Health API for readiness: null
2025-01-29 13:57:52,216 INFO c.h.h.t.HelmChartContainer - [hivemq-test-hivemq-platform] [hivemq-platform-operator] [16714659] 13:57:52.215 [pool-6-thread-15] DEBUG c.h.p.o.d.PlatformServiceResource - [updatelo] Desired Platform services (3 services)
2025-01-29 13:57:52,219 INFO c.h.h.t.HelmChartContainer - [hivemq-test-hivemq-platform] [hivemq-platform-operator] [16714659] 13:57:52.216 [pool-6-thread-16] DEBUG c.h.p.o.dependants.PodInfoConfigMap - [updatelo] Desired PodInfo ConfigMap (1 extensions) (1 enabled)
2025-01-29 13:57:52,219 INFO c.h.h.t.HelmChartContainer - [hivemq-test-hivemq-platform] [hivemq-platform-operator] [16714659] 13:57:52.216 [pool-6-thread-16] DEBUG c.h.p.o.dependants.PodInfoConfigMap - [updatelo] Desired PodInfo ConfigMap (metrics port: 9399) (metrics path: /)
2025-01-29 13:57:52,219 INFO c.h.h.t.HelmChartContainer - [hivemq-test-hivemq-platform] [hivemq-platform-operator] [16714659] 13:57:52.216 [pool-6-thread-16] DEBUG c.h.p.o.dependants.PodInfoConfigMap - [updatelo] Desired PodInfo ConfigMap (extension state hash: -1817474005)
2025-01-29 13:57:52,220 INFO c.h.h.t.HelmChartContainer - [hivemq-test-hivemq-platform] [hivemq-platform-operator] [16714659] 13:57:52.217 [pool-6-thread-17] DEBUG c.h.p.o.d.PodServiceAccountResource - [updatelo] Desired PodServiceAccountResource (serviceAccountName: hivemq-platform-pod-test-hivemq-platform)
2025-01-29 13:57:52,227 INFO c.h.h.t.HelmChartContainer - [hivemq-test-hivemq-platform] [hivemq-platform-operator] [16714659] 13:57:52.226 [pool-6-thread-15] DEBUG c.h.p.o.d.StatefulSetResource - [updatelo] Desired StatefulSet (1 replicas) for status STARTING (READY)
2025-01-29 13:57:52,227 INFO c.h.h.t.HelmChartContainer - [EVENT] Warning [Unhealthy] Readiness probe failed: HTTP probe failed with statuscode: 503 [updateloglevelit:test-hivemq-platform-0]
2025-01-29 13:57:52,227 INFO c.h.h.t.HelmChartContainer - Received Unhealthy event for container hivemq in pod test-hivemq-platform-0 [6649c669-f89d-4059-a424-81a51e5cfe4e]
2025-01-29 13:57:52,231 INFO c.h.h.t.HelmChartContainer - [hivemq-test-hivemq-platform] [hivemq-platform-operator] [16714659] 13:57:52.230 [ReconcilerExecutor-hivemq-controller-112] INFO  c.h.p.o.HiveMQPlatformReconciler - [updatelo] Reconciling HiveMQ Platform 'test-hivemq-platform' in namespace 'updateloglevelit'
2025-01-29 13:57:52,231 INFO c.h.h.t.HelmChartContainer - [hivemq-test-hivemq-platform] [hivemq-platform-operator] [16714659] 13:57:52.230 [ReconcilerExecutor-hivemq-controller-112] DEBUG c.h.p.o.HiveMQPlatformReconciler - [updatelo] Custom Resource Status STARTING - HiveMQ Platform is starting (READY)
2025-01-29 13:57:52,232 INFO c.h.h.t.HelmChartContainer - [hivemq-test-hivemq-platform] [hivemq-platform-operator] [16714659] 13:57:52.230 [ReconcilerExecutor-hivemq-controller-112] DEBUG c.h.p.o.HiveMQPlatformReconciler - [updatelo] Custom Resource Spec (replicas: 1) (extensions: 1)
2025-01-29 13:57:52,233 INFO c.h.h.t.HelmChartContainer - [hivemq-test-hivemq-platform] [hivemq-platform-operator] [16714659] 13:57:52.232 [ReconcilerExecutor-hivemq-controller-112] DEBUG c.h.p.o.HiveMQPlatformReconciler - [updatelo] StatefulSet Status (revision: test-hivemq-platform-b697f795f, replicas: 1, available: 0, ready: 0, current: 1, updated: 1)
2025-01-29 13:57:52,233 INFO c.h.h.t.HelmChartContainer - [hivemq-test-hivemq-platform] [hivemq-platform-operator] [16714659] 13:57:52.232 [ReconcilerExecutor-hivemq-controller-112] DEBUG c.h.p.o.HiveMQPlatformReconciler - [updatelo] StatefulSet Spec (replicas: 1, init containers: 1, containers: 1, volumes: 3)
2025-01-29 13:57:52,235 INFO c.h.h.t.HelmChartContainer - [hivemq-test-hivemq-platform] [hivemq-platform-operator] [16714659] 13:57:52.234 [ReconcilerExecutor-hivemq-controller-112] DEBUG c.h.p.o.h.HiveMQPlatformReconcilerErrorHandler - [updatelo] Pod 'test-hivemq-platform-0' phase Running
2025-01-29 13:57:52,254 INFO c.h.h.t.HelmChartContainer - [hivemq-test-hivemq-platform] [hivemq-platform-operator] [16714659] 13:57:52.253 [ReconcilerExecutor-hivemq-controller-112] INFO  c.h.p.o.h.HiveMQPlatformReconcilerBaseHandler - [updatelo] HiveMQ Platform is starting, 0 of 1 replicas are ready
2025-01-29 13:57:52,303 INFO c.h.h.t.HelmChartContainer - [test-hivemq-platform] [hivemq] [6649c669] INFO  - [HiveMQ Platform Operator Init App 1.7.0-SNAPSHOT] Successfully updated Pod HiveMQ Platform Operator Init App version annotation (version: 1.7.0-SNAPSHOT)
2025-01-29 13:57:57,215 INFO c.h.h.t.HelmChartContainer - [test-hivemq-platform] [hivemq] [6649c669] WARN  - [HiveMQ Platform Operator Init App 1.7.0-SNAPSHOT] Cannot connect to Health API for readiness: null
2025-01-29 13:57:57,219 INFO c.h.h.t.HelmChartContainer - [EVENT] Warning [Unhealthy] Readiness probe failed: HTTP probe failed with statuscode: 503 [updateloglevelit:test-hivemq-platform-0]
2025-01-29 13:57:57,219 INFO c.h.h.t.HelmChartContainer - Received Unhealthy event for container hivemq in pod test-hivemq-platform-0 [6649c669-f89d-4059-a424-81a51e5cfe4e]
2025-01-29 13:58:02,260 INFO c.h.h.t.HelmChartContainer - [hivemq-test-hivemq-platform] [hivemq-platform-operator] [16714659] 13:58:02.257 [pool-6-thread-26] DEBUG c.h.p.o.d.PlatformServiceResource - [updatelo] Desired Platform services (3 services)
2025-01-29 13:58:02,262 INFO c.h.h.t.HelmChartContainer - [hivemq-test-hivemq-platform] [hivemq-platform-operator] [16714659] 13:58:02.258 [pool-6-thread-27] DEBUG c.h.p.o.dependants.PodInfoConfigMap - [updatelo] Desired PodInfo ConfigMap (1 extensions) (1 enabled)
2025-01-29 13:58:02,262 INFO c.h.h.t.HelmChartContainer - [hivemq-test-hivemq-platform] [hivemq-platform-operator] [16714659] 13:58:02.258 [pool-6-thread-27] DEBUG c.h.p.o.dependants.PodInfoConfigMap - [updatelo] Desired PodInfo ConfigMap (metrics port: 9399) (metrics path: /)
2025-01-29 13:58:02,262 INFO c.h.h.t.HelmChartContainer - [hivemq-test-hivemq-platform] [hivemq-platform-operator] [16714659] 13:58:02.258 [pool-6-thread-27] DEBUG c.h.p.o.dependants.PodInfoConfigMap - [updatelo] Desired PodInfo ConfigMap (extension state hash: -1817474005)
2025-01-29 13:58:02,262 INFO c.h.h.t.HelmChartContainer - [hivemq-test-hivemq-platform] [hivemq-platform-operator] [16714659] 13:58:02.259 [pool-6-thread-27] DEBUG c.h.p.o.d.PodServiceAccountResource - [updatelo] Desired PodServiceAccountResource (serviceAccountName: hivemq-platform-pod-test-hivemq-platform)
2025-01-29 13:58:02,262 INFO c.h.h.t.HelmChartContainer - [hivemq-test-hivemq-platform] [hivemq-platform-operator] [16714659] 13:58:02.262 [pool-6-thread-26] DEBUG c.h.p.o.d.StatefulSetResource - [updatelo] Desired StatefulSet (1 replicas) for status STARTING (READY)
2025-01-29 13:58:02,266 INFO c.h.h.t.HelmChartContainer - [hivemq-test-hivemq-platform] [hivemq-platform-operator] [16714659] 13:58:02.265 [ReconcilerExecutor-hivemq-controller-113] INFO  c.h.p.o.HiveMQPlatformReconciler - [updatelo] Reconciling HiveMQ Platform 'test-hivemq-platform' in namespace 'updateloglevelit'
2025-01-29 13:58:02,266 INFO c.h.h.t.HelmChartContainer - [hivemq-test-hivemq-platform] [hivemq-platform-operator] [16714659] 13:58:02.265 [ReconcilerExecutor-hivemq-controller-113] DEBUG c.h.p.o.HiveMQPlatformReconciler - [updatelo] Custom Resource Status STARTING - HiveMQ Platform is starting (READY)
2025-01-29 13:58:02,266 INFO c.h.h.t.HelmChartContainer - [hivemq-test-hivemq-platform] [hivemq-platform-operator] [16714659] 13:58:02.265 [ReconcilerExecutor-hivemq-controller-113] DEBUG c.h.p.o.HiveMQPlatformReconciler - [updatelo] Custom Resource Spec (replicas: 1) (extensions: 1)
2025-01-29 13:58:02,267 INFO c.h.h.t.HelmChartContainer - [hivemq-test-hivemq-platform] [hivemq-platform-operator] [16714659] 13:58:02.266 [ReconcilerExecutor-hivemq-controller-113] DEBUG c.h.p.o.HiveMQPlatformReconciler - [updatelo] StatefulSet Status (revision: test-hivemq-platform-b697f795f, replicas: 1, available: 0, ready: 0, current: 1, updated: 1)
2025-01-29 13:58:02,267 INFO c.h.h.t.HelmChartContainer - [hivemq-test-hivemq-platform] [hivemq-platform-operator] [16714659] 13:58:02.266 [ReconcilerExecutor-hivemq-controller-113] DEBUG c.h.p.o.HiveMQPlatformReconciler - [updatelo] StatefulSet Spec (replicas: 1, init containers: 1, containers: 1, volumes: 3)
2025-01-29 13:58:02,268 INFO c.h.h.t.HelmChartContainer - [hivemq-test-hivemq-platform] [hivemq-platform-operator] [16714659] 13:58:02.267 [ReconcilerExecutor-hivemq-controller-113] DEBUG c.h.p.o.h.HiveMQPlatformReconcilerErrorHandler - [updatelo] Pod 'test-hivemq-platform-0' phase Running
2025-01-29 13:58:02,269 INFO c.h.h.t.HelmChartContainer - [hivemq-test-hivemq-platform] [hivemq-platform-operator] [16714659] 13:58:02.268 [ReconcilerExecutor-hivemq-controller-113] INFO  c.h.p.o.h.HiveMQPlatformReconcilerBaseHandler - [updatelo] HiveMQ Platform is starting, 0 of 1 replicas are ready
2025-01-29 13:58:02,298 INFO c.h.h.t.HelmChartContainer - [test-hivemq-platform] [hivemq] [6649c669] WARN  - [HiveMQ Platform Operator Init App 1.7.0-SNAPSHOT] Cannot connect to Health API for readiness: null
2025-01-29 13:58:02,302 INFO c.h.h.t.HelmChartContainer - [EVENT] Warning [Unhealthy] Readiness probe failed: HTTP probe failed with statuscode: 503 [updateloglevelit:test-hivemq-platform-0]
2025-01-29 13:58:02,302 INFO c.h.h.t.HelmChartContainer - Received Unhealthy event for container hivemq in pod test-hivemq-platform-0 [6649c669-f89d-4059-a424-81a51e5cfe4e]
2025-01-29 13:58:03,302 INFO c.h.h.t.HelmChartContainer - [test-hivemq-platform] [hivemq] [6649c669] WARN  - [HiveMQ Platform Operator Init App 1.7.0-SNAPSHOT] Cannot connect to Health API for liveness: null
2025-01-29 13:58:03,302 INFO c.h.h.t.HelmChartContainer - [test-hivemq-platform] [hivemq] [6649c669] INFO  - [HiveMQ Platform Operator Init App 1.7.0-SNAPSHOT] Returning default Health API response 200 for liveness
2025-01-29 13:58:03,602 INFO c.h.h.t.HelmChartContainer - [test-hivemq-platform] [hivemq] [6649c669] INFO  - No valid license file found. Using trial license, restricted to 25 connections.
2025-01-29 13:58:07,214 INFO c.h.h.t.HelmChartContainer - [test-hivemq-platform] [hivemq] [6649c669] WARN  - [HiveMQ Platform Operator Init App 1.7.0-SNAPSHOT] Cannot connect to Health API for readiness: null
2025-01-29 13:58:07,218 INFO c.h.h.t.HelmChartContainer - [EVENT] Warning [Unhealthy] Readiness probe failed: HTTP probe failed with statuscode: 503 [updateloglevelit:test-hivemq-platform-0]
2025-01-29 13:58:07,218 INFO c.h.h.t.HelmChartContainer - Received Unhealthy event for container hivemq in pod test-hivemq-platform-0 [6649c669-f89d-4059-a424-81a51e5cfe4e]
2025-01-29 13:58:07,911 INFO c.h.h.t.HelmChartContainer - [test-hivemq-platform] [hivemq] [6649c669] INFO  - No valid license file for Data Hub found. Using free license, restricted to 1 policy.
2025-01-29 13:58:09,018 INFO c.h.h.t.HelmChartContainer - [test-hivemq-platform] [hivemq] [6649c669] INFO  - Audit Logger started.
2025-01-29 13:58:09,318 INFO c.h.h.t.HelmChartContainer - [test-hivemq-platform] [hivemq] [6649c669] INFO  - This node uses '1' CPU cores.
2025-01-29 13:58:09,322 INFO c.h.h.t.HelmChartContainer - [test-hivemq-platform] [hivemq] [6649c669] INFO  - Starting HiveMQ Health API on address 0.0.0.0 and port 8889
2025-01-29 13:58:10,105 INFO c.h.h.t.HelmChartContainer - [test-hivemq-platform] [hivemq] [6649c669] INFO  - Started HiveMQ Health API in 782ms
2025-01-29 13:58:10,911 INFO c.h.h.t.HelmChartContainer - [test-hivemq-platform] [hivemq] [6649c669] INFO  - Starting HiveMQ extension system.
2025-01-29 13:58:11,199 INFO c.h.h.t.HelmChartContainer - [test-hivemq-platform] [hivemq] [6649c669] INFO  - Starting extension with id "hivemq-dns-cluster-discovery" at /opt/hivemq/extensions/hivemq-dns-cluster-discovery
2025-01-29 13:58:11,610 INFO c.h.h.t.HelmChartContainer - [test-hivemq-platform] [hivemq] [6649c669] INFO  - Using TCP cluster transport on address 10.42.0.8 and port 7000
2025-01-29 13:58:11,614 INFO c.h.h.t.HelmChartContainer - [test-hivemq-platform] [hivemq] [6649c669] INFO  - Extension "DNS Cluster Discovery Extension" version 4.3.2 started successfully.
2025-01-29 13:58:11,615 INFO c.h.h.t.HelmChartContainer - [test-hivemq-platform] [hivemq] [6649c669] INFO  - Starting extension with id "hivemq-prometheus-extension" at /opt/hivemq/extensions/hivemq-prometheus-extension
2025-01-29 13:58:11,700 INFO c.h.h.t.HelmChartContainer - [test-hivemq-platform] [hivemq] [6649c669] INFO  - Using extension cluster discovery
2025-01-29 13:58:12,272 INFO c.h.h.t.HelmChartContainer - [hivemq-test-hivemq-platform] [hivemq-platform-operator] [16714659] 13:58:12.272 [pool-6-thread-35] DEBUG c.h.p.o.d.PlatformServiceResource - [updatelo] Desired Platform services (3 services)
2025-01-29 13:58:12,275 INFO c.h.h.t.HelmChartContainer - [hivemq-test-hivemq-platform] [hivemq-platform-operator] [16714659] 13:58:12.273 [pool-6-thread-36] DEBUG c.h.p.o.d.PodServiceAccountResource - [updatelo] Desired PodServiceAccountResource (serviceAccountName: hivemq-platform-pod-test-hivemq-platform)
2025-01-29 13:58:12,275 INFO c.h.h.t.HelmChartContainer - [hivemq-test-hivemq-platform] [hivemq-platform-operator] [16714659] 13:58:12.274 [pool-6-thread-37] DEBUG c.h.p.o.dependants.PodInfoConfigMap - [updatelo] Desired PodInfo ConfigMap (1 extensions) (1 enabled)
2025-01-29 13:58:12,277 INFO c.h.h.t.HelmChartContainer - [hivemq-test-hivemq-platform] [hivemq-platform-operator] [16714659] 13:58:12.276 [pool-6-thread-37] DEBUG c.h.p.o.dependants.PodInfoConfigMap - [updatelo] Desired PodInfo ConfigMap (metrics port: 9399) (metrics path: /)
2025-01-29 13:58:12,277 INFO c.h.h.t.HelmChartContainer - [hivemq-test-hivemq-platform] [hivemq-platform-operator] [16714659] 13:58:12.276 [pool-6-thread-37] DEBUG c.h.p.o.dependants.PodInfoConfigMap - [updatelo] Desired PodInfo ConfigMap (extension state hash: -1817474005)
2025-01-29 13:58:12,280 INFO c.h.h.t.HelmChartContainer - [hivemq-test-hivemq-platform] [hivemq-platform-operator] [16714659] 13:58:12.280 [pool-6-thread-35] DEBUG c.h.p.o.d.StatefulSetResource - [updatelo] Desired StatefulSet (1 replicas) for status STARTING (READY)
2025-01-29 13:58:12,284 INFO c.h.h.t.HelmChartContainer - [hivemq-test-hivemq-platform] [hivemq-platform-operator] [16714659] 13:58:12.283 [ReconcilerExecutor-hivemq-controller-114] INFO  c.h.p.o.HiveMQPlatformReconciler - [updatelo] Reconciling HiveMQ Platform 'test-hivemq-platform' in namespace 'updateloglevelit'
2025-01-29 13:58:12,285 INFO c.h.h.t.HelmChartContainer - [hivemq-test-hivemq-platform] [hivemq-platform-operator] [16714659] 13:58:12.283 [ReconcilerExecutor-hivemq-controller-114] DEBUG c.h.p.o.HiveMQPlatformReconciler - [updatelo] Custom Resource Status STARTING - HiveMQ Platform is starting (READY)
2025-01-29 13:58:12,285 INFO c.h.h.t.HelmChartContainer - [hivemq-test-hivemq-platform] [hivemq-platform-operator] [16714659] 13:58:12.283 [ReconcilerExecutor-hivemq-controller-114] DEBUG c.h.p.o.HiveMQPlatformReconciler - [updatelo] Custom Resource Spec (replicas: 1) (extensions: 1)
2025-01-29 13:58:12,286 INFO c.h.h.t.HelmChartContainer - [hivemq-test-hivemq-platform] [hivemq-platform-operator] [16714659] 13:58:12.285 [ReconcilerExecutor-hivemq-controller-114] DEBUG c.h.p.o.HiveMQPlatformReconciler - [updatelo] StatefulSet Status (revision: test-hivemq-platform-b697f795f, replicas: 1, available: 0, ready: 0, current: 1, updated: 1)
2025-01-29 13:58:12,286 INFO c.h.h.t.HelmChartContainer - [hivemq-test-hivemq-platform] [hivemq-platform-operator] [16714659] 13:58:12.285 [ReconcilerExecutor-hivemq-controller-114] DEBUG c.h.p.o.HiveMQPlatformReconciler - [updatelo] StatefulSet Spec (replicas: 1, init containers: 1, containers: 1, volumes: 3)
2025-01-29 13:58:12,356 INFO c.h.h.t.HelmChartContainer - [hivemq-test-hivemq-platform] [hivemq-platform-operator] [16714659] 13:58:12.354 [ReconcilerExecutor-hivemq-controller-114] DEBUG c.h.p.o.h.HiveMQPlatformReconcilerErrorHandler - [updatelo] Pod 'test-hivemq-platform-0' phase Running
2025-01-29 13:58:12,356 INFO c.h.h.t.HelmChartContainer - [hivemq-test-hivemq-platform] [hivemq-platform-operator] [16714659] 13:58:12.355 [ReconcilerExecutor-hivemq-controller-114] INFO  c.h.p.o.h.HiveMQPlatformReconcilerBaseHandler - [updatelo] HiveMQ Platform is starting, 0 of 1 replicas are ready
2025-01-29 13:58:12,604 INFO c.h.h.t.HelmChartContainer - [test-hivemq-platform] [hivemq] [6649c669] INFO  - Started Jetty Server exposing Prometheus Servlet on URI http://0.0.0.0:9399/
2025-01-29 13:58:12,604 INFO c.h.h.t.HelmChartContainer - [test-hivemq-platform] [hivemq] [6649c669] INFO  - Extension "Prometheus Monitoring Extension" version 4.0.12 started successfully.
2025-01-29 13:58:12,604 INFO c.h.h.t.HelmChartContainer - [test-hivemq-platform] [hivemq] [6649c669] INFO  - Starting extension with id "hivemq-allow-all-extension" at /opt/hivemq/extensions/hivemq-allow-all-extension
2025-01-29 13:58:12,606 INFO c.h.h.t.HelmChartContainer - [test-hivemq-platform] [hivemq] [6649c669] WARN  - 
2025-01-29 13:58:12,607 INFO c.h.h.t.HelmChartContainer - [test-hivemq-platform] [hivemq] [6649c669] ################################################################################################################
2025-01-29 13:58:12,607 INFO c.h.h.t.HelmChartContainer - [test-hivemq-platform] [hivemq] [6649c669] # This HiveMQ deployment is not secure! You are lacking Authentication and Authorization.                      #
2025-01-29 13:58:12,607 INFO c.h.h.t.HelmChartContainer - [test-hivemq-platform] [hivemq] [6649c669] # Right now any MQTT client can connect to the broker with a full set of permissions.                          #
2025-01-29 13:58:12,608 INFO c.h.h.t.HelmChartContainer - [test-hivemq-platform] [hivemq] [6649c669] # For production usage, add an appropriate security extension and remove the hivemq-allow-all extension.       #
2025-01-29 13:58:12,608 INFO c.h.h.t.HelmChartContainer - [test-hivemq-platform] [hivemq] [6649c669] # You can download security extensions from the HiveMQ Marketplace (https://www.hivemq.com/extensions/).       #
2025-01-29 13:58:12,608 INFO c.h.h.t.HelmChartContainer - [test-hivemq-platform] [hivemq] [6649c669] ################################################################################################################
2025-01-29 13:58:12,608 INFO c.h.h.t.HelmChartContainer - [test-hivemq-platform] [hivemq] [6649c669] INFO  - Extension "Allow All Extension" version 1.1.1 started successfully.
2025-01-29 13:58:13,206 INFO c.h.h.t.HelmChartContainer - [test-hivemq-platform] [hivemq] [6649c669] INFO  - [HiveMQ Platform Operator Init App 1.7.0-SNAPSHOT] Returning Health API response 503 for readiness
2025-01-29 13:58:13,210 INFO c.h.h.t.HelmChartContainer - [EVENT] Warning [Unhealthy] Readiness probe failed: HTTP probe failed with statuscode: 503 [updateloglevelit:test-hivemq-platform-0]
2025-01-29 13:58:13,210 INFO c.h.h.t.HelmChartContainer - Received Unhealthy event for container hivemq in pod test-hivemq-platform-0 [6649c669-f89d-4059-a424-81a51e5cfe4e]
2025-01-29 13:58:15,077 INFO c.h.h.t.HelmChartContainer - [test-hivemq-platform] [hivemq] [6649c669] INFO  - hqFBe: no members discovered after 2772 ms: creating cluster as first member
2025-01-29 13:58:15,084 INFO c.h.h.t.HelmChartContainer - [test-hivemq-platform] [hivemq] [6649c669] INFO  - Cluster nodes found by discovery: [hqFBe|0] (1) [hqFBe].
2025-01-29 13:58:15,181 INFO c.h.h.t.HelmChartContainer - [test-hivemq-platform] [hivemq] [6649c669] WARN  - No user for HiveMQ Control Center configured. Starting with default user
2025-01-29 13:58:15,181 INFO c.h.h.t.HelmChartContainer - [test-hivemq-platform] [hivemq] [6649c669] INFO  - Starting HiveMQ Control Center on address 0.0.0.0 and port 8080
2025-01-29 13:58:15,185 INFO c.h.h.t.HelmChartContainer - [test-hivemq-platform] [hivemq] [6649c669] INFO  - Mounting HiveMQ Control Center V2 Preview
2025-01-29 13:58:15,880 INFO c.h.h.t.HelmChartContainer - [test-hivemq-platform] [hivemq] [6649c669] INFO  - Started HiveMQ Control Center in 699ms
2025-01-29 13:58:15,894 INFO c.h.h.t.HelmChartContainer - [test-hivemq-platform] [hivemq] [6649c669] INFO  - Starting TCP listener on address 0.0.0.0 and port 1883
2025-01-29 13:58:15,982 INFO c.h.h.t.HelmChartContainer - [test-hivemq-platform] [hivemq] [6649c669] INFO  - Started TCP Listener on address 0.0.0.0 and on port 1883.
2025-01-29 13:58:15,982 INFO c.h.h.t.HelmChartContainer - [test-hivemq-platform] [hivemq] [6649c669] INFO  - Started HiveMQ in 31867ms
2025-01-29 13:58:17,213 INFO c.h.h.t.HelmChartContainer - [test-hivemq-platform] [hivemq] [6649c669] INFO  - [HiveMQ Platform Operator Init App 1.7.0-SNAPSHOT] Returning Health API response 200 for readiness
2025-01-29 13:58:17,226 INFO c.h.h.t.HelmChartContainer - [POD] test-hivemq-platform-0 [6649c669-f89d-4059-a424-81a51e5cfe4e] in updateloglevelit was MODIFIED
2025-01-29 13:58:17,232 INFO c.h.h.t.HelmChartContainer - [hivemq-test-hivemq-platform] [hivemq-platform-operator] [16714659] 13:58:17.231 [pool-6-thread-42] DEBUG c.h.p.o.d.PlatformServiceResource - [updatelo] Desired Platform services (3 services)
2025-01-29 13:58:17,238 INFO c.h.h.t.HelmChartContainer - [hivemq-test-hivemq-platform] [hivemq-platform-operator] [16714659] 13:58:17.234 [pool-6-thread-46] DEBUG c.h.p.o.dependants.PodInfoConfigMap - [updatelo] Desired PodInfo ConfigMap (1 extensions) (1 enabled)
2025-01-29 13:58:17,238 INFO c.h.h.t.HelmChartContainer - [hivemq-test-hivemq-platform] [hivemq-platform-operator] [16714659] 13:58:17.234 [pool-6-thread-46] DEBUG c.h.p.o.dependants.PodInfoConfigMap - [updatelo] Desired PodInfo ConfigMap (metrics port: 9399) (metrics path: /)
2025-01-29 13:58:17,238 INFO c.h.h.t.HelmChartContainer - [hivemq-test-hivemq-platform] [hivemq-platform-operator] [16714659] 13:58:17.234 [pool-6-thread-46] DEBUG c.h.p.o.dependants.PodInfoConfigMap - [updatelo] Desired PodInfo ConfigMap (extension state hash: -1817474005)
2025-01-29 13:58:17,240 INFO c.h.h.t.HelmChartContainer - [hivemq-test-hivemq-platform] [hivemq-platform-operator] [16714659] 13:58:17.238 [pool-6-thread-45] DEBUG c.h.p.o.d.PodServiceAccountResource - [updatelo] Desired PodServiceAccountResource (serviceAccountName: hivemq-platform-pod-test-hivemq-platform)
2025-01-29 13:58:17,257 INFO c.h.h.t.HelmChartContainer - [hivemq-test-hivemq-platform] [hivemq-platform-operator] [16714659] 13:58:17.255 [pool-6-thread-43] DEBUG c.h.p.o.d.StatefulSetResource - [updatelo] Desired StatefulSet (1 replicas) for status STARTING (READY)
2025-01-29 13:58:17,264 INFO c.h.h.t.HelmChartContainer - [hivemq-test-hivemq-platform] [hivemq-platform-operator] [16714659] 13:58:17.262 [ReconcilerExecutor-hivemq-controller-115] INFO  c.h.p.o.HiveMQPlatformReconciler - [updatelo] Reconciling HiveMQ Platform 'test-hivemq-platform' in namespace 'updateloglevelit'
2025-01-29 13:58:17,264 INFO c.h.h.t.HelmChartContainer - [hivemq-test-hivemq-platform] [hivemq-platform-operator] [16714659] 13:58:17.262 [ReconcilerExecutor-hivemq-controller-115] DEBUG c.h.p.o.HiveMQPlatformReconciler - [updatelo] Custom Resource Status STARTING - HiveMQ Platform is starting (READY)
2025-01-29 13:58:17,264 INFO c.h.h.t.HelmChartContainer - [hivemq-test-hivemq-platform] [hivemq-platform-operator] [16714659] 13:58:17.263 [ReconcilerExecutor-hivemq-controller-115] DEBUG c.h.p.o.HiveMQPlatformReconciler - [updatelo] Custom Resource Spec (replicas: 1) (extensions: 1)
2025-01-29 13:58:17,266 INFO c.h.h.t.HelmChartContainer - [hivemq-test-hivemq-platform] [hivemq-platform-operator] [16714659] 13:58:17.264 [ReconcilerExecutor-hivemq-controller-115] DEBUG c.h.p.o.HiveMQPlatformReconciler - [updatelo] StatefulSet Status (revision: test-hivemq-platform-b697f795f, replicas: 1, available: 1, ready: 1, current: 1, updated: 1)
2025-01-29 13:58:17,266 INFO c.h.h.t.HelmChartContainer - [hivemq-test-hivemq-platform] [hivemq-platform-operator] [16714659] 13:58:17.264 [ReconcilerExecutor-hivemq-controller-115] DEBUG c.h.p.o.HiveMQPlatformReconciler - [updatelo] StatefulSet Spec (replicas: 1, init containers: 1, containers: 1, volumes: 3)
2025-01-29 13:58:17,270 INFO c.h.h.t.HelmChartContainer - [hivemq-test-hivemq-platform] [hivemq-platform-operator] [16714659] 13:58:17.267 [ReconcilerExecutor-hivemq-controller-115] DEBUG c.h.p.o.h.HiveMQPlatformReconcilerErrorHandler - [updatelo] Pod 'test-hivemq-platform-0' phase Running
2025-01-29 13:58:17,271 INFO c.h.h.t.HelmChartContainer - [hivemq-test-hivemq-platform] [hivemq-platform-operator] [16714659] 13:58:17.267 [ReconcilerExecutor-hivemq-controller-115] INFO  c.h.p.o.h.HiveMQPlatformReconcilerBaseHandler - [updatelo] HiveMQ Platform started successfully
2025-01-29 13:58:17,366 INFO c.h.h.t.HelmChartContainer - [hivemq-test-hivemq-platform] [hivemq-platform-operator] [16714659] 13:58:17.365 [ReconcilerExecutor-hivemq-controller-115] DEBUG c.h.p.operator.event.EventSender - [updatelo] Creating K8s event hivemq-platform-ready: [Ready] HiveMQ Platform is ready
2025-01-29 13:58:17,369 INFO c.h.h.t.HelmChartContainer - [EVENT] Normal [Ready] HiveMQ Platform is ready [updateloglevelit:test-hivemq-platform]
2025-01-29 13:58:17,370 INFO c.h.h.t.HelmChartContainer - [hivemq-test-hivemq-platform] [hivemq-platform-operator] [16714659] 13:58:17.369 [ReconcilerExecutor-hivemq-controller-115] INFO  c.h.p.o.h.AbstractHiveMQReconcilerStateHandler - [updatelo] Update HiveMQ Platform Status (STARTING [READY] -> RUNNING [READY]): HiveMQ Platform is ready
2025-01-29 13:58:17,379 DEBUG com.hivemq.helmcharts.util.K8sUtil - Comparing actual state 'RUNNING' and waiting for 'RUNNING'
2025-01-29 13:58:17,458 INFO c.h.h.t.HelmChartContainer - [hivemq-test-hivemq-platform] [hivemq-platform-operator] [16714659] 13:58:17.456 [pool-6-thread-3] DEBUG c.h.p.o.d.PlatformServiceResource - [updatelo] Desired Platform services (3 services)
2025-01-29 13:58:17,458 INFO c.h.h.t.HelmChartContainer - [hivemq-test-hivemq-platform] [hivemq-platform-operator] [16714659] 13:58:17.456 [pool-6-thread-9] DEBUG c.h.p.o.dependants.PodInfoConfigMap - [updatelo] Desired PodInfo ConfigMap (1 extensions) (1 enabled)
2025-01-29 13:58:17,460 INFO c.h.h.t.HelmChartContainer - [hivemq-test-hivemq-platform] [hivemq-platform-operator] [16714659] 13:58:17.458 [pool-6-thread-9] DEBUG c.h.p.o.dependants.PodInfoConfigMap - [updatelo] Desired PodInfo ConfigMap (metrics port: 9399) (metrics path: /)
2025-01-29 13:58:17,461 INFO c.h.h.t.HelmChartContainer - [hivemq-test-hivemq-platform] [hivemq-platform-operator] [16714659] 13:58:17.458 [pool-6-thread-9] DEBUG c.h.p.o.dependants.PodInfoConfigMap - [updatelo] Desired PodInfo ConfigMap (extension state hash: -1817474005)
2025-01-29 13:58:17,461 INFO c.h.h.t.HelmChartContainer - [hivemq-test-hivemq-platform] [hivemq-platform-operator] [16714659] 13:58:17.459 [pool-6-thread-9] DEBUG c.h.p.o.dependants.PodInfoConfigMap - [updatelo] Update PodInfo ConfigMap
2025-01-29 13:58:17,461 INFO c.h.h.t.HelmChartContainer - [hivemq-test-hivemq-platform] [hivemq-platform-operator] [16714659] 13:58:17.457 [pool-6-thread-4] DEBUG c.h.p.o.d.PodServiceAccountResource - [updatelo] Desired PodServiceAccountResource (serviceAccountName: hivemq-platform-pod-test-hivemq-platform)
2025-01-29 13:58:17,469 INFO c.h.h.t.HelmChartContainer - [hivemq-test-hivemq-platform] [hivemq-platform-operator] [16714659] 13:58:17.467 [pool-6-thread-9] DEBUG c.h.p.o.d.StatefulSetResource - [updatelo] Desired StatefulSet (1 replicas) for status RUNNING (READY)
2025-01-29 13:58:17,472 INFO c.h.h.t.HelmChartContainer - [hivemq-test-hivemq-platform] [hivemq-platform-operator] [16714659] 13:58:17.472 [ReconcilerExecutor-hivemq-controller-116] INFO  c.h.p.o.HiveMQPlatformReconciler - [updatelo] Reconciling HiveMQ Platform 'test-hivemq-platform' in namespace 'updateloglevelit'
2025-01-29 13:58:17,472 INFO c.h.h.t.HelmChartContainer - [hivemq-test-hivemq-platform] [hivemq-platform-operator] [16714659] 13:58:17.472 [ReconcilerExecutor-hivemq-controller-116] DEBUG c.h.p.o.HiveMQPlatformReconciler - [updatelo] Custom Resource Status RUNNING - HiveMQ Platform is ready (READY)
2025-01-29 13:58:17,472 INFO c.h.h.t.HelmChartContainer - [hivemq-test-hivemq-platform] [hivemq-platform-operator] [16714659] 13:58:17.472 [ReconcilerExecutor-hivemq-controller-116] DEBUG c.h.p.o.HiveMQPlatformReconciler - [updatelo] Custom Resource Spec (replicas: 1) (extensions: 1)
2025-01-29 13:58:17,555 INFO c.h.h.t.HelmChartContainer - [hivemq-test-hivemq-platform] [hivemq-platform-operator] [16714659] 13:58:17.554 [ReconcilerExecutor-hivemq-controller-116] DEBUG c.h.p.o.HiveMQPlatformReconciler - [updatelo] StatefulSet Status (revision: test-hivemq-platform-b697f795f, replicas: 1, available: 1, ready: 1, current: 1, updated: 1)
2025-01-29 13:58:17,555 INFO c.h.h.t.HelmChartContainer - [hivemq-test-hivemq-platform] [hivemq-platform-operator] [16714659] 13:58:17.554 [ReconcilerExecutor-hivemq-controller-116] DEBUG c.h.p.o.HiveMQPlatformReconciler - [updatelo] StatefulSet Spec (replicas: 1, init containers: 1, containers: 1, volumes: 3)
2025-01-29 13:58:17,556 INFO c.h.h.t.HelmChartContainer - [hivemq-test-hivemq-platform] [hivemq-platform-operator] [16714659] 13:58:17.555 [ReconcilerExecutor-hivemq-controller-116] DEBUG c.h.p.o.h.HiveMQPlatformReconcilerErrorHandler - [updatelo] Pod 'test-hivemq-platform-0' phase Running
2025-01-29 13:58:19,388 INFO c.h.h.platform.UpdateLogLevelIT - Assert original logback.xml in pods
2025-01-29 13:58:19,480 INFO c.h.h.platform.UpdateLogLevelIT - Trigger update of log level
2025-01-29 13:58:19,536 DEBUG c.h.h.t.HelmChartContainer - Executing helm command: /bin/helm --kubeconfig /etc/rancher/k3s/k3s.yaml upgrade test-hivemq-platform /charts/hivemq-platform --wait --timeout 5m0s --set image.repository=docker.io/hivemq --set image.tag=4.36.0 --set image.pullPolicy=Never --set nodes.resources.cpu=512m --set nodes.logLevel=WARN --namespace updateloglevelit
2025-01-29 13:58:19,876 INFO c.h.h.t.HelmChartContainer - [hivemq-test-hivemq-platform] [hivemq-platform-operator] [16714659] 13:58:19.872 [pool-6-thread-19] DEBUG c.h.p.o.d.PlatformServiceResource - [updatelo] Desired Platform services (3 services)
2025-01-29 13:58:19,876 INFO c.h.h.t.HelmChartContainer - [hivemq-test-hivemq-platform] [hivemq-platform-operator] [16714659] 13:58:19.872 [pool-6-thread-14] DEBUG c.h.p.o.dependants.PodInfoConfigMap - [updatelo] Desired PodInfo ConfigMap (1 extensions) (1 enabled)
2025-01-29 13:58:19,876 INFO c.h.h.t.HelmChartContainer - [hivemq-test-hivemq-platform] [hivemq-platform-operator] [16714659] 13:58:19.873 [pool-6-thread-14] DEBUG c.h.p.o.dependants.PodInfoConfigMap - [updatelo] Desired PodInfo ConfigMap (metrics port: 9399) (metrics path: /)
2025-01-29 13:58:19,876 INFO c.h.h.t.HelmChartContainer - [hivemq-test-hivemq-platform] [hivemq-platform-operator] [16714659] 13:58:19.873 [pool-6-thread-14] DEBUG c.h.p.o.dependants.PodInfoConfigMap - [updatelo] Desired PodInfo ConfigMap (extension state hash: -1817474005)
2025-01-29 13:58:19,879 INFO c.h.h.t.HelmChartContainer - [hivemq-test-hivemq-platform] [hivemq-platform-operator] [16714659] 13:58:19.875 [pool-6-thread-14] DEBUG c.h.p.o.dependants.PodInfoConfigMap - [updatelo] Update PodInfo ConfigMap
2025-01-29 13:58:19,879 INFO c.h.h.t.HelmChartContainer - [hivemq-test-hivemq-platform] [hivemq-platform-operator] [16714659] 13:58:19.875 [pool-6-thread-14] INFO  c.h.p.o.dependants.PodInfoConfigMap - [updatelo] Log level was updated, triggering set log level
2025-01-29 13:58:19,879 INFO c.h.h.t.HelmChartContainer - [hivemq-test-hivemq-platform] [hivemq-platform-operator] [16714659] 13:58:19.877 [pool-6-thread-16] DEBUG c.h.p.o.d.PodServiceAccountResource - [updatelo] Desired PodServiceAccountResource (serviceAccountName: hivemq-platform-pod-test-hivemq-platform)
2025-01-29 13:58:19,972 INFO c.h.h.t.HelmChartContainer - [hivemq-test-hivemq-platform] [hivemq-platform-operator] [16714659] 13:58:19.959 [pool-6-thread-14] DEBUG c.h.p.o.d.StatefulSetResource - [updatelo] Desired StatefulSet (2 replicas) for status RUNNING (READY)
2025-01-29 13:58:19,972 INFO c.h.h.t.HelmChartContainer - [hivemq-test-hivemq-platform] [hivemq-platform-operator] [16714659] 13:58:19.962 [pool-6-thread-14] DEBUG c.h.p.o.d.StatefulSetResource - [updatelo] Update StatefulSet (replicas: 1 -> 2)
2025-01-29 13:58:19,975 INFO c.h.h.t.HelmChartContainer - [hivemq-test-hivemq-platform] [hivemq-platform-operator] [16714659] 13:58:19.973 [pool-6-thread-14] INFO  c.h.p.o.d.StatefulSetResource - [updatelo] Replica count was updated, triggering scaling
2025-01-29 13:58:20,048 DEBUG com.hivemq.helmcharts.util.K8sUtil - Comparing actual state 'RUNNING' and waiting for 'SET_LOG_LEVEL'
2025-01-29 13:58:20,072 INFO c.h.h.t.HelmChartContainer - [hivemq-test-hivemq-platform] [hivemq-platform-operator] [16714659] 13:58:20.069 [ReconcilerExecutor-hivemq-controller-117] INFO  c.h.p.o.HiveMQPlatformReconciler - [updatelo] Reconciling HiveMQ Platform 'test-hivemq-platform' in namespace 'updateloglevelit'
2025-01-29 13:58:20,072 INFO c.h.h.t.HelmChartContainer - [hivemq-test-hivemq-platform] [hivemq-platform-operator] [16714659] 13:58:20.069 [ReconcilerExecutor-hivemq-controller-117] DEBUG c.h.p.o.HiveMQPlatformReconciler - [updatelo] Custom Resource Status RUNNING - HiveMQ Platform is ready (READY) (reconciliation requests: SET_LOG_LEVEL, SCALING, REQUESTS_UPDATED)
2025-01-29 13:58:20,072 INFO c.h.h.t.HelmChartContainer - [hivemq-test-hivemq-platform] [hivemq-platform-operator] [16714659] 13:58:20.069 [ReconcilerExecutor-hivemq-controller-117] DEBUG c.h.p.o.HiveMQPlatformReconciler - [updatelo] Custom Resource Spec (replicas: 2) (extensions: 1)
2025-01-29 13:58:20,072 INFO c.h.h.t.HelmChartContainer - [hivemq-test-hivemq-platform] [hivemq-platform-operator] [16714659] 13:58:20.070 [ReconcilerExecutor-hivemq-controller-117] DEBUG c.h.p.o.HiveMQPlatformReconciler - [updatelo] StatefulSet Status (revision: test-hivemq-platform-b697f795f, replicas: 1, available: 1, ready: 1, current: 1, updated: 1)
2025-01-29 13:58:20,078 INFO c.h.h.t.HelmChartContainer - [POD] test-hivemq-platform-1 [55a38c4d-b218-4873-a475-6f3ec2e0f344] in updateloglevelit was ADDED
2025-01-29 13:58:20,078 INFO c.h.h.t.HelmChartContainer - [EVENT] Normal [SuccessfulCreate] create Pod test-hivemq-platform-1 in StatefulSet test-hivemq-platform successful [updateloglevelit:test-hivemq-platform]
2025-01-29 13:58:20,089 INFO c.h.h.t.HelmChartContainer - [POD] test-hivemq-platform-1 [55a38c4d-b218-4873-a475-6f3ec2e0f344] in updateloglevelit was MODIFIED
2025-01-29 13:58:20,091 INFO c.h.h.t.HelmChartContainer - [EVENT] Normal [Scheduled] Successfully assigned updateloglevelit/test-hivemq-platform-1 to 733f751f2ac3 [updateloglevelit:test-hivemq-platform-1]
2025-01-29 13:58:20,100 INFO c.h.h.t.HelmChartContainer - [POD] test-hivemq-platform-1 [55a38c4d-b218-4873-a475-6f3ec2e0f344] in updateloglevelit was MODIFIED
2025-01-29 13:58:20,154 INFO c.h.h.t.HelmChartContainer - [hivemq-test-hivemq-platform] [hivemq-platform-operator] [16714659] 13:58:20.153 [ReconcilerExecutor-hivemq-controller-117] DEBUG c.h.p.o.HiveMQPlatformReconciler - [updatelo] StatefulSet Spec (replicas: 2, init containers: 1, containers: 1, volumes: 3)
2025-01-29 13:58:20,160 INFO c.h.h.t.HelmChartContainer - [hivemq-test-hivemq-platform] [hivemq-platform-operator] [16714659] 13:58:20.155 [ReconcilerExecutor-hivemq-controller-117] DEBUG c.h.p.o.h.HiveMQPlatformReconcilerErrorHandler - [updatelo] Pod 'test-hivemq-platform-0' phase Running
2025-01-29 13:58:20,160 INFO c.h.h.t.HelmChartContainer - [hivemq-test-hivemq-platform] [hivemq-platform-operator] [16714659] 13:58:20.158 [ReconcilerExecutor-hivemq-controller-117] INFO  c.h.p.o.h.HiveMQPlatformReconcilerBaseHandler - [updatelo] Started update of log level (changing to WARN)
2025-01-29 13:58:20,179 INFO c.h.h.t.HelmChartContainer - [K3S] [reconciler_common.go:251] "operationExecutor.VerifyControllerAttachedVolume started for volume \"broker-configuration\" (UniqueName: \"kubernetes.io/configmap/55a38c4d-b218-4873-a475-6f3ec2e0f344-broker-configuration\") pod \"test-hivemq-platform-1\" (UID: \"55a38c4d-b218-4873-a475-6f3ec2e0f344\") " pod="updateloglevelit/test-hivemq-platform-1"
2025-01-29 13:58:20,180 INFO c.h.h.t.HelmChartContainer - [K3S] [reconciler_common.go:251] "operationExecutor.VerifyControllerAttachedVolume started for volume \"kube-api-access-6g4j4\" (UniqueName: \"kubernetes.io/projected/55a38c4d-b218-4873-a475-6f3ec2e0f344-kube-api-access-6g4j4\") pod \"test-hivemq-platform-1\" (UID: \"55a38c4d-b218-4873-a475-6f3ec2e0f344\") " pod="updateloglevelit/test-hivemq-platform-1"
2025-01-29 13:58:20,180 INFO c.h.h.t.HelmChartContainer - [K3S] [reconciler_common.go:251] "operationExecutor.VerifyControllerAttachedVolume started for volume \"operator-init\" (UniqueName: \"kubernetes.io/empty-dir/55a38c4d-b218-4873-a475-6f3ec2e0f344-operator-init\") pod \"test-hivemq-platform-1\" (UID: \"55a38c4d-b218-4873-a475-6f3ec2e0f344\") " pod="updateloglevelit/test-hivemq-platform-1"
2025-01-29 13:58:20,180 INFO c.h.h.t.HelmChartContainer - [K3S] [reconciler_common.go:251] "operationExecutor.VerifyControllerAttachedVolume started for volume \"pod-info\" (UniqueName: \"kubernetes.io/configmap/55a38c4d-b218-4873-a475-6f3ec2e0f344-pod-info\") pod \"test-hivemq-platform-1\" (UID: \"55a38c4d-b218-4873-a475-6f3ec2e0f344\") " pod="updateloglevelit/test-hivemq-platform-1"
2025-01-29 13:58:20,261 INFO c.h.h.t.HelmChartContainer - [hivemq-test-hivemq-platform] [hivemq-platform-operator] [16714659] 13:58:20.260 [ReconcilerExecutor-hivemq-controller-117] DEBUG c.h.p.operator.event.EventSender - [updatelo] Creating K8s event set-log-level-started: [SetLogLevel] HiveMQ Platform is updating the log level to WARN
2025-01-29 13:58:20,264 INFO c.h.h.t.HelmChartContainer - [EVENT] Normal [SetLogLevel] HiveMQ Platform is updating the log level to WARN [updateloglevelit:test-hivemq-platform]
2025-01-29 13:58:20,265 INFO c.h.h.t.HelmChartContainer - [hivemq-test-hivemq-platform] [hivemq-platform-operator] [16714659] 13:58:20.265 [ReconcilerExecutor-hivemq-controller-117] INFO  c.h.p.o.h.AbstractHiveMQReconcilerStateHandler - [updatelo] Update HiveMQ Platform Status (RUNNING [READY] -> SET_LOG_LEVEL [SET_LOG_LEVEL]): HiveMQ Platform is updating the log level to WARN (reconciliation requests: SCALING)
2025-01-29 13:58:20,273 DEBUG com.hivemq.helmcharts.util.K8sUtil - Comparing actual state 'SET_LOG_LEVEL' and waiting for 'SET_LOG_LEVEL'
2025-01-29 13:58:20,279 DEBUG com.hivemq.helmcharts.util.K8sUtil - Comparing actual state 'SET_LOG_LEVEL' and waiting for 'RUNNING'
2025-01-29 13:58:20,354 INFO c.h.h.t.HelmChartContainer - [hivemq-test-hivemq-platform] [hivemq-platform-operator] [16714659] 13:58:20.353 [pool-6-thread-25] DEBUG c.h.p.o.d.PlatformServiceResource - [updatelo] Desired Platform services (3 services)
2025-01-29 13:58:20,355 INFO c.h.h.t.HelmChartContainer - [hivemq-test-hivemq-platform] [hivemq-platform-operator] [16714659] 13:58:20.354 [pool-6-thread-23] DEBUG c.h.p.o.dependants.PodInfoConfigMap - [updatelo] Desired PodInfo ConfigMap (1 extensions) (1 enabled)
2025-01-29 13:58:20,356 INFO c.h.h.t.HelmChartContainer - [hivemq-test-hivemq-platform] [hivemq-platform-operator] [16714659] 13:58:20.354 [pool-6-thread-23] DEBUG c.h.p.o.dependants.PodInfoConfigMap - [updatelo] Desired PodInfo ConfigMap (metrics port: 9399) (metrics path: /)
2025-01-29 13:58:20,357 INFO c.h.h.t.HelmChartContainer - [hivemq-test-hivemq-platform] [hivemq-platform-operator] [16714659] 13:58:20.354 [pool-6-thread-23] DEBUG c.h.p.o.dependants.PodInfoConfigMap - [updatelo] Desired PodInfo ConfigMap (extension state hash: -1817474005)
2025-01-29 13:58:20,357 INFO c.h.h.t.HelmChartContainer - [hivemq-test-hivemq-platform] [hivemq-platform-operator] [16714659] 13:58:20.356 [pool-6-thread-22] DEBUG c.h.p.o.d.PodServiceAccountResource - [updatelo] Desired PodServiceAccountResource (serviceAccountName: hivemq-platform-pod-test-hivemq-platform)
2025-01-29 13:58:20,358 INFO c.h.h.t.HelmChartContainer - [hivemq-test-hivemq-platform] [hivemq-platform-operator] [16714659] 13:58:20.358 [pool-6-thread-23] DEBUG c.h.p.o.dependants.PodInfoConfigMap - [updatelo] Update PodInfo ConfigMap
2025-01-29 13:58:20,368 INFO c.h.h.t.HelmChartContainer - [hivemq-test-hivemq-platform] [hivemq-platform-operator] [16714659] 13:58:20.367 [pool-6-thread-30] DEBUG c.h.p.o.d.StatefulSetResource - [updatelo] Desired StatefulSet (2 replicas) for status SET_LOG_LEVEL (SET_LOG_LEVEL)
2025-01-29 13:58:20,370 INFO c.h.h.t.HelmChartContainer - [hivemq-test-hivemq-platform] [hivemq-platform-operator] [16714659] 13:58:20.370 [ReconcilerExecutor-hivemq-controller-118] INFO  c.h.p.o.HiveMQPlatformReconciler - [updatelo] Reconciling HiveMQ Platform 'test-hivemq-platform' in namespace 'updateloglevelit'
2025-01-29 13:58:20,371 INFO c.h.h.t.HelmChartContainer - [hivemq-test-hivemq-platform] [hivemq-platform-operator] [16714659] 13:58:20.370 [ReconcilerExecutor-hivemq-controller-118] DEBUG c.h.p.o.HiveMQPlatformReconciler - [updatelo] Custom Resource Status SET_LOG_LEVEL - HiveMQ Platform is updating the log level to WARN (SET_LOG_LEVEL) (reconciliation requests: SCALING)
2025-01-29 13:58:20,371 INFO c.h.h.t.HelmChartContainer - [hivemq-test-hivemq-platform] [hivemq-platform-operator] [16714659] 13:58:20.370 [ReconcilerExecutor-hivemq-controller-118] DEBUG c.h.p.o.HiveMQPlatformReconciler - [updatelo] Custom Resource Spec (replicas: 2) (extensions: 1)
2025-01-29 13:58:20,373 INFO c.h.h.t.HelmChartContainer - [hivemq-test-hivemq-platform] [hivemq-platform-operator] [16714659] 13:58:20.372 [ReconcilerExecutor-hivemq-controller-118] DEBUG c.h.p.o.HiveMQPlatformReconciler - [updatelo] StatefulSet Status (revision: test-hivemq-platform-b697f795f, replicas: 2, available: 1, ready: 1, current: 2, updated: 2)
2025-01-29 13:58:20,373 INFO c.h.h.t.HelmChartContainer - [hivemq-test-hivemq-platform] [hivemq-platform-operator] [16714659] 13:58:20.372 [ReconcilerExecutor-hivemq-controller-118] DEBUG c.h.p.o.HiveMQPlatformReconciler - [updatelo] StatefulSet Spec (replicas: 2, init containers: 1, containers: 1, volumes: 3)
2025-01-29 13:58:20,456 INFO c.h.h.t.HelmChartContainer - [hivemq-test-hivemq-platform] [hivemq-platform-operator] [16714659] 13:58:20.455 [ReconcilerExecutor-hivemq-controller-118] DEBUG c.h.p.o.h.HiveMQPlatformReconcilerErrorHandler - [updatelo] Pod 'test-hivemq-platform-1' phase Pending
2025-01-29 13:58:20,457 INFO c.h.h.t.HelmChartContainer - [hivemq-test-hivemq-platform] [hivemq-platform-operator] [16714659] 13:58:20.455 [ReconcilerExecutor-hivemq-controller-118] DEBUG c.h.p.o.h.HiveMQPlatformReconcilerErrorHandler - [updatelo] Pod 'test-hivemq-platform-1' condition 'PodReadyToStartContainers': False
2025-01-29 13:58:20,457 INFO c.h.h.t.HelmChartContainer - [hivemq-test-hivemq-platform] [hivemq-platform-operator] [16714659] 13:58:20.455 [ReconcilerExecutor-hivemq-controller-118] DEBUG c.h.p.o.h.HiveMQPlatformReconcilerErrorHandler - [updatelo] Pod 'test-hivemq-platform-1' condition 'Initialized': False
2025-01-29 13:58:20,457 INFO c.h.h.t.HelmChartContainer - [hivemq-test-hivemq-platform] [hivemq-platform-operator] [16714659] 13:58:20.455 [ReconcilerExecutor-hivemq-controller-118] DEBUG c.h.p.o.h.HiveMQPlatformReconcilerErrorHandler - [updatelo] Pod 'test-hivemq-platform-1' condition 'Ready': False
2025-01-29 13:58:20,457 INFO c.h.h.t.HelmChartContainer - [hivemq-test-hivemq-platform] [hivemq-platform-operator] [16714659] 13:58:20.455 [ReconcilerExecutor-hivemq-controller-118] DEBUG c.h.p.o.h.HiveMQPlatformReconcilerErrorHandler - [updatelo] Pod 'test-hivemq-platform-1' condition 'ContainersReady': False
2025-01-29 13:58:20,457 INFO c.h.h.t.HelmChartContainer - [hivemq-test-hivemq-platform] [hivemq-platform-operator] [16714659] 13:58:20.455 [ReconcilerExecutor-hivemq-controller-118] DEBUG c.h.p.o.h.HiveMQPlatformReconcilerErrorHandler - [updatelo] Pod 'test-hivemq-platform-1' condition 'PodScheduled': True
2025-01-29 13:58:20,457 INFO c.h.h.t.HelmChartContainer - [hivemq-test-hivemq-platform] [hivemq-platform-operator] [16714659] 13:58:20.455 [ReconcilerExecutor-hivemq-controller-118] DEBUG c.h.p.o.h.HiveMQPlatformReconcilerErrorHandler - [updatelo] Pod 'test-hivemq-platform-1' containerStatus 'hivemq' (started: false) (ready: false) (waiting: [PodInitializing] null)
2025-01-29 13:58:20,465 INFO c.h.h.t.HelmChartContainer - [hivemq-test-hivemq-platform] [hivemq-platform-operator] [16714659] 13:58:20.464 [ReconcilerExecutor-hivemq-controller-118] DEBUG c.h.p.o.h.HiveMQPlatformReconcilerErrorHandler - [updatelo] Pod 'test-hivemq-platform-0' phase Running
2025-01-29 13:58:20,488 INFO c.h.h.t.HelmChartContainer - [EVENT] Normal [Pulled] Container image "docker.io/hivemq/hivemq-platform-operator-init-test:snapshot" already present on machine [updateloglevelit:test-hivemq-platform-1]
2025-01-29 13:58:20,504 INFO c.h.h.t.HelmChartContainer - [EVENT] Normal [Created] Created container: hivemq-platform-operator-init [updateloglevelit:test-hivemq-platform-1]
2025-01-29 13:58:20,548 INFO c.h.h.t.HelmChartContainer - [EVENT] Normal [Started] Started container hivemq-platform-operator-init [updateloglevelit:test-hivemq-platform-1]
2025-01-29 13:58:20,560 INFO c.h.h.t.HelmChartContainer - [hivemq-test-hivemq-platform] [hivemq-platform-operator] [16714659] 13:58:20.559 [ReconcilerExecutor-hivemq-controller-118] DEBUG c.h.p.o.h.HiveMQPlatformReconcilerSetLogLevelHandler - [updatelo] Setting log level on Pod 'test-hivemq-platform-1'
2025-01-29 13:58:20,563 INFO c.h.h.t.HelmChartContainer - [hivemq-test-hivemq-platform] [hivemq-platform-operator] [16714659] 13:58:20.561 [ForkJoinPool.commonPool-worker-1] DEBUG c.h.p.o.h.HiveMQPlatformReconcilerSetLogLevelHandler - [updatelo] Setting log level on Pod 'test-hivemq-platform-0'
2025-01-29 13:58:20,575 INFO c.h.h.t.HelmChartContainer - [hivemq-test-hivemq-platform] [hivemq-platform-operator] [16714659] 13:58:20.574 [ReconcilerExecutor-hivemq-controller-118] DEBUG c.h.platform.operator.util.PodUtil - Pod 'test-hivemq-platform-1' is not running
2025-01-29 13:58:20,578 INFO c.h.h.t.HelmChartContainer - [hivemq-test-hivemq-platform] [hivemq-platform-operator] [16714659] 13:58:20.576 [ReconcilerExecutor-hivemq-controller-118] ERROR i.j.o.p.event.EventProcessor - Error during event processing ExecutionScope{ resource id: ResourceID{name='test-hivemq-platform', namespace='updateloglevelit'}, version: 904}
2025-01-29 13:58:20,579 INFO c.h.h.t.HelmChartContainer - [hivemq-test-hivemq-platform] [hivemq-platform-operator] [16714659] io.javaoperatorsdk.operator.OperatorException: java.lang.IllegalStateException: Pod 'test-hivemq-platform-1' in namespace 'updateloglevelit' is not running, cannot execute command '[curl, -s, http://null:7979/setLogLevel?level=WARN]'
2025-01-29 13:58:20,579 INFO c.h.h.t.HelmChartContainer - [hivemq-test-hivemq-platform] [hivemq-platform-operator] [16714659] 	at io.javaoperatorsdk.operator.monitoring.micrometer.MicrometerMetrics.lambda$timeControllerExecution$0(MicrometerMetrics.java:165)
2025-01-29 13:58:20,579 INFO c.h.h.t.HelmChartContainer - [hivemq-test-hivemq-platform] [hivemq-platform-operator] [16714659] 	at io.micrometer.core.instrument.AbstractTimer.record(AbstractTimer.java:190)
2025-01-29 13:58:20,579 INFO c.h.h.t.HelmChartContainer - [hivemq-test-hivemq-platform] [hivemq-platform-operator] [16714659] 	at io.javaoperatorsdk.operator.monitoring.micrometer.MicrometerMetrics.timeControllerExecution(MicrometerMetrics.java:161)
2025-01-29 13:58:20,579 INFO c.h.h.t.HelmChartContainer - [hivemq-test-hivemq-platform] [hivemq-platform-operator] [16714659] 	at io.javaoperatorsdk.operator.processing.Controller.reconcile(Controller.java:109)
2025-01-29 13:58:20,579 INFO c.h.h.t.HelmChartContainer - [hivemq-test-hivemq-platform] [hivemq-platform-operator] [16714659] 	at io.javaoperatorsdk.operator.processing.event.ReconciliationDispatcher.reconcileExecution(ReconciliationDispatcher.java:136)
2025-01-29 13:58:20,579 INFO c.h.h.t.HelmChartContainer - [hivemq-test-hivemq-platform] [hivemq-platform-operator] [16714659] 	at io.javaoperatorsdk.operator.processing.event.ReconciliationDispatcher.handleReconcile(ReconciliationDispatcher.java:117)
2025-01-29 13:58:20,579 INFO c.h.h.t.HelmChartContainer - [hivemq-test-hivemq-platform] [hivemq-platform-operator] [16714659] 	at io.javaoperatorsdk.operator.processing.event.ReconciliationDispatcher.handleDispatch(ReconciliationDispatcher.java:91)
2025-01-29 13:58:20,579 INFO c.h.h.t.HelmChartContainer - [hivemq-test-hivemq-platform] [hivemq-platform-operator] [16714659] 	at io.javaoperatorsdk.operator.processing.event.ReconciliationDispatcher.handleExecution(ReconciliationDispatcher.java:64)
2025-01-29 13:58:20,579 INFO c.h.h.t.HelmChartContainer - [hivemq-test-hivemq-platform] [hivemq-platform-operator] [16714659] 	at io.javaoperatorsdk.operator.processing.event.EventProcessor$ReconcilerExecutor.run(EventProcessor.java:452)
2025-01-29 13:58:20,579 INFO c.h.h.t.HelmChartContainer - [hivemq-test-hivemq-platform] [hivemq-platform-operator] [16714659] 	at java.base/java.util.concurrent.ThreadPoolExecutor.runWorker(Unknown Source)
2025-01-29 13:58:20,579 INFO c.h.h.t.HelmChartContainer - [hivemq-test-hivemq-platform] [hivemq-platform-operator] [16714659] 	at java.base/java.util.concurrent.ThreadPoolExecutor$Worker.run(Unknown Source)
2025-01-29 13:58:20,579 INFO c.h.h.t.HelmChartContainer - [hivemq-test-hivemq-platform] [hivemq-platform-operator] [16714659] 	at java.base/java.lang.Thread.run(Unknown Source)
2025-01-29 13:58:20,579 INFO c.h.h.t.HelmChartContainer - [hivemq-test-hivemq-platform] [hivemq-platform-operator] [16714659] Caused by: java.lang.IllegalStateException: Pod 'test-hivemq-platform-1' in namespace 'updateloglevelit' is not running, cannot execute command '[curl, -s, http://null:7979/setLogLevel?level=WARN]'
2025-01-29 13:58:20,579 INFO c.h.h.t.HelmChartContainer - [hivemq-test-hivemq-platform] [hivemq-platform-operator] [16714659] 	at com.hivemq.platform.operator.util.PodUtil.execute(PodUtil.java:74)
2025-01-29 13:58:20,579 INFO c.h.h.t.HelmChartContainer - [hivemq-test-hivemq-platform] [hivemq-platform-operator] [16714659] 	at com.hivemq.platform.operator.util.RestApiUtil.lambda$callRestApi$1(RestApiUtil.java:44)
2025-01-29 13:58:20,579 INFO c.h.h.t.HelmChartContainer - [hivemq-test-hivemq-platform] [hivemq-platform-operator] [16714659] 	at java.base/java.util.stream.ForEachOps$ForEachOp$OfRef.accept(Unknown Source)
2025-01-29 13:58:20,579 INFO c.h.h.t.HelmChartContainer - [hivemq-test-hivemq-platform] [hivemq-platform-operator] [16714659] 	at java.base/java.util.stream.ReferencePipeline$2$1.accept(Unknown Source)
2025-01-29 13:58:20,579 INFO c.h.h.t.HelmChartContainer - [hivemq-test-hivemq-platform] [hivemq-platform-operator] [16714659] 	at java.base/java.util.ArrayList$ArrayListSpliterator.forEachRemaining(Unknown Source)
2025-01-29 13:58:20,579 INFO c.h.h.t.HelmChartContainer - [hivemq-test-hivemq-platform] [hivemq-platform-operator] [16714659] 	at java.base/java.util.stream.AbstractPipeline.copyInto(Unknown Source)
2025-01-29 13:58:20,579 INFO c.h.h.t.HelmChartContainer - [hivemq-test-hivemq-platform] [hivemq-platform-operator] [16714659] 	at java.base/java.util.stream.ForEachOps$ForEachTask.compute(Unknown Source)
2025-01-29 13:58:20,579 INFO c.h.h.t.HelmChartContainer - [hivemq-test-hivemq-platform] [hivemq-platform-operator] [16714659] 	at java.base/java.util.concurrent.CountedCompleter.exec(Unknown Source)
2025-01-29 13:58:20,579 INFO c.h.h.t.HelmChartContainer - [hivemq-test-hivemq-platform] [hivemq-platform-operator] [16714659] 	at java.base/java.util.concurrent.ForkJoinTask.doExec(Unknown Source)
2025-01-29 13:58:20,579 INFO c.h.h.t.HelmChartContainer - [hivemq-test-hivemq-platform] [hivemq-platform-operator] [16714659] 	at java.base/java.util.concurrent.ForkJoinTask.invoke(Unknown Source)
2025-01-29 13:58:20,579 INFO c.h.h.t.HelmChartContainer - [hivemq-test-hivemq-platform] [hivemq-platform-operator] [16714659] 	at java.base/java.util.stream.ForEachOps$ForEachOp.evaluateParallel(Unknown Source)
2025-01-29 13:58:20,580 INFO c.h.h.t.HelmChartContainer - [hivemq-test-hivemq-platform] [hivemq-platform-operator] [16714659] 	at java.base/java.util.stream.ForEachOps$ForEachOp$OfRef.evaluateParallel(Unknown Source)
2025-01-29 13:58:20,580 INFO c.h.h.t.HelmChartContainer - [hivemq-test-hivemq-platform] [hivemq-platform-operator] [16714659] 	at java.base/java.util.stream.AbstractPipeline.evaluate(Unknown Source)
2025-01-29 13:58:20,580 INFO c.h.h.t.HelmChartContainer - [hivemq-test-hivemq-platform] [hivemq-platform-operator] [16714659] 	at java.base/java.util.stream.ReferencePipeline.forEach(Unknown Source)
2025-01-29 13:58:20,580 INFO c.h.h.t.HelmChartContainer - [hivemq-test-hivemq-platform] [hivemq-platform-operator] [16714659] 	at com.hivemq.platform.operator.util.RestApiUtil.callRestApi(RestApiUtil.java:40)
2025-01-29 13:58:20,580 INFO c.h.h.t.HelmChartContainer - [hivemq-test-hivemq-platform] [hivemq-platform-operator] [16714659] 	at com.hivemq.platform.operator.http.RestApiService.callRestApi(RestApiService.java:63)
2025-01-29 13:58:20,580 INFO c.h.h.t.HelmChartContainer - [hivemq-test-hivemq-platform] [hivemq-platform-operator] [16714659] 	at com.hivemq.platform.operator.handler.HiveMQPlatformReconcilerSetLogLevelHandler.handleSetLogLevel(HiveMQPlatformReconcilerSetLogLevelHandler.java:49)
2025-01-29 13:58:20,581 INFO c.h.h.t.HelmChartContainer - [hivemq-test-hivemq-platform] [hivemq-platform-operator] [16714659] 	at com.hivemq.platform.operator.HiveMQPlatformReconciler.reconcile(HiveMQPlatformReconciler.java:243)
2025-01-29 13:58:20,581 INFO c.h.h.t.HelmChartContainer - [hivemq-test-hivemq-platform] [hivemq-platform-operator] [16714659] 	at com.hivemq.platform.operator.HiveMQPlatformReconciler.reconcile(HiveMQPlatformReconciler.java:227)
2025-01-29 13:58:20,581 INFO c.h.h.t.HelmChartContainer - [hivemq-test-hivemq-platform] [hivemq-platform-operator] [16714659] 	at com.hivemq.platform.operator.HiveMQPlatformReconciler.reconcile(HiveMQPlatformReconciler.java:71)
2025-01-29 13:58:20,581 INFO c.h.h.t.HelmChartContainer - [hivemq-test-hivemq-platform] [hivemq-platform-operator] [16714659] 	at io.javaoperatorsdk.operator.processing.Controller$1.execute(Controller.java:149)
2025-01-29 13:58:20,581 INFO c.h.h.t.HelmChartContainer - [hivemq-test-hivemq-platform] [hivemq-platform-operator] [16714659] 	at io.javaoperatorsdk.operator.processing.Controller$1.execute(Controller.java:110)
2025-01-29 13:58:20,581 INFO c.h.h.t.HelmChartContainer - [hivemq-test-hivemq-platform] [hivemq-platform-operator] [16714659] 	at io.javaoperatorsdk.operator.monitoring.micrometer.MicrometerMetrics.lambda$timeControllerExecution$0(MicrometerMetrics.java:163)
2025-01-29 13:58:20,581 INFO c.h.h.t.HelmChartContainer - [hivemq-test-hivemq-platform] [hivemq-platform-operator] [16714659] 	... 11 common frames omitted
2025-01-29 13:58:20,780 INFO c.h.h.t.HelmChartContainer - [test-hivemq-platform] [hivemq] [6649c669] INFO  - [HiveMQ Platform Operator Init App 1.7.0-SNAPSHOT] Set log level from ${HIVEMQ_LOG_LEVEL:-INFO} to WARN in logback.xml file
2025-01-29 13:58:20,806 INFO c.h.h.t.HelmChartContainer - [hivemq-test-hivemq-platform] [hivemq-platform-operator] [16714659] 13:58:20.805 [vert.x-eventloop-thread-1] DEBUG c.h.platform.operator.util.PodUtil - Received status for command '[curl, -s, http://10.42.0.8:7979/setLogLevel?level=WARN]' on Pod 'test-hivemq-platform-0' (exit code: 0)
2025-01-29 13:58:21,492 INFO c.h.h.t.HelmChartContainer - [EVENT] Normal [Pulled] Container image "docker.io/hivemq/hivemq4:4.36.0" already present on machine [updateloglevelit:test-hivemq-platform-1]
2025-01-29 13:58:21,492 INFO c.h.h.t.HelmChartContainer - Received Pulled event for container hivemq in pod test-hivemq-platform-1 [55a38c4d-b218-4873-a475-6f3ec2e0f344]
2025-01-29 13:58:21,506 INFO c.h.h.t.HelmChartContainer - [POD] test-hivemq-platform-1 [55a38c4d-b218-4873-a475-6f3ec2e0f344] in updateloglevelit was MODIFIED
2025-01-29 13:58:21,514 INFO c.h.h.t.HelmChartContainer - [hivemq-test-hivemq-platform] [hivemq-platform-operator] [16714659] 13:58:21.509 [pool-6-thread-31] DEBUG c.h.p.o.dependants.PodInfoConfigMap - [updatelo] Desired PodInfo ConfigMap (1 extensions) (1 enabled)
2025-01-29 13:58:21,519 INFO c.h.h.t.HelmChartContainer - [EVENT] Normal [Created] Created container: hivemq [updateloglevelit:test-hivemq-platform-1]
2025-01-29 13:58:21,519 INFO c.h.h.t.HelmChartContainer - Received Created event for container hivemq in pod test-hivemq-platform-1 [55a38c4d-b218-4873-a475-6f3ec2e0f344]
2025-01-29 13:58:21,527 INFO c.h.h.t.HelmChartContainer - [hivemq-test-hivemq-platform] [hivemq-platform-operator] [16714659] 13:58:21.509 [pool-6-thread-31] DEBUG c.h.p.o.dependants.PodInfoConfigMap - [updatelo] Desired PodInfo ConfigMap (metrics port: 9399) (metrics path: /)
2025-01-29 13:58:21,527 INFO c.h.h.t.HelmChartContainer - [hivemq-test-hivemq-platform] [hivemq-platform-operator] [16714659] 13:58:21.509 [pool-6-thread-31] DEBUG c.h.p.o.dependants.PodInfoConfigMap - [updatelo] Desired PodInfo ConfigMap (extension state hash: -1817474005)
2025-01-29 13:58:21,527 INFO c.h.h.t.HelmChartContainer - [hivemq-test-hivemq-platform] [hivemq-platform-operator] [16714659] 13:58:21.520 [pool-6-thread-39] DEBUG c.h.p.o.d.PodServiceAccountResource - [updatelo] Desired PodServiceAccountResource (serviceAccountName: hivemq-platform-pod-test-hivemq-platform)
2025-01-29 13:58:21,529 INFO c.h.h.t.HelmChartContainer - [hivemq-test-hivemq-platform] [hivemq-platform-operator] [16714659] 13:58:21.524 [pool-6-thread-34] DEBUG c.h.p.o.d.PlatformServiceResource - [updatelo] Desired Platform services (3 services)
2025-01-29 13:58:21,546 INFO c.h.h.t.HelmChartContainer - [hivemq-test-hivemq-platform] [hivemq-platform-operator] [16714659] 13:58:21.538 [pool-6-thread-34] DEBUG c.h.p.o.d.StatefulSetResource - [updatelo] Desired StatefulSet (2 replicas) for status SET_LOG_LEVEL (SET_LOG_LEVEL)
2025-01-29 13:58:21,559 INFO c.h.h.t.HelmChartContainer - [hivemq-test-hivemq-platform] [hivemq-platform-operator] [16714659] 13:58:21.554 [ReconcilerExecutor-hivemq-controller-121] INFO  c.h.p.o.HiveMQPlatformReconciler - [updatelo] Reconciling HiveMQ Platform 'test-hivemq-platform' in namespace 'updateloglevelit'
2025-01-29 13:58:21,566 INFO c.h.h.t.HelmChartContainer - [hivemq-test-hivemq-platform] [hivemq-platform-operator] [16714659] 13:58:21.555 [ReconcilerExecutor-hivemq-controller-121] DEBUG c.h.p.o.HiveMQPlatformReconciler - [updatelo] Custom Resource Status SET_LOG_LEVEL - HiveMQ Platform is updating the log level to WARN (SET_LOG_LEVEL) (reconciliation requests: SCALING)
2025-01-29 13:58:21,566 INFO c.h.h.t.HelmChartContainer - [hivemq-test-hivemq-platform] [hivemq-platform-operator] [16714659] 13:58:21.555 [ReconcilerExecutor-hivemq-controller-121] DEBUG c.h.p.o.HiveMQPlatformReconciler - [updatelo] Custom Resource Spec (replicas: 2) (extensions: 1)
2025-01-29 13:58:21,566 INFO c.h.h.t.HelmChartContainer - [hivemq-test-hivemq-platform] [hivemq-platform-operator] [16714659] 13:58:21.556 [ReconcilerExecutor-hivemq-controller-121] DEBUG c.h.p.o.HiveMQPlatformReconciler - [updatelo] StatefulSet Status (revision: test-hivemq-platform-b697f795f, replicas: 2, available: 1, ready: 1, current: 2, updated: 2)
2025-01-29 13:58:21,566 INFO c.h.h.t.HelmChartContainer - [hivemq-test-hivemq-platform] [hivemq-platform-operator] [16714659] 13:58:21.557 [ReconcilerExecutor-hivemq-controller-121] DEBUG c.h.p.o.HiveMQPlatformReconciler - [updatelo] StatefulSet Spec (replicas: 2, init containers: 1, containers: 1, volumes: 3)
2025-01-29 13:58:21,566 INFO c.h.h.t.HelmChartContainer - [hivemq-test-hivemq-platform] [hivemq-platform-operator] [16714659] 13:58:21.558 [ReconcilerExecutor-hivemq-controller-121] DEBUG c.h.p.o.h.HiveMQPlatformReconcilerErrorHandler - [updatelo] Pod 'test-hivemq-platform-1' phase Pending
2025-01-29 13:58:21,566 INFO c.h.h.t.HelmChartContainer - [hivemq-test-hivemq-platform] [hivemq-platform-operator] [16714659] 13:58:21.558 [ReconcilerExecutor-hivemq-controller-121] DEBUG c.h.p.o.h.HiveMQPlatformReconcilerErrorHandler - [updatelo] Pod 'test-hivemq-platform-1' condition 'PodReadyToStartContainers': True
2025-01-29 13:58:21,566 INFO c.h.h.t.HelmChartContainer - [hivemq-test-hivemq-platform] [hivemq-platform-operator] [16714659] 13:58:21.558 [ReconcilerExecutor-hivemq-controller-121] DEBUG c.h.p.o.h.HiveMQPlatformReconcilerErrorHandler - [updatelo] Pod 'test-hivemq-platform-1' condition 'Initialized': True
2025-01-29 13:58:21,566 INFO c.h.h.t.HelmChartContainer - [hivemq-test-hivemq-platform] [hivemq-platform-operator] [16714659] 13:58:21.558 [ReconcilerExecutor-hivemq-controller-121] DEBUG c.h.p.o.h.HiveMQPlatformReconcilerErrorHandler - [updatelo] Pod 'test-hivemq-platform-1' condition 'Ready': False
2025-01-29 13:58:21,566 INFO c.h.h.t.HelmChartContainer - [hivemq-test-hivemq-platform] [hivemq-platform-operator] [16714659] 13:58:21.558 [ReconcilerExecutor-hivemq-controller-121] DEBUG c.h.p.o.h.HiveMQPlatformReconcilerErrorHandler - [updatelo] Pod 'test-hivemq-platform-1' condition 'ContainersReady': False
2025-01-29 13:58:21,566 INFO c.h.h.t.HelmChartContainer - [hivemq-test-hivemq-platform] [hivemq-platform-operator] [16714659] 13:58:21.558 [ReconcilerExecutor-hivemq-controller-121] DEBUG c.h.p.o.h.HiveMQPlatformReconcilerErrorHandler - [updatelo] Pod 'test-hivemq-platform-1' condition 'PodScheduled': True
2025-01-29 13:58:21,566 INFO c.h.h.t.HelmChartContainer - [hivemq-test-hivemq-platform] [hivemq-platform-operator] [16714659] 13:58:21.558 [ReconcilerExecutor-hivemq-controller-121] DEBUG c.h.p.o.h.HiveMQPlatformReconcilerErrorHandler - [updatelo] Pod 'test-hivemq-platform-1' containerStatus 'hivemq' (started: false) (ready: false) (waiting: [PodInitializing] null)
2025-01-29 13:58:21,566 INFO c.h.h.t.HelmChartContainer - [hivemq-test-hivemq-platform] [hivemq-platform-operator] [16714659] 13:58:21.561 [ReconcilerExecutor-hivemq-controller-121] DEBUG c.h.p.o.h.HiveMQPlatformReconcilerErrorHandler - [updatelo] Pod 'test-hivemq-platform-0' phase Running
2025-01-29 13:58:21,579 INFO c.h.h.t.HelmChartContainer - [hivemq-test-hivemq-platform] [hivemq-platform-operator] [16714659] 13:58:21.576 [ReconcilerExecutor-hivemq-controller-121] DEBUG c.h.p.o.h.HiveMQPlatformReconcilerSetLogLevelHandler - [updatelo] Setting log level on Pod 'test-hivemq-platform-1'
2025-01-29 13:58:21,582 INFO c.h.h.t.HelmChartContainer - [hivemq-test-hivemq-platform] [hivemq-platform-operator] [16714659] 13:58:21.578 [ForkJoinPool.commonPool-worker-1] DEBUG c.h.p.o.h.HiveMQPlatformReconcilerSetLogLevelHandler - [updatelo] Setting log level on Pod 'test-hivemq-platform-0'
2025-01-29 13:58:21,657 INFO c.h.h.t.HelmChartContainer - [hivemq-test-hivemq-platform] [hivemq-platform-operator] [16714659] 13:58:21.653 [ReconcilerExecutor-hivemq-controller-121] DEBUG c.h.platform.operator.util.PodUtil - Pod 'test-hivemq-platform-1' is not running
2025-01-29 13:58:21,657 INFO c.h.h.t.HelmChartContainer - [hivemq-test-hivemq-platform] [hivemq-platform-operator] [16714659] 13:58:21.653 [ReconcilerExecutor-hivemq-controller-121] ERROR i.j.o.p.event.EventProcessor - Error during event processing ExecutionScope{ resource id: ResourceID{name='test-hivemq-platform', namespace='updateloglevelit'}, version: 904}
2025-01-29 13:58:21,657 INFO c.h.h.t.HelmChartContainer - [hivemq-test-hivemq-platform] [hivemq-platform-operator] [16714659] io.javaoperatorsdk.operator.OperatorException: java.lang.IllegalStateException: Pod 'test-hivemq-platform-1' in namespace 'updateloglevelit' is not running, cannot execute command '[curl, -s, http://10.42.0.9:7979/setLogLevel?level=WARN]'
2025-01-29 13:58:21,657 INFO c.h.h.t.HelmChartContainer - [hivemq-test-hivemq-platform] [hivemq-platform-operator] [16714659] 	at io.javaoperatorsdk.operator.monitoring.micrometer.MicrometerMetrics.lambda$timeControllerExecution$0(MicrometerMetrics.java:165)
2025-01-29 13:58:21,657 INFO c.h.h.t.HelmChartContainer - [hivemq-test-hivemq-platform] [hivemq-platform-operator] [16714659] 	at io.micrometer.core.instrument.AbstractTimer.record(AbstractTimer.java:190)
2025-01-29 13:58:21,657 INFO c.h.h.t.HelmChartContainer - [hivemq-test-hivemq-platform] [hivemq-platform-operator] [16714659] 	at io.javaoperatorsdk.operator.monitoring.micrometer.MicrometerMetrics.timeControllerExecution(MicrometerMetrics.java:161)
2025-01-29 13:58:21,657 INFO c.h.h.t.HelmChartContainer - [hivemq-test-hivemq-platform] [hivemq-platform-operator] [16714659] 	at io.javaoperatorsdk.operator.processing.Controller.reconcile(Controller.java:109)
2025-01-29 13:58:21,657 INFO c.h.h.t.HelmChartContainer - [hivemq-test-hivemq-platform] [hivemq-platform-operator] [16714659] 	at io.javaoperatorsdk.operator.processing.event.ReconciliationDispatcher.reconcileExecution(ReconciliationDispatcher.java:136)
2025-01-29 13:58:21,657 INFO c.h.h.t.HelmChartContainer - [hivemq-test-hivemq-platform] [hivemq-platform-operator] [16714659] 	at io.javaoperatorsdk.operator.processing.event.ReconciliationDispatcher.handleReconcile(ReconciliationDispatcher.java:117)
2025-01-29 13:58:21,657 INFO c.h.h.t.HelmChartContainer - [hivemq-test-hivemq-platform] [hivemq-platform-operator] [16714659] 	at io.javaoperatorsdk.operator.processing.event.ReconciliationDispatcher.handleDispatch(ReconciliationDispatcher.java:91)
2025-01-29 13:58:21,657 INFO c.h.h.t.HelmChartContainer - [hivemq-test-hivemq-platform] [hivemq-platform-operator] [16714659] 	at io.javaoperatorsdk.operator.processing.event.ReconciliationDispatcher.handleExecution(ReconciliationDispatcher.java:64)
2025-01-29 13:58:21,657 INFO c.h.h.t.HelmChartContainer - [hivemq-test-hivemq-platform] [hivemq-platform-operator] [16714659] 	at io.javaoperatorsdk.operator.processing.event.EventProcessor$ReconcilerExecutor.run(EventProcessor.java:452)
2025-01-29 13:58:21,657 INFO c.h.h.t.HelmChartContainer - [hivemq-test-hivemq-platform] [hivemq-platform-operator] [16714659] 	at java.base/java.util.concurrent.ThreadPoolExecutor.runWorker(Unknown Source)
2025-01-29 13:58:21,657 INFO c.h.h.t.HelmChartContainer - [hivemq-test-hivemq-platform] [hivemq-platform-operator] [16714659] 	at java.base/java.util.concurrent.ThreadPoolExecutor$Worker.run(Unknown Source)
2025-01-29 13:58:21,657 INFO c.h.h.t.HelmChartContainer - [hivemq-test-hivemq-platform] [hivemq-platform-operator] [16714659] 	at java.base/java.lang.Thread.run(Unknown Source)
2025-01-29 13:58:21,657 INFO c.h.h.t.HelmChartContainer - [hivemq-test-hivemq-platform] [hivemq-platform-operator] [16714659] Caused by: java.lang.IllegalStateException: Pod 'test-hivemq-platform-1' in namespace 'updateloglevelit' is not running, cannot execute command '[curl, -s, http://10.42.0.9:7979/setLogLevel?level=WARN]'
2025-01-29 13:58:21,657 INFO c.h.h.t.HelmChartContainer - [hivemq-test-hivemq-platform] [hivemq-platform-operator] [16714659] 	at com.hivemq.platform.operator.util.PodUtil.execute(PodUtil.java:74)
2025-01-29 13:58:21,657 INFO c.h.h.t.HelmChartContainer - [hivemq-test-hivemq-platform] [hivemq-platform-operator] [16714659] 	at com.hivemq.platform.operator.util.RestApiUtil.lambda$callRestApi$1(RestApiUtil.java:44)
2025-01-29 13:58:21,657 INFO c.h.h.t.HelmChartContainer - [hivemq-test-hivemq-platform] [hivemq-platform-operator] [16714659] 	at java.base/java.util.stream.ForEachOps$ForEachOp$OfRef.accept(Unknown Source)
2025-01-29 13:58:21,657 INFO c.h.h.t.HelmChartContainer - [hivemq-test-hivemq-platform] [hivemq-platform-operator] [16714659] 	at java.base/java.util.stream.ReferencePipeline$2$1.accept(Unknown Source)
2025-01-29 13:58:21,657 INFO c.h.h.t.HelmChartContainer - [hivemq-test-hivemq-platform] [hivemq-platform-operator] [16714659] 	at java.base/java.util.ArrayList$ArrayListSpliterator.forEachRemaining(Unknown Source)
2025-01-29 13:58:21,657 INFO c.h.h.t.HelmChartContainer - [hivemq-test-hivemq-platform] [hivemq-platform-operator] [16714659] 	at java.base/java.util.stream.AbstractPipeline.copyInto(Unknown Source)
2025-01-29 13:58:21,657 INFO c.h.h.t.HelmChartContainer - [hivemq-test-hivemq-platform] [hivemq-platform-operator] [16714659] 	at java.base/java.util.stream.ForEachOps$ForEachTask.compute(Unknown Source)
2025-01-29 13:58:21,657 INFO c.h.h.t.HelmChartContainer - [hivemq-test-hivemq-platform] [hivemq-platform-operator] [16714659] 	at java.base/java.util.concurrent.CountedCompleter.exec(Unknown Source)
2025-01-29 13:58:21,657 INFO c.h.h.t.HelmChartContainer - [hivemq-test-hivemq-platform] [hivemq-platform-operator] [16714659] 	at java.base/java.util.concurrent.ForkJoinTask.doExec(Unknown Source)
2025-01-29 13:58:21,657 INFO c.h.h.t.HelmChartContainer - [hivemq-test-hivemq-platform] [hivemq-platform-operator] [16714659] 	at java.base/java.util.concurrent.ForkJoinTask.invoke(Unknown Source)
2025-01-29 13:58:21,657 INFO c.h.h.t.HelmChartContainer - [hivemq-test-hivemq-platform] [hivemq-platform-operator] [16714659] 	at java.base/java.util.stream.ForEachOps$ForEachOp.evaluateParallel(Unknown Source)
2025-01-29 13:58:21,657 INFO c.h.h.t.HelmChartContainer - [hivemq-test-hivemq-platform] [hivemq-platform-operator] [16714659] 	at java.base/java.util.stream.ForEachOps$ForEachOp$OfRef.evaluateParallel(Unknown Source)
2025-01-29 13:58:21,657 INFO c.h.h.t.HelmChartContainer - [hivemq-test-hivemq-platform] [hivemq-platform-operator] [16714659] 	at java.base/java.util.stream.AbstractPipeline.evaluate(Unknown Source)
2025-01-29 13:58:21,657 INFO c.h.h.t.HelmChartContainer - [hivemq-test-hivemq-platform] [hivemq-platform-operator] [16714659] 	at java.base/java.util.stream.ReferencePipeline.forEach(Unknown Source)
2025-01-29 13:58:21,657 INFO c.h.h.t.HelmChartContainer - [hivemq-test-hivemq-platform] [hivemq-platform-operator] [16714659] 	at com.hivemq.platform.operator.util.RestApiUtil.callRestApi(RestApiUtil.java:40)
2025-01-29 13:58:21,657 INFO c.h.h.t.HelmChartContainer - [hivemq-test-hivemq-platform] [hivemq-platform-operator] [16714659] 	at com.hivemq.platform.operator.http.RestApiService.callRestApi(RestApiService.java:63)
2025-01-29 13:58:21,657 INFO c.h.h.t.HelmChartContainer - [hivemq-test-hivemq-platform] [hivemq-platform-operator] [16714659] 	at com.hivemq.platform.operator.handler.HiveMQPlatformReconcilerSetLogLevelHandler.handleSetLogLevel(HiveMQPlatformReconcilerSetLogLevelHandler.java:49)
2025-01-29 13:58:21,657 INFO c.h.h.t.HelmChartContainer - [hivemq-test-hivemq-platform] [hivemq-platform-operator] [16714659] 	at com.hivemq.platform.operator.HiveMQPlatformReconciler.reconcile(HiveMQPlatformReconciler.java:243)
2025-01-29 13:58:21,657 INFO c.h.h.t.HelmChartContainer - [hivemq-test-hivemq-platform] [hivemq-platform-operator] [16714659] 	at com.hivemq.platform.operator.HiveMQPlatformReconciler.reconcile(HiveMQPlatformReconciler.java:227)
2025-01-29 13:58:21,657 INFO c.h.h.t.HelmChartContainer - [hivemq-test-hivemq-platform] [hivemq-platform-operator] [16714659] 	at com.hivemq.platform.operator.HiveMQPlatformReconciler.reconcile(HiveMQPlatformReconciler.java:71)
2025-01-29 13:58:21,657 INFO c.h.h.t.HelmChartContainer - [hivemq-test-hivemq-platform] [hivemq-platform-operator] [16714659] 	at io.javaoperatorsdk.operator.processing.Controller$1.execute(Controller.java:149)
2025-01-29 13:58:21,657 INFO c.h.h.t.HelmChartContainer - [hivemq-test-hivemq-platform] [hivemq-platform-operator] [16714659] 	at io.javaoperatorsdk.operator.processing.Controller$1.execute(Controller.java:110)
2025-01-29 13:58:21,657 INFO c.h.h.t.HelmChartContainer - [hivemq-test-hivemq-platform] [hivemq-platform-operator] [16714659] 	at io.javaoperatorsdk.operator.monitoring.micrometer.MicrometerMetrics.lambda$timeControllerExecution$0(MicrometerMetrics.java:163)
2025-01-29 13:58:21,657 INFO c.h.h.t.HelmChartContainer - [hivemq-test-hivemq-platform] [hivemq-platform-operator] [16714659] 	... 11 common frames omitted
2025-01-29 13:58:21,798 INFO c.h.h.t.HelmChartContainer - [test-hivemq-platform] [hivemq] [6649c669] INFO  - [HiveMQ Platform Operator Init App 1.7.0-SNAPSHOT] Set log level from WARN to WARN in logback.xml file
2025-01-29 13:58:21,803 INFO c.h.h.t.HelmChartContainer - [hivemq-test-hivemq-platform] [hivemq-platform-operator] [16714659] 13:58:21.802 [vert.x-eventloop-thread-1] DEBUG c.h.platform.operator.util.PodUtil - Received status for command '[curl, -s, http://10.42.0.8:7979/setLogLevel?level=WARN]' on Pod 'test-hivemq-platform-0' (exit code: 0)
2025-01-29 13:58:22,501 INFO c.h.h.t.HelmChartContainer - [POD] test-hivemq-platform-1 [55a38c4d-b218-4873-a475-6f3ec2e0f344] in updateloglevelit was MODIFIED
2025-01-29 13:58:22,511 INFO c.h.h.t.HelmChartContainer - [EVENT] Normal [Started] Started container hivemq [updateloglevelit:test-hivemq-platform-1]
2025-01-29 13:58:22,511 INFO c.h.h.t.HelmChartContainer - Started log watcher for hivemq in pod test-hivemq-platform-1 [55a38c4d-b218-4873-a475-6f3ec2e0f344]
2025-01-29 13:58:22,512 INFO c.h.h.t.HelmChartContainer - Received Started event for container hivemq in pod test-hivemq-platform-1 [55a38c4d-b218-4873-a475-6f3ec2e0f344]
2025-01-29 13:58:22,516 INFO c.h.h.t.HelmChartContainer - [hivemq-test-hivemq-platform] [hivemq-platform-operator] [16714659] 13:58:22.510 [pool-6-thread-45] DEBUG c.h.p.o.dependants.PodInfoConfigMap - [updatelo] Desired PodInfo ConfigMap (1 extensions) (1 enabled)
2025-01-29 13:58:22,516 INFO c.h.h.t.HelmChartContainer - [hivemq-test-hivemq-platform] [hivemq-platform-operator] [16714659] 13:58:22.510 [pool-6-thread-45] DEBUG c.h.p.o.dependants.PodInfoConfigMap - [updatelo] Desired PodInfo ConfigMap (metrics port: 9399) (metrics path: /)
2025-01-29 13:58:22,516 INFO c.h.h.t.HelmChartContainer - [hivemq-test-hivemq-platform] [hivemq-platform-operator] [16714659] 13:58:22.510 [pool-6-thread-45] DEBUG c.h.p.o.dependants.PodInfoConfigMap - [updatelo] Desired PodInfo ConfigMap (extension state hash: -1817474005)
2025-01-29 13:58:22,516 INFO c.h.h.t.HelmChartContainer - [test-hivemq-platform] [hivemq] [55a38c4d] Adding pre-installed HiveMQ Platform Operator extensions
2025-01-29 13:58:22,517 INFO c.h.h.t.HelmChartContainer - [test-hivemq-platform] [hivemq] [55a38c4d] Running as user 10000
2025-01-29 13:58:22,517 INFO c.h.h.t.HelmChartContainer - [test-hivemq-platform] [hivemq] [55a38c4d] Starting HiveMQ Platform Operator Init
2025-01-29 13:58:22,519 INFO c.h.h.t.HelmChartContainer - [hivemq-test-hivemq-platform] [hivemq-platform-operator] [16714659] 13:58:22.513 [pool-6-thread-47] DEBUG c.h.p.o.d.PodServiceAccountResource - [updatelo] Desired PodServiceAccountResource (serviceAccountName: hivemq-platform-pod-test-hivemq-platform)
2025-01-29 13:58:22,519 INFO c.h.h.t.HelmChartContainer - [hivemq-test-hivemq-platform] [hivemq-platform-operator] [16714659] 13:58:22.513 [pool-6-thread-48] DEBUG c.h.p.o.d.PlatformServiceResource - [updatelo] Desired Platform services (3 services)
2025-01-29 13:58:22,519 INFO c.h.h.t.HelmChartContainer - [hivemq-test-hivemq-platform] [hivemq-platform-operator] [16714659] 13:58:22.518 [pool-6-thread-43] DEBUG c.h.p.o.d.StatefulSetResource - [updatelo] Desired StatefulSet (2 replicas) for status SET_LOG_LEVEL (SET_LOG_LEVEL)
2025-01-29 13:58:22,532 INFO c.h.h.t.HelmChartContainer - [hivemq-test-hivemq-platform] [hivemq-platform-operator] [16714659] 13:58:22.527 [ReconcilerExecutor-hivemq-controller-122] INFO  c.h.p.o.HiveMQPlatformReconciler - [updatelo] Reconciling HiveMQ Platform 'test-hivemq-platform' in namespace 'updateloglevelit'
2025-01-29 13:58:22,532 INFO c.h.h.t.HelmChartContainer - [hivemq-test-hivemq-platform] [hivemq-platform-operator] [16714659] 13:58:22.527 [ReconcilerExecutor-hivemq-controller-122] DEBUG c.h.p.o.HiveMQPlatformReconciler - [updatelo] Custom Resource Status SET_LOG_LEVEL - HiveMQ Platform is updating the log level to WARN (SET_LOG_LEVEL) (reconciliation requests: SCALING)
2025-01-29 13:58:22,532 INFO c.h.h.t.HelmChartContainer - [hivemq-test-hivemq-platform] [hivemq-platform-operator] [16714659] 13:58:22.527 [ReconcilerExecutor-hivemq-controller-122] DEBUG c.h.p.o.HiveMQPlatformReconciler - [updatelo] Custom Resource Spec (replicas: 2) (extensions: 1)
2025-01-29 13:58:22,556 INFO c.h.h.t.HelmChartContainer - [hivemq-test-hivemq-platform] [hivemq-platform-operator] [16714659] 13:58:22.554 [ReconcilerExecutor-hivemq-controller-122] DEBUG c.h.p.o.HiveMQPlatformReconciler - [updatelo] StatefulSet Status (revision: test-hivemq-platform-b697f795f, replicas: 2, available: 1, ready: 1, current: 2, updated: 2)
2025-01-29 13:58:22,557 INFO c.h.h.t.HelmChartContainer - [hivemq-test-hivemq-platform] [hivemq-platform-operator] [16714659] 13:58:22.555 [ReconcilerExecutor-hivemq-controller-122] DEBUG c.h.p.o.HiveMQPlatformReconciler - [updatelo] StatefulSet Spec (replicas: 2, init containers: 1, containers: 1, volumes: 3)
2025-01-29 13:58:22,559 INFO c.h.h.t.HelmChartContainer - [hivemq-test-hivemq-platform] [hivemq-platform-operator] [16714659] 13:58:22.556 [ReconcilerExecutor-hivemq-controller-122] DEBUG c.h.p.o.h.HiveMQPlatformReconcilerErrorHandler - [updatelo] Pod 'test-hivemq-platform-1' phase Running
2025-01-29 13:58:22,559 INFO c.h.h.t.HelmChartContainer - [hivemq-test-hivemq-platform] [hivemq-platform-operator] [16714659] 13:58:22.558 [ReconcilerExecutor-hivemq-controller-122] DEBUG c.h.p.o.h.HiveMQPlatformReconcilerErrorHandler - [updatelo] Pod 'test-hivemq-platform-0' phase Running
2025-01-29 13:58:22,576 INFO c.h.h.t.HelmChartContainer - [hivemq-test-hivemq-platform] [hivemq-platform-operator] [16714659] 13:58:22.572 [ReconcilerExecutor-hivemq-controller-122] DEBUG c.h.p.o.h.HiveMQPlatformReconcilerSetLogLevelHandler - [updatelo] Setting log level on Pod 'test-hivemq-platform-1'
2025-01-29 13:58:22,576 INFO c.h.h.t.HelmChartContainer - [hivemq-test-hivemq-platform] [hivemq-platform-operator] [16714659] 13:58:22.572 [ForkJoinPool.commonPool-worker-1] DEBUG c.h.p.o.h.HiveMQPlatformReconcilerSetLogLevelHandler - [updatelo] Setting log level on Pod 'test-hivemq-platform-0'
2025-01-29 13:58:22,740 INFO c.h.h.t.HelmChartContainer - [test-hivemq-platform] [hivemq] [55a38c4d] INFO  - [HiveMQ Platform Operator Init 1.7.0-SNAPSHOT] HiveMQ Platform Operator Init 1.7.0-SNAPSHOT (commit: bebf408 on branch: HEAD) built on Sun Jan 26 20:47:47 UTC 2025
2025-01-29 13:58:22,801 INFO c.h.h.t.HelmChartContainer - [test-hivemq-platform] [hivemq] [6649c669] INFO  - [HiveMQ Platform Operator Init App 1.7.0-SNAPSHOT] Set log level from WARN to WARN in logback.xml file
2025-01-29 13:58:22,854 INFO c.h.h.t.HelmChartContainer - [hivemq-test-hivemq-platform] [hivemq-platform-operator] [16714659] 13:58:22.853 [vert.x-eventloop-thread-1] DEBUG c.h.platform.operator.util.PodUtil - Received status for command '[curl, -s, http://10.42.0.8:7979/setLogLevel?level=WARN]' on Pod 'test-hivemq-platform-0' (exit code: 0)
2025-01-29 13:58:22,856 INFO c.h.h.t.HelmChartContainer - [hivemq-test-hivemq-platform] [hivemq-platform-operator] [16714659] 13:58:22.855 [vert.x-eventloop-thread-1] DEBUG c.h.platform.operator.util.PodUtil - Received status for command '[curl, -s, http://10.42.0.9:7979/setLogLevel?level=WARN]' on Pod 'test-hivemq-platform-1' (exit code: 7)
2025-01-29 13:58:23,773 INFO c.h.h.t.HelmChartContainer - [hivemq-test-hivemq-platform] [hivemq-platform-operator] [16714659] 13:58:23.770 [pool-6-thread-2] DEBUG c.h.p.o.d.PlatformServiceResource - [updatelo] Desired Platform services (3 services)
2025-01-29 13:58:23,773 INFO c.h.h.t.HelmChartContainer - [hivemq-test-hivemq-platform] [hivemq-platform-operator] [16714659] 13:58:23.771 [pool-6-thread-1] DEBUG c.h.p.o.dependants.PodInfoConfigMap - [updatelo] Desired PodInfo ConfigMap (1 extensions) (1 enabled)
2025-01-29 13:58:23,773 INFO c.h.h.t.HelmChartContainer - [hivemq-test-hivemq-platform] [hivemq-platform-operator] [16714659] 13:58:23.771 [pool-6-thread-1] DEBUG c.h.p.o.dependants.PodInfoConfigMap - [updatelo] Desired PodInfo ConfigMap (metrics port: 9399) (metrics path: /)
2025-01-29 13:58:23,773 INFO c.h.h.t.HelmChartContainer - [hivemq-test-hivemq-platform] [hivemq-platform-operator] [16714659] 13:58:23.771 [pool-6-thread-1] DEBUG c.h.p.o.dependants.PodInfoConfigMap - [updatelo] Desired PodInfo ConfigMap (extension state hash: -1817474005)
2025-01-29 13:58:23,774 INFO c.h.h.t.HelmChartContainer - [hivemq-test-hivemq-platform] [hivemq-platform-operator] [16714659] 13:58:23.772 [pool-6-thread-5] DEBUG c.h.p.o.d.PodServiceAccountResource - [updatelo] Desired PodServiceAccountResource (serviceAccountName: hivemq-platform-pod-test-hivemq-platform)
2025-01-29 13:58:23,777 INFO c.h.h.t.HelmChartContainer - [hivemq-test-hivemq-platform] [hivemq-platform-operator] [16714659] 13:58:23.776 [pool-6-thread-2] DEBUG c.h.p.o.d.StatefulSetResource - [updatelo] Desired StatefulSet (2 replicas) for status SET_LOG_LEVEL (SET_LOG_LEVEL)
2025-01-29 13:58:23,780 INFO c.h.h.t.HelmChartContainer - [hivemq-test-hivemq-platform] [hivemq-platform-operator] [16714659] 13:58:23.779 [ReconcilerExecutor-hivemq-controller-123] INFO  c.h.p.o.HiveMQPlatformReconciler - [updatelo] Reconciling HiveMQ Platform 'test-hivemq-platform' in namespace 'updateloglevelit'
2025-01-29 13:58:23,781 INFO c.h.h.t.HelmChartContainer - [hivemq-test-hivemq-platform] [hivemq-platform-operator] [16714659] 13:58:23.779 [ReconcilerExecutor-hivemq-controller-123] DEBUG c.h.p.o.HiveMQPlatformReconciler - [updatelo] Custom Resource Status SET_LOG_LEVEL - HiveMQ Platform is updating the log level to WARN (SET_LOG_LEVEL) (reconciliation requests: SCALING)
2025-01-29 13:58:23,781 INFO c.h.h.t.HelmChartContainer - [hivemq-test-hivemq-platform] [hivemq-platform-operator] [16714659] 13:58:23.779 [ReconcilerExecutor-hivemq-controller-123] DEBUG c.h.p.o.HiveMQPlatformReconciler - [updatelo] Custom Resource Spec (replicas: 2) (extensions: 1)
2025-01-29 13:58:23,782 INFO c.h.h.t.HelmChartContainer - [hivemq-test-hivemq-platform] [hivemq-platform-operator] [16714659] 13:58:23.781 [ReconcilerExecutor-hivemq-controller-123] DEBUG c.h.p.o.HiveMQPlatformReconciler - [updatelo] StatefulSet Status (revision: test-hivemq-platform-b697f795f, replicas: 2, available: 1, ready: 1, current: 2, updated: 2)
2025-01-29 13:58:23,782 INFO c.h.h.t.HelmChartContainer - [hivemq-test-hivemq-platform] [hivemq-platform-operator] [16714659] 13:58:23.781 [ReconcilerExecutor-hivemq-controller-123] DEBUG c.h.p.o.HiveMQPlatformReconciler - [updatelo] StatefulSet Spec (replicas: 2, init containers: 1, containers: 1, volumes: 3)
2025-01-29 13:58:23,783 INFO c.h.h.t.HelmChartContainer - [hivemq-test-hivemq-platform] [hivemq-platform-operator] [16714659] 13:58:23.782 [ReconcilerExecutor-hivemq-controller-123] DEBUG c.h.p.o.h.HiveMQPlatformReconcilerErrorHandler - [updatelo] Pod 'test-hivemq-platform-1' phase Running
2025-01-29 13:58:23,784 INFO c.h.h.t.HelmChartContainer - [hivemq-test-hivemq-platform] [hivemq-platform-operator] [16714659] 13:58:23.784 [ReconcilerExecutor-hivemq-controller-123] DEBUG c.h.p.o.h.HiveMQPlatformReconcilerErrorHandler - [updatelo] Pod 'test-hivemq-platform-0' phase Running
2025-01-29 13:58:23,857 INFO c.h.h.t.HelmChartContainer - [hivemq-test-hivemq-platform] [hivemq-platform-operator] [16714659] 13:58:23.856 [ReconcilerExecutor-hivemq-controller-123] WARN  c.h.p.operator.util.RestApiUtil - [updatelo] Set log level command on Pod 'test-hivemq-platform-1' returned an empty response
2025-01-29 13:58:23,946 INFO c.h.h.t.HelmChartContainer - [test-hivemq-platform] [hivemq] [55a38c4d] INFO  - [HiveMQ Platform Operator Init App 1.7.0-SNAPSHOT] Using bind address 10.42.0.9 from environment variable
2025-01-29 13:58:24,276 INFO c.h.h.t.HelmChartContainer - [K3S] [range_allocator.go:247] "Successfully synced" key="733f751f2ac3"
2025-01-29 13:58:24,923 INFO c.h.h.t.HelmChartContainer - [test-hivemq-platform] [hivemq] [55a38c4d] INFO  - [HiveMQ Platform Operator Init App 1.7.0-SNAPSHOT] HiveMQ Platform Operator Init App 1.7.0-SNAPSHOT (commit: bebf408 on branch: HEAD) built on Sun Jan 26 20:47:47 UTC 2025
2025-01-29 13:58:24,923 INFO c.h.h.t.HelmChartContainer - [test-hivemq-platform] [hivemq] [55a38c4d] INFO  - [HiveMQ Platform Operator Init App 1.7.0-SNAPSHOT] PodInfo ConfigMap directory: /etc/podinfo
2025-01-29 13:58:24,923 INFO c.h.h.t.HelmChartContainer - [test-hivemq-platform] [hivemq] [55a38c4d] INFO  - [HiveMQ Platform Operator Init App 1.7.0-SNAPSHOT] HiveMQ home directory: /opt/hivemq
2025-01-29 13:58:24,924 INFO c.h.h.t.HelmChartContainer - [test-hivemq-platform] [hivemq] [55a38c4d] INFO  - [HiveMQ Platform Operator Init App 1.7.0-SNAPSHOT] HiveMQ Logback folder: /opt/hivemq/conf
2025-01-29 13:58:24,924 INFO c.h.h.t.HelmChartContainer - [test-hivemq-platform] [hivemq] [55a38c4d] INFO  - [HiveMQ Platform Operator Init App 1.7.0-SNAPSHOT] HiveMQ Config folder: /opt/hivemq/conf-k8s
2025-01-29 13:58:24,924 INFO c.h.h.t.HelmChartContainer - [test-hivemq-platform] [hivemq] [55a38c4d] INFO  - [HiveMQ Platform Operator Init App 1.7.0-SNAPSHOT] Starting HiveMQ Platform Operator Init App
2025-01-29 13:58:24,924 INFO c.h.h.t.HelmChartContainer - [test-hivemq-platform] [hivemq] [55a38c4d] INFO  - [HiveMQ Platform Operator Init App 1.7.0-SNAPSHOT] Starting Pod reconciler
2025-01-29 13:58:26,049 INFO c.h.h.t.HelmChartContainer - [test-hivemq-platform] [hivemq] [55a38c4d] INFO  - [HiveMQ Platform Operator Init App 1.7.0-SNAPSHOT] Pod reconciler is scheduled (interval: 5000 ms)
2025-01-29 13:58:26,049 INFO c.h.h.t.HelmChartContainer - [test-hivemq-platform] [hivemq] [55a38c4d] INFO  - [HiveMQ Platform Operator Init App 1.7.0-SNAPSHOT] Starting the REST API on 10.42.0.9:7979
2025-01-29 13:58:26,123 INFO c.h.h.t.HelmChartContainer - [test-hivemq-platform] [hivemq] [55a38c4d] INFO  - [HiveMQ Platform Operator Init App 1.7.0-SNAPSHOT] Waiting up to 600s for at most 2 HiveMQ nodes in cluster service hivemq-test-hivemq-platform-cluster.updateloglevelit.svc
2025-01-29 13:58:26,430 INFO c.h.h.t.HelmChartContainer - [test-hivemq-platform] [hivemq] [55a38c4d] INFO  - [HiveMQ Platform Operator Init App 1.7.0-SNAPSHOT] Resolved 2 IP addresses: [10.42.0.9, 10.42.0.8]
2025-01-29 13:58:26,431 INFO c.h.h.t.HelmChartContainer - [test-hivemq-platform] [hivemq] [55a38c4d] INFO  - [HiveMQ Platform Operator Init App 1.7.0-SNAPSHOT] HiveMQ node count of 2 is within threshold of 2
2025-01-29 13:58:26,431 INFO c.h.h.t.HelmChartContainer - [test-hivemq-platform] [hivemq] [55a38c4d] INFO  - [HiveMQ Platform Operator Init App 1.7.0-SNAPSHOT] Waiting 15s for previous shutdown replication to finish...
2025-01-29 13:58:28,501 INFO c.h.h.t.HelmChartContainer - [test-hivemq-platform] [hivemq] [55a38c4d] INFO  - [HiveMQ Platform Operator Init App 1.7.0-SNAPSHOT] Returning default Health API response 503 for readiness
2025-01-29 13:58:28,548 INFO c.h.h.t.HelmChartContainer - [EVENT] Warning [Unhealthy] Readiness probe failed: HTTP probe failed with statuscode: 503 [updateloglevelit:test-hivemq-platform-1]
2025-01-29 13:58:28,548 INFO c.h.h.t.HelmChartContainer - Received Unhealthy event for container hivemq in pod test-hivemq-platform-1 [55a38c4d-b218-4873-a475-6f3ec2e0f344]
2025-01-29 13:58:33,292 INFO c.h.h.t.HelmChartContainer - [test-hivemq-platform] [hivemq] [6649c669] INFO  - [HiveMQ Platform Operator Init App 1.7.0-SNAPSHOT] Returning Health API response 200 for liveness
2025-01-29 13:58:33,349 INFO c.h.h.t.HelmChartContainer - [test-hivemq-platform] [hivemq] [55a38c4d] INFO  - [HiveMQ Platform Operator Init App 1.7.0-SNAPSHOT] Updating Pod HiveMQ Platform Operator Init App version annotation (version: 1.7.0-SNAPSHOT)
2025-01-29 13:58:33,543 INFO c.h.h.t.HelmChartContainer - [EVENT] Warning [Unhealthy] Readiness probe failed: HTTP probe failed with statuscode: 503 [updateloglevelit:test-hivemq-platform-1]
2025-01-29 13:58:33,543 INFO c.h.h.t.HelmChartContainer - Received Unhealthy event for container hivemq in pod test-hivemq-platform-1 [55a38c4d-b218-4873-a475-6f3ec2e0f344]
2025-01-29 13:58:33,652 INFO c.h.h.t.HelmChartContainer - [POD] test-hivemq-platform-1 [55a38c4d-b218-4873-a475-6f3ec2e0f344] in updateloglevelit was MODIFIED
2025-01-29 13:58:33,657 INFO c.h.h.t.HelmChartContainer - [hivemq-test-hivemq-platform] [hivemq-platform-operator] [16714659] 13:58:33.655 [pool-6-thread-12] DEBUG c.h.p.o.d.PlatformServiceResource - [updatelo] Desired Platform services (3 services)
2025-01-29 13:58:33,657 INFO c.h.h.t.HelmChartContainer - [hivemq-test-hivemq-platform] [hivemq-platform-operator] [16714659] 13:58:33.655 [pool-6-thread-17] DEBUG c.h.p.o.d.PodServiceAccountResource - [updatelo] Desired PodServiceAccountResource (serviceAccountName: hivemq-platform-pod-test-hivemq-platform)
2025-01-29 13:58:33,659 INFO c.h.h.t.HelmChartContainer - [hivemq-test-hivemq-platform] [hivemq-platform-operator] [16714659] 13:58:33.658 [pool-6-thread-13] DEBUG c.h.p.o.dependants.PodInfoConfigMap - [updatelo] Desired PodInfo ConfigMap (1 extensions) (1 enabled)
2025-01-29 13:58:33,660 INFO c.h.h.t.HelmChartContainer - [hivemq-test-hivemq-platform] [hivemq-platform-operator] [16714659] 13:58:33.659 [pool-6-thread-13] DEBUG c.h.p.o.dependants.PodInfoConfigMap - [updatelo] Desired PodInfo ConfigMap (metrics port: 9399) (metrics path: /)
2025-01-29 13:58:33,660 INFO c.h.h.t.HelmChartContainer - [hivemq-test-hivemq-platform] [hivemq-platform-operator] [16714659] 13:58:33.659 [pool-6-thread-13] DEBUG c.h.p.o.dependants.PodInfoConfigMap - [updatelo] Desired PodInfo ConfigMap (extension state hash: -1817474005)
2025-01-29 13:58:33,665 INFO c.h.h.t.HelmChartContainer - [hivemq-test-hivemq-platform] [hivemq-platform-operator] [16714659] 13:58:33.662 [pool-6-thread-12] DEBUG c.h.p.o.d.StatefulSetResource - [updatelo] Desired StatefulSet (2 replicas) for status SET_LOG_LEVEL (SET_LOG_LEVEL)
2025-01-29 13:58:33,667 INFO c.h.h.t.HelmChartContainer - [hivemq-test-hivemq-platform] [hivemq-platform-operator] [16714659] 13:58:33.667 [ReconcilerExecutor-hivemq-controller-124] INFO  c.h.p.o.HiveMQPlatformReconciler - [updatelo] Reconciling HiveMQ Platform 'test-hivemq-platform' in namespace 'updateloglevelit'
2025-01-29 13:58:33,669 INFO c.h.h.t.HelmChartContainer - [hivemq-test-hivemq-platform] [hivemq-platform-operator] [16714659] 13:58:33.667 [ReconcilerExecutor-hivemq-controller-124] DEBUG c.h.p.o.HiveMQPlatformReconciler - [updatelo] Custom Resource Status SET_LOG_LEVEL - HiveMQ Platform is updating the log level to WARN (SET_LOG_LEVEL) (reconciliation requests: SCALING)
2025-01-29 13:58:33,669 INFO c.h.h.t.HelmChartContainer - [hivemq-test-hivemq-platform] [hivemq-platform-operator] [16714659] 13:58:33.667 [ReconcilerExecutor-hivemq-controller-124] DEBUG c.h.p.o.HiveMQPlatformReconciler - [updatelo] Custom Resource Spec (replicas: 2) (extensions: 1)
2025-01-29 13:58:33,669 INFO c.h.h.t.HelmChartContainer - [hivemq-test-hivemq-platform] [hivemq-platform-operator] [16714659] 13:58:33.668 [ReconcilerExecutor-hivemq-controller-124] DEBUG c.h.p.o.HiveMQPlatformReconciler - [updatelo] StatefulSet Status (revision: test-hivemq-platform-b697f795f, replicas: 2, available: 1, ready: 1, current: 2, updated: 2)
2025-01-29 13:58:33,669 INFO c.h.h.t.HelmChartContainer - [hivemq-test-hivemq-platform] [hivemq-platform-operator] [16714659] 13:58:33.668 [ReconcilerExecutor-hivemq-controller-124] DEBUG c.h.p.o.HiveMQPlatformReconciler - [updatelo] StatefulSet Spec (replicas: 2, init containers: 1, containers: 1, volumes: 3)
2025-01-29 13:58:33,670 INFO c.h.h.t.HelmChartContainer - [hivemq-test-hivemq-platform] [hivemq-platform-operator] [16714659] 13:58:33.670 [ReconcilerExecutor-hivemq-controller-124] DEBUG c.h.p.o.h.HiveMQPlatformReconcilerErrorHandler - [updatelo] Pod 'test-hivemq-platform-1' phase Running
2025-01-29 13:58:33,673 INFO c.h.h.t.HelmChartContainer - [hivemq-test-hivemq-platform] [hivemq-platform-operator] [16714659] 13:58:33.671 [ReconcilerExecutor-hivemq-controller-124] DEBUG c.h.p.o.h.HiveMQPlatformReconcilerErrorHandler - [updatelo] Pod 'test-hivemq-platform-0' phase Running
2025-01-29 13:58:33,680 INFO c.h.h.t.HelmChartContainer - [hivemq-test-hivemq-platform] [hivemq-platform-operator] [16714659] 13:58:33.678 [ForkJoinPool.commonPool-worker-1] DEBUG c.h.p.o.h.HiveMQPlatformReconcilerSetLogLevelHandler - [updatelo] Setting log level on Pod 'test-hivemq-platform-0'
2025-01-29 13:58:33,680 INFO c.h.h.t.HelmChartContainer - [hivemq-test-hivemq-platform] [hivemq-platform-operator] [16714659] 13:58:33.679 [ReconcilerExecutor-hivemq-controller-124] DEBUG c.h.p.o.h.HiveMQPlatformReconcilerSetLogLevelHandler - [updatelo] Setting log level on Pod 'test-hivemq-platform-1'
2025-01-29 13:58:33,734 INFO c.h.h.t.HelmChartContainer - [test-hivemq-platform] [hivemq] [55a38c4d] INFO  - [HiveMQ Platform Operator Init App 1.7.0-SNAPSHOT] Successfully updated Pod HiveMQ Platform Operator Init App version annotation (version: 1.7.0-SNAPSHOT)
2025-01-29 13:58:33,734 INFO c.h.h.t.HelmChartContainer - [EVENT] Warning [Unhealthy] Readiness probe failed: HTTP probe failed with statuscode: 503 [updateloglevelit:test-hivemq-platform-1]
2025-01-29 13:58:33,734 INFO c.h.h.t.HelmChartContainer - Received Unhealthy event for container hivemq in pod test-hivemq-platform-1 [55a38c4d-b218-4873-a475-6f3ec2e0f344]
2025-01-29 13:58:33,940 INFO c.h.h.t.HelmChartContainer - [test-hivemq-platform] [hivemq] [6649c669] INFO  - [HiveMQ Platform Operator Init App 1.7.0-SNAPSHOT] Set log level from WARN to WARN in logback.xml file
2025-01-29 13:58:33,959 INFO c.h.h.t.HelmChartContainer - [hivemq-test-hivemq-platform] [hivemq-platform-operator] [16714659] 13:58:33.958 [pool-6-thread-22] DEBUG c.h.p.o.d.PlatformServiceResource - [updatelo] Desired Platform services (3 services)
2025-01-29 13:58:33,960 INFO c.h.h.t.HelmChartContainer - [hivemq-test-hivemq-platform] [hivemq-platform-operator] [16714659] 13:58:33.959 [pool-6-thread-21] DEBUG c.h.p.o.dependants.PodInfoConfigMap - [updatelo] Desired PodInfo ConfigMap (1 extensions) (1 enabled)
2025-01-29 13:58:33,962 INFO c.h.h.t.HelmChartContainer - [hivemq-test-hivemq-platform] [hivemq-platform-operator] [16714659] 13:58:33.959 [pool-6-thread-21] DEBUG c.h.p.o.dependants.PodInfoConfigMap - [updatelo] Desired PodInfo ConfigMap (metrics port: 9399) (metrics path: /)
2025-01-29 13:58:33,962 INFO c.h.h.t.HelmChartContainer - [hivemq-test-hivemq-platform] [hivemq-platform-operator] [16714659] 13:58:33.960 [pool-6-thread-21] DEBUG c.h.p.o.dependants.PodInfoConfigMap - [updatelo] Desired PodInfo ConfigMap (extension state hash: -1817474005)
2025-01-29 13:58:33,963 INFO c.h.h.t.HelmChartContainer - [hivemq-test-hivemq-platform] [hivemq-platform-operator] [16714659] 13:58:33.961 [pool-6-thread-22] DEBUG c.h.p.o.d.PodServiceAccountResource - [updatelo] Desired PodServiceAccountResource (serviceAccountName: hivemq-platform-pod-test-hivemq-platform)
2025-01-29 13:58:33,964 INFO c.h.h.t.HelmChartContainer - [hivemq-test-hivemq-platform] [hivemq-platform-operator] [16714659] 13:58:33.964 [pool-6-thread-22] DEBUG c.h.p.o.d.StatefulSetResource - [updatelo] Desired StatefulSet (2 replicas) for status SET_LOG_LEVEL (SET_LOG_LEVEL)
2025-01-29 13:58:33,968 INFO c.h.h.t.HelmChartContainer - [hivemq-test-hivemq-platform] [hivemq-platform-operator] [16714659] 13:58:33.967 [ReconcilerExecutor-hivemq-controller-125] INFO  c.h.p.o.HiveMQPlatformReconciler - [updatelo] Reconciling HiveMQ Platform 'test-hivemq-platform' in namespace 'updateloglevelit'
2025-01-29 13:58:33,969 INFO c.h.h.t.HelmChartContainer - [hivemq-test-hivemq-platform] [hivemq-platform-operator] [16714659] 13:58:33.967 [ReconcilerExecutor-hivemq-controller-125] DEBUG c.h.p.o.HiveMQPlatformReconciler - [updatelo] Custom Resource Status SET_LOG_LEVEL - HiveMQ Platform is updating the log level to WARN (SET_LOG_LEVEL) (reconciliation requests: SCALING)
2025-01-29 13:58:33,969 INFO c.h.h.t.HelmChartContainer - [hivemq-test-hivemq-platform] [hivemq-platform-operator] [16714659] 13:58:33.967 [ReconcilerExecutor-hivemq-controller-125] DEBUG c.h.p.o.HiveMQPlatformReconciler - [updatelo] Custom Resource Spec (replicas: 2) (extensions: 1)
2025-01-29 13:58:33,971 INFO c.h.h.t.HelmChartContainer - [hivemq-test-hivemq-platform] [hivemq-platform-operator] [16714659] 13:58:33.968 [ReconcilerExecutor-hivemq-controller-125] DEBUG c.h.p.o.HiveMQPlatformReconciler - [updatelo] StatefulSet Status (revision: test-hivemq-platform-b697f795f, replicas: 2, available: 1, ready: 1, current: 2, updated: 2)
2025-01-29 13:58:33,971 INFO c.h.h.t.HelmChartContainer - [hivemq-test-hivemq-platform] [hivemq-platform-operator] [16714659] 13:58:33.968 [ReconcilerExecutor-hivemq-controller-125] DEBUG c.h.p.o.HiveMQPlatformReconciler - [updatelo] StatefulSet Spec (replicas: 2, init containers: 1, containers: 1, volumes: 3)
2025-01-29 13:58:33,971 INFO c.h.h.t.HelmChartContainer - [hivemq-test-hivemq-platform] [hivemq-platform-operator] [16714659] 13:58:33.970 [ReconcilerExecutor-hivemq-controller-125] DEBUG c.h.p.o.h.HiveMQPlatformReconcilerErrorHandler - [updatelo] Pod 'test-hivemq-platform-1' phase Running
2025-01-29 13:58:33,972 INFO c.h.h.t.HelmChartContainer - [hivemq-test-hivemq-platform] [hivemq-platform-operator] [16714659] 13:58:33.972 [ReconcilerExecutor-hivemq-controller-125] DEBUG c.h.p.o.h.HiveMQPlatformReconcilerErrorHandler - [updatelo] Pod 'test-hivemq-platform-0' phase Running
2025-01-29 13:58:33,973 INFO c.h.h.t.HelmChartContainer - [hivemq-test-hivemq-platform] [hivemq-platform-operator] [16714659] 13:58:33.973 [ReconcilerExecutor-hivemq-controller-125] INFO  c.h.p.operator.http.RestApiService - [updatelo] Set log level command on Pod 'test-hivemq-platform-1' is not ready yet
2025-01-29 13:58:34,055 INFO c.h.h.t.HelmChartContainer - [hivemq-test-hivemq-platform] [hivemq-platform-operator] [16714659] 13:58:34.053 [vert.x-eventloop-thread-1] DEBUG c.h.platform.operator.util.PodUtil - Received status for command '[curl, -s, http://10.42.0.8:7979/setLogLevel?level=WARN]' on Pod 'test-hivemq-platform-0' (exit code: 0)
2025-01-29 13:58:34,531 INFO c.h.h.t.HelmChartContainer - [test-hivemq-platform] [hivemq] [55a38c4d] INFO  - [HiveMQ Platform Operator Init App 1.7.0-SNAPSHOT] Set log level from ${HIVEMQ_LOG_LEVEL:-INFO} to WARN in logback.xml file
2025-01-29 13:58:34,542 INFO c.h.h.t.HelmChartContainer - [hivemq-test-hivemq-platform] [hivemq-platform-operator] [16714659] 13:58:34.540 [vert.x-eventloop-thread-0] DEBUG c.h.platform.operator.util.PodUtil - Received status for command '[curl, -s, http://10.42.0.9:7979/setLogLevel?level=WARN]' on Pod 'test-hivemq-platform-1' (exit code: 0)
2025-01-29 13:58:34,977 INFO c.h.h.t.HelmChartContainer - [hivemq-test-hivemq-platform] [hivemq-platform-operator] [16714659] 13:58:34.975 [pool-6-thread-36] DEBUG c.h.p.o.d.PlatformServiceResource - [updatelo] Desired Platform services (3 services)
2025-01-29 13:58:34,978 INFO c.h.h.t.HelmChartContainer - [hivemq-test-hivemq-platform] [hivemq-platform-operator] [16714659] 13:58:34.977 [pool-6-thread-31] DEBUG c.h.p.o.d.PodServiceAccountResource - [updatelo] Desired PodServiceAccountResource (serviceAccountName: hivemq-platform-pod-test-hivemq-platform)
2025-01-29 13:58:34,978 INFO c.h.h.t.HelmChartContainer - [hivemq-test-hivemq-platform] [hivemq-platform-operator] [16714659] 13:58:34.977 [pool-6-thread-38] DEBUG c.h.p.o.dependants.PodInfoConfigMap - [updatelo] Desired PodInfo ConfigMap (1 extensions) (1 enabled)
2025-01-29 13:58:34,978 INFO c.h.h.t.HelmChartContainer - [hivemq-test-hivemq-platform] [hivemq-platform-operator] [16714659] 13:58:34.977 [pool-6-thread-38] DEBUG c.h.p.o.dependants.PodInfoConfigMap - [updatelo] Desired PodInfo ConfigMap (metrics port: 9399) (metrics path: /)
2025-01-29 13:58:34,979 INFO c.h.h.t.HelmChartContainer - [hivemq-test-hivemq-platform] [hivemq-platform-operator] [16714659] 13:58:34.977 [pool-6-thread-38] DEBUG c.h.p.o.dependants.PodInfoConfigMap - [updatelo] Desired PodInfo ConfigMap (extension state hash: -1817474005)
2025-01-29 13:58:34,981 INFO c.h.h.t.HelmChartContainer - [hivemq-test-hivemq-platform] [hivemq-platform-operator] [16714659] 13:58:34.980 [pool-6-thread-36] DEBUG c.h.p.o.d.StatefulSetResource - [updatelo] Desired StatefulSet (2 replicas) for status SET_LOG_LEVEL (SET_LOG_LEVEL)
2025-01-29 13:58:34,984 INFO c.h.h.t.HelmChartContainer - [hivemq-test-hivemq-platform] [hivemq-platform-operator] [16714659] 13:58:34.983 [ReconcilerExecutor-hivemq-controller-126] INFO  c.h.p.o.HiveMQPlatformReconciler - [updatelo] Reconciling HiveMQ Platform 'test-hivemq-platform' in namespace 'updateloglevelit'
2025-01-29 13:58:34,984 INFO c.h.h.t.HelmChartContainer - [hivemq-test-hivemq-platform] [hivemq-platform-operator] [16714659] 13:58:34.983 [ReconcilerExecutor-hivemq-controller-126] DEBUG c.h.p.o.HiveMQPlatformReconciler - [updatelo] Custom Resource Status SET_LOG_LEVEL - HiveMQ Platform is updating the log level to WARN (SET_LOG_LEVEL) (reconciliation requests: SCALING)
2025-01-29 13:58:34,984 INFO c.h.h.t.HelmChartContainer - [hivemq-test-hivemq-platform] [hivemq-platform-operator] [16714659] 13:58:34.983 [ReconcilerExecutor-hivemq-controller-126] DEBUG c.h.p.o.HiveMQPlatformReconciler - [updatelo] Custom Resource Spec (replicas: 2) (extensions: 1)
2025-01-29 13:58:34,985 INFO c.h.h.t.HelmChartContainer - [hivemq-test-hivemq-platform] [hivemq-platform-operator] [16714659] 13:58:34.984 [ReconcilerExecutor-hivemq-controller-126] DEBUG c.h.p.o.HiveMQPlatformReconciler - [updatelo] StatefulSet Status (revision: test-hivemq-platform-b697f795f, replicas: 2, available: 1, ready: 1, current: 2, updated: 2)
2025-01-29 13:58:34,985 INFO c.h.h.t.HelmChartContainer - [hivemq-test-hivemq-platform] [hivemq-platform-operator] [16714659] 13:58:34.984 [ReconcilerExecutor-hivemq-controller-126] DEBUG c.h.p.o.HiveMQPlatformReconciler - [updatelo] StatefulSet Spec (replicas: 2, init containers: 1, containers: 1, volumes: 3)
2025-01-29 13:58:34,988 INFO c.h.h.t.HelmChartContainer - [hivemq-test-hivemq-platform] [hivemq-platform-operator] [16714659] 13:58:34.985 [ReconcilerExecutor-hivemq-controller-126] DEBUG c.h.p.o.h.HiveMQPlatformReconcilerErrorHandler - [updatelo] Pod 'test-hivemq-platform-1' phase Running
2025-01-29 13:58:34,988 INFO c.h.h.t.HelmChartContainer - [hivemq-test-hivemq-platform] [hivemq-platform-operator] [16714659] 13:58:34.987 [ReconcilerExecutor-hivemq-controller-126] DEBUG c.h.p.o.h.HiveMQPlatformReconcilerErrorHandler - [updatelo] Pod 'test-hivemq-platform-0' phase Running
2025-01-29 13:58:34,989 INFO c.h.h.t.HelmChartContainer - [hivemq-test-hivemq-platform] [hivemq-platform-operator] [16714659] 13:58:34.988 [ReconcilerExecutor-hivemq-controller-126] INFO  c.h.p.o.h.HiveMQPlatformReconcilerSetLogLevelHandler - [updatelo] Successfully updated the log level on all Pods
2025-01-29 13:58:35,066 INFO c.h.h.t.HelmChartContainer - [hivemq-test-hivemq-platform] [hivemq-platform-operator] [16714659] 13:58:35.061 [ReconcilerExecutor-hivemq-controller-126] DEBUG c.h.p.operator.event.EventSender - [updatelo] Creating K8s event waiting-for-log-level-update: [SetLogLevel] HiveMQ Platform is updating the log level
2025-01-29 13:58:35,067 INFO c.h.h.t.HelmChartContainer - [hivemq-test-hivemq-platform] [hivemq-platform-operator] [16714659] 13:58:35.066 [ReconcilerExecutor-hivemq-controller-126] INFO  c.h.p.o.h.AbstractHiveMQReconcilerStateHandler - [updatelo] Update HiveMQ Platform Status (SET_LOG_LEVEL [SET_LOG_LEVEL] -> SET_LOG_LEVEL [WAIT_FOR_LOG_LEVEL_UPDATE]): HiveMQ Platform is updating the log level (reconciliation requests: SCALING)
2025-01-29 13:58:35,068 INFO c.h.h.t.HelmChartContainer - [EVENT] Normal [SetLogLevel] HiveMQ Platform is updating the log level [updateloglevelit:test-hivemq-platform]
2025-01-29 13:58:35,074 DEBUG com.hivemq.helmcharts.util.K8sUtil - Comparing actual state 'SET_LOG_LEVEL' and waiting for 'RUNNING'
2025-01-29 13:58:38,657 INFO c.h.h.t.HelmChartContainer - [EVENT] Warning [Unhealthy] Readiness probe failed: HTTP probe failed with statuscode: 503 [updateloglevelit:test-hivemq-platform-1]
2025-01-29 13:58:38,657 INFO c.h.h.t.HelmChartContainer - Received Unhealthy event for container hivemq in pod test-hivemq-platform-1 [55a38c4d-b218-4873-a475-6f3ec2e0f344]
2025-01-29 13:58:41,431 INFO c.h.h.t.HelmChartContainer - [test-hivemq-platform] [hivemq] [55a38c4d] INFO  - [HiveMQ Platform Operator Init App 1.7.0-SNAPSHOT] Proceeding with container start
2025-01-29 13:58:41,434 INFO c.h.h.t.HelmChartContainer - [test-hivemq-platform] [hivemq] [55a38c4d] INFO  - [HiveMQ Platform Operator Init App 1.7.0-SNAPSHOT] Initializing HiveMQ Platform extensions with initial configuration: {hivemq-allow-all-extension={start-priority=-1, skip-https-hostname-verification=false, restart=true, config-version=0, header-version=0, c-uri=, priority=-1, uri=preinstalled, skip-https-certificate-validation=false, enabled=true}, hivemq-prometheus-extension={restart=true, enabled=true, request-header-path=no-request-headers, uri=preinstalled, skip-https-certificate-validation=false, skip-https-hostname-verification=false, c-uri=, start-priority=-1, priority=-1}}
2025-01-29 13:58:41,444 INFO c.h.h.t.HelmChartContainer - [test-hivemq-platform] [hivemq] [55a38c4d] INFO  - [HiveMQ Platform Operator Init App 1.7.0-SNAPSHOT] Extension hivemq-allow-all-extension was already enabled
2025-01-29 13:58:41,454 INFO c.h.h.t.HelmChartContainer - [test-hivemq-platform] [hivemq] [55a38c4d] INFO  - [HiveMQ Platform Operator Init App 1.7.0-SNAPSHOT] Successfully enabled extension hivemq-prometheus-extension
2025-01-29 13:58:41,456 INFO c.h.h.t.HelmChartContainer - [test-hivemq-platform] [hivemq] [55a38c4d] INFO  - [HiveMQ Platform Operator Init App 1.7.0-SNAPSHOT] Starting HiveMQ Platform version 4.36.0 (4.36.0)
2025-01-29 13:58:41,456 INFO c.h.h.t.HelmChartContainer - [test-hivemq-platform] [hivemq] [55a38c4d] INFO  - [HiveMQ Platform Operator Init App 1.7.0-SNAPSHOT] Configuring the HiveMQ Platform
2025-01-29 13:58:41,533 INFO c.h.h.t.HelmChartContainer - [test-hivemq-platform] [hivemq] [55a38c4d] INFO  - [HiveMQ Platform Operator Init App 1.7.0-SNAPSHOT] Changed logback.xml file scan period to 20 seconds
2025-01-29 13:58:41,629 INFO c.h.h.t.HelmChartContainer - [test-hivemq-platform] [hivemq] [55a38c4d] INFO  - [HiveMQ Platform Operator Init App 1.7.0-SNAPSHOT] Starting the HiveMQ Platform
2025-01-29 13:58:41,633 INFO c.h.h.t.HelmChartContainer - [test-hivemq-platform] [hivemq] [55a38c4d] -------------------------------------------------------------------------
2025-01-29 13:58:41,634 INFO c.h.h.t.HelmChartContainer - [test-hivemq-platform] [hivemq] [55a38c4d] 
2025-01-29 13:58:41,634 INFO c.h.h.t.HelmChartContainer - [test-hivemq-platform] [hivemq] [55a38c4d]                   _    _  _              __  __   ____
2025-01-29 13:58:41,634 INFO c.h.h.t.HelmChartContainer - [test-hivemq-platform] [hivemq] [55a38c4d]                  | |  | |(_)            |  \/  | / __ \
2025-01-29 13:58:41,634 INFO c.h.h.t.HelmChartContainer - [test-hivemq-platform] [hivemq] [55a38c4d]                  | |__| | _ __   __ ___ | \  / || |  | |
2025-01-29 13:58:41,634 INFO c.h.h.t.HelmChartContainer - [test-hivemq-platform] [hivemq] [55a38c4d]                  |  __  || |\ \ / // _ \| |\/| || |  | |
2025-01-29 13:58:41,634 INFO c.h.h.t.HelmChartContainer - [test-hivemq-platform] [hivemq] [55a38c4d]                  | |  | || | \ V /|  __/| |  | || |__| |
2025-01-29 13:58:41,634 INFO c.h.h.t.HelmChartContainer - [test-hivemq-platform] [hivemq] [55a38c4d]                  |_|  |_||_|  \_/  \___||_|  |_| \___\_\
2025-01-29 13:58:41,634 INFO c.h.h.t.HelmChartContainer - [test-hivemq-platform] [hivemq] [55a38c4d] 
2025-01-29 13:58:41,634 INFO c.h.h.t.HelmChartContainer - [test-hivemq-platform] [hivemq] [55a38c4d] -------------------------------------------------------------------------
2025-01-29 13:58:41,634 INFO c.h.h.t.HelmChartContainer - [test-hivemq-platform] [hivemq] [55a38c4d] 
2025-01-29 13:58:41,634 INFO c.h.h.t.HelmChartContainer - [test-hivemq-platform] [hivemq] [55a38c4d]   HiveMQ Start Script for Linux/Unix v1.14
2025-01-29 13:58:41,634 INFO c.h.h.t.HelmChartContainer - [test-hivemq-platform] [hivemq] [55a38c4d] 
2025-01-29 13:58:41,663 INFO c.h.h.t.HelmChartContainer - [test-hivemq-platform] [hivemq] [55a38c4d] -------------------------------------------------------------------------
2025-01-29 13:58:41,663 INFO c.h.h.t.HelmChartContainer - [test-hivemq-platform] [hivemq] [55a38c4d] 
2025-01-29 13:58:41,663 INFO c.h.h.t.HelmChartContainer - [test-hivemq-platform] [hivemq] [55a38c4d]   HIVEMQ_HOME: /opt/hivemq
2025-01-29 13:58:41,663 INFO c.h.h.t.HelmChartContainer - [test-hivemq-platform] [hivemq] [55a38c4d] 
2025-01-29 13:58:41,663 INFO c.h.h.t.HelmChartContainer - [test-hivemq-platform] [hivemq] [55a38c4d]   JAVA_OPTS: -XX:+UnlockExperimentalVMOptions -XX:InitialRAMPercentage=50 -XX:MaxRAMPercentage=50 -Djava.net.preferIPv4Stack=true --add-opens java.base/java.lang=ALL-UNNAMED --add-opens java.base/java.nio=ALL-UNNAMED --add-opens java.base/sun.nio.ch=ALL-UNNAMED --add-opens jdk.management/com.sun.management.internal=ALL-UNNAMED --add-exports java.base/jdk.internal.misc=ALL-UNNAMED -Djava.security.egd=file:/dev/./urandom -Dcom.sun.management.jmxremote -Dcom.sun.management.jmxremote.port=9010 -Dcom.sun.management.jmxremote.local.only=false -Dcom.sun.management.jmxremote.authenticate=false -Dcom.sun.management.jmxremote.ssl=false -Duser.language=en -Duser.region=US -XX:+CrashOnOutOfMemoryError -XX:+HeapDumpOnOutOfMemoryError
2025-01-29 13:58:41,663 INFO c.h.h.t.HelmChartContainer - [test-hivemq-platform] [hivemq] [55a38c4d] 
2025-01-29 13:58:41,663 INFO c.h.h.t.HelmChartContainer - [test-hivemq-platform] [hivemq] [55a38c4d]   JAVA_VERSION: 21
2025-01-29 13:58:41,663 INFO c.h.h.t.HelmChartContainer - [test-hivemq-platform] [hivemq] [55a38c4d] 
2025-01-29 13:58:41,664 INFO c.h.h.t.HelmChartContainer - [test-hivemq-platform] [hivemq] [55a38c4d] -------------------------------------------------------------------------
2025-01-29 13:58:41,664 INFO c.h.h.t.HelmChartContainer - [test-hivemq-platform] [hivemq] [55a38c4d] 
2025-01-29 13:58:43,734 INFO c.h.h.t.HelmChartContainer - [EVENT] Warning [Unhealthy] Readiness probe failed: HTTP probe failed with statuscode: 503 [updateloglevelit:test-hivemq-platform-1]
2025-01-29 13:58:43,734 INFO c.h.h.t.HelmChartContainer - Received Unhealthy event for container hivemq in pod test-hivemq-platform-1 [55a38c4d-b218-4873-a475-6f3ec2e0f344]
2025-01-29 13:58:44,233 INFO c.h.h.t.HelmChartContainer - [test-hivemq-platform] [hivemq] [55a38c4d] INFO  - Starting HiveMQ Enterprise Server
2025-01-29 13:58:44,240 INFO c.h.h.t.HelmChartContainer - [test-hivemq-platform] [hivemq] [55a38c4d] INFO  - HiveMQ version: 4.36.0
2025-01-29 13:58:44,240 INFO c.h.h.t.HelmChartContainer - [test-hivemq-platform] [hivemq] [55a38c4d] INFO  - HiveMQ home directory: /opt/hivemq
2025-01-29 13:58:45,082 INFO c.h.h.t.HelmChartContainer - [hivemq-test-hivemq-platform] [hivemq-platform-operator] [16714659] 13:58:45.078 [pool-6-thread-41] DEBUG c.h.p.o.d.PlatformServiceResource - [updatelo] Desired Platform services (3 services)
2025-01-29 13:58:45,082 INFO c.h.h.t.HelmChartContainer - [hivemq-test-hivemq-platform] [hivemq-platform-operator] [16714659] 13:58:45.079 [pool-6-thread-49] DEBUG c.h.p.o.dependants.PodInfoConfigMap - [updatelo] Desired PodInfo ConfigMap (1 extensions) (1 enabled)
2025-01-29 13:58:45,082 INFO c.h.h.t.HelmChartContainer - [hivemq-test-hivemq-platform] [hivemq-platform-operator] [16714659] 13:58:45.080 [pool-6-thread-44] DEBUG c.h.p.o.d.PodServiceAccountResource - [updatelo] Desired PodServiceAccountResource (serviceAccountName: hivemq-platform-pod-test-hivemq-platform)
2025-01-29 13:58:45,082 INFO c.h.h.t.HelmChartContainer - [hivemq-test-hivemq-platform] [hivemq-platform-operator] [16714659] 13:58:45.080 [pool-6-thread-49] DEBUG c.h.p.o.dependants.PodInfoConfigMap - [updatelo] Desired PodInfo ConfigMap (metrics port: 9399) (metrics path: /)
2025-01-29 13:58:45,083 INFO c.h.h.t.HelmChartContainer - [hivemq-test-hivemq-platform] [hivemq-platform-operator] [16714659] 13:58:45.080 [pool-6-thread-49] DEBUG c.h.p.o.dependants.PodInfoConfigMap - [updatelo] Desired PodInfo ConfigMap (extension state hash: -1817474005)
2025-01-29 13:58:45,084 INFO c.h.h.t.HelmChartContainer - [hivemq-test-hivemq-platform] [hivemq-platform-operator] [16714659] 13:58:45.083 [pool-6-thread-49] DEBUG c.h.p.o.d.StatefulSetResource - [updatelo] Desired StatefulSet (2 replicas) for status SET_LOG_LEVEL (WAIT_FOR_LOG_LEVEL_UPDATE)
2025-01-29 13:58:45,086 INFO c.h.h.t.HelmChartContainer - [hivemq-test-hivemq-platform] [hivemq-platform-operator] [16714659] 13:58:45.086 [ReconcilerExecutor-hivemq-controller-127] INFO  c.h.p.o.HiveMQPlatformReconciler - [updatelo] Reconciling HiveMQ Platform 'test-hivemq-platform' in namespace 'updateloglevelit'
2025-01-29 13:58:45,088 INFO c.h.h.t.HelmChartContainer - [hivemq-test-hivemq-platform] [hivemq-platform-operator] [16714659] 13:58:45.086 [ReconcilerExecutor-hivemq-controller-127] DEBUG c.h.p.o.HiveMQPlatformReconciler - [updatelo] Custom Resource Status SET_LOG_LEVEL - HiveMQ Platform is updating the log level (WAIT_FOR_LOG_LEVEL_UPDATE) (reconciliation requests: SCALING)
2025-01-29 13:58:45,089 INFO c.h.h.t.HelmChartContainer - [hivemq-test-hivemq-platform] [hivemq-platform-operator] [16714659] 13:58:45.086 [ReconcilerExecutor-hivemq-controller-127] DEBUG c.h.p.o.HiveMQPlatformReconciler - [updatelo] Custom Resource Spec (replicas: 2) (extensions: 1)
2025-01-29 13:58:45,089 INFO c.h.h.t.HelmChartContainer - [hivemq-test-hivemq-platform] [hivemq-platform-operator] [16714659] 13:58:45.087 [ReconcilerExecutor-hivemq-controller-127] DEBUG c.h.p.o.HiveMQPlatformReconciler - [updatelo] StatefulSet Status (revision: test-hivemq-platform-b697f795f, replicas: 2, available: 1, ready: 1, current: 2, updated: 2)
2025-01-29 13:58:45,089 INFO c.h.h.t.HelmChartContainer - [hivemq-test-hivemq-platform] [hivemq-platform-operator] [16714659] 13:58:45.087 [ReconcilerExecutor-hivemq-controller-127] DEBUG c.h.p.o.HiveMQPlatformReconciler - [updatelo] StatefulSet Spec (replicas: 2, init containers: 1, containers: 1, volumes: 3)
2025-01-29 13:58:45,090 INFO c.h.h.t.HelmChartContainer - [hivemq-test-hivemq-platform] [hivemq-platform-operator] [16714659] 13:58:45.089 [ReconcilerExecutor-hivemq-controller-127] DEBUG c.h.p.o.h.HiveMQPlatformReconcilerErrorHandler - [updatelo] Pod 'test-hivemq-platform-1' phase Running
2025-01-29 13:58:45,092 INFO c.h.h.t.HelmChartContainer - [hivemq-test-hivemq-platform] [hivemq-platform-operator] [16714659] 13:58:45.091 [ReconcilerExecutor-hivemq-controller-127] DEBUG c.h.p.o.h.HiveMQPlatformReconcilerErrorHandler - [updatelo] Pod 'test-hivemq-platform-0' phase Running
2025-01-29 13:58:45,157 INFO c.h.h.t.HelmChartContainer - [hivemq-test-hivemq-platform] [hivemq-platform-operator] [16714659] 13:58:45.156 [ForkJoinPool.commonPool-worker-1] DEBUG c.h.p.o.h.HiveMQPlatformReconcilerSetLogLevelHandler - [updatelo] Checking log level on Pod 'test-hivemq-platform-0'
2025-01-29 13:58:45,162 INFO c.h.h.t.HelmChartContainer - [hivemq-test-hivemq-platform] [hivemq-platform-operator] [16714659] 13:58:45.156 [ReconcilerExecutor-hivemq-controller-127] DEBUG c.h.p.o.h.HiveMQPlatformReconcilerSetLogLevelHandler - [updatelo] Checking log level on Pod 'test-hivemq-platform-1'
2025-01-29 13:58:45,379 INFO c.h.h.t.HelmChartContainer - [hivemq-test-hivemq-platform] [hivemq-platform-operator] [16714659] 13:58:45.378 [vert.x-eventloop-thread-1] DEBUG c.h.platform.operator.util.PodUtil - Received status for command '[curl, -s, http://10.42.0.8:7979/logLevel]' on Pod 'test-hivemq-platform-0' (exit code: 0)
2025-01-29 13:58:45,733 INFO c.h.h.t.HelmChartContainer - [hivemq-test-hivemq-platform] [hivemq-platform-operator] [16714659] 13:58:45.732 [vert.x-eventloop-thread-0] DEBUG c.h.platform.operator.util.PodUtil - Received status for command '[curl, -s, http://10.42.0.9:7979/logLevel]' on Pod 'test-hivemq-platform-1' (exit code: 0)
2025-01-29 13:58:46,276 INFO c.h.h.t.HelmChartContainer - [hivemq-test-hivemq-platform] [hivemq-platform-operator] [16714659] 13:58:46.274 [pool-6-thread-3] DEBUG c.h.p.o.d.PlatformServiceResource - [updatelo] Desired Platform services (3 services)
2025-01-29 13:58:46,276 INFO c.h.h.t.HelmChartContainer - [hivemq-test-hivemq-platform] [hivemq-platform-operator] [16714659] 13:58:46.274 [pool-6-thread-5] DEBUG c.h.p.o.dependants.PodInfoConfigMap - [updatelo] Desired PodInfo ConfigMap (1 extensions) (1 enabled)
2025-01-29 13:58:46,276 INFO c.h.h.t.HelmChartContainer - [hivemq-test-hivemq-platform] [hivemq-platform-operator] [16714659] 13:58:46.274 [pool-6-thread-6] DEBUG c.h.p.o.d.PodServiceAccountResource - [updatelo] Desired PodServiceAccountResource (serviceAccountName: hivemq-platform-pod-test-hivemq-platform)
2025-01-29 13:58:46,278 INFO c.h.h.t.HelmChartContainer - [hivemq-test-hivemq-platform] [hivemq-platform-operator] [16714659] 13:58:46.274 [pool-6-thread-5] DEBUG c.h.p.o.dependants.PodInfoConfigMap - [updatelo] Desired PodInfo ConfigMap (metrics port: 9399) (metrics path: /)
2025-01-29 13:58:46,278 INFO c.h.h.t.HelmChartContainer - [hivemq-test-hivemq-platform] [hivemq-platform-operator] [16714659] 13:58:46.274 [pool-6-thread-5] DEBUG c.h.p.o.dependants.PodInfoConfigMap - [updatelo] Desired PodInfo ConfigMap (extension state hash: -1817474005)
2025-01-29 13:58:46,280 INFO c.h.h.t.HelmChartContainer - [hivemq-test-hivemq-platform] [hivemq-platform-operator] [16714659] 13:58:46.279 [pool-6-thread-2] DEBUG c.h.p.o.d.StatefulSetResource - [updatelo] Desired StatefulSet (2 replicas) for status SET_LOG_LEVEL (WAIT_FOR_LOG_LEVEL_UPDATE)
2025-01-29 13:58:46,285 INFO c.h.h.t.HelmChartContainer - [hivemq-test-hivemq-platform] [hivemq-platform-operator] [16714659] 13:58:46.282 [ReconcilerExecutor-hivemq-controller-128] INFO  c.h.p.o.HiveMQPlatformReconciler - [updatelo] Reconciling HiveMQ Platform 'test-hivemq-platform' in namespace 'updateloglevelit'
2025-01-29 13:58:46,285 INFO c.h.h.t.HelmChartContainer - [hivemq-test-hivemq-platform] [hivemq-platform-operator] [16714659] 13:58:46.282 [ReconcilerExecutor-hivemq-controller-128] DEBUG c.h.p.o.HiveMQPlatformReconciler - [updatelo] Custom Resource Status SET_LOG_LEVEL - HiveMQ Platform is updating the log level (WAIT_FOR_LOG_LEVEL_UPDATE) (reconciliation requests: SCALING)
2025-01-29 13:58:46,285 INFO c.h.h.t.HelmChartContainer - [hivemq-test-hivemq-platform] [hivemq-platform-operator] [16714659] 13:58:46.282 [ReconcilerExecutor-hivemq-controller-128] DEBUG c.h.p.o.HiveMQPlatformReconciler - [updatelo] Custom Resource Spec (replicas: 2) (extensions: 1)
2025-01-29 13:58:46,285 INFO c.h.h.t.HelmChartContainer - [hivemq-test-hivemq-platform] [hivemq-platform-operator] [16714659] 13:58:46.283 [ReconcilerExecutor-hivemq-controller-128] DEBUG c.h.p.o.HiveMQPlatformReconciler - [updatelo] StatefulSet Status (revision: test-hivemq-platform-b697f795f, replicas: 2, available: 1, ready: 1, current: 2, updated: 2)
2025-01-29 13:58:46,285 INFO c.h.h.t.HelmChartContainer - [hivemq-test-hivemq-platform] [hivemq-platform-operator] [16714659] 13:58:46.283 [ReconcilerExecutor-hivemq-controller-128] DEBUG c.h.p.o.HiveMQPlatformReconciler - [updatelo] StatefulSet Spec (replicas: 2, init containers: 1, containers: 1, volumes: 3)
2025-01-29 13:58:46,288 INFO c.h.h.t.HelmChartContainer - [hivemq-test-hivemq-platform] [hivemq-platform-operator] [16714659] 13:58:46.287 [ReconcilerExecutor-hivemq-controller-128] DEBUG c.h.p.o.h.HiveMQPlatformReconcilerErrorHandler - [updatelo] Pod 'test-hivemq-platform-1' phase Running
2025-01-29 13:58:46,289 INFO c.h.h.t.HelmChartContainer - [hivemq-test-hivemq-platform] [hivemq-platform-operator] [16714659] 13:58:46.288 [ReconcilerExecutor-hivemq-controller-128] DEBUG c.h.p.o.h.HiveMQPlatformReconcilerErrorHandler - [updatelo] Pod 'test-hivemq-platform-0' phase Running
2025-01-29 13:58:46,289 INFO c.h.h.t.HelmChartContainer - [hivemq-test-hivemq-platform] [hivemq-platform-operator] [16714659] 13:58:46.289 [ReconcilerExecutor-hivemq-controller-128] WARN  c.h.p.operator.util.RestApiUtil - [updatelo] Checking log level command on Pod 'test-hivemq-platform-1' returned a failure response: StatusResponse{status=INTERNAL_SERVER_ERROR, details={error=java.net.ConnectException}}
2025-01-29 13:58:48,655 INFO c.h.h.t.HelmChartContainer - [test-hivemq-platform] [hivemq] [55a38c4d] WARN  - [HiveMQ Platform Operator Init App 1.7.0-SNAPSHOT] Cannot connect to Health API for readiness: null
2025-01-29 13:58:48,659 INFO c.h.h.t.HelmChartContainer - [EVENT] Warning [Unhealthy] Readiness probe failed: HTTP probe failed with statuscode: 503 [updateloglevelit:test-hivemq-platform-1]
2025-01-29 13:58:48,660 INFO c.h.h.t.HelmChartContainer - Received Unhealthy event for container hivemq in pod test-hivemq-platform-1 [55a38c4d-b218-4873-a475-6f3ec2e0f344]
2025-01-29 13:58:50,431 INFO c.h.h.t.HelmChartContainer - [test-hivemq-platform] [hivemq] [55a38c4d] WARN  - [HiveMQ Platform Operator Init App 1.7.0-SNAPSHOT] Cannot connect to Health API for liveness: null
2025-01-29 13:58:50,431 INFO c.h.h.t.HelmChartContainer - [test-hivemq-platform] [hivemq] [55a38c4d] INFO  - [HiveMQ Platform Operator Init App 1.7.0-SNAPSHOT] Returning default Health API response 200 for liveness
2025-01-29 13:58:53,733 INFO c.h.h.t.HelmChartContainer - [test-hivemq-platform] [hivemq] [55a38c4d] WARN  - [HiveMQ Platform Operator Init App 1.7.0-SNAPSHOT] Cannot connect to Health API for readiness: null
2025-01-29 13:58:53,736 INFO c.h.h.t.HelmChartContainer - [EVENT] Warning [Unhealthy] Readiness probe failed: HTTP probe failed with statuscode: 503 [updateloglevelit:test-hivemq-platform-1]
2025-01-29 13:58:53,736 INFO c.h.h.t.HelmChartContainer - Received Unhealthy event for container hivemq in pod test-hivemq-platform-1 [55a38c4d-b218-4873-a475-6f3ec2e0f344]
2025-01-29 13:58:56,293 INFO c.h.h.t.HelmChartContainer - [hivemq-test-hivemq-platform] [hivemq-platform-operator] [16714659] 13:58:56.291 [pool-6-thread-11] DEBUG c.h.p.o.d.PlatformServiceResource - [updatelo] Desired Platform services (3 services)
2025-01-29 13:58:56,295 INFO c.h.h.t.HelmChartContainer - [hivemq-test-hivemq-platform] [hivemq-platform-operator] [16714659] 13:58:56.291 [pool-6-thread-20] DEBUG c.h.p.o.dependants.PodInfoConfigMap - [updatelo] Desired PodInfo ConfigMap (1 extensions) (1 enabled)
2025-01-29 13:58:56,295 INFO c.h.h.t.HelmChartContainer - [hivemq-test-hivemq-platform] [hivemq-platform-operator] [16714659] 13:58:56.291 [pool-6-thread-20] DEBUG c.h.p.o.dependants.PodInfoConfigMap - [updatelo] Desired PodInfo ConfigMap (metrics port: 9399) (metrics path: /)
2025-01-29 13:58:56,295 INFO c.h.h.t.HelmChartContainer - [hivemq-test-hivemq-platform] [hivemq-platform-operator] [16714659] 13:58:56.292 [pool-6-thread-20] DEBUG c.h.p.o.dependants.PodInfoConfigMap - [updatelo] Desired PodInfo ConfigMap (extension state hash: -1817474005)
2025-01-29 13:58:56,295 INFO c.h.h.t.HelmChartContainer - [hivemq-test-hivemq-platform] [hivemq-platform-operator] [16714659] 13:58:56.292 [pool-6-thread-20] DEBUG c.h.p.o.d.PodServiceAccountResource - [updatelo] Desired PodServiceAccountResource (serviceAccountName: hivemq-platform-pod-test-hivemq-platform)
2025-01-29 13:58:56,298 INFO c.h.h.t.HelmChartContainer - [hivemq-test-hivemq-platform] [hivemq-platform-operator] [16714659] 13:58:56.297 [pool-6-thread-11] DEBUG c.h.p.o.d.StatefulSetResource - [updatelo] Desired StatefulSet (2 replicas) for status SET_LOG_LEVEL (WAIT_FOR_LOG_LEVEL_UPDATE)
2025-01-29 13:58:56,303 INFO c.h.h.t.HelmChartContainer - [hivemq-test-hivemq-platform] [hivemq-platform-operator] [16714659] 13:58:56.300 [ReconcilerExecutor-hivemq-controller-129] INFO  c.h.p.o.HiveMQPlatformReconciler - [updatelo] Reconciling HiveMQ Platform 'test-hivemq-platform' in namespace 'updateloglevelit'
2025-01-29 13:58:56,304 INFO c.h.h.t.HelmChartContainer - [hivemq-test-hivemq-platform] [hivemq-platform-operator] [16714659] 13:58:56.300 [ReconcilerExecutor-hivemq-controller-129] DEBUG c.h.p.o.HiveMQPlatformReconciler - [updatelo] Custom Resource Status SET_LOG_LEVEL - HiveMQ Platform is updating the log level (WAIT_FOR_LOG_LEVEL_UPDATE) (reconciliation requests: SCALING)
2025-01-29 13:58:56,304 INFO c.h.h.t.HelmChartContainer - [hivemq-test-hivemq-platform] [hivemq-platform-operator] [16714659] 13:58:56.301 [ReconcilerExecutor-hivemq-controller-129] DEBUG c.h.p.o.HiveMQPlatformReconciler - [updatelo] Custom Resource Spec (replicas: 2) (extensions: 1)
2025-01-29 13:58:56,304 INFO c.h.h.t.HelmChartContainer - [hivemq-test-hivemq-platform] [hivemq-platform-operator] [16714659] 13:58:56.302 [ReconcilerExecutor-hivemq-controller-129] DEBUG c.h.p.o.HiveMQPlatformReconciler - [updatelo] StatefulSet Status (revision: test-hivemq-platform-b697f795f, replicas: 2, available: 1, ready: 1, current: 2, updated: 2)
2025-01-29 13:58:56,304 INFO c.h.h.t.HelmChartContainer - [hivemq-test-hivemq-platform] [hivemq-platform-operator] [16714659] 13:58:56.302 [ReconcilerExecutor-hivemq-controller-129] DEBUG c.h.p.o.HiveMQPlatformReconciler - [updatelo] StatefulSet Spec (replicas: 2, init containers: 1, containers: 1, volumes: 3)
2025-01-29 13:58:56,305 INFO c.h.h.t.HelmChartContainer - [hivemq-test-hivemq-platform] [hivemq-platform-operator] [16714659] 13:58:56.303 [ReconcilerExecutor-hivemq-controller-129] DEBUG c.h.p.o.h.HiveMQPlatformReconcilerErrorHandler - [updatelo] Pod 'test-hivemq-platform-1' phase Running
2025-01-29 13:58:56,305 INFO c.h.h.t.HelmChartContainer - [hivemq-test-hivemq-platform] [hivemq-platform-operator] [16714659] 13:58:56.305 [ReconcilerExecutor-hivemq-controller-129] DEBUG c.h.p.o.h.HiveMQPlatformReconcilerErrorHandler - [updatelo] Pod 'test-hivemq-platform-0' phase Running
2025-01-29 13:58:56,313 INFO c.h.h.t.HelmChartContainer - [hivemq-test-hivemq-platform] [hivemq-platform-operator] [16714659] 13:58:56.310 [ReconcilerExecutor-hivemq-controller-129] DEBUG c.h.p.o.h.HiveMQPlatformReconcilerSetLogLevelHandler - [updatelo] Checking log level on Pod 'test-hivemq-platform-1'
2025-01-29 13:58:56,313 INFO c.h.h.t.HelmChartContainer - [hivemq-test-hivemq-platform] [hivemq-platform-operator] [16714659] 13:58:56.310 [ForkJoinPool.commonPool-worker-1] DEBUG c.h.p.o.h.HiveMQPlatformReconcilerSetLogLevelHandler - [updatelo] Checking log level on Pod 'test-hivemq-platform-0'
2025-01-29 13:58:56,512 INFO c.h.h.t.HelmChartContainer - [hivemq-test-hivemq-platform] [hivemq-platform-operator] [16714659] 13:58:56.509 [vert.x-eventloop-thread-1] DEBUG c.h.platform.operator.util.PodUtil - Received status for command '[curl, -s, http://10.42.0.8:7979/logLevel]' on Pod 'test-hivemq-platform-0' (exit code: 0)
2025-01-29 13:58:56,641 INFO c.h.h.t.HelmChartContainer - [hivemq-test-hivemq-platform] [hivemq-platform-operator] [16714659] 13:58:56.640 [vert.x-eventloop-thread-1] DEBUG c.h.platform.operator.util.PodUtil - Received status for command '[curl, -s, http://10.42.0.9:7979/logLevel]' on Pod 'test-hivemq-platform-1' (exit code: 0)
2025-01-29 13:58:57,472 INFO c.h.h.t.HelmChartContainer - [hivemq-test-hivemq-platform] [hivemq-platform-operator] [16714659] 13:58:57.470 [pool-6-thread-21] DEBUG c.h.p.o.d.PlatformServiceResource - [updatelo] Desired Platform services (3 services)
2025-01-29 13:58:57,472 INFO c.h.h.t.HelmChartContainer - [hivemq-test-hivemq-platform] [hivemq-platform-operator] [16714659] 13:58:57.470 [pool-6-thread-24] DEBUG c.h.p.o.dependants.PodInfoConfigMap - [updatelo] Desired PodInfo ConfigMap (1 extensions) (1 enabled)
2025-01-29 13:58:57,472 INFO c.h.h.t.HelmChartContainer - [hivemq-test-hivemq-platform] [hivemq-platform-operator] [16714659] 13:58:57.470 [pool-6-thread-24] DEBUG c.h.p.o.dependants.PodInfoConfigMap - [updatelo] Desired PodInfo ConfigMap (metrics port: 9399) (metrics path: /)
2025-01-29 13:58:57,472 INFO c.h.h.t.HelmChartContainer - [hivemq-test-hivemq-platform] [hivemq-platform-operator] [16714659] 13:58:57.470 [pool-6-thread-24] DEBUG c.h.p.o.dependants.PodInfoConfigMap - [updatelo] Desired PodInfo ConfigMap (extension state hash: -1817474005)
2025-01-29 13:58:57,472 INFO c.h.h.t.HelmChartContainer - [hivemq-test-hivemq-platform] [hivemq-platform-operator] [16714659] 13:58:57.471 [pool-6-thread-26] DEBUG c.h.p.o.d.PodServiceAccountResource - [updatelo] Desired PodServiceAccountResource (serviceAccountName: hivemq-platform-pod-test-hivemq-platform)
2025-01-29 13:58:57,475 INFO c.h.h.t.HelmChartContainer - [hivemq-test-hivemq-platform] [hivemq-platform-operator] [16714659] 13:58:57.475 [pool-6-thread-21] DEBUG c.h.p.o.d.StatefulSetResource - [updatelo] Desired StatefulSet (2 replicas) for status SET_LOG_LEVEL (WAIT_FOR_LOG_LEVEL_UPDATE)
2025-01-29 13:58:57,480 INFO c.h.h.t.HelmChartContainer - [hivemq-test-hivemq-platform] [hivemq-platform-operator] [16714659] 13:58:57.478 [ReconcilerExecutor-hivemq-controller-130] INFO  c.h.p.o.HiveMQPlatformReconciler - [updatelo] Reconciling HiveMQ Platform 'test-hivemq-platform' in namespace 'updateloglevelit'
2025-01-29 13:58:57,480 INFO c.h.h.t.HelmChartContainer - [hivemq-test-hivemq-platform] [hivemq-platform-operator] [16714659] 13:58:57.478 [ReconcilerExecutor-hivemq-controller-130] DEBUG c.h.p.o.HiveMQPlatformReconciler - [updatelo] Custom Resource Status SET_LOG_LEVEL - HiveMQ Platform is updating the log level (WAIT_FOR_LOG_LEVEL_UPDATE) (reconciliation requests: SCALING)
2025-01-29 13:58:57,480 INFO c.h.h.t.HelmChartContainer - [hivemq-test-hivemq-platform] [hivemq-platform-operator] [16714659] 13:58:57.478 [ReconcilerExecutor-hivemq-controller-130] DEBUG c.h.p.o.HiveMQPlatformReconciler - [updatelo] Custom Resource Spec (replicas: 2) (extensions: 1)
2025-01-29 13:58:57,481 INFO c.h.h.t.HelmChartContainer - [hivemq-test-hivemq-platform] [hivemq-platform-operator] [16714659] 13:58:57.479 [ReconcilerExecutor-hivemq-controller-130] DEBUG c.h.p.o.HiveMQPlatformReconciler - [updatelo] StatefulSet Status (revision: test-hivemq-platform-b697f795f, replicas: 2, available: 1, ready: 1, current: 2, updated: 2)
2025-01-29 13:58:57,481 INFO c.h.h.t.HelmChartContainer - [hivemq-test-hivemq-platform] [hivemq-platform-operator] [16714659] 13:58:57.479 [ReconcilerExecutor-hivemq-controller-130] DEBUG c.h.p.o.HiveMQPlatformReconciler - [updatelo] StatefulSet Spec (replicas: 2, init containers: 1, containers: 1, volumes: 3)
2025-01-29 13:58:57,482 INFO c.h.h.t.HelmChartContainer - [hivemq-test-hivemq-platform] [hivemq-platform-operator] [16714659] 13:58:57.481 [ReconcilerExecutor-hivemq-controller-130] DEBUG c.h.p.o.h.HiveMQPlatformReconcilerErrorHandler - [updatelo] Pod 'test-hivemq-platform-1' phase Running
2025-01-29 13:58:57,483 INFO c.h.h.t.HelmChartContainer - [hivemq-test-hivemq-platform] [hivemq-platform-operator] [16714659] 13:58:57.482 [ReconcilerExecutor-hivemq-controller-130] DEBUG c.h.p.o.h.HiveMQPlatformReconcilerErrorHandler - [updatelo] Pod 'test-hivemq-platform-0' phase Running
2025-01-29 13:58:57,483 INFO c.h.h.t.HelmChartContainer - [hivemq-test-hivemq-platform] [hivemq-platform-operator] [16714659] 13:58:57.483 [ReconcilerExecutor-hivemq-controller-130] WARN  c.h.p.operator.util.RestApiUtil - [updatelo] Checking log level command on Pod 'test-hivemq-platform-1' returned a failure response: StatusResponse{status=INTERNAL_SERVER_ERROR, details={error=java.net.ConnectException}}
2025-01-29 13:58:58,729 INFO c.h.h.t.HelmChartContainer - [test-hivemq-platform] [hivemq] [55a38c4d] WARN  - [HiveMQ Platform Operator Init App 1.7.0-SNAPSHOT] Cannot connect to Health API for readiness: null
2025-01-29 13:58:58,734 INFO c.h.h.t.HelmChartContainer - [EVENT] Warning [Unhealthy] Readiness probe failed: HTTP probe failed with statuscode: 503 [updateloglevelit:test-hivemq-platform-1]
2025-01-29 13:58:58,735 INFO c.h.h.t.HelmChartContainer - Received Unhealthy event for container hivemq in pod test-hivemq-platform-1 [55a38c4d-b218-4873-a475-6f3ec2e0f344]
2025-01-29 13:59:03,730 INFO c.h.h.t.HelmChartContainer - [test-hivemq-platform] [hivemq] [55a38c4d] WARN  - [HiveMQ Platform Operator Init App 1.7.0-SNAPSHOT] Cannot connect to Health API for readiness: null
2025-01-29 13:59:03,736 INFO c.h.h.t.HelmChartContainer - [EVENT] Warning [Unhealthy] Readiness probe failed: HTTP probe failed with statuscode: 503 [updateloglevelit:test-hivemq-platform-1]
2025-01-29 13:59:03,736 INFO c.h.h.t.HelmChartContainer - Received Unhealthy event for container hivemq in pod test-hivemq-platform-1 [55a38c4d-b218-4873-a475-6f3ec2e0f344]
2025-01-29 13:59:07,488 INFO c.h.h.t.HelmChartContainer - [hivemq-test-hivemq-platform] [hivemq-platform-operator] [16714659] 13:59:07.486 [pool-6-thread-32] DEBUG c.h.p.o.d.PlatformServiceResource - [updatelo] Desired Platform services (3 services)
2025-01-29 13:59:07,488 INFO c.h.h.t.HelmChartContainer - [hivemq-test-hivemq-platform] [hivemq-platform-operator] [16714659] 13:59:07.487 [pool-6-thread-39] DEBUG c.h.p.o.dependants.PodInfoConfigMap - [updatelo] Desired PodInfo ConfigMap (1 extensions) (1 enabled)
2025-01-29 13:59:07,489 INFO c.h.h.t.HelmChartContainer - [hivemq-test-hivemq-platform] [hivemq-platform-operator] [16714659] 13:59:07.487 [pool-6-thread-35] DEBUG c.h.p.o.d.PodServiceAccountResource - [updatelo] Desired PodServiceAccountResource (serviceAccountName: hivemq-platform-pod-test-hivemq-platform)
2025-01-29 13:59:07,490 INFO c.h.h.t.HelmChartContainer - [hivemq-test-hivemq-platform] [hivemq-platform-operator] [16714659] 13:59:07.489 [pool-6-thread-39] DEBUG c.h.p.o.dependants.PodInfoConfigMap - [updatelo] Desired PodInfo ConfigMap (metrics port: 9399) (metrics path: /)
2025-01-29 13:59:07,490 INFO c.h.h.t.HelmChartContainer - [hivemq-test-hivemq-platform] [hivemq-platform-operator] [16714659] 13:59:07.489 [pool-6-thread-39] DEBUG c.h.p.o.dependants.PodInfoConfigMap - [updatelo] Desired PodInfo ConfigMap (extension state hash: -1817474005)
2025-01-29 13:59:07,492 INFO c.h.h.t.HelmChartContainer - [hivemq-test-hivemq-platform] [hivemq-platform-operator] [16714659] 13:59:07.492 [pool-6-thread-39] DEBUG c.h.p.o.d.StatefulSetResource - [updatelo] Desired StatefulSet (2 replicas) for status SET_LOG_LEVEL (WAIT_FOR_LOG_LEVEL_UPDATE)
2025-01-29 13:59:07,495 INFO c.h.h.t.HelmChartContainer - [hivemq-test-hivemq-platform] [hivemq-platform-operator] [16714659] 13:59:07.494 [ReconcilerExecutor-hivemq-controller-131] INFO  c.h.p.o.HiveMQPlatformReconciler - [updatelo] Reconciling HiveMQ Platform 'test-hivemq-platform' in namespace 'updateloglevelit'
2025-01-29 13:59:07,496 INFO c.h.h.t.HelmChartContainer - [hivemq-test-hivemq-platform] [hivemq-platform-operator] [16714659] 13:59:07.494 [ReconcilerExecutor-hivemq-controller-131] DEBUG c.h.p.o.HiveMQPlatformReconciler - [updatelo] Custom Resource Status SET_LOG_LEVEL - HiveMQ Platform is updating the log level (WAIT_FOR_LOG_LEVEL_UPDATE) (reconciliation requests: SCALING)
2025-01-29 13:59:07,496 INFO c.h.h.t.HelmChartContainer - [hivemq-test-hivemq-platform] [hivemq-platform-operator] [16714659] 13:59:07.494 [ReconcilerExecutor-hivemq-controller-131] DEBUG c.h.p.o.HiveMQPlatformReconciler - [updatelo] Custom Resource Spec (replicas: 2) (extensions: 1)
2025-01-29 13:59:07,497 INFO c.h.h.t.HelmChartContainer - [hivemq-test-hivemq-platform] [hivemq-platform-operator] [16714659] 13:59:07.496 [ReconcilerExecutor-hivemq-controller-131] DEBUG c.h.p.o.HiveMQPlatformReconciler - [updatelo] StatefulSet Status (revision: test-hivemq-platform-b697f795f, replicas: 2, available: 1, ready: 1, current: 2, updated: 2)
2025-01-29 13:59:07,498 INFO c.h.h.t.HelmChartContainer - [hivemq-test-hivemq-platform] [hivemq-platform-operator] [16714659] 13:59:07.496 [ReconcilerExecutor-hivemq-controller-131] DEBUG c.h.p.o.HiveMQPlatformReconciler - [updatelo] StatefulSet Spec (replicas: 2, init containers: 1, containers: 1, volumes: 3)
2025-01-29 13:59:07,498 INFO c.h.h.t.HelmChartContainer - [hivemq-test-hivemq-platform] [hivemq-platform-operator] [16714659] 13:59:07.497 [ReconcilerExecutor-hivemq-controller-131] DEBUG c.h.p.o.h.HiveMQPlatformReconcilerErrorHandler - [updatelo] Pod 'test-hivemq-platform-1' phase Running
2025-01-29 13:59:07,499 INFO c.h.h.t.HelmChartContainer - [hivemq-test-hivemq-platform] [hivemq-platform-operator] [16714659] 13:59:07.498 [ReconcilerExecutor-hivemq-controller-131] DEBUG c.h.p.o.h.HiveMQPlatformReconcilerErrorHandler - [updatelo] Pod 'test-hivemq-platform-0' phase Running
2025-01-29 13:59:07,505 INFO c.h.h.t.HelmChartContainer - [hivemq-test-hivemq-platform] [hivemq-platform-operator] [16714659] 13:59:07.504 [ReconcilerExecutor-hivemq-controller-131] DEBUG c.h.p.o.h.HiveMQPlatformReconcilerSetLogLevelHandler - [updatelo] Checking log level on Pod 'test-hivemq-platform-1'
2025-01-29 13:59:07,554 INFO c.h.h.t.HelmChartContainer - [hivemq-test-hivemq-platform] [hivemq-platform-operator] [16714659] 13:59:07.553 [ForkJoinPool.commonPool-worker-1] DEBUG c.h.p.o.h.HiveMQPlatformReconcilerSetLogLevelHandler - [updatelo] Checking log level on Pod 'test-hivemq-platform-0'
2025-01-29 13:59:07,656 INFO c.h.h.t.HelmChartContainer - [hivemq-test-hivemq-platform] [hivemq-platform-operator] [16714659] 13:59:07.655 [vert.x-eventloop-thread-1] DEBUG c.h.platform.operator.util.PodUtil - Received status for command '[curl, -s, http://10.42.0.8:7979/logLevel]' on Pod 'test-hivemq-platform-0' (exit code: 0)
2025-01-29 13:59:08,539 INFO c.h.h.t.HelmChartContainer - [test-hivemq-platform] [hivemq] [55a38c4d] WARN  - 
2025-01-29 13:59:08,539 INFO c.h.h.t.HelmChartContainer - [test-hivemq-platform] [hivemq] [55a38c4d] ################################################################################################################
2025-01-29 13:59:08,543 INFO c.h.h.t.HelmChartContainer - [test-hivemq-platform] [hivemq] [55a38c4d] # This HiveMQ deployment is not secure! You are lacking Authentication and Authorization.                      #
2025-01-29 13:59:08,543 INFO c.h.h.t.HelmChartContainer - [test-hivemq-platform] [hivemq] [55a38c4d] # Right now any MQTT client can connect to the broker with a full set of permissions.                          #
2025-01-29 13:59:08,543 INFO c.h.h.t.HelmChartContainer - [test-hivemq-platform] [hivemq] [55a38c4d] # For production usage, add an appropriate security extension and remove the hivemq-allow-all extension.       #
2025-01-29 13:59:08,543 INFO c.h.h.t.HelmChartContainer - [test-hivemq-platform] [hivemq] [55a38c4d] # You can download security extensions from the HiveMQ Marketplace (https://www.hivemq.com/extensions/).       #
2025-01-29 13:59:08,543 INFO c.h.h.t.HelmChartContainer - [test-hivemq-platform] [hivemq] [55a38c4d] ################################################################################################################
2025-01-29 13:59:08,660 INFO c.h.h.t.HelmChartContainer - [hivemq-test-hivemq-platform] [hivemq-platform-operator] [16714659] 13:59:08.656 [pool-6-thread-44] DEBUG c.h.p.o.d.PlatformServiceResource - [updatelo] Desired Platform services (3 services)
2025-01-29 13:59:08,661 INFO c.h.h.t.HelmChartContainer - [hivemq-test-hivemq-platform] [hivemq-platform-operator] [16714659] 13:59:08.657 [pool-6-thread-47] DEBUG c.h.p.o.dependants.PodInfoConfigMap - [updatelo] Desired PodInfo ConfigMap (1 extensions) (1 enabled)
2025-01-29 13:59:08,662 INFO c.h.h.t.HelmChartContainer - [hivemq-test-hivemq-platform] [hivemq-platform-operator] [16714659] 13:59:08.657 [pool-6-thread-47] DEBUG c.h.p.o.dependants.PodInfoConfigMap - [updatelo] Desired PodInfo ConfigMap (metrics port: 9399) (metrics path: /)
2025-01-29 13:59:08,662 INFO c.h.h.t.HelmChartContainer - [hivemq-test-hivemq-platform] [hivemq-platform-operator] [16714659] 13:59:08.657 [pool-6-thread-47] DEBUG c.h.p.o.dependants.PodInfoConfigMap - [updatelo] Desired PodInfo ConfigMap (extension state hash: -1817474005)
2025-01-29 13:59:08,662 INFO c.h.h.t.HelmChartContainer - [hivemq-test-hivemq-platform] [hivemq-platform-operator] [16714659] 13:59:08.659 [pool-6-thread-47] DEBUG c.h.p.o.d.PodServiceAccountResource - [updatelo] Desired PodServiceAccountResource (serviceAccountName: hivemq-platform-pod-test-hivemq-platform)
2025-01-29 13:59:08,663 INFO c.h.h.t.HelmChartContainer - [hivemq-test-hivemq-platform] [hivemq-platform-operator] [16714659] 13:59:08.662 [pool-6-thread-44] DEBUG c.h.p.o.d.StatefulSetResource - [updatelo] Desired StatefulSet (2 replicas) for status SET_LOG_LEVEL (WAIT_FOR_LOG_LEVEL_UPDATE)
2025-01-29 13:59:08,666 INFO c.h.h.t.HelmChartContainer - [hivemq-test-hivemq-platform] [hivemq-platform-operator] [16714659] 13:59:08.665 [ReconcilerExecutor-hivemq-controller-132] INFO  c.h.p.o.HiveMQPlatformReconciler - [updatelo] Reconciling HiveMQ Platform 'test-hivemq-platform' in namespace 'updateloglevelit'
2025-01-29 13:59:08,666 INFO c.h.h.t.HelmChartContainer - [hivemq-test-hivemq-platform] [hivemq-platform-operator] [16714659] 13:59:08.665 [ReconcilerExecutor-hivemq-controller-132] DEBUG c.h.p.o.HiveMQPlatformReconciler - [updatelo] Custom Resource Status SET_LOG_LEVEL - HiveMQ Platform is updating the log level (WAIT_FOR_LOG_LEVEL_UPDATE) (reconciliation requests: SCALING)
2025-01-29 13:59:08,666 INFO c.h.h.t.HelmChartContainer - [hivemq-test-hivemq-platform] [hivemq-platform-operator] [16714659] 13:59:08.665 [ReconcilerExecutor-hivemq-controller-132] DEBUG c.h.p.o.HiveMQPlatformReconciler - [updatelo] Custom Resource Spec (replicas: 2) (extensions: 1)
2025-01-29 13:59:08,667 INFO c.h.h.t.HelmChartContainer - [hivemq-test-hivemq-platform] [hivemq-platform-operator] [16714659] 13:59:08.666 [ReconcilerExecutor-hivemq-controller-132] DEBUG c.h.p.o.HiveMQPlatformReconciler - [updatelo] StatefulSet Status (revision: test-hivemq-platform-b697f795f, replicas: 2, available: 1, ready: 1, current: 2, updated: 2)
2025-01-29 13:59:08,668 INFO c.h.h.t.HelmChartContainer - [hivemq-test-hivemq-platform] [hivemq-platform-operator] [16714659] 13:59:08.666 [ReconcilerExecutor-hivemq-controller-132] DEBUG c.h.p.o.HiveMQPlatformReconciler - [updatelo] StatefulSet Spec (replicas: 2, init containers: 1, containers: 1, volumes: 3)
2025-01-29 13:59:08,669 INFO c.h.h.t.HelmChartContainer - [hivemq-test-hivemq-platform] [hivemq-platform-operator] [16714659] 13:59:08.667 [ReconcilerExecutor-hivemq-controller-132] DEBUG c.h.p.o.h.HiveMQPlatformReconcilerErrorHandler - [updatelo] Pod 'test-hivemq-platform-1' phase Running
2025-01-29 13:59:08,669 INFO c.h.h.t.HelmChartContainer - [hivemq-test-hivemq-platform] [hivemq-platform-operator] [16714659] 13:59:08.668 [ReconcilerExecutor-hivemq-controller-132] DEBUG c.h.p.o.h.HiveMQPlatformReconcilerErrorHandler - [updatelo] Pod 'test-hivemq-platform-0' phase Running
2025-01-29 13:59:08,670 INFO c.h.h.t.HelmChartContainer - [hivemq-test-hivemq-platform] [hivemq-platform-operator] [16714659] 13:59:08.669 [ReconcilerExecutor-hivemq-controller-132] INFO  c.h.p.operator.http.RestApiService - [updatelo] Checking log level command on Pod 'test-hivemq-platform-1' is not ready yet
2025-01-29 13:59:09,141 INFO c.h.h.t.HelmChartContainer - [test-hivemq-platform] [hivemq] [55a38c4d] INFO  - [HiveMQ Platform Operator Init App 1.7.0-SNAPSHOT] Returning Health API response 503 for readiness
2025-01-29 13:59:09,237 INFO c.h.h.t.HelmChartContainer - [EVENT] Warning [Unhealthy] Readiness probe failed: HTTP probe failed with statuscode: 503 [updateloglevelit:test-hivemq-platform-1]
2025-01-29 13:59:09,237 INFO c.h.h.t.HelmChartContainer - Received Unhealthy event for container hivemq in pod test-hivemq-platform-1 [55a38c4d-b218-4873-a475-6f3ec2e0f344]
2025-01-29 13:59:09,238 INFO c.h.h.t.HelmChartContainer - [hivemq-test-hivemq-platform] [hivemq-platform-operator] [16714659] 13:59:09.237 [vert.x-eventloop-thread-0] DEBUG c.h.platform.operator.util.PodUtil - Received status for command '[curl, -s, http://10.42.0.9:7979/logLevel]' on Pod 'test-hivemq-platform-1' (exit code: 0)
2025-01-29 13:59:09,674 INFO c.h.h.t.HelmChartContainer - [hivemq-test-hivemq-platform] [hivemq-platform-operator] [16714659] 13:59:09.672 [pool-6-thread-6] DEBUG c.h.p.o.d.PlatformServiceResource - [updatelo] Desired Platform services (3 services)
2025-01-29 13:59:09,674 INFO c.h.h.t.HelmChartContainer - [hivemq-test-hivemq-platform] [hivemq-platform-operator] [16714659] 13:59:09.672 [pool-6-thread-7] DEBUG c.h.p.o.dependants.PodInfoConfigMap - [updatelo] Desired PodInfo ConfigMap (1 extensions) (1 enabled)
2025-01-29 13:59:09,674 INFO c.h.h.t.HelmChartContainer - [hivemq-test-hivemq-platform] [hivemq-platform-operator] [16714659] 13:59:09.673 [pool-6-thread-7] DEBUG c.h.p.o.dependants.PodInfoConfigMap - [updatelo] Desired PodInfo ConfigMap (metrics port: 9399) (metrics path: /)
2025-01-29 13:59:09,674 INFO c.h.h.t.HelmChartContainer - [hivemq-test-hivemq-platform] [hivemq-platform-operator] [16714659] 13:59:09.673 [pool-6-thread-7] DEBUG c.h.p.o.dependants.PodInfoConfigMap - [updatelo] Desired PodInfo ConfigMap (extension state hash: -1817474005)
2025-01-29 13:59:09,674 INFO c.h.h.t.HelmChartContainer - [hivemq-test-hivemq-platform] [hivemq-platform-operator] [16714659] 13:59:09.673 [pool-6-thread-4] DEBUG c.h.p.o.d.PodServiceAccountResource - [updatelo] Desired PodServiceAccountResource (serviceAccountName: hivemq-platform-pod-test-hivemq-platform)
2025-01-29 13:59:09,677 INFO c.h.h.t.HelmChartContainer - [hivemq-test-hivemq-platform] [hivemq-platform-operator] [16714659] 13:59:09.677 [pool-6-thread-6] DEBUG c.h.p.o.d.StatefulSetResource - [updatelo] Desired StatefulSet (2 replicas) for status SET_LOG_LEVEL (WAIT_FOR_LOG_LEVEL_UPDATE)
2025-01-29 13:59:09,680 INFO c.h.h.t.HelmChartContainer - [hivemq-test-hivemq-platform] [hivemq-platform-operator] [16714659] 13:59:09.679 [ReconcilerExecutor-hivemq-controller-133] INFO  c.h.p.o.HiveMQPlatformReconciler - [updatelo] Reconciling HiveMQ Platform 'test-hivemq-platform' in namespace 'updateloglevelit'
2025-01-29 13:59:09,681 INFO c.h.h.t.HelmChartContainer - [hivemq-test-hivemq-platform] [hivemq-platform-operator] [16714659] 13:59:09.679 [ReconcilerExecutor-hivemq-controller-133] DEBUG c.h.p.o.HiveMQPlatformReconciler - [updatelo] Custom Resource Status SET_LOG_LEVEL - HiveMQ Platform is updating the log level (WAIT_FOR_LOG_LEVEL_UPDATE) (reconciliation requests: SCALING)
2025-01-29 13:59:09,681 INFO c.h.h.t.HelmChartContainer - [hivemq-test-hivemq-platform] [hivemq-platform-operator] [16714659] 13:59:09.679 [ReconcilerExecutor-hivemq-controller-133] DEBUG c.h.p.o.HiveMQPlatformReconciler - [updatelo] Custom Resource Spec (replicas: 2) (extensions: 1)
2025-01-29 13:59:09,682 INFO c.h.h.t.HelmChartContainer - [hivemq-test-hivemq-platform] [hivemq-platform-operator] [16714659] 13:59:09.680 [ReconcilerExecutor-hivemq-controller-133] DEBUG c.h.p.o.HiveMQPlatformReconciler - [updatelo] StatefulSet Status (revision: test-hivemq-platform-b697f795f, replicas: 2, available: 1, ready: 1, current: 2, updated: 2)
2025-01-29 13:59:09,682 INFO c.h.h.t.HelmChartContainer - [hivemq-test-hivemq-platform] [hivemq-platform-operator] [16714659] 13:59:09.680 [ReconcilerExecutor-hivemq-controller-133] DEBUG c.h.p.o.HiveMQPlatformReconciler - [updatelo] StatefulSet Spec (replicas: 2, init containers: 1, containers: 1, volumes: 3)
2025-01-29 13:59:09,683 INFO c.h.h.t.HelmChartContainer - [hivemq-test-hivemq-platform] [hivemq-platform-operator] [16714659] 13:59:09.682 [ReconcilerExecutor-hivemq-controller-133] DEBUG c.h.p.o.h.HiveMQPlatformReconcilerErrorHandler - [updatelo] Pod 'test-hivemq-platform-1' phase Running
2025-01-29 13:59:09,684 INFO c.h.h.t.HelmChartContainer - [hivemq-test-hivemq-platform] [hivemq-platform-operator] [16714659] 13:59:09.683 [ReconcilerExecutor-hivemq-controller-133] DEBUG c.h.p.o.h.HiveMQPlatformReconcilerErrorHandler - [updatelo] Pod 'test-hivemq-platform-0' phase Running
2025-01-29 13:59:09,684 INFO c.h.h.t.HelmChartContainer - [hivemq-test-hivemq-platform] [hivemq-platform-operator] [16714659] 13:59:09.684 [ReconcilerExecutor-hivemq-controller-133] INFO  c.h.p.o.h.HiveMQPlatformReconcilerSetLogLevelHandler - [updatelo] Successfully updated log level on all Pods
2025-01-29 13:59:09,692 INFO c.h.h.t.HelmChartContainer - [EVENT] Normal [Ready] HiveMQ Platform is ready [updateloglevelit:test-hivemq-platform]
2025-01-29 13:59:09,693 INFO c.h.h.t.HelmChartContainer - [hivemq-test-hivemq-platform] [hivemq-platform-operator] [16714659] 13:59:09.692 [ReconcilerExecutor-hivemq-controller-133] DEBUG c.h.p.operator.event.EventSender - [updatelo] Updating K8s event hivemq-platform-ready: [Ready] HiveMQ Platform is ready
2025-01-29 13:59:09,693 INFO c.h.h.t.HelmChartContainer - [hivemq-test-hivemq-platform] [hivemq-platform-operator] [16714659] 13:59:09.692 [ReconcilerExecutor-hivemq-controller-133] INFO  c.h.p.o.h.AbstractHiveMQReconcilerStateHandler - [updatelo] Update HiveMQ Platform Status (SET_LOG_LEVEL [WAIT_FOR_LOG_LEVEL_UPDATE] -> RUNNING [READY]): HiveMQ Platform is ready (reconciliation requests: SCALING)
2025-01-29 13:59:09,699 DEBUG com.hivemq.helmcharts.util.K8sUtil - Comparing actual state 'RUNNING' and waiting for 'RUNNING'
2025-01-29 13:59:11,700 INFO c.h.h.platform.UpdateLogLevelIT - Assert updated logback.xml in pods
2025-01-29 13:59:11,931 INFO c.h.h.t.HelmChartContainer - [test-hivemq-platform] [hivemq] [55a38c4d] WARN  - No user for HiveMQ Control Center configured. Starting with default user
2025-01-29 13:59:11,955 INFO c.h.h.t.HelmChartContainer - Uninstalling release 'test-hivemq-platform' in namespace 'updateloglevelit'...
2025-01-29 13:59:11,955 DEBUG c.h.h.t.HelmChartContainer - Executing helm command: /bin/helm --kubeconfig /etc/rancher/k3s/k3s.yaml uninstall test-hivemq-platform  --wait --timeout 5m0s --cascade foreground --namespace updateloglevelit
2025-01-29 13:59:12,182 INFO c.h.h.t.HelmChartContainer - [hivemq-test-hivemq-platform] [hivemq-platform-operator] [16714659] 13:59:12.177 [pool-6-thread-20] DEBUG c.h.p.o.d.PlatformServiceResource - [updatelo] Desired Platform services (3 services)
2025-01-29 13:59:12,182 INFO c.h.h.t.HelmChartContainer - [hivemq-test-hivemq-platform] [hivemq-platform-operator] [16714659] 13:59:12.178 [pool-6-thread-19] DEBUG c.h.p.o.dependants.PodInfoConfigMap - [updatelo] Desired PodInfo ConfigMap (1 extensions) (1 enabled)
2025-01-29 13:59:12,182 INFO c.h.h.t.HelmChartContainer - [hivemq-test-hivemq-platform] [hivemq-platform-operator] [16714659] 13:59:12.178 [pool-6-thread-19] DEBUG c.h.p.o.dependants.PodInfoConfigMap - [updatelo] Desired PodInfo ConfigMap (metrics port: 9399) (metrics path: /)
2025-01-29 13:59:12,182 INFO c.h.h.t.HelmChartContainer - [hivemq-test-hivemq-platform] [hivemq-platform-operator] [16714659] 13:59:12.179 [pool-6-thread-19] DEBUG c.h.p.o.dependants.PodInfoConfigMap - [updatelo] Desired PodInfo ConfigMap (extension state hash: -1817474005)
2025-01-29 13:59:12,197 INFO c.h.h.t.HelmChartContainer - [hivemq-test-hivemq-platform] [hivemq-platform-operator] [16714659] 13:59:12.185 [pool-6-thread-17] DEBUG c.h.p.o.d.PodServiceAccountResource - [updatelo] Desired PodServiceAccountResource (serviceAccountName: hivemq-platform-pod-test-hivemq-platform)
2025-01-29 13:59:12,199 INFO c.h.h.t.HelmChartContainer - [hivemq-test-hivemq-platform] [hivemq-platform-operator] [16714659] 13:59:12.186 [pool-6-thread-19] DEBUG c.h.p.o.dependants.PodInfoConfigMap - [updatelo] Update PodInfo ConfigMap
2025-01-29 13:59:12,255 INFO c.h.h.t.HelmChartContainer - [hivemq-test-hivemq-platform] [hivemq-platform-operator] [16714659] 13:59:12.254 [pool-6-thread-19] DEBUG c.h.p.o.d.StatefulSetResource - [updatelo] Desired StatefulSet (2 replicas) for status RUNNING (READY)
2025-01-29 13:59:12,258 INFO c.h.h.t.HelmChartContainer - [hivemq-test-hivemq-platform] [hivemq-platform-operator] [16714659] 13:59:12.258 [ReconcilerExecutor-hivemq-controller-134] INFO  c.h.p.o.HiveMQPlatformReconciler - [updatelo] Reconciling HiveMQ Platform 'test-hivemq-platform' in namespace 'updateloglevelit'
2025-01-29 13:59:12,259 INFO c.h.h.t.HelmChartContainer - [hivemq-test-hivemq-platform] [hivemq-platform-operator] [16714659] 13:59:12.258 [ReconcilerExecutor-hivemq-controller-134] DEBUG c.h.p.o.HiveMQPlatformReconciler - [updatelo] Custom Resource Status RUNNING - HiveMQ Platform is ready (READY) (reconciliation requests: SCALING)
2025-01-29 13:59:12,260 INFO c.h.h.t.HelmChartContainer - [hivemq-test-hivemq-platform] [hivemq-platform-operator] [16714659] 13:59:12.259 [ReconcilerExecutor-hivemq-controller-134] DEBUG c.h.p.o.HiveMQPlatformReconciler - [updatelo] Custom Resource Spec (replicas: 2) (extensions: 1)
2025-01-29 13:59:12,260 INFO c.h.h.t.HelmChartContainer - [hivemq-test-hivemq-platform] [hivemq-platform-operator] [16714659] 13:59:12.260 [ReconcilerExecutor-hivemq-controller-134] WARN  c.h.p.o.h.HiveMQPlatformReconcilerErrorHandler - [updatelo] Could not find ConfigMap 'hivemq-configuration-test-hivemq-platform' for HiveMQ Platform configuration
2025-01-29 13:59:12,361 INFO c.h.h.t.HelmChartContainer - [hivemq-test-hivemq-platform] [hivemq-platform-operator] [16714659] 13:59:12.360 [ReconcilerExecutor-hivemq-controller-134] DEBUG c.h.p.operator.event.EventSender - [updatelo] Creating K8s event hivemq-platform-invalid-configuration: [Start] Could not find ConfigMap 'hivemq-configuration-test-hivemq-platform' for HiveMQ Platform configuration
2025-01-29 13:59:12,364 INFO c.h.h.t.HelmChartContainer - [EVENT] Warning [Start] Could not find ConfigMap 'hivemq-configuration-test-hivemq-platform' for HiveMQ Platform configuration [updateloglevelit:test-hivemq-platform]
2025-01-29 13:59:12,364 INFO c.h.h.t.HelmChartContainer - [hivemq-test-hivemq-platform] [hivemq-platform-operator] [16714659] 13:59:12.364 [ReconcilerExecutor-hivemq-controller-134] INFO  c.h.p.o.h.AbstractHiveMQReconcilerStateHandler - [updatelo] Update HiveMQ Platform Status (RUNNING [READY] -> ERROR [INVALID_CONFIG_MAP]): Could not find ConfigMap 'hivemq-configuration-test-hivemq-platform' for HiveMQ Platform configuration (reconciliation requests: SCALING)
2025-01-29 13:59:12,371 INFO c.h.h.t.HelmChartContainer - [hivemq-test-hivemq-platform] [hivemq-platform-operator] [16714659] 13:59:12.369 [ReconcilerExecutor-hivemq-controller-134] ERROR i.j.o.p.event.EventProcessor - Error during event processing ExecutionScope{ resource id: ResourceID{name='test-hivemq-platform', namespace='updateloglevelit'}, version: 952}
2025-01-29 13:59:12,371 INFO c.h.h.t.HelmChartContainer - [hivemq-test-hivemq-platform] [hivemq-platform-operator] [16714659] io.fabric8.kubernetes.client.KubernetesClientException: Failure executing: PUT at: https://10.43.0.1:443/apis/hivemq.com/v1/namespaces/updateloglevelit/hivemq-platforms/test-hivemq-platform/status. Message: Operation cannot be fulfilled on hivemq-platforms.hivemq.com "test-hivemq-platform": the object has been modified; please apply your changes to the latest version and try again. Received status: Status(apiVersion=v1, code=409, details=StatusDetails(causes=[], group=hivemq.com, kind=hivemq-platforms, name=test-hivemq-platform, retryAfterSeconds=null, uid=null, additionalProperties={}), kind=Status, message=Operation cannot be fulfilled on hivemq-platforms.hivemq.com "test-hivemq-platform": the object has been modified; please apply your changes to the latest version and try again, metadata=ListMeta(_continue=null, remainingItemCount=null, resourceVersion=null, selfLink=null, additionalProperties={}), reason=Conflict, status=Failure, additionalProperties={}).
2025-01-29 13:59:12,372 INFO c.h.h.t.HelmChartContainer - [hivemq-test-hivemq-platform] [hivemq-platform-operator] [16714659] 	at io.fabric8.kubernetes.client.KubernetesClientException.copyAsCause(KubernetesClientException.java:238)
2025-01-29 13:59:12,372 INFO c.h.h.t.HelmChartContainer - [hivemq-test-hivemq-platform] [hivemq-platform-operator] [16714659] 	at io.fabric8.kubernetes.client.dsl.internal.OperationSupport.waitForResult(OperationSupport.java:507)
2025-01-29 13:59:12,373 INFO c.h.h.t.HelmChartContainer - [hivemq-test-hivemq-platform] [hivemq-platform-operator] [16714659] 	at io.fabric8.kubernetes.client.dsl.internal.OperationSupport.handleResponse(OperationSupport.java:524)
2025-01-29 13:59:12,373 INFO c.h.h.t.HelmChartContainer - [hivemq-test-hivemq-platform] [hivemq-platform-operator] [16714659] 	at io.fabric8.kubernetes.client.dsl.internal.OperationSupport.handleUpdate(OperationSupport.java:358)
2025-01-29 13:59:12,373 INFO c.h.h.t.HelmChartContainer - [hivemq-test-hivemq-platform] [hivemq-platform-operator] [16714659] 	at io.fabric8.kubernetes.client.dsl.internal.BaseOperation.handleUpdate(BaseOperation.java:759)
2025-01-29 13:59:12,373 INFO c.h.h.t.HelmChartContainer - [hivemq-test-hivemq-platform] [hivemq-platform-operator] [16714659] 	at io.fabric8.kubernetes.client.dsl.internal.HasMetadataOperation.update(HasMetadataOperation.java:138)
2025-01-29 13:59:12,373 INFO c.h.h.t.HelmChartContainer - [hivemq-test-hivemq-platform] [hivemq-platform-operator] [16714659] 	at io.fabric8.kubernetes.client.dsl.internal.HasMetadataOperation.update(HasMetadataOperation.java:121)
2025-01-29 13:59:12,373 INFO c.h.h.t.HelmChartContainer - [hivemq-test-hivemq-platform] [hivemq-platform-operator] [16714659] 	at io.fabric8.kubernetes.client.dsl.internal.HasMetadataOperation.updateStatus(HasMetadataOperation.java:126)
2025-01-29 13:59:12,373 INFO c.h.h.t.HelmChartContainer - [hivemq-test-hivemq-platform] [hivemq-platform-operator] [16714659] 	at io.fabric8.kubernetes.client.dsl.internal.HasMetadataOperation.updateStatus(HasMetadataOperation.java:44)
2025-01-29 13:59:12,373 INFO c.h.h.t.HelmChartContainer - [hivemq-test-hivemq-platform] [hivemq-platform-operator] [16714659] 	at io.javaoperatorsdk.operator.processing.event.ReconciliationDispatcher$CustomResourceFacade.updateStatus(ReconciliationDispatcher.java:408)
2025-01-29 13:59:12,373 INFO c.h.h.t.HelmChartContainer - [hivemq-test-hivemq-platform] [hivemq-platform-operator] [16714659] 	at io.javaoperatorsdk.operator.processing.event.ReconciliationDispatcher.updateStatusGenerationAware(ReconciliationDispatcher.java:228)
2025-01-29 13:59:12,373 INFO c.h.h.t.HelmChartContainer - [hivemq-test-hivemq-platform] [hivemq-platform-operator] [16714659] 	at io.javaoperatorsdk.operator.processing.event.ReconciliationDispatcher.reconcileExecution(ReconciliationDispatcher.java:150)
2025-01-29 13:59:12,373 INFO c.h.h.t.HelmChartContainer - [hivemq-test-hivemq-platform] [hivemq-platform-operator] [16714659] 	at io.javaoperatorsdk.operator.processing.event.ReconciliationDispatcher.handleReconcile(ReconciliationDispatcher.java:117)
2025-01-29 13:59:12,373 INFO c.h.h.t.HelmChartContainer - [hivemq-test-hivemq-platform] [hivemq-platform-operator] [16714659] 	at io.javaoperatorsdk.operator.processing.event.ReconciliationDispatcher.handleDispatch(ReconciliationDispatcher.java:91)
2025-01-29 13:59:12,373 INFO c.h.h.t.HelmChartContainer - [hivemq-test-hivemq-platform] [hivemq-platform-operator] [16714659] 	at io.javaoperatorsdk.operator.processing.event.ReconciliationDispatcher.handleExecution(ReconciliationDispatcher.java:64)
2025-01-29 13:59:12,373 INFO c.h.h.t.HelmChartContainer - [hivemq-test-hivemq-platform] [hivemq-platform-operator] [16714659] 	at io.javaoperatorsdk.operator.processing.event.EventProcessor$ReconcilerExecutor.run(EventProcessor.java:452)
2025-01-29 13:59:12,373 INFO c.h.h.t.HelmChartContainer - [hivemq-test-hivemq-platform] [hivemq-platform-operator] [16714659] 	at java.base/java.util.concurrent.ThreadPoolExecutor.runWorker(Unknown Source)
2025-01-29 13:59:12,373 INFO c.h.h.t.HelmChartContainer - [hivemq-test-hivemq-platform] [hivemq-platform-operator] [16714659] 	at java.base/java.util.concurrent.ThreadPoolExecutor$Worker.run(Unknown Source)
2025-01-29 13:59:12,373 INFO c.h.h.t.HelmChartContainer - [hivemq-test-hivemq-platform] [hivemq-platform-operator] [16714659] 	at java.base/java.lang.Thread.run(Unknown Source)
2025-01-29 13:59:12,373 INFO c.h.h.t.HelmChartContainer - [hivemq-test-hivemq-platform] [hivemq-platform-operator] [16714659] Caused by: io.fabric8.kubernetes.client.KubernetesClientException: Failure executing: PUT at: https://10.43.0.1:443/apis/hivemq.com/v1/namespaces/updateloglevelit/hivemq-platforms/test-hivemq-platform/status. Message: Operation cannot be fulfilled on hivemq-platforms.hivemq.com "test-hivemq-platform": the object has been modified; please apply your changes to the latest version and try again. Received status: Status(apiVersion=v1, code=409, details=StatusDetails(causes=[], group=hivemq.com, kind=hivemq-platforms, name=test-hivemq-platform, retryAfterSeconds=null, uid=null, additionalProperties={}), kind=Status, message=Operation cannot be fulfilled on hivemq-platforms.hivemq.com "test-hivemq-platform": the object has been modified; please apply your changes to the latest version and try again, metadata=ListMeta(_continue=null, remainingItemCount=null, resourceVersion=null, selfLink=null, additionalProperties={}), reason=Conflict, status=Failure, additionalProperties={}).
2025-01-29 13:59:12,373 INFO c.h.h.t.HelmChartContainer - [hivemq-test-hivemq-platform] [hivemq-platform-operator] [16714659] 	at io.fabric8.kubernetes.client.dsl.internal.OperationSupport.requestFailure(OperationSupport.java:660)
2025-01-29 13:59:12,373 INFO c.h.h.t.HelmChartContainer - [hivemq-test-hivemq-platform] [hivemq-platform-operator] [16714659] 	at io.fabric8.kubernetes.client.dsl.internal.OperationSupport.requestFailure(OperationSupport.java:640)
2025-01-29 13:59:12,373 INFO c.h.h.t.HelmChartContainer - [hivemq-test-hivemq-platform] [hivemq-platform-operator] [16714659] 	at io.fabric8.kubernetes.client.dsl.internal.OperationSupport.assertResponseCode(OperationSupport.java:589)
2025-01-29 13:59:12,373 INFO c.h.h.t.HelmChartContainer - [hivemq-test-hivemq-platform] [hivemq-platform-operator] [16714659] 	at io.fabric8.kubernetes.client.dsl.internal.OperationSupport.lambda$handleResponse$0(OperationSupport.java:549)
2025-01-29 13:59:12,373 INFO c.h.h.t.HelmChartContainer - [hivemq-test-hivemq-platform] [hivemq-platform-operator] [16714659] 	at java.base/java.util.concurrent.CompletableFuture$UniApply.tryFire(Unknown Source)
2025-01-29 13:59:12,373 INFO c.h.h.t.HelmChartContainer - [hivemq-test-hivemq-platform] [hivemq-platform-operator] [16714659] 	at java.base/java.util.concurrent.CompletableFuture.postComplete(Unknown Source)
2025-01-29 13:59:12,373 INFO c.h.h.t.HelmChartContainer - [hivemq-test-hivemq-platform] [hivemq-platform-operator] [16714659] 	at java.base/java.util.concurrent.CompletableFuture.complete(Unknown Source)
2025-01-29 13:59:12,373 INFO c.h.h.t.HelmChartContainer - [hivemq-test-hivemq-platform] [hivemq-platform-operator] [16714659] 	at io.fabric8.kubernetes.client.http.StandardHttpClient.lambda$completeOrCancel$10(StandardHttpClient.java:141)
2025-01-29 13:59:12,373 INFO c.h.h.t.HelmChartContainer - [hivemq-test-hivemq-platform] [hivemq-platform-operator] [16714659] 	at java.base/java.util.concurrent.CompletableFuture.uniWhenComplete(Unknown Source)
2025-01-29 13:59:12,373 INFO c.h.h.t.HelmChartContainer - [hivemq-test-hivemq-platform] [hivemq-platform-operator] [16714659] 	at java.base/java.util.concurrent.CompletableFuture$UniWhenComplete.tryFire(Unknown Source)
2025-01-29 13:59:12,373 INFO c.h.h.t.HelmChartContainer - [hivemq-test-hivemq-platform] [hivemq-platform-operator] [16714659] 	at java.base/java.util.concurrent.CompletableFuture.postComplete(Unknown Source)
2025-01-29 13:59:12,373 INFO c.h.h.t.HelmChartContainer - [hivemq-test-hivemq-platform] [hivemq-platform-operator] [16714659] 	at java.base/java.util.concurrent.CompletableFuture.complete(Unknown Source)
2025-01-29 13:59:12,373 INFO c.h.h.t.HelmChartContainer - [hivemq-test-hivemq-platform] [hivemq-platform-operator] [16714659] 	at io.fabric8.kubernetes.client.http.ByteArrayBodyHandler.onBodyDone(ByteArrayBodyHandler.java:51)
2025-01-29 13:59:12,373 INFO c.h.h.t.HelmChartContainer - [hivemq-test-hivemq-platform] [hivemq-platform-operator] [16714659] 	at java.base/java.util.concurrent.CompletableFuture.uniWhenComplete(Unknown Source)
2025-01-29 13:59:12,373 INFO c.h.h.t.HelmChartContainer - [hivemq-test-hivemq-platform] [hivemq-platform-operator] [16714659] 	at java.base/java.util.concurrent.CompletableFuture$UniWhenComplete.tryFire(Unknown Source)
2025-01-29 13:59:12,373 INFO c.h.h.t.HelmChartContainer - [hivemq-test-hivemq-platform] [hivemq-platform-operator] [16714659] 	at java.base/java.util.concurrent.CompletableFuture.postComplete(Unknown Source)
2025-01-29 13:59:12,373 INFO c.h.h.t.HelmChartContainer - [hivemq-test-hivemq-platform] [hivemq-platform-operator] [16714659] 	at java.base/java.util.concurrent.CompletableFuture.complete(Unknown Source)
2025-01-29 13:59:12,373 INFO c.h.h.t.HelmChartContainer - [hivemq-test-hivemq-platform] [hivemq-platform-operator] [16714659] 	at io.fabric8.kubernetes.client.vertx.VertxHttpRequest.lambda$null$1(VertxHttpRequest.java:121)
2025-01-29 13:59:12,373 INFO c.h.h.t.HelmChartContainer - [hivemq-test-hivemq-platform] [hivemq-platform-operator] [16714659] 	at io.vertx.core.impl.ContextInternal.dispatch(ContextInternal.java:279)
2025-01-29 13:59:12,373 INFO c.h.h.t.HelmChartContainer - [hivemq-test-hivemq-platform] [hivemq-platform-operator] [16714659] 	at io.vertx.core.impl.ContextInternal.dispatch(ContextInternal.java:261)
2025-01-29 13:59:12,373 INFO c.h.h.t.HelmChartContainer - [hivemq-test-hivemq-platform] [hivemq-platform-operator] [16714659] 	at io.vertx.core.http.impl.HttpEventHandler.handleEnd(HttpEventHandler.java:76)
2025-01-29 13:59:12,373 INFO c.h.h.t.HelmChartContainer - [hivemq-test-hivemq-platform] [hivemq-platform-operator] [16714659] 	at io.vertx.core.http.impl.HttpClientResponseImpl.handleEnd(HttpClientResponseImpl.java:250)
2025-01-29 13:59:12,373 INFO c.h.h.t.HelmChartContainer - [hivemq-test-hivemq-platform] [hivemq-platform-operator] [16714659] 	at io.vertx.core.http.impl.Http1xClientConnection$StreamImpl.lambda$new$0(Http1xClientConnection.java:421)
2025-01-29 13:59:12,373 INFO c.h.h.t.HelmChartContainer - [hivemq-test-hivemq-platform] [hivemq-platform-operator] [16714659] 	at io.vertx.core.streams.impl.InboundBuffer.handleEvent(InboundBuffer.java:279)
2025-01-29 13:59:12,373 INFO c.h.h.t.HelmChartContainer - [hivemq-test-hivemq-platform] [hivemq-platform-operator] [16714659] 	at io.vertx.core.streams.impl.InboundBuffer.write(InboundBuffer.java:157)
2025-01-29 13:59:12,373 INFO c.h.h.t.HelmChartContainer - [hivemq-test-hivemq-platform] [hivemq-platform-operator] [16714659] 	at io.vertx.core.http.impl.Http1xClientConnection$StreamImpl.handleEnd(Http1xClientConnection.java:709)
2025-01-29 13:59:12,373 INFO c.h.h.t.HelmChartContainer - [hivemq-test-hivemq-platform] [hivemq-platform-operator] [16714659] 	at io.vertx.core.impl.ContextImpl.execute(ContextImpl.java:313)
2025-01-29 13:59:12,373 INFO c.h.h.t.HelmChartContainer - [hivemq-test-hivemq-platform] [hivemq-platform-operator] [16714659] 	at io.vertx.core.impl.ContextImpl.execute(ContextImpl.java:293)
2025-01-29 13:59:12,373 INFO c.h.h.t.HelmChartContainer - [hivemq-test-hivemq-platform] [hivemq-platform-operator] [16714659] 	at io.vertx.core.http.impl.Http1xClientConnection.handleResponseEnd(Http1xClientConnection.java:940)
2025-01-29 13:59:12,373 INFO c.h.h.t.HelmChartContainer - [hivemq-test-hivemq-platform] [hivemq-platform-operator] [16714659] 	at io.vertx.core.http.impl.Http1xClientConnection.handleHttpMessage(Http1xClientConnection.java:810)
2025-01-29 13:59:12,373 INFO c.h.h.t.HelmChartContainer - [hivemq-test-hivemq-platform] [hivemq-platform-operator] [16714659] 	at io.vertx.core.http.impl.Http1xClientConnection.handleMessage(Http1xClientConnection.java:774)
2025-01-29 13:59:12,373 INFO c.h.h.t.HelmChartContainer - [hivemq-test-hivemq-platform] [hivemq-platform-operator] [16714659] 	at io.vertx.core.net.impl.ConnectionBase.read(ConnectionBase.java:159)
2025-01-29 13:59:12,373 INFO c.h.h.t.HelmChartContainer - [hivemq-test-hivemq-platform] [hivemq-platform-operator] [16714659] 	at io.vertx.core.net.impl.VertxHandler.channelRead(VertxHandler.java:153)
2025-01-29 13:59:12,373 INFO c.h.h.t.HelmChartContainer - [hivemq-test-hivemq-platform] [hivemq-platform-operator] [16714659] 	at io.netty.channel.AbstractChannelHandlerContext.invokeChannelRead(AbstractChannelHandlerContext.java:442)
2025-01-29 13:59:12,373 INFO c.h.h.t.HelmChartContainer - [hivemq-test-hivemq-platform] [hivemq-platform-operator] [16714659] 	at io.netty.channel.AbstractChannelHandlerContext.invokeChannelRead(AbstractChannelHandlerContext.java:420)
2025-01-29 13:59:12,373 INFO c.h.h.t.HelmChartContainer - [hivemq-test-hivemq-platform] [hivemq-platform-operator] [16714659] 	at io.netty.channel.AbstractChannelHandlerContext.fireChannelRead(AbstractChannelHandlerContext.java:412)
2025-01-29 13:59:12,373 INFO c.h.h.t.HelmChartContainer - [hivemq-test-hivemq-platform] [hivemq-platform-operator] [16714659] 	at io.netty.channel.CombinedChannelDuplexHandler$DelegatingChannelHandlerContext.fireChannelRead(CombinedChannelDuplexHandler.java:436)
2025-01-29 13:59:12,373 INFO c.h.h.t.HelmChartContainer - [hivemq-test-hivemq-platform] [hivemq-platform-operator] [16714659] 	at io.netty.handler.codec.ByteToMessageDecoder.fireChannelRead(ByteToMessageDecoder.java:346)
2025-01-29 13:59:12,373 INFO c.h.h.t.HelmChartContainer - [hivemq-test-hivemq-platform] [hivemq-platform-operator] [16714659] 	at io.netty.handler.codec.ByteToMessageDecoder.channelRead(ByteToMessageDecoder.java:318)
2025-01-29 13:59:12,373 INFO c.h.h.t.HelmChartContainer - [hivemq-test-hivemq-platform] [hivemq-platform-operator] [16714659] 	at io.netty.channel.CombinedChannelDuplexHandler.channelRead(CombinedChannelDuplexHandler.java:251)
2025-01-29 13:59:12,373 INFO c.h.h.t.HelmChartContainer - [hivemq-test-hivemq-platform] [hivemq-platform-operator] [16714659] 	at io.netty.channel.AbstractChannelHandlerContext.invokeChannelRead(AbstractChannelHandlerContext.java:442)
2025-01-29 13:59:12,373 INFO c.h.h.t.HelmChartContainer - [hivemq-test-hivemq-platform] [hivemq-platform-operator] [16714659] 	at io.netty.channel.AbstractChannelHandlerContext.invokeChannelRead(AbstractChannelHandlerContext.java:420)
2025-01-29 13:59:12,373 INFO c.h.h.t.HelmChartContainer - [hivemq-test-hivemq-platform] [hivemq-platform-operator] [16714659] 	at io.netty.channel.AbstractChannelHandlerContext.fireChannelRead(AbstractChannelHandlerContext.java:412)
2025-01-29 13:59:12,373 INFO c.h.h.t.HelmChartContainer - [hivemq-test-hivemq-platform] [hivemq-platform-operator] [16714659] 	at io.netty.handler.ssl.SslHandler.unwrap(SslHandler.java:1475)
2025-01-29 13:59:12,373 INFO c.h.h.t.HelmChartContainer - [hivemq-test-hivemq-platform] [hivemq-platform-operator] [16714659] 	at io.netty.handler.ssl.SslHandler.decodeJdkCompatible(SslHandler.java:1338)
2025-01-29 13:59:12,373 INFO c.h.h.t.HelmChartContainer - [hivemq-test-hivemq-platform] [hivemq-platform-operator] [16714659] 	at io.netty.handler.ssl.SslHandler.decode(SslHandler.java:1387)
2025-01-29 13:59:12,373 INFO c.h.h.t.HelmChartContainer - [hivemq-test-hivemq-platform] [hivemq-platform-operator] [16714659] 	at io.netty.handler.codec.ByteToMessageDecoder.decodeRemovalReentryProtection(ByteToMessageDecoder.java:530)
2025-01-29 13:59:12,373 INFO c.h.h.t.HelmChartContainer - [hivemq-test-hivemq-platform] [hivemq-platform-operator] [16714659] 	at io.netty.handler.codec.ByteToMessageDecoder.callDecode(ByteToMessageDecoder.java:469)
2025-01-29 13:59:12,373 INFO c.h.h.t.HelmChartContainer - [hivemq-test-hivemq-platform] [hivemq-platform-operator] [16714659] 	at io.netty.handler.codec.ByteToMessageDecoder.channelRead(ByteToMessageDecoder.java:290)
2025-01-29 13:59:12,373 INFO c.h.h.t.HelmChartContainer - [hivemq-test-hivemq-platform] [hivemq-platform-operator] [16714659] 	at io.netty.channel.AbstractChannelHandlerContext.invokeChannelRead(AbstractChannelHandlerContext.java:444)
2025-01-29 13:59:12,373 INFO c.h.h.t.HelmChartContainer - [hivemq-test-hivemq-platform] [hivemq-platform-operator] [16714659] 	at io.netty.channel.AbstractChannelHandlerContext.invokeChannelRead(AbstractChannelHandlerContext.java:420)
2025-01-29 13:59:12,373 INFO c.h.h.t.HelmChartContainer - [hivemq-test-hivemq-platform] [hivemq-platform-operator] [16714659] 	at io.netty.channel.AbstractChannelHandlerContext.fireChannelRead(AbstractChannelHandlerContext.java:412)
2025-01-29 13:59:12,373 INFO c.h.h.t.HelmChartContainer - [hivemq-test-hivemq-platform] [hivemq-platform-operator] [16714659] 	at io.netty.channel.DefaultChannelPipeline$HeadContext.channelRead(DefaultChannelPipeline.java:1407)
2025-01-29 13:59:12,373 INFO c.h.h.t.HelmChartContainer - [hivemq-test-hivemq-platform] [hivemq-platform-operator] [16714659] 	at io.netty.channel.AbstractChannelHandlerContext.invokeChannelRead(AbstractChannelHandlerContext.java:440)
2025-01-29 13:59:12,373 INFO c.h.h.t.HelmChartContainer - [hivemq-test-hivemq-platform] [hivemq-platform-operator] [16714659] 	at io.netty.channel.AbstractChannelHandlerContext.invokeChannelRead(AbstractChannelHandlerContext.java:420)
2025-01-29 13:59:12,373 INFO c.h.h.t.HelmChartContainer - [hivemq-test-hivemq-platform] [hivemq-platform-operator] [16714659] 	at io.netty.channel.DefaultChannelPipeline.fireChannelRead(DefaultChannelPipeline.java:918)
2025-01-29 13:59:12,373 INFO c.h.h.t.HelmChartContainer - [hivemq-test-hivemq-platform] [hivemq-platform-operator] [16714659] 	at io.netty.channel.nio.AbstractNioByteChannel$NioByteUnsafe.read(AbstractNioByteChannel.java:166)
2025-01-29 13:59:12,376 INFO c.h.h.t.HelmChartContainer - [hivemq-test-hivemq-platform] [hivemq-platform-operator] [16714659] 	at io.netty.channel.nio.NioEventLoop.processSelectedKey(NioEventLoop.java:788)
2025-01-29 13:59:12,376 INFO c.h.h.t.HelmChartContainer - [hivemq-test-hivemq-platform] [hivemq-platform-operator] [16714659] 	at io.netty.channel.nio.NioEventLoop.processSelectedKeysOptimized(NioEventLoop.java:724)
2025-01-29 13:59:12,376 INFO c.h.h.t.HelmChartContainer - [hivemq-test-hivemq-platform] [hivemq-platform-operator] [16714659] 	at io.netty.channel.nio.NioEventLoop.processSelectedKeys(NioEventLoop.java:650)
2025-01-29 13:59:12,376 INFO c.h.h.t.HelmChartContainer - [hivemq-test-hivemq-platform] [hivemq-platform-operator] [16714659] 	at io.netty.channel.nio.NioEventLoop.run(NioEventLoop.java:562)
2025-01-29 13:59:12,376 INFO c.h.h.t.HelmChartContainer - [hivemq-test-hivemq-platform] [hivemq-platform-operator] [16714659] 	at io.netty.util.concurrent.SingleThreadEventExecutor$4.run(SingleThreadEventExecutor.java:997)
2025-01-29 13:59:12,376 INFO c.h.h.t.HelmChartContainer - [hivemq-test-hivemq-platform] [hivemq-platform-operator] [16714659] 	at io.netty.util.internal.ThreadExecutorMap$2.run(ThreadExecutorMap.java:74)
2025-01-29 13:59:12,376 INFO c.h.h.t.HelmChartContainer - [hivemq-test-hivemq-platform] [hivemq-platform-operator] [16714659] 	at io.netty.util.concurrent.FastThreadLocalRunnable.run(FastThreadLocalRunnable.java:30)
2025-01-29 13:59:12,376 INFO c.h.h.t.HelmChartContainer - [hivemq-test-hivemq-platform] [hivemq-platform-operator] [16714659] 	... 1 common frames omitted
2025-01-29 13:59:12,383 INFO c.h.h.t.HelmChartContainer - [hivemq-test-hivemq-platform] [hivemq-platform-operator] [16714659] 13:59:12.378 [ReconcilerExecutor-hivemq-controller-137] INFO  c.h.p.o.HiveMQPlatformReconciler - [updatelo] Cleanup test-hivemq-platform - updateloglevelit HiveMQ Platform is shut down
2025-01-29 13:59:12,690 INFO c.h.h.t.HelmChartContainer - [K3S] [authentication.go:74] "Unable to authenticate the request" err="[invalid bearer token, serviceaccounts \"hivemq-platform-pod-test-hivemq-platform\" not found]"
2025-01-29 13:59:12,705 INFO c.h.h.t.HelmChartContainer - [K3S] [authentication.go:74] "Unable to authenticate the request" err="[invalid bearer token, serviceaccounts \"hivemq-platform-pod-test-hivemq-platform\" not found]"
2025-01-29 13:59:12,785 INFO c.h.h.t.HelmChartContainer - [test-hivemq-platform] [hivemq] [6649c669] WARN  - [HiveMQ Platform Operator Init App 1.7.0-SNAPSHOT] Could not update Pod annotations: Failure executing: GET at: https://10.43.0.1:443/api/v1/namespaces/updateloglevelit/pods/test-hivemq-platform-0. Message: Unauthorized. Received status: Status(apiVersion=v1, code=401, details=null, kind=Status, message=Unauthorized, metadata=ListMeta(_continue=null, remainingItemCount=null, resourceVersion=null, selfLink=null, additionalProperties={}), reason=Unauthorized, status=Failure, additionalProperties={}).
2025-01-29 13:59:13,066 INFO c.h.h.t.HelmChartContainer - [POD] test-hivemq-platform-0 [6649c669-f89d-4059-a424-81a51e5cfe4e] in updateloglevelit was MODIFIED
2025-01-29 13:59:13,084 INFO c.h.h.t.HelmChartContainer - [test-hivemq-platform] [hivemq] [6649c669] INFO  - [HiveMQ Platform Operator Init App 1.7.0-SNAPSHOT] Shutting down
2025-01-29 13:59:13,085 INFO c.h.h.t.HelmChartContainer - [test-hivemq-platform] [hivemq] [6649c669] INFO  - [HiveMQ Platform Operator Init App 1.7.0-SNAPSHOT] Stopping the HiveMQ Platform
2025-01-29 13:59:13,088 INFO c.h.h.t.HelmChartContainer - [EVENT] Normal [Killing] Stopping container hivemq [updateloglevelit:test-hivemq-platform-0]
2025-01-29 13:59:13,088 INFO c.h.h.t.HelmChartContainer - Received Killing event for container hivemq in pod test-hivemq-platform-0 [6649c669-f89d-4059-a424-81a51e5cfe4e]
2025-01-29 13:59:13,088 INFO c.h.h.t.HelmChartContainer - Container [test-hivemq-platform-0] [hivemq] [6649c669-f89d-4059-a424-81a51e5cfe4e] was terminated
2025-01-29 13:59:13,088 INFO c.h.h.t.HelmChartContainer - Stopped log watcher for hivemq in pod test-hivemq-platform-0 [6649c669-f89d-4059-a424-81a51e5cfe4e]
2025-01-29 13:59:13,108 INFO c.h.h.t.HelmChartContainer - [POD] test-hivemq-platform-1 [55a38c4d-b218-4873-a475-6f3ec2e0f344] in updateloglevelit was MODIFIED
2025-01-29 13:59:13,123 INFO c.h.h.t.HelmChartContainer - [EVENT] Normal [Killing] Stopping container hivemq [updateloglevelit:test-hivemq-platform-1]
2025-01-29 13:59:13,123 INFO c.h.h.t.HelmChartContainer - Received Killing event for container hivemq in pod test-hivemq-platform-1 [55a38c4d-b218-4873-a475-6f3ec2e0f344]
2025-01-29 13:59:13,123 INFO c.h.h.t.HelmChartContainer - Container [test-hivemq-platform-1] [hivemq] [55a38c4d-b218-4873-a475-6f3ec2e0f344] was terminated
2025-01-29 13:59:13,123 INFO c.h.h.t.HelmChartContainer - Stopped log watcher for hivemq in pod test-hivemq-platform-1 [55a38c4d-b218-4873-a475-6f3ec2e0f344]
2025-01-29 13:59:13,125 INFO c.h.h.t.HelmChartContainer - [test-hivemq-platform] [hivemq] [55a38c4d] INFO  - [HiveMQ Platform Operator Init App 1.7.0-SNAPSHOT] Shutting down
2025-01-29 13:59:13,129 INFO c.h.h.t.HelmChartContainer - [test-hivemq-platform] [hivemq] [55a38c4d] INFO  - [HiveMQ Platform Operator Init App 1.7.0-SNAPSHOT] Returning Health API response 200 for readiness
2025-01-29 13:59:13,129 INFO c.h.h.t.HelmChartContainer - [test-hivemq-platform] [hivemq] [55a38c4d] INFO  - [HiveMQ Platform Operator Init App 1.7.0-SNAPSHOT] Stopping the HiveMQ Platform
2025-01-29 13:59:13,161 INFO c.h.h.t.HelmChartContainer - [POD] test-hivemq-platform-1 [55a38c4d-b218-4873-a475-6f3ec2e0f344] in updateloglevelit was MODIFIED
2025-01-29 13:59:14,130 INFO c.h.h.t.HelmChartContainer - [K3S] [authentication.go:74] "Unable to authenticate the request" err="[invalid bearer token, serviceaccounts \"hivemq-platform-pod-test-hivemq-platform\" not found]"
2025-01-29 13:59:14,146 INFO c.h.h.t.HelmChartContainer - [K3S] [authentication.go:74] "Unable to authenticate the request" err="[invalid bearer token, serviceaccounts \"hivemq-platform-pod-test-hivemq-platform\" not found]"
2025-01-29 13:59:14,237 INFO c.h.h.t.HelmChartContainer - [test-hivemq-platform] [hivemq] [55a38c4d] WARN  - [HiveMQ Platform Operator Init App 1.7.0-SNAPSHOT] Could not update Pod annotations: Failure executing: GET at: https://10.43.0.1:443/api/v1/namespaces/updateloglevelit/pods/test-hivemq-platform-1. Message: Unauthorized. Received status: Status(apiVersion=v1, code=401, details=null, kind=Status, message=Unauthorized, metadata=ListMeta(_continue=null, remainingItemCount=null, resourceVersion=null, selfLink=null, additionalProperties={}), reason=Unauthorized, status=Failure, additionalProperties={}).
2025-01-29 13:59:14,289 INFO c.h.h.t.HelmChartContainer - Deleting namespace 'updateloglevelit'...
2025-01-29 13:59:17,210 INFO c.h.h.t.HelmChartContainer - [test-hivemq-platform] [hivemq] [6649c669] INFO  - [HiveMQ Platform Operator Init App 1.7.0-SNAPSHOT] Returning shutdown Health API response 503 for readiness
2025-01-29 13:59:17,214 INFO c.h.h.t.HelmChartContainer - [EVENT] Warning [Unhealthy] Readiness probe failed: HTTP probe failed with statuscode: 503 [updateloglevelit:test-hivemq-platform-0]
2025-01-29 13:59:17,214 INFO c.h.h.t.HelmChartContainer - Received Unhealthy event for container hivemq in pod test-hivemq-platform-0 [6649c669-f89d-4059-a424-81a51e5cfe4e]
2025-01-29 13:59:17,789 INFO c.h.h.t.HelmChartContainer - [K3S] [authentication.go:74] "Unable to authenticate the request" err="[invalid bearer token, serviceaccounts \"hivemq-platform-pod-test-hivemq-platform\" not found]"
2025-01-29 13:59:17,800 INFO c.h.h.t.HelmChartContainer - [K3S] [authentication.go:74] "Unable to authenticate the request" err="[invalid bearer token, serviceaccounts \"hivemq-platform-pod-test-hivemq-platform\" not found]"
2025-01-29 13:59:17,801 INFO c.h.h.t.HelmChartContainer - [test-hivemq-platform] [hivemq] [6649c669] WARN  - [HiveMQ Platform Operator Init App 1.7.0-SNAPSHOT] Could not update Pod annotations: Failure executing: GET at: https://10.43.0.1:443/api/v1/namespaces/updateloglevelit/pods/test-hivemq-platform-0. Message: Unauthorized. Received status: Status(apiVersion=v1, code=401, details=null, kind=Status, message=Unauthorized, metadata=ListMeta(_continue=null, remainingItemCount=null, resourceVersion=null, selfLink=null, additionalProperties={}), reason=Unauthorized, status=Failure, additionalProperties={}).
2025-01-29 13:59:18,103 INFO c.h.h.t.HelmChartContainer - [test-hivemq-platform] [hivemq] [55a38c4d] INFO  - [HiveMQ Platform Operator Init App 1.7.0-SNAPSHOT] Returning shutdown Health API response 503 for readiness
2025-01-29 13:59:18,106 INFO c.h.h.t.HelmChartContainer - [EVENT] Warning [Unhealthy] Readiness probe failed: HTTP probe failed with statuscode: 503 [updateloglevelit:test-hivemq-platform-1]
2025-01-29 13:59:18,107 INFO c.h.h.t.HelmChartContainer - Received Unhealthy event for container hivemq in pod test-hivemq-platform-1 [55a38c4d-b218-4873-a475-6f3ec2e0f344]
2025-01-29 13:59:18,739 INFO c.h.h.t.HelmChartContainer - [test-hivemq-platform] [hivemq] [6649c669] INFO  - [HiveMQ Platform Operator Init App 1.7.0-SNAPSHOT] The HiveMQ Platform exited with code 143
2025-01-29 13:59:18,739 INFO c.h.h.t.HelmChartContainer - [test-hivemq-platform] [hivemq] [6649c669] INFO  - [HiveMQ Platform Operator Init App 1.7.0-SNAPSHOT] Stopping the REST API
2025-01-29 13:59:18,801 INFO c.h.h.t.HelmChartContainer - [test-hivemq-platform] [hivemq] [6649c669] INFO  - [HiveMQ Platform Operator Init App 1.7.0-SNAPSHOT] Shutdown complete
2025-01-29 13:59:19,193 INFO c.h.h.t.HelmChartContainer - [test-hivemq-platform] [hivemq] [55a38c4d] INFO  - [HiveMQ Platform Operator Init App 1.7.0-SNAPSHOT] The HiveMQ Platform exited with code 143
2025-01-29 13:59:19,193 INFO c.h.h.t.HelmChartContainer - [test-hivemq-platform] [hivemq] [55a38c4d] INFO  - [HiveMQ Platform Operator Init App 1.7.0-SNAPSHOT] Stopping the REST API
2025-01-29 13:59:19,231 INFO c.h.h.t.HelmChartContainer - [test-hivemq-platform] [hivemq] [55a38c4d] INFO  - [HiveMQ Platform Operator Init App 1.7.0-SNAPSHOT] Shutdown complete
2025-01-29 13:59:19,269 INFO c.h.h.t.HelmChartContainer - [POD] test-hivemq-platform-0 [6649c669-f89d-4059-a424-81a51e5cfe4e] in updateloglevelit was MODIFIED
2025-01-29 13:59:19,269 INFO c.h.h.t.HelmChartContainer - [K3S] [stateful_set.go:438] "Unhandled Error" err="error syncing StatefulSet updateloglevelit/test-hivemq-platform, requeuing: controllerrevisions.apps \"test-hivemq-platform-b697f795f\" is forbidden: unable to create new content in namespace updateloglevelit because it is being terminated"
2025-01-29 13:59:19,277 INFO c.h.h.t.HelmChartContainer - [K3S] [stateful_set.go:438] "Unhandled Error" err="error syncing StatefulSet updateloglevelit/test-hivemq-platform, requeuing: controllerrevisions.apps \"test-hivemq-platform-b697f795f\" is forbidden: unable to create new content in namespace updateloglevelit because it is being terminated"
2025-01-29 13:59:19,291 INFO c.h.h.t.HelmChartContainer - [K3S] [stateful_set.go:438] "Unhandled Error" err="error syncing StatefulSet updateloglevelit/test-hivemq-platform, requeuing: controllerrevisions.apps \"test-hivemq-platform-b697f795f\" is forbidden: unable to create new content in namespace updateloglevelit because it is being terminated"
2025-01-29 13:59:19,313 INFO c.h.h.t.HelmChartContainer - [K3S] [stateful_set.go:438] "Unhandled Error" err="error syncing StatefulSet updateloglevelit/test-hivemq-platform, requeuing: controllerrevisions.apps \"test-hivemq-platform-b697f795f\" is forbidden: unable to create new content in namespace updateloglevelit because it is being terminated"
2025-01-29 13:59:19,335 INFO c.h.h.t.HelmChartContainer - [K3S] [reconciler_common.go:162] "operationExecutor.UnmountVolume started for volume \"operator-init\" (UniqueName: \"kubernetes.io/empty-dir/6649c669-f89d-4059-a424-81a51e5cfe4e-operator-init\") pod \"6649c669-f89d-4059-a424-81a51e5cfe4e\" (UID: \"6649c669-f89d-4059-a424-81a51e5cfe4e\") "
2025-01-29 13:59:19,335 INFO c.h.h.t.HelmChartContainer - [K3S] [reconciler_common.go:162] "operationExecutor.UnmountVolume started for volume \"pod-info\" (UniqueName: \"kubernetes.io/configmap/6649c669-f89d-4059-a424-81a51e5cfe4e-pod-info\") pod \"6649c669-f89d-4059-a424-81a51e5cfe4e\" (UID: \"6649c669-f89d-4059-a424-81a51e5cfe4e\") "
2025-01-29 13:59:19,335 INFO c.h.h.t.HelmChartContainer - [K3S] [reconciler_common.go:162] "operationExecutor.UnmountVolume started for volume \"kube-api-access-gvbjh\" (UniqueName: \"kubernetes.io/projected/6649c669-f89d-4059-a424-81a51e5cfe4e-kube-api-access-gvbjh\") pod \"6649c669-f89d-4059-a424-81a51e5cfe4e\" (UID: \"6649c669-f89d-4059-a424-81a51e5cfe4e\") "
2025-01-29 13:59:19,335 INFO c.h.h.t.HelmChartContainer - [K3S] [reconciler_common.go:162] "operationExecutor.UnmountVolume started for volume \"broker-configuration\" (UniqueName: \"kubernetes.io/configmap/6649c669-f89d-4059-a424-81a51e5cfe4e-broker-configuration\") pod \"6649c669-f89d-4059-a424-81a51e5cfe4e\" (UID: \"6649c669-f89d-4059-a424-81a51e5cfe4e\") "
2025-01-29 13:59:19,356 INFO c.h.h.t.HelmChartContainer - [K3S] [stateful_set.go:438] "Unhandled Error" err="error syncing StatefulSet updateloglevelit/test-hivemq-platform, requeuing: controllerrevisions.apps \"test-hivemq-platform-b697f795f\" is forbidden: unable to create new content in namespace updateloglevelit because it is being terminated"
2025-01-29 13:59:19,435 INFO c.h.h.t.HelmChartContainer - [K3S] [reconciler_common.go:299] "Volume detached for volume \"operator-init\" (UniqueName: \"kubernetes.io/empty-dir/6649c669-f89d-4059-a424-81a51e5cfe4e-operator-init\") on node \"733f751f2ac3\" DevicePath \"\""
2025-01-29 13:59:19,435 INFO c.h.h.t.HelmChartContainer - [K3S] [reconciler_common.go:299] "Volume detached for volume \"pod-info\" (UniqueName: \"kubernetes.io/configmap/6649c669-f89d-4059-a424-81a51e5cfe4e-pod-info\") on node \"733f751f2ac3\" DevicePath \"\""
2025-01-29 13:59:19,435 INFO c.h.h.t.HelmChartContainer - [K3S] [reconciler_common.go:299] "Volume detached for volume \"kube-api-access-gvbjh\" (UniqueName: \"kubernetes.io/projected/6649c669-f89d-4059-a424-81a51e5cfe4e-kube-api-access-gvbjh\") on node \"733f751f2ac3\" DevicePath \"\""
2025-01-29 13:59:19,435 INFO c.h.h.t.HelmChartContainer - [K3S] [reconciler_common.go:299] "Volume detached for volume \"broker-configuration\" (UniqueName: \"kubernetes.io/configmap/6649c669-f89d-4059-a424-81a51e5cfe4e-broker-configuration\") on node \"733f751f2ac3\" DevicePath \"\""
2025-01-29 13:59:19,439 INFO c.h.h.t.HelmChartContainer - [K3S] [stateful_set.go:438] "Unhandled Error" err="error syncing StatefulSet updateloglevelit/test-hivemq-platform, requeuing: controllerrevisions.apps \"test-hivemq-platform-b697f795f\" is forbidden: unable to create new content in namespace updateloglevelit because it is being terminated"
2025-01-29 13:59:19,463 INFO c.h.h.t.HelmChartContainer - [K3S] [stateful_set.go:466] "StatefulSet has been deleted" key="updateloglevelit/test-hivemq-platform"
2025-01-29 13:59:19,570 INFO c.h.h.t.HelmChartContainer - [K3S] [scope.go:117] "RemoveContainer" containerID="33a3468b6dd002c6d9703ba436c2952502883acacea7aa562913ac95f9c13f42"
2025-01-29 13:59:19,590 INFO c.h.h.t.HelmChartContainer - [POD] test-hivemq-platform-0 [6649c669-f89d-4059-a424-81a51e5cfe4e] in updateloglevelit was MODIFIED
2025-01-29 13:59:19,591 INFO c.h.h.t.HelmChartContainer - [POD] test-hivemq-platform-0 [6649c669-f89d-4059-a424-81a51e5cfe4e] in updateloglevelit was DELETED
2025-01-29 13:59:19,600 INFO c.h.h.t.HelmChartContainer - [K3S] [stateful_set.go:466] "StatefulSet has been deleted" key="updateloglevelit/test-hivemq-platform"
2025-01-29 13:59:19,691 INFO c.h.h.t.HelmChartContainer - [K3S] [scope.go:117] "RemoveContainer" containerID="420b9294f58fd76d7dffef2165bb28b3b85c4d6d828b7dc5acb194c59f73f744"
2025-01-29 13:59:19,695 INFO c.h.h.t.HelmChartContainer - [K3S] [scope.go:117] "RemoveContainer" containerID="33a3468b6dd002c6d9703ba436c2952502883acacea7aa562913ac95f9c13f42"
2025-01-29 13:59:19,696 INFO c.h.h.t.HelmChartContainer - [K3S] [scope.go:117] "RemoveContainer" containerID="420b9294f58fd76d7dffef2165bb28b3b85c4d6d828b7dc5acb194c59f73f744"
2025-01-29 13:59:19,718 INFO c.h.h.t.HelmChartContainer - [POD] test-hivemq-platform-1 [55a38c4d-b218-4873-a475-6f3ec2e0f344] in updateloglevelit was MODIFIED
2025-01-29 13:59:19,837 INFO c.h.h.t.HelmChartContainer - [K3S] [reconciler_common.go:162] "operationExecutor.UnmountVolume started for volume \"broker-configuration\" (UniqueName: \"kubernetes.io/configmap/55a38c4d-b218-4873-a475-6f3ec2e0f344-broker-configuration\") pod \"55a38c4d-b218-4873-a475-6f3ec2e0f344\" (UID: \"55a38c4d-b218-4873-a475-6f3ec2e0f344\") "
2025-01-29 13:59:19,837 INFO c.h.h.t.HelmChartContainer - [K3S] [reconciler_common.go:162] "operationExecutor.UnmountVolume started for volume \"pod-info\" (UniqueName: \"kubernetes.io/configmap/55a38c4d-b218-4873-a475-6f3ec2e0f344-pod-info\") pod \"55a38c4d-b218-4873-a475-6f3ec2e0f344\" (UID: \"55a38c4d-b218-4873-a475-6f3ec2e0f344\") "
2025-01-29 13:59:19,837 INFO c.h.h.t.HelmChartContainer - [K3S] [reconciler_common.go:162] "operationExecutor.UnmountVolume started for volume \"kube-api-access-6g4j4\" (UniqueName: \"kubernetes.io/projected/55a38c4d-b218-4873-a475-6f3ec2e0f344-kube-api-access-6g4j4\") pod \"55a38c4d-b218-4873-a475-6f3ec2e0f344\" (UID: \"55a38c4d-b218-4873-a475-6f3ec2e0f344\") "
2025-01-29 13:59:19,837 INFO c.h.h.t.HelmChartContainer - [K3S] [reconciler_common.go:162] "operationExecutor.UnmountVolume started for volume \"operator-init\" (UniqueName: \"kubernetes.io/empty-dir/55a38c4d-b218-4873-a475-6f3ec2e0f344-operator-init\") pod \"55a38c4d-b218-4873-a475-6f3ec2e0f344\" (UID: \"55a38c4d-b218-4873-a475-6f3ec2e0f344\") "
2025-01-29 13:59:19,937 INFO c.h.h.t.HelmChartContainer - [K3S] [reconciler_common.go:299] "Volume detached for volume \"broker-configuration\" (UniqueName: \"kubernetes.io/configmap/55a38c4d-b218-4873-a475-6f3ec2e0f344-broker-configuration\") on node \"733f751f2ac3\" DevicePath \"\""
2025-01-29 13:59:19,937 INFO c.h.h.t.HelmChartContainer - [K3S] [reconciler_common.go:299] "Volume detached for volume \"operator-init\" (UniqueName: \"kubernetes.io/empty-dir/55a38c4d-b218-4873-a475-6f3ec2e0f344-operator-init\") on node \"733f751f2ac3\" DevicePath \"\""
2025-01-29 13:59:19,937 INFO c.h.h.t.HelmChartContainer - [K3S] [reconciler_common.go:299] "Volume detached for volume \"pod-info\" (UniqueName: \"kubernetes.io/configmap/55a38c4d-b218-4873-a475-6f3ec2e0f344-pod-info\") on node \"733f751f2ac3\" DevicePath \"\""
2025-01-29 13:59:19,937 INFO c.h.h.t.HelmChartContainer - [K3S] [reconciler_common.go:299] "Volume detached for volume \"kube-api-access-6g4j4\" (UniqueName: \"kubernetes.io/projected/55a38c4d-b218-4873-a475-6f3ec2e0f344-kube-api-access-6g4j4\") on node \"733f751f2ac3\" DevicePath \"\""
2025-01-29 13:59:20,135 INFO c.h.h.t.HelmChartContainer - [K3S] [kubelet_volumes.go:163] "Cleaned up orphaned pod volumes dir" podUID="6649c669-f89d-4059-a424-81a51e5cfe4e" path="/var/lib/kubelet/pods/6649c669-f89d-4059-a424-81a51e5cfe4e/volumes"
2025-01-29 13:59:20,573 INFO c.h.h.t.HelmChartContainer - [K3S] [scope.go:117] "RemoveContainer" containerID="57320629bcdc75203026967c739fc0388e07c22f7c464337bbedb13188409b17"
2025-01-29 13:59:20,584 INFO c.h.h.t.HelmChartContainer - [POD] test-hivemq-platform-1 [55a38c4d-b218-4873-a475-6f3ec2e0f344] in updateloglevelit was MODIFIED
2025-01-29 13:59:20,586 INFO c.h.h.t.HelmChartContainer - [POD] test-hivemq-platform-1 [55a38c4d-b218-4873-a475-6f3ec2e0f344] in updateloglevelit was DELETED
2025-01-29 13:59:20,680 INFO c.h.h.t.HelmChartContainer - [K3S] [scope.go:117] "RemoveContainer" containerID="534b272698e9a4a1270255cbc51cd3161acf7566a1d9788a34b2c4305096bb78"
2025-01-29 13:59:20,685 INFO c.h.h.t.HelmChartContainer - [K3S] [scope.go:117] "RemoveContainer" containerID="57320629bcdc75203026967c739fc0388e07c22f7c464337bbedb13188409b17"
2025-01-29 13:59:20,686 INFO c.h.h.t.HelmChartContainer - [K3S] [scope.go:117] "RemoveContainer" containerID="534b272698e9a4a1270255cbc51cd3161acf7566a1d9788a34b2c4305096bb78"
2025-01-29 13:59:22,134 INFO c.h.h.t.HelmChartContainer - [K3S] [kubelet_volumes.go:163] "Cleaned up orphaned pod volumes dir" podUID="55a38c4d-b218-4873-a475-6f3ec2e0f344" path="/var/lib/kubelet/pods/55a38c4d-b218-4873-a475-6f3ec2e0f344/volumes"
2025-01-29 13:59:24,623 INFO c.h.h.t.HelmChartContainer - Namespace 'updateloglevelit' deleted
2025-01-29 13:59:24,623 INFO c.h.h.t.HelmChartContainer - Release 'test-hivemq-platform' in namespace 'updateloglevelit' is uninstalled
2025-01-29 13:59:24,623 INFO c.h.h.t.HelmChartContainer - Uninstalling release 'test-hivemq-platform-operator' in namespace 'updateloglevelit-operator'...
2025-01-29 13:59:24,623 DEBUG c.h.h.t.HelmChartContainer - Executing helm command: /bin/helm --kubeconfig /etc/rancher/k3s/k3s.yaml uninstall test-hivemq-platform-operator  --wait --timeout 5m0s --cascade foreground --namespace updateloglevelit-operator
2025-01-29 13:59:24,779 INFO c.h.h.t.HelmChartContainer - [K3S] [replica_set.go:679] "Finished syncing" kind="ReplicaSet" key="updateloglevelit-operator/hivemq-test-hivemq-platform-operator-7764645b48" duration="8.549507ms"
2025-01-29 13:59:24,780 INFO c.h.h.t.HelmChartContainer - [K3S] [replica_set.go:679] "Finished syncing" kind="ReplicaSet" key="updateloglevelit-operator/hivemq-test-hivemq-platform-operator-7764645b48" duration="34.554µs"
2025-01-29 13:59:24,787 INFO c.h.h.t.HelmChartContainer - [POD] hivemq-test-hivemq-platform-operator-7764645b48-s6ksg [16714659-3245-4014-b499-0e044cb3f196] in updateloglevelit-operator was MODIFIED
2025-01-29 13:59:24,800 INFO c.h.h.t.HelmChartContainer - [hivemq-test-hivemq-platform] [hivemq-platform-operator] [16714659] 13:59:24.797 [application-shutdown-thread] INFO  c.h.p.o.HiveMQPlatformOperatorApplication - HiveMQ Platform Operator is stopping...
2025-01-29 13:59:24,800 INFO c.h.h.t.HelmChartContainer - [hivemq-test-hivemq-platform] [hivemq-platform-operator] [16714659] 13:59:24.797 [application-shutdown-thread] INFO  i.javaoperatorsdk.operator.Operator - Operator SDK 4.9.7 is shutting down...
2025-01-29 13:59:24,809 INFO c.h.h.t.HelmChartContainer - [EVENT] Normal [Killing] Stopping container hivemq-platform-operator [updateloglevelit-operator:hivemq-test-hivemq-platform-operator-7764645b48-s6ksg]
2025-01-29 13:59:24,810 INFO c.h.h.t.HelmChartContainer - Received Killing event for container hivemq-platform-operator in pod hivemq-test-hivemq-platform-operator-7764645b48-s6ksg [16714659-3245-4014-b499-0e044cb3f196]
2025-01-29 13:59:24,810 INFO c.h.h.t.HelmChartContainer - Container [hivemq-test-hivemq-platform-operator-7764645b48-s6ksg] [hivemq-platform-operator] [16714659-3245-4014-b499-0e044cb3f196] was terminated
2025-01-29 13:59:24,810 INFO c.h.h.t.HelmChartContainer - Stopped log watcher for hivemq-platform-operator in pod hivemq-test-hivemq-platform-operator-7764645b48-s6ksg [16714659-3245-4014-b499-0e044cb3f196]
2025-01-29 13:59:24,813 INFO c.h.h.t.HelmChartContainer - [K3S] [replica_set.go:679] "Finished syncing" kind="ReplicaSet" key="updateloglevelit-operator/hivemq-test-hivemq-platform-operator-7764645b48" duration="25.424749ms"
2025-01-29 13:59:24,815 INFO c.h.h.t.HelmChartContainer - [K3S] [replica_set.go:679] "Finished syncing" kind="ReplicaSet" key="updateloglevelit-operator/hivemq-test-hivemq-platform-operator-7764645b48" duration="52.789µs"
2025-01-29 13:59:25,307 INFO c.h.h.t.HelmChartContainer - [K3S] [replica_set.go:679] "Finished syncing" kind="ReplicaSet" key="updateloglevelit-operator/hivemq-test-hivemq-platform-operator-7764645b48" duration="38.262µs"
2025-01-29 13:59:25,307 INFO c.h.h.t.HelmChartContainer - [POD] hivemq-test-hivemq-platform-operator-7764645b48-s6ksg [16714659-3245-4014-b499-0e044cb3f196] in updateloglevelit-operator was MODIFIED
2025-01-29 13:59:25,372 INFO c.h.h.t.HelmChartContainer - [K3S] [reconciler_common.go:162] "operationExecutor.UnmountVolume started for volume \"kube-api-access-z46mt\" (UniqueName: \"kubernetes.io/projected/16714659-3245-4014-b499-0e044cb3f196-kube-api-access-z46mt\") pod \"16714659-3245-4014-b499-0e044cb3f196\" (UID: \"16714659-3245-4014-b499-0e044cb3f196\") "
2025-01-29 13:59:25,473 INFO c.h.h.t.HelmChartContainer - [K3S] [reconciler_common.go:299] "Volume detached for volume \"kube-api-access-z46mt\" (UniqueName: \"kubernetes.io/projected/16714659-3245-4014-b499-0e044cb3f196-kube-api-access-z46mt\") on node \"733f751f2ac3\" DevicePath \"\""
2025-01-29 13:59:25,583 INFO c.h.h.t.HelmChartContainer - [K3S] [scope.go:117] "RemoveContainer" containerID="ff81d6113be4fc3e6d0975e4d354f73e777c59afd104965fbcdb464fbea6d28c"
2025-01-29 13:59:25,587 INFO c.h.h.t.HelmChartContainer - [K3S] [scope.go:117] "RemoveContainer" containerID="ff81d6113be4fc3e6d0975e4d354f73e777c59afd104965fbcdb464fbea6d28c"
2025-01-29 13:59:25,595 INFO c.h.h.t.HelmChartContainer - [POD] hivemq-test-hivemq-platform-operator-7764645b48-s6ksg [16714659-3245-4014-b499-0e044cb3f196] in updateloglevelit-operator was MODIFIED
2025-01-29 13:59:25,595 INFO c.h.h.t.HelmChartContainer - [K3S] [replica_set.go:679] "Finished syncing" kind="ReplicaSet" key="updateloglevelit-operator/hivemq-test-hivemq-platform-operator-7764645b48" duration="39.073µs"
2025-01-29 13:59:25,597 INFO c.h.h.t.HelmChartContainer - [POD] hivemq-test-hivemq-platform-operator-7764645b48-s6ksg [16714659-3245-4014-b499-0e044cb3f196] in updateloglevelit-operator was DELETED
2025-01-29 13:59:25,598 INFO c.h.h.t.HelmChartContainer - [K3S] [replica_set.go:679] "Finished syncing" kind="ReplicaSet" key="updateloglevelit-operator/hivemq-test-hivemq-platform-operator-7764645b48" duration="28.914µs"
2025-01-29 13:59:25,607 INFO c.h.h.t.HelmChartContainer - [K3S] [replica_set.go:679] "Finished syncing" kind="ReplicaSet" key="updateloglevelit-operator/hivemq-test-hivemq-platform-operator-7764645b48" duration="6.082µs"
2025-01-29 13:59:26,135 INFO c.h.h.t.HelmChartContainer - [K3S] [kubelet_volumes.go:163] "Cleaned up orphaned pod volumes dir" podUID="16714659-3245-4014-b499-0e044cb3f196" path="/var/lib/kubelet/pods/16714659-3245-4014-b499-0e044cb3f196/volumes"
2025-01-29 13:59:26,849 INFO c.h.h.t.HelmChartContainer - Deleting namespace 'updateloglevelit-operator'...
2025-01-29 13:59:29,562 INFO c.h.h.t.HelmChartContainer - [K3S] [namespace_controller.go:187] "Namespace has been deleted" namespace="updateloglevelit"
2025-01-29 13:59:32,065 INFO c.h.h.t.HelmChartContainer - Namespace 'updateloglevelit-operator' deleted
2025-01-29 13:59:32,065 INFO c.h.h.t.HelmChartContainer - Release 'test-hivemq-platform-operator' in namespace 'updateloglevelit-operator' is uninstalled
2025-01-29 13:59:32,855 INFO c.h.helmcharts.AbstractHelmChartIT - Removed unused containers:

2025-01-29 13:59:36,967 INFO c.h.h.t.HelmChartContainer - [K3S] [namespace_controller.go:187] "Namespace has been deleted" namespace="updateloglevelit-operator"
2025-01-29 13:59:40,560 INFO c.h.helmcharts.AbstractHelmChartIT - Removed unused snapshots:
Removing snapshot sha256:03af251906410714c5aef9fa705b63f6bbc39c4a5e787de7361eeb18886c2ed2
Removing snapshot sha256:0c46b3b43cce082ce5ec34ffc6c294e0417d17b9d1e6f366d114b6aadc4f96dc
Removing snapshot sha256:0ce761beee59082d6ed5bcebd3a805b8ddd9b3426b617e4809e7fb7c6587ffec
Removing snapshot sha256:0df91287303208332c8ff6ba40ae4710105201739addbfbddfb955f1ad593664
Removing snapshot sha256:1021ef88c7974bfff89c5a0ec4fd3160daac6c48a075f74cff721f85dd104e68
Removing snapshot sha256:10aba4953ddc18145dd38e3704709bc464aa20af60b56fe52caaff4b68411e62
Removing snapshot sha256:2573e0d8158209ed54ab25c87bcdcb00bd3d2539246960a3d592a1c599d70465
Removing snapshot sha256:362a8a37f8bbc31925a8146adcf7cf51f9882f5c1dcbef67c5baa03a297543c0
Removing snapshot sha256:3fa4ad33f0ddc8fd45b39b6b4640f82a3a83619606cd975bfe89d8710ad2d4cd
Removing snapshot sha256:43a7c979bbaba6838bc3102d6b10a1459f3ab050b87ccdfef84ef90cf43d3058
Removing snapshot sha256:4ab04491cdf0d3267f08206fe30bd48f49f94b9cab2f016d6739220f722a64af
Removing snapshot sha256:4b6068250e89c96f263060261819c7d912855bfbd64b3eb4c4a8483299b8c295
Removing snapshot sha256:580e69a0a8034ede1921139bbd2bfb72a69ebf276d008281896c32dd8bf74775
Removing snapshot sha256:5d30ba46b27fe37484567ccc5242cadc78217b8da605f3f195ef25cbf7487904
Removing snapshot sha256:63ca1fbb43ae5034640e5e6cb3e083e05c290072c5366fcaa9d62435a4cced85
Removing snapshot sha256:67f702c6baae873bceb19487c8b1f27bd2b86077e4f2f0e480e6d60ab508b8f5
Removing snapshot sha256:6864348dd42806d552efdec384f1274be15e2d0c10ce44c1f04347af004c10a9
Removing snapshot sha256:6c7dee8f2c39b84b7dc2711c01d33de93514d9055499173e9290176fbe484b6c
Removing snapshot sha256:6da24e95e1658171760bda12fe1d7cf5f3a681659b83f17127191deaf639eb04
Removing snapshot sha256:82753493a6d61ded36556292f02f31841a14c20d2f279f19eaad65afb661d5cd
Removing snapshot sha256:8a10d3db42c505ee0fcfa98417bdd7e39b304f6bcc0a06bb1b220797ff2cc63c
Removing snapshot sha256:94262976ef1e0485683e5e064ec34cc31ec15d40cd73a0ca8edeedb3d2d3d5f1
Removing snapshot sha256:a21e5b12dbac529ad45d976eb9ce45c881f3bedcc500fb30aba1e52aa1813418
Removing snapshot sha256:b921e6c28969094157f9b8e7244677780319637afd14450b7cb6b2fdea558a0c
Removing snapshot sha256:bc27ecb5769a00e309cf99ebc763c4a4b958b618d1decc96ffac5bc05f02f5b7
Removing snapshot sha256:be3ccb6627a5332e309d45ef461d09b4879dd870c7394d89323d0ebc6ca6aa8a
Removing snapshot sha256:c261f7cbbc64211ee175ee47273acdb7b1a36a4450b397a064a8f2c026490095
Removing snapshot sha256:c34d9393647eea0c9e3557ab988efaf59f61d10a2a5613b439ef0958cca5ec10
Removing snapshot sha256:ccf3c4a0fa967a41c1c83497a2ce6fa5787965859df0adb32c4ca2cf7490bc2b
Removing snapshot sha256:cf92d33f869417309692088c341cd0f223c178ea78a125f757317b22aa8f90e9
Removing snapshot sha256:d0037344cf2fb078884f1849f6a1f8cf9a33a3b6139b6a85833e5ee528e1f9a8
Removing snapshot sha256:d3b36d5b79273b1e98e7700470eaeff05a882e777124d84cebcc1505b85ecb36
Removing snapshot sha256:d65a44a37914602d12c611e5e22a50f11451d847e63015cc1c2aef92dee777a4
Removing snapshot sha256:e2dc0bae2455930f23ae570e019b7f32edc75c0f2d71cab084db837ff9051796
Removing snapshot sha256:eccbd24a99c60cd9e86ee5305dbfc4a4dc89f5ab4fb1f06c8d64797cecedef34
Removing snapshot sha256:f144bb4c7c7f0d2aa7eeffd36d934ec40db1ee167be727e326aad9fdc616f475

]]></system-out>
  </testcase>
  <testcase name="2 withNamespaces: false" classname="com.hivemq.helmcharts.platform.UpdateLogLevelIT" time="155.516">
    <system-out><![CDATA[2025-01-29 13:59:40,563 INFO c.h.h.t.HelmChartContainer - Creating namespace 'updateloglevelit-operator'...
2025-01-29 13:59:40,568 INFO c.h.h.t.HelmChartContainer - Namespace 'updateloglevelit-operator' created
2025-01-29 13:59:40,568 INFO c.h.h.t.HelmChartContainer - Creating namespace 'updateloglevelit'...
2025-01-29 13:59:40,577 INFO c.h.h.t.HelmChartContainer - Namespace 'updateloglevelit' created
2025-01-29 13:59:40,645 DEBUG c.h.h.t.HelmChartContainer - Executing helm command: /bin/helm --kubeconfig /etc/rancher/k3s/k3s.yaml install test-hivemq-platform-operator /charts/hivemq-platform-operator --wait --timeout 5m0s --set image.repository=docker.io/hivemq --set image.name=hivemq-platform-operator-test --set image.initImageName=hivemq-platform-operator-init-test --set image.tag=snapshot --set image.pullPolicy=Never --set logLevel=DEBUG --set resources.cpu=512m --namespace updateloglevelit-operator
2025-01-29 13:59:40,950 INFO c.h.h.t.HelmChartContainer - [K3S] [alloc.go:330] "allocated clusterIPs" service="updateloglevelit-operator/hivemq-platform-operator-test-hivemq-platform-operator" clusterIPs={"IPv4":"10.43.202.114"}
2025-01-29 13:59:40,973 INFO c.h.h.t.HelmChartContainer - [EVENT] Normal [ScalingReplicaSet] Scaled up replica set hivemq-test-hivemq-platform-operator-6966f96d65 from 0 to 1 [updateloglevelit-operator:hivemq-test-hivemq-platform-operator]
2025-01-29 13:59:40,982 INFO c.h.h.t.HelmChartContainer - [POD] hivemq-test-hivemq-platform-operator-6966f96d65-lkx4b [7099a904-8bf0-42f4-b7c4-1794e8b6c570] in updateloglevelit-operator was ADDED
2025-01-29 13:59:40,985 INFO c.h.h.t.HelmChartContainer - [K3S] [replica_set.go:679] "Finished syncing" kind="ReplicaSet" key="updateloglevelit-operator/hivemq-test-hivemq-platform-operator-6966f96d65" duration="19.467394ms"
2025-01-29 13:59:40,992 INFO c.h.h.t.HelmChartContainer - [POD] hivemq-test-hivemq-platform-operator-6966f96d65-lkx4b [7099a904-8bf0-42f4-b7c4-1794e8b6c570] in updateloglevelit-operator was MODIFIED
2025-01-29 13:59:40,992 INFO c.h.h.t.HelmChartContainer - [EVENT] Normal [SuccessfulCreate] Created pod: hivemq-test-hivemq-platform-operator-6966f96d65-lkx4b [updateloglevelit-operator:hivemq-test-hivemq-platform-operator-6966f96d65]
2025-01-29 13:59:40,993 INFO c.h.h.t.HelmChartContainer - [K3S] [memory_manager.go:355] "RemoveStaleState removing state" podUID="55a38c4d-b218-4873-a475-6f3ec2e0f344" containerName="hivemq"
2025-01-29 13:59:40,993 INFO c.h.h.t.HelmChartContainer - [K3S] [memory_manager.go:355] "RemoveStaleState removing state" podUID="16714659-3245-4014-b499-0e044cb3f196" containerName="hivemq-platform-operator"
2025-01-29 13:59:40,993 INFO c.h.h.t.HelmChartContainer - [K3S] [memory_manager.go:355] "RemoveStaleState removing state" podUID="6649c669-f89d-4059-a424-81a51e5cfe4e" containerName="hivemq"
2025-01-29 13:59:41,001 INFO c.h.h.t.HelmChartContainer - [EVENT] Normal [Scheduled] Successfully assigned updateloglevelit-operator/hivemq-test-hivemq-platform-operator-6966f96d65-lkx4b to 733f751f2ac3 [updateloglevelit-operator:hivemq-test-hivemq-platform-operator-6966f96d65-lkx4b]
2025-01-29 13:59:41,008 INFO c.h.h.t.HelmChartContainer - [POD] hivemq-test-hivemq-platform-operator-6966f96d65-lkx4b [7099a904-8bf0-42f4-b7c4-1794e8b6c570] in updateloglevelit-operator was MODIFIED
2025-01-29 13:59:41,014 INFO c.h.h.t.HelmChartContainer - [K3S] [replica_set.go:679] "Finished syncing" kind="ReplicaSet" key="updateloglevelit-operator/hivemq-test-hivemq-platform-operator-6966f96d65" duration="26.223481ms"
2025-01-29 13:59:41,042 INFO c.h.h.t.HelmChartContainer - [K3S] [replica_set.go:679] "Finished syncing" kind="ReplicaSet" key="updateloglevelit-operator/hivemq-test-hivemq-platform-operator-6966f96d65" duration="30.960205ms"
2025-01-29 13:59:41,042 INFO c.h.h.t.HelmChartContainer - [K3S] [replica_set.go:679] "Finished syncing" kind="ReplicaSet" key="updateloglevelit-operator/hivemq-test-hivemq-platform-operator-6966f96d65" duration="64.671µs"
2025-01-29 13:59:41,170 INFO c.h.h.t.HelmChartContainer - [K3S] [reconciler_common.go:251] "operationExecutor.VerifyControllerAttachedVolume started for volume \"kube-api-access-hs74z\" (UniqueName: \"kubernetes.io/projected/7099a904-8bf0-42f4-b7c4-1794e8b6c570-kube-api-access-hs74z\") pod \"hivemq-test-hivemq-platform-operator-6966f96d65-lkx4b\" (UID: \"7099a904-8bf0-42f4-b7c4-1794e8b6c570\") " pod="updateloglevelit-operator/hivemq-test-hivemq-platform-operator-6966f96d65-lkx4b"
2025-01-29 13:59:41,392 INFO c.h.h.t.HelmChartContainer - [EVENT] Normal [Pulled] Container image "docker.io/hivemq/hivemq-platform-operator-test:snapshot" already present on machine [updateloglevelit-operator:hivemq-test-hivemq-platform-operator-6966f96d65-lkx4b]
2025-01-29 13:59:41,392 INFO c.h.h.t.HelmChartContainer - Received Pulled event for container hivemq-platform-operator in pod hivemq-test-hivemq-platform-operator-6966f96d65-lkx4b [7099a904-8bf0-42f4-b7c4-1794e8b6c570]
2025-01-29 13:59:42,674 INFO c.h.h.t.HelmChartContainer - [EVENT] Normal [Created] Created container: hivemq-platform-operator [updateloglevelit-operator:hivemq-test-hivemq-platform-operator-6966f96d65-lkx4b]
2025-01-29 13:59:42,674 INFO c.h.h.t.HelmChartContainer - Received Created event for container hivemq-platform-operator in pod hivemq-test-hivemq-platform-operator-6966f96d65-lkx4b [7099a904-8bf0-42f4-b7c4-1794e8b6c570]
2025-01-29 13:59:43,620 INFO c.h.h.t.HelmChartContainer - [K3S] [replica_set.go:679] "Finished syncing" kind="ReplicaSet" key="updateloglevelit-operator/hivemq-test-hivemq-platform-operator-6966f96d65" duration="41.047µs"
2025-01-29 13:59:43,623 INFO c.h.h.t.HelmChartContainer - [POD] hivemq-test-hivemq-platform-operator-6966f96d65-lkx4b [7099a904-8bf0-42f4-b7c4-1794e8b6c570] in updateloglevelit-operator was MODIFIED
2025-01-29 13:59:43,634 INFO c.h.h.t.HelmChartContainer - [EVENT] Normal [Started] Started container hivemq-platform-operator [updateloglevelit-operator:hivemq-test-hivemq-platform-operator-6966f96d65-lkx4b]
2025-01-29 13:59:43,634 INFO c.h.h.t.HelmChartContainer - Received Started event for container hivemq-platform-operator in pod hivemq-test-hivemq-platform-operator-6966f96d65-lkx4b [7099a904-8bf0-42f4-b7c4-1794e8b6c570]
2025-01-29 13:59:43,634 INFO c.h.h.t.HelmChartContainer - Started log watcher for hivemq-platform-operator in pod hivemq-test-hivemq-platform-operator-6966f96d65-lkx4b [7099a904-8bf0-42f4-b7c4-1794e8b6c570]
2025-01-29 13:59:43,641 INFO c.h.h.t.HelmChartContainer - [hivemq-test-hivemq-platform] [hivemq-platform-operator] [7099a904] -------------------------------------------------------------------------
2025-01-29 13:59:43,641 INFO c.h.h.t.HelmChartContainer - [hivemq-test-hivemq-platform] [hivemq-platform-operator] [7099a904] 
2025-01-29 13:59:43,641 INFO c.h.h.t.HelmChartContainer - [hivemq-test-hivemq-platform] [hivemq-platform-operator] [7099a904]                   _    _  _              __  __   ____
2025-01-29 13:59:43,641 INFO c.h.h.t.HelmChartContainer - [hivemq-test-hivemq-platform] [hivemq-platform-operator] [7099a904]                  | |  | |(_)            |  \/  | / __ \
2025-01-29 13:59:43,641 INFO c.h.h.t.HelmChartContainer - [hivemq-test-hivemq-platform] [hivemq-platform-operator] [7099a904]                  | |__| | _ __   __ ___ | \  / || |  | |
2025-01-29 13:59:43,641 INFO c.h.h.t.HelmChartContainer - [hivemq-test-hivemq-platform] [hivemq-platform-operator] [7099a904]                  |  __  || |\ \ / // _ \| |\/| || |  | |
2025-01-29 13:59:43,641 INFO c.h.h.t.HelmChartContainer - [hivemq-test-hivemq-platform] [hivemq-platform-operator] [7099a904]                  | |  | || | \ V /|  __/| |  | || |__| |
2025-01-29 13:59:43,641 INFO c.h.h.t.HelmChartContainer - [hivemq-test-hivemq-platform] [hivemq-platform-operator] [7099a904]                  |_|  |_||_|  \_/  \___||_|  |_| \___\_\
2025-01-29 13:59:43,641 INFO c.h.h.t.HelmChartContainer - [hivemq-test-hivemq-platform] [hivemq-platform-operator] [7099a904] 
2025-01-29 13:59:43,641 INFO c.h.h.t.HelmChartContainer - [hivemq-test-hivemq-platform] [hivemq-platform-operator] [7099a904] -------------------------------------------------------------------------
2025-01-29 13:59:43,641 INFO c.h.h.t.HelmChartContainer - [hivemq-test-hivemq-platform] [hivemq-platform-operator] [7099a904] 
2025-01-29 13:59:43,641 INFO c.h.h.t.HelmChartContainer - [hivemq-test-hivemq-platform] [hivemq-platform-operator] [7099a904]   HiveMQ Platform Operator Start Script v1.0
2025-01-29 13:59:43,642 INFO c.h.h.t.HelmChartContainer - [hivemq-test-hivemq-platform] [hivemq-platform-operator] [7099a904] 
2025-01-29 13:59:43,642 INFO c.h.h.t.HelmChartContainer - [hivemq-test-hivemq-platform] [hivemq-platform-operator] [7099a904] -------------------------------------------------------------------------
2025-01-29 13:59:43,642 INFO c.h.h.t.HelmChartContainer - [hivemq-test-hivemq-platform] [hivemq-platform-operator] [7099a904] 
2025-01-29 13:59:43,642 INFO c.h.h.t.HelmChartContainer - [hivemq-test-hivemq-platform] [hivemq-platform-operator] [7099a904]   JAVA_OPTS: -XX:+UnlockExperimentalVMOptions -XX:InitialRAMPercentage=75 -XX:MaxRAMPercentage=75 -Duser.language=en -Duser.region=US
2025-01-29 13:59:43,642 INFO c.h.h.t.HelmChartContainer - [hivemq-test-hivemq-platform] [hivemq-platform-operator] [7099a904] 
2025-01-29 13:59:43,642 INFO c.h.h.t.HelmChartContainer - [hivemq-test-hivemq-platform] [hivemq-platform-operator] [7099a904]   JAVA_VERSION: 21
2025-01-29 13:59:43,642 INFO c.h.h.t.HelmChartContainer - [hivemq-test-hivemq-platform] [hivemq-platform-operator] [7099a904] 
2025-01-29 13:59:43,642 INFO c.h.h.t.HelmChartContainer - [hivemq-test-hivemq-platform] [hivemq-platform-operator] [7099a904] -------------------------------------------------------------------------
2025-01-29 13:59:43,642 INFO c.h.h.t.HelmChartContainer - [hivemq-test-hivemq-platform] [hivemq-platform-operator] [7099a904] 
2025-01-29 13:59:46,036 INFO c.h.h.t.HelmChartContainer - [hivemq-test-hivemq-platform] [hivemq-platform-operator] [7099a904] 13:59:46.033 [main] DEBUG org.jboss.logging - Logging Provider: org.jboss.logging.Slf4jLoggerProvider
2025-01-29 13:59:46,137 INFO c.h.h.t.HelmChartContainer - [hivemq-test-hivemq-platform] [hivemq-platform-operator] [7099a904] 13:59:46.135 [main] DEBUG io.smallrye.config - SRCFG01006: Loaded ConfigSource SysPropConfigSource with ordinal 400
2025-01-29 13:59:46,137 INFO c.h.h.t.HelmChartContainer - [hivemq-test-hivemq-platform] [hivemq-platform-operator] [7099a904] 13:59:46.135 [main] DEBUG io.smallrye.config - SRCFG01006: Loaded ConfigSource EnvConfigSource with ordinal 300
2025-01-29 13:59:46,137 INFO c.h.h.t.HelmChartContainer - [hivemq-test-hivemq-platform] [hivemq-platform-operator] [7099a904] 13:59:46.135 [main] DEBUG io.smallrye.config - SRCFG01006: Loaded ConfigSource PropertiesConfigSource[source=jar:file:///opt/hivemq-platform-operator/bin/hivemq-platform-operator.jar!/hivemq-platform-operator.properties] with ordinal 100
2025-01-29 13:59:46,137 INFO c.h.h.t.HelmChartContainer - [hivemq-test-hivemq-platform] [hivemq-platform-operator] [7099a904] 13:59:46.135 [main] DEBUG io.smallrye.config - SRCFG01006: Loaded ConfigSource DefaultValuesConfigSource with ordinal -2147483648
2025-01-29 13:59:46,238 INFO c.h.h.t.HelmChartContainer - [hivemq-test-hivemq-platform] [hivemq-platform-operator] [7099a904] 13:59:46.237 [main] DEBUG i.m.c.u.i.l.InternalLoggerFactory - Using SLF4J as the default logging framework
2025-01-29 13:59:46,343 INFO c.h.h.t.HelmChartContainer - [hivemq-test-hivemq-platform] [hivemq-platform-operator] [7099a904] 13:59:46.337 [main] INFO  c.h.p.o.HiveMQPlatformOperatorApplication - HiveMQ Platform Operator 1.7.0-SNAPSHOT (commit: bebf408 on branch: HEAD) built on Sun Jan 26 20:47:47 UTC 2025
2025-01-29 13:59:46,344 INFO c.h.h.t.HelmChartContainer - [hivemq-test-hivemq-platform] [hivemq-platform-operator] [7099a904] 13:59:46.343 [main] INFO  c.h.p.o.HiveMQPlatformOperatorApplication - HiveMQ Platform Operator is running in namespace: updateloglevelit-operator
2025-01-29 13:59:46,344 INFO c.h.h.t.HelmChartContainer - [hivemq-test-hivemq-platform] [hivemq-platform-operator] [7099a904] 13:59:46.343 [main] INFO  c.h.p.o.HiveMQPlatformOperatorApplication - Watching all namespaces
2025-01-29 13:59:46,344 INFO c.h.h.t.HelmChartContainer - [hivemq-test-hivemq-platform] [hivemq-platform-operator] [7099a904] 13:59:46.343 [main] INFO  c.h.p.o.HiveMQPlatformOperatorApplication - Log level: DEBUG
2025-01-29 13:59:46,344 INFO c.h.h.t.HelmChartContainer - [hivemq-test-hivemq-platform] [hivemq-platform-operator] [7099a904] 13:59:46.343 [main] INFO  c.h.p.o.HiveMQPlatformOperatorApplication - Release name: test-hivemq-platform-operator
2025-01-29 13:59:46,344 INFO c.h.h.t.HelmChartContainer - [hivemq-test-hivemq-platform] [hivemq-platform-operator] [7099a904] 13:59:46.343 [main] INFO  c.h.p.o.HiveMQPlatformOperatorApplication - HiveMQ Platform Operator Init image: docker.io/hivemq/hivemq-platform-operator-init-test:snapshot
2025-01-29 13:59:46,344 INFO c.h.h.t.HelmChartContainer - [hivemq-test-hivemq-platform] [hivemq-platform-operator] [7099a904] 13:59:46.343 [main] INFO  c.h.p.o.HiveMQPlatformOperatorApplication - HiveMQ Platform Operator Init App update URL: http://hivemq-platform-operator-test-hivemq-platform-operator.updateloglevelit-operator.svc:8080/initAppUpdate/hivemq-platform-operator-init-app-1.7.0-SNAPSHOT.jar
2025-01-29 13:59:46,344 INFO c.h.h.t.HelmChartContainer - [hivemq-test-hivemq-platform] [hivemq-platform-operator] [7099a904] 13:59:46.343 [main] INFO  c.h.p.o.HiveMQPlatformOperatorApplication - Additional imagePullSecret for all Platform deployments: none
2025-01-29 13:59:46,344 INFO c.h.h.t.HelmChartContainer - [hivemq-test-hivemq-platform] [hivemq-platform-operator] [7099a904] 13:59:46.343 [main] INFO  c.h.p.o.HiveMQPlatformOperatorApplication - Apply HiveMQ Platform CRD: true
2025-01-29 13:59:46,344 INFO c.h.h.t.HelmChartContainer - [hivemq-test-hivemq-platform] [hivemq-platform-operator] [7099a904] 13:59:46.343 [main] INFO  c.h.p.o.HiveMQPlatformOperatorApplication - Create Platform ServiceAccount: true
2025-01-29 13:59:46,344 INFO c.h.h.t.HelmChartContainer - [hivemq-test-hivemq-platform] [hivemq-platform-operator] [7099a904] 13:59:46.343 [main] INFO  c.h.p.o.HiveMQPlatformOperatorApplication - Create Platform ServiceAccount permissions: true
2025-01-29 13:59:46,344 INFO c.h.h.t.HelmChartContainer - [hivemq-test-hivemq-platform] [hivemq-platform-operator] [7099a904] 13:59:46.343 [main] INFO  c.h.p.o.HiveMQPlatformOperatorApplication - Validate Platform ServiceAccount: true
2025-01-29 13:59:46,344 INFO c.h.h.t.HelmChartContainer - [hivemq-test-hivemq-platform] [hivemq-platform-operator] [7099a904] 13:59:46.343 [main] INFO  c.h.p.o.HiveMQPlatformOperatorApplication - Validate Platform ServiceAccount permissions: true
2025-01-29 13:59:46,499 INFO c.h.h.t.HelmChartContainer - [hivemq-test-hivemq-platform] [hivemq-platform-operator] [7099a904] 13:59:46.497 [main] INFO  c.h.platform.operator.util.CRDUtil - Verifying deployed HiveMQ Platform CRD...
2025-01-29 13:59:47,607 INFO c.h.h.t.HelmChartContainer - [K3S] [INFO] COMPACT compactRev=0 targetCompactRev=2 currentRev=1141
2025-01-29 13:59:47,607 INFO c.h.h.t.HelmChartContainer - [K3S] [INFO] COMPACT deleted 0 rows from 2 revisions in 454.669µs - compacted to 2/1141
2025-01-29 13:59:47,607 INFO c.h.h.t.HelmChartContainer - [K3S] [INFO] COMPACT compacted from 0 to 2 in 1 transactions over 1ms
2025-01-29 13:59:48,937 INFO c.h.h.t.HelmChartContainer - [hivemq-test-hivemq-platform] [hivemq-platform-operator] [7099a904] 13:59:48.935 [main] DEBUG c.h.platform.operator.util.CRDUtil - HiveMQ Platform CRD version v1 is up to date
2025-01-29 13:59:48,937 INFO c.h.h.t.HelmChartContainer - [hivemq-test-hivemq-platform] [hivemq-platform-operator] [7099a904] 13:59:48.936 [main] INFO  c.h.platform.operator.util.CRDUtil - HiveMQ Platform CRD is up to date (version: V1_6_0)
2025-01-29 13:59:48,937 INFO c.h.h.t.HelmChartContainer - [hivemq-test-hivemq-platform] [hivemq-platform-operator] [7099a904] 13:59:48.936 [main] INFO  c.h.platform.operator.util.CRDUtil - Waiting 10000 ms for HiveMQ Platform CRD 'hivemq-platforms.hivemq.com' to become ready...
2025-01-29 13:59:49,306 INFO c.h.h.t.HelmChartContainer - [hivemq-test-hivemq-platform] [hivemq-platform-operator] [7099a904] 13:59:49.305 [vert.x-eventloop-thread-1] DEBUG c.h.platform.operator.util.CRDUtil - Checking CRD condition 'NamesAccepted' (status: 'True')
2025-01-29 13:59:49,306 INFO c.h.h.t.HelmChartContainer - [hivemq-test-hivemq-platform] [hivemq-platform-operator] [7099a904] 13:59:49.305 [vert.x-eventloop-thread-1] DEBUG c.h.platform.operator.util.CRDUtil - Checking CRD condition 'Established' (status: 'True')
2025-01-29 13:59:49,329 INFO c.h.h.t.HelmChartContainer - [hivemq-test-hivemq-platform] [hivemq-platform-operator] [7099a904] 13:59:49.327 [main] INFO  c.h.platform.operator.util.CRDUtil - HiveMQ Platform CRD 'hivemq-platforms.hivemq.com' is ready
2025-01-29 13:59:49,531 INFO c.h.h.t.HelmChartContainer - [hivemq-test-hivemq-platform] [hivemq-platform-operator] [7099a904] 13:59:49.530 [main] INFO  c.h.p.o.HiveMQPlatformReconciler - HiveMQ Platform Operator is starting...
2025-01-29 13:59:49,639 INFO c.h.h.t.HelmChartContainer - [hivemq-test-hivemq-platform] [hivemq-platform-operator] [7099a904] 13:59:49.638 [main] WARN  Default ConfigurationService implementation - Configuration for reconciler 'hivemq-controller' was not found. Known reconcilers: None.
2025-01-29 13:59:49,700 INFO c.h.h.t.HelmChartContainer - [hivemq-test-hivemq-platform] [hivemq-platform-operator] [7099a904] 13:59:49.699 [main] INFO  Default ConfigurationService implementation - Created configuration for reconciler com.hivemq.platform.operator.HiveMQPlatformReconciler with name hivemq-controller
2025-01-29 13:59:49,833 INFO c.h.h.t.HelmChartContainer - [hivemq-test-hivemq-platform] [hivemq-platform-operator] [7099a904] 13:59:49.832 [main] DEBUG c.h.p.o.HiveMQPlatformReconciler - HiveMQ Platform Operator is preparing EventSources
2025-01-29 13:59:49,905 INFO c.h.h.t.HelmChartContainer - [hivemq-test-hivemq-platform] [hivemq-platform-operator] [7099a904] 13:59:49.904 [main] INFO  i.javaoperatorsdk.operator.Operator - Registered reconciler: 'hivemq-controller' for resource: 'class com.hivemq.platform.operator.v1.HiveMQPlatform' for namespace(s): [all namespaces]
2025-01-29 13:59:50,135 INFO c.h.h.t.HelmChartContainer - [K3S] [info.go:53] Couldn't collect info from any of the files in "/etc/machine-id,/var/lib/dbus/machine-id"
2025-01-29 13:59:50,535 INFO c.h.h.t.HelmChartContainer - [hivemq-test-hivemq-platform] [hivemq-platform-operator] [7099a904] 13:59:50.534 [main] INFO  c.h.p.operator.webserver.JettyServer - Starting Jetty server on port 8080
2025-01-29 13:59:50,635 INFO c.h.h.t.HelmChartContainer - [hivemq-test-hivemq-platform] [hivemq-platform-operator] [7099a904] 13:59:50.633 [main] INFO  i.javaoperatorsdk.operator.Operator - Operator SDK 4.9.7 (commit: 2133d28) built on Wed Nov 20 12:56:20 UTC 2024 starting...
2025-01-29 13:59:50,635 INFO c.h.h.t.HelmChartContainer - [hivemq-test-hivemq-platform] [hivemq-platform-operator] [7099a904] 13:59:50.634 [main] INFO  i.javaoperatorsdk.operator.Operator - Client version: 6.13.4
2025-01-29 13:59:50,636 INFO c.h.h.t.HelmChartContainer - [hivemq-test-hivemq-platform] [hivemq-platform-operator] [7099a904] 13:59:50.635 [Controller Starter for: hivemq-controller] INFO  i.j.operator.processing.Controller - Starting 'hivemq-controller' controller for reconciler: com.hivemq.platform.operator.HiveMQPlatformReconciler, resource: com.hivemq.platform.operator.v1.HiveMQPlatform
2025-01-29 13:59:53,029 INFO c.h.h.t.HelmChartContainer - [hivemq-test-hivemq-platform] [hivemq-platform-operator] [7099a904] 13:59:53.028 [Controller Starter for: hivemq-controller] INFO  i.j.operator.processing.Controller - 'hivemq-controller' controller started
2025-01-29 13:59:53,030 INFO c.h.h.t.HelmChartContainer - [hivemq-test-hivemq-platform] [hivemq-platform-operator] [7099a904] 13:59:53.028 [main] INFO  c.h.p.o.HiveMQPlatformOperatorApplication - HiveMQ Platform Operator 1.7.0-SNAPSHOT started in 6690 ms
2025-01-29 13:59:54,630 INFO c.h.h.t.HelmChartContainer - [POD] hivemq-test-hivemq-platform-operator-6966f96d65-lkx4b [7099a904-8bf0-42f4-b7c4-1794e8b6c570] in updateloglevelit-operator was MODIFIED
2025-01-29 13:59:54,638 INFO c.h.h.t.HelmChartContainer - [K3S] [replica_set.go:679] "Finished syncing" kind="ReplicaSet" key="updateloglevelit-operator/hivemq-test-hivemq-platform-operator-6966f96d65" duration="11.018496ms"
2025-01-29 13:59:54,638 INFO c.h.h.t.HelmChartContainer - [K3S] [replica_set.go:679] "Finished syncing" kind="ReplicaSet" key="updateloglevelit-operator/hivemq-test-hivemq-platform-operator-6966f96d65" duration="46.557µs"
2025-01-29 13:59:55,023 INFO com.hivemq.helmcharts.util.K8sUtil - Pod 'hivemq-test-hivemq-platform-operator-6966f96d65-lkx4b' is ready
2025-01-29 13:59:55,088 DEBUG c.h.h.t.HelmChartContainer - Executing helm command: /bin/helm --kubeconfig /etc/rancher/k3s/k3s.yaml install test-hivemq-platform /charts/hivemq-platform --wait --timeout 5m0s --set image.repository=docker.io/hivemq --set image.tag=4.36.0 --set image.pullPolicy=Never --set nodes.resources.cpu=512m -f /files/platform-values.yaml --namespace updateloglevelit
2025-01-29 13:59:55,437 INFO c.h.h.t.HelmChartContainer - [hivemq-test-hivemq-platform] [hivemq-platform-operator] [7099a904] 13:59:55.431 [-373097727-pool-1-thread-2] WARN  i.m.p.PrometheusMeterRegistry - The meter (MeterId{name='operator.sdk.events.received', tags=[tag(action=ADDED),tag(event=ResourceEvent),tag(group=hivemq.com),tag(kind=HiveMQPlatform),tag(name=test-hivemq-platform),tag(namespace=updateloglevelit),tag(scope=namespace),tag(version=v1)]}) registration has failed: Prometheus requires that all meters with the same name have the same set of tag keys. There is already an existing meter named 'operator.sdk.events.received' containing tag keys [event, group, kind, name, namespace, scope, version]. The meter you are attempting to register has keys [action, event, group, kind, name, namespace, scope, version]. Note that subsequent logs will be logged at debug level.
2025-01-29 13:59:55,841 INFO c.h.h.t.HelmChartContainer - [hivemq-test-hivemq-platform] [hivemq-platform-operator] [7099a904] 13:59:55.840 [pool-6-thread-3] DEBUG c.h.p.o.dependants.PodInfoConfigMap - [updatelo] Desired PodInfo ConfigMap (1 extensions) (1 enabled)
2025-01-29 13:59:55,899 INFO c.h.h.t.HelmChartContainer - [hivemq-test-hivemq-platform] [hivemq-platform-operator] [7099a904] 13:59:55.898 [pool-6-thread-3] DEBUG c.h.p.o.dependants.PodInfoConfigMap - [updatelo] Desired PodInfo ConfigMap (metrics port: 9399) (metrics path: /)
2025-01-29 13:59:55,899 INFO c.h.h.t.HelmChartContainer - [hivemq-test-hivemq-platform] [hivemq-platform-operator] [7099a904] 13:59:55.898 [pool-6-thread-3] DEBUG c.h.p.o.dependants.PodInfoConfigMap - [updatelo] Desired PodInfo ConfigMap (extension state hash: -1817474005)
2025-01-29 13:59:55,901 INFO c.h.h.t.HelmChartContainer - [hivemq-test-hivemq-platform] [hivemq-platform-operator] [7099a904] 13:59:55.900 [pool-6-thread-3] DEBUG c.h.p.o.dependants.PodInfoConfigMap - [updatelo] Create PodInfo ConfigMap
2025-01-29 13:59:56,003 INFO c.h.h.t.HelmChartContainer - [hivemq-test-hivemq-platform] [hivemq-platform-operator] [7099a904] 13:59:56.000 [pool-6-thread-5] DEBUG c.h.p.o.dependants.PodRoleResource - [updatelo] Create Role: Role(apiVersion=rbac.authorization.k8s.io/v1, kind=Role, metadata=ObjectMeta(annotations={meta.helm.sh/release-name=test-hivemq-platform, meta.helm.sh/release-namespace=updateloglevelit}, creationTimestamp=null, deletionGracePeriodSeconds=null, deletionTimestamp=null, finalizers=[], generateName=null, generation=null, labels={helm.sh/chart=hivemq-platform-0.2.32, app.kubernetes.io/managed-by=Helm, app.kubernetes.io/name=hivemq-platform, hivemq-platform=test-hivemq-platform, app.kubernetes.io/instance=test-hivemq-platform, app.kubernetes.io/version=4.36.0}, managedFields=[], name=hivemq-platform-role-test-hivemq-platform, namespace=updateloglevelit, ownerReferences=[OwnerReference(apiVersion=hivemq.com/v1, blockOwnerDeletion=null, controller=null, kind=HiveMQPlatform, name=test-hivemq-platform, uid=a4f8f25c-32b1-494d-87a2-7ebfb0dcabf2, additionalProperties={})], resourceVersion=null, selfLink=null, uid=null, additionalProperties={}), rules=[PolicyRule(apiGroups=[], nonResourceURLs=[], resourceNames=[], resources=[pods], verbs=[get, patch, update], additionalProperties={})], additionalProperties={})
2025-01-29 13:59:56,141 INFO c.h.h.t.HelmChartContainer - [hivemq-test-hivemq-platform] [hivemq-platform-operator] [7099a904] 13:59:56.134 [pool-6-thread-7] DEBUG c.h.p.o.d.PodServiceAccountResource - [updatelo] Desired PodServiceAccountResource (serviceAccountName: hivemq-platform-pod-test-hivemq-platform)
2025-01-29 13:59:56,141 INFO c.h.h.t.HelmChartContainer - [hivemq-test-hivemq-platform] [hivemq-platform-operator] [7099a904] 13:59:56.135 [pool-6-thread-7] DEBUG c.h.p.o.d.PodServiceAccountResource - [updatelo] Create ServiceAccount 'hivemq-platform-pod-test-hivemq-platform'
2025-01-29 13:59:56,300 INFO c.h.h.t.HelmChartContainer - [hivemq-test-hivemq-platform] [hivemq-platform-operator] [7099a904] 13:59:56.299 [pool-6-thread-10] DEBUG c.h.p.o.d.PodRoleBindingResource - [updatelo] Create RoleBinding: RoleBinding(apiVersion=rbac.authorization.k8s.io/v1, kind=RoleBinding, metadata=ObjectMeta(annotations={meta.helm.sh/release-name=test-hivemq-platform, meta.helm.sh/release-namespace=updateloglevelit}, creationTimestamp=null, deletionGracePeriodSeconds=null, deletionTimestamp=null, finalizers=[], generateName=null, generation=null, labels={helm.sh/chart=hivemq-platform-0.2.32, app.kubernetes.io/managed-by=Helm, app.kubernetes.io/name=hivemq-platform, hivemq-platform=test-hivemq-platform, app.kubernetes.io/instance=test-hivemq-platform, app.kubernetes.io/version=4.36.0}, managedFields=[], name=hivemq-platform-role-binding-test-hivemq-platform, namespace=updateloglevelit, ownerReferences=[OwnerReference(apiVersion=hivemq.com/v1, blockOwnerDeletion=null, controller=null, kind=HiveMQPlatform, name=test-hivemq-platform, uid=a4f8f25c-32b1-494d-87a2-7ebfb0dcabf2, additionalProperties={})], resourceVersion=null, selfLink=null, uid=null, additionalProperties={}), roleRef=RoleRef(apiGroup=rbac.authorization.k8s.io, kind=Role, name=hivemq-platform-role-test-hivemq-platform, additionalProperties={}), subjects=[Subject(apiGroup=null, kind=ServiceAccount, name=hivemq-platform-pod-test-hivemq-platform, namespace=updateloglevelit, additionalProperties={})], additionalProperties={})
2025-01-29 13:59:56,345 INFO c.h.h.t.HelmChartContainer - [hivemq-test-hivemq-platform] [hivemq-platform-operator] [7099a904] 13:59:56.344 [ReconcilerExecutor-hivemq-controller-54] INFO  c.h.p.o.HiveMQPlatformReconciler - [updatelo] Reconciling HiveMQ Platform 'test-hivemq-platform' in namespace 'updateloglevelit'
2025-01-29 13:59:56,347 INFO c.h.h.t.HelmChartContainer - [hivemq-test-hivemq-platform] [hivemq-platform-operator] [7099a904] 13:59:56.344 [ReconcilerExecutor-hivemq-controller-54] DEBUG c.h.p.o.HiveMQPlatformReconciler - [updatelo] Custom Resource Status CREATED - HiveMQ Platform was created (READY)
2025-01-29 13:59:56,347 INFO c.h.h.t.HelmChartContainer - [hivemq-test-hivemq-platform] [hivemq-platform-operator] [7099a904] 13:59:56.344 [ReconcilerExecutor-hivemq-controller-54] DEBUG c.h.p.o.HiveMQPlatformReconciler - [updatelo] Custom Resource Spec (replicas: 1) (extensions: 1)
2025-01-29 13:59:56,349 INFO c.h.h.t.HelmChartContainer - [hivemq-test-hivemq-platform] [hivemq-platform-operator] [7099a904] 13:59:56.348 [ReconcilerExecutor-hivemq-controller-54] INFO  c.h.p.o.h.HiveMQPlatformReconcilerBaseHandler - [updatelo] HiveMQ Platform is starting
2025-01-29 13:59:56,446 INFO c.h.h.t.HelmChartContainer - [hivemq-test-hivemq-platform] [hivemq-platform-operator] [7099a904] 13:59:56.445 [ReconcilerExecutor-hivemq-controller-54] DEBUG c.h.p.operator.event.EventSender - [updatelo] Creating K8s event hivemq-platform-starting: [Start] HiveMQ Platform is starting
2025-01-29 13:59:56,532 INFO c.h.h.t.HelmChartContainer - [EVENT] Normal [Start] HiveMQ Platform is starting [updateloglevelit:test-hivemq-platform]
2025-01-29 13:59:56,538 INFO c.h.h.t.HelmChartContainer - [hivemq-test-hivemq-platform] [hivemq-platform-operator] [7099a904] 13:59:56.536 [ReconcilerExecutor-hivemq-controller-54] INFO  c.h.p.o.h.AbstractHiveMQReconcilerStateHandler - [updatelo] Update HiveMQ Platform Status (CREATED [READY] -> STARTING [READY]): HiveMQ Platform is starting
2025-01-29 13:59:56,607 DEBUG com.hivemq.helmcharts.util.K8sUtil - Comparing actual state 'STARTING' and waiting for 'RUNNING'
2025-01-29 14:00:06,641 INFO c.h.h.t.HelmChartContainer - [hivemq-test-hivemq-platform] [hivemq-platform-operator] [7099a904] 14:00:06.639 [pool-6-thread-12] DEBUG c.h.p.o.d.PlatformServiceResource - [updatelo] Desired Platform services (3 services)
2025-01-29 14:00:06,643 INFO c.h.h.t.HelmChartContainer - [hivemq-test-hivemq-platform] [hivemq-platform-operator] [7099a904] 14:00:06.642 [pool-6-thread-13] DEBUG c.h.p.o.dependants.PodInfoConfigMap - [updatelo] Desired PodInfo ConfigMap (1 extensions) (1 enabled)
2025-01-29 14:00:06,646 INFO c.h.h.t.HelmChartContainer - [hivemq-test-hivemq-platform] [hivemq-platform-operator] [7099a904] 14:00:06.642 [pool-6-thread-13] DEBUG c.h.p.o.dependants.PodInfoConfigMap - [updatelo] Desired PodInfo ConfigMap (metrics port: 9399) (metrics path: /)
2025-01-29 14:00:06,646 INFO c.h.h.t.HelmChartContainer - [hivemq-test-hivemq-platform] [hivemq-platform-operator] [7099a904] 14:00:06.642 [pool-6-thread-13] DEBUG c.h.p.o.dependants.PodInfoConfigMap - [updatelo] Desired PodInfo ConfigMap (extension state hash: -1817474005)
2025-01-29 14:00:06,647 INFO c.h.h.t.HelmChartContainer - [hivemq-test-hivemq-platform] [hivemq-platform-operator] [7099a904] 14:00:06.646 [pool-6-thread-17] DEBUG c.h.p.o.d.PodServiceAccountResource - [updatelo] Desired PodServiceAccountResource (serviceAccountName: hivemq-platform-pod-test-hivemq-platform)
2025-01-29 14:00:06,650 INFO c.h.h.t.HelmChartContainer - [hivemq-test-hivemq-platform] [hivemq-platform-operator] [7099a904] 14:00:06.649 [pool-6-thread-13] DEBUG c.h.p.o.dependants.PodInfoConfigMap - [updatelo] Update PodInfo ConfigMap
2025-01-29 14:00:06,739 INFO c.h.h.t.HelmChartContainer - [K3S] [alloc.go:330] "allocated clusterIPs" service="updateloglevelit/hivemq-test-hivemq-platform-cc-8080" clusterIPs={"IPv4":"10.43.162.121"}
2025-01-29 14:00:06,833 INFO c.h.h.t.HelmChartContainer - [K3S] [alloc.go:330] "allocated clusterIPs" service="updateloglevelit/hivemq-test-hivemq-platform-metrics-9399" clusterIPs={"IPv4":"10.43.226.156"}
2025-01-29 14:00:06,848 INFO c.h.h.t.HelmChartContainer - [K3S] [alloc.go:330] "allocated clusterIPs" service="updateloglevelit/hivemq-test-hivemq-platform-mqtt-1883" clusterIPs={"IPv4":"10.43.25.192"}
2025-01-29 14:00:06,930 INFO c.h.h.t.HelmChartContainer - [hivemq-test-hivemq-platform] [hivemq-platform-operator] [7099a904] 14:00:06.927 [pool-6-thread-20] DEBUG c.h.p.o.d.StatefulSetResource - [updatelo] Desired StatefulSet (1 replicas) for status STARTING (READY)
2025-01-29 14:00:06,944 INFO c.h.h.t.HelmChartContainer - [hivemq-test-hivemq-platform] [hivemq-platform-operator] [7099a904] 14:00:06.943 [pool-6-thread-20] DEBUG c.h.p.o.d.StatefulSetResource - [updatelo] Create StatefulSet
2025-01-29 14:00:07,045 INFO c.h.h.t.HelmChartContainer - [hivemq-test-hivemq-platform] [hivemq-platform-operator] [7099a904] 14:00:07.043 [ReconcilerExecutor-hivemq-controller-65] INFO  c.h.p.o.HiveMQPlatformReconciler - [updatelo] Reconciling HiveMQ Platform 'test-hivemq-platform' in namespace 'updateloglevelit'
2025-01-29 14:00:07,048 INFO c.h.h.t.HelmChartContainer - [hivemq-test-hivemq-platform] [hivemq-platform-operator] [7099a904] 14:00:07.043 [ReconcilerExecutor-hivemq-controller-65] DEBUG c.h.p.o.HiveMQPlatformReconciler - [updatelo] Custom Resource Status STARTING - HiveMQ Platform is starting (READY)
2025-01-29 14:00:07,048 INFO c.h.h.t.HelmChartContainer - [hivemq-test-hivemq-platform] [hivemq-platform-operator] [7099a904] 14:00:07.043 [ReconcilerExecutor-hivemq-controller-65] DEBUG c.h.p.o.HiveMQPlatformReconciler - [updatelo] Custom Resource Spec (replicas: 1) (extensions: 1)
2025-01-29 14:00:07,054 INFO c.h.h.t.HelmChartContainer - [POD] test-hivemq-platform-0 [c4cdc15d-066a-4188-ba4d-66b2a5648388] in updateloglevelit was ADDED
2025-01-29 14:00:07,057 INFO c.h.h.t.HelmChartContainer - [EVENT] Normal [SuccessfulCreate] create Pod test-hivemq-platform-0 in StatefulSet test-hivemq-platform successful [updateloglevelit:test-hivemq-platform]
2025-01-29 14:00:07,062 INFO c.h.h.t.HelmChartContainer - [POD] test-hivemq-platform-0 [c4cdc15d-066a-4188-ba4d-66b2a5648388] in updateloglevelit was MODIFIED
2025-01-29 14:00:07,062 INFO c.h.h.t.HelmChartContainer - [EVENT] Normal [Scheduled] Successfully assigned updateloglevelit/test-hivemq-platform-0 to 733f751f2ac3 [updateloglevelit:test-hivemq-platform-0]
2025-01-29 14:00:07,070 INFO c.h.h.t.HelmChartContainer - [POD] test-hivemq-platform-0 [c4cdc15d-066a-4188-ba4d-66b2a5648388] in updateloglevelit was MODIFIED
2025-01-29 14:00:07,133 INFO c.h.h.t.HelmChartContainer - [hivemq-test-hivemq-platform] [hivemq-platform-operator] [7099a904] 14:00:07.131 [ReconcilerExecutor-hivemq-controller-65] DEBUG c.h.p.o.HiveMQPlatformReconciler - [updatelo] StatefulSet Status (revision: null, replicas: 0, available: 0, ready: 0, current: 0, updated: 0)
2025-01-29 14:00:07,134 INFO c.h.h.t.HelmChartContainer - [hivemq-test-hivemq-platform] [hivemq-platform-operator] [7099a904] 14:00:07.131 [ReconcilerExecutor-hivemq-controller-65] DEBUG c.h.p.o.HiveMQPlatformReconciler - [updatelo] StatefulSet Spec (replicas: 1, init containers: 1, containers: 1, volumes: 3)
2025-01-29 14:00:07,226 INFO c.h.h.t.HelmChartContainer - [K3S] [reconciler_common.go:251] "operationExecutor.VerifyControllerAttachedVolume started for volume \"kube-api-access-f4tzd\" (UniqueName: \"kubernetes.io/projected/c4cdc15d-066a-4188-ba4d-66b2a5648388-kube-api-access-f4tzd\") pod \"test-hivemq-platform-0\" (UID: \"c4cdc15d-066a-4188-ba4d-66b2a5648388\") " pod="updateloglevelit/test-hivemq-platform-0"
2025-01-29 14:00:07,226 INFO c.h.h.t.HelmChartContainer - [K3S] [reconciler_common.go:251] "operationExecutor.VerifyControllerAttachedVolume started for volume \"broker-configuration\" (UniqueName: \"kubernetes.io/configmap/c4cdc15d-066a-4188-ba4d-66b2a5648388-broker-configuration\") pod \"test-hivemq-platform-0\" (UID: \"c4cdc15d-066a-4188-ba4d-66b2a5648388\") " pod="updateloglevelit/test-hivemq-platform-0"
2025-01-29 14:00:07,226 INFO c.h.h.t.HelmChartContainer - [K3S] [reconciler_common.go:251] "operationExecutor.VerifyControllerAttachedVolume started for volume \"pod-info\" (UniqueName: \"kubernetes.io/configmap/c4cdc15d-066a-4188-ba4d-66b2a5648388-pod-info\") pod \"test-hivemq-platform-0\" (UID: \"c4cdc15d-066a-4188-ba4d-66b2a5648388\") " pod="updateloglevelit/test-hivemq-platform-0"
2025-01-29 14:00:07,226 INFO c.h.h.t.HelmChartContainer - [K3S] [reconciler_common.go:251] "operationExecutor.VerifyControllerAttachedVolume started for volume \"operator-init\" (UniqueName: \"kubernetes.io/empty-dir/c4cdc15d-066a-4188-ba4d-66b2a5648388-operator-init\") pod \"test-hivemq-platform-0\" (UID: \"c4cdc15d-066a-4188-ba4d-66b2a5648388\") " pod="updateloglevelit/test-hivemq-platform-0"
2025-01-29 14:00:07,230 INFO c.h.h.t.HelmChartContainer - [hivemq-test-hivemq-platform] [hivemq-platform-operator] [7099a904] 14:00:07.228 [ReconcilerExecutor-hivemq-controller-65] DEBUG c.h.p.o.h.HiveMQPlatformReconcilerErrorHandler - [updatelo] Pod 'test-hivemq-platform-0' phase Pending
2025-01-29 14:00:07,230 INFO c.h.h.t.HelmChartContainer - [hivemq-test-hivemq-platform] [hivemq-platform-operator] [7099a904] 14:00:07.229 [ReconcilerExecutor-hivemq-controller-65] DEBUG c.h.p.o.h.HiveMQPlatformReconcilerErrorHandler - [updatelo] Pod 'test-hivemq-platform-0' condition 'PodScheduled': True
2025-01-29 14:00:07,231 INFO c.h.h.t.HelmChartContainer - [hivemq-test-hivemq-platform] [hivemq-platform-operator] [7099a904] 14:00:07.231 [ReconcilerExecutor-hivemq-controller-65] INFO  c.h.p.o.h.HiveMQPlatformReconcilerBaseHandler - [updatelo] HiveMQ Platform is starting, 0 of 1 replicas are ready
2025-01-29 14:00:07,236 INFO c.h.h.t.HelmChartContainer - [hivemq-test-hivemq-platform] [hivemq-platform-operator] [7099a904] 14:00:07.235 [pool-6-thread-22] DEBUG c.h.p.o.d.PlatformServiceResource - [updatelo] Desired Platform services (3 services)
2025-01-29 14:00:07,239 INFO c.h.h.t.HelmChartContainer - [hivemq-test-hivemq-platform] [hivemq-platform-operator] [7099a904] 14:00:07.236 [pool-6-thread-23] DEBUG c.h.p.o.dependants.PodInfoConfigMap - [updatelo] Desired PodInfo ConfigMap (1 extensions) (1 enabled)
2025-01-29 14:00:07,239 INFO c.h.h.t.HelmChartContainer - [hivemq-test-hivemq-platform] [hivemq-platform-operator] [7099a904] 14:00:07.236 [pool-6-thread-23] DEBUG c.h.p.o.dependants.PodInfoConfigMap - [updatelo] Desired PodInfo ConfigMap (metrics port: 9399) (metrics path: /)
2025-01-29 14:00:07,239 INFO c.h.h.t.HelmChartContainer - [hivemq-test-hivemq-platform] [hivemq-platform-operator] [7099a904] 14:00:07.236 [pool-6-thread-23] DEBUG c.h.p.o.dependants.PodInfoConfigMap - [updatelo] Desired PodInfo ConfigMap (extension state hash: -1817474005)
2025-01-29 14:00:07,241 INFO c.h.h.t.HelmChartContainer - [hivemq-test-hivemq-platform] [hivemq-platform-operator] [7099a904] 14:00:07.240 [pool-6-thread-27] DEBUG c.h.p.o.d.PodServiceAccountResource - [updatelo] Desired PodServiceAccountResource (serviceAccountName: hivemq-platform-pod-test-hivemq-platform)
2025-01-29 14:00:07,336 INFO c.h.h.t.HelmChartContainer - [hivemq-test-hivemq-platform] [hivemq-platform-operator] [7099a904] 14:00:07.334 [pool-6-thread-30] DEBUG c.h.p.o.d.StatefulSetResource - [updatelo] Desired StatefulSet (1 replicas) for status STARTING (READY)
2025-01-29 14:00:07,343 INFO c.h.h.t.HelmChartContainer - [hivemq-test-hivemq-platform] [hivemq-platform-operator] [7099a904] 14:00:07.341 [ReconcilerExecutor-hivemq-controller-76] INFO  c.h.p.o.HiveMQPlatformReconciler - [updatelo] Reconciling HiveMQ Platform 'test-hivemq-platform' in namespace 'updateloglevelit'
2025-01-29 14:00:07,343 INFO c.h.h.t.HelmChartContainer - [hivemq-test-hivemq-platform] [hivemq-platform-operator] [7099a904] 14:00:07.341 [ReconcilerExecutor-hivemq-controller-76] DEBUG c.h.p.o.HiveMQPlatformReconciler - [updatelo] Custom Resource Status STARTING - HiveMQ Platform is starting (READY)
2025-01-29 14:00:07,343 INFO c.h.h.t.HelmChartContainer - [hivemq-test-hivemq-platform] [hivemq-platform-operator] [7099a904] 14:00:07.341 [ReconcilerExecutor-hivemq-controller-76] DEBUG c.h.p.o.HiveMQPlatformReconciler - [updatelo] Custom Resource Spec (replicas: 1) (extensions: 1)
2025-01-29 14:00:07,347 INFO c.h.h.t.HelmChartContainer - [hivemq-test-hivemq-platform] [hivemq-platform-operator] [7099a904] 14:00:07.346 [ReconcilerExecutor-hivemq-controller-76] DEBUG c.h.p.o.HiveMQPlatformReconciler - [updatelo] StatefulSet Status (revision: test-hivemq-platform-b697f795f, replicas: 1, available: 0, ready: 0, current: 1, updated: 1)
2025-01-29 14:00:07,347 INFO c.h.h.t.HelmChartContainer - [hivemq-test-hivemq-platform] [hivemq-platform-operator] [7099a904] 14:00:07.346 [ReconcilerExecutor-hivemq-controller-76] DEBUG c.h.p.o.HiveMQPlatformReconciler - [updatelo] StatefulSet Spec (replicas: 1, init containers: 1, containers: 1, volumes: 3)
2025-01-29 14:00:07,433 INFO c.h.h.t.HelmChartContainer - [hivemq-test-hivemq-platform] [hivemq-platform-operator] [7099a904] 14:00:07.430 [ReconcilerExecutor-hivemq-controller-76] DEBUG c.h.p.o.h.HiveMQPlatformReconcilerErrorHandler - [updatelo] Pod 'test-hivemq-platform-0' phase Pending
2025-01-29 14:00:07,434 INFO c.h.h.t.HelmChartContainer - [hivemq-test-hivemq-platform] [hivemq-platform-operator] [7099a904] 14:00:07.430 [ReconcilerExecutor-hivemq-controller-76] DEBUG c.h.p.o.h.HiveMQPlatformReconcilerErrorHandler - [updatelo] Pod 'test-hivemq-platform-0' condition 'PodReadyToStartContainers': False
2025-01-29 14:00:07,434 INFO c.h.h.t.HelmChartContainer - [hivemq-test-hivemq-platform] [hivemq-platform-operator] [7099a904] 14:00:07.430 [ReconcilerExecutor-hivemq-controller-76] DEBUG c.h.p.o.h.HiveMQPlatformReconcilerErrorHandler - [updatelo] Pod 'test-hivemq-platform-0' condition 'Initialized': False
2025-01-29 14:00:07,434 INFO c.h.h.t.HelmChartContainer - [hivemq-test-hivemq-platform] [hivemq-platform-operator] [7099a904] 14:00:07.430 [ReconcilerExecutor-hivemq-controller-76] DEBUG c.h.p.o.h.HiveMQPlatformReconcilerErrorHandler - [updatelo] Pod 'test-hivemq-platform-0' condition 'Ready': False
2025-01-29 14:00:07,435 INFO c.h.h.t.HelmChartContainer - [hivemq-test-hivemq-platform] [hivemq-platform-operator] [7099a904] 14:00:07.430 [ReconcilerExecutor-hivemq-controller-76] DEBUG c.h.p.o.h.HiveMQPlatformReconcilerErrorHandler - [updatelo] Pod 'test-hivemq-platform-0' condition 'ContainersReady': False
2025-01-29 14:00:07,435 INFO c.h.h.t.HelmChartContainer - [hivemq-test-hivemq-platform] [hivemq-platform-operator] [7099a904] 14:00:07.430 [ReconcilerExecutor-hivemq-controller-76] DEBUG c.h.p.o.h.HiveMQPlatformReconcilerErrorHandler - [updatelo] Pod 'test-hivemq-platform-0' condition 'PodScheduled': True
2025-01-29 14:00:07,435 INFO c.h.h.t.HelmChartContainer - [hivemq-test-hivemq-platform] [hivemq-platform-operator] [7099a904] 14:00:07.430 [ReconcilerExecutor-hivemq-controller-76] DEBUG c.h.p.o.h.HiveMQPlatformReconcilerErrorHandler - [updatelo] Pod 'test-hivemq-platform-0' containerStatus 'hivemq' (started: false) (ready: false) (waiting: [PodInitializing] null)
2025-01-29 14:00:07,436 INFO c.h.h.t.HelmChartContainer - [hivemq-test-hivemq-platform] [hivemq-platform-operator] [7099a904] 14:00:07.435 [ReconcilerExecutor-hivemq-controller-76] INFO  c.h.p.o.h.HiveMQPlatformReconcilerBaseHandler - [updatelo] HiveMQ Platform is starting, 0 of 1 replicas are ready
2025-01-29 14:00:07,457 INFO c.h.h.t.HelmChartContainer - [EVENT] Normal [Pulled] Container image "docker.io/hivemq/hivemq-platform-operator-init-test:snapshot" already present on machine [updateloglevelit:test-hivemq-platform-0]
2025-01-29 14:00:07,567 INFO c.h.h.t.HelmChartContainer - [EVENT] Normal [Created] Created container: hivemq-platform-operator-init [updateloglevelit:test-hivemq-platform-0]
2025-01-29 14:00:07,608 INFO c.h.h.t.HelmChartContainer - [EVENT] Normal [Started] Started container hivemq-platform-operator-init [updateloglevelit:test-hivemq-platform-0]
2025-01-29 14:00:07,658 INFO c.h.h.t.HelmChartContainer - [POD] test-hivemq-platform-0 [c4cdc15d-066a-4188-ba4d-66b2a5648388] in updateloglevelit was MODIFIED
2025-01-29 14:00:07,677 INFO c.h.h.t.HelmChartContainer - [hivemq-test-hivemq-platform] [hivemq-platform-operator] [7099a904] 14:00:07.670 [pool-6-thread-32] DEBUG c.h.p.o.d.PlatformServiceResource - [updatelo] Desired Platform services (3 services)
2025-01-29 14:00:07,678 INFO c.h.h.t.HelmChartContainer - [hivemq-test-hivemq-platform] [hivemq-platform-operator] [7099a904] 14:00:07.674 [pool-6-thread-33] DEBUG c.h.p.o.dependants.PodInfoConfigMap - [updatelo] Desired PodInfo ConfigMap (1 extensions) (1 enabled)
2025-01-29 14:00:07,678 INFO c.h.h.t.HelmChartContainer - [hivemq-test-hivemq-platform] [hivemq-platform-operator] [7099a904] 14:00:07.674 [pool-6-thread-33] DEBUG c.h.p.o.dependants.PodInfoConfigMap - [updatelo] Desired PodInfo ConfigMap (metrics port: 9399) (metrics path: /)
2025-01-29 14:00:07,678 INFO c.h.h.t.HelmChartContainer - [hivemq-test-hivemq-platform] [hivemq-platform-operator] [7099a904] 14:00:07.674 [pool-6-thread-33] DEBUG c.h.p.o.dependants.PodInfoConfigMap - [updatelo] Desired PodInfo ConfigMap (extension state hash: -1817474005)
2025-01-29 14:00:07,681 INFO c.h.h.t.HelmChartContainer - [hivemq-test-hivemq-platform] [hivemq-platform-operator] [7099a904] 14:00:07.677 [pool-6-thread-37] DEBUG c.h.p.o.d.PodServiceAccountResource - [updatelo] Desired PodServiceAccountResource (serviceAccountName: hivemq-platform-pod-test-hivemq-platform)
2025-01-29 14:00:07,688 INFO c.h.h.t.HelmChartContainer - [hivemq-test-hivemq-platform] [hivemq-platform-operator] [7099a904] 14:00:07.688 [pool-6-thread-40] DEBUG c.h.p.o.d.StatefulSetResource - [updatelo] Desired StatefulSet (1 replicas) for status STARTING (READY)
2025-01-29 14:00:07,711 INFO c.h.h.t.HelmChartContainer - [hivemq-test-hivemq-platform] [hivemq-platform-operator] [7099a904] 14:00:07.693 [ReconcilerExecutor-hivemq-controller-87] INFO  c.h.p.o.HiveMQPlatformReconciler - [updatelo] Reconciling HiveMQ Platform 'test-hivemq-platform' in namespace 'updateloglevelit'
2025-01-29 14:00:07,711 INFO c.h.h.t.HelmChartContainer - [hivemq-test-hivemq-platform] [hivemq-platform-operator] [7099a904] 14:00:07.693 [ReconcilerExecutor-hivemq-controller-87] DEBUG c.h.p.o.HiveMQPlatformReconciler - [updatelo] Custom Resource Status STARTING - HiveMQ Platform is starting (READY)
2025-01-29 14:00:07,711 INFO c.h.h.t.HelmChartContainer - [hivemq-test-hivemq-platform] [hivemq-platform-operator] [7099a904] 14:00:07.693 [ReconcilerExecutor-hivemq-controller-87] DEBUG c.h.p.o.HiveMQPlatformReconciler - [updatelo] Custom Resource Spec (replicas: 1) (extensions: 1)
2025-01-29 14:00:07,711 INFO c.h.h.t.HelmChartContainer - [hivemq-test-hivemq-platform] [hivemq-platform-operator] [7099a904] 14:00:07.695 [ReconcilerExecutor-hivemq-controller-87] DEBUG c.h.p.o.HiveMQPlatformReconciler - [updatelo] StatefulSet Status (revision: test-hivemq-platform-b697f795f, replicas: 1, available: 0, ready: 0, current: 1, updated: 1)
2025-01-29 14:00:07,711 INFO c.h.h.t.HelmChartContainer - [hivemq-test-hivemq-platform] [hivemq-platform-operator] [7099a904] 14:00:07.695 [ReconcilerExecutor-hivemq-controller-87] DEBUG c.h.p.o.HiveMQPlatformReconciler - [updatelo] StatefulSet Spec (replicas: 1, init containers: 1, containers: 1, volumes: 3)
2025-01-29 14:00:07,732 INFO c.h.h.t.HelmChartContainer - [hivemq-test-hivemq-platform] [hivemq-platform-operator] [7099a904] 14:00:07.728 [ReconcilerExecutor-hivemq-controller-87] DEBUG c.h.p.o.h.HiveMQPlatformReconcilerErrorHandler - [updatelo] Pod 'test-hivemq-platform-0' phase Pending
2025-01-29 14:00:07,732 INFO c.h.h.t.HelmChartContainer - [hivemq-test-hivemq-platform] [hivemq-platform-operator] [7099a904] 14:00:07.730 [ReconcilerExecutor-hivemq-controller-87] DEBUG c.h.p.o.h.HiveMQPlatformReconcilerErrorHandler - [updatelo] Pod 'test-hivemq-platform-0' condition 'PodReadyToStartContainers': True
2025-01-29 14:00:07,732 INFO c.h.h.t.HelmChartContainer - [hivemq-test-hivemq-platform] [hivemq-platform-operator] [7099a904] 14:00:07.730 [ReconcilerExecutor-hivemq-controller-87] DEBUG c.h.p.o.h.HiveMQPlatformReconcilerErrorHandler - [updatelo] Pod 'test-hivemq-platform-0' condition 'Initialized': False
2025-01-29 14:00:07,732 INFO c.h.h.t.HelmChartContainer - [hivemq-test-hivemq-platform] [hivemq-platform-operator] [7099a904] 14:00:07.730 [ReconcilerExecutor-hivemq-controller-87] DEBUG c.h.p.o.h.HiveMQPlatformReconcilerErrorHandler - [updatelo] Pod 'test-hivemq-platform-0' condition 'Ready': False
2025-01-29 14:00:07,732 INFO c.h.h.t.HelmChartContainer - [hivemq-test-hivemq-platform] [hivemq-platform-operator] [7099a904] 14:00:07.730 [ReconcilerExecutor-hivemq-controller-87] DEBUG c.h.p.o.h.HiveMQPlatformReconcilerErrorHandler - [updatelo] Pod 'test-hivemq-platform-0' condition 'ContainersReady': False
2025-01-29 14:00:07,732 INFO c.h.h.t.HelmChartContainer - [hivemq-test-hivemq-platform] [hivemq-platform-operator] [7099a904] 14:00:07.730 [ReconcilerExecutor-hivemq-controller-87] DEBUG c.h.p.o.h.HiveMQPlatformReconcilerErrorHandler - [updatelo] Pod 'test-hivemq-platform-0' condition 'PodScheduled': True
2025-01-29 14:00:07,732 INFO c.h.h.t.HelmChartContainer - [hivemq-test-hivemq-platform] [hivemq-platform-operator] [7099a904] 14:00:07.730 [ReconcilerExecutor-hivemq-controller-87] DEBUG c.h.p.o.h.HiveMQPlatformReconcilerErrorHandler - [updatelo] Pod 'test-hivemq-platform-0' containerStatus 'hivemq' (started: false) (ready: false) (waiting: [PodInitializing] null)
2025-01-29 14:00:07,732 INFO c.h.h.t.HelmChartContainer - [hivemq-test-hivemq-platform] [hivemq-platform-operator] [7099a904] 14:00:07.731 [ReconcilerExecutor-hivemq-controller-87] INFO  c.h.p.o.h.HiveMQPlatformReconcilerBaseHandler - [updatelo] HiveMQ Platform is starting, 0 of 1 replicas are ready
2025-01-29 14:00:08,652 INFO c.h.h.t.HelmChartContainer - [EVENT] Normal [Pulled] Container image "docker.io/hivemq/hivemq4:4.36.0" already present on machine [updateloglevelit:test-hivemq-platform-0]
2025-01-29 14:00:08,652 INFO c.h.h.t.HelmChartContainer - Received Pulled event for container hivemq in pod test-hivemq-platform-0 [c4cdc15d-066a-4188-ba4d-66b2a5648388]
2025-01-29 14:00:08,660 INFO c.h.h.t.HelmChartContainer - [POD] test-hivemq-platform-0 [c4cdc15d-066a-4188-ba4d-66b2a5648388] in updateloglevelit was MODIFIED
2025-01-29 14:00:08,673 INFO c.h.h.t.HelmChartContainer - [hivemq-test-hivemq-platform] [hivemq-platform-operator] [7099a904] 14:00:08.671 [pool-6-thread-42] DEBUG c.h.p.o.d.PlatformServiceResource - [updatelo] Desired Platform services (3 services)
2025-01-29 14:00:08,676 INFO c.h.h.t.HelmChartContainer - [hivemq-test-hivemq-platform] [hivemq-platform-operator] [7099a904] 14:00:08.675 [pool-6-thread-43] DEBUG c.h.p.o.dependants.PodInfoConfigMap - [updatelo] Desired PodInfo ConfigMap (1 extensions) (1 enabled)
2025-01-29 14:00:08,678 INFO c.h.h.t.HelmChartContainer - [hivemq-test-hivemq-platform] [hivemq-platform-operator] [7099a904] 14:00:08.678 [pool-6-thread-47] DEBUG c.h.p.o.d.PodServiceAccountResource - [updatelo] Desired PodServiceAccountResource (serviceAccountName: hivemq-platform-pod-test-hivemq-platform)
2025-01-29 14:00:08,679 INFO c.h.h.t.HelmChartContainer - [hivemq-test-hivemq-platform] [hivemq-platform-operator] [7099a904] 14:00:08.675 [pool-6-thread-43] DEBUG c.h.p.o.dependants.PodInfoConfigMap - [updatelo] Desired PodInfo ConfigMap (metrics port: 9399) (metrics path: /)
2025-01-29 14:00:08,680 INFO c.h.h.t.HelmChartContainer - [hivemq-test-hivemq-platform] [hivemq-platform-operator] [7099a904] 14:00:08.679 [pool-6-thread-43] DEBUG c.h.p.o.dependants.PodInfoConfigMap - [updatelo] Desired PodInfo ConfigMap (extension state hash: -1817474005)
2025-01-29 14:00:08,733 INFO c.h.h.t.HelmChartContainer - [hivemq-test-hivemq-platform] [hivemq-platform-operator] [7099a904] 14:00:08.730 [pool-6-thread-49] DEBUG c.h.p.o.d.StatefulSetResource - [updatelo] Desired StatefulSet (1 replicas) for status STARTING (READY)
2025-01-29 14:00:08,736 INFO c.h.h.t.HelmChartContainer - [hivemq-test-hivemq-platform] [hivemq-platform-operator] [7099a904] 14:00:08.735 [ReconcilerExecutor-hivemq-controller-98] INFO  c.h.p.o.HiveMQPlatformReconciler - [updatelo] Reconciling HiveMQ Platform 'test-hivemq-platform' in namespace 'updateloglevelit'
2025-01-29 14:00:08,737 INFO c.h.h.t.HelmChartContainer - [hivemq-test-hivemq-platform] [hivemq-platform-operator] [7099a904] 14:00:08.736 [ReconcilerExecutor-hivemq-controller-98] DEBUG c.h.p.o.HiveMQPlatformReconciler - [updatelo] Custom Resource Status STARTING - HiveMQ Platform is starting (READY)
2025-01-29 14:00:08,738 INFO c.h.h.t.HelmChartContainer - [hivemq-test-hivemq-platform] [hivemq-platform-operator] [7099a904] 14:00:08.736 [ReconcilerExecutor-hivemq-controller-98] DEBUG c.h.p.o.HiveMQPlatformReconciler - [updatelo] Custom Resource Spec (replicas: 1) (extensions: 1)
2025-01-29 14:00:08,742 INFO c.h.h.t.HelmChartContainer - [hivemq-test-hivemq-platform] [hivemq-platform-operator] [7099a904] 14:00:08.741 [ReconcilerExecutor-hivemq-controller-98] DEBUG c.h.p.o.HiveMQPlatformReconciler - [updatelo] StatefulSet Status (revision: test-hivemq-platform-b697f795f, replicas: 1, available: 0, ready: 0, current: 1, updated: 1)
2025-01-29 14:00:08,742 INFO c.h.h.t.HelmChartContainer - [hivemq-test-hivemq-platform] [hivemq-platform-operator] [7099a904] 14:00:08.741 [ReconcilerExecutor-hivemq-controller-98] DEBUG c.h.p.o.HiveMQPlatformReconciler - [updatelo] StatefulSet Spec (replicas: 1, init containers: 1, containers: 1, volumes: 3)
2025-01-29 14:00:08,746 INFO c.h.h.t.HelmChartContainer - [hivemq-test-hivemq-platform] [hivemq-platform-operator] [7099a904] 14:00:08.745 [ReconcilerExecutor-hivemq-controller-98] DEBUG c.h.p.o.h.HiveMQPlatformReconcilerErrorHandler - [updatelo] Pod 'test-hivemq-platform-0' phase Pending
2025-01-29 14:00:08,749 INFO c.h.h.t.HelmChartContainer - [hivemq-test-hivemq-platform] [hivemq-platform-operator] [7099a904] 14:00:08.746 [ReconcilerExecutor-hivemq-controller-98] DEBUG c.h.p.o.h.HiveMQPlatformReconcilerErrorHandler - [updatelo] Pod 'test-hivemq-platform-0' condition 'PodReadyToStartContainers': True
2025-01-29 14:00:08,749 INFO c.h.h.t.HelmChartContainer - [hivemq-test-hivemq-platform] [hivemq-platform-operator] [7099a904] 14:00:08.746 [ReconcilerExecutor-hivemq-controller-98] DEBUG c.h.p.o.h.HiveMQPlatformReconcilerErrorHandler - [updatelo] Pod 'test-hivemq-platform-0' condition 'Initialized': True
2025-01-29 14:00:08,749 INFO c.h.h.t.HelmChartContainer - [hivemq-test-hivemq-platform] [hivemq-platform-operator] [7099a904] 14:00:08.746 [ReconcilerExecutor-hivemq-controller-98] DEBUG c.h.p.o.h.HiveMQPlatformReconcilerErrorHandler - [updatelo] Pod 'test-hivemq-platform-0' condition 'Ready': False
2025-01-29 14:00:08,749 INFO c.h.h.t.HelmChartContainer - [hivemq-test-hivemq-platform] [hivemq-platform-operator] [7099a904] 14:00:08.746 [ReconcilerExecutor-hivemq-controller-98] DEBUG c.h.p.o.h.HiveMQPlatformReconcilerErrorHandler - [updatelo] Pod 'test-hivemq-platform-0' condition 'ContainersReady': False
2025-01-29 14:00:08,749 INFO c.h.h.t.HelmChartContainer - [hivemq-test-hivemq-platform] [hivemq-platform-operator] [7099a904] 14:00:08.746 [ReconcilerExecutor-hivemq-controller-98] DEBUG c.h.p.o.h.HiveMQPlatformReconcilerErrorHandler - [updatelo] Pod 'test-hivemq-platform-0' condition 'PodScheduled': True
2025-01-29 14:00:08,749 INFO c.h.h.t.HelmChartContainer - [hivemq-test-hivemq-platform] [hivemq-platform-operator] [7099a904] 14:00:08.746 [ReconcilerExecutor-hivemq-controller-98] DEBUG c.h.p.o.h.HiveMQPlatformReconcilerErrorHandler - [updatelo] Pod 'test-hivemq-platform-0' containerStatus 'hivemq' (started: false) (ready: false) (waiting: [PodInitializing] null)
2025-01-29 14:00:08,749 INFO c.h.h.t.HelmChartContainer - [hivemq-test-hivemq-platform] [hivemq-platform-operator] [7099a904] 14:00:08.747 [ReconcilerExecutor-hivemq-controller-98] INFO  c.h.p.o.h.HiveMQPlatformReconcilerBaseHandler - [updatelo] HiveMQ Platform is starting, 0 of 1 replicas are ready
2025-01-29 14:00:09,992 INFO c.h.h.t.HelmChartContainer - [EVENT] Normal [Created] Created container: hivemq [updateloglevelit:test-hivemq-platform-0]
2025-01-29 14:00:09,992 INFO c.h.h.t.HelmChartContainer - Received Created event for container hivemq in pod test-hivemq-platform-0 [c4cdc15d-066a-4188-ba4d-66b2a5648388]
2025-01-29 14:00:10,664 INFO c.h.h.t.HelmChartContainer - [POD] test-hivemq-platform-0 [c4cdc15d-066a-4188-ba4d-66b2a5648388] in updateloglevelit was MODIFIED
2025-01-29 14:00:10,682 INFO c.h.h.t.HelmChartContainer - Started log watcher for hivemq in pod test-hivemq-platform-0 [c4cdc15d-066a-4188-ba4d-66b2a5648388]
2025-01-29 14:00:10,682 INFO c.h.h.t.HelmChartContainer - [test-hivemq-platform] [hivemq] [c4cdc15d] Adding pre-installed HiveMQ Platform Operator extensions
2025-01-29 14:00:10,682 INFO c.h.h.t.HelmChartContainer - [EVENT] Normal [Started] Started container hivemq [updateloglevelit:test-hivemq-platform-0]
2025-01-29 14:00:10,683 INFO c.h.h.t.HelmChartContainer - Received Started event for container hivemq in pod test-hivemq-platform-0 [c4cdc15d-066a-4188-ba4d-66b2a5648388]
2025-01-29 14:00:10,683 INFO c.h.h.t.HelmChartContainer - [test-hivemq-platform] [hivemq] [c4cdc15d] Running as user 10000
2025-01-29 14:00:10,683 INFO c.h.h.t.HelmChartContainer - [test-hivemq-platform] [hivemq] [c4cdc15d] Starting HiveMQ Platform Operator Init
2025-01-29 14:00:10,688 INFO c.h.h.t.HelmChartContainer - [hivemq-test-hivemq-platform] [hivemq-platform-operator] [7099a904] 14:00:10.686 [pool-6-thread-6] DEBUG c.h.p.o.d.PlatformServiceResource - [updatelo] Desired Platform services (3 services)
2025-01-29 14:00:10,689 INFO c.h.h.t.HelmChartContainer - [hivemq-test-hivemq-platform] [hivemq-platform-operator] [7099a904] 14:00:10.687 [pool-6-thread-3] DEBUG c.h.p.o.dependants.PodInfoConfigMap - [updatelo] Desired PodInfo ConfigMap (1 extensions) (1 enabled)
2025-01-29 14:00:10,694 INFO c.h.h.t.HelmChartContainer - [hivemq-test-hivemq-platform] [hivemq-platform-operator] [7099a904] 14:00:10.691 [pool-6-thread-3] DEBUG c.h.p.o.dependants.PodInfoConfigMap - [updatelo] Desired PodInfo ConfigMap (metrics port: 9399) (metrics path: /)
2025-01-29 14:00:10,695 INFO c.h.h.t.HelmChartContainer - [hivemq-test-hivemq-platform] [hivemq-platform-operator] [7099a904] 14:00:10.691 [pool-6-thread-3] DEBUG c.h.p.o.dependants.PodInfoConfigMap - [updatelo] Desired PodInfo ConfigMap (extension state hash: -1817474005)
2025-01-29 14:00:10,695 INFO c.h.h.t.HelmChartContainer - [hivemq-test-hivemq-platform] [hivemq-platform-operator] [7099a904] 14:00:10.690 [pool-6-thread-4] DEBUG c.h.p.o.d.PodServiceAccountResource - [updatelo] Desired PodServiceAccountResource (serviceAccountName: hivemq-platform-pod-test-hivemq-platform)
2025-01-29 14:00:10,730 INFO c.h.h.t.HelmChartContainer - [hivemq-test-hivemq-platform] [hivemq-platform-operator] [7099a904] 14:00:10.729 [pool-6-thread-6] DEBUG c.h.p.o.d.StatefulSetResource - [updatelo] Desired StatefulSet (1 replicas) for status STARTING (READY)
2025-01-29 14:00:10,736 INFO c.h.h.t.HelmChartContainer - [hivemq-test-hivemq-platform] [hivemq-platform-operator] [7099a904] 14:00:10.734 [ReconcilerExecutor-hivemq-controller-109] INFO  c.h.p.o.HiveMQPlatformReconciler - [updatelo] Reconciling HiveMQ Platform 'test-hivemq-platform' in namespace 'updateloglevelit'
2025-01-29 14:00:10,737 INFO c.h.h.t.HelmChartContainer - [hivemq-test-hivemq-platform] [hivemq-platform-operator] [7099a904] 14:00:10.734 [ReconcilerExecutor-hivemq-controller-109] DEBUG c.h.p.o.HiveMQPlatformReconciler - [updatelo] Custom Resource Status STARTING - HiveMQ Platform is starting (READY)
2025-01-29 14:00:10,738 INFO c.h.h.t.HelmChartContainer - [hivemq-test-hivemq-platform] [hivemq-platform-operator] [7099a904] 14:00:10.734 [ReconcilerExecutor-hivemq-controller-109] DEBUG c.h.p.o.HiveMQPlatformReconciler - [updatelo] Custom Resource Spec (replicas: 1) (extensions: 1)
2025-01-29 14:00:10,739 INFO c.h.h.t.HelmChartContainer - [hivemq-test-hivemq-platform] [hivemq-platform-operator] [7099a904] 14:00:10.737 [ReconcilerExecutor-hivemq-controller-109] DEBUG c.h.p.o.HiveMQPlatformReconciler - [updatelo] StatefulSet Status (revision: test-hivemq-platform-b697f795f, replicas: 1, available: 0, ready: 0, current: 1, updated: 1)
2025-01-29 14:00:10,740 INFO c.h.h.t.HelmChartContainer - [hivemq-test-hivemq-platform] [hivemq-platform-operator] [7099a904] 14:00:10.737 [ReconcilerExecutor-hivemq-controller-109] DEBUG c.h.p.o.HiveMQPlatformReconciler - [updatelo] StatefulSet Spec (replicas: 1, init containers: 1, containers: 1, volumes: 3)
2025-01-29 14:00:10,740 INFO c.h.h.t.HelmChartContainer - [hivemq-test-hivemq-platform] [hivemq-platform-operator] [7099a904] 14:00:10.739 [ReconcilerExecutor-hivemq-controller-109] DEBUG c.h.p.o.h.HiveMQPlatformReconcilerErrorHandler - [updatelo] Pod 'test-hivemq-platform-0' phase Running
2025-01-29 14:00:10,741 INFO c.h.h.t.HelmChartContainer - [hivemq-test-hivemq-platform] [hivemq-platform-operator] [7099a904] 14:00:10.740 [ReconcilerExecutor-hivemq-controller-109] INFO  c.h.p.o.h.HiveMQPlatformReconcilerBaseHandler - [updatelo] HiveMQ Platform is starting, 0 of 1 replicas are ready
2025-01-29 14:00:11,264 INFO c.h.h.t.HelmChartContainer - [test-hivemq-platform] [hivemq] [c4cdc15d] INFO  - [HiveMQ Platform Operator Init 1.7.0-SNAPSHOT] HiveMQ Platform Operator Init 1.7.0-SNAPSHOT (commit: bebf408 on branch: HEAD) built on Sun Jan 26 20:47:47 UTC 2025
2025-01-29 14:00:12,291 INFO c.h.h.t.HelmChartContainer - [test-hivemq-platform] [hivemq] [c4cdc15d] INFO  - [HiveMQ Platform Operator Init App 1.7.0-SNAPSHOT] Using bind address 10.42.0.11 from environment variable
2025-01-29 14:00:13,266 INFO c.h.h.t.HelmChartContainer - [test-hivemq-platform] [hivemq] [c4cdc15d] INFO  - [HiveMQ Platform Operator Init App 1.7.0-SNAPSHOT] HiveMQ Platform Operator Init App 1.7.0-SNAPSHOT (commit: bebf408 on branch: HEAD) built on Sun Jan 26 20:47:47 UTC 2025
2025-01-29 14:00:13,267 INFO c.h.h.t.HelmChartContainer - [test-hivemq-platform] [hivemq] [c4cdc15d] INFO  - [HiveMQ Platform Operator Init App 1.7.0-SNAPSHOT] PodInfo ConfigMap directory: /etc/podinfo
2025-01-29 14:00:13,268 INFO c.h.h.t.HelmChartContainer - [test-hivemq-platform] [hivemq] [c4cdc15d] INFO  - [HiveMQ Platform Operator Init App 1.7.0-SNAPSHOT] HiveMQ home directory: /opt/hivemq
2025-01-29 14:00:13,268 INFO c.h.h.t.HelmChartContainer - [test-hivemq-platform] [hivemq] [c4cdc15d] INFO  - [HiveMQ Platform Operator Init App 1.7.0-SNAPSHOT] HiveMQ Logback folder: /opt/hivemq/conf
2025-01-29 14:00:13,268 INFO c.h.h.t.HelmChartContainer - [test-hivemq-platform] [hivemq] [c4cdc15d] INFO  - [HiveMQ Platform Operator Init App 1.7.0-SNAPSHOT] HiveMQ Config folder: /opt/hivemq/conf-k8s
2025-01-29 14:00:13,268 INFO c.h.h.t.HelmChartContainer - [test-hivemq-platform] [hivemq] [c4cdc15d] INFO  - [HiveMQ Platform Operator Init App 1.7.0-SNAPSHOT] Starting HiveMQ Platform Operator Init App
2025-01-29 14:00:13,268 INFO c.h.h.t.HelmChartContainer - [test-hivemq-platform] [hivemq] [c4cdc15d] INFO  - [HiveMQ Platform Operator Init App 1.7.0-SNAPSHOT] Starting Pod reconciler
2025-01-29 14:00:14,547 INFO c.h.h.t.HelmChartContainer - [test-hivemq-platform] [hivemq] [c4cdc15d] INFO  - [HiveMQ Platform Operator Init App 1.7.0-SNAPSHOT] Pod reconciler is scheduled (interval: 5000 ms)
2025-01-29 14:00:14,548 INFO c.h.h.t.HelmChartContainer - [test-hivemq-platform] [hivemq] [c4cdc15d] INFO  - [HiveMQ Platform Operator Init App 1.7.0-SNAPSHOT] Starting the REST API on 10.42.0.11:7979
2025-01-29 14:00:14,550 INFO c.h.h.t.HelmChartContainer - [test-hivemq-platform] [hivemq] [c4cdc15d] INFO  - [HiveMQ Platform Operator Init App 1.7.0-SNAPSHOT] Waiting up to 600s for at most 1 HiveMQ nodes in cluster service hivemq-test-hivemq-platform-cluster.updateloglevelit.svc
2025-01-29 14:00:14,876 INFO c.h.h.t.HelmChartContainer - [test-hivemq-platform] [hivemq] [c4cdc15d] INFO  - [HiveMQ Platform Operator Init App 1.7.0-SNAPSHOT] Resolved 1 IP addresses: [10.42.0.11]
2025-01-29 14:00:14,876 INFO c.h.h.t.HelmChartContainer - [test-hivemq-platform] [hivemq] [c4cdc15d] INFO  - [HiveMQ Platform Operator Init App 1.7.0-SNAPSHOT] HiveMQ node count of 1 is within threshold of 1
2025-01-29 14:00:14,876 INFO c.h.h.t.HelmChartContainer - [test-hivemq-platform] [hivemq] [c4cdc15d] INFO  - [HiveMQ Platform Operator Init App 1.7.0-SNAPSHOT] Proceeding with container start
2025-01-29 14:00:14,970 INFO c.h.h.t.HelmChartContainer - [test-hivemq-platform] [hivemq] [c4cdc15d] INFO  - [HiveMQ Platform Operator Init App 1.7.0-SNAPSHOT] Initializing HiveMQ Platform extensions with initial configuration: {hivemq-allow-all-extension={start-priority=-1, skip-https-hostname-verification=false, restart=true, config-version=0, header-version=0, c-uri=, priority=-1, uri=preinstalled, skip-https-certificate-validation=false, enabled=true}, hivemq-prometheus-extension={restart=true, enabled=true, request-header-path=no-request-headers, uri=preinstalled, skip-https-certificate-validation=false, skip-https-hostname-verification=false, c-uri=, start-priority=-1, priority=-1}}
2025-01-29 14:00:15,462 INFO c.h.h.t.HelmChartContainer - [test-hivemq-platform] [hivemq] [c4cdc15d] INFO  - [HiveMQ Platform Operator Init App 1.7.0-SNAPSHOT] Extension hivemq-allow-all-extension was already enabled
2025-01-29 14:00:15,473 INFO c.h.h.t.HelmChartContainer - [test-hivemq-platform] [hivemq] [c4cdc15d] INFO  - [HiveMQ Platform Operator Init App 1.7.0-SNAPSHOT] Successfully enabled extension hivemq-prometheus-extension
2025-01-29 14:00:15,544 INFO c.h.h.t.HelmChartContainer - [test-hivemq-platform] [hivemq] [c4cdc15d] INFO  - [HiveMQ Platform Operator Init App 1.7.0-SNAPSHOT] Starting HiveMQ Platform version 4.36.0 (4.36.0)
2025-01-29 14:00:15,544 INFO c.h.h.t.HelmChartContainer - [test-hivemq-platform] [hivemq] [c4cdc15d] INFO  - [HiveMQ Platform Operator Init App 1.7.0-SNAPSHOT] Configuring the HiveMQ Platform
2025-01-29 14:00:15,564 INFO c.h.h.t.HelmChartContainer - [test-hivemq-platform] [hivemq] [c4cdc15d] INFO  - [HiveMQ Platform Operator Init App 1.7.0-SNAPSHOT] Changed logback.xml file scan period to 20 seconds
2025-01-29 14:00:15,648 INFO c.h.h.t.HelmChartContainer - [test-hivemq-platform] [hivemq] [c4cdc15d] INFO  - [HiveMQ Platform Operator Init App 1.7.0-SNAPSHOT] Starting the HiveMQ Platform
2025-01-29 14:00:15,664 INFO c.h.h.t.HelmChartContainer - [test-hivemq-platform] [hivemq] [c4cdc15d] -------------------------------------------------------------------------
2025-01-29 14:00:15,664 INFO c.h.h.t.HelmChartContainer - [test-hivemq-platform] [hivemq] [c4cdc15d] 
2025-01-29 14:00:15,664 INFO c.h.h.t.HelmChartContainer - [test-hivemq-platform] [hivemq] [c4cdc15d]                   _    _  _              __  __   ____
2025-01-29 14:00:15,664 INFO c.h.h.t.HelmChartContainer - [test-hivemq-platform] [hivemq] [c4cdc15d]                  | |  | |(_)            |  \/  | / __ \
2025-01-29 14:00:15,664 INFO c.h.h.t.HelmChartContainer - [test-hivemq-platform] [hivemq] [c4cdc15d]                  | |__| | _ __   __ ___ | \  / || |  | |
2025-01-29 14:00:15,664 INFO c.h.h.t.HelmChartContainer - [test-hivemq-platform] [hivemq] [c4cdc15d]                  |  __  || |\ \ / // _ \| |\/| || |  | |
2025-01-29 14:00:15,664 INFO c.h.h.t.HelmChartContainer - [test-hivemq-platform] [hivemq] [c4cdc15d]                  | |  | || | \ V /|  __/| |  | || |__| |
2025-01-29 14:00:15,664 INFO c.h.h.t.HelmChartContainer - [test-hivemq-platform] [hivemq] [c4cdc15d]                  |_|  |_||_|  \_/  \___||_|  |_| \___\_\
2025-01-29 14:00:15,664 INFO c.h.h.t.HelmChartContainer - [test-hivemq-platform] [hivemq] [c4cdc15d] 
2025-01-29 14:00:15,664 INFO c.h.h.t.HelmChartContainer - [test-hivemq-platform] [hivemq] [c4cdc15d] -------------------------------------------------------------------------
2025-01-29 14:00:15,664 INFO c.h.h.t.HelmChartContainer - [test-hivemq-platform] [hivemq] [c4cdc15d] 
2025-01-29 14:00:15,664 INFO c.h.h.t.HelmChartContainer - [test-hivemq-platform] [hivemq] [c4cdc15d]   HiveMQ Start Script for Linux/Unix v1.14
2025-01-29 14:00:15,664 INFO c.h.h.t.HelmChartContainer - [test-hivemq-platform] [hivemq] [c4cdc15d] 
2025-01-29 14:00:15,751 INFO c.h.h.t.HelmChartContainer - [test-hivemq-platform] [hivemq] [c4cdc15d] -------------------------------------------------------------------------
2025-01-29 14:00:15,751 INFO c.h.h.t.HelmChartContainer - [test-hivemq-platform] [hivemq] [c4cdc15d] 
2025-01-29 14:00:15,751 INFO c.h.h.t.HelmChartContainer - [test-hivemq-platform] [hivemq] [c4cdc15d]   HIVEMQ_HOME: /opt/hivemq
2025-01-29 14:00:15,751 INFO c.h.h.t.HelmChartContainer - [test-hivemq-platform] [hivemq] [c4cdc15d] 
2025-01-29 14:00:15,751 INFO c.h.h.t.HelmChartContainer - [test-hivemq-platform] [hivemq] [c4cdc15d]   JAVA_OPTS: -XX:+UnlockExperimentalVMOptions -XX:InitialRAMPercentage=50 -XX:MaxRAMPercentage=50 -Djava.net.preferIPv4Stack=true --add-opens java.base/java.lang=ALL-UNNAMED --add-opens java.base/java.nio=ALL-UNNAMED --add-opens java.base/sun.nio.ch=ALL-UNNAMED --add-opens jdk.management/com.sun.management.internal=ALL-UNNAMED --add-exports java.base/jdk.internal.misc=ALL-UNNAMED -Djava.security.egd=file:/dev/./urandom -Dcom.sun.management.jmxremote -Dcom.sun.management.jmxremote.port=9010 -Dcom.sun.management.jmxremote.local.only=false -Dcom.sun.management.jmxremote.authenticate=false -Dcom.sun.management.jmxremote.ssl=false -Duser.language=en -Duser.region=US -XX:+CrashOnOutOfMemoryError -XX:+HeapDumpOnOutOfMemoryError
2025-01-29 14:00:15,751 INFO c.h.h.t.HelmChartContainer - [test-hivemq-platform] [hivemq] [c4cdc15d] 
2025-01-29 14:00:15,751 INFO c.h.h.t.HelmChartContainer - [test-hivemq-platform] [hivemq] [c4cdc15d]   JAVA_VERSION: 21
2025-01-29 14:00:15,751 INFO c.h.h.t.HelmChartContainer - [test-hivemq-platform] [hivemq] [c4cdc15d] 
2025-01-29 14:00:15,751 INFO c.h.h.t.HelmChartContainer - [test-hivemq-platform] [hivemq] [c4cdc15d] -------------------------------------------------------------------------
2025-01-29 14:00:15,751 INFO c.h.h.t.HelmChartContainer - [test-hivemq-platform] [hivemq] [c4cdc15d] 
2025-01-29 14:00:16,748 INFO c.h.h.t.HelmChartContainer - [test-hivemq-platform] [hivemq] [c4cdc15d] INFO  - [HiveMQ Platform Operator Init App 1.7.0-SNAPSHOT] Returning default Health API response 503 for readiness
2025-01-29 14:00:17,067 INFO c.h.h.t.HelmChartContainer - [EVENT] Warning [Unhealthy] Readiness probe failed: HTTP probe failed with statuscode: 503 [updateloglevelit:test-hivemq-platform-0]
2025-01-29 14:00:17,067 INFO c.h.h.t.HelmChartContainer - Received Unhealthy event for container hivemq in pod test-hivemq-platform-0 [c4cdc15d-066a-4188-ba4d-66b2a5648388]
2025-01-29 14:00:18,449 INFO c.h.h.t.HelmChartContainer - [test-hivemq-platform] [hivemq] [c4cdc15d] INFO  - Starting HiveMQ Enterprise Server
2025-01-29 14:00:18,463 INFO c.h.h.t.HelmChartContainer - [test-hivemq-platform] [hivemq] [c4cdc15d] INFO  - HiveMQ version: 4.36.0
2025-01-29 14:00:18,463 INFO c.h.h.t.HelmChartContainer - [test-hivemq-platform] [hivemq] [c4cdc15d] INFO  - HiveMQ home directory: /opt/hivemq
2025-01-29 14:00:18,463 INFO c.h.h.t.HelmChartContainer - [test-hivemq-platform] [hivemq] [c4cdc15d] INFO  - Log Configuration was overridden by /opt/hivemq/conf/logback.xml
2025-01-29 14:00:19,862 INFO c.h.h.t.HelmChartContainer - [test-hivemq-platform] [hivemq] [c4cdc15d] INFO  - Successfully loaded configuration from '/opt/hivemq/conf-k8s/config.xml'.
2025-01-29 14:00:20,755 INFO c.h.h.t.HelmChartContainer - [hivemq-test-hivemq-platform] [hivemq-platform-operator] [7099a904] 14:00:20.751 [pool-6-thread-14] DEBUG c.h.p.o.d.PlatformServiceResource - [updatelo] Desired Platform services (3 services)
2025-01-29 14:00:20,755 INFO c.h.h.t.HelmChartContainer - [hivemq-test-hivemq-platform] [hivemq-platform-operator] [7099a904] 14:00:20.751 [pool-6-thread-11] DEBUG c.h.p.o.dependants.PodInfoConfigMap - [updatelo] Desired PodInfo ConfigMap (1 extensions) (1 enabled)
2025-01-29 14:00:20,755 INFO c.h.h.t.HelmChartContainer - [hivemq-test-hivemq-platform] [hivemq-platform-operator] [7099a904] 14:00:20.751 [pool-6-thread-11] DEBUG c.h.p.o.dependants.PodInfoConfigMap - [updatelo] Desired PodInfo ConfigMap (metrics port: 9399) (metrics path: /)
2025-01-29 14:00:20,755 INFO c.h.h.t.HelmChartContainer - [hivemq-test-hivemq-platform] [hivemq-platform-operator] [7099a904] 14:00:20.752 [pool-6-thread-11] DEBUG c.h.p.o.dependants.PodInfoConfigMap - [updatelo] Desired PodInfo ConfigMap (extension state hash: -1817474005)
2025-01-29 14:00:20,756 INFO c.h.h.t.HelmChartContainer - [hivemq-test-hivemq-platform] [hivemq-platform-operator] [7099a904] 14:00:20.752 [pool-6-thread-16] DEBUG c.h.p.o.d.PodServiceAccountResource - [updatelo] Desired PodServiceAccountResource (serviceAccountName: hivemq-platform-pod-test-hivemq-platform)
2025-01-29 14:00:20,760 INFO c.h.h.t.HelmChartContainer - [hivemq-test-hivemq-platform] [hivemq-platform-operator] [7099a904] 14:00:20.759 [pool-6-thread-14] DEBUG c.h.p.o.d.StatefulSetResource - [updatelo] Desired StatefulSet (1 replicas) for status STARTING (READY)
2025-01-29 14:00:20,768 INFO c.h.h.t.HelmChartContainer - [hivemq-test-hivemq-platform] [hivemq-platform-operator] [7099a904] 14:00:20.766 [ReconcilerExecutor-hivemq-controller-110] INFO  c.h.p.o.HiveMQPlatformReconciler - [updatelo] Reconciling HiveMQ Platform 'test-hivemq-platform' in namespace 'updateloglevelit'
2025-01-29 14:00:20,768 INFO c.h.h.t.HelmChartContainer - [hivemq-test-hivemq-platform] [hivemq-platform-operator] [7099a904] 14:00:20.766 [ReconcilerExecutor-hivemq-controller-110] DEBUG c.h.p.o.HiveMQPlatformReconciler - [updatelo] Custom Resource Status STARTING - HiveMQ Platform is starting (READY)
2025-01-29 14:00:20,768 INFO c.h.h.t.HelmChartContainer - [hivemq-test-hivemq-platform] [hivemq-platform-operator] [7099a904] 14:00:20.766 [ReconcilerExecutor-hivemq-controller-110] DEBUG c.h.p.o.HiveMQPlatformReconciler - [updatelo] Custom Resource Spec (replicas: 1) (extensions: 1)
2025-01-29 14:00:20,829 INFO c.h.h.t.HelmChartContainer - [hivemq-test-hivemq-platform] [hivemq-platform-operator] [7099a904] 14:00:20.827 [ReconcilerExecutor-hivemq-controller-110] DEBUG c.h.p.o.HiveMQPlatformReconciler - [updatelo] StatefulSet Status (revision: test-hivemq-platform-b697f795f, replicas: 1, available: 0, ready: 0, current: 1, updated: 1)
2025-01-29 14:00:20,829 INFO c.h.h.t.HelmChartContainer - [hivemq-test-hivemq-platform] [hivemq-platform-operator] [7099a904] 14:00:20.828 [ReconcilerExecutor-hivemq-controller-110] DEBUG c.h.p.o.HiveMQPlatformReconciler - [updatelo] StatefulSet Spec (replicas: 1, init containers: 1, containers: 1, volumes: 3)
2025-01-29 14:00:20,832 INFO c.h.h.t.HelmChartContainer - [hivemq-test-hivemq-platform] [hivemq-platform-operator] [7099a904] 14:00:20.830 [ReconcilerExecutor-hivemq-controller-110] DEBUG c.h.p.o.h.HiveMQPlatformReconcilerErrorHandler - [updatelo] Pod 'test-hivemq-platform-0' phase Running
2025-01-29 14:00:20,832 INFO c.h.h.t.HelmChartContainer - [hivemq-test-hivemq-platform] [hivemq-platform-operator] [7099a904] 14:00:20.831 [ReconcilerExecutor-hivemq-controller-110] INFO  c.h.p.o.h.HiveMQPlatformReconcilerBaseHandler - [updatelo] HiveMQ Platform is starting, 0 of 1 replicas are ready
2025-01-29 14:00:20,850 INFO c.h.h.t.HelmChartContainer - [test-hivemq-platform] [hivemq] [c4cdc15d] INFO  - This node's ID is NgCOu
2025-01-29 14:00:20,851 INFO c.h.h.t.HelmChartContainer - [test-hivemq-platform] [hivemq] [c4cdc15d] INFO  - Clustering is enabled
2025-01-29 14:00:22,245 INFO c.h.h.t.HelmChartContainer - [test-hivemq-platform] [hivemq] [c4cdc15d] WARN  - [HiveMQ Platform Operator Init App 1.7.0-SNAPSHOT] Cannot connect to Health API for readiness: null
2025-01-29 14:00:22,251 INFO c.h.h.t.HelmChartContainer - [EVENT] Warning [Unhealthy] Readiness probe failed: HTTP probe failed with statuscode: 503 [updateloglevelit:test-hivemq-platform-0]
2025-01-29 14:00:22,251 INFO c.h.h.t.HelmChartContainer - Received Unhealthy event for container hivemq in pod test-hivemq-platform-0 [c4cdc15d-066a-4188-ba4d-66b2a5648388]
2025-01-29 14:00:24,867 INFO c.h.h.t.HelmChartContainer - [test-hivemq-platform] [hivemq] [c4cdc15d] Jan 29, 2025 2:00:24 PM io.vertx.core.impl.BlockedThreadChecker
2025-01-29 14:00:24,868 INFO c.h.h.t.HelmChartContainer - [test-hivemq-platform] [hivemq] [c4cdc15d] WARNING: Thread Thread[vert.x-eventloop-thread-1,5,main] has been blocked for 2094 ms, time limit is 2000 ms
2025-01-29 14:00:25,768 INFO c.h.h.t.HelmChartContainer - [test-hivemq-platform] [hivemq] [c4cdc15d] Jan 29, 2025 2:00:25 PM io.vertx.core.impl.BlockedThreadChecker
2025-01-29 14:00:25,768 INFO c.h.h.t.HelmChartContainer - [test-hivemq-platform] [hivemq] [c4cdc15d] WARNING: Thread Thread[vert.x-eventloop-thread-1,5,main] has been blocked for 3098 ms, time limit is 2000 ms
2025-01-29 14:00:25,867 INFO c.h.h.t.HelmChartContainer - [test-hivemq-platform] [hivemq] [c4cdc15d] INFO  - [HiveMQ Platform Operator Init App 1.7.0-SNAPSHOT] Updating Pod HiveMQ Platform Operator Init App version annotation (version: 1.7.0-SNAPSHOT)
2025-01-29 14:00:26,670 INFO c.h.h.t.HelmChartContainer - [test-hivemq-platform] [hivemq] [c4cdc15d] WARN  - [HiveMQ Platform Operator Init App 1.7.0-SNAPSHOT] Cannot connect to Health API for readiness: null
2025-01-29 14:00:26,674 INFO c.h.h.t.HelmChartContainer - [EVENT] Warning [Unhealthy] Readiness probe failed: HTTP probe failed with statuscode: 503 [updateloglevelit:test-hivemq-platform-0]
2025-01-29 14:00:26,674 INFO c.h.h.t.HelmChartContainer - Received Unhealthy event for container hivemq in pod test-hivemq-platform-0 [c4cdc15d-066a-4188-ba4d-66b2a5648388]
2025-01-29 14:00:26,784 INFO c.h.h.t.HelmChartContainer - [POD] test-hivemq-platform-0 [c4cdc15d-066a-4188-ba4d-66b2a5648388] in updateloglevelit was MODIFIED
2025-01-29 14:00:26,796 INFO c.h.h.t.HelmChartContainer - [hivemq-test-hivemq-platform] [hivemq-platform-operator] [7099a904] 14:00:26.793 [pool-6-thread-27] DEBUG c.h.p.o.d.PlatformServiceResource - [updatelo] Desired Platform services (3 services)
2025-01-29 14:00:26,798 INFO c.h.h.t.HelmChartContainer - [hivemq-test-hivemq-platform] [hivemq-platform-operator] [7099a904] 14:00:26.794 [pool-6-thread-26] DEBUG c.h.p.o.dependants.PodInfoConfigMap - [updatelo] Desired PodInfo ConfigMap (1 extensions) (1 enabled)
2025-01-29 14:00:26,798 INFO c.h.h.t.HelmChartContainer - [hivemq-test-hivemq-platform] [hivemq-platform-operator] [7099a904] 14:00:26.794 [pool-6-thread-26] DEBUG c.h.p.o.dependants.PodInfoConfigMap - [updatelo] Desired PodInfo ConfigMap (metrics port: 9399) (metrics path: /)
2025-01-29 14:00:26,798 INFO c.h.h.t.HelmChartContainer - [hivemq-test-hivemq-platform] [hivemq-platform-operator] [7099a904] 14:00:26.794 [pool-6-thread-26] DEBUG c.h.p.o.dependants.PodInfoConfigMap - [updatelo] Desired PodInfo ConfigMap (extension state hash: -1817474005)
2025-01-29 14:00:26,800 INFO c.h.h.t.HelmChartContainer - [hivemq-test-hivemq-platform] [hivemq-platform-operator] [7099a904] 14:00:26.797 [pool-6-thread-26] DEBUG c.h.p.o.d.PodServiceAccountResource - [updatelo] Desired PodServiceAccountResource (serviceAccountName: hivemq-platform-pod-test-hivemq-platform)
2025-01-29 14:00:26,804 INFO c.h.h.t.HelmChartContainer - [hivemq-test-hivemq-platform] [hivemq-platform-operator] [7099a904] 14:00:26.803 [pool-6-thread-27] DEBUG c.h.p.o.d.StatefulSetResource - [updatelo] Desired StatefulSet (1 replicas) for status STARTING (READY)
2025-01-29 14:00:26,836 INFO c.h.h.t.HelmChartContainer - [hivemq-test-hivemq-platform] [hivemq-platform-operator] [7099a904] 14:00:26.834 [ReconcilerExecutor-hivemq-controller-111] INFO  c.h.p.o.HiveMQPlatformReconciler - [updatelo] Reconciling HiveMQ Platform 'test-hivemq-platform' in namespace 'updateloglevelit'
2025-01-29 14:00:26,836 INFO c.h.h.t.HelmChartContainer - [hivemq-test-hivemq-platform] [hivemq-platform-operator] [7099a904] 14:00:26.834 [ReconcilerExecutor-hivemq-controller-111] DEBUG c.h.p.o.HiveMQPlatformReconciler - [updatelo] Custom Resource Status STARTING - HiveMQ Platform is starting (READY)
2025-01-29 14:00:26,836 INFO c.h.h.t.HelmChartContainer - [hivemq-test-hivemq-platform] [hivemq-platform-operator] [7099a904] 14:00:26.834 [ReconcilerExecutor-hivemq-controller-111] DEBUG c.h.p.o.HiveMQPlatformReconciler - [updatelo] Custom Resource Spec (replicas: 1) (extensions: 1)
2025-01-29 14:00:26,837 INFO c.h.h.t.HelmChartContainer - [hivemq-test-hivemq-platform] [hivemq-platform-operator] [7099a904] 14:00:26.836 [ReconcilerExecutor-hivemq-controller-111] DEBUG c.h.p.o.HiveMQPlatformReconciler - [updatelo] StatefulSet Status (revision: test-hivemq-platform-b697f795f, replicas: 1, available: 0, ready: 0, current: 1, updated: 1)
2025-01-29 14:00:26,840 INFO c.h.h.t.HelmChartContainer - [hivemq-test-hivemq-platform] [hivemq-platform-operator] [7099a904] 14:00:26.837 [ReconcilerExecutor-hivemq-controller-111] DEBUG c.h.p.o.HiveMQPlatformReconciler - [updatelo] StatefulSet Spec (replicas: 1, init containers: 1, containers: 1, volumes: 3)
2025-01-29 14:00:26,841 INFO c.h.h.t.HelmChartContainer - [hivemq-test-hivemq-platform] [hivemq-platform-operator] [7099a904] 14:00:26.840 [ReconcilerExecutor-hivemq-controller-111] DEBUG c.h.p.o.h.HiveMQPlatformReconcilerErrorHandler - [updatelo] Pod 'test-hivemq-platform-0' phase Running
2025-01-29 14:00:26,842 INFO c.h.h.t.HelmChartContainer - [hivemq-test-hivemq-platform] [hivemq-platform-operator] [7099a904] 14:00:26.841 [ReconcilerExecutor-hivemq-controller-111] INFO  c.h.p.o.h.HiveMQPlatformReconcilerBaseHandler - [updatelo] HiveMQ Platform is starting, 0 of 1 replicas are ready
2025-01-29 14:00:26,848 INFO c.h.h.t.HelmChartContainer - [test-hivemq-platform] [hivemq] [c4cdc15d] WARN  - [HiveMQ Platform Operator Init App 1.7.0-SNAPSHOT] Cannot connect to Health API for readiness: null
2025-01-29 14:00:26,854 INFO c.h.h.t.HelmChartContainer - [EVENT] Warning [Unhealthy] Readiness probe failed: HTTP probe failed with statuscode: 503 [updateloglevelit:test-hivemq-platform-0]
2025-01-29 14:00:26,855 INFO c.h.h.t.HelmChartContainer - Received Unhealthy event for container hivemq in pod test-hivemq-platform-0 [c4cdc15d-066a-4188-ba4d-66b2a5648388]
2025-01-29 14:00:26,867 INFO c.h.h.t.HelmChartContainer - [test-hivemq-platform] [hivemq] [c4cdc15d] INFO  - [HiveMQ Platform Operator Init App 1.7.0-SNAPSHOT] Successfully updated Pod HiveMQ Platform Operator Init App version annotation (version: 1.7.0-SNAPSHOT)
2025-01-29 14:00:31,865 INFO c.h.h.t.HelmChartContainer - [test-hivemq-platform] [hivemq] [c4cdc15d] WARN  - [HiveMQ Platform Operator Init App 1.7.0-SNAPSHOT] Cannot connect to Health API for readiness: null
2025-01-29 14:00:31,872 INFO c.h.h.t.HelmChartContainer - [EVENT] Warning [Unhealthy] Readiness probe failed: HTTP probe failed with statuscode: 503 [updateloglevelit:test-hivemq-platform-0]
2025-01-29 14:00:31,873 INFO c.h.h.t.HelmChartContainer - Received Unhealthy event for container hivemq in pod test-hivemq-platform-0 [c4cdc15d-066a-4188-ba4d-66b2a5648388]
2025-01-29 14:00:36,851 INFO c.h.h.t.HelmChartContainer - [hivemq-test-hivemq-platform] [hivemq-platform-operator] [7099a904] 14:00:36.846 [pool-6-thread-37] DEBUG c.h.p.o.d.PlatformServiceResource - [updatelo] Desired Platform services (3 services)
2025-01-29 14:00:36,851 INFO c.h.h.t.HelmChartContainer - [hivemq-test-hivemq-platform] [hivemq-platform-operator] [7099a904] 14:00:36.848 [pool-6-thread-36] DEBUG c.h.p.o.dependants.PodInfoConfigMap - [updatelo] Desired PodInfo ConfigMap (1 extensions) (1 enabled)
2025-01-29 14:00:36,851 INFO c.h.h.t.HelmChartContainer - [hivemq-test-hivemq-platform] [hivemq-platform-operator] [7099a904] 14:00:36.848 [pool-6-thread-36] DEBUG c.h.p.o.dependants.PodInfoConfigMap - [updatelo] Desired PodInfo ConfigMap (metrics port: 9399) (metrics path: /)
2025-01-29 14:00:36,851 INFO c.h.h.t.HelmChartContainer - [hivemq-test-hivemq-platform] [hivemq-platform-operator] [7099a904] 14:00:36.848 [pool-6-thread-36] DEBUG c.h.p.o.dependants.PodInfoConfigMap - [updatelo] Desired PodInfo ConfigMap (extension state hash: -1817474005)
2025-01-29 14:00:36,852 INFO c.h.h.t.HelmChartContainer - [hivemq-test-hivemq-platform] [hivemq-platform-operator] [7099a904] 14:00:36.850 [pool-6-thread-35] DEBUG c.h.p.o.d.PodServiceAccountResource - [updatelo] Desired PodServiceAccountResource (serviceAccountName: hivemq-platform-pod-test-hivemq-platform)
2025-01-29 14:00:36,859 INFO c.h.h.t.HelmChartContainer - [hivemq-test-hivemq-platform] [hivemq-platform-operator] [7099a904] 14:00:36.855 [pool-6-thread-37] DEBUG c.h.p.o.d.StatefulSetResource - [updatelo] Desired StatefulSet (1 replicas) for status STARTING (READY)
2025-01-29 14:00:36,860 INFO c.h.h.t.HelmChartContainer - [hivemq-test-hivemq-platform] [hivemq-platform-operator] [7099a904] 14:00:36.858 [ReconcilerExecutor-hivemq-controller-112] INFO  c.h.p.o.HiveMQPlatformReconciler - [updatelo] Reconciling HiveMQ Platform 'test-hivemq-platform' in namespace 'updateloglevelit'
2025-01-29 14:00:36,860 INFO c.h.h.t.HelmChartContainer - [hivemq-test-hivemq-platform] [hivemq-platform-operator] [7099a904] 14:00:36.859 [ReconcilerExecutor-hivemq-controller-112] DEBUG c.h.p.o.HiveMQPlatformReconciler - [updatelo] Custom Resource Status STARTING - HiveMQ Platform is starting (READY)
2025-01-29 14:00:36,860 INFO c.h.h.t.HelmChartContainer - [hivemq-test-hivemq-platform] [hivemq-platform-operator] [7099a904] 14:00:36.859 [ReconcilerExecutor-hivemq-controller-112] DEBUG c.h.p.o.HiveMQPlatformReconciler - [updatelo] Custom Resource Spec (replicas: 1) (extensions: 1)
2025-01-29 14:00:36,862 INFO c.h.h.t.HelmChartContainer - [hivemq-test-hivemq-platform] [hivemq-platform-operator] [7099a904] 14:00:36.860 [ReconcilerExecutor-hivemq-controller-112] DEBUG c.h.p.o.HiveMQPlatformReconciler - [updatelo] StatefulSet Status (revision: test-hivemq-platform-b697f795f, replicas: 1, available: 0, ready: 0, current: 1, updated: 1)
2025-01-29 14:00:36,863 INFO c.h.h.t.HelmChartContainer - [hivemq-test-hivemq-platform] [hivemq-platform-operator] [7099a904] 14:00:36.860 [ReconcilerExecutor-hivemq-controller-112] DEBUG c.h.p.o.HiveMQPlatformReconciler - [updatelo] StatefulSet Spec (replicas: 1, init containers: 1, containers: 1, volumes: 3)
2025-01-29 14:00:36,863 INFO c.h.h.t.HelmChartContainer - [hivemq-test-hivemq-platform] [hivemq-platform-operator] [7099a904] 14:00:36.863 [ReconcilerExecutor-hivemq-controller-112] DEBUG c.h.p.o.h.HiveMQPlatformReconcilerErrorHandler - [updatelo] Pod 'test-hivemq-platform-0' phase Running
2025-01-29 14:00:36,865 INFO c.h.h.t.HelmChartContainer - [hivemq-test-hivemq-platform] [hivemq-platform-operator] [7099a904] 14:00:36.865 [ReconcilerExecutor-hivemq-controller-112] INFO  c.h.p.o.h.HiveMQPlatformReconcilerBaseHandler - [updatelo] HiveMQ Platform is starting, 0 of 1 replicas are ready
2025-01-29 14:00:36,869 INFO c.h.h.t.HelmChartContainer - [test-hivemq-platform] [hivemq] [c4cdc15d] WARN  - [HiveMQ Platform Operator Init App 1.7.0-SNAPSHOT] Cannot connect to Health API for readiness: null
2025-01-29 14:00:36,876 INFO c.h.h.t.HelmChartContainer - [EVENT] Warning [Unhealthy] Readiness probe failed: HTTP probe failed with statuscode: 503 [updateloglevelit:test-hivemq-platform-0]
2025-01-29 14:00:36,877 INFO c.h.h.t.HelmChartContainer - Received Unhealthy event for container hivemq in pod test-hivemq-platform-0 [c4cdc15d-066a-4188-ba4d-66b2a5648388]
2025-01-29 14:00:37,368 INFO c.h.h.t.HelmChartContainer - [test-hivemq-platform] [hivemq] [c4cdc15d] WARN  - [HiveMQ Platform Operator Init App 1.7.0-SNAPSHOT] Cannot connect to Health API for liveness: null
2025-01-29 14:00:37,368 INFO c.h.h.t.HelmChartContainer - [test-hivemq-platform] [hivemq] [c4cdc15d] INFO  - [HiveMQ Platform Operator Init App 1.7.0-SNAPSHOT] Returning default Health API response 200 for liveness
2025-01-29 14:00:38,265 INFO c.h.h.t.HelmChartContainer - [test-hivemq-platform] [hivemq] [c4cdc15d] INFO  - No valid license file found. Using trial license, restricted to 25 connections.
2025-01-29 14:00:41,866 INFO c.h.h.t.HelmChartContainer - [test-hivemq-platform] [hivemq] [c4cdc15d] WARN  - [HiveMQ Platform Operator Init App 1.7.0-SNAPSHOT] Cannot connect to Health API for readiness: null
2025-01-29 14:00:41,869 INFO c.h.h.t.HelmChartContainer - [EVENT] Warning [Unhealthy] Readiness probe failed: HTTP probe failed with statuscode: 503 [updateloglevelit:test-hivemq-platform-0]
2025-01-29 14:00:41,869 INFO c.h.h.t.HelmChartContainer - Received Unhealthy event for container hivemq in pod test-hivemq-platform-0 [c4cdc15d-066a-4188-ba4d-66b2a5648388]
2025-01-29 14:00:42,575 INFO c.h.h.t.HelmChartContainer - [test-hivemq-platform] [hivemq] [c4cdc15d] INFO  - No valid license file for Data Hub found. Using free license, restricted to 1 policy.
2025-01-29 14:00:43,873 INFO c.h.h.t.HelmChartContainer - [test-hivemq-platform] [hivemq] [c4cdc15d] INFO  - Audit Logger started.
2025-01-29 14:00:44,165 INFO c.h.h.t.HelmChartContainer - [test-hivemq-platform] [hivemq] [c4cdc15d] INFO  - This node uses '1' CPU cores.
2025-01-29 14:00:44,169 INFO c.h.h.t.HelmChartContainer - [test-hivemq-platform] [hivemq] [c4cdc15d] INFO  - Starting HiveMQ Health API on address 0.0.0.0 and port 8889
2025-01-29 14:00:44,977 INFO c.h.h.t.HelmChartContainer - [test-hivemq-platform] [hivemq] [c4cdc15d] INFO  - Started HiveMQ Health API in 808ms
2025-01-29 14:00:45,676 INFO c.h.h.t.HelmChartContainer - [test-hivemq-platform] [hivemq] [c4cdc15d] INFO  - Starting HiveMQ extension system.
2025-01-29 14:00:45,974 INFO c.h.h.t.HelmChartContainer - [test-hivemq-platform] [hivemq] [c4cdc15d] INFO  - Starting extension with id "hivemq-dns-cluster-discovery" at /opt/hivemq/extensions/hivemq-dns-cluster-discovery
2025-01-29 14:00:46,574 INFO c.h.h.t.HelmChartContainer - [test-hivemq-platform] [hivemq] [c4cdc15d] INFO  - Extension "DNS Cluster Discovery Extension" version 4.3.2 started successfully.
2025-01-29 14:00:46,574 INFO c.h.h.t.HelmChartContainer - [test-hivemq-platform] [hivemq] [c4cdc15d] INFO  - Starting extension with id "hivemq-prometheus-extension" at /opt/hivemq/extensions/hivemq-prometheus-extension
2025-01-29 14:00:46,669 INFO c.h.h.t.HelmChartContainer - [test-hivemq-platform] [hivemq] [c4cdc15d] INFO  - Using TCP cluster transport on address 10.42.0.11 and port 7000
2025-01-29 14:00:46,766 INFO c.h.h.t.HelmChartContainer - [test-hivemq-platform] [hivemq] [c4cdc15d] INFO  - Using extension cluster discovery
2025-01-29 14:00:46,874 INFO c.h.h.t.HelmChartContainer - [hivemq-test-hivemq-platform] [hivemq-platform-operator] [7099a904] 14:00:46.872 [pool-6-thread-44] DEBUG c.h.p.o.d.PlatformServiceResource - [updatelo] Desired Platform services (3 services)
2025-01-29 14:00:46,876 INFO c.h.h.t.HelmChartContainer - [hivemq-test-hivemq-platform] [hivemq-platform-operator] [7099a904] 14:00:46.875 [pool-6-thread-43] DEBUG c.h.p.o.dependants.PodInfoConfigMap - [updatelo] Desired PodInfo ConfigMap (1 extensions) (1 enabled)
2025-01-29 14:00:46,876 INFO c.h.h.t.HelmChartContainer - [hivemq-test-hivemq-platform] [hivemq-platform-operator] [7099a904] 14:00:46.875 [pool-6-thread-43] DEBUG c.h.p.o.dependants.PodInfoConfigMap - [updatelo] Desired PodInfo ConfigMap (metrics port: 9399) (metrics path: /)
2025-01-29 14:00:46,876 INFO c.h.h.t.HelmChartContainer - [hivemq-test-hivemq-platform] [hivemq-platform-operator] [7099a904] 14:00:46.875 [pool-6-thread-43] DEBUG c.h.p.o.dependants.PodInfoConfigMap - [updatelo] Desired PodInfo ConfigMap (extension state hash: -1817474005)
2025-01-29 14:00:46,877 INFO c.h.h.t.HelmChartContainer - [hivemq-test-hivemq-platform] [hivemq-platform-operator] [7099a904] 14:00:46.876 [pool-6-thread-46] DEBUG c.h.p.o.d.PodServiceAccountResource - [updatelo] Desired PodServiceAccountResource (serviceAccountName: hivemq-platform-pod-test-hivemq-platform)
2025-01-29 14:00:46,882 INFO c.h.h.t.HelmChartContainer - [hivemq-test-hivemq-platform] [hivemq-platform-operator] [7099a904] 14:00:46.881 [pool-6-thread-41] DEBUG c.h.p.o.d.StatefulSetResource - [updatelo] Desired StatefulSet (1 replicas) for status STARTING (READY)
2025-01-29 14:00:46,932 INFO c.h.h.t.HelmChartContainer - [hivemq-test-hivemq-platform] [hivemq-platform-operator] [7099a904] 14:00:46.930 [ReconcilerExecutor-hivemq-controller-113] INFO  c.h.p.o.HiveMQPlatformReconciler - [updatelo] Reconciling HiveMQ Platform 'test-hivemq-platform' in namespace 'updateloglevelit'
2025-01-29 14:00:46,934 INFO c.h.h.t.HelmChartContainer - [hivemq-test-hivemq-platform] [hivemq-platform-operator] [7099a904] 14:00:46.930 [ReconcilerExecutor-hivemq-controller-113] DEBUG c.h.p.o.HiveMQPlatformReconciler - [updatelo] Custom Resource Status STARTING - HiveMQ Platform is starting (READY)
2025-01-29 14:00:46,934 INFO c.h.h.t.HelmChartContainer - [hivemq-test-hivemq-platform] [hivemq-platform-operator] [7099a904] 14:00:46.930 [ReconcilerExecutor-hivemq-controller-113] DEBUG c.h.p.o.HiveMQPlatformReconciler - [updatelo] Custom Resource Spec (replicas: 1) (extensions: 1)
2025-01-29 14:00:46,935 INFO c.h.h.t.HelmChartContainer - [hivemq-test-hivemq-platform] [hivemq-platform-operator] [7099a904] 14:00:46.932 [ReconcilerExecutor-hivemq-controller-113] DEBUG c.h.p.o.HiveMQPlatformReconciler - [updatelo] StatefulSet Status (revision: test-hivemq-platform-b697f795f, replicas: 1, available: 0, ready: 0, current: 1, updated: 1)
2025-01-29 14:00:46,935 INFO c.h.h.t.HelmChartContainer - [hivemq-test-hivemq-platform] [hivemq-platform-operator] [7099a904] 14:00:46.932 [ReconcilerExecutor-hivemq-controller-113] DEBUG c.h.p.o.HiveMQPlatformReconciler - [updatelo] StatefulSet Spec (replicas: 1, init containers: 1, containers: 1, volumes: 3)
2025-01-29 14:00:46,940 INFO c.h.h.t.HelmChartContainer - [hivemq-test-hivemq-platform] [hivemq-platform-operator] [7099a904] 14:00:46.935 [ReconcilerExecutor-hivemq-controller-113] DEBUG c.h.p.o.h.HiveMQPlatformReconcilerErrorHandler - [updatelo] Pod 'test-hivemq-platform-0' phase Running
2025-01-29 14:00:46,940 INFO c.h.h.t.HelmChartContainer - [hivemq-test-hivemq-platform] [hivemq-platform-operator] [7099a904] 14:00:46.936 [ReconcilerExecutor-hivemq-controller-113] INFO  c.h.p.o.h.HiveMQPlatformReconcilerBaseHandler - [updatelo] HiveMQ Platform is starting, 0 of 1 replicas are ready
2025-01-29 14:00:47,827 INFO c.h.h.t.HelmChartContainer - [EVENT] Warning [Unhealthy] Readiness probe failed: Get "http://10.42.0.11:7979/readiness": context deadline exceeded (Client.Timeout exceeded while awaiting headers) [updateloglevelit:test-hivemq-platform-0]
2025-01-29 14:00:47,827 INFO c.h.h.t.HelmChartContainer - Received Unhealthy event for container hivemq in pod test-hivemq-platform-0 [c4cdc15d-066a-4188-ba4d-66b2a5648388]
2025-01-29 14:00:47,864 INFO c.h.h.t.HelmChartContainer - [test-hivemq-platform] [hivemq] [c4cdc15d] INFO  - Started Jetty Server exposing Prometheus Servlet on URI http://0.0.0.0:9399/
2025-01-29 14:00:47,867 INFO c.h.h.t.HelmChartContainer - [test-hivemq-platform] [hivemq] [c4cdc15d] INFO  - Extension "Prometheus Monitoring Extension" version 4.0.12 started successfully.
2025-01-29 14:00:47,867 INFO c.h.h.t.HelmChartContainer - [test-hivemq-platform] [hivemq] [c4cdc15d] INFO  - Starting extension with id "hivemq-allow-all-extension" at /opt/hivemq/extensions/hivemq-allow-all-extension
2025-01-29 14:00:47,868 INFO c.h.h.t.HelmChartContainer - [test-hivemq-platform] [hivemq] [c4cdc15d] WARN  - 
2025-01-29 14:00:47,868 INFO c.h.h.t.HelmChartContainer - [test-hivemq-platform] [hivemq] [c4cdc15d] ################################################################################################################
2025-01-29 14:00:47,868 INFO c.h.h.t.HelmChartContainer - [test-hivemq-platform] [hivemq] [c4cdc15d] # This HiveMQ deployment is not secure! You are lacking Authentication and Authorization.                      #
2025-01-29 14:00:47,868 INFO c.h.h.t.HelmChartContainer - [test-hivemq-platform] [hivemq] [c4cdc15d] # Right now any MQTT client can connect to the broker with a full set of permissions.                          #
2025-01-29 14:00:47,868 INFO c.h.h.t.HelmChartContainer - [test-hivemq-platform] [hivemq] [c4cdc15d] # For production usage, add an appropriate security extension and remove the hivemq-allow-all extension.       #
2025-01-29 14:00:47,868 INFO c.h.h.t.HelmChartContainer - [test-hivemq-platform] [hivemq] [c4cdc15d] # You can download security extensions from the HiveMQ Marketplace (https://www.hivemq.com/extensions/).       #
2025-01-29 14:00:47,868 INFO c.h.h.t.HelmChartContainer - [test-hivemq-platform] [hivemq] [c4cdc15d] ################################################################################################################
2025-01-29 14:00:47,869 INFO c.h.h.t.HelmChartContainer - [test-hivemq-platform] [hivemq] [c4cdc15d] INFO  - Extension "Allow All Extension" version 1.1.1 started successfully.
2025-01-29 14:00:48,164 INFO c.h.h.t.HelmChartContainer - [test-hivemq-platform] [hivemq] [c4cdc15d] INFO  - [HiveMQ Platform Operator Init App 1.7.0-SNAPSHOT] Returning Health API response 503 for readiness
2025-01-29 14:00:49,872 INFO c.h.h.t.HelmChartContainer - [test-hivemq-platform] [hivemq] [c4cdc15d] INFO  - NgCOu: no members discovered after 2206 ms: creating cluster as first member
2025-01-29 14:00:49,879 INFO c.h.h.t.HelmChartContainer - [test-hivemq-platform] [hivemq] [c4cdc15d] INFO  - Cluster nodes found by discovery: [NgCOu|0] (1) [NgCOu].
2025-01-29 14:00:49,966 INFO c.h.h.t.HelmChartContainer - [test-hivemq-platform] [hivemq] [c4cdc15d] WARN  - No user for HiveMQ Control Center configured. Starting with default user
2025-01-29 14:00:49,966 INFO c.h.h.t.HelmChartContainer - [test-hivemq-platform] [hivemq] [c4cdc15d] INFO  - Starting HiveMQ Control Center on address 0.0.0.0 and port 8080
2025-01-29 14:00:49,971 INFO c.h.h.t.HelmChartContainer - [test-hivemq-platform] [hivemq] [c4cdc15d] INFO  - Mounting HiveMQ Control Center V2 Preview
2025-01-29 14:00:50,761 INFO c.h.h.t.HelmChartContainer - [test-hivemq-platform] [hivemq] [c4cdc15d] INFO  - Started HiveMQ Control Center in 796ms
2025-01-29 14:00:50,780 INFO c.h.h.t.HelmChartContainer - [test-hivemq-platform] [hivemq] [c4cdc15d] INFO  - Starting TCP listener on address 0.0.0.0 and port 1883
2025-01-29 14:00:50,876 INFO c.h.h.t.HelmChartContainer - [test-hivemq-platform] [hivemq] [c4cdc15d] INFO  - Started TCP Listener on address 0.0.0.0 and on port 1883.
2025-01-29 14:00:50,876 INFO c.h.h.t.HelmChartContainer - [test-hivemq-platform] [hivemq] [c4cdc15d] INFO  - Started HiveMQ in 32829ms
2025-01-29 14:00:51,789 INFO c.h.h.t.HelmChartContainer - [test-hivemq-platform] [hivemq] [c4cdc15d] INFO  - [HiveMQ Platform Operator Init App 1.7.0-SNAPSHOT] Returning Health API response 200 for readiness
2025-01-29 14:00:51,802 INFO c.h.h.t.HelmChartContainer - [POD] test-hivemq-platform-0 [c4cdc15d-066a-4188-ba4d-66b2a5648388] in updateloglevelit was MODIFIED
2025-01-29 14:00:51,823 INFO c.h.h.t.HelmChartContainer - [hivemq-test-hivemq-platform] [hivemq-platform-operator] [7099a904] 14:00:51.815 [pool-6-thread-9] DEBUG c.h.p.o.dependants.PodInfoConfigMap - [updatelo] Desired PodInfo ConfigMap (1 extensions) (1 enabled)
2025-01-29 14:00:51,824 INFO c.h.h.t.HelmChartContainer - [hivemq-test-hivemq-platform] [hivemq-platform-operator] [7099a904] 14:00:51.815 [pool-6-thread-9] DEBUG c.h.p.o.dependants.PodInfoConfigMap - [updatelo] Desired PodInfo ConfigMap (metrics port: 9399) (metrics path: /)
2025-01-29 14:00:51,824 INFO c.h.h.t.HelmChartContainer - [hivemq-test-hivemq-platform] [hivemq-platform-operator] [7099a904] 14:00:51.815 [pool-6-thread-9] DEBUG c.h.p.o.dependants.PodInfoConfigMap - [updatelo] Desired PodInfo ConfigMap (extension state hash: -1817474005)
2025-01-29 14:00:51,824 INFO c.h.h.t.HelmChartContainer - [hivemq-test-hivemq-platform] [hivemq-platform-operator] [7099a904] 14:00:51.817 [pool-6-thread-2] DEBUG c.h.p.o.d.PodServiceAccountResource - [updatelo] Desired PodServiceAccountResource (serviceAccountName: hivemq-platform-pod-test-hivemq-platform)
2025-01-29 14:00:51,829 INFO c.h.h.t.HelmChartContainer - [hivemq-test-hivemq-platform] [hivemq-platform-operator] [7099a904] 14:00:51.819 [pool-6-thread-8] DEBUG c.h.p.o.d.PlatformServiceResource - [updatelo] Desired Platform services (3 services)
2025-01-29 14:00:51,830 INFO c.h.h.t.HelmChartContainer - [hivemq-test-hivemq-platform] [hivemq-platform-operator] [7099a904] 14:00:51.825 [pool-6-thread-8] DEBUG c.h.p.o.d.StatefulSetResource - [updatelo] Desired StatefulSet (1 replicas) for status STARTING (READY)
2025-01-29 14:00:51,902 INFO c.h.h.t.HelmChartContainer - [hivemq-test-hivemq-platform] [hivemq-platform-operator] [7099a904] 14:00:51.900 [ReconcilerExecutor-hivemq-controller-114] INFO  c.h.p.o.HiveMQPlatformReconciler - [updatelo] Reconciling HiveMQ Platform 'test-hivemq-platform' in namespace 'updateloglevelit'
2025-01-29 14:00:51,904 INFO c.h.h.t.HelmChartContainer - [hivemq-test-hivemq-platform] [hivemq-platform-operator] [7099a904] 14:00:51.901 [ReconcilerExecutor-hivemq-controller-114] DEBUG c.h.p.o.HiveMQPlatformReconciler - [updatelo] Custom Resource Status STARTING - HiveMQ Platform is starting (READY)
2025-01-29 14:00:51,904 INFO c.h.h.t.HelmChartContainer - [hivemq-test-hivemq-platform] [hivemq-platform-operator] [7099a904] 14:00:51.901 [ReconcilerExecutor-hivemq-controller-114] DEBUG c.h.p.o.HiveMQPlatformReconciler - [updatelo] Custom Resource Spec (replicas: 1) (extensions: 1)
2025-01-29 14:00:51,905 INFO c.h.h.t.HelmChartContainer - [hivemq-test-hivemq-platform] [hivemq-platform-operator] [7099a904] 14:00:51.902 [ReconcilerExecutor-hivemq-controller-114] DEBUG c.h.p.o.HiveMQPlatformReconciler - [updatelo] StatefulSet Status (revision: test-hivemq-platform-b697f795f, replicas: 1, available: 1, ready: 1, current: 1, updated: 1)
2025-01-29 14:00:51,905 INFO c.h.h.t.HelmChartContainer - [hivemq-test-hivemq-platform] [hivemq-platform-operator] [7099a904] 14:00:51.902 [ReconcilerExecutor-hivemq-controller-114] DEBUG c.h.p.o.HiveMQPlatformReconciler - [updatelo] StatefulSet Spec (replicas: 1, init containers: 1, containers: 1, volumes: 3)
2025-01-29 14:00:51,905 INFO c.h.h.t.HelmChartContainer - [hivemq-test-hivemq-platform] [hivemq-platform-operator] [7099a904] 14:00:51.903 [ReconcilerExecutor-hivemq-controller-114] DEBUG c.h.p.o.h.HiveMQPlatformReconcilerErrorHandler - [updatelo] Pod 'test-hivemq-platform-0' phase Running
2025-01-29 14:00:51,905 INFO c.h.h.t.HelmChartContainer - [hivemq-test-hivemq-platform] [hivemq-platform-operator] [7099a904] 14:00:51.904 [ReconcilerExecutor-hivemq-controller-114] INFO  c.h.p.o.h.HiveMQPlatformReconcilerBaseHandler - [updatelo] HiveMQ Platform started successfully
2025-01-29 14:00:52,007 INFO c.h.h.t.HelmChartContainer - [hivemq-test-hivemq-platform] [hivemq-platform-operator] [7099a904] 14:00:52.005 [ReconcilerExecutor-hivemq-controller-114] DEBUG c.h.p.operator.event.EventSender - [updatelo] Creating K8s event hivemq-platform-ready: [Ready] HiveMQ Platform is ready
2025-01-29 14:00:52,011 INFO c.h.h.t.HelmChartContainer - [EVENT] Normal [Ready] HiveMQ Platform is ready [updateloglevelit:test-hivemq-platform]
2025-01-29 14:00:52,013 INFO c.h.h.t.HelmChartContainer - [hivemq-test-hivemq-platform] [hivemq-platform-operator] [7099a904] 14:00:52.012 [ReconcilerExecutor-hivemq-controller-114] INFO  c.h.p.o.h.AbstractHiveMQReconcilerStateHandler - [updatelo] Update HiveMQ Platform Status (STARTING [READY] -> RUNNING [READY]): HiveMQ Platform is ready
2025-01-29 14:00:52,021 DEBUG com.hivemq.helmcharts.util.K8sUtil - Comparing actual state 'RUNNING' and waiting for 'RUNNING'
2025-01-29 14:00:52,101 INFO c.h.h.t.HelmChartContainer - [hivemq-test-hivemq-platform] [hivemq-platform-operator] [7099a904] 14:00:52.099 [pool-6-thread-13] DEBUG c.h.p.o.d.PlatformServiceResource - [updatelo] Desired Platform services (3 services)
2025-01-29 14:00:52,102 INFO c.h.h.t.HelmChartContainer - [hivemq-test-hivemq-platform] [hivemq-platform-operator] [7099a904] 14:00:52.100 [pool-6-thread-11] DEBUG c.h.p.o.dependants.PodInfoConfigMap - [updatelo] Desired PodInfo ConfigMap (1 extensions) (1 enabled)
2025-01-29 14:00:52,105 INFO c.h.h.t.HelmChartContainer - [hivemq-test-hivemq-platform] [hivemq-platform-operator] [7099a904] 14:00:52.103 [pool-6-thread-11] DEBUG c.h.p.o.dependants.PodInfoConfigMap - [updatelo] Desired PodInfo ConfigMap (metrics port: 9399) (metrics path: /)
2025-01-29 14:00:52,106 INFO c.h.h.t.HelmChartContainer - [hivemq-test-hivemq-platform] [hivemq-platform-operator] [7099a904] 14:00:52.101 [pool-6-thread-17] DEBUG c.h.p.o.d.PodServiceAccountResource - [updatelo] Desired PodServiceAccountResource (serviceAccountName: hivemq-platform-pod-test-hivemq-platform)
2025-01-29 14:00:52,106 INFO c.h.h.t.HelmChartContainer - [hivemq-test-hivemq-platform] [hivemq-platform-operator] [7099a904] 14:00:52.103 [pool-6-thread-11] DEBUG c.h.p.o.dependants.PodInfoConfigMap - [updatelo] Desired PodInfo ConfigMap (extension state hash: -1817474005)
2025-01-29 14:00:52,106 INFO c.h.h.t.HelmChartContainer - [hivemq-test-hivemq-platform] [hivemq-platform-operator] [7099a904] 14:00:52.104 [pool-6-thread-11] DEBUG c.h.p.o.dependants.PodInfoConfigMap - [updatelo] Update PodInfo ConfigMap
2025-01-29 14:00:52,201 INFO c.h.h.t.HelmChartContainer - [hivemq-test-hivemq-platform] [hivemq-platform-operator] [7099a904] 14:00:52.200 [pool-6-thread-11] DEBUG c.h.p.o.d.StatefulSetResource - [updatelo] Desired StatefulSet (1 replicas) for status RUNNING (READY)
2025-01-29 14:00:52,206 INFO c.h.h.t.HelmChartContainer - [hivemq-test-hivemq-platform] [hivemq-platform-operator] [7099a904] 14:00:52.204 [ReconcilerExecutor-hivemq-controller-115] INFO  c.h.p.o.HiveMQPlatformReconciler - [updatelo] Reconciling HiveMQ Platform 'test-hivemq-platform' in namespace 'updateloglevelit'
2025-01-29 14:00:52,206 INFO c.h.h.t.HelmChartContainer - [hivemq-test-hivemq-platform] [hivemq-platform-operator] [7099a904] 14:00:52.204 [ReconcilerExecutor-hivemq-controller-115] DEBUG c.h.p.o.HiveMQPlatformReconciler - [updatelo] Custom Resource Status RUNNING - HiveMQ Platform is ready (READY)
2025-01-29 14:00:52,206 INFO c.h.h.t.HelmChartContainer - [hivemq-test-hivemq-platform] [hivemq-platform-operator] [7099a904] 14:00:52.204 [ReconcilerExecutor-hivemq-controller-115] DEBUG c.h.p.o.HiveMQPlatformReconciler - [updatelo] Custom Resource Spec (replicas: 1) (extensions: 1)
2025-01-29 14:00:52,206 INFO c.h.h.t.HelmChartContainer - [hivemq-test-hivemq-platform] [hivemq-platform-operator] [7099a904] 14:00:52.205 [ReconcilerExecutor-hivemq-controller-115] DEBUG c.h.p.o.HiveMQPlatformReconciler - [updatelo] StatefulSet Status (revision: test-hivemq-platform-b697f795f, replicas: 1, available: 1, ready: 1, current: 1, updated: 1)
2025-01-29 14:00:52,207 INFO c.h.h.t.HelmChartContainer - [hivemq-test-hivemq-platform] [hivemq-platform-operator] [7099a904] 14:00:52.206 [ReconcilerExecutor-hivemq-controller-115] DEBUG c.h.p.o.HiveMQPlatformReconciler - [updatelo] StatefulSet Spec (replicas: 1, init containers: 1, containers: 1, volumes: 3)
2025-01-29 14:00:52,208 INFO c.h.h.t.HelmChartContainer - [hivemq-test-hivemq-platform] [hivemq-platform-operator] [7099a904] 14:00:52.207 [ReconcilerExecutor-hivemq-controller-115] DEBUG c.h.p.o.h.HiveMQPlatformReconcilerErrorHandler - [updatelo] Pod 'test-hivemq-platform-0' phase Running
2025-01-29 14:00:54,030 INFO c.h.h.platform.UpdateLogLevelIT - Assert original logback.xml in pods
2025-01-29 14:00:54,120 INFO c.h.h.platform.UpdateLogLevelIT - Trigger update of log level
2025-01-29 14:00:54,181 DEBUG c.h.h.t.HelmChartContainer - Executing helm command: /bin/helm --kubeconfig /etc/rancher/k3s/k3s.yaml upgrade test-hivemq-platform /charts/hivemq-platform --wait --timeout 5m0s --set image.repository=docker.io/hivemq --set image.tag=4.36.0 --set image.pullPolicy=Never --set nodes.resources.cpu=512m --set nodes.logLevel=WARN --namespace updateloglevelit
2025-01-29 14:00:54,532 INFO c.h.h.t.HelmChartContainer - [hivemq-test-hivemq-platform] [hivemq-platform-operator] [7099a904] 14:00:54.530 [pool-6-thread-26] DEBUG c.h.p.o.d.PodServiceAccountResource - [updatelo] Desired PodServiceAccountResource (serviceAccountName: hivemq-platform-pod-test-hivemq-platform)
2025-01-29 14:00:54,533 INFO c.h.h.t.HelmChartContainer - [hivemq-test-hivemq-platform] [hivemq-platform-operator] [7099a904] 14:00:54.531 [pool-6-thread-23] DEBUG c.h.p.o.d.PlatformServiceResource - [updatelo] Desired Platform services (3 services)
2025-01-29 14:00:54,534 INFO c.h.h.t.HelmChartContainer - [hivemq-test-hivemq-platform] [hivemq-platform-operator] [7099a904] 14:00:54.533 [pool-6-thread-21] DEBUG c.h.p.o.dependants.PodInfoConfigMap - [updatelo] Desired PodInfo ConfigMap (1 extensions) (1 enabled)
2025-01-29 14:00:54,534 INFO c.h.h.t.HelmChartContainer - [hivemq-test-hivemq-platform] [hivemq-platform-operator] [7099a904] 14:00:54.533 [pool-6-thread-21] DEBUG c.h.p.o.dependants.PodInfoConfigMap - [updatelo] Desired PodInfo ConfigMap (metrics port: 9399) (metrics path: /)
2025-01-29 14:00:54,534 INFO c.h.h.t.HelmChartContainer - [hivemq-test-hivemq-platform] [hivemq-platform-operator] [7099a904] 14:00:54.533 [pool-6-thread-21] DEBUG c.h.p.o.dependants.PodInfoConfigMap - [updatelo] Desired PodInfo ConfigMap (extension state hash: -1817474005)
2025-01-29 14:00:54,536 INFO c.h.h.t.HelmChartContainer - [hivemq-test-hivemq-platform] [hivemq-platform-operator] [7099a904] 14:00:54.535 [pool-6-thread-21] DEBUG c.h.p.o.dependants.PodInfoConfigMap - [updatelo] Update PodInfo ConfigMap
2025-01-29 14:00:54,536 INFO c.h.h.t.HelmChartContainer - [hivemq-test-hivemq-platform] [hivemq-platform-operator] [7099a904] 14:00:54.535 [pool-6-thread-21] INFO  c.h.p.o.dependants.PodInfoConfigMap - [updatelo] Log level was updated, triggering set log level
2025-01-29 14:00:54,614 INFO c.h.h.t.HelmChartContainer - [hivemq-test-hivemq-platform] [hivemq-platform-operator] [7099a904] 14:00:54.611 [pool-6-thread-21] DEBUG c.h.p.o.d.StatefulSetResource - [updatelo] Desired StatefulSet (2 replicas) for status RUNNING (READY)
2025-01-29 14:00:54,634 INFO c.h.h.t.HelmChartContainer - [hivemq-test-hivemq-platform] [hivemq-platform-operator] [7099a904] 14:00:54.629 [pool-6-thread-21] DEBUG c.h.p.o.d.StatefulSetResource - [updatelo] Update StatefulSet (replicas: 1 -> 2)
2025-01-29 14:00:54,709 INFO c.h.h.t.HelmChartContainer - [hivemq-test-hivemq-platform] [hivemq-platform-operator] [7099a904] 14:00:54.708 [pool-6-thread-21] INFO  c.h.p.o.d.StatefulSetResource - [updatelo] Replica count was updated, triggering scaling
2025-01-29 14:00:54,714 DEBUG com.hivemq.helmcharts.util.K8sUtil - Comparing actual state 'RUNNING' and waiting for 'SET_LOG_LEVEL'
2025-01-29 14:00:54,817 INFO c.h.h.t.HelmChartContainer - [hivemq-test-hivemq-platform] [hivemq-platform-operator] [7099a904] 14:00:54.816 [ReconcilerExecutor-hivemq-controller-116] INFO  c.h.p.o.HiveMQPlatformReconciler - [updatelo] Reconciling HiveMQ Platform 'test-hivemq-platform' in namespace 'updateloglevelit'
2025-01-29 14:00:54,822 INFO c.h.h.t.HelmChartContainer - [POD] test-hivemq-platform-1 [c485002a-8fcd-4f0f-82d8-456fed09f990] in updateloglevelit was ADDED
2025-01-29 14:00:54,831 INFO c.h.h.t.HelmChartContainer - [hivemq-test-hivemq-platform] [hivemq-platform-operator] [7099a904] 14:00:54.827 [ReconcilerExecutor-hivemq-controller-116] DEBUG c.h.p.o.HiveMQPlatformReconciler - [updatelo] Custom Resource Status RUNNING - HiveMQ Platform is ready (READY) (reconciliation requests: REQUESTS_UPDATED, SCALING, SET_LOG_LEVEL)
2025-01-29 14:00:54,831 INFO c.h.h.t.HelmChartContainer - [hivemq-test-hivemq-platform] [hivemq-platform-operator] [7099a904] 14:00:54.827 [ReconcilerExecutor-hivemq-controller-116] DEBUG c.h.p.o.HiveMQPlatformReconciler - [updatelo] Custom Resource Spec (replicas: 2) (extensions: 1)
2025-01-29 14:00:54,831 INFO c.h.h.t.HelmChartContainer - [hivemq-test-hivemq-platform] [hivemq-platform-operator] [7099a904] 14:00:54.829 [ReconcilerExecutor-hivemq-controller-116] DEBUG c.h.p.o.HiveMQPlatformReconciler - [updatelo] StatefulSet Status (revision: test-hivemq-platform-b697f795f, replicas: 1, available: 1, ready: 1, current: 1, updated: 1)
2025-01-29 14:00:54,831 INFO c.h.h.t.HelmChartContainer - [hivemq-test-hivemq-platform] [hivemq-platform-operator] [7099a904] 14:00:54.829 [ReconcilerExecutor-hivemq-controller-116] DEBUG c.h.p.o.HiveMQPlatformReconciler - [updatelo] StatefulSet Spec (replicas: 2, init containers: 1, containers: 1, volumes: 3)
2025-01-29 14:00:54,835 INFO c.h.h.t.HelmChartContainer - [EVENT] Normal [SuccessfulCreate] create Pod test-hivemq-platform-1 in StatefulSet test-hivemq-platform successful [updateloglevelit:test-hivemq-platform]
2025-01-29 14:00:54,836 INFO c.h.h.t.HelmChartContainer - [EVENT] Normal [Scheduled] Successfully assigned updateloglevelit/test-hivemq-platform-1 to 733f751f2ac3 [updateloglevelit:test-hivemq-platform-1]
2025-01-29 14:00:54,836 INFO c.h.h.t.HelmChartContainer - [POD] test-hivemq-platform-1 [c485002a-8fcd-4f0f-82d8-456fed09f990] in updateloglevelit was MODIFIED
2025-01-29 14:00:54,836 INFO c.h.h.t.HelmChartContainer - [hivemq-test-hivemq-platform] [hivemq-platform-operator] [7099a904] 14:00:54.831 [ReconcilerExecutor-hivemq-controller-116] DEBUG c.h.p.o.h.HiveMQPlatformReconcilerErrorHandler - [updatelo] Pod 'test-hivemq-platform-0' phase Running
2025-01-29 14:00:54,837 INFO c.h.h.t.HelmChartContainer - [hivemq-test-hivemq-platform] [hivemq-platform-operator] [7099a904] 14:00:54.832 [ReconcilerExecutor-hivemq-controller-116] INFO  c.h.p.o.h.HiveMQPlatformReconcilerBaseHandler - [updatelo] Started update of log level (changing to WARN)
2025-01-29 14:00:54,846 INFO c.h.h.t.HelmChartContainer - [POD] test-hivemq-platform-1 [c485002a-8fcd-4f0f-82d8-456fed09f990] in updateloglevelit was MODIFIED
2025-01-29 14:00:54,933 INFO c.h.h.t.HelmChartContainer - [hivemq-test-hivemq-platform] [hivemq-platform-operator] [7099a904] 14:00:54.932 [ReconcilerExecutor-hivemq-controller-116] DEBUG c.h.p.operator.event.EventSender - [updatelo] Creating K8s event set-log-level-started: [SetLogLevel] HiveMQ Platform is updating the log level to WARN
2025-01-29 14:00:55,003 INFO c.h.h.t.HelmChartContainer - [EVENT] Normal [SetLogLevel] HiveMQ Platform is updating the log level to WARN [updateloglevelit:test-hivemq-platform]
2025-01-29 14:00:55,005 INFO c.h.h.t.HelmChartContainer - [hivemq-test-hivemq-platform] [hivemq-platform-operator] [7099a904] 14:00:55.003 [ReconcilerExecutor-hivemq-controller-116] INFO  c.h.p.o.h.AbstractHiveMQReconcilerStateHandler - [updatelo] Update HiveMQ Platform Status (RUNNING [READY] -> SET_LOG_LEVEL [SET_LOG_LEVEL]): HiveMQ Platform is updating the log level to WARN (reconciliation requests: SCALING)
2025-01-29 14:00:55,017 DEBUG com.hivemq.helmcharts.util.K8sUtil - Comparing actual state 'SET_LOG_LEVEL' and waiting for 'SET_LOG_LEVEL'
2025-01-29 14:00:55,023 DEBUG com.hivemq.helmcharts.util.K8sUtil - Comparing actual state 'SET_LOG_LEVEL' and waiting for 'RUNNING'
2025-01-29 14:00:55,026 INFO c.h.h.t.HelmChartContainer - [K3S] [reconciler_common.go:251] "operationExecutor.VerifyControllerAttachedVolume started for volume \"kube-api-access-pqgkx\" (UniqueName: \"kubernetes.io/projected/c485002a-8fcd-4f0f-82d8-456fed09f990-kube-api-access-pqgkx\") pod \"test-hivemq-platform-1\" (UID: \"c485002a-8fcd-4f0f-82d8-456fed09f990\") " pod="updateloglevelit/test-hivemq-platform-1"
2025-01-29 14:00:55,026 INFO c.h.h.t.HelmChartContainer - [K3S] [reconciler_common.go:251] "operationExecutor.VerifyControllerAttachedVolume started for volume \"broker-configuration\" (UniqueName: \"kubernetes.io/configmap/c485002a-8fcd-4f0f-82d8-456fed09f990-broker-configuration\") pod \"test-hivemq-platform-1\" (UID: \"c485002a-8fcd-4f0f-82d8-456fed09f990\") " pod="updateloglevelit/test-hivemq-platform-1"
2025-01-29 14:00:55,026 INFO c.h.h.t.HelmChartContainer - [K3S] [reconciler_common.go:251] "operationExecutor.VerifyControllerAttachedVolume started for volume \"operator-init\" (UniqueName: \"kubernetes.io/empty-dir/c485002a-8fcd-4f0f-82d8-456fed09f990-operator-init\") pod \"test-hivemq-platform-1\" (UID: \"c485002a-8fcd-4f0f-82d8-456fed09f990\") " pod="updateloglevelit/test-hivemq-platform-1"
2025-01-29 14:00:55,026 INFO c.h.h.t.HelmChartContainer - [K3S] [reconciler_common.go:251] "operationExecutor.VerifyControllerAttachedVolume started for volume \"pod-info\" (UniqueName: \"kubernetes.io/configmap/c485002a-8fcd-4f0f-82d8-456fed09f990-pod-info\") pod \"test-hivemq-platform-1\" (UID: \"c485002a-8fcd-4f0f-82d8-456fed09f990\") " pod="updateloglevelit/test-hivemq-platform-1"
2025-01-29 14:00:55,105 INFO c.h.h.t.HelmChartContainer - [hivemq-test-hivemq-platform] [hivemq-platform-operator] [7099a904] 14:00:55.098 [pool-6-thread-38] DEBUG c.h.p.o.d.PlatformServiceResource - [updatelo] Desired Platform services (3 services)
2025-01-29 14:00:55,109 INFO c.h.h.t.HelmChartContainer - [hivemq-test-hivemq-platform] [hivemq-platform-operator] [7099a904] 14:00:55.101 [pool-6-thread-39] DEBUG c.h.p.o.dependants.PodInfoConfigMap - [updatelo] Desired PodInfo ConfigMap (1 extensions) (1 enabled)
2025-01-29 14:00:55,109 INFO c.h.h.t.HelmChartContainer - [hivemq-test-hivemq-platform] [hivemq-platform-operator] [7099a904] 14:00:55.102 [pool-6-thread-39] DEBUG c.h.p.o.dependants.PodInfoConfigMap - [updatelo] Desired PodInfo ConfigMap (metrics port: 9399) (metrics path: /)
2025-01-29 14:00:55,109 INFO c.h.h.t.HelmChartContainer - [hivemq-test-hivemq-platform] [hivemq-platform-operator] [7099a904] 14:00:55.102 [pool-6-thread-39] DEBUG c.h.p.o.dependants.PodInfoConfigMap - [updatelo] Desired PodInfo ConfigMap (extension state hash: -1817474005)
2025-01-29 14:00:55,109 INFO c.h.h.t.HelmChartContainer - [hivemq-test-hivemq-platform] [hivemq-platform-operator] [7099a904] 14:00:55.102 [pool-6-thread-39] DEBUG c.h.p.o.dependants.PodInfoConfigMap - [updatelo] Update PodInfo ConfigMap
2025-01-29 14:00:55,109 INFO c.h.h.t.HelmChartContainer - [hivemq-test-hivemq-platform] [hivemq-platform-operator] [7099a904] 14:00:55.104 [pool-6-thread-33] DEBUG c.h.p.o.d.PodServiceAccountResource - [updatelo] Desired PodServiceAccountResource (serviceAccountName: hivemq-platform-pod-test-hivemq-platform)
2025-01-29 14:00:55,201 INFO c.h.h.t.HelmChartContainer - [hivemq-test-hivemq-platform] [hivemq-platform-operator] [7099a904] 14:00:55.132 [pool-6-thread-39] DEBUG c.h.p.o.d.StatefulSetResource - [updatelo] Desired StatefulSet (2 replicas) for status SET_LOG_LEVEL (SET_LOG_LEVEL)
2025-01-29 14:00:55,206 INFO c.h.h.t.HelmChartContainer - [hivemq-test-hivemq-platform] [hivemq-platform-operator] [7099a904] 14:00:55.205 [ReconcilerExecutor-hivemq-controller-117] INFO  c.h.p.o.HiveMQPlatformReconciler - [updatelo] Reconciling HiveMQ Platform 'test-hivemq-platform' in namespace 'updateloglevelit'
2025-01-29 14:00:55,206 INFO c.h.h.t.HelmChartContainer - [hivemq-test-hivemq-platform] [hivemq-platform-operator] [7099a904] 14:00:55.205 [ReconcilerExecutor-hivemq-controller-117] DEBUG c.h.p.o.HiveMQPlatformReconciler - [updatelo] Custom Resource Status SET_LOG_LEVEL - HiveMQ Platform is updating the log level to WARN (SET_LOG_LEVEL) (reconciliation requests: SCALING)
2025-01-29 14:00:55,206 INFO c.h.h.t.HelmChartContainer - [hivemq-test-hivemq-platform] [hivemq-platform-operator] [7099a904] 14:00:55.205 [ReconcilerExecutor-hivemq-controller-117] DEBUG c.h.p.o.HiveMQPlatformReconciler - [updatelo] Custom Resource Spec (replicas: 2) (extensions: 1)
2025-01-29 14:00:55,210 INFO c.h.h.t.HelmChartContainer - [hivemq-test-hivemq-platform] [hivemq-platform-operator] [7099a904] 14:00:55.208 [ReconcilerExecutor-hivemq-controller-117] DEBUG c.h.p.o.HiveMQPlatformReconciler - [updatelo] StatefulSet Status (revision: test-hivemq-platform-b697f795f, replicas: 2, available: 1, ready: 1, current: 2, updated: 2)
2025-01-29 14:00:55,213 INFO c.h.h.t.HelmChartContainer - [hivemq-test-hivemq-platform] [hivemq-platform-operator] [7099a904] 14:00:55.208 [ReconcilerExecutor-hivemq-controller-117] DEBUG c.h.p.o.HiveMQPlatformReconciler - [updatelo] StatefulSet Spec (replicas: 2, init containers: 1, containers: 1, volumes: 3)
2025-01-29 14:00:55,213 INFO c.h.h.t.HelmChartContainer - [hivemq-test-hivemq-platform] [hivemq-platform-operator] [7099a904] 14:00:55.210 [ReconcilerExecutor-hivemq-controller-117] DEBUG c.h.p.o.h.HiveMQPlatformReconcilerErrorHandler - [updatelo] Pod 'test-hivemq-platform-1' phase Pending
2025-01-29 14:00:55,213 INFO c.h.h.t.HelmChartContainer - [hivemq-test-hivemq-platform] [hivemq-platform-operator] [7099a904] 14:00:55.211 [ReconcilerExecutor-hivemq-controller-117] DEBUG c.h.p.o.h.HiveMQPlatformReconcilerErrorHandler - [updatelo] Pod 'test-hivemq-platform-1' condition 'PodReadyToStartContainers': False
2025-01-29 14:00:55,213 INFO c.h.h.t.HelmChartContainer - [hivemq-test-hivemq-platform] [hivemq-platform-operator] [7099a904] 14:00:55.211 [ReconcilerExecutor-hivemq-controller-117] DEBUG c.h.p.o.h.HiveMQPlatformReconcilerErrorHandler - [updatelo] Pod 'test-hivemq-platform-1' condition 'Initialized': False
2025-01-29 14:00:55,213 INFO c.h.h.t.HelmChartContainer - [hivemq-test-hivemq-platform] [hivemq-platform-operator] [7099a904] 14:00:55.211 [ReconcilerExecutor-hivemq-controller-117] DEBUG c.h.p.o.h.HiveMQPlatformReconcilerErrorHandler - [updatelo] Pod 'test-hivemq-platform-1' condition 'Ready': False
2025-01-29 14:00:55,213 INFO c.h.h.t.HelmChartContainer - [hivemq-test-hivemq-platform] [hivemq-platform-operator] [7099a904] 14:00:55.211 [ReconcilerExecutor-hivemq-controller-117] DEBUG c.h.p.o.h.HiveMQPlatformReconcilerErrorHandler - [updatelo] Pod 'test-hivemq-platform-1' condition 'ContainersReady': False
2025-01-29 14:00:55,213 INFO c.h.h.t.HelmChartContainer - [hivemq-test-hivemq-platform] [hivemq-platform-operator] [7099a904] 14:00:55.211 [ReconcilerExecutor-hivemq-controller-117] DEBUG c.h.p.o.h.HiveMQPlatformReconcilerErrorHandler - [updatelo] Pod 'test-hivemq-platform-1' condition 'PodScheduled': True
2025-01-29 14:00:55,213 INFO c.h.h.t.HelmChartContainer - [hivemq-test-hivemq-platform] [hivemq-platform-operator] [7099a904] 14:00:55.211 [ReconcilerExecutor-hivemq-controller-117] DEBUG c.h.p.o.h.HiveMQPlatformReconcilerErrorHandler - [updatelo] Pod 'test-hivemq-platform-1' containerStatus 'hivemq' (started: false) (ready: false) (waiting: [PodInitializing] null)
2025-01-29 14:00:55,230 INFO c.h.h.t.HelmChartContainer - [hivemq-test-hivemq-platform] [hivemq-platform-operator] [7099a904] 14:00:55.228 [ReconcilerExecutor-hivemq-controller-117] DEBUG c.h.p.o.h.HiveMQPlatformReconcilerErrorHandler - [updatelo] Pod 'test-hivemq-platform-0' phase Running
2025-01-29 14:00:55,316 INFO c.h.h.t.HelmChartContainer - [hivemq-test-hivemq-platform] [hivemq-platform-operator] [7099a904] 14:00:55.312 [ReconcilerExecutor-hivemq-controller-117] DEBUG c.h.p.o.h.HiveMQPlatformReconcilerSetLogLevelHandler - [updatelo] Setting log level on Pod 'test-hivemq-platform-1'
2025-01-29 14:00:55,317 INFO c.h.h.t.HelmChartContainer - [hivemq-test-hivemq-platform] [hivemq-platform-operator] [7099a904] 14:00:55.312 [ForkJoinPool.commonPool-worker-1] DEBUG c.h.p.o.h.HiveMQPlatformReconcilerSetLogLevelHandler - [updatelo] Setting log level on Pod 'test-hivemq-platform-0'
2025-01-29 14:00:55,331 INFO c.h.h.t.HelmChartContainer - [hivemq-test-hivemq-platform] [hivemq-platform-operator] [7099a904] 14:00:55.327 [ReconcilerExecutor-hivemq-controller-117] DEBUG c.h.platform.operator.util.PodUtil - Pod 'test-hivemq-platform-1' is not running
2025-01-29 14:00:55,402 INFO c.h.h.t.HelmChartContainer - [hivemq-test-hivemq-platform] [hivemq-platform-operator] [7099a904] 14:00:55.328 [ReconcilerExecutor-hivemq-controller-117] ERROR i.j.o.p.event.EventProcessor - Error during event processing ExecutionScope{ resource id: ResourceID{name='test-hivemq-platform', namespace='updateloglevelit'}, version: 1256}
2025-01-29 14:00:55,402 INFO c.h.h.t.HelmChartContainer - [hivemq-test-hivemq-platform] [hivemq-platform-operator] [7099a904] io.javaoperatorsdk.operator.OperatorException: java.lang.IllegalStateException: Pod 'test-hivemq-platform-1' in namespace 'updateloglevelit' is not running, cannot execute command '[curl, -s, http://null:7979/setLogLevel?level=WARN]'
2025-01-29 14:00:55,402 INFO c.h.h.t.HelmChartContainer - [hivemq-test-hivemq-platform] [hivemq-platform-operator] [7099a904] 	at io.javaoperatorsdk.operator.monitoring.micrometer.MicrometerMetrics.lambda$timeControllerExecution$0(MicrometerMetrics.java:165)
2025-01-29 14:00:55,402 INFO c.h.h.t.HelmChartContainer - [hivemq-test-hivemq-platform] [hivemq-platform-operator] [7099a904] 	at io.micrometer.core.instrument.AbstractTimer.record(AbstractTimer.java:190)
2025-01-29 14:00:55,402 INFO c.h.h.t.HelmChartContainer - [hivemq-test-hivemq-platform] [hivemq-platform-operator] [7099a904] 	at io.javaoperatorsdk.operator.monitoring.micrometer.MicrometerMetrics.timeControllerExecution(MicrometerMetrics.java:161)
2025-01-29 14:00:55,402 INFO c.h.h.t.HelmChartContainer - [hivemq-test-hivemq-platform] [hivemq-platform-operator] [7099a904] 	at io.javaoperatorsdk.operator.processing.Controller.reconcile(Controller.java:109)
2025-01-29 14:00:55,402 INFO c.h.h.t.HelmChartContainer - [hivemq-test-hivemq-platform] [hivemq-platform-operator] [7099a904] 	at io.javaoperatorsdk.operator.processing.event.ReconciliationDispatcher.reconcileExecution(ReconciliationDispatcher.java:136)
2025-01-29 14:00:55,402 INFO c.h.h.t.HelmChartContainer - [hivemq-test-hivemq-platform] [hivemq-platform-operator] [7099a904] 	at io.javaoperatorsdk.operator.processing.event.ReconciliationDispatcher.handleReconcile(ReconciliationDispatcher.java:117)
2025-01-29 14:00:55,402 INFO c.h.h.t.HelmChartContainer - [hivemq-test-hivemq-platform] [hivemq-platform-operator] [7099a904] 	at io.javaoperatorsdk.operator.processing.event.ReconciliationDispatcher.handleDispatch(ReconciliationDispatcher.java:91)
2025-01-29 14:00:55,402 INFO c.h.h.t.HelmChartContainer - [hivemq-test-hivemq-platform] [hivemq-platform-operator] [7099a904] 	at io.javaoperatorsdk.operator.processing.event.ReconciliationDispatcher.handleExecution(ReconciliationDispatcher.java:64)
2025-01-29 14:00:55,402 INFO c.h.h.t.HelmChartContainer - [hivemq-test-hivemq-platform] [hivemq-platform-operator] [7099a904] 	at io.javaoperatorsdk.operator.processing.event.EventProcessor$ReconcilerExecutor.run(EventProcessor.java:452)
2025-01-29 14:00:55,402 INFO c.h.h.t.HelmChartContainer - [hivemq-test-hivemq-platform] [hivemq-platform-operator] [7099a904] 	at java.base/java.util.concurrent.ThreadPoolExecutor.runWorker(Unknown Source)
2025-01-29 14:00:55,402 INFO c.h.h.t.HelmChartContainer - [hivemq-test-hivemq-platform] [hivemq-platform-operator] [7099a904] 	at java.base/java.util.concurrent.ThreadPoolExecutor$Worker.run(Unknown Source)
2025-01-29 14:00:55,402 INFO c.h.h.t.HelmChartContainer - [hivemq-test-hivemq-platform] [hivemq-platform-operator] [7099a904] 	at java.base/java.lang.Thread.run(Unknown Source)
2025-01-29 14:00:55,402 INFO c.h.h.t.HelmChartContainer - [hivemq-test-hivemq-platform] [hivemq-platform-operator] [7099a904] Caused by: java.lang.IllegalStateException: Pod 'test-hivemq-platform-1' in namespace 'updateloglevelit' is not running, cannot execute command '[curl, -s, http://null:7979/setLogLevel?level=WARN]'
2025-01-29 14:00:55,402 INFO c.h.h.t.HelmChartContainer - [hivemq-test-hivemq-platform] [hivemq-platform-operator] [7099a904] 	at com.hivemq.platform.operator.util.PodUtil.execute(PodUtil.java:74)
2025-01-29 14:00:55,402 INFO c.h.h.t.HelmChartContainer - [hivemq-test-hivemq-platform] [hivemq-platform-operator] [7099a904] 	at com.hivemq.platform.operator.util.RestApiUtil.lambda$callRestApi$1(RestApiUtil.java:44)
2025-01-29 14:00:55,402 INFO c.h.h.t.HelmChartContainer - [hivemq-test-hivemq-platform] [hivemq-platform-operator] [7099a904] 	at java.base/java.util.stream.ForEachOps$ForEachOp$OfRef.accept(Unknown Source)
2025-01-29 14:00:55,402 INFO c.h.h.t.HelmChartContainer - [hivemq-test-hivemq-platform] [hivemq-platform-operator] [7099a904] 	at java.base/java.util.stream.ReferencePipeline$2$1.accept(Unknown Source)
2025-01-29 14:00:55,402 INFO c.h.h.t.HelmChartContainer - [hivemq-test-hivemq-platform] [hivemq-platform-operator] [7099a904] 	at java.base/java.util.ArrayList$ArrayListSpliterator.forEachRemaining(Unknown Source)
2025-01-29 14:00:55,402 INFO c.h.h.t.HelmChartContainer - [hivemq-test-hivemq-platform] [hivemq-platform-operator] [7099a904] 	at java.base/java.util.stream.AbstractPipeline.copyInto(Unknown Source)
2025-01-29 14:00:55,402 INFO c.h.h.t.HelmChartContainer - [hivemq-test-hivemq-platform] [hivemq-platform-operator] [7099a904] 	at java.base/java.util.stream.ForEachOps$ForEachTask.compute(Unknown Source)
2025-01-29 14:00:55,402 INFO c.h.h.t.HelmChartContainer - [hivemq-test-hivemq-platform] [hivemq-platform-operator] [7099a904] 	at java.base/java.util.concurrent.CountedCompleter.exec(Unknown Source)
2025-01-29 14:00:55,402 INFO c.h.h.t.HelmChartContainer - [hivemq-test-hivemq-platform] [hivemq-platform-operator] [7099a904] 	at java.base/java.util.concurrent.ForkJoinTask.doExec(Unknown Source)
2025-01-29 14:00:55,402 INFO c.h.h.t.HelmChartContainer - [hivemq-test-hivemq-platform] [hivemq-platform-operator] [7099a904] 	at java.base/java.util.concurrent.ForkJoinTask.invoke(Unknown Source)
2025-01-29 14:00:55,402 INFO c.h.h.t.HelmChartContainer - [hivemq-test-hivemq-platform] [hivemq-platform-operator] [7099a904] 	at java.base/java.util.stream.ForEachOps$ForEachOp.evaluateParallel(Unknown Source)
2025-01-29 14:00:55,402 INFO c.h.h.t.HelmChartContainer - [hivemq-test-hivemq-platform] [hivemq-platform-operator] [7099a904] 	at java.base/java.util.stream.ForEachOps$ForEachOp$OfRef.evaluateParallel(Unknown Source)
2025-01-29 14:00:55,402 INFO c.h.h.t.HelmChartContainer - [hivemq-test-hivemq-platform] [hivemq-platform-operator] [7099a904] 	at java.base/java.util.stream.AbstractPipeline.evaluate(Unknown Source)
2025-01-29 14:00:55,402 INFO c.h.h.t.HelmChartContainer - [hivemq-test-hivemq-platform] [hivemq-platform-operator] [7099a904] 	at java.base/java.util.stream.ReferencePipeline.forEach(Unknown Source)
2025-01-29 14:00:55,402 INFO c.h.h.t.HelmChartContainer - [hivemq-test-hivemq-platform] [hivemq-platform-operator] [7099a904] 	at com.hivemq.platform.operator.util.RestApiUtil.callRestApi(RestApiUtil.java:40)
2025-01-29 14:00:55,402 INFO c.h.h.t.HelmChartContainer - [hivemq-test-hivemq-platform] [hivemq-platform-operator] [7099a904] 	at com.hivemq.platform.operator.http.RestApiService.callRestApi(RestApiService.java:63)
2025-01-29 14:00:55,402 INFO c.h.h.t.HelmChartContainer - [hivemq-test-hivemq-platform] [hivemq-platform-operator] [7099a904] 	at com.hivemq.platform.operator.handler.HiveMQPlatformReconcilerSetLogLevelHandler.handleSetLogLevel(HiveMQPlatformReconcilerSetLogLevelHandler.java:49)
2025-01-29 14:00:55,402 INFO c.h.h.t.HelmChartContainer - [hivemq-test-hivemq-platform] [hivemq-platform-operator] [7099a904] 	at com.hivemq.platform.operator.HiveMQPlatformReconciler.reconcile(HiveMQPlatformReconciler.java:243)
2025-01-29 14:00:55,402 INFO c.h.h.t.HelmChartContainer - [hivemq-test-hivemq-platform] [hivemq-platform-operator] [7099a904] 	at com.hivemq.platform.operator.HiveMQPlatformReconciler.reconcile(HiveMQPlatformReconciler.java:227)
2025-01-29 14:00:55,402 INFO c.h.h.t.HelmChartContainer - [hivemq-test-hivemq-platform] [hivemq-platform-operator] [7099a904] 	at com.hivemq.platform.operator.HiveMQPlatformReconciler.reconcile(HiveMQPlatformReconciler.java:71)
2025-01-29 14:00:55,402 INFO c.h.h.t.HelmChartContainer - [hivemq-test-hivemq-platform] [hivemq-platform-operator] [7099a904] 	at io.javaoperatorsdk.operator.processing.Controller$1.execute(Controller.java:149)
2025-01-29 14:00:55,402 INFO c.h.h.t.HelmChartContainer - [hivemq-test-hivemq-platform] [hivemq-platform-operator] [7099a904] 	at io.javaoperatorsdk.operator.processing.Controller$1.execute(Controller.java:110)
2025-01-29 14:00:55,402 INFO c.h.h.t.HelmChartContainer - [hivemq-test-hivemq-platform] [hivemq-platform-operator] [7099a904] 	at io.javaoperatorsdk.operator.monitoring.micrometer.MicrometerMetrics.lambda$timeControllerExecution$0(MicrometerMetrics.java:163)
2025-01-29 14:00:55,402 INFO c.h.h.t.HelmChartContainer - [hivemq-test-hivemq-platform] [hivemq-platform-operator] [7099a904] 	... 11 common frames omitted
2025-01-29 14:00:55,537 INFO c.h.h.t.HelmChartContainer - [EVENT] Normal [Pulled] Container image "docker.io/hivemq/hivemq-platform-operator-init-test:snapshot" already present on machine [updateloglevelit:test-hivemq-platform-1]
2025-01-29 14:00:55,548 INFO c.h.h.t.HelmChartContainer - [EVENT] Normal [Created] Created container: hivemq-platform-operator-init [updateloglevelit:test-hivemq-platform-1]
2025-01-29 14:00:55,568 INFO c.h.h.t.HelmChartContainer - [test-hivemq-platform] [hivemq] [c4cdc15d] INFO  - [HiveMQ Platform Operator Init App 1.7.0-SNAPSHOT] Set log level from ${HIVEMQ_LOG_LEVEL:-INFO} to WARN in logback.xml file
2025-01-29 14:00:55,591 INFO c.h.h.t.HelmChartContainer - [EVENT] Normal [Started] Started container hivemq-platform-operator-init [updateloglevelit:test-hivemq-platform-1]
2025-01-29 14:00:55,655 INFO c.h.h.t.HelmChartContainer - [hivemq-test-hivemq-platform] [hivemq-platform-operator] [7099a904] 14:00:55.654 [vert.x-eventloop-thread-1] DEBUG c.h.platform.operator.util.PodUtil - Received status for command '[curl, -s, http://10.42.0.11:7979/setLogLevel?level=WARN]' on Pod 'test-hivemq-platform-0' (exit code: 0)
2025-01-29 14:00:55,741 INFO c.h.h.t.HelmChartContainer - [POD] test-hivemq-platform-1 [c485002a-8fcd-4f0f-82d8-456fed09f990] in updateloglevelit was MODIFIED
2025-01-29 14:00:55,743 INFO c.h.h.t.HelmChartContainer - [hivemq-test-hivemq-platform] [hivemq-platform-operator] [7099a904] 14:00:55.737 [pool-6-thread-43] DEBUG c.h.p.o.d.PlatformServiceResource - [updatelo] Desired Platform services (3 services)
2025-01-29 14:00:55,745 INFO c.h.h.t.HelmChartContainer - [hivemq-test-hivemq-platform] [hivemq-platform-operator] [7099a904] 14:00:55.744 [pool-6-thread-46] DEBUG c.h.p.o.dependants.PodInfoConfigMap - [updatelo] Desired PodInfo ConfigMap (1 extensions) (1 enabled)
2025-01-29 14:00:55,745 INFO c.h.h.t.HelmChartContainer - [hivemq-test-hivemq-platform] [hivemq-platform-operator] [7099a904] 14:00:55.744 [pool-6-thread-46] DEBUG c.h.p.o.dependants.PodInfoConfigMap - [updatelo] Desired PodInfo ConfigMap (metrics port: 9399) (metrics path: /)
2025-01-29 14:00:55,753 INFO c.h.h.t.HelmChartContainer - [hivemq-test-hivemq-platform] [hivemq-platform-operator] [7099a904] 14:00:55.744 [pool-6-thread-42] DEBUG c.h.p.o.d.PodServiceAccountResource - [updatelo] Desired PodServiceAccountResource (serviceAccountName: hivemq-platform-pod-test-hivemq-platform)
2025-01-29 14:00:55,753 INFO c.h.h.t.HelmChartContainer - [hivemq-test-hivemq-platform] [hivemq-platform-operator] [7099a904] 14:00:55.744 [pool-6-thread-46] DEBUG c.h.p.o.dependants.PodInfoConfigMap - [updatelo] Desired PodInfo ConfigMap (extension state hash: -1817474005)
2025-01-29 14:00:55,758 INFO c.h.h.t.HelmChartContainer - [hivemq-test-hivemq-platform] [hivemq-platform-operator] [7099a904] 14:00:55.752 [pool-6-thread-46] DEBUG c.h.p.o.d.StatefulSetResource - [updatelo] Desired StatefulSet (2 replicas) for status SET_LOG_LEVEL (SET_LOG_LEVEL)
2025-01-29 14:00:55,829 INFO c.h.h.t.HelmChartContainer - [hivemq-test-hivemq-platform] [hivemq-platform-operator] [7099a904] 14:00:55.827 [ReconcilerExecutor-hivemq-controller-120] INFO  c.h.p.o.HiveMQPlatformReconciler - [updatelo] Reconciling HiveMQ Platform 'test-hivemq-platform' in namespace 'updateloglevelit'
2025-01-29 14:00:55,831 INFO c.h.h.t.HelmChartContainer - [hivemq-test-hivemq-platform] [hivemq-platform-operator] [7099a904] 14:00:55.827 [ReconcilerExecutor-hivemq-controller-120] DEBUG c.h.p.o.HiveMQPlatformReconciler - [updatelo] Custom Resource Status SET_LOG_LEVEL - HiveMQ Platform is updating the log level to WARN (SET_LOG_LEVEL) (reconciliation requests: SCALING)
2025-01-29 14:00:55,831 INFO c.h.h.t.HelmChartContainer - [hivemq-test-hivemq-platform] [hivemq-platform-operator] [7099a904] 14:00:55.827 [ReconcilerExecutor-hivemq-controller-120] DEBUG c.h.p.o.HiveMQPlatformReconciler - [updatelo] Custom Resource Spec (replicas: 2) (extensions: 1)
2025-01-29 14:00:55,831 INFO c.h.h.t.HelmChartContainer - [hivemq-test-hivemq-platform] [hivemq-platform-operator] [7099a904] 14:00:55.829 [ReconcilerExecutor-hivemq-controller-120] DEBUG c.h.p.o.HiveMQPlatformReconciler - [updatelo] StatefulSet Status (revision: test-hivemq-platform-b697f795f, replicas: 2, available: 1, ready: 1, current: 2, updated: 2)
2025-01-29 14:00:55,831 INFO c.h.h.t.HelmChartContainer - [hivemq-test-hivemq-platform] [hivemq-platform-operator] [7099a904] 14:00:55.829 [ReconcilerExecutor-hivemq-controller-120] DEBUG c.h.p.o.HiveMQPlatformReconciler - [updatelo] StatefulSet Spec (replicas: 2, init containers: 1, containers: 1, volumes: 3)
2025-01-29 14:00:55,835 INFO c.h.h.t.HelmChartContainer - [hivemq-test-hivemq-platform] [hivemq-platform-operator] [7099a904] 14:00:55.831 [ReconcilerExecutor-hivemq-controller-120] DEBUG c.h.p.o.h.HiveMQPlatformReconcilerErrorHandler - [updatelo] Pod 'test-hivemq-platform-1' phase Pending
2025-01-29 14:00:55,835 INFO c.h.h.t.HelmChartContainer - [hivemq-test-hivemq-platform] [hivemq-platform-operator] [7099a904] 14:00:55.832 [ReconcilerExecutor-hivemq-controller-120] DEBUG c.h.p.o.h.HiveMQPlatformReconcilerErrorHandler - [updatelo] Pod 'test-hivemq-platform-1' condition 'PodReadyToStartContainers': True
2025-01-29 14:00:55,835 INFO c.h.h.t.HelmChartContainer - [hivemq-test-hivemq-platform] [hivemq-platform-operator] [7099a904] 14:00:55.832 [ReconcilerExecutor-hivemq-controller-120] DEBUG c.h.p.o.h.HiveMQPlatformReconcilerErrorHandler - [updatelo] Pod 'test-hivemq-platform-1' condition 'Initialized': False
2025-01-29 14:00:55,835 INFO c.h.h.t.HelmChartContainer - [hivemq-test-hivemq-platform] [hivemq-platform-operator] [7099a904] 14:00:55.832 [ReconcilerExecutor-hivemq-controller-120] DEBUG c.h.p.o.h.HiveMQPlatformReconcilerErrorHandler - [updatelo] Pod 'test-hivemq-platform-1' condition 'Ready': False
2025-01-29 14:00:55,835 INFO c.h.h.t.HelmChartContainer - [hivemq-test-hivemq-platform] [hivemq-platform-operator] [7099a904] 14:00:55.832 [ReconcilerExecutor-hivemq-controller-120] DEBUG c.h.p.o.h.HiveMQPlatformReconcilerErrorHandler - [updatelo] Pod 'test-hivemq-platform-1' condition 'ContainersReady': False
2025-01-29 14:00:55,835 INFO c.h.h.t.HelmChartContainer - [hivemq-test-hivemq-platform] [hivemq-platform-operator] [7099a904] 14:00:55.832 [ReconcilerExecutor-hivemq-controller-120] DEBUG c.h.p.o.h.HiveMQPlatformReconcilerErrorHandler - [updatelo] Pod 'test-hivemq-platform-1' condition 'PodScheduled': True
2025-01-29 14:00:55,835 INFO c.h.h.t.HelmChartContainer - [hivemq-test-hivemq-platform] [hivemq-platform-operator] [7099a904] 14:00:55.832 [ReconcilerExecutor-hivemq-controller-120] DEBUG c.h.p.o.h.HiveMQPlatformReconcilerErrorHandler - [updatelo] Pod 'test-hivemq-platform-1' containerStatus 'hivemq' (started: false) (ready: false) (waiting: [PodInitializing] null)
2025-01-29 14:00:55,835 INFO c.h.h.t.HelmChartContainer - [hivemq-test-hivemq-platform] [hivemq-platform-operator] [7099a904] 14:00:55.833 [ReconcilerExecutor-hivemq-controller-120] DEBUG c.h.p.o.h.HiveMQPlatformReconcilerErrorHandler - [updatelo] Pod 'test-hivemq-platform-0' phase Running
2025-01-29 14:00:55,845 INFO c.h.h.t.HelmChartContainer - [hivemq-test-hivemq-platform] [hivemq-platform-operator] [7099a904] 14:00:55.842 [ReconcilerExecutor-hivemq-controller-120] DEBUG c.h.p.o.h.HiveMQPlatformReconcilerSetLogLevelHandler - [updatelo] Setting log level on Pod 'test-hivemq-platform-1'
2025-01-29 14:00:55,847 INFO c.h.h.t.HelmChartContainer - [hivemq-test-hivemq-platform] [hivemq-platform-operator] [7099a904] 14:00:55.845 [ForkJoinPool.commonPool-worker-1] DEBUG c.h.p.o.h.HiveMQPlatformReconcilerSetLogLevelHandler - [updatelo] Setting log level on Pod 'test-hivemq-platform-0'
2025-01-29 14:00:55,928 INFO c.h.h.t.HelmChartContainer - [hivemq-test-hivemq-platform] [hivemq-platform-operator] [7099a904] 14:00:55.927 [ReconcilerExecutor-hivemq-controller-120] DEBUG c.h.platform.operator.util.PodUtil - Pod 'test-hivemq-platform-1' is not running
2025-01-29 14:00:55,931 INFO c.h.h.t.HelmChartContainer - [hivemq-test-hivemq-platform] [hivemq-platform-operator] [7099a904] 14:00:55.929 [ReconcilerExecutor-hivemq-controller-120] ERROR i.j.o.p.event.EventProcessor - Error during event processing ExecutionScope{ resource id: ResourceID{name='test-hivemq-platform', namespace='updateloglevelit'}, version: 1256}
2025-01-29 14:00:55,931 INFO c.h.h.t.HelmChartContainer - [hivemq-test-hivemq-platform] [hivemq-platform-operator] [7099a904] io.javaoperatorsdk.operator.OperatorException: java.lang.IllegalStateException: Pod 'test-hivemq-platform-1' in namespace 'updateloglevelit' is not running, cannot execute command '[curl, -s, http://10.42.0.12:7979/setLogLevel?level=WARN]'
2025-01-29 14:00:55,931 INFO c.h.h.t.HelmChartContainer - [hivemq-test-hivemq-platform] [hivemq-platform-operator] [7099a904] 	at io.javaoperatorsdk.operator.monitoring.micrometer.MicrometerMetrics.lambda$timeControllerExecution$0(MicrometerMetrics.java:165)
2025-01-29 14:00:55,931 INFO c.h.h.t.HelmChartContainer - [hivemq-test-hivemq-platform] [hivemq-platform-operator] [7099a904] 	at io.micrometer.core.instrument.AbstractTimer.record(AbstractTimer.java:190)
2025-01-29 14:00:55,931 INFO c.h.h.t.HelmChartContainer - [hivemq-test-hivemq-platform] [hivemq-platform-operator] [7099a904] 	at io.javaoperatorsdk.operator.monitoring.micrometer.MicrometerMetrics.timeControllerExecution(MicrometerMetrics.java:161)
2025-01-29 14:00:55,931 INFO c.h.h.t.HelmChartContainer - [hivemq-test-hivemq-platform] [hivemq-platform-operator] [7099a904] 	at io.javaoperatorsdk.operator.processing.Controller.reconcile(Controller.java:109)
2025-01-29 14:00:55,931 INFO c.h.h.t.HelmChartContainer - [hivemq-test-hivemq-platform] [hivemq-platform-operator] [7099a904] 	at io.javaoperatorsdk.operator.processing.event.ReconciliationDispatcher.reconcileExecution(ReconciliationDispatcher.java:136)
2025-01-29 14:00:55,931 INFO c.h.h.t.HelmChartContainer - [hivemq-test-hivemq-platform] [hivemq-platform-operator] [7099a904] 	at io.javaoperatorsdk.operator.processing.event.ReconciliationDispatcher.handleReconcile(ReconciliationDispatcher.java:117)
2025-01-29 14:00:55,931 INFO c.h.h.t.HelmChartContainer - [hivemq-test-hivemq-platform] [hivemq-platform-operator] [7099a904] 	at io.javaoperatorsdk.operator.processing.event.ReconciliationDispatcher.handleDispatch(ReconciliationDispatcher.java:91)
2025-01-29 14:00:55,931 INFO c.h.h.t.HelmChartContainer - [hivemq-test-hivemq-platform] [hivemq-platform-operator] [7099a904] 	at io.javaoperatorsdk.operator.processing.event.ReconciliationDispatcher.handleExecution(ReconciliationDispatcher.java:64)
2025-01-29 14:00:55,931 INFO c.h.h.t.HelmChartContainer - [hivemq-test-hivemq-platform] [hivemq-platform-operator] [7099a904] 	at io.javaoperatorsdk.operator.processing.event.EventProcessor$ReconcilerExecutor.run(EventProcessor.java:452)
2025-01-29 14:00:55,931 INFO c.h.h.t.HelmChartContainer - [hivemq-test-hivemq-platform] [hivemq-platform-operator] [7099a904] 	at java.base/java.util.concurrent.ThreadPoolExecutor.runWorker(Unknown Source)
2025-01-29 14:00:55,931 INFO c.h.h.t.HelmChartContainer - [hivemq-test-hivemq-platform] [hivemq-platform-operator] [7099a904] 	at java.base/java.util.concurrent.ThreadPoolExecutor$Worker.run(Unknown Source)
2025-01-29 14:00:55,931 INFO c.h.h.t.HelmChartContainer - [hivemq-test-hivemq-platform] [hivemq-platform-operator] [7099a904] 	at java.base/java.lang.Thread.run(Unknown Source)
2025-01-29 14:00:55,931 INFO c.h.h.t.HelmChartContainer - [hivemq-test-hivemq-platform] [hivemq-platform-operator] [7099a904] Caused by: java.lang.IllegalStateException: Pod 'test-hivemq-platform-1' in namespace 'updateloglevelit' is not running, cannot execute command '[curl, -s, http://10.42.0.12:7979/setLogLevel?level=WARN]'
2025-01-29 14:00:55,931 INFO c.h.h.t.HelmChartContainer - [hivemq-test-hivemq-platform] [hivemq-platform-operator] [7099a904] 	at com.hivemq.platform.operator.util.PodUtil.execute(PodUtil.java:74)
2025-01-29 14:00:55,931 INFO c.h.h.t.HelmChartContainer - [hivemq-test-hivemq-platform] [hivemq-platform-operator] [7099a904] 	at com.hivemq.platform.operator.util.RestApiUtil.lambda$callRestApi$1(RestApiUtil.java:44)
2025-01-29 14:00:55,931 INFO c.h.h.t.HelmChartContainer - [hivemq-test-hivemq-platform] [hivemq-platform-operator] [7099a904] 	at java.base/java.util.stream.ForEachOps$ForEachOp$OfRef.accept(Unknown Source)
2025-01-29 14:00:55,931 INFO c.h.h.t.HelmChartContainer - [hivemq-test-hivemq-platform] [hivemq-platform-operator] [7099a904] 	at java.base/java.util.stream.ReferencePipeline$2$1.accept(Unknown Source)
2025-01-29 14:00:55,931 INFO c.h.h.t.HelmChartContainer - [hivemq-test-hivemq-platform] [hivemq-platform-operator] [7099a904] 	at java.base/java.util.ArrayList$ArrayListSpliterator.forEachRemaining(Unknown Source)
2025-01-29 14:00:55,931 INFO c.h.h.t.HelmChartContainer - [hivemq-test-hivemq-platform] [hivemq-platform-operator] [7099a904] 	at java.base/java.util.stream.AbstractPipeline.copyInto(Unknown Source)
2025-01-29 14:00:55,931 INFO c.h.h.t.HelmChartContainer - [hivemq-test-hivemq-platform] [hivemq-platform-operator] [7099a904] 	at java.base/java.util.stream.ForEachOps$ForEachTask.compute(Unknown Source)
2025-01-29 14:00:55,932 INFO c.h.h.t.HelmChartContainer - [hivemq-test-hivemq-platform] [hivemq-platform-operator] [7099a904] 	at java.base/java.util.concurrent.CountedCompleter.exec(Unknown Source)
2025-01-29 14:00:55,932 INFO c.h.h.t.HelmChartContainer - [hivemq-test-hivemq-platform] [hivemq-platform-operator] [7099a904] 	at java.base/java.util.concurrent.ForkJoinTask.doExec(Unknown Source)
2025-01-29 14:00:55,932 INFO c.h.h.t.HelmChartContainer - [hivemq-test-hivemq-platform] [hivemq-platform-operator] [7099a904] 	at java.base/java.util.concurrent.ForkJoinTask.invoke(Unknown Source)
2025-01-29 14:00:55,932 INFO c.h.h.t.HelmChartContainer - [hivemq-test-hivemq-platform] [hivemq-platform-operator] [7099a904] 	at java.base/java.util.stream.ForEachOps$ForEachOp.evaluateParallel(Unknown Source)
2025-01-29 14:00:55,932 INFO c.h.h.t.HelmChartContainer - [hivemq-test-hivemq-platform] [hivemq-platform-operator] [7099a904] 	at java.base/java.util.stream.ForEachOps$ForEachOp$OfRef.evaluateParallel(Unknown Source)
2025-01-29 14:00:55,932 INFO c.h.h.t.HelmChartContainer - [hivemq-test-hivemq-platform] [hivemq-platform-operator] [7099a904] 	at java.base/java.util.stream.AbstractPipeline.evaluate(Unknown Source)
2025-01-29 14:00:55,932 INFO c.h.h.t.HelmChartContainer - [hivemq-test-hivemq-platform] [hivemq-platform-operator] [7099a904] 	at java.base/java.util.stream.ReferencePipeline.forEach(Unknown Source)
2025-01-29 14:00:55,932 INFO c.h.h.t.HelmChartContainer - [hivemq-test-hivemq-platform] [hivemq-platform-operator] [7099a904] 	at com.hivemq.platform.operator.util.RestApiUtil.callRestApi(RestApiUtil.java:40)
2025-01-29 14:00:55,932 INFO c.h.h.t.HelmChartContainer - [hivemq-test-hivemq-platform] [hivemq-platform-operator] [7099a904] 	at com.hivemq.platform.operator.http.RestApiService.callRestApi(RestApiService.java:63)
2025-01-29 14:00:55,932 INFO c.h.h.t.HelmChartContainer - [hivemq-test-hivemq-platform] [hivemq-platform-operator] [7099a904] 	at com.hivemq.platform.operator.handler.HiveMQPlatformReconcilerSetLogLevelHandler.handleSetLogLevel(HiveMQPlatformReconcilerSetLogLevelHandler.java:49)
2025-01-29 14:00:55,932 INFO c.h.h.t.HelmChartContainer - [hivemq-test-hivemq-platform] [hivemq-platform-operator] [7099a904] 	at com.hivemq.platform.operator.HiveMQPlatformReconciler.reconcile(HiveMQPlatformReconciler.java:243)
2025-01-29 14:00:55,932 INFO c.h.h.t.HelmChartContainer - [hivemq-test-hivemq-platform] [hivemq-platform-operator] [7099a904] 	at com.hivemq.platform.operator.HiveMQPlatformReconciler.reconcile(HiveMQPlatformReconciler.java:227)
2025-01-29 14:00:55,932 INFO c.h.h.t.HelmChartContainer - [hivemq-test-hivemq-platform] [hivemq-platform-operator] [7099a904] 	at com.hivemq.platform.operator.HiveMQPlatformReconciler.reconcile(HiveMQPlatformReconciler.java:71)
2025-01-29 14:00:55,932 INFO c.h.h.t.HelmChartContainer - [hivemq-test-hivemq-platform] [hivemq-platform-operator] [7099a904] 	at io.javaoperatorsdk.operator.processing.Controller$1.execute(Controller.java:149)
2025-01-29 14:00:55,932 INFO c.h.h.t.HelmChartContainer - [hivemq-test-hivemq-platform] [hivemq-platform-operator] [7099a904] 	at io.javaoperatorsdk.operator.processing.Controller$1.execute(Controller.java:110)
2025-01-29 14:00:55,932 INFO c.h.h.t.HelmChartContainer - [hivemq-test-hivemq-platform] [hivemq-platform-operator] [7099a904] 	at io.javaoperatorsdk.operator.monitoring.micrometer.MicrometerMetrics.lambda$timeControllerExecution$0(MicrometerMetrics.java:163)
2025-01-29 14:00:55,932 INFO c.h.h.t.HelmChartContainer - [hivemq-test-hivemq-platform] [hivemq-platform-operator] [7099a904] 	... 11 common frames omitted
2025-01-29 14:00:55,994 INFO c.h.h.t.HelmChartContainer - [test-hivemq-platform] [hivemq] [c4cdc15d] INFO  - [HiveMQ Platform Operator Init App 1.7.0-SNAPSHOT] Set log level from WARN to WARN in logback.xml file
2025-01-29 14:00:56,046 INFO c.h.h.t.HelmChartContainer - [hivemq-test-hivemq-platform] [hivemq-platform-operator] [7099a904] 14:00:56.045 [vert.x-eventloop-thread-1] DEBUG c.h.platform.operator.util.PodUtil - Received status for command '[curl, -s, http://10.42.0.11:7979/setLogLevel?level=WARN]' on Pod 'test-hivemq-platform-0' (exit code: 0)
2025-01-29 14:00:56,726 INFO c.h.h.t.HelmChartContainer - [EVENT] Normal [Pulled] Container image "docker.io/hivemq/hivemq4:4.36.0" already present on machine [updateloglevelit:test-hivemq-platform-1]
2025-01-29 14:00:56,727 INFO c.h.h.t.HelmChartContainer - Received Pulled event for container hivemq in pod test-hivemq-platform-1 [c485002a-8fcd-4f0f-82d8-456fed09f990]
2025-01-29 14:00:56,734 INFO c.h.h.t.HelmChartContainer - [POD] test-hivemq-platform-1 [c485002a-8fcd-4f0f-82d8-456fed09f990] in updateloglevelit was MODIFIED
2025-01-29 14:00:56,740 INFO c.h.h.t.HelmChartContainer - [EVENT] Normal [Created] Created container: hivemq [updateloglevelit:test-hivemq-platform-1]
2025-01-29 14:00:56,740 INFO c.h.h.t.HelmChartContainer - Received Created event for container hivemq in pod test-hivemq-platform-1 [c485002a-8fcd-4f0f-82d8-456fed09f990]
2025-01-29 14:00:56,843 INFO c.h.h.t.HelmChartContainer - [hivemq-test-hivemq-platform] [hivemq-platform-operator] [7099a904] 14:00:56.840 [pool-6-thread-2] DEBUG c.h.p.o.d.PlatformServiceResource - [updatelo] Desired Platform services (3 services)
2025-01-29 14:00:56,847 INFO c.h.h.t.HelmChartContainer - [hivemq-test-hivemq-platform] [hivemq-platform-operator] [7099a904] 14:00:56.845 [pool-6-thread-1] DEBUG c.h.p.o.d.PodServiceAccountResource - [updatelo] Desired PodServiceAccountResource (serviceAccountName: hivemq-platform-pod-test-hivemq-platform)
2025-01-29 14:00:56,851 INFO c.h.h.t.HelmChartContainer - [hivemq-test-hivemq-platform] [hivemq-platform-operator] [7099a904] 14:00:56.850 [pool-6-thread-9] DEBUG c.h.p.o.dependants.PodInfoConfigMap - [updatelo] Desired PodInfo ConfigMap (1 extensions) (1 enabled)
2025-01-29 14:00:56,852 INFO c.h.h.t.HelmChartContainer - [hivemq-test-hivemq-platform] [hivemq-platform-operator] [7099a904] 14:00:56.850 [pool-6-thread-9] DEBUG c.h.p.o.dependants.PodInfoConfigMap - [updatelo] Desired PodInfo ConfigMap (metrics port: 9399) (metrics path: /)
2025-01-29 14:00:56,852 INFO c.h.h.t.HelmChartContainer - [hivemq-test-hivemq-platform] [hivemq-platform-operator] [7099a904] 14:00:56.850 [pool-6-thread-9] DEBUG c.h.p.o.dependants.PodInfoConfigMap - [updatelo] Desired PodInfo ConfigMap (extension state hash: -1817474005)
2025-01-29 14:00:56,931 INFO c.h.h.t.HelmChartContainer - [hivemq-test-hivemq-platform] [hivemq-platform-operator] [7099a904] 14:00:56.929 [pool-6-thread-9] DEBUG c.h.p.o.d.StatefulSetResource - [updatelo] Desired StatefulSet (2 replicas) for status SET_LOG_LEVEL (SET_LOG_LEVEL)
2025-01-29 14:00:56,935 INFO c.h.h.t.HelmChartContainer - [hivemq-test-hivemq-platform] [hivemq-platform-operator] [7099a904] 14:00:56.933 [ReconcilerExecutor-hivemq-controller-121] INFO  c.h.p.o.HiveMQPlatformReconciler - [updatelo] Reconciling HiveMQ Platform 'test-hivemq-platform' in namespace 'updateloglevelit'
2025-01-29 14:00:56,935 INFO c.h.h.t.HelmChartContainer - [hivemq-test-hivemq-platform] [hivemq-platform-operator] [7099a904] 14:00:56.933 [ReconcilerExecutor-hivemq-controller-121] DEBUG c.h.p.o.HiveMQPlatformReconciler - [updatelo] Custom Resource Status SET_LOG_LEVEL - HiveMQ Platform is updating the log level to WARN (SET_LOG_LEVEL) (reconciliation requests: SCALING)
2025-01-29 14:00:56,936 INFO c.h.h.t.HelmChartContainer - [hivemq-test-hivemq-platform] [hivemq-platform-operator] [7099a904] 14:00:56.933 [ReconcilerExecutor-hivemq-controller-121] DEBUG c.h.p.o.HiveMQPlatformReconciler - [updatelo] Custom Resource Spec (replicas: 2) (extensions: 1)
2025-01-29 14:00:56,938 INFO c.h.h.t.HelmChartContainer - [hivemq-test-hivemq-platform] [hivemq-platform-operator] [7099a904] 14:00:56.935 [ReconcilerExecutor-hivemq-controller-121] DEBUG c.h.p.o.HiveMQPlatformReconciler - [updatelo] StatefulSet Status (revision: test-hivemq-platform-b697f795f, replicas: 2, available: 1, ready: 1, current: 2, updated: 2)
2025-01-29 14:00:56,938 INFO c.h.h.t.HelmChartContainer - [hivemq-test-hivemq-platform] [hivemq-platform-operator] [7099a904] 14:00:56.935 [ReconcilerExecutor-hivemq-controller-121] DEBUG c.h.p.o.HiveMQPlatformReconciler - [updatelo] StatefulSet Spec (replicas: 2, init containers: 1, containers: 1, volumes: 3)
2025-01-29 14:00:56,938 INFO c.h.h.t.HelmChartContainer - [hivemq-test-hivemq-platform] [hivemq-platform-operator] [7099a904] 14:00:56.936 [ReconcilerExecutor-hivemq-controller-121] DEBUG c.h.p.o.h.HiveMQPlatformReconcilerErrorHandler - [updatelo] Pod 'test-hivemq-platform-1' phase Pending
2025-01-29 14:00:56,938 INFO c.h.h.t.HelmChartContainer - [hivemq-test-hivemq-platform] [hivemq-platform-operator] [7099a904] 14:00:56.936 [ReconcilerExecutor-hivemq-controller-121] DEBUG c.h.p.o.h.HiveMQPlatformReconcilerErrorHandler - [updatelo] Pod 'test-hivemq-platform-1' condition 'PodReadyToStartContainers': True
2025-01-29 14:00:56,938 INFO c.h.h.t.HelmChartContainer - [hivemq-test-hivemq-platform] [hivemq-platform-operator] [7099a904] 14:00:56.936 [ReconcilerExecutor-hivemq-controller-121] DEBUG c.h.p.o.h.HiveMQPlatformReconcilerErrorHandler - [updatelo] Pod 'test-hivemq-platform-1' condition 'Initialized': True
2025-01-29 14:00:56,938 INFO c.h.h.t.HelmChartContainer - [hivemq-test-hivemq-platform] [hivemq-platform-operator] [7099a904] 14:00:56.936 [ReconcilerExecutor-hivemq-controller-121] DEBUG c.h.p.o.h.HiveMQPlatformReconcilerErrorHandler - [updatelo] Pod 'test-hivemq-platform-1' condition 'Ready': False
2025-01-29 14:00:56,938 INFO c.h.h.t.HelmChartContainer - [hivemq-test-hivemq-platform] [hivemq-platform-operator] [7099a904] 14:00:56.936 [ReconcilerExecutor-hivemq-controller-121] DEBUG c.h.p.o.h.HiveMQPlatformReconcilerErrorHandler - [updatelo] Pod 'test-hivemq-platform-1' condition 'ContainersReady': False
2025-01-29 14:00:56,938 INFO c.h.h.t.HelmChartContainer - [hivemq-test-hivemq-platform] [hivemq-platform-operator] [7099a904] 14:00:56.936 [ReconcilerExecutor-hivemq-controller-121] DEBUG c.h.p.o.h.HiveMQPlatformReconcilerErrorHandler - [updatelo] Pod 'test-hivemq-platform-1' condition 'PodScheduled': True
2025-01-29 14:00:56,938 INFO c.h.h.t.HelmChartContainer - [hivemq-test-hivemq-platform] [hivemq-platform-operator] [7099a904] 14:00:56.936 [ReconcilerExecutor-hivemq-controller-121] DEBUG c.h.p.o.h.HiveMQPlatformReconcilerErrorHandler - [updatelo] Pod 'test-hivemq-platform-1' containerStatus 'hivemq' (started: false) (ready: false) (waiting: [PodInitializing] null)
2025-01-29 14:00:56,942 INFO c.h.h.t.HelmChartContainer - [hivemq-test-hivemq-platform] [hivemq-platform-operator] [7099a904] 14:00:56.938 [ReconcilerExecutor-hivemq-controller-121] DEBUG c.h.p.o.h.HiveMQPlatformReconcilerErrorHandler - [updatelo] Pod 'test-hivemq-platform-0' phase Running
2025-01-29 14:00:57,029 INFO c.h.h.t.HelmChartContainer - [hivemq-test-hivemq-platform] [hivemq-platform-operator] [7099a904] 14:00:57.028 [ForkJoinPool.commonPool-worker-1] DEBUG c.h.p.o.h.HiveMQPlatformReconcilerSetLogLevelHandler - [updatelo] Setting log level on Pod 'test-hivemq-platform-0'
2025-01-29 14:00:57,031 INFO c.h.h.t.HelmChartContainer - [hivemq-test-hivemq-platform] [hivemq-platform-operator] [7099a904] 14:00:57.028 [ReconcilerExecutor-hivemq-controller-121] DEBUG c.h.p.o.h.HiveMQPlatformReconcilerSetLogLevelHandler - [updatelo] Setting log level on Pod 'test-hivemq-platform-1'
2025-01-29 14:00:57,037 INFO c.h.h.t.HelmChartContainer - [hivemq-test-hivemq-platform] [hivemq-platform-operator] [7099a904] 14:00:57.035 [ReconcilerExecutor-hivemq-controller-121] DEBUG c.h.platform.operator.util.PodUtil - Pod 'test-hivemq-platform-1' is not running
2025-01-29 14:00:57,037 INFO c.h.h.t.HelmChartContainer - [hivemq-test-hivemq-platform] [hivemq-platform-operator] [7099a904] 14:00:57.036 [ReconcilerExecutor-hivemq-controller-121] ERROR i.j.o.p.event.EventProcessor - Error during event processing ExecutionScope{ resource id: ResourceID{name='test-hivemq-platform', namespace='updateloglevelit'}, version: 1256}
2025-01-29 14:00:57,040 INFO c.h.h.t.HelmChartContainer - [hivemq-test-hivemq-platform] [hivemq-platform-operator] [7099a904] io.javaoperatorsdk.operator.OperatorException: java.lang.IllegalStateException: Pod 'test-hivemq-platform-1' in namespace 'updateloglevelit' is not running, cannot execute command '[curl, -s, http://10.42.0.12:7979/setLogLevel?level=WARN]'
2025-01-29 14:00:57,040 INFO c.h.h.t.HelmChartContainer - [hivemq-test-hivemq-platform] [hivemq-platform-operator] [7099a904] 	at io.javaoperatorsdk.operator.monitoring.micrometer.MicrometerMetrics.lambda$timeControllerExecution$0(MicrometerMetrics.java:165)
2025-01-29 14:00:57,040 INFO c.h.h.t.HelmChartContainer - [hivemq-test-hivemq-platform] [hivemq-platform-operator] [7099a904] 	at io.micrometer.core.instrument.AbstractTimer.record(AbstractTimer.java:190)
2025-01-29 14:00:57,040 INFO c.h.h.t.HelmChartContainer - [hivemq-test-hivemq-platform] [hivemq-platform-operator] [7099a904] 	at io.javaoperatorsdk.operator.monitoring.micrometer.MicrometerMetrics.timeControllerExecution(MicrometerMetrics.java:161)
2025-01-29 14:00:57,040 INFO c.h.h.t.HelmChartContainer - [hivemq-test-hivemq-platform] [hivemq-platform-operator] [7099a904] 	at io.javaoperatorsdk.operator.processing.Controller.reconcile(Controller.java:109)
2025-01-29 14:00:57,040 INFO c.h.h.t.HelmChartContainer - [hivemq-test-hivemq-platform] [hivemq-platform-operator] [7099a904] 	at io.javaoperatorsdk.operator.processing.event.ReconciliationDispatcher.reconcileExecution(ReconciliationDispatcher.java:136)
2025-01-29 14:00:57,040 INFO c.h.h.t.HelmChartContainer - [hivemq-test-hivemq-platform] [hivemq-platform-operator] [7099a904] 	at io.javaoperatorsdk.operator.processing.event.ReconciliationDispatcher.handleReconcile(ReconciliationDispatcher.java:117)
2025-01-29 14:00:57,040 INFO c.h.h.t.HelmChartContainer - [hivemq-test-hivemq-platform] [hivemq-platform-operator] [7099a904] 	at io.javaoperatorsdk.operator.processing.event.ReconciliationDispatcher.handleDispatch(ReconciliationDispatcher.java:91)
2025-01-29 14:00:57,040 INFO c.h.h.t.HelmChartContainer - [hivemq-test-hivemq-platform] [hivemq-platform-operator] [7099a904] 	at io.javaoperatorsdk.operator.processing.event.ReconciliationDispatcher.handleExecution(ReconciliationDispatcher.java:64)
2025-01-29 14:00:57,040 INFO c.h.h.t.HelmChartContainer - [hivemq-test-hivemq-platform] [hivemq-platform-operator] [7099a904] 	at io.javaoperatorsdk.operator.processing.event.EventProcessor$ReconcilerExecutor.run(EventProcessor.java:452)
2025-01-29 14:00:57,040 INFO c.h.h.t.HelmChartContainer - [hivemq-test-hivemq-platform] [hivemq-platform-operator] [7099a904] 	at java.base/java.util.concurrent.ThreadPoolExecutor.runWorker(Unknown Source)
2025-01-29 14:00:57,040 INFO c.h.h.t.HelmChartContainer - [hivemq-test-hivemq-platform] [hivemq-platform-operator] [7099a904] 	at java.base/java.util.concurrent.ThreadPoolExecutor$Worker.run(Unknown Source)
2025-01-29 14:00:57,040 INFO c.h.h.t.HelmChartContainer - [hivemq-test-hivemq-platform] [hivemq-platform-operator] [7099a904] 	at java.base/java.lang.Thread.run(Unknown Source)
2025-01-29 14:00:57,040 INFO c.h.h.t.HelmChartContainer - [hivemq-test-hivemq-platform] [hivemq-platform-operator] [7099a904] Caused by: java.lang.IllegalStateException: Pod 'test-hivemq-platform-1' in namespace 'updateloglevelit' is not running, cannot execute command '[curl, -s, http://10.42.0.12:7979/setLogLevel?level=WARN]'
2025-01-29 14:00:57,040 INFO c.h.h.t.HelmChartContainer - [hivemq-test-hivemq-platform] [hivemq-platform-operator] [7099a904] 	at com.hivemq.platform.operator.util.PodUtil.execute(PodUtil.java:74)
2025-01-29 14:00:57,040 INFO c.h.h.t.HelmChartContainer - [hivemq-test-hivemq-platform] [hivemq-platform-operator] [7099a904] 	at com.hivemq.platform.operator.util.RestApiUtil.lambda$callRestApi$1(RestApiUtil.java:44)
2025-01-29 14:00:57,040 INFO c.h.h.t.HelmChartContainer - [hivemq-test-hivemq-platform] [hivemq-platform-operator] [7099a904] 	at java.base/java.util.stream.ForEachOps$ForEachOp$OfRef.accept(Unknown Source)
2025-01-29 14:00:57,040 INFO c.h.h.t.HelmChartContainer - [hivemq-test-hivemq-platform] [hivemq-platform-operator] [7099a904] 	at java.base/java.util.stream.ReferencePipeline$2$1.accept(Unknown Source)
2025-01-29 14:00:57,040 INFO c.h.h.t.HelmChartContainer - [hivemq-test-hivemq-platform] [hivemq-platform-operator] [7099a904] 	at java.base/java.util.ArrayList$ArrayListSpliterator.forEachRemaining(Unknown Source)
2025-01-29 14:00:57,040 INFO c.h.h.t.HelmChartContainer - [hivemq-test-hivemq-platform] [hivemq-platform-operator] [7099a904] 	at java.base/java.util.stream.AbstractPipeline.copyInto(Unknown Source)
2025-01-29 14:00:57,040 INFO c.h.h.t.HelmChartContainer - [hivemq-test-hivemq-platform] [hivemq-platform-operator] [7099a904] 	at java.base/java.util.stream.ForEachOps$ForEachTask.compute(Unknown Source)
2025-01-29 14:00:57,040 INFO c.h.h.t.HelmChartContainer - [hivemq-test-hivemq-platform] [hivemq-platform-operator] [7099a904] 	at java.base/java.util.concurrent.CountedCompleter.exec(Unknown Source)
2025-01-29 14:00:57,040 INFO c.h.h.t.HelmChartContainer - [hivemq-test-hivemq-platform] [hivemq-platform-operator] [7099a904] 	at java.base/java.util.concurrent.ForkJoinTask.doExec(Unknown Source)
2025-01-29 14:00:57,040 INFO c.h.h.t.HelmChartContainer - [hivemq-test-hivemq-platform] [hivemq-platform-operator] [7099a904] 	at java.base/java.util.concurrent.ForkJoinTask.invoke(Unknown Source)
2025-01-29 14:00:57,040 INFO c.h.h.t.HelmChartContainer - [hivemq-test-hivemq-platform] [hivemq-platform-operator] [7099a904] 	at java.base/java.util.stream.ForEachOps$ForEachOp.evaluateParallel(Unknown Source)
2025-01-29 14:00:57,040 INFO c.h.h.t.HelmChartContainer - [hivemq-test-hivemq-platform] [hivemq-platform-operator] [7099a904] 	at java.base/java.util.stream.ForEachOps$ForEachOp$OfRef.evaluateParallel(Unknown Source)
2025-01-29 14:00:57,040 INFO c.h.h.t.HelmChartContainer - [hivemq-test-hivemq-platform] [hivemq-platform-operator] [7099a904] 	at java.base/java.util.stream.AbstractPipeline.evaluate(Unknown Source)
2025-01-29 14:00:57,041 INFO c.h.h.t.HelmChartContainer - [hivemq-test-hivemq-platform] [hivemq-platform-operator] [7099a904] 	at java.base/java.util.stream.ReferencePipeline.forEach(Unknown Source)
2025-01-29 14:00:57,041 INFO c.h.h.t.HelmChartContainer - [hivemq-test-hivemq-platform] [hivemq-platform-operator] [7099a904] 	at com.hivemq.platform.operator.util.RestApiUtil.callRestApi(RestApiUtil.java:40)
2025-01-29 14:00:57,041 INFO c.h.h.t.HelmChartContainer - [hivemq-test-hivemq-platform] [hivemq-platform-operator] [7099a904] 	at com.hivemq.platform.operator.http.RestApiService.callRestApi(RestApiService.java:63)
2025-01-29 14:00:57,041 INFO c.h.h.t.HelmChartContainer - [hivemq-test-hivemq-platform] [hivemq-platform-operator] [7099a904] 	at com.hivemq.platform.operator.handler.HiveMQPlatformReconcilerSetLogLevelHandler.handleSetLogLevel(HiveMQPlatformReconcilerSetLogLevelHandler.java:49)
2025-01-29 14:00:57,041 INFO c.h.h.t.HelmChartContainer - [hivemq-test-hivemq-platform] [hivemq-platform-operator] [7099a904] 	at com.hivemq.platform.operator.HiveMQPlatformReconciler.reconcile(HiveMQPlatformReconciler.java:243)
2025-01-29 14:00:57,041 INFO c.h.h.t.HelmChartContainer - [hivemq-test-hivemq-platform] [hivemq-platform-operator] [7099a904] 	at com.hivemq.platform.operator.HiveMQPlatformReconciler.reconcile(HiveMQPlatformReconciler.java:227)
2025-01-29 14:00:57,041 INFO c.h.h.t.HelmChartContainer - [hivemq-test-hivemq-platform] [hivemq-platform-operator] [7099a904] 	at com.hivemq.platform.operator.HiveMQPlatformReconciler.reconcile(HiveMQPlatformReconciler.java:71)
2025-01-29 14:00:57,041 INFO c.h.h.t.HelmChartContainer - [hivemq-test-hivemq-platform] [hivemq-platform-operator] [7099a904] 	at io.javaoperatorsdk.operator.processing.Controller$1.execute(Controller.java:149)
2025-01-29 14:00:57,041 INFO c.h.h.t.HelmChartContainer - [hivemq-test-hivemq-platform] [hivemq-platform-operator] [7099a904] 	at io.javaoperatorsdk.operator.processing.Controller$1.execute(Controller.java:110)
2025-01-29 14:00:57,041 INFO c.h.h.t.HelmChartContainer - [hivemq-test-hivemq-platform] [hivemq-platform-operator] [7099a904] 	at io.javaoperatorsdk.operator.monitoring.micrometer.MicrometerMetrics.lambda$timeControllerExecution$0(MicrometerMetrics.java:163)
2025-01-29 14:00:57,042 INFO c.h.h.t.HelmChartContainer - [hivemq-test-hivemq-platform] [hivemq-platform-operator] [7099a904] 	... 11 common frames omitted
2025-01-29 14:00:57,189 INFO c.h.h.t.HelmChartContainer - [test-hivemq-platform] [hivemq] [c4cdc15d] INFO  - [HiveMQ Platform Operator Init App 1.7.0-SNAPSHOT] Set log level from WARN to WARN in logback.xml file
2025-01-29 14:00:57,194 INFO c.h.h.t.HelmChartContainer - [hivemq-test-hivemq-platform] [hivemq-platform-operator] [7099a904] 14:00:57.193 [vert.x-eventloop-thread-0] DEBUG c.h.platform.operator.util.PodUtil - Received status for command '[curl, -s, http://10.42.0.11:7979/setLogLevel?level=WARN]' on Pod 'test-hivemq-platform-0' (exit code: 0)
2025-01-29 14:00:57,750 INFO c.h.h.t.HelmChartContainer - [POD] test-hivemq-platform-1 [c485002a-8fcd-4f0f-82d8-456fed09f990] in updateloglevelit was MODIFIED
2025-01-29 14:00:57,768 INFO c.h.h.t.HelmChartContainer - [EVENT] Normal [Started] Started container hivemq [updateloglevelit:test-hivemq-platform-1]
2025-01-29 14:00:57,768 INFO c.h.h.t.HelmChartContainer - Started log watcher for hivemq in pod test-hivemq-platform-1 [c485002a-8fcd-4f0f-82d8-456fed09f990]
2025-01-29 14:00:57,769 INFO c.h.h.t.HelmChartContainer - Received Started event for container hivemq in pod test-hivemq-platform-1 [c485002a-8fcd-4f0f-82d8-456fed09f990]
2025-01-29 14:00:57,773 INFO c.h.h.t.HelmChartContainer - [test-hivemq-platform] [hivemq] [c485002a] Adding pre-installed HiveMQ Platform Operator extensions
2025-01-29 14:00:57,773 INFO c.h.h.t.HelmChartContainer - [test-hivemq-platform] [hivemq] [c485002a] Running as user 10000
2025-01-29 14:00:57,773 INFO c.h.h.t.HelmChartContainer - [test-hivemq-platform] [hivemq] [c485002a] Starting HiveMQ Platform Operator Init
2025-01-29 14:00:57,775 INFO c.h.h.t.HelmChartContainer - [hivemq-test-hivemq-platform] [hivemq-platform-operator] [7099a904] 14:00:57.767 [pool-6-thread-15] DEBUG c.h.p.o.d.PlatformServiceResource - [updatelo] Desired Platform services (3 services)
2025-01-29 14:00:57,778 INFO c.h.h.t.HelmChartContainer - [hivemq-test-hivemq-platform] [hivemq-platform-operator] [7099a904] 14:00:57.769 [pool-6-thread-18] DEBUG c.h.p.o.dependants.PodInfoConfigMap - [updatelo] Desired PodInfo ConfigMap (1 extensions) (1 enabled)
2025-01-29 14:00:57,778 INFO c.h.h.t.HelmChartContainer - [hivemq-test-hivemq-platform] [hivemq-platform-operator] [7099a904] 14:00:57.769 [pool-6-thread-18] DEBUG c.h.p.o.dependants.PodInfoConfigMap - [updatelo] Desired PodInfo ConfigMap (metrics port: 9399) (metrics path: /)
2025-01-29 14:00:57,778 INFO c.h.h.t.HelmChartContainer - [hivemq-test-hivemq-platform] [hivemq-platform-operator] [7099a904] 14:00:57.769 [pool-6-thread-18] DEBUG c.h.p.o.dependants.PodInfoConfigMap - [updatelo] Desired PodInfo ConfigMap (extension state hash: -1817474005)
2025-01-29 14:00:57,778 INFO c.h.h.t.HelmChartContainer - [hivemq-test-hivemq-platform] [hivemq-platform-operator] [7099a904] 14:00:57.772 [pool-6-thread-16] DEBUG c.h.p.o.d.PodServiceAccountResource - [updatelo] Desired PodServiceAccountResource (serviceAccountName: hivemq-platform-pod-test-hivemq-platform)
2025-01-29 14:00:57,793 INFO c.h.h.t.HelmChartContainer - [hivemq-test-hivemq-platform] [hivemq-platform-operator] [7099a904] 14:00:57.792 [pool-6-thread-11] DEBUG c.h.p.o.d.StatefulSetResource - [updatelo] Desired StatefulSet (2 replicas) for status SET_LOG_LEVEL (SET_LOG_LEVEL)
2025-01-29 14:00:57,806 INFO c.h.h.t.HelmChartContainer - [hivemq-test-hivemq-platform] [hivemq-platform-operator] [7099a904] 14:00:57.804 [ReconcilerExecutor-hivemq-controller-122] INFO  c.h.p.o.HiveMQPlatformReconciler - [updatelo] Reconciling HiveMQ Platform 'test-hivemq-platform' in namespace 'updateloglevelit'
2025-01-29 14:00:57,806 INFO c.h.h.t.HelmChartContainer - [hivemq-test-hivemq-platform] [hivemq-platform-operator] [7099a904] 14:00:57.805 [ReconcilerExecutor-hivemq-controller-122] DEBUG c.h.p.o.HiveMQPlatformReconciler - [updatelo] Custom Resource Status SET_LOG_LEVEL - HiveMQ Platform is updating the log level to WARN (SET_LOG_LEVEL) (reconciliation requests: SCALING)
2025-01-29 14:00:57,806 INFO c.h.h.t.HelmChartContainer - [hivemq-test-hivemq-platform] [hivemq-platform-operator] [7099a904] 14:00:57.805 [ReconcilerExecutor-hivemq-controller-122] DEBUG c.h.p.o.HiveMQPlatformReconciler - [updatelo] Custom Resource Spec (replicas: 2) (extensions: 1)
2025-01-29 14:00:57,832 INFO c.h.h.t.HelmChartContainer - [hivemq-test-hivemq-platform] [hivemq-platform-operator] [7099a904] 14:00:57.827 [ReconcilerExecutor-hivemq-controller-122] DEBUG c.h.p.o.HiveMQPlatformReconciler - [updatelo] StatefulSet Status (revision: test-hivemq-platform-b697f795f, replicas: 2, available: 1, ready: 1, current: 2, updated: 2)
2025-01-29 14:00:57,832 INFO c.h.h.t.HelmChartContainer - [hivemq-test-hivemq-platform] [hivemq-platform-operator] [7099a904] 14:00:57.827 [ReconcilerExecutor-hivemq-controller-122] DEBUG c.h.p.o.HiveMQPlatformReconciler - [updatelo] StatefulSet Spec (replicas: 2, init containers: 1, containers: 1, volumes: 3)
2025-01-29 14:00:57,832 INFO c.h.h.t.HelmChartContainer - [hivemq-test-hivemq-platform] [hivemq-platform-operator] [7099a904] 14:00:57.829 [ReconcilerExecutor-hivemq-controller-122] DEBUG c.h.p.o.h.HiveMQPlatformReconcilerErrorHandler - [updatelo] Pod 'test-hivemq-platform-1' phase Running
2025-01-29 14:00:57,834 INFO c.h.h.t.HelmChartContainer - [hivemq-test-hivemq-platform] [hivemq-platform-operator] [7099a904] 14:00:57.830 [ReconcilerExecutor-hivemq-controller-122] DEBUG c.h.p.o.h.HiveMQPlatformReconcilerErrorHandler - [updatelo] Pod 'test-hivemq-platform-0' phase Running
2025-01-29 14:00:57,842 INFO c.h.h.t.HelmChartContainer - [hivemq-test-hivemq-platform] [hivemq-platform-operator] [7099a904] 14:00:57.841 [ReconcilerExecutor-hivemq-controller-122] DEBUG c.h.p.o.h.HiveMQPlatformReconcilerSetLogLevelHandler - [updatelo] Setting log level on Pod 'test-hivemq-platform-1'
2025-01-29 14:00:57,845 INFO c.h.h.t.HelmChartContainer - [hivemq-test-hivemq-platform] [hivemq-platform-operator] [7099a904] 14:00:57.842 [ForkJoinPool.commonPool-worker-1] DEBUG c.h.p.o.h.HiveMQPlatformReconcilerSetLogLevelHandler - [updatelo] Setting log level on Pod 'test-hivemq-platform-0'
2025-01-29 14:00:58,066 INFO c.h.h.t.HelmChartContainer - [test-hivemq-platform] [hivemq] [c4cdc15d] INFO  - [HiveMQ Platform Operator Init App 1.7.0-SNAPSHOT] Set log level from WARN to WARN in logback.xml file
2025-01-29 14:00:58,071 INFO c.h.h.t.HelmChartContainer - [hivemq-test-hivemq-platform] [hivemq-platform-operator] [7099a904] 14:00:58.070 [vert.x-eventloop-thread-0] DEBUG c.h.platform.operator.util.PodUtil - Received status for command '[curl, -s, http://10.42.0.11:7979/setLogLevel?level=WARN]' on Pod 'test-hivemq-platform-0' (exit code: 0)
2025-01-29 14:00:58,159 INFO c.h.h.t.HelmChartContainer - [test-hivemq-platform] [hivemq] [c485002a] INFO  - [HiveMQ Platform Operator Init 1.7.0-SNAPSHOT] HiveMQ Platform Operator Init 1.7.0-SNAPSHOT (commit: bebf408 on branch: HEAD) built on Sun Jan 26 20:47:47 UTC 2025
2025-01-29 14:00:58,168 INFO c.h.h.t.HelmChartContainer - [hivemq-test-hivemq-platform] [hivemq-platform-operator] [7099a904] 14:00:58.166 [vert.x-eventloop-thread-1] DEBUG c.h.platform.operator.util.PodUtil - Received status for command '[curl, -s, http://10.42.0.12:7979/setLogLevel?level=WARN]' on Pod 'test-hivemq-platform-1' (exit code: 7)
2025-01-29 14:00:59,049 INFO c.h.h.t.HelmChartContainer - [hivemq-test-hivemq-platform] [hivemq-platform-operator] [7099a904] 14:00:59.046 [pool-6-thread-29] DEBUG c.h.p.o.d.PlatformServiceResource - [updatelo] Desired Platform services (3 services)
2025-01-29 14:00:59,049 INFO c.h.h.t.HelmChartContainer - [hivemq-test-hivemq-platform] [hivemq-platform-operator] [7099a904] 14:00:59.046 [pool-6-thread-22] DEBUG c.h.p.o.dependants.PodInfoConfigMap - [updatelo] Desired PodInfo ConfigMap (1 extensions) (1 enabled)
2025-01-29 14:00:59,049 INFO c.h.h.t.HelmChartContainer - [hivemq-test-hivemq-platform] [hivemq-platform-operator] [7099a904] 14:00:59.047 [pool-6-thread-22] DEBUG c.h.p.o.dependants.PodInfoConfigMap - [updatelo] Desired PodInfo ConfigMap (metrics port: 9399) (metrics path: /)
2025-01-29 14:00:59,049 INFO c.h.h.t.HelmChartContainer - [hivemq-test-hivemq-platform] [hivemq-platform-operator] [7099a904] 14:00:59.047 [pool-6-thread-22] DEBUG c.h.p.o.dependants.PodInfoConfigMap - [updatelo] Desired PodInfo ConfigMap (extension state hash: -1817474005)
2025-01-29 14:00:59,049 INFO c.h.h.t.HelmChartContainer - [hivemq-test-hivemq-platform] [hivemq-platform-operator] [7099a904] 14:00:59.047 [pool-6-thread-28] DEBUG c.h.p.o.d.PodServiceAccountResource - [updatelo] Desired PodServiceAccountResource (serviceAccountName: hivemq-platform-pod-test-hivemq-platform)
2025-01-29 14:00:59,052 INFO c.h.h.t.HelmChartContainer - [hivemq-test-hivemq-platform] [hivemq-platform-operator] [7099a904] 14:00:59.051 [pool-6-thread-29] DEBUG c.h.p.o.d.StatefulSetResource - [updatelo] Desired StatefulSet (2 replicas) for status SET_LOG_LEVEL (SET_LOG_LEVEL)
2025-01-29 14:00:59,057 INFO c.h.h.t.HelmChartContainer - [hivemq-test-hivemq-platform] [hivemq-platform-operator] [7099a904] 14:00:59.056 [ReconcilerExecutor-hivemq-controller-123] INFO  c.h.p.o.HiveMQPlatformReconciler - [updatelo] Reconciling HiveMQ Platform 'test-hivemq-platform' in namespace 'updateloglevelit'
2025-01-29 14:00:59,057 INFO c.h.h.t.HelmChartContainer - [hivemq-test-hivemq-platform] [hivemq-platform-operator] [7099a904] 14:00:59.056 [ReconcilerExecutor-hivemq-controller-123] DEBUG c.h.p.o.HiveMQPlatformReconciler - [updatelo] Custom Resource Status SET_LOG_LEVEL - HiveMQ Platform is updating the log level to WARN (SET_LOG_LEVEL) (reconciliation requests: SCALING)
2025-01-29 14:00:59,058 INFO c.h.h.t.HelmChartContainer - [hivemq-test-hivemq-platform] [hivemq-platform-operator] [7099a904] 14:00:59.056 [ReconcilerExecutor-hivemq-controller-123] DEBUG c.h.p.o.HiveMQPlatformReconciler - [updatelo] Custom Resource Spec (replicas: 2) (extensions: 1)
2025-01-29 14:00:59,061 INFO c.h.h.t.HelmChartContainer - [hivemq-test-hivemq-platform] [hivemq-platform-operator] [7099a904] 14:00:59.060 [ReconcilerExecutor-hivemq-controller-123] DEBUG c.h.p.o.HiveMQPlatformReconciler - [updatelo] StatefulSet Status (revision: test-hivemq-platform-b697f795f, replicas: 2, available: 1, ready: 1, current: 2, updated: 2)
2025-01-29 14:00:59,061 INFO c.h.h.t.HelmChartContainer - [hivemq-test-hivemq-platform] [hivemq-platform-operator] [7099a904] 14:00:59.060 [ReconcilerExecutor-hivemq-controller-123] DEBUG c.h.p.o.HiveMQPlatformReconciler - [updatelo] StatefulSet Spec (replicas: 2, init containers: 1, containers: 1, volumes: 3)
2025-01-29 14:00:59,066 INFO c.h.h.t.HelmChartContainer - [hivemq-test-hivemq-platform] [hivemq-platform-operator] [7099a904] 14:00:59.063 [ReconcilerExecutor-hivemq-controller-123] DEBUG c.h.p.o.h.HiveMQPlatformReconcilerErrorHandler - [updatelo] Pod 'test-hivemq-platform-1' phase Running
2025-01-29 14:00:59,066 INFO c.h.h.t.HelmChartContainer - [hivemq-test-hivemq-platform] [hivemq-platform-operator] [7099a904] 14:00:59.064 [ReconcilerExecutor-hivemq-controller-123] DEBUG c.h.p.o.h.HiveMQPlatformReconcilerErrorHandler - [updatelo] Pod 'test-hivemq-platform-0' phase Running
2025-01-29 14:00:59,134 INFO c.h.h.t.HelmChartContainer - [hivemq-test-hivemq-platform] [hivemq-platform-operator] [7099a904] 14:00:59.133 [ReconcilerExecutor-hivemq-controller-123] WARN  c.h.p.operator.util.RestApiUtil - [updatelo] Set log level command on Pod 'test-hivemq-platform-1' returned an empty response
2025-01-29 14:00:59,375 INFO c.h.h.t.HelmChartContainer - [test-hivemq-platform] [hivemq] [c485002a] INFO  - [HiveMQ Platform Operator Init App 1.7.0-SNAPSHOT] Using bind address 10.42.0.12 from environment variable
2025-01-29 14:01:00,354 INFO c.h.h.t.HelmChartContainer - [test-hivemq-platform] [hivemq] [c485002a] INFO  - [HiveMQ Platform Operator Init App 1.7.0-SNAPSHOT] HiveMQ Platform Operator Init App 1.7.0-SNAPSHOT (commit: bebf408 on branch: HEAD) built on Sun Jan 26 20:47:47 UTC 2025
2025-01-29 14:01:00,354 INFO c.h.h.t.HelmChartContainer - [test-hivemq-platform] [hivemq] [c485002a] INFO  - [HiveMQ Platform Operator Init App 1.7.0-SNAPSHOT] PodInfo ConfigMap directory: /etc/podinfo
2025-01-29 14:01:00,355 INFO c.h.h.t.HelmChartContainer - [test-hivemq-platform] [hivemq] [c485002a] INFO  - [HiveMQ Platform Operator Init App 1.7.0-SNAPSHOT] HiveMQ home directory: /opt/hivemq
2025-01-29 14:01:00,355 INFO c.h.h.t.HelmChartContainer - [test-hivemq-platform] [hivemq] [c485002a] INFO  - [HiveMQ Platform Operator Init App 1.7.0-SNAPSHOT] HiveMQ Logback folder: /opt/hivemq/conf
2025-01-29 14:01:00,355 INFO c.h.h.t.HelmChartContainer - [test-hivemq-platform] [hivemq] [c485002a] INFO  - [HiveMQ Platform Operator Init App 1.7.0-SNAPSHOT] HiveMQ Config folder: /opt/hivemq/conf-k8s
2025-01-29 14:01:00,356 INFO c.h.h.t.HelmChartContainer - [test-hivemq-platform] [hivemq] [c485002a] INFO  - [HiveMQ Platform Operator Init App 1.7.0-SNAPSHOT] Starting HiveMQ Platform Operator Init App
2025-01-29 14:01:00,356 INFO c.h.h.t.HelmChartContainer - [test-hivemq-platform] [hivemq] [c485002a] INFO  - [HiveMQ Platform Operator Init App 1.7.0-SNAPSHOT] Starting Pod reconciler
2025-01-29 14:01:01,576 INFO c.h.h.t.HelmChartContainer - [test-hivemq-platform] [hivemq] [c485002a] INFO  - [HiveMQ Platform Operator Init App 1.7.0-SNAPSHOT] Pod reconciler is scheduled (interval: 5000 ms)
2025-01-29 14:01:01,577 INFO c.h.h.t.HelmChartContainer - [test-hivemq-platform] [hivemq] [c485002a] INFO  - [HiveMQ Platform Operator Init App 1.7.0-SNAPSHOT] Starting the REST API on 10.42.0.12:7979
2025-01-29 14:01:01,630 INFO c.h.h.t.HelmChartContainer - [test-hivemq-platform] [hivemq] [c485002a] INFO  - [HiveMQ Platform Operator Init App 1.7.0-SNAPSHOT] Waiting up to 600s for at most 2 HiveMQ nodes in cluster service hivemq-test-hivemq-platform-cluster.updateloglevelit.svc
2025-01-29 14:01:01,963 INFO c.h.h.t.HelmChartContainer - [test-hivemq-platform] [hivemq] [c485002a] INFO  - [HiveMQ Platform Operator Init App 1.7.0-SNAPSHOT] Resolved 2 IP addresses: [10.42.0.11, 10.42.0.12]
2025-01-29 14:01:01,963 INFO c.h.h.t.HelmChartContainer - [test-hivemq-platform] [hivemq] [c485002a] INFO  - [HiveMQ Platform Operator Init App 1.7.0-SNAPSHOT] HiveMQ node count of 2 is within threshold of 2
2025-01-29 14:01:01,963 INFO c.h.h.t.HelmChartContainer - [test-hivemq-platform] [hivemq] [c485002a] INFO  - [HiveMQ Platform Operator Init App 1.7.0-SNAPSHOT] Waiting 15s for previous shutdown replication to finish...
2025-01-29 14:01:03,738 INFO c.h.h.t.HelmChartContainer - [test-hivemq-platform] [hivemq] [c485002a] INFO  - [HiveMQ Platform Operator Init App 1.7.0-SNAPSHOT] Returning default Health API response 503 for readiness
2025-01-29 14:01:03,858 INFO c.h.h.t.HelmChartContainer - [EVENT] Warning [Unhealthy] Readiness probe failed: HTTP probe failed with statuscode: 503 [updateloglevelit:test-hivemq-platform-1]
2025-01-29 14:01:03,858 INFO c.h.h.t.HelmChartContainer - Received Unhealthy event for container hivemq in pod test-hivemq-platform-1 [c485002a-8fcd-4f0f-82d8-456fed09f990]
2025-01-29 14:01:07,372 INFO c.h.h.t.HelmChartContainer - [test-hivemq-platform] [hivemq] [c4cdc15d] INFO  - [HiveMQ Platform Operator Init App 1.7.0-SNAPSHOT] Returning Health API response 200 for liveness
2025-01-29 14:01:08,757 INFO c.h.h.t.HelmChartContainer - [EVENT] Warning [Unhealthy] Readiness probe failed: HTTP probe failed with statuscode: 503 [updateloglevelit:test-hivemq-platform-1]
2025-01-29 14:01:08,758 INFO c.h.h.t.HelmChartContainer - Received Unhealthy event for container hivemq in pod test-hivemq-platform-1 [c485002a-8fcd-4f0f-82d8-456fed09f990]
2025-01-29 14:01:09,069 INFO c.h.h.t.HelmChartContainer - [test-hivemq-platform] [hivemq] [c485002a] INFO  - [HiveMQ Platform Operator Init App 1.7.0-SNAPSHOT] Updating Pod HiveMQ Platform Operator Init App version annotation (version: 1.7.0-SNAPSHOT)
2025-01-29 14:01:09,141 INFO c.h.h.t.HelmChartContainer - [hivemq-test-hivemq-platform] [hivemq-platform-operator] [7099a904] 14:01:09.137 [pool-6-thread-34] DEBUG c.h.p.o.d.PlatformServiceResource - [updatelo] Desired Platform services (3 services)
2025-01-29 14:01:09,141 INFO c.h.h.t.HelmChartContainer - [hivemq-test-hivemq-platform] [hivemq-platform-operator] [7099a904] 14:01:09.138 [pool-6-thread-31] DEBUG c.h.p.o.d.PodServiceAccountResource - [updatelo] Desired PodServiceAccountResource (serviceAccountName: hivemq-platform-pod-test-hivemq-platform)
2025-01-29 14:01:09,142 INFO c.h.h.t.HelmChartContainer - [hivemq-test-hivemq-platform] [hivemq-platform-operator] [7099a904] 14:01:09.137 [pool-6-thread-36] DEBUG c.h.p.o.dependants.PodInfoConfigMap - [updatelo] Desired PodInfo ConfigMap (1 extensions) (1 enabled)
2025-01-29 14:01:09,142 INFO c.h.h.t.HelmChartContainer - [hivemq-test-hivemq-platform] [hivemq-platform-operator] [7099a904] 14:01:09.141 [pool-6-thread-36] DEBUG c.h.p.o.dependants.PodInfoConfigMap - [updatelo] Desired PodInfo ConfigMap (metrics port: 9399) (metrics path: /)
2025-01-29 14:01:09,142 INFO c.h.h.t.HelmChartContainer - [hivemq-test-hivemq-platform] [hivemq-platform-operator] [7099a904] 14:01:09.141 [pool-6-thread-36] DEBUG c.h.p.o.dependants.PodInfoConfigMap - [updatelo] Desired PodInfo ConfigMap (extension state hash: -1817474005)
2025-01-29 14:01:09,144 INFO c.h.h.t.HelmChartContainer - [hivemq-test-hivemq-platform] [hivemq-platform-operator] [7099a904] 14:01:09.143 [pool-6-thread-40] DEBUG c.h.p.o.d.StatefulSetResource - [updatelo] Desired StatefulSet (2 replicas) for status SET_LOG_LEVEL (SET_LOG_LEVEL)
2025-01-29 14:01:09,149 INFO c.h.h.t.HelmChartContainer - [hivemq-test-hivemq-platform] [hivemq-platform-operator] [7099a904] 14:01:09.146 [ReconcilerExecutor-hivemq-controller-124] INFO  c.h.p.o.HiveMQPlatformReconciler - [updatelo] Reconciling HiveMQ Platform 'test-hivemq-platform' in namespace 'updateloglevelit'
2025-01-29 14:01:09,149 INFO c.h.h.t.HelmChartContainer - [hivemq-test-hivemq-platform] [hivemq-platform-operator] [7099a904] 14:01:09.146 [ReconcilerExecutor-hivemq-controller-124] DEBUG c.h.p.o.HiveMQPlatformReconciler - [updatelo] Custom Resource Status SET_LOG_LEVEL - HiveMQ Platform is updating the log level to WARN (SET_LOG_LEVEL) (reconciliation requests: SCALING)
2025-01-29 14:01:09,149 INFO c.h.h.t.HelmChartContainer - [hivemq-test-hivemq-platform] [hivemq-platform-operator] [7099a904] 14:01:09.146 [ReconcilerExecutor-hivemq-controller-124] DEBUG c.h.p.o.HiveMQPlatformReconciler - [updatelo] Custom Resource Spec (replicas: 2) (extensions: 1)
2025-01-29 14:01:09,150 INFO c.h.h.t.HelmChartContainer - [hivemq-test-hivemq-platform] [hivemq-platform-operator] [7099a904] 14:01:09.147 [ReconcilerExecutor-hivemq-controller-124] DEBUG c.h.p.o.HiveMQPlatformReconciler - [updatelo] StatefulSet Status (revision: test-hivemq-platform-b697f795f, replicas: 2, available: 1, ready: 1, current: 2, updated: 2)
2025-01-29 14:01:09,150 INFO c.h.h.t.HelmChartContainer - [hivemq-test-hivemq-platform] [hivemq-platform-operator] [7099a904] 14:01:09.147 [ReconcilerExecutor-hivemq-controller-124] DEBUG c.h.p.o.HiveMQPlatformReconciler - [updatelo] StatefulSet Spec (replicas: 2, init containers: 1, containers: 1, volumes: 3)
2025-01-29 14:01:09,151 INFO c.h.h.t.HelmChartContainer - [hivemq-test-hivemq-platform] [hivemq-platform-operator] [7099a904] 14:01:09.149 [ReconcilerExecutor-hivemq-controller-124] DEBUG c.h.p.o.h.HiveMQPlatformReconcilerErrorHandler - [updatelo] Pod 'test-hivemq-platform-1' phase Running
2025-01-29 14:01:09,151 INFO c.h.h.t.HelmChartContainer - [hivemq-test-hivemq-platform] [hivemq-platform-operator] [7099a904] 14:01:09.150 [ReconcilerExecutor-hivemq-controller-124] DEBUG c.h.p.o.h.HiveMQPlatformReconcilerErrorHandler - [updatelo] Pod 'test-hivemq-platform-0' phase Running
2025-01-29 14:01:09,228 INFO c.h.h.t.HelmChartContainer - [hivemq-test-hivemq-platform] [hivemq-platform-operator] [7099a904] 14:01:09.227 [ReconcilerExecutor-hivemq-controller-124] DEBUG c.h.p.o.h.HiveMQPlatformReconcilerSetLogLevelHandler - [updatelo] Setting log level on Pod 'test-hivemq-platform-1'
2025-01-29 14:01:09,229 INFO c.h.h.t.HelmChartContainer - [hivemq-test-hivemq-platform] [hivemq-platform-operator] [7099a904] 14:01:09.227 [ForkJoinPool.commonPool-worker-1] DEBUG c.h.p.o.h.HiveMQPlatformReconcilerSetLogLevelHandler - [updatelo] Setting log level on Pod 'test-hivemq-platform-0'
2025-01-29 14:01:09,465 INFO c.h.h.t.HelmChartContainer - [test-hivemq-platform] [hivemq] [c4cdc15d] INFO  - [HiveMQ Platform Operator Init App 1.7.0-SNAPSHOT] Set log level from WARN to WARN in logback.xml file
2025-01-29 14:01:09,477 INFO c.h.h.t.HelmChartContainer - [hivemq-test-hivemq-platform] [hivemq-platform-operator] [7099a904] 14:01:09.472 [vert.x-eventloop-thread-0] DEBUG c.h.platform.operator.util.PodUtil - Received status for command '[curl, -s, http://10.42.0.11:7979/setLogLevel?level=WARN]' on Pod 'test-hivemq-platform-0' (exit code: 0)
2025-01-29 14:01:09,479 INFO c.h.h.t.HelmChartContainer - [POD] test-hivemq-platform-1 [c485002a-8fcd-4f0f-82d8-456fed09f990] in updateloglevelit was MODIFIED
2025-01-29 14:01:09,481 INFO c.h.h.t.HelmChartContainer - [EVENT] Warning [Unhealthy] Readiness probe failed: HTTP probe failed with statuscode: 503 [updateloglevelit:test-hivemq-platform-1]
2025-01-29 14:01:09,481 INFO c.h.h.t.HelmChartContainer - Received Unhealthy event for container hivemq in pod test-hivemq-platform-1 [c485002a-8fcd-4f0f-82d8-456fed09f990]
2025-01-29 14:01:09,532 INFO c.h.h.t.HelmChartContainer - [hivemq-test-hivemq-platform] [hivemq-platform-operator] [7099a904] 14:01:09.531 [pool-6-thread-48] DEBUG c.h.p.o.d.PlatformServiceResource - [updatelo] Desired Platform services (3 services)
2025-01-29 14:01:09,533 INFO c.h.h.t.HelmChartContainer - [hivemq-test-hivemq-platform] [hivemq-platform-operator] [7099a904] 14:01:09.531 [pool-6-thread-44] DEBUG c.h.p.o.dependants.PodInfoConfigMap - [updatelo] Desired PodInfo ConfigMap (1 extensions) (1 enabled)
2025-01-29 14:01:09,534 INFO c.h.h.t.HelmChartContainer - [hivemq-test-hivemq-platform] [hivemq-platform-operator] [7099a904] 14:01:09.532 [pool-6-thread-44] DEBUG c.h.p.o.dependants.PodInfoConfigMap - [updatelo] Desired PodInfo ConfigMap (metrics port: 9399) (metrics path: /)
2025-01-29 14:01:09,534 INFO c.h.h.t.HelmChartContainer - [hivemq-test-hivemq-platform] [hivemq-platform-operator] [7099a904] 14:01:09.533 [pool-6-thread-44] DEBUG c.h.p.o.dependants.PodInfoConfigMap - [updatelo] Desired PodInfo ConfigMap (extension state hash: -1817474005)
2025-01-29 14:01:09,535 INFO c.h.h.t.HelmChartContainer - [hivemq-test-hivemq-platform] [hivemq-platform-operator] [7099a904] 14:01:09.533 [pool-6-thread-45] DEBUG c.h.p.o.d.PodServiceAccountResource - [updatelo] Desired PodServiceAccountResource (serviceAccountName: hivemq-platform-pod-test-hivemq-platform)
2025-01-29 14:01:09,540 INFO c.h.h.t.HelmChartContainer - [hivemq-test-hivemq-platform] [hivemq-platform-operator] [7099a904] 14:01:09.539 [pool-6-thread-48] DEBUG c.h.p.o.d.StatefulSetResource - [updatelo] Desired StatefulSet (2 replicas) for status SET_LOG_LEVEL (SET_LOG_LEVEL)
2025-01-29 14:01:09,543 INFO c.h.h.t.HelmChartContainer - [hivemq-test-hivemq-platform] [hivemq-platform-operator] [7099a904] 14:01:09.542 [ReconcilerExecutor-hivemq-controller-125] INFO  c.h.p.o.HiveMQPlatformReconciler - [updatelo] Reconciling HiveMQ Platform 'test-hivemq-platform' in namespace 'updateloglevelit'
2025-01-29 14:01:09,544 INFO c.h.h.t.HelmChartContainer - [hivemq-test-hivemq-platform] [hivemq-platform-operator] [7099a904] 14:01:09.542 [ReconcilerExecutor-hivemq-controller-125] DEBUG c.h.p.o.HiveMQPlatformReconciler - [updatelo] Custom Resource Status SET_LOG_LEVEL - HiveMQ Platform is updating the log level to WARN (SET_LOG_LEVEL) (reconciliation requests: SCALING)
2025-01-29 14:01:09,544 INFO c.h.h.t.HelmChartContainer - [hivemq-test-hivemq-platform] [hivemq-platform-operator] [7099a904] 14:01:09.542 [ReconcilerExecutor-hivemq-controller-125] DEBUG c.h.p.o.HiveMQPlatformReconciler - [updatelo] Custom Resource Spec (replicas: 2) (extensions: 1)
2025-01-29 14:01:09,544 INFO c.h.h.t.HelmChartContainer - [hivemq-test-hivemq-platform] [hivemq-platform-operator] [7099a904] 14:01:09.544 [ReconcilerExecutor-hivemq-controller-125] DEBUG c.h.p.o.HiveMQPlatformReconciler - [updatelo] StatefulSet Status (revision: test-hivemq-platform-b697f795f, replicas: 2, available: 1, ready: 1, current: 2, updated: 2)
2025-01-29 14:01:09,545 INFO c.h.h.t.HelmChartContainer - [hivemq-test-hivemq-platform] [hivemq-platform-operator] [7099a904] 14:01:09.544 [ReconcilerExecutor-hivemq-controller-125] DEBUG c.h.p.o.HiveMQPlatformReconciler - [updatelo] StatefulSet Spec (replicas: 2, init containers: 1, containers: 1, volumes: 3)
2025-01-29 14:01:09,554 INFO c.h.h.t.HelmChartContainer - [test-hivemq-platform] [hivemq] [c485002a] INFO  - [HiveMQ Platform Operator Init App 1.7.0-SNAPSHOT] Successfully updated Pod HiveMQ Platform Operator Init App version annotation (version: 1.7.0-SNAPSHOT)
2025-01-29 14:01:09,631 INFO c.h.h.t.HelmChartContainer - [hivemq-test-hivemq-platform] [hivemq-platform-operator] [7099a904] 14:01:09.629 [ReconcilerExecutor-hivemq-controller-125] DEBUG c.h.p.o.h.HiveMQPlatformReconcilerErrorHandler - [updatelo] Pod 'test-hivemq-platform-1' phase Running
2025-01-29 14:01:09,632 INFO c.h.h.t.HelmChartContainer - [hivemq-test-hivemq-platform] [hivemq-platform-operator] [7099a904] 14:01:09.631 [ReconcilerExecutor-hivemq-controller-125] DEBUG c.h.p.o.h.HiveMQPlatformReconcilerErrorHandler - [updatelo] Pod 'test-hivemq-platform-0' phase Running
2025-01-29 14:01:09,633 INFO c.h.h.t.HelmChartContainer - [hivemq-test-hivemq-platform] [hivemq-platform-operator] [7099a904] 14:01:09.632 [ReconcilerExecutor-hivemq-controller-125] INFO  c.h.p.operator.http.RestApiService - [updatelo] Set log level command on Pod 'test-hivemq-platform-1' is not ready yet
2025-01-29 14:01:10,171 INFO c.h.h.t.HelmChartContainer - [test-hivemq-platform] [hivemq] [c485002a] INFO  - [HiveMQ Platform Operator Init App 1.7.0-SNAPSHOT] Set log level from ${HIVEMQ_LOG_LEVEL:-INFO} to WARN in logback.xml file
2025-01-29 14:01:10,261 INFO c.h.h.t.HelmChartContainer - [hivemq-test-hivemq-platform] [hivemq-platform-operator] [7099a904] 14:01:10.260 [vert.x-eventloop-thread-0] DEBUG c.h.platform.operator.util.PodUtil - Received status for command '[curl, -s, http://10.42.0.12:7979/setLogLevel?level=WARN]' on Pod 'test-hivemq-platform-1' (exit code: 0)
2025-01-29 14:01:10,638 INFO c.h.h.t.HelmChartContainer - [hivemq-test-hivemq-platform] [hivemq-platform-operator] [7099a904] 14:01:10.634 [pool-6-thread-5] DEBUG c.h.p.o.d.PlatformServiceResource - [updatelo] Desired Platform services (3 services)
2025-01-29 14:01:10,638 INFO c.h.h.t.HelmChartContainer - [hivemq-test-hivemq-platform] [hivemq-platform-operator] [7099a904] 14:01:10.634 [pool-6-thread-1] DEBUG c.h.p.o.dependants.PodInfoConfigMap - [updatelo] Desired PodInfo ConfigMap (1 extensions) (1 enabled)
2025-01-29 14:01:10,638 INFO c.h.h.t.HelmChartContainer - [hivemq-test-hivemq-platform] [hivemq-platform-operator] [7099a904] 14:01:10.636 [pool-6-thread-7] DEBUG c.h.p.o.d.PodServiceAccountResource - [updatelo] Desired PodServiceAccountResource (serviceAccountName: hivemq-platform-pod-test-hivemq-platform)
2025-01-29 14:01:10,639 INFO c.h.h.t.HelmChartContainer - [hivemq-test-hivemq-platform] [hivemq-platform-operator] [7099a904] 14:01:10.635 [pool-6-thread-1] DEBUG c.h.p.o.dependants.PodInfoConfigMap - [updatelo] Desired PodInfo ConfigMap (metrics port: 9399) (metrics path: /)
2025-01-29 14:01:10,639 INFO c.h.h.t.HelmChartContainer - [hivemq-test-hivemq-platform] [hivemq-platform-operator] [7099a904] 14:01:10.637 [pool-6-thread-1] DEBUG c.h.p.o.dependants.PodInfoConfigMap - [updatelo] Desired PodInfo ConfigMap (extension state hash: -1817474005)
2025-01-29 14:01:10,640 INFO c.h.h.t.HelmChartContainer - [hivemq-test-hivemq-platform] [hivemq-platform-operator] [7099a904] 14:01:10.640 [pool-6-thread-5] DEBUG c.h.p.o.d.StatefulSetResource - [updatelo] Desired StatefulSet (2 replicas) for status SET_LOG_LEVEL (SET_LOG_LEVEL)
2025-01-29 14:01:10,643 INFO c.h.h.t.HelmChartContainer - [hivemq-test-hivemq-platform] [hivemq-platform-operator] [7099a904] 14:01:10.643 [ReconcilerExecutor-hivemq-controller-126] INFO  c.h.p.o.HiveMQPlatformReconciler - [updatelo] Reconciling HiveMQ Platform 'test-hivemq-platform' in namespace 'updateloglevelit'
2025-01-29 14:01:10,645 INFO c.h.h.t.HelmChartContainer - [hivemq-test-hivemq-platform] [hivemq-platform-operator] [7099a904] 14:01:10.643 [ReconcilerExecutor-hivemq-controller-126] DEBUG c.h.p.o.HiveMQPlatformReconciler - [updatelo] Custom Resource Status SET_LOG_LEVEL - HiveMQ Platform is updating the log level to WARN (SET_LOG_LEVEL) (reconciliation requests: SCALING)
2025-01-29 14:01:10,645 INFO c.h.h.t.HelmChartContainer - [hivemq-test-hivemq-platform] [hivemq-platform-operator] [7099a904] 14:01:10.643 [ReconcilerExecutor-hivemq-controller-126] DEBUG c.h.p.o.HiveMQPlatformReconciler - [updatelo] Custom Resource Spec (replicas: 2) (extensions: 1)
2025-01-29 14:01:10,646 INFO c.h.h.t.HelmChartContainer - [hivemq-test-hivemq-platform] [hivemq-platform-operator] [7099a904] 14:01:10.644 [ReconcilerExecutor-hivemq-controller-126] DEBUG c.h.p.o.HiveMQPlatformReconciler - [updatelo] StatefulSet Status (revision: test-hivemq-platform-b697f795f, replicas: 2, available: 1, ready: 1, current: 2, updated: 2)
2025-01-29 14:01:10,646 INFO c.h.h.t.HelmChartContainer - [hivemq-test-hivemq-platform] [hivemq-platform-operator] [7099a904] 14:01:10.644 [ReconcilerExecutor-hivemq-controller-126] DEBUG c.h.p.o.HiveMQPlatformReconciler - [updatelo] StatefulSet Spec (replicas: 2, init containers: 1, containers: 1, volumes: 3)
2025-01-29 14:01:10,650 INFO c.h.h.t.HelmChartContainer - [hivemq-test-hivemq-platform] [hivemq-platform-operator] [7099a904] 14:01:10.647 [ReconcilerExecutor-hivemq-controller-126] DEBUG c.h.p.o.h.HiveMQPlatformReconcilerErrorHandler - [updatelo] Pod 'test-hivemq-platform-1' phase Running
2025-01-29 14:01:10,650 INFO c.h.h.t.HelmChartContainer - [hivemq-test-hivemq-platform] [hivemq-platform-operator] [7099a904] 14:01:10.648 [ReconcilerExecutor-hivemq-controller-126] DEBUG c.h.p.o.h.HiveMQPlatformReconcilerErrorHandler - [updatelo] Pod 'test-hivemq-platform-0' phase Running
2025-01-29 14:01:10,650 INFO c.h.h.t.HelmChartContainer - [hivemq-test-hivemq-platform] [hivemq-platform-operator] [7099a904] 14:01:10.649 [ReconcilerExecutor-hivemq-controller-126] INFO  c.h.p.o.h.HiveMQPlatformReconcilerSetLogLevelHandler - [updatelo] Successfully updated the log level on all Pods
2025-01-29 14:01:10,741 INFO c.h.h.t.HelmChartContainer - [hivemq-test-hivemq-platform] [hivemq-platform-operator] [7099a904] 14:01:10.740 [ReconcilerExecutor-hivemq-controller-126] DEBUG c.h.p.operator.event.EventSender - [updatelo] Creating K8s event waiting-for-log-level-update: [SetLogLevel] HiveMQ Platform is updating the log level
2025-01-29 14:01:10,745 INFO c.h.h.t.HelmChartContainer - [EVENT] Normal [SetLogLevel] HiveMQ Platform is updating the log level [updateloglevelit:test-hivemq-platform]
2025-01-29 14:01:10,745 INFO c.h.h.t.HelmChartContainer - [hivemq-test-hivemq-platform] [hivemq-platform-operator] [7099a904] 14:01:10.744 [ReconcilerExecutor-hivemq-controller-126] INFO  c.h.p.o.h.AbstractHiveMQReconcilerStateHandler - [updatelo] Update HiveMQ Platform Status (SET_LOG_LEVEL [SET_LOG_LEVEL] -> SET_LOG_LEVEL [WAIT_FOR_LOG_LEVEL_UPDATE]): HiveMQ Platform is updating the log level (reconciliation requests: SCALING)
2025-01-29 14:01:10,753 DEBUG com.hivemq.helmcharts.util.K8sUtil - Comparing actual state 'SET_LOG_LEVEL' and waiting for 'RUNNING'
2025-01-29 14:01:14,478 INFO c.h.h.t.HelmChartContainer - [EVENT] Warning [Unhealthy] Readiness probe failed: HTTP probe failed with statuscode: 503 [updateloglevelit:test-hivemq-platform-1]
2025-01-29 14:01:14,478 INFO c.h.h.t.HelmChartContainer - Received Unhealthy event for container hivemq in pod test-hivemq-platform-1 [c485002a-8fcd-4f0f-82d8-456fed09f990]
2025-01-29 14:01:16,964 INFO c.h.h.t.HelmChartContainer - [test-hivemq-platform] [hivemq] [c485002a] INFO  - [HiveMQ Platform Operator Init App 1.7.0-SNAPSHOT] Proceeding with container start
2025-01-29 14:01:16,967 INFO c.h.h.t.HelmChartContainer - [test-hivemq-platform] [hivemq] [c485002a] INFO  - [HiveMQ Platform Operator Init App 1.7.0-SNAPSHOT] Initializing HiveMQ Platform extensions with initial configuration: {hivemq-allow-all-extension={start-priority=-1, skip-https-hostname-verification=false, restart=true, config-version=0, header-version=0, c-uri=, priority=-1, uri=preinstalled, skip-https-certificate-validation=false, enabled=true}, hivemq-prometheus-extension={uri=preinstalled, skip-https-certificate-validation=false, skip-https-hostname-verification=false, c-uri=, start-priority=-1, priority=-1, restart=true, enabled=true, request-header-path=no-request-headers}}
2025-01-29 14:01:16,978 INFO c.h.h.t.HelmChartContainer - [test-hivemq-platform] [hivemq] [c485002a] INFO  - [HiveMQ Platform Operator Init App 1.7.0-SNAPSHOT] Extension hivemq-allow-all-extension was already enabled
2025-01-29 14:01:17,055 INFO c.h.h.t.HelmChartContainer - [test-hivemq-platform] [hivemq] [c485002a] INFO  - [HiveMQ Platform Operator Init App 1.7.0-SNAPSHOT] Successfully enabled extension hivemq-prometheus-extension
2025-01-29 14:01:17,056 INFO c.h.h.t.HelmChartContainer - [test-hivemq-platform] [hivemq] [c485002a] INFO  - [HiveMQ Platform Operator Init App 1.7.0-SNAPSHOT] Starting HiveMQ Platform version 4.36.0 (4.36.0)
2025-01-29 14:01:17,056 INFO c.h.h.t.HelmChartContainer - [test-hivemq-platform] [hivemq] [c485002a] INFO  - [HiveMQ Platform Operator Init App 1.7.0-SNAPSHOT] Configuring the HiveMQ Platform
2025-01-29 14:01:17,065 INFO c.h.h.t.HelmChartContainer - [test-hivemq-platform] [hivemq] [c485002a] INFO  - [HiveMQ Platform Operator Init App 1.7.0-SNAPSHOT] Changed logback.xml file scan period to 20 seconds
2025-01-29 14:01:17,155 INFO c.h.h.t.HelmChartContainer - [test-hivemq-platform] [hivemq] [c485002a] INFO  - [HiveMQ Platform Operator Init App 1.7.0-SNAPSHOT] Starting the HiveMQ Platform
2025-01-29 14:01:17,158 INFO c.h.h.t.HelmChartContainer - [test-hivemq-platform] [hivemq] [c485002a] -------------------------------------------------------------------------
2025-01-29 14:01:17,159 INFO c.h.h.t.HelmChartContainer - [test-hivemq-platform] [hivemq] [c485002a] 
2025-01-29 14:01:17,160 INFO c.h.h.t.HelmChartContainer - [test-hivemq-platform] [hivemq] [c485002a]                   _    _  _              __  __   ____
2025-01-29 14:01:17,160 INFO c.h.h.t.HelmChartContainer - [test-hivemq-platform] [hivemq] [c485002a]                  | |  | |(_)            |  \/  | / __ \
2025-01-29 14:01:17,160 INFO c.h.h.t.HelmChartContainer - [test-hivemq-platform] [hivemq] [c485002a]                  | |__| | _ __   __ ___ | \  / || |  | |
2025-01-29 14:01:17,160 INFO c.h.h.t.HelmChartContainer - [test-hivemq-platform] [hivemq] [c485002a]                  |  __  || |\ \ / // _ \| |\/| || |  | |
2025-01-29 14:01:17,160 INFO c.h.h.t.HelmChartContainer - [test-hivemq-platform] [hivemq] [c485002a]                  | |  | || | \ V /|  __/| |  | || |__| |
2025-01-29 14:01:17,160 INFO c.h.h.t.HelmChartContainer - [test-hivemq-platform] [hivemq] [c485002a]                  |_|  |_||_|  \_/  \___||_|  |_| \___\_\
2025-01-29 14:01:17,160 INFO c.h.h.t.HelmChartContainer - [test-hivemq-platform] [hivemq] [c485002a] 
2025-01-29 14:01:17,160 INFO c.h.h.t.HelmChartContainer - [test-hivemq-platform] [hivemq] [c485002a] -------------------------------------------------------------------------
2025-01-29 14:01:17,160 INFO c.h.h.t.HelmChartContainer - [test-hivemq-platform] [hivemq] [c485002a] 
2025-01-29 14:01:17,160 INFO c.h.h.t.HelmChartContainer - [test-hivemq-platform] [hivemq] [c485002a]   HiveMQ Start Script for Linux/Unix v1.14
2025-01-29 14:01:17,160 INFO c.h.h.t.HelmChartContainer - [test-hivemq-platform] [hivemq] [c485002a] 
2025-01-29 14:01:17,251 INFO c.h.h.t.HelmChartContainer - [test-hivemq-platform] [hivemq] [c485002a] -------------------------------------------------------------------------
2025-01-29 14:01:17,251 INFO c.h.h.t.HelmChartContainer - [test-hivemq-platform] [hivemq] [c485002a] 
2025-01-29 14:01:17,251 INFO c.h.h.t.HelmChartContainer - [test-hivemq-platform] [hivemq] [c485002a]   HIVEMQ_HOME: /opt/hivemq
2025-01-29 14:01:17,251 INFO c.h.h.t.HelmChartContainer - [test-hivemq-platform] [hivemq] [c485002a] 
2025-01-29 14:01:17,251 INFO c.h.h.t.HelmChartContainer - [test-hivemq-platform] [hivemq] [c485002a]   JAVA_OPTS: -XX:+UnlockExperimentalVMOptions -XX:InitialRAMPercentage=50 -XX:MaxRAMPercentage=50 -Djava.net.preferIPv4Stack=true --add-opens java.base/java.lang=ALL-UNNAMED --add-opens java.base/java.nio=ALL-UNNAMED --add-opens java.base/sun.nio.ch=ALL-UNNAMED --add-opens jdk.management/com.sun.management.internal=ALL-UNNAMED --add-exports java.base/jdk.internal.misc=ALL-UNNAMED -Djava.security.egd=file:/dev/./urandom -Dcom.sun.management.jmxremote -Dcom.sun.management.jmxremote.port=9010 -Dcom.sun.management.jmxremote.local.only=false -Dcom.sun.management.jmxremote.authenticate=false -Dcom.sun.management.jmxremote.ssl=false -Duser.language=en -Duser.region=US -XX:+CrashOnOutOfMemoryError -XX:+HeapDumpOnOutOfMemoryError
2025-01-29 14:01:17,251 INFO c.h.h.t.HelmChartContainer - [test-hivemq-platform] [hivemq] [c485002a] 
2025-01-29 14:01:17,251 INFO c.h.h.t.HelmChartContainer - [test-hivemq-platform] [hivemq] [c485002a]   JAVA_VERSION: 21
2025-01-29 14:01:17,251 INFO c.h.h.t.HelmChartContainer - [test-hivemq-platform] [hivemq] [c485002a] 
2025-01-29 14:01:17,251 INFO c.h.h.t.HelmChartContainer - [test-hivemq-platform] [hivemq] [c485002a] -------------------------------------------------------------------------
2025-01-29 14:01:17,251 INFO c.h.h.t.HelmChartContainer - [test-hivemq-platform] [hivemq] [c485002a] 
2025-01-29 14:01:19,558 INFO c.h.h.t.HelmChartContainer - [EVENT] Warning [Unhealthy] Readiness probe failed: HTTP probe failed with statuscode: 503 [updateloglevelit:test-hivemq-platform-1]
2025-01-29 14:01:19,558 INFO c.h.h.t.HelmChartContainer - Received Unhealthy event for container hivemq in pod test-hivemq-platform-1 [c485002a-8fcd-4f0f-82d8-456fed09f990]
2025-01-29 14:01:19,852 INFO c.h.h.t.HelmChartContainer - [test-hivemq-platform] [hivemq] [c485002a] INFO  - Starting HiveMQ Enterprise Server
2025-01-29 14:01:19,858 INFO c.h.h.t.HelmChartContainer - [test-hivemq-platform] [hivemq] [c485002a] INFO  - HiveMQ version: 4.36.0
2025-01-29 14:01:19,858 INFO c.h.h.t.HelmChartContainer - [test-hivemq-platform] [hivemq] [c485002a] INFO  - HiveMQ home directory: /opt/hivemq
2025-01-29 14:01:20,761 INFO c.h.h.t.HelmChartContainer - [hivemq-test-hivemq-platform] [hivemq-platform-operator] [7099a904] 14:01:20.760 [pool-6-thread-12] DEBUG c.h.p.o.d.PlatformServiceResource - [updatelo] Desired Platform services (3 services)
2025-01-29 14:01:20,762 INFO c.h.h.t.HelmChartContainer - [hivemq-test-hivemq-platform] [hivemq-platform-operator] [7099a904] 14:01:20.761 [pool-6-thread-14] DEBUG c.h.p.o.d.PodServiceAccountResource - [updatelo] Desired PodServiceAccountResource (serviceAccountName: hivemq-platform-pod-test-hivemq-platform)
2025-01-29 14:01:20,764 INFO c.h.h.t.HelmChartContainer - [hivemq-test-hivemq-platform] [hivemq-platform-operator] [7099a904] 14:01:20.763 [pool-6-thread-17] DEBUG c.h.p.o.dependants.PodInfoConfigMap - [updatelo] Desired PodInfo ConfigMap (1 extensions) (1 enabled)
2025-01-29 14:01:20,768 INFO c.h.h.t.HelmChartContainer - [hivemq-test-hivemq-platform] [hivemq-platform-operator] [7099a904] 14:01:20.765 [pool-6-thread-17] DEBUG c.h.p.o.dependants.PodInfoConfigMap - [updatelo] Desired PodInfo ConfigMap (metrics port: 9399) (metrics path: /)
2025-01-29 14:01:20,768 INFO c.h.h.t.HelmChartContainer - [hivemq-test-hivemq-platform] [hivemq-platform-operator] [7099a904] 14:01:20.765 [pool-6-thread-17] DEBUG c.h.p.o.dependants.PodInfoConfigMap - [updatelo] Desired PodInfo ConfigMap (extension state hash: -1817474005)
2025-01-29 14:01:20,773 INFO c.h.h.t.HelmChartContainer - [hivemq-test-hivemq-platform] [hivemq-platform-operator] [7099a904] 14:01:20.771 [pool-6-thread-15] DEBUG c.h.p.o.d.StatefulSetResource - [updatelo] Desired StatefulSet (2 replicas) for status SET_LOG_LEVEL (WAIT_FOR_LOG_LEVEL_UPDATE)
2025-01-29 14:01:20,777 INFO c.h.h.t.HelmChartContainer - [hivemq-test-hivemq-platform] [hivemq-platform-operator] [7099a904] 14:01:20.776 [ReconcilerExecutor-hivemq-controller-127] INFO  c.h.p.o.HiveMQPlatformReconciler - [updatelo] Reconciling HiveMQ Platform 'test-hivemq-platform' in namespace 'updateloglevelit'
2025-01-29 14:01:20,778 INFO c.h.h.t.HelmChartContainer - [hivemq-test-hivemq-platform] [hivemq-platform-operator] [7099a904] 14:01:20.776 [ReconcilerExecutor-hivemq-controller-127] DEBUG c.h.p.o.HiveMQPlatformReconciler - [updatelo] Custom Resource Status SET_LOG_LEVEL - HiveMQ Platform is updating the log level (WAIT_FOR_LOG_LEVEL_UPDATE) (reconciliation requests: SCALING)
2025-01-29 14:01:20,778 INFO c.h.h.t.HelmChartContainer - [hivemq-test-hivemq-platform] [hivemq-platform-operator] [7099a904] 14:01:20.776 [ReconcilerExecutor-hivemq-controller-127] DEBUG c.h.p.o.HiveMQPlatformReconciler - [updatelo] Custom Resource Spec (replicas: 2) (extensions: 1)
2025-01-29 14:01:20,779 INFO c.h.h.t.HelmChartContainer - [hivemq-test-hivemq-platform] [hivemq-platform-operator] [7099a904] 14:01:20.778 [ReconcilerExecutor-hivemq-controller-127] DEBUG c.h.p.o.HiveMQPlatformReconciler - [updatelo] StatefulSet Status (revision: test-hivemq-platform-b697f795f, replicas: 2, available: 1, ready: 1, current: 2, updated: 2)
2025-01-29 14:01:20,779 INFO c.h.h.t.HelmChartContainer - [hivemq-test-hivemq-platform] [hivemq-platform-operator] [7099a904] 14:01:20.778 [ReconcilerExecutor-hivemq-controller-127] DEBUG c.h.p.o.HiveMQPlatformReconciler - [updatelo] StatefulSet Spec (replicas: 2, init containers: 1, containers: 1, volumes: 3)
2025-01-29 14:01:20,780 INFO c.h.h.t.HelmChartContainer - [hivemq-test-hivemq-platform] [hivemq-platform-operator] [7099a904] 14:01:20.779 [ReconcilerExecutor-hivemq-controller-127] DEBUG c.h.p.o.h.HiveMQPlatformReconcilerErrorHandler - [updatelo] Pod 'test-hivemq-platform-1' phase Running
2025-01-29 14:01:20,782 INFO c.h.h.t.HelmChartContainer - [hivemq-test-hivemq-platform] [hivemq-platform-operator] [7099a904] 14:01:20.781 [ReconcilerExecutor-hivemq-controller-127] DEBUG c.h.p.o.h.HiveMQPlatformReconcilerErrorHandler - [updatelo] Pod 'test-hivemq-platform-0' phase Running
2025-01-29 14:01:20,789 INFO c.h.h.t.HelmChartContainer - [hivemq-test-hivemq-platform] [hivemq-platform-operator] [7099a904] 14:01:20.788 [ForkJoinPool.commonPool-worker-1] DEBUG c.h.p.o.h.HiveMQPlatformReconcilerSetLogLevelHandler - [updatelo] Checking log level on Pod 'test-hivemq-platform-0'
2025-01-29 14:01:20,789 INFO c.h.h.t.HelmChartContainer - [hivemq-test-hivemq-platform] [hivemq-platform-operator] [7099a904] 14:01:20.788 [ReconcilerExecutor-hivemq-controller-127] DEBUG c.h.p.o.h.HiveMQPlatformReconcilerSetLogLevelHandler - [updatelo] Checking log level on Pod 'test-hivemq-platform-1'
2025-01-29 14:01:20,999 INFO c.h.h.t.HelmChartContainer - [hivemq-test-hivemq-platform] [hivemq-platform-operator] [7099a904] 14:01:20.998 [vert.x-eventloop-thread-0] DEBUG c.h.platform.operator.util.PodUtil - Received status for command '[curl, -s, http://10.42.0.11:7979/logLevel]' on Pod 'test-hivemq-platform-0' (exit code: 0)
2025-01-29 14:01:21,462 INFO c.h.h.t.HelmChartContainer - [hivemq-test-hivemq-platform] [hivemq-platform-operator] [7099a904] 14:01:21.460 [vert.x-eventloop-thread-0] DEBUG c.h.platform.operator.util.PodUtil - Received status for command '[curl, -s, http://10.42.0.12:7979/logLevel]' on Pod 'test-hivemq-platform-1' (exit code: 0)
2025-01-29 14:01:21,952 INFO c.h.h.t.HelmChartContainer - [hivemq-test-hivemq-platform] [hivemq-platform-operator] [7099a904] 14:01:21.948 [pool-6-thread-30] DEBUG c.h.p.o.d.PlatformServiceResource - [updatelo] Desired Platform services (3 services)
2025-01-29 14:01:21,952 INFO c.h.h.t.HelmChartContainer - [hivemq-test-hivemq-platform] [hivemq-platform-operator] [7099a904] 14:01:21.948 [pool-6-thread-25] DEBUG c.h.p.o.dependants.PodInfoConfigMap - [updatelo] Desired PodInfo ConfigMap (1 extensions) (1 enabled)
2025-01-29 14:01:21,952 INFO c.h.h.t.HelmChartContainer - [hivemq-test-hivemq-platform] [hivemq-platform-operator] [7099a904] 14:01:21.948 [pool-6-thread-25] DEBUG c.h.p.o.dependants.PodInfoConfigMap - [updatelo] Desired PodInfo ConfigMap (metrics port: 9399) (metrics path: /)
2025-01-29 14:01:21,952 INFO c.h.h.t.HelmChartContainer - [hivemq-test-hivemq-platform] [hivemq-platform-operator] [7099a904] 14:01:21.949 [pool-6-thread-25] DEBUG c.h.p.o.dependants.PodInfoConfigMap - [updatelo] Desired PodInfo ConfigMap (extension state hash: -1817474005)
2025-01-29 14:01:21,953 INFO c.h.h.t.HelmChartContainer - [hivemq-test-hivemq-platform] [hivemq-platform-operator] [7099a904] 14:01:21.952 [pool-6-thread-22] DEBUG c.h.p.o.d.PodServiceAccountResource - [updatelo] Desired PodServiceAccountResource (serviceAccountName: hivemq-platform-pod-test-hivemq-platform)
2025-01-29 14:01:21,956 INFO c.h.h.t.HelmChartContainer - [hivemq-test-hivemq-platform] [hivemq-platform-operator] [7099a904] 14:01:21.955 [pool-6-thread-30] DEBUG c.h.p.o.d.StatefulSetResource - [updatelo] Desired StatefulSet (2 replicas) for status SET_LOG_LEVEL (WAIT_FOR_LOG_LEVEL_UPDATE)
2025-01-29 14:01:21,968 INFO c.h.h.t.HelmChartContainer - [hivemq-test-hivemq-platform] [hivemq-platform-operator] [7099a904] 14:01:21.966 [ReconcilerExecutor-hivemq-controller-128] INFO  c.h.p.o.HiveMQPlatformReconciler - [updatelo] Reconciling HiveMQ Platform 'test-hivemq-platform' in namespace 'updateloglevelit'
2025-01-29 14:01:21,968 INFO c.h.h.t.HelmChartContainer - [hivemq-test-hivemq-platform] [hivemq-platform-operator] [7099a904] 14:01:21.967 [ReconcilerExecutor-hivemq-controller-128] DEBUG c.h.p.o.HiveMQPlatformReconciler - [updatelo] Custom Resource Status SET_LOG_LEVEL - HiveMQ Platform is updating the log level (WAIT_FOR_LOG_LEVEL_UPDATE) (reconciliation requests: SCALING)
2025-01-29 14:01:21,968 INFO c.h.h.t.HelmChartContainer - [hivemq-test-hivemq-platform] [hivemq-platform-operator] [7099a904] 14:01:21.967 [ReconcilerExecutor-hivemq-controller-128] DEBUG c.h.p.o.HiveMQPlatformReconciler - [updatelo] Custom Resource Spec (replicas: 2) (extensions: 1)
2025-01-29 14:01:21,970 INFO c.h.h.t.HelmChartContainer - [hivemq-test-hivemq-platform] [hivemq-platform-operator] [7099a904] 14:01:21.969 [ReconcilerExecutor-hivemq-controller-128] DEBUG c.h.p.o.HiveMQPlatformReconciler - [updatelo] StatefulSet Status (revision: test-hivemq-platform-b697f795f, replicas: 2, available: 1, ready: 1, current: 2, updated: 2)
2025-01-29 14:01:21,970 INFO c.h.h.t.HelmChartContainer - [hivemq-test-hivemq-platform] [hivemq-platform-operator] [7099a904] 14:01:21.969 [ReconcilerExecutor-hivemq-controller-128] DEBUG c.h.p.o.HiveMQPlatformReconciler - [updatelo] StatefulSet Spec (replicas: 2, init containers: 1, containers: 1, volumes: 3)
2025-01-29 14:01:21,973 INFO c.h.h.t.HelmChartContainer - [hivemq-test-hivemq-platform] [hivemq-platform-operator] [7099a904] 14:01:21.972 [ReconcilerExecutor-hivemq-controller-128] DEBUG c.h.p.o.h.HiveMQPlatformReconcilerErrorHandler - [updatelo] Pod 'test-hivemq-platform-1' phase Running
2025-01-29 14:01:21,974 INFO c.h.h.t.HelmChartContainer - [hivemq-test-hivemq-platform] [hivemq-platform-operator] [7099a904] 14:01:21.973 [ReconcilerExecutor-hivemq-controller-128] DEBUG c.h.p.o.h.HiveMQPlatformReconcilerErrorHandler - [updatelo] Pod 'test-hivemq-platform-0' phase Running
2025-01-29 14:01:21,975 INFO c.h.h.t.HelmChartContainer - [hivemq-test-hivemq-platform] [hivemq-platform-operator] [7099a904] 14:01:21.974 [ReconcilerExecutor-hivemq-controller-128] WARN  c.h.p.operator.util.RestApiUtil - [updatelo] Checking log level command on Pod 'test-hivemq-platform-1' returned a failure response: StatusResponse{status=INTERNAL_SERVER_ERROR, details={error=java.net.ConnectException}}
2025-01-29 14:01:24,556 INFO c.h.h.t.HelmChartContainer - [test-hivemq-platform] [hivemq] [c485002a] WARN  - [HiveMQ Platform Operator Init App 1.7.0-SNAPSHOT] Cannot connect to Health API for readiness: null
2025-01-29 14:01:24,562 INFO c.h.h.t.HelmChartContainer - [EVENT] Warning [Unhealthy] Readiness probe failed: HTTP probe failed with statuscode: 503 [updateloglevelit:test-hivemq-platform-1]
2025-01-29 14:01:24,562 INFO c.h.h.t.HelmChartContainer - Received Unhealthy event for container hivemq in pod test-hivemq-platform-1 [c485002a-8fcd-4f0f-82d8-456fed09f990]
2025-01-29 14:01:25,454 INFO c.h.h.t.HelmChartContainer - [test-hivemq-platform] [hivemq] [c485002a] WARN  - [HiveMQ Platform Operator Init App 1.7.0-SNAPSHOT] Cannot connect to Health API for liveness: null
2025-01-29 14:01:25,454 INFO c.h.h.t.HelmChartContainer - [test-hivemq-platform] [hivemq] [c485002a] INFO  - [HiveMQ Platform Operator Init App 1.7.0-SNAPSHOT] Returning default Health API response 200 for liveness
2025-01-29 14:01:29,558 INFO c.h.h.t.HelmChartContainer - [test-hivemq-platform] [hivemq] [c485002a] WARN  - [HiveMQ Platform Operator Init App 1.7.0-SNAPSHOT] Cannot connect to Health API for readiness: null
2025-01-29 14:01:29,560 INFO c.h.h.t.HelmChartContainer - [EVENT] Warning [Unhealthy] Readiness probe failed: HTTP probe failed with statuscode: 503 [updateloglevelit:test-hivemq-platform-1]
2025-01-29 14:01:29,560 INFO c.h.h.t.HelmChartContainer - Received Unhealthy event for container hivemq in pod test-hivemq-platform-1 [c485002a-8fcd-4f0f-82d8-456fed09f990]
2025-01-29 14:01:31,980 INFO c.h.h.t.HelmChartContainer - [hivemq-test-hivemq-platform] [hivemq-platform-operator] [7099a904] 14:01:31.978 [pool-6-thread-36] DEBUG c.h.p.o.d.PlatformServiceResource - [updatelo] Desired Platform services (3 services)
2025-01-29 14:01:31,981 INFO c.h.h.t.HelmChartContainer - [hivemq-test-hivemq-platform] [hivemq-platform-operator] [7099a904] 14:01:31.978 [pool-6-thread-34] DEBUG c.h.p.o.dependants.PodInfoConfigMap - [updatelo] Desired PodInfo ConfigMap (1 extensions) (1 enabled)
2025-01-29 14:01:31,981 INFO c.h.h.t.HelmChartContainer - [hivemq-test-hivemq-platform] [hivemq-platform-operator] [7099a904] 14:01:31.978 [pool-6-thread-34] DEBUG c.h.p.o.dependants.PodInfoConfigMap - [updatelo] Desired PodInfo ConfigMap (metrics port: 9399) (metrics path: /)
2025-01-29 14:01:31,981 INFO c.h.h.t.HelmChartContainer - [hivemq-test-hivemq-platform] [hivemq-platform-operator] [7099a904] 14:01:31.978 [pool-6-thread-34] DEBUG c.h.p.o.dependants.PodInfoConfigMap - [updatelo] Desired PodInfo ConfigMap (extension state hash: -1817474005)
2025-01-29 14:01:31,981 INFO c.h.h.t.HelmChartContainer - [hivemq-test-hivemq-platform] [hivemq-platform-operator] [7099a904] 14:01:31.980 [pool-6-thread-34] DEBUG c.h.p.o.d.PodServiceAccountResource - [updatelo] Desired PodServiceAccountResource (serviceAccountName: hivemq-platform-pod-test-hivemq-platform)
2025-01-29 14:01:31,985 INFO c.h.h.t.HelmChartContainer - [hivemq-test-hivemq-platform] [hivemq-platform-operator] [7099a904] 14:01:31.984 [pool-6-thread-36] DEBUG c.h.p.o.d.StatefulSetResource - [updatelo] Desired StatefulSet (2 replicas) for status SET_LOG_LEVEL (WAIT_FOR_LOG_LEVEL_UPDATE)
2025-01-29 14:01:31,988 INFO c.h.h.t.HelmChartContainer - [hivemq-test-hivemq-platform] [hivemq-platform-operator] [7099a904] 14:01:31.987 [ReconcilerExecutor-hivemq-controller-129] INFO  c.h.p.o.HiveMQPlatformReconciler - [updatelo] Reconciling HiveMQ Platform 'test-hivemq-platform' in namespace 'updateloglevelit'
2025-01-29 14:01:31,988 INFO c.h.h.t.HelmChartContainer - [hivemq-test-hivemq-platform] [hivemq-platform-operator] [7099a904] 14:01:31.987 [ReconcilerExecutor-hivemq-controller-129] DEBUG c.h.p.o.HiveMQPlatformReconciler - [updatelo] Custom Resource Status SET_LOG_LEVEL - HiveMQ Platform is updating the log level (WAIT_FOR_LOG_LEVEL_UPDATE) (reconciliation requests: SCALING)
2025-01-29 14:01:31,988 INFO c.h.h.t.HelmChartContainer - [hivemq-test-hivemq-platform] [hivemq-platform-operator] [7099a904] 14:01:31.987 [ReconcilerExecutor-hivemq-controller-129] DEBUG c.h.p.o.HiveMQPlatformReconciler - [updatelo] Custom Resource Spec (replicas: 2) (extensions: 1)
2025-01-29 14:01:31,989 INFO c.h.h.t.HelmChartContainer - [hivemq-test-hivemq-platform] [hivemq-platform-operator] [7099a904] 14:01:31.988 [ReconcilerExecutor-hivemq-controller-129] DEBUG c.h.p.o.HiveMQPlatformReconciler - [updatelo] StatefulSet Status (revision: test-hivemq-platform-b697f795f, replicas: 2, available: 1, ready: 1, current: 2, updated: 2)
2025-01-29 14:01:31,990 INFO c.h.h.t.HelmChartContainer - [hivemq-test-hivemq-platform] [hivemq-platform-operator] [7099a904] 14:01:31.989 [ReconcilerExecutor-hivemq-controller-129] DEBUG c.h.p.o.HiveMQPlatformReconciler - [updatelo] StatefulSet Spec (replicas: 2, init containers: 1, containers: 1, volumes: 3)
2025-01-29 14:01:31,992 INFO c.h.h.t.HelmChartContainer - [hivemq-test-hivemq-platform] [hivemq-platform-operator] [7099a904] 14:01:31.991 [ReconcilerExecutor-hivemq-controller-129] DEBUG c.h.p.o.h.HiveMQPlatformReconcilerErrorHandler - [updatelo] Pod 'test-hivemq-platform-1' phase Running
2025-01-29 14:01:31,993 INFO c.h.h.t.HelmChartContainer - [hivemq-test-hivemq-platform] [hivemq-platform-operator] [7099a904] 14:01:31.993 [ReconcilerExecutor-hivemq-controller-129] DEBUG c.h.p.o.h.HiveMQPlatformReconcilerErrorHandler - [updatelo] Pod 'test-hivemq-platform-0' phase Running
2025-01-29 14:01:32,028 INFO c.h.h.t.HelmChartContainer - [hivemq-test-hivemq-platform] [hivemq-platform-operator] [7099a904] 14:01:32.027 [ReconcilerExecutor-hivemq-controller-129] DEBUG c.h.p.o.h.HiveMQPlatformReconcilerSetLogLevelHandler - [updatelo] Checking log level on Pod 'test-hivemq-platform-1'
2025-01-29 14:01:32,028 INFO c.h.h.t.HelmChartContainer - [hivemq-test-hivemq-platform] [hivemq-platform-operator] [7099a904] 14:01:32.027 [ForkJoinPool.commonPool-worker-1] DEBUG c.h.p.o.h.HiveMQPlatformReconcilerSetLogLevelHandler - [updatelo] Checking log level on Pod 'test-hivemq-platform-0'
2025-01-29 14:01:32,181 INFO c.h.h.t.HelmChartContainer - [hivemq-test-hivemq-platform] [hivemq-platform-operator] [7099a904] 14:01:32.180 [vert.x-eventloop-thread-0] DEBUG c.h.platform.operator.util.PodUtil - Received status for command '[curl, -s, http://10.42.0.11:7979/logLevel]' on Pod 'test-hivemq-platform-0' (exit code: 0)
2025-01-29 14:01:32,264 INFO c.h.h.t.HelmChartContainer - [hivemq-test-hivemq-platform] [hivemq-platform-operator] [7099a904] 14:01:32.263 [vert.x-eventloop-thread-1] DEBUG c.h.platform.operator.util.PodUtil - Received status for command '[curl, -s, http://10.42.0.12:7979/logLevel]' on Pod 'test-hivemq-platform-1' (exit code: 0)
2025-01-29 14:01:33,145 INFO c.h.h.t.HelmChartContainer - [hivemq-test-hivemq-platform] [hivemq-platform-operator] [7099a904] 14:01:33.142 [pool-6-thread-49] DEBUG c.h.p.o.d.PlatformServiceResource - [updatelo] Desired Platform services (3 services)
2025-01-29 14:01:33,146 INFO c.h.h.t.HelmChartContainer - [hivemq-test-hivemq-platform] [hivemq-platform-operator] [7099a904] 14:01:33.143 [pool-6-thread-50] DEBUG c.h.p.o.dependants.PodInfoConfigMap - [updatelo] Desired PodInfo ConfigMap (1 extensions) (1 enabled)
2025-01-29 14:01:33,146 INFO c.h.h.t.HelmChartContainer - [hivemq-test-hivemq-platform] [hivemq-platform-operator] [7099a904] 14:01:33.143 [pool-6-thread-50] DEBUG c.h.p.o.dependants.PodInfoConfigMap - [updatelo] Desired PodInfo ConfigMap (metrics port: 9399) (metrics path: /)
2025-01-29 14:01:33,146 INFO c.h.h.t.HelmChartContainer - [hivemq-test-hivemq-platform] [hivemq-platform-operator] [7099a904] 14:01:33.143 [pool-6-thread-50] DEBUG c.h.p.o.dependants.PodInfoConfigMap - [updatelo] Desired PodInfo ConfigMap (extension state hash: -1817474005)
2025-01-29 14:01:33,146 INFO c.h.h.t.HelmChartContainer - [hivemq-test-hivemq-platform] [hivemq-platform-operator] [7099a904] 14:01:33.144 [pool-6-thread-45] DEBUG c.h.p.o.d.PodServiceAccountResource - [updatelo] Desired PodServiceAccountResource (serviceAccountName: hivemq-platform-pod-test-hivemq-platform)
2025-01-29 14:01:33,148 INFO c.h.h.t.HelmChartContainer - [hivemq-test-hivemq-platform] [hivemq-platform-operator] [7099a904] 14:01:33.147 [pool-6-thread-44] DEBUG c.h.p.o.d.StatefulSetResource - [updatelo] Desired StatefulSet (2 replicas) for status SET_LOG_LEVEL (WAIT_FOR_LOG_LEVEL_UPDATE)
2025-01-29 14:01:33,154 INFO c.h.h.t.HelmChartContainer - [hivemq-test-hivemq-platform] [hivemq-platform-operator] [7099a904] 14:01:33.150 [ReconcilerExecutor-hivemq-controller-130] INFO  c.h.p.o.HiveMQPlatformReconciler - [updatelo] Reconciling HiveMQ Platform 'test-hivemq-platform' in namespace 'updateloglevelit'
2025-01-29 14:01:33,154 INFO c.h.h.t.HelmChartContainer - [hivemq-test-hivemq-platform] [hivemq-platform-operator] [7099a904] 14:01:33.150 [ReconcilerExecutor-hivemq-controller-130] DEBUG c.h.p.o.HiveMQPlatformReconciler - [updatelo] Custom Resource Status SET_LOG_LEVEL - HiveMQ Platform is updating the log level (WAIT_FOR_LOG_LEVEL_UPDATE) (reconciliation requests: SCALING)
2025-01-29 14:01:33,154 INFO c.h.h.t.HelmChartContainer - [hivemq-test-hivemq-platform] [hivemq-platform-operator] [7099a904] 14:01:33.150 [ReconcilerExecutor-hivemq-controller-130] DEBUG c.h.p.o.HiveMQPlatformReconciler - [updatelo] Custom Resource Spec (replicas: 2) (extensions: 1)
2025-01-29 14:01:33,154 INFO c.h.h.t.HelmChartContainer - [hivemq-test-hivemq-platform] [hivemq-platform-operator] [7099a904] 14:01:33.151 [ReconcilerExecutor-hivemq-controller-130] DEBUG c.h.p.o.HiveMQPlatformReconciler - [updatelo] StatefulSet Status (revision: test-hivemq-platform-b697f795f, replicas: 2, available: 1, ready: 1, current: 2, updated: 2)
2025-01-29 14:01:33,154 INFO c.h.h.t.HelmChartContainer - [hivemq-test-hivemq-platform] [hivemq-platform-operator] [7099a904] 14:01:33.151 [ReconcilerExecutor-hivemq-controller-130] DEBUG c.h.p.o.HiveMQPlatformReconciler - [updatelo] StatefulSet Spec (replicas: 2, init containers: 1, containers: 1, volumes: 3)
2025-01-29 14:01:33,154 INFO c.h.h.t.HelmChartContainer - [hivemq-test-hivemq-platform] [hivemq-platform-operator] [7099a904] 14:01:33.152 [ReconcilerExecutor-hivemq-controller-130] DEBUG c.h.p.o.h.HiveMQPlatformReconcilerErrorHandler - [updatelo] Pod 'test-hivemq-platform-1' phase Running
2025-01-29 14:01:33,155 INFO c.h.h.t.HelmChartContainer - [hivemq-test-hivemq-platform] [hivemq-platform-operator] [7099a904] 14:01:33.153 [ReconcilerExecutor-hivemq-controller-130] DEBUG c.h.p.o.h.HiveMQPlatformReconcilerErrorHandler - [updatelo] Pod 'test-hivemq-platform-0' phase Running
2025-01-29 14:01:33,155 INFO c.h.h.t.HelmChartContainer - [hivemq-test-hivemq-platform] [hivemq-platform-operator] [7099a904] 14:01:33.154 [ReconcilerExecutor-hivemq-controller-130] WARN  c.h.p.operator.util.RestApiUtil - [updatelo] Checking log level command on Pod 'test-hivemq-platform-1' returned a failure response: StatusResponse{status=INTERNAL_SERVER_ERROR, details={error=java.net.ConnectException}}
2025-01-29 14:01:34,554 INFO c.h.h.t.HelmChartContainer - [test-hivemq-platform] [hivemq] [c485002a] WARN  - [HiveMQ Platform Operator Init App 1.7.0-SNAPSHOT] Cannot connect to Health API for readiness: null
2025-01-29 14:01:34,560 INFO c.h.h.t.HelmChartContainer - [EVENT] Warning [Unhealthy] Readiness probe failed: HTTP probe failed with statuscode: 503 [updateloglevelit:test-hivemq-platform-1]
2025-01-29 14:01:34,560 INFO c.h.h.t.HelmChartContainer - Received Unhealthy event for container hivemq in pod test-hivemq-platform-1 [c485002a-8fcd-4f0f-82d8-456fed09f990]
2025-01-29 14:01:39,531 INFO c.h.h.t.HelmChartContainer - [test-hivemq-platform] [hivemq] [c485002a] WARN  - [HiveMQ Platform Operator Init App 1.7.0-SNAPSHOT] Cannot connect to Health API for readiness: null
2025-01-29 14:01:39,535 INFO c.h.h.t.HelmChartContainer - [EVENT] Warning [Unhealthy] Readiness probe failed: HTTP probe failed with statuscode: 503 [updateloglevelit:test-hivemq-platform-1]
2025-01-29 14:01:39,535 INFO c.h.h.t.HelmChartContainer - Received Unhealthy event for container hivemq in pod test-hivemq-platform-1 [c485002a-8fcd-4f0f-82d8-456fed09f990]
2025-01-29 14:01:43,165 INFO c.h.h.t.HelmChartContainer - [hivemq-test-hivemq-platform] [hivemq-platform-operator] [7099a904] 14:01:43.161 [pool-6-thread-6] DEBUG c.h.p.o.d.PlatformServiceResource - [updatelo] Desired Platform services (3 services)
2025-01-29 14:01:43,165 INFO c.h.h.t.HelmChartContainer - [hivemq-test-hivemq-platform] [hivemq-platform-operator] [7099a904] 14:01:43.164 [pool-6-thread-10] DEBUG c.h.p.o.dependants.PodInfoConfigMap - [updatelo] Desired PodInfo ConfigMap (1 extensions) (1 enabled)
2025-01-29 14:01:43,165 INFO c.h.h.t.HelmChartContainer - [hivemq-test-hivemq-platform] [hivemq-platform-operator] [7099a904] 14:01:43.164 [pool-6-thread-10] DEBUG c.h.p.o.dependants.PodInfoConfigMap - [updatelo] Desired PodInfo ConfigMap (metrics port: 9399) (metrics path: /)
2025-01-29 14:01:43,167 INFO c.h.h.t.HelmChartContainer - [hivemq-test-hivemq-platform] [hivemq-platform-operator] [7099a904] 14:01:43.164 [pool-6-thread-10] DEBUG c.h.p.o.dependants.PodInfoConfigMap - [updatelo] Desired PodInfo ConfigMap (extension state hash: -1817474005)
2025-01-29 14:01:43,168 INFO c.h.h.t.HelmChartContainer - [hivemq-test-hivemq-platform] [hivemq-platform-operator] [7099a904] 14:01:43.166 [pool-6-thread-10] DEBUG c.h.p.o.d.PodServiceAccountResource - [updatelo] Desired PodServiceAccountResource (serviceAccountName: hivemq-platform-pod-test-hivemq-platform)
2025-01-29 14:01:43,170 INFO c.h.h.t.HelmChartContainer - [hivemq-test-hivemq-platform] [hivemq-platform-operator] [7099a904] 14:01:43.169 [pool-6-thread-6] DEBUG c.h.p.o.d.StatefulSetResource - [updatelo] Desired StatefulSet (2 replicas) for status SET_LOG_LEVEL (WAIT_FOR_LOG_LEVEL_UPDATE)
2025-01-29 14:01:43,173 INFO c.h.h.t.HelmChartContainer - [hivemq-test-hivemq-platform] [hivemq-platform-operator] [7099a904] 14:01:43.172 [ReconcilerExecutor-hivemq-controller-131] INFO  c.h.p.o.HiveMQPlatformReconciler - [updatelo] Reconciling HiveMQ Platform 'test-hivemq-platform' in namespace 'updateloglevelit'
2025-01-29 14:01:43,173 INFO c.h.h.t.HelmChartContainer - [hivemq-test-hivemq-platform] [hivemq-platform-operator] [7099a904] 14:01:43.172 [ReconcilerExecutor-hivemq-controller-131] DEBUG c.h.p.o.HiveMQPlatformReconciler - [updatelo] Custom Resource Status SET_LOG_LEVEL - HiveMQ Platform is updating the log level (WAIT_FOR_LOG_LEVEL_UPDATE) (reconciliation requests: SCALING)
2025-01-29 14:01:43,173 INFO c.h.h.t.HelmChartContainer - [hivemq-test-hivemq-platform] [hivemq-platform-operator] [7099a904] 14:01:43.172 [ReconcilerExecutor-hivemq-controller-131] DEBUG c.h.p.o.HiveMQPlatformReconciler - [updatelo] Custom Resource Spec (replicas: 2) (extensions: 1)
2025-01-29 14:01:43,175 INFO c.h.h.t.HelmChartContainer - [hivemq-test-hivemq-platform] [hivemq-platform-operator] [7099a904] 14:01:43.174 [ReconcilerExecutor-hivemq-controller-131] DEBUG c.h.p.o.HiveMQPlatformReconciler - [updatelo] StatefulSet Status (revision: test-hivemq-platform-b697f795f, replicas: 2, available: 1, ready: 1, current: 2, updated: 2)
2025-01-29 14:01:43,175 INFO c.h.h.t.HelmChartContainer - [hivemq-test-hivemq-platform] [hivemq-platform-operator] [7099a904] 14:01:43.174 [ReconcilerExecutor-hivemq-controller-131] DEBUG c.h.p.o.HiveMQPlatformReconciler - [updatelo] StatefulSet Spec (replicas: 2, init containers: 1, containers: 1, volumes: 3)
2025-01-29 14:01:43,176 INFO c.h.h.t.HelmChartContainer - [hivemq-test-hivemq-platform] [hivemq-platform-operator] [7099a904] 14:01:43.175 [ReconcilerExecutor-hivemq-controller-131] DEBUG c.h.p.o.h.HiveMQPlatformReconcilerErrorHandler - [updatelo] Pod 'test-hivemq-platform-1' phase Running
2025-01-29 14:01:43,177 INFO c.h.h.t.HelmChartContainer - [hivemq-test-hivemq-platform] [hivemq-platform-operator] [7099a904] 14:01:43.176 [ReconcilerExecutor-hivemq-controller-131] DEBUG c.h.p.o.h.HiveMQPlatformReconcilerErrorHandler - [updatelo] Pod 'test-hivemq-platform-0' phase Running
2025-01-29 14:01:43,183 INFO c.h.h.t.HelmChartContainer - [hivemq-test-hivemq-platform] [hivemq-platform-operator] [7099a904] 14:01:43.182 [ReconcilerExecutor-hivemq-controller-131] DEBUG c.h.p.o.h.HiveMQPlatformReconcilerSetLogLevelHandler - [updatelo] Checking log level on Pod 'test-hivemq-platform-1'
2025-01-29 14:01:43,184 INFO c.h.h.t.HelmChartContainer - [hivemq-test-hivemq-platform] [hivemq-platform-operator] [7099a904] 14:01:43.183 [ForkJoinPool.commonPool-worker-1] DEBUG c.h.p.o.h.HiveMQPlatformReconcilerSetLogLevelHandler - [updatelo] Checking log level on Pod 'test-hivemq-platform-0'
2025-01-29 14:01:43,329 INFO c.h.h.t.HelmChartContainer - [hivemq-test-hivemq-platform] [hivemq-platform-operator] [7099a904] 14:01:43.328 [vert.x-eventloop-thread-0] DEBUG c.h.platform.operator.util.PodUtil - Received status for command '[curl, -s, http://10.42.0.11:7979/logLevel]' on Pod 'test-hivemq-platform-0' (exit code: 0)
2025-01-29 14:01:44,272 INFO c.h.h.t.HelmChartContainer - [hivemq-test-hivemq-platform] [hivemq-platform-operator] [7099a904] 14:01:44.270 [pool-6-thread-16] DEBUG c.h.p.o.d.PlatformServiceResource - [updatelo] Desired Platform services (3 services)
2025-01-29 14:01:44,274 INFO c.h.h.t.HelmChartContainer - [hivemq-test-hivemq-platform] [hivemq-platform-operator] [7099a904] 14:01:44.271 [pool-6-thread-14] DEBUG c.h.p.o.dependants.PodInfoConfigMap - [updatelo] Desired PodInfo ConfigMap (1 extensions) (1 enabled)
2025-01-29 14:01:44,274 INFO c.h.h.t.HelmChartContainer - [hivemq-test-hivemq-platform] [hivemq-platform-operator] [7099a904] 14:01:44.271 [pool-6-thread-14] DEBUG c.h.p.o.dependants.PodInfoConfigMap - [updatelo] Desired PodInfo ConfigMap (metrics port: 9399) (metrics path: /)
2025-01-29 14:01:44,274 INFO c.h.h.t.HelmChartContainer - [hivemq-test-hivemq-platform] [hivemq-platform-operator] [7099a904] 14:01:44.271 [pool-6-thread-14] DEBUG c.h.p.o.dependants.PodInfoConfigMap - [updatelo] Desired PodInfo ConfigMap (extension state hash: -1817474005)
2025-01-29 14:01:44,275 INFO c.h.h.t.HelmChartContainer - [hivemq-test-hivemq-platform] [hivemq-platform-operator] [7099a904] 14:01:44.274 [pool-6-thread-18] DEBUG c.h.p.o.d.PodServiceAccountResource - [updatelo] Desired PodServiceAccountResource (serviceAccountName: hivemq-platform-pod-test-hivemq-platform)
2025-01-29 14:01:44,277 INFO c.h.h.t.HelmChartContainer - [hivemq-test-hivemq-platform] [hivemq-platform-operator] [7099a904] 14:01:44.277 [pool-6-thread-14] DEBUG c.h.p.o.d.StatefulSetResource - [updatelo] Desired StatefulSet (2 replicas) for status SET_LOG_LEVEL (WAIT_FOR_LOG_LEVEL_UPDATE)
2025-01-29 14:01:44,280 INFO c.h.h.t.HelmChartContainer - [hivemq-test-hivemq-platform] [hivemq-platform-operator] [7099a904] 14:01:44.279 [ReconcilerExecutor-hivemq-controller-132] INFO  c.h.p.o.HiveMQPlatformReconciler - [updatelo] Reconciling HiveMQ Platform 'test-hivemq-platform' in namespace 'updateloglevelit'
2025-01-29 14:01:44,280 INFO c.h.h.t.HelmChartContainer - [hivemq-test-hivemq-platform] [hivemq-platform-operator] [7099a904] 14:01:44.279 [ReconcilerExecutor-hivemq-controller-132] DEBUG c.h.p.o.HiveMQPlatformReconciler - [updatelo] Custom Resource Status SET_LOG_LEVEL - HiveMQ Platform is updating the log level (WAIT_FOR_LOG_LEVEL_UPDATE) (reconciliation requests: SCALING)
2025-01-29 14:01:44,280 INFO c.h.h.t.HelmChartContainer - [hivemq-test-hivemq-platform] [hivemq-platform-operator] [7099a904] 14:01:44.279 [ReconcilerExecutor-hivemq-controller-132] DEBUG c.h.p.o.HiveMQPlatformReconciler - [updatelo] Custom Resource Spec (replicas: 2) (extensions: 1)
2025-01-29 14:01:44,281 INFO c.h.h.t.HelmChartContainer - [hivemq-test-hivemq-platform] [hivemq-platform-operator] [7099a904] 14:01:44.280 [ReconcilerExecutor-hivemq-controller-132] DEBUG c.h.p.o.HiveMQPlatformReconciler - [updatelo] StatefulSet Status (revision: test-hivemq-platform-b697f795f, replicas: 2, available: 1, ready: 1, current: 2, updated: 2)
2025-01-29 14:01:44,282 INFO c.h.h.t.HelmChartContainer - [hivemq-test-hivemq-platform] [hivemq-platform-operator] [7099a904] 14:01:44.280 [ReconcilerExecutor-hivemq-controller-132] DEBUG c.h.p.o.HiveMQPlatformReconciler - [updatelo] StatefulSet Spec (replicas: 2, init containers: 1, containers: 1, volumes: 3)
2025-01-29 14:01:44,282 INFO c.h.h.t.HelmChartContainer - [hivemq-test-hivemq-platform] [hivemq-platform-operator] [7099a904] 14:01:44.281 [ReconcilerExecutor-hivemq-controller-132] DEBUG c.h.p.o.h.HiveMQPlatformReconcilerErrorHandler - [updatelo] Pod 'test-hivemq-platform-1' phase Running
2025-01-29 14:01:44,283 INFO c.h.h.t.HelmChartContainer - [hivemq-test-hivemq-platform] [hivemq-platform-operator] [7099a904] 14:01:44.282 [ReconcilerExecutor-hivemq-controller-132] DEBUG c.h.p.o.h.HiveMQPlatformReconcilerErrorHandler - [updatelo] Pod 'test-hivemq-platform-0' phase Running
2025-01-29 14:01:44,284 INFO c.h.h.t.HelmChartContainer - [hivemq-test-hivemq-platform] [hivemq-platform-operator] [7099a904] 14:01:44.283 [ReconcilerExecutor-hivemq-controller-132] INFO  c.h.p.operator.http.RestApiService - [updatelo] Checking log level command on Pod 'test-hivemq-platform-1' is not ready yet
2025-01-29 14:01:44,359 INFO c.h.h.t.HelmChartContainer - [test-hivemq-platform] [hivemq] [c485002a] WARN  - 
2025-01-29 14:01:44,359 INFO c.h.h.t.HelmChartContainer - [test-hivemq-platform] [hivemq] [c485002a] ################################################################################################################
2025-01-29 14:01:44,359 INFO c.h.h.t.HelmChartContainer - [test-hivemq-platform] [hivemq] [c485002a] # This HiveMQ deployment is not secure! You are lacking Authentication and Authorization.                      #
2025-01-29 14:01:44,359 INFO c.h.h.t.HelmChartContainer - [test-hivemq-platform] [hivemq] [c485002a] # Right now any MQTT client can connect to the broker with a full set of permissions.                          #
2025-01-29 14:01:44,359 INFO c.h.h.t.HelmChartContainer - [test-hivemq-platform] [hivemq] [c485002a] # For production usage, add an appropriate security extension and remove the hivemq-allow-all extension.       #
2025-01-29 14:01:44,359 INFO c.h.h.t.HelmChartContainer - [test-hivemq-platform] [hivemq] [c485002a] # You can download security extensions from the HiveMQ Marketplace (https://www.hivemq.com/extensions/).       #
2025-01-29 14:01:44,359 INFO c.h.h.t.HelmChartContainer - [test-hivemq-platform] [hivemq] [c485002a] ################################################################################################################
2025-01-29 14:01:45,157 INFO c.h.h.t.HelmChartContainer - [test-hivemq-platform] [hivemq] [c485002a] INFO  - [HiveMQ Platform Operator Init App 1.7.0-SNAPSHOT] Returning Health API response 503 for readiness
2025-01-29 14:01:45,163 INFO c.h.h.t.HelmChartContainer - [EVENT] Warning [Unhealthy] Readiness probe failed: HTTP probe failed with statuscode: 503 [updateloglevelit:test-hivemq-platform-1]
2025-01-29 14:01:45,163 INFO c.h.h.t.HelmChartContainer - Received Unhealthy event for container hivemq in pod test-hivemq-platform-1 [c485002a-8fcd-4f0f-82d8-456fed09f990]
2025-01-29 14:01:45,165 INFO c.h.h.t.HelmChartContainer - [hivemq-test-hivemq-platform] [hivemq-platform-operator] [7099a904] 14:01:45.164 [vert.x-eventloop-thread-0] DEBUG c.h.platform.operator.util.PodUtil - Received status for command '[curl, -s, http://10.42.0.12:7979/logLevel]' on Pod 'test-hivemq-platform-1' (exit code: 0)
2025-01-29 14:01:45,289 INFO c.h.h.t.HelmChartContainer - [hivemq-test-hivemq-platform] [hivemq-platform-operator] [7099a904] 14:01:45.285 [pool-6-thread-28] DEBUG c.h.p.o.d.PlatformServiceResource - [updatelo] Desired Platform services (3 services)
2025-01-29 14:01:45,289 INFO c.h.h.t.HelmChartContainer - [hivemq-test-hivemq-platform] [hivemq-platform-operator] [7099a904] 14:01:45.286 [pool-6-thread-23] DEBUG c.h.p.o.dependants.PodInfoConfigMap - [updatelo] Desired PodInfo ConfigMap (1 extensions) (1 enabled)
2025-01-29 14:01:45,289 INFO c.h.h.t.HelmChartContainer - [hivemq-test-hivemq-platform] [hivemq-platform-operator] [7099a904] 14:01:45.286 [pool-6-thread-23] DEBUG c.h.p.o.dependants.PodInfoConfigMap - [updatelo] Desired PodInfo ConfigMap (metrics port: 9399) (metrics path: /)
2025-01-29 14:01:45,289 INFO c.h.h.t.HelmChartContainer - [hivemq-test-hivemq-platform] [hivemq-platform-operator] [7099a904] 14:01:45.286 [pool-6-thread-23] DEBUG c.h.p.o.dependants.PodInfoConfigMap - [updatelo] Desired PodInfo ConfigMap (extension state hash: -1817474005)
2025-01-29 14:01:45,289 INFO c.h.h.t.HelmChartContainer - [hivemq-test-hivemq-platform] [hivemq-platform-operator] [7099a904] 14:01:45.288 [pool-6-thread-22] DEBUG c.h.p.o.d.PodServiceAccountResource - [updatelo] Desired PodServiceAccountResource (serviceAccountName: hivemq-platform-pod-test-hivemq-platform)
2025-01-29 14:01:45,291 INFO c.h.h.t.HelmChartContainer - [hivemq-test-hivemq-platform] [hivemq-platform-operator] [7099a904] 14:01:45.290 [pool-6-thread-28] DEBUG c.h.p.o.d.StatefulSetResource - [updatelo] Desired StatefulSet (2 replicas) for status SET_LOG_LEVEL (WAIT_FOR_LOG_LEVEL_UPDATE)
2025-01-29 14:01:45,293 INFO c.h.h.t.HelmChartContainer - [hivemq-test-hivemq-platform] [hivemq-platform-operator] [7099a904] 14:01:45.292 [ReconcilerExecutor-hivemq-controller-133] INFO  c.h.p.o.HiveMQPlatformReconciler - [updatelo] Reconciling HiveMQ Platform 'test-hivemq-platform' in namespace 'updateloglevelit'
2025-01-29 14:01:45,293 INFO c.h.h.t.HelmChartContainer - [hivemq-test-hivemq-platform] [hivemq-platform-operator] [7099a904] 14:01:45.292 [ReconcilerExecutor-hivemq-controller-133] DEBUG c.h.p.o.HiveMQPlatformReconciler - [updatelo] Custom Resource Status SET_LOG_LEVEL - HiveMQ Platform is updating the log level (WAIT_FOR_LOG_LEVEL_UPDATE) (reconciliation requests: SCALING)
2025-01-29 14:01:45,293 INFO c.h.h.t.HelmChartContainer - [hivemq-test-hivemq-platform] [hivemq-platform-operator] [7099a904] 14:01:45.292 [ReconcilerExecutor-hivemq-controller-133] DEBUG c.h.p.o.HiveMQPlatformReconciler - [updatelo] Custom Resource Spec (replicas: 2) (extensions: 1)
2025-01-29 14:01:45,294 INFO c.h.h.t.HelmChartContainer - [hivemq-test-hivemq-platform] [hivemq-platform-operator] [7099a904] 14:01:45.293 [ReconcilerExecutor-hivemq-controller-133] DEBUG c.h.p.o.HiveMQPlatformReconciler - [updatelo] StatefulSet Status (revision: test-hivemq-platform-b697f795f, replicas: 2, available: 1, ready: 1, current: 2, updated: 2)
2025-01-29 14:01:45,294 INFO c.h.h.t.HelmChartContainer - [hivemq-test-hivemq-platform] [hivemq-platform-operator] [7099a904] 14:01:45.294 [ReconcilerExecutor-hivemq-controller-133] DEBUG c.h.p.o.HiveMQPlatformReconciler - [updatelo] StatefulSet Spec (replicas: 2, init containers: 1, containers: 1, volumes: 3)
2025-01-29 14:01:45,296 INFO c.h.h.t.HelmChartContainer - [hivemq-test-hivemq-platform] [hivemq-platform-operator] [7099a904] 14:01:45.295 [ReconcilerExecutor-hivemq-controller-133] DEBUG c.h.p.o.h.HiveMQPlatformReconcilerErrorHandler - [updatelo] Pod 'test-hivemq-platform-1' phase Running
2025-01-29 14:01:45,298 INFO c.h.h.t.HelmChartContainer - [hivemq-test-hivemq-platform] [hivemq-platform-operator] [7099a904] 14:01:45.296 [ReconcilerExecutor-hivemq-controller-133] DEBUG c.h.p.o.h.HiveMQPlatformReconcilerErrorHandler - [updatelo] Pod 'test-hivemq-platform-0' phase Running
2025-01-29 14:01:45,298 INFO c.h.h.t.HelmChartContainer - [hivemq-test-hivemq-platform] [hivemq-platform-operator] [7099a904] 14:01:45.297 [ReconcilerExecutor-hivemq-controller-133] INFO  c.h.p.o.h.HiveMQPlatformReconcilerSetLogLevelHandler - [updatelo] Successfully updated log level on all Pods
2025-01-29 14:01:45,308 INFO c.h.h.t.HelmChartContainer - [EVENT] Normal [Ready] HiveMQ Platform is ready [updateloglevelit:test-hivemq-platform]
2025-01-29 14:01:45,309 INFO c.h.h.t.HelmChartContainer - [hivemq-test-hivemq-platform] [hivemq-platform-operator] [7099a904] 14:01:45.307 [ReconcilerExecutor-hivemq-controller-133] DEBUG c.h.p.operator.event.EventSender - [updatelo] Updating K8s event hivemq-platform-ready: [Ready] HiveMQ Platform is ready
2025-01-29 14:01:45,309 INFO c.h.h.t.HelmChartContainer - [hivemq-test-hivemq-platform] [hivemq-platform-operator] [7099a904] 14:01:45.307 [ReconcilerExecutor-hivemq-controller-133] INFO  c.h.p.o.h.AbstractHiveMQReconcilerStateHandler - [updatelo] Update HiveMQ Platform Status (SET_LOG_LEVEL [WAIT_FOR_LOG_LEVEL_UPDATE] -> RUNNING [READY]): HiveMQ Platform is ready (reconciliation requests: SCALING)
2025-01-29 14:01:45,313 DEBUG com.hivemq.helmcharts.util.K8sUtil - Comparing actual state 'RUNNING' and waiting for 'RUNNING'
2025-01-29 14:01:47,314 INFO c.h.h.platform.UpdateLogLevelIT - Assert updated logback.xml in pods
2025-01-29 14:01:47,474 INFO c.h.h.t.HelmChartContainer - Uninstalling release 'test-hivemq-platform' in namespace 'updateloglevelit'...
2025-01-29 14:01:47,474 DEBUG c.h.h.t.HelmChartContainer - Executing helm command: /bin/helm --kubeconfig /etc/rancher/k3s/k3s.yaml uninstall test-hivemq-platform  --wait --timeout 5m0s --cascade foreground --namespace updateloglevelit
2025-01-29 14:01:47,511 INFO c.h.h.t.HelmChartContainer - [test-hivemq-platform] [hivemq] [c485002a] WARN  - No user for HiveMQ Control Center configured. Starting with default user
2025-01-29 14:01:47,716 INFO c.h.h.t.HelmChartContainer - [hivemq-test-hivemq-platform] [hivemq-platform-operator] [7099a904] 14:01:47.714 [pool-6-thread-34] DEBUG c.h.p.o.d.PlatformServiceResource - [updatelo] Desired Platform services (3 services)
2025-01-29 14:01:47,729 INFO c.h.h.t.HelmChartContainer - [hivemq-test-hivemq-platform] [hivemq-platform-operator] [7099a904] 14:01:47.715 [pool-6-thread-31] DEBUG c.h.p.o.dependants.PodInfoConfigMap - [updatelo] Desired PodInfo ConfigMap (1 extensions) (1 enabled)
2025-01-29 14:01:47,729 INFO c.h.h.t.HelmChartContainer - [hivemq-test-hivemq-platform] [hivemq-platform-operator] [7099a904] 14:01:47.715 [pool-6-thread-31] DEBUG c.h.p.o.dependants.PodInfoConfigMap - [updatelo] Desired PodInfo ConfigMap (metrics port: 9399) (metrics path: /)
2025-01-29 14:01:47,729 INFO c.h.h.t.HelmChartContainer - [hivemq-test-hivemq-platform] [hivemq-platform-operator] [7099a904] 14:01:47.715 [pool-6-thread-31] DEBUG c.h.p.o.dependants.PodInfoConfigMap - [updatelo] Desired PodInfo ConfigMap (extension state hash: -1817474005)
2025-01-29 14:01:47,729 INFO c.h.h.t.HelmChartContainer - [hivemq-test-hivemq-platform] [hivemq-platform-operator] [7099a904] 14:01:47.719 [pool-6-thread-31] DEBUG c.h.p.o.dependants.PodInfoConfigMap - [updatelo] Update PodInfo ConfigMap
2025-01-29 14:01:47,729 INFO c.h.h.t.HelmChartContainer - [hivemq-test-hivemq-platform] [hivemq-platform-operator] [7099a904] 14:01:47.720 [pool-6-thread-38] DEBUG c.h.p.o.d.PodServiceAccountResource - [updatelo] Desired PodServiceAccountResource (serviceAccountName: hivemq-platform-pod-test-hivemq-platform)
2025-01-29 14:01:47,742 INFO c.h.h.t.HelmChartContainer - [hivemq-test-hivemq-platform] [hivemq-platform-operator] [7099a904] 14:01:47.732 [pool-6-thread-31] DEBUG c.h.p.o.d.StatefulSetResource - [updatelo] Desired StatefulSet (2 replicas) for status RUNNING (READY)
2025-01-29 14:01:47,742 INFO c.h.h.t.HelmChartContainer - [hivemq-test-hivemq-platform] [hivemq-platform-operator] [7099a904] 14:01:47.737 [ReconcilerExecutor-hivemq-controller-134] INFO  c.h.p.o.HiveMQPlatformReconciler - [updatelo] Reconciling HiveMQ Platform 'test-hivemq-platform' in namespace 'updateloglevelit'
2025-01-29 14:01:47,742 INFO c.h.h.t.HelmChartContainer - [hivemq-test-hivemq-platform] [hivemq-platform-operator] [7099a904] 14:01:47.737 [ReconcilerExecutor-hivemq-controller-134] DEBUG c.h.p.o.HiveMQPlatformReconciler - [updatelo] Custom Resource Status RUNNING - HiveMQ Platform is ready (READY) (reconciliation requests: SCALING)
2025-01-29 14:01:47,742 INFO c.h.h.t.HelmChartContainer - [hivemq-test-hivemq-platform] [hivemq-platform-operator] [7099a904] 14:01:47.737 [ReconcilerExecutor-hivemq-controller-134] DEBUG c.h.p.o.HiveMQPlatformReconciler - [updatelo] Custom Resource Spec (replicas: 2) (extensions: 1)
2025-01-29 14:01:47,742 INFO c.h.h.t.HelmChartContainer - [hivemq-test-hivemq-platform] [hivemq-platform-operator] [7099a904] 14:01:47.738 [ReconcilerExecutor-hivemq-controller-134] DEBUG c.h.p.o.HiveMQPlatformReconciler - [updatelo] StatefulSet Status (revision: test-hivemq-platform-b697f795f, replicas: 2, available: 1, ready: 1, current: 2, updated: 2)
2025-01-29 14:01:47,802 INFO c.h.h.t.HelmChartContainer - [hivemq-test-hivemq-platform] [hivemq-platform-operator] [7099a904] 14:01:47.800 [ReconcilerExecutor-hivemq-controller-134] DEBUG c.h.p.o.HiveMQPlatformReconciler - [updatelo] StatefulSet Spec (replicas: 2, init containers: 1, containers: 1, volumes: 3)
2025-01-29 14:01:47,803 INFO c.h.h.t.HelmChartContainer - [hivemq-test-hivemq-platform] [hivemq-platform-operator] [7099a904] 14:01:47.802 [ReconcilerExecutor-hivemq-controller-134] DEBUG c.h.p.o.h.HiveMQPlatformReconcilerErrorHandler - [updatelo] Pod 'test-hivemq-platform-1' phase Running
2025-01-29 14:01:47,809 INFO c.h.h.t.HelmChartContainer - [hivemq-test-hivemq-platform] [hivemq-platform-operator] [7099a904] 14:01:47.807 [ReconcilerExecutor-hivemq-controller-134] DEBUG c.h.p.o.h.HiveMQPlatformReconcilerErrorHandler - [updatelo] Pod 'test-hivemq-platform-0' phase Running
2025-01-29 14:01:47,809 INFO c.h.h.t.HelmChartContainer - [hivemq-test-hivemq-platform] [hivemq-platform-operator] [7099a904] 14:01:47.808 [ReconcilerExecutor-hivemq-controller-134] INFO  c.h.p.o.h.HiveMQPlatformReconcilerBaseHandler - [updatelo] HiveMQ Platform will scale to 2 replicas
2025-01-29 14:01:48,002 INFO c.h.h.t.HelmChartContainer - [hivemq-test-hivemq-platform] [hivemq-platform-operator] [7099a904] 14:01:48.001 [ReconcilerExecutor-hivemq-controller-134] DEBUG c.h.p.operator.event.EventSender - [updatelo] Creating K8s event scaling-started: [Scaling] HiveMQ Platform is scaling
2025-01-29 14:01:48,006 INFO c.h.h.t.HelmChartContainer - [EVENT] Normal [Scaling] HiveMQ Platform is scaling [updateloglevelit:test-hivemq-platform]
2025-01-29 14:01:48,007 INFO c.h.h.t.HelmChartContainer - [hivemq-test-hivemq-platform] [hivemq-platform-operator] [7099a904] 14:01:48.006 [ReconcilerExecutor-hivemq-controller-134] INFO  c.h.p.o.h.AbstractHiveMQReconcilerStateHandler - [updatelo] Update HiveMQ Platform Status (RUNNING [READY] -> SCALING [READY]): HiveMQ Platform is scaling
2025-01-29 14:01:48,017 INFO c.h.h.t.HelmChartContainer - [hivemq-test-hivemq-platform] [hivemq-platform-operator] [7099a904] 14:01:48.014 [ReconcilerExecutor-hivemq-controller-134] ERROR i.j.o.p.event.EventProcessor - Error during event processing ExecutionScope{ resource id: ResourceID{name='test-hivemq-platform', namespace='updateloglevelit'}, version: 1305}
2025-01-29 14:01:48,017 INFO c.h.h.t.HelmChartContainer - [hivemq-test-hivemq-platform] [hivemq-platform-operator] [7099a904] io.fabric8.kubernetes.client.KubernetesClientException: Failure executing: PUT at: https://10.43.0.1:443/apis/hivemq.com/v1/namespaces/updateloglevelit/hivemq-platforms/test-hivemq-platform/status. Message: Operation cannot be fulfilled on hivemq-platforms.hivemq.com "test-hivemq-platform": the object has been modified; please apply your changes to the latest version and try again. Received status: Status(apiVersion=v1, code=409, details=StatusDetails(causes=[], group=hivemq.com, kind=hivemq-platforms, name=test-hivemq-platform, retryAfterSeconds=null, uid=null, additionalProperties={}), kind=Status, message=Operation cannot be fulfilled on hivemq-platforms.hivemq.com "test-hivemq-platform": the object has been modified; please apply your changes to the latest version and try again, metadata=ListMeta(_continue=null, remainingItemCount=null, resourceVersion=null, selfLink=null, additionalProperties={}), reason=Conflict, status=Failure, additionalProperties={}).
2025-01-29 14:01:48,018 INFO c.h.h.t.HelmChartContainer - [hivemq-test-hivemq-platform] [hivemq-platform-operator] [7099a904] 	at io.fabric8.kubernetes.client.KubernetesClientException.copyAsCause(KubernetesClientException.java:238)
2025-01-29 14:01:48,018 INFO c.h.h.t.HelmChartContainer - [hivemq-test-hivemq-platform] [hivemq-platform-operator] [7099a904] 	at io.fabric8.kubernetes.client.dsl.internal.OperationSupport.waitForResult(OperationSupport.java:507)
2025-01-29 14:01:48,018 INFO c.h.h.t.HelmChartContainer - [hivemq-test-hivemq-platform] [hivemq-platform-operator] [7099a904] 	at io.fabric8.kubernetes.client.dsl.internal.OperationSupport.handleResponse(OperationSupport.java:524)
2025-01-29 14:01:48,018 INFO c.h.h.t.HelmChartContainer - [hivemq-test-hivemq-platform] [hivemq-platform-operator] [7099a904] 	at io.fabric8.kubernetes.client.dsl.internal.OperationSupport.handleUpdate(OperationSupport.java:358)
2025-01-29 14:01:48,018 INFO c.h.h.t.HelmChartContainer - [hivemq-test-hivemq-platform] [hivemq-platform-operator] [7099a904] 	at io.fabric8.kubernetes.client.dsl.internal.BaseOperation.handleUpdate(BaseOperation.java:759)
2025-01-29 14:01:48,018 INFO c.h.h.t.HelmChartContainer - [hivemq-test-hivemq-platform] [hivemq-platform-operator] [7099a904] 	at io.fabric8.kubernetes.client.dsl.internal.HasMetadataOperation.update(HasMetadataOperation.java:138)
2025-01-29 14:01:48,018 INFO c.h.h.t.HelmChartContainer - [hivemq-test-hivemq-platform] [hivemq-platform-operator] [7099a904] 	at io.fabric8.kubernetes.client.dsl.internal.HasMetadataOperation.update(HasMetadataOperation.java:121)
2025-01-29 14:01:48,018 INFO c.h.h.t.HelmChartContainer - [hivemq-test-hivemq-platform] [hivemq-platform-operator] [7099a904] 	at io.fabric8.kubernetes.client.dsl.internal.HasMetadataOperation.updateStatus(HasMetadataOperation.java:126)
2025-01-29 14:01:48,018 INFO c.h.h.t.HelmChartContainer - [hivemq-test-hivemq-platform] [hivemq-platform-operator] [7099a904] 	at io.fabric8.kubernetes.client.dsl.internal.HasMetadataOperation.updateStatus(HasMetadataOperation.java:44)
2025-01-29 14:01:48,018 INFO c.h.h.t.HelmChartContainer - [hivemq-test-hivemq-platform] [hivemq-platform-operator] [7099a904] 	at io.javaoperatorsdk.operator.processing.event.ReconciliationDispatcher$CustomResourceFacade.updateStatus(ReconciliationDispatcher.java:408)
2025-01-29 14:01:48,018 INFO c.h.h.t.HelmChartContainer - [hivemq-test-hivemq-platform] [hivemq-platform-operator] [7099a904] 	at io.javaoperatorsdk.operator.processing.event.ReconciliationDispatcher.updateStatusGenerationAware(ReconciliationDispatcher.java:228)
2025-01-29 14:01:48,018 INFO c.h.h.t.HelmChartContainer - [hivemq-test-hivemq-platform] [hivemq-platform-operator] [7099a904] 	at io.javaoperatorsdk.operator.processing.event.ReconciliationDispatcher.reconcileExecution(ReconciliationDispatcher.java:150)
2025-01-29 14:01:48,018 INFO c.h.h.t.HelmChartContainer - [hivemq-test-hivemq-platform] [hivemq-platform-operator] [7099a904] 	at io.javaoperatorsdk.operator.processing.event.ReconciliationDispatcher.handleReconcile(ReconciliationDispatcher.java:117)
2025-01-29 14:01:48,018 INFO c.h.h.t.HelmChartContainer - [hivemq-test-hivemq-platform] [hivemq-platform-operator] [7099a904] 	at io.javaoperatorsdk.operator.processing.event.ReconciliationDispatcher.handleDispatch(ReconciliationDispatcher.java:91)
2025-01-29 14:01:48,018 INFO c.h.h.t.HelmChartContainer - [hivemq-test-hivemq-platform] [hivemq-platform-operator] [7099a904] 	at io.javaoperatorsdk.operator.processing.event.ReconciliationDispatcher.handleExecution(ReconciliationDispatcher.java:64)
2025-01-29 14:01:48,018 INFO c.h.h.t.HelmChartContainer - [hivemq-test-hivemq-platform] [hivemq-platform-operator] [7099a904] 	at io.javaoperatorsdk.operator.processing.event.EventProcessor$ReconcilerExecutor.run(EventProcessor.java:452)
2025-01-29 14:01:48,018 INFO c.h.h.t.HelmChartContainer - [hivemq-test-hivemq-platform] [hivemq-platform-operator] [7099a904] 	at java.base/java.util.concurrent.ThreadPoolExecutor.runWorker(Unknown Source)
2025-01-29 14:01:48,018 INFO c.h.h.t.HelmChartContainer - [hivemq-test-hivemq-platform] [hivemq-platform-operator] [7099a904] 	at java.base/java.util.concurrent.ThreadPoolExecutor$Worker.run(Unknown Source)
2025-01-29 14:01:48,018 INFO c.h.h.t.HelmChartContainer - [hivemq-test-hivemq-platform] [hivemq-platform-operator] [7099a904] 	at java.base/java.lang.Thread.run(Unknown Source)
2025-01-29 14:01:48,018 INFO c.h.h.t.HelmChartContainer - [hivemq-test-hivemq-platform] [hivemq-platform-operator] [7099a904] Caused by: io.fabric8.kubernetes.client.KubernetesClientException: Failure executing: PUT at: https://10.43.0.1:443/apis/hivemq.com/v1/namespaces/updateloglevelit/hivemq-platforms/test-hivemq-platform/status. Message: Operation cannot be fulfilled on hivemq-platforms.hivemq.com "test-hivemq-platform": the object has been modified; please apply your changes to the latest version and try again. Received status: Status(apiVersion=v1, code=409, details=StatusDetails(causes=[], group=hivemq.com, kind=hivemq-platforms, name=test-hivemq-platform, retryAfterSeconds=null, uid=null, additionalProperties={}), kind=Status, message=Operation cannot be fulfilled on hivemq-platforms.hivemq.com "test-hivemq-platform": the object has been modified; please apply your changes to the latest version and try again, metadata=ListMeta(_continue=null, remainingItemCount=null, resourceVersion=null, selfLink=null, additionalProperties={}), reason=Conflict, status=Failure, additionalProperties={}).
2025-01-29 14:01:48,018 INFO c.h.h.t.HelmChartContainer - [hivemq-test-hivemq-platform] [hivemq-platform-operator] [7099a904] 	at io.fabric8.kubernetes.client.dsl.internal.OperationSupport.requestFailure(OperationSupport.java:660)
2025-01-29 14:01:48,018 INFO c.h.h.t.HelmChartContainer - [hivemq-test-hivemq-platform] [hivemq-platform-operator] [7099a904] 	at io.fabric8.kubernetes.client.dsl.internal.OperationSupport.requestFailure(OperationSupport.java:640)
2025-01-29 14:01:48,018 INFO c.h.h.t.HelmChartContainer - [hivemq-test-hivemq-platform] [hivemq-platform-operator] [7099a904] 	at io.fabric8.kubernetes.client.dsl.internal.OperationSupport.assertResponseCode(OperationSupport.java:589)
2025-01-29 14:01:48,018 INFO c.h.h.t.HelmChartContainer - [hivemq-test-hivemq-platform] [hivemq-platform-operator] [7099a904] 	at io.fabric8.kubernetes.client.dsl.internal.OperationSupport.lambda$handleResponse$0(OperationSupport.java:549)
2025-01-29 14:01:48,018 INFO c.h.h.t.HelmChartContainer - [hivemq-test-hivemq-platform] [hivemq-platform-operator] [7099a904] 	at java.base/java.util.concurrent.CompletableFuture$UniApply.tryFire(Unknown Source)
2025-01-29 14:01:48,018 INFO c.h.h.t.HelmChartContainer - [hivemq-test-hivemq-platform] [hivemq-platform-operator] [7099a904] 	at java.base/java.util.concurrent.CompletableFuture.postComplete(Unknown Source)
2025-01-29 14:01:48,018 INFO c.h.h.t.HelmChartContainer - [hivemq-test-hivemq-platform] [hivemq-platform-operator] [7099a904] 	at java.base/java.util.concurrent.CompletableFuture.complete(Unknown Source)
2025-01-29 14:01:48,018 INFO c.h.h.t.HelmChartContainer - [hivemq-test-hivemq-platform] [hivemq-platform-operator] [7099a904] 	at io.fabric8.kubernetes.client.http.StandardHttpClient.lambda$completeOrCancel$10(StandardHttpClient.java:141)
2025-01-29 14:01:48,018 INFO c.h.h.t.HelmChartContainer - [hivemq-test-hivemq-platform] [hivemq-platform-operator] [7099a904] 	at java.base/java.util.concurrent.CompletableFuture.uniWhenComplete(Unknown Source)
2025-01-29 14:01:48,018 INFO c.h.h.t.HelmChartContainer - [hivemq-test-hivemq-platform] [hivemq-platform-operator] [7099a904] 	at java.base/java.util.concurrent.CompletableFuture$UniWhenComplete.tryFire(Unknown Source)
2025-01-29 14:01:48,018 INFO c.h.h.t.HelmChartContainer - [hivemq-test-hivemq-platform] [hivemq-platform-operator] [7099a904] 	at java.base/java.util.concurrent.CompletableFuture.postComplete(Unknown Source)
2025-01-29 14:01:48,018 INFO c.h.h.t.HelmChartContainer - [hivemq-test-hivemq-platform] [hivemq-platform-operator] [7099a904] 	at java.base/java.util.concurrent.CompletableFuture.complete(Unknown Source)
2025-01-29 14:01:48,018 INFO c.h.h.t.HelmChartContainer - [hivemq-test-hivemq-platform] [hivemq-platform-operator] [7099a904] 	at io.fabric8.kubernetes.client.http.ByteArrayBodyHandler.onBodyDone(ByteArrayBodyHandler.java:51)
2025-01-29 14:01:48,018 INFO c.h.h.t.HelmChartContainer - [hivemq-test-hivemq-platform] [hivemq-platform-operator] [7099a904] 	at java.base/java.util.concurrent.CompletableFuture.uniWhenComplete(Unknown Source)
2025-01-29 14:01:48,018 INFO c.h.h.t.HelmChartContainer - [hivemq-test-hivemq-platform] [hivemq-platform-operator] [7099a904] 	at java.base/java.util.concurrent.CompletableFuture$UniWhenComplete.tryFire(Unknown Source)
2025-01-29 14:01:48,018 INFO c.h.h.t.HelmChartContainer - [hivemq-test-hivemq-platform] [hivemq-platform-operator] [7099a904] 	at java.base/java.util.concurrent.CompletableFuture.postComplete(Unknown Source)
2025-01-29 14:01:48,018 INFO c.h.h.t.HelmChartContainer - [hivemq-test-hivemq-platform] [hivemq-platform-operator] [7099a904] 	at java.base/java.util.concurrent.CompletableFuture.complete(Unknown Source)
2025-01-29 14:01:48,018 INFO c.h.h.t.HelmChartContainer - [hivemq-test-hivemq-platform] [hivemq-platform-operator] [7099a904] 	at io.fabric8.kubernetes.client.vertx.VertxHttpRequest.lambda$null$1(VertxHttpRequest.java:121)
2025-01-29 14:01:48,018 INFO c.h.h.t.HelmChartContainer - [hivemq-test-hivemq-platform] [hivemq-platform-operator] [7099a904] 	at io.vertx.core.impl.ContextInternal.dispatch(ContextInternal.java:279)
2025-01-29 14:01:48,018 INFO c.h.h.t.HelmChartContainer - [hivemq-test-hivemq-platform] [hivemq-platform-operator] [7099a904] 	at io.vertx.core.impl.ContextInternal.dispatch(ContextInternal.java:261)
2025-01-29 14:01:48,018 INFO c.h.h.t.HelmChartContainer - [hivemq-test-hivemq-platform] [hivemq-platform-operator] [7099a904] 	at io.vertx.core.http.impl.HttpEventHandler.handleEnd(HttpEventHandler.java:76)
2025-01-29 14:01:48,018 INFO c.h.h.t.HelmChartContainer - [hivemq-test-hivemq-platform] [hivemq-platform-operator] [7099a904] 	at io.vertx.core.http.impl.HttpClientResponseImpl.handleEnd(HttpClientResponseImpl.java:250)
2025-01-29 14:01:48,018 INFO c.h.h.t.HelmChartContainer - [hivemq-test-hivemq-platform] [hivemq-platform-operator] [7099a904] 	at io.vertx.core.http.impl.Http1xClientConnection$StreamImpl.lambda$new$0(Http1xClientConnection.java:421)
2025-01-29 14:01:48,018 INFO c.h.h.t.HelmChartContainer - [hivemq-test-hivemq-platform] [hivemq-platform-operator] [7099a904] 	at io.vertx.core.streams.impl.InboundBuffer.handleEvent(InboundBuffer.java:279)
2025-01-29 14:01:48,018 INFO c.h.h.t.HelmChartContainer - [hivemq-test-hivemq-platform] [hivemq-platform-operator] [7099a904] 	at io.vertx.core.streams.impl.InboundBuffer.write(InboundBuffer.java:157)
2025-01-29 14:01:48,018 INFO c.h.h.t.HelmChartContainer - [hivemq-test-hivemq-platform] [hivemq-platform-operator] [7099a904] 	at io.vertx.core.http.impl.Http1xClientConnection$StreamImpl.handleEnd(Http1xClientConnection.java:709)
2025-01-29 14:01:48,018 INFO c.h.h.t.HelmChartContainer - [hivemq-test-hivemq-platform] [hivemq-platform-operator] [7099a904] 	at io.vertx.core.impl.ContextImpl.lambda$execute$4(ContextImpl.java:315)
2025-01-29 14:01:48,018 INFO c.h.h.t.HelmChartContainer - [hivemq-test-hivemq-platform] [hivemq-platform-operator] [7099a904] 	at io.netty.util.concurrent.AbstractEventExecutor.runTask(AbstractEventExecutor.java:173)
2025-01-29 14:01:48,018 INFO c.h.h.t.HelmChartContainer - [hivemq-test-hivemq-platform] [hivemq-platform-operator] [7099a904] 	at io.netty.util.concurrent.AbstractEventExecutor.safeExecute(AbstractEventExecutor.java:166)
2025-01-29 14:01:48,018 INFO c.h.h.t.HelmChartContainer - [hivemq-test-hivemq-platform] [hivemq-platform-operator] [7099a904] 	at io.netty.util.concurrent.SingleThreadEventExecutor.runAllTasks(SingleThreadEventExecutor.java:472)
2025-01-29 14:01:48,018 INFO c.h.h.t.HelmChartContainer - [hivemq-test-hivemq-platform] [hivemq-platform-operator] [7099a904] 	at io.netty.channel.nio.NioEventLoop.run(NioEventLoop.java:569)
2025-01-29 14:01:48,018 INFO c.h.h.t.HelmChartContainer - [hivemq-test-hivemq-platform] [hivemq-platform-operator] [7099a904] 	at io.netty.util.concurrent.SingleThreadEventExecutor$4.run(SingleThreadEventExecutor.java:997)
2025-01-29 14:01:48,018 INFO c.h.h.t.HelmChartContainer - [hivemq-test-hivemq-platform] [hivemq-platform-operator] [7099a904] 	at io.netty.util.internal.ThreadExecutorMap$2.run(ThreadExecutorMap.java:74)
2025-01-29 14:01:48,018 INFO c.h.h.t.HelmChartContainer - [hivemq-test-hivemq-platform] [hivemq-platform-operator] [7099a904] 	at io.netty.util.concurrent.FastThreadLocalRunnable.run(FastThreadLocalRunnable.java:30)
2025-01-29 14:01:48,018 INFO c.h.h.t.HelmChartContainer - [hivemq-test-hivemq-platform] [hivemq-platform-operator] [7099a904] 	... 1 common frames omitted
2025-01-29 14:01:48,021 INFO c.h.h.t.HelmChartContainer - [hivemq-test-hivemq-platform] [hivemq-platform-operator] [7099a904] 14:01:48.019 [ReconcilerExecutor-hivemq-controller-141] INFO  c.h.p.o.HiveMQPlatformReconciler - [updatelo] Cleanup test-hivemq-platform - updateloglevelit HiveMQ Platform is shut down
2025-01-29 14:01:48,519 INFO c.h.h.t.HelmChartContainer - [POD] test-hivemq-platform-0 [c4cdc15d-066a-4188-ba4d-66b2a5648388] in updateloglevelit was MODIFIED
2025-01-29 14:01:48,532 INFO c.h.h.t.HelmChartContainer - [EVENT] Normal [Killing] Stopping container hivemq [updateloglevelit:test-hivemq-platform-0]
2025-01-29 14:01:48,532 INFO c.h.h.t.HelmChartContainer - Received Killing event for container hivemq in pod test-hivemq-platform-0 [c4cdc15d-066a-4188-ba4d-66b2a5648388]
2025-01-29 14:01:48,533 INFO c.h.h.t.HelmChartContainer - Container [test-hivemq-platform-0] [hivemq] [c4cdc15d-066a-4188-ba4d-66b2a5648388] was terminated
2025-01-29 14:01:48,533 INFO c.h.h.t.HelmChartContainer - Stopped log watcher for hivemq in pod test-hivemq-platform-0 [c4cdc15d-066a-4188-ba4d-66b2a5648388]
2025-01-29 14:01:48,538 INFO c.h.h.t.HelmChartContainer - [test-hivemq-platform] [hivemq] [c4cdc15d] INFO  - [HiveMQ Platform Operator Init App 1.7.0-SNAPSHOT] Shutting down
2025-01-29 14:01:48,538 INFO c.h.h.t.HelmChartContainer - [test-hivemq-platform] [hivemq] [c4cdc15d] INFO  - [HiveMQ Platform Operator Init App 1.7.0-SNAPSHOT] Stopping the HiveMQ Platform
2025-01-29 14:01:48,551 INFO c.h.h.t.HelmChartContainer - [POD] test-hivemq-platform-1 [c485002a-8fcd-4f0f-82d8-456fed09f990] in updateloglevelit was MODIFIED
2025-01-29 14:01:48,567 INFO c.h.h.t.HelmChartContainer - [test-hivemq-platform] [hivemq] [c485002a] INFO  - [HiveMQ Platform Operator Init App 1.7.0-SNAPSHOT] Shutting down
2025-01-29 14:01:48,567 INFO c.h.h.t.HelmChartContainer - [test-hivemq-platform] [hivemq] [c485002a] INFO  - [HiveMQ Platform Operator Init App 1.7.0-SNAPSHOT] Stopping the HiveMQ Platform
2025-01-29 14:01:48,575 INFO c.h.h.t.HelmChartContainer - [EVENT] Normal [Killing] Stopping container hivemq [updateloglevelit:test-hivemq-platform-1]
2025-01-29 14:01:48,575 INFO c.h.h.t.HelmChartContainer - Received Killing event for container hivemq in pod test-hivemq-platform-1 [c485002a-8fcd-4f0f-82d8-456fed09f990]
2025-01-29 14:01:48,575 INFO c.h.h.t.HelmChartContainer - Container [test-hivemq-platform-1] [hivemq] [c485002a-8fcd-4f0f-82d8-456fed09f990] was terminated
2025-01-29 14:01:48,575 INFO c.h.h.t.HelmChartContainer - Stopped log watcher for hivemq in pod test-hivemq-platform-1 [c485002a-8fcd-4f0f-82d8-456fed09f990]
2025-01-29 14:01:48,575 INFO c.h.h.t.HelmChartContainer - [test-hivemq-platform] [hivemq] [c485002a] INFO  - [HiveMQ Platform Operator Init App 1.7.0-SNAPSHOT] Returning shutdown Health API response 503 for readiness
2025-01-29 14:01:48,585 INFO c.h.h.t.HelmChartContainer - [EVENT] Warning [Unhealthy] Readiness probe failed: HTTP probe failed with statuscode: 503 [updateloglevelit:test-hivemq-platform-1]
2025-01-29 14:01:48,585 INFO c.h.h.t.HelmChartContainer - Received Unhealthy event for container hivemq in pod test-hivemq-platform-1 [c485002a-8fcd-4f0f-82d8-456fed09f990]
2025-01-29 14:01:49,818 INFO c.h.h.t.HelmChartContainer - Deleting namespace 'updateloglevelit'...
2025-01-29 14:01:50,061 INFO c.h.h.t.HelmChartContainer - [K3S] [authentication.go:74] "Unable to authenticate the request" err="[invalid bearer token, serviceaccounts \"hivemq-platform-pod-test-hivemq-platform\" not found]"
2025-01-29 14:01:50,081 INFO c.h.h.t.HelmChartContainer - [K3S] [authentication.go:74] "Unable to authenticate the request" err="[invalid bearer token, serviceaccounts \"hivemq-platform-pod-test-hivemq-platform\" not found]"
2025-01-29 14:01:50,159 INFO c.h.h.t.HelmChartContainer - [test-hivemq-platform] [hivemq] [c485002a] WARN  - [HiveMQ Platform Operator Init App 1.7.0-SNAPSHOT] Could not update Pod annotations: Failure executing: GET at: https://10.43.0.1:443/api/v1/namespaces/updateloglevelit/pods/test-hivemq-platform-1. Message: Unauthorized. Received status: Status(apiVersion=v1, code=401, details=null, kind=Status, message=Unauthorized, metadata=ListMeta(_continue=null, remainingItemCount=null, resourceVersion=null, selfLink=null, additionalProperties={}), reason=Unauthorized, status=Failure, additionalProperties={}).
2025-01-29 14:01:51,785 INFO c.h.h.t.HelmChartContainer - [test-hivemq-platform] [hivemq] [c4cdc15d] INFO  - [HiveMQ Platform Operator Init App 1.7.0-SNAPSHOT] Returning shutdown Health API response 503 for readiness
2025-01-29 14:01:51,790 INFO c.h.h.t.HelmChartContainer - [EVENT] Warning [Unhealthy] Readiness probe failed: HTTP probe failed with statuscode: 503 [updateloglevelit:test-hivemq-platform-0]
2025-01-29 14:01:51,790 INFO c.h.h.t.HelmChartContainer - Received Unhealthy event for container hivemq in pod test-hivemq-platform-0 [c4cdc15d-066a-4188-ba4d-66b2a5648388]
2025-01-29 14:01:52,365 INFO c.h.h.t.HelmChartContainer - [test-hivemq-platform] [hivemq] [c4cdc15d] WARN  - [HiveMQ Platform Operator Init App 1.7.0-SNAPSHOT] Could not update Pod annotations: Failure executing: GET at: https://10.43.0.1:443/api/v1/namespaces/updateloglevelit/pods/test-hivemq-platform-0. Message: pods "test-hivemq-platform-0" is forbidden: User "system:serviceaccount:updateloglevelit:hivemq-platform-pod-test-hivemq-platform" cannot get resource "pods" in API group "" in the namespace "updateloglevelit". Received status: Status(apiVersion=v1, code=403, details=StatusDetails(causes=[], group=null, kind=pods, name=test-hivemq-platform-0, retryAfterSeconds=null, uid=null, additionalProperties={}), kind=Status, message=pods "test-hivemq-platform-0" is forbidden: User "system:serviceaccount:updateloglevelit:hivemq-platform-pod-test-hivemq-platform" cannot get resource "pods" in API group "" in the namespace "updateloglevelit", metadata=ListMeta(_continue=null, remainingItemCount=null, resourceVersion=null, selfLink=null, additionalProperties={}), reason=Forbidden, status=Failure, additionalProperties={}).
2025-01-29 14:01:53,553 INFO c.h.h.t.HelmChartContainer - [EVENT] Warning [Unhealthy] Readiness probe failed: HTTP probe failed with statuscode: 503 [updateloglevelit:test-hivemq-platform-1]
2025-01-29 14:01:53,553 INFO c.h.h.t.HelmChartContainer - Received Unhealthy event for container hivemq in pod test-hivemq-platform-1 [c485002a-8fcd-4f0f-82d8-456fed09f990]
2025-01-29 14:01:54,494 INFO c.h.h.t.HelmChartContainer - [test-hivemq-platform] [hivemq] [c4cdc15d] INFO  - [HiveMQ Platform Operator Init App 1.7.0-SNAPSHOT] The HiveMQ Platform exited with code 143
2025-01-29 14:01:54,494 INFO c.h.h.t.HelmChartContainer - [test-hivemq-platform] [hivemq] [c4cdc15d] INFO  - [HiveMQ Platform Operator Init App 1.7.0-SNAPSHOT] Stopping the REST API
2025-01-29 14:01:54,501 INFO c.h.h.t.HelmChartContainer - [test-hivemq-platform] [hivemq] [c4cdc15d] INFO  - [HiveMQ Platform Operator Init App 1.7.0-SNAPSHOT] Shutdown complete
2025-01-29 14:01:54,936 INFO c.h.h.t.HelmChartContainer - [test-hivemq-platform] [hivemq] [c485002a] INFO  - [HiveMQ Platform Operator Init App 1.7.0-SNAPSHOT] The HiveMQ Platform exited with code 143
2025-01-29 14:01:54,936 INFO c.h.h.t.HelmChartContainer - [test-hivemq-platform] [hivemq] [c485002a] INFO  - [HiveMQ Platform Operator Init App 1.7.0-SNAPSHOT] Stopping the REST API
2025-01-29 14:01:54,956 INFO c.h.h.t.HelmChartContainer - [test-hivemq-platform] [hivemq] [c485002a] INFO  - [HiveMQ Platform Operator Init App 1.7.0-SNAPSHOT] Shutdown complete
2025-01-29 14:01:55,028 INFO c.h.h.t.HelmChartContainer - [K3S] [stateful_set.go:438] "Unhandled Error" err="error syncing StatefulSet updateloglevelit/test-hivemq-platform, requeuing: controllerrevisions.apps \"test-hivemq-platform-b697f795f\" is forbidden: unable to create new content in namespace updateloglevelit because it is being terminated"
2025-01-29 14:01:55,029 INFO c.h.h.t.HelmChartContainer - [POD] test-hivemq-platform-0 [c4cdc15d-066a-4188-ba4d-66b2a5648388] in updateloglevelit was MODIFIED
2025-01-29 14:01:55,036 INFO c.h.h.t.HelmChartContainer - [K3S] [stateful_set.go:438] "Unhandled Error" err="error syncing StatefulSet updateloglevelit/test-hivemq-platform, requeuing: controllerrevisions.apps \"test-hivemq-platform-b697f795f\" is forbidden: unable to create new content in namespace updateloglevelit because it is being terminated"
2025-01-29 14:01:55,040 INFO c.h.h.t.HelmChartContainer - [K3S] [stateful_set.go:466] "StatefulSet has been deleted" key="updateloglevelit/test-hivemq-platform"
2025-01-29 14:01:55,047 INFO c.h.h.t.HelmChartContainer - [K3S] [stateful_set.go:466] "StatefulSet has been deleted" key="updateloglevelit/test-hivemq-platform"
2025-01-29 14:01:55,105 INFO c.h.h.t.HelmChartContainer - [K3S] [reconciler_common.go:162] "operationExecutor.UnmountVolume started for volume \"kube-api-access-f4tzd\" (UniqueName: \"kubernetes.io/projected/c4cdc15d-066a-4188-ba4d-66b2a5648388-kube-api-access-f4tzd\") pod \"c4cdc15d-066a-4188-ba4d-66b2a5648388\" (UID: \"c4cdc15d-066a-4188-ba4d-66b2a5648388\") "
2025-01-29 14:01:55,105 INFO c.h.h.t.HelmChartContainer - [K3S] [reconciler_common.go:162] "operationExecutor.UnmountVolume started for volume \"pod-info\" (UniqueName: \"kubernetes.io/configmap/c4cdc15d-066a-4188-ba4d-66b2a5648388-pod-info\") pod \"c4cdc15d-066a-4188-ba4d-66b2a5648388\" (UID: \"c4cdc15d-066a-4188-ba4d-66b2a5648388\") "
2025-01-29 14:01:55,105 INFO c.h.h.t.HelmChartContainer - [K3S] [reconciler_common.go:162] "operationExecutor.UnmountVolume started for volume \"broker-configuration\" (UniqueName: \"kubernetes.io/configmap/c4cdc15d-066a-4188-ba4d-66b2a5648388-broker-configuration\") pod \"c4cdc15d-066a-4188-ba4d-66b2a5648388\" (UID: \"c4cdc15d-066a-4188-ba4d-66b2a5648388\") "
2025-01-29 14:01:55,106 INFO c.h.h.t.HelmChartContainer - [K3S] [reconciler_common.go:162] "operationExecutor.UnmountVolume started for volume \"operator-init\" (UniqueName: \"kubernetes.io/empty-dir/c4cdc15d-066a-4188-ba4d-66b2a5648388-operator-init\") pod \"c4cdc15d-066a-4188-ba4d-66b2a5648388\" (UID: \"c4cdc15d-066a-4188-ba4d-66b2a5648388\") "
2025-01-29 14:01:55,205 INFO c.h.h.t.HelmChartContainer - [K3S] [reconciler_common.go:299] "Volume detached for volume \"kube-api-access-f4tzd\" (UniqueName: \"kubernetes.io/projected/c4cdc15d-066a-4188-ba4d-66b2a5648388-kube-api-access-f4tzd\") on node \"733f751f2ac3\" DevicePath \"\""
2025-01-29 14:01:55,205 INFO c.h.h.t.HelmChartContainer - [K3S] [reconciler_common.go:299] "Volume detached for volume \"broker-configuration\" (UniqueName: \"kubernetes.io/configmap/c4cdc15d-066a-4188-ba4d-66b2a5648388-broker-configuration\") on node \"733f751f2ac3\" DevicePath \"\""
2025-01-29 14:01:55,205 INFO c.h.h.t.HelmChartContainer - [K3S] [reconciler_common.go:299] "Volume detached for volume \"operator-init\" (UniqueName: \"kubernetes.io/empty-dir/c4cdc15d-066a-4188-ba4d-66b2a5648388-operator-init\") on node \"733f751f2ac3\" DevicePath \"\""
2025-01-29 14:01:55,205 INFO c.h.h.t.HelmChartContainer - [K3S] [reconciler_common.go:299] "Volume detached for volume \"pod-info\" (UniqueName: \"kubernetes.io/configmap/c4cdc15d-066a-4188-ba4d-66b2a5648388-pod-info\") on node \"733f751f2ac3\" DevicePath \"\""
2025-01-29 14:01:55,392 INFO c.h.h.t.HelmChartContainer - [POD] test-hivemq-platform-1 [c485002a-8fcd-4f0f-82d8-456fed09f990] in updateloglevelit was MODIFIED
2025-01-29 14:01:55,506 INFO c.h.h.t.HelmChartContainer - [K3S] [reconciler_common.go:162] "operationExecutor.UnmountVolume started for volume \"broker-configuration\" (UniqueName: \"kubernetes.io/configmap/c485002a-8fcd-4f0f-82d8-456fed09f990-broker-configuration\") pod \"c485002a-8fcd-4f0f-82d8-456fed09f990\" (UID: \"c485002a-8fcd-4f0f-82d8-456fed09f990\") "
2025-01-29 14:01:55,506 INFO c.h.h.t.HelmChartContainer - [K3S] [reconciler_common.go:162] "operationExecutor.UnmountVolume started for volume \"operator-init\" (UniqueName: \"kubernetes.io/empty-dir/c485002a-8fcd-4f0f-82d8-456fed09f990-operator-init\") pod \"c485002a-8fcd-4f0f-82d8-456fed09f990\" (UID: \"c485002a-8fcd-4f0f-82d8-456fed09f990\") "
2025-01-29 14:01:55,506 INFO c.h.h.t.HelmChartContainer - [K3S] [reconciler_common.go:162] "operationExecutor.UnmountVolume started for volume \"kube-api-access-pqgkx\" (UniqueName: \"kubernetes.io/projected/c485002a-8fcd-4f0f-82d8-456fed09f990-kube-api-access-pqgkx\") pod \"c485002a-8fcd-4f0f-82d8-456fed09f990\" (UID: \"c485002a-8fcd-4f0f-82d8-456fed09f990\") "
2025-01-29 14:01:55,506 INFO c.h.h.t.HelmChartContainer - [K3S] [reconciler_common.go:162] "operationExecutor.UnmountVolume started for volume \"pod-info\" (UniqueName: \"kubernetes.io/configmap/c485002a-8fcd-4f0f-82d8-456fed09f990-pod-info\") pod \"c485002a-8fcd-4f0f-82d8-456fed09f990\" (UID: \"c485002a-8fcd-4f0f-82d8-456fed09f990\") "
2025-01-29 14:01:55,606 INFO c.h.h.t.HelmChartContainer - [K3S] [reconciler_common.go:299] "Volume detached for volume \"operator-init\" (UniqueName: \"kubernetes.io/empty-dir/c485002a-8fcd-4f0f-82d8-456fed09f990-operator-init\") on node \"733f751f2ac3\" DevicePath \"\""
2025-01-29 14:01:55,606 INFO c.h.h.t.HelmChartContainer - [K3S] [reconciler_common.go:299] "Volume detached for volume \"broker-configuration\" (UniqueName: \"kubernetes.io/configmap/c485002a-8fcd-4f0f-82d8-456fed09f990-broker-configuration\") on node \"733f751f2ac3\" DevicePath \"\""
2025-01-29 14:01:55,606 INFO c.h.h.t.HelmChartContainer - [K3S] [reconciler_common.go:299] "Volume detached for volume \"kube-api-access-pqgkx\" (UniqueName: \"kubernetes.io/projected/c485002a-8fcd-4f0f-82d8-456fed09f990-kube-api-access-pqgkx\") on node \"733f751f2ac3\" DevicePath \"\""
2025-01-29 14:01:55,606 INFO c.h.h.t.HelmChartContainer - [K3S] [reconciler_common.go:299] "Volume detached for volume \"pod-info\" (UniqueName: \"kubernetes.io/configmap/c485002a-8fcd-4f0f-82d8-456fed09f990-pod-info\") on node \"733f751f2ac3\" DevicePath \"\""
2025-01-29 14:01:55,819 INFO c.h.h.t.HelmChartContainer - [K3S] [scope.go:117] "RemoveContainer" containerID="79f68032f22cf73ddee17505d97518a3fab8dababd85f9d8abfa7b211bdfed1c"
2025-01-29 14:01:55,834 INFO c.h.h.t.HelmChartContainer - [POD] test-hivemq-platform-1 [c485002a-8fcd-4f0f-82d8-456fed09f990] in updateloglevelit was MODIFIED
2025-01-29 14:01:55,838 INFO c.h.h.t.HelmChartContainer - [POD] test-hivemq-platform-1 [c485002a-8fcd-4f0f-82d8-456fed09f990] in updateloglevelit was DELETED
2025-01-29 14:01:55,846 INFO c.h.h.t.HelmChartContainer - [POD] test-hivemq-platform-0 [c4cdc15d-066a-4188-ba4d-66b2a5648388] in updateloglevelit was MODIFIED
2025-01-29 14:01:55,848 INFO c.h.h.t.HelmChartContainer - [POD] test-hivemq-platform-0 [c4cdc15d-066a-4188-ba4d-66b2a5648388] in updateloglevelit was DELETED
2025-01-29 14:01:55,929 INFO c.h.h.t.HelmChartContainer - [K3S] [scope.go:117] "RemoveContainer" containerID="67a2f651b36ae9042bb7f488a9371a40b73a54b9ed3e39d8093c1dc276e0176d"
2025-01-29 14:01:55,931 INFO c.h.h.t.HelmChartContainer - [K3S] [scope.go:117] "RemoveContainer" containerID="79f68032f22cf73ddee17505d97518a3fab8dababd85f9d8abfa7b211bdfed1c"
2025-01-29 14:01:55,932 INFO c.h.h.t.HelmChartContainer - [K3S] [scope.go:117] "RemoveContainer" containerID="67a2f651b36ae9042bb7f488a9371a40b73a54b9ed3e39d8093c1dc276e0176d"
2025-01-29 14:01:55,932 INFO c.h.h.t.HelmChartContainer - [K3S] [scope.go:117] "RemoveContainer" containerID="5f15bedfbb4dcea331f222957c6ed5dda8e4d123530ffc451d5cb5c7dd8d4daa"
2025-01-29 14:01:56,024 INFO c.h.h.t.HelmChartContainer - [K3S] [scope.go:117] "RemoveContainer" containerID="fdfb0b72c9b48961f61267e1cdeb76ebd6e95736fd5ec09e473eb53b08b0f26f"
2025-01-29 14:01:56,027 INFO c.h.h.t.HelmChartContainer - [K3S] [scope.go:117] "RemoveContainer" containerID="5f15bedfbb4dcea331f222957c6ed5dda8e4d123530ffc451d5cb5c7dd8d4daa"
2025-01-29 14:01:56,028 INFO c.h.h.t.HelmChartContainer - [K3S] [scope.go:117] "RemoveContainer" containerID="fdfb0b72c9b48961f61267e1cdeb76ebd6e95736fd5ec09e473eb53b08b0f26f"
2025-01-29 14:01:56,135 INFO c.h.h.t.HelmChartContainer - [K3S] [kubelet_volumes.go:163] "Cleaned up orphaned pod volumes dir" podUID="c485002a-8fcd-4f0f-82d8-456fed09f990" path="/var/lib/kubelet/pods/c485002a-8fcd-4f0f-82d8-456fed09f990/volumes"
2025-01-29 14:01:56,136 INFO c.h.h.t.HelmChartContainer - [K3S] [kubelet_volumes.go:163] "Cleaned up orphaned pod volumes dir" podUID="c4cdc15d-066a-4188-ba4d-66b2a5648388" path="/var/lib/kubelet/pods/c4cdc15d-066a-4188-ba4d-66b2a5648388/volumes"
2025-01-29 14:02:00,248 INFO c.h.h.t.HelmChartContainer - Namespace 'updateloglevelit' deleted
2025-01-29 14:02:00,248 INFO c.h.h.t.HelmChartContainer - Release 'test-hivemq-platform' in namespace 'updateloglevelit' is uninstalled
2025-01-29 14:02:00,248 INFO c.h.h.t.HelmChartContainer - Uninstalling release 'test-hivemq-platform-operator' in namespace 'updateloglevelit-operator'...
2025-01-29 14:02:00,248 DEBUG c.h.h.t.HelmChartContainer - Executing helm command: /bin/helm --kubeconfig /etc/rancher/k3s/k3s.yaml uninstall test-hivemq-platform-operator  --wait --timeout 5m0s --cascade foreground --namespace updateloglevelit-operator
2025-01-29 14:02:00,415 INFO c.h.h.t.HelmChartContainer - [POD] hivemq-test-hivemq-platform-operator-6966f96d65-lkx4b [7099a904-8bf0-42f4-b7c4-1794e8b6c570] in updateloglevelit-operator was MODIFIED
2025-01-29 14:02:00,418 INFO c.h.h.t.HelmChartContainer - [K3S] [replica_set.go:679] "Finished syncing" kind="ReplicaSet" key="updateloglevelit-operator/hivemq-test-hivemq-platform-operator-6966f96d65" duration="20.834503ms"
2025-01-29 14:02:00,420 INFO c.h.h.t.HelmChartContainer - [EVENT] Normal [Killing] Stopping container hivemq-platform-operator [updateloglevelit-operator:hivemq-test-hivemq-platform-operator-6966f96d65-lkx4b]
2025-01-29 14:02:00,420 INFO c.h.h.t.HelmChartContainer - Received Killing event for container hivemq-platform-operator in pod hivemq-test-hivemq-platform-operator-6966f96d65-lkx4b [7099a904-8bf0-42f4-b7c4-1794e8b6c570]
2025-01-29 14:02:00,420 INFO c.h.h.t.HelmChartContainer - Container [hivemq-test-hivemq-platform-operator-6966f96d65-lkx4b] [hivemq-platform-operator] [7099a904-8bf0-42f4-b7c4-1794e8b6c570] was terminated
2025-01-29 14:02:00,421 INFO c.h.h.t.HelmChartContainer - Stopped log watcher for hivemq-platform-operator in pod hivemq-test-hivemq-platform-operator-6966f96d65-lkx4b [7099a904-8bf0-42f4-b7c4-1794e8b6c570]
2025-01-29 14:02:00,425 INFO c.h.h.t.HelmChartContainer - [hivemq-test-hivemq-platform] [hivemq-platform-operator] [7099a904] 14:02:00.423 [application-shutdown-thread] INFO  c.h.p.o.HiveMQPlatformOperatorApplication - HiveMQ Platform Operator is stopping...
2025-01-29 14:02:00,425 INFO c.h.h.t.HelmChartContainer - [hivemq-test-hivemq-platform] [hivemq-platform-operator] [7099a904] 14:02:00.423 [application-shutdown-thread] INFO  i.javaoperatorsdk.operator.Operator - Operator SDK 4.9.7 is shutting down...
2025-01-29 14:02:00,432 INFO c.h.h.t.HelmChartContainer - [K3S] [replica_set.go:679] "Finished syncing" kind="ReplicaSet" key="updateloglevelit-operator/hivemq-test-hivemq-platform-operator-6966f96d65" duration="16.175818ms"
2025-01-29 14:02:00,434 INFO c.h.h.t.HelmChartContainer - [K3S] [replica_set.go:679] "Finished syncing" kind="ReplicaSet" key="updateloglevelit-operator/hivemq-test-hivemq-platform-operator-6966f96d65" duration="35.486µs"
2025-01-29 14:02:00,957 INFO c.h.h.t.HelmChartContainer - [K3S] [replica_set.go:679] "Finished syncing" kind="ReplicaSet" key="updateloglevelit-operator/hivemq-test-hivemq-platform-operator-6966f96d65" duration="44.232µs"
2025-01-29 14:02:00,958 INFO c.h.h.t.HelmChartContainer - [POD] hivemq-test-hivemq-platform-operator-6966f96d65-lkx4b [7099a904-8bf0-42f4-b7c4-1794e8b6c570] in updateloglevelit-operator was MODIFIED
2025-01-29 14:02:01,038 INFO c.h.h.t.HelmChartContainer - [K3S] [reconciler_common.go:162] "operationExecutor.UnmountVolume started for volume \"kube-api-access-hs74z\" (UniqueName: \"kubernetes.io/projected/7099a904-8bf0-42f4-b7c4-1794e8b6c570-kube-api-access-hs74z\") pod \"7099a904-8bf0-42f4-b7c4-1794e8b6c570\" (UID: \"7099a904-8bf0-42f4-b7c4-1794e8b6c570\") "
2025-01-29 14:02:01,138 INFO c.h.h.t.HelmChartContainer - [K3S] [reconciler_common.go:299] "Volume detached for volume \"kube-api-access-hs74z\" (UniqueName: \"kubernetes.io/projected/7099a904-8bf0-42f4-b7c4-1794e8b6c570-kube-api-access-hs74z\") on node \"733f751f2ac3\" DevicePath \"\""
2025-01-29 14:02:01,833 INFO c.h.h.t.HelmChartContainer - [K3S] [scope.go:117] "RemoveContainer" containerID="f4acdaec2a2541cc89ec48a2e7cb2d262372b6611267d94fc09129d0926575df"
2025-01-29 14:02:01,837 INFO c.h.h.t.HelmChartContainer - [K3S] [scope.go:117] "RemoveContainer" containerID="f4acdaec2a2541cc89ec48a2e7cb2d262372b6611267d94fc09129d0926575df"
2025-01-29 14:02:01,845 INFO c.h.h.t.HelmChartContainer - [K3S] [replica_set.go:679] "Finished syncing" kind="ReplicaSet" key="updateloglevelit-operator/hivemq-test-hivemq-platform-operator-6966f96d65" duration="69.891µs"
2025-01-29 14:02:01,845 INFO c.h.h.t.HelmChartContainer - [POD] hivemq-test-hivemq-platform-operator-6966f96d65-lkx4b [7099a904-8bf0-42f4-b7c4-1794e8b6c570] in updateloglevelit-operator was MODIFIED
2025-01-29 14:02:01,847 INFO c.h.h.t.HelmChartContainer - [K3S] [replica_set.go:679] "Finished syncing" kind="ReplicaSet" key="updateloglevelit-operator/hivemq-test-hivemq-platform-operator-6966f96d65" duration="35.015µs"
2025-01-29 14:02:01,848 INFO c.h.h.t.HelmChartContainer - [POD] hivemq-test-hivemq-platform-operator-6966f96d65-lkx4b [7099a904-8bf0-42f4-b7c4-1794e8b6c570] in updateloglevelit-operator was DELETED
2025-01-29 14:02:01,857 INFO c.h.h.t.HelmChartContainer - [K3S] [replica_set.go:679] "Finished syncing" kind="ReplicaSet" key="updateloglevelit-operator/hivemq-test-hivemq-platform-operator-6966f96d65" duration="5.28µs"
2025-01-29 14:02:02,135 INFO c.h.h.t.HelmChartContainer - [K3S] [kubelet_volumes.go:163] "Cleaned up orphaned pod volumes dir" podUID="7099a904-8bf0-42f4-b7c4-1794e8b6c570" path="/var/lib/kubelet/pods/7099a904-8bf0-42f4-b7c4-1794e8b6c570/volumes"
2025-01-29 14:02:02,471 INFO c.h.h.t.HelmChartContainer - Deleting namespace 'updateloglevelit-operator'...
2025-01-29 14:02:05,144 INFO c.h.h.t.HelmChartContainer - [K3S] [namespace_controller.go:187] "Namespace has been deleted" namespace="updateloglevelit"
2025-01-29 14:02:07,686 INFO c.h.h.t.HelmChartContainer - Namespace 'updateloglevelit-operator' deleted
2025-01-29 14:02:07,686 INFO c.h.h.t.HelmChartContainer - Release 'test-hivemq-platform-operator' in namespace 'updateloglevelit-operator' is uninstalled
2025-01-29 14:02:08,475 INFO c.h.helmcharts.AbstractHelmChartIT - Removed unused containers:

2025-01-29 14:02:12,587 INFO c.h.h.t.HelmChartContainer - [K3S] [namespace_controller.go:187] "Namespace has been deleted" namespace="updateloglevelit-operator"
2025-01-29 14:02:16,078 INFO c.h.helmcharts.AbstractHelmChartIT - Removed unused snapshots:
Removing snapshot sha256:03af251906410714c5aef9fa705b63f6bbc39c4a5e787de7361eeb18886c2ed2
Removing snapshot sha256:0c46b3b43cce082ce5ec34ffc6c294e0417d17b9d1e6f366d114b6aadc4f96dc
Removing snapshot sha256:0ce761beee59082d6ed5bcebd3a805b8ddd9b3426b617e4809e7fb7c6587ffec
Removing snapshot sha256:0df91287303208332c8ff6ba40ae4710105201739addbfbddfb955f1ad593664
Removing snapshot sha256:1021ef88c7974bfff89c5a0ec4fd3160daac6c48a075f74cff721f85dd104e68
Removing snapshot sha256:10aba4953ddc18145dd38e3704709bc464aa20af60b56fe52caaff4b68411e62
Removing snapshot sha256:2573e0d8158209ed54ab25c87bcdcb00bd3d2539246960a3d592a1c599d70465
Removing snapshot sha256:362a8a37f8bbc31925a8146adcf7cf51f9882f5c1dcbef67c5baa03a297543c0
Removing snapshot sha256:3fa4ad33f0ddc8fd45b39b6b4640f82a3a83619606cd975bfe89d8710ad2d4cd
Removing snapshot sha256:43a7c979bbaba6838bc3102d6b10a1459f3ab050b87ccdfef84ef90cf43d3058
Removing snapshot sha256:4ab04491cdf0d3267f08206fe30bd48f49f94b9cab2f016d6739220f722a64af
Removing snapshot sha256:4b6068250e89c96f263060261819c7d912855bfbd64b3eb4c4a8483299b8c295
Removing snapshot sha256:580e69a0a8034ede1921139bbd2bfb72a69ebf276d008281896c32dd8bf74775
Removing snapshot sha256:5d30ba46b27fe37484567ccc5242cadc78217b8da605f3f195ef25cbf7487904
Removing snapshot sha256:63ca1fbb43ae5034640e5e6cb3e083e05c290072c5366fcaa9d62435a4cced85
Removing snapshot sha256:67f702c6baae873bceb19487c8b1f27bd2b86077e4f2f0e480e6d60ab508b8f5
Removing snapshot sha256:6864348dd42806d552efdec384f1274be15e2d0c10ce44c1f04347af004c10a9
Removing snapshot sha256:6c7dee8f2c39b84b7dc2711c01d33de93514d9055499173e9290176fbe484b6c
Removing snapshot sha256:6da24e95e1658171760bda12fe1d7cf5f3a681659b83f17127191deaf639eb04
Removing snapshot sha256:82753493a6d61ded36556292f02f31841a14c20d2f279f19eaad65afb661d5cd
Removing snapshot sha256:8a10d3db42c505ee0fcfa98417bdd7e39b304f6bcc0a06bb1b220797ff2cc63c
Removing snapshot sha256:94262976ef1e0485683e5e064ec34cc31ec15d40cd73a0ca8edeedb3d2d3d5f1
Removing snapshot sha256:a21e5b12dbac529ad45d976eb9ce45c881f3bedcc500fb30aba1e52aa1813418
Removing snapshot sha256:b921e6c28969094157f9b8e7244677780319637afd14450b7cb6b2fdea558a0c
Removing snapshot sha256:bc27ecb5769a00e309cf99ebc763c4a4b958b618d1decc96ffac5bc05f02f5b7
Removing snapshot sha256:be3ccb6627a5332e309d45ef461d09b4879dd870c7394d89323d0ebc6ca6aa8a
Removing snapshot sha256:c261f7cbbc64211ee175ee47273acdb7b1a36a4450b397a064a8f2c026490095
Removing snapshot sha256:c34d9393647eea0c9e3557ab988efaf59f61d10a2a5613b439ef0958cca5ec10
Removing snapshot sha256:ccf3c4a0fa967a41c1c83497a2ce6fa5787965859df0adb32c4ca2cf7490bc2b
Removing snapshot sha256:cf92d33f869417309692088c341cd0f223c178ea78a125f757317b22aa8f90e9
Removing snapshot sha256:d0037344cf2fb078884f1849f6a1f8cf9a33a3b6139b6a85833e5ee528e1f9a8
Removing snapshot sha256:d3b36d5b79273b1e98e7700470eaeff05a882e777124d84cebcc1505b85ecb36
Removing snapshot sha256:d65a44a37914602d12c611e5e22a50f11451d847e63015cc1c2aef92dee777a4
Removing snapshot sha256:e2dc0bae2455930f23ae570e019b7f32edc75c0f2d71cab084db837ff9051796
Removing snapshot sha256:eccbd24a99c60cd9e86ee5305dbfc4a4dc89f5ab4fb1f06c8d64797cecedef34
Removing snapshot sha256:f144bb4c7c7f0d2aa7eeffd36d934ec40db1ee167be727e326aad9fdc616f475

]]></system-out>
  </testcase>
  <system-out><![CDATA[2025-01-29 13:57:05,839 INFO c.h.h.t.HelmChartContainerExtension - Using cached HelmChartContainer instance
]]></system-out>
  <system-err><![CDATA[]]></system-err>
</testsuite>
