<?xml version="1.0" encoding="UTF-8"?>
<testsuite name="com.hivemq.helmcharts.StatefulSetRollingUpgradeIT" tests="1" skipped="0" failures="0" errors="0" timestamp="2025-03-04T15:06:45" hostname="fv-az1927-767" time="134.015">
  <properties/>
  <testcase name="withStatefulSet_RollingUpgrade()" classname="com.hivemq.helmcharts.StatefulSetRollingUpgradeIT" time="134.015"/>
</testsuite>
