<?xml version="1.0" encoding="UTF-8"?>
<testsuite name="com.hivemq.helmcharts.containers.HelmAdditionalContainersIT" tests="1" skipped="0" failures="0" errors="0" timestamp="2025-01-30T18:28:08" hostname="fv-az1937-364" time="102.091">
  <properties/>
  <testcase name="whenAdditionalContainer_withConsulTemplate_thenLicenseUpdated()" classname="com.hivemq.helmcharts.containers.HelmAdditionalContainersIT" time="102.091">
    <system-out><![CDATA[2025-01-30 18:28:08,764 INFO c.h.h.t.HelmChartContainer - Creating namespace 'helmadditionalcontainersit-operator'...
2025-01-30 18:28:09,033 INFO c.h.h.t.HelmChartContainer - Namespace 'helmadditionalcontainersit-operator' created
2025-01-30 18:28:09,033 INFO c.h.h.t.HelmChartContainer - Creating namespace 'helmadditionalcontainersit'...
2025-01-30 18:28:09,035 INFO c.h.h.t.HelmChartContainer - [POD] coredns-ff8999cc5-vx9nm [85ad4031-cb68-4e1b-99a0-1efb8022b525] in kube-system was ADDED
2025-01-30 18:28:09,037 INFO c.h.h.t.HelmChartContainer - [POD] local-path-provisioner-698b58967b-h6z2x [d5b73121-cdd4-4ecf-b7c6-75800a822432] in kube-system was ADDED
2025-01-30 18:28:09,040 INFO c.h.h.t.HelmChartContainer - [POD] metrics-server-8584b5786c-lzps6 [41408d11-cb2c-4507-905d-25f63790e716] in kube-system was ADDED
2025-01-30 18:28:09,045 INFO c.h.h.t.HelmChartContainer - Namespace 'helmadditionalcontainersit' created
2025-01-30 18:28:09,113 DEBUG c.h.h.t.HelmChartContainer - Executing helm command: /bin/helm --kubeconfig /etc/rancher/k3s/k3s.yaml install test-hivemq-platform-operator /charts/hivemq-platform-operator --wait --timeout 5m0s --set image.repository=docker.io/hivemq --set image.name=hivemq-platform-operator-test --set image.initImageName=hivemq-platform-operator-init-test --set image.tag=snapshot --set image.pullPolicy=Never --set logLevel=DEBUG --set resources.cpu=512m --namespace helmadditionalcontainersit-operator
2025-01-30 18:28:11,520 INFO c.h.h.t.HelmChartContainer - [K3S] [alloc.go:330] "allocated clusterIPs" service="helmadditionalcontainersit-operator/hivemq-platform-operator-test-hivemq-platform-operator" clusterIPs={"IPv4":"10.43.116.111"}
2025-01-30 18:28:11,536 INFO c.h.h.t.HelmChartContainer - [EVENT] Normal [ScalingReplicaSet] Scaled up replica set hivemq-test-hivemq-platform-operator-6966f96d65 from 0 to 1 [helmadditionalcontainersit-operator:hivemq-test-hivemq-platform-operator]
2025-01-30 18:28:11,542 INFO c.h.h.t.HelmChartContainer - [POD] hivemq-test-hivemq-platform-operator-6966f96d65-vbgm9 [5bcb1279-46ab-453f-8391-abadf203633b] in helmadditionalcontainersit-operator was ADDED
2025-01-30 18:28:11,550 INFO c.h.h.t.HelmChartContainer - [EVENT] Normal [SuccessfulCreate] Created pod: hivemq-test-hivemq-platform-operator-6966f96d65-vbgm9 [helmadditionalcontainersit-operator:hivemq-test-hivemq-platform-operator-6966f96d65]
2025-01-30 18:28:11,554 INFO c.h.h.t.HelmChartContainer - [K3S] [replica_set.go:679] "Finished syncing" kind="ReplicaSet" key="helmadditionalcontainersit-operator/hivemq-test-hivemq-platform-operator-6966f96d65" duration="18.457684ms"
2025-01-30 18:28:11,556 INFO c.h.h.t.HelmChartContainer - [POD] hivemq-test-hivemq-platform-operator-6966f96d65-vbgm9 [5bcb1279-46ab-453f-8391-abadf203633b] in helmadditionalcontainersit-operator was MODIFIED
2025-01-30 18:28:11,566 INFO c.h.h.t.HelmChartContainer - [K3S] [replica_set.go:679] "Finished syncing" kind="ReplicaSet" key="helmadditionalcontainersit-operator/hivemq-test-hivemq-platform-operator-6966f96d65" duration="12.108971ms"
2025-01-30 18:28:11,569 INFO c.h.h.t.HelmChartContainer - [EVENT] Normal [Scheduled] Successfully assigned helmadditionalcontainersit-operator/hivemq-test-hivemq-platform-operator-6966f96d65-vbgm9 to ec2fc2be3df0 [helmadditionalcontainersit-operator:hivemq-test-hivemq-platform-operator-6966f96d65-vbgm9]
2025-01-30 18:28:11,581 INFO c.h.h.t.HelmChartContainer - [POD] hivemq-test-hivemq-platform-operator-6966f96d65-vbgm9 [5bcb1279-46ab-453f-8391-abadf203633b] in helmadditionalcontainersit-operator was MODIFIED
2025-01-30 18:28:11,582 INFO c.h.h.t.HelmChartContainer - [K3S] [replica_set.go:679] "Finished syncing" kind="ReplicaSet" key="helmadditionalcontainersit-operator/hivemq-test-hivemq-platform-operator-6966f96d65" duration="16.849442ms"
2025-01-30 18:28:11,582 INFO c.h.h.t.HelmChartContainer - [K3S] [replica_set.go:679] "Finished syncing" kind="ReplicaSet" key="helmadditionalcontainersit-operator/hivemq-test-hivemq-platform-operator-6966f96d65" duration="42.128µs"
2025-01-30 18:28:11,667 INFO c.h.h.t.HelmChartContainer - [K3S] [reconciler_common.go:251] "operationExecutor.VerifyControllerAttachedVolume started for volume \"kube-api-access-2dnfv\" (UniqueName: \"kubernetes.io/projected/5bcb1279-46ab-453f-8391-abadf203633b-kube-api-access-2dnfv\") pod \"hivemq-test-hivemq-platform-operator-6966f96d65-vbgm9\" (UID: \"5bcb1279-46ab-453f-8391-abadf203633b\") " pod="helmadditionalcontainersit-operator/hivemq-test-hivemq-platform-operator-6966f96d65-vbgm9"
2025-01-30 18:28:11,949 INFO c.h.h.t.HelmChartContainer - [EVENT] Normal [Pulled] Container image "docker.io/hivemq/hivemq-platform-operator-test:snapshot" already present on machine [helmadditionalcontainersit-operator:hivemq-test-hivemq-platform-operator-6966f96d65-vbgm9]
2025-01-30 18:28:11,950 INFO c.h.h.t.HelmChartContainer - Received Pulled event for container hivemq-platform-operator in pod hivemq-test-hivemq-platform-operator-6966f96d65-vbgm9 [5bcb1279-46ab-453f-8391-abadf203633b]
2025-01-30 18:28:11,960 INFO c.h.h.t.HelmChartContainer - [EVENT] Normal [Created] Created container: hivemq-platform-operator [helmadditionalcontainersit-operator:hivemq-test-hivemq-platform-operator-6966f96d65-vbgm9]
2025-01-30 18:28:11,960 INFO c.h.h.t.HelmChartContainer - Received Created event for container hivemq-platform-operator in pod hivemq-test-hivemq-platform-operator-6966f96d65-vbgm9 [5bcb1279-46ab-453f-8391-abadf203633b]
2025-01-30 18:28:12,407 INFO c.h.h.t.HelmChartContainer - [K3S] [replica_set.go:679] "Finished syncing" kind="ReplicaSet" key="helmadditionalcontainersit-operator/hivemq-test-hivemq-platform-operator-6966f96d65" duration="43.361µs"
2025-01-30 18:28:12,410 INFO c.h.h.t.HelmChartContainer - [POD] hivemq-test-hivemq-platform-operator-6966f96d65-vbgm9 [5bcb1279-46ab-453f-8391-abadf203633b] in helmadditionalcontainersit-operator was MODIFIED
2025-01-30 18:28:12,430 INFO c.h.h.t.HelmChartContainer - [EVENT] Normal [Started] Started container hivemq-platform-operator [helmadditionalcontainersit-operator:hivemq-test-hivemq-platform-operator-6966f96d65-vbgm9]
2025-01-30 18:28:12,430 INFO c.h.h.t.HelmChartContainer - Started log watcher for hivemq-platform-operator in pod hivemq-test-hivemq-platform-operator-6966f96d65-vbgm9 [5bcb1279-46ab-453f-8391-abadf203633b]
2025-01-30 18:28:12,430 INFO c.h.h.t.HelmChartContainer - Received Started event for container hivemq-platform-operator in pod hivemq-test-hivemq-platform-operator-6966f96d65-vbgm9 [5bcb1279-46ab-453f-8391-abadf203633b]
2025-01-30 18:28:12,431 INFO c.h.h.t.HelmChartContainer - [hivemq-test-hivemq-platform] [hivemq-platform-operator] [5bcb1279] -------------------------------------------------------------------------
2025-01-30 18:28:12,431 INFO c.h.h.t.HelmChartContainer - [hivemq-test-hivemq-platform] [hivemq-platform-operator] [5bcb1279] 
2025-01-30 18:28:12,431 INFO c.h.h.t.HelmChartContainer - [hivemq-test-hivemq-platform] [hivemq-platform-operator] [5bcb1279]                   _    _  _              __  __   ____
2025-01-30 18:28:12,431 INFO c.h.h.t.HelmChartContainer - [hivemq-test-hivemq-platform] [hivemq-platform-operator] [5bcb1279]                  | |  | |(_)            |  \/  | / __ \
2025-01-30 18:28:12,431 INFO c.h.h.t.HelmChartContainer - [hivemq-test-hivemq-platform] [hivemq-platform-operator] [5bcb1279]                  | |__| | _ __   __ ___ | \  / || |  | |
2025-01-30 18:28:12,431 INFO c.h.h.t.HelmChartContainer - [hivemq-test-hivemq-platform] [hivemq-platform-operator] [5bcb1279]                  |  __  || |\ \ / // _ \| |\/| || |  | |
2025-01-30 18:28:12,431 INFO c.h.h.t.HelmChartContainer - [hivemq-test-hivemq-platform] [hivemq-platform-operator] [5bcb1279]                  | |  | || | \ V /|  __/| |  | || |__| |
2025-01-30 18:28:12,431 INFO c.h.h.t.HelmChartContainer - [hivemq-test-hivemq-platform] [hivemq-platform-operator] [5bcb1279]                  |_|  |_||_|  \_/  \___||_|  |_| \___\_\
2025-01-30 18:28:12,431 INFO c.h.h.t.HelmChartContainer - [hivemq-test-hivemq-platform] [hivemq-platform-operator] [5bcb1279] 
2025-01-30 18:28:12,431 INFO c.h.h.t.HelmChartContainer - [hivemq-test-hivemq-platform] [hivemq-platform-operator] [5bcb1279] -------------------------------------------------------------------------
2025-01-30 18:28:12,431 INFO c.h.h.t.HelmChartContainer - [hivemq-test-hivemq-platform] [hivemq-platform-operator] [5bcb1279] 
2025-01-30 18:28:12,431 INFO c.h.h.t.HelmChartContainer - [hivemq-test-hivemq-platform] [hivemq-platform-operator] [5bcb1279]   HiveMQ Platform Operator Start Script v1.0
2025-01-30 18:28:12,431 INFO c.h.h.t.HelmChartContainer - [hivemq-test-hivemq-platform] [hivemq-platform-operator] [5bcb1279] 
2025-01-30 18:28:12,431 INFO c.h.h.t.HelmChartContainer - [hivemq-test-hivemq-platform] [hivemq-platform-operator] [5bcb1279] -------------------------------------------------------------------------
2025-01-30 18:28:12,431 INFO c.h.h.t.HelmChartContainer - [hivemq-test-hivemq-platform] [hivemq-platform-operator] [5bcb1279] 
2025-01-30 18:28:12,431 INFO c.h.h.t.HelmChartContainer - [hivemq-test-hivemq-platform] [hivemq-platform-operator] [5bcb1279]   JAVA_OPTS: -XX:+UnlockExperimentalVMOptions -XX:InitialRAMPercentage=75 -XX:MaxRAMPercentage=75 -Duser.language=en -Duser.region=US
2025-01-30 18:28:12,431 INFO c.h.h.t.HelmChartContainer - [hivemq-test-hivemq-platform] [hivemq-platform-operator] [5bcb1279] 
2025-01-30 18:28:12,431 INFO c.h.h.t.HelmChartContainer - [hivemq-test-hivemq-platform] [hivemq-platform-operator] [5bcb1279]   JAVA_VERSION: 21
2025-01-30 18:28:12,431 INFO c.h.h.t.HelmChartContainer - [hivemq-test-hivemq-platform] [hivemq-platform-operator] [5bcb1279] 
2025-01-30 18:28:12,431 INFO c.h.h.t.HelmChartContainer - [hivemq-test-hivemq-platform] [hivemq-platform-operator] [5bcb1279] -------------------------------------------------------------------------
2025-01-30 18:28:12,431 INFO c.h.h.t.HelmChartContainer - [hivemq-test-hivemq-platform] [hivemq-platform-operator] [5bcb1279] 
2025-01-30 18:28:15,490 INFO c.h.h.t.HelmChartContainer - [hivemq-test-hivemq-platform] [hivemq-platform-operator] [5bcb1279] 18:28:15.487 [main] DEBUG org.jboss.logging - Logging Provider: org.jboss.logging.Slf4jLoggerProvider
2025-01-30 18:28:15,597 INFO c.h.h.t.HelmChartContainer - [hivemq-test-hivemq-platform] [hivemq-platform-operator] [5bcb1279] 18:28:15.596 [main] DEBUG io.smallrye.config - SRCFG01006: Loaded ConfigSource SysPropConfigSource with ordinal 400
2025-01-30 18:28:15,598 INFO c.h.h.t.HelmChartContainer - [hivemq-test-hivemq-platform] [hivemq-platform-operator] [5bcb1279] 18:28:15.596 [main] DEBUG io.smallrye.config - SRCFG01006: Loaded ConfigSource EnvConfigSource with ordinal 300
2025-01-30 18:28:15,598 INFO c.h.h.t.HelmChartContainer - [hivemq-test-hivemq-platform] [hivemq-platform-operator] [5bcb1279] 18:28:15.596 [main] DEBUG io.smallrye.config - SRCFG01006: Loaded ConfigSource PropertiesConfigSource[source=jar:file:///opt/hivemq-platform-operator/bin/hivemq-platform-operator.jar!/hivemq-platform-operator.properties] with ordinal 100
2025-01-30 18:28:15,598 INFO c.h.h.t.HelmChartContainer - [hivemq-test-hivemq-platform] [hivemq-platform-operator] [5bcb1279] 18:28:15.596 [main] DEBUG io.smallrye.config - SRCFG01006: Loaded ConfigSource DefaultValuesConfigSource with ordinal -2147483648
2025-01-30 18:28:15,775 INFO c.h.h.t.HelmChartContainer - [hivemq-test-hivemq-platform] [hivemq-platform-operator] [5bcb1279] 18:28:15.706 [main] DEBUG i.m.c.u.i.l.InternalLoggerFactory - Using SLF4J as the default logging framework
2025-01-30 18:28:15,888 INFO c.h.h.t.HelmChartContainer - [hivemq-test-hivemq-platform] [hivemq-platform-operator] [5bcb1279] 18:28:15.879 [main] INFO  c.h.p.o.HiveMQPlatformOperatorApplication - HiveMQ Platform Operator 1.7.0-SNAPSHOT (commit: 47e3375 on branch: HEAD) built on Thu Jan 30 03:55:50 UTC 2025
2025-01-30 18:28:15,890 INFO c.h.h.t.HelmChartContainer - [hivemq-test-hivemq-platform] [hivemq-platform-operator] [5bcb1279] 18:28:15.887 [main] INFO  c.h.p.o.HiveMQPlatformOperatorApplication - HiveMQ Platform Operator is running in namespace: helmadditionalcontainersit-operator
2025-01-30 18:28:15,890 INFO c.h.h.t.HelmChartContainer - [hivemq-test-hivemq-platform] [hivemq-platform-operator] [5bcb1279] 18:28:15.887 [main] INFO  c.h.p.o.HiveMQPlatformOperatorApplication - Watching all namespaces
2025-01-30 18:28:15,890 INFO c.h.h.t.HelmChartContainer - [hivemq-test-hivemq-platform] [hivemq-platform-operator] [5bcb1279] 18:28:15.887 [main] INFO  c.h.p.o.HiveMQPlatformOperatorApplication - Log level: DEBUG
2025-01-30 18:28:15,890 INFO c.h.h.t.HelmChartContainer - [hivemq-test-hivemq-platform] [hivemq-platform-operator] [5bcb1279] 18:28:15.887 [main] INFO  c.h.p.o.HiveMQPlatformOperatorApplication - Release name: test-hivemq-platform-operator
2025-01-30 18:28:15,890 INFO c.h.h.t.HelmChartContainer - [hivemq-test-hivemq-platform] [hivemq-platform-operator] [5bcb1279] 18:28:15.887 [main] INFO  c.h.p.o.HiveMQPlatformOperatorApplication - HiveMQ Platform Operator Init image: docker.io/hivemq/hivemq-platform-operator-init-test:snapshot
2025-01-30 18:28:15,890 INFO c.h.h.t.HelmChartContainer - [hivemq-test-hivemq-platform] [hivemq-platform-operator] [5bcb1279] 18:28:15.887 [main] INFO  c.h.p.o.HiveMQPlatformOperatorApplication - HiveMQ Platform Operator Init App update URL: http://hivemq-platform-operator-test-hivemq-platform-operator.helmadditionalcontainersit-operator.svc:8080/initAppUpdate/hivemq-platform-operator-init-app-1.7.0-SNAPSHOT.jar
2025-01-30 18:28:15,892 INFO c.h.h.t.HelmChartContainer - [hivemq-test-hivemq-platform] [hivemq-platform-operator] [5bcb1279] 18:28:15.887 [main] INFO  c.h.p.o.HiveMQPlatformOperatorApplication - Additional imagePullSecret for all Platform deployments: none
2025-01-30 18:28:15,892 INFO c.h.h.t.HelmChartContainer - [hivemq-test-hivemq-platform] [hivemq-platform-operator] [5bcb1279] 18:28:15.887 [main] INFO  c.h.p.o.HiveMQPlatformOperatorApplication - Apply HiveMQ Platform CRD: true
2025-01-30 18:28:15,892 INFO c.h.h.t.HelmChartContainer - [hivemq-test-hivemq-platform] [hivemq-platform-operator] [5bcb1279] 18:28:15.887 [main] INFO  c.h.p.o.HiveMQPlatformOperatorApplication - Create Platform ServiceAccount: true
2025-01-30 18:28:15,892 INFO c.h.h.t.HelmChartContainer - [hivemq-test-hivemq-platform] [hivemq-platform-operator] [5bcb1279] 18:28:15.887 [main] INFO  c.h.p.o.HiveMQPlatformOperatorApplication - Create Platform ServiceAccount permissions: true
2025-01-30 18:28:15,892 INFO c.h.h.t.HelmChartContainer - [hivemq-test-hivemq-platform] [hivemq-platform-operator] [5bcb1279] 18:28:15.887 [main] INFO  c.h.p.o.HiveMQPlatformOperatorApplication - Validate Platform ServiceAccount: true
2025-01-30 18:28:15,892 INFO c.h.h.t.HelmChartContainer - [hivemq-test-hivemq-platform] [hivemq-platform-operator] [5bcb1279] 18:28:15.888 [main] INFO  c.h.p.o.HiveMQPlatformOperatorApplication - Validate Platform ServiceAccount permissions: true
2025-01-30 18:28:16,013 INFO c.h.h.t.HelmChartContainer - [hivemq-test-hivemq-platform] [hivemq-platform-operator] [5bcb1279] 18:28:16.012 [main] INFO  c.h.platform.operator.util.CRDUtil - Verifying deployed HiveMQ Platform CRD...
2025-01-30 18:28:16,405 INFO c.h.h.t.HelmChartContainer - [POD] metrics-server-8584b5786c-lzps6 [41408d11-cb2c-4507-905d-25f63790e716] in kube-system was MODIFIED
2025-01-30 18:28:16,410 INFO c.h.h.t.HelmChartContainer - [K3S] [replica_set.go:679] "Finished syncing" kind="ReplicaSet" key="kube-system/metrics-server-8584b5786c" duration="9.253935ms"
2025-01-30 18:28:16,411 INFO c.h.h.t.HelmChartContainer - [K3S] [replica_set.go:679] "Finished syncing" kind="ReplicaSet" key="kube-system/metrics-server-8584b5786c" duration="31.618µs"
2025-01-30 18:28:18,493 INFO c.h.h.t.HelmChartContainer - [hivemq-test-hivemq-platform] [hivemq-platform-operator] [5bcb1279] 18:28:18.492 [main] DEBUG c.h.platform.operator.util.CRDUtil - HiveMQ Platform CRD version v1 is up to date
2025-01-30 18:28:18,493 INFO c.h.h.t.HelmChartContainer - [hivemq-test-hivemq-platform] [hivemq-platform-operator] [5bcb1279] 18:28:18.492 [main] INFO  c.h.platform.operator.util.CRDUtil - HiveMQ Platform CRD is up to date (version: V1_6_0)
2025-01-30 18:28:18,576 INFO c.h.h.t.HelmChartContainer - [hivemq-test-hivemq-platform] [hivemq-platform-operator] [5bcb1279] 18:28:18.492 [main] INFO  c.h.platform.operator.util.CRDUtil - Waiting 10000 ms for HiveMQ Platform CRD 'hivemq-platforms.hivemq.com' to become ready...
2025-01-30 18:28:18,879 INFO c.h.h.t.HelmChartContainer - [hivemq-test-hivemq-platform] [hivemq-platform-operator] [5bcb1279] 18:28:18.877 [vert.x-eventloop-thread-1] DEBUG c.h.platform.operator.util.CRDUtil - Checking CRD condition 'NamesAccepted' (status: 'True')
2025-01-30 18:28:18,881 INFO c.h.h.t.HelmChartContainer - [hivemq-test-hivemq-platform] [hivemq-platform-operator] [5bcb1279] 18:28:18.878 [vert.x-eventloop-thread-1] DEBUG c.h.platform.operator.util.CRDUtil - Checking CRD condition 'Established' (status: 'True')
2025-01-30 18:28:18,881 INFO c.h.h.t.HelmChartContainer - [hivemq-test-hivemq-platform] [hivemq-platform-operator] [5bcb1279] 18:28:18.879 [main] INFO  c.h.platform.operator.util.CRDUtil - HiveMQ Platform CRD 'hivemq-platforms.hivemq.com' is ready
2025-01-30 18:28:18,988 INFO c.h.h.t.HelmChartContainer - [hivemq-test-hivemq-platform] [hivemq-platform-operator] [5bcb1279] 18:28:18.987 [main] INFO  c.h.p.o.HiveMQPlatformReconciler - HiveMQ Platform Operator is starting...
2025-01-30 18:28:19,083 INFO c.h.h.t.HelmChartContainer - [hivemq-test-hivemq-platform] [hivemq-platform-operator] [5bcb1279] 18:28:19.081 [main] WARN  Default ConfigurationService implementation - Configuration for reconciler 'hivemq-controller' was not found. Known reconcilers: None.
2025-01-30 18:28:19,090 INFO c.h.h.t.HelmChartContainer - [hivemq-test-hivemq-platform] [hivemq-platform-operator] [5bcb1279] 18:28:19.089 [main] INFO  Default ConfigurationService implementation - Created configuration for reconciler com.hivemq.platform.operator.HiveMQPlatformReconciler with name hivemq-controller
2025-01-30 18:28:19,195 INFO c.h.h.t.HelmChartContainer - [hivemq-test-hivemq-platform] [hivemq-platform-operator] [5bcb1279] 18:28:19.193 [main] DEBUG c.h.p.o.HiveMQPlatformReconciler - HiveMQ Platform Operator is preparing EventSources
2025-01-30 18:28:19,285 INFO c.h.h.t.HelmChartContainer - [hivemq-test-hivemq-platform] [hivemq-platform-operator] [5bcb1279] 18:28:19.283 [main] INFO  i.javaoperatorsdk.operator.Operator - Registered reconciler: 'hivemq-controller' for resource: 'class com.hivemq.platform.operator.v1.HiveMQPlatform' for namespace(s): [all namespaces]
2025-01-30 18:28:19,793 INFO c.h.h.t.HelmChartContainer - [hivemq-test-hivemq-platform] [hivemq-platform-operator] [5bcb1279] 18:28:19.792 [main] INFO  c.h.p.operator.webserver.JettyServer - Starting Jetty server on port 8080
2025-01-30 18:28:19,889 INFO c.h.h.t.HelmChartContainer - [hivemq-test-hivemq-platform] [hivemq-platform-operator] [5bcb1279] 18:28:19.888 [main] INFO  i.javaoperatorsdk.operator.Operator - Operator SDK 4.9.7 (commit: 2133d28) built on Wed Nov 20 12:56:20 UTC 2024 starting...
2025-01-30 18:28:19,889 INFO c.h.h.t.HelmChartContainer - [hivemq-test-hivemq-platform] [hivemq-platform-operator] [5bcb1279] 18:28:19.888 [main] INFO  i.javaoperatorsdk.operator.Operator - Client version: 6.13.5
2025-01-30 18:28:19,891 INFO c.h.h.t.HelmChartContainer - [hivemq-test-hivemq-platform] [hivemq-platform-operator] [5bcb1279] 18:28:19.890 [Controller Starter for: hivemq-controller] INFO  i.j.operator.processing.Controller - Starting 'hivemq-controller' controller for reconciler: com.hivemq.platform.operator.HiveMQPlatformReconciler, resource: com.hivemq.platform.operator.v1.HiveMQPlatform
2025-01-30 18:28:20,010 INFO c.h.h.t.HelmChartContainer - [K3S] [range_allocator.go:247] "Successfully synced" key="ec2fc2be3df0"
2025-01-30 18:28:22,590 INFO c.h.h.t.HelmChartContainer - [hivemq-test-hivemq-platform] [hivemq-platform-operator] [5bcb1279] 18:28:22.588 [Controller Starter for: hivemq-controller] INFO  i.j.operator.processing.Controller - 'hivemq-controller' controller started
2025-01-30 18:28:22,590 INFO c.h.h.t.HelmChartContainer - [hivemq-test-hivemq-platform] [hivemq-platform-operator] [5bcb1279] 18:28:22.588 [main] INFO  c.h.p.o.HiveMQPlatformOperatorApplication - HiveMQ Platform Operator 1.7.0-SNAPSHOT started in 6709 ms
2025-01-30 18:28:23,419 INFO c.h.h.t.HelmChartContainer - [POD] hivemq-test-hivemq-platform-operator-6966f96d65-vbgm9 [5bcb1279-46ab-453f-8391-abadf203633b] in helmadditionalcontainersit-operator was MODIFIED
2025-01-30 18:28:23,425 INFO c.h.h.t.HelmChartContainer - [K3S] [replica_set.go:679] "Finished syncing" kind="ReplicaSet" key="helmadditionalcontainersit-operator/hivemq-test-hivemq-platform-operator-6966f96d65" duration="10.09465ms"
2025-01-30 18:28:23,425 INFO c.h.h.t.HelmChartContainer - [K3S] [replica_set.go:679] "Finished syncing" kind="ReplicaSet" key="helmadditionalcontainersit-operator/hivemq-test-hivemq-platform-operator-6966f96d65" duration="37.269µs"
2025-01-30 18:28:23,683 DEBUG c.h.h.t.HelmChartContainer - Executing helm command: /bin/helm --kubeconfig /etc/rancher/k3s/k3s.yaml install test-hivemq-platform /charts/hivemq-platform --wait --timeout 5m0s --set image.repository=docker.io/hivemq --set image.tag=4.36.0 --set image.pullPolicy=Never --set nodes.resources.cpu=512m -f /files/additional-containers-values.yaml --namespace helmadditionalcontainersit
2025-01-30 18:28:24,089 INFO c.h.h.t.HelmChartContainer - [hivemq-test-hivemq-platform] [hivemq-platform-operator] [5bcb1279] 18:28:24.087 [-2082509879-pool-1-thread-3] WARN  i.m.p.PrometheusMeterRegistry - The meter (MeterId{name='operator.sdk.events.received', tags=[tag(action=ADDED),tag(event=ResourceEvent),tag(group=hivemq.com),tag(kind=HiveMQPlatform),tag(name=test-hivemq-platform),tag(namespace=helmadditionalcontainersit),tag(scope=namespace),tag(version=v1)]}) registration has failed: Prometheus requires that all meters with the same name have the same set of tag keys. There is already an existing meter named 'operator.sdk.events.received' containing tag keys [event, group, kind, name, namespace, scope, version]. The meter you are attempting to register has keys [action, event, group, kind, name, namespace, scope, version]. Note that subsequent logs will be logged at debug level.
2025-01-30 18:28:24,783 INFO c.h.h.t.HelmChartContainer - [hivemq-test-hivemq-platform] [hivemq-platform-operator] [5bcb1279] 18:28:24.780 [pool-6-thread-3] DEBUG c.h.p.o.dependants.PodInfoConfigMap - [helmaddi] Desired PodInfo ConfigMap (1 extensions) (1 enabled)
2025-01-30 18:28:24,783 INFO c.h.h.t.HelmChartContainer - [hivemq-test-hivemq-platform] [hivemq-platform-operator] [5bcb1279] 18:28:24.781 [pool-6-thread-3] DEBUG c.h.p.o.dependants.PodInfoConfigMap - [helmaddi] Desired PodInfo ConfigMap (metrics port: 9399) (metrics path: /)
2025-01-30 18:28:24,783 INFO c.h.h.t.HelmChartContainer - [hivemq-test-hivemq-platform] [hivemq-platform-operator] [5bcb1279] 18:28:24.781 [pool-6-thread-3] DEBUG c.h.p.o.dependants.PodInfoConfigMap - [helmaddi] Desired PodInfo ConfigMap (extension state hash: -1817474005)
2025-01-30 18:28:24,787 INFO c.h.h.t.HelmChartContainer - [hivemq-test-hivemq-platform] [hivemq-platform-operator] [5bcb1279] 18:28:24.783 [pool-6-thread-3] DEBUG c.h.p.o.dependants.PodInfoConfigMap - [helmaddi] Create PodInfo ConfigMap
2025-01-30 18:28:24,886 INFO c.h.h.t.HelmChartContainer - [hivemq-test-hivemq-platform] [hivemq-platform-operator] [5bcb1279] 18:28:24.884 [pool-6-thread-5] DEBUG c.h.p.o.dependants.PodRoleResource - [helmaddi] Create Role: Role(apiVersion=rbac.authorization.k8s.io/v1, kind=Role, metadata=ObjectMeta(annotations={meta.helm.sh/release-name=test-hivemq-platform, meta.helm.sh/release-namespace=helmadditionalcontainersit}, creationTimestamp=null, deletionGracePeriodSeconds=null, deletionTimestamp=null, finalizers=[], generateName=null, generation=null, labels={helm.sh/chart=hivemq-platform-0.2.32, app.kubernetes.io/managed-by=Helm, app.kubernetes.io/name=hivemq-platform, hivemq-platform=test-hivemq-platform, app.kubernetes.io/instance=test-hivemq-platform, app.kubernetes.io/version=4.36.0}, managedFields=[], name=hivemq-platform-role-test-hivemq-platform, namespace=helmadditionalcontainersit, ownerReferences=[OwnerReference(apiVersion=hivemq.com/v1, blockOwnerDeletion=null, controller=null, kind=HiveMQPlatform, name=test-hivemq-platform, uid=422ef178-dec8-49d7-aced-d6887cb7aa5c, additionalProperties={})], resourceVersion=null, selfLink=null, uid=null, additionalProperties={}), rules=[PolicyRule(apiGroups=[], nonResourceURLs=[], resourceNames=[], resources=[pods], verbs=[get, patch, update], additionalProperties={})], additionalProperties={})
2025-01-30 18:28:25,079 INFO c.h.h.t.HelmChartContainer - [hivemq-test-hivemq-platform] [hivemq-platform-operator] [5bcb1279] 18:28:25.075 [pool-6-thread-7] DEBUG c.h.p.o.d.PodServiceAccountResource - [helmaddi] Desired PodServiceAccountResource (serviceAccountName: hivemq-platform-pod-test-hivemq-platform)
2025-01-30 18:28:25,079 INFO c.h.h.t.HelmChartContainer - [hivemq-test-hivemq-platform] [hivemq-platform-operator] [5bcb1279] 18:28:25.076 [pool-6-thread-7] DEBUG c.h.p.o.d.PodServiceAccountResource - [helmaddi] Create ServiceAccount 'hivemq-platform-pod-test-hivemq-platform'
2025-01-30 18:28:25,187 INFO c.h.h.t.HelmChartContainer - [hivemq-test-hivemq-platform] [hivemq-platform-operator] [5bcb1279] 18:28:25.185 [pool-6-thread-10] DEBUG c.h.p.o.d.PodRoleBindingResource - [helmaddi] Create RoleBinding: RoleBinding(apiVersion=rbac.authorization.k8s.io/v1, kind=RoleBinding, metadata=ObjectMeta(annotations={meta.helm.sh/release-name=test-hivemq-platform, meta.helm.sh/release-namespace=helmadditionalcontainersit}, creationTimestamp=null, deletionGracePeriodSeconds=null, deletionTimestamp=null, finalizers=[], generateName=null, generation=null, labels={helm.sh/chart=hivemq-platform-0.2.32, app.kubernetes.io/managed-by=Helm, app.kubernetes.io/name=hivemq-platform, hivemq-platform=test-hivemq-platform, app.kubernetes.io/instance=test-hivemq-platform, app.kubernetes.io/version=4.36.0}, managedFields=[], name=hivemq-platform-role-binding-test-hivemq-platform, namespace=helmadditionalcontainersit, ownerReferences=[OwnerReference(apiVersion=hivemq.com/v1, blockOwnerDeletion=null, controller=null, kind=HiveMQPlatform, name=test-hivemq-platform, uid=422ef178-dec8-49d7-aced-d6887cb7aa5c, additionalProperties={})], resourceVersion=null, selfLink=null, uid=null, additionalProperties={}), roleRef=RoleRef(apiGroup=rbac.authorization.k8s.io, kind=Role, name=hivemq-platform-role-test-hivemq-platform, additionalProperties={}), subjects=[Subject(apiGroup=null, kind=ServiceAccount, name=hivemq-platform-pod-test-hivemq-platform, namespace=helmadditionalcontainersit, additionalProperties={})], additionalProperties={})
2025-01-30 18:28:25,279 INFO c.h.h.t.HelmChartContainer - [hivemq-test-hivemq-platform] [hivemq-platform-operator] [5bcb1279] 18:28:25.277 [ReconcilerExecutor-hivemq-controller-55] INFO  c.h.p.o.HiveMQPlatformReconciler - [helmaddi] Reconciling HiveMQ Platform 'test-hivemq-platform' in namespace 'helmadditionalcontainersit'
2025-01-30 18:28:25,281 INFO c.h.h.t.HelmChartContainer - [hivemq-test-hivemq-platform] [hivemq-platform-operator] [5bcb1279] 18:28:25.277 [ReconcilerExecutor-hivemq-controller-55] DEBUG c.h.p.o.HiveMQPlatformReconciler - [helmaddi] Custom Resource Status CREATED - HiveMQ Platform was created (READY)
2025-01-30 18:28:25,281 INFO c.h.h.t.HelmChartContainer - [hivemq-test-hivemq-platform] [hivemq-platform-operator] [5bcb1279] 18:28:25.277 [ReconcilerExecutor-hivemq-controller-55] DEBUG c.h.p.o.HiveMQPlatformReconciler - [helmaddi] Custom Resource Spec (replicas: 1) (extensions: 1)
2025-01-30 18:28:25,284 INFO c.h.h.t.HelmChartContainer - [hivemq-test-hivemq-platform] [hivemq-platform-operator] [5bcb1279] 18:28:25.282 [ReconcilerExecutor-hivemq-controller-55] INFO  c.h.p.o.h.HiveMQPlatformReconcilerBaseHandler - [helmaddi] HiveMQ Platform is starting
2025-01-30 18:28:25,395 INFO c.h.h.t.HelmChartContainer - [hivemq-test-hivemq-platform] [hivemq-platform-operator] [5bcb1279] 18:28:25.392 [ReconcilerExecutor-hivemq-controller-55] DEBUG c.h.p.operator.event.EventSender - [helmaddi] Creating K8s event hivemq-platform-starting: [Start] HiveMQ Platform is starting
2025-01-30 18:28:25,481 INFO c.h.h.t.HelmChartContainer - [EVENT] Normal [Start] HiveMQ Platform is starting [helmadditionalcontainersit:test-hivemq-platform]
2025-01-30 18:28:25,487 INFO c.h.h.t.HelmChartContainer - [hivemq-test-hivemq-platform] [hivemq-platform-operator] [5bcb1279] 18:28:25.485 [ReconcilerExecutor-hivemq-controller-55] INFO  c.h.p.o.h.AbstractHiveMQReconcilerStateHandler - [helmaddi] Update HiveMQ Platform Status (CREATED [READY] -> STARTING [READY]): HiveMQ Platform is starting
2025-01-30 18:28:25,586 DEBUG com.hivemq.helmcharts.util.K8sUtil - Comparing actual state 'STARTING' and waiting for 'RUNNING'
2025-01-30 18:28:35,597 INFO c.h.h.t.HelmChartContainer - [hivemq-test-hivemq-platform] [hivemq-platform-operator] [5bcb1279] 18:28:35.593 [pool-6-thread-12] DEBUG c.h.p.o.d.PlatformServiceResource - [helmaddi] Desired Platform services (3 services)
2025-01-30 18:28:35,598 INFO c.h.h.t.HelmChartContainer - [hivemq-test-hivemq-platform] [hivemq-platform-operator] [5bcb1279] 18:28:35.594 [pool-6-thread-13] DEBUG c.h.p.o.dependants.PodInfoConfigMap - [helmaddi] Desired PodInfo ConfigMap (1 extensions) (1 enabled)
2025-01-30 18:28:35,599 INFO c.h.h.t.HelmChartContainer - [hivemq-test-hivemq-platform] [hivemq-platform-operator] [5bcb1279] 18:28:35.594 [pool-6-thread-13] DEBUG c.h.p.o.dependants.PodInfoConfigMap - [helmaddi] Desired PodInfo ConfigMap (metrics port: 9399) (metrics path: /)
2025-01-30 18:28:35,599 INFO c.h.h.t.HelmChartContainer - [hivemq-test-hivemq-platform] [hivemq-platform-operator] [5bcb1279] 18:28:35.594 [pool-6-thread-13] DEBUG c.h.p.o.dependants.PodInfoConfigMap - [helmaddi] Desired PodInfo ConfigMap (extension state hash: -1817474005)
2025-01-30 18:28:35,599 INFO c.h.h.t.HelmChartContainer - [hivemq-test-hivemq-platform] [hivemq-platform-operator] [5bcb1279] 18:28:35.597 [pool-6-thread-17] DEBUG c.h.p.o.d.PodServiceAccountResource - [helmaddi] Desired PodServiceAccountResource (serviceAccountName: hivemq-platform-pod-test-hivemq-platform)
2025-01-30 18:28:35,604 INFO c.h.h.t.HelmChartContainer - [hivemq-test-hivemq-platform] [hivemq-platform-operator] [5bcb1279] 18:28:35.602 [pool-6-thread-13] DEBUG c.h.p.o.dependants.PodInfoConfigMap - [helmaddi] Update PodInfo ConfigMap
2025-01-30 18:28:35,689 INFO c.h.h.t.HelmChartContainer - [K3S] [alloc.go:330] "allocated clusterIPs" service="helmadditionalcontainersit/hivemq-test-hivemq-platform-metrics-9399" clusterIPs={"IPv4":"10.43.213.90"}
2025-01-30 18:28:35,781 INFO c.h.h.t.HelmChartContainer - [K3S] [alloc.go:330] "allocated clusterIPs" service="helmadditionalcontainersit/hivemq-test-hivemq-platform-mqtt-1883" clusterIPs={"IPv4":"10.43.140.150"}
2025-01-30 18:28:35,793 INFO c.h.h.t.HelmChartContainer - [K3S] [alloc.go:330] "allocated clusterIPs" service="helmadditionalcontainersit/hivemq-test-hivemq-platform-cc-8080" clusterIPs={"IPv4":"10.43.234.100"}
2025-01-30 18:28:35,879 INFO c.h.h.t.HelmChartContainer - [hivemq-test-hivemq-platform] [hivemq-platform-operator] [5bcb1279] 18:28:35.875 [pool-6-thread-20] DEBUG c.h.p.o.d.StatefulSetResource - [helmaddi] Desired StatefulSet (1 replicas) for status STARTING (READY)
2025-01-30 18:28:35,890 INFO c.h.h.t.HelmChartContainer - [hivemq-test-hivemq-platform] [hivemq-platform-operator] [5bcb1279] 18:28:35.889 [pool-6-thread-20] DEBUG c.h.p.o.d.StatefulSetResource - [helmaddi] Create StatefulSet
2025-01-30 18:28:36,000 INFO c.h.h.t.HelmChartContainer - [hivemq-test-hivemq-platform] [hivemq-platform-operator] [5bcb1279] 18:28:35.998 [ReconcilerExecutor-hivemq-controller-66] INFO  c.h.p.o.HiveMQPlatformReconciler - [helmaddi] Reconciling HiveMQ Platform 'test-hivemq-platform' in namespace 'helmadditionalcontainersit'
2025-01-30 18:28:36,000 INFO c.h.h.t.HelmChartContainer - [hivemq-test-hivemq-platform] [hivemq-platform-operator] [5bcb1279] 18:28:35.998 [ReconcilerExecutor-hivemq-controller-66] DEBUG c.h.p.o.HiveMQPlatformReconciler - [helmaddi] Custom Resource Status STARTING - HiveMQ Platform is starting (READY)
2025-01-30 18:28:36,000 INFO c.h.h.t.HelmChartContainer - [hivemq-test-hivemq-platform] [hivemq-platform-operator] [5bcb1279] 18:28:35.998 [ReconcilerExecutor-hivemq-controller-66] DEBUG c.h.p.o.HiveMQPlatformReconciler - [helmaddi] Custom Resource Spec (replicas: 1) (extensions: 1)
2025-01-30 18:28:36,014 INFO c.h.h.t.HelmChartContainer - [POD] test-hivemq-platform-0 [cd7d90d4-f6b0-4577-90c8-62018ebf19e5] in helmadditionalcontainersit was ADDED
2025-01-30 18:28:36,018 INFO c.h.h.t.HelmChartContainer - [EVENT] Normal [SuccessfulCreate] create Pod test-hivemq-platform-0 in StatefulSet test-hivemq-platform successful [helmadditionalcontainersit:test-hivemq-platform]
2025-01-30 18:28:36,019 INFO c.h.h.t.HelmChartContainer - [POD] test-hivemq-platform-0 [cd7d90d4-f6b0-4577-90c8-62018ebf19e5] in helmadditionalcontainersit was MODIFIED
2025-01-30 18:28:36,029 INFO c.h.h.t.HelmChartContainer - [EVENT] Normal [Scheduled] Successfully assigned helmadditionalcontainersit/test-hivemq-platform-0 to ec2fc2be3df0 [helmadditionalcontainersit:test-hivemq-platform-0]
2025-01-30 18:28:36,037 INFO c.h.h.t.HelmChartContainer - [POD] test-hivemq-platform-0 [cd7d90d4-f6b0-4577-90c8-62018ebf19e5] in helmadditionalcontainersit was MODIFIED
2025-01-30 18:28:36,080 INFO c.h.h.t.HelmChartContainer - [hivemq-test-hivemq-platform] [hivemq-platform-operator] [5bcb1279] 18:28:36.077 [ReconcilerExecutor-hivemq-controller-66] DEBUG c.h.p.o.HiveMQPlatformReconciler - [helmaddi] StatefulSet Status (revision: null, replicas: 0, available: 0, ready: 0, current: 0, updated: 0)
2025-01-30 18:28:36,082 INFO c.h.h.t.HelmChartContainer - [hivemq-test-hivemq-platform] [hivemq-platform-operator] [5bcb1279] 18:28:36.077 [ReconcilerExecutor-hivemq-controller-66] DEBUG c.h.p.o.HiveMQPlatformReconciler - [helmaddi] StatefulSet Spec (replicas: 1, init containers: 1, containers: 2, volumes: 5)
2025-01-30 18:28:36,084 INFO c.h.h.t.HelmChartContainer - [hivemq-test-hivemq-platform] [hivemq-platform-operator] [5bcb1279] 18:28:36.083 [ReconcilerExecutor-hivemq-controller-66] INFO  c.h.p.o.h.HiveMQPlatformReconcilerBaseHandler - [helmaddi] HiveMQ Platform is starting, 0 of 1 replicas are ready
2025-01-30 18:28:36,114 INFO c.h.h.t.HelmChartContainer - [K3S] [reconciler_common.go:251] "operationExecutor.VerifyControllerAttachedVolume started for volume \"consul-template-volume\" (UniqueName: \"kubernetes.io/configmap/cd7d90d4-f6b0-4577-90c8-62018ebf19e5-consul-template-volume\") pod \"test-hivemq-platform-0\" (UID: \"cd7d90d4-f6b0-4577-90c8-62018ebf19e5\") " pod="helmadditionalcontainersit/test-hivemq-platform-0"
2025-01-30 18:28:36,114 INFO c.h.h.t.HelmChartContainer - [K3S] [reconciler_common.go:251] "operationExecutor.VerifyControllerAttachedVolume started for volume \"kube-api-access-zswxk\" (UniqueName: \"kubernetes.io/projected/cd7d90d4-f6b0-4577-90c8-62018ebf19e5-kube-api-access-zswxk\") pod \"test-hivemq-platform-0\" (UID: \"cd7d90d4-f6b0-4577-90c8-62018ebf19e5\") " pod="helmadditionalcontainersit/test-hivemq-platform-0"
2025-01-30 18:28:36,114 INFO c.h.h.t.HelmChartContainer - [K3S] [reconciler_common.go:251] "operationExecutor.VerifyControllerAttachedVolume started for volume \"license-volume\" (UniqueName: \"kubernetes.io/empty-dir/cd7d90d4-f6b0-4577-90c8-62018ebf19e5-license-volume\") pod \"test-hivemq-platform-0\" (UID: \"cd7d90d4-f6b0-4577-90c8-62018ebf19e5\") " pod="helmadditionalcontainersit/test-hivemq-platform-0"
2025-01-30 18:28:36,114 INFO c.h.h.t.HelmChartContainer - [K3S] [reconciler_common.go:251] "operationExecutor.VerifyControllerAttachedVolume started for volume \"pod-info\" (UniqueName: \"kubernetes.io/configmap/cd7d90d4-f6b0-4577-90c8-62018ebf19e5-pod-info\") pod \"test-hivemq-platform-0\" (UID: \"cd7d90d4-f6b0-4577-90c8-62018ebf19e5\") " pod="helmadditionalcontainersit/test-hivemq-platform-0"
2025-01-30 18:28:36,114 INFO c.h.h.t.HelmChartContainer - [K3S] [reconciler_common.go:251] "operationExecutor.VerifyControllerAttachedVolume started for volume \"operator-init\" (UniqueName: \"kubernetes.io/empty-dir/cd7d90d4-f6b0-4577-90c8-62018ebf19e5-operator-init\") pod \"test-hivemq-platform-0\" (UID: \"cd7d90d4-f6b0-4577-90c8-62018ebf19e5\") " pod="helmadditionalcontainersit/test-hivemq-platform-0"
2025-01-30 18:28:36,115 INFO c.h.h.t.HelmChartContainer - [K3S] [reconciler_common.go:251] "operationExecutor.VerifyControllerAttachedVolume started for volume \"broker-configuration\" (UniqueName: \"kubernetes.io/configmap/cd7d90d4-f6b0-4577-90c8-62018ebf19e5-broker-configuration\") pod \"test-hivemq-platform-0\" (UID: \"cd7d90d4-f6b0-4577-90c8-62018ebf19e5\") " pod="helmadditionalcontainersit/test-hivemq-platform-0"
2025-01-30 18:28:36,178 INFO c.h.h.t.HelmChartContainer - [hivemq-test-hivemq-platform] [hivemq-platform-operator] [5bcb1279] 18:28:36.175 [pool-6-thread-22] DEBUG c.h.p.o.d.PlatformServiceResource - [helmaddi] Desired Platform services (3 services)
2025-01-30 18:28:36,181 INFO c.h.h.t.HelmChartContainer - [hivemq-test-hivemq-platform] [hivemq-platform-operator] [5bcb1279] 18:28:36.180 [pool-6-thread-23] DEBUG c.h.p.o.dependants.PodInfoConfigMap - [helmaddi] Desired PodInfo ConfigMap (1 extensions) (1 enabled)
2025-01-30 18:28:36,181 INFO c.h.h.t.HelmChartContainer - [hivemq-test-hivemq-platform] [hivemq-platform-operator] [5bcb1279] 18:28:36.180 [pool-6-thread-23] DEBUG c.h.p.o.dependants.PodInfoConfigMap - [helmaddi] Desired PodInfo ConfigMap (metrics port: 9399) (metrics path: /)
2025-01-30 18:28:36,181 INFO c.h.h.t.HelmChartContainer - [hivemq-test-hivemq-platform] [hivemq-platform-operator] [5bcb1279] 18:28:36.180 [pool-6-thread-23] DEBUG c.h.p.o.dependants.PodInfoConfigMap - [helmaddi] Desired PodInfo ConfigMap (extension state hash: -1817474005)
2025-01-30 18:28:36,186 INFO c.h.h.t.HelmChartContainer - [hivemq-test-hivemq-platform] [hivemq-platform-operator] [5bcb1279] 18:28:36.184 [pool-6-thread-27] DEBUG c.h.p.o.d.PodServiceAccountResource - [helmaddi] Desired PodServiceAccountResource (serviceAccountName: hivemq-platform-pod-test-hivemq-platform)
2025-01-30 18:28:36,280 INFO c.h.h.t.HelmChartContainer - [hivemq-test-hivemq-platform] [hivemq-platform-operator] [5bcb1279] 18:28:36.278 [pool-6-thread-29] DEBUG c.h.p.o.d.StatefulSetResource - [helmaddi] Desired StatefulSet (1 replicas) for status STARTING (READY)
2025-01-30 18:28:36,289 INFO c.h.h.t.HelmChartContainer - [hivemq-test-hivemq-platform] [hivemq-platform-operator] [5bcb1279] 18:28:36.286 [ReconcilerExecutor-hivemq-controller-77] INFO  c.h.p.o.HiveMQPlatformReconciler - [helmaddi] Reconciling HiveMQ Platform 'test-hivemq-platform' in namespace 'helmadditionalcontainersit'
2025-01-30 18:28:36,289 INFO c.h.h.t.HelmChartContainer - [hivemq-test-hivemq-platform] [hivemq-platform-operator] [5bcb1279] 18:28:36.286 [ReconcilerExecutor-hivemq-controller-77] DEBUG c.h.p.o.HiveMQPlatformReconciler - [helmaddi] Custom Resource Status STARTING - HiveMQ Platform is starting (READY)
2025-01-30 18:28:36,290 INFO c.h.h.t.HelmChartContainer - [hivemq-test-hivemq-platform] [hivemq-platform-operator] [5bcb1279] 18:28:36.286 [ReconcilerExecutor-hivemq-controller-77] DEBUG c.h.p.o.HiveMQPlatformReconciler - [helmaddi] Custom Resource Spec (replicas: 1) (extensions: 1)
2025-01-30 18:28:36,376 INFO c.h.h.t.HelmChartContainer - [hivemq-test-hivemq-platform] [hivemq-platform-operator] [5bcb1279] 18:28:36.375 [ReconcilerExecutor-hivemq-controller-77] DEBUG c.h.p.o.HiveMQPlatformReconciler - [helmaddi] StatefulSet Status (revision: test-hivemq-platform-666657c555, replicas: 1, available: 0, ready: 0, current: 1, updated: 1)
2025-01-30 18:28:36,378 INFO c.h.h.t.HelmChartContainer - [hivemq-test-hivemq-platform] [hivemq-platform-operator] [5bcb1279] 18:28:36.375 [ReconcilerExecutor-hivemq-controller-77] DEBUG c.h.p.o.HiveMQPlatformReconciler - [helmaddi] StatefulSet Spec (replicas: 1, init containers: 1, containers: 2, volumes: 5)
2025-01-30 18:28:36,397 INFO c.h.h.t.HelmChartContainer - [hivemq-test-hivemq-platform] [hivemq-platform-operator] [5bcb1279] 18:28:36.395 [ReconcilerExecutor-hivemq-controller-77] DEBUG c.h.p.o.h.HiveMQPlatformReconcilerErrorHandler - [helmaddi] Pod 'test-hivemq-platform-0' phase Pending
2025-01-30 18:28:36,398 INFO c.h.h.t.HelmChartContainer - [hivemq-test-hivemq-platform] [hivemq-platform-operator] [5bcb1279] 18:28:36.397 [ReconcilerExecutor-hivemq-controller-77] DEBUG c.h.p.o.h.HiveMQPlatformReconcilerErrorHandler - [helmaddi] Pod 'test-hivemq-platform-0' condition 'PodReadyToStartContainers': False
2025-01-30 18:28:36,413 INFO c.h.h.t.HelmChartContainer - [EVENT] Normal [Pulled] Container image "docker.io/hivemq/hivemq-platform-operator-init-test:snapshot" already present on machine [helmadditionalcontainersit:test-hivemq-platform-0]
2025-01-30 18:28:36,420 INFO c.h.h.t.HelmChartContainer - [EVENT] Normal [Created] Created container: hivemq-platform-operator-init [helmadditionalcontainersit:test-hivemq-platform-0]
2025-01-30 18:28:36,458 INFO c.h.h.t.HelmChartContainer - [EVENT] Normal [Started] Started container hivemq-platform-operator-init [helmadditionalcontainersit:test-hivemq-platform-0]
2025-01-30 18:28:36,477 INFO c.h.h.t.HelmChartContainer - [hivemq-test-hivemq-platform] [hivemq-platform-operator] [5bcb1279] 18:28:36.398 [ReconcilerExecutor-hivemq-controller-77] DEBUG c.h.p.o.h.HiveMQPlatformReconcilerErrorHandler - [helmaddi] Pod 'test-hivemq-platform-0' condition 'Initialized': False
2025-01-30 18:28:36,478 INFO c.h.h.t.HelmChartContainer - [hivemq-test-hivemq-platform] [hivemq-platform-operator] [5bcb1279] 18:28:36.474 [ReconcilerExecutor-hivemq-controller-77] DEBUG c.h.p.o.h.HiveMQPlatformReconcilerErrorHandler - [helmaddi] Pod 'test-hivemq-platform-0' condition 'Ready': False
2025-01-30 18:28:36,478 INFO c.h.h.t.HelmChartContainer - [hivemq-test-hivemq-platform] [hivemq-platform-operator] [5bcb1279] 18:28:36.475 [ReconcilerExecutor-hivemq-controller-77] DEBUG c.h.p.o.h.HiveMQPlatformReconcilerErrorHandler - [helmaddi] Pod 'test-hivemq-platform-0' condition 'ContainersReady': False
2025-01-30 18:28:36,478 INFO c.h.h.t.HelmChartContainer - [hivemq-test-hivemq-platform] [hivemq-platform-operator] [5bcb1279] 18:28:36.475 [ReconcilerExecutor-hivemq-controller-77] DEBUG c.h.p.o.h.HiveMQPlatformReconcilerErrorHandler - [helmaddi] Pod 'test-hivemq-platform-0' condition 'PodScheduled': True
2025-01-30 18:28:36,478 INFO c.h.h.t.HelmChartContainer - [hivemq-test-hivemq-platform] [hivemq-platform-operator] [5bcb1279] 18:28:36.476 [ReconcilerExecutor-hivemq-controller-77] DEBUG c.h.p.o.h.HiveMQPlatformReconcilerErrorHandler - [helmaddi] Pod 'test-hivemq-platform-0' containerStatus 'consul-template-container' (started: false) (ready: false) (waiting: [PodInitializing] null)
2025-01-30 18:28:36,481 INFO c.h.h.t.HelmChartContainer - [hivemq-test-hivemq-platform] [hivemq-platform-operator] [5bcb1279] 18:28:36.478 [ReconcilerExecutor-hivemq-controller-77] DEBUG c.h.p.o.h.HiveMQPlatformReconcilerErrorHandler - [helmaddi] Pod 'test-hivemq-platform-0' containerStatus 'hivemq' (started: false) (ready: false) (waiting: [PodInitializing] null)
2025-01-30 18:28:36,483 INFO c.h.h.t.HelmChartContainer - [hivemq-test-hivemq-platform] [hivemq-platform-operator] [5bcb1279] 18:28:36.480 [ReconcilerExecutor-hivemq-controller-77] INFO  c.h.p.o.h.HiveMQPlatformReconcilerBaseHandler - [helmaddi] HiveMQ Platform is starting, 0 of 1 replicas are ready
2025-01-30 18:28:36,491 INFO c.h.h.t.HelmChartContainer - [hivemq-test-hivemq-platform] [hivemq-platform-operator] [5bcb1279] 18:28:36.487 [pool-6-thread-32] DEBUG c.h.p.o.d.PlatformServiceResource - [helmaddi] Desired Platform services (3 services)
2025-01-30 18:28:36,493 INFO c.h.h.t.HelmChartContainer - [hivemq-test-hivemq-platform] [hivemq-platform-operator] [5bcb1279] 18:28:36.490 [pool-6-thread-33] DEBUG c.h.p.o.dependants.PodInfoConfigMap - [helmaddi] Desired PodInfo ConfigMap (1 extensions) (1 enabled)
2025-01-30 18:28:36,494 INFO c.h.h.t.HelmChartContainer - [hivemq-test-hivemq-platform] [hivemq-platform-operator] [5bcb1279] 18:28:36.491 [pool-6-thread-33] DEBUG c.h.p.o.dependants.PodInfoConfigMap - [helmaddi] Desired PodInfo ConfigMap (metrics port: 9399) (metrics path: /)
2025-01-30 18:28:36,494 INFO c.h.h.t.HelmChartContainer - [hivemq-test-hivemq-platform] [hivemq-platform-operator] [5bcb1279] 18:28:36.491 [pool-6-thread-33] DEBUG c.h.p.o.dependants.PodInfoConfigMap - [helmaddi] Desired PodInfo ConfigMap (extension state hash: -1817474005)
2025-01-30 18:28:36,497 INFO c.h.h.t.HelmChartContainer - [hivemq-test-hivemq-platform] [hivemq-platform-operator] [5bcb1279] 18:28:36.494 [pool-6-thread-37] DEBUG c.h.p.o.d.PodServiceAccountResource - [helmaddi] Desired PodServiceAccountResource (serviceAccountName: hivemq-platform-pod-test-hivemq-platform)
2025-01-30 18:28:36,583 INFO c.h.h.t.HelmChartContainer - [hivemq-test-hivemq-platform] [hivemq-platform-operator] [5bcb1279] 18:28:36.580 [pool-6-thread-40] DEBUG c.h.p.o.d.StatefulSetResource - [helmaddi] Desired StatefulSet (1 replicas) for status STARTING (READY)
2025-01-30 18:28:36,590 INFO c.h.h.t.HelmChartContainer - [hivemq-test-hivemq-platform] [hivemq-platform-operator] [5bcb1279] 18:28:36.586 [ReconcilerExecutor-hivemq-controller-88] INFO  c.h.p.o.HiveMQPlatformReconciler - [helmaddi] Reconciling HiveMQ Platform 'test-hivemq-platform' in namespace 'helmadditionalcontainersit'
2025-01-30 18:28:36,590 INFO c.h.h.t.HelmChartContainer - [hivemq-test-hivemq-platform] [hivemq-platform-operator] [5bcb1279] 18:28:36.587 [ReconcilerExecutor-hivemq-controller-88] DEBUG c.h.p.o.HiveMQPlatformReconciler - [helmaddi] Custom Resource Status STARTING - HiveMQ Platform is starting (READY)
2025-01-30 18:28:36,590 INFO c.h.h.t.HelmChartContainer - [hivemq-test-hivemq-platform] [hivemq-platform-operator] [5bcb1279] 18:28:36.587 [ReconcilerExecutor-hivemq-controller-88] DEBUG c.h.p.o.HiveMQPlatformReconciler - [helmaddi] Custom Resource Spec (replicas: 1) (extensions: 1)
2025-01-30 18:28:36,592 INFO c.h.h.t.HelmChartContainer - [hivemq-test-hivemq-platform] [hivemq-platform-operator] [5bcb1279] 18:28:36.591 [ReconcilerExecutor-hivemq-controller-88] DEBUG c.h.p.o.HiveMQPlatformReconciler - [helmaddi] StatefulSet Status (revision: test-hivemq-platform-666657c555, replicas: 1, available: 0, ready: 0, current: 1, updated: 1)
2025-01-30 18:28:36,593 INFO c.h.h.t.HelmChartContainer - [hivemq-test-hivemq-platform] [hivemq-platform-operator] [5bcb1279] 18:28:36.591 [ReconcilerExecutor-hivemq-controller-88] DEBUG c.h.p.o.HiveMQPlatformReconciler - [helmaddi] StatefulSet Spec (replicas: 1, init containers: 1, containers: 2, volumes: 5)
2025-01-30 18:28:36,598 INFO c.h.h.t.HelmChartContainer - [hivemq-test-hivemq-platform] [hivemq-platform-operator] [5bcb1279] 18:28:36.596 [ReconcilerExecutor-hivemq-controller-88] DEBUG c.h.p.o.h.HiveMQPlatformReconcilerErrorHandler - [helmaddi] Pod 'test-hivemq-platform-0' phase Pending
2025-01-30 18:28:36,598 INFO c.h.h.t.HelmChartContainer - [hivemq-test-hivemq-platform] [hivemq-platform-operator] [5bcb1279] 18:28:36.596 [ReconcilerExecutor-hivemq-controller-88] DEBUG c.h.p.o.h.HiveMQPlatformReconcilerErrorHandler - [helmaddi] Pod 'test-hivemq-platform-0' condition 'PodReadyToStartContainers': False
2025-01-30 18:28:36,598 INFO c.h.h.t.HelmChartContainer - [hivemq-test-hivemq-platform] [hivemq-platform-operator] [5bcb1279] 18:28:36.596 [ReconcilerExecutor-hivemq-controller-88] DEBUG c.h.p.o.h.HiveMQPlatformReconcilerErrorHandler - [helmaddi] Pod 'test-hivemq-platform-0' condition 'Initialized': False
2025-01-30 18:28:36,598 INFO c.h.h.t.HelmChartContainer - [hivemq-test-hivemq-platform] [hivemq-platform-operator] [5bcb1279] 18:28:36.596 [ReconcilerExecutor-hivemq-controller-88] DEBUG c.h.p.o.h.HiveMQPlatformReconcilerErrorHandler - [helmaddi] Pod 'test-hivemq-platform-0' condition 'Ready': False
2025-01-30 18:28:36,598 INFO c.h.h.t.HelmChartContainer - [hivemq-test-hivemq-platform] [hivemq-platform-operator] [5bcb1279] 18:28:36.596 [ReconcilerExecutor-hivemq-controller-88] DEBUG c.h.p.o.h.HiveMQPlatformReconcilerErrorHandler - [helmaddi] Pod 'test-hivemq-platform-0' condition 'ContainersReady': False
2025-01-30 18:28:36,598 INFO c.h.h.t.HelmChartContainer - [hivemq-test-hivemq-platform] [hivemq-platform-operator] [5bcb1279] 18:28:36.596 [ReconcilerExecutor-hivemq-controller-88] DEBUG c.h.p.o.h.HiveMQPlatformReconcilerErrorHandler - [helmaddi] Pod 'test-hivemq-platform-0' condition 'PodScheduled': True
2025-01-30 18:28:36,598 INFO c.h.h.t.HelmChartContainer - [hivemq-test-hivemq-platform] [hivemq-platform-operator] [5bcb1279] 18:28:36.596 [ReconcilerExecutor-hivemq-controller-88] DEBUG c.h.p.o.h.HiveMQPlatformReconcilerErrorHandler - [helmaddi] Pod 'test-hivemq-platform-0' containerStatus 'consul-template-container' (started: false) (ready: false) (waiting: [PodInitializing] null)
2025-01-30 18:28:36,599 INFO c.h.h.t.HelmChartContainer - [hivemq-test-hivemq-platform] [hivemq-platform-operator] [5bcb1279] 18:28:36.598 [ReconcilerExecutor-hivemq-controller-88] DEBUG c.h.p.o.h.HiveMQPlatformReconcilerErrorHandler - [helmaddi] Pod 'test-hivemq-platform-0' containerStatus 'hivemq' (started: false) (ready: false) (waiting: [PodInitializing] null)
2025-01-30 18:28:36,601 INFO c.h.h.t.HelmChartContainer - [hivemq-test-hivemq-platform] [hivemq-platform-operator] [5bcb1279] 18:28:36.600 [ReconcilerExecutor-hivemq-controller-88] INFO  c.h.p.o.h.HiveMQPlatformReconcilerBaseHandler - [helmaddi] HiveMQ Platform is starting, 0 of 1 replicas are ready
2025-01-30 18:28:37,445 INFO c.h.h.t.HelmChartContainer - [EVENT] Normal [Pulled] Container image "docker.io/hivemq/hivemq4:4.36.0" already present on machine [helmadditionalcontainersit:test-hivemq-platform-0]
2025-01-30 18:28:37,446 INFO c.h.h.t.HelmChartContainer - Received Pulled event for container hivemq in pod test-hivemq-platform-0 [cd7d90d4-f6b0-4577-90c8-62018ebf19e5]
2025-01-30 18:28:37,471 INFO c.h.h.t.HelmChartContainer - [POD] test-hivemq-platform-0 [cd7d90d4-f6b0-4577-90c8-62018ebf19e5] in helmadditionalcontainersit was MODIFIED
2025-01-30 18:28:37,489 INFO c.h.h.t.HelmChartContainer - [hivemq-test-hivemq-platform] [hivemq-platform-operator] [5bcb1279] 18:28:37.477 [pool-6-thread-42] DEBUG c.h.p.o.d.PlatformServiceResource - [helmaddi] Desired Platform services (3 services)
2025-01-30 18:28:37,497 INFO c.h.h.t.HelmChartContainer - [EVENT] Normal [Created] Created container: hivemq [helmadditionalcontainersit:test-hivemq-platform-0]
2025-01-30 18:28:37,498 INFO c.h.h.t.HelmChartContainer - Received Created event for container hivemq in pod test-hivemq-platform-0 [cd7d90d4-f6b0-4577-90c8-62018ebf19e5]
2025-01-30 18:28:37,542 INFO c.h.h.t.HelmChartContainer - [hivemq-test-hivemq-platform] [hivemq-platform-operator] [5bcb1279] 18:28:37.537 [pool-6-thread-43] DEBUG c.h.p.o.dependants.PodInfoConfigMap - [helmaddi] Desired PodInfo ConfigMap (1 extensions) (1 enabled)
2025-01-30 18:28:37,542 INFO c.h.h.t.HelmChartContainer - [hivemq-test-hivemq-platform] [hivemq-platform-operator] [5bcb1279] 18:28:37.538 [pool-6-thread-43] DEBUG c.h.p.o.dependants.PodInfoConfigMap - [helmaddi] Desired PodInfo ConfigMap (metrics port: 9399) (metrics path: /)
2025-01-30 18:28:37,542 INFO c.h.h.t.HelmChartContainer - [hivemq-test-hivemq-platform] [hivemq-platform-operator] [5bcb1279] 18:28:37.538 [pool-6-thread-43] DEBUG c.h.p.o.dependants.PodInfoConfigMap - [helmaddi] Desired PodInfo ConfigMap (extension state hash: -1817474005)
2025-01-30 18:28:37,543 INFO c.h.h.t.HelmChartContainer - [hivemq-test-hivemq-platform] [hivemq-platform-operator] [5bcb1279] 18:28:37.541 [pool-6-thread-47] DEBUG c.h.p.o.d.PodServiceAccountResource - [helmaddi] Desired PodServiceAccountResource (serviceAccountName: hivemq-platform-pod-test-hivemq-platform)
2025-01-30 18:28:37,555 INFO c.h.h.t.HelmChartContainer - [hivemq-test-hivemq-platform] [hivemq-platform-operator] [5bcb1279] 18:28:37.552 [pool-6-thread-50] DEBUG c.h.p.o.d.StatefulSetResource - [helmaddi] Desired StatefulSet (1 replicas) for status STARTING (READY)
2025-01-30 18:28:37,639 INFO c.h.h.t.HelmChartContainer - [hivemq-test-hivemq-platform] [hivemq-platform-operator] [5bcb1279] 18:28:37.637 [ReconcilerExecutor-hivemq-controller-99] INFO  c.h.p.o.HiveMQPlatformReconciler - [helmaddi] Reconciling HiveMQ Platform 'test-hivemq-platform' in namespace 'helmadditionalcontainersit'
2025-01-30 18:28:37,639 INFO c.h.h.t.HelmChartContainer - [hivemq-test-hivemq-platform] [hivemq-platform-operator] [5bcb1279] 18:28:37.637 [ReconcilerExecutor-hivemq-controller-99] DEBUG c.h.p.o.HiveMQPlatformReconciler - [helmaddi] Custom Resource Status STARTING - HiveMQ Platform is starting (READY)
2025-01-30 18:28:37,640 INFO c.h.h.t.HelmChartContainer - [hivemq-test-hivemq-platform] [hivemq-platform-operator] [5bcb1279] 18:28:37.637 [ReconcilerExecutor-hivemq-controller-99] DEBUG c.h.p.o.HiveMQPlatformReconciler - [helmaddi] Custom Resource Spec (replicas: 1) (extensions: 1)
2025-01-30 18:28:37,642 INFO c.h.h.t.HelmChartContainer - [hivemq-test-hivemq-platform] [hivemq-platform-operator] [5bcb1279] 18:28:37.641 [ReconcilerExecutor-hivemq-controller-99] DEBUG c.h.p.o.HiveMQPlatformReconciler - [helmaddi] StatefulSet Status (revision: test-hivemq-platform-666657c555, replicas: 1, available: 0, ready: 0, current: 1, updated: 1)
2025-01-30 18:28:37,643 INFO c.h.h.t.HelmChartContainer - [hivemq-test-hivemq-platform] [hivemq-platform-operator] [5bcb1279] 18:28:37.641 [ReconcilerExecutor-hivemq-controller-99] DEBUG c.h.p.o.HiveMQPlatformReconciler - [helmaddi] StatefulSet Spec (replicas: 1, init containers: 1, containers: 2, volumes: 5)
2025-01-30 18:28:37,648 INFO c.h.h.t.HelmChartContainer - [hivemq-test-hivemq-platform] [hivemq-platform-operator] [5bcb1279] 18:28:37.645 [ReconcilerExecutor-hivemq-controller-99] DEBUG c.h.p.o.h.HiveMQPlatformReconcilerErrorHandler - [helmaddi] Pod 'test-hivemq-platform-0' phase Pending
2025-01-30 18:28:37,648 INFO c.h.h.t.HelmChartContainer - [hivemq-test-hivemq-platform] [hivemq-platform-operator] [5bcb1279] 18:28:37.645 [ReconcilerExecutor-hivemq-controller-99] DEBUG c.h.p.o.h.HiveMQPlatformReconcilerErrorHandler - [helmaddi] Pod 'test-hivemq-platform-0' condition 'PodReadyToStartContainers': True
2025-01-30 18:28:37,648 INFO c.h.h.t.HelmChartContainer - [hivemq-test-hivemq-platform] [hivemq-platform-operator] [5bcb1279] 18:28:37.646 [ReconcilerExecutor-hivemq-controller-99] DEBUG c.h.p.o.h.HiveMQPlatformReconcilerErrorHandler - [helmaddi] Pod 'test-hivemq-platform-0' condition 'Initialized': True
2025-01-30 18:28:37,648 INFO c.h.h.t.HelmChartContainer - [hivemq-test-hivemq-platform] [hivemq-platform-operator] [5bcb1279] 18:28:37.646 [ReconcilerExecutor-hivemq-controller-99] DEBUG c.h.p.o.h.HiveMQPlatformReconcilerErrorHandler - [helmaddi] Pod 'test-hivemq-platform-0' condition 'Ready': False
2025-01-30 18:28:37,648 INFO c.h.h.t.HelmChartContainer - [hivemq-test-hivemq-platform] [hivemq-platform-operator] [5bcb1279] 18:28:37.646 [ReconcilerExecutor-hivemq-controller-99] DEBUG c.h.p.o.h.HiveMQPlatformReconcilerErrorHandler - [helmaddi] Pod 'test-hivemq-platform-0' condition 'ContainersReady': False
2025-01-30 18:28:37,648 INFO c.h.h.t.HelmChartContainer - [hivemq-test-hivemq-platform] [hivemq-platform-operator] [5bcb1279] 18:28:37.646 [ReconcilerExecutor-hivemq-controller-99] DEBUG c.h.p.o.h.HiveMQPlatformReconcilerErrorHandler - [helmaddi] Pod 'test-hivemq-platform-0' condition 'PodScheduled': True
2025-01-30 18:28:37,648 INFO c.h.h.t.HelmChartContainer - [hivemq-test-hivemq-platform] [hivemq-platform-operator] [5bcb1279] 18:28:37.646 [ReconcilerExecutor-hivemq-controller-99] DEBUG c.h.p.o.h.HiveMQPlatformReconcilerErrorHandler - [helmaddi] Pod 'test-hivemq-platform-0' containerStatus 'consul-template-container' (started: false) (ready: false) (waiting: [PodInitializing] null)
2025-01-30 18:28:37,649 INFO c.h.h.t.HelmChartContainer - [hivemq-test-hivemq-platform] [hivemq-platform-operator] [5bcb1279] 18:28:37.646 [ReconcilerExecutor-hivemq-controller-99] DEBUG c.h.p.o.h.HiveMQPlatformReconcilerErrorHandler - [helmaddi] Pod 'test-hivemq-platform-0' containerStatus 'hivemq' (started: false) (ready: false) (waiting: [PodInitializing] null)
2025-01-30 18:28:37,649 INFO c.h.h.t.HelmChartContainer - [hivemq-test-hivemq-platform] [hivemq-platform-operator] [5bcb1279] 18:28:37.647 [ReconcilerExecutor-hivemq-controller-99] INFO  c.h.p.o.h.HiveMQPlatformReconcilerBaseHandler - [helmaddi] HiveMQ Platform is starting, 0 of 1 replicas are ready
2025-01-30 18:28:39,460 INFO c.h.h.t.HelmChartContainer - [POD] test-hivemq-platform-0 [cd7d90d4-f6b0-4577-90c8-62018ebf19e5] in helmadditionalcontainersit was MODIFIED
2025-01-30 18:28:39,473 INFO c.h.h.t.HelmChartContainer - [hivemq-test-hivemq-platform] [hivemq-platform-operator] [5bcb1279] 18:28:39.471 [pool-6-thread-6] DEBUG c.h.p.o.d.PlatformServiceResource - [helmaddi] Desired Platform services (3 services)
2025-01-30 18:28:39,473 INFO c.h.h.t.HelmChartContainer - Started log watcher for hivemq in pod test-hivemq-platform-0 [cd7d90d4-f6b0-4577-90c8-62018ebf19e5]
2025-01-30 18:28:39,474 INFO c.h.h.t.HelmChartContainer - [test-hivemq-platform] [hivemq] [cd7d90d4] Adding pre-installed HiveMQ Platform Operator extensions
2025-01-30 18:28:39,474 INFO c.h.h.t.HelmChartContainer - [test-hivemq-platform] [hivemq] [cd7d90d4] Running as user 10000
2025-01-30 18:28:39,474 INFO c.h.h.t.HelmChartContainer - [EVENT] Normal [Started] Started container hivemq [helmadditionalcontainersit:test-hivemq-platform-0]
2025-01-30 18:28:39,474 INFO c.h.h.t.HelmChartContainer - Received Started event for container hivemq in pod test-hivemq-platform-0 [cd7d90d4-f6b0-4577-90c8-62018ebf19e5]
2025-01-30 18:28:39,474 INFO c.h.h.t.HelmChartContainer - [EVENT] Normal [Pulling] Pulling image "hashicorp/consul-template:latest" [helmadditionalcontainersit:test-hivemq-platform-0]
2025-01-30 18:28:39,474 INFO c.h.h.t.HelmChartContainer - [test-hivemq-platform] [hivemq] [cd7d90d4] Starting HiveMQ Platform Operator Init
2025-01-30 18:28:39,474 INFO c.h.h.t.HelmChartContainer - [EVENT] Normal [Pulled] Successfully pulled image "hashicorp/consul-template:latest" in 964ms (964ms including waiting). Image size: 8961926 bytes. [helmadditionalcontainersit:test-hivemq-platform-0]
2025-01-30 18:28:39,474 INFO c.h.h.t.HelmChartContainer - [test-hivemq-platform] [hivemq] [cd7d90d4] INFO  - [HiveMQ Platform Operator Init 1.7.0-SNAPSHOT] HiveMQ Platform Operator Init 1.7.0-SNAPSHOT (commit: 47e3375 on branch: HEAD) built on Thu Jan 30 03:55:50 UTC 2025
2025-01-30 18:28:39,477 INFO c.h.h.t.HelmChartContainer - [hivemq-test-hivemq-platform] [hivemq-platform-operator] [5bcb1279] 18:28:39.475 [pool-6-thread-2] DEBUG c.h.p.o.d.PodServiceAccountResource - [helmaddi] Desired PodServiceAccountResource (serviceAccountName: hivemq-platform-pod-test-hivemq-platform)
2025-01-30 18:28:39,477 INFO c.h.h.t.HelmChartContainer - [EVENT] Normal [Created] Created container: consul-template-container [helmadditionalcontainersit:test-hivemq-platform-0]
2025-01-30 18:28:39,478 INFO c.h.h.t.HelmChartContainer - [EVENT] Normal [Started] Started container consul-template-container [helmadditionalcontainersit:test-hivemq-platform-0]
2025-01-30 18:28:39,486 INFO c.h.h.t.HelmChartContainer - [hivemq-test-hivemq-platform] [hivemq-platform-operator] [5bcb1279] 18:28:39.479 [pool-6-thread-3] DEBUG c.h.p.o.dependants.PodInfoConfigMap - [helmaddi] Desired PodInfo ConfigMap (1 extensions) (1 enabled)
2025-01-30 18:28:39,487 INFO c.h.h.t.HelmChartContainer - [hivemq-test-hivemq-platform] [hivemq-platform-operator] [5bcb1279] 18:28:39.482 [pool-6-thread-3] DEBUG c.h.p.o.dependants.PodInfoConfigMap - [helmaddi] Desired PodInfo ConfigMap (metrics port: 9399) (metrics path: /)
2025-01-30 18:28:39,487 INFO c.h.h.t.HelmChartContainer - [hivemq-test-hivemq-platform] [hivemq-platform-operator] [5bcb1279] 18:28:39.483 [pool-6-thread-3] DEBUG c.h.p.o.dependants.PodInfoConfigMap - [helmaddi] Desired PodInfo ConfigMap (extension state hash: -1817474005)
2025-01-30 18:28:39,541 INFO c.h.h.t.HelmChartContainer - [hivemq-test-hivemq-platform] [hivemq-platform-operator] [5bcb1279] 18:28:39.538 [pool-6-thread-8] DEBUG c.h.p.o.d.StatefulSetResource - [helmaddi] Desired StatefulSet (1 replicas) for status STARTING (READY)
2025-01-30 18:28:39,580 INFO c.h.h.t.HelmChartContainer - [hivemq-test-hivemq-platform] [hivemq-platform-operator] [5bcb1279] 18:28:39.578 [ReconcilerExecutor-hivemq-controller-110] INFO  c.h.p.o.HiveMQPlatformReconciler - [helmaddi] Reconciling HiveMQ Platform 'test-hivemq-platform' in namespace 'helmadditionalcontainersit'
2025-01-30 18:28:39,580 INFO c.h.h.t.HelmChartContainer - [hivemq-test-hivemq-platform] [hivemq-platform-operator] [5bcb1279] 18:28:39.578 [ReconcilerExecutor-hivemq-controller-110] DEBUG c.h.p.o.HiveMQPlatformReconciler - [helmaddi] Custom Resource Status STARTING - HiveMQ Platform is starting (READY)
2025-01-30 18:28:39,580 INFO c.h.h.t.HelmChartContainer - [hivemq-test-hivemq-platform] [hivemq-platform-operator] [5bcb1279] 18:28:39.578 [ReconcilerExecutor-hivemq-controller-110] DEBUG c.h.p.o.HiveMQPlatformReconciler - [helmaddi] Custom Resource Spec (replicas: 1) (extensions: 1)
2025-01-30 18:28:39,586 INFO c.h.h.t.HelmChartContainer - [hivemq-test-hivemq-platform] [hivemq-platform-operator] [5bcb1279] 18:28:39.584 [ReconcilerExecutor-hivemq-controller-110] DEBUG c.h.p.o.HiveMQPlatformReconciler - [helmaddi] StatefulSet Status (revision: test-hivemq-platform-666657c555, replicas: 1, available: 0, ready: 0, current: 1, updated: 1)
2025-01-30 18:28:39,587 INFO c.h.h.t.HelmChartContainer - [hivemq-test-hivemq-platform] [hivemq-platform-operator] [5bcb1279] 18:28:39.584 [ReconcilerExecutor-hivemq-controller-110] DEBUG c.h.p.o.HiveMQPlatformReconciler - [helmaddi] StatefulSet Spec (replicas: 1, init containers: 1, containers: 2, volumes: 5)
2025-01-30 18:28:39,639 INFO c.h.h.t.HelmChartContainer - [hivemq-test-hivemq-platform] [hivemq-platform-operator] [5bcb1279] 18:28:39.637 [ReconcilerExecutor-hivemq-controller-110] DEBUG c.h.p.o.h.HiveMQPlatformReconcilerErrorHandler - [helmaddi] Pod 'test-hivemq-platform-0' phase Running
2025-01-30 18:28:39,640 INFO c.h.h.t.HelmChartContainer - [hivemq-test-hivemq-platform] [hivemq-platform-operator] [5bcb1279] 18:28:39.639 [ReconcilerExecutor-hivemq-controller-110] INFO  c.h.p.o.h.HiveMQPlatformReconcilerBaseHandler - [helmaddi] HiveMQ Platform is starting, 0 of 1 replicas are ready
2025-01-30 18:28:40,015 INFO c.h.h.t.HelmChartContainer - [test-hivemq-platform] [hivemq] [cd7d90d4] INFO  - [HiveMQ Platform Operator Init App 1.7.0-SNAPSHOT] Using bind address 10.42.0.6 from environment variable
2025-01-30 18:28:40,997 INFO c.h.h.t.HelmChartContainer - [test-hivemq-platform] [hivemq] [cd7d90d4] INFO  - [HiveMQ Platform Operator Init App 1.7.0-SNAPSHOT] HiveMQ Platform Operator Init App 1.7.0-SNAPSHOT (commit: 47e3375 on branch: HEAD) built on Thu Jan 30 03:55:50 UTC 2025
2025-01-30 18:28:40,997 INFO c.h.h.t.HelmChartContainer - [test-hivemq-platform] [hivemq] [cd7d90d4] INFO  - [HiveMQ Platform Operator Init App 1.7.0-SNAPSHOT] PodInfo ConfigMap directory: /etc/podinfo
2025-01-30 18:28:40,998 INFO c.h.h.t.HelmChartContainer - [test-hivemq-platform] [hivemq] [cd7d90d4] INFO  - [HiveMQ Platform Operator Init App 1.7.0-SNAPSHOT] HiveMQ home directory: /opt/hivemq
2025-01-30 18:28:40,998 INFO c.h.h.t.HelmChartContainer - [test-hivemq-platform] [hivemq] [cd7d90d4] INFO  - [HiveMQ Platform Operator Init App 1.7.0-SNAPSHOT] HiveMQ Logback folder: /opt/hivemq/conf
2025-01-30 18:28:40,998 INFO c.h.h.t.HelmChartContainer - [test-hivemq-platform] [hivemq] [cd7d90d4] INFO  - [HiveMQ Platform Operator Init App 1.7.0-SNAPSHOT] HiveMQ Config folder: /opt/hivemq/conf-k8s
2025-01-30 18:28:40,999 INFO c.h.h.t.HelmChartContainer - [test-hivemq-platform] [hivemq] [cd7d90d4] INFO  - [HiveMQ Platform Operator Init App 1.7.0-SNAPSHOT] Starting HiveMQ Platform Operator Init App
2025-01-30 18:28:40,999 INFO c.h.h.t.HelmChartContainer - [test-hivemq-platform] [hivemq] [cd7d90d4] INFO  - [HiveMQ Platform Operator Init App 1.7.0-SNAPSHOT] Starting Pod reconciler
2025-01-30 18:28:41,497 INFO c.h.h.t.HelmChartContainer - [EVENT] Warning [Unhealthy] Readiness probe failed: Get "http://10.42.0.6:7979/readiness": context deadline exceeded (Client.Timeout exceeded while awaiting headers) [helmadditionalcontainersit:test-hivemq-platform-0]
2025-01-30 18:28:41,497 INFO c.h.h.t.HelmChartContainer - Received Unhealthy event for container hivemq in pod test-hivemq-platform-0 [cd7d90d4-f6b0-4577-90c8-62018ebf19e5]
2025-01-30 18:28:42,375 INFO c.h.h.t.HelmChartContainer - [test-hivemq-platform] [hivemq] [cd7d90d4] INFO  - [HiveMQ Platform Operator Init App 1.7.0-SNAPSHOT] Pod reconciler is scheduled (interval: 5000 ms)
2025-01-30 18:28:42,376 INFO c.h.h.t.HelmChartContainer - [test-hivemq-platform] [hivemq] [cd7d90d4] INFO  - [HiveMQ Platform Operator Init App 1.7.0-SNAPSHOT] Starting the REST API on 10.42.0.6:7979
2025-01-30 18:28:42,380 INFO c.h.h.t.HelmChartContainer - [test-hivemq-platform] [hivemq] [cd7d90d4] INFO  - [HiveMQ Platform Operator Init App 1.7.0-SNAPSHOT] Waiting up to 600s for at most 1 HiveMQ nodes in cluster service hivemq-test-hivemq-platform-cluster.helmadditionalcontainersit.svc
2025-01-30 18:28:42,388 INFO c.h.h.t.HelmChartContainer - [test-hivemq-platform] [hivemq] [cd7d90d4] INFO  - [HiveMQ Platform Operator Init App 1.7.0-SNAPSHOT] Returning default Health API response 503 for readiness
2025-01-30 18:28:42,900 INFO c.h.h.t.HelmChartContainer - [test-hivemq-platform] [hivemq] [cd7d90d4] INFO  - [HiveMQ Platform Operator Init App 1.7.0-SNAPSHOT] Resolved 1 IP addresses: [10.42.0.6]
2025-01-30 18:28:42,900 INFO c.h.h.t.HelmChartContainer - [test-hivemq-platform] [hivemq] [cd7d90d4] INFO  - [HiveMQ Platform Operator Init App 1.7.0-SNAPSHOT] HiveMQ node count of 1 is within threshold of 1
2025-01-30 18:28:42,902 INFO c.h.h.t.HelmChartContainer - [test-hivemq-platform] [hivemq] [cd7d90d4] INFO  - [HiveMQ Platform Operator Init App 1.7.0-SNAPSHOT] Proceeding with container start
2025-01-30 18:28:42,994 INFO c.h.h.t.HelmChartContainer - [test-hivemq-platform] [hivemq] [cd7d90d4] INFO  - [HiveMQ Platform Operator Init App 1.7.0-SNAPSHOT] Initializing HiveMQ Platform extensions with initial configuration: {hivemq-allow-all-extension={start-priority=-1, skip-https-hostname-verification=false, restart=true, config-version=0, header-version=0, c-uri=, priority=-1, uri=preinstalled, skip-https-certificate-validation=false, enabled=true}, hivemq-prometheus-extension={restart=true, enabled=true, request-header-path=no-request-headers, uri=preinstalled, skip-https-certificate-validation=false, skip-https-hostname-verification=false, c-uri=, start-priority=-1, priority=-1}}
2025-01-30 18:28:43,395 INFO c.h.h.t.HelmChartContainer - [test-hivemq-platform] [hivemq] [cd7d90d4] INFO  - [HiveMQ Platform Operator Init App 1.7.0-SNAPSHOT] Extension hivemq-allow-all-extension was already enabled
2025-01-30 18:28:43,483 INFO c.h.h.t.HelmChartContainer - [test-hivemq-platform] [hivemq] [cd7d90d4] INFO  - [HiveMQ Platform Operator Init App 1.7.0-SNAPSHOT] Successfully enabled extension hivemq-prometheus-extension
2025-01-30 18:28:43,484 INFO c.h.h.t.HelmChartContainer - [test-hivemq-platform] [hivemq] [cd7d90d4] INFO  - [HiveMQ Platform Operator Init App 1.7.0-SNAPSHOT] Starting HiveMQ Platform version 4.36.0 (4.36.0)
2025-01-30 18:28:43,485 INFO c.h.h.t.HelmChartContainer - [test-hivemq-platform] [hivemq] [cd7d90d4] INFO  - [HiveMQ Platform Operator Init App 1.7.0-SNAPSHOT] Configuring the HiveMQ Platform
2025-01-30 18:28:43,492 INFO c.h.h.t.HelmChartContainer - [test-hivemq-platform] [hivemq] [cd7d90d4] INFO  - [HiveMQ Platform Operator Init App 1.7.0-SNAPSHOT] Changed logback.xml file scan period to 20 seconds
2025-01-30 18:28:43,585 INFO c.h.h.t.HelmChartContainer - [test-hivemq-platform] [hivemq] [cd7d90d4] INFO  - [HiveMQ Platform Operator Init App 1.7.0-SNAPSHOT] Starting the HiveMQ Platform
2025-01-30 18:28:43,587 INFO c.h.h.t.HelmChartContainer - [test-hivemq-platform] [hivemq] [cd7d90d4] -------------------------------------------------------------------------
2025-01-30 18:28:43,588 INFO c.h.h.t.HelmChartContainer - [test-hivemq-platform] [hivemq] [cd7d90d4] 
2025-01-30 18:28:43,588 INFO c.h.h.t.HelmChartContainer - [test-hivemq-platform] [hivemq] [cd7d90d4]                   _    _  _              __  __   ____
2025-01-30 18:28:43,588 INFO c.h.h.t.HelmChartContainer - [test-hivemq-platform] [hivemq] [cd7d90d4]                  | |  | |(_)            |  \/  | / __ \
2025-01-30 18:28:43,588 INFO c.h.h.t.HelmChartContainer - [test-hivemq-platform] [hivemq] [cd7d90d4]                  | |__| | _ __   __ ___ | \  / || |  | |
2025-01-30 18:28:43,588 INFO c.h.h.t.HelmChartContainer - [test-hivemq-platform] [hivemq] [cd7d90d4]                  |  __  || |\ \ / // _ \| |\/| || |  | |
2025-01-30 18:28:43,588 INFO c.h.h.t.HelmChartContainer - [test-hivemq-platform] [hivemq] [cd7d90d4]                  | |  | || | \ V /|  __/| |  | || |__| |
2025-01-30 18:28:43,588 INFO c.h.h.t.HelmChartContainer - [test-hivemq-platform] [hivemq] [cd7d90d4]                  |_|  |_||_|  \_/  \___||_|  |_| \___\_\
2025-01-30 18:28:43,588 INFO c.h.h.t.HelmChartContainer - [test-hivemq-platform] [hivemq] [cd7d90d4] 
2025-01-30 18:28:43,588 INFO c.h.h.t.HelmChartContainer - [test-hivemq-platform] [hivemq] [cd7d90d4] -------------------------------------------------------------------------
2025-01-30 18:28:43,588 INFO c.h.h.t.HelmChartContainer - [test-hivemq-platform] [hivemq] [cd7d90d4] 
2025-01-30 18:28:43,588 INFO c.h.h.t.HelmChartContainer - [test-hivemq-platform] [hivemq] [cd7d90d4]   HiveMQ Start Script for Linux/Unix v1.14
2025-01-30 18:28:43,588 INFO c.h.h.t.HelmChartContainer - [test-hivemq-platform] [hivemq] [cd7d90d4] 
2025-01-30 18:28:43,690 INFO c.h.h.t.HelmChartContainer - [test-hivemq-platform] [hivemq] [cd7d90d4] -------------------------------------------------------------------------
2025-01-30 18:28:43,690 INFO c.h.h.t.HelmChartContainer - [test-hivemq-platform] [hivemq] [cd7d90d4] 
2025-01-30 18:28:43,690 INFO c.h.h.t.HelmChartContainer - [test-hivemq-platform] [hivemq] [cd7d90d4]   HIVEMQ_HOME: /opt/hivemq
2025-01-30 18:28:43,690 INFO c.h.h.t.HelmChartContainer - [test-hivemq-platform] [hivemq] [cd7d90d4] 
2025-01-30 18:28:43,690 INFO c.h.h.t.HelmChartContainer - [test-hivemq-platform] [hivemq] [cd7d90d4]   JAVA_OPTS: -XX:+UnlockExperimentalVMOptions -XX:InitialRAMPercentage=50 -XX:MaxRAMPercentage=50 -Djava.net.preferIPv4Stack=true --add-opens java.base/java.lang=ALL-UNNAMED --add-opens java.base/java.nio=ALL-UNNAMED --add-opens java.base/sun.nio.ch=ALL-UNNAMED --add-opens jdk.management/com.sun.management.internal=ALL-UNNAMED --add-exports java.base/jdk.internal.misc=ALL-UNNAMED -Djava.security.egd=file:/dev/./urandom -Dcom.sun.management.jmxremote -Dcom.sun.management.jmxremote.port=9010 -Dcom.sun.management.jmxremote.local.only=false -Dcom.sun.management.jmxremote.authenticate=false -Dcom.sun.management.jmxremote.ssl=false -Duser.language=en -Duser.region=US -XX:+CrashOnOutOfMemoryError -XX:+HeapDumpOnOutOfMemoryError
2025-01-30 18:28:43,690 INFO c.h.h.t.HelmChartContainer - [test-hivemq-platform] [hivemq] [cd7d90d4] 
2025-01-30 18:28:43,690 INFO c.h.h.t.HelmChartContainer - [test-hivemq-platform] [hivemq] [cd7d90d4]   JAVA_VERSION: 21
2025-01-30 18:28:43,690 INFO c.h.h.t.HelmChartContainer - [test-hivemq-platform] [hivemq] [cd7d90d4] 
2025-01-30 18:28:43,690 INFO c.h.h.t.HelmChartContainer - [test-hivemq-platform] [hivemq] [cd7d90d4] -------------------------------------------------------------------------
2025-01-30 18:28:43,690 INFO c.h.h.t.HelmChartContainer - [test-hivemq-platform] [hivemq] [cd7d90d4] 
2025-01-30 18:28:45,481 INFO c.h.h.t.HelmChartContainer - [EVENT] Warning [Unhealthy] Readiness probe failed: HTTP probe failed with statuscode: 503 [helmadditionalcontainersit:test-hivemq-platform-0]
2025-01-30 18:28:45,481 INFO c.h.h.t.HelmChartContainer - Received Unhealthy event for container hivemq in pod test-hivemq-platform-0 [cd7d90d4-f6b0-4577-90c8-62018ebf19e5]
2025-01-30 18:28:46,090 INFO c.h.h.t.HelmChartContainer - [test-hivemq-platform] [hivemq] [cd7d90d4] INFO  - Starting HiveMQ Enterprise Server
2025-01-30 18:28:46,175 INFO c.h.h.t.HelmChartContainer - [test-hivemq-platform] [hivemq] [cd7d90d4] INFO  - HiveMQ version: 4.36.0
2025-01-30 18:28:46,175 INFO c.h.h.t.HelmChartContainer - [test-hivemq-platform] [hivemq] [cd7d90d4] INFO  - HiveMQ home directory: /opt/hivemq
2025-01-30 18:28:46,176 INFO c.h.h.t.HelmChartContainer - [test-hivemq-platform] [hivemq] [cd7d90d4] INFO  - Log Configuration was overridden by /opt/hivemq/conf/logback.xml
2025-01-30 18:28:47,482 INFO c.h.h.t.HelmChartContainer - [test-hivemq-platform] [hivemq] [cd7d90d4] INFO  - Successfully loaded configuration from '/opt/hivemq/conf-k8s/config.xml'.
2025-01-30 18:28:48,181 INFO c.h.h.t.HelmChartContainer - [test-hivemq-platform] [hivemq] [cd7d90d4] INFO  - This node's ID is skODc
2025-01-30 18:28:48,181 INFO c.h.h.t.HelmChartContainer - [test-hivemq-platform] [hivemq] [cd7d90d4] INFO  - Clustering is enabled
2025-01-30 18:28:49,646 INFO c.h.h.t.HelmChartContainer - [hivemq-test-hivemq-platform] [hivemq-platform-operator] [5bcb1279] 18:28:49.643 [pool-6-thread-16] DEBUG c.h.p.o.d.PlatformServiceResource - [helmaddi] Desired Platform services (3 services)
2025-01-30 18:28:49,647 INFO c.h.h.t.HelmChartContainer - [hivemq-test-hivemq-platform] [hivemq-platform-operator] [5bcb1279] 18:28:49.646 [pool-6-thread-14] DEBUG c.h.p.o.dependants.PodInfoConfigMap - [helmaddi] Desired PodInfo ConfigMap (1 extensions) (1 enabled)
2025-01-30 18:28:49,648 INFO c.h.h.t.HelmChartContainer - [hivemq-test-hivemq-platform] [hivemq-platform-operator] [5bcb1279] 18:28:49.646 [pool-6-thread-14] DEBUG c.h.p.o.dependants.PodInfoConfigMap - [helmaddi] Desired PodInfo ConfigMap (metrics port: 9399) (metrics path: /)
2025-01-30 18:28:49,648 INFO c.h.h.t.HelmChartContainer - [hivemq-test-hivemq-platform] [hivemq-platform-operator] [5bcb1279] 18:28:49.646 [pool-6-thread-14] DEBUG c.h.p.o.dependants.PodInfoConfigMap - [helmaddi] Desired PodInfo ConfigMap (extension state hash: -1817474005)
2025-01-30 18:28:49,648 INFO c.h.h.t.HelmChartContainer - [hivemq-test-hivemq-platform] [hivemq-platform-operator] [5bcb1279] 18:28:49.646 [pool-6-thread-19] DEBUG c.h.p.o.d.PodServiceAccountResource - [helmaddi] Desired PodServiceAccountResource (serviceAccountName: hivemq-platform-pod-test-hivemq-platform)
2025-01-30 18:28:49,654 INFO c.h.h.t.HelmChartContainer - [hivemq-test-hivemq-platform] [hivemq-platform-operator] [5bcb1279] 18:28:49.652 [pool-6-thread-16] DEBUG c.h.p.o.d.StatefulSetResource - [helmaddi] Desired StatefulSet (1 replicas) for status STARTING (READY)
2025-01-30 18:28:49,658 INFO c.h.h.t.HelmChartContainer - [hivemq-test-hivemq-platform] [hivemq-platform-operator] [5bcb1279] 18:28:49.657 [ReconcilerExecutor-hivemq-controller-111] INFO  c.h.p.o.HiveMQPlatformReconciler - [helmaddi] Reconciling HiveMQ Platform 'test-hivemq-platform' in namespace 'helmadditionalcontainersit'
2025-01-30 18:28:49,658 INFO c.h.h.t.HelmChartContainer - [hivemq-test-hivemq-platform] [hivemq-platform-operator] [5bcb1279] 18:28:49.657 [ReconcilerExecutor-hivemq-controller-111] DEBUG c.h.p.o.HiveMQPlatformReconciler - [helmaddi] Custom Resource Status STARTING - HiveMQ Platform is starting (READY)
2025-01-30 18:28:49,658 INFO c.h.h.t.HelmChartContainer - [hivemq-test-hivemq-platform] [hivemq-platform-operator] [5bcb1279] 18:28:49.657 [ReconcilerExecutor-hivemq-controller-111] DEBUG c.h.p.o.HiveMQPlatformReconciler - [helmaddi] Custom Resource Spec (replicas: 1) (extensions: 1)
2025-01-30 18:28:49,659 INFO c.h.h.t.HelmChartContainer - [hivemq-test-hivemq-platform] [hivemq-platform-operator] [5bcb1279] 18:28:49.659 [ReconcilerExecutor-hivemq-controller-111] DEBUG c.h.p.o.HiveMQPlatformReconciler - [helmaddi] StatefulSet Status (revision: test-hivemq-platform-666657c555, replicas: 1, available: 0, ready: 0, current: 1, updated: 1)
2025-01-30 18:28:49,660 INFO c.h.h.t.HelmChartContainer - [hivemq-test-hivemq-platform] [hivemq-platform-operator] [5bcb1279] 18:28:49.659 [ReconcilerExecutor-hivemq-controller-111] DEBUG c.h.p.o.HiveMQPlatformReconciler - [helmaddi] StatefulSet Spec (replicas: 1, init containers: 1, containers: 2, volumes: 5)
2025-01-30 18:28:49,739 INFO c.h.h.t.HelmChartContainer - [hivemq-test-hivemq-platform] [hivemq-platform-operator] [5bcb1279] 18:28:49.737 [ReconcilerExecutor-hivemq-controller-111] DEBUG c.h.p.o.h.HiveMQPlatformReconcilerErrorHandler - [helmaddi] Pod 'test-hivemq-platform-0' phase Running
2025-01-30 18:28:49,740 INFO c.h.h.t.HelmChartContainer - [hivemq-test-hivemq-platform] [hivemq-platform-operator] [5bcb1279] 18:28:49.738 [ReconcilerExecutor-hivemq-controller-111] INFO  c.h.p.o.h.HiveMQPlatformReconcilerBaseHandler - [helmaddi] HiveMQ Platform is starting, 0 of 1 replicas are ready
2025-01-30 18:28:50,771 INFO c.h.h.t.HelmChartContainer - [K3S] [range_allocator.go:247] "Successfully synced" key="ec2fc2be3df0"
2025-01-30 18:28:50,784 INFO c.h.h.t.HelmChartContainer - [test-hivemq-platform] [hivemq] [cd7d90d4] WARN  - [HiveMQ Platform Operator Init App 1.7.0-SNAPSHOT] Cannot connect to Health API for readiness: null
2025-01-30 18:28:50,790 INFO c.h.h.t.HelmChartContainer - [EVENT] Warning [Unhealthy] Readiness probe failed: HTTP probe failed with statuscode: 503 [helmadditionalcontainersit:test-hivemq-platform-0]
2025-01-30 18:28:50,790 INFO c.h.h.t.HelmChartContainer - Received Unhealthy event for container hivemq in pod test-hivemq-platform-0 [cd7d90d4-f6b0-4577-90c8-62018ebf19e5]
2025-01-30 18:28:52,677 INFO c.h.h.t.HelmChartContainer - [test-hivemq-platform] [hivemq] [cd7d90d4] Jan 30, 2025 6:28:52 PM io.vertx.core.impl.BlockedThreadChecker
2025-01-30 18:28:52,678 INFO c.h.h.t.HelmChartContainer - [test-hivemq-platform] [hivemq] [cd7d90d4] WARNING: Thread Thread[vert.x-eventloop-thread-1,5,main] has been blocked for 2207 ms, time limit is 2000 ms
2025-01-30 18:28:53,487 INFO c.h.h.t.HelmChartContainer - [test-hivemq-platform] [hivemq] [cd7d90d4] Jan 30, 2025 6:28:53 PM io.vertx.core.impl.BlockedThreadChecker
2025-01-30 18:28:53,487 INFO c.h.h.t.HelmChartContainer - [test-hivemq-platform] [hivemq] [cd7d90d4] WARNING: Thread Thread[vert.x-eventloop-thread-1,5,main] has been blocked for 3207 ms, time limit is 2000 ms
2025-01-30 18:28:53,592 INFO c.h.h.t.HelmChartContainer - [test-hivemq-platform] [hivemq] [cd7d90d4] INFO  - [HiveMQ Platform Operator Init App 1.7.0-SNAPSHOT] Updating Pod HiveMQ Platform Operator Init App version annotation (version: 1.7.0-SNAPSHOT)
2025-01-30 18:28:54,291 INFO c.h.h.t.HelmChartContainer - [POD] test-hivemq-platform-0 [cd7d90d4-f6b0-4577-90c8-62018ebf19e5] in helmadditionalcontainersit was MODIFIED
2025-01-30 18:28:54,299 INFO c.h.h.t.HelmChartContainer - [test-hivemq-platform] [hivemq] [cd7d90d4] WARN  - [HiveMQ Platform Operator Init App 1.7.0-SNAPSHOT] Cannot connect to Health API for readiness: null
2025-01-30 18:28:54,303 INFO c.h.h.t.HelmChartContainer - [hivemq-test-hivemq-platform] [hivemq-platform-operator] [5bcb1279] 18:28:54.302 [pool-6-thread-27] DEBUG c.h.p.o.d.PlatformServiceResource - [helmaddi] Desired Platform services (3 services)
2025-01-30 18:28:54,308 INFO c.h.h.t.HelmChartContainer - [hivemq-test-hivemq-platform] [hivemq-platform-operator] [5bcb1279] 18:28:54.304 [pool-6-thread-28] DEBUG c.h.p.o.dependants.PodInfoConfigMap - [helmaddi] Desired PodInfo ConfigMap (1 extensions) (1 enabled)
2025-01-30 18:28:54,308 INFO c.h.h.t.HelmChartContainer - [hivemq-test-hivemq-platform] [hivemq-platform-operator] [5bcb1279] 18:28:54.305 [pool-6-thread-21] DEBUG c.h.p.o.d.PodServiceAccountResource - [helmaddi] Desired PodServiceAccountResource (serviceAccountName: hivemq-platform-pod-test-hivemq-platform)
2025-01-30 18:28:54,311 INFO c.h.h.t.HelmChartContainer - [EVENT] Warning [Unhealthy] Readiness probe failed: HTTP probe failed with statuscode: 503 [helmadditionalcontainersit:test-hivemq-platform-0]
2025-01-30 18:28:54,311 INFO c.h.h.t.HelmChartContainer - Received Unhealthy event for container hivemq in pod test-hivemq-platform-0 [cd7d90d4-f6b0-4577-90c8-62018ebf19e5]
2025-01-30 18:28:54,312 INFO c.h.h.t.HelmChartContainer - [hivemq-test-hivemq-platform] [hivemq-platform-operator] [5bcb1279] 18:28:54.309 [pool-6-thread-28] DEBUG c.h.p.o.dependants.PodInfoConfigMap - [helmaddi] Desired PodInfo ConfigMap (metrics port: 9399) (metrics path: /)
2025-01-30 18:28:54,312 INFO c.h.h.t.HelmChartContainer - [hivemq-test-hivemq-platform] [hivemq-platform-operator] [5bcb1279] 18:28:54.309 [pool-6-thread-28] DEBUG c.h.p.o.dependants.PodInfoConfigMap - [helmaddi] Desired PodInfo ConfigMap (extension state hash: -1817474005)
2025-01-30 18:28:54,378 INFO c.h.h.t.HelmChartContainer - [hivemq-test-hivemq-platform] [hivemq-platform-operator] [5bcb1279] 18:28:54.375 [pool-6-thread-27] DEBUG c.h.p.o.d.StatefulSetResource - [helmaddi] Desired StatefulSet (1 replicas) for status STARTING (READY)
2025-01-30 18:28:54,390 INFO c.h.h.t.HelmChartContainer - [test-hivemq-platform] [hivemq] [cd7d90d4] INFO  - [HiveMQ Platform Operator Init App 1.7.0-SNAPSHOT] Successfully updated Pod HiveMQ Platform Operator Init App version annotation (version: 1.7.0-SNAPSHOT)
2025-01-30 18:28:54,392 INFO c.h.h.t.HelmChartContainer - [hivemq-test-hivemq-platform] [hivemq-platform-operator] [5bcb1279] 18:28:54.388 [ReconcilerExecutor-hivemq-controller-112] INFO  c.h.p.o.HiveMQPlatformReconciler - [helmaddi] Reconciling HiveMQ Platform 'test-hivemq-platform' in namespace 'helmadditionalcontainersit'
2025-01-30 18:28:54,393 INFO c.h.h.t.HelmChartContainer - [hivemq-test-hivemq-platform] [hivemq-platform-operator] [5bcb1279] 18:28:54.391 [ReconcilerExecutor-hivemq-controller-112] DEBUG c.h.p.o.HiveMQPlatformReconciler - [helmaddi] Custom Resource Status STARTING - HiveMQ Platform is starting (READY)
2025-01-30 18:28:54,394 INFO c.h.h.t.HelmChartContainer - [hivemq-test-hivemq-platform] [hivemq-platform-operator] [5bcb1279] 18:28:54.391 [ReconcilerExecutor-hivemq-controller-112] DEBUG c.h.p.o.HiveMQPlatformReconciler - [helmaddi] Custom Resource Spec (replicas: 1) (extensions: 1)
2025-01-30 18:28:54,396 INFO c.h.h.t.HelmChartContainer - [hivemq-test-hivemq-platform] [hivemq-platform-operator] [5bcb1279] 18:28:54.393 [ReconcilerExecutor-hivemq-controller-112] DEBUG c.h.p.o.HiveMQPlatformReconciler - [helmaddi] StatefulSet Status (revision: test-hivemq-platform-666657c555, replicas: 1, available: 0, ready: 0, current: 1, updated: 1)
2025-01-30 18:28:54,396 INFO c.h.h.t.HelmChartContainer - [hivemq-test-hivemq-platform] [hivemq-platform-operator] [5bcb1279] 18:28:54.394 [ReconcilerExecutor-hivemq-controller-112] DEBUG c.h.p.o.HiveMQPlatformReconciler - [helmaddi] StatefulSet Spec (replicas: 1, init containers: 1, containers: 2, volumes: 5)
2025-01-30 18:28:54,398 INFO c.h.h.t.HelmChartContainer - [hivemq-test-hivemq-platform] [hivemq-platform-operator] [5bcb1279] 18:28:54.396 [ReconcilerExecutor-hivemq-controller-112] DEBUG c.h.p.o.h.HiveMQPlatformReconcilerErrorHandler - [helmaddi] Pod 'test-hivemq-platform-0' phase Running
2025-01-30 18:28:54,398 INFO c.h.h.t.HelmChartContainer - [hivemq-test-hivemq-platform] [hivemq-platform-operator] [5bcb1279] 18:28:54.397 [ReconcilerExecutor-hivemq-controller-112] INFO  c.h.p.o.h.HiveMQPlatformReconcilerBaseHandler - [helmaddi] HiveMQ Platform is starting, 0 of 1 replicas are ready
2025-01-30 18:28:59,293 INFO c.h.h.t.HelmChartContainer - [test-hivemq-platform] [hivemq] [cd7d90d4] WARN  - [HiveMQ Platform Operator Init App 1.7.0-SNAPSHOT] Cannot connect to Health API for readiness: null
2025-01-30 18:28:59,299 INFO c.h.h.t.HelmChartContainer - [EVENT] Warning [Unhealthy] Readiness probe failed: HTTP probe failed with statuscode: 503 [helmadditionalcontainersit:test-hivemq-platform-0]
2025-01-30 18:28:59,299 INFO c.h.h.t.HelmChartContainer - Received Unhealthy event for container hivemq in pod test-hivemq-platform-0 [cd7d90d4-f6b0-4577-90c8-62018ebf19e5]
2025-01-30 18:29:04,293 INFO c.h.h.t.HelmChartContainer - [test-hivemq-platform] [hivemq] [cd7d90d4] WARN  - [HiveMQ Platform Operator Init App 1.7.0-SNAPSHOT] Cannot connect to Health API for readiness: null
2025-01-30 18:29:04,297 INFO c.h.h.t.HelmChartContainer - [EVENT] Warning [Unhealthy] Readiness probe failed: HTTP probe failed with statuscode: 503 [helmadditionalcontainersit:test-hivemq-platform-0]
2025-01-30 18:29:04,297 INFO c.h.h.t.HelmChartContainer - Received Unhealthy event for container hivemq in pod test-hivemq-platform-0 [cd7d90d4-f6b0-4577-90c8-62018ebf19e5]
2025-01-30 18:29:04,406 INFO c.h.h.t.HelmChartContainer - [hivemq-test-hivemq-platform] [hivemq-platform-operator] [5bcb1279] 18:29:04.402 [pool-6-thread-35] DEBUG c.h.p.o.d.PlatformServiceResource - [helmaddi] Desired Platform services (3 services)
2025-01-30 18:29:04,407 INFO c.h.h.t.HelmChartContainer - [hivemq-test-hivemq-platform] [hivemq-platform-operator] [5bcb1279] 18:29:04.403 [pool-6-thread-34] DEBUG c.h.p.o.d.PodServiceAccountResource - [helmaddi] Desired PodServiceAccountResource (serviceAccountName: hivemq-platform-pod-test-hivemq-platform)
2025-01-30 18:29:04,407 INFO c.h.h.t.HelmChartContainer - [hivemq-test-hivemq-platform] [hivemq-platform-operator] [5bcb1279] 18:29:04.406 [pool-6-thread-33] DEBUG c.h.p.o.dependants.PodInfoConfigMap - [helmaddi] Desired PodInfo ConfigMap (1 extensions) (1 enabled)
2025-01-30 18:29:04,409 INFO c.h.h.t.HelmChartContainer - [hivemq-test-hivemq-platform] [hivemq-platform-operator] [5bcb1279] 18:29:04.407 [pool-6-thread-33] DEBUG c.h.p.o.dependants.PodInfoConfigMap - [helmaddi] Desired PodInfo ConfigMap (metrics port: 9399) (metrics path: /)
2025-01-30 18:29:04,409 INFO c.h.h.t.HelmChartContainer - [hivemq-test-hivemq-platform] [hivemq-platform-operator] [5bcb1279] 18:29:04.407 [pool-6-thread-33] DEBUG c.h.p.o.dependants.PodInfoConfigMap - [helmaddi] Desired PodInfo ConfigMap (extension state hash: -1817474005)
2025-01-30 18:29:04,411 INFO c.h.h.t.HelmChartContainer - [hivemq-test-hivemq-platform] [hivemq-platform-operator] [5bcb1279] 18:29:04.410 [pool-6-thread-33] DEBUG c.h.p.o.d.StatefulSetResource - [helmaddi] Desired StatefulSet (1 replicas) for status STARTING (READY)
2025-01-30 18:29:04,414 INFO c.h.h.t.HelmChartContainer - [hivemq-test-hivemq-platform] [hivemq-platform-operator] [5bcb1279] 18:29:04.413 [ReconcilerExecutor-hivemq-controller-113] INFO  c.h.p.o.HiveMQPlatformReconciler - [helmaddi] Reconciling HiveMQ Platform 'test-hivemq-platform' in namespace 'helmadditionalcontainersit'
2025-01-30 18:29:04,415 INFO c.h.h.t.HelmChartContainer - [hivemq-test-hivemq-platform] [hivemq-platform-operator] [5bcb1279] 18:29:04.414 [ReconcilerExecutor-hivemq-controller-113] DEBUG c.h.p.o.HiveMQPlatformReconciler - [helmaddi] Custom Resource Status STARTING - HiveMQ Platform is starting (READY)
2025-01-30 18:29:04,415 INFO c.h.h.t.HelmChartContainer - [hivemq-test-hivemq-platform] [hivemq-platform-operator] [5bcb1279] 18:29:04.414 [ReconcilerExecutor-hivemq-controller-113] DEBUG c.h.p.o.HiveMQPlatformReconciler - [helmaddi] Custom Resource Spec (replicas: 1) (extensions: 1)
2025-01-30 18:29:04,417 INFO c.h.h.t.HelmChartContainer - [hivemq-test-hivemq-platform] [hivemq-platform-operator] [5bcb1279] 18:29:04.415 [ReconcilerExecutor-hivemq-controller-113] DEBUG c.h.p.o.HiveMQPlatformReconciler - [helmaddi] StatefulSet Status (revision: test-hivemq-platform-666657c555, replicas: 1, available: 0, ready: 0, current: 1, updated: 1)
2025-01-30 18:29:04,417 INFO c.h.h.t.HelmChartContainer - [hivemq-test-hivemq-platform] [hivemq-platform-operator] [5bcb1279] 18:29:04.415 [ReconcilerExecutor-hivemq-controller-113] DEBUG c.h.p.o.HiveMQPlatformReconciler - [helmaddi] StatefulSet Spec (replicas: 1, init containers: 1, containers: 2, volumes: 5)
2025-01-30 18:29:04,418 INFO c.h.h.t.HelmChartContainer - [hivemq-test-hivemq-platform] [hivemq-platform-operator] [5bcb1279] 18:29:04.416 [ReconcilerExecutor-hivemq-controller-113] DEBUG c.h.p.o.h.HiveMQPlatformReconcilerErrorHandler - [helmaddi] Pod 'test-hivemq-platform-0' phase Running
2025-01-30 18:29:04,418 INFO c.h.h.t.HelmChartContainer - [hivemq-test-hivemq-platform] [hivemq-platform-operator] [5bcb1279] 18:29:04.417 [ReconcilerExecutor-hivemq-controller-113] INFO  c.h.p.o.h.HiveMQPlatformReconcilerBaseHandler - [helmaddi] HiveMQ Platform is starting, 0 of 1 replicas are ready
2025-01-30 18:29:06,284 INFO c.h.h.t.HelmChartContainer - [test-hivemq-platform] [hivemq] [cd7d90d4] WARN  - License file license.lic is corrupt.
2025-01-30 18:29:06,286 INFO c.h.h.t.HelmChartContainer - [test-hivemq-platform] [hivemq] [cd7d90d4] INFO  - No valid license file found. Using trial license, restricted to 25 connections.
2025-01-30 18:29:06,382 INFO c.h.h.t.HelmChartContainer - [test-hivemq-platform] [hivemq] [cd7d90d4] WARN  - [HiveMQ Platform Operator Init App 1.7.0-SNAPSHOT] Cannot connect to Health API for liveness: null
2025-01-30 18:29:06,382 INFO c.h.h.t.HelmChartContainer - [test-hivemq-platform] [hivemq] [cd7d90d4] INFO  - [HiveMQ Platform Operator Init App 1.7.0-SNAPSHOT] Returning default Health API response 200 for liveness
2025-01-30 18:29:09,293 INFO c.h.h.t.HelmChartContainer - [test-hivemq-platform] [hivemq] [cd7d90d4] WARN  - [HiveMQ Platform Operator Init App 1.7.0-SNAPSHOT] Cannot connect to Health API for readiness: null
2025-01-30 18:29:09,298 INFO c.h.h.t.HelmChartContainer - [EVENT] Warning [Unhealthy] Readiness probe failed: HTTP probe failed with statuscode: 503 [helmadditionalcontainersit:test-hivemq-platform-0]
2025-01-30 18:29:09,298 INFO c.h.h.t.HelmChartContainer - Received Unhealthy event for container hivemq in pod test-hivemq-platform-0 [cd7d90d4-f6b0-4577-90c8-62018ebf19e5]
2025-01-30 18:29:10,088 INFO c.h.h.t.HelmChartContainer - [test-hivemq-platform] [hivemq] [cd7d90d4] INFO  - No valid license file for Data Hub found. Using free license, restricted to 1 policy.
2025-01-30 18:29:11,280 INFO c.h.h.t.HelmChartContainer - [test-hivemq-platform] [hivemq] [cd7d90d4] INFO  - Audit Logger started.
2025-01-30 18:29:11,519 INFO c.h.h.t.HelmChartContainer - [test-hivemq-platform] [hivemq] [cd7d90d4] INFO  - This node uses '1' CPU cores.
2025-01-30 18:29:11,523 INFO c.h.h.t.HelmChartContainer - [test-hivemq-platform] [hivemq] [cd7d90d4] INFO  - Starting HiveMQ Health API on address 0.0.0.0 and port 8889
2025-01-30 18:29:12,476 INFO c.h.h.t.HelmChartContainer - [test-hivemq-platform] [hivemq] [cd7d90d4] INFO  - Started HiveMQ Health API in 952ms
2025-01-30 18:29:13,002 INFO c.h.h.t.HelmChartContainer - [test-hivemq-platform] [hivemq] [cd7d90d4] INFO  - Starting HiveMQ extension system.
2025-01-30 18:29:13,286 INFO c.h.h.t.HelmChartContainer - [test-hivemq-platform] [hivemq] [cd7d90d4] INFO  - Starting extension with id "hivemq-dns-cluster-discovery" at /opt/hivemq/extensions/hivemq-dns-cluster-discovery
2025-01-30 18:29:13,783 INFO c.h.h.t.HelmChartContainer - [test-hivemq-platform] [hivemq] [cd7d90d4] INFO  - Extension "DNS Cluster Discovery Extension" version 4.3.2 started successfully.
2025-01-30 18:29:13,785 INFO c.h.h.t.HelmChartContainer - [test-hivemq-platform] [hivemq] [cd7d90d4] INFO  - Starting extension with id "hivemq-prometheus-extension" at /opt/hivemq/extensions/hivemq-prometheus-extension
2025-01-30 18:29:13,980 INFO c.h.h.t.HelmChartContainer - [test-hivemq-platform] [hivemq] [cd7d90d4] INFO  - Using TCP cluster transport on address 10.42.0.6 and port 7000
2025-01-30 18:29:13,990 INFO c.h.h.t.HelmChartContainer - [test-hivemq-platform] [hivemq] [cd7d90d4] INFO  - Using extension cluster discovery
2025-01-30 18:29:14,426 INFO c.h.h.t.HelmChartContainer - [hivemq-test-hivemq-platform] [hivemq-platform-operator] [5bcb1279] 18:29:14.423 [pool-6-thread-45] DEBUG c.h.p.o.d.PlatformServiceResource - [helmaddi] Desired Platform services (3 services)
2025-01-30 18:29:14,426 INFO c.h.h.t.HelmChartContainer - [hivemq-test-hivemq-platform] [hivemq-platform-operator] [5bcb1279] 18:29:14.424 [pool-6-thread-46] DEBUG c.h.p.o.dependants.PodInfoConfigMap - [helmaddi] Desired PodInfo ConfigMap (1 extensions) (1 enabled)
2025-01-30 18:29:14,429 INFO c.h.h.t.HelmChartContainer - [hivemq-test-hivemq-platform] [hivemq-platform-operator] [5bcb1279] 18:29:14.424 [pool-6-thread-46] DEBUG c.h.p.o.dependants.PodInfoConfigMap - [helmaddi] Desired PodInfo ConfigMap (metrics port: 9399) (metrics path: /)
2025-01-30 18:29:14,430 INFO c.h.h.t.HelmChartContainer - [hivemq-test-hivemq-platform] [hivemq-platform-operator] [5bcb1279] 18:29:14.424 [pool-6-thread-46] DEBUG c.h.p.o.dependants.PodInfoConfigMap - [helmaddi] Desired PodInfo ConfigMap (extension state hash: -1817474005)
2025-01-30 18:29:14,430 INFO c.h.h.t.HelmChartContainer - [hivemq-test-hivemq-platform] [hivemq-platform-operator] [5bcb1279] 18:29:14.426 [pool-6-thread-42] DEBUG c.h.p.o.d.PodServiceAccountResource - [helmaddi] Desired PodServiceAccountResource (serviceAccountName: hivemq-platform-pod-test-hivemq-platform)
2025-01-30 18:29:14,433 INFO c.h.h.t.HelmChartContainer - [hivemq-test-hivemq-platform] [hivemq-platform-operator] [5bcb1279] 18:29:14.432 [pool-6-thread-43] DEBUG c.h.p.o.d.StatefulSetResource - [helmaddi] Desired StatefulSet (1 replicas) for status STARTING (READY)
2025-01-30 18:29:14,438 INFO c.h.h.t.HelmChartContainer - [hivemq-test-hivemq-platform] [hivemq-platform-operator] [5bcb1279] 18:29:14.437 [ReconcilerExecutor-hivemq-controller-114] INFO  c.h.p.o.HiveMQPlatformReconciler - [helmaddi] Reconciling HiveMQ Platform 'test-hivemq-platform' in namespace 'helmadditionalcontainersit'
2025-01-30 18:29:14,438 INFO c.h.h.t.HelmChartContainer - [hivemq-test-hivemq-platform] [hivemq-platform-operator] [5bcb1279] 18:29:14.437 [ReconcilerExecutor-hivemq-controller-114] DEBUG c.h.p.o.HiveMQPlatformReconciler - [helmaddi] Custom Resource Status STARTING - HiveMQ Platform is starting (READY)
2025-01-30 18:29:14,439 INFO c.h.h.t.HelmChartContainer - [hivemq-test-hivemq-platform] [hivemq-platform-operator] [5bcb1279] 18:29:14.437 [ReconcilerExecutor-hivemq-controller-114] DEBUG c.h.p.o.HiveMQPlatformReconciler - [helmaddi] Custom Resource Spec (replicas: 1) (extensions: 1)
2025-01-30 18:29:14,440 INFO c.h.h.t.HelmChartContainer - [hivemq-test-hivemq-platform] [hivemq-platform-operator] [5bcb1279] 18:29:14.439 [ReconcilerExecutor-hivemq-controller-114] DEBUG c.h.p.o.HiveMQPlatformReconciler - [helmaddi] StatefulSet Status (revision: test-hivemq-platform-666657c555, replicas: 1, available: 0, ready: 0, current: 1, updated: 1)
2025-01-30 18:29:14,440 INFO c.h.h.t.HelmChartContainer - [hivemq-test-hivemq-platform] [hivemq-platform-operator] [5bcb1279] 18:29:14.439 [ReconcilerExecutor-hivemq-controller-114] DEBUG c.h.p.o.HiveMQPlatformReconciler - [helmaddi] StatefulSet Spec (replicas: 1, init containers: 1, containers: 2, volumes: 5)
2025-01-30 18:29:14,442 INFO c.h.h.t.HelmChartContainer - [hivemq-test-hivemq-platform] [hivemq-platform-operator] [5bcb1279] 18:29:14.442 [ReconcilerExecutor-hivemq-controller-114] DEBUG c.h.p.o.h.HiveMQPlatformReconcilerErrorHandler - [helmaddi] Pod 'test-hivemq-platform-0' phase Running
2025-01-30 18:29:14,443 INFO c.h.h.t.HelmChartContainer - [hivemq-test-hivemq-platform] [hivemq-platform-operator] [5bcb1279] 18:29:14.442 [ReconcilerExecutor-hivemq-controller-114] INFO  c.h.p.o.h.HiveMQPlatformReconcilerBaseHandler - [helmaddi] HiveMQ Platform is starting, 0 of 1 replicas are ready
2025-01-30 18:29:15,181 INFO c.h.h.t.HelmChartContainer - [test-hivemq-platform] [hivemq] [cd7d90d4] INFO  - Started Jetty Server exposing Prometheus Servlet on URI http://0.0.0.0:9399/
2025-01-30 18:29:15,182 INFO c.h.h.t.HelmChartContainer - [test-hivemq-platform] [hivemq] [cd7d90d4] INFO  - Extension "Prometheus Monitoring Extension" version 4.0.12 started successfully.
2025-01-30 18:29:15,182 INFO c.h.h.t.HelmChartContainer - [test-hivemq-platform] [hivemq] [cd7d90d4] INFO  - Starting extension with id "hivemq-allow-all-extension" at /opt/hivemq/extensions/hivemq-allow-all-extension
2025-01-30 18:29:15,185 INFO c.h.h.t.HelmChartContainer - [test-hivemq-platform] [hivemq] [cd7d90d4] WARN  - 
2025-01-30 18:29:15,186 INFO c.h.h.t.HelmChartContainer - [test-hivemq-platform] [hivemq] [cd7d90d4] ################################################################################################################
2025-01-30 18:29:15,186 INFO c.h.h.t.HelmChartContainer - [test-hivemq-platform] [hivemq] [cd7d90d4] # This HiveMQ deployment is not secure! You are lacking Authentication and Authorization.                      #
2025-01-30 18:29:15,186 INFO c.h.h.t.HelmChartContainer - [test-hivemq-platform] [hivemq] [cd7d90d4] # Right now any MQTT client can connect to the broker with a full set of permissions.                          #
2025-01-30 18:29:15,186 INFO c.h.h.t.HelmChartContainer - [test-hivemq-platform] [hivemq] [cd7d90d4] # For production usage, add an appropriate security extension and remove the hivemq-allow-all extension.       #
2025-01-30 18:29:15,186 INFO c.h.h.t.HelmChartContainer - [test-hivemq-platform] [hivemq] [cd7d90d4] # You can download security extensions from the HiveMQ Marketplace (https://www.hivemq.com/extensions/).       #
2025-01-30 18:29:15,186 INFO c.h.h.t.HelmChartContainer - [test-hivemq-platform] [hivemq] [cd7d90d4] ################################################################################################################
2025-01-30 18:29:15,186 INFO c.h.h.t.HelmChartContainer - [test-hivemq-platform] [hivemq] [cd7d90d4] INFO  - Extension "Allow All Extension" version 1.1.1 started successfully.
2025-01-30 18:29:15,333 INFO c.h.h.t.HelmChartContainer - [EVENT] Warning [Unhealthy] Readiness probe failed: Get "http://10.42.0.6:7979/readiness": context deadline exceeded (Client.Timeout exceeded while awaiting headers) [helmadditionalcontainersit:test-hivemq-platform-0]
2025-01-30 18:29:15,333 INFO c.h.h.t.HelmChartContainer - Received Unhealthy event for container hivemq in pod test-hivemq-platform-0 [cd7d90d4-f6b0-4577-90c8-62018ebf19e5]
2025-01-30 18:29:15,486 INFO c.h.h.t.HelmChartContainer - [test-hivemq-platform] [hivemq] [cd7d90d4] INFO  - [HiveMQ Platform Operator Init App 1.7.0-SNAPSHOT] Returning Health API response 503 for readiness
2025-01-30 18:29:17,190 INFO c.h.h.t.HelmChartContainer - [test-hivemq-platform] [hivemq] [cd7d90d4] INFO  - skODc: no members discovered after 2404 ms: creating cluster as first member
2025-01-30 18:29:17,196 INFO c.h.h.t.HelmChartContainer - [test-hivemq-platform] [hivemq] [cd7d90d4] INFO  - Cluster nodes found by discovery: [skODc|0] (1) [skODc].
2025-01-30 18:29:17,278 INFO c.h.h.t.HelmChartContainer - [test-hivemq-platform] [hivemq] [cd7d90d4] WARN  - No user for HiveMQ Control Center configured. Starting with default user
2025-01-30 18:29:17,278 INFO c.h.h.t.HelmChartContainer - [test-hivemq-platform] [hivemq] [cd7d90d4] INFO  - Starting HiveMQ Control Center on address 0.0.0.0 and port 8080
2025-01-30 18:29:17,284 INFO c.h.h.t.HelmChartContainer - [test-hivemq-platform] [hivemq] [cd7d90d4] INFO  - Mounting HiveMQ Control Center V2 Preview
2025-01-30 18:29:17,884 INFO c.h.h.t.HelmChartContainer - [test-hivemq-platform] [hivemq] [cd7d90d4] INFO  - Started HiveMQ Control Center in 606ms
2025-01-30 18:29:17,980 INFO c.h.h.t.HelmChartContainer - [test-hivemq-platform] [hivemq] [cd7d90d4] INFO  - Starting TCP listener on address 0.0.0.0 and port 1883
2025-01-30 18:29:17,995 INFO c.h.h.t.HelmChartContainer - [test-hivemq-platform] [hivemq] [cd7d90d4] INFO  - Started TCP Listener on address 0.0.0.0 and on port 1883.
2025-01-30 18:29:17,996 INFO c.h.h.t.HelmChartContainer - [test-hivemq-platform] [hivemq] [cd7d90d4] INFO  - Started HiveMQ in 32301ms
2025-01-30 18:29:19,295 INFO c.h.h.t.HelmChartContainer - [test-hivemq-platform] [hivemq] [cd7d90d4] INFO  - [HiveMQ Platform Operator Init App 1.7.0-SNAPSHOT] Returning Health API response 200 for readiness
2025-01-30 18:29:19,309 INFO c.h.h.t.HelmChartContainer - [POD] test-hivemq-platform-0 [cd7d90d4-f6b0-4577-90c8-62018ebf19e5] in helmadditionalcontainersit was MODIFIED
2025-01-30 18:29:19,331 INFO c.h.h.t.HelmChartContainer - [hivemq-test-hivemq-platform] [hivemq-platform-operator] [5bcb1279] 18:29:19.319 [pool-6-thread-2] DEBUG c.h.p.o.d.PlatformServiceResource - [helmaddi] Desired Platform services (3 services)
2025-01-30 18:29:19,331 INFO c.h.h.t.HelmChartContainer - [hivemq-test-hivemq-platform] [hivemq-platform-operator] [5bcb1279] 18:29:19.323 [pool-6-thread-2] DEBUG c.h.p.o.dependants.PodInfoConfigMap - [helmaddi] Desired PodInfo ConfigMap (1 extensions) (1 enabled)
2025-01-30 18:29:19,331 INFO c.h.h.t.HelmChartContainer - [hivemq-test-hivemq-platform] [hivemq-platform-operator] [5bcb1279] 18:29:19.323 [pool-6-thread-2] DEBUG c.h.p.o.dependants.PodInfoConfigMap - [helmaddi] Desired PodInfo ConfigMap (metrics port: 9399) (metrics path: /)
2025-01-30 18:29:19,331 INFO c.h.h.t.HelmChartContainer - [hivemq-test-hivemq-platform] [hivemq-platform-operator] [5bcb1279] 18:29:19.324 [pool-6-thread-2] DEBUG c.h.p.o.dependants.PodInfoConfigMap - [helmaddi] Desired PodInfo ConfigMap (extension state hash: -1817474005)
2025-01-30 18:29:19,331 INFO c.h.h.t.HelmChartContainer - [hivemq-test-hivemq-platform] [hivemq-platform-operator] [5bcb1279] 18:29:19.325 [pool-6-thread-2] DEBUG c.h.p.o.d.PodServiceAccountResource - [helmaddi] Desired PodServiceAccountResource (serviceAccountName: hivemq-platform-pod-test-hivemq-platform)
2025-01-30 18:29:19,337 INFO c.h.h.t.HelmChartContainer - [hivemq-test-hivemq-platform] [hivemq-platform-operator] [5bcb1279] 18:29:19.332 [pool-6-thread-4] DEBUG c.h.p.o.d.StatefulSetResource - [helmaddi] Desired StatefulSet (1 replicas) for status STARTING (READY)
2025-01-30 18:29:19,376 INFO c.h.h.t.HelmChartContainer - [hivemq-test-hivemq-platform] [hivemq-platform-operator] [5bcb1279] 18:29:19.374 [ReconcilerExecutor-hivemq-controller-115] INFO  c.h.p.o.HiveMQPlatformReconciler - [helmaddi] Reconciling HiveMQ Platform 'test-hivemq-platform' in namespace 'helmadditionalcontainersit'
2025-01-30 18:29:19,376 INFO c.h.h.t.HelmChartContainer - [hivemq-test-hivemq-platform] [hivemq-platform-operator] [5bcb1279] 18:29:19.374 [ReconcilerExecutor-hivemq-controller-115] DEBUG c.h.p.o.HiveMQPlatformReconciler - [helmaddi] Custom Resource Status STARTING - HiveMQ Platform is starting (READY)
2025-01-30 18:29:19,376 INFO c.h.h.t.HelmChartContainer - [hivemq-test-hivemq-platform] [hivemq-platform-operator] [5bcb1279] 18:29:19.374 [ReconcilerExecutor-hivemq-controller-115] DEBUG c.h.p.o.HiveMQPlatformReconciler - [helmaddi] Custom Resource Spec (replicas: 1) (extensions: 1)
2025-01-30 18:29:19,382 INFO c.h.h.t.HelmChartContainer - [hivemq-test-hivemq-platform] [hivemq-platform-operator] [5bcb1279] 18:29:19.377 [ReconcilerExecutor-hivemq-controller-115] DEBUG c.h.p.o.HiveMQPlatformReconciler - [helmaddi] StatefulSet Status (revision: test-hivemq-platform-666657c555, replicas: 1, available: 1, ready: 1, current: 1, updated: 1)
2025-01-30 18:29:19,383 INFO c.h.h.t.HelmChartContainer - [hivemq-test-hivemq-platform] [hivemq-platform-operator] [5bcb1279] 18:29:19.377 [ReconcilerExecutor-hivemq-controller-115] DEBUG c.h.p.o.HiveMQPlatformReconciler - [helmaddi] StatefulSet Spec (replicas: 1, init containers: 1, containers: 2, volumes: 5)
2025-01-30 18:29:19,383 INFO c.h.h.t.HelmChartContainer - [hivemq-test-hivemq-platform] [hivemq-platform-operator] [5bcb1279] 18:29:19.379 [ReconcilerExecutor-hivemq-controller-115] DEBUG c.h.p.o.h.HiveMQPlatformReconcilerErrorHandler - [helmaddi] Pod 'test-hivemq-platform-0' phase Running
2025-01-30 18:29:19,383 INFO c.h.h.t.HelmChartContainer - [hivemq-test-hivemq-platform] [hivemq-platform-operator] [5bcb1279] 18:29:19.380 [ReconcilerExecutor-hivemq-controller-115] INFO  c.h.p.o.h.HiveMQPlatformReconcilerBaseHandler - [helmaddi] HiveMQ Platform started successfully
2025-01-30 18:29:19,481 INFO c.h.h.t.HelmChartContainer - [hivemq-test-hivemq-platform] [hivemq-platform-operator] [5bcb1279] 18:29:19.479 [ReconcilerExecutor-hivemq-controller-115] DEBUG c.h.p.operator.event.EventSender - [helmaddi] Creating K8s event hivemq-platform-ready: [Ready] HiveMQ Platform is ready
2025-01-30 18:29:19,485 INFO c.h.h.t.HelmChartContainer - [EVENT] Normal [Ready] HiveMQ Platform is ready [helmadditionalcontainersit:test-hivemq-platform]
2025-01-30 18:29:19,487 INFO c.h.h.t.HelmChartContainer - [hivemq-test-hivemq-platform] [hivemq-platform-operator] [5bcb1279] 18:29:19.485 [ReconcilerExecutor-hivemq-controller-115] INFO  c.h.p.o.h.AbstractHiveMQReconcilerStateHandler - [helmaddi] Update HiveMQ Platform Status (STARTING [READY] -> RUNNING [READY]): HiveMQ Platform is ready
2025-01-30 18:29:19,496 DEBUG com.hivemq.helmcharts.util.K8sUtil - Comparing actual state 'RUNNING' and waiting for 'RUNNING'
2025-01-30 18:29:19,585 INFO c.h.h.t.HelmChartContainer - [hivemq-test-hivemq-platform] [hivemq-platform-operator] [5bcb1279] 18:29:19.578 [pool-6-thread-13] DEBUG c.h.p.o.d.PlatformServiceResource - [helmaddi] Desired Platform services (3 services)
2025-01-30 18:29:19,585 INFO c.h.h.t.HelmChartContainer - [hivemq-test-hivemq-platform] [hivemq-platform-operator] [5bcb1279] 18:29:19.579 [pool-6-thread-18] DEBUG c.h.p.o.dependants.PodInfoConfigMap - [helmaddi] Desired PodInfo ConfigMap (1 extensions) (1 enabled)
2025-01-30 18:29:19,585 INFO c.h.h.t.HelmChartContainer - [hivemq-test-hivemq-platform] [hivemq-platform-operator] [5bcb1279] 18:29:19.579 [pool-6-thread-18] DEBUG c.h.p.o.dependants.PodInfoConfigMap - [helmaddi] Desired PodInfo ConfigMap (metrics port: 9399) (metrics path: /)
2025-01-30 18:29:19,586 INFO c.h.h.t.HelmChartContainer - [hivemq-test-hivemq-platform] [hivemq-platform-operator] [5bcb1279] 18:29:19.579 [pool-6-thread-18] DEBUG c.h.p.o.dependants.PodInfoConfigMap - [helmaddi] Desired PodInfo ConfigMap (extension state hash: -1817474005)
2025-01-30 18:29:19,586 INFO c.h.h.t.HelmChartContainer - [hivemq-test-hivemq-platform] [hivemq-platform-operator] [5bcb1279] 18:29:19.580 [pool-6-thread-11] DEBUG c.h.p.o.d.PodServiceAccountResource - [helmaddi] Desired PodServiceAccountResource (serviceAccountName: hivemq-platform-pod-test-hivemq-platform)
2025-01-30 18:29:19,586 INFO c.h.h.t.HelmChartContainer - [hivemq-test-hivemq-platform] [hivemq-platform-operator] [5bcb1279] 18:29:19.582 [pool-6-thread-18] DEBUG c.h.p.o.dependants.PodInfoConfigMap - [helmaddi] Update PodInfo ConfigMap
2025-01-30 18:29:19,677 INFO c.h.h.t.HelmChartContainer - [hivemq-test-hivemq-platform] [hivemq-platform-operator] [5bcb1279] 18:29:19.676 [pool-6-thread-18] DEBUG c.h.p.o.d.StatefulSetResource - [helmaddi] Desired StatefulSet (1 replicas) for status RUNNING (READY)
2025-01-30 18:29:19,682 INFO c.h.h.t.HelmChartContainer - [hivemq-test-hivemq-platform] [hivemq-platform-operator] [5bcb1279] 18:29:19.680 [ReconcilerExecutor-hivemq-controller-116] INFO  c.h.p.o.HiveMQPlatformReconciler - [helmaddi] Reconciling HiveMQ Platform 'test-hivemq-platform' in namespace 'helmadditionalcontainersit'
2025-01-30 18:29:19,682 INFO c.h.h.t.HelmChartContainer - [hivemq-test-hivemq-platform] [hivemq-platform-operator] [5bcb1279] 18:29:19.680 [ReconcilerExecutor-hivemq-controller-116] DEBUG c.h.p.o.HiveMQPlatformReconciler - [helmaddi] Custom Resource Status RUNNING - HiveMQ Platform is ready (READY)
2025-01-30 18:29:19,682 INFO c.h.h.t.HelmChartContainer - [hivemq-test-hivemq-platform] [hivemq-platform-operator] [5bcb1279] 18:29:19.680 [ReconcilerExecutor-hivemq-controller-116] DEBUG c.h.p.o.HiveMQPlatformReconciler - [helmaddi] Custom Resource Spec (replicas: 1) (extensions: 1)
2025-01-30 18:29:19,685 INFO c.h.h.t.HelmChartContainer - [hivemq-test-hivemq-platform] [hivemq-platform-operator] [5bcb1279] 18:29:19.683 [ReconcilerExecutor-hivemq-controller-116] DEBUG c.h.p.o.HiveMQPlatformReconciler - [helmaddi] StatefulSet Status (revision: test-hivemq-platform-666657c555, replicas: 1, available: 1, ready: 1, current: 1, updated: 1)
2025-01-30 18:29:19,685 INFO c.h.h.t.HelmChartContainer - [hivemq-test-hivemq-platform] [hivemq-platform-operator] [5bcb1279] 18:29:19.683 [ReconcilerExecutor-hivemq-controller-116] DEBUG c.h.p.o.HiveMQPlatformReconciler - [helmaddi] StatefulSet Spec (replicas: 1, init containers: 1, containers: 2, volumes: 5)
2025-01-30 18:29:19,686 INFO c.h.h.t.HelmChartContainer - [hivemq-test-hivemq-platform] [hivemq-platform-operator] [5bcb1279] 18:29:19.685 [ReconcilerExecutor-hivemq-controller-116] DEBUG c.h.p.o.h.HiveMQPlatformReconcilerErrorHandler - [helmaddi] Pod 'test-hivemq-platform-0' phase Running
2025-01-30 18:29:21,543 INFO c.h.h.testcontainer.LogWaiterUtil - TEST Waiting for log pattern on 'test-hivemq-platform-0': .*License file license.lic is corrupt.
2025-01-30 18:29:21,545 INFO c.h.h.t.HelmChartContainer - Uninstalling release 'test-hivemq-platform' in namespace 'helmadditionalcontainersit'...
2025-01-30 18:29:21,546 DEBUG c.h.h.t.HelmChartContainer - Executing helm command: /bin/helm --kubeconfig /etc/rancher/k3s/k3s.yaml uninstall test-hivemq-platform  --wait --timeout 5m0s --cascade foreground --namespace helmadditionalcontainersit
2025-01-30 18:29:21,752 INFO c.h.h.t.HelmChartContainer - [hivemq-test-hivemq-platform] [hivemq-platform-operator] [5bcb1279] 18:29:21.746 [pool-6-thread-26] DEBUG c.h.p.o.dependants.PodInfoConfigMap - [helmaddi] Desired PodInfo ConfigMap (1 extensions) (1 enabled)
2025-01-30 18:29:21,752 INFO c.h.h.t.HelmChartContainer - [hivemq-test-hivemq-platform] [hivemq-platform-operator] [5bcb1279] 18:29:21.746 [pool-6-thread-26] DEBUG c.h.p.o.dependants.PodInfoConfigMap - [helmaddi] Desired PodInfo ConfigMap (metrics port: 9399) (metrics path: /)
2025-01-30 18:29:21,752 INFO c.h.h.t.HelmChartContainer - [hivemq-test-hivemq-platform] [hivemq-platform-operator] [5bcb1279] 18:29:21.746 [pool-6-thread-26] DEBUG c.h.p.o.dependants.PodInfoConfigMap - [helmaddi] Desired PodInfo ConfigMap (extension state hash: -1817474005)
2025-01-30 18:29:21,752 INFO c.h.h.t.HelmChartContainer - [hivemq-test-hivemq-platform] [hivemq-platform-operator] [5bcb1279] 18:29:21.747 [pool-6-thread-25] DEBUG c.h.p.o.d.PlatformServiceResource - [helmaddi] Desired Platform services (3 services)
2025-01-30 18:29:21,752 INFO c.h.h.t.HelmChartContainer - [hivemq-test-hivemq-platform] [hivemq-platform-operator] [5bcb1279] 18:29:21.747 [pool-6-thread-23] DEBUG c.h.p.o.d.PodServiceAccountResource - [helmaddi] Desired PodServiceAccountResource (serviceAccountName: hivemq-platform-pod-test-hivemq-platform)
2025-01-30 18:29:21,764 INFO c.h.h.t.HelmChartContainer - [hivemq-test-hivemq-platform] [hivemq-platform-operator] [5bcb1279] 18:29:21.755 [pool-6-thread-25] DEBUG c.h.p.o.d.StatefulSetResource - [helmaddi] Desired StatefulSet (1 replicas) for status RUNNING (READY)
2025-01-30 18:29:21,789 INFO c.h.h.t.HelmChartContainer - [hivemq-test-hivemq-platform] [hivemq-platform-operator] [5bcb1279] 18:29:21.781 [ReconcilerExecutor-hivemq-controller-117] INFO  c.h.p.o.HiveMQPlatformReconciler - [helmaddi] Reconciling HiveMQ Platform 'test-hivemq-platform' in namespace 'helmadditionalcontainersit'
2025-01-30 18:29:21,789 INFO c.h.h.t.HelmChartContainer - [hivemq-test-hivemq-platform] [hivemq-platform-operator] [5bcb1279] 18:29:21.783 [ReconcilerExecutor-hivemq-controller-117] DEBUG c.h.p.o.HiveMQPlatformReconciler - [helmaddi] Custom Resource Status RUNNING - HiveMQ Platform is ready (READY)
2025-01-30 18:29:21,789 INFO c.h.h.t.HelmChartContainer - [hivemq-test-hivemq-platform] [hivemq-platform-operator] [5bcb1279] 18:29:21.783 [ReconcilerExecutor-hivemq-controller-117] DEBUG c.h.p.o.HiveMQPlatformReconciler - [helmaddi] Custom Resource Spec (replicas: 1) (extensions: 1)
2025-01-30 18:29:21,789 INFO c.h.h.t.HelmChartContainer - [hivemq-test-hivemq-platform] [hivemq-platform-operator] [5bcb1279] 18:29:21.783 [ReconcilerExecutor-hivemq-controller-117] WARN  c.h.p.o.h.HiveMQPlatformReconcilerErrorHandler - [helmaddi] Could not find ConfigMap 'hivemq-configuration-test-hivemq-platform' for HiveMQ Platform configuration
2025-01-30 18:29:21,950 INFO c.h.h.t.HelmChartContainer - [hivemq-test-hivemq-platform] [hivemq-platform-operator] [5bcb1279] 18:29:21.949 [ReconcilerExecutor-hivemq-controller-117] DEBUG c.h.p.operator.event.EventSender - [helmaddi] Creating K8s event hivemq-platform-invalid-configuration: [Start] Could not find ConfigMap 'hivemq-configuration-test-hivemq-platform' for HiveMQ Platform configuration
2025-01-30 18:29:21,979 INFO c.h.h.t.HelmChartContainer - [EVENT] Warning [Start] Could not find ConfigMap 'hivemq-configuration-test-hivemq-platform' for HiveMQ Platform configuration [helmadditionalcontainersit:test-hivemq-platform]
2025-01-30 18:29:21,981 INFO c.h.h.t.HelmChartContainer - [hivemq-test-hivemq-platform] [hivemq-platform-operator] [5bcb1279] 18:29:21.980 [ReconcilerExecutor-hivemq-controller-117] INFO  c.h.p.o.h.AbstractHiveMQReconcilerStateHandler - [helmaddi] Update HiveMQ Platform Status (RUNNING [READY] -> ERROR [INVALID_CONFIG_MAP]): Could not find ConfigMap 'hivemq-configuration-test-hivemq-platform' for HiveMQ Platform configuration
2025-01-30 18:29:22,038 INFO c.h.h.t.HelmChartContainer - [hivemq-test-hivemq-platform] [hivemq-platform-operator] [5bcb1279] 18:29:21.988 [ReconcilerExecutor-hivemq-controller-117] ERROR i.j.o.p.event.EventProcessor - Error during event processing ExecutionScope{ resource id: ResourceID{name='test-hivemq-platform', namespace='helmadditionalcontainersit'}, version: 607}
2025-01-30 18:29:22,038 INFO c.h.h.t.HelmChartContainer - [hivemq-test-hivemq-platform] [hivemq-platform-operator] [5bcb1279] io.fabric8.kubernetes.client.KubernetesClientException: Failure executing: PUT at: https://10.43.0.1:443/apis/hivemq.com/v1/namespaces/helmadditionalcontainersit/hivemq-platforms/test-hivemq-platform/status. Message: Operation cannot be fulfilled on hivemq-platforms.hivemq.com "test-hivemq-platform": the object has been modified; please apply your changes to the latest version and try again. Received status: Status(apiVersion=v1, code=409, details=StatusDetails(causes=[], group=hivemq.com, kind=hivemq-platforms, name=test-hivemq-platform, retryAfterSeconds=null, uid=null, additionalProperties={}), kind=Status, message=Operation cannot be fulfilled on hivemq-platforms.hivemq.com "test-hivemq-platform": the object has been modified; please apply your changes to the latest version and try again, metadata=ListMeta(_continue=null, remainingItemCount=null, resourceVersion=null, selfLink=null, additionalProperties={}), reason=Conflict, status=Failure, additionalProperties={}).
2025-01-30 18:29:22,038 INFO c.h.h.t.HelmChartContainer - [hivemq-test-hivemq-platform] [hivemq-platform-operator] [5bcb1279] 	at io.fabric8.kubernetes.client.KubernetesClientException.copyAsCause(KubernetesClientException.java:238)
2025-01-30 18:29:22,038 INFO c.h.h.t.HelmChartContainer - [hivemq-test-hivemq-platform] [hivemq-platform-operator] [5bcb1279] 	at io.fabric8.kubernetes.client.dsl.internal.OperationSupport.waitForResult(OperationSupport.java:507)
2025-01-30 18:29:22,038 INFO c.h.h.t.HelmChartContainer - [hivemq-test-hivemq-platform] [hivemq-platform-operator] [5bcb1279] 	at io.fabric8.kubernetes.client.dsl.internal.OperationSupport.handleResponse(OperationSupport.java:524)
2025-01-30 18:29:22,038 INFO c.h.h.t.HelmChartContainer - [hivemq-test-hivemq-platform] [hivemq-platform-operator] [5bcb1279] 	at io.fabric8.kubernetes.client.dsl.internal.OperationSupport.handleUpdate(OperationSupport.java:358)
2025-01-30 18:29:22,038 INFO c.h.h.t.HelmChartContainer - [hivemq-test-hivemq-platform] [hivemq-platform-operator] [5bcb1279] 	at io.fabric8.kubernetes.client.dsl.internal.BaseOperation.handleUpdate(BaseOperation.java:759)
2025-01-30 18:29:22,038 INFO c.h.h.t.HelmChartContainer - [hivemq-test-hivemq-platform] [hivemq-platform-operator] [5bcb1279] 	at io.fabric8.kubernetes.client.dsl.internal.HasMetadataOperation.update(HasMetadataOperation.java:138)
2025-01-30 18:29:22,038 INFO c.h.h.t.HelmChartContainer - [hivemq-test-hivemq-platform] [hivemq-platform-operator] [5bcb1279] 	at io.fabric8.kubernetes.client.dsl.internal.HasMetadataOperation.update(HasMetadataOperation.java:121)
2025-01-30 18:29:22,038 INFO c.h.h.t.HelmChartContainer - [hivemq-test-hivemq-platform] [hivemq-platform-operator] [5bcb1279] 	at io.fabric8.kubernetes.client.dsl.internal.HasMetadataOperation.updateStatus(HasMetadataOperation.java:126)
2025-01-30 18:29:22,038 INFO c.h.h.t.HelmChartContainer - [hivemq-test-hivemq-platform] [hivemq-platform-operator] [5bcb1279] 	at io.fabric8.kubernetes.client.dsl.internal.HasMetadataOperation.updateStatus(HasMetadataOperation.java:44)
2025-01-30 18:29:22,038 INFO c.h.h.t.HelmChartContainer - [hivemq-test-hivemq-platform] [hivemq-platform-operator] [5bcb1279] 	at io.javaoperatorsdk.operator.processing.event.ReconciliationDispatcher$CustomResourceFacade.updateStatus(ReconciliationDispatcher.java:408)
2025-01-30 18:29:22,038 INFO c.h.h.t.HelmChartContainer - [hivemq-test-hivemq-platform] [hivemq-platform-operator] [5bcb1279] 	at io.javaoperatorsdk.operator.processing.event.ReconciliationDispatcher.updateStatusGenerationAware(ReconciliationDispatcher.java:228)
2025-01-30 18:29:22,038 INFO c.h.h.t.HelmChartContainer - [hivemq-test-hivemq-platform] [hivemq-platform-operator] [5bcb1279] 	at io.javaoperatorsdk.operator.processing.event.ReconciliationDispatcher.reconcileExecution(ReconciliationDispatcher.java:150)
2025-01-30 18:29:22,038 INFO c.h.h.t.HelmChartContainer - [hivemq-test-hivemq-platform] [hivemq-platform-operator] [5bcb1279] 	at io.javaoperatorsdk.operator.processing.event.ReconciliationDispatcher.handleReconcile(ReconciliationDispatcher.java:117)
2025-01-30 18:29:22,038 INFO c.h.h.t.HelmChartContainer - [hivemq-test-hivemq-platform] [hivemq-platform-operator] [5bcb1279] 	at io.javaoperatorsdk.operator.processing.event.ReconciliationDispatcher.handleDispatch(ReconciliationDispatcher.java:91)
2025-01-30 18:29:22,039 INFO c.h.h.t.HelmChartContainer - [hivemq-test-hivemq-platform] [hivemq-platform-operator] [5bcb1279] 	at io.javaoperatorsdk.operator.processing.event.ReconciliationDispatcher.handleExecution(ReconciliationDispatcher.java:64)
2025-01-30 18:29:22,039 INFO c.h.h.t.HelmChartContainer - [hivemq-test-hivemq-platform] [hivemq-platform-operator] [5bcb1279] 	at io.javaoperatorsdk.operator.processing.event.EventProcessor$ReconcilerExecutor.run(EventProcessor.java:452)
2025-01-30 18:29:22,039 INFO c.h.h.t.HelmChartContainer - [hivemq-test-hivemq-platform] [hivemq-platform-operator] [5bcb1279] 	at java.base/java.util.concurrent.ThreadPoolExecutor.runWorker(Unknown Source)
2025-01-30 18:29:22,039 INFO c.h.h.t.HelmChartContainer - [hivemq-test-hivemq-platform] [hivemq-platform-operator] [5bcb1279] 	at java.base/java.util.concurrent.ThreadPoolExecutor$Worker.run(Unknown Source)
2025-01-30 18:29:22,039 INFO c.h.h.t.HelmChartContainer - [hivemq-test-hivemq-platform] [hivemq-platform-operator] [5bcb1279] 	at java.base/java.lang.Thread.run(Unknown Source)
2025-01-30 18:29:22,039 INFO c.h.h.t.HelmChartContainer - [hivemq-test-hivemq-platform] [hivemq-platform-operator] [5bcb1279] Caused by: io.fabric8.kubernetes.client.KubernetesClientException: Failure executing: PUT at: https://10.43.0.1:443/apis/hivemq.com/v1/namespaces/helmadditionalcontainersit/hivemq-platforms/test-hivemq-platform/status. Message: Operation cannot be fulfilled on hivemq-platforms.hivemq.com "test-hivemq-platform": the object has been modified; please apply your changes to the latest version and try again. Received status: Status(apiVersion=v1, code=409, details=StatusDetails(causes=[], group=hivemq.com, kind=hivemq-platforms, name=test-hivemq-platform, retryAfterSeconds=null, uid=null, additionalProperties={}), kind=Status, message=Operation cannot be fulfilled on hivemq-platforms.hivemq.com "test-hivemq-platform": the object has been modified; please apply your changes to the latest version and try again, metadata=ListMeta(_continue=null, remainingItemCount=null, resourceVersion=null, selfLink=null, additionalProperties={}), reason=Conflict, status=Failure, additionalProperties={}).
2025-01-30 18:29:22,039 INFO c.h.h.t.HelmChartContainer - [hivemq-test-hivemq-platform] [hivemq-platform-operator] [5bcb1279] 	at io.fabric8.kubernetes.client.dsl.internal.OperationSupport.requestFailure(OperationSupport.java:660)
2025-01-30 18:29:22,039 INFO c.h.h.t.HelmChartContainer - [hivemq-test-hivemq-platform] [hivemq-platform-operator] [5bcb1279] 	at io.fabric8.kubernetes.client.dsl.internal.OperationSupport.requestFailure(OperationSupport.java:640)
2025-01-30 18:29:22,039 INFO c.h.h.t.HelmChartContainer - [hivemq-test-hivemq-platform] [hivemq-platform-operator] [5bcb1279] 	at io.fabric8.kubernetes.client.dsl.internal.OperationSupport.assertResponseCode(OperationSupport.java:589)
2025-01-30 18:29:22,039 INFO c.h.h.t.HelmChartContainer - [hivemq-test-hivemq-platform] [hivemq-platform-operator] [5bcb1279] 	at io.fabric8.kubernetes.client.dsl.internal.OperationSupport.lambda$handleResponse$0(OperationSupport.java:549)
2025-01-30 18:29:22,039 INFO c.h.h.t.HelmChartContainer - [hivemq-test-hivemq-platform] [hivemq-platform-operator] [5bcb1279] 	at java.base/java.util.concurrent.CompletableFuture$UniApply.tryFire(Unknown Source)
2025-01-30 18:29:22,039 INFO c.h.h.t.HelmChartContainer - [hivemq-test-hivemq-platform] [hivemq-platform-operator] [5bcb1279] 	at java.base/java.util.concurrent.CompletableFuture.postComplete(Unknown Source)
2025-01-30 18:29:22,039 INFO c.h.h.t.HelmChartContainer - [hivemq-test-hivemq-platform] [hivemq-platform-operator] [5bcb1279] 	at java.base/java.util.concurrent.CompletableFuture.complete(Unknown Source)
2025-01-30 18:29:22,039 INFO c.h.h.t.HelmChartContainer - [hivemq-test-hivemq-platform] [hivemq-platform-operator] [5bcb1279] 	at io.fabric8.kubernetes.client.http.StandardHttpClient.lambda$completeOrCancel$10(StandardHttpClient.java:141)
2025-01-30 18:29:22,039 INFO c.h.h.t.HelmChartContainer - [hivemq-test-hivemq-platform] [hivemq-platform-operator] [5bcb1279] 	at java.base/java.util.concurrent.CompletableFuture.uniWhenComplete(Unknown Source)
2025-01-30 18:29:22,039 INFO c.h.h.t.HelmChartContainer - [hivemq-test-hivemq-platform] [hivemq-platform-operator] [5bcb1279] 	at java.base/java.util.concurrent.CompletableFuture$UniWhenComplete.tryFire(Unknown Source)
2025-01-30 18:29:22,039 INFO c.h.h.t.HelmChartContainer - [hivemq-test-hivemq-platform] [hivemq-platform-operator] [5bcb1279] 	at java.base/java.util.concurrent.CompletableFuture.postComplete(Unknown Source)
2025-01-30 18:29:22,039 INFO c.h.h.t.HelmChartContainer - [hivemq-test-hivemq-platform] [hivemq-platform-operator] [5bcb1279] 	at java.base/java.util.concurrent.CompletableFuture.complete(Unknown Source)
2025-01-30 18:29:22,039 INFO c.h.h.t.HelmChartContainer - [hivemq-test-hivemq-platform] [hivemq-platform-operator] [5bcb1279] 	at io.fabric8.kubernetes.client.http.ByteArrayBodyHandler.onBodyDone(ByteArrayBodyHandler.java:51)
2025-01-30 18:29:22,039 INFO c.h.h.t.HelmChartContainer - [hivemq-test-hivemq-platform] [hivemq-platform-operator] [5bcb1279] 	at java.base/java.util.concurrent.CompletableFuture.uniWhenComplete(Unknown Source)
2025-01-30 18:29:22,039 INFO c.h.h.t.HelmChartContainer - [hivemq-test-hivemq-platform] [hivemq-platform-operator] [5bcb1279] 	at java.base/java.util.concurrent.CompletableFuture$UniWhenComplete.tryFire(Unknown Source)
2025-01-30 18:29:22,039 INFO c.h.h.t.HelmChartContainer - [hivemq-test-hivemq-platform] [hivemq-platform-operator] [5bcb1279] 	at java.base/java.util.concurrent.CompletableFuture.postComplete(Unknown Source)
2025-01-30 18:29:22,039 INFO c.h.h.t.HelmChartContainer - [hivemq-test-hivemq-platform] [hivemq-platform-operator] [5bcb1279] 	at java.base/java.util.concurrent.CompletableFuture.complete(Unknown Source)
2025-01-30 18:29:22,039 INFO c.h.h.t.HelmChartContainer - [hivemq-test-hivemq-platform] [hivemq-platform-operator] [5bcb1279] 	at io.fabric8.kubernetes.client.vertx.VertxHttpRequest.lambda$null$1(VertxHttpRequest.java:121)
2025-01-30 18:29:22,039 INFO c.h.h.t.HelmChartContainer - [hivemq-test-hivemq-platform] [hivemq-platform-operator] [5bcb1279] 	at io.vertx.core.impl.ContextInternal.dispatch(ContextInternal.java:279)
2025-01-30 18:29:22,039 INFO c.h.h.t.HelmChartContainer - [hivemq-test-hivemq-platform] [hivemq-platform-operator] [5bcb1279] 	at io.vertx.core.impl.ContextInternal.dispatch(ContextInternal.java:261)
2025-01-30 18:29:22,039 INFO c.h.h.t.HelmChartContainer - [hivemq-test-hivemq-platform] [hivemq-platform-operator] [5bcb1279] 	at io.vertx.core.http.impl.HttpEventHandler.handleEnd(HttpEventHandler.java:76)
2025-01-30 18:29:22,039 INFO c.h.h.t.HelmChartContainer - [hivemq-test-hivemq-platform] [hivemq-platform-operator] [5bcb1279] 	at io.vertx.core.http.impl.HttpClientResponseImpl.handleEnd(HttpClientResponseImpl.java:250)
2025-01-30 18:29:22,039 INFO c.h.h.t.HelmChartContainer - [hivemq-test-hivemq-platform] [hivemq-platform-operator] [5bcb1279] 	at io.vertx.core.http.impl.Http1xClientConnection$StreamImpl.lambda$new$0(Http1xClientConnection.java:421)
2025-01-30 18:29:22,039 INFO c.h.h.t.HelmChartContainer - [hivemq-test-hivemq-platform] [hivemq-platform-operator] [5bcb1279] 	at io.vertx.core.streams.impl.InboundBuffer.handleEvent(InboundBuffer.java:279)
2025-01-30 18:29:22,039 INFO c.h.h.t.HelmChartContainer - [hivemq-test-hivemq-platform] [hivemq-platform-operator] [5bcb1279] 	at io.vertx.core.streams.impl.InboundBuffer.write(InboundBuffer.java:157)
2025-01-30 18:29:22,039 INFO c.h.h.t.HelmChartContainer - [hivemq-test-hivemq-platform] [hivemq-platform-operator] [5bcb1279] 	at io.vertx.core.http.impl.Http1xClientConnection$StreamImpl.handleEnd(Http1xClientConnection.java:709)
2025-01-30 18:29:22,039 INFO c.h.h.t.HelmChartContainer - [hivemq-test-hivemq-platform] [hivemq-platform-operator] [5bcb1279] 	at io.vertx.core.impl.ContextImpl.lambda$execute$4(ContextImpl.java:315)
2025-01-30 18:29:22,039 INFO c.h.h.t.HelmChartContainer - [hivemq-test-hivemq-platform] [hivemq-platform-operator] [5bcb1279] 	at io.netty.util.concurrent.AbstractEventExecutor.runTask(AbstractEventExecutor.java:173)
2025-01-30 18:29:22,039 INFO c.h.h.t.HelmChartContainer - [hivemq-test-hivemq-platform] [hivemq-platform-operator] [5bcb1279] 	at io.netty.util.concurrent.AbstractEventExecutor.safeExecute(AbstractEventExecutor.java:166)
2025-01-30 18:29:22,039 INFO c.h.h.t.HelmChartContainer - [hivemq-test-hivemq-platform] [hivemq-platform-operator] [5bcb1279] 	at io.netty.util.concurrent.SingleThreadEventExecutor.runAllTasks(SingleThreadEventExecutor.java:472)
2025-01-30 18:29:22,039 INFO c.h.h.t.HelmChartContainer - [hivemq-test-hivemq-platform] [hivemq-platform-operator] [5bcb1279] 	at io.netty.channel.nio.NioEventLoop.run(NioEventLoop.java:569)
2025-01-30 18:29:22,039 INFO c.h.h.t.HelmChartContainer - [hivemq-test-hivemq-platform] [hivemq-platform-operator] [5bcb1279] 	at io.netty.util.concurrent.SingleThreadEventExecutor$4.run(SingleThreadEventExecutor.java:997)
2025-01-30 18:29:22,039 INFO c.h.h.t.HelmChartContainer - [hivemq-test-hivemq-platform] [hivemq-platform-operator] [5bcb1279] 	at io.netty.util.internal.ThreadExecutorMap$2.run(ThreadExecutorMap.java:74)
2025-01-30 18:29:22,039 INFO c.h.h.t.HelmChartContainer - [hivemq-test-hivemq-platform] [hivemq-platform-operator] [5bcb1279] 	at io.netty.util.concurrent.FastThreadLocalRunnable.run(FastThreadLocalRunnable.java:30)
2025-01-30 18:29:22,039 INFO c.h.h.t.HelmChartContainer - [hivemq-test-hivemq-platform] [hivemq-platform-operator] [5bcb1279] 	... 1 common frames omitted
2025-01-30 18:29:22,049 INFO c.h.h.t.HelmChartContainer - [hivemq-test-hivemq-platform] [hivemq-platform-operator] [5bcb1279] 18:29:22.043 [ReconcilerExecutor-hivemq-controller-122] INFO  c.h.p.o.HiveMQPlatformReconciler - [helmaddi] Cleanup test-hivemq-platform - helmadditionalcontainersit HiveMQ Platform is shut down
2025-01-30 18:29:22,552 INFO c.h.h.t.HelmChartContainer - [POD] test-hivemq-platform-0 [cd7d90d4-f6b0-4577-90c8-62018ebf19e5] in helmadditionalcontainersit was MODIFIED
2025-01-30 18:29:22,559 INFO c.h.h.t.HelmChartContainer - [EVENT] Normal [Killing] Stopping container hivemq [helmadditionalcontainersit:test-hivemq-platform-0]
2025-01-30 18:29:22,559 INFO c.h.h.t.HelmChartContainer - Received Killing event for container hivemq in pod test-hivemq-platform-0 [cd7d90d4-f6b0-4577-90c8-62018ebf19e5]
2025-01-30 18:29:22,559 INFO c.h.h.t.HelmChartContainer - Container [test-hivemq-platform-0] [hivemq] [cd7d90d4-f6b0-4577-90c8-62018ebf19e5] was terminated
2025-01-30 18:29:22,559 INFO c.h.h.t.HelmChartContainer - Stopped log watcher for hivemq in pod test-hivemq-platform-0 [cd7d90d4-f6b0-4577-90c8-62018ebf19e5]
2025-01-30 18:29:22,574 INFO c.h.h.t.HelmChartContainer - [EVENT] Normal [Killing] Stopping container consul-template-container [helmadditionalcontainersit:test-hivemq-platform-0]
2025-01-30 18:29:22,588 INFO c.h.h.t.HelmChartContainer - [test-hivemq-platform] [hivemq] [cd7d90d4] INFO  - [HiveMQ Platform Operator Init App 1.7.0-SNAPSHOT] Shutting down
2025-01-30 18:29:22,588 INFO c.h.h.t.HelmChartContainer - [test-hivemq-platform] [hivemq] [cd7d90d4] INFO  - [HiveMQ Platform Operator Init App 1.7.0-SNAPSHOT] Stopping the HiveMQ Platform
2025-01-30 18:29:22,689 INFO c.h.h.t.HelmChartContainer - [test-hivemq-platform] [hivemq] [cd7d90d4] INFO  - Shutting down HiveMQ. Please wait, this could take a while...
2025-01-30 18:29:22,692 INFO c.h.h.t.HelmChartContainer - [test-hivemq-platform] [hivemq] [cd7d90d4] INFO  - Shutting down listeners and clients
2025-01-30 18:29:22,775 INFO c.h.h.t.HelmChartContainer - [test-hivemq-platform] [hivemq] [cd7d90d4] INFO  - Shutdown of listeners is done
2025-01-30 18:29:22,776 INFO c.h.h.t.HelmChartContainer - [test-hivemq-platform] [hivemq] [cd7d90d4] INFO  - No clients are connected, proceeding with shutdown
2025-01-30 18:29:23,807 INFO c.h.h.t.HelmChartContainer - Deleting namespace 'helmadditionalcontainersit'...
2025-01-30 18:29:24,290 INFO c.h.h.t.HelmChartContainer - [test-hivemq-platform] [hivemq] [cd7d90d4] INFO  - [HiveMQ Platform Operator Init App 1.7.0-SNAPSHOT] Returning shutdown Health API response 503 for readiness
2025-01-30 18:29:24,294 INFO c.h.h.t.HelmChartContainer - [EVENT] Warning [Unhealthy] Readiness probe failed: HTTP probe failed with statuscode: 503 [helmadditionalcontainersit:test-hivemq-platform-0]
2025-01-30 18:29:24,295 INFO c.h.h.t.HelmChartContainer - Received Unhealthy event for container hivemq in pod test-hivemq-platform-0 [cd7d90d4-f6b0-4577-90c8-62018ebf19e5]
2025-01-30 18:29:24,791 INFO c.h.h.t.HelmChartContainer - [K3S] [authentication.go:74] "Unable to authenticate the request" err="[invalid bearer token, serviceaccounts \"hivemq-platform-pod-test-hivemq-platform\" not found]"
2025-01-30 18:29:24,811 INFO c.h.h.t.HelmChartContainer - [K3S] [authentication.go:74] "Unable to authenticate the request" err="[invalid bearer token, serviceaccounts \"hivemq-platform-pod-test-hivemq-platform\" not found]"
2025-01-30 18:29:24,885 INFO c.h.h.t.HelmChartContainer - [test-hivemq-platform] [hivemq] [cd7d90d4] WARN  - [HiveMQ Platform Operator Init App 1.7.0-SNAPSHOT] Could not update Pod annotations: Failure executing: GET at: https://10.43.0.1:443/api/v1/namespaces/helmadditionalcontainersit/pods/test-hivemq-platform-0. Message: Unauthorized. Received status: Status(apiVersion=v1, code=401, details=null, kind=Status, message=Unauthorized, metadata=ListMeta(_continue=null, remainingItemCount=null, resourceVersion=null, selfLink=null, additionalProperties={}), reason=Unauthorized, status=Failure, additionalProperties={}).
2025-01-30 18:29:26,082 INFO c.h.h.t.HelmChartContainer - [test-hivemq-platform] [hivemq] [cd7d90d4] INFO  - Shutting down extension system
2025-01-30 18:29:26,084 INFO c.h.h.t.HelmChartContainer - [test-hivemq-platform] [hivemq] [cd7d90d4] INFO  - Stopping extension with id hivemq-dns-cluster-discovery
2025-01-30 18:29:26,086 INFO c.h.h.t.HelmChartContainer - [test-hivemq-platform] [hivemq] [cd7d90d4] INFO  - Extension "DNS Cluster Discovery Extension" version 4.3.2 stopped successfully.
2025-01-30 18:29:26,086 INFO c.h.h.t.HelmChartContainer - [test-hivemq-platform] [hivemq] [cd7d90d4] INFO  - Stopping extension with id hivemq-prometheus-extension
2025-01-30 18:29:26,091 INFO c.h.h.t.HelmChartContainer - [test-hivemq-platform] [hivemq] [cd7d90d4] INFO  - Extension "Prometheus Monitoring Extension" version 4.0.12 stopped successfully.
2025-01-30 18:29:26,092 INFO c.h.h.t.HelmChartContainer - [test-hivemq-platform] [hivemq] [cd7d90d4] INFO  - Stopping extension with id hivemq-allow-all-extension
2025-01-30 18:29:26,092 INFO c.h.h.t.HelmChartContainer - [test-hivemq-platform] [hivemq] [cd7d90d4] INFO  - Extension "Allow All Extension" version 1.1.1 stopped successfully.
2025-01-30 18:29:28,385 INFO c.h.h.t.HelmChartContainer - [test-hivemq-platform] [hivemq] [cd7d90d4] INFO  - Shutdown completed.
2025-01-30 18:29:28,735 INFO c.h.h.t.HelmChartContainer - [test-hivemq-platform] [hivemq] [cd7d90d4] INFO  - [HiveMQ Platform Operator Init App 1.7.0-SNAPSHOT] The HiveMQ Platform exited with code 143
2025-01-30 18:29:28,736 INFO c.h.h.t.HelmChartContainer - [test-hivemq-platform] [hivemq] [cd7d90d4] INFO  - [HiveMQ Platform Operator Init App 1.7.0-SNAPSHOT] Stopping the REST API
2025-01-30 18:29:28,741 INFO c.h.h.t.HelmChartContainer - [test-hivemq-platform] [hivemq] [cd7d90d4] INFO  - [HiveMQ Platform Operator Init App 1.7.0-SNAPSHOT] Shutdown complete
2025-01-30 18:29:28,882 INFO c.h.h.t.HelmChartContainer - [K3S] [stateful_set.go:466] "StatefulSet has been deleted" key="helmadditionalcontainersit/test-hivemq-platform"
2025-01-30 18:29:29,208 INFO c.h.h.t.HelmChartContainer - [POD] test-hivemq-platform-0 [cd7d90d4-f6b0-4577-90c8-62018ebf19e5] in helmadditionalcontainersit was MODIFIED
2025-01-30 18:29:29,238 INFO c.h.h.t.HelmChartContainer - [K3S] [reconciler_common.go:162] "operationExecutor.UnmountVolume started for volume \"consul-template-volume\" (UniqueName: \"kubernetes.io/configmap/cd7d90d4-f6b0-4577-90c8-62018ebf19e5-consul-template-volume\") pod \"cd7d90d4-f6b0-4577-90c8-62018ebf19e5\" (UID: \"cd7d90d4-f6b0-4577-90c8-62018ebf19e5\") "
2025-01-30 18:29:29,239 INFO c.h.h.t.HelmChartContainer - [K3S] [reconciler_common.go:162] "operationExecutor.UnmountVolume started for volume \"kube-api-access-zswxk\" (UniqueName: \"kubernetes.io/projected/cd7d90d4-f6b0-4577-90c8-62018ebf19e5-kube-api-access-zswxk\") pod \"cd7d90d4-f6b0-4577-90c8-62018ebf19e5\" (UID: \"cd7d90d4-f6b0-4577-90c8-62018ebf19e5\") "
2025-01-30 18:29:29,239 INFO c.h.h.t.HelmChartContainer - [K3S] [reconciler_common.go:162] "operationExecutor.UnmountVolume started for volume \"license-volume\" (UniqueName: \"kubernetes.io/empty-dir/cd7d90d4-f6b0-4577-90c8-62018ebf19e5-license-volume\") pod \"cd7d90d4-f6b0-4577-90c8-62018ebf19e5\" (UID: \"cd7d90d4-f6b0-4577-90c8-62018ebf19e5\") "
2025-01-30 18:29:29,239 INFO c.h.h.t.HelmChartContainer - [K3S] [reconciler_common.go:162] "operationExecutor.UnmountVolume started for volume \"broker-configuration\" (UniqueName: \"kubernetes.io/configmap/cd7d90d4-f6b0-4577-90c8-62018ebf19e5-broker-configuration\") pod \"cd7d90d4-f6b0-4577-90c8-62018ebf19e5\" (UID: \"cd7d90d4-f6b0-4577-90c8-62018ebf19e5\") "
2025-01-30 18:29:29,239 INFO c.h.h.t.HelmChartContainer - [K3S] [reconciler_common.go:162] "operationExecutor.UnmountVolume started for volume \"operator-init\" (UniqueName: \"kubernetes.io/empty-dir/cd7d90d4-f6b0-4577-90c8-62018ebf19e5-operator-init\") pod \"cd7d90d4-f6b0-4577-90c8-62018ebf19e5\" (UID: \"cd7d90d4-f6b0-4577-90c8-62018ebf19e5\") "
2025-01-30 18:29:29,240 INFO c.h.h.t.HelmChartContainer - [K3S] [reconciler_common.go:162] "operationExecutor.UnmountVolume started for volume \"pod-info\" (UniqueName: \"kubernetes.io/configmap/cd7d90d4-f6b0-4577-90c8-62018ebf19e5-pod-info\") pod \"cd7d90d4-f6b0-4577-90c8-62018ebf19e5\" (UID: \"cd7d90d4-f6b0-4577-90c8-62018ebf19e5\") "
2025-01-30 18:29:29,240 INFO c.h.h.t.HelmChartContainer - [K3S] [reconciler_common.go:299] "Volume detached for volume \"consul-template-volume\" (UniqueName: \"kubernetes.io/configmap/cd7d90d4-f6b0-4577-90c8-62018ebf19e5-consul-template-volume\") on node \"ec2fc2be3df0\" DevicePath \"\""
2025-01-30 18:29:29,339 INFO c.h.h.t.HelmChartContainer - [K3S] [reconciler_common.go:299] "Volume detached for volume \"kube-api-access-zswxk\" (UniqueName: \"kubernetes.io/projected/cd7d90d4-f6b0-4577-90c8-62018ebf19e5-kube-api-access-zswxk\") on node \"ec2fc2be3df0\" DevicePath \"\""
2025-01-30 18:29:29,339 INFO c.h.h.t.HelmChartContainer - [K3S] [reconciler_common.go:299] "Volume detached for volume \"license-volume\" (UniqueName: \"kubernetes.io/empty-dir/cd7d90d4-f6b0-4577-90c8-62018ebf19e5-license-volume\") on node \"ec2fc2be3df0\" DevicePath \"\""
2025-01-30 18:29:29,339 INFO c.h.h.t.HelmChartContainer - [K3S] [reconciler_common.go:299] "Volume detached for volume \"broker-configuration\" (UniqueName: \"kubernetes.io/configmap/cd7d90d4-f6b0-4577-90c8-62018ebf19e5-broker-configuration\") on node \"ec2fc2be3df0\" DevicePath \"\""
2025-01-30 18:29:29,339 INFO c.h.h.t.HelmChartContainer - [K3S] [reconciler_common.go:299] "Volume detached for volume \"operator-init\" (UniqueName: \"kubernetes.io/empty-dir/cd7d90d4-f6b0-4577-90c8-62018ebf19e5-operator-init\") on node \"ec2fc2be3df0\" DevicePath \"\""
2025-01-30 18:29:29,339 INFO c.h.h.t.HelmChartContainer - [K3S] [reconciler_common.go:299] "Volume detached for volume \"pod-info\" (UniqueName: \"kubernetes.io/configmap/cd7d90d4-f6b0-4577-90c8-62018ebf19e5-pod-info\") on node \"ec2fc2be3df0\" DevicePath \"\""
2025-01-30 18:29:29,526 INFO c.h.h.t.HelmChartContainer - [K3S] [scope.go:117] "RemoveContainer" containerID="8e4acee483aaf1ced2de859423927b504acc0ad65cab5347fedc603444dbebe8"
2025-01-30 18:29:29,531 INFO c.h.h.t.HelmChartContainer - [K3S] [scope.go:117] "RemoveContainer" containerID="55ad457e689d9aab97ce3cf4272530d8814f82aefa7ef7f020b40f74eb56edc2"
2025-01-30 18:29:29,539 INFO c.h.h.t.HelmChartContainer - [POD] test-hivemq-platform-0 [cd7d90d4-f6b0-4577-90c8-62018ebf19e5] in helmadditionalcontainersit was MODIFIED
2025-01-30 18:29:29,541 INFO c.h.h.t.HelmChartContainer - [POD] test-hivemq-platform-0 [cd7d90d4-f6b0-4577-90c8-62018ebf19e5] in helmadditionalcontainersit was DELETED
2025-01-30 18:29:29,635 INFO c.h.h.t.HelmChartContainer - [K3S] [scope.go:117] "RemoveContainer" containerID="6ffcaab8202d692a6f8af9828d1cb19d301d500ca8a299c089d29fbdf816e3b1"
2025-01-30 18:29:29,638 INFO c.h.h.t.HelmChartContainer - [K3S] [scope.go:117] "RemoveContainer" containerID="8e4acee483aaf1ced2de859423927b504acc0ad65cab5347fedc603444dbebe8"
2025-01-30 18:29:29,639 INFO c.h.h.t.HelmChartContainer - [K3S] [scope.go:117] "RemoveContainer" containerID="55ad457e689d9aab97ce3cf4272530d8814f82aefa7ef7f020b40f74eb56edc2"
2025-01-30 18:29:29,640 INFO c.h.h.t.HelmChartContainer - [K3S] [scope.go:117] "RemoveContainer" containerID="6ffcaab8202d692a6f8af9828d1cb19d301d500ca8a299c089d29fbdf816e3b1"
2025-01-30 18:29:31,339 INFO c.h.h.t.HelmChartContainer - [K3S] [kubelet_volumes.go:163] "Cleaned up orphaned pod volumes dir" podUID="cd7d90d4-f6b0-4577-90c8-62018ebf19e5" path="/var/lib/kubelet/pods/cd7d90d4-f6b0-4577-90c8-62018ebf19e5/volumes"
2025-01-30 18:29:34,149 INFO c.h.h.t.HelmChartContainer - Namespace 'helmadditionalcontainersit' deleted
2025-01-30 18:29:34,149 INFO c.h.h.t.HelmChartContainer - Release 'test-hivemq-platform' in namespace 'helmadditionalcontainersit' is uninstalled
2025-01-30 18:29:34,149 INFO c.h.h.t.HelmChartContainer - Uninstalling release 'test-hivemq-platform-operator' in namespace 'helmadditionalcontainersit-operator'...
2025-01-30 18:29:34,149 DEBUG c.h.h.t.HelmChartContainer - Executing helm command: /bin/helm --kubeconfig /etc/rancher/k3s/k3s.yaml uninstall test-hivemq-platform-operator  --wait --timeout 5m0s --cascade foreground --namespace helmadditionalcontainersit-operator
2025-01-30 18:29:34,319 INFO c.h.h.t.HelmChartContainer - [K3S] [replica_set.go:679] "Finished syncing" kind="ReplicaSet" key="helmadditionalcontainersit-operator/hivemq-test-hivemq-platform-operator-6966f96d65" duration="10.851782ms"
2025-01-30 18:29:34,321 INFO c.h.h.t.HelmChartContainer - [K3S] [replica_set.go:679] "Finished syncing" kind="ReplicaSet" key="helmadditionalcontainersit-operator/hivemq-test-hivemq-platform-operator-6966f96d65" duration="35.616µs"
2025-01-30 18:29:34,335 INFO c.h.h.t.HelmChartContainer - [POD] hivemq-test-hivemq-platform-operator-6966f96d65-vbgm9 [5bcb1279-46ab-453f-8391-abadf203633b] in helmadditionalcontainersit-operator was MODIFIED
2025-01-30 18:29:34,347 INFO c.h.h.t.HelmChartContainer - [EVENT] Normal [Killing] Stopping container hivemq-platform-operator [helmadditionalcontainersit-operator:hivemq-test-hivemq-platform-operator-6966f96d65-vbgm9]
2025-01-30 18:29:34,347 INFO c.h.h.t.HelmChartContainer - Received Killing event for container hivemq-platform-operator in pod hivemq-test-hivemq-platform-operator-6966f96d65-vbgm9 [5bcb1279-46ab-453f-8391-abadf203633b]
2025-01-30 18:29:34,347 INFO c.h.h.t.HelmChartContainer - Container [hivemq-test-hivemq-platform-operator-6966f96d65-vbgm9] [hivemq-platform-operator] [5bcb1279-46ab-453f-8391-abadf203633b] was terminated
2025-01-30 18:29:34,347 INFO c.h.h.t.HelmChartContainer - Stopped log watcher for hivemq-platform-operator in pod hivemq-test-hivemq-platform-operator-6966f96d65-vbgm9 [5bcb1279-46ab-453f-8391-abadf203633b]
2025-01-30 18:29:34,355 INFO c.h.h.t.HelmChartContainer - [K3S] [replica_set.go:679] "Finished syncing" kind="ReplicaSet" key="helmadditionalcontainersit-operator/hivemq-test-hivemq-platform-operator-6966f96d65" duration="14.87011ms"
2025-01-30 18:29:34,360 INFO c.h.h.t.HelmChartContainer - [K3S] [replica_set.go:679] "Finished syncing" kind="ReplicaSet" key="helmadditionalcontainersit-operator/hivemq-test-hivemq-platform-operator-6966f96d65" duration="29.975µs"
2025-01-30 18:29:34,385 INFO c.h.h.t.HelmChartContainer - [hivemq-test-hivemq-platform] [hivemq-platform-operator] [5bcb1279] 18:29:34.383 [application-shutdown-thread] INFO  c.h.p.o.HiveMQPlatformOperatorApplication - HiveMQ Platform Operator is stopping...
2025-01-30 18:29:34,385 INFO c.h.h.t.HelmChartContainer - [hivemq-test-hivemq-platform] [hivemq-platform-operator] [5bcb1279] 18:29:34.383 [application-shutdown-thread] INFO  i.javaoperatorsdk.operator.Operator - Operator SDK 4.9.7 is shutting down...
2025-01-30 18:29:34,981 INFO c.h.h.t.HelmChartContainer - [K3S] [replica_set.go:679] "Finished syncing" kind="ReplicaSet" key="helmadditionalcontainersit-operator/hivemq-test-hivemq-platform-operator-6966f96d65" duration="41.998µs"
2025-01-30 18:29:34,982 INFO c.h.h.t.HelmChartContainer - [POD] hivemq-test-hivemq-platform-operator-6966f96d65-vbgm9 [5bcb1279-46ab-453f-8391-abadf203633b] in helmadditionalcontainersit-operator was MODIFIED
2025-01-30 18:29:35,073 INFO c.h.h.t.HelmChartContainer - [K3S] [reconciler_common.go:162] "operationExecutor.UnmountVolume started for volume \"kube-api-access-2dnfv\" (UniqueName: \"kubernetes.io/projected/5bcb1279-46ab-453f-8391-abadf203633b-kube-api-access-2dnfv\") pod \"5bcb1279-46ab-453f-8391-abadf203633b\" (UID: \"5bcb1279-46ab-453f-8391-abadf203633b\") "
2025-01-30 18:29:35,173 INFO c.h.h.t.HelmChartContainer - [K3S] [reconciler_common.go:299] "Volume detached for volume \"kube-api-access-2dnfv\" (UniqueName: \"kubernetes.io/projected/5bcb1279-46ab-453f-8391-abadf203633b-kube-api-access-2dnfv\") on node \"ec2fc2be3df0\" DevicePath \"\""
2025-01-30 18:29:35,536 INFO c.h.h.t.HelmChartContainer - [K3S] [scope.go:117] "RemoveContainer" containerID="f4d9cac950073299d9f1fe6bcdbf5be76cd9674aa639c0b06569a849a35e98dd"
2025-01-30 18:29:35,540 INFO c.h.h.t.HelmChartContainer - [K3S] [scope.go:117] "RemoveContainer" containerID="f4d9cac950073299d9f1fe6bcdbf5be76cd9674aa639c0b06569a849a35e98dd"
2025-01-30 18:29:35,545 INFO c.h.h.t.HelmChartContainer - [K3S] [replica_set.go:679] "Finished syncing" kind="ReplicaSet" key="helmadditionalcontainersit-operator/hivemq-test-hivemq-platform-operator-6966f96d65" duration="49.091µs"
2025-01-30 18:29:35,547 INFO c.h.h.t.HelmChartContainer - [POD] hivemq-test-hivemq-platform-operator-6966f96d65-vbgm9 [5bcb1279-46ab-453f-8391-abadf203633b] in helmadditionalcontainersit-operator was MODIFIED
2025-01-30 18:29:35,549 INFO c.h.h.t.HelmChartContainer - [K3S] [replica_set.go:679] "Finished syncing" kind="ReplicaSet" key="helmadditionalcontainersit-operator/hivemq-test-hivemq-platform-operator-6966f96d65" duration="44.864µs"
2025-01-30 18:29:35,552 INFO c.h.h.t.HelmChartContainer - [POD] hivemq-test-hivemq-platform-operator-6966f96d65-vbgm9 [5bcb1279-46ab-453f-8391-abadf203633b] in helmadditionalcontainersit-operator was DELETED
2025-01-30 18:29:35,559 INFO c.h.h.t.HelmChartContainer - [K3S] [replica_set.go:679] "Finished syncing" kind="ReplicaSet" key="helmadditionalcontainersit-operator/hivemq-test-hivemq-platform-operator-6966f96d65" duration="6.062µs"
2025-01-30 18:29:36,385 INFO c.h.h.t.HelmChartContainer - Deleting namespace 'helmadditionalcontainersit-operator'...
2025-01-30 18:29:37,339 INFO c.h.h.t.HelmChartContainer - [K3S] [kubelet_volumes.go:163] "Cleaned up orphaned pod volumes dir" podUID="5bcb1279-46ab-453f-8391-abadf203633b" path="/var/lib/kubelet/pods/5bcb1279-46ab-453f-8391-abadf203633b/volumes"
2025-01-30 18:29:39,067 INFO c.h.h.t.HelmChartContainer - [K3S] [namespace_controller.go:187] "Namespace has been deleted" namespace="helmadditionalcontainersit"
2025-01-30 18:29:41,606 INFO c.h.h.t.HelmChartContainer - Namespace 'helmadditionalcontainersit-operator' deleted
2025-01-30 18:29:41,606 INFO c.h.h.t.HelmChartContainer - Release 'test-hivemq-platform-operator' in namespace 'helmadditionalcontainersit-operator' is uninstalled
2025-01-30 18:29:42,337 INFO c.h.helmcharts.AbstractHelmChartIT - Removed unused containers:

2025-01-30 18:29:46,507 INFO c.h.h.t.HelmChartContainer - [K3S] [namespace_controller.go:187] "Namespace has been deleted" namespace="helmadditionalcontainersit-operator"
2025-01-30 18:29:50,846 INFO c.h.helmcharts.AbstractHelmChartIT - Removed unused snapshots:
Removing snapshot sha256:03af251906410714c5aef9fa705b63f6bbc39c4a5e787de7361eeb18886c2ed2
Removing snapshot sha256:0c46b3b43cce082ce5ec34ffc6c294e0417d17b9d1e6f366d114b6aadc4f96dc
Removing snapshot sha256:0ce761beee59082d6ed5bcebd3a805b8ddd9b3426b617e4809e7fb7c6587ffec
Removing snapshot sha256:0df91287303208332c8ff6ba40ae4710105201739addbfbddfb955f1ad593664
Removing snapshot sha256:1021ef88c7974bfff89c5a0ec4fd3160daac6c48a075f74cff721f85dd104e68
Removing snapshot sha256:10aba4953ddc18145dd38e3704709bc464aa20af60b56fe52caaff4b68411e62
Removing snapshot sha256:2573e0d8158209ed54ab25c87bcdcb00bd3d2539246960a3d592a1c599d70465
Removing snapshot sha256:362a8a37f8bbc31925a8146adcf7cf51f9882f5c1dcbef67c5baa03a297543c0
Removing snapshot sha256:3fa4ad33f0ddc8fd45b39b6b4640f82a3a83619606cd975bfe89d8710ad2d4cd
Removing snapshot sha256:43a7c979bbaba6838bc3102d6b10a1459f3ab050b87ccdfef84ef90cf43d3058
Removing snapshot sha256:4ab04491cdf0d3267f08206fe30bd48f49f94b9cab2f016d6739220f722a64af
Removing snapshot sha256:4b6068250e89c96f263060261819c7d912855bfbd64b3eb4c4a8483299b8c295
Removing snapshot sha256:580e69a0a8034ede1921139bbd2bfb72a69ebf276d008281896c32dd8bf74775
Removing snapshot sha256:5a2c5491767de96088c4fcd4fddc22d7bfee323fe2e34fc7205056783b5dc099
Removing snapshot sha256:5d30ba46b27fe37484567ccc5242cadc78217b8da605f3f195ef25cbf7487904
Removing snapshot sha256:5f1df1c19f2f87fc725ef0cdaf4f43831c47e5cce7fdc062186f008bea2344fb
Removing snapshot sha256:63ca1fbb43ae5034640e5e6cb3e083e05c290072c5366fcaa9d62435a4cced85
Removing snapshot sha256:67f702c6baae873bceb19487c8b1f27bd2b86077e4f2f0e480e6d60ab508b8f5
Removing snapshot sha256:6864348dd42806d552efdec384f1274be15e2d0c10ce44c1f04347af004c10a9
Removing snapshot sha256:6c7dee8f2c39b84b7dc2711c01d33de93514d9055499173e9290176fbe484b6c
Removing snapshot sha256:82753493a6d61ded36556292f02f31841a14c20d2f279f19eaad65afb661d5cd
Removing snapshot sha256:8a10d3db42c505ee0fcfa98417bdd7e39b304f6bcc0a06bb1b220797ff2cc63c
Removing snapshot sha256:8b0832e3af1d8ec65d25500c2fedd44d9e5e26eea9bc91425be4c0a7c6c4d69f
Removing snapshot sha256:94e5f06ff8e3d4441dc3cd8b090ff38dc911bfa8ebdb0dc28395bc98f82f983f
Removing snapshot sha256:9fe266bdfabb549dd4b3148560da7ce6ac593863d81fe17f9972d3ab187474ec
Removing snapshot sha256:a0904247e36a7726c03c71ee48f3e64462021c88dafeb13f37fdaf613b27f11c
Removing snapshot sha256:a21e5b12dbac529ad45d976eb9ce45c881f3bedcc500fb30aba1e52aa1813418
Removing snapshot sha256:b921e6c28969094157f9b8e7244677780319637afd14450b7cb6b2fdea558a0c
Removing snapshot sha256:bc27ecb5769a00e309cf99ebc763c4a4b958b618d1decc96ffac5bc05f02f5b7
Removing snapshot sha256:be3ccb6627a5332e309d45ef461d09b4879dd870c7394d89323d0ebc6ca6aa8a
Removing snapshot sha256:c261f7cbbc64211ee175ee47273acdb7b1a36a4450b397a064a8f2c026490095
Removing snapshot sha256:c34d9393647eea0c9e3557ab988efaf59f61d10a2a5613b439ef0958cca5ec10
Removing snapshot sha256:ccf3c4a0fa967a41c1c83497a2ce6fa5787965859df0adb32c4ca2cf7490bc2b
Removing snapshot sha256:cf92d33f869417309692088c341cd0f223c178ea78a125f757317b22aa8f90e9
Removing snapshot sha256:d0037344cf2fb078884f1849f6a1f8cf9a33a3b6139b6a85833e5ee528e1f9a8
Removing snapshot sha256:d3b36d5b79273b1e98e7700470eaeff05a882e777124d84cebcc1505b85ecb36
Removing snapshot sha256:d65a44a37914602d12c611e5e22a50f11451d847e63015cc1c2aef92dee777a4
Removing snapshot sha256:e2dc0bae2455930f23ae570e019b7f32edc75c0f2d71cab084db837ff9051796
Removing snapshot sha256:e71a17d01db555a79ca73d7642371bce9f9fabdbd87fefd881a12a6eec13db61
Removing snapshot sha256:eccbd24a99c60cd9e86ee5305dbfc4a4dc89f5ab4fb1f06c8d64797cecedef34
Removing snapshot sha256:f144bb4c7c7f0d2aa7eeffd36d934ec40db1ee167be727e326aad9fdc616f475

]]></system-out>
  </testcase>
  <system-out><![CDATA[2025-01-30 18:27:23,010 INFO c.h.h.t.HelmChartContainerExtension - Using cached HelmChartContainer instance
2025-01-30 18:27:23,017 INFO c.h.h.t.HelmChartContainerExtension - Creating cached HelmChartContainer instance
2025-01-30 18:27:23,036 INFO o.testcontainers.DockerClientFactory - Testcontainers version: 1.20.4
2025-01-30 18:27:23,468 INFO o.t.d.DockerClientProviderStrategy - Found Docker environment with local Unix socket (unix:///var/run/docker.sock)
2025-01-30 18:27:23,478 INFO o.testcontainers.DockerClientFactory - Docker host IP address is localhost
2025-01-30 18:27:23,495 INFO o.testcontainers.DockerClientFactory - Connected to docker: 
  Server Version: 26.1.3
  API Version: 1.45
  Operating System: Ubuntu 24.04.1 LTS
  Total Memory: 15990 MB
2025-01-30 18:27:23,501 INFO o.testcontainers.images.PullPolicy - Image pull policy will be performed by: DefaultPullPolicy()
2025-01-30 18:27:23,503 INFO o.t.utility.ImageNameSubstitutor - Image name substitution will be performed by: DefaultImageNameSubstitutor (composite of 'ConfigurationFileImageNameSubstitutor' and 'PrefixingImageNameSubstitutor')
2025-01-30 18:27:23,530 INFO tc.testcontainers/ryuk:0.11.0 - Pulling docker image: testcontainers/ryuk:0.11.0. Please be patient; this may take some time but only needs to be done once.
2025-01-30 18:27:23,968 INFO tc.testcontainers/ryuk:0.11.0 - Starting to pull image
2025-01-30 18:27:23,990 INFO tc.testcontainers/ryuk:0.11.0 - Pulling image layers:  0 pending,  0 downloaded,  0 extracted, (0 bytes/0 bytes)
2025-01-30 18:27:24,211 INFO tc.testcontainers/ryuk:0.11.0 - Pulling image layers:  2 pending,  1 downloaded,  0 extracted, (116 KB/? MB)
2025-01-30 18:27:24,219 INFO tc.testcontainers/ryuk:0.11.0 - Pulling image layers:  1 pending,  2 downloaded,  0 extracted, (116 KB/? MB)
2025-01-30 18:27:24,324 INFO tc.testcontainers/ryuk:0.11.0 - Pulling image layers:  1 pending,  2 downloaded,  1 extracted, (3 MB/? MB)
2025-01-30 18:27:25,028 INFO tc.testcontainers/ryuk:0.11.0 - Pulling image layers:  1 pending,  2 downloaded,  2 extracted, (4 MB/? MB)
2025-01-30 18:27:25,081 INFO tc.testcontainers/ryuk:0.11.0 - Pulling image layers:  1 pending,  2 downloaded,  3 extracted, (10 MB/? MB)
2025-01-30 18:27:25,087 INFO tc.testcontainers/ryuk:0.11.0 - Pull complete. 3 layers, pulled in 1s (downloaded 10 MB at 10 MB/s)
2025-01-30 18:27:25,087 INFO tc.testcontainers/ryuk:0.11.0 - Image testcontainers/ryuk:0.11.0 pull took PT1.55672942S
2025-01-30 18:27:25,109 INFO tc.testcontainers/ryuk:0.11.0 - Creating container for image: testcontainers/ryuk:0.11.0
2025-01-30 18:27:25,173 INFO tc.testcontainers/ryuk:0.11.0 - Container testcontainers/ryuk:0.11.0 is starting: eb574ea6abe746e1887ae100fabc97f2913cc8e60c040066c2aae01002855e98
2025-01-30 18:27:25,435 INFO tc.testcontainers/ryuk:0.11.0 - Container testcontainers/ryuk:0.11.0 started in PT0.326240228S
2025-01-30 18:27:25,439 INFO o.t.utility.RyukResourceReaper - Ryuk started - will monitor and terminate Testcontainers containers on JVM exit
2025-01-30 18:27:25,439 INFO o.testcontainers.DockerClientFactory - Checking the system...
2025-01-30 18:27:25,440 INFO o.testcontainers.DockerClientFactory - ✔︎ Docker server version should be at least 1.6.0
2025-01-30 18:27:25,513 INFO o.t.i.builder.ImageFromDockerfile - Pre-emptively checking local images for 'ubuntu:noble-20241118.1@sha256:80dd3c3b9c6cecb9f1667e9290b3bc61b78c2678c02cbdae5f0fea92cc6734ab', referenced via a Dockerfile. If not available, it will be pulled.
2025-01-30 18:27:25,516 INFO t.u.1@sha256:80dd3c... - Pulling docker image: ubuntu:noble-20241118.1@sha256:80dd3c3b9c6cecb9f1667e9290b3bc61b78c2678c02cbdae5f0fea92cc6734ab. Please be patient; this may take some time but only needs to be done once.
2025-01-30 18:27:25,783 INFO t.u.1@sha256:80dd3c... - Starting to pull image
2025-01-30 18:27:25,784 INFO t.u.1@sha256:80dd3c... - Pulling image layers:  0 pending,  0 downloaded,  0 extracted, (0 bytes/0 bytes)
2025-01-30 18:27:26,211 INFO t.u.1@sha256:80dd3c... - Pulling image layers:  0 pending,  1 downloaded,  0 extracted, (11 MB/28 MB)
2025-01-30 18:27:27,150 INFO t.u.1@sha256:80dd3c... - Pulling image layers:  0 pending,  1 downloaded,  1 extracted, (28 MB/28 MB)
2025-01-30 18:27:27,158 INFO t.u.1@sha256:80dd3c... - Image ubuntu:noble-20241118.1@sha256:80dd3c3b9c6cecb9f1667e9290b3bc61b78c2678c02cbdae5f0fea92cc6734ab pull took PT1.642165855S
2025-01-30 18:27:27,158 INFO t.u.1@sha256:80dd3c... - Pull complete. 1 layers, pulled in 1s (downloaded 28 MB at 28 MB/s)
2025-01-30 18:27:27,161 INFO o.t.i.builder.ImageFromDockerfile - Pre-emptively checking local images for 'rancher/k3s:v1.32.1-k3s1', referenced via a Dockerfile. If not available, it will be pulled.
2025-01-30 18:27:27,163 INFO tc.rancher/k3s:v1.32.1-k3s1 - Pulling docker image: rancher/k3s:v1.32.1-k3s1. Please be patient; this may take some time but only needs to be done once.
2025-01-30 18:27:27,560 INFO tc.rancher/k3s:v1.32.1-k3s1 - Starting to pull image
2025-01-30 18:27:27,561 INFO tc.rancher/k3s:v1.32.1-k3s1 - Pulling image layers:  0 pending,  0 downloaded,  0 extracted, (0 bytes/0 bytes)
2025-01-30 18:27:28,523 INFO tc.rancher/k3s:v1.32.1-k3s1 - Pulling image layers:  0 pending,  1 downloaded,  0 extracted, (70 MB/71 MB)
2025-01-30 18:27:29,568 INFO tc.rancher/k3s:v1.32.1-k3s1 - Pulling image layers:  0 pending,  1 downloaded,  1 extracted, (71 MB/71 MB)
2025-01-30 18:27:29,575 INFO tc.rancher/k3s:v1.32.1-k3s1 - Pull complete. 1 layers, pulled in 2s (downloaded 71 MB at 35 MB/s)
2025-01-30 18:27:29,575 INFO tc.rancher/k3s:v1.32.1-k3s1 - Image rancher/k3s:v1.32.1-k3s1 pull took PT2.412088486S
2025-01-30 18:27:29,582 INFO o.t.i.builder.ImageFromDockerfile - Transferred 0 bytes to Docker daemon
2025-01-30 18:27:45,020 INFO c.h.h.t.HelmChartContainer - Starting HelmChartContainer...
2025-01-30 18:27:45,022 INFO t.localhost/testcontainers/truncabd8iat8xvf:latest - Creating container for image: localhost/testcontainers/truncabd8iat8xvf:latest
2025-01-30 18:27:45,097 INFO tc.alpine:3.17 - Pulling docker image: alpine:3.17. Please be patient; this may take some time but only needs to be done once.
2025-01-30 18:27:45,535 INFO tc.alpine:3.17 - Starting to pull image
2025-01-30 18:27:45,536 INFO tc.alpine:3.17 - Pulling image layers:  0 pending,  0 downloaded,  0 extracted, (0 bytes/0 bytes)
2025-01-30 18:27:45,769 INFO tc.alpine:3.17 - Pulling image layers:  0 pending,  1 downloaded,  0 extracted, (3 MB/3 MB)
2025-01-30 18:27:45,863 INFO tc.alpine:3.17 - Pulling image layers:  0 pending,  1 downloaded,  1 extracted, (3 MB/3 MB)
2025-01-30 18:27:45,869 INFO tc.alpine:3.17 - Image alpine:3.17 pull took PT0.772102829S
2025-01-30 18:27:46,427 INFO t.localhost/testcontainers/truncabd8iat8xvf:latest - Container localhost/testcontainers/truncabd8iat8xvf:latest is starting: ec2fc2be3df0aeea3d16e85d72239664c29806cf3ca04de9243604b8ca23ffa0
2025-01-30 18:27:46,792 INFO c.h.h.t.HelmChartContainer - [K3S] [INFO] Starting k3s v1.32.1+k3s1 (6a322f12)
2025-01-30 18:27:46,795 INFO c.h.h.t.HelmChartContainer - [K3S] [INFO] Configuring sqlite3 database connection pooling: maxIdleConns=2, maxOpenConns=0, connMaxLifetime=0s
2025-01-30 18:27:46,795 INFO c.h.h.t.HelmChartContainer - [K3S] [INFO] Configuring database table schema and indexes, this may take a moment...
2025-01-30 18:27:46,798 INFO c.h.h.t.HelmChartContainer - [K3S] [INFO] Database tables and indexes are up to date
2025-01-30 18:27:46,801 INFO c.h.h.t.HelmChartContainer - [K3S] [INFO] Kine available at unix://kine.sock
2025-01-30 18:27:46,881 INFO c.h.h.t.HelmChartContainer - [K3S] [INFO] Saving cluster bootstrap data to datastore
2025-01-30 18:27:46,882 INFO c.h.h.t.HelmChartContainer - [K3S] [WARNING] dynamiclistener [::]:6443: no cached certificate available for preload - deferring certificate load until storage initialization or first client request
2025-01-30 18:27:46,883 INFO c.h.h.t.HelmChartContainer - [K3S] [INFO] Active TLS secret / (ver=) (count 10): map[listener.cattle.io/cn-10.43.0.1:10.43.0.1 listener.cattle.io/cn-127.0.0.1:127.0.0.1 listener.cattle.io/cn-172.18.0.2:172.18.0.2 listener.cattle.io/cn-__1-f16284:::1 listener.cattle.io/cn-ec2fc2be3df0:ec2fc2be3df0 listener.cattle.io/cn-kubernetes:kubernetes listener.cattle.io/cn-kubernetes.default:kubernetes.default listener.cattle.io/cn-kubernetes.default.svc:kubernetes.default.svc listener.cattle.io/cn-kubernetes.default.svc.cluster.local:kubernetes.default.svc.cluster.local listener.cattle.io/cn-localhost:localhost listener.cattle.io/fingerprint:SHA1=B33BAAEC8F820A25A4E1F5B98FBD9A5C14EB1AE2]
2025-01-30 18:27:47,053 INFO c.h.h.t.HelmChartContainer - [K3S] [INFO] Running kube-apiserver --advertise-port=6443 --allow-privileged=true --anonymous-auth=false --api-audiences=https://kubernetes.default.svc.cluster.local,k3s --authorization-mode=Node,RBAC --bind-address=127.0.0.1 --cert-dir=/var/lib/rancher/k3s/server/tls/temporary-certs --client-ca-file=/var/lib/rancher/k3s/server/tls/client-ca.crt --egress-selector-config-file=/var/lib/rancher/k3s/server/etc/egress-selector-config.yaml --enable-admission-plugins=NodeRestriction --enable-aggregator-routing=true --enable-bootstrap-token-auth=true --etcd-compaction-interval=0s --etcd-servers=unix://kine.sock --kubelet-certificate-authority=/var/lib/rancher/k3s/server/tls/server-ca.crt --kubelet-client-certificate=/var/lib/rancher/k3s/server/tls/client-kube-apiserver.crt --kubelet-client-key=/var/lib/rancher/k3s/server/tls/client-kube-apiserver.key --kubelet-preferred-address-types=InternalIP,ExternalIP,Hostname --profiling=false --proxy-client-cert-file=/var/lib/rancher/k3s/server/tls/client-auth-proxy.crt --proxy-client-key-file=/var/lib/rancher/k3s/server/tls/client-auth-proxy.key --requestheader-allowed-names=system:auth-proxy --requestheader-client-ca-file=/var/lib/rancher/k3s/server/tls/request-header-ca.crt --requestheader-extra-headers-prefix=X-Remote-Extra- --requestheader-group-headers=X-Remote-Group --requestheader-username-headers=X-Remote-User --secure-port=6444 --service-account-issuer=https://kubernetes.default.svc.cluster.local --service-account-key-file=/var/lib/rancher/k3s/server/tls/service.key --service-account-signing-key-file=/var/lib/rancher/k3s/server/tls/service.current.key --service-cluster-ip-range=10.43.0.0/16 --service-node-port-range=30000-32767 --storage-backend=etcd3 --tls-cert-file=/var/lib/rancher/k3s/server/tls/serving-kube-apiserver.crt --tls-cipher-suites=TLS_ECDHE_ECDSA_WITH_AES_256_GCM_SHA384,TLS_ECDHE_RSA_WITH_AES_256_GCM_SHA384,TLS_ECDHE_ECDSA_WITH_AES_128_GCM_SHA256,TLS_ECDHE_RSA_WITH_AES_128_GCM_SHA256,TLS_ECDHE_ECDSA_WITH_CHACHA20_POLY1305,TLS_ECDHE_RSA_WITH_CHACHA20_POLY1305 --tls-private-key-file=/var/lib/rancher/k3s/server/tls/serving-kube-apiserver.key
2025-01-30 18:27:47,055 INFO c.h.h.t.HelmChartContainer - [K3S] [INFO] Running kube-scheduler --authentication-kubeconfig=/var/lib/rancher/k3s/server/cred/scheduler.kubeconfig --authorization-kubeconfig=/var/lib/rancher/k3s/server/cred/scheduler.kubeconfig --bind-address=127.0.0.1 --kubeconfig=/var/lib/rancher/k3s/server/cred/scheduler.kubeconfig --leader-elect=false --profiling=false --secure-port=10259
2025-01-30 18:27:47,056 INFO c.h.h.t.HelmChartContainer - [K3S] [registry.go:256] calling componentGlobalsRegistry.AddFlags more than once, the registry will be set by the latest flags
2025-01-30 18:27:47,057 INFO c.h.h.t.HelmChartContainer - [K3S] [INFO] Running kube-controller-manager --allocate-node-cidrs=true --authentication-kubeconfig=/var/lib/rancher/k3s/server/cred/controller.kubeconfig --authorization-kubeconfig=/var/lib/rancher/k3s/server/cred/controller.kubeconfig --bind-address=127.0.0.1 --cluster-cidr=10.42.0.0/16 --cluster-signing-kube-apiserver-client-cert-file=/var/lib/rancher/k3s/server/tls/client-ca.nochain.crt --cluster-signing-kube-apiserver-client-key-file=/var/lib/rancher/k3s/server/tls/client-ca.key --cluster-signing-kubelet-client-cert-file=/var/lib/rancher/k3s/server/tls/client-ca.nochain.crt --cluster-signing-kubelet-client-key-file=/var/lib/rancher/k3s/server/tls/client-ca.key --cluster-signing-kubelet-serving-cert-file=/var/lib/rancher/k3s/server/tls/server-ca.nochain.crt --cluster-signing-kubelet-serving-key-file=/var/lib/rancher/k3s/server/tls/server-ca.key --cluster-signing-legacy-unknown-cert-file=/var/lib/rancher/k3s/server/tls/server-ca.nochain.crt --cluster-signing-legacy-unknown-key-file=/var/lib/rancher/k3s/server/tls/server-ca.key --configure-cloud-routes=false --controllers=*,tokencleaner,-service,-route,-cloud-node-lifecycle --kubeconfig=/var/lib/rancher/k3s/server/cred/controller.kubeconfig --leader-elect=false --profiling=false --root-ca-file=/var/lib/rancher/k3s/server/tls/server-ca.crt --secure-port=10257 --service-account-private-key-file=/var/lib/rancher/k3s/server/tls/service.current.key --service-cluster-ip-range=10.43.0.0/16 --use-service-account-credentials=true
2025-01-30 18:27:47,057 INFO c.h.h.t.HelmChartContainer - [K3S] [INFO] Waiting for API server to become available
2025-01-30 18:27:47,057 INFO c.h.h.t.HelmChartContainer - [K3S] [options.go:299] unable to set WatchListClient feature gate, err: cannot override default for feature "WatchListClient": gates already added to a flag set
2025-01-30 18:27:47,058 INFO c.h.h.t.HelmChartContainer - [K3S] [registry.go:256] calling componentGlobalsRegistry.AddFlags more than once, the registry will be set by the latest flags
2025-01-30 18:27:47,059 INFO c.h.h.t.HelmChartContainer - [K3S] [INFO] Running cloud-controller-manager --allocate-node-cidrs=true --authentication-kubeconfig=/var/lib/rancher/k3s/server/cred/cloud-controller.kubeconfig --authorization-kubeconfig=/var/lib/rancher/k3s/server/cred/cloud-controller.kubeconfig --bind-address=127.0.0.1 --cloud-config=/var/lib/rancher/k3s/server/etc/cloud-config.yaml --cloud-provider=k3s --cluster-cidr=10.42.0.0/16 --configure-cloud-routes=false --controllers=*,-route --kubeconfig=/var/lib/rancher/k3s/server/cred/cloud-controller.kubeconfig --leader-elect=false --leader-elect-resource-name=k3s-cloud-controller-manager --node-status-update-frequency=1m0s --profiling=false
2025-01-30 18:27:47,059 INFO c.h.h.t.HelmChartContainer - [K3S] [INFO] Server node token is available at /var/lib/rancher/k3s/server/token
2025-01-30 18:27:47,060 INFO c.h.h.t.HelmChartContainer - [K3S] [registry.go:256] calling componentGlobalsRegistry.AddFlags more than once, the registry will be set by the latest flags
2025-01-30 18:27:47,060 INFO c.h.h.t.HelmChartContainer - [K3S] [INFO] To join server node to cluster: k3s server -s https://172.18.0.2:6443 -t ${SERVER_NODE_TOKEN}
2025-01-30 18:27:47,060 INFO c.h.h.t.HelmChartContainer - [K3S] [INFO] Agent node token is available at /var/lib/rancher/k3s/server/agent-token
2025-01-30 18:27:47,061 INFO c.h.h.t.HelmChartContainer - [K3S] [INFO] To join agent node to cluster: k3s agent -s https://172.18.0.2:6443 -t ${AGENT_NODE_TOKEN}
2025-01-30 18:27:47,061 INFO c.h.h.t.HelmChartContainer - [K3S] [options.go:238] external host was not specified, using 172.18.0.2
2025-01-30 18:27:47,061 INFO c.h.h.t.HelmChartContainer - [K3S] [INFO] Wrote kubeconfig /etc/rancher/k3s/k3s.yaml
2025-01-30 18:27:47,062 INFO c.h.h.t.HelmChartContainer - [K3S] [INFO] Run: k3s kubectl
2025-01-30 18:27:47,062 INFO c.h.h.t.HelmChartContainer - [K3S] [server.go:151] Version: v1.32.1+k3s1
2025-01-30 18:27:47,062 INFO c.h.h.t.HelmChartContainer - [K3S] [server.go:153] "Golang settings" GOGC="" GOMAXPROCS="" GOTRACEBACK=""
2025-01-30 18:27:47,355 INFO c.h.h.t.HelmChartContainer - [K3S] [plugins.go:157] Loaded 13 mutating admission controller(s) successfully in the following order: NamespaceLifecycle,LimitRanger,ServiceAccount,NodeRestriction,TaintNodesByCondition,Priority,DefaultTolerationSeconds,DefaultStorageClass,StorageObjectInUseProtection,RuntimeClass,DefaultIngressClass,MutatingAdmissionPolicy,MutatingAdmissionWebhook.
2025-01-30 18:27:47,356 INFO c.h.h.t.HelmChartContainer - [K3S] [plugins.go:160] Loaded 13 validating admission controller(s) successfully in the following order: LimitRanger,ServiceAccount,PodSecurity,Priority,PersistentVolumeClaimResize,RuntimeClass,CertificateApproval,CertificateSigning,ClusterTrustBundleAttest,CertificateSubjectRestriction,ValidatingAdmissionPolicy,ValidatingAdmissionWebhook,ResourceQuota.
2025-01-30 18:27:47,356 INFO c.h.h.t.HelmChartContainer - [K3S] [instance.go:233] Using reconciler: lease
2025-01-30 18:27:47,434 INFO c.h.h.t.HelmChartContainer - [K3S] [apis.go:106] API group "internal.apiserver.k8s.io" is not enabled, skipping.
2025-01-30 18:27:47,479 INFO c.h.h.t.HelmChartContainer - [K3S] [apis.go:106] API group "storagemigration.k8s.io" is not enabled, skipping.
2025-01-30 18:27:47,504 INFO c.h.h.t.HelmChartContainer - [K3S] [apis.go:106] API group "resource.k8s.io" is not enabled, skipping.
2025-01-30 18:27:47,707 INFO c.h.h.t.HelmChartContainer - [K3S] [INFO] Password verified locally for node ec2fc2be3df0
2025-01-30 18:27:47,842 INFO c.h.h.t.HelmChartContainer - [K3S] [dynamic_cafile_content.go:161] "Starting controller" name="request-header::/var/lib/rancher/k3s/server/tls/request-header-ca.crt"
2025-01-30 18:27:47,843 INFO c.h.h.t.HelmChartContainer - [K3S] [dynamic_cafile_content.go:161] "Starting controller" name="client-ca-bundle::/var/lib/rancher/k3s/server/tls/client-ca.crt"
2025-01-30 18:27:47,843 INFO c.h.h.t.HelmChartContainer - [K3S] [dynamic_serving_content.go:135] "Starting controller" name="serving-cert::/var/lib/rancher/k3s/server/tls/serving-kube-apiserver.crt::/var/lib/rancher/k3s/server/tls/serving-kube-apiserver.key"
2025-01-30 18:27:47,843 INFO c.h.h.t.HelmChartContainer - [K3S] [secure_serving.go:213] Serving securely on 127.0.0.1:6444
2025-01-30 18:27:47,843 INFO c.h.h.t.HelmChartContainer - [K3S] [tlsconfig.go:243] "Starting DynamicServingCertificateController"
2025-01-30 18:27:47,844 INFO c.h.h.t.HelmChartContainer - [K3S] [dynamic_serving_content.go:135] "Starting controller" name="aggregator-proxy-cert::/var/lib/rancher/k3s/server/tls/client-auth-proxy.crt::/var/lib/rancher/k3s/server/tls/client-auth-proxy.key"
2025-01-30 18:27:47,844 INFO c.h.h.t.HelmChartContainer - [K3S] [system_namespaces_controller.go:66] Starting system namespaces controller
2025-01-30 18:27:47,844 INFO c.h.h.t.HelmChartContainer - [K3S] [controller.go:78] Starting OpenAPI AggregationController
2025-01-30 18:27:47,845 INFO c.h.h.t.HelmChartContainer - [K3S] [cluster_authentication_trust_controller.go:462] Starting cluster_authentication_trust_controller controller
2025-01-30 18:27:47,850 INFO c.h.h.t.HelmChartContainer - [K3S] [aggregator.go:169] waiting for initial CRD sync...
2025-01-30 18:27:47,850 INFO c.h.h.t.HelmChartContainer - [K3S] [controller.go:119] Starting legacy_token_tracking_controller
2025-01-30 18:27:47,850 INFO c.h.h.t.HelmChartContainer - [K3S] [dynamic_cafile_content.go:161] "Starting controller" name="client-ca-bundle::/var/lib/rancher/k3s/server/tls/client-ca.crt"
2025-01-30 18:27:47,850 INFO c.h.h.t.HelmChartContainer - [K3S] [dynamic_cafile_content.go:161] "Starting controller" name="request-header::/var/lib/rancher/k3s/server/tls/request-header-ca.crt"
2025-01-30 18:27:47,851 INFO c.h.h.t.HelmChartContainer - [K3S] [crdregistration_controller.go:114] Starting crd-autoregister controller
2025-01-30 18:27:47,852 INFO c.h.h.t.HelmChartContainer - [K3S] [local_available_controller.go:156] Starting LocalAvailability controller
2025-01-30 18:27:47,852 INFO c.h.h.t.HelmChartContainer - [K3S] [gc_controller.go:78] Starting apiserver lease garbage collector
2025-01-30 18:27:47,852 INFO c.h.h.t.HelmChartContainer - [K3S] [apf_controller.go:377] Starting API Priority and Fairness config controller
2025-01-30 18:27:47,853 INFO c.h.h.t.HelmChartContainer - [K3S] [controller.go:80] Starting OpenAPI V3 AggregationController
2025-01-30 18:27:47,853 INFO c.h.h.t.HelmChartContainer - [K3S] [customresource_discovery_controller.go:292] Starting DiscoveryController
2025-01-30 18:27:47,854 INFO c.h.h.t.HelmChartContainer - [K3S] [remote_available_controller.go:411] Starting RemoteAvailability controller
2025-01-30 18:27:47,854 INFO c.h.h.t.HelmChartContainer - [K3S] [apiservice_controller.go:100] Starting APIServiceRegistrationController
2025-01-30 18:27:47,875 INFO c.h.h.t.HelmChartContainer - [K3S] [controller.go:142] Starting OpenAPI controller
2025-01-30 18:27:47,877 INFO c.h.h.t.HelmChartContainer - [K3S] [controller.go:90] Starting OpenAPI V3 controller
2025-01-30 18:27:47,878 INFO c.h.h.t.HelmChartContainer - [K3S] [naming_controller.go:294] Starting NamingConditionController
2025-01-30 18:27:47,879 INFO c.h.h.t.HelmChartContainer - [K3S] [establishing_controller.go:81] Starting EstablishingController
2025-01-30 18:27:47,879 INFO c.h.h.t.HelmChartContainer - [K3S] [nonstructuralschema_controller.go:195] Starting NonStructuralSchemaConditionController
2025-01-30 18:27:47,879 INFO c.h.h.t.HelmChartContainer - [K3S] [apiapproval_controller.go:189] Starting KubernetesAPIApprovalPolicyConformantConditionController
2025-01-30 18:27:47,879 INFO c.h.h.t.HelmChartContainer - [K3S] [crd_finalizer.go:269] Starting CRDFinalizer
2025-01-30 18:27:47,953 INFO c.h.h.t.HelmChartContainer - [K3S] [aggregator.go:171] initial CRD sync complete...
2025-01-30 18:27:47,953 INFO c.h.h.t.HelmChartContainer - [K3S] [autoregister_controller.go:144] Starting autoregister controller
2025-01-30 18:27:47,953 INFO c.h.h.t.HelmChartContainer - [K3S] [policy_source.go:240] refreshing policies
2025-01-30 18:27:47,955 INFO c.h.h.t.HelmChartContainer - [K3S] [apf_controller.go:382] Running API Priority and Fairness config worker
2025-01-30 18:27:47,955 INFO c.h.h.t.HelmChartContainer - [K3S] [apf_controller.go:385] Running API Priority and Fairness periodic rebalancing process
2025-01-30 18:27:47,955 INFO c.h.h.t.HelmChartContainer - [K3S] [handler_discovery.go:451] Starting ResourceDiscoveryManager
2025-01-30 18:27:47,960 INFO c.h.h.t.HelmChartContainer - [K3S] [controller.go:145] "Failed to ensure lease exists, will retry" err="namespaces \"kube-system\" not found" interval="200ms"
2025-01-30 18:27:47,999 INFO c.h.h.t.HelmChartContainer - [K3S] [controller.go:95] Unable to perform initial Kubernetes service initialization: namespaces "default" not found
2025-01-30 18:27:48,000 INFO c.h.h.t.HelmChartContainer - [K3S] [controller.go:148] "Unhandled Error" err="while syncing ConfigMap \"kube-system/kube-apiserver-legacy-service-account-token-tracking\", err: namespaces \"kube-system\" not found" logger="UnhandledError"
2025-01-30 18:27:48,250 INFO c.h.h.t.HelmChartContainer - [K3S] [WARNING] Host resolv.conf includes loopback or multicast nameservers - kubelet will use autogenerated resolv.conf with nameserver 8.8.8.8
2025-01-30 18:27:48,259 INFO c.h.h.t.HelmChartContainer - [K3S] [INFO] Module overlay was already loaded
2025-01-30 18:27:48,259 INFO c.h.h.t.HelmChartContainer - [K3S] [INFO] Module nf_conntrack was already loaded
2025-01-30 18:27:48,260 INFO c.h.h.t.HelmChartContainer - [K3S] [INFO] Module br_netfilter was already loaded
2025-01-30 18:27:48,265 INFO c.h.h.t.HelmChartContainer - [K3S] [INFO] Set sysctl 'net/netfilter/nf_conntrack_max' to 131072
2025-01-30 18:27:48,265 INFO c.h.h.t.HelmChartContainer - [K3S] [INFO] Set sysctl 'net/netfilter/nf_conntrack_tcp_timeout_established' to 86400
2025-01-30 18:27:48,265 INFO c.h.h.t.HelmChartContainer - [K3S] [INFO] Set sysctl 'net/netfilter/nf_conntrack_tcp_timeout_close_wait' to 3600
2025-01-30 18:27:48,268 INFO c.h.h.t.HelmChartContainer - [K3S] [INFO] Logging containerd to /var/lib/rancher/k3s/agent/containerd/containerd.log
2025-01-30 18:27:48,268 INFO c.h.h.t.HelmChartContainer - [K3S] [INFO] Running containerd -c /var/lib/rancher/k3s/agent/etc/containerd/config.toml -a /run/k3s/containerd/containerd.sock --state /run/k3s/containerd --root /var/lib/rancher/k3s/agent/containerd
2025-01-30 18:27:48,849 INFO c.h.h.t.HelmChartContainer - [K3S] [storage_scheduling.go:95] created PriorityClass system-node-critical with value 2000001000
2025-01-30 18:27:48,852 INFO c.h.h.t.HelmChartContainer - [K3S] [storage_scheduling.go:95] created PriorityClass system-cluster-critical with value 2000000000
2025-01-30 18:27:48,853 INFO c.h.h.t.HelmChartContainer - [K3S] [storage_scheduling.go:111] all system priority classes are created successfully or already exist.
2025-01-30 18:27:49,271 INFO c.h.h.t.HelmChartContainer - [K3S] [INFO] containerd is now running
2025-01-30 18:27:49,274 INFO c.h.h.t.HelmChartContainer - [K3S] [INFO] Connecting to proxy" url="wss://127.0.0.1:6443/v1-k3s/connect
2025-01-30 18:27:49,275 INFO c.h.h.t.HelmChartContainer - [K3S] [INFO] Creating k3s-cert-monitor event broadcaster
2025-01-30 18:27:49,276 INFO c.h.h.t.HelmChartContainer - [K3S] [INFO] Running kubelet --cloud-provider=external --config-dir=/var/lib/rancher/k3s/agent/etc/kubelet.conf.d --containerd=/run/k3s/containerd/containerd.sock --hostname-override=ec2fc2be3df0 --kubeconfig=/var/lib/rancher/k3s/agent/kubelet.kubeconfig --node-ip=172.18.0.2 --node-labels=
2025-01-30 18:27:49,280 INFO c.h.h.t.HelmChartContainer - [K3S] [INFO] Handling backend connection request [ec2fc2be3df0]
2025-01-30 18:27:49,282 INFO c.h.h.t.HelmChartContainer - [K3S] [INFO] Remotedialer connected to proxy" url="wss://127.0.0.1:6443/v1-k3s/connect
2025-01-30 18:27:49,284 INFO c.h.h.t.HelmChartContainer - [K3S] Flag --containerd has been deprecated, This is a cadvisor flag that was mistakenly registered with the Kubelet. Due to legacy concerns, it will follow the standard CLI deprecation timeline before being removed.
2025-01-30 18:27:49,284 INFO c.h.h.t.HelmChartContainer - [K3S] [server.go:515] "Kubelet version" kubeletVersion="v1.32.1+k3s1"
2025-01-30 18:27:49,284 INFO c.h.h.t.HelmChartContainer - [K3S] [server.go:517] "Golang settings" GOGC="" GOMAXPROCS="" GOTRACEBACK=""
2025-01-30 18:27:49,285 INFO c.h.h.t.HelmChartContainer - [K3S] [dynamic_cafile_content.go:161] "Starting controller" name="client-ca-bundle::/var/lib/rancher/k3s/agent/client-ca.crt"
2025-01-30 18:27:49,287 INFO c.h.h.t.HelmChartContainer - [K3S] [log.go:32] "RuntimeConfig from runtime service failed" err="rpc error: code = Unimplemented desc = method RuntimeConfig not implemented"
2025-01-30 18:27:49,288 INFO c.h.h.t.HelmChartContainer - [K3S] [server.go:1416] "CRI implementation should be updated to support RuntimeConfig when KubeletCgroupDriverFromCRI feature gate has been enabled. Falling back to using cgroupDriver from kubelet config."
2025-01-30 18:27:49,291 INFO c.h.h.t.HelmChartContainer - [K3S] [info.go:53] Couldn't collect info from any of the files in "/etc/machine-id,/var/lib/dbus/machine-id"
2025-01-30 18:27:49,291 INFO c.h.h.t.HelmChartContainer - [K3S] [server.go:767] "--cgroups-per-qos enabled, but --cgroup-root was not specified.  defaulting to /"
2025-01-30 18:27:49,291 INFO c.h.h.t.HelmChartContainer - [K3S] [server.go:836] "NoSwap is set due to memorySwapBehavior not specified" memorySwapBehavior="" FailSwapOn=false
2025-01-30 18:27:49,291 INFO c.h.h.t.HelmChartContainer - [K3S] [swap_util.go:115] "Swap is on" /proc/swaps contents=<
2025-01-30 18:27:49,291 INFO c.h.h.t.HelmChartContainer - [K3S] 	Filename				Type		Size		Used		Priority
2025-01-30 18:27:49,291 INFO c.h.h.t.HelmChartContainer - [K3S] 	/mnt/swapfile                           file		4194300		0		-2
2025-01-30 18:27:49,291 INFO c.h.h.t.HelmChartContainer - [K3S]  >
2025-01-30 18:27:49,291 INFO c.h.h.t.HelmChartContainer - [K3S] [container_manager_linux.go:268] "Container manager verified user specified cgroup-root exists" cgroupRoot=[]
2025-01-30 18:27:49,291 INFO c.h.h.t.HelmChartContainer - [K3S] [container_manager_linux.go:273] "Creating Container Manager object based on Node Config" nodeConfig={"NodeName":"ec2fc2be3df0","RuntimeCgroupsName":"","SystemCgroupsName":"","KubeletCgroupsName":"/k3s","KubeletOOMScoreAdj":-999,"ContainerRuntime":"","CgroupsPerQOS":true,"CgroupRoot":"/","CgroupDriver":"cgroupfs","KubeletRootDir":"/var/lib/kubelet","ProtectKernelDefaults":false,"KubeReservedCgroupName":"","SystemReservedCgroupName":"","ReservedSystemCPUs":{},"EnforceNodeAllocatable":{"pods":{}},"KubeReserved":null,"SystemReserved":null,"HardEvictionThresholds":[{"Signal":"imagefs.available","Operator":"LessThan","Value":{"Quantity":null,"Percentage":0.05},"GracePeriod":0,"MinReclaim":null},{"Signal":"nodefs.available","Operator":"LessThan","Value":{"Quantity":null,"Percentage":0.05},"GracePeriod":0,"MinReclaim":null}],"QOSReserved":{},"CPUManagerPolicy":"none","CPUManagerPolicyOptions":null,"TopologyManagerScope":"container","CPUManagerReconcilePeriod":10000000000,"ExperimentalMemoryManagerPolicy":"None","ExperimentalMemoryManagerReservedMemory":null,"PodPidsLimit":-1,"EnforceCPULimits":true,"CPUCFSQuotaPeriod":100000000,"TopologyManagerPolicy":"none","TopologyManagerPolicyOptions":null,"CgroupVersion":2}
2025-01-30 18:27:49,292 INFO c.h.h.t.HelmChartContainer - [K3S] [topology_manager.go:138] "Creating topology manager with none policy"
2025-01-30 18:27:49,292 INFO c.h.h.t.HelmChartContainer - [K3S] [container_manager_linux.go:304] "Creating device plugin manager"
2025-01-30 18:27:49,295 INFO c.h.h.t.HelmChartContainer - [K3S] [state_mem.go:36] "Initialized new in-memory state store"
2025-01-30 18:27:49,295 INFO c.h.h.t.HelmChartContainer - [K3S] [kubelet.go:446] "Attempting to sync node with API server"
2025-01-30 18:27:49,295 INFO c.h.h.t.HelmChartContainer - [K3S] [kubelet.go:341] "Adding static pod path" path="/var/lib/rancher/k3s/agent/pod-manifests"
2025-01-30 18:27:49,295 INFO c.h.h.t.HelmChartContainer - [K3S] [kubelet.go:352] "Adding apiserver pod source"
2025-01-30 18:27:49,295 INFO c.h.h.t.HelmChartContainer - [K3S] [apiserver.go:42] "Waiting for node sync before watching apiserver pods"
2025-01-30 18:27:49,296 INFO c.h.h.t.HelmChartContainer - [K3S] [kuberuntime_manager.go:269] "Container runtime initialized" containerRuntime="containerd" version="v1.7.23-k3s2" apiVersion="v1"
2025-01-30 18:27:49,296 INFO c.h.h.t.HelmChartContainer - [K3S] [kubelet.go:890] "Not starting ClusterTrustBundle informer because we are in static kubelet mode"
2025-01-30 18:27:49,296 INFO c.h.h.t.HelmChartContainer - [K3S] [probe.go:272] Flexvolume plugin directory at /usr/libexec/kubernetes/kubelet-plugins/volume/exec/ does not exist. Recreating.
2025-01-30 18:27:49,297 INFO c.h.h.t.HelmChartContainer - [K3S] [watchdog_linux.go:99] "Systemd watchdog is not enabled"
2025-01-30 18:27:49,297 INFO c.h.h.t.HelmChartContainer - [K3S] [server.go:1282] "Started kubelet"
2025-01-30 18:27:49,297 INFO c.h.h.t.HelmChartContainer - [K3S] [server.go:169] "Starting to listen" address="0.0.0.0" port=10250
2025-01-30 18:27:49,299 INFO c.h.h.t.HelmChartContainer - [K3S] [fs_resource_analyzer.go:67] "Starting FS ResourceAnalyzer"
2025-01-30 18:27:49,301 INFO c.h.h.t.HelmChartContainer - [K3S] [server.go:490] "Adding debug handlers to kubelet server"
2025-01-30 18:27:49,302 INFO c.h.h.t.HelmChartContainer - [K3S] [server.go:208] "Starting to listen read-only" address="0.0.0.0" port=10255
2025-01-30 18:27:49,306 INFO c.h.h.t.HelmChartContainer - [K3S] [dynamic_serving_content.go:135] "Starting controller" name="kubelet-server-cert-files::/var/lib/rancher/k3s/agent/serving-kubelet.crt::/var/lib/rancher/k3s/agent/serving-kubelet.key"
2025-01-30 18:27:49,309 INFO c.h.h.t.HelmChartContainer - [K3S] [kubelet.go:1561] "Image garbage collection failed once. Stats initialization may not have completed yet" err="invalid capacity 0 on image filesystem"
2025-01-30 18:27:49,312 INFO c.h.h.t.HelmChartContainer - [K3S] [volume_manager.go:297] "Starting Kubelet Volume Manager"
2025-01-30 18:27:49,312 INFO c.h.h.t.HelmChartContainer - [K3S] [kubelet_node_status.go:467] "Error getting the current node from lister" err="node \"ec2fc2be3df0\" not found"
2025-01-30 18:27:49,314 INFO c.h.h.t.HelmChartContainer - [K3S] [alloc.go:330] "allocated clusterIPs" service="default/kubernetes" clusterIPs={"IPv4":"10.43.0.1"}
2025-01-30 18:27:49,318 INFO c.h.h.t.HelmChartContainer - [K3S] [desired_state_of_world_populator.go:149] "Desired state populator starts to run"
2025-01-30 18:27:49,318 INFO c.h.h.t.HelmChartContainer - [K3S] [reconciler.go:26] "Reconciler: start to sync state"
2025-01-30 18:27:49,318 INFO c.h.h.t.HelmChartContainer - [K3S] [ratelimit.go:55] "Setting rate limiting for endpoint" service="podresources" qps=100 burstTokens=10
2025-01-30 18:27:49,318 INFO c.h.h.t.HelmChartContainer - [K3S] [server.go:243] "Starting to serve the podresources API" endpoint="unix:/var/lib/kubelet/pod-resources/kubelet.sock"
2025-01-30 18:27:49,321 INFO c.h.h.t.HelmChartContainer - [K3S] [factory.go:221] Registration of the containerd container factory successfully
2025-01-30 18:27:49,321 INFO c.h.h.t.HelmChartContainer - [K3S] [factory.go:221] Registration of the systemd container factory successfully
2025-01-30 18:27:49,321 INFO c.h.h.t.HelmChartContainer - [K3S] [factory.go:219] Registration of the crio container factory failed: Get "http://%2Fvar%2Frun%2Fcrio%2Fcrio.sock/info": dial unix /var/run/crio/crio.sock: connect: no such file or directory
2025-01-30 18:27:49,334 INFO c.h.h.t.HelmChartContainer - [K3S] [kubelet_network_linux.go:50] "Initialized iptables rules." protocol="IPv4"
2025-01-30 18:27:49,336 INFO c.h.h.t.HelmChartContainer - [K3S] [nodelease.go:49] "Failed to get node when trying to set owner ref to the node lease" err="nodes \"ec2fc2be3df0\" not found" node="ec2fc2be3df0"
2025-01-30 18:27:49,337 INFO c.h.h.t.HelmChartContainer - [K3S] [kubelet_network_linux.go:50] "Initialized iptables rules." protocol="IPv6"
2025-01-30 18:27:49,338 INFO c.h.h.t.HelmChartContainer - [K3S] [status_manager.go:227] "Starting to sync pod status with apiserver"
2025-01-30 18:27:49,338 INFO c.h.h.t.HelmChartContainer - [K3S] [watchdog_linux.go:127] "Systemd watchdog is not enabled or the interval is invalid, so health checking will not be started."
2025-01-30 18:27:49,338 INFO c.h.h.t.HelmChartContainer - [K3S] [kubelet.go:2388] "Starting kubelet main sync loop"
2025-01-30 18:27:49,338 INFO c.h.h.t.HelmChartContainer - [K3S] [kubelet.go:2412] "Skipping pod synchronization" err="[container runtime status check may not have completed yet, PLEG is not healthy: pleg has yet to be successful]"
2025-01-30 18:27:49,342 INFO c.h.h.t.HelmChartContainer - [K3S] [lease.go:265] Resetting endpoints for master service "kubernetes" to [172.18.0.2]
2025-01-30 18:27:49,351 INFO c.h.h.t.HelmChartContainer - [K3S] [cpu_manager.go:221] "Starting CPU manager" policy="none"
2025-01-30 18:27:49,351 INFO c.h.h.t.HelmChartContainer - [K3S] [cpu_manager.go:222] "Reconciling" reconcilePeriod="10s"
2025-01-30 18:27:49,352 INFO c.h.h.t.HelmChartContainer - [K3S] [state_mem.go:36] "Initialized new in-memory state store"
2025-01-30 18:27:49,356 INFO c.h.h.t.HelmChartContainer - [K3S] [policy_none.go:49] "None policy: Start"
2025-01-30 18:27:49,357 INFO c.h.h.t.HelmChartContainer - [K3S] [memory_manager.go:186] "Starting memorymanager" policy="None"
2025-01-30 18:27:49,358 INFO c.h.h.t.HelmChartContainer - [K3S] [state_mem.go:35] "Initializing new in-memory state store"
2025-01-30 18:27:49,363 INFO c.h.h.t.HelmChartContainer - [K3S] [manager.go:519] "Failed to read data from checkpoint" checkpoint="kubelet_internal_checkpoint" err="checkpoint is not found"
2025-01-30 18:27:49,363 INFO c.h.h.t.HelmChartContainer - [K3S] [eviction_manager.go:189] "Eviction manager: starting control loop"
2025-01-30 18:27:49,363 INFO c.h.h.t.HelmChartContainer - [K3S] [container_log_manager.go:189] "Initializing container log rotate workers" workers=1 monitorPeriod="10s"
2025-01-30 18:27:49,363 INFO c.h.h.t.HelmChartContainer - [K3S] [plugin_manager.go:118] "Starting Kubelet Plugin Manager"
2025-01-30 18:27:49,363 INFO c.h.h.t.HelmChartContainer - [K3S] [eviction_manager.go:267] "eviction manager: failed to check if we have separate container filesystem. Ignoring." err="no imagefs label for configured runtime"
2025-01-30 18:27:49,365 INFO c.h.h.t.HelmChartContainer - [K3S] [eviction_manager.go:292] "Eviction manager: failed to get summary stats" err="failed to get node info: node \"ec2fc2be3df0\" not found"
2025-01-30 18:27:49,420 INFO c.h.h.t.HelmChartContainer - [K3S] [ERROR] Sending HTTP/1.1 503 response to 127.0.0.1:51128: runtime core not ready
2025-01-30 18:27:49,464 INFO c.h.h.t.HelmChartContainer - [K3S] [kubelet_node_status.go:76] "Attempting to register node" node="ec2fc2be3df0"
2025-01-30 18:27:49,472 INFO c.h.h.t.HelmChartContainer - [K3S] [kubelet_node_status.go:79] "Successfully registered node" node="ec2fc2be3df0"
2025-01-30 18:27:49,472 INFO c.h.h.t.HelmChartContainer - [K3S] [kubelet_node_status.go:549] "Error updating node status, will retry" err="error getting node \"ec2fc2be3df0\": node \"ec2fc2be3df0\" not found"
2025-01-30 18:27:49,478 INFO c.h.h.t.HelmChartContainer - [K3S] [INFO] Annotations and labels have been set successfully on node: ec2fc2be3df0
2025-01-30 18:27:49,480 INFO c.h.h.t.HelmChartContainer - [K3S] [INFO] Starting flannel with backend vxlan
2025-01-30 18:27:49,532 INFO c.h.h.t.HelmChartContainer - [K3S] [INFO] Running kube-proxy --cluster-cidr=10.42.0.0/16 --conntrack-max-per-core=0 --conntrack-tcp-timeout-close-wait=0s --conntrack-tcp-timeout-established=0s --healthz-bind-address=127.0.0.1 --hostname-override=ec2fc2be3df0 --kubeconfig=/var/lib/rancher/k3s/agent/kubeproxy.kubeconfig --proxy-mode=iptables
2025-01-30 18:27:49,575 INFO c.h.h.t.HelmChartContainer - [K3S] [server.go:698] "Successfully retrieved node IP(s)" IPs=["172.18.0.2"]
2025-01-30 18:27:49,575 INFO c.h.h.t.HelmChartContainer - [K3S] [server.go:234] "Kube-proxy configuration may be incomplete or incorrect" err="nodePortAddresses is unset; NodePort connections will be accepted on all local IPs. Consider using `--nodeport-addresses primary`"
2025-01-30 18:27:49,578 INFO c.h.h.t.HelmChartContainer - [K3S] [server.go:243] "kube-proxy running in dual-stack mode" primary ipFamily="IPv4"
2025-01-30 18:27:49,578 INFO c.h.h.t.HelmChartContainer - [K3S] [server_linux.go:170] "Using iptables Proxier"
2025-01-30 18:27:49,579 INFO c.h.h.t.HelmChartContainer - [K3S] [proxier.go:255] "Setting route_localnet=1 to allow node-ports on localhost; to change this either disable iptables.localhostNodePorts (--iptables-localhost-nodeports) or set nodePortAddresses (--nodeport-addresses) to filter loopback addresses"
2025-01-30 18:27:49,584 INFO c.h.h.t.HelmChartContainer - [K3S] [server.go:497] "Version info" version="v1.32.1+k3s1"
2025-01-30 18:27:49,584 INFO c.h.h.t.HelmChartContainer - [K3S] [server.go:499] "Golang settings" GOGC="" GOMAXPROCS="" GOTRACEBACK=""
2025-01-30 18:27:49,585 INFO c.h.h.t.HelmChartContainer - [K3S] [config.go:199] "Starting service config controller"
2025-01-30 18:27:49,585 INFO c.h.h.t.HelmChartContainer - [K3S] [config.go:105] "Starting endpoint slice config controller"
2025-01-30 18:27:49,585 INFO c.h.h.t.HelmChartContainer - [K3S] [config.go:329] "Starting node config controller"
2025-01-30 18:27:49,682 INFO c.h.h.t.HelmChartContainer - [K3S] [kubelet_node_status.go:502] "Fast updating node status as it just became ready"
2025-01-30 18:27:50,061 INFO c.h.h.t.HelmChartContainer - [K3S] [INFO] Creating k3s-supervisor event broadcaster
2025-01-30 18:27:50,062 INFO c.h.h.t.HelmChartContainer - [K3S] [INFO] Kube API server is now running
2025-01-30 18:27:50,063 INFO c.h.h.t.HelmChartContainer - [K3S] [INFO] ETCD server is now running
2025-01-30 18:27:50,063 INFO c.h.h.t.HelmChartContainer - [K3S] [INFO] k3s is up and running
2025-01-30 18:27:50,063 INFO c.h.h.t.HelmChartContainer - [K3S] [INFO] Waiting for cloud-controller-manager privileges to become available
2025-01-30 18:27:50,063 INFO c.h.h.t.HelmChartContainer - [K3S] [INFO] Waiting for untainted node
2025-01-30 18:27:50,068 INFO c.h.h.t.HelmChartContainer - [K3S] [INFO] Applying CRD addons.k3s.cattle.io
2025-01-30 18:27:50,079 INFO c.h.h.t.HelmChartContainer - [K3S] [INFO] Applying CRD etcdsnapshotfiles.k3s.cattle.io
2025-01-30 18:27:50,089 INFO c.h.h.t.HelmChartContainer - [K3S] [INFO] Applying CRD helmcharts.helm.cattle.io
2025-01-30 18:27:50,100 INFO c.h.h.t.HelmChartContainer - [K3S] [INFO] Applying CRD helmchartconfigs.helm.cattle.io
2025-01-30 18:27:50,114 INFO c.h.h.t.HelmChartContainer - [K3S] [INFO] Waiting for CRD helmcharts.helm.cattle.io to become available
2025-01-30 18:27:50,293 INFO c.h.h.t.HelmChartContainer - [K3S] [apiserver.go:52] "Watching apiserver"
2025-01-30 18:27:50,310 INFO c.h.h.t.HelmChartContainer - [K3S] [serving.go:392] Generated self-signed cert in-memory
2025-01-30 18:27:50,317 INFO c.h.h.t.HelmChartContainer - [K3S] [desired_state_of_world_populator.go:157] "Finished populating initial desired state of world"
2025-01-30 18:27:50,561 INFO c.h.h.t.HelmChartContainer - [K3S] [controllermanager.go:185] "Starting" version="v1.32.1+k3s1"
2025-01-30 18:27:50,561 INFO c.h.h.t.HelmChartContainer - [K3S] [controllermanager.go:187] "Golang settings" GOGC="" GOMAXPROCS="" GOTRACEBACK=""
2025-01-30 18:27:50,563 INFO c.h.h.t.HelmChartContainer - [K3S] [requestheader_controller.go:180] Starting RequestHeaderAuthRequestController
2025-01-30 18:27:50,563 INFO c.h.h.t.HelmChartContainer - [K3S] [configmap_cafile_content.go:205] "Starting controller" name="client-ca::kube-system::extension-apiserver-authentication::client-ca-file"
2025-01-30 18:27:50,564 INFO c.h.h.t.HelmChartContainer - [K3S] [configmap_cafile_content.go:205] "Starting controller" name="client-ca::kube-system::extension-apiserver-authentication::requestheader-client-ca-file"
2025-01-30 18:27:50,564 INFO c.h.h.t.HelmChartContainer - [K3S] [secure_serving.go:213] Serving securely on 127.0.0.1:10257
2025-01-30 18:27:50,564 INFO c.h.h.t.HelmChartContainer - [K3S] [tlsconfig.go:243] "Starting DynamicServingCertificateController"
2025-01-30 18:27:50,568 INFO c.h.h.t.HelmChartContainer - [K3S] [controllermanager.go:765] "Started controller" controller="serviceaccount-token-controller"
2025-01-30 18:27:50,569 INFO c.h.h.t.HelmChartContainer - [K3S] [controllermanager.go:717] "Controller is disabled by a feature gate" controller="kube-apiserver-serving-clustertrustbundle-publisher-controller" requiredFeatureGates=["ClusterTrustBundle"]
2025-01-30 18:27:50,575 INFO c.h.h.t.HelmChartContainer - [K3S] [controllermanager.go:765] "Started controller" controller="ephemeral-volume-controller"
2025-01-30 18:27:50,575 INFO c.h.h.t.HelmChartContainer - [K3S] [controller.go:173] "Starting ephemeral volume controller"
2025-01-30 18:27:50,581 INFO c.h.h.t.HelmChartContainer - [K3S] [controllermanager.go:765] "Started controller" controller="endpoints-controller"
2025-01-30 18:27:50,581 INFO c.h.h.t.HelmChartContainer - [K3S] [endpoints_controller.go:182] "Starting endpoint controller"
2025-01-30 18:27:50,586 INFO c.h.h.t.HelmChartContainer - [K3S] [controllermanager.go:765] "Started controller" controller="pod-garbage-collector-controller"
2025-01-30 18:27:50,587 INFO c.h.h.t.HelmChartContainer - [K3S] [gc_controller.go:99] "Starting GC controller"
2025-01-30 18:27:50,593 INFO c.h.h.t.HelmChartContainer - [K3S] [controllermanager.go:765] "Started controller" controller="disruption-controller"
2025-01-30 18:27:50,593 INFO c.h.h.t.HelmChartContainer - [K3S] [disruption.go:452] "Sending events to api server."
2025-01-30 18:27:50,594 INFO c.h.h.t.HelmChartContainer - [K3S] [disruption.go:463] "Starting disruption controller"
2025-01-30 18:27:50,599 INFO c.h.h.t.HelmChartContainer - [K3S] [controllermanager.go:765] "Started controller" controller="certificatesigningrequest-approving-controller"
2025-01-30 18:27:50,599 INFO c.h.h.t.HelmChartContainer - [K3S] [certificate_controller.go:120] "Starting certificate controller" name="csrapproving"
2025-01-30 18:27:50,605 INFO c.h.h.t.HelmChartContainer - [K3S] [node_lifecycle_controller.go:432] "Controller will reconcile labels"
2025-01-30 18:27:50,605 INFO c.h.h.t.HelmChartContainer - [K3S] [controllermanager.go:765] "Started controller" controller="node-lifecycle-controller"
2025-01-30 18:27:50,605 INFO c.h.h.t.HelmChartContainer - [K3S] [controllermanager.go:723] "Skipping a cloud provider controller" controller="service-lb-controller"
2025-01-30 18:27:50,605 INFO c.h.h.t.HelmChartContainer - [K3S] [node_lifecycle_controller.go:466] "Sending events to api server"
2025-01-30 18:27:50,606 INFO c.h.h.t.HelmChartContainer - [K3S] [node_lifecycle_controller.go:477] "Starting node controller"
2025-01-30 18:27:50,607 INFO c.h.h.t.HelmChartContainer - [K3S] [controllermanager.go:765] "Started controller" controller="taint-eviction-controller"
2025-01-30 18:27:50,607 INFO c.h.h.t.HelmChartContainer - [K3S] [controllermanager.go:743] "Warning: skipping controller" controller="storage-version-migrator-controller"
2025-01-30 18:27:50,607 INFO c.h.h.t.HelmChartContainer - [K3S] [taint_eviction.go:281] "Starting" controller="taint-eviction-controller"
2025-01-30 18:27:50,607 INFO c.h.h.t.HelmChartContainer - [K3S] [taint_eviction.go:287] "Sending events to api server"
2025-01-30 18:27:50,615 INFO c.h.h.t.HelmChartContainer - [K3S] [controllermanager.go:765] "Started controller" controller="clusterrole-aggregation-controller"
2025-01-30 18:27:50,616 INFO c.h.h.t.HelmChartContainer - [K3S] [controllermanager.go:717] "Controller is disabled by a feature gate" controller="storageversion-garbage-collector-controller" requiredFeatureGates=["APIServerIdentity","StorageVersionAPI"]
2025-01-30 18:27:50,616 INFO c.h.h.t.HelmChartContainer - [K3S] [clusterroleaggregation_controller.go:194] "Starting ClusterRoleAggregator controller"
2025-01-30 18:27:50,618 INFO c.h.h.t.HelmChartContainer - [K3S] [INFO] Done waiting for CRD helmcharts.helm.cattle.io to become available
2025-01-30 18:27:50,618 INFO c.h.h.t.HelmChartContainer - [K3S] [INFO] Waiting for CRD helmchartconfigs.helm.cattle.io to become available
2025-01-30 18:27:50,621 INFO c.h.h.t.HelmChartContainer - [K3S] [controllermanager.go:765] "Started controller" controller="endpointslice-controller"
2025-01-30 18:27:50,621 INFO c.h.h.t.HelmChartContainer - [K3S] [endpointslice_controller.go:281] "Starting endpoint slice controller"
2025-01-30 18:27:50,627 INFO c.h.h.t.HelmChartContainer - [K3S] [controllermanager.go:765] "Started controller" controller="endpointslice-mirroring-controller"
2025-01-30 18:27:50,627 INFO c.h.h.t.HelmChartContainer - [K3S] [endpointslicemirroring_controller.go:227] "Starting EndpointSliceMirroring controller"
2025-01-30 18:27:50,672 INFO c.h.h.t.HelmChartContainer - [K3S] [controllermanager.go:765] "Started controller" controller="serviceaccount-controller"
2025-01-30 18:27:50,672 INFO c.h.h.t.HelmChartContainer - [K3S] [controllermanager.go:728] "Warning: controller is disabled" controller="bootstrap-signer-controller"
2025-01-30 18:27:50,672 INFO c.h.h.t.HelmChartContainer - [K3S] [controllermanager.go:723] "Skipping a cloud provider controller" controller="cloud-node-lifecycle-controller"
2025-01-30 18:27:50,673 INFO c.h.h.t.HelmChartContainer - [K3S] [serviceaccounts_controller.go:114] "Starting service account controller"
2025-01-30 18:27:50,822 INFO c.h.h.t.HelmChartContainer - [K3S] [controllermanager.go:765] "Started controller" controller="persistentvolume-binder-controller"
2025-01-30 18:27:50,822 INFO c.h.h.t.HelmChartContainer - [K3S] [pv_controller_base.go:308] "Starting persistent volume controller"
2025-01-30 18:27:50,972 INFO c.h.h.t.HelmChartContainer - [K3S] [controllermanager.go:765] "Started controller" controller="legacy-serviceaccount-token-cleaner-controller"
2025-01-30 18:27:50,973 INFO c.h.h.t.HelmChartContainer - [K3S] [legacy_serviceaccount_token_cleaner.go:103] "Starting legacy service account token cleaner controller"
2025-01-30 18:27:51,122 INFO c.h.h.t.HelmChartContainer - [K3S] [INFO] Done waiting for CRD helmchartconfigs.helm.cattle.io to become available
2025-01-30 18:27:51,122 INFO c.h.h.t.HelmChartContainer - [K3S] [INFO] Writing static file: /var/lib/rancher/k3s/server/static/charts/traefik-27.0.201+up27.0.2.tgz
2025-01-30 18:27:51,122 INFO c.h.h.t.HelmChartContainer - [K3S] [controllermanager.go:765] "Started controller" controller="deployment-controller"
2025-01-30 18:27:51,123 INFO c.h.h.t.HelmChartContainer - [K3S] [deployment_controller.go:173] "Starting controller" controller="deployment"
2025-01-30 18:27:51,124 INFO c.h.h.t.HelmChartContainer - [K3S] [INFO] Writing static file: /var/lib/rancher/k3s/server/static/charts/traefik-crd-27.0.201+up27.0.2.tgz
2025-01-30 18:27:51,124 INFO c.h.h.t.HelmChartContainer - [K3S] [INFO] Writing manifest: /var/lib/rancher/k3s/server/manifests/ccm.yaml
2025-01-30 18:27:51,124 INFO c.h.h.t.HelmChartContainer - [K3S] [INFO] Writing manifest: /var/lib/rancher/k3s/server/manifests/local-storage.yaml
2025-01-30 18:27:51,124 INFO c.h.h.t.HelmChartContainer - [K3S] [INFO] Writing manifest: /var/lib/rancher/k3s/server/manifests/metrics-server/auth-reader.yaml
2025-01-30 18:27:51,124 INFO c.h.h.t.HelmChartContainer - [K3S] [INFO] Writing manifest: /var/lib/rancher/k3s/server/manifests/rolebindings.yaml
2025-01-30 18:27:51,124 INFO c.h.h.t.HelmChartContainer - [K3S] [INFO] Writing manifest: /var/lib/rancher/k3s/server/manifests/coredns.yaml
2025-01-30 18:27:51,124 INFO c.h.h.t.HelmChartContainer - [K3S] [INFO] Writing manifest: /var/lib/rancher/k3s/server/manifests/metrics-server/aggregated-metrics-reader.yaml
2025-01-30 18:27:51,124 INFO c.h.h.t.HelmChartContainer - [K3S] [INFO] Writing manifest: /var/lib/rancher/k3s/server/manifests/metrics-server/auth-delegator.yaml
2025-01-30 18:27:51,124 INFO c.h.h.t.HelmChartContainer - [K3S] [INFO] Writing manifest: /var/lib/rancher/k3s/server/manifests/metrics-server/metrics-apiservice.yaml
2025-01-30 18:27:51,125 INFO c.h.h.t.HelmChartContainer - [K3S] [INFO] Writing manifest: /var/lib/rancher/k3s/server/manifests/metrics-server/metrics-server-deployment.yaml
2025-01-30 18:27:51,125 INFO c.h.h.t.HelmChartContainer - [K3S] [INFO] Writing manifest: /var/lib/rancher/k3s/server/manifests/metrics-server/metrics-server-service.yaml
2025-01-30 18:27:51,125 INFO c.h.h.t.HelmChartContainer - [K3S] [INFO] Writing manifest: /var/lib/rancher/k3s/server/manifests/metrics-server/resource-reader.yaml
2025-01-30 18:27:51,125 INFO c.h.h.t.HelmChartContainer - [K3S] [INFO] Writing manifest: /var/lib/rancher/k3s/server/manifests/runtimes.yaml
2025-01-30 18:27:51,126 INFO c.h.h.t.HelmChartContainer - [K3S] [INFO] Starting dynamiclistener CN filter node controller with SANs: [localhost 127.0.0.1 ::1 localhost ec2fc2be3df0 172.18.0.2 10.43.0.1 kubernetes kubernetes.default kubernetes.default.svc kubernetes.default.svc.cluster.local]
2025-01-30 18:27:51,127 INFO c.h.h.t.HelmChartContainer - [K3S] [INFO] Tunnel server egress proxy mode: agent
2025-01-30 18:27:51,231 INFO c.h.h.t.HelmChartContainer - [K3S] [INFO] Starting k3s.cattle.io/v1, Kind=Addon controller
2025-01-30 18:27:51,231 INFO c.h.h.t.HelmChartContainer - [K3S] [INFO] Creating deploy event broadcaster
2025-01-30 18:27:51,272 INFO c.h.h.t.HelmChartContainer - [K3S] [controllermanager.go:765] "Started controller" controller="cronjob-controller"
2025-01-30 18:27:51,272 INFO c.h.h.t.HelmChartContainer - [K3S] [cronjob_controllerv2.go:145] "Starting cronjob controller v2"
2025-01-30 18:27:51,335 INFO c.h.h.t.HelmChartContainer - [K3S] [INFO] Starting /v1, Kind=Node controller
2025-01-30 18:27:51,336 INFO c.h.h.t.HelmChartContainer - [K3S] [INFO] Creating helm-controller event broadcaster
2025-01-30 18:27:51,345 INFO c.h.h.t.HelmChartContainer - [K3S] [INFO] Cluster dns configmap has been set successfully
2025-01-30 18:27:51,355 INFO c.h.h.t.HelmChartContainer - [K3S] [INFO] Labels and annotations have been set successfully on node: ec2fc2be3df0
2025-01-30 18:27:51,422 INFO c.h.h.t.HelmChartContainer - [K3S] [controllermanager.go:765] "Started controller" controller="ttl-controller"
2025-01-30 18:27:51,422 INFO c.h.h.t.HelmChartContainer - [K3S] [ttl_controller.go:127] "Starting TTL controller"
2025-01-30 18:27:51,449 INFO c.h.h.t.HelmChartContainer - [K3S] [INFO] Starting helm.cattle.io/v1, Kind=HelmChart controller
2025-01-30 18:27:51,449 INFO c.h.h.t.HelmChartContainer - [K3S] [INFO] Starting helm.cattle.io/v1, Kind=HelmChartConfig controller
2025-01-30 18:27:51,451 INFO c.h.h.t.HelmChartContainer - [K3S] [INFO] Starting rbac.authorization.k8s.io/v1, Kind=ClusterRoleBinding controller
2025-01-30 18:27:51,453 INFO c.h.h.t.HelmChartContainer - [K3S] [INFO] Starting batch/v1, Kind=Job controller
2025-01-30 18:27:51,454 INFO c.h.h.t.HelmChartContainer - [K3S] [INFO] Starting /v1, Kind=Secret controller
2025-01-30 18:27:51,454 INFO c.h.h.t.HelmChartContainer - [K3S] [INFO] Starting /v1, Kind=ServiceAccount controller
2025-01-30 18:27:51,454 INFO c.h.h.t.HelmChartContainer - [K3S] [INFO] Starting /v1, Kind=ConfigMap controller
2025-01-30 18:27:51,572 INFO c.h.h.t.HelmChartContainer - [K3S] [controllermanager.go:765] "Started controller" controller="token-cleaner-controller"
2025-01-30 18:27:51,573 INFO c.h.h.t.HelmChartContainer - [K3S] [controllermanager.go:717] "Controller is disabled by a feature gate" controller="selinux-warning-controller" requiredFeatureGates=["SELinuxChangePolicy"]
2025-01-30 18:27:51,573 INFO c.h.h.t.HelmChartContainer - [K3S] [tokencleaner.go:117] "Starting token cleaner controller"
2025-01-30 18:27:51,872 INFO c.h.h.t.HelmChartContainer - [K3S] [controllermanager.go:765] "Started controller" controller="horizontal-pod-autoscaler-controller"
2025-01-30 18:27:51,872 INFO c.h.h.t.HelmChartContainer - [K3S] [horizontal.go:201] "Starting HPA controller"
2025-01-30 18:27:51,887 INFO c.h.h.t.HelmChartContainer - [K3S] [INFO] Updating TLS secret for kube-system/k3s-serving (count: 10): map[listener.cattle.io/cn-10.43.0.1:10.43.0.1 listener.cattle.io/cn-127.0.0.1:127.0.0.1 listener.cattle.io/cn-172.18.0.2:172.18.0.2 listener.cattle.io/cn-__1-f16284:::1 listener.cattle.io/cn-ec2fc2be3df0:ec2fc2be3df0 listener.cattle.io/cn-kubernetes:kubernetes listener.cattle.io/cn-kubernetes.default:kubernetes.default listener.cattle.io/cn-kubernetes.default.svc:kubernetes.default.svc listener.cattle.io/cn-kubernetes.default.svc.cluster.local:kubernetes.default.svc.cluster.local listener.cattle.io/cn-localhost:localhost listener.cattle.io/fingerprint:SHA1=B33BAAEC8F820A25A4E1F5B98FBD9A5C14EB1AE2]
2025-01-30 18:27:51,889 INFO c.h.h.t.HelmChartContainer - [K3S] [INFO] Active TLS secret kube-system/k3s-serving (ver=247) (count 10): map[listener.cattle.io/cn-10.43.0.1:10.43.0.1 listener.cattle.io/cn-127.0.0.1:127.0.0.1 listener.cattle.io/cn-172.18.0.2:172.18.0.2 listener.cattle.io/cn-__1-f16284:::1 listener.cattle.io/cn-ec2fc2be3df0:ec2fc2be3df0 listener.cattle.io/cn-kubernetes:kubernetes listener.cattle.io/cn-kubernetes.default:kubernetes.default listener.cattle.io/cn-kubernetes.default.svc:kubernetes.default.svc listener.cattle.io/cn-kubernetes.default.svc.cluster.local:kubernetes.default.svc.cluster.local listener.cattle.io/cn-localhost:localhost listener.cattle.io/fingerprint:SHA1=B33BAAEC8F820A25A4E1F5B98FBD9A5C14EB1AE2]
2025-01-30 18:27:51,922 INFO c.h.h.t.HelmChartContainer - [K3S] [certificate_controller.go:120] "Starting certificate controller" name="csrsigning-kubelet-serving"
2025-01-30 18:27:51,923 INFO c.h.h.t.HelmChartContainer - [K3S] [dynamic_serving_content.go:135] "Starting controller" name="csr-controller::/var/lib/rancher/k3s/server/tls/server-ca.nochain.crt::/var/lib/rancher/k3s/server/tls/server-ca.key"
2025-01-30 18:27:51,923 INFO c.h.h.t.HelmChartContainer - [K3S] [certificate_controller.go:120] "Starting certificate controller" name="csrsigning-kubelet-client"
2025-01-30 18:27:51,923 INFO c.h.h.t.HelmChartContainer - [K3S] [dynamic_serving_content.go:135] "Starting controller" name="csr-controller::/var/lib/rancher/k3s/server/tls/client-ca.nochain.crt::/var/lib/rancher/k3s/server/tls/client-ca.key"
2025-01-30 18:27:51,923 INFO c.h.h.t.HelmChartContainer - [K3S] [certificate_controller.go:120] "Starting certificate controller" name="csrsigning-kube-apiserver-client"
2025-01-30 18:27:51,923 INFO c.h.h.t.HelmChartContainer - [K3S] [dynamic_serving_content.go:135] "Starting controller" name="csr-controller::/var/lib/rancher/k3s/server/tls/client-ca.nochain.crt::/var/lib/rancher/k3s/server/tls/client-ca.key"
2025-01-30 18:27:51,923 INFO c.h.h.t.HelmChartContainer - [K3S] [controllermanager.go:765] "Started controller" controller="certificatesigningrequest-signing-controller"
2025-01-30 18:27:51,924 INFO c.h.h.t.HelmChartContainer - [K3S] [controllermanager.go:723] "Skipping a cloud provider controller" controller="node-route-controller"
2025-01-30 18:27:51,924 INFO c.h.h.t.HelmChartContainer - [K3S] [certificate_controller.go:120] "Starting certificate controller" name="csrsigning-legacy-unknown"
2025-01-30 18:27:51,924 INFO c.h.h.t.HelmChartContainer - [K3S] [dynamic_serving_content.go:135] "Starting controller" name="csr-controller::/var/lib/rancher/k3s/server/tls/server-ca.nochain.crt::/var/lib/rancher/k3s/server/tls/server-ca.key"
2025-01-30 18:27:51,984 INFO c.h.h.t.HelmChartContainer - [K3S] [INFO] Updating TLS secret for kube-system/k3s-serving (count: 10): map[listener.cattle.io/cn-10.43.0.1:10.43.0.1 listener.cattle.io/cn-127.0.0.1:127.0.0.1 listener.cattle.io/cn-172.18.0.2:172.18.0.2 listener.cattle.io/cn-__1-f16284:::1 listener.cattle.io/cn-ec2fc2be3df0:ec2fc2be3df0 listener.cattle.io/cn-kubernetes:kubernetes listener.cattle.io/cn-kubernetes.default:kubernetes.default listener.cattle.io/cn-kubernetes.default.svc:kubernetes.default.svc listener.cattle.io/cn-kubernetes.default.svc.cluster.local:kubernetes.default.svc.cluster.local listener.cattle.io/cn-localhost:localhost listener.cattle.io/fingerprint:SHA1=B33BAAEC8F820A25A4E1F5B98FBD9A5C14EB1AE2]
2025-01-30 18:27:52,071 INFO c.h.h.t.HelmChartContainer - [K3S] [controllermanager.go:765] "Started controller" controller="persistentvolume-expander-controller"
2025-01-30 18:27:52,071 INFO c.h.h.t.HelmChartContainer - [K3S] [expand_controller.go:329] "Starting expand controller"
2025-01-30 18:27:52,222 INFO c.h.h.t.HelmChartContainer - [K3S] [controllermanager.go:765] "Started controller" controller="root-ca-certificate-publisher-controller"
2025-01-30 18:27:52,223 INFO c.h.h.t.HelmChartContainer - [K3S] [controllermanager.go:717] "Controller is disabled by a feature gate" controller="resourceclaim-controller" requiredFeatureGates=["DynamicResourceAllocation"]
2025-01-30 18:27:52,223 INFO c.h.h.t.HelmChartContainer - [K3S] [publisher.go:107] "Starting root CA cert publisher controller"
2025-01-30 18:27:52,372 INFO c.h.h.t.HelmChartContainer - [K3S] [controllermanager.go:765] "Started controller" controller="replicationcontroller-controller"
2025-01-30 18:27:52,372 INFO c.h.h.t.HelmChartContainer - [K3S] [replica_set.go:217] "Starting controller" name="replicationcontroller"
2025-01-30 18:27:52,627 INFO c.h.h.t.HelmChartContainer - [K3S] [controllermanager.go:765] "Started controller" controller="namespace-controller"
2025-01-30 18:27:52,627 INFO c.h.h.t.HelmChartContainer - [K3S] [namespace_controller.go:202] "Starting namespace controller"
2025-01-30 18:27:52,772 INFO c.h.h.t.HelmChartContainer - [K3S] [controllermanager.go:765] "Started controller" controller="statefulset-controller"
2025-01-30 18:27:52,773 INFO c.h.h.t.HelmChartContainer - [K3S] [stateful_set.go:166] "Starting stateful set controller"
2025-01-30 18:27:52,800 INFO c.h.h.t.HelmChartContainer - [K3S] [event.go:389] "Event occurred" object="ec2fc2be3df0" fieldPath="" kind="Node" apiVersion="" type="Normal" reason="NodePasswordValidationComplete" message="Deferred node password secret validation complete"
2025-01-30 18:27:52,922 INFO c.h.h.t.HelmChartContainer - [K3S] [controllermanager.go:765] "Started controller" controller="persistentvolume-attach-detach-controller"
2025-01-30 18:27:52,923 INFO c.h.h.t.HelmChartContainer - [K3S] [controllermanager.go:717] "Controller is disabled by a feature gate" controller="service-cidr-controller" requiredFeatureGates=["MultiCIDRServiceAllocator"]
2025-01-30 18:27:52,923 INFO c.h.h.t.HelmChartContainer - [K3S] [attach_detach_controller.go:338] "Starting attach detach controller"
2025-01-30 18:27:53,072 INFO c.h.h.t.HelmChartContainer - [K3S] [controllermanager.go:765] "Started controller" controller="job-controller"
2025-01-30 18:27:53,072 INFO c.h.h.t.HelmChartContainer - [K3S] [controllermanager.go:717] "Controller is disabled by a feature gate" controller="volumeattributesclass-protection-controller" requiredFeatureGates=["VolumeAttributesClass"]
2025-01-30 18:27:53,073 INFO c.h.h.t.HelmChartContainer - [K3S] [job_controller.go:243] "Starting job controller"
2025-01-30 18:27:53,224 INFO c.h.h.t.HelmChartContainer - [K3S] [controllermanager.go:765] "Started controller" controller="ttl-after-finished-controller"
2025-01-30 18:27:53,224 INFO c.h.h.t.HelmChartContainer - [K3S] [ttlafterfinished_controller.go:112] "Starting TTL after finished controller"
2025-01-30 18:27:53,236 INFO c.h.h.t.HelmChartContainer - [K3S] [event.go:389] "Event occurred" object="kube-system/ccm" fieldPath="" kind="Addon" apiVersion="k3s.cattle.io/v1" type="Normal" reason="ApplyingManifest" message="Applying manifest at \"/var/lib/rancher/k3s/server/manifests/ccm.yaml\""
2025-01-30 18:27:53,254 INFO c.h.h.t.HelmChartContainer - [K3S] [event.go:389] "Event occurred" object="kube-system/ccm" fieldPath="" kind="Addon" apiVersion="k3s.cattle.io/v1" type="Normal" reason="AppliedManifest" message="Applied manifest at \"/var/lib/rancher/k3s/server/manifests/ccm.yaml\""
2025-01-30 18:27:53,262 INFO c.h.h.t.HelmChartContainer - [K3S] [event.go:389] "Event occurred" object="kube-system/coredns" fieldPath="" kind="Addon" apiVersion="k3s.cattle.io/v1" type="Normal" reason="ApplyingManifest" message="Applying manifest at \"/var/lib/rancher/k3s/server/manifests/coredns.yaml\""
2025-01-30 18:27:53,368 INFO c.h.h.t.HelmChartContainer - [K3S] [alloc.go:330] "allocated clusterIPs" service="kube-system/kube-dns" clusterIPs={"IPv4":"10.43.0.10"}
2025-01-30 18:27:53,368 INFO c.h.h.t.HelmChartContainer - [K3S] [event.go:389] "Event occurred" object="kube-system/coredns" fieldPath="" kind="Addon" apiVersion="k3s.cattle.io/v1" type="Normal" reason="AppliedManifest" message="Applied manifest at \"/var/lib/rancher/k3s/server/manifests/coredns.yaml\""
2025-01-30 18:27:53,380 INFO c.h.h.t.HelmChartContainer - [K3S] [event.go:389] "Event occurred" object="kube-system/local-storage" fieldPath="" kind="Addon" apiVersion="k3s.cattle.io/v1" type="Normal" reason="ApplyingManifest" message="Applying manifest at \"/var/lib/rancher/k3s/server/manifests/local-storage.yaml\""
2025-01-30 18:27:53,470 INFO c.h.h.t.HelmChartContainer - [K3S] [event.go:389] "Event occurred" object="kube-system/local-storage" fieldPath="" kind="Addon" apiVersion="k3s.cattle.io/v1" type="Normal" reason="AppliedManifest" message="Applied manifest at \"/var/lib/rancher/k3s/server/manifests/local-storage.yaml\""
2025-01-30 18:27:53,475 INFO c.h.h.t.HelmChartContainer - [K3S] [event.go:389] "Event occurred" object="kube-system/aggregated-metrics-reader" fieldPath="" kind="Addon" apiVersion="k3s.cattle.io/v1" type="Normal" reason="ApplyingManifest" message="Applying manifest at \"/var/lib/rancher/k3s/server/manifests/metrics-server/aggregated-metrics-reader.yaml\""
2025-01-30 18:27:53,526 INFO c.h.h.t.HelmChartContainer - [K3S] [controllermanager.go:765] "Started controller" controller="resourcequota-controller"
2025-01-30 18:27:53,526 INFO c.h.h.t.HelmChartContainer - [K3S] [resource_quota_controller.go:300] "Starting resource quota controller"
2025-01-30 18:27:53,544 INFO c.h.h.t.HelmChartContainer - [K3S] [event.go:389] "Event occurred" object="kube-system/aggregated-metrics-reader" fieldPath="" kind="Addon" apiVersion="k3s.cattle.io/v1" type="Normal" reason="AppliedManifest" message="Applied manifest at \"/var/lib/rancher/k3s/server/manifests/metrics-server/aggregated-metrics-reader.yaml\""
2025-01-30 18:27:53,550 INFO c.h.h.t.HelmChartContainer - [K3S] [event.go:389] "Event occurred" object="kube-system/auth-delegator" fieldPath="" kind="Addon" apiVersion="k3s.cattle.io/v1" type="Normal" reason="ApplyingManifest" message="Applying manifest at \"/var/lib/rancher/k3s/server/manifests/metrics-server/auth-delegator.yaml\""
2025-01-30 18:27:53,555 INFO c.h.h.t.HelmChartContainer - [K3S] [event.go:389] "Event occurred" object="kube-system/auth-delegator" fieldPath="" kind="Addon" apiVersion="k3s.cattle.io/v1" type="Normal" reason="AppliedManifest" message="Applied manifest at \"/var/lib/rancher/k3s/server/manifests/metrics-server/auth-delegator.yaml\""
2025-01-30 18:27:53,561 INFO c.h.h.t.HelmChartContainer - [K3S] [event.go:389] "Event occurred" object="kube-system/auth-reader" fieldPath="" kind="Addon" apiVersion="k3s.cattle.io/v1" type="Normal" reason="ApplyingManifest" message="Applying manifest at \"/var/lib/rancher/k3s/server/manifests/metrics-server/auth-reader.yaml\""
2025-01-30 18:27:53,567 INFO c.h.h.t.HelmChartContainer - [K3S] [event.go:389] "Event occurred" object="kube-system/auth-reader" fieldPath="" kind="Addon" apiVersion="k3s.cattle.io/v1" type="Normal" reason="AppliedManifest" message="Applied manifest at \"/var/lib/rancher/k3s/server/manifests/metrics-server/auth-reader.yaml\""
2025-01-30 18:27:53,574 INFO c.h.h.t.HelmChartContainer - [K3S] [event.go:389] "Event occurred" object="kube-system/metrics-apiservice" fieldPath="" kind="Addon" apiVersion="k3s.cattle.io/v1" type="Normal" reason="ApplyingManifest" message="Applying manifest at \"/var/lib/rancher/k3s/server/manifests/metrics-server/metrics-apiservice.yaml\""
2025-01-30 18:27:53,581 INFO c.h.h.t.HelmChartContainer - [K3S] [event.go:389] "Event occurred" object="kube-system/metrics-apiservice" fieldPath="" kind="Addon" apiVersion="k3s.cattle.io/v1" type="Normal" reason="AppliedManifest" message="Applied manifest at \"/var/lib/rancher/k3s/server/manifests/metrics-server/metrics-apiservice.yaml\""
2025-01-30 18:27:53,584 INFO c.h.h.t.HelmChartContainer - [K3S] [handler_proxy.go:99] no RequestInfo found in the context
2025-01-30 18:27:53,585 INFO c.h.h.t.HelmChartContainer - [K3S] [controller.go:146] "Unhandled Error" err=<
2025-01-30 18:27:53,586 INFO c.h.h.t.HelmChartContainer - [K3S] 	, Header: map[Content-Type:[text/plain; charset=utf-8] X-Content-Type-Options:[nosniff]]
2025-01-30 18:27:53,586 INFO c.h.h.t.HelmChartContainer - [K3S]  >
2025-01-30 18:27:53,586 INFO c.h.h.t.HelmChartContainer - [K3S] [handler_proxy.go:143] error resolving kube-system/metrics-server: service "metrics-server" not found
2025-01-30 18:27:53,591 INFO c.h.h.t.HelmChartContainer - [K3S] [event.go:389] "Event occurred" object="kube-system/metrics-server-deployment" fieldPath="" kind="Addon" apiVersion="k3s.cattle.io/v1" type="Normal" reason="ApplyingManifest" message="Applying manifest at \"/var/lib/rancher/k3s/server/manifests/metrics-server/metrics-server-deployment.yaml\""
2025-01-30 18:27:53,603 INFO c.h.h.t.HelmChartContainer - [K3S] [event.go:389] "Event occurred" object="kube-system/metrics-server-deployment" fieldPath="" kind="Addon" apiVersion="k3s.cattle.io/v1" type="Normal" reason="AppliedManifest" message="Applied manifest at \"/var/lib/rancher/k3s/server/manifests/metrics-server/metrics-server-deployment.yaml\""
2025-01-30 18:27:53,613 INFO c.h.h.t.HelmChartContainer - [K3S] [event.go:389] "Event occurred" object="kube-system/metrics-server-service" fieldPath="" kind="Addon" apiVersion="k3s.cattle.io/v1" type="Normal" reason="ApplyingManifest" message="Applying manifest at \"/var/lib/rancher/k3s/server/manifests/metrics-server/metrics-server-service.yaml\""
2025-01-30 18:27:53,621 INFO c.h.h.t.HelmChartContainer - [K3S] [alloc.go:330] "allocated clusterIPs" service="kube-system/metrics-server" clusterIPs={"IPv4":"10.43.178.188"}
2025-01-30 18:27:53,621 INFO c.h.h.t.HelmChartContainer - [K3S] [event.go:389] "Event occurred" object="kube-system/metrics-server-service" fieldPath="" kind="Addon" apiVersion="k3s.cattle.io/v1" type="Normal" reason="AppliedManifest" message="Applied manifest at \"/var/lib/rancher/k3s/server/manifests/metrics-server/metrics-server-service.yaml\""
2025-01-30 18:27:53,628 INFO c.h.h.t.HelmChartContainer - [K3S] [handler_proxy.go:99] no RequestInfo found in the context
2025-01-30 18:27:53,628 INFO c.h.h.t.HelmChartContainer - [K3S] [controller.go:146] "Unhandled Error" err=<
2025-01-30 18:27:53,628 INFO c.h.h.t.HelmChartContainer - [K3S] 	, Header: map[Content-Type:[text/plain; charset=utf-8] X-Content-Type-Options:[nosniff]]
2025-01-30 18:27:53,629 INFO c.h.h.t.HelmChartContainer - [K3S]  >
2025-01-30 18:27:53,630 INFO c.h.h.t.HelmChartContainer - [K3S] [event.go:389] "Event occurred" object="kube-system/resource-reader" fieldPath="" kind="Addon" apiVersion="k3s.cattle.io/v1" type="Normal" reason="ApplyingManifest" message="Applying manifest at \"/var/lib/rancher/k3s/server/manifests/metrics-server/resource-reader.yaml\""
2025-01-30 18:27:53,631 INFO c.h.h.t.HelmChartContainer - [K3S] [handler_proxy.go:143] error resolving kube-system/metrics-server: endpoints "metrics-server" not found
2025-01-30 18:27:53,655 INFO c.h.h.t.HelmChartContainer - [K3S] [event.go:389] "Event occurred" object="kube-system/resource-reader" fieldPath="" kind="Addon" apiVersion="k3s.cattle.io/v1" type="Normal" reason="AppliedManifest" message="Applied manifest at \"/var/lib/rancher/k3s/server/manifests/metrics-server/resource-reader.yaml\""
2025-01-30 18:27:53,662 INFO c.h.h.t.HelmChartContainer - [K3S] [event.go:389] "Event occurred" object="kube-system/rolebindings" fieldPath="" kind="Addon" apiVersion="k3s.cattle.io/v1" type="Normal" reason="ApplyingManifest" message="Applying manifest at \"/var/lib/rancher/k3s/server/manifests/rolebindings.yaml\""
2025-01-30 18:27:53,771 INFO c.h.h.t.HelmChartContainer - [K3S] [graph_builder.go:351] "Running" component="GraphBuilder"
2025-01-30 18:27:53,771 INFO c.h.h.t.HelmChartContainer - [K3S] [controllermanager.go:765] "Started controller" controller="garbage-collector-controller"
2025-01-30 18:27:53,776 INFO c.h.h.t.HelmChartContainer - [K3S] [event.go:389] "Event occurred" object="kube-system/rolebindings" fieldPath="" kind="Addon" apiVersion="k3s.cattle.io/v1" type="Normal" reason="AppliedManifest" message="Applied manifest at \"/var/lib/rancher/k3s/server/manifests/rolebindings.yaml\""
2025-01-30 18:27:53,785 INFO c.h.h.t.HelmChartContainer - [K3S] [event.go:389] "Event occurred" object="kube-system/runtimes" fieldPath="" kind="Addon" apiVersion="k3s.cattle.io/v1" type="Normal" reason="ApplyingManifest" message="Applying manifest at \"/var/lib/rancher/k3s/server/manifests/runtimes.yaml\""
2025-01-30 18:27:53,813 INFO c.h.h.t.HelmChartContainer - [K3S] [event.go:389] "Event occurred" object="kube-system/runtimes" fieldPath="" kind="Addon" apiVersion="k3s.cattle.io/v1" type="Normal" reason="AppliedManifest" message="Applied manifest at \"/var/lib/rancher/k3s/server/manifests/runtimes.yaml\""
2025-01-30 18:27:54,023 INFO c.h.h.t.HelmChartContainer - [K3S] [controllermanager.go:765] "Started controller" controller="replicaset-controller"
2025-01-30 18:27:54,024 INFO c.h.h.t.HelmChartContainer - [K3S] [replica_set.go:217] "Starting controller" name="replicaset"
2025-01-30 18:27:54,173 INFO c.h.h.t.HelmChartContainer - [K3S] [controllermanager.go:765] "Started controller" controller="persistentvolumeclaim-protection-controller"
2025-01-30 18:27:54,173 INFO c.h.h.t.HelmChartContainer - [K3S] [pvc_protection_controller.go:168] "Starting PVC protection controller"
2025-01-30 18:27:54,287 INFO c.h.h.t.HelmChartContainer - [K3S] [INFO] Tunnel authorizer set Kubelet Port 0.0.0.0:10250
2025-01-30 18:27:54,323 INFO c.h.h.t.HelmChartContainer - [K3S] [controllermanager.go:765] "Started controller" controller="persistentvolume-protection-controller"
2025-01-30 18:27:54,324 INFO c.h.h.t.HelmChartContainer - [K3S] [pv_protection_controller.go:81] "Starting PV protection controller"
2025-01-30 18:27:54,383 INFO c.h.h.t.HelmChartContainer - [K3S] [serving.go:392] Generated self-signed cert in-memory
2025-01-30 18:27:54,522 INFO c.h.h.t.HelmChartContainer - [K3S] [controllermanager.go:765] "Started controller" controller="validatingadmissionpolicy-status-controller"
2025-01-30 18:27:54,581 INFO c.h.h.t.HelmChartContainer - [K3S] [handler_proxy.go:99] no RequestInfo found in the context
2025-01-30 18:27:54,581 INFO c.h.h.t.HelmChartContainer - [K3S] [handler_proxy.go:99] no RequestInfo found in the context
2025-01-30 18:27:54,581 INFO c.h.h.t.HelmChartContainer - [K3S] [controller.go:102] "Unhandled Error" err=<
2025-01-30 18:27:54,581 INFO c.h.h.t.HelmChartContainer - [K3S] 	, Header: map[Content-Type:[text/plain; charset=utf-8] X-Content-Type-Options:[nosniff]]
2025-01-30 18:27:54,582 INFO c.h.h.t.HelmChartContainer - [K3S]  >
2025-01-30 18:27:54,672 INFO c.h.h.t.HelmChartContainer - [K3S] [controllermanager.go:765] "Started controller" controller="daemonset-controller"
2025-01-30 18:27:54,672 INFO c.h.h.t.HelmChartContainer - [K3S] [daemon_controller.go:294] "Starting daemon sets controller"
2025-01-30 18:27:54,722 INFO c.h.h.t.HelmChartContainer - [K3S] [controllermanager.go:765] "Started controller" controller="certificatesigningrequest-cleaner-controller"
2025-01-30 18:27:54,722 INFO c.h.h.t.HelmChartContainer - [K3S] [cleaner.go:83] "Starting CSR cleaner controller"
2025-01-30 18:27:54,875 INFO c.h.h.t.HelmChartContainer - [K3S] [range_allocator.go:112] "No Secondary Service CIDR provided. Skipping filtering out secondary service addresses"
2025-01-30 18:27:54,875 INFO c.h.h.t.HelmChartContainer - [K3S] [controllermanager.go:765] "Started controller" controller="node-ipam-controller"
2025-01-30 18:27:54,876 INFO c.h.h.t.HelmChartContainer - [K3S] [node_ipam_controller.go:141] "Starting ipam controller"
2025-01-30 18:27:54,886 INFO c.h.h.t.HelmChartContainer - [K3S] [actual_state_of_world.go:541] "Failed to update statusUpdateNeeded field in actual state of world" err="Failed to set statusUpdateNeeded to needed true, because nodeName=\"ec2fc2be3df0\" does not exist"
2025-01-30 18:27:54,905 INFO c.h.h.t.HelmChartContainer - [K3S] [node_lifecycle_controller.go:1234] "Initializing eviction metric for zone" zone=""
2025-01-30 18:27:54,905 INFO c.h.h.t.HelmChartContainer - [K3S] [node_lifecycle_controller.go:886] "Missing timestamp for Node. Assuming now as a timestamp" node="ec2fc2be3df0"
2025-01-30 18:27:54,905 INFO c.h.h.t.HelmChartContainer - [K3S] [node_lifecycle_controller.go:1080] "Controller detected that zone is now in new state" zone="" newState="Normal"
2025-01-30 18:27:54,921 INFO c.h.h.t.HelmChartContainer - [K3S] [INFO] Updated coredns NodeHosts entry for ec2fc2be3df0
2025-01-30 18:27:54,985 INFO c.h.h.t.HelmChartContainer - [K3S] [range_allocator.go:177] "Sending events to api server"
2025-01-30 18:27:54,985 INFO c.h.h.t.HelmChartContainer - [K3S] [range_allocator.go:183] "Starting range CIDR allocator"
2025-01-30 18:27:54,986 INFO c.h.h.t.HelmChartContainer - [K3S] [serving.go:392] Generated self-signed cert in-memory
2025-01-30 18:27:54,996 INFO c.h.h.t.HelmChartContainer - [K3S] [INFO] Flannel found PodCIDR assigned for node ec2fc2be3df0
2025-01-30 18:27:54,997 INFO c.h.h.t.HelmChartContainer - [K3S] [range_allocator.go:428] "Set node PodCIDR" node="ec2fc2be3df0" podCIDRs=["10.42.0.0/24"]
2025-01-30 18:27:54,997 INFO c.h.h.t.HelmChartContainer - [K3S] [range_allocator.go:247] "Successfully synced" key="ec2fc2be3df0"
2025-01-30 18:27:55,001 INFO c.h.h.t.HelmChartContainer - [K3S] [range_allocator.go:247] "Successfully synced" key="ec2fc2be3df0"
2025-01-30 18:27:55,001 INFO c.h.h.t.HelmChartContainer - [K3S] [INFO] The interface eth0 with ipv4 address 172.18.0.2 will be used by flannel
2025-01-30 18:27:55,001 INFO c.h.h.t.HelmChartContainer - [K3S] [kube.go:139] Waiting 10m0s for node controller to sync
2025-01-30 18:27:55,001 INFO c.h.h.t.HelmChartContainer - [K3S] [kube.go:469] Starting kube subnet manager
2025-01-30 18:27:55,014 INFO c.h.h.t.HelmChartContainer - [K3S] [INFO] Network policy controller waiting for removal of node.cloudprovider.kubernetes.io/uninitialized taint
2025-01-30 18:27:55,287 INFO c.h.h.t.HelmChartContainer - [K3S] [INFO] Started tunnel to 172.18.0.2:6443
2025-01-30 18:27:55,288 INFO c.h.h.t.HelmChartContainer - [K3S] [INFO] Stopped tunnel to 127.0.0.1:6443
2025-01-30 18:27:55,289 INFO c.h.h.t.HelmChartContainer - [K3S] [INFO] Connecting to proxy" url="wss://172.18.0.2:6443/v1-k3s/connect
2025-01-30 18:27:55,289 INFO c.h.h.t.HelmChartContainer - [K3S] [INFO] Proxy done" err="context canceled" url="wss://127.0.0.1:6443/v1-k3s/connect
2025-01-30 18:27:55,289 INFO c.h.h.t.HelmChartContainer - [K3S] [INFO] error in remotedialer server [400]: websocket: close 1006 (abnormal closure): unexpected EOF
2025-01-30 18:27:55,291 INFO c.h.h.t.HelmChartContainer - [K3S] [INFO] Handling backend connection request [ec2fc2be3df0]
2025-01-30 18:27:55,291 INFO c.h.h.t.HelmChartContainer - [K3S] [INFO] Remotedialer connected to proxy" url="wss://172.18.0.2:6443/v1-k3s/connect
2025-01-30 18:27:55,379 INFO c.h.h.t.HelmChartContainer - [K3S] [range_allocator.go:247] "Successfully synced" key="ec2fc2be3df0"
2025-01-30 18:27:55,533 INFO c.h.h.t.HelmChartContainer - [K3S] [controllermanager.go:160] Version: v1.32.1+k3s1
2025-01-30 18:27:55,536 INFO c.h.h.t.HelmChartContainer - [K3S] [requestheader_controller.go:180] Starting RequestHeaderAuthRequestController
2025-01-30 18:27:55,536 INFO c.h.h.t.HelmChartContainer - [K3S] [configmap_cafile_content.go:205] "Starting controller" name="client-ca::kube-system::extension-apiserver-authentication::client-ca-file"
2025-01-30 18:27:55,536 INFO c.h.h.t.HelmChartContainer - [K3S] [configmap_cafile_content.go:205] "Starting controller" name="client-ca::kube-system::extension-apiserver-authentication::requestheader-client-ca-file"
2025-01-30 18:27:55,536 INFO c.h.h.t.HelmChartContainer - [K3S] [secure_serving.go:213] Serving securely on 127.0.0.1:10258
2025-01-30 18:27:55,536 INFO c.h.h.t.HelmChartContainer - [K3S] [tlsconfig.go:243] "Starting DynamicServingCertificateController"
2025-01-30 18:27:55,541 INFO c.h.h.t.HelmChartContainer - [K3S] [INFO] Creating service-lb-controller event broadcaster
2025-01-30 18:27:55,630 INFO c.h.h.t.HelmChartContainer - [K3S] [handler_proxy.go:99] no RequestInfo found in the context
2025-01-30 18:27:55,630 INFO c.h.h.t.HelmChartContainer - [K3S] [controller.go:146] "Unhandled Error" err=<
2025-01-30 18:27:55,630 INFO c.h.h.t.HelmChartContainer - [K3S] 	, Header: map[Content-Type:[text/plain; charset=utf-8] X-Content-Type-Options:[nosniff]]
2025-01-30 18:27:55,630 INFO c.h.h.t.HelmChartContainer - [K3S]  >
2025-01-30 18:27:55,631 INFO c.h.h.t.HelmChartContainer - [K3S] [handler_proxy.go:143] error resolving kube-system/metrics-server: no endpoints available for service "metrics-server"
2025-01-30 18:27:55,657 INFO c.h.h.t.HelmChartContainer - [K3S] [INFO] Starting /v1, Kind=Node controller
2025-01-30 18:27:55,661 INFO c.h.h.t.HelmChartContainer - [K3S] [INFO] Starting /v1, Kind=Pod controller
2025-01-30 18:27:55,664 INFO c.h.h.t.HelmChartContainer - [K3S] [INFO] Starting apps/v1, Kind=DaemonSet controller
2025-01-30 18:27:55,667 INFO c.h.h.t.HelmChartContainer - [K3S] [INFO] Starting discovery.k8s.io/v1, Kind=EndpointSlice controller
2025-01-30 18:27:55,667 INFO c.h.h.t.HelmChartContainer - [K3S] [controllermanager.go:329] Started "cloud-node-lifecycle-controller"
2025-01-30 18:27:55,668 INFO c.h.h.t.HelmChartContainer - [K3S] [controllermanager.go:329] Started "service-lb-controller"
2025-01-30 18:27:55,668 INFO c.h.h.t.HelmChartContainer - [K3S] [controllermanager.go:306] "node-route-controller" is disabled
2025-01-30 18:27:55,668 INFO c.h.h.t.HelmChartContainer - [K3S] [controllermanager.go:329] Started "cloud-node-controller"
2025-01-30 18:27:55,669 INFO c.h.h.t.HelmChartContainer - [K3S] [node_lifecycle_controller.go:112] Sending events to api server
2025-01-30 18:27:55,669 INFO c.h.h.t.HelmChartContainer - [K3S] [node_controller.go:176] Sending events to api server.
2025-01-30 18:27:55,669 INFO c.h.h.t.HelmChartContainer - [K3S] [controller.go:234] Starting service controller
2025-01-30 18:27:55,669 INFO c.h.h.t.HelmChartContainer - [K3S] [node_controller.go:185] Waiting for informer caches to sync
2025-01-30 18:27:55,769 INFO c.h.h.t.HelmChartContainer - [K3S] [node_controller.go:429] Initializing node ec2fc2be3df0 with cloud provider
2025-01-30 18:27:55,776 INFO c.h.h.t.HelmChartContainer - [K3S] [node_controller.go:474] Successfully initialized node ec2fc2be3df0 with cloud provider
2025-01-30 18:27:55,776 INFO c.h.h.t.HelmChartContainer - [K3S] [event.go:389] "Event occurred" object="ec2fc2be3df0" fieldPath="" kind="Node" apiVersion="v1" type="Normal" reason="Synced" message="Node synced successfully"
2025-01-30 18:27:55,776 INFO c.h.h.t.HelmChartContainer - [K3S] [range_allocator.go:247] "Successfully synced" key="ec2fc2be3df0"
2025-01-30 18:27:55,803 INFO c.h.h.t.HelmChartContainer - [K3S] [replica_set.go:679] "Finished syncing" kind="ReplicaSet" key="kube-system/coredns-ff8999cc5" duration="120.16382ms"
2025-01-30 18:27:55,803 INFO c.h.h.t.HelmChartContainer - [K3S] [replica_set.go:679] "Finished syncing" kind="ReplicaSet" key="kube-system/local-path-provisioner-698b58967b" duration="121.529268ms"
2025-01-30 18:27:55,803 INFO c.h.h.t.HelmChartContainer - [K3S] [replica_set.go:679] "Finished syncing" kind="ReplicaSet" key="kube-system/metrics-server-8584b5786c" duration="122.1696ms"
2025-01-30 18:27:55,820 INFO c.h.h.t.HelmChartContainer - [K3S] [replica_set.go:679] "Finished syncing" kind="ReplicaSet" key="kube-system/local-path-provisioner-698b58967b" duration="17.42663ms"
2025-01-30 18:27:55,821 INFO c.h.h.t.HelmChartContainer - [K3S] [replica_set.go:679] "Finished syncing" kind="ReplicaSet" key="kube-system/local-path-provisioner-698b58967b" duration="27.472µs"
2025-01-30 18:27:55,842 INFO c.h.h.t.HelmChartContainer - [K3S] [replica_set.go:679] "Finished syncing" kind="ReplicaSet" key="kube-system/metrics-server-8584b5786c" duration="39.252711ms"
2025-01-30 18:27:55,842 INFO c.h.h.t.HelmChartContainer - [K3S] [replica_set.go:679] "Finished syncing" kind="ReplicaSet" key="kube-system/coredns-ff8999cc5" duration="40.420804ms"
2025-01-30 18:27:55,862 INFO c.h.h.t.HelmChartContainer - [K3S] [replica_set.go:679] "Finished syncing" kind="ReplicaSet" key="kube-system/metrics-server-8584b5786c" duration="19.494194ms"
2025-01-30 18:27:55,862 INFO c.h.h.t.HelmChartContainer - [K3S] [replica_set.go:679] "Finished syncing" kind="ReplicaSet" key="kube-system/coredns-ff8999cc5" duration="19.258504ms"
2025-01-30 18:27:55,862 INFO c.h.h.t.HelmChartContainer - [K3S] [replica_set.go:679] "Finished syncing" kind="ReplicaSet" key="kube-system/coredns-ff8999cc5" duration="33.482µs"
2025-01-30 18:27:55,863 INFO c.h.h.t.HelmChartContainer - [K3S] [replica_set.go:679] "Finished syncing" kind="ReplicaSet" key="kube-system/metrics-server-8584b5786c" duration="547.889µs"
2025-01-30 18:27:56,001 INFO c.h.h.t.HelmChartContainer - [K3S] [kube.go:146] Node controller sync successful
2025-01-30 18:27:56,001 INFO c.h.h.t.HelmChartContainer - [K3S] [vxlan.go:141] VXLAN config: VNI=1 Port=0 GBP=false Learning=false DirectRouting=false
2025-01-30 18:27:56,004 INFO c.h.h.t.HelmChartContainer - [K3S] [kube.go:636] List of node(ec2fc2be3df0) annotations: map[string]string{"alpha.kubernetes.io/provided-node-ip":"172.18.0.2", "k3s.io/hostname":"ec2fc2be3df0", "k3s.io/internal-ip":"172.18.0.2", "k3s.io/node-args":"[\"server\",\"--etcd-arg\",\"unsafe-no-fsync\",\"--etcd-arg\",\"snapshot-count=10000\",\"--etcd-arg\",\"auto-compaction-mode=revision\",\"--etcd-arg\",\"auto-compaction-retention=1000000\",\"--kube-apiserver-arg\",\"etcd-compaction-interval=0s\",\"--disable\",\"traefik\",\"--tls-san\",\"localhost\"]", "k3s.io/node-config-hash":"2QNNT5M5XUBFOLO5XPGEVGOM5UDLHHTIVMSRUPAUHE5DU3HUYQUQ====", "k3s.io/node-env":"{}", "node.alpha.kubernetes.io/ttl":"0", "volumes.kubernetes.io/controller-managed-attach-detach":"true"}
2025-01-30 18:27:56,012 INFO c.h.h.t.HelmChartContainer - [K3S] [kube.go:490] Creating the node lease for IPv4. This is the n.Spec.PodCIDRs: [10.42.0.0/24]
2025-01-30 18:27:56,012 INFO c.h.h.t.HelmChartContainer - [K3S] [iptables.go:51] Starting flannel in iptables mode...
2025-01-30 18:27:56,012 INFO c.h.h.t.HelmChartContainer - [K3S] [range_allocator.go:247] "Successfully synced" key="ec2fc2be3df0"
2025-01-30 18:27:56,012 INFO c.h.h.t.HelmChartContainer - [K3S] [WARNING] no subnet found for key: FLANNEL_NETWORK in file: /run/flannel/subnet.env
2025-01-30 18:27:56,012 INFO c.h.h.t.HelmChartContainer - [K3S] [WARNING] no subnet found for key: FLANNEL_SUBNET in file: /run/flannel/subnet.env
2025-01-30 18:27:56,012 INFO c.h.h.t.HelmChartContainer - [K3S] [WARNING] no subnet found for key: FLANNEL_IPV6_NETWORK in file: /run/flannel/subnet.env
2025-01-30 18:27:56,013 INFO c.h.h.t.HelmChartContainer - [K3S] [WARNING] no subnet found for key: FLANNEL_IPV6_SUBNET in file: /run/flannel/subnet.env
2025-01-30 18:27:56,013 INFO c.h.h.t.HelmChartContainer - [K3S] [iptables.go:115] Current network or subnet (10.42.0.0/16, 10.42.0.0/24) is not equal to previous one (0.0.0.0/0, 0.0.0.0/0), trying to recycle old iptables rules
2025-01-30 18:27:56,020 INFO c.h.h.t.HelmChartContainer - [K3S] [iptables.go:125] Setting up masking rules
2025-01-30 18:27:56,023 INFO c.h.h.t.HelmChartContainer - [K3S] [iptables.go:226] Changing default FORWARD chain policy to ACCEPT
2025-01-30 18:27:56,026 INFO c.h.h.t.HelmChartContainer - [K3S] [INFO] Wrote flannel subnet file to /run/flannel/subnet.env
2025-01-30 18:27:56,026 INFO c.h.h.t.HelmChartContainer - [K3S] [INFO] Running flannel backend.
2025-01-30 18:27:56,029 INFO c.h.h.t.HelmChartContainer - [K3S] [vxlan_network.go:65] watching for new subnet leases
2025-01-30 18:27:56,045 INFO c.h.h.t.HelmChartContainer - [K3S] [iptables.go:372] bootstrap done
2025-01-30 18:27:56,045 INFO c.h.h.t.HelmChartContainer - [K3S] [iptables.go:372] bootstrap done
2025-01-30 18:27:56,192 INFO c.h.h.t.HelmChartContainer - [K3S] [serving.go:392] Generated self-signed cert in-memory
2025-01-30 18:27:56,475 INFO c.h.h.t.HelmChartContainer - [K3S] [server.go:164] "Starting Kubernetes Scheduler" version="v1.32.1+k3s1"
2025-01-30 18:27:56,475 INFO c.h.h.t.HelmChartContainer - [K3S] [server.go:166] "Golang settings" GOGC="" GOMAXPROCS="" GOTRACEBACK=""
2025-01-30 18:27:56,479 INFO c.h.h.t.HelmChartContainer - [K3S] [requestheader_controller.go:180] Starting RequestHeaderAuthRequestController
2025-01-30 18:27:56,479 INFO c.h.h.t.HelmChartContainer - [K3S] [tlsconfig.go:243] "Starting DynamicServingCertificateController"
2025-01-30 18:27:56,480 INFO c.h.h.t.HelmChartContainer - [K3S] [configmap_cafile_content.go:205] "Starting controller" name="client-ca::kube-system::extension-apiserver-authentication::client-ca-file"
2025-01-30 18:27:56,480 INFO c.h.h.t.HelmChartContainer - [K3S] [configmap_cafile_content.go:205] "Starting controller" name="client-ca::kube-system::extension-apiserver-authentication::requestheader-client-ca-file"
2025-01-30 18:27:56,480 INFO c.h.h.t.HelmChartContainer - [K3S] [secure_serving.go:213] Serving securely on 127.0.0.1:10259
2025-01-30 18:27:56,591 INFO c.h.h.t.HelmChartContainer - [K3S] [replica_set.go:679] "Finished syncing" kind="ReplicaSet" key="kube-system/local-path-provisioner-698b58967b" duration="39.493µs"
2025-01-30 18:27:56,596 INFO c.h.h.t.HelmChartContainer - [K3S] [replica_set.go:679] "Finished syncing" kind="ReplicaSet" key="kube-system/metrics-server-8584b5786c" duration="34.624µs"
2025-01-30 18:27:56,598 INFO c.h.h.t.HelmChartContainer - [K3S] [replica_set.go:679] "Finished syncing" kind="ReplicaSet" key="kube-system/coredns-ff8999cc5" duration="34.244µs"
2025-01-30 18:27:56,621 INFO c.h.h.t.HelmChartContainer - [K3S] [replica_set.go:679] "Finished syncing" kind="ReplicaSet" key="kube-system/local-path-provisioner-698b58967b" duration="43.281µs"
2025-01-30 18:27:56,632 INFO c.h.h.t.HelmChartContainer - [K3S] [handler_proxy.go:99] no RequestInfo found in the context
2025-01-30 18:27:56,634 INFO c.h.h.t.HelmChartContainer - [K3S] [handler_proxy.go:99] no RequestInfo found in the context
2025-01-30 18:27:56,634 INFO c.h.h.t.HelmChartContainer - [K3S] [controller.go:102] "Unhandled Error" err=<
2025-01-30 18:27:56,635 INFO c.h.h.t.HelmChartContainer - [K3S] 	, Header: map[Content-Type:[text/plain; charset=utf-8] X-Content-Type-Options:[nosniff]]
2025-01-30 18:27:56,635 INFO c.h.h.t.HelmChartContainer - [K3S]  >
2025-01-30 18:27:56,637 INFO c.h.h.t.HelmChartContainer - [K3S] [replica_set.go:679] "Finished syncing" kind="ReplicaSet" key="kube-system/metrics-server-8584b5786c" duration="38.773µs"
2025-01-30 18:27:56,644 INFO c.h.h.t.HelmChartContainer - [K3S] [replica_set.go:679] "Finished syncing" kind="ReplicaSet" key="kube-system/coredns-ff8999cc5" duration="45.064µs"
2025-01-30 18:27:56,662 INFO c.h.h.t.HelmChartContainer - [K3S] [reconciler_common.go:251] "operationExecutor.VerifyControllerAttachedVolume started for volume \"config-volume\" (UniqueName: \"kubernetes.io/configmap/d5b73121-cdd4-4ecf-b7c6-75800a822432-config-volume\") pod \"local-path-provisioner-698b58967b-h6z2x\" (UID: \"d5b73121-cdd4-4ecf-b7c6-75800a822432\") " pod="kube-system/local-path-provisioner-698b58967b-h6z2x"
2025-01-30 18:27:56,662 INFO c.h.h.t.HelmChartContainer - [K3S] [reconciler_common.go:251] "operationExecutor.VerifyControllerAttachedVolume started for volume \"kube-api-access-7gqp6\" (UniqueName: \"kubernetes.io/projected/d5b73121-cdd4-4ecf-b7c6-75800a822432-kube-api-access-7gqp6\") pod \"local-path-provisioner-698b58967b-h6z2x\" (UID: \"d5b73121-cdd4-4ecf-b7c6-75800a822432\") " pod="kube-system/local-path-provisioner-698b58967b-h6z2x"
2025-01-30 18:27:56,662 INFO c.h.h.t.HelmChartContainer - [K3S] [reconciler_common.go:251] "operationExecutor.VerifyControllerAttachedVolume started for volume \"tmp-dir\" (UniqueName: \"kubernetes.io/empty-dir/41408d11-cb2c-4507-905d-25f63790e716-tmp-dir\") pod \"metrics-server-8584b5786c-lzps6\" (UID: \"41408d11-cb2c-4507-905d-25f63790e716\") " pod="kube-system/metrics-server-8584b5786c-lzps6"
2025-01-30 18:27:56,663 INFO c.h.h.t.HelmChartContainer - [K3S] [reconciler_common.go:251] "operationExecutor.VerifyControllerAttachedVolume started for volume \"kube-api-access-2xs7j\" (UniqueName: \"kubernetes.io/projected/41408d11-cb2c-4507-905d-25f63790e716-kube-api-access-2xs7j\") pod \"metrics-server-8584b5786c-lzps6\" (UID: \"41408d11-cb2c-4507-905d-25f63790e716\") " pod="kube-system/metrics-server-8584b5786c-lzps6"
2025-01-30 18:27:56,663 INFO c.h.h.t.HelmChartContainer - [K3S] [reconciler_common.go:251] "operationExecutor.VerifyControllerAttachedVolume started for volume \"config-volume\" (UniqueName: \"kubernetes.io/configmap/85ad4031-cb68-4e1b-99a0-1efb8022b525-config-volume\") pod \"coredns-ff8999cc5-vx9nm\" (UID: \"85ad4031-cb68-4e1b-99a0-1efb8022b525\") " pod="kube-system/coredns-ff8999cc5-vx9nm"
2025-01-30 18:27:56,663 INFO c.h.h.t.HelmChartContainer - [K3S] [reconciler_common.go:251] "operationExecutor.VerifyControllerAttachedVolume started for volume \"custom-config-volume\" (UniqueName: \"kubernetes.io/configmap/85ad4031-cb68-4e1b-99a0-1efb8022b525-custom-config-volume\") pod \"coredns-ff8999cc5-vx9nm\" (UID: \"85ad4031-cb68-4e1b-99a0-1efb8022b525\") " pod="kube-system/coredns-ff8999cc5-vx9nm"
2025-01-30 18:27:56,663 INFO c.h.h.t.HelmChartContainer - [K3S] [reconciler_common.go:251] "operationExecutor.VerifyControllerAttachedVolume started for volume \"kube-api-access-gznzn\" (UniqueName: \"kubernetes.io/projected/85ad4031-cb68-4e1b-99a0-1efb8022b525-kube-api-access-gznzn\") pod \"coredns-ff8999cc5-vx9nm\" (UID: \"85ad4031-cb68-4e1b-99a0-1efb8022b525\") " pod="kube-system/coredns-ff8999cc5-vx9nm"
2025-01-30 18:27:57,118 INFO c.h.h.t.HelmChartContainer - [K3S] [INFO] Starting network policy controller version v2.2.1, built on 2025-01-28T18:27:08Z, go1.23.4
2025-01-30 18:27:57,118 INFO c.h.h.t.HelmChartContainer - [K3S] [network_policy_controller.go:164] Starting network policy controller
2025-01-30 18:27:57,152 INFO c.h.h.t.HelmChartContainer - [K3S] [network_policy_controller.go:176] Starting network policy controller full sync goroutine
2025-01-30 18:27:59,879 INFO c.h.h.t.HelmChartContainer - [K3S] [kuberuntime_manager.go:1702] "Updating runtime config through cri with podcidr" CIDR="10.42.0.0/24"
2025-01-30 18:27:59,880 INFO c.h.h.t.HelmChartContainer - [K3S] [kubelet_network.go:61] "Updating Pod CIDR" originalPodCIDR="" newPodCIDR="10.42.0.0/24"
2025-01-30 18:27:59,886 INFO c.h.h.t.HelmChartContainer - [K3S] [range_allocator.go:247] "Successfully synced" key="ec2fc2be3df0"
2025-01-30 18:28:00,399 INFO c.h.h.t.HelmChartContainer - [K3S] [replica_set.go:679] "Finished syncing" kind="ReplicaSet" key="kube-system/local-path-provisioner-698b58967b" duration="7.551807ms"
2025-01-30 18:28:00,400 INFO c.h.h.t.HelmChartContainer - [K3S] [replica_set.go:679] "Finished syncing" kind="ReplicaSet" key="kube-system/local-path-provisioner-698b58967b" duration="31.087µs"
2025-01-30 18:28:00,445 INFO c.h.h.t.HelmChartContainer - [K3S] [replica_set.go:679] "Finished syncing" kind="ReplicaSet" key="kube-system/coredns-ff8999cc5" duration="28.031475ms"
2025-01-30 18:28:00,446 INFO c.h.h.t.HelmChartContainer - [K3S] [replica_set.go:679] "Finished syncing" kind="ReplicaSet" key="kube-system/coredns-ff8999cc5" duration="33.513µs"
2025-01-30 18:28:00,449 INFO c.h.h.t.HelmChartContainer - [K3S] [replica_set.go:679] "Finished syncing" kind="ReplicaSet" key="kube-system/metrics-server-8584b5786c" duration="29.285µs"
2025-01-30 18:28:00,461 DEBUG c.h.h.t.HelmChartContainer - Image file loaded 'hivemq-platform-operator.tar'
2025-01-30 18:28:01,087 DEBUG c.h.h.t.HelmChartContainer - Image file loaded 'hivemq-platform-operator-init.tar'
2025-01-30 18:28:07,236 DEBUG c.h.h.t.HelmChartContainer - Image file loaded 'hivemq-platform.tar'
2025-01-30 18:28:07,236 DEBUG c.h.h.t.HelmChartContainer - Successful Helm chart Container startup
2025-01-30 18:28:07,250 INFO t.localhost/testcontainers/truncabd8iat8xvf:latest - Container localhost/testcontainers/truncabd8iat8xvf:latest started in PT22.228041539S
2025-01-30 18:28:07,261 DEBUG c.h.h.t.HelmChartContainer - Executing helm command: /bin/helm --kubeconfig /etc/rancher/k3s/k3s.yaml repo add hivemq https://hivemq.github.io/helm-charts
2025-01-30 18:28:08,731 INFO c.h.h.t.HelmChartContainer - Saved kubeconfig file on /tmp/kubeconfig-9844286076042175622.yaml
2025-01-30 18:28:08,732 INFO c.h.h.t.HelmChartContainer - HelmChartContainer is started
2025-01-30 18:28:08,734 INFO c.h.h.t.HelmChartContainer - [EVENT] Normal [Starting] Starting kubelet. [null:ec2fc2be3df0]
2025-01-30 18:28:08,737 INFO c.h.h.t.HelmChartContainer - [EVENT] Warning [InvalidDiskCapacity] invalid capacity 0 on image filesystem [null:ec2fc2be3df0]
2025-01-30 18:28:08,740 INFO c.h.h.t.HelmChartContainer - [EVENT] Normal [NodeHasSufficientMemory] Node ec2fc2be3df0 status is now: NodeHasSufficientMemory [null:ec2fc2be3df0]
2025-01-30 18:28:08,740 INFO c.h.h.t.HelmChartContainer - [EVENT] Normal [NodeHasNoDiskPressure] Node ec2fc2be3df0 status is now: NodeHasNoDiskPressure [null:ec2fc2be3df0]
2025-01-30 18:28:08,740 INFO c.h.h.t.HelmChartContainer - [EVENT] Normal [NodeHasSufficientPID] Node ec2fc2be3df0 status is now: NodeHasSufficientPID [null:ec2fc2be3df0]
2025-01-30 18:28:08,742 INFO c.h.h.t.HelmChartContainer - [EVENT] Normal [NodeAllocatableEnforced] Updated Node Allocatable limit across pods [null:ec2fc2be3df0]
2025-01-30 18:28:08,748 INFO c.h.h.t.HelmChartContainer - [EVENT] Normal [NodeReady] Node ec2fc2be3df0 status is now: NodeReady [null:ec2fc2be3df0]
2025-01-30 18:28:08,749 INFO c.h.h.t.HelmChartContainer - [EVENT] Normal [NodePasswordValidationComplete] Deferred node password secret validation complete [null:ec2fc2be3df0]
2025-01-30 18:28:08,749 INFO c.h.h.t.HelmChartContainer - [EVENT] Normal [RegisteredNode] Node ec2fc2be3df0 event: Registered Node ec2fc2be3df0 in Controller [null:ec2fc2be3df0]
2025-01-30 18:28:08,749 INFO c.h.h.t.HelmChartContainer - [EVENT] Normal [Synced] Node synced successfully [null:ec2fc2be3df0]
]]></system-out>
  <system-err><![CDATA[]]></system-err>
</testsuite>
