<?xml version="1.0" encoding="UTF-8"?>
<testsuite name="com.hivemq.helmcharts.volumes.HelmAdditionalVolumesIT" tests="1" skipped="0" failures="0" errors="0" timestamp="2025-07-19T00:28:40" hostname="pkrvmq0rgcvqdmg" time="99.607">
  <properties/>
  <testcase name="withAdditionalVolumes_hivemqRunningWithVolumeMounts()" classname="com.hivemq.helmcharts.volumes.HelmAdditionalVolumesIT" time="99.607"/>
</testsuite>
