<?xml version="1.0" encoding="UTF-8"?>
<testsuite name="com.hivemq.helmcharts.volumes.HelmAdditionalVolumesIT" tests="1" skipped="0" failures="0" errors="0" timestamp="2025-01-27T17:06:59" hostname="fv-az1046-870" time="110.015">
  <properties/>
  <testcase name="withAdditionalVolumes_hivemqRunningWithVolumeMounts()" classname="com.hivemq.helmcharts.volumes.HelmAdditionalVolumesIT" time="110.015">
    <system-out><![CDATA[2025-01-27 17:06:59,898 INFO c.h.h.t.HelmChartContainer - Creating namespace 'helmadditionalvolumesit-operator'...
2025-01-27 17:06:59,908 INFO c.h.h.t.HelmChartContainer - Namespace 'helmadditionalvolumesit-operator' created
2025-01-27 17:06:59,908 INFO c.h.h.t.HelmChartContainer - Creating namespace 'helmadditionalvolumesit'...
2025-01-27 17:07:00,007 INFO c.h.h.t.HelmChartContainer - Namespace 'helmadditionalvolumesit' created
2025-01-27 17:07:00,081 DEBUG c.h.h.t.HelmChartContainer - Executing helm command: /bin/helm --kubeconfig /etc/rancher/k3s/k3s.yaml install test-hivemq-platform-operator /charts/hivemq-platform-operator --wait --timeout 5m0s --set image.repository=docker.io/hivemq --set image.name=hivemq-platform-operator-test --set image.initImageName=hivemq-platform-operator-init-test --set image.tag=snapshot --set image.pullPolicy=Never --set logLevel=DEBUG --set resources.cpu=512m --namespace helmadditionalvolumesit-operator
2025-01-27 17:07:00,431 INFO c.h.h.t.HelmChartContainer - [K3S] [alloc.go:330] "allocated clusterIPs" service="helmadditionalvolumesit-operator/hivemq-platform-operator-test-hivemq-platform-operator" clusterIPs={"IPv4":"10.43.231.32"}
2025-01-27 17:07:00,446 INFO c.h.h.t.HelmChartContainer - [EVENT] Normal [ScalingReplicaSet] Scaled up replica set hivemq-test-hivemq-platform-operator-6966f96d65 from 0 to 1 [helmadditionalvolumesit-operator:hivemq-test-hivemq-platform-operator]
2025-01-27 17:07:00,462 INFO c.h.h.t.HelmChartContainer - [POD] hivemq-test-hivemq-platform-operator-6966f96d65-s96dp [f855a92e-affc-4b94-8fa4-782314f54f7f] in helmadditionalvolumesit-operator was ADDED
2025-01-27 17:07:00,468 INFO c.h.h.t.HelmChartContainer - [POD] hivemq-test-hivemq-platform-operator-6966f96d65-s96dp [f855a92e-affc-4b94-8fa4-782314f54f7f] in helmadditionalvolumesit-operator was MODIFIED
2025-01-27 17:07:00,469 INFO c.h.h.t.HelmChartContainer - [K3S] [memory_manager.go:355] "RemoveStaleState removing state" podUID="722ed205-cf78-45af-b32a-1ed5c2603347" containerName="hivemq-platform-operator"
2025-01-27 17:07:00,469 INFO c.h.h.t.HelmChartContainer - [K3S] [memory_manager.go:355] "RemoveStaleState removing state" podUID="94916899-ccda-439a-a746-7cbcb5f04e05" containerName="hivemq"
2025-01-27 17:07:00,469 INFO c.h.h.t.HelmChartContainer - [K3S] [memory_manager.go:355] "RemoveStaleState removing state" podUID="7cbc12cd-d298-4c73-895f-307c4dad16a9" containerName="hivemq"
2025-01-27 17:07:00,477 INFO c.h.h.t.HelmChartContainer - [K3S] [replica_set.go:679] "Finished syncing" kind="ReplicaSet" key="helmadditionalvolumesit-operator/hivemq-test-hivemq-platform-operator-6966f96d65" duration="35.860173ms"
2025-01-27 17:07:00,478 INFO c.h.h.t.HelmChartContainer - [EVENT] Normal [Scheduled] Successfully assigned helmadditionalvolumesit-operator/hivemq-test-hivemq-platform-operator-6966f96d65-s96dp to 3931d564225c [helmadditionalvolumesit-operator:hivemq-test-hivemq-platform-operator-6966f96d65-s96dp]
2025-01-27 17:07:00,482 INFO c.h.h.t.HelmChartContainer - [EVENT] Normal [SuccessfulCreate] Created pod: hivemq-test-hivemq-platform-operator-6966f96d65-s96dp [helmadditionalvolumesit-operator:hivemq-test-hivemq-platform-operator-6966f96d65]
2025-01-27 17:07:00,485 INFO c.h.h.t.HelmChartContainer - [POD] hivemq-test-hivemq-platform-operator-6966f96d65-s96dp [f855a92e-affc-4b94-8fa4-782314f54f7f] in helmadditionalvolumesit-operator was MODIFIED
2025-01-27 17:07:00,495 INFO c.h.h.t.HelmChartContainer - [K3S] [replica_set.go:679] "Finished syncing" kind="ReplicaSet" key="helmadditionalvolumesit-operator/hivemq-test-hivemq-platform-operator-6966f96d65" duration="18.444888ms"
2025-01-27 17:07:00,496 INFO c.h.h.t.HelmChartContainer - [K3S] [replica_set.go:679] "Finished syncing" kind="ReplicaSet" key="helmadditionalvolumesit-operator/hivemq-test-hivemq-platform-operator-6966f96d65" duration="37.981µs"
2025-01-27 17:07:00,520 INFO c.h.h.t.HelmChartContainer - [K3S] [reconciler_common.go:251] "operationExecutor.VerifyControllerAttachedVolume started for volume \"kube-api-access-z5lvz\" (UniqueName: \"kubernetes.io/projected/f855a92e-affc-4b94-8fa4-782314f54f7f-kube-api-access-z5lvz\") pod \"hivemq-test-hivemq-platform-operator-6966f96d65-s96dp\" (UID: \"f855a92e-affc-4b94-8fa4-782314f54f7f\") " pod="helmadditionalvolumesit-operator/hivemq-test-hivemq-platform-operator-6966f96d65-s96dp"
2025-01-27 17:07:00,860 INFO c.h.h.t.HelmChartContainer - [EVENT] Normal [Pulled] Container image "docker.io/hivemq/hivemq-platform-operator-test:snapshot" already present on machine [helmadditionalvolumesit-operator:hivemq-test-hivemq-platform-operator-6966f96d65-s96dp]
2025-01-27 17:07:00,860 INFO c.h.h.t.HelmChartContainer - Received Pulled event for container hivemq-platform-operator in pod hivemq-test-hivemq-platform-operator-6966f96d65-s96dp [f855a92e-affc-4b94-8fa4-782314f54f7f]
2025-01-27 17:07:02,139 INFO c.h.h.t.HelmChartContainer - [EVENT] Normal [Created] Created container: hivemq-platform-operator [helmadditionalvolumesit-operator:hivemq-test-hivemq-platform-operator-6966f96d65-s96dp]
2025-01-27 17:07:02,140 INFO c.h.h.t.HelmChartContainer - Received Created event for container hivemq-platform-operator in pod hivemq-test-hivemq-platform-operator-6966f96d65-s96dp [f855a92e-affc-4b94-8fa4-782314f54f7f]
2025-01-27 17:07:02,881 INFO c.h.h.t.HelmChartContainer - [K3S] [replica_set.go:679] "Finished syncing" kind="ReplicaSet" key="helmadditionalvolumesit-operator/hivemq-test-hivemq-platform-operator-6966f96d65" duration="52.439µs"
2025-01-27 17:07:02,885 INFO c.h.h.t.HelmChartContainer - [POD] hivemq-test-hivemq-platform-operator-6966f96d65-s96dp [f855a92e-affc-4b94-8fa4-782314f54f7f] in helmadditionalvolumesit-operator was MODIFIED
2025-01-27 17:07:02,893 INFO c.h.h.t.HelmChartContainer - Started log watcher for hivemq-platform-operator in pod hivemq-test-hivemq-platform-operator-6966f96d65-s96dp [f855a92e-affc-4b94-8fa4-782314f54f7f]
2025-01-27 17:07:02,893 INFO c.h.h.t.HelmChartContainer - [EVENT] Normal [Started] Started container hivemq-platform-operator [helmadditionalvolumesit-operator:hivemq-test-hivemq-platform-operator-6966f96d65-s96dp]
2025-01-27 17:07:02,893 INFO c.h.h.t.HelmChartContainer - [hivemq-test-hivemq-platform] [hivemq-platform-operator] [f855a92e] -------------------------------------------------------------------------
2025-01-27 17:07:02,893 INFO c.h.h.t.HelmChartContainer - [hivemq-test-hivemq-platform] [hivemq-platform-operator] [f855a92e] 
2025-01-27 17:07:02,893 INFO c.h.h.t.HelmChartContainer - Received Started event for container hivemq-platform-operator in pod hivemq-test-hivemq-platform-operator-6966f96d65-s96dp [f855a92e-affc-4b94-8fa4-782314f54f7f]
2025-01-27 17:07:02,893 INFO c.h.h.t.HelmChartContainer - [hivemq-test-hivemq-platform] [hivemq-platform-operator] [f855a92e]                   _    _  _              __  __   ____
2025-01-27 17:07:02,893 INFO c.h.h.t.HelmChartContainer - [hivemq-test-hivemq-platform] [hivemq-platform-operator] [f855a92e]                  | |  | |(_)            |  \/  | / __ \
2025-01-27 17:07:02,894 INFO c.h.h.t.HelmChartContainer - [hivemq-test-hivemq-platform] [hivemq-platform-operator] [f855a92e]                  | |__| | _ __   __ ___ | \  / || |  | |
2025-01-27 17:07:02,894 INFO c.h.h.t.HelmChartContainer - [hivemq-test-hivemq-platform] [hivemq-platform-operator] [f855a92e]                  |  __  || |\ \ / // _ \| |\/| || |  | |
2025-01-27 17:07:02,894 INFO c.h.h.t.HelmChartContainer - [hivemq-test-hivemq-platform] [hivemq-platform-operator] [f855a92e]                  | |  | || | \ V /|  __/| |  | || |__| |
2025-01-27 17:07:02,894 INFO c.h.h.t.HelmChartContainer - [hivemq-test-hivemq-platform] [hivemq-platform-operator] [f855a92e]                  |_|  |_||_|  \_/  \___||_|  |_| \___\_\
2025-01-27 17:07:02,894 INFO c.h.h.t.HelmChartContainer - [hivemq-test-hivemq-platform] [hivemq-platform-operator] [f855a92e] 
2025-01-27 17:07:02,894 INFO c.h.h.t.HelmChartContainer - [hivemq-test-hivemq-platform] [hivemq-platform-operator] [f855a92e] -------------------------------------------------------------------------
2025-01-27 17:07:02,894 INFO c.h.h.t.HelmChartContainer - [hivemq-test-hivemq-platform] [hivemq-platform-operator] [f855a92e] 
2025-01-27 17:07:02,894 INFO c.h.h.t.HelmChartContainer - [hivemq-test-hivemq-platform] [hivemq-platform-operator] [f855a92e]   HiveMQ Platform Operator Start Script v1.0
2025-01-27 17:07:02,894 INFO c.h.h.t.HelmChartContainer - [hivemq-test-hivemq-platform] [hivemq-platform-operator] [f855a92e] 
2025-01-27 17:07:02,894 INFO c.h.h.t.HelmChartContainer - [hivemq-test-hivemq-platform] [hivemq-platform-operator] [f855a92e] -------------------------------------------------------------------------
2025-01-27 17:07:02,894 INFO c.h.h.t.HelmChartContainer - [hivemq-test-hivemq-platform] [hivemq-platform-operator] [f855a92e] 
2025-01-27 17:07:02,894 INFO c.h.h.t.HelmChartContainer - [hivemq-test-hivemq-platform] [hivemq-platform-operator] [f855a92e]   JAVA_OPTS: -XX:+UnlockExperimentalVMOptions -XX:InitialRAMPercentage=75 -XX:MaxRAMPercentage=75 -Duser.language=en -Duser.region=US
2025-01-27 17:07:02,894 INFO c.h.h.t.HelmChartContainer - [hivemq-test-hivemq-platform] [hivemq-platform-operator] [f855a92e] 
2025-01-27 17:07:02,894 INFO c.h.h.t.HelmChartContainer - [hivemq-test-hivemq-platform] [hivemq-platform-operator] [f855a92e]   JAVA_VERSION: 21
2025-01-27 17:07:02,894 INFO c.h.h.t.HelmChartContainer - [hivemq-test-hivemq-platform] [hivemq-platform-operator] [f855a92e] 
2025-01-27 17:07:02,894 INFO c.h.h.t.HelmChartContainer - [hivemq-test-hivemq-platform] [hivemq-platform-operator] [f855a92e] -------------------------------------------------------------------------
2025-01-27 17:07:02,894 INFO c.h.h.t.HelmChartContainer - [hivemq-test-hivemq-platform] [hivemq-platform-operator] [f855a92e] 
2025-01-27 17:07:05,772 INFO c.h.h.t.HelmChartContainer - [hivemq-test-hivemq-platform] [hivemq-platform-operator] [f855a92e] 17:07:05.769 [main] DEBUG org.jboss.logging - Logging Provider: org.jboss.logging.Slf4jLoggerProvider
2025-01-27 17:07:05,875 INFO c.h.h.t.HelmChartContainer - [hivemq-test-hivemq-platform] [hivemq-platform-operator] [f855a92e] 17:07:05.874 [main] DEBUG io.smallrye.config - SRCFG01006: Loaded ConfigSource SysPropConfigSource with ordinal 400
2025-01-27 17:07:05,875 INFO c.h.h.t.HelmChartContainer - [hivemq-test-hivemq-platform] [hivemq-platform-operator] [f855a92e] 17:07:05.874 [main] DEBUG io.smallrye.config - SRCFG01006: Loaded ConfigSource EnvConfigSource with ordinal 300
2025-01-27 17:07:05,875 INFO c.h.h.t.HelmChartContainer - [hivemq-test-hivemq-platform] [hivemq-platform-operator] [f855a92e] 17:07:05.874 [main] DEBUG io.smallrye.config - SRCFG01006: Loaded ConfigSource PropertiesConfigSource[source=jar:file:///opt/hivemq-platform-operator/bin/hivemq-platform-operator.jar!/hivemq-platform-operator.properties] with ordinal 100
2025-01-27 17:07:05,875 INFO c.h.h.t.HelmChartContainer - [hivemq-test-hivemq-platform] [hivemq-platform-operator] [f855a92e] 17:07:05.875 [main] DEBUG io.smallrye.config - SRCFG01006: Loaded ConfigSource DefaultValuesConfigSource with ordinal -2147483648
2025-01-27 17:07:05,990 INFO c.h.h.t.HelmChartContainer - [hivemq-test-hivemq-platform] [hivemq-platform-operator] [f855a92e] 17:07:05.989 [main] DEBUG i.m.c.u.i.l.InternalLoggerFactory - Using SLF4J as the default logging framework
2025-01-27 17:07:06,178 INFO c.h.h.t.HelmChartContainer - [hivemq-test-hivemq-platform] [hivemq-platform-operator] [f855a92e] 17:07:06.168 [main] INFO  c.h.p.o.HiveMQPlatformOperatorApplication - HiveMQ Platform Operator 1.7.0-SNAPSHOT (commit: bebf408 on branch: HEAD) built on Sun Jan 26 20:47:47 UTC 2025
2025-01-27 17:07:06,204 INFO c.h.h.t.HelmChartContainer - [hivemq-test-hivemq-platform] [hivemq-platform-operator] [f855a92e] 17:07:06.202 [main] INFO  c.h.p.o.HiveMQPlatformOperatorApplication - HiveMQ Platform Operator is running in namespace: helmadditionalvolumesit-operator
2025-01-27 17:07:06,204 INFO c.h.h.t.HelmChartContainer - [hivemq-test-hivemq-platform] [hivemq-platform-operator] [f855a92e] 17:07:06.203 [main] INFO  c.h.p.o.HiveMQPlatformOperatorApplication - Watching all namespaces
2025-01-27 17:07:06,204 INFO c.h.h.t.HelmChartContainer - [hivemq-test-hivemq-platform] [hivemq-platform-operator] [f855a92e] 17:07:06.203 [main] INFO  c.h.p.o.HiveMQPlatformOperatorApplication - Log level: DEBUG
2025-01-27 17:07:06,204 INFO c.h.h.t.HelmChartContainer - [hivemq-test-hivemq-platform] [hivemq-platform-operator] [f855a92e] 17:07:06.203 [main] INFO  c.h.p.o.HiveMQPlatformOperatorApplication - Release name: test-hivemq-platform-operator
2025-01-27 17:07:06,204 INFO c.h.h.t.HelmChartContainer - [hivemq-test-hivemq-platform] [hivemq-platform-operator] [f855a92e] 17:07:06.203 [main] INFO  c.h.p.o.HiveMQPlatformOperatorApplication - HiveMQ Platform Operator Init image: docker.io/hivemq/hivemq-platform-operator-init-test:snapshot
2025-01-27 17:07:06,205 INFO c.h.h.t.HelmChartContainer - [hivemq-test-hivemq-platform] [hivemq-platform-operator] [f855a92e] 17:07:06.203 [main] INFO  c.h.p.o.HiveMQPlatformOperatorApplication - HiveMQ Platform Operator Init App update URL: http://hivemq-platform-operator-test-hivemq-platform-operator.helmadditionalvolumesit-operator.svc:8080/initAppUpdate/hivemq-platform-operator-init-app-1.7.0-SNAPSHOT.jar
2025-01-27 17:07:06,205 INFO c.h.h.t.HelmChartContainer - [hivemq-test-hivemq-platform] [hivemq-platform-operator] [f855a92e] 17:07:06.203 [main] INFO  c.h.p.o.HiveMQPlatformOperatorApplication - Additional imagePullSecret for all Platform deployments: none
2025-01-27 17:07:06,206 INFO c.h.h.t.HelmChartContainer - [hivemq-test-hivemq-platform] [hivemq-platform-operator] [f855a92e] 17:07:06.203 [main] INFO  c.h.p.o.HiveMQPlatformOperatorApplication - Apply HiveMQ Platform CRD: true
2025-01-27 17:07:06,206 INFO c.h.h.t.HelmChartContainer - [hivemq-test-hivemq-platform] [hivemq-platform-operator] [f855a92e] 17:07:06.203 [main] INFO  c.h.p.o.HiveMQPlatformOperatorApplication - Create Platform ServiceAccount: true
2025-01-27 17:07:06,206 INFO c.h.h.t.HelmChartContainer - [hivemq-test-hivemq-platform] [hivemq-platform-operator] [f855a92e] 17:07:06.203 [main] INFO  c.h.p.o.HiveMQPlatformOperatorApplication - Create Platform ServiceAccount permissions: true
2025-01-27 17:07:06,206 INFO c.h.h.t.HelmChartContainer - [hivemq-test-hivemq-platform] [hivemq-platform-operator] [f855a92e] 17:07:06.203 [main] INFO  c.h.p.o.HiveMQPlatformOperatorApplication - Validate Platform ServiceAccount: true
2025-01-27 17:07:06,206 INFO c.h.h.t.HelmChartContainer - [hivemq-test-hivemq-platform] [hivemq-platform-operator] [f855a92e] 17:07:06.203 [main] INFO  c.h.p.o.HiveMQPlatformOperatorApplication - Validate Platform ServiceAccount permissions: true
2025-01-27 17:07:06,381 INFO c.h.h.t.HelmChartContainer - [hivemq-test-hivemq-platform] [hivemq-platform-operator] [f855a92e] 17:07:06.379 [main] INFO  c.h.platform.operator.util.CRDUtil - Verifying deployed HiveMQ Platform CRD...
2025-01-27 17:07:09,163 INFO c.h.h.t.HelmChartContainer - [hivemq-test-hivemq-platform] [hivemq-platform-operator] [f855a92e] 17:07:09.161 [main] DEBUG c.h.platform.operator.util.CRDUtil - HiveMQ Platform CRD version v1 is up to date
2025-01-27 17:07:09,163 INFO c.h.h.t.HelmChartContainer - [hivemq-test-hivemq-platform] [hivemq-platform-operator] [f855a92e] 17:07:09.162 [main] INFO  c.h.platform.operator.util.CRDUtil - HiveMQ Platform CRD is up to date (version: V1_6_0)
2025-01-27 17:07:09,163 INFO c.h.h.t.HelmChartContainer - [hivemq-test-hivemq-platform] [hivemq-platform-operator] [f855a92e] 17:07:09.162 [main] INFO  c.h.platform.operator.util.CRDUtil - Waiting 10000 ms for HiveMQ Platform CRD 'hivemq-platforms.hivemq.com' to become ready...
2025-01-27 17:07:09,464 INFO c.h.h.t.HelmChartContainer - [hivemq-test-hivemq-platform] [hivemq-platform-operator] [f855a92e] 17:07:09.463 [vert.x-eventloop-thread-1] DEBUG c.h.platform.operator.util.CRDUtil - Checking CRD condition 'NamesAccepted' (status: 'True')
2025-01-27 17:07:09,465 INFO c.h.h.t.HelmChartContainer - [hivemq-test-hivemq-platform] [hivemq-platform-operator] [f855a92e] 17:07:09.464 [vert.x-eventloop-thread-1] DEBUG c.h.platform.operator.util.CRDUtil - Checking CRD condition 'Established' (status: 'True')
2025-01-27 17:07:09,466 INFO c.h.h.t.HelmChartContainer - [hivemq-test-hivemq-platform] [hivemq-platform-operator] [f855a92e] 17:07:09.465 [main] INFO  c.h.platform.operator.util.CRDUtil - HiveMQ Platform CRD 'hivemq-platforms.hivemq.com' is ready
2025-01-27 17:07:09,579 INFO c.h.h.t.HelmChartContainer - [hivemq-test-hivemq-platform] [hivemq-platform-operator] [f855a92e] 17:07:09.578 [main] INFO  c.h.p.o.HiveMQPlatformReconciler - HiveMQ Platform Operator is starting...
2025-01-27 17:07:09,683 INFO c.h.h.t.HelmChartContainer - [hivemq-test-hivemq-platform] [hivemq-platform-operator] [f855a92e] 17:07:09.680 [main] WARN  Default ConfigurationService implementation - Configuration for reconciler 'hivemq-controller' was not found. Known reconcilers: None.
2025-01-27 17:07:09,708 INFO c.h.h.t.HelmChartContainer - [hivemq-test-hivemq-platform] [hivemq-platform-operator] [f855a92e] 17:07:09.707 [main] INFO  Default ConfigurationService implementation - Created configuration for reconciler com.hivemq.platform.operator.HiveMQPlatformReconciler with name hivemq-controller
2025-01-27 17:07:09,869 INFO c.h.h.t.HelmChartContainer - [hivemq-test-hivemq-platform] [hivemq-platform-operator] [f855a92e] 17:07:09.868 [main] DEBUG c.h.p.o.HiveMQPlatformReconciler - HiveMQ Platform Operator is preparing EventSources
2025-01-27 17:07:09,882 INFO c.h.h.t.HelmChartContainer - [hivemq-test-hivemq-platform] [hivemq-platform-operator] [f855a92e] 17:07:09.881 [main] INFO  i.javaoperatorsdk.operator.Operator - Registered reconciler: 'hivemq-controller' for resource: 'class com.hivemq.platform.operator.v1.HiveMQPlatform' for namespace(s): [all namespaces]
2025-01-27 17:07:10,570 INFO c.h.h.t.HelmChartContainer - [hivemq-test-hivemq-platform] [hivemq-platform-operator] [f855a92e] 17:07:10.569 [main] INFO  c.h.p.operator.webserver.JettyServer - Starting Jetty server on port 8080
2025-01-27 17:07:10,669 INFO c.h.h.t.HelmChartContainer - [hivemq-test-hivemq-platform] [hivemq-platform-operator] [f855a92e] 17:07:10.667 [main] INFO  i.javaoperatorsdk.operator.Operator - Operator SDK 4.9.7 (commit: 2133d28) built on Wed Nov 20 12:56:20 UTC 2024 starting...
2025-01-27 17:07:10,670 INFO c.h.h.t.HelmChartContainer - [hivemq-test-hivemq-platform] [hivemq-platform-operator] [f855a92e] 17:07:10.668 [main] INFO  i.javaoperatorsdk.operator.Operator - Client version: 6.13.4
2025-01-27 17:07:10,670 INFO c.h.h.t.HelmChartContainer - [hivemq-test-hivemq-platform] [hivemq-platform-operator] [f855a92e] 17:07:10.669 [Controller Starter for: hivemq-controller] INFO  i.j.operator.processing.Controller - Starting 'hivemq-controller' controller for reconciler: com.hivemq.platform.operator.HiveMQPlatformReconciler, resource: com.hivemq.platform.operator.v1.HiveMQPlatform
2025-01-27 17:07:13,405 INFO c.h.h.t.HelmChartContainer - [hivemq-test-hivemq-platform] [hivemq-platform-operator] [f855a92e] 17:07:13.404 [Controller Starter for: hivemq-controller] INFO  i.j.operator.processing.Controller - 'hivemq-controller' controller started
2025-01-27 17:07:13,405 INFO c.h.h.t.HelmChartContainer - [hivemq-test-hivemq-platform] [hivemq-platform-operator] [f855a92e] 17:07:13.404 [main] INFO  c.h.p.o.HiveMQPlatformOperatorApplication - HiveMQ Platform Operator 1.7.0-SNAPSHOT started in 7235 ms
2025-01-27 17:07:13,883 INFO c.h.h.t.HelmChartContainer - [POD] hivemq-test-hivemq-platform-operator-6966f96d65-s96dp [f855a92e-affc-4b94-8fa4-782314f54f7f] in helmadditionalvolumesit-operator was MODIFIED
2025-01-27 17:07:13,888 INFO c.h.h.t.HelmChartContainer - [K3S] [replica_set.go:679] "Finished syncing" kind="ReplicaSet" key="helmadditionalvolumesit-operator/hivemq-test-hivemq-platform-operator-6966f96d65" duration="7.913971ms"
2025-01-27 17:07:13,889 INFO c.h.h.t.HelmChartContainer - [K3S] [replica_set.go:679] "Finished syncing" kind="ReplicaSet" key="helmadditionalvolumesit-operator/hivemq-test-hivemq-platform-operator-6966f96d65" duration="38.602µs"
2025-01-27 17:07:14,528 INFO c.h.h.t.HelmChartContainer - [EVENT] Normal [WaitForFirstConsumer] waiting for first consumer to be created before binding [helmadditionalvolumesit:test-persistent-volume-claim]
2025-01-27 17:07:14,611 DEBUG c.h.h.t.HelmChartContainer - Executing helm command: /bin/helm --kubeconfig /etc/rancher/k3s/k3s.yaml install test-hivemq-platform /charts/hivemq-platform --wait --timeout 5m0s --set image.repository=docker.io/hivemq --set image.tag=4.35.0 --set image.pullPolicy=Never --set nodes.resources.cpu=512m -f /files/additional-volumes-values.yaml --namespace helmadditionalvolumesit
2025-01-27 17:07:14,988 INFO c.h.h.t.HelmChartContainer - [hivemq-test-hivemq-platform] [hivemq-platform-operator] [f855a92e] 17:07:14.986 [-373097727-pool-1-thread-1] WARN  i.m.p.PrometheusMeterRegistry - The meter (MeterId{name='operator.sdk.events.received', tags=[tag(action=ADDED),tag(event=ResourceEvent),tag(group=hivemq.com),tag(kind=HiveMQPlatform),tag(name=test-hivemq-platform),tag(namespace=helmadditionalvolumesit),tag(scope=namespace),tag(version=v1)]}) registration has failed: Prometheus requires that all meters with the same name have the same set of tag keys. There is already an existing meter named 'operator.sdk.events.received' containing tag keys [event, group, kind, name, namespace, scope, version]. The meter you are attempting to register has keys [action, event, group, kind, name, namespace, scope, version]. Note that subsequent logs will be logged at debug level.
2025-01-27 17:07:15,567 INFO c.h.h.t.HelmChartContainer - [hivemq-test-hivemq-platform] [hivemq-platform-operator] [f855a92e] 17:07:15.565 [pool-6-thread-3] DEBUG c.h.p.o.dependants.PodInfoConfigMap - [helmaddi] Desired PodInfo ConfigMap (1 extensions) (1 enabled)
2025-01-27 17:07:15,567 INFO c.h.h.t.HelmChartContainer - [hivemq-test-hivemq-platform] [hivemq-platform-operator] [f855a92e] 17:07:15.565 [pool-6-thread-3] DEBUG c.h.p.o.dependants.PodInfoConfigMap - [helmaddi] Desired PodInfo ConfigMap (metrics port: 9399) (metrics path: /)
2025-01-27 17:07:15,567 INFO c.h.h.t.HelmChartContainer - [hivemq-test-hivemq-platform] [hivemq-platform-operator] [f855a92e] 17:07:15.565 [pool-6-thread-3] DEBUG c.h.p.o.dependants.PodInfoConfigMap - [helmaddi] Desired PodInfo ConfigMap (extension state hash: -1817474005)
2025-01-27 17:07:15,569 INFO c.h.h.t.HelmChartContainer - [hivemq-test-hivemq-platform] [hivemq-platform-operator] [f855a92e] 17:07:15.567 [pool-6-thread-3] DEBUG c.h.p.o.dependants.PodInfoConfigMap - [helmaddi] Create PodInfo ConfigMap
2025-01-27 17:07:15,669 INFO c.h.h.t.HelmChartContainer - [hivemq-test-hivemq-platform] [hivemq-platform-operator] [f855a92e] 17:07:15.667 [pool-6-thread-5] DEBUG c.h.p.o.dependants.PodRoleResource - [helmaddi] Create Role: Role(apiVersion=rbac.authorization.k8s.io/v1, kind=Role, metadata=ObjectMeta(annotations={meta.helm.sh/release-name=test-hivemq-platform, meta.helm.sh/release-namespace=helmadditionalvolumesit}, creationTimestamp=null, deletionGracePeriodSeconds=null, deletionTimestamp=null, finalizers=[], generateName=null, generation=null, labels={helm.sh/chart=hivemq-platform-0.2.31, app.kubernetes.io/managed-by=Helm, app.kubernetes.io/name=hivemq-platform, hivemq-platform=test-hivemq-platform, app.kubernetes.io/instance=test-hivemq-platform, app.kubernetes.io/version=4.35.0}, managedFields=[], name=hivemq-platform-role-test-hivemq-platform, namespace=helmadditionalvolumesit, ownerReferences=[OwnerReference(apiVersion=hivemq.com/v1, blockOwnerDeletion=null, controller=null, kind=HiveMQPlatform, name=test-hivemq-platform, uid=babe80d4-1fe0-4852-8254-3592b704e306, additionalProperties={})], resourceVersion=null, selfLink=null, uid=null, additionalProperties={}), rules=[PolicyRule(apiGroups=[], nonResourceURLs=[], resourceNames=[], resources=[pods], verbs=[get, patch, update], additionalProperties={})], additionalProperties={})
2025-01-27 17:07:15,805 INFO c.h.h.t.HelmChartContainer - [hivemq-test-hivemq-platform] [hivemq-platform-operator] [f855a92e] 17:07:15.804 [pool-6-thread-7] DEBUG c.h.p.o.d.PodServiceAccountResource - [helmaddi] Desired PodServiceAccountResource (serviceAccountName: hivemq-platform-pod-test-hivemq-platform)
2025-01-27 17:07:15,864 INFO c.h.h.t.HelmChartContainer - [hivemq-test-hivemq-platform] [hivemq-platform-operator] [f855a92e] 17:07:15.861 [pool-6-thread-7] DEBUG c.h.p.o.d.PodServiceAccountResource - [helmaddi] Create ServiceAccount 'hivemq-platform-pod-test-hivemq-platform'
2025-01-27 17:07:15,966 INFO c.h.h.t.HelmChartContainer - [hivemq-test-hivemq-platform] [hivemq-platform-operator] [f855a92e] 17:07:15.964 [pool-6-thread-10] DEBUG c.h.p.o.d.PodRoleBindingResource - [helmaddi] Create RoleBinding: RoleBinding(apiVersion=rbac.authorization.k8s.io/v1, kind=RoleBinding, metadata=ObjectMeta(annotations={meta.helm.sh/release-name=test-hivemq-platform, meta.helm.sh/release-namespace=helmadditionalvolumesit}, creationTimestamp=null, deletionGracePeriodSeconds=null, deletionTimestamp=null, finalizers=[], generateName=null, generation=null, labels={helm.sh/chart=hivemq-platform-0.2.31, app.kubernetes.io/managed-by=Helm, app.kubernetes.io/name=hivemq-platform, hivemq-platform=test-hivemq-platform, app.kubernetes.io/instance=test-hivemq-platform, app.kubernetes.io/version=4.35.0}, managedFields=[], name=hivemq-platform-role-binding-test-hivemq-platform, namespace=helmadditionalvolumesit, ownerReferences=[OwnerReference(apiVersion=hivemq.com/v1, blockOwnerDeletion=null, controller=null, kind=HiveMQPlatform, name=test-hivemq-platform, uid=babe80d4-1fe0-4852-8254-3592b704e306, additionalProperties={})], resourceVersion=null, selfLink=null, uid=null, additionalProperties={}), roleRef=RoleRef(apiGroup=rbac.authorization.k8s.io, kind=Role, name=hivemq-platform-role-test-hivemq-platform, additionalProperties={}), subjects=[Subject(apiGroup=null, kind=ServiceAccount, name=hivemq-platform-pod-test-hivemq-platform, namespace=helmadditionalvolumesit, additionalProperties={})], additionalProperties={})
2025-01-27 17:07:16,006 INFO c.h.h.t.HelmChartContainer - [hivemq-test-hivemq-platform] [hivemq-platform-operator] [f855a92e] 17:07:16.004 [ReconcilerExecutor-hivemq-controller-53] INFO  c.h.p.o.HiveMQPlatformReconciler - [helmaddi] Reconciling HiveMQ Platform 'test-hivemq-platform' in namespace 'helmadditionalvolumesit'
2025-01-27 17:07:16,006 INFO c.h.h.t.HelmChartContainer - [hivemq-test-hivemq-platform] [hivemq-platform-operator] [f855a92e] 17:07:16.005 [ReconcilerExecutor-hivemq-controller-53] DEBUG c.h.p.o.HiveMQPlatformReconciler - [helmaddi] Custom Resource Status CREATED - HiveMQ Platform was created (READY)
2025-01-27 17:07:16,006 INFO c.h.h.t.HelmChartContainer - [hivemq-test-hivemq-platform] [hivemq-platform-operator] [f855a92e] 17:07:16.005 [ReconcilerExecutor-hivemq-controller-53] DEBUG c.h.p.o.HiveMQPlatformReconciler - [helmaddi] Custom Resource Spec (replicas: 1) (extensions: 1)
2025-01-27 17:07:16,066 INFO c.h.h.t.HelmChartContainer - [hivemq-test-hivemq-platform] [hivemq-platform-operator] [f855a92e] 17:07:16.064 [ReconcilerExecutor-hivemq-controller-53] INFO  c.h.p.o.h.HiveMQPlatformReconcilerBaseHandler - [helmaddi] HiveMQ Platform is starting
2025-01-27 17:07:16,177 INFO c.h.h.t.HelmChartContainer - [hivemq-test-hivemq-platform] [hivemq-platform-operator] [f855a92e] 17:07:16.176 [ReconcilerExecutor-hivemq-controller-53] DEBUG c.h.p.operator.event.EventSender - [helmaddi] Creating K8s event hivemq-platform-starting: [Start] HiveMQ Platform is starting
2025-01-27 17:07:16,270 INFO c.h.h.t.HelmChartContainer - [EVENT] Normal [Start] HiveMQ Platform is starting [helmadditionalvolumesit:test-hivemq-platform]
2025-01-27 17:07:16,275 INFO c.h.h.t.HelmChartContainer - [hivemq-test-hivemq-platform] [hivemq-platform-operator] [f855a92e] 17:07:16.274 [ReconcilerExecutor-hivemq-controller-53] INFO  c.h.p.o.h.AbstractHiveMQReconcilerStateHandler - [helmaddi] Update HiveMQ Platform Status (CREATED [READY] -> STARTING [READY]): HiveMQ Platform is starting
2025-01-27 17:07:16,369 DEBUG com.hivemq.helmcharts.util.K8sUtil - Comparing actual state 'STARTING' and waiting for 'RUNNING'
2025-01-27 17:07:25,364 INFO c.h.h.t.HelmChartContainer - [EVENT] Normal [WaitForFirstConsumer] waiting for first consumer to be created before binding [helmadditionalvolumesit:test-persistent-volume-claim]
2025-01-27 17:07:26,381 INFO c.h.h.t.HelmChartContainer - [hivemq-test-hivemq-platform] [hivemq-platform-operator] [f855a92e] 17:07:26.379 [pool-6-thread-12] DEBUG c.h.p.o.d.PlatformServiceResource - [helmaddi] Desired Platform services (3 services)
2025-01-27 17:07:26,385 INFO c.h.h.t.HelmChartContainer - [hivemq-test-hivemq-platform] [hivemq-platform-operator] [f855a92e] 17:07:26.383 [pool-6-thread-13] DEBUG c.h.p.o.dependants.PodInfoConfigMap - [helmaddi] Desired PodInfo ConfigMap (1 extensions) (1 enabled)
2025-01-27 17:07:26,385 INFO c.h.h.t.HelmChartContainer - [hivemq-test-hivemq-platform] [hivemq-platform-operator] [f855a92e] 17:07:26.383 [pool-6-thread-13] DEBUG c.h.p.o.dependants.PodInfoConfigMap - [helmaddi] Desired PodInfo ConfigMap (metrics port: 9399) (metrics path: /)
2025-01-27 17:07:26,387 INFO c.h.h.t.HelmChartContainer - [hivemq-test-hivemq-platform] [hivemq-platform-operator] [f855a92e] 17:07:26.383 [pool-6-thread-13] DEBUG c.h.p.o.dependants.PodInfoConfigMap - [helmaddi] Desired PodInfo ConfigMap (extension state hash: -1817474005)
2025-01-27 17:07:26,397 INFO c.h.h.t.HelmChartContainer - [hivemq-test-hivemq-platform] [hivemq-platform-operator] [f855a92e] 17:07:26.393 [pool-6-thread-17] DEBUG c.h.p.o.d.PodServiceAccountResource - [helmaddi] Desired PodServiceAccountResource (serviceAccountName: hivemq-platform-pod-test-hivemq-platform)
2025-01-27 17:07:26,399 INFO c.h.h.t.HelmChartContainer - [hivemq-test-hivemq-platform] [hivemq-platform-operator] [f855a92e] 17:07:26.397 [pool-6-thread-13] DEBUG c.h.p.o.dependants.PodInfoConfigMap - [helmaddi] Update PodInfo ConfigMap
2025-01-27 17:07:26,406 INFO c.h.h.t.HelmChartContainer - [K3S] [alloc.go:330] "allocated clusterIPs" service="helmadditionalvolumesit/hivemq-test-hivemq-platform-mqtt-1883" clusterIPs={"IPv4":"10.43.2.120"}
2025-01-27 17:07:26,480 INFO c.h.h.t.HelmChartContainer - [K3S] [alloc.go:330] "allocated clusterIPs" service="helmadditionalvolumesit/hivemq-test-hivemq-platform-metrics-9399" clusterIPs={"IPv4":"10.43.219.29"}
2025-01-27 17:07:26,573 INFO c.h.h.t.HelmChartContainer - [K3S] [alloc.go:330] "allocated clusterIPs" service="helmadditionalvolumesit/hivemq-test-hivemq-platform-cc-8080" clusterIPs={"IPv4":"10.43.244.165"}
2025-01-27 17:07:26,664 INFO c.h.h.t.HelmChartContainer - [hivemq-test-hivemq-platform] [hivemq-platform-operator] [f855a92e] 17:07:26.662 [pool-6-thread-20] DEBUG c.h.p.o.d.StatefulSetResource - [helmaddi] Desired StatefulSet (1 replicas) for status STARTING (READY)
2025-01-27 17:07:26,677 INFO c.h.h.t.HelmChartContainer - [hivemq-test-hivemq-platform] [hivemq-platform-operator] [f855a92e] 17:07:26.676 [pool-6-thread-20] DEBUG c.h.p.o.d.StatefulSetResource - [helmaddi] Create StatefulSet
2025-01-27 17:07:26,786 INFO c.h.h.t.HelmChartContainer - [hivemq-test-hivemq-platform] [hivemq-platform-operator] [f855a92e] 17:07:26.779 [ReconcilerExecutor-hivemq-controller-64] INFO  c.h.p.o.HiveMQPlatformReconciler - [helmaddi] Reconciling HiveMQ Platform 'test-hivemq-platform' in namespace 'helmadditionalvolumesit'
2025-01-27 17:07:26,786 INFO c.h.h.t.HelmChartContainer - [hivemq-test-hivemq-platform] [hivemq-platform-operator] [f855a92e] 17:07:26.779 [ReconcilerExecutor-hivemq-controller-64] DEBUG c.h.p.o.HiveMQPlatformReconciler - [helmaddi] Custom Resource Status STARTING - HiveMQ Platform is starting (READY)
2025-01-27 17:07:26,786 INFO c.h.h.t.HelmChartContainer - [POD] test-hivemq-platform-0 [81437ddb-1ad3-47e6-9f56-276beb24c6e9] in helmadditionalvolumesit was ADDED
2025-01-27 17:07:26,787 INFO c.h.h.t.HelmChartContainer - [EVENT] Normal [SuccessfulCreate] create Pod test-hivemq-platform-0 in StatefulSet test-hivemq-platform successful [helmadditionalvolumesit:test-hivemq-platform]
2025-01-27 17:07:26,787 INFO c.h.h.t.HelmChartContainer - [hivemq-test-hivemq-platform] [hivemq-platform-operator] [f855a92e] 17:07:26.779 [ReconcilerExecutor-hivemq-controller-64] DEBUG c.h.p.o.HiveMQPlatformReconciler - [helmaddi] Custom Resource Spec (replicas: 1) (extensions: 1)
2025-01-27 17:07:26,793 INFO c.h.h.t.HelmChartContainer - [EVENT] Normal [ExternalProvisioning] Waiting for a volume to be created either by the external provisioner 'rancher.io/local-path' or manually by the system administrator. If volume creation is delayed, please verify that the provisioner is running and correctly registered. [helmadditionalvolumesit:test-persistent-volume-claim]
2025-01-27 17:07:26,799 INFO c.h.h.t.HelmChartContainer - [EVENT] Normal [ExternalProvisioning] Waiting for a volume to be created either by the external provisioner 'rancher.io/local-path' or manually by the system administrator. If volume creation is delayed, please verify that the provisioner is running and correctly registered. [helmadditionalvolumesit:test-persistent-volume-claim]
2025-01-27 17:07:26,799 INFO c.h.h.t.HelmChartContainer - [EVENT] Normal [Provisioning] External provisioner is provisioning volume for claim "helmadditionalvolumesit/test-persistent-volume-claim" [helmadditionalvolumesit:test-persistent-volume-claim]
2025-01-27 17:07:26,805 INFO c.h.h.t.HelmChartContainer - [POD] helper-pod-create-pvc-3076b77d-de26-472a-b8c7-3b394bd4ff75 [60afd6dc-d01b-40b3-aaa7-a8fbea36fbf6] in kube-system was ADDED
2025-01-27 17:07:26,814 INFO c.h.h.t.HelmChartContainer - [POD] helper-pod-create-pvc-3076b77d-de26-472a-b8c7-3b394bd4ff75 [60afd6dc-d01b-40b3-aaa7-a8fbea36fbf6] in kube-system was MODIFIED
2025-01-27 17:07:26,868 INFO c.h.h.t.HelmChartContainer - [hivemq-test-hivemq-platform] [hivemq-platform-operator] [f855a92e] 17:07:26.865 [ReconcilerExecutor-hivemq-controller-64] DEBUG c.h.p.o.HiveMQPlatformReconciler - [helmaddi] StatefulSet Status (revision: null, replicas: 0, available: 0, ready: 0, current: 0, updated: 0)
2025-01-27 17:07:26,869 INFO c.h.h.t.HelmChartContainer - [hivemq-test-hivemq-platform] [hivemq-platform-operator] [f855a92e] 17:07:26.866 [ReconcilerExecutor-hivemq-controller-64] DEBUG c.h.p.o.HiveMQPlatformReconciler - [helmaddi] StatefulSet Spec (replicas: 1, init containers: 1, containers: 1, volumes: 7)
2025-01-27 17:07:26,878 INFO c.h.h.t.HelmChartContainer - [K3S] [reconciler_common.go:251] "operationExecutor.VerifyControllerAttachedVolume started for volume \"script\" (UniqueName: \"kubernetes.io/configmap/60afd6dc-d01b-40b3-aaa7-a8fbea36fbf6-script\") pod \"helper-pod-create-pvc-3076b77d-de26-472a-b8c7-3b394bd4ff75\" (UID: \"60afd6dc-d01b-40b3-aaa7-a8fbea36fbf6\") " pod="kube-system/helper-pod-create-pvc-3076b77d-de26-472a-b8c7-3b394bd4ff75"
2025-01-27 17:07:26,878 INFO c.h.h.t.HelmChartContainer - [K3S] [reconciler_common.go:251] "operationExecutor.VerifyControllerAttachedVolume started for volume \"kube-api-access-snlcq\" (UniqueName: \"kubernetes.io/projected/60afd6dc-d01b-40b3-aaa7-a8fbea36fbf6-kube-api-access-snlcq\") pod \"helper-pod-create-pvc-3076b77d-de26-472a-b8c7-3b394bd4ff75\" (UID: \"60afd6dc-d01b-40b3-aaa7-a8fbea36fbf6\") " pod="kube-system/helper-pod-create-pvc-3076b77d-de26-472a-b8c7-3b394bd4ff75"
2025-01-27 17:07:26,878 INFO c.h.h.t.HelmChartContainer - [K3S] [reconciler_common.go:251] "operationExecutor.VerifyControllerAttachedVolume started for volume \"data\" (UniqueName: \"kubernetes.io/host-path/60afd6dc-d01b-40b3-aaa7-a8fbea36fbf6-data\") pod \"helper-pod-create-pvc-3076b77d-de26-472a-b8c7-3b394bd4ff75\" (UID: \"60afd6dc-d01b-40b3-aaa7-a8fbea36fbf6\") " pod="kube-system/helper-pod-create-pvc-3076b77d-de26-472a-b8c7-3b394bd4ff75"
2025-01-27 17:07:26,966 INFO c.h.h.t.HelmChartContainer - [hivemq-test-hivemq-platform] [hivemq-platform-operator] [f855a92e] 17:07:26.964 [ReconcilerExecutor-hivemq-controller-64] DEBUG c.h.p.o.h.HiveMQPlatformReconcilerErrorHandler - [helmaddi] Pod 'test-hivemq-platform-0' phase Pending
2025-01-27 17:07:26,968 INFO c.h.h.t.HelmChartContainer - [hivemq-test-hivemq-platform] [hivemq-platform-operator] [f855a92e] 17:07:26.967 [ReconcilerExecutor-hivemq-controller-64] INFO  c.h.p.o.h.HiveMQPlatformReconcilerBaseHandler - [helmaddi] HiveMQ Platform is starting, 0 of 1 replicas are ready
2025-01-27 17:07:26,975 INFO c.h.h.t.HelmChartContainer - [hivemq-test-hivemq-platform] [hivemq-platform-operator] [f855a92e] 17:07:26.972 [pool-6-thread-22] DEBUG c.h.p.o.d.PlatformServiceResource - [helmaddi] Desired Platform services (3 services)
2025-01-27 17:07:26,976 INFO c.h.h.t.HelmChartContainer - [hivemq-test-hivemq-platform] [hivemq-platform-operator] [f855a92e] 17:07:26.973 [pool-6-thread-23] DEBUG c.h.p.o.dependants.PodInfoConfigMap - [helmaddi] Desired PodInfo ConfigMap (1 extensions) (1 enabled)
2025-01-27 17:07:26,976 INFO c.h.h.t.HelmChartContainer - [hivemq-test-hivemq-platform] [hivemq-platform-operator] [f855a92e] 17:07:26.973 [pool-6-thread-23] DEBUG c.h.p.o.dependants.PodInfoConfigMap - [helmaddi] Desired PodInfo ConfigMap (metrics port: 9399) (metrics path: /)
2025-01-27 17:07:26,976 INFO c.h.h.t.HelmChartContainer - [hivemq-test-hivemq-platform] [hivemq-platform-operator] [f855a92e] 17:07:26.973 [pool-6-thread-23] DEBUG c.h.p.o.dependants.PodInfoConfigMap - [helmaddi] Desired PodInfo ConfigMap (extension state hash: -1817474005)
2025-01-27 17:07:27,066 INFO c.h.h.t.HelmChartContainer - [hivemq-test-hivemq-platform] [hivemq-platform-operator] [f855a92e] 17:07:27.063 [pool-6-thread-27] DEBUG c.h.p.o.d.PodServiceAccountResource - [helmaddi] Desired PodServiceAccountResource (serviceAccountName: hivemq-platform-pod-test-hivemq-platform)
2025-01-27 17:07:27,077 INFO c.h.h.t.HelmChartContainer - [hivemq-test-hivemq-platform] [hivemq-platform-operator] [f855a92e] 17:07:27.076 [pool-6-thread-30] DEBUG c.h.p.o.d.StatefulSetResource - [helmaddi] Desired StatefulSet (1 replicas) for status STARTING (READY)
2025-01-27 17:07:27,169 INFO c.h.h.t.HelmChartContainer - [hivemq-test-hivemq-platform] [hivemq-platform-operator] [f855a92e] 17:07:27.166 [ReconcilerExecutor-hivemq-controller-77] INFO  c.h.p.o.HiveMQPlatformReconciler - [helmaddi] Reconciling HiveMQ Platform 'test-hivemq-platform' in namespace 'helmadditionalvolumesit'
2025-01-27 17:07:27,169 INFO c.h.h.t.HelmChartContainer - [hivemq-test-hivemq-platform] [hivemq-platform-operator] [f855a92e] 17:07:27.167 [ReconcilerExecutor-hivemq-controller-77] DEBUG c.h.p.o.HiveMQPlatformReconciler - [helmaddi] Custom Resource Status STARTING - HiveMQ Platform is starting (READY)
2025-01-27 17:07:27,169 INFO c.h.h.t.HelmChartContainer - [hivemq-test-hivemq-platform] [hivemq-platform-operator] [f855a92e] 17:07:27.167 [ReconcilerExecutor-hivemq-controller-77] DEBUG c.h.p.o.HiveMQPlatformReconciler - [helmaddi] Custom Resource Spec (replicas: 1) (extensions: 1)
2025-01-27 17:07:27,173 INFO c.h.h.t.HelmChartContainer - [hivemq-test-hivemq-platform] [hivemq-platform-operator] [f855a92e] 17:07:27.171 [ReconcilerExecutor-hivemq-controller-77] DEBUG c.h.p.o.HiveMQPlatformReconciler - [helmaddi] StatefulSet Status (revision: test-hivemq-platform-7559d57cdb, replicas: 1, available: 0, ready: 0, current: 1, updated: 1)
2025-01-27 17:07:27,175 INFO c.h.h.t.HelmChartContainer - [hivemq-test-hivemq-platform] [hivemq-platform-operator] [f855a92e] 17:07:27.174 [ReconcilerExecutor-hivemq-controller-77] DEBUG c.h.p.o.HiveMQPlatformReconciler - [helmaddi] StatefulSet Spec (replicas: 1, init containers: 1, containers: 1, volumes: 7)
2025-01-27 17:07:27,181 INFO c.h.h.t.HelmChartContainer - [hivemq-test-hivemq-platform] [hivemq-platform-operator] [f855a92e] 17:07:27.180 [ReconcilerExecutor-hivemq-controller-77] DEBUG c.h.p.o.h.HiveMQPlatformReconcilerErrorHandler - [helmaddi] Pod 'test-hivemq-platform-0' phase Pending
2025-01-27 17:07:27,264 INFO c.h.h.t.HelmChartContainer - [hivemq-test-hivemq-platform] [hivemq-platform-operator] [f855a92e] 17:07:27.262 [ReconcilerExecutor-hivemq-controller-77] INFO  c.h.p.o.h.HiveMQPlatformReconcilerBaseHandler - [helmaddi] HiveMQ Platform is starting, 0 of 1 replicas are ready
2025-01-27 17:07:29,923 INFO c.h.h.t.HelmChartContainer - [POD] helper-pod-create-pvc-3076b77d-de26-472a-b8c7-3b394bd4ff75 [60afd6dc-d01b-40b3-aaa7-a8fbea36fbf6] in kube-system was MODIFIED
2025-01-27 17:07:30,996 INFO c.h.h.t.HelmChartContainer - [POD] helper-pod-create-pvc-3076b77d-de26-472a-b8c7-3b394bd4ff75 [60afd6dc-d01b-40b3-aaa7-a8fbea36fbf6] in kube-system was MODIFIED
2025-01-27 17:07:31,007 INFO c.h.h.t.HelmChartContainer - [K3S] [reconciler_common.go:162] "operationExecutor.UnmountVolume started for volume \"kube-api-access-snlcq\" (UniqueName: \"kubernetes.io/projected/60afd6dc-d01b-40b3-aaa7-a8fbea36fbf6-kube-api-access-snlcq\") pod \"60afd6dc-d01b-40b3-aaa7-a8fbea36fbf6\" (UID: \"60afd6dc-d01b-40b3-aaa7-a8fbea36fbf6\") "
2025-01-27 17:07:31,007 INFO c.h.h.t.HelmChartContainer - [K3S] [reconciler_common.go:162] "operationExecutor.UnmountVolume started for volume \"script\" (UniqueName: \"kubernetes.io/configmap/60afd6dc-d01b-40b3-aaa7-a8fbea36fbf6-script\") pod \"60afd6dc-d01b-40b3-aaa7-a8fbea36fbf6\" (UID: \"60afd6dc-d01b-40b3-aaa7-a8fbea36fbf6\") "
2025-01-27 17:07:31,007 INFO c.h.h.t.HelmChartContainer - [K3S] [reconciler_common.go:162] "operationExecutor.UnmountVolume started for volume \"data\" (UniqueName: \"kubernetes.io/host-path/60afd6dc-d01b-40b3-aaa7-a8fbea36fbf6-data\") pod \"60afd6dc-d01b-40b3-aaa7-a8fbea36fbf6\" (UID: \"60afd6dc-d01b-40b3-aaa7-a8fbea36fbf6\") "
2025-01-27 17:07:31,106 INFO c.h.h.t.HelmChartContainer - [K3S] [reconciler_common.go:299] "Volume detached for volume \"kube-api-access-snlcq\" (UniqueName: \"kubernetes.io/projected/60afd6dc-d01b-40b3-aaa7-a8fbea36fbf6-kube-api-access-snlcq\") on node \"3931d564225c\" DevicePath \"\""
2025-01-27 17:07:31,106 INFO c.h.h.t.HelmChartContainer - [K3S] [reconciler_common.go:299] "Volume detached for volume \"script\" (UniqueName: \"kubernetes.io/configmap/60afd6dc-d01b-40b3-aaa7-a8fbea36fbf6-script\") on node \"3931d564225c\" DevicePath \"\""
2025-01-27 17:07:31,106 INFO c.h.h.t.HelmChartContainer - [K3S] [reconciler_common.go:299] "Volume detached for volume \"data\" (UniqueName: \"kubernetes.io/host-path/60afd6dc-d01b-40b3-aaa7-a8fbea36fbf6-data\") on node \"3931d564225c\" DevicePath \"\""
2025-01-27 17:07:31,833 INFO c.h.h.t.HelmChartContainer - [POD] helper-pod-create-pvc-3076b77d-de26-472a-b8c7-3b394bd4ff75 [60afd6dc-d01b-40b3-aaa7-a8fbea36fbf6] in kube-system was MODIFIED
2025-01-27 17:07:31,837 INFO c.h.h.t.HelmChartContainer - [POD] helper-pod-create-pvc-3076b77d-de26-472a-b8c7-3b394bd4ff75 [60afd6dc-d01b-40b3-aaa7-a8fbea36fbf6] in kube-system was DELETED
2025-01-27 17:07:31,847 INFO c.h.h.t.HelmChartContainer - [EVENT] Normal [ProvisioningSucceeded] Successfully provisioned volume pvc-3076b77d-de26-472a-b8c7-3b394bd4ff75 [helmadditionalvolumesit:test-persistent-volume-claim]
2025-01-27 17:07:31,919 INFO c.h.h.t.HelmChartContainer - [K3S] [pod_container_deletor.go:80] "Container not found in pod's containers" containerID="adbfa661f48241b3ebd63bac07094e611823e8ea8a97b6469dffe38c2f2bf4fd"
2025-01-27 17:07:31,923 INFO c.h.h.t.HelmChartContainer - [K3S] [status_manager.go:890] "Failed to get status for pod" podUID="60afd6dc-d01b-40b3-aaa7-a8fbea36fbf6" pod="kube-system/helper-pod-create-pvc-3076b77d-de26-472a-b8c7-3b394bd4ff75" err="pods \"helper-pod-create-pvc-3076b77d-de26-472a-b8c7-3b394bd4ff75\" is forbidden: User \"system:node:3931d564225c\" cannot get resource \"pods\" in API group \"\" in the namespace \"kube-system\": no relationship found between node '3931d564225c' and this object"
2025-01-27 17:07:32,792 INFO c.h.h.t.HelmChartContainer - [K3S] [memory_manager.go:355] "RemoveStaleState removing state" podUID="60afd6dc-d01b-40b3-aaa7-a8fbea36fbf6" containerName="helper-pod"
2025-01-27 17:07:32,794 INFO c.h.h.t.HelmChartContainer - [POD] test-hivemq-platform-0 [81437ddb-1ad3-47e6-9f56-276beb24c6e9] in helmadditionalvolumesit was MODIFIED
2025-01-27 17:07:32,795 INFO c.h.h.t.HelmChartContainer - [K3S] [status_manager.go:890] "Failed to get status for pod" podUID="60afd6dc-d01b-40b3-aaa7-a8fbea36fbf6" pod="kube-system/helper-pod-create-pvc-3076b77d-de26-472a-b8c7-3b394bd4ff75" err="pods \"helper-pod-create-pvc-3076b77d-de26-472a-b8c7-3b394bd4ff75\" is forbidden: User \"system:node:3931d564225c\" cannot get resource \"pods\" in API group \"\" in the namespace \"kube-system\": no relationship found between node '3931d564225c' and this object"
2025-01-27 17:07:32,795 INFO c.h.h.t.HelmChartContainer - [EVENT] Normal [Scheduled] Successfully assigned helmadditionalvolumesit/test-hivemq-platform-0 to 3931d564225c [helmadditionalvolumesit:test-hivemq-platform-0]
2025-01-27 17:07:32,812 INFO c.h.h.t.HelmChartContainer - [POD] test-hivemq-platform-0 [81437ddb-1ad3-47e6-9f56-276beb24c6e9] in helmadditionalvolumesit was MODIFIED
2025-01-27 17:07:32,818 INFO c.h.h.t.HelmChartContainer - [K3S] [reconciler_common.go:251] "operationExecutor.VerifyControllerAttachedVolume started for volume \"test-secret-volume\" (UniqueName: \"kubernetes.io/secret/81437ddb-1ad3-47e6-9f56-276beb24c6e9-test-secret-volume\") pod \"test-hivemq-platform-0\" (UID: \"81437ddb-1ad3-47e6-9f56-276beb24c6e9\") " pod="helmadditionalvolumesit/test-hivemq-platform-0"
2025-01-27 17:07:32,818 INFO c.h.h.t.HelmChartContainer - [K3S] [reconciler_common.go:251] "operationExecutor.VerifyControllerAttachedVolume started for volume \"test-empty-dir-volume\" (UniqueName: \"kubernetes.io/empty-dir/81437ddb-1ad3-47e6-9f56-276beb24c6e9-test-empty-dir-volume\") pod \"test-hivemq-platform-0\" (UID: \"81437ddb-1ad3-47e6-9f56-276beb24c6e9\") " pod="helmadditionalvolumesit/test-hivemq-platform-0"
2025-01-27 17:07:32,818 INFO c.h.h.t.HelmChartContainer - [K3S] [reconciler_common.go:251] "operationExecutor.VerifyControllerAttachedVolume started for volume \"test-mount-volume\" (UniqueName: \"kubernetes.io/configmap/81437ddb-1ad3-47e6-9f56-276beb24c6e9-test-mount-volume\") pod \"test-hivemq-platform-0\" (UID: \"81437ddb-1ad3-47e6-9f56-276beb24c6e9\") " pod="helmadditionalvolumesit/test-hivemq-platform-0"
2025-01-27 17:07:32,819 INFO c.h.h.t.HelmChartContainer - [hivemq-test-hivemq-platform] [hivemq-platform-operator] [f855a92e] 17:07:32.812 [pool-6-thread-32] DEBUG c.h.p.o.d.PlatformServiceResource - [helmaddi] Desired Platform services (3 services)
2025-01-27 17:07:32,821 INFO c.h.h.t.HelmChartContainer - [hivemq-test-hivemq-platform] [hivemq-platform-operator] [f855a92e] 17:07:32.817 [pool-6-thread-33] DEBUG c.h.p.o.dependants.PodInfoConfigMap - [helmaddi] Desired PodInfo ConfigMap (1 extensions) (1 enabled)
2025-01-27 17:07:32,821 INFO c.h.h.t.HelmChartContainer - [hivemq-test-hivemq-platform] [hivemq-platform-operator] [f855a92e] 17:07:32.818 [pool-6-thread-33] DEBUG c.h.p.o.dependants.PodInfoConfigMap - [helmaddi] Desired PodInfo ConfigMap (metrics port: 9399) (metrics path: /)
2025-01-27 17:07:32,821 INFO c.h.h.t.HelmChartContainer - [hivemq-test-hivemq-platform] [hivemq-platform-operator] [f855a92e] 17:07:32.818 [pool-6-thread-33] DEBUG c.h.p.o.dependants.PodInfoConfigMap - [helmaddi] Desired PodInfo ConfigMap (extension state hash: -1817474005)
2025-01-27 17:07:32,863 INFO c.h.h.t.HelmChartContainer - [hivemq-test-hivemq-platform] [hivemq-platform-operator] [f855a92e] 17:07:32.861 [pool-6-thread-37] DEBUG c.h.p.o.d.PodServiceAccountResource - [helmaddi] Desired PodServiceAccountResource (serviceAccountName: hivemq-platform-pod-test-hivemq-platform)
2025-01-27 17:07:32,910 INFO c.h.h.t.HelmChartContainer - [hivemq-test-hivemq-platform] [hivemq-platform-operator] [f855a92e] 17:07:32.908 [pool-6-thread-40] DEBUG c.h.p.o.d.StatefulSetResource - [helmaddi] Desired StatefulSet (1 replicas) for status STARTING (READY)
2025-01-27 17:07:32,916 INFO c.h.h.t.HelmChartContainer - [K3S] [reconciler_common.go:251] "operationExecutor.VerifyControllerAttachedVolume started for volume \"pod-info\" (UniqueName: \"kubernetes.io/configmap/81437ddb-1ad3-47e6-9f56-276beb24c6e9-pod-info\") pod \"test-hivemq-platform-0\" (UID: \"81437ddb-1ad3-47e6-9f56-276beb24c6e9\") " pod="helmadditionalvolumesit/test-hivemq-platform-0"
2025-01-27 17:07:32,916 INFO c.h.h.t.HelmChartContainer - [K3S] [reconciler_common.go:251] "operationExecutor.VerifyControllerAttachedVolume started for volume \"kube-api-access-vt4cj\" (UniqueName: \"kubernetes.io/projected/81437ddb-1ad3-47e6-9f56-276beb24c6e9-kube-api-access-vt4cj\") pod \"test-hivemq-platform-0\" (UID: \"81437ddb-1ad3-47e6-9f56-276beb24c6e9\") " pod="helmadditionalvolumesit/test-hivemq-platform-0"
2025-01-27 17:07:32,916 INFO c.h.h.t.HelmChartContainer - [K3S] [reconciler_common.go:251] "operationExecutor.VerifyControllerAttachedVolume started for volume \"pvc-3076b77d-de26-472a-b8c7-3b394bd4ff75\" (UniqueName: \"kubernetes.io/local-volume/pvc-3076b77d-de26-472a-b8c7-3b394bd4ff75\") pod \"test-hivemq-platform-0\" (UID: \"81437ddb-1ad3-47e6-9f56-276beb24c6e9\") " pod="helmadditionalvolumesit/test-hivemq-platform-0"
2025-01-27 17:07:32,916 INFO c.h.h.t.HelmChartContainer - [K3S] [reconciler_common.go:251] "operationExecutor.VerifyControllerAttachedVolume started for volume \"operator-init\" (UniqueName: \"kubernetes.io/empty-dir/81437ddb-1ad3-47e6-9f56-276beb24c6e9-operator-init\") pod \"test-hivemq-platform-0\" (UID: \"81437ddb-1ad3-47e6-9f56-276beb24c6e9\") " pod="helmadditionalvolumesit/test-hivemq-platform-0"
2025-01-27 17:07:32,916 INFO c.h.h.t.HelmChartContainer - [K3S] [reconciler_common.go:251] "operationExecutor.VerifyControllerAttachedVolume started for volume \"broker-configuration\" (UniqueName: \"kubernetes.io/configmap/81437ddb-1ad3-47e6-9f56-276beb24c6e9-broker-configuration\") pod \"test-hivemq-platform-0\" (UID: \"81437ddb-1ad3-47e6-9f56-276beb24c6e9\") " pod="helmadditionalvolumesit/test-hivemq-platform-0"
2025-01-27 17:07:32,917 INFO c.h.h.t.HelmChartContainer - [hivemq-test-hivemq-platform] [hivemq-platform-operator] [f855a92e] 17:07:32.916 [ReconcilerExecutor-hivemq-controller-88] INFO  c.h.p.o.HiveMQPlatformReconciler - [helmaddi] Reconciling HiveMQ Platform 'test-hivemq-platform' in namespace 'helmadditionalvolumesit'
2025-01-27 17:07:32,918 INFO c.h.h.t.HelmChartContainer - [hivemq-test-hivemq-platform] [hivemq-platform-operator] [f855a92e] 17:07:32.916 [ReconcilerExecutor-hivemq-controller-88] DEBUG c.h.p.o.HiveMQPlatformReconciler - [helmaddi] Custom Resource Status STARTING - HiveMQ Platform is starting (READY)
2025-01-27 17:07:32,918 INFO c.h.h.t.HelmChartContainer - [hivemq-test-hivemq-platform] [hivemq-platform-operator] [f855a92e] 17:07:32.917 [ReconcilerExecutor-hivemq-controller-88] DEBUG c.h.p.o.HiveMQPlatformReconciler - [helmaddi] Custom Resource Spec (replicas: 1) (extensions: 1)
2025-01-27 17:07:32,965 INFO c.h.h.t.HelmChartContainer - [hivemq-test-hivemq-platform] [hivemq-platform-operator] [f855a92e] 17:07:32.963 [ReconcilerExecutor-hivemq-controller-88] DEBUG c.h.p.o.HiveMQPlatformReconciler - [helmaddi] StatefulSet Status (revision: test-hivemq-platform-7559d57cdb, replicas: 1, available: 0, ready: 0, current: 1, updated: 1)
2025-01-27 17:07:32,965 INFO c.h.h.t.HelmChartContainer - [hivemq-test-hivemq-platform] [hivemq-platform-operator] [f855a92e] 17:07:32.964 [ReconcilerExecutor-hivemq-controller-88] DEBUG c.h.p.o.HiveMQPlatformReconciler - [helmaddi] StatefulSet Spec (replicas: 1, init containers: 1, containers: 1, volumes: 7)
2025-01-27 17:07:33,008 INFO c.h.h.t.HelmChartContainer - [hivemq-test-hivemq-platform] [hivemq-platform-operator] [f855a92e] 17:07:33.006 [ReconcilerExecutor-hivemq-controller-88] DEBUG c.h.p.o.h.HiveMQPlatformReconcilerErrorHandler - [helmaddi] Pod 'test-hivemq-platform-0' phase Pending
2025-01-27 17:07:33,009 INFO c.h.h.t.HelmChartContainer - [hivemq-test-hivemq-platform] [hivemq-platform-operator] [f855a92e] 17:07:33.007 [ReconcilerExecutor-hivemq-controller-88] DEBUG c.h.p.o.h.HiveMQPlatformReconcilerErrorHandler - [helmaddi] Pod 'test-hivemq-platform-0' condition 'PodReadyToStartContainers': False
2025-01-27 17:07:33,010 INFO c.h.h.t.HelmChartContainer - [hivemq-test-hivemq-platform] [hivemq-platform-operator] [f855a92e] 17:07:33.007 [ReconcilerExecutor-hivemq-controller-88] DEBUG c.h.p.o.h.HiveMQPlatformReconcilerErrorHandler - [helmaddi] Pod 'test-hivemq-platform-0' condition 'Initialized': False
2025-01-27 17:07:33,010 INFO c.h.h.t.HelmChartContainer - [hivemq-test-hivemq-platform] [hivemq-platform-operator] [f855a92e] 17:07:33.007 [ReconcilerExecutor-hivemq-controller-88] DEBUG c.h.p.o.h.HiveMQPlatformReconcilerErrorHandler - [helmaddi] Pod 'test-hivemq-platform-0' condition 'Ready': False
2025-01-27 17:07:33,010 INFO c.h.h.t.HelmChartContainer - [hivemq-test-hivemq-platform] [hivemq-platform-operator] [f855a92e] 17:07:33.007 [ReconcilerExecutor-hivemq-controller-88] DEBUG c.h.p.o.h.HiveMQPlatformReconcilerErrorHandler - [helmaddi] Pod 'test-hivemq-platform-0' condition 'ContainersReady': False
2025-01-27 17:07:33,010 INFO c.h.h.t.HelmChartContainer - [hivemq-test-hivemq-platform] [hivemq-platform-operator] [f855a92e] 17:07:33.007 [ReconcilerExecutor-hivemq-controller-88] DEBUG c.h.p.o.h.HiveMQPlatformReconcilerErrorHandler - [helmaddi] Pod 'test-hivemq-platform-0' condition 'PodScheduled': True
2025-01-27 17:07:33,010 INFO c.h.h.t.HelmChartContainer - [hivemq-test-hivemq-platform] [hivemq-platform-operator] [f855a92e] 17:07:33.008 [ReconcilerExecutor-hivemq-controller-88] DEBUG c.h.p.o.h.HiveMQPlatformReconcilerErrorHandler - [helmaddi] Pod 'test-hivemq-platform-0' containerStatus 'hivemq' (started: false) (ready: false) (waiting: [PodInitializing] null)
2025-01-27 17:07:33,011 INFO c.h.h.t.HelmChartContainer - [hivemq-test-hivemq-platform] [hivemq-platform-operator] [f855a92e] 17:07:33.010 [ReconcilerExecutor-hivemq-controller-88] INFO  c.h.p.o.h.HiveMQPlatformReconcilerBaseHandler - [helmaddi] HiveMQ Platform is starting, 0 of 1 replicas are ready
2025-01-27 17:07:33,019 INFO c.h.h.t.HelmChartContainer - [hivemq-test-hivemq-platform] [hivemq-platform-operator] [f855a92e] 17:07:33.017 [pool-6-thread-42] DEBUG c.h.p.o.d.PlatformServiceResource - [helmaddi] Desired Platform services (3 services)
2025-01-27 17:07:33,020 INFO c.h.h.t.HelmChartContainer - [hivemq-test-hivemq-platform] [hivemq-platform-operator] [f855a92e] 17:07:33.019 [pool-6-thread-43] DEBUG c.h.p.o.dependants.PodInfoConfigMap - [helmaddi] Desired PodInfo ConfigMap (1 extensions) (1 enabled)
2025-01-27 17:07:33,064 INFO c.h.h.t.HelmChartContainer - [hivemq-test-hivemq-platform] [hivemq-platform-operator] [f855a92e] 17:07:33.061 [pool-6-thread-43] DEBUG c.h.p.o.dependants.PodInfoConfigMap - [helmaddi] Desired PodInfo ConfigMap (metrics port: 9399) (metrics path: /)
2025-01-27 17:07:33,064 INFO c.h.h.t.HelmChartContainer - [hivemq-test-hivemq-platform] [hivemq-platform-operator] [f855a92e] 17:07:33.061 [pool-6-thread-43] DEBUG c.h.p.o.dependants.PodInfoConfigMap - [helmaddi] Desired PodInfo ConfigMap (extension state hash: -1817474005)
2025-01-27 17:07:33,065 INFO c.h.h.t.HelmChartContainer - [hivemq-test-hivemq-platform] [hivemq-platform-operator] [f855a92e] 17:07:33.064 [pool-6-thread-47] DEBUG c.h.p.o.d.PodServiceAccountResource - [helmaddi] Desired PodServiceAccountResource (serviceAccountName: hivemq-platform-pod-test-hivemq-platform)
2025-01-27 17:07:33,112 INFO c.h.h.t.HelmChartContainer - [hivemq-test-hivemq-platform] [hivemq-platform-operator] [f855a92e] 17:07:33.109 [pool-6-thread-50] DEBUG c.h.p.o.d.StatefulSetResource - [helmaddi] Desired StatefulSet (1 replicas) for status STARTING (READY)
2025-01-27 17:07:33,163 INFO c.h.h.t.HelmChartContainer - [hivemq-test-hivemq-platform] [hivemq-platform-operator] [f855a92e] 17:07:33.162 [ReconcilerExecutor-hivemq-controller-99] INFO  c.h.p.o.HiveMQPlatformReconciler - [helmaddi] Reconciling HiveMQ Platform 'test-hivemq-platform' in namespace 'helmadditionalvolumesit'
2025-01-27 17:07:33,163 INFO c.h.h.t.HelmChartContainer - [hivemq-test-hivemq-platform] [hivemq-platform-operator] [f855a92e] 17:07:33.162 [ReconcilerExecutor-hivemq-controller-99] DEBUG c.h.p.o.HiveMQPlatformReconciler - [helmaddi] Custom Resource Status STARTING - HiveMQ Platform is starting (READY)
2025-01-27 17:07:33,163 INFO c.h.h.t.HelmChartContainer - [hivemq-test-hivemq-platform] [hivemq-platform-operator] [f855a92e] 17:07:33.162 [ReconcilerExecutor-hivemq-controller-99] DEBUG c.h.p.o.HiveMQPlatformReconciler - [helmaddi] Custom Resource Spec (replicas: 1) (extensions: 1)
2025-01-27 17:07:33,194 INFO c.h.h.t.HelmChartContainer - [EVENT] Normal [Pulled] Container image "docker.io/hivemq/hivemq-platform-operator-init-test:snapshot" already present on machine [helmadditionalvolumesit:test-hivemq-platform-0]
2025-01-27 17:07:33,207 INFO c.h.h.t.HelmChartContainer - [hivemq-test-hivemq-platform] [hivemq-platform-operator] [f855a92e] 17:07:33.203 [ReconcilerExecutor-hivemq-controller-99] DEBUG c.h.p.o.HiveMQPlatformReconciler - [helmaddi] StatefulSet Status (revision: test-hivemq-platform-7559d57cdb, replicas: 1, available: 0, ready: 0, current: 1, updated: 1)
2025-01-27 17:07:33,207 INFO c.h.h.t.HelmChartContainer - [hivemq-test-hivemq-platform] [hivemq-platform-operator] [f855a92e] 17:07:33.203 [ReconcilerExecutor-hivemq-controller-99] DEBUG c.h.p.o.HiveMQPlatformReconciler - [helmaddi] StatefulSet Spec (replicas: 1, init containers: 1, containers: 1, volumes: 7)
2025-01-27 17:07:33,211 INFO c.h.h.t.HelmChartContainer - [hivemq-test-hivemq-platform] [hivemq-platform-operator] [f855a92e] 17:07:33.209 [ReconcilerExecutor-hivemq-controller-99] DEBUG c.h.p.o.h.HiveMQPlatformReconcilerErrorHandler - [helmaddi] Pod 'test-hivemq-platform-0' phase Pending
2025-01-27 17:07:33,212 INFO c.h.h.t.HelmChartContainer - [hivemq-test-hivemq-platform] [hivemq-platform-operator] [f855a92e] 17:07:33.211 [ReconcilerExecutor-hivemq-controller-99] DEBUG c.h.p.o.h.HiveMQPlatformReconcilerErrorHandler - [helmaddi] Pod 'test-hivemq-platform-0' condition 'PodReadyToStartContainers': False
2025-01-27 17:07:33,215 INFO c.h.h.t.HelmChartContainer - [hivemq-test-hivemq-platform] [hivemq-platform-operator] [f855a92e] 17:07:33.211 [ReconcilerExecutor-hivemq-controller-99] DEBUG c.h.p.o.h.HiveMQPlatformReconcilerErrorHandler - [helmaddi] Pod 'test-hivemq-platform-0' condition 'Initialized': False
2025-01-27 17:07:33,215 INFO c.h.h.t.HelmChartContainer - [hivemq-test-hivemq-platform] [hivemq-platform-operator] [f855a92e] 17:07:33.211 [ReconcilerExecutor-hivemq-controller-99] DEBUG c.h.p.o.h.HiveMQPlatformReconcilerErrorHandler - [helmaddi] Pod 'test-hivemq-platform-0' condition 'Ready': False
2025-01-27 17:07:33,215 INFO c.h.h.t.HelmChartContainer - [hivemq-test-hivemq-platform] [hivemq-platform-operator] [f855a92e] 17:07:33.211 [ReconcilerExecutor-hivemq-controller-99] DEBUG c.h.p.o.h.HiveMQPlatformReconcilerErrorHandler - [helmaddi] Pod 'test-hivemq-platform-0' condition 'ContainersReady': False
2025-01-27 17:07:33,215 INFO c.h.h.t.HelmChartContainer - [hivemq-test-hivemq-platform] [hivemq-platform-operator] [f855a92e] 17:07:33.211 [ReconcilerExecutor-hivemq-controller-99] DEBUG c.h.p.o.h.HiveMQPlatformReconcilerErrorHandler - [helmaddi] Pod 'test-hivemq-platform-0' condition 'PodScheduled': True
2025-01-27 17:07:33,215 INFO c.h.h.t.HelmChartContainer - [hivemq-test-hivemq-platform] [hivemq-platform-operator] [f855a92e] 17:07:33.211 [ReconcilerExecutor-hivemq-controller-99] DEBUG c.h.p.o.h.HiveMQPlatformReconcilerErrorHandler - [helmaddi] Pod 'test-hivemq-platform-0' containerStatus 'hivemq' (started: false) (ready: false) (waiting: [PodInitializing] null)
2025-01-27 17:07:33,215 INFO c.h.h.t.HelmChartContainer - [hivemq-test-hivemq-platform] [hivemq-platform-operator] [f855a92e] 17:07:33.212 [ReconcilerExecutor-hivemq-controller-99] INFO  c.h.p.o.h.HiveMQPlatformReconcilerBaseHandler - [helmaddi] HiveMQ Platform is starting, 0 of 1 replicas are ready
2025-01-27 17:07:33,350 INFO c.h.h.t.HelmChartContainer - [EVENT] Normal [Created] Created container: hivemq-platform-operator-init [helmadditionalvolumesit:test-hivemq-platform-0]
2025-01-27 17:07:33,395 INFO c.h.h.t.HelmChartContainer - [EVENT] Normal [Started] Started container hivemq-platform-operator-init [helmadditionalvolumesit:test-hivemq-platform-0]
2025-01-27 17:07:33,555 INFO c.h.h.t.HelmChartContainer - [K3S] [kubelet_volumes.go:163] "Cleaned up orphaned pod volumes dir" podUID="60afd6dc-d01b-40b3-aaa7-a8fbea36fbf6" path="/var/lib/kubelet/pods/60afd6dc-d01b-40b3-aaa7-a8fbea36fbf6/volumes"
2025-01-27 17:07:33,927 INFO c.h.h.t.HelmChartContainer - [EVENT] Normal [Pulled] Container image "docker.io/hivemq/hivemq4:4.35.0" already present on machine [helmadditionalvolumesit:test-hivemq-platform-0]
2025-01-27 17:07:33,927 INFO c.h.h.t.HelmChartContainer - Received Pulled event for container hivemq in pod test-hivemq-platform-0 [81437ddb-1ad3-47e6-9f56-276beb24c6e9]
2025-01-27 17:07:33,940 INFO c.h.h.t.HelmChartContainer - [POD] test-hivemq-platform-0 [81437ddb-1ad3-47e6-9f56-276beb24c6e9] in helmadditionalvolumesit was MODIFIED
2025-01-27 17:07:33,960 INFO c.h.h.t.HelmChartContainer - [hivemq-test-hivemq-platform] [hivemq-platform-operator] [f855a92e] 17:07:33.949 [pool-6-thread-5] DEBUG c.h.p.o.d.PlatformServiceResource - [helmaddi] Desired Platform services (3 services)
2025-01-27 17:07:33,960 INFO c.h.h.t.HelmChartContainer - [hivemq-test-hivemq-platform] [hivemq-platform-operator] [f855a92e] 17:07:33.950 [pool-6-thread-8] DEBUG c.h.p.o.dependants.PodInfoConfigMap - [helmaddi] Desired PodInfo ConfigMap (1 extensions) (1 enabled)
2025-01-27 17:07:33,966 INFO c.h.h.t.HelmChartContainer - [hivemq-test-hivemq-platform] [hivemq-platform-operator] [f855a92e] 17:07:33.950 [pool-6-thread-8] DEBUG c.h.p.o.dependants.PodInfoConfigMap - [helmaddi] Desired PodInfo ConfigMap (metrics port: 9399) (metrics path: /)
2025-01-27 17:07:33,966 INFO c.h.h.t.HelmChartContainer - [hivemq-test-hivemq-platform] [hivemq-platform-operator] [f855a92e] 17:07:33.950 [pool-6-thread-8] DEBUG c.h.p.o.dependants.PodInfoConfigMap - [helmaddi] Desired PodInfo ConfigMap (extension state hash: -1817474005)
2025-01-27 17:07:33,966 INFO c.h.h.t.HelmChartContainer - [hivemq-test-hivemq-platform] [hivemq-platform-operator] [f855a92e] 17:07:33.954 [pool-6-thread-3] DEBUG c.h.p.o.d.PodServiceAccountResource - [helmaddi] Desired PodServiceAccountResource (serviceAccountName: hivemq-platform-pod-test-hivemq-platform)
2025-01-27 17:07:34,013 INFO c.h.h.t.HelmChartContainer - [hivemq-test-hivemq-platform] [hivemq-platform-operator] [f855a92e] 17:07:34.010 [pool-6-thread-5] DEBUG c.h.p.o.d.StatefulSetResource - [helmaddi] Desired StatefulSet (1 replicas) for status STARTING (READY)
2025-01-27 17:07:34,023 INFO c.h.h.t.HelmChartContainer - [hivemq-test-hivemq-platform] [hivemq-platform-operator] [f855a92e] 17:07:34.022 [ReconcilerExecutor-hivemq-controller-110] INFO  c.h.p.o.HiveMQPlatformReconciler - [helmaddi] Reconciling HiveMQ Platform 'test-hivemq-platform' in namespace 'helmadditionalvolumesit'
2025-01-27 17:07:34,024 INFO c.h.h.t.HelmChartContainer - [hivemq-test-hivemq-platform] [hivemq-platform-operator] [f855a92e] 17:07:34.022 [ReconcilerExecutor-hivemq-controller-110] DEBUG c.h.p.o.HiveMQPlatformReconciler - [helmaddi] Custom Resource Status STARTING - HiveMQ Platform is starting (READY)
2025-01-27 17:07:34,024 INFO c.h.h.t.HelmChartContainer - [hivemq-test-hivemq-platform] [hivemq-platform-operator] [f855a92e] 17:07:34.022 [ReconcilerExecutor-hivemq-controller-110] DEBUG c.h.p.o.HiveMQPlatformReconciler - [helmaddi] Custom Resource Spec (replicas: 1) (extensions: 1)
2025-01-27 17:07:34,027 INFO c.h.h.t.HelmChartContainer - [hivemq-test-hivemq-platform] [hivemq-platform-operator] [f855a92e] 17:07:34.026 [ReconcilerExecutor-hivemq-controller-110] DEBUG c.h.p.o.HiveMQPlatformReconciler - [helmaddi] StatefulSet Status (revision: test-hivemq-platform-7559d57cdb, replicas: 1, available: 0, ready: 0, current: 1, updated: 1)
2025-01-27 17:07:34,028 INFO c.h.h.t.HelmChartContainer - [hivemq-test-hivemq-platform] [hivemq-platform-operator] [f855a92e] 17:07:34.026 [ReconcilerExecutor-hivemq-controller-110] DEBUG c.h.p.o.HiveMQPlatformReconciler - [helmaddi] StatefulSet Spec (replicas: 1, init containers: 1, containers: 1, volumes: 7)
2025-01-27 17:07:34,064 INFO c.h.h.t.HelmChartContainer - [hivemq-test-hivemq-platform] [hivemq-platform-operator] [f855a92e] 17:07:34.062 [ReconcilerExecutor-hivemq-controller-110] DEBUG c.h.p.o.h.HiveMQPlatformReconcilerErrorHandler - [helmaddi] Pod 'test-hivemq-platform-0' phase Pending
2025-01-27 17:07:34,064 INFO c.h.h.t.HelmChartContainer - [hivemq-test-hivemq-platform] [hivemq-platform-operator] [f855a92e] 17:07:34.062 [ReconcilerExecutor-hivemq-controller-110] DEBUG c.h.p.o.h.HiveMQPlatformReconcilerErrorHandler - [helmaddi] Pod 'test-hivemq-platform-0' condition 'PodReadyToStartContainers': True
2025-01-27 17:07:34,064 INFO c.h.h.t.HelmChartContainer - [hivemq-test-hivemq-platform] [hivemq-platform-operator] [f855a92e] 17:07:34.062 [ReconcilerExecutor-hivemq-controller-110] DEBUG c.h.p.o.h.HiveMQPlatformReconcilerErrorHandler - [helmaddi] Pod 'test-hivemq-platform-0' condition 'Initialized': True
2025-01-27 17:07:34,064 INFO c.h.h.t.HelmChartContainer - [hivemq-test-hivemq-platform] [hivemq-platform-operator] [f855a92e] 17:07:34.062 [ReconcilerExecutor-hivemq-controller-110] DEBUG c.h.p.o.h.HiveMQPlatformReconcilerErrorHandler - [helmaddi] Pod 'test-hivemq-platform-0' condition 'Ready': False
2025-01-27 17:07:34,064 INFO c.h.h.t.HelmChartContainer - [hivemq-test-hivemq-platform] [hivemq-platform-operator] [f855a92e] 17:07:34.062 [ReconcilerExecutor-hivemq-controller-110] DEBUG c.h.p.o.h.HiveMQPlatformReconcilerErrorHandler - [helmaddi] Pod 'test-hivemq-platform-0' condition 'ContainersReady': False
2025-01-27 17:07:34,065 INFO c.h.h.t.HelmChartContainer - [hivemq-test-hivemq-platform] [hivemq-platform-operator] [f855a92e] 17:07:34.062 [ReconcilerExecutor-hivemq-controller-110] DEBUG c.h.p.o.h.HiveMQPlatformReconcilerErrorHandler - [helmaddi] Pod 'test-hivemq-platform-0' condition 'PodScheduled': True
2025-01-27 17:07:34,065 INFO c.h.h.t.HelmChartContainer - [hivemq-test-hivemq-platform] [hivemq-platform-operator] [f855a92e] 17:07:34.062 [ReconcilerExecutor-hivemq-controller-110] DEBUG c.h.p.o.h.HiveMQPlatformReconcilerErrorHandler - [helmaddi] Pod 'test-hivemq-platform-0' containerStatus 'hivemq' (started: false) (ready: false) (waiting: [PodInitializing] null)
2025-01-27 17:07:34,065 INFO c.h.h.t.HelmChartContainer - [hivemq-test-hivemq-platform] [hivemq-platform-operator] [f855a92e] 17:07:34.064 [ReconcilerExecutor-hivemq-controller-110] INFO  c.h.p.o.h.HiveMQPlatformReconcilerBaseHandler - [helmaddi] HiveMQ Platform is starting, 0 of 1 replicas are ready
2025-01-27 17:07:35,518 INFO c.h.h.t.HelmChartContainer - [K3S] [scope.go:117] "RemoveContainer" containerID="2fa8889dc2b59f4312a18df32a2aa363b9dc4eeee498137eadc5ae474b816058"
2025-01-27 17:07:36,156 INFO c.h.h.t.HelmChartContainer - [EVENT] Normal [Created] Created container: hivemq [helmadditionalvolumesit:test-hivemq-platform-0]
2025-01-27 17:07:36,157 INFO c.h.h.t.HelmChartContainer - Received Created event for container hivemq in pod test-hivemq-platform-0 [81437ddb-1ad3-47e6-9f56-276beb24c6e9]
2025-01-27 17:07:36,943 INFO c.h.h.t.HelmChartContainer - [POD] test-hivemq-platform-0 [81437ddb-1ad3-47e6-9f56-276beb24c6e9] in helmadditionalvolumesit was MODIFIED
2025-01-27 17:07:36,951 INFO c.h.h.t.HelmChartContainer - [EVENT] Normal [Started] Started container hivemq [helmadditionalvolumesit:test-hivemq-platform-0]
2025-01-27 17:07:36,951 INFO c.h.h.t.HelmChartContainer - Received Started event for container hivemq in pod test-hivemq-platform-0 [81437ddb-1ad3-47e6-9f56-276beb24c6e9]
2025-01-27 17:07:36,951 INFO c.h.h.t.HelmChartContainer - Started log watcher for hivemq in pod test-hivemq-platform-0 [81437ddb-1ad3-47e6-9f56-276beb24c6e9]
2025-01-27 17:07:36,954 INFO c.h.h.t.HelmChartContainer - [hivemq-test-hivemq-platform] [hivemq-platform-operator] [f855a92e] 17:07:36.951 [pool-6-thread-14] DEBUG c.h.p.o.d.PlatformServiceResource - [helmaddi] Desired Platform services (3 services)
2025-01-27 17:07:36,957 INFO c.h.h.t.HelmChartContainer - [test-hivemq-platform] [hivemq] [81437ddb] Adding pre-installed HiveMQ Platform Operator extensions
2025-01-27 17:07:36,957 INFO c.h.h.t.HelmChartContainer - [test-hivemq-platform] [hivemq] [81437ddb] Running as user 10000
2025-01-27 17:07:36,957 INFO c.h.h.t.HelmChartContainer - [test-hivemq-platform] [hivemq] [81437ddb] Starting HiveMQ Platform Operator Init
2025-01-27 17:07:36,965 INFO c.h.h.t.HelmChartContainer - [hivemq-test-hivemq-platform] [hivemq-platform-operator] [f855a92e] 17:07:36.952 [pool-6-thread-16] DEBUG c.h.p.o.d.PodServiceAccountResource - [helmaddi] Desired PodServiceAccountResource (serviceAccountName: hivemq-platform-pod-test-hivemq-platform)
2025-01-27 17:07:36,966 INFO c.h.h.t.HelmChartContainer - [hivemq-test-hivemq-platform] [hivemq-platform-operator] [f855a92e] 17:07:36.952 [pool-6-thread-15] DEBUG c.h.p.o.dependants.PodInfoConfigMap - [helmaddi] Desired PodInfo ConfigMap (1 extensions) (1 enabled)
2025-01-27 17:07:36,966 INFO c.h.h.t.HelmChartContainer - [hivemq-test-hivemq-platform] [hivemq-platform-operator] [f855a92e] 17:07:36.958 [pool-6-thread-15] DEBUG c.h.p.o.dependants.PodInfoConfigMap - [helmaddi] Desired PodInfo ConfigMap (metrics port: 9399) (metrics path: /)
2025-01-27 17:07:36,967 INFO c.h.h.t.HelmChartContainer - [hivemq-test-hivemq-platform] [hivemq-platform-operator] [f855a92e] 17:07:36.958 [pool-6-thread-15] DEBUG c.h.p.o.dependants.PodInfoConfigMap - [helmaddi] Desired PodInfo ConfigMap (extension state hash: -1817474005)
2025-01-27 17:07:36,968 INFO c.h.h.t.HelmChartContainer - [hivemq-test-hivemq-platform] [hivemq-platform-operator] [f855a92e] 17:07:36.967 [pool-6-thread-14] DEBUG c.h.p.o.d.StatefulSetResource - [helmaddi] Desired StatefulSet (1 replicas) for status STARTING (READY)
2025-01-27 17:07:37,008 INFO c.h.h.t.HelmChartContainer - [hivemq-test-hivemq-platform] [hivemq-platform-operator] [f855a92e] 17:07:37.007 [ReconcilerExecutor-hivemq-controller-111] INFO  c.h.p.o.HiveMQPlatformReconciler - [helmaddi] Reconciling HiveMQ Platform 'test-hivemq-platform' in namespace 'helmadditionalvolumesit'
2025-01-27 17:07:37,009 INFO c.h.h.t.HelmChartContainer - [hivemq-test-hivemq-platform] [hivemq-platform-operator] [f855a92e] 17:07:37.007 [ReconcilerExecutor-hivemq-controller-111] DEBUG c.h.p.o.HiveMQPlatformReconciler - [helmaddi] Custom Resource Status STARTING - HiveMQ Platform is starting (READY)
2025-01-27 17:07:37,009 INFO c.h.h.t.HelmChartContainer - [hivemq-test-hivemq-platform] [hivemq-platform-operator] [f855a92e] 17:07:37.007 [ReconcilerExecutor-hivemq-controller-111] DEBUG c.h.p.o.HiveMQPlatformReconciler - [helmaddi] Custom Resource Spec (replicas: 1) (extensions: 1)
2025-01-27 17:07:37,010 INFO c.h.h.t.HelmChartContainer - [hivemq-test-hivemq-platform] [hivemq-platform-operator] [f855a92e] 17:07:37.009 [ReconcilerExecutor-hivemq-controller-111] DEBUG c.h.p.o.HiveMQPlatformReconciler - [helmaddi] StatefulSet Status (revision: test-hivemq-platform-7559d57cdb, replicas: 1, available: 0, ready: 0, current: 1, updated: 1)
2025-01-27 17:07:37,011 INFO c.h.h.t.HelmChartContainer - [hivemq-test-hivemq-platform] [hivemq-platform-operator] [f855a92e] 17:07:37.010 [ReconcilerExecutor-hivemq-controller-111] DEBUG c.h.p.o.HiveMQPlatformReconciler - [helmaddi] StatefulSet Spec (replicas: 1, init containers: 1, containers: 1, volumes: 7)
2025-01-27 17:07:37,014 INFO c.h.h.t.HelmChartContainer - [hivemq-test-hivemq-platform] [hivemq-platform-operator] [f855a92e] 17:07:37.013 [ReconcilerExecutor-hivemq-controller-111] DEBUG c.h.p.o.h.HiveMQPlatformReconcilerErrorHandler - [helmaddi] Pod 'test-hivemq-platform-0' phase Running
2025-01-27 17:07:37,015 INFO c.h.h.t.HelmChartContainer - [hivemq-test-hivemq-platform] [hivemq-platform-operator] [f855a92e] 17:07:37.014 [ReconcilerExecutor-hivemq-controller-111] INFO  c.h.p.o.h.HiveMQPlatformReconcilerBaseHandler - [helmaddi] HiveMQ Platform is starting, 0 of 1 replicas are ready
2025-01-27 17:07:37,476 INFO c.h.h.t.HelmChartContainer - [test-hivemq-platform] [hivemq] [81437ddb] INFO  - [HiveMQ Platform Operator Init 1.7.0-SNAPSHOT] HiveMQ Platform Operator Init 1.7.0-SNAPSHOT (commit: bebf408 on branch: HEAD) built on Sun Jan 26 20:47:47 UTC 2025
2025-01-27 17:07:38,780 INFO c.h.h.t.HelmChartContainer - [K3S] [range_allocator.go:247] "Successfully synced" key="3931d564225c"
2025-01-27 17:07:38,783 INFO c.h.h.t.HelmChartContainer - [test-hivemq-platform] [hivemq] [81437ddb] INFO  - [HiveMQ Platform Operator Init App 1.7.0-SNAPSHOT] Using bind address 10.42.0.10 from environment variable
2025-01-27 17:07:39,681 INFO c.h.h.t.HelmChartContainer - [test-hivemq-platform] [hivemq] [81437ddb] INFO  - [HiveMQ Platform Operator Init App 1.7.0-SNAPSHOT] HiveMQ Platform Operator Init App 1.7.0-SNAPSHOT (commit: bebf408 on branch: HEAD) built on Sun Jan 26 20:47:47 UTC 2025
2025-01-27 17:07:39,681 INFO c.h.h.t.HelmChartContainer - [test-hivemq-platform] [hivemq] [81437ddb] INFO  - [HiveMQ Platform Operator Init App 1.7.0-SNAPSHOT] PodInfo ConfigMap directory: /etc/podinfo
2025-01-27 17:07:39,681 INFO c.h.h.t.HelmChartContainer - [test-hivemq-platform] [hivemq] [81437ddb] INFO  - [HiveMQ Platform Operator Init App 1.7.0-SNAPSHOT] HiveMQ home directory: /opt/hivemq
2025-01-27 17:07:39,681 INFO c.h.h.t.HelmChartContainer - [test-hivemq-platform] [hivemq] [81437ddb] INFO  - [HiveMQ Platform Operator Init App 1.7.0-SNAPSHOT] HiveMQ Logback folder: /opt/hivemq/conf
2025-01-27 17:07:39,681 INFO c.h.h.t.HelmChartContainer - [test-hivemq-platform] [hivemq] [81437ddb] INFO  - [HiveMQ Platform Operator Init App 1.7.0-SNAPSHOT] HiveMQ Config folder: /opt/hivemq/conf-k8s
2025-01-27 17:07:39,682 INFO c.h.h.t.HelmChartContainer - [test-hivemq-platform] [hivemq] [81437ddb] INFO  - [HiveMQ Platform Operator Init App 1.7.0-SNAPSHOT] Starting HiveMQ Platform Operator Init App
2025-01-27 17:07:39,682 INFO c.h.h.t.HelmChartContainer - [test-hivemq-platform] [hivemq] [81437ddb] INFO  - [HiveMQ Platform Operator Init App 1.7.0-SNAPSHOT] Starting Pod reconciler
2025-01-27 17:07:40,987 INFO c.h.h.t.HelmChartContainer - [test-hivemq-platform] [hivemq] [81437ddb] INFO  - [HiveMQ Platform Operator Init App 1.7.0-SNAPSHOT] Pod reconciler is scheduled (interval: 5000 ms)
2025-01-27 17:07:40,988 INFO c.h.h.t.HelmChartContainer - [test-hivemq-platform] [hivemq] [81437ddb] INFO  - [HiveMQ Platform Operator Init App 1.7.0-SNAPSHOT] Starting the REST API on 10.42.0.10:7979
2025-01-27 17:07:41,064 INFO c.h.h.t.HelmChartContainer - [test-hivemq-platform] [hivemq] [81437ddb] INFO  - [HiveMQ Platform Operator Init App 1.7.0-SNAPSHOT] Waiting up to 600s for at most 1 HiveMQ nodes in cluster service hivemq-test-hivemq-platform-cluster.helmadditionalvolumesit.svc
2025-01-27 17:07:41,382 INFO c.h.h.t.HelmChartContainer - [test-hivemq-platform] [hivemq] [81437ddb] INFO  - [HiveMQ Platform Operator Init App 1.7.0-SNAPSHOT] Resolved 1 IP addresses: [10.42.0.10]
2025-01-27 17:07:41,382 INFO c.h.h.t.HelmChartContainer - [test-hivemq-platform] [hivemq] [81437ddb] INFO  - [HiveMQ Platform Operator Init App 1.7.0-SNAPSHOT] HiveMQ node count of 1 is within threshold of 1
2025-01-27 17:07:41,382 INFO c.h.h.t.HelmChartContainer - [test-hivemq-platform] [hivemq] [81437ddb] INFO  - [HiveMQ Platform Operator Init App 1.7.0-SNAPSHOT] Proceeding with container start
2025-01-27 17:07:41,485 INFO c.h.h.t.HelmChartContainer - [test-hivemq-platform] [hivemq] [81437ddb] INFO  - [HiveMQ Platform Operator Init App 1.7.0-SNAPSHOT] Initializing HiveMQ Platform extensions with initial configuration: {hivemq-allow-all-extension={start-priority=-1, skip-https-hostname-verification=false, restart=true, config-version=0, header-version=0, c-uri=, priority=-1, uri=preinstalled, skip-https-certificate-validation=false, enabled=true}, hivemq-prometheus-extension={skip-https-certificate-validation=false, skip-https-hostname-verification=false, c-uri=, start-priority=-1, priority=-1, restart=true, enabled=true, request-header-path=no-request-headers, uri=preinstalled}}
2025-01-27 17:07:42,068 INFO c.h.h.t.HelmChartContainer - [test-hivemq-platform] [hivemq] [81437ddb] INFO  - [HiveMQ Platform Operator Init App 1.7.0-SNAPSHOT] Extension hivemq-allow-all-extension was already enabled
2025-01-27 17:07:42,080 INFO c.h.h.t.HelmChartContainer - [test-hivemq-platform] [hivemq] [81437ddb] INFO  - [HiveMQ Platform Operator Init App 1.7.0-SNAPSHOT] Successfully enabled extension hivemq-prometheus-extension
2025-01-27 17:07:42,161 INFO c.h.h.t.HelmChartContainer - [test-hivemq-platform] [hivemq] [81437ddb] INFO  - [HiveMQ Platform Operator Init App 1.7.0-SNAPSHOT] Starting HiveMQ Platform version 4.35.0 (4.35.0)
2025-01-27 17:07:42,161 INFO c.h.h.t.HelmChartContainer - [test-hivemq-platform] [hivemq] [81437ddb] INFO  - [HiveMQ Platform Operator Init App 1.7.0-SNAPSHOT] Configuring the HiveMQ Platform
2025-01-27 17:07:42,175 INFO c.h.h.t.HelmChartContainer - [test-hivemq-platform] [hivemq] [81437ddb] INFO  - [HiveMQ Platform Operator Init App 1.7.0-SNAPSHOT] Changed logback.xml file scan period to 20 seconds
2025-01-27 17:07:42,266 INFO c.h.h.t.HelmChartContainer - [test-hivemq-platform] [hivemq] [81437ddb] INFO  - [HiveMQ Platform Operator Init App 1.7.0-SNAPSHOT] Starting the HiveMQ Platform
2025-01-27 17:07:42,269 INFO c.h.h.t.HelmChartContainer - [test-hivemq-platform] [hivemq] [81437ddb] -------------------------------------------------------------------------
2025-01-27 17:07:42,270 INFO c.h.h.t.HelmChartContainer - [test-hivemq-platform] [hivemq] [81437ddb] 
2025-01-27 17:07:42,270 INFO c.h.h.t.HelmChartContainer - [test-hivemq-platform] [hivemq] [81437ddb]                   _    _  _              __  __   ____
2025-01-27 17:07:42,270 INFO c.h.h.t.HelmChartContainer - [test-hivemq-platform] [hivemq] [81437ddb]                  | |  | |(_)            |  \/  | / __ \
2025-01-27 17:07:42,270 INFO c.h.h.t.HelmChartContainer - [test-hivemq-platform] [hivemq] [81437ddb]                  | |__| | _ __   __ ___ | \  / || |  | |
2025-01-27 17:07:42,270 INFO c.h.h.t.HelmChartContainer - [test-hivemq-platform] [hivemq] [81437ddb]                  |  __  || |\ \ / // _ \| |\/| || |  | |
2025-01-27 17:07:42,270 INFO c.h.h.t.HelmChartContainer - [test-hivemq-platform] [hivemq] [81437ddb]                  | |  | || | \ V /|  __/| |  | || |__| |
2025-01-27 17:07:42,270 INFO c.h.h.t.HelmChartContainer - [test-hivemq-platform] [hivemq] [81437ddb]                  |_|  |_||_|  \_/  \___||_|  |_| \___\_\
2025-01-27 17:07:42,270 INFO c.h.h.t.HelmChartContainer - [test-hivemq-platform] [hivemq] [81437ddb] 
2025-01-27 17:07:42,270 INFO c.h.h.t.HelmChartContainer - [test-hivemq-platform] [hivemq] [81437ddb] -------------------------------------------------------------------------
2025-01-27 17:07:42,270 INFO c.h.h.t.HelmChartContainer - [test-hivemq-platform] [hivemq] [81437ddb] 
2025-01-27 17:07:42,270 INFO c.h.h.t.HelmChartContainer - [test-hivemq-platform] [hivemq] [81437ddb]   HiveMQ Start Script for Linux/Unix v1.14
2025-01-27 17:07:42,270 INFO c.h.h.t.HelmChartContainer - [test-hivemq-platform] [hivemq] [81437ddb] 
2025-01-27 17:07:42,383 INFO c.h.h.t.HelmChartContainer - [test-hivemq-platform] [hivemq] [81437ddb] -------------------------------------------------------------------------
2025-01-27 17:07:42,383 INFO c.h.h.t.HelmChartContainer - [test-hivemq-platform] [hivemq] [81437ddb] 
2025-01-27 17:07:42,383 INFO c.h.h.t.HelmChartContainer - [test-hivemq-platform] [hivemq] [81437ddb]   HIVEMQ_HOME: /opt/hivemq
2025-01-27 17:07:42,383 INFO c.h.h.t.HelmChartContainer - [test-hivemq-platform] [hivemq] [81437ddb] 
2025-01-27 17:07:42,383 INFO c.h.h.t.HelmChartContainer - [test-hivemq-platform] [hivemq] [81437ddb]   JAVA_OPTS: -XX:+UnlockExperimentalVMOptions -XX:InitialRAMPercentage=50 -XX:MaxRAMPercentage=50 -Djava.net.preferIPv4Stack=true --add-opens java.base/java.lang=ALL-UNNAMED --add-opens java.base/java.nio=ALL-UNNAMED --add-opens java.base/sun.nio.ch=ALL-UNNAMED --add-opens jdk.management/com.sun.management.internal=ALL-UNNAMED --add-exports java.base/jdk.internal.misc=ALL-UNNAMED -Djava.security.egd=file:/dev/./urandom -Dcom.sun.management.jmxremote -Dcom.sun.management.jmxremote.port=9010 -Dcom.sun.management.jmxremote.local.only=false -Dcom.sun.management.jmxremote.authenticate=false -Dcom.sun.management.jmxremote.ssl=false -Duser.language=en -Duser.region=US -XX:+CrashOnOutOfMemoryError -XX:+HeapDumpOnOutOfMemoryError
2025-01-27 17:07:42,383 INFO c.h.h.t.HelmChartContainer - [test-hivemq-platform] [hivemq] [81437ddb] 
2025-01-27 17:07:42,383 INFO c.h.h.t.HelmChartContainer - [test-hivemq-platform] [hivemq] [81437ddb]   JAVA_VERSION: 21
2025-01-27 17:07:42,383 INFO c.h.h.t.HelmChartContainer - [test-hivemq-platform] [hivemq] [81437ddb] 
2025-01-27 17:07:42,383 INFO c.h.h.t.HelmChartContainer - [test-hivemq-platform] [hivemq] [81437ddb] -------------------------------------------------------------------------
2025-01-27 17:07:42,383 INFO c.h.h.t.HelmChartContainer - [test-hivemq-platform] [hivemq] [81437ddb] 
2025-01-27 17:07:42,972 INFO c.h.h.t.HelmChartContainer - [test-hivemq-platform] [hivemq] [81437ddb] INFO  - [HiveMQ Platform Operator Init App 1.7.0-SNAPSHOT] Returning default Health API response 503 for readiness
2025-01-27 17:07:43,366 INFO c.h.h.t.HelmChartContainer - [EVENT] Warning [Unhealthy] Readiness probe failed: HTTP probe failed with statuscode: 503 [helmadditionalvolumesit:test-hivemq-platform-0]
2025-01-27 17:07:43,366 INFO c.h.h.t.HelmChartContainer - Received Unhealthy event for container hivemq in pod test-hivemq-platform-0 [81437ddb-1ad3-47e6-9f56-276beb24c6e9]
2025-01-27 17:07:45,278 INFO c.h.h.t.HelmChartContainer - [test-hivemq-platform] [hivemq] [81437ddb] INFO  - Starting HiveMQ Enterprise Server
2025-01-27 17:07:45,367 INFO c.h.h.t.HelmChartContainer - [test-hivemq-platform] [hivemq] [81437ddb] INFO  - HiveMQ version: 4.35.0
2025-01-27 17:07:45,368 INFO c.h.h.t.HelmChartContainer - [test-hivemq-platform] [hivemq] [81437ddb] INFO  - HiveMQ home directory: /opt/hivemq
2025-01-27 17:07:45,368 INFO c.h.h.t.HelmChartContainer - [test-hivemq-platform] [hivemq] [81437ddb] INFO  - Log Configuration was overridden by /opt/hivemq/conf/logback.xml
2025-01-27 17:07:47,022 INFO c.h.h.t.HelmChartContainer - [hivemq-test-hivemq-platform] [hivemq-platform-operator] [f855a92e] 17:07:47.018 [pool-6-thread-27] DEBUG c.h.p.o.d.PlatformServiceResource - [helmaddi] Desired Platform services (3 services)
2025-01-27 17:07:47,023 INFO c.h.h.t.HelmChartContainer - [hivemq-test-hivemq-platform] [hivemq-platform-operator] [f855a92e] 17:07:47.020 [pool-6-thread-22] DEBUG c.h.p.o.d.PodServiceAccountResource - [helmaddi] Desired PodServiceAccountResource (serviceAccountName: hivemq-platform-pod-test-hivemq-platform)
2025-01-27 17:07:47,023 INFO c.h.h.t.HelmChartContainer - [hivemq-test-hivemq-platform] [hivemq-platform-operator] [f855a92e] 17:07:47.019 [pool-6-thread-26] DEBUG c.h.p.o.dependants.PodInfoConfigMap - [helmaddi] Desired PodInfo ConfigMap (1 extensions) (1 enabled)
2025-01-27 17:07:47,024 INFO c.h.h.t.HelmChartContainer - [hivemq-test-hivemq-platform] [hivemq-platform-operator] [f855a92e] 17:07:47.023 [pool-6-thread-26] DEBUG c.h.p.o.dependants.PodInfoConfigMap - [helmaddi] Desired PodInfo ConfigMap (metrics port: 9399) (metrics path: /)
2025-01-27 17:07:47,024 INFO c.h.h.t.HelmChartContainer - [hivemq-test-hivemq-platform] [hivemq-platform-operator] [f855a92e] 17:07:47.024 [pool-6-thread-26] DEBUG c.h.p.o.dependants.PodInfoConfigMap - [helmaddi] Desired PodInfo ConfigMap (extension state hash: -1817474005)
2025-01-27 17:07:47,028 INFO c.h.h.t.HelmChartContainer - [hivemq-test-hivemq-platform] [hivemq-platform-operator] [f855a92e] 17:07:47.027 [pool-6-thread-25] DEBUG c.h.p.o.d.StatefulSetResource - [helmaddi] Desired StatefulSet (1 replicas) for status STARTING (READY)
2025-01-27 17:07:47,034 INFO c.h.h.t.HelmChartContainer - [hivemq-test-hivemq-platform] [hivemq-platform-operator] [f855a92e] 17:07:47.033 [ReconcilerExecutor-hivemq-controller-112] INFO  c.h.p.o.HiveMQPlatformReconciler - [helmaddi] Reconciling HiveMQ Platform 'test-hivemq-platform' in namespace 'helmadditionalvolumesit'
2025-01-27 17:07:47,034 INFO c.h.h.t.HelmChartContainer - [hivemq-test-hivemq-platform] [hivemq-platform-operator] [f855a92e] 17:07:47.033 [ReconcilerExecutor-hivemq-controller-112] DEBUG c.h.p.o.HiveMQPlatformReconciler - [helmaddi] Custom Resource Status STARTING - HiveMQ Platform is starting (READY)
2025-01-27 17:07:47,034 INFO c.h.h.t.HelmChartContainer - [hivemq-test-hivemq-platform] [hivemq-platform-operator] [f855a92e] 17:07:47.033 [ReconcilerExecutor-hivemq-controller-112] DEBUG c.h.p.o.HiveMQPlatformReconciler - [helmaddi] Custom Resource Spec (replicas: 1) (extensions: 1)
2025-01-27 17:07:47,035 INFO c.h.h.t.HelmChartContainer - [hivemq-test-hivemq-platform] [hivemq-platform-operator] [f855a92e] 17:07:47.034 [ReconcilerExecutor-hivemq-controller-112] DEBUG c.h.p.o.HiveMQPlatformReconciler - [helmaddi] StatefulSet Status (revision: test-hivemq-platform-7559d57cdb, replicas: 1, available: 0, ready: 0, current: 1, updated: 1)
2025-01-27 17:07:47,036 INFO c.h.h.t.HelmChartContainer - [hivemq-test-hivemq-platform] [hivemq-platform-operator] [f855a92e] 17:07:47.035 [ReconcilerExecutor-hivemq-controller-112] DEBUG c.h.p.o.HiveMQPlatformReconciler - [helmaddi] StatefulSet Spec (replicas: 1, init containers: 1, containers: 1, volumes: 7)
2025-01-27 17:07:47,105 INFO c.h.h.t.HelmChartContainer - [hivemq-test-hivemq-platform] [hivemq-platform-operator] [f855a92e] 17:07:47.103 [ReconcilerExecutor-hivemq-controller-112] DEBUG c.h.p.o.h.HiveMQPlatformReconcilerErrorHandler - [helmaddi] Pod 'test-hivemq-platform-0' phase Running
2025-01-27 17:07:47,105 INFO c.h.h.t.HelmChartContainer - [hivemq-test-hivemq-platform] [hivemq-platform-operator] [f855a92e] 17:07:47.104 [ReconcilerExecutor-hivemq-controller-112] INFO  c.h.p.o.h.HiveMQPlatformReconcilerBaseHandler - [helmaddi] HiveMQ Platform is starting, 0 of 1 replicas are ready
2025-01-27 17:07:47,167 INFO c.h.h.t.HelmChartContainer - [test-hivemq-platform] [hivemq] [81437ddb] INFO  - Successfully loaded configuration from '/opt/hivemq/conf-k8s/config.xml'.
2025-01-27 17:07:48,166 INFO c.h.h.t.HelmChartContainer - [test-hivemq-platform] [hivemq] [81437ddb] INFO  - This node's ID is nJ8zG
2025-01-27 17:07:48,167 INFO c.h.h.t.HelmChartContainer - [test-hivemq-platform] [hivemq] [81437ddb] INFO  - Clustering is enabled
2025-01-27 17:07:48,469 INFO c.h.h.t.HelmChartContainer - [test-hivemq-platform] [hivemq] [81437ddb] WARN  - [HiveMQ Platform Operator Init App 1.7.0-SNAPSHOT] Cannot connect to Health API for readiness: null
2025-01-27 17:07:48,540 INFO c.h.h.t.HelmChartContainer - [EVENT] Warning [Unhealthy] Readiness probe failed: HTTP probe failed with statuscode: 503 [helmadditionalvolumesit:test-hivemq-platform-0]
2025-01-27 17:07:48,540 INFO c.h.h.t.HelmChartContainer - Received Unhealthy event for container hivemq in pod test-hivemq-platform-0 [81437ddb-1ad3-47e6-9f56-276beb24c6e9]
2025-01-27 17:07:52,269 INFO c.h.h.t.HelmChartContainer - [test-hivemq-platform] [hivemq] [81437ddb] Jan 27, 2025 5:07:52 PM io.vertx.core.impl.BlockedThreadChecker
2025-01-27 17:07:52,269 INFO c.h.h.t.HelmChartContainer - [test-hivemq-platform] [hivemq] [81437ddb] WARNING: Thread Thread[vert.x-eventloop-thread-1,5,main] has been blocked for 2705 ms, time limit is 2000 ms
2025-01-27 17:07:52,574 INFO c.h.h.t.HelmChartContainer - [test-hivemq-platform] [hivemq] [81437ddb] INFO  - [HiveMQ Platform Operator Init App 1.7.0-SNAPSHOT] Updating Pod HiveMQ Platform Operator Init App version annotation (version: 1.7.0-SNAPSHOT)
2025-01-27 17:07:53,166 INFO c.h.h.t.HelmChartContainer - [test-hivemq-platform] [hivemq] [81437ddb] WARN  - [HiveMQ Platform Operator Init App 1.7.0-SNAPSHOT] Cannot connect to Health API for readiness: null
2025-01-27 17:07:53,175 INFO c.h.h.t.HelmChartContainer - [EVENT] Warning [Unhealthy] Readiness probe failed: HTTP probe failed with statuscode: 503 [helmadditionalvolumesit:test-hivemq-platform-0]
2025-01-27 17:07:53,175 INFO c.h.h.t.HelmChartContainer - Received Unhealthy event for container hivemq in pod test-hivemq-platform-0 [81437ddb-1ad3-47e6-9f56-276beb24c6e9]
2025-01-27 17:07:53,882 INFO c.h.h.t.HelmChartContainer - [POD] test-hivemq-platform-0 [81437ddb-1ad3-47e6-9f56-276beb24c6e9] in helmadditionalvolumesit was MODIFIED
2025-01-27 17:07:53,889 INFO c.h.h.t.HelmChartContainer - [hivemq-test-hivemq-platform] [hivemq-platform-operator] [f855a92e] 17:07:53.887 [pool-6-thread-32] DEBUG c.h.p.o.dependants.PodInfoConfigMap - [helmaddi] Desired PodInfo ConfigMap (1 extensions) (1 enabled)
2025-01-27 17:07:53,889 INFO c.h.h.t.HelmChartContainer - [hivemq-test-hivemq-platform] [hivemq-platform-operator] [f855a92e] 17:07:53.887 [pool-6-thread-32] DEBUG c.h.p.o.dependants.PodInfoConfigMap - [helmaddi] Desired PodInfo ConfigMap (metrics port: 9399) (metrics path: /)
2025-01-27 17:07:53,889 INFO c.h.h.t.HelmChartContainer - [hivemq-test-hivemq-platform] [hivemq-platform-operator] [f855a92e] 17:07:53.887 [pool-6-thread-32] DEBUG c.h.p.o.dependants.PodInfoConfigMap - [helmaddi] Desired PodInfo ConfigMap (extension state hash: -1817474005)
2025-01-27 17:07:53,890 INFO c.h.h.t.HelmChartContainer - [hivemq-test-hivemq-platform] [hivemq-platform-operator] [f855a92e] 17:07:53.888 [pool-6-thread-37] DEBUG c.h.p.o.d.PodServiceAccountResource - [helmaddi] Desired PodServiceAccountResource (serviceAccountName: hivemq-platform-pod-test-hivemq-platform)
2025-01-27 17:07:53,891 INFO c.h.h.t.HelmChartContainer - [hivemq-test-hivemq-platform] [hivemq-platform-operator] [f855a92e] 17:07:53.888 [pool-6-thread-36] DEBUG c.h.p.o.d.PlatformServiceResource - [helmaddi] Desired Platform services (3 services)
2025-01-27 17:07:53,897 INFO c.h.h.t.HelmChartContainer - [hivemq-test-hivemq-platform] [hivemq-platform-operator] [f855a92e] 17:07:53.895 [pool-6-thread-40] DEBUG c.h.p.o.d.StatefulSetResource - [helmaddi] Desired StatefulSet (1 replicas) for status STARTING (READY)
2025-01-27 17:07:53,965 INFO c.h.h.t.HelmChartContainer - [test-hivemq-platform] [hivemq] [81437ddb] WARN  - [HiveMQ Platform Operator Init App 1.7.0-SNAPSHOT] Cannot connect to Health API for readiness: null
2025-01-27 17:07:53,970 INFO c.h.h.t.HelmChartContainer - [hivemq-test-hivemq-platform] [hivemq-platform-operator] [f855a92e] 17:07:53.966 [ReconcilerExecutor-hivemq-controller-113] INFO  c.h.p.o.HiveMQPlatformReconciler - [helmaddi] Reconciling HiveMQ Platform 'test-hivemq-platform' in namespace 'helmadditionalvolumesit'
2025-01-27 17:07:53,970 INFO c.h.h.t.HelmChartContainer - [hivemq-test-hivemq-platform] [hivemq-platform-operator] [f855a92e] 17:07:53.967 [ReconcilerExecutor-hivemq-controller-113] DEBUG c.h.p.o.HiveMQPlatformReconciler - [helmaddi] Custom Resource Status STARTING - HiveMQ Platform is starting (READY)
2025-01-27 17:07:53,970 INFO c.h.h.t.HelmChartContainer - [hivemq-test-hivemq-platform] [hivemq-platform-operator] [f855a92e] 17:07:53.967 [ReconcilerExecutor-hivemq-controller-113] DEBUG c.h.p.o.HiveMQPlatformReconciler - [helmaddi] Custom Resource Spec (replicas: 1) (extensions: 1)
2025-01-27 17:07:53,975 INFO c.h.h.t.HelmChartContainer - [hivemq-test-hivemq-platform] [hivemq-platform-operator] [f855a92e] 17:07:53.971 [ReconcilerExecutor-hivemq-controller-113] DEBUG c.h.p.o.HiveMQPlatformReconciler - [helmaddi] StatefulSet Status (revision: test-hivemq-platform-7559d57cdb, replicas: 1, available: 0, ready: 0, current: 1, updated: 1)
2025-01-27 17:07:53,975 INFO c.h.h.t.HelmChartContainer - [hivemq-test-hivemq-platform] [hivemq-platform-operator] [f855a92e] 17:07:53.971 [ReconcilerExecutor-hivemq-controller-113] DEBUG c.h.p.o.HiveMQPlatformReconciler - [helmaddi] StatefulSet Spec (replicas: 1, init containers: 1, containers: 1, volumes: 7)
2025-01-27 17:07:53,977 INFO c.h.h.t.HelmChartContainer - [EVENT] Warning [Unhealthy] Readiness probe failed: HTTP probe failed with statuscode: 503 [helmadditionalvolumesit:test-hivemq-platform-0]
2025-01-27 17:07:53,977 INFO c.h.h.t.HelmChartContainer - Received Unhealthy event for container hivemq in pod test-hivemq-platform-0 [81437ddb-1ad3-47e6-9f56-276beb24c6e9]
2025-01-27 17:07:53,982 INFO c.h.h.t.HelmChartContainer - [hivemq-test-hivemq-platform] [hivemq-platform-operator] [f855a92e] 17:07:53.980 [ReconcilerExecutor-hivemq-controller-113] DEBUG c.h.p.o.h.HiveMQPlatformReconcilerErrorHandler - [helmaddi] Pod 'test-hivemq-platform-0' phase Running
2025-01-27 17:07:53,982 INFO c.h.h.t.HelmChartContainer - [test-hivemq-platform] [hivemq] [81437ddb] INFO  - [HiveMQ Platform Operator Init App 1.7.0-SNAPSHOT] Successfully updated Pod HiveMQ Platform Operator Init App version annotation (version: 1.7.0-SNAPSHOT)
2025-01-27 17:07:53,984 INFO c.h.h.t.HelmChartContainer - [hivemq-test-hivemq-platform] [hivemq-platform-operator] [f855a92e] 17:07:53.981 [ReconcilerExecutor-hivemq-controller-113] INFO  c.h.p.o.h.HiveMQPlatformReconcilerBaseHandler - [helmaddi] HiveMQ Platform is starting, 0 of 1 replicas are ready
2025-01-27 17:07:58,939 INFO c.h.h.t.HelmChartContainer - [test-hivemq-platform] [hivemq] [81437ddb] WARN  - [HiveMQ Platform Operator Init App 1.7.0-SNAPSHOT] Cannot connect to Health API for readiness: null
2025-01-27 17:07:58,943 INFO c.h.h.t.HelmChartContainer - [EVENT] Warning [Unhealthy] Readiness probe failed: HTTP probe failed with statuscode: 503 [helmadditionalvolumesit:test-hivemq-platform-0]
2025-01-27 17:07:58,943 INFO c.h.h.t.HelmChartContainer - Received Unhealthy event for container hivemq in pod test-hivemq-platform-0 [81437ddb-1ad3-47e6-9f56-276beb24c6e9]
2025-01-27 17:08:03,139 INFO c.h.h.t.HelmChartContainer - [test-hivemq-platform] [hivemq] [81437ddb] WARN  - [HiveMQ Platform Operator Init App 1.7.0-SNAPSHOT] Cannot connect to Health API for liveness: null
2025-01-27 17:08:03,139 INFO c.h.h.t.HelmChartContainer - [test-hivemq-platform] [hivemq] [81437ddb] INFO  - [HiveMQ Platform Operator Init App 1.7.0-SNAPSHOT] Returning default Health API response 200 for liveness
2025-01-27 17:08:03,965 INFO c.h.h.t.HelmChartContainer - [test-hivemq-platform] [hivemq] [81437ddb] WARN  - [HiveMQ Platform Operator Init App 1.7.0-SNAPSHOT] Cannot connect to Health API for readiness: null
2025-01-27 17:08:03,973 INFO c.h.h.t.HelmChartContainer - [EVENT] Warning [Unhealthy] Readiness probe failed: HTTP probe failed with statuscode: 503 [helmadditionalvolumesit:test-hivemq-platform-0]
2025-01-27 17:08:03,973 INFO c.h.h.t.HelmChartContainer - Received Unhealthy event for container hivemq in pod test-hivemq-platform-0 [81437ddb-1ad3-47e6-9f56-276beb24c6e9]
2025-01-27 17:08:03,991 INFO c.h.h.t.HelmChartContainer - [hivemq-test-hivemq-platform] [hivemq-platform-operator] [f855a92e] 17:08:03.987 [pool-6-thread-47] DEBUG c.h.p.o.d.PlatformServiceResource - [helmaddi] Desired Platform services (3 services)
2025-01-27 17:08:03,993 INFO c.h.h.t.HelmChartContainer - [hivemq-test-hivemq-platform] [hivemq-platform-operator] [f855a92e] 17:08:03.988 [pool-6-thread-41] DEBUG c.h.p.o.dependants.PodInfoConfigMap - [helmaddi] Desired PodInfo ConfigMap (1 extensions) (1 enabled)
2025-01-27 17:08:03,993 INFO c.h.h.t.HelmChartContainer - [hivemq-test-hivemq-platform] [hivemq-platform-operator] [f855a92e] 17:08:03.990 [pool-6-thread-41] DEBUG c.h.p.o.dependants.PodInfoConfigMap - [helmaddi] Desired PodInfo ConfigMap (metrics port: 9399) (metrics path: /)
2025-01-27 17:08:03,993 INFO c.h.h.t.HelmChartContainer - [hivemq-test-hivemq-platform] [hivemq-platform-operator] [f855a92e] 17:08:03.990 [pool-6-thread-41] DEBUG c.h.p.o.dependants.PodInfoConfigMap - [helmaddi] Desired PodInfo ConfigMap (extension state hash: -1817474005)
2025-01-27 17:08:03,998 INFO c.h.h.t.HelmChartContainer - [hivemq-test-hivemq-platform] [hivemq-platform-operator] [f855a92e] 17:08:03.996 [pool-6-thread-41] DEBUG c.h.p.o.d.StatefulSetResource - [helmaddi] Desired StatefulSet (1 replicas) for status STARTING (READY)
2025-01-27 17:08:04,000 INFO c.h.h.t.HelmChartContainer - [hivemq-test-hivemq-platform] [hivemq-platform-operator] [f855a92e] 17:08:03.991 [pool-6-thread-43] DEBUG c.h.p.o.d.PodServiceAccountResource - [helmaddi] Desired PodServiceAccountResource (serviceAccountName: hivemq-platform-pod-test-hivemq-platform)
2025-01-27 17:08:04,073 INFO c.h.h.t.HelmChartContainer - [hivemq-test-hivemq-platform] [hivemq-platform-operator] [f855a92e] 17:08:04.071 [ReconcilerExecutor-hivemq-controller-114] INFO  c.h.p.o.HiveMQPlatformReconciler - [helmaddi] Reconciling HiveMQ Platform 'test-hivemq-platform' in namespace 'helmadditionalvolumesit'
2025-01-27 17:08:04,076 INFO c.h.h.t.HelmChartContainer - [hivemq-test-hivemq-platform] [hivemq-platform-operator] [f855a92e] 17:08:04.073 [ReconcilerExecutor-hivemq-controller-114] DEBUG c.h.p.o.HiveMQPlatformReconciler - [helmaddi] Custom Resource Status STARTING - HiveMQ Platform is starting (READY)
2025-01-27 17:08:04,077 INFO c.h.h.t.HelmChartContainer - [hivemq-test-hivemq-platform] [hivemq-platform-operator] [f855a92e] 17:08:04.074 [ReconcilerExecutor-hivemq-controller-114] DEBUG c.h.p.o.HiveMQPlatformReconciler - [helmaddi] Custom Resource Spec (replicas: 1) (extensions: 1)
2025-01-27 17:08:04,080 INFO c.h.h.t.HelmChartContainer - [hivemq-test-hivemq-platform] [hivemq-platform-operator] [f855a92e] 17:08:04.078 [ReconcilerExecutor-hivemq-controller-114] DEBUG c.h.p.o.HiveMQPlatformReconciler - [helmaddi] StatefulSet Status (revision: test-hivemq-platform-7559d57cdb, replicas: 1, available: 0, ready: 0, current: 1, updated: 1)
2025-01-27 17:08:04,080 INFO c.h.h.t.HelmChartContainer - [hivemq-test-hivemq-platform] [hivemq-platform-operator] [f855a92e] 17:08:04.079 [ReconcilerExecutor-hivemq-controller-114] DEBUG c.h.p.o.HiveMQPlatformReconciler - [helmaddi] StatefulSet Spec (replicas: 1, init containers: 1, containers: 1, volumes: 7)
2025-01-27 17:08:04,083 INFO c.h.h.t.HelmChartContainer - [hivemq-test-hivemq-platform] [hivemq-platform-operator] [f855a92e] 17:08:04.082 [ReconcilerExecutor-hivemq-controller-114] DEBUG c.h.p.o.h.HiveMQPlatformReconcilerErrorHandler - [helmaddi] Pod 'test-hivemq-platform-0' phase Running
2025-01-27 17:08:04,085 INFO c.h.h.t.HelmChartContainer - [hivemq-test-hivemq-platform] [hivemq-platform-operator] [f855a92e] 17:08:04.084 [ReconcilerExecutor-hivemq-controller-114] INFO  c.h.p.o.h.HiveMQPlatformReconcilerBaseHandler - [helmaddi] HiveMQ Platform is starting, 0 of 1 replicas are ready
2025-01-27 17:08:06,265 INFO c.h.h.t.HelmChartContainer - [test-hivemq-platform] [hivemq] [81437ddb] INFO  - No valid license file found. Using trial license, restricted to 25 connections.
2025-01-27 17:08:08,962 INFO c.h.h.t.HelmChartContainer - [test-hivemq-platform] [hivemq] [81437ddb] WARN  - [HiveMQ Platform Operator Init App 1.7.0-SNAPSHOT] Cannot connect to Health API for readiness: null
2025-01-27 17:08:08,967 INFO c.h.h.t.HelmChartContainer - [EVENT] Warning [Unhealthy] Readiness probe failed: HTTP probe failed with statuscode: 503 [helmadditionalvolumesit:test-hivemq-platform-0]
2025-01-27 17:08:08,967 INFO c.h.h.t.HelmChartContainer - Received Unhealthy event for container hivemq in pod test-hivemq-platform-0 [81437ddb-1ad3-47e6-9f56-276beb24c6e9]
2025-01-27 17:08:09,766 INFO c.h.h.t.HelmChartContainer - [test-hivemq-platform] [hivemq] [81437ddb] INFO  - No valid license file for Data Hub found. Using free license, restricted to 1 policy.
2025-01-27 17:08:10,763 INFO c.h.h.t.HelmChartContainer - [test-hivemq-platform] [hivemq] [81437ddb] INFO  - Audit Logger started.
2025-01-27 17:08:11,164 INFO c.h.h.t.HelmChartContainer - [test-hivemq-platform] [hivemq] [81437ddb] INFO  - This node uses '1' CPU cores.
2025-01-27 17:08:11,172 INFO c.h.h.t.HelmChartContainer - [test-hivemq-platform] [hivemq] [81437ddb] INFO  - Starting HiveMQ Health API on address 0.0.0.0 and port 8889
2025-01-27 17:08:11,969 INFO c.h.h.t.HelmChartContainer - [test-hivemq-platform] [hivemq] [81437ddb] INFO  - Started HiveMQ Health API in 798ms
2025-01-27 17:08:12,039 INFO c.h.h.t.HelmChartContainer - [test-hivemq-platform] [hivemq] [81437ddb] INFO  - Starting HiveMQ extension system.
2025-01-27 17:08:12,340 INFO c.h.h.t.HelmChartContainer - [test-hivemq-platform] [hivemq] [81437ddb] INFO  - Starting extension with id "hivemq-dns-cluster-discovery" at /opt/hivemq/extensions/hivemq-dns-cluster-discovery
2025-01-27 17:08:12,866 INFO c.h.h.t.HelmChartContainer - [test-hivemq-platform] [hivemq] [81437ddb] INFO  - Extension "DNS Cluster Discovery Extension" version 4.3.2 started successfully.
2025-01-27 17:08:12,866 INFO c.h.h.t.HelmChartContainer - [test-hivemq-platform] [hivemq] [81437ddb] INFO  - Starting extension with id "hivemq-prometheus-extension" at /opt/hivemq/extensions/hivemq-prometheus-extension
2025-01-27 17:08:12,937 INFO c.h.h.t.HelmChartContainer - [test-hivemq-platform] [hivemq] [81437ddb] INFO  - Using TCP cluster transport on address 10.42.0.10 and port 7000
2025-01-27 17:08:12,965 INFO c.h.h.t.HelmChartContainer - [test-hivemq-platform] [hivemq] [81437ddb] INFO  - Using extension cluster discovery
2025-01-27 17:08:13,863 INFO c.h.h.t.HelmChartContainer - [test-hivemq-platform] [hivemq] [81437ddb] INFO  - Started Jetty Server exposing Prometheus Servlet on URI http://0.0.0.0:9399/
2025-01-27 17:08:13,864 INFO c.h.h.t.HelmChartContainer - [test-hivemq-platform] [hivemq] [81437ddb] INFO  - Extension "Prometheus Monitoring Extension" version 4.0.12 started successfully.
2025-01-27 17:08:13,864 INFO c.h.h.t.HelmChartContainer - [test-hivemq-platform] [hivemq] [81437ddb] INFO  - Starting extension with id "hivemq-allow-all-extension" at /opt/hivemq/extensions/hivemq-allow-all-extension
2025-01-27 17:08:13,865 INFO c.h.h.t.HelmChartContainer - [test-hivemq-platform] [hivemq] [81437ddb] WARN  - 
2025-01-27 17:08:13,866 INFO c.h.h.t.HelmChartContainer - [test-hivemq-platform] [hivemq] [81437ddb] ################################################################################################################
2025-01-27 17:08:13,866 INFO c.h.h.t.HelmChartContainer - [test-hivemq-platform] [hivemq] [81437ddb] # This HiveMQ deployment is not secure! You are lacking Authentication and Authorization.                      #
2025-01-27 17:08:13,866 INFO c.h.h.t.HelmChartContainer - [test-hivemq-platform] [hivemq] [81437ddb] # Right now any MQTT client can connect to the broker with a full set of permissions.                          #
2025-01-27 17:08:13,866 INFO c.h.h.t.HelmChartContainer - [test-hivemq-platform] [hivemq] [81437ddb] # For production usage, add an appropriate security extension and remove the hivemq-allow-all extension.       #
2025-01-27 17:08:13,866 INFO c.h.h.t.HelmChartContainer - [test-hivemq-platform] [hivemq] [81437ddb] # You can download security extensions from the HiveMQ Marketplace (https://www.hivemq.com/extensions/).       #
2025-01-27 17:08:13,866 INFO c.h.h.t.HelmChartContainer - [test-hivemq-platform] [hivemq] [81437ddb] ################################################################################################################
2025-01-27 17:08:13,866 INFO c.h.h.t.HelmChartContainer - [test-hivemq-platform] [hivemq] [81437ddb] INFO  - Extension "Allow All Extension" version 1.1.0 started successfully.
2025-01-27 17:08:14,090 INFO c.h.h.t.HelmChartContainer - [hivemq-test-hivemq-platform] [hivemq-platform-operator] [f855a92e] 17:08:14.088 [pool-6-thread-6] DEBUG c.h.p.o.d.PlatformServiceResource - [helmaddi] Desired Platform services (3 services)
2025-01-27 17:08:14,090 INFO c.h.h.t.HelmChartContainer - [hivemq-test-hivemq-platform] [hivemq-platform-operator] [f855a92e] 17:08:14.089 [pool-6-thread-8] DEBUG c.h.p.o.dependants.PodInfoConfigMap - [helmaddi] Desired PodInfo ConfigMap (1 extensions) (1 enabled)
2025-01-27 17:08:14,090 INFO c.h.h.t.HelmChartContainer - [hivemq-test-hivemq-platform] [hivemq-platform-operator] [f855a92e] 17:08:14.089 [pool-6-thread-8] DEBUG c.h.p.o.dependants.PodInfoConfigMap - [helmaddi] Desired PodInfo ConfigMap (metrics port: 9399) (metrics path: /)
2025-01-27 17:08:14,090 INFO c.h.h.t.HelmChartContainer - [hivemq-test-hivemq-platform] [hivemq-platform-operator] [f855a92e] 17:08:14.089 [pool-6-thread-8] DEBUG c.h.p.o.dependants.PodInfoConfigMap - [helmaddi] Desired PodInfo ConfigMap (extension state hash: -1817474005)
2025-01-27 17:08:14,092 INFO c.h.h.t.HelmChartContainer - [hivemq-test-hivemq-platform] [hivemq-platform-operator] [f855a92e] 17:08:14.091 [pool-6-thread-3] DEBUG c.h.p.o.d.PodServiceAccountResource - [helmaddi] Desired PodServiceAccountResource (serviceAccountName: hivemq-platform-pod-test-hivemq-platform)
2025-01-27 17:08:14,098 INFO c.h.h.t.HelmChartContainer - [hivemq-test-hivemq-platform] [hivemq-platform-operator] [f855a92e] 17:08:14.097 [pool-6-thread-6] DEBUG c.h.p.o.d.StatefulSetResource - [helmaddi] Desired StatefulSet (1 replicas) for status STARTING (READY)
2025-01-27 17:08:14,104 INFO c.h.h.t.HelmChartContainer - [hivemq-test-hivemq-platform] [hivemq-platform-operator] [f855a92e] 17:08:14.102 [ReconcilerExecutor-hivemq-controller-115] INFO  c.h.p.o.HiveMQPlatformReconciler - [helmaddi] Reconciling HiveMQ Platform 'test-hivemq-platform' in namespace 'helmadditionalvolumesit'
2025-01-27 17:08:14,104 INFO c.h.h.t.HelmChartContainer - [hivemq-test-hivemq-platform] [hivemq-platform-operator] [f855a92e] 17:08:14.102 [ReconcilerExecutor-hivemq-controller-115] DEBUG c.h.p.o.HiveMQPlatformReconciler - [helmaddi] Custom Resource Status STARTING - HiveMQ Platform is starting (READY)
2025-01-27 17:08:14,104 INFO c.h.h.t.HelmChartContainer - [hivemq-test-hivemq-platform] [hivemq-platform-operator] [f855a92e] 17:08:14.102 [ReconcilerExecutor-hivemq-controller-115] DEBUG c.h.p.o.HiveMQPlatformReconciler - [helmaddi] Custom Resource Spec (replicas: 1) (extensions: 1)
2025-01-27 17:08:14,166 INFO c.h.h.t.HelmChartContainer - [hivemq-test-hivemq-platform] [hivemq-platform-operator] [f855a92e] 17:08:14.161 [ReconcilerExecutor-hivemq-controller-115] DEBUG c.h.p.o.HiveMQPlatformReconciler - [helmaddi] StatefulSet Status (revision: test-hivemq-platform-7559d57cdb, replicas: 1, available: 0, ready: 0, current: 1, updated: 1)
2025-01-27 17:08:14,167 INFO c.h.h.t.HelmChartContainer - [hivemq-test-hivemq-platform] [hivemq-platform-operator] [f855a92e] 17:08:14.162 [ReconcilerExecutor-hivemq-controller-115] DEBUG c.h.p.o.HiveMQPlatformReconciler - [helmaddi] StatefulSet Spec (replicas: 1, init containers: 1, containers: 1, volumes: 7)
2025-01-27 17:08:14,169 INFO c.h.h.t.HelmChartContainer - [hivemq-test-hivemq-platform] [hivemq-platform-operator] [f855a92e] 17:08:14.168 [ReconcilerExecutor-hivemq-controller-115] DEBUG c.h.p.o.h.HiveMQPlatformReconcilerErrorHandler - [helmaddi] Pod 'test-hivemq-platform-0' phase Running
2025-01-27 17:08:14,171 INFO c.h.h.t.HelmChartContainer - [hivemq-test-hivemq-platform] [hivemq-platform-operator] [f855a92e] 17:08:14.169 [ReconcilerExecutor-hivemq-controller-115] INFO  c.h.p.o.h.HiveMQPlatformReconcilerBaseHandler - [helmaddi] HiveMQ Platform is starting, 0 of 1 replicas are ready
2025-01-27 17:08:14,662 INFO c.h.h.t.HelmChartContainer - [test-hivemq-platform] [hivemq] [81437ddb] INFO  - [HiveMQ Platform Operator Init App 1.7.0-SNAPSHOT] Returning Health API response 503 for readiness
2025-01-27 17:08:14,667 INFO c.h.h.t.HelmChartContainer - [EVENT] Warning [Unhealthy] Readiness probe failed: HTTP probe failed with statuscode: 503 [helmadditionalvolumesit:test-hivemq-platform-0]
2025-01-27 17:08:14,667 INFO c.h.h.t.HelmChartContainer - Received Unhealthy event for container hivemq in pod test-hivemq-platform-0 [81437ddb-1ad3-47e6-9f56-276beb24c6e9]
2025-01-27 17:08:16,068 INFO c.h.h.t.HelmChartContainer - [test-hivemq-platform] [hivemq] [81437ddb] INFO  - nJ8zG: no members discovered after 2306 ms: creating cluster as first member
2025-01-27 17:08:16,076 INFO c.h.h.t.HelmChartContainer - [test-hivemq-platform] [hivemq] [81437ddb] INFO  - Cluster nodes found by discovery: [nJ8zG|0] (1) [nJ8zG].
2025-01-27 17:08:16,170 INFO c.h.h.t.HelmChartContainer - [test-hivemq-platform] [hivemq] [81437ddb] INFO  - No user for HiveMQ Control Center configured. Starting with default user
2025-01-27 17:08:16,170 INFO c.h.h.t.HelmChartContainer - [test-hivemq-platform] [hivemq] [81437ddb] INFO  - Starting HiveMQ Control Center on address 0.0.0.0 and port 8080
2025-01-27 17:08:16,182 INFO c.h.h.t.HelmChartContainer - [test-hivemq-platform] [hivemq] [81437ddb] INFO  - Mounting HiveMQ Control Center V2 Preview
2025-01-27 17:08:16,971 INFO c.h.h.t.HelmChartContainer - [test-hivemq-platform] [hivemq] [81437ddb] INFO  - Started HiveMQ Control Center in 802ms
2025-01-27 17:08:17,068 INFO c.h.h.t.HelmChartContainer - [test-hivemq-platform] [hivemq] [81437ddb] INFO  - Starting TCP listener on address 0.0.0.0 and port 1883
2025-01-27 17:08:17,085 INFO c.h.h.t.HelmChartContainer - [test-hivemq-platform] [hivemq] [81437ddb] INFO  - Started TCP Listener on address 0.0.0.0 and on port 1883.
2025-01-27 17:08:17,085 INFO c.h.h.t.HelmChartContainer - [test-hivemq-platform] [hivemq] [81437ddb] INFO  - Started HiveMQ in 32120ms
2025-01-27 17:08:18,886 INFO c.h.h.t.HelmChartContainer - [test-hivemq-platform] [hivemq] [81437ddb] INFO  - [HiveMQ Platform Operator Init App 1.7.0-SNAPSHOT] Returning Health API response 200 for readiness
2025-01-27 17:08:18,899 INFO c.h.h.t.HelmChartContainer - [POD] test-hivemq-platform-0 [81437ddb-1ad3-47e6-9f56-276beb24c6e9] in helmadditionalvolumesit was MODIFIED
2025-01-27 17:08:18,914 INFO c.h.h.t.HelmChartContainer - [hivemq-test-hivemq-platform] [hivemq-platform-operator] [f855a92e] 17:08:18.908 [pool-6-thread-19] DEBUG c.h.p.o.d.PlatformServiceResource - [helmaddi] Desired Platform services (3 services)
2025-01-27 17:08:18,921 INFO c.h.h.t.HelmChartContainer - [hivemq-test-hivemq-platform] [hivemq-platform-operator] [f855a92e] 17:08:18.914 [pool-6-thread-11] DEBUG c.h.p.o.dependants.PodInfoConfigMap - [helmaddi] Desired PodInfo ConfigMap (1 extensions) (1 enabled)
2025-01-27 17:08:18,921 INFO c.h.h.t.HelmChartContainer - [hivemq-test-hivemq-platform] [hivemq-platform-operator] [f855a92e] 17:08:18.914 [pool-6-thread-11] DEBUG c.h.p.o.dependants.PodInfoConfigMap - [helmaddi] Desired PodInfo ConfigMap (metrics port: 9399) (metrics path: /)
2025-01-27 17:08:18,921 INFO c.h.h.t.HelmChartContainer - [hivemq-test-hivemq-platform] [hivemq-platform-operator] [f855a92e] 17:08:18.914 [pool-6-thread-11] DEBUG c.h.p.o.dependants.PodInfoConfigMap - [helmaddi] Desired PodInfo ConfigMap (extension state hash: -1817474005)
2025-01-27 17:08:18,921 INFO c.h.h.t.HelmChartContainer - [hivemq-test-hivemq-platform] [hivemq-platform-operator] [f855a92e] 17:08:18.915 [pool-6-thread-18] DEBUG c.h.p.o.d.PodServiceAccountResource - [helmaddi] Desired PodServiceAccountResource (serviceAccountName: hivemq-platform-pod-test-hivemq-platform)
2025-01-27 17:08:19,005 INFO c.h.h.t.HelmChartContainer - [hivemq-test-hivemq-platform] [hivemq-platform-operator] [f855a92e] 17:08:19.003 [pool-6-thread-19] DEBUG c.h.p.o.d.StatefulSetResource - [helmaddi] Desired StatefulSet (1 replicas) for status STARTING (READY)
2025-01-27 17:08:19,010 INFO c.h.h.t.HelmChartContainer - [hivemq-test-hivemq-platform] [hivemq-platform-operator] [f855a92e] 17:08:19.009 [ReconcilerExecutor-hivemq-controller-116] INFO  c.h.p.o.HiveMQPlatformReconciler - [helmaddi] Reconciling HiveMQ Platform 'test-hivemq-platform' in namespace 'helmadditionalvolumesit'
2025-01-27 17:08:19,010 INFO c.h.h.t.HelmChartContainer - [hivemq-test-hivemq-platform] [hivemq-platform-operator] [f855a92e] 17:08:19.009 [ReconcilerExecutor-hivemq-controller-116] DEBUG c.h.p.o.HiveMQPlatformReconciler - [helmaddi] Custom Resource Status STARTING - HiveMQ Platform is starting (READY)
2025-01-27 17:08:19,010 INFO c.h.h.t.HelmChartContainer - [hivemq-test-hivemq-platform] [hivemq-platform-operator] [f855a92e] 17:08:19.009 [ReconcilerExecutor-hivemq-controller-116] DEBUG c.h.p.o.HiveMQPlatformReconciler - [helmaddi] Custom Resource Spec (replicas: 1) (extensions: 1)
2025-01-27 17:08:19,013 INFO c.h.h.t.HelmChartContainer - [hivemq-test-hivemq-platform] [hivemq-platform-operator] [f855a92e] 17:08:19.012 [ReconcilerExecutor-hivemq-controller-116] DEBUG c.h.p.o.HiveMQPlatformReconciler - [helmaddi] StatefulSet Status (revision: test-hivemq-platform-7559d57cdb, replicas: 1, available: 1, ready: 1, current: 1, updated: 1)
2025-01-27 17:08:19,014 INFO c.h.h.t.HelmChartContainer - [hivemq-test-hivemq-platform] [hivemq-platform-operator] [f855a92e] 17:08:19.012 [ReconcilerExecutor-hivemq-controller-116] DEBUG c.h.p.o.HiveMQPlatformReconciler - [helmaddi] StatefulSet Spec (replicas: 1, init containers: 1, containers: 1, volumes: 7)
2025-01-27 17:08:19,015 INFO c.h.h.t.HelmChartContainer - [hivemq-test-hivemq-platform] [hivemq-platform-operator] [f855a92e] 17:08:19.014 [ReconcilerExecutor-hivemq-controller-116] DEBUG c.h.p.o.h.HiveMQPlatformReconcilerErrorHandler - [helmaddi] Pod 'test-hivemq-platform-0' phase Running
2025-01-27 17:08:19,016 INFO c.h.h.t.HelmChartContainer - [hivemq-test-hivemq-platform] [hivemq-platform-operator] [f855a92e] 17:08:19.015 [ReconcilerExecutor-hivemq-controller-116] INFO  c.h.p.o.h.HiveMQPlatformReconcilerBaseHandler - [helmaddi] HiveMQ Platform started successfully
2025-01-27 17:08:19,120 INFO c.h.h.t.HelmChartContainer - [hivemq-test-hivemq-platform] [hivemq-platform-operator] [f855a92e] 17:08:19.119 [ReconcilerExecutor-hivemq-controller-116] DEBUG c.h.p.operator.event.EventSender - [helmaddi] Creating K8s event hivemq-platform-ready: [Ready] HiveMQ Platform is ready
2025-01-27 17:08:19,165 INFO c.h.h.t.HelmChartContainer - [EVENT] Normal [Ready] HiveMQ Platform is ready [helmadditionalvolumesit:test-hivemq-platform]
2025-01-27 17:08:19,167 INFO c.h.h.t.HelmChartContainer - [hivemq-test-hivemq-platform] [hivemq-platform-operator] [f855a92e] 17:08:19.166 [ReconcilerExecutor-hivemq-controller-116] INFO  c.h.p.o.h.AbstractHiveMQReconcilerStateHandler - [helmaddi] Update HiveMQ Platform Status (STARTING [READY] -> RUNNING [READY]): HiveMQ Platform is ready
2025-01-27 17:08:19,177 DEBUG com.hivemq.helmcharts.util.K8sUtil - Comparing actual state 'RUNNING' and waiting for 'RUNNING'
2025-01-27 17:08:19,212 INFO c.h.h.t.HelmChartContainer - [hivemq-test-hivemq-platform] [hivemq-platform-operator] [f855a92e] 17:08:19.207 [pool-6-thread-23] DEBUG c.h.p.o.d.PlatformServiceResource - [helmaddi] Desired Platform services (3 services)
2025-01-27 17:08:19,212 INFO c.h.h.t.HelmChartContainer - [hivemq-test-hivemq-platform] [hivemq-platform-operator] [f855a92e] 17:08:19.208 [pool-6-thread-27] DEBUG c.h.p.o.dependants.PodInfoConfigMap - [helmaddi] Desired PodInfo ConfigMap (1 extensions) (1 enabled)
2025-01-27 17:08:19,212 INFO c.h.h.t.HelmChartContainer - [hivemq-test-hivemq-platform] [hivemq-platform-operator] [f855a92e] 17:08:19.208 [pool-6-thread-27] DEBUG c.h.p.o.dependants.PodInfoConfigMap - [helmaddi] Desired PodInfo ConfigMap (metrics port: 9399) (metrics path: /)
2025-01-27 17:08:19,212 INFO c.h.h.t.HelmChartContainer - [hivemq-test-hivemq-platform] [hivemq-platform-operator] [f855a92e] 17:08:19.208 [pool-6-thread-27] DEBUG c.h.p.o.dependants.PodInfoConfigMap - [helmaddi] Desired PodInfo ConfigMap (extension state hash: -1817474005)
2025-01-27 17:08:19,212 INFO c.h.h.t.HelmChartContainer - [hivemq-test-hivemq-platform] [hivemq-platform-operator] [f855a92e] 17:08:19.209 [pool-6-thread-27] DEBUG c.h.p.o.dependants.PodInfoConfigMap - [helmaddi] Update PodInfo ConfigMap
2025-01-27 17:08:19,215 INFO c.h.h.t.HelmChartContainer - [hivemq-test-hivemq-platform] [hivemq-platform-operator] [f855a92e] 17:08:19.212 [pool-6-thread-23] DEBUG c.h.p.o.d.PodServiceAccountResource - [helmaddi] Desired PodServiceAccountResource (serviceAccountName: hivemq-platform-pod-test-hivemq-platform)
2025-01-27 17:08:19,313 INFO c.h.h.t.HelmChartContainer - [hivemq-test-hivemq-platform] [hivemq-platform-operator] [f855a92e] 17:08:19.311 [pool-6-thread-25] DEBUG c.h.p.o.d.StatefulSetResource - [helmaddi] Desired StatefulSet (1 replicas) for status RUNNING (READY)
2025-01-27 17:08:19,405 INFO c.h.h.t.HelmChartContainer - [hivemq-test-hivemq-platform] [hivemq-platform-operator] [f855a92e] 17:08:19.403 [ReconcilerExecutor-hivemq-controller-117] INFO  c.h.p.o.HiveMQPlatformReconciler - [helmaddi] Reconciling HiveMQ Platform 'test-hivemq-platform' in namespace 'helmadditionalvolumesit'
2025-01-27 17:08:19,406 INFO c.h.h.t.HelmChartContainer - [hivemq-test-hivemq-platform] [hivemq-platform-operator] [f855a92e] 17:08:19.403 [ReconcilerExecutor-hivemq-controller-117] DEBUG c.h.p.o.HiveMQPlatformReconciler - [helmaddi] Custom Resource Status RUNNING - HiveMQ Platform is ready (READY)
2025-01-27 17:08:19,406 INFO c.h.h.t.HelmChartContainer - [hivemq-test-hivemq-platform] [hivemq-platform-operator] [f855a92e] 17:08:19.403 [ReconcilerExecutor-hivemq-controller-117] DEBUG c.h.p.o.HiveMQPlatformReconciler - [helmaddi] Custom Resource Spec (replicas: 1) (extensions: 1)
2025-01-27 17:08:19,407 INFO c.h.h.t.HelmChartContainer - [hivemq-test-hivemq-platform] [hivemq-platform-operator] [f855a92e] 17:08:19.406 [ReconcilerExecutor-hivemq-controller-117] DEBUG c.h.p.o.HiveMQPlatformReconciler - [helmaddi] StatefulSet Status (revision: test-hivemq-platform-7559d57cdb, replicas: 1, available: 1, ready: 1, current: 1, updated: 1)
2025-01-27 17:08:19,407 INFO c.h.h.t.HelmChartContainer - [hivemq-test-hivemq-platform] [hivemq-platform-operator] [f855a92e] 17:08:19.406 [ReconcilerExecutor-hivemq-controller-117] DEBUG c.h.p.o.HiveMQPlatformReconciler - [helmaddi] StatefulSet Spec (replicas: 1, init containers: 1, containers: 1, volumes: 7)
2025-01-27 17:08:19,409 INFO c.h.h.t.HelmChartContainer - [hivemq-test-hivemq-platform] [hivemq-platform-operator] [f855a92e] 17:08:19.407 [ReconcilerExecutor-hivemq-controller-117] DEBUG c.h.p.o.h.HiveMQPlatformReconcilerErrorHandler - [helmaddi] Pod 'test-hivemq-platform-0' phase Running
2025-01-27 17:08:21,195 INFO c.h.h.t.HelmChartContainer - Uninstalling release 'test-hivemq-platform' in namespace 'helmadditionalvolumesit'...
2025-01-27 17:08:21,195 DEBUG c.h.h.t.HelmChartContainer - Executing helm command: /bin/helm --kubeconfig /etc/rancher/k3s/k3s.yaml uninstall test-hivemq-platform  --wait --timeout 5m0s --cascade foreground --namespace helmadditionalvolumesit
2025-01-27 17:08:21,397 INFO c.h.h.t.HelmChartContainer - [hivemq-test-hivemq-platform] [hivemq-platform-operator] [f855a92e] 17:08:21.389 [pool-6-thread-32] DEBUG c.h.p.o.d.PlatformServiceResource - [helmaddi] Desired Platform services (3 services)
2025-01-27 17:08:21,397 INFO c.h.h.t.HelmChartContainer - [hivemq-test-hivemq-platform] [hivemq-platform-operator] [f855a92e] 17:08:21.391 [pool-6-thread-39] DEBUG c.h.p.o.dependants.PodInfoConfigMap - [helmaddi] Desired PodInfo ConfigMap (1 extensions) (1 enabled)
2025-01-27 17:08:21,397 INFO c.h.h.t.HelmChartContainer - [hivemq-test-hivemq-platform] [hivemq-platform-operator] [f855a92e] 17:08:21.391 [pool-6-thread-39] DEBUG c.h.p.o.dependants.PodInfoConfigMap - [helmaddi] Desired PodInfo ConfigMap (metrics port: 9399) (metrics path: /)
2025-01-27 17:08:21,397 INFO c.h.h.t.HelmChartContainer - [hivemq-test-hivemq-platform] [hivemq-platform-operator] [f855a92e] 17:08:21.391 [pool-6-thread-39] DEBUG c.h.p.o.dependants.PodInfoConfigMap - [helmaddi] Desired PodInfo ConfigMap (extension state hash: -1817474005)
2025-01-27 17:08:21,397 INFO c.h.h.t.HelmChartContainer - [hivemq-test-hivemq-platform] [hivemq-platform-operator] [f855a92e] 17:08:21.392 [pool-6-thread-34] DEBUG c.h.p.o.d.PodServiceAccountResource - [helmaddi] Desired PodServiceAccountResource (serviceAccountName: hivemq-platform-pod-test-hivemq-platform)
2025-01-27 17:08:21,397 INFO c.h.h.t.HelmChartContainer - [hivemq-test-hivemq-platform] [hivemq-platform-operator] [f855a92e] 17:08:21.395 [pool-6-thread-32] DEBUG c.h.p.o.d.StatefulSetResource - [helmaddi] Desired StatefulSet (1 replicas) for status RUNNING (READY)
2025-01-27 17:08:21,406 INFO c.h.h.t.HelmChartContainer - [hivemq-test-hivemq-platform] [hivemq-platform-operator] [f855a92e] 17:08:21.403 [ReconcilerExecutor-hivemq-controller-118] INFO  c.h.p.o.HiveMQPlatformReconciler - [helmaddi] Reconciling HiveMQ Platform 'test-hivemq-platform' in namespace 'helmadditionalvolumesit'
2025-01-27 17:08:21,406 INFO c.h.h.t.HelmChartContainer - [hivemq-test-hivemq-platform] [hivemq-platform-operator] [f855a92e] 17:08:21.404 [ReconcilerExecutor-hivemq-controller-118] DEBUG c.h.p.o.HiveMQPlatformReconciler - [helmaddi] Custom Resource Status RUNNING - HiveMQ Platform is ready (READY)
2025-01-27 17:08:21,406 INFO c.h.h.t.HelmChartContainer - [hivemq-test-hivemq-platform] [hivemq-platform-operator] [f855a92e] 17:08:21.404 [ReconcilerExecutor-hivemq-controller-118] DEBUG c.h.p.o.HiveMQPlatformReconciler - [helmaddi] Custom Resource Spec (replicas: 1) (extensions: 1)
2025-01-27 17:08:21,469 INFO c.h.h.t.HelmChartContainer - [hivemq-test-hivemq-platform] [hivemq-platform-operator] [f855a92e] 17:08:21.466 [ReconcilerExecutor-hivemq-controller-118] DEBUG c.h.p.o.HiveMQPlatformReconciler - [helmaddi] StatefulSet Status (revision: test-hivemq-platform-7559d57cdb, replicas: 1, available: 1, ready: 1, current: 1, updated: 1)
2025-01-27 17:08:21,472 INFO c.h.h.t.HelmChartContainer - [hivemq-test-hivemq-platform] [hivemq-platform-operator] [f855a92e] 17:08:21.466 [ReconcilerExecutor-hivemq-controller-118] DEBUG c.h.p.o.HiveMQPlatformReconciler - [helmaddi] StatefulSet Spec (replicas: 1, init containers: 1, containers: 1, volumes: 7)
2025-01-27 17:08:21,479 INFO c.h.h.t.HelmChartContainer - [hivemq-test-hivemq-platform] [hivemq-platform-operator] [f855a92e] 17:08:21.477 [ReconcilerExecutor-hivemq-controller-118] DEBUG c.h.p.o.h.HiveMQPlatformReconcilerErrorHandler - [helmaddi] Pod 'test-hivemq-platform-0' phase Running
2025-01-27 17:08:21,484 INFO c.h.h.t.HelmChartContainer - [hivemq-test-hivemq-platform] [hivemq-platform-operator] [f855a92e] 17:08:21.479 [ReconcilerExecutor-hivemq-controller-118] DEBUG c.h.p.o.HiveMQPlatformReconciler - [helmaddi] PodInfoConfigMap is not ready yet
2025-01-27 17:08:21,575 INFO c.h.h.t.HelmChartContainer - [hivemq-test-hivemq-platform] [hivemq-platform-operator] [f855a92e] 17:08:21.572 [ReconcilerExecutor-hivemq-controller-121] INFO  c.h.p.o.HiveMQPlatformReconciler - [helmaddi] Cleanup test-hivemq-platform - helmadditionalvolumesit HiveMQ Platform is shut down
2025-01-27 17:08:22,232 INFO c.h.h.t.HelmChartContainer - [POD] test-hivemq-platform-0 [81437ddb-1ad3-47e6-9f56-276beb24c6e9] in helmadditionalvolumesit was MODIFIED
2025-01-27 17:08:22,233 INFO c.h.h.t.HelmChartContainer - [EVENT] Normal [Killing] Stopping container hivemq [helmadditionalvolumesit:test-hivemq-platform-0]
2025-01-27 17:08:22,233 INFO c.h.h.t.HelmChartContainer - Received Killing event for container hivemq in pod test-hivemq-platform-0 [81437ddb-1ad3-47e6-9f56-276beb24c6e9]
2025-01-27 17:08:22,233 INFO c.h.h.t.HelmChartContainer - Container [test-hivemq-platform-0] [hivemq] [81437ddb-1ad3-47e6-9f56-276beb24c6e9] was terminated
2025-01-27 17:08:22,233 INFO c.h.h.t.HelmChartContainer - Stopped log watcher for hivemq in pod test-hivemq-platform-0 [81437ddb-1ad3-47e6-9f56-276beb24c6e9]
2025-01-27 17:08:22,243 INFO c.h.h.t.HelmChartContainer - [test-hivemq-platform] [hivemq] [81437ddb] INFO  - [HiveMQ Platform Operator Init App 1.7.0-SNAPSHOT] Shutting down
2025-01-27 17:08:22,243 INFO c.h.h.t.HelmChartContainer - [test-hivemq-platform] [hivemq] [81437ddb] INFO  - [HiveMQ Platform Operator Init App 1.7.0-SNAPSHOT] Stopping the HiveMQ Platform
2025-01-27 17:08:22,436 INFO c.h.h.t.HelmChartContainer - [test-hivemq-platform] [hivemq] [81437ddb] INFO  - Shutting down HiveMQ. Please wait, this could take a while...
2025-01-27 17:08:22,440 INFO c.h.h.t.HelmChartContainer - [test-hivemq-platform] [hivemq] [81437ddb] INFO  - Shutting down listeners and clients
2025-01-27 17:08:22,441 INFO c.h.h.t.HelmChartContainer - [test-hivemq-platform] [hivemq] [81437ddb] INFO  - Shutdown of listeners is done
2025-01-27 17:08:22,441 INFO c.h.h.t.HelmChartContainer - [test-hivemq-platform] [hivemq] [81437ddb] INFO  - No clients are connected, proceeding with shutdown
2025-01-27 17:08:23,459 INFO c.h.h.t.HelmChartContainer - Deleting namespace 'helmadditionalvolumesit'...
2025-01-27 17:08:23,882 INFO c.h.h.t.HelmChartContainer - [test-hivemq-platform] [hivemq] [81437ddb] INFO  - [HiveMQ Platform Operator Init App 1.7.0-SNAPSHOT] Returning shutdown Health API response 503 for readiness
2025-01-27 17:08:23,886 INFO c.h.h.t.HelmChartContainer - [EVENT] Warning [Unhealthy] Readiness probe failed: HTTP probe failed with statuscode: 503 [helmadditionalvolumesit:test-hivemq-platform-0]
2025-01-27 17:08:23,886 INFO c.h.h.t.HelmChartContainer - Received Unhealthy event for container hivemq in pod test-hivemq-platform-0 [81437ddb-1ad3-47e6-9f56-276beb24c6e9]
2025-01-27 17:08:24,386 INFO c.h.h.t.HelmChartContainer - [K3S] [authentication.go:74] "Unable to authenticate the request" err="[invalid bearer token, serviceaccounts \"hivemq-platform-pod-test-hivemq-platform\" not found]"
2025-01-27 17:08:24,464 INFO c.h.h.t.HelmChartContainer - [K3S] [authentication.go:74] "Unable to authenticate the request" err="[invalid bearer token, serviceaccounts \"hivemq-platform-pod-test-hivemq-platform\" not found]"
2025-01-27 17:08:24,476 INFO c.h.h.t.HelmChartContainer - [test-hivemq-platform] [hivemq] [81437ddb] WARN  - [HiveMQ Platform Operator Init App 1.7.0-SNAPSHOT] Could not update Pod annotations: Failure executing: GET at: https://10.43.0.1:443/api/v1/namespaces/helmadditionalvolumesit/pods/test-hivemq-platform-0. Message: Unauthorized. Received status: Status(apiVersion=v1, code=401, details=null, kind=Status, message=Unauthorized, metadata=ListMeta(_continue=null, remainingItemCount=null, resourceVersion=null, selfLink=null, additionalProperties={}), reason=Unauthorized, status=Failure, additionalProperties={}).
2025-01-27 17:08:24,668 INFO c.h.h.t.HelmChartContainer - [test-hivemq-platform] [hivemq] [81437ddb] INFO  - Shutting down extension system
2025-01-27 17:08:24,671 INFO c.h.h.t.HelmChartContainer - [test-hivemq-platform] [hivemq] [81437ddb] INFO  - Stopping extension with id hivemq-dns-cluster-discovery
2025-01-27 17:08:24,673 INFO c.h.h.t.HelmChartContainer - [test-hivemq-platform] [hivemq] [81437ddb] INFO  - Extension "DNS Cluster Discovery Extension" version 4.3.2 stopped successfully.
2025-01-27 17:08:24,673 INFO c.h.h.t.HelmChartContainer - [test-hivemq-platform] [hivemq] [81437ddb] INFO  - Stopping extension with id hivemq-prometheus-extension
2025-01-27 17:08:24,678 INFO c.h.h.t.HelmChartContainer - [test-hivemq-platform] [hivemq] [81437ddb] INFO  - Extension "Prometheus Monitoring Extension" version 4.0.12 stopped successfully.
2025-01-27 17:08:24,679 INFO c.h.h.t.HelmChartContainer - [test-hivemq-platform] [hivemq] [81437ddb] INFO  - Stopping extension with id hivemq-allow-all-extension
2025-01-27 17:08:24,679 INFO c.h.h.t.HelmChartContainer - [test-hivemq-platform] [hivemq] [81437ddb] INFO  - Extension "Allow All Extension" version 1.1.0 stopped successfully.
2025-01-27 17:08:27,042 INFO c.h.h.t.HelmChartContainer - [test-hivemq-platform] [hivemq] [81437ddb] INFO  - Shutdown completed.
2025-01-27 17:08:27,391 INFO c.h.h.t.HelmChartContainer - [test-hivemq-platform] [hivemq] [81437ddb] INFO  - [HiveMQ Platform Operator Init App 1.7.0-SNAPSHOT] The HiveMQ Platform exited with code 143
2025-01-27 17:08:27,391 INFO c.h.h.t.HelmChartContainer - [test-hivemq-platform] [hivemq] [81437ddb] INFO  - [HiveMQ Platform Operator Init App 1.7.0-SNAPSHOT] Stopping the REST API
2025-01-27 17:08:27,435 INFO c.h.h.t.HelmChartContainer - [test-hivemq-platform] [hivemq] [81437ddb] INFO  - [HiveMQ Platform Operator Init App 1.7.0-SNAPSHOT] Shutdown complete
2025-01-27 17:08:27,911 INFO c.h.h.t.HelmChartContainer - [K3S] [stateful_set.go:438] "Unhandled Error" err="error syncing StatefulSet helmadditionalvolumesit/test-hivemq-platform, requeuing: controllerrevisions.apps \"test-hivemq-platform-7559d57cdb\" is forbidden: unable to create new content in namespace helmadditionalvolumesit because it is being terminated"
2025-01-27 17:08:27,912 INFO c.h.h.t.HelmChartContainer - [POD] test-hivemq-platform-0 [81437ddb-1ad3-47e6-9f56-276beb24c6e9] in helmadditionalvolumesit was MODIFIED
2025-01-27 17:08:27,920 INFO c.h.h.t.HelmChartContainer - [K3S] [stateful_set.go:438] "Unhandled Error" err="error syncing StatefulSet helmadditionalvolumesit/test-hivemq-platform, requeuing: controllerrevisions.apps \"test-hivemq-platform-7559d57cdb\" is forbidden: unable to create new content in namespace helmadditionalvolumesit because it is being terminated"
2025-01-27 17:08:27,933 INFO c.h.h.t.HelmChartContainer - [K3S] [stateful_set.go:438] "Unhandled Error" err="error syncing StatefulSet helmadditionalvolumesit/test-hivemq-platform, requeuing: controllerrevisions.apps \"test-hivemq-platform-7559d57cdb\" is forbidden: unable to create new content in namespace helmadditionalvolumesit because it is being terminated"
2025-01-27 17:08:27,956 INFO c.h.h.t.HelmChartContainer - [K3S] [stateful_set.go:438] "Unhandled Error" err="error syncing StatefulSet helmadditionalvolumesit/test-hivemq-platform, requeuing: controllerrevisions.apps \"test-hivemq-platform-7559d57cdb\" is forbidden: unable to create new content in namespace helmadditionalvolumesit because it is being terminated"
2025-01-27 17:08:28,000 INFO c.h.h.t.HelmChartContainer - [K3S] [stateful_set.go:438] "Unhandled Error" err="error syncing StatefulSet helmadditionalvolumesit/test-hivemq-platform, requeuing: controllerrevisions.apps \"test-hivemq-platform-7559d57cdb\" is forbidden: unable to create new content in namespace helmadditionalvolumesit because it is being terminated"
2025-01-27 17:08:28,013 INFO c.h.h.t.HelmChartContainer - [K3S] [scope.go:117] "RemoveContainer" containerID="97e7642196ca26f96aa84c1a418516e7a3c008912abbdd354e8a3dd8a548f8b1"
2025-01-27 17:08:28,047 INFO c.h.h.t.HelmChartContainer - [K3S] [reconciler_common.go:162] "operationExecutor.UnmountVolume started for volume \"test-secret-volume\" (UniqueName: \"kubernetes.io/secret/81437ddb-1ad3-47e6-9f56-276beb24c6e9-test-secret-volume\") pod \"81437ddb-1ad3-47e6-9f56-276beb24c6e9\" (UID: \"81437ddb-1ad3-47e6-9f56-276beb24c6e9\") "
2025-01-27 17:08:28,047 INFO c.h.h.t.HelmChartContainer - [K3S] [reconciler_common.go:162] "operationExecutor.UnmountVolume started for volume \"test-persistent-volume-claim\" (UniqueName: \"kubernetes.io/local-volume/pvc-3076b77d-de26-472a-b8c7-3b394bd4ff75\") pod \"81437ddb-1ad3-47e6-9f56-276beb24c6e9\" (UID: \"81437ddb-1ad3-47e6-9f56-276beb24c6e9\") "
2025-01-27 17:08:28,047 INFO c.h.h.t.HelmChartContainer - [K3S] [reconciler_common.go:162] "operationExecutor.UnmountVolume started for volume \"pod-info\" (UniqueName: \"kubernetes.io/configmap/81437ddb-1ad3-47e6-9f56-276beb24c6e9-pod-info\") pod \"81437ddb-1ad3-47e6-9f56-276beb24c6e9\" (UID: \"81437ddb-1ad3-47e6-9f56-276beb24c6e9\") "
2025-01-27 17:08:28,047 INFO c.h.h.t.HelmChartContainer - [K3S] [reconciler_common.go:162] "operationExecutor.UnmountVolume started for volume \"broker-configuration\" (UniqueName: \"kubernetes.io/configmap/81437ddb-1ad3-47e6-9f56-276beb24c6e9-broker-configuration\") pod \"81437ddb-1ad3-47e6-9f56-276beb24c6e9\" (UID: \"81437ddb-1ad3-47e6-9f56-276beb24c6e9\") "
2025-01-27 17:08:28,047 INFO c.h.h.t.HelmChartContainer - [K3S] [reconciler_common.go:162] "operationExecutor.UnmountVolume started for volume \"kube-api-access-vt4cj\" (UniqueName: \"kubernetes.io/projected/81437ddb-1ad3-47e6-9f56-276beb24c6e9-kube-api-access-vt4cj\") pod \"81437ddb-1ad3-47e6-9f56-276beb24c6e9\" (UID: \"81437ddb-1ad3-47e6-9f56-276beb24c6e9\") "
2025-01-27 17:08:28,047 INFO c.h.h.t.HelmChartContainer - [K3S] [reconciler_common.go:162] "operationExecutor.UnmountVolume started for volume \"operator-init\" (UniqueName: \"kubernetes.io/empty-dir/81437ddb-1ad3-47e6-9f56-276beb24c6e9-operator-init\") pod \"81437ddb-1ad3-47e6-9f56-276beb24c6e9\" (UID: \"81437ddb-1ad3-47e6-9f56-276beb24c6e9\") "
2025-01-27 17:08:28,048 INFO c.h.h.t.HelmChartContainer - [K3S] [reconciler_common.go:162] "operationExecutor.UnmountVolume started for volume \"test-mount-volume\" (UniqueName: \"kubernetes.io/configmap/81437ddb-1ad3-47e6-9f56-276beb24c6e9-test-mount-volume\") pod \"81437ddb-1ad3-47e6-9f56-276beb24c6e9\" (UID: \"81437ddb-1ad3-47e6-9f56-276beb24c6e9\") "
2025-01-27 17:08:28,049 INFO c.h.h.t.HelmChartContainer - [K3S] [reconciler_common.go:162] "operationExecutor.UnmountVolume started for volume \"test-empty-dir-volume\" (UniqueName: \"kubernetes.io/empty-dir/81437ddb-1ad3-47e6-9f56-276beb24c6e9-test-empty-dir-volume\") pod \"81437ddb-1ad3-47e6-9f56-276beb24c6e9\" (UID: \"81437ddb-1ad3-47e6-9f56-276beb24c6e9\") "
2025-01-27 17:08:28,083 INFO c.h.h.t.HelmChartContainer - [K3S] [stateful_set.go:438] "Unhandled Error" err="error syncing StatefulSet helmadditionalvolumesit/test-hivemq-platform, requeuing: controllerrevisions.apps \"test-hivemq-platform-7559d57cdb\" is forbidden: unable to create new content in namespace helmadditionalvolumesit because it is being terminated"
2025-01-27 17:08:28,106 INFO c.h.h.t.HelmChartContainer - [K3S] [scope.go:117] "RemoveContainer" containerID="87b900e1459245453c2aab6091c4b1675b8b2427bb8483b2ac7e381284347258"
2025-01-27 17:08:28,110 INFO c.h.h.t.HelmChartContainer - [K3S] [scope.go:117] "RemoveContainer" containerID="97e7642196ca26f96aa84c1a418516e7a3c008912abbdd354e8a3dd8a548f8b1"
2025-01-27 17:08:28,111 INFO c.h.h.t.HelmChartContainer - [K3S] [scope.go:117] "RemoveContainer" containerID="87b900e1459245453c2aab6091c4b1675b8b2427bb8483b2ac7e381284347258"
2025-01-27 17:08:28,148 INFO c.h.h.t.HelmChartContainer - [K3S] [reconciler_common.go:299] "Volume detached for volume \"test-secret-volume\" (UniqueName: \"kubernetes.io/secret/81437ddb-1ad3-47e6-9f56-276beb24c6e9-test-secret-volume\") on node \"3931d564225c\" DevicePath \"\""
2025-01-27 17:08:28,148 INFO c.h.h.t.HelmChartContainer - [K3S] [reconciler_common.go:292] "operationExecutor.UnmountDevice started for volume \"pvc-3076b77d-de26-472a-b8c7-3b394bd4ff75\" (UniqueName: \"kubernetes.io/local-volume/pvc-3076b77d-de26-472a-b8c7-3b394bd4ff75\") on node \"3931d564225c\" "
2025-01-27 17:08:28,148 INFO c.h.h.t.HelmChartContainer - [K3S] [reconciler_common.go:299] "Volume detached for volume \"pod-info\" (UniqueName: \"kubernetes.io/configmap/81437ddb-1ad3-47e6-9f56-276beb24c6e9-pod-info\") on node \"3931d564225c\" DevicePath \"\""
2025-01-27 17:08:28,148 INFO c.h.h.t.HelmChartContainer - [K3S] [reconciler_common.go:299] "Volume detached for volume \"broker-configuration\" (UniqueName: \"kubernetes.io/configmap/81437ddb-1ad3-47e6-9f56-276beb24c6e9-broker-configuration\") on node \"3931d564225c\" DevicePath \"\""
2025-01-27 17:08:28,148 INFO c.h.h.t.HelmChartContainer - [K3S] [reconciler_common.go:299] "Volume detached for volume \"kube-api-access-vt4cj\" (UniqueName: \"kubernetes.io/projected/81437ddb-1ad3-47e6-9f56-276beb24c6e9-kube-api-access-vt4cj\") on node \"3931d564225c\" DevicePath \"\""
2025-01-27 17:08:28,148 INFO c.h.h.t.HelmChartContainer - [K3S] [reconciler_common.go:299] "Volume detached for volume \"operator-init\" (UniqueName: \"kubernetes.io/empty-dir/81437ddb-1ad3-47e6-9f56-276beb24c6e9-operator-init\") on node \"3931d564225c\" DevicePath \"\""
2025-01-27 17:08:28,148 INFO c.h.h.t.HelmChartContainer - [K3S] [reconciler_common.go:299] "Volume detached for volume \"test-mount-volume\" (UniqueName: \"kubernetes.io/configmap/81437ddb-1ad3-47e6-9f56-276beb24c6e9-test-mount-volume\") on node \"3931d564225c\" DevicePath \"\""
2025-01-27 17:08:28,148 INFO c.h.h.t.HelmChartContainer - [K3S] [reconciler_common.go:299] "Volume detached for volume \"test-empty-dir-volume\" (UniqueName: \"kubernetes.io/empty-dir/81437ddb-1ad3-47e6-9f56-276beb24c6e9-test-empty-dir-volume\") on node \"3931d564225c\" DevicePath \"\""
2025-01-27 17:08:28,247 INFO c.h.h.t.HelmChartContainer - [K3S] [stateful_set.go:438] "Unhandled Error" err="error syncing StatefulSet helmadditionalvolumesit/test-hivemq-platform, requeuing: controllerrevisions.apps \"test-hivemq-platform-7559d57cdb\" is forbidden: unable to create new content in namespace helmadditionalvolumesit because it is being terminated"
2025-01-27 17:08:28,248 INFO c.h.h.t.HelmChartContainer - [K3S] [reconciler_common.go:299] "Volume detached for volume \"pvc-3076b77d-de26-472a-b8c7-3b394bd4ff75\" (UniqueName: \"kubernetes.io/local-volume/pvc-3076b77d-de26-472a-b8c7-3b394bd4ff75\") on node \"3931d564225c\" DevicePath \"\""
2025-01-27 17:08:28,329 INFO c.h.h.t.HelmChartContainer - [POD] test-hivemq-platform-0 [81437ddb-1ad3-47e6-9f56-276beb24c6e9] in helmadditionalvolumesit was MODIFIED
2025-01-27 17:08:28,334 INFO c.h.h.t.HelmChartContainer - [POD] test-hivemq-platform-0 [81437ddb-1ad3-47e6-9f56-276beb24c6e9] in helmadditionalvolumesit was DELETED
2025-01-27 17:08:28,335 INFO c.h.h.t.HelmChartContainer - [K3S] [stateful_set.go:438] "Unhandled Error" err="error syncing StatefulSet helmadditionalvolumesit/test-hivemq-platform, requeuing: controllerrevisions.apps \"test-hivemq-platform-7559d57cdb\" is forbidden: unable to create new content in namespace helmadditionalvolumesit because it is being terminated"
2025-01-27 17:08:28,337 INFO c.h.h.t.HelmChartContainer - [K3S] [stateful_set.go:438] "Unhandled Error" err="error syncing StatefulSet helmadditionalvolumesit/test-hivemq-platform, requeuing: controllerrevisions.apps \"test-hivemq-platform-7559d57cdb\" is forbidden: unable to create new content in namespace helmadditionalvolumesit because it is being terminated"
2025-01-27 17:08:28,343 INFO c.h.h.t.HelmChartContainer - [K3S] [stateful_set.go:466] "StatefulSet has been deleted" key="helmadditionalvolumesit/test-hivemq-platform"
2025-01-27 17:08:28,568 INFO c.h.h.t.HelmChartContainer - [K3S] [stateful_set.go:466] "StatefulSet has been deleted" key="helmadditionalvolumesit/test-hivemq-platform"
2025-01-27 17:08:28,711 INFO c.h.h.t.HelmChartContainer - [K3S] [memory_manager.go:355] "RemoveStaleState removing state" podUID="81437ddb-1ad3-47e6-9f56-276beb24c6e9" containerName="hivemq"
2025-01-27 17:08:28,711 INFO c.h.h.t.HelmChartContainer - [POD] helper-pod-delete-pvc-3076b77d-de26-472a-b8c7-3b394bd4ff75 [3afa563e-f21b-4ed7-b5bc-ebd614b6d2b0] in kube-system was ADDED
2025-01-27 17:08:28,719 INFO c.h.h.t.HelmChartContainer - [POD] helper-pod-delete-pvc-3076b77d-de26-472a-b8c7-3b394bd4ff75 [3afa563e-f21b-4ed7-b5bc-ebd614b6d2b0] in kube-system was MODIFIED
2025-01-27 17:08:28,852 INFO c.h.h.t.HelmChartContainer - [K3S] [reconciler_common.go:251] "operationExecutor.VerifyControllerAttachedVolume started for volume \"data\" (UniqueName: \"kubernetes.io/host-path/3afa563e-f21b-4ed7-b5bc-ebd614b6d2b0-data\") pod \"helper-pod-delete-pvc-3076b77d-de26-472a-b8c7-3b394bd4ff75\" (UID: \"3afa563e-f21b-4ed7-b5bc-ebd614b6d2b0\") " pod="kube-system/helper-pod-delete-pvc-3076b77d-de26-472a-b8c7-3b394bd4ff75"
2025-01-27 17:08:28,852 INFO c.h.h.t.HelmChartContainer - [K3S] [reconciler_common.go:251] "operationExecutor.VerifyControllerAttachedVolume started for volume \"script\" (UniqueName: \"kubernetes.io/configmap/3afa563e-f21b-4ed7-b5bc-ebd614b6d2b0-script\") pod \"helper-pod-delete-pvc-3076b77d-de26-472a-b8c7-3b394bd4ff75\" (UID: \"3afa563e-f21b-4ed7-b5bc-ebd614b6d2b0\") " pod="kube-system/helper-pod-delete-pvc-3076b77d-de26-472a-b8c7-3b394bd4ff75"
2025-01-27 17:08:28,852 INFO c.h.h.t.HelmChartContainer - [K3S] [reconciler_common.go:251] "operationExecutor.VerifyControllerAttachedVolume started for volume \"kube-api-access-4xkjx\" (UniqueName: \"kubernetes.io/projected/3afa563e-f21b-4ed7-b5bc-ebd614b6d2b0-kube-api-access-4xkjx\") pod \"helper-pod-delete-pvc-3076b77d-de26-472a-b8c7-3b394bd4ff75\" (UID: \"3afa563e-f21b-4ed7-b5bc-ebd614b6d2b0\") " pod="kube-system/helper-pod-delete-pvc-3076b77d-de26-472a-b8c7-3b394bd4ff75"
2025-01-27 17:08:29,556 INFO c.h.h.t.HelmChartContainer - [K3S] [kubelet_volumes.go:163] "Cleaned up orphaned pod volumes dir" podUID="81437ddb-1ad3-47e6-9f56-276beb24c6e9" path="/var/lib/kubelet/pods/81437ddb-1ad3-47e6-9f56-276beb24c6e9/volumes"
2025-01-27 17:08:30,025 INFO c.h.h.t.HelmChartContainer - [POD] helper-pod-delete-pvc-3076b77d-de26-472a-b8c7-3b394bd4ff75 [3afa563e-f21b-4ed7-b5bc-ebd614b6d2b0] in kube-system was MODIFIED
2025-01-27 17:08:31,091 INFO c.h.h.t.HelmChartContainer - [POD] helper-pod-delete-pvc-3076b77d-de26-472a-b8c7-3b394bd4ff75 [3afa563e-f21b-4ed7-b5bc-ebd614b6d2b0] in kube-system was MODIFIED
2025-01-27 17:08:31,163 INFO c.h.h.t.HelmChartContainer - [K3S] [reconciler_common.go:162] "operationExecutor.UnmountVolume started for volume \"kube-api-access-4xkjx\" (UniqueName: \"kubernetes.io/projected/3afa563e-f21b-4ed7-b5bc-ebd614b6d2b0-kube-api-access-4xkjx\") pod \"3afa563e-f21b-4ed7-b5bc-ebd614b6d2b0\" (UID: \"3afa563e-f21b-4ed7-b5bc-ebd614b6d2b0\") "
2025-01-27 17:08:31,163 INFO c.h.h.t.HelmChartContainer - [K3S] [reconciler_common.go:162] "operationExecutor.UnmountVolume started for volume \"script\" (UniqueName: \"kubernetes.io/configmap/3afa563e-f21b-4ed7-b5bc-ebd614b6d2b0-script\") pod \"3afa563e-f21b-4ed7-b5bc-ebd614b6d2b0\" (UID: \"3afa563e-f21b-4ed7-b5bc-ebd614b6d2b0\") "
2025-01-27 17:08:31,164 INFO c.h.h.t.HelmChartContainer - [K3S] [reconciler_common.go:162] "operationExecutor.UnmountVolume started for volume \"data\" (UniqueName: \"kubernetes.io/host-path/3afa563e-f21b-4ed7-b5bc-ebd614b6d2b0-data\") pod \"3afa563e-f21b-4ed7-b5bc-ebd614b6d2b0\" (UID: \"3afa563e-f21b-4ed7-b5bc-ebd614b6d2b0\") "
2025-01-27 17:08:31,264 INFO c.h.h.t.HelmChartContainer - [K3S] [reconciler_common.go:299] "Volume detached for volume \"data\" (UniqueName: \"kubernetes.io/host-path/3afa563e-f21b-4ed7-b5bc-ebd614b6d2b0-data\") on node \"3931d564225c\" DevicePath \"\""
2025-01-27 17:08:31,264 INFO c.h.h.t.HelmChartContainer - [K3S] [reconciler_common.go:299] "Volume detached for volume \"kube-api-access-4xkjx\" (UniqueName: \"kubernetes.io/projected/3afa563e-f21b-4ed7-b5bc-ebd614b6d2b0-kube-api-access-4xkjx\") on node \"3931d564225c\" DevicePath \"\""
2025-01-27 17:08:31,264 INFO c.h.h.t.HelmChartContainer - [K3S] [reconciler_common.go:299] "Volume detached for volume \"script\" (UniqueName: \"kubernetes.io/configmap/3afa563e-f21b-4ed7-b5bc-ebd614b6d2b0-script\") on node \"3931d564225c\" DevicePath \"\""
2025-01-27 17:08:31,733 INFO c.h.h.t.HelmChartContainer - [POD] helper-pod-delete-pvc-3076b77d-de26-472a-b8c7-3b394bd4ff75 [3afa563e-f21b-4ed7-b5bc-ebd614b6d2b0] in kube-system was MODIFIED
2025-01-27 17:08:31,736 INFO c.h.h.t.HelmChartContainer - [POD] helper-pod-delete-pvc-3076b77d-de26-472a-b8c7-3b394bd4ff75 [3afa563e-f21b-4ed7-b5bc-ebd614b6d2b0] in kube-system was DELETED
2025-01-27 17:08:32,022 INFO c.h.h.t.HelmChartContainer - [K3S] [pod_container_deletor.go:80] "Container not found in pod's containers" containerID="dd7e19f53cc383525a8d1acbffc67202c5a83574d6d0e280aa0cb56d462a99f4"
2025-01-27 17:08:32,023 INFO c.h.h.t.HelmChartContainer - [K3S] [status_manager.go:890] "Failed to get status for pod" podUID="3afa563e-f21b-4ed7-b5bc-ebd614b6d2b0" pod="kube-system/helper-pod-delete-pvc-3076b77d-de26-472a-b8c7-3b394bd4ff75" err="pods \"helper-pod-delete-pvc-3076b77d-de26-472a-b8c7-3b394bd4ff75\" is forbidden: User \"system:node:3931d564225c\" cannot get resource \"pods\" in API group \"\" in the namespace \"kube-system\": no relationship found between node '3931d564225c' and this object"
2025-01-27 17:08:33,555 INFO c.h.h.t.HelmChartContainer - [K3S] [kubelet_volumes.go:163] "Cleaned up orphaned pod volumes dir" podUID="3afa563e-f21b-4ed7-b5bc-ebd614b6d2b0" path="/var/lib/kubelet/pods/3afa563e-f21b-4ed7-b5bc-ebd614b6d2b0/volumes"
2025-01-27 17:08:33,796 INFO c.h.h.t.HelmChartContainer - Namespace 'helmadditionalvolumesit' deleted
2025-01-27 17:08:33,796 INFO c.h.h.t.HelmChartContainer - Release 'test-hivemq-platform' in namespace 'helmadditionalvolumesit' is uninstalled
2025-01-27 17:08:33,796 INFO c.h.h.t.HelmChartContainer - Uninstalling release 'test-hivemq-platform-operator' in namespace 'helmadditionalvolumesit-operator'...
2025-01-27 17:08:33,796 DEBUG c.h.h.t.HelmChartContainer - Executing helm command: /bin/helm --kubeconfig /etc/rancher/k3s/k3s.yaml uninstall test-hivemq-platform-operator  --wait --timeout 5m0s --cascade foreground --namespace helmadditionalvolumesit-operator
2025-01-27 17:08:33,956 INFO c.h.h.t.HelmChartContainer - [K3S] [replica_set.go:679] "Finished syncing" kind="ReplicaSet" key="helmadditionalvolumesit-operator/hivemq-test-hivemq-platform-operator-6966f96d65" duration="11.773965ms"
2025-01-27 17:08:33,957 INFO c.h.h.t.HelmChartContainer - [K3S] [replica_set.go:679] "Finished syncing" kind="ReplicaSet" key="helmadditionalvolumesit-operator/hivemq-test-hivemq-platform-operator-6966f96d65" duration="29.996µs"
2025-01-27 17:08:33,977 INFO c.h.h.t.HelmChartContainer - [POD] hivemq-test-hivemq-platform-operator-6966f96d65-s96dp [f855a92e-affc-4b94-8fa4-782314f54f7f] in helmadditionalvolumesit-operator was MODIFIED
2025-01-27 17:08:33,983 INFO c.h.h.t.HelmChartContainer - [EVENT] Normal [Killing] Stopping container hivemq-platform-operator [helmadditionalvolumesit-operator:hivemq-test-hivemq-platform-operator-6966f96d65-s96dp]
2025-01-27 17:08:33,983 INFO c.h.h.t.HelmChartContainer - Received Killing event for container hivemq-platform-operator in pod hivemq-test-hivemq-platform-operator-6966f96d65-s96dp [f855a92e-affc-4b94-8fa4-782314f54f7f]
2025-01-27 17:08:33,984 INFO c.h.h.t.HelmChartContainer - Container [hivemq-test-hivemq-platform-operator-6966f96d65-s96dp] [hivemq-platform-operator] [f855a92e-affc-4b94-8fa4-782314f54f7f] was terminated
2025-01-27 17:08:33,984 INFO c.h.h.t.HelmChartContainer - Stopped log watcher for hivemq-platform-operator in pod hivemq-test-hivemq-platform-operator-6966f96d65-s96dp [f855a92e-affc-4b94-8fa4-782314f54f7f]
2025-01-27 17:08:33,991 INFO c.h.h.t.HelmChartContainer - [hivemq-test-hivemq-platform] [hivemq-platform-operator] [f855a92e] 17:08:33.989 [application-shutdown-thread] INFO  c.h.p.o.HiveMQPlatformOperatorApplication - HiveMQ Platform Operator is stopping...
2025-01-27 17:08:33,991 INFO c.h.h.t.HelmChartContainer - [hivemq-test-hivemq-platform] [hivemq-platform-operator] [f855a92e] 17:08:33.990 [application-shutdown-thread] INFO  i.javaoperatorsdk.operator.Operator - Operator SDK 4.9.7 is shutting down...
2025-01-27 17:08:33,993 INFO c.h.h.t.HelmChartContainer - [K3S] [replica_set.go:679] "Finished syncing" kind="ReplicaSet" key="helmadditionalvolumesit-operator/hivemq-test-hivemq-platform-operator-6966f96d65" duration="14.137065ms"
2025-01-27 17:08:33,994 INFO c.h.h.t.HelmChartContainer - [K3S] [replica_set.go:679] "Finished syncing" kind="ReplicaSet" key="helmadditionalvolumesit-operator/hivemq-test-hivemq-platform-operator-6966f96d65" duration="38.071µs"
2025-01-27 17:08:34,494 INFO c.h.h.t.HelmChartContainer - [K3S] [replica_set.go:679] "Finished syncing" kind="ReplicaSet" key="helmadditionalvolumesit-operator/hivemq-test-hivemq-platform-operator-6966f96d65" duration="49.001µs"
2025-01-27 17:08:34,495 INFO c.h.h.t.HelmChartContainer - [POD] hivemq-test-hivemq-platform-operator-6966f96d65-s96dp [f855a92e-affc-4b94-8fa4-782314f54f7f] in helmadditionalvolumesit-operator was MODIFIED
2025-01-27 17:08:34,582 INFO c.h.h.t.HelmChartContainer - [K3S] [reconciler_common.go:162] "operationExecutor.UnmountVolume started for volume \"kube-api-access-z5lvz\" (UniqueName: \"kubernetes.io/projected/f855a92e-affc-4b94-8fa4-782314f54f7f-kube-api-access-z5lvz\") pod \"f855a92e-affc-4b94-8fa4-782314f54f7f\" (UID: \"f855a92e-affc-4b94-8fa4-782314f54f7f\") "
2025-01-27 17:08:34,683 INFO c.h.h.t.HelmChartContainer - [K3S] [reconciler_common.go:299] "Volume detached for volume \"kube-api-access-z5lvz\" (UniqueName: \"kubernetes.io/projected/f855a92e-affc-4b94-8fa4-782314f54f7f-kube-api-access-z5lvz\") on node \"3931d564225c\" DevicePath \"\""
2025-01-27 17:08:35,028 INFO c.h.h.t.HelmChartContainer - [K3S] [scope.go:117] "RemoveContainer" containerID="637d462e62bfe17acbed5db766d9a4bef7aff0a1bba52db3d53245e697b6c0dd"
2025-01-27 17:08:35,031 INFO c.h.h.t.HelmChartContainer - [K3S] [scope.go:117] "RemoveContainer" containerID="637d462e62bfe17acbed5db766d9a4bef7aff0a1bba52db3d53245e697b6c0dd"
2025-01-27 17:08:35,038 INFO c.h.h.t.HelmChartContainer - [K3S] [replica_set.go:679] "Finished syncing" kind="ReplicaSet" key="helmadditionalvolumesit-operator/hivemq-test-hivemq-platform-operator-6966f96d65" duration="41.928µs"
2025-01-27 17:08:35,039 INFO c.h.h.t.HelmChartContainer - [POD] hivemq-test-hivemq-platform-operator-6966f96d65-s96dp [f855a92e-affc-4b94-8fa4-782314f54f7f] in helmadditionalvolumesit-operator was MODIFIED
2025-01-27 17:08:35,040 INFO c.h.h.t.HelmChartContainer - [K3S] [replica_set.go:679] "Finished syncing" kind="ReplicaSet" key="helmadditionalvolumesit-operator/hivemq-test-hivemq-platform-operator-6966f96d65" duration="24.136µs"
2025-01-27 17:08:35,041 INFO c.h.h.t.HelmChartContainer - [POD] hivemq-test-hivemq-platform-operator-6966f96d65-s96dp [f855a92e-affc-4b94-8fa4-782314f54f7f] in helmadditionalvolumesit-operator was DELETED
2025-01-27 17:08:35,050 INFO c.h.h.t.HelmChartContainer - [K3S] [replica_set.go:679] "Finished syncing" kind="ReplicaSet" key="helmadditionalvolumesit-operator/hivemq-test-hivemq-platform-operator-6966f96d65" duration="7.213µs"
2025-01-27 17:08:35,555 INFO c.h.h.t.HelmChartContainer - [K3S] [kubelet_volumes.go:163] "Cleaned up orphaned pod volumes dir" podUID="f855a92e-affc-4b94-8fa4-782314f54f7f" path="/var/lib/kubelet/pods/f855a92e-affc-4b94-8fa4-782314f54f7f/volumes"
2025-01-27 17:08:35,618 INFO c.h.h.t.HelmChartContainer - [K3S] [scope.go:117] "RemoveContainer" containerID="912cc76e855de036072c6452e2f9521afbc3873ce6ab3e7710bbeefe073e394b"
2025-01-27 17:08:36,003 INFO c.h.h.t.HelmChartContainer - Deleting namespace 'helmadditionalvolumesit-operator'...
2025-01-27 17:08:38,720 INFO c.h.h.t.HelmChartContainer - [K3S] [namespace_controller.go:187] "Namespace has been deleted" namespace="helmadditionalvolumesit"
2025-01-27 17:08:41,221 INFO c.h.h.t.HelmChartContainer - Namespace 'helmadditionalvolumesit-operator' deleted
2025-01-27 17:08:41,221 INFO c.h.h.t.HelmChartContainer - Release 'test-hivemq-platform-operator' in namespace 'helmadditionalvolumesit-operator' is uninstalled
2025-01-27 17:08:41,811 INFO c.h.helmcharts.AbstractHelmChartIT - Removed unused containers:

2025-01-27 17:08:46,125 INFO c.h.h.t.HelmChartContainer - [K3S] [namespace_controller.go:187] "Namespace has been deleted" namespace="helmadditionalvolumesit-operator"
2025-01-27 17:08:49,911 INFO c.h.helmcharts.AbstractHelmChartIT - Removed unused snapshots:
Removing snapshot sha256:026a712f86a389a5fd74927b58e3b9c46d97b4685244a93cf8afd5dd2d926256
Removing snapshot sha256:03af251906410714c5aef9fa705b63f6bbc39c4a5e787de7361eeb18886c2ed2
Removing snapshot sha256:04586d725303b4dcbc0cdc42a56e7852bc8859e90a3b42def5c29ab6c5b2378a
Removing snapshot sha256:0c46b3b43cce082ce5ec34ffc6c294e0417d17b9d1e6f366d114b6aadc4f96dc
Removing snapshot sha256:0ce761beee59082d6ed5bcebd3a805b8ddd9b3426b617e4809e7fb7c6587ffec
Removing snapshot sha256:1021ef88c7974bfff89c5a0ec4fd3160daac6c48a075f74cff721f85dd104e68
Removing snapshot sha256:10aba4953ddc18145dd38e3704709bc464aa20af60b56fe52caaff4b68411e62
Removing snapshot sha256:12fcdb97878a8124028dd759e7639b77bca16c0f46aabea18189ae25af2554ab
Removing snapshot sha256:2573e0d8158209ed54ab25c87bcdcb00bd3d2539246960a3d592a1c599d70465
Removing snapshot sha256:362a8a37f8bbc31925a8146adcf7cf51f9882f5c1dcbef67c5baa03a297543c0
Removing snapshot sha256:3fa4ad33f0ddc8fd45b39b6b4640f82a3a83619606cd975bfe89d8710ad2d4cd
Removing snapshot sha256:43a7c979bbaba6838bc3102d6b10a1459f3ab050b87ccdfef84ef90cf43d3058
Removing snapshot sha256:4ab04491cdf0d3267f08206fe30bd48f49f94b9cab2f016d6739220f722a64af
Removing snapshot sha256:4b6068250e89c96f263060261819c7d912855bfbd64b3eb4c4a8483299b8c295
Removing snapshot sha256:54760460dde328a0df5fb97426e3821ea3128f2a777231b6e8478cdaf84d50a9
Removing snapshot sha256:580e69a0a8034ede1921139bbd2bfb72a69ebf276d008281896c32dd8bf74775
Removing snapshot sha256:5ad32423e4b556ca23e4a282f00b6c28ba2ec8ad2b7822350a080868a3597d3e
Removing snapshot sha256:5d30ba46b27fe37484567ccc5242cadc78217b8da605f3f195ef25cbf7487904
Removing snapshot sha256:63ca1fbb43ae5034640e5e6cb3e083e05c290072c5366fcaa9d62435a4cced85
Removing snapshot sha256:66140dc7271ceb0a9b5e521509e7d96b916d4182681f723881bfae89675de7f6
Removing snapshot sha256:67f702c6baae873bceb19487c8b1f27bd2b86077e4f2f0e480e6d60ab508b8f5
Removing snapshot sha256:6864348dd42806d552efdec384f1274be15e2d0c10ce44c1f04347af004c10a9
Removing snapshot sha256:6b6a1f10cca10ea08499c191fc025406a23858de44f58930b06dc6608ff034e5
Removing snapshot sha256:6c7dee8f2c39b84b7dc2711c01d33de93514d9055499173e9290176fbe484b6c
Removing snapshot sha256:6ee3be6c9824b6b54de3181e68d970645265425b934df234a1e93c15cbceb04b
Removing snapshot sha256:82753493a6d61ded36556292f02f31841a14c20d2f279f19eaad65afb661d5cd
Removing snapshot sha256:8a10d3db42c505ee0fcfa98417bdd7e39b304f6bcc0a06bb1b220797ff2cc63c
Removing snapshot sha256:a0904247e36a7726c03c71ee48f3e64462021c88dafeb13f37fdaf613b27f11c
Removing snapshot sha256:a21e5b12dbac529ad45d976eb9ce45c881f3bedcc500fb30aba1e52aa1813418
Removing snapshot sha256:b921e6c28969094157f9b8e7244677780319637afd14450b7cb6b2fdea558a0c
Removing snapshot sha256:bc27ecb5769a00e309cf99ebc763c4a4b958b618d1decc96ffac5bc05f02f5b7
Removing snapshot sha256:be3ccb6627a5332e309d45ef461d09b4879dd870c7394d89323d0ebc6ca6aa8a
Removing snapshot sha256:c261f7cbbc64211ee175ee47273acdb7b1a36a4450b397a064a8f2c026490095
Removing snapshot sha256:c34d9393647eea0c9e3557ab988efaf59f61d10a2a5613b439ef0958cca5ec10
Removing snapshot sha256:ccf3c4a0fa967a41c1c83497a2ce6fa5787965859df0adb32c4ca2cf7490bc2b
Removing snapshot sha256:cf92d33f869417309692088c341cd0f223c178ea78a125f757317b22aa8f90e9
Removing snapshot sha256:d0037344cf2fb078884f1849f6a1f8cf9a33a3b6139b6a85833e5ee528e1f9a8
Removing snapshot sha256:d3b36d5b79273b1e98e7700470eaeff05a882e777124d84cebcc1505b85ecb36
Removing snapshot sha256:d65a44a37914602d12c611e5e22a50f11451d847e63015cc1c2aef92dee777a4
Removing snapshot sha256:e2dc0bae2455930f23ae570e019b7f32edc75c0f2d71cab084db837ff9051796
Removing snapshot sha256:e31519795c7e3df686c447a21ec8d2eb301388a5e39ccf7f20a25c6f6ce3a522
Removing snapshot sha256:e9e86ed11d9bebc0707dd6f1166c51237ebb44f98657241f943261b2675a5449
Removing snapshot sha256:eccbd24a99c60cd9e86ee5305dbfc4a4dc89f5ab4fb1f06c8d64797cecedef34
Removing snapshot sha256:f144bb4c7c7f0d2aa7eeffd36d934ec40db1ee167be727e326aad9fdc616f475
Removing snapshot sha256:f2438e2b70f9dd16051e071933ac8257573909575451ddfc3e7210d72f97852c

]]></system-out>
  </testcase>
  <system-out><![CDATA[2025-01-27 17:06:59,897 INFO c.h.h.t.HelmChartContainerExtension - Using cached HelmChartContainer instance
]]></system-out>
  <system-err><![CDATA[]]></system-err>
</testsuite>
