<?xml version="1.0" encoding="UTF-8"?>
<testsuite name="com.hivemq.helmcharts.operator.HelmUpgradeOperatorIT" tests="1" skipped="0" failures="0" errors="0" timestamp="2025-07-01T10:02:04" hostname="fv-az1624-490" time="39.049">
  <properties/>
  <testcase name="withDeployedOperator_upgradeUsingNewValues()" classname="com.hivemq.helmcharts.operator.HelmUpgradeOperatorIT" time="39.049"/>
</testsuite>
