<?xml version="1.0" encoding="UTF-8"?>
<testsuite name="com.hivemq.helmcharts.platform.HelmCustomLogbackIT" tests="1" skipped="0" failures="0" errors="0" timestamp="2025-01-29T18:38:44" hostname="fv-az1391-347" time="95.189">
  <properties/>
  <testcase name="withCustomLogbackConfig_platformUsingCustomLogbackXml()" classname="com.hivemq.helmcharts.platform.HelmCustomLogbackIT" time="95.189">
    <system-out><![CDATA[2025-01-29 18:38:44,650 INFO c.h.h.t.HelmChartContainer - Creating namespace 'helmcustomlogbackit-operator'...
2025-01-29 18:38:44,664 INFO c.h.h.t.HelmChartContainer - Namespace 'helmcustomlogbackit-operator' created
2025-01-29 18:38:44,664 INFO c.h.h.t.HelmChartContainer - Creating namespace 'helmcustomlogbackit'...
2025-01-29 18:38:44,758 INFO c.h.h.t.HelmChartContainer - Namespace 'helmcustomlogbackit' created
2025-01-29 18:38:44,819 DEBUG c.h.h.t.HelmChartContainer - Executing helm command: /bin/helm --kubeconfig /etc/rancher/k3s/k3s.yaml install test-hivemq-platform-operator /charts/hivemq-platform-operator --wait --timeout 5m0s --set image.repository=docker.io/hivemq --set image.name=hivemq-platform-operator-test --set image.initImageName=hivemq-platform-operator-init-test --set image.tag=snapshot --set image.pullPolicy=Never --set logLevel=DEBUG --set resources.cpu=512m --namespace helmcustomlogbackit-operator
2025-01-29 18:38:45,114 INFO c.h.h.t.HelmChartContainer - [K3S] [alloc.go:330] "allocated clusterIPs" service="helmcustomlogbackit-operator/hivemq-platform-operator-test-hivemq-platform-operator" clusterIPs={"IPv4":"10.43.177.38"}
2025-01-29 18:38:45,139 INFO c.h.h.t.HelmChartContainer - [POD] hivemq-test-hivemq-platform-operator-6966f96d65-7z7p5 [200a0c17-b25f-4891-946d-65d611ee54b0] in helmcustomlogbackit-operator was ADDED
2025-01-29 18:38:45,143 INFO c.h.h.t.HelmChartContainer - [K3S] [memory_manager.go:355] "RemoveStaleState removing state" podUID="9a77d539-1dc3-44f0-90a8-685690b639f7" containerName="hivemq-platform-operator"
2025-01-29 18:38:45,143 INFO c.h.h.t.HelmChartContainer - [K3S] [memory_manager.go:355] "RemoveStaleState removing state" podUID="60d5a350-3c7d-45a9-bc91-99f904bacb0c" containerName="nginx"
2025-01-29 18:38:45,144 INFO c.h.h.t.HelmChartContainer - [K3S] [memory_manager.go:355] "RemoveStaleState removing state" podUID="520ec02f-37c8-42bc-987c-8b456c28533d" containerName="hivemq"
2025-01-29 18:38:45,146 INFO c.h.h.t.HelmChartContainer - [POD] hivemq-test-hivemq-platform-operator-6966f96d65-7z7p5 [200a0c17-b25f-4891-946d-65d611ee54b0] in helmcustomlogbackit-operator was MODIFIED
2025-01-29 18:38:45,152 INFO c.h.h.t.HelmChartContainer - [EVENT] Normal [SuccessfulCreate] Created pod: hivemq-test-hivemq-platform-operator-6966f96d65-7z7p5 [helmcustomlogbackit-operator:hivemq-test-hivemq-platform-operator-6966f96d65]
2025-01-29 18:38:45,155 INFO c.h.h.t.HelmChartContainer - [K3S] [replica_set.go:679] "Finished syncing" kind="ReplicaSet" key="helmcustomlogbackit-operator/hivemq-test-hivemq-platform-operator-6966f96d65" duration="27.968842ms"
2025-01-29 18:38:45,163 INFO c.h.h.t.HelmChartContainer - [EVENT] Normal [Scheduled] Successfully assigned helmcustomlogbackit-operator/hivemq-test-hivemq-platform-operator-6966f96d65-7z7p5 to 63eb5a585d77 [helmcustomlogbackit-operator:hivemq-test-hivemq-platform-operator-6966f96d65-7z7p5]
2025-01-29 18:38:45,165 INFO c.h.h.t.HelmChartContainer - [EVENT] Normal [ScalingReplicaSet] Scaled up replica set hivemq-test-hivemq-platform-operator-6966f96d65 from 0 to 1 [helmcustomlogbackit-operator:hivemq-test-hivemq-platform-operator]
2025-01-29 18:38:45,171 INFO c.h.h.t.HelmChartContainer - [POD] hivemq-test-hivemq-platform-operator-6966f96d65-7z7p5 [200a0c17-b25f-4891-946d-65d611ee54b0] in helmcustomlogbackit-operator was MODIFIED
2025-01-29 18:38:45,172 INFO c.h.h.t.HelmChartContainer - [K3S] [replica_set.go:679] "Finished syncing" kind="ReplicaSet" key="helmcustomlogbackit-operator/hivemq-test-hivemq-platform-operator-6966f96d65" duration="16.956929ms"
2025-01-29 18:38:45,173 INFO c.h.h.t.HelmChartContainer - [K3S] [replica_set.go:679] "Finished syncing" kind="ReplicaSet" key="helmcustomlogbackit-operator/hivemq-test-hivemq-platform-operator-6966f96d65" duration="46.927µs"
2025-01-29 18:38:45,203 INFO c.h.h.t.HelmChartContainer - [K3S] [reconciler_common.go:251] "operationExecutor.VerifyControllerAttachedVolume started for volume \"kube-api-access-mb552\" (UniqueName: \"kubernetes.io/projected/200a0c17-b25f-4891-946d-65d611ee54b0-kube-api-access-mb552\") pod \"hivemq-test-hivemq-platform-operator-6966f96d65-7z7p5\" (UID: \"200a0c17-b25f-4891-946d-65d611ee54b0\") " pod="helmcustomlogbackit-operator/hivemq-test-hivemq-platform-operator-6966f96d65-7z7p5"
2025-01-29 18:38:45,535 INFO c.h.h.t.HelmChartContainer - [EVENT] Normal [Pulled] Container image "docker.io/hivemq/hivemq-platform-operator-test:snapshot" already present on machine [helmcustomlogbackit-operator:hivemq-test-hivemq-platform-operator-6966f96d65-7z7p5]
2025-01-29 18:38:45,536 INFO c.h.h.t.HelmChartContainer - Received Pulled event for container hivemq-platform-operator in pod hivemq-test-hivemq-platform-operator-6966f96d65-7z7p5 [200a0c17-b25f-4891-946d-65d611ee54b0]
2025-01-29 18:38:46,783 INFO c.h.h.t.HelmChartContainer - [EVENT] Normal [Created] Created container: hivemq-platform-operator [helmcustomlogbackit-operator:hivemq-test-hivemq-platform-operator-6966f96d65-7z7p5]
2025-01-29 18:38:46,784 INFO c.h.h.t.HelmChartContainer - Received Created event for container hivemq-platform-operator in pod hivemq-test-hivemq-platform-operator-6966f96d65-7z7p5 [200a0c17-b25f-4891-946d-65d611ee54b0]
2025-01-29 18:38:47,276 INFO c.h.h.t.HelmChartContainer - [K3S] [replica_set.go:679] "Finished syncing" kind="ReplicaSet" key="helmcustomlogbackit-operator/hivemq-test-hivemq-platform-operator-6966f96d65" duration="47.177µs"
2025-01-29 18:38:47,288 INFO c.h.h.t.HelmChartContainer - [POD] hivemq-test-hivemq-platform-operator-6966f96d65-7z7p5 [200a0c17-b25f-4891-946d-65d611ee54b0] in helmcustomlogbackit-operator was MODIFIED
2025-01-29 18:38:47,293 INFO c.h.h.t.HelmChartContainer - [EVENT] Normal [Started] Started container hivemq-platform-operator [helmcustomlogbackit-operator:hivemq-test-hivemq-platform-operator-6966f96d65-7z7p5]
2025-01-29 18:38:47,293 INFO c.h.h.t.HelmChartContainer - Received Started event for container hivemq-platform-operator in pod hivemq-test-hivemq-platform-operator-6966f96d65-7z7p5 [200a0c17-b25f-4891-946d-65d611ee54b0]
2025-01-29 18:38:47,294 INFO c.h.h.t.HelmChartContainer - Started log watcher for hivemq-platform-operator in pod hivemq-test-hivemq-platform-operator-6966f96d65-7z7p5 [200a0c17-b25f-4891-946d-65d611ee54b0]
2025-01-29 18:38:47,294 INFO c.h.h.t.HelmChartContainer - [hivemq-test-hivemq-platform] [hivemq-platform-operator] [200a0c17] -------------------------------------------------------------------------
2025-01-29 18:38:47,294 INFO c.h.h.t.HelmChartContainer - [hivemq-test-hivemq-platform] [hivemq-platform-operator] [200a0c17] 
2025-01-29 18:38:47,294 INFO c.h.h.t.HelmChartContainer - [hivemq-test-hivemq-platform] [hivemq-platform-operator] [200a0c17]                   _    _  _              __  __   ____
2025-01-29 18:38:47,294 INFO c.h.h.t.HelmChartContainer - [hivemq-test-hivemq-platform] [hivemq-platform-operator] [200a0c17]                  | |  | |(_)            |  \/  | / __ \
2025-01-29 18:38:47,294 INFO c.h.h.t.HelmChartContainer - [hivemq-test-hivemq-platform] [hivemq-platform-operator] [200a0c17]                  | |__| | _ __   __ ___ | \  / || |  | |
2025-01-29 18:38:47,294 INFO c.h.h.t.HelmChartContainer - [hivemq-test-hivemq-platform] [hivemq-platform-operator] [200a0c17]                  |  __  || |\ \ / // _ \| |\/| || |  | |
2025-01-29 18:38:47,294 INFO c.h.h.t.HelmChartContainer - [hivemq-test-hivemq-platform] [hivemq-platform-operator] [200a0c17]                  | |  | || | \ V /|  __/| |  | || |__| |
2025-01-29 18:38:47,294 INFO c.h.h.t.HelmChartContainer - [hivemq-test-hivemq-platform] [hivemq-platform-operator] [200a0c17]                  |_|  |_||_|  \_/  \___||_|  |_| \___\_\
2025-01-29 18:38:47,294 INFO c.h.h.t.HelmChartContainer - [hivemq-test-hivemq-platform] [hivemq-platform-operator] [200a0c17] 
2025-01-29 18:38:47,294 INFO c.h.h.t.HelmChartContainer - [hivemq-test-hivemq-platform] [hivemq-platform-operator] [200a0c17] -------------------------------------------------------------------------
2025-01-29 18:38:47,294 INFO c.h.h.t.HelmChartContainer - [hivemq-test-hivemq-platform] [hivemq-platform-operator] [200a0c17] 
2025-01-29 18:38:47,294 INFO c.h.h.t.HelmChartContainer - [hivemq-test-hivemq-platform] [hivemq-platform-operator] [200a0c17]   HiveMQ Platform Operator Start Script v1.0
2025-01-29 18:38:47,294 INFO c.h.h.t.HelmChartContainer - [hivemq-test-hivemq-platform] [hivemq-platform-operator] [200a0c17] 
2025-01-29 18:38:47,294 INFO c.h.h.t.HelmChartContainer - [hivemq-test-hivemq-platform] [hivemq-platform-operator] [200a0c17] -------------------------------------------------------------------------
2025-01-29 18:38:47,294 INFO c.h.h.t.HelmChartContainer - [hivemq-test-hivemq-platform] [hivemq-platform-operator] [200a0c17] 
2025-01-29 18:38:47,294 INFO c.h.h.t.HelmChartContainer - [hivemq-test-hivemq-platform] [hivemq-platform-operator] [200a0c17]   JAVA_OPTS: -XX:+UnlockExperimentalVMOptions -XX:InitialRAMPercentage=75 -XX:MaxRAMPercentage=75 -Duser.language=en -Duser.region=US
2025-01-29 18:38:47,294 INFO c.h.h.t.HelmChartContainer - [hivemq-test-hivemq-platform] [hivemq-platform-operator] [200a0c17] 
2025-01-29 18:38:47,294 INFO c.h.h.t.HelmChartContainer - [hivemq-test-hivemq-platform] [hivemq-platform-operator] [200a0c17]   JAVA_VERSION: 21
2025-01-29 18:38:47,294 INFO c.h.h.t.HelmChartContainer - [hivemq-test-hivemq-platform] [hivemq-platform-operator] [200a0c17] 
2025-01-29 18:38:47,294 INFO c.h.h.t.HelmChartContainer - [hivemq-test-hivemq-platform] [hivemq-platform-operator] [200a0c17] -------------------------------------------------------------------------
2025-01-29 18:38:47,294 INFO c.h.h.t.HelmChartContainer - [hivemq-test-hivemq-platform] [hivemq-platform-operator] [200a0c17] 
2025-01-29 18:38:49,988 INFO c.h.h.t.HelmChartContainer - [hivemq-test-hivemq-platform] [hivemq-platform-operator] [200a0c17] 18:38:49.985 [main] DEBUG org.jboss.logging - Logging Provider: org.jboss.logging.Slf4jLoggerProvider
2025-01-29 18:38:50,091 INFO c.h.h.t.HelmChartContainer - [hivemq-test-hivemq-platform] [hivemq-platform-operator] [200a0c17] 18:38:50.091 [main] DEBUG io.smallrye.config - SRCFG01006: Loaded ConfigSource SysPropConfigSource with ordinal 400
2025-01-29 18:38:50,093 INFO c.h.h.t.HelmChartContainer - [hivemq-test-hivemq-platform] [hivemq-platform-operator] [200a0c17] 18:38:50.091 [main] DEBUG io.smallrye.config - SRCFG01006: Loaded ConfigSource EnvConfigSource with ordinal 300
2025-01-29 18:38:50,093 INFO c.h.h.t.HelmChartContainer - [hivemq-test-hivemq-platform] [hivemq-platform-operator] [200a0c17] 18:38:50.091 [main] DEBUG io.smallrye.config - SRCFG01006: Loaded ConfigSource PropertiesConfigSource[source=jar:file:///opt/hivemq-platform-operator/bin/hivemq-platform-operator.jar!/hivemq-platform-operator.properties] with ordinal 100
2025-01-29 18:38:50,093 INFO c.h.h.t.HelmChartContainer - [hivemq-test-hivemq-platform] [hivemq-platform-operator] [200a0c17] 18:38:50.091 [main] DEBUG io.smallrye.config - SRCFG01006: Loaded ConfigSource DefaultValuesConfigSource with ordinal -2147483648
2025-01-29 18:38:50,201 INFO c.h.h.t.HelmChartContainer - [hivemq-test-hivemq-platform] [hivemq-platform-operator] [200a0c17] 18:38:50.200 [main] DEBUG i.m.c.u.i.l.InternalLoggerFactory - Using SLF4J as the default logging framework
2025-01-29 18:38:50,380 INFO c.h.h.t.HelmChartContainer - [hivemq-test-hivemq-platform] [hivemq-platform-operator] [200a0c17] 18:38:50.292 [main] INFO  c.h.p.o.HiveMQPlatformOperatorApplication - HiveMQ Platform Operator 1.7.0-SNAPSHOT (commit: b1b9591 on branch: HEAD) built on Wed Jan 29 18:32:18 UTC 2025
2025-01-29 18:38:50,381 INFO c.h.h.t.HelmChartContainer - [hivemq-test-hivemq-platform] [hivemq-platform-operator] [200a0c17] 18:38:50.379 [main] INFO  c.h.p.o.HiveMQPlatformOperatorApplication - HiveMQ Platform Operator is running in namespace: helmcustomlogbackit-operator
2025-01-29 18:38:50,381 INFO c.h.h.t.HelmChartContainer - [hivemq-test-hivemq-platform] [hivemq-platform-operator] [200a0c17] 18:38:50.379 [main] INFO  c.h.p.o.HiveMQPlatformOperatorApplication - Watching all namespaces
2025-01-29 18:38:50,381 INFO c.h.h.t.HelmChartContainer - [hivemq-test-hivemq-platform] [hivemq-platform-operator] [200a0c17] 18:38:50.379 [main] INFO  c.h.p.o.HiveMQPlatformOperatorApplication - Log level: DEBUG
2025-01-29 18:38:50,381 INFO c.h.h.t.HelmChartContainer - [hivemq-test-hivemq-platform] [hivemq-platform-operator] [200a0c17] 18:38:50.380 [main] INFO  c.h.p.o.HiveMQPlatformOperatorApplication - Release name: test-hivemq-platform-operator
2025-01-29 18:38:50,381 INFO c.h.h.t.HelmChartContainer - [hivemq-test-hivemq-platform] [hivemq-platform-operator] [200a0c17] 18:38:50.380 [main] INFO  c.h.p.o.HiveMQPlatformOperatorApplication - HiveMQ Platform Operator Init image: docker.io/hivemq/hivemq-platform-operator-init-test:snapshot
2025-01-29 18:38:50,381 INFO c.h.h.t.HelmChartContainer - [hivemq-test-hivemq-platform] [hivemq-platform-operator] [200a0c17] 18:38:50.380 [main] INFO  c.h.p.o.HiveMQPlatformOperatorApplication - HiveMQ Platform Operator Init App update URL: http://hivemq-platform-operator-test-hivemq-platform-operator.helmcustomlogbackit-operator.svc:8080/initAppUpdate/hivemq-platform-operator-init-app-1.7.0-SNAPSHOT.jar
2025-01-29 18:38:50,381 INFO c.h.h.t.HelmChartContainer - [hivemq-test-hivemq-platform] [hivemq-platform-operator] [200a0c17] 18:38:50.380 [main] INFO  c.h.p.o.HiveMQPlatformOperatorApplication - Additional imagePullSecret for all Platform deployments: none
2025-01-29 18:38:50,381 INFO c.h.h.t.HelmChartContainer - [hivemq-test-hivemq-platform] [hivemq-platform-operator] [200a0c17] 18:38:50.380 [main] INFO  c.h.p.o.HiveMQPlatformOperatorApplication - Apply HiveMQ Platform CRD: true
2025-01-29 18:38:50,381 INFO c.h.h.t.HelmChartContainer - [hivemq-test-hivemq-platform] [hivemq-platform-operator] [200a0c17] 18:38:50.380 [main] INFO  c.h.p.o.HiveMQPlatformOperatorApplication - Create Platform ServiceAccount: true
2025-01-29 18:38:50,381 INFO c.h.h.t.HelmChartContainer - [hivemq-test-hivemq-platform] [hivemq-platform-operator] [200a0c17] 18:38:50.380 [main] INFO  c.h.p.o.HiveMQPlatformOperatorApplication - Create Platform ServiceAccount permissions: true
2025-01-29 18:38:50,381 INFO c.h.h.t.HelmChartContainer - [hivemq-test-hivemq-platform] [hivemq-platform-operator] [200a0c17] 18:38:50.380 [main] INFO  c.h.p.o.HiveMQPlatformOperatorApplication - Validate Platform ServiceAccount: true
2025-01-29 18:38:50,381 INFO c.h.h.t.HelmChartContainer - [hivemq-test-hivemq-platform] [hivemq-platform-operator] [200a0c17] 18:38:50.380 [main] INFO  c.h.p.o.HiveMQPlatformOperatorApplication - Validate Platform ServiceAccount permissions: true
2025-01-29 18:38:50,495 INFO c.h.h.t.HelmChartContainer - [hivemq-test-hivemq-platform] [hivemq-platform-operator] [200a0c17] 18:38:50.494 [main] INFO  c.h.platform.operator.util.CRDUtil - Verifying deployed HiveMQ Platform CRD...
2025-01-29 18:38:52,980 INFO c.h.h.t.HelmChartContainer - [hivemq-test-hivemq-platform] [hivemq-platform-operator] [200a0c17] 18:38:52.979 [main] DEBUG c.h.platform.operator.util.CRDUtil - HiveMQ Platform CRD version v1 is up to date
2025-01-29 18:38:52,981 INFO c.h.h.t.HelmChartContainer - [hivemq-test-hivemq-platform] [hivemq-platform-operator] [200a0c17] 18:38:52.979 [main] INFO  c.h.platform.operator.util.CRDUtil - HiveMQ Platform CRD is up to date (version: V1_6_0)
2025-01-29 18:38:52,981 INFO c.h.h.t.HelmChartContainer - [hivemq-test-hivemq-platform] [hivemq-platform-operator] [200a0c17] 18:38:52.979 [main] INFO  c.h.platform.operator.util.CRDUtil - Waiting 10000 ms for HiveMQ Platform CRD 'hivemq-platforms.hivemq.com' to become ready...
2025-01-29 18:38:53,280 INFO c.h.h.t.HelmChartContainer - [hivemq-test-hivemq-platform] [hivemq-platform-operator] [200a0c17] 18:38:53.279 [vert.x-eventloop-thread-1] DEBUG c.h.platform.operator.util.CRDUtil - Checking CRD condition 'NamesAccepted' (status: 'True')
2025-01-29 18:38:53,281 INFO c.h.h.t.HelmChartContainer - [hivemq-test-hivemq-platform] [hivemq-platform-operator] [200a0c17] 18:38:53.279 [vert.x-eventloop-thread-1] DEBUG c.h.platform.operator.util.CRDUtil - Checking CRD condition 'Established' (status: 'True')
2025-01-29 18:38:53,282 INFO c.h.h.t.HelmChartContainer - [hivemq-test-hivemq-platform] [hivemq-platform-operator] [200a0c17] 18:38:53.281 [main] INFO  c.h.platform.operator.util.CRDUtil - HiveMQ Platform CRD 'hivemq-platforms.hivemq.com' is ready
2025-01-29 18:38:53,477 INFO c.h.h.t.HelmChartContainer - [hivemq-test-hivemq-platform] [hivemq-platform-operator] [200a0c17] 18:38:53.475 [main] INFO  c.h.p.o.HiveMQPlatformReconciler - HiveMQ Platform Operator is starting...
2025-01-29 18:38:53,499 INFO c.h.h.t.HelmChartContainer - [hivemq-test-hivemq-platform] [hivemq-platform-operator] [200a0c17] 18:38:53.498 [main] WARN  Default ConfigurationService implementation - Configuration for reconciler 'hivemq-controller' was not found. Known reconcilers: None.
2025-01-29 18:38:53,578 INFO c.h.h.t.HelmChartContainer - [hivemq-test-hivemq-platform] [hivemq-platform-operator] [200a0c17] 18:38:53.577 [main] INFO  Default ConfigurationService implementation - Created configuration for reconciler com.hivemq.platform.operator.HiveMQPlatformReconciler with name hivemq-controller
2025-01-29 18:38:53,678 INFO c.h.h.t.HelmChartContainer - [hivemq-test-hivemq-platform] [hivemq-platform-operator] [200a0c17] 18:38:53.677 [main] DEBUG c.h.p.o.HiveMQPlatformReconciler - HiveMQ Platform Operator is preparing EventSources
2025-01-29 18:38:53,689 INFO c.h.h.t.HelmChartContainer - [hivemq-test-hivemq-platform] [hivemq-platform-operator] [200a0c17] 18:38:53.688 [main] INFO  i.javaoperatorsdk.operator.Operator - Registered reconciler: 'hivemq-controller' for resource: 'class com.hivemq.platform.operator.v1.HiveMQPlatform' for namespace(s): [all namespaces]
2025-01-29 18:38:54,193 INFO c.h.h.t.HelmChartContainer - [hivemq-test-hivemq-platform] [hivemq-platform-operator] [200a0c17] 18:38:54.192 [main] INFO  c.h.p.operator.webserver.JettyServer - Starting Jetty server on port 8080
2025-01-29 18:38:54,292 INFO c.h.h.t.HelmChartContainer - [hivemq-test-hivemq-platform] [hivemq-platform-operator] [200a0c17] 18:38:54.291 [main] INFO  i.javaoperatorsdk.operator.Operator - Operator SDK 4.9.7 (commit: 2133d28) built on Wed Nov 20 12:56:20 UTC 2024 starting...
2025-01-29 18:38:54,292 INFO c.h.h.t.HelmChartContainer - [hivemq-test-hivemq-platform] [hivemq-platform-operator] [200a0c17] 18:38:54.291 [main] INFO  i.javaoperatorsdk.operator.Operator - Client version: 6.13.5
2025-01-29 18:38:54,293 INFO c.h.h.t.HelmChartContainer - [hivemq-test-hivemq-platform] [hivemq-platform-operator] [200a0c17] 18:38:54.292 [Controller Starter for: hivemq-controller] INFO  i.j.operator.processing.Controller - Starting 'hivemq-controller' controller for reconciler: com.hivemq.platform.operator.HiveMQPlatformReconciler, resource: com.hivemq.platform.operator.v1.HiveMQPlatform
2025-01-29 18:38:56,485 INFO c.h.h.t.HelmChartContainer - [hivemq-test-hivemq-platform] [hivemq-platform-operator] [200a0c17] 18:38:56.483 [Controller Starter for: hivemq-controller] INFO  i.j.operator.processing.Controller - 'hivemq-controller' controller started
2025-01-29 18:38:56,485 INFO c.h.h.t.HelmChartContainer - [hivemq-test-hivemq-platform] [hivemq-platform-operator] [200a0c17] 18:38:56.484 [main] INFO  c.h.p.o.HiveMQPlatformOperatorApplication - HiveMQ Platform Operator 1.7.0-SNAPSHOT started in 6191 ms
2025-01-29 18:38:58,283 INFO c.h.h.t.HelmChartContainer - [POD] hivemq-test-hivemq-platform-operator-6966f96d65-7z7p5 [200a0c17-b25f-4891-946d-65d611ee54b0] in helmcustomlogbackit-operator was MODIFIED
2025-01-29 18:38:58,290 INFO c.h.h.t.HelmChartContainer - [K3S] [replica_set.go:679] "Finished syncing" kind="ReplicaSet" key="helmcustomlogbackit-operator/hivemq-test-hivemq-platform-operator-6966f96d65" duration="7.785344ms"
2025-01-29 18:38:58,290 INFO c.h.h.t.HelmChartContainer - [K3S] [replica_set.go:679] "Finished syncing" kind="ReplicaSet" key="helmcustomlogbackit-operator/hivemq-test-hivemq-platform-operator-6966f96d65" duration="33.973µs"
2025-01-29 18:38:59,237 DEBUG c.h.h.t.HelmChartContainer - Executing helm command: /bin/helm --kubeconfig /etc/rancher/k3s/k3s.yaml install test-hivemq-platform /charts/hivemq-platform --wait --timeout 5m0s --set image.repository=docker.io/hivemq --set image.tag=4.36.0 --set image.pullPolicy=Never --set nodes.resources.cpu=512m --set nodes.replicaCount=1 --set-file config.customLogbackConfig=/files/custom-logback.xml --namespace helmcustomlogbackit
2025-01-29 18:38:59,475 INFO c.h.h.t.HelmChartContainer - [hivemq-test-hivemq-platform] [hivemq-platform-operator] [200a0c17] 18:38:59.474 [-2082509879-pool-1-thread-4] WARN  i.m.p.PrometheusMeterRegistry - The meter (MeterId{name='operator.sdk.events.received', tags=[tag(action=ADDED),tag(event=ResourceEvent),tag(group=hivemq.com),tag(kind=HiveMQPlatform),tag(name=test-hivemq-platform),tag(namespace=helmcustomlogbackit),tag(scope=namespace),tag(version=v1)]}) registration has failed: Prometheus requires that all meters with the same name have the same set of tag keys. There is already an existing meter named 'operator.sdk.events.received' containing tag keys [event, group, kind, name, namespace, scope, version]. The meter you are attempting to register has keys [action, event, group, kind, name, namespace, scope, version]. Note that subsequent logs will be logged at debug level.
2025-01-29 18:38:59,892 INFO c.h.h.t.HelmChartContainer - [hivemq-test-hivemq-platform] [hivemq-platform-operator] [200a0c17] 18:38:59.890 [pool-6-thread-3] DEBUG c.h.p.o.dependants.PodInfoConfigMap - [helmcust] Desired PodInfo ConfigMap (1 extensions) (1 enabled)
2025-01-29 18:38:59,895 INFO c.h.h.t.HelmChartContainer - [hivemq-test-hivemq-platform] [hivemq-platform-operator] [200a0c17] 18:38:59.891 [pool-6-thread-3] DEBUG c.h.p.o.dependants.PodInfoConfigMap - [helmcust] Desired PodInfo ConfigMap (metrics port: 9399) (metrics path: /)
2025-01-29 18:38:59,895 INFO c.h.h.t.HelmChartContainer - [hivemq-test-hivemq-platform] [hivemq-platform-operator] [200a0c17] 18:38:59.891 [pool-6-thread-3] DEBUG c.h.p.o.dependants.PodInfoConfigMap - [helmcust] Desired PodInfo ConfigMap (extension state hash: -1817474005)
2025-01-29 18:38:59,895 INFO c.h.h.t.HelmChartContainer - [hivemq-test-hivemq-platform] [hivemq-platform-operator] [200a0c17] 18:38:59.893 [pool-6-thread-3] DEBUG c.h.p.o.dependants.PodInfoConfigMap - [helmcust] Create PodInfo ConfigMap
2025-01-29 18:39:00,079 INFO c.h.h.t.HelmChartContainer - [hivemq-test-hivemq-platform] [hivemq-platform-operator] [200a0c17] 18:39:00.078 [pool-6-thread-5] DEBUG c.h.p.o.dependants.PodRoleResource - [helmcust] Create Role: Role(apiVersion=rbac.authorization.k8s.io/v1, kind=Role, metadata=ObjectMeta(annotations={meta.helm.sh/release-name=test-hivemq-platform, meta.helm.sh/release-namespace=helmcustomlogbackit}, creationTimestamp=null, deletionGracePeriodSeconds=null, deletionTimestamp=null, finalizers=[], generateName=null, generation=null, labels={helm.sh/chart=hivemq-platform-0.2.32, app.kubernetes.io/managed-by=Helm, app.kubernetes.io/name=hivemq-platform, hivemq-platform=test-hivemq-platform, app.kubernetes.io/instance=test-hivemq-platform, app.kubernetes.io/version=4.36.0}, managedFields=[], name=hivemq-platform-role-test-hivemq-platform, namespace=helmcustomlogbackit, ownerReferences=[OwnerReference(apiVersion=hivemq.com/v1, blockOwnerDeletion=null, controller=null, kind=HiveMQPlatform, name=test-hivemq-platform, uid=22a18adc-bb8c-4062-93aa-76962425a384, additionalProperties={})], resourceVersion=null, selfLink=null, uid=null, additionalProperties={}), rules=[PolicyRule(apiGroups=[], nonResourceURLs=[], resourceNames=[], resources=[pods], verbs=[get, patch, update], additionalProperties={})], additionalProperties={})
2025-01-29 18:39:00,188 INFO c.h.h.t.HelmChartContainer - [hivemq-test-hivemq-platform] [hivemq-platform-operator] [200a0c17] 18:39:00.187 [pool-6-thread-7] DEBUG c.h.p.o.d.PodServiceAccountResource - [helmcust] Desired PodServiceAccountResource (serviceAccountName: hivemq-platform-pod-test-hivemq-platform)
2025-01-29 18:39:00,189 INFO c.h.h.t.HelmChartContainer - [hivemq-test-hivemq-platform] [hivemq-platform-operator] [200a0c17] 18:39:00.188 [pool-6-thread-7] DEBUG c.h.p.o.d.PodServiceAccountResource - [helmcust] Create ServiceAccount 'hivemq-platform-pod-test-hivemq-platform'
2025-01-29 18:39:00,377 INFO c.h.h.t.HelmChartContainer - [hivemq-test-hivemq-platform] [hivemq-platform-operator] [200a0c17] 18:39:00.376 [pool-6-thread-9] DEBUG c.h.p.o.d.PodRoleBindingResource - [helmcust] Create RoleBinding: RoleBinding(apiVersion=rbac.authorization.k8s.io/v1, kind=RoleBinding, metadata=ObjectMeta(annotations={meta.helm.sh/release-name=test-hivemq-platform, meta.helm.sh/release-namespace=helmcustomlogbackit}, creationTimestamp=null, deletionGracePeriodSeconds=null, deletionTimestamp=null, finalizers=[], generateName=null, generation=null, labels={helm.sh/chart=hivemq-platform-0.2.32, app.kubernetes.io/managed-by=Helm, app.kubernetes.io/name=hivemq-platform, hivemq-platform=test-hivemq-platform, app.kubernetes.io/instance=test-hivemq-platform, app.kubernetes.io/version=4.36.0}, managedFields=[], name=hivemq-platform-role-binding-test-hivemq-platform, namespace=helmcustomlogbackit, ownerReferences=[OwnerReference(apiVersion=hivemq.com/v1, blockOwnerDeletion=null, controller=null, kind=HiveMQPlatform, name=test-hivemq-platform, uid=22a18adc-bb8c-4062-93aa-76962425a384, additionalProperties={})], resourceVersion=null, selfLink=null, uid=null, additionalProperties={}), roleRef=RoleRef(apiGroup=rbac.authorization.k8s.io, kind=Role, name=hivemq-platform-role-test-hivemq-platform, additionalProperties={}), subjects=[Subject(apiGroup=null, kind=ServiceAccount, name=hivemq-platform-pod-test-hivemq-platform, namespace=helmcustomlogbackit, additionalProperties={})], additionalProperties={})
2025-01-29 18:39:00,474 INFO c.h.h.t.HelmChartContainer - [hivemq-test-hivemq-platform] [hivemq-platform-operator] [200a0c17] 18:39:00.473 [ReconcilerExecutor-hivemq-controller-53] INFO  c.h.p.o.HiveMQPlatformReconciler - [helmcust] Reconciling HiveMQ Platform 'test-hivemq-platform' in namespace 'helmcustomlogbackit'
2025-01-29 18:39:00,475 INFO c.h.h.t.HelmChartContainer - [hivemq-test-hivemq-platform] [hivemq-platform-operator] [200a0c17] 18:39:00.474 [ReconcilerExecutor-hivemq-controller-53] DEBUG c.h.p.o.HiveMQPlatformReconciler - [helmcust] Custom Resource Status CREATED - HiveMQ Platform was created (READY)
2025-01-29 18:39:00,475 INFO c.h.h.t.HelmChartContainer - [hivemq-test-hivemq-platform] [hivemq-platform-operator] [200a0c17] 18:39:00.474 [ReconcilerExecutor-hivemq-controller-53] DEBUG c.h.p.o.HiveMQPlatformReconciler - [helmcust] Custom Resource Spec (replicas: 1) (extensions: 1)
2025-01-29 18:39:00,479 INFO c.h.h.t.HelmChartContainer - [hivemq-test-hivemq-platform] [hivemq-platform-operator] [200a0c17] 18:39:00.477 [ReconcilerExecutor-hivemq-controller-53] INFO  c.h.p.o.h.HiveMQPlatformReconcilerBaseHandler - [helmcust] HiveMQ Platform is starting
2025-01-29 18:39:00,578 INFO c.h.h.t.HelmChartContainer - [hivemq-test-hivemq-platform] [hivemq-platform-operator] [200a0c17] 18:39:00.577 [ReconcilerExecutor-hivemq-controller-53] DEBUG c.h.p.operator.event.EventSender - [helmcust] Creating K8s event hivemq-platform-starting: [Start] HiveMQ Platform is starting
2025-01-29 18:39:00,587 INFO c.h.h.t.HelmChartContainer - [EVENT] Normal [Start] HiveMQ Platform is starting [helmcustomlogbackit:test-hivemq-platform]
2025-01-29 18:39:00,589 INFO c.h.h.t.HelmChartContainer - [hivemq-test-hivemq-platform] [hivemq-platform-operator] [200a0c17] 18:39:00.589 [ReconcilerExecutor-hivemq-controller-53] INFO  c.h.p.o.h.AbstractHiveMQReconcilerStateHandler - [helmcust] Update HiveMQ Platform Status (CREATED [READY] -> STARTING [READY]): HiveMQ Platform is starting
2025-01-29 18:39:00,683 DEBUG com.hivemq.helmcharts.util.K8sUtil - Comparing actual state 'STARTING' and waiting for 'RUNNING'
2025-01-29 18:39:10,692 INFO c.h.h.t.HelmChartContainer - [hivemq-test-hivemq-platform] [hivemq-platform-operator] [200a0c17] 18:39:10.691 [pool-6-thread-12] DEBUG c.h.p.o.d.PlatformServiceResource - [helmcust] Desired Platform services (3 services)
2025-01-29 18:39:10,696 INFO c.h.h.t.HelmChartContainer - [hivemq-test-hivemq-platform] [hivemq-platform-operator] [200a0c17] 18:39:10.695 [pool-6-thread-17] DEBUG c.h.p.o.d.PodServiceAccountResource - [helmcust] Desired PodServiceAccountResource (serviceAccountName: hivemq-platform-pod-test-hivemq-platform)
2025-01-29 18:39:10,697 INFO c.h.h.t.HelmChartContainer - [hivemq-test-hivemq-platform] [hivemq-platform-operator] [200a0c17] 18:39:10.695 [pool-6-thread-13] DEBUG c.h.p.o.dependants.PodInfoConfigMap - [helmcust] Desired PodInfo ConfigMap (1 extensions) (1 enabled)
2025-01-29 18:39:10,697 INFO c.h.h.t.HelmChartContainer - [hivemq-test-hivemq-platform] [hivemq-platform-operator] [200a0c17] 18:39:10.695 [pool-6-thread-13] DEBUG c.h.p.o.dependants.PodInfoConfigMap - [helmcust] Desired PodInfo ConfigMap (metrics port: 9399) (metrics path: /)
2025-01-29 18:39:10,697 INFO c.h.h.t.HelmChartContainer - [hivemq-test-hivemq-platform] [hivemq-platform-operator] [200a0c17] 18:39:10.695 [pool-6-thread-13] DEBUG c.h.p.o.dependants.PodInfoConfigMap - [helmcust] Desired PodInfo ConfigMap (extension state hash: -1817474005)
2025-01-29 18:39:10,778 INFO c.h.h.t.HelmChartContainer - [hivemq-test-hivemq-platform] [hivemq-platform-operator] [200a0c17] 18:39:10.775 [pool-6-thread-13] DEBUG c.h.p.o.dependants.PodInfoConfigMap - [helmcust] Update PodInfo ConfigMap
2025-01-29 18:39:10,781 INFO c.h.h.t.HelmChartContainer - [K3S] [alloc.go:330] "allocated clusterIPs" service="helmcustomlogbackit/hivemq-test-hivemq-platform-metrics-9399" clusterIPs={"IPv4":"10.43.30.175"}
2025-01-29 18:39:10,878 INFO c.h.h.t.HelmChartContainer - [K3S] [alloc.go:330] "allocated clusterIPs" service="helmcustomlogbackit/hivemq-test-hivemq-platform-mqtt-1883" clusterIPs={"IPv4":"10.43.206.149"}
2025-01-29 18:39:10,891 INFO c.h.h.t.HelmChartContainer - [K3S] [alloc.go:330] "allocated clusterIPs" service="helmcustomlogbackit/hivemq-test-hivemq-platform-cc-8080" clusterIPs={"IPv4":"10.43.239.156"}
2025-01-29 18:39:10,975 INFO c.h.h.t.HelmChartContainer - [hivemq-test-hivemq-platform] [hivemq-platform-operator] [200a0c17] 18:39:10.973 [pool-6-thread-20] DEBUG c.h.p.o.d.StatefulSetResource - [helmcust] Desired StatefulSet (1 replicas) for status STARTING (READY)
2025-01-29 18:39:10,986 INFO c.h.h.t.HelmChartContainer - [hivemq-test-hivemq-platform] [hivemq-platform-operator] [200a0c17] 18:39:10.985 [pool-6-thread-20] DEBUG c.h.p.o.d.StatefulSetResource - [helmcust] Create StatefulSet
2025-01-29 18:39:11,087 INFO c.h.h.t.HelmChartContainer - [hivemq-test-hivemq-platform] [hivemq-platform-operator] [200a0c17] 18:39:11.085 [ReconcilerExecutor-hivemq-controller-64] INFO  c.h.p.o.HiveMQPlatformReconciler - [helmcust] Reconciling HiveMQ Platform 'test-hivemq-platform' in namespace 'helmcustomlogbackit'
2025-01-29 18:39:11,087 INFO c.h.h.t.HelmChartContainer - [hivemq-test-hivemq-platform] [hivemq-platform-operator] [200a0c17] 18:39:11.085 [ReconcilerExecutor-hivemq-controller-64] DEBUG c.h.p.o.HiveMQPlatformReconciler - [helmcust] Custom Resource Status STARTING - HiveMQ Platform is starting (READY)
2025-01-29 18:39:11,087 INFO c.h.h.t.HelmChartContainer - [hivemq-test-hivemq-platform] [hivemq-platform-operator] [200a0c17] 18:39:11.086 [ReconcilerExecutor-hivemq-controller-64] DEBUG c.h.p.o.HiveMQPlatformReconciler - [helmcust] Custom Resource Spec (replicas: 1) (extensions: 1)
2025-01-29 18:39:11,091 INFO c.h.h.t.HelmChartContainer - [hivemq-test-hivemq-platform] [hivemq-platform-operator] [200a0c17] 18:39:11.088 [ReconcilerExecutor-hivemq-controller-64] DEBUG c.h.p.o.HiveMQPlatformReconciler - [helmcust] StatefulSet Status (revision: null, replicas: 0, available: 0, ready: 0, current: 0, updated: 0)
2025-01-29 18:39:11,091 INFO c.h.h.t.HelmChartContainer - [hivemq-test-hivemq-platform] [hivemq-platform-operator] [200a0c17] 18:39:11.088 [ReconcilerExecutor-hivemq-controller-64] DEBUG c.h.p.o.HiveMQPlatformReconciler - [helmcust] StatefulSet Spec (replicas: 1, init containers: 1, containers: 1, volumes: 3)
2025-01-29 18:39:11,094 INFO c.h.h.t.HelmChartContainer - [hivemq-test-hivemq-platform] [hivemq-platform-operator] [200a0c17] 18:39:11.093 [ReconcilerExecutor-hivemq-controller-64] INFO  c.h.p.o.h.HiveMQPlatformReconcilerBaseHandler - [helmcust] HiveMQ Platform is starting, 0 of 1 replicas are ready
2025-01-29 18:39:11,100 INFO c.h.h.t.HelmChartContainer - [POD] test-hivemq-platform-0 [c1f0306f-64ec-4a85-8de5-515691b17b63] in helmcustomlogbackit was ADDED
2025-01-29 18:39:11,107 INFO c.h.h.t.HelmChartContainer - [POD] test-hivemq-platform-0 [c1f0306f-64ec-4a85-8de5-515691b17b63] in helmcustomlogbackit was MODIFIED
2025-01-29 18:39:11,110 INFO c.h.h.t.HelmChartContainer - [EVENT] Normal [Scheduled] Successfully assigned helmcustomlogbackit/test-hivemq-platform-0 to 63eb5a585d77 [helmcustomlogbackit:test-hivemq-platform-0]
2025-01-29 18:39:11,112 INFO c.h.h.t.HelmChartContainer - [EVENT] Normal [SuccessfulCreate] create Pod test-hivemq-platform-0 in StatefulSet test-hivemq-platform successful [helmcustomlogbackit:test-hivemq-platform]
2025-01-29 18:39:11,117 INFO c.h.h.t.HelmChartContainer - [POD] test-hivemq-platform-0 [c1f0306f-64ec-4a85-8de5-515691b17b63] in helmcustomlogbackit was MODIFIED
2025-01-29 18:39:11,154 INFO c.h.h.t.HelmChartContainer - [K3S] [reconciler_common.go:251] "operationExecutor.VerifyControllerAttachedVolume started for volume \"broker-configuration\" (UniqueName: \"kubernetes.io/configmap/c1f0306f-64ec-4a85-8de5-515691b17b63-broker-configuration\") pod \"test-hivemq-platform-0\" (UID: \"c1f0306f-64ec-4a85-8de5-515691b17b63\") " pod="helmcustomlogbackit/test-hivemq-platform-0"
2025-01-29 18:39:11,154 INFO c.h.h.t.HelmChartContainer - [K3S] [reconciler_common.go:251] "operationExecutor.VerifyControllerAttachedVolume started for volume \"operator-init\" (UniqueName: \"kubernetes.io/empty-dir/c1f0306f-64ec-4a85-8de5-515691b17b63-operator-init\") pod \"test-hivemq-platform-0\" (UID: \"c1f0306f-64ec-4a85-8de5-515691b17b63\") " pod="helmcustomlogbackit/test-hivemq-platform-0"
2025-01-29 18:39:11,154 INFO c.h.h.t.HelmChartContainer - [K3S] [reconciler_common.go:251] "operationExecutor.VerifyControllerAttachedVolume started for volume \"kube-api-access-zxg8n\" (UniqueName: \"kubernetes.io/projected/c1f0306f-64ec-4a85-8de5-515691b17b63-kube-api-access-zxg8n\") pod \"test-hivemq-platform-0\" (UID: \"c1f0306f-64ec-4a85-8de5-515691b17b63\") " pod="helmcustomlogbackit/test-hivemq-platform-0"
2025-01-29 18:39:11,154 INFO c.h.h.t.HelmChartContainer - [K3S] [reconciler_common.go:251] "operationExecutor.VerifyControllerAttachedVolume started for volume \"pod-info\" (UniqueName: \"kubernetes.io/configmap/c1f0306f-64ec-4a85-8de5-515691b17b63-pod-info\") pod \"test-hivemq-platform-0\" (UID: \"c1f0306f-64ec-4a85-8de5-515691b17b63\") " pod="helmcustomlogbackit/test-hivemq-platform-0"
2025-01-29 18:39:11,181 INFO c.h.h.t.HelmChartContainer - [hivemq-test-hivemq-platform] [hivemq-platform-operator] [200a0c17] 18:39:11.179 [pool-6-thread-22] DEBUG c.h.p.o.d.PlatformServiceResource - [helmcust] Desired Platform services (3 services)
2025-01-29 18:39:11,276 INFO c.h.h.t.HelmChartContainer - [hivemq-test-hivemq-platform] [hivemq-platform-operator] [200a0c17] 18:39:11.274 [pool-6-thread-23] DEBUG c.h.p.o.dependants.PodInfoConfigMap - [helmcust] Desired PodInfo ConfigMap (1 extensions) (1 enabled)
2025-01-29 18:39:11,276 INFO c.h.h.t.HelmChartContainer - [hivemq-test-hivemq-platform] [hivemq-platform-operator] [200a0c17] 18:39:11.274 [pool-6-thread-23] DEBUG c.h.p.o.dependants.PodInfoConfigMap - [helmcust] Desired PodInfo ConfigMap (metrics port: 9399) (metrics path: /)
2025-01-29 18:39:11,277 INFO c.h.h.t.HelmChartContainer - [hivemq-test-hivemq-platform] [hivemq-platform-operator] [200a0c17] 18:39:11.275 [pool-6-thread-23] DEBUG c.h.p.o.dependants.PodInfoConfigMap - [helmcust] Desired PodInfo ConfigMap (extension state hash: -1817474005)
2025-01-29 18:39:11,277 INFO c.h.h.t.HelmChartContainer - [hivemq-test-hivemq-platform] [hivemq-platform-operator] [200a0c17] 18:39:11.275 [pool-6-thread-27] DEBUG c.h.p.o.d.PodServiceAccountResource - [helmcust] Desired PodServiceAccountResource (serviceAccountName: hivemq-platform-pod-test-hivemq-platform)
2025-01-29 18:39:11,287 INFO c.h.h.t.HelmChartContainer - [hivemq-test-hivemq-platform] [hivemq-platform-operator] [200a0c17] 18:39:11.286 [pool-6-thread-29] DEBUG c.h.p.o.d.StatefulSetResource - [helmcust] Desired StatefulSet (1 replicas) for status STARTING (READY)
2025-01-29 18:39:11,379 INFO c.h.h.t.HelmChartContainer - [hivemq-test-hivemq-platform] [hivemq-platform-operator] [200a0c17] 18:39:11.378 [ReconcilerExecutor-hivemq-controller-77] INFO  c.h.p.o.HiveMQPlatformReconciler - [helmcust] Reconciling HiveMQ Platform 'test-hivemq-platform' in namespace 'helmcustomlogbackit'
2025-01-29 18:39:11,379 INFO c.h.h.t.HelmChartContainer - [hivemq-test-hivemq-platform] [hivemq-platform-operator] [200a0c17] 18:39:11.378 [ReconcilerExecutor-hivemq-controller-77] DEBUG c.h.p.o.HiveMQPlatformReconciler - [helmcust] Custom Resource Status STARTING - HiveMQ Platform is starting (READY)
2025-01-29 18:39:11,379 INFO c.h.h.t.HelmChartContainer - [hivemq-test-hivemq-platform] [hivemq-platform-operator] [200a0c17] 18:39:11.378 [ReconcilerExecutor-hivemq-controller-77] DEBUG c.h.p.o.HiveMQPlatformReconciler - [helmcust] Custom Resource Spec (replicas: 1) (extensions: 1)
2025-01-29 18:39:11,387 INFO c.h.h.t.HelmChartContainer - [hivemq-test-hivemq-platform] [hivemq-platform-operator] [200a0c17] 18:39:11.383 [ReconcilerExecutor-hivemq-controller-77] DEBUG c.h.p.o.HiveMQPlatformReconciler - [helmcust] StatefulSet Status (revision: test-hivemq-platform-989b74cd6, replicas: 1, available: 0, ready: 0, current: 1, updated: 1)
2025-01-29 18:39:11,387 INFO c.h.h.t.HelmChartContainer - [hivemq-test-hivemq-platform] [hivemq-platform-operator] [200a0c17] 18:39:11.383 [ReconcilerExecutor-hivemq-controller-77] DEBUG c.h.p.o.HiveMQPlatformReconciler - [helmcust] StatefulSet Spec (replicas: 1, init containers: 1, containers: 1, volumes: 3)
2025-01-29 18:39:11,480 INFO c.h.h.t.HelmChartContainer - [hivemq-test-hivemq-platform] [hivemq-platform-operator] [200a0c17] 18:39:11.478 [ReconcilerExecutor-hivemq-controller-77] DEBUG c.h.p.o.h.HiveMQPlatformReconcilerErrorHandler - [helmcust] Pod 'test-hivemq-platform-0' phase Pending
2025-01-29 18:39:11,480 INFO c.h.h.t.HelmChartContainer - [hivemq-test-hivemq-platform] [hivemq-platform-operator] [200a0c17] 18:39:11.479 [ReconcilerExecutor-hivemq-controller-77] DEBUG c.h.p.o.h.HiveMQPlatformReconcilerErrorHandler - [helmcust] Pod 'test-hivemq-platform-0' condition 'PodReadyToStartContainers': False
2025-01-29 18:39:11,480 INFO c.h.h.t.HelmChartContainer - [hivemq-test-hivemq-platform] [hivemq-platform-operator] [200a0c17] 18:39:11.479 [ReconcilerExecutor-hivemq-controller-77] DEBUG c.h.p.o.h.HiveMQPlatformReconcilerErrorHandler - [helmcust] Pod 'test-hivemq-platform-0' condition 'Initialized': False
2025-01-29 18:39:11,480 INFO c.h.h.t.HelmChartContainer - [hivemq-test-hivemq-platform] [hivemq-platform-operator] [200a0c17] 18:39:11.479 [ReconcilerExecutor-hivemq-controller-77] DEBUG c.h.p.o.h.HiveMQPlatformReconcilerErrorHandler - [helmcust] Pod 'test-hivemq-platform-0' condition 'Ready': False
2025-01-29 18:39:11,480 INFO c.h.h.t.HelmChartContainer - [hivemq-test-hivemq-platform] [hivemq-platform-operator] [200a0c17] 18:39:11.479 [ReconcilerExecutor-hivemq-controller-77] DEBUG c.h.p.o.h.HiveMQPlatformReconcilerErrorHandler - [helmcust] Pod 'test-hivemq-platform-0' condition 'ContainersReady': False
2025-01-29 18:39:11,480 INFO c.h.h.t.HelmChartContainer - [hivemq-test-hivemq-platform] [hivemq-platform-operator] [200a0c17] 18:39:11.479 [ReconcilerExecutor-hivemq-controller-77] DEBUG c.h.p.o.h.HiveMQPlatformReconcilerErrorHandler - [helmcust] Pod 'test-hivemq-platform-0' condition 'PodScheduled': True
2025-01-29 18:39:11,482 INFO c.h.h.t.HelmChartContainer - [hivemq-test-hivemq-platform] [hivemq-platform-operator] [200a0c17] 18:39:11.480 [ReconcilerExecutor-hivemq-controller-77] DEBUG c.h.p.o.h.HiveMQPlatformReconcilerErrorHandler - [helmcust] Pod 'test-hivemq-platform-0' containerStatus 'hivemq' (started: false) (ready: false) (waiting: [PodInitializing] null)
2025-01-29 18:39:11,485 INFO c.h.h.t.HelmChartContainer - [hivemq-test-hivemq-platform] [hivemq-platform-operator] [200a0c17] 18:39:11.482 [ReconcilerExecutor-hivemq-controller-77] INFO  c.h.p.o.h.HiveMQPlatformReconcilerBaseHandler - [helmcust] HiveMQ Platform is starting, 0 of 1 replicas are ready
2025-01-29 18:39:11,489 INFO c.h.h.t.HelmChartContainer - [hivemq-test-hivemq-platform] [hivemq-platform-operator] [200a0c17] 18:39:11.488 [pool-6-thread-32] DEBUG c.h.p.o.d.PlatformServiceResource - [helmcust] Desired Platform services (3 services)
2025-01-29 18:39:11,491 INFO c.h.h.t.HelmChartContainer - [hivemq-test-hivemq-platform] [hivemq-platform-operator] [200a0c17] 18:39:11.490 [pool-6-thread-33] DEBUG c.h.p.o.dependants.PodInfoConfigMap - [helmcust] Desired PodInfo ConfigMap (1 extensions) (1 enabled)
2025-01-29 18:39:11,493 INFO c.h.h.t.HelmChartContainer - [hivemq-test-hivemq-platform] [hivemq-platform-operator] [200a0c17] 18:39:11.490 [pool-6-thread-33] DEBUG c.h.p.o.dependants.PodInfoConfigMap - [helmcust] Desired PodInfo ConfigMap (metrics port: 9399) (metrics path: /)
2025-01-29 18:39:11,493 INFO c.h.h.t.HelmChartContainer - [hivemq-test-hivemq-platform] [hivemq-platform-operator] [200a0c17] 18:39:11.490 [pool-6-thread-33] DEBUG c.h.p.o.dependants.PodInfoConfigMap - [helmcust] Desired PodInfo ConfigMap (extension state hash: -1817474005)
2025-01-29 18:39:11,525 INFO c.h.h.t.HelmChartContainer - [EVENT] Normal [Pulled] Container image "docker.io/hivemq/hivemq-platform-operator-init-test:snapshot" already present on machine [helmcustomlogbackit:test-hivemq-platform-0]
2025-01-29 18:39:11,577 INFO c.h.h.t.HelmChartContainer - [hivemq-test-hivemq-platform] [hivemq-platform-operator] [200a0c17] 18:39:11.573 [pool-6-thread-37] DEBUG c.h.p.o.d.PodServiceAccountResource - [helmcust] Desired PodServiceAccountResource (serviceAccountName: hivemq-platform-pod-test-hivemq-platform)
2025-01-29 18:39:11,583 INFO c.h.h.t.HelmChartContainer - [hivemq-test-hivemq-platform] [hivemq-platform-operator] [200a0c17] 18:39:11.581 [pool-6-thread-40] DEBUG c.h.p.o.d.StatefulSetResource - [helmcust] Desired StatefulSet (1 replicas) for status STARTING (READY)
2025-01-29 18:39:11,587 INFO c.h.h.t.HelmChartContainer - [hivemq-test-hivemq-platform] [hivemq-platform-operator] [200a0c17] 18:39:11.586 [ReconcilerExecutor-hivemq-controller-88] INFO  c.h.p.o.HiveMQPlatformReconciler - [helmcust] Reconciling HiveMQ Platform 'test-hivemq-platform' in namespace 'helmcustomlogbackit'
2025-01-29 18:39:11,589 INFO c.h.h.t.HelmChartContainer - [hivemq-test-hivemq-platform] [hivemq-platform-operator] [200a0c17] 18:39:11.586 [ReconcilerExecutor-hivemq-controller-88] DEBUG c.h.p.o.HiveMQPlatformReconciler - [helmcust] Custom Resource Status STARTING - HiveMQ Platform is starting (READY)
2025-01-29 18:39:11,589 INFO c.h.h.t.HelmChartContainer - [hivemq-test-hivemq-platform] [hivemq-platform-operator] [200a0c17] 18:39:11.587 [ReconcilerExecutor-hivemq-controller-88] DEBUG c.h.p.o.HiveMQPlatformReconciler - [helmcust] Custom Resource Spec (replicas: 1) (extensions: 1)
2025-01-29 18:39:11,675 INFO c.h.h.t.HelmChartContainer - [hivemq-test-hivemq-platform] [hivemq-platform-operator] [200a0c17] 18:39:11.674 [ReconcilerExecutor-hivemq-controller-88] DEBUG c.h.p.o.HiveMQPlatformReconciler - [helmcust] StatefulSet Status (revision: test-hivemq-platform-989b74cd6, replicas: 1, available: 0, ready: 0, current: 1, updated: 1)
2025-01-29 18:39:11,676 INFO c.h.h.t.HelmChartContainer - [hivemq-test-hivemq-platform] [hivemq-platform-operator] [200a0c17] 18:39:11.674 [ReconcilerExecutor-hivemq-controller-88] DEBUG c.h.p.o.HiveMQPlatformReconciler - [helmcust] StatefulSet Spec (replicas: 1, init containers: 1, containers: 1, volumes: 3)
2025-01-29 18:39:11,678 INFO c.h.h.t.HelmChartContainer - [hivemq-test-hivemq-platform] [hivemq-platform-operator] [200a0c17] 18:39:11.676 [ReconcilerExecutor-hivemq-controller-88] DEBUG c.h.p.o.h.HiveMQPlatformReconcilerErrorHandler - [helmcust] Pod 'test-hivemq-platform-0' phase Pending
2025-01-29 18:39:11,678 INFO c.h.h.t.HelmChartContainer - [hivemq-test-hivemq-platform] [hivemq-platform-operator] [200a0c17] 18:39:11.677 [ReconcilerExecutor-hivemq-controller-88] DEBUG c.h.p.o.h.HiveMQPlatformReconcilerErrorHandler - [helmcust] Pod 'test-hivemq-platform-0' condition 'PodReadyToStartContainers': False
2025-01-29 18:39:11,678 INFO c.h.h.t.HelmChartContainer - [hivemq-test-hivemq-platform] [hivemq-platform-operator] [200a0c17] 18:39:11.677 [ReconcilerExecutor-hivemq-controller-88] DEBUG c.h.p.o.h.HiveMQPlatformReconcilerErrorHandler - [helmcust] Pod 'test-hivemq-platform-0' condition 'Initialized': False
2025-01-29 18:39:11,678 INFO c.h.h.t.HelmChartContainer - [hivemq-test-hivemq-platform] [hivemq-platform-operator] [200a0c17] 18:39:11.677 [ReconcilerExecutor-hivemq-controller-88] DEBUG c.h.p.o.h.HiveMQPlatformReconcilerErrorHandler - [helmcust] Pod 'test-hivemq-platform-0' condition 'Ready': False
2025-01-29 18:39:11,678 INFO c.h.h.t.HelmChartContainer - [hivemq-test-hivemq-platform] [hivemq-platform-operator] [200a0c17] 18:39:11.677 [ReconcilerExecutor-hivemq-controller-88] DEBUG c.h.p.o.h.HiveMQPlatformReconcilerErrorHandler - [helmcust] Pod 'test-hivemq-platform-0' condition 'ContainersReady': False
2025-01-29 18:39:11,678 INFO c.h.h.t.HelmChartContainer - [hivemq-test-hivemq-platform] [hivemq-platform-operator] [200a0c17] 18:39:11.677 [ReconcilerExecutor-hivemq-controller-88] DEBUG c.h.p.o.h.HiveMQPlatformReconcilerErrorHandler - [helmcust] Pod 'test-hivemq-platform-0' condition 'PodScheduled': True
2025-01-29 18:39:11,678 INFO c.h.h.t.HelmChartContainer - [hivemq-test-hivemq-platform] [hivemq-platform-operator] [200a0c17] 18:39:11.677 [ReconcilerExecutor-hivemq-controller-88] DEBUG c.h.p.o.h.HiveMQPlatformReconcilerErrorHandler - [helmcust] Pod 'test-hivemq-platform-0' containerStatus 'hivemq' (started: false) (ready: false) (waiting: [PodInitializing] null)
2025-01-29 18:39:11,680 INFO c.h.h.t.HelmChartContainer - [hivemq-test-hivemq-platform] [hivemq-platform-operator] [200a0c17] 18:39:11.679 [ReconcilerExecutor-hivemq-controller-88] INFO  c.h.p.o.h.HiveMQPlatformReconcilerBaseHandler - [helmcust] HiveMQ Platform is starting, 0 of 1 replicas are ready
2025-01-29 18:39:11,688 INFO c.h.h.t.HelmChartContainer - [EVENT] Normal [Created] Created container: hivemq-platform-operator-init [helmcustomlogbackit:test-hivemq-platform-0]
2025-01-29 18:39:11,729 INFO c.h.h.t.HelmChartContainer - [EVENT] Normal [Started] Started container hivemq-platform-operator-init [helmcustomlogbackit:test-hivemq-platform-0]
2025-01-29 18:39:12,306 INFO c.h.h.t.HelmChartContainer - [EVENT] Normal [Pulled] Container image "docker.io/hivemq/hivemq4:4.36.0" already present on machine [helmcustomlogbackit:test-hivemq-platform-0]
2025-01-29 18:39:12,306 INFO c.h.h.t.HelmChartContainer - Received Pulled event for container hivemq in pod test-hivemq-platform-0 [c1f0306f-64ec-4a85-8de5-515691b17b63]
2025-01-29 18:39:12,317 INFO c.h.h.t.HelmChartContainer - [POD] test-hivemq-platform-0 [c1f0306f-64ec-4a85-8de5-515691b17b63] in helmcustomlogbackit was MODIFIED
2025-01-29 18:39:12,339 INFO c.h.h.t.HelmChartContainer - [hivemq-test-hivemq-platform] [hivemq-platform-operator] [200a0c17] 18:39:12.334 [pool-6-thread-42] DEBUG c.h.p.o.d.PlatformServiceResource - [helmcust] Desired Platform services (3 services)
2025-01-29 18:39:12,347 INFO c.h.h.t.HelmChartContainer - [hivemq-test-hivemq-platform] [hivemq-platform-operator] [200a0c17] 18:39:12.344 [pool-6-thread-43] DEBUG c.h.p.o.dependants.PodInfoConfigMap - [helmcust] Desired PodInfo ConfigMap (1 extensions) (1 enabled)
2025-01-29 18:39:12,347 INFO c.h.h.t.HelmChartContainer - [hivemq-test-hivemq-platform] [hivemq-platform-operator] [200a0c17] 18:39:12.344 [pool-6-thread-43] DEBUG c.h.p.o.dependants.PodInfoConfigMap - [helmcust] Desired PodInfo ConfigMap (metrics port: 9399) (metrics path: /)
2025-01-29 18:39:12,347 INFO c.h.h.t.HelmChartContainer - [hivemq-test-hivemq-platform] [hivemq-platform-operator] [200a0c17] 18:39:12.344 [pool-6-thread-43] DEBUG c.h.p.o.dependants.PodInfoConfigMap - [helmcust] Desired PodInfo ConfigMap (extension state hash: -1817474005)
2025-01-29 18:39:12,377 INFO c.h.h.t.HelmChartContainer - [hivemq-test-hivemq-platform] [hivemq-platform-operator] [200a0c17] 18:39:12.374 [pool-6-thread-47] DEBUG c.h.p.o.d.PodServiceAccountResource - [helmcust] Desired PodServiceAccountResource (serviceAccountName: hivemq-platform-pod-test-hivemq-platform)
2025-01-29 18:39:12,381 INFO c.h.h.t.HelmChartContainer - [hivemq-test-hivemq-platform] [hivemq-platform-operator] [200a0c17] 18:39:12.380 [pool-6-thread-50] DEBUG c.h.p.o.d.StatefulSetResource - [helmcust] Desired StatefulSet (1 replicas) for status STARTING (READY)
2025-01-29 18:39:12,386 INFO c.h.h.t.HelmChartContainer - [hivemq-test-hivemq-platform] [hivemq-platform-operator] [200a0c17] 18:39:12.385 [ReconcilerExecutor-hivemq-controller-99] INFO  c.h.p.o.HiveMQPlatformReconciler - [helmcust] Reconciling HiveMQ Platform 'test-hivemq-platform' in namespace 'helmcustomlogbackit'
2025-01-29 18:39:12,386 INFO c.h.h.t.HelmChartContainer - [hivemq-test-hivemq-platform] [hivemq-platform-operator] [200a0c17] 18:39:12.385 [ReconcilerExecutor-hivemq-controller-99] DEBUG c.h.p.o.HiveMQPlatformReconciler - [helmcust] Custom Resource Status STARTING - HiveMQ Platform is starting (READY)
2025-01-29 18:39:12,386 INFO c.h.h.t.HelmChartContainer - [hivemq-test-hivemq-platform] [hivemq-platform-operator] [200a0c17] 18:39:12.385 [ReconcilerExecutor-hivemq-controller-99] DEBUG c.h.p.o.HiveMQPlatformReconciler - [helmcust] Custom Resource Spec (replicas: 1) (extensions: 1)
2025-01-29 18:39:12,389 INFO c.h.h.t.HelmChartContainer - [hivemq-test-hivemq-platform] [hivemq-platform-operator] [200a0c17] 18:39:12.388 [ReconcilerExecutor-hivemq-controller-99] DEBUG c.h.p.o.HiveMQPlatformReconciler - [helmcust] StatefulSet Status (revision: test-hivemq-platform-989b74cd6, replicas: 1, available: 0, ready: 0, current: 1, updated: 1)
2025-01-29 18:39:12,390 INFO c.h.h.t.HelmChartContainer - [hivemq-test-hivemq-platform] [hivemq-platform-operator] [200a0c17] 18:39:12.389 [ReconcilerExecutor-hivemq-controller-99] DEBUG c.h.p.o.HiveMQPlatformReconciler - [helmcust] StatefulSet Spec (replicas: 1, init containers: 1, containers: 1, volumes: 3)
2025-01-29 18:39:12,476 INFO c.h.h.t.HelmChartContainer - [hivemq-test-hivemq-platform] [hivemq-platform-operator] [200a0c17] 18:39:12.473 [ReconcilerExecutor-hivemq-controller-99] DEBUG c.h.p.o.h.HiveMQPlatformReconcilerErrorHandler - [helmcust] Pod 'test-hivemq-platform-0' phase Pending
2025-01-29 18:39:12,476 INFO c.h.h.t.HelmChartContainer - [hivemq-test-hivemq-platform] [hivemq-platform-operator] [200a0c17] 18:39:12.474 [ReconcilerExecutor-hivemq-controller-99] DEBUG c.h.p.o.h.HiveMQPlatformReconcilerErrorHandler - [helmcust] Pod 'test-hivemq-platform-0' condition 'PodReadyToStartContainers': True
2025-01-29 18:39:12,476 INFO c.h.h.t.HelmChartContainer - [hivemq-test-hivemq-platform] [hivemq-platform-operator] [200a0c17] 18:39:12.474 [ReconcilerExecutor-hivemq-controller-99] DEBUG c.h.p.o.h.HiveMQPlatformReconcilerErrorHandler - [helmcust] Pod 'test-hivemq-platform-0' condition 'Initialized': True
2025-01-29 18:39:12,476 INFO c.h.h.t.HelmChartContainer - [hivemq-test-hivemq-platform] [hivemq-platform-operator] [200a0c17] 18:39:12.474 [ReconcilerExecutor-hivemq-controller-99] DEBUG c.h.p.o.h.HiveMQPlatformReconcilerErrorHandler - [helmcust] Pod 'test-hivemq-platform-0' condition 'Ready': False
2025-01-29 18:39:12,476 INFO c.h.h.t.HelmChartContainer - [hivemq-test-hivemq-platform] [hivemq-platform-operator] [200a0c17] 18:39:12.474 [ReconcilerExecutor-hivemq-controller-99] DEBUG c.h.p.o.h.HiveMQPlatformReconcilerErrorHandler - [helmcust] Pod 'test-hivemq-platform-0' condition 'ContainersReady': False
2025-01-29 18:39:12,476 INFO c.h.h.t.HelmChartContainer - [hivemq-test-hivemq-platform] [hivemq-platform-operator] [200a0c17] 18:39:12.474 [ReconcilerExecutor-hivemq-controller-99] DEBUG c.h.p.o.h.HiveMQPlatformReconcilerErrorHandler - [helmcust] Pod 'test-hivemq-platform-0' condition 'PodScheduled': True
2025-01-29 18:39:12,476 INFO c.h.h.t.HelmChartContainer - [hivemq-test-hivemq-platform] [hivemq-platform-operator] [200a0c17] 18:39:12.474 [ReconcilerExecutor-hivemq-controller-99] DEBUG c.h.p.o.h.HiveMQPlatformReconcilerErrorHandler - [helmcust] Pod 'test-hivemq-platform-0' containerStatus 'hivemq' (started: false) (ready: false) (waiting: [PodInitializing] null)
2025-01-29 18:39:12,477 INFO c.h.h.t.HelmChartContainer - [hivemq-test-hivemq-platform] [hivemq-platform-operator] [200a0c17] 18:39:12.475 [ReconcilerExecutor-hivemq-controller-99] INFO  c.h.p.o.h.HiveMQPlatformReconcilerBaseHandler - [helmcust] HiveMQ Platform is starting, 0 of 1 replicas are ready
2025-01-29 18:39:14,047 INFO c.h.h.t.HelmChartContainer - [EVENT] Normal [Created] Created container: hivemq [helmcustomlogbackit:test-hivemq-platform-0]
2025-01-29 18:39:14,048 INFO c.h.h.t.HelmChartContainer - Received Created event for container hivemq in pod test-hivemq-platform-0 [c1f0306f-64ec-4a85-8de5-515691b17b63]
2025-01-29 18:39:14,316 INFO c.h.h.t.HelmChartContainer - [POD] test-hivemq-platform-0 [c1f0306f-64ec-4a85-8de5-515691b17b63] in helmcustomlogbackit was MODIFIED
2025-01-29 18:39:14,326 INFO c.h.h.t.HelmChartContainer - [hivemq-test-hivemq-platform] [hivemq-platform-operator] [200a0c17] 18:39:14.322 [pool-6-thread-5] DEBUG c.h.p.o.d.PlatformServiceResource - [helmcust] Desired Platform services (3 services)
2025-01-29 18:39:14,328 INFO c.h.h.t.HelmChartContainer - [hivemq-test-hivemq-platform] [hivemq-platform-operator] [200a0c17] 18:39:14.325 [pool-6-thread-6] DEBUG c.h.p.o.dependants.PodInfoConfigMap - [helmcust] Desired PodInfo ConfigMap (1 extensions) (1 enabled)
2025-01-29 18:39:14,328 INFO c.h.h.t.HelmChartContainer - [hivemq-test-hivemq-platform] [hivemq-platform-operator] [200a0c17] 18:39:14.325 [pool-6-thread-6] DEBUG c.h.p.o.dependants.PodInfoConfigMap - [helmcust] Desired PodInfo ConfigMap (metrics port: 9399) (metrics path: /)
2025-01-29 18:39:14,329 INFO c.h.h.t.HelmChartContainer - Started log watcher for hivemq in pod test-hivemq-platform-0 [c1f0306f-64ec-4a85-8de5-515691b17b63]
2025-01-29 18:39:14,329 INFO c.h.h.t.HelmChartContainer - [EVENT] Normal [Started] Started container hivemq [helmcustomlogbackit:test-hivemq-platform-0]
2025-01-29 18:39:14,329 INFO c.h.h.t.HelmChartContainer - Received Started event for container hivemq in pod test-hivemq-platform-0 [c1f0306f-64ec-4a85-8de5-515691b17b63]
2025-01-29 18:39:14,330 INFO c.h.h.t.HelmChartContainer - [test-hivemq-platform] [hivemq] [c1f0306f] Adding pre-installed HiveMQ Platform Operator extensions
2025-01-29 18:39:14,331 INFO c.h.h.t.HelmChartContainer - [test-hivemq-platform] [hivemq] [c1f0306f] Running as user 10000
2025-01-29 18:39:14,331 INFO c.h.h.t.HelmChartContainer - [hivemq-test-hivemq-platform] [hivemq-platform-operator] [200a0c17] 18:39:14.325 [pool-6-thread-6] DEBUG c.h.p.o.dependants.PodInfoConfigMap - [helmcust] Desired PodInfo ConfigMap (extension state hash: -1817474005)
2025-01-29 18:39:14,332 INFO c.h.h.t.HelmChartContainer - [test-hivemq-platform] [hivemq] [c1f0306f] Starting HiveMQ Platform Operator Init
2025-01-29 18:39:14,332 INFO c.h.h.t.HelmChartContainer - [hivemq-test-hivemq-platform] [hivemq-platform-operator] [200a0c17] 18:39:14.330 [pool-6-thread-3] DEBUG c.h.p.o.d.PodServiceAccountResource - [helmcust] Desired PodServiceAccountResource (serviceAccountName: hivemq-platform-pod-test-hivemq-platform)
2025-01-29 18:39:14,340 INFO c.h.h.t.HelmChartContainer - [hivemq-test-hivemq-platform] [hivemq-platform-operator] [200a0c17] 18:39:14.339 [pool-6-thread-4] DEBUG c.h.p.o.d.StatefulSetResource - [helmcust] Desired StatefulSet (1 replicas) for status STARTING (READY)
2025-01-29 18:39:14,377 INFO c.h.h.t.HelmChartContainer - [hivemq-test-hivemq-platform] [hivemq-platform-operator] [200a0c17] 18:39:14.375 [ReconcilerExecutor-hivemq-controller-110] INFO  c.h.p.o.HiveMQPlatformReconciler - [helmcust] Reconciling HiveMQ Platform 'test-hivemq-platform' in namespace 'helmcustomlogbackit'
2025-01-29 18:39:14,378 INFO c.h.h.t.HelmChartContainer - [hivemq-test-hivemq-platform] [hivemq-platform-operator] [200a0c17] 18:39:14.376 [ReconcilerExecutor-hivemq-controller-110] DEBUG c.h.p.o.HiveMQPlatformReconciler - [helmcust] Custom Resource Status STARTING - HiveMQ Platform is starting (READY)
2025-01-29 18:39:14,381 INFO c.h.h.t.HelmChartContainer - [hivemq-test-hivemq-platform] [hivemq-platform-operator] [200a0c17] 18:39:14.376 [ReconcilerExecutor-hivemq-controller-110] DEBUG c.h.p.o.HiveMQPlatformReconciler - [helmcust] Custom Resource Spec (replicas: 1) (extensions: 1)
2025-01-29 18:39:14,381 INFO c.h.h.t.HelmChartContainer - [hivemq-test-hivemq-platform] [hivemq-platform-operator] [200a0c17] 18:39:14.379 [ReconcilerExecutor-hivemq-controller-110] DEBUG c.h.p.o.HiveMQPlatformReconciler - [helmcust] StatefulSet Status (revision: test-hivemq-platform-989b74cd6, replicas: 1, available: 0, ready: 0, current: 1, updated: 1)
2025-01-29 18:39:14,382 INFO c.h.h.t.HelmChartContainer - [hivemq-test-hivemq-platform] [hivemq-platform-operator] [200a0c17] 18:39:14.379 [ReconcilerExecutor-hivemq-controller-110] DEBUG c.h.p.o.HiveMQPlatformReconciler - [helmcust] StatefulSet Spec (replicas: 1, init containers: 1, containers: 1, volumes: 3)
2025-01-29 18:39:14,385 INFO c.h.h.t.HelmChartContainer - [hivemq-test-hivemq-platform] [hivemq-platform-operator] [200a0c17] 18:39:14.382 [ReconcilerExecutor-hivemq-controller-110] DEBUG c.h.p.o.h.HiveMQPlatformReconcilerErrorHandler - [helmcust] Pod 'test-hivemq-platform-0' phase Running
2025-01-29 18:39:14,385 INFO c.h.h.t.HelmChartContainer - [hivemq-test-hivemq-platform] [hivemq-platform-operator] [200a0c17] 18:39:14.383 [ReconcilerExecutor-hivemq-controller-110] INFO  c.h.p.o.h.HiveMQPlatformReconcilerBaseHandler - [helmcust] HiveMQ Platform is starting, 0 of 1 replicas are ready
2025-01-29 18:39:15,283 INFO c.h.h.t.HelmChartContainer - [test-hivemq-platform] [hivemq] [c1f0306f] INFO  - [HiveMQ Platform Operator Init 1.7.0-SNAPSHOT] HiveMQ Platform Operator Init 1.7.0-SNAPSHOT (commit: b1b9591 on branch: HEAD) built on Wed Jan 29 18:32:18 UTC 2025
2025-01-29 18:39:16,487 INFO c.h.h.t.HelmChartContainer - [test-hivemq-platform] [hivemq] [c1f0306f] INFO  - [HiveMQ Platform Operator Init App 1.7.0-SNAPSHOT] Using bind address 10.42.0.9 from environment variable
2025-01-29 18:39:17,398 INFO c.h.h.t.HelmChartContainer - [test-hivemq-platform] [hivemq] [c1f0306f] INFO  - [HiveMQ Platform Operator Init App 1.7.0-SNAPSHOT] HiveMQ Platform Operator Init App 1.7.0-SNAPSHOT (commit: b1b9591 on branch: HEAD) built on Wed Jan 29 18:32:18 UTC 2025
2025-01-29 18:39:17,399 INFO c.h.h.t.HelmChartContainer - [test-hivemq-platform] [hivemq] [c1f0306f] INFO  - [HiveMQ Platform Operator Init App 1.7.0-SNAPSHOT] PodInfo ConfigMap directory: /etc/podinfo
2025-01-29 18:39:17,399 INFO c.h.h.t.HelmChartContainer - [test-hivemq-platform] [hivemq] [c1f0306f] INFO  - [HiveMQ Platform Operator Init App 1.7.0-SNAPSHOT] HiveMQ home directory: /opt/hivemq
2025-01-29 18:39:17,399 INFO c.h.h.t.HelmChartContainer - [test-hivemq-platform] [hivemq] [c1f0306f] INFO  - [HiveMQ Platform Operator Init App 1.7.0-SNAPSHOT] HiveMQ Logback folder: /opt/hivemq/conf
2025-01-29 18:39:17,399 INFO c.h.h.t.HelmChartContainer - [test-hivemq-platform] [hivemq] [c1f0306f] INFO  - [HiveMQ Platform Operator Init App 1.7.0-SNAPSHOT] HiveMQ Config folder: /opt/hivemq/conf-k8s
2025-01-29 18:39:17,400 INFO c.h.h.t.HelmChartContainer - [test-hivemq-platform] [hivemq] [c1f0306f] INFO  - [HiveMQ Platform Operator Init App 1.7.0-SNAPSHOT] Starting HiveMQ Platform Operator Init App
2025-01-29 18:39:17,400 INFO c.h.h.t.HelmChartContainer - [test-hivemq-platform] [hivemq] [c1f0306f] INFO  - [HiveMQ Platform Operator Init App 1.7.0-SNAPSHOT] Starting Pod reconciler
2025-01-29 18:39:18,597 INFO c.h.h.t.HelmChartContainer - [test-hivemq-platform] [hivemq] [c1f0306f] INFO  - [HiveMQ Platform Operator Init App 1.7.0-SNAPSHOT] Pod reconciler is scheduled (interval: 5000 ms)
2025-01-29 18:39:18,601 INFO c.h.h.t.HelmChartContainer - [test-hivemq-platform] [hivemq] [c1f0306f] INFO  - HiveMQ Platform Operator Init App 1.7.0-SNAPSHOT Save backup of original logback.xml file
2025-01-29 18:39:18,602 INFO c.h.h.t.HelmChartContainer - [test-hivemq-platform] [hivemq] [c1f0306f] INFO  - HiveMQ Platform Operator Init App 1.7.0-SNAPSHOT Applying custom logback.xml file
2025-01-29 18:39:18,695 INFO c.h.h.t.HelmChartContainer - [test-hivemq-platform] [hivemq] [c1f0306f] INFO  - [HiveMQ Platform Operator Init App 1.7.0-SNAPSHOT] Activated automatic reloading of logback.xml file
2025-01-29 18:39:18,695 INFO c.h.h.t.HelmChartContainer - [test-hivemq-platform] [hivemq] [c1f0306f] INFO  - [HiveMQ Platform Operator Init App 1.7.0-SNAPSHOT] Changed logback.xml file scan period to 20 seconds
2025-01-29 18:39:19,087 INFO c.h.h.t.HelmChartContainer - [test-hivemq-platform] [hivemq] [c1f0306f] INFO  - [HiveMQ Platform Operator Init App 1.7.0-SNAPSHOT] Starting the REST API on 10.42.0.9:7979
2025-01-29 18:39:19,089 INFO c.h.h.t.HelmChartContainer - [test-hivemq-platform] [hivemq] [c1f0306f] INFO  - [HiveMQ Platform Operator Init App 1.7.0-SNAPSHOT] Waiting up to 600s for at most 1 HiveMQ nodes in cluster service hivemq-test-hivemq-platform-cluster.helmcustomlogbackit.svc
2025-01-29 18:39:19,482 INFO c.h.h.t.HelmChartContainer - [test-hivemq-platform] [hivemq] [c1f0306f] INFO  - [HiveMQ Platform Operator Init App 1.7.0-SNAPSHOT] Resolved 1 IP addresses: [10.42.0.9]
2025-01-29 18:39:19,482 INFO c.h.h.t.HelmChartContainer - [test-hivemq-platform] [hivemq] [c1f0306f] INFO  - [HiveMQ Platform Operator Init App 1.7.0-SNAPSHOT] HiveMQ node count of 1 is within threshold of 1
2025-01-29 18:39:19,482 INFO c.h.h.t.HelmChartContainer - [test-hivemq-platform] [hivemq] [c1f0306f] INFO  - [HiveMQ Platform Operator Init App 1.7.0-SNAPSHOT] Proceeding with container start
2025-01-29 18:39:19,506 INFO c.h.h.t.HelmChartContainer - [test-hivemq-platform] [hivemq] [c1f0306f] INFO  - [HiveMQ Platform Operator Init App 1.7.0-SNAPSHOT] Initializing HiveMQ Platform extensions with initial configuration: {hivemq-allow-all-extension={start-priority=-1, skip-https-hostname-verification=false, restart=true, config-version=0, header-version=0, c-uri=, priority=-1, uri=preinstalled, skip-https-certificate-validation=false, enabled=true}, hivemq-prometheus-extension={enabled=true, request-header-path=no-request-headers, uri=preinstalled, skip-https-certificate-validation=false, skip-https-hostname-verification=false, c-uri=, start-priority=-1, priority=-1, restart=true}}
2025-01-29 18:39:19,588 INFO c.h.h.t.HelmChartContainer - [test-hivemq-platform] [hivemq] [c1f0306f] INFO  - [HiveMQ Platform Operator Init App 1.7.0-SNAPSHOT] Extension hivemq-allow-all-extension was already enabled
2025-01-29 18:39:19,682 INFO c.h.h.t.HelmChartContainer - [test-hivemq-platform] [hivemq] [c1f0306f] INFO  - [HiveMQ Platform Operator Init App 1.7.0-SNAPSHOT] Successfully enabled extension hivemq-prometheus-extension
2025-01-29 18:39:19,683 INFO c.h.h.t.HelmChartContainer - [test-hivemq-platform] [hivemq] [c1f0306f] INFO  - [HiveMQ Platform Operator Init App 1.7.0-SNAPSHOT] Starting HiveMQ Platform version 4.36.0 (4.36.0)
2025-01-29 18:39:19,684 INFO c.h.h.t.HelmChartContainer - [test-hivemq-platform] [hivemq] [c1f0306f] INFO  - [HiveMQ Platform Operator Init App 1.7.0-SNAPSHOT] Configuring the HiveMQ Platform
2025-01-29 18:39:19,781 INFO c.h.h.t.HelmChartContainer - [test-hivemq-platform] [hivemq] [c1f0306f] INFO  - [HiveMQ Platform Operator Init App 1.7.0-SNAPSHOT] Starting the HiveMQ Platform
2025-01-29 18:39:19,784 INFO c.h.h.t.HelmChartContainer - [test-hivemq-platform] [hivemq] [c1f0306f] -------------------------------------------------------------------------
2025-01-29 18:39:19,784 INFO c.h.h.t.HelmChartContainer - [test-hivemq-platform] [hivemq] [c1f0306f] 
2025-01-29 18:39:19,785 INFO c.h.h.t.HelmChartContainer - [test-hivemq-platform] [hivemq] [c1f0306f]                   _    _  _              __  __   ____
2025-01-29 18:39:19,785 INFO c.h.h.t.HelmChartContainer - [test-hivemq-platform] [hivemq] [c1f0306f]                  | |  | |(_)            |  \/  | / __ \
2025-01-29 18:39:19,785 INFO c.h.h.t.HelmChartContainer - [test-hivemq-platform] [hivemq] [c1f0306f]                  | |__| | _ __   __ ___ | \  / || |  | |
2025-01-29 18:39:19,785 INFO c.h.h.t.HelmChartContainer - [test-hivemq-platform] [hivemq] [c1f0306f]                  |  __  || |\ \ / // _ \| |\/| || |  | |
2025-01-29 18:39:19,785 INFO c.h.h.t.HelmChartContainer - [test-hivemq-platform] [hivemq] [c1f0306f]                  | |  | || | \ V /|  __/| |  | || |__| |
2025-01-29 18:39:19,785 INFO c.h.h.t.HelmChartContainer - [test-hivemq-platform] [hivemq] [c1f0306f]                  |_|  |_||_|  \_/  \___||_|  |_| \___\_\
2025-01-29 18:39:19,785 INFO c.h.h.t.HelmChartContainer - [test-hivemq-platform] [hivemq] [c1f0306f] 
2025-01-29 18:39:19,785 INFO c.h.h.t.HelmChartContainer - [test-hivemq-platform] [hivemq] [c1f0306f] -------------------------------------------------------------------------
2025-01-29 18:39:19,785 INFO c.h.h.t.HelmChartContainer - [test-hivemq-platform] [hivemq] [c1f0306f] 
2025-01-29 18:39:19,785 INFO c.h.h.t.HelmChartContainer - [test-hivemq-platform] [hivemq] [c1f0306f]   HiveMQ Start Script for Linux/Unix v1.14
2025-01-29 18:39:19,785 INFO c.h.h.t.HelmChartContainer - [test-hivemq-platform] [hivemq] [c1f0306f] 
2025-01-29 18:39:19,814 INFO c.h.h.t.HelmChartContainer - [test-hivemq-platform] [hivemq] [c1f0306f] -------------------------------------------------------------------------
2025-01-29 18:39:19,814 INFO c.h.h.t.HelmChartContainer - [test-hivemq-platform] [hivemq] [c1f0306f] 
2025-01-29 18:39:19,814 INFO c.h.h.t.HelmChartContainer - [test-hivemq-platform] [hivemq] [c1f0306f]   HIVEMQ_HOME: /opt/hivemq
2025-01-29 18:39:19,814 INFO c.h.h.t.HelmChartContainer - [test-hivemq-platform] [hivemq] [c1f0306f] 
2025-01-29 18:39:19,814 INFO c.h.h.t.HelmChartContainer - [test-hivemq-platform] [hivemq] [c1f0306f]   JAVA_OPTS: -XX:+UnlockExperimentalVMOptions -XX:InitialRAMPercentage=50 -XX:MaxRAMPercentage=50 -Djava.net.preferIPv4Stack=true --add-opens java.base/java.lang=ALL-UNNAMED --add-opens java.base/java.nio=ALL-UNNAMED --add-opens java.base/sun.nio.ch=ALL-UNNAMED --add-opens jdk.management/com.sun.management.internal=ALL-UNNAMED --add-exports java.base/jdk.internal.misc=ALL-UNNAMED -Djava.security.egd=file:/dev/./urandom -Dcom.sun.management.jmxremote -Dcom.sun.management.jmxremote.port=9010 -Dcom.sun.management.jmxremote.local.only=false -Dcom.sun.management.jmxremote.authenticate=false -Dcom.sun.management.jmxremote.ssl=false -Duser.language=en -Duser.region=US -XX:+CrashOnOutOfMemoryError -XX:+HeapDumpOnOutOfMemoryError
2025-01-29 18:39:19,814 INFO c.h.h.t.HelmChartContainer - [test-hivemq-platform] [hivemq] [c1f0306f] 
2025-01-29 18:39:19,815 INFO c.h.h.t.HelmChartContainer - [test-hivemq-platform] [hivemq] [c1f0306f]   JAVA_VERSION: 21
2025-01-29 18:39:19,815 INFO c.h.h.t.HelmChartContainer - [test-hivemq-platform] [hivemq] [c1f0306f] 
2025-01-29 18:39:19,815 INFO c.h.h.t.HelmChartContainer - [test-hivemq-platform] [hivemq] [c1f0306f] -------------------------------------------------------------------------
2025-01-29 18:39:19,815 INFO c.h.h.t.HelmChartContainer - [test-hivemq-platform] [hivemq] [c1f0306f] 
2025-01-29 18:39:20,393 INFO c.h.h.t.HelmChartContainer - [test-hivemq-platform] [hivemq] [c1f0306f] INFO  - [HiveMQ Platform Operator Init App 1.7.0-SNAPSHOT] Returning default Health API response 503 for readiness
2025-01-29 18:39:20,787 INFO c.h.h.t.HelmChartContainer - [EVENT] Warning [Unhealthy] Readiness probe failed: HTTP probe failed with statuscode: 503 [helmcustomlogbackit:test-hivemq-platform-0]
2025-01-29 18:39:20,787 INFO c.h.h.t.HelmChartContainer - Received Unhealthy event for container hivemq in pod test-hivemq-platform-0 [c1f0306f-64ec-4a85-8de5-515691b17b63]
2025-01-29 18:39:22,582 INFO c.h.h.t.HelmChartContainer - [test-hivemq-platform] [hivemq] [c1f0306f] INFO  - Starting HiveMQ Enterprise Server
2025-01-29 18:39:22,587 INFO c.h.h.t.HelmChartContainer - [test-hivemq-platform] [hivemq] [c1f0306f] INFO  - HiveMQ version: 4.36.0
2025-01-29 18:39:22,587 INFO c.h.h.t.HelmChartContainer - [test-hivemq-platform] [hivemq] [c1f0306f] INFO  - HiveMQ home directory: /opt/hivemq
2025-01-29 18:39:22,588 INFO c.h.h.t.HelmChartContainer - [test-hivemq-platform] [hivemq] [c1f0306f] INFO  - Log Configuration was overridden by /opt/hivemq/conf/logback.xml
2025-01-29 18:39:23,794 INFO c.h.h.t.HelmChartContainer - [test-hivemq-platform] [hivemq] [c1f0306f] DEBUG - Adding TCP Listener on bind address 0.0.0.0 and port 1883. Name: tcp-listener-1883. Proxy Protocol supported: false
2025-01-29 18:39:23,794 INFO c.h.h.t.HelmChartContainer - [test-hivemq-platform] [hivemq] [c1f0306f] DEBUG - Setting retained messages enabled to true
2025-01-29 18:39:23,794 INFO c.h.h.t.HelmChartContainer - [test-hivemq-platform] [hivemq] [c1f0306f] DEBUG - Setting wildcard subscriptions enabled to true
2025-01-29 18:39:23,794 INFO c.h.h.t.HelmChartContainer - [test-hivemq-platform] [hivemq] [c1f0306f] DEBUG - Setting subscription identifier enabled to true
2025-01-29 18:39:23,794 INFO c.h.h.t.HelmChartContainer - [test-hivemq-platform] [hivemq] [c1f0306f] DEBUG - Setting shared subscriptions enabled to true
2025-01-29 18:39:23,794 INFO c.h.h.t.HelmChartContainer - [test-hivemq-platform] [hivemq] [c1f0306f] DEBUG - Setting maximum qos to EXACTLY_ONCE 
2025-01-29 18:39:23,794 INFO c.h.h.t.HelmChartContainer - [test-hivemq-platform] [hivemq] [c1f0306f] DEBUG - Setting topic alias enabled to true
2025-01-29 18:39:23,794 INFO c.h.h.t.HelmChartContainer - [test-hivemq-platform] [hivemq] [c1f0306f] DEBUG - Setting topic alias maximum per client to 5
2025-01-29 18:39:23,794 INFO c.h.h.t.HelmChartContainer - [test-hivemq-platform] [hivemq] [c1f0306f] DEBUG - Setting the number of max queued messages  per client to 1000 entries
2025-01-29 18:39:23,794 INFO c.h.h.t.HelmChartContainer - [test-hivemq-platform] [hivemq] [c1f0306f] DEBUG - Setting queued messages strategy for each client to DISCARD
2025-01-29 18:39:23,794 INFO c.h.h.t.HelmChartContainer - [test-hivemq-platform] [hivemq] [c1f0306f] DEBUG - Setting the expiry interval for client sessions to 4294967295 seconds
2025-01-29 18:39:23,794 INFO c.h.h.t.HelmChartContainer - [test-hivemq-platform] [hivemq] [c1f0306f] DEBUG - Setting the expiry interval for publish messages to 4294967296 seconds
2025-01-29 18:39:23,795 INFO c.h.h.t.HelmChartContainer - [test-hivemq-platform] [hivemq] [c1f0306f] DEBUG - Setting the server receive maximum to 10
2025-01-29 18:39:23,795 INFO c.h.h.t.HelmChartContainer - [test-hivemq-platform] [hivemq] [c1f0306f] DEBUG - Setting keep alive maximum to 65535 seconds
2025-01-29 18:39:23,883 INFO c.h.h.t.HelmChartContainer - [test-hivemq-platform] [hivemq] [c1f0306f] DEBUG - Setting keep alive allow zero to true
2025-01-29 18:39:23,883 INFO c.h.h.t.HelmChartContainer - [test-hivemq-platform] [hivemq] [c1f0306f] DEBUG - Setting the maximum packet size for mqtt messages 268435460 bytes
2025-01-29 18:39:23,884 INFO c.h.h.t.HelmChartContainer - [test-hivemq-platform] [hivemq] [c1f0306f] DEBUG - Setting global maximum allowed connections to -1
2025-01-29 18:39:23,885 INFO c.h.h.t.HelmChartContainer - [test-hivemq-platform] [hivemq] [c1f0306f] DEBUG - Setting the maximum client id length to 65535
2025-01-29 18:39:23,885 INFO c.h.h.t.HelmChartContainer - [test-hivemq-platform] [hivemq] [c1f0306f] DEBUG - Setting the timeout for disconnecting idle tcp connections before a connect message was received to 10000 milliseconds
2025-01-29 18:39:23,885 INFO c.h.h.t.HelmChartContainer - [test-hivemq-platform] [hivemq] [c1f0306f] DEBUG - Throttling the global incoming traffic limit 0 bytes/second
2025-01-29 18:39:23,885 INFO c.h.h.t.HelmChartContainer - [test-hivemq-platform] [hivemq] [c1f0306f] DEBUG - Setting the maximum topic length to 65535
2025-01-29 18:39:23,885 INFO c.h.h.t.HelmChartContainer - [test-hivemq-platform] [hivemq] [c1f0306f] DEBUG - Setting allow server assigned client identifier to true
2025-01-29 18:39:23,885 INFO c.h.h.t.HelmChartContainer - [test-hivemq-platform] [hivemq] [c1f0306f] DEBUG - Setting validate UTF-8 to true
2025-01-29 18:39:23,885 INFO c.h.h.t.HelmChartContainer - [test-hivemq-platform] [hivemq] [c1f0306f] DEBUG - Setting payload format validation to false
2025-01-29 18:39:23,885 INFO c.h.h.t.HelmChartContainer - [test-hivemq-platform] [hivemq] [c1f0306f] DEBUG - Setting allow-problem-information to true
2025-01-29 18:39:23,885 INFO c.h.h.t.HelmChartContainer - [test-hivemq-platform] [hivemq] [c1f0306f] DEBUG - Setting control-center audit log enabled to true
2025-01-29 18:39:23,889 INFO c.h.h.t.HelmChartContainer - [test-hivemq-platform] [hivemq] [c1f0306f] DEBUG - Setting rest-api audit log enabled to true
2025-01-29 18:39:23,889 INFO c.h.h.t.HelmChartContainer - [test-hivemq-platform] [hivemq] [c1f0306f] DEBUG - Setting HiveMQ Control Center enabled to true 
2025-01-29 18:39:23,889 INFO c.h.h.t.HelmChartContainer - [test-hivemq-platform] [hivemq] [c1f0306f] DEBUG - Setting HiveMQ Control Center default login enabled to true 
2025-01-29 18:39:23,890 INFO c.h.h.t.HelmChartContainer - [test-hivemq-platform] [hivemq] [c1f0306f] DEBUG - Setting HiveMQ Control Center session idle time to 14400 seconds
2025-01-29 18:39:23,890 INFO c.h.h.t.HelmChartContainer - [test-hivemq-platform] [hivemq] [c1f0306f] DEBUG - Adding Http-Listener to HiveMQ Control Center Config
2025-01-29 18:39:23,991 INFO c.h.h.t.HelmChartContainer - [test-hivemq-platform] [hivemq] [c1f0306f] DEBUG - Set TLS to disabled for cluster TCP transport
2025-01-29 18:39:23,991 INFO c.h.h.t.HelmChartContainer - [test-hivemq-platform] [hivemq] [c1f0306f] DEBUG - Setting replica count to 2 
2025-01-29 18:39:23,992 INFO c.h.h.t.HelmChartContainer - [test-hivemq-platform] [hivemq] [c1f0306f] DEBUG - Setting cluster TCP health-check enabled
2025-01-29 18:39:23,992 INFO c.h.h.t.HelmChartContainer - [test-hivemq-platform] [hivemq] [c1f0306f] DEBUG - Setting cluster TCP health-check bind-address to default
2025-01-29 18:39:23,993 INFO c.h.h.t.HelmChartContainer - [test-hivemq-platform] [hivemq] [c1f0306f] DEBUG - Setting cluster TCP health-check bind-address to 0
2025-01-29 18:39:23,993 INFO c.h.h.t.HelmChartContainer - [test-hivemq-platform] [hivemq] [c1f0306f] DEBUG - Setting cluster TCP health-check bind-port to 0
2025-01-29 18:39:23,993 INFO c.h.h.t.HelmChartContainer - [test-hivemq-platform] [hivemq] [c1f0306f] DEBUG - Setting cluster TCP health-check external-address to default
2025-01-29 18:39:23,993 INFO c.h.h.t.HelmChartContainer - [test-hivemq-platform] [hivemq] [c1f0306f] DEBUG - Setting cluster TCP health-check external-port to 0
2025-01-29 18:39:23,993 INFO c.h.h.t.HelmChartContainer - [test-hivemq-platform] [hivemq] [c1f0306f] DEBUG - Setting cluster heartbeat enabled
2025-01-29 18:39:23,993 INFO c.h.h.t.HelmChartContainer - [test-hivemq-platform] [hivemq] [c1f0306f] DEBUG - Setting cluster heartbeat interval to 3000 ms
2025-01-29 18:39:23,993 INFO c.h.h.t.HelmChartContainer - [test-hivemq-platform] [hivemq] [c1f0306f] DEBUG - Setting the cluster heartbeat timeout to 9000 ms
2025-01-29 18:39:23,993 INFO c.h.h.t.HelmChartContainer - [test-hivemq-platform] [hivemq] [c1f0306f] DEBUG - Setting HiveMQ REST API enabled to false 
2025-01-29 18:39:23,993 INFO c.h.h.t.HelmChartContainer - [test-hivemq-platform] [hivemq] [c1f0306f] DEBUG - Setting HiveMQ REST API authentication enabled to false 
2025-01-29 18:39:23,993 INFO c.h.h.t.HelmChartContainer - [test-hivemq-platform] [hivemq] [c1f0306f] DEBUG - Setting HiveMQ Health API enabled to true 
2025-01-29 18:39:23,993 INFO c.h.h.t.HelmChartContainer - [test-hivemq-platform] [hivemq] [c1f0306f] DEBUG - Adding http-listener with name 'http-listener-8889' to HiveMQ Health API config
2025-01-29 18:39:23,993 INFO c.h.h.t.HelmChartContainer - [test-hivemq-platform] [hivemq] [c1f0306f] DEBUG - Setting client event history enabled to false
2025-01-29 18:39:23,993 INFO c.h.h.t.HelmChartContainer - [test-hivemq-platform] [hivemq] [c1f0306f] DEBUG - Setting client event history lifetime to 604800000 ms
2025-01-29 18:39:23,993 INFO c.h.h.t.HelmChartContainer - [test-hivemq-platform] [hivemq] [c1f0306f] DEBUG - Setting overload protection enabled to true 
2025-01-29 18:39:23,993 INFO c.h.h.t.HelmChartContainer - [test-hivemq-platform] [hivemq] [c1f0306f] DEBUG - Setting anonymous usage statistics enabled to false 
2025-01-29 18:39:23,993 INFO c.h.h.t.HelmChartContainer - [test-hivemq-platform] [hivemq] [c1f0306f] DEBUG - Setting expired messages topic enabled to false
2025-01-29 18:39:23,994 INFO c.h.h.t.HelmChartContainer - [test-hivemq-platform] [hivemq] [c1f0306f] DEBUG - Setting dropped messages topic enabled to false
2025-01-29 18:39:23,994 INFO c.h.h.t.HelmChartContainer - [test-hivemq-platform] [hivemq] [c1f0306f] DEBUG - Setting dead messages topic enabled to false
2025-01-29 18:39:23,994 INFO c.h.h.t.HelmChartContainer - [test-hivemq-platform] [hivemq] [c1f0306f] INFO  - Successfully loaded configuration from '/opt/hivemq/conf-k8s/config.xml'.
2025-01-29 18:39:24,395 INFO c.h.h.t.HelmChartContainer - [hivemq-test-hivemq-platform] [hivemq-platform-operator] [200a0c17] 18:39:24.393 [pool-6-thread-14] DEBUG c.h.p.o.d.PlatformServiceResource - [helmcust] Desired Platform services (3 services)
2025-01-29 18:39:24,395 INFO c.h.h.t.HelmChartContainer - [hivemq-test-hivemq-platform] [hivemq-platform-operator] [200a0c17] 18:39:24.394 [pool-6-thread-17] DEBUG c.h.p.o.dependants.PodInfoConfigMap - [helmcust] Desired PodInfo ConfigMap (1 extensions) (1 enabled)
2025-01-29 18:39:24,395 INFO c.h.h.t.HelmChartContainer - [hivemq-test-hivemq-platform] [hivemq-platform-operator] [200a0c17] 18:39:24.394 [pool-6-thread-17] DEBUG c.h.p.o.dependants.PodInfoConfigMap - [helmcust] Desired PodInfo ConfigMap (metrics port: 9399) (metrics path: /)
2025-01-29 18:39:24,395 INFO c.h.h.t.HelmChartContainer - [hivemq-test-hivemq-platform] [hivemq-platform-operator] [200a0c17] 18:39:24.394 [pool-6-thread-17] DEBUG c.h.p.o.dependants.PodInfoConfigMap - [helmcust] Desired PodInfo ConfigMap (extension state hash: -1817474005)
2025-01-29 18:39:24,401 INFO c.h.h.t.HelmChartContainer - [hivemq-test-hivemq-platform] [hivemq-platform-operator] [200a0c17] 18:39:24.399 [pool-6-thread-17] DEBUG c.h.p.o.d.PodServiceAccountResource - [helmcust] Desired PodServiceAccountResource (serviceAccountName: hivemq-platform-pod-test-hivemq-platform)
2025-01-29 18:39:24,402 INFO c.h.h.t.HelmChartContainer - [hivemq-test-hivemq-platform] [hivemq-platform-operator] [200a0c17] 18:39:24.402 [pool-6-thread-14] DEBUG c.h.p.o.d.StatefulSetResource - [helmcust] Desired StatefulSet (1 replicas) for status STARTING (READY)
2025-01-29 18:39:24,406 INFO c.h.h.t.HelmChartContainer - [hivemq-test-hivemq-platform] [hivemq-platform-operator] [200a0c17] 18:39:24.405 [ReconcilerExecutor-hivemq-controller-111] INFO  c.h.p.o.HiveMQPlatformReconciler - [helmcust] Reconciling HiveMQ Platform 'test-hivemq-platform' in namespace 'helmcustomlogbackit'
2025-01-29 18:39:24,407 INFO c.h.h.t.HelmChartContainer - [hivemq-test-hivemq-platform] [hivemq-platform-operator] [200a0c17] 18:39:24.406 [ReconcilerExecutor-hivemq-controller-111] DEBUG c.h.p.o.HiveMQPlatformReconciler - [helmcust] Custom Resource Status STARTING - HiveMQ Platform is starting (READY)
2025-01-29 18:39:24,409 INFO c.h.h.t.HelmChartContainer - [hivemq-test-hivemq-platform] [hivemq-platform-operator] [200a0c17] 18:39:24.406 [ReconcilerExecutor-hivemq-controller-111] DEBUG c.h.p.o.HiveMQPlatformReconciler - [helmcust] Custom Resource Spec (replicas: 1) (extensions: 1)
2025-01-29 18:39:24,409 INFO c.h.h.t.HelmChartContainer - [hivemq-test-hivemq-platform] [hivemq-platform-operator] [200a0c17] 18:39:24.407 [ReconcilerExecutor-hivemq-controller-111] DEBUG c.h.p.o.HiveMQPlatformReconciler - [helmcust] StatefulSet Status (revision: test-hivemq-platform-989b74cd6, replicas: 1, available: 0, ready: 0, current: 1, updated: 1)
2025-01-29 18:39:24,409 INFO c.h.h.t.HelmChartContainer - [hivemq-test-hivemq-platform] [hivemq-platform-operator] [200a0c17] 18:39:24.408 [ReconcilerExecutor-hivemq-controller-111] DEBUG c.h.p.o.HiveMQPlatformReconciler - [helmcust] StatefulSet Spec (replicas: 1, init containers: 1, containers: 1, volumes: 3)
2025-01-29 18:39:24,410 INFO c.h.h.t.HelmChartContainer - [hivemq-test-hivemq-platform] [hivemq-platform-operator] [200a0c17] 18:39:24.409 [ReconcilerExecutor-hivemq-controller-111] DEBUG c.h.p.o.h.HiveMQPlatformReconcilerErrorHandler - [helmcust] Pod 'test-hivemq-platform-0' phase Running
2025-01-29 18:39:24,411 INFO c.h.h.t.HelmChartContainer - [hivemq-test-hivemq-platform] [hivemq-platform-operator] [200a0c17] 18:39:24.410 [ReconcilerExecutor-hivemq-controller-111] INFO  c.h.p.o.h.HiveMQPlatformReconcilerBaseHandler - [helmcust] HiveMQ Platform is starting, 0 of 1 replicas are ready
2025-01-29 18:39:24,687 INFO c.h.h.t.HelmChartContainer - [test-hivemq-platform] [hivemq] [c1f0306f] DEBUG - Performing sanity checks.
2025-01-29 18:39:24,893 INFO c.h.h.t.HelmChartContainer - [test-hivemq-platform] [hivemq] [c1f0306f] DEBUG - Soft limit for open files (1048576) satisfies the recommended limit (1000000).
2025-01-29 18:39:24,893 INFO c.h.h.t.HelmChartContainer - [test-hivemq-platform] [hivemq] [c1f0306f] DEBUG - Hard limit for open files (1048576) satisfies the recommended limit (1000000).
2025-01-29 18:39:24,896 INFO c.h.h.t.HelmChartContainer - [test-hivemq-platform] [hivemq] [c1f0306f] DEBUG - HiveMQ license directory (/opt/hivemq/license) satisfies all required file-system permissions.
2025-01-29 18:39:24,896 INFO c.h.h.t.HelmChartContainer - [test-hivemq-platform] [hivemq] [c1f0306f] DEBUG - HiveMQ data directory (/opt/hivemq/data) satisfies all required file-system permissions.
2025-01-29 18:39:24,896 INFO c.h.h.t.HelmChartContainer - [test-hivemq-platform] [hivemq] [c1f0306f] DEBUG - HiveMQ log directory (/opt/hivemq/log) satisfies all required file-system permissions.
2025-01-29 18:39:24,896 INFO c.h.h.t.HelmChartContainer - [test-hivemq-platform] [hivemq] [c1f0306f] DEBUG - HiveMQ backup directory (/opt/hivemq/backup) satisfies all required file-system permissions.
2025-01-29 18:39:24,896 INFO c.h.h.t.HelmChartContainer - [test-hivemq-platform] [hivemq] [c1f0306f] DEBUG - HiveMQ audit directory (/opt/hivemq/audit) satisfies all required file-system permissions.
2025-01-29 18:39:24,896 INFO c.h.h.t.HelmChartContainer - [test-hivemq-platform] [hivemq] [c1f0306f] DEBUG - HiveMQ extensions directory (/opt/hivemq/extensions) satisfies all required file-system permissions.
2025-01-29 18:39:24,896 INFO c.h.h.t.HelmChartContainer - [test-hivemq-platform] [hivemq] [c1f0306f] DEBUG - Extension directory hivemq-allow-all-extension (/opt/hivemq/extensions/hivemq-allow-all-extension) satisfies all required file-system permissions.
2025-01-29 18:39:24,896 INFO c.h.h.t.HelmChartContainer - [test-hivemq-platform] [hivemq] [c1f0306f] DEBUG - Extension directory hivemq-dns-cluster-discovery (/opt/hivemq/extensions/hivemq-dns-cluster-discovery) satisfies all required file-system permissions.
2025-01-29 18:39:24,898 INFO c.h.h.t.HelmChartContainer - [test-hivemq-platform] [hivemq] [c1f0306f] DEBUG - Extension directory hivemq-prometheus-extension (/opt/hivemq/extensions/hivemq-prometheus-extension) satisfies all required file-system permissions.
2025-01-29 18:39:24,898 INFO c.h.h.t.HelmChartContainer - [test-hivemq-platform] [hivemq] [c1f0306f] DEBUG - Extension directory hivemq-google-cloud-pubsub-extension (/opt/hivemq/extensions/hivemq-google-cloud-pubsub-extension) satisfies all required file-system permissions.
2025-01-29 18:39:24,898 INFO c.h.h.t.HelmChartContainer - [test-hivemq-platform] [hivemq] [c1f0306f] DEBUG - Extension directory hivemq-snowflake-extension (/opt/hivemq/extensions/hivemq-snowflake-extension) satisfies all required file-system permissions.
2025-01-29 18:39:24,898 INFO c.h.h.t.HelmChartContainer - [test-hivemq-platform] [hivemq] [c1f0306f] DEBUG - Extension directory hivemq-postgresql-extension (/opt/hivemq/extensions/hivemq-postgresql-extension) satisfies all required file-system permissions.
2025-01-29 18:39:24,898 INFO c.h.h.t.HelmChartContainer - [test-hivemq-platform] [hivemq] [c1f0306f] DEBUG - Extension directory hivemq-enterprise-security-extension (/opt/hivemq/extensions/hivemq-enterprise-security-extension) satisfies all required file-system permissions.
2025-01-29 18:39:24,899 INFO c.h.h.t.HelmChartContainer - [test-hivemq-platform] [hivemq] [c1f0306f] DEBUG - Extension directory hivemq-mysql-extension (/opt/hivemq/extensions/hivemq-mysql-extension) satisfies all required file-system permissions.
2025-01-29 18:39:24,899 INFO c.h.h.t.HelmChartContainer - [test-hivemq-platform] [hivemq] [c1f0306f] DEBUG - Extension directory hivemq-bridge-extension (/opt/hivemq/extensions/hivemq-bridge-extension) satisfies all required file-system permissions.
2025-01-29 18:39:24,982 INFO c.h.h.t.HelmChartContainer - [test-hivemq-platform] [hivemq] [c1f0306f] DEBUG - Extension directory hivemq-kafka-extension (/opt/hivemq/extensions/hivemq-kafka-extension) satisfies all required file-system permissions.
2025-01-29 18:39:24,982 INFO c.h.h.t.HelmChartContainer - [test-hivemq-platform] [hivemq] [c1f0306f] DEBUG - Extension directory hivemq-distributed-tracing-extension (/opt/hivemq/extensions/hivemq-distributed-tracing-extension) satisfies all required file-system permissions.
2025-01-29 18:39:24,983 INFO c.h.h.t.HelmChartContainer - [test-hivemq-platform] [hivemq] [c1f0306f] DEBUG - Extension directory hivemq-mongodb-extension (/opt/hivemq/extensions/hivemq-mongodb-extension) satisfies all required file-system permissions.
2025-01-29 18:39:24,983 INFO c.h.h.t.HelmChartContainer - [test-hivemq-platform] [hivemq] [c1f0306f] DEBUG - Extension directory hivemq-data-lake-extension (/opt/hivemq/extensions/hivemq-data-lake-extension) satisfies all required file-system permissions.
2025-01-29 18:39:24,983 INFO c.h.h.t.HelmChartContainer - [test-hivemq-platform] [hivemq] [c1f0306f] DEBUG - Extension directory hivemq-amazon-kinesis-extension (/opt/hivemq/extensions/hivemq-amazon-kinesis-extension) satisfies all required file-system permissions.
2025-01-29 18:39:24,983 INFO c.h.h.t.HelmChartContainer - [test-hivemq-platform] [hivemq] [c1f0306f] DEBUG - Extension directory hivemq-microsoft-sql-server-extension (/opt/hivemq/extensions/hivemq-microsoft-sql-server-extension) satisfies all required file-system permissions.
2025-01-29 18:39:24,983 INFO c.h.h.t.HelmChartContainer - [test-hivemq-platform] [hivemq] [c1f0306f] DEBUG - Temporary directory (/tmp) satisfies all required file-system permissions.
2025-01-29 18:39:24,983 INFO c.h.h.t.HelmChartContainer - [test-hivemq-platform] [hivemq] [c1f0306f] DEBUG - Heap dump directory (/opt/hivemq) satisfies all required file-system permissions.
2025-01-29 18:39:24,983 INFO c.h.h.t.HelmChartContainer - [test-hivemq-platform] [hivemq] [c1f0306f] DEBUG - Performed all sanity checks in 295ms. All sanity checks passed successfully.
2025-01-29 18:39:24,986 INFO c.h.h.t.HelmChartContainer - [test-hivemq-platform] [hivemq] [c1f0306f] INFO  - This node's ID is hpENX
2025-01-29 18:39:24,987 INFO c.h.h.t.HelmChartContainer - [test-hivemq-platform] [hivemq] [c1f0306f] INFO  - Clustering is enabled
2025-01-29 18:39:25,989 INFO c.h.h.t.HelmChartContainer - [test-hivemq-platform] [hivemq] [c1f0306f] WARN  - [HiveMQ Platform Operator Init App 1.7.0-SNAPSHOT] Cannot connect to Health API for readiness: null
2025-01-29 18:39:26,045 INFO c.h.h.t.HelmChartContainer - [EVENT] Warning [Unhealthy] Readiness probe failed: HTTP probe failed with statuscode: 503 [helmcustomlogbackit:test-hivemq-platform-0]
2025-01-29 18:39:26,045 INFO c.h.h.t.HelmChartContainer - Received Unhealthy event for container hivemq in pod test-hivemq-platform-0 [c1f0306f-64ec-4a85-8de5-515691b17b63]
2025-01-29 18:39:28,892 INFO c.h.h.t.HelmChartContainer - [test-hivemq-platform] [hivemq] [c1f0306f] Jan 29, 2025 6:39:28 PM io.vertx.core.impl.BlockedThreadChecker
2025-01-29 18:39:28,892 INFO c.h.h.t.HelmChartContainer - [test-hivemq-platform] [hivemq] [c1f0306f] WARNING: Thread Thread[vert.x-eventloop-thread-1,5,main] has been blocked for 2201 ms, time limit is 2000 ms
2025-01-29 18:39:29,386 INFO c.h.h.t.HelmChartContainer - [test-hivemq-platform] [hivemq] [c1f0306f] DEBUG - Configured WriteBufferManager with size for memtables 232460124 and for the block cache 348690186
2025-01-29 18:39:29,387 INFO c.h.h.t.HelmChartContainer - [test-hivemq-platform] [hivemq] [c1f0306f] DEBUG - Starting RocksDBMemoryUsageWatchdog.
2025-01-29 18:39:29,388 INFO c.h.h.t.HelmChartContainer - [test-hivemq-platform] [hivemq] [c1f0306f] DEBUG - RocksDBMemoryUsageWatchdog is running.
2025-01-29 18:39:29,581 INFO c.h.h.t.HelmChartContainer - [test-hivemq-platform] [hivemq] [c1f0306f] INFO  - [HiveMQ Platform Operator Init App 1.7.0-SNAPSHOT] Updating Pod HiveMQ Platform Operator Init App version annotation (version: 1.7.0-SNAPSHOT)
2025-01-29 18:39:29,692 INFO c.h.h.t.HelmChartContainer - [test-hivemq-platform] [hivemq] [c1f0306f] DEBUG - Folder /opt/hivemq/data/persistence does not exist, trying to create it
2025-01-29 18:39:29,692 INFO c.h.h.t.HelmChartContainer - [test-hivemq-platform] [hivemq] [c1f0306f] DEBUG - Created folder /opt/hivemq/data
2025-01-29 18:39:29,693 INFO c.h.h.t.HelmChartContainer - [test-hivemq-platform] [hivemq] [c1f0306f] DEBUG - Folder /opt/hivemq/data/persistence/publish_payload_store/040500_R does not exist, trying to create it
2025-01-29 18:39:29,787 INFO c.h.h.t.HelmChartContainer - [test-hivemq-platform] [hivemq] [c1f0306f] DEBUG - Folder /opt/hivemq/data/persistence/client_queue/042800_R does not exist, trying to create it
2025-01-29 18:39:29,788 INFO c.h.h.t.HelmChartContainer - [test-hivemq-platform] [hivemq] [c1f0306f] DEBUG - Folder /opt/hivemq/data/persistence/client_session_store/040100_R does not exist, trying to create it
2025-01-29 18:39:29,791 INFO c.h.h.t.HelmChartContainer - [test-hivemq-platform] [hivemq] [c1f0306f] DEBUG - Folder /opt/hivemq/data/persistence/client_session_subscriptions/043200_R does not exist, trying to create it
2025-01-29 18:39:29,880 INFO c.h.h.t.HelmChartContainer - [test-hivemq-platform] [hivemq] [c1f0306f] DEBUG - Folder /opt/hivemq/data/persistence/retained_messages/040800_R does not exist, trying to create it
2025-01-29 18:39:29,880 INFO c.h.h.t.HelmChartContainer - [test-hivemq-platform] [hivemq] [c1f0306f] DEBUG - Folder /opt/hivemq/data/persistence/attribute/043100_R does not exist, trying to create it
2025-01-29 18:39:29,886 INFO c.h.h.t.HelmChartContainer - [test-hivemq-platform] [hivemq] [c1f0306f] DEBUG - Folder /opt/hivemq/data/persistence/incoming_message_flow/043000_R does not exist, trying to create it
2025-01-29 18:39:30,389 INFO c.h.h.t.HelmChartContainer - [test-hivemq-platform] [hivemq] [c1f0306f] WARN  - [HiveMQ Platform Operator Init App 1.7.0-SNAPSHOT] Cannot connect to Health API for readiness: null
2025-01-29 18:39:30,442 INFO c.h.h.t.HelmChartContainer - [EVENT] Warning [Unhealthy] Readiness probe failed: HTTP probe failed with statuscode: 503 [helmcustomlogbackit:test-hivemq-platform-0]
2025-01-29 18:39:30,442 INFO c.h.h.t.HelmChartContainer - Received Unhealthy event for container hivemq in pod test-hivemq-platform-0 [c1f0306f-64ec-4a85-8de5-515691b17b63]
2025-01-29 18:39:30,491 INFO c.h.h.t.HelmChartContainer - [test-hivemq-platform] [hivemq] [c1f0306f] DEBUG - Folder /opt/hivemq/data/persistence/data_hub_modules/043000_R does not exist, trying to create it
2025-01-29 18:39:30,583 INFO c.h.h.t.HelmChartContainer - [test-hivemq-platform] [hivemq] [c1f0306f] DEBUG - Folder /opt/hivemq/data/persistence/data_hub_schemas/042000_R does not exist, trying to create it
2025-01-29 18:39:30,587 INFO c.h.h.t.HelmChartContainer - [test-hivemq-platform] [hivemq] [c1f0306f] DEBUG - Folder /opt/hivemq/data/persistence/data_hub_scripts/042300_R does not exist, trying to create it
2025-01-29 18:39:30,589 INFO c.h.h.t.HelmChartContainer - [test-hivemq-platform] [hivemq] [c1f0306f] DEBUG - Folder /opt/hivemq/data/persistence/data_hub_policies/042000_R does not exist, trying to create it
2025-01-29 18:39:30,701 INFO c.h.h.t.HelmChartContainer - [POD] test-hivemq-platform-0 [c1f0306f-64ec-4a85-8de5-515691b17b63] in helmcustomlogbackit was MODIFIED
2025-01-29 18:39:30,708 INFO c.h.h.t.HelmChartContainer - [hivemq-test-hivemq-platform] [hivemq-platform-operator] [200a0c17] 18:39:30.707 [pool-6-thread-23] DEBUG c.h.p.o.d.PlatformServiceResource - [helmcust] Desired Platform services (3 services)
2025-01-29 18:39:30,710 INFO c.h.h.t.HelmChartContainer - [hivemq-test-hivemq-platform] [hivemq-platform-operator] [200a0c17] 18:39:30.708 [pool-6-thread-24] DEBUG c.h.p.o.d.PodServiceAccountResource - [helmcust] Desired PodServiceAccountResource (serviceAccountName: hivemq-platform-pod-test-hivemq-platform)
2025-01-29 18:39:30,711 INFO c.h.h.t.HelmChartContainer - [hivemq-test-hivemq-platform] [hivemq-platform-operator] [200a0c17] 18:39:30.711 [pool-6-thread-27] DEBUG c.h.p.o.dependants.PodInfoConfigMap - [helmcust] Desired PodInfo ConfigMap (1 extensions) (1 enabled)
2025-01-29 18:39:30,713 INFO c.h.h.t.HelmChartContainer - [hivemq-test-hivemq-platform] [hivemq-platform-operator] [200a0c17] 18:39:30.711 [pool-6-thread-27] DEBUG c.h.p.o.dependants.PodInfoConfigMap - [helmcust] Desired PodInfo ConfigMap (metrics port: 9399) (metrics path: /)
2025-01-29 18:39:30,715 INFO c.h.h.t.HelmChartContainer - [hivemq-test-hivemq-platform] [hivemq-platform-operator] [200a0c17] 18:39:30.712 [pool-6-thread-27] DEBUG c.h.p.o.dependants.PodInfoConfigMap - [helmcust] Desired PodInfo ConfigMap (extension state hash: -1817474005)
2025-01-29 18:39:30,715 INFO c.h.h.t.HelmChartContainer - [hivemq-test-hivemq-platform] [hivemq-platform-operator] [200a0c17] 18:39:30.714 [pool-6-thread-27] DEBUG c.h.p.o.d.StatefulSetResource - [helmcust] Desired StatefulSet (1 replicas) for status STARTING (READY)
2025-01-29 18:39:30,718 INFO c.h.h.t.HelmChartContainer - [hivemq-test-hivemq-platform] [hivemq-platform-operator] [200a0c17] 18:39:30.717 [ReconcilerExecutor-hivemq-controller-112] INFO  c.h.p.o.HiveMQPlatformReconciler - [helmcust] Reconciling HiveMQ Platform 'test-hivemq-platform' in namespace 'helmcustomlogbackit'
2025-01-29 18:39:30,718 INFO c.h.h.t.HelmChartContainer - [hivemq-test-hivemq-platform] [hivemq-platform-operator] [200a0c17] 18:39:30.717 [ReconcilerExecutor-hivemq-controller-112] DEBUG c.h.p.o.HiveMQPlatformReconciler - [helmcust] Custom Resource Status STARTING - HiveMQ Platform is starting (READY)
2025-01-29 18:39:30,719 INFO c.h.h.t.HelmChartContainer - [hivemq-test-hivemq-platform] [hivemq-platform-operator] [200a0c17] 18:39:30.717 [ReconcilerExecutor-hivemq-controller-112] DEBUG c.h.p.o.HiveMQPlatformReconciler - [helmcust] Custom Resource Spec (replicas: 1) (extensions: 1)
2025-01-29 18:39:30,720 INFO c.h.h.t.HelmChartContainer - [hivemq-test-hivemq-platform] [hivemq-platform-operator] [200a0c17] 18:39:30.720 [ReconcilerExecutor-hivemq-controller-112] DEBUG c.h.p.o.HiveMQPlatformReconciler - [helmcust] StatefulSet Status (revision: test-hivemq-platform-989b74cd6, replicas: 1, available: 0, ready: 0, current: 1, updated: 1)
2025-01-29 18:39:30,720 INFO c.h.h.t.HelmChartContainer - [hivemq-test-hivemq-platform] [hivemq-platform-operator] [200a0c17] 18:39:30.720 [ReconcilerExecutor-hivemq-controller-112] DEBUG c.h.p.o.HiveMQPlatformReconciler - [helmcust] StatefulSet Spec (replicas: 1, init containers: 1, containers: 1, volumes: 3)
2025-01-29 18:39:30,773 INFO c.h.h.t.HelmChartContainer - [hivemq-test-hivemq-platform] [hivemq-platform-operator] [200a0c17] 18:39:30.772 [ReconcilerExecutor-hivemq-controller-112] DEBUG c.h.p.o.h.HiveMQPlatformReconcilerErrorHandler - [helmcust] Pod 'test-hivemq-platform-0' phase Running
2025-01-29 18:39:30,774 INFO c.h.h.t.HelmChartContainer - [hivemq-test-hivemq-platform] [hivemq-platform-operator] [200a0c17] 18:39:30.774 [ReconcilerExecutor-hivemq-controller-112] INFO  c.h.p.o.h.HiveMQPlatformReconcilerBaseHandler - [helmcust] HiveMQ Platform is starting, 0 of 1 replicas are ready
2025-01-29 18:39:30,788 INFO c.h.h.t.HelmChartContainer - [test-hivemq-platform] [hivemq] [c1f0306f] WARN  - [HiveMQ Platform Operator Init App 1.7.0-SNAPSHOT] Cannot connect to Health API for readiness: null
2025-01-29 18:39:30,792 INFO c.h.h.t.HelmChartContainer - [test-hivemq-platform] [hivemq] [c1f0306f] INFO  - [HiveMQ Platform Operator Init App 1.7.0-SNAPSHOT] Successfully updated Pod HiveMQ Platform Operator Init App version annotation (version: 1.7.0-SNAPSHOT)
2025-01-29 18:39:30,795 INFO c.h.h.t.HelmChartContainer - [EVENT] Warning [Unhealthy] Readiness probe failed: HTTP probe failed with statuscode: 503 [helmcustomlogbackit:test-hivemq-platform-0]
2025-01-29 18:39:30,795 INFO c.h.h.t.HelmChartContainer - Received Unhealthy event for container hivemq in pod test-hivemq-platform-0 [c1f0306f-64ec-4a85-8de5-515691b17b63]
2025-01-29 18:39:35,697 INFO c.h.h.t.HelmChartContainer - [test-hivemq-platform] [hivemq] [c1f0306f] DEBUG - Diagnostic mode is disabled
2025-01-29 18:39:35,786 INFO c.h.h.t.HelmChartContainer - [test-hivemq-platform] [hivemq] [c1f0306f] WARN  - [HiveMQ Platform Operator Init App 1.7.0-SNAPSHOT] Cannot connect to Health API for readiness: null
2025-01-29 18:39:35,792 INFO c.h.h.t.HelmChartContainer - [EVENT] Warning [Unhealthy] Readiness probe failed: HTTP probe failed with statuscode: 503 [helmcustomlogbackit:test-hivemq-platform-0]
2025-01-29 18:39:35,793 INFO c.h.h.t.HelmChartContainer - Received Unhealthy event for container hivemq in pod test-hivemq-platform-0 [c1f0306f-64ec-4a85-8de5-515691b17b63]
2025-01-29 18:39:40,781 INFO c.h.h.t.HelmChartContainer - [hivemq-test-hivemq-platform] [hivemq-platform-operator] [200a0c17] 18:39:40.777 [pool-6-thread-37] DEBUG c.h.p.o.d.PlatformServiceResource - [helmcust] Desired Platform services (3 services)
2025-01-29 18:39:40,781 INFO c.h.h.t.HelmChartContainer - [hivemq-test-hivemq-platform] [hivemq-platform-operator] [200a0c17] 18:39:40.778 [pool-6-thread-36] DEBUG c.h.p.o.dependants.PodInfoConfigMap - [helmcust] Desired PodInfo ConfigMap (1 extensions) (1 enabled)
2025-01-29 18:39:40,781 INFO c.h.h.t.HelmChartContainer - [hivemq-test-hivemq-platform] [hivemq-platform-operator] [200a0c17] 18:39:40.778 [pool-6-thread-36] DEBUG c.h.p.o.dependants.PodInfoConfigMap - [helmcust] Desired PodInfo ConfigMap (metrics port: 9399) (metrics path: /)
2025-01-29 18:39:40,781 INFO c.h.h.t.HelmChartContainer - [hivemq-test-hivemq-platform] [hivemq-platform-operator] [200a0c17] 18:39:40.778 [pool-6-thread-36] DEBUG c.h.p.o.dependants.PodInfoConfigMap - [helmcust] Desired PodInfo ConfigMap (extension state hash: -1817474005)
2025-01-29 18:39:40,781 INFO c.h.h.t.HelmChartContainer - [hivemq-test-hivemq-platform] [hivemq-platform-operator] [200a0c17] 18:39:40.779 [pool-6-thread-36] DEBUG c.h.p.o.d.PodServiceAccountResource - [helmcust] Desired PodServiceAccountResource (serviceAccountName: hivemq-platform-pod-test-hivemq-platform)
2025-01-29 18:39:40,791 INFO c.h.h.t.HelmChartContainer - [test-hivemq-platform] [hivemq] [c1f0306f] WARN  - [HiveMQ Platform Operator Init App 1.7.0-SNAPSHOT] Cannot connect to Health API for readiness: null
2025-01-29 18:39:40,791 INFO c.h.h.t.HelmChartContainer - [hivemq-test-hivemq-platform] [hivemq-platform-operator] [200a0c17] 18:39:40.787 [pool-6-thread-37] DEBUG c.h.p.o.d.StatefulSetResource - [helmcust] Desired StatefulSet (1 replicas) for status STARTING (READY)
2025-01-29 18:39:40,794 INFO c.h.h.t.HelmChartContainer - [hivemq-test-hivemq-platform] [hivemq-platform-operator] [200a0c17] 18:39:40.792 [ReconcilerExecutor-hivemq-controller-113] INFO  c.h.p.o.HiveMQPlatformReconciler - [helmcust] Reconciling HiveMQ Platform 'test-hivemq-platform' in namespace 'helmcustomlogbackit'
2025-01-29 18:39:40,794 INFO c.h.h.t.HelmChartContainer - [hivemq-test-hivemq-platform] [hivemq-platform-operator] [200a0c17] 18:39:40.792 [ReconcilerExecutor-hivemq-controller-113] DEBUG c.h.p.o.HiveMQPlatformReconciler - [helmcust] Custom Resource Status STARTING - HiveMQ Platform is starting (READY)
2025-01-29 18:39:40,794 INFO c.h.h.t.HelmChartContainer - [hivemq-test-hivemq-platform] [hivemq-platform-operator] [200a0c17] 18:39:40.793 [ReconcilerExecutor-hivemq-controller-113] DEBUG c.h.p.o.HiveMQPlatformReconciler - [helmcust] Custom Resource Spec (replicas: 1) (extensions: 1)
2025-01-29 18:39:40,795 INFO c.h.h.t.HelmChartContainer - [EVENT] Warning [Unhealthy] Readiness probe failed: HTTP probe failed with statuscode: 503 [helmcustomlogbackit:test-hivemq-platform-0]
2025-01-29 18:39:40,795 INFO c.h.h.t.HelmChartContainer - Received Unhealthy event for container hivemq in pod test-hivemq-platform-0 [c1f0306f-64ec-4a85-8de5-515691b17b63]
2025-01-29 18:39:40,796 INFO c.h.h.t.HelmChartContainer - [hivemq-test-hivemq-platform] [hivemq-platform-operator] [200a0c17] 18:39:40.795 [ReconcilerExecutor-hivemq-controller-113] DEBUG c.h.p.o.HiveMQPlatformReconciler - [helmcust] StatefulSet Status (revision: test-hivemq-platform-989b74cd6, replicas: 1, available: 0, ready: 0, current: 1, updated: 1)
2025-01-29 18:39:40,796 INFO c.h.h.t.HelmChartContainer - [hivemq-test-hivemq-platform] [hivemq-platform-operator] [200a0c17] 18:39:40.795 [ReconcilerExecutor-hivemq-controller-113] DEBUG c.h.p.o.HiveMQPlatformReconciler - [helmcust] StatefulSet Spec (replicas: 1, init containers: 1, containers: 1, volumes: 3)
2025-01-29 18:39:40,798 INFO c.h.h.t.HelmChartContainer - [hivemq-test-hivemq-platform] [hivemq-platform-operator] [200a0c17] 18:39:40.797 [ReconcilerExecutor-hivemq-controller-113] DEBUG c.h.p.o.h.HiveMQPlatformReconcilerErrorHandler - [helmcust] Pod 'test-hivemq-platform-0' phase Running
2025-01-29 18:39:40,799 INFO c.h.h.t.HelmChartContainer - [hivemq-test-hivemq-platform] [hivemq-platform-operator] [200a0c17] 18:39:40.798 [ReconcilerExecutor-hivemq-controller-113] INFO  c.h.p.o.h.HiveMQPlatformReconcilerBaseHandler - [helmcust] HiveMQ Platform is starting, 0 of 1 replicas are ready
2025-01-29 18:39:41,483 INFO c.h.h.t.HelmChartContainer - [test-hivemq-platform] [hivemq] [c1f0306f] WARN  - [HiveMQ Platform Operator Init App 1.7.0-SNAPSHOT] Cannot connect to Health API for liveness: null
2025-01-29 18:39:41,484 INFO c.h.h.t.HelmChartContainer - [test-hivemq-platform] [hivemq] [c1f0306f] INFO  - [HiveMQ Platform Operator Init App 1.7.0-SNAPSHOT] Returning default Health API response 200 for liveness
2025-01-29 18:39:42,092 INFO c.h.h.t.HelmChartContainer - [test-hivemq-platform] [hivemq] [c1f0306f] INFO  - No valid license file found. Using trial license, restricted to 25 connections.
2025-01-29 18:39:42,491 INFO c.h.h.t.HelmChartContainer - [test-hivemq-platform] [hivemq] [c1f0306f] DEBUG - Native Epoll is available on this platform
2025-01-29 18:39:42,583 INFO c.h.h.t.HelmChartContainer - [test-hivemq-platform] [hivemq] [c1f0306f] DEBUG - Set extension executor thread pool size to 1
2025-01-29 18:39:42,586 INFO c.h.h.t.HelmChartContainer - [test-hivemq-platform] [hivemq] [c1f0306f] DEBUG - Set extension executor thread pool keep-alive to 30 seconds
2025-01-29 18:39:42,587 INFO c.h.h.t.HelmChartContainer - [test-hivemq-platform] [hivemq] [c1f0306f] DEBUG - initializing RSA key
2025-01-29 18:39:44,444 INFO c.h.h.t.HelmChartContainer - [test-hivemq-platform] [hivemq] [c1f0306f] DEBUG - finished initializing RSA key in 1856ms
2025-01-29 18:39:45,587 INFO c.h.h.t.HelmChartContainer - [test-hivemq-platform] [hivemq] [c1f0306f] DEBUG - Unable to provide size and free metrics for disk /dev/sda: Could not find the corresponding FileStore (OSHI/Java).
2025-01-29 18:39:45,587 INFO c.h.h.t.HelmChartContainer - [test-hivemq-platform] [hivemq] [c1f0306f] DEBUG - Unable to provide size and free metrics for disk /dev/sdb: Could not find the corresponding FileStore (OSHI/Java).
2025-01-29 18:39:45,589 INFO c.h.h.t.HelmChartContainer - [test-hivemq-platform] [hivemq] [c1f0306f] DEBUG - Throttling incoming traffic to 0 B/s
2025-01-29 18:39:45,589 INFO c.h.h.t.HelmChartContainer - [test-hivemq-platform] [hivemq] [c1f0306f] DEBUG - Throttling outgoing traffic to 0 B/s
2025-01-29 18:39:45,701 INFO c.h.h.t.HelmChartContainer - [test-hivemq-platform] [hivemq] [c1f0306f] INFO  - No valid license file for Data Hub found. Using free license, restricted to 1 policy.
2025-01-29 18:39:45,782 INFO c.h.h.t.HelmChartContainer - [test-hivemq-platform] [hivemq] [c1f0306f] WARN  - [HiveMQ Platform Operator Init App 1.7.0-SNAPSHOT] Cannot connect to Health API for readiness: null
2025-01-29 18:39:45,787 INFO c.h.h.t.HelmChartContainer - [EVENT] Warning [Unhealthy] Readiness probe failed: HTTP probe failed with statuscode: 503 [helmcustomlogbackit:test-hivemq-platform-0]
2025-01-29 18:39:45,787 INFO c.h.h.t.HelmChartContainer - Received Unhealthy event for container hivemq in pod test-hivemq-platform-0 [c1f0306f-64ec-4a85-8de5-515691b17b63]
2025-01-29 18:39:45,787 INFO c.h.h.t.HelmChartContainer - [test-hivemq-platform] [hivemq] [c1f0306f] DEBUG - Building initial topic tree
2025-01-29 18:39:45,988 INFO c.h.h.t.HelmChartContainer - [test-hivemq-platform] [hivemq] [c1f0306f] DEBUG - Started JMX Metrics Reporting.
2025-01-29 18:39:46,090 INFO c.h.h.t.HelmChartContainer - [test-hivemq-platform] [hivemq] [c1f0306f] DEBUG - Registered JVM metrics with prefix com.hivemq.jvm.
2025-01-29 18:39:46,183 INFO c.h.h.t.HelmChartContainer - [test-hivemq-platform] [hivemq] [c1f0306f] DEBUG - Registered HiveMQ Health API metrics.
2025-01-29 18:39:46,911 INFO c.h.h.t.HelmChartContainer - [test-hivemq-platform] [hivemq] [c1f0306f] INFO  - Audit Logger started.
2025-01-29 18:39:47,203 INFO c.h.h.t.HelmChartContainer - [test-hivemq-platform] [hivemq] [c1f0306f] INFO  - This node uses '1' CPU cores.
2025-01-29 18:39:47,206 INFO c.h.h.t.HelmChartContainer - [test-hivemq-platform] [hivemq] [c1f0306f] INFO  - Starting HiveMQ Health API on address 0.0.0.0 and port 8889
2025-01-29 18:39:47,995 INFO c.h.h.t.HelmChartContainer - [test-hivemq-platform] [hivemq] [c1f0306f] INFO  - Started HiveMQ Health API in 787ms
2025-01-29 18:39:48,491 INFO c.h.h.t.HelmChartContainer - [test-hivemq-platform] [hivemq] [c1f0306f] INFO  - Starting HiveMQ extension system.
2025-01-29 18:39:48,782 INFO c.h.h.t.HelmChartContainer - [test-hivemq-platform] [hivemq] [c1f0306f] INFO  - Starting extension with id "hivemq-dns-cluster-discovery" at /opt/hivemq/extensions/hivemq-dns-cluster-discovery
2025-01-29 18:39:48,886 INFO c.h.h.t.HelmChartContainer - [test-hivemq-platform] [hivemq] [c1f0306f] DEBUG - HiveMQ DNS Cluster Discovery Extension: No DNS server address was set in the configuration file or environment variable.
2025-01-29 18:39:48,890 INFO c.h.h.t.HelmChartContainer - [test-hivemq-platform] [hivemq] [c1f0306f] DEBUG - HiveMQ DNS Cluster Discovery Extension: No reload interval was set in the configuration file or environment variable. Defaulting to 30.
2025-01-29 18:39:49,190 INFO c.h.h.t.HelmChartContainer - [test-hivemq-platform] [hivemq] [c1f0306f] INFO  - Extension "DNS Cluster Discovery Extension" version 4.3.2 started successfully.
2025-01-29 18:39:49,191 INFO c.h.h.t.HelmChartContainer - [test-hivemq-platform] [hivemq] [c1f0306f] INFO  - Starting extension with id "hivemq-prometheus-extension" at /opt/hivemq/extensions/hivemq-prometheus-extension
2025-01-29 18:39:49,286 INFO c.h.h.t.HelmChartContainer - [test-hivemq-platform] [hivemq] [c1f0306f] INFO  - Using TCP cluster transport on address 10.42.0.9 and port 7000
2025-01-29 18:39:49,382 INFO c.h.h.t.HelmChartContainer - [test-hivemq-platform] [hivemq] [c1f0306f] INFO  - Using extension cluster discovery
2025-01-29 18:39:50,085 INFO c.h.h.t.HelmChartContainer - [test-hivemq-platform] [hivemq] [c1f0306f] INFO  - Started Jetty Server exposing Prometheus Servlet on URI http://0.0.0.0:9399/
2025-01-29 18:39:50,086 INFO c.h.h.t.HelmChartContainer - [test-hivemq-platform] [hivemq] [c1f0306f] INFO  - Extension "Prometheus Monitoring Extension" version 4.0.12 started successfully.
2025-01-29 18:39:50,086 INFO c.h.h.t.HelmChartContainer - [test-hivemq-platform] [hivemq] [c1f0306f] INFO  - Starting extension with id "hivemq-allow-all-extension" at /opt/hivemq/extensions/hivemq-allow-all-extension
2025-01-29 18:39:50,086 INFO c.h.h.t.HelmChartContainer - [test-hivemq-platform] [hivemq] [c1f0306f] WARN  - 
2025-01-29 18:39:50,086 INFO c.h.h.t.HelmChartContainer - [test-hivemq-platform] [hivemq] [c1f0306f] ################################################################################################################
2025-01-29 18:39:50,086 INFO c.h.h.t.HelmChartContainer - [test-hivemq-platform] [hivemq] [c1f0306f] # This HiveMQ deployment is not secure! You are lacking Authentication and Authorization.                      #
2025-01-29 18:39:50,086 INFO c.h.h.t.HelmChartContainer - [test-hivemq-platform] [hivemq] [c1f0306f] # Right now any MQTT client can connect to the broker with a full set of permissions.                          #
2025-01-29 18:39:50,086 INFO c.h.h.t.HelmChartContainer - [test-hivemq-platform] [hivemq] [c1f0306f] # For production usage, add an appropriate security extension and remove the hivemq-allow-all extension.       #
2025-01-29 18:39:50,086 INFO c.h.h.t.HelmChartContainer - [test-hivemq-platform] [hivemq] [c1f0306f] # You can download security extensions from the HiveMQ Marketplace (https://www.hivemq.com/extensions/).       #
2025-01-29 18:39:50,086 INFO c.h.h.t.HelmChartContainer - [test-hivemq-platform] [hivemq] [c1f0306f] ################################################################################################################
2025-01-29 18:39:50,086 INFO c.h.h.t.HelmChartContainer - [test-hivemq-platform] [hivemq] [c1f0306f] DEBUG - Simple authenticator added by extension 'hivemq-allow-all-extension'.
2025-01-29 18:39:50,087 INFO c.h.h.t.HelmChartContainer - [test-hivemq-platform] [hivemq] [c1f0306f] INFO  - Extension "Allow All Extension" version 1.1.1 started successfully.
2025-01-29 18:39:50,306 INFO c.h.h.t.HelmChartContainer - [test-hivemq-platform] [hivemq] [c1f0306f] DEBUG - HiveMQ DNS Cluster Discovery Extension: Discovered new address '10.42.0.9'.
2025-01-29 18:39:50,804 INFO c.h.h.t.HelmChartContainer - [hivemq-test-hivemq-platform] [hivemq-platform-operator] [200a0c17] 18:39:50.802 [pool-6-thread-45] DEBUG c.h.p.o.d.PlatformServiceResource - [helmcust] Desired Platform services (3 services)
2025-01-29 18:39:50,806 INFO c.h.h.t.HelmChartContainer - [hivemq-test-hivemq-platform] [hivemq-platform-operator] [200a0c17] 18:39:50.803 [pool-6-thread-43] DEBUG c.h.p.o.d.PodServiceAccountResource - [helmcust] Desired PodServiceAccountResource (serviceAccountName: hivemq-platform-pod-test-hivemq-platform)
2025-01-29 18:39:50,806 INFO c.h.h.t.HelmChartContainer - [hivemq-test-hivemq-platform] [hivemq-platform-operator] [200a0c17] 18:39:50.803 [pool-6-thread-49] DEBUG c.h.p.o.dependants.PodInfoConfigMap - [helmcust] Desired PodInfo ConfigMap (1 extensions) (1 enabled)
2025-01-29 18:39:50,810 INFO c.h.h.t.HelmChartContainer - [hivemq-test-hivemq-platform] [hivemq-platform-operator] [200a0c17] 18:39:50.806 [pool-6-thread-49] DEBUG c.h.p.o.dependants.PodInfoConfigMap - [helmcust] Desired PodInfo ConfigMap (metrics port: 9399) (metrics path: /)
2025-01-29 18:39:50,810 INFO c.h.h.t.HelmChartContainer - [hivemq-test-hivemq-platform] [hivemq-platform-operator] [200a0c17] 18:39:50.807 [pool-6-thread-49] DEBUG c.h.p.o.dependants.PodInfoConfigMap - [helmcust] Desired PodInfo ConfigMap (extension state hash: -1817474005)
2025-01-29 18:39:50,815 INFO c.h.h.t.HelmChartContainer - [hivemq-test-hivemq-platform] [hivemq-platform-operator] [200a0c17] 18:39:50.814 [pool-6-thread-45] DEBUG c.h.p.o.d.StatefulSetResource - [helmcust] Desired StatefulSet (1 replicas) for status STARTING (READY)
2025-01-29 18:39:50,819 INFO c.h.h.t.HelmChartContainer - [hivemq-test-hivemq-platform] [hivemq-platform-operator] [200a0c17] 18:39:50.818 [ReconcilerExecutor-hivemq-controller-114] INFO  c.h.p.o.HiveMQPlatformReconciler - [helmcust] Reconciling HiveMQ Platform 'test-hivemq-platform' in namespace 'helmcustomlogbackit'
2025-01-29 18:39:50,819 INFO c.h.h.t.HelmChartContainer - [hivemq-test-hivemq-platform] [hivemq-platform-operator] [200a0c17] 18:39:50.818 [ReconcilerExecutor-hivemq-controller-114] DEBUG c.h.p.o.HiveMQPlatformReconciler - [helmcust] Custom Resource Status STARTING - HiveMQ Platform is starting (READY)
2025-01-29 18:39:50,820 INFO c.h.h.t.HelmChartContainer - [hivemq-test-hivemq-platform] [hivemq-platform-operator] [200a0c17] 18:39:50.818 [ReconcilerExecutor-hivemq-controller-114] DEBUG c.h.p.o.HiveMQPlatformReconciler - [helmcust] Custom Resource Spec (replicas: 1) (extensions: 1)
2025-01-29 18:39:50,821 INFO c.h.h.t.HelmChartContainer - [hivemq-test-hivemq-platform] [hivemq-platform-operator] [200a0c17] 18:39:50.820 [ReconcilerExecutor-hivemq-controller-114] DEBUG c.h.p.o.HiveMQPlatformReconciler - [helmcust] StatefulSet Status (revision: test-hivemq-platform-989b74cd6, replicas: 1, available: 0, ready: 0, current: 1, updated: 1)
2025-01-29 18:39:50,821 INFO c.h.h.t.HelmChartContainer - [hivemq-test-hivemq-platform] [hivemq-platform-operator] [200a0c17] 18:39:50.820 [ReconcilerExecutor-hivemq-controller-114] DEBUG c.h.p.o.HiveMQPlatformReconciler - [helmcust] StatefulSet Spec (replicas: 1, init containers: 1, containers: 1, volumes: 3)
2025-01-29 18:39:50,881 INFO c.h.h.t.HelmChartContainer - [hivemq-test-hivemq-platform] [hivemq-platform-operator] [200a0c17] 18:39:50.879 [ReconcilerExecutor-hivemq-controller-114] DEBUG c.h.p.o.h.HiveMQPlatformReconcilerErrorHandler - [helmcust] Pod 'test-hivemq-platform-0' phase Running
2025-01-29 18:39:50,882 INFO c.h.h.t.HelmChartContainer - [hivemq-test-hivemq-platform] [hivemq-platform-operator] [200a0c17] 18:39:50.880 [ReconcilerExecutor-hivemq-controller-114] INFO  c.h.p.o.h.HiveMQPlatformReconcilerBaseHandler - [helmcust] HiveMQ Platform is starting, 0 of 1 replicas are ready
2025-01-29 18:39:51,189 INFO c.h.h.t.HelmChartContainer - [test-hivemq-platform] [hivemq] [c1f0306f] INFO  - [HiveMQ Platform Operator Init App 1.7.0-SNAPSHOT] Returning Health API response 503 for readiness
2025-01-29 18:39:51,193 INFO c.h.h.t.HelmChartContainer - [EVENT] Warning [Unhealthy] Readiness probe failed: HTTP probe failed with statuscode: 503 [helmcustomlogbackit:test-hivemq-platform-0]
2025-01-29 18:39:51,193 INFO c.h.h.t.HelmChartContainer - Received Unhealthy event for container hivemq in pod test-hivemq-platform-0 [c1f0306f-64ec-4a85-8de5-515691b17b63]
2025-01-29 18:39:52,381 INFO c.h.h.t.HelmChartContainer - [test-hivemq-platform] [hivemq] [c1f0306f] INFO  - hpENX: no members discovered after 2497 ms: creating cluster as first member
2025-01-29 18:39:52,388 INFO c.h.h.t.HelmChartContainer - [test-hivemq-platform] [hivemq] [c1f0306f] INFO  - Cluster nodes found by discovery: [hpENX|0] (1) [hpENX].
2025-01-29 18:39:52,390 INFO c.h.h.t.HelmChartContainer - [test-hivemq-platform] [hivemq] [c1f0306f] DEBUG - State of node hpENX changed to UNKNOWN was null. Current cluster node states: {hpENX=UNKNOWN}
2025-01-29 18:39:52,484 INFO c.h.h.t.HelmChartContainer - [test-hivemq-platform] [hivemq] [c1f0306f] DEBUG - State of node hpENX set to RUNNING. Current cluster node states: {hpENX=RUNNING}
2025-01-29 18:39:52,485 INFO c.h.h.t.HelmChartContainer - [test-hivemq-platform] [hivemq] [c1f0306f] WARN  - No user for HiveMQ Control Center configured. Starting with default user
2025-01-29 18:39:52,486 INFO c.h.h.t.HelmChartContainer - [test-hivemq-platform] [hivemq] [c1f0306f] INFO  - Starting HiveMQ Control Center on address 0.0.0.0 and port 8080
2025-01-29 18:39:52,489 INFO c.h.h.t.HelmChartContainer - [test-hivemq-platform] [hivemq] [c1f0306f] INFO  - Mounting HiveMQ Control Center V2 Preview
2025-01-29 18:39:53,094 INFO c.h.h.t.HelmChartContainer - [test-hivemq-platform] [hivemq] [c1f0306f] INFO  - Started HiveMQ Control Center in 609ms
2025-01-29 18:39:53,108 INFO c.h.h.t.HelmChartContainer - [test-hivemq-platform] [hivemq] [c1f0306f] INFO  - Starting TCP listener on address 0.0.0.0 and port 1883
2025-01-29 18:39:53,192 INFO c.h.h.t.HelmChartContainer - [test-hivemq-platform] [hivemq] [c1f0306f] INFO  - Started TCP Listener on address 0.0.0.0 and on port 1883.
2025-01-29 18:39:53,193 INFO c.h.h.t.HelmChartContainer - [test-hivemq-platform] [hivemq] [c1f0306f] INFO  - Started HiveMQ in 31008ms
2025-01-29 18:39:55,706 INFO c.h.h.t.HelmChartContainer - [test-hivemq-platform] [hivemq] [c1f0306f] INFO  - [HiveMQ Platform Operator Init App 1.7.0-SNAPSHOT] Returning Health API response 200 for readiness
2025-01-29 18:39:55,725 INFO c.h.h.t.HelmChartContainer - [POD] test-hivemq-platform-0 [c1f0306f-64ec-4a85-8de5-515691b17b63] in helmcustomlogbackit was MODIFIED
2025-01-29 18:39:55,729 INFO c.h.h.t.HelmChartContainer - [hivemq-test-hivemq-platform] [hivemq-platform-operator] [200a0c17] 18:39:55.724 [pool-6-thread-2] DEBUG c.h.p.o.d.PlatformServiceResource - [helmcust] Desired Platform services (3 services)
2025-01-29 18:39:55,729 INFO c.h.h.t.HelmChartContainer - [hivemq-test-hivemq-platform] [hivemq-platform-operator] [200a0c17] 18:39:55.727 [pool-6-thread-5] DEBUG c.h.p.o.dependants.PodInfoConfigMap - [helmcust] Desired PodInfo ConfigMap (1 extensions) (1 enabled)
2025-01-29 18:39:55,732 INFO c.h.h.t.HelmChartContainer - [hivemq-test-hivemq-platform] [hivemq-platform-operator] [200a0c17] 18:39:55.730 [pool-6-thread-5] DEBUG c.h.p.o.dependants.PodInfoConfigMap - [helmcust] Desired PodInfo ConfigMap (metrics port: 9399) (metrics path: /)
2025-01-29 18:39:55,732 INFO c.h.h.t.HelmChartContainer - [hivemq-test-hivemq-platform] [hivemq-platform-operator] [200a0c17] 18:39:55.730 [pool-6-thread-5] DEBUG c.h.p.o.dependants.PodInfoConfigMap - [helmcust] Desired PodInfo ConfigMap (extension state hash: -1817474005)
2025-01-29 18:39:55,733 INFO c.h.h.t.HelmChartContainer - [hivemq-test-hivemq-platform] [hivemq-platform-operator] [200a0c17] 18:39:55.728 [pool-6-thread-10] DEBUG c.h.p.o.d.PodServiceAccountResource - [helmcust] Desired PodServiceAccountResource (serviceAccountName: hivemq-platform-pod-test-hivemq-platform)
2025-01-29 18:39:55,738 INFO c.h.h.t.HelmChartContainer - [hivemq-test-hivemq-platform] [hivemq-platform-operator] [200a0c17] 18:39:55.734 [pool-6-thread-2] DEBUG c.h.p.o.d.StatefulSetResource - [helmcust] Desired StatefulSet (1 replicas) for status STARTING (READY)
2025-01-29 18:39:55,740 INFO c.h.h.t.HelmChartContainer - [hivemq-test-hivemq-platform] [hivemq-platform-operator] [200a0c17] 18:39:55.740 [ReconcilerExecutor-hivemq-controller-115] INFO  c.h.p.o.HiveMQPlatformReconciler - [helmcust] Reconciling HiveMQ Platform 'test-hivemq-platform' in namespace 'helmcustomlogbackit'
2025-01-29 18:39:55,740 INFO c.h.h.t.HelmChartContainer - [hivemq-test-hivemq-platform] [hivemq-platform-operator] [200a0c17] 18:39:55.740 [ReconcilerExecutor-hivemq-controller-115] DEBUG c.h.p.o.HiveMQPlatformReconciler - [helmcust] Custom Resource Status STARTING - HiveMQ Platform is starting (READY)
2025-01-29 18:39:55,742 INFO c.h.h.t.HelmChartContainer - [hivemq-test-hivemq-platform] [hivemq-platform-operator] [200a0c17] 18:39:55.740 [ReconcilerExecutor-hivemq-controller-115] DEBUG c.h.p.o.HiveMQPlatformReconciler - [helmcust] Custom Resource Spec (replicas: 1) (extensions: 1)
2025-01-29 18:39:55,743 INFO c.h.h.t.HelmChartContainer - [hivemq-test-hivemq-platform] [hivemq-platform-operator] [200a0c17] 18:39:55.742 [ReconcilerExecutor-hivemq-controller-115] DEBUG c.h.p.o.HiveMQPlatformReconciler - [helmcust] StatefulSet Status (revision: test-hivemq-platform-989b74cd6, replicas: 1, available: 0, ready: 0, current: 1, updated: 1)
2025-01-29 18:39:55,744 INFO c.h.h.t.HelmChartContainer - [hivemq-test-hivemq-platform] [hivemq-platform-operator] [200a0c17] 18:39:55.742 [ReconcilerExecutor-hivemq-controller-115] DEBUG c.h.p.o.HiveMQPlatformReconciler - [helmcust] StatefulSet Spec (replicas: 1, init containers: 1, containers: 1, volumes: 3)
2025-01-29 18:39:55,745 INFO c.h.h.t.HelmChartContainer - [hivemq-test-hivemq-platform] [hivemq-platform-operator] [200a0c17] 18:39:55.744 [ReconcilerExecutor-hivemq-controller-115] DEBUG c.h.p.o.h.HiveMQPlatformReconcilerErrorHandler - [helmcust] Pod 'test-hivemq-platform-0' phase Running
2025-01-29 18:39:55,746 INFO c.h.h.t.HelmChartContainer - [hivemq-test-hivemq-platform] [hivemq-platform-operator] [200a0c17] 18:39:55.745 [ReconcilerExecutor-hivemq-controller-115] INFO  c.h.p.o.h.HiveMQPlatformReconcilerBaseHandler - [helmcust] HiveMQ Platform is starting, 0 of 1 replicas are ready
2025-01-29 18:39:55,780 INFO c.h.h.t.HelmChartContainer - [hivemq-test-hivemq-platform] [hivemq-platform-operator] [200a0c17] 18:39:55.775 [pool-6-thread-11] DEBUG c.h.p.o.d.PlatformServiceResource - [helmcust] Desired Platform services (3 services)
2025-01-29 18:39:55,780 INFO c.h.h.t.HelmChartContainer - [hivemq-test-hivemq-platform] [hivemq-platform-operator] [200a0c17] 18:39:55.776 [pool-6-thread-15] DEBUG c.h.p.o.dependants.PodInfoConfigMap - [helmcust] Desired PodInfo ConfigMap (1 extensions) (1 enabled)
2025-01-29 18:39:55,780 INFO c.h.h.t.HelmChartContainer - [hivemq-test-hivemq-platform] [hivemq-platform-operator] [200a0c17] 18:39:55.776 [pool-6-thread-15] DEBUG c.h.p.o.dependants.PodInfoConfigMap - [helmcust] Desired PodInfo ConfigMap (metrics port: 9399) (metrics path: /)
2025-01-29 18:39:55,780 INFO c.h.h.t.HelmChartContainer - [hivemq-test-hivemq-platform] [hivemq-platform-operator] [200a0c17] 18:39:55.776 [pool-6-thread-15] DEBUG c.h.p.o.dependants.PodInfoConfigMap - [helmcust] Desired PodInfo ConfigMap (extension state hash: -1817474005)
2025-01-29 18:39:55,780 INFO c.h.h.t.HelmChartContainer - [hivemq-test-hivemq-platform] [hivemq-platform-operator] [200a0c17] 18:39:55.777 [pool-6-thread-15] DEBUG c.h.p.o.d.PodServiceAccountResource - [helmcust] Desired PodServiceAccountResource (serviceAccountName: hivemq-platform-pod-test-hivemq-platform)
2025-01-29 18:39:55,787 INFO c.h.h.t.HelmChartContainer - [hivemq-test-hivemq-platform] [hivemq-platform-operator] [200a0c17] 18:39:55.786 [pool-6-thread-11] DEBUG c.h.p.o.d.StatefulSetResource - [helmcust] Desired StatefulSet (1 replicas) for status STARTING (READY)
2025-01-29 18:39:55,875 INFO c.h.h.t.HelmChartContainer - [hivemq-test-hivemq-platform] [hivemq-platform-operator] [200a0c17] 18:39:55.873 [ReconcilerExecutor-hivemq-controller-116] INFO  c.h.p.o.HiveMQPlatformReconciler - [helmcust] Reconciling HiveMQ Platform 'test-hivemq-platform' in namespace 'helmcustomlogbackit'
2025-01-29 18:39:55,877 INFO c.h.h.t.HelmChartContainer - [hivemq-test-hivemq-platform] [hivemq-platform-operator] [200a0c17] 18:39:55.873 [ReconcilerExecutor-hivemq-controller-116] DEBUG c.h.p.o.HiveMQPlatformReconciler - [helmcust] Custom Resource Status STARTING - HiveMQ Platform is starting (READY)
2025-01-29 18:39:55,877 INFO c.h.h.t.HelmChartContainer - [hivemq-test-hivemq-platform] [hivemq-platform-operator] [200a0c17] 18:39:55.873 [ReconcilerExecutor-hivemq-controller-116] DEBUG c.h.p.o.HiveMQPlatformReconciler - [helmcust] Custom Resource Spec (replicas: 1) (extensions: 1)
2025-01-29 18:39:55,878 INFO c.h.h.t.HelmChartContainer - [hivemq-test-hivemq-platform] [hivemq-platform-operator] [200a0c17] 18:39:55.875 [ReconcilerExecutor-hivemq-controller-116] DEBUG c.h.p.o.HiveMQPlatformReconciler - [helmcust] StatefulSet Status (revision: test-hivemq-platform-989b74cd6, replicas: 1, available: 1, ready: 1, current: 1, updated: 1)
2025-01-29 18:39:55,878 INFO c.h.h.t.HelmChartContainer - [hivemq-test-hivemq-platform] [hivemq-platform-operator] [200a0c17] 18:39:55.875 [ReconcilerExecutor-hivemq-controller-116] DEBUG c.h.p.o.HiveMQPlatformReconciler - [helmcust] StatefulSet Spec (replicas: 1, init containers: 1, containers: 1, volumes: 3)
2025-01-29 18:39:55,878 INFO c.h.h.t.HelmChartContainer - [hivemq-test-hivemq-platform] [hivemq-platform-operator] [200a0c17] 18:39:55.876 [ReconcilerExecutor-hivemq-controller-116] DEBUG c.h.p.o.h.HiveMQPlatformReconcilerErrorHandler - [helmcust] Pod 'test-hivemq-platform-0' phase Running
2025-01-29 18:39:55,878 INFO c.h.h.t.HelmChartContainer - [hivemq-test-hivemq-platform] [hivemq-platform-operator] [200a0c17] 18:39:55.877 [ReconcilerExecutor-hivemq-controller-116] INFO  c.h.p.o.h.HiveMQPlatformReconcilerBaseHandler - [helmcust] HiveMQ Platform started successfully
2025-01-29 18:39:55,973 INFO c.h.h.t.HelmChartContainer - [hivemq-test-hivemq-platform] [hivemq-platform-operator] [200a0c17] 18:39:55.972 [ReconcilerExecutor-hivemq-controller-116] DEBUG c.h.p.operator.event.EventSender - [helmcust] Creating K8s event hivemq-platform-ready: [Ready] HiveMQ Platform is ready
2025-01-29 18:39:55,977 INFO c.h.h.t.HelmChartContainer - [EVENT] Normal [Ready] HiveMQ Platform is ready [helmcustomlogbackit:test-hivemq-platform]
2025-01-29 18:39:55,981 INFO c.h.h.t.HelmChartContainer - [hivemq-test-hivemq-platform] [hivemq-platform-operator] [200a0c17] 18:39:55.978 [ReconcilerExecutor-hivemq-controller-116] INFO  c.h.p.o.h.AbstractHiveMQReconcilerStateHandler - [helmcust] Update HiveMQ Platform Status (STARTING [READY] -> RUNNING [READY]): HiveMQ Platform is ready
2025-01-29 18:39:55,989 DEBUG com.hivemq.helmcharts.util.K8sUtil - Comparing actual state 'RUNNING' and waiting for 'RUNNING'
2025-01-29 18:39:56,083 DEBUG com.hivemq.helmcharts.util.PodUtil - Received status for command '[cat, /opt/hivemq/conf/logback.xml]' on pod 'test-hivemq-platform-0' (exit code: 0)
2025-01-29 18:39:56,084 INFO c.h.h.t.HelmChartContainer - Uninstalling release 'test-hivemq-platform' in namespace 'helmcustomlogbackit'...
2025-01-29 18:39:56,084 DEBUG c.h.h.t.HelmChartContainer - Executing helm command: /bin/helm --kubeconfig /etc/rancher/k3s/k3s.yaml uninstall test-hivemq-platform  --wait --timeout 5m0s --cascade foreground --namespace helmcustomlogbackit
2025-01-29 18:39:56,277 INFO c.h.h.t.HelmChartContainer - [hivemq-test-hivemq-platform] [hivemq-platform-operator] [200a0c17] 18:39:56.265 [pool-6-thread-26] DEBUG c.h.p.o.d.PodServiceAccountResource - [helmcust] Desired PodServiceAccountResource (serviceAccountName: hivemq-platform-pod-test-hivemq-platform)
2025-01-29 18:39:56,280 INFO c.h.h.t.HelmChartContainer - [hivemq-test-hivemq-platform] [hivemq-platform-operator] [200a0c17] 18:39:56.270 [pool-6-thread-21] DEBUG c.h.p.o.d.PlatformServiceResource - [helmcust] Desired Platform services (3 services)
2025-01-29 18:39:56,281 INFO c.h.h.t.HelmChartContainer - [hivemq-test-hivemq-platform] [hivemq-platform-operator] [200a0c17] 18:39:56.270 [pool-6-thread-25] DEBUG c.h.p.o.dependants.PodInfoConfigMap - [helmcust] Desired PodInfo ConfigMap (1 extensions) (1 enabled)
2025-01-29 18:39:56,281 INFO c.h.h.t.HelmChartContainer - [hivemq-test-hivemq-platform] [hivemq-platform-operator] [200a0c17] 18:39:56.270 [pool-6-thread-25] DEBUG c.h.p.o.dependants.PodInfoConfigMap - [helmcust] Desired PodInfo ConfigMap (metrics port: 9399) (metrics path: /)
2025-01-29 18:39:56,281 INFO c.h.h.t.HelmChartContainer - [hivemq-test-hivemq-platform] [hivemq-platform-operator] [200a0c17] 18:39:56.271 [pool-6-thread-25] DEBUG c.h.p.o.dependants.PodInfoConfigMap - [helmcust] Desired PodInfo ConfigMap (extension state hash: -1817474005)
2025-01-29 18:39:56,281 INFO c.h.h.t.HelmChartContainer - [hivemq-test-hivemq-platform] [hivemq-platform-operator] [200a0c17] 18:39:56.272 [pool-6-thread-25] DEBUG c.h.p.o.dependants.PodInfoConfigMap - [helmcust] Update PodInfo ConfigMap
2025-01-29 18:39:56,372 INFO c.h.h.t.HelmChartContainer - [hivemq-test-hivemq-platform] [hivemq-platform-operator] [200a0c17] 18:39:56.370 [pool-6-thread-25] DEBUG c.h.p.o.d.StatefulSetResource - [helmcust] Desired StatefulSet (1 replicas) for status RUNNING (READY)
2025-01-29 18:39:56,374 INFO c.h.h.t.HelmChartContainer - [hivemq-test-hivemq-platform] [hivemq-platform-operator] [200a0c17] 18:39:56.374 [pool-6-thread-25] DEBUG c.h.p.o.d.StatefulSetResource - [helmcust] Update StatefulSet (replicas: 1 -> 1)
2025-01-29 18:39:56,377 INFO c.h.h.t.HelmChartContainer - [hivemq-test-hivemq-platform] [hivemq-platform-operator] [200a0c17] 18:39:56.376 [pool-6-thread-25] DEBUG c.h.p.o.d.StatefulSetResource - [helmcust] Detected change in StatefulSet specification (path: /template/metadata/annotations/kubernetes-resource-versions) (actual value: {broker-configuration-v2=-2089688360}) (target value: {broker-configuration-v2=0})
2025-01-29 18:39:56,378 INFO c.h.h.t.HelmChartContainer - [hivemq-test-hivemq-platform] [hivemq-platform-operator] [200a0c17] 18:39:56.376 [pool-6-thread-25] INFO  c.h.p.o.d.StatefulSetResource - [helmcust] StatefulSet spec was updated, triggering rolling restart
2025-01-29 18:39:56,483 INFO c.h.h.t.HelmChartContainer - [hivemq-test-hivemq-platform] [hivemq-platform-operator] [200a0c17] 18:39:56.480 [ReconcilerExecutor-hivemq-controller-117] INFO  c.h.p.o.HiveMQPlatformReconciler - [helmcust] Reconciling HiveMQ Platform 'test-hivemq-platform' in namespace 'helmcustomlogbackit'
2025-01-29 18:39:56,483 INFO c.h.h.t.HelmChartContainer - [hivemq-test-hivemq-platform] [hivemq-platform-operator] [200a0c17] 18:39:56.481 [ReconcilerExecutor-hivemq-controller-117] DEBUG c.h.p.o.HiveMQPlatformReconciler - [helmcust] Custom Resource Status RUNNING - HiveMQ Platform is ready (READY) (reconciliation requests: REQUESTS_UPDATED, ROLLING_RESTART)
2025-01-29 18:39:56,484 INFO c.h.h.t.HelmChartContainer - [hivemq-test-hivemq-platform] [hivemq-platform-operator] [200a0c17] 18:39:56.481 [ReconcilerExecutor-hivemq-controller-117] DEBUG c.h.p.o.HiveMQPlatformReconciler - [helmcust] Custom Resource Spec (replicas: 1) (extensions: 1)
2025-01-29 18:39:56,484 INFO c.h.h.t.HelmChartContainer - [hivemq-test-hivemq-platform] [hivemq-platform-operator] [200a0c17] 18:39:56.481 [ReconcilerExecutor-hivemq-controller-117] WARN  c.h.p.o.h.HiveMQPlatformReconcilerErrorHandler - [helmcust] Could not find ConfigMap 'hivemq-configuration-test-hivemq-platform' for HiveMQ Platform configuration
2025-01-29 18:39:56,582 INFO c.h.h.t.HelmChartContainer - [hivemq-test-hivemq-platform] [hivemq-platform-operator] [200a0c17] 18:39:56.581 [ReconcilerExecutor-hivemq-controller-117] DEBUG c.h.p.operator.event.EventSender - [helmcust] Creating K8s event hivemq-platform-invalid-configuration: [Start] Could not find ConfigMap 'hivemq-configuration-test-hivemq-platform' for HiveMQ Platform configuration
2025-01-29 18:39:56,586 INFO c.h.h.t.HelmChartContainer - [EVENT] Warning [Start] Could not find ConfigMap 'hivemq-configuration-test-hivemq-platform' for HiveMQ Platform configuration [helmcustomlogbackit:test-hivemq-platform]
2025-01-29 18:39:56,669 INFO c.h.h.t.HelmChartContainer - [hivemq-test-hivemq-platform] [hivemq-platform-operator] [200a0c17] 18:39:56.667 [ReconcilerExecutor-hivemq-controller-117] INFO  c.h.p.o.h.AbstractHiveMQReconcilerStateHandler - [helmcust] Update HiveMQ Platform Status (RUNNING [READY] -> ERROR [INVALID_CONFIG_MAP]): Could not find ConfigMap 'hivemq-configuration-test-hivemq-platform' for HiveMQ Platform configuration (reconciliation requests: ROLLING_RESTART)
2025-01-29 18:39:56,683 INFO c.h.h.t.HelmChartContainer - [hivemq-test-hivemq-platform] [hivemq-platform-operator] [200a0c17] 18:39:56.680 [ReconcilerExecutor-hivemq-controller-117] ERROR i.j.o.p.event.EventProcessor - Error during event processing ExecutionScope{ resource id: ResourceID{name='test-hivemq-platform', namespace='helmcustomlogbackit'}, version: 888}
2025-01-29 18:39:56,684 INFO c.h.h.t.HelmChartContainer - [hivemq-test-hivemq-platform] [hivemq-platform-operator] [200a0c17] io.fabric8.kubernetes.client.KubernetesClientException: Failure executing: PUT at: https://10.43.0.1:443/apis/hivemq.com/v1/namespaces/helmcustomlogbackit/hivemq-platforms/test-hivemq-platform/status. Message: Operation cannot be fulfilled on hivemq-platforms.hivemq.com "test-hivemq-platform": the object has been modified; please apply your changes to the latest version and try again. Received status: Status(apiVersion=v1, code=409, details=StatusDetails(causes=[], group=hivemq.com, kind=hivemq-platforms, name=test-hivemq-platform, retryAfterSeconds=null, uid=null, additionalProperties={}), kind=Status, message=Operation cannot be fulfilled on hivemq-platforms.hivemq.com "test-hivemq-platform": the object has been modified; please apply your changes to the latest version and try again, metadata=ListMeta(_continue=null, remainingItemCount=null, resourceVersion=null, selfLink=null, additionalProperties={}), reason=Conflict, status=Failure, additionalProperties={}).
2025-01-29 18:39:56,685 INFO c.h.h.t.HelmChartContainer - [hivemq-test-hivemq-platform] [hivemq-platform-operator] [200a0c17] 	at io.fabric8.kubernetes.client.KubernetesClientException.copyAsCause(KubernetesClientException.java:238)
2025-01-29 18:39:56,685 INFO c.h.h.t.HelmChartContainer - [hivemq-test-hivemq-platform] [hivemq-platform-operator] [200a0c17] 	at io.fabric8.kubernetes.client.dsl.internal.OperationSupport.waitForResult(OperationSupport.java:507)
2025-01-29 18:39:56,685 INFO c.h.h.t.HelmChartContainer - [hivemq-test-hivemq-platform] [hivemq-platform-operator] [200a0c17] 	at io.fabric8.kubernetes.client.dsl.internal.OperationSupport.handleResponse(OperationSupport.java:524)
2025-01-29 18:39:56,685 INFO c.h.h.t.HelmChartContainer - [hivemq-test-hivemq-platform] [hivemq-platform-operator] [200a0c17] 	at io.fabric8.kubernetes.client.dsl.internal.OperationSupport.handleUpdate(OperationSupport.java:358)
2025-01-29 18:39:56,685 INFO c.h.h.t.HelmChartContainer - [hivemq-test-hivemq-platform] [hivemq-platform-operator] [200a0c17] 	at io.fabric8.kubernetes.client.dsl.internal.BaseOperation.handleUpdate(BaseOperation.java:759)
2025-01-29 18:39:56,685 INFO c.h.h.t.HelmChartContainer - [hivemq-test-hivemq-platform] [hivemq-platform-operator] [200a0c17] 	at io.fabric8.kubernetes.client.dsl.internal.HasMetadataOperation.update(HasMetadataOperation.java:138)
2025-01-29 18:39:56,685 INFO c.h.h.t.HelmChartContainer - [hivemq-test-hivemq-platform] [hivemq-platform-operator] [200a0c17] 	at io.fabric8.kubernetes.client.dsl.internal.HasMetadataOperation.update(HasMetadataOperation.java:121)
2025-01-29 18:39:56,685 INFO c.h.h.t.HelmChartContainer - [hivemq-test-hivemq-platform] [hivemq-platform-operator] [200a0c17] 	at io.fabric8.kubernetes.client.dsl.internal.HasMetadataOperation.updateStatus(HasMetadataOperation.java:126)
2025-01-29 18:39:56,685 INFO c.h.h.t.HelmChartContainer - [hivemq-test-hivemq-platform] [hivemq-platform-operator] [200a0c17] 	at io.fabric8.kubernetes.client.dsl.internal.HasMetadataOperation.updateStatus(HasMetadataOperation.java:44)
2025-01-29 18:39:56,685 INFO c.h.h.t.HelmChartContainer - [hivemq-test-hivemq-platform] [hivemq-platform-operator] [200a0c17] 	at io.javaoperatorsdk.operator.processing.event.ReconciliationDispatcher$CustomResourceFacade.updateStatus(ReconciliationDispatcher.java:408)
2025-01-29 18:39:56,685 INFO c.h.h.t.HelmChartContainer - [hivemq-test-hivemq-platform] [hivemq-platform-operator] [200a0c17] 	at io.javaoperatorsdk.operator.processing.event.ReconciliationDispatcher.updateStatusGenerationAware(ReconciliationDispatcher.java:228)
2025-01-29 18:39:56,685 INFO c.h.h.t.HelmChartContainer - [hivemq-test-hivemq-platform] [hivemq-platform-operator] [200a0c17] 	at io.javaoperatorsdk.operator.processing.event.ReconciliationDispatcher.reconcileExecution(ReconciliationDispatcher.java:150)
2025-01-29 18:39:56,685 INFO c.h.h.t.HelmChartContainer - [hivemq-test-hivemq-platform] [hivemq-platform-operator] [200a0c17] 	at io.javaoperatorsdk.operator.processing.event.ReconciliationDispatcher.handleReconcile(ReconciliationDispatcher.java:117)
2025-01-29 18:39:56,685 INFO c.h.h.t.HelmChartContainer - [hivemq-test-hivemq-platform] [hivemq-platform-operator] [200a0c17] 	at io.javaoperatorsdk.operator.processing.event.ReconciliationDispatcher.handleDispatch(ReconciliationDispatcher.java:91)
2025-01-29 18:39:56,685 INFO c.h.h.t.HelmChartContainer - [hivemq-test-hivemq-platform] [hivemq-platform-operator] [200a0c17] 	at io.javaoperatorsdk.operator.processing.event.ReconciliationDispatcher.handleExecution(ReconciliationDispatcher.java:64)
2025-01-29 18:39:56,685 INFO c.h.h.t.HelmChartContainer - [hivemq-test-hivemq-platform] [hivemq-platform-operator] [200a0c17] 	at io.javaoperatorsdk.operator.processing.event.EventProcessor$ReconcilerExecutor.run(EventProcessor.java:452)
2025-01-29 18:39:56,685 INFO c.h.h.t.HelmChartContainer - [hivemq-test-hivemq-platform] [hivemq-platform-operator] [200a0c17] 	at java.base/java.util.concurrent.ThreadPoolExecutor.runWorker(Unknown Source)
2025-01-29 18:39:56,685 INFO c.h.h.t.HelmChartContainer - [hivemq-test-hivemq-platform] [hivemq-platform-operator] [200a0c17] 	at java.base/java.util.concurrent.ThreadPoolExecutor$Worker.run(Unknown Source)
2025-01-29 18:39:56,685 INFO c.h.h.t.HelmChartContainer - [hivemq-test-hivemq-platform] [hivemq-platform-operator] [200a0c17] 	at java.base/java.lang.Thread.run(Unknown Source)
2025-01-29 18:39:56,685 INFO c.h.h.t.HelmChartContainer - [hivemq-test-hivemq-platform] [hivemq-platform-operator] [200a0c17] Caused by: io.fabric8.kubernetes.client.KubernetesClientException: Failure executing: PUT at: https://10.43.0.1:443/apis/hivemq.com/v1/namespaces/helmcustomlogbackit/hivemq-platforms/test-hivemq-platform/status. Message: Operation cannot be fulfilled on hivemq-platforms.hivemq.com "test-hivemq-platform": the object has been modified; please apply your changes to the latest version and try again. Received status: Status(apiVersion=v1, code=409, details=StatusDetails(causes=[], group=hivemq.com, kind=hivemq-platforms, name=test-hivemq-platform, retryAfterSeconds=null, uid=null, additionalProperties={}), kind=Status, message=Operation cannot be fulfilled on hivemq-platforms.hivemq.com "test-hivemq-platform": the object has been modified; please apply your changes to the latest version and try again, metadata=ListMeta(_continue=null, remainingItemCount=null, resourceVersion=null, selfLink=null, additionalProperties={}), reason=Conflict, status=Failure, additionalProperties={}).
2025-01-29 18:39:56,685 INFO c.h.h.t.HelmChartContainer - [hivemq-test-hivemq-platform] [hivemq-platform-operator] [200a0c17] 	at io.fabric8.kubernetes.client.dsl.internal.OperationSupport.requestFailure(OperationSupport.java:660)
2025-01-29 18:39:56,685 INFO c.h.h.t.HelmChartContainer - [hivemq-test-hivemq-platform] [hivemq-platform-operator] [200a0c17] 	at io.fabric8.kubernetes.client.dsl.internal.OperationSupport.requestFailure(OperationSupport.java:640)
2025-01-29 18:39:56,685 INFO c.h.h.t.HelmChartContainer - [hivemq-test-hivemq-platform] [hivemq-platform-operator] [200a0c17] 	at io.fabric8.kubernetes.client.dsl.internal.OperationSupport.assertResponseCode(OperationSupport.java:589)
2025-01-29 18:39:56,685 INFO c.h.h.t.HelmChartContainer - [hivemq-test-hivemq-platform] [hivemq-platform-operator] [200a0c17] 	at io.fabric8.kubernetes.client.dsl.internal.OperationSupport.lambda$handleResponse$0(OperationSupport.java:549)
2025-01-29 18:39:56,685 INFO c.h.h.t.HelmChartContainer - [hivemq-test-hivemq-platform] [hivemq-platform-operator] [200a0c17] 	at java.base/java.util.concurrent.CompletableFuture$UniApply.tryFire(Unknown Source)
2025-01-29 18:39:56,685 INFO c.h.h.t.HelmChartContainer - [hivemq-test-hivemq-platform] [hivemq-platform-operator] [200a0c17] 	at java.base/java.util.concurrent.CompletableFuture.postComplete(Unknown Source)
2025-01-29 18:39:56,685 INFO c.h.h.t.HelmChartContainer - [hivemq-test-hivemq-platform] [hivemq-platform-operator] [200a0c17] 	at java.base/java.util.concurrent.CompletableFuture.complete(Unknown Source)
2025-01-29 18:39:56,685 INFO c.h.h.t.HelmChartContainer - [hivemq-test-hivemq-platform] [hivemq-platform-operator] [200a0c17] 	at io.fabric8.kubernetes.client.http.StandardHttpClient.lambda$completeOrCancel$10(StandardHttpClient.java:141)
2025-01-29 18:39:56,685 INFO c.h.h.t.HelmChartContainer - [hivemq-test-hivemq-platform] [hivemq-platform-operator] [200a0c17] 	at java.base/java.util.concurrent.CompletableFuture.uniWhenComplete(Unknown Source)
2025-01-29 18:39:56,685 INFO c.h.h.t.HelmChartContainer - [hivemq-test-hivemq-platform] [hivemq-platform-operator] [200a0c17] 	at java.base/java.util.concurrent.CompletableFuture$UniWhenComplete.tryFire(Unknown Source)
2025-01-29 18:39:56,685 INFO c.h.h.t.HelmChartContainer - [hivemq-test-hivemq-platform] [hivemq-platform-operator] [200a0c17] 	at java.base/java.util.concurrent.CompletableFuture.postComplete(Unknown Source)
2025-01-29 18:39:56,685 INFO c.h.h.t.HelmChartContainer - [hivemq-test-hivemq-platform] [hivemq-platform-operator] [200a0c17] 	at java.base/java.util.concurrent.CompletableFuture.complete(Unknown Source)
2025-01-29 18:39:56,685 INFO c.h.h.t.HelmChartContainer - [hivemq-test-hivemq-platform] [hivemq-platform-operator] [200a0c17] 	at io.fabric8.kubernetes.client.http.ByteArrayBodyHandler.onBodyDone(ByteArrayBodyHandler.java:51)
2025-01-29 18:39:56,685 INFO c.h.h.t.HelmChartContainer - [hivemq-test-hivemq-platform] [hivemq-platform-operator] [200a0c17] 	at java.base/java.util.concurrent.CompletableFuture.uniWhenComplete(Unknown Source)
2025-01-29 18:39:56,685 INFO c.h.h.t.HelmChartContainer - [hivemq-test-hivemq-platform] [hivemq-platform-operator] [200a0c17] 	at java.base/java.util.concurrent.CompletableFuture$UniWhenComplete.tryFire(Unknown Source)
2025-01-29 18:39:56,685 INFO c.h.h.t.HelmChartContainer - [hivemq-test-hivemq-platform] [hivemq-platform-operator] [200a0c17] 	at java.base/java.util.concurrent.CompletableFuture.postComplete(Unknown Source)
2025-01-29 18:39:56,685 INFO c.h.h.t.HelmChartContainer - [hivemq-test-hivemq-platform] [hivemq-platform-operator] [200a0c17] 	at java.base/java.util.concurrent.CompletableFuture.complete(Unknown Source)
2025-01-29 18:39:56,685 INFO c.h.h.t.HelmChartContainer - [hivemq-test-hivemq-platform] [hivemq-platform-operator] [200a0c17] 	at io.fabric8.kubernetes.client.vertx.VertxHttpRequest.lambda$null$1(VertxHttpRequest.java:121)
2025-01-29 18:39:56,685 INFO c.h.h.t.HelmChartContainer - [hivemq-test-hivemq-platform] [hivemq-platform-operator] [200a0c17] 	at io.vertx.core.impl.ContextInternal.dispatch(ContextInternal.java:279)
2025-01-29 18:39:56,685 INFO c.h.h.t.HelmChartContainer - [hivemq-test-hivemq-platform] [hivemq-platform-operator] [200a0c17] 	at io.vertx.core.impl.ContextInternal.dispatch(ContextInternal.java:261)
2025-01-29 18:39:56,685 INFO c.h.h.t.HelmChartContainer - [hivemq-test-hivemq-platform] [hivemq-platform-operator] [200a0c17] 	at io.vertx.core.http.impl.HttpEventHandler.handleEnd(HttpEventHandler.java:76)
2025-01-29 18:39:56,685 INFO c.h.h.t.HelmChartContainer - [hivemq-test-hivemq-platform] [hivemq-platform-operator] [200a0c17] 	at io.vertx.core.http.impl.HttpClientResponseImpl.handleEnd(HttpClientResponseImpl.java:250)
2025-01-29 18:39:56,685 INFO c.h.h.t.HelmChartContainer - [hivemq-test-hivemq-platform] [hivemq-platform-operator] [200a0c17] 	at io.vertx.core.http.impl.Http1xClientConnection$StreamImpl.lambda$new$0(Http1xClientConnection.java:421)
2025-01-29 18:39:56,685 INFO c.h.h.t.HelmChartContainer - [hivemq-test-hivemq-platform] [hivemq-platform-operator] [200a0c17] 	at io.vertx.core.streams.impl.InboundBuffer.handleEvent(InboundBuffer.java:279)
2025-01-29 18:39:56,685 INFO c.h.h.t.HelmChartContainer - [hivemq-test-hivemq-platform] [hivemq-platform-operator] [200a0c17] 	at io.vertx.core.streams.impl.InboundBuffer.write(InboundBuffer.java:157)
2025-01-29 18:39:56,685 INFO c.h.h.t.HelmChartContainer - [hivemq-test-hivemq-platform] [hivemq-platform-operator] [200a0c17] 	at io.vertx.core.http.impl.Http1xClientConnection$StreamImpl.handleEnd(Http1xClientConnection.java:709)
2025-01-29 18:39:56,685 INFO c.h.h.t.HelmChartContainer - [hivemq-test-hivemq-platform] [hivemq-platform-operator] [200a0c17] 	at io.vertx.core.impl.ContextImpl.lambda$execute$4(ContextImpl.java:315)
2025-01-29 18:39:56,685 INFO c.h.h.t.HelmChartContainer - [hivemq-test-hivemq-platform] [hivemq-platform-operator] [200a0c17] 	at io.netty.util.concurrent.AbstractEventExecutor.runTask(AbstractEventExecutor.java:173)
2025-01-29 18:39:56,685 INFO c.h.h.t.HelmChartContainer - [hivemq-test-hivemq-platform] [hivemq-platform-operator] [200a0c17] 	at io.netty.util.concurrent.AbstractEventExecutor.safeExecute(AbstractEventExecutor.java:166)
2025-01-29 18:39:56,688 INFO c.h.h.t.HelmChartContainer - [hivemq-test-hivemq-platform] [hivemq-platform-operator] [200a0c17] 	at io.netty.util.concurrent.SingleThreadEventExecutor.runAllTasks(SingleThreadEventExecutor.java:472)
2025-01-29 18:39:56,688 INFO c.h.h.t.HelmChartContainer - [hivemq-test-hivemq-platform] [hivemq-platform-operator] [200a0c17] 	at io.netty.channel.nio.NioEventLoop.run(NioEventLoop.java:569)
2025-01-29 18:39:56,688 INFO c.h.h.t.HelmChartContainer - [hivemq-test-hivemq-platform] [hivemq-platform-operator] [200a0c17] 	at io.netty.util.concurrent.SingleThreadEventExecutor$4.run(SingleThreadEventExecutor.java:997)
2025-01-29 18:39:56,688 INFO c.h.h.t.HelmChartContainer - [hivemq-test-hivemq-platform] [hivemq-platform-operator] [200a0c17] 	at io.netty.util.internal.ThreadExecutorMap$2.run(ThreadExecutorMap.java:74)
2025-01-29 18:39:56,688 INFO c.h.h.t.HelmChartContainer - [hivemq-test-hivemq-platform] [hivemq-platform-operator] [200a0c17] 	at io.netty.util.concurrent.FastThreadLocalRunnable.run(FastThreadLocalRunnable.java:30)
2025-01-29 18:39:56,688 INFO c.h.h.t.HelmChartContainer - [hivemq-test-hivemq-platform] [hivemq-platform-operator] [200a0c17] 	... 1 common frames omitted
2025-01-29 18:39:56,689 INFO c.h.h.t.HelmChartContainer - [hivemq-test-hivemq-platform] [hivemq-platform-operator] [200a0c17] 18:39:56.686 [ReconcilerExecutor-hivemq-controller-123] INFO  c.h.p.o.HiveMQPlatformReconciler - [helmcust] Cleanup test-hivemq-platform - helmcustomlogbackit HiveMQ Platform is shut down
2025-01-29 18:39:57,121 INFO c.h.h.t.HelmChartContainer - [POD] test-hivemq-platform-0 [c1f0306f-64ec-4a85-8de5-515691b17b63] in helmcustomlogbackit was MODIFIED
2025-01-29 18:39:57,123 INFO c.h.h.t.HelmChartContainer - [EVENT] Normal [Killing] Stopping container hivemq [helmcustomlogbackit:test-hivemq-platform-0]
2025-01-29 18:39:57,123 INFO c.h.h.t.HelmChartContainer - Received Killing event for container hivemq in pod test-hivemq-platform-0 [c1f0306f-64ec-4a85-8de5-515691b17b63]
2025-01-29 18:39:57,123 INFO c.h.h.t.HelmChartContainer - Container [test-hivemq-platform-0] [hivemq] [c1f0306f-64ec-4a85-8de5-515691b17b63] was terminated
2025-01-29 18:39:57,123 INFO c.h.h.t.HelmChartContainer - Stopped log watcher for hivemq in pod test-hivemq-platform-0 [c1f0306f-64ec-4a85-8de5-515691b17b63]
2025-01-29 18:39:57,131 INFO c.h.h.t.HelmChartContainer - [test-hivemq-platform] [hivemq] [c1f0306f] INFO  - [HiveMQ Platform Operator Init App 1.7.0-SNAPSHOT] Shutting down
2025-01-29 18:39:57,131 INFO c.h.h.t.HelmChartContainer - [test-hivemq-platform] [hivemq] [c1f0306f] INFO  - [HiveMQ Platform Operator Init App 1.7.0-SNAPSHOT] Stopping the HiveMQ Platform
2025-01-29 18:39:57,284 INFO c.h.h.t.HelmChartContainer - [test-hivemq-platform] [hivemq] [c1f0306f] INFO  - Shutting down HiveMQ. Please wait, this could take a while...
2025-01-29 18:39:57,342 INFO c.h.h.t.HelmChartContainer - [test-hivemq-platform] [hivemq] [c1f0306f] INFO  - Shutting down listeners and clients
2025-01-29 18:39:57,342 INFO c.h.h.t.HelmChartContainer - [test-hivemq-platform] [hivemq] [c1f0306f] DEBUG - Closed channel of listener with name 'tcp-listener-1883'
2025-01-29 18:39:57,343 INFO c.h.h.t.HelmChartContainer - [test-hivemq-platform] [hivemq] [c1f0306f] INFO  - Shutdown of listeners is done
2025-01-29 18:39:57,343 INFO c.h.h.t.HelmChartContainer - [test-hivemq-platform] [hivemq] [c1f0306f] INFO  - No clients are connected, proceeding with shutdown
2025-01-29 18:39:57,344 INFO c.h.h.t.HelmChartContainer - [test-hivemq-platform] [hivemq] [c1f0306f] DEBUG - Shutting down worker and boss threads
2025-01-29 18:39:58,328 INFO c.h.h.t.HelmChartContainer - Deleting namespace 'helmcustomlogbackit'...
2025-01-29 18:39:59,351 INFO c.h.h.t.HelmChartContainer - [test-hivemq-platform] [hivemq] [c1f0306f] DEBUG - Shutting down Data Hub
2025-01-29 18:39:59,493 INFO c.h.h.t.HelmChartContainer - [test-hivemq-platform] [hivemq] [c1f0306f] DEBUG - Data Hub shut down successfully in 142ms
2025-01-29 18:39:59,497 INFO c.h.h.t.HelmChartContainer - [test-hivemq-platform] [hivemq] [c1f0306f] DEBUG - Stopping RocksDBMemoryUsageWatchdog.
2025-01-29 18:39:59,497 INFO c.h.h.t.HelmChartContainer - [test-hivemq-platform] [hivemq] [c1f0306f] DEBUG - Terminating thread rocksdb-memory-usage-watchdog.
2025-01-29 18:39:59,498 INFO c.h.h.t.HelmChartContainer - [test-hivemq-platform] [hivemq] [c1f0306f] DEBUG - Stopped RocksDBMemoryUsageWatchdog.
2025-01-29 18:39:59,498 INFO c.h.h.t.HelmChartContainer - [test-hivemq-platform] [hivemq] [c1f0306f] INFO  - Shutting down extension system
2025-01-29 18:39:59,501 INFO c.h.h.t.HelmChartContainer - [test-hivemq-platform] [hivemq] [c1f0306f] INFO  - Stopping extension with id hivemq-dns-cluster-discovery
2025-01-29 18:39:59,501 INFO c.h.h.t.HelmChartContainer - [test-hivemq-platform] [hivemq] [c1f0306f] INFO  - Extension "DNS Cluster Discovery Extension" version 4.3.2 stopped successfully.
2025-01-29 18:39:59,502 INFO c.h.h.t.HelmChartContainer - [test-hivemq-platform] [hivemq] [c1f0306f] INFO  - Stopping extension with id hivemq-prometheus-extension
2025-01-29 18:39:59,507 INFO c.h.h.t.HelmChartContainer - [test-hivemq-platform] [hivemq] [c1f0306f] INFO  - Extension "Prometheus Monitoring Extension" version 4.0.12 stopped successfully.
2025-01-29 18:39:59,507 INFO c.h.h.t.HelmChartContainer - [test-hivemq-platform] [hivemq] [c1f0306f] INFO  - Stopping extension with id hivemq-allow-all-extension
2025-01-29 18:39:59,507 INFO c.h.h.t.HelmChartContainer - [test-hivemq-platform] [hivemq] [c1f0306f] INFO  - Extension "Allow All Extension" version 1.1.1 stopped successfully.
2025-01-29 18:39:59,507 INFO c.h.h.t.HelmChartContainer - [test-hivemq-platform] [hivemq] [c1f0306f] DEBUG - Simple authenticator of extension 'hivemq-allow-all-extension' removed.
2025-01-29 18:39:59,508 INFO c.h.h.t.HelmChartContainer - [test-hivemq-platform] [hivemq] [c1f0306f] DEBUG - Running cluster shutdown hooks
2025-01-29 18:39:59,513 INFO c.h.h.t.HelmChartContainer - [test-hivemq-platform] [hivemq] [c1f0306f] DEBUG - Shutting down managed extension executor service
2025-01-29 18:39:59,513 INFO c.h.h.t.HelmChartContainer - [test-hivemq-platform] [hivemq] [c1f0306f] DEBUG - Stopped Trace Recording Event Loop gracefully
2025-01-29 18:39:59,513 INFO c.h.h.t.HelmChartContainer - [test-hivemq-platform] [hivemq] [c1f0306f] DEBUG - The Event Loop for Trace Recordings is shutting down and is not available anymore
2025-01-29 18:40:00,702 INFO c.h.h.t.HelmChartContainer - [test-hivemq-platform] [hivemq] [c1f0306f] INFO  - [HiveMQ Platform Operator Init App 1.7.0-SNAPSHOT] Returning shutdown Health API response 503 for readiness
2025-01-29 18:40:00,706 INFO c.h.h.t.HelmChartContainer - [EVENT] Warning [Unhealthy] Readiness probe failed: HTTP probe failed with statuscode: 503 [helmcustomlogbackit:test-hivemq-platform-0]
2025-01-29 18:40:00,706 INFO c.h.h.t.HelmChartContainer - Received Unhealthy event for container hivemq in pod test-hivemq-platform-0 [c1f0306f-64ec-4a85-8de5-515691b17b63]
2025-01-29 18:40:01,196 INFO c.h.h.t.HelmChartContainer - [K3S] [authentication.go:74] "Unable to authenticate the request" err="[invalid bearer token, serviceaccounts \"hivemq-platform-pod-test-hivemq-platform\" not found]"
2025-01-29 18:40:01,219 INFO c.h.h.t.HelmChartContainer - [K3S] [authentication.go:74] "Unable to authenticate the request" err="[invalid bearer token, serviceaccounts \"hivemq-platform-pod-test-hivemq-platform\" not found]"
2025-01-29 18:40:01,291 INFO c.h.h.t.HelmChartContainer - [test-hivemq-platform] [hivemq] [c1f0306f] WARN  - [HiveMQ Platform Operator Init App 1.7.0-SNAPSHOT] Could not update Pod annotations: Failure executing: GET at: https://10.43.0.1:443/api/v1/namespaces/helmcustomlogbackit/pods/test-hivemq-platform-0. Message: Unauthorized. Received status: Status(apiVersion=v1, code=401, details=null, kind=Status, message=Unauthorized, metadata=ListMeta(_continue=null, remainingItemCount=null, resourceVersion=null, selfLink=null, additionalProperties={}), reason=Unauthorized, status=Failure, additionalProperties={}).
2025-01-29 18:40:01,792 INFO c.h.h.t.HelmChartContainer - [test-hivemq-platform] [hivemq] [c1f0306f] INFO  - Shutdown completed.
2025-01-29 18:40:02,189 INFO c.h.h.t.HelmChartContainer - [test-hivemq-platform] [hivemq] [c1f0306f] INFO  - [HiveMQ Platform Operator Init App 1.7.0-SNAPSHOT] The HiveMQ Platform exited with code 143
2025-01-29 18:40:02,189 INFO c.h.h.t.HelmChartContainer - [test-hivemq-platform] [hivemq] [c1f0306f] INFO  - [HiveMQ Platform Operator Init App 1.7.0-SNAPSHOT] Stopping the REST API
2025-01-29 18:40:02,199 INFO c.h.h.t.HelmChartContainer - [test-hivemq-platform] [hivemq] [c1f0306f] INFO  - [HiveMQ Platform Operator Init App 1.7.0-SNAPSHOT] Shutdown complete
2025-01-29 18:40:02,661 INFO c.h.h.t.HelmChartContainer - [POD] test-hivemq-platform-0 [c1f0306f-64ec-4a85-8de5-515691b17b63] in helmcustomlogbackit was MODIFIED
2025-01-29 18:40:02,661 INFO c.h.h.t.HelmChartContainer - [K3S] [stateful_set.go:438] "Unhandled Error" err="error syncing StatefulSet helmcustomlogbackit/test-hivemq-platform, requeuing: controllerrevisions.apps \"test-hivemq-platform-9f669cf8f\" is forbidden: unable to create new content in namespace helmcustomlogbackit because it is being terminated"
2025-01-29 18:40:02,669 INFO c.h.h.t.HelmChartContainer - [K3S] [stateful_set.go:438] "Unhandled Error" err="error syncing StatefulSet helmcustomlogbackit/test-hivemq-platform, requeuing: controllerrevisions.apps \"test-hivemq-platform-9f669cf8f\" is forbidden: unable to create new content in namespace helmcustomlogbackit because it is being terminated"
2025-01-29 18:40:02,683 INFO c.h.h.t.HelmChartContainer - [K3S] [stateful_set.go:438] "Unhandled Error" err="error syncing StatefulSet helmcustomlogbackit/test-hivemq-platform, requeuing: controllerrevisions.apps \"test-hivemq-platform-9f669cf8f\" is forbidden: unable to create new content in namespace helmcustomlogbackit because it is being terminated"
2025-01-29 18:40:02,705 INFO c.h.h.t.HelmChartContainer - [K3S] [stateful_set.go:438] "Unhandled Error" err="error syncing StatefulSet helmcustomlogbackit/test-hivemq-platform, requeuing: controllerrevisions.apps \"test-hivemq-platform-9f669cf8f\" is forbidden: unable to create new content in namespace helmcustomlogbackit because it is being terminated"
2025-01-29 18:40:02,749 INFO c.h.h.t.HelmChartContainer - [K3S] [stateful_set.go:438] "Unhandled Error" err="error syncing StatefulSet helmcustomlogbackit/test-hivemq-platform, requeuing: controllerrevisions.apps \"test-hivemq-platform-9f669cf8f\" is forbidden: unable to create new content in namespace helmcustomlogbackit because it is being terminated"
2025-01-29 18:40:02,767 INFO c.h.h.t.HelmChartContainer - [K3S] [reconciler_common.go:162] "operationExecutor.UnmountVolume started for volume \"kube-api-access-zxg8n\" (UniqueName: \"kubernetes.io/projected/c1f0306f-64ec-4a85-8de5-515691b17b63-kube-api-access-zxg8n\") pod \"c1f0306f-64ec-4a85-8de5-515691b17b63\" (UID: \"c1f0306f-64ec-4a85-8de5-515691b17b63\") "
2025-01-29 18:40:02,767 INFO c.h.h.t.HelmChartContainer - [K3S] [reconciler_common.go:162] "operationExecutor.UnmountVolume started for volume \"operator-init\" (UniqueName: \"kubernetes.io/empty-dir/c1f0306f-64ec-4a85-8de5-515691b17b63-operator-init\") pod \"c1f0306f-64ec-4a85-8de5-515691b17b63\" (UID: \"c1f0306f-64ec-4a85-8de5-515691b17b63\") "
2025-01-29 18:40:02,767 INFO c.h.h.t.HelmChartContainer - [K3S] [reconciler_common.go:162] "operationExecutor.UnmountVolume started for volume \"pod-info\" (UniqueName: \"kubernetes.io/configmap/c1f0306f-64ec-4a85-8de5-515691b17b63-pod-info\") pod \"c1f0306f-64ec-4a85-8de5-515691b17b63\" (UID: \"c1f0306f-64ec-4a85-8de5-515691b17b63\") "
2025-01-29 18:40:02,767 INFO c.h.h.t.HelmChartContainer - [K3S] [reconciler_common.go:162] "operationExecutor.UnmountVolume started for volume \"broker-configuration\" (UniqueName: \"kubernetes.io/configmap/c1f0306f-64ec-4a85-8de5-515691b17b63-broker-configuration\") pod \"c1f0306f-64ec-4a85-8de5-515691b17b63\" (UID: \"c1f0306f-64ec-4a85-8de5-515691b17b63\") "
2025-01-29 18:40:02,832 INFO c.h.h.t.HelmChartContainer - [K3S] [stateful_set.go:438] "Unhandled Error" err="error syncing StatefulSet helmcustomlogbackit/test-hivemq-platform, requeuing: controllerrevisions.apps \"test-hivemq-platform-9f669cf8f\" is forbidden: unable to create new content in namespace helmcustomlogbackit because it is being terminated"
2025-01-29 18:40:02,867 INFO c.h.h.t.HelmChartContainer - [K3S] [reconciler_common.go:299] "Volume detached for volume \"operator-init\" (UniqueName: \"kubernetes.io/empty-dir/c1f0306f-64ec-4a85-8de5-515691b17b63-operator-init\") on node \"63eb5a585d77\" DevicePath \"\""
2025-01-29 18:40:02,868 INFO c.h.h.t.HelmChartContainer - [K3S] [reconciler_common.go:299] "Volume detached for volume \"pod-info\" (UniqueName: \"kubernetes.io/configmap/c1f0306f-64ec-4a85-8de5-515691b17b63-pod-info\") on node \"63eb5a585d77\" DevicePath \"\""
2025-01-29 18:40:02,868 INFO c.h.h.t.HelmChartContainer - [K3S] [reconciler_common.go:299] "Volume detached for volume \"broker-configuration\" (UniqueName: \"kubernetes.io/configmap/c1f0306f-64ec-4a85-8de5-515691b17b63-broker-configuration\") on node \"63eb5a585d77\" DevicePath \"\""
2025-01-29 18:40:02,868 INFO c.h.h.t.HelmChartContainer - [K3S] [reconciler_common.go:299] "Volume detached for volume \"kube-api-access-zxg8n\" (UniqueName: \"kubernetes.io/projected/c1f0306f-64ec-4a85-8de5-515691b17b63-kube-api-access-zxg8n\") on node \"63eb5a585d77\" DevicePath \"\""
2025-01-29 18:40:02,996 INFO c.h.h.t.HelmChartContainer - [K3S] [stateful_set.go:438] "Unhandled Error" err="error syncing StatefulSet helmcustomlogbackit/test-hivemq-platform, requeuing: controllerrevisions.apps \"test-hivemq-platform-9f669cf8f\" is forbidden: unable to create new content in namespace helmcustomlogbackit because it is being terminated"
2025-01-29 18:40:03,319 INFO c.h.h.t.HelmChartContainer - [K3S] [stateful_set.go:438] "Unhandled Error" err="error syncing StatefulSet helmcustomlogbackit/test-hivemq-platform, requeuing: controllerrevisions.apps \"test-hivemq-platform-9f669cf8f\" is forbidden: unable to create new content in namespace helmcustomlogbackit because it is being terminated"
2025-01-29 18:40:03,384 INFO c.h.h.t.HelmChartContainer - [K3S] [scope.go:117] "RemoveContainer" containerID="962ea7a7ede5a868e80ba866fdd46000080add36d0e1943f7ea4dfc8bd71660f"
2025-01-29 18:40:03,398 INFO c.h.h.t.HelmChartContainer - [POD] test-hivemq-platform-0 [c1f0306f-64ec-4a85-8de5-515691b17b63] in helmcustomlogbackit was MODIFIED
2025-01-29 18:40:03,400 INFO c.h.h.t.HelmChartContainer - [K3S] [stateful_set.go:438] "Unhandled Error" err="error syncing StatefulSet helmcustomlogbackit/test-hivemq-platform, requeuing: controllerrevisions.apps \"test-hivemq-platform-9f669cf8f\" is forbidden: unable to create new content in namespace helmcustomlogbackit because it is being terminated"
2025-01-29 18:40:03,400 INFO c.h.h.t.HelmChartContainer - [POD] test-hivemq-platform-0 [c1f0306f-64ec-4a85-8de5-515691b17b63] in helmcustomlogbackit was DELETED
2025-01-29 18:40:03,404 INFO c.h.h.t.HelmChartContainer - [K3S] [stateful_set.go:438] "Unhandled Error" err="error syncing StatefulSet helmcustomlogbackit/test-hivemq-platform, requeuing: controllerrevisions.apps \"test-hivemq-platform-9f669cf8f\" is forbidden: unable to create new content in namespace helmcustomlogbackit because it is being terminated"
2025-01-29 18:40:03,429 INFO c.h.h.t.HelmChartContainer - [K3S] [stateful_set.go:466] "StatefulSet has been deleted" key="helmcustomlogbackit/test-hivemq-platform"
2025-01-29 18:40:03,516 INFO c.h.h.t.HelmChartContainer - [K3S] [scope.go:117] "RemoveContainer" containerID="fe8b6d79bc87f0d39cf75fd2c6d7083d9990b744393be59d5c85978eb82aed08"
2025-01-29 18:40:03,538 INFO c.h.h.t.HelmChartContainer - [K3S] [scope.go:117] "RemoveContainer" containerID="962ea7a7ede5a868e80ba866fdd46000080add36d0e1943f7ea4dfc8bd71660f"
2025-01-29 18:40:03,539 INFO c.h.h.t.HelmChartContainer - [K3S] [scope.go:117] "RemoveContainer" containerID="fe8b6d79bc87f0d39cf75fd2c6d7083d9990b744393be59d5c85978eb82aed08"
2025-01-29 18:40:03,551 INFO c.h.h.t.HelmChartContainer - Namespace 'helmcustomlogbackit' deleted
2025-01-29 18:40:03,551 INFO c.h.h.t.HelmChartContainer - Release 'test-hivemq-platform' in namespace 'helmcustomlogbackit' is uninstalled
2025-01-29 18:40:03,551 INFO c.h.h.t.HelmChartContainer - Uninstalling release 'test-hivemq-platform-operator' in namespace 'helmcustomlogbackit-operator'...
2025-01-29 18:40:03,551 DEBUG c.h.h.t.HelmChartContainer - Executing helm command: /bin/helm --kubeconfig /etc/rancher/k3s/k3s.yaml uninstall test-hivemq-platform-operator  --wait --timeout 5m0s --cascade foreground --namespace helmcustomlogbackit-operator
2025-01-29 18:40:03,747 INFO c.h.h.t.HelmChartContainer - [K3S] [replica_set.go:679] "Finished syncing" kind="ReplicaSet" key="helmcustomlogbackit-operator/hivemq-test-hivemq-platform-operator-6966f96d65" duration="12.80091ms"
2025-01-29 18:40:03,747 INFO c.h.h.t.HelmChartContainer - [K3S] [replica_set.go:679] "Finished syncing" kind="ReplicaSet" key="helmcustomlogbackit-operator/hivemq-test-hivemq-platform-operator-6966f96d65" duration="36.257µs"
2025-01-29 18:40:03,763 INFO c.h.h.t.HelmChartContainer - [POD] hivemq-test-hivemq-platform-operator-6966f96d65-7z7p5 [200a0c17-b25f-4891-946d-65d611ee54b0] in helmcustomlogbackit-operator was MODIFIED
2025-01-29 18:40:03,766 INFO c.h.h.t.HelmChartContainer - [EVENT] Normal [Killing] Stopping container hivemq-platform-operator [helmcustomlogbackit-operator:hivemq-test-hivemq-platform-operator-6966f96d65-7z7p5]
2025-01-29 18:40:03,766 INFO c.h.h.t.HelmChartContainer - Received Killing event for container hivemq-platform-operator in pod hivemq-test-hivemq-platform-operator-6966f96d65-7z7p5 [200a0c17-b25f-4891-946d-65d611ee54b0]
2025-01-29 18:40:03,766 INFO c.h.h.t.HelmChartContainer - Container [hivemq-test-hivemq-platform-operator-6966f96d65-7z7p5] [hivemq-platform-operator] [200a0c17-b25f-4891-946d-65d611ee54b0] was terminated
2025-01-29 18:40:03,766 INFO c.h.h.t.HelmChartContainer - Stopped log watcher for hivemq-platform-operator in pod hivemq-test-hivemq-platform-operator-6966f96d65-7z7p5 [200a0c17-b25f-4891-946d-65d611ee54b0]
2025-01-29 18:40:03,777 INFO c.h.h.t.HelmChartContainer - [K3S] [replica_set.go:679] "Finished syncing" kind="ReplicaSet" key="helmcustomlogbackit-operator/hivemq-test-hivemq-platform-operator-6966f96d65" duration="16.038899ms"
2025-01-29 18:40:03,777 INFO c.h.h.t.HelmChartContainer - [K3S] [replica_set.go:679] "Finished syncing" kind="ReplicaSet" key="helmcustomlogbackit-operator/hivemq-test-hivemq-platform-operator-6966f96d65" duration="43.732µs"
2025-01-29 18:40:03,803 INFO c.h.h.t.HelmChartContainer - [hivemq-test-hivemq-platform] [hivemq-platform-operator] [200a0c17] 18:40:03.800 [application-shutdown-thread] INFO  c.h.p.o.HiveMQPlatformOperatorApplication - HiveMQ Platform Operator is stopping...
2025-01-29 18:40:03,803 INFO c.h.h.t.HelmChartContainer - [hivemq-test-hivemq-platform] [hivemq-platform-operator] [200a0c17] 18:40:03.801 [application-shutdown-thread] INFO  i.javaoperatorsdk.operator.Operator - Operator SDK 4.9.7 is shutting down...
2025-01-29 18:40:03,961 INFO c.h.h.t.HelmChartContainer - [K3S] [stateful_set.go:466] "StatefulSet has been deleted" key="helmcustomlogbackit/test-hivemq-platform"
2025-01-29 18:40:04,386 INFO c.h.h.t.HelmChartContainer - [K3S] [pod_container_deletor.go:80] "Container not found in pod's containers" containerID="d5f5cfe9094d7935747e1931a3d256e77b813cd97e84e87e0e29e7452a9565b1"
2025-01-29 18:40:04,419 INFO c.h.h.t.HelmChartContainer - [K3S] [replica_set.go:679] "Finished syncing" kind="ReplicaSet" key="helmcustomlogbackit-operator/hivemq-test-hivemq-platform-operator-6966f96d65" duration="45.034µs"
2025-01-29 18:40:04,420 INFO c.h.h.t.HelmChartContainer - [POD] hivemq-test-hivemq-platform-operator-6966f96d65-7z7p5 [200a0c17-b25f-4891-946d-65d611ee54b0] in helmcustomlogbackit-operator was MODIFIED
2025-01-29 18:40:04,479 INFO c.h.h.t.HelmChartContainer - [K3S] [reconciler_common.go:162] "operationExecutor.UnmountVolume started for volume \"kube-api-access-mb552\" (UniqueName: \"kubernetes.io/projected/200a0c17-b25f-4891-946d-65d611ee54b0-kube-api-access-mb552\") pod \"200a0c17-b25f-4891-946d-65d611ee54b0\" (UID: \"200a0c17-b25f-4891-946d-65d611ee54b0\") "
2025-01-29 18:40:04,580 INFO c.h.h.t.HelmChartContainer - [K3S] [reconciler_common.go:299] "Volume detached for volume \"kube-api-access-mb552\" (UniqueName: \"kubernetes.io/projected/200a0c17-b25f-4891-946d-65d611ee54b0-kube-api-access-mb552\") on node \"63eb5a585d77\" DevicePath \"\""
2025-01-29 18:40:05,033 INFO c.h.h.t.HelmChartContainer - [K3S] [kubelet_volumes.go:163] "Cleaned up orphaned pod volumes dir" podUID="c1f0306f-64ec-4a85-8de5-515691b17b63" path="/var/lib/kubelet/pods/c1f0306f-64ec-4a85-8de5-515691b17b63/volumes"
2025-01-29 18:40:05,397 INFO c.h.h.t.HelmChartContainer - [K3S] [replica_set.go:679] "Finished syncing" kind="ReplicaSet" key="helmcustomlogbackit-operator/hivemq-test-hivemq-platform-operator-6966f96d65" duration="42.599µs"
2025-01-29 18:40:05,398 INFO c.h.h.t.HelmChartContainer - [POD] hivemq-test-hivemq-platform-operator-6966f96d65-7z7p5 [200a0c17-b25f-4891-946d-65d611ee54b0] in helmcustomlogbackit-operator was MODIFIED
2025-01-29 18:40:05,399 INFO c.h.h.t.HelmChartContainer - [K3S] [replica_set.go:679] "Finished syncing" kind="ReplicaSet" key="helmcustomlogbackit-operator/hivemq-test-hivemq-platform-operator-6966f96d65" duration="37.179µs"
2025-01-29 18:40:05,400 INFO c.h.h.t.HelmChartContainer - [POD] hivemq-test-hivemq-platform-operator-6966f96d65-7z7p5 [200a0c17-b25f-4891-946d-65d611ee54b0] in helmcustomlogbackit-operator was DELETED
2025-01-29 18:40:05,409 INFO c.h.h.t.HelmChartContainer - [K3S] [replica_set.go:679] "Finished syncing" kind="ReplicaSet" key="helmcustomlogbackit-operator/hivemq-test-hivemq-platform-operator-6966f96d65" duration="5.58µs"
2025-01-29 18:40:05,788 INFO c.h.h.t.HelmChartContainer - Deleting namespace 'helmcustomlogbackit-operator'...
2025-01-29 18:40:07,032 INFO c.h.h.t.HelmChartContainer - [K3S] [kubelet_volumes.go:163] "Cleaned up orphaned pod volumes dir" podUID="200a0c17-b25f-4891-946d-65d611ee54b0" path="/var/lib/kubelet/pods/200a0c17-b25f-4891-946d-65d611ee54b0/volumes"
2025-01-29 18:40:08,503 INFO c.h.h.t.HelmChartContainer - [K3S] [namespace_controller.go:187] "Namespace has been deleted" namespace="helmcustomlogbackit"
2025-01-29 18:40:11,006 INFO c.h.h.t.HelmChartContainer - Namespace 'helmcustomlogbackit-operator' deleted
2025-01-29 18:40:11,006 INFO c.h.h.t.HelmChartContainer - Release 'test-hivemq-platform-operator' in namespace 'helmcustomlogbackit-operator' is uninstalled
2025-01-29 18:40:11,815 INFO c.h.helmcharts.AbstractHelmChartIT - Removed unused containers:

2025-01-29 18:40:15,913 INFO c.h.h.t.HelmChartContainer - [K3S] [namespace_controller.go:187] "Namespace has been deleted" namespace="helmcustomlogbackit-operator"
2025-01-29 18:40:19,837 INFO c.h.helmcharts.AbstractHelmChartIT - Removed unused snapshots:
Removing snapshot sha256:03af251906410714c5aef9fa705b63f6bbc39c4a5e787de7361eeb18886c2ed2
Removing snapshot sha256:0c46b3b43cce082ce5ec34ffc6c294e0417d17b9d1e6f366d114b6aadc4f96dc
Removing snapshot sha256:0ce761beee59082d6ed5bcebd3a805b8ddd9b3426b617e4809e7fb7c6587ffec
Removing snapshot sha256:0df91287303208332c8ff6ba40ae4710105201739addbfbddfb955f1ad593664
Removing snapshot sha256:1021ef88c7974bfff89c5a0ec4fd3160daac6c48a075f74cff721f85dd104e68
Removing snapshot sha256:10aba4953ddc18145dd38e3704709bc464aa20af60b56fe52caaff4b68411e62
Removing snapshot sha256:25734aec7bbd2abd5b81233fd4bafe532da652d9c809045cb22b56fb69382592
Removing snapshot sha256:2573e0d8158209ed54ab25c87bcdcb00bd3d2539246960a3d592a1c599d70465
Removing snapshot sha256:362a8a37f8bbc31925a8146adcf7cf51f9882f5c1dcbef67c5baa03a297543c0
Removing snapshot sha256:3fa4ad33f0ddc8fd45b39b6b4640f82a3a83619606cd975bfe89d8710ad2d4cd
Removing snapshot sha256:43a7c979bbaba6838bc3102d6b10a1459f3ab050b87ccdfef84ef90cf43d3058
Removing snapshot sha256:4ab04491cdf0d3267f08206fe30bd48f49f94b9cab2f016d6739220f722a64af
Removing snapshot sha256:4b6068250e89c96f263060261819c7d912855bfbd64b3eb4c4a8483299b8c295
Removing snapshot sha256:580e69a0a8034ede1921139bbd2bfb72a69ebf276d008281896c32dd8bf74775
Removing snapshot sha256:5d30ba46b27fe37484567ccc5242cadc78217b8da605f3f195ef25cbf7487904
Removing snapshot sha256:63ca1fbb43ae5034640e5e6cb3e083e05c290072c5366fcaa9d62435a4cced85
Removing snapshot sha256:67f702c6baae873bceb19487c8b1f27bd2b86077e4f2f0e480e6d60ab508b8f5
Removing snapshot sha256:6864348dd42806d552efdec384f1274be15e2d0c10ce44c1f04347af004c10a9
Removing snapshot sha256:6c7dee8f2c39b84b7dc2711c01d33de93514d9055499173e9290176fbe484b6c
Removing snapshot sha256:82753493a6d61ded36556292f02f31841a14c20d2f279f19eaad65afb661d5cd
Removing snapshot sha256:8a10d3db42c505ee0fcfa98417bdd7e39b304f6bcc0a06bb1b220797ff2cc63c
Removing snapshot sha256:a0904247e36a7726c03c71ee48f3e64462021c88dafeb13f37fdaf613b27f11c
Removing snapshot sha256:a21e5b12dbac529ad45d976eb9ce45c881f3bedcc500fb30aba1e52aa1813418
Removing snapshot sha256:b921e6c28969094157f9b8e7244677780319637afd14450b7cb6b2fdea558a0c
Removing snapshot sha256:bc27ecb5769a00e309cf99ebc763c4a4b958b618d1decc96ffac5bc05f02f5b7
Removing snapshot sha256:be3ccb6627a5332e309d45ef461d09b4879dd870c7394d89323d0ebc6ca6aa8a
Removing snapshot sha256:c261f7cbbc64211ee175ee47273acdb7b1a36a4450b397a064a8f2c026490095
Removing snapshot sha256:c34d9393647eea0c9e3557ab988efaf59f61d10a2a5613b439ef0958cca5ec10
Removing snapshot sha256:ccf3c4a0fa967a41c1c83497a2ce6fa5787965859df0adb32c4ca2cf7490bc2b
Removing snapshot sha256:cf92d33f869417309692088c341cd0f223c178ea78a125f757317b22aa8f90e9
Removing snapshot sha256:d0037344cf2fb078884f1849f6a1f8cf9a33a3b6139b6a85833e5ee528e1f9a8
Removing snapshot sha256:d3b36d5b79273b1e98e7700470eaeff05a882e777124d84cebcc1505b85ecb36
Removing snapshot sha256:d65a44a37914602d12c611e5e22a50f11451d847e63015cc1c2aef92dee777a4
Removing snapshot sha256:e2dc0bae2455930f23ae570e019b7f32edc75c0f2d71cab084db837ff9051796
Removing snapshot sha256:e31519795c7e3df686c447a21ec8d2eb301388a5e39ccf7f20a25c6f6ce3a522
Removing snapshot sha256:e9e86ed11d9bebc0707dd6f1166c51237ebb44f98657241f943261b2675a5449
Removing snapshot sha256:eccbd24a99c60cd9e86ee5305dbfc4a4dc89f5ab4fb1f06c8d64797cecedef34
Removing snapshot sha256:edd1404c718ab99ca3456bdf222065033800bb67d4334a9642746685a24394cd
Removing snapshot sha256:ee16855b23d2cf58b48fe4599b14eef6089f3793520403f029e6faa545ce4a52
Removing snapshot sha256:f144bb4c7c7f0d2aa7eeffd36d934ec40db1ee167be727e326aad9fdc616f475

]]></system-out>
  </testcase>
  <system-out><![CDATA[2025-01-29 18:38:44,649 INFO c.h.h.t.HelmChartContainerExtension - Using cached HelmChartContainer instance
]]></system-out>
  <system-err><![CDATA[]]></system-err>
</testsuite>
