<?xml version="1.0" encoding="UTF-8"?>
<testsuite name="com.hivemq.helmcharts.platform.HelmUpgradePlatformIT" tests="1" skipped="0" failures="0" errors="0" timestamp="2025-02-12T23:09:59" hostname="fv-az1921-368" time="160.952">
  <properties/>
  <testcase name="withDeployedPlatform_upgradeIncreasingReplicaCount()" classname="com.hivemq.helmcharts.platform.HelmUpgradePlatformIT" time="160.952"/>
</testsuite>
