<?xml version="1.0" encoding="UTF-8"?>
<testsuite name="com.hivemq.helmcharts.license.HelmBrokerLicensesIT" tests="2" skipped="0" failures="0" errors="0" timestamp="2025-03-11T13:22:37" hostname="fv-az1690-65" time="209.332">
  <properties/>
  <testcase name="withExistingBrokerLicenseSecret_statefulSetWithLicenseSecretMounted()" classname="com.hivemq.helmcharts.license.HelmBrokerLicensesIT" time="104.924"/>
  <testcase name="withBrokerLicenseFileContent_statefulSetWithLicenseSecretMounted()" classname="com.hivemq.helmcharts.license.HelmBrokerLicensesIT" time="104.407"/>
</testsuite>
