<?xml version="1.0" encoding="UTF-8"?>
<testsuite name="com.hivemq.helmcharts.platform.HelmUpgradePlatformIT" tests="1" skipped="0" failures="0" errors="0" timestamp="2025-01-29T13:25:22" hostname="fv-az1120-885" time="163.151">
  <properties/>
  <testcase name="withDeployedPlatform_upgradeIncreasingReplicaCount()" classname="com.hivemq.helmcharts.platform.HelmUpgradePlatformIT" time="163.151">
    <system-out><![CDATA[2025-01-29 13:25:22,376 INFO c.h.h.t.HelmChartContainer - Creating namespace 'helmupgradeplatformit-operator'...
2025-01-29 13:25:22,391 INFO c.h.h.t.HelmChartContainer - Namespace 'helmupgradeplatformit-operator' created
2025-01-29 13:25:22,391 INFO c.h.h.t.HelmChartContainer - Creating namespace 'helmupgradeplatformit'...
2025-01-29 13:25:22,400 INFO c.h.h.t.HelmChartContainer - Namespace 'helmupgradeplatformit' created
2025-01-29 13:25:22,480 DEBUG c.h.h.t.HelmChartContainer - Executing helm command: /bin/helm --kubeconfig /etc/rancher/k3s/k3s.yaml install test-hivemq-platform-operator /charts/hivemq-platform-operator --wait --timeout 5m0s --set image.repository=docker.io/hivemq --set image.name=hivemq-platform-operator-test --set image.initImageName=hivemq-platform-operator-init-test --set image.tag=snapshot --set image.pullPolicy=Never --set logLevel=DEBUG --set resources.cpu=512m --namespace helmupgradeplatformit-operator
2025-01-29 13:25:22,789 INFO c.h.h.t.HelmChartContainer - [K3S] [alloc.go:330] "allocated clusterIPs" service="helmupgradeplatformit-operator/hivemq-platform-operator-test-hivemq-platform-operator" clusterIPs={"IPv4":"10.43.208.214"}
2025-01-29 13:25:22,806 INFO c.h.h.t.HelmChartContainer - [EVENT] Normal [ScalingReplicaSet] Scaled up replica set hivemq-test-hivemq-platform-operator-6966f96d65 from 0 to 1 [helmupgradeplatformit-operator:hivemq-test-hivemq-platform-operator]
2025-01-29 13:25:22,808 INFO c.h.h.t.HelmChartContainer - [POD] hivemq-test-hivemq-platform-operator-6966f96d65-mhk46 [d2ef3e8d-2d64-4751-9ee1-5ebd779ef8cf] in helmupgradeplatformit-operator was ADDED
2025-01-29 13:25:22,811 INFO c.h.h.t.HelmChartContainer - [EVENT] Normal [SuccessfulCreate] Created pod: hivemq-test-hivemq-platform-operator-6966f96d65-mhk46 [helmupgradeplatformit-operator:hivemq-test-hivemq-platform-operator-6966f96d65]
2025-01-29 13:25:22,815 INFO c.h.h.t.HelmChartContainer - [K3S] [replica_set.go:679] "Finished syncing" kind="ReplicaSet" key="helmupgradeplatformit-operator/hivemq-test-hivemq-platform-operator-6966f96d65" duration="16.793495ms"
2025-01-29 13:25:22,822 INFO c.h.h.t.HelmChartContainer - [K3S] [memory_manager.go:355] "RemoveStaleState removing state" podUID="570dbe80-ae6e-464f-90f1-a33c472b36a7" containerName="hivemq-platform-operator"
2025-01-29 13:25:22,822 INFO c.h.h.t.HelmChartContainer - [K3S] [memory_manager.go:355] "RemoveStaleState removing state" podUID="ed888896-5739-4940-a8e2-884e8362825d" containerName="hivemq"
2025-01-29 13:25:22,822 INFO c.h.h.t.HelmChartContainer - [K3S] [memory_manager.go:355] "RemoveStaleState removing state" podUID="8c3a8568-7b13-4cde-9121-9d3c66add287" containerName="hivemq"
2025-01-29 13:25:22,823 INFO c.h.h.t.HelmChartContainer - [POD] hivemq-test-hivemq-platform-operator-6966f96d65-mhk46 [d2ef3e8d-2d64-4751-9ee1-5ebd779ef8cf] in helmupgradeplatformit-operator was MODIFIED
2025-01-29 13:25:22,833 INFO c.h.h.t.HelmChartContainer - [K3S] [replica_set.go:679] "Finished syncing" kind="ReplicaSet" key="helmupgradeplatformit-operator/hivemq-test-hivemq-platform-operator-6966f96d65" duration="12.247368ms"
2025-01-29 13:25:22,844 INFO c.h.h.t.HelmChartContainer - [POD] hivemq-test-hivemq-platform-operator-6966f96d65-mhk46 [d2ef3e8d-2d64-4751-9ee1-5ebd779ef8cf] in helmupgradeplatformit-operator was MODIFIED
2025-01-29 13:25:22,845 INFO c.h.h.t.HelmChartContainer - [EVENT] Normal [Scheduled] Successfully assigned helmupgradeplatformit-operator/hivemq-test-hivemq-platform-operator-6966f96d65-mhk46 to 234925720b1a [helmupgradeplatformit-operator:hivemq-test-hivemq-platform-operator-6966f96d65-mhk46]
2025-01-29 13:25:22,847 INFO c.h.h.t.HelmChartContainer - [K3S] [replica_set.go:679] "Finished syncing" kind="ReplicaSet" key="helmupgradeplatformit-operator/hivemq-test-hivemq-platform-operator-6966f96d65" duration="19.330154ms"
2025-01-29 13:25:22,847 INFO c.h.h.t.HelmChartContainer - [K3S] [replica_set.go:679] "Finished syncing" kind="ReplicaSet" key="helmupgradeplatformit-operator/hivemq-test-hivemq-platform-operator-6966f96d65" duration="54.553µs"
2025-01-29 13:25:22,915 INFO c.h.h.t.HelmChartContainer - [K3S] [reconciler_common.go:251] "operationExecutor.VerifyControllerAttachedVolume started for volume \"kube-api-access-ffkd7\" (UniqueName: \"kubernetes.io/projected/d2ef3e8d-2d64-4751-9ee1-5ebd779ef8cf-kube-api-access-ffkd7\") pod \"hivemq-test-hivemq-platform-operator-6966f96d65-mhk46\" (UID: \"d2ef3e8d-2d64-4751-9ee1-5ebd779ef8cf\") " pod="helmupgradeplatformit-operator/hivemq-test-hivemq-platform-operator-6966f96d65-mhk46"
2025-01-29 13:25:23,229 INFO c.h.h.t.HelmChartContainer - [EVENT] Normal [Pulled] Container image "docker.io/hivemq/hivemq-platform-operator-test:snapshot" already present on machine [helmupgradeplatformit-operator:hivemq-test-hivemq-platform-operator-6966f96d65-mhk46]
2025-01-29 13:25:23,229 INFO c.h.h.t.HelmChartContainer - Received Pulled event for container hivemq-platform-operator in pod hivemq-test-hivemq-platform-operator-6966f96d65-mhk46 [d2ef3e8d-2d64-4751-9ee1-5ebd779ef8cf]
2025-01-29 13:25:24,555 INFO c.h.h.t.HelmChartContainer - [EVENT] Normal [Created] Created container: hivemq-platform-operator [helmupgradeplatformit-operator:hivemq-test-hivemq-platform-operator-6966f96d65-mhk46]
2025-01-29 13:25:24,555 INFO c.h.h.t.HelmChartContainer - Received Created event for container hivemq-platform-operator in pod hivemq-test-hivemq-platform-operator-6966f96d65-mhk46 [d2ef3e8d-2d64-4751-9ee1-5ebd779ef8cf]
2025-01-29 13:25:24,863 INFO c.h.h.t.HelmChartContainer - [K3S] [replica_set.go:679] "Finished syncing" kind="ReplicaSet" key="helmupgradeplatformit-operator/hivemq-test-hivemq-platform-operator-6966f96d65" duration="39.734µs"
2025-01-29 13:25:24,865 INFO c.h.h.t.HelmChartContainer - [POD] hivemq-test-hivemq-platform-operator-6966f96d65-mhk46 [d2ef3e8d-2d64-4751-9ee1-5ebd779ef8cf] in helmupgradeplatformit-operator was MODIFIED
2025-01-29 13:25:24,875 INFO c.h.h.t.HelmChartContainer - Started log watcher for hivemq-platform-operator in pod hivemq-test-hivemq-platform-operator-6966f96d65-mhk46 [d2ef3e8d-2d64-4751-9ee1-5ebd779ef8cf]
2025-01-29 13:25:24,875 INFO c.h.h.t.HelmChartContainer - [EVENT] Normal [Started] Started container hivemq-platform-operator [helmupgradeplatformit-operator:hivemq-test-hivemq-platform-operator-6966f96d65-mhk46]
2025-01-29 13:25:24,875 INFO c.h.h.t.HelmChartContainer - [hivemq-test-hivemq-platform] [hivemq-platform-operator] [d2ef3e8d] -------------------------------------------------------------------------
2025-01-29 13:25:24,875 INFO c.h.h.t.HelmChartContainer - [hivemq-test-hivemq-platform] [hivemq-platform-operator] [d2ef3e8d] 
2025-01-29 13:25:24,875 INFO c.h.h.t.HelmChartContainer - [hivemq-test-hivemq-platform] [hivemq-platform-operator] [d2ef3e8d]                   _    _  _              __  __   ____
2025-01-29 13:25:24,875 INFO c.h.h.t.HelmChartContainer - [hivemq-test-hivemq-platform] [hivemq-platform-operator] [d2ef3e8d]                  | |  | |(_)            |  \/  | / __ \
2025-01-29 13:25:24,875 INFO c.h.h.t.HelmChartContainer - [hivemq-test-hivemq-platform] [hivemq-platform-operator] [d2ef3e8d]                  | |__| | _ __   __ ___ | \  / || |  | |
2025-01-29 13:25:24,875 INFO c.h.h.t.HelmChartContainer - [hivemq-test-hivemq-platform] [hivemq-platform-operator] [d2ef3e8d]                  |  __  || |\ \ / // _ \| |\/| || |  | |
2025-01-29 13:25:24,875 INFO c.h.h.t.HelmChartContainer - Received Started event for container hivemq-platform-operator in pod hivemq-test-hivemq-platform-operator-6966f96d65-mhk46 [d2ef3e8d-2d64-4751-9ee1-5ebd779ef8cf]
2025-01-29 13:25:24,875 INFO c.h.h.t.HelmChartContainer - [hivemq-test-hivemq-platform] [hivemq-platform-operator] [d2ef3e8d]                  | |  | || | \ V /|  __/| |  | || |__| |
2025-01-29 13:25:24,875 INFO c.h.h.t.HelmChartContainer - [hivemq-test-hivemq-platform] [hivemq-platform-operator] [d2ef3e8d]                  |_|  |_||_|  \_/  \___||_|  |_| \___\_\
2025-01-29 13:25:24,875 INFO c.h.h.t.HelmChartContainer - [hivemq-test-hivemq-platform] [hivemq-platform-operator] [d2ef3e8d] 
2025-01-29 13:25:24,875 INFO c.h.h.t.HelmChartContainer - [hivemq-test-hivemq-platform] [hivemq-platform-operator] [d2ef3e8d] -------------------------------------------------------------------------
2025-01-29 13:25:24,875 INFO c.h.h.t.HelmChartContainer - [hivemq-test-hivemq-platform] [hivemq-platform-operator] [d2ef3e8d] 
2025-01-29 13:25:24,875 INFO c.h.h.t.HelmChartContainer - [hivemq-test-hivemq-platform] [hivemq-platform-operator] [d2ef3e8d]   HiveMQ Platform Operator Start Script v1.0
2025-01-29 13:25:24,875 INFO c.h.h.t.HelmChartContainer - [hivemq-test-hivemq-platform] [hivemq-platform-operator] [d2ef3e8d] 
2025-01-29 13:25:24,875 INFO c.h.h.t.HelmChartContainer - [hivemq-test-hivemq-platform] [hivemq-platform-operator] [d2ef3e8d] -------------------------------------------------------------------------
2025-01-29 13:25:24,875 INFO c.h.h.t.HelmChartContainer - [hivemq-test-hivemq-platform] [hivemq-platform-operator] [d2ef3e8d] 
2025-01-29 13:25:24,875 INFO c.h.h.t.HelmChartContainer - [hivemq-test-hivemq-platform] [hivemq-platform-operator] [d2ef3e8d]   JAVA_OPTS: -XX:+UnlockExperimentalVMOptions -XX:InitialRAMPercentage=75 -XX:MaxRAMPercentage=75 -Duser.language=en -Duser.region=US
2025-01-29 13:25:24,875 INFO c.h.h.t.HelmChartContainer - [hivemq-test-hivemq-platform] [hivemq-platform-operator] [d2ef3e8d] 
2025-01-29 13:25:24,875 INFO c.h.h.t.HelmChartContainer - [hivemq-test-hivemq-platform] [hivemq-platform-operator] [d2ef3e8d]   JAVA_VERSION: 21
2025-01-29 13:25:24,875 INFO c.h.h.t.HelmChartContainer - [hivemq-test-hivemq-platform] [hivemq-platform-operator] [d2ef3e8d] 
2025-01-29 13:25:24,875 INFO c.h.h.t.HelmChartContainer - [hivemq-test-hivemq-platform] [hivemq-platform-operator] [d2ef3e8d] -------------------------------------------------------------------------
2025-01-29 13:25:24,875 INFO c.h.h.t.HelmChartContainer - [hivemq-test-hivemq-platform] [hivemq-platform-operator] [d2ef3e8d] 
2025-01-29 13:25:28,147 INFO c.h.h.t.HelmChartContainer - [hivemq-test-hivemq-platform] [hivemq-platform-operator] [d2ef3e8d] 13:25:28.143 [main] DEBUG org.jboss.logging - Logging Provider: org.jboss.logging.Slf4jLoggerProvider
2025-01-29 13:25:28,256 INFO c.h.h.t.HelmChartContainer - [hivemq-test-hivemq-platform] [hivemq-platform-operator] [d2ef3e8d] 13:25:28.255 [main] DEBUG io.smallrye.config - SRCFG01006: Loaded ConfigSource SysPropConfigSource with ordinal 400
2025-01-29 13:25:28,256 INFO c.h.h.t.HelmChartContainer - [hivemq-test-hivemq-platform] [hivemq-platform-operator] [d2ef3e8d] 13:25:28.255 [main] DEBUG io.smallrye.config - SRCFG01006: Loaded ConfigSource EnvConfigSource with ordinal 300
2025-01-29 13:25:28,257 INFO c.h.h.t.HelmChartContainer - [hivemq-test-hivemq-platform] [hivemq-platform-operator] [d2ef3e8d] 13:25:28.256 [main] DEBUG io.smallrye.config - SRCFG01006: Loaded ConfigSource PropertiesConfigSource[source=jar:file:///opt/hivemq-platform-operator/bin/hivemq-platform-operator.jar!/hivemq-platform-operator.properties] with ordinal 100
2025-01-29 13:25:28,257 INFO c.h.h.t.HelmChartContainer - [hivemq-test-hivemq-platform] [hivemq-platform-operator] [d2ef3e8d] 13:25:28.256 [main] DEBUG io.smallrye.config - SRCFG01006: Loaded ConfigSource DefaultValuesConfigSource with ordinal -2147483648
2025-01-29 13:25:28,364 INFO c.h.h.t.HelmChartContainer - [hivemq-test-hivemq-platform] [hivemq-platform-operator] [d2ef3e8d] 13:25:28.363 [main] DEBUG i.m.c.u.i.l.InternalLoggerFactory - Using SLF4J as the default logging framework
2025-01-29 13:25:28,551 INFO c.h.h.t.HelmChartContainer - [hivemq-test-hivemq-platform] [hivemq-platform-operator] [d2ef3e8d] 13:25:28.543 [main] INFO  c.h.p.o.HiveMQPlatformOperatorApplication - HiveMQ Platform Operator 1.7.0-SNAPSHOT (commit: bebf408 on branch: HEAD) built on Sun Jan 26 20:47:47 UTC 2025
2025-01-29 13:25:28,551 INFO c.h.h.t.HelmChartContainer - [hivemq-test-hivemq-platform] [hivemq-platform-operator] [d2ef3e8d] 13:25:28.550 [main] INFO  c.h.p.o.HiveMQPlatformOperatorApplication - HiveMQ Platform Operator is running in namespace: helmupgradeplatformit-operator
2025-01-29 13:25:28,552 INFO c.h.h.t.HelmChartContainer - [hivemq-test-hivemq-platform] [hivemq-platform-operator] [d2ef3e8d] 13:25:28.550 [main] INFO  c.h.p.o.HiveMQPlatformOperatorApplication - Watching all namespaces
2025-01-29 13:25:28,552 INFO c.h.h.t.HelmChartContainer - [hivemq-test-hivemq-platform] [hivemq-platform-operator] [d2ef3e8d] 13:25:28.550 [main] INFO  c.h.p.o.HiveMQPlatformOperatorApplication - Log level: DEBUG
2025-01-29 13:25:28,552 INFO c.h.h.t.HelmChartContainer - [hivemq-test-hivemq-platform] [hivemq-platform-operator] [d2ef3e8d] 13:25:28.550 [main] INFO  c.h.p.o.HiveMQPlatformOperatorApplication - Release name: test-hivemq-platform-operator
2025-01-29 13:25:28,552 INFO c.h.h.t.HelmChartContainer - [hivemq-test-hivemq-platform] [hivemq-platform-operator] [d2ef3e8d] 13:25:28.551 [main] INFO  c.h.p.o.HiveMQPlatformOperatorApplication - HiveMQ Platform Operator Init image: docker.io/hivemq/hivemq-platform-operator-init-test:snapshot
2025-01-29 13:25:28,552 INFO c.h.h.t.HelmChartContainer - [hivemq-test-hivemq-platform] [hivemq-platform-operator] [d2ef3e8d] 13:25:28.551 [main] INFO  c.h.p.o.HiveMQPlatformOperatorApplication - HiveMQ Platform Operator Init App update URL: http://hivemq-platform-operator-test-hivemq-platform-operator.helmupgradeplatformit-operator.svc:8080/initAppUpdate/hivemq-platform-operator-init-app-1.7.0-SNAPSHOT.jar
2025-01-29 13:25:28,552 INFO c.h.h.t.HelmChartContainer - [hivemq-test-hivemq-platform] [hivemq-platform-operator] [d2ef3e8d] 13:25:28.551 [main] INFO  c.h.p.o.HiveMQPlatformOperatorApplication - Additional imagePullSecret for all Platform deployments: none
2025-01-29 13:25:28,552 INFO c.h.h.t.HelmChartContainer - [hivemq-test-hivemq-platform] [hivemq-platform-operator] [d2ef3e8d] 13:25:28.551 [main] INFO  c.h.p.o.HiveMQPlatformOperatorApplication - Apply HiveMQ Platform CRD: true
2025-01-29 13:25:28,552 INFO c.h.h.t.HelmChartContainer - [hivemq-test-hivemq-platform] [hivemq-platform-operator] [d2ef3e8d] 13:25:28.551 [main] INFO  c.h.p.o.HiveMQPlatformOperatorApplication - Create Platform ServiceAccount: true
2025-01-29 13:25:28,552 INFO c.h.h.t.HelmChartContainer - [hivemq-test-hivemq-platform] [hivemq-platform-operator] [d2ef3e8d] 13:25:28.551 [main] INFO  c.h.p.o.HiveMQPlatformOperatorApplication - Create Platform ServiceAccount permissions: true
2025-01-29 13:25:28,553 INFO c.h.h.t.HelmChartContainer - [hivemq-test-hivemq-platform] [hivemq-platform-operator] [d2ef3e8d] 13:25:28.551 [main] INFO  c.h.p.o.HiveMQPlatformOperatorApplication - Validate Platform ServiceAccount: true
2025-01-29 13:25:28,553 INFO c.h.h.t.HelmChartContainer - [hivemq-test-hivemq-platform] [hivemq-platform-operator] [d2ef3e8d] 13:25:28.551 [main] INFO  c.h.p.o.HiveMQPlatformOperatorApplication - Validate Platform ServiceAccount permissions: true
2025-01-29 13:25:28,745 INFO c.h.h.t.HelmChartContainer - [hivemq-test-hivemq-platform] [hivemq-platform-operator] [d2ef3e8d] 13:25:28.744 [main] INFO  c.h.platform.operator.util.CRDUtil - Verifying deployed HiveMQ Platform CRD...
2025-01-29 13:25:31,344 INFO c.h.h.t.HelmChartContainer - [hivemq-test-hivemq-platform] [hivemq-platform-operator] [d2ef3e8d] 13:25:31.343 [main] DEBUG c.h.platform.operator.util.CRDUtil - HiveMQ Platform CRD version v1 is up to date
2025-01-29 13:25:31,346 INFO c.h.h.t.HelmChartContainer - [hivemq-test-hivemq-platform] [hivemq-platform-operator] [d2ef3e8d] 13:25:31.343 [main] INFO  c.h.platform.operator.util.CRDUtil - HiveMQ Platform CRD is up to date (version: V1_6_0)
2025-01-29 13:25:31,346 INFO c.h.h.t.HelmChartContainer - [hivemq-test-hivemq-platform] [hivemq-platform-operator] [d2ef3e8d] 13:25:31.343 [main] INFO  c.h.platform.operator.util.CRDUtil - Waiting 10000 ms for HiveMQ Platform CRD 'hivemq-platforms.hivemq.com' to become ready...
2025-01-29 13:25:31,653 INFO c.h.h.t.HelmChartContainer - [hivemq-test-hivemq-platform] [hivemq-platform-operator] [d2ef3e8d] 13:25:31.651 [vert.x-eventloop-thread-1] DEBUG c.h.platform.operator.util.CRDUtil - Checking CRD condition 'NamesAccepted' (status: 'True')
2025-01-29 13:25:31,653 INFO c.h.h.t.HelmChartContainer - [hivemq-test-hivemq-platform] [hivemq-platform-operator] [d2ef3e8d] 13:25:31.652 [vert.x-eventloop-thread-1] DEBUG c.h.platform.operator.util.CRDUtil - Checking CRD condition 'Established' (status: 'True')
2025-01-29 13:25:31,654 INFO c.h.h.t.HelmChartContainer - [hivemq-test-hivemq-platform] [hivemq-platform-operator] [d2ef3e8d] 13:25:31.653 [main] INFO  c.h.platform.operator.util.CRDUtil - HiveMQ Platform CRD 'hivemq-platforms.hivemq.com' is ready
2025-01-29 13:25:31,856 INFO c.h.h.t.HelmChartContainer - [hivemq-test-hivemq-platform] [hivemq-platform-operator] [d2ef3e8d] 13:25:31.855 [main] INFO  c.h.p.o.HiveMQPlatformReconciler - HiveMQ Platform Operator is starting...
2025-01-29 13:25:31,962 INFO c.h.h.t.HelmChartContainer - [hivemq-test-hivemq-platform] [hivemq-platform-operator] [d2ef3e8d] 13:25:31.960 [main] WARN  Default ConfigurationService implementation - Configuration for reconciler 'hivemq-controller' was not found. Known reconcilers: None.
2025-01-29 13:25:32,047 INFO c.h.h.t.HelmChartContainer - [hivemq-test-hivemq-platform] [hivemq-platform-operator] [d2ef3e8d] 13:25:32.046 [main] INFO  Default ConfigurationService implementation - Created configuration for reconciler com.hivemq.platform.operator.HiveMQPlatformReconciler with name hivemq-controller
2025-01-29 13:25:32,152 INFO c.h.h.t.HelmChartContainer - [hivemq-test-hivemq-platform] [hivemq-platform-operator] [d2ef3e8d] 13:25:32.151 [main] DEBUG c.h.p.o.HiveMQPlatformReconciler - HiveMQ Platform Operator is preparing EventSources
2025-01-29 13:25:32,244 INFO c.h.h.t.HelmChartContainer - [hivemq-test-hivemq-platform] [hivemq-platform-operator] [d2ef3e8d] 13:25:32.242 [main] INFO  i.javaoperatorsdk.operator.Operator - Registered reconciler: 'hivemq-controller' for resource: 'class com.hivemq.platform.operator.v1.HiveMQPlatform' for namespace(s): [all namespaces]
2025-01-29 13:25:32,952 INFO c.h.h.t.HelmChartContainer - [hivemq-test-hivemq-platform] [hivemq-platform-operator] [d2ef3e8d] 13:25:32.951 [main] INFO  c.h.p.operator.webserver.JettyServer - Starting Jetty server on port 8080
2025-01-29 13:25:33,055 INFO c.h.h.t.HelmChartContainer - [hivemq-test-hivemq-platform] [hivemq-platform-operator] [d2ef3e8d] 13:25:33.054 [main] INFO  i.javaoperatorsdk.operator.Operator - Operator SDK 4.9.7 (commit: 2133d28) built on Wed Nov 20 12:56:20 UTC 2024 starting...
2025-01-29 13:25:33,055 INFO c.h.h.t.HelmChartContainer - [hivemq-test-hivemq-platform] [hivemq-platform-operator] [d2ef3e8d] 13:25:33.054 [main] INFO  i.javaoperatorsdk.operator.Operator - Client version: 6.13.4
2025-01-29 13:25:33,056 INFO c.h.h.t.HelmChartContainer - [hivemq-test-hivemq-platform] [hivemq-platform-operator] [d2ef3e8d] 13:25:33.055 [Controller Starter for: hivemq-controller] INFO  i.j.operator.processing.Controller - Starting 'hivemq-controller' controller for reconciler: com.hivemq.platform.operator.HiveMQPlatformReconciler, resource: com.hivemq.platform.operator.v1.HiveMQPlatform
2025-01-29 13:25:35,750 INFO c.h.h.t.HelmChartContainer - [hivemq-test-hivemq-platform] [hivemq-platform-operator] [d2ef3e8d] 13:25:35.749 [Controller Starter for: hivemq-controller] INFO  i.j.operator.processing.Controller - 'hivemq-controller' controller started
2025-01-29 13:25:35,750 INFO c.h.h.t.HelmChartContainer - [hivemq-test-hivemq-platform] [hivemq-platform-operator] [d2ef3e8d] 13:25:35.749 [main] INFO  c.h.p.o.HiveMQPlatformOperatorApplication - HiveMQ Platform Operator 1.7.0-SNAPSHOT started in 7206 ms
2025-01-29 13:25:36,875 INFO c.h.h.t.HelmChartContainer - [POD] hivemq-test-hivemq-platform-operator-6966f96d65-mhk46 [d2ef3e8d-2d64-4751-9ee1-5ebd779ef8cf] in helmupgradeplatformit-operator was MODIFIED
2025-01-29 13:25:36,882 INFO c.h.h.t.HelmChartContainer - [K3S] [replica_set.go:679] "Finished syncing" kind="ReplicaSet" key="helmupgradeplatformit-operator/hivemq-test-hivemq-platform-operator-6966f96d65" duration="13.891265ms"
2025-01-29 13:25:36,883 INFO c.h.h.t.HelmChartContainer - [K3S] [replica_set.go:679] "Finished syncing" kind="ReplicaSet" key="helmupgradeplatformit-operator/hivemq-test-hivemq-platform-operator-6966f96d65" duration="48.48µs"
2025-01-29 13:25:38,967 DEBUG c.h.h.t.HelmChartContainer - Executing helm command: /bin/helm --kubeconfig /etc/rancher/k3s/k3s.yaml install test-hivemq-platform /charts/hivemq-platform --wait --timeout 5m0s --set image.repository=docker.io/hivemq --set image.tag=4.36.0 --set image.pullPolicy=Never --set nodes.resources.cpu=512m --set nodes.replicaCount=1 --namespace helmupgradeplatformit
2025-01-29 13:25:39,206 INFO c.h.h.t.HelmChartContainer - [hivemq-test-hivemq-platform] [hivemq-platform-operator] [d2ef3e8d] 13:25:39.205 [-373097727-pool-1-thread-3] WARN  i.m.p.PrometheusMeterRegistry - The meter (MeterId{name='operator.sdk.events.received', tags=[tag(action=ADDED),tag(event=ResourceEvent),tag(group=hivemq.com),tag(kind=HiveMQPlatform),tag(name=test-hivemq-platform),tag(namespace=helmupgradeplatformit),tag(scope=namespace),tag(version=v1)]}) registration has failed: Prometheus requires that all meters with the same name have the same set of tag keys. There is already an existing meter named 'operator.sdk.events.received' containing tag keys [event, group, kind, name, namespace, scope, version]. The meter you are attempting to register has keys [action, event, group, kind, name, namespace, scope, version]. Note that subsequent logs will be logged at debug level.
2025-01-29 13:25:39,653 INFO c.h.h.t.HelmChartContainer - [hivemq-test-hivemq-platform] [hivemq-platform-operator] [d2ef3e8d] 13:25:39.650 [pool-6-thread-3] DEBUG c.h.p.o.dependants.PodInfoConfigMap - [helmupgr] Desired PodInfo ConfigMap (1 extensions) (1 enabled)
2025-01-29 13:25:39,654 INFO c.h.h.t.HelmChartContainer - [hivemq-test-hivemq-platform] [hivemq-platform-operator] [d2ef3e8d] 13:25:39.651 [pool-6-thread-3] DEBUG c.h.p.o.dependants.PodInfoConfigMap - [helmupgr] Desired PodInfo ConfigMap (metrics port: 9399) (metrics path: /)
2025-01-29 13:25:39,654 INFO c.h.h.t.HelmChartContainer - [hivemq-test-hivemq-platform] [hivemq-platform-operator] [d2ef3e8d] 13:25:39.651 [pool-6-thread-3] DEBUG c.h.p.o.dependants.PodInfoConfigMap - [helmupgr] Desired PodInfo ConfigMap (extension state hash: -1817474005)
2025-01-29 13:25:39,656 INFO c.h.h.t.HelmChartContainer - [hivemq-test-hivemq-platform] [hivemq-platform-operator] [d2ef3e8d] 13:25:39.654 [pool-6-thread-3] DEBUG c.h.p.o.dependants.PodInfoConfigMap - [helmupgr] Create PodInfo ConfigMap
2025-01-29 13:25:39,757 INFO c.h.h.t.HelmChartContainer - [hivemq-test-hivemq-platform] [hivemq-platform-operator] [d2ef3e8d] 13:25:39.756 [pool-6-thread-5] DEBUG c.h.p.o.dependants.PodRoleResource - [helmupgr] Create Role: Role(apiVersion=rbac.authorization.k8s.io/v1, kind=Role, metadata=ObjectMeta(annotations={meta.helm.sh/release-name=test-hivemq-platform, meta.helm.sh/release-namespace=helmupgradeplatformit}, creationTimestamp=null, deletionGracePeriodSeconds=null, deletionTimestamp=null, finalizers=[], generateName=null, generation=null, labels={helm.sh/chart=hivemq-platform-0.2.32, app.kubernetes.io/managed-by=Helm, app.kubernetes.io/name=hivemq-platform, hivemq-platform=test-hivemq-platform, app.kubernetes.io/instance=test-hivemq-platform, app.kubernetes.io/version=4.36.0}, managedFields=[], name=hivemq-platform-role-test-hivemq-platform, namespace=helmupgradeplatformit, ownerReferences=[OwnerReference(apiVersion=hivemq.com/v1, blockOwnerDeletion=null, controller=null, kind=HiveMQPlatform, name=test-hivemq-platform, uid=c9047937-d496-44a6-87d7-448d8c910c07, additionalProperties={})], resourceVersion=null, selfLink=null, uid=null, additionalProperties={}), rules=[PolicyRule(apiGroups=[], nonResourceURLs=[], resourceNames=[], resources=[pods], verbs=[get, patch, update], additionalProperties={})], additionalProperties={})
2025-01-29 13:25:39,951 INFO c.h.h.t.HelmChartContainer - [hivemq-test-hivemq-platform] [hivemq-platform-operator] [d2ef3e8d] 13:25:39.949 [pool-6-thread-7] DEBUG c.h.p.o.d.PodServiceAccountResource - [helmupgr] Desired PodServiceAccountResource (serviceAccountName: hivemq-platform-pod-test-hivemq-platform)
2025-01-29 13:25:39,952 INFO c.h.h.t.HelmChartContainer - [hivemq-test-hivemq-platform] [hivemq-platform-operator] [d2ef3e8d] 13:25:39.951 [pool-6-thread-7] DEBUG c.h.p.o.d.PodServiceAccountResource - [helmupgr] Create ServiceAccount 'hivemq-platform-pod-test-hivemq-platform'
2025-01-29 13:25:40,142 INFO c.h.h.t.HelmChartContainer - [hivemq-test-hivemq-platform] [hivemq-platform-operator] [d2ef3e8d] 13:25:40.141 [pool-6-thread-9] DEBUG c.h.p.o.d.PodRoleBindingResource - [helmupgr] Create RoleBinding: RoleBinding(apiVersion=rbac.authorization.k8s.io/v1, kind=RoleBinding, metadata=ObjectMeta(annotations={meta.helm.sh/release-name=test-hivemq-platform, meta.helm.sh/release-namespace=helmupgradeplatformit}, creationTimestamp=null, deletionGracePeriodSeconds=null, deletionTimestamp=null, finalizers=[], generateName=null, generation=null, labels={helm.sh/chart=hivemq-platform-0.2.32, app.kubernetes.io/managed-by=Helm, app.kubernetes.io/name=hivemq-platform, hivemq-platform=test-hivemq-platform, app.kubernetes.io/instance=test-hivemq-platform, app.kubernetes.io/version=4.36.0}, managedFields=[], name=hivemq-platform-role-binding-test-hivemq-platform, namespace=helmupgradeplatformit, ownerReferences=[OwnerReference(apiVersion=hivemq.com/v1, blockOwnerDeletion=null, controller=null, kind=HiveMQPlatform, name=test-hivemq-platform, uid=c9047937-d496-44a6-87d7-448d8c910c07, additionalProperties={})], resourceVersion=null, selfLink=null, uid=null, additionalProperties={}), roleRef=RoleRef(apiGroup=rbac.authorization.k8s.io, kind=Role, name=hivemq-platform-role-test-hivemq-platform, additionalProperties={}), subjects=[Subject(apiGroup=null, kind=ServiceAccount, name=hivemq-platform-pod-test-hivemq-platform, namespace=helmupgradeplatformit, additionalProperties={})], additionalProperties={})
2025-01-29 13:25:40,161 INFO c.h.h.t.HelmChartContainer - [hivemq-test-hivemq-platform] [hivemq-platform-operator] [d2ef3e8d] 13:25:40.159 [ReconcilerExecutor-hivemq-controller-53] INFO  c.h.p.o.HiveMQPlatformReconciler - [helmupgr] Reconciling HiveMQ Platform 'test-hivemq-platform' in namespace 'helmupgradeplatformit'
2025-01-29 13:25:40,161 INFO c.h.h.t.HelmChartContainer - [hivemq-test-hivemq-platform] [hivemq-platform-operator] [d2ef3e8d] 13:25:40.160 [ReconcilerExecutor-hivemq-controller-53] DEBUG c.h.p.o.HiveMQPlatformReconciler - [helmupgr] Custom Resource Status CREATED - HiveMQ Platform was created (READY)
2025-01-29 13:25:40,161 INFO c.h.h.t.HelmChartContainer - [hivemq-test-hivemq-platform] [hivemq-platform-operator] [d2ef3e8d] 13:25:40.160 [ReconcilerExecutor-hivemq-controller-53] DEBUG c.h.p.o.HiveMQPlatformReconciler - [helmupgr] Custom Resource Spec (replicas: 1) (extensions: 1)
2025-01-29 13:25:40,165 INFO c.h.h.t.HelmChartContainer - [hivemq-test-hivemq-platform] [hivemq-platform-operator] [d2ef3e8d] 13:25:40.164 [ReconcilerExecutor-hivemq-controller-53] INFO  c.h.p.o.h.HiveMQPlatformReconcilerBaseHandler - [helmupgr] HiveMQ Platform is starting
2025-01-29 13:25:40,265 INFO c.h.h.t.HelmChartContainer - [hivemq-test-hivemq-platform] [hivemq-platform-operator] [d2ef3e8d] 13:25:40.264 [ReconcilerExecutor-hivemq-controller-53] DEBUG c.h.p.operator.event.EventSender - [helmupgr] Creating K8s event hivemq-platform-starting: [Start] HiveMQ Platform is starting
2025-01-29 13:25:40,344 INFO c.h.h.t.HelmChartContainer - [EVENT] Normal [Start] HiveMQ Platform is starting [helmupgradeplatformit:test-hivemq-platform]
2025-01-29 13:25:40,349 INFO c.h.h.t.HelmChartContainer - [hivemq-test-hivemq-platform] [hivemq-platform-operator] [d2ef3e8d] 13:25:40.348 [ReconcilerExecutor-hivemq-controller-53] INFO  c.h.p.o.h.AbstractHiveMQReconcilerStateHandler - [helmupgr] Update HiveMQ Platform Status (CREATED [READY] -> STARTING [READY]): HiveMQ Platform is starting
2025-01-29 13:25:40,362 DEBUG com.hivemq.helmcharts.util.K8sUtil - Comparing actual state 'STARTING' and waiting for 'RUNNING'
2025-01-29 13:25:50,450 INFO c.h.h.t.HelmChartContainer - [hivemq-test-hivemq-platform] [hivemq-platform-operator] [d2ef3e8d] 13:25:50.449 [pool-6-thread-12] DEBUG c.h.p.o.d.PlatformServiceResource - [helmupgr] Desired Platform services (3 services)
2025-01-29 13:25:50,453 INFO c.h.h.t.HelmChartContainer - [hivemq-test-hivemq-platform] [hivemq-platform-operator] [d2ef3e8d] 13:25:50.450 [pool-6-thread-13] DEBUG c.h.p.o.dependants.PodInfoConfigMap - [helmupgr] Desired PodInfo ConfigMap (1 extensions) (1 enabled)
2025-01-29 13:25:50,453 INFO c.h.h.t.HelmChartContainer - [hivemq-test-hivemq-platform] [hivemq-platform-operator] [d2ef3e8d] 13:25:50.450 [pool-6-thread-13] DEBUG c.h.p.o.dependants.PodInfoConfigMap - [helmupgr] Desired PodInfo ConfigMap (metrics port: 9399) (metrics path: /)
2025-01-29 13:25:50,453 INFO c.h.h.t.HelmChartContainer - [hivemq-test-hivemq-platform] [hivemq-platform-operator] [d2ef3e8d] 13:25:50.450 [pool-6-thread-13] DEBUG c.h.p.o.dependants.PodInfoConfigMap - [helmupgr] Desired PodInfo ConfigMap (extension state hash: -1817474005)
2025-01-29 13:25:50,457 INFO c.h.h.t.HelmChartContainer - [hivemq-test-hivemq-platform] [hivemq-platform-operator] [d2ef3e8d] 13:25:50.456 [pool-6-thread-17] DEBUG c.h.p.o.d.PodServiceAccountResource - [helmupgr] Desired PodServiceAccountResource (serviceAccountName: hivemq-platform-pod-test-hivemq-platform)
2025-01-29 13:25:50,545 INFO c.h.h.t.HelmChartContainer - [hivemq-test-hivemq-platform] [hivemq-platform-operator] [d2ef3e8d] 13:25:50.544 [pool-6-thread-13] DEBUG c.h.p.o.dependants.PodInfoConfigMap - [helmupgr] Update PodInfo ConfigMap
2025-01-29 13:25:50,561 INFO c.h.h.t.HelmChartContainer - [K3S] [alloc.go:330] "allocated clusterIPs" service="helmupgradeplatformit/hivemq-test-hivemq-platform-metrics-9399" clusterIPs={"IPv4":"10.43.116.113"}
2025-01-29 13:25:50,652 INFO c.h.h.t.HelmChartContainer - [K3S] [alloc.go:330] "allocated clusterIPs" service="helmupgradeplatformit/hivemq-test-hivemq-platform-cc-8080" clusterIPs={"IPv4":"10.43.34.163"}
2025-01-29 13:25:50,745 INFO c.h.h.t.HelmChartContainer - [K3S] [alloc.go:330] "allocated clusterIPs" service="helmupgradeplatformit/hivemq-test-hivemq-platform-mqtt-1883" clusterIPs={"IPv4":"10.43.3.243"}
2025-01-29 13:25:50,755 INFO c.h.h.t.HelmChartContainer - [hivemq-test-hivemq-platform] [hivemq-platform-operator] [d2ef3e8d] 13:25:50.753 [pool-6-thread-20] DEBUG c.h.p.o.d.StatefulSetResource - [helmupgr] Desired StatefulSet (1 replicas) for status STARTING (READY)
2025-01-29 13:25:50,841 INFO c.h.h.t.HelmChartContainer - [hivemq-test-hivemq-platform] [hivemq-platform-operator] [d2ef3e8d] 13:25:50.766 [pool-6-thread-20] DEBUG c.h.p.o.d.StatefulSetResource - [helmupgr] Create StatefulSet
2025-01-29 13:25:50,860 INFO c.h.h.t.HelmChartContainer - [hivemq-test-hivemq-platform] [hivemq-platform-operator] [d2ef3e8d] 13:25:50.858 [ReconcilerExecutor-hivemq-controller-64] INFO  c.h.p.o.HiveMQPlatformReconciler - [helmupgr] Reconciling HiveMQ Platform 'test-hivemq-platform' in namespace 'helmupgradeplatformit'
2025-01-29 13:25:50,860 INFO c.h.h.t.HelmChartContainer - [hivemq-test-hivemq-platform] [hivemq-platform-operator] [d2ef3e8d] 13:25:50.859 [ReconcilerExecutor-hivemq-controller-64] DEBUG c.h.p.o.HiveMQPlatformReconciler - [helmupgr] Custom Resource Status STARTING - HiveMQ Platform is starting (READY)
2025-01-29 13:25:50,860 INFO c.h.h.t.HelmChartContainer - [hivemq-test-hivemq-platform] [hivemq-platform-operator] [d2ef3e8d] 13:25:50.859 [ReconcilerExecutor-hivemq-controller-64] DEBUG c.h.p.o.HiveMQPlatformReconciler - [helmupgr] Custom Resource Spec (replicas: 1) (extensions: 1)
2025-01-29 13:25:50,867 INFO c.h.h.t.HelmChartContainer - [POD] test-hivemq-platform-0 [3b679f86-14b3-4e15-87a1-f9b6d55f0c67] in helmupgradeplatformit was ADDED
2025-01-29 13:25:50,870 INFO c.h.h.t.HelmChartContainer - [EVENT] Normal [SuccessfulCreate] create Pod test-hivemq-platform-0 in StatefulSet test-hivemq-platform successful [helmupgradeplatformit:test-hivemq-platform]
2025-01-29 13:25:50,873 INFO c.h.h.t.HelmChartContainer - [POD] test-hivemq-platform-0 [3b679f86-14b3-4e15-87a1-f9b6d55f0c67] in helmupgradeplatformit was MODIFIED
2025-01-29 13:25:50,873 INFO c.h.h.t.HelmChartContainer - [EVENT] Normal [Scheduled] Successfully assigned helmupgradeplatformit/test-hivemq-platform-0 to 234925720b1a [helmupgradeplatformit:test-hivemq-platform-0]
2025-01-29 13:25:50,886 INFO c.h.h.t.HelmChartContainer - [POD] test-hivemq-platform-0 [3b679f86-14b3-4e15-87a1-f9b6d55f0c67] in helmupgradeplatformit was MODIFIED
2025-01-29 13:25:50,945 INFO c.h.h.t.HelmChartContainer - [hivemq-test-hivemq-platform] [hivemq-platform-operator] [d2ef3e8d] 13:25:50.941 [ReconcilerExecutor-hivemq-controller-64] DEBUG c.h.p.o.HiveMQPlatformReconciler - [helmupgr] StatefulSet Status (revision: null, replicas: 0, available: 0, ready: 0, current: 0, updated: 0)
2025-01-29 13:25:50,945 INFO c.h.h.t.HelmChartContainer - [hivemq-test-hivemq-platform] [hivemq-platform-operator] [d2ef3e8d] 13:25:50.941 [ReconcilerExecutor-hivemq-controller-64] DEBUG c.h.p.o.HiveMQPlatformReconciler - [helmupgr] StatefulSet Spec (replicas: 1, init containers: 1, containers: 1, volumes: 3)
2025-01-29 13:25:50,958 INFO c.h.h.t.HelmChartContainer - [hivemq-test-hivemq-platform] [hivemq-platform-operator] [d2ef3e8d] 13:25:50.957 [ReconcilerExecutor-hivemq-controller-64] DEBUG c.h.p.o.h.HiveMQPlatformReconcilerErrorHandler - [helmupgr] Pod 'test-hivemq-platform-0' phase Pending
2025-01-29 13:25:50,984 INFO c.h.h.t.HelmChartContainer - [K3S] [reconciler_common.go:251] "operationExecutor.VerifyControllerAttachedVolume started for volume \"pod-info\" (UniqueName: \"kubernetes.io/configmap/3b679f86-14b3-4e15-87a1-f9b6d55f0c67-pod-info\") pod \"test-hivemq-platform-0\" (UID: \"3b679f86-14b3-4e15-87a1-f9b6d55f0c67\") " pod="helmupgradeplatformit/test-hivemq-platform-0"
2025-01-29 13:25:50,984 INFO c.h.h.t.HelmChartContainer - [K3S] [reconciler_common.go:251] "operationExecutor.VerifyControllerAttachedVolume started for volume \"broker-configuration\" (UniqueName: \"kubernetes.io/configmap/3b679f86-14b3-4e15-87a1-f9b6d55f0c67-broker-configuration\") pod \"test-hivemq-platform-0\" (UID: \"3b679f86-14b3-4e15-87a1-f9b6d55f0c67\") " pod="helmupgradeplatformit/test-hivemq-platform-0"
2025-01-29 13:25:50,984 INFO c.h.h.t.HelmChartContainer - [K3S] [reconciler_common.go:251] "operationExecutor.VerifyControllerAttachedVolume started for volume \"operator-init\" (UniqueName: \"kubernetes.io/empty-dir/3b679f86-14b3-4e15-87a1-f9b6d55f0c67-operator-init\") pod \"test-hivemq-platform-0\" (UID: \"3b679f86-14b3-4e15-87a1-f9b6d55f0c67\") " pod="helmupgradeplatformit/test-hivemq-platform-0"
2025-01-29 13:25:50,984 INFO c.h.h.t.HelmChartContainer - [K3S] [reconciler_common.go:251] "operationExecutor.VerifyControllerAttachedVolume started for volume \"kube-api-access-9vgbp\" (UniqueName: \"kubernetes.io/projected/3b679f86-14b3-4e15-87a1-f9b6d55f0c67-kube-api-access-9vgbp\") pod \"test-hivemq-platform-0\" (UID: \"3b679f86-14b3-4e15-87a1-f9b6d55f0c67\") " pod="helmupgradeplatformit/test-hivemq-platform-0"
2025-01-29 13:25:51,045 INFO c.h.h.t.HelmChartContainer - [hivemq-test-hivemq-platform] [hivemq-platform-operator] [d2ef3e8d] 13:25:51.041 [ReconcilerExecutor-hivemq-controller-64] INFO  c.h.p.o.h.HiveMQPlatformReconcilerBaseHandler - [helmupgr] HiveMQ Platform is starting, 0 of 1 replicas are ready
2025-01-29 13:25:51,050 INFO c.h.h.t.HelmChartContainer - [hivemq-test-hivemq-platform] [hivemq-platform-operator] [d2ef3e8d] 13:25:51.048 [pool-6-thread-22] DEBUG c.h.p.o.d.PlatformServiceResource - [helmupgr] Desired Platform services (3 services)
2025-01-29 13:25:51,052 INFO c.h.h.t.HelmChartContainer - [hivemq-test-hivemq-platform] [hivemq-platform-operator] [d2ef3e8d] 13:25:51.051 [pool-6-thread-23] DEBUG c.h.p.o.dependants.PodInfoConfigMap - [helmupgr] Desired PodInfo ConfigMap (1 extensions) (1 enabled)
2025-01-29 13:25:51,052 INFO c.h.h.t.HelmChartContainer - [hivemq-test-hivemq-platform] [hivemq-platform-operator] [d2ef3e8d] 13:25:51.051 [pool-6-thread-23] DEBUG c.h.p.o.dependants.PodInfoConfigMap - [helmupgr] Desired PodInfo ConfigMap (metrics port: 9399) (metrics path: /)
2025-01-29 13:25:51,052 INFO c.h.h.t.HelmChartContainer - [hivemq-test-hivemq-platform] [hivemq-platform-operator] [d2ef3e8d] 13:25:51.051 [pool-6-thread-23] DEBUG c.h.p.o.dependants.PodInfoConfigMap - [helmupgr] Desired PodInfo ConfigMap (extension state hash: -1817474005)
2025-01-29 13:25:51,054 INFO c.h.h.t.HelmChartContainer - [hivemq-test-hivemq-platform] [hivemq-platform-operator] [d2ef3e8d] 13:25:51.053 [pool-6-thread-27] DEBUG c.h.p.o.d.PodServiceAccountResource - [helmupgr] Desired PodServiceAccountResource (serviceAccountName: hivemq-platform-pod-test-hivemq-platform)
2025-01-29 13:25:51,151 INFO c.h.h.t.HelmChartContainer - [hivemq-test-hivemq-platform] [hivemq-platform-operator] [d2ef3e8d] 13:25:51.149 [pool-6-thread-30] DEBUG c.h.p.o.d.StatefulSetResource - [helmupgr] Desired StatefulSet (1 replicas) for status STARTING (READY)
2025-01-29 13:25:51,246 INFO c.h.h.t.HelmChartContainer - [hivemq-test-hivemq-platform] [hivemq-platform-operator] [d2ef3e8d] 13:25:51.243 [ReconcilerExecutor-hivemq-controller-77] INFO  c.h.p.o.HiveMQPlatformReconciler - [helmupgr] Reconciling HiveMQ Platform 'test-hivemq-platform' in namespace 'helmupgradeplatformit'
2025-01-29 13:25:51,247 INFO c.h.h.t.HelmChartContainer - [hivemq-test-hivemq-platform] [hivemq-platform-operator] [d2ef3e8d] 13:25:51.243 [ReconcilerExecutor-hivemq-controller-77] DEBUG c.h.p.o.HiveMQPlatformReconciler - [helmupgr] Custom Resource Status STARTING - HiveMQ Platform is starting (READY)
2025-01-29 13:25:51,247 INFO c.h.h.t.HelmChartContainer - [hivemq-test-hivemq-platform] [hivemq-platform-operator] [d2ef3e8d] 13:25:51.243 [ReconcilerExecutor-hivemq-controller-77] DEBUG c.h.p.o.HiveMQPlatformReconciler - [helmupgr] Custom Resource Spec (replicas: 1) (extensions: 1)
2025-01-29 13:25:51,250 INFO c.h.h.t.HelmChartContainer - [hivemq-test-hivemq-platform] [hivemq-platform-operator] [d2ef3e8d] 13:25:51.248 [ReconcilerExecutor-hivemq-controller-77] DEBUG c.h.p.o.HiveMQPlatformReconciler - [helmupgr] StatefulSet Status (revision: test-hivemq-platform-77d44868f9, replicas: 1, available: 0, ready: 0, current: 1, updated: 1)
2025-01-29 13:25:51,250 INFO c.h.h.t.HelmChartContainer - [hivemq-test-hivemq-platform] [hivemq-platform-operator] [d2ef3e8d] 13:25:51.248 [ReconcilerExecutor-hivemq-controller-77] DEBUG c.h.p.o.HiveMQPlatformReconciler - [helmupgr] StatefulSet Spec (replicas: 1, init containers: 1, containers: 1, volumes: 3)
2025-01-29 13:25:51,257 INFO c.h.h.t.HelmChartContainer - [hivemq-test-hivemq-platform] [hivemq-platform-operator] [d2ef3e8d] 13:25:51.255 [ReconcilerExecutor-hivemq-controller-77] DEBUG c.h.p.o.h.HiveMQPlatformReconcilerErrorHandler - [helmupgr] Pod 'test-hivemq-platform-0' phase Pending
2025-01-29 13:25:51,258 INFO c.h.h.t.HelmChartContainer - [hivemq-test-hivemq-platform] [hivemq-platform-operator] [d2ef3e8d] 13:25:51.256 [ReconcilerExecutor-hivemq-controller-77] DEBUG c.h.p.o.h.HiveMQPlatformReconcilerErrorHandler - [helmupgr] Pod 'test-hivemq-platform-0' condition 'PodReadyToStartContainers': False
2025-01-29 13:25:51,258 INFO c.h.h.t.HelmChartContainer - [hivemq-test-hivemq-platform] [hivemq-platform-operator] [d2ef3e8d] 13:25:51.257 [ReconcilerExecutor-hivemq-controller-77] DEBUG c.h.p.o.h.HiveMQPlatformReconcilerErrorHandler - [helmupgr] Pod 'test-hivemq-platform-0' condition 'Initialized': False
2025-01-29 13:25:51,258 INFO c.h.h.t.HelmChartContainer - [hivemq-test-hivemq-platform] [hivemq-platform-operator] [d2ef3e8d] 13:25:51.257 [ReconcilerExecutor-hivemq-controller-77] DEBUG c.h.p.o.h.HiveMQPlatformReconcilerErrorHandler - [helmupgr] Pod 'test-hivemq-platform-0' condition 'Ready': False
2025-01-29 13:25:51,258 INFO c.h.h.t.HelmChartContainer - [hivemq-test-hivemq-platform] [hivemq-platform-operator] [d2ef3e8d] 13:25:51.257 [ReconcilerExecutor-hivemq-controller-77] DEBUG c.h.p.o.h.HiveMQPlatformReconcilerErrorHandler - [helmupgr] Pod 'test-hivemq-platform-0' condition 'ContainersReady': False
2025-01-29 13:25:51,258 INFO c.h.h.t.HelmChartContainer - [hivemq-test-hivemq-platform] [hivemq-platform-operator] [d2ef3e8d] 13:25:51.257 [ReconcilerExecutor-hivemq-controller-77] DEBUG c.h.p.o.h.HiveMQPlatformReconcilerErrorHandler - [helmupgr] Pod 'test-hivemq-platform-0' condition 'PodScheduled': True
2025-01-29 13:25:51,260 INFO c.h.h.t.HelmChartContainer - [hivemq-test-hivemq-platform] [hivemq-platform-operator] [d2ef3e8d] 13:25:51.257 [ReconcilerExecutor-hivemq-controller-77] DEBUG c.h.p.o.h.HiveMQPlatformReconcilerErrorHandler - [helmupgr] Pod 'test-hivemq-platform-0' containerStatus 'hivemq' (started: false) (ready: false) (waiting: [PodInitializing] null)
2025-01-29 13:25:51,262 INFO c.h.h.t.HelmChartContainer - [hivemq-test-hivemq-platform] [hivemq-platform-operator] [d2ef3e8d] 13:25:51.262 [ReconcilerExecutor-hivemq-controller-77] INFO  c.h.p.o.h.HiveMQPlatformReconcilerBaseHandler - [helmupgr] HiveMQ Platform is starting, 0 of 1 replicas are ready
2025-01-29 13:25:51,276 INFO c.h.h.t.HelmChartContainer - [EVENT] Normal [Pulled] Container image "docker.io/hivemq/hivemq-platform-operator-init-test:snapshot" already present on machine [helmupgradeplatformit:test-hivemq-platform-0]
2025-01-29 13:25:51,832 INFO c.h.h.t.HelmChartContainer - [EVENT] Normal [Created] Created container: hivemq-platform-operator-init [helmupgradeplatformit:test-hivemq-platform-0]
2025-01-29 13:25:51,876 INFO c.h.h.t.HelmChartContainer - [EVENT] Normal [Started] Started container hivemq-platform-operator-init [helmupgradeplatformit:test-hivemq-platform-0]
2025-01-29 13:25:51,914 INFO c.h.h.t.HelmChartContainer - [POD] test-hivemq-platform-0 [3b679f86-14b3-4e15-87a1-f9b6d55f0c67] in helmupgradeplatformit was MODIFIED
2025-01-29 13:25:51,940 INFO c.h.h.t.HelmChartContainer - [hivemq-test-hivemq-platform] [hivemq-platform-operator] [d2ef3e8d] 13:25:51.934 [pool-6-thread-32] DEBUG c.h.p.o.d.PlatformServiceResource - [helmupgr] Desired Platform services (3 services)
2025-01-29 13:25:51,947 INFO c.h.h.t.HelmChartContainer - [hivemq-test-hivemq-platform] [hivemq-platform-operator] [d2ef3e8d] 13:25:51.936 [pool-6-thread-33] DEBUG c.h.p.o.dependants.PodInfoConfigMap - [helmupgr] Desired PodInfo ConfigMap (1 extensions) (1 enabled)
2025-01-29 13:25:51,947 INFO c.h.h.t.HelmChartContainer - [hivemq-test-hivemq-platform] [hivemq-platform-operator] [d2ef3e8d] 13:25:51.939 [pool-6-thread-33] DEBUG c.h.p.o.dependants.PodInfoConfigMap - [helmupgr] Desired PodInfo ConfigMap (metrics port: 9399) (metrics path: /)
2025-01-29 13:25:51,947 INFO c.h.h.t.HelmChartContainer - [hivemq-test-hivemq-platform] [hivemq-platform-operator] [d2ef3e8d] 13:25:51.940 [pool-6-thread-33] DEBUG c.h.p.o.dependants.PodInfoConfigMap - [helmupgr] Desired PodInfo ConfigMap (extension state hash: -1817474005)
2025-01-29 13:25:52,010 INFO c.h.h.t.HelmChartContainer - [hivemq-test-hivemq-platform] [hivemq-platform-operator] [d2ef3e8d] 13:25:52.007 [pool-6-thread-37] DEBUG c.h.p.o.d.PodServiceAccountResource - [helmupgr] Desired PodServiceAccountResource (serviceAccountName: hivemq-platform-pod-test-hivemq-platform)
2025-01-29 13:25:52,020 INFO c.h.h.t.HelmChartContainer - [hivemq-test-hivemq-platform] [hivemq-platform-operator] [d2ef3e8d] 13:25:52.016 [pool-6-thread-40] DEBUG c.h.p.o.d.StatefulSetResource - [helmupgr] Desired StatefulSet (1 replicas) for status STARTING (READY)
2025-01-29 13:25:52,025 INFO c.h.h.t.HelmChartContainer - [hivemq-test-hivemq-platform] [hivemq-platform-operator] [d2ef3e8d] 13:25:52.024 [ReconcilerExecutor-hivemq-controller-88] INFO  c.h.p.o.HiveMQPlatformReconciler - [helmupgr] Reconciling HiveMQ Platform 'test-hivemq-platform' in namespace 'helmupgradeplatformit'
2025-01-29 13:25:52,026 INFO c.h.h.t.HelmChartContainer - [hivemq-test-hivemq-platform] [hivemq-platform-operator] [d2ef3e8d] 13:25:52.024 [ReconcilerExecutor-hivemq-controller-88] DEBUG c.h.p.o.HiveMQPlatformReconciler - [helmupgr] Custom Resource Status STARTING - HiveMQ Platform is starting (READY)
2025-01-29 13:25:52,026 INFO c.h.h.t.HelmChartContainer - [hivemq-test-hivemq-platform] [hivemq-platform-operator] [d2ef3e8d] 13:25:52.024 [ReconcilerExecutor-hivemq-controller-88] DEBUG c.h.p.o.HiveMQPlatformReconciler - [helmupgr] Custom Resource Spec (replicas: 1) (extensions: 1)
2025-01-29 13:25:52,043 INFO c.h.h.t.HelmChartContainer - [hivemq-test-hivemq-platform] [hivemq-platform-operator] [d2ef3e8d] 13:25:52.041 [ReconcilerExecutor-hivemq-controller-88] DEBUG c.h.p.o.HiveMQPlatformReconciler - [helmupgr] StatefulSet Status (revision: test-hivemq-platform-77d44868f9, replicas: 1, available: 0, ready: 0, current: 1, updated: 1)
2025-01-29 13:25:52,043 INFO c.h.h.t.HelmChartContainer - [hivemq-test-hivemq-platform] [hivemq-platform-operator] [d2ef3e8d] 13:25:52.042 [ReconcilerExecutor-hivemq-controller-88] DEBUG c.h.p.o.HiveMQPlatformReconciler - [helmupgr] StatefulSet Spec (replicas: 1, init containers: 1, containers: 1, volumes: 3)
2025-01-29 13:25:52,046 INFO c.h.h.t.HelmChartContainer - [hivemq-test-hivemq-platform] [hivemq-platform-operator] [d2ef3e8d] 13:25:52.045 [ReconcilerExecutor-hivemq-controller-88] DEBUG c.h.p.o.h.HiveMQPlatformReconcilerErrorHandler - [helmupgr] Pod 'test-hivemq-platform-0' phase Pending
2025-01-29 13:25:52,109 INFO c.h.h.t.HelmChartContainer - [hivemq-test-hivemq-platform] [hivemq-platform-operator] [d2ef3e8d] 13:25:52.106 [ReconcilerExecutor-hivemq-controller-88] DEBUG c.h.p.o.h.HiveMQPlatformReconcilerErrorHandler - [helmupgr] Pod 'test-hivemq-platform-0' condition 'PodReadyToStartContainers': True
2025-01-29 13:25:52,109 INFO c.h.h.t.HelmChartContainer - [hivemq-test-hivemq-platform] [hivemq-platform-operator] [d2ef3e8d] 13:25:52.106 [ReconcilerExecutor-hivemq-controller-88] DEBUG c.h.p.o.h.HiveMQPlatformReconcilerErrorHandler - [helmupgr] Pod 'test-hivemq-platform-0' condition 'Initialized': False
2025-01-29 13:25:52,109 INFO c.h.h.t.HelmChartContainer - [hivemq-test-hivemq-platform] [hivemq-platform-operator] [d2ef3e8d] 13:25:52.107 [ReconcilerExecutor-hivemq-controller-88] DEBUG c.h.p.o.h.HiveMQPlatformReconcilerErrorHandler - [helmupgr] Pod 'test-hivemq-platform-0' condition 'Ready': False
2025-01-29 13:25:52,109 INFO c.h.h.t.HelmChartContainer - [hivemq-test-hivemq-platform] [hivemq-platform-operator] [d2ef3e8d] 13:25:52.107 [ReconcilerExecutor-hivemq-controller-88] DEBUG c.h.p.o.h.HiveMQPlatformReconcilerErrorHandler - [helmupgr] Pod 'test-hivemq-platform-0' condition 'ContainersReady': False
2025-01-29 13:25:52,109 INFO c.h.h.t.HelmChartContainer - [hivemq-test-hivemq-platform] [hivemq-platform-operator] [d2ef3e8d] 13:25:52.107 [ReconcilerExecutor-hivemq-controller-88] DEBUG c.h.p.o.h.HiveMQPlatformReconcilerErrorHandler - [helmupgr] Pod 'test-hivemq-platform-0' condition 'PodScheduled': True
2025-01-29 13:25:52,109 INFO c.h.h.t.HelmChartContainer - [hivemq-test-hivemq-platform] [hivemq-platform-operator] [d2ef3e8d] 13:25:52.107 [ReconcilerExecutor-hivemq-controller-88] DEBUG c.h.p.o.h.HiveMQPlatformReconcilerErrorHandler - [helmupgr] Pod 'test-hivemq-platform-0' containerStatus 'hivemq' (started: false) (ready: false) (waiting: [PodInitializing] null)
2025-01-29 13:25:52,110 INFO c.h.h.t.HelmChartContainer - [hivemq-test-hivemq-platform] [hivemq-platform-operator] [d2ef3e8d] 13:25:52.108 [ReconcilerExecutor-hivemq-controller-88] INFO  c.h.p.o.h.HiveMQPlatformReconcilerBaseHandler - [helmupgr] HiveMQ Platform is starting, 0 of 1 replicas are ready
2025-01-29 13:25:52,909 INFO c.h.h.t.HelmChartContainer - [EVENT] Normal [Pulled] Container image "docker.io/hivemq/hivemq4:4.36.0" already present on machine [helmupgradeplatformit:test-hivemq-platform-0]
2025-01-29 13:25:52,909 INFO c.h.h.t.HelmChartContainer - Received Pulled event for container hivemq in pod test-hivemq-platform-0 [3b679f86-14b3-4e15-87a1-f9b6d55f0c67]
2025-01-29 13:25:52,920 INFO c.h.h.t.HelmChartContainer - [POD] test-hivemq-platform-0 [3b679f86-14b3-4e15-87a1-f9b6d55f0c67] in helmupgradeplatformit was MODIFIED
2025-01-29 13:25:52,934 INFO c.h.h.t.HelmChartContainer - [hivemq-test-hivemq-platform] [hivemq-platform-operator] [d2ef3e8d] 13:25:52.928 [pool-6-thread-42] DEBUG c.h.p.o.d.PlatformServiceResource - [helmupgr] Desired Platform services (3 services)
2025-01-29 13:25:52,934 INFO c.h.h.t.HelmChartContainer - [hivemq-test-hivemq-platform] [hivemq-platform-operator] [d2ef3e8d] 13:25:52.931 [pool-6-thread-43] DEBUG c.h.p.o.dependants.PodInfoConfigMap - [helmupgr] Desired PodInfo ConfigMap (1 extensions) (1 enabled)
2025-01-29 13:25:52,934 INFO c.h.h.t.HelmChartContainer - [hivemq-test-hivemq-platform] [hivemq-platform-operator] [d2ef3e8d] 13:25:52.931 [pool-6-thread-43] DEBUG c.h.p.o.dependants.PodInfoConfigMap - [helmupgr] Desired PodInfo ConfigMap (metrics port: 9399) (metrics path: /)
2025-01-29 13:25:52,935 INFO c.h.h.t.HelmChartContainer - [hivemq-test-hivemq-platform] [hivemq-platform-operator] [d2ef3e8d] 13:25:52.933 [pool-6-thread-43] DEBUG c.h.p.o.dependants.PodInfoConfigMap - [helmupgr] Desired PodInfo ConfigMap (extension state hash: -1817474005)
2025-01-29 13:25:52,944 INFO c.h.h.t.HelmChartContainer - [hivemq-test-hivemq-platform] [hivemq-platform-operator] [d2ef3e8d] 13:25:52.942 [pool-6-thread-47] DEBUG c.h.p.o.d.PodServiceAccountResource - [helmupgr] Desired PodServiceAccountResource (serviceAccountName: hivemq-platform-pod-test-hivemq-platform)
2025-01-29 13:25:53,014 INFO c.h.h.t.HelmChartContainer - [hivemq-test-hivemq-platform] [hivemq-platform-operator] [d2ef3e8d] 13:25:53.009 [pool-6-thread-49] DEBUG c.h.p.o.d.StatefulSetResource - [helmupgr] Desired StatefulSet (1 replicas) for status STARTING (READY)
2025-01-29 13:25:53,016 INFO c.h.h.t.HelmChartContainer - [hivemq-test-hivemq-platform] [hivemq-platform-operator] [d2ef3e8d] 13:25:53.015 [ReconcilerExecutor-hivemq-controller-99] INFO  c.h.p.o.HiveMQPlatformReconciler - [helmupgr] Reconciling HiveMQ Platform 'test-hivemq-platform' in namespace 'helmupgradeplatformit'
2025-01-29 13:25:53,016 INFO c.h.h.t.HelmChartContainer - [hivemq-test-hivemq-platform] [hivemq-platform-operator] [d2ef3e8d] 13:25:53.015 [ReconcilerExecutor-hivemq-controller-99] DEBUG c.h.p.o.HiveMQPlatformReconciler - [helmupgr] Custom Resource Status STARTING - HiveMQ Platform is starting (READY)
2025-01-29 13:25:53,017 INFO c.h.h.t.HelmChartContainer - [hivemq-test-hivemq-platform] [hivemq-platform-operator] [d2ef3e8d] 13:25:53.015 [ReconcilerExecutor-hivemq-controller-99] DEBUG c.h.p.o.HiveMQPlatformReconciler - [helmupgr] Custom Resource Spec (replicas: 1) (extensions: 1)
2025-01-29 13:25:53,022 INFO c.h.h.t.HelmChartContainer - [hivemq-test-hivemq-platform] [hivemq-platform-operator] [d2ef3e8d] 13:25:53.019 [ReconcilerExecutor-hivemq-controller-99] DEBUG c.h.p.o.HiveMQPlatformReconciler - [helmupgr] StatefulSet Status (revision: test-hivemq-platform-77d44868f9, replicas: 1, available: 0, ready: 0, current: 1, updated: 1)
2025-01-29 13:25:53,022 INFO c.h.h.t.HelmChartContainer - [hivemq-test-hivemq-platform] [hivemq-platform-operator] [d2ef3e8d] 13:25:53.019 [ReconcilerExecutor-hivemq-controller-99] DEBUG c.h.p.o.HiveMQPlatformReconciler - [helmupgr] StatefulSet Spec (replicas: 1, init containers: 1, containers: 1, volumes: 3)
2025-01-29 13:25:53,024 INFO c.h.h.t.HelmChartContainer - [hivemq-test-hivemq-platform] [hivemq-platform-operator] [d2ef3e8d] 13:25:53.022 [ReconcilerExecutor-hivemq-controller-99] DEBUG c.h.p.o.h.HiveMQPlatformReconcilerErrorHandler - [helmupgr] Pod 'test-hivemq-platform-0' phase Pending
2025-01-29 13:25:53,024 INFO c.h.h.t.HelmChartContainer - [hivemq-test-hivemq-platform] [hivemq-platform-operator] [d2ef3e8d] 13:25:53.023 [ReconcilerExecutor-hivemq-controller-99] DEBUG c.h.p.o.h.HiveMQPlatformReconcilerErrorHandler - [helmupgr] Pod 'test-hivemq-platform-0' condition 'PodReadyToStartContainers': True
2025-01-29 13:25:53,024 INFO c.h.h.t.HelmChartContainer - [hivemq-test-hivemq-platform] [hivemq-platform-operator] [d2ef3e8d] 13:25:53.023 [ReconcilerExecutor-hivemq-controller-99] DEBUG c.h.p.o.h.HiveMQPlatformReconcilerErrorHandler - [helmupgr] Pod 'test-hivemq-platform-0' condition 'Initialized': True
2025-01-29 13:25:53,024 INFO c.h.h.t.HelmChartContainer - [hivemq-test-hivemq-platform] [hivemq-platform-operator] [d2ef3e8d] 13:25:53.023 [ReconcilerExecutor-hivemq-controller-99] DEBUG c.h.p.o.h.HiveMQPlatformReconcilerErrorHandler - [helmupgr] Pod 'test-hivemq-platform-0' condition 'Ready': False
2025-01-29 13:25:53,024 INFO c.h.h.t.HelmChartContainer - [hivemq-test-hivemq-platform] [hivemq-platform-operator] [d2ef3e8d] 13:25:53.023 [ReconcilerExecutor-hivemq-controller-99] DEBUG c.h.p.o.h.HiveMQPlatformReconcilerErrorHandler - [helmupgr] Pod 'test-hivemq-platform-0' condition 'ContainersReady': False
2025-01-29 13:25:53,025 INFO c.h.h.t.HelmChartContainer - [hivemq-test-hivemq-platform] [hivemq-platform-operator] [d2ef3e8d] 13:25:53.023 [ReconcilerExecutor-hivemq-controller-99] DEBUG c.h.p.o.h.HiveMQPlatformReconcilerErrorHandler - [helmupgr] Pod 'test-hivemq-platform-0' condition 'PodScheduled': True
2025-01-29 13:25:53,025 INFO c.h.h.t.HelmChartContainer - [hivemq-test-hivemq-platform] [hivemq-platform-operator] [d2ef3e8d] 13:25:53.023 [ReconcilerExecutor-hivemq-controller-99] DEBUG c.h.p.o.h.HiveMQPlatformReconcilerErrorHandler - [helmupgr] Pod 'test-hivemq-platform-0' containerStatus 'hivemq' (started: false) (ready: false) (waiting: [PodInitializing] null)
2025-01-29 13:25:53,026 INFO c.h.h.t.HelmChartContainer - [hivemq-test-hivemq-platform] [hivemq-platform-operator] [d2ef3e8d] 13:25:53.025 [ReconcilerExecutor-hivemq-controller-99] INFO  c.h.p.o.h.HiveMQPlatformReconcilerBaseHandler - [helmupgr] HiveMQ Platform is starting, 0 of 1 replicas are ready
2025-01-29 13:25:53,986 INFO c.h.h.t.HelmChartContainer - [EVENT] Normal [Created] Created container: hivemq [helmupgradeplatformit:test-hivemq-platform-0]
2025-01-29 13:25:53,986 INFO c.h.h.t.HelmChartContainer - Received Created event for container hivemq in pod test-hivemq-platform-0 [3b679f86-14b3-4e15-87a1-f9b6d55f0c67]
2025-01-29 13:25:54,923 INFO c.h.h.t.HelmChartContainer - [POD] test-hivemq-platform-0 [3b679f86-14b3-4e15-87a1-f9b6d55f0c67] in helmupgradeplatformit was MODIFIED
2025-01-29 13:25:54,932 INFO c.h.h.t.HelmChartContainer - Started log watcher for hivemq in pod test-hivemq-platform-0 [3b679f86-14b3-4e15-87a1-f9b6d55f0c67]
2025-01-29 13:25:54,933 INFO c.h.h.t.HelmChartContainer - [EVENT] Normal [Started] Started container hivemq [helmupgradeplatformit:test-hivemq-platform-0]
2025-01-29 13:25:54,933 INFO c.h.h.t.HelmChartContainer - Received Started event for container hivemq in pod test-hivemq-platform-0 [3b679f86-14b3-4e15-87a1-f9b6d55f0c67]
2025-01-29 13:25:54,933 INFO c.h.h.t.HelmChartContainer - [test-hivemq-platform] [hivemq] [3b679f86] Adding pre-installed HiveMQ Platform Operator extensions
2025-01-29 13:25:54,933 INFO c.h.h.t.HelmChartContainer - [test-hivemq-platform] [hivemq] [3b679f86] Running as user 10000
2025-01-29 13:25:54,933 INFO c.h.h.t.HelmChartContainer - [test-hivemq-platform] [hivemq] [3b679f86] Starting HiveMQ Platform Operator Init
2025-01-29 13:25:54,935 INFO c.h.h.t.HelmChartContainer - [hivemq-test-hivemq-platform] [hivemq-platform-operator] [d2ef3e8d] 13:25:54.934 [pool-6-thread-5] DEBUG c.h.p.o.d.PlatformServiceResource - [helmupgr] Desired Platform services (3 services)
2025-01-29 13:25:54,941 INFO c.h.h.t.HelmChartContainer - [hivemq-test-hivemq-platform] [hivemq-platform-operator] [d2ef3e8d] 13:25:54.937 [pool-6-thread-6] DEBUG c.h.p.o.dependants.PodInfoConfigMap - [helmupgr] Desired PodInfo ConfigMap (1 extensions) (1 enabled)
2025-01-29 13:25:54,944 INFO c.h.h.t.HelmChartContainer - [hivemq-test-hivemq-platform] [hivemq-platform-operator] [d2ef3e8d] 13:25:54.937 [pool-6-thread-6] DEBUG c.h.p.o.dependants.PodInfoConfigMap - [helmupgr] Desired PodInfo ConfigMap (metrics port: 9399) (metrics path: /)
2025-01-29 13:25:54,944 INFO c.h.h.t.HelmChartContainer - [hivemq-test-hivemq-platform] [hivemq-platform-operator] [d2ef3e8d] 13:25:54.937 [pool-6-thread-6] DEBUG c.h.p.o.dependants.PodInfoConfigMap - [helmupgr] Desired PodInfo ConfigMap (extension state hash: -1817474005)
2025-01-29 13:25:54,944 INFO c.h.h.t.HelmChartContainer - [hivemq-test-hivemq-platform] [hivemq-platform-operator] [d2ef3e8d] 13:25:54.941 [pool-6-thread-3] DEBUG c.h.p.o.d.PodServiceAccountResource - [helmupgr] Desired PodServiceAccountResource (serviceAccountName: hivemq-platform-pod-test-hivemq-platform)
2025-01-29 13:25:54,949 INFO c.h.h.t.HelmChartContainer - [hivemq-test-hivemq-platform] [hivemq-platform-operator] [d2ef3e8d] 13:25:54.948 [pool-6-thread-5] DEBUG c.h.p.o.d.StatefulSetResource - [helmupgr] Desired StatefulSet (1 replicas) for status STARTING (READY)
2025-01-29 13:25:55,009 INFO c.h.h.t.HelmChartContainer - [hivemq-test-hivemq-platform] [hivemq-platform-operator] [d2ef3e8d] 13:25:55.008 [ReconcilerExecutor-hivemq-controller-110] INFO  c.h.p.o.HiveMQPlatformReconciler - [helmupgr] Reconciling HiveMQ Platform 'test-hivemq-platform' in namespace 'helmupgradeplatformit'
2025-01-29 13:25:55,010 INFO c.h.h.t.HelmChartContainer - [hivemq-test-hivemq-platform] [hivemq-platform-operator] [d2ef3e8d] 13:25:55.008 [ReconcilerExecutor-hivemq-controller-110] DEBUG c.h.p.o.HiveMQPlatformReconciler - [helmupgr] Custom Resource Status STARTING - HiveMQ Platform is starting (READY)
2025-01-29 13:25:55,010 INFO c.h.h.t.HelmChartContainer - [hivemq-test-hivemq-platform] [hivemq-platform-operator] [d2ef3e8d] 13:25:55.008 [ReconcilerExecutor-hivemq-controller-110] DEBUG c.h.p.o.HiveMQPlatformReconciler - [helmupgr] Custom Resource Spec (replicas: 1) (extensions: 1)
2025-01-29 13:25:55,012 INFO c.h.h.t.HelmChartContainer - [hivemq-test-hivemq-platform] [hivemq-platform-operator] [d2ef3e8d] 13:25:55.011 [ReconcilerExecutor-hivemq-controller-110] DEBUG c.h.p.o.HiveMQPlatformReconciler - [helmupgr] StatefulSet Status (revision: test-hivemq-platform-77d44868f9, replicas: 1, available: 0, ready: 0, current: 1, updated: 1)
2025-01-29 13:25:55,013 INFO c.h.h.t.HelmChartContainer - [hivemq-test-hivemq-platform] [hivemq-platform-operator] [d2ef3e8d] 13:25:55.011 [ReconcilerExecutor-hivemq-controller-110] DEBUG c.h.p.o.HiveMQPlatformReconciler - [helmupgr] StatefulSet Spec (replicas: 1, init containers: 1, containers: 1, volumes: 3)
2025-01-29 13:25:55,014 INFO c.h.h.t.HelmChartContainer - [hivemq-test-hivemq-platform] [hivemq-platform-operator] [d2ef3e8d] 13:25:55.013 [ReconcilerExecutor-hivemq-controller-110] DEBUG c.h.p.o.h.HiveMQPlatformReconcilerErrorHandler - [helmupgr] Pod 'test-hivemq-platform-0' phase Running
2025-01-29 13:25:55,015 INFO c.h.h.t.HelmChartContainer - [hivemq-test-hivemq-platform] [hivemq-platform-operator] [d2ef3e8d] 13:25:55.014 [ReconcilerExecutor-hivemq-controller-110] INFO  c.h.p.o.h.HiveMQPlatformReconcilerBaseHandler - [helmupgr] HiveMQ Platform is starting, 0 of 1 replicas are ready
2025-01-29 13:25:55,288 INFO c.h.h.t.HelmChartContainer - [test-hivemq-platform] [hivemq] [3b679f86] INFO  - [HiveMQ Platform Operator Init 1.7.0-SNAPSHOT] HiveMQ Platform Operator Init 1.7.0-SNAPSHOT (commit: bebf408 on branch: HEAD) built on Sun Jan 26 20:47:47 UTC 2025
2025-01-29 13:25:56,590 INFO c.h.h.t.HelmChartContainer - [test-hivemq-platform] [hivemq] [3b679f86] INFO  - [HiveMQ Platform Operator Init App 1.7.0-SNAPSHOT] Using bind address 10.42.0.12 from environment variable
2025-01-29 13:25:57,564 INFO c.h.h.t.HelmChartContainer - [test-hivemq-platform] [hivemq] [3b679f86] INFO  - [HiveMQ Platform Operator Init App 1.7.0-SNAPSHOT] HiveMQ Platform Operator Init App 1.7.0-SNAPSHOT (commit: bebf408 on branch: HEAD) built on Sun Jan 26 20:47:47 UTC 2025
2025-01-29 13:25:57,564 INFO c.h.h.t.HelmChartContainer - [test-hivemq-platform] [hivemq] [3b679f86] INFO  - [HiveMQ Platform Operator Init App 1.7.0-SNAPSHOT] PodInfo ConfigMap directory: /etc/podinfo
2025-01-29 13:25:57,564 INFO c.h.h.t.HelmChartContainer - [test-hivemq-platform] [hivemq] [3b679f86] INFO  - [HiveMQ Platform Operator Init App 1.7.0-SNAPSHOT] HiveMQ home directory: /opt/hivemq
2025-01-29 13:25:57,564 INFO c.h.h.t.HelmChartContainer - [test-hivemq-platform] [hivemq] [3b679f86] INFO  - [HiveMQ Platform Operator Init App 1.7.0-SNAPSHOT] HiveMQ Logback folder: /opt/hivemq/conf
2025-01-29 13:25:57,564 INFO c.h.h.t.HelmChartContainer - [test-hivemq-platform] [hivemq] [3b679f86] INFO  - [HiveMQ Platform Operator Init App 1.7.0-SNAPSHOT] HiveMQ Config folder: /opt/hivemq/conf-k8s
2025-01-29 13:25:57,584 INFO c.h.h.t.HelmChartContainer - [test-hivemq-platform] [hivemq] [3b679f86] INFO  - [HiveMQ Platform Operator Init App 1.7.0-SNAPSHOT] Starting HiveMQ Platform Operator Init App
2025-01-29 13:25:57,584 INFO c.h.h.t.HelmChartContainer - [test-hivemq-platform] [hivemq] [3b679f86] INFO  - [HiveMQ Platform Operator Init App 1.7.0-SNAPSHOT] Starting Pod reconciler
2025-01-29 13:25:58,891 INFO c.h.h.t.HelmChartContainer - [test-hivemq-platform] [hivemq] [3b679f86] INFO  - [HiveMQ Platform Operator Init App 1.7.0-SNAPSHOT] Pod reconciler is scheduled (interval: 5000 ms)
2025-01-29 13:25:58,892 INFO c.h.h.t.HelmChartContainer - [test-hivemq-platform] [hivemq] [3b679f86] INFO  - [HiveMQ Platform Operator Init App 1.7.0-SNAPSHOT] Starting the REST API on 10.42.0.12:7979
2025-01-29 13:25:58,895 INFO c.h.h.t.HelmChartContainer - [test-hivemq-platform] [hivemq] [3b679f86] INFO  - [HiveMQ Platform Operator Init App 1.7.0-SNAPSHOT] Waiting up to 600s for at most 1 HiveMQ nodes in cluster service hivemq-test-hivemq-platform-cluster.helmupgradeplatformit.svc
2025-01-29 13:25:59,205 INFO c.h.h.t.HelmChartContainer - [test-hivemq-platform] [hivemq] [3b679f86] INFO  - [HiveMQ Platform Operator Init App 1.7.0-SNAPSHOT] Resolved 1 IP addresses: [10.42.0.12]
2025-01-29 13:25:59,205 INFO c.h.h.t.HelmChartContainer - [test-hivemq-platform] [hivemq] [3b679f86] INFO  - [HiveMQ Platform Operator Init App 1.7.0-SNAPSHOT] HiveMQ node count of 1 is within threshold of 1
2025-01-29 13:25:59,205 INFO c.h.h.t.HelmChartContainer - [test-hivemq-platform] [hivemq] [3b679f86] INFO  - [HiveMQ Platform Operator Init App 1.7.0-SNAPSHOT] Proceeding with container start
2025-01-29 13:25:59,386 INFO c.h.h.t.HelmChartContainer - [test-hivemq-platform] [hivemq] [3b679f86] INFO  - [HiveMQ Platform Operator Init App 1.7.0-SNAPSHOT] Initializing HiveMQ Platform extensions with initial configuration: {hivemq-allow-all-extension={start-priority=-1, skip-https-hostname-verification=false, restart=true, config-version=0, header-version=0, c-uri=, priority=-1, uri=preinstalled, skip-https-certificate-validation=false, enabled=true}, hivemq-prometheus-extension={restart=true, priority=-1, start-priority=-1, c-uri=, skip-https-hostname-verification=false, skip-https-certificate-validation=false, uri=preinstalled, request-header-path=no-request-headers, enabled=true}}
2025-01-29 13:25:59,803 INFO c.h.h.t.HelmChartContainer - [test-hivemq-platform] [hivemq] [3b679f86] INFO  - [HiveMQ Platform Operator Init App 1.7.0-SNAPSHOT] Extension hivemq-allow-all-extension was already enabled
2025-01-29 13:25:59,891 INFO c.h.h.t.HelmChartContainer - [test-hivemq-platform] [hivemq] [3b679f86] INFO  - [HiveMQ Platform Operator Init App 1.7.0-SNAPSHOT] Successfully enabled extension hivemq-prometheus-extension
2025-01-29 13:25:59,893 INFO c.h.h.t.HelmChartContainer - [test-hivemq-platform] [hivemq] [3b679f86] INFO  - [HiveMQ Platform Operator Init App 1.7.0-SNAPSHOT] Starting HiveMQ Platform version 4.36.0 (4.36.0)
2025-01-29 13:25:59,894 INFO c.h.h.t.HelmChartContainer - [test-hivemq-platform] [hivemq] [3b679f86] INFO  - [HiveMQ Platform Operator Init App 1.7.0-SNAPSHOT] Configuring the HiveMQ Platform
2025-01-29 13:25:59,985 INFO c.h.h.t.HelmChartContainer - [test-hivemq-platform] [hivemq] [3b679f86] INFO  - [HiveMQ Platform Operator Init App 1.7.0-SNAPSHOT] Changed logback.xml file scan period to 20 seconds
2025-01-29 13:25:59,996 INFO c.h.h.t.HelmChartContainer - [test-hivemq-platform] [hivemq] [3b679f86] INFO  - [HiveMQ Platform Operator Init App 1.7.0-SNAPSHOT] Starting the HiveMQ Platform
2025-01-29 13:26:00,060 INFO c.h.h.t.HelmChartContainer - [test-hivemq-platform] [hivemq] [3b679f86] -------------------------------------------------------------------------
2025-01-29 13:26:00,060 INFO c.h.h.t.HelmChartContainer - [test-hivemq-platform] [hivemq] [3b679f86] 
2025-01-29 13:26:00,060 INFO c.h.h.t.HelmChartContainer - [test-hivemq-platform] [hivemq] [3b679f86]                   _    _  _              __  __   ____
2025-01-29 13:26:00,060 INFO c.h.h.t.HelmChartContainer - [test-hivemq-platform] [hivemq] [3b679f86]                  | |  | |(_)            |  \/  | / __ \
2025-01-29 13:26:00,060 INFO c.h.h.t.HelmChartContainer - [test-hivemq-platform] [hivemq] [3b679f86]                  | |__| | _ __   __ ___ | \  / || |  | |
2025-01-29 13:26:00,060 INFO c.h.h.t.HelmChartContainer - [test-hivemq-platform] [hivemq] [3b679f86]                  |  __  || |\ \ / // _ \| |\/| || |  | |
2025-01-29 13:26:00,060 INFO c.h.h.t.HelmChartContainer - [test-hivemq-platform] [hivemq] [3b679f86]                  | |  | || | \ V /|  __/| |  | || |__| |
2025-01-29 13:26:00,060 INFO c.h.h.t.HelmChartContainer - [test-hivemq-platform] [hivemq] [3b679f86]                  |_|  |_||_|  \_/  \___||_|  |_| \___\_\
2025-01-29 13:26:00,060 INFO c.h.h.t.HelmChartContainer - [test-hivemq-platform] [hivemq] [3b679f86] 
2025-01-29 13:26:00,060 INFO c.h.h.t.HelmChartContainer - [test-hivemq-platform] [hivemq] [3b679f86] -------------------------------------------------------------------------
2025-01-29 13:26:00,060 INFO c.h.h.t.HelmChartContainer - [test-hivemq-platform] [hivemq] [3b679f86] 
2025-01-29 13:26:00,060 INFO c.h.h.t.HelmChartContainer - [test-hivemq-platform] [hivemq] [3b679f86]   HiveMQ Start Script for Linux/Unix v1.14
2025-01-29 13:26:00,060 INFO c.h.h.t.HelmChartContainer - [test-hivemq-platform] [hivemq] [3b679f86] 
2025-01-29 13:26:00,110 INFO c.h.h.t.HelmChartContainer - [test-hivemq-platform] [hivemq] [3b679f86] -------------------------------------------------------------------------
2025-01-29 13:26:00,110 INFO c.h.h.t.HelmChartContainer - [test-hivemq-platform] [hivemq] [3b679f86] 
2025-01-29 13:26:00,110 INFO c.h.h.t.HelmChartContainer - [test-hivemq-platform] [hivemq] [3b679f86]   HIVEMQ_HOME: /opt/hivemq
2025-01-29 13:26:00,110 INFO c.h.h.t.HelmChartContainer - [test-hivemq-platform] [hivemq] [3b679f86] 
2025-01-29 13:26:00,110 INFO c.h.h.t.HelmChartContainer - [test-hivemq-platform] [hivemq] [3b679f86]   JAVA_OPTS: -XX:+UnlockExperimentalVMOptions -XX:InitialRAMPercentage=50 -XX:MaxRAMPercentage=50 -Djava.net.preferIPv4Stack=true --add-opens java.base/java.lang=ALL-UNNAMED --add-opens java.base/java.nio=ALL-UNNAMED --add-opens java.base/sun.nio.ch=ALL-UNNAMED --add-opens jdk.management/com.sun.management.internal=ALL-UNNAMED --add-exports java.base/jdk.internal.misc=ALL-UNNAMED -Djava.security.egd=file:/dev/./urandom -Dcom.sun.management.jmxremote -Dcom.sun.management.jmxremote.port=9010 -Dcom.sun.management.jmxremote.local.only=false -Dcom.sun.management.jmxremote.authenticate=false -Dcom.sun.management.jmxremote.ssl=false -Duser.language=en -Duser.region=US -XX:+CrashOnOutOfMemoryError -XX:+HeapDumpOnOutOfMemoryError
2025-01-29 13:26:00,110 INFO c.h.h.t.HelmChartContainer - [test-hivemq-platform] [hivemq] [3b679f86] 
2025-01-29 13:26:00,110 INFO c.h.h.t.HelmChartContainer - [test-hivemq-platform] [hivemq] [3b679f86]   JAVA_VERSION: 21
2025-01-29 13:26:00,110 INFO c.h.h.t.HelmChartContainer - [test-hivemq-platform] [hivemq] [3b679f86] 
2025-01-29 13:26:00,110 INFO c.h.h.t.HelmChartContainer - [test-hivemq-platform] [hivemq] [3b679f86] -------------------------------------------------------------------------
2025-01-29 13:26:00,110 INFO c.h.h.t.HelmChartContainer - [test-hivemq-platform] [hivemq] [3b679f86] 
2025-01-29 13:26:00,994 INFO c.h.h.t.HelmChartContainer - [test-hivemq-platform] [hivemq] [3b679f86] INFO  - [HiveMQ Platform Operator Init App 1.7.0-SNAPSHOT] Returning default Health API response 503 for readiness
2025-01-29 13:26:01,493 INFO c.h.h.t.HelmChartContainer - [EVENT] Warning [Unhealthy] Readiness probe failed: HTTP probe failed with statuscode: 503 [helmupgradeplatformit:test-hivemq-platform-0]
2025-01-29 13:26:01,493 INFO c.h.h.t.HelmChartContainer - Received Unhealthy event for container hivemq in pod test-hivemq-platform-0 [3b679f86-14b3-4e15-87a1-f9b6d55f0c67]
2025-01-29 13:26:03,086 INFO c.h.h.t.HelmChartContainer - [test-hivemq-platform] [hivemq] [3b679f86] INFO  - Starting HiveMQ Enterprise Server
2025-01-29 13:26:03,094 INFO c.h.h.t.HelmChartContainer - [test-hivemq-platform] [hivemq] [3b679f86] INFO  - HiveMQ version: 4.36.0
2025-01-29 13:26:03,094 INFO c.h.h.t.HelmChartContainer - [test-hivemq-platform] [hivemq] [3b679f86] INFO  - HiveMQ home directory: /opt/hivemq
2025-01-29 13:26:03,095 INFO c.h.h.t.HelmChartContainer - [test-hivemq-platform] [hivemq] [3b679f86] INFO  - Log Configuration was overridden by /opt/hivemq/conf/logback.xml
2025-01-29 13:26:04,891 INFO c.h.h.t.HelmChartContainer - [test-hivemq-platform] [hivemq] [3b679f86] INFO  - Successfully loaded configuration from '/opt/hivemq/conf-k8s/config.xml'.
2025-01-29 13:26:05,021 INFO c.h.h.t.HelmChartContainer - [hivemq-test-hivemq-platform] [hivemq-platform-operator] [d2ef3e8d] 13:26:05.020 [pool-6-thread-14] DEBUG c.h.p.o.d.PlatformServiceResource - [helmupgr] Desired Platform services (3 services)
2025-01-29 13:26:05,026 INFO c.h.h.t.HelmChartContainer - [hivemq-test-hivemq-platform] [hivemq-platform-operator] [d2ef3e8d] 13:26:05.022 [pool-6-thread-11] DEBUG c.h.p.o.dependants.PodInfoConfigMap - [helmupgr] Desired PodInfo ConfigMap (1 extensions) (1 enabled)
2025-01-29 13:26:05,026 INFO c.h.h.t.HelmChartContainer - [hivemq-test-hivemq-platform] [hivemq-platform-operator] [d2ef3e8d] 13:26:05.022 [pool-6-thread-11] DEBUG c.h.p.o.dependants.PodInfoConfigMap - [helmupgr] Desired PodInfo ConfigMap (metrics port: 9399) (metrics path: /)
2025-01-29 13:26:05,026 INFO c.h.h.t.HelmChartContainer - [hivemq-test-hivemq-platform] [hivemq-platform-operator] [d2ef3e8d] 13:26:05.022 [pool-6-thread-11] DEBUG c.h.p.o.dependants.PodInfoConfigMap - [helmupgr] Desired PodInfo ConfigMap (extension state hash: -1817474005)
2025-01-29 13:26:05,026 INFO c.h.h.t.HelmChartContainer - [hivemq-test-hivemq-platform] [hivemq-platform-operator] [d2ef3e8d] 13:26:05.023 [pool-6-thread-11] DEBUG c.h.p.o.d.PodServiceAccountResource - [helmupgr] Desired PodServiceAccountResource (serviceAccountName: hivemq-platform-pod-test-hivemq-platform)
2025-01-29 13:26:05,028 INFO c.h.h.t.HelmChartContainer - [hivemq-test-hivemq-platform] [hivemq-platform-operator] [d2ef3e8d] 13:26:05.028 [pool-6-thread-15] DEBUG c.h.p.o.d.StatefulSetResource - [helmupgr] Desired StatefulSet (1 replicas) for status STARTING (READY)
2025-01-29 13:26:05,034 INFO c.h.h.t.HelmChartContainer - [hivemq-test-hivemq-platform] [hivemq-platform-operator] [d2ef3e8d] 13:26:05.033 [ReconcilerExecutor-hivemq-controller-111] INFO  c.h.p.o.HiveMQPlatformReconciler - [helmupgr] Reconciling HiveMQ Platform 'test-hivemq-platform' in namespace 'helmupgradeplatformit'
2025-01-29 13:26:05,034 INFO c.h.h.t.HelmChartContainer - [hivemq-test-hivemq-platform] [hivemq-platform-operator] [d2ef3e8d] 13:26:05.033 [ReconcilerExecutor-hivemq-controller-111] DEBUG c.h.p.o.HiveMQPlatformReconciler - [helmupgr] Custom Resource Status STARTING - HiveMQ Platform is starting (READY)
2025-01-29 13:26:05,034 INFO c.h.h.t.HelmChartContainer - [hivemq-test-hivemq-platform] [hivemq-platform-operator] [d2ef3e8d] 13:26:05.033 [ReconcilerExecutor-hivemq-controller-111] DEBUG c.h.p.o.HiveMQPlatformReconciler - [helmupgr] Custom Resource Spec (replicas: 1) (extensions: 1)
2025-01-29 13:26:05,109 INFO c.h.h.t.HelmChartContainer - [hivemq-test-hivemq-platform] [hivemq-platform-operator] [d2ef3e8d] 13:26:05.108 [ReconcilerExecutor-hivemq-controller-111] DEBUG c.h.p.o.HiveMQPlatformReconciler - [helmupgr] StatefulSet Status (revision: test-hivemq-platform-77d44868f9, replicas: 1, available: 0, ready: 0, current: 1, updated: 1)
2025-01-29 13:26:05,110 INFO c.h.h.t.HelmChartContainer - [hivemq-test-hivemq-platform] [hivemq-platform-operator] [d2ef3e8d] 13:26:05.108 [ReconcilerExecutor-hivemq-controller-111] DEBUG c.h.p.o.HiveMQPlatformReconciler - [helmupgr] StatefulSet Spec (replicas: 1, init containers: 1, containers: 1, volumes: 3)
2025-01-29 13:26:05,112 INFO c.h.h.t.HelmChartContainer - [hivemq-test-hivemq-platform] [hivemq-platform-operator] [d2ef3e8d] 13:26:05.110 [ReconcilerExecutor-hivemq-controller-111] DEBUG c.h.p.o.h.HiveMQPlatformReconcilerErrorHandler - [helmupgr] Pod 'test-hivemq-platform-0' phase Running
2025-01-29 13:26:05,112 INFO c.h.h.t.HelmChartContainer - [hivemq-test-hivemq-platform] [hivemq-platform-operator] [d2ef3e8d] 13:26:05.111 [ReconcilerExecutor-hivemq-controller-111] INFO  c.h.p.o.h.HiveMQPlatformReconcilerBaseHandler - [helmupgr] HiveMQ Platform is starting, 0 of 1 replicas are ready
2025-01-29 13:26:05,891 INFO c.h.h.t.HelmChartContainer - [test-hivemq-platform] [hivemq] [3b679f86] INFO  - This node's ID is 9pJnA
2025-01-29 13:26:05,892 INFO c.h.h.t.HelmChartContainer - [test-hivemq-platform] [hivemq] [3b679f86] INFO  - Clustering is enabled
2025-01-29 13:26:06,592 INFO c.h.h.t.HelmChartContainer - [test-hivemq-platform] [hivemq] [3b679f86] WARN  - [HiveMQ Platform Operator Init App 1.7.0-SNAPSHOT] Cannot connect to Health API for readiness: null
2025-01-29 13:26:06,599 INFO c.h.h.t.HelmChartContainer - [EVENT] Warning [Unhealthy] Readiness probe failed: HTTP probe failed with statuscode: 503 [helmupgradeplatformit:test-hivemq-platform-0]
2025-01-29 13:26:06,599 INFO c.h.h.t.HelmChartContainer - Received Unhealthy event for container hivemq in pod test-hivemq-platform-0 [3b679f86-14b3-4e15-87a1-f9b6d55f0c67]
2025-01-29 13:26:10,092 INFO c.h.h.t.HelmChartContainer - [test-hivemq-platform] [hivemq] [3b679f86] Jan 29, 2025 1:26:10 PM io.vertx.core.impl.BlockedThreadChecker
2025-01-29 13:26:10,092 INFO c.h.h.t.HelmChartContainer - [test-hivemq-platform] [hivemq] [3b679f86] WARNING: Thread Thread[vert.x-eventloop-thread-1,5,main] has been blocked for 2990 ms, time limit is 2000 ms
2025-01-29 13:26:10,485 INFO c.h.h.t.HelmChartContainer - [test-hivemq-platform] [hivemq] [3b679f86] INFO  - [HiveMQ Platform Operator Init App 1.7.0-SNAPSHOT] Updating Pod HiveMQ Platform Operator Init App version annotation (version: 1.7.0-SNAPSHOT)
2025-01-29 13:26:10,991 INFO c.h.h.t.HelmChartContainer - [test-hivemq-platform] [hivemq] [3b679f86] WARN  - [HiveMQ Platform Operator Init App 1.7.0-SNAPSHOT] Cannot connect to Health API for readiness: null
2025-01-29 13:26:10,997 INFO c.h.h.t.HelmChartContainer - [EVENT] Warning [Unhealthy] Readiness probe failed: HTTP probe failed with statuscode: 503 [helmupgradeplatformit:test-hivemq-platform-0]
2025-01-29 13:26:10,997 INFO c.h.h.t.HelmChartContainer - Received Unhealthy event for container hivemq in pod test-hivemq-platform-0 [3b679f86-14b3-4e15-87a1-f9b6d55f0c67]
2025-01-29 13:26:11,200 INFO c.h.h.t.HelmChartContainer - [POD] test-hivemq-platform-0 [3b679f86-14b3-4e15-87a1-f9b6d55f0c67] in helmupgradeplatformit was MODIFIED
2025-01-29 13:26:11,286 INFO c.h.h.t.HelmChartContainer - [hivemq-test-hivemq-platform] [hivemq-platform-operator] [d2ef3e8d] 13:26:11.209 [pool-6-thread-24] DEBUG c.h.p.o.d.PodServiceAccountResource - [helmupgr] Desired PodServiceAccountResource (serviceAccountName: hivemq-platform-pod-test-hivemq-platform)
2025-01-29 13:26:11,286 INFO c.h.h.t.HelmChartContainer - [hivemq-test-hivemq-platform] [hivemq-platform-operator] [d2ef3e8d] 13:26:11.209 [pool-6-thread-21] DEBUG c.h.p.o.dependants.PodInfoConfigMap - [helmupgr] Desired PodInfo ConfigMap (1 extensions) (1 enabled)
2025-01-29 13:26:11,286 INFO c.h.h.t.HelmChartContainer - [hivemq-test-hivemq-platform] [hivemq-platform-operator] [d2ef3e8d] 13:26:11.210 [pool-6-thread-21] DEBUG c.h.p.o.dependants.PodInfoConfigMap - [helmupgr] Desired PodInfo ConfigMap (metrics port: 9399) (metrics path: /)
2025-01-29 13:26:11,286 INFO c.h.h.t.HelmChartContainer - [hivemq-test-hivemq-platform] [hivemq-platform-operator] [d2ef3e8d] 13:26:11.210 [pool-6-thread-21] DEBUG c.h.p.o.dependants.PodInfoConfigMap - [helmupgr] Desired PodInfo ConfigMap (extension state hash: -1817474005)
2025-01-29 13:26:11,287 INFO c.h.h.t.HelmChartContainer - [hivemq-test-hivemq-platform] [hivemq-platform-operator] [d2ef3e8d] 13:26:11.209 [pool-6-thread-26] DEBUG c.h.p.o.d.PlatformServiceResource - [helmupgr] Desired Platform services (3 services)
2025-01-29 13:26:11,287 INFO c.h.h.t.HelmChartContainer - [hivemq-test-hivemq-platform] [hivemq-platform-operator] [d2ef3e8d] 13:26:11.216 [pool-6-thread-26] DEBUG c.h.p.o.d.StatefulSetResource - [helmupgr] Desired StatefulSet (1 replicas) for status STARTING (READY)
2025-01-29 13:26:11,287 INFO c.h.h.t.HelmChartContainer - [hivemq-test-hivemq-platform] [hivemq-platform-operator] [d2ef3e8d] 13:26:11.240 [ReconcilerExecutor-hivemq-controller-112] INFO  c.h.p.o.HiveMQPlatformReconciler - [helmupgr] Reconciling HiveMQ Platform 'test-hivemq-platform' in namespace 'helmupgradeplatformit'
2025-01-29 13:26:11,287 INFO c.h.h.t.HelmChartContainer - [hivemq-test-hivemq-platform] [hivemq-platform-operator] [d2ef3e8d] 13:26:11.240 [ReconcilerExecutor-hivemq-controller-112] DEBUG c.h.p.o.HiveMQPlatformReconciler - [helmupgr] Custom Resource Status STARTING - HiveMQ Platform is starting (READY)
2025-01-29 13:26:11,287 INFO c.h.h.t.HelmChartContainer - [hivemq-test-hivemq-platform] [hivemq-platform-operator] [d2ef3e8d] 13:26:11.240 [ReconcilerExecutor-hivemq-controller-112] DEBUG c.h.p.o.HiveMQPlatformReconciler - [helmupgr] Custom Resource Spec (replicas: 1) (extensions: 1)
2025-01-29 13:26:11,287 INFO c.h.h.t.HelmChartContainer - [hivemq-test-hivemq-platform] [hivemq-platform-operator] [d2ef3e8d] 13:26:11.241 [ReconcilerExecutor-hivemq-controller-112] DEBUG c.h.p.o.HiveMQPlatformReconciler - [helmupgr] StatefulSet Status (revision: test-hivemq-platform-77d44868f9, replicas: 1, available: 0, ready: 0, current: 1, updated: 1)
2025-01-29 13:26:11,287 INFO c.h.h.t.HelmChartContainer - [hivemq-test-hivemq-platform] [hivemq-platform-operator] [d2ef3e8d] 13:26:11.241 [ReconcilerExecutor-hivemq-controller-112] DEBUG c.h.p.o.HiveMQPlatformReconciler - [helmupgr] StatefulSet Spec (replicas: 1, init containers: 1, containers: 1, volumes: 3)
2025-01-29 13:26:11,287 INFO c.h.h.t.HelmChartContainer - [hivemq-test-hivemq-platform] [hivemq-platform-operator] [d2ef3e8d] 13:26:11.243 [ReconcilerExecutor-hivemq-controller-112] DEBUG c.h.p.o.h.HiveMQPlatformReconcilerErrorHandler - [helmupgr] Pod 'test-hivemq-platform-0' phase Running
2025-01-29 13:26:11,287 INFO c.h.h.t.HelmChartContainer - [hivemq-test-hivemq-platform] [hivemq-platform-operator] [d2ef3e8d] 13:26:11.243 [ReconcilerExecutor-hivemq-controller-112] INFO  c.h.p.o.h.HiveMQPlatformReconcilerBaseHandler - [helmupgr] HiveMQ Platform is starting, 0 of 1 replicas are ready
2025-01-29 13:26:11,385 INFO c.h.h.t.HelmChartContainer - [test-hivemq-platform] [hivemq] [3b679f86] INFO  - [HiveMQ Platform Operator Init App 1.7.0-SNAPSHOT] Successfully updated Pod HiveMQ Platform Operator Init App version annotation (version: 1.7.0-SNAPSHOT)
2025-01-29 13:26:11,385 INFO c.h.h.t.HelmChartContainer - [test-hivemq-platform] [hivemq] [3b679f86] WARN  - [HiveMQ Platform Operator Init App 1.7.0-SNAPSHOT] Cannot connect to Health API for readiness: null
2025-01-29 13:26:11,392 INFO c.h.h.t.HelmChartContainer - [EVENT] Warning [Unhealthy] Readiness probe failed: HTTP probe failed with statuscode: 503 [helmupgradeplatformit:test-hivemq-platform-0]
2025-01-29 13:26:11,393 INFO c.h.h.t.HelmChartContainer - Received Unhealthy event for container hivemq in pod test-hivemq-platform-0 [3b679f86-14b3-4e15-87a1-f9b6d55f0c67]
2025-01-29 13:26:16,282 INFO c.h.h.t.HelmChartContainer - [test-hivemq-platform] [hivemq] [3b679f86] WARN  - [HiveMQ Platform Operator Init App 1.7.0-SNAPSHOT] Cannot connect to Health API for readiness: null
2025-01-29 13:26:16,284 INFO c.h.h.t.HelmChartContainer - [EVENT] Warning [Unhealthy] Readiness probe failed: HTTP probe failed with statuscode: 503 [helmupgradeplatformit:test-hivemq-platform-0]
2025-01-29 13:26:16,284 INFO c.h.h.t.HelmChartContainer - Received Unhealthy event for container hivemq in pod test-hivemq-platform-0 [3b679f86-14b3-4e15-87a1-f9b6d55f0c67]
2025-01-29 13:26:21,188 INFO c.h.h.t.HelmChartContainer - [test-hivemq-platform] [hivemq] [3b679f86] WARN  - [HiveMQ Platform Operator Init App 1.7.0-SNAPSHOT] Cannot connect to Health API for liveness: null
2025-01-29 13:26:21,188 INFO c.h.h.t.HelmChartContainer - [test-hivemq-platform] [hivemq] [3b679f86] INFO  - [HiveMQ Platform Operator Init App 1.7.0-SNAPSHOT] Returning default Health API response 200 for liveness
2025-01-29 13:26:21,250 INFO c.h.h.t.HelmChartContainer - [hivemq-test-hivemq-platform] [hivemq-platform-operator] [d2ef3e8d] 13:26:21.248 [pool-6-thread-35] DEBUG c.h.p.o.d.PlatformServiceResource - [helmupgr] Desired Platform services (3 services)
2025-01-29 13:26:21,252 INFO c.h.h.t.HelmChartContainer - [hivemq-test-hivemq-platform] [hivemq-platform-operator] [d2ef3e8d] 13:26:21.249 [pool-6-thread-34] DEBUG c.h.p.o.d.PodServiceAccountResource - [helmupgr] Desired PodServiceAccountResource (serviceAccountName: hivemq-platform-pod-test-hivemq-platform)
2025-01-29 13:26:21,253 INFO c.h.h.t.HelmChartContainer - [hivemq-test-hivemq-platform] [hivemq-platform-operator] [d2ef3e8d] 13:26:21.251 [pool-6-thread-33] DEBUG c.h.p.o.dependants.PodInfoConfigMap - [helmupgr] Desired PodInfo ConfigMap (1 extensions) (1 enabled)
2025-01-29 13:26:21,253 INFO c.h.h.t.HelmChartContainer - [hivemq-test-hivemq-platform] [hivemq-platform-operator] [d2ef3e8d] 13:26:21.251 [pool-6-thread-33] DEBUG c.h.p.o.dependants.PodInfoConfigMap - [helmupgr] Desired PodInfo ConfigMap (metrics port: 9399) (metrics path: /)
2025-01-29 13:26:21,253 INFO c.h.h.t.HelmChartContainer - [hivemq-test-hivemq-platform] [hivemq-platform-operator] [d2ef3e8d] 13:26:21.251 [pool-6-thread-33] DEBUG c.h.p.o.dependants.PodInfoConfigMap - [helmupgr] Desired PodInfo ConfigMap (extension state hash: -1817474005)
2025-01-29 13:26:21,257 INFO c.h.h.t.HelmChartContainer - [hivemq-test-hivemq-platform] [hivemq-platform-operator] [d2ef3e8d] 13:26:21.254 [pool-6-thread-34] DEBUG c.h.p.o.d.StatefulSetResource - [helmupgr] Desired StatefulSet (1 replicas) for status STARTING (READY)
2025-01-29 13:26:21,259 INFO c.h.h.t.HelmChartContainer - [hivemq-test-hivemq-platform] [hivemq-platform-operator] [d2ef3e8d] 13:26:21.257 [ReconcilerExecutor-hivemq-controller-113] INFO  c.h.p.o.HiveMQPlatformReconciler - [helmupgr] Reconciling HiveMQ Platform 'test-hivemq-platform' in namespace 'helmupgradeplatformit'
2025-01-29 13:26:21,260 INFO c.h.h.t.HelmChartContainer - [hivemq-test-hivemq-platform] [hivemq-platform-operator] [d2ef3e8d] 13:26:21.257 [ReconcilerExecutor-hivemq-controller-113] DEBUG c.h.p.o.HiveMQPlatformReconciler - [helmupgr] Custom Resource Status STARTING - HiveMQ Platform is starting (READY)
2025-01-29 13:26:21,260 INFO c.h.h.t.HelmChartContainer - [hivemq-test-hivemq-platform] [hivemq-platform-operator] [d2ef3e8d] 13:26:21.257 [ReconcilerExecutor-hivemq-controller-113] DEBUG c.h.p.o.HiveMQPlatformReconciler - [helmupgr] Custom Resource Spec (replicas: 1) (extensions: 1)
2025-01-29 13:26:21,263 INFO c.h.h.t.HelmChartContainer - [hivemq-test-hivemq-platform] [hivemq-platform-operator] [d2ef3e8d] 13:26:21.259 [ReconcilerExecutor-hivemq-controller-113] DEBUG c.h.p.o.HiveMQPlatformReconciler - [helmupgr] StatefulSet Status (revision: test-hivemq-platform-77d44868f9, replicas: 1, available: 0, ready: 0, current: 1, updated: 1)
2025-01-29 13:26:21,263 INFO c.h.h.t.HelmChartContainer - [hivemq-test-hivemq-platform] [hivemq-platform-operator] [d2ef3e8d] 13:26:21.260 [ReconcilerExecutor-hivemq-controller-113] DEBUG c.h.p.o.HiveMQPlatformReconciler - [helmupgr] StatefulSet Spec (replicas: 1, init containers: 1, containers: 1, volumes: 3)
2025-01-29 13:26:21,264 INFO c.h.h.t.HelmChartContainer - [hivemq-test-hivemq-platform] [hivemq-platform-operator] [d2ef3e8d] 13:26:21.263 [ReconcilerExecutor-hivemq-controller-113] DEBUG c.h.p.o.h.HiveMQPlatformReconcilerErrorHandler - [helmupgr] Pod 'test-hivemq-platform-0' phase Running
2025-01-29 13:26:21,285 INFO c.h.h.t.HelmChartContainer - [test-hivemq-platform] [hivemq] [3b679f86] WARN  - [HiveMQ Platform Operator Init App 1.7.0-SNAPSHOT] Cannot connect to Health API for readiness: null
2025-01-29 13:26:21,293 INFO c.h.h.t.HelmChartContainer - [EVENT] Warning [Unhealthy] Readiness probe failed: HTTP probe failed with statuscode: 503 [helmupgradeplatformit:test-hivemq-platform-0]
2025-01-29 13:26:21,293 INFO c.h.h.t.HelmChartContainer - Received Unhealthy event for container hivemq in pod test-hivemq-platform-0 [3b679f86-14b3-4e15-87a1-f9b6d55f0c67]
2025-01-29 13:26:21,341 INFO c.h.h.t.HelmChartContainer - [hivemq-test-hivemq-platform] [hivemq-platform-operator] [d2ef3e8d] 13:26:21.339 [ReconcilerExecutor-hivemq-controller-113] INFO  c.h.p.o.h.HiveMQPlatformReconcilerBaseHandler - [helmupgr] HiveMQ Platform is starting, 0 of 1 replicas are ready
2025-01-29 13:26:23,805 INFO c.h.h.t.HelmChartContainer - [test-hivemq-platform] [hivemq] [3b679f86] INFO  - No valid license file found. Using trial license, restricted to 25 connections.
2025-01-29 13:26:26,287 INFO c.h.h.t.HelmChartContainer - [test-hivemq-platform] [hivemq] [3b679f86] WARN  - [HiveMQ Platform Operator Init App 1.7.0-SNAPSHOT] Cannot connect to Health API for readiness: null
2025-01-29 13:26:26,292 INFO c.h.h.t.HelmChartContainer - [EVENT] Warning [Unhealthy] Readiness probe failed: HTTP probe failed with statuscode: 503 [helmupgradeplatformit:test-hivemq-platform-0]
2025-01-29 13:26:26,292 INFO c.h.h.t.HelmChartContainer - Received Unhealthy event for container hivemq in pod test-hivemq-platform-0 [3b679f86-14b3-4e15-87a1-f9b6d55f0c67]
2025-01-29 13:26:27,695 INFO c.h.h.t.HelmChartContainer - [test-hivemq-platform] [hivemq] [3b679f86] INFO  - No valid license file for Data Hub found. Using free license, restricted to 1 policy.
2025-01-29 13:26:28,887 INFO c.h.h.t.HelmChartContainer - [test-hivemq-platform] [hivemq] [3b679f86] INFO  - Audit Logger started.
2025-01-29 13:26:29,184 INFO c.h.h.t.HelmChartContainer - [test-hivemq-platform] [hivemq] [3b679f86] INFO  - This node uses '1' CPU cores.
2025-01-29 13:26:29,189 INFO c.h.h.t.HelmChartContainer - [test-hivemq-platform] [hivemq] [3b679f86] INFO  - Starting HiveMQ Health API on address 0.0.0.0 and port 8889
2025-01-29 13:26:29,995 INFO c.h.h.t.HelmChartContainer - [test-hivemq-platform] [hivemq] [3b679f86] INFO  - Started HiveMQ Health API in 806ms
2025-01-29 13:26:30,587 INFO c.h.h.t.HelmChartContainer - [test-hivemq-platform] [hivemq] [3b679f86] INFO  - Starting HiveMQ extension system.
2025-01-29 13:26:30,891 INFO c.h.h.t.HelmChartContainer - [test-hivemq-platform] [hivemq] [3b679f86] INFO  - Starting extension with id "hivemq-dns-cluster-discovery" at /opt/hivemq/extensions/hivemq-dns-cluster-discovery
2025-01-29 13:26:31,347 INFO c.h.h.t.HelmChartContainer - [hivemq-test-hivemq-platform] [hivemq-platform-operator] [d2ef3e8d] 13:26:31.344 [pool-6-thread-45] DEBUG c.h.p.o.dependants.PodInfoConfigMap - [helmupgr] Desired PodInfo ConfigMap (1 extensions) (1 enabled)
2025-01-29 13:26:31,349 INFO c.h.h.t.HelmChartContainer - [hivemq-test-hivemq-platform] [hivemq-platform-operator] [d2ef3e8d] 13:26:31.347 [pool-6-thread-45] DEBUG c.h.p.o.dependants.PodInfoConfigMap - [helmupgr] Desired PodInfo ConfigMap (metrics port: 9399) (metrics path: /)
2025-01-29 13:26:31,350 INFO c.h.h.t.HelmChartContainer - [hivemq-test-hivemq-platform] [hivemq-platform-operator] [d2ef3e8d] 13:26:31.345 [pool-6-thread-47] DEBUG c.h.p.o.d.PodServiceAccountResource - [helmupgr] Desired PodServiceAccountResource (serviceAccountName: hivemq-platform-pod-test-hivemq-platform)
2025-01-29 13:26:31,350 INFO c.h.h.t.HelmChartContainer - [hivemq-test-hivemq-platform] [hivemq-platform-operator] [d2ef3e8d] 13:26:31.346 [pool-6-thread-48] DEBUG c.h.p.o.d.PlatformServiceResource - [helmupgr] Desired Platform services (3 services)
2025-01-29 13:26:31,350 INFO c.h.h.t.HelmChartContainer - [hivemq-test-hivemq-platform] [hivemq-platform-operator] [d2ef3e8d] 13:26:31.347 [pool-6-thread-45] DEBUG c.h.p.o.dependants.PodInfoConfigMap - [helmupgr] Desired PodInfo ConfigMap (extension state hash: -1817474005)
2025-01-29 13:26:31,355 INFO c.h.h.t.HelmChartContainer - [hivemq-test-hivemq-platform] [hivemq-platform-operator] [d2ef3e8d] 13:26:31.353 [pool-6-thread-48] DEBUG c.h.p.o.d.StatefulSetResource - [helmupgr] Desired StatefulSet (1 replicas) for status STARTING (READY)
2025-01-29 13:26:31,390 INFO c.h.h.t.HelmChartContainer - [test-hivemq-platform] [hivemq] [3b679f86] INFO  - Extension "DNS Cluster Discovery Extension" version 4.3.2 started successfully.
2025-01-29 13:26:31,390 INFO c.h.h.t.HelmChartContainer - [test-hivemq-platform] [hivemq] [3b679f86] INFO  - Starting extension with id "hivemq-prometheus-extension" at /opt/hivemq/extensions/hivemq-prometheus-extension
2025-01-29 13:26:31,442 INFO c.h.h.t.HelmChartContainer - [hivemq-test-hivemq-platform] [hivemq-platform-operator] [d2ef3e8d] 13:26:31.439 [ReconcilerExecutor-hivemq-controller-114] INFO  c.h.p.o.HiveMQPlatformReconciler - [helmupgr] Reconciling HiveMQ Platform 'test-hivemq-platform' in namespace 'helmupgradeplatformit'
2025-01-29 13:26:31,442 INFO c.h.h.t.HelmChartContainer - [hivemq-test-hivemq-platform] [hivemq-platform-operator] [d2ef3e8d] 13:26:31.440 [ReconcilerExecutor-hivemq-controller-114] DEBUG c.h.p.o.HiveMQPlatformReconciler - [helmupgr] Custom Resource Status STARTING - HiveMQ Platform is starting (READY)
2025-01-29 13:26:31,442 INFO c.h.h.t.HelmChartContainer - [hivemq-test-hivemq-platform] [hivemq-platform-operator] [d2ef3e8d] 13:26:31.440 [ReconcilerExecutor-hivemq-controller-114] DEBUG c.h.p.o.HiveMQPlatformReconciler - [helmupgr] Custom Resource Spec (replicas: 1) (extensions: 1)
2025-01-29 13:26:31,448 INFO c.h.h.t.HelmChartContainer - [hivemq-test-hivemq-platform] [hivemq-platform-operator] [d2ef3e8d] 13:26:31.446 [ReconcilerExecutor-hivemq-controller-114] DEBUG c.h.p.o.HiveMQPlatformReconciler - [helmupgr] StatefulSet Status (revision: test-hivemq-platform-77d44868f9, replicas: 1, available: 0, ready: 0, current: 1, updated: 1)
2025-01-29 13:26:31,448 INFO c.h.h.t.HelmChartContainer - [hivemq-test-hivemq-platform] [hivemq-platform-operator] [d2ef3e8d] 13:26:31.447 [ReconcilerExecutor-hivemq-controller-114] DEBUG c.h.p.o.HiveMQPlatformReconciler - [helmupgr] StatefulSet Spec (replicas: 1, init containers: 1, containers: 1, volumes: 3)
2025-01-29 13:26:31,450 INFO c.h.h.t.HelmChartContainer - [hivemq-test-hivemq-platform] [hivemq-platform-operator] [d2ef3e8d] 13:26:31.448 [ReconcilerExecutor-hivemq-controller-114] DEBUG c.h.p.o.h.HiveMQPlatformReconcilerErrorHandler - [helmupgr] Pod 'test-hivemq-platform-0' phase Running
2025-01-29 13:26:31,450 INFO c.h.h.t.HelmChartContainer - [hivemq-test-hivemq-platform] [hivemq-platform-operator] [d2ef3e8d] 13:26:31.449 [ReconcilerExecutor-hivemq-controller-114] INFO  c.h.p.o.h.HiveMQPlatformReconcilerBaseHandler - [helmupgr] HiveMQ Platform is starting, 0 of 1 replicas are ready
2025-01-29 13:26:31,595 INFO c.h.h.t.HelmChartContainer - [test-hivemq-platform] [hivemq] [3b679f86] INFO  - Using TCP cluster transport on address 10.42.0.12 and port 7000
2025-01-29 13:26:31,789 INFO c.h.h.t.HelmChartContainer - [test-hivemq-platform] [hivemq] [3b679f86] INFO  - Using extension cluster discovery
2025-01-29 13:26:32,246 INFO c.h.h.t.HelmChartContainer - [EVENT] Warning [Unhealthy] Readiness probe failed: Get "http://10.42.0.12:7979/readiness": context deadline exceeded (Client.Timeout exceeded while awaiting headers) [helmupgradeplatformit:test-hivemq-platform-0]
2025-01-29 13:26:32,246 INFO c.h.h.t.HelmChartContainer - Received Unhealthy event for container hivemq in pod test-hivemq-platform-0 [3b679f86-14b3-4e15-87a1-f9b6d55f0c67]
2025-01-29 13:26:32,890 INFO c.h.h.t.HelmChartContainer - [test-hivemq-platform] [hivemq] [3b679f86] INFO  - Started Jetty Server exposing Prometheus Servlet on URI http://0.0.0.0:9399/
2025-01-29 13:26:32,890 INFO c.h.h.t.HelmChartContainer - [test-hivemq-platform] [hivemq] [3b679f86] INFO  - Extension "Prometheus Monitoring Extension" version 4.0.12 started successfully.
2025-01-29 13:26:32,890 INFO c.h.h.t.HelmChartContainer - [test-hivemq-platform] [hivemq] [3b679f86] INFO  - Starting extension with id "hivemq-allow-all-extension" at /opt/hivemq/extensions/hivemq-allow-all-extension
2025-01-29 13:26:32,894 INFO c.h.h.t.HelmChartContainer - [test-hivemq-platform] [hivemq] [3b679f86] WARN  - 
2025-01-29 13:26:32,894 INFO c.h.h.t.HelmChartContainer - [test-hivemq-platform] [hivemq] [3b679f86] ################################################################################################################
2025-01-29 13:26:32,894 INFO c.h.h.t.HelmChartContainer - [test-hivemq-platform] [hivemq] [3b679f86] # This HiveMQ deployment is not secure! You are lacking Authentication and Authorization.                      #
2025-01-29 13:26:32,894 INFO c.h.h.t.HelmChartContainer - [test-hivemq-platform] [hivemq] [3b679f86] # Right now any MQTT client can connect to the broker with a full set of permissions.                          #
2025-01-29 13:26:32,894 INFO c.h.h.t.HelmChartContainer - [test-hivemq-platform] [hivemq] [3b679f86] # For production usage, add an appropriate security extension and remove the hivemq-allow-all extension.       #
2025-01-29 13:26:32,894 INFO c.h.h.t.HelmChartContainer - [test-hivemq-platform] [hivemq] [3b679f86] # You can download security extensions from the HiveMQ Marketplace (https://www.hivemq.com/extensions/).       #
2025-01-29 13:26:32,894 INFO c.h.h.t.HelmChartContainer - [test-hivemq-platform] [hivemq] [3b679f86] ################################################################################################################
2025-01-29 13:26:32,895 INFO c.h.h.t.HelmChartContainer - [test-hivemq-platform] [hivemq] [3b679f86] INFO  - Extension "Allow All Extension" version 1.1.1 started successfully.
2025-01-29 13:26:33,185 INFO c.h.h.t.HelmChartContainer - [test-hivemq-platform] [hivemq] [3b679f86] INFO  - [HiveMQ Platform Operator Init App 1.7.0-SNAPSHOT] Returning Health API response 503 for readiness
2025-01-29 13:26:34,991 INFO c.h.h.t.HelmChartContainer - [test-hivemq-platform] [hivemq] [3b679f86] INFO  - 9pJnA: no members discovered after 2300 ms: creating cluster as first member
2025-01-29 13:26:34,999 INFO c.h.h.t.HelmChartContainer - [test-hivemq-platform] [hivemq] [3b679f86] INFO  - Cluster nodes found by discovery: [9pJnA|0] (1) [9pJnA].
2025-01-29 13:26:35,090 INFO c.h.h.t.HelmChartContainer - [test-hivemq-platform] [hivemq] [3b679f86] WARN  - No user for HiveMQ Control Center configured. Starting with default user
2025-01-29 13:26:35,091 INFO c.h.h.t.HelmChartContainer - [test-hivemq-platform] [hivemq] [3b679f86] INFO  - Starting HiveMQ Control Center on address 0.0.0.0 and port 8080
2025-01-29 13:26:35,098 INFO c.h.h.t.HelmChartContainer - [test-hivemq-platform] [hivemq] [3b679f86] INFO  - Mounting HiveMQ Control Center V2 Preview
2025-01-29 13:26:35,801 INFO c.h.h.t.HelmChartContainer - [test-hivemq-platform] [hivemq] [3b679f86] INFO  - Started HiveMQ Control Center in 712ms
2025-01-29 13:26:35,901 INFO c.h.h.t.HelmChartContainer - [test-hivemq-platform] [hivemq] [3b679f86] INFO  - Starting TCP listener on address 0.0.0.0 and port 1883
2025-01-29 13:26:35,997 INFO c.h.h.t.HelmChartContainer - [test-hivemq-platform] [hivemq] [3b679f86] INFO  - Started TCP Listener on address 0.0.0.0 and on port 1883.
2025-01-29 13:26:35,997 INFO c.h.h.t.HelmChartContainer - [test-hivemq-platform] [hivemq] [3b679f86] INFO  - Started HiveMQ in 33338ms
2025-01-29 13:26:36,207 INFO c.h.h.t.HelmChartContainer - [test-hivemq-platform] [hivemq] [3b679f86] INFO  - [HiveMQ Platform Operator Init App 1.7.0-SNAPSHOT] Returning Health API response 200 for readiness
2025-01-29 13:26:36,219 INFO c.h.h.t.HelmChartContainer - [POD] test-hivemq-platform-0 [3b679f86-14b3-4e15-87a1-f9b6d55f0c67] in helmupgradeplatformit was MODIFIED
2025-01-29 13:26:36,235 INFO c.h.h.t.HelmChartContainer - [hivemq-test-hivemq-platform] [hivemq-platform-operator] [d2ef3e8d] 13:26:36.230 [pool-6-thread-4] DEBUG c.h.p.o.d.PlatformServiceResource - [helmupgr] Desired Platform services (3 services)
2025-01-29 13:26:36,235 INFO c.h.h.t.HelmChartContainer - [hivemq-test-hivemq-platform] [hivemq-platform-operator] [d2ef3e8d] 13:26:36.231 [pool-6-thread-10] DEBUG c.h.p.o.dependants.PodInfoConfigMap - [helmupgr] Desired PodInfo ConfigMap (1 extensions) (1 enabled)
2025-01-29 13:26:36,235 INFO c.h.h.t.HelmChartContainer - [hivemq-test-hivemq-platform] [hivemq-platform-operator] [d2ef3e8d] 13:26:36.231 [pool-6-thread-10] DEBUG c.h.p.o.dependants.PodInfoConfigMap - [helmupgr] Desired PodInfo ConfigMap (metrics port: 9399) (metrics path: /)
2025-01-29 13:26:36,235 INFO c.h.h.t.HelmChartContainer - [hivemq-test-hivemq-platform] [hivemq-platform-operator] [d2ef3e8d] 13:26:36.231 [pool-6-thread-10] DEBUG c.h.p.o.dependants.PodInfoConfigMap - [helmupgr] Desired PodInfo ConfigMap (extension state hash: -1817474005)
2025-01-29 13:26:36,238 INFO c.h.h.t.HelmChartContainer - [hivemq-test-hivemq-platform] [hivemq-platform-operator] [d2ef3e8d] 13:26:36.236 [pool-6-thread-1] DEBUG c.h.p.o.d.PodServiceAccountResource - [helmupgr] Desired PodServiceAccountResource (serviceAccountName: hivemq-platform-pod-test-hivemq-platform)
2025-01-29 13:26:36,310 INFO c.h.h.t.HelmChartContainer - [hivemq-test-hivemq-platform] [hivemq-platform-operator] [d2ef3e8d] 13:26:36.309 [pool-6-thread-2] DEBUG c.h.p.o.d.StatefulSetResource - [helmupgr] Desired StatefulSet (1 replicas) for status STARTING (READY)
2025-01-29 13:26:36,314 INFO c.h.h.t.HelmChartContainer - [hivemq-test-hivemq-platform] [hivemq-platform-operator] [d2ef3e8d] 13:26:36.313 [ReconcilerExecutor-hivemq-controller-115] INFO  c.h.p.o.HiveMQPlatformReconciler - [helmupgr] Reconciling HiveMQ Platform 'test-hivemq-platform' in namespace 'helmupgradeplatformit'
2025-01-29 13:26:36,315 INFO c.h.h.t.HelmChartContainer - [hivemq-test-hivemq-platform] [hivemq-platform-operator] [d2ef3e8d] 13:26:36.313 [ReconcilerExecutor-hivemq-controller-115] DEBUG c.h.p.o.HiveMQPlatformReconciler - [helmupgr] Custom Resource Status STARTING - HiveMQ Platform is starting (READY)
2025-01-29 13:26:36,315 INFO c.h.h.t.HelmChartContainer - [hivemq-test-hivemq-platform] [hivemq-platform-operator] [d2ef3e8d] 13:26:36.313 [ReconcilerExecutor-hivemq-controller-115] DEBUG c.h.p.o.HiveMQPlatformReconciler - [helmupgr] Custom Resource Spec (replicas: 1) (extensions: 1)
2025-01-29 13:26:36,317 INFO c.h.h.t.HelmChartContainer - [hivemq-test-hivemq-platform] [hivemq-platform-operator] [d2ef3e8d] 13:26:36.315 [ReconcilerExecutor-hivemq-controller-115] DEBUG c.h.p.o.HiveMQPlatformReconciler - [helmupgr] StatefulSet Status (revision: test-hivemq-platform-77d44868f9, replicas: 1, available: 1, ready: 1, current: 1, updated: 1)
2025-01-29 13:26:36,318 INFO c.h.h.t.HelmChartContainer - [hivemq-test-hivemq-platform] [hivemq-platform-operator] [d2ef3e8d] 13:26:36.316 [ReconcilerExecutor-hivemq-controller-115] DEBUG c.h.p.o.HiveMQPlatformReconciler - [helmupgr] StatefulSet Spec (replicas: 1, init containers: 1, containers: 1, volumes: 3)
2025-01-29 13:26:36,319 INFO c.h.h.t.HelmChartContainer - [hivemq-test-hivemq-platform] [hivemq-platform-operator] [d2ef3e8d] 13:26:36.318 [ReconcilerExecutor-hivemq-controller-115] DEBUG c.h.p.o.h.HiveMQPlatformReconcilerErrorHandler - [helmupgr] Pod 'test-hivemq-platform-0' phase Running
2025-01-29 13:26:36,323 INFO c.h.h.t.HelmChartContainer - [hivemq-test-hivemq-platform] [hivemq-platform-operator] [d2ef3e8d] 13:26:36.320 [ReconcilerExecutor-hivemq-controller-115] INFO  c.h.p.o.h.HiveMQPlatformReconcilerBaseHandler - [helmupgr] HiveMQ Platform started successfully
2025-01-29 13:26:36,424 INFO c.h.h.t.HelmChartContainer - [hivemq-test-hivemq-platform] [hivemq-platform-operator] [d2ef3e8d] 13:26:36.423 [ReconcilerExecutor-hivemq-controller-115] DEBUG c.h.p.operator.event.EventSender - [helmupgr] Creating K8s event hivemq-platform-ready: [Ready] HiveMQ Platform is ready
2025-01-29 13:26:36,428 INFO c.h.h.t.HelmChartContainer - [EVENT] Normal [Ready] HiveMQ Platform is ready [helmupgradeplatformit:test-hivemq-platform]
2025-01-29 13:26:36,430 INFO c.h.h.t.HelmChartContainer - [hivemq-test-hivemq-platform] [hivemq-platform-operator] [d2ef3e8d] 13:26:36.429 [ReconcilerExecutor-hivemq-controller-115] INFO  c.h.p.o.h.AbstractHiveMQReconcilerStateHandler - [helmupgr] Update HiveMQ Platform Status (STARTING [READY] -> RUNNING [READY]): HiveMQ Platform is ready
2025-01-29 13:26:36,513 DEBUG com.hivemq.helmcharts.util.K8sUtil - Comparing actual state 'RUNNING' and waiting for 'RUNNING'
2025-01-29 13:26:36,520 INFO c.h.h.t.HelmChartContainer - [hivemq-test-hivemq-platform] [hivemq-platform-operator] [d2ef3e8d] 13:26:36.519 [pool-6-thread-16] DEBUG c.h.p.o.dependants.PodInfoConfigMap - [helmupgr] Desired PodInfo ConfigMap (1 extensions) (1 enabled)
2025-01-29 13:26:36,522 INFO c.h.h.t.HelmChartContainer - [hivemq-test-hivemq-platform] [hivemq-platform-operator] [d2ef3e8d] 13:26:36.521 [pool-6-thread-16] DEBUG c.h.p.o.dependants.PodInfoConfigMap - [helmupgr] Desired PodInfo ConfigMap (metrics port: 9399) (metrics path: /)
2025-01-29 13:26:36,524 INFO c.h.h.t.HelmChartContainer - [hivemq-test-hivemq-platform] [hivemq-platform-operator] [d2ef3e8d] 13:26:36.522 [pool-6-thread-16] DEBUG c.h.p.o.dependants.PodInfoConfigMap - [helmupgr] Desired PodInfo ConfigMap (extension state hash: -1817474005)
2025-01-29 13:26:36,525 INFO c.h.h.t.HelmChartContainer - [hivemq-test-hivemq-platform] [hivemq-platform-operator] [d2ef3e8d] 13:26:36.522 [pool-6-thread-11] DEBUG c.h.p.o.d.PlatformServiceResource - [helmupgr] Desired Platform services (3 services)
2025-01-29 13:26:36,525 INFO c.h.h.t.HelmChartContainer - [hivemq-test-hivemq-platform] [hivemq-platform-operator] [d2ef3e8d] 13:26:36.523 [pool-6-thread-16] DEBUG c.h.p.o.dependants.PodInfoConfigMap - [helmupgr] Update PodInfo ConfigMap
2025-01-29 13:26:36,525 INFO c.h.h.t.HelmChartContainer - [hivemq-test-hivemq-platform] [hivemq-platform-operator] [d2ef3e8d] 13:26:36.524 [pool-6-thread-14] DEBUG c.h.p.o.d.PodServiceAccountResource - [helmupgr] Desired PodServiceAccountResource (serviceAccountName: hivemq-platform-pod-test-hivemq-platform)
2025-01-29 13:26:36,528 DEBUG c.h.h.platform.HelmUpgradePlatformIT - Platform ready
2025-01-29 13:26:36,591 DEBUG c.h.h.t.HelmChartContainer - Executing helm command: /bin/helm --kubeconfig /etc/rancher/k3s/k3s.yaml upgrade test-hivemq-platform /charts/hivemq-platform --wait --timeout 5m0s --set image.repository=docker.io/hivemq --set image.tag=4.36.0 --set image.pullPolicy=Never --set nodes.resources.cpu=512m --set nodes.replicaCount=2 --namespace helmupgradeplatformit
2025-01-29 13:26:36,613 INFO c.h.h.t.HelmChartContainer - [hivemq-test-hivemq-platform] [hivemq-platform-operator] [d2ef3e8d] 13:26:36.611 [pool-6-thread-11] DEBUG c.h.p.o.d.StatefulSetResource - [helmupgr] Desired StatefulSet (1 replicas) for status RUNNING (READY)
2025-01-29 13:26:36,620 INFO c.h.h.t.HelmChartContainer - [hivemq-test-hivemq-platform] [hivemq-platform-operator] [d2ef3e8d] 13:26:36.617 [ReconcilerExecutor-hivemq-controller-116] INFO  c.h.p.o.HiveMQPlatformReconciler - [helmupgr] Reconciling HiveMQ Platform 'test-hivemq-platform' in namespace 'helmupgradeplatformit'
2025-01-29 13:26:36,620 INFO c.h.h.t.HelmChartContainer - [hivemq-test-hivemq-platform] [hivemq-platform-operator] [d2ef3e8d] 13:26:36.617 [ReconcilerExecutor-hivemq-controller-116] DEBUG c.h.p.o.HiveMQPlatformReconciler - [helmupgr] Custom Resource Status RUNNING - HiveMQ Platform is ready (READY)
2025-01-29 13:26:36,622 INFO c.h.h.t.HelmChartContainer - [hivemq-test-hivemq-platform] [hivemq-platform-operator] [d2ef3e8d] 13:26:36.617 [ReconcilerExecutor-hivemq-controller-116] DEBUG c.h.p.o.HiveMQPlatformReconciler - [helmupgr] Custom Resource Spec (replicas: 1) (extensions: 1)
2025-01-29 13:26:36,623 INFO c.h.h.t.HelmChartContainer - [hivemq-test-hivemq-platform] [hivemq-platform-operator] [d2ef3e8d] 13:26:36.619 [ReconcilerExecutor-hivemq-controller-116] DEBUG c.h.p.o.HiveMQPlatformReconciler - [helmupgr] StatefulSet Status (revision: test-hivemq-platform-77d44868f9, replicas: 1, available: 1, ready: 1, current: 1, updated: 1)
2025-01-29 13:26:36,623 INFO c.h.h.t.HelmChartContainer - [hivemq-test-hivemq-platform] [hivemq-platform-operator] [d2ef3e8d] 13:26:36.619 [ReconcilerExecutor-hivemq-controller-116] DEBUG c.h.p.o.HiveMQPlatformReconciler - [helmupgr] StatefulSet Spec (replicas: 1, init containers: 1, containers: 1, volumes: 3)
2025-01-29 13:26:36,623 INFO c.h.h.t.HelmChartContainer - [hivemq-test-hivemq-platform] [hivemq-platform-operator] [d2ef3e8d] 13:26:36.620 [ReconcilerExecutor-hivemq-controller-116] DEBUG c.h.p.o.h.HiveMQPlatformReconcilerErrorHandler - [helmupgr] Pod 'test-hivemq-platform-0' phase Running
2025-01-29 13:26:36,971 INFO c.h.h.t.HelmChartContainer - [hivemq-test-hivemq-platform] [hivemq-platform-operator] [d2ef3e8d] 13:26:36.970 [pool-6-thread-24] DEBUG c.h.p.o.d.PlatformServiceResource - [helmupgr] Desired Platform services (3 services)
2025-01-29 13:26:36,975 INFO c.h.h.t.HelmChartContainer - [hivemq-test-hivemq-platform] [hivemq-platform-operator] [d2ef3e8d] 13:26:36.973 [pool-6-thread-27] DEBUG c.h.p.o.dependants.PodInfoConfigMap - [helmupgr] Desired PodInfo ConfigMap (1 extensions) (1 enabled)
2025-01-29 13:26:36,976 INFO c.h.h.t.HelmChartContainer - [hivemq-test-hivemq-platform] [hivemq-platform-operator] [d2ef3e8d] 13:26:36.974 [pool-6-thread-27] DEBUG c.h.p.o.dependants.PodInfoConfigMap - [helmupgr] Desired PodInfo ConfigMap (metrics port: 9399) (metrics path: /)
2025-01-29 13:26:36,976 INFO c.h.h.t.HelmChartContainer - [hivemq-test-hivemq-platform] [hivemq-platform-operator] [d2ef3e8d] 13:26:36.974 [pool-6-thread-27] DEBUG c.h.p.o.dependants.PodInfoConfigMap - [helmupgr] Desired PodInfo ConfigMap (extension state hash: -1817474005)
2025-01-29 13:26:36,976 INFO c.h.h.t.HelmChartContainer - [hivemq-test-hivemq-platform] [hivemq-platform-operator] [d2ef3e8d] 13:26:36.974 [pool-6-thread-27] DEBUG c.h.p.o.dependants.PodInfoConfigMap - [helmupgr] Update PodInfo ConfigMap
2025-01-29 13:26:36,976 INFO c.h.h.t.HelmChartContainer - [hivemq-test-hivemq-platform] [hivemq-platform-operator] [d2ef3e8d] 13:26:36.974 [pool-6-thread-29] DEBUG c.h.p.o.d.PodServiceAccountResource - [helmupgr] Desired PodServiceAccountResource (serviceAccountName: hivemq-platform-pod-test-hivemq-platform)
2025-01-29 13:26:37,046 INFO c.h.h.t.HelmChartContainer - [hivemq-test-hivemq-platform] [hivemq-platform-operator] [d2ef3e8d] 13:26:37.044 [pool-6-thread-27] DEBUG c.h.p.o.d.StatefulSetResource - [helmupgr] Desired StatefulSet (2 replicas) for status RUNNING (READY)
2025-01-29 13:26:37,052 INFO c.h.h.t.HelmChartContainer - [hivemq-test-hivemq-platform] [hivemq-platform-operator] [d2ef3e8d] 13:26:37.049 [pool-6-thread-27] DEBUG c.h.p.o.d.StatefulSetResource - [helmupgr] Update StatefulSet (replicas: 1 -> 2)
2025-01-29 13:26:37,113 INFO c.h.h.t.HelmChartContainer - [hivemq-test-hivemq-platform] [hivemq-platform-operator] [d2ef3e8d] 13:26:37.112 [pool-6-thread-27] INFO  c.h.p.o.d.StatefulSetResource - [helmupgr] Replica count was updated, triggering scaling
2025-01-29 13:26:37,166 DEBUG com.hivemq.helmcharts.util.K8sUtil - Comparing actual state 'RUNNING' and waiting for 'SCALING'
2025-01-29 13:26:37,256 INFO c.h.h.t.HelmChartContainer - [hivemq-test-hivemq-platform] [hivemq-platform-operator] [d2ef3e8d] 13:26:37.253 [ReconcilerExecutor-hivemq-controller-117] INFO  c.h.p.o.HiveMQPlatformReconciler - [helmupgr] Reconciling HiveMQ Platform 'test-hivemq-platform' in namespace 'helmupgradeplatformit'
2025-01-29 13:26:37,257 INFO c.h.h.t.HelmChartContainer - [hivemq-test-hivemq-platform] [hivemq-platform-operator] [d2ef3e8d] 13:26:37.254 [ReconcilerExecutor-hivemq-controller-117] DEBUG c.h.p.o.HiveMQPlatformReconciler - [helmupgr] Custom Resource Status RUNNING - HiveMQ Platform is ready (READY) (reconciliation requests: REQUESTS_UPDATED, SCALING)
2025-01-29 13:26:37,257 INFO c.h.h.t.HelmChartContainer - [hivemq-test-hivemq-platform] [hivemq-platform-operator] [d2ef3e8d] 13:26:37.254 [ReconcilerExecutor-hivemq-controller-117] DEBUG c.h.p.o.HiveMQPlatformReconciler - [helmupgr] Custom Resource Spec (replicas: 2) (extensions: 1)
2025-01-29 13:26:37,261 INFO c.h.h.t.HelmChartContainer - [hivemq-test-hivemq-platform] [hivemq-platform-operator] [d2ef3e8d] 13:26:37.256 [ReconcilerExecutor-hivemq-controller-117] DEBUG c.h.p.o.HiveMQPlatformReconciler - [helmupgr] StatefulSet Status (revision: test-hivemq-platform-77d44868f9, replicas: 1, available: 1, ready: 1, current: 1, updated: 1)
2025-01-29 13:26:37,261 INFO c.h.h.t.HelmChartContainer - [hivemq-test-hivemq-platform] [hivemq-platform-operator] [d2ef3e8d] 13:26:37.256 [ReconcilerExecutor-hivemq-controller-117] DEBUG c.h.p.o.HiveMQPlatformReconciler - [helmupgr] StatefulSet Spec (replicas: 2, init containers: 1, containers: 1, volumes: 3)
2025-01-29 13:26:37,261 INFO c.h.h.t.HelmChartContainer - [hivemq-test-hivemq-platform] [hivemq-platform-operator] [d2ef3e8d] 13:26:37.258 [ReconcilerExecutor-hivemq-controller-117] DEBUG c.h.p.o.h.HiveMQPlatformReconcilerErrorHandler - [helmupgr] Pod 'test-hivemq-platform-0' phase Running
2025-01-29 13:26:37,261 INFO c.h.h.t.HelmChartContainer - [hivemq-test-hivemq-platform] [hivemq-platform-operator] [d2ef3e8d] 13:26:37.259 [ReconcilerExecutor-hivemq-controller-117] INFO  c.h.p.o.h.HiveMQPlatformReconcilerBaseHandler - [helmupgr] HiveMQ Platform will scale to 2 replicas
2025-01-29 13:26:37,264 INFO c.h.h.t.HelmChartContainer - [POD] test-hivemq-platform-1 [67f5e367-bec3-4376-8701-de36bb606bd9] in helmupgradeplatformit was ADDED
2025-01-29 13:26:37,273 INFO c.h.h.t.HelmChartContainer - [EVENT] Normal [SuccessfulCreate] create Pod test-hivemq-platform-1 in StatefulSet test-hivemq-platform successful [helmupgradeplatformit:test-hivemq-platform]
2025-01-29 13:26:37,273 INFO c.h.h.t.HelmChartContainer - [POD] test-hivemq-platform-1 [67f5e367-bec3-4376-8701-de36bb606bd9] in helmupgradeplatformit was MODIFIED
2025-01-29 13:26:37,276 INFO c.h.h.t.HelmChartContainer - [EVENT] Normal [Scheduled] Successfully assigned helmupgradeplatformit/test-hivemq-platform-1 to 234925720b1a [helmupgradeplatformit:test-hivemq-platform-1]
2025-01-29 13:26:37,285 INFO c.h.h.t.HelmChartContainer - [POD] test-hivemq-platform-1 [67f5e367-bec3-4376-8701-de36bb606bd9] in helmupgradeplatformit was MODIFIED
2025-01-29 13:26:37,372 INFO c.h.h.t.HelmChartContainer - [K3S] [reconciler_common.go:251] "operationExecutor.VerifyControllerAttachedVolume started for volume \"broker-configuration\" (UniqueName: \"kubernetes.io/configmap/67f5e367-bec3-4376-8701-de36bb606bd9-broker-configuration\") pod \"test-hivemq-platform-1\" (UID: \"67f5e367-bec3-4376-8701-de36bb606bd9\") " pod="helmupgradeplatformit/test-hivemq-platform-1"
2025-01-29 13:26:37,372 INFO c.h.h.t.HelmChartContainer - [K3S] [reconciler_common.go:251] "operationExecutor.VerifyControllerAttachedVolume started for volume \"operator-init\" (UniqueName: \"kubernetes.io/empty-dir/67f5e367-bec3-4376-8701-de36bb606bd9-operator-init\") pod \"test-hivemq-platform-1\" (UID: \"67f5e367-bec3-4376-8701-de36bb606bd9\") " pod="helmupgradeplatformit/test-hivemq-platform-1"
2025-01-29 13:26:37,372 INFO c.h.h.t.HelmChartContainer - [K3S] [reconciler_common.go:251] "operationExecutor.VerifyControllerAttachedVolume started for volume \"kube-api-access-s7xnh\" (UniqueName: \"kubernetes.io/projected/67f5e367-bec3-4376-8701-de36bb606bd9-kube-api-access-s7xnh\") pod \"test-hivemq-platform-1\" (UID: \"67f5e367-bec3-4376-8701-de36bb606bd9\") " pod="helmupgradeplatformit/test-hivemq-platform-1"
2025-01-29 13:26:37,372 INFO c.h.h.t.HelmChartContainer - [K3S] [reconciler_common.go:251] "operationExecutor.VerifyControllerAttachedVolume started for volume \"pod-info\" (UniqueName: \"kubernetes.io/configmap/67f5e367-bec3-4376-8701-de36bb606bd9-pod-info\") pod \"test-hivemq-platform-1\" (UID: \"67f5e367-bec3-4376-8701-de36bb606bd9\") " pod="helmupgradeplatformit/test-hivemq-platform-1"
2025-01-29 13:26:37,445 INFO c.h.h.t.HelmChartContainer - [hivemq-test-hivemq-platform] [hivemq-platform-operator] [d2ef3e8d] 13:26:37.444 [ReconcilerExecutor-hivemq-controller-117] DEBUG c.h.p.operator.event.EventSender - [helmupgr] Creating K8s event scaling-started: [Scaling] HiveMQ Platform is scaling
2025-01-29 13:26:37,450 INFO c.h.h.t.HelmChartContainer - [EVENT] Normal [Scaling] HiveMQ Platform is scaling [helmupgradeplatformit:test-hivemq-platform]
2025-01-29 13:26:37,451 INFO c.h.h.t.HelmChartContainer - [hivemq-test-hivemq-platform] [hivemq-platform-operator] [d2ef3e8d] 13:26:37.450 [ReconcilerExecutor-hivemq-controller-117] INFO  c.h.p.o.h.AbstractHiveMQReconcilerStateHandler - [helmupgr] Update HiveMQ Platform Status (RUNNING [READY] -> SCALING [READY]): HiveMQ Platform is scaling
2025-01-29 13:26:37,459 DEBUG com.hivemq.helmcharts.util.K8sUtil - Comparing actual state 'SCALING' and waiting for 'SCALING'
2025-01-29 13:26:37,462 DEBUG c.h.h.platform.HelmUpgradePlatformIT - Platform scaling
2025-01-29 13:26:37,467 INFO c.h.h.t.HelmChartContainer - [hivemq-test-hivemq-platform] [hivemq-platform-operator] [d2ef3e8d] 13:26:37.466 [pool-6-thread-31] DEBUG c.h.p.o.d.PlatformServiceResource - [helmupgr] Desired Platform services (3 services)
2025-01-29 13:26:37,469 INFO c.h.h.t.HelmChartContainer - [hivemq-test-hivemq-platform] [hivemq-platform-operator] [d2ef3e8d] 13:26:37.468 [pool-6-thread-33] DEBUG c.h.p.o.d.PodServiceAccountResource - [helmupgr] Desired PodServiceAccountResource (serviceAccountName: hivemq-platform-pod-test-hivemq-platform)
2025-01-29 13:26:37,470 DEBUG com.hivemq.helmcharts.util.K8sUtil - Comparing actual state 'SCALING' and waiting for 'RUNNING'
2025-01-29 13:26:37,474 INFO c.h.h.t.HelmChartContainer - [hivemq-test-hivemq-platform] [hivemq-platform-operator] [d2ef3e8d] 13:26:37.471 [pool-6-thread-37] DEBUG c.h.p.o.dependants.PodInfoConfigMap - [helmupgr] Desired PodInfo ConfigMap (1 extensions) (1 enabled)
2025-01-29 13:26:37,474 INFO c.h.h.t.HelmChartContainer - [hivemq-test-hivemq-platform] [hivemq-platform-operator] [d2ef3e8d] 13:26:37.471 [pool-6-thread-37] DEBUG c.h.p.o.dependants.PodInfoConfigMap - [helmupgr] Desired PodInfo ConfigMap (metrics port: 9399) (metrics path: /)
2025-01-29 13:26:37,474 INFO c.h.h.t.HelmChartContainer - [hivemq-test-hivemq-platform] [hivemq-platform-operator] [d2ef3e8d] 13:26:37.471 [pool-6-thread-37] DEBUG c.h.p.o.dependants.PodInfoConfigMap - [helmupgr] Desired PodInfo ConfigMap (extension state hash: -1817474005)
2025-01-29 13:26:37,544 INFO c.h.h.t.HelmChartContainer - [hivemq-test-hivemq-platform] [hivemq-platform-operator] [d2ef3e8d] 13:26:37.542 [pool-6-thread-37] DEBUG c.h.p.o.dependants.PodInfoConfigMap - [helmupgr] Update PodInfo ConfigMap
2025-01-29 13:26:37,557 INFO c.h.h.t.HelmChartContainer - [hivemq-test-hivemq-platform] [hivemq-platform-operator] [d2ef3e8d] 13:26:37.556 [pool-6-thread-37] DEBUG c.h.p.o.d.StatefulSetResource - [helmupgr] Desired StatefulSet (2 replicas) for status SCALING (READY)
2025-01-29 13:26:37,646 INFO c.h.h.t.HelmChartContainer - [hivemq-test-hivemq-platform] [hivemq-platform-operator] [d2ef3e8d] 13:26:37.643 [ReconcilerExecutor-hivemq-controller-118] INFO  c.h.p.o.HiveMQPlatformReconciler - [helmupgr] Reconciling HiveMQ Platform 'test-hivemq-platform' in namespace 'helmupgradeplatformit'
2025-01-29 13:26:37,646 INFO c.h.h.t.HelmChartContainer - [hivemq-test-hivemq-platform] [hivemq-platform-operator] [d2ef3e8d] 13:26:37.644 [ReconcilerExecutor-hivemq-controller-118] DEBUG c.h.p.o.HiveMQPlatformReconciler - [helmupgr] Custom Resource Status SCALING - HiveMQ Platform is scaling (READY)
2025-01-29 13:26:37,646 INFO c.h.h.t.HelmChartContainer - [hivemq-test-hivemq-platform] [hivemq-platform-operator] [d2ef3e8d] 13:26:37.644 [ReconcilerExecutor-hivemq-controller-118] DEBUG c.h.p.o.HiveMQPlatformReconciler - [helmupgr] Custom Resource Spec (replicas: 2) (extensions: 1)
2025-01-29 13:26:37,650 INFO c.h.h.t.HelmChartContainer - [hivemq-test-hivemq-platform] [hivemq-platform-operator] [d2ef3e8d] 13:26:37.648 [ReconcilerExecutor-hivemq-controller-118] DEBUG c.h.p.o.HiveMQPlatformReconciler - [helmupgr] StatefulSet Status (revision: test-hivemq-platform-77d44868f9, replicas: 2, available: 1, ready: 1, current: 2, updated: 2)
2025-01-29 13:26:37,650 INFO c.h.h.t.HelmChartContainer - [hivemq-test-hivemq-platform] [hivemq-platform-operator] [d2ef3e8d] 13:26:37.648 [ReconcilerExecutor-hivemq-controller-118] DEBUG c.h.p.o.HiveMQPlatformReconciler - [helmupgr] StatefulSet Spec (replicas: 2, init containers: 1, containers: 1, volumes: 3)
2025-01-29 13:26:37,653 INFO c.h.h.t.HelmChartContainer - [hivemq-test-hivemq-platform] [hivemq-platform-operator] [d2ef3e8d] 13:26:37.651 [ReconcilerExecutor-hivemq-controller-118] DEBUG c.h.p.o.h.HiveMQPlatformReconcilerErrorHandler - [helmupgr] Pod 'test-hivemq-platform-1' phase Pending
2025-01-29 13:26:37,653 INFO c.h.h.t.HelmChartContainer - [hivemq-test-hivemq-platform] [hivemq-platform-operator] [d2ef3e8d] 13:26:37.652 [ReconcilerExecutor-hivemq-controller-118] DEBUG c.h.p.o.h.HiveMQPlatformReconcilerErrorHandler - [helmupgr] Pod 'test-hivemq-platform-1' condition 'PodReadyToStartContainers': False
2025-01-29 13:26:37,655 INFO c.h.h.t.HelmChartContainer - [hivemq-test-hivemq-platform] [hivemq-platform-operator] [d2ef3e8d] 13:26:37.652 [ReconcilerExecutor-hivemq-controller-118] DEBUG c.h.p.o.h.HiveMQPlatformReconcilerErrorHandler - [helmupgr] Pod 'test-hivemq-platform-1' condition 'Initialized': False
2025-01-29 13:26:37,655 INFO c.h.h.t.HelmChartContainer - [hivemq-test-hivemq-platform] [hivemq-platform-operator] [d2ef3e8d] 13:26:37.652 [ReconcilerExecutor-hivemq-controller-118] DEBUG c.h.p.o.h.HiveMQPlatformReconcilerErrorHandler - [helmupgr] Pod 'test-hivemq-platform-1' condition 'Ready': False
2025-01-29 13:26:37,655 INFO c.h.h.t.HelmChartContainer - [hivemq-test-hivemq-platform] [hivemq-platform-operator] [d2ef3e8d] 13:26:37.652 [ReconcilerExecutor-hivemq-controller-118] DEBUG c.h.p.o.h.HiveMQPlatformReconcilerErrorHandler - [helmupgr] Pod 'test-hivemq-platform-1' condition 'ContainersReady': False
2025-01-29 13:26:37,655 INFO c.h.h.t.HelmChartContainer - [hivemq-test-hivemq-platform] [hivemq-platform-operator] [d2ef3e8d] 13:26:37.652 [ReconcilerExecutor-hivemq-controller-118] DEBUG c.h.p.o.h.HiveMQPlatformReconcilerErrorHandler - [helmupgr] Pod 'test-hivemq-platform-1' condition 'PodScheduled': True
2025-01-29 13:26:37,655 INFO c.h.h.t.HelmChartContainer - [hivemq-test-hivemq-platform] [hivemq-platform-operator] [d2ef3e8d] 13:26:37.652 [ReconcilerExecutor-hivemq-controller-118] DEBUG c.h.p.o.h.HiveMQPlatformReconcilerErrorHandler - [helmupgr] Pod 'test-hivemq-platform-1' containerStatus 'hivemq' (started: false) (ready: false) (waiting: [PodInitializing] null)
2025-01-29 13:26:37,657 INFO c.h.h.t.HelmChartContainer - [hivemq-test-hivemq-platform] [hivemq-platform-operator] [d2ef3e8d] 13:26:37.656 [ReconcilerExecutor-hivemq-controller-118] DEBUG c.h.p.o.h.HiveMQPlatformReconcilerErrorHandler - [helmupgr] Pod 'test-hivemq-platform-0' phase Running
2025-01-29 13:26:37,660 INFO c.h.h.t.HelmChartContainer - [hivemq-test-hivemq-platform] [hivemq-platform-operator] [d2ef3e8d] 13:26:37.659 [ReconcilerExecutor-hivemq-controller-118] DEBUG c.h.p.o.h.HiveMQPlatformReconcilerScalingHandler - [helmupgr] HiveMQ Platform is scaling, waiting for 1 of 2 replicas
2025-01-29 13:26:37,677 INFO c.h.h.t.HelmChartContainer - [EVENT] Normal [Pulled] Container image "docker.io/hivemq/hivemq-platform-operator-init-test:snapshot" already present on machine [helmupgradeplatformit:test-hivemq-platform-1]
2025-01-29 13:26:37,684 INFO c.h.h.t.HelmChartContainer - [EVENT] Normal [Created] Created container: hivemq-platform-operator-init [helmupgradeplatformit:test-hivemq-platform-1]
2025-01-29 13:26:37,725 INFO c.h.h.t.HelmChartContainer - [EVENT] Normal [Started] Started container hivemq-platform-operator-init [helmupgradeplatformit:test-hivemq-platform-1]
2025-01-29 13:26:37,977 INFO c.h.h.t.HelmChartContainer - [EVENT] Normal [Pulled] Container image "docker.io/hivemq/hivemq4:4.36.0" already present on machine [helmupgradeplatformit:test-hivemq-platform-1]
2025-01-29 13:26:37,977 INFO c.h.h.t.HelmChartContainer - Received Pulled event for container hivemq in pod test-hivemq-platform-1 [67f5e367-bec3-4376-8701-de36bb606bd9]
2025-01-29 13:26:37,989 INFO c.h.h.t.HelmChartContainer - [POD] test-hivemq-platform-1 [67f5e367-bec3-4376-8701-de36bb606bd9] in helmupgradeplatformit was MODIFIED
2025-01-29 13:26:38,001 INFO c.h.h.t.HelmChartContainer - [EVENT] Normal [Created] Created container: hivemq [helmupgradeplatformit:test-hivemq-platform-1]
2025-01-29 13:26:38,001 INFO c.h.h.t.HelmChartContainer - Received Created event for container hivemq in pod test-hivemq-platform-1 [67f5e367-bec3-4376-8701-de36bb606bd9]
2025-01-29 13:26:38,008 INFO c.h.h.t.HelmChartContainer - [hivemq-test-hivemq-platform] [hivemq-platform-operator] [d2ef3e8d] 13:26:38.002 [pool-6-thread-50] DEBUG c.h.p.o.d.PlatformServiceResource - [helmupgr] Desired Platform services (3 services)
2025-01-29 13:26:38,026 INFO c.h.h.t.HelmChartContainer - [hivemq-test-hivemq-platform] [hivemq-platform-operator] [d2ef3e8d] 13:26:38.012 [pool-6-thread-46] DEBUG c.h.p.o.dependants.PodInfoConfigMap - [helmupgr] Desired PodInfo ConfigMap (1 extensions) (1 enabled)
2025-01-29 13:26:38,026 INFO c.h.h.t.HelmChartContainer - [hivemq-test-hivemq-platform] [hivemq-platform-operator] [d2ef3e8d] 13:26:38.012 [pool-6-thread-46] DEBUG c.h.p.o.dependants.PodInfoConfigMap - [helmupgr] Desired PodInfo ConfigMap (metrics port: 9399) (metrics path: /)
2025-01-29 13:26:38,026 INFO c.h.h.t.HelmChartContainer - [hivemq-test-hivemq-platform] [hivemq-platform-operator] [d2ef3e8d] 13:26:38.012 [pool-6-thread-46] DEBUG c.h.p.o.dependants.PodInfoConfigMap - [helmupgr] Desired PodInfo ConfigMap (extension state hash: -1817474005)
2025-01-29 13:26:38,026 INFO c.h.h.t.HelmChartContainer - [hivemq-test-hivemq-platform] [hivemq-platform-operator] [d2ef3e8d] 13:26:38.017 [pool-6-thread-42] DEBUG c.h.p.o.d.PodServiceAccountResource - [helmupgr] Desired PodServiceAccountResource (serviceAccountName: hivemq-platform-pod-test-hivemq-platform)
2025-01-29 13:26:38,042 INFO c.h.h.t.HelmChartContainer - [hivemq-test-hivemq-platform] [hivemq-platform-operator] [d2ef3e8d] 13:26:38.040 [pool-6-thread-49] DEBUG c.h.p.o.d.StatefulSetResource - [helmupgr] Desired StatefulSet (2 replicas) for status SCALING (READY)
2025-01-29 13:26:38,051 INFO c.h.h.t.HelmChartContainer - [hivemq-test-hivemq-platform] [hivemq-platform-operator] [d2ef3e8d] 13:26:38.049 [ReconcilerExecutor-hivemq-controller-119] INFO  c.h.p.o.HiveMQPlatformReconciler - [helmupgr] Reconciling HiveMQ Platform 'test-hivemq-platform' in namespace 'helmupgradeplatformit'
2025-01-29 13:26:38,051 INFO c.h.h.t.HelmChartContainer - [hivemq-test-hivemq-platform] [hivemq-platform-operator] [d2ef3e8d] 13:26:38.049 [ReconcilerExecutor-hivemq-controller-119] DEBUG c.h.p.o.HiveMQPlatformReconciler - [helmupgr] Custom Resource Status SCALING - HiveMQ Platform is scaling (READY)
2025-01-29 13:26:38,051 INFO c.h.h.t.HelmChartContainer - [hivemq-test-hivemq-platform] [hivemq-platform-operator] [d2ef3e8d] 13:26:38.049 [ReconcilerExecutor-hivemq-controller-119] DEBUG c.h.p.o.HiveMQPlatformReconciler - [helmupgr] Custom Resource Spec (replicas: 2) (extensions: 1)
2025-01-29 13:26:38,053 INFO c.h.h.t.HelmChartContainer - [hivemq-test-hivemq-platform] [hivemq-platform-operator] [d2ef3e8d] 13:26:38.051 [ReconcilerExecutor-hivemq-controller-119] DEBUG c.h.p.o.HiveMQPlatformReconciler - [helmupgr] StatefulSet Status (revision: test-hivemq-platform-77d44868f9, replicas: 2, available: 1, ready: 1, current: 2, updated: 2)
2025-01-29 13:26:38,053 INFO c.h.h.t.HelmChartContainer - [hivemq-test-hivemq-platform] [hivemq-platform-operator] [d2ef3e8d] 13:26:38.052 [ReconcilerExecutor-hivemq-controller-119] DEBUG c.h.p.o.HiveMQPlatformReconciler - [helmupgr] StatefulSet Spec (replicas: 2, init containers: 1, containers: 1, volumes: 3)
2025-01-29 13:26:38,108 INFO c.h.h.t.HelmChartContainer - [hivemq-test-hivemq-platform] [hivemq-platform-operator] [d2ef3e8d] 13:26:38.107 [ReconcilerExecutor-hivemq-controller-119] DEBUG c.h.p.o.h.HiveMQPlatformReconcilerErrorHandler - [helmupgr] Pod 'test-hivemq-platform-1' phase Pending
2025-01-29 13:26:38,108 INFO c.h.h.t.HelmChartContainer - [hivemq-test-hivemq-platform] [hivemq-platform-operator] [d2ef3e8d] 13:26:38.107 [ReconcilerExecutor-hivemq-controller-119] DEBUG c.h.p.o.h.HiveMQPlatformReconcilerErrorHandler - [helmupgr] Pod 'test-hivemq-platform-1' condition 'PodReadyToStartContainers': True
2025-01-29 13:26:38,109 INFO c.h.h.t.HelmChartContainer - [hivemq-test-hivemq-platform] [hivemq-platform-operator] [d2ef3e8d] 13:26:38.107 [ReconcilerExecutor-hivemq-controller-119] DEBUG c.h.p.o.h.HiveMQPlatformReconcilerErrorHandler - [helmupgr] Pod 'test-hivemq-platform-1' condition 'Initialized': True
2025-01-29 13:26:38,109 INFO c.h.h.t.HelmChartContainer - [hivemq-test-hivemq-platform] [hivemq-platform-operator] [d2ef3e8d] 13:26:38.107 [ReconcilerExecutor-hivemq-controller-119] DEBUG c.h.p.o.h.HiveMQPlatformReconcilerErrorHandler - [helmupgr] Pod 'test-hivemq-platform-1' condition 'Ready': False
2025-01-29 13:26:38,109 INFO c.h.h.t.HelmChartContainer - [hivemq-test-hivemq-platform] [hivemq-platform-operator] [d2ef3e8d] 13:26:38.107 [ReconcilerExecutor-hivemq-controller-119] DEBUG c.h.p.o.h.HiveMQPlatformReconcilerErrorHandler - [helmupgr] Pod 'test-hivemq-platform-1' condition 'ContainersReady': False
2025-01-29 13:26:38,109 INFO c.h.h.t.HelmChartContainer - [hivemq-test-hivemq-platform] [hivemq-platform-operator] [d2ef3e8d] 13:26:38.107 [ReconcilerExecutor-hivemq-controller-119] DEBUG c.h.p.o.h.HiveMQPlatformReconcilerErrorHandler - [helmupgr] Pod 'test-hivemq-platform-1' condition 'PodScheduled': True
2025-01-29 13:26:38,109 INFO c.h.h.t.HelmChartContainer - [hivemq-test-hivemq-platform] [hivemq-platform-operator] [d2ef3e8d] 13:26:38.107 [ReconcilerExecutor-hivemq-controller-119] DEBUG c.h.p.o.h.HiveMQPlatformReconcilerErrorHandler - [helmupgr] Pod 'test-hivemq-platform-1' containerStatus 'hivemq' (started: false) (ready: false) (waiting: [PodInitializing] null)
2025-01-29 13:26:38,111 INFO c.h.h.t.HelmChartContainer - [hivemq-test-hivemq-platform] [hivemq-platform-operator] [d2ef3e8d] 13:26:38.109 [ReconcilerExecutor-hivemq-controller-119] DEBUG c.h.p.o.h.HiveMQPlatformReconcilerErrorHandler - [helmupgr] Pod 'test-hivemq-platform-0' phase Running
2025-01-29 13:26:38,111 INFO c.h.h.t.HelmChartContainer - [hivemq-test-hivemq-platform] [hivemq-platform-operator] [d2ef3e8d] 13:26:38.110 [ReconcilerExecutor-hivemq-controller-119] DEBUG c.h.p.o.h.HiveMQPlatformReconcilerScalingHandler - [helmupgr] HiveMQ Platform is scaling, waiting for 1 of 2 replicas
2025-01-29 13:26:38,987 INFO c.h.h.t.HelmChartContainer - [POD] test-hivemq-platform-1 [67f5e367-bec3-4376-8701-de36bb606bd9] in helmupgradeplatformit was MODIFIED
2025-01-29 13:26:38,999 INFO c.h.h.t.HelmChartContainer - [EVENT] Normal [Started] Started container hivemq [helmupgradeplatformit:test-hivemq-platform-1]
2025-01-29 13:26:38,999 INFO c.h.h.t.HelmChartContainer - Started log watcher for hivemq in pod test-hivemq-platform-1 [67f5e367-bec3-4376-8701-de36bb606bd9]
2025-01-29 13:26:38,999 INFO c.h.h.t.HelmChartContainer - Received Started event for container hivemq in pod test-hivemq-platform-1 [67f5e367-bec3-4376-8701-de36bb606bd9]
2025-01-29 13:26:38,999 INFO c.h.h.t.HelmChartContainer - [test-hivemq-platform] [hivemq] [67f5e367] Adding pre-installed HiveMQ Platform Operator extensions
2025-01-29 13:26:38,999 INFO c.h.h.t.HelmChartContainer - [test-hivemq-platform] [hivemq] [67f5e367] Running as user 10000
2025-01-29 13:26:38,999 INFO c.h.h.t.HelmChartContainer - [test-hivemq-platform] [hivemq] [67f5e367] Starting HiveMQ Platform Operator Init
2025-01-29 13:26:39,003 INFO c.h.h.t.HelmChartContainer - [hivemq-test-hivemq-platform] [hivemq-platform-operator] [d2ef3e8d] 13:26:38.999 [pool-6-thread-6] DEBUG c.h.p.o.d.PlatformServiceResource - [helmupgr] Desired Platform services (3 services)
2025-01-29 13:26:39,005 INFO c.h.h.t.HelmChartContainer - [hivemq-test-hivemq-platform] [hivemq-platform-operator] [d2ef3e8d] 13:26:39.003 [pool-6-thread-7] DEBUG c.h.p.o.dependants.PodInfoConfigMap - [helmupgr] Desired PodInfo ConfigMap (1 extensions) (1 enabled)
2025-01-29 13:26:39,010 INFO c.h.h.t.HelmChartContainer - [hivemq-test-hivemq-platform] [hivemq-platform-operator] [d2ef3e8d] 13:26:39.003 [pool-6-thread-7] DEBUG c.h.p.o.dependants.PodInfoConfigMap - [helmupgr] Desired PodInfo ConfigMap (metrics port: 9399) (metrics path: /)
2025-01-29 13:26:39,011 INFO c.h.h.t.HelmChartContainer - [hivemq-test-hivemq-platform] [hivemq-platform-operator] [d2ef3e8d] 13:26:39.004 [pool-6-thread-7] DEBUG c.h.p.o.dependants.PodInfoConfigMap - [helmupgr] Desired PodInfo ConfigMap (extension state hash: -1817474005)
2025-01-29 13:26:39,011 INFO c.h.h.t.HelmChartContainer - [hivemq-test-hivemq-platform] [hivemq-platform-operator] [d2ef3e8d] 13:26:39.007 [pool-6-thread-1] DEBUG c.h.p.o.d.PodServiceAccountResource - [helmupgr] Desired PodServiceAccountResource (serviceAccountName: hivemq-platform-pod-test-hivemq-platform)
2025-01-29 13:26:39,016 INFO c.h.h.t.HelmChartContainer - [hivemq-test-hivemq-platform] [hivemq-platform-operator] [d2ef3e8d] 13:26:39.014 [pool-6-thread-2] DEBUG c.h.p.o.d.StatefulSetResource - [helmupgr] Desired StatefulSet (2 replicas) for status SCALING (READY)
2025-01-29 13:26:39,019 INFO c.h.h.t.HelmChartContainer - [hivemq-test-hivemq-platform] [hivemq-platform-operator] [d2ef3e8d] 13:26:39.018 [ReconcilerExecutor-hivemq-controller-120] INFO  c.h.p.o.HiveMQPlatformReconciler - [helmupgr] Reconciling HiveMQ Platform 'test-hivemq-platform' in namespace 'helmupgradeplatformit'
2025-01-29 13:26:39,019 INFO c.h.h.t.HelmChartContainer - [hivemq-test-hivemq-platform] [hivemq-platform-operator] [d2ef3e8d] 13:26:39.018 [ReconcilerExecutor-hivemq-controller-120] DEBUG c.h.p.o.HiveMQPlatformReconciler - [helmupgr] Custom Resource Status SCALING - HiveMQ Platform is scaling (READY)
2025-01-29 13:26:39,020 INFO c.h.h.t.HelmChartContainer - [hivemq-test-hivemq-platform] [hivemq-platform-operator] [d2ef3e8d] 13:26:39.018 [ReconcilerExecutor-hivemq-controller-120] DEBUG c.h.p.o.HiveMQPlatformReconciler - [helmupgr] Custom Resource Spec (replicas: 2) (extensions: 1)
2025-01-29 13:26:39,043 INFO c.h.h.t.HelmChartContainer - [hivemq-test-hivemq-platform] [hivemq-platform-operator] [d2ef3e8d] 13:26:39.040 [ReconcilerExecutor-hivemq-controller-120] DEBUG c.h.p.o.HiveMQPlatformReconciler - [helmupgr] StatefulSet Status (revision: test-hivemq-platform-77d44868f9, replicas: 2, available: 1, ready: 1, current: 2, updated: 2)
2025-01-29 13:26:39,044 INFO c.h.h.t.HelmChartContainer - [hivemq-test-hivemq-platform] [hivemq-platform-operator] [d2ef3e8d] 13:26:39.040 [ReconcilerExecutor-hivemq-controller-120] DEBUG c.h.p.o.HiveMQPlatformReconciler - [helmupgr] StatefulSet Spec (replicas: 2, init containers: 1, containers: 1, volumes: 3)
2025-01-29 13:26:39,045 INFO c.h.h.t.HelmChartContainer - [hivemq-test-hivemq-platform] [hivemq-platform-operator] [d2ef3e8d] 13:26:39.041 [ReconcilerExecutor-hivemq-controller-120] DEBUG c.h.p.o.h.HiveMQPlatformReconcilerErrorHandler - [helmupgr] Pod 'test-hivemq-platform-1' phase Running
2025-01-29 13:26:39,045 INFO c.h.h.t.HelmChartContainer - [hivemq-test-hivemq-platform] [hivemq-platform-operator] [d2ef3e8d] 13:26:39.042 [ReconcilerExecutor-hivemq-controller-120] DEBUG c.h.p.o.h.HiveMQPlatformReconcilerErrorHandler - [helmupgr] Pod 'test-hivemq-platform-0' phase Running
2025-01-29 13:26:39,045 INFO c.h.h.t.HelmChartContainer - [hivemq-test-hivemq-platform] [hivemq-platform-operator] [d2ef3e8d] 13:26:39.043 [ReconcilerExecutor-hivemq-controller-120] DEBUG c.h.p.o.h.HiveMQPlatformReconcilerScalingHandler - [helmupgr] HiveMQ Platform is scaling, waiting for 1 of 2 replicas
2025-01-29 13:26:39,360 INFO c.h.h.t.HelmChartContainer - [test-hivemq-platform] [hivemq] [67f5e367] INFO  - [HiveMQ Platform Operator Init 1.7.0-SNAPSHOT] HiveMQ Platform Operator Init 1.7.0-SNAPSHOT (commit: bebf408 on branch: HEAD) built on Sun Jan 26 20:47:47 UTC 2025
2025-01-29 13:26:40,564 INFO c.h.h.t.HelmChartContainer - [test-hivemq-platform] [hivemq] [67f5e367] INFO  - [HiveMQ Platform Operator Init App 1.7.0-SNAPSHOT] Using bind address 10.42.0.13 from environment variable
2025-01-29 13:26:41,496 INFO c.h.h.t.HelmChartContainer - [test-hivemq-platform] [hivemq] [67f5e367] INFO  - [HiveMQ Platform Operator Init App 1.7.0-SNAPSHOT] HiveMQ Platform Operator Init App 1.7.0-SNAPSHOT (commit: bebf408 on branch: HEAD) built on Sun Jan 26 20:47:47 UTC 2025
2025-01-29 13:26:41,496 INFO c.h.h.t.HelmChartContainer - [test-hivemq-platform] [hivemq] [67f5e367] INFO  - [HiveMQ Platform Operator Init App 1.7.0-SNAPSHOT] PodInfo ConfigMap directory: /etc/podinfo
2025-01-29 13:26:41,496 INFO c.h.h.t.HelmChartContainer - [test-hivemq-platform] [hivemq] [67f5e367] INFO  - [HiveMQ Platform Operator Init App 1.7.0-SNAPSHOT] HiveMQ home directory: /opt/hivemq
2025-01-29 13:26:41,496 INFO c.h.h.t.HelmChartContainer - [test-hivemq-platform] [hivemq] [67f5e367] INFO  - [HiveMQ Platform Operator Init App 1.7.0-SNAPSHOT] HiveMQ Logback folder: /opt/hivemq/conf
2025-01-29 13:26:41,496 INFO c.h.h.t.HelmChartContainer - [test-hivemq-platform] [hivemq] [67f5e367] INFO  - [HiveMQ Platform Operator Init App 1.7.0-SNAPSHOT] HiveMQ Config folder: /opt/hivemq/conf-k8s
2025-01-29 13:26:41,497 INFO c.h.h.t.HelmChartContainer - [test-hivemq-platform] [hivemq] [67f5e367] INFO  - [HiveMQ Platform Operator Init App 1.7.0-SNAPSHOT] Starting HiveMQ Platform Operator Init App
2025-01-29 13:26:41,497 INFO c.h.h.t.HelmChartContainer - [test-hivemq-platform] [hivemq] [67f5e367] INFO  - [HiveMQ Platform Operator Init App 1.7.0-SNAPSHOT] Starting Pod reconciler
2025-01-29 13:26:42,861 INFO c.h.h.t.HelmChartContainer - [test-hivemq-platform] [hivemq] [67f5e367] INFO  - [HiveMQ Platform Operator Init App 1.7.0-SNAPSHOT] Pod reconciler is scheduled (interval: 5000 ms)
2025-01-29 13:26:42,862 INFO c.h.h.t.HelmChartContainer - [test-hivemq-platform] [hivemq] [67f5e367] INFO  - [HiveMQ Platform Operator Init App 1.7.0-SNAPSHOT] Starting the REST API on 10.42.0.13:7979
2025-01-29 13:26:42,865 INFO c.h.h.t.HelmChartContainer - [test-hivemq-platform] [hivemq] [67f5e367] INFO  - [HiveMQ Platform Operator Init App 1.7.0-SNAPSHOT] Waiting up to 600s for at most 2 HiveMQ nodes in cluster service hivemq-test-hivemq-platform-cluster.helmupgradeplatformit.svc
2025-01-29 13:26:43,258 INFO c.h.h.t.HelmChartContainer - [test-hivemq-platform] [hivemq] [67f5e367] INFO  - [HiveMQ Platform Operator Init App 1.7.0-SNAPSHOT] Resolved 2 IP addresses: [10.42.0.12, 10.42.0.13]
2025-01-29 13:26:43,259 INFO c.h.h.t.HelmChartContainer - [test-hivemq-platform] [hivemq] [67f5e367] INFO  - [HiveMQ Platform Operator Init App 1.7.0-SNAPSHOT] HiveMQ node count of 2 is within threshold of 2
2025-01-29 13:26:43,259 INFO c.h.h.t.HelmChartContainer - [test-hivemq-platform] [hivemq] [67f5e367] INFO  - [HiveMQ Platform Operator Init App 1.7.0-SNAPSHOT] Waiting 15s for previous shutdown replication to finish...
2025-01-29 13:26:44,988 INFO c.h.h.t.HelmChartContainer - [test-hivemq-platform] [hivemq] [67f5e367] INFO  - [HiveMQ Platform Operator Init App 1.7.0-SNAPSHOT] Returning default Health API response 503 for readiness
2025-01-29 13:26:45,109 INFO c.h.h.t.HelmChartContainer - [EVENT] Warning [Unhealthy] Readiness probe failed: HTTP probe failed with statuscode: 503 [helmupgradeplatformit:test-hivemq-platform-1]
2025-01-29 13:26:45,109 INFO c.h.h.t.HelmChartContainer - Received Unhealthy event for container hivemq in pod test-hivemq-platform-1 [67f5e367-bec3-4376-8701-de36bb606bd9]
2025-01-29 13:26:49,051 INFO c.h.h.t.HelmChartContainer - [hivemq-test-hivemq-platform] [hivemq-platform-operator] [d2ef3e8d] 13:26:49.047 [pool-6-thread-13] DEBUG c.h.p.o.d.PlatformServiceResource - [helmupgr] Desired Platform services (3 services)
2025-01-29 13:26:49,051 INFO c.h.h.t.HelmChartContainer - [hivemq-test-hivemq-platform] [hivemq-platform-operator] [d2ef3e8d] 13:26:49.047 [pool-6-thread-18] DEBUG c.h.p.o.dependants.PodInfoConfigMap - [helmupgr] Desired PodInfo ConfigMap (1 extensions) (1 enabled)
2025-01-29 13:26:49,051 INFO c.h.h.t.HelmChartContainer - [hivemq-test-hivemq-platform] [hivemq-platform-operator] [d2ef3e8d] 13:26:49.047 [pool-6-thread-18] DEBUG c.h.p.o.dependants.PodInfoConfigMap - [helmupgr] Desired PodInfo ConfigMap (metrics port: 9399) (metrics path: /)
2025-01-29 13:26:49,051 INFO c.h.h.t.HelmChartContainer - [hivemq-test-hivemq-platform] [hivemq-platform-operator] [d2ef3e8d] 13:26:49.047 [pool-6-thread-18] DEBUG c.h.p.o.dependants.PodInfoConfigMap - [helmupgr] Desired PodInfo ConfigMap (extension state hash: -1817474005)
2025-01-29 13:26:49,051 INFO c.h.h.t.HelmChartContainer - [hivemq-test-hivemq-platform] [hivemq-platform-operator] [d2ef3e8d] 13:26:49.048 [pool-6-thread-18] DEBUG c.h.p.o.d.PodServiceAccountResource - [helmupgr] Desired PodServiceAccountResource (serviceAccountName: hivemq-platform-pod-test-hivemq-platform)
2025-01-29 13:26:49,053 INFO c.h.h.t.HelmChartContainer - [hivemq-test-hivemq-platform] [hivemq-platform-operator] [d2ef3e8d] 13:26:49.052 [pool-6-thread-17] DEBUG c.h.p.o.d.StatefulSetResource - [helmupgr] Desired StatefulSet (2 replicas) for status SCALING (READY)
2025-01-29 13:26:49,055 INFO c.h.h.t.HelmChartContainer - [hivemq-test-hivemq-platform] [hivemq-platform-operator] [d2ef3e8d] 13:26:49.055 [ReconcilerExecutor-hivemq-controller-121] INFO  c.h.p.o.HiveMQPlatformReconciler - [helmupgr] Reconciling HiveMQ Platform 'test-hivemq-platform' in namespace 'helmupgradeplatformit'
2025-01-29 13:26:49,056 INFO c.h.h.t.HelmChartContainer - [hivemq-test-hivemq-platform] [hivemq-platform-operator] [d2ef3e8d] 13:26:49.055 [ReconcilerExecutor-hivemq-controller-121] DEBUG c.h.p.o.HiveMQPlatformReconciler - [helmupgr] Custom Resource Status SCALING - HiveMQ Platform is scaling (READY)
2025-01-29 13:26:49,057 INFO c.h.h.t.HelmChartContainer - [hivemq-test-hivemq-platform] [hivemq-platform-operator] [d2ef3e8d] 13:26:49.055 [ReconcilerExecutor-hivemq-controller-121] DEBUG c.h.p.o.HiveMQPlatformReconciler - [helmupgr] Custom Resource Spec (replicas: 2) (extensions: 1)
2025-01-29 13:26:49,059 INFO c.h.h.t.HelmChartContainer - [hivemq-test-hivemq-platform] [hivemq-platform-operator] [d2ef3e8d] 13:26:49.057 [ReconcilerExecutor-hivemq-controller-121] DEBUG c.h.p.o.HiveMQPlatformReconciler - [helmupgr] StatefulSet Status (revision: test-hivemq-platform-77d44868f9, replicas: 2, available: 1, ready: 1, current: 2, updated: 2)
2025-01-29 13:26:49,059 INFO c.h.h.t.HelmChartContainer - [hivemq-test-hivemq-platform] [hivemq-platform-operator] [d2ef3e8d] 13:26:49.057 [ReconcilerExecutor-hivemq-controller-121] DEBUG c.h.p.o.HiveMQPlatformReconciler - [helmupgr] StatefulSet Spec (replicas: 2, init containers: 1, containers: 1, volumes: 3)
2025-01-29 13:26:49,061 INFO c.h.h.t.HelmChartContainer - [hivemq-test-hivemq-platform] [hivemq-platform-operator] [d2ef3e8d] 13:26:49.059 [ReconcilerExecutor-hivemq-controller-121] DEBUG c.h.p.o.h.HiveMQPlatformReconcilerErrorHandler - [helmupgr] Pod 'test-hivemq-platform-1' phase Running
2025-01-29 13:26:49,063 INFO c.h.h.t.HelmChartContainer - [hivemq-test-hivemq-platform] [hivemq-platform-operator] [d2ef3e8d] 13:26:49.061 [ReconcilerExecutor-hivemq-controller-121] DEBUG c.h.p.o.h.HiveMQPlatformReconcilerErrorHandler - [helmupgr] Pod 'test-hivemq-platform-0' phase Running
2025-01-29 13:26:49,063 INFO c.h.h.t.HelmChartContainer - [hivemq-test-hivemq-platform] [hivemq-platform-operator] [d2ef3e8d] 13:26:49.062 [ReconcilerExecutor-hivemq-controller-121] DEBUG c.h.p.o.h.HiveMQPlatformReconcilerScalingHandler - [helmupgr] HiveMQ Platform is scaling, waiting for 1 of 2 replicas
2025-01-29 13:26:50,065 INFO c.h.h.t.HelmChartContainer - [EVENT] Warning [Unhealthy] Readiness probe failed: HTTP probe failed with statuscode: 503 [helmupgradeplatformit:test-hivemq-platform-1]
2025-01-29 13:26:50,065 INFO c.h.h.t.HelmChartContainer - Received Unhealthy event for container hivemq in pod test-hivemq-platform-1 [67f5e367-bec3-4376-8701-de36bb606bd9]
2025-01-29 13:26:50,658 INFO c.h.h.t.HelmChartContainer - [test-hivemq-platform] [hivemq] [67f5e367] INFO  - [HiveMQ Platform Operator Init App 1.7.0-SNAPSHOT] Updating Pod HiveMQ Platform Operator Init App version annotation (version: 1.7.0-SNAPSHOT)
2025-01-29 13:26:50,981 INFO c.h.h.t.HelmChartContainer - [POD] test-hivemq-platform-1 [67f5e367-bec3-4376-8701-de36bb606bd9] in helmupgradeplatformit was MODIFIED
2025-01-29 13:26:50,988 INFO c.h.h.t.HelmChartContainer - [hivemq-test-hivemq-platform] [hivemq-platform-operator] [d2ef3e8d] 13:26:50.986 [pool-6-thread-28] DEBUG c.h.p.o.d.PlatformServiceResource - [helmupgr] Desired Platform services (3 services)
2025-01-29 13:26:50,989 INFO c.h.h.t.HelmChartContainer - [hivemq-test-hivemq-platform] [hivemq-platform-operator] [d2ef3e8d] 13:26:50.987 [pool-6-thread-25] DEBUG c.h.p.o.dependants.PodInfoConfigMap - [helmupgr] Desired PodInfo ConfigMap (1 extensions) (1 enabled)
2025-01-29 13:26:50,989 INFO c.h.h.t.HelmChartContainer - [hivemq-test-hivemq-platform] [hivemq-platform-operator] [d2ef3e8d] 13:26:50.987 [pool-6-thread-25] DEBUG c.h.p.o.dependants.PodInfoConfigMap - [helmupgr] Desired PodInfo ConfigMap (metrics port: 9399) (metrics path: /)
2025-01-29 13:26:50,989 INFO c.h.h.t.HelmChartContainer - [hivemq-test-hivemq-platform] [hivemq-platform-operator] [d2ef3e8d] 13:26:50.987 [pool-6-thread-25] DEBUG c.h.p.o.dependants.PodInfoConfigMap - [helmupgr] Desired PodInfo ConfigMap (extension state hash: -1817474005)
2025-01-29 13:26:50,991 INFO c.h.h.t.HelmChartContainer - [hivemq-test-hivemq-platform] [hivemq-platform-operator] [d2ef3e8d] 13:26:50.989 [pool-6-thread-22] DEBUG c.h.p.o.d.PodServiceAccountResource - [helmupgr] Desired PodServiceAccountResource (serviceAccountName: hivemq-platform-pod-test-hivemq-platform)
2025-01-29 13:26:50,994 INFO c.h.h.t.HelmChartContainer - [hivemq-test-hivemq-platform] [hivemq-platform-operator] [d2ef3e8d] 13:26:50.993 [pool-6-thread-28] DEBUG c.h.p.o.d.StatefulSetResource - [helmupgr] Desired StatefulSet (2 replicas) for status SCALING (READY)
2025-01-29 13:26:51,065 INFO c.h.h.t.HelmChartContainer - [EVENT] Warning [Unhealthy] Readiness probe failed: HTTP probe failed with statuscode: 503 [helmupgradeplatformit:test-hivemq-platform-1]
2025-01-29 13:26:51,065 INFO c.h.h.t.HelmChartContainer - Received Unhealthy event for container hivemq in pod test-hivemq-platform-1 [67f5e367-bec3-4376-8701-de36bb606bd9]
2025-01-29 13:26:51,067 INFO c.h.h.t.HelmChartContainer - [hivemq-test-hivemq-platform] [hivemq-platform-operator] [d2ef3e8d] 13:26:51.066 [ReconcilerExecutor-hivemq-controller-122] INFO  c.h.p.o.HiveMQPlatformReconciler - [helmupgr] Reconciling HiveMQ Platform 'test-hivemq-platform' in namespace 'helmupgradeplatformit'
2025-01-29 13:26:51,069 INFO c.h.h.t.HelmChartContainer - [hivemq-test-hivemq-platform] [hivemq-platform-operator] [d2ef3e8d] 13:26:51.069 [ReconcilerExecutor-hivemq-controller-122] DEBUG c.h.p.o.HiveMQPlatformReconciler - [helmupgr] Custom Resource Status SCALING - HiveMQ Platform is scaling (READY)
2025-01-29 13:26:51,071 INFO c.h.h.t.HelmChartContainer - [test-hivemq-platform] [hivemq] [67f5e367] INFO  - [HiveMQ Platform Operator Init App 1.7.0-SNAPSHOT] Successfully updated Pod HiveMQ Platform Operator Init App version annotation (version: 1.7.0-SNAPSHOT)
2025-01-29 13:26:51,072 INFO c.h.h.t.HelmChartContainer - [hivemq-test-hivemq-platform] [hivemq-platform-operator] [d2ef3e8d] 13:26:51.071 [ReconcilerExecutor-hivemq-controller-122] DEBUG c.h.p.o.HiveMQPlatformReconciler - [helmupgr] Custom Resource Spec (replicas: 2) (extensions: 1)
2025-01-29 13:26:51,075 INFO c.h.h.t.HelmChartContainer - [hivemq-test-hivemq-platform] [hivemq-platform-operator] [d2ef3e8d] 13:26:51.074 [ReconcilerExecutor-hivemq-controller-122] DEBUG c.h.p.o.HiveMQPlatformReconciler - [helmupgr] StatefulSet Status (revision: test-hivemq-platform-77d44868f9, replicas: 2, available: 1, ready: 1, current: 2, updated: 2)
2025-01-29 13:26:51,075 INFO c.h.h.t.HelmChartContainer - [hivemq-test-hivemq-platform] [hivemq-platform-operator] [d2ef3e8d] 13:26:51.074 [ReconcilerExecutor-hivemq-controller-122] DEBUG c.h.p.o.HiveMQPlatformReconciler - [helmupgr] StatefulSet Spec (replicas: 2, init containers: 1, containers: 1, volumes: 3)
2025-01-29 13:26:51,077 INFO c.h.h.t.HelmChartContainer - [hivemq-test-hivemq-platform] [hivemq-platform-operator] [d2ef3e8d] 13:26:51.076 [ReconcilerExecutor-hivemq-controller-122] DEBUG c.h.p.o.h.HiveMQPlatformReconcilerErrorHandler - [helmupgr] Pod 'test-hivemq-platform-1' phase Running
2025-01-29 13:26:51,079 INFO c.h.h.t.HelmChartContainer - [hivemq-test-hivemq-platform] [hivemq-platform-operator] [d2ef3e8d] 13:26:51.078 [ReconcilerExecutor-hivemq-controller-122] DEBUG c.h.p.o.h.HiveMQPlatformReconcilerErrorHandler - [helmupgr] Pod 'test-hivemq-platform-0' phase Running
2025-01-29 13:26:51,080 INFO c.h.h.t.HelmChartContainer - [hivemq-test-hivemq-platform] [hivemq-platform-operator] [d2ef3e8d] 13:26:51.078 [ReconcilerExecutor-hivemq-controller-122] DEBUG c.h.p.o.h.HiveMQPlatformReconcilerScalingHandler - [helmupgr] HiveMQ Platform is scaling, waiting for 1 of 2 replicas
2025-01-29 13:26:51,186 INFO c.h.h.t.HelmChartContainer - [test-hivemq-platform] [hivemq] [3b679f86] INFO  - [HiveMQ Platform Operator Init App 1.7.0-SNAPSHOT] Returning Health API response 200 for liveness
2025-01-29 13:26:55,986 INFO c.h.h.t.HelmChartContainer - [EVENT] Warning [Unhealthy] Readiness probe failed: HTTP probe failed with statuscode: 503 [helmupgradeplatformit:test-hivemq-platform-1]
2025-01-29 13:26:55,986 INFO c.h.h.t.HelmChartContainer - Received Unhealthy event for container hivemq in pod test-hivemq-platform-1 [67f5e367-bec3-4376-8701-de36bb606bd9]
2025-01-29 13:26:58,259 INFO c.h.h.t.HelmChartContainer - [test-hivemq-platform] [hivemq] [67f5e367] INFO  - [HiveMQ Platform Operator Init App 1.7.0-SNAPSHOT] Proceeding with container start
2025-01-29 13:26:58,263 INFO c.h.h.t.HelmChartContainer - [test-hivemq-platform] [hivemq] [67f5e367] INFO  - [HiveMQ Platform Operator Init App 1.7.0-SNAPSHOT] Initializing HiveMQ Platform extensions with initial configuration: {hivemq-allow-all-extension={start-priority=-1, skip-https-hostname-verification=false, restart=true, config-version=0, header-version=0, c-uri=, priority=-1, uri=preinstalled, skip-https-certificate-validation=false, enabled=true}, hivemq-prometheus-extension={restart=true, priority=-1, start-priority=-1, c-uri=, skip-https-hostname-verification=false, skip-https-certificate-validation=false, uri=preinstalled, request-header-path=no-request-headers, enabled=true}}
2025-01-29 13:26:58,762 INFO c.h.h.t.HelmChartContainer - [test-hivemq-platform] [hivemq] [67f5e367] INFO  - [HiveMQ Platform Operator Init App 1.7.0-SNAPSHOT] Extension hivemq-allow-all-extension was already enabled
2025-01-29 13:26:58,774 INFO c.h.h.t.HelmChartContainer - [test-hivemq-platform] [hivemq] [67f5e367] INFO  - [HiveMQ Platform Operator Init App 1.7.0-SNAPSHOT] Successfully enabled extension hivemq-prometheus-extension
2025-01-29 13:26:58,857 INFO c.h.h.t.HelmChartContainer - [test-hivemq-platform] [hivemq] [67f5e367] INFO  - [HiveMQ Platform Operator Init App 1.7.0-SNAPSHOT] Starting HiveMQ Platform version 4.36.0 (4.36.0)
2025-01-29 13:26:58,859 INFO c.h.h.t.HelmChartContainer - [test-hivemq-platform] [hivemq] [67f5e367] INFO  - [HiveMQ Platform Operator Init App 1.7.0-SNAPSHOT] Configuring the HiveMQ Platform
2025-01-29 13:26:58,870 INFO c.h.h.t.HelmChartContainer - [test-hivemq-platform] [hivemq] [67f5e367] INFO  - [HiveMQ Platform Operator Init App 1.7.0-SNAPSHOT] Changed logback.xml file scan period to 20 seconds
2025-01-29 13:26:58,968 INFO c.h.h.t.HelmChartContainer - [test-hivemq-platform] [hivemq] [67f5e367] INFO  - [HiveMQ Platform Operator Init App 1.7.0-SNAPSHOT] Starting the HiveMQ Platform
2025-01-29 13:26:58,971 INFO c.h.h.t.HelmChartContainer - [test-hivemq-platform] [hivemq] [67f5e367] -------------------------------------------------------------------------
2025-01-29 13:26:58,971 INFO c.h.h.t.HelmChartContainer - [test-hivemq-platform] [hivemq] [67f5e367] 
2025-01-29 13:26:58,971 INFO c.h.h.t.HelmChartContainer - [test-hivemq-platform] [hivemq] [67f5e367]                   _    _  _              __  __   ____
2025-01-29 13:26:58,971 INFO c.h.h.t.HelmChartContainer - [test-hivemq-platform] [hivemq] [67f5e367]                  | |  | |(_)            |  \/  | / __ \
2025-01-29 13:26:58,971 INFO c.h.h.t.HelmChartContainer - [test-hivemq-platform] [hivemq] [67f5e367]                  | |__| | _ __   __ ___ | \  / || |  | |
2025-01-29 13:26:58,971 INFO c.h.h.t.HelmChartContainer - [test-hivemq-platform] [hivemq] [67f5e367]                  |  __  || |\ \ / // _ \| |\/| || |  | |
2025-01-29 13:26:58,971 INFO c.h.h.t.HelmChartContainer - [test-hivemq-platform] [hivemq] [67f5e367]                  | |  | || | \ V /|  __/| |  | || |__| |
2025-01-29 13:26:58,971 INFO c.h.h.t.HelmChartContainer - [test-hivemq-platform] [hivemq] [67f5e367]                  |_|  |_||_|  \_/  \___||_|  |_| \___\_\
2025-01-29 13:26:58,971 INFO c.h.h.t.HelmChartContainer - [test-hivemq-platform] [hivemq] [67f5e367] 
2025-01-29 13:26:58,971 INFO c.h.h.t.HelmChartContainer - [test-hivemq-platform] [hivemq] [67f5e367] -------------------------------------------------------------------------
2025-01-29 13:26:58,971 INFO c.h.h.t.HelmChartContainer - [test-hivemq-platform] [hivemq] [67f5e367] 
2025-01-29 13:26:58,971 INFO c.h.h.t.HelmChartContainer - [test-hivemq-platform] [hivemq] [67f5e367]   HiveMQ Start Script for Linux/Unix v1.14
2025-01-29 13:26:58,971 INFO c.h.h.t.HelmChartContainer - [test-hivemq-platform] [hivemq] [67f5e367] 
2025-01-29 13:26:59,072 INFO c.h.h.t.HelmChartContainer - [test-hivemq-platform] [hivemq] [67f5e367] -------------------------------------------------------------------------
2025-01-29 13:26:59,072 INFO c.h.h.t.HelmChartContainer - [test-hivemq-platform] [hivemq] [67f5e367] 
2025-01-29 13:26:59,072 INFO c.h.h.t.HelmChartContainer - [test-hivemq-platform] [hivemq] [67f5e367]   HIVEMQ_HOME: /opt/hivemq
2025-01-29 13:26:59,072 INFO c.h.h.t.HelmChartContainer - [test-hivemq-platform] [hivemq] [67f5e367] 
2025-01-29 13:26:59,072 INFO c.h.h.t.HelmChartContainer - [test-hivemq-platform] [hivemq] [67f5e367]   JAVA_OPTS: -XX:+UnlockExperimentalVMOptions -XX:InitialRAMPercentage=50 -XX:MaxRAMPercentage=50 -Djava.net.preferIPv4Stack=true --add-opens java.base/java.lang=ALL-UNNAMED --add-opens java.base/java.nio=ALL-UNNAMED --add-opens java.base/sun.nio.ch=ALL-UNNAMED --add-opens jdk.management/com.sun.management.internal=ALL-UNNAMED --add-exports java.base/jdk.internal.misc=ALL-UNNAMED -Djava.security.egd=file:/dev/./urandom -Dcom.sun.management.jmxremote -Dcom.sun.management.jmxremote.port=9010 -Dcom.sun.management.jmxremote.local.only=false -Dcom.sun.management.jmxremote.authenticate=false -Dcom.sun.management.jmxremote.ssl=false -Duser.language=en -Duser.region=US -XX:+CrashOnOutOfMemoryError -XX:+HeapDumpOnOutOfMemoryError
2025-01-29 13:26:59,072 INFO c.h.h.t.HelmChartContainer - [test-hivemq-platform] [hivemq] [67f5e367] 
2025-01-29 13:26:59,072 INFO c.h.h.t.HelmChartContainer - [test-hivemq-platform] [hivemq] [67f5e367]   JAVA_VERSION: 21
2025-01-29 13:26:59,072 INFO c.h.h.t.HelmChartContainer - [test-hivemq-platform] [hivemq] [67f5e367] 
2025-01-29 13:26:59,072 INFO c.h.h.t.HelmChartContainer - [test-hivemq-platform] [hivemq] [67f5e367] -------------------------------------------------------------------------
2025-01-29 13:26:59,072 INFO c.h.h.t.HelmChartContainer - [test-hivemq-platform] [hivemq] [67f5e367] 
2025-01-29 13:27:01,067 INFO c.h.h.t.HelmChartContainer - [EVENT] Warning [Unhealthy] Readiness probe failed: HTTP probe failed with statuscode: 503 [helmupgradeplatformit:test-hivemq-platform-1]
2025-01-29 13:27:01,067 INFO c.h.h.t.HelmChartContainer - Received Unhealthy event for container hivemq in pod test-hivemq-platform-1 [67f5e367-bec3-4376-8701-de36bb606bd9]
2025-01-29 13:27:01,087 INFO c.h.h.t.HelmChartContainer - [hivemq-test-hivemq-platform] [hivemq-platform-operator] [d2ef3e8d] 13:27:01.083 [pool-6-thread-36] DEBUG c.h.p.o.d.PlatformServiceResource - [helmupgr] Desired Platform services (3 services)
2025-01-29 13:27:01,087 INFO c.h.h.t.HelmChartContainer - [hivemq-test-hivemq-platform] [hivemq-platform-operator] [d2ef3e8d] 13:27:01.084 [pool-6-thread-38] DEBUG c.h.p.o.dependants.PodInfoConfigMap - [helmupgr] Desired PodInfo ConfigMap (1 extensions) (1 enabled)
2025-01-29 13:27:01,087 INFO c.h.h.t.HelmChartContainer - [hivemq-test-hivemq-platform] [hivemq-platform-operator] [d2ef3e8d] 13:27:01.084 [pool-6-thread-38] DEBUG c.h.p.o.dependants.PodInfoConfigMap - [helmupgr] Desired PodInfo ConfigMap (metrics port: 9399) (metrics path: /)
2025-01-29 13:27:01,087 INFO c.h.h.t.HelmChartContainer - [hivemq-test-hivemq-platform] [hivemq-platform-operator] [d2ef3e8d] 13:27:01.084 [pool-6-thread-38] DEBUG c.h.p.o.dependants.PodInfoConfigMap - [helmupgr] Desired PodInfo ConfigMap (extension state hash: -1817474005)
2025-01-29 13:27:01,087 INFO c.h.h.t.HelmChartContainer - [hivemq-test-hivemq-platform] [hivemq-platform-operator] [d2ef3e8d] 13:27:01.085 [pool-6-thread-35] DEBUG c.h.p.o.d.PodServiceAccountResource - [helmupgr] Desired PodServiceAccountResource (serviceAccountName: hivemq-platform-pod-test-hivemq-platform)
2025-01-29 13:27:01,093 INFO c.h.h.t.HelmChartContainer - [hivemq-test-hivemq-platform] [hivemq-platform-operator] [d2ef3e8d] 13:27:01.091 [pool-6-thread-36] DEBUG c.h.p.o.d.StatefulSetResource - [helmupgr] Desired StatefulSet (2 replicas) for status SCALING (READY)
2025-01-29 13:27:01,095 INFO c.h.h.t.HelmChartContainer - [hivemq-test-hivemq-platform] [hivemq-platform-operator] [d2ef3e8d] 13:27:01.094 [ReconcilerExecutor-hivemq-controller-123] INFO  c.h.p.o.HiveMQPlatformReconciler - [helmupgr] Reconciling HiveMQ Platform 'test-hivemq-platform' in namespace 'helmupgradeplatformit'
2025-01-29 13:27:01,097 INFO c.h.h.t.HelmChartContainer - [hivemq-test-hivemq-platform] [hivemq-platform-operator] [d2ef3e8d] 13:27:01.094 [ReconcilerExecutor-hivemq-controller-123] DEBUG c.h.p.o.HiveMQPlatformReconciler - [helmupgr] Custom Resource Status SCALING - HiveMQ Platform is scaling (READY)
2025-01-29 13:27:01,097 INFO c.h.h.t.HelmChartContainer - [hivemq-test-hivemq-platform] [hivemq-platform-operator] [d2ef3e8d] 13:27:01.094 [ReconcilerExecutor-hivemq-controller-123] DEBUG c.h.p.o.HiveMQPlatformReconciler - [helmupgr] Custom Resource Spec (replicas: 2) (extensions: 1)
2025-01-29 13:27:01,098 INFO c.h.h.t.HelmChartContainer - [hivemq-test-hivemq-platform] [hivemq-platform-operator] [d2ef3e8d] 13:27:01.097 [ReconcilerExecutor-hivemq-controller-123] DEBUG c.h.p.o.HiveMQPlatformReconciler - [helmupgr] StatefulSet Status (revision: test-hivemq-platform-77d44868f9, replicas: 2, available: 1, ready: 1, current: 2, updated: 2)
2025-01-29 13:27:01,099 INFO c.h.h.t.HelmChartContainer - [hivemq-test-hivemq-platform] [hivemq-platform-operator] [d2ef3e8d] 13:27:01.097 [ReconcilerExecutor-hivemq-controller-123] DEBUG c.h.p.o.HiveMQPlatformReconciler - [helmupgr] StatefulSet Spec (replicas: 2, init containers: 1, containers: 1, volumes: 3)
2025-01-29 13:27:01,100 INFO c.h.h.t.HelmChartContainer - [hivemq-test-hivemq-platform] [hivemq-platform-operator] [d2ef3e8d] 13:27:01.099 [ReconcilerExecutor-hivemq-controller-123] DEBUG c.h.p.o.h.HiveMQPlatformReconcilerErrorHandler - [helmupgr] Pod 'test-hivemq-platform-1' phase Running
2025-01-29 13:27:01,102 INFO c.h.h.t.HelmChartContainer - [hivemq-test-hivemq-platform] [hivemq-platform-operator] [d2ef3e8d] 13:27:01.101 [ReconcilerExecutor-hivemq-controller-123] DEBUG c.h.p.o.h.HiveMQPlatformReconcilerErrorHandler - [helmupgr] Pod 'test-hivemq-platform-0' phase Running
2025-01-29 13:27:01,103 INFO c.h.h.t.HelmChartContainer - [hivemq-test-hivemq-platform] [hivemq-platform-operator] [d2ef3e8d] 13:27:01.102 [ReconcilerExecutor-hivemq-controller-123] DEBUG c.h.p.o.h.HiveMQPlatformReconcilerScalingHandler - [helmupgr] HiveMQ Platform is scaling, waiting for 1 of 2 replicas
2025-01-29 13:27:01,658 INFO c.h.h.t.HelmChartContainer - [test-hivemq-platform] [hivemq] [67f5e367] INFO  - Starting HiveMQ Enterprise Server
2025-01-29 13:27:01,664 INFO c.h.h.t.HelmChartContainer - [test-hivemq-platform] [hivemq] [67f5e367] INFO  - HiveMQ version: 4.36.0
2025-01-29 13:27:01,664 INFO c.h.h.t.HelmChartContainer - [test-hivemq-platform] [hivemq] [67f5e367] INFO  - HiveMQ home directory: /opt/hivemq
2025-01-29 13:27:01,665 INFO c.h.h.t.HelmChartContainer - [test-hivemq-platform] [hivemq] [67f5e367] INFO  - Log Configuration was overridden by /opt/hivemq/conf/logback.xml
2025-01-29 13:27:02,896 INFO c.h.h.t.HelmChartContainer - [test-hivemq-platform] [hivemq] [67f5e367] INFO  - Successfully loaded configuration from '/opt/hivemq/conf-k8s/config.xml'.
2025-01-29 13:27:03,265 INFO c.h.h.t.HelmChartContainer - [test-hivemq-platform] [hivemq] [67f5e367] INFO  - This node's ID is DQoEo
2025-01-29 13:27:03,265 INFO c.h.h.t.HelmChartContainer - [test-hivemq-platform] [hivemq] [67f5e367] INFO  - Clustering is enabled
2025-01-29 13:27:06,169 INFO c.h.h.t.HelmChartContainer - [test-hivemq-platform] [hivemq] [67f5e367] WARN  - [HiveMQ Platform Operator Init App 1.7.0-SNAPSHOT] Cannot connect to Health API for readiness: null
2025-01-29 13:27:06,259 INFO c.h.h.t.HelmChartContainer - [EVENT] Warning [Unhealthy] Readiness probe failed: HTTP probe failed with statuscode: 503 [helmupgradeplatformit:test-hivemq-platform-1]
2025-01-29 13:27:06,259 INFO c.h.h.t.HelmChartContainer - Received Unhealthy event for container hivemq in pod test-hivemq-platform-1 [67f5e367-bec3-4376-8701-de36bb606bd9]
2025-01-29 13:27:07,595 INFO c.h.h.t.HelmChartContainer - [test-hivemq-platform] [hivemq] [67f5e367] WARN  - [HiveMQ Platform Operator Init App 1.7.0-SNAPSHOT] Cannot connect to Health API for liveness: null
2025-01-29 13:27:07,596 INFO c.h.h.t.HelmChartContainer - [test-hivemq-platform] [hivemq] [67f5e367] INFO  - [HiveMQ Platform Operator Init App 1.7.0-SNAPSHOT] Returning default Health API response 200 for liveness
2025-01-29 13:27:10,997 INFO c.h.h.t.HelmChartContainer - [test-hivemq-platform] [hivemq] [67f5e367] WARN  - [HiveMQ Platform Operator Init App 1.7.0-SNAPSHOT] Cannot connect to Health API for readiness: null
2025-01-29 13:27:11,002 INFO c.h.h.t.HelmChartContainer - [EVENT] Warning [Unhealthy] Readiness probe failed: HTTP probe failed with statuscode: 503 [helmupgradeplatformit:test-hivemq-platform-1]
2025-01-29 13:27:11,002 INFO c.h.h.t.HelmChartContainer - Received Unhealthy event for container hivemq in pod test-hivemq-platform-1 [67f5e367-bec3-4376-8701-de36bb606bd9]
2025-01-29 13:27:11,110 INFO c.h.h.t.HelmChartContainer - [hivemq-test-hivemq-platform] [hivemq-platform-operator] [d2ef3e8d] 13:27:11.105 [pool-6-thread-42] DEBUG c.h.p.o.d.PlatformServiceResource - [helmupgr] Desired Platform services (3 services)
2025-01-29 13:27:11,110 INFO c.h.h.t.HelmChartContainer - [hivemq-test-hivemq-platform] [hivemq-platform-operator] [d2ef3e8d] 13:27:11.106 [pool-6-thread-47] DEBUG c.h.p.o.dependants.PodInfoConfigMap - [helmupgr] Desired PodInfo ConfigMap (1 extensions) (1 enabled)
2025-01-29 13:27:11,110 INFO c.h.h.t.HelmChartContainer - [hivemq-test-hivemq-platform] [hivemq-platform-operator] [d2ef3e8d] 13:27:11.106 [pool-6-thread-47] DEBUG c.h.p.o.dependants.PodInfoConfigMap - [helmupgr] Desired PodInfo ConfigMap (metrics port: 9399) (metrics path: /)
2025-01-29 13:27:11,110 INFO c.h.h.t.HelmChartContainer - [hivemq-test-hivemq-platform] [hivemq-platform-operator] [d2ef3e8d] 13:27:11.106 [pool-6-thread-47] DEBUG c.h.p.o.dependants.PodInfoConfigMap - [helmupgr] Desired PodInfo ConfigMap (extension state hash: -1817474005)
2025-01-29 13:27:11,110 INFO c.h.h.t.HelmChartContainer - [hivemq-test-hivemq-platform] [hivemq-platform-operator] [d2ef3e8d] 13:27:11.106 [pool-6-thread-47] DEBUG c.h.p.o.d.PodServiceAccountResource - [helmupgr] Desired PodServiceAccountResource (serviceAccountName: hivemq-platform-pod-test-hivemq-platform)
2025-01-29 13:27:11,111 INFO c.h.h.t.HelmChartContainer - [hivemq-test-hivemq-platform] [hivemq-platform-operator] [d2ef3e8d] 13:27:11.110 [pool-6-thread-42] DEBUG c.h.p.o.d.StatefulSetResource - [helmupgr] Desired StatefulSet (2 replicas) for status SCALING (READY)
2025-01-29 13:27:11,115 INFO c.h.h.t.HelmChartContainer - [hivemq-test-hivemq-platform] [hivemq-platform-operator] [d2ef3e8d] 13:27:11.114 [ReconcilerExecutor-hivemq-controller-124] INFO  c.h.p.o.HiveMQPlatformReconciler - [helmupgr] Reconciling HiveMQ Platform 'test-hivemq-platform' in namespace 'helmupgradeplatformit'
2025-01-29 13:27:11,116 INFO c.h.h.t.HelmChartContainer - [hivemq-test-hivemq-platform] [hivemq-platform-operator] [d2ef3e8d] 13:27:11.114 [ReconcilerExecutor-hivemq-controller-124] DEBUG c.h.p.o.HiveMQPlatformReconciler - [helmupgr] Custom Resource Status SCALING - HiveMQ Platform is scaling (READY)
2025-01-29 13:27:11,116 INFO c.h.h.t.HelmChartContainer - [hivemq-test-hivemq-platform] [hivemq-platform-operator] [d2ef3e8d] 13:27:11.114 [ReconcilerExecutor-hivemq-controller-124] DEBUG c.h.p.o.HiveMQPlatformReconciler - [helmupgr] Custom Resource Spec (replicas: 2) (extensions: 1)
2025-01-29 13:27:11,116 INFO c.h.h.t.HelmChartContainer - [hivemq-test-hivemq-platform] [hivemq-platform-operator] [d2ef3e8d] 13:27:11.115 [ReconcilerExecutor-hivemq-controller-124] DEBUG c.h.p.o.HiveMQPlatformReconciler - [helmupgr] StatefulSet Status (revision: test-hivemq-platform-77d44868f9, replicas: 2, available: 1, ready: 1, current: 2, updated: 2)
2025-01-29 13:27:11,116 INFO c.h.h.t.HelmChartContainer - [hivemq-test-hivemq-platform] [hivemq-platform-operator] [d2ef3e8d] 13:27:11.115 [ReconcilerExecutor-hivemq-controller-124] DEBUG c.h.p.o.HiveMQPlatformReconciler - [helmupgr] StatefulSet Spec (replicas: 2, init containers: 1, containers: 1, volumes: 3)
2025-01-29 13:27:11,117 INFO c.h.h.t.HelmChartContainer - [hivemq-test-hivemq-platform] [hivemq-platform-operator] [d2ef3e8d] 13:27:11.116 [ReconcilerExecutor-hivemq-controller-124] DEBUG c.h.p.o.h.HiveMQPlatformReconcilerErrorHandler - [helmupgr] Pod 'test-hivemq-platform-1' phase Running
2025-01-29 13:27:11,119 INFO c.h.h.t.HelmChartContainer - [hivemq-test-hivemq-platform] [hivemq-platform-operator] [d2ef3e8d] 13:27:11.118 [ReconcilerExecutor-hivemq-controller-124] DEBUG c.h.p.o.h.HiveMQPlatformReconcilerErrorHandler - [helmupgr] Pod 'test-hivemq-platform-0' phase Running
2025-01-29 13:27:11,120 INFO c.h.h.t.HelmChartContainer - [hivemq-test-hivemq-platform] [hivemq-platform-operator] [d2ef3e8d] 13:27:11.119 [ReconcilerExecutor-hivemq-controller-124] DEBUG c.h.p.o.h.HiveMQPlatformReconcilerScalingHandler - [helmupgr] HiveMQ Platform is scaling, waiting for 1 of 2 replicas
2025-01-29 13:27:15,998 INFO c.h.h.t.HelmChartContainer - [test-hivemq-platform] [hivemq] [67f5e367] WARN  - [HiveMQ Platform Operator Init App 1.7.0-SNAPSHOT] Cannot connect to Health API for readiness: null
2025-01-29 13:27:16,004 INFO c.h.h.t.HelmChartContainer - [EVENT] Warning [Unhealthy] Readiness probe failed: HTTP probe failed with statuscode: 503 [helmupgradeplatformit:test-hivemq-platform-1]
2025-01-29 13:27:16,005 INFO c.h.h.t.HelmChartContainer - Received Unhealthy event for container hivemq in pod test-hivemq-platform-1 [67f5e367-bec3-4376-8701-de36bb606bd9]
2025-01-29 13:27:17,507 INFO c.h.h.t.HelmChartContainer - [test-hivemq-platform] [hivemq] [67f5e367] INFO  - No valid license file found. Using trial license, restricted to 25 connections.
2025-01-29 13:27:20,998 INFO c.h.h.t.HelmChartContainer - [test-hivemq-platform] [hivemq] [67f5e367] WARN  - [HiveMQ Platform Operator Init App 1.7.0-SNAPSHOT] Cannot connect to Health API for readiness: null
2025-01-29 13:27:21,003 INFO c.h.h.t.HelmChartContainer - [EVENT] Warning [Unhealthy] Readiness probe failed: HTTP probe failed with statuscode: 503 [helmupgradeplatformit:test-hivemq-platform-1]
2025-01-29 13:27:21,003 INFO c.h.h.t.HelmChartContainer - Received Unhealthy event for container hivemq in pod test-hivemq-platform-1 [67f5e367-bec3-4376-8701-de36bb606bd9]
2025-01-29 13:27:21,125 INFO c.h.h.t.HelmChartContainer - [hivemq-test-hivemq-platform] [hivemq-platform-operator] [d2ef3e8d] 13:27:21.122 [pool-6-thread-8] DEBUG c.h.p.o.d.PlatformServiceResource - [helmupgr] Desired Platform services (3 services)
2025-01-29 13:27:21,125 INFO c.h.h.t.HelmChartContainer - [hivemq-test-hivemq-platform] [hivemq-platform-operator] [d2ef3e8d] 13:27:21.123 [pool-6-thread-10] DEBUG c.h.p.o.dependants.PodInfoConfigMap - [helmupgr] Desired PodInfo ConfigMap (1 extensions) (1 enabled)
2025-01-29 13:27:21,125 INFO c.h.h.t.HelmChartContainer - [hivemq-test-hivemq-platform] [hivemq-platform-operator] [d2ef3e8d] 13:27:21.123 [pool-6-thread-10] DEBUG c.h.p.o.dependants.PodInfoConfigMap - [helmupgr] Desired PodInfo ConfigMap (metrics port: 9399) (metrics path: /)
2025-01-29 13:27:21,125 INFO c.h.h.t.HelmChartContainer - [hivemq-test-hivemq-platform] [hivemq-platform-operator] [d2ef3e8d] 13:27:21.123 [pool-6-thread-10] DEBUG c.h.p.o.dependants.PodInfoConfigMap - [helmupgr] Desired PodInfo ConfigMap (extension state hash: -1817474005)
2025-01-29 13:27:21,126 INFO c.h.h.t.HelmChartContainer - [hivemq-test-hivemq-platform] [hivemq-platform-operator] [d2ef3e8d] 13:27:21.124 [pool-6-thread-3] DEBUG c.h.p.o.d.PodServiceAccountResource - [helmupgr] Desired PodServiceAccountResource (serviceAccountName: hivemq-platform-pod-test-hivemq-platform)
2025-01-29 13:27:21,131 INFO c.h.h.t.HelmChartContainer - [hivemq-test-hivemq-platform] [hivemq-platform-operator] [d2ef3e8d] 13:27:21.130 [pool-6-thread-8] DEBUG c.h.p.o.d.StatefulSetResource - [helmupgr] Desired StatefulSet (2 replicas) for status SCALING (READY)
2025-01-29 13:27:21,135 INFO c.h.h.t.HelmChartContainer - [hivemq-test-hivemq-platform] [hivemq-platform-operator] [d2ef3e8d] 13:27:21.133 [ReconcilerExecutor-hivemq-controller-125] INFO  c.h.p.o.HiveMQPlatformReconciler - [helmupgr] Reconciling HiveMQ Platform 'test-hivemq-platform' in namespace 'helmupgradeplatformit'
2025-01-29 13:27:21,135 INFO c.h.h.t.HelmChartContainer - [hivemq-test-hivemq-platform] [hivemq-platform-operator] [d2ef3e8d] 13:27:21.133 [ReconcilerExecutor-hivemq-controller-125] DEBUG c.h.p.o.HiveMQPlatformReconciler - [helmupgr] Custom Resource Status SCALING - HiveMQ Platform is scaling (READY)
2025-01-29 13:27:21,135 INFO c.h.h.t.HelmChartContainer - [hivemq-test-hivemq-platform] [hivemq-platform-operator] [d2ef3e8d] 13:27:21.133 [ReconcilerExecutor-hivemq-controller-125] DEBUG c.h.p.o.HiveMQPlatformReconciler - [helmupgr] Custom Resource Spec (replicas: 2) (extensions: 1)
2025-01-29 13:27:21,137 INFO c.h.h.t.HelmChartContainer - [hivemq-test-hivemq-platform] [hivemq-platform-operator] [d2ef3e8d] 13:27:21.135 [ReconcilerExecutor-hivemq-controller-125] DEBUG c.h.p.o.HiveMQPlatformReconciler - [helmupgr] StatefulSet Status (revision: test-hivemq-platform-77d44868f9, replicas: 2, available: 1, ready: 1, current: 2, updated: 2)
2025-01-29 13:27:21,137 INFO c.h.h.t.HelmChartContainer - [hivemq-test-hivemq-platform] [hivemq-platform-operator] [d2ef3e8d] 13:27:21.135 [ReconcilerExecutor-hivemq-controller-125] DEBUG c.h.p.o.HiveMQPlatformReconciler - [helmupgr] StatefulSet Spec (replicas: 2, init containers: 1, containers: 1, volumes: 3)
2025-01-29 13:27:21,138 INFO c.h.h.t.HelmChartContainer - [hivemq-test-hivemq-platform] [hivemq-platform-operator] [d2ef3e8d] 13:27:21.137 [ReconcilerExecutor-hivemq-controller-125] DEBUG c.h.p.o.h.HiveMQPlatformReconcilerErrorHandler - [helmupgr] Pod 'test-hivemq-platform-1' phase Running
2025-01-29 13:27:21,139 INFO c.h.h.t.HelmChartContainer - [hivemq-test-hivemq-platform] [hivemq-platform-operator] [d2ef3e8d] 13:27:21.138 [ReconcilerExecutor-hivemq-controller-125] DEBUG c.h.p.o.h.HiveMQPlatformReconcilerErrorHandler - [helmupgr] Pod 'test-hivemq-platform-0' phase Running
2025-01-29 13:27:21,141 INFO c.h.h.t.HelmChartContainer - [hivemq-test-hivemq-platform] [hivemq-platform-operator] [d2ef3e8d] 13:27:21.139 [ReconcilerExecutor-hivemq-controller-125] DEBUG c.h.p.o.h.HiveMQPlatformReconcilerScalingHandler - [helmupgr] HiveMQ Platform is scaling, waiting for 1 of 2 replicas
2025-01-29 13:27:22,297 INFO c.h.h.t.HelmChartContainer - [test-hivemq-platform] [hivemq] [67f5e367] INFO  - No valid license file for Data Hub found. Using free license, restricted to 1 policy.
2025-01-29 13:27:23,678 INFO c.h.h.t.HelmChartContainer - [test-hivemq-platform] [hivemq] [67f5e367] INFO  - Audit Logger started.
2025-01-29 13:27:23,971 INFO c.h.h.t.HelmChartContainer - [test-hivemq-platform] [hivemq] [67f5e367] INFO  - This node uses '1' CPU cores.
2025-01-29 13:27:23,976 INFO c.h.h.t.HelmChartContainer - [test-hivemq-platform] [hivemq] [67f5e367] INFO  - Starting HiveMQ Health API on address 0.0.0.0 and port 8889
2025-01-29 13:27:24,870 INFO c.h.h.t.HelmChartContainer - [test-hivemq-platform] [hivemq] [67f5e367] INFO  - Started HiveMQ Health API in 895ms
2025-01-29 13:27:25,369 INFO c.h.h.t.HelmChartContainer - [test-hivemq-platform] [hivemq] [67f5e367] INFO  - Starting HiveMQ extension system.
2025-01-29 13:27:25,664 INFO c.h.h.t.HelmChartContainer - [test-hivemq-platform] [hivemq] [67f5e367] INFO  - Starting extension with id "hivemq-dns-cluster-discovery" at /opt/hivemq/extensions/hivemq-dns-cluster-discovery
2025-01-29 13:27:26,260 INFO c.h.h.t.HelmChartContainer - [test-hivemq-platform] [hivemq] [67f5e367] INFO  - Extension "DNS Cluster Discovery Extension" version 4.3.2 started successfully.
2025-01-29 13:27:26,262 INFO c.h.h.t.HelmChartContainer - [test-hivemq-platform] [hivemq] [67f5e367] INFO  - Starting extension with id "hivemq-prometheus-extension" at /opt/hivemq/extensions/hivemq-prometheus-extension
2025-01-29 13:27:26,396 INFO c.h.h.t.HelmChartContainer - [test-hivemq-platform] [hivemq] [67f5e367] INFO  - Using TCP cluster transport on address 10.42.0.13 and port 7000
2025-01-29 13:27:26,463 INFO c.h.h.t.HelmChartContainer - [test-hivemq-platform] [hivemq] [67f5e367] INFO  - Using extension cluster discovery
2025-01-29 13:27:27,028 INFO c.h.h.t.HelmChartContainer - [EVENT] Warning [Unhealthy] Readiness probe failed: Get "http://10.42.0.13:7979/readiness": context deadline exceeded (Client.Timeout exceeded while awaiting headers) [helmupgradeplatformit:test-hivemq-platform-1]
2025-01-29 13:27:27,028 INFO c.h.h.t.HelmChartContainer - Received Unhealthy event for container hivemq in pod test-hivemq-platform-1 [67f5e367-bec3-4376-8701-de36bb606bd9]
2025-01-29 13:27:27,764 INFO c.h.h.t.HelmChartContainer - [test-hivemq-platform] [hivemq] [67f5e367] INFO  - Started Jetty Server exposing Prometheus Servlet on URI http://0.0.0.0:9399/
2025-01-29 13:27:27,765 INFO c.h.h.t.HelmChartContainer - [test-hivemq-platform] [hivemq] [67f5e367] INFO  - Extension "Prometheus Monitoring Extension" version 4.0.12 started successfully.
2025-01-29 13:27:27,765 INFO c.h.h.t.HelmChartContainer - [test-hivemq-platform] [hivemq] [67f5e367] INFO  - Starting extension with id "hivemq-allow-all-extension" at /opt/hivemq/extensions/hivemq-allow-all-extension
2025-01-29 13:27:27,765 INFO c.h.h.t.HelmChartContainer - [test-hivemq-platform] [hivemq] [67f5e367] WARN  - 
2025-01-29 13:27:27,765 INFO c.h.h.t.HelmChartContainer - [test-hivemq-platform] [hivemq] [67f5e367] ################################################################################################################
2025-01-29 13:27:27,765 INFO c.h.h.t.HelmChartContainer - [test-hivemq-platform] [hivemq] [67f5e367] # This HiveMQ deployment is not secure! You are lacking Authentication and Authorization.                      #
2025-01-29 13:27:27,765 INFO c.h.h.t.HelmChartContainer - [test-hivemq-platform] [hivemq] [67f5e367] # Right now any MQTT client can connect to the broker with a full set of permissions.                          #
2025-01-29 13:27:27,766 INFO c.h.h.t.HelmChartContainer - [test-hivemq-platform] [hivemq] [67f5e367] # For production usage, add an appropriate security extension and remove the hivemq-allow-all extension.       #
2025-01-29 13:27:27,766 INFO c.h.h.t.HelmChartContainer - [test-hivemq-platform] [hivemq] [67f5e367] # You can download security extensions from the HiveMQ Marketplace (https://www.hivemq.com/extensions/).       #
2025-01-29 13:27:27,766 INFO c.h.h.t.HelmChartContainer - [test-hivemq-platform] [hivemq] [67f5e367] ################################################################################################################
2025-01-29 13:27:27,766 INFO c.h.h.t.HelmChartContainer - [test-hivemq-platform] [hivemq] [67f5e367] INFO  - Extension "Allow All Extension" version 1.1.1 started successfully.
2025-01-29 13:27:27,898 INFO c.h.h.t.HelmChartContainer - [test-hivemq-platform] [hivemq] [67f5e367] INFO  - [HiveMQ Platform Operator Init App 1.7.0-SNAPSHOT] Returning Health API response 503 for readiness
2025-01-29 13:27:28,103 INFO c.h.h.t.HelmChartContainer - [test-hivemq-platform] [hivemq] [3b679f86] INFO  - Cluster nodes found by discovery: [9pJnA|1] (2) [9pJnA, DQoEo].
2025-01-29 13:27:28,261 INFO c.h.h.t.HelmChartContainer - [test-hivemq-platform] [hivemq] [67f5e367] INFO  - Cluster nodes found by discovery: [9pJnA|1] (2) [9pJnA, DQoEo].
2025-01-29 13:27:28,500 INFO c.h.h.t.HelmChartContainer - [test-hivemq-platform] [hivemq] [67f5e367] INFO  - Cluster size = 1, members : [9pJnA].
2025-01-29 13:27:29,058 INFO c.h.h.t.HelmChartContainer - [test-hivemq-platform] [hivemq] [67f5e367] INFO  - Starting cluster join process. This may take a while. Please do not shut down HiveMQ.
2025-01-29 13:27:29,059 INFO c.h.h.t.HelmChartContainer - [test-hivemq-platform] [hivemq] [67f5e367] INFO  - Cluster join process is still ongoing. Please do not shut down HiveMQ.
2025-01-29 13:27:30,990 INFO c.h.h.t.HelmChartContainer - [EVENT] Warning [Unhealthy] Readiness probe failed: HTTP probe failed with statuscode: 503 [helmupgradeplatformit:test-hivemq-platform-1]
2025-01-29 13:27:30,990 INFO c.h.h.t.HelmChartContainer - Received Unhealthy event for container hivemq in pod test-hivemq-platform-1 [67f5e367-bec3-4376-8701-de36bb606bd9]
2025-01-29 13:27:31,071 INFO c.h.h.t.HelmChartContainer - [test-hivemq-platform] [hivemq] [3b679f86] INFO  - Cluster size = 2, members : [9pJnA, DQoEo].
2025-01-29 13:27:31,085 INFO c.h.h.t.HelmChartContainer - [test-hivemq-platform] [hivemq] [67f5e367] INFO  - Cluster size = 2, members : [9pJnA, DQoEo].
2025-01-29 13:27:31,096 INFO c.h.h.t.HelmChartContainer - [test-hivemq-platform] [hivemq] [67f5e367] INFO  - Finished cluster join process successfully.
2025-01-29 13:27:31,145 INFO c.h.h.t.HelmChartContainer - [hivemq-test-hivemq-platform] [hivemq-platform-operator] [d2ef3e8d] 13:27:31.142 [pool-6-thread-12] DEBUG c.h.p.o.d.PlatformServiceResource - [helmupgr] Desired Platform services (3 services)
2025-01-29 13:27:31,145 INFO c.h.h.t.HelmChartContainer - [hivemq-test-hivemq-platform] [hivemq-platform-operator] [d2ef3e8d] 13:27:31.142 [pool-6-thread-20] DEBUG c.h.p.o.dependants.PodInfoConfigMap - [helmupgr] Desired PodInfo ConfigMap (1 extensions) (1 enabled)
2025-01-29 13:27:31,145 INFO c.h.h.t.HelmChartContainer - [hivemq-test-hivemq-platform] [hivemq-platform-operator] [d2ef3e8d] 13:27:31.142 [pool-6-thread-20] DEBUG c.h.p.o.dependants.PodInfoConfigMap - [helmupgr] Desired PodInfo ConfigMap (metrics port: 9399) (metrics path: /)
2025-01-29 13:27:31,145 INFO c.h.h.t.HelmChartContainer - [hivemq-test-hivemq-platform] [hivemq-platform-operator] [d2ef3e8d] 13:27:31.142 [pool-6-thread-20] DEBUG c.h.p.o.dependants.PodInfoConfigMap - [helmupgr] Desired PodInfo ConfigMap (extension state hash: -1817474005)
2025-01-29 13:27:31,145 INFO c.h.h.t.HelmChartContainer - [hivemq-test-hivemq-platform] [hivemq-platform-operator] [d2ef3e8d] 13:27:31.143 [pool-6-thread-13] DEBUG c.h.p.o.d.PodServiceAccountResource - [helmupgr] Desired PodServiceAccountResource (serviceAccountName: hivemq-platform-pod-test-hivemq-platform)
2025-01-29 13:27:31,149 INFO c.h.h.t.HelmChartContainer - [hivemq-test-hivemq-platform] [hivemq-platform-operator] [d2ef3e8d] 13:27:31.147 [pool-6-thread-20] DEBUG c.h.p.o.d.StatefulSetResource - [helmupgr] Desired StatefulSet (2 replicas) for status SCALING (READY)
2025-01-29 13:27:31,153 INFO c.h.h.t.HelmChartContainer - [hivemq-test-hivemq-platform] [hivemq-platform-operator] [d2ef3e8d] 13:27:31.151 [ReconcilerExecutor-hivemq-controller-126] INFO  c.h.p.o.HiveMQPlatformReconciler - [helmupgr] Reconciling HiveMQ Platform 'test-hivemq-platform' in namespace 'helmupgradeplatformit'
2025-01-29 13:27:31,155 INFO c.h.h.t.HelmChartContainer - [hivemq-test-hivemq-platform] [hivemq-platform-operator] [d2ef3e8d] 13:27:31.152 [ReconcilerExecutor-hivemq-controller-126] DEBUG c.h.p.o.HiveMQPlatformReconciler - [helmupgr] Custom Resource Status SCALING - HiveMQ Platform is scaling (READY)
2025-01-29 13:27:31,156 INFO c.h.h.t.HelmChartContainer - [hivemq-test-hivemq-platform] [hivemq-platform-operator] [d2ef3e8d] 13:27:31.152 [ReconcilerExecutor-hivemq-controller-126] DEBUG c.h.p.o.HiveMQPlatformReconciler - [helmupgr] Custom Resource Spec (replicas: 2) (extensions: 1)
2025-01-29 13:27:31,156 INFO c.h.h.t.HelmChartContainer - [hivemq-test-hivemq-platform] [hivemq-platform-operator] [d2ef3e8d] 13:27:31.154 [ReconcilerExecutor-hivemq-controller-126] DEBUG c.h.p.o.HiveMQPlatformReconciler - [helmupgr] StatefulSet Status (revision: test-hivemq-platform-77d44868f9, replicas: 2, available: 1, ready: 1, current: 2, updated: 2)
2025-01-29 13:27:31,157 INFO c.h.h.t.HelmChartContainer - [hivemq-test-hivemq-platform] [hivemq-platform-operator] [d2ef3e8d] 13:27:31.154 [ReconcilerExecutor-hivemq-controller-126] DEBUG c.h.p.o.HiveMQPlatformReconciler - [helmupgr] StatefulSet Spec (replicas: 2, init containers: 1, containers: 1, volumes: 3)
2025-01-29 13:27:31,160 INFO c.h.h.t.HelmChartContainer - [test-hivemq-platform] [hivemq] [67f5e367] WARN  - No user for HiveMQ Control Center configured. Starting with default user
2025-01-29 13:27:31,160 INFO c.h.h.t.HelmChartContainer - [test-hivemq-platform] [hivemq] [67f5e367] INFO  - Starting HiveMQ Control Center on address 0.0.0.0 and port 8080
2025-01-29 13:27:31,160 INFO c.h.h.t.HelmChartContainer - [hivemq-test-hivemq-platform] [hivemq-platform-operator] [d2ef3e8d] 13:27:31.156 [ReconcilerExecutor-hivemq-controller-126] DEBUG c.h.p.o.h.HiveMQPlatformReconcilerErrorHandler - [helmupgr] Pod 'test-hivemq-platform-1' phase Running
2025-01-29 13:27:31,163 INFO c.h.h.t.HelmChartContainer - [hivemq-test-hivemq-platform] [hivemq-platform-operator] [d2ef3e8d] 13:27:31.158 [ReconcilerExecutor-hivemq-controller-126] DEBUG c.h.p.o.h.HiveMQPlatformReconcilerErrorHandler - [helmupgr] Pod 'test-hivemq-platform-0' phase Running
2025-01-29 13:27:31,163 INFO c.h.h.t.HelmChartContainer - [hivemq-test-hivemq-platform] [hivemq-platform-operator] [d2ef3e8d] 13:27:31.160 [ReconcilerExecutor-hivemq-controller-126] DEBUG c.h.p.o.h.HiveMQPlatformReconcilerScalingHandler - [helmupgr] HiveMQ Platform is scaling, waiting for 1 of 2 replicas
2025-01-29 13:27:31,178 INFO c.h.h.t.HelmChartContainer - [test-hivemq-platform] [hivemq] [67f5e367] INFO  - Mounting HiveMQ Control Center V2 Preview
2025-01-29 13:27:32,061 INFO c.h.h.t.HelmChartContainer - [test-hivemq-platform] [hivemq] [67f5e367] INFO  - Started HiveMQ Control Center in 899ms
2025-01-29 13:27:32,077 INFO c.h.h.t.HelmChartContainer - [test-hivemq-platform] [hivemq] [67f5e367] INFO  - Starting TCP listener on address 0.0.0.0 and port 1883
2025-01-29 13:27:32,170 INFO c.h.h.t.HelmChartContainer - [test-hivemq-platform] [hivemq] [67f5e367] INFO  - Started TCP Listener on address 0.0.0.0 and on port 1883.
2025-01-29 13:27:32,170 INFO c.h.h.t.HelmChartContainer - [test-hivemq-platform] [hivemq] [67f5e367] INFO  - Started HiveMQ in 30904ms
2025-01-29 13:27:35,986 INFO c.h.h.t.HelmChartContainer - [test-hivemq-platform] [hivemq] [67f5e367] INFO  - [HiveMQ Platform Operator Init App 1.7.0-SNAPSHOT] Returning Health API response 200 for readiness
2025-01-29 13:27:35,996 INFO c.h.h.t.HelmChartContainer - [POD] test-hivemq-platform-1 [67f5e367-bec3-4376-8701-de36bb606bd9] in helmupgradeplatformit was MODIFIED
2025-01-29 13:27:36,006 INFO c.h.h.t.HelmChartContainer - [hivemq-test-hivemq-platform] [hivemq-platform-operator] [d2ef3e8d] 13:27:36.001 [pool-6-thread-30] DEBUG c.h.p.o.d.PlatformServiceResource - [helmupgr] Desired Platform services (3 services)
2025-01-29 13:27:36,006 INFO c.h.h.t.HelmChartContainer - [hivemq-test-hivemq-platform] [hivemq-platform-operator] [d2ef3e8d] 13:27:36.003 [pool-6-thread-29] DEBUG c.h.p.o.dependants.PodInfoConfigMap - [helmupgr] Desired PodInfo ConfigMap (1 extensions) (1 enabled)
2025-01-29 13:27:36,006 INFO c.h.h.t.HelmChartContainer - [hivemq-test-hivemq-platform] [hivemq-platform-operator] [d2ef3e8d] 13:27:36.003 [pool-6-thread-24] DEBUG c.h.p.o.d.PodServiceAccountResource - [helmupgr] Desired PodServiceAccountResource (serviceAccountName: hivemq-platform-pod-test-hivemq-platform)
2025-01-29 13:27:36,006 INFO c.h.h.t.HelmChartContainer - [hivemq-test-hivemq-platform] [hivemq-platform-operator] [d2ef3e8d] 13:27:36.004 [pool-6-thread-29] DEBUG c.h.p.o.dependants.PodInfoConfigMap - [helmupgr] Desired PodInfo ConfigMap (metrics port: 9399) (metrics path: /)
2025-01-29 13:27:36,006 INFO c.h.h.t.HelmChartContainer - [hivemq-test-hivemq-platform] [hivemq-platform-operator] [d2ef3e8d] 13:27:36.004 [pool-6-thread-29] DEBUG c.h.p.o.dependants.PodInfoConfigMap - [helmupgr] Desired PodInfo ConfigMap (extension state hash: -1817474005)
2025-01-29 13:27:36,013 INFO c.h.h.t.HelmChartContainer - [hivemq-test-hivemq-platform] [hivemq-platform-operator] [d2ef3e8d] 13:27:36.007 [pool-6-thread-28] DEBUG c.h.p.o.d.StatefulSetResource - [helmupgr] Desired StatefulSet (2 replicas) for status SCALING (READY)
2025-01-29 13:27:36,028 INFO c.h.h.t.HelmChartContainer - [hivemq-test-hivemq-platform] [hivemq-platform-operator] [d2ef3e8d] 13:27:36.014 [ReconcilerExecutor-hivemq-controller-127] INFO  c.h.p.o.HiveMQPlatformReconciler - [helmupgr] Reconciling HiveMQ Platform 'test-hivemq-platform' in namespace 'helmupgradeplatformit'
2025-01-29 13:27:36,028 INFO c.h.h.t.HelmChartContainer - [hivemq-test-hivemq-platform] [hivemq-platform-operator] [d2ef3e8d] 13:27:36.014 [ReconcilerExecutor-hivemq-controller-127] DEBUG c.h.p.o.HiveMQPlatformReconciler - [helmupgr] Custom Resource Status SCALING - HiveMQ Platform is scaling (READY)
2025-01-29 13:27:36,028 INFO c.h.h.t.HelmChartContainer - [hivemq-test-hivemq-platform] [hivemq-platform-operator] [d2ef3e8d] 13:27:36.014 [ReconcilerExecutor-hivemq-controller-127] DEBUG c.h.p.o.HiveMQPlatformReconciler - [helmupgr] Custom Resource Spec (replicas: 2) (extensions: 1)
2025-01-29 13:27:36,028 INFO c.h.h.t.HelmChartContainer - [hivemq-test-hivemq-platform] [hivemq-platform-operator] [d2ef3e8d] 13:27:36.015 [ReconcilerExecutor-hivemq-controller-127] DEBUG c.h.p.o.HiveMQPlatformReconciler - [helmupgr] StatefulSet Status (revision: test-hivemq-platform-77d44868f9, replicas: 2, available: 1, ready: 1, current: 2, updated: 2)
2025-01-29 13:27:36,028 INFO c.h.h.t.HelmChartContainer - [hivemq-test-hivemq-platform] [hivemq-platform-operator] [d2ef3e8d] 13:27:36.016 [ReconcilerExecutor-hivemq-controller-127] DEBUG c.h.p.o.HiveMQPlatformReconciler - [helmupgr] StatefulSet Spec (replicas: 2, init containers: 1, containers: 1, volumes: 3)
2025-01-29 13:27:36,028 INFO c.h.h.t.HelmChartContainer - [hivemq-test-hivemq-platform] [hivemq-platform-operator] [d2ef3e8d] 13:27:36.017 [ReconcilerExecutor-hivemq-controller-127] DEBUG c.h.p.o.h.HiveMQPlatformReconcilerErrorHandler - [helmupgr] Pod 'test-hivemq-platform-1' phase Running
2025-01-29 13:27:36,028 INFO c.h.h.t.HelmChartContainer - [hivemq-test-hivemq-platform] [hivemq-platform-operator] [d2ef3e8d] 13:27:36.018 [ReconcilerExecutor-hivemq-controller-127] DEBUG c.h.p.o.h.HiveMQPlatformReconcilerErrorHandler - [helmupgr] Pod 'test-hivemq-platform-0' phase Running
2025-01-29 13:27:36,028 INFO c.h.h.t.HelmChartContainer - [hivemq-test-hivemq-platform] [hivemq-platform-operator] [d2ef3e8d] 13:27:36.019 [ReconcilerExecutor-hivemq-controller-127] DEBUG c.h.p.o.h.HiveMQPlatformReconcilerScalingHandler - [helmupgr] HiveMQ Platform is scaling, waiting for 1 of 2 replicas
2025-01-29 13:27:36,028 INFO c.h.h.t.HelmChartContainer - [hivemq-test-hivemq-platform] [hivemq-platform-operator] [d2ef3e8d] 13:27:36.024 [pool-6-thread-35] DEBUG c.h.p.o.d.PlatformServiceResource - [helmupgr] Desired Platform services (3 services)
2025-01-29 13:27:36,028 INFO c.h.h.t.HelmChartContainer - [hivemq-test-hivemq-platform] [hivemq-platform-operator] [d2ef3e8d] 13:27:36.026 [pool-6-thread-38] DEBUG c.h.p.o.dependants.PodInfoConfigMap - [helmupgr] Desired PodInfo ConfigMap (1 extensions) (1 enabled)
2025-01-29 13:27:36,028 INFO c.h.h.t.HelmChartContainer - [hivemq-test-hivemq-platform] [hivemq-platform-operator] [d2ef3e8d] 13:27:36.026 [pool-6-thread-38] DEBUG c.h.p.o.dependants.PodInfoConfigMap - [helmupgr] Desired PodInfo ConfigMap (metrics port: 9399) (metrics path: /)
2025-01-29 13:27:36,028 INFO c.h.h.t.HelmChartContainer - [hivemq-test-hivemq-platform] [hivemq-platform-operator] [d2ef3e8d] 13:27:36.026 [pool-6-thread-38] DEBUG c.h.p.o.dependants.PodInfoConfigMap - [helmupgr] Desired PodInfo ConfigMap (extension state hash: -1817474005)
2025-01-29 13:27:36,031 INFO c.h.h.t.HelmChartContainer - [hivemq-test-hivemq-platform] [hivemq-platform-operator] [d2ef3e8d] 13:27:36.029 [pool-6-thread-39] DEBUG c.h.p.o.d.PodServiceAccountResource - [helmupgr] Desired PodServiceAccountResource (serviceAccountName: hivemq-platform-pod-test-hivemq-platform)
2025-01-29 13:27:36,044 INFO c.h.h.t.HelmChartContainer - [hivemq-test-hivemq-platform] [hivemq-platform-operator] [d2ef3e8d] 13:27:36.042 [pool-6-thread-35] DEBUG c.h.p.o.d.StatefulSetResource - [helmupgr] Desired StatefulSet (2 replicas) for status SCALING (READY)
2025-01-29 13:27:36,047 INFO c.h.h.t.HelmChartContainer - [hivemq-test-hivemq-platform] [hivemq-platform-operator] [d2ef3e8d] 13:27:36.046 [ReconcilerExecutor-hivemq-controller-128] INFO  c.h.p.o.HiveMQPlatformReconciler - [helmupgr] Reconciling HiveMQ Platform 'test-hivemq-platform' in namespace 'helmupgradeplatformit'
2025-01-29 13:27:36,048 INFO c.h.h.t.HelmChartContainer - [hivemq-test-hivemq-platform] [hivemq-platform-operator] [d2ef3e8d] 13:27:36.046 [ReconcilerExecutor-hivemq-controller-128] DEBUG c.h.p.o.HiveMQPlatformReconciler - [helmupgr] Custom Resource Status SCALING - HiveMQ Platform is scaling (READY)
2025-01-29 13:27:36,048 INFO c.h.h.t.HelmChartContainer - [hivemq-test-hivemq-platform] [hivemq-platform-operator] [d2ef3e8d] 13:27:36.046 [ReconcilerExecutor-hivemq-controller-128] DEBUG c.h.p.o.HiveMQPlatformReconciler - [helmupgr] Custom Resource Spec (replicas: 2) (extensions: 1)
2025-01-29 13:27:36,109 INFO c.h.h.t.HelmChartContainer - [hivemq-test-hivemq-platform] [hivemq-platform-operator] [d2ef3e8d] 13:27:36.108 [ReconcilerExecutor-hivemq-controller-128] DEBUG c.h.p.o.HiveMQPlatformReconciler - [helmupgr] StatefulSet Status (revision: test-hivemq-platform-77d44868f9, replicas: 2, available: 2, ready: 2, current: 2, updated: 2)
2025-01-29 13:27:36,109 INFO c.h.h.t.HelmChartContainer - [hivemq-test-hivemq-platform] [hivemq-platform-operator] [d2ef3e8d] 13:27:36.108 [ReconcilerExecutor-hivemq-controller-128] DEBUG c.h.p.o.HiveMQPlatformReconciler - [helmupgr] StatefulSet Spec (replicas: 2, init containers: 1, containers: 1, volumes: 3)
2025-01-29 13:27:36,111 INFO c.h.h.t.HelmChartContainer - [hivemq-test-hivemq-platform] [hivemq-platform-operator] [d2ef3e8d] 13:27:36.110 [ReconcilerExecutor-hivemq-controller-128] DEBUG c.h.p.o.h.HiveMQPlatformReconcilerErrorHandler - [helmupgr] Pod 'test-hivemq-platform-1' phase Running
2025-01-29 13:27:36,112 INFO c.h.h.t.HelmChartContainer - [hivemq-test-hivemq-platform] [hivemq-platform-operator] [d2ef3e8d] 13:27:36.111 [ReconcilerExecutor-hivemq-controller-128] DEBUG c.h.p.o.h.HiveMQPlatformReconcilerErrorHandler - [helmupgr] Pod 'test-hivemq-platform-0' phase Running
2025-01-29 13:27:36,113 INFO c.h.h.t.HelmChartContainer - [hivemq-test-hivemq-platform] [hivemq-platform-operator] [d2ef3e8d] 13:27:36.112 [ReconcilerExecutor-hivemq-controller-128] INFO  c.h.p.o.h.HiveMQPlatformReconcilerScalingHandler - [helmupgr] HiveMQ Platform scaled successfully to 2 replicas
2025-01-29 13:27:36,145 INFO c.h.h.t.HelmChartContainer - [EVENT] Normal [Ready] HiveMQ Platform is ready [helmupgradeplatformit:test-hivemq-platform]
2025-01-29 13:27:36,146 INFO c.h.h.t.HelmChartContainer - [hivemq-test-hivemq-platform] [hivemq-platform-operator] [d2ef3e8d] 13:27:36.145 [ReconcilerExecutor-hivemq-controller-128] DEBUG c.h.p.operator.event.EventSender - [helmupgr] Updating K8s event hivemq-platform-ready: [Ready] HiveMQ Platform is ready
2025-01-29 13:27:36,147 INFO c.h.h.t.HelmChartContainer - [hivemq-test-hivemq-platform] [hivemq-platform-operator] [d2ef3e8d] 13:27:36.145 [ReconcilerExecutor-hivemq-controller-128] INFO  c.h.p.o.h.AbstractHiveMQReconcilerStateHandler - [helmupgr] Update HiveMQ Platform Status (SCALING [READY] -> RUNNING [READY]): HiveMQ Platform is ready
2025-01-29 13:27:36,155 DEBUG com.hivemq.helmcharts.util.K8sUtil - Comparing actual state 'RUNNING' and waiting for 'RUNNING'
2025-01-29 13:27:36,155 DEBUG c.h.h.platform.HelmUpgradePlatformIT - Platform upgraded
2025-01-29 13:27:36,182 INFO c.h.h.t.HelmChartContainer - Uninstalling release 'test-hivemq-platform' in namespace 'helmupgradeplatformit'...
2025-01-29 13:27:36,182 DEBUG c.h.h.t.HelmChartContainer - Executing helm command: /bin/helm --kubeconfig /etc/rancher/k3s/k3s.yaml uninstall test-hivemq-platform  --wait --timeout 5m0s --cascade foreground --namespace helmupgradeplatformit
2025-01-29 13:27:36,455 INFO c.h.h.t.HelmChartContainer - [hivemq-test-hivemq-platform] [hivemq-platform-operator] [d2ef3e8d] 13:27:36.443 [pool-6-thread-43] DEBUG c.h.p.o.d.PlatformServiceResource - [helmupgr] Desired Platform services (3 services)
2025-01-29 13:27:36,462 INFO c.h.h.t.HelmChartContainer - [hivemq-test-hivemq-platform] [hivemq-platform-operator] [d2ef3e8d] 13:27:36.451 [pool-6-thread-43] DEBUG c.h.p.o.dependants.PodInfoConfigMap - [helmupgr] Desired PodInfo ConfigMap (1 extensions) (1 enabled)
2025-01-29 13:27:36,462 INFO c.h.h.t.HelmChartContainer - [hivemq-test-hivemq-platform] [hivemq-platform-operator] [d2ef3e8d] 13:27:36.451 [pool-6-thread-43] DEBUG c.h.p.o.dependants.PodInfoConfigMap - [helmupgr] Desired PodInfo ConfigMap (metrics port: 9399) (metrics path: /)
2025-01-29 13:27:36,462 INFO c.h.h.t.HelmChartContainer - [hivemq-test-hivemq-platform] [hivemq-platform-operator] [d2ef3e8d] 13:27:36.451 [pool-6-thread-43] DEBUG c.h.p.o.dependants.PodInfoConfigMap - [helmupgr] Desired PodInfo ConfigMap (extension state hash: -1817474005)
2025-01-29 13:27:36,462 INFO c.h.h.t.HelmChartContainer - [hivemq-test-hivemq-platform] [hivemq-platform-operator] [d2ef3e8d] 13:27:36.451 [pool-6-thread-41] DEBUG c.h.p.o.d.PodServiceAccountResource - [helmupgr] Desired PodServiceAccountResource (serviceAccountName: hivemq-platform-pod-test-hivemq-platform)
2025-01-29 13:27:36,462 INFO c.h.h.t.HelmChartContainer - [hivemq-test-hivemq-platform] [hivemq-platform-operator] [d2ef3e8d] 13:27:36.451 [pool-6-thread-43] DEBUG c.h.p.o.dependants.PodInfoConfigMap - [helmupgr] Update PodInfo ConfigMap
2025-01-29 13:27:36,547 INFO c.h.h.t.HelmChartContainer - [hivemq-test-hivemq-platform] [hivemq-platform-operator] [d2ef3e8d] 13:27:36.545 [pool-6-thread-43] DEBUG c.h.p.o.d.StatefulSetResource - [helmupgr] Desired StatefulSet (2 replicas) for status RUNNING (READY)
2025-01-29 13:27:36,609 INFO c.h.h.t.HelmChartContainer - [hivemq-test-hivemq-platform] [hivemq-platform-operator] [d2ef3e8d] 13:27:36.607 [pool-6-thread-43] DEBUG c.h.p.o.d.StatefulSetResource - [helmupgr] Update StatefulSet (replicas: 2 -> 2)
2025-01-29 13:27:36,610 INFO c.h.h.t.HelmChartContainer - [hivemq-test-hivemq-platform] [hivemq-platform-operator] [d2ef3e8d] 13:27:36.609 [pool-6-thread-43] DEBUG c.h.p.o.d.StatefulSetResource - [helmupgr] Detected change in StatefulSet specification (path: /template/metadata/annotations/kubernetes-resource-versions) (actual value: {broker-configuration-v2=-2089688360}) (target value: {broker-configuration-v2=0})
2025-01-29 13:27:36,610 INFO c.h.h.t.HelmChartContainer - [hivemq-test-hivemq-platform] [hivemq-platform-operator] [d2ef3e8d] 13:27:36.609 [pool-6-thread-43] INFO  c.h.p.o.d.StatefulSetResource - [helmupgr] StatefulSet spec was updated, triggering rolling restart
2025-01-29 13:27:36,647 INFO c.h.h.t.HelmChartContainer - [hivemq-test-hivemq-platform] [hivemq-platform-operator] [d2ef3e8d] 13:27:36.643 [ReconcilerExecutor-hivemq-controller-129] INFO  c.h.p.o.HiveMQPlatformReconciler - [helmupgr] Reconciling HiveMQ Platform 'test-hivemq-platform' in namespace 'helmupgradeplatformit'
2025-01-29 13:27:36,647 INFO c.h.h.t.HelmChartContainer - [hivemq-test-hivemq-platform] [hivemq-platform-operator] [d2ef3e8d] 13:27:36.643 [ReconcilerExecutor-hivemq-controller-129] DEBUG c.h.p.o.HiveMQPlatformReconciler - [helmupgr] Custom Resource Status RUNNING - HiveMQ Platform is ready (READY) (reconciliation requests: REQUESTS_UPDATED, ROLLING_RESTART)
2025-01-29 13:27:36,647 INFO c.h.h.t.HelmChartContainer - [hivemq-test-hivemq-platform] [hivemq-platform-operator] [d2ef3e8d] 13:27:36.643 [ReconcilerExecutor-hivemq-controller-129] DEBUG c.h.p.o.HiveMQPlatformReconciler - [helmupgr] Custom Resource Spec (replicas: 2) (extensions: 1)
2025-01-29 13:27:36,647 INFO c.h.h.t.HelmChartContainer - [hivemq-test-hivemq-platform] [hivemq-platform-operator] [d2ef3e8d] 13:27:36.643 [ReconcilerExecutor-hivemq-controller-129] WARN  c.h.p.o.h.HiveMQPlatformReconcilerErrorHandler - [helmupgr] Could not find ConfigMap 'hivemq-configuration-test-hivemq-platform' for HiveMQ Platform configuration
2025-01-29 13:27:36,722 INFO c.h.h.t.HelmChartContainer - [hivemq-test-hivemq-platform] [hivemq-platform-operator] [d2ef3e8d] 13:27:36.721 [ReconcilerExecutor-hivemq-controller-129] DEBUG c.h.p.operator.event.EventSender - [helmupgr] Creating K8s event hivemq-platform-invalid-configuration: [Start] Could not find ConfigMap 'hivemq-configuration-test-hivemq-platform' for HiveMQ Platform configuration
2025-01-29 13:27:36,725 INFO c.h.h.t.HelmChartContainer - [EVENT] Warning [Start] Could not find ConfigMap 'hivemq-configuration-test-hivemq-platform' for HiveMQ Platform configuration [helmupgradeplatformit:test-hivemq-platform]
2025-01-29 13:27:36,727 INFO c.h.h.t.HelmChartContainer - [hivemq-test-hivemq-platform] [hivemq-platform-operator] [d2ef3e8d] 13:27:36.726 [ReconcilerExecutor-hivemq-controller-129] INFO  c.h.p.o.h.AbstractHiveMQReconcilerStateHandler - [helmupgr] Update HiveMQ Platform Status (RUNNING [READY] -> ERROR [INVALID_CONFIG_MAP]): Could not find ConfigMap 'hivemq-configuration-test-hivemq-platform' for HiveMQ Platform configuration (reconciliation requests: ROLLING_RESTART)
2025-01-29 13:27:36,752 INFO c.h.h.t.HelmChartContainer - [hivemq-test-hivemq-platform] [hivemq-platform-operator] [d2ef3e8d] 13:27:36.748 [ReconcilerExecutor-hivemq-controller-129] ERROR i.j.o.p.event.EventProcessor - Error during event processing ExecutionScope{ resource id: ResourceID{name='test-hivemq-platform', namespace='helmupgradeplatformit'}, version: 1439}
2025-01-29 13:27:36,752 INFO c.h.h.t.HelmChartContainer - [hivemq-test-hivemq-platform] [hivemq-platform-operator] [d2ef3e8d] io.fabric8.kubernetes.client.KubernetesClientException: Failure executing: PUT at: https://10.43.0.1:443/apis/hivemq.com/v1/namespaces/helmupgradeplatformit/hivemq-platforms/test-hivemq-platform/status. Message: Operation cannot be fulfilled on hivemq-platforms.hivemq.com "test-hivemq-platform": the object has been modified; please apply your changes to the latest version and try again. Received status: Status(apiVersion=v1, code=409, details=StatusDetails(causes=[], group=hivemq.com, kind=hivemq-platforms, name=test-hivemq-platform, retryAfterSeconds=null, uid=null, additionalProperties={}), kind=Status, message=Operation cannot be fulfilled on hivemq-platforms.hivemq.com "test-hivemq-platform": the object has been modified; please apply your changes to the latest version and try again, metadata=ListMeta(_continue=null, remainingItemCount=null, resourceVersion=null, selfLink=null, additionalProperties={}), reason=Conflict, status=Failure, additionalProperties={}).
2025-01-29 13:27:36,752 INFO c.h.h.t.HelmChartContainer - [hivemq-test-hivemq-platform] [hivemq-platform-operator] [d2ef3e8d] 	at io.fabric8.kubernetes.client.KubernetesClientException.copyAsCause(KubernetesClientException.java:238)
2025-01-29 13:27:36,752 INFO c.h.h.t.HelmChartContainer - [hivemq-test-hivemq-platform] [hivemq-platform-operator] [d2ef3e8d] 	at io.fabric8.kubernetes.client.dsl.internal.OperationSupport.waitForResult(OperationSupport.java:507)
2025-01-29 13:27:36,752 INFO c.h.h.t.HelmChartContainer - [hivemq-test-hivemq-platform] [hivemq-platform-operator] [d2ef3e8d] 	at io.fabric8.kubernetes.client.dsl.internal.OperationSupport.handleResponse(OperationSupport.java:524)
2025-01-29 13:27:36,752 INFO c.h.h.t.HelmChartContainer - [hivemq-test-hivemq-platform] [hivemq-platform-operator] [d2ef3e8d] 	at io.fabric8.kubernetes.client.dsl.internal.OperationSupport.handleUpdate(OperationSupport.java:358)
2025-01-29 13:27:36,752 INFO c.h.h.t.HelmChartContainer - [hivemq-test-hivemq-platform] [hivemq-platform-operator] [d2ef3e8d] 	at io.fabric8.kubernetes.client.dsl.internal.BaseOperation.handleUpdate(BaseOperation.java:759)
2025-01-29 13:27:36,752 INFO c.h.h.t.HelmChartContainer - [hivemq-test-hivemq-platform] [hivemq-platform-operator] [d2ef3e8d] 	at io.fabric8.kubernetes.client.dsl.internal.HasMetadataOperation.update(HasMetadataOperation.java:138)
2025-01-29 13:27:36,752 INFO c.h.h.t.HelmChartContainer - [hivemq-test-hivemq-platform] [hivemq-platform-operator] [d2ef3e8d] 	at io.fabric8.kubernetes.client.dsl.internal.HasMetadataOperation.update(HasMetadataOperation.java:121)
2025-01-29 13:27:36,752 INFO c.h.h.t.HelmChartContainer - [hivemq-test-hivemq-platform] [hivemq-platform-operator] [d2ef3e8d] 	at io.fabric8.kubernetes.client.dsl.internal.HasMetadataOperation.updateStatus(HasMetadataOperation.java:126)
2025-01-29 13:27:36,752 INFO c.h.h.t.HelmChartContainer - [hivemq-test-hivemq-platform] [hivemq-platform-operator] [d2ef3e8d] 	at io.fabric8.kubernetes.client.dsl.internal.HasMetadataOperation.updateStatus(HasMetadataOperation.java:44)
2025-01-29 13:27:36,752 INFO c.h.h.t.HelmChartContainer - [hivemq-test-hivemq-platform] [hivemq-platform-operator] [d2ef3e8d] 	at io.javaoperatorsdk.operator.processing.event.ReconciliationDispatcher$CustomResourceFacade.updateStatus(ReconciliationDispatcher.java:408)
2025-01-29 13:27:36,752 INFO c.h.h.t.HelmChartContainer - [hivemq-test-hivemq-platform] [hivemq-platform-operator] [d2ef3e8d] 	at io.javaoperatorsdk.operator.processing.event.ReconciliationDispatcher.updateStatusGenerationAware(ReconciliationDispatcher.java:228)
2025-01-29 13:27:36,752 INFO c.h.h.t.HelmChartContainer - [hivemq-test-hivemq-platform] [hivemq-platform-operator] [d2ef3e8d] 	at io.javaoperatorsdk.operator.processing.event.ReconciliationDispatcher.reconcileExecution(ReconciliationDispatcher.java:150)
2025-01-29 13:27:36,752 INFO c.h.h.t.HelmChartContainer - [hivemq-test-hivemq-platform] [hivemq-platform-operator] [d2ef3e8d] 	at io.javaoperatorsdk.operator.processing.event.ReconciliationDispatcher.handleReconcile(ReconciliationDispatcher.java:117)
2025-01-29 13:27:36,752 INFO c.h.h.t.HelmChartContainer - [hivemq-test-hivemq-platform] [hivemq-platform-operator] [d2ef3e8d] 	at io.javaoperatorsdk.operator.processing.event.ReconciliationDispatcher.handleDispatch(ReconciliationDispatcher.java:91)
2025-01-29 13:27:36,752 INFO c.h.h.t.HelmChartContainer - [hivemq-test-hivemq-platform] [hivemq-platform-operator] [d2ef3e8d] 	at io.javaoperatorsdk.operator.processing.event.ReconciliationDispatcher.handleExecution(ReconciliationDispatcher.java:64)
2025-01-29 13:27:36,752 INFO c.h.h.t.HelmChartContainer - [hivemq-test-hivemq-platform] [hivemq-platform-operator] [d2ef3e8d] 	at io.javaoperatorsdk.operator.processing.event.EventProcessor$ReconcilerExecutor.run(EventProcessor.java:452)
2025-01-29 13:27:36,752 INFO c.h.h.t.HelmChartContainer - [hivemq-test-hivemq-platform] [hivemq-platform-operator] [d2ef3e8d] 	at java.base/java.util.concurrent.ThreadPoolExecutor.runWorker(Unknown Source)
2025-01-29 13:27:36,753 INFO c.h.h.t.HelmChartContainer - [hivemq-test-hivemq-platform] [hivemq-platform-operator] [d2ef3e8d] 	at java.base/java.util.concurrent.ThreadPoolExecutor$Worker.run(Unknown Source)
2025-01-29 13:27:36,753 INFO c.h.h.t.HelmChartContainer - [hivemq-test-hivemq-platform] [hivemq-platform-operator] [d2ef3e8d] 	at java.base/java.lang.Thread.run(Unknown Source)
2025-01-29 13:27:36,753 INFO c.h.h.t.HelmChartContainer - [hivemq-test-hivemq-platform] [hivemq-platform-operator] [d2ef3e8d] Caused by: io.fabric8.kubernetes.client.KubernetesClientException: Failure executing: PUT at: https://10.43.0.1:443/apis/hivemq.com/v1/namespaces/helmupgradeplatformit/hivemq-platforms/test-hivemq-platform/status. Message: Operation cannot be fulfilled on hivemq-platforms.hivemq.com "test-hivemq-platform": the object has been modified; please apply your changes to the latest version and try again. Received status: Status(apiVersion=v1, code=409, details=StatusDetails(causes=[], group=hivemq.com, kind=hivemq-platforms, name=test-hivemq-platform, retryAfterSeconds=null, uid=null, additionalProperties={}), kind=Status, message=Operation cannot be fulfilled on hivemq-platforms.hivemq.com "test-hivemq-platform": the object has been modified; please apply your changes to the latest version and try again, metadata=ListMeta(_continue=null, remainingItemCount=null, resourceVersion=null, selfLink=null, additionalProperties={}), reason=Conflict, status=Failure, additionalProperties={}).
2025-01-29 13:27:36,753 INFO c.h.h.t.HelmChartContainer - [hivemq-test-hivemq-platform] [hivemq-platform-operator] [d2ef3e8d] 	at io.fabric8.kubernetes.client.dsl.internal.OperationSupport.requestFailure(OperationSupport.java:660)
2025-01-29 13:27:36,753 INFO c.h.h.t.HelmChartContainer - [hivemq-test-hivemq-platform] [hivemq-platform-operator] [d2ef3e8d] 	at io.fabric8.kubernetes.client.dsl.internal.OperationSupport.requestFailure(OperationSupport.java:640)
2025-01-29 13:27:36,753 INFO c.h.h.t.HelmChartContainer - [hivemq-test-hivemq-platform] [hivemq-platform-operator] [d2ef3e8d] 	at io.fabric8.kubernetes.client.dsl.internal.OperationSupport.assertResponseCode(OperationSupport.java:589)
2025-01-29 13:27:36,753 INFO c.h.h.t.HelmChartContainer - [hivemq-test-hivemq-platform] [hivemq-platform-operator] [d2ef3e8d] 	at io.fabric8.kubernetes.client.dsl.internal.OperationSupport.lambda$handleResponse$0(OperationSupport.java:549)
2025-01-29 13:27:36,753 INFO c.h.h.t.HelmChartContainer - [hivemq-test-hivemq-platform] [hivemq-platform-operator] [d2ef3e8d] 	at java.base/java.util.concurrent.CompletableFuture$UniApply.tryFire(Unknown Source)
2025-01-29 13:27:36,753 INFO c.h.h.t.HelmChartContainer - [hivemq-test-hivemq-platform] [hivemq-platform-operator] [d2ef3e8d] 	at java.base/java.util.concurrent.CompletableFuture.postComplete(Unknown Source)
2025-01-29 13:27:36,753 INFO c.h.h.t.HelmChartContainer - [hivemq-test-hivemq-platform] [hivemq-platform-operator] [d2ef3e8d] 	at java.base/java.util.concurrent.CompletableFuture.complete(Unknown Source)
2025-01-29 13:27:36,753 INFO c.h.h.t.HelmChartContainer - [hivemq-test-hivemq-platform] [hivemq-platform-operator] [d2ef3e8d] 	at io.fabric8.kubernetes.client.http.StandardHttpClient.lambda$completeOrCancel$10(StandardHttpClient.java:141)
2025-01-29 13:27:36,753 INFO c.h.h.t.HelmChartContainer - [hivemq-test-hivemq-platform] [hivemq-platform-operator] [d2ef3e8d] 	at java.base/java.util.concurrent.CompletableFuture.uniWhenComplete(Unknown Source)
2025-01-29 13:27:36,753 INFO c.h.h.t.HelmChartContainer - [hivemq-test-hivemq-platform] [hivemq-platform-operator] [d2ef3e8d] 	at java.base/java.util.concurrent.CompletableFuture$UniWhenComplete.tryFire(Unknown Source)
2025-01-29 13:27:36,753 INFO c.h.h.t.HelmChartContainer - [hivemq-test-hivemq-platform] [hivemq-platform-operator] [d2ef3e8d] 	at java.base/java.util.concurrent.CompletableFuture.postComplete(Unknown Source)
2025-01-29 13:27:36,753 INFO c.h.h.t.HelmChartContainer - [hivemq-test-hivemq-platform] [hivemq-platform-operator] [d2ef3e8d] 	at java.base/java.util.concurrent.CompletableFuture.complete(Unknown Source)
2025-01-29 13:27:36,753 INFO c.h.h.t.HelmChartContainer - [hivemq-test-hivemq-platform] [hivemq-platform-operator] [d2ef3e8d] 	at io.fabric8.kubernetes.client.http.ByteArrayBodyHandler.onBodyDone(ByteArrayBodyHandler.java:51)
2025-01-29 13:27:36,753 INFO c.h.h.t.HelmChartContainer - [hivemq-test-hivemq-platform] [hivemq-platform-operator] [d2ef3e8d] 	at java.base/java.util.concurrent.CompletableFuture.uniWhenComplete(Unknown Source)
2025-01-29 13:27:36,753 INFO c.h.h.t.HelmChartContainer - [hivemq-test-hivemq-platform] [hivemq-platform-operator] [d2ef3e8d] 	at java.base/java.util.concurrent.CompletableFuture$UniWhenComplete.tryFire(Unknown Source)
2025-01-29 13:27:36,753 INFO c.h.h.t.HelmChartContainer - [hivemq-test-hivemq-platform] [hivemq-platform-operator] [d2ef3e8d] 	at java.base/java.util.concurrent.CompletableFuture.postComplete(Unknown Source)
2025-01-29 13:27:36,753 INFO c.h.h.t.HelmChartContainer - [hivemq-test-hivemq-platform] [hivemq-platform-operator] [d2ef3e8d] 	at java.base/java.util.concurrent.CompletableFuture.complete(Unknown Source)
2025-01-29 13:27:36,753 INFO c.h.h.t.HelmChartContainer - [hivemq-test-hivemq-platform] [hivemq-platform-operator] [d2ef3e8d] 	at io.fabric8.kubernetes.client.vertx.VertxHttpRequest.lambda$null$1(VertxHttpRequest.java:121)
2025-01-29 13:27:36,753 INFO c.h.h.t.HelmChartContainer - [hivemq-test-hivemq-platform] [hivemq-platform-operator] [d2ef3e8d] 	at io.vertx.core.impl.ContextInternal.dispatch(ContextInternal.java:279)
2025-01-29 13:27:36,753 INFO c.h.h.t.HelmChartContainer - [hivemq-test-hivemq-platform] [hivemq-platform-operator] [d2ef3e8d] 	at io.vertx.core.impl.ContextInternal.dispatch(ContextInternal.java:261)
2025-01-29 13:27:36,753 INFO c.h.h.t.HelmChartContainer - [hivemq-test-hivemq-platform] [hivemq-platform-operator] [d2ef3e8d] 	at io.vertx.core.http.impl.HttpEventHandler.handleEnd(HttpEventHandler.java:76)
2025-01-29 13:27:36,753 INFO c.h.h.t.HelmChartContainer - [hivemq-test-hivemq-platform] [hivemq-platform-operator] [d2ef3e8d] 	at io.vertx.core.http.impl.HttpClientResponseImpl.handleEnd(HttpClientResponseImpl.java:250)
2025-01-29 13:27:36,753 INFO c.h.h.t.HelmChartContainer - [hivemq-test-hivemq-platform] [hivemq-platform-operator] [d2ef3e8d] 	at io.vertx.core.http.impl.Http1xClientConnection$StreamImpl.lambda$new$0(Http1xClientConnection.java:421)
2025-01-29 13:27:36,753 INFO c.h.h.t.HelmChartContainer - [hivemq-test-hivemq-platform] [hivemq-platform-operator] [d2ef3e8d] 	at io.vertx.core.streams.impl.InboundBuffer.handleEvent(InboundBuffer.java:279)
2025-01-29 13:27:36,753 INFO c.h.h.t.HelmChartContainer - [hivemq-test-hivemq-platform] [hivemq-platform-operator] [d2ef3e8d] 	at io.vertx.core.streams.impl.InboundBuffer.write(InboundBuffer.java:157)
2025-01-29 13:27:36,753 INFO c.h.h.t.HelmChartContainer - [hivemq-test-hivemq-platform] [hivemq-platform-operator] [d2ef3e8d] 	at io.vertx.core.http.impl.Http1xClientConnection$StreamImpl.handleEnd(Http1xClientConnection.java:709)
2025-01-29 13:27:36,753 INFO c.h.h.t.HelmChartContainer - [hivemq-test-hivemq-platform] [hivemq-platform-operator] [d2ef3e8d] 	at io.vertx.core.impl.ContextImpl.execute(ContextImpl.java:313)
2025-01-29 13:27:36,753 INFO c.h.h.t.HelmChartContainer - [hivemq-test-hivemq-platform] [hivemq-platform-operator] [d2ef3e8d] 	at io.vertx.core.impl.ContextImpl.execute(ContextImpl.java:293)
2025-01-29 13:27:36,753 INFO c.h.h.t.HelmChartContainer - [hivemq-test-hivemq-platform] [hivemq-platform-operator] [d2ef3e8d] 	at io.vertx.core.http.impl.Http1xClientConnection.handleResponseEnd(Http1xClientConnection.java:940)
2025-01-29 13:27:36,753 INFO c.h.h.t.HelmChartContainer - [hivemq-test-hivemq-platform] [hivemq-platform-operator] [d2ef3e8d] 	at io.vertx.core.http.impl.Http1xClientConnection.handleHttpMessage(Http1xClientConnection.java:810)
2025-01-29 13:27:36,753 INFO c.h.h.t.HelmChartContainer - [hivemq-test-hivemq-platform] [hivemq-platform-operator] [d2ef3e8d] 	at io.vertx.core.http.impl.Http1xClientConnection.handleMessage(Http1xClientConnection.java:774)
2025-01-29 13:27:36,753 INFO c.h.h.t.HelmChartContainer - [hivemq-test-hivemq-platform] [hivemq-platform-operator] [d2ef3e8d] 	at io.vertx.core.net.impl.ConnectionBase.read(ConnectionBase.java:159)
2025-01-29 13:27:36,753 INFO c.h.h.t.HelmChartContainer - [hivemq-test-hivemq-platform] [hivemq-platform-operator] [d2ef3e8d] 	at io.vertx.core.net.impl.VertxHandler.channelRead(VertxHandler.java:153)
2025-01-29 13:27:36,753 INFO c.h.h.t.HelmChartContainer - [hivemq-test-hivemq-platform] [hivemq-platform-operator] [d2ef3e8d] 	at io.netty.channel.AbstractChannelHandlerContext.invokeChannelRead(AbstractChannelHandlerContext.java:442)
2025-01-29 13:27:36,754 INFO c.h.h.t.HelmChartContainer - [hivemq-test-hivemq-platform] [hivemq-platform-operator] [d2ef3e8d] 	at io.netty.channel.AbstractChannelHandlerContext.invokeChannelRead(AbstractChannelHandlerContext.java:420)
2025-01-29 13:27:36,754 INFO c.h.h.t.HelmChartContainer - [hivemq-test-hivemq-platform] [hivemq-platform-operator] [d2ef3e8d] 	at io.netty.channel.AbstractChannelHandlerContext.fireChannelRead(AbstractChannelHandlerContext.java:412)
2025-01-29 13:27:36,754 INFO c.h.h.t.HelmChartContainer - [hivemq-test-hivemq-platform] [hivemq-platform-operator] [d2ef3e8d] 	at io.netty.channel.CombinedChannelDuplexHandler$DelegatingChannelHandlerContext.fireChannelRead(CombinedChannelDuplexHandler.java:436)
2025-01-29 13:27:36,754 INFO c.h.h.t.HelmChartContainer - [hivemq-test-hivemq-platform] [hivemq-platform-operator] [d2ef3e8d] 	at io.netty.handler.codec.ByteToMessageDecoder.fireChannelRead(ByteToMessageDecoder.java:346)
2025-01-29 13:27:36,754 INFO c.h.h.t.HelmChartContainer - [hivemq-test-hivemq-platform] [hivemq-platform-operator] [d2ef3e8d] 	at io.netty.handler.codec.ByteToMessageDecoder.channelRead(ByteToMessageDecoder.java:318)
2025-01-29 13:27:36,754 INFO c.h.h.t.HelmChartContainer - [hivemq-test-hivemq-platform] [hivemq-platform-operator] [d2ef3e8d] 	at io.netty.channel.CombinedChannelDuplexHandler.channelRead(CombinedChannelDuplexHandler.java:251)
2025-01-29 13:27:36,754 INFO c.h.h.t.HelmChartContainer - [hivemq-test-hivemq-platform] [hivemq-platform-operator] [d2ef3e8d] 	at io.netty.channel.AbstractChannelHandlerContext.invokeChannelRead(AbstractChannelHandlerContext.java:442)
2025-01-29 13:27:36,754 INFO c.h.h.t.HelmChartContainer - [hivemq-test-hivemq-platform] [hivemq-platform-operator] [d2ef3e8d] 	at io.netty.channel.AbstractChannelHandlerContext.invokeChannelRead(AbstractChannelHandlerContext.java:420)
2025-01-29 13:27:36,754 INFO c.h.h.t.HelmChartContainer - [hivemq-test-hivemq-platform] [hivemq-platform-operator] [d2ef3e8d] 	at io.netty.channel.AbstractChannelHandlerContext.fireChannelRead(AbstractChannelHandlerContext.java:412)
2025-01-29 13:27:36,754 INFO c.h.h.t.HelmChartContainer - [hivemq-test-hivemq-platform] [hivemq-platform-operator] [d2ef3e8d] 	at io.netty.handler.ssl.SslHandler.unwrap(SslHandler.java:1475)
2025-01-29 13:27:36,754 INFO c.h.h.t.HelmChartContainer - [hivemq-test-hivemq-platform] [hivemq-platform-operator] [d2ef3e8d] 	at io.netty.handler.ssl.SslHandler.decodeJdkCompatible(SslHandler.java:1338)
2025-01-29 13:27:36,754 INFO c.h.h.t.HelmChartContainer - [hivemq-test-hivemq-platform] [hivemq-platform-operator] [d2ef3e8d] 	at io.netty.handler.ssl.SslHandler.decode(SslHandler.java:1387)
2025-01-29 13:27:36,754 INFO c.h.h.t.HelmChartContainer - [hivemq-test-hivemq-platform] [hivemq-platform-operator] [d2ef3e8d] 	at io.netty.handler.codec.ByteToMessageDecoder.decodeRemovalReentryProtection(ByteToMessageDecoder.java:530)
2025-01-29 13:27:36,754 INFO c.h.h.t.HelmChartContainer - [hivemq-test-hivemq-platform] [hivemq-platform-operator] [d2ef3e8d] 	at io.netty.handler.codec.ByteToMessageDecoder.callDecode(ByteToMessageDecoder.java:469)
2025-01-29 13:27:36,754 INFO c.h.h.t.HelmChartContainer - [hivemq-test-hivemq-platform] [hivemq-platform-operator] [d2ef3e8d] 	at io.netty.handler.codec.ByteToMessageDecoder.channelRead(ByteToMessageDecoder.java:290)
2025-01-29 13:27:36,754 INFO c.h.h.t.HelmChartContainer - [hivemq-test-hivemq-platform] [hivemq-platform-operator] [d2ef3e8d] 	at io.netty.channel.AbstractChannelHandlerContext.invokeChannelRead(AbstractChannelHandlerContext.java:444)
2025-01-29 13:27:36,754 INFO c.h.h.t.HelmChartContainer - [hivemq-test-hivemq-platform] [hivemq-platform-operator] [d2ef3e8d] 	at io.netty.channel.AbstractChannelHandlerContext.invokeChannelRead(AbstractChannelHandlerContext.java:420)
2025-01-29 13:27:36,754 INFO c.h.h.t.HelmChartContainer - [hivemq-test-hivemq-platform] [hivemq-platform-operator] [d2ef3e8d] 	at io.netty.channel.AbstractChannelHandlerContext.fireChannelRead(AbstractChannelHandlerContext.java:412)
2025-01-29 13:27:36,754 INFO c.h.h.t.HelmChartContainer - [hivemq-test-hivemq-platform] [hivemq-platform-operator] [d2ef3e8d] 	at io.netty.channel.DefaultChannelPipeline$HeadContext.channelRead(DefaultChannelPipeline.java:1407)
2025-01-29 13:27:36,754 INFO c.h.h.t.HelmChartContainer - [hivemq-test-hivemq-platform] [hivemq-platform-operator] [d2ef3e8d] 	at io.netty.channel.AbstractChannelHandlerContext.invokeChannelRead(AbstractChannelHandlerContext.java:440)
2025-01-29 13:27:36,754 INFO c.h.h.t.HelmChartContainer - [hivemq-test-hivemq-platform] [hivemq-platform-operator] [d2ef3e8d] 	at io.netty.channel.AbstractChannelHandlerContext.invokeChannelRead(AbstractChannelHandlerContext.java:420)
2025-01-29 13:27:36,754 INFO c.h.h.t.HelmChartContainer - [hivemq-test-hivemq-platform] [hivemq-platform-operator] [d2ef3e8d] 	at io.netty.channel.DefaultChannelPipeline.fireChannelRead(DefaultChannelPipeline.java:918)
2025-01-29 13:27:36,754 INFO c.h.h.t.HelmChartContainer - [hivemq-test-hivemq-platform] [hivemq-platform-operator] [d2ef3e8d] 	at io.netty.channel.nio.AbstractNioByteChannel$NioByteUnsafe.read(AbstractNioByteChannel.java:166)
2025-01-29 13:27:36,754 INFO c.h.h.t.HelmChartContainer - [hivemq-test-hivemq-platform] [hivemq-platform-operator] [d2ef3e8d] 	at io.netty.channel.nio.NioEventLoop.processSelectedKey(NioEventLoop.java:788)
2025-01-29 13:27:36,754 INFO c.h.h.t.HelmChartContainer - [hivemq-test-hivemq-platform] [hivemq-platform-operator] [d2ef3e8d] 	at io.netty.channel.nio.NioEventLoop.processSelectedKeysOptimized(NioEventLoop.java:724)
2025-01-29 13:27:36,754 INFO c.h.h.t.HelmChartContainer - [hivemq-test-hivemq-platform] [hivemq-platform-operator] [d2ef3e8d] 	at io.netty.channel.nio.NioEventLoop.processSelectedKeys(NioEventLoop.java:650)
2025-01-29 13:27:36,754 INFO c.h.h.t.HelmChartContainer - [hivemq-test-hivemq-platform] [hivemq-platform-operator] [d2ef3e8d] 	at io.netty.channel.nio.NioEventLoop.run(NioEventLoop.java:562)
2025-01-29 13:27:36,754 INFO c.h.h.t.HelmChartContainer - [hivemq-test-hivemq-platform] [hivemq-platform-operator] [d2ef3e8d] 	at io.netty.util.concurrent.SingleThreadEventExecutor$4.run(SingleThreadEventExecutor.java:997)
2025-01-29 13:27:36,754 INFO c.h.h.t.HelmChartContainer - [hivemq-test-hivemq-platform] [hivemq-platform-operator] [d2ef3e8d] 	at io.netty.util.internal.ThreadExecutorMap$2.run(ThreadExecutorMap.java:74)
2025-01-29 13:27:36,754 INFO c.h.h.t.HelmChartContainer - [hivemq-test-hivemq-platform] [hivemq-platform-operator] [d2ef3e8d] 	at io.netty.util.concurrent.FastThreadLocalRunnable.run(FastThreadLocalRunnable.java:30)
2025-01-29 13:27:36,754 INFO c.h.h.t.HelmChartContainer - [hivemq-test-hivemq-platform] [hivemq-platform-operator] [d2ef3e8d] 	... 1 common frames omitted
2025-01-29 13:27:36,775 INFO c.h.h.t.HelmChartContainer - [test-hivemq-platform] [hivemq] [67f5e367] WARN  - [HiveMQ Platform Operator Init App 1.7.0-SNAPSHOT] Could not update Pod annotations: Failure executing: GET at: https://10.43.0.1:443/api/v1/namespaces/helmupgradeplatformit/pods/test-hivemq-platform-1. Message: pods "test-hivemq-platform-1" is forbidden: User "system:serviceaccount:helmupgradeplatformit:hivemq-platform-pod-test-hivemq-platform" cannot get resource "pods" in API group "" in the namespace "helmupgradeplatformit". Received status: Status(apiVersion=v1, code=403, details=StatusDetails(causes=[], group=null, kind=pods, name=test-hivemq-platform-1, retryAfterSeconds=null, uid=null, additionalProperties={}), kind=Status, message=pods "test-hivemq-platform-1" is forbidden: User "system:serviceaccount:helmupgradeplatformit:hivemq-platform-pod-test-hivemq-platform" cannot get resource "pods" in API group "" in the namespace "helmupgradeplatformit", metadata=ListMeta(_continue=null, remainingItemCount=null, resourceVersion=null, selfLink=null, additionalProperties={}), reason=Forbidden, status=Failure, additionalProperties={}).
2025-01-29 13:27:36,808 INFO c.h.h.t.HelmChartContainer - [hivemq-test-hivemq-platform] [hivemq-platform-operator] [d2ef3e8d] 13:27:36.807 [ReconcilerExecutor-hivemq-controller-135] INFO  c.h.p.o.HiveMQPlatformReconciler - [helmupgr] Cleanup test-hivemq-platform - helmupgradeplatformit HiveMQ Platform is shut down
2025-01-29 13:27:36,901 INFO c.h.h.t.HelmChartContainer - [test-hivemq-platform] [hivemq] [3b679f86] WARN  - [HiveMQ Platform Operator Init App 1.7.0-SNAPSHOT] Could not update Pod annotations: Failure executing: GET at: https://10.43.0.1:443/api/v1/namespaces/helmupgradeplatformit/pods/test-hivemq-platform-0. Message: pods "test-hivemq-platform-0" is forbidden: User "system:serviceaccount:helmupgradeplatformit:hivemq-platform-pod-test-hivemq-platform" cannot get resource "pods" in API group "" in the namespace "helmupgradeplatformit". Received status: Status(apiVersion=v1, code=403, details=StatusDetails(causes=[], group=null, kind=pods, name=test-hivemq-platform-0, retryAfterSeconds=null, uid=null, additionalProperties={}), kind=Status, message=pods "test-hivemq-platform-0" is forbidden: User "system:serviceaccount:helmupgradeplatformit:hivemq-platform-pod-test-hivemq-platform" cannot get resource "pods" in API group "" in the namespace "helmupgradeplatformit", metadata=ListMeta(_continue=null, remainingItemCount=null, resourceVersion=null, selfLink=null, additionalProperties={}), reason=Forbidden, status=Failure, additionalProperties={}).
2025-01-29 13:27:37,368 INFO c.h.h.t.HelmChartContainer - [POD] test-hivemq-platform-0 [3b679f86-14b3-4e15-87a1-f9b6d55f0c67] in helmupgradeplatformit was MODIFIED
2025-01-29 13:27:37,368 INFO c.h.h.t.HelmChartContainer - [EVENT] Normal [Killing] Stopping container hivemq [helmupgradeplatformit:test-hivemq-platform-0]
2025-01-29 13:27:37,368 INFO c.h.h.t.HelmChartContainer - Received Killing event for container hivemq in pod test-hivemq-platform-0 [3b679f86-14b3-4e15-87a1-f9b6d55f0c67]
2025-01-29 13:27:37,368 INFO c.h.h.t.HelmChartContainer - Container [test-hivemq-platform-0] [hivemq] [3b679f86-14b3-4e15-87a1-f9b6d55f0c67] was terminated
2025-01-29 13:27:37,368 INFO c.h.h.t.HelmChartContainer - Stopped log watcher for hivemq in pod test-hivemq-platform-0 [3b679f86-14b3-4e15-87a1-f9b6d55f0c67]
2025-01-29 13:27:37,379 INFO c.h.h.t.HelmChartContainer - [test-hivemq-platform] [hivemq] [3b679f86] INFO  - [HiveMQ Platform Operator Init App 1.7.0-SNAPSHOT] Shutting down
2025-01-29 13:27:37,379 INFO c.h.h.t.HelmChartContainer - [test-hivemq-platform] [hivemq] [3b679f86] INFO  - [HiveMQ Platform Operator Init App 1.7.0-SNAPSHOT] Stopping the HiveMQ Platform
2025-01-29 13:27:37,393 INFO c.h.h.t.HelmChartContainer - [POD] test-hivemq-platform-1 [67f5e367-bec3-4376-8701-de36bb606bd9] in helmupgradeplatformit was MODIFIED
2025-01-29 13:27:37,402 INFO c.h.h.t.HelmChartContainer - [EVENT] Normal [Killing] Stopping container hivemq [helmupgradeplatformit:test-hivemq-platform-1]
2025-01-29 13:27:37,403 INFO c.h.h.t.HelmChartContainer - Received Killing event for container hivemq in pod test-hivemq-platform-1 [67f5e367-bec3-4376-8701-de36bb606bd9]
2025-01-29 13:27:37,403 INFO c.h.h.t.HelmChartContainer - Container [test-hivemq-platform-1] [hivemq] [67f5e367-bec3-4376-8701-de36bb606bd9] was terminated
2025-01-29 13:27:37,403 INFO c.h.h.t.HelmChartContainer - Stopped log watcher for hivemq in pod test-hivemq-platform-1 [67f5e367-bec3-4376-8701-de36bb606bd9]
2025-01-29 13:27:37,412 INFO c.h.h.t.HelmChartContainer - [test-hivemq-platform] [hivemq] [67f5e367] INFO  - [HiveMQ Platform Operator Init App 1.7.0-SNAPSHOT] Shutting down
2025-01-29 13:27:37,412 INFO c.h.h.t.HelmChartContainer - [test-hivemq-platform] [hivemq] [67f5e367] INFO  - [HiveMQ Platform Operator Init App 1.7.0-SNAPSHOT] Stopping the HiveMQ Platform
2025-01-29 13:27:37,513 INFO c.h.h.t.HelmChartContainer - [test-hivemq-platform] [hivemq] [67f5e367] INFO  - Shutting down HiveMQ. Please wait, this could take a while...
2025-01-29 13:27:37,564 INFO c.h.h.t.HelmChartContainer - [test-hivemq-platform] [hivemq] [3b679f86] INFO  - Shutting down HiveMQ. Please wait, this could take a while...
2025-01-29 13:27:37,585 INFO c.h.h.t.HelmChartContainer - [test-hivemq-platform] [hivemq] [3b679f86] INFO  - Shutting down listeners and clients
2025-01-29 13:27:37,586 INFO c.h.h.t.HelmChartContainer - [test-hivemq-platform] [hivemq] [3b679f86] INFO  - Shutdown of listeners is done
2025-01-29 13:27:37,587 INFO c.h.h.t.HelmChartContainer - [test-hivemq-platform] [hivemq] [3b679f86] INFO  - No clients are connected, proceeding with shutdown
2025-01-29 13:27:37,599 INFO c.h.h.t.HelmChartContainer - [test-hivemq-platform] [hivemq] [67f5e367] INFO  - Shutting down listeners and clients
2025-01-29 13:27:37,601 INFO c.h.h.t.HelmChartContainer - [test-hivemq-platform] [hivemq] [67f5e367] INFO  - Shutdown of listeners is done
2025-01-29 13:27:37,602 INFO c.h.h.t.HelmChartContainer - [test-hivemq-platform] [hivemq] [67f5e367] INFO  - No clients are connected, proceeding with shutdown
2025-01-29 13:27:38,551 INFO c.h.h.t.HelmChartContainer - Deleting namespace 'helmupgradeplatformit'...
2025-01-29 13:27:40,402 INFO c.h.h.t.HelmChartContainer - [test-hivemq-platform] [hivemq] [67f5e367] INFO  - Shutting down extension system
2025-01-29 13:27:40,409 INFO c.h.h.t.HelmChartContainer - [test-hivemq-platform] [hivemq] [67f5e367] INFO  - Stopping extension with id hivemq-dns-cluster-discovery
2025-01-29 13:27:40,411 INFO c.h.h.t.HelmChartContainer - [test-hivemq-platform] [hivemq] [67f5e367] INFO  - Extension "DNS Cluster Discovery Extension" version 4.3.2 stopped successfully.
2025-01-29 13:27:40,411 INFO c.h.h.t.HelmChartContainer - [test-hivemq-platform] [hivemq] [67f5e367] INFO  - Stopping extension with id hivemq-prometheus-extension
2025-01-29 13:27:40,415 INFO c.h.h.t.HelmChartContainer - [test-hivemq-platform] [hivemq] [67f5e367] INFO  - Extension "Prometheus Monitoring Extension" version 4.0.12 stopped successfully.
2025-01-29 13:27:40,416 INFO c.h.h.t.HelmChartContainer - [test-hivemq-platform] [hivemq] [67f5e367] INFO  - Stopping extension with id hivemq-allow-all-extension
2025-01-29 13:27:40,416 INFO c.h.h.t.HelmChartContainer - [test-hivemq-platform] [hivemq] [67f5e367] INFO  - Extension "Allow All Extension" version 1.1.1 stopped successfully.
2025-01-29 13:27:40,421 INFO c.h.h.t.HelmChartContainer - [test-hivemq-platform] [hivemq] [3b679f86] INFO  - Cluster nodes found by discovery: [9pJnA|2] (1) [9pJnA].
2025-01-29 13:27:40,426 INFO c.h.h.t.HelmChartContainer - [test-hivemq-platform] [hivemq] [3b679f86] INFO  - Cluster size = 1, members : [9pJnA].
2025-01-29 13:27:40,600 INFO c.h.h.t.HelmChartContainer - [test-hivemq-platform] [hivemq] [3b679f86] INFO  - Shutting down extension system
2025-01-29 13:27:40,605 INFO c.h.h.t.HelmChartContainer - [test-hivemq-platform] [hivemq] [3b679f86] INFO  - Stopping extension with id hivemq-dns-cluster-discovery
2025-01-29 13:27:40,605 INFO c.h.h.t.HelmChartContainer - [test-hivemq-platform] [hivemq] [3b679f86] INFO  - Extension "DNS Cluster Discovery Extension" version 4.3.2 stopped successfully.
2025-01-29 13:27:40,605 INFO c.h.h.t.HelmChartContainer - [test-hivemq-platform] [hivemq] [3b679f86] INFO  - Stopping extension with id hivemq-prometheus-extension
2025-01-29 13:27:40,610 INFO c.h.h.t.HelmChartContainer - [test-hivemq-platform] [hivemq] [3b679f86] INFO  - Extension "Prometheus Monitoring Extension" version 4.0.12 stopped successfully.
2025-01-29 13:27:40,610 INFO c.h.h.t.HelmChartContainer - [test-hivemq-platform] [hivemq] [3b679f86] INFO  - Stopping extension with id hivemq-allow-all-extension
2025-01-29 13:27:40,610 INFO c.h.h.t.HelmChartContainer - [test-hivemq-platform] [hivemq] [3b679f86] INFO  - Extension "Allow All Extension" version 1.1.1 stopped successfully.
2025-01-29 13:27:40,982 INFO c.h.h.t.HelmChartContainer - [test-hivemq-platform] [hivemq] [67f5e367] INFO  - [HiveMQ Platform Operator Init App 1.7.0-SNAPSHOT] Returning shutdown Health API response 503 for readiness
2025-01-29 13:27:40,987 INFO c.h.h.t.HelmChartContainer - [EVENT] Warning [Unhealthy] Readiness probe failed: HTTP probe failed with statuscode: 503 [helmupgradeplatformit:test-hivemq-platform-1]
2025-01-29 13:27:40,987 INFO c.h.h.t.HelmChartContainer - Received Unhealthy event for container hivemq in pod test-hivemq-platform-1 [67f5e367-bec3-4376-8701-de36bb606bd9]
2025-01-29 13:27:41,202 INFO c.h.h.t.HelmChartContainer - [test-hivemq-platform] [hivemq] [3b679f86] INFO  - [HiveMQ Platform Operator Init App 1.7.0-SNAPSHOT] Returning shutdown Health API response 503 for readiness
2025-01-29 13:27:41,207 INFO c.h.h.t.HelmChartContainer - [EVENT] Warning [Unhealthy] Readiness probe failed: HTTP probe failed with statuscode: 503 [helmupgradeplatformit:test-hivemq-platform-0]
2025-01-29 13:27:41,207 INFO c.h.h.t.HelmChartContainer - Received Unhealthy event for container hivemq in pod test-hivemq-platform-0 [3b679f86-14b3-4e15-87a1-f9b6d55f0c67]
2025-01-29 13:27:41,779 INFO c.h.h.t.HelmChartContainer - [K3S] [authentication.go:74] "Unable to authenticate the request" err="[invalid bearer token, serviceaccounts \"hivemq-platform-pod-test-hivemq-platform\" not found]"
2025-01-29 13:27:41,797 INFO c.h.h.t.HelmChartContainer - [K3S] [authentication.go:74] "Unable to authenticate the request" err="[invalid bearer token, serviceaccounts \"hivemq-platform-pod-test-hivemq-platform\" not found]"
2025-01-29 13:27:41,859 INFO c.h.h.t.HelmChartContainer - [test-hivemq-platform] [hivemq] [67f5e367] WARN  - [HiveMQ Platform Operator Init App 1.7.0-SNAPSHOT] Could not update Pod annotations: Failure executing: GET at: https://10.43.0.1:443/api/v1/namespaces/helmupgradeplatformit/pods/test-hivemq-platform-1. Message: Unauthorized. Received status: Status(apiVersion=v1, code=401, details=null, kind=Status, message=Unauthorized, metadata=ListMeta(_continue=null, remainingItemCount=null, resourceVersion=null, selfLink=null, additionalProperties={}), reason=Unauthorized, status=Failure, additionalProperties={}).
2025-01-29 13:27:41,905 INFO c.h.h.t.HelmChartContainer - [K3S] [authentication.go:74] "Unable to authenticate the request" err="[invalid bearer token, serviceaccounts \"hivemq-platform-pod-test-hivemq-platform\" not found]"
2025-01-29 13:27:41,922 INFO c.h.h.t.HelmChartContainer - [K3S] [authentication.go:74] "Unable to authenticate the request" err="[invalid bearer token, serviceaccounts \"hivemq-platform-pod-test-hivemq-platform\" not found]"
2025-01-29 13:27:41,924 INFO c.h.h.t.HelmChartContainer - [test-hivemq-platform] [hivemq] [3b679f86] WARN  - [HiveMQ Platform Operator Init App 1.7.0-SNAPSHOT] Could not update Pod annotations: Failure executing: GET at: https://10.43.0.1:443/api/v1/namespaces/helmupgradeplatformit/pods/test-hivemq-platform-0. Message: Unauthorized. Received status: Status(apiVersion=v1, code=401, details=null, kind=Status, message=Unauthorized, metadata=ListMeta(_continue=null, remainingItemCount=null, resourceVersion=null, selfLink=null, additionalProperties={}), reason=Unauthorized, status=Failure, additionalProperties={}).
2025-01-29 13:27:42,772 INFO c.h.h.t.HelmChartContainer - [test-hivemq-platform] [hivemq] [67f5e367] INFO  - Shutdown completed.
2025-01-29 13:27:42,987 INFO c.h.h.t.HelmChartContainer - [test-hivemq-platform] [hivemq] [3b679f86] INFO  - Shutdown completed.
2025-01-29 13:27:43,121 INFO c.h.h.t.HelmChartContainer - [test-hivemq-platform] [hivemq] [67f5e367] INFO  - [HiveMQ Platform Operator Init App 1.7.0-SNAPSHOT] The HiveMQ Platform exited with code 143
2025-01-29 13:27:43,121 INFO c.h.h.t.HelmChartContainer - [test-hivemq-platform] [hivemq] [67f5e367] INFO  - [HiveMQ Platform Operator Init App 1.7.0-SNAPSHOT] Stopping the REST API
2025-01-29 13:27:43,128 INFO c.h.h.t.HelmChartContainer - [test-hivemq-platform] [hivemq] [67f5e367] INFO  - [HiveMQ Platform Operator Init App 1.7.0-SNAPSHOT] Shutdown complete
2025-01-29 13:27:43,338 INFO c.h.h.t.HelmChartContainer - [test-hivemq-platform] [hivemq] [3b679f86] INFO  - [HiveMQ Platform Operator Init App 1.7.0-SNAPSHOT] The HiveMQ Platform exited with code 143
2025-01-29 13:27:43,338 INFO c.h.h.t.HelmChartContainer - [test-hivemq-platform] [hivemq] [3b679f86] INFO  - [HiveMQ Platform Operator Init App 1.7.0-SNAPSHOT] Stopping the REST API
2025-01-29 13:27:43,343 INFO c.h.h.t.HelmChartContainer - [test-hivemq-platform] [hivemq] [3b679f86] INFO  - [HiveMQ Platform Operator Init App 1.7.0-SNAPSHOT] Shutdown complete
2025-01-29 13:27:43,671 INFO c.h.h.t.HelmChartContainer - [POD] test-hivemq-platform-1 [67f5e367-bec3-4376-8701-de36bb606bd9] in helmupgradeplatformit was MODIFIED
2025-01-29 13:27:43,675 INFO c.h.h.t.HelmChartContainer - [K3S] [stateful_set.go:438] "Unhandled Error" err="error syncing StatefulSet helmupgradeplatformit/test-hivemq-platform, requeuing: controllerrevisions.apps \"test-hivemq-platform-747fd99c9b\" is forbidden: unable to create new content in namespace helmupgradeplatformit because it is being terminated"
2025-01-29 13:27:43,685 INFO c.h.h.t.HelmChartContainer - [K3S] [stateful_set.go:438] "Unhandled Error" err="error syncing StatefulSet helmupgradeplatformit/test-hivemq-platform, requeuing: controllerrevisions.apps \"test-hivemq-platform-747fd99c9b\" is forbidden: unable to create new content in namespace helmupgradeplatformit because it is being terminated"
2025-01-29 13:27:43,698 INFO c.h.h.t.HelmChartContainer - [K3S] [stateful_set.go:438] "Unhandled Error" err="error syncing StatefulSet helmupgradeplatformit/test-hivemq-platform, requeuing: controllerrevisions.apps \"test-hivemq-platform-747fd99c9b\" is forbidden: unable to create new content in namespace helmupgradeplatformit because it is being terminated"
2025-01-29 13:27:43,721 INFO c.h.h.t.HelmChartContainer - [K3S] [stateful_set.go:438] "Unhandled Error" err="error syncing StatefulSet helmupgradeplatformit/test-hivemq-platform, requeuing: controllerrevisions.apps \"test-hivemq-platform-747fd99c9b\" is forbidden: unable to create new content in namespace helmupgradeplatformit because it is being terminated"
2025-01-29 13:27:43,748 INFO c.h.h.t.HelmChartContainer - [K3S] [stateful_set.go:466] "StatefulSet has been deleted" key="helmupgradeplatformit/test-hivemq-platform"
2025-01-29 13:27:43,762 INFO c.h.h.t.HelmChartContainer - [K3S] [stateful_set.go:466] "StatefulSet has been deleted" key="helmupgradeplatformit/test-hivemq-platform"
2025-01-29 13:27:43,767 INFO c.h.h.t.HelmChartContainer - [K3S] [reconciler_common.go:162] "operationExecutor.UnmountVolume started for volume \"operator-init\" (UniqueName: \"kubernetes.io/empty-dir/67f5e367-bec3-4376-8701-de36bb606bd9-operator-init\") pod \"67f5e367-bec3-4376-8701-de36bb606bd9\" (UID: \"67f5e367-bec3-4376-8701-de36bb606bd9\") "
2025-01-29 13:27:43,768 INFO c.h.h.t.HelmChartContainer - [K3S] [reconciler_common.go:162] "operationExecutor.UnmountVolume started for volume \"kube-api-access-s7xnh\" (UniqueName: \"kubernetes.io/projected/67f5e367-bec3-4376-8701-de36bb606bd9-kube-api-access-s7xnh\") pod \"67f5e367-bec3-4376-8701-de36bb606bd9\" (UID: \"67f5e367-bec3-4376-8701-de36bb606bd9\") "
2025-01-29 13:27:43,768 INFO c.h.h.t.HelmChartContainer - [K3S] [reconciler_common.go:162] "operationExecutor.UnmountVolume started for volume \"pod-info\" (UniqueName: \"kubernetes.io/configmap/67f5e367-bec3-4376-8701-de36bb606bd9-pod-info\") pod \"67f5e367-bec3-4376-8701-de36bb606bd9\" (UID: \"67f5e367-bec3-4376-8701-de36bb606bd9\") "
2025-01-29 13:27:43,768 INFO c.h.h.t.HelmChartContainer - [K3S] [reconciler_common.go:162] "operationExecutor.UnmountVolume started for volume \"broker-configuration\" (UniqueName: \"kubernetes.io/configmap/67f5e367-bec3-4376-8701-de36bb606bd9-broker-configuration\") pod \"67f5e367-bec3-4376-8701-de36bb606bd9\" (UID: \"67f5e367-bec3-4376-8701-de36bb606bd9\") "
2025-01-29 13:27:43,815 INFO c.h.h.t.HelmChartContainer - [POD] test-hivemq-platform-0 [3b679f86-14b3-4e15-87a1-f9b6d55f0c67] in helmupgradeplatformit was MODIFIED
2025-01-29 13:27:43,867 INFO c.h.h.t.HelmChartContainer - [K3S] [reconciler_common.go:299] "Volume detached for volume \"pod-info\" (UniqueName: \"kubernetes.io/configmap/67f5e367-bec3-4376-8701-de36bb606bd9-pod-info\") on node \"234925720b1a\" DevicePath \"\""
2025-01-29 13:27:43,868 INFO c.h.h.t.HelmChartContainer - [K3S] [reconciler_common.go:299] "Volume detached for volume \"broker-configuration\" (UniqueName: \"kubernetes.io/configmap/67f5e367-bec3-4376-8701-de36bb606bd9-broker-configuration\") on node \"234925720b1a\" DevicePath \"\""
2025-01-29 13:27:43,868 INFO c.h.h.t.HelmChartContainer - [K3S] [reconciler_common.go:299] "Volume detached for volume \"operator-init\" (UniqueName: \"kubernetes.io/empty-dir/67f5e367-bec3-4376-8701-de36bb606bd9-operator-init\") on node \"234925720b1a\" DevicePath \"\""
2025-01-29 13:27:43,868 INFO c.h.h.t.HelmChartContainer - [K3S] [reconciler_common.go:299] "Volume detached for volume \"kube-api-access-s7xnh\" (UniqueName: \"kubernetes.io/projected/67f5e367-bec3-4376-8701-de36bb606bd9-kube-api-access-s7xnh\") on node \"234925720b1a\" DevicePath \"\""
2025-01-29 13:27:43,968 INFO c.h.h.t.HelmChartContainer - [K3S] [reconciler_common.go:162] "operationExecutor.UnmountVolume started for volume \"pod-info\" (UniqueName: \"kubernetes.io/configmap/3b679f86-14b3-4e15-87a1-f9b6d55f0c67-pod-info\") pod \"3b679f86-14b3-4e15-87a1-f9b6d55f0c67\" (UID: \"3b679f86-14b3-4e15-87a1-f9b6d55f0c67\") "
2025-01-29 13:27:43,968 INFO c.h.h.t.HelmChartContainer - [K3S] [reconciler_common.go:162] "operationExecutor.UnmountVolume started for volume \"kube-api-access-9vgbp\" (UniqueName: \"kubernetes.io/projected/3b679f86-14b3-4e15-87a1-f9b6d55f0c67-kube-api-access-9vgbp\") pod \"3b679f86-14b3-4e15-87a1-f9b6d55f0c67\" (UID: \"3b679f86-14b3-4e15-87a1-f9b6d55f0c67\") "
2025-01-29 13:27:43,968 INFO c.h.h.t.HelmChartContainer - [K3S] [reconciler_common.go:162] "operationExecutor.UnmountVolume started for volume \"broker-configuration\" (UniqueName: \"kubernetes.io/configmap/3b679f86-14b3-4e15-87a1-f9b6d55f0c67-broker-configuration\") pod \"3b679f86-14b3-4e15-87a1-f9b6d55f0c67\" (UID: \"3b679f86-14b3-4e15-87a1-f9b6d55f0c67\") "
2025-01-29 13:27:43,969 INFO c.h.h.t.HelmChartContainer - [K3S] [reconciler_common.go:162] "operationExecutor.UnmountVolume started for volume \"operator-init\" (UniqueName: \"kubernetes.io/empty-dir/3b679f86-14b3-4e15-87a1-f9b6d55f0c67-operator-init\") pod \"3b679f86-14b3-4e15-87a1-f9b6d55f0c67\" (UID: \"3b679f86-14b3-4e15-87a1-f9b6d55f0c67\") "
2025-01-29 13:27:44,069 INFO c.h.h.t.HelmChartContainer - [K3S] [reconciler_common.go:299] "Volume detached for volume \"broker-configuration\" (UniqueName: \"kubernetes.io/configmap/3b679f86-14b3-4e15-87a1-f9b6d55f0c67-broker-configuration\") on node \"234925720b1a\" DevicePath \"\""
2025-01-29 13:27:44,069 INFO c.h.h.t.HelmChartContainer - [K3S] [reconciler_common.go:299] "Volume detached for volume \"operator-init\" (UniqueName: \"kubernetes.io/empty-dir/3b679f86-14b3-4e15-87a1-f9b6d55f0c67-operator-init\") on node \"234925720b1a\" DevicePath \"\""
2025-01-29 13:27:44,069 INFO c.h.h.t.HelmChartContainer - [K3S] [reconciler_common.go:299] "Volume detached for volume \"pod-info\" (UniqueName: \"kubernetes.io/configmap/3b679f86-14b3-4e15-87a1-f9b6d55f0c67-pod-info\") on node \"234925720b1a\" DevicePath \"\""
2025-01-29 13:27:44,069 INFO c.h.h.t.HelmChartContainer - [K3S] [reconciler_common.go:299] "Volume detached for volume \"kube-api-access-9vgbp\" (UniqueName: \"kubernetes.io/projected/3b679f86-14b3-4e15-87a1-f9b6d55f0c67-kube-api-access-9vgbp\") on node \"234925720b1a\" DevicePath \"\""
2025-01-29 13:27:44,079 INFO c.h.h.t.HelmChartContainer - [K3S] [scope.go:117] "RemoveContainer" containerID="a8389dc06dd1b02f1bccffcdd88224c1ab002dc09c793a292ac0a1c1c5333839"
2025-01-29 13:27:44,096 INFO c.h.h.t.HelmChartContainer - [POD] test-hivemq-platform-0 [3b679f86-14b3-4e15-87a1-f9b6d55f0c67] in helmupgradeplatformit was MODIFIED
2025-01-29 13:27:44,103 INFO c.h.h.t.HelmChartContainer - [POD] test-hivemq-platform-0 [3b679f86-14b3-4e15-87a1-f9b6d55f0c67] in helmupgradeplatformit was DELETED
2025-01-29 13:27:44,119 INFO c.h.h.t.HelmChartContainer - [POD] test-hivemq-platform-1 [67f5e367-bec3-4376-8701-de36bb606bd9] in helmupgradeplatformit was MODIFIED
2025-01-29 13:27:44,124 INFO c.h.h.t.HelmChartContainer - [POD] test-hivemq-platform-1 [67f5e367-bec3-4376-8701-de36bb606bd9] in helmupgradeplatformit was DELETED
2025-01-29 13:27:44,186 INFO c.h.h.t.HelmChartContainer - [K3S] [kubelet_volumes.go:163] "Cleaned up orphaned pod volumes dir" podUID="3b679f86-14b3-4e15-87a1-f9b6d55f0c67" path="/var/lib/kubelet/pods/3b679f86-14b3-4e15-87a1-f9b6d55f0c67/volumes"
2025-01-29 13:27:44,186 INFO c.h.h.t.HelmChartContainer - [K3S] [kubelet_volumes.go:163] "Cleaned up orphaned pod volumes dir" podUID="67f5e367-bec3-4376-8701-de36bb606bd9" path="/var/lib/kubelet/pods/67f5e367-bec3-4376-8701-de36bb606bd9/volumes"
2025-01-29 13:27:44,196 INFO c.h.h.t.HelmChartContainer - [K3S] [scope.go:117] "RemoveContainer" containerID="15667cc02c8be2b3ce797824d438acf9534016830ea59ef7ebbcc1cb76dee102"
2025-01-29 13:27:44,199 INFO c.h.h.t.HelmChartContainer - [K3S] [scope.go:117] "RemoveContainer" containerID="a8389dc06dd1b02f1bccffcdd88224c1ab002dc09c793a292ac0a1c1c5333839"
2025-01-29 13:27:44,200 INFO c.h.h.t.HelmChartContainer - [K3S] [scope.go:117] "RemoveContainer" containerID="15667cc02c8be2b3ce797824d438acf9534016830ea59ef7ebbcc1cb76dee102"
2025-01-29 13:27:44,201 INFO c.h.h.t.HelmChartContainer - [K3S] [scope.go:117] "RemoveContainer" containerID="5cbd65ef740ad47ee321db96122df3760b0b38e03fad2a6b402bff9f0a615b95"
2025-01-29 13:27:44,292 INFO c.h.h.t.HelmChartContainer - [K3S] [scope.go:117] "RemoveContainer" containerID="90647be7a97e6d3babe83bc2dd342544a477003c2c69db18757a1495e01acbf4"
2025-01-29 13:27:44,295 INFO c.h.h.t.HelmChartContainer - [K3S] [scope.go:117] "RemoveContainer" containerID="5cbd65ef740ad47ee321db96122df3760b0b38e03fad2a6b402bff9f0a615b95"
2025-01-29 13:27:44,295 INFO c.h.h.t.HelmChartContainer - [K3S] [scope.go:117] "RemoveContainer" containerID="90647be7a97e6d3babe83bc2dd342544a477003c2c69db18757a1495e01acbf4"
2025-01-29 13:27:48,985 INFO c.h.h.t.HelmChartContainer - Namespace 'helmupgradeplatformit' deleted
2025-01-29 13:27:48,985 INFO c.h.h.t.HelmChartContainer - Release 'test-hivemq-platform' in namespace 'helmupgradeplatformit' is uninstalled
2025-01-29 13:27:48,985 INFO c.h.h.t.HelmChartContainer - Uninstalling release 'test-hivemq-platform-operator' in namespace 'helmupgradeplatformit-operator'...
2025-01-29 13:27:48,985 DEBUG c.h.h.t.HelmChartContainer - Executing helm command: /bin/helm --kubeconfig /etc/rancher/k3s/k3s.yaml uninstall test-hivemq-platform-operator  --wait --timeout 5m0s --cascade foreground --namespace helmupgradeplatformit-operator
2025-01-29 13:27:49,150 INFO c.h.h.t.HelmChartContainer - [K3S] [replica_set.go:679] "Finished syncing" kind="ReplicaSet" key="helmupgradeplatformit-operator/hivemq-test-hivemq-platform-operator-6966f96d65" duration="7.068257ms"
2025-01-29 13:27:49,150 INFO c.h.h.t.HelmChartContainer - [K3S] [replica_set.go:679] "Finished syncing" kind="ReplicaSet" key="helmupgradeplatformit-operator/hivemq-test-hivemq-platform-operator-6966f96d65" duration="41.347µs"
2025-01-29 13:27:49,174 INFO c.h.h.t.HelmChartContainer - [POD] hivemq-test-hivemq-platform-operator-6966f96d65-mhk46 [d2ef3e8d-2d64-4751-9ee1-5ebd779ef8cf] in helmupgradeplatformit-operator was MODIFIED
2025-01-29 13:27:49,185 INFO c.h.h.t.HelmChartContainer - [K3S] [replica_set.go:679] "Finished syncing" kind="ReplicaSet" key="helmupgradeplatformit-operator/hivemq-test-hivemq-platform-operator-6966f96d65" duration="15.261141ms"
2025-01-29 13:27:49,185 INFO c.h.h.t.HelmChartContainer - [K3S] [replica_set.go:679] "Finished syncing" kind="ReplicaSet" key="helmupgradeplatformit-operator/hivemq-test-hivemq-platform-operator-6966f96d65" duration="34.654µs"
2025-01-29 13:27:49,185 INFO c.h.h.t.HelmChartContainer - [EVENT] Normal [Killing] Stopping container hivemq-platform-operator [helmupgradeplatformit-operator:hivemq-test-hivemq-platform-operator-6966f96d65-mhk46]
2025-01-29 13:27:49,186 INFO c.h.h.t.HelmChartContainer - Received Killing event for container hivemq-platform-operator in pod hivemq-test-hivemq-platform-operator-6966f96d65-mhk46 [d2ef3e8d-2d64-4751-9ee1-5ebd779ef8cf]
2025-01-29 13:27:49,186 INFO c.h.h.t.HelmChartContainer - Container [hivemq-test-hivemq-platform-operator-6966f96d65-mhk46] [hivemq-platform-operator] [d2ef3e8d-2d64-4751-9ee1-5ebd779ef8cf] was terminated
2025-01-29 13:27:49,186 INFO c.h.h.t.HelmChartContainer - Stopped log watcher for hivemq-platform-operator in pod hivemq-test-hivemq-platform-operator-6966f96d65-mhk46 [d2ef3e8d-2d64-4751-9ee1-5ebd779ef8cf]
2025-01-29 13:27:49,190 INFO c.h.h.t.HelmChartContainer - [hivemq-test-hivemq-platform] [hivemq-platform-operator] [d2ef3e8d] 13:27:49.187 [application-shutdown-thread] INFO  c.h.p.o.HiveMQPlatformOperatorApplication - HiveMQ Platform Operator is stopping...
2025-01-29 13:27:49,190 INFO c.h.h.t.HelmChartContainer - [hivemq-test-hivemq-platform] [hivemq-platform-operator] [d2ef3e8d] 13:27:49.189 [application-shutdown-thread] INFO  i.javaoperatorsdk.operator.Operator - Operator SDK 4.9.7 is shutting down...
2025-01-29 13:27:49,694 INFO c.h.h.t.HelmChartContainer - [K3S] [reconciler_common.go:162] "operationExecutor.UnmountVolume started for volume \"kube-api-access-ffkd7\" (UniqueName: \"kubernetes.io/projected/d2ef3e8d-2d64-4751-9ee1-5ebd779ef8cf-kube-api-access-ffkd7\") pod \"d2ef3e8d-2d64-4751-9ee1-5ebd779ef8cf\" (UID: \"d2ef3e8d-2d64-4751-9ee1-5ebd779ef8cf\") "
2025-01-29 13:27:49,699 INFO c.h.h.t.HelmChartContainer - [K3S] [replica_set.go:679] "Finished syncing" kind="ReplicaSet" key="helmupgradeplatformit-operator/hivemq-test-hivemq-platform-operator-6966f96d65" duration="44.654µs"
2025-01-29 13:27:49,700 INFO c.h.h.t.HelmChartContainer - [POD] hivemq-test-hivemq-platform-operator-6966f96d65-mhk46 [d2ef3e8d-2d64-4751-9ee1-5ebd779ef8cf] in helmupgradeplatformit-operator was MODIFIED
2025-01-29 13:27:49,795 INFO c.h.h.t.HelmChartContainer - [K3S] [reconciler_common.go:299] "Volume detached for volume \"kube-api-access-ffkd7\" (UniqueName: \"kubernetes.io/projected/d2ef3e8d-2d64-4751-9ee1-5ebd779ef8cf-kube-api-access-ffkd7\") on node \"234925720b1a\" DevicePath \"\""
2025-01-29 13:27:50,093 INFO c.h.h.t.HelmChartContainer - [K3S] [scope.go:117] "RemoveContainer" containerID="c29c9acfa6e58bb3c40a45891f9b48517dfacd4436878f37778a65c40e6153d4"
2025-01-29 13:27:50,097 INFO c.h.h.t.HelmChartContainer - [K3S] [scope.go:117] "RemoveContainer" containerID="c29c9acfa6e58bb3c40a45891f9b48517dfacd4436878f37778a65c40e6153d4"
2025-01-29 13:27:50,107 INFO c.h.h.t.HelmChartContainer - [K3S] [replica_set.go:679] "Finished syncing" kind="ReplicaSet" key="helmupgradeplatformit-operator/hivemq-test-hivemq-platform-operator-6966f96d65" duration="53.941µs"
2025-01-29 13:27:50,108 INFO c.h.h.t.HelmChartContainer - [POD] hivemq-test-hivemq-platform-operator-6966f96d65-mhk46 [d2ef3e8d-2d64-4751-9ee1-5ebd779ef8cf] in helmupgradeplatformit-operator was MODIFIED
2025-01-29 13:27:50,110 INFO c.h.h.t.HelmChartContainer - [K3S] [replica_set.go:679] "Finished syncing" kind="ReplicaSet" key="helmupgradeplatformit-operator/hivemq-test-hivemq-platform-operator-6966f96d65" duration="34.585µs"
2025-01-29 13:27:50,110 INFO c.h.h.t.HelmChartContainer - [POD] hivemq-test-hivemq-platform-operator-6966f96d65-mhk46 [d2ef3e8d-2d64-4751-9ee1-5ebd779ef8cf] in helmupgradeplatformit-operator was DELETED
2025-01-29 13:27:50,120 INFO c.h.h.t.HelmChartContainer - [K3S] [replica_set.go:679] "Finished syncing" kind="ReplicaSet" key="helmupgradeplatformit-operator/hivemq-test-hivemq-platform-operator-6966f96d65" duration="7.565µs"
2025-01-29 13:27:50,185 INFO c.h.h.t.HelmChartContainer - [K3S] [kubelet_volumes.go:163] "Cleaned up orphaned pod volumes dir" podUID="d2ef3e8d-2d64-4751-9ee1-5ebd779ef8cf" path="/var/lib/kubelet/pods/d2ef3e8d-2d64-4751-9ee1-5ebd779ef8cf/volumes"
2025-01-29 13:27:51,210 INFO c.h.h.t.HelmChartContainer - Deleting namespace 'helmupgradeplatformit-operator'...
2025-01-29 13:27:53,909 INFO c.h.h.t.HelmChartContainer - [K3S] [namespace_controller.go:187] "Namespace has been deleted" namespace="helmupgradeplatformit"
2025-01-29 13:27:56,428 INFO c.h.h.t.HelmChartContainer - Namespace 'helmupgradeplatformit-operator' deleted
2025-01-29 13:27:56,428 INFO c.h.h.t.HelmChartContainer - Release 'test-hivemq-platform-operator' in namespace 'helmupgradeplatformit-operator' is uninstalled
2025-01-29 13:27:57,276 INFO c.h.helmcharts.AbstractHelmChartIT - Removed unused containers:

2025-01-29 13:28:01,364 INFO c.h.h.t.HelmChartContainer - [K3S] [namespace_controller.go:187] "Namespace has been deleted" namespace="helmupgradeplatformit-operator"
2025-01-29 13:28:05,526 INFO c.h.helmcharts.AbstractHelmChartIT - Removed unused snapshots:
Removing snapshot sha256:03af251906410714c5aef9fa705b63f6bbc39c4a5e787de7361eeb18886c2ed2
Removing snapshot sha256:0c46b3b43cce082ce5ec34ffc6c294e0417d17b9d1e6f366d114b6aadc4f96dc
Removing snapshot sha256:0ce761beee59082d6ed5bcebd3a805b8ddd9b3426b617e4809e7fb7c6587ffec
Removing snapshot sha256:0df91287303208332c8ff6ba40ae4710105201739addbfbddfb955f1ad593664
Removing snapshot sha256:1021ef88c7974bfff89c5a0ec4fd3160daac6c48a075f74cff721f85dd104e68
Removing snapshot sha256:10aba4953ddc18145dd38e3704709bc464aa20af60b56fe52caaff4b68411e62
Removing snapshot sha256:221fd0d321d85d3e26447c185eae0a46d53e9695e0fd40a1321a5c29b0b9756a
Removing snapshot sha256:2573e0d8158209ed54ab25c87bcdcb00bd3d2539246960a3d592a1c599d70465
Removing snapshot sha256:362a8a37f8bbc31925a8146adcf7cf51f9882f5c1dcbef67c5baa03a297543c0
Removing snapshot sha256:3fa4ad33f0ddc8fd45b39b6b4640f82a3a83619606cd975bfe89d8710ad2d4cd
Removing snapshot sha256:43a7c979bbaba6838bc3102d6b10a1459f3ab050b87ccdfef84ef90cf43d3058
Removing snapshot sha256:4ab04491cdf0d3267f08206fe30bd48f49f94b9cab2f016d6739220f722a64af
Removing snapshot sha256:4b6068250e89c96f263060261819c7d912855bfbd64b3eb4c4a8483299b8c295
Removing snapshot sha256:580e69a0a8034ede1921139bbd2bfb72a69ebf276d008281896c32dd8bf74775
Removing snapshot sha256:5d30ba46b27fe37484567ccc5242cadc78217b8da605f3f195ef25cbf7487904
Removing snapshot sha256:63ca1fbb43ae5034640e5e6cb3e083e05c290072c5366fcaa9d62435a4cced85
Removing snapshot sha256:67f702c6baae873bceb19487c8b1f27bd2b86077e4f2f0e480e6d60ab508b8f5
Removing snapshot sha256:6864348dd42806d552efdec384f1274be15e2d0c10ce44c1f04347af004c10a9
Removing snapshot sha256:6c7dee8f2c39b84b7dc2711c01d33de93514d9055499173e9290176fbe484b6c
Removing snapshot sha256:82753493a6d61ded36556292f02f31841a14c20d2f279f19eaad65afb661d5cd
Removing snapshot sha256:8a10d3db42c505ee0fcfa98417bdd7e39b304f6bcc0a06bb1b220797ff2cc63c
Removing snapshot sha256:97c3384e6c71e4f6e3049db3fafb5de4b535399841216a4734c470e57832bb25
Removing snapshot sha256:a21e5b12dbac529ad45d976eb9ce45c881f3bedcc500fb30aba1e52aa1813418
Removing snapshot sha256:b921e6c28969094157f9b8e7244677780319637afd14450b7cb6b2fdea558a0c
Removing snapshot sha256:bc27ecb5769a00e309cf99ebc763c4a4b958b618d1decc96ffac5bc05f02f5b7
Removing snapshot sha256:be3ccb6627a5332e309d45ef461d09b4879dd870c7394d89323d0ebc6ca6aa8a
Removing snapshot sha256:c261f7cbbc64211ee175ee47273acdb7b1a36a4450b397a064a8f2c026490095
Removing snapshot sha256:c34d9393647eea0c9e3557ab988efaf59f61d10a2a5613b439ef0958cca5ec10
Removing snapshot sha256:ccf3c4a0fa967a41c1c83497a2ce6fa5787965859df0adb32c4ca2cf7490bc2b
Removing snapshot sha256:cf92d33f869417309692088c341cd0f223c178ea78a125f757317b22aa8f90e9
Removing snapshot sha256:d0037344cf2fb078884f1849f6a1f8cf9a33a3b6139b6a85833e5ee528e1f9a8
Removing snapshot sha256:d3b36d5b79273b1e98e7700470eaeff05a882e777124d84cebcc1505b85ecb36
Removing snapshot sha256:d65a44a37914602d12c611e5e22a50f11451d847e63015cc1c2aef92dee777a4
Removing snapshot sha256:e2dc0bae2455930f23ae570e019b7f32edc75c0f2d71cab084db837ff9051796
Removing snapshot sha256:eccbd24a99c60cd9e86ee5305dbfc4a4dc89f5ab4fb1f06c8d64797cecedef34
Removing snapshot sha256:f144bb4c7c7f0d2aa7eeffd36d934ec40db1ee167be727e326aad9fdc616f475

]]></system-out>
  </testcase>
  <system-out><![CDATA[2025-01-29 13:25:22,374 INFO c.h.h.t.HelmChartContainerExtension - Using cached HelmChartContainer instance
]]></system-out>
  <system-err><![CDATA[]]></system-err>
</testsuite>
