<?xml version="1.0" encoding="UTF-8"?>
<testsuite name="com.hivemq.helmcharts.securitycontext.HelmPodSecurityContextUpgradeExtensionIT" tests="2" skipped="0" failures="0" errors="0" timestamp="2025-02-26T14:35:27" hostname="fv-az1306-543" time="405.147">
  <properties/>
  <testcase name="Operator values: (UID=0, GID=0, valuesFile='/files/operator-pod-security-context-root-user-values.yaml') and Platform values: (UID=0, GID=0, valuesFile='/files/platform-pod-security-context-root-user-with-tracing-extension-values.yaml')" classname="com.hivemq.helmcharts.securitycontext.HelmPodSecurityContextUpgradeExtensionIT" time="208.476"/>
  <testcase name="Operator values: (UID=185, GID=0, valuesFile='/files/operator-pod-security-context-non-root-user-values.yaml') and Platform values: (UID=10000, GID=0, valuesFile='/files/platform-pod-security-context-non-root-user-with-tracing-extension-values.yaml')" classname="com.hivemq.helmcharts.securitycontext.HelmPodSecurityContextUpgradeExtensionIT" time="196.67"/>
</testsuite>
