<?xml version="1.0" encoding="UTF-8"?>
<testsuite name="com.hivemq.helmcharts.extensions.HelmCustomExtensionIT" tests="1" skipped="0" failures="0" errors="0" timestamp="2025-08-13T06:34:27" hostname="pkrvmsl9tci6h6u" time="106.354">
  <properties/>
  <testcase name="platformChart_whenCustomExtensionIsConfigured_withHttp_thenStartsUpSuccessfully()" classname="com.hivemq.helmcharts.extensions.HelmCustomExtensionIT" time="106.354"/>
</testsuite>
