<?xml version="1.0" encoding="UTF-8"?>
<testsuite name="com.hivemq.helmcharts.services.HelmMqttIT" tests="5" skipped="0" failures="0" errors="0" timestamp="2025-01-29T13:54:46" hostname="fv-az1928-742" time="503.457">
  <properties/>
  <testcase name="platformChart_withCustomServiceName_thenSendsReceivesMessage()" classname="com.hivemq.helmcharts.services.HelmMqttIT" time="103.719">
    <system-out><![CDATA[2025-01-29 13:54:46,593 INFO c.h.h.t.HelmChartContainer - Creating namespace 'helmmqttit-operator'...
2025-01-29 13:54:46,862 INFO c.h.h.t.HelmChartContainer - Namespace 'helmmqttit-operator' created
2025-01-29 13:54:46,862 INFO c.h.h.t.HelmChartContainer - Creating namespace 'helmmqttit'...
2025-01-29 13:54:46,866 INFO c.h.h.t.HelmChartContainer - [POD] coredns-ff8999cc5-zqct8 [818a6118-165a-4e0e-979e-2c6998c2277f] in kube-system was ADDED
2025-01-29 13:54:46,871 INFO c.h.h.t.HelmChartContainer - [POD] local-path-provisioner-698b58967b-dh89s [b9530b58-e639-48b2-aede-1af47c0a8820] in kube-system was ADDED
2025-01-29 13:54:46,873 INFO c.h.h.t.HelmChartContainer - [POD] metrics-server-8584b5786c-qxnq8 [bfd8efc7-fecf-43a4-9ff0-9788b7a1002b] in kube-system was ADDED
2025-01-29 13:54:46,879 INFO c.h.h.t.HelmChartContainer - Namespace 'helmmqttit' created
2025-01-29 13:54:46,955 DEBUG c.h.h.t.HelmChartContainer - Executing helm command: /bin/helm --kubeconfig /etc/rancher/k3s/k3s.yaml install test-hivemq-platform-operator /charts/hivemq-platform-operator --wait --timeout 5m0s --set image.repository=docker.io/hivemq --set image.name=hivemq-platform-operator-test --set image.initImageName=hivemq-platform-operator-init-test --set image.tag=snapshot --set image.pullPolicy=Never --set logLevel=DEBUG --set resources.cpu=512m --namespace helmmqttit-operator
2025-01-29 13:54:49,307 INFO c.h.h.t.HelmChartContainer - [K3S] [alloc.go:330] "allocated clusterIPs" service="helmmqttit-operator/hivemq-platform-operator-test-hivemq-platform-operator" clusterIPs={"IPv4":"10.43.239.116"}
2025-01-29 13:54:49,323 INFO c.h.h.t.HelmChartContainer - [EVENT] Normal [ScalingReplicaSet] Scaled up replica set hivemq-test-hivemq-platform-operator-6966f96d65 from 0 to 1 [helmmqttit-operator:hivemq-test-hivemq-platform-operator]
2025-01-29 13:54:49,331 INFO c.h.h.t.HelmChartContainer - [POD] hivemq-test-hivemq-platform-operator-6966f96d65-8svrz [72b2a26c-e05a-43ad-8482-c657890deb58] in helmmqttit-operator was ADDED
2025-01-29 13:54:49,334 INFO c.h.h.t.HelmChartContainer - [EVENT] Normal [SuccessfulCreate] Created pod: hivemq-test-hivemq-platform-operator-6966f96d65-8svrz [helmmqttit-operator:hivemq-test-hivemq-platform-operator-6966f96d65]
2025-01-29 13:54:49,344 INFO c.h.h.t.HelmChartContainer - [K3S] [replica_set.go:679] "Finished syncing" kind="ReplicaSet" key="helmmqttit-operator/hivemq-test-hivemq-platform-operator-6966f96d65" duration="20.819829ms"
2025-01-29 13:54:49,345 INFO c.h.h.t.HelmChartContainer - [POD] hivemq-test-hivemq-platform-operator-6966f96d65-8svrz [72b2a26c-e05a-43ad-8482-c657890deb58] in helmmqttit-operator was MODIFIED
2025-01-29 13:54:49,346 INFO c.h.h.t.HelmChartContainer - [EVENT] Normal [Scheduled] Successfully assigned helmmqttit-operator/hivemq-test-hivemq-platform-operator-6966f96d65-8svrz to b2f104d21a5d [helmmqttit-operator:hivemq-test-hivemq-platform-operator-6966f96d65-8svrz]
2025-01-29 13:54:49,362 INFO c.h.h.t.HelmChartContainer - [K3S] [replica_set.go:679] "Finished syncing" kind="ReplicaSet" key="helmmqttit-operator/hivemq-test-hivemq-platform-operator-6966f96d65" duration="22.780636ms"
2025-01-29 13:54:49,362 INFO c.h.h.t.HelmChartContainer - [K3S] [replica_set.go:679] "Finished syncing" kind="ReplicaSet" key="helmmqttit-operator/hivemq-test-hivemq-platform-operator-6966f96d65" duration="36.839µs"
2025-01-29 13:54:49,369 INFO c.h.h.t.HelmChartContainer - [POD] hivemq-test-hivemq-platform-operator-6966f96d65-8svrz [72b2a26c-e05a-43ad-8482-c657890deb58] in helmmqttit-operator was MODIFIED
2025-01-29 13:54:49,398 INFO c.h.h.t.HelmChartContainer - [K3S] [reconciler_common.go:251] "operationExecutor.VerifyControllerAttachedVolume started for volume \"kube-api-access-ngd2w\" (UniqueName: \"kubernetes.io/projected/72b2a26c-e05a-43ad-8482-c657890deb58-kube-api-access-ngd2w\") pod \"hivemq-test-hivemq-platform-operator-6966f96d65-8svrz\" (UID: \"72b2a26c-e05a-43ad-8482-c657890deb58\") " pod="helmmqttit-operator/hivemq-test-hivemq-platform-operator-6966f96d65-8svrz"
2025-01-29 13:54:49,733 INFO c.h.h.t.HelmChartContainer - [EVENT] Normal [Pulled] Container image "docker.io/hivemq/hivemq-platform-operator-test:snapshot" already present on machine [helmmqttit-operator:hivemq-test-hivemq-platform-operator-6966f96d65-8svrz]
2025-01-29 13:54:49,734 INFO c.h.h.t.HelmChartContainer - Received Pulled event for container hivemq-platform-operator in pod hivemq-test-hivemq-platform-operator-6966f96d65-8svrz [72b2a26c-e05a-43ad-8482-c657890deb58]
2025-01-29 13:54:49,740 INFO c.h.h.t.HelmChartContainer - [EVENT] Normal [Created] Created container: hivemq-platform-operator [helmmqttit-operator:hivemq-test-hivemq-platform-operator-6966f96d65-8svrz]
2025-01-29 13:54:49,740 INFO c.h.h.t.HelmChartContainer - Received Created event for container hivemq-platform-operator in pod hivemq-test-hivemq-platform-operator-6966f96d65-8svrz [72b2a26c-e05a-43ad-8482-c657890deb58]
2025-01-29 13:54:50,282 INFO c.h.h.t.HelmChartContainer - [K3S] [replica_set.go:679] "Finished syncing" kind="ReplicaSet" key="helmmqttit-operator/hivemq-test-hivemq-platform-operator-6966f96d65" duration="40.145µs"
2025-01-29 13:54:50,282 INFO c.h.h.t.HelmChartContainer - [POD] hivemq-test-hivemq-platform-operator-6966f96d65-8svrz [72b2a26c-e05a-43ad-8482-c657890deb58] in helmmqttit-operator was MODIFIED
2025-01-29 13:54:50,317 INFO c.h.h.t.HelmChartContainer - Started log watcher for hivemq-platform-operator in pod hivemq-test-hivemq-platform-operator-6966f96d65-8svrz [72b2a26c-e05a-43ad-8482-c657890deb58]
2025-01-29 13:54:50,318 INFO c.h.h.t.HelmChartContainer - [EVENT] Normal [Started] Started container hivemq-platform-operator [helmmqttit-operator:hivemq-test-hivemq-platform-operator-6966f96d65-8svrz]
2025-01-29 13:54:50,318 INFO c.h.h.t.HelmChartContainer - Received Started event for container hivemq-platform-operator in pod hivemq-test-hivemq-platform-operator-6966f96d65-8svrz [72b2a26c-e05a-43ad-8482-c657890deb58]
2025-01-29 13:54:50,318 INFO c.h.h.t.HelmChartContainer - [hivemq-test-hivemq-platform] [hivemq-platform-operator] [72b2a26c] -------------------------------------------------------------------------
2025-01-29 13:54:50,318 INFO c.h.h.t.HelmChartContainer - [hivemq-test-hivemq-platform] [hivemq-platform-operator] [72b2a26c] 
2025-01-29 13:54:50,318 INFO c.h.h.t.HelmChartContainer - [hivemq-test-hivemq-platform] [hivemq-platform-operator] [72b2a26c]                   _    _  _              __  __   ____
2025-01-29 13:54:50,318 INFO c.h.h.t.HelmChartContainer - [hivemq-test-hivemq-platform] [hivemq-platform-operator] [72b2a26c]                  | |  | |(_)            |  \/  | / __ \
2025-01-29 13:54:50,319 INFO c.h.h.t.HelmChartContainer - [hivemq-test-hivemq-platform] [hivemq-platform-operator] [72b2a26c]                  | |__| | _ __   __ ___ | \  / || |  | |
2025-01-29 13:54:50,319 INFO c.h.h.t.HelmChartContainer - [hivemq-test-hivemq-platform] [hivemq-platform-operator] [72b2a26c]                  |  __  || |\ \ / // _ \| |\/| || |  | |
2025-01-29 13:54:50,319 INFO c.h.h.t.HelmChartContainer - [hivemq-test-hivemq-platform] [hivemq-platform-operator] [72b2a26c]                  | |  | || | \ V /|  __/| |  | || |__| |
2025-01-29 13:54:50,319 INFO c.h.h.t.HelmChartContainer - [hivemq-test-hivemq-platform] [hivemq-platform-operator] [72b2a26c]                  |_|  |_||_|  \_/  \___||_|  |_| \___\_\
2025-01-29 13:54:50,319 INFO c.h.h.t.HelmChartContainer - [hivemq-test-hivemq-platform] [hivemq-platform-operator] [72b2a26c] 
2025-01-29 13:54:50,319 INFO c.h.h.t.HelmChartContainer - [hivemq-test-hivemq-platform] [hivemq-platform-operator] [72b2a26c] -------------------------------------------------------------------------
2025-01-29 13:54:50,319 INFO c.h.h.t.HelmChartContainer - [hivemq-test-hivemq-platform] [hivemq-platform-operator] [72b2a26c] 
2025-01-29 13:54:50,319 INFO c.h.h.t.HelmChartContainer - [hivemq-test-hivemq-platform] [hivemq-platform-operator] [72b2a26c]   HiveMQ Platform Operator Start Script v1.0
2025-01-29 13:54:50,319 INFO c.h.h.t.HelmChartContainer - [hivemq-test-hivemq-platform] [hivemq-platform-operator] [72b2a26c] 
2025-01-29 13:54:50,319 INFO c.h.h.t.HelmChartContainer - [hivemq-test-hivemq-platform] [hivemq-platform-operator] [72b2a26c] -------------------------------------------------------------------------
2025-01-29 13:54:50,319 INFO c.h.h.t.HelmChartContainer - [hivemq-test-hivemq-platform] [hivemq-platform-operator] [72b2a26c] 
2025-01-29 13:54:50,319 INFO c.h.h.t.HelmChartContainer - [hivemq-test-hivemq-platform] [hivemq-platform-operator] [72b2a26c]   JAVA_OPTS: -XX:+UnlockExperimentalVMOptions -XX:InitialRAMPercentage=75 -XX:MaxRAMPercentage=75 -Duser.language=en -Duser.region=US
2025-01-29 13:54:50,319 INFO c.h.h.t.HelmChartContainer - [hivemq-test-hivemq-platform] [hivemq-platform-operator] [72b2a26c] 
2025-01-29 13:54:50,319 INFO c.h.h.t.HelmChartContainer - [hivemq-test-hivemq-platform] [hivemq-platform-operator] [72b2a26c]   JAVA_VERSION: 21
2025-01-29 13:54:50,319 INFO c.h.h.t.HelmChartContainer - [hivemq-test-hivemq-platform] [hivemq-platform-operator] [72b2a26c] 
2025-01-29 13:54:50,319 INFO c.h.h.t.HelmChartContainer - [hivemq-test-hivemq-platform] [hivemq-platform-operator] [72b2a26c] -------------------------------------------------------------------------
2025-01-29 13:54:50,319 INFO c.h.h.t.HelmChartContainer - [hivemq-test-hivemq-platform] [hivemq-platform-operator] [72b2a26c] 
2025-01-29 13:54:53,053 INFO c.h.h.t.HelmChartContainer - [hivemq-test-hivemq-platform] [hivemq-platform-operator] [72b2a26c] 13:54:52.993 [main] DEBUG org.jboss.logging - Logging Provider: org.jboss.logging.Slf4jLoggerProvider
2025-01-29 13:54:53,184 INFO c.h.h.t.HelmChartContainer - [hivemq-test-hivemq-platform] [hivemq-platform-operator] [72b2a26c] 13:54:53.182 [main] DEBUG io.smallrye.config - SRCFG01006: Loaded ConfigSource SysPropConfigSource with ordinal 400
2025-01-29 13:54:53,185 INFO c.h.h.t.HelmChartContainer - [hivemq-test-hivemq-platform] [hivemq-platform-operator] [72b2a26c] 13:54:53.183 [main] DEBUG io.smallrye.config - SRCFG01006: Loaded ConfigSource EnvConfigSource with ordinal 300
2025-01-29 13:54:53,185 INFO c.h.h.t.HelmChartContainer - [hivemq-test-hivemq-platform] [hivemq-platform-operator] [72b2a26c] 13:54:53.183 [main] DEBUG io.smallrye.config - SRCFG01006: Loaded ConfigSource PropertiesConfigSource[source=jar:file:///opt/hivemq-platform-operator/bin/hivemq-platform-operator.jar!/hivemq-platform-operator.properties] with ordinal 100
2025-01-29 13:54:53,185 INFO c.h.h.t.HelmChartContainer - [hivemq-test-hivemq-platform] [hivemq-platform-operator] [72b2a26c] 13:54:53.183 [main] DEBUG io.smallrye.config - SRCFG01006: Loaded ConfigSource DefaultValuesConfigSource with ordinal -2147483648
2025-01-29 13:54:53,284 INFO c.h.h.t.HelmChartContainer - [hivemq-test-hivemq-platform] [hivemq-platform-operator] [72b2a26c] 13:54:53.283 [main] DEBUG i.m.c.u.i.l.InternalLoggerFactory - Using SLF4J as the default logging framework
2025-01-29 13:54:53,387 INFO c.h.h.t.HelmChartContainer - [hivemq-test-hivemq-platform] [hivemq-platform-operator] [72b2a26c] 13:54:53.380 [main] INFO  c.h.p.o.HiveMQPlatformOperatorApplication - HiveMQ Platform Operator 1.7.0-SNAPSHOT (commit: bebf408 on branch: HEAD) built on Sun Jan 26 20:47:47 UTC 2025
2025-01-29 13:54:53,388 INFO c.h.h.t.HelmChartContainer - [hivemq-test-hivemq-platform] [hivemq-platform-operator] [72b2a26c] 13:54:53.386 [main] INFO  c.h.p.o.HiveMQPlatformOperatorApplication - HiveMQ Platform Operator is running in namespace: helmmqttit-operator
2025-01-29 13:54:53,388 INFO c.h.h.t.HelmChartContainer - [hivemq-test-hivemq-platform] [hivemq-platform-operator] [72b2a26c] 13:54:53.386 [main] INFO  c.h.p.o.HiveMQPlatformOperatorApplication - Watching all namespaces
2025-01-29 13:54:53,388 INFO c.h.h.t.HelmChartContainer - [hivemq-test-hivemq-platform] [hivemq-platform-operator] [72b2a26c] 13:54:53.386 [main] INFO  c.h.p.o.HiveMQPlatformOperatorApplication - Log level: DEBUG
2025-01-29 13:54:53,388 INFO c.h.h.t.HelmChartContainer - [hivemq-test-hivemq-platform] [hivemq-platform-operator] [72b2a26c] 13:54:53.386 [main] INFO  c.h.p.o.HiveMQPlatformOperatorApplication - Release name: test-hivemq-platform-operator
2025-01-29 13:54:53,388 INFO c.h.h.t.HelmChartContainer - [hivemq-test-hivemq-platform] [hivemq-platform-operator] [72b2a26c] 13:54:53.386 [main] INFO  c.h.p.o.HiveMQPlatformOperatorApplication - HiveMQ Platform Operator Init image: docker.io/hivemq/hivemq-platform-operator-init-test:snapshot
2025-01-29 13:54:53,388 INFO c.h.h.t.HelmChartContainer - [hivemq-test-hivemq-platform] [hivemq-platform-operator] [72b2a26c] 13:54:53.386 [main] INFO  c.h.p.o.HiveMQPlatformOperatorApplication - HiveMQ Platform Operator Init App update URL: http://hivemq-platform-operator-test-hivemq-platform-operator.helmmqttit-operator.svc:8080/initAppUpdate/hivemq-platform-operator-init-app-1.7.0-SNAPSHOT.jar
2025-01-29 13:54:53,388 INFO c.h.h.t.HelmChartContainer - [hivemq-test-hivemq-platform] [hivemq-platform-operator] [72b2a26c] 13:54:53.386 [main] INFO  c.h.p.o.HiveMQPlatformOperatorApplication - Additional imagePullSecret for all Platform deployments: none
2025-01-29 13:54:53,388 INFO c.h.h.t.HelmChartContainer - [hivemq-test-hivemq-platform] [hivemq-platform-operator] [72b2a26c] 13:54:53.386 [main] INFO  c.h.p.o.HiveMQPlatformOperatorApplication - Apply HiveMQ Platform CRD: true
2025-01-29 13:54:53,388 INFO c.h.h.t.HelmChartContainer - [hivemq-test-hivemq-platform] [hivemq-platform-operator] [72b2a26c] 13:54:53.386 [main] INFO  c.h.p.o.HiveMQPlatformOperatorApplication - Create Platform ServiceAccount: true
2025-01-29 13:54:53,388 INFO c.h.h.t.HelmChartContainer - [hivemq-test-hivemq-platform] [hivemq-platform-operator] [72b2a26c] 13:54:53.386 [main] INFO  c.h.p.o.HiveMQPlatformOperatorApplication - Create Platform ServiceAccount permissions: true
2025-01-29 13:54:53,388 INFO c.h.h.t.HelmChartContainer - [hivemq-test-hivemq-platform] [hivemq-platform-operator] [72b2a26c] 13:54:53.386 [main] INFO  c.h.p.o.HiveMQPlatformOperatorApplication - Validate Platform ServiceAccount: true
2025-01-29 13:54:53,388 INFO c.h.h.t.HelmChartContainer - [hivemq-test-hivemq-platform] [hivemq-platform-operator] [72b2a26c] 13:54:53.386 [main] INFO  c.h.p.o.HiveMQPlatformOperatorApplication - Validate Platform ServiceAccount permissions: true
2025-01-29 13:54:53,579 INFO c.h.h.t.HelmChartContainer - [hivemq-test-hivemq-platform] [hivemq-platform-operator] [72b2a26c] 13:54:53.576 [main] INFO  c.h.platform.operator.util.CRDUtil - Verifying deployed HiveMQ Platform CRD...
2025-01-29 13:54:54,264 INFO c.h.h.t.HelmChartContainer - [POD] metrics-server-8584b5786c-qxnq8 [bfd8efc7-fecf-43a4-9ff0-9788b7a1002b] in kube-system was MODIFIED
2025-01-29 13:54:54,271 INFO c.h.h.t.HelmChartContainer - [K3S] [replica_set.go:679] "Finished syncing" kind="ReplicaSet" key="kube-system/metrics-server-8584b5786c" duration="6.512925ms"
2025-01-29 13:54:54,271 INFO c.h.h.t.HelmChartContainer - [K3S] [replica_set.go:679] "Finished syncing" kind="ReplicaSet" key="kube-system/metrics-server-8584b5786c" duration="28.924µs"
2025-01-29 13:54:56,091 INFO c.h.h.t.HelmChartContainer - [hivemq-test-hivemq-platform] [hivemq-platform-operator] [72b2a26c] 13:54:56.090 [main] DEBUG c.h.platform.operator.util.CRDUtil - HiveMQ Platform CRD version v1 is up to date
2025-01-29 13:54:56,092 INFO c.h.h.t.HelmChartContainer - [hivemq-test-hivemq-platform] [hivemq-platform-operator] [72b2a26c] 13:54:56.090 [main] INFO  c.h.platform.operator.util.CRDUtil - HiveMQ Platform CRD is up to date (version: V1_6_0)
2025-01-29 13:54:56,092 INFO c.h.h.t.HelmChartContainer - [hivemq-test-hivemq-platform] [hivemq-platform-operator] [72b2a26c] 13:54:56.090 [main] INFO  c.h.platform.operator.util.CRDUtil - Waiting 10000 ms for HiveMQ Platform CRD 'hivemq-platforms.hivemq.com' to become ready...
2025-01-29 13:54:56,386 INFO c.h.h.t.HelmChartContainer - [hivemq-test-hivemq-platform] [hivemq-platform-operator] [72b2a26c] 13:54:56.385 [vert.x-eventloop-thread-1] DEBUG c.h.platform.operator.util.CRDUtil - Checking CRD condition 'NamesAccepted' (status: 'True')
2025-01-29 13:54:56,387 INFO c.h.h.t.HelmChartContainer - [hivemq-test-hivemq-platform] [hivemq-platform-operator] [72b2a26c] 13:54:56.385 [vert.x-eventloop-thread-1] DEBUG c.h.platform.operator.util.CRDUtil - Checking CRD condition 'Established' (status: 'True')
2025-01-29 13:54:56,388 INFO c.h.h.t.HelmChartContainer - [hivemq-test-hivemq-platform] [hivemq-platform-operator] [72b2a26c] 13:54:56.387 [main] INFO  c.h.platform.operator.util.CRDUtil - HiveMQ Platform CRD 'hivemq-platforms.hivemq.com' is ready
2025-01-29 13:54:56,509 INFO c.h.h.t.HelmChartContainer - [hivemq-test-hivemq-platform] [hivemq-platform-operator] [72b2a26c] 13:54:56.508 [main] INFO  c.h.p.o.HiveMQPlatformReconciler - HiveMQ Platform Operator is starting...
2025-01-29 13:54:56,598 INFO c.h.h.t.HelmChartContainer - [hivemq-test-hivemq-platform] [hivemq-platform-operator] [72b2a26c] 13:54:56.597 [main] WARN  Default ConfigurationService implementation - Configuration for reconciler 'hivemq-controller' was not found. Known reconcilers: None.
2025-01-29 13:54:56,606 INFO c.h.h.t.HelmChartContainer - [hivemq-test-hivemq-platform] [hivemq-platform-operator] [72b2a26c] 13:54:56.605 [main] INFO  Default ConfigurationService implementation - Created configuration for reconciler com.hivemq.platform.operator.HiveMQPlatformReconciler with name hivemq-controller
2025-01-29 13:54:56,778 INFO c.h.h.t.HelmChartContainer - [hivemq-test-hivemq-platform] [hivemq-platform-operator] [72b2a26c] 13:54:56.777 [main] DEBUG c.h.p.o.HiveMQPlatformReconciler - HiveMQ Platform Operator is preparing EventSources
2025-01-29 13:54:56,790 INFO c.h.h.t.HelmChartContainer - [hivemq-test-hivemq-platform] [hivemq-platform-operator] [72b2a26c] 13:54:56.789 [main] INFO  i.javaoperatorsdk.operator.Operator - Registered reconciler: 'hivemq-controller' for resource: 'class com.hivemq.platform.operator.v1.HiveMQPlatform' for namespace(s): [all namespaces]
2025-01-29 13:54:57,375 INFO c.h.h.t.HelmChartContainer - [hivemq-test-hivemq-platform] [hivemq-platform-operator] [72b2a26c] 13:54:57.374 [main] INFO  c.h.p.operator.webserver.JettyServer - Starting Jetty server on port 8080
2025-01-29 13:54:57,397 INFO c.h.h.t.HelmChartContainer - [hivemq-test-hivemq-platform] [hivemq-platform-operator] [72b2a26c] 13:54:57.396 [main] INFO  i.javaoperatorsdk.operator.Operator - Operator SDK 4.9.7 (commit: 2133d28) built on Wed Nov 20 12:56:20 UTC 2024 starting...
2025-01-29 13:54:57,397 INFO c.h.h.t.HelmChartContainer - [hivemq-test-hivemq-platform] [hivemq-platform-operator] [72b2a26c] 13:54:57.396 [main] INFO  i.javaoperatorsdk.operator.Operator - Client version: 6.13.4
2025-01-29 13:54:57,475 INFO c.h.h.t.HelmChartContainer - [hivemq-test-hivemq-platform] [hivemq-platform-operator] [72b2a26c] 13:54:57.474 [Controller Starter for: hivemq-controller] INFO  i.j.operator.processing.Controller - Starting 'hivemq-controller' controller for reconciler: com.hivemq.platform.operator.HiveMQPlatformReconciler, resource: com.hivemq.platform.operator.v1.HiveMQPlatform
2025-01-29 13:54:59,109 INFO c.h.h.t.HelmChartContainer - [K3S] [range_allocator.go:247] "Successfully synced" key="b2f104d21a5d"
2025-01-29 13:54:59,586 INFO c.h.h.t.HelmChartContainer - [hivemq-test-hivemq-platform] [hivemq-platform-operator] [72b2a26c] 13:54:59.584 [Controller Starter for: hivemq-controller] INFO  i.j.operator.processing.Controller - 'hivemq-controller' controller started
2025-01-29 13:54:59,588 INFO c.h.h.t.HelmChartContainer - [hivemq-test-hivemq-platform] [hivemq-platform-operator] [72b2a26c] 13:54:59.586 [main] INFO  c.h.p.o.HiveMQPlatformOperatorApplication - HiveMQ Platform Operator 1.7.0-SNAPSHOT started in 6206 ms
2025-01-29 13:55:01,288 INFO c.h.h.t.HelmChartContainer - [POD] hivemq-test-hivemq-platform-operator-6966f96d65-8svrz [72b2a26c-e05a-43ad-8482-c657890deb58] in helmmqttit-operator was MODIFIED
2025-01-29 13:55:01,295 INFO c.h.h.t.HelmChartContainer - [K3S] [replica_set.go:679] "Finished syncing" kind="ReplicaSet" key="helmmqttit-operator/hivemq-test-hivemq-platform-operator-6966f96d65" duration="9.934406ms"
2025-01-29 13:55:01,295 INFO c.h.h.t.HelmChartContainer - [K3S] [replica_set.go:679] "Finished syncing" kind="ReplicaSet" key="helmmqttit-operator/hivemq-test-hivemq-platform-operator-6966f96d65" duration="41.176µs"
2025-01-29 13:55:01,481 DEBUG c.h.h.t.HelmChartContainer - Executing helm command: /bin/helm --kubeconfig /etc/rancher/k3s/k3s.yaml install test-hivemq-platform /charts/hivemq-platform --wait --timeout 5m0s --set image.repository=docker.io/hivemq --set image.tag=4.36.0 --set image.pullPolicy=Never --set nodes.resources.cpu=512m -f /files/custom-service-names-values.yaml --namespace helmmqttit
2025-01-29 13:55:02,081 INFO c.h.h.t.HelmChartContainer - [hivemq-test-hivemq-platform] [hivemq-platform-operator] [72b2a26c] 13:55:02.079 [-373097727-pool-1-thread-2] WARN  i.m.p.PrometheusMeterRegistry - The meter (MeterId{name='operator.sdk.events.received', tags=[tag(action=ADDED),tag(event=ResourceEvent),tag(group=hivemq.com),tag(kind=HiveMQPlatform),tag(name=test-hivemq-platform),tag(namespace=helmmqttit),tag(scope=namespace),tag(version=v1)]}) registration has failed: Prometheus requires that all meters with the same name have the same set of tag keys. There is already an existing meter named 'operator.sdk.events.received' containing tag keys [event, group, kind, name, namespace, scope, version]. The meter you are attempting to register has keys [action, event, group, kind, name, namespace, scope, version]. Note that subsequent logs will be logged at debug level.
2025-01-29 13:55:02,583 INFO c.h.h.t.HelmChartContainer - [hivemq-test-hivemq-platform] [hivemq-platform-operator] [72b2a26c] 13:55:02.580 [pool-6-thread-3] DEBUG c.h.p.o.dependants.PodInfoConfigMap - [helmmqtt] Desired PodInfo ConfigMap (1 extensions) (1 enabled)
2025-01-29 13:55:02,584 INFO c.h.h.t.HelmChartContainer - [hivemq-test-hivemq-platform] [hivemq-platform-operator] [72b2a26c] 13:55:02.580 [pool-6-thread-3] DEBUG c.h.p.o.dependants.PodInfoConfigMap - [helmmqtt] Desired PodInfo ConfigMap (metrics port: 9399) (metrics path: /)
2025-01-29 13:55:02,586 INFO c.h.h.t.HelmChartContainer - [hivemq-test-hivemq-platform] [hivemq-platform-operator] [72b2a26c] 13:55:02.580 [pool-6-thread-3] DEBUG c.h.p.o.dependants.PodInfoConfigMap - [helmmqtt] Desired PodInfo ConfigMap (extension state hash: -1817474005)
2025-01-29 13:55:02,586 INFO c.h.h.t.HelmChartContainer - [hivemq-test-hivemq-platform] [hivemq-platform-operator] [72b2a26c] 13:55:02.582 [pool-6-thread-3] DEBUG c.h.p.o.dependants.PodInfoConfigMap - [helmmqtt] Create PodInfo ConfigMap
2025-01-29 13:55:02,754 INFO c.h.h.t.HelmChartContainer - [hivemq-test-hivemq-platform] [hivemq-platform-operator] [72b2a26c] 13:55:02.752 [pool-6-thread-5] DEBUG c.h.p.o.dependants.PodRoleResource - [helmmqtt] Create Role: Role(apiVersion=rbac.authorization.k8s.io/v1, kind=Role, metadata=ObjectMeta(annotations={meta.helm.sh/release-name=test-hivemq-platform, meta.helm.sh/release-namespace=helmmqttit}, creationTimestamp=null, deletionGracePeriodSeconds=null, deletionTimestamp=null, finalizers=[], generateName=null, generation=null, labels={helm.sh/chart=hivemq-platform-0.2.32, app.kubernetes.io/managed-by=Helm, app.kubernetes.io/name=hivemq-platform, hivemq-platform=test-hivemq-platform, app.kubernetes.io/instance=test-hivemq-platform, app.kubernetes.io/version=4.36.0}, managedFields=[], name=hivemq-platform-role-test-hivemq-platform, namespace=helmmqttit, ownerReferences=[OwnerReference(apiVersion=hivemq.com/v1, blockOwnerDeletion=null, controller=null, kind=HiveMQPlatform, name=test-hivemq-platform, uid=71f2a934-82f4-406b-9e81-3b8b2722e87f, additionalProperties={})], resourceVersion=null, selfLink=null, uid=null, additionalProperties={}), rules=[PolicyRule(apiGroups=[], nonResourceURLs=[], resourceNames=[], resources=[pods], verbs=[get, patch, update], additionalProperties={})], additionalProperties={})
2025-01-29 13:55:02,880 INFO c.h.h.t.HelmChartContainer - [hivemq-test-hivemq-platform] [hivemq-platform-operator] [72b2a26c] 13:55:02.878 [pool-6-thread-7] DEBUG c.h.p.o.d.PodServiceAccountResource - [helmmqtt] Desired PodServiceAccountResource (serviceAccountName: hivemq-platform-pod-test-hivemq-platform)
2025-01-29 13:55:02,881 INFO c.h.h.t.HelmChartContainer - [hivemq-test-hivemq-platform] [hivemq-platform-operator] [72b2a26c] 13:55:02.879 [pool-6-thread-7] DEBUG c.h.p.o.d.PodServiceAccountResource - [helmmqtt] Create ServiceAccount 'hivemq-platform-pod-test-hivemq-platform'
2025-01-29 13:55:02,988 INFO c.h.h.t.HelmChartContainer - [hivemq-test-hivemq-platform] [hivemq-platform-operator] [72b2a26c] 13:55:02.986 [pool-6-thread-10] DEBUG c.h.p.o.d.PodRoleBindingResource - [helmmqtt] Create RoleBinding: RoleBinding(apiVersion=rbac.authorization.k8s.io/v1, kind=RoleBinding, metadata=ObjectMeta(annotations={meta.helm.sh/release-name=test-hivemq-platform, meta.helm.sh/release-namespace=helmmqttit}, creationTimestamp=null, deletionGracePeriodSeconds=null, deletionTimestamp=null, finalizers=[], generateName=null, generation=null, labels={helm.sh/chart=hivemq-platform-0.2.32, app.kubernetes.io/managed-by=Helm, app.kubernetes.io/name=hivemq-platform, hivemq-platform=test-hivemq-platform, app.kubernetes.io/instance=test-hivemq-platform, app.kubernetes.io/version=4.36.0}, managedFields=[], name=hivemq-platform-role-binding-test-hivemq-platform, namespace=helmmqttit, ownerReferences=[OwnerReference(apiVersion=hivemq.com/v1, blockOwnerDeletion=null, controller=null, kind=HiveMQPlatform, name=test-hivemq-platform, uid=71f2a934-82f4-406b-9e81-3b8b2722e87f, additionalProperties={})], resourceVersion=null, selfLink=null, uid=null, additionalProperties={}), roleRef=RoleRef(apiGroup=rbac.authorization.k8s.io, kind=Role, name=hivemq-platform-role-test-hivemq-platform, additionalProperties={}), subjects=[Subject(apiGroup=null, kind=ServiceAccount, name=hivemq-platform-pod-test-hivemq-platform, namespace=helmmqttit, additionalProperties={})], additionalProperties={})
2025-01-29 13:55:03,076 INFO c.h.h.t.HelmChartContainer - [hivemq-test-hivemq-platform] [hivemq-platform-operator] [72b2a26c] 13:55:03.075 [ReconcilerExecutor-hivemq-controller-54] INFO  c.h.p.o.HiveMQPlatformReconciler - [helmmqtt] Reconciling HiveMQ Platform 'test-hivemq-platform' in namespace 'helmmqttit'
2025-01-29 13:55:03,077 INFO c.h.h.t.HelmChartContainer - [hivemq-test-hivemq-platform] [hivemq-platform-operator] [72b2a26c] 13:55:03.076 [ReconcilerExecutor-hivemq-controller-54] DEBUG c.h.p.o.HiveMQPlatformReconciler - [helmmqtt] Custom Resource Status CREATED - HiveMQ Platform was created (READY)
2025-01-29 13:55:03,077 INFO c.h.h.t.HelmChartContainer - [hivemq-test-hivemq-platform] [hivemq-platform-operator] [72b2a26c] 13:55:03.076 [ReconcilerExecutor-hivemq-controller-54] DEBUG c.h.p.o.HiveMQPlatformReconciler - [helmmqtt] Custom Resource Spec (replicas: 1) (extensions: 1)
2025-01-29 13:55:03,081 INFO c.h.h.t.HelmChartContainer - [hivemq-test-hivemq-platform] [hivemq-platform-operator] [72b2a26c] 13:55:03.079 [ReconcilerExecutor-hivemq-controller-54] INFO  c.h.p.o.h.HiveMQPlatformReconcilerBaseHandler - [helmmqtt] HiveMQ Platform is starting
2025-01-29 13:55:03,186 INFO c.h.h.t.HelmChartContainer - [hivemq-test-hivemq-platform] [hivemq-platform-operator] [72b2a26c] 13:55:03.185 [ReconcilerExecutor-hivemq-controller-54] DEBUG c.h.p.operator.event.EventSender - [helmmqtt] Creating K8s event hivemq-platform-starting: [Start] HiveMQ Platform is starting
2025-01-29 13:55:03,195 INFO c.h.h.t.HelmChartContainer - [EVENT] Normal [Start] HiveMQ Platform is starting [helmmqttit:test-hivemq-platform]
2025-01-29 13:55:03,281 INFO c.h.h.t.HelmChartContainer - [hivemq-test-hivemq-platform] [hivemq-platform-operator] [72b2a26c] 13:55:03.277 [ReconcilerExecutor-hivemq-controller-54] INFO  c.h.p.o.h.AbstractHiveMQReconcilerStateHandler - [helmmqtt] Update HiveMQ Platform Status (CREATED [READY] -> STARTING [READY]): HiveMQ Platform is starting
2025-01-29 13:55:03,294 DEBUG com.hivemq.helmcharts.util.K8sUtil - Comparing actual state 'STARTING' and waiting for 'RUNNING'
2025-01-29 13:55:13,385 INFO c.h.h.t.HelmChartContainer - [hivemq-test-hivemq-platform] [hivemq-platform-operator] [72b2a26c] 13:55:13.382 [pool-6-thread-12] DEBUG c.h.p.o.d.PlatformServiceResource - [helmmqtt] Desired Platform services (4 services)
2025-01-29 13:55:13,386 INFO c.h.h.t.HelmChartContainer - [hivemq-test-hivemq-platform] [hivemq-platform-operator] [72b2a26c] 13:55:13.385 [pool-6-thread-13] DEBUG c.h.p.o.dependants.PodInfoConfigMap - [helmmqtt] Desired PodInfo ConfigMap (1 extensions) (1 enabled)
2025-01-29 13:55:13,386 INFO c.h.h.t.HelmChartContainer - [hivemq-test-hivemq-platform] [hivemq-platform-operator] [72b2a26c] 13:55:13.385 [pool-6-thread-13] DEBUG c.h.p.o.dependants.PodInfoConfigMap - [helmmqtt] Desired PodInfo ConfigMap (metrics port: 9399) (metrics path: /)
2025-01-29 13:55:13,388 INFO c.h.h.t.HelmChartContainer - [hivemq-test-hivemq-platform] [hivemq-platform-operator] [72b2a26c] 13:55:13.385 [pool-6-thread-13] DEBUG c.h.p.o.dependants.PodInfoConfigMap - [helmmqtt] Desired PodInfo ConfigMap (extension state hash: -1817474005)
2025-01-29 13:55:13,391 INFO c.h.h.t.HelmChartContainer - [hivemq-test-hivemq-platform] [hivemq-platform-operator] [72b2a26c] 13:55:13.389 [pool-6-thread-13] DEBUG c.h.p.o.dependants.PodInfoConfigMap - [helmmqtt] Update PodInfo ConfigMap
2025-01-29 13:55:13,395 INFO c.h.h.t.HelmChartContainer - [hivemq-test-hivemq-platform] [hivemq-platform-operator] [72b2a26c] 13:55:13.393 [pool-6-thread-17] DEBUG c.h.p.o.d.PodServiceAccountResource - [helmmqtt] Desired PodServiceAccountResource (serviceAccountName: hivemq-platform-pod-test-hivemq-platform)
2025-01-29 13:55:13,488 INFO c.h.h.t.HelmChartContainer - [K3S] [alloc.go:330] "allocated clusterIPs" service="helmmqttit/mqtt-service" clusterIPs={"IPv4":"10.43.131.181"}
2025-01-29 13:55:13,584 INFO c.h.h.t.HelmChartContainer - [K3S] [alloc.go:330] "allocated clusterIPs" service="helmmqttit/control-center-service" clusterIPs={"IPv4":"10.43.65.24"}
2025-01-29 13:55:13,597 INFO c.h.h.t.HelmChartContainer - [K3S] [alloc.go:330] "allocated clusterIPs" service="helmmqttit/rest-api-service" clusterIPs={"IPv4":"10.43.16.250"}
2025-01-29 13:55:13,682 INFO c.h.h.t.HelmChartContainer - [K3S] [alloc.go:330] "allocated clusterIPs" service="helmmqttit/metrics-service" clusterIPs={"IPv4":"10.43.82.178"}
2025-01-29 13:55:13,690 INFO c.h.h.t.HelmChartContainer - [hivemq-test-hivemq-platform] [hivemq-platform-operator] [72b2a26c] 13:55:13.688 [pool-6-thread-20] DEBUG c.h.p.o.d.StatefulSetResource - [helmmqtt] Desired StatefulSet (1 replicas) for status STARTING (READY)
2025-01-29 13:55:13,781 INFO c.h.h.t.HelmChartContainer - [hivemq-test-hivemq-platform] [hivemq-platform-operator] [72b2a26c] 13:55:13.779 [pool-6-thread-20] DEBUG c.h.p.o.d.StatefulSetResource - [helmmqtt] Create StatefulSet
2025-01-29 13:55:13,820 INFO c.h.h.t.HelmChartContainer - [POD] test-hivemq-platform-0 [2b5a4366-f940-4ea3-9e56-9305e1336cca] in helmmqttit was ADDED
2025-01-29 13:55:13,824 INFO c.h.h.t.HelmChartContainer - [EVENT] Normal [SuccessfulCreate] create Pod test-hivemq-platform-0 in StatefulSet test-hivemq-platform successful [helmmqttit:test-hivemq-platform]
2025-01-29 13:55:13,828 INFO c.h.h.t.HelmChartContainer - [POD] test-hivemq-platform-0 [2b5a4366-f940-4ea3-9e56-9305e1336cca] in helmmqttit was MODIFIED
2025-01-29 13:55:13,828 INFO c.h.h.t.HelmChartContainer - [EVENT] Normal [Scheduled] Successfully assigned helmmqttit/test-hivemq-platform-0 to b2f104d21a5d [helmmqttit:test-hivemq-platform-0]
2025-01-29 13:55:13,840 INFO c.h.h.t.HelmChartContainer - [K3S] [reconciler_common.go:251] "operationExecutor.VerifyControllerAttachedVolume started for volume \"operator-init\" (UniqueName: \"kubernetes.io/empty-dir/2b5a4366-f940-4ea3-9e56-9305e1336cca-operator-init\") pod \"test-hivemq-platform-0\" (UID: \"2b5a4366-f940-4ea3-9e56-9305e1336cca\") " pod="helmmqttit/test-hivemq-platform-0"
2025-01-29 13:55:13,840 INFO c.h.h.t.HelmChartContainer - [K3S] [reconciler_common.go:251] "operationExecutor.VerifyControllerAttachedVolume started for volume \"kube-api-access-vzq5b\" (UniqueName: \"kubernetes.io/projected/2b5a4366-f940-4ea3-9e56-9305e1336cca-kube-api-access-vzq5b\") pod \"test-hivemq-platform-0\" (UID: \"2b5a4366-f940-4ea3-9e56-9305e1336cca\") " pod="helmmqttit/test-hivemq-platform-0"
2025-01-29 13:55:13,840 INFO c.h.h.t.HelmChartContainer - [K3S] [reconciler_common.go:251] "operationExecutor.VerifyControllerAttachedVolume started for volume \"pod-info\" (UniqueName: \"kubernetes.io/configmap/2b5a4366-f940-4ea3-9e56-9305e1336cca-pod-info\") pod \"test-hivemq-platform-0\" (UID: \"2b5a4366-f940-4ea3-9e56-9305e1336cca\") " pod="helmmqttit/test-hivemq-platform-0"
2025-01-29 13:55:13,841 INFO c.h.h.t.HelmChartContainer - [K3S] [reconciler_common.go:251] "operationExecutor.VerifyControllerAttachedVolume started for volume \"broker-configuration\" (UniqueName: \"kubernetes.io/configmap/2b5a4366-f940-4ea3-9e56-9305e1336cca-broker-configuration\") pod \"test-hivemq-platform-0\" (UID: \"2b5a4366-f940-4ea3-9e56-9305e1336cca\") " pod="helmmqttit/test-hivemq-platform-0"
2025-01-29 13:55:13,845 INFO c.h.h.t.HelmChartContainer - [POD] test-hivemq-platform-0 [2b5a4366-f940-4ea3-9e56-9305e1336cca] in helmmqttit was MODIFIED
2025-01-29 13:55:13,885 INFO c.h.h.t.HelmChartContainer - [hivemq-test-hivemq-platform] [hivemq-platform-operator] [72b2a26c] 13:55:13.880 [ReconcilerExecutor-hivemq-controller-65] INFO  c.h.p.o.HiveMQPlatformReconciler - [helmmqtt] Reconciling HiveMQ Platform 'test-hivemq-platform' in namespace 'helmmqttit'
2025-01-29 13:55:13,885 INFO c.h.h.t.HelmChartContainer - [hivemq-test-hivemq-platform] [hivemq-platform-operator] [72b2a26c] 13:55:13.880 [ReconcilerExecutor-hivemq-controller-65] DEBUG c.h.p.o.HiveMQPlatformReconciler - [helmmqtt] Custom Resource Status STARTING - HiveMQ Platform is starting (READY)
2025-01-29 13:55:13,885 INFO c.h.h.t.HelmChartContainer - [hivemq-test-hivemq-platform] [hivemq-platform-operator] [72b2a26c] 13:55:13.880 [ReconcilerExecutor-hivemq-controller-65] DEBUG c.h.p.o.HiveMQPlatformReconciler - [helmmqtt] Custom Resource Spec (replicas: 1) (extensions: 1)
2025-01-29 13:55:13,886 INFO c.h.h.t.HelmChartContainer - [hivemq-test-hivemq-platform] [hivemq-platform-operator] [72b2a26c] 13:55:13.884 [ReconcilerExecutor-hivemq-controller-65] DEBUG c.h.p.o.HiveMQPlatformReconciler - [helmmqtt] StatefulSet Status (revision: null, replicas: 0, available: 0, ready: 0, current: 0, updated: 0)
2025-01-29 13:55:13,889 INFO c.h.h.t.HelmChartContainer - [hivemq-test-hivemq-platform] [hivemq-platform-operator] [72b2a26c] 13:55:13.885 [ReconcilerExecutor-hivemq-controller-65] DEBUG c.h.p.o.HiveMQPlatformReconciler - [helmmqtt] StatefulSet Spec (replicas: 1, init containers: 1, containers: 1, volumes: 3)
2025-01-29 13:55:13,988 INFO c.h.h.t.HelmChartContainer - [hivemq-test-hivemq-platform] [hivemq-platform-operator] [72b2a26c] 13:55:13.986 [ReconcilerExecutor-hivemq-controller-65] DEBUG c.h.p.o.h.HiveMQPlatformReconcilerErrorHandler - [helmmqtt] Pod 'test-hivemq-platform-0' phase Pending
2025-01-29 13:55:13,989 INFO c.h.h.t.HelmChartContainer - [hivemq-test-hivemq-platform] [hivemq-platform-operator] [72b2a26c] 13:55:13.988 [ReconcilerExecutor-hivemq-controller-65] DEBUG c.h.p.o.h.HiveMQPlatformReconcilerErrorHandler - [helmmqtt] Pod 'test-hivemq-platform-0' condition 'PodReadyToStartContainers': False
2025-01-29 13:55:13,990 INFO c.h.h.t.HelmChartContainer - [hivemq-test-hivemq-platform] [hivemq-platform-operator] [72b2a26c] 13:55:13.988 [ReconcilerExecutor-hivemq-controller-65] DEBUG c.h.p.o.h.HiveMQPlatformReconcilerErrorHandler - [helmmqtt] Pod 'test-hivemq-platform-0' condition 'Initialized': False
2025-01-29 13:55:13,990 INFO c.h.h.t.HelmChartContainer - [hivemq-test-hivemq-platform] [hivemq-platform-operator] [72b2a26c] 13:55:13.988 [ReconcilerExecutor-hivemq-controller-65] DEBUG c.h.p.o.h.HiveMQPlatformReconcilerErrorHandler - [helmmqtt] Pod 'test-hivemq-platform-0' condition 'Ready': False
2025-01-29 13:55:13,990 INFO c.h.h.t.HelmChartContainer - [hivemq-test-hivemq-platform] [hivemq-platform-operator] [72b2a26c] 13:55:13.988 [ReconcilerExecutor-hivemq-controller-65] DEBUG c.h.p.o.h.HiveMQPlatformReconcilerErrorHandler - [helmmqtt] Pod 'test-hivemq-platform-0' condition 'ContainersReady': False
2025-01-29 13:55:13,990 INFO c.h.h.t.HelmChartContainer - [hivemq-test-hivemq-platform] [hivemq-platform-operator] [72b2a26c] 13:55:13.988 [ReconcilerExecutor-hivemq-controller-65] DEBUG c.h.p.o.h.HiveMQPlatformReconcilerErrorHandler - [helmmqtt] Pod 'test-hivemq-platform-0' condition 'PodScheduled': True
2025-01-29 13:55:13,990 INFO c.h.h.t.HelmChartContainer - [hivemq-test-hivemq-platform] [hivemq-platform-operator] [72b2a26c] 13:55:13.989 [ReconcilerExecutor-hivemq-controller-65] DEBUG c.h.p.o.h.HiveMQPlatformReconcilerErrorHandler - [helmmqtt] Pod 'test-hivemq-platform-0' containerStatus 'hivemq' (started: false) (ready: false) (waiting: [PodInitializing] null)
2025-01-29 13:55:14,075 INFO c.h.h.t.HelmChartContainer - [hivemq-test-hivemq-platform] [hivemq-platform-operator] [72b2a26c] 13:55:14.074 [ReconcilerExecutor-hivemq-controller-65] INFO  c.h.p.o.h.HiveMQPlatformReconcilerBaseHandler - [helmmqtt] HiveMQ Platform is starting, 0 of 1 replicas are ready
2025-01-29 13:55:14,080 INFO c.h.h.t.HelmChartContainer - [hivemq-test-hivemq-platform] [hivemq-platform-operator] [72b2a26c] 13:55:14.080 [pool-6-thread-22] DEBUG c.h.p.o.d.PlatformServiceResource - [helmmqtt] Desired Platform services (4 services)
2025-01-29 13:55:14,086 INFO c.h.h.t.HelmChartContainer - [hivemq-test-hivemq-platform] [hivemq-platform-operator] [72b2a26c] 13:55:14.084 [pool-6-thread-27] DEBUG c.h.p.o.d.PodServiceAccountResource - [helmmqtt] Desired PodServiceAccountResource (serviceAccountName: hivemq-platform-pod-test-hivemq-platform)
2025-01-29 13:55:14,086 INFO c.h.h.t.HelmChartContainer - [hivemq-test-hivemq-platform] [hivemq-platform-operator] [72b2a26c] 13:55:14.084 [pool-6-thread-23] DEBUG c.h.p.o.dependants.PodInfoConfigMap - [helmmqtt] Desired PodInfo ConfigMap (1 extensions) (1 enabled)
2025-01-29 13:55:14,086 INFO c.h.h.t.HelmChartContainer - [hivemq-test-hivemq-platform] [hivemq-platform-operator] [72b2a26c] 13:55:14.085 [pool-6-thread-23] DEBUG c.h.p.o.dependants.PodInfoConfigMap - [helmmqtt] Desired PodInfo ConfigMap (metrics port: 9399) (metrics path: /)
2025-01-29 13:55:14,086 INFO c.h.h.t.HelmChartContainer - [hivemq-test-hivemq-platform] [hivemq-platform-operator] [72b2a26c] 13:55:14.085 [pool-6-thread-23] DEBUG c.h.p.o.dependants.PodInfoConfigMap - [helmmqtt] Desired PodInfo ConfigMap (extension state hash: -1817474005)
2025-01-29 13:55:14,187 INFO c.h.h.t.HelmChartContainer - [hivemq-test-hivemq-platform] [hivemq-platform-operator] [72b2a26c] 13:55:14.186 [pool-6-thread-30] DEBUG c.h.p.o.d.StatefulSetResource - [helmmqtt] Desired StatefulSet (1 replicas) for status STARTING (READY)
2025-01-29 13:55:14,222 INFO c.h.h.t.HelmChartContainer - [EVENT] Normal [Pulled] Container image "docker.io/hivemq/hivemq-platform-operator-init-test:snapshot" already present on machine [helmmqttit:test-hivemq-platform-0]
2025-01-29 13:55:14,232 INFO c.h.h.t.HelmChartContainer - [EVENT] Normal [Created] Created container: hivemq-platform-operator-init [helmmqttit:test-hivemq-platform-0]
2025-01-29 13:55:14,256 INFO c.h.h.t.HelmChartContainer - [hivemq-test-hivemq-platform] [hivemq-platform-operator] [72b2a26c] 13:55:14.253 [ReconcilerExecutor-hivemq-controller-77] INFO  c.h.p.o.HiveMQPlatformReconciler - [helmmqtt] Reconciling HiveMQ Platform 'test-hivemq-platform' in namespace 'helmmqttit'
2025-01-29 13:55:14,256 INFO c.h.h.t.HelmChartContainer - [hivemq-test-hivemq-platform] [hivemq-platform-operator] [72b2a26c] 13:55:14.253 [ReconcilerExecutor-hivemq-controller-77] DEBUG c.h.p.o.HiveMQPlatformReconciler - [helmmqtt] Custom Resource Status STARTING - HiveMQ Platform is starting (READY)
2025-01-29 13:55:14,256 INFO c.h.h.t.HelmChartContainer - [hivemq-test-hivemq-platform] [hivemq-platform-operator] [72b2a26c] 13:55:14.253 [ReconcilerExecutor-hivemq-controller-77] DEBUG c.h.p.o.HiveMQPlatformReconciler - [helmmqtt] Custom Resource Spec (replicas: 1) (extensions: 1)
2025-01-29 13:55:14,275 INFO c.h.h.t.HelmChartContainer - [EVENT] Normal [Started] Started container hivemq-platform-operator-init [helmmqttit:test-hivemq-platform-0]
2025-01-29 13:55:14,279 INFO c.h.h.t.HelmChartContainer - [hivemq-test-hivemq-platform] [hivemq-platform-operator] [72b2a26c] 13:55:14.277 [ReconcilerExecutor-hivemq-controller-77] DEBUG c.h.p.o.HiveMQPlatformReconciler - [helmmqtt] StatefulSet Status (revision: test-hivemq-platform-6c4dd86f88, replicas: 1, available: 0, ready: 0, current: 1, updated: 1)
2025-01-29 13:55:14,280 INFO c.h.h.t.HelmChartContainer - [hivemq-test-hivemq-platform] [hivemq-platform-operator] [72b2a26c] 13:55:14.278 [ReconcilerExecutor-hivemq-controller-77] DEBUG c.h.p.o.HiveMQPlatformReconciler - [helmmqtt] StatefulSet Spec (replicas: 1, init containers: 1, containers: 1, volumes: 3)
2025-01-29 13:55:14,283 INFO c.h.h.t.HelmChartContainer - [hivemq-test-hivemq-platform] [hivemq-platform-operator] [72b2a26c] 13:55:14.281 [ReconcilerExecutor-hivemq-controller-77] DEBUG c.h.p.o.h.HiveMQPlatformReconcilerErrorHandler - [helmmqtt] Pod 'test-hivemq-platform-0' phase Pending
2025-01-29 13:55:14,283 INFO c.h.h.t.HelmChartContainer - [hivemq-test-hivemq-platform] [hivemq-platform-operator] [72b2a26c] 13:55:14.282 [ReconcilerExecutor-hivemq-controller-77] DEBUG c.h.p.o.h.HiveMQPlatformReconcilerErrorHandler - [helmmqtt] Pod 'test-hivemq-platform-0' condition 'PodReadyToStartContainers': False
2025-01-29 13:55:14,283 INFO c.h.h.t.HelmChartContainer - [hivemq-test-hivemq-platform] [hivemq-platform-operator] [72b2a26c] 13:55:14.282 [ReconcilerExecutor-hivemq-controller-77] DEBUG c.h.p.o.h.HiveMQPlatformReconcilerErrorHandler - [helmmqtt] Pod 'test-hivemq-platform-0' condition 'Initialized': False
2025-01-29 13:55:14,284 INFO c.h.h.t.HelmChartContainer - [hivemq-test-hivemq-platform] [hivemq-platform-operator] [72b2a26c] 13:55:14.282 [ReconcilerExecutor-hivemq-controller-77] DEBUG c.h.p.o.h.HiveMQPlatformReconcilerErrorHandler - [helmmqtt] Pod 'test-hivemq-platform-0' condition 'Ready': False
2025-01-29 13:55:14,284 INFO c.h.h.t.HelmChartContainer - [hivemq-test-hivemq-platform] [hivemq-platform-operator] [72b2a26c] 13:55:14.282 [ReconcilerExecutor-hivemq-controller-77] DEBUG c.h.p.o.h.HiveMQPlatformReconcilerErrorHandler - [helmmqtt] Pod 'test-hivemq-platform-0' condition 'ContainersReady': False
2025-01-29 13:55:14,284 INFO c.h.h.t.HelmChartContainer - [hivemq-test-hivemq-platform] [hivemq-platform-operator] [72b2a26c] 13:55:14.282 [ReconcilerExecutor-hivemq-controller-77] DEBUG c.h.p.o.h.HiveMQPlatformReconcilerErrorHandler - [helmmqtt] Pod 'test-hivemq-platform-0' condition 'PodScheduled': True
2025-01-29 13:55:14,284 INFO c.h.h.t.HelmChartContainer - [hivemq-test-hivemq-platform] [hivemq-platform-operator] [72b2a26c] 13:55:14.282 [ReconcilerExecutor-hivemq-controller-77] DEBUG c.h.p.o.h.HiveMQPlatformReconcilerErrorHandler - [helmmqtt] Pod 'test-hivemq-platform-0' containerStatus 'hivemq' (started: false) (ready: false) (waiting: [PodInitializing] null)
2025-01-29 13:55:14,285 INFO c.h.h.t.HelmChartContainer - [hivemq-test-hivemq-platform] [hivemq-platform-operator] [72b2a26c] 13:55:14.283 [ReconcilerExecutor-hivemq-controller-77] INFO  c.h.p.o.h.HiveMQPlatformReconcilerBaseHandler - [helmmqtt] HiveMQ Platform is starting, 0 of 1 replicas are ready
2025-01-29 13:55:14,324 INFO c.h.h.t.HelmChartContainer - [POD] test-hivemq-platform-0 [2b5a4366-f940-4ea3-9e56-9305e1336cca] in helmmqttit was MODIFIED
2025-01-29 13:55:14,379 INFO c.h.h.t.HelmChartContainer - [hivemq-test-hivemq-platform] [hivemq-platform-operator] [72b2a26c] 13:55:14.376 [pool-6-thread-32] DEBUG c.h.p.o.d.PlatformServiceResource - [helmmqtt] Desired Platform services (4 services)
2025-01-29 13:55:14,379 INFO c.h.h.t.HelmChartContainer - [hivemq-test-hivemq-platform] [hivemq-platform-operator] [72b2a26c] 13:55:14.377 [pool-6-thread-33] DEBUG c.h.p.o.dependants.PodInfoConfigMap - [helmmqtt] Desired PodInfo ConfigMap (1 extensions) (1 enabled)
2025-01-29 13:55:14,383 INFO c.h.h.t.HelmChartContainer - [hivemq-test-hivemq-platform] [hivemq-platform-operator] [72b2a26c] 13:55:14.380 [pool-6-thread-33] DEBUG c.h.p.o.dependants.PodInfoConfigMap - [helmmqtt] Desired PodInfo ConfigMap (metrics port: 9399) (metrics path: /)
2025-01-29 13:55:14,383 INFO c.h.h.t.HelmChartContainer - [hivemq-test-hivemq-platform] [hivemq-platform-operator] [72b2a26c] 13:55:14.380 [pool-6-thread-33] DEBUG c.h.p.o.dependants.PodInfoConfigMap - [helmmqtt] Desired PodInfo ConfigMap (extension state hash: -1817474005)
2025-01-29 13:55:14,384 INFO c.h.h.t.HelmChartContainer - [hivemq-test-hivemq-platform] [hivemq-platform-operator] [72b2a26c] 13:55:14.383 [pool-6-thread-37] DEBUG c.h.p.o.d.PodServiceAccountResource - [helmmqtt] Desired PodServiceAccountResource (serviceAccountName: hivemq-platform-pod-test-hivemq-platform)
2025-01-29 13:55:14,391 INFO c.h.h.t.HelmChartContainer - [hivemq-test-hivemq-platform] [hivemq-platform-operator] [72b2a26c] 13:55:14.390 [pool-6-thread-40] DEBUG c.h.p.o.d.StatefulSetResource - [helmmqtt] Desired StatefulSet (1 replicas) for status STARTING (READY)
2025-01-29 13:55:14,476 INFO c.h.h.t.HelmChartContainer - [hivemq-test-hivemq-platform] [hivemq-platform-operator] [72b2a26c] 13:55:14.474 [ReconcilerExecutor-hivemq-controller-88] INFO  c.h.p.o.HiveMQPlatformReconciler - [helmmqtt] Reconciling HiveMQ Platform 'test-hivemq-platform' in namespace 'helmmqttit'
2025-01-29 13:55:14,476 INFO c.h.h.t.HelmChartContainer - [hivemq-test-hivemq-platform] [hivemq-platform-operator] [72b2a26c] 13:55:14.474 [ReconcilerExecutor-hivemq-controller-88] DEBUG c.h.p.o.HiveMQPlatformReconciler - [helmmqtt] Custom Resource Status STARTING - HiveMQ Platform is starting (READY)
2025-01-29 13:55:14,476 INFO c.h.h.t.HelmChartContainer - [hivemq-test-hivemq-platform] [hivemq-platform-operator] [72b2a26c] 13:55:14.474 [ReconcilerExecutor-hivemq-controller-88] DEBUG c.h.p.o.HiveMQPlatformReconciler - [helmmqtt] Custom Resource Spec (replicas: 1) (extensions: 1)
2025-01-29 13:55:14,492 INFO c.h.h.t.HelmChartContainer - [hivemq-test-hivemq-platform] [hivemq-platform-operator] [72b2a26c] 13:55:14.477 [ReconcilerExecutor-hivemq-controller-88] DEBUG c.h.p.o.HiveMQPlatformReconciler - [helmmqtt] StatefulSet Status (revision: test-hivemq-platform-6c4dd86f88, replicas: 1, available: 0, ready: 0, current: 1, updated: 1)
2025-01-29 13:55:14,492 INFO c.h.h.t.HelmChartContainer - [hivemq-test-hivemq-platform] [hivemq-platform-operator] [72b2a26c] 13:55:14.477 [ReconcilerExecutor-hivemq-controller-88] DEBUG c.h.p.o.HiveMQPlatformReconciler - [helmmqtt] StatefulSet Spec (replicas: 1, init containers: 1, containers: 1, volumes: 3)
2025-01-29 13:55:14,492 INFO c.h.h.t.HelmChartContainer - [hivemq-test-hivemq-platform] [hivemq-platform-operator] [72b2a26c] 13:55:14.479 [ReconcilerExecutor-hivemq-controller-88] DEBUG c.h.p.o.h.HiveMQPlatformReconcilerErrorHandler - [helmmqtt] Pod 'test-hivemq-platform-0' phase Pending
2025-01-29 13:55:14,493 INFO c.h.h.t.HelmChartContainer - [hivemq-test-hivemq-platform] [hivemq-platform-operator] [72b2a26c] 13:55:14.479 [ReconcilerExecutor-hivemq-controller-88] DEBUG c.h.p.o.h.HiveMQPlatformReconcilerErrorHandler - [helmmqtt] Pod 'test-hivemq-platform-0' condition 'PodReadyToStartContainers': True
2025-01-29 13:55:14,493 INFO c.h.h.t.HelmChartContainer - [hivemq-test-hivemq-platform] [hivemq-platform-operator] [72b2a26c] 13:55:14.479 [ReconcilerExecutor-hivemq-controller-88] DEBUG c.h.p.o.h.HiveMQPlatformReconcilerErrorHandler - [helmmqtt] Pod 'test-hivemq-platform-0' condition 'Initialized': False
2025-01-29 13:55:14,493 INFO c.h.h.t.HelmChartContainer - [hivemq-test-hivemq-platform] [hivemq-platform-operator] [72b2a26c] 13:55:14.479 [ReconcilerExecutor-hivemq-controller-88] DEBUG c.h.p.o.h.HiveMQPlatformReconcilerErrorHandler - [helmmqtt] Pod 'test-hivemq-platform-0' condition 'Ready': False
2025-01-29 13:55:14,493 INFO c.h.h.t.HelmChartContainer - [hivemq-test-hivemq-platform] [hivemq-platform-operator] [72b2a26c] 13:55:14.479 [ReconcilerExecutor-hivemq-controller-88] DEBUG c.h.p.o.h.HiveMQPlatformReconcilerErrorHandler - [helmmqtt] Pod 'test-hivemq-platform-0' condition 'ContainersReady': False
2025-01-29 13:55:14,493 INFO c.h.h.t.HelmChartContainer - [hivemq-test-hivemq-platform] [hivemq-platform-operator] [72b2a26c] 13:55:14.479 [ReconcilerExecutor-hivemq-controller-88] DEBUG c.h.p.o.h.HiveMQPlatformReconcilerErrorHandler - [helmmqtt] Pod 'test-hivemq-platform-0' condition 'PodScheduled': True
2025-01-29 13:55:14,493 INFO c.h.h.t.HelmChartContainer - [hivemq-test-hivemq-platform] [hivemq-platform-operator] [72b2a26c] 13:55:14.479 [ReconcilerExecutor-hivemq-controller-88] DEBUG c.h.p.o.h.HiveMQPlatformReconcilerErrorHandler - [helmmqtt] Pod 'test-hivemq-platform-0' containerStatus 'hivemq' (started: false) (ready: false) (waiting: [PodInitializing] null)
2025-01-29 13:55:14,493 INFO c.h.h.t.HelmChartContainer - [hivemq-test-hivemq-platform] [hivemq-platform-operator] [72b2a26c] 13:55:14.480 [ReconcilerExecutor-hivemq-controller-88] INFO  c.h.p.o.h.HiveMQPlatformReconcilerBaseHandler - [helmmqtt] HiveMQ Platform is starting, 0 of 1 replicas are ready
2025-01-29 13:55:15,321 INFO c.h.h.t.HelmChartContainer - [EVENT] Normal [Pulled] Container image "docker.io/hivemq/hivemq4:4.36.0" already present on machine [helmmqttit:test-hivemq-platform-0]
2025-01-29 13:55:15,321 INFO c.h.h.t.HelmChartContainer - Received Pulled event for container hivemq in pod test-hivemq-platform-0 [2b5a4366-f940-4ea3-9e56-9305e1336cca]
2025-01-29 13:55:15,331 INFO c.h.h.t.HelmChartContainer - [POD] test-hivemq-platform-0 [2b5a4366-f940-4ea3-9e56-9305e1336cca] in helmmqttit was MODIFIED
2025-01-29 13:55:15,333 INFO c.h.h.t.HelmChartContainer - [EVENT] Normal [Created] Created container: hivemq [helmmqttit:test-hivemq-platform-0]
2025-01-29 13:55:15,334 INFO c.h.h.t.HelmChartContainer - Received Created event for container hivemq in pod test-hivemq-platform-0 [2b5a4366-f940-4ea3-9e56-9305e1336cca]
2025-01-29 13:55:15,346 INFO c.h.h.t.HelmChartContainer - [hivemq-test-hivemq-platform] [hivemq-platform-operator] [72b2a26c] 13:55:15.340 [pool-6-thread-42] DEBUG c.h.p.o.d.PlatformServiceResource - [helmmqtt] Desired Platform services (4 services)
2025-01-29 13:55:15,348 INFO c.h.h.t.HelmChartContainer - [hivemq-test-hivemq-platform] [hivemq-platform-operator] [72b2a26c] 13:55:15.342 [pool-6-thread-43] DEBUG c.h.p.o.dependants.PodInfoConfigMap - [helmmqtt] Desired PodInfo ConfigMap (1 extensions) (1 enabled)
2025-01-29 13:55:15,348 INFO c.h.h.t.HelmChartContainer - [hivemq-test-hivemq-platform] [hivemq-platform-operator] [72b2a26c] 13:55:15.342 [pool-6-thread-43] DEBUG c.h.p.o.dependants.PodInfoConfigMap - [helmmqtt] Desired PodInfo ConfigMap (metrics port: 9399) (metrics path: /)
2025-01-29 13:55:15,350 INFO c.h.h.t.HelmChartContainer - [hivemq-test-hivemq-platform] [hivemq-platform-operator] [72b2a26c] 13:55:15.342 [pool-6-thread-43] DEBUG c.h.p.o.dependants.PodInfoConfigMap - [helmmqtt] Desired PodInfo ConfigMap (extension state hash: -1817474005)
2025-01-29 13:55:15,360 INFO c.h.h.t.HelmChartContainer - [hivemq-test-hivemq-platform] [hivemq-platform-operator] [72b2a26c] 13:55:15.355 [pool-6-thread-47] DEBUG c.h.p.o.d.PodServiceAccountResource - [helmmqtt] Desired PodServiceAccountResource (serviceAccountName: hivemq-platform-pod-test-hivemq-platform)
2025-01-29 13:55:15,375 INFO c.h.h.t.HelmChartContainer - [hivemq-test-hivemq-platform] [hivemq-platform-operator] [72b2a26c] 13:55:15.374 [pool-6-thread-49] DEBUG c.h.p.o.d.StatefulSetResource - [helmmqtt] Desired StatefulSet (1 replicas) for status STARTING (READY)
2025-01-29 13:55:15,381 INFO c.h.h.t.HelmChartContainer - [hivemq-test-hivemq-platform] [hivemq-platform-operator] [72b2a26c] 13:55:15.379 [ReconcilerExecutor-hivemq-controller-99] INFO  c.h.p.o.HiveMQPlatformReconciler - [helmmqtt] Reconciling HiveMQ Platform 'test-hivemq-platform' in namespace 'helmmqttit'
2025-01-29 13:55:15,382 INFO c.h.h.t.HelmChartContainer - [hivemq-test-hivemq-platform] [hivemq-platform-operator] [72b2a26c] 13:55:15.379 [ReconcilerExecutor-hivemq-controller-99] DEBUG c.h.p.o.HiveMQPlatformReconciler - [helmmqtt] Custom Resource Status STARTING - HiveMQ Platform is starting (READY)
2025-01-29 13:55:15,382 INFO c.h.h.t.HelmChartContainer - [hivemq-test-hivemq-platform] [hivemq-platform-operator] [72b2a26c] 13:55:15.379 [ReconcilerExecutor-hivemq-controller-99] DEBUG c.h.p.o.HiveMQPlatformReconciler - [helmmqtt] Custom Resource Spec (replicas: 1) (extensions: 1)
2025-01-29 13:55:15,386 INFO c.h.h.t.HelmChartContainer - [hivemq-test-hivemq-platform] [hivemq-platform-operator] [72b2a26c] 13:55:15.383 [ReconcilerExecutor-hivemq-controller-99] DEBUG c.h.p.o.HiveMQPlatformReconciler - [helmmqtt] StatefulSet Status (revision: test-hivemq-platform-6c4dd86f88, replicas: 1, available: 0, ready: 0, current: 1, updated: 1)
2025-01-29 13:55:15,386 INFO c.h.h.t.HelmChartContainer - [hivemq-test-hivemq-platform] [hivemq-platform-operator] [72b2a26c] 13:55:15.383 [ReconcilerExecutor-hivemq-controller-99] DEBUG c.h.p.o.HiveMQPlatformReconciler - [helmmqtt] StatefulSet Spec (replicas: 1, init containers: 1, containers: 1, volumes: 3)
2025-01-29 13:55:15,389 INFO c.h.h.t.HelmChartContainer - [hivemq-test-hivemq-platform] [hivemq-platform-operator] [72b2a26c] 13:55:15.388 [ReconcilerExecutor-hivemq-controller-99] DEBUG c.h.p.o.h.HiveMQPlatformReconcilerErrorHandler - [helmmqtt] Pod 'test-hivemq-platform-0' phase Pending
2025-01-29 13:55:15,391 INFO c.h.h.t.HelmChartContainer - [hivemq-test-hivemq-platform] [hivemq-platform-operator] [72b2a26c] 13:55:15.389 [ReconcilerExecutor-hivemq-controller-99] DEBUG c.h.p.o.h.HiveMQPlatformReconcilerErrorHandler - [helmmqtt] Pod 'test-hivemq-platform-0' condition 'PodReadyToStartContainers': True
2025-01-29 13:55:15,391 INFO c.h.h.t.HelmChartContainer - [hivemq-test-hivemq-platform] [hivemq-platform-operator] [72b2a26c] 13:55:15.389 [ReconcilerExecutor-hivemq-controller-99] DEBUG c.h.p.o.h.HiveMQPlatformReconcilerErrorHandler - [helmmqtt] Pod 'test-hivemq-platform-0' condition 'Initialized': True
2025-01-29 13:55:15,391 INFO c.h.h.t.HelmChartContainer - [hivemq-test-hivemq-platform] [hivemq-platform-operator] [72b2a26c] 13:55:15.389 [ReconcilerExecutor-hivemq-controller-99] DEBUG c.h.p.o.h.HiveMQPlatformReconcilerErrorHandler - [helmmqtt] Pod 'test-hivemq-platform-0' condition 'Ready': False
2025-01-29 13:55:15,391 INFO c.h.h.t.HelmChartContainer - [hivemq-test-hivemq-platform] [hivemq-platform-operator] [72b2a26c] 13:55:15.389 [ReconcilerExecutor-hivemq-controller-99] DEBUG c.h.p.o.h.HiveMQPlatformReconcilerErrorHandler - [helmmqtt] Pod 'test-hivemq-platform-0' condition 'ContainersReady': False
2025-01-29 13:55:15,391 INFO c.h.h.t.HelmChartContainer - [hivemq-test-hivemq-platform] [hivemq-platform-operator] [72b2a26c] 13:55:15.389 [ReconcilerExecutor-hivemq-controller-99] DEBUG c.h.p.o.h.HiveMQPlatformReconcilerErrorHandler - [helmmqtt] Pod 'test-hivemq-platform-0' condition 'PodScheduled': True
2025-01-29 13:55:15,391 INFO c.h.h.t.HelmChartContainer - [hivemq-test-hivemq-platform] [hivemq-platform-operator] [72b2a26c] 13:55:15.389 [ReconcilerExecutor-hivemq-controller-99] DEBUG c.h.p.o.h.HiveMQPlatformReconcilerErrorHandler - [helmmqtt] Pod 'test-hivemq-platform-0' containerStatus 'hivemq' (started: false) (ready: false) (waiting: [PodInitializing] null)
2025-01-29 13:55:15,393 INFO c.h.h.t.HelmChartContainer - [hivemq-test-hivemq-platform] [hivemq-platform-operator] [72b2a26c] 13:55:15.391 [ReconcilerExecutor-hivemq-controller-99] INFO  c.h.p.o.h.HiveMQPlatformReconcilerBaseHandler - [helmmqtt] HiveMQ Platform is starting, 0 of 1 replicas are ready
2025-01-29 13:55:16,334 INFO c.h.h.t.HelmChartContainer - [POD] test-hivemq-platform-0 [2b5a4366-f940-4ea3-9e56-9305e1336cca] in helmmqttit was MODIFIED
2025-01-29 13:55:16,342 INFO c.h.h.t.HelmChartContainer - Started log watcher for hivemq in pod test-hivemq-platform-0 [2b5a4366-f940-4ea3-9e56-9305e1336cca]
2025-01-29 13:55:16,342 INFO c.h.h.t.HelmChartContainer - [test-hivemq-platform] [hivemq] [2b5a4366] Adding pre-installed HiveMQ Platform Operator extensions
2025-01-29 13:55:16,342 INFO c.h.h.t.HelmChartContainer - [test-hivemq-platform] [hivemq] [2b5a4366] Running as user 10000
2025-01-29 13:55:16,342 INFO c.h.h.t.HelmChartContainer - [test-hivemq-platform] [hivemq] [2b5a4366] Starting HiveMQ Platform Operator Init
2025-01-29 13:55:16,343 INFO c.h.h.t.HelmChartContainer - [EVENT] Normal [Started] Started container hivemq [helmmqttit:test-hivemq-platform-0]
2025-01-29 13:55:16,343 INFO c.h.h.t.HelmChartContainer - Received Started event for container hivemq in pod test-hivemq-platform-0 [2b5a4366-f940-4ea3-9e56-9305e1336cca]
2025-01-29 13:55:16,352 INFO c.h.h.t.HelmChartContainer - [hivemq-test-hivemq-platform] [hivemq-platform-operator] [72b2a26c] 13:55:16.350 [pool-6-thread-9] DEBUG c.h.p.o.d.PlatformServiceResource - [helmmqtt] Desired Platform services (4 services)
2025-01-29 13:55:16,356 INFO c.h.h.t.HelmChartContainer - [hivemq-test-hivemq-platform] [hivemq-platform-operator] [72b2a26c] 13:55:16.352 [pool-6-thread-8] DEBUG c.h.p.o.dependants.PodInfoConfigMap - [helmmqtt] Desired PodInfo ConfigMap (1 extensions) (1 enabled)
2025-01-29 13:55:16,359 INFO c.h.h.t.HelmChartContainer - [hivemq-test-hivemq-platform] [hivemq-platform-operator] [72b2a26c] 13:55:16.354 [pool-6-thread-8] DEBUG c.h.p.o.dependants.PodInfoConfigMap - [helmmqtt] Desired PodInfo ConfigMap (metrics port: 9399) (metrics path: /)
2025-01-29 13:55:16,359 INFO c.h.h.t.HelmChartContainer - [hivemq-test-hivemq-platform] [hivemq-platform-operator] [72b2a26c] 13:55:16.355 [pool-6-thread-5] DEBUG c.h.p.o.d.PodServiceAccountResource - [helmmqtt] Desired PodServiceAccountResource (serviceAccountName: hivemq-platform-pod-test-hivemq-platform)
2025-01-29 13:55:16,359 INFO c.h.h.t.HelmChartContainer - [hivemq-test-hivemq-platform] [hivemq-platform-operator] [72b2a26c] 13:55:16.354 [pool-6-thread-8] DEBUG c.h.p.o.dependants.PodInfoConfigMap - [helmmqtt] Desired PodInfo ConfigMap (extension state hash: -1817474005)
2025-01-29 13:55:16,364 INFO c.h.h.t.HelmChartContainer - [hivemq-test-hivemq-platform] [hivemq-platform-operator] [72b2a26c] 13:55:16.363 [pool-6-thread-3] DEBUG c.h.p.o.d.StatefulSetResource - [helmmqtt] Desired StatefulSet (1 replicas) for status STARTING (READY)
2025-01-29 13:55:16,378 INFO c.h.h.t.HelmChartContainer - [hivemq-test-hivemq-platform] [hivemq-platform-operator] [72b2a26c] 13:55:16.377 [ReconcilerExecutor-hivemq-controller-110] INFO  c.h.p.o.HiveMQPlatformReconciler - [helmmqtt] Reconciling HiveMQ Platform 'test-hivemq-platform' in namespace 'helmmqttit'
2025-01-29 13:55:16,381 INFO c.h.h.t.HelmChartContainer - [hivemq-test-hivemq-platform] [hivemq-platform-operator] [72b2a26c] 13:55:16.379 [ReconcilerExecutor-hivemq-controller-110] DEBUG c.h.p.o.HiveMQPlatformReconciler - [helmmqtt] Custom Resource Status STARTING - HiveMQ Platform is starting (READY)
2025-01-29 13:55:16,383 INFO c.h.h.t.HelmChartContainer - [hivemq-test-hivemq-platform] [hivemq-platform-operator] [72b2a26c] 13:55:16.379 [ReconcilerExecutor-hivemq-controller-110] DEBUG c.h.p.o.HiveMQPlatformReconciler - [helmmqtt] Custom Resource Spec (replicas: 1) (extensions: 1)
2025-01-29 13:55:16,385 INFO c.h.h.t.HelmChartContainer - [hivemq-test-hivemq-platform] [hivemq-platform-operator] [72b2a26c] 13:55:16.384 [ReconcilerExecutor-hivemq-controller-110] DEBUG c.h.p.o.HiveMQPlatformReconciler - [helmmqtt] StatefulSet Status (revision: test-hivemq-platform-6c4dd86f88, replicas: 1, available: 0, ready: 0, current: 1, updated: 1)
2025-01-29 13:55:16,388 INFO c.h.h.t.HelmChartContainer - [hivemq-test-hivemq-platform] [hivemq-platform-operator] [72b2a26c] 13:55:16.386 [ReconcilerExecutor-hivemq-controller-110] DEBUG c.h.p.o.HiveMQPlatformReconciler - [helmmqtt] StatefulSet Spec (replicas: 1, init containers: 1, containers: 1, volumes: 3)
2025-01-29 13:55:16,392 INFO c.h.h.t.HelmChartContainer - [hivemq-test-hivemq-platform] [hivemq-platform-operator] [72b2a26c] 13:55:16.390 [ReconcilerExecutor-hivemq-controller-110] DEBUG c.h.p.o.h.HiveMQPlatformReconcilerErrorHandler - [helmmqtt] Pod 'test-hivemq-platform-0' phase Running
2025-01-29 13:55:16,398 INFO c.h.h.t.HelmChartContainer - [hivemq-test-hivemq-platform] [hivemq-platform-operator] [72b2a26c] 13:55:16.393 [ReconcilerExecutor-hivemq-controller-110] INFO  c.h.p.o.h.HiveMQPlatformReconcilerBaseHandler - [helmmqtt] HiveMQ Platform is starting, 0 of 1 replicas are ready
2025-01-29 13:55:16,671 INFO c.h.h.t.HelmChartContainer - [test-hivemq-platform] [hivemq] [2b5a4366] INFO  - [HiveMQ Platform Operator Init 1.7.0-SNAPSHOT] HiveMQ Platform Operator Init 1.7.0-SNAPSHOT (commit: bebf408 on branch: HEAD) built on Sun Jan 26 20:47:47 UTC 2025
2025-01-29 13:55:17,713 INFO c.h.h.t.HelmChartContainer - [test-hivemq-platform] [hivemq] [2b5a4366] INFO  - [HiveMQ Platform Operator Init App 1.7.0-SNAPSHOT] Using bind address 10.42.0.6 from environment variable
2025-01-29 13:55:18,690 INFO c.h.h.t.HelmChartContainer - [test-hivemq-platform] [hivemq] [2b5a4366] INFO  - [HiveMQ Platform Operator Init App 1.7.0-SNAPSHOT] HiveMQ Platform Operator Init App 1.7.0-SNAPSHOT (commit: bebf408 on branch: HEAD) built on Sun Jan 26 20:47:47 UTC 2025
2025-01-29 13:55:18,690 INFO c.h.h.t.HelmChartContainer - [test-hivemq-platform] [hivemq] [2b5a4366] INFO  - [HiveMQ Platform Operator Init App 1.7.0-SNAPSHOT] PodInfo ConfigMap directory: /etc/podinfo
2025-01-29 13:55:18,690 INFO c.h.h.t.HelmChartContainer - [test-hivemq-platform] [hivemq] [2b5a4366] INFO  - [HiveMQ Platform Operator Init App 1.7.0-SNAPSHOT] HiveMQ home directory: /opt/hivemq
2025-01-29 13:55:18,690 INFO c.h.h.t.HelmChartContainer - [test-hivemq-platform] [hivemq] [2b5a4366] INFO  - [HiveMQ Platform Operator Init App 1.7.0-SNAPSHOT] HiveMQ Logback folder: /opt/hivemq/conf
2025-01-29 13:55:18,690 INFO c.h.h.t.HelmChartContainer - [test-hivemq-platform] [hivemq] [2b5a4366] INFO  - [HiveMQ Platform Operator Init App 1.7.0-SNAPSHOT] HiveMQ Config folder: /opt/hivemq/conf-k8s
2025-01-29 13:55:18,691 INFO c.h.h.t.HelmChartContainer - [test-hivemq-platform] [hivemq] [2b5a4366] INFO  - [HiveMQ Platform Operator Init App 1.7.0-SNAPSHOT] Starting HiveMQ Platform Operator Init App
2025-01-29 13:55:18,691 INFO c.h.h.t.HelmChartContainer - [test-hivemq-platform] [hivemq] [2b5a4366] INFO  - [HiveMQ Platform Operator Init App 1.7.0-SNAPSHOT] Starting Pod reconciler
2025-01-29 13:55:19,884 INFO c.h.h.t.HelmChartContainer - [test-hivemq-platform] [hivemq] [2b5a4366] INFO  - [HiveMQ Platform Operator Init App 1.7.0-SNAPSHOT] Pod reconciler is scheduled (interval: 5000 ms)
2025-01-29 13:55:19,885 INFO c.h.h.t.HelmChartContainer - [test-hivemq-platform] [hivemq] [2b5a4366] INFO  - [HiveMQ Platform Operator Init App 1.7.0-SNAPSHOT] Starting the REST API on 10.42.0.6:7979
2025-01-29 13:55:19,888 INFO c.h.h.t.HelmChartContainer - [test-hivemq-platform] [hivemq] [2b5a4366] INFO  - [HiveMQ Platform Operator Init App 1.7.0-SNAPSHOT] Waiting up to 600s for at most 1 HiveMQ nodes in cluster service hivemq-test-hivemq-platform-cluster.helmmqttit.svc
2025-01-29 13:55:20,272 INFO c.h.h.t.HelmChartContainer - [test-hivemq-platform] [hivemq] [2b5a4366] INFO  - [HiveMQ Platform Operator Init App 1.7.0-SNAPSHOT] Resolved 1 IP addresses: [10.42.0.6]
2025-01-29 13:55:20,272 INFO c.h.h.t.HelmChartContainer - [test-hivemq-platform] [hivemq] [2b5a4366] INFO  - [HiveMQ Platform Operator Init App 1.7.0-SNAPSHOT] HiveMQ node count of 1 is within threshold of 1
2025-01-29 13:55:20,272 INFO c.h.h.t.HelmChartContainer - [test-hivemq-platform] [hivemq] [2b5a4366] INFO  - [HiveMQ Platform Operator Init App 1.7.0-SNAPSHOT] Proceeding with container start
2025-01-29 13:55:20,295 INFO c.h.h.t.HelmChartContainer - [test-hivemq-platform] [hivemq] [2b5a4366] INFO  - [HiveMQ Platform Operator Init App 1.7.0-SNAPSHOT] Initializing HiveMQ Platform extensions with initial configuration: {hivemq-allow-all-extension={start-priority=-1, skip-https-hostname-verification=false, restart=true, config-version=0, header-version=0, c-uri=, priority=-1, uri=preinstalled, skip-https-certificate-validation=false, enabled=true}, hivemq-prometheus-extension={skip-https-hostname-verification=false, skip-https-certificate-validation=false, uri=preinstalled, request-header-path=no-request-headers, enabled=true, restart=true, priority=-1, start-priority=-1, c-uri=}}
2025-01-29 13:55:20,782 INFO c.h.h.t.HelmChartContainer - [test-hivemq-platform] [hivemq] [2b5a4366] INFO  - [HiveMQ Platform Operator Init App 1.7.0-SNAPSHOT] Extension hivemq-allow-all-extension was already enabled
2025-01-29 13:55:20,793 INFO c.h.h.t.HelmChartContainer - [test-hivemq-platform] [hivemq] [2b5a4366] INFO  - [HiveMQ Platform Operator Init App 1.7.0-SNAPSHOT] Successfully enabled extension hivemq-prometheus-extension
2025-01-29 13:55:20,871 INFO c.h.h.t.HelmChartContainer - [test-hivemq-platform] [hivemq] [2b5a4366] INFO  - [HiveMQ Platform Operator Init App 1.7.0-SNAPSHOT] Starting HiveMQ Platform version 4.36.0 (4.36.0)
2025-01-29 13:55:20,872 INFO c.h.h.t.HelmChartContainer - [test-hivemq-platform] [hivemq] [2b5a4366] INFO  - [HiveMQ Platform Operator Init App 1.7.0-SNAPSHOT] Configuring the HiveMQ Platform
2025-01-29 13:55:20,883 INFO c.h.h.t.HelmChartContainer - [test-hivemq-platform] [hivemq] [2b5a4366] INFO  - [HiveMQ Platform Operator Init App 1.7.0-SNAPSHOT] Changed logback.xml file scan period to 20 seconds
2025-01-29 13:55:20,977 INFO c.h.h.t.HelmChartContainer - [test-hivemq-platform] [hivemq] [2b5a4366] INFO  - [HiveMQ Platform Operator Init App 1.7.0-SNAPSHOT] Starting the HiveMQ Platform
2025-01-29 13:55:20,981 INFO c.h.h.t.HelmChartContainer - [test-hivemq-platform] [hivemq] [2b5a4366] -------------------------------------------------------------------------
2025-01-29 13:55:20,981 INFO c.h.h.t.HelmChartContainer - [test-hivemq-platform] [hivemq] [2b5a4366] 
2025-01-29 13:55:20,981 INFO c.h.h.t.HelmChartContainer - [test-hivemq-platform] [hivemq] [2b5a4366]                   _    _  _              __  __   ____
2025-01-29 13:55:20,981 INFO c.h.h.t.HelmChartContainer - [test-hivemq-platform] [hivemq] [2b5a4366]                  | |  | |(_)            |  \/  | / __ \
2025-01-29 13:55:20,981 INFO c.h.h.t.HelmChartContainer - [test-hivemq-platform] [hivemq] [2b5a4366]                  | |__| | _ __   __ ___ | \  / || |  | |
2025-01-29 13:55:20,981 INFO c.h.h.t.HelmChartContainer - [test-hivemq-platform] [hivemq] [2b5a4366]                  |  __  || |\ \ / // _ \| |\/| || |  | |
2025-01-29 13:55:20,981 INFO c.h.h.t.HelmChartContainer - [test-hivemq-platform] [hivemq] [2b5a4366]                  | |  | || | \ V /|  __/| |  | || |__| |
2025-01-29 13:55:20,982 INFO c.h.h.t.HelmChartContainer - [test-hivemq-platform] [hivemq] [2b5a4366]                  |_|  |_||_|  \_/  \___||_|  |_| \___\_\
2025-01-29 13:55:20,982 INFO c.h.h.t.HelmChartContainer - [test-hivemq-platform] [hivemq] [2b5a4366] 
2025-01-29 13:55:20,982 INFO c.h.h.t.HelmChartContainer - [test-hivemq-platform] [hivemq] [2b5a4366] -------------------------------------------------------------------------
2025-01-29 13:55:20,982 INFO c.h.h.t.HelmChartContainer - [test-hivemq-platform] [hivemq] [2b5a4366] 
2025-01-29 13:55:20,982 INFO c.h.h.t.HelmChartContainer - [test-hivemq-platform] [hivemq] [2b5a4366]   HiveMQ Start Script for Linux/Unix v1.14
2025-01-29 13:55:20,982 INFO c.h.h.t.HelmChartContainer - [test-hivemq-platform] [hivemq] [2b5a4366] 
2025-01-29 13:55:21,081 INFO c.h.h.t.HelmChartContainer - [test-hivemq-platform] [hivemq] [2b5a4366] -------------------------------------------------------------------------
2025-01-29 13:55:21,082 INFO c.h.h.t.HelmChartContainer - [test-hivemq-platform] [hivemq] [2b5a4366] 
2025-01-29 13:55:21,082 INFO c.h.h.t.HelmChartContainer - [test-hivemq-platform] [hivemq] [2b5a4366]   HIVEMQ_HOME: /opt/hivemq
2025-01-29 13:55:21,082 INFO c.h.h.t.HelmChartContainer - [test-hivemq-platform] [hivemq] [2b5a4366] 
2025-01-29 13:55:21,082 INFO c.h.h.t.HelmChartContainer - [test-hivemq-platform] [hivemq] [2b5a4366]   JAVA_OPTS: -XX:+UnlockExperimentalVMOptions -XX:InitialRAMPercentage=50 -XX:MaxRAMPercentage=50 -Djava.net.preferIPv4Stack=true --add-opens java.base/java.lang=ALL-UNNAMED --add-opens java.base/java.nio=ALL-UNNAMED --add-opens java.base/sun.nio.ch=ALL-UNNAMED --add-opens jdk.management/com.sun.management.internal=ALL-UNNAMED --add-exports java.base/jdk.internal.misc=ALL-UNNAMED -Djava.security.egd=file:/dev/./urandom -Dcom.sun.management.jmxremote -Dcom.sun.management.jmxremote.port=9010 -Dcom.sun.management.jmxremote.local.only=false -Dcom.sun.management.jmxremote.authenticate=false -Dcom.sun.management.jmxremote.ssl=false -Duser.language=en -Duser.region=US -XX:+CrashOnOutOfMemoryError -XX:+HeapDumpOnOutOfMemoryError
2025-01-29 13:55:21,082 INFO c.h.h.t.HelmChartContainer - [test-hivemq-platform] [hivemq] [2b5a4366] 
2025-01-29 13:55:21,082 INFO c.h.h.t.HelmChartContainer - [test-hivemq-platform] [hivemq] [2b5a4366]   JAVA_VERSION: 21
2025-01-29 13:55:21,082 INFO c.h.h.t.HelmChartContainer - [test-hivemq-platform] [hivemq] [2b5a4366] 
2025-01-29 13:55:21,082 INFO c.h.h.t.HelmChartContainer - [test-hivemq-platform] [hivemq] [2b5a4366] -------------------------------------------------------------------------
2025-01-29 13:55:21,082 INFO c.h.h.t.HelmChartContainer - [test-hivemq-platform] [hivemq] [2b5a4366] 
2025-01-29 13:55:22,382 INFO c.h.h.t.HelmChartContainer - [test-hivemq-platform] [hivemq] [2b5a4366] INFO  - [HiveMQ Platform Operator Init App 1.7.0-SNAPSHOT] Returning default Health API response 503 for readiness
2025-01-29 13:55:22,689 INFO c.h.h.t.HelmChartContainer - [EVENT] Warning [Unhealthy] Readiness probe failed: HTTP probe failed with statuscode: 503 [helmmqttit:test-hivemq-platform-0]
2025-01-29 13:55:22,689 INFO c.h.h.t.HelmChartContainer - Received Unhealthy event for container hivemq in pod test-hivemq-platform-0 [2b5a4366-f940-4ea3-9e56-9305e1336cca]
2025-01-29 13:55:23,786 INFO c.h.h.t.HelmChartContainer - [test-hivemq-platform] [hivemq] [2b5a4366] INFO  - Starting HiveMQ Enterprise Server
2025-01-29 13:55:23,875 INFO c.h.h.t.HelmChartContainer - [test-hivemq-platform] [hivemq] [2b5a4366] INFO  - HiveMQ version: 4.36.0
2025-01-29 13:55:23,876 INFO c.h.h.t.HelmChartContainer - [test-hivemq-platform] [hivemq] [2b5a4366] INFO  - HiveMQ home directory: /opt/hivemq
2025-01-29 13:55:23,876 INFO c.h.h.t.HelmChartContainer - [test-hivemq-platform] [hivemq] [2b5a4366] INFO  - Log Configuration was overridden by /opt/hivemq/conf/logback.xml
2025-01-29 13:55:25,188 INFO c.h.h.t.HelmChartContainer - [test-hivemq-platform] [hivemq] [2b5a4366] INFO  - Successfully loaded configuration from '/opt/hivemq/conf-k8s/config.xml'.
2025-01-29 13:55:25,876 INFO c.h.h.t.HelmChartContainer - [test-hivemq-platform] [hivemq] [2b5a4366] INFO  - This node's ID is b5Umg
2025-01-29 13:55:25,877 INFO c.h.h.t.HelmChartContainer - [test-hivemq-platform] [hivemq] [2b5a4366] INFO  - Clustering is enabled
2025-01-29 13:55:26,401 INFO c.h.h.t.HelmChartContainer - [hivemq-test-hivemq-platform] [hivemq-platform-operator] [72b2a26c] 13:55:26.397 [pool-6-thread-14] DEBUG c.h.p.o.d.PlatformServiceResource - [helmmqtt] Desired Platform services (4 services)
2025-01-29 13:55:26,401 INFO c.h.h.t.HelmChartContainer - [hivemq-test-hivemq-platform] [hivemq-platform-operator] [72b2a26c] 13:55:26.398 [pool-6-thread-11] DEBUG c.h.p.o.dependants.PodInfoConfigMap - [helmmqtt] Desired PodInfo ConfigMap (1 extensions) (1 enabled)
2025-01-29 13:55:26,402 INFO c.h.h.t.HelmChartContainer - [hivemq-test-hivemq-platform] [hivemq-platform-operator] [72b2a26c] 13:55:26.398 [pool-6-thread-11] DEBUG c.h.p.o.dependants.PodInfoConfigMap - [helmmqtt] Desired PodInfo ConfigMap (metrics port: 9399) (metrics path: /)
2025-01-29 13:55:26,402 INFO c.h.h.t.HelmChartContainer - [hivemq-test-hivemq-platform] [hivemq-platform-operator] [72b2a26c] 13:55:26.398 [pool-6-thread-11] DEBUG c.h.p.o.dependants.PodInfoConfigMap - [helmmqtt] Desired PodInfo ConfigMap (extension state hash: -1817474005)
2025-01-29 13:55:26,402 INFO c.h.h.t.HelmChartContainer - [hivemq-test-hivemq-platform] [hivemq-platform-operator] [72b2a26c] 13:55:26.399 [pool-6-thread-15] DEBUG c.h.p.o.d.PodServiceAccountResource - [helmmqtt] Desired PodServiceAccountResource (serviceAccountName: hivemq-platform-pod-test-hivemq-platform)
2025-01-29 13:55:26,409 INFO c.h.h.t.HelmChartContainer - [hivemq-test-hivemq-platform] [hivemq-platform-operator] [72b2a26c] 13:55:26.408 [pool-6-thread-14] DEBUG c.h.p.o.d.StatefulSetResource - [helmmqtt] Desired StatefulSet (1 replicas) for status STARTING (READY)
2025-01-29 13:55:26,478 INFO c.h.h.t.HelmChartContainer - [hivemq-test-hivemq-platform] [hivemq-platform-operator] [72b2a26c] 13:55:26.475 [ReconcilerExecutor-hivemq-controller-111] INFO  c.h.p.o.HiveMQPlatformReconciler - [helmmqtt] Reconciling HiveMQ Platform 'test-hivemq-platform' in namespace 'helmmqttit'
2025-01-29 13:55:26,478 INFO c.h.h.t.HelmChartContainer - [hivemq-test-hivemq-platform] [hivemq-platform-operator] [72b2a26c] 13:55:26.476 [ReconcilerExecutor-hivemq-controller-111] DEBUG c.h.p.o.HiveMQPlatformReconciler - [helmmqtt] Custom Resource Status STARTING - HiveMQ Platform is starting (READY)
2025-01-29 13:55:26,478 INFO c.h.h.t.HelmChartContainer - [hivemq-test-hivemq-platform] [hivemq-platform-operator] [72b2a26c] 13:55:26.476 [ReconcilerExecutor-hivemq-controller-111] DEBUG c.h.p.o.HiveMQPlatformReconciler - [helmmqtt] Custom Resource Spec (replicas: 1) (extensions: 1)
2025-01-29 13:55:26,486 INFO c.h.h.t.HelmChartContainer - [hivemq-test-hivemq-platform] [hivemq-platform-operator] [72b2a26c] 13:55:26.485 [ReconcilerExecutor-hivemq-controller-111] DEBUG c.h.p.o.HiveMQPlatformReconciler - [helmmqtt] StatefulSet Status (revision: test-hivemq-platform-6c4dd86f88, replicas: 1, available: 0, ready: 0, current: 1, updated: 1)
2025-01-29 13:55:26,488 INFO c.h.h.t.HelmChartContainer - [hivemq-test-hivemq-platform] [hivemq-platform-operator] [72b2a26c] 13:55:26.485 [ReconcilerExecutor-hivemq-controller-111] DEBUG c.h.p.o.HiveMQPlatformReconciler - [helmmqtt] StatefulSet Spec (replicas: 1, init containers: 1, containers: 1, volumes: 3)
2025-01-29 13:55:26,490 INFO c.h.h.t.HelmChartContainer - [hivemq-test-hivemq-platform] [hivemq-platform-operator] [72b2a26c] 13:55:26.489 [ReconcilerExecutor-hivemq-controller-111] DEBUG c.h.p.o.h.HiveMQPlatformReconcilerErrorHandler - [helmmqtt] Pod 'test-hivemq-platform-0' phase Running
2025-01-29 13:55:26,491 INFO c.h.h.t.HelmChartContainer - [hivemq-test-hivemq-platform] [hivemq-platform-operator] [72b2a26c] 13:55:26.490 [ReconcilerExecutor-hivemq-controller-111] INFO  c.h.p.o.h.HiveMQPlatformReconcilerBaseHandler - [helmmqtt] HiveMQ Platform is starting, 0 of 1 replicas are ready
2025-01-29 13:55:27,974 INFO c.h.h.t.HelmChartContainer - [test-hivemq-platform] [hivemq] [2b5a4366] WARN  - [HiveMQ Platform Operator Init App 1.7.0-SNAPSHOT] Cannot connect to Health API for readiness: null
2025-01-29 13:55:27,979 INFO c.h.h.t.HelmChartContainer - [EVENT] Warning [Unhealthy] Readiness probe failed: HTTP probe failed with statuscode: 503 [helmmqttit:test-hivemq-platform-0]
2025-01-29 13:55:27,980 INFO c.h.h.t.HelmChartContainer - Received Unhealthy event for container hivemq in pod test-hivemq-platform-0 [2b5a4366-f940-4ea3-9e56-9305e1336cca]
2025-01-29 13:55:30,983 INFO c.h.h.t.HelmChartContainer - [test-hivemq-platform] [hivemq] [2b5a4366] INFO  - [HiveMQ Platform Operator Init App 1.7.0-SNAPSHOT] Updating Pod HiveMQ Platform Operator Init App version annotation (version: 1.7.0-SNAPSHOT)
2025-01-29 13:55:31,593 INFO c.h.h.t.HelmChartContainer - [POD] test-hivemq-platform-0 [2b5a4366-f940-4ea3-9e56-9305e1336cca] in helmmqttit was MODIFIED
2025-01-29 13:55:31,599 INFO c.h.h.t.HelmChartContainer - [hivemq-test-hivemq-platform] [hivemq-platform-operator] [72b2a26c] 13:55:31.596 [pool-6-thread-25] DEBUG c.h.p.o.d.PlatformServiceResource - [helmmqtt] Desired Platform services (4 services)
2025-01-29 13:55:31,599 INFO c.h.h.t.HelmChartContainer - [hivemq-test-hivemq-platform] [hivemq-platform-operator] [72b2a26c] 13:55:31.599 [pool-6-thread-23] DEBUG c.h.p.o.d.PodServiceAccountResource - [helmmqtt] Desired PodServiceAccountResource (serviceAccountName: hivemq-platform-pod-test-hivemq-platform)
2025-01-29 13:55:31,604 INFO c.h.h.t.HelmChartContainer - [hivemq-test-hivemq-platform] [hivemq-platform-operator] [72b2a26c] 13:55:31.598 [pool-6-thread-24] DEBUG c.h.p.o.dependants.PodInfoConfigMap - [helmmqtt] Desired PodInfo ConfigMap (1 extensions) (1 enabled)
2025-01-29 13:55:31,604 INFO c.h.h.t.HelmChartContainer - [hivemq-test-hivemq-platform] [hivemq-platform-operator] [72b2a26c] 13:55:31.602 [pool-6-thread-24] DEBUG c.h.p.o.dependants.PodInfoConfigMap - [helmmqtt] Desired PodInfo ConfigMap (metrics port: 9399) (metrics path: /)
2025-01-29 13:55:31,604 INFO c.h.h.t.HelmChartContainer - [hivemq-test-hivemq-platform] [hivemq-platform-operator] [72b2a26c] 13:55:31.602 [pool-6-thread-24] DEBUG c.h.p.o.dependants.PodInfoConfigMap - [helmmqtt] Desired PodInfo ConfigMap (extension state hash: -1817474005)
2025-01-29 13:55:31,606 INFO c.h.h.t.HelmChartContainer - [hivemq-test-hivemq-platform] [hivemq-platform-operator] [72b2a26c] 13:55:31.605 [pool-6-thread-24] DEBUG c.h.p.o.d.StatefulSetResource - [helmmqtt] Desired StatefulSet (1 replicas) for status STARTING (READY)
2025-01-29 13:55:31,676 INFO c.h.h.t.HelmChartContainer - [test-hivemq-platform] [hivemq] [2b5a4366] WARN  - [HiveMQ Platform Operator Init App 1.7.0-SNAPSHOT] Cannot connect to Health API for readiness: null
2025-01-29 13:55:31,679 INFO c.h.h.t.HelmChartContainer - [hivemq-test-hivemq-platform] [hivemq-platform-operator] [72b2a26c] 13:55:31.674 [ReconcilerExecutor-hivemq-controller-112] INFO  c.h.p.o.HiveMQPlatformReconciler - [helmmqtt] Reconciling HiveMQ Platform 'test-hivemq-platform' in namespace 'helmmqttit'
2025-01-29 13:55:31,679 INFO c.h.h.t.HelmChartContainer - [hivemq-test-hivemq-platform] [hivemq-platform-operator] [72b2a26c] 13:55:31.675 [ReconcilerExecutor-hivemq-controller-112] DEBUG c.h.p.o.HiveMQPlatformReconciler - [helmmqtt] Custom Resource Status STARTING - HiveMQ Platform is starting (READY)
2025-01-29 13:55:31,679 INFO c.h.h.t.HelmChartContainer - [hivemq-test-hivemq-platform] [hivemq-platform-operator] [72b2a26c] 13:55:31.675 [ReconcilerExecutor-hivemq-controller-112] DEBUG c.h.p.o.HiveMQPlatformReconciler - [helmmqtt] Custom Resource Spec (replicas: 1) (extensions: 1)
2025-01-29 13:55:31,679 INFO c.h.h.t.HelmChartContainer - [hivemq-test-hivemq-platform] [hivemq-platform-operator] [72b2a26c] 13:55:31.677 [ReconcilerExecutor-hivemq-controller-112] DEBUG c.h.p.o.HiveMQPlatformReconciler - [helmmqtt] StatefulSet Status (revision: test-hivemq-platform-6c4dd86f88, replicas: 1, available: 0, ready: 0, current: 1, updated: 1)
2025-01-29 13:55:31,682 INFO c.h.h.t.HelmChartContainer - [test-hivemq-platform] [hivemq] [2b5a4366] INFO  - [HiveMQ Platform Operator Init App 1.7.0-SNAPSHOT] Successfully updated Pod HiveMQ Platform Operator Init App version annotation (version: 1.7.0-SNAPSHOT)
2025-01-29 13:55:31,683 INFO c.h.h.t.HelmChartContainer - [hivemq-test-hivemq-platform] [hivemq-platform-operator] [72b2a26c] 13:55:31.678 [ReconcilerExecutor-hivemq-controller-112] DEBUG c.h.p.o.HiveMQPlatformReconciler - [helmmqtt] StatefulSet Spec (replicas: 1, init containers: 1, containers: 1, volumes: 3)
2025-01-29 13:55:31,683 INFO c.h.h.t.HelmChartContainer - [hivemq-test-hivemq-platform] [hivemq-platform-operator] [72b2a26c] 13:55:31.680 [ReconcilerExecutor-hivemq-controller-112] DEBUG c.h.p.o.h.HiveMQPlatformReconcilerErrorHandler - [helmmqtt] Pod 'test-hivemq-platform-0' phase Running
2025-01-29 13:55:31,683 INFO c.h.h.t.HelmChartContainer - [hivemq-test-hivemq-platform] [hivemq-platform-operator] [72b2a26c] 13:55:31.681 [ReconcilerExecutor-hivemq-controller-112] INFO  c.h.p.o.h.HiveMQPlatformReconcilerBaseHandler - [helmmqtt] HiveMQ Platform is starting, 0 of 1 replicas are ready
2025-01-29 13:55:31,688 INFO c.h.h.t.HelmChartContainer - [EVENT] Warning [Unhealthy] Readiness probe failed: HTTP probe failed with statuscode: 503 [helmmqttit:test-hivemq-platform-0]
2025-01-29 13:55:31,689 INFO c.h.h.t.HelmChartContainer - Received Unhealthy event for container hivemq in pod test-hivemq-platform-0 [2b5a4366-f940-4ea3-9e56-9305e1336cca]
2025-01-29 13:55:36,629 INFO c.h.h.t.HelmChartContainer - [test-hivemq-platform] [hivemq] [2b5a4366] WARN  - [HiveMQ Platform Operator Init App 1.7.0-SNAPSHOT] Cannot connect to Health API for readiness: null
2025-01-29 13:55:36,634 INFO c.h.h.t.HelmChartContainer - [EVENT] Warning [Unhealthy] Readiness probe failed: HTTP probe failed with statuscode: 503 [helmmqttit:test-hivemq-platform-0]
2025-01-29 13:55:36,634 INFO c.h.h.t.HelmChartContainer - Received Unhealthy event for container hivemq in pod test-hivemq-platform-0 [2b5a4366-f940-4ea3-9e56-9305e1336cca]
2025-01-29 13:55:41,675 INFO c.h.h.t.HelmChartContainer - [test-hivemq-platform] [hivemq] [2b5a4366] WARN  - [HiveMQ Platform Operator Init App 1.7.0-SNAPSHOT] Cannot connect to Health API for readiness: null
2025-01-29 13:55:41,680 INFO c.h.h.t.HelmChartContainer - [EVENT] Warning [Unhealthy] Readiness probe failed: HTTP probe failed with statuscode: 503 [helmmqttit:test-hivemq-platform-0]
2025-01-29 13:55:41,680 INFO c.h.h.t.HelmChartContainer - Received Unhealthy event for container hivemq in pod test-hivemq-platform-0 [2b5a4366-f940-4ea3-9e56-9305e1336cca]
2025-01-29 13:55:41,690 INFO c.h.h.t.HelmChartContainer - [hivemq-test-hivemq-platform] [hivemq-platform-operator] [72b2a26c] 13:55:41.688 [pool-6-thread-37] DEBUG c.h.p.o.d.PlatformServiceResource - [helmmqtt] Desired Platform services (4 services)
2025-01-29 13:55:41,692 INFO c.h.h.t.HelmChartContainer - [hivemq-test-hivemq-platform] [hivemq-platform-operator] [72b2a26c] 13:55:41.691 [pool-6-thread-32] DEBUG c.h.p.o.dependants.PodInfoConfigMap - [helmmqtt] Desired PodInfo ConfigMap (1 extensions) (1 enabled)
2025-01-29 13:55:41,695 INFO c.h.h.t.HelmChartContainer - [hivemq-test-hivemq-platform] [hivemq-platform-operator] [72b2a26c] 13:55:41.691 [pool-6-thread-32] DEBUG c.h.p.o.dependants.PodInfoConfigMap - [helmmqtt] Desired PodInfo ConfigMap (metrics port: 9399) (metrics path: /)
2025-01-29 13:55:41,695 INFO c.h.h.t.HelmChartContainer - [hivemq-test-hivemq-platform] [hivemq-platform-operator] [72b2a26c] 13:55:41.691 [pool-6-thread-32] DEBUG c.h.p.o.dependants.PodInfoConfigMap - [helmmqtt] Desired PodInfo ConfigMap (extension state hash: -1817474005)
2025-01-29 13:55:41,696 INFO c.h.h.t.HelmChartContainer - [hivemq-test-hivemq-platform] [hivemq-platform-operator] [72b2a26c] 13:55:41.694 [pool-6-thread-35] DEBUG c.h.p.o.d.PodServiceAccountResource - [helmmqtt] Desired PodServiceAccountResource (serviceAccountName: hivemq-platform-pod-test-hivemq-platform)
2025-01-29 13:55:41,699 INFO c.h.h.t.HelmChartContainer - [hivemq-test-hivemq-platform] [hivemq-platform-operator] [72b2a26c] 13:55:41.698 [pool-6-thread-37] DEBUG c.h.p.o.d.StatefulSetResource - [helmmqtt] Desired StatefulSet (1 replicas) for status STARTING (READY)
2025-01-29 13:55:41,702 INFO c.h.h.t.HelmChartContainer - [hivemq-test-hivemq-platform] [hivemq-platform-operator] [72b2a26c] 13:55:41.701 [ReconcilerExecutor-hivemq-controller-113] INFO  c.h.p.o.HiveMQPlatformReconciler - [helmmqtt] Reconciling HiveMQ Platform 'test-hivemq-platform' in namespace 'helmmqttit'
2025-01-29 13:55:41,702 INFO c.h.h.t.HelmChartContainer - [hivemq-test-hivemq-platform] [hivemq-platform-operator] [72b2a26c] 13:55:41.701 [ReconcilerExecutor-hivemq-controller-113] DEBUG c.h.p.o.HiveMQPlatformReconciler - [helmmqtt] Custom Resource Status STARTING - HiveMQ Platform is starting (READY)
2025-01-29 13:55:41,702 INFO c.h.h.t.HelmChartContainer - [hivemq-test-hivemq-platform] [hivemq-platform-operator] [72b2a26c] 13:55:41.701 [ReconcilerExecutor-hivemq-controller-113] DEBUG c.h.p.o.HiveMQPlatformReconciler - [helmmqtt] Custom Resource Spec (replicas: 1) (extensions: 1)
2025-01-29 13:55:41,704 INFO c.h.h.t.HelmChartContainer - [hivemq-test-hivemq-platform] [hivemq-platform-operator] [72b2a26c] 13:55:41.702 [ReconcilerExecutor-hivemq-controller-113] DEBUG c.h.p.o.HiveMQPlatformReconciler - [helmmqtt] StatefulSet Status (revision: test-hivemq-platform-6c4dd86f88, replicas: 1, available: 0, ready: 0, current: 1, updated: 1)
2025-01-29 13:55:41,704 INFO c.h.h.t.HelmChartContainer - [hivemq-test-hivemq-platform] [hivemq-platform-operator] [72b2a26c] 13:55:41.703 [ReconcilerExecutor-hivemq-controller-113] DEBUG c.h.p.o.HiveMQPlatformReconciler - [helmmqtt] StatefulSet Spec (replicas: 1, init containers: 1, containers: 1, volumes: 3)
2025-01-29 13:55:41,778 INFO c.h.h.t.HelmChartContainer - [hivemq-test-hivemq-platform] [hivemq-platform-operator] [72b2a26c] 13:55:41.777 [ReconcilerExecutor-hivemq-controller-113] DEBUG c.h.p.o.h.HiveMQPlatformReconcilerErrorHandler - [helmmqtt] Pod 'test-hivemq-platform-0' phase Running
2025-01-29 13:55:41,781 INFO c.h.h.t.HelmChartContainer - [hivemq-test-hivemq-platform] [hivemq-platform-operator] [72b2a26c] 13:55:41.779 [ReconcilerExecutor-hivemq-controller-113] INFO  c.h.p.o.h.HiveMQPlatformReconcilerBaseHandler - [helmmqtt] HiveMQ Platform is starting, 0 of 1 replicas are ready
2025-01-29 13:55:43,929 INFO c.h.h.t.HelmChartContainer - [test-hivemq-platform] [hivemq] [2b5a4366] INFO  - No valid license file found. Using trial license, restricted to 25 connections.
2025-01-29 13:55:44,173 INFO c.h.h.t.HelmChartContainer - [test-hivemq-platform] [hivemq] [2b5a4366] WARN  - [HiveMQ Platform Operator Init App 1.7.0-SNAPSHOT] Cannot connect to Health API for liveness: null
2025-01-29 13:55:44,174 INFO c.h.h.t.HelmChartContainer - [test-hivemq-platform] [hivemq] [2b5a4366] INFO  - [HiveMQ Platform Operator Init App 1.7.0-SNAPSHOT] Returning default Health API response 200 for liveness
2025-01-29 13:55:46,671 INFO c.h.h.t.HelmChartContainer - [test-hivemq-platform] [hivemq] [2b5a4366] WARN  - [HiveMQ Platform Operator Init App 1.7.0-SNAPSHOT] Cannot connect to Health API for readiness: null
2025-01-29 13:55:46,677 INFO c.h.h.t.HelmChartContainer - [EVENT] Warning [Unhealthy] Readiness probe failed: HTTP probe failed with statuscode: 503 [helmmqttit:test-hivemq-platform-0]
2025-01-29 13:55:46,678 INFO c.h.h.t.HelmChartContainer - Received Unhealthy event for container hivemq in pod test-hivemq-platform-0 [2b5a4366-f940-4ea3-9e56-9305e1336cca]
2025-01-29 13:55:47,829 INFO c.h.h.t.HelmChartContainer - [test-hivemq-platform] [hivemq] [2b5a4366] INFO  - No valid license file for Data Hub found. Using free license, restricted to 1 policy.
2025-01-29 13:55:48,971 INFO c.h.h.t.HelmChartContainer - [test-hivemq-platform] [hivemq] [2b5a4366] INFO  - Audit Logger started.
2025-01-29 13:55:49,179 INFO c.h.h.t.HelmChartContainer - [test-hivemq-platform] [hivemq] [2b5a4366] INFO  - This node uses '1' CPU cores.
2025-01-29 13:55:49,184 INFO c.h.h.t.HelmChartContainer - [test-hivemq-platform] [hivemq] [2b5a4366] INFO  - Starting HiveMQ Health API on address 0.0.0.0 and port 8889
2025-01-29 13:55:49,977 INFO c.h.h.t.HelmChartContainer - [test-hivemq-platform] [hivemq] [2b5a4366] INFO  - Started HiveMQ Health API in 794ms
2025-01-29 13:55:50,582 INFO c.h.h.t.HelmChartContainer - [test-hivemq-platform] [hivemq] [2b5a4366] INFO  - Starting HiveMQ extension system.
2025-01-29 13:55:50,874 INFO c.h.h.t.HelmChartContainer - [test-hivemq-platform] [hivemq] [2b5a4366] INFO  - Starting extension with id "hivemq-dns-cluster-discovery" at /opt/hivemq/extensions/hivemq-dns-cluster-discovery
2025-01-29 13:55:51,329 INFO c.h.h.t.HelmChartContainer - [test-hivemq-platform] [hivemq] [2b5a4366] INFO  - Using TCP cluster transport on address 10.42.0.6 and port 7000
2025-01-29 13:55:51,376 INFO c.h.h.t.HelmChartContainer - [test-hivemq-platform] [hivemq] [2b5a4366] INFO  - Using extension cluster discovery
2025-01-29 13:55:51,381 INFO c.h.h.t.HelmChartContainer - [test-hivemq-platform] [hivemq] [2b5a4366] INFO  - Extension "DNS Cluster Discovery Extension" version 4.3.2 started successfully.
2025-01-29 13:55:51,382 INFO c.h.h.t.HelmChartContainer - [test-hivemq-platform] [hivemq] [2b5a4366] INFO  - Starting extension with id "hivemq-prometheus-extension" at /opt/hivemq/extensions/hivemq-prometheus-extension
2025-01-29 13:55:51,784 INFO c.h.h.t.HelmChartContainer - [hivemq-test-hivemq-platform] [hivemq-platform-operator] [72b2a26c] 13:55:51.783 [pool-6-thread-46] DEBUG c.h.p.o.d.PlatformServiceResource - [helmmqtt] Desired Platform services (4 services)
2025-01-29 13:55:51,784 INFO c.h.h.t.HelmChartContainer - [hivemq-test-hivemq-platform] [hivemq-platform-operator] [72b2a26c] 13:55:51.783 [pool-6-thread-47] DEBUG c.h.p.o.dependants.PodInfoConfigMap - [helmmqtt] Desired PodInfo ConfigMap (1 extensions) (1 enabled)
2025-01-29 13:55:51,784 INFO c.h.h.t.HelmChartContainer - [hivemq-test-hivemq-platform] [hivemq-platform-operator] [72b2a26c] 13:55:51.783 [pool-6-thread-47] DEBUG c.h.p.o.dependants.PodInfoConfigMap - [helmmqtt] Desired PodInfo ConfigMap (metrics port: 9399) (metrics path: /)
2025-01-29 13:55:51,784 INFO c.h.h.t.HelmChartContainer - [hivemq-test-hivemq-platform] [hivemq-platform-operator] [72b2a26c] 13:55:51.783 [pool-6-thread-47] DEBUG c.h.p.o.dependants.PodInfoConfigMap - [helmmqtt] Desired PodInfo ConfigMap (extension state hash: -1817474005)
2025-01-29 13:55:51,786 INFO c.h.h.t.HelmChartContainer - [hivemq-test-hivemq-platform] [hivemq-platform-operator] [72b2a26c] 13:55:51.783 [pool-6-thread-42] DEBUG c.h.p.o.d.PodServiceAccountResource - [helmmqtt] Desired PodServiceAccountResource (serviceAccountName: hivemq-platform-pod-test-hivemq-platform)
2025-01-29 13:55:51,791 INFO c.h.h.t.HelmChartContainer - [hivemq-test-hivemq-platform] [hivemq-platform-operator] [72b2a26c] 13:55:51.790 [pool-6-thread-46] DEBUG c.h.p.o.d.StatefulSetResource - [helmmqtt] Desired StatefulSet (1 replicas) for status STARTING (READY)
2025-01-29 13:55:51,854 INFO c.h.h.t.HelmChartContainer - [hivemq-test-hivemq-platform] [hivemq-platform-operator] [72b2a26c] 13:55:51.853 [ReconcilerExecutor-hivemq-controller-114] INFO  c.h.p.o.HiveMQPlatformReconciler - [helmmqtt] Reconciling HiveMQ Platform 'test-hivemq-platform' in namespace 'helmmqttit'
2025-01-29 13:55:51,855 INFO c.h.h.t.HelmChartContainer - [hivemq-test-hivemq-platform] [hivemq-platform-operator] [72b2a26c] 13:55:51.853 [ReconcilerExecutor-hivemq-controller-114] DEBUG c.h.p.o.HiveMQPlatformReconciler - [helmmqtt] Custom Resource Status STARTING - HiveMQ Platform is starting (READY)
2025-01-29 13:55:51,855 INFO c.h.h.t.HelmChartContainer - [hivemq-test-hivemq-platform] [hivemq-platform-operator] [72b2a26c] 13:55:51.853 [ReconcilerExecutor-hivemq-controller-114] DEBUG c.h.p.o.HiveMQPlatformReconciler - [helmmqtt] Custom Resource Spec (replicas: 1) (extensions: 1)
2025-01-29 13:55:51,877 INFO c.h.h.t.HelmChartContainer - [hivemq-test-hivemq-platform] [hivemq-platform-operator] [72b2a26c] 13:55:51.875 [ReconcilerExecutor-hivemq-controller-114] DEBUG c.h.p.o.HiveMQPlatformReconciler - [helmmqtt] StatefulSet Status (revision: test-hivemq-platform-6c4dd86f88, replicas: 1, available: 0, ready: 0, current: 1, updated: 1)
2025-01-29 13:55:51,880 INFO c.h.h.t.HelmChartContainer - [hivemq-test-hivemq-platform] [hivemq-platform-operator] [72b2a26c] 13:55:51.875 [ReconcilerExecutor-hivemq-controller-114] DEBUG c.h.p.o.HiveMQPlatformReconciler - [helmmqtt] StatefulSet Spec (replicas: 1, init containers: 1, containers: 1, volumes: 3)
2025-01-29 13:55:51,881 INFO c.h.h.t.HelmChartContainer - [hivemq-test-hivemq-platform] [hivemq-platform-operator] [72b2a26c] 13:55:51.879 [ReconcilerExecutor-hivemq-controller-114] DEBUG c.h.p.o.h.HiveMQPlatformReconcilerErrorHandler - [helmmqtt] Pod 'test-hivemq-platform-0' phase Running
2025-01-29 13:55:51,881 INFO c.h.h.t.HelmChartContainer - [hivemq-test-hivemq-platform] [hivemq-platform-operator] [72b2a26c] 13:55:51.879 [ReconcilerExecutor-hivemq-controller-114] INFO  c.h.p.o.h.HiveMQPlatformReconcilerBaseHandler - [helmmqtt] HiveMQ Platform is starting, 0 of 1 replicas are ready
2025-01-29 13:55:52,479 INFO c.h.h.t.HelmChartContainer - [test-hivemq-platform] [hivemq] [2b5a4366] INFO  - Started Jetty Server exposing Prometheus Servlet on URI http://0.0.0.0:9399/
2025-01-29 13:55:52,479 INFO c.h.h.t.HelmChartContainer - [test-hivemq-platform] [hivemq] [2b5a4366] INFO  - Extension "Prometheus Monitoring Extension" version 4.0.12 started successfully.
2025-01-29 13:55:52,479 INFO c.h.h.t.HelmChartContainer - [test-hivemq-platform] [hivemq] [2b5a4366] INFO  - Starting extension with id "hivemq-allow-all-extension" at /opt/hivemq/extensions/hivemq-allow-all-extension
2025-01-29 13:55:52,480 INFO c.h.h.t.HelmChartContainer - [test-hivemq-platform] [hivemq] [2b5a4366] WARN  - 
2025-01-29 13:55:52,480 INFO c.h.h.t.HelmChartContainer - [test-hivemq-platform] [hivemq] [2b5a4366] ################################################################################################################
2025-01-29 13:55:52,480 INFO c.h.h.t.HelmChartContainer - [test-hivemq-platform] [hivemq] [2b5a4366] # This HiveMQ deployment is not secure! You are lacking Authentication and Authorization.                      #
2025-01-29 13:55:52,482 INFO c.h.h.t.HelmChartContainer - [test-hivemq-platform] [hivemq] [2b5a4366] # Right now any MQTT client can connect to the broker with a full set of permissions.                          #
2025-01-29 13:55:52,482 INFO c.h.h.t.HelmChartContainer - [test-hivemq-platform] [hivemq] [2b5a4366] # For production usage, add an appropriate security extension and remove the hivemq-allow-all extension.       #
2025-01-29 13:55:52,482 INFO c.h.h.t.HelmChartContainer - [test-hivemq-platform] [hivemq] [2b5a4366] # You can download security extensions from the HiveMQ Marketplace (https://www.hivemq.com/extensions/).       #
2025-01-29 13:55:52,482 INFO c.h.h.t.HelmChartContainer - [test-hivemq-platform] [hivemq] [2b5a4366] ################################################################################################################
2025-01-29 13:55:52,482 INFO c.h.h.t.HelmChartContainer - [test-hivemq-platform] [hivemq] [2b5a4366] INFO  - Extension "Allow All Extension" version 1.1.1 started successfully.
2025-01-29 13:55:52,636 INFO c.h.h.t.HelmChartContainer - [EVENT] Warning [Unhealthy] Readiness probe failed: Get "http://10.42.0.6:7979/readiness": context deadline exceeded (Client.Timeout exceeded while awaiting headers) [helmmqttit:test-hivemq-platform-0]
2025-01-29 13:55:52,636 INFO c.h.h.t.HelmChartContainer - Received Unhealthy event for container hivemq in pod test-hivemq-platform-0 [2b5a4366-f940-4ea3-9e56-9305e1336cca]
2025-01-29 13:55:52,881 INFO c.h.h.t.HelmChartContainer - [test-hivemq-platform] [hivemq] [2b5a4366] INFO  - [HiveMQ Platform Operator Init App 1.7.0-SNAPSHOT] Returning Health API response 503 for readiness
2025-01-29 13:55:54,673 INFO c.h.h.t.HelmChartContainer - [test-hivemq-platform] [hivemq] [2b5a4366] INFO  - b5Umg: no members discovered after 2601 ms: creating cluster as first member
2025-01-29 13:55:54,680 INFO c.h.h.t.HelmChartContainer - [test-hivemq-platform] [hivemq] [2b5a4366] INFO  - Cluster nodes found by discovery: [b5Umg|0] (1) [b5Umg].
2025-01-29 13:55:54,776 INFO c.h.h.t.HelmChartContainer - [test-hivemq-platform] [hivemq] [2b5a4366] INFO  - Starting HiveMQ REST API on address 0.0.0.0 and port 8890
2025-01-29 13:55:55,178 INFO c.h.h.t.HelmChartContainer - [test-hivemq-platform] [hivemq] [2b5a4366] INFO  - Started HiveMQ REST API in 401ms
2025-01-29 13:55:55,178 INFO c.h.h.t.HelmChartContainer - [test-hivemq-platform] [hivemq] [2b5a4366] WARN  - No user for HiveMQ Control Center configured. Starting with default user
2025-01-29 13:55:55,178 INFO c.h.h.t.HelmChartContainer - [test-hivemq-platform] [hivemq] [2b5a4366] INFO  - Starting HiveMQ Control Center on address 0.0.0.0 and port 8081
2025-01-29 13:55:55,194 INFO c.h.h.t.HelmChartContainer - [test-hivemq-platform] [hivemq] [2b5a4366] INFO  - Mounting HiveMQ Control Center V2 Preview
2025-01-29 13:55:55,778 INFO c.h.h.t.HelmChartContainer - [test-hivemq-platform] [hivemq] [2b5a4366] INFO  - Started HiveMQ Control Center in 601ms
2025-01-29 13:55:55,871 INFO c.h.h.t.HelmChartContainer - [test-hivemq-platform] [hivemq] [2b5a4366] INFO  - Starting TCP listener on address 0.0.0.0 and port 1883
2025-01-29 13:55:55,888 INFO c.h.h.t.HelmChartContainer - [test-hivemq-platform] [hivemq] [2b5a4366] INFO  - Started TCP Listener on address 0.0.0.0 and on port 1883.
2025-01-29 13:55:55,889 INFO c.h.h.t.HelmChartContainer - [test-hivemq-platform] [hivemq] [2b5a4366] INFO  - Started HiveMQ in 32417ms
2025-01-29 13:55:56,596 INFO c.h.h.t.HelmChartContainer - [test-hivemq-platform] [hivemq] [2b5a4366] INFO  - [HiveMQ Platform Operator Init App 1.7.0-SNAPSHOT] Returning Health API response 200 for readiness
2025-01-29 13:55:56,607 INFO c.h.h.t.HelmChartContainer - [POD] test-hivemq-platform-0 [2b5a4366-f940-4ea3-9e56-9305e1336cca] in helmmqttit was MODIFIED
2025-01-29 13:55:56,627 INFO c.h.h.t.HelmChartContainer - [hivemq-test-hivemq-platform] [hivemq-platform-operator] [72b2a26c] 13:55:56.621 [pool-6-thread-8] DEBUG c.h.p.o.d.PlatformServiceResource - [helmmqtt] Desired Platform services (4 services)
2025-01-29 13:55:56,629 INFO c.h.h.t.HelmChartContainer - [hivemq-test-hivemq-platform] [hivemq-platform-operator] [72b2a26c] 13:55:56.621 [pool-6-thread-4] DEBUG c.h.p.o.dependants.PodInfoConfigMap - [helmmqtt] Desired PodInfo ConfigMap (1 extensions) (1 enabled)
2025-01-29 13:55:56,629 INFO c.h.h.t.HelmChartContainer - [hivemq-test-hivemq-platform] [hivemq-platform-operator] [72b2a26c] 13:55:56.622 [pool-6-thread-4] DEBUG c.h.p.o.dependants.PodInfoConfigMap - [helmmqtt] Desired PodInfo ConfigMap (metrics port: 9399) (metrics path: /)
2025-01-29 13:55:56,629 INFO c.h.h.t.HelmChartContainer - [hivemq-test-hivemq-platform] [hivemq-platform-operator] [72b2a26c] 13:55:56.622 [pool-6-thread-4] DEBUG c.h.p.o.dependants.PodInfoConfigMap - [helmmqtt] Desired PodInfo ConfigMap (extension state hash: -1817474005)
2025-01-29 13:55:56,629 INFO c.h.h.t.HelmChartContainer - [hivemq-test-hivemq-platform] [hivemq-platform-operator] [72b2a26c] 13:55:56.623 [pool-6-thread-6] DEBUG c.h.p.o.d.PodServiceAccountResource - [helmmqtt] Desired PodServiceAccountResource (serviceAccountName: hivemq-platform-pod-test-hivemq-platform)
2025-01-29 13:55:56,675 INFO c.h.h.t.HelmChartContainer - [hivemq-test-hivemq-platform] [hivemq-platform-operator] [72b2a26c] 13:55:56.634 [pool-6-thread-3] DEBUG c.h.p.o.d.StatefulSetResource - [helmmqtt] Desired StatefulSet (1 replicas) for status STARTING (READY)
2025-01-29 13:55:56,679 INFO c.h.h.t.HelmChartContainer - [hivemq-test-hivemq-platform] [hivemq-platform-operator] [72b2a26c] 13:55:56.679 [ReconcilerExecutor-hivemq-controller-115] INFO  c.h.p.o.HiveMQPlatformReconciler - [helmmqtt] Reconciling HiveMQ Platform 'test-hivemq-platform' in namespace 'helmmqttit'
2025-01-29 13:55:56,682 INFO c.h.h.t.HelmChartContainer - [hivemq-test-hivemq-platform] [hivemq-platform-operator] [72b2a26c] 13:55:56.679 [ReconcilerExecutor-hivemq-controller-115] DEBUG c.h.p.o.HiveMQPlatformReconciler - [helmmqtt] Custom Resource Status STARTING - HiveMQ Platform is starting (READY)
2025-01-29 13:55:56,686 INFO c.h.h.t.HelmChartContainer - [hivemq-test-hivemq-platform] [hivemq-platform-operator] [72b2a26c] 13:55:56.679 [ReconcilerExecutor-hivemq-controller-115] DEBUG c.h.p.o.HiveMQPlatformReconciler - [helmmqtt] Custom Resource Spec (replicas: 1) (extensions: 1)
2025-01-29 13:55:56,686 INFO c.h.h.t.HelmChartContainer - [hivemq-test-hivemq-platform] [hivemq-platform-operator] [72b2a26c] 13:55:56.681 [ReconcilerExecutor-hivemq-controller-115] DEBUG c.h.p.o.HiveMQPlatformReconciler - [helmmqtt] StatefulSet Status (revision: test-hivemq-platform-6c4dd86f88, replicas: 1, available: 1, ready: 1, current: 1, updated: 1)
2025-01-29 13:55:56,686 INFO c.h.h.t.HelmChartContainer - [hivemq-test-hivemq-platform] [hivemq-platform-operator] [72b2a26c] 13:55:56.681 [ReconcilerExecutor-hivemq-controller-115] DEBUG c.h.p.o.HiveMQPlatformReconciler - [helmmqtt] StatefulSet Spec (replicas: 1, init containers: 1, containers: 1, volumes: 3)
2025-01-29 13:55:56,686 INFO c.h.h.t.HelmChartContainer - [hivemq-test-hivemq-platform] [hivemq-platform-operator] [72b2a26c] 13:55:56.683 [ReconcilerExecutor-hivemq-controller-115] DEBUG c.h.p.o.h.HiveMQPlatformReconcilerErrorHandler - [helmmqtt] Pod 'test-hivemq-platform-0' phase Running
2025-01-29 13:55:56,687 INFO c.h.h.t.HelmChartContainer - [hivemq-test-hivemq-platform] [hivemq-platform-operator] [72b2a26c] 13:55:56.684 [ReconcilerExecutor-hivemq-controller-115] INFO  c.h.p.o.h.HiveMQPlatformReconcilerBaseHandler - [helmmqtt] HiveMQ Platform started successfully
2025-01-29 13:55:56,783 INFO c.h.h.t.HelmChartContainer - [hivemq-test-hivemq-platform] [hivemq-platform-operator] [72b2a26c] 13:55:56.780 [ReconcilerExecutor-hivemq-controller-115] DEBUG c.h.p.operator.event.EventSender - [helmmqtt] Creating K8s event hivemq-platform-ready: [Ready] HiveMQ Platform is ready
2025-01-29 13:55:56,787 INFO c.h.h.t.HelmChartContainer - [EVENT] Normal [Ready] HiveMQ Platform is ready [helmmqttit:test-hivemq-platform]
2025-01-29 13:55:56,788 INFO c.h.h.t.HelmChartContainer - [hivemq-test-hivemq-platform] [hivemq-platform-operator] [72b2a26c] 13:55:56.787 [ReconcilerExecutor-hivemq-controller-115] INFO  c.h.p.o.h.AbstractHiveMQReconcilerStateHandler - [helmmqtt] Update HiveMQ Platform Status (STARTING [READY] -> RUNNING [READY]): HiveMQ Platform is ready
2025-01-29 13:55:56,797 DEBUG com.hivemq.helmcharts.util.K8sUtil - Comparing actual state 'RUNNING' and waiting for 'RUNNING'
2025-01-29 13:55:56,878 INFO c.h.h.t.HelmChartContainer - [hivemq-test-hivemq-platform] [hivemq-platform-operator] [72b2a26c] 13:55:56.877 [pool-6-thread-15] DEBUG c.h.p.o.d.PlatformServiceResource - [helmmqtt] Desired Platform services (4 services)
2025-01-29 13:55:56,881 INFO c.h.h.t.HelmChartContainer - [hivemq-test-hivemq-platform] [hivemq-platform-operator] [72b2a26c] 13:55:56.877 [pool-6-thread-19] DEBUG c.h.p.o.dependants.PodInfoConfigMap - [helmmqtt] Desired PodInfo ConfigMap (1 extensions) (1 enabled)
2025-01-29 13:55:56,883 INFO c.h.h.t.HelmChartContainer - [hivemq-test-hivemq-platform] [hivemq-platform-operator] [72b2a26c] 13:55:56.877 [pool-6-thread-19] DEBUG c.h.p.o.dependants.PodInfoConfigMap - [helmmqtt] Desired PodInfo ConfigMap (metrics port: 9399) (metrics path: /)
2025-01-29 13:55:56,884 INFO c.h.h.t.HelmChartContainer - [hivemq-test-hivemq-platform] [hivemq-platform-operator] [72b2a26c] 13:55:56.877 [pool-6-thread-19] DEBUG c.h.p.o.dependants.PodInfoConfigMap - [helmmqtt] Desired PodInfo ConfigMap (extension state hash: -1817474005)
2025-01-29 13:55:56,884 INFO c.h.h.t.HelmChartContainer - [hivemq-test-hivemq-platform] [hivemq-platform-operator] [72b2a26c] 13:55:56.878 [pool-6-thread-19] DEBUG c.h.p.o.dependants.PodInfoConfigMap - [helmmqtt] Update PodInfo ConfigMap
2025-01-29 13:55:56,884 INFO c.h.h.t.HelmChartContainer - [hivemq-test-hivemq-platform] [hivemq-platform-operator] [72b2a26c] 13:55:56.880 [pool-6-thread-16] DEBUG c.h.p.o.d.PodServiceAccountResource - [helmmqtt] Desired PodServiceAccountResource (serviceAccountName: hivemq-platform-pod-test-hivemq-platform)
2025-01-29 13:55:56,890 INFO c.h.h.t.HelmChartContainer - [hivemq-test-hivemq-platform] [hivemq-platform-operator] [72b2a26c] 13:55:56.889 [pool-6-thread-14] DEBUG c.h.p.o.d.StatefulSetResource - [helmmqtt] Desired StatefulSet (1 replicas) for status RUNNING (READY)
2025-01-29 13:55:56,893 INFO c.h.h.t.HelmChartContainer - [hivemq-test-hivemq-platform] [hivemq-platform-operator] [72b2a26c] 13:55:56.892 [ReconcilerExecutor-hivemq-controller-116] INFO  c.h.p.o.HiveMQPlatformReconciler - [helmmqtt] Reconciling HiveMQ Platform 'test-hivemq-platform' in namespace 'helmmqttit'
2025-01-29 13:55:56,893 INFO c.h.h.t.HelmChartContainer - [hivemq-test-hivemq-platform] [hivemq-platform-operator] [72b2a26c] 13:55:56.893 [ReconcilerExecutor-hivemq-controller-116] DEBUG c.h.p.o.HiveMQPlatformReconciler - [helmmqtt] Custom Resource Status RUNNING - HiveMQ Platform is ready (READY)
2025-01-29 13:55:56,893 INFO c.h.h.t.HelmChartContainer - [hivemq-test-hivemq-platform] [hivemq-platform-operator] [72b2a26c] 13:55:56.893 [ReconcilerExecutor-hivemq-controller-116] DEBUG c.h.p.o.HiveMQPlatformReconciler - [helmmqtt] Custom Resource Spec (replicas: 1) (extensions: 1)
2025-01-29 13:55:56,975 INFO c.h.h.t.HelmChartContainer - [hivemq-test-hivemq-platform] [hivemq-platform-operator] [72b2a26c] 13:55:56.974 [ReconcilerExecutor-hivemq-controller-116] DEBUG c.h.p.o.HiveMQPlatformReconciler - [helmmqtt] StatefulSet Status (revision: test-hivemq-platform-6c4dd86f88, replicas: 1, available: 1, ready: 1, current: 1, updated: 1)
2025-01-29 13:55:56,975 INFO c.h.h.t.HelmChartContainer - [hivemq-test-hivemq-platform] [hivemq-platform-operator] [72b2a26c] 13:55:56.974 [ReconcilerExecutor-hivemq-controller-116] DEBUG c.h.p.o.HiveMQPlatformReconciler - [helmmqtt] StatefulSet Spec (replicas: 1, init containers: 1, containers: 1, volumes: 3)
2025-01-29 13:55:56,978 INFO c.h.h.t.HelmChartContainer - [hivemq-test-hivemq-platform] [hivemq-platform-operator] [72b2a26c] 13:55:56.975 [ReconcilerExecutor-hivemq-controller-116] DEBUG c.h.p.o.h.HiveMQPlatformReconcilerErrorHandler - [helmmqtt] Pod 'test-hivemq-platform-0' phase Running
2025-01-29 13:56:02,044 INFO c.h.h.t.HelmChartContainer - Uninstalling release 'test-hivemq-platform' in namespace 'helmmqttit'...
2025-01-29 13:56:02,044 DEBUG c.h.h.t.HelmChartContainer - Executing helm command: /bin/helm --kubeconfig /etc/rancher/k3s/k3s.yaml uninstall test-hivemq-platform  --wait --timeout 5m0s --cascade foreground --namespace helmmqttit
2025-01-29 13:56:02,253 INFO c.h.h.t.HelmChartContainer - [hivemq-test-hivemq-platform] [hivemq-platform-operator] [72b2a26c] 13:56:02.245 [pool-6-thread-28] DEBUG c.h.p.o.d.PodServiceAccountResource - [helmmqtt] Desired PodServiceAccountResource (serviceAccountName: hivemq-platform-pod-test-hivemq-platform)
2025-01-29 13:56:02,253 INFO c.h.h.t.HelmChartContainer - [hivemq-test-hivemq-platform] [hivemq-platform-operator] [72b2a26c] 13:56:02.246 [pool-6-thread-29] DEBUG c.h.p.o.d.PlatformServiceResource - [helmmqtt] Desired Platform services (4 services)
2025-01-29 13:56:02,253 INFO c.h.h.t.HelmChartContainer - [hivemq-test-hivemq-platform] [hivemq-platform-operator] [72b2a26c] 13:56:02.249 [pool-6-thread-26] DEBUG c.h.p.o.dependants.PodInfoConfigMap - [helmmqtt] Desired PodInfo ConfigMap (1 extensions) (1 enabled)
2025-01-29 13:56:02,253 INFO c.h.h.t.HelmChartContainer - [hivemq-test-hivemq-platform] [hivemq-platform-operator] [72b2a26c] 13:56:02.249 [pool-6-thread-26] DEBUG c.h.p.o.dependants.PodInfoConfigMap - [helmmqtt] Desired PodInfo ConfigMap (metrics port: 9399) (metrics path: /)
2025-01-29 13:56:02,253 INFO c.h.h.t.HelmChartContainer - [hivemq-test-hivemq-platform] [hivemq-platform-operator] [72b2a26c] 13:56:02.249 [pool-6-thread-26] DEBUG c.h.p.o.dependants.PodInfoConfigMap - [helmmqtt] Desired PodInfo ConfigMap (extension state hash: -1817474005)
2025-01-29 13:56:02,282 INFO c.h.h.t.HelmChartContainer - [hivemq-test-hivemq-platform] [hivemq-platform-operator] [72b2a26c] 13:56:02.279 [pool-6-thread-29] DEBUG c.h.p.o.d.StatefulSetResource - [helmmqtt] Desired StatefulSet (1 replicas) for status RUNNING (READY)
2025-01-29 13:56:02,285 INFO c.h.h.t.HelmChartContainer - [hivemq-test-hivemq-platform] [hivemq-platform-operator] [72b2a26c] 13:56:02.285 [pool-6-thread-29] DEBUG c.h.p.o.d.StatefulSetResource - [helmmqtt] Update StatefulSet (replicas: 1 -> 1)
2025-01-29 13:56:02,286 INFO c.h.h.t.HelmChartContainer - [hivemq-test-hivemq-platform] [hivemq-platform-operator] [72b2a26c] 13:56:02.285 [pool-6-thread-29] DEBUG c.h.p.o.d.StatefulSetResource - [helmmqtt] Detected change in StatefulSet specification (path: /template/metadata/annotations/kubernetes-resource-versions) (actual value: {broker-configuration-v2=-382267829}) (target value: {broker-configuration-v2=0})
2025-01-29 13:56:02,286 INFO c.h.h.t.HelmChartContainer - [hivemq-test-hivemq-platform] [hivemq-platform-operator] [72b2a26c] 13:56:02.286 [pool-6-thread-29] INFO  c.h.p.o.d.StatefulSetResource - [helmmqtt] StatefulSet spec was updated, triggering rolling restart
2025-01-29 13:56:02,382 INFO c.h.h.t.HelmChartContainer - [hivemq-test-hivemq-platform] [hivemq-platform-operator] [72b2a26c] 13:56:02.380 [ReconcilerExecutor-hivemq-controller-117] INFO  c.h.p.o.HiveMQPlatformReconciler - [helmmqtt] Reconciling HiveMQ Platform 'test-hivemq-platform' in namespace 'helmmqttit'
2025-01-29 13:56:02,383 INFO c.h.h.t.HelmChartContainer - [hivemq-test-hivemq-platform] [hivemq-platform-operator] [72b2a26c] 13:56:02.380 [ReconcilerExecutor-hivemq-controller-117] DEBUG c.h.p.o.HiveMQPlatformReconciler - [helmmqtt] Custom Resource Status RUNNING - HiveMQ Platform is ready (READY) (reconciliation requests: REQUESTS_UPDATED, ROLLING_RESTART)
2025-01-29 13:56:02,383 INFO c.h.h.t.HelmChartContainer - [hivemq-test-hivemq-platform] [hivemq-platform-operator] [72b2a26c] 13:56:02.380 [ReconcilerExecutor-hivemq-controller-117] DEBUG c.h.p.o.HiveMQPlatformReconciler - [helmmqtt] Custom Resource Spec (replicas: 1) (extensions: 1)
2025-01-29 13:56:02,383 INFO c.h.h.t.HelmChartContainer - [hivemq-test-hivemq-platform] [hivemq-platform-operator] [72b2a26c] 13:56:02.381 [ReconcilerExecutor-hivemq-controller-117] WARN  c.h.p.o.h.HiveMQPlatformReconcilerErrorHandler - [helmmqtt] Could not find ConfigMap 'hivemq-configuration-test-hivemq-platform' for HiveMQ Platform configuration
2025-01-29 13:56:02,490 INFO c.h.h.t.HelmChartContainer - [hivemq-test-hivemq-platform] [hivemq-platform-operator] [72b2a26c] 13:56:02.487 [ReconcilerExecutor-hivemq-controller-117] DEBUG c.h.p.operator.event.EventSender - [helmmqtt] Creating K8s event hivemq-platform-invalid-configuration: [Start] Could not find ConfigMap 'hivemq-configuration-test-hivemq-platform' for HiveMQ Platform configuration
2025-01-29 13:56:02,493 INFO c.h.h.t.HelmChartContainer - [EVENT] Warning [Start] Could not find ConfigMap 'hivemq-configuration-test-hivemq-platform' for HiveMQ Platform configuration [helmmqttit:test-hivemq-platform]
2025-01-29 13:56:02,576 INFO c.h.h.t.HelmChartContainer - [hivemq-test-hivemq-platform] [hivemq-platform-operator] [72b2a26c] 13:56:02.575 [ReconcilerExecutor-hivemq-controller-117] INFO  c.h.p.o.h.AbstractHiveMQReconcilerStateHandler - [helmmqtt] Update HiveMQ Platform Status (RUNNING [READY] -> ERROR [INVALID_CONFIG_MAP]): Could not find ConfigMap 'hivemq-configuration-test-hivemq-platform' for HiveMQ Platform configuration (reconciliation requests: ROLLING_RESTART)
2025-01-29 13:56:02,586 INFO c.h.h.t.HelmChartContainer - [hivemq-test-hivemq-platform] [hivemq-platform-operator] [72b2a26c] 13:56:02.583 [ReconcilerExecutor-hivemq-controller-117] ERROR i.j.o.p.event.EventProcessor - Error during event processing ExecutionScope{ resource id: ResourceID{name='test-hivemq-platform', namespace='helmmqttit'}, version: 612}
2025-01-29 13:56:02,586 INFO c.h.h.t.HelmChartContainer - [hivemq-test-hivemq-platform] [hivemq-platform-operator] [72b2a26c] io.fabric8.kubernetes.client.KubernetesClientException: Failure executing: PUT at: https://10.43.0.1:443/apis/hivemq.com/v1/namespaces/helmmqttit/hivemq-platforms/test-hivemq-platform/status. Message: Operation cannot be fulfilled on hivemq-platforms.hivemq.com "test-hivemq-platform": the object has been modified; please apply your changes to the latest version and try again. Received status: Status(apiVersion=v1, code=409, details=StatusDetails(causes=[], group=hivemq.com, kind=hivemq-platforms, name=test-hivemq-platform, retryAfterSeconds=null, uid=null, additionalProperties={}), kind=Status, message=Operation cannot be fulfilled on hivemq-platforms.hivemq.com "test-hivemq-platform": the object has been modified; please apply your changes to the latest version and try again, metadata=ListMeta(_continue=null, remainingItemCount=null, resourceVersion=null, selfLink=null, additionalProperties={}), reason=Conflict, status=Failure, additionalProperties={}).
2025-01-29 13:56:02,586 INFO c.h.h.t.HelmChartContainer - [hivemq-test-hivemq-platform] [hivemq-platform-operator] [72b2a26c] 	at io.fabric8.kubernetes.client.KubernetesClientException.copyAsCause(KubernetesClientException.java:238)
2025-01-29 13:56:02,586 INFO c.h.h.t.HelmChartContainer - [hivemq-test-hivemq-platform] [hivemq-platform-operator] [72b2a26c] 	at io.fabric8.kubernetes.client.dsl.internal.OperationSupport.waitForResult(OperationSupport.java:507)
2025-01-29 13:56:02,586 INFO c.h.h.t.HelmChartContainer - [hivemq-test-hivemq-platform] [hivemq-platform-operator] [72b2a26c] 	at io.fabric8.kubernetes.client.dsl.internal.OperationSupport.handleResponse(OperationSupport.java:524)
2025-01-29 13:56:02,586 INFO c.h.h.t.HelmChartContainer - [hivemq-test-hivemq-platform] [hivemq-platform-operator] [72b2a26c] 	at io.fabric8.kubernetes.client.dsl.internal.OperationSupport.handleUpdate(OperationSupport.java:358)
2025-01-29 13:56:02,586 INFO c.h.h.t.HelmChartContainer - [hivemq-test-hivemq-platform] [hivemq-platform-operator] [72b2a26c] 	at io.fabric8.kubernetes.client.dsl.internal.BaseOperation.handleUpdate(BaseOperation.java:759)
2025-01-29 13:56:02,586 INFO c.h.h.t.HelmChartContainer - [hivemq-test-hivemq-platform] [hivemq-platform-operator] [72b2a26c] 	at io.fabric8.kubernetes.client.dsl.internal.HasMetadataOperation.update(HasMetadataOperation.java:138)
2025-01-29 13:56:02,587 INFO c.h.h.t.HelmChartContainer - [hivemq-test-hivemq-platform] [hivemq-platform-operator] [72b2a26c] 	at io.fabric8.kubernetes.client.dsl.internal.HasMetadataOperation.update(HasMetadataOperation.java:121)
2025-01-29 13:56:02,587 INFO c.h.h.t.HelmChartContainer - [hivemq-test-hivemq-platform] [hivemq-platform-operator] [72b2a26c] 	at io.fabric8.kubernetes.client.dsl.internal.HasMetadataOperation.updateStatus(HasMetadataOperation.java:126)
2025-01-29 13:56:02,587 INFO c.h.h.t.HelmChartContainer - [hivemq-test-hivemq-platform] [hivemq-platform-operator] [72b2a26c] 	at io.fabric8.kubernetes.client.dsl.internal.HasMetadataOperation.updateStatus(HasMetadataOperation.java:44)
2025-01-29 13:56:02,587 INFO c.h.h.t.HelmChartContainer - [hivemq-test-hivemq-platform] [hivemq-platform-operator] [72b2a26c] 	at io.javaoperatorsdk.operator.processing.event.ReconciliationDispatcher$CustomResourceFacade.updateStatus(ReconciliationDispatcher.java:408)
2025-01-29 13:56:02,588 INFO c.h.h.t.HelmChartContainer - [hivemq-test-hivemq-platform] [hivemq-platform-operator] [72b2a26c] 	at io.javaoperatorsdk.operator.processing.event.ReconciliationDispatcher.updateStatusGenerationAware(ReconciliationDispatcher.java:228)
2025-01-29 13:56:02,589 INFO c.h.h.t.HelmChartContainer - [hivemq-test-hivemq-platform] [hivemq-platform-operator] [72b2a26c] 	at io.javaoperatorsdk.operator.processing.event.ReconciliationDispatcher.reconcileExecution(ReconciliationDispatcher.java:150)
2025-01-29 13:56:02,589 INFO c.h.h.t.HelmChartContainer - [hivemq-test-hivemq-platform] [hivemq-platform-operator] [72b2a26c] 	at io.javaoperatorsdk.operator.processing.event.ReconciliationDispatcher.handleReconcile(ReconciliationDispatcher.java:117)
2025-01-29 13:56:02,589 INFO c.h.h.t.HelmChartContainer - [hivemq-test-hivemq-platform] [hivemq-platform-operator] [72b2a26c] 	at io.javaoperatorsdk.operator.processing.event.ReconciliationDispatcher.handleDispatch(ReconciliationDispatcher.java:91)
2025-01-29 13:56:02,589 INFO c.h.h.t.HelmChartContainer - [hivemq-test-hivemq-platform] [hivemq-platform-operator] [72b2a26c] 	at io.javaoperatorsdk.operator.processing.event.ReconciliationDispatcher.handleExecution(ReconciliationDispatcher.java:64)
2025-01-29 13:56:02,589 INFO c.h.h.t.HelmChartContainer - [hivemq-test-hivemq-platform] [hivemq-platform-operator] [72b2a26c] 	at io.javaoperatorsdk.operator.processing.event.EventProcessor$ReconcilerExecutor.run(EventProcessor.java:452)
2025-01-29 13:56:02,589 INFO c.h.h.t.HelmChartContainer - [hivemq-test-hivemq-platform] [hivemq-platform-operator] [72b2a26c] 	at java.base/java.util.concurrent.ThreadPoolExecutor.runWorker(Unknown Source)
2025-01-29 13:56:02,589 INFO c.h.h.t.HelmChartContainer - [hivemq-test-hivemq-platform] [hivemq-platform-operator] [72b2a26c] 	at java.base/java.util.concurrent.ThreadPoolExecutor$Worker.run(Unknown Source)
2025-01-29 13:56:02,589 INFO c.h.h.t.HelmChartContainer - [hivemq-test-hivemq-platform] [hivemq-platform-operator] [72b2a26c] 	at java.base/java.lang.Thread.run(Unknown Source)
2025-01-29 13:56:02,589 INFO c.h.h.t.HelmChartContainer - [hivemq-test-hivemq-platform] [hivemq-platform-operator] [72b2a26c] Caused by: io.fabric8.kubernetes.client.KubernetesClientException: Failure executing: PUT at: https://10.43.0.1:443/apis/hivemq.com/v1/namespaces/helmmqttit/hivemq-platforms/test-hivemq-platform/status. Message: Operation cannot be fulfilled on hivemq-platforms.hivemq.com "test-hivemq-platform": the object has been modified; please apply your changes to the latest version and try again. Received status: Status(apiVersion=v1, code=409, details=StatusDetails(causes=[], group=hivemq.com, kind=hivemq-platforms, name=test-hivemq-platform, retryAfterSeconds=null, uid=null, additionalProperties={}), kind=Status, message=Operation cannot be fulfilled on hivemq-platforms.hivemq.com "test-hivemq-platform": the object has been modified; please apply your changes to the latest version and try again, metadata=ListMeta(_continue=null, remainingItemCount=null, resourceVersion=null, selfLink=null, additionalProperties={}), reason=Conflict, status=Failure, additionalProperties={}).
2025-01-29 13:56:02,589 INFO c.h.h.t.HelmChartContainer - [hivemq-test-hivemq-platform] [hivemq-platform-operator] [72b2a26c] 	at io.fabric8.kubernetes.client.dsl.internal.OperationSupport.requestFailure(OperationSupport.java:660)
2025-01-29 13:56:02,589 INFO c.h.h.t.HelmChartContainer - [hivemq-test-hivemq-platform] [hivemq-platform-operator] [72b2a26c] 	at io.fabric8.kubernetes.client.dsl.internal.OperationSupport.requestFailure(OperationSupport.java:640)
2025-01-29 13:56:02,589 INFO c.h.h.t.HelmChartContainer - [hivemq-test-hivemq-platform] [hivemq-platform-operator] [72b2a26c] 	at io.fabric8.kubernetes.client.dsl.internal.OperationSupport.assertResponseCode(OperationSupport.java:589)
2025-01-29 13:56:02,589 INFO c.h.h.t.HelmChartContainer - [hivemq-test-hivemq-platform] [hivemq-platform-operator] [72b2a26c] 	at io.fabric8.kubernetes.client.dsl.internal.OperationSupport.lambda$handleResponse$0(OperationSupport.java:549)
2025-01-29 13:56:02,589 INFO c.h.h.t.HelmChartContainer - [hivemq-test-hivemq-platform] [hivemq-platform-operator] [72b2a26c] 	at java.base/java.util.concurrent.CompletableFuture$UniApply.tryFire(Unknown Source)
2025-01-29 13:56:02,589 INFO c.h.h.t.HelmChartContainer - [hivemq-test-hivemq-platform] [hivemq-platform-operator] [72b2a26c] 	at java.base/java.util.concurrent.CompletableFuture.postComplete(Unknown Source)
2025-01-29 13:56:02,589 INFO c.h.h.t.HelmChartContainer - [hivemq-test-hivemq-platform] [hivemq-platform-operator] [72b2a26c] 	at java.base/java.util.concurrent.CompletableFuture.complete(Unknown Source)
2025-01-29 13:56:02,589 INFO c.h.h.t.HelmChartContainer - [hivemq-test-hivemq-platform] [hivemq-platform-operator] [72b2a26c] 	at io.fabric8.kubernetes.client.http.StandardHttpClient.lambda$completeOrCancel$10(StandardHttpClient.java:141)
2025-01-29 13:56:02,589 INFO c.h.h.t.HelmChartContainer - [hivemq-test-hivemq-platform] [hivemq-platform-operator] [72b2a26c] 	at java.base/java.util.concurrent.CompletableFuture.uniWhenComplete(Unknown Source)
2025-01-29 13:56:02,589 INFO c.h.h.t.HelmChartContainer - [hivemq-test-hivemq-platform] [hivemq-platform-operator] [72b2a26c] 	at java.base/java.util.concurrent.CompletableFuture$UniWhenComplete.tryFire(Unknown Source)
2025-01-29 13:56:02,589 INFO c.h.h.t.HelmChartContainer - [hivemq-test-hivemq-platform] [hivemq-platform-operator] [72b2a26c] 	at java.base/java.util.concurrent.CompletableFuture.postComplete(Unknown Source)
2025-01-29 13:56:02,589 INFO c.h.h.t.HelmChartContainer - [hivemq-test-hivemq-platform] [hivemq-platform-operator] [72b2a26c] 	at java.base/java.util.concurrent.CompletableFuture.complete(Unknown Source)
2025-01-29 13:56:02,589 INFO c.h.h.t.HelmChartContainer - [hivemq-test-hivemq-platform] [hivemq-platform-operator] [72b2a26c] 	at io.fabric8.kubernetes.client.http.ByteArrayBodyHandler.onBodyDone(ByteArrayBodyHandler.java:51)
2025-01-29 13:56:02,589 INFO c.h.h.t.HelmChartContainer - [hivemq-test-hivemq-platform] [hivemq-platform-operator] [72b2a26c] 	at java.base/java.util.concurrent.CompletableFuture.uniWhenComplete(Unknown Source)
2025-01-29 13:56:02,589 INFO c.h.h.t.HelmChartContainer - [hivemq-test-hivemq-platform] [hivemq-platform-operator] [72b2a26c] 	at java.base/java.util.concurrent.CompletableFuture$UniWhenComplete.tryFire(Unknown Source)
2025-01-29 13:56:02,589 INFO c.h.h.t.HelmChartContainer - [hivemq-test-hivemq-platform] [hivemq-platform-operator] [72b2a26c] 	at java.base/java.util.concurrent.CompletableFuture.postComplete(Unknown Source)
2025-01-29 13:56:02,589 INFO c.h.h.t.HelmChartContainer - [hivemq-test-hivemq-platform] [hivemq-platform-operator] [72b2a26c] 	at java.base/java.util.concurrent.CompletableFuture.complete(Unknown Source)
2025-01-29 13:56:02,589 INFO c.h.h.t.HelmChartContainer - [hivemq-test-hivemq-platform] [hivemq-platform-operator] [72b2a26c] 	at io.fabric8.kubernetes.client.vertx.VertxHttpRequest.lambda$null$1(VertxHttpRequest.java:121)
2025-01-29 13:56:02,589 INFO c.h.h.t.HelmChartContainer - [hivemq-test-hivemq-platform] [hivemq-platform-operator] [72b2a26c] 	at io.vertx.core.impl.ContextInternal.dispatch(ContextInternal.java:279)
2025-01-29 13:56:02,590 INFO c.h.h.t.HelmChartContainer - [hivemq-test-hivemq-platform] [hivemq-platform-operator] [72b2a26c] 	at io.vertx.core.impl.ContextInternal.dispatch(ContextInternal.java:261)
2025-01-29 13:56:02,590 INFO c.h.h.t.HelmChartContainer - [hivemq-test-hivemq-platform] [hivemq-platform-operator] [72b2a26c] 	at io.vertx.core.http.impl.HttpEventHandler.handleEnd(HttpEventHandler.java:76)
2025-01-29 13:56:02,590 INFO c.h.h.t.HelmChartContainer - [hivemq-test-hivemq-platform] [hivemq-platform-operator] [72b2a26c] 	at io.vertx.core.http.impl.HttpClientResponseImpl.handleEnd(HttpClientResponseImpl.java:250)
2025-01-29 13:56:02,590 INFO c.h.h.t.HelmChartContainer - [hivemq-test-hivemq-platform] [hivemq-platform-operator] [72b2a26c] 	at io.vertx.core.http.impl.Http1xClientConnection$StreamImpl.lambda$new$0(Http1xClientConnection.java:421)
2025-01-29 13:56:02,590 INFO c.h.h.t.HelmChartContainer - [hivemq-test-hivemq-platform] [hivemq-platform-operator] [72b2a26c] 	at io.vertx.core.streams.impl.InboundBuffer.handleEvent(InboundBuffer.java:279)
2025-01-29 13:56:02,590 INFO c.h.h.t.HelmChartContainer - [hivemq-test-hivemq-platform] [hivemq-platform-operator] [72b2a26c] 	at io.vertx.core.streams.impl.InboundBuffer.write(InboundBuffer.java:157)
2025-01-29 13:56:02,590 INFO c.h.h.t.HelmChartContainer - [hivemq-test-hivemq-platform] [hivemq-platform-operator] [72b2a26c] 	at io.vertx.core.http.impl.Http1xClientConnection$StreamImpl.handleEnd(Http1xClientConnection.java:709)
2025-01-29 13:56:02,590 INFO c.h.h.t.HelmChartContainer - [hivemq-test-hivemq-platform] [hivemq-platform-operator] [72b2a26c] 	at io.vertx.core.impl.ContextImpl.execute(ContextImpl.java:313)
2025-01-29 13:56:02,590 INFO c.h.h.t.HelmChartContainer - [hivemq-test-hivemq-platform] [hivemq-platform-operator] [72b2a26c] 	at io.vertx.core.impl.ContextImpl.execute(ContextImpl.java:293)
2025-01-29 13:56:02,590 INFO c.h.h.t.HelmChartContainer - [hivemq-test-hivemq-platform] [hivemq-platform-operator] [72b2a26c] 	at io.vertx.core.http.impl.Http1xClientConnection.handleResponseEnd(Http1xClientConnection.java:940)
2025-01-29 13:56:02,590 INFO c.h.h.t.HelmChartContainer - [hivemq-test-hivemq-platform] [hivemq-platform-operator] [72b2a26c] 	at io.vertx.core.http.impl.Http1xClientConnection.handleHttpMessage(Http1xClientConnection.java:810)
2025-01-29 13:56:02,590 INFO c.h.h.t.HelmChartContainer - [hivemq-test-hivemq-platform] [hivemq-platform-operator] [72b2a26c] 	at io.vertx.core.http.impl.Http1xClientConnection.handleMessage(Http1xClientConnection.java:774)
2025-01-29 13:56:02,590 INFO c.h.h.t.HelmChartContainer - [hivemq-test-hivemq-platform] [hivemq-platform-operator] [72b2a26c] 	at io.vertx.core.net.impl.ConnectionBase.read(ConnectionBase.java:159)
2025-01-29 13:56:02,590 INFO c.h.h.t.HelmChartContainer - [hivemq-test-hivemq-platform] [hivemq-platform-operator] [72b2a26c] 	at io.vertx.core.net.impl.VertxHandler.channelRead(VertxHandler.java:153)
2025-01-29 13:56:02,590 INFO c.h.h.t.HelmChartContainer - [hivemq-test-hivemq-platform] [hivemq-platform-operator] [72b2a26c] 	at io.netty.channel.AbstractChannelHandlerContext.invokeChannelRead(AbstractChannelHandlerContext.java:442)
2025-01-29 13:56:02,590 INFO c.h.h.t.HelmChartContainer - [hivemq-test-hivemq-platform] [hivemq-platform-operator] [72b2a26c] 	at io.netty.channel.AbstractChannelHandlerContext.invokeChannelRead(AbstractChannelHandlerContext.java:420)
2025-01-29 13:56:02,590 INFO c.h.h.t.HelmChartContainer - [hivemq-test-hivemq-platform] [hivemq-platform-operator] [72b2a26c] 	at io.netty.channel.AbstractChannelHandlerContext.fireChannelRead(AbstractChannelHandlerContext.java:412)
2025-01-29 13:56:02,590 INFO c.h.h.t.HelmChartContainer - [hivemq-test-hivemq-platform] [hivemq-platform-operator] [72b2a26c] 	at io.netty.channel.CombinedChannelDuplexHandler$DelegatingChannelHandlerContext.fireChannelRead(CombinedChannelDuplexHandler.java:436)
2025-01-29 13:56:02,590 INFO c.h.h.t.HelmChartContainer - [hivemq-test-hivemq-platform] [hivemq-platform-operator] [72b2a26c] 	at io.netty.handler.codec.ByteToMessageDecoder.fireChannelRead(ByteToMessageDecoder.java:346)
2025-01-29 13:56:02,590 INFO c.h.h.t.HelmChartContainer - [hivemq-test-hivemq-platform] [hivemq-platform-operator] [72b2a26c] 	at io.netty.handler.codec.ByteToMessageDecoder.channelRead(ByteToMessageDecoder.java:318)
2025-01-29 13:56:02,590 INFO c.h.h.t.HelmChartContainer - [hivemq-test-hivemq-platform] [hivemq-platform-operator] [72b2a26c] 	at io.netty.channel.CombinedChannelDuplexHandler.channelRead(CombinedChannelDuplexHandler.java:251)
2025-01-29 13:56:02,590 INFO c.h.h.t.HelmChartContainer - [hivemq-test-hivemq-platform] [hivemq-platform-operator] [72b2a26c] 	at io.netty.channel.AbstractChannelHandlerContext.invokeChannelRead(AbstractChannelHandlerContext.java:442)
2025-01-29 13:56:02,590 INFO c.h.h.t.HelmChartContainer - [hivemq-test-hivemq-platform] [hivemq-platform-operator] [72b2a26c] 	at io.netty.channel.AbstractChannelHandlerContext.invokeChannelRead(AbstractChannelHandlerContext.java:420)
2025-01-29 13:56:02,590 INFO c.h.h.t.HelmChartContainer - [hivemq-test-hivemq-platform] [hivemq-platform-operator] [72b2a26c] 	at io.netty.channel.AbstractChannelHandlerContext.fireChannelRead(AbstractChannelHandlerContext.java:412)
2025-01-29 13:56:02,590 INFO c.h.h.t.HelmChartContainer - [hivemq-test-hivemq-platform] [hivemq-platform-operator] [72b2a26c] 	at io.netty.handler.ssl.SslHandler.unwrap(SslHandler.java:1475)
2025-01-29 13:56:02,590 INFO c.h.h.t.HelmChartContainer - [hivemq-test-hivemq-platform] [hivemq-platform-operator] [72b2a26c] 	at io.netty.handler.ssl.SslHandler.decodeJdkCompatible(SslHandler.java:1338)
2025-01-29 13:56:02,592 INFO c.h.h.t.HelmChartContainer - [hivemq-test-hivemq-platform] [hivemq-platform-operator] [72b2a26c] 	at io.netty.handler.ssl.SslHandler.decode(SslHandler.java:1387)
2025-01-29 13:56:02,592 INFO c.h.h.t.HelmChartContainer - [hivemq-test-hivemq-platform] [hivemq-platform-operator] [72b2a26c] 	at io.netty.handler.codec.ByteToMessageDecoder.decodeRemovalReentryProtection(ByteToMessageDecoder.java:530)
2025-01-29 13:56:02,592 INFO c.h.h.t.HelmChartContainer - [hivemq-test-hivemq-platform] [hivemq-platform-operator] [72b2a26c] 	at io.netty.handler.codec.ByteToMessageDecoder.callDecode(ByteToMessageDecoder.java:469)
2025-01-29 13:56:02,592 INFO c.h.h.t.HelmChartContainer - [hivemq-test-hivemq-platform] [hivemq-platform-operator] [72b2a26c] 	at io.netty.handler.codec.ByteToMessageDecoder.channelRead(ByteToMessageDecoder.java:290)
2025-01-29 13:56:02,592 INFO c.h.h.t.HelmChartContainer - [hivemq-test-hivemq-platform] [hivemq-platform-operator] [72b2a26c] 	at io.netty.channel.AbstractChannelHandlerContext.invokeChannelRead(AbstractChannelHandlerContext.java:444)
2025-01-29 13:56:02,593 INFO c.h.h.t.HelmChartContainer - [hivemq-test-hivemq-platform] [hivemq-platform-operator] [72b2a26c] 	at io.netty.channel.AbstractChannelHandlerContext.invokeChannelRead(AbstractChannelHandlerContext.java:420)
2025-01-29 13:56:02,593 INFO c.h.h.t.HelmChartContainer - [hivemq-test-hivemq-platform] [hivemq-platform-operator] [72b2a26c] 	at io.netty.channel.AbstractChannelHandlerContext.fireChannelRead(AbstractChannelHandlerContext.java:412)
2025-01-29 13:56:02,593 INFO c.h.h.t.HelmChartContainer - [hivemq-test-hivemq-platform] [hivemq-platform-operator] [72b2a26c] 	at io.netty.channel.DefaultChannelPipeline$HeadContext.channelRead(DefaultChannelPipeline.java:1407)
2025-01-29 13:56:02,593 INFO c.h.h.t.HelmChartContainer - [hivemq-test-hivemq-platform] [hivemq-platform-operator] [72b2a26c] 	at io.netty.channel.AbstractChannelHandlerContext.invokeChannelRead(AbstractChannelHandlerContext.java:440)
2025-01-29 13:56:02,593 INFO c.h.h.t.HelmChartContainer - [hivemq-test-hivemq-platform] [hivemq-platform-operator] [72b2a26c] 	at io.netty.channel.AbstractChannelHandlerContext.invokeChannelRead(AbstractChannelHandlerContext.java:420)
2025-01-29 13:56:02,593 INFO c.h.h.t.HelmChartContainer - [hivemq-test-hivemq-platform] [hivemq-platform-operator] [72b2a26c] 	at io.netty.channel.DefaultChannelPipeline.fireChannelRead(DefaultChannelPipeline.java:918)
2025-01-29 13:56:02,593 INFO c.h.h.t.HelmChartContainer - [hivemq-test-hivemq-platform] [hivemq-platform-operator] [72b2a26c] 	at io.netty.channel.nio.AbstractNioByteChannel$NioByteUnsafe.read(AbstractNioByteChannel.java:166)
2025-01-29 13:56:02,593 INFO c.h.h.t.HelmChartContainer - [hivemq-test-hivemq-platform] [hivemq-platform-operator] [72b2a26c] 	at io.netty.channel.nio.NioEventLoop.processSelectedKey(NioEventLoop.java:788)
2025-01-29 13:56:02,593 INFO c.h.h.t.HelmChartContainer - [hivemq-test-hivemq-platform] [hivemq-platform-operator] [72b2a26c] 	at io.netty.channel.nio.NioEventLoop.processSelectedKeysOptimized(NioEventLoop.java:724)
2025-01-29 13:56:02,593 INFO c.h.h.t.HelmChartContainer - [hivemq-test-hivemq-platform] [hivemq-platform-operator] [72b2a26c] 	at io.netty.channel.nio.NioEventLoop.processSelectedKeys(NioEventLoop.java:650)
2025-01-29 13:56:02,593 INFO c.h.h.t.HelmChartContainer - [hivemq-test-hivemq-platform] [hivemq-platform-operator] [72b2a26c] 	at io.netty.channel.nio.NioEventLoop.run(NioEventLoop.java:562)
2025-01-29 13:56:02,593 INFO c.h.h.t.HelmChartContainer - [hivemq-test-hivemq-platform] [hivemq-platform-operator] [72b2a26c] 	at io.netty.util.concurrent.SingleThreadEventExecutor$4.run(SingleThreadEventExecutor.java:997)
2025-01-29 13:56:02,593 INFO c.h.h.t.HelmChartContainer - [hivemq-test-hivemq-platform] [hivemq-platform-operator] [72b2a26c] 	at io.netty.util.internal.ThreadExecutorMap$2.run(ThreadExecutorMap.java:74)
2025-01-29 13:56:02,593 INFO c.h.h.t.HelmChartContainer - [hivemq-test-hivemq-platform] [hivemq-platform-operator] [72b2a26c] 	at io.netty.util.concurrent.FastThreadLocalRunnable.run(FastThreadLocalRunnable.java:30)
2025-01-29 13:56:02,593 INFO c.h.h.t.HelmChartContainer - [hivemq-test-hivemq-platform] [hivemq-platform-operator] [72b2a26c] 	... 1 common frames omitted
2025-01-29 13:56:02,597 INFO c.h.h.t.HelmChartContainer - [hivemq-test-hivemq-platform] [hivemq-platform-operator] [72b2a26c] 13:56:02.596 [ReconcilerExecutor-hivemq-controller-120] INFO  c.h.p.o.HiveMQPlatformReconciler - [helmmqtt] Cleanup test-hivemq-platform - helmmqttit HiveMQ Platform is shut down
2025-01-29 13:56:03,308 INFO c.h.h.t.HelmChartContainer - [POD] test-hivemq-platform-0 [2b5a4366-f940-4ea3-9e56-9305e1336cca] in helmmqttit was MODIFIED
2025-01-29 13:56:03,313 INFO c.h.h.t.HelmChartContainer - [EVENT] Normal [Killing] Stopping container hivemq [helmmqttit:test-hivemq-platform-0]
2025-01-29 13:56:03,313 INFO c.h.h.t.HelmChartContainer - Received Killing event for container hivemq in pod test-hivemq-platform-0 [2b5a4366-f940-4ea3-9e56-9305e1336cca]
2025-01-29 13:56:03,313 INFO c.h.h.t.HelmChartContainer - Container [test-hivemq-platform-0] [hivemq] [2b5a4366-f940-4ea3-9e56-9305e1336cca] was terminated
2025-01-29 13:56:03,316 INFO c.h.h.t.HelmChartContainer - Stopped log watcher for hivemq in pod test-hivemq-platform-0 [2b5a4366-f940-4ea3-9e56-9305e1336cca]
2025-01-29 13:56:03,318 INFO c.h.h.t.HelmChartContainer - [test-hivemq-platform] [hivemq] [2b5a4366] INFO  - [HiveMQ Platform Operator Init App 1.7.0-SNAPSHOT] Shutting down
2025-01-29 13:56:03,318 INFO c.h.h.t.HelmChartContainer - [test-hivemq-platform] [hivemq] [2b5a4366] INFO  - [HiveMQ Platform Operator Init App 1.7.0-SNAPSHOT] Stopping the HiveMQ Platform
2025-01-29 13:56:03,438 INFO c.h.h.t.HelmChartContainer - [test-hivemq-platform] [hivemq] [2b5a4366] INFO  - Shutting down HiveMQ. Please wait, this could take a while...
2025-01-29 13:56:03,480 INFO c.h.h.t.HelmChartContainer - [test-hivemq-platform] [hivemq] [2b5a4366] INFO  - Shutting down listeners and clients
2025-01-29 13:56:03,481 INFO c.h.h.t.HelmChartContainer - [test-hivemq-platform] [hivemq] [2b5a4366] INFO  - Shutdown of listeners is done
2025-01-29 13:56:03,481 INFO c.h.h.t.HelmChartContainer - [test-hivemq-platform] [hivemq] [2b5a4366] INFO  - No clients are connected, proceeding with shutdown
2025-01-29 13:56:04,324 INFO c.h.h.t.HelmChartContainer - Deleting namespace 'helmmqttit'...
2025-01-29 13:56:06,591 INFO c.h.h.t.HelmChartContainer - [test-hivemq-platform] [hivemq] [2b5a4366] INFO  - [HiveMQ Platform Operator Init App 1.7.0-SNAPSHOT] Returning shutdown Health API response 503 for readiness
2025-01-29 13:56:06,595 INFO c.h.h.t.HelmChartContainer - [EVENT] Warning [Unhealthy] Readiness probe failed: HTTP probe failed with statuscode: 503 [helmmqttit:test-hivemq-platform-0]
2025-01-29 13:56:06,595 INFO c.h.h.t.HelmChartContainer - Received Unhealthy event for container hivemq in pod test-hivemq-platform-0 [2b5a4366-f940-4ea3-9e56-9305e1336cca]
2025-01-29 13:56:06,674 INFO c.h.h.t.HelmChartContainer - [test-hivemq-platform] [hivemq] [2b5a4366] INFO  - Shutting down extension system
2025-01-29 13:56:06,677 INFO c.h.h.t.HelmChartContainer - [test-hivemq-platform] [hivemq] [2b5a4366] INFO  - Stopping extension with id hivemq-dns-cluster-discovery
2025-01-29 13:56:06,678 INFO c.h.h.t.HelmChartContainer - [test-hivemq-platform] [hivemq] [2b5a4366] INFO  - Extension "DNS Cluster Discovery Extension" version 4.3.2 stopped successfully.
2025-01-29 13:56:06,678 INFO c.h.h.t.HelmChartContainer - [test-hivemq-platform] [hivemq] [2b5a4366] INFO  - Stopping extension with id hivemq-prometheus-extension
2025-01-29 13:56:06,682 INFO c.h.h.t.HelmChartContainer - [test-hivemq-platform] [hivemq] [2b5a4366] INFO  - Extension "Prometheus Monitoring Extension" version 4.0.12 stopped successfully.
2025-01-29 13:56:06,684 INFO c.h.h.t.HelmChartContainer - [test-hivemq-platform] [hivemq] [2b5a4366] INFO  - Stopping extension with id hivemq-allow-all-extension
2025-01-29 13:56:06,684 INFO c.h.h.t.HelmChartContainer - [test-hivemq-platform] [hivemq] [2b5a4366] INFO  - Extension "Allow All Extension" version 1.1.1 stopped successfully.
2025-01-29 13:56:07,007 INFO c.h.h.t.HelmChartContainer - [test-hivemq-platform] [hivemq] [2b5a4366] WARN  - [HiveMQ Platform Operator Init App 1.7.0-SNAPSHOT] Could not update Pod annotations: Failure executing: GET at: https://10.43.0.1:443/api/v1/namespaces/helmmqttit/pods/test-hivemq-platform-0. Message: pods "test-hivemq-platform-0" is forbidden: User "system:serviceaccount:helmmqttit:hivemq-platform-pod-test-hivemq-platform" cannot get resource "pods" in API group "" in the namespace "helmmqttit". Received status: Status(apiVersion=v1, code=403, details=StatusDetails(causes=[], group=null, kind=pods, name=test-hivemq-platform-0, retryAfterSeconds=null, uid=null, additionalProperties={}), kind=Status, message=pods "test-hivemq-platform-0" is forbidden: User "system:serviceaccount:helmmqttit:hivemq-platform-pod-test-hivemq-platform" cannot get resource "pods" in API group "" in the namespace "helmmqttit", metadata=ListMeta(_continue=null, remainingItemCount=null, resourceVersion=null, selfLink=null, additionalProperties={}), reason=Forbidden, status=Failure, additionalProperties={}).
2025-01-29 13:56:08,951 INFO c.h.h.t.HelmChartContainer - [test-hivemq-platform] [hivemq] [2b5a4366] INFO  - Shutdown completed.
2025-01-29 13:56:09,300 INFO c.h.h.t.HelmChartContainer - [test-hivemq-platform] [hivemq] [2b5a4366] INFO  - [HiveMQ Platform Operator Init App 1.7.0-SNAPSHOT] The HiveMQ Platform exited with code 143
2025-01-29 13:56:09,301 INFO c.h.h.t.HelmChartContainer - [test-hivemq-platform] [hivemq] [2b5a4366] INFO  - [HiveMQ Platform Operator Init App 1.7.0-SNAPSHOT] Stopping the REST API
2025-01-29 13:56:09,306 INFO c.h.h.t.HelmChartContainer - [test-hivemq-platform] [hivemq] [2b5a4366] INFO  - [HiveMQ Platform Operator Init App 1.7.0-SNAPSHOT] Shutdown complete
2025-01-29 13:56:09,471 INFO c.h.h.t.HelmChartContainer - [K3S] [stateful_set.go:466] "StatefulSet has been deleted" key="helmmqttit/test-hivemq-platform"
2025-01-29 13:56:09,761 INFO c.h.h.t.HelmChartContainer - [POD] test-hivemq-platform-0 [2b5a4366-f940-4ea3-9e56-9305e1336cca] in helmmqttit was MODIFIED
2025-01-29 13:56:09,856 INFO c.h.h.t.HelmChartContainer - [K3S] [reconciler_common.go:162] "operationExecutor.UnmountVolume started for volume \"operator-init\" (UniqueName: \"kubernetes.io/empty-dir/2b5a4366-f940-4ea3-9e56-9305e1336cca-operator-init\") pod \"2b5a4366-f940-4ea3-9e56-9305e1336cca\" (UID: \"2b5a4366-f940-4ea3-9e56-9305e1336cca\") "
2025-01-29 13:56:09,856 INFO c.h.h.t.HelmChartContainer - [K3S] [reconciler_common.go:162] "operationExecutor.UnmountVolume started for volume \"kube-api-access-vzq5b\" (UniqueName: \"kubernetes.io/projected/2b5a4366-f940-4ea3-9e56-9305e1336cca-kube-api-access-vzq5b\") pod \"2b5a4366-f940-4ea3-9e56-9305e1336cca\" (UID: \"2b5a4366-f940-4ea3-9e56-9305e1336cca\") "
2025-01-29 13:56:09,856 INFO c.h.h.t.HelmChartContainer - [K3S] [reconciler_common.go:162] "operationExecutor.UnmountVolume started for volume \"pod-info\" (UniqueName: \"kubernetes.io/configmap/2b5a4366-f940-4ea3-9e56-9305e1336cca-pod-info\") pod \"2b5a4366-f940-4ea3-9e56-9305e1336cca\" (UID: \"2b5a4366-f940-4ea3-9e56-9305e1336cca\") "
2025-01-29 13:56:09,856 INFO c.h.h.t.HelmChartContainer - [K3S] [reconciler_common.go:162] "operationExecutor.UnmountVolume started for volume \"broker-configuration\" (UniqueName: \"kubernetes.io/configmap/2b5a4366-f940-4ea3-9e56-9305e1336cca-broker-configuration\") pod \"2b5a4366-f940-4ea3-9e56-9305e1336cca\" (UID: \"2b5a4366-f940-4ea3-9e56-9305e1336cca\") "
2025-01-29 13:56:09,956 INFO c.h.h.t.HelmChartContainer - [K3S] [reconciler_common.go:299] "Volume detached for volume \"pod-info\" (UniqueName: \"kubernetes.io/configmap/2b5a4366-f940-4ea3-9e56-9305e1336cca-pod-info\") on node \"b2f104d21a5d\" DevicePath \"\""
2025-01-29 13:56:09,956 INFO c.h.h.t.HelmChartContainer - [K3S] [reconciler_common.go:299] "Volume detached for volume \"broker-configuration\" (UniqueName: \"kubernetes.io/configmap/2b5a4366-f940-4ea3-9e56-9305e1336cca-broker-configuration\") on node \"b2f104d21a5d\" DevicePath \"\""
2025-01-29 13:56:09,956 INFO c.h.h.t.HelmChartContainer - [K3S] [reconciler_common.go:299] "Volume detached for volume \"operator-init\" (UniqueName: \"kubernetes.io/empty-dir/2b5a4366-f940-4ea3-9e56-9305e1336cca-operator-init\") on node \"b2f104d21a5d\" DevicePath \"\""
2025-01-29 13:56:09,956 INFO c.h.h.t.HelmChartContainer - [K3S] [reconciler_common.go:299] "Volume detached for volume \"kube-api-access-vzq5b\" (UniqueName: \"kubernetes.io/projected/2b5a4366-f940-4ea3-9e56-9305e1336cca-kube-api-access-vzq5b\") on node \"b2f104d21a5d\" DevicePath \"\""
2025-01-29 13:56:10,394 INFO c.h.h.t.HelmChartContainer - [K3S] [scope.go:117] "RemoveContainer" containerID="34bf0e984369954c5fee257957d2b03b72e85bbb216e92c2e59ec768c853996a"
2025-01-29 13:56:10,409 INFO c.h.h.t.HelmChartContainer - [POD] test-hivemq-platform-0 [2b5a4366-f940-4ea3-9e56-9305e1336cca] in helmmqttit was MODIFIED
2025-01-29 13:56:10,409 INFO c.h.h.t.HelmChartContainer - [POD] test-hivemq-platform-0 [2b5a4366-f940-4ea3-9e56-9305e1336cca] in helmmqttit was DELETED
2025-01-29 13:56:10,495 INFO c.h.h.t.HelmChartContainer - [K3S] [scope.go:117] "RemoveContainer" containerID="f1100cacfd5855be03111551384b4b2f9b8c60e9c4ff50bff7f9bfd0896ee9d4"
2025-01-29 13:56:10,498 INFO c.h.h.t.HelmChartContainer - [K3S] [scope.go:117] "RemoveContainer" containerID="34bf0e984369954c5fee257957d2b03b72e85bbb216e92c2e59ec768c853996a"
2025-01-29 13:56:10,498 INFO c.h.h.t.HelmChartContainer - [K3S] [scope.go:117] "RemoveContainer" containerID="f1100cacfd5855be03111551384b4b2f9b8c60e9c4ff50bff7f9bfd0896ee9d4"
2025-01-29 13:56:12,206 INFO c.h.h.t.HelmChartContainer - [K3S] [kubelet_volumes.go:163] "Cleaned up orphaned pod volumes dir" podUID="2b5a4366-f940-4ea3-9e56-9305e1336cca" path="/var/lib/kubelet/pods/2b5a4366-f940-4ea3-9e56-9305e1336cca/volumes"
2025-01-29 13:56:14,665 INFO c.h.h.t.HelmChartContainer - Namespace 'helmmqttit' deleted
2025-01-29 13:56:14,665 INFO c.h.h.t.HelmChartContainer - Release 'test-hivemq-platform' in namespace 'helmmqttit' is uninstalled
2025-01-29 13:56:14,665 INFO c.h.h.t.HelmChartContainer - Uninstalling release 'test-hivemq-platform-operator' in namespace 'helmmqttit-operator'...
2025-01-29 13:56:14,665 DEBUG c.h.h.t.HelmChartContainer - Executing helm command: /bin/helm --kubeconfig /etc/rancher/k3s/k3s.yaml uninstall test-hivemq-platform-operator  --wait --timeout 5m0s --cascade foreground --namespace helmmqttit-operator
2025-01-29 13:56:14,832 INFO c.h.h.t.HelmChartContainer - [K3S] [replica_set.go:679] "Finished syncing" kind="ReplicaSet" key="helmmqttit-operator/hivemq-test-hivemq-platform-operator-6966f96d65" duration="10.924676ms"
2025-01-29 13:56:14,833 INFO c.h.h.t.HelmChartContainer - [K3S] [replica_set.go:679] "Finished syncing" kind="ReplicaSet" key="helmmqttit-operator/hivemq-test-hivemq-platform-operator-6966f96d65" duration="39.845µs"
2025-01-29 13:56:14,845 INFO c.h.h.t.HelmChartContainer - [POD] hivemq-test-hivemq-platform-operator-6966f96d65-8svrz [72b2a26c-e05a-43ad-8482-c657890deb58] in helmmqttit-operator was MODIFIED
2025-01-29 13:56:14,852 INFO c.h.h.t.HelmChartContainer - [EVENT] Normal [Killing] Stopping container hivemq-platform-operator [helmmqttit-operator:hivemq-test-hivemq-platform-operator-6966f96d65-8svrz]
2025-01-29 13:56:14,852 INFO c.h.h.t.HelmChartContainer - Received Killing event for container hivemq-platform-operator in pod hivemq-test-hivemq-platform-operator-6966f96d65-8svrz [72b2a26c-e05a-43ad-8482-c657890deb58]
2025-01-29 13:56:14,852 INFO c.h.h.t.HelmChartContainer - Container [hivemq-test-hivemq-platform-operator-6966f96d65-8svrz] [hivemq-platform-operator] [72b2a26c-e05a-43ad-8482-c657890deb58] was terminated
2025-01-29 13:56:14,852 INFO c.h.h.t.HelmChartContainer - Stopped log watcher for hivemq-platform-operator in pod hivemq-test-hivemq-platform-operator-6966f96d65-8svrz [72b2a26c-e05a-43ad-8482-c657890deb58]
2025-01-29 13:56:14,856 INFO c.h.h.t.HelmChartContainer - [K3S] [replica_set.go:679] "Finished syncing" kind="ReplicaSet" key="helmmqttit-operator/hivemq-test-hivemq-platform-operator-6966f96d65" duration="14.833145ms"
2025-01-29 13:56:14,857 INFO c.h.h.t.HelmChartContainer - [hivemq-test-hivemq-platform] [hivemq-platform-operator] [72b2a26c] 13:56:14.854 [application-shutdown-thread] INFO  c.h.p.o.HiveMQPlatformOperatorApplication - HiveMQ Platform Operator is stopping...
2025-01-29 13:56:14,857 INFO c.h.h.t.HelmChartContainer - [hivemq-test-hivemq-platform] [hivemq-platform-operator] [72b2a26c] 13:56:14.854 [application-shutdown-thread] INFO  i.javaoperatorsdk.operator.Operator - Operator SDK 4.9.7 is shutting down...
2025-01-29 13:56:14,858 INFO c.h.h.t.HelmChartContainer - [K3S] [replica_set.go:679] "Finished syncing" kind="ReplicaSet" key="helmmqttit-operator/hivemq-test-hivemq-platform-operator-6966f96d65" duration="31.158µs"
2025-01-29 13:56:15,473 INFO c.h.h.t.HelmChartContainer - [K3S] [replica_set.go:679] "Finished syncing" kind="ReplicaSet" key="helmmqttit-operator/hivemq-test-hivemq-platform-operator-6966f96d65" duration="38.542µs"
2025-01-29 13:56:15,474 INFO c.h.h.t.HelmChartContainer - [POD] hivemq-test-hivemq-platform-operator-6966f96d65-8svrz [72b2a26c-e05a-43ad-8482-c657890deb58] in helmmqttit-operator was MODIFIED
2025-01-29 13:56:15,489 INFO c.h.h.t.HelmChartContainer - [K3S] [reconciler_common.go:162] "operationExecutor.UnmountVolume started for volume \"kube-api-access-ngd2w\" (UniqueName: \"kubernetes.io/projected/72b2a26c-e05a-43ad-8482-c657890deb58-kube-api-access-ngd2w\") pod \"72b2a26c-e05a-43ad-8482-c657890deb58\" (UID: \"72b2a26c-e05a-43ad-8482-c657890deb58\") "
2025-01-29 13:56:15,589 INFO c.h.h.t.HelmChartContainer - [K3S] [reconciler_common.go:299] "Volume detached for volume \"kube-api-access-ngd2w\" (UniqueName: \"kubernetes.io/projected/72b2a26c-e05a-43ad-8482-c657890deb58-kube-api-access-ngd2w\") on node \"b2f104d21a5d\" DevicePath \"\""
2025-01-29 13:56:16,404 INFO c.h.h.t.HelmChartContainer - [K3S] [scope.go:117] "RemoveContainer" containerID="a02a175c4e389be26bb7e24e8bd4557a2432541eebcdedc536313bc38efdb1bc"
2025-01-29 13:56:16,407 INFO c.h.h.t.HelmChartContainer - [K3S] [scope.go:117] "RemoveContainer" containerID="a02a175c4e389be26bb7e24e8bd4557a2432541eebcdedc536313bc38efdb1bc"
2025-01-29 13:56:16,412 INFO c.h.h.t.HelmChartContainer - [K3S] [replica_set.go:679] "Finished syncing" kind="ReplicaSet" key="helmmqttit-operator/hivemq-test-hivemq-platform-operator-6966f96d65" duration="54.321µs"
2025-01-29 13:56:16,414 INFO c.h.h.t.HelmChartContainer - [POD] hivemq-test-hivemq-platform-operator-6966f96d65-8svrz [72b2a26c-e05a-43ad-8482-c657890deb58] in helmmqttit-operator was MODIFIED
2025-01-29 13:56:16,417 INFO c.h.h.t.HelmChartContainer - [K3S] [replica_set.go:679] "Finished syncing" kind="ReplicaSet" key="helmmqttit-operator/hivemq-test-hivemq-platform-operator-6966f96d65" duration="30.377µs"
2025-01-29 13:56:16,417 INFO c.h.h.t.HelmChartContainer - [POD] hivemq-test-hivemq-platform-operator-6966f96d65-8svrz [72b2a26c-e05a-43ad-8482-c657890deb58] in helmmqttit-operator was DELETED
2025-01-29 13:56:16,428 INFO c.h.h.t.HelmChartContainer - [K3S] [replica_set.go:679] "Finished syncing" kind="ReplicaSet" key="helmmqttit-operator/hivemq-test-hivemq-platform-operator-6966f96d65" duration="6.231µs"
2025-01-29 13:56:16,871 INFO c.h.h.t.HelmChartContainer - Deleting namespace 'helmmqttit-operator'...
2025-01-29 13:56:18,206 INFO c.h.h.t.HelmChartContainer - [K3S] [kubelet_volumes.go:163] "Cleaned up orphaned pod volumes dir" podUID="72b2a26c-e05a-43ad-8482-c657890deb58" path="/var/lib/kubelet/pods/72b2a26c-e05a-43ad-8482-c657890deb58/volumes"
2025-01-29 13:56:19,568 INFO c.h.h.t.HelmChartContainer - [K3S] [namespace_controller.go:187] "Namespace has been deleted" namespace="helmmqttit"
2025-01-29 13:56:22,089 INFO c.h.h.t.HelmChartContainer - Namespace 'helmmqttit-operator' deleted
2025-01-29 13:56:22,089 INFO c.h.h.t.HelmChartContainer - Release 'test-hivemq-platform-operator' in namespace 'helmmqttit-operator' is uninstalled
2025-01-29 13:56:22,798 INFO c.h.helmcharts.AbstractHelmChartIT - Removed unused containers:

2025-01-29 13:56:26,986 INFO c.h.h.t.HelmChartContainer - [K3S] [namespace_controller.go:187] "Namespace has been deleted" namespace="helmmqttit-operator"
2025-01-29 13:56:30,301 INFO c.h.helmcharts.AbstractHelmChartIT - Removed unused snapshots:
Removing snapshot sha256:03af251906410714c5aef9fa705b63f6bbc39c4a5e787de7361eeb18886c2ed2
Removing snapshot sha256:0c46b3b43cce082ce5ec34ffc6c294e0417d17b9d1e6f366d114b6aadc4f96dc
Removing snapshot sha256:0ce761beee59082d6ed5bcebd3a805b8ddd9b3426b617e4809e7fb7c6587ffec
Removing snapshot sha256:0df91287303208332c8ff6ba40ae4710105201739addbfbddfb955f1ad593664
Removing snapshot sha256:0ecdb74ccb731a156f08e2c24f71884cb7b54f057c1105e923610b9bed48063f
Removing snapshot sha256:1021ef88c7974bfff89c5a0ec4fd3160daac6c48a075f74cff721f85dd104e68
Removing snapshot sha256:10aba4953ddc18145dd38e3704709bc464aa20af60b56fe52caaff4b68411e62
Removing snapshot sha256:2573e0d8158209ed54ab25c87bcdcb00bd3d2539246960a3d592a1c599d70465
Removing snapshot sha256:362a8a37f8bbc31925a8146adcf7cf51f9882f5c1dcbef67c5baa03a297543c0
Removing snapshot sha256:3a073dc912c0263431cada6d7fe35f04a95394a7784fa29630e360ad4629e5fe
Removing snapshot sha256:3fa4ad33f0ddc8fd45b39b6b4640f82a3a83619606cd975bfe89d8710ad2d4cd
Removing snapshot sha256:43a7c979bbaba6838bc3102d6b10a1459f3ab050b87ccdfef84ef90cf43d3058
Removing snapshot sha256:4ab04491cdf0d3267f08206fe30bd48f49f94b9cab2f016d6739220f722a64af
Removing snapshot sha256:4b6068250e89c96f263060261819c7d912855bfbd64b3eb4c4a8483299b8c295
Removing snapshot sha256:580e69a0a8034ede1921139bbd2bfb72a69ebf276d008281896c32dd8bf74775
Removing snapshot sha256:5d30ba46b27fe37484567ccc5242cadc78217b8da605f3f195ef25cbf7487904
Removing snapshot sha256:63ca1fbb43ae5034640e5e6cb3e083e05c290072c5366fcaa9d62435a4cced85
Removing snapshot sha256:67f702c6baae873bceb19487c8b1f27bd2b86077e4f2f0e480e6d60ab508b8f5
Removing snapshot sha256:6864348dd42806d552efdec384f1274be15e2d0c10ce44c1f04347af004c10a9
Removing snapshot sha256:6c7dee8f2c39b84b7dc2711c01d33de93514d9055499173e9290176fbe484b6c
Removing snapshot sha256:82753493a6d61ded36556292f02f31841a14c20d2f279f19eaad65afb661d5cd
Removing snapshot sha256:8a10d3db42c505ee0fcfa98417bdd7e39b304f6bcc0a06bb1b220797ff2cc63c
Removing snapshot sha256:a21e5b12dbac529ad45d976eb9ce45c881f3bedcc500fb30aba1e52aa1813418
Removing snapshot sha256:b921e6c28969094157f9b8e7244677780319637afd14450b7cb6b2fdea558a0c
Removing snapshot sha256:bc27ecb5769a00e309cf99ebc763c4a4b958b618d1decc96ffac5bc05f02f5b7
Removing snapshot sha256:be3ccb6627a5332e309d45ef461d09b4879dd870c7394d89323d0ebc6ca6aa8a
Removing snapshot sha256:c261f7cbbc64211ee175ee47273acdb7b1a36a4450b397a064a8f2c026490095
Removing snapshot sha256:c34d9393647eea0c9e3557ab988efaf59f61d10a2a5613b439ef0958cca5ec10
Removing snapshot sha256:ccf3c4a0fa967a41c1c83497a2ce6fa5787965859df0adb32c4ca2cf7490bc2b
Removing snapshot sha256:cf92d33f869417309692088c341cd0f223c178ea78a125f757317b22aa8f90e9
Removing snapshot sha256:d0037344cf2fb078884f1849f6a1f8cf9a33a3b6139b6a85833e5ee528e1f9a8
Removing snapshot sha256:d3b36d5b79273b1e98e7700470eaeff05a882e777124d84cebcc1505b85ecb36
Removing snapshot sha256:d65a44a37914602d12c611e5e22a50f11451d847e63015cc1c2aef92dee777a4
Removing snapshot sha256:e2dc0bae2455930f23ae570e019b7f32edc75c0f2d71cab084db837ff9051796
Removing snapshot sha256:eccbd24a99c60cd9e86ee5305dbfc4a4dc89f5ab4fb1f06c8d64797cecedef34
Removing snapshot sha256:f144bb4c7c7f0d2aa7eeffd36d934ec40db1ee167be727e326aad9fdc616f475

]]></system-out>
  </testcase>
  <testcase name="platformChart_whenMqttNodePortEnabled_thenSendsReceivesMessage()" classname="com.hivemq.helmcharts.services.HelmMqttIT" time="100.782">
    <system-out><![CDATA[2025-01-29 13:56:30,309 INFO c.h.h.t.HelmChartContainer - Creating namespace 'helmmqttit-operator'...
2025-01-29 13:56:30,315 INFO c.h.h.t.HelmChartContainer - Namespace 'helmmqttit-operator' created
2025-01-29 13:56:30,315 INFO c.h.h.t.HelmChartContainer - Creating namespace 'helmmqttit'...
2025-01-29 13:56:30,320 INFO c.h.h.t.HelmChartContainer - Namespace 'helmmqttit' created
2025-01-29 13:56:30,399 DEBUG c.h.h.t.HelmChartContainer - Executing helm command: /bin/helm --kubeconfig /etc/rancher/k3s/k3s.yaml install test-hivemq-platform-operator /charts/hivemq-platform-operator --wait --timeout 5m0s --set image.repository=docker.io/hivemq --set image.name=hivemq-platform-operator-test --set image.initImageName=hivemq-platform-operator-init-test --set image.tag=snapshot --set image.pullPolicy=Never --set logLevel=DEBUG --set resources.cpu=512m --namespace helmmqttit-operator
2025-01-29 13:56:30,730 INFO c.h.h.t.HelmChartContainer - [K3S] [alloc.go:330] "allocated clusterIPs" service="helmmqttit-operator/hivemq-platform-operator-test-hivemq-platform-operator" clusterIPs={"IPv4":"10.43.188.185"}
2025-01-29 13:56:30,747 INFO c.h.h.t.HelmChartContainer - [EVENT] Normal [ScalingReplicaSet] Scaled up replica set hivemq-test-hivemq-platform-operator-6966f96d65 from 0 to 1 [helmmqttit-operator:hivemq-test-hivemq-platform-operator]
2025-01-29 13:56:30,755 INFO c.h.h.t.HelmChartContainer - [POD] hivemq-test-hivemq-platform-operator-6966f96d65-7kn67 [1b036211-fd00-4159-8a45-12290fb8b8ec] in helmmqttit-operator was ADDED
2025-01-29 13:56:30,764 INFO c.h.h.t.HelmChartContainer - [POD] hivemq-test-hivemq-platform-operator-6966f96d65-7kn67 [1b036211-fd00-4159-8a45-12290fb8b8ec] in helmmqttit-operator was MODIFIED
2025-01-29 13:56:30,764 INFO c.h.h.t.HelmChartContainer - [K3S] [memory_manager.go:355] "RemoveStaleState removing state" podUID="2b5a4366-f940-4ea3-9e56-9305e1336cca" containerName="hivemq"
2025-01-29 13:56:30,764 INFO c.h.h.t.HelmChartContainer - [K3S] [memory_manager.go:355] "RemoveStaleState removing state" podUID="72b2a26c-e05a-43ad-8482-c657890deb58" containerName="hivemq-platform-operator"
2025-01-29 13:56:30,765 INFO c.h.h.t.HelmChartContainer - [K3S] [replica_set.go:679] "Finished syncing" kind="ReplicaSet" key="helmmqttit-operator/hivemq-test-hivemq-platform-operator-6966f96d65" duration="23.29471ms"
2025-01-29 13:56:30,768 INFO c.h.h.t.HelmChartContainer - [EVENT] Normal [SuccessfulCreate] Created pod: hivemq-test-hivemq-platform-operator-6966f96d65-7kn67 [helmmqttit-operator:hivemq-test-hivemq-platform-operator-6966f96d65]
2025-01-29 13:56:30,775 INFO c.h.h.t.HelmChartContainer - [EVENT] Normal [Scheduled] Successfully assigned helmmqttit-operator/hivemq-test-hivemq-platform-operator-6966f96d65-7kn67 to b2f104d21a5d [helmmqttit-operator:hivemq-test-hivemq-platform-operator-6966f96d65-7kn67]
2025-01-29 13:56:30,779 INFO c.h.h.t.HelmChartContainer - [POD] hivemq-test-hivemq-platform-operator-6966f96d65-7kn67 [1b036211-fd00-4159-8a45-12290fb8b8ec] in helmmqttit-operator was MODIFIED
2025-01-29 13:56:30,787 INFO c.h.h.t.HelmChartContainer - [K3S] [replica_set.go:679] "Finished syncing" kind="ReplicaSet" key="helmmqttit-operator/hivemq-test-hivemq-platform-operator-6966f96d65" duration="20.970273ms"
2025-01-29 13:56:30,787 INFO c.h.h.t.HelmChartContainer - [K3S] [replica_set.go:679] "Finished syncing" kind="ReplicaSet" key="helmmqttit-operator/hivemq-test-hivemq-platform-operator-6966f96d65" duration="32.832µs"
2025-01-29 13:56:30,787 INFO c.h.h.t.HelmChartContainer - [K3S] [replica_set.go:679] "Finished syncing" kind="ReplicaSet" key="helmmqttit-operator/hivemq-test-hivemq-platform-operator-6966f96d65" duration="30.186µs"
2025-01-29 13:56:30,869 INFO c.h.h.t.HelmChartContainer - [K3S] [reconciler_common.go:251] "operationExecutor.VerifyControllerAttachedVolume started for volume \"kube-api-access-2sfgw\" (UniqueName: \"kubernetes.io/projected/1b036211-fd00-4159-8a45-12290fb8b8ec-kube-api-access-2sfgw\") pod \"hivemq-test-hivemq-platform-operator-6966f96d65-7kn67\" (UID: \"1b036211-fd00-4159-8a45-12290fb8b8ec\") " pod="helmmqttit-operator/hivemq-test-hivemq-platform-operator-6966f96d65-7kn67"
2025-01-29 13:56:31,157 INFO c.h.h.t.HelmChartContainer - [EVENT] Normal [Pulled] Container image "docker.io/hivemq/hivemq-platform-operator-test:snapshot" already present on machine [helmmqttit-operator:hivemq-test-hivemq-platform-operator-6966f96d65-7kn67]
2025-01-29 13:56:31,157 INFO c.h.h.t.HelmChartContainer - Received Pulled event for container hivemq-platform-operator in pod hivemq-test-hivemq-platform-operator-6966f96d65-7kn67 [1b036211-fd00-4159-8a45-12290fb8b8ec]
2025-01-29 13:56:32,416 INFO c.h.h.t.HelmChartContainer - [EVENT] Normal [Created] Created container: hivemq-platform-operator [helmmqttit-operator:hivemq-test-hivemq-platform-operator-6966f96d65-7kn67]
2025-01-29 13:56:32,416 INFO c.h.h.t.HelmChartContainer - Received Created event for container hivemq-platform-operator in pod hivemq-test-hivemq-platform-operator-6966f96d65-7kn67 [1b036211-fd00-4159-8a45-12290fb8b8ec]
2025-01-29 13:56:33,442 INFO c.h.h.t.HelmChartContainer - [K3S] [replica_set.go:679] "Finished syncing" kind="ReplicaSet" key="helmmqttit-operator/hivemq-test-hivemq-platform-operator-6966f96d65" duration="40.255µs"
2025-01-29 13:56:33,463 INFO c.h.h.t.HelmChartContainer - Started log watcher for hivemq-platform-operator in pod hivemq-test-hivemq-platform-operator-6966f96d65-7kn67 [1b036211-fd00-4159-8a45-12290fb8b8ec]
2025-01-29 13:56:33,463 INFO c.h.h.t.HelmChartContainer - [POD] hivemq-test-hivemq-platform-operator-6966f96d65-7kn67 [1b036211-fd00-4159-8a45-12290fb8b8ec] in helmmqttit-operator was MODIFIED
2025-01-29 13:56:33,463 INFO c.h.h.t.HelmChartContainer - [EVENT] Normal [Started] Started container hivemq-platform-operator [helmmqttit-operator:hivemq-test-hivemq-platform-operator-6966f96d65-7kn67]
2025-01-29 13:56:33,464 INFO c.h.h.t.HelmChartContainer - Received Started event for container hivemq-platform-operator in pod hivemq-test-hivemq-platform-operator-6966f96d65-7kn67 [1b036211-fd00-4159-8a45-12290fb8b8ec]
2025-01-29 13:56:33,464 INFO c.h.h.t.HelmChartContainer - [hivemq-test-hivemq-platform] [hivemq-platform-operator] [1b036211] -------------------------------------------------------------------------
2025-01-29 13:56:33,464 INFO c.h.h.t.HelmChartContainer - [hivemq-test-hivemq-platform] [hivemq-platform-operator] [1b036211] 
2025-01-29 13:56:33,465 INFO c.h.h.t.HelmChartContainer - [hivemq-test-hivemq-platform] [hivemq-platform-operator] [1b036211]                   _    _  _              __  __   ____
2025-01-29 13:56:33,465 INFO c.h.h.t.HelmChartContainer - [hivemq-test-hivemq-platform] [hivemq-platform-operator] [1b036211]                  | |  | |(_)            |  \/  | / __ \
2025-01-29 13:56:33,465 INFO c.h.h.t.HelmChartContainer - [hivemq-test-hivemq-platform] [hivemq-platform-operator] [1b036211]                  | |__| | _ __   __ ___ | \  / || |  | |
2025-01-29 13:56:33,465 INFO c.h.h.t.HelmChartContainer - [hivemq-test-hivemq-platform] [hivemq-platform-operator] [1b036211]                  |  __  || |\ \ / // _ \| |\/| || |  | |
2025-01-29 13:56:33,465 INFO c.h.h.t.HelmChartContainer - [hivemq-test-hivemq-platform] [hivemq-platform-operator] [1b036211]                  | |  | || | \ V /|  __/| |  | || |__| |
2025-01-29 13:56:33,465 INFO c.h.h.t.HelmChartContainer - [hivemq-test-hivemq-platform] [hivemq-platform-operator] [1b036211]                  |_|  |_||_|  \_/  \___||_|  |_| \___\_\
2025-01-29 13:56:33,465 INFO c.h.h.t.HelmChartContainer - [hivemq-test-hivemq-platform] [hivemq-platform-operator] [1b036211] 
2025-01-29 13:56:33,465 INFO c.h.h.t.HelmChartContainer - [hivemq-test-hivemq-platform] [hivemq-platform-operator] [1b036211] -------------------------------------------------------------------------
2025-01-29 13:56:33,465 INFO c.h.h.t.HelmChartContainer - [hivemq-test-hivemq-platform] [hivemq-platform-operator] [1b036211] 
2025-01-29 13:56:33,465 INFO c.h.h.t.HelmChartContainer - [hivemq-test-hivemq-platform] [hivemq-platform-operator] [1b036211]   HiveMQ Platform Operator Start Script v1.0
2025-01-29 13:56:33,465 INFO c.h.h.t.HelmChartContainer - [hivemq-test-hivemq-platform] [hivemq-platform-operator] [1b036211] 
2025-01-29 13:56:33,465 INFO c.h.h.t.HelmChartContainer - [hivemq-test-hivemq-platform] [hivemq-platform-operator] [1b036211] -------------------------------------------------------------------------
2025-01-29 13:56:33,465 INFO c.h.h.t.HelmChartContainer - [hivemq-test-hivemq-platform] [hivemq-platform-operator] [1b036211] 
2025-01-29 13:56:33,465 INFO c.h.h.t.HelmChartContainer - [hivemq-test-hivemq-platform] [hivemq-platform-operator] [1b036211]   JAVA_OPTS: -XX:+UnlockExperimentalVMOptions -XX:InitialRAMPercentage=75 -XX:MaxRAMPercentage=75 -Duser.language=en -Duser.region=US
2025-01-29 13:56:33,465 INFO c.h.h.t.HelmChartContainer - [hivemq-test-hivemq-platform] [hivemq-platform-operator] [1b036211] 
2025-01-29 13:56:33,465 INFO c.h.h.t.HelmChartContainer - [hivemq-test-hivemq-platform] [hivemq-platform-operator] [1b036211]   JAVA_VERSION: 21
2025-01-29 13:56:33,465 INFO c.h.h.t.HelmChartContainer - [hivemq-test-hivemq-platform] [hivemq-platform-operator] [1b036211] 
2025-01-29 13:56:33,465 INFO c.h.h.t.HelmChartContainer - [hivemq-test-hivemq-platform] [hivemq-platform-operator] [1b036211] -------------------------------------------------------------------------
2025-01-29 13:56:33,465 INFO c.h.h.t.HelmChartContainer - [hivemq-test-hivemq-platform] [hivemq-platform-operator] [1b036211] 
2025-01-29 13:56:35,457 INFO c.h.h.t.HelmChartContainer - [hivemq-test-hivemq-platform] [hivemq-platform-operator] [1b036211] 13:56:35.455 [main] DEBUG org.jboss.logging - Logging Provider: org.jboss.logging.Slf4jLoggerProvider
2025-01-29 13:56:35,566 INFO c.h.h.t.HelmChartContainer - [hivemq-test-hivemq-platform] [hivemq-platform-operator] [1b036211] 13:56:35.563 [main] DEBUG io.smallrye.config - SRCFG01006: Loaded ConfigSource SysPropConfigSource with ordinal 400
2025-01-29 13:56:35,566 INFO c.h.h.t.HelmChartContainer - [hivemq-test-hivemq-platform] [hivemq-platform-operator] [1b036211] 13:56:35.563 [main] DEBUG io.smallrye.config - SRCFG01006: Loaded ConfigSource EnvConfigSource with ordinal 300
2025-01-29 13:56:35,566 INFO c.h.h.t.HelmChartContainer - [hivemq-test-hivemq-platform] [hivemq-platform-operator] [1b036211] 13:56:35.563 [main] DEBUG io.smallrye.config - SRCFG01006: Loaded ConfigSource PropertiesConfigSource[source=jar:file:///opt/hivemq-platform-operator/bin/hivemq-platform-operator.jar!/hivemq-platform-operator.properties] with ordinal 100
2025-01-29 13:56:35,566 INFO c.h.h.t.HelmChartContainer - [hivemq-test-hivemq-platform] [hivemq-platform-operator] [1b036211] 13:56:35.564 [main] DEBUG io.smallrye.config - SRCFG01006: Loaded ConfigSource DefaultValuesConfigSource with ordinal -2147483648
2025-01-29 13:56:35,666 INFO c.h.h.t.HelmChartContainer - [hivemq-test-hivemq-platform] [hivemq-platform-operator] [1b036211] 13:56:35.665 [main] DEBUG i.m.c.u.i.l.InternalLoggerFactory - Using SLF4J as the default logging framework
2025-01-29 13:56:35,826 INFO c.h.h.t.HelmChartContainer - [hivemq-test-hivemq-platform] [hivemq-platform-operator] [1b036211] 13:56:35.761 [main] INFO  c.h.p.o.HiveMQPlatformOperatorApplication - HiveMQ Platform Operator 1.7.0-SNAPSHOT (commit: bebf408 on branch: HEAD) built on Sun Jan 26 20:47:47 UTC 2025
2025-01-29 13:56:35,827 INFO c.h.h.t.HelmChartContainer - [hivemq-test-hivemq-platform] [hivemq-platform-operator] [1b036211] 13:56:35.826 [main] INFO  c.h.p.o.HiveMQPlatformOperatorApplication - HiveMQ Platform Operator is running in namespace: helmmqttit-operator
2025-01-29 13:56:35,827 INFO c.h.h.t.HelmChartContainer - [hivemq-test-hivemq-platform] [hivemq-platform-operator] [1b036211] 13:56:35.826 [main] INFO  c.h.p.o.HiveMQPlatformOperatorApplication - Watching all namespaces
2025-01-29 13:56:35,827 INFO c.h.h.t.HelmChartContainer - [hivemq-test-hivemq-platform] [hivemq-platform-operator] [1b036211] 13:56:35.826 [main] INFO  c.h.p.o.HiveMQPlatformOperatorApplication - Log level: DEBUG
2025-01-29 13:56:35,827 INFO c.h.h.t.HelmChartContainer - [hivemq-test-hivemq-platform] [hivemq-platform-operator] [1b036211] 13:56:35.826 [main] INFO  c.h.p.o.HiveMQPlatformOperatorApplication - Release name: test-hivemq-platform-operator
2025-01-29 13:56:35,827 INFO c.h.h.t.HelmChartContainer - [hivemq-test-hivemq-platform] [hivemq-platform-operator] [1b036211] 13:56:35.826 [main] INFO  c.h.p.o.HiveMQPlatformOperatorApplication - HiveMQ Platform Operator Init image: docker.io/hivemq/hivemq-platform-operator-init-test:snapshot
2025-01-29 13:56:35,827 INFO c.h.h.t.HelmChartContainer - [hivemq-test-hivemq-platform] [hivemq-platform-operator] [1b036211] 13:56:35.826 [main] INFO  c.h.p.o.HiveMQPlatformOperatorApplication - HiveMQ Platform Operator Init App update URL: http://hivemq-platform-operator-test-hivemq-platform-operator.helmmqttit-operator.svc:8080/initAppUpdate/hivemq-platform-operator-init-app-1.7.0-SNAPSHOT.jar
2025-01-29 13:56:35,828 INFO c.h.h.t.HelmChartContainer - [hivemq-test-hivemq-platform] [hivemq-platform-operator] [1b036211] 13:56:35.826 [main] INFO  c.h.p.o.HiveMQPlatformOperatorApplication - Additional imagePullSecret for all Platform deployments: none
2025-01-29 13:56:35,828 INFO c.h.h.t.HelmChartContainer - [hivemq-test-hivemq-platform] [hivemq-platform-operator] [1b036211] 13:56:35.826 [main] INFO  c.h.p.o.HiveMQPlatformOperatorApplication - Apply HiveMQ Platform CRD: true
2025-01-29 13:56:35,828 INFO c.h.h.t.HelmChartContainer - [hivemq-test-hivemq-platform] [hivemq-platform-operator] [1b036211] 13:56:35.826 [main] INFO  c.h.p.o.HiveMQPlatformOperatorApplication - Create Platform ServiceAccount: true
2025-01-29 13:56:35,828 INFO c.h.h.t.HelmChartContainer - [hivemq-test-hivemq-platform] [hivemq-platform-operator] [1b036211] 13:56:35.826 [main] INFO  c.h.p.o.HiveMQPlatformOperatorApplication - Create Platform ServiceAccount permissions: true
2025-01-29 13:56:35,846 INFO c.h.h.t.HelmChartContainer - [hivemq-test-hivemq-platform] [hivemq-platform-operator] [1b036211] 13:56:35.844 [main] INFO  c.h.p.o.HiveMQPlatformOperatorApplication - Validate Platform ServiceAccount: true
2025-01-29 13:56:35,846 INFO c.h.h.t.HelmChartContainer - [hivemq-test-hivemq-platform] [hivemq-platform-operator] [1b036211] 13:56:35.844 [main] INFO  c.h.p.o.HiveMQPlatformOperatorApplication - Validate Platform ServiceAccount permissions: true
2025-01-29 13:56:35,860 INFO c.h.h.t.HelmChartContainer - [hivemq-test-hivemq-platform] [hivemq-platform-operator] [1b036211] 13:56:35.860 [main] INFO  c.h.platform.operator.util.CRDUtil - Verifying deployed HiveMQ Platform CRD...
2025-01-29 13:56:38,254 INFO c.h.h.t.HelmChartContainer - [hivemq-test-hivemq-platform] [hivemq-platform-operator] [1b036211] 13:56:38.252 [main] DEBUG c.h.platform.operator.util.CRDUtil - HiveMQ Platform CRD version v1 is up to date
2025-01-29 13:56:38,254 INFO c.h.h.t.HelmChartContainer - [hivemq-test-hivemq-platform] [hivemq-platform-operator] [1b036211] 13:56:38.252 [main] INFO  c.h.platform.operator.util.CRDUtil - HiveMQ Platform CRD is up to date (version: V1_6_0)
2025-01-29 13:56:38,254 INFO c.h.h.t.HelmChartContainer - [hivemq-test-hivemq-platform] [hivemq-platform-operator] [1b036211] 13:56:38.252 [main] INFO  c.h.platform.operator.util.CRDUtil - Waiting 10000 ms for HiveMQ Platform CRD 'hivemq-platforms.hivemq.com' to become ready...
2025-01-29 13:56:38,558 INFO c.h.h.t.HelmChartContainer - [hivemq-test-hivemq-platform] [hivemq-platform-operator] [1b036211] 13:56:38.557 [vert.x-eventloop-thread-1] DEBUG c.h.platform.operator.util.CRDUtil - Checking CRD condition 'NamesAccepted' (status: 'True')
2025-01-29 13:56:38,559 INFO c.h.h.t.HelmChartContainer - [hivemq-test-hivemq-platform] [hivemq-platform-operator] [1b036211] 13:56:38.557 [vert.x-eventloop-thread-1] DEBUG c.h.platform.operator.util.CRDUtil - Checking CRD condition 'Established' (status: 'True')
2025-01-29 13:56:38,559 INFO c.h.h.t.HelmChartContainer - [hivemq-test-hivemq-platform] [hivemq-platform-operator] [1b036211] 13:56:38.558 [main] INFO  c.h.platform.operator.util.CRDUtil - HiveMQ Platform CRD 'hivemq-platforms.hivemq.com' is ready
2025-01-29 13:56:38,754 INFO c.h.h.t.HelmChartContainer - [hivemq-test-hivemq-platform] [hivemq-platform-operator] [1b036211] 13:56:38.753 [main] INFO  c.h.p.o.HiveMQPlatformReconciler - HiveMQ Platform Operator is starting...
2025-01-29 13:56:38,859 INFO c.h.h.t.HelmChartContainer - [hivemq-test-hivemq-platform] [hivemq-platform-operator] [1b036211] 13:56:38.858 [main] WARN  Default ConfigurationService implementation - Configuration for reconciler 'hivemq-controller' was not found. Known reconcilers: None.
2025-01-29 13:56:38,867 INFO c.h.h.t.HelmChartContainer - [hivemq-test-hivemq-platform] [hivemq-platform-operator] [1b036211] 13:56:38.866 [main] INFO  Default ConfigurationService implementation - Created configuration for reconciler com.hivemq.platform.operator.HiveMQPlatformReconciler with name hivemq-controller
2025-01-29 13:56:39,024 INFO c.h.h.t.HelmChartContainer - [hivemq-test-hivemq-platform] [hivemq-platform-operator] [1b036211] 13:56:39.023 [main] DEBUG c.h.p.o.HiveMQPlatformReconciler - HiveMQ Platform Operator is preparing EventSources
2025-01-29 13:56:39,053 INFO c.h.h.t.HelmChartContainer - [hivemq-test-hivemq-platform] [hivemq-platform-operator] [1b036211] 13:56:39.052 [main] INFO  i.javaoperatorsdk.operator.Operator - Registered reconciler: 'hivemq-controller' for resource: 'class com.hivemq.platform.operator.v1.HiveMQPlatform' for namespace(s): [all namespaces]
2025-01-29 13:56:39,552 INFO c.h.h.t.HelmChartContainer - [hivemq-test-hivemq-platform] [hivemq-platform-operator] [1b036211] 13:56:39.551 [main] INFO  c.h.p.operator.webserver.JettyServer - Starting Jetty server on port 8080
2025-01-29 13:56:39,624 INFO c.h.h.t.HelmChartContainer - [hivemq-test-hivemq-platform] [hivemq-platform-operator] [1b036211] 13:56:39.623 [main] INFO  i.javaoperatorsdk.operator.Operator - Operator SDK 4.9.7 (commit: 2133d28) built on Wed Nov 20 12:56:20 UTC 2024 starting...
2025-01-29 13:56:39,624 INFO c.h.h.t.HelmChartContainer - [hivemq-test-hivemq-platform] [hivemq-platform-operator] [1b036211] 13:56:39.623 [main] INFO  i.javaoperatorsdk.operator.Operator - Client version: 6.13.4
2025-01-29 13:56:39,645 INFO c.h.h.t.HelmChartContainer - [hivemq-test-hivemq-platform] [hivemq-platform-operator] [1b036211] 13:56:39.645 [Controller Starter for: hivemq-controller] INFO  i.j.operator.processing.Controller - Starting 'hivemq-controller' controller for reconciler: com.hivemq.platform.operator.HiveMQPlatformReconciler, resource: com.hivemq.platform.operator.v1.HiveMQPlatform
2025-01-29 13:56:41,758 INFO c.h.h.t.HelmChartContainer - [hivemq-test-hivemq-platform] [hivemq-platform-operator] [1b036211] 13:56:41.756 [Controller Starter for: hivemq-controller] INFO  i.j.operator.processing.Controller - 'hivemq-controller' controller started
2025-01-29 13:56:41,758 INFO c.h.h.t.HelmChartContainer - [hivemq-test-hivemq-platform] [hivemq-platform-operator] [1b036211] 13:56:41.757 [main] INFO  c.h.p.o.HiveMQPlatformOperatorApplication - HiveMQ Platform Operator 1.7.0-SNAPSHOT started in 5995 ms
2025-01-29 13:56:44,451 INFO c.h.h.t.HelmChartContainer - [POD] hivemq-test-hivemq-platform-operator-6966f96d65-7kn67 [1b036211-fd00-4159-8a45-12290fb8b8ec] in helmmqttit-operator was MODIFIED
2025-01-29 13:56:44,459 INFO c.h.h.t.HelmChartContainer - [K3S] [replica_set.go:679] "Finished syncing" kind="ReplicaSet" key="helmmqttit-operator/hivemq-test-hivemq-platform-operator-6966f96d65" duration="9.479372ms"
2025-01-29 13:56:44,460 INFO c.h.h.t.HelmChartContainer - [K3S] [replica_set.go:679] "Finished syncing" kind="ReplicaSet" key="helmmqttit-operator/hivemq-test-hivemq-platform-operator-6966f96d65" duration="40.686µs"
2025-01-29 13:56:44,892 DEBUG c.h.h.t.HelmChartContainer - Executing helm command: /bin/helm --kubeconfig /etc/rancher/k3s/k3s.yaml install test-hivemq-platform /charts/hivemq-platform --wait --timeout 5m0s --set image.repository=docker.io/hivemq --set image.tag=4.36.0 --set image.pullPolicy=Never --set nodes.resources.cpu=512m -f /files/mqtt-node-port-values.yaml --namespace helmmqttit
2025-01-29 13:56:45,254 INFO c.h.h.t.HelmChartContainer - [hivemq-test-hivemq-platform] [hivemq-platform-operator] [1b036211] 13:56:45.252 [-373097727-pool-1-thread-3] WARN  i.m.p.PrometheusMeterRegistry - The meter (MeterId{name='operator.sdk.events.received', tags=[tag(action=ADDED),tag(event=ResourceEvent),tag(group=hivemq.com),tag(kind=HiveMQPlatform),tag(name=test-hivemq-platform),tag(namespace=helmmqttit),tag(scope=namespace),tag(version=v1)]}) registration has failed: Prometheus requires that all meters with the same name have the same set of tag keys. There is already an existing meter named 'operator.sdk.events.received' containing tag keys [event, group, kind, name, namespace, scope, version]. The meter you are attempting to register has keys [action, event, group, kind, name, namespace, scope, version]. Note that subsequent logs will be logged at debug level.
2025-01-29 13:56:45,656 INFO c.h.h.t.HelmChartContainer - [hivemq-test-hivemq-platform] [hivemq-platform-operator] [1b036211] 13:56:45.655 [pool-6-thread-3] DEBUG c.h.p.o.dependants.PodInfoConfigMap - [helmmqtt] Desired PodInfo ConfigMap (1 extensions) (1 enabled)
2025-01-29 13:56:45,657 INFO c.h.h.t.HelmChartContainer - [hivemq-test-hivemq-platform] [hivemq-platform-operator] [1b036211] 13:56:45.656 [pool-6-thread-3] DEBUG c.h.p.o.dependants.PodInfoConfigMap - [helmmqtt] Desired PodInfo ConfigMap (metrics port: 9399) (metrics path: /)
2025-01-29 13:56:45,657 INFO c.h.h.t.HelmChartContainer - [hivemq-test-hivemq-platform] [hivemq-platform-operator] [1b036211] 13:56:45.656 [pool-6-thread-3] DEBUG c.h.p.o.dependants.PodInfoConfigMap - [helmmqtt] Desired PodInfo ConfigMap (extension state hash: -1817474005)
2025-01-29 13:56:45,724 INFO c.h.h.t.HelmChartContainer - [hivemq-test-hivemq-platform] [hivemq-platform-operator] [1b036211] 13:56:45.724 [pool-6-thread-3] DEBUG c.h.p.o.dependants.PodInfoConfigMap - [helmmqtt] Create PodInfo ConfigMap
2025-01-29 13:56:45,826 INFO c.h.h.t.HelmChartContainer - [hivemq-test-hivemq-platform] [hivemq-platform-operator] [1b036211] 13:56:45.825 [pool-6-thread-5] DEBUG c.h.p.o.dependants.PodRoleResource - [helmmqtt] Create Role: Role(apiVersion=rbac.authorization.k8s.io/v1, kind=Role, metadata=ObjectMeta(annotations={meta.helm.sh/release-name=test-hivemq-platform, meta.helm.sh/release-namespace=helmmqttit}, creationTimestamp=null, deletionGracePeriodSeconds=null, deletionTimestamp=null, finalizers=[], generateName=null, generation=null, labels={helm.sh/chart=hivemq-platform-0.2.32, app.kubernetes.io/managed-by=Helm, app.kubernetes.io/name=hivemq-platform, hivemq-platform=test-hivemq-platform, app.kubernetes.io/instance=test-hivemq-platform, app.kubernetes.io/version=4.36.0}, managedFields=[], name=hivemq-platform-role-test-hivemq-platform, namespace=helmmqttit, ownerReferences=[OwnerReference(apiVersion=hivemq.com/v1, blockOwnerDeletion=null, controller=null, kind=HiveMQPlatform, name=test-hivemq-platform, uid=58a83521-e13d-4f0b-b4e2-27f298915678, additionalProperties={})], resourceVersion=null, selfLink=null, uid=null, additionalProperties={}), rules=[PolicyRule(apiGroups=[], nonResourceURLs=[], resourceNames=[], resources=[pods], verbs=[get, patch, update], additionalProperties={})], additionalProperties={})
2025-01-29 13:56:45,948 INFO c.h.h.t.HelmChartContainer - [hivemq-test-hivemq-platform] [hivemq-platform-operator] [1b036211] 13:56:45.945 [pool-6-thread-7] DEBUG c.h.p.o.d.PodServiceAccountResource - [helmmqtt] Desired PodServiceAccountResource (serviceAccountName: hivemq-platform-pod-test-hivemq-platform)
2025-01-29 13:56:45,949 INFO c.h.h.t.HelmChartContainer - [hivemq-test-hivemq-platform] [hivemq-platform-operator] [1b036211] 13:56:45.946 [pool-6-thread-7] DEBUG c.h.p.o.d.PodServiceAccountResource - [helmmqtt] Create ServiceAccount 'hivemq-platform-pod-test-hivemq-platform'
2025-01-29 13:56:46,054 INFO c.h.h.t.HelmChartContainer - [hivemq-test-hivemq-platform] [hivemq-platform-operator] [1b036211] 13:56:46.052 [pool-6-thread-10] DEBUG c.h.p.o.d.PodRoleBindingResource - [helmmqtt] Create RoleBinding: RoleBinding(apiVersion=rbac.authorization.k8s.io/v1, kind=RoleBinding, metadata=ObjectMeta(annotations={meta.helm.sh/release-name=test-hivemq-platform, meta.helm.sh/release-namespace=helmmqttit}, creationTimestamp=null, deletionGracePeriodSeconds=null, deletionTimestamp=null, finalizers=[], generateName=null, generation=null, labels={helm.sh/chart=hivemq-platform-0.2.32, app.kubernetes.io/managed-by=Helm, app.kubernetes.io/name=hivemq-platform, hivemq-platform=test-hivemq-platform, app.kubernetes.io/instance=test-hivemq-platform, app.kubernetes.io/version=4.36.0}, managedFields=[], name=hivemq-platform-role-binding-test-hivemq-platform, namespace=helmmqttit, ownerReferences=[OwnerReference(apiVersion=hivemq.com/v1, blockOwnerDeletion=null, controller=null, kind=HiveMQPlatform, name=test-hivemq-platform, uid=58a83521-e13d-4f0b-b4e2-27f298915678, additionalProperties={})], resourceVersion=null, selfLink=null, uid=null, additionalProperties={}), roleRef=RoleRef(apiGroup=rbac.authorization.k8s.io, kind=Role, name=hivemq-platform-role-test-hivemq-platform, additionalProperties={}), subjects=[Subject(apiGroup=null, kind=ServiceAccount, name=hivemq-platform-pod-test-hivemq-platform, namespace=helmmqttit, additionalProperties={})], additionalProperties={})
2025-01-29 13:56:46,146 INFO c.h.h.t.HelmChartContainer - [hivemq-test-hivemq-platform] [hivemq-platform-operator] [1b036211] 13:56:46.144 [ReconcilerExecutor-hivemq-controller-53] INFO  c.h.p.o.HiveMQPlatformReconciler - [helmmqtt] Reconciling HiveMQ Platform 'test-hivemq-platform' in namespace 'helmmqttit'
2025-01-29 13:56:46,147 INFO c.h.h.t.HelmChartContainer - [hivemq-test-hivemq-platform] [hivemq-platform-operator] [1b036211] 13:56:46.144 [ReconcilerExecutor-hivemq-controller-53] DEBUG c.h.p.o.HiveMQPlatformReconciler - [helmmqtt] Custom Resource Status CREATED - HiveMQ Platform was created (READY)
2025-01-29 13:56:46,147 INFO c.h.h.t.HelmChartContainer - [hivemq-test-hivemq-platform] [hivemq-platform-operator] [1b036211] 13:56:46.144 [ReconcilerExecutor-hivemq-controller-53] DEBUG c.h.p.o.HiveMQPlatformReconciler - [helmmqtt] Custom Resource Spec (replicas: 1) (extensions: 1)
2025-01-29 13:56:46,151 INFO c.h.h.t.HelmChartContainer - [hivemq-test-hivemq-platform] [hivemq-platform-operator] [1b036211] 13:56:46.148 [ReconcilerExecutor-hivemq-controller-53] INFO  c.h.p.o.h.HiveMQPlatformReconcilerBaseHandler - [helmmqtt] HiveMQ Platform is starting
2025-01-29 13:56:46,253 INFO c.h.h.t.HelmChartContainer - [hivemq-test-hivemq-platform] [hivemq-platform-operator] [1b036211] 13:56:46.251 [ReconcilerExecutor-hivemq-controller-53] DEBUG c.h.p.operator.event.EventSender - [helmmqtt] Creating K8s event hivemq-platform-starting: [Start] HiveMQ Platform is starting
2025-01-29 13:56:46,262 INFO c.h.h.t.HelmChartContainer - [EVENT] Normal [Start] HiveMQ Platform is starting [helmmqttit:test-hivemq-platform]
2025-01-29 13:56:46,326 INFO c.h.h.t.HelmChartContainer - [hivemq-test-hivemq-platform] [hivemq-platform-operator] [1b036211] 13:56:46.325 [ReconcilerExecutor-hivemq-controller-53] INFO  c.h.p.o.h.AbstractHiveMQReconcilerStateHandler - [helmmqtt] Update HiveMQ Platform Status (CREATED [READY] -> STARTING [READY]): HiveMQ Platform is starting
2025-01-29 13:56:46,360 DEBUG com.hivemq.helmcharts.util.K8sUtil - Comparing actual state 'STARTING' and waiting for 'RUNNING'
2025-01-29 13:56:56,432 INFO c.h.h.t.HelmChartContainer - [hivemq-test-hivemq-platform] [hivemq-platform-operator] [1b036211] 13:56:56.430 [pool-6-thread-12] DEBUG c.h.p.o.d.PlatformServiceResource - [helmmqtt] Desired Platform services (2 services)
2025-01-29 13:56:56,435 INFO c.h.h.t.HelmChartContainer - [hivemq-test-hivemq-platform] [hivemq-platform-operator] [1b036211] 13:56:56.432 [pool-6-thread-13] DEBUG c.h.p.o.dependants.PodInfoConfigMap - [helmmqtt] Desired PodInfo ConfigMap (1 extensions) (1 enabled)
2025-01-29 13:56:56,435 INFO c.h.h.t.HelmChartContainer - [hivemq-test-hivemq-platform] [hivemq-platform-operator] [1b036211] 13:56:56.432 [pool-6-thread-13] DEBUG c.h.p.o.dependants.PodInfoConfigMap - [helmmqtt] Desired PodInfo ConfigMap (metrics port: 9399) (metrics path: /)
2025-01-29 13:56:56,435 INFO c.h.h.t.HelmChartContainer - [hivemq-test-hivemq-platform] [hivemq-platform-operator] [1b036211] 13:56:56.432 [pool-6-thread-13] DEBUG c.h.p.o.dependants.PodInfoConfigMap - [helmmqtt] Desired PodInfo ConfigMap (extension state hash: -1817474005)
2025-01-29 13:56:56,439 INFO c.h.h.t.HelmChartContainer - [hivemq-test-hivemq-platform] [hivemq-platform-operator] [1b036211] 13:56:56.438 [pool-6-thread-17] DEBUG c.h.p.o.d.PodServiceAccountResource - [helmmqtt] Desired PodServiceAccountResource (serviceAccountName: hivemq-platform-pod-test-hivemq-platform)
2025-01-29 13:56:56,445 INFO c.h.h.t.HelmChartContainer - [K3S] [alloc.go:330] "allocated clusterIPs" service="helmmqttit/hivemq-test-hivemq-platform-metrics-9399" clusterIPs={"IPv4":"10.43.180.54"}
2025-01-29 13:56:56,529 INFO c.h.h.t.HelmChartContainer - [hivemq-test-hivemq-platform] [hivemq-platform-operator] [1b036211] 13:56:56.526 [pool-6-thread-13] DEBUG c.h.p.o.dependants.PodInfoConfigMap - [helmmqtt] Update PodInfo ConfigMap
2025-01-29 13:56:56,546 INFO c.h.h.t.HelmChartContainer - [K3S] [alloc.go:330] "allocated clusterIPs" service="helmmqttit/hivemq-test-hivemq-platform-mqtt-1884" clusterIPs={"IPv4":"10.43.69.217"}
2025-01-29 13:56:56,627 INFO c.h.h.t.HelmChartContainer - [hivemq-test-hivemq-platform] [hivemq-platform-operator] [1b036211] 13:56:56.625 [pool-6-thread-20] DEBUG c.h.p.o.d.StatefulSetResource - [helmmqtt] Desired StatefulSet (1 replicas) for status STARTING (READY)
2025-01-29 13:56:56,642 INFO c.h.h.t.HelmChartContainer - [hivemq-test-hivemq-platform] [hivemq-platform-operator] [1b036211] 13:56:56.641 [pool-6-thread-20] DEBUG c.h.p.o.d.StatefulSetResource - [helmmqtt] Create StatefulSet
2025-01-29 13:56:56,743 INFO c.h.h.t.HelmChartContainer - [hivemq-test-hivemq-platform] [hivemq-platform-operator] [1b036211] 13:56:56.741 [ReconcilerExecutor-hivemq-controller-64] INFO  c.h.p.o.HiveMQPlatformReconciler - [helmmqtt] Reconciling HiveMQ Platform 'test-hivemq-platform' in namespace 'helmmqttit'
2025-01-29 13:56:56,744 INFO c.h.h.t.HelmChartContainer - [hivemq-test-hivemq-platform] [hivemq-platform-operator] [1b036211] 13:56:56.741 [ReconcilerExecutor-hivemq-controller-64] DEBUG c.h.p.o.HiveMQPlatformReconciler - [helmmqtt] Custom Resource Status STARTING - HiveMQ Platform is starting (READY)
2025-01-29 13:56:56,744 INFO c.h.h.t.HelmChartContainer - [hivemq-test-hivemq-platform] [hivemq-platform-operator] [1b036211] 13:56:56.741 [ReconcilerExecutor-hivemq-controller-64] DEBUG c.h.p.o.HiveMQPlatformReconciler - [helmmqtt] Custom Resource Spec (replicas: 1) (extensions: 1)
2025-01-29 13:56:56,745 INFO c.h.h.t.HelmChartContainer - [hivemq-test-hivemq-platform] [hivemq-platform-operator] [1b036211] 13:56:56.743 [ReconcilerExecutor-hivemq-controller-64] DEBUG c.h.p.o.HiveMQPlatformReconciler - [helmmqtt] StatefulSet Status (revision: null, replicas: 0, available: 0, ready: 0, current: 0, updated: 0)
2025-01-29 13:56:56,746 INFO c.h.h.t.HelmChartContainer - [hivemq-test-hivemq-platform] [hivemq-platform-operator] [1b036211] 13:56:56.744 [ReconcilerExecutor-hivemq-controller-64] DEBUG c.h.p.o.HiveMQPlatformReconciler - [helmmqtt] StatefulSet Spec (replicas: 1, init containers: 1, containers: 1, volumes: 3)
2025-01-29 13:56:56,752 INFO c.h.h.t.HelmChartContainer - [POD] test-hivemq-platform-0 [8e15ac09-b117-4ff5-a874-d86547c58a33] in helmmqttit was ADDED
2025-01-29 13:56:56,754 INFO c.h.h.t.HelmChartContainer - [EVENT] Normal [SuccessfulCreate] create Pod test-hivemq-platform-0 in StatefulSet test-hivemq-platform successful [helmmqttit:test-hivemq-platform]
2025-01-29 13:56:56,763 INFO c.h.h.t.HelmChartContainer - [POD] test-hivemq-platform-0 [8e15ac09-b117-4ff5-a874-d86547c58a33] in helmmqttit was MODIFIED
2025-01-29 13:56:56,767 INFO c.h.h.t.HelmChartContainer - [EVENT] Normal [Scheduled] Successfully assigned helmmqttit/test-hivemq-platform-0 to b2f104d21a5d [helmmqttit:test-hivemq-platform-0]
2025-01-29 13:56:56,787 INFO c.h.h.t.HelmChartContainer - [POD] test-hivemq-platform-0 [8e15ac09-b117-4ff5-a874-d86547c58a33] in helmmqttit was MODIFIED
2025-01-29 13:56:56,834 INFO c.h.h.t.HelmChartContainer - [K3S] [reconciler_common.go:251] "operationExecutor.VerifyControllerAttachedVolume started for volume \"operator-init\" (UniqueName: \"kubernetes.io/empty-dir/8e15ac09-b117-4ff5-a874-d86547c58a33-operator-init\") pod \"test-hivemq-platform-0\" (UID: \"8e15ac09-b117-4ff5-a874-d86547c58a33\") " pod="helmmqttit/test-hivemq-platform-0"
2025-01-29 13:56:56,834 INFO c.h.h.t.HelmChartContainer - [hivemq-test-hivemq-platform] [hivemq-platform-operator] [1b036211] 13:56:56.833 [ReconcilerExecutor-hivemq-controller-64] INFO  c.h.p.o.h.HiveMQPlatformReconcilerBaseHandler - [helmmqtt] HiveMQ Platform is starting, 0 of 1 replicas are ready
2025-01-29 13:56:56,836 INFO c.h.h.t.HelmChartContainer - [K3S] [reconciler_common.go:251] "operationExecutor.VerifyControllerAttachedVolume started for volume \"kube-api-access-78nbh\" (UniqueName: \"kubernetes.io/projected/8e15ac09-b117-4ff5-a874-d86547c58a33-kube-api-access-78nbh\") pod \"test-hivemq-platform-0\" (UID: \"8e15ac09-b117-4ff5-a874-d86547c58a33\") " pod="helmmqttit/test-hivemq-platform-0"
2025-01-29 13:56:56,836 INFO c.h.h.t.HelmChartContainer - [K3S] [reconciler_common.go:251] "operationExecutor.VerifyControllerAttachedVolume started for volume \"pod-info\" (UniqueName: \"kubernetes.io/configmap/8e15ac09-b117-4ff5-a874-d86547c58a33-pod-info\") pod \"test-hivemq-platform-0\" (UID: \"8e15ac09-b117-4ff5-a874-d86547c58a33\") " pod="helmmqttit/test-hivemq-platform-0"
2025-01-29 13:56:56,836 INFO c.h.h.t.HelmChartContainer - [K3S] [reconciler_common.go:251] "operationExecutor.VerifyControllerAttachedVolume started for volume \"broker-configuration\" (UniqueName: \"kubernetes.io/configmap/8e15ac09-b117-4ff5-a874-d86547c58a33-broker-configuration\") pod \"test-hivemq-platform-0\" (UID: \"8e15ac09-b117-4ff5-a874-d86547c58a33\") " pod="helmmqttit/test-hivemq-platform-0"
2025-01-29 13:56:56,851 INFO c.h.h.t.HelmChartContainer - [hivemq-test-hivemq-platform] [hivemq-platform-operator] [1b036211] 13:56:56.849 [pool-6-thread-22] DEBUG c.h.p.o.d.PlatformServiceResource - [helmmqtt] Desired Platform services (2 services)
2025-01-29 13:56:56,855 INFO c.h.h.t.HelmChartContainer - [hivemq-test-hivemq-platform] [hivemq-platform-operator] [1b036211] 13:56:56.854 [pool-6-thread-23] DEBUG c.h.p.o.dependants.PodInfoConfigMap - [helmmqtt] Desired PodInfo ConfigMap (1 extensions) (1 enabled)
2025-01-29 13:56:56,857 INFO c.h.h.t.HelmChartContainer - [hivemq-test-hivemq-platform] [hivemq-platform-operator] [1b036211] 13:56:56.855 [pool-6-thread-23] DEBUG c.h.p.o.dependants.PodInfoConfigMap - [helmmqtt] Desired PodInfo ConfigMap (metrics port: 9399) (metrics path: /)
2025-01-29 13:56:56,858 INFO c.h.h.t.HelmChartContainer - [hivemq-test-hivemq-platform] [hivemq-platform-operator] [1b036211] 13:56:56.856 [pool-6-thread-23] DEBUG c.h.p.o.dependants.PodInfoConfigMap - [helmmqtt] Desired PodInfo ConfigMap (extension state hash: -1817474005)
2025-01-29 13:56:56,926 INFO c.h.h.t.HelmChartContainer - [hivemq-test-hivemq-platform] [hivemq-platform-operator] [1b036211] 13:56:56.924 [pool-6-thread-27] DEBUG c.h.p.o.d.PodServiceAccountResource - [helmmqtt] Desired PodServiceAccountResource (serviceAccountName: hivemq-platform-pod-test-hivemq-platform)
2025-01-29 13:56:56,935 INFO c.h.h.t.HelmChartContainer - [hivemq-test-hivemq-platform] [hivemq-platform-operator] [1b036211] 13:56:56.935 [pool-6-thread-30] DEBUG c.h.p.o.d.StatefulSetResource - [helmmqtt] Desired StatefulSet (1 replicas) for status STARTING (READY)
2025-01-29 13:56:57,025 INFO c.h.h.t.HelmChartContainer - [hivemq-test-hivemq-platform] [hivemq-platform-operator] [1b036211] 13:56:57.023 [ReconcilerExecutor-hivemq-controller-75] INFO  c.h.p.o.HiveMQPlatformReconciler - [helmmqtt] Reconciling HiveMQ Platform 'test-hivemq-platform' in namespace 'helmmqttit'
2025-01-29 13:56:57,025 INFO c.h.h.t.HelmChartContainer - [hivemq-test-hivemq-platform] [hivemq-platform-operator] [1b036211] 13:56:57.023 [ReconcilerExecutor-hivemq-controller-75] DEBUG c.h.p.o.HiveMQPlatformReconciler - [helmmqtt] Custom Resource Status STARTING - HiveMQ Platform is starting (READY)
2025-01-29 13:56:57,025 INFO c.h.h.t.HelmChartContainer - [hivemq-test-hivemq-platform] [hivemq-platform-operator] [1b036211] 13:56:57.023 [ReconcilerExecutor-hivemq-controller-75] DEBUG c.h.p.o.HiveMQPlatformReconciler - [helmmqtt] Custom Resource Spec (replicas: 1) (extensions: 1)
2025-01-29 13:56:57,027 INFO c.h.h.t.HelmChartContainer - [hivemq-test-hivemq-platform] [hivemq-platform-operator] [1b036211] 13:56:57.026 [ReconcilerExecutor-hivemq-controller-75] DEBUG c.h.p.o.HiveMQPlatformReconciler - [helmmqtt] StatefulSet Status (revision: test-hivemq-platform-7bbc5894fb, replicas: 1, available: 0, ready: 0, current: 1, updated: 1)
2025-01-29 13:56:57,027 INFO c.h.h.t.HelmChartContainer - [hivemq-test-hivemq-platform] [hivemq-platform-operator] [1b036211] 13:56:57.026 [ReconcilerExecutor-hivemq-controller-75] DEBUG c.h.p.o.HiveMQPlatformReconciler - [helmmqtt] StatefulSet Spec (replicas: 1, init containers: 1, containers: 1, volumes: 3)
2025-01-29 13:56:57,050 INFO c.h.h.t.HelmChartContainer - [hivemq-test-hivemq-platform] [hivemq-platform-operator] [1b036211] 13:56:57.049 [ReconcilerExecutor-hivemq-controller-75] DEBUG c.h.p.o.h.HiveMQPlatformReconcilerErrorHandler - [helmmqtt] Pod 'test-hivemq-platform-0' phase Pending
2025-01-29 13:56:57,051 INFO c.h.h.t.HelmChartContainer - [hivemq-test-hivemq-platform] [hivemq-platform-operator] [1b036211] 13:56:57.050 [ReconcilerExecutor-hivemq-controller-75] DEBUG c.h.p.o.h.HiveMQPlatformReconcilerErrorHandler - [helmmqtt] Pod 'test-hivemq-platform-0' condition 'PodReadyToStartContainers': False
2025-01-29 13:56:57,051 INFO c.h.h.t.HelmChartContainer - [hivemq-test-hivemq-platform] [hivemq-platform-operator] [1b036211] 13:56:57.050 [ReconcilerExecutor-hivemq-controller-75] DEBUG c.h.p.o.h.HiveMQPlatformReconcilerErrorHandler - [helmmqtt] Pod 'test-hivemq-platform-0' condition 'Initialized': False
2025-01-29 13:56:57,051 INFO c.h.h.t.HelmChartContainer - [hivemq-test-hivemq-platform] [hivemq-platform-operator] [1b036211] 13:56:57.050 [ReconcilerExecutor-hivemq-controller-75] DEBUG c.h.p.o.h.HiveMQPlatformReconcilerErrorHandler - [helmmqtt] Pod 'test-hivemq-platform-0' condition 'Ready': False
2025-01-29 13:56:57,051 INFO c.h.h.t.HelmChartContainer - [hivemq-test-hivemq-platform] [hivemq-platform-operator] [1b036211] 13:56:57.050 [ReconcilerExecutor-hivemq-controller-75] DEBUG c.h.p.o.h.HiveMQPlatformReconcilerErrorHandler - [helmmqtt] Pod 'test-hivemq-platform-0' condition 'ContainersReady': False
2025-01-29 13:56:57,051 INFO c.h.h.t.HelmChartContainer - [hivemq-test-hivemq-platform] [hivemq-platform-operator] [1b036211] 13:56:57.050 [ReconcilerExecutor-hivemq-controller-75] DEBUG c.h.p.o.h.HiveMQPlatformReconcilerErrorHandler - [helmmqtt] Pod 'test-hivemq-platform-0' condition 'PodScheduled': True
2025-01-29 13:56:57,052 INFO c.h.h.t.HelmChartContainer - [hivemq-test-hivemq-platform] [hivemq-platform-operator] [1b036211] 13:56:57.050 [ReconcilerExecutor-hivemq-controller-75] DEBUG c.h.p.o.h.HiveMQPlatformReconcilerErrorHandler - [helmmqtt] Pod 'test-hivemq-platform-0' containerStatus 'hivemq' (started: false) (ready: false) (waiting: [PodInitializing] null)
2025-01-29 13:56:57,127 INFO c.h.h.t.HelmChartContainer - [hivemq-test-hivemq-platform] [hivemq-platform-operator] [1b036211] 13:56:57.124 [ReconcilerExecutor-hivemq-controller-75] INFO  c.h.p.o.h.HiveMQPlatformReconcilerBaseHandler - [helmmqtt] HiveMQ Platform is starting, 0 of 1 replicas are ready
2025-01-29 13:56:57,133 INFO c.h.h.t.HelmChartContainer - [hivemq-test-hivemq-platform] [hivemq-platform-operator] [1b036211] 13:56:57.132 [pool-6-thread-32] DEBUG c.h.p.o.d.PlatformServiceResource - [helmmqtt] Desired Platform services (2 services)
2025-01-29 13:56:57,148 INFO c.h.h.t.HelmChartContainer - [hivemq-test-hivemq-platform] [hivemq-platform-operator] [1b036211] 13:56:57.146 [pool-6-thread-37] DEBUG c.h.p.o.d.PodServiceAccountResource - [helmmqtt] Desired PodServiceAccountResource (serviceAccountName: hivemq-platform-pod-test-hivemq-platform)
2025-01-29 13:56:57,150 INFO c.h.h.t.HelmChartContainer - [hivemq-test-hivemq-platform] [hivemq-platform-operator] [1b036211] 13:56:57.149 [pool-6-thread-33] DEBUG c.h.p.o.dependants.PodInfoConfigMap - [helmmqtt] Desired PodInfo ConfigMap (1 extensions) (1 enabled)
2025-01-29 13:56:57,150 INFO c.h.h.t.HelmChartContainer - [hivemq-test-hivemq-platform] [hivemq-platform-operator] [1b036211] 13:56:57.149 [pool-6-thread-33] DEBUG c.h.p.o.dependants.PodInfoConfigMap - [helmmqtt] Desired PodInfo ConfigMap (metrics port: 9399) (metrics path: /)
2025-01-29 13:56:57,150 INFO c.h.h.t.HelmChartContainer - [hivemq-test-hivemq-platform] [hivemq-platform-operator] [1b036211] 13:56:57.149 [pool-6-thread-33] DEBUG c.h.p.o.dependants.PodInfoConfigMap - [helmmqtt] Desired PodInfo ConfigMap (extension state hash: -1817474005)
2025-01-29 13:56:57,157 INFO c.h.h.t.HelmChartContainer - [EVENT] Normal [Pulled] Container image "docker.io/hivemq/hivemq-platform-operator-init-test:snapshot" already present on machine [helmmqttit:test-hivemq-platform-0]
2025-01-29 13:56:57,229 INFO c.h.h.t.HelmChartContainer - [hivemq-test-hivemq-platform] [hivemq-platform-operator] [1b036211] 13:56:57.228 [pool-6-thread-40] DEBUG c.h.p.o.d.StatefulSetResource - [helmmqtt] Desired StatefulSet (1 replicas) for status STARTING (READY)
2025-01-29 13:56:57,237 INFO c.h.h.t.HelmChartContainer - [hivemq-test-hivemq-platform] [hivemq-platform-operator] [1b036211] 13:56:57.234 [ReconcilerExecutor-hivemq-controller-86] INFO  c.h.p.o.HiveMQPlatformReconciler - [helmmqtt] Reconciling HiveMQ Platform 'test-hivemq-platform' in namespace 'helmmqttit'
2025-01-29 13:56:57,237 INFO c.h.h.t.HelmChartContainer - [hivemq-test-hivemq-platform] [hivemq-platform-operator] [1b036211] 13:56:57.234 [ReconcilerExecutor-hivemq-controller-86] DEBUG c.h.p.o.HiveMQPlatformReconciler - [helmmqtt] Custom Resource Status STARTING - HiveMQ Platform is starting (READY)
2025-01-29 13:56:57,237 INFO c.h.h.t.HelmChartContainer - [hivemq-test-hivemq-platform] [hivemq-platform-operator] [1b036211] 13:56:57.234 [ReconcilerExecutor-hivemq-controller-86] DEBUG c.h.p.o.HiveMQPlatformReconciler - [helmmqtt] Custom Resource Spec (replicas: 1) (extensions: 1)
2025-01-29 13:56:57,250 INFO c.h.h.t.HelmChartContainer - [hivemq-test-hivemq-platform] [hivemq-platform-operator] [1b036211] 13:56:57.245 [ReconcilerExecutor-hivemq-controller-86] DEBUG c.h.p.o.HiveMQPlatformReconciler - [helmmqtt] StatefulSet Status (revision: test-hivemq-platform-7bbc5894fb, replicas: 1, available: 0, ready: 0, current: 1, updated: 1)
2025-01-29 13:56:57,250 INFO c.h.h.t.HelmChartContainer - [hivemq-test-hivemq-platform] [hivemq-platform-operator] [1b036211] 13:56:57.246 [ReconcilerExecutor-hivemq-controller-86] DEBUG c.h.p.o.HiveMQPlatformReconciler - [helmmqtt] StatefulSet Spec (replicas: 1, init containers: 1, containers: 1, volumes: 3)
2025-01-29 13:56:57,297 INFO c.h.h.t.HelmChartContainer - [EVENT] Normal [Created] Created container: hivemq-platform-operator-init [helmmqttit:test-hivemq-platform-0]
2025-01-29 13:56:57,326 INFO c.h.h.t.HelmChartContainer - [hivemq-test-hivemq-platform] [hivemq-platform-operator] [1b036211] 13:56:57.250 [ReconcilerExecutor-hivemq-controller-86] DEBUG c.h.p.o.h.HiveMQPlatformReconcilerErrorHandler - [helmmqtt] Pod 'test-hivemq-platform-0' phase Pending
2025-01-29 13:56:57,326 INFO c.h.h.t.HelmChartContainer - [hivemq-test-hivemq-platform] [hivemq-platform-operator] [1b036211] 13:56:57.323 [ReconcilerExecutor-hivemq-controller-86] DEBUG c.h.p.o.h.HiveMQPlatformReconcilerErrorHandler - [helmmqtt] Pod 'test-hivemq-platform-0' condition 'PodReadyToStartContainers': False
2025-01-29 13:56:57,326 INFO c.h.h.t.HelmChartContainer - [hivemq-test-hivemq-platform] [hivemq-platform-operator] [1b036211] 13:56:57.323 [ReconcilerExecutor-hivemq-controller-86] DEBUG c.h.p.o.h.HiveMQPlatformReconcilerErrorHandler - [helmmqtt] Pod 'test-hivemq-platform-0' condition 'Initialized': False
2025-01-29 13:56:57,326 INFO c.h.h.t.HelmChartContainer - [hivemq-test-hivemq-platform] [hivemq-platform-operator] [1b036211] 13:56:57.323 [ReconcilerExecutor-hivemq-controller-86] DEBUG c.h.p.o.h.HiveMQPlatformReconcilerErrorHandler - [helmmqtt] Pod 'test-hivemq-platform-0' condition 'Ready': False
2025-01-29 13:56:57,326 INFO c.h.h.t.HelmChartContainer - [hivemq-test-hivemq-platform] [hivemq-platform-operator] [1b036211] 13:56:57.323 [ReconcilerExecutor-hivemq-controller-86] DEBUG c.h.p.o.h.HiveMQPlatformReconcilerErrorHandler - [helmmqtt] Pod 'test-hivemq-platform-0' condition 'ContainersReady': False
2025-01-29 13:56:57,326 INFO c.h.h.t.HelmChartContainer - [hivemq-test-hivemq-platform] [hivemq-platform-operator] [1b036211] 13:56:57.323 [ReconcilerExecutor-hivemq-controller-86] DEBUG c.h.p.o.h.HiveMQPlatformReconcilerErrorHandler - [helmmqtt] Pod 'test-hivemq-platform-0' condition 'PodScheduled': True
2025-01-29 13:56:57,326 INFO c.h.h.t.HelmChartContainer - [hivemq-test-hivemq-platform] [hivemq-platform-operator] [1b036211] 13:56:57.323 [ReconcilerExecutor-hivemq-controller-86] DEBUG c.h.p.o.h.HiveMQPlatformReconcilerErrorHandler - [helmmqtt] Pod 'test-hivemq-platform-0' containerStatus 'hivemq' (started: false) (ready: false) (waiting: [PodInitializing] null)
2025-01-29 13:56:57,326 INFO c.h.h.t.HelmChartContainer - [hivemq-test-hivemq-platform] [hivemq-platform-operator] [1b036211] 13:56:57.324 [ReconcilerExecutor-hivemq-controller-86] INFO  c.h.p.o.h.HiveMQPlatformReconcilerBaseHandler - [helmmqtt] HiveMQ Platform is starting, 0 of 1 replicas are ready
2025-01-29 13:56:57,340 INFO c.h.h.t.HelmChartContainer - [EVENT] Normal [Started] Started container hivemq-platform-operator-init [helmmqttit:test-hivemq-platform-0]
2025-01-29 13:56:57,470 INFO c.h.h.t.HelmChartContainer - [EVENT] Normal [Pulled] Container image "docker.io/hivemq/hivemq4:4.36.0" already present on machine [helmmqttit:test-hivemq-platform-0]
2025-01-29 13:56:57,470 INFO c.h.h.t.HelmChartContainer - Received Pulled event for container hivemq in pod test-hivemq-platform-0 [8e15ac09-b117-4ff5-a874-d86547c58a33]
2025-01-29 13:56:57,476 INFO c.h.h.t.HelmChartContainer - [POD] test-hivemq-platform-0 [8e15ac09-b117-4ff5-a874-d86547c58a33] in helmmqttit was MODIFIED
2025-01-29 13:56:57,496 INFO c.h.h.t.HelmChartContainer - [hivemq-test-hivemq-platform] [hivemq-platform-operator] [1b036211] 13:56:57.494 [pool-6-thread-42] DEBUG c.h.p.o.d.PlatformServiceResource - [helmmqtt] Desired Platform services (2 services)
2025-01-29 13:56:57,498 INFO c.h.h.t.HelmChartContainer - [hivemq-test-hivemq-platform] [hivemq-platform-operator] [1b036211] 13:56:57.494 [pool-6-thread-43] DEBUG c.h.p.o.dependants.PodInfoConfigMap - [helmmqtt] Desired PodInfo ConfigMap (1 extensions) (1 enabled)
2025-01-29 13:56:57,498 INFO c.h.h.t.HelmChartContainer - [hivemq-test-hivemq-platform] [hivemq-platform-operator] [1b036211] 13:56:57.494 [pool-6-thread-43] DEBUG c.h.p.o.dependants.PodInfoConfigMap - [helmmqtt] Desired PodInfo ConfigMap (metrics port: 9399) (metrics path: /)
2025-01-29 13:56:57,498 INFO c.h.h.t.HelmChartContainer - [hivemq-test-hivemq-platform] [hivemq-platform-operator] [1b036211] 13:56:57.495 [pool-6-thread-43] DEBUG c.h.p.o.dependants.PodInfoConfigMap - [helmmqtt] Desired PodInfo ConfigMap (extension state hash: -1817474005)
2025-01-29 13:56:57,504 INFO c.h.h.t.HelmChartContainer - [hivemq-test-hivemq-platform] [hivemq-platform-operator] [1b036211] 13:56:57.503 [pool-6-thread-47] DEBUG c.h.p.o.d.PodServiceAccountResource - [helmmqtt] Desired PodServiceAccountResource (serviceAccountName: hivemq-platform-pod-test-hivemq-platform)
2025-01-29 13:56:57,514 INFO c.h.h.t.HelmChartContainer - [hivemq-test-hivemq-platform] [hivemq-platform-operator] [1b036211] 13:56:57.512 [pool-6-thread-50] DEBUG c.h.p.o.d.StatefulSetResource - [helmmqtt] Desired StatefulSet (1 replicas) for status STARTING (READY)
2025-01-29 13:56:57,547 INFO c.h.h.t.HelmChartContainer - [hivemq-test-hivemq-platform] [hivemq-platform-operator] [1b036211] 13:56:57.545 [ReconcilerExecutor-hivemq-controller-97] INFO  c.h.p.o.HiveMQPlatformReconciler - [helmmqtt] Reconciling HiveMQ Platform 'test-hivemq-platform' in namespace 'helmmqttit'
2025-01-29 13:56:57,549 INFO c.h.h.t.HelmChartContainer - [hivemq-test-hivemq-platform] [hivemq-platform-operator] [1b036211] 13:56:57.546 [ReconcilerExecutor-hivemq-controller-97] DEBUG c.h.p.o.HiveMQPlatformReconciler - [helmmqtt] Custom Resource Status STARTING - HiveMQ Platform is starting (READY)
2025-01-29 13:56:57,551 INFO c.h.h.t.HelmChartContainer - [hivemq-test-hivemq-platform] [hivemq-platform-operator] [1b036211] 13:56:57.546 [ReconcilerExecutor-hivemq-controller-97] DEBUG c.h.p.o.HiveMQPlatformReconciler - [helmmqtt] Custom Resource Spec (replicas: 1) (extensions: 1)
2025-01-29 13:56:57,551 INFO c.h.h.t.HelmChartContainer - [hivemq-test-hivemq-platform] [hivemq-platform-operator] [1b036211] 13:56:57.549 [ReconcilerExecutor-hivemq-controller-97] DEBUG c.h.p.o.HiveMQPlatformReconciler - [helmmqtt] StatefulSet Status (revision: test-hivemq-platform-7bbc5894fb, replicas: 1, available: 0, ready: 0, current: 1, updated: 1)
2025-01-29 13:56:57,551 INFO c.h.h.t.HelmChartContainer - [hivemq-test-hivemq-platform] [hivemq-platform-operator] [1b036211] 13:56:57.549 [ReconcilerExecutor-hivemq-controller-97] DEBUG c.h.p.o.HiveMQPlatformReconciler - [helmmqtt] StatefulSet Spec (replicas: 1, init containers: 1, containers: 1, volumes: 3)
2025-01-29 13:56:57,555 INFO c.h.h.t.HelmChartContainer - [hivemq-test-hivemq-platform] [hivemq-platform-operator] [1b036211] 13:56:57.552 [ReconcilerExecutor-hivemq-controller-97] DEBUG c.h.p.o.h.HiveMQPlatformReconcilerErrorHandler - [helmmqtt] Pod 'test-hivemq-platform-0' phase Pending
2025-01-29 13:56:57,556 INFO c.h.h.t.HelmChartContainer - [hivemq-test-hivemq-platform] [hivemq-platform-operator] [1b036211] 13:56:57.552 [ReconcilerExecutor-hivemq-controller-97] DEBUG c.h.p.o.h.HiveMQPlatformReconcilerErrorHandler - [helmmqtt] Pod 'test-hivemq-platform-0' condition 'PodReadyToStartContainers': True
2025-01-29 13:56:57,556 INFO c.h.h.t.HelmChartContainer - [hivemq-test-hivemq-platform] [hivemq-platform-operator] [1b036211] 13:56:57.552 [ReconcilerExecutor-hivemq-controller-97] DEBUG c.h.p.o.h.HiveMQPlatformReconcilerErrorHandler - [helmmqtt] Pod 'test-hivemq-platform-0' condition 'Initialized': True
2025-01-29 13:56:57,556 INFO c.h.h.t.HelmChartContainer - [hivemq-test-hivemq-platform] [hivemq-platform-operator] [1b036211] 13:56:57.553 [ReconcilerExecutor-hivemq-controller-97] DEBUG c.h.p.o.h.HiveMQPlatformReconcilerErrorHandler - [helmmqtt] Pod 'test-hivemq-platform-0' condition 'Ready': False
2025-01-29 13:56:57,556 INFO c.h.h.t.HelmChartContainer - [hivemq-test-hivemq-platform] [hivemq-platform-operator] [1b036211] 13:56:57.553 [ReconcilerExecutor-hivemq-controller-97] DEBUG c.h.p.o.h.HiveMQPlatformReconcilerErrorHandler - [helmmqtt] Pod 'test-hivemq-platform-0' condition 'ContainersReady': False
2025-01-29 13:56:57,556 INFO c.h.h.t.HelmChartContainer - [hivemq-test-hivemq-platform] [hivemq-platform-operator] [1b036211] 13:56:57.553 [ReconcilerExecutor-hivemq-controller-97] DEBUG c.h.p.o.h.HiveMQPlatformReconcilerErrorHandler - [helmmqtt] Pod 'test-hivemq-platform-0' condition 'PodScheduled': True
2025-01-29 13:56:57,556 INFO c.h.h.t.HelmChartContainer - [hivemq-test-hivemq-platform] [hivemq-platform-operator] [1b036211] 13:56:57.553 [ReconcilerExecutor-hivemq-controller-97] DEBUG c.h.p.o.h.HiveMQPlatformReconcilerErrorHandler - [helmmqtt] Pod 'test-hivemq-platform-0' containerStatus 'hivemq' (started: false) (ready: false) (waiting: [PodInitializing] null)
2025-01-29 13:56:57,556 INFO c.h.h.t.HelmChartContainer - [hivemq-test-hivemq-platform] [hivemq-platform-operator] [1b036211] 13:56:57.554 [ReconcilerExecutor-hivemq-controller-97] INFO  c.h.p.o.h.HiveMQPlatformReconcilerBaseHandler - [helmmqtt] HiveMQ Platform is starting, 0 of 1 replicas are ready
2025-01-29 13:56:58,976 INFO c.h.h.t.HelmChartContainer - [EVENT] Normal [Created] Created container: hivemq [helmmqttit:test-hivemq-platform-0]
2025-01-29 13:56:58,977 INFO c.h.h.t.HelmChartContainer - Received Created event for container hivemq in pod test-hivemq-platform-0 [8e15ac09-b117-4ff5-a874-d86547c58a33]
2025-01-29 13:56:59,479 INFO c.h.h.t.HelmChartContainer - [POD] test-hivemq-platform-0 [8e15ac09-b117-4ff5-a874-d86547c58a33] in helmmqttit was MODIFIED
2025-01-29 13:56:59,490 INFO c.h.h.t.HelmChartContainer - [EVENT] Normal [Started] Started container hivemq [helmmqttit:test-hivemq-platform-0]
2025-01-29 13:56:59,491 INFO c.h.h.t.HelmChartContainer - Received Started event for container hivemq in pod test-hivemq-platform-0 [8e15ac09-b117-4ff5-a874-d86547c58a33]
2025-01-29 13:56:59,491 INFO c.h.h.t.HelmChartContainer - Started log watcher for hivemq in pod test-hivemq-platform-0 [8e15ac09-b117-4ff5-a874-d86547c58a33]
2025-01-29 13:56:59,493 INFO c.h.h.t.HelmChartContainer - [hivemq-test-hivemq-platform] [hivemq-platform-operator] [1b036211] 13:56:59.490 [pool-6-thread-8] DEBUG c.h.p.o.d.PlatformServiceResource - [helmmqtt] Desired Platform services (2 services)
2025-01-29 13:56:59,493 INFO c.h.h.t.HelmChartContainer - [test-hivemq-platform] [hivemq] [8e15ac09] Adding pre-installed HiveMQ Platform Operator extensions
2025-01-29 13:56:59,493 INFO c.h.h.t.HelmChartContainer - [test-hivemq-platform] [hivemq] [8e15ac09] Running as user 10000
2025-01-29 13:56:59,493 INFO c.h.h.t.HelmChartContainer - [test-hivemq-platform] [hivemq] [8e15ac09] Starting HiveMQ Platform Operator Init
2025-01-29 13:56:59,503 INFO c.h.h.t.HelmChartContainer - [hivemq-test-hivemq-platform] [hivemq-platform-operator] [1b036211] 13:56:59.498 [pool-6-thread-9] DEBUG c.h.p.o.dependants.PodInfoConfigMap - [helmmqtt] Desired PodInfo ConfigMap (1 extensions) (1 enabled)
2025-01-29 13:56:59,503 INFO c.h.h.t.HelmChartContainer - [hivemq-test-hivemq-platform] [hivemq-platform-operator] [1b036211] 13:56:59.498 [pool-6-thread-9] DEBUG c.h.p.o.dependants.PodInfoConfigMap - [helmmqtt] Desired PodInfo ConfigMap (metrics port: 9399) (metrics path: /)
2025-01-29 13:56:59,503 INFO c.h.h.t.HelmChartContainer - [hivemq-test-hivemq-platform] [hivemq-platform-operator] [1b036211] 13:56:59.498 [pool-6-thread-9] DEBUG c.h.p.o.dependants.PodInfoConfigMap - [helmmqtt] Desired PodInfo ConfigMap (extension state hash: -1817474005)
2025-01-29 13:56:59,503 INFO c.h.h.t.HelmChartContainer - [hivemq-test-hivemq-platform] [hivemq-platform-operator] [1b036211] 13:56:59.499 [pool-6-thread-6] DEBUG c.h.p.o.d.PodServiceAccountResource - [helmmqtt] Desired PodServiceAccountResource (serviceAccountName: hivemq-platform-pod-test-hivemq-platform)
2025-01-29 13:56:59,547 INFO c.h.h.t.HelmChartContainer - [hivemq-test-hivemq-platform] [hivemq-platform-operator] [1b036211] 13:56:59.546 [pool-6-thread-8] DEBUG c.h.p.o.d.StatefulSetResource - [helmmqtt] Desired StatefulSet (1 replicas) for status STARTING (READY)
2025-01-29 13:56:59,552 INFO c.h.h.t.HelmChartContainer - [hivemq-test-hivemq-platform] [hivemq-platform-operator] [1b036211] 13:56:59.550 [ReconcilerExecutor-hivemq-controller-108] INFO  c.h.p.o.HiveMQPlatformReconciler - [helmmqtt] Reconciling HiveMQ Platform 'test-hivemq-platform' in namespace 'helmmqttit'
2025-01-29 13:56:59,553 INFO c.h.h.t.HelmChartContainer - [hivemq-test-hivemq-platform] [hivemq-platform-operator] [1b036211] 13:56:59.550 [ReconcilerExecutor-hivemq-controller-108] DEBUG c.h.p.o.HiveMQPlatformReconciler - [helmmqtt] Custom Resource Status STARTING - HiveMQ Platform is starting (READY)
2025-01-29 13:56:59,553 INFO c.h.h.t.HelmChartContainer - [hivemq-test-hivemq-platform] [hivemq-platform-operator] [1b036211] 13:56:59.551 [ReconcilerExecutor-hivemq-controller-108] DEBUG c.h.p.o.HiveMQPlatformReconciler - [helmmqtt] Custom Resource Spec (replicas: 1) (extensions: 1)
2025-01-29 13:56:59,556 INFO c.h.h.t.HelmChartContainer - [hivemq-test-hivemq-platform] [hivemq-platform-operator] [1b036211] 13:56:59.554 [ReconcilerExecutor-hivemq-controller-108] DEBUG c.h.p.o.HiveMQPlatformReconciler - [helmmqtt] StatefulSet Status (revision: test-hivemq-platform-7bbc5894fb, replicas: 1, available: 0, ready: 0, current: 1, updated: 1)
2025-01-29 13:56:59,556 INFO c.h.h.t.HelmChartContainer - [hivemq-test-hivemq-platform] [hivemq-platform-operator] [1b036211] 13:56:59.554 [ReconcilerExecutor-hivemq-controller-108] DEBUG c.h.p.o.HiveMQPlatformReconciler - [helmmqtt] StatefulSet Spec (replicas: 1, init containers: 1, containers: 1, volumes: 3)
2025-01-29 13:56:59,557 INFO c.h.h.t.HelmChartContainer - [hivemq-test-hivemq-platform] [hivemq-platform-operator] [1b036211] 13:56:59.556 [ReconcilerExecutor-hivemq-controller-108] DEBUG c.h.p.o.h.HiveMQPlatformReconcilerErrorHandler - [helmmqtt] Pod 'test-hivemq-platform-0' phase Running
2025-01-29 13:56:59,558 INFO c.h.h.t.HelmChartContainer - [hivemq-test-hivemq-platform] [hivemq-platform-operator] [1b036211] 13:56:59.558 [ReconcilerExecutor-hivemq-controller-108] INFO  c.h.p.o.h.HiveMQPlatformReconcilerBaseHandler - [helmmqtt] HiveMQ Platform is starting, 0 of 1 replicas are ready
2025-01-29 13:57:00,223 INFO c.h.h.t.HelmChartContainer - [test-hivemq-platform] [hivemq] [8e15ac09] INFO  - [HiveMQ Platform Operator Init 1.7.0-SNAPSHOT] HiveMQ Platform Operator Init 1.7.0-SNAPSHOT (commit: bebf408 on branch: HEAD) built on Sun Jan 26 20:47:47 UTC 2025
2025-01-29 13:57:01,416 INFO c.h.h.t.HelmChartContainer - [test-hivemq-platform] [hivemq] [8e15ac09] INFO  - [HiveMQ Platform Operator Init App 1.7.0-SNAPSHOT] Using bind address 10.42.0.8 from environment variable
2025-01-29 13:57:02,339 INFO c.h.h.t.HelmChartContainer - [test-hivemq-platform] [hivemq] [8e15ac09] INFO  - [HiveMQ Platform Operator Init App 1.7.0-SNAPSHOT] HiveMQ Platform Operator Init App 1.7.0-SNAPSHOT (commit: bebf408 on branch: HEAD) built on Sun Jan 26 20:47:47 UTC 2025
2025-01-29 13:57:02,339 INFO c.h.h.t.HelmChartContainer - [test-hivemq-platform] [hivemq] [8e15ac09] INFO  - [HiveMQ Platform Operator Init App 1.7.0-SNAPSHOT] PodInfo ConfigMap directory: /etc/podinfo
2025-01-29 13:57:02,339 INFO c.h.h.t.HelmChartContainer - [test-hivemq-platform] [hivemq] [8e15ac09] INFO  - [HiveMQ Platform Operator Init App 1.7.0-SNAPSHOT] HiveMQ home directory: /opt/hivemq
2025-01-29 13:57:02,339 INFO c.h.h.t.HelmChartContainer - [test-hivemq-platform] [hivemq] [8e15ac09] INFO  - [HiveMQ Platform Operator Init App 1.7.0-SNAPSHOT] HiveMQ Logback folder: /opt/hivemq/conf
2025-01-29 13:57:02,339 INFO c.h.h.t.HelmChartContainer - [test-hivemq-platform] [hivemq] [8e15ac09] INFO  - [HiveMQ Platform Operator Init App 1.7.0-SNAPSHOT] HiveMQ Config folder: /opt/hivemq/conf-k8s
2025-01-29 13:57:02,379 INFO c.h.h.t.HelmChartContainer - [test-hivemq-platform] [hivemq] [8e15ac09] INFO  - [HiveMQ Platform Operator Init App 1.7.0-SNAPSHOT] Starting HiveMQ Platform Operator Init App
2025-01-29 13:57:02,379 INFO c.h.h.t.HelmChartContainer - [test-hivemq-platform] [hivemq] [8e15ac09] INFO  - [HiveMQ Platform Operator Init App 1.7.0-SNAPSHOT] Starting Pod reconciler
2025-01-29 13:57:03,623 INFO c.h.h.t.HelmChartContainer - [test-hivemq-platform] [hivemq] [8e15ac09] INFO  - [HiveMQ Platform Operator Init App 1.7.0-SNAPSHOT] Pod reconciler is scheduled (interval: 5000 ms)
2025-01-29 13:57:03,623 INFO c.h.h.t.HelmChartContainer - [test-hivemq-platform] [hivemq] [8e15ac09] INFO  - [HiveMQ Platform Operator Init App 1.7.0-SNAPSHOT] Starting the REST API on 10.42.0.8:7979
2025-01-29 13:57:03,625 INFO c.h.h.t.HelmChartContainer - [test-hivemq-platform] [hivemq] [8e15ac09] INFO  - [HiveMQ Platform Operator Init App 1.7.0-SNAPSHOT] Waiting up to 600s for at most 1 HiveMQ nodes in cluster service hivemq-test-hivemq-platform-cluster.helmmqttit.svc
2025-01-29 13:57:03,938 INFO c.h.h.t.HelmChartContainer - [test-hivemq-platform] [hivemq] [8e15ac09] INFO  - [HiveMQ Platform Operator Init App 1.7.0-SNAPSHOT] Resolved 1 IP addresses: [10.42.0.8]
2025-01-29 13:57:03,938 INFO c.h.h.t.HelmChartContainer - [test-hivemq-platform] [hivemq] [8e15ac09] INFO  - [HiveMQ Platform Operator Init App 1.7.0-SNAPSHOT] HiveMQ node count of 1 is within threshold of 1
2025-01-29 13:57:03,938 INFO c.h.h.t.HelmChartContainer - [test-hivemq-platform] [hivemq] [8e15ac09] INFO  - [HiveMQ Platform Operator Init App 1.7.0-SNAPSHOT] Proceeding with container start
2025-01-29 13:57:04,037 INFO c.h.h.t.HelmChartContainer - [test-hivemq-platform] [hivemq] [8e15ac09] INFO  - [HiveMQ Platform Operator Init App 1.7.0-SNAPSHOT] Initializing HiveMQ Platform extensions with initial configuration: {hivemq-allow-all-extension={start-priority=-1, skip-https-hostname-verification=false, restart=true, config-version=0, header-version=0, c-uri=, priority=-1, uri=preinstalled, skip-https-certificate-validation=false, enabled=true}, hivemq-prometheus-extension={enabled=true, restart=true, priority=-1, start-priority=-1, c-uri=, skip-https-hostname-verification=false, skip-https-certificate-validation=false, uri=preinstalled, request-header-path=no-request-headers}}
2025-01-29 13:57:04,524 INFO c.h.h.t.HelmChartContainer - [test-hivemq-platform] [hivemq] [8e15ac09] INFO  - [HiveMQ Platform Operator Init App 1.7.0-SNAPSHOT] Extension hivemq-allow-all-extension was already enabled
2025-01-29 13:57:04,535 INFO c.h.h.t.HelmChartContainer - [test-hivemq-platform] [hivemq] [8e15ac09] INFO  - [HiveMQ Platform Operator Init App 1.7.0-SNAPSHOT] Successfully enabled extension hivemq-prometheus-extension
2025-01-29 13:57:04,615 INFO c.h.h.t.HelmChartContainer - [test-hivemq-platform] [hivemq] [8e15ac09] INFO  - [HiveMQ Platform Operator Init App 1.7.0-SNAPSHOT] Starting HiveMQ Platform version 4.36.0 (4.36.0)
2025-01-29 13:57:04,615 INFO c.h.h.t.HelmChartContainer - [test-hivemq-platform] [hivemq] [8e15ac09] INFO  - [HiveMQ Platform Operator Init App 1.7.0-SNAPSHOT] Configuring the HiveMQ Platform
2025-01-29 13:57:04,627 INFO c.h.h.t.HelmChartContainer - [test-hivemq-platform] [hivemq] [8e15ac09] INFO  - [HiveMQ Platform Operator Init App 1.7.0-SNAPSHOT] Changed logback.xml file scan period to 20 seconds
2025-01-29 13:57:04,720 INFO c.h.h.t.HelmChartContainer - [test-hivemq-platform] [hivemq] [8e15ac09] INFO  - [HiveMQ Platform Operator Init App 1.7.0-SNAPSHOT] Starting the HiveMQ Platform
2025-01-29 13:57:04,723 INFO c.h.h.t.HelmChartContainer - [test-hivemq-platform] [hivemq] [8e15ac09] -------------------------------------------------------------------------
2025-01-29 13:57:04,723 INFO c.h.h.t.HelmChartContainer - [test-hivemq-platform] [hivemq] [8e15ac09] 
2025-01-29 13:57:04,723 INFO c.h.h.t.HelmChartContainer - [test-hivemq-platform] [hivemq] [8e15ac09]                   _    _  _              __  __   ____
2025-01-29 13:57:04,723 INFO c.h.h.t.HelmChartContainer - [test-hivemq-platform] [hivemq] [8e15ac09]                  | |  | |(_)            |  \/  | / __ \
2025-01-29 13:57:04,723 INFO c.h.h.t.HelmChartContainer - [test-hivemq-platform] [hivemq] [8e15ac09]                  | |__| | _ __   __ ___ | \  / || |  | |
2025-01-29 13:57:04,723 INFO c.h.h.t.HelmChartContainer - [test-hivemq-platform] [hivemq] [8e15ac09]                  |  __  || |\ \ / // _ \| |\/| || |  | |
2025-01-29 13:57:04,723 INFO c.h.h.t.HelmChartContainer - [test-hivemq-platform] [hivemq] [8e15ac09]                  | |  | || | \ V /|  __/| |  | || |__| |
2025-01-29 13:57:04,723 INFO c.h.h.t.HelmChartContainer - [test-hivemq-platform] [hivemq] [8e15ac09]                  |_|  |_||_|  \_/  \___||_|  |_| \___\_\
2025-01-29 13:57:04,723 INFO c.h.h.t.HelmChartContainer - [test-hivemq-platform] [hivemq] [8e15ac09] 
2025-01-29 13:57:04,723 INFO c.h.h.t.HelmChartContainer - [test-hivemq-platform] [hivemq] [8e15ac09] -------------------------------------------------------------------------
2025-01-29 13:57:04,723 INFO c.h.h.t.HelmChartContainer - [test-hivemq-platform] [hivemq] [8e15ac09] 
2025-01-29 13:57:04,723 INFO c.h.h.t.HelmChartContainer - [test-hivemq-platform] [hivemq] [8e15ac09]   HiveMQ Start Script for Linux/Unix v1.14
2025-01-29 13:57:04,723 INFO c.h.h.t.HelmChartContainer - [test-hivemq-platform] [hivemq] [8e15ac09] 
2025-01-29 13:57:04,823 INFO c.h.h.t.HelmChartContainer - [test-hivemq-platform] [hivemq] [8e15ac09] -------------------------------------------------------------------------
2025-01-29 13:57:04,823 INFO c.h.h.t.HelmChartContainer - [test-hivemq-platform] [hivemq] [8e15ac09] 
2025-01-29 13:57:04,823 INFO c.h.h.t.HelmChartContainer - [test-hivemq-platform] [hivemq] [8e15ac09]   HIVEMQ_HOME: /opt/hivemq
2025-01-29 13:57:04,823 INFO c.h.h.t.HelmChartContainer - [test-hivemq-platform] [hivemq] [8e15ac09] 
2025-01-29 13:57:04,823 INFO c.h.h.t.HelmChartContainer - [test-hivemq-platform] [hivemq] [8e15ac09]   JAVA_OPTS: -XX:+UnlockExperimentalVMOptions -XX:InitialRAMPercentage=50 -XX:MaxRAMPercentage=50 -Djava.net.preferIPv4Stack=true --add-opens java.base/java.lang=ALL-UNNAMED --add-opens java.base/java.nio=ALL-UNNAMED --add-opens java.base/sun.nio.ch=ALL-UNNAMED --add-opens jdk.management/com.sun.management.internal=ALL-UNNAMED --add-exports java.base/jdk.internal.misc=ALL-UNNAMED -Djava.security.egd=file:/dev/./urandom -Dcom.sun.management.jmxremote -Dcom.sun.management.jmxremote.port=9010 -Dcom.sun.management.jmxremote.local.only=false -Dcom.sun.management.jmxremote.authenticate=false -Dcom.sun.management.jmxremote.ssl=false -Duser.language=en -Duser.region=US -XX:+CrashOnOutOfMemoryError -XX:+HeapDumpOnOutOfMemoryError
2025-01-29 13:57:04,823 INFO c.h.h.t.HelmChartContainer - [test-hivemq-platform] [hivemq] [8e15ac09] 
2025-01-29 13:57:04,823 INFO c.h.h.t.HelmChartContainer - [test-hivemq-platform] [hivemq] [8e15ac09]   JAVA_VERSION: 21
2025-01-29 13:57:04,823 INFO c.h.h.t.HelmChartContainer - [test-hivemq-platform] [hivemq] [8e15ac09] 
2025-01-29 13:57:04,823 INFO c.h.h.t.HelmChartContainer - [test-hivemq-platform] [hivemq] [8e15ac09] -------------------------------------------------------------------------
2025-01-29 13:57:04,823 INFO c.h.h.t.HelmChartContainer - [test-hivemq-platform] [hivemq] [8e15ac09] 
2025-01-29 13:57:05,525 INFO c.h.h.t.HelmChartContainer - [test-hivemq-platform] [hivemq] [8e15ac09] INFO  - [HiveMQ Platform Operator Init App 1.7.0-SNAPSHOT] Returning default Health API response 503 for readiness
2025-01-29 13:57:05,925 INFO c.h.h.t.HelmChartContainer - [EVENT] Warning [Unhealthy] Readiness probe failed: HTTP probe failed with statuscode: 503 [helmmqttit:test-hivemq-platform-0]
2025-01-29 13:57:05,925 INFO c.h.h.t.HelmChartContainer - Received Unhealthy event for container hivemq in pod test-hivemq-platform-0 [8e15ac09-b117-4ff5-a874-d86547c58a33]
2025-01-29 13:57:07,678 INFO c.h.h.t.HelmChartContainer - [test-hivemq-platform] [hivemq] [8e15ac09] INFO  - Starting HiveMQ Enterprise Server
2025-01-29 13:57:07,722 INFO c.h.h.t.HelmChartContainer - [test-hivemq-platform] [hivemq] [8e15ac09] INFO  - HiveMQ version: 4.36.0
2025-01-29 13:57:07,722 INFO c.h.h.t.HelmChartContainer - [test-hivemq-platform] [hivemq] [8e15ac09] INFO  - HiveMQ home directory: /opt/hivemq
2025-01-29 13:57:07,722 INFO c.h.h.t.HelmChartContainer - [test-hivemq-platform] [hivemq] [8e15ac09] INFO  - Log Configuration was overridden by /opt/hivemq/conf/logback.xml
2025-01-29 13:57:09,528 INFO c.h.h.t.HelmChartContainer - [test-hivemq-platform] [hivemq] [8e15ac09] INFO  - Successfully loaded configuration from '/opt/hivemq/conf-k8s/config.xml'.
2025-01-29 13:57:09,566 INFO c.h.h.t.HelmChartContainer - [hivemq-test-hivemq-platform] [hivemq-platform-operator] [1b036211] 13:57:09.563 [pool-6-thread-14] DEBUG c.h.p.o.d.PlatformServiceResource - [helmmqtt] Desired Platform services (2 services)
2025-01-29 13:57:09,568 INFO c.h.h.t.HelmChartContainer - [hivemq-test-hivemq-platform] [hivemq-platform-operator] [1b036211] 13:57:09.567 [pool-6-thread-11] DEBUG c.h.p.o.dependants.PodInfoConfigMap - [helmmqtt] Desired PodInfo ConfigMap (1 extensions) (1 enabled)
2025-01-29 13:57:09,568 INFO c.h.h.t.HelmChartContainer - [hivemq-test-hivemq-platform] [hivemq-platform-operator] [1b036211] 13:57:09.567 [pool-6-thread-11] DEBUG c.h.p.o.dependants.PodInfoConfigMap - [helmmqtt] Desired PodInfo ConfigMap (metrics port: 9399) (metrics path: /)
2025-01-29 13:57:09,568 INFO c.h.h.t.HelmChartContainer - [hivemq-test-hivemq-platform] [hivemq-platform-operator] [1b036211] 13:57:09.567 [pool-6-thread-11] DEBUG c.h.p.o.dependants.PodInfoConfigMap - [helmmqtt] Desired PodInfo ConfigMap (extension state hash: -1817474005)
2025-01-29 13:57:09,570 INFO c.h.h.t.HelmChartContainer - [hivemq-test-hivemq-platform] [hivemq-platform-operator] [1b036211] 13:57:09.568 [pool-6-thread-16] DEBUG c.h.p.o.d.PodServiceAccountResource - [helmmqtt] Desired PodServiceAccountResource (serviceAccountName: hivemq-platform-pod-test-hivemq-platform)
2025-01-29 13:57:09,571 INFO c.h.h.t.HelmChartContainer - [hivemq-test-hivemq-platform] [hivemq-platform-operator] [1b036211] 13:57:09.571 [pool-6-thread-14] DEBUG c.h.p.o.d.StatefulSetResource - [helmmqtt] Desired StatefulSet (1 replicas) for status STARTING (READY)
2025-01-29 13:57:09,576 INFO c.h.h.t.HelmChartContainer - [hivemq-test-hivemq-platform] [hivemq-platform-operator] [1b036211] 13:57:09.574 [ReconcilerExecutor-hivemq-controller-109] INFO  c.h.p.o.HiveMQPlatformReconciler - [helmmqtt] Reconciling HiveMQ Platform 'test-hivemq-platform' in namespace 'helmmqttit'
2025-01-29 13:57:09,576 INFO c.h.h.t.HelmChartContainer - [hivemq-test-hivemq-platform] [hivemq-platform-operator] [1b036211] 13:57:09.574 [ReconcilerExecutor-hivemq-controller-109] DEBUG c.h.p.o.HiveMQPlatformReconciler - [helmmqtt] Custom Resource Status STARTING - HiveMQ Platform is starting (READY)
2025-01-29 13:57:09,576 INFO c.h.h.t.HelmChartContainer - [hivemq-test-hivemq-platform] [hivemq-platform-operator] [1b036211] 13:57:09.574 [ReconcilerExecutor-hivemq-controller-109] DEBUG c.h.p.o.HiveMQPlatformReconciler - [helmmqtt] Custom Resource Spec (replicas: 1) (extensions: 1)
2025-01-29 13:57:09,646 INFO c.h.h.t.HelmChartContainer - [hivemq-test-hivemq-platform] [hivemq-platform-operator] [1b036211] 13:57:09.644 [ReconcilerExecutor-hivemq-controller-109] DEBUG c.h.p.o.HiveMQPlatformReconciler - [helmmqtt] StatefulSet Status (revision: test-hivemq-platform-7bbc5894fb, replicas: 1, available: 0, ready: 0, current: 1, updated: 1)
2025-01-29 13:57:09,646 INFO c.h.h.t.HelmChartContainer - [hivemq-test-hivemq-platform] [hivemq-platform-operator] [1b036211] 13:57:09.645 [ReconcilerExecutor-hivemq-controller-109] DEBUG c.h.p.o.HiveMQPlatformReconciler - [helmmqtt] StatefulSet Spec (replicas: 1, init containers: 1, containers: 1, volumes: 3)
2025-01-29 13:57:09,649 INFO c.h.h.t.HelmChartContainer - [hivemq-test-hivemq-platform] [hivemq-platform-operator] [1b036211] 13:57:09.647 [ReconcilerExecutor-hivemq-controller-109] DEBUG c.h.p.o.h.HiveMQPlatformReconcilerErrorHandler - [helmmqtt] Pod 'test-hivemq-platform-0' phase Running
2025-01-29 13:57:09,649 INFO c.h.h.t.HelmChartContainer - [hivemq-test-hivemq-platform] [hivemq-platform-operator] [1b036211] 13:57:09.648 [ReconcilerExecutor-hivemq-controller-109] INFO  c.h.p.o.h.HiveMQPlatformReconcilerBaseHandler - [helmmqtt] HiveMQ Platform is starting, 0 of 1 replicas are ready
2025-01-29 13:57:10,618 INFO c.h.h.t.HelmChartContainer - [test-hivemq-platform] [hivemq] [8e15ac09] INFO  - This node's ID is 9QBkk
2025-01-29 13:57:10,618 INFO c.h.h.t.HelmChartContainer - [test-hivemq-platform] [hivemq] [8e15ac09] INFO  - Clustering is enabled
2025-01-29 13:57:11,217 INFO c.h.h.t.HelmChartContainer - [test-hivemq-platform] [hivemq] [8e15ac09] WARN  - [HiveMQ Platform Operator Init App 1.7.0-SNAPSHOT] Cannot connect to Health API for readiness: null
2025-01-29 13:57:11,226 INFO c.h.h.t.HelmChartContainer - [EVENT] Warning [Unhealthy] Readiness probe failed: HTTP probe failed with statuscode: 503 [helmmqttit:test-hivemq-platform-0]
2025-01-29 13:57:11,226 INFO c.h.h.t.HelmChartContainer - Received Unhealthy event for container hivemq in pod test-hivemq-platform-0 [8e15ac09-b117-4ff5-a874-d86547c58a33]
2025-01-29 13:57:14,918 INFO c.h.h.t.HelmChartContainer - [test-hivemq-platform] [hivemq] [8e15ac09] Jan 29, 2025 1:57:14 PM io.vertx.core.impl.BlockedThreadChecker
2025-01-29 13:57:14,919 INFO c.h.h.t.HelmChartContainer - [test-hivemq-platform] [hivemq] [8e15ac09] WARNING: Thread Thread[vert.x-eventloop-thread-1,5,main] has been blocked for 2500 ms, time limit is 2000 ms
2025-01-29 13:57:15,521 INFO c.h.h.t.HelmChartContainer - [test-hivemq-platform] [hivemq] [8e15ac09] WARN  - [HiveMQ Platform Operator Init App 1.7.0-SNAPSHOT] Cannot connect to Health API for readiness: null
2025-01-29 13:57:15,529 INFO c.h.h.t.HelmChartContainer - [EVENT] Warning [Unhealthy] Readiness probe failed: HTTP probe failed with statuscode: 503 [helmmqttit:test-hivemq-platform-0]
2025-01-29 13:57:15,529 INFO c.h.h.t.HelmChartContainer - Received Unhealthy event for container hivemq in pod test-hivemq-platform-0 [8e15ac09-b117-4ff5-a874-d86547c58a33]
2025-01-29 13:57:15,878 INFO c.h.h.t.HelmChartContainer - [test-hivemq-platform] [hivemq] [8e15ac09] Jan 29, 2025 1:57:15 PM io.vertx.core.impl.BlockedThreadChecker
2025-01-29 13:57:15,879 INFO c.h.h.t.HelmChartContainer - [test-hivemq-platform] [hivemq] [8e15ac09] WARNING: Thread Thread[vert.x-eventloop-thread-1,5,main] has been blocked for 3499 ms, time limit is 2000 ms
2025-01-29 13:57:16,179 INFO c.h.h.t.HelmChartContainer - [test-hivemq-platform] [hivemq] [8e15ac09] INFO  - [HiveMQ Platform Operator Init App 1.7.0-SNAPSHOT] Updating Pod HiveMQ Platform Operator Init App version annotation (version: 1.7.0-SNAPSHOT)
2025-01-29 13:57:16,738 INFO c.h.h.t.HelmChartContainer - [POD] test-hivemq-platform-0 [8e15ac09-b117-4ff5-a874-d86547c58a33] in helmmqttit was MODIFIED
2025-01-29 13:57:16,743 INFO c.h.h.t.HelmChartContainer - [hivemq-test-hivemq-platform] [hivemq-platform-operator] [1b036211] 13:57:16.743 [pool-6-thread-27] DEBUG c.h.p.o.d.PlatformServiceResource - [helmmqtt] Desired Platform services (2 services)
2025-01-29 13:57:16,747 INFO c.h.h.t.HelmChartContainer - [hivemq-test-hivemq-platform] [hivemq-platform-operator] [1b036211] 13:57:16.746 [pool-6-thread-23] DEBUG c.h.p.o.d.PodServiceAccountResource - [helmmqtt] Desired PodServiceAccountResource (serviceAccountName: hivemq-platform-pod-test-hivemq-platform)
2025-01-29 13:57:16,749 INFO c.h.h.t.HelmChartContainer - [hivemq-test-hivemq-platform] [hivemq-platform-operator] [1b036211] 13:57:16.748 [pool-6-thread-26] DEBUG c.h.p.o.dependants.PodInfoConfigMap - [helmmqtt] Desired PodInfo ConfigMap (1 extensions) (1 enabled)
2025-01-29 13:57:16,750 INFO c.h.h.t.HelmChartContainer - [hivemq-test-hivemq-platform] [hivemq-platform-operator] [1b036211] 13:57:16.749 [pool-6-thread-26] DEBUG c.h.p.o.dependants.PodInfoConfigMap - [helmmqtt] Desired PodInfo ConfigMap (metrics port: 9399) (metrics path: /)
2025-01-29 13:57:16,751 INFO c.h.h.t.HelmChartContainer - [hivemq-test-hivemq-platform] [hivemq-platform-operator] [1b036211] 13:57:16.749 [pool-6-thread-26] DEBUG c.h.p.o.dependants.PodInfoConfigMap - [helmmqtt] Desired PodInfo ConfigMap (extension state hash: -1817474005)
2025-01-29 13:57:16,752 INFO c.h.h.t.HelmChartContainer - [hivemq-test-hivemq-platform] [hivemq-platform-operator] [1b036211] 13:57:16.751 [pool-6-thread-26] DEBUG c.h.p.o.d.StatefulSetResource - [helmmqtt] Desired StatefulSet (1 replicas) for status STARTING (READY)
2025-01-29 13:57:16,756 INFO c.h.h.t.HelmChartContainer - [hivemq-test-hivemq-platform] [hivemq-platform-operator] [1b036211] 13:57:16.755 [ReconcilerExecutor-hivemq-controller-110] INFO  c.h.p.o.HiveMQPlatformReconciler - [helmmqtt] Reconciling HiveMQ Platform 'test-hivemq-platform' in namespace 'helmmqttit'
2025-01-29 13:57:16,756 INFO c.h.h.t.HelmChartContainer - [hivemq-test-hivemq-platform] [hivemq-platform-operator] [1b036211] 13:57:16.755 [ReconcilerExecutor-hivemq-controller-110] DEBUG c.h.p.o.HiveMQPlatformReconciler - [helmmqtt] Custom Resource Status STARTING - HiveMQ Platform is starting (READY)
2025-01-29 13:57:16,756 INFO c.h.h.t.HelmChartContainer - [hivemq-test-hivemq-platform] [hivemq-platform-operator] [1b036211] 13:57:16.755 [ReconcilerExecutor-hivemq-controller-110] DEBUG c.h.p.o.HiveMQPlatformReconciler - [helmmqtt] Custom Resource Spec (replicas: 1) (extensions: 1)
2025-01-29 13:57:16,820 INFO c.h.h.t.HelmChartContainer - [test-hivemq-platform] [hivemq] [8e15ac09] WARN  - [HiveMQ Platform Operator Init App 1.7.0-SNAPSHOT] Cannot connect to Health API for readiness: null
2025-01-29 13:57:16,821 INFO c.h.h.t.HelmChartContainer - [test-hivemq-platform] [hivemq] [8e15ac09] INFO  - [HiveMQ Platform Operator Init App 1.7.0-SNAPSHOT] Successfully updated Pod HiveMQ Platform Operator Init App version annotation (version: 1.7.0-SNAPSHOT)
2025-01-29 13:57:16,828 INFO c.h.h.t.HelmChartContainer - [hivemq-test-hivemq-platform] [hivemq-platform-operator] [1b036211] 13:57:16.826 [ReconcilerExecutor-hivemq-controller-110] DEBUG c.h.p.o.HiveMQPlatformReconciler - [helmmqtt] StatefulSet Status (revision: test-hivemq-platform-7bbc5894fb, replicas: 1, available: 0, ready: 0, current: 1, updated: 1)
2025-01-29 13:57:16,830 INFO c.h.h.t.HelmChartContainer - [EVENT] Warning [Unhealthy] Readiness probe failed: HTTP probe failed with statuscode: 503 [helmmqttit:test-hivemq-platform-0]
2025-01-29 13:57:16,831 INFO c.h.h.t.HelmChartContainer - [hivemq-test-hivemq-platform] [hivemq-platform-operator] [1b036211] 13:57:16.827 [ReconcilerExecutor-hivemq-controller-110] DEBUG c.h.p.o.HiveMQPlatformReconciler - [helmmqtt] StatefulSet Spec (replicas: 1, init containers: 1, containers: 1, volumes: 3)
2025-01-29 13:57:16,831 INFO c.h.h.t.HelmChartContainer - Received Unhealthy event for container hivemq in pod test-hivemq-platform-0 [8e15ac09-b117-4ff5-a874-d86547c58a33]
2025-01-29 13:57:16,832 INFO c.h.h.t.HelmChartContainer - [hivemq-test-hivemq-platform] [hivemq-platform-operator] [1b036211] 13:57:16.830 [ReconcilerExecutor-hivemq-controller-110] DEBUG c.h.p.o.h.HiveMQPlatformReconcilerErrorHandler - [helmmqtt] Pod 'test-hivemq-platform-0' phase Running
2025-01-29 13:57:16,834 INFO c.h.h.t.HelmChartContainer - [hivemq-test-hivemq-platform] [hivemq-platform-operator] [1b036211] 13:57:16.833 [ReconcilerExecutor-hivemq-controller-110] INFO  c.h.p.o.h.HiveMQPlatformReconcilerBaseHandler - [helmmqtt] HiveMQ Platform is starting, 0 of 1 replicas are ready
2025-01-29 13:57:21,741 INFO c.h.h.t.HelmChartContainer - [test-hivemq-platform] [hivemq] [8e15ac09] WARN  - [HiveMQ Platform Operator Init App 1.7.0-SNAPSHOT] Cannot connect to Health API for readiness: null
2025-01-29 13:57:21,746 INFO c.h.h.t.HelmChartContainer - [EVENT] Warning [Unhealthy] Readiness probe failed: HTTP probe failed with statuscode: 503 [helmmqttit:test-hivemq-platform-0]
2025-01-29 13:57:21,746 INFO c.h.h.t.HelmChartContainer - Received Unhealthy event for container hivemq in pod test-hivemq-platform-0 [8e15ac09-b117-4ff5-a874-d86547c58a33]
2025-01-29 13:57:26,817 INFO c.h.h.t.HelmChartContainer - [test-hivemq-platform] [hivemq] [8e15ac09] WARN  - [HiveMQ Platform Operator Init App 1.7.0-SNAPSHOT] Cannot connect to Health API for readiness: null
2025-01-29 13:57:26,822 INFO c.h.h.t.HelmChartContainer - [EVENT] Warning [Unhealthy] Readiness probe failed: HTTP probe failed with statuscode: 503 [helmmqttit:test-hivemq-platform-0]
2025-01-29 13:57:26,822 INFO c.h.h.t.HelmChartContainer - Received Unhealthy event for container hivemq in pod test-hivemq-platform-0 [8e15ac09-b117-4ff5-a874-d86547c58a33]
2025-01-29 13:57:26,841 INFO c.h.h.t.HelmChartContainer - [hivemq-test-hivemq-platform] [hivemq-platform-operator] [1b036211] 13:57:26.839 [pool-6-thread-36] DEBUG c.h.p.o.dependants.PodInfoConfigMap - [helmmqtt] Desired PodInfo ConfigMap (1 extensions) (1 enabled)
2025-01-29 13:57:26,841 INFO c.h.h.t.HelmChartContainer - [hivemq-test-hivemq-platform] [hivemq-platform-operator] [1b036211] 13:57:26.839 [pool-6-thread-36] DEBUG c.h.p.o.dependants.PodInfoConfigMap - [helmmqtt] Desired PodInfo ConfigMap (metrics port: 9399) (metrics path: /)
2025-01-29 13:57:26,841 INFO c.h.h.t.HelmChartContainer - [hivemq-test-hivemq-platform] [hivemq-platform-operator] [1b036211] 13:57:26.839 [pool-6-thread-36] DEBUG c.h.p.o.dependants.PodInfoConfigMap - [helmmqtt] Desired PodInfo ConfigMap (extension state hash: -1817474005)
2025-01-29 13:57:26,841 INFO c.h.h.t.HelmChartContainer - [hivemq-test-hivemq-platform] [hivemq-platform-operator] [1b036211] 13:57:26.840 [pool-6-thread-37] DEBUG c.h.p.o.d.PlatformServiceResource - [helmmqtt] Desired Platform services (2 services)
2025-01-29 13:57:26,842 INFO c.h.h.t.HelmChartContainer - [hivemq-test-hivemq-platform] [hivemq-platform-operator] [1b036211] 13:57:26.839 [pool-6-thread-39] DEBUG c.h.p.o.d.PodServiceAccountResource - [helmmqtt] Desired PodServiceAccountResource (serviceAccountName: hivemq-platform-pod-test-hivemq-platform)
2025-01-29 13:57:26,844 INFO c.h.h.t.HelmChartContainer - [hivemq-test-hivemq-platform] [hivemq-platform-operator] [1b036211] 13:57:26.843 [pool-6-thread-37] DEBUG c.h.p.o.d.StatefulSetResource - [helmmqtt] Desired StatefulSet (1 replicas) for status STARTING (READY)
2025-01-29 13:57:26,847 INFO c.h.h.t.HelmChartContainer - [hivemq-test-hivemq-platform] [hivemq-platform-operator] [1b036211] 13:57:26.846 [ReconcilerExecutor-hivemq-controller-111] INFO  c.h.p.o.HiveMQPlatformReconciler - [helmmqtt] Reconciling HiveMQ Platform 'test-hivemq-platform' in namespace 'helmmqttit'
2025-01-29 13:57:26,849 INFO c.h.h.t.HelmChartContainer - [hivemq-test-hivemq-platform] [hivemq-platform-operator] [1b036211] 13:57:26.846 [ReconcilerExecutor-hivemq-controller-111] DEBUG c.h.p.o.HiveMQPlatformReconciler - [helmmqtt] Custom Resource Status STARTING - HiveMQ Platform is starting (READY)
2025-01-29 13:57:26,849 INFO c.h.h.t.HelmChartContainer - [hivemq-test-hivemq-platform] [hivemq-platform-operator] [1b036211] 13:57:26.846 [ReconcilerExecutor-hivemq-controller-111] DEBUG c.h.p.o.HiveMQPlatformReconciler - [helmmqtt] Custom Resource Spec (replicas: 1) (extensions: 1)
2025-01-29 13:57:26,849 INFO c.h.h.t.HelmChartContainer - [hivemq-test-hivemq-platform] [hivemq-platform-operator] [1b036211] 13:57:26.848 [ReconcilerExecutor-hivemq-controller-111] DEBUG c.h.p.o.HiveMQPlatformReconciler - [helmmqtt] StatefulSet Status (revision: test-hivemq-platform-7bbc5894fb, replicas: 1, available: 0, ready: 0, current: 1, updated: 1)
2025-01-29 13:57:26,849 INFO c.h.h.t.HelmChartContainer - [hivemq-test-hivemq-platform] [hivemq-platform-operator] [1b036211] 13:57:26.848 [ReconcilerExecutor-hivemq-controller-111] DEBUG c.h.p.o.HiveMQPlatformReconciler - [helmmqtt] StatefulSet Spec (replicas: 1, init containers: 1, containers: 1, volumes: 3)
2025-01-29 13:57:26,851 INFO c.h.h.t.HelmChartContainer - [hivemq-test-hivemq-platform] [hivemq-platform-operator] [1b036211] 13:57:26.849 [ReconcilerExecutor-hivemq-controller-111] DEBUG c.h.p.o.h.HiveMQPlatformReconcilerErrorHandler - [helmmqtt] Pod 'test-hivemq-platform-0' phase Running
2025-01-29 13:57:26,851 INFO c.h.h.t.HelmChartContainer - [hivemq-test-hivemq-platform] [hivemq-platform-operator] [1b036211] 13:57:26.850 [ReconcilerExecutor-hivemq-controller-111] INFO  c.h.p.o.h.HiveMQPlatformReconcilerBaseHandler - [helmmqtt] HiveMQ Platform is starting, 0 of 1 replicas are ready
2025-01-29 13:57:27,117 INFO c.h.h.t.HelmChartContainer - [test-hivemq-platform] [hivemq] [8e15ac09] WARN  - [HiveMQ Platform Operator Init App 1.7.0-SNAPSHOT] Cannot connect to Health API for liveness: null
2025-01-29 13:57:27,119 INFO c.h.h.t.HelmChartContainer - [test-hivemq-platform] [hivemq] [8e15ac09] INFO  - [HiveMQ Platform Operator Init App 1.7.0-SNAPSHOT] Returning default Health API response 200 for liveness
2025-01-29 13:57:28,323 INFO c.h.h.t.HelmChartContainer - [test-hivemq-platform] [hivemq] [8e15ac09] INFO  - No valid license file found. Using trial license, restricted to 25 connections.
2025-01-29 13:57:31,818 INFO c.h.h.t.HelmChartContainer - [test-hivemq-platform] [hivemq] [8e15ac09] WARN  - [HiveMQ Platform Operator Init App 1.7.0-SNAPSHOT] Cannot connect to Health API for readiness: null
2025-01-29 13:57:31,823 INFO c.h.h.t.HelmChartContainer - [EVENT] Warning [Unhealthy] Readiness probe failed: HTTP probe failed with statuscode: 503 [helmmqttit:test-hivemq-platform-0]
2025-01-29 13:57:31,823 INFO c.h.h.t.HelmChartContainer - Received Unhealthy event for container hivemq in pod test-hivemq-platform-0 [8e15ac09-b117-4ff5-a874-d86547c58a33]
2025-01-29 13:57:32,822 INFO c.h.h.t.HelmChartContainer - [test-hivemq-platform] [hivemq] [8e15ac09] INFO  - No valid license file for Data Hub found. Using free license, restricted to 1 policy.
2025-01-29 13:57:34,023 INFO c.h.h.t.HelmChartContainer - [test-hivemq-platform] [hivemq] [8e15ac09] INFO  - Audit Logger started.
2025-01-29 13:57:34,325 INFO c.h.h.t.HelmChartContainer - [test-hivemq-platform] [hivemq] [8e15ac09] INFO  - This node uses '1' CPU cores.
2025-01-29 13:57:34,331 INFO c.h.h.t.HelmChartContainer - [test-hivemq-platform] [hivemq] [8e15ac09] INFO  - Starting HiveMQ Health API on address 0.0.0.0 and port 8889
2025-01-29 13:57:35,318 INFO c.h.h.t.HelmChartContainer - [test-hivemq-platform] [hivemq] [8e15ac09] INFO  - Started HiveMQ Health API in 987ms
2025-01-29 13:57:35,921 INFO c.h.h.t.HelmChartContainer - [test-hivemq-platform] [hivemq] [8e15ac09] INFO  - Starting HiveMQ extension system.
2025-01-29 13:57:36,217 INFO c.h.h.t.HelmChartContainer - [test-hivemq-platform] [hivemq] [8e15ac09] INFO  - Starting extension with id "hivemq-dns-cluster-discovery" at /opt/hivemq/extensions/hivemq-dns-cluster-discovery
2025-01-29 13:57:36,622 INFO c.h.h.t.HelmChartContainer - [test-hivemq-platform] [hivemq] [8e15ac09] INFO  - Extension "DNS Cluster Discovery Extension" version 4.3.2 started successfully.
2025-01-29 13:57:36,622 INFO c.h.h.t.HelmChartContainer - [test-hivemq-platform] [hivemq] [8e15ac09] INFO  - Starting extension with id "hivemq-prometheus-extension" at /opt/hivemq/extensions/hivemq-prometheus-extension
2025-01-29 13:57:36,817 INFO c.h.h.t.HelmChartContainer - [test-hivemq-platform] [hivemq] [8e15ac09] INFO  - Using TCP cluster transport on address 10.42.0.8 and port 7000
2025-01-29 13:57:36,858 INFO c.h.h.t.HelmChartContainer - [hivemq-test-hivemq-platform] [hivemq-platform-operator] [1b036211] 13:57:36.854 [pool-6-thread-45] DEBUG c.h.p.o.d.PlatformServiceResource - [helmmqtt] Desired Platform services (2 services)
2025-01-29 13:57:36,859 INFO c.h.h.t.HelmChartContainer - [hivemq-test-hivemq-platform] [hivemq-platform-operator] [1b036211] 13:57:36.855 [pool-6-thread-44] DEBUG c.h.p.o.dependants.PodInfoConfigMap - [helmmqtt] Desired PodInfo ConfigMap (1 extensions) (1 enabled)
2025-01-29 13:57:36,859 INFO c.h.h.t.HelmChartContainer - [hivemq-test-hivemq-platform] [hivemq-platform-operator] [1b036211] 13:57:36.855 [pool-6-thread-44] DEBUG c.h.p.o.dependants.PodInfoConfigMap - [helmmqtt] Desired PodInfo ConfigMap (metrics port: 9399) (metrics path: /)
2025-01-29 13:57:36,859 INFO c.h.h.t.HelmChartContainer - [hivemq-test-hivemq-platform] [hivemq-platform-operator] [1b036211] 13:57:36.856 [pool-6-thread-44] DEBUG c.h.p.o.dependants.PodInfoConfigMap - [helmmqtt] Desired PodInfo ConfigMap (extension state hash: -1817474005)
2025-01-29 13:57:36,860 INFO c.h.h.t.HelmChartContainer - [hivemq-test-hivemq-platform] [hivemq-platform-operator] [1b036211] 13:57:36.855 [pool-6-thread-49] DEBUG c.h.p.o.d.PodServiceAccountResource - [helmmqtt] Desired PodServiceAccountResource (serviceAccountName: hivemq-platform-pod-test-hivemq-platform)
2025-01-29 13:57:36,862 INFO c.h.h.t.HelmChartContainer - [hivemq-test-hivemq-platform] [hivemq-platform-operator] [1b036211] 13:57:36.860 [pool-6-thread-45] DEBUG c.h.p.o.d.StatefulSetResource - [helmmqtt] Desired StatefulSet (1 replicas) for status STARTING (READY)
2025-01-29 13:57:36,864 INFO c.h.h.t.HelmChartContainer - [hivemq-test-hivemq-platform] [hivemq-platform-operator] [1b036211] 13:57:36.864 [ReconcilerExecutor-hivemq-controller-112] INFO  c.h.p.o.HiveMQPlatformReconciler - [helmmqtt] Reconciling HiveMQ Platform 'test-hivemq-platform' in namespace 'helmmqttit'
2025-01-29 13:57:36,866 INFO c.h.h.t.HelmChartContainer - [hivemq-test-hivemq-platform] [hivemq-platform-operator] [1b036211] 13:57:36.864 [ReconcilerExecutor-hivemq-controller-112] DEBUG c.h.p.o.HiveMQPlatformReconciler - [helmmqtt] Custom Resource Status STARTING - HiveMQ Platform is starting (READY)
2025-01-29 13:57:36,866 INFO c.h.h.t.HelmChartContainer - [hivemq-test-hivemq-platform] [hivemq-platform-operator] [1b036211] 13:57:36.864 [ReconcilerExecutor-hivemq-controller-112] DEBUG c.h.p.o.HiveMQPlatformReconciler - [helmmqtt] Custom Resource Spec (replicas: 1) (extensions: 1)
2025-01-29 13:57:36,866 INFO c.h.h.t.HelmChartContainer - [hivemq-test-hivemq-platform] [hivemq-platform-operator] [1b036211] 13:57:36.865 [ReconcilerExecutor-hivemq-controller-112] DEBUG c.h.p.o.HiveMQPlatformReconciler - [helmmqtt] StatefulSet Status (revision: test-hivemq-platform-7bbc5894fb, replicas: 1, available: 0, ready: 0, current: 1, updated: 1)
2025-01-29 13:57:36,867 INFO c.h.h.t.HelmChartContainer - [hivemq-test-hivemq-platform] [hivemq-platform-operator] [1b036211] 13:57:36.866 [ReconcilerExecutor-hivemq-controller-112] DEBUG c.h.p.o.HiveMQPlatformReconciler - [helmmqtt] StatefulSet Spec (replicas: 1, init containers: 1, containers: 1, volumes: 3)
2025-01-29 13:57:36,879 INFO c.h.h.t.HelmChartContainer - [test-hivemq-platform] [hivemq] [8e15ac09] INFO  - Using extension cluster discovery
2025-01-29 13:57:36,949 INFO c.h.h.t.HelmChartContainer - [hivemq-test-hivemq-platform] [hivemq-platform-operator] [1b036211] 13:57:36.946 [ReconcilerExecutor-hivemq-controller-112] DEBUG c.h.p.o.h.HiveMQPlatformReconcilerErrorHandler - [helmmqtt] Pod 'test-hivemq-platform-0' phase Running
2025-01-29 13:57:36,949 INFO c.h.h.t.HelmChartContainer - [hivemq-test-hivemq-platform] [hivemq-platform-operator] [1b036211] 13:57:36.947 [ReconcilerExecutor-hivemq-controller-112] INFO  c.h.p.o.h.HiveMQPlatformReconcilerBaseHandler - [helmmqtt] HiveMQ Platform is starting, 0 of 1 replicas are ready
2025-01-29 13:57:37,783 INFO c.h.h.t.HelmChartContainer - [EVENT] Warning [Unhealthy] Readiness probe failed: Get "http://10.42.0.8:7979/readiness": context deadline exceeded (Client.Timeout exceeded while awaiting headers) [helmmqttit:test-hivemq-platform-0]
2025-01-29 13:57:37,783 INFO c.h.h.t.HelmChartContainer - Received Unhealthy event for container hivemq in pod test-hivemq-platform-0 [8e15ac09-b117-4ff5-a874-d86547c58a33]
2025-01-29 13:57:37,919 INFO c.h.h.t.HelmChartContainer - [test-hivemq-platform] [hivemq] [8e15ac09] INFO  - Started Jetty Server exposing Prometheus Servlet on URI http://0.0.0.0:9399/
2025-01-29 13:57:37,919 INFO c.h.h.t.HelmChartContainer - [test-hivemq-platform] [hivemq] [8e15ac09] INFO  - Extension "Prometheus Monitoring Extension" version 4.0.12 started successfully.
2025-01-29 13:57:37,919 INFO c.h.h.t.HelmChartContainer - [test-hivemq-platform] [hivemq] [8e15ac09] INFO  - Starting extension with id "hivemq-allow-all-extension" at /opt/hivemq/extensions/hivemq-allow-all-extension
2025-01-29 13:57:37,919 INFO c.h.h.t.HelmChartContainer - [test-hivemq-platform] [hivemq] [8e15ac09] WARN  - 
2025-01-29 13:57:37,919 INFO c.h.h.t.HelmChartContainer - [test-hivemq-platform] [hivemq] [8e15ac09] ################################################################################################################
2025-01-29 13:57:37,919 INFO c.h.h.t.HelmChartContainer - [test-hivemq-platform] [hivemq] [8e15ac09] # This HiveMQ deployment is not secure! You are lacking Authentication and Authorization.                      #
2025-01-29 13:57:37,919 INFO c.h.h.t.HelmChartContainer - [test-hivemq-platform] [hivemq] [8e15ac09] # Right now any MQTT client can connect to the broker with a full set of permissions.                          #
2025-01-29 13:57:37,919 INFO c.h.h.t.HelmChartContainer - [test-hivemq-platform] [hivemq] [8e15ac09] # For production usage, add an appropriate security extension and remove the hivemq-allow-all extension.       #
2025-01-29 13:57:37,919 INFO c.h.h.t.HelmChartContainer - [test-hivemq-platform] [hivemq] [8e15ac09] # You can download security extensions from the HiveMQ Marketplace (https://www.hivemq.com/extensions/).       #
2025-01-29 13:57:37,919 INFO c.h.h.t.HelmChartContainer - [test-hivemq-platform] [hivemq] [8e15ac09] ################################################################################################################
2025-01-29 13:57:37,919 INFO c.h.h.t.HelmChartContainer - [test-hivemq-platform] [hivemq] [8e15ac09] INFO  - Extension "Allow All Extension" version 1.1.1 started successfully.
2025-01-29 13:57:38,323 INFO c.h.h.t.HelmChartContainer - [test-hivemq-platform] [hivemq] [8e15ac09] INFO  - [HiveMQ Platform Operator Init App 1.7.0-SNAPSHOT] Returning Health API response 503 for readiness
2025-01-29 13:57:40,121 INFO c.h.h.t.HelmChartContainer - [test-hivemq-platform] [hivemq] [8e15ac09] INFO  - 9QBkk: no members discovered after 2207 ms: creating cluster as first member
2025-01-29 13:57:40,127 INFO c.h.h.t.HelmChartContainer - [test-hivemq-platform] [hivemq] [8e15ac09] INFO  - Cluster nodes found by discovery: [9QBkk|0] (1) [9QBkk].
2025-01-29 13:57:40,219 INFO c.h.h.t.HelmChartContainer - [test-hivemq-platform] [hivemq] [8e15ac09] WARN  - No user for HiveMQ Control Center configured. Starting with default user
2025-01-29 13:57:40,219 INFO c.h.h.t.HelmChartContainer - [test-hivemq-platform] [hivemq] [8e15ac09] INFO  - Starting HiveMQ Control Center on address 127.0.0.1 and port 8080
2025-01-29 13:57:40,221 INFO c.h.h.t.HelmChartContainer - [test-hivemq-platform] [hivemq] [8e15ac09] INFO  - Mounting HiveMQ Control Center V2 Preview
2025-01-29 13:57:40,824 INFO c.h.h.t.HelmChartContainer - [test-hivemq-platform] [hivemq] [8e15ac09] INFO  - Started HiveMQ Control Center in 605ms
2025-01-29 13:57:40,839 INFO c.h.h.t.HelmChartContainer - [test-hivemq-platform] [hivemq] [8e15ac09] INFO  - Starting TCP listener on address 0.0.0.0 and port 1884
2025-01-29 13:57:40,918 INFO c.h.h.t.HelmChartContainer - [test-hivemq-platform] [hivemq] [8e15ac09] INFO  - Started TCP Listener on address 0.0.0.0 and on port 1884.
2025-01-29 13:57:40,919 INFO c.h.h.t.HelmChartContainer - [test-hivemq-platform] [hivemq] [8e15ac09] INFO  - Started HiveMQ in 33637ms
2025-01-29 13:57:41,743 INFO c.h.h.t.HelmChartContainer - [test-hivemq-platform] [hivemq] [8e15ac09] INFO  - [HiveMQ Platform Operator Init App 1.7.0-SNAPSHOT] Returning Health API response 200 for readiness
2025-01-29 13:57:41,759 INFO c.h.h.t.HelmChartContainer - [POD] test-hivemq-platform-0 [8e15ac09-b117-4ff5-a874-d86547c58a33] in helmmqttit was MODIFIED
2025-01-29 13:57:41,774 INFO c.h.h.t.HelmChartContainer - [hivemq-test-hivemq-platform] [hivemq-platform-operator] [1b036211] 13:57:41.767 [pool-6-thread-1] DEBUG c.h.p.o.d.PlatformServiceResource - [helmmqtt] Desired Platform services (2 services)
2025-01-29 13:57:41,774 INFO c.h.h.t.HelmChartContainer - [hivemq-test-hivemq-platform] [hivemq-platform-operator] [1b036211] 13:57:41.767 [pool-6-thread-7] DEBUG c.h.p.o.dependants.PodInfoConfigMap - [helmmqtt] Desired PodInfo ConfigMap (1 extensions) (1 enabled)
2025-01-29 13:57:41,774 INFO c.h.h.t.HelmChartContainer - [hivemq-test-hivemq-platform] [hivemq-platform-operator] [1b036211] 13:57:41.770 [pool-6-thread-7] DEBUG c.h.p.o.dependants.PodInfoConfigMap - [helmmqtt] Desired PodInfo ConfigMap (metrics port: 9399) (metrics path: /)
2025-01-29 13:57:41,774 INFO c.h.h.t.HelmChartContainer - [hivemq-test-hivemq-platform] [hivemq-platform-operator] [1b036211] 13:57:41.770 [pool-6-thread-7] DEBUG c.h.p.o.dependants.PodInfoConfigMap - [helmmqtt] Desired PodInfo ConfigMap (extension state hash: -1817474005)
2025-01-29 13:57:41,774 INFO c.h.h.t.HelmChartContainer - [hivemq-test-hivemq-platform] [hivemq-platform-operator] [1b036211] 13:57:41.767 [pool-6-thread-5] DEBUG c.h.p.o.d.PodServiceAccountResource - [helmmqtt] Desired PodServiceAccountResource (serviceAccountName: hivemq-platform-pod-test-hivemq-platform)
2025-01-29 13:57:41,788 INFO c.h.h.t.HelmChartContainer - [hivemq-test-hivemq-platform] [hivemq-platform-operator] [1b036211] 13:57:41.784 [pool-6-thread-1] DEBUG c.h.p.o.d.StatefulSetResource - [helmmqtt] Desired StatefulSet (1 replicas) for status STARTING (READY)
2025-01-29 13:57:41,851 INFO c.h.h.t.HelmChartContainer - [hivemq-test-hivemq-platform] [hivemq-platform-operator] [1b036211] 13:57:41.847 [ReconcilerExecutor-hivemq-controller-113] INFO  c.h.p.o.HiveMQPlatformReconciler - [helmmqtt] Reconciling HiveMQ Platform 'test-hivemq-platform' in namespace 'helmmqttit'
2025-01-29 13:57:41,851 INFO c.h.h.t.HelmChartContainer - [hivemq-test-hivemq-platform] [hivemq-platform-operator] [1b036211] 13:57:41.848 [ReconcilerExecutor-hivemq-controller-113] DEBUG c.h.p.o.HiveMQPlatformReconciler - [helmmqtt] Custom Resource Status STARTING - HiveMQ Platform is starting (READY)
2025-01-29 13:57:41,851 INFO c.h.h.t.HelmChartContainer - [hivemq-test-hivemq-platform] [hivemq-platform-operator] [1b036211] 13:57:41.848 [ReconcilerExecutor-hivemq-controller-113] DEBUG c.h.p.o.HiveMQPlatformReconciler - [helmmqtt] Custom Resource Spec (replicas: 1) (extensions: 1)
2025-01-29 13:57:41,851 INFO c.h.h.t.HelmChartContainer - [hivemq-test-hivemq-platform] [hivemq-platform-operator] [1b036211] 13:57:41.849 [ReconcilerExecutor-hivemq-controller-113] DEBUG c.h.p.o.HiveMQPlatformReconciler - [helmmqtt] StatefulSet Status (revision: test-hivemq-platform-7bbc5894fb, replicas: 1, available: 1, ready: 1, current: 1, updated: 1)
2025-01-29 13:57:41,851 INFO c.h.h.t.HelmChartContainer - [hivemq-test-hivemq-platform] [hivemq-platform-operator] [1b036211] 13:57:41.850 [ReconcilerExecutor-hivemq-controller-113] DEBUG c.h.p.o.HiveMQPlatformReconciler - [helmmqtt] StatefulSet Spec (replicas: 1, init containers: 1, containers: 1, volumes: 3)
2025-01-29 13:57:41,852 INFO c.h.h.t.HelmChartContainer - [hivemq-test-hivemq-platform] [hivemq-platform-operator] [1b036211] 13:57:41.851 [ReconcilerExecutor-hivemq-controller-113] DEBUG c.h.p.o.h.HiveMQPlatformReconcilerErrorHandler - [helmmqtt] Pod 'test-hivemq-platform-0' phase Running
2025-01-29 13:57:41,854 INFO c.h.h.t.HelmChartContainer - [hivemq-test-hivemq-platform] [hivemq-platform-operator] [1b036211] 13:57:41.852 [ReconcilerExecutor-hivemq-controller-113] INFO  c.h.p.o.h.HiveMQPlatformReconcilerBaseHandler - [helmmqtt] HiveMQ Platform started successfully
2025-01-29 13:57:41,958 INFO c.h.h.t.HelmChartContainer - [hivemq-test-hivemq-platform] [hivemq-platform-operator] [1b036211] 13:57:41.957 [ReconcilerExecutor-hivemq-controller-113] DEBUG c.h.p.operator.event.EventSender - [helmmqtt] Creating K8s event hivemq-platform-ready: [Ready] HiveMQ Platform is ready
2025-01-29 13:57:41,963 INFO c.h.h.t.HelmChartContainer - [EVENT] Normal [Ready] HiveMQ Platform is ready [helmmqttit:test-hivemq-platform]
2025-01-29 13:57:41,964 INFO c.h.h.t.HelmChartContainer - [hivemq-test-hivemq-platform] [hivemq-platform-operator] [1b036211] 13:57:41.963 [ReconcilerExecutor-hivemq-controller-113] INFO  c.h.p.o.h.AbstractHiveMQReconcilerStateHandler - [helmmqtt] Update HiveMQ Platform Status (STARTING [READY] -> RUNNING [READY]): HiveMQ Platform is ready
2025-01-29 13:57:41,973 DEBUG com.hivemq.helmcharts.util.K8sUtil - Comparing actual state 'RUNNING' and waiting for 'RUNNING'
2025-01-29 13:57:42,049 INFO c.h.h.t.HelmChartContainer - [hivemq-test-hivemq-platform] [hivemq-platform-operator] [1b036211] 13:57:42.047 [pool-6-thread-13] DEBUG c.h.p.o.d.PlatformServiceResource - [helmmqtt] Desired Platform services (2 services)
2025-01-29 13:57:42,051 INFO c.h.h.t.HelmChartContainer - [hivemq-test-hivemq-platform] [hivemq-platform-operator] [1b036211] 13:57:42.050 [pool-6-thread-19] DEBUG c.h.p.o.dependants.PodInfoConfigMap - [helmmqtt] Desired PodInfo ConfigMap (1 extensions) (1 enabled)
2025-01-29 13:57:42,051 INFO c.h.h.t.HelmChartContainer - [hivemq-test-hivemq-platform] [hivemq-platform-operator] [1b036211] 13:57:42.050 [pool-6-thread-19] DEBUG c.h.p.o.dependants.PodInfoConfigMap - [helmmqtt] Desired PodInfo ConfigMap (metrics port: 9399) (metrics path: /)
2025-01-29 13:57:42,053 INFO c.h.h.t.HelmChartContainer - [hivemq-test-hivemq-platform] [hivemq-platform-operator] [1b036211] 13:57:42.050 [pool-6-thread-19] DEBUG c.h.p.o.dependants.PodInfoConfigMap - [helmmqtt] Desired PodInfo ConfigMap (extension state hash: -1817474005)
2025-01-29 13:57:42,053 INFO c.h.h.t.HelmChartContainer - [hivemq-test-hivemq-platform] [hivemq-platform-operator] [1b036211] 13:57:42.050 [pool-6-thread-15] DEBUG c.h.p.o.d.PodServiceAccountResource - [helmmqtt] Desired PodServiceAccountResource (serviceAccountName: hivemq-platform-pod-test-hivemq-platform)
2025-01-29 13:57:42,053 INFO c.h.h.t.HelmChartContainer - [hivemq-test-hivemq-platform] [hivemq-platform-operator] [1b036211] 13:57:42.051 [pool-6-thread-19] DEBUG c.h.p.o.dependants.PodInfoConfigMap - [helmmqtt] Update PodInfo ConfigMap
2025-01-29 13:57:42,064 INFO c.h.h.t.HelmChartContainer - [hivemq-test-hivemq-platform] [hivemq-platform-operator] [1b036211] 13:57:42.063 [pool-6-thread-19] DEBUG c.h.p.o.d.StatefulSetResource - [helmmqtt] Desired StatefulSet (1 replicas) for status RUNNING (READY)
2025-01-29 13:57:42,146 INFO c.h.h.t.HelmChartContainer - [hivemq-test-hivemq-platform] [hivemq-platform-operator] [1b036211] 13:57:42.145 [ReconcilerExecutor-hivemq-controller-114] INFO  c.h.p.o.HiveMQPlatformReconciler - [helmmqtt] Reconciling HiveMQ Platform 'test-hivemq-platform' in namespace 'helmmqttit'
2025-01-29 13:57:42,148 INFO c.h.h.t.HelmChartContainer - [hivemq-test-hivemq-platform] [hivemq-platform-operator] [1b036211] 13:57:42.145 [ReconcilerExecutor-hivemq-controller-114] DEBUG c.h.p.o.HiveMQPlatformReconciler - [helmmqtt] Custom Resource Status RUNNING - HiveMQ Platform is ready (READY)
2025-01-29 13:57:42,148 INFO c.h.h.t.HelmChartContainer - [hivemq-test-hivemq-platform] [hivemq-platform-operator] [1b036211] 13:57:42.145 [ReconcilerExecutor-hivemq-controller-114] DEBUG c.h.p.o.HiveMQPlatformReconciler - [helmmqtt] Custom Resource Spec (replicas: 1) (extensions: 1)
2025-01-29 13:57:42,149 INFO c.h.h.t.HelmChartContainer - [hivemq-test-hivemq-platform] [hivemq-platform-operator] [1b036211] 13:57:42.147 [ReconcilerExecutor-hivemq-controller-114] DEBUG c.h.p.o.HiveMQPlatformReconciler - [helmmqtt] StatefulSet Status (revision: test-hivemq-platform-7bbc5894fb, replicas: 1, available: 1, ready: 1, current: 1, updated: 1)
2025-01-29 13:57:42,149 INFO c.h.h.t.HelmChartContainer - [hivemq-test-hivemq-platform] [hivemq-platform-operator] [1b036211] 13:57:42.147 [ReconcilerExecutor-hivemq-controller-114] DEBUG c.h.p.o.HiveMQPlatformReconciler - [helmmqtt] StatefulSet Spec (replicas: 1, init containers: 1, containers: 1, volumes: 3)
2025-01-29 13:57:42,150 INFO c.h.h.t.HelmChartContainer - [hivemq-test-hivemq-platform] [hivemq-platform-operator] [1b036211] 13:57:42.148 [ReconcilerExecutor-hivemq-controller-114] DEBUG c.h.p.o.h.HiveMQPlatformReconcilerErrorHandler - [helmmqtt] Pod 'test-hivemq-platform-0' phase Running
2025-01-29 13:57:46,843 INFO c.h.h.t.HelmChartContainer - Uninstalling release 'test-hivemq-platform' in namespace 'helmmqttit'...
2025-01-29 13:57:46,843 DEBUG c.h.h.t.HelmChartContainer - Executing helm command: /bin/helm --kubeconfig /etc/rancher/k3s/k3s.yaml uninstall test-hivemq-platform  --wait --timeout 5m0s --cascade foreground --namespace helmmqttit
2025-01-29 13:57:47,029 INFO c.h.h.t.HelmChartContainer - [hivemq-test-hivemq-platform] [hivemq-platform-operator] [1b036211] 13:57:47.027 [pool-6-thread-21] DEBUG c.h.p.o.d.PlatformServiceResource - [helmmqtt] Desired Platform services (2 services)
2025-01-29 13:57:47,038 INFO c.h.h.t.HelmChartContainer - [hivemq-test-hivemq-platform] [hivemq-platform-operator] [1b036211] 13:57:47.031 [pool-6-thread-27] DEBUG c.h.p.o.d.PodServiceAccountResource - [helmmqtt] Desired PodServiceAccountResource (serviceAccountName: hivemq-platform-pod-test-hivemq-platform)
2025-01-29 13:57:47,056 INFO c.h.h.t.HelmChartContainer - [hivemq-test-hivemq-platform] [hivemq-platform-operator] [1b036211] 13:57:47.050 [pool-6-thread-25] DEBUG c.h.p.o.dependants.PodInfoConfigMap - [helmmqtt] Desired PodInfo ConfigMap (1 extensions) (1 enabled)
2025-01-29 13:57:47,056 INFO c.h.h.t.HelmChartContainer - [hivemq-test-hivemq-platform] [hivemq-platform-operator] [1b036211] 13:57:47.050 [pool-6-thread-25] DEBUG c.h.p.o.dependants.PodInfoConfigMap - [helmmqtt] Desired PodInfo ConfigMap (metrics port: 9399) (metrics path: /)
2025-01-29 13:57:47,056 INFO c.h.h.t.HelmChartContainer - [hivemq-test-hivemq-platform] [hivemq-platform-operator] [1b036211] 13:57:47.050 [pool-6-thread-25] DEBUG c.h.p.o.dependants.PodInfoConfigMap - [helmmqtt] Desired PodInfo ConfigMap (extension state hash: -1817474005)
2025-01-29 13:57:47,056 INFO c.h.h.t.HelmChartContainer - [hivemq-test-hivemq-platform] [hivemq-platform-operator] [1b036211] 13:57:47.054 [pool-6-thread-25] DEBUG c.h.p.o.d.StatefulSetResource - [helmmqtt] Desired StatefulSet (1 replicas) for status RUNNING (READY)
2025-01-29 13:57:47,064 INFO c.h.h.t.HelmChartContainer - [hivemq-test-hivemq-platform] [hivemq-platform-operator] [1b036211] 13:57:47.058 [pool-6-thread-25] DEBUG c.h.p.o.d.StatefulSetResource - [helmmqtt] Update StatefulSet (replicas: 1 -> 1)
2025-01-29 13:57:47,064 INFO c.h.h.t.HelmChartContainer - [hivemq-test-hivemq-platform] [hivemq-platform-operator] [1b036211] 13:57:47.059 [pool-6-thread-25] DEBUG c.h.p.o.d.StatefulSetResource - [helmmqtt] Detected change in StatefulSet specification (path: /template/metadata/annotations/kubernetes-resource-versions) (actual value: {broker-configuration-v2=319910904}) (target value: {broker-configuration-v2=0})
2025-01-29 13:57:47,129 INFO c.h.h.t.HelmChartContainer - [hivemq-test-hivemq-platform] [hivemq-platform-operator] [1b036211] 13:57:47.123 [pool-6-thread-25] INFO  c.h.p.o.d.StatefulSetResource - [helmmqtt] StatefulSet spec was updated, triggering rolling restart
2025-01-29 13:57:47,247 INFO c.h.h.t.HelmChartContainer - [hivemq-test-hivemq-platform] [hivemq-platform-operator] [1b036211] 13:57:47.244 [ReconcilerExecutor-hivemq-controller-115] INFO  c.h.p.o.HiveMQPlatformReconciler - [helmmqtt] Reconciling HiveMQ Platform 'test-hivemq-platform' in namespace 'helmmqttit'
2025-01-29 13:57:47,247 INFO c.h.h.t.HelmChartContainer - [hivemq-test-hivemq-platform] [hivemq-platform-operator] [1b036211] 13:57:47.245 [ReconcilerExecutor-hivemq-controller-115] DEBUG c.h.p.o.HiveMQPlatformReconciler - [helmmqtt] Custom Resource Status RUNNING - HiveMQ Platform is ready (READY) (reconciliation requests: REQUESTS_UPDATED, ROLLING_RESTART)
2025-01-29 13:57:47,247 INFO c.h.h.t.HelmChartContainer - [hivemq-test-hivemq-platform] [hivemq-platform-operator] [1b036211] 13:57:47.245 [ReconcilerExecutor-hivemq-controller-115] DEBUG c.h.p.o.HiveMQPlatformReconciler - [helmmqtt] Custom Resource Spec (replicas: 1) (extensions: 1)
2025-01-29 13:57:47,247 INFO c.h.h.t.HelmChartContainer - [hivemq-test-hivemq-platform] [hivemq-platform-operator] [1b036211] 13:57:47.245 [ReconcilerExecutor-hivemq-controller-115] WARN  c.h.p.o.h.HiveMQPlatformReconcilerErrorHandler - [helmmqtt] Could not find ConfigMap 'hivemq-configuration-test-hivemq-platform' for HiveMQ Platform configuration
2025-01-29 13:57:47,334 INFO c.h.h.t.HelmChartContainer - [POD] test-hivemq-platform-0 [8e15ac09-b117-4ff5-a874-d86547c58a33] in helmmqttit was MODIFIED
2025-01-29 13:57:47,335 INFO c.h.h.t.HelmChartContainer - [K3S] [authentication.go:74] "Unable to authenticate the request" err="[invalid bearer token, serviceaccounts \"hivemq-platform-pod-test-hivemq-platform\" not found]"
2025-01-29 13:57:47,340 INFO c.h.h.t.HelmChartContainer - [EVENT] Normal [Killing] Stopping container hivemq [helmmqttit:test-hivemq-platform-0]
2025-01-29 13:57:47,343 INFO c.h.h.t.HelmChartContainer - Received Killing event for container hivemq in pod test-hivemq-platform-0 [8e15ac09-b117-4ff5-a874-d86547c58a33]
2025-01-29 13:57:47,343 INFO c.h.h.t.HelmChartContainer - Container [test-hivemq-platform-0] [hivemq] [8e15ac09-b117-4ff5-a874-d86547c58a33] was terminated
2025-01-29 13:57:47,343 INFO c.h.h.t.HelmChartContainer - Stopped log watcher for hivemq in pod test-hivemq-platform-0 [8e15ac09-b117-4ff5-a874-d86547c58a33]
2025-01-29 13:57:47,368 INFO c.h.h.t.HelmChartContainer - [test-hivemq-platform] [hivemq] [8e15ac09] INFO  - [HiveMQ Platform Operator Init App 1.7.0-SNAPSHOT] Shutting down
2025-01-29 13:57:47,368 INFO c.h.h.t.HelmChartContainer - [hivemq-test-hivemq-platform] [hivemq-platform-operator] [1b036211] 13:57:47.359 [ReconcilerExecutor-hivemq-controller-115] DEBUG c.h.p.operator.event.EventSender - [helmmqtt] Creating K8s event hivemq-platform-invalid-configuration: [Start] Could not find ConfigMap 'hivemq-configuration-test-hivemq-platform' for HiveMQ Platform configuration
2025-01-29 13:57:47,369 INFO c.h.h.t.HelmChartContainer - [test-hivemq-platform] [hivemq] [8e15ac09] INFO  - [HiveMQ Platform Operator Init App 1.7.0-SNAPSHOT] Stopping the HiveMQ Platform
2025-01-29 13:57:47,372 INFO c.h.h.t.HelmChartContainer - [EVENT] Warning [Start] Could not find ConfigMap 'hivemq-configuration-test-hivemq-platform' for HiveMQ Platform configuration [helmmqttit:test-hivemq-platform]
2025-01-29 13:57:47,423 INFO c.h.h.t.HelmChartContainer - [K3S] [authentication.go:74] "Unable to authenticate the request" err="[invalid bearer token, serviceaccounts \"hivemq-platform-pod-test-hivemq-platform\" not found]"
2025-01-29 13:57:47,426 INFO c.h.h.t.HelmChartContainer - [hivemq-test-hivemq-platform] [hivemq-platform-operator] [1b036211] 13:57:47.425 [ReconcilerExecutor-hivemq-controller-115] INFO  c.h.p.o.h.AbstractHiveMQReconcilerStateHandler - [helmmqtt] Update HiveMQ Platform Status (RUNNING [READY] -> ERROR [INVALID_CONFIG_MAP]): Could not find ConfigMap 'hivemq-configuration-test-hivemq-platform' for HiveMQ Platform configuration (reconciliation requests: ROLLING_RESTART)
2025-01-29 13:57:47,467 INFO c.h.h.t.HelmChartContainer - [hivemq-test-hivemq-platform] [hivemq-platform-operator] [1b036211] 13:57:47.461 [ReconcilerExecutor-hivemq-controller-115] ERROR i.j.o.p.event.EventProcessor - Error during event processing ExecutionScope{ resource id: ResourceID{name='test-hivemq-platform', namespace='helmmqttit'}, version: 870}
2025-01-29 13:57:47,467 INFO c.h.h.t.HelmChartContainer - [hivemq-test-hivemq-platform] [hivemq-platform-operator] [1b036211] io.fabric8.kubernetes.client.KubernetesClientException: Failure executing: PUT at: https://10.43.0.1:443/apis/hivemq.com/v1/namespaces/helmmqttit/hivemq-platforms/test-hivemq-platform/status. Message: Operation cannot be fulfilled on hivemq-platforms.hivemq.com "test-hivemq-platform": the object has been modified; please apply your changes to the latest version and try again. Received status: Status(apiVersion=v1, code=409, details=StatusDetails(causes=[], group=hivemq.com, kind=hivemq-platforms, name=test-hivemq-platform, retryAfterSeconds=null, uid=null, additionalProperties={}), kind=Status, message=Operation cannot be fulfilled on hivemq-platforms.hivemq.com "test-hivemq-platform": the object has been modified; please apply your changes to the latest version and try again, metadata=ListMeta(_continue=null, remainingItemCount=null, resourceVersion=null, selfLink=null, additionalProperties={}), reason=Conflict, status=Failure, additionalProperties={}).
2025-01-29 13:57:47,467 INFO c.h.h.t.HelmChartContainer - [hivemq-test-hivemq-platform] [hivemq-platform-operator] [1b036211] 	at io.fabric8.kubernetes.client.KubernetesClientException.copyAsCause(KubernetesClientException.java:238)
2025-01-29 13:57:47,467 INFO c.h.h.t.HelmChartContainer - [hivemq-test-hivemq-platform] [hivemq-platform-operator] [1b036211] 	at io.fabric8.kubernetes.client.dsl.internal.OperationSupport.waitForResult(OperationSupport.java:507)
2025-01-29 13:57:47,467 INFO c.h.h.t.HelmChartContainer - [hivemq-test-hivemq-platform] [hivemq-platform-operator] [1b036211] 	at io.fabric8.kubernetes.client.dsl.internal.OperationSupport.handleResponse(OperationSupport.java:524)
2025-01-29 13:57:47,467 INFO c.h.h.t.HelmChartContainer - [hivemq-test-hivemq-platform] [hivemq-platform-operator] [1b036211] 	at io.fabric8.kubernetes.client.dsl.internal.OperationSupport.handleUpdate(OperationSupport.java:358)
2025-01-29 13:57:47,467 INFO c.h.h.t.HelmChartContainer - [hivemq-test-hivemq-platform] [hivemq-platform-operator] [1b036211] 	at io.fabric8.kubernetes.client.dsl.internal.BaseOperation.handleUpdate(BaseOperation.java:759)
2025-01-29 13:57:47,467 INFO c.h.h.t.HelmChartContainer - [hivemq-test-hivemq-platform] [hivemq-platform-operator] [1b036211] 	at io.fabric8.kubernetes.client.dsl.internal.HasMetadataOperation.update(HasMetadataOperation.java:138)
2025-01-29 13:57:47,467 INFO c.h.h.t.HelmChartContainer - [hivemq-test-hivemq-platform] [hivemq-platform-operator] [1b036211] 	at io.fabric8.kubernetes.client.dsl.internal.HasMetadataOperation.update(HasMetadataOperation.java:121)
2025-01-29 13:57:47,467 INFO c.h.h.t.HelmChartContainer - [hivemq-test-hivemq-platform] [hivemq-platform-operator] [1b036211] 	at io.fabric8.kubernetes.client.dsl.internal.HasMetadataOperation.updateStatus(HasMetadataOperation.java:126)
2025-01-29 13:57:47,467 INFO c.h.h.t.HelmChartContainer - [hivemq-test-hivemq-platform] [hivemq-platform-operator] [1b036211] 	at io.fabric8.kubernetes.client.dsl.internal.HasMetadataOperation.updateStatus(HasMetadataOperation.java:44)
2025-01-29 13:57:47,467 INFO c.h.h.t.HelmChartContainer - [hivemq-test-hivemq-platform] [hivemq-platform-operator] [1b036211] 	at io.javaoperatorsdk.operator.processing.event.ReconciliationDispatcher$CustomResourceFacade.updateStatus(ReconciliationDispatcher.java:408)
2025-01-29 13:57:47,467 INFO c.h.h.t.HelmChartContainer - [hivemq-test-hivemq-platform] [hivemq-platform-operator] [1b036211] 	at io.javaoperatorsdk.operator.processing.event.ReconciliationDispatcher.updateStatusGenerationAware(ReconciliationDispatcher.java:228)
2025-01-29 13:57:47,467 INFO c.h.h.t.HelmChartContainer - [hivemq-test-hivemq-platform] [hivemq-platform-operator] [1b036211] 	at io.javaoperatorsdk.operator.processing.event.ReconciliationDispatcher.reconcileExecution(ReconciliationDispatcher.java:150)
2025-01-29 13:57:47,467 INFO c.h.h.t.HelmChartContainer - [hivemq-test-hivemq-platform] [hivemq-platform-operator] [1b036211] 	at io.javaoperatorsdk.operator.processing.event.ReconciliationDispatcher.handleReconcile(ReconciliationDispatcher.java:117)
2025-01-29 13:57:47,467 INFO c.h.h.t.HelmChartContainer - [hivemq-test-hivemq-platform] [hivemq-platform-operator] [1b036211] 	at io.javaoperatorsdk.operator.processing.event.ReconciliationDispatcher.handleDispatch(ReconciliationDispatcher.java:91)
2025-01-29 13:57:47,467 INFO c.h.h.t.HelmChartContainer - [hivemq-test-hivemq-platform] [hivemq-platform-operator] [1b036211] 	at io.javaoperatorsdk.operator.processing.event.ReconciliationDispatcher.handleExecution(ReconciliationDispatcher.java:64)
2025-01-29 13:57:47,467 INFO c.h.h.t.HelmChartContainer - [hivemq-test-hivemq-platform] [hivemq-platform-operator] [1b036211] 	at io.javaoperatorsdk.operator.processing.event.EventProcessor$ReconcilerExecutor.run(EventProcessor.java:452)
2025-01-29 13:57:47,467 INFO c.h.h.t.HelmChartContainer - [hivemq-test-hivemq-platform] [hivemq-platform-operator] [1b036211] 	at java.base/java.util.concurrent.ThreadPoolExecutor.runWorker(Unknown Source)
2025-01-29 13:57:47,467 INFO c.h.h.t.HelmChartContainer - [hivemq-test-hivemq-platform] [hivemq-platform-operator] [1b036211] 	at java.base/java.util.concurrent.ThreadPoolExecutor$Worker.run(Unknown Source)
2025-01-29 13:57:47,467 INFO c.h.h.t.HelmChartContainer - [hivemq-test-hivemq-platform] [hivemq-platform-operator] [1b036211] 	at java.base/java.lang.Thread.run(Unknown Source)
2025-01-29 13:57:47,467 INFO c.h.h.t.HelmChartContainer - [hivemq-test-hivemq-platform] [hivemq-platform-operator] [1b036211] Caused by: io.fabric8.kubernetes.client.KubernetesClientException: Failure executing: PUT at: https://10.43.0.1:443/apis/hivemq.com/v1/namespaces/helmmqttit/hivemq-platforms/test-hivemq-platform/status. Message: Operation cannot be fulfilled on hivemq-platforms.hivemq.com "test-hivemq-platform": the object has been modified; please apply your changes to the latest version and try again. Received status: Status(apiVersion=v1, code=409, details=StatusDetails(causes=[], group=hivemq.com, kind=hivemq-platforms, name=test-hivemq-platform, retryAfterSeconds=null, uid=null, additionalProperties={}), kind=Status, message=Operation cannot be fulfilled on hivemq-platforms.hivemq.com "test-hivemq-platform": the object has been modified; please apply your changes to the latest version and try again, metadata=ListMeta(_continue=null, remainingItemCount=null, resourceVersion=null, selfLink=null, additionalProperties={}), reason=Conflict, status=Failure, additionalProperties={}).
2025-01-29 13:57:47,467 INFO c.h.h.t.HelmChartContainer - [hivemq-test-hivemq-platform] [hivemq-platform-operator] [1b036211] 	at io.fabric8.kubernetes.client.dsl.internal.OperationSupport.requestFailure(OperationSupport.java:660)
2025-01-29 13:57:47,467 INFO c.h.h.t.HelmChartContainer - [hivemq-test-hivemq-platform] [hivemq-platform-operator] [1b036211] 	at io.fabric8.kubernetes.client.dsl.internal.OperationSupport.requestFailure(OperationSupport.java:640)
2025-01-29 13:57:47,467 INFO c.h.h.t.HelmChartContainer - [hivemq-test-hivemq-platform] [hivemq-platform-operator] [1b036211] 	at io.fabric8.kubernetes.client.dsl.internal.OperationSupport.assertResponseCode(OperationSupport.java:589)
2025-01-29 13:57:47,467 INFO c.h.h.t.HelmChartContainer - [hivemq-test-hivemq-platform] [hivemq-platform-operator] [1b036211] 	at io.fabric8.kubernetes.client.dsl.internal.OperationSupport.lambda$handleResponse$0(OperationSupport.java:549)
2025-01-29 13:57:47,467 INFO c.h.h.t.HelmChartContainer - [hivemq-test-hivemq-platform] [hivemq-platform-operator] [1b036211] 	at java.base/java.util.concurrent.CompletableFuture$UniApply.tryFire(Unknown Source)
2025-01-29 13:57:47,467 INFO c.h.h.t.HelmChartContainer - [hivemq-test-hivemq-platform] [hivemq-platform-operator] [1b036211] 	at java.base/java.util.concurrent.CompletableFuture.postComplete(Unknown Source)
2025-01-29 13:57:47,467 INFO c.h.h.t.HelmChartContainer - [hivemq-test-hivemq-platform] [hivemq-platform-operator] [1b036211] 	at java.base/java.util.concurrent.CompletableFuture.complete(Unknown Source)
2025-01-29 13:57:47,467 INFO c.h.h.t.HelmChartContainer - [hivemq-test-hivemq-platform] [hivemq-platform-operator] [1b036211] 	at io.fabric8.kubernetes.client.http.StandardHttpClient.lambda$completeOrCancel$10(StandardHttpClient.java:141)
2025-01-29 13:57:47,467 INFO c.h.h.t.HelmChartContainer - [hivemq-test-hivemq-platform] [hivemq-platform-operator] [1b036211] 	at java.base/java.util.concurrent.CompletableFuture.uniWhenComplete(Unknown Source)
2025-01-29 13:57:47,467 INFO c.h.h.t.HelmChartContainer - [hivemq-test-hivemq-platform] [hivemq-platform-operator] [1b036211] 	at java.base/java.util.concurrent.CompletableFuture$UniWhenComplete.tryFire(Unknown Source)
2025-01-29 13:57:47,467 INFO c.h.h.t.HelmChartContainer - [hivemq-test-hivemq-platform] [hivemq-platform-operator] [1b036211] 	at java.base/java.util.concurrent.CompletableFuture.postComplete(Unknown Source)
2025-01-29 13:57:47,467 INFO c.h.h.t.HelmChartContainer - [hivemq-test-hivemq-platform] [hivemq-platform-operator] [1b036211] 	at java.base/java.util.concurrent.CompletableFuture.complete(Unknown Source)
2025-01-29 13:57:47,467 INFO c.h.h.t.HelmChartContainer - [hivemq-test-hivemq-platform] [hivemq-platform-operator] [1b036211] 	at io.fabric8.kubernetes.client.http.ByteArrayBodyHandler.onBodyDone(ByteArrayBodyHandler.java:51)
2025-01-29 13:57:47,467 INFO c.h.h.t.HelmChartContainer - [hivemq-test-hivemq-platform] [hivemq-platform-operator] [1b036211] 	at java.base/java.util.concurrent.CompletableFuture.uniWhenComplete(Unknown Source)
2025-01-29 13:57:47,467 INFO c.h.h.t.HelmChartContainer - [hivemq-test-hivemq-platform] [hivemq-platform-operator] [1b036211] 	at java.base/java.util.concurrent.CompletableFuture$UniWhenComplete.tryFire(Unknown Source)
2025-01-29 13:57:47,467 INFO c.h.h.t.HelmChartContainer - [hivemq-test-hivemq-platform] [hivemq-platform-operator] [1b036211] 	at java.base/java.util.concurrent.CompletableFuture.postComplete(Unknown Source)
2025-01-29 13:57:47,467 INFO c.h.h.t.HelmChartContainer - [hivemq-test-hivemq-platform] [hivemq-platform-operator] [1b036211] 	at java.base/java.util.concurrent.CompletableFuture.complete(Unknown Source)
2025-01-29 13:57:47,467 INFO c.h.h.t.HelmChartContainer - [hivemq-test-hivemq-platform] [hivemq-platform-operator] [1b036211] 	at io.fabric8.kubernetes.client.vertx.VertxHttpRequest.lambda$null$1(VertxHttpRequest.java:121)
2025-01-29 13:57:47,467 INFO c.h.h.t.HelmChartContainer - [hivemq-test-hivemq-platform] [hivemq-platform-operator] [1b036211] 	at io.vertx.core.impl.ContextInternal.dispatch(ContextInternal.java:279)
2025-01-29 13:57:47,467 INFO c.h.h.t.HelmChartContainer - [hivemq-test-hivemq-platform] [hivemq-platform-operator] [1b036211] 	at io.vertx.core.impl.ContextInternal.dispatch(ContextInternal.java:261)
2025-01-29 13:57:47,467 INFO c.h.h.t.HelmChartContainer - [hivemq-test-hivemq-platform] [hivemq-platform-operator] [1b036211] 	at io.vertx.core.http.impl.HttpEventHandler.handleEnd(HttpEventHandler.java:76)
2025-01-29 13:57:47,467 INFO c.h.h.t.HelmChartContainer - [hivemq-test-hivemq-platform] [hivemq-platform-operator] [1b036211] 	at io.vertx.core.http.impl.HttpClientResponseImpl.handleEnd(HttpClientResponseImpl.java:250)
2025-01-29 13:57:47,467 INFO c.h.h.t.HelmChartContainer - [hivemq-test-hivemq-platform] [hivemq-platform-operator] [1b036211] 	at io.vertx.core.http.impl.Http1xClientConnection$StreamImpl.lambda$new$0(Http1xClientConnection.java:421)
2025-01-29 13:57:47,467 INFO c.h.h.t.HelmChartContainer - [hivemq-test-hivemq-platform] [hivemq-platform-operator] [1b036211] 	at io.vertx.core.streams.impl.InboundBuffer.handleEvent(InboundBuffer.java:279)
2025-01-29 13:57:47,467 INFO c.h.h.t.HelmChartContainer - [hivemq-test-hivemq-platform] [hivemq-platform-operator] [1b036211] 	at io.vertx.core.streams.impl.InboundBuffer.write(InboundBuffer.java:157)
2025-01-29 13:57:47,467 INFO c.h.h.t.HelmChartContainer - [hivemq-test-hivemq-platform] [hivemq-platform-operator] [1b036211] 	at io.vertx.core.http.impl.Http1xClientConnection$StreamImpl.handleEnd(Http1xClientConnection.java:709)
2025-01-29 13:57:47,467 INFO c.h.h.t.HelmChartContainer - [hivemq-test-hivemq-platform] [hivemq-platform-operator] [1b036211] 	at io.vertx.core.impl.ContextImpl.lambda$execute$4(ContextImpl.java:315)
2025-01-29 13:57:47,467 INFO c.h.h.t.HelmChartContainer - [hivemq-test-hivemq-platform] [hivemq-platform-operator] [1b036211] 	at io.netty.util.concurrent.AbstractEventExecutor.runTask(AbstractEventExecutor.java:173)
2025-01-29 13:57:47,467 INFO c.h.h.t.HelmChartContainer - [hivemq-test-hivemq-platform] [hivemq-platform-operator] [1b036211] 	at io.netty.util.concurrent.AbstractEventExecutor.safeExecute(AbstractEventExecutor.java:166)
2025-01-29 13:57:47,467 INFO c.h.h.t.HelmChartContainer - [hivemq-test-hivemq-platform] [hivemq-platform-operator] [1b036211] 	at io.netty.util.concurrent.SingleThreadEventExecutor.runAllTasks(SingleThreadEventExecutor.java:472)
2025-01-29 13:57:47,467 INFO c.h.h.t.HelmChartContainer - [hivemq-test-hivemq-platform] [hivemq-platform-operator] [1b036211] 	at io.netty.channel.nio.NioEventLoop.run(NioEventLoop.java:569)
2025-01-29 13:57:47,467 INFO c.h.h.t.HelmChartContainer - [hivemq-test-hivemq-platform] [hivemq-platform-operator] [1b036211] 	at io.netty.util.concurrent.SingleThreadEventExecutor$4.run(SingleThreadEventExecutor.java:997)
2025-01-29 13:57:47,467 INFO c.h.h.t.HelmChartContainer - [hivemq-test-hivemq-platform] [hivemq-platform-operator] [1b036211] 	at io.netty.util.internal.ThreadExecutorMap$2.run(ThreadExecutorMap.java:74)
2025-01-29 13:57:47,467 INFO c.h.h.t.HelmChartContainer - [hivemq-test-hivemq-platform] [hivemq-platform-operator] [1b036211] 	at io.netty.util.concurrent.FastThreadLocalRunnable.run(FastThreadLocalRunnable.java:30)
2025-01-29 13:57:47,467 INFO c.h.h.t.HelmChartContainer - [hivemq-test-hivemq-platform] [hivemq-platform-operator] [1b036211] 	... 1 common frames omitted
2025-01-29 13:57:47,475 INFO c.h.h.t.HelmChartContainer - [hivemq-test-hivemq-platform] [hivemq-platform-operator] [1b036211] 13:57:47.471 [ReconcilerExecutor-hivemq-controller-119] INFO  c.h.p.o.HiveMQPlatformReconciler - [helmmqtt] Cleanup test-hivemq-platform - helmmqttit HiveMQ Platform is shut down
2025-01-29 13:57:47,525 INFO c.h.h.t.HelmChartContainer - [test-hivemq-platform] [hivemq] [8e15ac09] WARN  - [HiveMQ Platform Operator Init App 1.7.0-SNAPSHOT] Could not update Pod annotations: Failure executing: GET at: https://10.43.0.1:443/api/v1/namespaces/helmmqttit/pods/test-hivemq-platform-0. Message: Unauthorized. Received status: Status(apiVersion=v1, code=401, details=null, kind=Status, message=Unauthorized, metadata=ListMeta(_continue=null, remainingItemCount=null, resourceVersion=null, selfLink=null, additionalProperties={}), reason=Unauthorized, status=Failure, additionalProperties={}).
2025-01-29 13:57:47,629 INFO c.h.h.t.HelmChartContainer - [test-hivemq-platform] [hivemq] [8e15ac09] INFO  - Shutting down HiveMQ. Please wait, this could take a while...
2025-01-29 13:57:47,717 INFO c.h.h.t.HelmChartContainer - [test-hivemq-platform] [hivemq] [8e15ac09] INFO  - Shutting down listeners and clients
2025-01-29 13:57:47,718 INFO c.h.h.t.HelmChartContainer - [test-hivemq-platform] [hivemq] [8e15ac09] INFO  - Shutdown of listeners is done
2025-01-29 13:57:47,719 INFO c.h.h.t.HelmChartContainer - [test-hivemq-platform] [hivemq] [8e15ac09] INFO  - No clients are connected, proceeding with shutdown
2025-01-29 13:57:49,073 INFO c.h.h.t.HelmChartContainer - Deleting namespace 'helmmqttit'...
2025-01-29 13:57:50,928 INFO c.h.h.t.HelmChartContainer - [test-hivemq-platform] [hivemq] [8e15ac09] INFO  - Shutting down extension system
2025-01-29 13:57:50,930 INFO c.h.h.t.HelmChartContainer - [test-hivemq-platform] [hivemq] [8e15ac09] INFO  - Stopping extension with id hivemq-dns-cluster-discovery
2025-01-29 13:57:50,930 INFO c.h.h.t.HelmChartContainer - [test-hivemq-platform] [hivemq] [8e15ac09] INFO  - Extension "DNS Cluster Discovery Extension" version 4.3.2 stopped successfully.
2025-01-29 13:57:50,931 INFO c.h.h.t.HelmChartContainer - [test-hivemq-platform] [hivemq] [8e15ac09] INFO  - Stopping extension with id hivemq-prometheus-extension
2025-01-29 13:57:50,934 INFO c.h.h.t.HelmChartContainer - [test-hivemq-platform] [hivemq] [8e15ac09] INFO  - Extension "Prometheus Monitoring Extension" version 4.0.12 stopped successfully.
2025-01-29 13:57:50,935 INFO c.h.h.t.HelmChartContainer - [test-hivemq-platform] [hivemq] [8e15ac09] INFO  - Stopping extension with id hivemq-allow-all-extension
2025-01-29 13:57:50,935 INFO c.h.h.t.HelmChartContainer - [test-hivemq-platform] [hivemq] [8e15ac09] INFO  - Extension "Allow All Extension" version 1.1.1 stopped successfully.
2025-01-29 13:57:51,738 INFO c.h.h.t.HelmChartContainer - [test-hivemq-platform] [hivemq] [8e15ac09] INFO  - [HiveMQ Platform Operator Init App 1.7.0-SNAPSHOT] Returning shutdown Health API response 503 for readiness
2025-01-29 13:57:51,742 INFO c.h.h.t.HelmChartContainer - [EVENT] Warning [Unhealthy] Readiness probe failed: HTTP probe failed with statuscode: 503 [helmmqttit:test-hivemq-platform-0]
2025-01-29 13:57:51,742 INFO c.h.h.t.HelmChartContainer - Received Unhealthy event for container hivemq in pod test-hivemq-platform-0 [8e15ac09-b117-4ff5-a874-d86547c58a33]
2025-01-29 13:57:52,528 INFO c.h.h.t.HelmChartContainer - [K3S] [authentication.go:74] "Unable to authenticate the request" err="[invalid bearer token, serviceaccounts \"hivemq-platform-pod-test-hivemq-platform\" not found]"
2025-01-29 13:57:52,541 INFO c.h.h.t.HelmChartContainer - [K3S] [authentication.go:74] "Unable to authenticate the request" err="[invalid bearer token, serviceaccounts \"hivemq-platform-pod-test-hivemq-platform\" not found]"
2025-01-29 13:57:52,543 INFO c.h.h.t.HelmChartContainer - [test-hivemq-platform] [hivemq] [8e15ac09] WARN  - [HiveMQ Platform Operator Init App 1.7.0-SNAPSHOT] Could not update Pod annotations: Failure executing: GET at: https://10.43.0.1:443/api/v1/namespaces/helmmqttit/pods/test-hivemq-platform-0. Message: Unauthorized. Received status: Status(apiVersion=v1, code=401, details=null, kind=Status, message=Unauthorized, metadata=ListMeta(_continue=null, remainingItemCount=null, resourceVersion=null, selfLink=null, additionalProperties={}), reason=Unauthorized, status=Failure, additionalProperties={}).
2025-01-29 13:57:53,218 INFO c.h.h.t.HelmChartContainer - [test-hivemq-platform] [hivemq] [8e15ac09] INFO  - Shutdown completed.
2025-01-29 13:57:53,565 INFO c.h.h.t.HelmChartContainer - [test-hivemq-platform] [hivemq] [8e15ac09] INFO  - [HiveMQ Platform Operator Init App 1.7.0-SNAPSHOT] The HiveMQ Platform exited with code 143
2025-01-29 13:57:53,565 INFO c.h.h.t.HelmChartContainer - [test-hivemq-platform] [hivemq] [8e15ac09] INFO  - [HiveMQ Platform Operator Init App 1.7.0-SNAPSHOT] Stopping the REST API
2025-01-29 13:57:53,574 INFO c.h.h.t.HelmChartContainer - [test-hivemq-platform] [hivemq] [8e15ac09] INFO  - [HiveMQ Platform Operator Init App 1.7.0-SNAPSHOT] Shutdown complete
2025-01-29 13:57:54,024 INFO c.h.h.t.HelmChartContainer - [K3S] [stateful_set.go:438] "Unhandled Error" err="error syncing StatefulSet helmmqttit/test-hivemq-platform, requeuing: controllerrevisions.apps \"test-hivemq-platform-86c78c5c66\" is forbidden: unable to create new content in namespace helmmqttit because it is being terminated"
2025-01-29 13:57:54,024 INFO c.h.h.t.HelmChartContainer - [POD] test-hivemq-platform-0 [8e15ac09-b117-4ff5-a874-d86547c58a33] in helmmqttit was MODIFIED
2025-01-29 13:57:54,034 INFO c.h.h.t.HelmChartContainer - [K3S] [stateful_set.go:438] "Unhandled Error" err="error syncing StatefulSet helmmqttit/test-hivemq-platform, requeuing: controllerrevisions.apps \"test-hivemq-platform-86c78c5c66\" is forbidden: unable to create new content in namespace helmmqttit because it is being terminated"
2025-01-29 13:57:54,048 INFO c.h.h.t.HelmChartContainer - [K3S] [stateful_set.go:438] "Unhandled Error" err="error syncing StatefulSet helmmqttit/test-hivemq-platform, requeuing: controllerrevisions.apps \"test-hivemq-platform-86c78c5c66\" is forbidden: unable to create new content in namespace helmmqttit because it is being terminated"
2025-01-29 13:57:54,072 INFO c.h.h.t.HelmChartContainer - [K3S] [stateful_set.go:438] "Unhandled Error" err="error syncing StatefulSet helmmqttit/test-hivemq-platform, requeuing: controllerrevisions.apps \"test-hivemq-platform-86c78c5c66\" is forbidden: unable to create new content in namespace helmmqttit because it is being terminated"
2025-01-29 13:57:54,091 INFO c.h.h.t.HelmChartContainer - [K3S] [reconciler_common.go:162] "operationExecutor.UnmountVolume started for volume \"operator-init\" (UniqueName: \"kubernetes.io/empty-dir/8e15ac09-b117-4ff5-a874-d86547c58a33-operator-init\") pod \"8e15ac09-b117-4ff5-a874-d86547c58a33\" (UID: \"8e15ac09-b117-4ff5-a874-d86547c58a33\") "
2025-01-29 13:57:54,091 INFO c.h.h.t.HelmChartContainer - [K3S] [reconciler_common.go:162] "operationExecutor.UnmountVolume started for volume \"kube-api-access-78nbh\" (UniqueName: \"kubernetes.io/projected/8e15ac09-b117-4ff5-a874-d86547c58a33-kube-api-access-78nbh\") pod \"8e15ac09-b117-4ff5-a874-d86547c58a33\" (UID: \"8e15ac09-b117-4ff5-a874-d86547c58a33\") "
2025-01-29 13:57:54,091 INFO c.h.h.t.HelmChartContainer - [K3S] [reconciler_common.go:162] "operationExecutor.UnmountVolume started for volume \"broker-configuration\" (UniqueName: \"kubernetes.io/configmap/8e15ac09-b117-4ff5-a874-d86547c58a33-broker-configuration\") pod \"8e15ac09-b117-4ff5-a874-d86547c58a33\" (UID: \"8e15ac09-b117-4ff5-a874-d86547c58a33\") "
2025-01-29 13:57:54,091 INFO c.h.h.t.HelmChartContainer - [K3S] [reconciler_common.go:162] "operationExecutor.UnmountVolume started for volume \"pod-info\" (UniqueName: \"kubernetes.io/configmap/8e15ac09-b117-4ff5-a874-d86547c58a33-pod-info\") pod \"8e15ac09-b117-4ff5-a874-d86547c58a33\" (UID: \"8e15ac09-b117-4ff5-a874-d86547c58a33\") "
2025-01-29 13:57:54,115 INFO c.h.h.t.HelmChartContainer - [K3S] [stateful_set.go:438] "Unhandled Error" err="error syncing StatefulSet helmmqttit/test-hivemq-platform, requeuing: controllerrevisions.apps \"test-hivemq-platform-86c78c5c66\" is forbidden: unable to create new content in namespace helmmqttit because it is being terminated"
2025-01-29 13:57:54,119 INFO c.h.h.t.HelmChartContainer - [K3S] [stateful_set.go:466] "StatefulSet has been deleted" key="helmmqttit/test-hivemq-platform"
2025-01-29 13:57:54,191 INFO c.h.h.t.HelmChartContainer - [K3S] [reconciler_common.go:299] "Volume detached for volume \"kube-api-access-78nbh\" (UniqueName: \"kubernetes.io/projected/8e15ac09-b117-4ff5-a874-d86547c58a33-kube-api-access-78nbh\") on node \"b2f104d21a5d\" DevicePath \"\""
2025-01-29 13:57:54,191 INFO c.h.h.t.HelmChartContainer - [K3S] [reconciler_common.go:299] "Volume detached for volume \"operator-init\" (UniqueName: \"kubernetes.io/empty-dir/8e15ac09-b117-4ff5-a874-d86547c58a33-operator-init\") on node \"b2f104d21a5d\" DevicePath \"\""
2025-01-29 13:57:54,191 INFO c.h.h.t.HelmChartContainer - [K3S] [reconciler_common.go:299] "Volume detached for volume \"broker-configuration\" (UniqueName: \"kubernetes.io/configmap/8e15ac09-b117-4ff5-a874-d86547c58a33-broker-configuration\") on node \"b2f104d21a5d\" DevicePath \"\""
2025-01-29 13:57:54,191 INFO c.h.h.t.HelmChartContainer - [K3S] [reconciler_common.go:299] "Volume detached for volume \"pod-info\" (UniqueName: \"kubernetes.io/configmap/8e15ac09-b117-4ff5-a874-d86547c58a33-pod-info\") on node \"b2f104d21a5d\" DevicePath \"\""
2025-01-29 13:57:54,196 INFO c.h.h.t.HelmChartContainer - [K3S] [stateful_set.go:466] "StatefulSet has been deleted" key="helmmqttit/test-hivemq-platform"
2025-01-29 13:57:54,237 INFO c.h.h.t.HelmChartContainer - [K3S] [namespace_controller.go:164] "Unhandled Error" err="deletion of namespace helmmqttit failed: unexpected items still remain in namespace: helmmqttit for gvr: /v1, Resource=pods"
2025-01-29 13:57:54,401 INFO c.h.h.t.HelmChartContainer - [K3S] [namespace_controller.go:164] "Unhandled Error" err="deletion of namespace helmmqttit failed: unexpected items still remain in namespace: helmmqttit for gvr: /v1, Resource=pods"
2025-01-29 13:57:54,499 INFO c.h.h.t.HelmChartContainer - [K3S] [namespace_controller.go:164] "Unhandled Error" err="deletion of namespace helmmqttit failed: unexpected items still remain in namespace: helmmqttit for gvr: /v1, Resource=pods"
2025-01-29 13:57:54,554 INFO c.h.h.t.HelmChartContainer - [K3S] [scope.go:117] "RemoveContainer" containerID="131f1ce572f115df375b169f1ef2f3eb1e6b1fd08ce5f47f213523576a9a9841"
2025-01-29 13:57:54,567 INFO c.h.h.t.HelmChartContainer - [POD] test-hivemq-platform-0 [8e15ac09-b117-4ff5-a874-d86547c58a33] in helmmqttit was MODIFIED
2025-01-29 13:57:54,576 INFO c.h.h.t.HelmChartContainer - [POD] test-hivemq-platform-0 [8e15ac09-b117-4ff5-a874-d86547c58a33] in helmmqttit was DELETED
2025-01-29 13:57:54,633 INFO c.h.h.t.HelmChartContainer - [K3S] [namespace_controller.go:164] "Unhandled Error" err="deletion of namespace helmmqttit failed: unexpected items still remain in namespace: helmmqttit for gvr: /v1, Resource=pods"
2025-01-29 13:57:54,668 INFO c.h.h.t.HelmChartContainer - [K3S] [scope.go:117] "RemoveContainer" containerID="3551bc39ef1e3eb8c26f0e973f0172adc51a1bd0f3ae38851242713b88f0de13"
2025-01-29 13:57:54,672 INFO c.h.h.t.HelmChartContainer - [K3S] [scope.go:117] "RemoveContainer" containerID="131f1ce572f115df375b169f1ef2f3eb1e6b1fd08ce5f47f213523576a9a9841"
2025-01-29 13:57:54,672 INFO c.h.h.t.HelmChartContainer - [K3S] [scope.go:117] "RemoveContainer" containerID="3551bc39ef1e3eb8c26f0e973f0172adc51a1bd0f3ae38851242713b88f0de13"
2025-01-29 13:57:54,801 INFO c.h.h.t.HelmChartContainer - Namespace 'helmmqttit' deleted
2025-01-29 13:57:54,801 INFO c.h.h.t.HelmChartContainer - Release 'test-hivemq-platform' in namespace 'helmmqttit' is uninstalled
2025-01-29 13:57:54,801 INFO c.h.h.t.HelmChartContainer - Uninstalling release 'test-hivemq-platform-operator' in namespace 'helmmqttit-operator'...
2025-01-29 13:57:54,801 DEBUG c.h.h.t.HelmChartContainer - Executing helm command: /bin/helm --kubeconfig /etc/rancher/k3s/k3s.yaml uninstall test-hivemq-platform-operator  --wait --timeout 5m0s --cascade foreground --namespace helmmqttit-operator
2025-01-29 13:57:54,974 INFO c.h.h.t.HelmChartContainer - [K3S] [replica_set.go:679] "Finished syncing" kind="ReplicaSet" key="helmmqttit-operator/hivemq-test-hivemq-platform-operator-6966f96d65" duration="11.342265ms"
2025-01-29 13:57:54,974 INFO c.h.h.t.HelmChartContainer - [K3S] [replica_set.go:679] "Finished syncing" kind="ReplicaSet" key="helmmqttit-operator/hivemq-test-hivemq-platform-operator-6966f96d65" duration="36.067µs"
2025-01-29 13:57:54,997 INFO c.h.h.t.HelmChartContainer - [POD] hivemq-test-hivemq-platform-operator-6966f96d65-7kn67 [1b036211-fd00-4159-8a45-12290fb8b8ec] in helmmqttit-operator was MODIFIED
2025-01-29 13:57:55,002 INFO c.h.h.t.HelmChartContainer - [EVENT] Normal [Killing] Stopping container hivemq-platform-operator [helmmqttit-operator:hivemq-test-hivemq-platform-operator-6966f96d65-7kn67]
2025-01-29 13:57:55,002 INFO c.h.h.t.HelmChartContainer - Received Killing event for container hivemq-platform-operator in pod hivemq-test-hivemq-platform-operator-6966f96d65-7kn67 [1b036211-fd00-4159-8a45-12290fb8b8ec]
2025-01-29 13:57:55,002 INFO c.h.h.t.HelmChartContainer - Container [hivemq-test-hivemq-platform-operator-6966f96d65-7kn67] [hivemq-platform-operator] [1b036211-fd00-4159-8a45-12290fb8b8ec] was terminated
2025-01-29 13:57:55,003 INFO c.h.h.t.HelmChartContainer - Stopped log watcher for hivemq-platform-operator in pod hivemq-test-hivemq-platform-operator-6966f96d65-7kn67 [1b036211-fd00-4159-8a45-12290fb8b8ec]
2025-01-29 13:57:55,005 INFO c.h.h.t.HelmChartContainer - [K3S] [replica_set.go:679] "Finished syncing" kind="ReplicaSet" key="helmmqttit-operator/hivemq-test-hivemq-platform-operator-6966f96d65" duration="13.90792ms"
2025-01-29 13:57:55,006 INFO c.h.h.t.HelmChartContainer - [K3S] [replica_set.go:679] "Finished syncing" kind="ReplicaSet" key="helmmqttit-operator/hivemq-test-hivemq-platform-operator-6966f96d65" duration="1.915857ms"
2025-01-29 13:57:55,007 INFO c.h.h.t.HelmChartContainer - [hivemq-test-hivemq-platform] [hivemq-platform-operator] [1b036211] 13:57:55.006 [application-shutdown-thread] INFO  c.h.p.o.HiveMQPlatformOperatorApplication - HiveMQ Platform Operator is stopping...
2025-01-29 13:57:55,008 INFO c.h.h.t.HelmChartContainer - [hivemq-test-hivemq-platform] [hivemq-platform-operator] [1b036211] 13:57:55.006 [application-shutdown-thread] INFO  i.javaoperatorsdk.operator.Operator - Operator SDK 4.9.7 is shutting down...
2025-01-29 13:57:55,557 INFO c.h.h.t.HelmChartContainer - [K3S] [pod_container_deletor.go:80] "Container not found in pod's containers" containerID="5f5562ea87f697300b3b3f7bcbc31ad1f4698271abaca6082ff1262bfc1df66b"
2025-01-29 13:57:55,594 INFO c.h.h.t.HelmChartContainer - [K3S] [replica_set.go:679] "Finished syncing" kind="ReplicaSet" key="helmmqttit-operator/hivemq-test-hivemq-platform-operator-6966f96d65" duration="43.051µs"
2025-01-29 13:57:55,595 INFO c.h.h.t.HelmChartContainer - [POD] hivemq-test-hivemq-platform-operator-6966f96d65-7kn67 [1b036211-fd00-4159-8a45-12290fb8b8ec] in helmmqttit-operator was MODIFIED
2025-01-29 13:57:55,596 INFO c.h.h.t.HelmChartContainer - [K3S] [reconciler_common.go:162] "operationExecutor.UnmountVolume started for volume \"kube-api-access-2sfgw\" (UniqueName: \"kubernetes.io/projected/1b036211-fd00-4159-8a45-12290fb8b8ec-kube-api-access-2sfgw\") pod \"1b036211-fd00-4159-8a45-12290fb8b8ec\" (UID: \"1b036211-fd00-4159-8a45-12290fb8b8ec\") "
2025-01-29 13:57:55,697 INFO c.h.h.t.HelmChartContainer - [K3S] [reconciler_common.go:299] "Volume detached for volume \"kube-api-access-2sfgw\" (UniqueName: \"kubernetes.io/projected/1b036211-fd00-4159-8a45-12290fb8b8ec-kube-api-access-2sfgw\") on node \"b2f104d21a5d\" DevicePath \"\""
2025-01-29 13:57:56,207 INFO c.h.h.t.HelmChartContainer - [K3S] [kubelet_volumes.go:163] "Cleaned up orphaned pod volumes dir" podUID="8e15ac09-b117-4ff5-a874-d86547c58a33" path="/var/lib/kubelet/pods/8e15ac09-b117-4ff5-a874-d86547c58a33/volumes"
2025-01-29 13:57:56,567 INFO c.h.h.t.HelmChartContainer - [K3S] [replica_set.go:679] "Finished syncing" kind="ReplicaSet" key="helmmqttit-operator/hivemq-test-hivemq-platform-operator-6966f96d65" duration="73.948µs"
2025-01-29 13:57:56,568 INFO c.h.h.t.HelmChartContainer - [POD] hivemq-test-hivemq-platform-operator-6966f96d65-7kn67 [1b036211-fd00-4159-8a45-12290fb8b8ec] in helmmqttit-operator was MODIFIED
2025-01-29 13:57:56,569 INFO c.h.h.t.HelmChartContainer - [K3S] [replica_set.go:679] "Finished syncing" kind="ReplicaSet" key="helmmqttit-operator/hivemq-test-hivemq-platform-operator-6966f96d65" duration="29.956µs"
2025-01-29 13:57:56,570 INFO c.h.h.t.HelmChartContainer - [POD] hivemq-test-hivemq-platform-operator-6966f96d65-7kn67 [1b036211-fd00-4159-8a45-12290fb8b8ec] in helmmqttit-operator was DELETED
2025-01-29 13:57:56,580 INFO c.h.h.t.HelmChartContainer - [K3S] [replica_set.go:679] "Finished syncing" kind="ReplicaSet" key="helmmqttit-operator/hivemq-test-hivemq-platform-operator-6966f96d65" duration="7.625µs"
2025-01-29 13:57:57,012 INFO c.h.h.t.HelmChartContainer - Deleting namespace 'helmmqttit-operator'...
2025-01-29 13:57:58,207 INFO c.h.h.t.HelmChartContainer - [K3S] [kubelet_volumes.go:163] "Cleaned up orphaned pod volumes dir" podUID="1b036211-fd00-4159-8a45-12290fb8b8ec" path="/var/lib/kubelet/pods/1b036211-fd00-4159-8a45-12290fb8b8ec/volumes"
2025-01-29 13:57:59,764 INFO c.h.h.t.HelmChartContainer - [K3S] [namespace_controller.go:187] "Namespace has been deleted" namespace="helmmqttit"
2025-01-29 13:58:02,230 INFO c.h.h.t.HelmChartContainer - Namespace 'helmmqttit-operator' deleted
2025-01-29 13:58:02,230 INFO c.h.h.t.HelmChartContainer - Release 'test-hivemq-platform-operator' in namespace 'helmmqttit-operator' is uninstalled
2025-01-29 13:58:03,042 INFO c.h.helmcharts.AbstractHelmChartIT - Removed unused containers:

2025-01-29 13:58:07,148 INFO c.h.h.t.HelmChartContainer - [K3S] [namespace_controller.go:187] "Namespace has been deleted" namespace="helmmqttit-operator"
2025-01-29 13:58:11,089 INFO c.h.helmcharts.AbstractHelmChartIT - Removed unused snapshots:
Removing snapshot sha256:03af251906410714c5aef9fa705b63f6bbc39c4a5e787de7361eeb18886c2ed2
Removing snapshot sha256:0c46b3b43cce082ce5ec34ffc6c294e0417d17b9d1e6f366d114b6aadc4f96dc
Removing snapshot sha256:0ce761beee59082d6ed5bcebd3a805b8ddd9b3426b617e4809e7fb7c6587ffec
Removing snapshot sha256:0df91287303208332c8ff6ba40ae4710105201739addbfbddfb955f1ad593664
Removing snapshot sha256:0ecdb74ccb731a156f08e2c24f71884cb7b54f057c1105e923610b9bed48063f
Removing snapshot sha256:1021ef88c7974bfff89c5a0ec4fd3160daac6c48a075f74cff721f85dd104e68
Removing snapshot sha256:10aba4953ddc18145dd38e3704709bc464aa20af60b56fe52caaff4b68411e62
Removing snapshot sha256:2573e0d8158209ed54ab25c87bcdcb00bd3d2539246960a3d592a1c599d70465
Removing snapshot sha256:362a8a37f8bbc31925a8146adcf7cf51f9882f5c1dcbef67c5baa03a297543c0
Removing snapshot sha256:3a073dc912c0263431cada6d7fe35f04a95394a7784fa29630e360ad4629e5fe
Removing snapshot sha256:3fa4ad33f0ddc8fd45b39b6b4640f82a3a83619606cd975bfe89d8710ad2d4cd
Removing snapshot sha256:43a7c979bbaba6838bc3102d6b10a1459f3ab050b87ccdfef84ef90cf43d3058
Removing snapshot sha256:4ab04491cdf0d3267f08206fe30bd48f49f94b9cab2f016d6739220f722a64af
Removing snapshot sha256:4b6068250e89c96f263060261819c7d912855bfbd64b3eb4c4a8483299b8c295
Removing snapshot sha256:580e69a0a8034ede1921139bbd2bfb72a69ebf276d008281896c32dd8bf74775
Removing snapshot sha256:5d30ba46b27fe37484567ccc5242cadc78217b8da605f3f195ef25cbf7487904
Removing snapshot sha256:63ca1fbb43ae5034640e5e6cb3e083e05c290072c5366fcaa9d62435a4cced85
Removing snapshot sha256:67f702c6baae873bceb19487c8b1f27bd2b86077e4f2f0e480e6d60ab508b8f5
Removing snapshot sha256:6864348dd42806d552efdec384f1274be15e2d0c10ce44c1f04347af004c10a9
Removing snapshot sha256:6c7dee8f2c39b84b7dc2711c01d33de93514d9055499173e9290176fbe484b6c
Removing snapshot sha256:82753493a6d61ded36556292f02f31841a14c20d2f279f19eaad65afb661d5cd
Removing snapshot sha256:8a10d3db42c505ee0fcfa98417bdd7e39b304f6bcc0a06bb1b220797ff2cc63c
Removing snapshot sha256:a21e5b12dbac529ad45d976eb9ce45c881f3bedcc500fb30aba1e52aa1813418
Removing snapshot sha256:b921e6c28969094157f9b8e7244677780319637afd14450b7cb6b2fdea558a0c
Removing snapshot sha256:bc27ecb5769a00e309cf99ebc763c4a4b958b618d1decc96ffac5bc05f02f5b7
Removing snapshot sha256:be3ccb6627a5332e309d45ef461d09b4879dd870c7394d89323d0ebc6ca6aa8a
Removing snapshot sha256:c261f7cbbc64211ee175ee47273acdb7b1a36a4450b397a064a8f2c026490095
Removing snapshot sha256:c34d9393647eea0c9e3557ab988efaf59f61d10a2a5613b439ef0958cca5ec10
Removing snapshot sha256:ccf3c4a0fa967a41c1c83497a2ce6fa5787965859df0adb32c4ca2cf7490bc2b
Removing snapshot sha256:cf92d33f869417309692088c341cd0f223c178ea78a125f757317b22aa8f90e9
Removing snapshot sha256:d0037344cf2fb078884f1849f6a1f8cf9a33a3b6139b6a85833e5ee528e1f9a8
Removing snapshot sha256:d3b36d5b79273b1e98e7700470eaeff05a882e777124d84cebcc1505b85ecb36
Removing snapshot sha256:d65a44a37914602d12c611e5e22a50f11451d847e63015cc1c2aef92dee777a4
Removing snapshot sha256:e2dc0bae2455930f23ae570e019b7f32edc75c0f2d71cab084db837ff9051796
Removing snapshot sha256:e31519795c7e3df686c447a21ec8d2eb301388a5e39ccf7f20a25c6f6ce3a522
Removing snapshot sha256:e9e86ed11d9bebc0707dd6f1166c51237ebb44f98657241f943261b2675a5449
Removing snapshot sha256:eccbd24a99c60cd9e86ee5305dbfc4a4dc89f5ab4fb1f06c8d64797cecedef34
Removing snapshot sha256:edd1404c718ab99ca3456bdf222065033800bb67d4334a9642746685a24394cd
Removing snapshot sha256:f144bb4c7c7f0d2aa7eeffd36d934ec40db1ee167be727e326aad9fdc616f475

]]></system-out>
  </testcase>
  <testcase name="platformChart_whenMqttLoadBalancerEnabled_thenSendsReceivesMessage()" classname="com.hivemq.helmcharts.services.HelmMqttIT" time="100.199">
    <system-out><![CDATA[2025-01-29 13:58:11,091 INFO c.h.h.t.HelmChartContainer - Creating namespace 'helmmqttit-operator'...
2025-01-29 13:58:11,096 INFO c.h.h.t.HelmChartContainer - Namespace 'helmmqttit-operator' created
2025-01-29 13:58:11,096 INFO c.h.h.t.HelmChartContainer - Creating namespace 'helmmqttit'...
2025-01-29 13:58:11,103 INFO c.h.h.t.HelmChartContainer - Namespace 'helmmqttit' created
2025-01-29 13:58:11,172 DEBUG c.h.h.t.HelmChartContainer - Executing helm command: /bin/helm --kubeconfig /etc/rancher/k3s/k3s.yaml install test-hivemq-platform-operator /charts/hivemq-platform-operator --wait --timeout 5m0s --set image.repository=docker.io/hivemq --set image.name=hivemq-platform-operator-test --set image.initImageName=hivemq-platform-operator-init-test --set image.tag=snapshot --set image.pullPolicy=Never --set logLevel=DEBUG --set resources.cpu=512m --namespace helmmqttit-operator
2025-01-29 13:58:11,474 INFO c.h.h.t.HelmChartContainer - [K3S] [alloc.go:330] "allocated clusterIPs" service="helmmqttit-operator/hivemq-platform-operator-test-hivemq-platform-operator" clusterIPs={"IPv4":"10.43.205.137"}
2025-01-29 13:58:11,491 INFO c.h.h.t.HelmChartContainer - [EVENT] Normal [ScalingReplicaSet] Scaled up replica set hivemq-test-hivemq-platform-operator-6966f96d65 from 0 to 1 [helmmqttit-operator:hivemq-test-hivemq-platform-operator]
2025-01-29 13:58:11,501 INFO c.h.h.t.HelmChartContainer - [POD] hivemq-test-hivemq-platform-operator-6966f96d65-kmzqk [0e75f06c-a493-4090-99a4-f32e59704e42] in helmmqttit-operator was ADDED
2025-01-29 13:58:11,508 INFO c.h.h.t.HelmChartContainer - [EVENT] Normal [SuccessfulCreate] Created pod: hivemq-test-hivemq-platform-operator-6966f96d65-kmzqk [helmmqttit-operator:hivemq-test-hivemq-platform-operator-6966f96d65]
2025-01-29 13:58:11,510 INFO c.h.h.t.HelmChartContainer - [K3S] [memory_manager.go:355] "RemoveStaleState removing state" podUID="1b036211-fd00-4159-8a45-12290fb8b8ec" containerName="hivemq-platform-operator"
2025-01-29 13:58:11,511 INFO c.h.h.t.HelmChartContainer - [K3S] [memory_manager.go:355] "RemoveStaleState removing state" podUID="8e15ac09-b117-4ff5-a874-d86547c58a33" containerName="hivemq"
2025-01-29 13:58:11,511 INFO c.h.h.t.HelmChartContainer - [POD] hivemq-test-hivemq-platform-operator-6966f96d65-kmzqk [0e75f06c-a493-4090-99a4-f32e59704e42] in helmmqttit-operator was MODIFIED
2025-01-29 13:58:11,511 INFO c.h.h.t.HelmChartContainer - [K3S] [replica_set.go:679] "Finished syncing" kind="ReplicaSet" key="helmmqttit-operator/hivemq-test-hivemq-platform-operator-6966f96d65" duration="23.695603ms"
2025-01-29 13:58:11,518 INFO c.h.h.t.HelmChartContainer - [EVENT] Normal [Scheduled] Successfully assigned helmmqttit-operator/hivemq-test-hivemq-platform-operator-6966f96d65-kmzqk to b2f104d21a5d [helmmqttit-operator:hivemq-test-hivemq-platform-operator-6966f96d65-kmzqk]
2025-01-29 13:58:11,526 INFO c.h.h.t.HelmChartContainer - [POD] hivemq-test-hivemq-platform-operator-6966f96d65-kmzqk [0e75f06c-a493-4090-99a4-f32e59704e42] in helmmqttit-operator was MODIFIED
2025-01-29 13:58:11,532 INFO c.h.h.t.HelmChartContainer - [K3S] [replica_set.go:679] "Finished syncing" kind="ReplicaSet" key="helmmqttit-operator/hivemq-test-hivemq-platform-operator-6966f96d65" duration="21.613223ms"
2025-01-29 13:58:11,545 INFO c.h.h.t.HelmChartContainer - [K3S] [replica_set.go:679] "Finished syncing" kind="ReplicaSet" key="helmmqttit-operator/hivemq-test-hivemq-platform-operator-6966f96d65" duration="12.671089ms"
2025-01-29 13:58:11,545 INFO c.h.h.t.HelmChartContainer - [K3S] [replica_set.go:679] "Finished syncing" kind="ReplicaSet" key="helmmqttit-operator/hivemq-test-hivemq-platform-operator-6966f96d65" duration="45.465µs"
2025-01-29 13:58:11,591 INFO c.h.h.t.HelmChartContainer - [K3S] [reconciler_common.go:251] "operationExecutor.VerifyControllerAttachedVolume started for volume \"kube-api-access-jhf2j\" (UniqueName: \"kubernetes.io/projected/0e75f06c-a493-4090-99a4-f32e59704e42-kube-api-access-jhf2j\") pod \"hivemq-test-hivemq-platform-operator-6966f96d65-kmzqk\" (UID: \"0e75f06c-a493-4090-99a4-f32e59704e42\") " pod="helmmqttit-operator/hivemq-test-hivemq-platform-operator-6966f96d65-kmzqk"
2025-01-29 13:58:11,903 INFO c.h.h.t.HelmChartContainer - [EVENT] Normal [Pulled] Container image "docker.io/hivemq/hivemq-platform-operator-test:snapshot" already present on machine [helmmqttit-operator:hivemq-test-hivemq-platform-operator-6966f96d65-kmzqk]
2025-01-29 13:58:11,904 INFO c.h.h.t.HelmChartContainer - Received Pulled event for container hivemq-platform-operator in pod hivemq-test-hivemq-platform-operator-6966f96d65-kmzqk [0e75f06c-a493-4090-99a4-f32e59704e42]
2025-01-29 13:58:11,911 INFO c.h.h.t.HelmChartContainer - [EVENT] Normal [Created] Created container: hivemq-platform-operator [helmmqttit-operator:hivemq-test-hivemq-platform-operator-6966f96d65-kmzqk]
2025-01-29 13:58:11,912 INFO c.h.h.t.HelmChartContainer - Received Created event for container hivemq-platform-operator in pod hivemq-test-hivemq-platform-operator-6966f96d65-kmzqk [0e75f06c-a493-4090-99a4-f32e59704e42]
2025-01-29 13:58:12,596 INFO c.h.h.t.HelmChartContainer - [POD] hivemq-test-hivemq-platform-operator-6966f96d65-kmzqk [0e75f06c-a493-4090-99a4-f32e59704e42] in helmmqttit-operator was MODIFIED
2025-01-29 13:58:12,597 INFO c.h.h.t.HelmChartContainer - [K3S] [replica_set.go:679] "Finished syncing" kind="ReplicaSet" key="helmmqttit-operator/hivemq-test-hivemq-platform-operator-6966f96d65" duration="41.317µs"
2025-01-29 13:58:12,607 INFO c.h.h.t.HelmChartContainer - Started log watcher for hivemq-platform-operator in pod hivemq-test-hivemq-platform-operator-6966f96d65-kmzqk [0e75f06c-a493-4090-99a4-f32e59704e42]
2025-01-29 13:58:12,608 INFO c.h.h.t.HelmChartContainer - [hivemq-test-hivemq-platform] [hivemq-platform-operator] [0e75f06c] -------------------------------------------------------------------------
2025-01-29 13:58:12,608 INFO c.h.h.t.HelmChartContainer - [hivemq-test-hivemq-platform] [hivemq-platform-operator] [0e75f06c] 
2025-01-29 13:58:12,608 INFO c.h.h.t.HelmChartContainer - [hivemq-test-hivemq-platform] [hivemq-platform-operator] [0e75f06c]                   _    _  _              __  __   ____
2025-01-29 13:58:12,608 INFO c.h.h.t.HelmChartContainer - [hivemq-test-hivemq-platform] [hivemq-platform-operator] [0e75f06c]                  | |  | |(_)            |  \/  | / __ \
2025-01-29 13:58:12,608 INFO c.h.h.t.HelmChartContainer - [hivemq-test-hivemq-platform] [hivemq-platform-operator] [0e75f06c]                  | |__| | _ __   __ ___ | \  / || |  | |
2025-01-29 13:58:12,608 INFO c.h.h.t.HelmChartContainer - [hivemq-test-hivemq-platform] [hivemq-platform-operator] [0e75f06c]                  |  __  || |\ \ / // _ \| |\/| || |  | |
2025-01-29 13:58:12,608 INFO c.h.h.t.HelmChartContainer - [hivemq-test-hivemq-platform] [hivemq-platform-operator] [0e75f06c]                  | |  | || | \ V /|  __/| |  | || |__| |
2025-01-29 13:58:12,608 INFO c.h.h.t.HelmChartContainer - [hivemq-test-hivemq-platform] [hivemq-platform-operator] [0e75f06c]                  |_|  |_||_|  \_/  \___||_|  |_| \___\_\
2025-01-29 13:58:12,608 INFO c.h.h.t.HelmChartContainer - [hivemq-test-hivemq-platform] [hivemq-platform-operator] [0e75f06c] 
2025-01-29 13:58:12,608 INFO c.h.h.t.HelmChartContainer - [hivemq-test-hivemq-platform] [hivemq-platform-operator] [0e75f06c] -------------------------------------------------------------------------
2025-01-29 13:58:12,608 INFO c.h.h.t.HelmChartContainer - [hivemq-test-hivemq-platform] [hivemq-platform-operator] [0e75f06c] 
2025-01-29 13:58:12,608 INFO c.h.h.t.HelmChartContainer - [hivemq-test-hivemq-platform] [hivemq-platform-operator] [0e75f06c]   HiveMQ Platform Operator Start Script v1.0
2025-01-29 13:58:12,608 INFO c.h.h.t.HelmChartContainer - [hivemq-test-hivemq-platform] [hivemq-platform-operator] [0e75f06c] 
2025-01-29 13:58:12,608 INFO c.h.h.t.HelmChartContainer - [hivemq-test-hivemq-platform] [hivemq-platform-operator] [0e75f06c] -------------------------------------------------------------------------
2025-01-29 13:58:12,608 INFO c.h.h.t.HelmChartContainer - [hivemq-test-hivemq-platform] [hivemq-platform-operator] [0e75f06c] 
2025-01-29 13:58:12,608 INFO c.h.h.t.HelmChartContainer - [hivemq-test-hivemq-platform] [hivemq-platform-operator] [0e75f06c]   JAVA_OPTS: -XX:+UnlockExperimentalVMOptions -XX:InitialRAMPercentage=75 -XX:MaxRAMPercentage=75 -Duser.language=en -Duser.region=US
2025-01-29 13:58:12,608 INFO c.h.h.t.HelmChartContainer - [hivemq-test-hivemq-platform] [hivemq-platform-operator] [0e75f06c] 
2025-01-29 13:58:12,608 INFO c.h.h.t.HelmChartContainer - [hivemq-test-hivemq-platform] [hivemq-platform-operator] [0e75f06c]   JAVA_VERSION: 21
2025-01-29 13:58:12,608 INFO c.h.h.t.HelmChartContainer - [hivemq-test-hivemq-platform] [hivemq-platform-operator] [0e75f06c] 
2025-01-29 13:58:12,608 INFO c.h.h.t.HelmChartContainer - [hivemq-test-hivemq-platform] [hivemq-platform-operator] [0e75f06c] -------------------------------------------------------------------------
2025-01-29 13:58:12,608 INFO c.h.h.t.HelmChartContainer - [hivemq-test-hivemq-platform] [hivemq-platform-operator] [0e75f06c] 
2025-01-29 13:58:12,607 INFO c.h.h.t.HelmChartContainer - [EVENT] Normal [Started] Started container hivemq-platform-operator [helmmqttit-operator:hivemq-test-hivemq-platform-operator-6966f96d65-kmzqk]
2025-01-29 13:58:12,609 INFO c.h.h.t.HelmChartContainer - Received Started event for container hivemq-platform-operator in pod hivemq-test-hivemq-platform-operator-6966f96d65-kmzqk [0e75f06c-a493-4090-99a4-f32e59704e42]
2025-01-29 13:58:15,458 INFO c.h.h.t.HelmChartContainer - [hivemq-test-hivemq-platform] [hivemq-platform-operator] [0e75f06c] 13:58:15.434 [main] DEBUG org.jboss.logging - Logging Provider: org.jboss.logging.Slf4jLoggerProvider
2025-01-29 13:58:15,566 INFO c.h.h.t.HelmChartContainer - [hivemq-test-hivemq-platform] [hivemq-platform-operator] [0e75f06c] 13:58:15.564 [main] DEBUG io.smallrye.config - SRCFG01006: Loaded ConfigSource SysPropConfigSource with ordinal 400
2025-01-29 13:58:15,568 INFO c.h.h.t.HelmChartContainer - [hivemq-test-hivemq-platform] [hivemq-platform-operator] [0e75f06c] 13:58:15.565 [main] DEBUG io.smallrye.config - SRCFG01006: Loaded ConfigSource EnvConfigSource with ordinal 300
2025-01-29 13:58:15,568 INFO c.h.h.t.HelmChartContainer - [hivemq-test-hivemq-platform] [hivemq-platform-operator] [0e75f06c] 13:58:15.565 [main] DEBUG io.smallrye.config - SRCFG01006: Loaded ConfigSource PropertiesConfigSource[source=jar:file:///opt/hivemq-platform-operator/bin/hivemq-platform-operator.jar!/hivemq-platform-operator.properties] with ordinal 100
2025-01-29 13:58:15,568 INFO c.h.h.t.HelmChartContainer - [hivemq-test-hivemq-platform] [hivemq-platform-operator] [0e75f06c] 13:58:15.565 [main] DEBUG io.smallrye.config - SRCFG01006: Loaded ConfigSource DefaultValuesConfigSource with ordinal -2147483648
2025-01-29 13:58:15,676 INFO c.h.h.t.HelmChartContainer - [hivemq-test-hivemq-platform] [hivemq-platform-operator] [0e75f06c] 13:58:15.675 [main] DEBUG i.m.c.u.i.l.InternalLoggerFactory - Using SLF4J as the default logging framework
2025-01-29 13:58:15,835 INFO c.h.h.t.HelmChartContainer - [hivemq-test-hivemq-platform] [hivemq-platform-operator] [0e75f06c] 13:58:15.772 [main] INFO  c.h.p.o.HiveMQPlatformOperatorApplication - HiveMQ Platform Operator 1.7.0-SNAPSHOT (commit: bebf408 on branch: HEAD) built on Sun Jan 26 20:47:47 UTC 2025
2025-01-29 13:58:15,835 INFO c.h.h.t.HelmChartContainer - [hivemq-test-hivemq-platform] [hivemq-platform-operator] [0e75f06c] 13:58:15.834 [main] INFO  c.h.p.o.HiveMQPlatformOperatorApplication - HiveMQ Platform Operator is running in namespace: helmmqttit-operator
2025-01-29 13:58:15,835 INFO c.h.h.t.HelmChartContainer - [hivemq-test-hivemq-platform] [hivemq-platform-operator] [0e75f06c] 13:58:15.834 [main] INFO  c.h.p.o.HiveMQPlatformOperatorApplication - Watching all namespaces
2025-01-29 13:58:15,835 INFO c.h.h.t.HelmChartContainer - [hivemq-test-hivemq-platform] [hivemq-platform-operator] [0e75f06c] 13:58:15.834 [main] INFO  c.h.p.o.HiveMQPlatformOperatorApplication - Log level: DEBUG
2025-01-29 13:58:15,836 INFO c.h.h.t.HelmChartContainer - [hivemq-test-hivemq-platform] [hivemq-platform-operator] [0e75f06c] 13:58:15.834 [main] INFO  c.h.p.o.HiveMQPlatformOperatorApplication - Release name: test-hivemq-platform-operator
2025-01-29 13:58:15,836 INFO c.h.h.t.HelmChartContainer - [hivemq-test-hivemq-platform] [hivemq-platform-operator] [0e75f06c] 13:58:15.834 [main] INFO  c.h.p.o.HiveMQPlatformOperatorApplication - HiveMQ Platform Operator Init image: docker.io/hivemq/hivemq-platform-operator-init-test:snapshot
2025-01-29 13:58:15,858 INFO c.h.h.t.HelmChartContainer - [hivemq-test-hivemq-platform] [hivemq-platform-operator] [0e75f06c] 13:58:15.857 [main] INFO  c.h.p.o.HiveMQPlatformOperatorApplication - HiveMQ Platform Operator Init App update URL: http://hivemq-platform-operator-test-hivemq-platform-operator.helmmqttit-operator.svc:8080/initAppUpdate/hivemq-platform-operator-init-app-1.7.0-SNAPSHOT.jar
2025-01-29 13:58:15,859 INFO c.h.h.t.HelmChartContainer - [hivemq-test-hivemq-platform] [hivemq-platform-operator] [0e75f06c] 13:58:15.857 [main] INFO  c.h.p.o.HiveMQPlatformOperatorApplication - Additional imagePullSecret for all Platform deployments: none
2025-01-29 13:58:15,859 INFO c.h.h.t.HelmChartContainer - [hivemq-test-hivemq-platform] [hivemq-platform-operator] [0e75f06c] 13:58:15.857 [main] INFO  c.h.p.o.HiveMQPlatformOperatorApplication - Apply HiveMQ Platform CRD: true
2025-01-29 13:58:15,859 INFO c.h.h.t.HelmChartContainer - [hivemq-test-hivemq-platform] [hivemq-platform-operator] [0e75f06c] 13:58:15.857 [main] INFO  c.h.p.o.HiveMQPlatformOperatorApplication - Create Platform ServiceAccount: true
2025-01-29 13:58:15,859 INFO c.h.h.t.HelmChartContainer - [hivemq-test-hivemq-platform] [hivemq-platform-operator] [0e75f06c] 13:58:15.857 [main] INFO  c.h.p.o.HiveMQPlatformOperatorApplication - Create Platform ServiceAccount permissions: true
2025-01-29 13:58:15,859 INFO c.h.h.t.HelmChartContainer - [hivemq-test-hivemq-platform] [hivemq-platform-operator] [0e75f06c] 13:58:15.857 [main] INFO  c.h.p.o.HiveMQPlatformOperatorApplication - Validate Platform ServiceAccount: true
2025-01-29 13:58:15,859 INFO c.h.h.t.HelmChartContainer - [hivemq-test-hivemq-platform] [hivemq-platform-operator] [0e75f06c] 13:58:15.858 [main] INFO  c.h.p.o.HiveMQPlatformOperatorApplication - Validate Platform ServiceAccount permissions: true
2025-01-29 13:58:15,966 INFO c.h.h.t.HelmChartContainer - [hivemq-test-hivemq-platform] [hivemq-platform-operator] [0e75f06c] 13:58:15.965 [main] INFO  c.h.platform.operator.util.CRDUtil - Verifying deployed HiveMQ Platform CRD...
2025-01-29 13:58:18,374 INFO c.h.h.t.HelmChartContainer - [hivemq-test-hivemq-platform] [hivemq-platform-operator] [0e75f06c] 13:58:18.373 [main] DEBUG c.h.platform.operator.util.CRDUtil - HiveMQ Platform CRD version v1 is up to date
2025-01-29 13:58:18,374 INFO c.h.h.t.HelmChartContainer - [hivemq-test-hivemq-platform] [hivemq-platform-operator] [0e75f06c] 13:58:18.373 [main] INFO  c.h.platform.operator.util.CRDUtil - HiveMQ Platform CRD is up to date (version: V1_6_0)
2025-01-29 13:58:18,375 INFO c.h.h.t.HelmChartContainer - [hivemq-test-hivemq-platform] [hivemq-platform-operator] [0e75f06c] 13:58:18.373 [main] INFO  c.h.platform.operator.util.CRDUtil - Waiting 10000 ms for HiveMQ Platform CRD 'hivemq-platforms.hivemq.com' to become ready...
2025-01-29 13:58:18,770 INFO c.h.h.t.HelmChartContainer - [hivemq-test-hivemq-platform] [hivemq-platform-operator] [0e75f06c] 13:58:18.768 [vert.x-eventloop-thread-1] DEBUG c.h.platform.operator.util.CRDUtil - Checking CRD condition 'NamesAccepted' (status: 'True')
2025-01-29 13:58:18,770 INFO c.h.h.t.HelmChartContainer - [hivemq-test-hivemq-platform] [hivemq-platform-operator] [0e75f06c] 13:58:18.768 [vert.x-eventloop-thread-1] DEBUG c.h.platform.operator.util.CRDUtil - Checking CRD condition 'Established' (status: 'True')
2025-01-29 13:58:18,770 INFO c.h.h.t.HelmChartContainer - [hivemq-test-hivemq-platform] [hivemq-platform-operator] [0e75f06c] 13:58:18.769 [main] INFO  c.h.platform.operator.util.CRDUtil - HiveMQ Platform CRD 'hivemq-platforms.hivemq.com' is ready
2025-01-29 13:58:18,964 INFO c.h.h.t.HelmChartContainer - [hivemq-test-hivemq-platform] [hivemq-platform-operator] [0e75f06c] 13:58:18.963 [main] INFO  c.h.p.o.HiveMQPlatformReconciler - HiveMQ Platform Operator is starting...
2025-01-29 13:58:19,064 INFO c.h.h.t.HelmChartContainer - [hivemq-test-hivemq-platform] [hivemq-platform-operator] [0e75f06c] 13:58:19.062 [main] WARN  Default ConfigurationService implementation - Configuration for reconciler 'hivemq-controller' was not found. Known reconcilers: None.
2025-01-29 13:58:19,071 INFO c.h.h.t.HelmChartContainer - [hivemq-test-hivemq-platform] [hivemq-platform-operator] [0e75f06c] 13:58:19.070 [main] INFO  Default ConfigurationService implementation - Created configuration for reconciler com.hivemq.platform.operator.HiveMQPlatformReconciler with name hivemq-controller
2025-01-29 13:58:19,170 INFO c.h.h.t.HelmChartContainer - [hivemq-test-hivemq-platform] [hivemq-platform-operator] [0e75f06c] 13:58:19.169 [main] DEBUG c.h.p.o.HiveMQPlatformReconciler - HiveMQ Platform Operator is preparing EventSources
2025-01-29 13:58:19,259 INFO c.h.h.t.HelmChartContainer - [hivemq-test-hivemq-platform] [hivemq-platform-operator] [0e75f06c] 13:58:19.258 [main] INFO  i.javaoperatorsdk.operator.Operator - Registered reconciler: 'hivemq-controller' for resource: 'class com.hivemq.platform.operator.v1.HiveMQPlatform' for namespace(s): [all namespaces]
2025-01-29 13:58:19,775 INFO c.h.h.t.HelmChartContainer - [hivemq-test-hivemq-platform] [hivemq-platform-operator] [0e75f06c] 13:58:19.774 [main] INFO  c.h.p.operator.webserver.JettyServer - Starting Jetty server on port 8080
2025-01-29 13:58:19,873 INFO c.h.h.t.HelmChartContainer - [hivemq-test-hivemq-platform] [hivemq-platform-operator] [0e75f06c] 13:58:19.872 [main] INFO  i.javaoperatorsdk.operator.Operator - Operator SDK 4.9.7 (commit: 2133d28) built on Wed Nov 20 12:56:20 UTC 2024 starting...
2025-01-29 13:58:19,873 INFO c.h.h.t.HelmChartContainer - [hivemq-test-hivemq-platform] [hivemq-platform-operator] [0e75f06c] 13:58:19.873 [main] INFO  i.javaoperatorsdk.operator.Operator - Client version: 6.13.4
2025-01-29 13:58:19,875 INFO c.h.h.t.HelmChartContainer - [hivemq-test-hivemq-platform] [hivemq-platform-operator] [0e75f06c] 13:58:19.874 [Controller Starter for: hivemq-controller] INFO  i.j.operator.processing.Controller - Starting 'hivemq-controller' controller for reconciler: com.hivemq.platform.operator.HiveMQPlatformReconciler, resource: com.hivemq.platform.operator.v1.HiveMQPlatform
2025-01-29 13:58:22,269 INFO c.h.h.t.HelmChartContainer - [hivemq-test-hivemq-platform] [hivemq-platform-operator] [0e75f06c] 13:58:22.268 [Controller Starter for: hivemq-controller] INFO  i.j.operator.processing.Controller - 'hivemq-controller' controller started
2025-01-29 13:58:22,270 INFO c.h.h.t.HelmChartContainer - [hivemq-test-hivemq-platform] [hivemq-platform-operator] [0e75f06c] 13:58:22.269 [main] INFO  c.h.p.o.HiveMQPlatformOperatorApplication - HiveMQ Platform Operator 1.7.0-SNAPSHOT started in 6497 ms
2025-01-29 13:58:23,601 INFO c.h.h.t.HelmChartContainer - [POD] hivemq-test-hivemq-platform-operator-6966f96d65-kmzqk [0e75f06c-a493-4090-99a4-f32e59704e42] in helmmqttit-operator was MODIFIED
2025-01-29 13:58:23,614 INFO c.h.h.t.HelmChartContainer - [K3S] [replica_set.go:679] "Finished syncing" kind="ReplicaSet" key="helmmqttit-operator/hivemq-test-hivemq-platform-operator-6966f96d65" duration="14.972198ms"
2025-01-29 13:58:23,615 INFO c.h.h.t.HelmChartContainer - [K3S] [replica_set.go:679] "Finished syncing" kind="ReplicaSet" key="helmmqttit-operator/hivemq-test-hivemq-platform-operator-6966f96d65" duration="39.283µs"
2025-01-29 13:58:25,602 DEBUG c.h.h.t.HelmChartContainer - Executing helm command: /bin/helm --kubeconfig /etc/rancher/k3s/k3s.yaml install test-hivemq-platform /charts/hivemq-platform --wait --timeout 5m0s --set image.repository=docker.io/hivemq --set image.tag=4.36.0 --set image.pullPolicy=Never --set nodes.resources.cpu=512m -f /files/mqtt-load-balancer-values.yaml --namespace helmmqttit
2025-01-29 13:58:25,848 INFO c.h.h.t.HelmChartContainer - [hivemq-test-hivemq-platform] [hivemq-platform-operator] [0e75f06c] 13:58:25.845 [-373097727-pool-1-thread-5] WARN  i.m.p.PrometheusMeterRegistry - The meter (MeterId{name='operator.sdk.events.received', tags=[tag(action=ADDED),tag(event=ResourceEvent),tag(group=hivemq.com),tag(kind=HiveMQPlatform),tag(name=test-hivemq-platform),tag(namespace=helmmqttit),tag(scope=namespace),tag(version=v1)]}) registration has failed: Prometheus requires that all meters with the same name have the same set of tag keys. There is already an existing meter named 'operator.sdk.events.received' containing tag keys [event, group, kind, name, namespace, scope, version]. The meter you are attempting to register has keys [action, event, group, kind, name, namespace, scope, version]. Note that subsequent logs will be logged at debug level.
2025-01-29 13:58:26,260 INFO c.h.h.t.HelmChartContainer - [hivemq-test-hivemq-platform] [hivemq-platform-operator] [0e75f06c] 13:58:26.258 [pool-6-thread-3] DEBUG c.h.p.o.dependants.PodInfoConfigMap - [helmmqtt] Desired PodInfo ConfigMap (1 extensions) (1 enabled)
2025-01-29 13:58:26,261 INFO c.h.h.t.HelmChartContainer - [hivemq-test-hivemq-platform] [hivemq-platform-operator] [0e75f06c] 13:58:26.258 [pool-6-thread-3] DEBUG c.h.p.o.dependants.PodInfoConfigMap - [helmmqtt] Desired PodInfo ConfigMap (metrics port: 9399) (metrics path: /)
2025-01-29 13:58:26,261 INFO c.h.h.t.HelmChartContainer - [hivemq-test-hivemq-platform] [hivemq-platform-operator] [0e75f06c] 13:58:26.258 [pool-6-thread-3] DEBUG c.h.p.o.dependants.PodInfoConfigMap - [helmmqtt] Desired PodInfo ConfigMap (extension state hash: -1817474005)
2025-01-29 13:58:26,265 INFO c.h.h.t.HelmChartContainer - [hivemq-test-hivemq-platform] [hivemq-platform-operator] [0e75f06c] 13:58:26.261 [pool-6-thread-3] DEBUG c.h.p.o.dependants.PodInfoConfigMap - [helmmqtt] Create PodInfo ConfigMap
2025-01-29 13:58:26,435 INFO c.h.h.t.HelmChartContainer - [hivemq-test-hivemq-platform] [hivemq-platform-operator] [0e75f06c] 13:58:26.363 [pool-6-thread-5] DEBUG c.h.p.o.dependants.PodRoleResource - [helmmqtt] Create Role: Role(apiVersion=rbac.authorization.k8s.io/v1, kind=Role, metadata=ObjectMeta(annotations={meta.helm.sh/release-name=test-hivemq-platform, meta.helm.sh/release-namespace=helmmqttit}, creationTimestamp=null, deletionGracePeriodSeconds=null, deletionTimestamp=null, finalizers=[], generateName=null, generation=null, labels={helm.sh/chart=hivemq-platform-0.2.32, app.kubernetes.io/managed-by=Helm, app.kubernetes.io/name=hivemq-platform, hivemq-platform=test-hivemq-platform, app.kubernetes.io/instance=test-hivemq-platform, app.kubernetes.io/version=4.36.0}, managedFields=[], name=hivemq-platform-role-test-hivemq-platform, namespace=helmmqttit, ownerReferences=[OwnerReference(apiVersion=hivemq.com/v1, blockOwnerDeletion=null, controller=null, kind=HiveMQPlatform, name=test-hivemq-platform, uid=f5469d5e-9448-4982-ab9b-d6727e2b8202, additionalProperties={})], resourceVersion=null, selfLink=null, uid=null, additionalProperties={}), rules=[PolicyRule(apiGroups=[], nonResourceURLs=[], resourceNames=[], resources=[pods], verbs=[get, patch, update], additionalProperties={})], additionalProperties={})
2025-01-29 13:58:26,536 INFO c.h.h.t.HelmChartContainer - [hivemq-test-hivemq-platform] [hivemq-platform-operator] [0e75f06c] 13:58:26.534 [pool-6-thread-7] DEBUG c.h.p.o.d.PodServiceAccountResource - [helmmqtt] Desired PodServiceAccountResource (serviceAccountName: hivemq-platform-pod-test-hivemq-platform)
2025-01-29 13:58:26,537 INFO c.h.h.t.HelmChartContainer - [hivemq-test-hivemq-platform] [hivemq-platform-operator] [0e75f06c] 13:58:26.536 [pool-6-thread-7] DEBUG c.h.p.o.d.PodServiceAccountResource - [helmmqtt] Create ServiceAccount 'hivemq-platform-pod-test-hivemq-platform'
2025-01-29 13:58:26,663 INFO c.h.h.t.HelmChartContainer - [hivemq-test-hivemq-platform] [hivemq-platform-operator] [0e75f06c] 13:58:26.661 [pool-6-thread-10] DEBUG c.h.p.o.d.PodRoleBindingResource - [helmmqtt] Create RoleBinding: RoleBinding(apiVersion=rbac.authorization.k8s.io/v1, kind=RoleBinding, metadata=ObjectMeta(annotations={meta.helm.sh/release-name=test-hivemq-platform, meta.helm.sh/release-namespace=helmmqttit}, creationTimestamp=null, deletionGracePeriodSeconds=null, deletionTimestamp=null, finalizers=[], generateName=null, generation=null, labels={helm.sh/chart=hivemq-platform-0.2.32, app.kubernetes.io/managed-by=Helm, app.kubernetes.io/name=hivemq-platform, hivemq-platform=test-hivemq-platform, app.kubernetes.io/instance=test-hivemq-platform, app.kubernetes.io/version=4.36.0}, managedFields=[], name=hivemq-platform-role-binding-test-hivemq-platform, namespace=helmmqttit, ownerReferences=[OwnerReference(apiVersion=hivemq.com/v1, blockOwnerDeletion=null, controller=null, kind=HiveMQPlatform, name=test-hivemq-platform, uid=f5469d5e-9448-4982-ab9b-d6727e2b8202, additionalProperties={})], resourceVersion=null, selfLink=null, uid=null, additionalProperties={}), roleRef=RoleRef(apiGroup=rbac.authorization.k8s.io, kind=Role, name=hivemq-platform-role-test-hivemq-platform, additionalProperties={}), subjects=[Subject(apiGroup=null, kind=ServiceAccount, name=hivemq-platform-pod-test-hivemq-platform, namespace=helmmqttit, additionalProperties={})], additionalProperties={})
2025-01-29 13:58:26,736 INFO c.h.h.t.HelmChartContainer - [hivemq-test-hivemq-platform] [hivemq-platform-operator] [0e75f06c] 13:58:26.735 [ReconcilerExecutor-hivemq-controller-54] INFO  c.h.p.o.HiveMQPlatformReconciler - [helmmqtt] Reconciling HiveMQ Platform 'test-hivemq-platform' in namespace 'helmmqttit'
2025-01-29 13:58:26,737 INFO c.h.h.t.HelmChartContainer - [hivemq-test-hivemq-platform] [hivemq-platform-operator] [0e75f06c] 13:58:26.736 [ReconcilerExecutor-hivemq-controller-54] DEBUG c.h.p.o.HiveMQPlatformReconciler - [helmmqtt] Custom Resource Status CREATED - HiveMQ Platform was created (READY)
2025-01-29 13:58:26,737 INFO c.h.h.t.HelmChartContainer - [hivemq-test-hivemq-platform] [hivemq-platform-operator] [0e75f06c] 13:58:26.736 [ReconcilerExecutor-hivemq-controller-54] DEBUG c.h.p.o.HiveMQPlatformReconciler - [helmmqtt] Custom Resource Spec (replicas: 1) (extensions: 1)
2025-01-29 13:58:26,741 INFO c.h.h.t.HelmChartContainer - [hivemq-test-hivemq-platform] [hivemq-platform-operator] [0e75f06c] 13:58:26.740 [ReconcilerExecutor-hivemq-controller-54] INFO  c.h.p.o.h.HiveMQPlatformReconcilerBaseHandler - [helmmqtt] HiveMQ Platform is starting
2025-01-29 13:58:26,860 INFO c.h.h.t.HelmChartContainer - [hivemq-test-hivemq-platform] [hivemq-platform-operator] [0e75f06c] 13:58:26.858 [ReconcilerExecutor-hivemq-controller-54] DEBUG c.h.p.operator.event.EventSender - [helmmqtt] Creating K8s event hivemq-platform-starting: [Start] HiveMQ Platform is starting
2025-01-29 13:58:26,870 INFO c.h.h.t.HelmChartContainer - [EVENT] Normal [Start] HiveMQ Platform is starting [helmmqttit:test-hivemq-platform]
2025-01-29 13:58:26,874 INFO c.h.h.t.HelmChartContainer - [hivemq-test-hivemq-platform] [hivemq-platform-operator] [0e75f06c] 13:58:26.873 [ReconcilerExecutor-hivemq-controller-54] INFO  c.h.p.o.h.AbstractHiveMQReconcilerStateHandler - [helmmqtt] Update HiveMQ Platform Status (CREATED [READY] -> STARTING [READY]): HiveMQ Platform is starting
2025-01-29 13:58:26,966 DEBUG com.hivemq.helmcharts.util.K8sUtil - Comparing actual state 'STARTING' and waiting for 'RUNNING'
2025-01-29 13:58:28,241 INFO c.h.h.t.HelmChartContainer - [K3S] [scope.go:117] "RemoveContainer" containerID="ea71ffc203dfd8e7403ddff13c995f833df8e009e7f1dfbf8d8665b5aeedaa87"
2025-01-29 13:58:36,978 INFO c.h.h.t.HelmChartContainer - [hivemq-test-hivemq-platform] [hivemq-platform-operator] [0e75f06c] 13:58:36.974 [pool-6-thread-12] DEBUG c.h.p.o.d.PlatformServiceResource - [helmmqtt] Desired Platform services (2 services)
2025-01-29 13:58:36,978 INFO c.h.h.t.HelmChartContainer - [hivemq-test-hivemq-platform] [hivemq-platform-operator] [0e75f06c] 13:58:36.975 [pool-6-thread-13] DEBUG c.h.p.o.dependants.PodInfoConfigMap - [helmmqtt] Desired PodInfo ConfigMap (1 extensions) (1 enabled)
2025-01-29 13:58:36,978 INFO c.h.h.t.HelmChartContainer - [hivemq-test-hivemq-platform] [hivemq-platform-operator] [0e75f06c] 13:58:36.976 [pool-6-thread-13] DEBUG c.h.p.o.dependants.PodInfoConfigMap - [helmmqtt] Desired PodInfo ConfigMap (metrics port: 9399) (metrics path: /)
2025-01-29 13:58:36,978 INFO c.h.h.t.HelmChartContainer - [hivemq-test-hivemq-platform] [hivemq-platform-operator] [0e75f06c] 13:58:36.976 [pool-6-thread-13] DEBUG c.h.p.o.dependants.PodInfoConfigMap - [helmmqtt] Desired PodInfo ConfigMap (extension state hash: -1817474005)
2025-01-29 13:58:36,984 INFO c.h.h.t.HelmChartContainer - [hivemq-test-hivemq-platform] [hivemq-platform-operator] [0e75f06c] 13:58:36.981 [pool-6-thread-17] DEBUG c.h.p.o.d.PodServiceAccountResource - [helmmqtt] Desired PodServiceAccountResource (serviceAccountName: hivemq-platform-pod-test-hivemq-platform)
2025-01-29 13:58:36,985 INFO c.h.h.t.HelmChartContainer - [hivemq-test-hivemq-platform] [hivemq-platform-operator] [0e75f06c] 13:58:36.982 [pool-6-thread-13] DEBUG c.h.p.o.dependants.PodInfoConfigMap - [helmmqtt] Update PodInfo ConfigMap
2025-01-29 13:58:36,992 INFO c.h.h.t.HelmChartContainer - [K3S] [alloc.go:330] "allocated clusterIPs" service="helmmqttit/hivemq-test-hivemq-platform-metrics-9399" clusterIPs={"IPv4":"10.43.108.41"}
2025-01-29 13:58:37,075 INFO c.h.h.t.HelmChartContainer - [K3S] [alloc.go:330] "allocated clusterIPs" service="helmmqttit/hivemq-test-hivemq-platform-mqtt-1884" clusterIPs={"IPv4":"10.43.13.185"}
2025-01-29 13:58:37,078 INFO c.h.h.t.HelmChartContainer - [K3S] [event.go:389] "Event occurred" object="helmmqttit/hivemq-test-hivemq-platform-mqtt-1884" fieldPath="" kind="Service" apiVersion="v1" type="Normal" reason="EnsuringLoadBalancer" message="Ensuring load balancer"
2025-01-29 13:58:37,083 INFO c.h.h.t.HelmChartContainer - [EVENT] Normal [EnsuringLoadBalancer] Ensuring load balancer [helmmqttit:hivemq-test-hivemq-platform-mqtt-1884]
2025-01-29 13:58:37,083 INFO c.h.h.t.HelmChartContainer - [K3S] [endpointslice_controller.go:344] "Error syncing endpoint slices for service, retrying" key="helmmqttit/hivemq-test-hivemq-platform-mqtt-1884" err="EndpointSlice informer cache is out of date"
2025-01-29 13:58:37,091 INFO c.h.h.t.HelmChartContainer - [K3S] [event.go:389] "Event occurred" object="helmmqttit/hivemq-test-hivemq-platform-mqtt-1884" fieldPath="" kind="Service" apiVersion="v1" type="Normal" reason="AppliedDaemonSet" message="Applied LoadBalancer DaemonSet kube-system/svclb-hivemq-test-hivemq-platform-mqtt-1884-2a4d73e6"
2025-01-29 13:58:37,094 INFO c.h.h.t.HelmChartContainer - [EVENT] Normal [AppliedDaemonSet] Applied LoadBalancer DaemonSet kube-system/svclb-hivemq-test-hivemq-platform-mqtt-1884-2a4d73e6 [helmmqttit:hivemq-test-hivemq-platform-mqtt-1884]
2025-01-29 13:58:37,107 INFO c.h.h.t.HelmChartContainer - [POD] svclb-hivemq-test-hivemq-platform-mqtt-1884-2a4d73e6-rvjnb [285bd949-7577-4408-9a2f-bda9ae905d53] in kube-system was ADDED
2025-01-29 13:58:37,111 INFO c.h.h.t.HelmChartContainer - [POD] svclb-hivemq-test-hivemq-platform-mqtt-1884-2a4d73e6-rvjnb [285bd949-7577-4408-9a2f-bda9ae905d53] in kube-system was MODIFIED
2025-01-29 13:58:37,120 INFO c.h.h.t.HelmChartContainer - [POD] svclb-hivemq-test-hivemq-platform-mqtt-1884-2a4d73e6-rvjnb [285bd949-7577-4408-9a2f-bda9ae905d53] in kube-system was MODIFIED
2025-01-29 13:58:37,170 INFO c.h.h.t.HelmChartContainer - [hivemq-test-hivemq-platform] [hivemq-platform-operator] [0e75f06c] 13:58:37.169 [pool-6-thread-20] DEBUG c.h.p.o.d.StatefulSetResource - [helmmqtt] Desired StatefulSet (1 replicas) for status STARTING (READY)
2025-01-29 13:58:37,266 INFO c.h.h.t.HelmChartContainer - [hivemq-test-hivemq-platform] [hivemq-platform-operator] [0e75f06c] 13:58:37.264 [pool-6-thread-20] DEBUG c.h.p.o.d.StatefulSetResource - [helmmqtt] Create StatefulSet
2025-01-29 13:58:37,371 INFO c.h.h.t.HelmChartContainer - [hivemq-test-hivemq-platform] [hivemq-platform-operator] [0e75f06c] 13:58:37.370 [ReconcilerExecutor-hivemq-controller-65] INFO  c.h.p.o.HiveMQPlatformReconciler - [helmmqtt] Reconciling HiveMQ Platform 'test-hivemq-platform' in namespace 'helmmqttit'
2025-01-29 13:58:37,371 INFO c.h.h.t.HelmChartContainer - [hivemq-test-hivemq-platform] [hivemq-platform-operator] [0e75f06c] 13:58:37.370 [ReconcilerExecutor-hivemq-controller-65] DEBUG c.h.p.o.HiveMQPlatformReconciler - [helmmqtt] Custom Resource Status STARTING - HiveMQ Platform is starting (READY)
2025-01-29 13:58:37,371 INFO c.h.h.t.HelmChartContainer - [hivemq-test-hivemq-platform] [hivemq-platform-operator] [0e75f06c] 13:58:37.370 [ReconcilerExecutor-hivemq-controller-65] DEBUG c.h.p.o.HiveMQPlatformReconciler - [helmmqtt] Custom Resource Spec (replicas: 1) (extensions: 1)
2025-01-29 13:58:37,382 INFO c.h.h.t.HelmChartContainer - [hivemq-test-hivemq-platform] [hivemq-platform-operator] [0e75f06c] 13:58:37.379 [ReconcilerExecutor-hivemq-controller-65] DEBUG c.h.p.o.HiveMQPlatformReconciler - [helmmqtt] StatefulSet Status (revision: null, replicas: 0, available: 0, ready: 0, current: 0, updated: 0)
2025-01-29 13:58:37,382 INFO c.h.h.t.HelmChartContainer - [hivemq-test-hivemq-platform] [hivemq-platform-operator] [0e75f06c] 13:58:37.379 [ReconcilerExecutor-hivemq-controller-65] DEBUG c.h.p.o.HiveMQPlatformReconciler - [helmmqtt] StatefulSet Spec (replicas: 1, init containers: 1, containers: 1, volumes: 3)
2025-01-29 13:58:37,382 INFO c.h.h.t.HelmChartContainer - [POD] test-hivemq-platform-0 [1308e29b-1ca7-4bc6-89ca-90297ca2e4c1] in helmmqttit was ADDED
2025-01-29 13:58:37,388 INFO c.h.h.t.HelmChartContainer - [EVENT] Normal [SuccessfulCreate] create Pod test-hivemq-platform-0 in StatefulSet test-hivemq-platform successful [helmmqttit:test-hivemq-platform]
2025-01-29 13:58:37,389 INFO c.h.h.t.HelmChartContainer - [POD] test-hivemq-platform-0 [1308e29b-1ca7-4bc6-89ca-90297ca2e4c1] in helmmqttit was MODIFIED
2025-01-29 13:58:37,393 INFO c.h.h.t.HelmChartContainer - [EVENT] Normal [Scheduled] Successfully assigned helmmqttit/test-hivemq-platform-0 to b2f104d21a5d [helmmqttit:test-hivemq-platform-0]
2025-01-29 13:58:37,403 INFO c.h.h.t.HelmChartContainer - [POD] test-hivemq-platform-0 [1308e29b-1ca7-4bc6-89ca-90297ca2e4c1] in helmmqttit was MODIFIED
2025-01-29 13:58:37,449 INFO c.h.h.t.HelmChartContainer - [K3S] [reconciler_common.go:251] "operationExecutor.VerifyControllerAttachedVolume started for volume \"pod-info\" (UniqueName: \"kubernetes.io/configmap/1308e29b-1ca7-4bc6-89ca-90297ca2e4c1-pod-info\") pod \"test-hivemq-platform-0\" (UID: \"1308e29b-1ca7-4bc6-89ca-90297ca2e4c1\") " pod="helmmqttit/test-hivemq-platform-0"
2025-01-29 13:58:37,449 INFO c.h.h.t.HelmChartContainer - [K3S] [reconciler_common.go:251] "operationExecutor.VerifyControllerAttachedVolume started for volume \"broker-configuration\" (UniqueName: \"kubernetes.io/configmap/1308e29b-1ca7-4bc6-89ca-90297ca2e4c1-broker-configuration\") pod \"test-hivemq-platform-0\" (UID: \"1308e29b-1ca7-4bc6-89ca-90297ca2e4c1\") " pod="helmmqttit/test-hivemq-platform-0"
2025-01-29 13:58:37,449 INFO c.h.h.t.HelmChartContainer - [K3S] [reconciler_common.go:251] "operationExecutor.VerifyControllerAttachedVolume started for volume \"operator-init\" (UniqueName: \"kubernetes.io/empty-dir/1308e29b-1ca7-4bc6-89ca-90297ca2e4c1-operator-init\") pod \"test-hivemq-platform-0\" (UID: \"1308e29b-1ca7-4bc6-89ca-90297ca2e4c1\") " pod="helmmqttit/test-hivemq-platform-0"
2025-01-29 13:58:37,449 INFO c.h.h.t.HelmChartContainer - [K3S] [reconciler_common.go:251] "operationExecutor.VerifyControllerAttachedVolume started for volume \"kube-api-access-pdk5h\" (UniqueName: \"kubernetes.io/projected/1308e29b-1ca7-4bc6-89ca-90297ca2e4c1-kube-api-access-pdk5h\") pod \"test-hivemq-platform-0\" (UID: \"1308e29b-1ca7-4bc6-89ca-90297ca2e4c1\") " pod="helmmqttit/test-hivemq-platform-0"
2025-01-29 13:58:37,469 INFO c.h.h.t.HelmChartContainer - [hivemq-test-hivemq-platform] [hivemq-platform-operator] [0e75f06c] 13:58:37.461 [ReconcilerExecutor-hivemq-controller-65] INFO  c.h.p.o.h.HiveMQPlatformReconcilerBaseHandler - [helmmqtt] HiveMQ Platform is starting, 0 of 1 replicas are ready
2025-01-29 13:58:37,562 INFO c.h.h.t.HelmChartContainer - [hivemq-test-hivemq-platform] [hivemq-platform-operator] [0e75f06c] 13:58:37.558 [pool-6-thread-22] DEBUG c.h.p.o.d.PlatformServiceResource - [helmmqtt] Desired Platform services (2 services)
2025-01-29 13:58:37,564 INFO c.h.h.t.HelmChartContainer - [hivemq-test-hivemq-platform] [hivemq-platform-operator] [0e75f06c] 13:58:37.563 [pool-6-thread-23] DEBUG c.h.p.o.dependants.PodInfoConfigMap - [helmmqtt] Desired PodInfo ConfigMap (1 extensions) (1 enabled)
2025-01-29 13:58:37,565 INFO c.h.h.t.HelmChartContainer - [hivemq-test-hivemq-platform] [hivemq-platform-operator] [0e75f06c] 13:58:37.563 [pool-6-thread-23] DEBUG c.h.p.o.dependants.PodInfoConfigMap - [helmmqtt] Desired PodInfo ConfigMap (metrics port: 9399) (metrics path: /)
2025-01-29 13:58:37,565 INFO c.h.h.t.HelmChartContainer - [hivemq-test-hivemq-platform] [hivemq-platform-operator] [0e75f06c] 13:58:37.563 [pool-6-thread-23] DEBUG c.h.p.o.dependants.PodInfoConfigMap - [helmmqtt] Desired PodInfo ConfigMap (extension state hash: -1817474005)
2025-01-29 13:58:37,568 INFO c.h.h.t.HelmChartContainer - [hivemq-test-hivemq-platform] [hivemq-platform-operator] [0e75f06c] 13:58:37.567 [pool-6-thread-27] DEBUG c.h.p.o.d.PodServiceAccountResource - [helmmqtt] Desired PodServiceAccountResource (serviceAccountName: hivemq-platform-pod-test-hivemq-platform)
2025-01-29 13:58:37,575 INFO c.h.h.t.HelmChartContainer - [hivemq-test-hivemq-platform] [hivemq-platform-operator] [0e75f06c] 13:58:37.574 [pool-6-thread-30] DEBUG c.h.p.o.d.StatefulSetResource - [helmmqtt] Desired StatefulSet (1 replicas) for status STARTING (READY)
2025-01-29 13:58:37,664 INFO c.h.h.t.HelmChartContainer - [hivemq-test-hivemq-platform] [hivemq-platform-operator] [0e75f06c] 13:58:37.663 [ReconcilerExecutor-hivemq-controller-76] INFO  c.h.p.o.HiveMQPlatformReconciler - [helmmqtt] Reconciling HiveMQ Platform 'test-hivemq-platform' in namespace 'helmmqttit'
2025-01-29 13:58:37,664 INFO c.h.h.t.HelmChartContainer - [hivemq-test-hivemq-platform] [hivemq-platform-operator] [0e75f06c] 13:58:37.663 [ReconcilerExecutor-hivemq-controller-76] DEBUG c.h.p.o.HiveMQPlatformReconciler - [helmmqtt] Custom Resource Status STARTING - HiveMQ Platform is starting (READY)
2025-01-29 13:58:37,664 INFO c.h.h.t.HelmChartContainer - [hivemq-test-hivemq-platform] [hivemq-platform-operator] [0e75f06c] 13:58:37.663 [ReconcilerExecutor-hivemq-controller-76] DEBUG c.h.p.o.HiveMQPlatformReconciler - [helmmqtt] Custom Resource Spec (replicas: 1) (extensions: 1)
2025-01-29 13:58:37,667 INFO c.h.h.t.HelmChartContainer - [hivemq-test-hivemq-platform] [hivemq-platform-operator] [0e75f06c] 13:58:37.666 [ReconcilerExecutor-hivemq-controller-76] DEBUG c.h.p.o.HiveMQPlatformReconciler - [helmmqtt] StatefulSet Status (revision: test-hivemq-platform-7bbc5894fb, replicas: 1, available: 0, ready: 0, current: 1, updated: 1)
2025-01-29 13:58:37,668 INFO c.h.h.t.HelmChartContainer - [hivemq-test-hivemq-platform] [hivemq-platform-operator] [0e75f06c] 13:58:37.666 [ReconcilerExecutor-hivemq-controller-76] DEBUG c.h.p.o.HiveMQPlatformReconciler - [helmmqtt] StatefulSet Spec (replicas: 1, init containers: 1, containers: 1, volumes: 3)
2025-01-29 13:58:37,765 INFO c.h.h.t.HelmChartContainer - [hivemq-test-hivemq-platform] [hivemq-platform-operator] [0e75f06c] 13:58:37.763 [ReconcilerExecutor-hivemq-controller-76] DEBUG c.h.p.o.h.HiveMQPlatformReconcilerErrorHandler - [helmmqtt] Pod 'test-hivemq-platform-0' phase Pending
2025-01-29 13:58:37,767 INFO c.h.h.t.HelmChartContainer - [hivemq-test-hivemq-platform] [hivemq-platform-operator] [0e75f06c] 13:58:37.764 [ReconcilerExecutor-hivemq-controller-76] DEBUG c.h.p.o.h.HiveMQPlatformReconcilerErrorHandler - [helmmqtt] Pod 'test-hivemq-platform-0' condition 'PodReadyToStartContainers': False
2025-01-29 13:58:37,769 INFO c.h.h.t.HelmChartContainer - [hivemq-test-hivemq-platform] [hivemq-platform-operator] [0e75f06c] 13:58:37.765 [ReconcilerExecutor-hivemq-controller-76] DEBUG c.h.p.o.h.HiveMQPlatformReconcilerErrorHandler - [helmmqtt] Pod 'test-hivemq-platform-0' condition 'Initialized': False
2025-01-29 13:58:37,769 INFO c.h.h.t.HelmChartContainer - [hivemq-test-hivemq-platform] [hivemq-platform-operator] [0e75f06c] 13:58:37.765 [ReconcilerExecutor-hivemq-controller-76] DEBUG c.h.p.o.h.HiveMQPlatformReconcilerErrorHandler - [helmmqtt] Pod 'test-hivemq-platform-0' condition 'Ready': False
2025-01-29 13:58:37,769 INFO c.h.h.t.HelmChartContainer - [hivemq-test-hivemq-platform] [hivemq-platform-operator] [0e75f06c] 13:58:37.765 [ReconcilerExecutor-hivemq-controller-76] DEBUG c.h.p.o.h.HiveMQPlatformReconcilerErrorHandler - [helmmqtt] Pod 'test-hivemq-platform-0' condition 'ContainersReady': False
2025-01-29 13:58:37,769 INFO c.h.h.t.HelmChartContainer - [hivemq-test-hivemq-platform] [hivemq-platform-operator] [0e75f06c] 13:58:37.765 [ReconcilerExecutor-hivemq-controller-76] DEBUG c.h.p.o.h.HiveMQPlatformReconcilerErrorHandler - [helmmqtt] Pod 'test-hivemq-platform-0' condition 'PodScheduled': True
2025-01-29 13:58:37,769 INFO c.h.h.t.HelmChartContainer - [hivemq-test-hivemq-platform] [hivemq-platform-operator] [0e75f06c] 13:58:37.766 [ReconcilerExecutor-hivemq-controller-76] DEBUG c.h.p.o.h.HiveMQPlatformReconcilerErrorHandler - [helmmqtt] Pod 'test-hivemq-platform-0' containerStatus 'hivemq' (started: false) (ready: false) (waiting: [PodInitializing] null)
2025-01-29 13:58:37,772 INFO c.h.h.t.HelmChartContainer - [hivemq-test-hivemq-platform] [hivemq-platform-operator] [0e75f06c] 13:58:37.770 [ReconcilerExecutor-hivemq-controller-76] INFO  c.h.p.o.h.HiveMQPlatformReconcilerBaseHandler - [helmmqtt] HiveMQ Platform is starting, 0 of 1 replicas are ready
2025-01-29 13:58:37,782 INFO c.h.h.t.HelmChartContainer - [hivemq-test-hivemq-platform] [hivemq-platform-operator] [0e75f06c] 13:58:37.779 [pool-6-thread-32] DEBUG c.h.p.o.d.PlatformServiceResource - [helmmqtt] Desired Platform services (2 services)
2025-01-29 13:58:37,783 INFO c.h.h.t.HelmChartContainer - [hivemq-test-hivemq-platform] [hivemq-platform-operator] [0e75f06c] 13:58:37.781 [pool-6-thread-33] DEBUG c.h.p.o.dependants.PodInfoConfigMap - [helmmqtt] Desired PodInfo ConfigMap (1 extensions) (1 enabled)
2025-01-29 13:58:37,783 INFO c.h.h.t.HelmChartContainer - [hivemq-test-hivemq-platform] [hivemq-platform-operator] [0e75f06c] 13:58:37.781 [pool-6-thread-33] DEBUG c.h.p.o.dependants.PodInfoConfigMap - [helmmqtt] Desired PodInfo ConfigMap (metrics port: 9399) (metrics path: /)
2025-01-29 13:58:37,783 INFO c.h.h.t.HelmChartContainer - [hivemq-test-hivemq-platform] [hivemq-platform-operator] [0e75f06c] 13:58:37.781 [pool-6-thread-33] DEBUG c.h.p.o.dependants.PodInfoConfigMap - [helmmqtt] Desired PodInfo ConfigMap (extension state hash: -1817474005)
2025-01-29 13:58:37,788 INFO c.h.h.t.HelmChartContainer - [EVENT] Normal [Pulled] Container image "docker.io/hivemq/hivemq-platform-operator-init-test:snapshot" already present on machine [helmmqttit:test-hivemq-platform-0]
2025-01-29 13:58:37,862 INFO c.h.h.t.HelmChartContainer - [hivemq-test-hivemq-platform] [hivemq-platform-operator] [0e75f06c] 13:58:37.861 [pool-6-thread-37] DEBUG c.h.p.o.d.PodServiceAccountResource - [helmmqtt] Desired PodServiceAccountResource (serviceAccountName: hivemq-platform-pod-test-hivemq-platform)
2025-01-29 13:58:37,871 INFO c.h.h.t.HelmChartContainer - [hivemq-test-hivemq-platform] [hivemq-platform-operator] [0e75f06c] 13:58:37.870 [pool-6-thread-40] DEBUG c.h.p.o.d.StatefulSetResource - [helmmqtt] Desired StatefulSet (1 replicas) for status STARTING (READY)
2025-01-29 13:58:37,876 INFO c.h.h.t.HelmChartContainer - [hivemq-test-hivemq-platform] [hivemq-platform-operator] [0e75f06c] 13:58:37.875 [ReconcilerExecutor-hivemq-controller-87] INFO  c.h.p.o.HiveMQPlatformReconciler - [helmmqtt] Reconciling HiveMQ Platform 'test-hivemq-platform' in namespace 'helmmqttit'
2025-01-29 13:58:37,878 INFO c.h.h.t.HelmChartContainer - [hivemq-test-hivemq-platform] [hivemq-platform-operator] [0e75f06c] 13:58:37.876 [ReconcilerExecutor-hivemq-controller-87] DEBUG c.h.p.o.HiveMQPlatformReconciler - [helmmqtt] Custom Resource Status STARTING - HiveMQ Platform is starting (READY)
2025-01-29 13:58:37,878 INFO c.h.h.t.HelmChartContainer - [hivemq-test-hivemq-platform] [hivemq-platform-operator] [0e75f06c] 13:58:37.876 [ReconcilerExecutor-hivemq-controller-87] DEBUG c.h.p.o.HiveMQPlatformReconciler - [helmmqtt] Custom Resource Spec (replicas: 1) (extensions: 1)
2025-01-29 13:58:37,880 INFO c.h.h.t.HelmChartContainer - [hivemq-test-hivemq-platform] [hivemq-platform-operator] [0e75f06c] 13:58:37.879 [ReconcilerExecutor-hivemq-controller-87] DEBUG c.h.p.o.HiveMQPlatformReconciler - [helmmqtt] StatefulSet Status (revision: test-hivemq-platform-7bbc5894fb, replicas: 1, available: 0, ready: 0, current: 1, updated: 1)
2025-01-29 13:58:37,880 INFO c.h.h.t.HelmChartContainer - [hivemq-test-hivemq-platform] [hivemq-platform-operator] [0e75f06c] 13:58:37.879 [ReconcilerExecutor-hivemq-controller-87] DEBUG c.h.p.o.HiveMQPlatformReconciler - [helmmqtt] StatefulSet Spec (replicas: 1, init containers: 1, containers: 1, volumes: 3)
2025-01-29 13:58:37,912 INFO c.h.h.t.HelmChartContainer - [EVENT] Normal [Created] Created container: hivemq-platform-operator-init [helmmqttit:test-hivemq-platform-0]
2025-01-29 13:58:37,954 INFO c.h.h.t.HelmChartContainer - [EVENT] Normal [Started] Started container hivemq-platform-operator-init [helmmqttit:test-hivemq-platform-0]
2025-01-29 13:58:37,962 INFO c.h.h.t.HelmChartContainer - [hivemq-test-hivemq-platform] [hivemq-platform-operator] [0e75f06c] 13:58:37.959 [ReconcilerExecutor-hivemq-controller-87] DEBUG c.h.p.o.h.HiveMQPlatformReconcilerErrorHandler - [helmmqtt] Pod 'test-hivemq-platform-0' phase Pending
2025-01-29 13:58:37,962 INFO c.h.h.t.HelmChartContainer - [hivemq-test-hivemq-platform] [hivemq-platform-operator] [0e75f06c] 13:58:37.959 [ReconcilerExecutor-hivemq-controller-87] DEBUG c.h.p.o.h.HiveMQPlatformReconcilerErrorHandler - [helmmqtt] Pod 'test-hivemq-platform-0' condition 'PodReadyToStartContainers': False
2025-01-29 13:58:37,962 INFO c.h.h.t.HelmChartContainer - [hivemq-test-hivemq-platform] [hivemq-platform-operator] [0e75f06c] 13:58:37.959 [ReconcilerExecutor-hivemq-controller-87] DEBUG c.h.p.o.h.HiveMQPlatformReconcilerErrorHandler - [helmmqtt] Pod 'test-hivemq-platform-0' condition 'Initialized': False
2025-01-29 13:58:37,962 INFO c.h.h.t.HelmChartContainer - [hivemq-test-hivemq-platform] [hivemq-platform-operator] [0e75f06c] 13:58:37.959 [ReconcilerExecutor-hivemq-controller-87] DEBUG c.h.p.o.h.HiveMQPlatformReconcilerErrorHandler - [helmmqtt] Pod 'test-hivemq-platform-0' condition 'Ready': False
2025-01-29 13:58:37,962 INFO c.h.h.t.HelmChartContainer - [hivemq-test-hivemq-platform] [hivemq-platform-operator] [0e75f06c] 13:58:37.959 [ReconcilerExecutor-hivemq-controller-87] DEBUG c.h.p.o.h.HiveMQPlatformReconcilerErrorHandler - [helmmqtt] Pod 'test-hivemq-platform-0' condition 'ContainersReady': False
2025-01-29 13:58:37,962 INFO c.h.h.t.HelmChartContainer - [hivemq-test-hivemq-platform] [hivemq-platform-operator] [0e75f06c] 13:58:37.960 [ReconcilerExecutor-hivemq-controller-87] DEBUG c.h.p.o.h.HiveMQPlatformReconcilerErrorHandler - [helmmqtt] Pod 'test-hivemq-platform-0' condition 'PodScheduled': True
2025-01-29 13:58:37,962 INFO c.h.h.t.HelmChartContainer - [hivemq-test-hivemq-platform] [hivemq-platform-operator] [0e75f06c] 13:58:37.960 [ReconcilerExecutor-hivemq-controller-87] DEBUG c.h.p.o.h.HiveMQPlatformReconcilerErrorHandler - [helmmqtt] Pod 'test-hivemq-platform-0' containerStatus 'hivemq' (started: false) (ready: false) (waiting: [PodInitializing] null)
2025-01-29 13:58:37,966 INFO c.h.h.t.HelmChartContainer - [hivemq-test-hivemq-platform] [hivemq-platform-operator] [0e75f06c] 13:58:37.962 [ReconcilerExecutor-hivemq-controller-87] INFO  c.h.p.o.h.HiveMQPlatformReconcilerBaseHandler - [helmmqtt] HiveMQ Platform is starting, 0 of 1 replicas are ready
2025-01-29 13:58:38,634 INFO c.h.h.t.HelmChartContainer - [EVENT] Normal [Pulled] Container image "docker.io/hivemq/hivemq4:4.36.0" already present on machine [helmmqttit:test-hivemq-platform-0]
2025-01-29 13:58:38,634 INFO c.h.h.t.HelmChartContainer - Received Pulled event for container hivemq in pod test-hivemq-platform-0 [1308e29b-1ca7-4bc6-89ca-90297ca2e4c1]
2025-01-29 13:58:38,646 INFO c.h.h.t.HelmChartContainer - [POD] svclb-hivemq-test-hivemq-platform-mqtt-1884-2a4d73e6-rvjnb [285bd949-7577-4408-9a2f-bda9ae905d53] in kube-system was MODIFIED
2025-01-29 13:58:38,660 INFO c.h.h.t.HelmChartContainer - [K3S] [event.go:389] "Event occurred" object="helmmqttit/hivemq-test-hivemq-platform-mqtt-1884" fieldPath="" kind="Service" apiVersion="v1" type="Normal" reason="UpdatedLoadBalancer" message="Updated LoadBalancer with new IPs: [] -> [172.18.0.2]"
2025-01-29 13:58:38,671 INFO c.h.h.t.HelmChartContainer - [EVENT] Normal [UpdatedLoadBalancer] Updated LoadBalancer with new IPs: [] -> [172.18.0.2] [helmmqttit:hivemq-test-hivemq-platform-mqtt-1884]
2025-01-29 13:58:38,675 INFO c.h.h.t.HelmChartContainer - [hivemq-test-hivemq-platform] [hivemq-platform-operator] [0e75f06c] 13:58:38.673 [pool-6-thread-42] DEBUG c.h.p.o.d.PlatformServiceResource - [helmmqtt] Desired Platform services (2 services)
2025-01-29 13:58:38,677 INFO c.h.h.t.HelmChartContainer - [hivemq-test-hivemq-platform] [hivemq-platform-operator] [0e75f06c] 13:58:38.674 [pool-6-thread-43] DEBUG c.h.p.o.dependants.PodInfoConfigMap - [helmmqtt] Desired PodInfo ConfigMap (1 extensions) (1 enabled)
2025-01-29 13:58:38,677 INFO c.h.h.t.HelmChartContainer - [hivemq-test-hivemq-platform] [hivemq-platform-operator] [0e75f06c] 13:58:38.674 [pool-6-thread-43] DEBUG c.h.p.o.dependants.PodInfoConfigMap - [helmmqtt] Desired PodInfo ConfigMap (metrics port: 9399) (metrics path: /)
2025-01-29 13:58:38,677 INFO c.h.h.t.HelmChartContainer - [hivemq-test-hivemq-platform] [hivemq-platform-operator] [0e75f06c] 13:58:38.674 [pool-6-thread-43] DEBUG c.h.p.o.dependants.PodInfoConfigMap - [helmmqtt] Desired PodInfo ConfigMap (extension state hash: -1817474005)
2025-01-29 13:58:38,697 INFO c.h.h.t.HelmChartContainer - [POD] test-hivemq-platform-0 [1308e29b-1ca7-4bc6-89ca-90297ca2e4c1] in helmmqttit was MODIFIED
2025-01-29 13:58:38,698 INFO c.h.h.t.HelmChartContainer - [hivemq-test-hivemq-platform] [hivemq-platform-operator] [0e75f06c] 13:58:38.685 [pool-6-thread-47] DEBUG c.h.p.o.d.PodServiceAccountResource - [helmmqtt] Desired PodServiceAccountResource (serviceAccountName: hivemq-platform-pod-test-hivemq-platform)
2025-01-29 13:58:38,713 INFO c.h.h.t.HelmChartContainer - [K3S] [event.go:389] "Event occurred" object="helmmqttit/hivemq-test-hivemq-platform-mqtt-1884" fieldPath="" kind="Service" apiVersion="v1" type="Normal" reason="UpdatedLoadBalancer" message="Updated LoadBalancer with new IPs: [172.18.0.2] -> [172.18.0.2]"
2025-01-29 13:58:38,719 INFO c.h.h.t.HelmChartContainer - [EVENT] Normal [UpdatedLoadBalancer] Updated LoadBalancer with new IPs: [172.18.0.2] -> [172.18.0.2] [helmmqttit:hivemq-test-hivemq-platform-mqtt-1884]
2025-01-29 13:58:38,763 INFO c.h.h.t.HelmChartContainer - [hivemq-test-hivemq-platform] [hivemq-platform-operator] [0e75f06c] 13:58:38.762 [pool-6-thread-50] DEBUG c.h.p.o.d.StatefulSetResource - [helmmqtt] Desired StatefulSet (1 replicas) for status STARTING (READY)
2025-01-29 13:58:38,768 INFO c.h.h.t.HelmChartContainer - [hivemq-test-hivemq-platform] [hivemq-platform-operator] [0e75f06c] 13:58:38.767 [ReconcilerExecutor-hivemq-controller-98] INFO  c.h.p.o.HiveMQPlatformReconciler - [helmmqtt] Reconciling HiveMQ Platform 'test-hivemq-platform' in namespace 'helmmqttit'
2025-01-29 13:58:38,768 INFO c.h.h.t.HelmChartContainer - [hivemq-test-hivemq-platform] [hivemq-platform-operator] [0e75f06c] 13:58:38.767 [ReconcilerExecutor-hivemq-controller-98] DEBUG c.h.p.o.HiveMQPlatformReconciler - [helmmqtt] Custom Resource Status STARTING - HiveMQ Platform is starting (READY)
2025-01-29 13:58:38,768 INFO c.h.h.t.HelmChartContainer - [hivemq-test-hivemq-platform] [hivemq-platform-operator] [0e75f06c] 13:58:38.767 [ReconcilerExecutor-hivemq-controller-98] DEBUG c.h.p.o.HiveMQPlatformReconciler - [helmmqtt] Custom Resource Spec (replicas: 1) (extensions: 1)
2025-01-29 13:58:38,773 INFO c.h.h.t.HelmChartContainer - [hivemq-test-hivemq-platform] [hivemq-platform-operator] [0e75f06c] 13:58:38.771 [ReconcilerExecutor-hivemq-controller-98] DEBUG c.h.p.o.HiveMQPlatformReconciler - [helmmqtt] StatefulSet Status (revision: test-hivemq-platform-7bbc5894fb, replicas: 1, available: 0, ready: 0, current: 1, updated: 1)
2025-01-29 13:58:38,773 INFO c.h.h.t.HelmChartContainer - [hivemq-test-hivemq-platform] [hivemq-platform-operator] [0e75f06c] 13:58:38.771 [ReconcilerExecutor-hivemq-controller-98] DEBUG c.h.p.o.HiveMQPlatformReconciler - [helmmqtt] StatefulSet Spec (replicas: 1, init containers: 1, containers: 1, volumes: 3)
2025-01-29 13:58:38,860 INFO c.h.h.t.HelmChartContainer - [hivemq-test-hivemq-platform] [hivemq-platform-operator] [0e75f06c] 13:58:38.858 [ReconcilerExecutor-hivemq-controller-98] DEBUG c.h.p.o.h.HiveMQPlatformReconcilerErrorHandler - [helmmqtt] Pod 'test-hivemq-platform-0' phase Pending
2025-01-29 13:58:38,860 INFO c.h.h.t.HelmChartContainer - [hivemq-test-hivemq-platform] [hivemq-platform-operator] [0e75f06c] 13:58:38.858 [ReconcilerExecutor-hivemq-controller-98] DEBUG c.h.p.o.h.HiveMQPlatformReconcilerErrorHandler - [helmmqtt] Pod 'test-hivemq-platform-0' condition 'PodReadyToStartContainers': True
2025-01-29 13:58:38,860 INFO c.h.h.t.HelmChartContainer - [hivemq-test-hivemq-platform] [hivemq-platform-operator] [0e75f06c] 13:58:38.858 [ReconcilerExecutor-hivemq-controller-98] DEBUG c.h.p.o.h.HiveMQPlatformReconcilerErrorHandler - [helmmqtt] Pod 'test-hivemq-platform-0' condition 'Initialized': True
2025-01-29 13:58:38,861 INFO c.h.h.t.HelmChartContainer - [hivemq-test-hivemq-platform] [hivemq-platform-operator] [0e75f06c] 13:58:38.858 [ReconcilerExecutor-hivemq-controller-98] DEBUG c.h.p.o.h.HiveMQPlatformReconcilerErrorHandler - [helmmqtt] Pod 'test-hivemq-platform-0' condition 'Ready': False
2025-01-29 13:58:38,861 INFO c.h.h.t.HelmChartContainer - [hivemq-test-hivemq-platform] [hivemq-platform-operator] [0e75f06c] 13:58:38.858 [ReconcilerExecutor-hivemq-controller-98] DEBUG c.h.p.o.h.HiveMQPlatformReconcilerErrorHandler - [helmmqtt] Pod 'test-hivemq-platform-0' condition 'ContainersReady': False
2025-01-29 13:58:38,862 INFO c.h.h.t.HelmChartContainer - [hivemq-test-hivemq-platform] [hivemq-platform-operator] [0e75f06c] 13:58:38.859 [ReconcilerExecutor-hivemq-controller-98] DEBUG c.h.p.o.h.HiveMQPlatformReconcilerErrorHandler - [helmmqtt] Pod 'test-hivemq-platform-0' condition 'PodScheduled': True
2025-01-29 13:58:38,862 INFO c.h.h.t.HelmChartContainer - [hivemq-test-hivemq-platform] [hivemq-platform-operator] [0e75f06c] 13:58:38.859 [ReconcilerExecutor-hivemq-controller-98] DEBUG c.h.p.o.h.HiveMQPlatformReconcilerErrorHandler - [helmmqtt] Pod 'test-hivemq-platform-0' containerStatus 'hivemq' (started: false) (ready: false) (waiting: [PodInitializing] null)
2025-01-29 13:58:38,862 INFO c.h.h.t.HelmChartContainer - [hivemq-test-hivemq-platform] [hivemq-platform-operator] [0e75f06c] 13:58:38.860 [ReconcilerExecutor-hivemq-controller-98] INFO  c.h.p.o.h.HiveMQPlatformReconcilerBaseHandler - [helmmqtt] HiveMQ Platform is starting, 0 of 1 replicas are ready
2025-01-29 13:58:38,868 INFO c.h.h.t.HelmChartContainer - [hivemq-test-hivemq-platform] [hivemq-platform-operator] [0e75f06c] 13:58:38.867 [pool-6-thread-4] DEBUG c.h.p.o.d.PodServiceAccountResource - [helmmqtt] Desired PodServiceAccountResource (serviceAccountName: hivemq-platform-pod-test-hivemq-platform)
2025-01-29 13:58:38,871 INFO c.h.h.t.HelmChartContainer - [hivemq-test-hivemq-platform] [hivemq-platform-operator] [0e75f06c] 13:58:38.868 [pool-6-thread-6] DEBUG c.h.p.o.d.PlatformServiceResource - [helmmqtt] Desired Platform services (2 services)
2025-01-29 13:58:38,872 INFO c.h.h.t.HelmChartContainer - [hivemq-test-hivemq-platform] [hivemq-platform-operator] [0e75f06c] 13:58:38.871 [pool-6-thread-3] DEBUG c.h.p.o.dependants.PodInfoConfigMap - [helmmqtt] Desired PodInfo ConfigMap (1 extensions) (1 enabled)
2025-01-29 13:58:38,872 INFO c.h.h.t.HelmChartContainer - [hivemq-test-hivemq-platform] [hivemq-platform-operator] [0e75f06c] 13:58:38.871 [pool-6-thread-3] DEBUG c.h.p.o.dependants.PodInfoConfigMap - [helmmqtt] Desired PodInfo ConfigMap (metrics port: 9399) (metrics path: /)
2025-01-29 13:58:38,873 INFO c.h.h.t.HelmChartContainer - [hivemq-test-hivemq-platform] [hivemq-platform-operator] [0e75f06c] 13:58:38.871 [pool-6-thread-3] DEBUG c.h.p.o.dependants.PodInfoConfigMap - [helmmqtt] Desired PodInfo ConfigMap (extension state hash: -1817474005)
2025-01-29 13:58:38,940 INFO c.h.h.t.HelmChartContainer - [hivemq-test-hivemq-platform] [hivemq-platform-operator] [0e75f06c] 13:58:38.938 [pool-6-thread-6] DEBUG c.h.p.o.d.StatefulSetResource - [helmmqtt] Desired StatefulSet (1 replicas) for status STARTING (READY)
2025-01-29 13:58:38,960 INFO c.h.h.t.HelmChartContainer - [hivemq-test-hivemq-platform] [hivemq-platform-operator] [0e75f06c] 13:58:38.959 [ReconcilerExecutor-hivemq-controller-109] INFO  c.h.p.o.HiveMQPlatformReconciler - [helmmqtt] Reconciling HiveMQ Platform 'test-hivemq-platform' in namespace 'helmmqttit'
2025-01-29 13:58:38,961 INFO c.h.h.t.HelmChartContainer - [hivemq-test-hivemq-platform] [hivemq-platform-operator] [0e75f06c] 13:58:38.959 [ReconcilerExecutor-hivemq-controller-109] DEBUG c.h.p.o.HiveMQPlatformReconciler - [helmmqtt] Custom Resource Status STARTING - HiveMQ Platform is starting (READY)
2025-01-29 13:58:38,961 INFO c.h.h.t.HelmChartContainer - [hivemq-test-hivemq-platform] [hivemq-platform-operator] [0e75f06c] 13:58:38.959 [ReconcilerExecutor-hivemq-controller-109] DEBUG c.h.p.o.HiveMQPlatformReconciler - [helmmqtt] Custom Resource Spec (replicas: 1) (extensions: 1)
2025-01-29 13:58:38,963 INFO c.h.h.t.HelmChartContainer - [hivemq-test-hivemq-platform] [hivemq-platform-operator] [0e75f06c] 13:58:38.962 [ReconcilerExecutor-hivemq-controller-109] DEBUG c.h.p.o.HiveMQPlatformReconciler - [helmmqtt] StatefulSet Status (revision: test-hivemq-platform-7bbc5894fb, replicas: 1, available: 0, ready: 0, current: 1, updated: 1)
2025-01-29 13:58:38,964 INFO c.h.h.t.HelmChartContainer - [hivemq-test-hivemq-platform] [hivemq-platform-operator] [0e75f06c] 13:58:38.963 [ReconcilerExecutor-hivemq-controller-109] DEBUG c.h.p.o.HiveMQPlatformReconciler - [helmmqtt] StatefulSet Spec (replicas: 1, init containers: 1, containers: 1, volumes: 3)
2025-01-29 13:58:38,965 INFO c.h.h.t.HelmChartContainer - [hivemq-test-hivemq-platform] [hivemq-platform-operator] [0e75f06c] 13:58:38.965 [ReconcilerExecutor-hivemq-controller-109] DEBUG c.h.p.o.h.HiveMQPlatformReconcilerErrorHandler - [helmmqtt] Pod 'test-hivemq-platform-0' phase Pending
2025-01-29 13:58:38,967 INFO c.h.h.t.HelmChartContainer - [hivemq-test-hivemq-platform] [hivemq-platform-operator] [0e75f06c] 13:58:38.966 [ReconcilerExecutor-hivemq-controller-109] DEBUG c.h.p.o.h.HiveMQPlatformReconcilerErrorHandler - [helmmqtt] Pod 'test-hivemq-platform-0' condition 'PodReadyToStartContainers': True
2025-01-29 13:58:38,967 INFO c.h.h.t.HelmChartContainer - [hivemq-test-hivemq-platform] [hivemq-platform-operator] [0e75f06c] 13:58:38.966 [ReconcilerExecutor-hivemq-controller-109] DEBUG c.h.p.o.h.HiveMQPlatformReconcilerErrorHandler - [helmmqtt] Pod 'test-hivemq-platform-0' condition 'Initialized': True
2025-01-29 13:58:38,969 INFO c.h.h.t.HelmChartContainer - [hivemq-test-hivemq-platform] [hivemq-platform-operator] [0e75f06c] 13:58:38.967 [ReconcilerExecutor-hivemq-controller-109] DEBUG c.h.p.o.h.HiveMQPlatformReconcilerErrorHandler - [helmmqtt] Pod 'test-hivemq-platform-0' condition 'Ready': False
2025-01-29 13:58:38,969 INFO c.h.h.t.HelmChartContainer - [hivemq-test-hivemq-platform] [hivemq-platform-operator] [0e75f06c] 13:58:38.967 [ReconcilerExecutor-hivemq-controller-109] DEBUG c.h.p.o.h.HiveMQPlatformReconcilerErrorHandler - [helmmqtt] Pod 'test-hivemq-platform-0' condition 'ContainersReady': False
2025-01-29 13:58:38,969 INFO c.h.h.t.HelmChartContainer - [hivemq-test-hivemq-platform] [hivemq-platform-operator] [0e75f06c] 13:58:38.967 [ReconcilerExecutor-hivemq-controller-109] DEBUG c.h.p.o.h.HiveMQPlatformReconcilerErrorHandler - [helmmqtt] Pod 'test-hivemq-platform-0' condition 'PodScheduled': True
2025-01-29 13:58:38,969 INFO c.h.h.t.HelmChartContainer - [hivemq-test-hivemq-platform] [hivemq-platform-operator] [0e75f06c] 13:58:38.967 [ReconcilerExecutor-hivemq-controller-109] DEBUG c.h.p.o.h.HiveMQPlatformReconcilerErrorHandler - [helmmqtt] Pod 'test-hivemq-platform-0' containerStatus 'hivemq' (started: false) (ready: false) (waiting: [PodInitializing] null)
2025-01-29 13:58:38,969 INFO c.h.h.t.HelmChartContainer - [hivemq-test-hivemq-platform] [hivemq-platform-operator] [0e75f06c] 13:58:38.968 [ReconcilerExecutor-hivemq-controller-109] INFO  c.h.p.o.h.HiveMQPlatformReconcilerBaseHandler - [helmmqtt] HiveMQ Platform is starting, 0 of 1 replicas are ready
2025-01-29 13:58:39,979 INFO c.h.h.t.HelmChartContainer - [EVENT] Normal [Created] Created container: hivemq [helmmqttit:test-hivemq-platform-0]
2025-01-29 13:58:39,979 INFO c.h.h.t.HelmChartContainer - Received Created event for container hivemq in pod test-hivemq-platform-0 [1308e29b-1ca7-4bc6-89ca-90297ca2e4c1]
2025-01-29 13:58:40,644 INFO c.h.h.t.HelmChartContainer - [POD] test-hivemq-platform-0 [1308e29b-1ca7-4bc6-89ca-90297ca2e4c1] in helmmqttit was MODIFIED
2025-01-29 13:58:40,659 INFO c.h.h.t.HelmChartContainer - [hivemq-test-hivemq-platform] [hivemq-platform-operator] [0e75f06c] 13:58:40.657 [pool-6-thread-17] DEBUG c.h.p.o.d.PlatformServiceResource - [helmmqtt] Desired Platform services (2 services)
2025-01-29 13:58:40,662 INFO c.h.h.t.HelmChartContainer - Started log watcher for hivemq in pod test-hivemq-platform-0 [1308e29b-1ca7-4bc6-89ca-90297ca2e4c1]
2025-01-29 13:58:40,662 INFO c.h.h.t.HelmChartContainer - [EVENT] Normal [Started] Started container hivemq [helmmqttit:test-hivemq-platform-0]
2025-01-29 13:58:40,662 INFO c.h.h.t.HelmChartContainer - Received Started event for container hivemq in pod test-hivemq-platform-0 [1308e29b-1ca7-4bc6-89ca-90297ca2e4c1]
2025-01-29 13:58:40,664 INFO c.h.h.t.HelmChartContainer - [test-hivemq-platform] [hivemq] [1308e29b] Adding pre-installed HiveMQ Platform Operator extensions
2025-01-29 13:58:40,664 INFO c.h.h.t.HelmChartContainer - [test-hivemq-platform] [hivemq] [1308e29b] Running as user 10000
2025-01-29 13:58:40,664 INFO c.h.h.t.HelmChartContainer - [test-hivemq-platform] [hivemq] [1308e29b] Starting HiveMQ Platform Operator Init
2025-01-29 13:58:40,664 INFO c.h.h.t.HelmChartContainer - [hivemq-test-hivemq-platform] [hivemq-platform-operator] [0e75f06c] 13:58:40.660 [pool-6-thread-16] DEBUG c.h.p.o.dependants.PodInfoConfigMap - [helmmqtt] Desired PodInfo ConfigMap (1 extensions) (1 enabled)
2025-01-29 13:58:40,664 INFO c.h.h.t.HelmChartContainer - [hivemq-test-hivemq-platform] [hivemq-platform-operator] [0e75f06c] 13:58:40.660 [pool-6-thread-16] DEBUG c.h.p.o.dependants.PodInfoConfigMap - [helmmqtt] Desired PodInfo ConfigMap (metrics port: 9399) (metrics path: /)
2025-01-29 13:58:40,664 INFO c.h.h.t.HelmChartContainer - [hivemq-test-hivemq-platform] [hivemq-platform-operator] [0e75f06c] 13:58:40.660 [pool-6-thread-16] DEBUG c.h.p.o.dependants.PodInfoConfigMap - [helmmqtt] Desired PodInfo ConfigMap (extension state hash: -1817474005)
2025-01-29 13:58:40,668 INFO c.h.h.t.HelmChartContainer - [hivemq-test-hivemq-platform] [hivemq-platform-operator] [0e75f06c] 13:58:40.663 [pool-6-thread-15] DEBUG c.h.p.o.d.PodServiceAccountResource - [helmmqtt] Desired PodServiceAccountResource (serviceAccountName: hivemq-platform-pod-test-hivemq-platform)
2025-01-29 13:58:40,737 INFO c.h.h.t.HelmChartContainer - [hivemq-test-hivemq-platform] [hivemq-platform-operator] [0e75f06c] 13:58:40.736 [pool-6-thread-17] DEBUG c.h.p.o.d.StatefulSetResource - [helmmqtt] Desired StatefulSet (1 replicas) for status STARTING (READY)
2025-01-29 13:58:40,742 INFO c.h.h.t.HelmChartContainer - [hivemq-test-hivemq-platform] [hivemq-platform-operator] [0e75f06c] 13:58:40.741 [ReconcilerExecutor-hivemq-controller-110] INFO  c.h.p.o.HiveMQPlatformReconciler - [helmmqtt] Reconciling HiveMQ Platform 'test-hivemq-platform' in namespace 'helmmqttit'
2025-01-29 13:58:40,742 INFO c.h.h.t.HelmChartContainer - [hivemq-test-hivemq-platform] [hivemq-platform-operator] [0e75f06c] 13:58:40.741 [ReconcilerExecutor-hivemq-controller-110] DEBUG c.h.p.o.HiveMQPlatformReconciler - [helmmqtt] Custom Resource Status STARTING - HiveMQ Platform is starting (READY)
2025-01-29 13:58:40,742 INFO c.h.h.t.HelmChartContainer - [hivemq-test-hivemq-platform] [hivemq-platform-operator] [0e75f06c] 13:58:40.741 [ReconcilerExecutor-hivemq-controller-110] DEBUG c.h.p.o.HiveMQPlatformReconciler - [helmmqtt] Custom Resource Spec (replicas: 1) (extensions: 1)
2025-01-29 13:58:40,762 INFO c.h.h.t.HelmChartContainer - [hivemq-test-hivemq-platform] [hivemq-platform-operator] [0e75f06c] 13:58:40.760 [ReconcilerExecutor-hivemq-controller-110] DEBUG c.h.p.o.HiveMQPlatformReconciler - [helmmqtt] StatefulSet Status (revision: test-hivemq-platform-7bbc5894fb, replicas: 1, available: 0, ready: 0, current: 1, updated: 1)
2025-01-29 13:58:40,762 INFO c.h.h.t.HelmChartContainer - [hivemq-test-hivemq-platform] [hivemq-platform-operator] [0e75f06c] 13:58:40.760 [ReconcilerExecutor-hivemq-controller-110] DEBUG c.h.p.o.HiveMQPlatformReconciler - [helmmqtt] StatefulSet Spec (replicas: 1, init containers: 1, containers: 1, volumes: 3)
2025-01-29 13:58:40,765 INFO c.h.h.t.HelmChartContainer - [hivemq-test-hivemq-platform] [hivemq-platform-operator] [0e75f06c] 13:58:40.764 [ReconcilerExecutor-hivemq-controller-110] DEBUG c.h.p.o.h.HiveMQPlatformReconcilerErrorHandler - [helmmqtt] Pod 'test-hivemq-platform-0' phase Running
2025-01-29 13:58:40,835 INFO c.h.h.t.HelmChartContainer - [hivemq-test-hivemq-platform] [hivemq-platform-operator] [0e75f06c] 13:58:40.834 [ReconcilerExecutor-hivemq-controller-110] INFO  c.h.p.o.h.HiveMQPlatformReconcilerBaseHandler - [helmmqtt] HiveMQ Platform is starting, 0 of 1 replicas are ready
2025-01-29 13:58:41,226 INFO c.h.h.t.HelmChartContainer - [test-hivemq-platform] [hivemq] [1308e29b] INFO  - [HiveMQ Platform Operator Init 1.7.0-SNAPSHOT] HiveMQ Platform Operator Init 1.7.0-SNAPSHOT (commit: bebf408 on branch: HEAD) built on Sun Jan 26 20:47:47 UTC 2025
2025-01-29 13:58:42,430 INFO c.h.h.t.HelmChartContainer - [test-hivemq-platform] [hivemq] [1308e29b] INFO  - [HiveMQ Platform Operator Init App 1.7.0-SNAPSHOT] Using bind address 10.42.0.11 from environment variable
2025-01-29 13:58:43,397 INFO c.h.h.t.HelmChartContainer - [test-hivemq-platform] [hivemq] [1308e29b] INFO  - [HiveMQ Platform Operator Init App 1.7.0-SNAPSHOT] HiveMQ Platform Operator Init App 1.7.0-SNAPSHOT (commit: bebf408 on branch: HEAD) built on Sun Jan 26 20:47:47 UTC 2025
2025-01-29 13:58:43,398 INFO c.h.h.t.HelmChartContainer - [test-hivemq-platform] [hivemq] [1308e29b] INFO  - [HiveMQ Platform Operator Init App 1.7.0-SNAPSHOT] PodInfo ConfigMap directory: /etc/podinfo
2025-01-29 13:58:43,398 INFO c.h.h.t.HelmChartContainer - [test-hivemq-platform] [hivemq] [1308e29b] INFO  - [HiveMQ Platform Operator Init App 1.7.0-SNAPSHOT] HiveMQ home directory: /opt/hivemq
2025-01-29 13:58:43,398 INFO c.h.h.t.HelmChartContainer - [test-hivemq-platform] [hivemq] [1308e29b] INFO  - [HiveMQ Platform Operator Init App 1.7.0-SNAPSHOT] HiveMQ Logback folder: /opt/hivemq/conf
2025-01-29 13:58:43,398 INFO c.h.h.t.HelmChartContainer - [test-hivemq-platform] [hivemq] [1308e29b] INFO  - [HiveMQ Platform Operator Init App 1.7.0-SNAPSHOT] HiveMQ Config folder: /opt/hivemq/conf-k8s
2025-01-29 13:58:43,399 INFO c.h.h.t.HelmChartContainer - [test-hivemq-platform] [hivemq] [1308e29b] INFO  - [HiveMQ Platform Operator Init App 1.7.0-SNAPSHOT] Starting HiveMQ Platform Operator Init App
2025-01-29 13:58:43,399 INFO c.h.h.t.HelmChartContainer - [test-hivemq-platform] [hivemq] [1308e29b] INFO  - [HiveMQ Platform Operator Init App 1.7.0-SNAPSHOT] Starting Pod reconciler
2025-01-29 13:58:44,009 INFO c.h.h.t.HelmChartContainer - [K3S] [range_allocator.go:247] "Successfully synced" key="b2f104d21a5d"
2025-01-29 13:58:44,618 INFO c.h.h.t.HelmChartContainer - [test-hivemq-platform] [hivemq] [1308e29b] INFO  - [HiveMQ Platform Operator Init App 1.7.0-SNAPSHOT] Pod reconciler is scheduled (interval: 5000 ms)
2025-01-29 13:58:44,619 INFO c.h.h.t.HelmChartContainer - [test-hivemq-platform] [hivemq] [1308e29b] INFO  - [HiveMQ Platform Operator Init App 1.7.0-SNAPSHOT] Starting the REST API on 10.42.0.11:7979
2025-01-29 13:58:44,621 INFO c.h.h.t.HelmChartContainer - [test-hivemq-platform] [hivemq] [1308e29b] INFO  - [HiveMQ Platform Operator Init App 1.7.0-SNAPSHOT] Waiting up to 600s for at most 1 HiveMQ nodes in cluster service hivemq-test-hivemq-platform-cluster.helmmqttit.svc
2025-01-29 13:58:45,004 INFO c.h.h.t.HelmChartContainer - [test-hivemq-platform] [hivemq] [1308e29b] INFO  - [HiveMQ Platform Operator Init App 1.7.0-SNAPSHOT] Resolved 1 IP addresses: [10.42.0.11]
2025-01-29 13:58:45,005 INFO c.h.h.t.HelmChartContainer - [test-hivemq-platform] [hivemq] [1308e29b] INFO  - [HiveMQ Platform Operator Init App 1.7.0-SNAPSHOT] HiveMQ node count of 1 is within threshold of 1
2025-01-29 13:58:45,005 INFO c.h.h.t.HelmChartContainer - [test-hivemq-platform] [hivemq] [1308e29b] INFO  - [HiveMQ Platform Operator Init App 1.7.0-SNAPSHOT] Proceeding with container start
2025-01-29 13:58:45,040 INFO c.h.h.t.HelmChartContainer - [test-hivemq-platform] [hivemq] [1308e29b] INFO  - [HiveMQ Platform Operator Init App 1.7.0-SNAPSHOT] Initializing HiveMQ Platform extensions with initial configuration: {hivemq-allow-all-extension={start-priority=-1, skip-https-hostname-verification=false, restart=true, config-version=0, header-version=0, c-uri=, priority=-1, uri=preinstalled, skip-https-certificate-validation=false, enabled=true}, hivemq-prometheus-extension={request-header-path=no-request-headers, uri=preinstalled, skip-https-certificate-validation=false, skip-https-hostname-verification=false, c-uri=, start-priority=-1, priority=-1, restart=true, enabled=true}}
2025-01-29 13:58:45,521 INFO c.h.h.t.HelmChartContainer - [test-hivemq-platform] [hivemq] [1308e29b] INFO  - [HiveMQ Platform Operator Init App 1.7.0-SNAPSHOT] Extension hivemq-allow-all-extension was already enabled
2025-01-29 13:58:45,596 INFO c.h.h.t.HelmChartContainer - [test-hivemq-platform] [hivemq] [1308e29b] INFO  - [HiveMQ Platform Operator Init App 1.7.0-SNAPSHOT] Successfully enabled extension hivemq-prometheus-extension
2025-01-29 13:58:45,598 INFO c.h.h.t.HelmChartContainer - [test-hivemq-platform] [hivemq] [1308e29b] INFO  - [HiveMQ Platform Operator Init App 1.7.0-SNAPSHOT] Starting HiveMQ Platform version 4.36.0 (4.36.0)
2025-01-29 13:58:45,598 INFO c.h.h.t.HelmChartContainer - [test-hivemq-platform] [hivemq] [1308e29b] INFO  - [HiveMQ Platform Operator Init App 1.7.0-SNAPSHOT] Configuring the HiveMQ Platform
2025-01-29 13:58:45,622 INFO c.h.h.t.HelmChartContainer - [test-hivemq-platform] [hivemq] [1308e29b] INFO  - [HiveMQ Platform Operator Init App 1.7.0-SNAPSHOT] Changed logback.xml file scan period to 20 seconds
2025-01-29 13:58:45,700 INFO c.h.h.t.HelmChartContainer - [test-hivemq-platform] [hivemq] [1308e29b] INFO  - [HiveMQ Platform Operator Init App 1.7.0-SNAPSHOT] Starting the HiveMQ Platform
2025-01-29 13:58:45,719 INFO c.h.h.t.HelmChartContainer - [test-hivemq-platform] [hivemq] [1308e29b] -------------------------------------------------------------------------
2025-01-29 13:58:45,719 INFO c.h.h.t.HelmChartContainer - [test-hivemq-platform] [hivemq] [1308e29b] 
2025-01-29 13:58:45,719 INFO c.h.h.t.HelmChartContainer - [test-hivemq-platform] [hivemq] [1308e29b]                   _    _  _              __  __   ____
2025-01-29 13:58:45,719 INFO c.h.h.t.HelmChartContainer - [test-hivemq-platform] [hivemq] [1308e29b]                  | |  | |(_)            |  \/  | / __ \
2025-01-29 13:58:45,719 INFO c.h.h.t.HelmChartContainer - [test-hivemq-platform] [hivemq] [1308e29b]                  | |__| | _ __   __ ___ | \  / || |  | |
2025-01-29 13:58:45,719 INFO c.h.h.t.HelmChartContainer - [test-hivemq-platform] [hivemq] [1308e29b]                  |  __  || |\ \ / // _ \| |\/| || |  | |
2025-01-29 13:58:45,719 INFO c.h.h.t.HelmChartContainer - [test-hivemq-platform] [hivemq] [1308e29b]                  | |  | || | \ V /|  __/| |  | || |__| |
2025-01-29 13:58:45,719 INFO c.h.h.t.HelmChartContainer - [test-hivemq-platform] [hivemq] [1308e29b]                  |_|  |_||_|  \_/  \___||_|  |_| \___\_\
2025-01-29 13:58:45,719 INFO c.h.h.t.HelmChartContainer - [test-hivemq-platform] [hivemq] [1308e29b] 
2025-01-29 13:58:45,719 INFO c.h.h.t.HelmChartContainer - [test-hivemq-platform] [hivemq] [1308e29b] -------------------------------------------------------------------------
2025-01-29 13:58:45,719 INFO c.h.h.t.HelmChartContainer - [test-hivemq-platform] [hivemq] [1308e29b] 
2025-01-29 13:58:45,719 INFO c.h.h.t.HelmChartContainer - [test-hivemq-platform] [hivemq] [1308e29b]   HiveMQ Start Script for Linux/Unix v1.14
2025-01-29 13:58:45,719 INFO c.h.h.t.HelmChartContainer - [test-hivemq-platform] [hivemq] [1308e29b] 
2025-01-29 13:58:45,804 INFO c.h.h.t.HelmChartContainer - [test-hivemq-platform] [hivemq] [1308e29b] -------------------------------------------------------------------------
2025-01-29 13:58:45,804 INFO c.h.h.t.HelmChartContainer - [test-hivemq-platform] [hivemq] [1308e29b] 
2025-01-29 13:58:45,804 INFO c.h.h.t.HelmChartContainer - [test-hivemq-platform] [hivemq] [1308e29b]   HIVEMQ_HOME: /opt/hivemq
2025-01-29 13:58:45,804 INFO c.h.h.t.HelmChartContainer - [test-hivemq-platform] [hivemq] [1308e29b] 
2025-01-29 13:58:45,805 INFO c.h.h.t.HelmChartContainer - [test-hivemq-platform] [hivemq] [1308e29b]   JAVA_OPTS: -XX:+UnlockExperimentalVMOptions -XX:InitialRAMPercentage=50 -XX:MaxRAMPercentage=50 -Djava.net.preferIPv4Stack=true --add-opens java.base/java.lang=ALL-UNNAMED --add-opens java.base/java.nio=ALL-UNNAMED --add-opens java.base/sun.nio.ch=ALL-UNNAMED --add-opens jdk.management/com.sun.management.internal=ALL-UNNAMED --add-exports java.base/jdk.internal.misc=ALL-UNNAMED -Djava.security.egd=file:/dev/./urandom -Dcom.sun.management.jmxremote -Dcom.sun.management.jmxremote.port=9010 -Dcom.sun.management.jmxremote.local.only=false -Dcom.sun.management.jmxremote.authenticate=false -Dcom.sun.management.jmxremote.ssl=false -Duser.language=en -Duser.region=US -XX:+CrashOnOutOfMemoryError -XX:+HeapDumpOnOutOfMemoryError
2025-01-29 13:58:45,805 INFO c.h.h.t.HelmChartContainer - [test-hivemq-platform] [hivemq] [1308e29b] 
2025-01-29 13:58:45,805 INFO c.h.h.t.HelmChartContainer - [test-hivemq-platform] [hivemq] [1308e29b]   JAVA_VERSION: 21
2025-01-29 13:58:45,805 INFO c.h.h.t.HelmChartContainer - [test-hivemq-platform] [hivemq] [1308e29b] 
2025-01-29 13:58:45,805 INFO c.h.h.t.HelmChartContainer - [test-hivemq-platform] [hivemq] [1308e29b] -------------------------------------------------------------------------
2025-01-29 13:58:45,805 INFO c.h.h.t.HelmChartContainer - [test-hivemq-platform] [hivemq] [1308e29b] 
2025-01-29 13:58:46,796 INFO c.h.h.t.HelmChartContainer - [test-hivemq-platform] [hivemq] [1308e29b] INFO  - [HiveMQ Platform Operator Init App 1.7.0-SNAPSHOT] Returning default Health API response 503 for readiness
2025-01-29 13:58:47,203 INFO c.h.h.t.HelmChartContainer - [EVENT] Warning [Unhealthy] Readiness probe failed: HTTP probe failed with statuscode: 503 [helmmqttit:test-hivemq-platform-0]
2025-01-29 13:58:47,203 INFO c.h.h.t.HelmChartContainer - Received Unhealthy event for container hivemq in pod test-hivemq-platform-0 [1308e29b-1ca7-4bc6-89ca-90297ca2e4c1]
2025-01-29 13:58:48,623 INFO c.h.h.t.HelmChartContainer - [test-hivemq-platform] [hivemq] [1308e29b] INFO  - Starting HiveMQ Enterprise Server
2025-01-29 13:58:48,698 INFO c.h.h.t.HelmChartContainer - [test-hivemq-platform] [hivemq] [1308e29b] INFO  - HiveMQ version: 4.36.0
2025-01-29 13:58:48,699 INFO c.h.h.t.HelmChartContainer - [test-hivemq-platform] [hivemq] [1308e29b] INFO  - HiveMQ home directory: /opt/hivemq
2025-01-29 13:58:48,699 INFO c.h.h.t.HelmChartContainer - [test-hivemq-platform] [hivemq] [1308e29b] INFO  - Log Configuration was overridden by /opt/hivemq/conf/logback.xml
2025-01-29 13:58:50,421 INFO c.h.h.t.HelmChartContainer - [test-hivemq-platform] [hivemq] [1308e29b] INFO  - Successfully loaded configuration from '/opt/hivemq/conf-k8s/config.xml'.
2025-01-29 13:58:50,839 INFO c.h.h.t.HelmChartContainer - [hivemq-test-hivemq-platform] [hivemq-platform-operator] [0e75f06c] 13:58:50.838 [pool-6-thread-25] DEBUG c.h.p.o.d.PlatformServiceResource - [helmmqtt] Desired Platform services (2 services)
2025-01-29 13:58:50,842 INFO c.h.h.t.HelmChartContainer - [hivemq-test-hivemq-platform] [hivemq-platform-operator] [0e75f06c] 13:58:50.840 [pool-6-thread-22] DEBUG c.h.p.o.dependants.PodInfoConfigMap - [helmmqtt] Desired PodInfo ConfigMap (1 extensions) (1 enabled)
2025-01-29 13:58:50,842 INFO c.h.h.t.HelmChartContainer - [hivemq-test-hivemq-platform] [hivemq-platform-operator] [0e75f06c] 13:58:50.840 [pool-6-thread-22] DEBUG c.h.p.o.dependants.PodInfoConfigMap - [helmmqtt] Desired PodInfo ConfigMap (metrics port: 9399) (metrics path: /)
2025-01-29 13:58:50,842 INFO c.h.h.t.HelmChartContainer - [hivemq-test-hivemq-platform] [hivemq-platform-operator] [0e75f06c] 13:58:50.841 [pool-6-thread-22] DEBUG c.h.p.o.dependants.PodInfoConfigMap - [helmmqtt] Desired PodInfo ConfigMap (extension state hash: -1817474005)
2025-01-29 13:58:50,845 INFO c.h.h.t.HelmChartContainer - [hivemq-test-hivemq-platform] [hivemq-platform-operator] [0e75f06c] 13:58:50.843 [pool-6-thread-24] DEBUG c.h.p.o.d.PodServiceAccountResource - [helmmqtt] Desired PodServiceAccountResource (serviceAccountName: hivemq-platform-pod-test-hivemq-platform)
2025-01-29 13:58:50,847 INFO c.h.h.t.HelmChartContainer - [hivemq-test-hivemq-platform] [hivemq-platform-operator] [0e75f06c] 13:58:50.847 [pool-6-thread-21] DEBUG c.h.p.o.d.StatefulSetResource - [helmmqtt] Desired StatefulSet (1 replicas) for status STARTING (READY)
2025-01-29 13:58:50,852 INFO c.h.h.t.HelmChartContainer - [hivemq-test-hivemq-platform] [hivemq-platform-operator] [0e75f06c] 13:58:50.851 [ReconcilerExecutor-hivemq-controller-111] INFO  c.h.p.o.HiveMQPlatformReconciler - [helmmqtt] Reconciling HiveMQ Platform 'test-hivemq-platform' in namespace 'helmmqttit'
2025-01-29 13:58:50,853 INFO c.h.h.t.HelmChartContainer - [hivemq-test-hivemq-platform] [hivemq-platform-operator] [0e75f06c] 13:58:50.851 [ReconcilerExecutor-hivemq-controller-111] DEBUG c.h.p.o.HiveMQPlatformReconciler - [helmmqtt] Custom Resource Status STARTING - HiveMQ Platform is starting (READY)
2025-01-29 13:58:50,853 INFO c.h.h.t.HelmChartContainer - [hivemq-test-hivemq-platform] [hivemq-platform-operator] [0e75f06c] 13:58:50.851 [ReconcilerExecutor-hivemq-controller-111] DEBUG c.h.p.o.HiveMQPlatformReconciler - [helmmqtt] Custom Resource Spec (replicas: 1) (extensions: 1)
2025-01-29 13:58:50,855 INFO c.h.h.t.HelmChartContainer - [hivemq-test-hivemq-platform] [hivemq-platform-operator] [0e75f06c] 13:58:50.854 [ReconcilerExecutor-hivemq-controller-111] DEBUG c.h.p.o.HiveMQPlatformReconciler - [helmmqtt] StatefulSet Status (revision: test-hivemq-platform-7bbc5894fb, replicas: 1, available: 0, ready: 0, current: 1, updated: 1)
2025-01-29 13:58:50,855 INFO c.h.h.t.HelmChartContainer - [hivemq-test-hivemq-platform] [hivemq-platform-operator] [0e75f06c] 13:58:50.854 [ReconcilerExecutor-hivemq-controller-111] DEBUG c.h.p.o.HiveMQPlatformReconciler - [helmmqtt] StatefulSet Spec (replicas: 1, init containers: 1, containers: 1, volumes: 3)
2025-01-29 13:58:50,936 INFO c.h.h.t.HelmChartContainer - [hivemq-test-hivemq-platform] [hivemq-platform-operator] [0e75f06c] 13:58:50.933 [ReconcilerExecutor-hivemq-controller-111] DEBUG c.h.p.o.h.HiveMQPlatformReconcilerErrorHandler - [helmmqtt] Pod 'test-hivemq-platform-0' phase Running
2025-01-29 13:58:50,936 INFO c.h.h.t.HelmChartContainer - [hivemq-test-hivemq-platform] [hivemq-platform-operator] [0e75f06c] 13:58:50.935 [ReconcilerExecutor-hivemq-controller-111] INFO  c.h.p.o.h.HiveMQPlatformReconcilerBaseHandler - [helmmqtt] HiveMQ Platform is starting, 0 of 1 replicas are ready
2025-01-29 13:58:51,296 INFO c.h.h.t.HelmChartContainer - [test-hivemq-platform] [hivemq] [1308e29b] INFO  - This node's ID is CGXo9
2025-01-29 13:58:51,298 INFO c.h.h.t.HelmChartContainer - [test-hivemq-platform] [hivemq] [1308e29b] INFO  - Clustering is enabled
2025-01-29 13:58:52,325 INFO c.h.h.t.HelmChartContainer - [test-hivemq-platform] [hivemq] [1308e29b] WARN  - [HiveMQ Platform Operator Init App 1.7.0-SNAPSHOT] Cannot connect to Health API for readiness: null
2025-01-29 13:58:52,328 INFO c.h.h.t.HelmChartContainer - [EVENT] Warning [Unhealthy] Readiness probe failed: HTTP probe failed with statuscode: 503 [helmmqttit:test-hivemq-platform-0]
2025-01-29 13:58:52,328 INFO c.h.h.t.HelmChartContainer - Received Unhealthy event for container hivemq in pod test-hivemq-platform-0 [1308e29b-1ca7-4bc6-89ca-90297ca2e4c1]
2025-01-29 13:58:54,822 INFO c.h.h.t.HelmChartContainer - [test-hivemq-platform] [hivemq] [1308e29b] Jan 29, 2025 1:58:54 PM io.vertx.core.impl.BlockedThreadChecker
2025-01-29 13:58:54,822 INFO c.h.h.t.HelmChartContainer - [test-hivemq-platform] [hivemq] [1308e29b] WARNING: Thread Thread[vert.x-eventloop-thread-1,5,main] has been blocked for 2421 ms, time limit is 2000 ms
2025-01-29 13:58:55,818 INFO c.h.h.t.HelmChartContainer - [test-hivemq-platform] [hivemq] [1308e29b] Jan 29, 2025 1:58:55 PM io.vertx.core.impl.BlockedThreadChecker
2025-01-29 13:58:55,819 INFO c.h.h.t.HelmChartContainer - [test-hivemq-platform] [hivemq] [1308e29b] WARNING: Thread Thread[vert.x-eventloop-thread-1,5,main] has been blocked for 3421 ms, time limit is 2000 ms
2025-01-29 13:58:55,921 INFO c.h.h.t.HelmChartContainer - [test-hivemq-platform] [hivemq] [1308e29b] INFO  - [HiveMQ Platform Operator Init App 1.7.0-SNAPSHOT] Updating Pod HiveMQ Platform Operator Init App version annotation (version: 1.7.0-SNAPSHOT)
2025-01-29 13:58:56,721 INFO c.h.h.t.HelmChartContainer - [test-hivemq-platform] [hivemq] [1308e29b] WARN  - [HiveMQ Platform Operator Init App 1.7.0-SNAPSHOT] Cannot connect to Health API for readiness: null
2025-01-29 13:58:56,726 INFO c.h.h.t.HelmChartContainer - [EVENT] Warning [Unhealthy] Readiness probe failed: HTTP probe failed with statuscode: 503 [helmmqttit:test-hivemq-platform-0]
2025-01-29 13:58:56,726 INFO c.h.h.t.HelmChartContainer - Received Unhealthy event for container hivemq in pod test-hivemq-platform-0 [1308e29b-1ca7-4bc6-89ca-90297ca2e4c1]
2025-01-29 13:58:56,929 INFO c.h.h.t.HelmChartContainer - [POD] test-hivemq-platform-0 [1308e29b-1ca7-4bc6-89ca-90297ca2e4c1] in helmmqttit was MODIFIED
2025-01-29 13:58:56,935 INFO c.h.h.t.HelmChartContainer - [hivemq-test-hivemq-platform] [hivemq-platform-operator] [0e75f06c] 13:58:56.934 [pool-6-thread-38] DEBUG c.h.p.o.d.PlatformServiceResource - [helmmqtt] Desired Platform services (2 services)
2025-01-29 13:58:56,937 INFO c.h.h.t.HelmChartContainer - [hivemq-test-hivemq-platform] [hivemq-platform-operator] [0e75f06c] 13:58:56.936 [pool-6-thread-36] DEBUG c.h.p.o.dependants.PodInfoConfigMap - [helmmqtt] Desired PodInfo ConfigMap (1 extensions) (1 enabled)
2025-01-29 13:58:56,937 INFO c.h.h.t.HelmChartContainer - [hivemq-test-hivemq-platform] [hivemq-platform-operator] [0e75f06c] 13:58:56.936 [pool-6-thread-36] DEBUG c.h.p.o.dependants.PodInfoConfigMap - [helmmqtt] Desired PodInfo ConfigMap (metrics port: 9399) (metrics path: /)
2025-01-29 13:58:56,938 INFO c.h.h.t.HelmChartContainer - [hivemq-test-hivemq-platform] [hivemq-platform-operator] [0e75f06c] 13:58:56.937 [pool-6-thread-38] DEBUG c.h.p.o.d.PodServiceAccountResource - [helmmqtt] Desired PodServiceAccountResource (serviceAccountName: hivemq-platform-pod-test-hivemq-platform)
2025-01-29 13:58:56,941 INFO c.h.h.t.HelmChartContainer - [hivemq-test-hivemq-platform] [hivemq-platform-operator] [0e75f06c] 13:58:56.939 [pool-6-thread-36] DEBUG c.h.p.o.dependants.PodInfoConfigMap - [helmmqtt] Desired PodInfo ConfigMap (extension state hash: -1817474005)
2025-01-29 13:58:56,943 INFO c.h.h.t.HelmChartContainer - [hivemq-test-hivemq-platform] [hivemq-platform-operator] [0e75f06c] 13:58:56.942 [pool-6-thread-34] DEBUG c.h.p.o.d.StatefulSetResource - [helmmqtt] Desired StatefulSet (1 replicas) for status STARTING (READY)
2025-01-29 13:58:56,950 INFO c.h.h.t.HelmChartContainer - [hivemq-test-hivemq-platform] [hivemq-platform-operator] [0e75f06c] 13:58:56.946 [ReconcilerExecutor-hivemq-controller-112] INFO  c.h.p.o.HiveMQPlatformReconciler - [helmmqtt] Reconciling HiveMQ Platform 'test-hivemq-platform' in namespace 'helmmqttit'
2025-01-29 13:58:56,950 INFO c.h.h.t.HelmChartContainer - [hivemq-test-hivemq-platform] [hivemq-platform-operator] [0e75f06c] 13:58:56.947 [ReconcilerExecutor-hivemq-controller-112] DEBUG c.h.p.o.HiveMQPlatformReconciler - [helmmqtt] Custom Resource Status STARTING - HiveMQ Platform is starting (READY)
2025-01-29 13:58:56,950 INFO c.h.h.t.HelmChartContainer - [hivemq-test-hivemq-platform] [hivemq-platform-operator] [0e75f06c] 13:58:56.947 [ReconcilerExecutor-hivemq-controller-112] DEBUG c.h.p.o.HiveMQPlatformReconciler - [helmmqtt] Custom Resource Spec (replicas: 1) (extensions: 1)
2025-01-29 13:58:56,950 INFO c.h.h.t.HelmChartContainer - [hivemq-test-hivemq-platform] [hivemq-platform-operator] [0e75f06c] 13:58:56.948 [ReconcilerExecutor-hivemq-controller-112] DEBUG c.h.p.o.HiveMQPlatformReconciler - [helmmqtt] StatefulSet Status (revision: test-hivemq-platform-7bbc5894fb, replicas: 1, available: 0, ready: 0, current: 1, updated: 1)
2025-01-29 13:58:56,950 INFO c.h.h.t.HelmChartContainer - [hivemq-test-hivemq-platform] [hivemq-platform-operator] [0e75f06c] 13:58:56.948 [ReconcilerExecutor-hivemq-controller-112] DEBUG c.h.p.o.HiveMQPlatformReconciler - [helmmqtt] StatefulSet Spec (replicas: 1, init containers: 1, containers: 1, volumes: 3)
2025-01-29 13:58:56,950 INFO c.h.h.t.HelmChartContainer - [hivemq-test-hivemq-platform] [hivemq-platform-operator] [0e75f06c] 13:58:56.949 [ReconcilerExecutor-hivemq-controller-112] DEBUG c.h.p.o.h.HiveMQPlatformReconcilerErrorHandler - [helmmqtt] Pod 'test-hivemq-platform-0' phase Running
2025-01-29 13:58:56,951 INFO c.h.h.t.HelmChartContainer - [hivemq-test-hivemq-platform] [hivemq-platform-operator] [0e75f06c] 13:58:56.950 [ReconcilerExecutor-hivemq-controller-112] INFO  c.h.p.o.h.HiveMQPlatformReconcilerBaseHandler - [helmmqtt] HiveMQ Platform is starting, 0 of 1 replicas are ready
2025-01-29 13:58:57,024 INFO c.h.h.t.HelmChartContainer - [EVENT] Warning [Unhealthy] Readiness probe failed: HTTP probe failed with statuscode: 503 [helmmqttit:test-hivemq-platform-0]
2025-01-29 13:58:57,024 INFO c.h.h.t.HelmChartContainer - Received Unhealthy event for container hivemq in pod test-hivemq-platform-0 [1308e29b-1ca7-4bc6-89ca-90297ca2e4c1]
2025-01-29 13:58:57,025 INFO c.h.h.t.HelmChartContainer - [test-hivemq-platform] [hivemq] [1308e29b] WARN  - [HiveMQ Platform Operator Init App 1.7.0-SNAPSHOT] Cannot connect to Health API for readiness: null
2025-01-29 13:58:57,026 INFO c.h.h.t.HelmChartContainer - [test-hivemq-platform] [hivemq] [1308e29b] INFO  - [HiveMQ Platform Operator Init App 1.7.0-SNAPSHOT] Successfully updated Pod HiveMQ Platform Operator Init App version annotation (version: 1.7.0-SNAPSHOT)
2025-01-29 13:59:01,935 INFO c.h.h.t.HelmChartContainer - [test-hivemq-platform] [hivemq] [1308e29b] WARN  - [HiveMQ Platform Operator Init App 1.7.0-SNAPSHOT] Cannot connect to Health API for readiness: null
2025-01-29 13:59:01,939 INFO c.h.h.t.HelmChartContainer - [EVENT] Warning [Unhealthy] Readiness probe failed: HTTP probe failed with statuscode: 503 [helmmqttit:test-hivemq-platform-0]
2025-01-29 13:59:01,939 INFO c.h.h.t.HelmChartContainer - Received Unhealthy event for container hivemq in pod test-hivemq-platform-0 [1308e29b-1ca7-4bc6-89ca-90297ca2e4c1]
2025-01-29 13:59:04,226 INFO c.h.h.t.HelmChartContainer - [K3S] [range_allocator.go:247] "Successfully synced" key="b2f104d21a5d"
2025-01-29 13:59:06,964 INFO c.h.h.t.HelmChartContainer - [hivemq-test-hivemq-platform] [hivemq-platform-operator] [0e75f06c] 13:59:06.960 [pool-6-thread-47] DEBUG c.h.p.o.d.PlatformServiceResource - [helmmqtt] Desired Platform services (2 services)
2025-01-29 13:59:06,964 INFO c.h.h.t.HelmChartContainer - [hivemq-test-hivemq-platform] [hivemq-platform-operator] [0e75f06c] 13:59:06.962 [pool-6-thread-49] DEBUG c.h.p.o.d.PodServiceAccountResource - [helmmqtt] Desired PodServiceAccountResource (serviceAccountName: hivemq-platform-pod-test-hivemq-platform)
2025-01-29 13:59:06,966 INFO c.h.h.t.HelmChartContainer - [hivemq-test-hivemq-platform] [hivemq-platform-operator] [0e75f06c] 13:59:06.961 [pool-6-thread-46] DEBUG c.h.p.o.dependants.PodInfoConfigMap - [helmmqtt] Desired PodInfo ConfigMap (1 extensions) (1 enabled)
2025-01-29 13:59:06,966 INFO c.h.h.t.HelmChartContainer - [hivemq-test-hivemq-platform] [hivemq-platform-operator] [0e75f06c] 13:59:06.964 [pool-6-thread-46] DEBUG c.h.p.o.dependants.PodInfoConfigMap - [helmmqtt] Desired PodInfo ConfigMap (metrics port: 9399) (metrics path: /)
2025-01-29 13:59:06,966 INFO c.h.h.t.HelmChartContainer - [hivemq-test-hivemq-platform] [hivemq-platform-operator] [0e75f06c] 13:59:06.964 [pool-6-thread-46] DEBUG c.h.p.o.dependants.PodInfoConfigMap - [helmmqtt] Desired PodInfo ConfigMap (extension state hash: -1817474005)
2025-01-29 13:59:06,969 INFO c.h.h.t.HelmChartContainer - [hivemq-test-hivemq-platform] [hivemq-platform-operator] [0e75f06c] 13:59:06.968 [pool-6-thread-48] DEBUG c.h.p.o.d.StatefulSetResource - [helmmqtt] Desired StatefulSet (1 replicas) for status STARTING (READY)
2025-01-29 13:59:06,981 INFO c.h.h.t.HelmChartContainer - [hivemq-test-hivemq-platform] [hivemq-platform-operator] [0e75f06c] 13:59:06.979 [ReconcilerExecutor-hivemq-controller-113] INFO  c.h.p.o.HiveMQPlatformReconciler - [helmmqtt] Reconciling HiveMQ Platform 'test-hivemq-platform' in namespace 'helmmqttit'
2025-01-29 13:59:06,982 INFO c.h.h.t.HelmChartContainer - [hivemq-test-hivemq-platform] [hivemq-platform-operator] [0e75f06c] 13:59:06.980 [ReconcilerExecutor-hivemq-controller-113] DEBUG c.h.p.o.HiveMQPlatformReconciler - [helmmqtt] Custom Resource Status STARTING - HiveMQ Platform is starting (READY)
2025-01-29 13:59:06,983 INFO c.h.h.t.HelmChartContainer - [hivemq-test-hivemq-platform] [hivemq-platform-operator] [0e75f06c] 13:59:06.981 [ReconcilerExecutor-hivemq-controller-113] DEBUG c.h.p.o.HiveMQPlatformReconciler - [helmmqtt] Custom Resource Spec (replicas: 1) (extensions: 1)
2025-01-29 13:59:07,020 INFO c.h.h.t.HelmChartContainer - [test-hivemq-platform] [hivemq] [1308e29b] WARN  - [HiveMQ Platform Operator Init App 1.7.0-SNAPSHOT] Cannot connect to Health API for readiness: null
2025-01-29 13:59:07,025 INFO c.h.h.t.HelmChartContainer - [EVENT] Warning [Unhealthy] Readiness probe failed: HTTP probe failed with statuscode: 503 [helmmqttit:test-hivemq-platform-0]
2025-01-29 13:59:07,027 INFO c.h.h.t.HelmChartContainer - Received Unhealthy event for container hivemq in pod test-hivemq-platform-0 [1308e29b-1ca7-4bc6-89ca-90297ca2e4c1]
2025-01-29 13:59:07,069 INFO c.h.h.t.HelmChartContainer - [hivemq-test-hivemq-platform] [hivemq-platform-operator] [0e75f06c] 13:59:07.063 [ReconcilerExecutor-hivemq-controller-113] DEBUG c.h.p.o.HiveMQPlatformReconciler - [helmmqtt] StatefulSet Status (revision: test-hivemq-platform-7bbc5894fb, replicas: 1, available: 0, ready: 0, current: 1, updated: 1)
2025-01-29 13:59:07,070 INFO c.h.h.t.HelmChartContainer - [hivemq-test-hivemq-platform] [hivemq-platform-operator] [0e75f06c] 13:59:07.063 [ReconcilerExecutor-hivemq-controller-113] DEBUG c.h.p.o.HiveMQPlatformReconciler - [helmmqtt] StatefulSet Spec (replicas: 1, init containers: 1, containers: 1, volumes: 3)
2025-01-29 13:59:07,070 INFO c.h.h.t.HelmChartContainer - [hivemq-test-hivemq-platform] [hivemq-platform-operator] [0e75f06c] 13:59:07.066 [ReconcilerExecutor-hivemq-controller-113] DEBUG c.h.p.o.h.HiveMQPlatformReconcilerErrorHandler - [helmmqtt] Pod 'test-hivemq-platform-0' phase Running
2025-01-29 13:59:07,070 INFO c.h.h.t.HelmChartContainer - [hivemq-test-hivemq-platform] [hivemq-platform-operator] [0e75f06c] 13:59:07.067 [ReconcilerExecutor-hivemq-controller-113] INFO  c.h.p.o.h.HiveMQPlatformReconcilerBaseHandler - [helmmqtt] HiveMQ Platform is starting, 0 of 1 replicas are ready
2025-01-29 13:59:07,720 INFO c.h.h.t.HelmChartContainer - [test-hivemq-platform] [hivemq] [1308e29b] WARN  - [HiveMQ Platform Operator Init App 1.7.0-SNAPSHOT] Cannot connect to Health API for liveness: null
2025-01-29 13:59:07,721 INFO c.h.h.t.HelmChartContainer - [test-hivemq-platform] [hivemq] [1308e29b] INFO  - [HiveMQ Platform Operator Init App 1.7.0-SNAPSHOT] Returning default Health API response 200 for liveness
2025-01-29 13:59:08,535 INFO c.h.h.t.HelmChartContainer - [test-hivemq-platform] [hivemq] [1308e29b] INFO  - No valid license file found. Using trial license, restricted to 25 connections.
2025-01-29 13:59:11,933 INFO c.h.h.t.HelmChartContainer - [test-hivemq-platform] [hivemq] [1308e29b] WARN  - [HiveMQ Platform Operator Init App 1.7.0-SNAPSHOT] Cannot connect to Health API for readiness: null
2025-01-29 13:59:11,938 INFO c.h.h.t.HelmChartContainer - [EVENT] Warning [Unhealthy] Readiness probe failed: HTTP probe failed with statuscode: 503 [helmmqttit:test-hivemq-platform-0]
2025-01-29 13:59:11,939 INFO c.h.h.t.HelmChartContainer - Received Unhealthy event for container hivemq in pod test-hivemq-platform-0 [1308e29b-1ca7-4bc6-89ca-90297ca2e4c1]
2025-01-29 13:59:13,031 INFO c.h.h.t.HelmChartContainer - [test-hivemq-platform] [hivemq] [1308e29b] INFO  - No valid license file for Data Hub found. Using free license, restricted to 1 policy.
2025-01-29 13:59:14,324 INFO c.h.h.t.HelmChartContainer - [test-hivemq-platform] [hivemq] [1308e29b] INFO  - Audit Logger started.
2025-01-29 13:59:14,628 INFO c.h.h.t.HelmChartContainer - [test-hivemq-platform] [hivemq] [1308e29b] INFO  - This node uses '1' CPU cores.
2025-01-29 13:59:14,633 INFO c.h.h.t.HelmChartContainer - [test-hivemq-platform] [hivemq] [1308e29b] INFO  - Starting HiveMQ Health API on address 0.0.0.0 and port 8889
2025-01-29 13:59:15,521 INFO c.h.h.t.HelmChartContainer - [test-hivemq-platform] [hivemq] [1308e29b] INFO  - Started HiveMQ Health API in 888ms
2025-01-29 13:59:16,019 INFO c.h.h.t.HelmChartContainer - [test-hivemq-platform] [hivemq] [1308e29b] INFO  - Starting HiveMQ extension system.
2025-01-29 13:59:16,318 INFO c.h.h.t.HelmChartContainer - [test-hivemq-platform] [hivemq] [1308e29b] INFO  - Starting extension with id "hivemq-dns-cluster-discovery" at /opt/hivemq/extensions/hivemq-dns-cluster-discovery
2025-01-29 13:59:16,820 INFO c.h.h.t.HelmChartContainer - [test-hivemq-platform] [hivemq] [1308e29b] INFO  - Extension "DNS Cluster Discovery Extension" version 4.3.2 started successfully.
2025-01-29 13:59:16,822 INFO c.h.h.t.HelmChartContainer - [test-hivemq-platform] [hivemq] [1308e29b] INFO  - Starting extension with id "hivemq-prometheus-extension" at /opt/hivemq/extensions/hivemq-prometheus-extension
2025-01-29 13:59:16,920 INFO c.h.h.t.HelmChartContainer - [test-hivemq-platform] [hivemq] [1308e29b] INFO  - Using TCP cluster transport on address 10.42.0.11 and port 7000
2025-01-29 13:59:16,925 INFO c.h.h.t.HelmChartContainer - [test-hivemq-platform] [hivemq] [1308e29b] INFO  - Using extension cluster discovery
2025-01-29 13:59:17,076 INFO c.h.h.t.HelmChartContainer - [hivemq-test-hivemq-platform] [hivemq-platform-operator] [0e75f06c] 13:59:17.071 [pool-6-thread-5] DEBUG c.h.p.o.d.PlatformServiceResource - [helmmqtt] Desired Platform services (2 services)
2025-01-29 13:59:17,076 INFO c.h.h.t.HelmChartContainer - [hivemq-test-hivemq-platform] [hivemq-platform-operator] [0e75f06c] 13:59:17.072 [pool-6-thread-7] DEBUG c.h.p.o.dependants.PodInfoConfigMap - [helmmqtt] Desired PodInfo ConfigMap (1 extensions) (1 enabled)
2025-01-29 13:59:17,076 INFO c.h.h.t.HelmChartContainer - [hivemq-test-hivemq-platform] [hivemq-platform-operator] [0e75f06c] 13:59:17.073 [pool-6-thread-7] DEBUG c.h.p.o.dependants.PodInfoConfigMap - [helmmqtt] Desired PodInfo ConfigMap (metrics port: 9399) (metrics path: /)
2025-01-29 13:59:17,076 INFO c.h.h.t.HelmChartContainer - [hivemq-test-hivemq-platform] [hivemq-platform-operator] [0e75f06c] 13:59:17.073 [pool-6-thread-7] DEBUG c.h.p.o.dependants.PodInfoConfigMap - [helmmqtt] Desired PodInfo ConfigMap (extension state hash: -1817474005)
2025-01-29 13:59:17,076 INFO c.h.h.t.HelmChartContainer - [hivemq-test-hivemq-platform] [hivemq-platform-operator] [0e75f06c] 13:59:17.073 [pool-6-thread-4] DEBUG c.h.p.o.d.PodServiceAccountResource - [helmmqtt] Desired PodServiceAccountResource (serviceAccountName: hivemq-platform-pod-test-hivemq-platform)
2025-01-29 13:59:17,082 INFO c.h.h.t.HelmChartContainer - [hivemq-test-hivemq-platform] [hivemq-platform-operator] [0e75f06c] 13:59:17.079 [pool-6-thread-5] DEBUG c.h.p.o.d.StatefulSetResource - [helmmqtt] Desired StatefulSet (1 replicas) for status STARTING (READY)
2025-01-29 13:59:17,086 INFO c.h.h.t.HelmChartContainer - [hivemq-test-hivemq-platform] [hivemq-platform-operator] [0e75f06c] 13:59:17.084 [ReconcilerExecutor-hivemq-controller-114] INFO  c.h.p.o.HiveMQPlatformReconciler - [helmmqtt] Reconciling HiveMQ Platform 'test-hivemq-platform' in namespace 'helmmqttit'
2025-01-29 13:59:17,086 INFO c.h.h.t.HelmChartContainer - [hivemq-test-hivemq-platform] [hivemq-platform-operator] [0e75f06c] 13:59:17.084 [ReconcilerExecutor-hivemq-controller-114] DEBUG c.h.p.o.HiveMQPlatformReconciler - [helmmqtt] Custom Resource Status STARTING - HiveMQ Platform is starting (READY)
2025-01-29 13:59:17,086 INFO c.h.h.t.HelmChartContainer - [hivemq-test-hivemq-platform] [hivemq-platform-operator] [0e75f06c] 13:59:17.084 [ReconcilerExecutor-hivemq-controller-114] DEBUG c.h.p.o.HiveMQPlatformReconciler - [helmmqtt] Custom Resource Spec (replicas: 1) (extensions: 1)
2025-01-29 13:59:17,159 INFO c.h.h.t.HelmChartContainer - [hivemq-test-hivemq-platform] [hivemq-platform-operator] [0e75f06c] 13:59:17.157 [ReconcilerExecutor-hivemq-controller-114] DEBUG c.h.p.o.HiveMQPlatformReconciler - [helmmqtt] StatefulSet Status (revision: test-hivemq-platform-7bbc5894fb, replicas: 1, available: 0, ready: 0, current: 1, updated: 1)
2025-01-29 13:59:17,159 INFO c.h.h.t.HelmChartContainer - [hivemq-test-hivemq-platform] [hivemq-platform-operator] [0e75f06c] 13:59:17.157 [ReconcilerExecutor-hivemq-controller-114] DEBUG c.h.p.o.HiveMQPlatformReconciler - [helmmqtt] StatefulSet Spec (replicas: 1, init containers: 1, containers: 1, volumes: 3)
2025-01-29 13:59:17,161 INFO c.h.h.t.HelmChartContainer - [hivemq-test-hivemq-platform] [hivemq-platform-operator] [0e75f06c] 13:59:17.160 [ReconcilerExecutor-hivemq-controller-114] DEBUG c.h.p.o.h.HiveMQPlatformReconcilerErrorHandler - [helmmqtt] Pod 'test-hivemq-platform-0' phase Running
2025-01-29 13:59:17,162 INFO c.h.h.t.HelmChartContainer - [hivemq-test-hivemq-platform] [hivemq-platform-operator] [0e75f06c] 13:59:17.161 [ReconcilerExecutor-hivemq-controller-114] INFO  c.h.p.o.h.HiveMQPlatformReconcilerBaseHandler - [helmmqtt] HiveMQ Platform is starting, 0 of 1 replicas are ready
2025-01-29 13:59:17,973 INFO c.h.h.t.HelmChartContainer - [EVENT] Warning [Unhealthy] Readiness probe failed: Get "http://10.42.0.11:7979/readiness": context deadline exceeded (Client.Timeout exceeded while awaiting headers) [helmmqttit:test-hivemq-platform-0]
2025-01-29 13:59:17,974 INFO c.h.h.t.HelmChartContainer - Received Unhealthy event for container hivemq in pod test-hivemq-platform-0 [1308e29b-1ca7-4bc6-89ca-90297ca2e4c1]
2025-01-29 13:59:18,124 INFO c.h.h.t.HelmChartContainer - [test-hivemq-platform] [hivemq] [1308e29b] INFO  - Started Jetty Server exposing Prometheus Servlet on URI http://0.0.0.0:9399/
2025-01-29 13:59:18,125 INFO c.h.h.t.HelmChartContainer - [test-hivemq-platform] [hivemq] [1308e29b] INFO  - Extension "Prometheus Monitoring Extension" version 4.0.12 started successfully.
2025-01-29 13:59:18,125 INFO c.h.h.t.HelmChartContainer - [test-hivemq-platform] [hivemq] [1308e29b] INFO  - Starting extension with id "hivemq-allow-all-extension" at /opt/hivemq/extensions/hivemq-allow-all-extension
2025-01-29 13:59:18,125 INFO c.h.h.t.HelmChartContainer - [test-hivemq-platform] [hivemq] [1308e29b] WARN  - 
2025-01-29 13:59:18,125 INFO c.h.h.t.HelmChartContainer - [test-hivemq-platform] [hivemq] [1308e29b] ################################################################################################################
2025-01-29 13:59:18,125 INFO c.h.h.t.HelmChartContainer - [test-hivemq-platform] [hivemq] [1308e29b] # This HiveMQ deployment is not secure! You are lacking Authentication and Authorization.                      #
2025-01-29 13:59:18,125 INFO c.h.h.t.HelmChartContainer - [test-hivemq-platform] [hivemq] [1308e29b] # Right now any MQTT client can connect to the broker with a full set of permissions.                          #
2025-01-29 13:59:18,125 INFO c.h.h.t.HelmChartContainer - [test-hivemq-platform] [hivemq] [1308e29b] # For production usage, add an appropriate security extension and remove the hivemq-allow-all extension.       #
2025-01-29 13:59:18,125 INFO c.h.h.t.HelmChartContainer - [test-hivemq-platform] [hivemq] [1308e29b] # You can download security extensions from the HiveMQ Marketplace (https://www.hivemq.com/extensions/).       #
2025-01-29 13:59:18,125 INFO c.h.h.t.HelmChartContainer - [test-hivemq-platform] [hivemq] [1308e29b] ################################################################################################################
2025-01-29 13:59:18,125 INFO c.h.h.t.HelmChartContainer - [test-hivemq-platform] [hivemq] [1308e29b] INFO  - Extension "Allow All Extension" version 1.1.1 started successfully.
2025-01-29 13:59:18,524 INFO c.h.h.t.HelmChartContainer - [test-hivemq-platform] [hivemq] [1308e29b] INFO  - [HiveMQ Platform Operator Init App 1.7.0-SNAPSHOT] Returning Health API response 503 for readiness
2025-01-29 13:59:20,422 INFO c.h.h.t.HelmChartContainer - [test-hivemq-platform] [hivemq] [1308e29b] INFO  - CGXo9: no members discovered after 2702 ms: creating cluster as first member
2025-01-29 13:59:20,429 INFO c.h.h.t.HelmChartContainer - [test-hivemq-platform] [hivemq] [1308e29b] INFO  - Cluster nodes found by discovery: [CGXo9|0] (1) [CGXo9].
2025-01-29 13:59:20,447 INFO c.h.h.t.HelmChartContainer - [test-hivemq-platform] [hivemq] [1308e29b] WARN  - No user for HiveMQ Control Center configured. Starting with default user
2025-01-29 13:59:20,447 INFO c.h.h.t.HelmChartContainer - [test-hivemq-platform] [hivemq] [1308e29b] INFO  - Starting HiveMQ Control Center on address 127.0.0.1 and port 8080
2025-01-29 13:59:20,517 INFO c.h.h.t.HelmChartContainer - [test-hivemq-platform] [hivemq] [1308e29b] INFO  - Mounting HiveMQ Control Center V2 Preview
2025-01-29 13:59:21,225 INFO c.h.h.t.HelmChartContainer - [test-hivemq-platform] [hivemq] [1308e29b] INFO  - Started HiveMQ Control Center in 778ms
2025-01-29 13:59:21,319 INFO c.h.h.t.HelmChartContainer - [test-hivemq-platform] [hivemq] [1308e29b] INFO  - Starting TCP listener on address 0.0.0.0 and port 1884
2025-01-29 13:59:21,335 INFO c.h.h.t.HelmChartContainer - [test-hivemq-platform] [hivemq] [1308e29b] INFO  - Started TCP Listener on address 0.0.0.0 and on port 1884.
2025-01-29 13:59:21,336 INFO c.h.h.t.HelmChartContainer - [test-hivemq-platform] [hivemq] [1308e29b] INFO  - Started HiveMQ in 33109ms
2025-01-29 13:59:21,936 INFO c.h.h.t.HelmChartContainer - [test-hivemq-platform] [hivemq] [1308e29b] INFO  - [HiveMQ Platform Operator Init App 1.7.0-SNAPSHOT] Returning Health API response 200 for readiness
2025-01-29 13:59:21,947 INFO c.h.h.t.HelmChartContainer - [POD] test-hivemq-platform-0 [1308e29b-1ca7-4bc6-89ca-90297ca2e4c1] in helmmqttit was MODIFIED
2025-01-29 13:59:21,959 INFO c.h.h.t.HelmChartContainer - [hivemq-test-hivemq-platform] [hivemq-platform-operator] [0e75f06c] 13:59:21.957 [pool-6-thread-19] DEBUG c.h.p.o.d.PlatformServiceResource - [helmmqtt] Desired Platform services (2 services)
2025-01-29 13:59:21,962 INFO c.h.h.t.HelmChartContainer - [hivemq-test-hivemq-platform] [hivemq-platform-operator] [0e75f06c] 13:59:21.960 [pool-6-thread-15] DEBUG c.h.p.o.dependants.PodInfoConfigMap - [helmmqtt] Desired PodInfo ConfigMap (1 extensions) (1 enabled)
2025-01-29 13:59:21,966 INFO c.h.h.t.HelmChartContainer - [hivemq-test-hivemq-platform] [hivemq-platform-operator] [0e75f06c] 13:59:21.965 [pool-6-thread-15] DEBUG c.h.p.o.dependants.PodInfoConfigMap - [helmmqtt] Desired PodInfo ConfigMap (metrics port: 9399) (metrics path: /)
2025-01-29 13:59:21,966 INFO c.h.h.t.HelmChartContainer - [hivemq-test-hivemq-platform] [hivemq-platform-operator] [0e75f06c] 13:59:21.965 [pool-6-thread-15] DEBUG c.h.p.o.dependants.PodInfoConfigMap - [helmmqtt] Desired PodInfo ConfigMap (extension state hash: -1817474005)
2025-01-29 13:59:21,969 INFO c.h.h.t.HelmChartContainer - [hivemq-test-hivemq-platform] [hivemq-platform-operator] [0e75f06c] 13:59:21.963 [pool-6-thread-11] DEBUG c.h.p.o.d.PodServiceAccountResource - [helmmqtt] Desired PodServiceAccountResource (serviceAccountName: hivemq-platform-pod-test-hivemq-platform)
2025-01-29 13:59:21,973 INFO c.h.h.t.HelmChartContainer - [hivemq-test-hivemq-platform] [hivemq-platform-operator] [0e75f06c] 13:59:21.971 [pool-6-thread-19] DEBUG c.h.p.o.d.StatefulSetResource - [helmmqtt] Desired StatefulSet (1 replicas) for status STARTING (READY)
2025-01-29 13:59:21,973 INFO c.h.h.t.HelmChartContainer - [K3S] [event.go:389] "Event occurred" object="helmmqttit/hivemq-test-hivemq-platform-mqtt-1884" fieldPath="" kind="Service" apiVersion="v1" type="Normal" reason="UpdatedLoadBalancer" message="Updated LoadBalancer with new IPs: [172.18.0.2] -> [172.18.0.2]"
2025-01-29 13:59:21,976 INFO c.h.h.t.HelmChartContainer - [EVENT] Normal [UpdatedLoadBalancer] Updated LoadBalancer with new IPs: [172.18.0.2] -> [172.18.0.2] [helmmqttit:hivemq-test-hivemq-platform-mqtt-1884]
2025-01-29 13:59:22,037 INFO c.h.h.t.HelmChartContainer - [hivemq-test-hivemq-platform] [hivemq-platform-operator] [0e75f06c] 13:59:22.036 [ReconcilerExecutor-hivemq-controller-115] INFO  c.h.p.o.HiveMQPlatformReconciler - [helmmqtt] Reconciling HiveMQ Platform 'test-hivemq-platform' in namespace 'helmmqttit'
2025-01-29 13:59:22,037 INFO c.h.h.t.HelmChartContainer - [hivemq-test-hivemq-platform] [hivemq-platform-operator] [0e75f06c] 13:59:22.036 [ReconcilerExecutor-hivemq-controller-115] DEBUG c.h.p.o.HiveMQPlatformReconciler - [helmmqtt] Custom Resource Status STARTING - HiveMQ Platform is starting (READY)
2025-01-29 13:59:22,037 INFO c.h.h.t.HelmChartContainer - [hivemq-test-hivemq-platform] [hivemq-platform-operator] [0e75f06c] 13:59:22.036 [ReconcilerExecutor-hivemq-controller-115] DEBUG c.h.p.o.HiveMQPlatformReconciler - [helmmqtt] Custom Resource Spec (replicas: 1) (extensions: 1)
2025-01-29 13:59:22,039 INFO c.h.h.t.HelmChartContainer - [hivemq-test-hivemq-platform] [hivemq-platform-operator] [0e75f06c] 13:59:22.038 [ReconcilerExecutor-hivemq-controller-115] DEBUG c.h.p.o.HiveMQPlatformReconciler - [helmmqtt] StatefulSet Status (revision: test-hivemq-platform-7bbc5894fb, replicas: 1, available: 1, ready: 1, current: 1, updated: 1)
2025-01-29 13:59:22,039 INFO c.h.h.t.HelmChartContainer - [hivemq-test-hivemq-platform] [hivemq-platform-operator] [0e75f06c] 13:59:22.038 [ReconcilerExecutor-hivemq-controller-115] DEBUG c.h.p.o.HiveMQPlatformReconciler - [helmmqtt] StatefulSet Spec (replicas: 1, init containers: 1, containers: 1, volumes: 3)
2025-01-29 13:59:22,040 INFO c.h.h.t.HelmChartContainer - [hivemq-test-hivemq-platform] [hivemq-platform-operator] [0e75f06c] 13:59:22.039 [ReconcilerExecutor-hivemq-controller-115] DEBUG c.h.p.o.h.HiveMQPlatformReconcilerErrorHandler - [helmmqtt] Pod 'test-hivemq-platform-0' phase Running
2025-01-29 13:59:22,059 INFO c.h.h.t.HelmChartContainer - [hivemq-test-hivemq-platform] [hivemq-platform-operator] [0e75f06c] 13:59:22.058 [ReconcilerExecutor-hivemq-controller-115] INFO  c.h.p.o.h.HiveMQPlatformReconcilerBaseHandler - [helmmqtt] HiveMQ Platform started successfully
2025-01-29 13:59:22,159 INFO c.h.h.t.HelmChartContainer - [hivemq-test-hivemq-platform] [hivemq-platform-operator] [0e75f06c] 13:59:22.158 [ReconcilerExecutor-hivemq-controller-115] DEBUG c.h.p.operator.event.EventSender - [helmmqtt] Creating K8s event hivemq-platform-ready: [Ready] HiveMQ Platform is ready
2025-01-29 13:59:22,167 INFO c.h.h.t.HelmChartContainer - [EVENT] Normal [Ready] HiveMQ Platform is ready [helmmqttit:test-hivemq-platform]
2025-01-29 13:59:22,169 INFO c.h.h.t.HelmChartContainer - [hivemq-test-hivemq-platform] [hivemq-platform-operator] [0e75f06c] 13:59:22.168 [ReconcilerExecutor-hivemq-controller-115] INFO  c.h.p.o.h.AbstractHiveMQReconcilerStateHandler - [helmmqtt] Update HiveMQ Platform Status (STARTING [READY] -> RUNNING [READY]): HiveMQ Platform is ready
2025-01-29 13:59:22,178 DEBUG com.hivemq.helmcharts.util.K8sUtil - Comparing actual state 'RUNNING' and waiting for 'RUNNING'
2025-01-29 13:59:22,236 INFO c.h.h.t.HelmChartContainer - [hivemq-test-hivemq-platform] [hivemq-platform-operator] [0e75f06c] 13:59:22.234 [pool-6-thread-23] DEBUG c.h.p.o.d.PlatformServiceResource - [helmmqtt] Desired Platform services (2 services)
2025-01-29 13:59:22,238 INFO c.h.h.t.HelmChartContainer - [hivemq-test-hivemq-platform] [hivemq-platform-operator] [0e75f06c] 13:59:22.237 [pool-6-thread-24] DEBUG c.h.p.o.dependants.PodInfoConfigMap - [helmmqtt] Desired PodInfo ConfigMap (1 extensions) (1 enabled)
2025-01-29 13:59:22,239 INFO c.h.h.t.HelmChartContainer - [hivemq-test-hivemq-platform] [hivemq-platform-operator] [0e75f06c] 13:59:22.237 [pool-6-thread-24] DEBUG c.h.p.o.dependants.PodInfoConfigMap - [helmmqtt] Desired PodInfo ConfigMap (metrics port: 9399) (metrics path: /)
2025-01-29 13:59:22,239 INFO c.h.h.t.HelmChartContainer - [hivemq-test-hivemq-platform] [hivemq-platform-operator] [0e75f06c] 13:59:22.237 [pool-6-thread-24] DEBUG c.h.p.o.dependants.PodInfoConfigMap - [helmmqtt] Desired PodInfo ConfigMap (extension state hash: -1817474005)
2025-01-29 13:59:22,240 INFO c.h.h.t.HelmChartContainer - [hivemq-test-hivemq-platform] [hivemq-platform-operator] [0e75f06c] 13:59:22.239 [pool-6-thread-26] DEBUG c.h.p.o.d.PodServiceAccountResource - [helmmqtt] Desired PodServiceAccountResource (serviceAccountName: hivemq-platform-pod-test-hivemq-platform)
2025-01-29 13:59:22,261 INFO c.h.h.t.HelmChartContainer - [hivemq-test-hivemq-platform] [hivemq-platform-operator] [0e75f06c] 13:59:22.258 [pool-6-thread-24] DEBUG c.h.p.o.dependants.PodInfoConfigMap - [helmmqtt] Update PodInfo ConfigMap
2025-01-29 13:59:22,361 INFO c.h.h.t.HelmChartContainer - [hivemq-test-hivemq-platform] [hivemq-platform-operator] [0e75f06c] 13:59:22.360 [pool-6-thread-24] DEBUG c.h.p.o.d.StatefulSetResource - [helmmqtt] Desired StatefulSet (1 replicas) for status RUNNING (READY)
2025-01-29 13:59:22,365 INFO c.h.h.t.HelmChartContainer - [hivemq-test-hivemq-platform] [hivemq-platform-operator] [0e75f06c] 13:59:22.364 [ReconcilerExecutor-hivemq-controller-116] INFO  c.h.p.o.HiveMQPlatformReconciler - [helmmqtt] Reconciling HiveMQ Platform 'test-hivemq-platform' in namespace 'helmmqttit'
2025-01-29 13:59:22,365 INFO c.h.h.t.HelmChartContainer - [hivemq-test-hivemq-platform] [hivemq-platform-operator] [0e75f06c] 13:59:22.364 [ReconcilerExecutor-hivemq-controller-116] DEBUG c.h.p.o.HiveMQPlatformReconciler - [helmmqtt] Custom Resource Status RUNNING - HiveMQ Platform is ready (READY)
2025-01-29 13:59:22,365 INFO c.h.h.t.HelmChartContainer - [hivemq-test-hivemq-platform] [hivemq-platform-operator] [0e75f06c] 13:59:22.364 [ReconcilerExecutor-hivemq-controller-116] DEBUG c.h.p.o.HiveMQPlatformReconciler - [helmmqtt] Custom Resource Spec (replicas: 1) (extensions: 1)
2025-01-29 13:59:22,368 INFO c.h.h.t.HelmChartContainer - [hivemq-test-hivemq-platform] [hivemq-platform-operator] [0e75f06c] 13:59:22.366 [ReconcilerExecutor-hivemq-controller-116] DEBUG c.h.p.o.HiveMQPlatformReconciler - [helmmqtt] StatefulSet Status (revision: test-hivemq-platform-7bbc5894fb, replicas: 1, available: 1, ready: 1, current: 1, updated: 1)
2025-01-29 13:59:22,368 INFO c.h.h.t.HelmChartContainer - [hivemq-test-hivemq-platform] [hivemq-platform-operator] [0e75f06c] 13:59:22.366 [ReconcilerExecutor-hivemq-controller-116] DEBUG c.h.p.o.HiveMQPlatformReconciler - [helmmqtt] StatefulSet Spec (replicas: 1, init containers: 1, containers: 1, volumes: 3)
2025-01-29 13:59:22,368 INFO c.h.h.t.HelmChartContainer - [hivemq-test-hivemq-platform] [hivemq-platform-operator] [0e75f06c] 13:59:22.367 [ReconcilerExecutor-hivemq-controller-116] DEBUG c.h.p.o.h.HiveMQPlatformReconcilerErrorHandler - [helmmqtt] Pod 'test-hivemq-platform-0' phase Running
2025-01-29 13:59:25,710 INFO c.h.h.t.HelmChartContainer - [K3S] [INFO] COMPACT compactRev=0 targetCompactRev=2 currentRev=1141
2025-01-29 13:59:25,710 INFO c.h.h.t.HelmChartContainer - [K3S] [INFO] COMPACT deleted 0 rows from 2 revisions in 494.512µs - compacted to 2/1141
2025-01-29 13:59:25,710 INFO c.h.h.t.HelmChartContainer - [K3S] [INFO] COMPACT compacted from 0 to 2 in 1 transactions over 1ms
2025-01-29 13:59:27,326 INFO c.h.h.t.HelmChartContainer - Uninstalling release 'test-hivemq-platform' in namespace 'helmmqttit'...
2025-01-29 13:59:27,327 DEBUG c.h.h.t.HelmChartContainer - Executing helm command: /bin/helm --kubeconfig /etc/rancher/k3s/k3s.yaml uninstall test-hivemq-platform  --wait --timeout 5m0s --cascade foreground --namespace helmmqttit
2025-01-29 13:59:27,519 INFO c.h.h.t.HelmChartContainer - [hivemq-test-hivemq-platform] [hivemq-platform-operator] [0e75f06c] 13:59:27.513 [pool-6-thread-39] DEBUG c.h.p.o.d.PodServiceAccountResource - [helmmqtt] Desired PodServiceAccountResource (serviceAccountName: hivemq-platform-pod-test-hivemq-platform)
2025-01-29 13:59:27,519 INFO c.h.h.t.HelmChartContainer - [hivemq-test-hivemq-platform] [hivemq-platform-operator] [0e75f06c] 13:59:27.515 [pool-6-thread-38] DEBUG c.h.p.o.d.PlatformServiceResource - [helmmqtt] Desired Platform services (2 services)
2025-01-29 13:59:27,519 INFO c.h.h.t.HelmChartContainer - [hivemq-test-hivemq-platform] [hivemq-platform-operator] [0e75f06c] 13:59:27.516 [pool-6-thread-31] DEBUG c.h.p.o.dependants.PodInfoConfigMap - [helmmqtt] Desired PodInfo ConfigMap (1 extensions) (1 enabled)
2025-01-29 13:59:27,519 INFO c.h.h.t.HelmChartContainer - [hivemq-test-hivemq-platform] [hivemq-platform-operator] [0e75f06c] 13:59:27.516 [pool-6-thread-31] DEBUG c.h.p.o.dependants.PodInfoConfigMap - [helmmqtt] Desired PodInfo ConfigMap (metrics port: 9399) (metrics path: /)
2025-01-29 13:59:27,519 INFO c.h.h.t.HelmChartContainer - [hivemq-test-hivemq-platform] [hivemq-platform-operator] [0e75f06c] 13:59:27.516 [pool-6-thread-31] DEBUG c.h.p.o.dependants.PodInfoConfigMap - [helmmqtt] Desired PodInfo ConfigMap (extension state hash: -1817474005)
2025-01-29 13:59:27,522 INFO c.h.h.t.HelmChartContainer - [hivemq-test-hivemq-platform] [hivemq-platform-operator] [0e75f06c] 13:59:27.520 [pool-6-thread-34] DEBUG c.h.p.o.d.StatefulSetResource - [helmmqtt] Desired StatefulSet (1 replicas) for status RUNNING (READY)
2025-01-29 13:59:27,552 INFO c.h.h.t.HelmChartContainer - [K3S] [event.go:389] "Event occurred" object="helmmqttit/hivemq-test-hivemq-platform-mqtt-1884" fieldPath="" kind="Service" apiVersion="v1" type="Normal" reason="DeletingLoadBalancer" message="Deleting load balancer"
2025-01-29 13:59:27,556 INFO c.h.h.t.HelmChartContainer - [K3S] [event.go:389] "Event occurred" object="helmmqttit/hivemq-test-hivemq-platform-mqtt-1884" fieldPath="" kind="Service" apiVersion="v1" type="Normal" reason="DeletedDaemonSet" message="Deleted LoadBalancer DaemonSet kube-system/svclb-hivemq-test-hivemq-platform-mqtt-1884-2a4d73e6"
2025-01-29 13:59:27,557 INFO c.h.h.t.HelmChartContainer - [EVENT] Normal [DeletingLoadBalancer] Deleting load balancer [helmmqttit:hivemq-test-hivemq-platform-mqtt-1884]
2025-01-29 13:59:27,568 INFO c.h.h.t.HelmChartContainer - [EVENT] Normal [DeletedDaemonSet] Deleted LoadBalancer DaemonSet kube-system/svclb-hivemq-test-hivemq-platform-mqtt-1884-2a4d73e6 [helmmqttit:hivemq-test-hivemq-platform-mqtt-1884]
2025-01-29 13:59:27,572 INFO c.h.h.t.HelmChartContainer - [hivemq-test-hivemq-platform] [hivemq-platform-operator] [0e75f06c] 13:59:27.565 [ReconcilerExecutor-hivemq-controller-117] INFO  c.h.p.o.HiveMQPlatformReconciler - [helmmqtt] Reconciling HiveMQ Platform 'test-hivemq-platform' in namespace 'helmmqttit'
2025-01-29 13:59:27,572 INFO c.h.h.t.HelmChartContainer - [hivemq-test-hivemq-platform] [hivemq-platform-operator] [0e75f06c] 13:59:27.565 [ReconcilerExecutor-hivemq-controller-117] DEBUG c.h.p.o.HiveMQPlatformReconciler - [helmmqtt] Custom Resource Status RUNNING - HiveMQ Platform is ready (READY)
2025-01-29 13:59:27,572 INFO c.h.h.t.HelmChartContainer - [hivemq-test-hivemq-platform] [hivemq-platform-operator] [0e75f06c] 13:59:27.566 [ReconcilerExecutor-hivemq-controller-117] DEBUG c.h.p.o.HiveMQPlatformReconciler - [helmmqtt] Custom Resource Spec (replicas: 1) (extensions: 1)
2025-01-29 13:59:27,572 INFO c.h.h.t.HelmChartContainer - [hivemq-test-hivemq-platform] [hivemq-platform-operator] [0e75f06c] 13:59:27.566 [ReconcilerExecutor-hivemq-controller-117] WARN  c.h.p.o.h.HiveMQPlatformReconcilerErrorHandler - [helmmqtt] Could not find ConfigMap 'hivemq-configuration-test-hivemq-platform' for HiveMQ Platform configuration
2025-01-29 13:59:27,577 INFO c.h.h.t.HelmChartContainer - [K3S] [event.go:389] "Event occurred" object="helmmqttit/hivemq-test-hivemq-platform-mqtt-1884" fieldPath="" kind="Service" apiVersion="v1" type="Normal" reason="DeletedLoadBalancer" message="Deleted load balancer"
2025-01-29 13:59:27,581 INFO c.h.h.t.HelmChartContainer - [EVENT] Normal [DeletedLoadBalancer] Deleted load balancer [helmmqttit:hivemq-test-hivemq-platform-mqtt-1884]
2025-01-29 13:59:27,765 INFO c.h.h.t.HelmChartContainer - [hivemq-test-hivemq-platform] [hivemq-platform-operator] [0e75f06c] 13:59:27.763 [ReconcilerExecutor-hivemq-controller-117] DEBUG c.h.p.operator.event.EventSender - [helmmqtt] Creating K8s event hivemq-platform-invalid-configuration: [Start] Could not find ConfigMap 'hivemq-configuration-test-hivemq-platform' for HiveMQ Platform configuration
2025-01-29 13:59:27,768 INFO c.h.h.t.HelmChartContainer - [EVENT] Warning [Start] Could not find ConfigMap 'hivemq-configuration-test-hivemq-platform' for HiveMQ Platform configuration [helmmqttit:test-hivemq-platform]
2025-01-29 13:59:27,770 INFO c.h.h.t.HelmChartContainer - [hivemq-test-hivemq-platform] [hivemq-platform-operator] [0e75f06c] 13:59:27.769 [ReconcilerExecutor-hivemq-controller-117] INFO  c.h.p.o.h.AbstractHiveMQReconcilerStateHandler - [helmmqtt] Update HiveMQ Platform Status (RUNNING [READY] -> ERROR [INVALID_CONFIG_MAP]): Could not find ConfigMap 'hivemq-configuration-test-hivemq-platform' for HiveMQ Platform configuration
2025-01-29 13:59:27,780 INFO c.h.h.t.HelmChartContainer - [hivemq-test-hivemq-platform] [hivemq-platform-operator] [0e75f06c] 13:59:27.777 [ReconcilerExecutor-hivemq-controller-117] ERROR i.j.o.p.event.EventProcessor - Error during event processing ExecutionScope{ resource id: ResourceID{name='test-hivemq-platform', namespace='helmmqttit'}, version: 1138}
2025-01-29 13:59:27,780 INFO c.h.h.t.HelmChartContainer - [hivemq-test-hivemq-platform] [hivemq-platform-operator] [0e75f06c] io.fabric8.kubernetes.client.KubernetesClientException: Failure executing: PUT at: https://10.43.0.1:443/apis/hivemq.com/v1/namespaces/helmmqttit/hivemq-platforms/test-hivemq-platform/status. Message: Operation cannot be fulfilled on hivemq-platforms.hivemq.com "test-hivemq-platform": the object has been modified; please apply your changes to the latest version and try again. Received status: Status(apiVersion=v1, code=409, details=StatusDetails(causes=[], group=hivemq.com, kind=hivemq-platforms, name=test-hivemq-platform, retryAfterSeconds=null, uid=null, additionalProperties={}), kind=Status, message=Operation cannot be fulfilled on hivemq-platforms.hivemq.com "test-hivemq-platform": the object has been modified; please apply your changes to the latest version and try again, metadata=ListMeta(_continue=null, remainingItemCount=null, resourceVersion=null, selfLink=null, additionalProperties={}), reason=Conflict, status=Failure, additionalProperties={}).
2025-01-29 13:59:27,781 INFO c.h.h.t.HelmChartContainer - [hivemq-test-hivemq-platform] [hivemq-platform-operator] [0e75f06c] 	at io.fabric8.kubernetes.client.KubernetesClientException.copyAsCause(KubernetesClientException.java:238)
2025-01-29 13:59:27,781 INFO c.h.h.t.HelmChartContainer - [hivemq-test-hivemq-platform] [hivemq-platform-operator] [0e75f06c] 	at io.fabric8.kubernetes.client.dsl.internal.OperationSupport.waitForResult(OperationSupport.java:507)
2025-01-29 13:59:27,781 INFO c.h.h.t.HelmChartContainer - [hivemq-test-hivemq-platform] [hivemq-platform-operator] [0e75f06c] 	at io.fabric8.kubernetes.client.dsl.internal.OperationSupport.handleResponse(OperationSupport.java:524)
2025-01-29 13:59:27,781 INFO c.h.h.t.HelmChartContainer - [hivemq-test-hivemq-platform] [hivemq-platform-operator] [0e75f06c] 	at io.fabric8.kubernetes.client.dsl.internal.OperationSupport.handleUpdate(OperationSupport.java:358)
2025-01-29 13:59:27,781 INFO c.h.h.t.HelmChartContainer - [hivemq-test-hivemq-platform] [hivemq-platform-operator] [0e75f06c] 	at io.fabric8.kubernetes.client.dsl.internal.BaseOperation.handleUpdate(BaseOperation.java:759)
2025-01-29 13:59:27,782 INFO c.h.h.t.HelmChartContainer - [hivemq-test-hivemq-platform] [hivemq-platform-operator] [0e75f06c] 	at io.fabric8.kubernetes.client.dsl.internal.HasMetadataOperation.update(HasMetadataOperation.java:138)
2025-01-29 13:59:27,782 INFO c.h.h.t.HelmChartContainer - [hivemq-test-hivemq-platform] [hivemq-platform-operator] [0e75f06c] 	at io.fabric8.kubernetes.client.dsl.internal.HasMetadataOperation.update(HasMetadataOperation.java:121)
2025-01-29 13:59:27,782 INFO c.h.h.t.HelmChartContainer - [hivemq-test-hivemq-platform] [hivemq-platform-operator] [0e75f06c] 	at io.fabric8.kubernetes.client.dsl.internal.HasMetadataOperation.updateStatus(HasMetadataOperation.java:126)
2025-01-29 13:59:27,782 INFO c.h.h.t.HelmChartContainer - [hivemq-test-hivemq-platform] [hivemq-platform-operator] [0e75f06c] 	at io.fabric8.kubernetes.client.dsl.internal.HasMetadataOperation.updateStatus(HasMetadataOperation.java:44)
2025-01-29 13:59:27,782 INFO c.h.h.t.HelmChartContainer - [hivemq-test-hivemq-platform] [hivemq-platform-operator] [0e75f06c] 	at io.javaoperatorsdk.operator.processing.event.ReconciliationDispatcher$CustomResourceFacade.updateStatus(ReconciliationDispatcher.java:408)
2025-01-29 13:59:27,782 INFO c.h.h.t.HelmChartContainer - [hivemq-test-hivemq-platform] [hivemq-platform-operator] [0e75f06c] 	at io.javaoperatorsdk.operator.processing.event.ReconciliationDispatcher.updateStatusGenerationAware(ReconciliationDispatcher.java:228)
2025-01-29 13:59:27,783 INFO c.h.h.t.HelmChartContainer - [hivemq-test-hivemq-platform] [hivemq-platform-operator] [0e75f06c] 	at io.javaoperatorsdk.operator.processing.event.ReconciliationDispatcher.reconcileExecution(ReconciliationDispatcher.java:150)
2025-01-29 13:59:27,783 INFO c.h.h.t.HelmChartContainer - [hivemq-test-hivemq-platform] [hivemq-platform-operator] [0e75f06c] 	at io.javaoperatorsdk.operator.processing.event.ReconciliationDispatcher.handleReconcile(ReconciliationDispatcher.java:117)
2025-01-29 13:59:27,783 INFO c.h.h.t.HelmChartContainer - [hivemq-test-hivemq-platform] [hivemq-platform-operator] [0e75f06c] 	at io.javaoperatorsdk.operator.processing.event.ReconciliationDispatcher.handleDispatch(ReconciliationDispatcher.java:91)
2025-01-29 13:59:27,783 INFO c.h.h.t.HelmChartContainer - [hivemq-test-hivemq-platform] [hivemq-platform-operator] [0e75f06c] 	at io.javaoperatorsdk.operator.processing.event.ReconciliationDispatcher.handleExecution(ReconciliationDispatcher.java:64)
2025-01-29 13:59:27,783 INFO c.h.h.t.HelmChartContainer - [hivemq-test-hivemq-platform] [hivemq-platform-operator] [0e75f06c] 	at io.javaoperatorsdk.operator.processing.event.EventProcessor$ReconcilerExecutor.run(EventProcessor.java:452)
2025-01-29 13:59:27,783 INFO c.h.h.t.HelmChartContainer - [hivemq-test-hivemq-platform] [hivemq-platform-operator] [0e75f06c] 	at java.base/java.util.concurrent.ThreadPoolExecutor.runWorker(Unknown Source)
2025-01-29 13:59:27,783 INFO c.h.h.t.HelmChartContainer - [hivemq-test-hivemq-platform] [hivemq-platform-operator] [0e75f06c] 	at java.base/java.util.concurrent.ThreadPoolExecutor$Worker.run(Unknown Source)
2025-01-29 13:59:27,783 INFO c.h.h.t.HelmChartContainer - [hivemq-test-hivemq-platform] [hivemq-platform-operator] [0e75f06c] 	at java.base/java.lang.Thread.run(Unknown Source)
2025-01-29 13:59:27,783 INFO c.h.h.t.HelmChartContainer - [hivemq-test-hivemq-platform] [hivemq-platform-operator] [0e75f06c] Caused by: io.fabric8.kubernetes.client.KubernetesClientException: Failure executing: PUT at: https://10.43.0.1:443/apis/hivemq.com/v1/namespaces/helmmqttit/hivemq-platforms/test-hivemq-platform/status. Message: Operation cannot be fulfilled on hivemq-platforms.hivemq.com "test-hivemq-platform": the object has been modified; please apply your changes to the latest version and try again. Received status: Status(apiVersion=v1, code=409, details=StatusDetails(causes=[], group=hivemq.com, kind=hivemq-platforms, name=test-hivemq-platform, retryAfterSeconds=null, uid=null, additionalProperties={}), kind=Status, message=Operation cannot be fulfilled on hivemq-platforms.hivemq.com "test-hivemq-platform": the object has been modified; please apply your changes to the latest version and try again, metadata=ListMeta(_continue=null, remainingItemCount=null, resourceVersion=null, selfLink=null, additionalProperties={}), reason=Conflict, status=Failure, additionalProperties={}).
2025-01-29 13:59:27,783 INFO c.h.h.t.HelmChartContainer - [hivemq-test-hivemq-platform] [hivemq-platform-operator] [0e75f06c] 	at io.fabric8.kubernetes.client.dsl.internal.OperationSupport.requestFailure(OperationSupport.java:660)
2025-01-29 13:59:27,783 INFO c.h.h.t.HelmChartContainer - [hivemq-test-hivemq-platform] [hivemq-platform-operator] [0e75f06c] 	at io.fabric8.kubernetes.client.dsl.internal.OperationSupport.requestFailure(OperationSupport.java:640)
2025-01-29 13:59:27,783 INFO c.h.h.t.HelmChartContainer - [hivemq-test-hivemq-platform] [hivemq-platform-operator] [0e75f06c] 	at io.fabric8.kubernetes.client.dsl.internal.OperationSupport.assertResponseCode(OperationSupport.java:589)
2025-01-29 13:59:27,783 INFO c.h.h.t.HelmChartContainer - [hivemq-test-hivemq-platform] [hivemq-platform-operator] [0e75f06c] 	at io.fabric8.kubernetes.client.dsl.internal.OperationSupport.lambda$handleResponse$0(OperationSupport.java:549)
2025-01-29 13:59:27,783 INFO c.h.h.t.HelmChartContainer - [hivemq-test-hivemq-platform] [hivemq-platform-operator] [0e75f06c] 	at java.base/java.util.concurrent.CompletableFuture$UniApply.tryFire(Unknown Source)
2025-01-29 13:59:27,783 INFO c.h.h.t.HelmChartContainer - [hivemq-test-hivemq-platform] [hivemq-platform-operator] [0e75f06c] 	at java.base/java.util.concurrent.CompletableFuture.postComplete(Unknown Source)
2025-01-29 13:59:27,783 INFO c.h.h.t.HelmChartContainer - [hivemq-test-hivemq-platform] [hivemq-platform-operator] [0e75f06c] 	at java.base/java.util.concurrent.CompletableFuture.complete(Unknown Source)
2025-01-29 13:59:27,783 INFO c.h.h.t.HelmChartContainer - [hivemq-test-hivemq-platform] [hivemq-platform-operator] [0e75f06c] 	at io.fabric8.kubernetes.client.http.StandardHttpClient.lambda$completeOrCancel$10(StandardHttpClient.java:141)
2025-01-29 13:59:27,783 INFO c.h.h.t.HelmChartContainer - [hivemq-test-hivemq-platform] [hivemq-platform-operator] [0e75f06c] 	at java.base/java.util.concurrent.CompletableFuture.uniWhenComplete(Unknown Source)
2025-01-29 13:59:27,783 INFO c.h.h.t.HelmChartContainer - [hivemq-test-hivemq-platform] [hivemq-platform-operator] [0e75f06c] 	at java.base/java.util.concurrent.CompletableFuture$UniWhenComplete.tryFire(Unknown Source)
2025-01-29 13:59:27,783 INFO c.h.h.t.HelmChartContainer - [hivemq-test-hivemq-platform] [hivemq-platform-operator] [0e75f06c] 	at java.base/java.util.concurrent.CompletableFuture.postComplete(Unknown Source)
2025-01-29 13:59:27,783 INFO c.h.h.t.HelmChartContainer - [hivemq-test-hivemq-platform] [hivemq-platform-operator] [0e75f06c] 	at java.base/java.util.concurrent.CompletableFuture.complete(Unknown Source)
2025-01-29 13:59:27,783 INFO c.h.h.t.HelmChartContainer - [hivemq-test-hivemq-platform] [hivemq-platform-operator] [0e75f06c] 	at io.fabric8.kubernetes.client.http.ByteArrayBodyHandler.onBodyDone(ByteArrayBodyHandler.java:51)
2025-01-29 13:59:27,783 INFO c.h.h.t.HelmChartContainer - [hivemq-test-hivemq-platform] [hivemq-platform-operator] [0e75f06c] 	at java.base/java.util.concurrent.CompletableFuture.uniWhenComplete(Unknown Source)
2025-01-29 13:59:27,783 INFO c.h.h.t.HelmChartContainer - [hivemq-test-hivemq-platform] [hivemq-platform-operator] [0e75f06c] 	at java.base/java.util.concurrent.CompletableFuture$UniWhenComplete.tryFire(Unknown Source)
2025-01-29 13:59:27,784 INFO c.h.h.t.HelmChartContainer - [hivemq-test-hivemq-platform] [hivemq-platform-operator] [0e75f06c] 	at java.base/java.util.concurrent.CompletableFuture.postComplete(Unknown Source)
2025-01-29 13:59:27,784 INFO c.h.h.t.HelmChartContainer - [hivemq-test-hivemq-platform] [hivemq-platform-operator] [0e75f06c] 	at java.base/java.util.concurrent.CompletableFuture.complete(Unknown Source)
2025-01-29 13:59:27,784 INFO c.h.h.t.HelmChartContainer - [hivemq-test-hivemq-platform] [hivemq-platform-operator] [0e75f06c] 	at io.fabric8.kubernetes.client.vertx.VertxHttpRequest.lambda$null$1(VertxHttpRequest.java:121)
2025-01-29 13:59:27,784 INFO c.h.h.t.HelmChartContainer - [hivemq-test-hivemq-platform] [hivemq-platform-operator] [0e75f06c] 	at io.vertx.core.impl.ContextInternal.dispatch(ContextInternal.java:279)
2025-01-29 13:59:27,784 INFO c.h.h.t.HelmChartContainer - [hivemq-test-hivemq-platform] [hivemq-platform-operator] [0e75f06c] 	at io.vertx.core.impl.ContextInternal.dispatch(ContextInternal.java:261)
2025-01-29 13:59:27,784 INFO c.h.h.t.HelmChartContainer - [hivemq-test-hivemq-platform] [hivemq-platform-operator] [0e75f06c] 	at io.vertx.core.http.impl.HttpEventHandler.handleEnd(HttpEventHandler.java:76)
2025-01-29 13:59:27,784 INFO c.h.h.t.HelmChartContainer - [hivemq-test-hivemq-platform] [hivemq-platform-operator] [0e75f06c] 	at io.vertx.core.http.impl.HttpClientResponseImpl.handleEnd(HttpClientResponseImpl.java:250)
2025-01-29 13:59:27,784 INFO c.h.h.t.HelmChartContainer - [hivemq-test-hivemq-platform] [hivemq-platform-operator] [0e75f06c] 	at io.vertx.core.http.impl.Http1xClientConnection$StreamImpl.lambda$new$0(Http1xClientConnection.java:421)
2025-01-29 13:59:27,784 INFO c.h.h.t.HelmChartContainer - [hivemq-test-hivemq-platform] [hivemq-platform-operator] [0e75f06c] 	at io.vertx.core.streams.impl.InboundBuffer.handleEvent(InboundBuffer.java:279)
2025-01-29 13:59:27,784 INFO c.h.h.t.HelmChartContainer - [hivemq-test-hivemq-platform] [hivemq-platform-operator] [0e75f06c] 	at io.vertx.core.streams.impl.InboundBuffer.write(InboundBuffer.java:157)
2025-01-29 13:59:27,784 INFO c.h.h.t.HelmChartContainer - [hivemq-test-hivemq-platform] [hivemq-platform-operator] [0e75f06c] 	at io.vertx.core.http.impl.Http1xClientConnection$StreamImpl.handleEnd(Http1xClientConnection.java:709)
2025-01-29 13:59:27,784 INFO c.h.h.t.HelmChartContainer - [hivemq-test-hivemq-platform] [hivemq-platform-operator] [0e75f06c] 	at io.vertx.core.impl.ContextImpl.execute(ContextImpl.java:313)
2025-01-29 13:59:27,784 INFO c.h.h.t.HelmChartContainer - [hivemq-test-hivemq-platform] [hivemq-platform-operator] [0e75f06c] 	at io.vertx.core.impl.ContextImpl.execute(ContextImpl.java:293)
2025-01-29 13:59:27,786 INFO c.h.h.t.HelmChartContainer - [hivemq-test-hivemq-platform] [hivemq-platform-operator] [0e75f06c] 	at io.vertx.core.http.impl.Http1xClientConnection.handleResponseEnd(Http1xClientConnection.java:940)
2025-01-29 13:59:27,786 INFO c.h.h.t.HelmChartContainer - [hivemq-test-hivemq-platform] [hivemq-platform-operator] [0e75f06c] 	at io.vertx.core.http.impl.Http1xClientConnection.handleHttpMessage(Http1xClientConnection.java:810)
2025-01-29 13:59:27,786 INFO c.h.h.t.HelmChartContainer - [hivemq-test-hivemq-platform] [hivemq-platform-operator] [0e75f06c] 	at io.vertx.core.http.impl.Http1xClientConnection.handleMessage(Http1xClientConnection.java:774)
2025-01-29 13:59:27,786 INFO c.h.h.t.HelmChartContainer - [hivemq-test-hivemq-platform] [hivemq-platform-operator] [0e75f06c] 	at io.vertx.core.net.impl.ConnectionBase.read(ConnectionBase.java:159)
2025-01-29 13:59:27,786 INFO c.h.h.t.HelmChartContainer - [hivemq-test-hivemq-platform] [hivemq-platform-operator] [0e75f06c] 	at io.vertx.core.net.impl.VertxHandler.channelRead(VertxHandler.java:153)
2025-01-29 13:59:27,786 INFO c.h.h.t.HelmChartContainer - [hivemq-test-hivemq-platform] [hivemq-platform-operator] [0e75f06c] 	at io.netty.channel.AbstractChannelHandlerContext.invokeChannelRead(AbstractChannelHandlerContext.java:442)
2025-01-29 13:59:27,786 INFO c.h.h.t.HelmChartContainer - [hivemq-test-hivemq-platform] [hivemq-platform-operator] [0e75f06c] 	at io.netty.channel.AbstractChannelHandlerContext.invokeChannelRead(AbstractChannelHandlerContext.java:420)
2025-01-29 13:59:27,786 INFO c.h.h.t.HelmChartContainer - [hivemq-test-hivemq-platform] [hivemq-platform-operator] [0e75f06c] 	at io.netty.channel.AbstractChannelHandlerContext.fireChannelRead(AbstractChannelHandlerContext.java:412)
2025-01-29 13:59:27,786 INFO c.h.h.t.HelmChartContainer - [hivemq-test-hivemq-platform] [hivemq-platform-operator] [0e75f06c] 	at io.netty.channel.CombinedChannelDuplexHandler$DelegatingChannelHandlerContext.fireChannelRead(CombinedChannelDuplexHandler.java:436)
2025-01-29 13:59:27,786 INFO c.h.h.t.HelmChartContainer - [hivemq-test-hivemq-platform] [hivemq-platform-operator] [0e75f06c] 	at io.netty.handler.codec.ByteToMessageDecoder.fireChannelRead(ByteToMessageDecoder.java:346)
2025-01-29 13:59:27,786 INFO c.h.h.t.HelmChartContainer - [hivemq-test-hivemq-platform] [hivemq-platform-operator] [0e75f06c] 	at io.netty.handler.codec.ByteToMessageDecoder.channelRead(ByteToMessageDecoder.java:318)
2025-01-29 13:59:27,787 INFO c.h.h.t.HelmChartContainer - [hivemq-test-hivemq-platform] [hivemq-platform-operator] [0e75f06c] 	at io.netty.channel.CombinedChannelDuplexHandler.channelRead(CombinedChannelDuplexHandler.java:251)
2025-01-29 13:59:27,787 INFO c.h.h.t.HelmChartContainer - [hivemq-test-hivemq-platform] [hivemq-platform-operator] [0e75f06c] 	at io.netty.channel.AbstractChannelHandlerContext.invokeChannelRead(AbstractChannelHandlerContext.java:442)
2025-01-29 13:59:27,787 INFO c.h.h.t.HelmChartContainer - [hivemq-test-hivemq-platform] [hivemq-platform-operator] [0e75f06c] 	at io.netty.channel.AbstractChannelHandlerContext.invokeChannelRead(AbstractChannelHandlerContext.java:420)
2025-01-29 13:59:27,787 INFO c.h.h.t.HelmChartContainer - [hivemq-test-hivemq-platform] [hivemq-platform-operator] [0e75f06c] 	at io.netty.channel.AbstractChannelHandlerContext.fireChannelRead(AbstractChannelHandlerContext.java:412)
2025-01-29 13:59:27,787 INFO c.h.h.t.HelmChartContainer - [hivemq-test-hivemq-platform] [hivemq-platform-operator] [0e75f06c] 	at io.netty.handler.ssl.SslHandler.unwrap(SslHandler.java:1475)
2025-01-29 13:59:27,787 INFO c.h.h.t.HelmChartContainer - [hivemq-test-hivemq-platform] [hivemq-platform-operator] [0e75f06c] 	at io.netty.handler.ssl.SslHandler.decodeJdkCompatible(SslHandler.java:1338)
2025-01-29 13:59:27,787 INFO c.h.h.t.HelmChartContainer - [hivemq-test-hivemq-platform] [hivemq-platform-operator] [0e75f06c] 	at io.netty.handler.ssl.SslHandler.decode(SslHandler.java:1387)
2025-01-29 13:59:27,787 INFO c.h.h.t.HelmChartContainer - [hivemq-test-hivemq-platform] [hivemq-platform-operator] [0e75f06c] 	at io.netty.handler.codec.ByteToMessageDecoder.decodeRemovalReentryProtection(ByteToMessageDecoder.java:530)
2025-01-29 13:59:27,787 INFO c.h.h.t.HelmChartContainer - [hivemq-test-hivemq-platform] [hivemq-platform-operator] [0e75f06c] 	at io.netty.handler.codec.ByteToMessageDecoder.callDecode(ByteToMessageDecoder.java:469)
2025-01-29 13:59:27,787 INFO c.h.h.t.HelmChartContainer - [hivemq-test-hivemq-platform] [hivemq-platform-operator] [0e75f06c] 	at io.netty.handler.codec.ByteToMessageDecoder.channelRead(ByteToMessageDecoder.java:290)
2025-01-29 13:59:27,787 INFO c.h.h.t.HelmChartContainer - [hivemq-test-hivemq-platform] [hivemq-platform-operator] [0e75f06c] 	at io.netty.channel.AbstractChannelHandlerContext.invokeChannelRead(AbstractChannelHandlerContext.java:444)
2025-01-29 13:59:27,787 INFO c.h.h.t.HelmChartContainer - [hivemq-test-hivemq-platform] [hivemq-platform-operator] [0e75f06c] 	at io.netty.channel.AbstractChannelHandlerContext.invokeChannelRead(AbstractChannelHandlerContext.java:420)
2025-01-29 13:59:27,787 INFO c.h.h.t.HelmChartContainer - [hivemq-test-hivemq-platform] [hivemq-platform-operator] [0e75f06c] 	at io.netty.channel.AbstractChannelHandlerContext.fireChannelRead(AbstractChannelHandlerContext.java:412)
2025-01-29 13:59:27,787 INFO c.h.h.t.HelmChartContainer - [hivemq-test-hivemq-platform] [hivemq-platform-operator] [0e75f06c] 	at io.netty.channel.DefaultChannelPipeline$HeadContext.channelRead(DefaultChannelPipeline.java:1407)
2025-01-29 13:59:27,787 INFO c.h.h.t.HelmChartContainer - [hivemq-test-hivemq-platform] [hivemq-platform-operator] [0e75f06c] 	at io.netty.channel.AbstractChannelHandlerContext.invokeChannelRead(AbstractChannelHandlerContext.java:440)
2025-01-29 13:59:27,787 INFO c.h.h.t.HelmChartContainer - [hivemq-test-hivemq-platform] [hivemq-platform-operator] [0e75f06c] 	at io.netty.channel.AbstractChannelHandlerContext.invokeChannelRead(AbstractChannelHandlerContext.java:420)
2025-01-29 13:59:27,787 INFO c.h.h.t.HelmChartContainer - [hivemq-test-hivemq-platform] [hivemq-platform-operator] [0e75f06c] 	at io.netty.channel.DefaultChannelPipeline.fireChannelRead(DefaultChannelPipeline.java:918)
2025-01-29 13:59:27,787 INFO c.h.h.t.HelmChartContainer - [hivemq-test-hivemq-platform] [hivemq-platform-operator] [0e75f06c] 	at io.netty.channel.nio.AbstractNioByteChannel$NioByteUnsafe.read(AbstractNioByteChannel.java:166)
2025-01-29 13:59:27,787 INFO c.h.h.t.HelmChartContainer - [hivemq-test-hivemq-platform] [hivemq-platform-operator] [0e75f06c] 	at io.netty.channel.nio.NioEventLoop.processSelectedKey(NioEventLoop.java:788)
2025-01-29 13:59:27,787 INFO c.h.h.t.HelmChartContainer - [hivemq-test-hivemq-platform] [hivemq-platform-operator] [0e75f06c] 	at io.netty.channel.nio.NioEventLoop.processSelectedKeysOptimized(NioEventLoop.java:724)
2025-01-29 13:59:27,787 INFO c.h.h.t.HelmChartContainer - [hivemq-test-hivemq-platform] [hivemq-platform-operator] [0e75f06c] 	at io.netty.channel.nio.NioEventLoop.processSelectedKeys(NioEventLoop.java:650)
2025-01-29 13:59:27,787 INFO c.h.h.t.HelmChartContainer - [hivemq-test-hivemq-platform] [hivemq-platform-operator] [0e75f06c] 	at io.netty.channel.nio.NioEventLoop.run(NioEventLoop.java:562)
2025-01-29 13:59:27,787 INFO c.h.h.t.HelmChartContainer - [hivemq-test-hivemq-platform] [hivemq-platform-operator] [0e75f06c] 	at io.netty.util.concurrent.SingleThreadEventExecutor$4.run(SingleThreadEventExecutor.java:997)
2025-01-29 13:59:27,787 INFO c.h.h.t.HelmChartContainer - [hivemq-test-hivemq-platform] [hivemq-platform-operator] [0e75f06c] 	at io.netty.util.internal.ThreadExecutorMap$2.run(ThreadExecutorMap.java:74)
2025-01-29 13:59:27,787 INFO c.h.h.t.HelmChartContainer - [hivemq-test-hivemq-platform] [hivemq-platform-operator] [0e75f06c] 	at io.netty.util.concurrent.FastThreadLocalRunnable.run(FastThreadLocalRunnable.java:30)
2025-01-29 13:59:27,787 INFO c.h.h.t.HelmChartContainer - [hivemq-test-hivemq-platform] [hivemq-platform-operator] [0e75f06c] 	... 1 common frames omitted
2025-01-29 13:59:27,787 INFO c.h.h.t.HelmChartContainer - [hivemq-test-hivemq-platform] [hivemq-platform-operator] [0e75f06c] 13:59:27.783 [ReconcilerExecutor-hivemq-controller-122] INFO  c.h.p.o.HiveMQPlatformReconciler - [helmmqtt] Cleanup test-hivemq-platform - helmmqttit HiveMQ Platform is shut down
2025-01-29 13:59:28,042 INFO c.h.h.t.HelmChartContainer - [POD] svclb-hivemq-test-hivemq-platform-mqtt-1884-2a4d73e6-rvjnb [285bd949-7577-4408-9a2f-bda9ae905d53] in kube-system was MODIFIED
2025-01-29 13:59:28,053 INFO c.h.h.t.HelmChartContainer - [K3S] [event.go:389] "Event occurred" object="helmmqttit/hivemq-test-hivemq-platform-mqtt-1884" fieldPath="" kind="Service" apiVersion="v1" type="Normal" reason="UpdatedLoadBalancer" message="Updated LoadBalancer with new IPs: [] -> [172.18.0.2]"
2025-01-29 13:59:28,057 INFO c.h.h.t.HelmChartContainer - [EVENT] Normal [UpdatedLoadBalancer] Updated LoadBalancer with new IPs: [] -> [172.18.0.2] [helmmqttit:hivemq-test-hivemq-platform-mqtt-1884]
2025-01-29 13:59:28,202 INFO c.h.h.t.HelmChartContainer - [EVENT] Normal [Killing] Stopping container hivemq [helmmqttit:test-hivemq-platform-0]
2025-01-29 13:59:28,203 INFO c.h.h.t.HelmChartContainer - Received Killing event for container hivemq in pod test-hivemq-platform-0 [1308e29b-1ca7-4bc6-89ca-90297ca2e4c1]
2025-01-29 13:59:28,203 INFO c.h.h.t.HelmChartContainer - Container [test-hivemq-platform-0] [hivemq] [1308e29b-1ca7-4bc6-89ca-90297ca2e4c1] was terminated
2025-01-29 13:59:28,203 INFO c.h.h.t.HelmChartContainer - Stopped log watcher for hivemq in pod test-hivemq-platform-0 [1308e29b-1ca7-4bc6-89ca-90297ca2e4c1]
2025-01-29 13:59:28,206 INFO c.h.h.t.HelmChartContainer - [POD] test-hivemq-platform-0 [1308e29b-1ca7-4bc6-89ca-90297ca2e4c1] in helmmqttit was MODIFIED
2025-01-29 13:59:28,216 INFO c.h.h.t.HelmChartContainer - [test-hivemq-platform] [hivemq] [1308e29b] INFO  - [HiveMQ Platform Operator Init App 1.7.0-SNAPSHOT] Shutting down
2025-01-29 13:59:28,217 INFO c.h.h.t.HelmChartContainer - [test-hivemq-platform] [hivemq] [1308e29b] INFO  - [HiveMQ Platform Operator Init App 1.7.0-SNAPSHOT] Stopping the HiveMQ Platform
2025-01-29 13:59:28,236 INFO c.h.h.t.HelmChartContainer - [POD] svclb-hivemq-test-hivemq-platform-mqtt-1884-2a4d73e6-rvjnb [285bd949-7577-4408-9a2f-bda9ae905d53] in kube-system was MODIFIED
2025-01-29 13:59:28,241 INFO c.h.h.t.HelmChartContainer - [K3S] [info.go:53] Couldn't collect info from any of the files in "/etc/machine-id,/var/lib/dbus/machine-id"
2025-01-29 13:59:28,249 INFO c.h.h.t.HelmChartContainer - [K3S] [event.go:389] "Event occurred" object="helmmqttit/hivemq-test-hivemq-platform-mqtt-1884" fieldPath="" kind="Service" apiVersion="v1" type="Warning" reason="UnAvailableLoadBalancer" message="There are no available nodes for LoadBalancer"
2025-01-29 13:59:28,254 INFO c.h.h.t.HelmChartContainer - [EVENT] Warning [UnAvailableLoadBalancer] There are no available nodes for LoadBalancer [helmmqttit:hivemq-test-hivemq-platform-mqtt-1884]
2025-01-29 13:59:28,288 INFO c.h.h.t.HelmChartContainer - [K3S] [scope.go:117] "RemoveContainer" containerID="199f11596683ac8569a2b0d181773b2ae96a847a24703eb8b44183325896d514"
2025-01-29 13:59:28,397 INFO c.h.h.t.HelmChartContainer - [test-hivemq-platform] [hivemq] [1308e29b] INFO  - Shutting down HiveMQ. Please wait, this could take a while...
2025-01-29 13:59:28,420 INFO c.h.h.t.HelmChartContainer - [test-hivemq-platform] [hivemq] [1308e29b] INFO  - Shutting down listeners and clients
2025-01-29 13:59:28,421 INFO c.h.h.t.HelmChartContainer - [test-hivemq-platform] [hivemq] [1308e29b] INFO  - Shutdown of listeners is done
2025-01-29 13:59:28,421 INFO c.h.h.t.HelmChartContainer - [test-hivemq-platform] [hivemq] [1308e29b] INFO  - No clients are connected, proceeding with shutdown
2025-01-29 13:59:28,716 INFO c.h.h.t.HelmChartContainer - [POD] svclb-hivemq-test-hivemq-platform-mqtt-1884-2a4d73e6-rvjnb [285bd949-7577-4408-9a2f-bda9ae905d53] in kube-system was MODIFIED
2025-01-29 13:59:28,731 INFO c.h.h.t.HelmChartContainer - [POD] svclb-hivemq-test-hivemq-platform-mqtt-1884-2a4d73e6-rvjnb [285bd949-7577-4408-9a2f-bda9ae905d53] in kube-system was MODIFIED
2025-01-29 13:59:28,733 INFO c.h.h.t.HelmChartContainer - [POD] svclb-hivemq-test-hivemq-platform-mqtt-1884-2a4d73e6-rvjnb [285bd949-7577-4408-9a2f-bda9ae905d53] in kube-system was DELETED
2025-01-29 13:59:29,571 INFO c.h.h.t.HelmChartContainer - Deleting namespace 'helmmqttit'...
2025-01-29 13:59:30,207 INFO c.h.h.t.HelmChartContainer - [K3S] [kubelet_volumes.go:163] "Cleaned up orphaned pod volumes dir" podUID="285bd949-7577-4408-9a2f-bda9ae905d53" path="/var/lib/kubelet/pods/285bd949-7577-4408-9a2f-bda9ae905d53/volumes"
2025-01-29 13:59:31,027 INFO c.h.h.t.HelmChartContainer - [test-hivemq-platform] [hivemq] [1308e29b] INFO  - Shutting down extension system
2025-01-29 13:59:31,030 INFO c.h.h.t.HelmChartContainer - [test-hivemq-platform] [hivemq] [1308e29b] INFO  - Stopping extension with id hivemq-dns-cluster-discovery
2025-01-29 13:59:31,031 INFO c.h.h.t.HelmChartContainer - [test-hivemq-platform] [hivemq] [1308e29b] INFO  - Extension "DNS Cluster Discovery Extension" version 4.3.2 stopped successfully.
2025-01-29 13:59:31,031 INFO c.h.h.t.HelmChartContainer - [test-hivemq-platform] [hivemq] [1308e29b] INFO  - Stopping extension with id hivemq-prometheus-extension
2025-01-29 13:59:31,036 INFO c.h.h.t.HelmChartContainer - [test-hivemq-platform] [hivemq] [1308e29b] INFO  - Extension "Prometheus Monitoring Extension" version 4.0.12 stopped successfully.
2025-01-29 13:59:31,036 INFO c.h.h.t.HelmChartContainer - [test-hivemq-platform] [hivemq] [1308e29b] INFO  - Stopping extension with id hivemq-allow-all-extension
2025-01-29 13:59:31,036 INFO c.h.h.t.HelmChartContainer - [test-hivemq-platform] [hivemq] [1308e29b] INFO  - Extension "Allow All Extension" version 1.1.1 stopped successfully.
2025-01-29 13:59:31,931 INFO c.h.h.t.HelmChartContainer - [test-hivemq-platform] [hivemq] [1308e29b] INFO  - [HiveMQ Platform Operator Init App 1.7.0-SNAPSHOT] Returning shutdown Health API response 503 for readiness
2025-01-29 13:59:31,935 INFO c.h.h.t.HelmChartContainer - [EVENT] Warning [Unhealthy] Readiness probe failed: HTTP probe failed with statuscode: 503 [helmmqttit:test-hivemq-platform-0]
2025-01-29 13:59:31,935 INFO c.h.h.t.HelmChartContainer - Received Unhealthy event for container hivemq in pod test-hivemq-platform-0 [1308e29b-1ca7-4bc6-89ca-90297ca2e4c1]
2025-01-29 13:59:32,458 INFO c.h.h.t.HelmChartContainer - [test-hivemq-platform] [hivemq] [1308e29b] WARN  - [HiveMQ Platform Operator Init App 1.7.0-SNAPSHOT] Could not update Pod annotations: Failure executing: GET at: https://10.43.0.1:443/api/v1/namespaces/helmmqttit/pods/test-hivemq-platform-0. Message: pods "test-hivemq-platform-0" is forbidden: User "system:serviceaccount:helmmqttit:hivemq-platform-pod-test-hivemq-platform" cannot get resource "pods" in API group "" in the namespace "helmmqttit". Received status: Status(apiVersion=v1, code=403, details=StatusDetails(causes=[], group=null, kind=pods, name=test-hivemq-platform-0, retryAfterSeconds=null, uid=null, additionalProperties={}), kind=Status, message=pods "test-hivemq-platform-0" is forbidden: User "system:serviceaccount:helmmqttit:hivemq-platform-pod-test-hivemq-platform" cannot get resource "pods" in API group "" in the namespace "helmmqttit", metadata=ListMeta(_continue=null, remainingItemCount=null, resourceVersion=null, selfLink=null, additionalProperties={}), reason=Forbidden, status=Failure, additionalProperties={}).
2025-01-29 13:59:33,335 INFO c.h.h.t.HelmChartContainer - [test-hivemq-platform] [hivemq] [1308e29b] INFO  - Shutdown completed.
2025-01-29 13:59:33,685 INFO c.h.h.t.HelmChartContainer - [test-hivemq-platform] [hivemq] [1308e29b] INFO  - [HiveMQ Platform Operator Init App 1.7.0-SNAPSHOT] The HiveMQ Platform exited with code 143
2025-01-29 13:59:33,685 INFO c.h.h.t.HelmChartContainer - [test-hivemq-platform] [hivemq] [1308e29b] INFO  - [HiveMQ Platform Operator Init App 1.7.0-SNAPSHOT] Stopping the REST API
2025-01-29 13:59:33,717 INFO c.h.h.t.HelmChartContainer - [test-hivemq-platform] [hivemq] [1308e29b] INFO  - [HiveMQ Platform Operator Init App 1.7.0-SNAPSHOT] Shutdown complete
2025-01-29 13:59:34,175 INFO c.h.h.t.HelmChartContainer - [POD] test-hivemq-platform-0 [1308e29b-1ca7-4bc6-89ca-90297ca2e4c1] in helmmqttit was MODIFIED
2025-01-29 13:59:34,176 INFO c.h.h.t.HelmChartContainer - [K3S] [stateful_set.go:438] "Unhandled Error" err="error syncing StatefulSet helmmqttit/test-hivemq-platform, requeuing: controllerrevisions.apps \"test-hivemq-platform-7bbc5894fb\" is forbidden: unable to create new content in namespace helmmqttit because it is being terminated"
2025-01-29 13:59:34,184 INFO c.h.h.t.HelmChartContainer - [K3S] [stateful_set.go:438] "Unhandled Error" err="error syncing StatefulSet helmmqttit/test-hivemq-platform, requeuing: controllerrevisions.apps \"test-hivemq-platform-7bbc5894fb\" is forbidden: unable to create new content in namespace helmmqttit because it is being terminated"
2025-01-29 13:59:34,198 INFO c.h.h.t.HelmChartContainer - [K3S] [stateful_set.go:438] "Unhandled Error" err="error syncing StatefulSet helmmqttit/test-hivemq-platform, requeuing: controllerrevisions.apps \"test-hivemq-platform-7bbc5894fb\" is forbidden: unable to create new content in namespace helmmqttit because it is being terminated"
2025-01-29 13:59:34,198 INFO c.h.h.t.HelmChartContainer - [K3S] [reconciler_common.go:162] "operationExecutor.UnmountVolume started for volume \"operator-init\" (UniqueName: \"kubernetes.io/empty-dir/1308e29b-1ca7-4bc6-89ca-90297ca2e4c1-operator-init\") pod \"1308e29b-1ca7-4bc6-89ca-90297ca2e4c1\" (UID: \"1308e29b-1ca7-4bc6-89ca-90297ca2e4c1\") "
2025-01-29 13:59:34,199 INFO c.h.h.t.HelmChartContainer - [K3S] [reconciler_common.go:162] "operationExecutor.UnmountVolume started for volume \"broker-configuration\" (UniqueName: \"kubernetes.io/configmap/1308e29b-1ca7-4bc6-89ca-90297ca2e4c1-broker-configuration\") pod \"1308e29b-1ca7-4bc6-89ca-90297ca2e4c1\" (UID: \"1308e29b-1ca7-4bc6-89ca-90297ca2e4c1\") "
2025-01-29 13:59:34,199 INFO c.h.h.t.HelmChartContainer - [K3S] [reconciler_common.go:162] "operationExecutor.UnmountVolume started for volume \"kube-api-access-pdk5h\" (UniqueName: \"kubernetes.io/projected/1308e29b-1ca7-4bc6-89ca-90297ca2e4c1-kube-api-access-pdk5h\") pod \"1308e29b-1ca7-4bc6-89ca-90297ca2e4c1\" (UID: \"1308e29b-1ca7-4bc6-89ca-90297ca2e4c1\") "
2025-01-29 13:59:34,199 INFO c.h.h.t.HelmChartContainer - [K3S] [reconciler_common.go:162] "operationExecutor.UnmountVolume started for volume \"pod-info\" (UniqueName: \"kubernetes.io/configmap/1308e29b-1ca7-4bc6-89ca-90297ca2e4c1-pod-info\") pod \"1308e29b-1ca7-4bc6-89ca-90297ca2e4c1\" (UID: \"1308e29b-1ca7-4bc6-89ca-90297ca2e4c1\") "
2025-01-29 13:59:34,221 INFO c.h.h.t.HelmChartContainer - [K3S] [stateful_set.go:438] "Unhandled Error" err="error syncing StatefulSet helmmqttit/test-hivemq-platform, requeuing: controllerrevisions.apps \"test-hivemq-platform-7bbc5894fb\" is forbidden: unable to create new content in namespace helmmqttit because it is being terminated"
2025-01-29 13:59:34,264 INFO c.h.h.t.HelmChartContainer - [K3S] [stateful_set.go:438] "Unhandled Error" err="error syncing StatefulSet helmmqttit/test-hivemq-platform, requeuing: controllerrevisions.apps \"test-hivemq-platform-7bbc5894fb\" is forbidden: unable to create new content in namespace helmmqttit because it is being terminated"
2025-01-29 13:59:34,300 INFO c.h.h.t.HelmChartContainer - [K3S] [reconciler_common.go:299] "Volume detached for volume \"operator-init\" (UniqueName: \"kubernetes.io/empty-dir/1308e29b-1ca7-4bc6-89ca-90297ca2e4c1-operator-init\") on node \"b2f104d21a5d\" DevicePath \"\""
2025-01-29 13:59:34,300 INFO c.h.h.t.HelmChartContainer - [K3S] [reconciler_common.go:299] "Volume detached for volume \"broker-configuration\" (UniqueName: \"kubernetes.io/configmap/1308e29b-1ca7-4bc6-89ca-90297ca2e4c1-broker-configuration\") on node \"b2f104d21a5d\" DevicePath \"\""
2025-01-29 13:59:34,300 INFO c.h.h.t.HelmChartContainer - [K3S] [reconciler_common.go:299] "Volume detached for volume \"kube-api-access-pdk5h\" (UniqueName: \"kubernetes.io/projected/1308e29b-1ca7-4bc6-89ca-90297ca2e4c1-kube-api-access-pdk5h\") on node \"b2f104d21a5d\" DevicePath \"\""
2025-01-29 13:59:34,300 INFO c.h.h.t.HelmChartContainer - [K3S] [reconciler_common.go:299] "Volume detached for volume \"pod-info\" (UniqueName: \"kubernetes.io/configmap/1308e29b-1ca7-4bc6-89ca-90297ca2e4c1-pod-info\") on node \"b2f104d21a5d\" DevicePath \"\""
2025-01-29 13:59:34,348 INFO c.h.h.t.HelmChartContainer - [K3S] [stateful_set.go:438] "Unhandled Error" err="error syncing StatefulSet helmmqttit/test-hivemq-platform, requeuing: controllerrevisions.apps \"test-hivemq-platform-7bbc5894fb\" is forbidden: unable to create new content in namespace helmmqttit because it is being terminated"
2025-01-29 13:59:34,511 INFO c.h.h.t.HelmChartContainer - [K3S] [stateful_set.go:438] "Unhandled Error" err="error syncing StatefulSet helmmqttit/test-hivemq-platform, requeuing: controllerrevisions.apps \"test-hivemq-platform-7bbc5894fb\" is forbidden: unable to create new content in namespace helmmqttit because it is being terminated"
2025-01-29 13:59:34,715 INFO c.h.h.t.HelmChartContainer - [K3S] [scope.go:117] "RemoveContainer" containerID="c8a48c042f0caf0e23dd14aefaea4ec26cbafc6a8f9609f7a4e95e2cac7f865a"
2025-01-29 13:59:34,730 INFO c.h.h.t.HelmChartContainer - [POD] test-hivemq-platform-0 [1308e29b-1ca7-4bc6-89ca-90297ca2e4c1] in helmmqttit was MODIFIED
2025-01-29 13:59:34,735 INFO c.h.h.t.HelmChartContainer - [K3S] [stateful_set.go:438] "Unhandled Error" err="error syncing StatefulSet helmmqttit/test-hivemq-platform, requeuing: controllerrevisions.apps \"test-hivemq-platform-7bbc5894fb\" is forbidden: unable to create new content in namespace helmmqttit because it is being terminated"
2025-01-29 13:59:34,736 INFO c.h.h.t.HelmChartContainer - [POD] test-hivemq-platform-0 [1308e29b-1ca7-4bc6-89ca-90297ca2e4c1] in helmmqttit was DELETED
2025-01-29 13:59:34,740 INFO c.h.h.t.HelmChartContainer - [K3S] [stateful_set.go:438] "Unhandled Error" err="error syncing StatefulSet helmmqttit/test-hivemq-platform, requeuing: controllerrevisions.apps \"test-hivemq-platform-7bbc5894fb\" is forbidden: unable to create new content in namespace helmmqttit because it is being terminated"
2025-01-29 13:59:34,756 INFO c.h.h.t.HelmChartContainer - [K3S] [stateful_set.go:466] "StatefulSet has been deleted" key="helmmqttit/test-hivemq-platform"
2025-01-29 13:59:34,834 INFO c.h.h.t.HelmChartContainer - [K3S] [stateful_set.go:466] "StatefulSet has been deleted" key="helmmqttit/test-hivemq-platform"
2025-01-29 13:59:34,855 INFO c.h.h.t.HelmChartContainer - [K3S] [scope.go:117] "RemoveContainer" containerID="006e858b96f72a00fa226a65de1b14a26f9e7bebef7253c2d9f091aa287f31d8"
2025-01-29 13:59:34,857 INFO c.h.h.t.HelmChartContainer - [K3S] [scope.go:117] "RemoveContainer" containerID="c8a48c042f0caf0e23dd14aefaea4ec26cbafc6a8f9609f7a4e95e2cac7f865a"
2025-01-29 13:59:34,858 INFO c.h.h.t.HelmChartContainer - [K3S] [scope.go:117] "RemoveContainer" containerID="006e858b96f72a00fa226a65de1b14a26f9e7bebef7253c2d9f091aa287f31d8"
2025-01-29 13:59:34,896 INFO c.h.h.t.HelmChartContainer - Namespace 'helmmqttit' deleted
2025-01-29 13:59:34,896 INFO c.h.h.t.HelmChartContainer - Release 'test-hivemq-platform' in namespace 'helmmqttit' is uninstalled
2025-01-29 13:59:34,896 INFO c.h.h.t.HelmChartContainer - Uninstalling release 'test-hivemq-platform-operator' in namespace 'helmmqttit-operator'...
2025-01-29 13:59:34,896 DEBUG c.h.h.t.HelmChartContainer - Executing helm command: /bin/helm --kubeconfig /etc/rancher/k3s/k3s.yaml uninstall test-hivemq-platform-operator  --wait --timeout 5m0s --cascade foreground --namespace helmmqttit-operator
2025-01-29 13:59:35,069 INFO c.h.h.t.HelmChartContainer - [K3S] [replica_set.go:679] "Finished syncing" kind="ReplicaSet" key="helmmqttit-operator/hivemq-test-hivemq-platform-operator-6966f96d65" duration="13.036316ms"
2025-01-29 13:59:35,072 INFO c.h.h.t.HelmChartContainer - [K3S] [replica_set.go:679] "Finished syncing" kind="ReplicaSet" key="helmmqttit-operator/hivemq-test-hivemq-platform-operator-6966f96d65" duration="58.239µs"
2025-01-29 13:59:35,087 INFO c.h.h.t.HelmChartContainer - [POD] hivemq-test-hivemq-platform-operator-6966f96d65-kmzqk [0e75f06c-a493-4090-99a4-f32e59704e42] in helmmqttit-operator was MODIFIED
2025-01-29 13:59:35,103 INFO c.h.h.t.HelmChartContainer - [hivemq-test-hivemq-platform] [hivemq-platform-operator] [0e75f06c] 13:59:35.099 [application-shutdown-thread] INFO  c.h.p.o.HiveMQPlatformOperatorApplication - HiveMQ Platform Operator is stopping...
2025-01-29 13:59:35,103 INFO c.h.h.t.HelmChartContainer - [hivemq-test-hivemq-platform] [hivemq-platform-operator] [0e75f06c] 13:59:35.099 [application-shutdown-thread] INFO  i.javaoperatorsdk.operator.Operator - Operator SDK 4.9.7 is shutting down...
2025-01-29 13:59:35,104 INFO c.h.h.t.HelmChartContainer - [EVENT] Normal [Killing] Stopping container hivemq-platform-operator [helmmqttit-operator:hivemq-test-hivemq-platform-operator-6966f96d65-kmzqk]
2025-01-29 13:59:35,104 INFO c.h.h.t.HelmChartContainer - Received Killing event for container hivemq-platform-operator in pod hivemq-test-hivemq-platform-operator-6966f96d65-kmzqk [0e75f06c-a493-4090-99a4-f32e59704e42]
2025-01-29 13:59:35,104 INFO c.h.h.t.HelmChartContainer - Container [hivemq-test-hivemq-platform-operator-6966f96d65-kmzqk] [hivemq-platform-operator] [0e75f06c-a493-4090-99a4-f32e59704e42] was terminated
2025-01-29 13:59:35,104 INFO c.h.h.t.HelmChartContainer - Stopped log watcher for hivemq-platform-operator in pod hivemq-test-hivemq-platform-operator-6966f96d65-kmzqk [0e75f06c-a493-4090-99a4-f32e59704e42]
2025-01-29 13:59:35,114 INFO c.h.h.t.HelmChartContainer - [K3S] [replica_set.go:679] "Finished syncing" kind="ReplicaSet" key="helmmqttit-operator/hivemq-test-hivemq-platform-operator-6966f96d65" duration="32.582806ms"
2025-01-29 13:59:35,116 INFO c.h.h.t.HelmChartContainer - [K3S] [replica_set.go:679] "Finished syncing" kind="ReplicaSet" key="helmmqttit-operator/hivemq-test-hivemq-platform-operator-6966f96d65" duration="53.22µs"
2025-01-29 13:59:35,811 INFO c.h.h.t.HelmChartContainer - [K3S] [replica_set.go:679] "Finished syncing" kind="ReplicaSet" key="helmmqttit-operator/hivemq-test-hivemq-platform-operator-6966f96d65" duration="42.299µs"
2025-01-29 13:59:35,812 INFO c.h.h.t.HelmChartContainer - [POD] hivemq-test-hivemq-platform-operator-6966f96d65-kmzqk [0e75f06c-a493-4090-99a4-f32e59704e42] in helmmqttit-operator was MODIFIED
2025-01-29 13:59:35,915 INFO c.h.h.t.HelmChartContainer - [K3S] [reconciler_common.go:162] "operationExecutor.UnmountVolume started for volume \"kube-api-access-jhf2j\" (UniqueName: \"kubernetes.io/projected/0e75f06c-a493-4090-99a4-f32e59704e42-kube-api-access-jhf2j\") pod \"0e75f06c-a493-4090-99a4-f32e59704e42\" (UID: \"0e75f06c-a493-4090-99a4-f32e59704e42\") "
2025-01-29 13:59:36,015 INFO c.h.h.t.HelmChartContainer - [K3S] [reconciler_common.go:299] "Volume detached for volume \"kube-api-access-jhf2j\" (UniqueName: \"kubernetes.io/projected/0e75f06c-a493-4090-99a4-f32e59704e42-kube-api-access-jhf2j\") on node \"b2f104d21a5d\" DevicePath \"\""
2025-01-29 13:59:36,206 INFO c.h.h.t.HelmChartContainer - [K3S] [kubelet_volumes.go:163] "Cleaned up orphaned pod volumes dir" podUID="1308e29b-1ca7-4bc6-89ca-90297ca2e4c1" path="/var/lib/kubelet/pods/1308e29b-1ca7-4bc6-89ca-90297ca2e4c1/volumes"
2025-01-29 13:59:36,720 INFO c.h.h.t.HelmChartContainer - [K3S] [scope.go:117] "RemoveContainer" containerID="a0f86aaa1a360deed9e55d119e1d96cae9e0c49392e7a9ea772a3a0a3bc5b087"
2025-01-29 13:59:36,723 INFO c.h.h.t.HelmChartContainer - [K3S] [scope.go:117] "RemoveContainer" containerID="a0f86aaa1a360deed9e55d119e1d96cae9e0c49392e7a9ea772a3a0a3bc5b087"
2025-01-29 13:59:36,731 INFO c.h.h.t.HelmChartContainer - [POD] hivemq-test-hivemq-platform-operator-6966f96d65-kmzqk [0e75f06c-a493-4090-99a4-f32e59704e42] in helmmqttit-operator was MODIFIED
2025-01-29 13:59:36,731 INFO c.h.h.t.HelmChartContainer - [K3S] [replica_set.go:679] "Finished syncing" kind="ReplicaSet" key="helmmqttit-operator/hivemq-test-hivemq-platform-operator-6966f96d65" duration="105.176µs"
2025-01-29 13:59:36,733 INFO c.h.h.t.HelmChartContainer - [K3S] [replica_set.go:679] "Finished syncing" kind="ReplicaSet" key="helmmqttit-operator/hivemq-test-hivemq-platform-operator-6966f96d65" duration="39.504µs"
2025-01-29 13:59:36,734 INFO c.h.h.t.HelmChartContainer - [POD] hivemq-test-hivemq-platform-operator-6966f96d65-kmzqk [0e75f06c-a493-4090-99a4-f32e59704e42] in helmmqttit-operator was DELETED
2025-01-29 13:59:36,743 INFO c.h.h.t.HelmChartContainer - [K3S] [replica_set.go:679] "Finished syncing" kind="ReplicaSet" key="helmmqttit-operator/hivemq-test-hivemq-platform-operator-6966f96d65" duration="6.392µs"
2025-01-29 13:59:37,113 INFO c.h.h.t.HelmChartContainer - Deleting namespace 'helmmqttit-operator'...
2025-01-29 13:59:38,206 INFO c.h.h.t.HelmChartContainer - [K3S] [kubelet_volumes.go:163] "Cleaned up orphaned pod volumes dir" podUID="0e75f06c-a493-4090-99a4-f32e59704e42" path="/var/lib/kubelet/pods/0e75f06c-a493-4090-99a4-f32e59704e42/volumes"
2025-01-29 13:59:39,880 INFO c.h.h.t.HelmChartContainer - [K3S] [namespace_controller.go:187] "Namespace has been deleted" namespace="helmmqttit"
2025-01-29 13:59:42,330 INFO c.h.h.t.HelmChartContainer - Namespace 'helmmqttit-operator' deleted
2025-01-29 13:59:42,331 INFO c.h.h.t.HelmChartContainer - Release 'test-hivemq-platform-operator' in namespace 'helmmqttit-operator' is uninstalled
2025-01-29 13:59:43,088 INFO c.h.helmcharts.AbstractHelmChartIT - Removed unused containers:

2025-01-29 13:59:47,242 INFO c.h.h.t.HelmChartContainer - [K3S] [namespace_controller.go:187] "Namespace has been deleted" namespace="helmmqttit-operator"
2025-01-29 13:59:51,288 INFO c.h.helmcharts.AbstractHelmChartIT - Removed unused snapshots:
Removing snapshot sha256:03af251906410714c5aef9fa705b63f6bbc39c4a5e787de7361eeb18886c2ed2
Removing snapshot sha256:0c46b3b43cce082ce5ec34ffc6c294e0417d17b9d1e6f366d114b6aadc4f96dc
Removing snapshot sha256:0ce761beee59082d6ed5bcebd3a805b8ddd9b3426b617e4809e7fb7c6587ffec
Removing snapshot sha256:0df91287303208332c8ff6ba40ae4710105201739addbfbddfb955f1ad593664
Removing snapshot sha256:0ecdb74ccb731a156f08e2c24f71884cb7b54f057c1105e923610b9bed48063f
Removing snapshot sha256:1021ef88c7974bfff89c5a0ec4fd3160daac6c48a075f74cff721f85dd104e68
Removing snapshot sha256:10aba4953ddc18145dd38e3704709bc464aa20af60b56fe52caaff4b68411e62
Removing snapshot sha256:2573e0d8158209ed54ab25c87bcdcb00bd3d2539246960a3d592a1c599d70465
Removing snapshot sha256:362a8a37f8bbc31925a8146adcf7cf51f9882f5c1dcbef67c5baa03a297543c0
Removing snapshot sha256:3a073dc912c0263431cada6d7fe35f04a95394a7784fa29630e360ad4629e5fe
Removing snapshot sha256:43a7c979bbaba6838bc3102d6b10a1459f3ab050b87ccdfef84ef90cf43d3058
Removing snapshot sha256:4ab04491cdf0d3267f08206fe30bd48f49f94b9cab2f016d6739220f722a64af
Removing snapshot sha256:4b6068250e89c96f263060261819c7d912855bfbd64b3eb4c4a8483299b8c295
Removing snapshot sha256:57f3eb95f971d7bc40368e9b7dc83376c215da5fbd14ec8fde3439512f60314d
Removing snapshot sha256:580e69a0a8034ede1921139bbd2bfb72a69ebf276d008281896c32dd8bf74775
Removing snapshot sha256:5d30ba46b27fe37484567ccc5242cadc78217b8da605f3f195ef25cbf7487904
Removing snapshot sha256:63ca1fbb43ae5034640e5e6cb3e083e05c290072c5366fcaa9d62435a4cced85
Removing snapshot sha256:67f702c6baae873bceb19487c8b1f27bd2b86077e4f2f0e480e6d60ab508b8f5
Removing snapshot sha256:6864348dd42806d552efdec384f1274be15e2d0c10ce44c1f04347af004c10a9
Removing snapshot sha256:6c7dee8f2c39b84b7dc2711c01d33de93514d9055499173e9290176fbe484b6c
Removing snapshot sha256:82753493a6d61ded36556292f02f31841a14c20d2f279f19eaad65afb661d5cd
Removing snapshot sha256:8a10d3db42c505ee0fcfa98417bdd7e39b304f6bcc0a06bb1b220797ff2cc63c
Removing snapshot sha256:a21e5b12dbac529ad45d976eb9ce45c881f3bedcc500fb30aba1e52aa1813418
Removing snapshot sha256:b921e6c28969094157f9b8e7244677780319637afd14450b7cb6b2fdea558a0c
Removing snapshot sha256:bc27ecb5769a00e309cf99ebc763c4a4b958b618d1decc96ffac5bc05f02f5b7
Removing snapshot sha256:be3ccb6627a5332e309d45ef461d09b4879dd870c7394d89323d0ebc6ca6aa8a
Removing snapshot sha256:c261f7cbbc64211ee175ee47273acdb7b1a36a4450b397a064a8f2c026490095
Removing snapshot sha256:c34d9393647eea0c9e3557ab988efaf59f61d10a2a5613b439ef0958cca5ec10
Removing snapshot sha256:ccf3c4a0fa967a41c1c83497a2ce6fa5787965859df0adb32c4ca2cf7490bc2b
Removing snapshot sha256:cf92d33f869417309692088c341cd0f223c178ea78a125f757317b22aa8f90e9
Removing snapshot sha256:d0037344cf2fb078884f1849f6a1f8cf9a33a3b6139b6a85833e5ee528e1f9a8
Removing snapshot sha256:d3b36d5b79273b1e98e7700470eaeff05a882e777124d84cebcc1505b85ecb36
Removing snapshot sha256:d65a44a37914602d12c611e5e22a50f11451d847e63015cc1c2aef92dee777a4
Removing snapshot sha256:e2dc0bae2455930f23ae570e019b7f32edc75c0f2d71cab084db837ff9051796
Removing snapshot sha256:eccbd24a99c60cd9e86ee5305dbfc4a4dc89f5ab4fb1f06c8d64797cecedef34
Removing snapshot sha256:f144bb4c7c7f0d2aa7eeffd36d934ec40db1ee167be727e326aad9fdc616f475

]]></system-out>
  </testcase>
  <testcase name="platformChart_whenMqttAnnotationsEnabled_thenAnnotationsExist()" classname="com.hivemq.helmcharts.services.HelmMqttIT" time="99.832">
    <system-out><![CDATA[2025-01-29 13:59:51,290 INFO c.h.h.t.HelmChartContainer - Creating namespace 'helmmqttit-operator'...
2025-01-29 13:59:51,296 INFO c.h.h.t.HelmChartContainer - Namespace 'helmmqttit-operator' created
2025-01-29 13:59:51,296 INFO c.h.h.t.HelmChartContainer - Creating namespace 'helmmqttit'...
2025-01-29 13:59:51,303 INFO c.h.h.t.HelmChartContainer - Namespace 'helmmqttit' created
2025-01-29 13:59:51,376 DEBUG c.h.h.t.HelmChartContainer - Executing helm command: /bin/helm --kubeconfig /etc/rancher/k3s/k3s.yaml install test-hivemq-platform-operator /charts/hivemq-platform-operator --wait --timeout 5m0s --set image.repository=docker.io/hivemq --set image.name=hivemq-platform-operator-test --set image.initImageName=hivemq-platform-operator-init-test --set image.tag=snapshot --set image.pullPolicy=Never --set logLevel=DEBUG --set resources.cpu=512m --namespace helmmqttit-operator
2025-01-29 13:59:51,682 INFO c.h.h.t.HelmChartContainer - [K3S] [alloc.go:330] "allocated clusterIPs" service="helmmqttit-operator/hivemq-platform-operator-test-hivemq-platform-operator" clusterIPs={"IPv4":"10.43.236.250"}
2025-01-29 13:59:51,705 INFO c.h.h.t.HelmChartContainer - [POD] hivemq-test-hivemq-platform-operator-6966f96d65-77zjn [9cbe71e6-e449-46ee-9890-45ae8de1332f] in helmmqttit-operator was ADDED
2025-01-29 13:59:51,720 INFO c.h.h.t.HelmChartContainer - [K3S] [replica_set.go:679] "Finished syncing" kind="ReplicaSet" key="helmmqttit-operator/hivemq-test-hivemq-platform-operator-6966f96d65" duration="24.06391ms"
2025-01-29 13:59:51,721 INFO c.h.h.t.HelmChartContainer - [K3S] [memory_manager.go:355] "RemoveStaleState removing state" podUID="0e75f06c-a493-4090-99a4-f32e59704e42" containerName="hivemq-platform-operator"
2025-01-29 13:59:51,721 INFO c.h.h.t.HelmChartContainer - [EVENT] Normal [ScalingReplicaSet] Scaled up replica set hivemq-test-hivemq-platform-operator-6966f96d65 from 0 to 1 [helmmqttit-operator:hivemq-test-hivemq-platform-operator]
2025-01-29 13:59:51,722 INFO c.h.h.t.HelmChartContainer - [POD] hivemq-test-hivemq-platform-operator-6966f96d65-77zjn [9cbe71e6-e449-46ee-9890-45ae8de1332f] in helmmqttit-operator was MODIFIED
2025-01-29 13:59:51,723 INFO c.h.h.t.HelmChartContainer - [K3S] [memory_manager.go:355] "RemoveStaleState removing state" podUID="285bd949-7577-4408-9a2f-bda9ae905d53" containerName="lb-tcp-1884"
2025-01-29 13:59:51,724 INFO c.h.h.t.HelmChartContainer - [K3S] [memory_manager.go:355] "RemoveStaleState removing state" podUID="1308e29b-1ca7-4bc6-89ca-90297ca2e4c1" containerName="hivemq"
2025-01-29 13:59:51,728 INFO c.h.h.t.HelmChartContainer - [EVENT] Normal [SuccessfulCreate] Created pod: hivemq-test-hivemq-platform-operator-6966f96d65-77zjn [helmmqttit-operator:hivemq-test-hivemq-platform-operator-6966f96d65]
2025-01-29 13:59:51,729 INFO c.h.h.t.HelmChartContainer - [EVENT] Normal [Scheduled] Successfully assigned helmmqttit-operator/hivemq-test-hivemq-platform-operator-6966f96d65-77zjn to b2f104d21a5d [helmmqttit-operator:hivemq-test-hivemq-platform-operator-6966f96d65-77zjn]
2025-01-29 13:59:51,741 INFO c.h.h.t.HelmChartContainer - [POD] hivemq-test-hivemq-platform-operator-6966f96d65-77zjn [9cbe71e6-e449-46ee-9890-45ae8de1332f] in helmmqttit-operator was MODIFIED
2025-01-29 13:59:51,746 INFO c.h.h.t.HelmChartContainer - [K3S] [replica_set.go:679] "Finished syncing" kind="ReplicaSet" key="helmmqttit-operator/hivemq-test-hivemq-platform-operator-6966f96d65" duration="26.534277ms"
2025-01-29 13:59:51,746 INFO c.h.h.t.HelmChartContainer - [K3S] [replica_set.go:679] "Finished syncing" kind="ReplicaSet" key="helmmqttit-operator/hivemq-test-hivemq-platform-operator-6966f96d65" duration="46.296µs"
2025-01-29 13:59:51,811 INFO c.h.h.t.HelmChartContainer - [K3S] [reconciler_common.go:251] "operationExecutor.VerifyControllerAttachedVolume started for volume \"kube-api-access-gl6hr\" (UniqueName: \"kubernetes.io/projected/9cbe71e6-e449-46ee-9890-45ae8de1332f-kube-api-access-gl6hr\") pod \"hivemq-test-hivemq-platform-operator-6966f96d65-77zjn\" (UID: \"9cbe71e6-e449-46ee-9890-45ae8de1332f\") " pod="helmmqttit-operator/hivemq-test-hivemq-platform-operator-6966f96d65-77zjn"
2025-01-29 13:59:52,113 INFO c.h.h.t.HelmChartContainer - [EVENT] Normal [Pulled] Container image "docker.io/hivemq/hivemq-platform-operator-test:snapshot" already present on machine [helmmqttit-operator:hivemq-test-hivemq-platform-operator-6966f96d65-77zjn]
2025-01-29 13:59:52,113 INFO c.h.h.t.HelmChartContainer - Received Pulled event for container hivemq-platform-operator in pod hivemq-test-hivemq-platform-operator-6966f96d65-77zjn [9cbe71e6-e449-46ee-9890-45ae8de1332f]
2025-01-29 13:59:53,367 INFO c.h.h.t.HelmChartContainer - [EVENT] Normal [Created] Created container: hivemq-platform-operator [helmmqttit-operator:hivemq-test-hivemq-platform-operator-6966f96d65-77zjn]
2025-01-29 13:59:53,368 INFO c.h.h.t.HelmChartContainer - Received Created event for container hivemq-platform-operator in pod hivemq-test-hivemq-platform-operator-6966f96d65-77zjn [9cbe71e6-e449-46ee-9890-45ae8de1332f]
2025-01-29 13:59:53,759 INFO c.h.h.t.HelmChartContainer - [K3S] [replica_set.go:679] "Finished syncing" kind="ReplicaSet" key="helmmqttit-operator/hivemq-test-hivemq-platform-operator-6966f96d65" duration="40.065µs"
2025-01-29 13:59:53,762 INFO c.h.h.t.HelmChartContainer - [POD] hivemq-test-hivemq-platform-operator-6966f96d65-77zjn [9cbe71e6-e449-46ee-9890-45ae8de1332f] in helmmqttit-operator was MODIFIED
2025-01-29 13:59:53,770 INFO c.h.h.t.HelmChartContainer - Started log watcher for hivemq-platform-operator in pod hivemq-test-hivemq-platform-operator-6966f96d65-77zjn [9cbe71e6-e449-46ee-9890-45ae8de1332f]
2025-01-29 13:59:53,770 INFO c.h.h.t.HelmChartContainer - [EVENT] Normal [Started] Started container hivemq-platform-operator [helmmqttit-operator:hivemq-test-hivemq-platform-operator-6966f96d65-77zjn]
2025-01-29 13:59:53,770 INFO c.h.h.t.HelmChartContainer - Received Started event for container hivemq-platform-operator in pod hivemq-test-hivemq-platform-operator-6966f96d65-77zjn [9cbe71e6-e449-46ee-9890-45ae8de1332f]
2025-01-29 13:59:53,771 INFO c.h.h.t.HelmChartContainer - [hivemq-test-hivemq-platform] [hivemq-platform-operator] [9cbe71e6] -------------------------------------------------------------------------
2025-01-29 13:59:53,771 INFO c.h.h.t.HelmChartContainer - [hivemq-test-hivemq-platform] [hivemq-platform-operator] [9cbe71e6] 
2025-01-29 13:59:53,771 INFO c.h.h.t.HelmChartContainer - [hivemq-test-hivemq-platform] [hivemq-platform-operator] [9cbe71e6]                   _    _  _              __  __   ____
2025-01-29 13:59:53,771 INFO c.h.h.t.HelmChartContainer - [hivemq-test-hivemq-platform] [hivemq-platform-operator] [9cbe71e6]                  | |  | |(_)            |  \/  | / __ \
2025-01-29 13:59:53,771 INFO c.h.h.t.HelmChartContainer - [hivemq-test-hivemq-platform] [hivemq-platform-operator] [9cbe71e6]                  | |__| | _ __   __ ___ | \  / || |  | |
2025-01-29 13:59:53,771 INFO c.h.h.t.HelmChartContainer - [hivemq-test-hivemq-platform] [hivemq-platform-operator] [9cbe71e6]                  |  __  || |\ \ / // _ \| |\/| || |  | |
2025-01-29 13:59:53,771 INFO c.h.h.t.HelmChartContainer - [hivemq-test-hivemq-platform] [hivemq-platform-operator] [9cbe71e6]                  | |  | || | \ V /|  __/| |  | || |__| |
2025-01-29 13:59:53,771 INFO c.h.h.t.HelmChartContainer - [hivemq-test-hivemq-platform] [hivemq-platform-operator] [9cbe71e6]                  |_|  |_||_|  \_/  \___||_|  |_| \___\_\
2025-01-29 13:59:53,771 INFO c.h.h.t.HelmChartContainer - [hivemq-test-hivemq-platform] [hivemq-platform-operator] [9cbe71e6] 
2025-01-29 13:59:53,771 INFO c.h.h.t.HelmChartContainer - [hivemq-test-hivemq-platform] [hivemq-platform-operator] [9cbe71e6] -------------------------------------------------------------------------
2025-01-29 13:59:53,771 INFO c.h.h.t.HelmChartContainer - [hivemq-test-hivemq-platform] [hivemq-platform-operator] [9cbe71e6] 
2025-01-29 13:59:53,771 INFO c.h.h.t.HelmChartContainer - [hivemq-test-hivemq-platform] [hivemq-platform-operator] [9cbe71e6]   HiveMQ Platform Operator Start Script v1.0
2025-01-29 13:59:53,771 INFO c.h.h.t.HelmChartContainer - [hivemq-test-hivemq-platform] [hivemq-platform-operator] [9cbe71e6] 
2025-01-29 13:59:53,771 INFO c.h.h.t.HelmChartContainer - [hivemq-test-hivemq-platform] [hivemq-platform-operator] [9cbe71e6] -------------------------------------------------------------------------
2025-01-29 13:59:53,771 INFO c.h.h.t.HelmChartContainer - [hivemq-test-hivemq-platform] [hivemq-platform-operator] [9cbe71e6] 
2025-01-29 13:59:53,771 INFO c.h.h.t.HelmChartContainer - [hivemq-test-hivemq-platform] [hivemq-platform-operator] [9cbe71e6]   JAVA_OPTS: -XX:+UnlockExperimentalVMOptions -XX:InitialRAMPercentage=75 -XX:MaxRAMPercentage=75 -Duser.language=en -Duser.region=US
2025-01-29 13:59:53,771 INFO c.h.h.t.HelmChartContainer - [hivemq-test-hivemq-platform] [hivemq-platform-operator] [9cbe71e6] 
2025-01-29 13:59:53,771 INFO c.h.h.t.HelmChartContainer - [hivemq-test-hivemq-platform] [hivemq-platform-operator] [9cbe71e6]   JAVA_VERSION: 21
2025-01-29 13:59:53,771 INFO c.h.h.t.HelmChartContainer - [hivemq-test-hivemq-platform] [hivemq-platform-operator] [9cbe71e6] 
2025-01-29 13:59:53,771 INFO c.h.h.t.HelmChartContainer - [hivemq-test-hivemq-platform] [hivemq-platform-operator] [9cbe71e6] -------------------------------------------------------------------------
2025-01-29 13:59:53,771 INFO c.h.h.t.HelmChartContainer - [hivemq-test-hivemq-platform] [hivemq-platform-operator] [9cbe71e6] 
2025-01-29 13:59:56,686 INFO c.h.h.t.HelmChartContainer - [hivemq-test-hivemq-platform] [hivemq-platform-operator] [9cbe71e6] 13:59:56.683 [main] DEBUG org.jboss.logging - Logging Provider: org.jboss.logging.Slf4jLoggerProvider
2025-01-29 13:59:56,788 INFO c.h.h.t.HelmChartContainer - [hivemq-test-hivemq-platform] [hivemq-platform-operator] [9cbe71e6] 13:59:56.787 [main] DEBUG io.smallrye.config - SRCFG01006: Loaded ConfigSource SysPropConfigSource with ordinal 400
2025-01-29 13:59:56,789 INFO c.h.h.t.HelmChartContainer - [hivemq-test-hivemq-platform] [hivemq-platform-operator] [9cbe71e6] 13:59:56.787 [main] DEBUG io.smallrye.config - SRCFG01006: Loaded ConfigSource EnvConfigSource with ordinal 300
2025-01-29 13:59:56,789 INFO c.h.h.t.HelmChartContainer - [hivemq-test-hivemq-platform] [hivemq-platform-operator] [9cbe71e6] 13:59:56.787 [main] DEBUG io.smallrye.config - SRCFG01006: Loaded ConfigSource PropertiesConfigSource[source=jar:file:///opt/hivemq-platform-operator/bin/hivemq-platform-operator.jar!/hivemq-platform-operator.properties] with ordinal 100
2025-01-29 13:59:56,789 INFO c.h.h.t.HelmChartContainer - [hivemq-test-hivemq-platform] [hivemq-platform-operator] [9cbe71e6] 13:59:56.787 [main] DEBUG io.smallrye.config - SRCFG01006: Loaded ConfigSource DefaultValuesConfigSource with ordinal -2147483648
2025-01-29 13:59:56,893 INFO c.h.h.t.HelmChartContainer - [hivemq-test-hivemq-platform] [hivemq-platform-operator] [9cbe71e6] 13:59:56.892 [main] DEBUG i.m.c.u.i.l.InternalLoggerFactory - Using SLF4J as the default logging framework
2025-01-29 13:59:57,003 INFO c.h.h.t.HelmChartContainer - [hivemq-test-hivemq-platform] [hivemq-platform-operator] [9cbe71e6] 13:59:56.995 [main] INFO  c.h.p.o.HiveMQPlatformOperatorApplication - HiveMQ Platform Operator 1.7.0-SNAPSHOT (commit: bebf408 on branch: HEAD) built on Sun Jan 26 20:47:47 UTC 2025
2025-01-29 13:59:57,004 INFO c.h.h.t.HelmChartContainer - [hivemq-test-hivemq-platform] [hivemq-platform-operator] [9cbe71e6] 13:59:57.002 [main] INFO  c.h.p.o.HiveMQPlatformOperatorApplication - HiveMQ Platform Operator is running in namespace: helmmqttit-operator
2025-01-29 13:59:57,004 INFO c.h.h.t.HelmChartContainer - [hivemq-test-hivemq-platform] [hivemq-platform-operator] [9cbe71e6] 13:59:57.003 [main] INFO  c.h.p.o.HiveMQPlatformOperatorApplication - Watching all namespaces
2025-01-29 13:59:57,004 INFO c.h.h.t.HelmChartContainer - [hivemq-test-hivemq-platform] [hivemq-platform-operator] [9cbe71e6] 13:59:57.003 [main] INFO  c.h.p.o.HiveMQPlatformOperatorApplication - Log level: DEBUG
2025-01-29 13:59:57,004 INFO c.h.h.t.HelmChartContainer - [hivemq-test-hivemq-platform] [hivemq-platform-operator] [9cbe71e6] 13:59:57.003 [main] INFO  c.h.p.o.HiveMQPlatformOperatorApplication - Release name: test-hivemq-platform-operator
2025-01-29 13:59:57,004 INFO c.h.h.t.HelmChartContainer - [hivemq-test-hivemq-platform] [hivemq-platform-operator] [9cbe71e6] 13:59:57.003 [main] INFO  c.h.p.o.HiveMQPlatformOperatorApplication - HiveMQ Platform Operator Init image: docker.io/hivemq/hivemq-platform-operator-init-test:snapshot
2025-01-29 13:59:57,004 INFO c.h.h.t.HelmChartContainer - [hivemq-test-hivemq-platform] [hivemq-platform-operator] [9cbe71e6] 13:59:57.003 [main] INFO  c.h.p.o.HiveMQPlatformOperatorApplication - HiveMQ Platform Operator Init App update URL: http://hivemq-platform-operator-test-hivemq-platform-operator.helmmqttit-operator.svc:8080/initAppUpdate/hivemq-platform-operator-init-app-1.7.0-SNAPSHOT.jar
2025-01-29 13:59:57,004 INFO c.h.h.t.HelmChartContainer - [hivemq-test-hivemq-platform] [hivemq-platform-operator] [9cbe71e6] 13:59:57.003 [main] INFO  c.h.p.o.HiveMQPlatformOperatorApplication - Additional imagePullSecret for all Platform deployments: none
2025-01-29 13:59:57,004 INFO c.h.h.t.HelmChartContainer - [hivemq-test-hivemq-platform] [hivemq-platform-operator] [9cbe71e6] 13:59:57.003 [main] INFO  c.h.p.o.HiveMQPlatformOperatorApplication - Apply HiveMQ Platform CRD: true
2025-01-29 13:59:57,004 INFO c.h.h.t.HelmChartContainer - [hivemq-test-hivemq-platform] [hivemq-platform-operator] [9cbe71e6] 13:59:57.003 [main] INFO  c.h.p.o.HiveMQPlatformOperatorApplication - Create Platform ServiceAccount: true
2025-01-29 13:59:57,004 INFO c.h.h.t.HelmChartContainer - [hivemq-test-hivemq-platform] [hivemq-platform-operator] [9cbe71e6] 13:59:57.003 [main] INFO  c.h.p.o.HiveMQPlatformOperatorApplication - Create Platform ServiceAccount permissions: true
2025-01-29 13:59:57,004 INFO c.h.h.t.HelmChartContainer - [hivemq-test-hivemq-platform] [hivemq-platform-operator] [9cbe71e6] 13:59:57.003 [main] INFO  c.h.p.o.HiveMQPlatformOperatorApplication - Validate Platform ServiceAccount: true
2025-01-29 13:59:57,005 INFO c.h.h.t.HelmChartContainer - [hivemq-test-hivemq-platform] [hivemq-platform-operator] [9cbe71e6] 13:59:57.003 [main] INFO  c.h.p.o.HiveMQPlatformOperatorApplication - Validate Platform ServiceAccount permissions: true
2025-01-29 13:59:57,203 INFO c.h.h.t.HelmChartContainer - [hivemq-test-hivemq-platform] [hivemq-platform-operator] [9cbe71e6] 13:59:57.202 [main] INFO  c.h.platform.operator.util.CRDUtil - Verifying deployed HiveMQ Platform CRD...
2025-01-29 13:59:59,683 INFO c.h.h.t.HelmChartContainer - [hivemq-test-hivemq-platform] [hivemq-platform-operator] [9cbe71e6] 13:59:59.681 [main] DEBUG c.h.platform.operator.util.CRDUtil - HiveMQ Platform CRD version v1 is up to date
2025-01-29 13:59:59,683 INFO c.h.h.t.HelmChartContainer - [hivemq-test-hivemq-platform] [hivemq-platform-operator] [9cbe71e6] 13:59:59.681 [main] INFO  c.h.platform.operator.util.CRDUtil - HiveMQ Platform CRD is up to date (version: V1_6_0)
2025-01-29 13:59:59,683 INFO c.h.h.t.HelmChartContainer - [hivemq-test-hivemq-platform] [hivemq-platform-operator] [9cbe71e6] 13:59:59.681 [main] INFO  c.h.platform.operator.util.CRDUtil - Waiting 10000 ms for HiveMQ Platform CRD 'hivemq-platforms.hivemq.com' to become ready...
2025-01-29 13:59:59,995 INFO c.h.h.t.HelmChartContainer - [hivemq-test-hivemq-platform] [hivemq-platform-operator] [9cbe71e6] 13:59:59.994 [vert.x-eventloop-thread-1] DEBUG c.h.platform.operator.util.CRDUtil - Checking CRD condition 'NamesAccepted' (status: 'True')
2025-01-29 13:59:59,996 INFO c.h.h.t.HelmChartContainer - [hivemq-test-hivemq-platform] [hivemq-platform-operator] [9cbe71e6] 13:59:59.994 [vert.x-eventloop-thread-1] DEBUG c.h.platform.operator.util.CRDUtil - Checking CRD condition 'Established' (status: 'True')
2025-01-29 13:59:59,997 INFO c.h.h.t.HelmChartContainer - [hivemq-test-hivemq-platform] [hivemq-platform-operator] [9cbe71e6] 13:59:59.995 [main] INFO  c.h.platform.operator.util.CRDUtil - HiveMQ Platform CRD 'hivemq-platforms.hivemq.com' is ready
2025-01-29 14:00:00,195 INFO c.h.h.t.HelmChartContainer - [hivemq-test-hivemq-platform] [hivemq-platform-operator] [9cbe71e6] 14:00:00.194 [main] INFO  c.h.p.o.HiveMQPlatformReconciler - HiveMQ Platform Operator is starting...
2025-01-29 14:00:00,303 INFO c.h.h.t.HelmChartContainer - [hivemq-test-hivemq-platform] [hivemq-platform-operator] [9cbe71e6] 14:00:00.302 [main] WARN  Default ConfigurationService implementation - Configuration for reconciler 'hivemq-controller' was not found. Known reconcilers: None.
2025-01-29 14:00:00,386 INFO c.h.h.t.HelmChartContainer - [hivemq-test-hivemq-platform] [hivemq-platform-operator] [9cbe71e6] 14:00:00.385 [main] INFO  Default ConfigurationService implementation - Created configuration for reconciler com.hivemq.platform.operator.HiveMQPlatformReconciler with name hivemq-controller
2025-01-29 14:00:00,494 INFO c.h.h.t.HelmChartContainer - [hivemq-test-hivemq-platform] [hivemq-platform-operator] [9cbe71e6] 14:00:00.492 [main] DEBUG c.h.p.o.HiveMQPlatformReconciler - HiveMQ Platform Operator is preparing EventSources
2025-01-29 14:00:00,584 INFO c.h.h.t.HelmChartContainer - [hivemq-test-hivemq-platform] [hivemq-platform-operator] [9cbe71e6] 14:00:00.582 [main] INFO  i.javaoperatorsdk.operator.Operator - Registered reconciler: 'hivemq-controller' for resource: 'class com.hivemq.platform.operator.v1.HiveMQPlatform' for namespace(s): [all namespaces]
2025-01-29 14:00:01,189 INFO c.h.h.t.HelmChartContainer - [hivemq-test-hivemq-platform] [hivemq-platform-operator] [9cbe71e6] 14:00:01.187 [main] INFO  c.h.p.operator.webserver.JettyServer - Starting Jetty server on port 8080
2025-01-29 14:00:01,286 INFO c.h.h.t.HelmChartContainer - [hivemq-test-hivemq-platform] [hivemq-platform-operator] [9cbe71e6] 14:00:01.284 [main] INFO  i.javaoperatorsdk.operator.Operator - Operator SDK 4.9.7 (commit: 2133d28) built on Wed Nov 20 12:56:20 UTC 2024 starting...
2025-01-29 14:00:01,286 INFO c.h.h.t.HelmChartContainer - [hivemq-test-hivemq-platform] [hivemq-platform-operator] [9cbe71e6] 14:00:01.285 [main] INFO  i.javaoperatorsdk.operator.Operator - Client version: 6.13.4
2025-01-29 14:00:01,287 INFO c.h.h.t.HelmChartContainer - [hivemq-test-hivemq-platform] [hivemq-platform-operator] [9cbe71e6] 14:00:01.286 [Controller Starter for: hivemq-controller] INFO  i.j.operator.processing.Controller - Starting 'hivemq-controller' controller for reconciler: com.hivemq.platform.operator.HiveMQPlatformReconciler, resource: com.hivemq.platform.operator.v1.HiveMQPlatform
2025-01-29 14:00:03,794 INFO c.h.h.t.HelmChartContainer - [hivemq-test-hivemq-platform] [hivemq-platform-operator] [9cbe71e6] 14:00:03.793 [Controller Starter for: hivemq-controller] INFO  i.j.operator.processing.Controller - 'hivemq-controller' controller started
2025-01-29 14:00:03,794 INFO c.h.h.t.HelmChartContainer - [hivemq-test-hivemq-platform] [hivemq-platform-operator] [9cbe71e6] 14:00:03.793 [main] INFO  c.h.p.o.HiveMQPlatformOperatorApplication - HiveMQ Platform Operator 1.7.0-SNAPSHOT started in 6798 ms
2025-01-29 14:00:04,768 INFO c.h.h.t.HelmChartContainer - [POD] hivemq-test-hivemq-platform-operator-6966f96d65-77zjn [9cbe71e6-e449-46ee-9890-45ae8de1332f] in helmmqttit-operator was MODIFIED
2025-01-29 14:00:04,779 INFO c.h.h.t.HelmChartContainer - [K3S] [replica_set.go:679] "Finished syncing" kind="ReplicaSet" key="helmmqttit-operator/hivemq-test-hivemq-platform-operator-6966f96d65" duration="13.05576ms"
2025-01-29 14:00:04,779 INFO c.h.h.t.HelmChartContainer - [K3S] [replica_set.go:679] "Finished syncing" kind="ReplicaSet" key="helmmqttit-operator/hivemq-test-hivemq-platform-operator-6966f96d65" duration="43.371µs"
2025-01-29 14:00:05,815 DEBUG c.h.h.t.HelmChartContainer - Executing helm command: /bin/helm --kubeconfig /etc/rancher/k3s/k3s.yaml install test-hivemq-platform /charts/hivemq-platform --wait --timeout 5m0s --set image.repository=docker.io/hivemq --set image.tag=4.36.0 --set image.pullPolicy=Never --set nodes.resources.cpu=512m -f /files/mqtt-annotations-values.yaml --namespace helmmqttit
2025-01-29 14:00:06,048 INFO c.h.h.t.HelmChartContainer - [hivemq-test-hivemq-platform] [hivemq-platform-operator] [9cbe71e6] 14:00:06.047 [-373097727-pool-1-thread-1] WARN  i.m.p.PrometheusMeterRegistry - The meter (MeterId{name='operator.sdk.events.received', tags=[tag(action=ADDED),tag(event=ResourceEvent),tag(group=hivemq.com),tag(kind=HiveMQPlatform),tag(name=test-hivemq-platform),tag(namespace=helmmqttit),tag(scope=namespace),tag(version=v1)]}) registration has failed: Prometheus requires that all meters with the same name have the same set of tag keys. There is already an existing meter named 'operator.sdk.events.received' containing tag keys [event, group, kind, name, namespace, scope, version]. The meter you are attempting to register has keys [action, event, group, kind, name, namespace, scope, version]. Note that subsequent logs will be logged at debug level.
2025-01-29 14:00:06,489 INFO c.h.h.t.HelmChartContainer - [hivemq-test-hivemq-platform] [hivemq-platform-operator] [9cbe71e6] 14:00:06.485 [pool-6-thread-3] DEBUG c.h.p.o.dependants.PodInfoConfigMap - [helmmqtt] Desired PodInfo ConfigMap (1 extensions) (1 enabled)
2025-01-29 14:00:06,489 INFO c.h.h.t.HelmChartContainer - [hivemq-test-hivemq-platform] [hivemq-platform-operator] [9cbe71e6] 14:00:06.485 [pool-6-thread-3] DEBUG c.h.p.o.dependants.PodInfoConfigMap - [helmmqtt] Desired PodInfo ConfigMap (metrics port: 9399) (metrics path: /)
2025-01-29 14:00:06,489 INFO c.h.h.t.HelmChartContainer - [hivemq-test-hivemq-platform] [hivemq-platform-operator] [9cbe71e6] 14:00:06.486 [pool-6-thread-3] DEBUG c.h.p.o.dependants.PodInfoConfigMap - [helmmqtt] Desired PodInfo ConfigMap (extension state hash: -1817474005)
2025-01-29 14:00:06,490 INFO c.h.h.t.HelmChartContainer - [hivemq-test-hivemq-platform] [hivemq-platform-operator] [9cbe71e6] 14:00:06.487 [pool-6-thread-3] DEBUG c.h.p.o.dependants.PodInfoConfigMap - [helmmqtt] Create PodInfo ConfigMap
2025-01-29 14:00:06,590 INFO c.h.h.t.HelmChartContainer - [hivemq-test-hivemq-platform] [hivemq-platform-operator] [9cbe71e6] 14:00:06.588 [pool-6-thread-5] DEBUG c.h.p.o.dependants.PodRoleResource - [helmmqtt] Create Role: Role(apiVersion=rbac.authorization.k8s.io/v1, kind=Role, metadata=ObjectMeta(annotations={meta.helm.sh/release-name=test-hivemq-platform, meta.helm.sh/release-namespace=helmmqttit}, creationTimestamp=null, deletionGracePeriodSeconds=null, deletionTimestamp=null, finalizers=[], generateName=null, generation=null, labels={helm.sh/chart=hivemq-platform-0.2.32, app.kubernetes.io/managed-by=Helm, app.kubernetes.io/name=hivemq-platform, hivemq-platform=test-hivemq-platform, app.kubernetes.io/instance=test-hivemq-platform, app.kubernetes.io/version=4.36.0}, managedFields=[], name=hivemq-platform-role-test-hivemq-platform, namespace=helmmqttit, ownerReferences=[OwnerReference(apiVersion=hivemq.com/v1, blockOwnerDeletion=null, controller=null, kind=HiveMQPlatform, name=test-hivemq-platform, uid=43730e0b-16e2-412c-8e4b-cd793c3ed264, additionalProperties={})], resourceVersion=null, selfLink=null, uid=null, additionalProperties={}), rules=[PolicyRule(apiGroups=[], nonResourceURLs=[], resourceNames=[], resources=[pods], verbs=[get, patch, update], additionalProperties={})], additionalProperties={})
2025-01-29 14:00:06,704 INFO c.h.h.t.HelmChartContainer - [hivemq-test-hivemq-platform] [hivemq-platform-operator] [9cbe71e6] 14:00:06.702 [pool-6-thread-7] DEBUG c.h.p.o.d.PodServiceAccountResource - [helmmqtt] Desired PodServiceAccountResource (serviceAccountName: hivemq-platform-pod-test-hivemq-platform)
2025-01-29 14:00:06,706 INFO c.h.h.t.HelmChartContainer - [hivemq-test-hivemq-platform] [hivemq-platform-operator] [9cbe71e6] 14:00:06.703 [pool-6-thread-7] DEBUG c.h.p.o.d.PodServiceAccountResource - [helmmqtt] Create ServiceAccount 'hivemq-platform-pod-test-hivemq-platform'
2025-01-29 14:00:06,889 INFO c.h.h.t.HelmChartContainer - [hivemq-test-hivemq-platform] [hivemq-platform-operator] [9cbe71e6] 14:00:06.888 [pool-6-thread-10] DEBUG c.h.p.o.d.PodRoleBindingResource - [helmmqtt] Create RoleBinding: RoleBinding(apiVersion=rbac.authorization.k8s.io/v1, kind=RoleBinding, metadata=ObjectMeta(annotations={meta.helm.sh/release-name=test-hivemq-platform, meta.helm.sh/release-namespace=helmmqttit}, creationTimestamp=null, deletionGracePeriodSeconds=null, deletionTimestamp=null, finalizers=[], generateName=null, generation=null, labels={helm.sh/chart=hivemq-platform-0.2.32, app.kubernetes.io/managed-by=Helm, app.kubernetes.io/name=hivemq-platform, hivemq-platform=test-hivemq-platform, app.kubernetes.io/instance=test-hivemq-platform, app.kubernetes.io/version=4.36.0}, managedFields=[], name=hivemq-platform-role-binding-test-hivemq-platform, namespace=helmmqttit, ownerReferences=[OwnerReference(apiVersion=hivemq.com/v1, blockOwnerDeletion=null, controller=null, kind=HiveMQPlatform, name=test-hivemq-platform, uid=43730e0b-16e2-412c-8e4b-cd793c3ed264, additionalProperties={})], resourceVersion=null, selfLink=null, uid=null, additionalProperties={}), roleRef=RoleRef(apiGroup=rbac.authorization.k8s.io, kind=Role, name=hivemq-platform-role-test-hivemq-platform, additionalProperties={}), subjects=[Subject(apiGroup=null, kind=ServiceAccount, name=hivemq-platform-pod-test-hivemq-platform, namespace=helmmqttit, additionalProperties={})], additionalProperties={})
2025-01-29 14:00:06,909 INFO c.h.h.t.HelmChartContainer - [hivemq-test-hivemq-platform] [hivemq-platform-operator] [9cbe71e6] 14:00:06.908 [ReconcilerExecutor-hivemq-controller-54] INFO  c.h.p.o.HiveMQPlatformReconciler - [helmmqtt] Reconciling HiveMQ Platform 'test-hivemq-platform' in namespace 'helmmqttit'
2025-01-29 14:00:06,910 INFO c.h.h.t.HelmChartContainer - [hivemq-test-hivemq-platform] [hivemq-platform-operator] [9cbe71e6] 14:00:06.909 [ReconcilerExecutor-hivemq-controller-54] DEBUG c.h.p.o.HiveMQPlatformReconciler - [helmmqtt] Custom Resource Status CREATED - HiveMQ Platform was created (READY)
2025-01-29 14:00:06,910 INFO c.h.h.t.HelmChartContainer - [hivemq-test-hivemq-platform] [hivemq-platform-operator] [9cbe71e6] 14:00:06.909 [ReconcilerExecutor-hivemq-controller-54] DEBUG c.h.p.o.HiveMQPlatformReconciler - [helmmqtt] Custom Resource Spec (replicas: 1) (extensions: 1)
2025-01-29 14:00:06,982 INFO c.h.h.t.HelmChartContainer - [hivemq-test-hivemq-platform] [hivemq-platform-operator] [9cbe71e6] 14:00:06.912 [ReconcilerExecutor-hivemq-controller-54] INFO  c.h.p.o.h.HiveMQPlatformReconcilerBaseHandler - [helmmqtt] HiveMQ Platform is starting
2025-01-29 14:00:07,090 INFO c.h.h.t.HelmChartContainer - [hivemq-test-hivemq-platform] [hivemq-platform-operator] [9cbe71e6] 14:00:07.088 [ReconcilerExecutor-hivemq-controller-54] DEBUG c.h.p.operator.event.EventSender - [helmmqtt] Creating K8s event hivemq-platform-starting: [Start] HiveMQ Platform is starting
2025-01-29 14:00:07,100 INFO c.h.h.t.HelmChartContainer - [EVENT] Normal [Start] HiveMQ Platform is starting [helmmqttit:test-hivemq-platform]
2025-01-29 14:00:07,105 INFO c.h.h.t.HelmChartContainer - [hivemq-test-hivemq-platform] [hivemq-platform-operator] [9cbe71e6] 14:00:07.103 [ReconcilerExecutor-hivemq-controller-54] INFO  c.h.p.o.h.AbstractHiveMQReconcilerStateHandler - [helmmqtt] Update HiveMQ Platform Status (CREATED [READY] -> STARTING [READY]): HiveMQ Platform is starting
2025-01-29 14:00:07,191 DEBUG com.hivemq.helmcharts.util.K8sUtil - Comparing actual state 'STARTING' and waiting for 'RUNNING'
2025-01-29 14:00:17,202 INFO c.h.h.t.HelmChartContainer - [hivemq-test-hivemq-platform] [hivemq-platform-operator] [9cbe71e6] 14:00:17.198 [pool-6-thread-12] DEBUG c.h.p.o.d.PlatformServiceResource - [helmmqtt] Desired Platform services (2 services)
2025-01-29 14:00:17,202 INFO c.h.h.t.HelmChartContainer - [hivemq-test-hivemq-platform] [hivemq-platform-operator] [9cbe71e6] 14:00:17.200 [pool-6-thread-13] DEBUG c.h.p.o.dependants.PodInfoConfigMap - [helmmqtt] Desired PodInfo ConfigMap (1 extensions) (1 enabled)
2025-01-29 14:00:17,202 INFO c.h.h.t.HelmChartContainer - [hivemq-test-hivemq-platform] [hivemq-platform-operator] [9cbe71e6] 14:00:17.200 [pool-6-thread-13] DEBUG c.h.p.o.dependants.PodInfoConfigMap - [helmmqtt] Desired PodInfo ConfigMap (metrics port: 9399) (metrics path: /)
2025-01-29 14:00:17,202 INFO c.h.h.t.HelmChartContainer - [hivemq-test-hivemq-platform] [hivemq-platform-operator] [9cbe71e6] 14:00:17.200 [pool-6-thread-13] DEBUG c.h.p.o.dependants.PodInfoConfigMap - [helmmqtt] Desired PodInfo ConfigMap (extension state hash: -1817474005)
2025-01-29 14:00:17,206 INFO c.h.h.t.HelmChartContainer - [hivemq-test-hivemq-platform] [hivemq-platform-operator] [9cbe71e6] 14:00:17.205 [pool-6-thread-13] DEBUG c.h.p.o.dependants.PodInfoConfigMap - [helmmqtt] Update PodInfo ConfigMap
2025-01-29 14:00:17,208 INFO c.h.h.t.HelmChartContainer - [hivemq-test-hivemq-platform] [hivemq-platform-operator] [9cbe71e6] 14:00:17.207 [pool-6-thread-17] DEBUG c.h.p.o.d.PodServiceAccountResource - [helmmqtt] Desired PodServiceAccountResource (serviceAccountName: hivemq-platform-pod-test-hivemq-platform)
2025-01-29 14:00:17,293 INFO c.h.h.t.HelmChartContainer - [K3S] [alloc.go:330] "allocated clusterIPs" service="helmmqttit/hivemq-test-hivemq-platform-metrics-9399" clusterIPs={"IPv4":"10.43.227.53"}
2025-01-29 14:00:17,311 INFO c.h.h.t.HelmChartContainer - [K3S] [alloc.go:330] "allocated clusterIPs" service="helmmqttit/hivemq-test-hivemq-platform-mqtt-1884" clusterIPs={"IPv4":"10.43.228.236"}
2025-01-29 14:00:17,387 INFO c.h.h.t.HelmChartContainer - [hivemq-test-hivemq-platform] [hivemq-platform-operator] [9cbe71e6] 14:00:17.386 [pool-6-thread-20] DEBUG c.h.p.o.d.StatefulSetResource - [helmmqtt] Desired StatefulSet (1 replicas) for status STARTING (READY)
2025-01-29 14:00:17,399 INFO c.h.h.t.HelmChartContainer - [hivemq-test-hivemq-platform] [hivemq-platform-operator] [9cbe71e6] 14:00:17.398 [pool-6-thread-20] DEBUG c.h.p.o.d.StatefulSetResource - [helmmqtt] Create StatefulSet
2025-01-29 14:00:17,501 INFO c.h.h.t.HelmChartContainer - [hivemq-test-hivemq-platform] [hivemq-platform-operator] [9cbe71e6] 14:00:17.499 [ReconcilerExecutor-hivemq-controller-65] INFO  c.h.p.o.HiveMQPlatformReconciler - [helmmqtt] Reconciling HiveMQ Platform 'test-hivemq-platform' in namespace 'helmmqttit'
2025-01-29 14:00:17,502 INFO c.h.h.t.HelmChartContainer - [hivemq-test-hivemq-platform] [hivemq-platform-operator] [9cbe71e6] 14:00:17.499 [ReconcilerExecutor-hivemq-controller-65] DEBUG c.h.p.o.HiveMQPlatformReconciler - [helmmqtt] Custom Resource Status STARTING - HiveMQ Platform is starting (READY)
2025-01-29 14:00:17,502 INFO c.h.h.t.HelmChartContainer - [hivemq-test-hivemq-platform] [hivemq-platform-operator] [9cbe71e6] 14:00:17.499 [ReconcilerExecutor-hivemq-controller-65] DEBUG c.h.p.o.HiveMQPlatformReconciler - [helmmqtt] Custom Resource Spec (replicas: 1) (extensions: 1)
2025-01-29 14:00:17,510 INFO c.h.h.t.HelmChartContainer - [POD] test-hivemq-platform-0 [3ffe8a9e-a438-4fdb-8747-a370fe1d57e6] in helmmqttit was ADDED
2025-01-29 14:00:17,512 INFO c.h.h.t.HelmChartContainer - [EVENT] Normal [SuccessfulCreate] create Pod test-hivemq-platform-0 in StatefulSet test-hivemq-platform successful [helmmqttit:test-hivemq-platform]
2025-01-29 14:00:17,513 INFO c.h.h.t.HelmChartContainer - [POD] test-hivemq-platform-0 [3ffe8a9e-a438-4fdb-8747-a370fe1d57e6] in helmmqttit was MODIFIED
2025-01-29 14:00:17,515 INFO c.h.h.t.HelmChartContainer - [EVENT] Normal [Scheduled] Successfully assigned helmmqttit/test-hivemq-platform-0 to b2f104d21a5d [helmmqttit:test-hivemq-platform-0]
2025-01-29 14:00:17,525 INFO c.h.h.t.HelmChartContainer - [POD] test-hivemq-platform-0 [3ffe8a9e-a438-4fdb-8747-a370fe1d57e6] in helmmqttit was MODIFIED
2025-01-29 14:00:17,553 INFO c.h.h.t.HelmChartContainer - [K3S] [reconciler_common.go:251] "operationExecutor.VerifyControllerAttachedVolume started for volume \"kube-api-access-tf7qj\" (UniqueName: \"kubernetes.io/projected/3ffe8a9e-a438-4fdb-8747-a370fe1d57e6-kube-api-access-tf7qj\") pod \"test-hivemq-platform-0\" (UID: \"3ffe8a9e-a438-4fdb-8747-a370fe1d57e6\") " pod="helmmqttit/test-hivemq-platform-0"
2025-01-29 14:00:17,553 INFO c.h.h.t.HelmChartContainer - [K3S] [reconciler_common.go:251] "operationExecutor.VerifyControllerAttachedVolume started for volume \"pod-info\" (UniqueName: \"kubernetes.io/configmap/3ffe8a9e-a438-4fdb-8747-a370fe1d57e6-pod-info\") pod \"test-hivemq-platform-0\" (UID: \"3ffe8a9e-a438-4fdb-8747-a370fe1d57e6\") " pod="helmmqttit/test-hivemq-platform-0"
2025-01-29 14:00:17,553 INFO c.h.h.t.HelmChartContainer - [K3S] [reconciler_common.go:251] "operationExecutor.VerifyControllerAttachedVolume started for volume \"broker-configuration\" (UniqueName: \"kubernetes.io/configmap/3ffe8a9e-a438-4fdb-8747-a370fe1d57e6-broker-configuration\") pod \"test-hivemq-platform-0\" (UID: \"3ffe8a9e-a438-4fdb-8747-a370fe1d57e6\") " pod="helmmqttit/test-hivemq-platform-0"
2025-01-29 14:00:17,554 INFO c.h.h.t.HelmChartContainer - [K3S] [reconciler_common.go:251] "operationExecutor.VerifyControllerAttachedVolume started for volume \"operator-init\" (UniqueName: \"kubernetes.io/empty-dir/3ffe8a9e-a438-4fdb-8747-a370fe1d57e6-operator-init\") pod \"test-hivemq-platform-0\" (UID: \"3ffe8a9e-a438-4fdb-8747-a370fe1d57e6\") " pod="helmmqttit/test-hivemq-platform-0"
2025-01-29 14:00:17,587 INFO c.h.h.t.HelmChartContainer - [hivemq-test-hivemq-platform] [hivemq-platform-operator] [9cbe71e6] 14:00:17.586 [ReconcilerExecutor-hivemq-controller-65] DEBUG c.h.p.o.HiveMQPlatformReconciler - [helmmqtt] StatefulSet Status (revision: null, replicas: 0, available: 0, ready: 0, current: 0, updated: 0)
2025-01-29 14:00:17,587 INFO c.h.h.t.HelmChartContainer - [hivemq-test-hivemq-platform] [hivemq-platform-operator] [9cbe71e6] 14:00:17.586 [ReconcilerExecutor-hivemq-controller-65] DEBUG c.h.p.o.HiveMQPlatformReconciler - [helmmqtt] StatefulSet Spec (replicas: 1, init containers: 1, containers: 1, volumes: 3)
2025-01-29 14:00:17,597 INFO c.h.h.t.HelmChartContainer - [hivemq-test-hivemq-platform] [hivemq-platform-operator] [9cbe71e6] 14:00:17.596 [ReconcilerExecutor-hivemq-controller-65] DEBUG c.h.p.o.h.HiveMQPlatformReconcilerErrorHandler - [helmmqtt] Pod 'test-hivemq-platform-0' phase Pending
2025-01-29 14:00:17,597 INFO c.h.h.t.HelmChartContainer - [hivemq-test-hivemq-platform] [hivemq-platform-operator] [9cbe71e6] 14:00:17.596 [ReconcilerExecutor-hivemq-controller-65] DEBUG c.h.p.o.h.HiveMQPlatformReconcilerErrorHandler - [helmmqtt] Pod 'test-hivemq-platform-0' condition 'PodScheduled': True
2025-01-29 14:00:17,686 INFO c.h.h.t.HelmChartContainer - [hivemq-test-hivemq-platform] [hivemq-platform-operator] [9cbe71e6] 14:00:17.684 [ReconcilerExecutor-hivemq-controller-65] INFO  c.h.p.o.h.HiveMQPlatformReconcilerBaseHandler - [helmmqtt] HiveMQ Platform is starting, 0 of 1 replicas are ready
2025-01-29 14:00:17,689 INFO c.h.h.t.HelmChartContainer - [hivemq-test-hivemq-platform] [hivemq-platform-operator] [9cbe71e6] 14:00:17.688 [pool-6-thread-22] DEBUG c.h.p.o.d.PlatformServiceResource - [helmmqtt] Desired Platform services (2 services)
2025-01-29 14:00:17,691 INFO c.h.h.t.HelmChartContainer - [hivemq-test-hivemq-platform] [hivemq-platform-operator] [9cbe71e6] 14:00:17.690 [pool-6-thread-23] DEBUG c.h.p.o.dependants.PodInfoConfigMap - [helmmqtt] Desired PodInfo ConfigMap (1 extensions) (1 enabled)
2025-01-29 14:00:17,691 INFO c.h.h.t.HelmChartContainer - [hivemq-test-hivemq-platform] [hivemq-platform-operator] [9cbe71e6] 14:00:17.690 [pool-6-thread-23] DEBUG c.h.p.o.dependants.PodInfoConfigMap - [helmmqtt] Desired PodInfo ConfigMap (metrics port: 9399) (metrics path: /)
2025-01-29 14:00:17,691 INFO c.h.h.t.HelmChartContainer - [hivemq-test-hivemq-platform] [hivemq-platform-operator] [9cbe71e6] 14:00:17.690 [pool-6-thread-23] DEBUG c.h.p.o.dependants.PodInfoConfigMap - [helmmqtt] Desired PodInfo ConfigMap (extension state hash: -1817474005)
2025-01-29 14:00:17,694 INFO c.h.h.t.HelmChartContainer - [hivemq-test-hivemq-platform] [hivemq-platform-operator] [9cbe71e6] 14:00:17.693 [pool-6-thread-27] DEBUG c.h.p.o.d.PodServiceAccountResource - [helmmqtt] Desired PodServiceAccountResource (serviceAccountName: hivemq-platform-pod-test-hivemq-platform)
2025-01-29 14:00:17,787 INFO c.h.h.t.HelmChartContainer - [hivemq-test-hivemq-platform] [hivemq-platform-operator] [9cbe71e6] 14:00:17.785 [pool-6-thread-30] DEBUG c.h.p.o.d.StatefulSetResource - [helmmqtt] Desired StatefulSet (1 replicas) for status STARTING (READY)
2025-01-29 14:00:17,793 INFO c.h.h.t.HelmChartContainer - [hivemq-test-hivemq-platform] [hivemq-platform-operator] [9cbe71e6] 14:00:17.792 [ReconcilerExecutor-hivemq-controller-76] INFO  c.h.p.o.HiveMQPlatformReconciler - [helmmqtt] Reconciling HiveMQ Platform 'test-hivemq-platform' in namespace 'helmmqttit'
2025-01-29 14:00:17,793 INFO c.h.h.t.HelmChartContainer - [hivemq-test-hivemq-platform] [hivemq-platform-operator] [9cbe71e6] 14:00:17.792 [ReconcilerExecutor-hivemq-controller-76] DEBUG c.h.p.o.HiveMQPlatformReconciler - [helmmqtt] Custom Resource Status STARTING - HiveMQ Platform is starting (READY)
2025-01-29 14:00:17,793 INFO c.h.h.t.HelmChartContainer - [hivemq-test-hivemq-platform] [hivemq-platform-operator] [9cbe71e6] 14:00:17.792 [ReconcilerExecutor-hivemq-controller-76] DEBUG c.h.p.o.HiveMQPlatformReconciler - [helmmqtt] Custom Resource Spec (replicas: 1) (extensions: 1)
2025-01-29 14:00:17,796 INFO c.h.h.t.HelmChartContainer - [hivemq-test-hivemq-platform] [hivemq-platform-operator] [9cbe71e6] 14:00:17.795 [ReconcilerExecutor-hivemq-controller-76] DEBUG c.h.p.o.HiveMQPlatformReconciler - [helmmqtt] StatefulSet Status (revision: test-hivemq-platform-7bbc5894fb, replicas: 1, available: 0, ready: 0, current: 1, updated: 1)
2025-01-29 14:00:17,796 INFO c.h.h.t.HelmChartContainer - [hivemq-test-hivemq-platform] [hivemq-platform-operator] [9cbe71e6] 14:00:17.795 [ReconcilerExecutor-hivemq-controller-76] DEBUG c.h.p.o.HiveMQPlatformReconciler - [helmmqtt] StatefulSet Spec (replicas: 1, init containers: 1, containers: 1, volumes: 3)
2025-01-29 14:00:17,887 INFO c.h.h.t.HelmChartContainer - [hivemq-test-hivemq-platform] [hivemq-platform-operator] [9cbe71e6] 14:00:17.884 [ReconcilerExecutor-hivemq-controller-76] DEBUG c.h.p.o.h.HiveMQPlatformReconcilerErrorHandler - [helmmqtt] Pod 'test-hivemq-platform-0' phase Pending
2025-01-29 14:00:17,887 INFO c.h.h.t.HelmChartContainer - [hivemq-test-hivemq-platform] [hivemq-platform-operator] [9cbe71e6] 14:00:17.885 [ReconcilerExecutor-hivemq-controller-76] DEBUG c.h.p.o.h.HiveMQPlatformReconcilerErrorHandler - [helmmqtt] Pod 'test-hivemq-platform-0' condition 'PodReadyToStartContainers': False
2025-01-29 14:00:17,887 INFO c.h.h.t.HelmChartContainer - [hivemq-test-hivemq-platform] [hivemq-platform-operator] [9cbe71e6] 14:00:17.885 [ReconcilerExecutor-hivemq-controller-76] DEBUG c.h.p.o.h.HiveMQPlatformReconcilerErrorHandler - [helmmqtt] Pod 'test-hivemq-platform-0' condition 'Initialized': False
2025-01-29 14:00:17,887 INFO c.h.h.t.HelmChartContainer - [hivemq-test-hivemq-platform] [hivemq-platform-operator] [9cbe71e6] 14:00:17.885 [ReconcilerExecutor-hivemq-controller-76] DEBUG c.h.p.o.h.HiveMQPlatformReconcilerErrorHandler - [helmmqtt] Pod 'test-hivemq-platform-0' condition 'Ready': False
2025-01-29 14:00:17,888 INFO c.h.h.t.HelmChartContainer - [hivemq-test-hivemq-platform] [hivemq-platform-operator] [9cbe71e6] 14:00:17.886 [ReconcilerExecutor-hivemq-controller-76] DEBUG c.h.p.o.h.HiveMQPlatformReconcilerErrorHandler - [helmmqtt] Pod 'test-hivemq-platform-0' condition 'ContainersReady': False
2025-01-29 14:00:17,888 INFO c.h.h.t.HelmChartContainer - [hivemq-test-hivemq-platform] [hivemq-platform-operator] [9cbe71e6] 14:00:17.886 [ReconcilerExecutor-hivemq-controller-76] DEBUG c.h.p.o.h.HiveMQPlatformReconcilerErrorHandler - [helmmqtt] Pod 'test-hivemq-platform-0' condition 'PodScheduled': True
2025-01-29 14:00:17,888 INFO c.h.h.t.HelmChartContainer - [hivemq-test-hivemq-platform] [hivemq-platform-operator] [9cbe71e6] 14:00:17.886 [ReconcilerExecutor-hivemq-controller-76] DEBUG c.h.p.o.h.HiveMQPlatformReconcilerErrorHandler - [helmmqtt] Pod 'test-hivemq-platform-0' containerStatus 'hivemq' (started: false) (ready: false) (waiting: [PodInitializing] null)
2025-01-29 14:00:17,893 INFO c.h.h.t.HelmChartContainer - [hivemq-test-hivemq-platform] [hivemq-platform-operator] [9cbe71e6] 14:00:17.892 [ReconcilerExecutor-hivemq-controller-76] INFO  c.h.p.o.h.HiveMQPlatformReconcilerBaseHandler - [helmmqtt] HiveMQ Platform is starting, 0 of 1 replicas are ready
2025-01-29 14:00:17,905 INFO c.h.h.t.HelmChartContainer - [EVENT] Normal [Pulled] Container image "docker.io/hivemq/hivemq-platform-operator-init-test:snapshot" already present on machine [helmmqttit:test-hivemq-platform-0]
2025-01-29 14:00:18,016 INFO c.h.h.t.HelmChartContainer - [EVENT] Normal [Created] Created container: hivemq-platform-operator-init [helmmqttit:test-hivemq-platform-0]
2025-01-29 14:00:18,055 INFO c.h.h.t.HelmChartContainer - [EVENT] Normal [Started] Started container hivemq-platform-operator-init [helmmqttit:test-hivemq-platform-0]
2025-01-29 14:00:18,872 INFO c.h.h.t.HelmChartContainer - [POD] test-hivemq-platform-0 [3ffe8a9e-a438-4fdb-8747-a370fe1d57e6] in helmmqttit was MODIFIED
2025-01-29 14:00:18,888 INFO c.h.h.t.HelmChartContainer - [hivemq-test-hivemq-platform] [hivemq-platform-operator] [9cbe71e6] 14:00:18.885 [pool-6-thread-32] DEBUG c.h.p.o.d.PlatformServiceResource - [helmmqtt] Desired Platform services (2 services)
2025-01-29 14:00:18,894 INFO c.h.h.t.HelmChartContainer - [hivemq-test-hivemq-platform] [hivemq-platform-operator] [9cbe71e6] 14:00:18.887 [pool-6-thread-33] DEBUG c.h.p.o.dependants.PodInfoConfigMap - [helmmqtt] Desired PodInfo ConfigMap (1 extensions) (1 enabled)
2025-01-29 14:00:18,894 INFO c.h.h.t.HelmChartContainer - [hivemq-test-hivemq-platform] [hivemq-platform-operator] [9cbe71e6] 14:00:18.888 [pool-6-thread-33] DEBUG c.h.p.o.dependants.PodInfoConfigMap - [helmmqtt] Desired PodInfo ConfigMap (metrics port: 9399) (metrics path: /)
2025-01-29 14:00:18,894 INFO c.h.h.t.HelmChartContainer - [hivemq-test-hivemq-platform] [hivemq-platform-operator] [9cbe71e6] 14:00:18.889 [pool-6-thread-33] DEBUG c.h.p.o.dependants.PodInfoConfigMap - [helmmqtt] Desired PodInfo ConfigMap (extension state hash: -1817474005)
2025-01-29 14:00:18,897 INFO c.h.h.t.HelmChartContainer - [hivemq-test-hivemq-platform] [hivemq-platform-operator] [9cbe71e6] 14:00:18.893 [pool-6-thread-37] DEBUG c.h.p.o.d.PodServiceAccountResource - [helmmqtt] Desired PodServiceAccountResource (serviceAccountName: hivemq-platform-pod-test-hivemq-platform)
2025-01-29 14:00:18,954 INFO c.h.h.t.HelmChartContainer - [hivemq-test-hivemq-platform] [hivemq-platform-operator] [9cbe71e6] 14:00:18.952 [pool-6-thread-39] DEBUG c.h.p.o.d.StatefulSetResource - [helmmqtt] Desired StatefulSet (1 replicas) for status STARTING (READY)
2025-01-29 14:00:18,982 INFO c.h.h.t.HelmChartContainer - [hivemq-test-hivemq-platform] [hivemq-platform-operator] [9cbe71e6] 14:00:18.981 [ReconcilerExecutor-hivemq-controller-87] INFO  c.h.p.o.HiveMQPlatformReconciler - [helmmqtt] Reconciling HiveMQ Platform 'test-hivemq-platform' in namespace 'helmmqttit'
2025-01-29 14:00:18,982 INFO c.h.h.t.HelmChartContainer - [hivemq-test-hivemq-platform] [hivemq-platform-operator] [9cbe71e6] 14:00:18.981 [ReconcilerExecutor-hivemq-controller-87] DEBUG c.h.p.o.HiveMQPlatformReconciler - [helmmqtt] Custom Resource Status STARTING - HiveMQ Platform is starting (READY)
2025-01-29 14:00:18,982 INFO c.h.h.t.HelmChartContainer - [hivemq-test-hivemq-platform] [hivemq-platform-operator] [9cbe71e6] 14:00:18.981 [ReconcilerExecutor-hivemq-controller-87] DEBUG c.h.p.o.HiveMQPlatformReconciler - [helmmqtt] Custom Resource Spec (replicas: 1) (extensions: 1)
2025-01-29 14:00:18,985 INFO c.h.h.t.HelmChartContainer - [hivemq-test-hivemq-platform] [hivemq-platform-operator] [9cbe71e6] 14:00:18.984 [ReconcilerExecutor-hivemq-controller-87] DEBUG c.h.p.o.HiveMQPlatformReconciler - [helmmqtt] StatefulSet Status (revision: test-hivemq-platform-7bbc5894fb, replicas: 1, available: 0, ready: 0, current: 1, updated: 1)
2025-01-29 14:00:18,986 INFO c.h.h.t.HelmChartContainer - [hivemq-test-hivemq-platform] [hivemq-platform-operator] [9cbe71e6] 14:00:18.984 [ReconcilerExecutor-hivemq-controller-87] DEBUG c.h.p.o.HiveMQPlatformReconciler - [helmmqtt] StatefulSet Spec (replicas: 1, init containers: 1, containers: 1, volumes: 3)
2025-01-29 14:00:18,988 INFO c.h.h.t.HelmChartContainer - [hivemq-test-hivemq-platform] [hivemq-platform-operator] [9cbe71e6] 14:00:18.987 [ReconcilerExecutor-hivemq-controller-87] DEBUG c.h.p.o.h.HiveMQPlatformReconcilerErrorHandler - [helmmqtt] Pod 'test-hivemq-platform-0' phase Pending
2025-01-29 14:00:18,989 INFO c.h.h.t.HelmChartContainer - [hivemq-test-hivemq-platform] [hivemq-platform-operator] [9cbe71e6] 14:00:18.988 [ReconcilerExecutor-hivemq-controller-87] DEBUG c.h.p.o.h.HiveMQPlatformReconcilerErrorHandler - [helmmqtt] Pod 'test-hivemq-platform-0' condition 'PodReadyToStartContainers': True
2025-01-29 14:00:18,989 INFO c.h.h.t.HelmChartContainer - [hivemq-test-hivemq-platform] [hivemq-platform-operator] [9cbe71e6] 14:00:18.988 [ReconcilerExecutor-hivemq-controller-87] DEBUG c.h.p.o.h.HiveMQPlatformReconcilerErrorHandler - [helmmqtt] Pod 'test-hivemq-platform-0' condition 'Initialized': False
2025-01-29 14:00:18,989 INFO c.h.h.t.HelmChartContainer - [hivemq-test-hivemq-platform] [hivemq-platform-operator] [9cbe71e6] 14:00:18.988 [ReconcilerExecutor-hivemq-controller-87] DEBUG c.h.p.o.h.HiveMQPlatformReconcilerErrorHandler - [helmmqtt] Pod 'test-hivemq-platform-0' condition 'Ready': False
2025-01-29 14:00:18,989 INFO c.h.h.t.HelmChartContainer - [hivemq-test-hivemq-platform] [hivemq-platform-operator] [9cbe71e6] 14:00:18.988 [ReconcilerExecutor-hivemq-controller-87] DEBUG c.h.p.o.h.HiveMQPlatformReconcilerErrorHandler - [helmmqtt] Pod 'test-hivemq-platform-0' condition 'ContainersReady': False
2025-01-29 14:00:18,989 INFO c.h.h.t.HelmChartContainer - [hivemq-test-hivemq-platform] [hivemq-platform-operator] [9cbe71e6] 14:00:18.988 [ReconcilerExecutor-hivemq-controller-87] DEBUG c.h.p.o.h.HiveMQPlatformReconcilerErrorHandler - [helmmqtt] Pod 'test-hivemq-platform-0' condition 'PodScheduled': True
2025-01-29 14:00:18,989 INFO c.h.h.t.HelmChartContainer - [hivemq-test-hivemq-platform] [hivemq-platform-operator] [9cbe71e6] 14:00:18.988 [ReconcilerExecutor-hivemq-controller-87] DEBUG c.h.p.o.h.HiveMQPlatformReconcilerErrorHandler - [helmmqtt] Pod 'test-hivemq-platform-0' containerStatus 'hivemq' (started: false) (ready: false) (waiting: [PodInitializing] null)
2025-01-29 14:00:18,990 INFO c.h.h.t.HelmChartContainer - [hivemq-test-hivemq-platform] [hivemq-platform-operator] [9cbe71e6] 14:00:18.989 [ReconcilerExecutor-hivemq-controller-87] INFO  c.h.p.o.h.HiveMQPlatformReconcilerBaseHandler - [helmmqtt] HiveMQ Platform is starting, 0 of 1 replicas are ready
2025-01-29 14:00:19,790 INFO c.h.h.t.HelmChartContainer - [EVENT] Normal [Pulled] Container image "docker.io/hivemq/hivemq4:4.36.0" already present on machine [helmmqttit:test-hivemq-platform-0]
2025-01-29 14:00:19,791 INFO c.h.h.t.HelmChartContainer - Received Pulled event for container hivemq in pod test-hivemq-platform-0 [3ffe8a9e-a438-4fdb-8747-a370fe1d57e6]
2025-01-29 14:00:19,797 INFO c.h.h.t.HelmChartContainer - [POD] test-hivemq-platform-0 [3ffe8a9e-a438-4fdb-8747-a370fe1d57e6] in helmmqttit was MODIFIED
2025-01-29 14:00:19,808 INFO c.h.h.t.HelmChartContainer - [hivemq-test-hivemq-platform] [hivemq-platform-operator] [9cbe71e6] 14:00:19.803 [pool-6-thread-42] DEBUG c.h.p.o.d.PlatformServiceResource - [helmmqtt] Desired Platform services (2 services)
2025-01-29 14:00:19,808 INFO c.h.h.t.HelmChartContainer - [hivemq-test-hivemq-platform] [hivemq-platform-operator] [9cbe71e6] 14:00:19.804 [pool-6-thread-43] DEBUG c.h.p.o.dependants.PodInfoConfigMap - [helmmqtt] Desired PodInfo ConfigMap (1 extensions) (1 enabled)
2025-01-29 14:00:19,808 INFO c.h.h.t.HelmChartContainer - [hivemq-test-hivemq-platform] [hivemq-platform-operator] [9cbe71e6] 14:00:19.804 [pool-6-thread-43] DEBUG c.h.p.o.dependants.PodInfoConfigMap - [helmmqtt] Desired PodInfo ConfigMap (metrics port: 9399) (metrics path: /)
2025-01-29 14:00:19,808 INFO c.h.h.t.HelmChartContainer - [hivemq-test-hivemq-platform] [hivemq-platform-operator] [9cbe71e6] 14:00:19.804 [pool-6-thread-43] DEBUG c.h.p.o.dependants.PodInfoConfigMap - [helmmqtt] Desired PodInfo ConfigMap (extension state hash: -1817474005)
2025-01-29 14:00:19,811 INFO c.h.h.t.HelmChartContainer - [hivemq-test-hivemq-platform] [hivemq-platform-operator] [9cbe71e6] 14:00:19.808 [pool-6-thread-47] DEBUG c.h.p.o.d.PodServiceAccountResource - [helmmqtt] Desired PodServiceAccountResource (serviceAccountName: hivemq-platform-pod-test-hivemq-platform)
2025-01-29 14:00:19,815 INFO c.h.h.t.HelmChartContainer - [hivemq-test-hivemq-platform] [hivemq-platform-operator] [9cbe71e6] 14:00:19.814 [pool-6-thread-49] DEBUG c.h.p.o.d.StatefulSetResource - [helmmqtt] Desired StatefulSet (1 replicas) for status STARTING (READY)
2025-01-29 14:00:19,887 INFO c.h.h.t.HelmChartContainer - [hivemq-test-hivemq-platform] [hivemq-platform-operator] [9cbe71e6] 14:00:19.881 [ReconcilerExecutor-hivemq-controller-98] INFO  c.h.p.o.HiveMQPlatformReconciler - [helmmqtt] Reconciling HiveMQ Platform 'test-hivemq-platform' in namespace 'helmmqttit'
2025-01-29 14:00:19,887 INFO c.h.h.t.HelmChartContainer - [hivemq-test-hivemq-platform] [hivemq-platform-operator] [9cbe71e6] 14:00:19.881 [ReconcilerExecutor-hivemq-controller-98] DEBUG c.h.p.o.HiveMQPlatformReconciler - [helmmqtt] Custom Resource Status STARTING - HiveMQ Platform is starting (READY)
2025-01-29 14:00:19,887 INFO c.h.h.t.HelmChartContainer - [hivemq-test-hivemq-platform] [hivemq-platform-operator] [9cbe71e6] 14:00:19.881 [ReconcilerExecutor-hivemq-controller-98] DEBUG c.h.p.o.HiveMQPlatformReconciler - [helmmqtt] Custom Resource Spec (replicas: 1) (extensions: 1)
2025-01-29 14:00:19,889 INFO c.h.h.t.HelmChartContainer - [hivemq-test-hivemq-platform] [hivemq-platform-operator] [9cbe71e6] 14:00:19.885 [ReconcilerExecutor-hivemq-controller-98] DEBUG c.h.p.o.HiveMQPlatformReconciler - [helmmqtt] StatefulSet Status (revision: test-hivemq-platform-7bbc5894fb, replicas: 1, available: 0, ready: 0, current: 1, updated: 1)
2025-01-29 14:00:19,890 INFO c.h.h.t.HelmChartContainer - [hivemq-test-hivemq-platform] [hivemq-platform-operator] [9cbe71e6] 14:00:19.885 [ReconcilerExecutor-hivemq-controller-98] DEBUG c.h.p.o.HiveMQPlatformReconciler - [helmmqtt] StatefulSet Spec (replicas: 1, init containers: 1, containers: 1, volumes: 3)
2025-01-29 14:00:19,890 INFO c.h.h.t.HelmChartContainer - [hivemq-test-hivemq-platform] [hivemq-platform-operator] [9cbe71e6] 14:00:19.888 [ReconcilerExecutor-hivemq-controller-98] DEBUG c.h.p.o.h.HiveMQPlatformReconcilerErrorHandler - [helmmqtt] Pod 'test-hivemq-platform-0' phase Pending
2025-01-29 14:00:19,890 INFO c.h.h.t.HelmChartContainer - [hivemq-test-hivemq-platform] [hivemq-platform-operator] [9cbe71e6] 14:00:19.888 [ReconcilerExecutor-hivemq-controller-98] DEBUG c.h.p.o.h.HiveMQPlatformReconcilerErrorHandler - [helmmqtt] Pod 'test-hivemq-platform-0' condition 'PodReadyToStartContainers': True
2025-01-29 14:00:19,891 INFO c.h.h.t.HelmChartContainer - [hivemq-test-hivemq-platform] [hivemq-platform-operator] [9cbe71e6] 14:00:19.889 [ReconcilerExecutor-hivemq-controller-98] DEBUG c.h.p.o.h.HiveMQPlatformReconcilerErrorHandler - [helmmqtt] Pod 'test-hivemq-platform-0' condition 'Initialized': True
2025-01-29 14:00:19,892 INFO c.h.h.t.HelmChartContainer - [hivemq-test-hivemq-platform] [hivemq-platform-operator] [9cbe71e6] 14:00:19.889 [ReconcilerExecutor-hivemq-controller-98] DEBUG c.h.p.o.h.HiveMQPlatformReconcilerErrorHandler - [helmmqtt] Pod 'test-hivemq-platform-0' condition 'Ready': False
2025-01-29 14:00:19,892 INFO c.h.h.t.HelmChartContainer - [hivemq-test-hivemq-platform] [hivemq-platform-operator] [9cbe71e6] 14:00:19.889 [ReconcilerExecutor-hivemq-controller-98] DEBUG c.h.p.o.h.HiveMQPlatformReconcilerErrorHandler - [helmmqtt] Pod 'test-hivemq-platform-0' condition 'ContainersReady': False
2025-01-29 14:00:19,892 INFO c.h.h.t.HelmChartContainer - [hivemq-test-hivemq-platform] [hivemq-platform-operator] [9cbe71e6] 14:00:19.889 [ReconcilerExecutor-hivemq-controller-98] DEBUG c.h.p.o.h.HiveMQPlatformReconcilerErrorHandler - [helmmqtt] Pod 'test-hivemq-platform-0' condition 'PodScheduled': True
2025-01-29 14:00:19,893 INFO c.h.h.t.HelmChartContainer - [hivemq-test-hivemq-platform] [hivemq-platform-operator] [9cbe71e6] 14:00:19.889 [ReconcilerExecutor-hivemq-controller-98] DEBUG c.h.p.o.h.HiveMQPlatformReconcilerErrorHandler - [helmmqtt] Pod 'test-hivemq-platform-0' containerStatus 'hivemq' (started: false) (ready: false) (waiting: [PodInitializing] null)
2025-01-29 14:00:19,893 INFO c.h.h.t.HelmChartContainer - [hivemq-test-hivemq-platform] [hivemq-platform-operator] [9cbe71e6] 14:00:19.891 [ReconcilerExecutor-hivemq-controller-98] INFO  c.h.p.o.h.HiveMQPlatformReconcilerBaseHandler - [helmmqtt] HiveMQ Platform is starting, 0 of 1 replicas are ready
2025-01-29 14:00:20,850 INFO c.h.h.t.HelmChartContainer - [EVENT] Normal [Created] Created container: hivemq [helmmqttit:test-hivemq-platform-0]
2025-01-29 14:00:20,850 INFO c.h.h.t.HelmChartContainer - Received Created event for container hivemq in pod test-hivemq-platform-0 [3ffe8a9e-a438-4fdb-8747-a370fe1d57e6]
2025-01-29 14:00:21,825 INFO c.h.h.t.HelmChartContainer - [hivemq-test-hivemq-platform] [hivemq-platform-operator] [9cbe71e6] 14:00:21.819 [pool-6-thread-8] DEBUG c.h.p.o.d.PlatformServiceResource - [helmmqtt] Desired Platform services (2 services)
2025-01-29 14:00:21,825 INFO c.h.h.t.HelmChartContainer - [hivemq-test-hivemq-platform] [hivemq-platform-operator] [9cbe71e6] 14:00:21.820 [pool-6-thread-3] DEBUG c.h.p.o.dependants.PodInfoConfigMap - [helmmqtt] Desired PodInfo ConfigMap (1 extensions) (1 enabled)
2025-01-29 14:00:21,825 INFO c.h.h.t.HelmChartContainer - [hivemq-test-hivemq-platform] [hivemq-platform-operator] [9cbe71e6] 14:00:21.820 [pool-6-thread-3] DEBUG c.h.p.o.dependants.PodInfoConfigMap - [helmmqtt] Desired PodInfo ConfigMap (metrics port: 9399) (metrics path: /)
2025-01-29 14:00:21,825 INFO c.h.h.t.HelmChartContainer - [hivemq-test-hivemq-platform] [hivemq-platform-operator] [9cbe71e6] 14:00:21.820 [pool-6-thread-3] DEBUG c.h.p.o.dependants.PodInfoConfigMap - [helmmqtt] Desired PodInfo ConfigMap (extension state hash: -1817474005)
2025-01-29 14:00:21,825 INFO c.h.h.t.HelmChartContainer - [hivemq-test-hivemq-platform] [hivemq-platform-operator] [9cbe71e6] 14:00:21.821 [pool-6-thread-9] DEBUG c.h.p.o.d.PodServiceAccountResource - [helmmqtt] Desired PodServiceAccountResource (serviceAccountName: hivemq-platform-pod-test-hivemq-platform)
2025-01-29 14:00:21,827 INFO c.h.h.t.HelmChartContainer - [POD] test-hivemq-platform-0 [3ffe8a9e-a438-4fdb-8747-a370fe1d57e6] in helmmqttit was MODIFIED
2025-01-29 14:00:21,832 INFO c.h.h.t.HelmChartContainer - [EVENT] Normal [Started] Started container hivemq [helmmqttit:test-hivemq-platform-0]
2025-01-29 14:00:21,832 INFO c.h.h.t.HelmChartContainer - Received Started event for container hivemq in pod test-hivemq-platform-0 [3ffe8a9e-a438-4fdb-8747-a370fe1d57e6]
2025-01-29 14:00:21,832 INFO c.h.h.t.HelmChartContainer - Started log watcher for hivemq in pod test-hivemq-platform-0 [3ffe8a9e-a438-4fdb-8747-a370fe1d57e6]
2025-01-29 14:00:21,832 INFO c.h.h.t.HelmChartContainer - [test-hivemq-platform] [hivemq] [3ffe8a9e] Adding pre-installed HiveMQ Platform Operator extensions
2025-01-29 14:00:21,833 INFO c.h.h.t.HelmChartContainer - [test-hivemq-platform] [hivemq] [3ffe8a9e] Running as user 10000
2025-01-29 14:00:21,833 INFO c.h.h.t.HelmChartContainer - [test-hivemq-platform] [hivemq] [3ffe8a9e] Starting HiveMQ Platform Operator Init
2025-01-29 14:00:21,838 INFO c.h.h.t.HelmChartContainer - [hivemq-test-hivemq-platform] [hivemq-platform-operator] [9cbe71e6] 14:00:21.837 [pool-6-thread-8] DEBUG c.h.p.o.d.StatefulSetResource - [helmmqtt] Desired StatefulSet (1 replicas) for status STARTING (READY)
2025-01-29 14:00:21,888 INFO c.h.h.t.HelmChartContainer - [hivemq-test-hivemq-platform] [hivemq-platform-operator] [9cbe71e6] 14:00:21.886 [ReconcilerExecutor-hivemq-controller-109] INFO  c.h.p.o.HiveMQPlatformReconciler - [helmmqtt] Reconciling HiveMQ Platform 'test-hivemq-platform' in namespace 'helmmqttit'
2025-01-29 14:00:21,888 INFO c.h.h.t.HelmChartContainer - [hivemq-test-hivemq-platform] [hivemq-platform-operator] [9cbe71e6] 14:00:21.886 [ReconcilerExecutor-hivemq-controller-109] DEBUG c.h.p.o.HiveMQPlatformReconciler - [helmmqtt] Custom Resource Status STARTING - HiveMQ Platform is starting (READY)
2025-01-29 14:00:21,888 INFO c.h.h.t.HelmChartContainer - [hivemq-test-hivemq-platform] [hivemq-platform-operator] [9cbe71e6] 14:00:21.886 [ReconcilerExecutor-hivemq-controller-109] DEBUG c.h.p.o.HiveMQPlatformReconciler - [helmmqtt] Custom Resource Spec (replicas: 1) (extensions: 1)
2025-01-29 14:00:21,890 INFO c.h.h.t.HelmChartContainer - [hivemq-test-hivemq-platform] [hivemq-platform-operator] [9cbe71e6] 14:00:21.890 [ReconcilerExecutor-hivemq-controller-109] DEBUG c.h.p.o.HiveMQPlatformReconciler - [helmmqtt] StatefulSet Status (revision: test-hivemq-platform-7bbc5894fb, replicas: 1, available: 0, ready: 0, current: 1, updated: 1)
2025-01-29 14:00:21,891 INFO c.h.h.t.HelmChartContainer - [hivemq-test-hivemq-platform] [hivemq-platform-operator] [9cbe71e6] 14:00:21.890 [ReconcilerExecutor-hivemq-controller-109] DEBUG c.h.p.o.HiveMQPlatformReconciler - [helmmqtt] StatefulSet Spec (replicas: 1, init containers: 1, containers: 1, volumes: 3)
2025-01-29 14:00:21,894 INFO c.h.h.t.HelmChartContainer - [hivemq-test-hivemq-platform] [hivemq-platform-operator] [9cbe71e6] 14:00:21.891 [ReconcilerExecutor-hivemq-controller-109] DEBUG c.h.p.o.h.HiveMQPlatformReconcilerErrorHandler - [helmmqtt] Pod 'test-hivemq-platform-0' phase Running
2025-01-29 14:00:21,894 INFO c.h.h.t.HelmChartContainer - [hivemq-test-hivemq-platform] [hivemq-platform-operator] [9cbe71e6] 14:00:21.893 [ReconcilerExecutor-hivemq-controller-109] INFO  c.h.p.o.h.HiveMQPlatformReconcilerBaseHandler - [helmmqtt] HiveMQ Platform is starting, 0 of 1 replicas are ready
2025-01-29 14:00:22,139 INFO c.h.h.t.HelmChartContainer - [test-hivemq-platform] [hivemq] [3ffe8a9e] INFO  - [HiveMQ Platform Operator Init 1.7.0-SNAPSHOT] HiveMQ Platform Operator Init 1.7.0-SNAPSHOT (commit: bebf408 on branch: HEAD) built on Sun Jan 26 20:47:47 UTC 2025
2025-01-29 14:00:23,319 INFO c.h.h.t.HelmChartContainer - [test-hivemq-platform] [hivemq] [3ffe8a9e] INFO  - [HiveMQ Platform Operator Init App 1.7.0-SNAPSHOT] Using bind address 10.42.0.13 from environment variable
2025-01-29 14:00:24,212 INFO c.h.h.t.HelmChartContainer - [test-hivemq-platform] [hivemq] [3ffe8a9e] INFO  - [HiveMQ Platform Operator Init App 1.7.0-SNAPSHOT] HiveMQ Platform Operator Init App 1.7.0-SNAPSHOT (commit: bebf408 on branch: HEAD) built on Sun Jan 26 20:47:47 UTC 2025
2025-01-29 14:00:24,212 INFO c.h.h.t.HelmChartContainer - [test-hivemq-platform] [hivemq] [3ffe8a9e] INFO  - [HiveMQ Platform Operator Init App 1.7.0-SNAPSHOT] PodInfo ConfigMap directory: /etc/podinfo
2025-01-29 14:00:24,212 INFO c.h.h.t.HelmChartContainer - [test-hivemq-platform] [hivemq] [3ffe8a9e] INFO  - [HiveMQ Platform Operator Init App 1.7.0-SNAPSHOT] HiveMQ home directory: /opt/hivemq
2025-01-29 14:00:24,212 INFO c.h.h.t.HelmChartContainer - [test-hivemq-platform] [hivemq] [3ffe8a9e] INFO  - [HiveMQ Platform Operator Init App 1.7.0-SNAPSHOT] HiveMQ Logback folder: /opt/hivemq/conf
2025-01-29 14:00:24,212 INFO c.h.h.t.HelmChartContainer - [test-hivemq-platform] [hivemq] [3ffe8a9e] INFO  - [HiveMQ Platform Operator Init App 1.7.0-SNAPSHOT] HiveMQ Config folder: /opt/hivemq/conf-k8s
2025-01-29 14:00:24,213 INFO c.h.h.t.HelmChartContainer - [test-hivemq-platform] [hivemq] [3ffe8a9e] INFO  - [HiveMQ Platform Operator Init App 1.7.0-SNAPSHOT] Starting HiveMQ Platform Operator Init App
2025-01-29 14:00:24,213 INFO c.h.h.t.HelmChartContainer - [test-hivemq-platform] [hivemq] [3ffe8a9e] INFO  - [HiveMQ Platform Operator Init App 1.7.0-SNAPSHOT] Starting Pod reconciler
2025-01-29 14:00:25,403 INFO c.h.h.t.HelmChartContainer - [test-hivemq-platform] [hivemq] [3ffe8a9e] INFO  - [HiveMQ Platform Operator Init App 1.7.0-SNAPSHOT] Pod reconciler is scheduled (interval: 5000 ms)
2025-01-29 14:00:25,405 INFO c.h.h.t.HelmChartContainer - [test-hivemq-platform] [hivemq] [3ffe8a9e] INFO  - [HiveMQ Platform Operator Init App 1.7.0-SNAPSHOT] Starting the REST API on 10.42.0.13:7979
2025-01-29 14:00:25,407 INFO c.h.h.t.HelmChartContainer - [test-hivemq-platform] [hivemq] [3ffe8a9e] INFO  - [HiveMQ Platform Operator Init App 1.7.0-SNAPSHOT] Waiting up to 600s for at most 1 HiveMQ nodes in cluster service hivemq-test-hivemq-platform-cluster.helmmqttit.svc
2025-01-29 14:00:25,740 INFO c.h.h.t.HelmChartContainer - [test-hivemq-platform] [hivemq] [3ffe8a9e] INFO  - [HiveMQ Platform Operator Init App 1.7.0-SNAPSHOT] Resolved 1 IP addresses: [10.42.0.13]
2025-01-29 14:00:25,741 INFO c.h.h.t.HelmChartContainer - [test-hivemq-platform] [hivemq] [3ffe8a9e] INFO  - [HiveMQ Platform Operator Init App 1.7.0-SNAPSHOT] HiveMQ node count of 1 is within threshold of 1
2025-01-29 14:00:25,741 INFO c.h.h.t.HelmChartContainer - [test-hivemq-platform] [hivemq] [3ffe8a9e] INFO  - [HiveMQ Platform Operator Init App 1.7.0-SNAPSHOT] Proceeding with container start
2025-01-29 14:00:25,813 INFO c.h.h.t.HelmChartContainer - [test-hivemq-platform] [hivemq] [3ffe8a9e] INFO  - [HiveMQ Platform Operator Init App 1.7.0-SNAPSHOT] Initializing HiveMQ Platform extensions with initial configuration: {hivemq-allow-all-extension={start-priority=-1, skip-https-hostname-verification=false, restart=true, config-version=0, header-version=0, c-uri=, priority=-1, uri=preinstalled, skip-https-certificate-validation=false, enabled=true}, hivemq-prometheus-extension={enabled=true, request-header-path=no-request-headers, uri=preinstalled, skip-https-certificate-validation=false, skip-https-hostname-verification=false, c-uri=, start-priority=-1, priority=-1, restart=true}}
2025-01-29 14:00:26,297 INFO c.h.h.t.HelmChartContainer - [test-hivemq-platform] [hivemq] [3ffe8a9e] INFO  - [HiveMQ Platform Operator Init App 1.7.0-SNAPSHOT] Extension hivemq-allow-all-extension was already enabled
2025-01-29 14:00:26,308 INFO c.h.h.t.HelmChartContainer - [test-hivemq-platform] [hivemq] [3ffe8a9e] INFO  - [HiveMQ Platform Operator Init App 1.7.0-SNAPSHOT] Successfully enabled extension hivemq-prometheus-extension
2025-01-29 14:00:26,341 INFO c.h.h.t.HelmChartContainer - [test-hivemq-platform] [hivemq] [3ffe8a9e] INFO  - [HiveMQ Platform Operator Init App 1.7.0-SNAPSHOT] Starting HiveMQ Platform version 4.36.0 (4.36.0)
2025-01-29 14:00:26,341 INFO c.h.h.t.HelmChartContainer - [test-hivemq-platform] [hivemq] [3ffe8a9e] INFO  - [HiveMQ Platform Operator Init App 1.7.0-SNAPSHOT] Configuring the HiveMQ Platform
2025-01-29 14:00:26,402 INFO c.h.h.t.HelmChartContainer - [test-hivemq-platform] [hivemq] [3ffe8a9e] INFO  - [HiveMQ Platform Operator Init App 1.7.0-SNAPSHOT] Changed logback.xml file scan period to 20 seconds
2025-01-29 14:00:26,501 INFO c.h.h.t.HelmChartContainer - [test-hivemq-platform] [hivemq] [3ffe8a9e] INFO  - [HiveMQ Platform Operator Init App 1.7.0-SNAPSHOT] Starting the HiveMQ Platform
2025-01-29 14:00:26,504 INFO c.h.h.t.HelmChartContainer - [test-hivemq-platform] [hivemq] [3ffe8a9e] -------------------------------------------------------------------------
2025-01-29 14:00:26,505 INFO c.h.h.t.HelmChartContainer - [test-hivemq-platform] [hivemq] [3ffe8a9e] 
2025-01-29 14:00:26,505 INFO c.h.h.t.HelmChartContainer - [test-hivemq-platform] [hivemq] [3ffe8a9e]                   _    _  _              __  __   ____
2025-01-29 14:00:26,505 INFO c.h.h.t.HelmChartContainer - [test-hivemq-platform] [hivemq] [3ffe8a9e]                  | |  | |(_)            |  \/  | / __ \
2025-01-29 14:00:26,505 INFO c.h.h.t.HelmChartContainer - [test-hivemq-platform] [hivemq] [3ffe8a9e]                  | |__| | _ __   __ ___ | \  / || |  | |
2025-01-29 14:00:26,505 INFO c.h.h.t.HelmChartContainer - [test-hivemq-platform] [hivemq] [3ffe8a9e]                  |  __  || |\ \ / // _ \| |\/| || |  | |
2025-01-29 14:00:26,505 INFO c.h.h.t.HelmChartContainer - [test-hivemq-platform] [hivemq] [3ffe8a9e]                  | |  | || | \ V /|  __/| |  | || |__| |
2025-01-29 14:00:26,505 INFO c.h.h.t.HelmChartContainer - [test-hivemq-platform] [hivemq] [3ffe8a9e]                  |_|  |_||_|  \_/  \___||_|  |_| \___\_\
2025-01-29 14:00:26,505 INFO c.h.h.t.HelmChartContainer - [test-hivemq-platform] [hivemq] [3ffe8a9e] 
2025-01-29 14:00:26,505 INFO c.h.h.t.HelmChartContainer - [test-hivemq-platform] [hivemq] [3ffe8a9e] -------------------------------------------------------------------------
2025-01-29 14:00:26,505 INFO c.h.h.t.HelmChartContainer - [test-hivemq-platform] [hivemq] [3ffe8a9e] 
2025-01-29 14:00:26,505 INFO c.h.h.t.HelmChartContainer - [test-hivemq-platform] [hivemq] [3ffe8a9e]   HiveMQ Start Script for Linux/Unix v1.14
2025-01-29 14:00:26,505 INFO c.h.h.t.HelmChartContainer - [test-hivemq-platform] [hivemq] [3ffe8a9e] 
2025-01-29 14:00:26,604 INFO c.h.h.t.HelmChartContainer - [test-hivemq-platform] [hivemq] [3ffe8a9e] -------------------------------------------------------------------------
2025-01-29 14:00:26,604 INFO c.h.h.t.HelmChartContainer - [test-hivemq-platform] [hivemq] [3ffe8a9e] 
2025-01-29 14:00:26,605 INFO c.h.h.t.HelmChartContainer - [test-hivemq-platform] [hivemq] [3ffe8a9e]   HIVEMQ_HOME: /opt/hivemq
2025-01-29 14:00:26,605 INFO c.h.h.t.HelmChartContainer - [test-hivemq-platform] [hivemq] [3ffe8a9e] 
2025-01-29 14:00:26,605 INFO c.h.h.t.HelmChartContainer - [test-hivemq-platform] [hivemq] [3ffe8a9e]   JAVA_OPTS: -XX:+UnlockExperimentalVMOptions -XX:InitialRAMPercentage=50 -XX:MaxRAMPercentage=50 -Djava.net.preferIPv4Stack=true --add-opens java.base/java.lang=ALL-UNNAMED --add-opens java.base/java.nio=ALL-UNNAMED --add-opens java.base/sun.nio.ch=ALL-UNNAMED --add-opens jdk.management/com.sun.management.internal=ALL-UNNAMED --add-exports java.base/jdk.internal.misc=ALL-UNNAMED -Djava.security.egd=file:/dev/./urandom -Dcom.sun.management.jmxremote -Dcom.sun.management.jmxremote.port=9010 -Dcom.sun.management.jmxremote.local.only=false -Dcom.sun.management.jmxremote.authenticate=false -Dcom.sun.management.jmxremote.ssl=false -Duser.language=en -Duser.region=US -XX:+CrashOnOutOfMemoryError -XX:+HeapDumpOnOutOfMemoryError
2025-01-29 14:00:26,605 INFO c.h.h.t.HelmChartContainer - [test-hivemq-platform] [hivemq] [3ffe8a9e] 
2025-01-29 14:00:26,605 INFO c.h.h.t.HelmChartContainer - [test-hivemq-platform] [hivemq] [3ffe8a9e]   JAVA_VERSION: 21
2025-01-29 14:00:26,605 INFO c.h.h.t.HelmChartContainer - [test-hivemq-platform] [hivemq] [3ffe8a9e] 
2025-01-29 14:00:26,605 INFO c.h.h.t.HelmChartContainer - [test-hivemq-platform] [hivemq] [3ffe8a9e] -------------------------------------------------------------------------
2025-01-29 14:00:26,605 INFO c.h.h.t.HelmChartContainer - [test-hivemq-platform] [hivemq] [3ffe8a9e] 
2025-01-29 14:00:27,803 INFO c.h.h.t.HelmChartContainer - [test-hivemq-platform] [hivemq] [3ffe8a9e] INFO  - [HiveMQ Platform Operator Init App 1.7.0-SNAPSHOT] Returning default Health API response 503 for readiness
2025-01-29 14:00:28,244 INFO c.h.h.t.HelmChartContainer - [EVENT] Warning [Unhealthy] Readiness probe failed: HTTP probe failed with statuscode: 503 [helmmqttit:test-hivemq-platform-0]
2025-01-29 14:00:28,244 INFO c.h.h.t.HelmChartContainer - Received Unhealthy event for container hivemq in pod test-hivemq-platform-0 [3ffe8a9e-a438-4fdb-8747-a370fe1d57e6]
2025-01-29 14:00:29,241 INFO c.h.h.t.HelmChartContainer - [test-hivemq-platform] [hivemq] [3ffe8a9e] INFO  - Starting HiveMQ Enterprise Server
2025-01-29 14:00:29,293 INFO c.h.h.t.HelmChartContainer - [test-hivemq-platform] [hivemq] [3ffe8a9e] INFO  - HiveMQ version: 4.36.0
2025-01-29 14:00:29,294 INFO c.h.h.t.HelmChartContainer - [test-hivemq-platform] [hivemq] [3ffe8a9e] INFO  - HiveMQ home directory: /opt/hivemq
2025-01-29 14:00:29,294 INFO c.h.h.t.HelmChartContainer - [test-hivemq-platform] [hivemq] [3ffe8a9e] INFO  - Log Configuration was overridden by /opt/hivemq/conf/logback.xml
2025-01-29 14:00:30,542 INFO c.h.h.t.HelmChartContainer - [test-hivemq-platform] [hivemq] [3ffe8a9e] INFO  - Successfully loaded configuration from '/opt/hivemq/conf-k8s/config.xml'.
2025-01-29 14:00:31,300 INFO c.h.h.t.HelmChartContainer - [test-hivemq-platform] [hivemq] [3ffe8a9e] INFO  - This node's ID is 0Dkh2
2025-01-29 14:00:31,300 INFO c.h.h.t.HelmChartContainer - [test-hivemq-platform] [hivemq] [3ffe8a9e] INFO  - Clustering is enabled
2025-01-29 14:00:31,902 INFO c.h.h.t.HelmChartContainer - [hivemq-test-hivemq-platform] [hivemq-platform-operator] [9cbe71e6] 14:00:31.900 [pool-6-thread-17] DEBUG c.h.p.o.d.PlatformServiceResource - [helmmqtt] Desired Platform services (2 services)
2025-01-29 14:00:31,906 INFO c.h.h.t.HelmChartContainer - [hivemq-test-hivemq-platform] [hivemq-platform-operator] [9cbe71e6] 14:00:31.902 [pool-6-thread-19] DEBUG c.h.p.o.d.PodServiceAccountResource - [helmmqtt] Desired PodServiceAccountResource (serviceAccountName: hivemq-platform-pod-test-hivemq-platform)
2025-01-29 14:00:31,909 INFO c.h.h.t.HelmChartContainer - [hivemq-test-hivemq-platform] [hivemq-platform-operator] [9cbe71e6] 14:00:31.906 [pool-6-thread-16] DEBUG c.h.p.o.dependants.PodInfoConfigMap - [helmmqtt] Desired PodInfo ConfigMap (1 extensions) (1 enabled)
2025-01-29 14:00:31,909 INFO c.h.h.t.HelmChartContainer - [hivemq-test-hivemq-platform] [hivemq-platform-operator] [9cbe71e6] 14:00:31.906 [pool-6-thread-16] DEBUG c.h.p.o.dependants.PodInfoConfigMap - [helmmqtt] Desired PodInfo ConfigMap (metrics port: 9399) (metrics path: /)
2025-01-29 14:00:31,909 INFO c.h.h.t.HelmChartContainer - [hivemq-test-hivemq-platform] [hivemq-platform-operator] [9cbe71e6] 14:00:31.906 [pool-6-thread-16] DEBUG c.h.p.o.dependants.PodInfoConfigMap - [helmmqtt] Desired PodInfo ConfigMap (extension state hash: -1817474005)
2025-01-29 14:00:31,910 INFO c.h.h.t.HelmChartContainer - [hivemq-test-hivemq-platform] [hivemq-platform-operator] [9cbe71e6] 14:00:31.909 [pool-6-thread-16] DEBUG c.h.p.o.d.StatefulSetResource - [helmmqtt] Desired StatefulSet (1 replicas) for status STARTING (READY)
2025-01-29 14:00:31,917 INFO c.h.h.t.HelmChartContainer - [hivemq-test-hivemq-platform] [hivemq-platform-operator] [9cbe71e6] 14:00:31.913 [ReconcilerExecutor-hivemq-controller-110] INFO  c.h.p.o.HiveMQPlatformReconciler - [helmmqtt] Reconciling HiveMQ Platform 'test-hivemq-platform' in namespace 'helmmqttit'
2025-01-29 14:00:31,917 INFO c.h.h.t.HelmChartContainer - [hivemq-test-hivemq-platform] [hivemq-platform-operator] [9cbe71e6] 14:00:31.913 [ReconcilerExecutor-hivemq-controller-110] DEBUG c.h.p.o.HiveMQPlatformReconciler - [helmmqtt] Custom Resource Status STARTING - HiveMQ Platform is starting (READY)
2025-01-29 14:00:31,917 INFO c.h.h.t.HelmChartContainer - [hivemq-test-hivemq-platform] [hivemq-platform-operator] [9cbe71e6] 14:00:31.914 [ReconcilerExecutor-hivemq-controller-110] DEBUG c.h.p.o.HiveMQPlatformReconciler - [helmmqtt] Custom Resource Spec (replicas: 1) (extensions: 1)
2025-01-29 14:00:31,919 INFO c.h.h.t.HelmChartContainer - [hivemq-test-hivemq-platform] [hivemq-platform-operator] [9cbe71e6] 14:00:31.918 [ReconcilerExecutor-hivemq-controller-110] DEBUG c.h.p.o.HiveMQPlatformReconciler - [helmmqtt] StatefulSet Status (revision: test-hivemq-platform-7bbc5894fb, replicas: 1, available: 0, ready: 0, current: 1, updated: 1)
2025-01-29 14:00:31,919 INFO c.h.h.t.HelmChartContainer - [hivemq-test-hivemq-platform] [hivemq-platform-operator] [9cbe71e6] 14:00:31.918 [ReconcilerExecutor-hivemq-controller-110] DEBUG c.h.p.o.HiveMQPlatformReconciler - [helmmqtt] StatefulSet Spec (replicas: 1, init containers: 1, containers: 1, volumes: 3)
2025-01-29 14:00:31,984 INFO c.h.h.t.HelmChartContainer - [hivemq-test-hivemq-platform] [hivemq-platform-operator] [9cbe71e6] 14:00:31.982 [ReconcilerExecutor-hivemq-controller-110] DEBUG c.h.p.o.h.HiveMQPlatformReconcilerErrorHandler - [helmmqtt] Pod 'test-hivemq-platform-0' phase Running
2025-01-29 14:00:31,985 INFO c.h.h.t.HelmChartContainer - [hivemq-test-hivemq-platform] [hivemq-platform-operator] [9cbe71e6] 14:00:31.983 [ReconcilerExecutor-hivemq-controller-110] INFO  c.h.p.o.h.HiveMQPlatformReconcilerBaseHandler - [helmmqtt] HiveMQ Platform is starting, 0 of 1 replicas are ready
2025-01-29 14:00:33,440 INFO c.h.h.t.HelmChartContainer - [test-hivemq-platform] [hivemq] [3ffe8a9e] WARN  - [HiveMQ Platform Operator Init App 1.7.0-SNAPSHOT] Cannot connect to Health API for readiness: null
2025-01-29 14:00:33,446 INFO c.h.h.t.HelmChartContainer - [EVENT] Warning [Unhealthy] Readiness probe failed: HTTP probe failed with statuscode: 503 [helmmqttit:test-hivemq-platform-0]
2025-01-29 14:00:33,446 INFO c.h.h.t.HelmChartContainer - Received Unhealthy event for container hivemq in pod test-hivemq-platform-0 [3ffe8a9e-a438-4fdb-8747-a370fe1d57e6]
2025-01-29 14:00:35,700 INFO c.h.h.t.HelmChartContainer - [test-hivemq-platform] [hivemq] [3ffe8a9e] Jan 29, 2025 2:00:35 PM io.vertx.core.impl.BlockedThreadChecker
2025-01-29 14:00:35,700 INFO c.h.h.t.HelmChartContainer - [test-hivemq-platform] [hivemq] [3ffe8a9e] WARNING: Thread Thread[vert.x-eventloop-thread-1,5,main] has been blocked for 2296 ms, time limit is 2000 ms
2025-01-29 14:00:36,694 INFO c.h.h.t.HelmChartContainer - [test-hivemq-platform] [hivemq] [3ffe8a9e] Jan 29, 2025 2:00:36 PM io.vertx.core.impl.BlockedThreadChecker
2025-01-29 14:00:36,694 INFO c.h.h.t.HelmChartContainer - [test-hivemq-platform] [hivemq] [3ffe8a9e] WARNING: Thread Thread[vert.x-eventloop-thread-1,5,main] has been blocked for 3296 ms, time limit is 2000 ms
2025-01-29 14:00:36,699 INFO c.h.h.t.HelmChartContainer - [test-hivemq-platform] [hivemq] [3ffe8a9e] INFO  - [HiveMQ Platform Operator Init App 1.7.0-SNAPSHOT] Updating Pod HiveMQ Platform Operator Init App version annotation (version: 1.7.0-SNAPSHOT)
2025-01-29 14:00:37,403 INFO c.h.h.t.HelmChartContainer - [POD] test-hivemq-platform-0 [3ffe8a9e-a438-4fdb-8747-a370fe1d57e6] in helmmqttit was MODIFIED
2025-01-29 14:00:37,413 INFO c.h.h.t.HelmChartContainer - [hivemq-test-hivemq-platform] [hivemq-platform-operator] [9cbe71e6] 14:00:37.410 [pool-6-thread-25] DEBUG c.h.p.o.d.PlatformServiceResource - [helmmqtt] Desired Platform services (2 services)
2025-01-29 14:00:37,413 INFO c.h.h.t.HelmChartContainer - [hivemq-test-hivemq-platform] [hivemq-platform-operator] [9cbe71e6] 14:00:37.411 [pool-6-thread-26] DEBUG c.h.p.o.dependants.PodInfoConfigMap - [helmmqtt] Desired PodInfo ConfigMap (1 extensions) (1 enabled)
2025-01-29 14:00:37,414 INFO c.h.h.t.HelmChartContainer - [hivemq-test-hivemq-platform] [hivemq-platform-operator] [9cbe71e6] 14:00:37.411 [pool-6-thread-26] DEBUG c.h.p.o.dependants.PodInfoConfigMap - [helmmqtt] Desired PodInfo ConfigMap (metrics port: 9399) (metrics path: /)
2025-01-29 14:00:37,414 INFO c.h.h.t.HelmChartContainer - [hivemq-test-hivemq-platform] [hivemq-platform-operator] [9cbe71e6] 14:00:37.411 [pool-6-thread-26] DEBUG c.h.p.o.dependants.PodInfoConfigMap - [helmmqtt] Desired PodInfo ConfigMap (extension state hash: -1817474005)
2025-01-29 14:00:37,415 INFO c.h.h.t.HelmChartContainer - [hivemq-test-hivemq-platform] [hivemq-platform-operator] [9cbe71e6] 14:00:37.413 [pool-6-thread-26] DEBUG c.h.p.o.d.PodServiceAccountResource - [helmmqtt] Desired PodServiceAccountResource (serviceAccountName: hivemq-platform-pod-test-hivemq-platform)
2025-01-29 14:00:37,420 INFO c.h.h.t.HelmChartContainer - [hivemq-test-hivemq-platform] [hivemq-platform-operator] [9cbe71e6] 14:00:37.420 [pool-6-thread-25] DEBUG c.h.p.o.d.StatefulSetResource - [helmmqtt] Desired StatefulSet (1 replicas) for status STARTING (READY)
2025-01-29 14:00:37,486 INFO c.h.h.t.HelmChartContainer - [hivemq-test-hivemq-platform] [hivemq-platform-operator] [9cbe71e6] 14:00:37.484 [ReconcilerExecutor-hivemq-controller-111] INFO  c.h.p.o.HiveMQPlatformReconciler - [helmmqtt] Reconciling HiveMQ Platform 'test-hivemq-platform' in namespace 'helmmqttit'
2025-01-29 14:00:37,489 INFO c.h.h.t.HelmChartContainer - [hivemq-test-hivemq-platform] [hivemq-platform-operator] [9cbe71e6] 14:00:37.484 [ReconcilerExecutor-hivemq-controller-111] DEBUG c.h.p.o.HiveMQPlatformReconciler - [helmmqtt] Custom Resource Status STARTING - HiveMQ Platform is starting (READY)
2025-01-29 14:00:37,489 INFO c.h.h.t.HelmChartContainer - [hivemq-test-hivemq-platform] [hivemq-platform-operator] [9cbe71e6] 14:00:37.484 [ReconcilerExecutor-hivemq-controller-111] DEBUG c.h.p.o.HiveMQPlatformReconciler - [helmmqtt] Custom Resource Spec (replicas: 1) (extensions: 1)
2025-01-29 14:00:37,489 INFO c.h.h.t.HelmChartContainer - [hivemq-test-hivemq-platform] [hivemq-platform-operator] [9cbe71e6] 14:00:37.486 [ReconcilerExecutor-hivemq-controller-111] DEBUG c.h.p.o.HiveMQPlatformReconciler - [helmmqtt] StatefulSet Status (revision: test-hivemq-platform-7bbc5894fb, replicas: 1, available: 0, ready: 0, current: 1, updated: 1)
2025-01-29 14:00:37,489 INFO c.h.h.t.HelmChartContainer - [hivemq-test-hivemq-platform] [hivemq-platform-operator] [9cbe71e6] 14:00:37.486 [ReconcilerExecutor-hivemq-controller-111] DEBUG c.h.p.o.HiveMQPlatformReconciler - [helmmqtt] StatefulSet Spec (replicas: 1, init containers: 1, containers: 1, volumes: 3)
2025-01-29 14:00:37,489 INFO c.h.h.t.HelmChartContainer - [hivemq-test-hivemq-platform] [hivemq-platform-operator] [9cbe71e6] 14:00:37.487 [ReconcilerExecutor-hivemq-controller-111] DEBUG c.h.p.o.h.HiveMQPlatformReconcilerErrorHandler - [helmmqtt] Pod 'test-hivemq-platform-0' phase Running
2025-01-29 14:00:37,489 INFO c.h.h.t.HelmChartContainer - [hivemq-test-hivemq-platform] [hivemq-platform-operator] [9cbe71e6] 14:00:37.488 [ReconcilerExecutor-hivemq-controller-111] INFO  c.h.p.o.h.HiveMQPlatformReconcilerBaseHandler - [helmmqtt] HiveMQ Platform is starting, 0 of 1 replicas are ready
2025-01-29 14:00:37,495 INFO c.h.h.t.HelmChartContainer - [test-hivemq-platform] [hivemq] [3ffe8a9e] WARN  - [HiveMQ Platform Operator Init App 1.7.0-SNAPSHOT] Cannot connect to Health API for readiness: null
2025-01-29 14:00:37,500 INFO c.h.h.t.HelmChartContainer - [test-hivemq-platform] [hivemq] [3ffe8a9e] INFO  - [HiveMQ Platform Operator Init App 1.7.0-SNAPSHOT] Successfully updated Pod HiveMQ Platform Operator Init App version annotation (version: 1.7.0-SNAPSHOT)
2025-01-29 14:00:37,503 INFO c.h.h.t.HelmChartContainer - [EVENT] Warning [Unhealthy] Readiness probe failed: HTTP probe failed with statuscode: 503 [helmmqttit:test-hivemq-platform-0]
2025-01-29 14:00:37,504 INFO c.h.h.t.HelmChartContainer - Received Unhealthy event for container hivemq in pod test-hivemq-platform-0 [3ffe8a9e-a438-4fdb-8747-a370fe1d57e6]
2025-01-29 14:00:42,446 INFO c.h.h.t.HelmChartContainer - [test-hivemq-platform] [hivemq] [3ffe8a9e] WARN  - [HiveMQ Platform Operator Init App 1.7.0-SNAPSHOT] Cannot connect to Health API for readiness: null
2025-01-29 14:00:42,451 INFO c.h.h.t.HelmChartContainer - [EVENT] Warning [Unhealthy] Readiness probe failed: HTTP probe failed with statuscode: 503 [helmmqttit:test-hivemq-platform-0]
2025-01-29 14:00:42,451 INFO c.h.h.t.HelmChartContainer - Received Unhealthy event for container hivemq in pod test-hivemq-platform-0 [3ffe8a9e-a438-4fdb-8747-a370fe1d57e6]
2025-01-29 14:00:47,447 INFO c.h.h.t.HelmChartContainer - [test-hivemq-platform] [hivemq] [3ffe8a9e] WARN  - [HiveMQ Platform Operator Init App 1.7.0-SNAPSHOT] Cannot connect to Health API for readiness: null
2025-01-29 14:00:47,448 INFO c.h.h.t.HelmChartContainer - [EVENT] Warning [Unhealthy] Readiness probe failed: HTTP probe failed with statuscode: 503 [helmmqttit:test-hivemq-platform-0]
2025-01-29 14:00:47,448 INFO c.h.h.t.HelmChartContainer - Received Unhealthy event for container hivemq in pod test-hivemq-platform-0 [3ffe8a9e-a438-4fdb-8747-a370fe1d57e6]
2025-01-29 14:00:47,496 INFO c.h.h.t.HelmChartContainer - [hivemq-test-hivemq-platform] [hivemq-platform-operator] [9cbe71e6] 14:00:47.491 [pool-6-thread-36] DEBUG c.h.p.o.d.PlatformServiceResource - [helmmqtt] Desired Platform services (2 services)
2025-01-29 14:00:47,496 INFO c.h.h.t.HelmChartContainer - [hivemq-test-hivemq-platform] [hivemq-platform-operator] [9cbe71e6] 14:00:47.492 [pool-6-thread-37] DEBUG c.h.p.o.dependants.PodInfoConfigMap - [helmmqtt] Desired PodInfo ConfigMap (1 extensions) (1 enabled)
2025-01-29 14:00:47,496 INFO c.h.h.t.HelmChartContainer - [hivemq-test-hivemq-platform] [hivemq-platform-operator] [9cbe71e6] 14:00:47.492 [pool-6-thread-37] DEBUG c.h.p.o.dependants.PodInfoConfigMap - [helmmqtt] Desired PodInfo ConfigMap (metrics port: 9399) (metrics path: /)
2025-01-29 14:00:47,496 INFO c.h.h.t.HelmChartContainer - [hivemq-test-hivemq-platform] [hivemq-platform-operator] [9cbe71e6] 14:00:47.492 [pool-6-thread-37] DEBUG c.h.p.o.dependants.PodInfoConfigMap - [helmmqtt] Desired PodInfo ConfigMap (extension state hash: -1817474005)
2025-01-29 14:00:47,496 INFO c.h.h.t.HelmChartContainer - [hivemq-test-hivemq-platform] [hivemq-platform-operator] [9cbe71e6] 14:00:47.493 [pool-6-thread-37] DEBUG c.h.p.o.d.PodServiceAccountResource - [helmmqtt] Desired PodServiceAccountResource (serviceAccountName: hivemq-platform-pod-test-hivemq-platform)
2025-01-29 14:00:47,497 INFO c.h.h.t.HelmChartContainer - [hivemq-test-hivemq-platform] [hivemq-platform-operator] [9cbe71e6] 14:00:47.497 [pool-6-thread-36] DEBUG c.h.p.o.d.StatefulSetResource - [helmmqtt] Desired StatefulSet (1 replicas) for status STARTING (READY)
2025-01-29 14:00:47,502 INFO c.h.h.t.HelmChartContainer - [hivemq-test-hivemq-platform] [hivemq-platform-operator] [9cbe71e6] 14:00:47.501 [ReconcilerExecutor-hivemq-controller-112] INFO  c.h.p.o.HiveMQPlatformReconciler - [helmmqtt] Reconciling HiveMQ Platform 'test-hivemq-platform' in namespace 'helmmqttit'
2025-01-29 14:00:47,503 INFO c.h.h.t.HelmChartContainer - [hivemq-test-hivemq-platform] [hivemq-platform-operator] [9cbe71e6] 14:00:47.501 [ReconcilerExecutor-hivemq-controller-112] DEBUG c.h.p.o.HiveMQPlatformReconciler - [helmmqtt] Custom Resource Status STARTING - HiveMQ Platform is starting (READY)
2025-01-29 14:00:47,504 INFO c.h.h.t.HelmChartContainer - [hivemq-test-hivemq-platform] [hivemq-platform-operator] [9cbe71e6] 14:00:47.501 [ReconcilerExecutor-hivemq-controller-112] DEBUG c.h.p.o.HiveMQPlatformReconciler - [helmmqtt] Custom Resource Spec (replicas: 1) (extensions: 1)
2025-01-29 14:00:47,505 INFO c.h.h.t.HelmChartContainer - [hivemq-test-hivemq-platform] [hivemq-platform-operator] [9cbe71e6] 14:00:47.502 [ReconcilerExecutor-hivemq-controller-112] DEBUG c.h.p.o.HiveMQPlatformReconciler - [helmmqtt] StatefulSet Status (revision: test-hivemq-platform-7bbc5894fb, replicas: 1, available: 0, ready: 0, current: 1, updated: 1)
2025-01-29 14:00:47,505 INFO c.h.h.t.HelmChartContainer - [hivemq-test-hivemq-platform] [hivemq-platform-operator] [9cbe71e6] 14:00:47.502 [ReconcilerExecutor-hivemq-controller-112] DEBUG c.h.p.o.HiveMQPlatformReconciler - [helmmqtt] StatefulSet Spec (replicas: 1, init containers: 1, containers: 1, volumes: 3)
2025-01-29 14:00:47,506 INFO c.h.h.t.HelmChartContainer - [hivemq-test-hivemq-platform] [hivemq-platform-operator] [9cbe71e6] 14:00:47.504 [ReconcilerExecutor-hivemq-controller-112] DEBUG c.h.p.o.h.HiveMQPlatformReconcilerErrorHandler - [helmmqtt] Pod 'test-hivemq-platform-0' phase Running
2025-01-29 14:00:47,506 INFO c.h.h.t.HelmChartContainer - [hivemq-test-hivemq-platform] [hivemq-platform-operator] [9cbe71e6] 14:00:47.504 [ReconcilerExecutor-hivemq-controller-112] INFO  c.h.p.o.h.HiveMQPlatformReconcilerBaseHandler - [helmmqtt] HiveMQ Platform is starting, 0 of 1 replicas are ready
2025-01-29 14:00:47,844 INFO c.h.h.t.HelmChartContainer - [test-hivemq-platform] [hivemq] [3ffe8a9e] WARN  - [HiveMQ Platform Operator Init App 1.7.0-SNAPSHOT] Cannot connect to Health API for liveness: null
2025-01-29 14:00:47,844 INFO c.h.h.t.HelmChartContainer - [test-hivemq-platform] [hivemq] [3ffe8a9e] INFO  - [HiveMQ Platform Operator Init App 1.7.0-SNAPSHOT] Returning default Health API response 200 for liveness
2025-01-29 14:00:48,245 INFO c.h.h.t.HelmChartContainer - [test-hivemq-platform] [hivemq] [3ffe8a9e] INFO  - No valid license file found. Using trial license, restricted to 25 connections.
2025-01-29 14:00:51,665 INFO c.h.h.t.HelmChartContainer - [test-hivemq-platform] [hivemq] [3ffe8a9e] INFO  - No valid license file for Data Hub found. Using free license, restricted to 1 policy.
2025-01-29 14:00:52,440 INFO c.h.h.t.HelmChartContainer - [test-hivemq-platform] [hivemq] [3ffe8a9e] WARN  - [HiveMQ Platform Operator Init App 1.7.0-SNAPSHOT] Cannot connect to Health API for readiness: null
2025-01-29 14:00:52,445 INFO c.h.h.t.HelmChartContainer - [EVENT] Warning [Unhealthy] Readiness probe failed: HTTP probe failed with statuscode: 503 [helmmqttit:test-hivemq-platform-0]
2025-01-29 14:00:52,445 INFO c.h.h.t.HelmChartContainer - Received Unhealthy event for container hivemq in pod test-hivemq-platform-0 [3ffe8a9e-a438-4fdb-8747-a370fe1d57e6]
2025-01-29 14:00:52,961 INFO c.h.h.t.HelmChartContainer - [test-hivemq-platform] [hivemq] [3ffe8a9e] INFO  - Audit Logger started.
2025-01-29 14:00:53,279 INFO c.h.h.t.HelmChartContainer - [test-hivemq-platform] [hivemq] [3ffe8a9e] INFO  - This node uses '1' CPU cores.
2025-01-29 14:00:53,340 INFO c.h.h.t.HelmChartContainer - [test-hivemq-platform] [hivemq] [3ffe8a9e] INFO  - Starting HiveMQ Health API on address 0.0.0.0 and port 8889
2025-01-29 14:00:54,059 INFO c.h.h.t.HelmChartContainer - [test-hivemq-platform] [hivemq] [3ffe8a9e] INFO  - Started HiveMQ Health API in 720ms
2025-01-29 14:00:54,674 INFO c.h.h.t.HelmChartContainer - [test-hivemq-platform] [hivemq] [3ffe8a9e] INFO  - Starting HiveMQ extension system.
2025-01-29 14:00:54,943 INFO c.h.h.t.HelmChartContainer - [test-hivemq-platform] [hivemq] [3ffe8a9e] INFO  - Starting extension with id "hivemq-dns-cluster-discovery" at /opt/hivemq/extensions/hivemq-dns-cluster-discovery
2025-01-29 14:00:55,351 INFO c.h.h.t.HelmChartContainer - [test-hivemq-platform] [hivemq] [3ffe8a9e] INFO  - Extension "DNS Cluster Discovery Extension" version 4.3.2 started successfully.
2025-01-29 14:00:55,352 INFO c.h.h.t.HelmChartContainer - [test-hivemq-platform] [hivemq] [3ffe8a9e] INFO  - Starting extension with id "hivemq-prometheus-extension" at /opt/hivemq/extensions/hivemq-prometheus-extension
2025-01-29 14:00:55,444 INFO c.h.h.t.HelmChartContainer - [test-hivemq-platform] [hivemq] [3ffe8a9e] INFO  - Using TCP cluster transport on address 10.42.0.13 and port 7000
2025-01-29 14:00:55,449 INFO c.h.h.t.HelmChartContainer - [test-hivemq-platform] [hivemq] [3ffe8a9e] INFO  - Using extension cluster discovery
2025-01-29 14:00:56,361 INFO c.h.h.t.HelmChartContainer - [test-hivemq-platform] [hivemq] [3ffe8a9e] INFO  - Started Jetty Server exposing Prometheus Servlet on URI http://0.0.0.0:9399/
2025-01-29 14:00:56,361 INFO c.h.h.t.HelmChartContainer - [test-hivemq-platform] [hivemq] [3ffe8a9e] INFO  - Extension "Prometheus Monitoring Extension" version 4.0.12 started successfully.
2025-01-29 14:00:56,440 INFO c.h.h.t.HelmChartContainer - [test-hivemq-platform] [hivemq] [3ffe8a9e] INFO  - Starting extension with id "hivemq-allow-all-extension" at /opt/hivemq/extensions/hivemq-allow-all-extension
2025-01-29 14:00:56,441 INFO c.h.h.t.HelmChartContainer - [test-hivemq-platform] [hivemq] [3ffe8a9e] WARN  - 
2025-01-29 14:00:56,441 INFO c.h.h.t.HelmChartContainer - [test-hivemq-platform] [hivemq] [3ffe8a9e] ################################################################################################################
2025-01-29 14:00:56,441 INFO c.h.h.t.HelmChartContainer - [test-hivemq-platform] [hivemq] [3ffe8a9e] # This HiveMQ deployment is not secure! You are lacking Authentication and Authorization.                      #
2025-01-29 14:00:56,441 INFO c.h.h.t.HelmChartContainer - [test-hivemq-platform] [hivemq] [3ffe8a9e] # Right now any MQTT client can connect to the broker with a full set of permissions.                          #
2025-01-29 14:00:56,441 INFO c.h.h.t.HelmChartContainer - [test-hivemq-platform] [hivemq] [3ffe8a9e] # For production usage, add an appropriate security extension and remove the hivemq-allow-all extension.       #
2025-01-29 14:00:56,441 INFO c.h.h.t.HelmChartContainer - [test-hivemq-platform] [hivemq] [3ffe8a9e] # You can download security extensions from the HiveMQ Marketplace (https://www.hivemq.com/extensions/).       #
2025-01-29 14:00:56,441 INFO c.h.h.t.HelmChartContainer - [test-hivemq-platform] [hivemq] [3ffe8a9e] ################################################################################################################
2025-01-29 14:00:56,441 INFO c.h.h.t.HelmChartContainer - [test-hivemq-platform] [hivemq] [3ffe8a9e] INFO  - Extension "Allow All Extension" version 1.1.1 started successfully.
2025-01-29 14:00:57,514 INFO c.h.h.t.HelmChartContainer - [hivemq-test-hivemq-platform] [hivemq-platform-operator] [9cbe71e6] 14:00:57.508 [pool-6-thread-47] DEBUG c.h.p.o.d.PlatformServiceResource - [helmmqtt] Desired Platform services (2 services)
2025-01-29 14:00:57,515 INFO c.h.h.t.HelmChartContainer - [hivemq-test-hivemq-platform] [hivemq-platform-operator] [9cbe71e6] 14:00:57.509 [pool-6-thread-46] DEBUG c.h.p.o.dependants.PodInfoConfigMap - [helmmqtt] Desired PodInfo ConfigMap (1 extensions) (1 enabled)
2025-01-29 14:00:57,515 INFO c.h.h.t.HelmChartContainer - [hivemq-test-hivemq-platform] [hivemq-platform-operator] [9cbe71e6] 14:00:57.509 [pool-6-thread-46] DEBUG c.h.p.o.dependants.PodInfoConfigMap - [helmmqtt] Desired PodInfo ConfigMap (metrics port: 9399) (metrics path: /)
2025-01-29 14:00:57,515 INFO c.h.h.t.HelmChartContainer - [hivemq-test-hivemq-platform] [hivemq-platform-operator] [9cbe71e6] 14:00:57.509 [pool-6-thread-46] DEBUG c.h.p.o.dependants.PodInfoConfigMap - [helmmqtt] Desired PodInfo ConfigMap (extension state hash: -1817474005)
2025-01-29 14:00:57,515 INFO c.h.h.t.HelmChartContainer - [hivemq-test-hivemq-platform] [hivemq-platform-operator] [9cbe71e6] 14:00:57.511 [pool-6-thread-48] DEBUG c.h.p.o.d.PodServiceAccountResource - [helmmqtt] Desired PodServiceAccountResource (serviceAccountName: hivemq-platform-pod-test-hivemq-platform)
2025-01-29 14:00:57,515 INFO c.h.h.t.HelmChartContainer - [hivemq-test-hivemq-platform] [hivemq-platform-operator] [9cbe71e6] 14:00:57.514 [pool-6-thread-47] DEBUG c.h.p.o.d.StatefulSetResource - [helmmqtt] Desired StatefulSet (1 replicas) for status STARTING (READY)
2025-01-29 14:00:57,525 INFO c.h.h.t.HelmChartContainer - [hivemq-test-hivemq-platform] [hivemq-platform-operator] [9cbe71e6] 14:00:57.524 [ReconcilerExecutor-hivemq-controller-113] INFO  c.h.p.o.HiveMQPlatformReconciler - [helmmqtt] Reconciling HiveMQ Platform 'test-hivemq-platform' in namespace 'helmmqttit'
2025-01-29 14:00:57,526 INFO c.h.h.t.HelmChartContainer - [hivemq-test-hivemq-platform] [hivemq-platform-operator] [9cbe71e6] 14:00:57.524 [ReconcilerExecutor-hivemq-controller-113] DEBUG c.h.p.o.HiveMQPlatformReconciler - [helmmqtt] Custom Resource Status STARTING - HiveMQ Platform is starting (READY)
2025-01-29 14:00:57,526 INFO c.h.h.t.HelmChartContainer - [hivemq-test-hivemq-platform] [hivemq-platform-operator] [9cbe71e6] 14:00:57.524 [ReconcilerExecutor-hivemq-controller-113] DEBUG c.h.p.o.HiveMQPlatformReconciler - [helmmqtt] Custom Resource Spec (replicas: 1) (extensions: 1)
2025-01-29 14:00:57,526 INFO c.h.h.t.HelmChartContainer - [hivemq-test-hivemq-platform] [hivemq-platform-operator] [9cbe71e6] 14:00:57.525 [ReconcilerExecutor-hivemq-controller-113] DEBUG c.h.p.o.HiveMQPlatformReconciler - [helmmqtt] StatefulSet Status (revision: test-hivemq-platform-7bbc5894fb, replicas: 1, available: 0, ready: 0, current: 1, updated: 1)
2025-01-29 14:00:57,526 INFO c.h.h.t.HelmChartContainer - [hivemq-test-hivemq-platform] [hivemq-platform-operator] [9cbe71e6] 14:00:57.525 [ReconcilerExecutor-hivemq-controller-113] DEBUG c.h.p.o.HiveMQPlatformReconciler - [helmmqtt] StatefulSet Spec (replicas: 1, init containers: 1, containers: 1, volumes: 3)
2025-01-29 14:00:57,585 INFO c.h.h.t.HelmChartContainer - [hivemq-test-hivemq-platform] [hivemq-platform-operator] [9cbe71e6] 14:00:57.584 [ReconcilerExecutor-hivemq-controller-113] DEBUG c.h.p.o.h.HiveMQPlatformReconcilerErrorHandler - [helmmqtt] Pod 'test-hivemq-platform-0' phase Running
2025-01-29 14:00:57,586 INFO c.h.h.t.HelmChartContainer - [hivemq-test-hivemq-platform] [hivemq-platform-operator] [9cbe71e6] 14:00:57.585 [ReconcilerExecutor-hivemq-controller-113] INFO  c.h.p.o.h.HiveMQPlatformReconcilerBaseHandler - [helmmqtt] HiveMQ Platform is starting, 0 of 1 replicas are ready
2025-01-29 14:00:57,901 INFO c.h.h.t.HelmChartContainer - [test-hivemq-platform] [hivemq] [3ffe8a9e] INFO  - [HiveMQ Platform Operator Init App 1.7.0-SNAPSHOT] Returning Health API response 503 for readiness
2025-01-29 14:00:57,906 INFO c.h.h.t.HelmChartContainer - [EVENT] Warning [Unhealthy] Readiness probe failed: HTTP probe failed with statuscode: 503 [helmmqttit:test-hivemq-platform-0]
2025-01-29 14:00:57,906 INFO c.h.h.t.HelmChartContainer - Received Unhealthy event for container hivemq in pod test-hivemq-platform-0 [3ffe8a9e-a438-4fdb-8747-a370fe1d57e6]
2025-01-29 14:00:58,449 INFO c.h.h.t.HelmChartContainer - [test-hivemq-platform] [hivemq] [3ffe8a9e] INFO  - 0Dkh2: no members discovered after 2399 ms: creating cluster as first member
2025-01-29 14:00:58,456 INFO c.h.h.t.HelmChartContainer - [test-hivemq-platform] [hivemq] [3ffe8a9e] INFO  - Cluster nodes found by discovery: [0Dkh2|0] (1) [0Dkh2].
2025-01-29 14:00:58,547 INFO c.h.h.t.HelmChartContainer - [test-hivemq-platform] [hivemq] [3ffe8a9e] WARN  - No user for HiveMQ Control Center configured. Starting with default user
2025-01-29 14:00:58,547 INFO c.h.h.t.HelmChartContainer - [test-hivemq-platform] [hivemq] [3ffe8a9e] INFO  - Starting HiveMQ Control Center on address 127.0.0.1 and port 8080
2025-01-29 14:00:58,548 INFO c.h.h.t.HelmChartContainer - [test-hivemq-platform] [hivemq] [3ffe8a9e] INFO  - Mounting HiveMQ Control Center V2 Preview
2025-01-29 14:00:59,157 INFO c.h.h.t.HelmChartContainer - [test-hivemq-platform] [hivemq] [3ffe8a9e] INFO  - Started HiveMQ Control Center in 611ms
2025-01-29 14:00:59,243 INFO c.h.h.t.HelmChartContainer - [test-hivemq-platform] [hivemq] [3ffe8a9e] INFO  - Starting TCP listener on address 0.0.0.0 and port 1884
2025-01-29 14:00:59,257 INFO c.h.h.t.HelmChartContainer - [test-hivemq-platform] [hivemq] [3ffe8a9e] INFO  - Started TCP Listener on address 0.0.0.0 and on port 1884.
2025-01-29 14:00:59,257 INFO c.h.h.t.HelmChartContainer - [test-hivemq-platform] [hivemq] [3ffe8a9e] INFO  - Started HiveMQ in 30412ms
2025-01-29 14:01:02,411 INFO c.h.h.t.HelmChartContainer - [test-hivemq-platform] [hivemq] [3ffe8a9e] INFO  - [HiveMQ Platform Operator Init App 1.7.0-SNAPSHOT] Returning Health API response 200 for readiness
2025-01-29 14:01:02,426 INFO c.h.h.t.HelmChartContainer - [POD] test-hivemq-platform-0 [3ffe8a9e-a438-4fdb-8747-a370fe1d57e6] in helmmqttit was MODIFIED
2025-01-29 14:01:02,433 INFO c.h.h.t.HelmChartContainer - [hivemq-test-hivemq-platform] [hivemq-platform-operator] [9cbe71e6] 14:01:02.429 [pool-6-thread-4] DEBUG c.h.p.o.d.PlatformServiceResource - [helmmqtt] Desired Platform services (2 services)
2025-01-29 14:01:02,439 INFO c.h.h.t.HelmChartContainer - [hivemq-test-hivemq-platform] [hivemq-platform-operator] [9cbe71e6] 14:01:02.432 [pool-6-thread-9] DEBUG c.h.p.o.dependants.PodInfoConfigMap - [helmmqtt] Desired PodInfo ConfigMap (1 extensions) (1 enabled)
2025-01-29 14:01:02,439 INFO c.h.h.t.HelmChartContainer - [hivemq-test-hivemq-platform] [hivemq-platform-operator] [9cbe71e6] 14:01:02.433 [pool-6-thread-9] DEBUG c.h.p.o.dependants.PodInfoConfigMap - [helmmqtt] Desired PodInfo ConfigMap (metrics port: 9399) (metrics path: /)
2025-01-29 14:01:02,439 INFO c.h.h.t.HelmChartContainer - [hivemq-test-hivemq-platform] [hivemq-platform-operator] [9cbe71e6] 14:01:02.433 [pool-6-thread-9] DEBUG c.h.p.o.dependants.PodInfoConfigMap - [helmmqtt] Desired PodInfo ConfigMap (extension state hash: -1817474005)
2025-01-29 14:01:02,439 INFO c.h.h.t.HelmChartContainer - [hivemq-test-hivemq-platform] [hivemq-platform-operator] [9cbe71e6] 14:01:02.435 [pool-6-thread-9] DEBUG c.h.p.o.d.PodServiceAccountResource - [helmmqtt] Desired PodServiceAccountResource (serviceAccountName: hivemq-platform-pod-test-hivemq-platform)
2025-01-29 14:01:02,445 INFO c.h.h.t.HelmChartContainer - [hivemq-test-hivemq-platform] [hivemq-platform-operator] [9cbe71e6] 14:01:02.442 [pool-6-thread-4] DEBUG c.h.p.o.d.StatefulSetResource - [helmmqtt] Desired StatefulSet (1 replicas) for status STARTING (READY)
2025-01-29 14:01:02,451 INFO c.h.h.t.HelmChartContainer - [hivemq-test-hivemq-platform] [hivemq-platform-operator] [9cbe71e6] 14:01:02.450 [ReconcilerExecutor-hivemq-controller-114] INFO  c.h.p.o.HiveMQPlatformReconciler - [helmmqtt] Reconciling HiveMQ Platform 'test-hivemq-platform' in namespace 'helmmqttit'
2025-01-29 14:01:02,452 INFO c.h.h.t.HelmChartContainer - [hivemq-test-hivemq-platform] [hivemq-platform-operator] [9cbe71e6] 14:01:02.450 [ReconcilerExecutor-hivemq-controller-114] DEBUG c.h.p.o.HiveMQPlatformReconciler - [helmmqtt] Custom Resource Status STARTING - HiveMQ Platform is starting (READY)
2025-01-29 14:01:02,452 INFO c.h.h.t.HelmChartContainer - [hivemq-test-hivemq-platform] [hivemq-platform-operator] [9cbe71e6] 14:01:02.450 [ReconcilerExecutor-hivemq-controller-114] DEBUG c.h.p.o.HiveMQPlatformReconciler - [helmmqtt] Custom Resource Spec (replicas: 1) (extensions: 1)
2025-01-29 14:01:02,452 INFO c.h.h.t.HelmChartContainer - [hivemq-test-hivemq-platform] [hivemq-platform-operator] [9cbe71e6] 14:01:02.451 [ReconcilerExecutor-hivemq-controller-114] DEBUG c.h.p.o.HiveMQPlatformReconciler - [helmmqtt] StatefulSet Status (revision: test-hivemq-platform-7bbc5894fb, replicas: 1, available: 1, ready: 1, current: 1, updated: 1)
2025-01-29 14:01:02,482 INFO c.h.h.t.HelmChartContainer - [hivemq-test-hivemq-platform] [hivemq-platform-operator] [9cbe71e6] 14:01:02.481 [ReconcilerExecutor-hivemq-controller-114] DEBUG c.h.p.o.HiveMQPlatformReconciler - [helmmqtt] StatefulSet Spec (replicas: 1, init containers: 1, containers: 1, volumes: 3)
2025-01-29 14:01:02,484 INFO c.h.h.t.HelmChartContainer - [hivemq-test-hivemq-platform] [hivemq-platform-operator] [9cbe71e6] 14:01:02.483 [ReconcilerExecutor-hivemq-controller-114] DEBUG c.h.p.o.h.HiveMQPlatformReconcilerErrorHandler - [helmmqtt] Pod 'test-hivemq-platform-0' phase Running
2025-01-29 14:01:02,485 INFO c.h.h.t.HelmChartContainer - [hivemq-test-hivemq-platform] [hivemq-platform-operator] [9cbe71e6] 14:01:02.484 [ReconcilerExecutor-hivemq-controller-114] INFO  c.h.p.o.h.HiveMQPlatformReconcilerBaseHandler - [helmmqtt] HiveMQ Platform started successfully
2025-01-29 14:01:02,584 INFO c.h.h.t.HelmChartContainer - [hivemq-test-hivemq-platform] [hivemq-platform-operator] [9cbe71e6] 14:01:02.581 [ReconcilerExecutor-hivemq-controller-114] DEBUG c.h.p.operator.event.EventSender - [helmmqtt] Creating K8s event hivemq-platform-ready: [Ready] HiveMQ Platform is ready
2025-01-29 14:01:02,587 INFO c.h.h.t.HelmChartContainer - [EVENT] Normal [Ready] HiveMQ Platform is ready [helmmqttit:test-hivemq-platform]
2025-01-29 14:01:02,589 INFO c.h.h.t.HelmChartContainer - [hivemq-test-hivemq-platform] [hivemq-platform-operator] [9cbe71e6] 14:01:02.588 [ReconcilerExecutor-hivemq-controller-114] INFO  c.h.p.o.h.AbstractHiveMQReconcilerStateHandler - [helmmqtt] Update HiveMQ Platform Status (STARTING [READY] -> RUNNING [READY]): HiveMQ Platform is ready
2025-01-29 14:01:02,596 DEBUG com.hivemq.helmcharts.util.K8sUtil - Comparing actual state 'RUNNING' and waiting for 'RUNNING'
2025-01-29 14:01:02,601 INFO c.h.h.t.HelmChartContainer - [hivemq-test-hivemq-platform] [hivemq-platform-operator] [9cbe71e6] 14:01:02.600 [pool-6-thread-19] DEBUG c.h.p.o.d.PlatformServiceResource - [helmmqtt] Desired Platform services (2 services)
2025-01-29 14:01:02,603 INFO c.h.h.t.HelmChartContainer - [hivemq-test-hivemq-platform] [hivemq-platform-operator] [9cbe71e6] 14:01:02.601 [pool-6-thread-15] DEBUG c.h.p.o.dependants.PodInfoConfigMap - [helmmqtt] Desired PodInfo ConfigMap (1 extensions) (1 enabled)
2025-01-29 14:01:02,604 INFO c.h.h.t.HelmChartContainer - [hivemq-test-hivemq-platform] [hivemq-platform-operator] [9cbe71e6] 14:01:02.601 [pool-6-thread-15] DEBUG c.h.p.o.dependants.PodInfoConfigMap - [helmmqtt] Desired PodInfo ConfigMap (metrics port: 9399) (metrics path: /)
2025-01-29 14:01:02,604 INFO c.h.h.t.HelmChartContainer - [hivemq-test-hivemq-platform] [hivemq-platform-operator] [9cbe71e6] 14:01:02.601 [pool-6-thread-15] DEBUG c.h.p.o.dependants.PodInfoConfigMap - [helmmqtt] Desired PodInfo ConfigMap (extension state hash: -1817474005)
2025-01-29 14:01:02,604 INFO c.h.h.t.HelmChartContainer - [hivemq-test-hivemq-platform] [hivemq-platform-operator] [9cbe71e6] 14:01:02.601 [pool-6-thread-15] DEBUG c.h.p.o.dependants.PodInfoConfigMap - [helmmqtt] Update PodInfo ConfigMap
2025-01-29 14:01:02,605 INFO c.h.h.t.HelmChartContainer - [hivemq-test-hivemq-platform] [hivemq-platform-operator] [9cbe71e6] 14:01:02.603 [pool-6-thread-11] DEBUG c.h.p.o.d.PodServiceAccountResource - [helmmqtt] Desired PodServiceAccountResource (serviceAccountName: hivemq-platform-pod-test-hivemq-platform)
2025-01-29 14:01:02,689 INFO c.h.h.t.HelmChartContainer - [hivemq-test-hivemq-platform] [hivemq-platform-operator] [9cbe71e6] 14:01:02.688 [pool-6-thread-15] DEBUG c.h.p.o.d.StatefulSetResource - [helmmqtt] Desired StatefulSet (1 replicas) for status RUNNING (READY)
2025-01-29 14:01:02,694 INFO c.h.h.t.HelmChartContainer - [hivemq-test-hivemq-platform] [hivemq-platform-operator] [9cbe71e6] 14:01:02.692 [ReconcilerExecutor-hivemq-controller-115] INFO  c.h.p.o.HiveMQPlatformReconciler - [helmmqtt] Reconciling HiveMQ Platform 'test-hivemq-platform' in namespace 'helmmqttit'
2025-01-29 14:01:02,694 INFO c.h.h.t.HelmChartContainer - [hivemq-test-hivemq-platform] [hivemq-platform-operator] [9cbe71e6] 14:01:02.692 [ReconcilerExecutor-hivemq-controller-115] DEBUG c.h.p.o.HiveMQPlatformReconciler - [helmmqtt] Custom Resource Status RUNNING - HiveMQ Platform is ready (READY)
2025-01-29 14:01:02,695 INFO c.h.h.t.HelmChartContainer - [hivemq-test-hivemq-platform] [hivemq-platform-operator] [9cbe71e6] 14:01:02.692 [ReconcilerExecutor-hivemq-controller-115] DEBUG c.h.p.o.HiveMQPlatformReconciler - [helmmqtt] Custom Resource Spec (replicas: 1) (extensions: 1)
2025-01-29 14:01:02,695 INFO c.h.h.t.HelmChartContainer - [hivemq-test-hivemq-platform] [hivemq-platform-operator] [9cbe71e6] 14:01:02.694 [ReconcilerExecutor-hivemq-controller-115] DEBUG c.h.p.o.HiveMQPlatformReconciler - [helmmqtt] StatefulSet Status (revision: test-hivemq-platform-7bbc5894fb, replicas: 1, available: 1, ready: 1, current: 1, updated: 1)
2025-01-29 14:01:02,695 INFO c.h.h.t.HelmChartContainer - [hivemq-test-hivemq-platform] [hivemq-platform-operator] [9cbe71e6] 14:01:02.695 [ReconcilerExecutor-hivemq-controller-115] DEBUG c.h.p.o.HiveMQPlatformReconciler - [helmmqtt] StatefulSet Spec (replicas: 1, init containers: 1, containers: 1, volumes: 3)
2025-01-29 14:01:02,697 INFO c.h.h.t.HelmChartContainer - [hivemq-test-hivemq-platform] [hivemq-platform-operator] [9cbe71e6] 14:01:02.696 [ReconcilerExecutor-hivemq-controller-115] DEBUG c.h.p.o.h.HiveMQPlatformReconcilerErrorHandler - [helmmqtt] Pod 'test-hivemq-platform-0' phase Running
2025-01-29 14:01:07,499 INFO c.h.h.t.HelmChartContainer - Uninstalling release 'test-hivemq-platform' in namespace 'helmmqttit'...
2025-01-29 14:01:07,499 DEBUG c.h.h.t.HelmChartContainer - Executing helm command: /bin/helm --kubeconfig /etc/rancher/k3s/k3s.yaml uninstall test-hivemq-platform  --wait --timeout 5m0s --cascade foreground --namespace helmmqttit
2025-01-29 14:01:07,689 INFO c.h.h.t.HelmChartContainer - [hivemq-test-hivemq-platform] [hivemq-platform-operator] [9cbe71e6] 14:01:07.680 [pool-6-thread-23] DEBUG c.h.p.o.d.PlatformServiceResource - [helmmqtt] Desired Platform services (2 services)
2025-01-29 14:01:07,689 INFO c.h.h.t.HelmChartContainer - [hivemq-test-hivemq-platform] [hivemq-platform-operator] [9cbe71e6] 14:01:07.681 [pool-6-thread-24] DEBUG c.h.p.o.dependants.PodInfoConfigMap - [helmmqtt] Desired PodInfo ConfigMap (1 extensions) (1 enabled)
2025-01-29 14:01:07,689 INFO c.h.h.t.HelmChartContainer - [hivemq-test-hivemq-platform] [hivemq-platform-operator] [9cbe71e6] 14:01:07.681 [pool-6-thread-24] DEBUG c.h.p.o.dependants.PodInfoConfigMap - [helmmqtt] Desired PodInfo ConfigMap (metrics port: 9399) (metrics path: /)
2025-01-29 14:01:07,689 INFO c.h.h.t.HelmChartContainer - [hivemq-test-hivemq-platform] [hivemq-platform-operator] [9cbe71e6] 14:01:07.681 [pool-6-thread-24] DEBUG c.h.p.o.dependants.PodInfoConfigMap - [helmmqtt] Desired PodInfo ConfigMap (extension state hash: -1817474005)
2025-01-29 14:01:07,689 INFO c.h.h.t.HelmChartContainer - [hivemq-test-hivemq-platform] [hivemq-platform-operator] [9cbe71e6] 14:01:07.688 [pool-6-thread-24] DEBUG c.h.p.o.d.PodServiceAccountResource - [helmmqtt] Desired PodServiceAccountResource (serviceAccountName: hivemq-platform-pod-test-hivemq-platform)
2025-01-29 14:01:07,784 INFO c.h.h.t.HelmChartContainer - [hivemq-test-hivemq-platform] [hivemq-platform-operator] [9cbe71e6] 14:01:07.781 [pool-6-thread-23] DEBUG c.h.p.o.d.StatefulSetResource - [helmmqtt] Desired StatefulSet (1 replicas) for status RUNNING (READY)
2025-01-29 14:01:07,791 INFO c.h.h.t.HelmChartContainer - [hivemq-test-hivemq-platform] [hivemq-platform-operator] [9cbe71e6] 14:01:07.790 [pool-6-thread-23] DEBUG c.h.p.o.d.StatefulSetResource - [helmmqtt] Update StatefulSet (replicas: 1 -> 1)
2025-01-29 14:01:07,853 INFO c.h.h.t.HelmChartContainer - [hivemq-test-hivemq-platform] [hivemq-platform-operator] [9cbe71e6] 14:01:07.851 [pool-6-thread-23] DEBUG c.h.p.o.d.StatefulSetResource - [helmmqtt] Detected change in StatefulSet specification (path: /template/metadata/annotations/kubernetes-resource-versions) (actual value: {broker-configuration-v2=319910904}) (target value: {broker-configuration-v2=0})
2025-01-29 14:01:07,853 INFO c.h.h.t.HelmChartContainer - [hivemq-test-hivemq-platform] [hivemq-platform-operator] [9cbe71e6] 14:01:07.851 [pool-6-thread-23] INFO  c.h.p.o.d.StatefulSetResource - [helmmqtt] StatefulSet spec was updated, triggering rolling restart
2025-01-29 14:01:07,912 INFO c.h.h.t.HelmChartContainer - [K3S] [authentication.go:74] "Unable to authenticate the request" err="[invalid bearer token, serviceaccounts \"hivemq-platform-pod-test-hivemq-platform\" not found]"
2025-01-29 14:01:07,929 INFO c.h.h.t.HelmChartContainer - [K3S] [authentication.go:74] "Unable to authenticate the request" err="[invalid bearer token, serviceaccounts \"hivemq-platform-pod-test-hivemq-platform\" not found]"
2025-01-29 14:01:07,952 INFO c.h.h.t.HelmChartContainer - [hivemq-test-hivemq-platform] [hivemq-platform-operator] [9cbe71e6] 14:01:07.951 [ReconcilerExecutor-hivemq-controller-116] INFO  c.h.p.o.HiveMQPlatformReconciler - [helmmqtt] Reconciling HiveMQ Platform 'test-hivemq-platform' in namespace 'helmmqttit'
2025-01-29 14:01:07,953 INFO c.h.h.t.HelmChartContainer - [hivemq-test-hivemq-platform] [hivemq-platform-operator] [9cbe71e6] 14:01:07.951 [ReconcilerExecutor-hivemq-controller-116] DEBUG c.h.p.o.HiveMQPlatformReconciler - [helmmqtt] Custom Resource Status RUNNING - HiveMQ Platform is ready (READY) (reconciliation requests: ROLLING_RESTART, REQUESTS_UPDATED)
2025-01-29 14:01:07,953 INFO c.h.h.t.HelmChartContainer - [hivemq-test-hivemq-platform] [hivemq-platform-operator] [9cbe71e6] 14:01:07.952 [ReconcilerExecutor-hivemq-controller-116] DEBUG c.h.p.o.HiveMQPlatformReconciler - [helmmqtt] Custom Resource Spec (replicas: 1) (extensions: 1)
2025-01-29 14:01:07,953 INFO c.h.h.t.HelmChartContainer - [hivemq-test-hivemq-platform] [hivemq-platform-operator] [9cbe71e6] 14:01:07.952 [ReconcilerExecutor-hivemq-controller-116] WARN  c.h.p.o.h.HiveMQPlatformReconcilerErrorHandler - [helmmqtt] Could not find ConfigMap 'hivemq-configuration-test-hivemq-platform' for HiveMQ Platform configuration
2025-01-29 14:01:07,985 INFO c.h.h.t.HelmChartContainer - [hivemq-test-hivemq-platform] [hivemq-platform-operator] [9cbe71e6] 14:01:07.984 [ReconcilerExecutor-hivemq-controller-116] DEBUG c.h.p.operator.event.EventSender - [helmmqtt] Creating K8s event hivemq-platform-invalid-configuration: [Start] Could not find ConfigMap 'hivemq-configuration-test-hivemq-platform' for HiveMQ Platform configuration
2025-01-29 14:01:07,988 INFO c.h.h.t.HelmChartContainer - [EVENT] Warning [Start] Could not find ConfigMap 'hivemq-configuration-test-hivemq-platform' for HiveMQ Platform configuration [helmmqttit:test-hivemq-platform]
2025-01-29 14:01:07,999 INFO c.h.h.t.HelmChartContainer - [test-hivemq-platform] [hivemq] [3ffe8a9e] WARN  - [HiveMQ Platform Operator Init App 1.7.0-SNAPSHOT] Could not update Pod annotations: Failure executing: GET at: https://10.43.0.1:443/api/v1/namespaces/helmmqttit/pods/test-hivemq-platform-0. Message: Unauthorized. Received status: Status(apiVersion=v1, code=401, details=null, kind=Status, message=Unauthorized, metadata=ListMeta(_continue=null, remainingItemCount=null, resourceVersion=null, selfLink=null, additionalProperties={}), reason=Unauthorized, status=Failure, additionalProperties={}).
2025-01-29 14:01:08,053 INFO c.h.h.t.HelmChartContainer - [hivemq-test-hivemq-platform] [hivemq-platform-operator] [9cbe71e6] 14:01:08.051 [ReconcilerExecutor-hivemq-controller-116] INFO  c.h.p.o.h.AbstractHiveMQReconcilerStateHandler - [helmmqtt] Update HiveMQ Platform Status (RUNNING [READY] -> ERROR [INVALID_CONFIG_MAP]): Could not find ConfigMap 'hivemq-configuration-test-hivemq-platform' for HiveMQ Platform configuration (reconciliation requests: ROLLING_RESTART)
2025-01-29 14:01:08,064 INFO c.h.h.t.HelmChartContainer - [hivemq-test-hivemq-platform] [hivemq-platform-operator] [9cbe71e6] 14:01:08.060 [ReconcilerExecutor-hivemq-controller-116] ERROR i.j.o.p.event.EventProcessor - Error during event processing ExecutionScope{ resource id: ResourceID{name='test-hivemq-platform', namespace='helmmqttit'}, version: 1404}
2025-01-29 14:01:08,064 INFO c.h.h.t.HelmChartContainer - [hivemq-test-hivemq-platform] [hivemq-platform-operator] [9cbe71e6] io.fabric8.kubernetes.client.KubernetesClientException: Failure executing: PUT at: https://10.43.0.1:443/apis/hivemq.com/v1/namespaces/helmmqttit/hivemq-platforms/test-hivemq-platform/status. Message: Operation cannot be fulfilled on hivemq-platforms.hivemq.com "test-hivemq-platform": the object has been modified; please apply your changes to the latest version and try again. Received status: Status(apiVersion=v1, code=409, details=StatusDetails(causes=[], group=hivemq.com, kind=hivemq-platforms, name=test-hivemq-platform, retryAfterSeconds=null, uid=null, additionalProperties={}), kind=Status, message=Operation cannot be fulfilled on hivemq-platforms.hivemq.com "test-hivemq-platform": the object has been modified; please apply your changes to the latest version and try again, metadata=ListMeta(_continue=null, remainingItemCount=null, resourceVersion=null, selfLink=null, additionalProperties={}), reason=Conflict, status=Failure, additionalProperties={}).
2025-01-29 14:01:08,064 INFO c.h.h.t.HelmChartContainer - [hivemq-test-hivemq-platform] [hivemq-platform-operator] [9cbe71e6] 	at io.fabric8.kubernetes.client.KubernetesClientException.copyAsCause(KubernetesClientException.java:238)
2025-01-29 14:01:08,064 INFO c.h.h.t.HelmChartContainer - [hivemq-test-hivemq-platform] [hivemq-platform-operator] [9cbe71e6] 	at io.fabric8.kubernetes.client.dsl.internal.OperationSupport.waitForResult(OperationSupport.java:507)
2025-01-29 14:01:08,064 INFO c.h.h.t.HelmChartContainer - [hivemq-test-hivemq-platform] [hivemq-platform-operator] [9cbe71e6] 	at io.fabric8.kubernetes.client.dsl.internal.OperationSupport.handleResponse(OperationSupport.java:524)
2025-01-29 14:01:08,065 INFO c.h.h.t.HelmChartContainer - [hivemq-test-hivemq-platform] [hivemq-platform-operator] [9cbe71e6] 	at io.fabric8.kubernetes.client.dsl.internal.OperationSupport.handleUpdate(OperationSupport.java:358)
2025-01-29 14:01:08,065 INFO c.h.h.t.HelmChartContainer - [hivemq-test-hivemq-platform] [hivemq-platform-operator] [9cbe71e6] 	at io.fabric8.kubernetes.client.dsl.internal.BaseOperation.handleUpdate(BaseOperation.java:759)
2025-01-29 14:01:08,065 INFO c.h.h.t.HelmChartContainer - [hivemq-test-hivemq-platform] [hivemq-platform-operator] [9cbe71e6] 	at io.fabric8.kubernetes.client.dsl.internal.HasMetadataOperation.update(HasMetadataOperation.java:138)
2025-01-29 14:01:08,065 INFO c.h.h.t.HelmChartContainer - [hivemq-test-hivemq-platform] [hivemq-platform-operator] [9cbe71e6] 	at io.fabric8.kubernetes.client.dsl.internal.HasMetadataOperation.update(HasMetadataOperation.java:121)
2025-01-29 14:01:08,065 INFO c.h.h.t.HelmChartContainer - [hivemq-test-hivemq-platform] [hivemq-platform-operator] [9cbe71e6] 	at io.fabric8.kubernetes.client.dsl.internal.HasMetadataOperation.updateStatus(HasMetadataOperation.java:126)
2025-01-29 14:01:08,065 INFO c.h.h.t.HelmChartContainer - [hivemq-test-hivemq-platform] [hivemq-platform-operator] [9cbe71e6] 	at io.fabric8.kubernetes.client.dsl.internal.HasMetadataOperation.updateStatus(HasMetadataOperation.java:44)
2025-01-29 14:01:08,065 INFO c.h.h.t.HelmChartContainer - [hivemq-test-hivemq-platform] [hivemq-platform-operator] [9cbe71e6] 	at io.javaoperatorsdk.operator.processing.event.ReconciliationDispatcher$CustomResourceFacade.updateStatus(ReconciliationDispatcher.java:408)
2025-01-29 14:01:08,065 INFO c.h.h.t.HelmChartContainer - [hivemq-test-hivemq-platform] [hivemq-platform-operator] [9cbe71e6] 	at io.javaoperatorsdk.operator.processing.event.ReconciliationDispatcher.updateStatusGenerationAware(ReconciliationDispatcher.java:228)
2025-01-29 14:01:08,065 INFO c.h.h.t.HelmChartContainer - [hivemq-test-hivemq-platform] [hivemq-platform-operator] [9cbe71e6] 	at io.javaoperatorsdk.operator.processing.event.ReconciliationDispatcher.reconcileExecution(ReconciliationDispatcher.java:150)
2025-01-29 14:01:08,065 INFO c.h.h.t.HelmChartContainer - [hivemq-test-hivemq-platform] [hivemq-platform-operator] [9cbe71e6] 	at io.javaoperatorsdk.operator.processing.event.ReconciliationDispatcher.handleReconcile(ReconciliationDispatcher.java:117)
2025-01-29 14:01:08,065 INFO c.h.h.t.HelmChartContainer - [hivemq-test-hivemq-platform] [hivemq-platform-operator] [9cbe71e6] 	at io.javaoperatorsdk.operator.processing.event.ReconciliationDispatcher.handleDispatch(ReconciliationDispatcher.java:91)
2025-01-29 14:01:08,065 INFO c.h.h.t.HelmChartContainer - [hivemq-test-hivemq-platform] [hivemq-platform-operator] [9cbe71e6] 	at io.javaoperatorsdk.operator.processing.event.ReconciliationDispatcher.handleExecution(ReconciliationDispatcher.java:64)
2025-01-29 14:01:08,065 INFO c.h.h.t.HelmChartContainer - [hivemq-test-hivemq-platform] [hivemq-platform-operator] [9cbe71e6] 	at io.javaoperatorsdk.operator.processing.event.EventProcessor$ReconcilerExecutor.run(EventProcessor.java:452)
2025-01-29 14:01:08,065 INFO c.h.h.t.HelmChartContainer - [hivemq-test-hivemq-platform] [hivemq-platform-operator] [9cbe71e6] 	at java.base/java.util.concurrent.ThreadPoolExecutor.runWorker(Unknown Source)
2025-01-29 14:01:08,065 INFO c.h.h.t.HelmChartContainer - [hivemq-test-hivemq-platform] [hivemq-platform-operator] [9cbe71e6] 	at java.base/java.util.concurrent.ThreadPoolExecutor$Worker.run(Unknown Source)
2025-01-29 14:01:08,065 INFO c.h.h.t.HelmChartContainer - [hivemq-test-hivemq-platform] [hivemq-platform-operator] [9cbe71e6] 	at java.base/java.lang.Thread.run(Unknown Source)
2025-01-29 14:01:08,065 INFO c.h.h.t.HelmChartContainer - [hivemq-test-hivemq-platform] [hivemq-platform-operator] [9cbe71e6] Caused by: io.fabric8.kubernetes.client.KubernetesClientException: Failure executing: PUT at: https://10.43.0.1:443/apis/hivemq.com/v1/namespaces/helmmqttit/hivemq-platforms/test-hivemq-platform/status. Message: Operation cannot be fulfilled on hivemq-platforms.hivemq.com "test-hivemq-platform": the object has been modified; please apply your changes to the latest version and try again. Received status: Status(apiVersion=v1, code=409, details=StatusDetails(causes=[], group=hivemq.com, kind=hivemq-platforms, name=test-hivemq-platform, retryAfterSeconds=null, uid=null, additionalProperties={}), kind=Status, message=Operation cannot be fulfilled on hivemq-platforms.hivemq.com "test-hivemq-platform": the object has been modified; please apply your changes to the latest version and try again, metadata=ListMeta(_continue=null, remainingItemCount=null, resourceVersion=null, selfLink=null, additionalProperties={}), reason=Conflict, status=Failure, additionalProperties={}).
2025-01-29 14:01:08,065 INFO c.h.h.t.HelmChartContainer - [hivemq-test-hivemq-platform] [hivemq-platform-operator] [9cbe71e6] 	at io.fabric8.kubernetes.client.dsl.internal.OperationSupport.requestFailure(OperationSupport.java:660)
2025-01-29 14:01:08,065 INFO c.h.h.t.HelmChartContainer - [hivemq-test-hivemq-platform] [hivemq-platform-operator] [9cbe71e6] 	at io.fabric8.kubernetes.client.dsl.internal.OperationSupport.requestFailure(OperationSupport.java:640)
2025-01-29 14:01:08,065 INFO c.h.h.t.HelmChartContainer - [hivemq-test-hivemq-platform] [hivemq-platform-operator] [9cbe71e6] 	at io.fabric8.kubernetes.client.dsl.internal.OperationSupport.assertResponseCode(OperationSupport.java:589)
2025-01-29 14:01:08,065 INFO c.h.h.t.HelmChartContainer - [hivemq-test-hivemq-platform] [hivemq-platform-operator] [9cbe71e6] 	at io.fabric8.kubernetes.client.dsl.internal.OperationSupport.lambda$handleResponse$0(OperationSupport.java:549)
2025-01-29 14:01:08,065 INFO c.h.h.t.HelmChartContainer - [hivemq-test-hivemq-platform] [hivemq-platform-operator] [9cbe71e6] 	at java.base/java.util.concurrent.CompletableFuture$UniApply.tryFire(Unknown Source)
2025-01-29 14:01:08,065 INFO c.h.h.t.HelmChartContainer - [hivemq-test-hivemq-platform] [hivemq-platform-operator] [9cbe71e6] 	at java.base/java.util.concurrent.CompletableFuture.postComplete(Unknown Source)
2025-01-29 14:01:08,065 INFO c.h.h.t.HelmChartContainer - [hivemq-test-hivemq-platform] [hivemq-platform-operator] [9cbe71e6] 	at java.base/java.util.concurrent.CompletableFuture.complete(Unknown Source)
2025-01-29 14:01:08,065 INFO c.h.h.t.HelmChartContainer - [hivemq-test-hivemq-platform] [hivemq-platform-operator] [9cbe71e6] 	at io.fabric8.kubernetes.client.http.StandardHttpClient.lambda$completeOrCancel$10(StandardHttpClient.java:141)
2025-01-29 14:01:08,065 INFO c.h.h.t.HelmChartContainer - [hivemq-test-hivemq-platform] [hivemq-platform-operator] [9cbe71e6] 	at java.base/java.util.concurrent.CompletableFuture.uniWhenComplete(Unknown Source)
2025-01-29 14:01:08,065 INFO c.h.h.t.HelmChartContainer - [hivemq-test-hivemq-platform] [hivemq-platform-operator] [9cbe71e6] 	at java.base/java.util.concurrent.CompletableFuture$UniWhenComplete.tryFire(Unknown Source)
2025-01-29 14:01:08,065 INFO c.h.h.t.HelmChartContainer - [hivemq-test-hivemq-platform] [hivemq-platform-operator] [9cbe71e6] 	at java.base/java.util.concurrent.CompletableFuture.postComplete(Unknown Source)
2025-01-29 14:01:08,065 INFO c.h.h.t.HelmChartContainer - [hivemq-test-hivemq-platform] [hivemq-platform-operator] [9cbe71e6] 	at java.base/java.util.concurrent.CompletableFuture.complete(Unknown Source)
2025-01-29 14:01:08,065 INFO c.h.h.t.HelmChartContainer - [hivemq-test-hivemq-platform] [hivemq-platform-operator] [9cbe71e6] 	at io.fabric8.kubernetes.client.http.ByteArrayBodyHandler.onBodyDone(ByteArrayBodyHandler.java:51)
2025-01-29 14:01:08,066 INFO c.h.h.t.HelmChartContainer - [hivemq-test-hivemq-platform] [hivemq-platform-operator] [9cbe71e6] 	at java.base/java.util.concurrent.CompletableFuture.uniWhenComplete(Unknown Source)
2025-01-29 14:01:08,066 INFO c.h.h.t.HelmChartContainer - [hivemq-test-hivemq-platform] [hivemq-platform-operator] [9cbe71e6] 	at java.base/java.util.concurrent.CompletableFuture$UniWhenComplete.tryFire(Unknown Source)
2025-01-29 14:01:08,066 INFO c.h.h.t.HelmChartContainer - [hivemq-test-hivemq-platform] [hivemq-platform-operator] [9cbe71e6] 	at java.base/java.util.concurrent.CompletableFuture.postComplete(Unknown Source)
2025-01-29 14:01:08,066 INFO c.h.h.t.HelmChartContainer - [hivemq-test-hivemq-platform] [hivemq-platform-operator] [9cbe71e6] 	at java.base/java.util.concurrent.CompletableFuture.complete(Unknown Source)
2025-01-29 14:01:08,066 INFO c.h.h.t.HelmChartContainer - [hivemq-test-hivemq-platform] [hivemq-platform-operator] [9cbe71e6] 	at io.fabric8.kubernetes.client.vertx.VertxHttpRequest.lambda$null$1(VertxHttpRequest.java:121)
2025-01-29 14:01:08,066 INFO c.h.h.t.HelmChartContainer - [hivemq-test-hivemq-platform] [hivemq-platform-operator] [9cbe71e6] 	at io.vertx.core.impl.ContextInternal.dispatch(ContextInternal.java:279)
2025-01-29 14:01:08,066 INFO c.h.h.t.HelmChartContainer - [hivemq-test-hivemq-platform] [hivemq-platform-operator] [9cbe71e6] 	at io.vertx.core.impl.ContextInternal.dispatch(ContextInternal.java:261)
2025-01-29 14:01:08,066 INFO c.h.h.t.HelmChartContainer - [hivemq-test-hivemq-platform] [hivemq-platform-operator] [9cbe71e6] 	at io.vertx.core.http.impl.HttpEventHandler.handleEnd(HttpEventHandler.java:76)
2025-01-29 14:01:08,066 INFO c.h.h.t.HelmChartContainer - [hivemq-test-hivemq-platform] [hivemq-platform-operator] [9cbe71e6] 	at io.vertx.core.http.impl.HttpClientResponseImpl.handleEnd(HttpClientResponseImpl.java:250)
2025-01-29 14:01:08,066 INFO c.h.h.t.HelmChartContainer - [hivemq-test-hivemq-platform] [hivemq-platform-operator] [9cbe71e6] 	at io.vertx.core.http.impl.Http1xClientConnection$StreamImpl.lambda$new$0(Http1xClientConnection.java:421)
2025-01-29 14:01:08,066 INFO c.h.h.t.HelmChartContainer - [hivemq-test-hivemq-platform] [hivemq-platform-operator] [9cbe71e6] 	at io.vertx.core.streams.impl.InboundBuffer.handleEvent(InboundBuffer.java:279)
2025-01-29 14:01:08,066 INFO c.h.h.t.HelmChartContainer - [hivemq-test-hivemq-platform] [hivemq-platform-operator] [9cbe71e6] 	at io.vertx.core.streams.impl.InboundBuffer.write(InboundBuffer.java:157)
2025-01-29 14:01:08,066 INFO c.h.h.t.HelmChartContainer - [hivemq-test-hivemq-platform] [hivemq-platform-operator] [9cbe71e6] 	at io.vertx.core.http.impl.Http1xClientConnection$StreamImpl.handleEnd(Http1xClientConnection.java:709)
2025-01-29 14:01:08,066 INFO c.h.h.t.HelmChartContainer - [hivemq-test-hivemq-platform] [hivemq-platform-operator] [9cbe71e6] 	at io.vertx.core.impl.ContextImpl.execute(ContextImpl.java:313)
2025-01-29 14:01:08,066 INFO c.h.h.t.HelmChartContainer - [hivemq-test-hivemq-platform] [hivemq-platform-operator] [9cbe71e6] 	at io.vertx.core.impl.ContextImpl.execute(ContextImpl.java:293)
2025-01-29 14:01:08,066 INFO c.h.h.t.HelmChartContainer - [hivemq-test-hivemq-platform] [hivemq-platform-operator] [9cbe71e6] 	at io.vertx.core.http.impl.Http1xClientConnection.handleResponseEnd(Http1xClientConnection.java:940)
2025-01-29 14:01:08,066 INFO c.h.h.t.HelmChartContainer - [hivemq-test-hivemq-platform] [hivemq-platform-operator] [9cbe71e6] 	at io.vertx.core.http.impl.Http1xClientConnection.handleHttpMessage(Http1xClientConnection.java:810)
2025-01-29 14:01:08,066 INFO c.h.h.t.HelmChartContainer - [hivemq-test-hivemq-platform] [hivemq-platform-operator] [9cbe71e6] 	at io.vertx.core.http.impl.Http1xClientConnection.handleMessage(Http1xClientConnection.java:774)
2025-01-29 14:01:08,066 INFO c.h.h.t.HelmChartContainer - [hivemq-test-hivemq-platform] [hivemq-platform-operator] [9cbe71e6] 	at io.vertx.core.net.impl.ConnectionBase.read(ConnectionBase.java:159)
2025-01-29 14:01:08,066 INFO c.h.h.t.HelmChartContainer - [hivemq-test-hivemq-platform] [hivemq-platform-operator] [9cbe71e6] 	at io.vertx.core.net.impl.VertxHandler.channelRead(VertxHandler.java:153)
2025-01-29 14:01:08,066 INFO c.h.h.t.HelmChartContainer - [hivemq-test-hivemq-platform] [hivemq-platform-operator] [9cbe71e6] 	at io.netty.channel.AbstractChannelHandlerContext.invokeChannelRead(AbstractChannelHandlerContext.java:442)
2025-01-29 14:01:08,066 INFO c.h.h.t.HelmChartContainer - [hivemq-test-hivemq-platform] [hivemq-platform-operator] [9cbe71e6] 	at io.netty.channel.AbstractChannelHandlerContext.invokeChannelRead(AbstractChannelHandlerContext.java:420)
2025-01-29 14:01:08,066 INFO c.h.h.t.HelmChartContainer - [hivemq-test-hivemq-platform] [hivemq-platform-operator] [9cbe71e6] 	at io.netty.channel.AbstractChannelHandlerContext.fireChannelRead(AbstractChannelHandlerContext.java:412)
2025-01-29 14:01:08,066 INFO c.h.h.t.HelmChartContainer - [hivemq-test-hivemq-platform] [hivemq-platform-operator] [9cbe71e6] 	at io.netty.channel.CombinedChannelDuplexHandler$DelegatingChannelHandlerContext.fireChannelRead(CombinedChannelDuplexHandler.java:436)
2025-01-29 14:01:08,066 INFO c.h.h.t.HelmChartContainer - [hivemq-test-hivemq-platform] [hivemq-platform-operator] [9cbe71e6] 	at io.netty.handler.codec.ByteToMessageDecoder.fireChannelRead(ByteToMessageDecoder.java:346)
2025-01-29 14:01:08,066 INFO c.h.h.t.HelmChartContainer - [hivemq-test-hivemq-platform] [hivemq-platform-operator] [9cbe71e6] 	at io.netty.handler.codec.ByteToMessageDecoder.channelRead(ByteToMessageDecoder.java:318)
2025-01-29 14:01:08,066 INFO c.h.h.t.HelmChartContainer - [hivemq-test-hivemq-platform] [hivemq-platform-operator] [9cbe71e6] 	at io.netty.channel.CombinedChannelDuplexHandler.channelRead(CombinedChannelDuplexHandler.java:251)
2025-01-29 14:01:08,066 INFO c.h.h.t.HelmChartContainer - [hivemq-test-hivemq-platform] [hivemq-platform-operator] [9cbe71e6] 	at io.netty.channel.AbstractChannelHandlerContext.invokeChannelRead(AbstractChannelHandlerContext.java:442)
2025-01-29 14:01:08,066 INFO c.h.h.t.HelmChartContainer - [hivemq-test-hivemq-platform] [hivemq-platform-operator] [9cbe71e6] 	at io.netty.channel.AbstractChannelHandlerContext.invokeChannelRead(AbstractChannelHandlerContext.java:420)
2025-01-29 14:01:08,066 INFO c.h.h.t.HelmChartContainer - [hivemq-test-hivemq-platform] [hivemq-platform-operator] [9cbe71e6] 	at io.netty.channel.AbstractChannelHandlerContext.fireChannelRead(AbstractChannelHandlerContext.java:412)
2025-01-29 14:01:08,066 INFO c.h.h.t.HelmChartContainer - [hivemq-test-hivemq-platform] [hivemq-platform-operator] [9cbe71e6] 	at io.netty.handler.ssl.SslHandler.unwrap(SslHandler.java:1475)
2025-01-29 14:01:08,066 INFO c.h.h.t.HelmChartContainer - [hivemq-test-hivemq-platform] [hivemq-platform-operator] [9cbe71e6] 	at io.netty.handler.ssl.SslHandler.decodeJdkCompatible(SslHandler.java:1338)
2025-01-29 14:01:08,066 INFO c.h.h.t.HelmChartContainer - [hivemq-test-hivemq-platform] [hivemq-platform-operator] [9cbe71e6] 	at io.netty.handler.ssl.SslHandler.decode(SslHandler.java:1387)
2025-01-29 14:01:08,066 INFO c.h.h.t.HelmChartContainer - [hivemq-test-hivemq-platform] [hivemq-platform-operator] [9cbe71e6] 	at io.netty.handler.codec.ByteToMessageDecoder.decodeRemovalReentryProtection(ByteToMessageDecoder.java:530)
2025-01-29 14:01:08,066 INFO c.h.h.t.HelmChartContainer - [hivemq-test-hivemq-platform] [hivemq-platform-operator] [9cbe71e6] 	at io.netty.handler.codec.ByteToMessageDecoder.callDecode(ByteToMessageDecoder.java:469)
2025-01-29 14:01:08,066 INFO c.h.h.t.HelmChartContainer - [hivemq-test-hivemq-platform] [hivemq-platform-operator] [9cbe71e6] 	at io.netty.handler.codec.ByteToMessageDecoder.channelRead(ByteToMessageDecoder.java:290)
2025-01-29 14:01:08,066 INFO c.h.h.t.HelmChartContainer - [hivemq-test-hivemq-platform] [hivemq-platform-operator] [9cbe71e6] 	at io.netty.channel.AbstractChannelHandlerContext.invokeChannelRead(AbstractChannelHandlerContext.java:444)
2025-01-29 14:01:08,066 INFO c.h.h.t.HelmChartContainer - [hivemq-test-hivemq-platform] [hivemq-platform-operator] [9cbe71e6] 	at io.netty.channel.AbstractChannelHandlerContext.invokeChannelRead(AbstractChannelHandlerContext.java:420)
2025-01-29 14:01:08,066 INFO c.h.h.t.HelmChartContainer - [hivemq-test-hivemq-platform] [hivemq-platform-operator] [9cbe71e6] 	at io.netty.channel.AbstractChannelHandlerContext.fireChannelRead(AbstractChannelHandlerContext.java:412)
2025-01-29 14:01:08,066 INFO c.h.h.t.HelmChartContainer - [hivemq-test-hivemq-platform] [hivemq-platform-operator] [9cbe71e6] 	at io.netty.channel.DefaultChannelPipeline$HeadContext.channelRead(DefaultChannelPipeline.java:1407)
2025-01-29 14:01:08,066 INFO c.h.h.t.HelmChartContainer - [hivemq-test-hivemq-platform] [hivemq-platform-operator] [9cbe71e6] 	at io.netty.channel.AbstractChannelHandlerContext.invokeChannelRead(AbstractChannelHandlerContext.java:440)
2025-01-29 14:01:08,066 INFO c.h.h.t.HelmChartContainer - [hivemq-test-hivemq-platform] [hivemq-platform-operator] [9cbe71e6] 	at io.netty.channel.AbstractChannelHandlerContext.invokeChannelRead(AbstractChannelHandlerContext.java:420)
2025-01-29 14:01:08,066 INFO c.h.h.t.HelmChartContainer - [hivemq-test-hivemq-platform] [hivemq-platform-operator] [9cbe71e6] 	at io.netty.channel.DefaultChannelPipeline.fireChannelRead(DefaultChannelPipeline.java:918)
2025-01-29 14:01:08,066 INFO c.h.h.t.HelmChartContainer - [hivemq-test-hivemq-platform] [hivemq-platform-operator] [9cbe71e6] 	at io.netty.channel.nio.AbstractNioByteChannel$NioByteUnsafe.read(AbstractNioByteChannel.java:166)
2025-01-29 14:01:08,066 INFO c.h.h.t.HelmChartContainer - [hivemq-test-hivemq-platform] [hivemq-platform-operator] [9cbe71e6] 	at io.netty.channel.nio.NioEventLoop.processSelectedKey(NioEventLoop.java:788)
2025-01-29 14:01:08,066 INFO c.h.h.t.HelmChartContainer - [hivemq-test-hivemq-platform] [hivemq-platform-operator] [9cbe71e6] 	at io.netty.channel.nio.NioEventLoop.processSelectedKeysOptimized(NioEventLoop.java:724)
2025-01-29 14:01:08,066 INFO c.h.h.t.HelmChartContainer - [hivemq-test-hivemq-platform] [hivemq-platform-operator] [9cbe71e6] 	at io.netty.channel.nio.NioEventLoop.processSelectedKeys(NioEventLoop.java:650)
2025-01-29 14:01:08,066 INFO c.h.h.t.HelmChartContainer - [hivemq-test-hivemq-platform] [hivemq-platform-operator] [9cbe71e6] 	at io.netty.channel.nio.NioEventLoop.run(NioEventLoop.java:562)
2025-01-29 14:01:08,066 INFO c.h.h.t.HelmChartContainer - [hivemq-test-hivemq-platform] [hivemq-platform-operator] [9cbe71e6] 	at io.netty.util.concurrent.SingleThreadEventExecutor$4.run(SingleThreadEventExecutor.java:997)
2025-01-29 14:01:08,066 INFO c.h.h.t.HelmChartContainer - [hivemq-test-hivemq-platform] [hivemq-platform-operator] [9cbe71e6] 	at io.netty.util.internal.ThreadExecutorMap$2.run(ThreadExecutorMap.java:74)
2025-01-29 14:01:08,066 INFO c.h.h.t.HelmChartContainer - [hivemq-test-hivemq-platform] [hivemq-platform-operator] [9cbe71e6] 	at io.netty.util.concurrent.FastThreadLocalRunnable.run(FastThreadLocalRunnable.java:30)
2025-01-29 14:01:08,066 INFO c.h.h.t.HelmChartContainer - [hivemq-test-hivemq-platform] [hivemq-platform-operator] [9cbe71e6] 	... 1 common frames omitted
2025-01-29 14:01:08,083 INFO c.h.h.t.HelmChartContainer - [hivemq-test-hivemq-platform] [hivemq-platform-operator] [9cbe71e6] 14:01:08.081 [ReconcilerExecutor-hivemq-controller-121] INFO  c.h.p.o.HiveMQPlatformReconciler - [helmmqtt] Cleanup test-hivemq-platform - helmmqttit HiveMQ Platform is shut down
2025-01-29 14:01:08,235 INFO c.h.h.t.HelmChartContainer - [POD] test-hivemq-platform-0 [3ffe8a9e-a438-4fdb-8747-a370fe1d57e6] in helmmqttit was MODIFIED
2025-01-29 14:01:08,240 INFO c.h.h.t.HelmChartContainer - [EVENT] Normal [Killing] Stopping container hivemq [helmmqttit:test-hivemq-platform-0]
2025-01-29 14:01:08,241 INFO c.h.h.t.HelmChartContainer - Received Killing event for container hivemq in pod test-hivemq-platform-0 [3ffe8a9e-a438-4fdb-8747-a370fe1d57e6]
2025-01-29 14:01:08,242 INFO c.h.h.t.HelmChartContainer - Container [test-hivemq-platform-0] [hivemq] [3ffe8a9e-a438-4fdb-8747-a370fe1d57e6] was terminated
2025-01-29 14:01:08,242 INFO c.h.h.t.HelmChartContainer - Stopped log watcher for hivemq in pod test-hivemq-platform-0 [3ffe8a9e-a438-4fdb-8747-a370fe1d57e6]
2025-01-29 14:01:08,249 INFO c.h.h.t.HelmChartContainer - [test-hivemq-platform] [hivemq] [3ffe8a9e] INFO  - [HiveMQ Platform Operator Init App 1.7.0-SNAPSHOT] Shutting down
2025-01-29 14:01:08,249 INFO c.h.h.t.HelmChartContainer - [test-hivemq-platform] [hivemq] [3ffe8a9e] INFO  - [HiveMQ Platform Operator Init App 1.7.0-SNAPSHOT] Stopping the HiveMQ Platform
2025-01-29 14:01:08,355 INFO c.h.h.t.HelmChartContainer - [test-hivemq-platform] [hivemq] [3ffe8a9e] INFO  - Shutting down HiveMQ. Please wait, this could take a while...
2025-01-29 14:01:08,359 INFO c.h.h.t.HelmChartContainer - [test-hivemq-platform] [hivemq] [3ffe8a9e] INFO  - Shutting down listeners and clients
2025-01-29 14:01:08,391 INFO c.h.h.t.HelmChartContainer - [test-hivemq-platform] [hivemq] [3ffe8a9e] INFO  - Shutdown of listeners is done
2025-01-29 14:01:08,391 INFO c.h.h.t.HelmChartContainer - [test-hivemq-platform] [hivemq] [3ffe8a9e] INFO  - No clients are connected, proceeding with shutdown
2025-01-29 14:01:09,749 INFO c.h.h.t.HelmChartContainer - Deleting namespace 'helmmqttit'...
2025-01-29 14:01:10,798 INFO c.h.h.t.HelmChartContainer - [test-hivemq-platform] [hivemq] [3ffe8a9e] INFO  - Shutting down extension system
2025-01-29 14:01:10,800 INFO c.h.h.t.HelmChartContainer - [test-hivemq-platform] [hivemq] [3ffe8a9e] INFO  - Stopping extension with id hivemq-dns-cluster-discovery
2025-01-29 14:01:10,800 INFO c.h.h.t.HelmChartContainer - [test-hivemq-platform] [hivemq] [3ffe8a9e] INFO  - Extension "DNS Cluster Discovery Extension" version 4.3.2 stopped successfully.
2025-01-29 14:01:10,801 INFO c.h.h.t.HelmChartContainer - [test-hivemq-platform] [hivemq] [3ffe8a9e] INFO  - Stopping extension with id hivemq-prometheus-extension
2025-01-29 14:01:10,805 INFO c.h.h.t.HelmChartContainer - [test-hivemq-platform] [hivemq] [3ffe8a9e] INFO  - Extension "Prometheus Monitoring Extension" version 4.0.12 stopped successfully.
2025-01-29 14:01:10,806 INFO c.h.h.t.HelmChartContainer - [test-hivemq-platform] [hivemq] [3ffe8a9e] INFO  - Stopping extension with id hivemq-allow-all-extension
2025-01-29 14:01:10,806 INFO c.h.h.t.HelmChartContainer - [test-hivemq-platform] [hivemq] [3ffe8a9e] INFO  - Extension "Allow All Extension" version 1.1.1 stopped successfully.
2025-01-29 14:01:12,406 INFO c.h.h.t.HelmChartContainer - [test-hivemq-platform] [hivemq] [3ffe8a9e] INFO  - [HiveMQ Platform Operator Init App 1.7.0-SNAPSHOT] Returning shutdown Health API response 503 for readiness
2025-01-29 14:01:12,411 INFO c.h.h.t.HelmChartContainer - [EVENT] Warning [Unhealthy] Readiness probe failed: HTTP probe failed with statuscode: 503 [helmmqttit:test-hivemq-platform-0]
2025-01-29 14:01:12,411 INFO c.h.h.t.HelmChartContainer - Received Unhealthy event for container hivemq in pod test-hivemq-platform-0 [3ffe8a9e-a438-4fdb-8747-a370fe1d57e6]
2025-01-29 14:01:13,043 INFO c.h.h.t.HelmChartContainer - [K3S] [authentication.go:74] "Unable to authenticate the request" err="[invalid bearer token, serviceaccounts \"hivemq-platform-pod-test-hivemq-platform\" not found]"
2025-01-29 14:01:13,095 INFO c.h.h.t.HelmChartContainer - [K3S] [authentication.go:74] "Unable to authenticate the request" err="[invalid bearer token, serviceaccounts \"hivemq-platform-pod-test-hivemq-platform\" not found]"
2025-01-29 14:01:13,141 INFO c.h.h.t.HelmChartContainer - [test-hivemq-platform] [hivemq] [3ffe8a9e] WARN  - [HiveMQ Platform Operator Init App 1.7.0-SNAPSHOT] Could not update Pod annotations: Failure executing: GET at: https://10.43.0.1:443/api/v1/namespaces/helmmqttit/pods/test-hivemq-platform-0. Message: Unauthorized. Received status: Status(apiVersion=v1, code=401, details=null, kind=Status, message=Unauthorized, metadata=ListMeta(_continue=null, remainingItemCount=null, resourceVersion=null, selfLink=null, additionalProperties={}), reason=Unauthorized, status=Failure, additionalProperties={}).
2025-01-29 14:01:13,241 INFO c.h.h.t.HelmChartContainer - [test-hivemq-platform] [hivemq] [3ffe8a9e] INFO  - Shutdown completed.
2025-01-29 14:01:13,589 INFO c.h.h.t.HelmChartContainer - [test-hivemq-platform] [hivemq] [3ffe8a9e] INFO  - [HiveMQ Platform Operator Init App 1.7.0-SNAPSHOT] The HiveMQ Platform exited with code 143
2025-01-29 14:01:13,589 INFO c.h.h.t.HelmChartContainer - [test-hivemq-platform] [hivemq] [3ffe8a9e] INFO  - [HiveMQ Platform Operator Init App 1.7.0-SNAPSHOT] Stopping the REST API
2025-01-29 14:01:13,594 INFO c.h.h.t.HelmChartContainer - [test-hivemq-platform] [hivemq] [3ffe8a9e] INFO  - [HiveMQ Platform Operator Init App 1.7.0-SNAPSHOT] Shutdown complete
2025-01-29 14:01:14,063 INFO c.h.h.t.HelmChartContainer - [POD] test-hivemq-platform-0 [3ffe8a9e-a438-4fdb-8747-a370fe1d57e6] in helmmqttit was MODIFIED
2025-01-29 14:01:14,063 INFO c.h.h.t.HelmChartContainer - [K3S] [stateful_set.go:438] "Unhandled Error" err="error syncing StatefulSet helmmqttit/test-hivemq-platform, requeuing: controllerrevisions.apps \"test-hivemq-platform-86c78c5c66\" is forbidden: unable to create new content in namespace helmmqttit because it is being terminated"
2025-01-29 14:01:14,071 INFO c.h.h.t.HelmChartContainer - [K3S] [stateful_set.go:438] "Unhandled Error" err="error syncing StatefulSet helmmqttit/test-hivemq-platform, requeuing: controllerrevisions.apps \"test-hivemq-platform-86c78c5c66\" is forbidden: unable to create new content in namespace helmmqttit because it is being terminated"
2025-01-29 14:01:14,083 INFO c.h.h.t.HelmChartContainer - [K3S] [stateful_set.go:438] "Unhandled Error" err="error syncing StatefulSet helmmqttit/test-hivemq-platform, requeuing: controllerrevisions.apps \"test-hivemq-platform-86c78c5c66\" is forbidden: unable to create new content in namespace helmmqttit because it is being terminated"
2025-01-29 14:01:14,087 INFO c.h.h.t.HelmChartContainer - [K3S] [reconciler_common.go:162] "operationExecutor.UnmountVolume started for volume \"kube-api-access-tf7qj\" (UniqueName: \"kubernetes.io/projected/3ffe8a9e-a438-4fdb-8747-a370fe1d57e6-kube-api-access-tf7qj\") pod \"3ffe8a9e-a438-4fdb-8747-a370fe1d57e6\" (UID: \"3ffe8a9e-a438-4fdb-8747-a370fe1d57e6\") "
2025-01-29 14:01:14,088 INFO c.h.h.t.HelmChartContainer - [K3S] [reconciler_common.go:162] "operationExecutor.UnmountVolume started for volume \"operator-init\" (UniqueName: \"kubernetes.io/empty-dir/3ffe8a9e-a438-4fdb-8747-a370fe1d57e6-operator-init\") pod \"3ffe8a9e-a438-4fdb-8747-a370fe1d57e6\" (UID: \"3ffe8a9e-a438-4fdb-8747-a370fe1d57e6\") "
2025-01-29 14:01:14,088 INFO c.h.h.t.HelmChartContainer - [K3S] [reconciler_common.go:162] "operationExecutor.UnmountVolume started for volume \"pod-info\" (UniqueName: \"kubernetes.io/configmap/3ffe8a9e-a438-4fdb-8747-a370fe1d57e6-pod-info\") pod \"3ffe8a9e-a438-4fdb-8747-a370fe1d57e6\" (UID: \"3ffe8a9e-a438-4fdb-8747-a370fe1d57e6\") "
2025-01-29 14:01:14,088 INFO c.h.h.t.HelmChartContainer - [K3S] [reconciler_common.go:162] "operationExecutor.UnmountVolume started for volume \"broker-configuration\" (UniqueName: \"kubernetes.io/configmap/3ffe8a9e-a438-4fdb-8747-a370fe1d57e6-broker-configuration\") pod \"3ffe8a9e-a438-4fdb-8747-a370fe1d57e6\" (UID: \"3ffe8a9e-a438-4fdb-8747-a370fe1d57e6\") "
2025-01-29 14:01:14,107 INFO c.h.h.t.HelmChartContainer - [K3S] [stateful_set.go:438] "Unhandled Error" err="error syncing StatefulSet helmmqttit/test-hivemq-platform, requeuing: controllerrevisions.apps \"test-hivemq-platform-86c78c5c66\" is forbidden: unable to create new content in namespace helmmqttit because it is being terminated"
2025-01-29 14:01:14,149 INFO c.h.h.t.HelmChartContainer - [K3S] [stateful_set.go:438] "Unhandled Error" err="error syncing StatefulSet helmmqttit/test-hivemq-platform, requeuing: controllerrevisions.apps \"test-hivemq-platform-86c78c5c66\" is forbidden: unable to create new content in namespace helmmqttit because it is being terminated"
2025-01-29 14:01:14,187 INFO c.h.h.t.HelmChartContainer - [K3S] [reconciler_common.go:299] "Volume detached for volume \"kube-api-access-tf7qj\" (UniqueName: \"kubernetes.io/projected/3ffe8a9e-a438-4fdb-8747-a370fe1d57e6-kube-api-access-tf7qj\") on node \"b2f104d21a5d\" DevicePath \"\""
2025-01-29 14:01:14,187 INFO c.h.h.t.HelmChartContainer - [K3S] [reconciler_common.go:299] "Volume detached for volume \"operator-init\" (UniqueName: \"kubernetes.io/empty-dir/3ffe8a9e-a438-4fdb-8747-a370fe1d57e6-operator-init\") on node \"b2f104d21a5d\" DevicePath \"\""
2025-01-29 14:01:14,187 INFO c.h.h.t.HelmChartContainer - [K3S] [reconciler_common.go:299] "Volume detached for volume \"pod-info\" (UniqueName: \"kubernetes.io/configmap/3ffe8a9e-a438-4fdb-8747-a370fe1d57e6-pod-info\") on node \"b2f104d21a5d\" DevicePath \"\""
2025-01-29 14:01:14,187 INFO c.h.h.t.HelmChartContainer - [K3S] [reconciler_common.go:299] "Volume detached for volume \"broker-configuration\" (UniqueName: \"kubernetes.io/configmap/3ffe8a9e-a438-4fdb-8747-a370fe1d57e6-broker-configuration\") on node \"b2f104d21a5d\" DevicePath \"\""
2025-01-29 14:01:14,233 INFO c.h.h.t.HelmChartContainer - [K3S] [stateful_set.go:438] "Unhandled Error" err="error syncing StatefulSet helmmqttit/test-hivemq-platform, requeuing: controllerrevisions.apps \"test-hivemq-platform-86c78c5c66\" is forbidden: unable to create new content in namespace helmmqttit because it is being terminated"
2025-01-29 14:01:14,396 INFO c.h.h.t.HelmChartContainer - [K3S] [stateful_set.go:438] "Unhandled Error" err="error syncing StatefulSet helmmqttit/test-hivemq-platform, requeuing: controllerrevisions.apps \"test-hivemq-platform-86c78c5c66\" is forbidden: unable to create new content in namespace helmmqttit because it is being terminated"
2025-01-29 14:01:14,719 INFO c.h.h.t.HelmChartContainer - [K3S] [stateful_set.go:438] "Unhandled Error" err="error syncing StatefulSet helmmqttit/test-hivemq-platform, requeuing: controllerrevisions.apps \"test-hivemq-platform-86c78c5c66\" is forbidden: unable to create new content in namespace helmmqttit because it is being terminated"
2025-01-29 14:01:14,797 INFO c.h.h.t.HelmChartContainer - [K3S] [stateful_set.go:466] "StatefulSet has been deleted" key="helmmqttit/test-hivemq-platform"
2025-01-29 14:01:14,868 INFO c.h.h.t.HelmChartContainer - [K3S] [scope.go:117] "RemoveContainer" containerID="5e4075cbd4a2541bec8bed4a0aa7a0a48ba0ed881dcafb02b445135c8ff47939"
2025-01-29 14:01:14,881 INFO c.h.h.t.HelmChartContainer - [POD] test-hivemq-platform-0 [3ffe8a9e-a438-4fdb-8747-a370fe1d57e6] in helmmqttit was MODIFIED
2025-01-29 14:01:14,886 INFO c.h.h.t.HelmChartContainer - [POD] test-hivemq-platform-0 [3ffe8a9e-a438-4fdb-8747-a370fe1d57e6] in helmmqttit was DELETED
2025-01-29 14:01:14,976 INFO c.h.h.t.HelmChartContainer - [K3S] [scope.go:117] "RemoveContainer" containerID="e2017ccfea0bfcd4dc2f3ad2295a07d10b0c5b28d0e1e63ff894df0089a66dd0"
2025-01-29 14:01:14,980 INFO c.h.h.t.HelmChartContainer - [K3S] [scope.go:117] "RemoveContainer" containerID="5e4075cbd4a2541bec8bed4a0aa7a0a48ba0ed881dcafb02b445135c8ff47939"
2025-01-29 14:01:14,981 INFO c.h.h.t.HelmChartContainer - [K3S] [scope.go:117] "RemoveContainer" containerID="e2017ccfea0bfcd4dc2f3ad2295a07d10b0c5b28d0e1e63ff894df0089a66dd0"
2025-01-29 14:01:15,007 INFO c.h.h.t.HelmChartContainer - [K3S] [namespace_controller.go:164] "Unhandled Error" err="deletion of namespace helmmqttit failed: unexpected items still remain in namespace: helmmqttit for gvr: /v1, Resource=pods"
2025-01-29 14:01:15,268 INFO c.h.h.t.HelmChartContainer - Namespace 'helmmqttit' deleted
2025-01-29 14:01:15,268 INFO c.h.h.t.HelmChartContainer - Release 'test-hivemq-platform' in namespace 'helmmqttit' is uninstalled
2025-01-29 14:01:15,268 INFO c.h.h.t.HelmChartContainer - Uninstalling release 'test-hivemq-platform-operator' in namespace 'helmmqttit-operator'...
2025-01-29 14:01:15,268 DEBUG c.h.h.t.HelmChartContainer - Executing helm command: /bin/helm --kubeconfig /etc/rancher/k3s/k3s.yaml uninstall test-hivemq-platform-operator  --wait --timeout 5m0s --cascade foreground --namespace helmmqttit-operator
2025-01-29 14:01:15,361 INFO c.h.h.t.HelmChartContainer - [K3S] [stateful_set.go:466] "StatefulSet has been deleted" key="helmmqttit/test-hivemq-platform"
2025-01-29 14:01:15,434 INFO c.h.h.t.HelmChartContainer - [K3S] [replica_set.go:679] "Finished syncing" kind="ReplicaSet" key="helmmqttit-operator/hivemq-test-hivemq-platform-operator-6966f96d65" duration="10.563967ms"
2025-01-29 14:01:15,434 INFO c.h.h.t.HelmChartContainer - [K3S] [replica_set.go:679] "Finished syncing" kind="ReplicaSet" key="helmmqttit-operator/hivemq-test-hivemq-platform-operator-6966f96d65" duration="36.638µs"
2025-01-29 14:01:15,445 INFO c.h.h.t.HelmChartContainer - [POD] hivemq-test-hivemq-platform-operator-6966f96d65-77zjn [9cbe71e6-e449-46ee-9890-45ae8de1332f] in helmmqttit-operator was MODIFIED
2025-01-29 14:01:15,454 INFO c.h.h.t.HelmChartContainer - [K3S] [replica_set.go:679] "Finished syncing" kind="ReplicaSet" key="helmmqttit-operator/hivemq-test-hivemq-platform-operator-6966f96d65" duration="10.963628ms"
2025-01-29 14:01:15,457 INFO c.h.h.t.HelmChartContainer - [K3S] [replica_set.go:679] "Finished syncing" kind="ReplicaSet" key="helmmqttit-operator/hivemq-test-hivemq-platform-operator-6966f96d65" duration="291.837µs"
2025-01-29 14:01:15,463 INFO c.h.h.t.HelmChartContainer - [EVENT] Normal [Killing] Stopping container hivemq-platform-operator [helmmqttit-operator:hivemq-test-hivemq-platform-operator-6966f96d65-77zjn]
2025-01-29 14:01:15,463 INFO c.h.h.t.HelmChartContainer - Received Killing event for container hivemq-platform-operator in pod hivemq-test-hivemq-platform-operator-6966f96d65-77zjn [9cbe71e6-e449-46ee-9890-45ae8de1332f]
2025-01-29 14:01:15,463 INFO c.h.h.t.HelmChartContainer - Container [hivemq-test-hivemq-platform-operator-6966f96d65-77zjn] [hivemq-platform-operator] [9cbe71e6-e449-46ee-9890-45ae8de1332f] was terminated
2025-01-29 14:01:15,463 INFO c.h.h.t.HelmChartContainer - Stopped log watcher for hivemq-platform-operator in pod hivemq-test-hivemq-platform-operator-6966f96d65-77zjn [9cbe71e6-e449-46ee-9890-45ae8de1332f]
2025-01-29 14:01:15,466 INFO c.h.h.t.HelmChartContainer - [hivemq-test-hivemq-platform] [hivemq-platform-operator] [9cbe71e6] 14:01:15.458 [application-shutdown-thread] INFO  c.h.p.o.HiveMQPlatformOperatorApplication - HiveMQ Platform Operator is stopping...
2025-01-29 14:01:15,466 INFO c.h.h.t.HelmChartContainer - [hivemq-test-hivemq-platform] [hivemq-platform-operator] [9cbe71e6] 14:01:15.459 [application-shutdown-thread] INFO  i.javaoperatorsdk.operator.Operator - Operator SDK 4.9.7 is shutting down...
2025-01-29 14:01:16,093 INFO c.h.h.t.HelmChartContainer - [K3S] [replica_set.go:679] "Finished syncing" kind="ReplicaSet" key="helmmqttit-operator/hivemq-test-hivemq-platform-operator-6966f96d65" duration="46.928µs"
2025-01-29 14:01:16,093 INFO c.h.h.t.HelmChartContainer - [POD] hivemq-test-hivemq-platform-operator-6966f96d65-77zjn [9cbe71e6-e449-46ee-9890-45ae8de1332f] in helmmqttit-operator was MODIFIED
2025-01-29 14:01:16,197 INFO c.h.h.t.HelmChartContainer - [K3S] [reconciler_common.go:162] "operationExecutor.UnmountVolume started for volume \"kube-api-access-gl6hr\" (UniqueName: \"kubernetes.io/projected/9cbe71e6-e449-46ee-9890-45ae8de1332f-kube-api-access-gl6hr\") pod \"9cbe71e6-e449-46ee-9890-45ae8de1332f\" (UID: \"9cbe71e6-e449-46ee-9890-45ae8de1332f\") "
2025-01-29 14:01:16,206 INFO c.h.h.t.HelmChartContainer - [K3S] [kubelet_volumes.go:163] "Cleaned up orphaned pod volumes dir" podUID="3ffe8a9e-a438-4fdb-8747-a370fe1d57e6" path="/var/lib/kubelet/pods/3ffe8a9e-a438-4fdb-8747-a370fe1d57e6/volumes"
2025-01-29 14:01:16,297 INFO c.h.h.t.HelmChartContainer - [K3S] [reconciler_common.go:299] "Volume detached for volume \"kube-api-access-gl6hr\" (UniqueName: \"kubernetes.io/projected/9cbe71e6-e449-46ee-9890-45ae8de1332f-kube-api-access-gl6hr\") on node \"b2f104d21a5d\" DevicePath \"\""
2025-01-29 14:01:16,873 INFO c.h.h.t.HelmChartContainer - [K3S] [scope.go:117] "RemoveContainer" containerID="eb57fa69d23437264c50da4768f94107ab5b43996860d9a8a4dcf05314da6a5e"
2025-01-29 14:01:16,876 INFO c.h.h.t.HelmChartContainer - [K3S] [scope.go:117] "RemoveContainer" containerID="eb57fa69d23437264c50da4768f94107ab5b43996860d9a8a4dcf05314da6a5e"
2025-01-29 14:01:16,882 INFO c.h.h.t.HelmChartContainer - [K3S] [replica_set.go:679] "Finished syncing" kind="ReplicaSet" key="helmmqttit-operator/hivemq-test-hivemq-platform-operator-6966f96d65" duration="78.176µs"
2025-01-29 14:01:16,883 INFO c.h.h.t.HelmChartContainer - [POD] hivemq-test-hivemq-platform-operator-6966f96d65-77zjn [9cbe71e6-e449-46ee-9890-45ae8de1332f] in helmmqttit-operator was MODIFIED
2025-01-29 14:01:16,884 INFO c.h.h.t.HelmChartContainer - [POD] hivemq-test-hivemq-platform-operator-6966f96d65-77zjn [9cbe71e6-e449-46ee-9890-45ae8de1332f] in helmmqttit-operator was DELETED
2025-01-29 14:01:16,885 INFO c.h.h.t.HelmChartContainer - [K3S] [replica_set.go:679] "Finished syncing" kind="ReplicaSet" key="helmmqttit-operator/hivemq-test-hivemq-platform-operator-6966f96d65" duration="31.127µs"
2025-01-29 14:01:16,894 INFO c.h.h.t.HelmChartContainer - [K3S] [replica_set.go:679] "Finished syncing" kind="ReplicaSet" key="helmmqttit-operator/hivemq-test-hivemq-platform-operator-6966f96d65" duration="7.304µs"
2025-01-29 14:01:17,474 INFO c.h.h.t.HelmChartContainer - Deleting namespace 'helmmqttit-operator'...
2025-01-29 14:01:18,206 INFO c.h.h.t.HelmChartContainer - [K3S] [kubelet_volumes.go:163] "Cleaned up orphaned pod volumes dir" podUID="9cbe71e6-e449-46ee-9890-45ae8de1332f" path="/var/lib/kubelet/pods/9cbe71e6-e449-46ee-9890-45ae8de1332f/volumes"
2025-01-29 14:01:20,179 INFO c.h.h.t.HelmChartContainer - [K3S] [namespace_controller.go:187] "Namespace has been deleted" namespace="helmmqttit"
2025-01-29 14:01:22,690 INFO c.h.h.t.HelmChartContainer - Namespace 'helmmqttit-operator' deleted
2025-01-29 14:01:22,690 INFO c.h.h.t.HelmChartContainer - Release 'test-hivemq-platform-operator' in namespace 'helmmqttit-operator' is uninstalled
2025-01-29 14:01:23,415 INFO c.h.helmcharts.AbstractHelmChartIT - Removed unused containers:

2025-01-29 14:01:27,609 INFO c.h.h.t.HelmChartContainer - [K3S] [namespace_controller.go:187] "Namespace has been deleted" namespace="helmmqttit-operator"
2025-01-29 14:01:31,120 INFO c.h.helmcharts.AbstractHelmChartIT - Removed unused snapshots:
Removing snapshot sha256:03af251906410714c5aef9fa705b63f6bbc39c4a5e787de7361eeb18886c2ed2
Removing snapshot sha256:0c46b3b43cce082ce5ec34ffc6c294e0417d17b9d1e6f366d114b6aadc4f96dc
Removing snapshot sha256:0ce761beee59082d6ed5bcebd3a805b8ddd9b3426b617e4809e7fb7c6587ffec
Removing snapshot sha256:0df91287303208332c8ff6ba40ae4710105201739addbfbddfb955f1ad593664
Removing snapshot sha256:0ecdb74ccb731a156f08e2c24f71884cb7b54f057c1105e923610b9bed48063f
Removing snapshot sha256:1021ef88c7974bfff89c5a0ec4fd3160daac6c48a075f74cff721f85dd104e68
Removing snapshot sha256:10aba4953ddc18145dd38e3704709bc464aa20af60b56fe52caaff4b68411e62
Removing snapshot sha256:2573e0d8158209ed54ab25c87bcdcb00bd3d2539246960a3d592a1c599d70465
Removing snapshot sha256:362a8a37f8bbc31925a8146adcf7cf51f9882f5c1dcbef67c5baa03a297543c0
Removing snapshot sha256:3a073dc912c0263431cada6d7fe35f04a95394a7784fa29630e360ad4629e5fe
Removing snapshot sha256:3fa4ad33f0ddc8fd45b39b6b4640f82a3a83619606cd975bfe89d8710ad2d4cd
Removing snapshot sha256:43a7c979bbaba6838bc3102d6b10a1459f3ab050b87ccdfef84ef90cf43d3058
Removing snapshot sha256:4ab04491cdf0d3267f08206fe30bd48f49f94b9cab2f016d6739220f722a64af
Removing snapshot sha256:4b6068250e89c96f263060261819c7d912855bfbd64b3eb4c4a8483299b8c295
Removing snapshot sha256:580e69a0a8034ede1921139bbd2bfb72a69ebf276d008281896c32dd8bf74775
Removing snapshot sha256:5d30ba46b27fe37484567ccc5242cadc78217b8da605f3f195ef25cbf7487904
Removing snapshot sha256:63ca1fbb43ae5034640e5e6cb3e083e05c290072c5366fcaa9d62435a4cced85
Removing snapshot sha256:67f702c6baae873bceb19487c8b1f27bd2b86077e4f2f0e480e6d60ab508b8f5
Removing snapshot sha256:6864348dd42806d552efdec384f1274be15e2d0c10ce44c1f04347af004c10a9
Removing snapshot sha256:6c7dee8f2c39b84b7dc2711c01d33de93514d9055499173e9290176fbe484b6c
Removing snapshot sha256:82753493a6d61ded36556292f02f31841a14c20d2f279f19eaad65afb661d5cd
Removing snapshot sha256:8a10d3db42c505ee0fcfa98417bdd7e39b304f6bcc0a06bb1b220797ff2cc63c
Removing snapshot sha256:a21e5b12dbac529ad45d976eb9ce45c881f3bedcc500fb30aba1e52aa1813418
Removing snapshot sha256:b921e6c28969094157f9b8e7244677780319637afd14450b7cb6b2fdea558a0c
Removing snapshot sha256:bc27ecb5769a00e309cf99ebc763c4a4b958b618d1decc96ffac5bc05f02f5b7
Removing snapshot sha256:be3ccb6627a5332e309d45ef461d09b4879dd870c7394d89323d0ebc6ca6aa8a
Removing snapshot sha256:c261f7cbbc64211ee175ee47273acdb7b1a36a4450b397a064a8f2c026490095
Removing snapshot sha256:c34d9393647eea0c9e3557ab988efaf59f61d10a2a5613b439ef0958cca5ec10
Removing snapshot sha256:ccf3c4a0fa967a41c1c83497a2ce6fa5787965859df0adb32c4ca2cf7490bc2b
Removing snapshot sha256:cf92d33f869417309692088c341cd0f223c178ea78a125f757317b22aa8f90e9
Removing snapshot sha256:d0037344cf2fb078884f1849f6a1f8cf9a33a3b6139b6a85833e5ee528e1f9a8
Removing snapshot sha256:d3b36d5b79273b1e98e7700470eaeff05a882e777124d84cebcc1505b85ecb36
Removing snapshot sha256:d65a44a37914602d12c611e5e22a50f11451d847e63015cc1c2aef92dee777a4
Removing snapshot sha256:e2dc0bae2455930f23ae570e019b7f32edc75c0f2d71cab084db837ff9051796
Removing snapshot sha256:eccbd24a99c60cd9e86ee5305dbfc4a4dc89f5ab4fb1f06c8d64797cecedef34
Removing snapshot sha256:f144bb4c7c7f0d2aa7eeffd36d934ec40db1ee167be727e326aad9fdc616f475

]]></system-out>
  </testcase>
  <testcase name="platformChart_whenMqttEnabled_thenSendsReceivesMessage()" classname="com.hivemq.helmcharts.services.HelmMqttIT" time="98.924">
    <system-out><![CDATA[2025-01-29 14:01:31,122 INFO c.h.h.t.HelmChartContainer - Creating namespace 'helmmqttit-operator'...
2025-01-29 14:01:31,127 INFO c.h.h.t.HelmChartContainer - Namespace 'helmmqttit-operator' created
2025-01-29 14:01:31,127 INFO c.h.h.t.HelmChartContainer - Creating namespace 'helmmqttit'...
2025-01-29 14:01:31,134 INFO c.h.h.t.HelmChartContainer - Namespace 'helmmqttit' created
2025-01-29 14:01:31,202 DEBUG c.h.h.t.HelmChartContainer - Executing helm command: /bin/helm --kubeconfig /etc/rancher/k3s/k3s.yaml install test-hivemq-platform-operator /charts/hivemq-platform-operator --wait --timeout 5m0s --set image.repository=docker.io/hivemq --set image.name=hivemq-platform-operator-test --set image.initImageName=hivemq-platform-operator-init-test --set image.tag=snapshot --set image.pullPolicy=Never --set logLevel=DEBUG --set resources.cpu=512m --namespace helmmqttit-operator
2025-01-29 14:01:31,520 INFO c.h.h.t.HelmChartContainer - [K3S] [alloc.go:330] "allocated clusterIPs" service="helmmqttit-operator/hivemq-platform-operator-test-hivemq-platform-operator" clusterIPs={"IPv4":"10.43.32.149"}
2025-01-29 14:01:31,538 INFO c.h.h.t.HelmChartContainer - [EVENT] Normal [ScalingReplicaSet] Scaled up replica set hivemq-test-hivemq-platform-operator-6966f96d65 from 0 to 1 [helmmqttit-operator:hivemq-test-hivemq-platform-operator]
2025-01-29 14:01:31,544 INFO c.h.h.t.HelmChartContainer - [POD] hivemq-test-hivemq-platform-operator-6966f96d65-48j2d [f0e217a7-9f13-41d2-b553-ab5743cb35c5] in helmmqttit-operator was ADDED
2025-01-29 14:01:31,557 INFO c.h.h.t.HelmChartContainer - [EVENT] Normal [SuccessfulCreate] Created pod: hivemq-test-hivemq-platform-operator-6966f96d65-48j2d [helmmqttit-operator:hivemq-test-hivemq-platform-operator-6966f96d65]
2025-01-29 14:01:31,559 INFO c.h.h.t.HelmChartContainer - [K3S] [memory_manager.go:355] "RemoveStaleState removing state" podUID="9cbe71e6-e449-46ee-9890-45ae8de1332f" containerName="hivemq-platform-operator"
2025-01-29 14:01:31,559 INFO c.h.h.t.HelmChartContainer - [POD] hivemq-test-hivemq-platform-operator-6966f96d65-48j2d [f0e217a7-9f13-41d2-b553-ab5743cb35c5] in helmmqttit-operator was MODIFIED
2025-01-29 14:01:31,560 INFO c.h.h.t.HelmChartContainer - [K3S] [memory_manager.go:355] "RemoveStaleState removing state" podUID="3ffe8a9e-a438-4fdb-8747-a370fe1d57e6" containerName="hivemq"
2025-01-29 14:01:31,567 INFO c.h.h.t.HelmChartContainer - [K3S] [replica_set.go:679] "Finished syncing" kind="ReplicaSet" key="helmmqttit-operator/hivemq-test-hivemq-platform-operator-6966f96d65" duration="34.216912ms"
2025-01-29 14:01:31,569 INFO c.h.h.t.HelmChartContainer - [EVENT] Normal [Scheduled] Successfully assigned helmmqttit-operator/hivemq-test-hivemq-platform-operator-6966f96d65-48j2d to b2f104d21a5d [helmmqttit-operator:hivemq-test-hivemq-platform-operator-6966f96d65-48j2d]
2025-01-29 14:01:31,575 INFO c.h.h.t.HelmChartContainer - [POD] hivemq-test-hivemq-platform-operator-6966f96d65-48j2d [f0e217a7-9f13-41d2-b553-ab5743cb35c5] in helmmqttit-operator was MODIFIED
2025-01-29 14:01:31,578 INFO c.h.h.t.HelmChartContainer - [K3S] [replica_set.go:679] "Finished syncing" kind="ReplicaSet" key="helmmqttit-operator/hivemq-test-hivemq-platform-operator-6966f96d65" duration="10.726642ms"
2025-01-29 14:01:31,578 INFO c.h.h.t.HelmChartContainer - [K3S] [replica_set.go:679] "Finished syncing" kind="ReplicaSet" key="helmmqttit-operator/hivemq-test-hivemq-platform-operator-6966f96d65" duration="37.85µs"
2025-01-29 14:01:31,578 INFO c.h.h.t.HelmChartContainer - [K3S] [replica_set.go:679] "Finished syncing" kind="ReplicaSet" key="helmmqttit-operator/hivemq-test-hivemq-platform-operator-6966f96d65" duration="31.95µs"
2025-01-29 14:01:31,586 INFO c.h.h.t.HelmChartContainer - [K3S] [reconciler_common.go:251] "operationExecutor.VerifyControllerAttachedVolume started for volume \"kube-api-access-rl925\" (UniqueName: \"kubernetes.io/projected/f0e217a7-9f13-41d2-b553-ab5743cb35c5-kube-api-access-rl925\") pod \"hivemq-test-hivemq-platform-operator-6966f96d65-48j2d\" (UID: \"f0e217a7-9f13-41d2-b553-ab5743cb35c5\") " pod="helmmqttit-operator/hivemq-test-hivemq-platform-operator-6966f96d65-48j2d"
2025-01-29 14:01:31,954 INFO c.h.h.t.HelmChartContainer - [EVENT] Normal [Pulled] Container image "docker.io/hivemq/hivemq-platform-operator-test:snapshot" already present on machine [helmmqttit-operator:hivemq-test-hivemq-platform-operator-6966f96d65-48j2d]
2025-01-29 14:01:31,954 INFO c.h.h.t.HelmChartContainer - Received Pulled event for container hivemq-platform-operator in pod hivemq-test-hivemq-platform-operator-6966f96d65-48j2d [f0e217a7-9f13-41d2-b553-ab5743cb35c5]
2025-01-29 14:01:33,196 INFO c.h.h.t.HelmChartContainer - [EVENT] Normal [Created] Created container: hivemq-platform-operator [helmmqttit-operator:hivemq-test-hivemq-platform-operator-6966f96d65-48j2d]
2025-01-29 14:01:33,196 INFO c.h.h.t.HelmChartContainer - Received Created event for container hivemq-platform-operator in pod hivemq-test-hivemq-platform-operator-6966f96d65-48j2d [f0e217a7-9f13-41d2-b553-ab5743cb35c5]
2025-01-29 14:01:33,908 INFO c.h.h.t.HelmChartContainer - [K3S] [replica_set.go:679] "Finished syncing" kind="ReplicaSet" key="helmmqttit-operator/hivemq-test-hivemq-platform-operator-6966f96d65" duration="40.044µs"
2025-01-29 14:01:33,913 INFO c.h.h.t.HelmChartContainer - [POD] hivemq-test-hivemq-platform-operator-6966f96d65-48j2d [f0e217a7-9f13-41d2-b553-ab5743cb35c5] in helmmqttit-operator was MODIFIED
2025-01-29 14:01:33,923 INFO c.h.h.t.HelmChartContainer - [EVENT] Normal [Started] Started container hivemq-platform-operator [helmmqttit-operator:hivemq-test-hivemq-platform-operator-6966f96d65-48j2d]
2025-01-29 14:01:33,923 INFO c.h.h.t.HelmChartContainer - Started log watcher for hivemq-platform-operator in pod hivemq-test-hivemq-platform-operator-6966f96d65-48j2d [f0e217a7-9f13-41d2-b553-ab5743cb35c5]
2025-01-29 14:01:33,923 INFO c.h.h.t.HelmChartContainer - Received Started event for container hivemq-platform-operator in pod hivemq-test-hivemq-platform-operator-6966f96d65-48j2d [f0e217a7-9f13-41d2-b553-ab5743cb35c5]
2025-01-29 14:01:33,926 INFO c.h.h.t.HelmChartContainer - [hivemq-test-hivemq-platform] [hivemq-platform-operator] [f0e217a7] -------------------------------------------------------------------------
2025-01-29 14:01:33,926 INFO c.h.h.t.HelmChartContainer - [hivemq-test-hivemq-platform] [hivemq-platform-operator] [f0e217a7] 
2025-01-29 14:01:33,926 INFO c.h.h.t.HelmChartContainer - [hivemq-test-hivemq-platform] [hivemq-platform-operator] [f0e217a7]                   _    _  _              __  __   ____
2025-01-29 14:01:33,926 INFO c.h.h.t.HelmChartContainer - [hivemq-test-hivemq-platform] [hivemq-platform-operator] [f0e217a7]                  | |  | |(_)            |  \/  | / __ \
2025-01-29 14:01:33,926 INFO c.h.h.t.HelmChartContainer - [hivemq-test-hivemq-platform] [hivemq-platform-operator] [f0e217a7]                  | |__| | _ __   __ ___ | \  / || |  | |
2025-01-29 14:01:33,926 INFO c.h.h.t.HelmChartContainer - [hivemq-test-hivemq-platform] [hivemq-platform-operator] [f0e217a7]                  |  __  || |\ \ / // _ \| |\/| || |  | |
2025-01-29 14:01:33,926 INFO c.h.h.t.HelmChartContainer - [hivemq-test-hivemq-platform] [hivemq-platform-operator] [f0e217a7]                  | |  | || | \ V /|  __/| |  | || |__| |
2025-01-29 14:01:33,926 INFO c.h.h.t.HelmChartContainer - [hivemq-test-hivemq-platform] [hivemq-platform-operator] [f0e217a7]                  |_|  |_||_|  \_/  \___||_|  |_| \___\_\
2025-01-29 14:01:33,926 INFO c.h.h.t.HelmChartContainer - [hivemq-test-hivemq-platform] [hivemq-platform-operator] [f0e217a7] 
2025-01-29 14:01:33,926 INFO c.h.h.t.HelmChartContainer - [hivemq-test-hivemq-platform] [hivemq-platform-operator] [f0e217a7] -------------------------------------------------------------------------
2025-01-29 14:01:33,926 INFO c.h.h.t.HelmChartContainer - [hivemq-test-hivemq-platform] [hivemq-platform-operator] [f0e217a7] 
2025-01-29 14:01:33,926 INFO c.h.h.t.HelmChartContainer - [hivemq-test-hivemq-platform] [hivemq-platform-operator] [f0e217a7]   HiveMQ Platform Operator Start Script v1.0
2025-01-29 14:01:33,926 INFO c.h.h.t.HelmChartContainer - [hivemq-test-hivemq-platform] [hivemq-platform-operator] [f0e217a7] 
2025-01-29 14:01:33,926 INFO c.h.h.t.HelmChartContainer - [hivemq-test-hivemq-platform] [hivemq-platform-operator] [f0e217a7] -------------------------------------------------------------------------
2025-01-29 14:01:33,926 INFO c.h.h.t.HelmChartContainer - [hivemq-test-hivemq-platform] [hivemq-platform-operator] [f0e217a7] 
2025-01-29 14:01:33,926 INFO c.h.h.t.HelmChartContainer - [hivemq-test-hivemq-platform] [hivemq-platform-operator] [f0e217a7]   JAVA_OPTS: -XX:+UnlockExperimentalVMOptions -XX:InitialRAMPercentage=75 -XX:MaxRAMPercentage=75 -Duser.language=en -Duser.region=US
2025-01-29 14:01:33,926 INFO c.h.h.t.HelmChartContainer - [hivemq-test-hivemq-platform] [hivemq-platform-operator] [f0e217a7] 
2025-01-29 14:01:33,926 INFO c.h.h.t.HelmChartContainer - [hivemq-test-hivemq-platform] [hivemq-platform-operator] [f0e217a7]   JAVA_VERSION: 21
2025-01-29 14:01:33,926 INFO c.h.h.t.HelmChartContainer - [hivemq-test-hivemq-platform] [hivemq-platform-operator] [f0e217a7] 
2025-01-29 14:01:33,926 INFO c.h.h.t.HelmChartContainer - [hivemq-test-hivemq-platform] [hivemq-platform-operator] [f0e217a7] -------------------------------------------------------------------------
2025-01-29 14:01:33,926 INFO c.h.h.t.HelmChartContainer - [hivemq-test-hivemq-platform] [hivemq-platform-operator] [f0e217a7] 
2025-01-29 14:01:36,510 INFO c.h.h.t.HelmChartContainer - [hivemq-test-hivemq-platform] [hivemq-platform-operator] [f0e217a7] 14:01:36.508 [main] DEBUG org.jboss.logging - Logging Provider: org.jboss.logging.Slf4jLoggerProvider
2025-01-29 14:01:36,614 INFO c.h.h.t.HelmChartContainer - [hivemq-test-hivemq-platform] [hivemq-platform-operator] [f0e217a7] 14:01:36.613 [main] DEBUG io.smallrye.config - SRCFG01006: Loaded ConfigSource SysPropConfigSource with ordinal 400
2025-01-29 14:01:36,614 INFO c.h.h.t.HelmChartContainer - [hivemq-test-hivemq-platform] [hivemq-platform-operator] [f0e217a7] 14:01:36.613 [main] DEBUG io.smallrye.config - SRCFG01006: Loaded ConfigSource EnvConfigSource with ordinal 300
2025-01-29 14:01:36,614 INFO c.h.h.t.HelmChartContainer - [hivemq-test-hivemq-platform] [hivemq-platform-operator] [f0e217a7] 14:01:36.613 [main] DEBUG io.smallrye.config - SRCFG01006: Loaded ConfigSource PropertiesConfigSource[source=jar:file:///opt/hivemq-platform-operator/bin/hivemq-platform-operator.jar!/hivemq-platform-operator.properties] with ordinal 100
2025-01-29 14:01:36,614 INFO c.h.h.t.HelmChartContainer - [hivemq-test-hivemq-platform] [hivemq-platform-operator] [f0e217a7] 14:01:36.613 [main] DEBUG io.smallrye.config - SRCFG01006: Loaded ConfigSource DefaultValuesConfigSource with ordinal -2147483648
2025-01-29 14:01:36,715 INFO c.h.h.t.HelmChartContainer - [hivemq-test-hivemq-platform] [hivemq-platform-operator] [f0e217a7] 14:01:36.715 [main] DEBUG i.m.c.u.i.l.InternalLoggerFactory - Using SLF4J as the default logging framework
2025-01-29 14:01:36,908 INFO c.h.h.t.HelmChartContainer - [hivemq-test-hivemq-platform] [hivemq-platform-operator] [f0e217a7] 14:01:36.823 [main] INFO  c.h.p.o.HiveMQPlatformOperatorApplication - HiveMQ Platform Operator 1.7.0-SNAPSHOT (commit: bebf408 on branch: HEAD) built on Sun Jan 26 20:47:47 UTC 2025
2025-01-29 14:01:36,909 INFO c.h.h.t.HelmChartContainer - [hivemq-test-hivemq-platform] [hivemq-platform-operator] [f0e217a7] 14:01:36.908 [main] INFO  c.h.p.o.HiveMQPlatformOperatorApplication - HiveMQ Platform Operator is running in namespace: helmmqttit-operator
2025-01-29 14:01:36,909 INFO c.h.h.t.HelmChartContainer - [hivemq-test-hivemq-platform] [hivemq-platform-operator] [f0e217a7] 14:01:36.908 [main] INFO  c.h.p.o.HiveMQPlatformOperatorApplication - Watching all namespaces
2025-01-29 14:01:36,909 INFO c.h.h.t.HelmChartContainer - [hivemq-test-hivemq-platform] [hivemq-platform-operator] [f0e217a7] 14:01:36.908 [main] INFO  c.h.p.o.HiveMQPlatformOperatorApplication - Log level: DEBUG
2025-01-29 14:01:36,910 INFO c.h.h.t.HelmChartContainer - [hivemq-test-hivemq-platform] [hivemq-platform-operator] [f0e217a7] 14:01:36.908 [main] INFO  c.h.p.o.HiveMQPlatformOperatorApplication - Release name: test-hivemq-platform-operator
2025-01-29 14:01:36,910 INFO c.h.h.t.HelmChartContainer - [hivemq-test-hivemq-platform] [hivemq-platform-operator] [f0e217a7] 14:01:36.908 [main] INFO  c.h.p.o.HiveMQPlatformOperatorApplication - HiveMQ Platform Operator Init image: docker.io/hivemq/hivemq-platform-operator-init-test:snapshot
2025-01-29 14:01:36,910 INFO c.h.h.t.HelmChartContainer - [hivemq-test-hivemq-platform] [hivemq-platform-operator] [f0e217a7] 14:01:36.908 [main] INFO  c.h.p.o.HiveMQPlatformOperatorApplication - HiveMQ Platform Operator Init App update URL: http://hivemq-platform-operator-test-hivemq-platform-operator.helmmqttit-operator.svc:8080/initAppUpdate/hivemq-platform-operator-init-app-1.7.0-SNAPSHOT.jar
2025-01-29 14:01:36,910 INFO c.h.h.t.HelmChartContainer - [hivemq-test-hivemq-platform] [hivemq-platform-operator] [f0e217a7] 14:01:36.908 [main] INFO  c.h.p.o.HiveMQPlatformOperatorApplication - Additional imagePullSecret for all Platform deployments: none
2025-01-29 14:01:36,910 INFO c.h.h.t.HelmChartContainer - [hivemq-test-hivemq-platform] [hivemq-platform-operator] [f0e217a7] 14:01:36.908 [main] INFO  c.h.p.o.HiveMQPlatformOperatorApplication - Apply HiveMQ Platform CRD: true
2025-01-29 14:01:36,910 INFO c.h.h.t.HelmChartContainer - [hivemq-test-hivemq-platform] [hivemq-platform-operator] [f0e217a7] 14:01:36.908 [main] INFO  c.h.p.o.HiveMQPlatformOperatorApplication - Create Platform ServiceAccount: true
2025-01-29 14:01:36,910 INFO c.h.h.t.HelmChartContainer - [hivemq-test-hivemq-platform] [hivemq-platform-operator] [f0e217a7] 14:01:36.908 [main] INFO  c.h.p.o.HiveMQPlatformOperatorApplication - Create Platform ServiceAccount permissions: true
2025-01-29 14:01:36,910 INFO c.h.h.t.HelmChartContainer - [hivemq-test-hivemq-platform] [hivemq-platform-operator] [f0e217a7] 14:01:36.908 [main] INFO  c.h.p.o.HiveMQPlatformOperatorApplication - Validate Platform ServiceAccount: true
2025-01-29 14:01:36,910 INFO c.h.h.t.HelmChartContainer - [hivemq-test-hivemq-platform] [hivemq-platform-operator] [f0e217a7] 14:01:36.908 [main] INFO  c.h.p.o.HiveMQPlatformOperatorApplication - Validate Platform ServiceAccount permissions: true
2025-01-29 14:01:37,029 INFO c.h.h.t.HelmChartContainer - [hivemq-test-hivemq-platform] [hivemq-platform-operator] [f0e217a7] 14:01:37.027 [main] INFO  c.h.platform.operator.util.CRDUtil - Verifying deployed HiveMQ Platform CRD...
2025-01-29 14:01:39,514 INFO c.h.h.t.HelmChartContainer - [hivemq-test-hivemq-platform] [hivemq-platform-operator] [f0e217a7] 14:01:39.513 [main] DEBUG c.h.platform.operator.util.CRDUtil - HiveMQ Platform CRD version v1 is up to date
2025-01-29 14:01:39,514 INFO c.h.h.t.HelmChartContainer - [hivemq-test-hivemq-platform] [hivemq-platform-operator] [f0e217a7] 14:01:39.513 [main] INFO  c.h.platform.operator.util.CRDUtil - HiveMQ Platform CRD is up to date (version: V1_6_0)
2025-01-29 14:01:39,514 INFO c.h.h.t.HelmChartContainer - [hivemq-test-hivemq-platform] [hivemq-platform-operator] [f0e217a7] 14:01:39.513 [main] INFO  c.h.platform.operator.util.CRDUtil - Waiting 10000 ms for HiveMQ Platform CRD 'hivemq-platforms.hivemq.com' to become ready...
2025-01-29 14:01:39,822 INFO c.h.h.t.HelmChartContainer - [hivemq-test-hivemq-platform] [hivemq-platform-operator] [f0e217a7] 14:01:39.820 [vert.x-eventloop-thread-1] DEBUG c.h.platform.operator.util.CRDUtil - Checking CRD condition 'NamesAccepted' (status: 'True')
2025-01-29 14:01:39,823 INFO c.h.h.t.HelmChartContainer - [hivemq-test-hivemq-platform] [hivemq-platform-operator] [f0e217a7] 14:01:39.820 [vert.x-eventloop-thread-1] DEBUG c.h.platform.operator.util.CRDUtil - Checking CRD condition 'Established' (status: 'True')
2025-01-29 14:01:39,823 INFO c.h.h.t.HelmChartContainer - [hivemq-test-hivemq-platform] [hivemq-platform-operator] [f0e217a7] 14:01:39.821 [main] INFO  c.h.platform.operator.util.CRDUtil - HiveMQ Platform CRD 'hivemq-platforms.hivemq.com' is ready
2025-01-29 14:01:40,017 INFO c.h.h.t.HelmChartContainer - [hivemq-test-hivemq-platform] [hivemq-platform-operator] [f0e217a7] 14:01:40.016 [main] INFO  c.h.p.o.HiveMQPlatformReconciler - HiveMQ Platform Operator is starting...
2025-01-29 14:01:40,123 INFO c.h.h.t.HelmChartContainer - [hivemq-test-hivemq-platform] [hivemq-platform-operator] [f0e217a7] 14:01:40.122 [main] WARN  Default ConfigurationService implementation - Configuration for reconciler 'hivemq-controller' was not found. Known reconcilers: None.
2025-01-29 14:01:40,131 INFO c.h.h.t.HelmChartContainer - [hivemq-test-hivemq-platform] [hivemq-platform-operator] [f0e217a7] 14:01:40.130 [main] INFO  Default ConfigurationService implementation - Created configuration for reconciler com.hivemq.platform.operator.HiveMQPlatformReconciler with name hivemq-controller
2025-01-29 14:01:40,317 INFO c.h.h.t.HelmChartContainer - [hivemq-test-hivemq-platform] [hivemq-platform-operator] [f0e217a7] 14:01:40.316 [main] DEBUG c.h.p.o.HiveMQPlatformReconciler - HiveMQ Platform Operator is preparing EventSources
2025-01-29 14:01:40,408 INFO c.h.h.t.HelmChartContainer - [hivemq-test-hivemq-platform] [hivemq-platform-operator] [f0e217a7] 14:01:40.407 [main] INFO  i.javaoperatorsdk.operator.Operator - Registered reconciler: 'hivemq-controller' for resource: 'class com.hivemq.platform.operator.v1.HiveMQPlatform' for namespace(s): [all namespaces]
2025-01-29 14:01:41,015 INFO c.h.h.t.HelmChartContainer - [hivemq-test-hivemq-platform] [hivemq-platform-operator] [f0e217a7] 14:01:41.014 [main] INFO  c.h.p.operator.webserver.JettyServer - Starting Jetty server on port 8080
2025-01-29 14:01:41,111 INFO c.h.h.t.HelmChartContainer - [hivemq-test-hivemq-platform] [hivemq-platform-operator] [f0e217a7] 14:01:41.109 [main] INFO  i.javaoperatorsdk.operator.Operator - Operator SDK 4.9.7 (commit: 2133d28) built on Wed Nov 20 12:56:20 UTC 2024 starting...
2025-01-29 14:01:41,111 INFO c.h.h.t.HelmChartContainer - [hivemq-test-hivemq-platform] [hivemq-platform-operator] [f0e217a7] 14:01:41.110 [main] INFO  i.javaoperatorsdk.operator.Operator - Client version: 6.13.4
2025-01-29 14:01:41,112 INFO c.h.h.t.HelmChartContainer - [hivemq-test-hivemq-platform] [hivemq-platform-operator] [f0e217a7] 14:01:41.111 [Controller Starter for: hivemq-controller] INFO  i.j.operator.processing.Controller - Starting 'hivemq-controller' controller for reconciler: com.hivemq.platform.operator.HiveMQPlatformReconciler, resource: com.hivemq.platform.operator.v1.HiveMQPlatform
2025-01-29 14:01:43,612 INFO c.h.h.t.HelmChartContainer - [hivemq-test-hivemq-platform] [hivemq-platform-operator] [f0e217a7] 14:01:43.611 [Controller Starter for: hivemq-controller] INFO  i.j.operator.processing.Controller - 'hivemq-controller' controller started
2025-01-29 14:01:43,613 INFO c.h.h.t.HelmChartContainer - [hivemq-test-hivemq-platform] [hivemq-platform-operator] [f0e217a7] 14:01:43.611 [main] INFO  c.h.p.o.HiveMQPlatformOperatorApplication - HiveMQ Platform Operator 1.7.0-SNAPSHOT started in 6788 ms
2025-01-29 14:01:44,914 INFO c.h.h.t.HelmChartContainer - [POD] hivemq-test-hivemq-platform-operator-6966f96d65-48j2d [f0e217a7-9f13-41d2-b553-ab5743cb35c5] in helmmqttit-operator was MODIFIED
2025-01-29 14:01:44,923 INFO c.h.h.t.HelmChartContainer - [K3S] [replica_set.go:679] "Finished syncing" kind="ReplicaSet" key="helmmqttit-operator/hivemq-test-hivemq-platform-operator-6966f96d65" duration="9.945032ms"
2025-01-29 14:01:44,924 INFO c.h.h.t.HelmChartContainer - [K3S] [replica_set.go:679] "Finished syncing" kind="ReplicaSet" key="helmmqttit-operator/hivemq-test-hivemq-platform-operator-6966f96d65" duration="36.448µs"
2025-01-29 14:01:45,653 DEBUG c.h.h.t.HelmChartContainer - Executing helm command: /bin/helm --kubeconfig /etc/rancher/k3s/k3s.yaml install test-hivemq-platform /charts/hivemq-platform --wait --timeout 5m0s --set image.repository=docker.io/hivemq --set image.tag=4.36.0 --set image.pullPolicy=Never --set nodes.resources.cpu=512m -f /files/mqtt-values.yaml --namespace helmmqttit
2025-01-29 14:01:45,918 INFO c.h.h.t.HelmChartContainer - [hivemq-test-hivemq-platform] [hivemq-platform-operator] [f0e217a7] 14:01:45.917 [-373097727-pool-1-thread-2] WARN  i.m.p.PrometheusMeterRegistry - The meter (MeterId{name='operator.sdk.events.received', tags=[tag(action=ADDED),tag(event=ResourceEvent),tag(group=hivemq.com),tag(kind=HiveMQPlatform),tag(name=test-hivemq-platform),tag(namespace=helmmqttit),tag(scope=namespace),tag(version=v1)]}) registration has failed: Prometheus requires that all meters with the same name have the same set of tag keys. There is already an existing meter named 'operator.sdk.events.received' containing tag keys [event, group, kind, name, namespace, scope, version]. The meter you are attempting to register has keys [action, event, group, kind, name, namespace, scope, version]. Note that subsequent logs will be logged at debug level.
2025-01-29 14:01:46,321 INFO c.h.h.t.HelmChartContainer - [hivemq-test-hivemq-platform] [hivemq-platform-operator] [f0e217a7] 14:01:46.320 [pool-6-thread-3] DEBUG c.h.p.o.dependants.PodInfoConfigMap - [helmmqtt] Desired PodInfo ConfigMap (1 extensions) (1 enabled)
2025-01-29 14:01:46,323 INFO c.h.h.t.HelmChartContainer - [hivemq-test-hivemq-platform] [hivemq-platform-operator] [f0e217a7] 14:01:46.321 [pool-6-thread-3] DEBUG c.h.p.o.dependants.PodInfoConfigMap - [helmmqtt] Desired PodInfo ConfigMap (metrics port: 9399) (metrics path: /)
2025-01-29 14:01:46,323 INFO c.h.h.t.HelmChartContainer - [hivemq-test-hivemq-platform] [hivemq-platform-operator] [f0e217a7] 14:01:46.321 [pool-6-thread-3] DEBUG c.h.p.o.dependants.PodInfoConfigMap - [helmmqtt] Desired PodInfo ConfigMap (extension state hash: -1817474005)
2025-01-29 14:01:46,323 INFO c.h.h.t.HelmChartContainer - [hivemq-test-hivemq-platform] [hivemq-platform-operator] [f0e217a7] 14:01:46.322 [pool-6-thread-3] DEBUG c.h.p.o.dependants.PodInfoConfigMap - [helmmqtt] Create PodInfo ConfigMap
2025-01-29 14:01:46,512 INFO c.h.h.t.HelmChartContainer - [hivemq-test-hivemq-platform] [hivemq-platform-operator] [f0e217a7] 14:01:46.510 [pool-6-thread-5] DEBUG c.h.p.o.dependants.PodRoleResource - [helmmqtt] Create Role: Role(apiVersion=rbac.authorization.k8s.io/v1, kind=Role, metadata=ObjectMeta(annotations={meta.helm.sh/release-name=test-hivemq-platform, meta.helm.sh/release-namespace=helmmqttit}, creationTimestamp=null, deletionGracePeriodSeconds=null, deletionTimestamp=null, finalizers=[], generateName=null, generation=null, labels={helm.sh/chart=hivemq-platform-0.2.32, app.kubernetes.io/managed-by=Helm, app.kubernetes.io/name=hivemq-platform, hivemq-platform=test-hivemq-platform, app.kubernetes.io/instance=test-hivemq-platform, app.kubernetes.io/version=4.36.0}, managedFields=[], name=hivemq-platform-role-test-hivemq-platform, namespace=helmmqttit, ownerReferences=[OwnerReference(apiVersion=hivemq.com/v1, blockOwnerDeletion=null, controller=null, kind=HiveMQPlatform, name=test-hivemq-platform, uid=b5d71126-255a-4072-b47f-75539dd14c3a, additionalProperties={})], resourceVersion=null, selfLink=null, uid=null, additionalProperties={}), rules=[PolicyRule(apiGroups=[], nonResourceURLs=[], resourceNames=[], resources=[pods], verbs=[get, patch, update], additionalProperties={})], additionalProperties={})
2025-01-29 14:01:46,614 INFO c.h.h.t.HelmChartContainer - [hivemq-test-hivemq-platform] [hivemq-platform-operator] [f0e217a7] 14:01:46.612 [pool-6-thread-7] DEBUG c.h.p.o.d.PodServiceAccountResource - [helmmqtt] Desired PodServiceAccountResource (serviceAccountName: hivemq-platform-pod-test-hivemq-platform)
2025-01-29 14:01:46,616 INFO c.h.h.t.HelmChartContainer - [hivemq-test-hivemq-platform] [hivemq-platform-operator] [f0e217a7] 14:01:46.613 [pool-6-thread-7] DEBUG c.h.p.o.d.PodServiceAccountResource - [helmmqtt] Create ServiceAccount 'hivemq-platform-pod-test-hivemq-platform'
2025-01-29 14:01:46,714 INFO c.h.h.t.HelmChartContainer - [hivemq-test-hivemq-platform] [hivemq-platform-operator] [f0e217a7] 14:01:46.713 [pool-6-thread-9] DEBUG c.h.p.o.d.PodRoleBindingResource - [helmmqtt] Create RoleBinding: RoleBinding(apiVersion=rbac.authorization.k8s.io/v1, kind=RoleBinding, metadata=ObjectMeta(annotations={meta.helm.sh/release-name=test-hivemq-platform, meta.helm.sh/release-namespace=helmmqttit}, creationTimestamp=null, deletionGracePeriodSeconds=null, deletionTimestamp=null, finalizers=[], generateName=null, generation=null, labels={helm.sh/chart=hivemq-platform-0.2.32, app.kubernetes.io/managed-by=Helm, app.kubernetes.io/name=hivemq-platform, hivemq-platform=test-hivemq-platform, app.kubernetes.io/instance=test-hivemq-platform, app.kubernetes.io/version=4.36.0}, managedFields=[], name=hivemq-platform-role-binding-test-hivemq-platform, namespace=helmmqttit, ownerReferences=[OwnerReference(apiVersion=hivemq.com/v1, blockOwnerDeletion=null, controller=null, kind=HiveMQPlatform, name=test-hivemq-platform, uid=b5d71126-255a-4072-b47f-75539dd14c3a, additionalProperties={})], resourceVersion=null, selfLink=null, uid=null, additionalProperties={}), roleRef=RoleRef(apiGroup=rbac.authorization.k8s.io, kind=Role, name=hivemq-platform-role-test-hivemq-platform, additionalProperties={}), subjects=[Subject(apiGroup=null, kind=ServiceAccount, name=hivemq-platform-pod-test-hivemq-platform, namespace=helmmqttit, additionalProperties={})], additionalProperties={})
2025-01-29 14:01:46,810 INFO c.h.h.t.HelmChartContainer - [hivemq-test-hivemq-platform] [hivemq-platform-operator] [f0e217a7] 14:01:46.808 [ReconcilerExecutor-hivemq-controller-52] INFO  c.h.p.o.HiveMQPlatformReconciler - [helmmqtt] Reconciling HiveMQ Platform 'test-hivemq-platform' in namespace 'helmmqttit'
2025-01-29 14:01:46,810 INFO c.h.h.t.HelmChartContainer - [hivemq-test-hivemq-platform] [hivemq-platform-operator] [f0e217a7] 14:01:46.809 [ReconcilerExecutor-hivemq-controller-52] DEBUG c.h.p.o.HiveMQPlatformReconciler - [helmmqtt] Custom Resource Status CREATED - HiveMQ Platform was created (READY)
2025-01-29 14:01:46,811 INFO c.h.h.t.HelmChartContainer - [hivemq-test-hivemq-platform] [hivemq-platform-operator] [f0e217a7] 14:01:46.809 [ReconcilerExecutor-hivemq-controller-52] DEBUG c.h.p.o.HiveMQPlatformReconciler - [helmmqtt] Custom Resource Spec (replicas: 1) (extensions: 1)
2025-01-29 14:01:46,813 INFO c.h.h.t.HelmChartContainer - [hivemq-test-hivemq-platform] [hivemq-platform-operator] [f0e217a7] 14:01:46.812 [ReconcilerExecutor-hivemq-controller-52] INFO  c.h.p.o.h.HiveMQPlatformReconcilerBaseHandler - [helmmqtt] HiveMQ Platform is starting
2025-01-29 14:01:46,920 INFO c.h.h.t.HelmChartContainer - [hivemq-test-hivemq-platform] [hivemq-platform-operator] [f0e217a7] 14:01:46.919 [ReconcilerExecutor-hivemq-controller-52] DEBUG c.h.p.operator.event.EventSender - [helmmqtt] Creating K8s event hivemq-platform-starting: [Start] HiveMQ Platform is starting
2025-01-29 14:01:47,001 INFO c.h.h.t.HelmChartContainer - [EVENT] Normal [Start] HiveMQ Platform is starting [helmmqttit:test-hivemq-platform]
2025-01-29 14:01:47,009 INFO c.h.h.t.HelmChartContainer - [hivemq-test-hivemq-platform] [hivemq-platform-operator] [f0e217a7] 14:01:47.008 [ReconcilerExecutor-hivemq-controller-52] INFO  c.h.p.o.h.AbstractHiveMQReconcilerStateHandler - [helmmqtt] Update HiveMQ Platform Status (CREATED [READY] -> STARTING [READY]): HiveMQ Platform is starting
2025-01-29 14:01:47,024 DEBUG com.hivemq.helmcharts.util.K8sUtil - Comparing actual state 'STARTING' and waiting for 'RUNNING'
2025-01-29 14:01:57,107 INFO c.h.h.t.HelmChartContainer - [hivemq-test-hivemq-platform] [hivemq-platform-operator] [f0e217a7] 14:01:57.104 [pool-6-thread-12] DEBUG c.h.p.o.d.PlatformServiceResource - [helmmqtt] Desired Platform services (2 services)
2025-01-29 14:01:57,109 INFO c.h.h.t.HelmChartContainer - [hivemq-test-hivemq-platform] [hivemq-platform-operator] [f0e217a7] 14:01:57.106 [pool-6-thread-13] DEBUG c.h.p.o.dependants.PodInfoConfigMap - [helmmqtt] Desired PodInfo ConfigMap (1 extensions) (1 enabled)
2025-01-29 14:01:57,110 INFO c.h.h.t.HelmChartContainer - [hivemq-test-hivemq-platform] [hivemq-platform-operator] [f0e217a7] 14:01:57.106 [pool-6-thread-13] DEBUG c.h.p.o.dependants.PodInfoConfigMap - [helmmqtt] Desired PodInfo ConfigMap (metrics port: 9399) (metrics path: /)
2025-01-29 14:01:57,111 INFO c.h.h.t.HelmChartContainer - [hivemq-test-hivemq-platform] [hivemq-platform-operator] [f0e217a7] 14:01:57.106 [pool-6-thread-13] DEBUG c.h.p.o.dependants.PodInfoConfigMap - [helmmqtt] Desired PodInfo ConfigMap (extension state hash: -1817474005)
2025-01-29 14:01:57,112 INFO c.h.h.t.HelmChartContainer - [hivemq-test-hivemq-platform] [hivemq-platform-operator] [f0e217a7] 14:01:57.111 [pool-6-thread-17] DEBUG c.h.p.o.d.PodServiceAccountResource - [helmmqtt] Desired PodServiceAccountResource (serviceAccountName: hivemq-platform-pod-test-hivemq-platform)
2025-01-29 14:01:57,115 INFO c.h.h.t.HelmChartContainer - [hivemq-test-hivemq-platform] [hivemq-platform-operator] [f0e217a7] 14:01:57.114 [pool-6-thread-13] DEBUG c.h.p.o.dependants.PodInfoConfigMap - [helmmqtt] Update PodInfo ConfigMap
2025-01-29 14:01:57,211 INFO c.h.h.t.HelmChartContainer - [K3S] [alloc.go:330] "allocated clusterIPs" service="helmmqttit/hivemq-test-hivemq-platform-metrics-9399" clusterIPs={"IPv4":"10.43.99.157"}
2025-01-29 14:01:57,306 INFO c.h.h.t.HelmChartContainer - [K3S] [alloc.go:330] "allocated clusterIPs" service="helmmqttit/hivemq-test-hivemq-platform-mqtt-1884" clusterIPs={"IPv4":"10.43.111.153"}
2025-01-29 14:01:57,315 INFO c.h.h.t.HelmChartContainer - [hivemq-test-hivemq-platform] [hivemq-platform-operator] [f0e217a7] 14:01:57.314 [pool-6-thread-20] DEBUG c.h.p.o.d.StatefulSetResource - [helmmqtt] Desired StatefulSet (1 replicas) for status STARTING (READY)
2025-01-29 14:01:57,409 INFO c.h.h.t.HelmChartContainer - [hivemq-test-hivemq-platform] [hivemq-platform-operator] [f0e217a7] 14:01:57.406 [pool-6-thread-20] DEBUG c.h.p.o.d.StatefulSetResource - [helmmqtt] Create StatefulSet
2025-01-29 14:01:57,437 INFO c.h.h.t.HelmChartContainer - [POD] test-hivemq-platform-0 [2e54d083-062a-4fb1-9c41-7611101f017d] in helmmqttit was ADDED
2025-01-29 14:01:57,439 INFO c.h.h.t.HelmChartContainer - [EVENT] Normal [SuccessfulCreate] create Pod test-hivemq-platform-0 in StatefulSet test-hivemq-platform successful [helmmqttit:test-hivemq-platform]
2025-01-29 14:01:57,441 INFO c.h.h.t.HelmChartContainer - [POD] test-hivemq-platform-0 [2e54d083-062a-4fb1-9c41-7611101f017d] in helmmqttit was MODIFIED
2025-01-29 14:01:57,453 INFO c.h.h.t.HelmChartContainer - [POD] test-hivemq-platform-0 [2e54d083-062a-4fb1-9c41-7611101f017d] in helmmqttit was MODIFIED
2025-01-29 14:01:57,458 INFO c.h.h.t.HelmChartContainer - [EVENT] Normal [Scheduled] Successfully assigned helmmqttit/test-hivemq-platform-0 to b2f104d21a5d [helmmqttit:test-hivemq-platform-0]
2025-01-29 14:01:57,513 INFO c.h.h.t.HelmChartContainer - [hivemq-test-hivemq-platform] [hivemq-platform-operator] [f0e217a7] 14:01:57.508 [ReconcilerExecutor-hivemq-controller-63] INFO  c.h.p.o.HiveMQPlatformReconciler - [helmmqtt] Reconciling HiveMQ Platform 'test-hivemq-platform' in namespace 'helmmqttit'
2025-01-29 14:01:57,513 INFO c.h.h.t.HelmChartContainer - [hivemq-test-hivemq-platform] [hivemq-platform-operator] [f0e217a7] 14:01:57.508 [ReconcilerExecutor-hivemq-controller-63] DEBUG c.h.p.o.HiveMQPlatformReconciler - [helmmqtt] Custom Resource Status STARTING - HiveMQ Platform is starting (READY)
2025-01-29 14:01:57,513 INFO c.h.h.t.HelmChartContainer - [hivemq-test-hivemq-platform] [hivemq-platform-operator] [f0e217a7] 14:01:57.508 [ReconcilerExecutor-hivemq-controller-63] DEBUG c.h.p.o.HiveMQPlatformReconciler - [helmmqtt] Custom Resource Spec (replicas: 1) (extensions: 1)
2025-01-29 14:01:57,537 INFO c.h.h.t.HelmChartContainer - [K3S] [reconciler_common.go:251] "operationExecutor.VerifyControllerAttachedVolume started for volume \"broker-configuration\" (UniqueName: \"kubernetes.io/configmap/2e54d083-062a-4fb1-9c41-7611101f017d-broker-configuration\") pod \"test-hivemq-platform-0\" (UID: \"2e54d083-062a-4fb1-9c41-7611101f017d\") " pod="helmmqttit/test-hivemq-platform-0"
2025-01-29 14:01:57,537 INFO c.h.h.t.HelmChartContainer - [K3S] [reconciler_common.go:251] "operationExecutor.VerifyControllerAttachedVolume started for volume \"operator-init\" (UniqueName: \"kubernetes.io/empty-dir/2e54d083-062a-4fb1-9c41-7611101f017d-operator-init\") pod \"test-hivemq-platform-0\" (UID: \"2e54d083-062a-4fb1-9c41-7611101f017d\") " pod="helmmqttit/test-hivemq-platform-0"
2025-01-29 14:01:57,537 INFO c.h.h.t.HelmChartContainer - [K3S] [reconciler_common.go:251] "operationExecutor.VerifyControllerAttachedVolume started for volume \"pod-info\" (UniqueName: \"kubernetes.io/configmap/2e54d083-062a-4fb1-9c41-7611101f017d-pod-info\") pod \"test-hivemq-platform-0\" (UID: \"2e54d083-062a-4fb1-9c41-7611101f017d\") " pod="helmmqttit/test-hivemq-platform-0"
2025-01-29 14:01:57,537 INFO c.h.h.t.HelmChartContainer - [K3S] [reconciler_common.go:251] "operationExecutor.VerifyControllerAttachedVolume started for volume \"kube-api-access-df97h\" (UniqueName: \"kubernetes.io/projected/2e54d083-062a-4fb1-9c41-7611101f017d-kube-api-access-df97h\") pod \"test-hivemq-platform-0\" (UID: \"2e54d083-062a-4fb1-9c41-7611101f017d\") " pod="helmmqttit/test-hivemq-platform-0"
2025-01-29 14:01:57,599 INFO c.h.h.t.HelmChartContainer - [hivemq-test-hivemq-platform] [hivemq-platform-operator] [f0e217a7] 14:01:57.518 [ReconcilerExecutor-hivemq-controller-63] DEBUG c.h.p.o.HiveMQPlatformReconciler - [helmmqtt] StatefulSet Status (revision: test-hivemq-platform-7bbc5894fb, replicas: 0, available: 0, ready: 0, current: 0, updated: 0)
2025-01-29 14:01:57,599 INFO c.h.h.t.HelmChartContainer - [hivemq-test-hivemq-platform] [hivemq-platform-operator] [f0e217a7] 14:01:57.597 [ReconcilerExecutor-hivemq-controller-63] DEBUG c.h.p.o.HiveMQPlatformReconciler - [helmmqtt] StatefulSet Spec (replicas: 1, init containers: 1, containers: 1, volumes: 3)
2025-01-29 14:01:57,698 INFO c.h.h.t.HelmChartContainer - [hivemq-test-hivemq-platform] [hivemq-platform-operator] [f0e217a7] 14:01:57.614 [ReconcilerExecutor-hivemq-controller-63] DEBUG c.h.p.o.h.HiveMQPlatformReconcilerErrorHandler - [helmmqtt] Pod 'test-hivemq-platform-0' phase Pending
2025-01-29 14:01:57,698 INFO c.h.h.t.HelmChartContainer - [hivemq-test-hivemq-platform] [hivemq-platform-operator] [f0e217a7] 14:01:57.697 [ReconcilerExecutor-hivemq-controller-63] DEBUG c.h.p.o.h.HiveMQPlatformReconcilerErrorHandler - [helmmqtt] Pod 'test-hivemq-platform-0' condition 'PodReadyToStartContainers': False
2025-01-29 14:01:57,699 INFO c.h.h.t.HelmChartContainer - [hivemq-test-hivemq-platform] [hivemq-platform-operator] [f0e217a7] 14:01:57.698 [ReconcilerExecutor-hivemq-controller-63] DEBUG c.h.p.o.h.HiveMQPlatformReconcilerErrorHandler - [helmmqtt] Pod 'test-hivemq-platform-0' condition 'Initialized': False
2025-01-29 14:01:57,699 INFO c.h.h.t.HelmChartContainer - [hivemq-test-hivemq-platform] [hivemq-platform-operator] [f0e217a7] 14:01:57.698 [ReconcilerExecutor-hivemq-controller-63] DEBUG c.h.p.o.h.HiveMQPlatformReconcilerErrorHandler - [helmmqtt] Pod 'test-hivemq-platform-0' condition 'Ready': False
2025-01-29 14:01:57,699 INFO c.h.h.t.HelmChartContainer - [hivemq-test-hivemq-platform] [hivemq-platform-operator] [f0e217a7] 14:01:57.698 [ReconcilerExecutor-hivemq-controller-63] DEBUG c.h.p.o.h.HiveMQPlatformReconcilerErrorHandler - [helmmqtt] Pod 'test-hivemq-platform-0' condition 'ContainersReady': False
2025-01-29 14:01:57,699 INFO c.h.h.t.HelmChartContainer - [hivemq-test-hivemq-platform] [hivemq-platform-operator] [f0e217a7] 14:01:57.698 [ReconcilerExecutor-hivemq-controller-63] DEBUG c.h.p.o.h.HiveMQPlatformReconcilerErrorHandler - [helmmqtt] Pod 'test-hivemq-platform-0' condition 'PodScheduled': True
2025-01-29 14:01:57,699 INFO c.h.h.t.HelmChartContainer - [hivemq-test-hivemq-platform] [hivemq-platform-operator] [f0e217a7] 14:01:57.698 [ReconcilerExecutor-hivemq-controller-63] DEBUG c.h.p.o.h.HiveMQPlatformReconcilerErrorHandler - [helmmqtt] Pod 'test-hivemq-platform-0' containerStatus 'hivemq' (started: false) (ready: false) (waiting: [PodInitializing] null)
2025-01-29 14:01:57,703 INFO c.h.h.t.HelmChartContainer - [hivemq-test-hivemq-platform] [hivemq-platform-operator] [f0e217a7] 14:01:57.703 [ReconcilerExecutor-hivemq-controller-63] INFO  c.h.p.o.h.HiveMQPlatformReconcilerBaseHandler - [helmmqtt] HiveMQ Platform is starting, 0 of 1 replicas are ready
2025-01-29 14:01:57,709 INFO c.h.h.t.HelmChartContainer - [hivemq-test-hivemq-platform] [hivemq-platform-operator] [f0e217a7] 14:01:57.707 [pool-6-thread-22] DEBUG c.h.p.o.d.PlatformServiceResource - [helmmqtt] Desired Platform services (2 services)
2025-01-29 14:01:57,710 INFO c.h.h.t.HelmChartContainer - [hivemq-test-hivemq-platform] [hivemq-platform-operator] [f0e217a7] 14:01:57.708 [pool-6-thread-23] DEBUG c.h.p.o.dependants.PodInfoConfigMap - [helmmqtt] Desired PodInfo ConfigMap (1 extensions) (1 enabled)
2025-01-29 14:01:57,710 INFO c.h.h.t.HelmChartContainer - [hivemq-test-hivemq-platform] [hivemq-platform-operator] [f0e217a7] 14:01:57.709 [pool-6-thread-23] DEBUG c.h.p.o.dependants.PodInfoConfigMap - [helmmqtt] Desired PodInfo ConfigMap (metrics port: 9399) (metrics path: /)
2025-01-29 14:01:57,710 INFO c.h.h.t.HelmChartContainer - [hivemq-test-hivemq-platform] [hivemq-platform-operator] [f0e217a7] 14:01:57.709 [pool-6-thread-23] DEBUG c.h.p.o.dependants.PodInfoConfigMap - [helmmqtt] Desired PodInfo ConfigMap (extension state hash: -1817474005)
2025-01-29 14:01:57,713 INFO c.h.h.t.HelmChartContainer - [hivemq-test-hivemq-platform] [hivemq-platform-operator] [f0e217a7] 14:01:57.711 [pool-6-thread-27] DEBUG c.h.p.o.d.PodServiceAccountResource - [helmmqtt] Desired PodServiceAccountResource (serviceAccountName: hivemq-platform-pod-test-hivemq-platform)
2025-01-29 14:01:57,804 INFO c.h.h.t.HelmChartContainer - [hivemq-test-hivemq-platform] [hivemq-platform-operator] [f0e217a7] 14:01:57.801 [pool-6-thread-30] DEBUG c.h.p.o.d.StatefulSetResource - [helmmqtt] Desired StatefulSet (1 replicas) for status STARTING (READY)
2025-01-29 14:01:57,811 INFO c.h.h.t.HelmChartContainer - [hivemq-test-hivemq-platform] [hivemq-platform-operator] [f0e217a7] 14:01:57.809 [ReconcilerExecutor-hivemq-controller-75] INFO  c.h.p.o.HiveMQPlatformReconciler - [helmmqtt] Reconciling HiveMQ Platform 'test-hivemq-platform' in namespace 'helmmqttit'
2025-01-29 14:01:57,812 INFO c.h.h.t.HelmChartContainer - [hivemq-test-hivemq-platform] [hivemq-platform-operator] [f0e217a7] 14:01:57.809 [ReconcilerExecutor-hivemq-controller-75] DEBUG c.h.p.o.HiveMQPlatformReconciler - [helmmqtt] Custom Resource Status STARTING - HiveMQ Platform is starting (READY)
2025-01-29 14:01:57,813 INFO c.h.h.t.HelmChartContainer - [hivemq-test-hivemq-platform] [hivemq-platform-operator] [f0e217a7] 14:01:57.809 [ReconcilerExecutor-hivemq-controller-75] DEBUG c.h.p.o.HiveMQPlatformReconciler - [helmmqtt] Custom Resource Spec (replicas: 1) (extensions: 1)
2025-01-29 14:01:57,813 INFO c.h.h.t.HelmChartContainer - [hivemq-test-hivemq-platform] [hivemq-platform-operator] [f0e217a7] 14:01:57.811 [ReconcilerExecutor-hivemq-controller-75] DEBUG c.h.p.o.HiveMQPlatformReconciler - [helmmqtt] StatefulSet Status (revision: test-hivemq-platform-7bbc5894fb, replicas: 1, available: 0, ready: 0, current: 1, updated: 1)
2025-01-29 14:01:57,813 INFO c.h.h.t.HelmChartContainer - [hivemq-test-hivemq-platform] [hivemq-platform-operator] [f0e217a7] 14:01:57.812 [ReconcilerExecutor-hivemq-controller-75] DEBUG c.h.p.o.HiveMQPlatformReconciler - [helmmqtt] StatefulSet Spec (replicas: 1, init containers: 1, containers: 1, volumes: 3)
2025-01-29 14:01:57,815 INFO c.h.h.t.HelmChartContainer - [hivemq-test-hivemq-platform] [hivemq-platform-operator] [f0e217a7] 14:01:57.814 [ReconcilerExecutor-hivemq-controller-75] DEBUG c.h.p.o.h.HiveMQPlatformReconcilerErrorHandler - [helmmqtt] Pod 'test-hivemq-platform-0' phase Pending
2025-01-29 14:01:57,816 INFO c.h.h.t.HelmChartContainer - [hivemq-test-hivemq-platform] [hivemq-platform-operator] [f0e217a7] 14:01:57.815 [ReconcilerExecutor-hivemq-controller-75] DEBUG c.h.p.o.h.HiveMQPlatformReconcilerErrorHandler - [helmmqtt] Pod 'test-hivemq-platform-0' condition 'PodReadyToStartContainers': False
2025-01-29 14:01:57,818 INFO c.h.h.t.HelmChartContainer - [hivemq-test-hivemq-platform] [hivemq-platform-operator] [f0e217a7] 14:01:57.816 [ReconcilerExecutor-hivemq-controller-75] DEBUG c.h.p.o.h.HiveMQPlatformReconcilerErrorHandler - [helmmqtt] Pod 'test-hivemq-platform-0' condition 'Initialized': False
2025-01-29 14:01:57,818 INFO c.h.h.t.HelmChartContainer - [hivemq-test-hivemq-platform] [hivemq-platform-operator] [f0e217a7] 14:01:57.816 [ReconcilerExecutor-hivemq-controller-75] DEBUG c.h.p.o.h.HiveMQPlatformReconcilerErrorHandler - [helmmqtt] Pod 'test-hivemq-platform-0' condition 'Ready': False
2025-01-29 14:01:57,818 INFO c.h.h.t.HelmChartContainer - [hivemq-test-hivemq-platform] [hivemq-platform-operator] [f0e217a7] 14:01:57.816 [ReconcilerExecutor-hivemq-controller-75] DEBUG c.h.p.o.h.HiveMQPlatformReconcilerErrorHandler - [helmmqtt] Pod 'test-hivemq-platform-0' condition 'ContainersReady': False
2025-01-29 14:01:57,818 INFO c.h.h.t.HelmChartContainer - [hivemq-test-hivemq-platform] [hivemq-platform-operator] [f0e217a7] 14:01:57.816 [ReconcilerExecutor-hivemq-controller-75] DEBUG c.h.p.o.h.HiveMQPlatformReconcilerErrorHandler - [helmmqtt] Pod 'test-hivemq-platform-0' condition 'PodScheduled': True
2025-01-29 14:01:57,818 INFO c.h.h.t.HelmChartContainer - [hivemq-test-hivemq-platform] [hivemq-platform-operator] [f0e217a7] 14:01:57.816 [ReconcilerExecutor-hivemq-controller-75] DEBUG c.h.p.o.h.HiveMQPlatformReconcilerErrorHandler - [helmmqtt] Pod 'test-hivemq-platform-0' containerStatus 'hivemq' (started: false) (ready: false) (waiting: [PodInitializing] null)
2025-01-29 14:01:57,848 INFO c.h.h.t.HelmChartContainer - [EVENT] Normal [Pulled] Container image "docker.io/hivemq/hivemq-platform-operator-init-test:snapshot" already present on machine [helmmqttit:test-hivemq-platform-0]
2025-01-29 14:01:57,899 INFO c.h.h.t.HelmChartContainer - [hivemq-test-hivemq-platform] [hivemq-platform-operator] [f0e217a7] 14:01:57.898 [ReconcilerExecutor-hivemq-controller-75] INFO  c.h.p.o.h.HiveMQPlatformReconcilerBaseHandler - [helmmqtt] HiveMQ Platform is starting, 0 of 1 replicas are ready
2025-01-29 14:01:57,961 INFO c.h.h.t.HelmChartContainer - [EVENT] Normal [Created] Created container: hivemq-platform-operator-init [helmmqttit:test-hivemq-platform-0]
2025-01-29 14:01:58,002 INFO c.h.h.t.HelmChartContainer - [EVENT] Normal [Started] Started container hivemq-platform-operator-init [helmmqttit:test-hivemq-platform-0]
2025-01-29 14:01:58,948 INFO c.h.h.t.HelmChartContainer - [EVENT] Normal [Pulled] Container image "docker.io/hivemq/hivemq4:4.36.0" already present on machine [helmmqttit:test-hivemq-platform-0]
2025-01-29 14:01:58,948 INFO c.h.h.t.HelmChartContainer - Received Pulled event for container hivemq in pod test-hivemq-platform-0 [2e54d083-062a-4fb1-9c41-7611101f017d]
2025-01-29 14:01:58,962 INFO c.h.h.t.HelmChartContainer - [POD] test-hivemq-platform-0 [2e54d083-062a-4fb1-9c41-7611101f017d] in helmmqttit was MODIFIED
2025-01-29 14:01:58,984 INFO c.h.h.t.HelmChartContainer - [hivemq-test-hivemq-platform] [hivemq-platform-operator] [f0e217a7] 14:01:58.983 [pool-6-thread-32] DEBUG c.h.p.o.d.PlatformServiceResource - [helmmqtt] Desired Platform services (2 services)
2025-01-29 14:01:58,986 INFO c.h.h.t.HelmChartContainer - [hivemq-test-hivemq-platform] [hivemq-platform-operator] [f0e217a7] 14:01:58.985 [pool-6-thread-33] DEBUG c.h.p.o.dependants.PodInfoConfigMap - [helmmqtt] Desired PodInfo ConfigMap (1 extensions) (1 enabled)
2025-01-29 14:01:58,990 INFO c.h.h.t.HelmChartContainer - [hivemq-test-hivemq-platform] [hivemq-platform-operator] [f0e217a7] 14:01:58.988 [pool-6-thread-33] DEBUG c.h.p.o.dependants.PodInfoConfigMap - [helmmqtt] Desired PodInfo ConfigMap (metrics port: 9399) (metrics path: /)
2025-01-29 14:01:58,990 INFO c.h.h.t.HelmChartContainer - [hivemq-test-hivemq-platform] [hivemq-platform-operator] [f0e217a7] 14:01:58.988 [pool-6-thread-33] DEBUG c.h.p.o.dependants.PodInfoConfigMap - [helmmqtt] Desired PodInfo ConfigMap (extension state hash: -1817474005)
2025-01-29 14:01:59,000 INFO c.h.h.t.HelmChartContainer - [hivemq-test-hivemq-platform] [hivemq-platform-operator] [f0e217a7] 14:01:58.998 [pool-6-thread-39] DEBUG c.h.p.o.d.StatefulSetResource - [helmmqtt] Desired StatefulSet (1 replicas) for status STARTING (READY)
2025-01-29 14:01:59,008 INFO c.h.h.t.HelmChartContainer - [hivemq-test-hivemq-platform] [hivemq-platform-operator] [f0e217a7] 14:01:58.994 [pool-6-thread-37] DEBUG c.h.p.o.d.PodServiceAccountResource - [helmmqtt] Desired PodServiceAccountResource (serviceAccountName: hivemq-platform-pod-test-hivemq-platform)
2025-01-29 14:01:59,017 INFO c.h.h.t.HelmChartContainer - [hivemq-test-hivemq-platform] [hivemq-platform-operator] [f0e217a7] 14:01:59.012 [ReconcilerExecutor-hivemq-controller-86] INFO  c.h.p.o.HiveMQPlatformReconciler - [helmmqtt] Reconciling HiveMQ Platform 'test-hivemq-platform' in namespace 'helmmqttit'
2025-01-29 14:01:59,017 INFO c.h.h.t.HelmChartContainer - [hivemq-test-hivemq-platform] [hivemq-platform-operator] [f0e217a7] 14:01:59.012 [ReconcilerExecutor-hivemq-controller-86] DEBUG c.h.p.o.HiveMQPlatformReconciler - [helmmqtt] Custom Resource Status STARTING - HiveMQ Platform is starting (READY)
2025-01-29 14:01:59,017 INFO c.h.h.t.HelmChartContainer - [hivemq-test-hivemq-platform] [hivemq-platform-operator] [f0e217a7] 14:01:59.012 [ReconcilerExecutor-hivemq-controller-86] DEBUG c.h.p.o.HiveMQPlatformReconciler - [helmmqtt] Custom Resource Spec (replicas: 1) (extensions: 1)
2025-01-29 14:01:59,017 INFO c.h.h.t.HelmChartContainer - [hivemq-test-hivemq-platform] [hivemq-platform-operator] [f0e217a7] 14:01:59.016 [ReconcilerExecutor-hivemq-controller-86] DEBUG c.h.p.o.HiveMQPlatformReconciler - [helmmqtt] StatefulSet Status (revision: test-hivemq-platform-7bbc5894fb, replicas: 1, available: 0, ready: 0, current: 1, updated: 1)
2025-01-29 14:01:59,018 INFO c.h.h.t.HelmChartContainer - [hivemq-test-hivemq-platform] [hivemq-platform-operator] [f0e217a7] 14:01:59.016 [ReconcilerExecutor-hivemq-controller-86] DEBUG c.h.p.o.HiveMQPlatformReconciler - [helmmqtt] StatefulSet Spec (replicas: 1, init containers: 1, containers: 1, volumes: 3)
2025-01-29 14:01:59,022 INFO c.h.h.t.HelmChartContainer - [hivemq-test-hivemq-platform] [hivemq-platform-operator] [f0e217a7] 14:01:59.021 [ReconcilerExecutor-hivemq-controller-86] DEBUG c.h.p.o.h.HiveMQPlatformReconcilerErrorHandler - [helmmqtt] Pod 'test-hivemq-platform-0' phase Pending
2025-01-29 14:01:59,023 INFO c.h.h.t.HelmChartContainer - [hivemq-test-hivemq-platform] [hivemq-platform-operator] [f0e217a7] 14:01:59.021 [ReconcilerExecutor-hivemq-controller-86] DEBUG c.h.p.o.h.HiveMQPlatformReconcilerErrorHandler - [helmmqtt] Pod 'test-hivemq-platform-0' condition 'PodReadyToStartContainers': True
2025-01-29 14:01:59,023 INFO c.h.h.t.HelmChartContainer - [hivemq-test-hivemq-platform] [hivemq-platform-operator] [f0e217a7] 14:01:59.021 [ReconcilerExecutor-hivemq-controller-86] DEBUG c.h.p.o.h.HiveMQPlatformReconcilerErrorHandler - [helmmqtt] Pod 'test-hivemq-platform-0' condition 'Initialized': True
2025-01-29 14:01:59,023 INFO c.h.h.t.HelmChartContainer - [hivemq-test-hivemq-platform] [hivemq-platform-operator] [f0e217a7] 14:01:59.021 [ReconcilerExecutor-hivemq-controller-86] DEBUG c.h.p.o.h.HiveMQPlatformReconcilerErrorHandler - [helmmqtt] Pod 'test-hivemq-platform-0' condition 'Ready': False
2025-01-29 14:01:59,023 INFO c.h.h.t.HelmChartContainer - [hivemq-test-hivemq-platform] [hivemq-platform-operator] [f0e217a7] 14:01:59.021 [ReconcilerExecutor-hivemq-controller-86] DEBUG c.h.p.o.h.HiveMQPlatformReconcilerErrorHandler - [helmmqtt] Pod 'test-hivemq-platform-0' condition 'ContainersReady': False
2025-01-29 14:01:59,023 INFO c.h.h.t.HelmChartContainer - [hivemq-test-hivemq-platform] [hivemq-platform-operator] [f0e217a7] 14:01:59.022 [ReconcilerExecutor-hivemq-controller-86] DEBUG c.h.p.o.h.HiveMQPlatformReconcilerErrorHandler - [helmmqtt] Pod 'test-hivemq-platform-0' condition 'PodScheduled': True
2025-01-29 14:01:59,023 INFO c.h.h.t.HelmChartContainer - [hivemq-test-hivemq-platform] [hivemq-platform-operator] [f0e217a7] 14:01:59.022 [ReconcilerExecutor-hivemq-controller-86] DEBUG c.h.p.o.h.HiveMQPlatformReconcilerErrorHandler - [helmmqtt] Pod 'test-hivemq-platform-0' containerStatus 'hivemq' (started: false) (ready: false) (waiting: [PodInitializing] null)
2025-01-29 14:01:59,024 INFO c.h.h.t.HelmChartContainer - [hivemq-test-hivemq-platform] [hivemq-platform-operator] [f0e217a7] 14:01:59.023 [ReconcilerExecutor-hivemq-controller-86] INFO  c.h.p.o.h.HiveMQPlatformReconcilerBaseHandler - [helmmqtt] HiveMQ Platform is starting, 0 of 1 replicas are ready
2025-01-29 14:02:00,024 INFO c.h.h.t.HelmChartContainer - [EVENT] Normal [Created] Created container: hivemq [helmmqttit:test-hivemq-platform-0]
2025-01-29 14:02:00,024 INFO c.h.h.t.HelmChartContainer - Received Created event for container hivemq in pod test-hivemq-platform-0 [2e54d083-062a-4fb1-9c41-7611101f017d]
2025-01-29 14:02:00,966 INFO c.h.h.t.HelmChartContainer - [POD] test-hivemq-platform-0 [2e54d083-062a-4fb1-9c41-7611101f017d] in helmmqttit was MODIFIED
2025-01-29 14:02:00,976 INFO c.h.h.t.HelmChartContainer - Started log watcher for hivemq in pod test-hivemq-platform-0 [2e54d083-062a-4fb1-9c41-7611101f017d]
2025-01-29 14:02:00,976 INFO c.h.h.t.HelmChartContainer - [EVENT] Normal [Started] Started container hivemq [helmmqttit:test-hivemq-platform-0]
2025-01-29 14:02:00,976 INFO c.h.h.t.HelmChartContainer - Received Started event for container hivemq in pod test-hivemq-platform-0 [2e54d083-062a-4fb1-9c41-7611101f017d]
2025-01-29 14:02:00,976 INFO c.h.h.t.HelmChartContainer - [test-hivemq-platform] [hivemq] [2e54d083] Adding pre-installed HiveMQ Platform Operator extensions
2025-01-29 14:02:00,976 INFO c.h.h.t.HelmChartContainer - [test-hivemq-platform] [hivemq] [2e54d083] Running as user 10000
2025-01-29 14:02:00,976 INFO c.h.h.t.HelmChartContainer - [test-hivemq-platform] [hivemq] [2e54d083] Starting HiveMQ Platform Operator Init
2025-01-29 14:02:00,981 INFO c.h.h.t.HelmChartContainer - [hivemq-test-hivemq-platform] [hivemq-platform-operator] [f0e217a7] 14:02:00.979 [pool-6-thread-42] DEBUG c.h.p.o.d.PlatformServiceResource - [helmmqtt] Desired Platform services (2 services)
2025-01-29 14:02:00,984 INFO c.h.h.t.HelmChartContainer - [hivemq-test-hivemq-platform] [hivemq-platform-operator] [f0e217a7] 14:02:00.981 [pool-6-thread-43] DEBUG c.h.p.o.dependants.PodInfoConfigMap - [helmmqtt] Desired PodInfo ConfigMap (1 extensions) (1 enabled)
2025-01-29 14:02:00,984 INFO c.h.h.t.HelmChartContainer - [hivemq-test-hivemq-platform] [hivemq-platform-operator] [f0e217a7] 14:02:00.981 [pool-6-thread-43] DEBUG c.h.p.o.dependants.PodInfoConfigMap - [helmmqtt] Desired PodInfo ConfigMap (metrics port: 9399) (metrics path: /)
2025-01-29 14:02:00,984 INFO c.h.h.t.HelmChartContainer - [hivemq-test-hivemq-platform] [hivemq-platform-operator] [f0e217a7] 14:02:00.981 [pool-6-thread-43] DEBUG c.h.p.o.dependants.PodInfoConfigMap - [helmmqtt] Desired PodInfo ConfigMap (extension state hash: -1817474005)
2025-01-29 14:02:00,984 INFO c.h.h.t.HelmChartContainer - [hivemq-test-hivemq-platform] [hivemq-platform-operator] [f0e217a7] 14:02:00.983 [pool-6-thread-47] DEBUG c.h.p.o.d.PodServiceAccountResource - [helmmqtt] Desired PodServiceAccountResource (serviceAccountName: hivemq-platform-pod-test-hivemq-platform)
2025-01-29 14:02:00,990 INFO c.h.h.t.HelmChartContainer - [hivemq-test-hivemq-platform] [hivemq-platform-operator] [f0e217a7] 14:02:00.989 [pool-6-thread-50] DEBUG c.h.p.o.d.StatefulSetResource - [helmmqtt] Desired StatefulSet (1 replicas) for status STARTING (READY)
2025-01-29 14:02:01,011 INFO c.h.h.t.HelmChartContainer - [hivemq-test-hivemq-platform] [hivemq-platform-operator] [f0e217a7] 14:02:01.006 [ReconcilerExecutor-hivemq-controller-97] INFO  c.h.p.o.HiveMQPlatformReconciler - [helmmqtt] Reconciling HiveMQ Platform 'test-hivemq-platform' in namespace 'helmmqttit'
2025-01-29 14:02:01,011 INFO c.h.h.t.HelmChartContainer - [hivemq-test-hivemq-platform] [hivemq-platform-operator] [f0e217a7] 14:02:01.007 [ReconcilerExecutor-hivemq-controller-97] DEBUG c.h.p.o.HiveMQPlatformReconciler - [helmmqtt] Custom Resource Status STARTING - HiveMQ Platform is starting (READY)
2025-01-29 14:02:01,011 INFO c.h.h.t.HelmChartContainer - [hivemq-test-hivemq-platform] [hivemq-platform-operator] [f0e217a7] 14:02:01.007 [ReconcilerExecutor-hivemq-controller-97] DEBUG c.h.p.o.HiveMQPlatformReconciler - [helmmqtt] Custom Resource Spec (replicas: 1) (extensions: 1)
2025-01-29 14:02:01,011 INFO c.h.h.t.HelmChartContainer - [hivemq-test-hivemq-platform] [hivemq-platform-operator] [f0e217a7] 14:02:01.009 [ReconcilerExecutor-hivemq-controller-97] DEBUG c.h.p.o.HiveMQPlatformReconciler - [helmmqtt] StatefulSet Status (revision: test-hivemq-platform-7bbc5894fb, replicas: 1, available: 0, ready: 0, current: 1, updated: 1)
2025-01-29 14:02:01,011 INFO c.h.h.t.HelmChartContainer - [hivemq-test-hivemq-platform] [hivemq-platform-operator] [f0e217a7] 14:02:01.009 [ReconcilerExecutor-hivemq-controller-97] DEBUG c.h.p.o.HiveMQPlatformReconciler - [helmmqtt] StatefulSet Spec (replicas: 1, init containers: 1, containers: 1, volumes: 3)
2025-01-29 14:02:01,013 INFO c.h.h.t.HelmChartContainer - [hivemq-test-hivemq-platform] [hivemq-platform-operator] [f0e217a7] 14:02:01.012 [ReconcilerExecutor-hivemq-controller-97] DEBUG c.h.p.o.h.HiveMQPlatformReconcilerErrorHandler - [helmmqtt] Pod 'test-hivemq-platform-0' phase Running
2025-01-29 14:02:01,015 INFO c.h.h.t.HelmChartContainer - [hivemq-test-hivemq-platform] [hivemq-platform-operator] [f0e217a7] 14:02:01.014 [ReconcilerExecutor-hivemq-controller-97] INFO  c.h.p.o.h.HiveMQPlatformReconcilerBaseHandler - [helmmqtt] HiveMQ Platform is starting, 0 of 1 replicas are ready
2025-01-29 14:02:01,258 INFO c.h.h.t.HelmChartContainer - [test-hivemq-platform] [hivemq] [2e54d083] INFO  - [HiveMQ Platform Operator Init 1.7.0-SNAPSHOT] HiveMQ Platform Operator Init 1.7.0-SNAPSHOT (commit: bebf408 on branch: HEAD) built on Sun Jan 26 20:47:47 UTC 2025
2025-01-29 14:02:02,489 INFO c.h.h.t.HelmChartContainer - [test-hivemq-platform] [hivemq] [2e54d083] INFO  - [HiveMQ Platform Operator Init App 1.7.0-SNAPSHOT] Using bind address 10.42.0.15 from environment variable
2025-01-29 14:02:03,349 INFO c.h.h.t.HelmChartContainer - [test-hivemq-platform] [hivemq] [2e54d083] INFO  - [HiveMQ Platform Operator Init App 1.7.0-SNAPSHOT] HiveMQ Platform Operator Init App 1.7.0-SNAPSHOT (commit: bebf408 on branch: HEAD) built on Sun Jan 26 20:47:47 UTC 2025
2025-01-29 14:02:03,349 INFO c.h.h.t.HelmChartContainer - [test-hivemq-platform] [hivemq] [2e54d083] INFO  - [HiveMQ Platform Operator Init App 1.7.0-SNAPSHOT] PodInfo ConfigMap directory: /etc/podinfo
2025-01-29 14:02:03,349 INFO c.h.h.t.HelmChartContainer - [test-hivemq-platform] [hivemq] [2e54d083] INFO  - [HiveMQ Platform Operator Init App 1.7.0-SNAPSHOT] HiveMQ home directory: /opt/hivemq
2025-01-29 14:02:03,349 INFO c.h.h.t.HelmChartContainer - [test-hivemq-platform] [hivemq] [2e54d083] INFO  - [HiveMQ Platform Operator Init App 1.7.0-SNAPSHOT] HiveMQ Logback folder: /opt/hivemq/conf
2025-01-29 14:02:03,349 INFO c.h.h.t.HelmChartContainer - [test-hivemq-platform] [hivemq] [2e54d083] INFO  - [HiveMQ Platform Operator Init App 1.7.0-SNAPSHOT] HiveMQ Config folder: /opt/hivemq/conf-k8s
2025-01-29 14:02:03,350 INFO c.h.h.t.HelmChartContainer - [test-hivemq-platform] [hivemq] [2e54d083] INFO  - [HiveMQ Platform Operator Init App 1.7.0-SNAPSHOT] Starting HiveMQ Platform Operator Init App
2025-01-29 14:02:03,350 INFO c.h.h.t.HelmChartContainer - [test-hivemq-platform] [hivemq] [2e54d083] INFO  - [HiveMQ Platform Operator Init App 1.7.0-SNAPSHOT] Starting Pod reconciler
2025-01-29 14:02:04,555 INFO c.h.h.t.HelmChartContainer - [test-hivemq-platform] [hivemq] [2e54d083] INFO  - [HiveMQ Platform Operator Init App 1.7.0-SNAPSHOT] Pod reconciler is scheduled (interval: 5000 ms)
2025-01-29 14:02:04,556 INFO c.h.h.t.HelmChartContainer - [test-hivemq-platform] [hivemq] [2e54d083] INFO  - [HiveMQ Platform Operator Init App 1.7.0-SNAPSHOT] Starting the REST API on 10.42.0.15:7979
2025-01-29 14:02:04,558 INFO c.h.h.t.HelmChartContainer - [test-hivemq-platform] [hivemq] [2e54d083] INFO  - [HiveMQ Platform Operator Init App 1.7.0-SNAPSHOT] Waiting up to 600s for at most 1 HiveMQ nodes in cluster service hivemq-test-hivemq-platform-cluster.helmmqttit.svc
2025-01-29 14:02:04,955 INFO c.h.h.t.HelmChartContainer - [test-hivemq-platform] [hivemq] [2e54d083] INFO  - [HiveMQ Platform Operator Init App 1.7.0-SNAPSHOT] Resolved 1 IP addresses: [10.42.0.15]
2025-01-29 14:02:04,955 INFO c.h.h.t.HelmChartContainer - [test-hivemq-platform] [hivemq] [2e54d083] INFO  - [HiveMQ Platform Operator Init App 1.7.0-SNAPSHOT] HiveMQ node count of 1 is within threshold of 1
2025-01-29 14:02:04,955 INFO c.h.h.t.HelmChartContainer - [test-hivemq-platform] [hivemq] [2e54d083] INFO  - [HiveMQ Platform Operator Init App 1.7.0-SNAPSHOT] Proceeding with container start
2025-01-29 14:02:05,049 INFO c.h.h.t.HelmChartContainer - [test-hivemq-platform] [hivemq] [2e54d083] INFO  - [HiveMQ Platform Operator Init App 1.7.0-SNAPSHOT] Initializing HiveMQ Platform extensions with initial configuration: {hivemq-allow-all-extension={start-priority=-1, skip-https-hostname-verification=false, restart=true, config-version=0, header-version=0, c-uri=, priority=-1, uri=preinstalled, skip-https-certificate-validation=false, enabled=true}, hivemq-prometheus-extension={priority=-1, start-priority=-1, c-uri=, skip-https-hostname-verification=false, skip-https-certificate-validation=false, uri=preinstalled, request-header-path=no-request-headers, enabled=true, restart=true}}
2025-01-29 14:02:05,551 INFO c.h.h.t.HelmChartContainer - [test-hivemq-platform] [hivemq] [2e54d083] INFO  - [HiveMQ Platform Operator Init App 1.7.0-SNAPSHOT] Extension hivemq-allow-all-extension was already enabled
2025-01-29 14:02:05,562 INFO c.h.h.t.HelmChartContainer - [test-hivemq-platform] [hivemq] [2e54d083] INFO  - [HiveMQ Platform Operator Init App 1.7.0-SNAPSHOT] Successfully enabled extension hivemq-prometheus-extension
2025-01-29 14:02:05,563 INFO c.h.h.t.HelmChartContainer - [test-hivemq-platform] [hivemq] [2e54d083] INFO  - [HiveMQ Platform Operator Init App 1.7.0-SNAPSHOT] Starting HiveMQ Platform version 4.36.0 (4.36.0)
2025-01-29 14:02:05,564 INFO c.h.h.t.HelmChartContainer - [test-hivemq-platform] [hivemq] [2e54d083] INFO  - [HiveMQ Platform Operator Init App 1.7.0-SNAPSHOT] Configuring the HiveMQ Platform
2025-01-29 14:02:05,655 INFO c.h.h.t.HelmChartContainer - [test-hivemq-platform] [hivemq] [2e54d083] INFO  - [HiveMQ Platform Operator Init App 1.7.0-SNAPSHOT] Changed logback.xml file scan period to 20 seconds
2025-01-29 14:02:05,751 INFO c.h.h.t.HelmChartContainer - [test-hivemq-platform] [hivemq] [2e54d083] INFO  - [HiveMQ Platform Operator Init App 1.7.0-SNAPSHOT] Starting the HiveMQ Platform
2025-01-29 14:02:05,754 INFO c.h.h.t.HelmChartContainer - [test-hivemq-platform] [hivemq] [2e54d083] -------------------------------------------------------------------------
2025-01-29 14:02:05,754 INFO c.h.h.t.HelmChartContainer - [test-hivemq-platform] [hivemq] [2e54d083] 
2025-01-29 14:02:05,754 INFO c.h.h.t.HelmChartContainer - [test-hivemq-platform] [hivemq] [2e54d083]                   _    _  _              __  __   ____
2025-01-29 14:02:05,754 INFO c.h.h.t.HelmChartContainer - [test-hivemq-platform] [hivemq] [2e54d083]                  | |  | |(_)            |  \/  | / __ \
2025-01-29 14:02:05,754 INFO c.h.h.t.HelmChartContainer - [test-hivemq-platform] [hivemq] [2e54d083]                  | |__| | _ __   __ ___ | \  / || |  | |
2025-01-29 14:02:05,754 INFO c.h.h.t.HelmChartContainer - [test-hivemq-platform] [hivemq] [2e54d083]                  |  __  || |\ \ / // _ \| |\/| || |  | |
2025-01-29 14:02:05,754 INFO c.h.h.t.HelmChartContainer - [test-hivemq-platform] [hivemq] [2e54d083]                  | |  | || | \ V /|  __/| |  | || |__| |
2025-01-29 14:02:05,754 INFO c.h.h.t.HelmChartContainer - [test-hivemq-platform] [hivemq] [2e54d083]                  |_|  |_||_|  \_/  \___||_|  |_| \___\_\
2025-01-29 14:02:05,754 INFO c.h.h.t.HelmChartContainer - [test-hivemq-platform] [hivemq] [2e54d083] 
2025-01-29 14:02:05,754 INFO c.h.h.t.HelmChartContainer - [test-hivemq-platform] [hivemq] [2e54d083] -------------------------------------------------------------------------
2025-01-29 14:02:05,754 INFO c.h.h.t.HelmChartContainer - [test-hivemq-platform] [hivemq] [2e54d083] 
2025-01-29 14:02:05,754 INFO c.h.h.t.HelmChartContainer - [test-hivemq-platform] [hivemq] [2e54d083]   HiveMQ Start Script for Linux/Unix v1.14
2025-01-29 14:02:05,754 INFO c.h.h.t.HelmChartContainer - [test-hivemq-platform] [hivemq] [2e54d083] 
2025-01-29 14:02:05,854 INFO c.h.h.t.HelmChartContainer - [test-hivemq-platform] [hivemq] [2e54d083] -------------------------------------------------------------------------
2025-01-29 14:02:05,854 INFO c.h.h.t.HelmChartContainer - [test-hivemq-platform] [hivemq] [2e54d083] 
2025-01-29 14:02:05,854 INFO c.h.h.t.HelmChartContainer - [test-hivemq-platform] [hivemq] [2e54d083]   HIVEMQ_HOME: /opt/hivemq
2025-01-29 14:02:05,854 INFO c.h.h.t.HelmChartContainer - [test-hivemq-platform] [hivemq] [2e54d083] 
2025-01-29 14:02:05,854 INFO c.h.h.t.HelmChartContainer - [test-hivemq-platform] [hivemq] [2e54d083]   JAVA_OPTS: -XX:+UnlockExperimentalVMOptions -XX:InitialRAMPercentage=50 -XX:MaxRAMPercentage=50 -Djava.net.preferIPv4Stack=true --add-opens java.base/java.lang=ALL-UNNAMED --add-opens java.base/java.nio=ALL-UNNAMED --add-opens java.base/sun.nio.ch=ALL-UNNAMED --add-opens jdk.management/com.sun.management.internal=ALL-UNNAMED --add-exports java.base/jdk.internal.misc=ALL-UNNAMED -Djava.security.egd=file:/dev/./urandom -Dcom.sun.management.jmxremote -Dcom.sun.management.jmxremote.port=9010 -Dcom.sun.management.jmxremote.local.only=false -Dcom.sun.management.jmxremote.authenticate=false -Dcom.sun.management.jmxremote.ssl=false -Duser.language=en -Duser.region=US -XX:+CrashOnOutOfMemoryError -XX:+HeapDumpOnOutOfMemoryError
2025-01-29 14:02:05,854 INFO c.h.h.t.HelmChartContainer - [test-hivemq-platform] [hivemq] [2e54d083] 
2025-01-29 14:02:05,854 INFO c.h.h.t.HelmChartContainer - [test-hivemq-platform] [hivemq] [2e54d083]   JAVA_VERSION: 21
2025-01-29 14:02:05,855 INFO c.h.h.t.HelmChartContainer - [test-hivemq-platform] [hivemq] [2e54d083] 
2025-01-29 14:02:05,855 INFO c.h.h.t.HelmChartContainer - [test-hivemq-platform] [hivemq] [2e54d083] -------------------------------------------------------------------------
2025-01-29 14:02:05,855 INFO c.h.h.t.HelmChartContainer - [test-hivemq-platform] [hivemq] [2e54d083] 
2025-01-29 14:02:07,963 INFO c.h.h.t.HelmChartContainer - [test-hivemq-platform] [hivemq] [2e54d083] INFO  - [HiveMQ Platform Operator Init App 1.7.0-SNAPSHOT] Returning default Health API response 503 for readiness
2025-01-29 14:02:08,360 INFO c.h.h.t.HelmChartContainer - [EVENT] Warning [Unhealthy] Readiness probe failed: HTTP probe failed with statuscode: 503 [helmmqttit:test-hivemq-platform-0]
2025-01-29 14:02:08,361 INFO c.h.h.t.HelmChartContainer - Received Unhealthy event for container hivemq in pod test-hivemq-platform-0 [2e54d083-062a-4fb1-9c41-7611101f017d]
2025-01-29 14:02:08,459 INFO c.h.h.t.HelmChartContainer - [test-hivemq-platform] [hivemq] [2e54d083] INFO  - Starting HiveMQ Enterprise Server
2025-01-29 14:02:08,464 INFO c.h.h.t.HelmChartContainer - [test-hivemq-platform] [hivemq] [2e54d083] INFO  - HiveMQ version: 4.36.0
2025-01-29 14:02:08,464 INFO c.h.h.t.HelmChartContainer - [test-hivemq-platform] [hivemq] [2e54d083] INFO  - HiveMQ home directory: /opt/hivemq
2025-01-29 14:02:08,464 INFO c.h.h.t.HelmChartContainer - [test-hivemq-platform] [hivemq] [2e54d083] INFO  - Log Configuration was overridden by /opt/hivemq/conf/logback.xml
2025-01-29 14:02:09,748 INFO c.h.h.t.HelmChartContainer - [test-hivemq-platform] [hivemq] [2e54d083] INFO  - Successfully loaded configuration from '/opt/hivemq/conf-k8s/config.xml'.
2025-01-29 14:02:10,551 INFO c.h.h.t.HelmChartContainer - [test-hivemq-platform] [hivemq] [2e54d083] INFO  - This node's ID is iUTpt
2025-01-29 14:02:10,551 INFO c.h.h.t.HelmChartContainer - [test-hivemq-platform] [hivemq] [2e54d083] INFO  - Clustering is enabled
2025-01-29 14:02:11,021 INFO c.h.h.t.HelmChartContainer - [hivemq-test-hivemq-platform] [hivemq-platform-operator] [f0e217a7] 14:02:11.018 [pool-6-thread-6] DEBUG c.h.p.o.d.PlatformServiceResource - [helmmqtt] Desired Platform services (2 services)
2025-01-29 14:02:11,022 INFO c.h.h.t.HelmChartContainer - [hivemq-test-hivemq-platform] [hivemq-platform-operator] [f0e217a7] 14:02:11.019 [pool-6-thread-5] DEBUG c.h.p.o.dependants.PodInfoConfigMap - [helmmqtt] Desired PodInfo ConfigMap (1 extensions) (1 enabled)
2025-01-29 14:02:11,022 INFO c.h.h.t.HelmChartContainer - [hivemq-test-hivemq-platform] [hivemq-platform-operator] [f0e217a7] 14:02:11.019 [pool-6-thread-5] DEBUG c.h.p.o.dependants.PodInfoConfigMap - [helmmqtt] Desired PodInfo ConfigMap (metrics port: 9399) (metrics path: /)
2025-01-29 14:02:11,023 INFO c.h.h.t.HelmChartContainer - [hivemq-test-hivemq-platform] [hivemq-platform-operator] [f0e217a7] 14:02:11.019 [pool-6-thread-5] DEBUG c.h.p.o.dependants.PodInfoConfigMap - [helmmqtt] Desired PodInfo ConfigMap (extension state hash: -1817474005)
2025-01-29 14:02:11,023 INFO c.h.h.t.HelmChartContainer - [hivemq-test-hivemq-platform] [hivemq-platform-operator] [f0e217a7] 14:02:11.022 [pool-6-thread-3] DEBUG c.h.p.o.d.PodServiceAccountResource - [helmmqtt] Desired PodServiceAccountResource (serviceAccountName: hivemq-platform-pod-test-hivemq-platform)
2025-01-29 14:02:11,028 INFO c.h.h.t.HelmChartContainer - [hivemq-test-hivemq-platform] [hivemq-platform-operator] [f0e217a7] 14:02:11.027 [pool-6-thread-5] DEBUG c.h.p.o.d.StatefulSetResource - [helmmqtt] Desired StatefulSet (1 replicas) for status STARTING (READY)
2025-01-29 14:02:11,033 INFO c.h.h.t.HelmChartContainer - [hivemq-test-hivemq-platform] [hivemq-platform-operator] [f0e217a7] 14:02:11.031 [ReconcilerExecutor-hivemq-controller-108] INFO  c.h.p.o.HiveMQPlatformReconciler - [helmmqtt] Reconciling HiveMQ Platform 'test-hivemq-platform' in namespace 'helmmqttit'
2025-01-29 14:02:11,033 INFO c.h.h.t.HelmChartContainer - [hivemq-test-hivemq-platform] [hivemq-platform-operator] [f0e217a7] 14:02:11.031 [ReconcilerExecutor-hivemq-controller-108] DEBUG c.h.p.o.HiveMQPlatformReconciler - [helmmqtt] Custom Resource Status STARTING - HiveMQ Platform is starting (READY)
2025-01-29 14:02:11,033 INFO c.h.h.t.HelmChartContainer - [hivemq-test-hivemq-platform] [hivemq-platform-operator] [f0e217a7] 14:02:11.031 [ReconcilerExecutor-hivemq-controller-108] DEBUG c.h.p.o.HiveMQPlatformReconciler - [helmmqtt] Custom Resource Spec (replicas: 1) (extensions: 1)
2025-01-29 14:02:11,034 INFO c.h.h.t.HelmChartContainer - [hivemq-test-hivemq-platform] [hivemq-platform-operator] [f0e217a7] 14:02:11.033 [ReconcilerExecutor-hivemq-controller-108] DEBUG c.h.p.o.HiveMQPlatformReconciler - [helmmqtt] StatefulSet Status (revision: test-hivemq-platform-7bbc5894fb, replicas: 1, available: 0, ready: 0, current: 1, updated: 1)
2025-01-29 14:02:11,034 INFO c.h.h.t.HelmChartContainer - [hivemq-test-hivemq-platform] [hivemq-platform-operator] [f0e217a7] 14:02:11.033 [ReconcilerExecutor-hivemq-controller-108] DEBUG c.h.p.o.HiveMQPlatformReconciler - [helmmqtt] StatefulSet Spec (replicas: 1, init containers: 1, containers: 1, volumes: 3)
2025-01-29 14:02:11,035 INFO c.h.h.t.HelmChartContainer - [hivemq-test-hivemq-platform] [hivemq-platform-operator] [f0e217a7] 14:02:11.035 [ReconcilerExecutor-hivemq-controller-108] DEBUG c.h.p.o.h.HiveMQPlatformReconcilerErrorHandler - [helmmqtt] Pod 'test-hivemq-platform-0' phase Running
2025-01-29 14:02:11,037 INFO c.h.h.t.HelmChartContainer - [hivemq-test-hivemq-platform] [hivemq-platform-operator] [f0e217a7] 14:02:11.036 [ReconcilerExecutor-hivemq-controller-108] INFO  c.h.p.o.h.HiveMQPlatformReconcilerBaseHandler - [helmmqtt] HiveMQ Platform is starting, 0 of 1 replicas are ready
2025-01-29 14:02:13,458 INFO c.h.h.t.HelmChartContainer - [test-hivemq-platform] [hivemq] [2e54d083] WARN  - [HiveMQ Platform Operator Init App 1.7.0-SNAPSHOT] Cannot connect to Health API for readiness: null
2025-01-29 14:02:13,462 INFO c.h.h.t.HelmChartContainer - [EVENT] Warning [Unhealthy] Readiness probe failed: HTTP probe failed with statuscode: 503 [helmmqttit:test-hivemq-platform-0]
2025-01-29 14:02:13,463 INFO c.h.h.t.HelmChartContainer - Received Unhealthy event for container hivemq in pod test-hivemq-platform-0 [2e54d083-062a-4fb1-9c41-7611101f017d]
2025-01-29 14:02:14,757 INFO c.h.h.t.HelmChartContainer - [test-hivemq-platform] [hivemq] [2e54d083] Jan 29, 2025 2:02:14 PM io.vertx.core.impl.BlockedThreadChecker
2025-01-29 14:02:14,757 INFO c.h.h.t.HelmChartContainer - [test-hivemq-platform] [hivemq] [2e54d083] WARNING: Thread Thread[vert.x-eventloop-thread-1,5,main] has been blocked for 2296 ms, time limit is 2000 ms
2025-01-29 14:02:15,753 INFO c.h.h.t.HelmChartContainer - [test-hivemq-platform] [hivemq] [2e54d083] INFO  - [HiveMQ Platform Operator Init App 1.7.0-SNAPSHOT] Updating Pod HiveMQ Platform Operator Init App version annotation (version: 1.7.0-SNAPSHOT)
2025-01-29 14:02:16,430 INFO c.h.h.t.HelmChartContainer - [POD] test-hivemq-platform-0 [2e54d083-062a-4fb1-9c41-7611101f017d] in helmmqttit was MODIFIED
2025-01-29 14:02:16,436 INFO c.h.h.t.HelmChartContainer - [hivemq-test-hivemq-platform] [hivemq-platform-operator] [f0e217a7] 14:02:16.435 [pool-6-thread-17] DEBUG c.h.p.o.d.PlatformServiceResource - [helmmqtt] Desired Platform services (2 services)
2025-01-29 14:02:16,437 INFO c.h.h.t.HelmChartContainer - [hivemq-test-hivemq-platform] [hivemq-platform-operator] [f0e217a7] 14:02:16.436 [pool-6-thread-15] DEBUG c.h.p.o.dependants.PodInfoConfigMap - [helmmqtt] Desired PodInfo ConfigMap (1 extensions) (1 enabled)
2025-01-29 14:02:16,440 INFO c.h.h.t.HelmChartContainer - [hivemq-test-hivemq-platform] [hivemq-platform-operator] [f0e217a7] 14:02:16.437 [pool-6-thread-15] DEBUG c.h.p.o.dependants.PodInfoConfigMap - [helmmqtt] Desired PodInfo ConfigMap (metrics port: 9399) (metrics path: /)
2025-01-29 14:02:16,440 INFO c.h.h.t.HelmChartContainer - [hivemq-test-hivemq-platform] [hivemq-platform-operator] [f0e217a7] 14:02:16.437 [pool-6-thread-15] DEBUG c.h.p.o.dependants.PodInfoConfigMap - [helmmqtt] Desired PodInfo ConfigMap (extension state hash: -1817474005)
2025-01-29 14:02:16,442 INFO c.h.h.t.HelmChartContainer - [hivemq-test-hivemq-platform] [hivemq-platform-operator] [f0e217a7] 14:02:16.441 [pool-6-thread-16] DEBUG c.h.p.o.d.PodServiceAccountResource - [helmmqtt] Desired PodServiceAccountResource (serviceAccountName: hivemq-platform-pod-test-hivemq-platform)
2025-01-29 14:02:16,443 INFO c.h.h.t.HelmChartContainer - [hivemq-test-hivemq-platform] [hivemq-platform-operator] [f0e217a7] 14:02:16.443 [pool-6-thread-15] DEBUG c.h.p.o.d.StatefulSetResource - [helmmqtt] Desired StatefulSet (1 replicas) for status STARTING (READY)
2025-01-29 14:02:16,448 INFO c.h.h.t.HelmChartContainer - [hivemq-test-hivemq-platform] [hivemq-platform-operator] [f0e217a7] 14:02:16.447 [ReconcilerExecutor-hivemq-controller-109] INFO  c.h.p.o.HiveMQPlatformReconciler - [helmmqtt] Reconciling HiveMQ Platform 'test-hivemq-platform' in namespace 'helmmqttit'
2025-01-29 14:02:16,449 INFO c.h.h.t.HelmChartContainer - [hivemq-test-hivemq-platform] [hivemq-platform-operator] [f0e217a7] 14:02:16.447 [ReconcilerExecutor-hivemq-controller-109] DEBUG c.h.p.o.HiveMQPlatformReconciler - [helmmqtt] Custom Resource Status STARTING - HiveMQ Platform is starting (READY)
2025-01-29 14:02:16,450 INFO c.h.h.t.HelmChartContainer - [hivemq-test-hivemq-platform] [hivemq-platform-operator] [f0e217a7] 14:02:16.447 [ReconcilerExecutor-hivemq-controller-109] DEBUG c.h.p.o.HiveMQPlatformReconciler - [helmmqtt] Custom Resource Spec (replicas: 1) (extensions: 1)
2025-01-29 14:02:16,453 INFO c.h.h.t.HelmChartContainer - [hivemq-test-hivemq-platform] [hivemq-platform-operator] [f0e217a7] 14:02:16.449 [ReconcilerExecutor-hivemq-controller-109] DEBUG c.h.p.o.HiveMQPlatformReconciler - [helmmqtt] StatefulSet Status (revision: test-hivemq-platform-7bbc5894fb, replicas: 1, available: 0, ready: 0, current: 1, updated: 1)
2025-01-29 14:02:16,453 INFO c.h.h.t.HelmChartContainer - [hivemq-test-hivemq-platform] [hivemq-platform-operator] [f0e217a7] 14:02:16.449 [ReconcilerExecutor-hivemq-controller-109] DEBUG c.h.p.o.HiveMQPlatformReconciler - [helmmqtt] StatefulSet Spec (replicas: 1, init containers: 1, containers: 1, volumes: 3)
2025-01-29 14:02:16,453 INFO c.h.h.t.HelmChartContainer - [hivemq-test-hivemq-platform] [hivemq-platform-operator] [f0e217a7] 14:02:16.451 [ReconcilerExecutor-hivemq-controller-109] DEBUG c.h.p.o.h.HiveMQPlatformReconcilerErrorHandler - [helmmqtt] Pod 'test-hivemq-platform-0' phase Running
2025-01-29 14:02:16,457 INFO c.h.h.t.HelmChartContainer - [test-hivemq-platform] [hivemq] [2e54d083] WARN  - [HiveMQ Platform Operator Init App 1.7.0-SNAPSHOT] Cannot connect to Health API for readiness: null
2025-01-29 14:02:16,463 INFO c.h.h.t.HelmChartContainer - [EVENT] Warning [Unhealthy] Readiness probe failed: HTTP probe failed with statuscode: 503 [helmmqttit:test-hivemq-platform-0]
2025-01-29 14:02:16,463 INFO c.h.h.t.HelmChartContainer - Received Unhealthy event for container hivemq in pod test-hivemq-platform-0 [2e54d083-062a-4fb1-9c41-7611101f017d]
2025-01-29 14:02:16,522 INFO c.h.h.t.HelmChartContainer - [test-hivemq-platform] [hivemq] [2e54d083] INFO  - [HiveMQ Platform Operator Init App 1.7.0-SNAPSHOT] Successfully updated Pod HiveMQ Platform Operator Init App version annotation (version: 1.7.0-SNAPSHOT)
2025-01-29 14:02:16,522 INFO c.h.h.t.HelmChartContainer - [hivemq-test-hivemq-platform] [hivemq-platform-operator] [f0e217a7] 14:02:16.507 [ReconcilerExecutor-hivemq-controller-109] INFO  c.h.p.o.h.HiveMQPlatformReconcilerBaseHandler - [helmmqtt] HiveMQ Platform is starting, 0 of 1 replicas are ready
2025-01-29 14:02:21,452 INFO c.h.h.t.HelmChartContainer - [test-hivemq-platform] [hivemq] [2e54d083] WARN  - [HiveMQ Platform Operator Init App 1.7.0-SNAPSHOT] Cannot connect to Health API for readiness: null
2025-01-29 14:02:21,455 INFO c.h.h.t.HelmChartContainer - [EVENT] Warning [Unhealthy] Readiness probe failed: HTTP probe failed with statuscode: 503 [helmmqttit:test-hivemq-platform-0]
2025-01-29 14:02:21,455 INFO c.h.h.t.HelmChartContainer - Received Unhealthy event for container hivemq in pod test-hivemq-platform-0 [2e54d083-062a-4fb1-9c41-7611101f017d]
2025-01-29 14:02:26,453 INFO c.h.h.t.HelmChartContainer - [test-hivemq-platform] [hivemq] [2e54d083] WARN  - [HiveMQ Platform Operator Init App 1.7.0-SNAPSHOT] Cannot connect to Health API for readiness: null
2025-01-29 14:02:26,456 INFO c.h.h.t.HelmChartContainer - [EVENT] Warning [Unhealthy] Readiness probe failed: HTTP probe failed with statuscode: 503 [helmmqttit:test-hivemq-platform-0]
2025-01-29 14:02:26,457 INFO c.h.h.t.HelmChartContainer - Received Unhealthy event for container hivemq in pod test-hivemq-platform-0 [2e54d083-062a-4fb1-9c41-7611101f017d]
2025-01-29 14:02:26,517 INFO c.h.h.t.HelmChartContainer - [hivemq-test-hivemq-platform] [hivemq-platform-operator] [f0e217a7] 14:02:26.512 [pool-6-thread-24] DEBUG c.h.p.o.d.PlatformServiceResource - [helmmqtt] Desired Platform services (2 services)
2025-01-29 14:02:26,517 INFO c.h.h.t.HelmChartContainer - [hivemq-test-hivemq-platform] [hivemq-platform-operator] [f0e217a7] 14:02:26.513 [pool-6-thread-21] DEBUG c.h.p.o.dependants.PodInfoConfigMap - [helmmqtt] Desired PodInfo ConfigMap (1 extensions) (1 enabled)
2025-01-29 14:02:26,517 INFO c.h.h.t.HelmChartContainer - [hivemq-test-hivemq-platform] [hivemq-platform-operator] [f0e217a7] 14:02:26.513 [pool-6-thread-21] DEBUG c.h.p.o.dependants.PodInfoConfigMap - [helmmqtt] Desired PodInfo ConfigMap (metrics port: 9399) (metrics path: /)
2025-01-29 14:02:26,517 INFO c.h.h.t.HelmChartContainer - [hivemq-test-hivemq-platform] [hivemq-platform-operator] [f0e217a7] 14:02:26.513 [pool-6-thread-21] DEBUG c.h.p.o.dependants.PodInfoConfigMap - [helmmqtt] Desired PodInfo ConfigMap (extension state hash: -1817474005)
2025-01-29 14:02:26,517 INFO c.h.h.t.HelmChartContainer - [hivemq-test-hivemq-platform] [hivemq-platform-operator] [f0e217a7] 14:02:26.516 [pool-6-thread-23] DEBUG c.h.p.o.d.PodServiceAccountResource - [helmmqtt] Desired PodServiceAccountResource (serviceAccountName: hivemq-platform-pod-test-hivemq-platform)
2025-01-29 14:02:26,524 INFO c.h.h.t.HelmChartContainer - [hivemq-test-hivemq-platform] [hivemq-platform-operator] [f0e217a7] 14:02:26.521 [pool-6-thread-25] DEBUG c.h.p.o.d.StatefulSetResource - [helmmqtt] Desired StatefulSet (1 replicas) for status STARTING (READY)
2025-01-29 14:02:26,526 INFO c.h.h.t.HelmChartContainer - [hivemq-test-hivemq-platform] [hivemq-platform-operator] [f0e217a7] 14:02:26.525 [ReconcilerExecutor-hivemq-controller-110] INFO  c.h.p.o.HiveMQPlatformReconciler - [helmmqtt] Reconciling HiveMQ Platform 'test-hivemq-platform' in namespace 'helmmqttit'
2025-01-29 14:02:26,526 INFO c.h.h.t.HelmChartContainer - [hivemq-test-hivemq-platform] [hivemq-platform-operator] [f0e217a7] 14:02:26.525 [ReconcilerExecutor-hivemq-controller-110] DEBUG c.h.p.o.HiveMQPlatformReconciler - [helmmqtt] Custom Resource Status STARTING - HiveMQ Platform is starting (READY)
2025-01-29 14:02:26,526 INFO c.h.h.t.HelmChartContainer - [hivemq-test-hivemq-platform] [hivemq-platform-operator] [f0e217a7] 14:02:26.525 [ReconcilerExecutor-hivemq-controller-110] DEBUG c.h.p.o.HiveMQPlatformReconciler - [helmmqtt] Custom Resource Spec (replicas: 1) (extensions: 1)
2025-01-29 14:02:26,528 INFO c.h.h.t.HelmChartContainer - [hivemq-test-hivemq-platform] [hivemq-platform-operator] [f0e217a7] 14:02:26.527 [ReconcilerExecutor-hivemq-controller-110] DEBUG c.h.p.o.HiveMQPlatformReconciler - [helmmqtt] StatefulSet Status (revision: test-hivemq-platform-7bbc5894fb, replicas: 1, available: 0, ready: 0, current: 1, updated: 1)
2025-01-29 14:02:26,528 INFO c.h.h.t.HelmChartContainer - [hivemq-test-hivemq-platform] [hivemq-platform-operator] [f0e217a7] 14:02:26.527 [ReconcilerExecutor-hivemq-controller-110] DEBUG c.h.p.o.HiveMQPlatformReconciler - [helmmqtt] StatefulSet Spec (replicas: 1, init containers: 1, containers: 1, volumes: 3)
2025-01-29 14:02:26,529 INFO c.h.h.t.HelmChartContainer - [hivemq-test-hivemq-platform] [hivemq-platform-operator] [f0e217a7] 14:02:26.528 [ReconcilerExecutor-hivemq-controller-110] DEBUG c.h.p.o.h.HiveMQPlatformReconcilerErrorHandler - [helmmqtt] Pod 'test-hivemq-platform-0' phase Running
2025-01-29 14:02:26,529 INFO c.h.h.t.HelmChartContainer - [hivemq-test-hivemq-platform] [hivemq-platform-operator] [f0e217a7] 14:02:26.529 [ReconcilerExecutor-hivemq-controller-110] INFO  c.h.p.o.h.HiveMQPlatformReconcilerBaseHandler - [helmmqtt] HiveMQ Platform is starting, 0 of 1 replicas are ready
2025-01-29 14:02:27,258 INFO c.h.h.t.HelmChartContainer - [test-hivemq-platform] [hivemq] [2e54d083] INFO  - No valid license file found. Using trial license, restricted to 25 connections.
2025-01-29 14:02:27,750 INFO c.h.h.t.HelmChartContainer - [test-hivemq-platform] [hivemq] [2e54d083] WARN  - [HiveMQ Platform Operator Init App 1.7.0-SNAPSHOT] Cannot connect to Health API for liveness: null
2025-01-29 14:02:27,750 INFO c.h.h.t.HelmChartContainer - [test-hivemq-platform] [hivemq] [2e54d083] INFO  - [HiveMQ Platform Operator Init App 1.7.0-SNAPSHOT] Returning default Health API response 200 for liveness
2025-01-29 14:02:30,559 INFO c.h.h.t.HelmChartContainer - [test-hivemq-platform] [hivemq] [2e54d083] INFO  - No valid license file for Data Hub found. Using free license, restricted to 1 policy.
2025-01-29 14:02:31,453 INFO c.h.h.t.HelmChartContainer - [test-hivemq-platform] [hivemq] [2e54d083] WARN  - [HiveMQ Platform Operator Init App 1.7.0-SNAPSHOT] Cannot connect to Health API for readiness: null
2025-01-29 14:02:31,457 INFO c.h.h.t.HelmChartContainer - [EVENT] Warning [Unhealthy] Readiness probe failed: HTTP probe failed with statuscode: 503 [helmmqttit:test-hivemq-platform-0]
2025-01-29 14:02:31,457 INFO c.h.h.t.HelmChartContainer - Received Unhealthy event for container hivemq in pod test-hivemq-platform-0 [2e54d083-062a-4fb1-9c41-7611101f017d]
2025-01-29 14:02:31,752 INFO c.h.h.t.HelmChartContainer - [test-hivemq-platform] [hivemq] [2e54d083] INFO  - Audit Logger started.
2025-01-29 14:02:32,025 INFO c.h.h.t.HelmChartContainer - [test-hivemq-platform] [hivemq] [2e54d083] INFO  - This node uses '1' CPU cores.
2025-01-29 14:02:32,049 INFO c.h.h.t.HelmChartContainer - [test-hivemq-platform] [hivemq] [2e54d083] INFO  - Starting HiveMQ Health API on address 0.0.0.0 and port 8889
2025-01-29 14:02:32,865 INFO c.h.h.t.HelmChartContainer - [test-hivemq-platform] [hivemq] [2e54d083] INFO  - Started HiveMQ Health API in 815ms
2025-01-29 14:02:33,546 INFO c.h.h.t.HelmChartContainer - [test-hivemq-platform] [hivemq] [2e54d083] INFO  - Starting HiveMQ extension system.
2025-01-29 14:02:33,751 INFO c.h.h.t.HelmChartContainer - [test-hivemq-platform] [hivemq] [2e54d083] INFO  - Starting extension with id "hivemq-dns-cluster-discovery" at /opt/hivemq/extensions/hivemq-dns-cluster-discovery
2025-01-29 14:02:34,249 INFO c.h.h.t.HelmChartContainer - [test-hivemq-platform] [hivemq] [2e54d083] INFO  - Using TCP cluster transport on address 10.42.0.15 and port 7000
2025-01-29 14:02:34,255 INFO c.h.h.t.HelmChartContainer - [test-hivemq-platform] [hivemq] [2e54d083] INFO  - Extension "DNS Cluster Discovery Extension" version 4.3.2 started successfully.
2025-01-29 14:02:34,255 INFO c.h.h.t.HelmChartContainer - [test-hivemq-platform] [hivemq] [2e54d083] INFO  - Starting extension with id "hivemq-prometheus-extension" at /opt/hivemq/extensions/hivemq-prometheus-extension
2025-01-29 14:02:34,258 INFO c.h.h.t.HelmChartContainer - [test-hivemq-platform] [hivemq] [2e54d083] INFO  - Using extension cluster discovery
2025-01-29 14:02:35,157 INFO c.h.h.t.HelmChartContainer - [test-hivemq-platform] [hivemq] [2e54d083] INFO  - Started Jetty Server exposing Prometheus Servlet on URI http://0.0.0.0:9399/
2025-01-29 14:02:35,158 INFO c.h.h.t.HelmChartContainer - [test-hivemq-platform] [hivemq] [2e54d083] INFO  - Extension "Prometheus Monitoring Extension" version 4.0.12 started successfully.
2025-01-29 14:02:35,158 INFO c.h.h.t.HelmChartContainer - [test-hivemq-platform] [hivemq] [2e54d083] INFO  - Starting extension with id "hivemq-allow-all-extension" at /opt/hivemq/extensions/hivemq-allow-all-extension
2025-01-29 14:02:35,158 INFO c.h.h.t.HelmChartContainer - [test-hivemq-platform] [hivemq] [2e54d083] WARN  - 
2025-01-29 14:02:35,158 INFO c.h.h.t.HelmChartContainer - [test-hivemq-platform] [hivemq] [2e54d083] ################################################################################################################
2025-01-29 14:02:35,158 INFO c.h.h.t.HelmChartContainer - [test-hivemq-platform] [hivemq] [2e54d083] # This HiveMQ deployment is not secure! You are lacking Authentication and Authorization.                      #
2025-01-29 14:02:35,158 INFO c.h.h.t.HelmChartContainer - [test-hivemq-platform] [hivemq] [2e54d083] # Right now any MQTT client can connect to the broker with a full set of permissions.                          #
2025-01-29 14:02:35,158 INFO c.h.h.t.HelmChartContainer - [test-hivemq-platform] [hivemq] [2e54d083] # For production usage, add an appropriate security extension and remove the hivemq-allow-all extension.       #
2025-01-29 14:02:35,158 INFO c.h.h.t.HelmChartContainer - [test-hivemq-platform] [hivemq] [2e54d083] # You can download security extensions from the HiveMQ Marketplace (https://www.hivemq.com/extensions/).       #
2025-01-29 14:02:35,158 INFO c.h.h.t.HelmChartContainer - [test-hivemq-platform] [hivemq] [2e54d083] ################################################################################################################
2025-01-29 14:02:35,158 INFO c.h.h.t.HelmChartContainer - [test-hivemq-platform] [hivemq] [2e54d083] INFO  - Extension "Allow All Extension" version 1.1.1 started successfully.
2025-01-29 14:02:36,532 INFO c.h.h.t.HelmChartContainer - [hivemq-test-hivemq-platform] [hivemq-platform-operator] [f0e217a7] 14:02:36.531 [pool-6-thread-36] DEBUG c.h.p.o.d.PlatformServiceResource - [helmmqtt] Desired Platform services (2 services)
2025-01-29 14:02:36,537 INFO c.h.h.t.HelmChartContainer - [hivemq-test-hivemq-platform] [hivemq-platform-operator] [f0e217a7] 14:02:36.535 [pool-6-thread-33] DEBUG c.h.p.o.dependants.PodInfoConfigMap - [helmmqtt] Desired PodInfo ConfigMap (1 extensions) (1 enabled)
2025-01-29 14:02:36,537 INFO c.h.h.t.HelmChartContainer - [hivemq-test-hivemq-platform] [hivemq-platform-operator] [f0e217a7] 14:02:36.535 [pool-6-thread-33] DEBUG c.h.p.o.dependants.PodInfoConfigMap - [helmmqtt] Desired PodInfo ConfigMap (metrics port: 9399) (metrics path: /)
2025-01-29 14:02:36,537 INFO c.h.h.t.HelmChartContainer - [hivemq-test-hivemq-platform] [hivemq-platform-operator] [f0e217a7] 14:02:36.536 [pool-6-thread-33] DEBUG c.h.p.o.dependants.PodInfoConfigMap - [helmmqtt] Desired PodInfo ConfigMap (extension state hash: -1817474005)
2025-01-29 14:02:36,537 INFO c.h.h.t.HelmChartContainer - [hivemq-test-hivemq-platform] [hivemq-platform-operator] [f0e217a7] 14:02:36.536 [pool-6-thread-35] DEBUG c.h.p.o.d.PodServiceAccountResource - [helmmqtt] Desired PodServiceAccountResource (serviceAccountName: hivemq-platform-pod-test-hivemq-platform)
2025-01-29 14:02:36,539 INFO c.h.h.t.HelmChartContainer - [hivemq-test-hivemq-platform] [hivemq-platform-operator] [f0e217a7] 14:02:36.538 [pool-6-thread-33] DEBUG c.h.p.o.d.StatefulSetResource - [helmmqtt] Desired StatefulSet (1 replicas) for status STARTING (READY)
2025-01-29 14:02:36,544 INFO c.h.h.t.HelmChartContainer - [hivemq-test-hivemq-platform] [hivemq-platform-operator] [f0e217a7] 14:02:36.543 [ReconcilerExecutor-hivemq-controller-111] INFO  c.h.p.o.HiveMQPlatformReconciler - [helmmqtt] Reconciling HiveMQ Platform 'test-hivemq-platform' in namespace 'helmmqttit'
2025-01-29 14:02:36,545 INFO c.h.h.t.HelmChartContainer - [hivemq-test-hivemq-platform] [hivemq-platform-operator] [f0e217a7] 14:02:36.543 [ReconcilerExecutor-hivemq-controller-111] DEBUG c.h.p.o.HiveMQPlatformReconciler - [helmmqtt] Custom Resource Status STARTING - HiveMQ Platform is starting (READY)
2025-01-29 14:02:36,545 INFO c.h.h.t.HelmChartContainer - [hivemq-test-hivemq-platform] [hivemq-platform-operator] [f0e217a7] 14:02:36.543 [ReconcilerExecutor-hivemq-controller-111] DEBUG c.h.p.o.HiveMQPlatformReconciler - [helmmqtt] Custom Resource Spec (replicas: 1) (extensions: 1)
2025-01-29 14:02:36,546 INFO c.h.h.t.HelmChartContainer - [hivemq-test-hivemq-platform] [hivemq-platform-operator] [f0e217a7] 14:02:36.545 [ReconcilerExecutor-hivemq-controller-111] DEBUG c.h.p.o.HiveMQPlatformReconciler - [helmmqtt] StatefulSet Status (revision: test-hivemq-platform-7bbc5894fb, replicas: 1, available: 0, ready: 0, current: 1, updated: 1)
2025-01-29 14:02:36,547 INFO c.h.h.t.HelmChartContainer - [hivemq-test-hivemq-platform] [hivemq-platform-operator] [f0e217a7] 14:02:36.545 [ReconcilerExecutor-hivemq-controller-111] DEBUG c.h.p.o.HiveMQPlatformReconciler - [helmmqtt] StatefulSet Spec (replicas: 1, init containers: 1, containers: 1, volumes: 3)
2025-01-29 14:02:36,550 INFO c.h.h.t.HelmChartContainer - [hivemq-test-hivemq-platform] [hivemq-platform-operator] [f0e217a7] 14:02:36.549 [ReconcilerExecutor-hivemq-controller-111] DEBUG c.h.p.o.h.HiveMQPlatformReconcilerErrorHandler - [helmmqtt] Pod 'test-hivemq-platform-0' phase Running
2025-01-29 14:02:36,551 INFO c.h.h.t.HelmChartContainer - [hivemq-test-hivemq-platform] [hivemq-platform-operator] [f0e217a7] 14:02:36.550 [ReconcilerExecutor-hivemq-controller-111] INFO  c.h.p.o.h.HiveMQPlatformReconcilerBaseHandler - [helmmqtt] HiveMQ Platform is starting, 0 of 1 replicas are ready
2025-01-29 14:02:36,948 INFO c.h.h.t.HelmChartContainer - [test-hivemq-platform] [hivemq] [2e54d083] INFO  - [HiveMQ Platform Operator Init App 1.7.0-SNAPSHOT] Returning Health API response 503 for readiness
2025-01-29 14:02:36,953 INFO c.h.h.t.HelmChartContainer - [EVENT] Warning [Unhealthy] Readiness probe failed: HTTP probe failed with statuscode: 503 [helmmqttit:test-hivemq-platform-0]
2025-01-29 14:02:36,953 INFO c.h.h.t.HelmChartContainer - Received Unhealthy event for container hivemq in pod test-hivemq-platform-0 [2e54d083-062a-4fb1-9c41-7611101f017d]
2025-01-29 14:02:37,353 INFO c.h.h.t.HelmChartContainer - [test-hivemq-platform] [hivemq] [2e54d083] INFO  - iUTpt: no members discovered after 2404 ms: creating cluster as first member
2025-01-29 14:02:37,360 INFO c.h.h.t.HelmChartContainer - [test-hivemq-platform] [hivemq] [2e54d083] INFO  - Cluster nodes found by discovery: [iUTpt|0] (1) [iUTpt].
2025-01-29 14:02:37,454 INFO c.h.h.t.HelmChartContainer - [test-hivemq-platform] [hivemq] [2e54d083] WARN  - No user for HiveMQ Control Center configured. Starting with default user
2025-01-29 14:02:37,454 INFO c.h.h.t.HelmChartContainer - [test-hivemq-platform] [hivemq] [2e54d083] INFO  - Starting HiveMQ Control Center on address 127.0.0.1 and port 8080
2025-01-29 14:02:37,455 INFO c.h.h.t.HelmChartContainer - [test-hivemq-platform] [hivemq] [2e54d083] INFO  - Mounting HiveMQ Control Center V2 Preview
2025-01-29 14:02:38,127 INFO c.h.h.t.HelmChartContainer - [test-hivemq-platform] [hivemq] [2e54d083] INFO  - Started HiveMQ Control Center in 674ms
2025-01-29 14:02:38,160 INFO c.h.h.t.HelmChartContainer - [test-hivemq-platform] [hivemq] [2e54d083] INFO  - Starting TCP listener on address 0.0.0.0 and port 1884
2025-01-29 14:02:38,255 INFO c.h.h.t.HelmChartContainer - [test-hivemq-platform] [hivemq] [2e54d083] INFO  - Started TCP Listener on address 0.0.0.0 and on port 1884.
2025-01-29 14:02:38,255 INFO c.h.h.t.HelmChartContainer - [test-hivemq-platform] [hivemq] [2e54d083] INFO  - Started HiveMQ in 30393ms
2025-01-29 14:02:41,436 INFO c.h.h.t.HelmChartContainer - [test-hivemq-platform] [hivemq] [2e54d083] INFO  - [HiveMQ Platform Operator Init App 1.7.0-SNAPSHOT] Returning Health API response 200 for readiness
2025-01-29 14:02:41,449 INFO c.h.h.t.HelmChartContainer - [POD] test-hivemq-platform-0 [2e54d083-062a-4fb1-9c41-7611101f017d] in helmmqttit was MODIFIED
2025-01-29 14:02:41,458 INFO c.h.h.t.HelmChartContainer - [hivemq-test-hivemq-platform] [hivemq-platform-operator] [f0e217a7] 14:02:41.453 [pool-6-thread-47] DEBUG c.h.p.o.d.PlatformServiceResource - [helmmqtt] Desired Platform services (2 services)
2025-01-29 14:02:41,465 INFO c.h.h.t.HelmChartContainer - [hivemq-test-hivemq-platform] [hivemq-platform-operator] [f0e217a7] 14:02:41.454 [pool-6-thread-45] DEBUG c.h.p.o.dependants.PodInfoConfigMap - [helmmqtt] Desired PodInfo ConfigMap (1 extensions) (1 enabled)
2025-01-29 14:02:41,465 INFO c.h.h.t.HelmChartContainer - [hivemq-test-hivemq-platform] [hivemq-platform-operator] [f0e217a7] 14:02:41.463 [pool-6-thread-45] DEBUG c.h.p.o.dependants.PodInfoConfigMap - [helmmqtt] Desired PodInfo ConfigMap (metrics port: 9399) (metrics path: /)
2025-01-29 14:02:41,467 INFO c.h.h.t.HelmChartContainer - [hivemq-test-hivemq-platform] [hivemq-platform-operator] [f0e217a7] 14:02:41.464 [pool-6-thread-45] DEBUG c.h.p.o.dependants.PodInfoConfigMap - [helmmqtt] Desired PodInfo ConfigMap (extension state hash: -1817474005)
2025-01-29 14:02:41,468 INFO c.h.h.t.HelmChartContainer - [hivemq-test-hivemq-platform] [hivemq-platform-operator] [f0e217a7] 14:02:41.455 [pool-6-thread-48] DEBUG c.h.p.o.d.PodServiceAccountResource - [helmmqtt] Desired PodServiceAccountResource (serviceAccountName: hivemq-platform-pod-test-hivemq-platform)
2025-01-29 14:02:41,470 INFO c.h.h.t.HelmChartContainer - [hivemq-test-hivemq-platform] [hivemq-platform-operator] [f0e217a7] 14:02:41.469 [pool-6-thread-47] DEBUG c.h.p.o.d.StatefulSetResource - [helmmqtt] Desired StatefulSet (1 replicas) for status STARTING (READY)
2025-01-29 14:02:41,516 INFO c.h.h.t.HelmChartContainer - [hivemq-test-hivemq-platform] [hivemq-platform-operator] [f0e217a7] 14:02:41.514 [ReconcilerExecutor-hivemq-controller-112] INFO  c.h.p.o.HiveMQPlatformReconciler - [helmmqtt] Reconciling HiveMQ Platform 'test-hivemq-platform' in namespace 'helmmqttit'
2025-01-29 14:02:41,517 INFO c.h.h.t.HelmChartContainer - [hivemq-test-hivemq-platform] [hivemq-platform-operator] [f0e217a7] 14:02:41.514 [ReconcilerExecutor-hivemq-controller-112] DEBUG c.h.p.o.HiveMQPlatformReconciler - [helmmqtt] Custom Resource Status STARTING - HiveMQ Platform is starting (READY)
2025-01-29 14:02:41,517 INFO c.h.h.t.HelmChartContainer - [hivemq-test-hivemq-platform] [hivemq-platform-operator] [f0e217a7] 14:02:41.514 [ReconcilerExecutor-hivemq-controller-112] DEBUG c.h.p.o.HiveMQPlatformReconciler - [helmmqtt] Custom Resource Spec (replicas: 1) (extensions: 1)
2025-01-29 14:02:41,520 INFO c.h.h.t.HelmChartContainer - [hivemq-test-hivemq-platform] [hivemq-platform-operator] [f0e217a7] 14:02:41.518 [ReconcilerExecutor-hivemq-controller-112] DEBUG c.h.p.o.HiveMQPlatformReconciler - [helmmqtt] StatefulSet Status (revision: test-hivemq-platform-7bbc5894fb, replicas: 1, available: 1, ready: 1, current: 1, updated: 1)
2025-01-29 14:02:41,520 INFO c.h.h.t.HelmChartContainer - [hivemq-test-hivemq-platform] [hivemq-platform-operator] [f0e217a7] 14:02:41.518 [ReconcilerExecutor-hivemq-controller-112] DEBUG c.h.p.o.HiveMQPlatformReconciler - [helmmqtt] StatefulSet Spec (replicas: 1, init containers: 1, containers: 1, volumes: 3)
2025-01-29 14:02:41,522 INFO c.h.h.t.HelmChartContainer - [hivemq-test-hivemq-platform] [hivemq-platform-operator] [f0e217a7] 14:02:41.521 [ReconcilerExecutor-hivemq-controller-112] DEBUG c.h.p.o.h.HiveMQPlatformReconcilerErrorHandler - [helmmqtt] Pod 'test-hivemq-platform-0' phase Running
2025-01-29 14:02:41,523 INFO c.h.h.t.HelmChartContainer - [hivemq-test-hivemq-platform] [hivemq-platform-operator] [f0e217a7] 14:02:41.522 [ReconcilerExecutor-hivemq-controller-112] INFO  c.h.p.o.h.HiveMQPlatformReconcilerBaseHandler - [helmmqtt] HiveMQ Platform started successfully
2025-01-29 14:02:41,623 INFO c.h.h.t.HelmChartContainer - [hivemq-test-hivemq-platform] [hivemq-platform-operator] [f0e217a7] 14:02:41.622 [ReconcilerExecutor-hivemq-controller-112] DEBUG c.h.p.operator.event.EventSender - [helmmqtt] Creating K8s event hivemq-platform-ready: [Ready] HiveMQ Platform is ready
2025-01-29 14:02:41,627 INFO c.h.h.t.HelmChartContainer - [EVENT] Normal [Ready] HiveMQ Platform is ready [helmmqttit:test-hivemq-platform]
2025-01-29 14:02:41,628 INFO c.h.h.t.HelmChartContainer - [hivemq-test-hivemq-platform] [hivemq-platform-operator] [f0e217a7] 14:02:41.627 [ReconcilerExecutor-hivemq-controller-112] INFO  c.h.p.o.h.AbstractHiveMQReconcilerStateHandler - [helmmqtt] Update HiveMQ Platform Status (STARTING [READY] -> RUNNING [READY]): HiveMQ Platform is ready
2025-01-29 14:02:41,714 DEBUG com.hivemq.helmcharts.util.K8sUtil - Comparing actual state 'RUNNING' and waiting for 'RUNNING'
2025-01-29 14:02:41,723 INFO c.h.h.t.HelmChartContainer - [hivemq-test-hivemq-platform] [hivemq-platform-operator] [f0e217a7] 14:02:41.720 [pool-6-thread-4] DEBUG c.h.p.o.d.PlatformServiceResource - [helmmqtt] Desired Platform services (2 services)
2025-01-29 14:02:41,724 INFO c.h.h.t.HelmChartContainer - [hivemq-test-hivemq-platform] [hivemq-platform-operator] [f0e217a7] 14:02:41.723 [pool-6-thread-1] DEBUG c.h.p.o.dependants.PodInfoConfigMap - [helmmqtt] Desired PodInfo ConfigMap (1 extensions) (1 enabled)
2025-01-29 14:02:41,724 INFO c.h.h.t.HelmChartContainer - [hivemq-test-hivemq-platform] [hivemq-platform-operator] [f0e217a7] 14:02:41.724 [pool-6-thread-8] DEBUG c.h.p.o.d.PodServiceAccountResource - [helmmqtt] Desired PodServiceAccountResource (serviceAccountName: hivemq-platform-pod-test-hivemq-platform)
2025-01-29 14:02:41,808 INFO c.h.h.t.HelmChartContainer - [hivemq-test-hivemq-platform] [hivemq-platform-operator] [f0e217a7] 14:02:41.806 [pool-6-thread-1] DEBUG c.h.p.o.dependants.PodInfoConfigMap - [helmmqtt] Desired PodInfo ConfigMap (metrics port: 9399) (metrics path: /)
2025-01-29 14:02:41,808 INFO c.h.h.t.HelmChartContainer - [hivemq-test-hivemq-platform] [hivemq-platform-operator] [f0e217a7] 14:02:41.807 [pool-6-thread-1] DEBUG c.h.p.o.dependants.PodInfoConfigMap - [helmmqtt] Desired PodInfo ConfigMap (extension state hash: -1817474005)
2025-01-29 14:02:41,809 INFO c.h.h.t.HelmChartContainer - [hivemq-test-hivemq-platform] [hivemq-platform-operator] [f0e217a7] 14:02:41.808 [pool-6-thread-1] DEBUG c.h.p.o.dependants.PodInfoConfigMap - [helmmqtt] Update PodInfo ConfigMap
2025-01-29 14:02:41,817 INFO c.h.h.t.HelmChartContainer - [hivemq-test-hivemq-platform] [hivemq-platform-operator] [f0e217a7] 14:02:41.816 [pool-6-thread-1] DEBUG c.h.p.o.d.StatefulSetResource - [helmmqtt] Desired StatefulSet (1 replicas) for status RUNNING (READY)
2025-01-29 14:02:41,821 INFO c.h.h.t.HelmChartContainer - [hivemq-test-hivemq-platform] [hivemq-platform-operator] [f0e217a7] 14:02:41.820 [ReconcilerExecutor-hivemq-controller-113] INFO  c.h.p.o.HiveMQPlatformReconciler - [helmmqtt] Reconciling HiveMQ Platform 'test-hivemq-platform' in namespace 'helmmqttit'
2025-01-29 14:02:41,822 INFO c.h.h.t.HelmChartContainer - [hivemq-test-hivemq-platform] [hivemq-platform-operator] [f0e217a7] 14:02:41.820 [ReconcilerExecutor-hivemq-controller-113] DEBUG c.h.p.o.HiveMQPlatformReconciler - [helmmqtt] Custom Resource Status RUNNING - HiveMQ Platform is ready (READY)
2025-01-29 14:02:41,822 INFO c.h.h.t.HelmChartContainer - [hivemq-test-hivemq-platform] [hivemq-platform-operator] [f0e217a7] 14:02:41.820 [ReconcilerExecutor-hivemq-controller-113] DEBUG c.h.p.o.HiveMQPlatformReconciler - [helmmqtt] Custom Resource Spec (replicas: 1) (extensions: 1)
2025-01-29 14:02:41,823 INFO c.h.h.t.HelmChartContainer - [hivemq-test-hivemq-platform] [hivemq-platform-operator] [f0e217a7] 14:02:41.822 [ReconcilerExecutor-hivemq-controller-113] DEBUG c.h.p.o.HiveMQPlatformReconciler - [helmmqtt] StatefulSet Status (revision: test-hivemq-platform-7bbc5894fb, replicas: 1, available: 1, ready: 1, current: 1, updated: 1)
2025-01-29 14:02:41,823 INFO c.h.h.t.HelmChartContainer - [hivemq-test-hivemq-platform] [hivemq-platform-operator] [f0e217a7] 14:02:41.823 [ReconcilerExecutor-hivemq-controller-113] DEBUG c.h.p.o.HiveMQPlatformReconciler - [helmmqtt] StatefulSet Spec (replicas: 1, init containers: 1, containers: 1, volumes: 3)
2025-01-29 14:02:41,825 INFO c.h.h.t.HelmChartContainer - [hivemq-test-hivemq-platform] [hivemq-platform-operator] [f0e217a7] 14:02:41.824 [ReconcilerExecutor-hivemq-controller-113] DEBUG c.h.p.o.h.HiveMQPlatformReconcilerErrorHandler - [helmmqtt] Pod 'test-hivemq-platform-0' phase Running
2025-01-29 14:02:46,559 INFO c.h.h.t.HelmChartContainer - Uninstalling release 'test-hivemq-platform' in namespace 'helmmqttit'...
2025-01-29 14:02:46,559 DEBUG c.h.h.t.HelmChartContainer - Executing helm command: /bin/helm --kubeconfig /etc/rancher/k3s/k3s.yaml uninstall test-hivemq-platform  --wait --timeout 5m0s --cascade foreground --namespace helmmqttit
2025-01-29 14:02:46,749 INFO c.h.h.t.HelmChartContainer - [hivemq-test-hivemq-platform] [hivemq-platform-operator] [f0e217a7] 14:02:46.741 [pool-6-thread-17] DEBUG c.h.p.o.d.PlatformServiceResource - [helmmqtt] Desired Platform services (2 services)
2025-01-29 14:02:46,749 INFO c.h.h.t.HelmChartContainer - [hivemq-test-hivemq-platform] [hivemq-platform-operator] [f0e217a7] 14:02:46.742 [pool-6-thread-18] DEBUG c.h.p.o.d.PodServiceAccountResource - [helmmqtt] Desired PodServiceAccountResource (serviceAccountName: hivemq-platform-pod-test-hivemq-platform)
2025-01-29 14:02:46,752 INFO c.h.h.t.HelmChartContainer - [hivemq-test-hivemq-platform] [hivemq-platform-operator] [f0e217a7] 14:02:46.744 [pool-6-thread-11] DEBUG c.h.p.o.dependants.PodInfoConfigMap - [helmmqtt] Desired PodInfo ConfigMap (1 extensions) (1 enabled)
2025-01-29 14:02:46,752 INFO c.h.h.t.HelmChartContainer - [hivemq-test-hivemq-platform] [hivemq-platform-operator] [f0e217a7] 14:02:46.744 [pool-6-thread-11] DEBUG c.h.p.o.dependants.PodInfoConfigMap - [helmmqtt] Desired PodInfo ConfigMap (metrics port: 9399) (metrics path: /)
2025-01-29 14:02:46,752 INFO c.h.h.t.HelmChartContainer - [hivemq-test-hivemq-platform] [hivemq-platform-operator] [f0e217a7] 14:02:46.744 [pool-6-thread-11] DEBUG c.h.p.o.dependants.PodInfoConfigMap - [helmmqtt] Desired PodInfo ConfigMap (extension state hash: -1817474005)
2025-01-29 14:02:46,752 INFO c.h.h.t.HelmChartContainer - [hivemq-test-hivemq-platform] [hivemq-platform-operator] [f0e217a7] 14:02:46.747 [pool-6-thread-13] DEBUG c.h.p.o.d.StatefulSetResource - [helmmqtt] Desired StatefulSet (1 replicas) for status RUNNING (READY)
2025-01-29 14:02:46,812 INFO c.h.h.t.HelmChartContainer - [hivemq-test-hivemq-platform] [hivemq-platform-operator] [f0e217a7] 14:02:46.809 [ReconcilerExecutor-hivemq-controller-114] INFO  c.h.p.o.HiveMQPlatformReconciler - [helmmqtt] Reconciling HiveMQ Platform 'test-hivemq-platform' in namespace 'helmmqttit'
2025-01-29 14:02:46,813 INFO c.h.h.t.HelmChartContainer - [hivemq-test-hivemq-platform] [hivemq-platform-operator] [f0e217a7] 14:02:46.809 [ReconcilerExecutor-hivemq-controller-114] DEBUG c.h.p.o.HiveMQPlatformReconciler - [helmmqtt] Custom Resource Status RUNNING - HiveMQ Platform is ready (READY)
2025-01-29 14:02:46,813 INFO c.h.h.t.HelmChartContainer - [hivemq-test-hivemq-platform] [hivemq-platform-operator] [f0e217a7] 14:02:46.809 [ReconcilerExecutor-hivemq-controller-114] DEBUG c.h.p.o.HiveMQPlatformReconciler - [helmmqtt] Custom Resource Spec (replicas: 1) (extensions: 1)
2025-01-29 14:02:46,813 INFO c.h.h.t.HelmChartContainer - [hivemq-test-hivemq-platform] [hivemq-platform-operator] [f0e217a7] 14:02:46.811 [ReconcilerExecutor-hivemq-controller-114] DEBUG c.h.p.o.HiveMQPlatformReconciler - [helmmqtt] StatefulSet Status (revision: test-hivemq-platform-7bbc5894fb, replicas: 1, available: 1, ready: 1, current: 1, updated: 1)
2025-01-29 14:02:46,813 INFO c.h.h.t.HelmChartContainer - [hivemq-test-hivemq-platform] [hivemq-platform-operator] [f0e217a7] 14:02:46.811 [ReconcilerExecutor-hivemq-controller-114] DEBUG c.h.p.o.HiveMQPlatformReconciler - [helmmqtt] StatefulSet Spec (replicas: 1, init containers: 1, containers: 1, volumes: 3)
2025-01-29 14:02:46,816 INFO c.h.h.t.HelmChartContainer - [hivemq-test-hivemq-platform] [hivemq-platform-operator] [f0e217a7] 14:02:46.814 [ReconcilerExecutor-hivemq-controller-114] DEBUG c.h.p.o.h.HiveMQPlatformReconcilerErrorHandler - [helmmqtt] Pod 'test-hivemq-platform-0' phase Running
2025-01-29 14:02:46,817 INFO c.h.h.t.HelmChartContainer - [hivemq-test-hivemq-platform] [hivemq-platform-operator] [f0e217a7] 14:02:46.815 [ReconcilerExecutor-hivemq-controller-114] DEBUG c.h.p.o.HiveMQPlatformReconciler - [helmmqtt] PodInfoConfigMap is not ready yet
2025-01-29 14:02:46,858 INFO c.h.h.t.HelmChartContainer - [K3S] [authentication.go:74] "Unable to authenticate the request" err="[invalid bearer token, serviceaccounts \"hivemq-platform-pod-test-hivemq-platform\" not found]"
2025-01-29 14:02:46,877 INFO c.h.h.t.HelmChartContainer - [K3S] [authentication.go:74] "Unable to authenticate the request" err="[invalid bearer token, serviceaccounts \"hivemq-platform-pod-test-hivemq-platform\" not found]"
2025-01-29 14:02:46,909 INFO c.h.h.t.HelmChartContainer - [hivemq-test-hivemq-platform] [hivemq-platform-operator] [f0e217a7] 14:02:46.823 [ReconcilerExecutor-hivemq-controller-121] INFO  c.h.p.o.HiveMQPlatformReconciler - [helmmqtt] Cleanup test-hivemq-platform - helmmqttit HiveMQ Platform is shut down
2025-01-29 14:02:46,953 INFO c.h.h.t.HelmChartContainer - [test-hivemq-platform] [hivemq] [2e54d083] WARN  - [HiveMQ Platform Operator Init App 1.7.0-SNAPSHOT] Could not update Pod annotations: Failure executing: GET at: https://10.43.0.1:443/api/v1/namespaces/helmmqttit/pods/test-hivemq-platform-0. Message: Unauthorized. Received status: Status(apiVersion=v1, code=401, details=null, kind=Status, message=Unauthorized, metadata=ListMeta(_continue=null, remainingItemCount=null, resourceVersion=null, selfLink=null, additionalProperties={}), reason=Unauthorized, status=Failure, additionalProperties={}).
2025-01-29 14:02:47,252 INFO c.h.h.t.HelmChartContainer - [POD] test-hivemq-platform-0 [2e54d083-062a-4fb1-9c41-7611101f017d] in helmmqttit was MODIFIED
2025-01-29 14:02:47,255 INFO c.h.h.t.HelmChartContainer - [EVENT] Normal [Killing] Stopping container hivemq [helmmqttit:test-hivemq-platform-0]
2025-01-29 14:02:47,255 INFO c.h.h.t.HelmChartContainer - Received Killing event for container hivemq in pod test-hivemq-platform-0 [2e54d083-062a-4fb1-9c41-7611101f017d]
2025-01-29 14:02:47,255 INFO c.h.h.t.HelmChartContainer - Container [test-hivemq-platform-0] [hivemq] [2e54d083-062a-4fb1-9c41-7611101f017d] was terminated
2025-01-29 14:02:47,255 INFO c.h.h.t.HelmChartContainer - Stopped log watcher for hivemq in pod test-hivemq-platform-0 [2e54d083-062a-4fb1-9c41-7611101f017d]
2025-01-29 14:02:47,266 INFO c.h.h.t.HelmChartContainer - [test-hivemq-platform] [hivemq] [2e54d083] INFO  - [HiveMQ Platform Operator Init App 1.7.0-SNAPSHOT] Shutting down
2025-01-29 14:02:47,267 INFO c.h.h.t.HelmChartContainer - [test-hivemq-platform] [hivemq] [2e54d083] INFO  - [HiveMQ Platform Operator Init App 1.7.0-SNAPSHOT] Stopping the HiveMQ Platform
2025-01-29 14:02:47,447 INFO c.h.h.t.HelmChartContainer - [test-hivemq-platform] [hivemq] [2e54d083] INFO  - Shutting down HiveMQ. Please wait, this could take a while...
2025-01-29 14:02:47,452 INFO c.h.h.t.HelmChartContainer - [test-hivemq-platform] [hivemq] [2e54d083] INFO  - Shutting down listeners and clients
2025-01-29 14:02:47,453 INFO c.h.h.t.HelmChartContainer - [test-hivemq-platform] [hivemq] [2e54d083] INFO  - Shutdown of listeners is done
2025-01-29 14:02:47,453 INFO c.h.h.t.HelmChartContainer - [test-hivemq-platform] [hivemq] [2e54d083] INFO  - No clients are connected, proceeding with shutdown
2025-01-29 14:02:48,800 INFO c.h.h.t.HelmChartContainer - Deleting namespace 'helmmqttit'...
2025-01-29 14:02:49,553 INFO c.h.h.t.HelmChartContainer - [test-hivemq-platform] [hivemq] [2e54d083] INFO  - Shutting down extension system
2025-01-29 14:02:49,555 INFO c.h.h.t.HelmChartContainer - [test-hivemq-platform] [hivemq] [2e54d083] INFO  - Stopping extension with id hivemq-dns-cluster-discovery
2025-01-29 14:02:49,556 INFO c.h.h.t.HelmChartContainer - [test-hivemq-platform] [hivemq] [2e54d083] INFO  - Extension "DNS Cluster Discovery Extension" version 4.3.2 stopped successfully.
2025-01-29 14:02:49,557 INFO c.h.h.t.HelmChartContainer - [test-hivemq-platform] [hivemq] [2e54d083] INFO  - Stopping extension with id hivemq-prometheus-extension
2025-01-29 14:02:49,560 INFO c.h.h.t.HelmChartContainer - [test-hivemq-platform] [hivemq] [2e54d083] INFO  - Extension "Prometheus Monitoring Extension" version 4.0.12 stopped successfully.
2025-01-29 14:02:49,561 INFO c.h.h.t.HelmChartContainer - [test-hivemq-platform] [hivemq] [2e54d083] INFO  - Stopping extension with id hivemq-allow-all-extension
2025-01-29 14:02:49,561 INFO c.h.h.t.HelmChartContainer - [test-hivemq-platform] [hivemq] [2e54d083] INFO  - Extension "Allow All Extension" version 1.1.1 stopped successfully.
2025-01-29 14:02:51,432 INFO c.h.h.t.HelmChartContainer - [test-hivemq-platform] [hivemq] [2e54d083] INFO  - [HiveMQ Platform Operator Init App 1.7.0-SNAPSHOT] Returning shutdown Health API response 503 for readiness
2025-01-29 14:02:51,437 INFO c.h.h.t.HelmChartContainer - [EVENT] Warning [Unhealthy] Readiness probe failed: HTTP probe failed with statuscode: 503 [helmmqttit:test-hivemq-platform-0]
2025-01-29 14:02:51,437 INFO c.h.h.t.HelmChartContainer - Received Unhealthy event for container hivemq in pod test-hivemq-platform-0 [2e54d083-062a-4fb1-9c41-7611101f017d]
2025-01-29 14:02:51,835 INFO c.h.h.t.HelmChartContainer - [test-hivemq-platform] [hivemq] [2e54d083] INFO  - Shutdown completed.
2025-01-29 14:02:51,957 INFO c.h.h.t.HelmChartContainer - [K3S] [authentication.go:74] "Unable to authenticate the request" err="[invalid bearer token, serviceaccounts \"hivemq-platform-pod-test-hivemq-platform\" not found]"
2025-01-29 14:02:51,970 INFO c.h.h.t.HelmChartContainer - [K3S] [authentication.go:74] "Unable to authenticate the request" err="[invalid bearer token, serviceaccounts \"hivemq-platform-pod-test-hivemq-platform\" not found]"
2025-01-29 14:02:51,972 INFO c.h.h.t.HelmChartContainer - [test-hivemq-platform] [hivemq] [2e54d083] WARN  - [HiveMQ Platform Operator Init App 1.7.0-SNAPSHOT] Could not update Pod annotations: Failure executing: GET at: https://10.43.0.1:443/api/v1/namespaces/helmmqttit/pods/test-hivemq-platform-0. Message: Unauthorized. Received status: Status(apiVersion=v1, code=401, details=null, kind=Status, message=Unauthorized, metadata=ListMeta(_continue=null, remainingItemCount=null, resourceVersion=null, selfLink=null, additionalProperties={}), reason=Unauthorized, status=Failure, additionalProperties={}).
2025-01-29 14:02:52,183 INFO c.h.h.t.HelmChartContainer - [test-hivemq-platform] [hivemq] [2e54d083] INFO  - [HiveMQ Platform Operator Init App 1.7.0-SNAPSHOT] The HiveMQ Platform exited with code 143
2025-01-29 14:02:52,183 INFO c.h.h.t.HelmChartContainer - [test-hivemq-platform] [hivemq] [2e54d083] INFO  - [HiveMQ Platform Operator Init App 1.7.0-SNAPSHOT] Stopping the REST API
2025-01-29 14:02:52,187 INFO c.h.h.t.HelmChartContainer - [test-hivemq-platform] [hivemq] [2e54d083] INFO  - [HiveMQ Platform Operator Init App 1.7.0-SNAPSHOT] Shutdown complete
2025-01-29 14:02:52,681 INFO c.h.h.t.HelmChartContainer - [POD] test-hivemq-platform-0 [2e54d083-062a-4fb1-9c41-7611101f017d] in helmmqttit was MODIFIED
2025-01-29 14:02:52,684 INFO c.h.h.t.HelmChartContainer - [K3S] [stateful_set.go:438] "Unhandled Error" err="error syncing StatefulSet helmmqttit/test-hivemq-platform, requeuing: controllerrevisions.apps \"test-hivemq-platform-7bbc5894fb\" is forbidden: unable to create new content in namespace helmmqttit because it is being terminated"
2025-01-29 14:02:52,692 INFO c.h.h.t.HelmChartContainer - [K3S] [stateful_set.go:438] "Unhandled Error" err="error syncing StatefulSet helmmqttit/test-hivemq-platform, requeuing: controllerrevisions.apps \"test-hivemq-platform-7bbc5894fb\" is forbidden: unable to create new content in namespace helmmqttit because it is being terminated"
2025-01-29 14:02:52,705 INFO c.h.h.t.HelmChartContainer - [K3S] [stateful_set.go:438] "Unhandled Error" err="error syncing StatefulSet helmmqttit/test-hivemq-platform, requeuing: controllerrevisions.apps \"test-hivemq-platform-7bbc5894fb\" is forbidden: unable to create new content in namespace helmmqttit because it is being terminated"
2025-01-29 14:02:52,729 INFO c.h.h.t.HelmChartContainer - [K3S] [stateful_set.go:438] "Unhandled Error" err="error syncing StatefulSet helmmqttit/test-hivemq-platform, requeuing: controllerrevisions.apps \"test-hivemq-platform-7bbc5894fb\" is forbidden: unable to create new content in namespace helmmqttit because it is being terminated"
2025-01-29 14:02:52,772 INFO c.h.h.t.HelmChartContainer - [K3S] [stateful_set.go:438] "Unhandled Error" err="error syncing StatefulSet helmmqttit/test-hivemq-platform, requeuing: controllerrevisions.apps \"test-hivemq-platform-7bbc5894fb\" is forbidden: unable to create new content in namespace helmmqttit because it is being terminated"
2025-01-29 14:02:52,773 INFO c.h.h.t.HelmChartContainer - [K3S] [reconciler_common.go:162] "operationExecutor.UnmountVolume started for volume \"operator-init\" (UniqueName: \"kubernetes.io/empty-dir/2e54d083-062a-4fb1-9c41-7611101f017d-operator-init\") pod \"2e54d083-062a-4fb1-9c41-7611101f017d\" (UID: \"2e54d083-062a-4fb1-9c41-7611101f017d\") "
2025-01-29 14:02:52,773 INFO c.h.h.t.HelmChartContainer - [K3S] [reconciler_common.go:162] "operationExecutor.UnmountVolume started for volume \"kube-api-access-df97h\" (UniqueName: \"kubernetes.io/projected/2e54d083-062a-4fb1-9c41-7611101f017d-kube-api-access-df97h\") pod \"2e54d083-062a-4fb1-9c41-7611101f017d\" (UID: \"2e54d083-062a-4fb1-9c41-7611101f017d\") "
2025-01-29 14:02:52,774 INFO c.h.h.t.HelmChartContainer - [K3S] [reconciler_common.go:162] "operationExecutor.UnmountVolume started for volume \"broker-configuration\" (UniqueName: \"kubernetes.io/configmap/2e54d083-062a-4fb1-9c41-7611101f017d-broker-configuration\") pod \"2e54d083-062a-4fb1-9c41-7611101f017d\" (UID: \"2e54d083-062a-4fb1-9c41-7611101f017d\") "
2025-01-29 14:02:52,774 INFO c.h.h.t.HelmChartContainer - [K3S] [reconciler_common.go:162] "operationExecutor.UnmountVolume started for volume \"pod-info\" (UniqueName: \"kubernetes.io/configmap/2e54d083-062a-4fb1-9c41-7611101f017d-pod-info\") pod \"2e54d083-062a-4fb1-9c41-7611101f017d\" (UID: \"2e54d083-062a-4fb1-9c41-7611101f017d\") "
2025-01-29 14:02:52,856 INFO c.h.h.t.HelmChartContainer - [K3S] [stateful_set.go:438] "Unhandled Error" err="error syncing StatefulSet helmmqttit/test-hivemq-platform, requeuing: controllerrevisions.apps \"test-hivemq-platform-7bbc5894fb\" is forbidden: unable to create new content in namespace helmmqttit because it is being terminated"
2025-01-29 14:02:52,874 INFO c.h.h.t.HelmChartContainer - [K3S] [reconciler_common.go:299] "Volume detached for volume \"pod-info\" (UniqueName: \"kubernetes.io/configmap/2e54d083-062a-4fb1-9c41-7611101f017d-pod-info\") on node \"b2f104d21a5d\" DevicePath \"\""
2025-01-29 14:02:52,874 INFO c.h.h.t.HelmChartContainer - [K3S] [reconciler_common.go:299] "Volume detached for volume \"kube-api-access-df97h\" (UniqueName: \"kubernetes.io/projected/2e54d083-062a-4fb1-9c41-7611101f017d-kube-api-access-df97h\") on node \"b2f104d21a5d\" DevicePath \"\""
2025-01-29 14:02:52,874 INFO c.h.h.t.HelmChartContainer - [K3S] [reconciler_common.go:299] "Volume detached for volume \"broker-configuration\" (UniqueName: \"kubernetes.io/configmap/2e54d083-062a-4fb1-9c41-7611101f017d-broker-configuration\") on node \"b2f104d21a5d\" DevicePath \"\""
2025-01-29 14:02:52,874 INFO c.h.h.t.HelmChartContainer - [K3S] [reconciler_common.go:299] "Volume detached for volume \"operator-init\" (UniqueName: \"kubernetes.io/empty-dir/2e54d083-062a-4fb1-9c41-7611101f017d-operator-init\") on node \"b2f104d21a5d\" DevicePath \"\""
2025-01-29 14:02:53,020 INFO c.h.h.t.HelmChartContainer - [K3S] [stateful_set.go:438] "Unhandled Error" err="error syncing StatefulSet helmmqttit/test-hivemq-platform, requeuing: controllerrevisions.apps \"test-hivemq-platform-7bbc5894fb\" is forbidden: unable to create new content in namespace helmmqttit because it is being terminated"
2025-01-29 14:02:53,021 INFO c.h.h.t.HelmChartContainer - [K3S] [scope.go:117] "RemoveContainer" containerID="d691df324ec011759a876e8a406ad8031f6271c55ba63b9b15b8ca5ac6036699"
2025-01-29 14:02:53,038 INFO c.h.h.t.HelmChartContainer - [K3S] [stateful_set.go:438] "Unhandled Error" err="error syncing StatefulSet helmmqttit/test-hivemq-platform, requeuing: controllerrevisions.apps \"test-hivemq-platform-7bbc5894fb\" is forbidden: unable to create new content in namespace helmmqttit because it is being terminated"
2025-01-29 14:02:53,043 INFO c.h.h.t.HelmChartContainer - [K3S] [stateful_set.go:438] "Unhandled Error" err="error syncing StatefulSet helmmqttit/test-hivemq-platform, requeuing: controllerrevisions.apps \"test-hivemq-platform-7bbc5894fb\" is forbidden: unable to create new content in namespace helmmqttit because it is being terminated"
2025-01-29 14:02:53,044 INFO c.h.h.t.HelmChartContainer - [POD] test-hivemq-platform-0 [2e54d083-062a-4fb1-9c41-7611101f017d] in helmmqttit was MODIFIED
2025-01-29 14:02:53,044 INFO c.h.h.t.HelmChartContainer - [POD] test-hivemq-platform-0 [2e54d083-062a-4fb1-9c41-7611101f017d] in helmmqttit was DELETED
2025-01-29 14:02:53,057 INFO c.h.h.t.HelmChartContainer - [K3S] [stateful_set.go:466] "StatefulSet has been deleted" key="helmmqttit/test-hivemq-platform"
2025-01-29 14:02:53,136 INFO c.h.h.t.HelmChartContainer - [K3S] [scope.go:117] "RemoveContainer" containerID="0e2fa7c4b2054cff5c87c2b194bf47757caf3a1708d5da1e41f851179370c491"
2025-01-29 14:02:53,139 INFO c.h.h.t.HelmChartContainer - [K3S] [scope.go:117] "RemoveContainer" containerID="d691df324ec011759a876e8a406ad8031f6271c55ba63b9b15b8ca5ac6036699"
2025-01-29 14:02:53,140 INFO c.h.h.t.HelmChartContainer - [K3S] [scope.go:117] "RemoveContainer" containerID="0e2fa7c4b2054cff5c87c2b194bf47757caf3a1708d5da1e41f851179370c491"
2025-01-29 14:02:53,341 INFO c.h.h.t.HelmChartContainer - [K3S] [stateful_set.go:466] "StatefulSet has been deleted" key="helmmqttit/test-hivemq-platform"
2025-01-29 14:02:54,024 INFO c.h.h.t.HelmChartContainer - Namespace 'helmmqttit' deleted
2025-01-29 14:02:54,024 INFO c.h.h.t.HelmChartContainer - Release 'test-hivemq-platform' in namespace 'helmmqttit' is uninstalled
2025-01-29 14:02:54,024 INFO c.h.h.t.HelmChartContainer - Uninstalling release 'test-hivemq-platform-operator' in namespace 'helmmqttit-operator'...
2025-01-29 14:02:54,024 DEBUG c.h.h.t.HelmChartContainer - Executing helm command: /bin/helm --kubeconfig /etc/rancher/k3s/k3s.yaml uninstall test-hivemq-platform-operator  --wait --timeout 5m0s --cascade foreground --namespace helmmqttit-operator
2025-01-29 14:02:54,222 INFO c.h.h.t.HelmChartContainer - [K3S] [replica_set.go:679] "Finished syncing" kind="ReplicaSet" key="helmmqttit-operator/hivemq-test-hivemq-platform-operator-6966f96d65" duration="29.221359ms"
2025-01-29 14:02:54,232 INFO c.h.h.t.HelmChartContainer - [K3S] [kubelet_volumes.go:163] "Cleaned up orphaned pod volumes dir" podUID="2e54d083-062a-4fb1-9c41-7611101f017d" path="/var/lib/kubelet/pods/2e54d083-062a-4fb1-9c41-7611101f017d/volumes"
2025-01-29 14:02:54,233 INFO c.h.h.t.HelmChartContainer - [K3S] [replica_set.go:679] "Finished syncing" kind="ReplicaSet" key="helmmqttit-operator/hivemq-test-hivemq-platform-operator-6966f96d65" duration="54.261µs"
2025-01-29 14:02:54,268 INFO c.h.h.t.HelmChartContainer - [POD] hivemq-test-hivemq-platform-operator-6966f96d65-48j2d [f0e217a7-9f13-41d2-b553-ab5743cb35c5] in helmmqttit-operator was MODIFIED
2025-01-29 14:02:54,277 INFO c.h.h.t.HelmChartContainer - [EVENT] Normal [Killing] Stopping container hivemq-platform-operator [helmmqttit-operator:hivemq-test-hivemq-platform-operator-6966f96d65-48j2d]
2025-01-29 14:02:54,277 INFO c.h.h.t.HelmChartContainer - Received Killing event for container hivemq-platform-operator in pod hivemq-test-hivemq-platform-operator-6966f96d65-48j2d [f0e217a7-9f13-41d2-b553-ab5743cb35c5]
2025-01-29 14:02:54,277 INFO c.h.h.t.HelmChartContainer - Container [hivemq-test-hivemq-platform-operator-6966f96d65-48j2d] [hivemq-platform-operator] [f0e217a7-9f13-41d2-b553-ab5743cb35c5] was terminated
2025-01-29 14:02:54,277 INFO c.h.h.t.HelmChartContainer - Stopped log watcher for hivemq-platform-operator in pod hivemq-test-hivemq-platform-operator-6966f96d65-48j2d [f0e217a7-9f13-41d2-b553-ab5743cb35c5]
2025-01-29 14:02:54,278 INFO c.h.h.t.HelmChartContainer - [K3S] [replica_set.go:679] "Finished syncing" kind="ReplicaSet" key="helmmqttit-operator/hivemq-test-hivemq-platform-operator-6966f96d65" duration="12.957715ms"
2025-01-29 14:02:54,279 INFO c.h.h.t.HelmChartContainer - [K3S] [replica_set.go:679] "Finished syncing" kind="ReplicaSet" key="helmmqttit-operator/hivemq-test-hivemq-platform-operator-6966f96d65" duration="45.936µs"
2025-01-29 14:02:54,289 INFO c.h.h.t.HelmChartContainer - [hivemq-test-hivemq-platform] [hivemq-platform-operator] [f0e217a7] 14:02:54.286 [application-shutdown-thread] INFO  c.h.p.o.HiveMQPlatformOperatorApplication - HiveMQ Platform Operator is stopping...
2025-01-29 14:02:54,289 INFO c.h.h.t.HelmChartContainer - [hivemq-test-hivemq-platform] [hivemq-platform-operator] [f0e217a7] 14:02:54.286 [application-shutdown-thread] INFO  i.javaoperatorsdk.operator.Operator - Operator SDK 4.9.7 is shutting down...
2025-01-29 14:02:54,859 INFO c.h.h.t.HelmChartContainer - [K3S] [replica_set.go:679] "Finished syncing" kind="ReplicaSet" key="helmmqttit-operator/hivemq-test-hivemq-platform-operator-6966f96d65" duration="65.031µs"
2025-01-29 14:02:54,861 INFO c.h.h.t.HelmChartContainer - [POD] hivemq-test-hivemq-platform-operator-6966f96d65-48j2d [f0e217a7-9f13-41d2-b553-ab5743cb35c5] in helmmqttit-operator was MODIFIED
2025-01-29 14:02:54,884 INFO c.h.h.t.HelmChartContainer - [K3S] [reconciler_common.go:162] "operationExecutor.UnmountVolume started for volume \"kube-api-access-rl925\" (UniqueName: \"kubernetes.io/projected/f0e217a7-9f13-41d2-b553-ab5743cb35c5-kube-api-access-rl925\") pod \"f0e217a7-9f13-41d2-b553-ab5743cb35c5\" (UID: \"f0e217a7-9f13-41d2-b553-ab5743cb35c5\") "
2025-01-29 14:02:54,984 INFO c.h.h.t.HelmChartContainer - [K3S] [reconciler_common.go:299] "Volume detached for volume \"kube-api-access-rl925\" (UniqueName: \"kubernetes.io/projected/f0e217a7-9f13-41d2-b553-ab5743cb35c5-kube-api-access-rl925\") on node \"b2f104d21a5d\" DevicePath \"\""
2025-01-29 14:02:55,027 INFO c.h.h.t.HelmChartContainer - [K3S] [scope.go:117] "RemoveContainer" containerID="364cbbbeb8feefd6de39344455c2c020cbd034affb9f34145ece851c0788f459"
2025-01-29 14:02:55,030 INFO c.h.h.t.HelmChartContainer - [K3S] [scope.go:117] "RemoveContainer" containerID="364cbbbeb8feefd6de39344455c2c020cbd034affb9f34145ece851c0788f459"
2025-01-29 14:02:55,040 INFO c.h.h.t.HelmChartContainer - [K3S] [replica_set.go:679] "Finished syncing" kind="ReplicaSet" key="helmmqttit-operator/hivemq-test-hivemq-platform-operator-6966f96d65" duration="359.08µs"
2025-01-29 14:02:55,041 INFO c.h.h.t.HelmChartContainer - [POD] hivemq-test-hivemq-platform-operator-6966f96d65-48j2d [f0e217a7-9f13-41d2-b553-ab5743cb35c5] in helmmqttit-operator was MODIFIED
2025-01-29 14:02:55,042 INFO c.h.h.t.HelmChartContainer - [POD] hivemq-test-hivemq-platform-operator-6966f96d65-48j2d [f0e217a7-9f13-41d2-b553-ab5743cb35c5] in helmmqttit-operator was DELETED
2025-01-29 14:02:55,043 INFO c.h.h.t.HelmChartContainer - [K3S] [replica_set.go:679] "Finished syncing" kind="ReplicaSet" key="helmmqttit-operator/hivemq-test-hivemq-platform-operator-6966f96d65" duration="37.53µs"
2025-01-29 14:02:55,054 INFO c.h.h.t.HelmChartContainer - [K3S] [replica_set.go:679] "Finished syncing" kind="ReplicaSet" key="helmmqttit-operator/hivemq-test-hivemq-platform-operator-6966f96d65" duration="7.905µs"
2025-01-29 14:02:56,207 INFO c.h.h.t.HelmChartContainer - [K3S] [kubelet_volumes.go:163] "Cleaned up orphaned pod volumes dir" podUID="f0e217a7-9f13-41d2-b553-ab5743cb35c5" path="/var/lib/kubelet/pods/f0e217a7-9f13-41d2-b553-ab5743cb35c5/volumes"
2025-01-29 14:02:56,254 INFO c.h.h.t.HelmChartContainer - Deleting namespace 'helmmqttit-operator'...
2025-01-29 14:02:58,949 INFO c.h.h.t.HelmChartContainer - [K3S] [namespace_controller.go:187] "Namespace has been deleted" namespace="helmmqttit"
2025-01-29 14:03:01,472 INFO c.h.h.t.HelmChartContainer - Namespace 'helmmqttit-operator' deleted
2025-01-29 14:03:01,472 INFO c.h.h.t.HelmChartContainer - Release 'test-hivemq-platform-operator' in namespace 'helmmqttit-operator' is uninstalled
2025-01-29 14:03:02,208 INFO c.h.helmcharts.AbstractHelmChartIT - Removed unused containers:

2025-01-29 14:03:06,387 INFO c.h.h.t.HelmChartContainer - [K3S] [namespace_controller.go:187] "Namespace has been deleted" namespace="helmmqttit-operator"
2025-01-29 14:03:10,044 INFO c.h.helmcharts.AbstractHelmChartIT - Removed unused snapshots:
Removing snapshot sha256:03af251906410714c5aef9fa705b63f6bbc39c4a5e787de7361eeb18886c2ed2
Removing snapshot sha256:0c46b3b43cce082ce5ec34ffc6c294e0417d17b9d1e6f366d114b6aadc4f96dc
Removing snapshot sha256:0ce761beee59082d6ed5bcebd3a805b8ddd9b3426b617e4809e7fb7c6587ffec
Removing snapshot sha256:0df91287303208332c8ff6ba40ae4710105201739addbfbddfb955f1ad593664
Removing snapshot sha256:0ecdb74ccb731a156f08e2c24f71884cb7b54f057c1105e923610b9bed48063f
Removing snapshot sha256:1021ef88c7974bfff89c5a0ec4fd3160daac6c48a075f74cff721f85dd104e68
Removing snapshot sha256:10aba4953ddc18145dd38e3704709bc464aa20af60b56fe52caaff4b68411e62
Removing snapshot sha256:362a8a37f8bbc31925a8146adcf7cf51f9882f5c1dcbef67c5baa03a297543c0
Removing snapshot sha256:3a073dc912c0263431cada6d7fe35f04a95394a7784fa29630e360ad4629e5fe
Removing snapshot sha256:43a7c979bbaba6838bc3102d6b10a1459f3ab050b87ccdfef84ef90cf43d3058
Removing snapshot sha256:4ab04491cdf0d3267f08206fe30bd48f49f94b9cab2f016d6739220f722a64af
Removing snapshot sha256:4b6068250e89c96f263060261819c7d912855bfbd64b3eb4c4a8483299b8c295
Removing snapshot sha256:580e69a0a8034ede1921139bbd2bfb72a69ebf276d008281896c32dd8bf74775
Removing snapshot sha256:5d30ba46b27fe37484567ccc5242cadc78217b8da605f3f195ef25cbf7487904
Removing snapshot sha256:63ca1fbb43ae5034640e5e6cb3e083e05c290072c5366fcaa9d62435a4cced85
Removing snapshot sha256:67f702c6baae873bceb19487c8b1f27bd2b86077e4f2f0e480e6d60ab508b8f5
Removing snapshot sha256:6864348dd42806d552efdec384f1274be15e2d0c10ce44c1f04347af004c10a9
Removing snapshot sha256:6c7dee8f2c39b84b7dc2711c01d33de93514d9055499173e9290176fbe484b6c
Removing snapshot sha256:82753493a6d61ded36556292f02f31841a14c20d2f279f19eaad65afb661d5cd
Removing snapshot sha256:8a10d3db42c505ee0fcfa98417bdd7e39b304f6bcc0a06bb1b220797ff2cc63c
Removing snapshot sha256:a21e5b12dbac529ad45d976eb9ce45c881f3bedcc500fb30aba1e52aa1813418
Removing snapshot sha256:b921e6c28969094157f9b8e7244677780319637afd14450b7cb6b2fdea558a0c
Removing snapshot sha256:bc27ecb5769a00e309cf99ebc763c4a4b958b618d1decc96ffac5bc05f02f5b7
Removing snapshot sha256:be3ccb6627a5332e309d45ef461d09b4879dd870c7394d89323d0ebc6ca6aa8a
Removing snapshot sha256:c261f7cbbc64211ee175ee47273acdb7b1a36a4450b397a064a8f2c026490095
Removing snapshot sha256:c34d9393647eea0c9e3557ab988efaf59f61d10a2a5613b439ef0958cca5ec10
Removing snapshot sha256:ccf3c4a0fa967a41c1c83497a2ce6fa5787965859df0adb32c4ca2cf7490bc2b
Removing snapshot sha256:cf92d33f869417309692088c341cd0f223c178ea78a125f757317b22aa8f90e9
Removing snapshot sha256:d0037344cf2fb078884f1849f6a1f8cf9a33a3b6139b6a85833e5ee528e1f9a8
Removing snapshot sha256:d3b36d5b79273b1e98e7700470eaeff05a882e777124d84cebcc1505b85ecb36
Removing snapshot sha256:d65a44a37914602d12c611e5e22a50f11451d847e63015cc1c2aef92dee777a4
Removing snapshot sha256:e2dc0bae2455930f23ae570e019b7f32edc75c0f2d71cab084db837ff9051796
Removing snapshot sha256:eccbd24a99c60cd9e86ee5305dbfc4a4dc89f5ab4fb1f06c8d64797cecedef34
Removing snapshot sha256:f144bb4c7c7f0d2aa7eeffd36d934ec40db1ee167be727e326aad9fdc616f475

]]></system-out>
  </testcase>
  <system-out><![CDATA[2025-01-29 13:54:03,215 INFO c.h.h.t.HelmChartContainerExtension - Using cached HelmChartContainer instance
2025-01-29 13:54:03,221 INFO c.h.h.t.HelmChartContainerExtension - Creating cached HelmChartContainer instance
2025-01-29 13:54:03,242 INFO o.testcontainers.DockerClientFactory - Testcontainers version: 1.20.4
2025-01-29 13:54:03,683 INFO o.t.d.DockerClientProviderStrategy - Found Docker environment with local Unix socket (unix:///var/run/docker.sock)
2025-01-29 13:54:03,692 INFO o.testcontainers.DockerClientFactory - Docker host IP address is localhost
2025-01-29 13:54:03,709 INFO o.testcontainers.DockerClientFactory - Connected to docker: 
  Server Version: 26.1.3
  API Version: 1.45
  Operating System: Ubuntu 24.04.1 LTS
  Total Memory: 15990 MB
2025-01-29 13:54:03,716 INFO o.testcontainers.images.PullPolicy - Image pull policy will be performed by: DefaultPullPolicy()
2025-01-29 13:54:03,718 INFO o.t.utility.ImageNameSubstitutor - Image name substitution will be performed by: DefaultImageNameSubstitutor (composite of 'ConfigurationFileImageNameSubstitutor' and 'PrefixingImageNameSubstitutor')
2025-01-29 13:54:03,747 INFO tc.testcontainers/ryuk:0.11.0 - Pulling docker image: testcontainers/ryuk:0.11.0. Please be patient; this may take some time but only needs to be done once.
2025-01-29 13:54:04,158 INFO tc.testcontainers/ryuk:0.11.0 - Starting to pull image
2025-01-29 13:54:04,177 INFO tc.testcontainers/ryuk:0.11.0 - Pulling image layers:  0 pending,  0 downloaded,  0 extracted, (0 bytes/0 bytes)
2025-01-29 13:54:04,364 INFO tc.testcontainers/ryuk:0.11.0 - Pulling image layers:  2 pending,  1 downloaded,  0 extracted, (44 KB/? MB)
2025-01-29 13:54:04,379 INFO tc.testcontainers/ryuk:0.11.0 - Pulling image layers:  1 pending,  2 downloaded,  0 extracted, (116 KB/? MB)
2025-01-29 13:54:04,403 INFO tc.testcontainers/ryuk:0.11.0 - Pulling image layers:  0 pending,  3 downloaded,  0 extracted, (143 KB/10 MB)
2025-01-29 13:54:04,481 INFO tc.testcontainers/ryuk:0.11.0 - Pulling image layers:  0 pending,  3 downloaded,  1 extracted, (3 MB/10 MB)
2025-01-29 13:54:04,623 INFO tc.testcontainers/ryuk:0.11.0 - Pulling image layers:  0 pending,  3 downloaded,  2 extracted, (4 MB/10 MB)
2025-01-29 13:54:04,658 INFO tc.testcontainers/ryuk:0.11.0 - Pulling image layers:  0 pending,  3 downloaded,  3 extracted, (10 MB/10 MB)
2025-01-29 13:54:04,667 INFO tc.testcontainers/ryuk:0.11.0 - Image testcontainers/ryuk:0.11.0 pull took PT0.91940052S
2025-01-29 13:54:04,687 INFO tc.testcontainers/ryuk:0.11.0 - Creating container for image: testcontainers/ryuk:0.11.0
2025-01-29 13:54:04,748 INFO tc.testcontainers/ryuk:0.11.0 - Container testcontainers/ryuk:0.11.0 is starting: d2b2678951dfc4065b46017a0c07ce2cbf859dcc246e04d233f7ab0a8cc25e84
2025-01-29 13:54:05,024 INFO tc.testcontainers/ryuk:0.11.0 - Container testcontainers/ryuk:0.11.0 started in PT0.337047812S
2025-01-29 13:54:05,027 INFO o.t.utility.RyukResourceReaper - Ryuk started - will monitor and terminate Testcontainers containers on JVM exit
2025-01-29 13:54:05,028 INFO o.testcontainers.DockerClientFactory - Checking the system...
2025-01-29 13:54:05,028 INFO o.testcontainers.DockerClientFactory - ✔︎ Docker server version should be at least 1.6.0
2025-01-29 13:54:05,108 INFO o.t.i.builder.ImageFromDockerfile - Pre-emptively checking local images for 'ubuntu:noble-20241118.1@sha256:80dd3c3b9c6cecb9f1667e9290b3bc61b78c2678c02cbdae5f0fea92cc6734ab', referenced via a Dockerfile. If not available, it will be pulled.
2025-01-29 13:54:05,111 INFO t.u.1@sha256:80dd3c... - Pulling docker image: ubuntu:noble-20241118.1@sha256:80dd3c3b9c6cecb9f1667e9290b3bc61b78c2678c02cbdae5f0fea92cc6734ab. Please be patient; this may take some time but only needs to be done once.
2025-01-29 13:54:05,354 INFO t.u.1@sha256:80dd3c... - Starting to pull image
2025-01-29 13:54:05,355 INFO t.u.1@sha256:80dd3c... - Pulling image layers:  0 pending,  0 downloaded,  0 extracted, (0 bytes/0 bytes)
2025-01-29 13:54:05,717 INFO t.u.1@sha256:80dd3c... - Pulling image layers:  0 pending,  1 downloaded,  0 extracted, (21 MB/28 MB)
2025-01-29 13:54:06,629 INFO t.u.1@sha256:80dd3c... - Pulling image layers:  0 pending,  1 downloaded,  1 extracted, (28 MB/28 MB)
2025-01-29 13:54:06,635 INFO t.u.1@sha256:80dd3c... - Pull complete. 1 layers, pulled in 1s (downloaded 28 MB at 28 MB/s)
2025-01-29 13:54:06,635 INFO t.u.1@sha256:80dd3c... - Image ubuntu:noble-20241118.1@sha256:80dd3c3b9c6cecb9f1667e9290b3bc61b78c2678c02cbdae5f0fea92cc6734ab pull took PT1.523984109S
2025-01-29 13:54:06,637 INFO o.t.i.builder.ImageFromDockerfile - Pre-emptively checking local images for 'rancher/k3s:v1.32.1-k3s1', referenced via a Dockerfile. If not available, it will be pulled.
2025-01-29 13:54:06,639 INFO tc.rancher/k3s:v1.32.1-k3s1 - Pulling docker image: rancher/k3s:v1.32.1-k3s1. Please be patient; this may take some time but only needs to be done once.
2025-01-29 13:54:07,001 INFO tc.rancher/k3s:v1.32.1-k3s1 - Starting to pull image
2025-01-29 13:54:07,002 INFO tc.rancher/k3s:v1.32.1-k3s1 - Pulling image layers:  0 pending,  0 downloaded,  0 extracted, (0 bytes/0 bytes)
2025-01-29 13:54:07,895 INFO tc.rancher/k3s:v1.32.1-k3s1 - Pulling image layers:  0 pending,  1 downloaded,  0 extracted, (69 MB/71 MB)
2025-01-29 13:54:08,931 INFO tc.rancher/k3s:v1.32.1-k3s1 - Pulling image layers:  0 pending,  1 downloaded,  1 extracted, (71 MB/71 MB)
2025-01-29 13:54:08,937 INFO tc.rancher/k3s:v1.32.1-k3s1 - Image rancher/k3s:v1.32.1-k3s1 pull took PT2.297836883S
2025-01-29 13:54:08,937 INFO tc.rancher/k3s:v1.32.1-k3s1 - Pull complete. 1 layers, pulled in 1s (downloaded 71 MB at 71 MB/s)
2025-01-29 13:54:08,942 INFO o.t.i.builder.ImageFromDockerfile - Transferred 0 bytes to Docker daemon
2025-01-29 13:54:24,030 INFO c.h.h.t.HelmChartContainer - Starting HelmChartContainer...
2025-01-29 13:54:24,032 INFO t.localhost/testcontainers/yrzu4e9mvpu5vida:latest - Creating container for image: localhost/testcontainers/yrzu4e9mvpu5vida:latest
2025-01-29 13:54:24,100 INFO tc.alpine:3.17 - Pulling docker image: alpine:3.17. Please be patient; this may take some time but only needs to be done once.
2025-01-29 13:54:24,479 INFO tc.alpine:3.17 - Starting to pull image
2025-01-29 13:54:24,480 INFO tc.alpine:3.17 - Pulling image layers:  0 pending,  0 downloaded,  0 extracted, (0 bytes/0 bytes)
2025-01-29 13:54:24,714 INFO tc.alpine:3.17 - Pulling image layers:  0 pending,  1 downloaded,  0 extracted, (33 KB/3 MB)
2025-01-29 13:54:24,810 INFO tc.alpine:3.17 - Pulling image layers:  0 pending,  1 downloaded,  1 extracted, (3 MB/3 MB)
2025-01-29 13:54:24,818 INFO tc.alpine:3.17 - Image alpine:3.17 pull took PT0.717006962S
2025-01-29 13:54:25,345 INFO t.localhost/testcontainers/yrzu4e9mvpu5vida:latest - Container localhost/testcontainers/yrzu4e9mvpu5vida:latest is starting: b2f104d21a5db38a8ea5ae9e7ed74cea530eea32c408b29380e4a31c769eeaa0
2025-01-29 13:54:25,698 INFO c.h.h.t.HelmChartContainer - [K3S] [INFO] Starting k3s v1.32.1+k3s1 (6a322f12)
2025-01-29 13:54:25,701 INFO c.h.h.t.HelmChartContainer - [K3S] [INFO] Configuring sqlite3 database connection pooling: maxIdleConns=2, maxOpenConns=0, connMaxLifetime=0s
2025-01-29 13:54:25,701 INFO c.h.h.t.HelmChartContainer - [K3S] [INFO] Configuring database table schema and indexes, this may take a moment...
2025-01-29 13:54:25,704 INFO c.h.h.t.HelmChartContainer - [K3S] [INFO] Database tables and indexes are up to date
2025-01-29 13:54:25,706 INFO c.h.h.t.HelmChartContainer - [K3S] [INFO] Kine available at unix://kine.sock
2025-01-29 13:54:25,828 INFO c.h.h.t.HelmChartContainer - [K3S] [INFO] Saving cluster bootstrap data to datastore
2025-01-29 13:54:25,829 INFO c.h.h.t.HelmChartContainer - [K3S] [WARNING] dynamiclistener [::]:6443: no cached certificate available for preload - deferring certificate load until storage initialization or first client request
2025-01-29 13:54:25,829 INFO c.h.h.t.HelmChartContainer - [K3S] [INFO] Active TLS secret / (ver=) (count 10): map[listener.cattle.io/cn-10.43.0.1:10.43.0.1 listener.cattle.io/cn-127.0.0.1:127.0.0.1 listener.cattle.io/cn-172.18.0.2:172.18.0.2 listener.cattle.io/cn-__1-f16284:::1 listener.cattle.io/cn-b2f104d21a5d:b2f104d21a5d listener.cattle.io/cn-kubernetes:kubernetes listener.cattle.io/cn-kubernetes.default:kubernetes.default listener.cattle.io/cn-kubernetes.default.svc:kubernetes.default.svc listener.cattle.io/cn-kubernetes.default.svc.cluster.local:kubernetes.default.svc.cluster.local listener.cattle.io/cn-localhost:localhost listener.cattle.io/fingerprint:SHA1=35CC1F2CB27B7EC239587689726B1B110617B83C]
2025-01-29 13:54:25,989 INFO c.h.h.t.HelmChartContainer - [K3S] [INFO] Running kube-apiserver --advertise-port=6443 --allow-privileged=true --anonymous-auth=false --api-audiences=https://kubernetes.default.svc.cluster.local,k3s --authorization-mode=Node,RBAC --bind-address=127.0.0.1 --cert-dir=/var/lib/rancher/k3s/server/tls/temporary-certs --client-ca-file=/var/lib/rancher/k3s/server/tls/client-ca.crt --egress-selector-config-file=/var/lib/rancher/k3s/server/etc/egress-selector-config.yaml --enable-admission-plugins=NodeRestriction --enable-aggregator-routing=true --enable-bootstrap-token-auth=true --etcd-compaction-interval=0s --etcd-servers=unix://kine.sock --kubelet-certificate-authority=/var/lib/rancher/k3s/server/tls/server-ca.crt --kubelet-client-certificate=/var/lib/rancher/k3s/server/tls/client-kube-apiserver.crt --kubelet-client-key=/var/lib/rancher/k3s/server/tls/client-kube-apiserver.key --kubelet-preferred-address-types=InternalIP,ExternalIP,Hostname --profiling=false --proxy-client-cert-file=/var/lib/rancher/k3s/server/tls/client-auth-proxy.crt --proxy-client-key-file=/var/lib/rancher/k3s/server/tls/client-auth-proxy.key --requestheader-allowed-names=system:auth-proxy --requestheader-client-ca-file=/var/lib/rancher/k3s/server/tls/request-header-ca.crt --requestheader-extra-headers-prefix=X-Remote-Extra- --requestheader-group-headers=X-Remote-Group --requestheader-username-headers=X-Remote-User --secure-port=6444 --service-account-issuer=https://kubernetes.default.svc.cluster.local --service-account-key-file=/var/lib/rancher/k3s/server/tls/service.key --service-account-signing-key-file=/var/lib/rancher/k3s/server/tls/service.current.key --service-cluster-ip-range=10.43.0.0/16 --service-node-port-range=30000-32767 --storage-backend=etcd3 --tls-cert-file=/var/lib/rancher/k3s/server/tls/serving-kube-apiserver.crt --tls-cipher-suites=TLS_ECDHE_ECDSA_WITH_AES_256_GCM_SHA384,TLS_ECDHE_RSA_WITH_AES_256_GCM_SHA384,TLS_ECDHE_ECDSA_WITH_AES_128_GCM_SHA256,TLS_ECDHE_RSA_WITH_AES_128_GCM_SHA256,TLS_ECDHE_ECDSA_WITH_CHACHA20_POLY1305,TLS_ECDHE_RSA_WITH_CHACHA20_POLY1305 --tls-private-key-file=/var/lib/rancher/k3s/server/tls/serving-kube-apiserver.key
2025-01-29 13:54:25,990 INFO c.h.h.t.HelmChartContainer - [K3S] [INFO] Running kube-scheduler --authentication-kubeconfig=/var/lib/rancher/k3s/server/cred/scheduler.kubeconfig --authorization-kubeconfig=/var/lib/rancher/k3s/server/cred/scheduler.kubeconfig --bind-address=127.0.0.1 --kubeconfig=/var/lib/rancher/k3s/server/cred/scheduler.kubeconfig --leader-elect=false --profiling=false --secure-port=10259
2025-01-29 13:54:25,990 INFO c.h.h.t.HelmChartContainer - [K3S] [registry.go:256] calling componentGlobalsRegistry.AddFlags more than once, the registry will be set by the latest flags
2025-01-29 13:54:25,991 INFO c.h.h.t.HelmChartContainer - [K3S] [INFO] Running kube-controller-manager --allocate-node-cidrs=true --authentication-kubeconfig=/var/lib/rancher/k3s/server/cred/controller.kubeconfig --authorization-kubeconfig=/var/lib/rancher/k3s/server/cred/controller.kubeconfig --bind-address=127.0.0.1 --cluster-cidr=10.42.0.0/16 --cluster-signing-kube-apiserver-client-cert-file=/var/lib/rancher/k3s/server/tls/client-ca.nochain.crt --cluster-signing-kube-apiserver-client-key-file=/var/lib/rancher/k3s/server/tls/client-ca.key --cluster-signing-kubelet-client-cert-file=/var/lib/rancher/k3s/server/tls/client-ca.nochain.crt --cluster-signing-kubelet-client-key-file=/var/lib/rancher/k3s/server/tls/client-ca.key --cluster-signing-kubelet-serving-cert-file=/var/lib/rancher/k3s/server/tls/server-ca.nochain.crt --cluster-signing-kubelet-serving-key-file=/var/lib/rancher/k3s/server/tls/server-ca.key --cluster-signing-legacy-unknown-cert-file=/var/lib/rancher/k3s/server/tls/server-ca.nochain.crt --cluster-signing-legacy-unknown-key-file=/var/lib/rancher/k3s/server/tls/server-ca.key --configure-cloud-routes=false --controllers=*,tokencleaner,-service,-route,-cloud-node-lifecycle --kubeconfig=/var/lib/rancher/k3s/server/cred/controller.kubeconfig --leader-elect=false --profiling=false --root-ca-file=/var/lib/rancher/k3s/server/tls/server-ca.crt --secure-port=10257 --service-account-private-key-file=/var/lib/rancher/k3s/server/tls/service.current.key --service-cluster-ip-range=10.43.0.0/16 --use-service-account-credentials=true
2025-01-29 13:54:25,992 INFO c.h.h.t.HelmChartContainer - [K3S] [INFO] Waiting for API server to become available
2025-01-29 13:54:25,992 INFO c.h.h.t.HelmChartContainer - [K3S] [options.go:299] unable to set WatchListClient feature gate, err: cannot override default for feature "WatchListClient": gates already added to a flag set
2025-01-29 13:54:25,992 INFO c.h.h.t.HelmChartContainer - [K3S] [registry.go:256] calling componentGlobalsRegistry.AddFlags more than once, the registry will be set by the latest flags
2025-01-29 13:54:25,993 INFO c.h.h.t.HelmChartContainer - [K3S] [INFO] Running cloud-controller-manager --allocate-node-cidrs=true --authentication-kubeconfig=/var/lib/rancher/k3s/server/cred/cloud-controller.kubeconfig --authorization-kubeconfig=/var/lib/rancher/k3s/server/cred/cloud-controller.kubeconfig --bind-address=127.0.0.1 --cloud-config=/var/lib/rancher/k3s/server/etc/cloud-config.yaml --cloud-provider=k3s --cluster-cidr=10.42.0.0/16 --configure-cloud-routes=false --controllers=*,-route --kubeconfig=/var/lib/rancher/k3s/server/cred/cloud-controller.kubeconfig --leader-elect=false --leader-elect-resource-name=k3s-cloud-controller-manager --node-status-update-frequency=1m0s --profiling=false
2025-01-29 13:54:25,993 INFO c.h.h.t.HelmChartContainer - [K3S] [registry.go:256] calling componentGlobalsRegistry.AddFlags more than once, the registry will be set by the latest flags
2025-01-29 13:54:25,993 INFO c.h.h.t.HelmChartContainer - [K3S] [INFO] Server node token is available at /var/lib/rancher/k3s/server/token
2025-01-29 13:54:25,993 INFO c.h.h.t.HelmChartContainer - [K3S] [INFO] To join server node to cluster: k3s server -s https://172.18.0.2:6443 -t ${SERVER_NODE_TOKEN}
2025-01-29 13:54:25,993 INFO c.h.h.t.HelmChartContainer - [K3S] [INFO] Agent node token is available at /var/lib/rancher/k3s/server/agent-token
2025-01-29 13:54:25,994 INFO c.h.h.t.HelmChartContainer - [K3S] [options.go:238] external host was not specified, using 172.18.0.2
2025-01-29 13:54:25,994 INFO c.h.h.t.HelmChartContainer - [K3S] [INFO] To join agent node to cluster: k3s agent -s https://172.18.0.2:6443 -t ${AGENT_NODE_TOKEN}
2025-01-29 13:54:25,994 INFO c.h.h.t.HelmChartContainer - [K3S] [INFO] Wrote kubeconfig /etc/rancher/k3s/k3s.yaml
2025-01-29 13:54:25,994 INFO c.h.h.t.HelmChartContainer - [K3S] [INFO] Run: k3s kubectl
2025-01-29 13:54:25,996 INFO c.h.h.t.HelmChartContainer - [K3S] [server.go:151] Version: v1.32.1+k3s1
2025-01-29 13:54:25,996 INFO c.h.h.t.HelmChartContainer - [K3S] [server.go:153] "Golang settings" GOGC="" GOMAXPROCS="" GOTRACEBACK=""
2025-01-29 13:54:26,280 INFO c.h.h.t.HelmChartContainer - [K3S] [plugins.go:157] Loaded 13 mutating admission controller(s) successfully in the following order: NamespaceLifecycle,LimitRanger,ServiceAccount,NodeRestriction,TaintNodesByCondition,Priority,DefaultTolerationSeconds,DefaultStorageClass,StorageObjectInUseProtection,RuntimeClass,DefaultIngressClass,MutatingAdmissionPolicy,MutatingAdmissionWebhook.
2025-01-29 13:54:26,280 INFO c.h.h.t.HelmChartContainer - [K3S] [plugins.go:160] Loaded 13 validating admission controller(s) successfully in the following order: LimitRanger,ServiceAccount,PodSecurity,Priority,PersistentVolumeClaimResize,RuntimeClass,CertificateApproval,CertificateSigning,ClusterTrustBundleAttest,CertificateSubjectRestriction,ValidatingAdmissionPolicy,ValidatingAdmissionWebhook,ResourceQuota.
2025-01-29 13:54:26,280 INFO c.h.h.t.HelmChartContainer - [K3S] [instance.go:233] Using reconciler: lease
2025-01-29 13:54:26,336 INFO c.h.h.t.HelmChartContainer - [K3S] [apis.go:106] API group "internal.apiserver.k8s.io" is not enabled, skipping.
2025-01-29 13:54:26,385 INFO c.h.h.t.HelmChartContainer - [K3S] [apis.go:106] API group "storagemigration.k8s.io" is not enabled, skipping.
2025-01-29 13:54:26,409 INFO c.h.h.t.HelmChartContainer - [K3S] [apis.go:106] API group "resource.k8s.io" is not enabled, skipping.
2025-01-29 13:54:26,610 INFO c.h.h.t.HelmChartContainer - [K3S] [INFO] Password verified locally for node b2f104d21a5d
2025-01-29 13:54:26,723 INFO c.h.h.t.HelmChartContainer - [K3S] [dynamic_cafile_content.go:161] "Starting controller" name="request-header::/var/lib/rancher/k3s/server/tls/request-header-ca.crt"
2025-01-29 13:54:26,724 INFO c.h.h.t.HelmChartContainer - [K3S] [dynamic_cafile_content.go:161] "Starting controller" name="client-ca-bundle::/var/lib/rancher/k3s/server/tls/client-ca.crt"
2025-01-29 13:54:26,726 INFO c.h.h.t.HelmChartContainer - [K3S] [dynamic_serving_content.go:135] "Starting controller" name="serving-cert::/var/lib/rancher/k3s/server/tls/serving-kube-apiserver.crt::/var/lib/rancher/k3s/server/tls/serving-kube-apiserver.key"
2025-01-29 13:54:26,726 INFO c.h.h.t.HelmChartContainer - [K3S] [secure_serving.go:213] Serving securely on 127.0.0.1:6444
2025-01-29 13:54:26,726 INFO c.h.h.t.HelmChartContainer - [K3S] [tlsconfig.go:243] "Starting DynamicServingCertificateController"
2025-01-29 13:54:26,726 INFO c.h.h.t.HelmChartContainer - [K3S] [gc_controller.go:78] Starting apiserver lease garbage collector
2025-01-29 13:54:26,726 INFO c.h.h.t.HelmChartContainer - [K3S] [apf_controller.go:377] Starting API Priority and Fairness config controller
2025-01-29 13:54:26,727 INFO c.h.h.t.HelmChartContainer - [K3S] [remote_available_controller.go:411] Starting RemoteAvailability controller
2025-01-29 13:54:26,727 INFO c.h.h.t.HelmChartContainer - [K3S] [apiservice_controller.go:100] Starting APIServiceRegistrationController
2025-01-29 13:54:26,727 INFO c.h.h.t.HelmChartContainer - [K3S] [local_available_controller.go:156] Starting LocalAvailability controller
2025-01-29 13:54:26,727 INFO c.h.h.t.HelmChartContainer - [K3S] [aggregator.go:169] waiting for initial CRD sync...
2025-01-29 13:54:26,727 INFO c.h.h.t.HelmChartContainer - [K3S] [controller.go:78] Starting OpenAPI AggregationController
2025-01-29 13:54:26,727 INFO c.h.h.t.HelmChartContainer - [K3S] [controller.go:119] Starting legacy_token_tracking_controller
2025-01-29 13:54:26,727 INFO c.h.h.t.HelmChartContainer - [K3S] [cluster_authentication_trust_controller.go:462] Starting cluster_authentication_trust_controller controller
2025-01-29 13:54:26,727 INFO c.h.h.t.HelmChartContainer - [K3S] [system_namespaces_controller.go:66] Starting system namespaces controller
2025-01-29 13:54:26,727 INFO c.h.h.t.HelmChartContainer - [K3S] [customresource_discovery_controller.go:292] Starting DiscoveryController
2025-01-29 13:54:26,729 INFO c.h.h.t.HelmChartContainer - [K3S] [dynamic_serving_content.go:135] "Starting controller" name="aggregator-proxy-cert::/var/lib/rancher/k3s/server/tls/client-auth-proxy.crt::/var/lib/rancher/k3s/server/tls/client-auth-proxy.key"
2025-01-29 13:54:26,730 INFO c.h.h.t.HelmChartContainer - [K3S] [controller.go:80] Starting OpenAPI V3 AggregationController
2025-01-29 13:54:26,743 INFO c.h.h.t.HelmChartContainer - [K3S] [crdregistration_controller.go:114] Starting crd-autoregister controller
2025-01-29 13:54:26,746 INFO c.h.h.t.HelmChartContainer - [K3S] [controller.go:142] Starting OpenAPI controller
2025-01-29 13:54:26,746 INFO c.h.h.t.HelmChartContainer - [K3S] [controller.go:90] Starting OpenAPI V3 controller
2025-01-29 13:54:26,747 INFO c.h.h.t.HelmChartContainer - [K3S] [naming_controller.go:294] Starting NamingConditionController
2025-01-29 13:54:26,747 INFO c.h.h.t.HelmChartContainer - [K3S] [establishing_controller.go:81] Starting EstablishingController
2025-01-29 13:54:26,747 INFO c.h.h.t.HelmChartContainer - [K3S] [nonstructuralschema_controller.go:195] Starting NonStructuralSchemaConditionController
2025-01-29 13:54:26,747 INFO c.h.h.t.HelmChartContainer - [K3S] [apiapproval_controller.go:189] Starting KubernetesAPIApprovalPolicyConformantConditionController
2025-01-29 13:54:26,747 INFO c.h.h.t.HelmChartContainer - [K3S] [crd_finalizer.go:269] Starting CRDFinalizer
2025-01-29 13:54:26,748 INFO c.h.h.t.HelmChartContainer - [K3S] [dynamic_cafile_content.go:161] "Starting controller" name="client-ca-bundle::/var/lib/rancher/k3s/server/tls/client-ca.crt"
2025-01-29 13:54:26,748 INFO c.h.h.t.HelmChartContainer - [K3S] [dynamic_cafile_content.go:161] "Starting controller" name="request-header::/var/lib/rancher/k3s/server/tls/request-header-ca.crt"
2025-01-29 13:54:26,774 INFO c.h.h.t.HelmChartContainer - [K3S] [policy_source.go:240] refreshing policies
2025-01-29 13:54:26,825 INFO c.h.h.t.HelmChartContainer - [K3S] [apf_controller.go:382] Running API Priority and Fairness config worker
2025-01-29 13:54:26,825 INFO c.h.h.t.HelmChartContainer - [K3S] [apf_controller.go:385] Running API Priority and Fairness periodic rebalancing process
2025-01-29 13:54:26,825 INFO c.h.h.t.HelmChartContainer - [K3S] [handler_discovery.go:451] Starting ResourceDiscoveryManager
2025-01-29 13:54:26,843 INFO c.h.h.t.HelmChartContainer - [K3S] [aggregator.go:171] initial CRD sync complete...
2025-01-29 13:54:26,847 INFO c.h.h.t.HelmChartContainer - [K3S] [autoregister_controller.go:144] Starting autoregister controller
2025-01-29 13:54:26,886 INFO c.h.h.t.HelmChartContainer - [K3S] [controller.go:95] Unable to perform initial Kubernetes service initialization: namespaces "default" not found
2025-01-29 13:54:27,118 INFO c.h.h.t.HelmChartContainer - [K3S] [WARNING] Host resolv.conf includes loopback or multicast nameservers - kubelet will use autogenerated resolv.conf with nameserver 8.8.8.8
2025-01-29 13:54:27,127 INFO c.h.h.t.HelmChartContainer - [K3S] [INFO] Module overlay was already loaded
2025-01-29 13:54:27,128 INFO c.h.h.t.HelmChartContainer - [K3S] [INFO] Module nf_conntrack was already loaded
2025-01-29 13:54:27,128 INFO c.h.h.t.HelmChartContainer - [K3S] [INFO] Module br_netfilter was already loaded
2025-01-29 13:54:27,133 INFO c.h.h.t.HelmChartContainer - [K3S] [INFO] Set sysctl 'net/netfilter/nf_conntrack_tcp_timeout_close_wait' to 3600
2025-01-29 13:54:27,134 INFO c.h.h.t.HelmChartContainer - [K3S] [INFO] Set sysctl 'net/netfilter/nf_conntrack_max' to 131072
2025-01-29 13:54:27,135 INFO c.h.h.t.HelmChartContainer - [K3S] [INFO] Set sysctl 'net/netfilter/nf_conntrack_tcp_timeout_established' to 86400
2025-01-29 13:54:27,136 INFO c.h.h.t.HelmChartContainer - [K3S] [INFO] Logging containerd to /var/lib/rancher/k3s/agent/containerd/containerd.log
2025-01-29 13:54:27,137 INFO c.h.h.t.HelmChartContainer - [K3S] [INFO] Running containerd -c /var/lib/rancher/k3s/agent/etc/containerd/config.toml -a /run/k3s/containerd/containerd.sock --state /run/k3s/containerd --root /var/lib/rancher/k3s/agent/containerd
2025-01-29 13:54:27,729 INFO c.h.h.t.HelmChartContainer - [K3S] [storage_scheduling.go:95] created PriorityClass system-node-critical with value 2000001000
2025-01-29 13:54:27,732 INFO c.h.h.t.HelmChartContainer - [K3S] [storage_scheduling.go:95] created PriorityClass system-cluster-critical with value 2000000000
2025-01-29 13:54:27,732 INFO c.h.h.t.HelmChartContainer - [K3S] [storage_scheduling.go:111] all system priority classes are created successfully or already exist.
2025-01-29 13:54:28,092 INFO c.h.h.t.HelmChartContainer - [K3S] [alloc.go:330] "allocated clusterIPs" service="default/kubernetes" clusterIPs={"IPv4":"10.43.0.1"}
2025-01-29 13:54:28,096 INFO c.h.h.t.HelmChartContainer - [K3S] [lease.go:265] Resetting endpoints for master service "kubernetes" to [172.18.0.2]
2025-01-29 13:54:28,139 INFO c.h.h.t.HelmChartContainer - [K3S] [INFO] containerd is now running
2025-01-29 13:54:28,143 INFO c.h.h.t.HelmChartContainer - [K3S] [INFO] Connecting to proxy" url="wss://127.0.0.1:6443/v1-k3s/connect
2025-01-29 13:54:28,144 INFO c.h.h.t.HelmChartContainer - [K3S] [INFO] Creating k3s-cert-monitor event broadcaster
2025-01-29 13:54:28,146 INFO c.h.h.t.HelmChartContainer - [K3S] [INFO] Handling backend connection request [b2f104d21a5d]
2025-01-29 13:54:28,147 INFO c.h.h.t.HelmChartContainer - [K3S] [INFO] Remotedialer connected to proxy" url="wss://127.0.0.1:6443/v1-k3s/connect
2025-01-29 13:54:28,148 INFO c.h.h.t.HelmChartContainer - [K3S] [INFO] Running kubelet --cloud-provider=external --config-dir=/var/lib/rancher/k3s/agent/etc/kubelet.conf.d --containerd=/run/k3s/containerd/containerd.sock --hostname-override=b2f104d21a5d --kubeconfig=/var/lib/rancher/k3s/agent/kubelet.kubeconfig --node-ip=172.18.0.2 --node-labels=
2025-01-29 13:54:28,155 INFO c.h.h.t.HelmChartContainer - [K3S] Flag --containerd has been deprecated, This is a cadvisor flag that was mistakenly registered with the Kubelet. Due to legacy concerns, it will follow the standard CLI deprecation timeline before being removed.
2025-01-29 13:54:28,158 INFO c.h.h.t.HelmChartContainer - [K3S] [server.go:515] "Kubelet version" kubeletVersion="v1.32.1+k3s1"
2025-01-29 13:54:28,158 INFO c.h.h.t.HelmChartContainer - [K3S] [server.go:517] "Golang settings" GOGC="" GOMAXPROCS="" GOTRACEBACK=""
2025-01-29 13:54:28,160 INFO c.h.h.t.HelmChartContainer - [K3S] [dynamic_cafile_content.go:161] "Starting controller" name="client-ca-bundle::/var/lib/rancher/k3s/agent/client-ca.crt"
2025-01-29 13:54:28,162 INFO c.h.h.t.HelmChartContainer - [K3S] [log.go:32] "RuntimeConfig from runtime service failed" err="rpc error: code = Unimplemented desc = method RuntimeConfig not implemented"
2025-01-29 13:54:28,162 INFO c.h.h.t.HelmChartContainer - [K3S] [server.go:1416] "CRI implementation should be updated to support RuntimeConfig when KubeletCgroupDriverFromCRI feature gate has been enabled. Falling back to using cgroupDriver from kubelet config."
2025-01-29 13:54:28,166 INFO c.h.h.t.HelmChartContainer - [K3S] [info.go:53] Couldn't collect info from any of the files in "/etc/machine-id,/var/lib/dbus/machine-id"
2025-01-29 13:54:28,166 INFO c.h.h.t.HelmChartContainer - [K3S] [server.go:767] "--cgroups-per-qos enabled, but --cgroup-root was not specified.  defaulting to /"
2025-01-29 13:54:28,170 INFO c.h.h.t.HelmChartContainer - [K3S] [server.go:836] "NoSwap is set due to memorySwapBehavior not specified" memorySwapBehavior="" FailSwapOn=false
2025-01-29 13:54:28,170 INFO c.h.h.t.HelmChartContainer - [K3S] [swap_util.go:115] "Swap is on" /proc/swaps contents=<
2025-01-29 13:54:28,170 INFO c.h.h.t.HelmChartContainer - [K3S] 	Filename				Type		Size		Used		Priority
2025-01-29 13:54:28,170 INFO c.h.h.t.HelmChartContainer - [K3S] 	/mnt/swapfile                           file		4194300		0		-2
2025-01-29 13:54:28,170 INFO c.h.h.t.HelmChartContainer - [K3S]  >
2025-01-29 13:54:28,170 INFO c.h.h.t.HelmChartContainer - [K3S] [container_manager_linux.go:268] "Container manager verified user specified cgroup-root exists" cgroupRoot=[]
2025-01-29 13:54:28,170 INFO c.h.h.t.HelmChartContainer - [K3S] [container_manager_linux.go:273] "Creating Container Manager object based on Node Config" nodeConfig={"NodeName":"b2f104d21a5d","RuntimeCgroupsName":"","SystemCgroupsName":"","KubeletCgroupsName":"/k3s","KubeletOOMScoreAdj":-999,"ContainerRuntime":"","CgroupsPerQOS":true,"CgroupRoot":"/","CgroupDriver":"cgroupfs","KubeletRootDir":"/var/lib/kubelet","ProtectKernelDefaults":false,"KubeReservedCgroupName":"","SystemReservedCgroupName":"","ReservedSystemCPUs":{},"EnforceNodeAllocatable":{"pods":{}},"KubeReserved":null,"SystemReserved":null,"HardEvictionThresholds":[{"Signal":"imagefs.available","Operator":"LessThan","Value":{"Quantity":null,"Percentage":0.05},"GracePeriod":0,"MinReclaim":null},{"Signal":"nodefs.available","Operator":"LessThan","Value":{"Quantity":null,"Percentage":0.05},"GracePeriod":0,"MinReclaim":null}],"QOSReserved":{},"CPUManagerPolicy":"none","CPUManagerPolicyOptions":null,"TopologyManagerScope":"container","CPUManagerReconcilePeriod":10000000000,"ExperimentalMemoryManagerPolicy":"None","ExperimentalMemoryManagerReservedMemory":null,"PodPidsLimit":-1,"EnforceCPULimits":true,"CPUCFSQuotaPeriod":100000000,"TopologyManagerPolicy":"none","TopologyManagerPolicyOptions":null,"CgroupVersion":2}
2025-01-29 13:54:28,170 INFO c.h.h.t.HelmChartContainer - [K3S] [topology_manager.go:138] "Creating topology manager with none policy"
2025-01-29 13:54:28,170 INFO c.h.h.t.HelmChartContainer - [K3S] [container_manager_linux.go:304] "Creating device plugin manager"
2025-01-29 13:54:28,170 INFO c.h.h.t.HelmChartContainer - [K3S] [state_mem.go:36] "Initialized new in-memory state store"
2025-01-29 13:54:28,170 INFO c.h.h.t.HelmChartContainer - [K3S] [kubelet.go:446] "Attempting to sync node with API server"
2025-01-29 13:54:28,170 INFO c.h.h.t.HelmChartContainer - [K3S] [kubelet.go:341] "Adding static pod path" path="/var/lib/rancher/k3s/agent/pod-manifests"
2025-01-29 13:54:28,170 INFO c.h.h.t.HelmChartContainer - [K3S] [kubelet.go:352] "Adding apiserver pod source"
2025-01-29 13:54:28,170 INFO c.h.h.t.HelmChartContainer - [K3S] [apiserver.go:42] "Waiting for node sync before watching apiserver pods"
2025-01-29 13:54:28,171 INFO c.h.h.t.HelmChartContainer - [K3S] [kuberuntime_manager.go:269] "Container runtime initialized" containerRuntime="containerd" version="v1.7.23-k3s2" apiVersion="v1"
2025-01-29 13:54:28,171 INFO c.h.h.t.HelmChartContainer - [K3S] [kubelet.go:890] "Not starting ClusterTrustBundle informer because we are in static kubelet mode"
2025-01-29 13:54:28,171 INFO c.h.h.t.HelmChartContainer - [K3S] [probe.go:272] Flexvolume plugin directory at /usr/libexec/kubernetes/kubelet-plugins/volume/exec/ does not exist. Recreating.
2025-01-29 13:54:28,171 INFO c.h.h.t.HelmChartContainer - [K3S] [watchdog_linux.go:99] "Systemd watchdog is not enabled"
2025-01-29 13:54:28,171 INFO c.h.h.t.HelmChartContainer - [K3S] [server.go:1282] "Started kubelet"
2025-01-29 13:54:28,172 INFO c.h.h.t.HelmChartContainer - [K3S] [ratelimit.go:55] "Setting rate limiting for endpoint" service="podresources" qps=100 burstTokens=10
2025-01-29 13:54:28,172 INFO c.h.h.t.HelmChartContainer - [K3S] [server.go:243] "Starting to serve the podresources API" endpoint="unix:/var/lib/kubelet/pod-resources/kubelet.sock"
2025-01-29 13:54:28,172 INFO c.h.h.t.HelmChartContainer - [K3S] [server.go:169] "Starting to listen" address="0.0.0.0" port=10250
2025-01-29 13:54:28,172 INFO c.h.h.t.HelmChartContainer - [K3S] [fs_resource_analyzer.go:67] "Starting FS ResourceAnalyzer"
2025-01-29 13:54:28,175 INFO c.h.h.t.HelmChartContainer - [K3S] [server.go:490] "Adding debug handlers to kubelet server"
2025-01-29 13:54:28,175 INFO c.h.h.t.HelmChartContainer - [K3S] [server.go:208] "Starting to listen read-only" address="0.0.0.0" port=10255
2025-01-29 13:54:28,175 INFO c.h.h.t.HelmChartContainer - [K3S] [dynamic_serving_content.go:135] "Starting controller" name="kubelet-server-cert-files::/var/lib/rancher/k3s/agent/serving-kubelet.crt::/var/lib/rancher/k3s/agent/serving-kubelet.key"
2025-01-29 13:54:28,182 INFO c.h.h.t.HelmChartContainer - [K3S] [kubelet.go:1561] "Image garbage collection failed once. Stats initialization may not have completed yet" err="invalid capacity 0 on image filesystem"
2025-01-29 13:54:28,184 INFO c.h.h.t.HelmChartContainer - [K3S] [kubelet_node_status.go:467] "Error getting the current node from lister" err="node \"b2f104d21a5d\" not found"
2025-01-29 13:54:28,184 INFO c.h.h.t.HelmChartContainer - [K3S] [volume_manager.go:297] "Starting Kubelet Volume Manager"
2025-01-29 13:54:28,185 INFO c.h.h.t.HelmChartContainer - [K3S] [desired_state_of_world_populator.go:149] "Desired state populator starts to run"
2025-01-29 13:54:28,186 INFO c.h.h.t.HelmChartContainer - [K3S] [reconciler.go:26] "Reconciler: start to sync state"
2025-01-29 13:54:28,189 INFO c.h.h.t.HelmChartContainer - [K3S] [factory.go:221] Registration of the containerd container factory successfully
2025-01-29 13:54:28,189 INFO c.h.h.t.HelmChartContainer - [K3S] [factory.go:221] Registration of the systemd container factory successfully
2025-01-29 13:54:28,189 INFO c.h.h.t.HelmChartContainer - [K3S] [factory.go:219] Registration of the crio container factory failed: Get "http://%2Fvar%2Frun%2Fcrio%2Fcrio.sock/info": dial unix /var/run/crio/crio.sock: connect: no such file or directory
2025-01-29 13:54:28,197 INFO c.h.h.t.HelmChartContainer - [K3S] [nodelease.go:49] "Failed to get node when trying to set owner ref to the node lease" err="nodes \"b2f104d21a5d\" not found" node="b2f104d21a5d"
2025-01-29 13:54:28,204 INFO c.h.h.t.HelmChartContainer - [K3S] [kubelet_network_linux.go:50] "Initialized iptables rules." protocol="IPv4"
2025-01-29 13:54:28,204 INFO c.h.h.t.HelmChartContainer - [K3S] [kubelet_network_linux.go:50] "Initialized iptables rules." protocol="IPv6"
2025-01-29 13:54:28,204 INFO c.h.h.t.HelmChartContainer - [K3S] [status_manager.go:227] "Starting to sync pod status with apiserver"
2025-01-29 13:54:28,204 INFO c.h.h.t.HelmChartContainer - [K3S] [watchdog_linux.go:127] "Systemd watchdog is not enabled or the interval is invalid, so health checking will not be started."
2025-01-29 13:54:28,204 INFO c.h.h.t.HelmChartContainer - [K3S] [kubelet.go:2388] "Starting kubelet main sync loop"
2025-01-29 13:54:28,204 INFO c.h.h.t.HelmChartContainer - [K3S] [kubelet.go:2412] "Skipping pod synchronization" err="[container runtime status check may not have completed yet, PLEG is not healthy: pleg has yet to be successful]"
2025-01-29 13:54:28,237 INFO c.h.h.t.HelmChartContainer - [K3S] [cpu_manager.go:221] "Starting CPU manager" policy="none"
2025-01-29 13:54:28,239 INFO c.h.h.t.HelmChartContainer - [K3S] [cpu_manager.go:222] "Reconciling" reconcilePeriod="10s"
2025-01-29 13:54:28,240 INFO c.h.h.t.HelmChartContainer - [K3S] [state_mem.go:36] "Initialized new in-memory state store"
2025-01-29 13:54:28,240 INFO c.h.h.t.HelmChartContainer - [K3S] [policy_none.go:49] "None policy: Start"
2025-01-29 13:54:28,241 INFO c.h.h.t.HelmChartContainer - [K3S] [memory_manager.go:186] "Starting memorymanager" policy="None"
2025-01-29 13:54:28,241 INFO c.h.h.t.HelmChartContainer - [K3S] [state_mem.go:35] "Initializing new in-memory state store"
2025-01-29 13:54:28,245 INFO c.h.h.t.HelmChartContainer - [K3S] [manager.go:519] "Failed to read data from checkpoint" checkpoint="kubelet_internal_checkpoint" err="checkpoint is not found"
2025-01-29 13:54:28,245 INFO c.h.h.t.HelmChartContainer - [K3S] [eviction_manager.go:189] "Eviction manager: starting control loop"
2025-01-29 13:54:28,245 INFO c.h.h.t.HelmChartContainer - [K3S] [container_log_manager.go:189] "Initializing container log rotate workers" workers=1 monitorPeriod="10s"
2025-01-29 13:54:28,246 INFO c.h.h.t.HelmChartContainer - [K3S] [plugin_manager.go:118] "Starting Kubelet Plugin Manager"
2025-01-29 13:54:28,250 INFO c.h.h.t.HelmChartContainer - [K3S] [eviction_manager.go:267] "eviction manager: failed to check if we have separate container filesystem. Ignoring." err="no imagefs label for configured runtime"
2025-01-29 13:54:28,251 INFO c.h.h.t.HelmChartContainer - [K3S] [eviction_manager.go:292] "Eviction manager: failed to get summary stats" err="failed to get node info: node \"b2f104d21a5d\" not found"
2025-01-29 13:54:28,284 INFO c.h.h.t.HelmChartContainer - [K3S] [ERROR] Sending HTTP/1.1 503 response to 127.0.0.1:39524: runtime core not ready
2025-01-29 13:54:28,348 INFO c.h.h.t.HelmChartContainer - [K3S] [kubelet_node_status.go:76] "Attempting to register node" node="b2f104d21a5d"
2025-01-29 13:54:28,353 INFO c.h.h.t.HelmChartContainer - [K3S] [kubelet_node_status.go:79] "Successfully registered node" node="b2f104d21a5d"
2025-01-29 13:54:28,360 INFO c.h.h.t.HelmChartContainer - [K3S] [INFO] Annotations and labels have been set successfully on node: b2f104d21a5d
2025-01-29 13:54:28,360 INFO c.h.h.t.HelmChartContainer - [K3S] [INFO] Starting flannel with backend vxlan
2025-01-29 13:54:28,418 INFO c.h.h.t.HelmChartContainer - [K3S] [INFO] Running kube-proxy --cluster-cidr=10.42.0.0/16 --conntrack-max-per-core=0 --conntrack-tcp-timeout-close-wait=0s --conntrack-tcp-timeout-established=0s --healthz-bind-address=127.0.0.1 --hostname-override=b2f104d21a5d --kubeconfig=/var/lib/rancher/k3s/agent/kubeproxy.kubeconfig --proxy-mode=iptables
2025-01-29 13:54:28,456 INFO c.h.h.t.HelmChartContainer - [K3S] [server.go:698] "Successfully retrieved node IP(s)" IPs=["172.18.0.2"]
2025-01-29 13:54:28,456 INFO c.h.h.t.HelmChartContainer - [K3S] [server.go:234] "Kube-proxy configuration may be incomplete or incorrect" err="nodePortAddresses is unset; NodePort connections will be accepted on all local IPs. Consider using `--nodeport-addresses primary`"
2025-01-29 13:54:28,459 INFO c.h.h.t.HelmChartContainer - [K3S] [server.go:243] "kube-proxy running in dual-stack mode" primary ipFamily="IPv4"
2025-01-29 13:54:28,459 INFO c.h.h.t.HelmChartContainer - [K3S] [server_linux.go:170] "Using iptables Proxier"
2025-01-29 13:54:28,460 INFO c.h.h.t.HelmChartContainer - [K3S] [proxier.go:255] "Setting route_localnet=1 to allow node-ports on localhost; to change this either disable iptables.localhostNodePorts (--iptables-localhost-nodeports) or set nodePortAddresses (--nodeport-addresses) to filter loopback addresses"
2025-01-29 13:54:28,465 INFO c.h.h.t.HelmChartContainer - [K3S] [server.go:497] "Version info" version="v1.32.1+k3s1"
2025-01-29 13:54:28,465 INFO c.h.h.t.HelmChartContainer - [K3S] [server.go:499] "Golang settings" GOGC="" GOMAXPROCS="" GOTRACEBACK=""
2025-01-29 13:54:28,467 INFO c.h.h.t.HelmChartContainer - [K3S] [config.go:199] "Starting service config controller"
2025-01-29 13:54:28,468 INFO c.h.h.t.HelmChartContainer - [K3S] [config.go:105] "Starting endpoint slice config controller"
2025-01-29 13:54:28,468 INFO c.h.h.t.HelmChartContainer - [K3S] [config.go:329] "Starting node config controller"
2025-01-29 13:54:28,560 INFO c.h.h.t.HelmChartContainer - [K3S] [kubelet_node_status.go:502] "Fast updating node status as it just became ready"
2025-01-29 13:54:28,996 INFO c.h.h.t.HelmChartContainer - [K3S] [INFO] Waiting for untainted node
2025-01-29 13:54:28,997 INFO c.h.h.t.HelmChartContainer - [K3S] [INFO] Waiting for cloud-controller-manager privileges to become available
2025-01-29 13:54:28,999 INFO c.h.h.t.HelmChartContainer - [K3S] [INFO] Creating k3s-supervisor event broadcaster
2025-01-29 13:54:29,000 INFO c.h.h.t.HelmChartContainer - [K3S] [INFO] Kube API server is now running
2025-01-29 13:54:29,000 INFO c.h.h.t.HelmChartContainer - [K3S] [INFO] ETCD server is now running
2025-01-29 13:54:29,000 INFO c.h.h.t.HelmChartContainer - [K3S] [INFO] k3s is up and running
2025-01-29 13:54:29,005 INFO c.h.h.t.HelmChartContainer - [K3S] [INFO] Applying CRD addons.k3s.cattle.io
2025-01-29 13:54:29,015 INFO c.h.h.t.HelmChartContainer - [K3S] [INFO] Applying CRD etcdsnapshotfiles.k3s.cattle.io
2025-01-29 13:54:29,028 INFO c.h.h.t.HelmChartContainer - [K3S] [INFO] Applying CRD helmcharts.helm.cattle.io
2025-01-29 13:54:29,048 INFO c.h.h.t.HelmChartContainer - [K3S] [INFO] Applying CRD helmchartconfigs.helm.cattle.io
2025-01-29 13:54:29,062 INFO c.h.h.t.HelmChartContainer - [K3S] [INFO] Waiting for CRD helmchartconfigs.helm.cattle.io to become available
2025-01-29 13:54:29,168 INFO c.h.h.t.HelmChartContainer - [K3S] [apiserver.go:52] "Watching apiserver"
2025-01-29 13:54:29,182 INFO c.h.h.t.HelmChartContainer - [K3S] [desired_state_of_world_populator.go:157] "Finished populating initial desired state of world"
2025-01-29 13:54:29,510 INFO c.h.h.t.HelmChartContainer - [K3S] [serving.go:392] Generated self-signed cert in-memory
2025-01-29 13:54:29,566 INFO c.h.h.t.HelmChartContainer - [K3S] [INFO] Done waiting for CRD helmchartconfigs.helm.cattle.io to become available
2025-01-29 13:54:29,566 INFO c.h.h.t.HelmChartContainer - [K3S] [INFO] Waiting for CRD helmcharts.helm.cattle.io to become available
2025-01-29 13:54:29,948 INFO c.h.h.t.HelmChartContainer - [K3S] [controllermanager.go:185] "Starting" version="v1.32.1+k3s1"
2025-01-29 13:54:29,949 INFO c.h.h.t.HelmChartContainer - [K3S] [controllermanager.go:187] "Golang settings" GOGC="" GOMAXPROCS="" GOTRACEBACK=""
2025-01-29 13:54:29,954 INFO c.h.h.t.HelmChartContainer - [K3S] [configmap_cafile_content.go:205] "Starting controller" name="client-ca::kube-system::extension-apiserver-authentication::client-ca-file"
2025-01-29 13:54:29,954 INFO c.h.h.t.HelmChartContainer - [K3S] [configmap_cafile_content.go:205] "Starting controller" name="client-ca::kube-system::extension-apiserver-authentication::requestheader-client-ca-file"
2025-01-29 13:54:29,954 INFO c.h.h.t.HelmChartContainer - [K3S] [requestheader_controller.go:180] Starting RequestHeaderAuthRequestController
2025-01-29 13:54:29,955 INFO c.h.h.t.HelmChartContainer - [K3S] [secure_serving.go:213] Serving securely on 127.0.0.1:10257
2025-01-29 13:54:29,955 INFO c.h.h.t.HelmChartContainer - [K3S] [tlsconfig.go:243] "Starting DynamicServingCertificateController"
2025-01-29 13:54:29,956 INFO c.h.h.t.HelmChartContainer - [K3S] [controllermanager.go:765] "Started controller" controller="serviceaccount-token-controller"
2025-01-29 13:54:29,963 INFO c.h.h.t.HelmChartContainer - [K3S] [controllermanager.go:765] "Started controller" controller="taint-eviction-controller"
2025-01-29 13:54:29,963 INFO c.h.h.t.HelmChartContainer - [K3S] [taint_eviction.go:281] "Starting" controller="taint-eviction-controller"
2025-01-29 13:54:29,963 INFO c.h.h.t.HelmChartContainer - [K3S] [taint_eviction.go:287] "Sending events to api server"
2025-01-29 13:54:29,976 INFO c.h.h.t.HelmChartContainer - [K3S] [controllermanager.go:765] "Started controller" controller="namespace-controller"
2025-01-29 13:54:29,976 INFO c.h.h.t.HelmChartContainer - [K3S] [namespace_controller.go:202] "Starting namespace controller"
2025-01-29 13:54:29,982 INFO c.h.h.t.HelmChartContainer - [K3S] [controllermanager.go:765] "Started controller" controller="certificatesigningrequest-approving-controller"
2025-01-29 13:54:29,982 INFO c.h.h.t.HelmChartContainer - [K3S] [certificate_controller.go:120] "Starting certificate controller" name="csrapproving"
2025-01-29 13:54:29,984 INFO c.h.h.t.HelmChartContainer - [K3S] [controllermanager.go:765] "Started controller" controller="certificatesigningrequest-cleaner-controller"
2025-01-29 13:54:29,984 INFO c.h.h.t.HelmChartContainer - [K3S] [cleaner.go:83] "Starting CSR cleaner controller"
2025-01-29 13:54:29,993 INFO c.h.h.t.HelmChartContainer - [K3S] [range_allocator.go:112] "No Secondary Service CIDR provided. Skipping filtering out secondary service addresses"
2025-01-29 13:54:29,993 INFO c.h.h.t.HelmChartContainer - [K3S] [controllermanager.go:765] "Started controller" controller="node-ipam-controller"
2025-01-29 13:54:29,993 INFO c.h.h.t.HelmChartContainer - [K3S] [controllermanager.go:723] "Skipping a cloud provider controller" controller="service-lb-controller"
2025-01-29 13:54:29,993 INFO c.h.h.t.HelmChartContainer - [K3S] [node_ipam_controller.go:141] "Starting ipam controller"
2025-01-29 13:54:29,999 INFO c.h.h.t.HelmChartContainer - [K3S] [controllermanager.go:765] "Started controller" controller="persistentvolume-protection-controller"
2025-01-29 13:54:29,999 INFO c.h.h.t.HelmChartContainer - [K3S] [controllermanager.go:717] "Controller is disabled by a feature gate" controller="storageversion-garbage-collector-controller" requiredFeatureGates=["APIServerIdentity","StorageVersionAPI"]
2025-01-29 13:54:29,999 INFO c.h.h.t.HelmChartContainer - [K3S] [controllermanager.go:743] "Warning: skipping controller" controller="storage-version-migrator-controller"
2025-01-29 13:54:29,999 INFO c.h.h.t.HelmChartContainer - [K3S] [pv_protection_controller.go:81] "Starting PV protection controller"
2025-01-29 13:54:30,005 INFO c.h.h.t.HelmChartContainer - [K3S] [controllermanager.go:765] "Started controller" controller="endpointslice-controller"
2025-01-29 13:54:30,005 INFO c.h.h.t.HelmChartContainer - [K3S] [controllermanager.go:723] "Skipping a cloud provider controller" controller="node-route-controller"
2025-01-29 13:54:30,008 INFO c.h.h.t.HelmChartContainer - [K3S] [controllermanager.go:717] "Controller is disabled by a feature gate" controller="kube-apiserver-serving-clustertrustbundle-publisher-controller" requiredFeatureGates=["ClusterTrustBundle"]
2025-01-29 13:54:30,008 INFO c.h.h.t.HelmChartContainer - [K3S] [endpointslice_controller.go:281] "Starting endpoint slice controller"
2025-01-29 13:54:30,011 INFO c.h.h.t.HelmChartContainer - [K3S] [controllermanager.go:765] "Started controller" controller="ephemeral-volume-controller"
2025-01-29 13:54:30,012 INFO c.h.h.t.HelmChartContainer - [K3S] [controller.go:173] "Starting ephemeral volume controller"
2025-01-29 13:54:30,016 INFO c.h.h.t.HelmChartContainer - [K3S] [controllermanager.go:765] "Started controller" controller="replicaset-controller"
2025-01-29 13:54:30,016 INFO c.h.h.t.HelmChartContainer - [K3S] [replica_set.go:217] "Starting controller" name="replicaset"
2025-01-29 13:54:30,068 INFO c.h.h.t.HelmChartContainer - [K3S] [INFO] Done waiting for CRD helmcharts.helm.cattle.io to become available
2025-01-29 13:54:30,069 INFO c.h.h.t.HelmChartContainer - [K3S] [INFO] Writing static file: /var/lib/rancher/k3s/server/static/charts/traefik-27.0.201+up27.0.2.tgz
2025-01-29 13:54:30,069 INFO c.h.h.t.HelmChartContainer - [K3S] [INFO] Writing static file: /var/lib/rancher/k3s/server/static/charts/traefik-crd-27.0.201+up27.0.2.tgz
2025-01-29 13:54:30,070 INFO c.h.h.t.HelmChartContainer - [K3S] [INFO] Writing manifest: /var/lib/rancher/k3s/server/manifests/local-storage.yaml
2025-01-29 13:54:30,070 INFO c.h.h.t.HelmChartContainer - [K3S] [INFO] Writing manifest: /var/lib/rancher/k3s/server/manifests/metrics-server/aggregated-metrics-reader.yaml
2025-01-29 13:54:30,071 INFO c.h.h.t.HelmChartContainer - [K3S] [INFO] Writing manifest: /var/lib/rancher/k3s/server/manifests/metrics-server/auth-delegator.yaml
2025-01-29 13:54:30,071 INFO c.h.h.t.HelmChartContainer - [K3S] [INFO] Writing manifest: /var/lib/rancher/k3s/server/manifests/metrics-server/auth-reader.yaml
2025-01-29 13:54:30,071 INFO c.h.h.t.HelmChartContainer - [K3S] [INFO] Writing manifest: /var/lib/rancher/k3s/server/manifests/metrics-server/metrics-server-deployment.yaml
2025-01-29 13:54:30,071 INFO c.h.h.t.HelmChartContainer - [K3S] [INFO] Writing manifest: /var/lib/rancher/k3s/server/manifests/metrics-server/metrics-server-service.yaml
2025-01-29 13:54:30,071 INFO c.h.h.t.HelmChartContainer - [K3S] [INFO] Writing manifest: /var/lib/rancher/k3s/server/manifests/ccm.yaml
2025-01-29 13:54:30,071 INFO c.h.h.t.HelmChartContainer - [K3S] [INFO] Writing manifest: /var/lib/rancher/k3s/server/manifests/metrics-server/metrics-apiservice.yaml
2025-01-29 13:54:30,071 INFO c.h.h.t.HelmChartContainer - [K3S] [INFO] Writing manifest: /var/lib/rancher/k3s/server/manifests/metrics-server/resource-reader.yaml
2025-01-29 13:54:30,071 INFO c.h.h.t.HelmChartContainer - [K3S] [INFO] Writing manifest: /var/lib/rancher/k3s/server/manifests/rolebindings.yaml
2025-01-29 13:54:30,071 INFO c.h.h.t.HelmChartContainer - [K3S] [INFO] Writing manifest: /var/lib/rancher/k3s/server/manifests/runtimes.yaml
2025-01-29 13:54:30,071 INFO c.h.h.t.HelmChartContainer - [K3S] [INFO] Writing manifest: /var/lib/rancher/k3s/server/manifests/coredns.yaml
2025-01-29 13:54:30,073 INFO c.h.h.t.HelmChartContainer - [K3S] [INFO] Tunnel server egress proxy mode: agent
2025-01-29 13:54:30,073 INFO c.h.h.t.HelmChartContainer - [K3S] [INFO] Starting dynamiclistener CN filter node controller with SANs: [localhost 127.0.0.1 ::1 localhost b2f104d21a5d 172.18.0.2 10.43.0.1 kubernetes kubernetes.default kubernetes.default.svc kubernetes.default.svc.cluster.local]
2025-01-29 13:54:30,108 INFO c.h.h.t.HelmChartContainer - [K3S] [controllermanager.go:765] "Started controller" controller="horizontal-pod-autoscaler-controller"
2025-01-29 13:54:30,108 INFO c.h.h.t.HelmChartContainer - [K3S] [horizontal.go:201] "Starting HPA controller"
2025-01-29 13:54:30,176 INFO c.h.h.t.HelmChartContainer - [K3S] [INFO] Starting k3s.cattle.io/v1, Kind=Addon controller
2025-01-29 13:54:30,176 INFO c.h.h.t.HelmChartContainer - [K3S] [INFO] Creating deploy event broadcaster
2025-01-29 13:54:30,259 INFO c.h.h.t.HelmChartContainer - [K3S] [controllermanager.go:765] "Started controller" controller="cronjob-controller"
2025-01-29 13:54:30,259 INFO c.h.h.t.HelmChartContainer - [K3S] [cronjob_controllerv2.go:145] "Starting cronjob controller v2"
2025-01-29 13:54:30,280 INFO c.h.h.t.HelmChartContainer - [K3S] [INFO] Starting /v1, Kind=Node controller
2025-01-29 13:54:30,281 INFO c.h.h.t.HelmChartContainer - [K3S] [INFO] Creating helm-controller event broadcaster
2025-01-29 13:54:30,291 INFO c.h.h.t.HelmChartContainer - [K3S] [INFO] Labels and annotations have been set successfully on node: b2f104d21a5d
2025-01-29 13:54:30,296 INFO c.h.h.t.HelmChartContainer - [K3S] [INFO] Cluster dns configmap has been set successfully
2025-01-29 13:54:30,392 INFO c.h.h.t.HelmChartContainer - [K3S] [INFO] Starting helm.cattle.io/v1, Kind=HelmChart controller
2025-01-29 13:54:30,393 INFO c.h.h.t.HelmChartContainer - [K3S] [INFO] Starting helm.cattle.io/v1, Kind=HelmChartConfig controller
2025-01-29 13:54:30,396 INFO c.h.h.t.HelmChartContainer - [K3S] [INFO] Starting rbac.authorization.k8s.io/v1, Kind=ClusterRoleBinding controller
2025-01-29 13:54:30,399 INFO c.h.h.t.HelmChartContainer - [K3S] [INFO] Starting batch/v1, Kind=Job controller
2025-01-29 13:54:30,399 INFO c.h.h.t.HelmChartContainer - [K3S] [INFO] Starting /v1, Kind=ConfigMap controller
2025-01-29 13:54:30,399 INFO c.h.h.t.HelmChartContainer - [K3S] [INFO] Starting /v1, Kind=ServiceAccount controller
2025-01-29 13:54:30,400 INFO c.h.h.t.HelmChartContainer - [K3S] [INFO] Starting /v1, Kind=Secret controller
2025-01-29 13:54:30,415 INFO c.h.h.t.HelmChartContainer - [K3S] [controllermanager.go:765] "Started controller" controller="persistentvolume-binder-controller"
2025-01-29 13:54:30,415 INFO c.h.h.t.HelmChartContainer - [K3S] [controllermanager.go:717] "Controller is disabled by a feature gate" controller="resourceclaim-controller" requiredFeatureGates=["DynamicResourceAllocation"]
2025-01-29 13:54:30,415 INFO c.h.h.t.HelmChartContainer - [K3S] [controllermanager.go:717] "Controller is disabled by a feature gate" controller="selinux-warning-controller" requiredFeatureGates=["SELinuxChangePolicy"]
2025-01-29 13:54:30,415 INFO c.h.h.t.HelmChartContainer - [K3S] [pv_controller_base.go:308] "Starting persistent volume controller"
2025-01-29 13:54:30,559 INFO c.h.h.t.HelmChartContainer - [K3S] [controllermanager.go:765] "Started controller" controller="endpoints-controller"
2025-01-29 13:54:30,559 INFO c.h.h.t.HelmChartContainer - [K3S] [endpoints_controller.go:182] "Starting endpoint controller"
2025-01-29 13:54:30,709 INFO c.h.h.t.HelmChartContainer - [K3S] [controllermanager.go:765] "Started controller" controller="replicationcontroller-controller"
2025-01-29 13:54:30,709 INFO c.h.h.t.HelmChartContainer - [K3S] [replica_set.go:217] "Starting controller" name="replicationcontroller"
2025-01-29 13:54:30,833 INFO c.h.h.t.HelmChartContainer - [K3S] [INFO] Updating TLS secret for kube-system/k3s-serving (count: 10): map[listener.cattle.io/cn-10.43.0.1:10.43.0.1 listener.cattle.io/cn-127.0.0.1:127.0.0.1 listener.cattle.io/cn-172.18.0.2:172.18.0.2 listener.cattle.io/cn-__1-f16284:::1 listener.cattle.io/cn-b2f104d21a5d:b2f104d21a5d listener.cattle.io/cn-kubernetes:kubernetes listener.cattle.io/cn-kubernetes.default:kubernetes.default listener.cattle.io/cn-kubernetes.default.svc:kubernetes.default.svc listener.cattle.io/cn-kubernetes.default.svc.cluster.local:kubernetes.default.svc.cluster.local listener.cattle.io/cn-localhost:localhost listener.cattle.io/fingerprint:SHA1=35CC1F2CB27B7EC239587689726B1B110617B83C]
2025-01-29 13:54:30,835 INFO c.h.h.t.HelmChartContainer - [K3S] [INFO] Active TLS secret kube-system/k3s-serving (ver=242) (count 10): map[listener.cattle.io/cn-10.43.0.1:10.43.0.1 listener.cattle.io/cn-127.0.0.1:127.0.0.1 listener.cattle.io/cn-172.18.0.2:172.18.0.2 listener.cattle.io/cn-__1-f16284:::1 listener.cattle.io/cn-b2f104d21a5d:b2f104d21a5d listener.cattle.io/cn-kubernetes:kubernetes listener.cattle.io/cn-kubernetes.default:kubernetes.default listener.cattle.io/cn-kubernetes.default.svc:kubernetes.default.svc listener.cattle.io/cn-kubernetes.default.svc.cluster.local:kubernetes.default.svc.cluster.local listener.cattle.io/cn-localhost:localhost listener.cattle.io/fingerprint:SHA1=35CC1F2CB27B7EC239587689726B1B110617B83C]
2025-01-29 13:54:30,859 INFO c.h.h.t.HelmChartContainer - [K3S] [controllermanager.go:765] "Started controller" controller="deployment-controller"
2025-01-29 13:54:30,859 INFO c.h.h.t.HelmChartContainer - [K3S] [deployment_controller.go:173] "Starting controller" controller="deployment"
2025-01-29 13:54:30,931 INFO c.h.h.t.HelmChartContainer - [K3S] [INFO] Updating TLS secret for kube-system/k3s-serving (count: 10): map[listener.cattle.io/cn-10.43.0.1:10.43.0.1 listener.cattle.io/cn-127.0.0.1:127.0.0.1 listener.cattle.io/cn-172.18.0.2:172.18.0.2 listener.cattle.io/cn-__1-f16284:::1 listener.cattle.io/cn-b2f104d21a5d:b2f104d21a5d listener.cattle.io/cn-kubernetes:kubernetes listener.cattle.io/cn-kubernetes.default:kubernetes.default listener.cattle.io/cn-kubernetes.default.svc:kubernetes.default.svc listener.cattle.io/cn-kubernetes.default.svc.cluster.local:kubernetes.default.svc.cluster.local listener.cattle.io/cn-localhost:localhost listener.cattle.io/fingerprint:SHA1=35CC1F2CB27B7EC239587689726B1B110617B83C]
2025-01-29 13:54:31,059 INFO c.h.h.t.HelmChartContainer - [K3S] [controllermanager.go:765] "Started controller" controller="disruption-controller"
2025-01-29 13:54:31,059 INFO c.h.h.t.HelmChartContainer - [K3S] [disruption.go:452] "Sending events to api server."
2025-01-29 13:54:31,059 INFO c.h.h.t.HelmChartContainer - [K3S] [disruption.go:463] "Starting disruption controller"
2025-01-29 13:54:31,208 INFO c.h.h.t.HelmChartContainer - [K3S] [controllermanager.go:765] "Started controller" controller="clusterrole-aggregation-controller"
2025-01-29 13:54:31,208 INFO c.h.h.t.HelmChartContainer - [K3S] [clusterroleaggregation_controller.go:194] "Starting ClusterRoleAggregator controller"
2025-01-29 13:54:31,359 INFO c.h.h.t.HelmChartContainer - [K3S] [controllermanager.go:765] "Started controller" controller="root-ca-certificate-publisher-controller"
2025-01-29 13:54:31,359 INFO c.h.h.t.HelmChartContainer - [K3S] [publisher.go:107] "Starting root CA cert publisher controller"
2025-01-29 13:54:31,509 INFO c.h.h.t.HelmChartContainer - [K3S] [controllermanager.go:765] "Started controller" controller="job-controller"
2025-01-29 13:54:31,509 INFO c.h.h.t.HelmChartContainer - [K3S] [job_controller.go:243] "Starting job controller"
2025-01-29 13:54:31,661 INFO c.h.h.t.HelmChartContainer - [K3S] [controllermanager.go:765] "Started controller" controller="ttl-controller"
2025-01-29 13:54:31,662 INFO c.h.h.t.HelmChartContainer - [K3S] [controllermanager.go:728] "Warning: controller is disabled" controller="bootstrap-signer-controller"
2025-01-29 13:54:31,662 INFO c.h.h.t.HelmChartContainer - [K3S] [ttl_controller.go:127] "Starting TTL controller"
2025-01-29 13:54:31,765 INFO c.h.h.t.HelmChartContainer - [K3S] [event.go:389] "Event occurred" object="b2f104d21a5d" fieldPath="" kind="Node" apiVersion="" type="Normal" reason="NodePasswordValidationComplete" message="Deferred node password secret validation complete"
2025-01-29 13:54:31,809 INFO c.h.h.t.HelmChartContainer - [K3S] [controllermanager.go:765] "Started controller" controller="persistentvolumeclaim-protection-controller"
2025-01-29 13:54:31,809 INFO c.h.h.t.HelmChartContainer - [K3S] [pvc_protection_controller.go:168] "Starting PVC protection controller"
2025-01-29 13:54:31,959 INFO c.h.h.t.HelmChartContainer - [K3S] [controllermanager.go:765] "Started controller" controller="ttl-after-finished-controller"
2025-01-29 13:54:31,960 INFO c.h.h.t.HelmChartContainer - [K3S] [ttlafterfinished_controller.go:112] "Starting TTL after finished controller"
2025-01-29 13:54:31,960 INFO c.h.h.t.HelmChartContainer - [K3S] [controllermanager.go:717] "Controller is disabled by a feature gate" controller="volumeattributesclass-protection-controller" requiredFeatureGates=["VolumeAttributesClass"]
2025-01-29 13:54:32,108 INFO c.h.h.t.HelmChartContainer - [K3S] [controllermanager.go:765] "Started controller" controller="pod-garbage-collector-controller"
2025-01-29 13:54:32,109 INFO c.h.h.t.HelmChartContainer - [K3S] [gc_controller.go:99] "Starting GC controller"
2025-01-29 13:54:32,181 INFO c.h.h.t.HelmChartContainer - [K3S] [event.go:389] "Event occurred" object="kube-system/ccm" fieldPath="" kind="Addon" apiVersion="k3s.cattle.io/v1" type="Normal" reason="ApplyingManifest" message="Applying manifest at \"/var/lib/rancher/k3s/server/manifests/ccm.yaml\""
2025-01-29 13:54:32,199 INFO c.h.h.t.HelmChartContainer - [K3S] [event.go:389] "Event occurred" object="kube-system/ccm" fieldPath="" kind="Addon" apiVersion="k3s.cattle.io/v1" type="Normal" reason="AppliedManifest" message="Applied manifest at \"/var/lib/rancher/k3s/server/manifests/ccm.yaml\""
2025-01-29 13:54:32,211 INFO c.h.h.t.HelmChartContainer - [K3S] [event.go:389] "Event occurred" object="kube-system/coredns" fieldPath="" kind="Addon" apiVersion="k3s.cattle.io/v1" type="Normal" reason="ApplyingManifest" message="Applying manifest at \"/var/lib/rancher/k3s/server/manifests/coredns.yaml\""
2025-01-29 13:54:32,312 INFO c.h.h.t.HelmChartContainer - [K3S] [alloc.go:330] "allocated clusterIPs" service="kube-system/kube-dns" clusterIPs={"IPv4":"10.43.0.10"}
2025-01-29 13:54:32,314 INFO c.h.h.t.HelmChartContainer - [K3S] [event.go:389] "Event occurred" object="kube-system/coredns" fieldPath="" kind="Addon" apiVersion="k3s.cattle.io/v1" type="Normal" reason="AppliedManifest" message="Applied manifest at \"/var/lib/rancher/k3s/server/manifests/coredns.yaml\""
2025-01-29 13:54:32,321 INFO c.h.h.t.HelmChartContainer - [K3S] [event.go:389] "Event occurred" object="kube-system/local-storage" fieldPath="" kind="Addon" apiVersion="k3s.cattle.io/v1" type="Normal" reason="ApplyingManifest" message="Applying manifest at \"/var/lib/rancher/k3s/server/manifests/local-storage.yaml\""
2025-01-29 13:54:32,416 INFO c.h.h.t.HelmChartContainer - [K3S] [event.go:389] "Event occurred" object="kube-system/local-storage" fieldPath="" kind="Addon" apiVersion="k3s.cattle.io/v1" type="Normal" reason="AppliedManifest" message="Applied manifest at \"/var/lib/rancher/k3s/server/manifests/local-storage.yaml\""
2025-01-29 13:54:32,418 INFO c.h.h.t.HelmChartContainer - [K3S] [controllermanager.go:765] "Started controller" controller="resourcequota-controller"
2025-01-29 13:54:32,418 INFO c.h.h.t.HelmChartContainer - [K3S] [resource_quota_controller.go:300] "Starting resource quota controller"
2025-01-29 13:54:32,424 INFO c.h.h.t.HelmChartContainer - [K3S] [event.go:389] "Event occurred" object="kube-system/aggregated-metrics-reader" fieldPath="" kind="Addon" apiVersion="k3s.cattle.io/v1" type="Normal" reason="ApplyingManifest" message="Applying manifest at \"/var/lib/rancher/k3s/server/manifests/metrics-server/aggregated-metrics-reader.yaml\""
2025-01-29 13:54:32,488 INFO c.h.h.t.HelmChartContainer - [K3S] [event.go:389] "Event occurred" object="kube-system/aggregated-metrics-reader" fieldPath="" kind="Addon" apiVersion="k3s.cattle.io/v1" type="Normal" reason="AppliedManifest" message="Applied manifest at \"/var/lib/rancher/k3s/server/manifests/metrics-server/aggregated-metrics-reader.yaml\""
2025-01-29 13:54:32,494 INFO c.h.h.t.HelmChartContainer - [K3S] [event.go:389] "Event occurred" object="kube-system/auth-delegator" fieldPath="" kind="Addon" apiVersion="k3s.cattle.io/v1" type="Normal" reason="ApplyingManifest" message="Applying manifest at \"/var/lib/rancher/k3s/server/manifests/metrics-server/auth-delegator.yaml\""
2025-01-29 13:54:32,500 INFO c.h.h.t.HelmChartContainer - [K3S] [event.go:389] "Event occurred" object="kube-system/auth-delegator" fieldPath="" kind="Addon" apiVersion="k3s.cattle.io/v1" type="Normal" reason="AppliedManifest" message="Applied manifest at \"/var/lib/rancher/k3s/server/manifests/metrics-server/auth-delegator.yaml\""
2025-01-29 13:54:32,505 INFO c.h.h.t.HelmChartContainer - [K3S] [event.go:389] "Event occurred" object="kube-system/auth-reader" fieldPath="" kind="Addon" apiVersion="k3s.cattle.io/v1" type="Normal" reason="ApplyingManifest" message="Applying manifest at \"/var/lib/rancher/k3s/server/manifests/metrics-server/auth-reader.yaml\""
2025-01-29 13:54:32,510 INFO c.h.h.t.HelmChartContainer - [K3S] [event.go:389] "Event occurred" object="kube-system/auth-reader" fieldPath="" kind="Addon" apiVersion="k3s.cattle.io/v1" type="Normal" reason="AppliedManifest" message="Applied manifest at \"/var/lib/rancher/k3s/server/manifests/metrics-server/auth-reader.yaml\""
2025-01-29 13:54:32,516 INFO c.h.h.t.HelmChartContainer - [K3S] [event.go:389] "Event occurred" object="kube-system/metrics-apiservice" fieldPath="" kind="Addon" apiVersion="k3s.cattle.io/v1" type="Normal" reason="ApplyingManifest" message="Applying manifest at \"/var/lib/rancher/k3s/server/manifests/metrics-server/metrics-apiservice.yaml\""
2025-01-29 13:54:32,523 INFO c.h.h.t.HelmChartContainer - [K3S] [event.go:389] "Event occurred" object="kube-system/metrics-apiservice" fieldPath="" kind="Addon" apiVersion="k3s.cattle.io/v1" type="Normal" reason="AppliedManifest" message="Applied manifest at \"/var/lib/rancher/k3s/server/manifests/metrics-server/metrics-apiservice.yaml\""
2025-01-29 13:54:32,527 INFO c.h.h.t.HelmChartContainer - [K3S] [handler_proxy.go:99] no RequestInfo found in the context
2025-01-29 13:54:32,527 INFO c.h.h.t.HelmChartContainer - [K3S] [controller.go:146] "Unhandled Error" err=<
2025-01-29 13:54:32,527 INFO c.h.h.t.HelmChartContainer - [K3S] 	, Header: map[Content-Type:[text/plain; charset=utf-8] X-Content-Type-Options:[nosniff]]
2025-01-29 13:54:32,527 INFO c.h.h.t.HelmChartContainer - [K3S]  >
2025-01-29 13:54:32,528 INFO c.h.h.t.HelmChartContainer - [K3S] [handler_proxy.go:143] error resolving kube-system/metrics-server: service "metrics-server" not found
2025-01-29 13:54:32,530 INFO c.h.h.t.HelmChartContainer - [K3S] [event.go:389] "Event occurred" object="kube-system/metrics-server-deployment" fieldPath="" kind="Addon" apiVersion="k3s.cattle.io/v1" type="Normal" reason="ApplyingManifest" message="Applying manifest at \"/var/lib/rancher/k3s/server/manifests/metrics-server/metrics-server-deployment.yaml\""
2025-01-29 13:54:32,540 INFO c.h.h.t.HelmChartContainer - [K3S] [event.go:389] "Event occurred" object="kube-system/metrics-server-deployment" fieldPath="" kind="Addon" apiVersion="k3s.cattle.io/v1" type="Normal" reason="AppliedManifest" message="Applied manifest at \"/var/lib/rancher/k3s/server/manifests/metrics-server/metrics-server-deployment.yaml\""
2025-01-29 13:54:32,546 INFO c.h.h.t.HelmChartContainer - [K3S] [event.go:389] "Event occurred" object="kube-system/metrics-server-service" fieldPath="" kind="Addon" apiVersion="k3s.cattle.io/v1" type="Normal" reason="ApplyingManifest" message="Applying manifest at \"/var/lib/rancher/k3s/server/manifests/metrics-server/metrics-server-service.yaml\""
2025-01-29 13:54:32,551 INFO c.h.h.t.HelmChartContainer - [K3S] [alloc.go:330] "allocated clusterIPs" service="kube-system/metrics-server" clusterIPs={"IPv4":"10.43.153.36"}
2025-01-29 13:54:32,553 INFO c.h.h.t.HelmChartContainer - [K3S] [event.go:389] "Event occurred" object="kube-system/metrics-server-service" fieldPath="" kind="Addon" apiVersion="k3s.cattle.io/v1" type="Normal" reason="AppliedManifest" message="Applied manifest at \"/var/lib/rancher/k3s/server/manifests/metrics-server/metrics-server-service.yaml\""
2025-01-29 13:54:32,559 INFO c.h.h.t.HelmChartContainer - [K3S] [handler_proxy.go:99] no RequestInfo found in the context
2025-01-29 13:54:32,559 INFO c.h.h.t.HelmChartContainer - [K3S] [controller.go:146] "Unhandled Error" err=<
2025-01-29 13:54:32,559 INFO c.h.h.t.HelmChartContainer - [K3S] 	, Header: map[Content-Type:[text/plain; charset=utf-8] X-Content-Type-Options:[nosniff]]
2025-01-29 13:54:32,559 INFO c.h.h.t.HelmChartContainer - [K3S]  >
2025-01-29 13:54:32,560 INFO c.h.h.t.HelmChartContainer - [K3S] [handler_proxy.go:143] error resolving kube-system/metrics-server: endpoints "metrics-server" not found
2025-01-29 13:54:32,565 INFO c.h.h.t.HelmChartContainer - [K3S] [controllermanager.go:765] "Started controller" controller="serviceaccount-controller"
2025-01-29 13:54:32,565 INFO c.h.h.t.HelmChartContainer - [K3S] [serviceaccounts_controller.go:114] "Starting service account controller"
2025-01-29 13:54:32,566 INFO c.h.h.t.HelmChartContainer - [K3S] [event.go:389] "Event occurred" object="kube-system/resource-reader" fieldPath="" kind="Addon" apiVersion="k3s.cattle.io/v1" type="Normal" reason="ApplyingManifest" message="Applying manifest at \"/var/lib/rancher/k3s/server/manifests/metrics-server/resource-reader.yaml\""
2025-01-29 13:54:32,599 INFO c.h.h.t.HelmChartContainer - [K3S] [event.go:389] "Event occurred" object="kube-system/resource-reader" fieldPath="" kind="Addon" apiVersion="k3s.cattle.io/v1" type="Normal" reason="AppliedManifest" message="Applied manifest at \"/var/lib/rancher/k3s/server/manifests/metrics-server/resource-reader.yaml\""
2025-01-29 13:54:32,606 INFO c.h.h.t.HelmChartContainer - [K3S] [event.go:389] "Event occurred" object="kube-system/rolebindings" fieldPath="" kind="Addon" apiVersion="k3s.cattle.io/v1" type="Normal" reason="ApplyingManifest" message="Applying manifest at \"/var/lib/rancher/k3s/server/manifests/rolebindings.yaml\""
2025-01-29 13:54:32,709 INFO c.h.h.t.HelmChartContainer - [K3S] [controllermanager.go:765] "Started controller" controller="statefulset-controller"
2025-01-29 13:54:32,709 INFO c.h.h.t.HelmChartContainer - [K3S] [stateful_set.go:166] "Starting stateful set controller"
2025-01-29 13:54:32,711 INFO c.h.h.t.HelmChartContainer - [K3S] [event.go:389] "Event occurred" object="kube-system/rolebindings" fieldPath="" kind="Addon" apiVersion="k3s.cattle.io/v1" type="Normal" reason="AppliedManifest" message="Applied manifest at \"/var/lib/rancher/k3s/server/manifests/rolebindings.yaml\""
2025-01-29 13:54:32,718 INFO c.h.h.t.HelmChartContainer - [K3S] [event.go:389] "Event occurred" object="kube-system/runtimes" fieldPath="" kind="Addon" apiVersion="k3s.cattle.io/v1" type="Normal" reason="ApplyingManifest" message="Applying manifest at \"/var/lib/rancher/k3s/server/manifests/runtimes.yaml\""
2025-01-29 13:54:32,740 INFO c.h.h.t.HelmChartContainer - [K3S] [event.go:389] "Event occurred" object="kube-system/runtimes" fieldPath="" kind="Addon" apiVersion="k3s.cattle.io/v1" type="Normal" reason="AppliedManifest" message="Applied manifest at \"/var/lib/rancher/k3s/server/manifests/runtimes.yaml\""
2025-01-29 13:54:32,759 INFO c.h.h.t.HelmChartContainer - [K3S] [node_lifecycle_controller.go:432] "Controller will reconcile labels"
2025-01-29 13:54:32,759 INFO c.h.h.t.HelmChartContainer - [K3S] [controllermanager.go:765] "Started controller" controller="node-lifecycle-controller"
2025-01-29 13:54:32,759 INFO c.h.h.t.HelmChartContainer - [K3S] [controllermanager.go:723] "Skipping a cloud provider controller" controller="cloud-node-lifecycle-controller"
2025-01-29 13:54:32,759 INFO c.h.h.t.HelmChartContainer - [K3S] [node_lifecycle_controller.go:466] "Sending events to api server"
2025-01-29 13:54:32,759 INFO c.h.h.t.HelmChartContainer - [K3S] [node_lifecycle_controller.go:477] "Starting node controller"
2025-01-29 13:54:33,008 INFO c.h.h.t.HelmChartContainer - [K3S] [graph_builder.go:351] "Running" component="GraphBuilder"
2025-01-29 13:54:33,009 INFO c.h.h.t.HelmChartContainer - [K3S] [controllermanager.go:765] "Started controller" controller="garbage-collector-controller"
2025-01-29 13:54:33,153 INFO c.h.h.t.HelmChartContainer - [K3S] [INFO] Tunnel authorizer set Kubelet Port 0.0.0.0:10250
2025-01-29 13:54:33,266 INFO c.h.h.t.HelmChartContainer - [K3S] [controllermanager.go:765] "Started controller" controller="token-cleaner-controller"
2025-01-29 13:54:33,266 INFO c.h.h.t.HelmChartContainer - [K3S] [tokencleaner.go:117] "Starting token cleaner controller"
2025-01-29 13:54:33,270 INFO c.h.h.t.HelmChartContainer - [K3S] [serving.go:392] Generated self-signed cert in-memory
2025-01-29 13:54:33,410 INFO c.h.h.t.HelmChartContainer - [K3S] [controllermanager.go:765] "Started controller" controller="persistentvolume-attach-detach-controller"
2025-01-29 13:54:33,410 INFO c.h.h.t.HelmChartContainer - [K3S] [attach_detach_controller.go:338] "Starting attach detach controller"
2025-01-29 13:54:33,523 INFO c.h.h.t.HelmChartContainer - [K3S] [handler_proxy.go:99] no RequestInfo found in the context
2025-01-29 13:54:33,523 INFO c.h.h.t.HelmChartContainer - [K3S] [handler_proxy.go:99] no RequestInfo found in the context
2025-01-29 13:54:33,523 INFO c.h.h.t.HelmChartContainer - [K3S] [controller.go:102] "Unhandled Error" err=<
2025-01-29 13:54:33,523 INFO c.h.h.t.HelmChartContainer - [K3S] 	, Header: map[Content-Type:[text/plain; charset=utf-8] X-Content-Type-Options:[nosniff]]
2025-01-29 13:54:33,523 INFO c.h.h.t.HelmChartContainer - [K3S]  >
2025-01-29 13:54:33,559 INFO c.h.h.t.HelmChartContainer - [K3S] [controllermanager.go:765] "Started controller" controller="persistentvolume-expander-controller"
2025-01-29 13:54:33,559 INFO c.h.h.t.HelmChartContainer - [K3S] [expand_controller.go:329] "Starting expand controller"
2025-01-29 13:54:33,737 INFO c.h.h.t.HelmChartContainer - [K3S] [serving.go:392] Generated self-signed cert in-memory
2025-01-29 13:54:33,759 INFO c.h.h.t.HelmChartContainer - [K3S] [controllermanager.go:765] "Started controller" controller="validatingadmissionpolicy-status-controller"
2025-01-29 13:54:33,909 INFO c.h.h.t.HelmChartContainer - [K3S] [controllermanager.go:765] "Started controller" controller="endpointslice-mirroring-controller"
2025-01-29 13:54:33,909 INFO c.h.h.t.HelmChartContainer - [K3S] [endpointslicemirroring_controller.go:227] "Starting EndpointSliceMirroring controller"
2025-01-29 13:54:34,059 INFO c.h.h.t.HelmChartContainer - [K3S] [controllermanager.go:765] "Started controller" controller="daemonset-controller"
2025-01-29 13:54:34,060 INFO c.h.h.t.HelmChartContainer - [K3S] [daemon_controller.go:294] "Starting daemon sets controller"
2025-01-29 13:54:34,109 INFO c.h.h.t.HelmChartContainer - [K3S] [certificate_controller.go:120] "Starting certificate controller" name="csrsigning-kubelet-serving"
2025-01-29 13:54:34,109 INFO c.h.h.t.HelmChartContainer - [K3S] [dynamic_serving_content.go:135] "Starting controller" name="csr-controller::/var/lib/rancher/k3s/server/tls/server-ca.nochain.crt::/var/lib/rancher/k3s/server/tls/server-ca.key"
2025-01-29 13:54:34,109 INFO c.h.h.t.HelmChartContainer - [K3S] [certificate_controller.go:120] "Starting certificate controller" name="csrsigning-kubelet-client"
2025-01-29 13:54:34,109 INFO c.h.h.t.HelmChartContainer - [K3S] [dynamic_serving_content.go:135] "Starting controller" name="csr-controller::/var/lib/rancher/k3s/server/tls/client-ca.nochain.crt::/var/lib/rancher/k3s/server/tls/client-ca.key"
2025-01-29 13:54:34,110 INFO c.h.h.t.HelmChartContainer - [K3S] [certificate_controller.go:120] "Starting certificate controller" name="csrsigning-kube-apiserver-client"
2025-01-29 13:54:34,110 INFO c.h.h.t.HelmChartContainer - [K3S] [dynamic_serving_content.go:135] "Starting controller" name="csr-controller::/var/lib/rancher/k3s/server/tls/client-ca.nochain.crt::/var/lib/rancher/k3s/server/tls/client-ca.key"
2025-01-29 13:54:34,110 INFO c.h.h.t.HelmChartContainer - [K3S] [controllermanager.go:765] "Started controller" controller="certificatesigningrequest-signing-controller"
2025-01-29 13:54:34,110 INFO c.h.h.t.HelmChartContainer - [K3S] [certificate_controller.go:120] "Starting certificate controller" name="csrsigning-legacy-unknown"
2025-01-29 13:54:34,110 INFO c.h.h.t.HelmChartContainer - [K3S] [dynamic_serving_content.go:135] "Starting controller" name="csr-controller::/var/lib/rancher/k3s/server/tls/server-ca.nochain.crt::/var/lib/rancher/k3s/server/tls/server-ca.key"
2025-01-29 13:54:34,119 INFO c.h.h.t.HelmChartContainer - [K3S] [controllermanager.go:160] Version: v1.32.1+k3s1
2025-01-29 13:54:34,122 INFO c.h.h.t.HelmChartContainer - [K3S] [requestheader_controller.go:180] Starting RequestHeaderAuthRequestController
2025-01-29 13:54:34,122 INFO c.h.h.t.HelmChartContainer - [K3S] [configmap_cafile_content.go:205] "Starting controller" name="client-ca::kube-system::extension-apiserver-authentication::client-ca-file"
2025-01-29 13:54:34,122 INFO c.h.h.t.HelmChartContainer - [K3S] [configmap_cafile_content.go:205] "Starting controller" name="client-ca::kube-system::extension-apiserver-authentication::requestheader-client-ca-file"
2025-01-29 13:54:34,122 INFO c.h.h.t.HelmChartContainer - [K3S] [secure_serving.go:213] Serving securely on 127.0.0.1:10258
2025-01-29 13:54:34,122 INFO c.h.h.t.HelmChartContainer - [K3S] [tlsconfig.go:243] "Starting DynamicServingCertificateController"
2025-01-29 13:54:34,126 INFO c.h.h.t.HelmChartContainer - [K3S] [INFO] Creating service-lb-controller event broadcaster
2025-01-29 13:54:34,153 INFO c.h.h.t.HelmChartContainer - [K3S] [INFO] Started tunnel to 172.18.0.2:6443
2025-01-29 13:54:34,153 INFO c.h.h.t.HelmChartContainer - [K3S] [INFO] Stopped tunnel to 127.0.0.1:6443
2025-01-29 13:54:34,153 INFO c.h.h.t.HelmChartContainer - [K3S] [INFO] Connecting to proxy" url="wss://172.18.0.2:6443/v1-k3s/connect
2025-01-29 13:54:34,153 INFO c.h.h.t.HelmChartContainer - [K3S] [INFO] Proxy done" err="context canceled" url="wss://127.0.0.1:6443/v1-k3s/connect
2025-01-29 13:54:34,153 INFO c.h.h.t.HelmChartContainer - [K3S] [INFO] error in remotedialer server [400]: websocket: close 1006 (abnormal closure): unexpected EOF
2025-01-29 13:54:34,155 INFO c.h.h.t.HelmChartContainer - [K3S] [INFO] Handling backend connection request [b2f104d21a5d]
2025-01-29 13:54:34,155 INFO c.h.h.t.HelmChartContainer - [K3S] [INFO] Remotedialer connected to proxy" url="wss://172.18.0.2:6443/v1-k3s/connect
2025-01-29 13:54:34,237 INFO c.h.h.t.HelmChartContainer - [K3S] [INFO] Starting /v1, Kind=Node controller
2025-01-29 13:54:34,240 INFO c.h.h.t.HelmChartContainer - [K3S] [INFO] Starting /v1, Kind=Pod controller
2025-01-29 13:54:34,242 INFO c.h.h.t.HelmChartContainer - [K3S] [INFO] Starting apps/v1, Kind=DaemonSet controller
2025-01-29 13:54:34,245 INFO c.h.h.t.HelmChartContainer - [K3S] [INFO] Starting discovery.k8s.io/v1, Kind=EndpointSlice controller
2025-01-29 13:54:34,245 INFO c.h.h.t.HelmChartContainer - [K3S] [controllermanager.go:329] Started "service-lb-controller"
2025-01-29 13:54:34,245 INFO c.h.h.t.HelmChartContainer - [K3S] [controllermanager.go:306] "node-route-controller" is disabled
2025-01-29 13:54:34,246 INFO c.h.h.t.HelmChartContainer - [K3S] [controllermanager.go:329] Started "cloud-node-controller"
2025-01-29 13:54:34,246 INFO c.h.h.t.HelmChartContainer - [K3S] [controller.go:234] Starting service controller
2025-01-29 13:54:34,246 INFO c.h.h.t.HelmChartContainer - [K3S] [controllermanager.go:329] Started "cloud-node-lifecycle-controller"
2025-01-29 13:54:34,246 INFO c.h.h.t.HelmChartContainer - [K3S] [node_controller.go:176] Sending events to api server.
2025-01-29 13:54:34,246 INFO c.h.h.t.HelmChartContainer - [K3S] [node_lifecycle_controller.go:112] Sending events to api server
2025-01-29 13:54:34,246 INFO c.h.h.t.HelmChartContainer - [K3S] [node_controller.go:185] Waiting for informer caches to sync
2025-01-29 13:54:34,258 INFO c.h.h.t.HelmChartContainer - [K3S] [controllermanager.go:765] "Started controller" controller="legacy-serviceaccount-token-cleaner-controller"
2025-01-29 13:54:34,258 INFO c.h.h.t.HelmChartContainer - [K3S] [controllermanager.go:717] "Controller is disabled by a feature gate" controller="service-cidr-controller" requiredFeatureGates=["MultiCIDRServiceAllocator"]
2025-01-29 13:54:34,259 INFO c.h.h.t.HelmChartContainer - [K3S] [legacy_serviceaccount_token_cleaner.go:103] "Starting legacy service account token cleaner controller"
2025-01-29 13:54:34,275 INFO c.h.h.t.HelmChartContainer - [K3S] [actual_state_of_world.go:541] "Failed to update statusUpdateNeeded field in actual state of world" err="Failed to set statusUpdateNeeded to needed true, because nodeName=\"b2f104d21a5d\" does not exist"
2025-01-29 13:54:34,293 INFO c.h.h.t.HelmChartContainer - [K3S] [range_allocator.go:177] "Sending events to api server"
2025-01-29 13:54:34,293 INFO c.h.h.t.HelmChartContainer - [K3S] [range_allocator.go:183] "Starting range CIDR allocator"
2025-01-29 13:54:34,296 INFO c.h.h.t.HelmChartContainer - [K3S] [range_allocator.go:428] "Set node PodCIDR" node="b2f104d21a5d" podCIDRs=["10.42.0.0/24"]
2025-01-29 13:54:34,297 INFO c.h.h.t.HelmChartContainer - [K3S] [range_allocator.go:247] "Successfully synced" key="b2f104d21a5d"
2025-01-29 13:54:34,297 INFO c.h.h.t.HelmChartContainer - [K3S] [INFO] Flannel found PodCIDR assigned for node b2f104d21a5d
2025-01-29 13:54:34,297 INFO c.h.h.t.HelmChartContainer - [K3S] [range_allocator.go:247] "Successfully synced" key="b2f104d21a5d"
2025-01-29 13:54:34,298 INFO c.h.h.t.HelmChartContainer - [K3S] [INFO] The interface eth0 with ipv4 address 172.18.0.2 will be used by flannel
2025-01-29 13:54:34,299 INFO c.h.h.t.HelmChartContainer - [K3S] [kube.go:139] Waiting 10m0s for node controller to sync
2025-01-29 13:54:34,299 INFO c.h.h.t.HelmChartContainer - [K3S] [kube.go:469] Starting kube subnet manager
2025-01-29 13:54:34,303 INFO c.h.h.t.HelmChartContainer - [K3S] [INFO] Updated coredns NodeHosts entry for b2f104d21a5d
2025-01-29 13:54:34,306 INFO c.h.h.t.HelmChartContainer - [K3S] [INFO] Network policy controller waiting for removal of node.cloudprovider.kubernetes.io/uninitialized taint
2025-01-29 13:54:34,347 INFO c.h.h.t.HelmChartContainer - [K3S] [node_controller.go:429] Initializing node b2f104d21a5d with cloud provider
2025-01-29 13:54:34,350 INFO c.h.h.t.HelmChartContainer - [K3S] [node_controller.go:474] Successfully initialized node b2f104d21a5d with cloud provider
2025-01-29 13:54:34,351 INFO c.h.h.t.HelmChartContainer - [K3S] [event.go:389] "Event occurred" object="b2f104d21a5d" fieldPath="" kind="Node" apiVersion="v1" type="Normal" reason="Synced" message="Node synced successfully"
2025-01-29 13:54:34,352 INFO c.h.h.t.HelmChartContainer - [K3S] [range_allocator.go:247] "Successfully synced" key="b2f104d21a5d"
2025-01-29 13:54:34,368 INFO c.h.h.t.HelmChartContainer - [K3S] [node_lifecycle_controller.go:1234] "Initializing eviction metric for zone" zone=""
2025-01-29 13:54:34,368 INFO c.h.h.t.HelmChartContainer - [K3S] [node_lifecycle_controller.go:886] "Missing timestamp for Node. Assuming now as a timestamp" node="b2f104d21a5d"
2025-01-29 13:54:34,368 INFO c.h.h.t.HelmChartContainer - [K3S] [node_lifecycle_controller.go:1080] "Controller detected that zone is now in new state" zone="" newState="Normal"
2025-01-29 13:54:34,379 INFO c.h.h.t.HelmChartContainer - [K3S] [range_allocator.go:247] "Successfully synced" key="b2f104d21a5d"
2025-01-29 13:54:34,616 INFO c.h.h.t.HelmChartContainer - [K3S] [serving.go:392] Generated self-signed cert in-memory
2025-01-29 13:54:34,864 INFO c.h.h.t.HelmChartContainer - [K3S] [range_allocator.go:247] "Successfully synced" key="b2f104d21a5d"
2025-01-29 13:54:34,920 INFO c.h.h.t.HelmChartContainer - [K3S] [server.go:164] "Starting Kubernetes Scheduler" version="v1.32.1+k3s1"
2025-01-29 13:54:34,920 INFO c.h.h.t.HelmChartContainer - [K3S] [server.go:166] "Golang settings" GOGC="" GOMAXPROCS="" GOTRACEBACK=""
2025-01-29 13:54:34,923 INFO c.h.h.t.HelmChartContainer - [K3S] [configmap_cafile_content.go:205] "Starting controller" name="client-ca::kube-system::extension-apiserver-authentication::requestheader-client-ca-file"
2025-01-29 13:54:34,923 INFO c.h.h.t.HelmChartContainer - [K3S] [requestheader_controller.go:180] Starting RequestHeaderAuthRequestController
2025-01-29 13:54:34,923 INFO c.h.h.t.HelmChartContainer - [K3S] [configmap_cafile_content.go:205] "Starting controller" name="client-ca::kube-system::extension-apiserver-authentication::client-ca-file"
2025-01-29 13:54:34,923 INFO c.h.h.t.HelmChartContainer - [K3S] [secure_serving.go:213] Serving securely on 127.0.0.1:10259
2025-01-29 13:54:34,926 INFO c.h.h.t.HelmChartContainer - [K3S] [tlsconfig.go:243] "Starting DynamicServingCertificateController"
2025-01-29 13:54:35,015 INFO c.h.h.t.HelmChartContainer - [K3S] [handler_proxy.go:99] no RequestInfo found in the context
2025-01-29 13:54:35,015 INFO c.h.h.t.HelmChartContainer - [K3S] [controller.go:146] "Unhandled Error" err=<
2025-01-29 13:54:35,015 INFO c.h.h.t.HelmChartContainer - [K3S] 	, Header: map[Content-Type:[text/plain; charset=utf-8] X-Content-Type-Options:[nosniff]]
2025-01-29 13:54:35,015 INFO c.h.h.t.HelmChartContainer - [K3S]  >
2025-01-29 13:54:35,016 INFO c.h.h.t.HelmChartContainer - [K3S] [handler_proxy.go:143] error resolving kube-system/metrics-server: no endpoints available for service "metrics-server"
2025-01-29 13:54:35,172 INFO c.h.h.t.HelmChartContainer - [K3S] [replica_set.go:679] "Finished syncing" kind="ReplicaSet" key="kube-system/metrics-server-8584b5786c" duration="356.16658ms"
2025-01-29 13:54:35,172 INFO c.h.h.t.HelmChartContainer - [K3S] [replica_set.go:679] "Finished syncing" kind="ReplicaSet" key="kube-system/local-path-provisioner-698b58967b" duration="356.630075ms"
2025-01-29 13:54:35,176 INFO c.h.h.t.HelmChartContainer - [K3S] [replica_set.go:679] "Finished syncing" kind="ReplicaSet" key="kube-system/coredns-ff8999cc5" duration="360.616852ms"
2025-01-29 13:54:35,186 INFO c.h.h.t.HelmChartContainer - [K3S] [reflector.go:569] object-"kube-system"/"coredns": failed to list *v1.ConfigMap: configmaps "coredns" is forbidden: User "system:node:b2f104d21a5d" cannot list resource "configmaps" in API group "" in the namespace "kube-system": no relationship found between node 'b2f104d21a5d' and this object
2025-01-29 13:54:35,186 INFO c.h.h.t.HelmChartContainer - [K3S] [reflector.go:166] "Unhandled Error" err="object-\"kube-system\"/\"coredns\": Failed to watch *v1.ConfigMap: failed to list *v1.ConfigMap: configmaps \"coredns\" is forbidden: User \"system:node:b2f104d21a5d\" cannot list resource \"configmaps\" in API group \"\" in the namespace \"kube-system\": no relationship found between node 'b2f104d21a5d' and this object"
2025-01-29 13:54:35,186 INFO c.h.h.t.HelmChartContainer - [K3S] [reflector.go:569] object-"kube-system"/"coredns-custom": failed to list *v1.ConfigMap: configmaps "coredns-custom" is forbidden: User "system:node:b2f104d21a5d" cannot list resource "configmaps" in API group "" in the namespace "kube-system": no relationship found between node 'b2f104d21a5d' and this object
2025-01-29 13:54:35,186 INFO c.h.h.t.HelmChartContainer - [K3S] [reflector.go:166] "Unhandled Error" err="object-\"kube-system\"/\"coredns-custom\": Failed to watch *v1.ConfigMap: failed to list *v1.ConfigMap: configmaps \"coredns-custom\" is forbidden: User \"system:node:b2f104d21a5d\" cannot list resource \"configmaps\" in API group \"\" in the namespace \"kube-system\": no relationship found between node 'b2f104d21a5d' and this object"
2025-01-29 13:54:35,202 INFO c.h.h.t.HelmChartContainer - [K3S] [replica_set.go:679] "Finished syncing" kind="ReplicaSet" key="kube-system/metrics-server-8584b5786c" duration="30.342742ms"
2025-01-29 13:54:35,202 INFO c.h.h.t.HelmChartContainer - [K3S] [replica_set.go:679] "Finished syncing" kind="ReplicaSet" key="kube-system/metrics-server-8584b5786c" duration="77.033µs"
2025-01-29 13:54:35,205 INFO c.h.h.t.HelmChartContainer - [K3S] [replica_set.go:679] "Finished syncing" kind="ReplicaSet" key="kube-system/coredns-ff8999cc5" duration="29.526725ms"
2025-01-29 13:54:35,205 INFO c.h.h.t.HelmChartContainer - [K3S] [replica_set.go:679] "Finished syncing" kind="ReplicaSet" key="kube-system/coredns-ff8999cc5" duration="54.722µs"
2025-01-29 13:54:35,205 INFO c.h.h.t.HelmChartContainer - [K3S] [replica_set.go:679] "Finished syncing" kind="ReplicaSet" key="kube-system/local-path-provisioner-698b58967b" duration="34.089557ms"
2025-01-29 13:54:35,205 INFO c.h.h.t.HelmChartContainer - [K3S] [replica_set.go:679] "Finished syncing" kind="ReplicaSet" key="kube-system/local-path-provisioner-698b58967b" duration="43.32µs"
2025-01-29 13:54:35,217 INFO c.h.h.t.HelmChartContainer - [K3S] [reconciler_common.go:251] "operationExecutor.VerifyControllerAttachedVolume started for volume \"kube-api-access-pr2tw\" (UniqueName: \"kubernetes.io/projected/818a6118-165a-4e0e-979e-2c6998c2277f-kube-api-access-pr2tw\") pod \"coredns-ff8999cc5-zqct8\" (UID: \"818a6118-165a-4e0e-979e-2c6998c2277f\") " pod="kube-system/coredns-ff8999cc5-zqct8"
2025-01-29 13:54:35,217 INFO c.h.h.t.HelmChartContainer - [K3S] [reconciler_common.go:251] "operationExecutor.VerifyControllerAttachedVolume started for volume \"config-volume\" (UniqueName: \"kubernetes.io/configmap/b9530b58-e639-48b2-aede-1af47c0a8820-config-volume\") pod \"local-path-provisioner-698b58967b-dh89s\" (UID: \"b9530b58-e639-48b2-aede-1af47c0a8820\") " pod="kube-system/local-path-provisioner-698b58967b-dh89s"
2025-01-29 13:54:35,217 INFO c.h.h.t.HelmChartContainer - [K3S] [reconciler_common.go:251] "operationExecutor.VerifyControllerAttachedVolume started for volume \"kube-api-access-lpszx\" (UniqueName: \"kubernetes.io/projected/b9530b58-e639-48b2-aede-1af47c0a8820-kube-api-access-lpszx\") pod \"local-path-provisioner-698b58967b-dh89s\" (UID: \"b9530b58-e639-48b2-aede-1af47c0a8820\") " pod="kube-system/local-path-provisioner-698b58967b-dh89s"
2025-01-29 13:54:35,217 INFO c.h.h.t.HelmChartContainer - [K3S] [reconciler_common.go:251] "operationExecutor.VerifyControllerAttachedVolume started for volume \"tmp-dir\" (UniqueName: \"kubernetes.io/empty-dir/bfd8efc7-fecf-43a4-9ff0-9788b7a1002b-tmp-dir\") pod \"metrics-server-8584b5786c-qxnq8\" (UID: \"bfd8efc7-fecf-43a4-9ff0-9788b7a1002b\") " pod="kube-system/metrics-server-8584b5786c-qxnq8"
2025-01-29 13:54:35,218 INFO c.h.h.t.HelmChartContainer - [K3S] [reconciler_common.go:251] "operationExecutor.VerifyControllerAttachedVolume started for volume \"kube-api-access-mhftv\" (UniqueName: \"kubernetes.io/projected/bfd8efc7-fecf-43a4-9ff0-9788b7a1002b-kube-api-access-mhftv\") pod \"metrics-server-8584b5786c-qxnq8\" (UID: \"bfd8efc7-fecf-43a4-9ff0-9788b7a1002b\") " pod="kube-system/metrics-server-8584b5786c-qxnq8"
2025-01-29 13:54:35,218 INFO c.h.h.t.HelmChartContainer - [K3S] [reconciler_common.go:251] "operationExecutor.VerifyControllerAttachedVolume started for volume \"config-volume\" (UniqueName: \"kubernetes.io/configmap/818a6118-165a-4e0e-979e-2c6998c2277f-config-volume\") pod \"coredns-ff8999cc5-zqct8\" (UID: \"818a6118-165a-4e0e-979e-2c6998c2277f\") " pod="kube-system/coredns-ff8999cc5-zqct8"
2025-01-29 13:54:35,218 INFO c.h.h.t.HelmChartContainer - [K3S] [reconciler_common.go:251] "operationExecutor.VerifyControllerAttachedVolume started for volume \"custom-config-volume\" (UniqueName: \"kubernetes.io/configmap/818a6118-165a-4e0e-979e-2c6998c2277f-custom-config-volume\") pod \"coredns-ff8999cc5-zqct8\" (UID: \"818a6118-165a-4e0e-979e-2c6998c2277f\") " pod="kube-system/coredns-ff8999cc5-zqct8"
2025-01-29 13:54:35,236 INFO c.h.h.t.HelmChartContainer - [K3S] [replica_set.go:679] "Finished syncing" kind="ReplicaSet" key="kube-system/metrics-server-8584b5786c" duration="59.22µs"
2025-01-29 13:54:35,254 INFO c.h.h.t.HelmChartContainer - [K3S] [replica_set.go:679] "Finished syncing" kind="ReplicaSet" key="kube-system/coredns-ff8999cc5" duration="70.793µs"
2025-01-29 13:54:35,261 INFO c.h.h.t.HelmChartContainer - [K3S] [replica_set.go:679] "Finished syncing" kind="ReplicaSet" key="kube-system/local-path-provisioner-698b58967b" duration="27.952µs"
2025-01-29 13:54:35,299 INFO c.h.h.t.HelmChartContainer - [K3S] [kube.go:146] Node controller sync successful
2025-01-29 13:54:35,299 INFO c.h.h.t.HelmChartContainer - [K3S] [vxlan.go:141] VXLAN config: VNI=1 Port=0 GBP=false Learning=false DirectRouting=false
2025-01-29 13:54:35,301 INFO c.h.h.t.HelmChartContainer - [K3S] [kube.go:636] List of node(b2f104d21a5d) annotations: map[string]string{"alpha.kubernetes.io/provided-node-ip":"172.18.0.2", "k3s.io/hostname":"b2f104d21a5d", "k3s.io/internal-ip":"172.18.0.2", "k3s.io/node-args":"[\"server\",\"--etcd-arg\",\"unsafe-no-fsync\",\"--etcd-arg\",\"snapshot-count=10000\",\"--etcd-arg\",\"auto-compaction-mode=revision\",\"--etcd-arg\",\"auto-compaction-retention=1000000\",\"--kube-apiserver-arg\",\"etcd-compaction-interval=0s\",\"--disable\",\"traefik\",\"--tls-san\",\"localhost\"]", "k3s.io/node-config-hash":"2QNNT5M5XUBFOLO5XPGEVGOM5UDLHHTIVMSRUPAUHE5DU3HUYQUQ====", "k3s.io/node-env":"{}", "node.alpha.kubernetes.io/ttl":"0", "volumes.kubernetes.io/controller-managed-attach-detach":"true"}
2025-01-29 13:54:35,307 INFO c.h.h.t.HelmChartContainer - [K3S] [iptables.go:51] Starting flannel in iptables mode...
2025-01-29 13:54:35,307 INFO c.h.h.t.HelmChartContainer - [K3S] [WARNING] no subnet found for key: FLANNEL_NETWORK in file: /run/flannel/subnet.env
2025-01-29 13:54:35,307 INFO c.h.h.t.HelmChartContainer - [K3S] [WARNING] no subnet found for key: FLANNEL_SUBNET in file: /run/flannel/subnet.env
2025-01-29 13:54:35,307 INFO c.h.h.t.HelmChartContainer - [K3S] [WARNING] no subnet found for key: FLANNEL_IPV6_NETWORK in file: /run/flannel/subnet.env
2025-01-29 13:54:35,307 INFO c.h.h.t.HelmChartContainer - [K3S] [WARNING] no subnet found for key: FLANNEL_IPV6_SUBNET in file: /run/flannel/subnet.env
2025-01-29 13:54:35,307 INFO c.h.h.t.HelmChartContainer - [K3S] [iptables.go:115] Current network or subnet (10.42.0.0/16, 10.42.0.0/24) is not equal to previous one (0.0.0.0/0, 0.0.0.0/0), trying to recycle old iptables rules
2025-01-29 13:54:35,308 INFO c.h.h.t.HelmChartContainer - [K3S] [kube.go:490] Creating the node lease for IPv4. This is the n.Spec.PodCIDRs: [10.42.0.0/24]
2025-01-29 13:54:35,308 INFO c.h.h.t.HelmChartContainer - [K3S] [range_allocator.go:247] "Successfully synced" key="b2f104d21a5d"
2025-01-29 13:54:35,316 INFO c.h.h.t.HelmChartContainer - [K3S] [iptables.go:125] Setting up masking rules
2025-01-29 13:54:35,320 INFO c.h.h.t.HelmChartContainer - [K3S] [iptables.go:226] Changing default FORWARD chain policy to ACCEPT
2025-01-29 13:54:35,321 INFO c.h.h.t.HelmChartContainer - [K3S] [INFO] Wrote flannel subnet file to /run/flannel/subnet.env
2025-01-29 13:54:35,321 INFO c.h.h.t.HelmChartContainer - [K3S] [INFO] Running flannel backend.
2025-01-29 13:54:35,321 INFO c.h.h.t.HelmChartContainer - [K3S] [vxlan_network.go:65] watching for new subnet leases
2025-01-29 13:54:35,333 INFO c.h.h.t.HelmChartContainer - [K3S] [iptables.go:372] bootstrap done
2025-01-29 13:54:35,336 INFO c.h.h.t.HelmChartContainer - [K3S] [iptables.go:372] bootstrap done
2025-01-29 13:54:36,016 INFO c.h.h.t.HelmChartContainer - [K3S] [handler_proxy.go:99] no RequestInfo found in the context
2025-01-29 13:54:36,016 INFO c.h.h.t.HelmChartContainer - [K3S] [controller.go:102] "Unhandled Error" err=<
2025-01-29 13:54:36,016 INFO c.h.h.t.HelmChartContainer - [K3S] 	, Header: map[Content-Type:[text/plain; charset=utf-8] X-Content-Type-Options:[nosniff]]
2025-01-29 13:54:36,016 INFO c.h.h.t.HelmChartContainer - [K3S]  >
2025-01-29 13:54:36,016 INFO c.h.h.t.HelmChartContainer - [K3S] [handler_proxy.go:99] no RequestInfo found in the context
2025-01-29 13:54:36,318 INFO c.h.h.t.HelmChartContainer - [K3S] [configmap.go:193] Couldn't get configMap kube-system/coredns: failed to sync configmap cache: timed out waiting for the condition
2025-01-29 13:54:36,319 INFO c.h.h.t.HelmChartContainer - [K3S] [nestedpendingoperations.go:348] Operation for "{volumeName:kubernetes.io/configmap/818a6118-165a-4e0e-979e-2c6998c2277f-config-volume podName:818a6118-165a-4e0e-979e-2c6998c2277f nodeName:}" failed. No retries permitted until 2025-01-29 13:54:36.81831051 +0000 UTC m=+11.189239194 (durationBeforeRetry 500ms). Error: MountVolume.SetUp failed for volume "config-volume" (UniqueName: "kubernetes.io/configmap/818a6118-165a-4e0e-979e-2c6998c2277f-config-volume") pod "coredns-ff8999cc5-zqct8" (UID: "818a6118-165a-4e0e-979e-2c6998c2277f") : failed to sync configmap cache: timed out waiting for the condition
2025-01-29 13:54:36,414 INFO c.h.h.t.HelmChartContainer - [K3S] [INFO] Starting network policy controller version v2.2.1, built on 2025-01-28T18:27:08Z, go1.23.4
2025-01-29 13:54:36,414 INFO c.h.h.t.HelmChartContainer - [K3S] [network_policy_controller.go:164] Starting network policy controller
2025-01-29 13:54:36,457 INFO c.h.h.t.HelmChartContainer - [K3S] [network_policy_controller.go:176] Starting network policy controller full sync goroutine
2025-01-29 13:54:38,275 INFO c.h.h.t.HelmChartContainer - [K3S] [replica_set.go:679] "Finished syncing" kind="ReplicaSet" key="kube-system/local-path-provisioner-698b58967b" duration="15.081244ms"
2025-01-29 13:54:38,279 INFO c.h.h.t.HelmChartContainer - [K3S] [replica_set.go:679] "Finished syncing" kind="ReplicaSet" key="kube-system/local-path-provisioner-698b58967b" duration="54.671µs"
2025-01-29 13:54:38,287 INFO c.h.h.t.HelmChartContainer - [K3S] [replica_set.go:679] "Finished syncing" kind="ReplicaSet" key="kube-system/metrics-server-8584b5786c" duration="29.055µs"
2025-01-29 13:54:38,731 INFO c.h.h.t.HelmChartContainer - [K3S] [kuberuntime_manager.go:1702] "Updating runtime config through cri with podcidr" CIDR="10.42.0.0/24"
2025-01-29 13:54:38,731 INFO c.h.h.t.HelmChartContainer - [K3S] [kubelet_network.go:61] "Updating Pod CIDR" originalPodCIDR="" newPodCIDR="10.42.0.0/24"
2025-01-29 13:54:38,737 INFO c.h.h.t.HelmChartContainer - [K3S] [range_allocator.go:247] "Successfully synced" key="b2f104d21a5d"
2025-01-29 13:54:39,036 DEBUG c.h.h.t.HelmChartContainer - Image file loaded 'hivemq-platform-operator.tar'
2025-01-29 13:54:39,259 INFO c.h.h.t.HelmChartContainer - [K3S] [replica_set.go:679] "Finished syncing" kind="ReplicaSet" key="kube-system/coredns-ff8999cc5" duration="34.435µs"
2025-01-29 13:54:39,469 DEBUG c.h.h.t.HelmChartContainer - Image file loaded 'hivemq-platform-operator-init.tar'
2025-01-29 13:54:40,269 INFO c.h.h.t.HelmChartContainer - [K3S] [replica_set.go:679] "Finished syncing" kind="ReplicaSet" key="kube-system/coredns-ff8999cc5" duration="7.268579ms"
2025-01-29 13:54:40,271 INFO c.h.h.t.HelmChartContainer - [K3S] [replica_set.go:679] "Finished syncing" kind="ReplicaSet" key="kube-system/coredns-ff8999cc5" duration="37.099µs"
2025-01-29 13:54:45,036 DEBUG c.h.h.t.HelmChartContainer - Image file loaded 'hivemq-platform.tar'
2025-01-29 13:54:45,036 DEBUG c.h.h.t.HelmChartContainer - Successful Helm chart Container startup
2025-01-29 13:54:45,051 INFO t.localhost/testcontainers/yrzu4e9mvpu5vida:latest - Container localhost/testcontainers/yrzu4e9mvpu5vida:latest started in PT21.018197011S
2025-01-29 13:54:45,060 DEBUG c.h.h.t.HelmChartContainer - Executing helm command: /bin/helm --kubeconfig /etc/rancher/k3s/k3s.yaml repo add hivemq https://hivemq.github.io/helm-charts
2025-01-29 13:54:46,556 INFO c.h.h.t.HelmChartContainer - [EVENT] Normal [Starting] Starting kubelet. [null:b2f104d21a5d]
2025-01-29 13:54:46,558 INFO c.h.h.t.HelmChartContainer - [EVENT] Warning [InvalidDiskCapacity] invalid capacity 0 on image filesystem [null:b2f104d21a5d]
2025-01-29 13:54:46,559 INFO c.h.h.t.HelmChartContainer - [EVENT] Normal [NodeHasSufficientMemory] Node b2f104d21a5d status is now: NodeHasSufficientMemory [null:b2f104d21a5d]
2025-01-29 13:54:46,562 INFO c.h.h.t.HelmChartContainer - [EVENT] Normal [NodeHasNoDiskPressure] Node b2f104d21a5d status is now: NodeHasNoDiskPressure [null:b2f104d21a5d]
2025-01-29 13:54:46,562 INFO c.h.h.t.HelmChartContainer - Saved kubeconfig file on /tmp/kubeconfig-12849390169417692754.yaml
2025-01-29 13:54:46,562 INFO c.h.h.t.HelmChartContainer - HelmChartContainer is started
2025-01-29 13:54:46,563 INFO c.h.h.t.HelmChartContainer - [EVENT] Normal [NodeHasSufficientPID] Node b2f104d21a5d status is now: NodeHasSufficientPID [null:b2f104d21a5d]
2025-01-29 13:54:46,563 INFO c.h.h.t.HelmChartContainer - [EVENT] Normal [NodeAllocatableEnforced] Updated Node Allocatable limit across pods [null:b2f104d21a5d]
2025-01-29 13:54:46,565 INFO c.h.h.t.HelmChartContainer - [EVENT] Normal [NodeReady] Node b2f104d21a5d status is now: NodeReady [null:b2f104d21a5d]
2025-01-29 13:54:46,566 INFO c.h.h.t.HelmChartContainer - [EVENT] Normal [NodePasswordValidationComplete] Deferred node password secret validation complete [null:b2f104d21a5d]
2025-01-29 13:54:46,572 INFO c.h.h.t.HelmChartContainer - [EVENT] Normal [Synced] Node synced successfully [null:b2f104d21a5d]
2025-01-29 13:54:46,573 INFO c.h.h.t.HelmChartContainer - [EVENT] Normal [RegisteredNode] Node b2f104d21a5d event: Registered Node b2f104d21a5d in Controller [null:b2f104d21a5d]
]]></system-out>
  <system-err><![CDATA[]]></system-err>
</testsuite>
