<?xml version="1.0" encoding="UTF-8"?>
<testsuite name="com.hivemq.helmcharts.containers.HelmAdditionalContainersIT" tests="1" skipped="0" failures="0" errors="0" timestamp="2025-09-18T09:22:38" hostname="runnervmf4ws1" time="102.381">
  <properties/>
  <testcase name="whenAdditionalContainer_withConsulTemplate_thenLicenseUpdated()" classname="com.hivemq.helmcharts.containers.HelmAdditionalContainersIT" time="102.381"/>
</testsuite>
