<?xml version="1.0" encoding="UTF-8"?>
<testsuite name="com.hivemq.helmcharts.EseExtensionInstallationIT" tests="1" skipped="0" failures="0" errors="0" timestamp="2025-05-13T14:32:51" hostname="fv-az2023-77" time="202.686">
  <properties/>
  <testcase name="withExtensionConfiguration_hivemqRunning()" classname="com.hivemq.helmcharts.EseExtensionInstallationIT" time="202.686"/>
</testsuite>
