<?xml version="1.0" encoding="UTF-8"?>
<testsuite name="com.hivemq.helmcharts.services.HelmControlCenterIT" tests="6" skipped="0" failures="0" errors="0" timestamp="2025-07-29T14:21:50" hostname="pkrvmpptgkbjq6m" time="563.98">
  <properties/>
  <testcase name="platformChart_withCustomControlCenterCredentialsSecret_thenAbleToLogin()" classname="com.hivemq.helmcharts.services.HelmControlCenterIT" time="91.233"/>
  <testcase name="platformChart_withCustomControlCenterUsernameAndPassword_thenAbleToLogin()" classname="com.hivemq.helmcharts.services.HelmControlCenterIT" time="87.493"/>
  <testcase name="platformChart_withCustomServiceName_thenAbleToLogin()" classname="com.hivemq.helmcharts.services.HelmControlCenterIT" time="91.819"/>
  <testcase name="platformChart_whenTlsEnabledWithDifferentPrivateKey_thenAbleToLogin()" classname="com.hivemq.helmcharts.services.HelmControlCenterIT" time="104.086"/>
  <testcase name="platformChart_whenTlsEnabled_thenAbleToLogin()" classname="com.hivemq.helmcharts.services.HelmControlCenterIT" time="101.137"/>
  <testcase name="platformChart_whenControlCenterEnabled_thenAbleToLogin()" classname="com.hivemq.helmcharts.services.HelmControlCenterIT" time="88.211"/>
</testsuite>
