<?xml version="1.0" encoding="UTF-8"?>
<testsuite name="com.hivemq.helmcharts.platform.HelmCustomSecretConfigIT" tests="2" skipped="0" failures="0" errors="0" timestamp="2025-01-29T13:39:15" hostname="fv-az1369-754" time="285.871">
  <properties/>
  <testcase name="withExistingSecret_hivemqRunning()" classname="com.hivemq.helmcharts.platform.HelmCustomSecretConfigIT" time="136.826">
    <system-out><![CDATA[2025-01-29 13:39:15,247 INFO c.h.h.t.HelmChartContainer - Creating namespace 'helmcustomsecretconfigit-operator'...
2025-01-29 13:39:15,254 INFO c.h.h.t.HelmChartContainer - Namespace 'helmcustomsecretconfigit-operator' created
2025-01-29 13:39:15,255 INFO c.h.h.t.HelmChartContainer - Creating namespace 'helmcustomsecretconfigit'...
2025-01-29 13:39:15,268 INFO c.h.h.t.HelmChartContainer - Namespace 'helmcustomsecretconfigit' created
2025-01-29 13:39:15,333 DEBUG c.h.h.t.HelmChartContainer - Executing helm command: /bin/helm --kubeconfig /etc/rancher/k3s/k3s.yaml install test-hivemq-platform-operator /charts/hivemq-platform-operator --wait --timeout 5m0s --set image.repository=docker.io/hivemq --set image.name=hivemq-platform-operator-test --set image.initImageName=hivemq-platform-operator-init-test --set image.tag=snapshot --set image.pullPolicy=Never --set logLevel=DEBUG --set resources.cpu=512m --namespace helmcustomsecretconfigit-operator
2025-01-29 13:39:15,622 INFO c.h.h.t.HelmChartContainer - [K3S] [alloc.go:330] "allocated clusterIPs" service="helmcustomsecretconfigit-operator/hivemq-platform-operator-test-hivemq-platform-operator" clusterIPs={"IPv4":"10.43.66.39"}
2025-01-29 13:39:15,636 INFO c.h.h.t.HelmChartContainer - [EVENT] Normal [ScalingReplicaSet] Scaled up replica set hivemq-test-hivemq-platform-operator-6966f96d65 from 0 to 1 [helmcustomsecretconfigit-operator:hivemq-test-hivemq-platform-operator]
2025-01-29 13:39:15,640 INFO c.h.h.t.HelmChartContainer - [POD] hivemq-test-hivemq-platform-operator-6966f96d65-57pz8 [21afe644-372f-4015-b480-a9ff0facef20] in helmcustomsecretconfigit-operator was ADDED
2025-01-29 13:39:15,645 INFO c.h.h.t.HelmChartContainer - [POD] hivemq-test-hivemq-platform-operator-6966f96d65-57pz8 [21afe644-372f-4015-b480-a9ff0facef20] in helmcustomsecretconfigit-operator was MODIFIED
2025-01-29 13:39:15,646 INFO c.h.h.t.HelmChartContainer - [K3S] [memory_manager.go:355] "RemoveStaleState removing state" podUID="f56d23da-7db2-48dd-942c-f5636294f922" containerName="hivemq-platform-operator"
2025-01-29 13:39:15,646 INFO c.h.h.t.HelmChartContainer - [K3S] [memory_manager.go:355] "RemoveStaleState removing state" podUID="e9a6f75b-b610-4627-ae16-0a00589b5fa9" containerName="hivemq"
2025-01-29 13:39:15,647 INFO c.h.h.t.HelmChartContainer - [EVENT] Normal [SuccessfulCreate] Created pod: hivemq-test-hivemq-platform-operator-6966f96d65-57pz8 [helmcustomsecretconfigit-operator:hivemq-test-hivemq-platform-operator-6966f96d65]
2025-01-29 13:39:15,648 INFO c.h.h.t.HelmChartContainer - [EVENT] Normal [Scheduled] Successfully assigned helmcustomsecretconfigit-operator/hivemq-test-hivemq-platform-operator-6966f96d65-57pz8 to 83e4a3cb5001 [helmcustomsecretconfigit-operator:hivemq-test-hivemq-platform-operator-6966f96d65-57pz8]
2025-01-29 13:39:15,650 INFO c.h.h.t.HelmChartContainer - [K3S] [replica_set.go:679] "Finished syncing" kind="ReplicaSet" key="helmcustomsecretconfigit-operator/hivemq-test-hivemq-platform-operator-6966f96d65" duration="17.388517ms"
2025-01-29 13:39:15,657 INFO c.h.h.t.HelmChartContainer - [K3S] [replica_set.go:679] "Finished syncing" kind="ReplicaSet" key="helmcustomsecretconfigit-operator/hivemq-test-hivemq-platform-operator-6966f96d65" duration="7.391223ms"
2025-01-29 13:39:15,657 INFO c.h.h.t.HelmChartContainer - [K3S] [replica_set.go:679] "Finished syncing" kind="ReplicaSet" key="helmcustomsecretconfigit-operator/hivemq-test-hivemq-platform-operator-6966f96d65" duration="33.162µs"
2025-01-29 13:39:15,659 INFO c.h.h.t.HelmChartContainer - [K3S] [replica_set.go:679] "Finished syncing" kind="ReplicaSet" key="helmcustomsecretconfigit-operator/hivemq-test-hivemq-platform-operator-6966f96d65" duration="29.465µs"
2025-01-29 13:39:15,662 INFO c.h.h.t.HelmChartContainer - [POD] hivemq-test-hivemq-platform-operator-6966f96d65-57pz8 [21afe644-372f-4015-b480-a9ff0facef20] in helmcustomsecretconfigit-operator was MODIFIED
2025-01-29 13:39:15,754 INFO c.h.h.t.HelmChartContainer - [K3S] [reconciler_common.go:251] "operationExecutor.VerifyControllerAttachedVolume started for volume \"kube-api-access-nw8gh\" (UniqueName: \"kubernetes.io/projected/21afe644-372f-4015-b480-a9ff0facef20-kube-api-access-nw8gh\") pod \"hivemq-test-hivemq-platform-operator-6966f96d65-57pz8\" (UID: \"21afe644-372f-4015-b480-a9ff0facef20\") " pod="helmcustomsecretconfigit-operator/hivemq-test-hivemq-platform-operator-6966f96d65-57pz8"
2025-01-29 13:39:16,037 INFO c.h.h.t.HelmChartContainer - [EVENT] Normal [Pulled] Container image "docker.io/hivemq/hivemq-platform-operator-test:snapshot" already present on machine [helmcustomsecretconfigit-operator:hivemq-test-hivemq-platform-operator-6966f96d65-57pz8]
2025-01-29 13:39:16,037 INFO c.h.h.t.HelmChartContainer - Received Pulled event for container hivemq-platform-operator in pod hivemq-test-hivemq-platform-operator-6966f96d65-57pz8 [21afe644-372f-4015-b480-a9ff0facef20]
2025-01-29 13:39:17,338 INFO c.h.h.t.HelmChartContainer - [EVENT] Normal [Created] Created container: hivemq-platform-operator [helmcustomsecretconfigit-operator:hivemq-test-hivemq-platform-operator-6966f96d65-57pz8]
2025-01-29 13:39:17,338 INFO c.h.h.t.HelmChartContainer - Received Created event for container hivemq-platform-operator in pod hivemq-test-hivemq-platform-operator-6966f96d65-57pz8 [21afe644-372f-4015-b480-a9ff0facef20]
2025-01-29 13:39:18,386 INFO c.h.h.t.HelmChartContainer - [POD] hivemq-test-hivemq-platform-operator-6966f96d65-57pz8 [21afe644-372f-4015-b480-a9ff0facef20] in helmcustomsecretconfigit-operator was MODIFIED
2025-01-29 13:39:18,386 INFO c.h.h.t.HelmChartContainer - [K3S] [replica_set.go:679] "Finished syncing" kind="ReplicaSet" key="helmcustomsecretconfigit-operator/hivemq-test-hivemq-platform-operator-6966f96d65" duration="44.523µs"
2025-01-29 13:39:18,396 INFO c.h.h.t.HelmChartContainer - Started log watcher for hivemq-platform-operator in pod hivemq-test-hivemq-platform-operator-6966f96d65-57pz8 [21afe644-372f-4015-b480-a9ff0facef20]
2025-01-29 13:39:18,396 INFO c.h.h.t.HelmChartContainer - [EVENT] Normal [Started] Started container hivemq-platform-operator [helmcustomsecretconfigit-operator:hivemq-test-hivemq-platform-operator-6966f96d65-57pz8]
2025-01-29 13:39:18,397 INFO c.h.h.t.HelmChartContainer - [hivemq-test-hivemq-platform] [hivemq-platform-operator] [21afe644] -------------------------------------------------------------------------
2025-01-29 13:39:18,397 INFO c.h.h.t.HelmChartContainer - [hivemq-test-hivemq-platform] [hivemq-platform-operator] [21afe644] 
2025-01-29 13:39:18,397 INFO c.h.h.t.HelmChartContainer - Received Started event for container hivemq-platform-operator in pod hivemq-test-hivemq-platform-operator-6966f96d65-57pz8 [21afe644-372f-4015-b480-a9ff0facef20]
2025-01-29 13:39:18,397 INFO c.h.h.t.HelmChartContainer - [hivemq-test-hivemq-platform] [hivemq-platform-operator] [21afe644]                   _    _  _              __  __   ____
2025-01-29 13:39:18,397 INFO c.h.h.t.HelmChartContainer - [hivemq-test-hivemq-platform] [hivemq-platform-operator] [21afe644]                  | |  | |(_)            |  \/  | / __ \
2025-01-29 13:39:18,397 INFO c.h.h.t.HelmChartContainer - [hivemq-test-hivemq-platform] [hivemq-platform-operator] [21afe644]                  | |__| | _ __   __ ___ | \  / || |  | |
2025-01-29 13:39:18,397 INFO c.h.h.t.HelmChartContainer - [hivemq-test-hivemq-platform] [hivemq-platform-operator] [21afe644]                  |  __  || |\ \ / // _ \| |\/| || |  | |
2025-01-29 13:39:18,397 INFO c.h.h.t.HelmChartContainer - [hivemq-test-hivemq-platform] [hivemq-platform-operator] [21afe644]                  | |  | || | \ V /|  __/| |  | || |__| |
2025-01-29 13:39:18,397 INFO c.h.h.t.HelmChartContainer - [hivemq-test-hivemq-platform] [hivemq-platform-operator] [21afe644]                  |_|  |_||_|  \_/  \___||_|  |_| \___\_\
2025-01-29 13:39:18,397 INFO c.h.h.t.HelmChartContainer - [hivemq-test-hivemq-platform] [hivemq-platform-operator] [21afe644] 
2025-01-29 13:39:18,397 INFO c.h.h.t.HelmChartContainer - [hivemq-test-hivemq-platform] [hivemq-platform-operator] [21afe644] -------------------------------------------------------------------------
2025-01-29 13:39:18,397 INFO c.h.h.t.HelmChartContainer - [hivemq-test-hivemq-platform] [hivemq-platform-operator] [21afe644] 
2025-01-29 13:39:18,397 INFO c.h.h.t.HelmChartContainer - [hivemq-test-hivemq-platform] [hivemq-platform-operator] [21afe644]   HiveMQ Platform Operator Start Script v1.0
2025-01-29 13:39:18,397 INFO c.h.h.t.HelmChartContainer - [hivemq-test-hivemq-platform] [hivemq-platform-operator] [21afe644] 
2025-01-29 13:39:18,397 INFO c.h.h.t.HelmChartContainer - [hivemq-test-hivemq-platform] [hivemq-platform-operator] [21afe644] -------------------------------------------------------------------------
2025-01-29 13:39:18,397 INFO c.h.h.t.HelmChartContainer - [hivemq-test-hivemq-platform] [hivemq-platform-operator] [21afe644] 
2025-01-29 13:39:18,397 INFO c.h.h.t.HelmChartContainer - [hivemq-test-hivemq-platform] [hivemq-platform-operator] [21afe644]   JAVA_OPTS: -XX:+UnlockExperimentalVMOptions -XX:InitialRAMPercentage=75 -XX:MaxRAMPercentage=75 -Duser.language=en -Duser.region=US
2025-01-29 13:39:18,397 INFO c.h.h.t.HelmChartContainer - [hivemq-test-hivemq-platform] [hivemq-platform-operator] [21afe644] 
2025-01-29 13:39:18,397 INFO c.h.h.t.HelmChartContainer - [hivemq-test-hivemq-platform] [hivemq-platform-operator] [21afe644]   JAVA_VERSION: 21
2025-01-29 13:39:18,397 INFO c.h.h.t.HelmChartContainer - [hivemq-test-hivemq-platform] [hivemq-platform-operator] [21afe644] 
2025-01-29 13:39:18,397 INFO c.h.h.t.HelmChartContainer - [hivemq-test-hivemq-platform] [hivemq-platform-operator] [21afe644] -------------------------------------------------------------------------
2025-01-29 13:39:18,398 INFO c.h.h.t.HelmChartContainer - [hivemq-test-hivemq-platform] [hivemq-platform-operator] [21afe644] 
2025-01-29 13:39:20,570 INFO c.h.h.t.HelmChartContainer - [hivemq-test-hivemq-platform] [hivemq-platform-operator] [21afe644] 13:39:20.567 [main] DEBUG org.jboss.logging - Logging Provider: org.jboss.logging.Slf4jLoggerProvider
2025-01-29 13:39:20,669 INFO c.h.h.t.HelmChartContainer - [hivemq-test-hivemq-platform] [hivemq-platform-operator] [21afe644] 13:39:20.668 [main] DEBUG io.smallrye.config - SRCFG01006: Loaded ConfigSource SysPropConfigSource with ordinal 400
2025-01-29 13:39:20,669 INFO c.h.h.t.HelmChartContainer - [hivemq-test-hivemq-platform] [hivemq-platform-operator] [21afe644] 13:39:20.668 [main] DEBUG io.smallrye.config - SRCFG01006: Loaded ConfigSource EnvConfigSource with ordinal 300
2025-01-29 13:39:20,669 INFO c.h.h.t.HelmChartContainer - [hivemq-test-hivemq-platform] [hivemq-platform-operator] [21afe644] 13:39:20.668 [main] DEBUG io.smallrye.config - SRCFG01006: Loaded ConfigSource PropertiesConfigSource[source=jar:file:///opt/hivemq-platform-operator/bin/hivemq-platform-operator.jar!/hivemq-platform-operator.properties] with ordinal 100
2025-01-29 13:39:20,670 INFO c.h.h.t.HelmChartContainer - [hivemq-test-hivemq-platform] [hivemq-platform-operator] [21afe644] 13:39:20.668 [main] DEBUG io.smallrye.config - SRCFG01006: Loaded ConfigSource DefaultValuesConfigSource with ordinal -2147483648
2025-01-29 13:39:20,774 INFO c.h.h.t.HelmChartContainer - [hivemq-test-hivemq-platform] [hivemq-platform-operator] [21afe644] 13:39:20.772 [main] DEBUG i.m.c.u.i.l.InternalLoggerFactory - Using SLF4J as the default logging framework
2025-01-29 13:39:20,958 INFO c.h.h.t.HelmChartContainer - [hivemq-test-hivemq-platform] [hivemq-platform-operator] [21afe644] 13:39:20.877 [main] INFO  c.h.p.o.HiveMQPlatformOperatorApplication - HiveMQ Platform Operator 1.7.0-SNAPSHOT (commit: bebf408 on branch: HEAD) built on Sun Jan 26 20:47:47 UTC 2025
2025-01-29 13:39:20,959 INFO c.h.h.t.HelmChartContainer - [hivemq-test-hivemq-platform] [hivemq-platform-operator] [21afe644] 13:39:20.958 [main] INFO  c.h.p.o.HiveMQPlatformOperatorApplication - HiveMQ Platform Operator is running in namespace: helmcustomsecretconfigit-operator
2025-01-29 13:39:20,959 INFO c.h.h.t.HelmChartContainer - [hivemq-test-hivemq-platform] [hivemq-platform-operator] [21afe644] 13:39:20.958 [main] INFO  c.h.p.o.HiveMQPlatformOperatorApplication - Watching all namespaces
2025-01-29 13:39:20,959 INFO c.h.h.t.HelmChartContainer - [hivemq-test-hivemq-platform] [hivemq-platform-operator] [21afe644] 13:39:20.958 [main] INFO  c.h.p.o.HiveMQPlatformOperatorApplication - Log level: DEBUG
2025-01-29 13:39:20,959 INFO c.h.h.t.HelmChartContainer - [hivemq-test-hivemq-platform] [hivemq-platform-operator] [21afe644] 13:39:20.958 [main] INFO  c.h.p.o.HiveMQPlatformOperatorApplication - Release name: test-hivemq-platform-operator
2025-01-29 13:39:20,959 INFO c.h.h.t.HelmChartContainer - [hivemq-test-hivemq-platform] [hivemq-platform-operator] [21afe644] 13:39:20.958 [main] INFO  c.h.p.o.HiveMQPlatformOperatorApplication - HiveMQ Platform Operator Init image: docker.io/hivemq/hivemq-platform-operator-init-test:snapshot
2025-01-29 13:39:20,959 INFO c.h.h.t.HelmChartContainer - [hivemq-test-hivemq-platform] [hivemq-platform-operator] [21afe644] 13:39:20.958 [main] INFO  c.h.p.o.HiveMQPlatformOperatorApplication - HiveMQ Platform Operator Init App update URL: http://hivemq-platform-operator-test-hivemq-platform-operator.helmcustomsecretconfigit-operator.svc:8080/initAppUpdate/hivemq-platform-operator-init-app-1.7.0-SNAPSHOT.jar
2025-01-29 13:39:20,960 INFO c.h.h.t.HelmChartContainer - [hivemq-test-hivemq-platform] [hivemq-platform-operator] [21afe644] 13:39:20.958 [main] INFO  c.h.p.o.HiveMQPlatformOperatorApplication - Additional imagePullSecret for all Platform deployments: none
2025-01-29 13:39:20,960 INFO c.h.h.t.HelmChartContainer - [hivemq-test-hivemq-platform] [hivemq-platform-operator] [21afe644] 13:39:20.958 [main] INFO  c.h.p.o.HiveMQPlatformOperatorApplication - Apply HiveMQ Platform CRD: true
2025-01-29 13:39:20,960 INFO c.h.h.t.HelmChartContainer - [hivemq-test-hivemq-platform] [hivemq-platform-operator] [21afe644] 13:39:20.958 [main] INFO  c.h.p.o.HiveMQPlatformOperatorApplication - Create Platform ServiceAccount: true
2025-01-29 13:39:20,960 INFO c.h.h.t.HelmChartContainer - [hivemq-test-hivemq-platform] [hivemq-platform-operator] [21afe644] 13:39:20.958 [main] INFO  c.h.p.o.HiveMQPlatformOperatorApplication - Create Platform ServiceAccount permissions: true
2025-01-29 13:39:20,960 INFO c.h.h.t.HelmChartContainer - [hivemq-test-hivemq-platform] [hivemq-platform-operator] [21afe644] 13:39:20.958 [main] INFO  c.h.p.o.HiveMQPlatformOperatorApplication - Validate Platform ServiceAccount: true
2025-01-29 13:39:20,960 INFO c.h.h.t.HelmChartContainer - [hivemq-test-hivemq-platform] [hivemq-platform-operator] [21afe644] 13:39:20.958 [main] INFO  c.h.p.o.HiveMQPlatformOperatorApplication - Validate Platform ServiceAccount permissions: true
2025-01-29 13:39:21,076 INFO c.h.h.t.HelmChartContainer - [hivemq-test-hivemq-platform] [hivemq-platform-operator] [21afe644] 13:39:21.074 [main] INFO  c.h.platform.operator.util.CRDUtil - Verifying deployed HiveMQ Platform CRD...
2025-01-29 13:39:23,558 INFO c.h.h.t.HelmChartContainer - [hivemq-test-hivemq-platform] [hivemq-platform-operator] [21afe644] 13:39:23.557 [main] DEBUG c.h.platform.operator.util.CRDUtil - HiveMQ Platform CRD version v1 is up to date
2025-01-29 13:39:23,558 INFO c.h.h.t.HelmChartContainer - [hivemq-test-hivemq-platform] [hivemq-platform-operator] [21afe644] 13:39:23.557 [main] INFO  c.h.platform.operator.util.CRDUtil - HiveMQ Platform CRD is up to date (version: V1_6_0)
2025-01-29 13:39:23,558 INFO c.h.h.t.HelmChartContainer - [hivemq-test-hivemq-platform] [hivemq-platform-operator] [21afe644] 13:39:23.557 [main] INFO  c.h.platform.operator.util.CRDUtil - Waiting 10000 ms for HiveMQ Platform CRD 'hivemq-platforms.hivemq.com' to become ready...
2025-01-29 13:39:23,865 INFO c.h.h.t.HelmChartContainer - [hivemq-test-hivemq-platform] [hivemq-platform-operator] [21afe644] 13:39:23.863 [vert.x-eventloop-thread-1] DEBUG c.h.platform.operator.util.CRDUtil - Checking CRD condition 'NamesAccepted' (status: 'True')
2025-01-29 13:39:23,867 INFO c.h.h.t.HelmChartContainer - [hivemq-test-hivemq-platform] [hivemq-platform-operator] [21afe644] 13:39:23.864 [vert.x-eventloop-thread-1] DEBUG c.h.platform.operator.util.CRDUtil - Checking CRD condition 'Established' (status: 'True')
2025-01-29 13:39:23,867 INFO c.h.h.t.HelmChartContainer - [hivemq-test-hivemq-platform] [hivemq-platform-operator] [21afe644] 13:39:23.864 [main] INFO  c.h.platform.operator.util.CRDUtil - HiveMQ Platform CRD 'hivemq-platforms.hivemq.com' is ready
2025-01-29 13:39:24,060 INFO c.h.h.t.HelmChartContainer - [hivemq-test-hivemq-platform] [hivemq-platform-operator] [21afe644] 13:39:24.059 [main] INFO  c.h.p.o.HiveMQPlatformReconciler - HiveMQ Platform Operator is starting...
2025-01-29 13:39:24,163 INFO c.h.h.t.HelmChartContainer - [hivemq-test-hivemq-platform] [hivemq-platform-operator] [21afe644] 13:39:24.162 [main] WARN  Default ConfigurationService implementation - Configuration for reconciler 'hivemq-controller' was not found. Known reconcilers: None.
2025-01-29 13:39:24,170 INFO c.h.h.t.HelmChartContainer - [hivemq-test-hivemq-platform] [hivemq-platform-operator] [21afe644] 13:39:24.169 [main] INFO  Default ConfigurationService implementation - Created configuration for reconciler com.hivemq.platform.operator.HiveMQPlatformReconciler with name hivemq-controller
2025-01-29 13:39:24,272 INFO c.h.h.t.HelmChartContainer - [hivemq-test-hivemq-platform] [hivemq-platform-operator] [21afe644] 13:39:24.270 [main] DEBUG c.h.p.o.HiveMQPlatformReconciler - HiveMQ Platform Operator is preparing EventSources
2025-01-29 13:39:24,359 INFO c.h.h.t.HelmChartContainer - [hivemq-test-hivemq-platform] [hivemq-platform-operator] [21afe644] 13:39:24.357 [main] INFO  i.javaoperatorsdk.operator.Operator - Registered reconciler: 'hivemq-controller' for resource: 'class com.hivemq.platform.operator.v1.HiveMQPlatform' for namespace(s): [all namespaces]
2025-01-29 13:39:24,958 INFO c.h.h.t.HelmChartContainer - [hivemq-test-hivemq-platform] [hivemq-platform-operator] [21afe644] 13:39:24.956 [main] INFO  c.h.p.operator.webserver.JettyServer - Starting Jetty server on port 8080
2025-01-29 13:39:25,061 INFO c.h.h.t.HelmChartContainer - [hivemq-test-hivemq-platform] [hivemq-platform-operator] [21afe644] 13:39:25.058 [main] INFO  i.javaoperatorsdk.operator.Operator - Operator SDK 4.9.7 (commit: 2133d28) built on Wed Nov 20 12:56:20 UTC 2024 starting...
2025-01-29 13:39:25,062 INFO c.h.h.t.HelmChartContainer - [hivemq-test-hivemq-platform] [hivemq-platform-operator] [21afe644] 13:39:25.058 [main] INFO  i.javaoperatorsdk.operator.Operator - Client version: 6.13.4
2025-01-29 13:39:25,063 INFO c.h.h.t.HelmChartContainer - [hivemq-test-hivemq-platform] [hivemq-platform-operator] [21afe644] 13:39:25.060 [Controller Starter for: hivemq-controller] INFO  i.j.operator.processing.Controller - Starting 'hivemq-controller' controller for reconciler: com.hivemq.platform.operator.HiveMQPlatformReconciler, resource: com.hivemq.platform.operator.v1.HiveMQPlatform
2025-01-29 13:39:27,570 INFO c.h.h.t.HelmChartContainer - [hivemq-test-hivemq-platform] [hivemq-platform-operator] [21afe644] 13:39:27.569 [Controller Starter for: hivemq-controller] INFO  i.j.operator.processing.Controller - 'hivemq-controller' controller started
2025-01-29 13:39:27,571 INFO c.h.h.t.HelmChartContainer - [hivemq-test-hivemq-platform] [hivemq-platform-operator] [21afe644] 13:39:27.570 [main] INFO  c.h.p.o.HiveMQPlatformOperatorApplication - HiveMQ Platform Operator 1.7.0-SNAPSHOT started in 6692 ms
2025-01-29 13:39:29,396 INFO c.h.h.t.HelmChartContainer - [POD] hivemq-test-hivemq-platform-operator-6966f96d65-57pz8 [21afe644-372f-4015-b480-a9ff0facef20] in helmcustomsecretconfigit-operator was MODIFIED
2025-01-29 13:39:29,397 INFO c.h.h.t.HelmChartContainer - [K3S] [replica_set.go:679] "Finished syncing" kind="ReplicaSet" key="helmcustomsecretconfigit-operator/hivemq-test-hivemq-platform-operator-6966f96d65" duration="5.479019ms"
2025-01-29 13:39:29,401 INFO c.h.h.t.HelmChartContainer - [K3S] [replica_set.go:679] "Finished syncing" kind="ReplicaSet" key="helmcustomsecretconfigit-operator/hivemq-test-hivemq-platform-operator-6966f96d65" duration="37.86µs"
2025-01-29 13:39:29,770 DEBUG c.h.h.t.HelmChartContainer - Executing helm command: /bin/helm --kubeconfig /etc/rancher/k3s/k3s.yaml install test-hivemq-platform /charts/hivemq-platform --wait --timeout 5m0s --set image.repository=docker.io/hivemq --set image.tag=4.36.0 --set image.pullPolicy=Never --set nodes.resources.cpu=512m --set config.create=false --set config.name=hivemq-configuration --set config.createAs=Secret --namespace helmcustomsecretconfigit
2025-01-29 13:39:30,402 INFO c.h.h.t.HelmChartContainer - [hivemq-test-hivemq-platform] [hivemq-platform-operator] [21afe644] 13:39:30.401 [-373097727-pool-1-thread-2] WARN  i.m.p.PrometheusMeterRegistry - The meter (MeterId{name='operator.sdk.events.received', tags=[tag(action=ADDED),tag(event=ResourceEvent),tag(group=hivemq.com),tag(kind=HiveMQPlatform),tag(name=test-hivemq-platform),tag(namespace=helmcustomsecretconfigit),tag(scope=namespace),tag(version=v1)]}) registration has failed: Prometheus requires that all meters with the same name have the same set of tag keys. There is already an existing meter named 'operator.sdk.events.received' containing tag keys [event, group, kind, name, namespace, scope, version]. The meter you are attempting to register has keys [action, event, group, kind, name, namespace, scope, version]. Note that subsequent logs will be logged at debug level.
2025-01-29 13:39:30,661 INFO c.h.h.t.HelmChartContainer - [hivemq-test-hivemq-platform] [hivemq-platform-operator] [21afe644] 13:39:30.657 [pool-6-thread-3] DEBUG c.h.p.o.dependants.PodInfoConfigMap - [helmcust] Desired PodInfo ConfigMap (1 extensions) (1 enabled)
2025-01-29 13:39:30,661 INFO c.h.h.t.HelmChartContainer - [hivemq-test-hivemq-platform] [hivemq-platform-operator] [21afe644] 13:39:30.658 [pool-6-thread-3] DEBUG c.h.p.o.dependants.PodInfoConfigMap - [helmcust] Desired PodInfo ConfigMap (metrics port: 9399) (metrics path: /)
2025-01-29 13:39:30,661 INFO c.h.h.t.HelmChartContainer - [hivemq-test-hivemq-platform] [hivemq-platform-operator] [21afe644] 13:39:30.658 [pool-6-thread-3] DEBUG c.h.p.o.dependants.PodInfoConfigMap - [helmcust] Desired PodInfo ConfigMap (extension state hash: -1817474005)
2025-01-29 13:39:30,661 INFO c.h.h.t.HelmChartContainer - [hivemq-test-hivemq-platform] [hivemq-platform-operator] [21afe644] 13:39:30.659 [pool-6-thread-3] DEBUG c.h.p.o.dependants.PodInfoConfigMap - [helmcust] Create PodInfo ConfigMap
2025-01-29 13:39:30,803 INFO c.h.h.t.HelmChartContainer - [hivemq-test-hivemq-platform] [hivemq-platform-operator] [21afe644] 13:39:30.800 [pool-6-thread-5] DEBUG c.h.p.o.dependants.PodRoleResource - [helmcust] Create Role: Role(apiVersion=rbac.authorization.k8s.io/v1, kind=Role, metadata=ObjectMeta(annotations={meta.helm.sh/release-name=test-hivemq-platform, meta.helm.sh/release-namespace=helmcustomsecretconfigit}, creationTimestamp=null, deletionGracePeriodSeconds=null, deletionTimestamp=null, finalizers=[], generateName=null, generation=null, labels={helm.sh/chart=hivemq-platform-0.2.32, app.kubernetes.io/managed-by=Helm, app.kubernetes.io/name=hivemq-platform, hivemq-platform=test-hivemq-platform, app.kubernetes.io/instance=test-hivemq-platform, app.kubernetes.io/version=4.36.0}, managedFields=[], name=hivemq-platform-role-test-hivemq-platform, namespace=helmcustomsecretconfigit, ownerReferences=[OwnerReference(apiVersion=hivemq.com/v1, blockOwnerDeletion=null, controller=null, kind=HiveMQPlatform, name=test-hivemq-platform, uid=c6324fac-83e1-4a3e-8772-6601f4e616f6, additionalProperties={})], resourceVersion=null, selfLink=null, uid=null, additionalProperties={}), rules=[PolicyRule(apiGroups=[], nonResourceURLs=[], resourceNames=[], resources=[pods], verbs=[get, patch, update], additionalProperties={})], additionalProperties={})
2025-01-29 13:39:30,911 INFO c.h.h.t.HelmChartContainer - [hivemq-test-hivemq-platform] [hivemq-platform-operator] [21afe644] 13:39:30.907 [pool-6-thread-7] DEBUG c.h.p.o.d.PodServiceAccountResource - [helmcust] Desired PodServiceAccountResource (serviceAccountName: hivemq-platform-pod-test-hivemq-platform)
2025-01-29 13:39:30,911 INFO c.h.h.t.HelmChartContainer - [hivemq-test-hivemq-platform] [hivemq-platform-operator] [21afe644] 13:39:30.909 [pool-6-thread-7] DEBUG c.h.p.o.d.PodServiceAccountResource - [helmcust] Create ServiceAccount 'hivemq-platform-pod-test-hivemq-platform'
2025-01-29 13:39:31,062 INFO c.h.h.t.HelmChartContainer - [hivemq-test-hivemq-platform] [hivemq-platform-operator] [21afe644] 13:39:31.061 [pool-6-thread-10] DEBUG c.h.p.o.d.PodRoleBindingResource - [helmcust] Create RoleBinding: RoleBinding(apiVersion=rbac.authorization.k8s.io/v1, kind=RoleBinding, metadata=ObjectMeta(annotations={meta.helm.sh/release-name=test-hivemq-platform, meta.helm.sh/release-namespace=helmcustomsecretconfigit}, creationTimestamp=null, deletionGracePeriodSeconds=null, deletionTimestamp=null, finalizers=[], generateName=null, generation=null, labels={helm.sh/chart=hivemq-platform-0.2.32, app.kubernetes.io/managed-by=Helm, app.kubernetes.io/name=hivemq-platform, hivemq-platform=test-hivemq-platform, app.kubernetes.io/instance=test-hivemq-platform, app.kubernetes.io/version=4.36.0}, managedFields=[], name=hivemq-platform-role-binding-test-hivemq-platform, namespace=helmcustomsecretconfigit, ownerReferences=[OwnerReference(apiVersion=hivemq.com/v1, blockOwnerDeletion=null, controller=null, kind=HiveMQPlatform, name=test-hivemq-platform, uid=c6324fac-83e1-4a3e-8772-6601f4e616f6, additionalProperties={})], resourceVersion=null, selfLink=null, uid=null, additionalProperties={}), roleRef=RoleRef(apiGroup=rbac.authorization.k8s.io, kind=Role, name=hivemq-platform-role-test-hivemq-platform, additionalProperties={}), subjects=[Subject(apiGroup=null, kind=ServiceAccount, name=hivemq-platform-pod-test-hivemq-platform, namespace=helmcustomsecretconfigit, additionalProperties={})], additionalProperties={})
2025-01-29 13:39:31,103 INFO c.h.h.t.HelmChartContainer - [hivemq-test-hivemq-platform] [hivemq-platform-operator] [21afe644] 13:39:31.100 [ReconcilerExecutor-hivemq-controller-52] INFO  c.h.p.o.HiveMQPlatformReconciler - [helmcust] Reconciling HiveMQ Platform 'test-hivemq-platform' in namespace 'helmcustomsecretconfigit'
2025-01-29 13:39:31,103 INFO c.h.h.t.HelmChartContainer - [hivemq-test-hivemq-platform] [hivemq-platform-operator] [21afe644] 13:39:31.101 [ReconcilerExecutor-hivemq-controller-52] DEBUG c.h.p.o.HiveMQPlatformReconciler - [helmcust] Custom Resource Status CREATED - HiveMQ Platform was created (READY)
2025-01-29 13:39:31,103 INFO c.h.h.t.HelmChartContainer - [hivemq-test-hivemq-platform] [hivemq-platform-operator] [21afe644] 13:39:31.101 [ReconcilerExecutor-hivemq-controller-52] DEBUG c.h.p.o.HiveMQPlatformReconciler - [helmcust] Custom Resource Spec (replicas: 2) (extensions: 1)
2025-01-29 13:39:31,107 INFO c.h.h.t.HelmChartContainer - [hivemq-test-hivemq-platform] [hivemq-platform-operator] [21afe644] 13:39:31.106 [ReconcilerExecutor-hivemq-controller-52] INFO  c.h.p.o.h.HiveMQPlatformReconcilerBaseHandler - [helmcust] HiveMQ Platform is starting
2025-01-29 13:39:31,263 INFO c.h.h.t.HelmChartContainer - [hivemq-test-hivemq-platform] [hivemq-platform-operator] [21afe644] 13:39:31.262 [ReconcilerExecutor-hivemq-controller-52] DEBUG c.h.p.operator.event.EventSender - [helmcust] Creating K8s event hivemq-platform-starting: [Start] HiveMQ Platform is starting
2025-01-29 13:39:31,308 INFO c.h.h.t.HelmChartContainer - [EVENT] Normal [Start] HiveMQ Platform is starting [helmcustomsecretconfigit:test-hivemq-platform]
2025-01-29 13:39:31,312 INFO c.h.h.t.HelmChartContainer - [hivemq-test-hivemq-platform] [hivemq-platform-operator] [21afe644] 13:39:31.310 [ReconcilerExecutor-hivemq-controller-52] INFO  c.h.p.o.h.AbstractHiveMQReconcilerStateHandler - [helmcust] Update HiveMQ Platform Status (CREATED [READY] -> STARTING [READY]): HiveMQ Platform is starting
2025-01-29 13:39:31,405 DEBUG com.hivemq.helmcharts.util.K8sUtil - Comparing actual state 'STARTING' and waiting for 'RUNNING'
2025-01-29 13:39:31,462 INFO c.h.h.t.HelmChartContainer - [hivemq-test-hivemq-platform] [hivemq-platform-operator] [21afe644] 13:39:31.460 [pool-6-thread-12] DEBUG c.h.p.o.d.PlatformServiceResource - [helmcust] Desired Platform services (3 services)
2025-01-29 13:39:31,463 INFO c.h.h.t.HelmChartContainer - [hivemq-test-hivemq-platform] [hivemq-platform-operator] [21afe644] 13:39:31.461 [pool-6-thread-13] DEBUG c.h.p.o.dependants.PodInfoConfigMap - [helmcust] Desired PodInfo ConfigMap (1 extensions) (1 enabled)
2025-01-29 13:39:31,463 INFO c.h.h.t.HelmChartContainer - [hivemq-test-hivemq-platform] [hivemq-platform-operator] [21afe644] 13:39:31.461 [pool-6-thread-13] DEBUG c.h.p.o.dependants.PodInfoConfigMap - [helmcust] Desired PodInfo ConfigMap (metrics port: 9399) (metrics path: /)
2025-01-29 13:39:31,463 INFO c.h.h.t.HelmChartContainer - [hivemq-test-hivemq-platform] [hivemq-platform-operator] [21afe644] 13:39:31.461 [pool-6-thread-13] DEBUG c.h.p.o.dependants.PodInfoConfigMap - [helmcust] Desired PodInfo ConfigMap (extension state hash: -1817474005)
2025-01-29 13:39:31,507 INFO c.h.h.t.HelmChartContainer - [K3S] [alloc.go:330] "allocated clusterIPs" service="helmcustomsecretconfigit/hivemq-test-hivemq-platform-cc-8080" clusterIPs={"IPv4":"10.43.243.152"}
2025-01-29 13:39:31,510 INFO c.h.h.t.HelmChartContainer - [hivemq-test-hivemq-platform] [hivemq-platform-operator] [21afe644] 13:39:31.508 [pool-6-thread-13] DEBUG c.h.p.o.dependants.PodInfoConfigMap - [helmcust] Update PodInfo ConfigMap
2025-01-29 13:39:31,512 INFO c.h.h.t.HelmChartContainer - [hivemq-test-hivemq-platform] [hivemq-platform-operator] [21afe644] 13:39:31.510 [pool-6-thread-17] DEBUG c.h.p.o.d.PodServiceAccountResource - [helmcust] Desired PodServiceAccountResource (serviceAccountName: hivemq-platform-pod-test-hivemq-platform)
2025-01-29 13:39:31,567 INFO c.h.h.t.HelmChartContainer - [K3S] [alloc.go:330] "allocated clusterIPs" service="helmcustomsecretconfigit/hivemq-test-hivemq-platform-metrics-9399" clusterIPs={"IPv4":"10.43.19.69"}
2025-01-29 13:39:31,662 INFO c.h.h.t.HelmChartContainer - [K3S] [alloc.go:330] "allocated clusterIPs" service="helmcustomsecretconfigit/hivemq-test-hivemq-platform-mqtt-1883" clusterIPs={"IPv4":"10.43.146.235"}
2025-01-29 13:39:31,702 INFO c.h.h.t.HelmChartContainer - [hivemq-test-hivemq-platform] [hivemq-platform-operator] [21afe644] 13:39:31.701 [pool-6-thread-20] DEBUG c.h.p.o.d.StatefulSetResource - [helmcust] Desired StatefulSet (2 replicas) for status STARTING (READY)
2025-01-29 13:39:31,762 INFO c.h.h.t.HelmChartContainer - [hivemq-test-hivemq-platform] [hivemq-platform-operator] [21afe644] 13:39:31.759 [pool-6-thread-20] DEBUG c.h.p.o.d.StatefulSetResource - [helmcust] Create StatefulSet
2025-01-29 13:39:31,822 INFO c.h.h.t.HelmChartContainer - [POD] test-hivemq-platform-0 [2261d32b-9725-4e64-98a4-8a9628b89258] in helmcustomsecretconfigit was ADDED
2025-01-29 13:39:31,825 INFO c.h.h.t.HelmChartContainer - [EVENT] Normal [SuccessfulCreate] create Pod test-hivemq-platform-0 in StatefulSet test-hivemq-platform successful [helmcustomsecretconfigit:test-hivemq-platform]
2025-01-29 13:39:31,825 INFO c.h.h.t.HelmChartContainer - [POD] test-hivemq-platform-0 [2261d32b-9725-4e64-98a4-8a9628b89258] in helmcustomsecretconfigit was MODIFIED
2025-01-29 13:39:31,832 INFO c.h.h.t.HelmChartContainer - [EVENT] Normal [Scheduled] Successfully assigned helmcustomsecretconfigit/test-hivemq-platform-0 to 83e4a3cb5001 [helmcustomsecretconfigit:test-hivemq-platform-0]
2025-01-29 13:39:31,839 INFO c.h.h.t.HelmChartContainer - [POD] test-hivemq-platform-0 [2261d32b-9725-4e64-98a4-8a9628b89258] in helmcustomsecretconfigit was MODIFIED
2025-01-29 13:39:31,850 INFO c.h.h.t.HelmChartContainer - [K3S] [reconciler_common.go:251] "operationExecutor.VerifyControllerAttachedVolume started for volume \"pod-info\" (UniqueName: \"kubernetes.io/configmap/2261d32b-9725-4e64-98a4-8a9628b89258-pod-info\") pod \"test-hivemq-platform-0\" (UID: \"2261d32b-9725-4e64-98a4-8a9628b89258\") " pod="helmcustomsecretconfigit/test-hivemq-platform-0"
2025-01-29 13:39:31,850 INFO c.h.h.t.HelmChartContainer - [K3S] [reconciler_common.go:251] "operationExecutor.VerifyControllerAttachedVolume started for volume \"operator-init\" (UniqueName: \"kubernetes.io/empty-dir/2261d32b-9725-4e64-98a4-8a9628b89258-operator-init\") pod \"test-hivemq-platform-0\" (UID: \"2261d32b-9725-4e64-98a4-8a9628b89258\") " pod="helmcustomsecretconfigit/test-hivemq-platform-0"
2025-01-29 13:39:31,850 INFO c.h.h.t.HelmChartContainer - [K3S] [reconciler_common.go:251] "operationExecutor.VerifyControllerAttachedVolume started for volume \"broker-configuration\" (UniqueName: \"kubernetes.io/secret/2261d32b-9725-4e64-98a4-8a9628b89258-broker-configuration\") pod \"test-hivemq-platform-0\" (UID: \"2261d32b-9725-4e64-98a4-8a9628b89258\") " pod="helmcustomsecretconfigit/test-hivemq-platform-0"
2025-01-29 13:39:31,850 INFO c.h.h.t.HelmChartContainer - [K3S] [reconciler_common.go:251] "operationExecutor.VerifyControllerAttachedVolume started for volume \"kube-api-access-gw8h7\" (UniqueName: \"kubernetes.io/projected/2261d32b-9725-4e64-98a4-8a9628b89258-kube-api-access-gw8h7\") pod \"test-hivemq-platform-0\" (UID: \"2261d32b-9725-4e64-98a4-8a9628b89258\") " pod="helmcustomsecretconfigit/test-hivemq-platform-0"
2025-01-29 13:39:31,960 INFO c.h.h.t.HelmChartContainer - [hivemq-test-hivemq-platform] [hivemq-platform-operator] [21afe644] 13:39:31.958 [ReconcilerExecutor-hivemq-controller-64] INFO  c.h.p.o.HiveMQPlatformReconciler - [helmcust] Reconciling HiveMQ Platform 'test-hivemq-platform' in namespace 'helmcustomsecretconfigit'
2025-01-29 13:39:31,961 INFO c.h.h.t.HelmChartContainer - [hivemq-test-hivemq-platform] [hivemq-platform-operator] [21afe644] 13:39:31.958 [ReconcilerExecutor-hivemq-controller-64] DEBUG c.h.p.o.HiveMQPlatformReconciler - [helmcust] Custom Resource Status STARTING - HiveMQ Platform is starting (READY)
2025-01-29 13:39:31,961 INFO c.h.h.t.HelmChartContainer - [hivemq-test-hivemq-platform] [hivemq-platform-operator] [21afe644] 13:39:31.958 [ReconcilerExecutor-hivemq-controller-64] DEBUG c.h.p.o.HiveMQPlatformReconciler - [helmcust] Custom Resource Spec (replicas: 2) (extensions: 1)
2025-01-29 13:39:32,002 INFO c.h.h.t.HelmChartContainer - [hivemq-test-hivemq-platform] [hivemq-platform-operator] [21afe644] 13:39:32.001 [ReconcilerExecutor-hivemq-controller-64] DEBUG c.h.p.o.HiveMQPlatformReconciler - [helmcust] StatefulSet Status (revision: test-hivemq-platform-65cfcbfbf9, replicas: 1, available: 0, ready: 0, current: 1, updated: 1)
2025-01-29 13:39:32,002 INFO c.h.h.t.HelmChartContainer - [hivemq-test-hivemq-platform] [hivemq-platform-operator] [21afe644] 13:39:32.001 [ReconcilerExecutor-hivemq-controller-64] DEBUG c.h.p.o.HiveMQPlatformReconciler - [helmcust] StatefulSet Spec (replicas: 2, init containers: 1, containers: 1, volumes: 3)
2025-01-29 13:39:32,061 INFO c.h.h.t.HelmChartContainer - [hivemq-test-hivemq-platform] [hivemq-platform-operator] [21afe644] 13:39:32.059 [ReconcilerExecutor-hivemq-controller-64] DEBUG c.h.p.o.h.HiveMQPlatformReconcilerErrorHandler - [helmcust] Pod 'test-hivemq-platform-0' phase Pending
2025-01-29 13:39:32,062 INFO c.h.h.t.HelmChartContainer - [hivemq-test-hivemq-platform] [hivemq-platform-operator] [21afe644] 13:39:32.060 [ReconcilerExecutor-hivemq-controller-64] DEBUG c.h.p.o.h.HiveMQPlatformReconcilerErrorHandler - [helmcust] Pod 'test-hivemq-platform-0' condition 'PodReadyToStartContainers': False
2025-01-29 13:39:32,062 INFO c.h.h.t.HelmChartContainer - [hivemq-test-hivemq-platform] [hivemq-platform-operator] [21afe644] 13:39:32.060 [ReconcilerExecutor-hivemq-controller-64] DEBUG c.h.p.o.h.HiveMQPlatformReconcilerErrorHandler - [helmcust] Pod 'test-hivemq-platform-0' condition 'Initialized': False
2025-01-29 13:39:32,063 INFO c.h.h.t.HelmChartContainer - [hivemq-test-hivemq-platform] [hivemq-platform-operator] [21afe644] 13:39:32.060 [ReconcilerExecutor-hivemq-controller-64] DEBUG c.h.p.o.h.HiveMQPlatformReconcilerErrorHandler - [helmcust] Pod 'test-hivemq-platform-0' condition 'Ready': False
2025-01-29 13:39:32,063 INFO c.h.h.t.HelmChartContainer - [hivemq-test-hivemq-platform] [hivemq-platform-operator] [21afe644] 13:39:32.060 [ReconcilerExecutor-hivemq-controller-64] DEBUG c.h.p.o.h.HiveMQPlatformReconcilerErrorHandler - [helmcust] Pod 'test-hivemq-platform-0' condition 'ContainersReady': False
2025-01-29 13:39:32,063 INFO c.h.h.t.HelmChartContainer - [hivemq-test-hivemq-platform] [hivemq-platform-operator] [21afe644] 13:39:32.060 [ReconcilerExecutor-hivemq-controller-64] DEBUG c.h.p.o.h.HiveMQPlatformReconcilerErrorHandler - [helmcust] Pod 'test-hivemq-platform-0' condition 'PodScheduled': True
2025-01-29 13:39:32,063 INFO c.h.h.t.HelmChartContainer - [hivemq-test-hivemq-platform] [hivemq-platform-operator] [21afe644] 13:39:32.060 [ReconcilerExecutor-hivemq-controller-64] DEBUG c.h.p.o.h.HiveMQPlatformReconcilerErrorHandler - [helmcust] Pod 'test-hivemq-platform-0' containerStatus 'hivemq' (started: false) (ready: false) (waiting: [PodInitializing] null)
2025-01-29 13:39:32,065 INFO c.h.h.t.HelmChartContainer - [hivemq-test-hivemq-platform] [hivemq-platform-operator] [21afe644] 13:39:32.063 [ReconcilerExecutor-hivemq-controller-64] INFO  c.h.p.o.h.HiveMQPlatformReconcilerBaseHandler - [helmcust] HiveMQ Platform is starting, 0 of 2 replicas are ready
2025-01-29 13:39:32,107 INFO c.h.h.t.HelmChartContainer - [hivemq-test-hivemq-platform] [hivemq-platform-operator] [21afe644] 13:39:32.103 [pool-6-thread-22] DEBUG c.h.p.o.d.PlatformServiceResource - [helmcust] Desired Platform services (3 services)
2025-01-29 13:39:32,107 INFO c.h.h.t.HelmChartContainer - [hivemq-test-hivemq-platform] [hivemq-platform-operator] [21afe644] 13:39:32.104 [pool-6-thread-23] DEBUG c.h.p.o.dependants.PodInfoConfigMap - [helmcust] Desired PodInfo ConfigMap (1 extensions) (1 enabled)
2025-01-29 13:39:32,107 INFO c.h.h.t.HelmChartContainer - [hivemq-test-hivemq-platform] [hivemq-platform-operator] [21afe644] 13:39:32.104 [pool-6-thread-23] DEBUG c.h.p.o.dependants.PodInfoConfigMap - [helmcust] Desired PodInfo ConfigMap (metrics port: 9399) (metrics path: /)
2025-01-29 13:39:32,107 INFO c.h.h.t.HelmChartContainer - [hivemq-test-hivemq-platform] [hivemq-platform-operator] [21afe644] 13:39:32.104 [pool-6-thread-23] DEBUG c.h.p.o.dependants.PodInfoConfigMap - [helmcust] Desired PodInfo ConfigMap (extension state hash: -1817474005)
2025-01-29 13:39:32,108 INFO c.h.h.t.HelmChartContainer - [hivemq-test-hivemq-platform] [hivemq-platform-operator] [21afe644] 13:39:32.106 [pool-6-thread-27] DEBUG c.h.p.o.d.PodServiceAccountResource - [helmcust] Desired PodServiceAccountResource (serviceAccountName: hivemq-platform-pod-test-hivemq-platform)
2025-01-29 13:39:32,164 INFO c.h.h.t.HelmChartContainer - [hivemq-test-hivemq-platform] [hivemq-platform-operator] [21afe644] 13:39:32.162 [pool-6-thread-30] DEBUG c.h.p.o.d.StatefulSetResource - [helmcust] Desired StatefulSet (2 replicas) for status STARTING (READY)
2025-01-29 13:39:32,206 INFO c.h.h.t.HelmChartContainer - [hivemq-test-hivemq-platform] [hivemq-platform-operator] [21afe644] 13:39:32.205 [ReconcilerExecutor-hivemq-controller-75] INFO  c.h.p.o.HiveMQPlatformReconciler - [helmcust] Reconciling HiveMQ Platform 'test-hivemq-platform' in namespace 'helmcustomsecretconfigit'
2025-01-29 13:39:32,207 INFO c.h.h.t.HelmChartContainer - [hivemq-test-hivemq-platform] [hivemq-platform-operator] [21afe644] 13:39:32.206 [ReconcilerExecutor-hivemq-controller-75] DEBUG c.h.p.o.HiveMQPlatformReconciler - [helmcust] Custom Resource Status STARTING - HiveMQ Platform is starting (READY)
2025-01-29 13:39:32,210 INFO c.h.h.t.HelmChartContainer - [hivemq-test-hivemq-platform] [hivemq-platform-operator] [21afe644] 13:39:32.206 [ReconcilerExecutor-hivemq-controller-75] DEBUG c.h.p.o.HiveMQPlatformReconciler - [helmcust] Custom Resource Spec (replicas: 2) (extensions: 1)
2025-01-29 13:39:32,223 INFO c.h.h.t.HelmChartContainer - [EVENT] Normal [Pulled] Container image "docker.io/hivemq/hivemq-platform-operator-init-test:snapshot" already present on machine [helmcustomsecretconfigit:test-hivemq-platform-0]
2025-01-29 13:39:32,258 INFO c.h.h.t.HelmChartContainer - [hivemq-test-hivemq-platform] [hivemq-platform-operator] [21afe644] 13:39:32.257 [ReconcilerExecutor-hivemq-controller-75] DEBUG c.h.p.o.HiveMQPlatformReconciler - [helmcust] StatefulSet Status (revision: test-hivemq-platform-65cfcbfbf9, replicas: 1, available: 0, ready: 0, current: 1, updated: 1)
2025-01-29 13:39:32,260 INFO c.h.h.t.HelmChartContainer - [hivemq-test-hivemq-platform] [hivemq-platform-operator] [21afe644] 13:39:32.257 [ReconcilerExecutor-hivemq-controller-75] DEBUG c.h.p.o.HiveMQPlatformReconciler - [helmcust] StatefulSet Spec (replicas: 2, init containers: 1, containers: 1, volumes: 3)
2025-01-29 13:39:32,263 INFO c.h.h.t.HelmChartContainer - [hivemq-test-hivemq-platform] [hivemq-platform-operator] [21afe644] 13:39:32.260 [ReconcilerExecutor-hivemq-controller-75] DEBUG c.h.p.o.h.HiveMQPlatformReconcilerErrorHandler - [helmcust] Pod 'test-hivemq-platform-0' phase Pending
2025-01-29 13:39:32,263 INFO c.h.h.t.HelmChartContainer - [hivemq-test-hivemq-platform] [hivemq-platform-operator] [21afe644] 13:39:32.261 [ReconcilerExecutor-hivemq-controller-75] DEBUG c.h.p.o.h.HiveMQPlatformReconcilerErrorHandler - [helmcust] Pod 'test-hivemq-platform-0' condition 'PodReadyToStartContainers': False
2025-01-29 13:39:32,263 INFO c.h.h.t.HelmChartContainer - [hivemq-test-hivemq-platform] [hivemq-platform-operator] [21afe644] 13:39:32.261 [ReconcilerExecutor-hivemq-controller-75] DEBUG c.h.p.o.h.HiveMQPlatformReconcilerErrorHandler - [helmcust] Pod 'test-hivemq-platform-0' condition 'Initialized': False
2025-01-29 13:39:32,263 INFO c.h.h.t.HelmChartContainer - [hivemq-test-hivemq-platform] [hivemq-platform-operator] [21afe644] 13:39:32.261 [ReconcilerExecutor-hivemq-controller-75] DEBUG c.h.p.o.h.HiveMQPlatformReconcilerErrorHandler - [helmcust] Pod 'test-hivemq-platform-0' condition 'Ready': False
2025-01-29 13:39:32,263 INFO c.h.h.t.HelmChartContainer - [hivemq-test-hivemq-platform] [hivemq-platform-operator] [21afe644] 13:39:32.261 [ReconcilerExecutor-hivemq-controller-75] DEBUG c.h.p.o.h.HiveMQPlatformReconcilerErrorHandler - [helmcust] Pod 'test-hivemq-platform-0' condition 'ContainersReady': False
2025-01-29 13:39:32,263 INFO c.h.h.t.HelmChartContainer - [hivemq-test-hivemq-platform] [hivemq-platform-operator] [21afe644] 13:39:32.261 [ReconcilerExecutor-hivemq-controller-75] DEBUG c.h.p.o.h.HiveMQPlatformReconcilerErrorHandler - [helmcust] Pod 'test-hivemq-platform-0' condition 'PodScheduled': True
2025-01-29 13:39:32,263 INFO c.h.h.t.HelmChartContainer - [hivemq-test-hivemq-platform] [hivemq-platform-operator] [21afe644] 13:39:32.261 [ReconcilerExecutor-hivemq-controller-75] DEBUG c.h.p.o.h.HiveMQPlatformReconcilerErrorHandler - [helmcust] Pod 'test-hivemq-platform-0' containerStatus 'hivemq' (started: false) (ready: false) (waiting: [PodInitializing] null)
2025-01-29 13:39:32,264 INFO c.h.h.t.HelmChartContainer - [hivemq-test-hivemq-platform] [hivemq-platform-operator] [21afe644] 13:39:32.262 [ReconcilerExecutor-hivemq-controller-75] INFO  c.h.p.o.h.HiveMQPlatformReconcilerBaseHandler - [helmcust] HiveMQ Platform is starting, 0 of 2 replicas are ready
2025-01-29 13:39:32,363 INFO c.h.h.t.HelmChartContainer - [EVENT] Normal [Created] Created container: hivemq-platform-operator-init [helmcustomsecretconfigit:test-hivemq-platform-0]
2025-01-29 13:39:32,400 INFO c.h.h.t.HelmChartContainer - [EVENT] Normal [Started] Started container hivemq-platform-operator-init [helmcustomsecretconfigit:test-hivemq-platform-0]
2025-01-29 13:39:33,404 INFO c.h.h.t.HelmChartContainer - [EVENT] Normal [Pulled] Container image "docker.io/hivemq/hivemq4:4.36.0" already present on machine [helmcustomsecretconfigit:test-hivemq-platform-0]
2025-01-29 13:39:33,404 INFO c.h.h.t.HelmChartContainer - Received Pulled event for container hivemq in pod test-hivemq-platform-0 [2261d32b-9725-4e64-98a4-8a9628b89258]
2025-01-29 13:39:33,413 INFO c.h.h.t.HelmChartContainer - [POD] test-hivemq-platform-0 [2261d32b-9725-4e64-98a4-8a9628b89258] in helmcustomsecretconfigit was MODIFIED
2025-01-29 13:39:33,431 INFO c.h.h.t.HelmChartContainer - [hivemq-test-hivemq-platform] [hivemq-platform-operator] [21afe644] 13:39:33.425 [pool-6-thread-32] DEBUG c.h.p.o.d.PlatformServiceResource - [helmcust] Desired Platform services (3 services)
2025-01-29 13:39:33,439 INFO c.h.h.t.HelmChartContainer - [hivemq-test-hivemq-platform] [hivemq-platform-operator] [21afe644] 13:39:33.428 [pool-6-thread-33] DEBUG c.h.p.o.dependants.PodInfoConfigMap - [helmcust] Desired PodInfo ConfigMap (1 extensions) (1 enabled)
2025-01-29 13:39:33,440 INFO c.h.h.t.HelmChartContainer - [hivemq-test-hivemq-platform] [hivemq-platform-operator] [21afe644] 13:39:33.428 [pool-6-thread-33] DEBUG c.h.p.o.dependants.PodInfoConfigMap - [helmcust] Desired PodInfo ConfigMap (metrics port: 9399) (metrics path: /)
2025-01-29 13:39:33,440 INFO c.h.h.t.HelmChartContainer - [hivemq-test-hivemq-platform] [hivemq-platform-operator] [21afe644] 13:39:33.428 [pool-6-thread-33] DEBUG c.h.p.o.dependants.PodInfoConfigMap - [helmcust] Desired PodInfo ConfigMap (extension state hash: -1817474005)
2025-01-29 13:39:33,500 INFO c.h.h.t.HelmChartContainer - [hivemq-test-hivemq-platform] [hivemq-platform-operator] [21afe644] 13:39:33.498 [pool-6-thread-37] DEBUG c.h.p.o.d.PodServiceAccountResource - [helmcust] Desired PodServiceAccountResource (serviceAccountName: hivemq-platform-pod-test-hivemq-platform)
2025-01-29 13:39:33,506 INFO c.h.h.t.HelmChartContainer - [hivemq-test-hivemq-platform] [hivemq-platform-operator] [21afe644] 13:39:33.506 [pool-6-thread-40] DEBUG c.h.p.o.d.StatefulSetResource - [helmcust] Desired StatefulSet (2 replicas) for status STARTING (READY)
2025-01-29 13:39:33,511 INFO c.h.h.t.HelmChartContainer - [hivemq-test-hivemq-platform] [hivemq-platform-operator] [21afe644] 13:39:33.511 [ReconcilerExecutor-hivemq-controller-86] INFO  c.h.p.o.HiveMQPlatformReconciler - [helmcust] Reconciling HiveMQ Platform 'test-hivemq-platform' in namespace 'helmcustomsecretconfigit'
2025-01-29 13:39:33,512 INFO c.h.h.t.HelmChartContainer - [hivemq-test-hivemq-platform] [hivemq-platform-operator] [21afe644] 13:39:33.511 [ReconcilerExecutor-hivemq-controller-86] DEBUG c.h.p.o.HiveMQPlatformReconciler - [helmcust] Custom Resource Status STARTING - HiveMQ Platform is starting (READY)
2025-01-29 13:39:33,512 INFO c.h.h.t.HelmChartContainer - [hivemq-test-hivemq-platform] [hivemq-platform-operator] [21afe644] 13:39:33.511 [ReconcilerExecutor-hivemq-controller-86] DEBUG c.h.p.o.HiveMQPlatformReconciler - [helmcust] Custom Resource Spec (replicas: 2) (extensions: 1)
2025-01-29 13:39:33,518 INFO c.h.h.t.HelmChartContainer - [hivemq-test-hivemq-platform] [hivemq-platform-operator] [21afe644] 13:39:33.514 [ReconcilerExecutor-hivemq-controller-86] DEBUG c.h.p.o.HiveMQPlatformReconciler - [helmcust] StatefulSet Status (revision: test-hivemq-platform-65cfcbfbf9, replicas: 1, available: 0, ready: 0, current: 1, updated: 1)
2025-01-29 13:39:33,518 INFO c.h.h.t.HelmChartContainer - [hivemq-test-hivemq-platform] [hivemq-platform-operator] [21afe644] 13:39:33.514 [ReconcilerExecutor-hivemq-controller-86] DEBUG c.h.p.o.HiveMQPlatformReconciler - [helmcust] StatefulSet Spec (replicas: 2, init containers: 1, containers: 1, volumes: 3)
2025-01-29 13:39:33,519 INFO c.h.h.t.HelmChartContainer - [hivemq-test-hivemq-platform] [hivemq-platform-operator] [21afe644] 13:39:33.518 [ReconcilerExecutor-hivemq-controller-86] DEBUG c.h.p.o.h.HiveMQPlatformReconcilerErrorHandler - [helmcust] Pod 'test-hivemq-platform-0' phase Pending
2025-01-29 13:39:33,520 INFO c.h.h.t.HelmChartContainer - [hivemq-test-hivemq-platform] [hivemq-platform-operator] [21afe644] 13:39:33.518 [ReconcilerExecutor-hivemq-controller-86] DEBUG c.h.p.o.h.HiveMQPlatformReconcilerErrorHandler - [helmcust] Pod 'test-hivemq-platform-0' condition 'PodReadyToStartContainers': True
2025-01-29 13:39:33,520 INFO c.h.h.t.HelmChartContainer - [hivemq-test-hivemq-platform] [hivemq-platform-operator] [21afe644] 13:39:33.519 [ReconcilerExecutor-hivemq-controller-86] DEBUG c.h.p.o.h.HiveMQPlatformReconcilerErrorHandler - [helmcust] Pod 'test-hivemq-platform-0' condition 'Initialized': True
2025-01-29 13:39:33,520 INFO c.h.h.t.HelmChartContainer - [hivemq-test-hivemq-platform] [hivemq-platform-operator] [21afe644] 13:39:33.519 [ReconcilerExecutor-hivemq-controller-86] DEBUG c.h.p.o.h.HiveMQPlatformReconcilerErrorHandler - [helmcust] Pod 'test-hivemq-platform-0' condition 'Ready': False
2025-01-29 13:39:33,520 INFO c.h.h.t.HelmChartContainer - [hivemq-test-hivemq-platform] [hivemq-platform-operator] [21afe644] 13:39:33.519 [ReconcilerExecutor-hivemq-controller-86] DEBUG c.h.p.o.h.HiveMQPlatformReconcilerErrorHandler - [helmcust] Pod 'test-hivemq-platform-0' condition 'ContainersReady': False
2025-01-29 13:39:33,520 INFO c.h.h.t.HelmChartContainer - [hivemq-test-hivemq-platform] [hivemq-platform-operator] [21afe644] 13:39:33.519 [ReconcilerExecutor-hivemq-controller-86] DEBUG c.h.p.o.h.HiveMQPlatformReconcilerErrorHandler - [helmcust] Pod 'test-hivemq-platform-0' condition 'PodScheduled': True
2025-01-29 13:39:33,520 INFO c.h.h.t.HelmChartContainer - [hivemq-test-hivemq-platform] [hivemq-platform-operator] [21afe644] 13:39:33.519 [ReconcilerExecutor-hivemq-controller-86] DEBUG c.h.p.o.h.HiveMQPlatformReconcilerErrorHandler - [helmcust] Pod 'test-hivemq-platform-0' containerStatus 'hivemq' (started: false) (ready: false) (waiting: [PodInitializing] null)
2025-01-29 13:39:33,521 INFO c.h.h.t.HelmChartContainer - [hivemq-test-hivemq-platform] [hivemq-platform-operator] [21afe644] 13:39:33.520 [ReconcilerExecutor-hivemq-controller-86] INFO  c.h.p.o.h.HiveMQPlatformReconcilerBaseHandler - [helmcust] HiveMQ Platform is starting, 0 of 2 replicas are ready
2025-01-29 13:39:34,815 INFO c.h.h.t.HelmChartContainer - [EVENT] Normal [Created] Created container: hivemq [helmcustomsecretconfigit:test-hivemq-platform-0]
2025-01-29 13:39:34,815 INFO c.h.h.t.HelmChartContainer - Received Created event for container hivemq in pod test-hivemq-platform-0 [2261d32b-9725-4e64-98a4-8a9628b89258]
2025-01-29 13:39:35,417 INFO c.h.h.t.HelmChartContainer - [POD] test-hivemq-platform-0 [2261d32b-9725-4e64-98a4-8a9628b89258] in helmcustomsecretconfigit was MODIFIED
2025-01-29 13:39:35,425 INFO c.h.h.t.HelmChartContainer - Started log watcher for hivemq in pod test-hivemq-platform-0 [2261d32b-9725-4e64-98a4-8a9628b89258]
2025-01-29 13:39:35,425 INFO c.h.h.t.HelmChartContainer - [test-hivemq-platform] [hivemq] [2261d32b] Adding pre-installed HiveMQ Platform Operator extensions
2025-01-29 13:39:35,425 INFO c.h.h.t.HelmChartContainer - [test-hivemq-platform] [hivemq] [2261d32b] Running as user 10000
2025-01-29 13:39:35,425 INFO c.h.h.t.HelmChartContainer - [test-hivemq-platform] [hivemq] [2261d32b] Starting HiveMQ Platform Operator Init
2025-01-29 13:39:35,425 INFO c.h.h.t.HelmChartContainer - [EVENT] Normal [Started] Started container hivemq [helmcustomsecretconfigit:test-hivemq-platform-0]
2025-01-29 13:39:35,425 INFO c.h.h.t.HelmChartContainer - Received Started event for container hivemq in pod test-hivemq-platform-0 [2261d32b-9725-4e64-98a4-8a9628b89258]
2025-01-29 13:39:35,433 INFO c.h.h.t.HelmChartContainer - [hivemq-test-hivemq-platform] [hivemq-platform-operator] [21afe644] 13:39:35.429 [pool-6-thread-42] DEBUG c.h.p.o.d.PlatformServiceResource - [helmcust] Desired Platform services (3 services)
2025-01-29 13:39:35,436 INFO c.h.h.t.HelmChartContainer - [hivemq-test-hivemq-platform] [hivemq-platform-operator] [21afe644] 13:39:35.431 [pool-6-thread-43] DEBUG c.h.p.o.dependants.PodInfoConfigMap - [helmcust] Desired PodInfo ConfigMap (1 extensions) (1 enabled)
2025-01-29 13:39:35,436 INFO c.h.h.t.HelmChartContainer - [hivemq-test-hivemq-platform] [hivemq-platform-operator] [21afe644] 13:39:35.432 [pool-6-thread-43] DEBUG c.h.p.o.dependants.PodInfoConfigMap - [helmcust] Desired PodInfo ConfigMap (metrics port: 9399) (metrics path: /)
2025-01-29 13:39:35,437 INFO c.h.h.t.HelmChartContainer - [hivemq-test-hivemq-platform] [hivemq-platform-operator] [21afe644] 13:39:35.434 [pool-6-thread-43] DEBUG c.h.p.o.dependants.PodInfoConfigMap - [helmcust] Desired PodInfo ConfigMap (extension state hash: -1817474005)
2025-01-29 13:39:35,442 INFO c.h.h.t.HelmChartContainer - [hivemq-test-hivemq-platform] [hivemq-platform-operator] [21afe644] 13:39:35.441 [pool-6-thread-47] DEBUG c.h.p.o.d.PodServiceAccountResource - [helmcust] Desired PodServiceAccountResource (serviceAccountName: hivemq-platform-pod-test-hivemq-platform)
2025-01-29 13:39:35,502 INFO c.h.h.t.HelmChartContainer - [hivemq-test-hivemq-platform] [hivemq-platform-operator] [21afe644] 13:39:35.501 [pool-6-thread-49] DEBUG c.h.p.o.d.StatefulSetResource - [helmcust] Desired StatefulSet (2 replicas) for status STARTING (READY)
2025-01-29 13:39:35,508 INFO c.h.h.t.HelmChartContainer - [hivemq-test-hivemq-platform] [hivemq-platform-operator] [21afe644] 13:39:35.506 [ReconcilerExecutor-hivemq-controller-97] INFO  c.h.p.o.HiveMQPlatformReconciler - [helmcust] Reconciling HiveMQ Platform 'test-hivemq-platform' in namespace 'helmcustomsecretconfigit'
2025-01-29 13:39:35,508 INFO c.h.h.t.HelmChartContainer - [hivemq-test-hivemq-platform] [hivemq-platform-operator] [21afe644] 13:39:35.506 [ReconcilerExecutor-hivemq-controller-97] DEBUG c.h.p.o.HiveMQPlatformReconciler - [helmcust] Custom Resource Status STARTING - HiveMQ Platform is starting (READY)
2025-01-29 13:39:35,508 INFO c.h.h.t.HelmChartContainer - [hivemq-test-hivemq-platform] [hivemq-platform-operator] [21afe644] 13:39:35.506 [ReconcilerExecutor-hivemq-controller-97] DEBUG c.h.p.o.HiveMQPlatformReconciler - [helmcust] Custom Resource Spec (replicas: 2) (extensions: 1)
2025-01-29 13:39:35,510 INFO c.h.h.t.HelmChartContainer - [hivemq-test-hivemq-platform] [hivemq-platform-operator] [21afe644] 13:39:35.508 [ReconcilerExecutor-hivemq-controller-97] DEBUG c.h.p.o.HiveMQPlatformReconciler - [helmcust] StatefulSet Status (revision: test-hivemq-platform-65cfcbfbf9, replicas: 1, available: 0, ready: 0, current: 1, updated: 1)
2025-01-29 13:39:35,510 INFO c.h.h.t.HelmChartContainer - [hivemq-test-hivemq-platform] [hivemq-platform-operator] [21afe644] 13:39:35.508 [ReconcilerExecutor-hivemq-controller-97] DEBUG c.h.p.o.HiveMQPlatformReconciler - [helmcust] StatefulSet Spec (replicas: 2, init containers: 1, containers: 1, volumes: 3)
2025-01-29 13:39:35,512 INFO c.h.h.t.HelmChartContainer - [hivemq-test-hivemq-platform] [hivemq-platform-operator] [21afe644] 13:39:35.511 [ReconcilerExecutor-hivemq-controller-97] DEBUG c.h.p.o.h.HiveMQPlatformReconcilerErrorHandler - [helmcust] Pod 'test-hivemq-platform-0' phase Running
2025-01-29 13:39:35,513 INFO c.h.h.t.HelmChartContainer - [hivemq-test-hivemq-platform] [hivemq-platform-operator] [21afe644] 13:39:35.512 [ReconcilerExecutor-hivemq-controller-97] INFO  c.h.p.o.h.HiveMQPlatformReconcilerBaseHandler - [helmcust] HiveMQ Platform is starting, 0 of 2 replicas are ready
2025-01-29 13:39:36,123 INFO c.h.h.t.HelmChartContainer - [test-hivemq-platform] [hivemq] [2261d32b] INFO  - [HiveMQ Platform Operator Init 1.7.0-SNAPSHOT] HiveMQ Platform Operator Init 1.7.0-SNAPSHOT (commit: bebf408 on branch: HEAD) built on Sun Jan 26 20:47:47 UTC 2025
2025-01-29 13:39:37,256 INFO c.h.h.t.HelmChartContainer - [test-hivemq-platform] [hivemq] [2261d32b] INFO  - [HiveMQ Platform Operator Init App 1.7.0-SNAPSHOT] Using bind address 10.42.0.8 from environment variable
2025-01-29 13:39:38,236 INFO c.h.h.t.HelmChartContainer - [test-hivemq-platform] [hivemq] [2261d32b] INFO  - [HiveMQ Platform Operator Init App 1.7.0-SNAPSHOT] HiveMQ Platform Operator Init App 1.7.0-SNAPSHOT (commit: bebf408 on branch: HEAD) built on Sun Jan 26 20:47:47 UTC 2025
2025-01-29 13:39:38,236 INFO c.h.h.t.HelmChartContainer - [test-hivemq-platform] [hivemq] [2261d32b] INFO  - [HiveMQ Platform Operator Init App 1.7.0-SNAPSHOT] PodInfo ConfigMap directory: /etc/podinfo
2025-01-29 13:39:38,236 INFO c.h.h.t.HelmChartContainer - [test-hivemq-platform] [hivemq] [2261d32b] INFO  - [HiveMQ Platform Operator Init App 1.7.0-SNAPSHOT] HiveMQ home directory: /opt/hivemq
2025-01-29 13:39:38,236 INFO c.h.h.t.HelmChartContainer - [test-hivemq-platform] [hivemq] [2261d32b] INFO  - [HiveMQ Platform Operator Init App 1.7.0-SNAPSHOT] HiveMQ Logback folder: /opt/hivemq/conf
2025-01-29 13:39:38,236 INFO c.h.h.t.HelmChartContainer - [test-hivemq-platform] [hivemq] [2261d32b] INFO  - [HiveMQ Platform Operator Init App 1.7.0-SNAPSHOT] HiveMQ Config folder: /opt/hivemq/conf-k8s
2025-01-29 13:39:38,237 INFO c.h.h.t.HelmChartContainer - [test-hivemq-platform] [hivemq] [2261d32b] INFO  - [HiveMQ Platform Operator Init App 1.7.0-SNAPSHOT] Starting HiveMQ Platform Operator Init App
2025-01-29 13:39:38,237 INFO c.h.h.t.HelmChartContainer - [test-hivemq-platform] [hivemq] [2261d32b] INFO  - [HiveMQ Platform Operator Init App 1.7.0-SNAPSHOT] Starting Pod reconciler
2025-01-29 13:39:39,543 INFO c.h.h.t.HelmChartContainer - [test-hivemq-platform] [hivemq] [2261d32b] INFO  - [HiveMQ Platform Operator Init App 1.7.0-SNAPSHOT] Pod reconciler is scheduled (interval: 5000 ms)
2025-01-29 13:39:39,544 INFO c.h.h.t.HelmChartContainer - [test-hivemq-platform] [hivemq] [2261d32b] INFO  - [HiveMQ Platform Operator Init App 1.7.0-SNAPSHOT] Starting the REST API on 10.42.0.8:7979
2025-01-29 13:39:39,547 INFO c.h.h.t.HelmChartContainer - [test-hivemq-platform] [hivemq] [2261d32b] INFO  - [HiveMQ Platform Operator Init App 1.7.0-SNAPSHOT] Waiting up to 600s for at most 2 HiveMQ nodes in cluster service hivemq-test-hivemq-platform-cluster.helmcustomsecretconfigit.svc
2025-01-29 13:39:39,938 INFO c.h.h.t.HelmChartContainer - [test-hivemq-platform] [hivemq] [2261d32b] INFO  - [HiveMQ Platform Operator Init App 1.7.0-SNAPSHOT] Resolved 1 IP addresses: [10.42.0.8]
2025-01-29 13:39:39,938 INFO c.h.h.t.HelmChartContainer - [test-hivemq-platform] [hivemq] [2261d32b] INFO  - [HiveMQ Platform Operator Init App 1.7.0-SNAPSHOT] HiveMQ node count of 1 is within threshold of 2
2025-01-29 13:39:39,938 INFO c.h.h.t.HelmChartContainer - [test-hivemq-platform] [hivemq] [2261d32b] INFO  - [HiveMQ Platform Operator Init App 1.7.0-SNAPSHOT] Proceeding with container start
2025-01-29 13:39:40,032 INFO c.h.h.t.HelmChartContainer - [test-hivemq-platform] [hivemq] [2261d32b] INFO  - [HiveMQ Platform Operator Init App 1.7.0-SNAPSHOT] Initializing HiveMQ Platform extensions with initial configuration: {hivemq-allow-all-extension={start-priority=-1, skip-https-hostname-verification=false, restart=true, config-version=0, header-version=0, c-uri=, priority=-1, uri=preinstalled, skip-https-certificate-validation=false, enabled=true}, hivemq-prometheus-extension={priority=-1, start-priority=-1, c-uri=, skip-https-hostname-verification=false, skip-https-certificate-validation=false, uri=preinstalled, request-header-path=no-request-headers, enabled=true, restart=true}}
2025-01-29 13:39:40,525 INFO c.h.h.t.HelmChartContainer - [test-hivemq-platform] [hivemq] [2261d32b] INFO  - [HiveMQ Platform Operator Init App 1.7.0-SNAPSHOT] Extension hivemq-allow-all-extension was already enabled
2025-01-29 13:39:40,538 INFO c.h.h.t.HelmChartContainer - [test-hivemq-platform] [hivemq] [2261d32b] INFO  - [HiveMQ Platform Operator Init App 1.7.0-SNAPSHOT] Successfully enabled extension hivemq-prometheus-extension
2025-01-29 13:39:40,623 INFO c.h.h.t.HelmChartContainer - [test-hivemq-platform] [hivemq] [2261d32b] INFO  - [HiveMQ Platform Operator Init App 1.7.0-SNAPSHOT] Starting HiveMQ Platform version 4.36.0 (4.36.0)
2025-01-29 13:39:40,623 INFO c.h.h.t.HelmChartContainer - [test-hivemq-platform] [hivemq] [2261d32b] INFO  - [HiveMQ Platform Operator Init App 1.7.0-SNAPSHOT] Configuring the HiveMQ Platform
2025-01-29 13:39:40,634 INFO c.h.h.t.HelmChartContainer - [test-hivemq-platform] [hivemq] [2261d32b] INFO  - [HiveMQ Platform Operator Init App 1.7.0-SNAPSHOT] Changed logback.xml file scan period to 20 seconds
2025-01-29 13:39:40,726 INFO c.h.h.t.HelmChartContainer - [test-hivemq-platform] [hivemq] [2261d32b] INFO  - [HiveMQ Platform Operator Init App 1.7.0-SNAPSHOT] Starting the HiveMQ Platform
2025-01-29 13:39:40,729 INFO c.h.h.t.HelmChartContainer - [test-hivemq-platform] [hivemq] [2261d32b] -------------------------------------------------------------------------
2025-01-29 13:39:40,729 INFO c.h.h.t.HelmChartContainer - [test-hivemq-platform] [hivemq] [2261d32b] 
2025-01-29 13:39:40,729 INFO c.h.h.t.HelmChartContainer - [test-hivemq-platform] [hivemq] [2261d32b]                   _    _  _              __  __   ____
2025-01-29 13:39:40,729 INFO c.h.h.t.HelmChartContainer - [test-hivemq-platform] [hivemq] [2261d32b]                  | |  | |(_)            |  \/  | / __ \
2025-01-29 13:39:40,730 INFO c.h.h.t.HelmChartContainer - [test-hivemq-platform] [hivemq] [2261d32b]                  | |__| | _ __   __ ___ | \  / || |  | |
2025-01-29 13:39:40,730 INFO c.h.h.t.HelmChartContainer - [test-hivemq-platform] [hivemq] [2261d32b]                  |  __  || |\ \ / // _ \| |\/| || |  | |
2025-01-29 13:39:40,730 INFO c.h.h.t.HelmChartContainer - [test-hivemq-platform] [hivemq] [2261d32b]                  | |  | || | \ V /|  __/| |  | || |__| |
2025-01-29 13:39:40,730 INFO c.h.h.t.HelmChartContainer - [test-hivemq-platform] [hivemq] [2261d32b]                  |_|  |_||_|  \_/  \___||_|  |_| \___\_\
2025-01-29 13:39:40,730 INFO c.h.h.t.HelmChartContainer - [test-hivemq-platform] [hivemq] [2261d32b] 
2025-01-29 13:39:40,730 INFO c.h.h.t.HelmChartContainer - [test-hivemq-platform] [hivemq] [2261d32b] -------------------------------------------------------------------------
2025-01-29 13:39:40,730 INFO c.h.h.t.HelmChartContainer - [test-hivemq-platform] [hivemq] [2261d32b] 
2025-01-29 13:39:40,730 INFO c.h.h.t.HelmChartContainer - [test-hivemq-platform] [hivemq] [2261d32b]   HiveMQ Start Script for Linux/Unix v1.14
2025-01-29 13:39:40,730 INFO c.h.h.t.HelmChartContainer - [test-hivemq-platform] [hivemq] [2261d32b] 
2025-01-29 13:39:40,827 INFO c.h.h.t.HelmChartContainer - [test-hivemq-platform] [hivemq] [2261d32b] -------------------------------------------------------------------------
2025-01-29 13:39:40,827 INFO c.h.h.t.HelmChartContainer - [test-hivemq-platform] [hivemq] [2261d32b] 
2025-01-29 13:39:40,828 INFO c.h.h.t.HelmChartContainer - [test-hivemq-platform] [hivemq] [2261d32b]   HIVEMQ_HOME: /opt/hivemq
2025-01-29 13:39:40,828 INFO c.h.h.t.HelmChartContainer - [test-hivemq-platform] [hivemq] [2261d32b] 
2025-01-29 13:39:40,828 INFO c.h.h.t.HelmChartContainer - [test-hivemq-platform] [hivemq] [2261d32b]   JAVA_OPTS: -XX:+UnlockExperimentalVMOptions -XX:InitialRAMPercentage=50 -XX:MaxRAMPercentage=50 -Djava.net.preferIPv4Stack=true --add-opens java.base/java.lang=ALL-UNNAMED --add-opens java.base/java.nio=ALL-UNNAMED --add-opens java.base/sun.nio.ch=ALL-UNNAMED --add-opens jdk.management/com.sun.management.internal=ALL-UNNAMED --add-exports java.base/jdk.internal.misc=ALL-UNNAMED -Djava.security.egd=file:/dev/./urandom -Dcom.sun.management.jmxremote -Dcom.sun.management.jmxremote.port=9010 -Dcom.sun.management.jmxremote.local.only=false -Dcom.sun.management.jmxremote.authenticate=false -Dcom.sun.management.jmxremote.ssl=false -Duser.language=en -Duser.region=US -XX:+CrashOnOutOfMemoryError -XX:+HeapDumpOnOutOfMemoryError
2025-01-29 13:39:40,828 INFO c.h.h.t.HelmChartContainer - [test-hivemq-platform] [hivemq] [2261d32b] 
2025-01-29 13:39:40,828 INFO c.h.h.t.HelmChartContainer - [test-hivemq-platform] [hivemq] [2261d32b]   JAVA_VERSION: 21
2025-01-29 13:39:40,828 INFO c.h.h.t.HelmChartContainer - [test-hivemq-platform] [hivemq] [2261d32b] 
2025-01-29 13:39:40,828 INFO c.h.h.t.HelmChartContainer - [test-hivemq-platform] [hivemq] [2261d32b] -------------------------------------------------------------------------
2025-01-29 13:39:40,828 INFO c.h.h.t.HelmChartContainer - [test-hivemq-platform] [hivemq] [2261d32b] 
2025-01-29 13:39:41,426 INFO c.h.h.t.HelmChartContainer - [test-hivemq-platform] [hivemq] [2261d32b] INFO  - [HiveMQ Platform Operator Init App 1.7.0-SNAPSHOT] Returning default Health API response 503 for readiness
2025-01-29 13:39:41,828 INFO c.h.h.t.HelmChartContainer - [EVENT] Warning [Unhealthy] Readiness probe failed: HTTP probe failed with statuscode: 503 [helmcustomsecretconfigit:test-hivemq-platform-0]
2025-01-29 13:39:41,828 INFO c.h.h.t.HelmChartContainer - Received Unhealthy event for container hivemq in pod test-hivemq-platform-0 [2261d32b-9725-4e64-98a4-8a9628b89258]
2025-01-29 13:39:43,640 INFO c.h.h.t.HelmChartContainer - [test-hivemq-platform] [hivemq] [2261d32b] INFO  - Starting HiveMQ Enterprise Server
2025-01-29 13:39:43,726 INFO c.h.h.t.HelmChartContainer - [test-hivemq-platform] [hivemq] [2261d32b] INFO  - HiveMQ version: 4.36.0
2025-01-29 13:39:43,727 INFO c.h.h.t.HelmChartContainer - [test-hivemq-platform] [hivemq] [2261d32b] INFO  - HiveMQ home directory: /opt/hivemq
2025-01-29 13:39:43,727 INFO c.h.h.t.HelmChartContainer - [test-hivemq-platform] [hivemq] [2261d32b] INFO  - Log Configuration was overridden by /opt/hivemq/conf/logback.xml
2025-01-29 13:39:45,028 INFO c.h.h.t.HelmChartContainer - [test-hivemq-platform] [hivemq] [2261d32b] INFO  - Successfully loaded configuration from '/opt/hivemq/conf-k8s/config.xml'.
2025-01-29 13:39:45,520 INFO c.h.h.t.HelmChartContainer - [hivemq-test-hivemq-platform] [hivemq-platform-operator] [21afe644] 13:39:45.518 [pool-6-thread-6] DEBUG c.h.p.o.d.PlatformServiceResource - [helmcust] Desired Platform services (3 services)
2025-01-29 13:39:45,527 INFO c.h.h.t.HelmChartContainer - [hivemq-test-hivemq-platform] [hivemq-platform-operator] [21afe644] 13:39:45.523 [pool-6-thread-4] DEBUG c.h.p.o.d.PodServiceAccountResource - [helmcust] Desired PodServiceAccountResource (serviceAccountName: hivemq-platform-pod-test-hivemq-platform)
2025-01-29 13:39:45,533 INFO c.h.h.t.HelmChartContainer - [hivemq-test-hivemq-platform] [hivemq-platform-operator] [21afe644] 13:39:45.529 [pool-6-thread-8] DEBUG c.h.p.o.dependants.PodInfoConfigMap - [helmcust] Desired PodInfo ConfigMap (1 extensions) (1 enabled)
2025-01-29 13:39:45,537 INFO c.h.h.t.HelmChartContainer - [hivemq-test-hivemq-platform] [hivemq-platform-operator] [21afe644] 13:39:45.531 [pool-6-thread-8] DEBUG c.h.p.o.dependants.PodInfoConfigMap - [helmcust] Desired PodInfo ConfigMap (metrics port: 9399) (metrics path: /)
2025-01-29 13:39:45,539 INFO c.h.h.t.HelmChartContainer - [hivemq-test-hivemq-platform] [hivemq-platform-operator] [21afe644] 13:39:45.535 [pool-6-thread-8] DEBUG c.h.p.o.dependants.PodInfoConfigMap - [helmcust] Desired PodInfo ConfigMap (extension state hash: -1817474005)
2025-01-29 13:39:45,600 INFO c.h.h.t.HelmChartContainer - [hivemq-test-hivemq-platform] [hivemq-platform-operator] [21afe644] 13:39:45.599 [pool-6-thread-6] DEBUG c.h.p.o.d.StatefulSetResource - [helmcust] Desired StatefulSet (2 replicas) for status STARTING (READY)
2025-01-29 13:39:45,607 INFO c.h.h.t.HelmChartContainer - [hivemq-test-hivemq-platform] [hivemq-platform-operator] [21afe644] 13:39:45.604 [ReconcilerExecutor-hivemq-controller-108] INFO  c.h.p.o.HiveMQPlatformReconciler - [helmcust] Reconciling HiveMQ Platform 'test-hivemq-platform' in namespace 'helmcustomsecretconfigit'
2025-01-29 13:39:45,608 INFO c.h.h.t.HelmChartContainer - [hivemq-test-hivemq-platform] [hivemq-platform-operator] [21afe644] 13:39:45.604 [ReconcilerExecutor-hivemq-controller-108] DEBUG c.h.p.o.HiveMQPlatformReconciler - [helmcust] Custom Resource Status STARTING - HiveMQ Platform is starting (READY)
2025-01-29 13:39:45,608 INFO c.h.h.t.HelmChartContainer - [hivemq-test-hivemq-platform] [hivemq-platform-operator] [21afe644] 13:39:45.604 [ReconcilerExecutor-hivemq-controller-108] DEBUG c.h.p.o.HiveMQPlatformReconciler - [helmcust] Custom Resource Spec (replicas: 2) (extensions: 1)
2025-01-29 13:39:45,609 INFO c.h.h.t.HelmChartContainer - [hivemq-test-hivemq-platform] [hivemq-platform-operator] [21afe644] 13:39:45.607 [ReconcilerExecutor-hivemq-controller-108] DEBUG c.h.p.o.HiveMQPlatformReconciler - [helmcust] StatefulSet Status (revision: test-hivemq-platform-65cfcbfbf9, replicas: 1, available: 0, ready: 0, current: 1, updated: 1)
2025-01-29 13:39:45,609 INFO c.h.h.t.HelmChartContainer - [hivemq-test-hivemq-platform] [hivemq-platform-operator] [21afe644] 13:39:45.607 [ReconcilerExecutor-hivemq-controller-108] DEBUG c.h.p.o.HiveMQPlatformReconciler - [helmcust] StatefulSet Spec (replicas: 2, init containers: 1, containers: 1, volumes: 3)
2025-01-29 13:39:45,610 INFO c.h.h.t.HelmChartContainer - [hivemq-test-hivemq-platform] [hivemq-platform-operator] [21afe644] 13:39:45.609 [ReconcilerExecutor-hivemq-controller-108] DEBUG c.h.p.o.h.HiveMQPlatformReconcilerErrorHandler - [helmcust] Pod 'test-hivemq-platform-0' phase Running
2025-01-29 13:39:45,611 INFO c.h.h.t.HelmChartContainer - [hivemq-test-hivemq-platform] [hivemq-platform-operator] [21afe644] 13:39:45.610 [ReconcilerExecutor-hivemq-controller-108] INFO  c.h.p.o.h.HiveMQPlatformReconcilerBaseHandler - [helmcust] HiveMQ Platform is starting, 0 of 2 replicas are ready
2025-01-29 13:39:46,026 INFO c.h.h.t.HelmChartContainer - [test-hivemq-platform] [hivemq] [2261d32b] INFO  - This node's ID is S1o8y
2025-01-29 13:39:46,026 INFO c.h.h.t.HelmChartContainer - [test-hivemq-platform] [hivemq] [2261d32b] INFO  - Clustering is enabled
2025-01-29 13:39:46,824 INFO c.h.h.t.HelmChartContainer - [test-hivemq-platform] [hivemq] [2261d32b] WARN  - [HiveMQ Platform Operator Init App 1.7.0-SNAPSHOT] Cannot connect to Health API for readiness: null
2025-01-29 13:39:46,830 INFO c.h.h.t.HelmChartContainer - [EVENT] Warning [Unhealthy] Readiness probe failed: HTTP probe failed with statuscode: 503 [helmcustomsecretconfigit:test-hivemq-platform-0]
2025-01-29 13:39:46,830 INFO c.h.h.t.HelmChartContainer - Received Unhealthy event for container hivemq in pod test-hivemq-platform-0 [2261d32b-9725-4e64-98a4-8a9628b89258]
2025-01-29 13:39:50,030 INFO c.h.h.t.HelmChartContainer - [test-hivemq-platform] [hivemq] [2261d32b] Jan 29, 2025 1:39:50 PM io.vertx.core.impl.BlockedThreadChecker
2025-01-29 13:39:50,030 INFO c.h.h.t.HelmChartContainer - [test-hivemq-platform] [hivemq] [2261d32b] WARNING: Thread Thread[vert.x-eventloop-thread-1,5,main] has been blocked for 2090 ms, time limit is 2000 ms
2025-01-29 13:39:51,023 INFO c.h.h.t.HelmChartContainer - [test-hivemq-platform] [hivemq] [2261d32b] Jan 29, 2025 1:39:51 PM io.vertx.core.impl.BlockedThreadChecker
2025-01-29 13:39:51,023 INFO c.h.h.t.HelmChartContainer - [test-hivemq-platform] [hivemq] [2261d32b] WARNING: Thread Thread[vert.x-eventloop-thread-1,5,main] has been blocked for 3096 ms, time limit is 2000 ms
2025-01-29 13:39:51,431 INFO c.h.h.t.HelmChartContainer - [test-hivemq-platform] [hivemq] [2261d32b] WARN  - [HiveMQ Platform Operator Init App 1.7.0-SNAPSHOT] Cannot connect to Health API for readiness: null
2025-01-29 13:39:51,435 INFO c.h.h.t.HelmChartContainer - [EVENT] Warning [Unhealthy] Readiness probe failed: HTTP probe failed with statuscode: 503 [helmcustomsecretconfigit:test-hivemq-platform-0]
2025-01-29 13:39:51,435 INFO c.h.h.t.HelmChartContainer - Received Unhealthy event for container hivemq in pod test-hivemq-platform-0 [2261d32b-9725-4e64-98a4-8a9628b89258]
2025-01-29 13:39:51,532 INFO c.h.h.t.HelmChartContainer - [test-hivemq-platform] [hivemq] [2261d32b] INFO  - [HiveMQ Platform Operator Init App 1.7.0-SNAPSHOT] Updating Pod HiveMQ Platform Operator Init App version annotation (version: 1.7.0-SNAPSHOT)
2025-01-29 13:39:52,229 INFO c.h.h.t.HelmChartContainer - [POD] test-hivemq-platform-0 [2261d32b-9725-4e64-98a4-8a9628b89258] in helmcustomsecretconfigit was MODIFIED
2025-01-29 13:39:52,238 INFO c.h.h.t.HelmChartContainer - [test-hivemq-platform] [hivemq] [2261d32b] WARN  - [HiveMQ Platform Operator Init App 1.7.0-SNAPSHOT] Cannot connect to Health API for readiness: null
2025-01-29 13:39:52,244 INFO c.h.h.t.HelmChartContainer - [test-hivemq-platform] [hivemq] [2261d32b] INFO  - [HiveMQ Platform Operator Init App 1.7.0-SNAPSHOT] Successfully updated Pod HiveMQ Platform Operator Init App version annotation (version: 1.7.0-SNAPSHOT)
2025-01-29 13:39:52,246 INFO c.h.h.t.HelmChartContainer - [hivemq-test-hivemq-platform] [hivemq-platform-operator] [21afe644] 13:39:52.241 [pool-6-thread-17] DEBUG c.h.p.o.d.PlatformServiceResource - [helmcust] Desired Platform services (3 services)
2025-01-29 13:39:52,249 INFO c.h.h.t.HelmChartContainer - [hivemq-test-hivemq-platform] [hivemq-platform-operator] [21afe644] 13:39:52.244 [pool-6-thread-14] DEBUG c.h.p.o.d.PodServiceAccountResource - [helmcust] Desired PodServiceAccountResource (serviceAccountName: hivemq-platform-pod-test-hivemq-platform)
2025-01-29 13:39:52,250 INFO c.h.h.t.HelmChartContainer - [hivemq-test-hivemq-platform] [hivemq-platform-operator] [21afe644] 13:39:52.242 [pool-6-thread-16] DEBUG c.h.p.o.dependants.PodInfoConfigMap - [helmcust] Desired PodInfo ConfigMap (1 extensions) (1 enabled)
2025-01-29 13:39:52,250 INFO c.h.h.t.HelmChartContainer - [hivemq-test-hivemq-platform] [hivemq-platform-operator] [21afe644] 13:39:52.246 [pool-6-thread-16] DEBUG c.h.p.o.dependants.PodInfoConfigMap - [helmcust] Desired PodInfo ConfigMap (metrics port: 9399) (metrics path: /)
2025-01-29 13:39:52,250 INFO c.h.h.t.HelmChartContainer - [hivemq-test-hivemq-platform] [hivemq-platform-operator] [21afe644] 13:39:52.247 [pool-6-thread-16] DEBUG c.h.p.o.dependants.PodInfoConfigMap - [helmcust] Desired PodInfo ConfigMap (extension state hash: -1817474005)
2025-01-29 13:39:52,253 INFO c.h.h.t.HelmChartContainer - [hivemq-test-hivemq-platform] [hivemq-platform-operator] [21afe644] 13:39:52.252 [pool-6-thread-16] DEBUG c.h.p.o.d.StatefulSetResource - [helmcust] Desired StatefulSet (2 replicas) for status STARTING (READY)
2025-01-29 13:39:52,255 INFO c.h.h.t.HelmChartContainer - [EVENT] Warning [Unhealthy] Readiness probe failed: HTTP probe failed with statuscode: 503 [helmcustomsecretconfigit:test-hivemq-platform-0]
2025-01-29 13:39:52,255 INFO c.h.h.t.HelmChartContainer - Received Unhealthy event for container hivemq in pod test-hivemq-platform-0 [2261d32b-9725-4e64-98a4-8a9628b89258]
2025-01-29 13:39:52,302 INFO c.h.h.t.HelmChartContainer - [hivemq-test-hivemq-platform] [hivemq-platform-operator] [21afe644] 13:39:52.299 [ReconcilerExecutor-hivemq-controller-109] INFO  c.h.p.o.HiveMQPlatformReconciler - [helmcust] Reconciling HiveMQ Platform 'test-hivemq-platform' in namespace 'helmcustomsecretconfigit'
2025-01-29 13:39:52,302 INFO c.h.h.t.HelmChartContainer - [hivemq-test-hivemq-platform] [hivemq-platform-operator] [21afe644] 13:39:52.299 [ReconcilerExecutor-hivemq-controller-109] DEBUG c.h.p.o.HiveMQPlatformReconciler - [helmcust] Custom Resource Status STARTING - HiveMQ Platform is starting (READY)
2025-01-29 13:39:52,302 INFO c.h.h.t.HelmChartContainer - [hivemq-test-hivemq-platform] [hivemq-platform-operator] [21afe644] 13:39:52.299 [ReconcilerExecutor-hivemq-controller-109] DEBUG c.h.p.o.HiveMQPlatformReconciler - [helmcust] Custom Resource Spec (replicas: 2) (extensions: 1)
2025-01-29 13:39:52,303 INFO c.h.h.t.HelmChartContainer - [hivemq-test-hivemq-platform] [hivemq-platform-operator] [21afe644] 13:39:52.302 [ReconcilerExecutor-hivemq-controller-109] DEBUG c.h.p.o.HiveMQPlatformReconciler - [helmcust] StatefulSet Status (revision: test-hivemq-platform-65cfcbfbf9, replicas: 1, available: 0, ready: 0, current: 1, updated: 1)
2025-01-29 13:39:52,303 INFO c.h.h.t.HelmChartContainer - [hivemq-test-hivemq-platform] [hivemq-platform-operator] [21afe644] 13:39:52.302 [ReconcilerExecutor-hivemq-controller-109] DEBUG c.h.p.o.HiveMQPlatformReconciler - [helmcust] StatefulSet Spec (replicas: 2, init containers: 1, containers: 1, volumes: 3)
2025-01-29 13:39:52,305 INFO c.h.h.t.HelmChartContainer - [hivemq-test-hivemq-platform] [hivemq-platform-operator] [21afe644] 13:39:52.304 [ReconcilerExecutor-hivemq-controller-109] DEBUG c.h.p.o.h.HiveMQPlatformReconcilerErrorHandler - [helmcust] Pod 'test-hivemq-platform-0' phase Running
2025-01-29 13:39:52,306 INFO c.h.h.t.HelmChartContainer - [hivemq-test-hivemq-platform] [hivemq-platform-operator] [21afe644] 13:39:52.305 [ReconcilerExecutor-hivemq-controller-109] INFO  c.h.p.o.h.HiveMQPlatformReconcilerBaseHandler - [helmcust] HiveMQ Platform is starting, 0 of 2 replicas are ready
2025-01-29 13:39:57,231 INFO c.h.h.t.HelmChartContainer - [test-hivemq-platform] [hivemq] [2261d32b] WARN  - [HiveMQ Platform Operator Init App 1.7.0-SNAPSHOT] Cannot connect to Health API for readiness: null
2025-01-29 13:39:57,237 INFO c.h.h.t.HelmChartContainer - [EVENT] Warning [Unhealthy] Readiness probe failed: HTTP probe failed with statuscode: 503 [helmcustomsecretconfigit:test-hivemq-platform-0]
2025-01-29 13:39:57,238 INFO c.h.h.t.HelmChartContainer - Received Unhealthy event for container hivemq in pod test-hivemq-platform-0 [2261d32b-9725-4e64-98a4-8a9628b89258]
2025-01-29 13:40:02,132 INFO c.h.h.t.HelmChartContainer - [test-hivemq-platform] [hivemq] [2261d32b] WARN  - [HiveMQ Platform Operator Init App 1.7.0-SNAPSHOT] Cannot connect to Health API for liveness: null
2025-01-29 13:40:02,133 INFO c.h.h.t.HelmChartContainer - [test-hivemq-platform] [hivemq] [2261d32b] INFO  - [HiveMQ Platform Operator Init App 1.7.0-SNAPSHOT] Returning default Health API response 200 for liveness
2025-01-29 13:40:02,234 INFO c.h.h.t.HelmChartContainer - [test-hivemq-platform] [hivemq] [2261d32b] WARN  - [HiveMQ Platform Operator Init App 1.7.0-SNAPSHOT] Cannot connect to Health API for readiness: null
2025-01-29 13:40:02,239 INFO c.h.h.t.HelmChartContainer - [EVENT] Warning [Unhealthy] Readiness probe failed: HTTP probe failed with statuscode: 503 [helmcustomsecretconfigit:test-hivemq-platform-0]
2025-01-29 13:40:02,240 INFO c.h.h.t.HelmChartContainer - Received Unhealthy event for container hivemq in pod test-hivemq-platform-0 [2261d32b-9725-4e64-98a4-8a9628b89258]
2025-01-29 13:40:02,315 INFO c.h.h.t.HelmChartContainer - [hivemq-test-hivemq-platform] [hivemq-platform-operator] [21afe644] 13:40:02.310 [pool-6-thread-27] DEBUG c.h.p.o.d.PlatformServiceResource - [helmcust] Desired Platform services (3 services)
2025-01-29 13:40:02,317 INFO c.h.h.t.HelmChartContainer - [hivemq-test-hivemq-platform] [hivemq-platform-operator] [21afe644] 13:40:02.311 [pool-6-thread-23] DEBUG c.h.p.o.dependants.PodInfoConfigMap - [helmcust] Desired PodInfo ConfigMap (1 extensions) (1 enabled)
2025-01-29 13:40:02,318 INFO c.h.h.t.HelmChartContainer - [hivemq-test-hivemq-platform] [hivemq-platform-operator] [21afe644] 13:40:02.312 [pool-6-thread-23] DEBUG c.h.p.o.dependants.PodInfoConfigMap - [helmcust] Desired PodInfo ConfigMap (metrics port: 9399) (metrics path: /)
2025-01-29 13:40:02,318 INFO c.h.h.t.HelmChartContainer - [hivemq-test-hivemq-platform] [hivemq-platform-operator] [21afe644] 13:40:02.312 [pool-6-thread-23] DEBUG c.h.p.o.dependants.PodInfoConfigMap - [helmcust] Desired PodInfo ConfigMap (extension state hash: -1817474005)
2025-01-29 13:40:02,318 INFO c.h.h.t.HelmChartContainer - [hivemq-test-hivemq-platform] [hivemq-platform-operator] [21afe644] 13:40:02.316 [pool-6-thread-21] DEBUG c.h.p.o.d.PodServiceAccountResource - [helmcust] Desired PodServiceAccountResource (serviceAccountName: hivemq-platform-pod-test-hivemq-platform)
2025-01-29 13:40:02,325 INFO c.h.h.t.HelmChartContainer - [hivemq-test-hivemq-platform] [hivemq-platform-operator] [21afe644] 13:40:02.320 [pool-6-thread-27] DEBUG c.h.p.o.d.StatefulSetResource - [helmcust] Desired StatefulSet (2 replicas) for status STARTING (READY)
2025-01-29 13:40:02,327 INFO c.h.h.t.HelmChartContainer - [hivemq-test-hivemq-platform] [hivemq-platform-operator] [21afe644] 13:40:02.324 [ReconcilerExecutor-hivemq-controller-110] INFO  c.h.p.o.HiveMQPlatformReconciler - [helmcust] Reconciling HiveMQ Platform 'test-hivemq-platform' in namespace 'helmcustomsecretconfigit'
2025-01-29 13:40:02,327 INFO c.h.h.t.HelmChartContainer - [hivemq-test-hivemq-platform] [hivemq-platform-operator] [21afe644] 13:40:02.324 [ReconcilerExecutor-hivemq-controller-110] DEBUG c.h.p.o.HiveMQPlatformReconciler - [helmcust] Custom Resource Status STARTING - HiveMQ Platform is starting (READY)
2025-01-29 13:40:02,327 INFO c.h.h.t.HelmChartContainer - [hivemq-test-hivemq-platform] [hivemq-platform-operator] [21afe644] 13:40:02.324 [ReconcilerExecutor-hivemq-controller-110] DEBUG c.h.p.o.HiveMQPlatformReconciler - [helmcust] Custom Resource Spec (replicas: 2) (extensions: 1)
2025-01-29 13:40:02,327 INFO c.h.h.t.HelmChartContainer - [hivemq-test-hivemq-platform] [hivemq-platform-operator] [21afe644] 13:40:02.326 [ReconcilerExecutor-hivemq-controller-110] DEBUG c.h.p.o.HiveMQPlatformReconciler - [helmcust] StatefulSet Status (revision: test-hivemq-platform-65cfcbfbf9, replicas: 1, available: 0, ready: 0, current: 1, updated: 1)
2025-01-29 13:40:02,327 INFO c.h.h.t.HelmChartContainer - [hivemq-test-hivemq-platform] [hivemq-platform-operator] [21afe644] 13:40:02.326 [ReconcilerExecutor-hivemq-controller-110] DEBUG c.h.p.o.HiveMQPlatformReconciler - [helmcust] StatefulSet Spec (replicas: 2, init containers: 1, containers: 1, volumes: 3)
2025-01-29 13:40:02,401 INFO c.h.h.t.HelmChartContainer - [hivemq-test-hivemq-platform] [hivemq-platform-operator] [21afe644] 13:40:02.399 [ReconcilerExecutor-hivemq-controller-110] DEBUG c.h.p.o.h.HiveMQPlatformReconcilerErrorHandler - [helmcust] Pod 'test-hivemq-platform-0' phase Running
2025-01-29 13:40:02,401 INFO c.h.h.t.HelmChartContainer - [hivemq-test-hivemq-platform] [hivemq-platform-operator] [21afe644] 13:40:02.400 [ReconcilerExecutor-hivemq-controller-110] INFO  c.h.p.o.h.HiveMQPlatformReconcilerBaseHandler - [helmcust] HiveMQ Platform is starting, 0 of 2 replicas are ready
2025-01-29 13:40:05,026 INFO c.h.h.t.HelmChartContainer - [test-hivemq-platform] [hivemq] [2261d32b] INFO  - No valid license file found. Using trial license, restricted to 25 connections.
2025-01-29 13:40:07,316 INFO c.h.h.t.HelmChartContainer - [test-hivemq-platform] [hivemq] [2261d32b] WARN  - [HiveMQ Platform Operator Init App 1.7.0-SNAPSHOT] Cannot connect to Health API for readiness: null
2025-01-29 13:40:07,320 INFO c.h.h.t.HelmChartContainer - [EVENT] Warning [Unhealthy] Readiness probe failed: HTTP probe failed with statuscode: 503 [helmcustomsecretconfigit:test-hivemq-platform-0]
2025-01-29 13:40:07,320 INFO c.h.h.t.HelmChartContainer - Received Unhealthy event for container hivemq in pod test-hivemq-platform-0 [2261d32b-9725-4e64-98a4-8a9628b89258]
2025-01-29 13:40:08,423 INFO c.h.h.t.HelmChartContainer - [test-hivemq-platform] [hivemq] [2261d32b] INFO  - No valid license file for Data Hub found. Using free license, restricted to 1 policy.
2025-01-29 13:40:09,628 INFO c.h.h.t.HelmChartContainer - [test-hivemq-platform] [hivemq] [2261d32b] INFO  - Audit Logger started.
2025-01-29 13:40:09,940 INFO c.h.h.t.HelmChartContainer - [test-hivemq-platform] [hivemq] [2261d32b] INFO  - This node uses '1' CPU cores.
2025-01-29 13:40:09,945 INFO c.h.h.t.HelmChartContainer - [test-hivemq-platform] [hivemq] [2261d32b] INFO  - Starting HiveMQ Health API on address 0.0.0.0 and port 8889
2025-01-29 13:40:10,824 INFO c.h.h.t.HelmChartContainer - [test-hivemq-platform] [hivemq] [2261d32b] INFO  - Started HiveMQ Health API in 878ms
2025-01-29 13:40:11,332 INFO c.h.h.t.HelmChartContainer - [test-hivemq-platform] [hivemq] [2261d32b] INFO  - Starting HiveMQ extension system.
2025-01-29 13:40:11,630 INFO c.h.h.t.HelmChartContainer - [test-hivemq-platform] [hivemq] [2261d32b] INFO  - Starting extension with id "hivemq-dns-cluster-discovery" at /opt/hivemq/extensions/hivemq-dns-cluster-discovery
2025-01-29 13:40:12,135 INFO c.h.h.t.HelmChartContainer - [test-hivemq-platform] [hivemq] [2261d32b] INFO  - Extension "DNS Cluster Discovery Extension" version 4.3.2 started successfully.
2025-01-29 13:40:12,135 INFO c.h.h.t.HelmChartContainer - [test-hivemq-platform] [hivemq] [2261d32b] INFO  - Starting extension with id "hivemq-prometheus-extension" at /opt/hivemq/extensions/hivemq-prometheus-extension
2025-01-29 13:40:12,135 INFO c.h.h.t.HelmChartContainer - [test-hivemq-platform] [hivemq] [2261d32b] INFO  - Using TCP cluster transport on address 10.42.0.8 and port 7000
2025-01-29 13:40:12,226 INFO c.h.h.t.HelmChartContainer - [test-hivemq-platform] [hivemq] [2261d32b] INFO  - Using extension cluster discovery
2025-01-29 13:40:12,408 INFO c.h.h.t.HelmChartContainer - [hivemq-test-hivemq-platform] [hivemq-platform-operator] [21afe644] 13:40:12.404 [pool-6-thread-35] DEBUG c.h.p.o.d.PlatformServiceResource - [helmcust] Desired Platform services (3 services)
2025-01-29 13:40:12,409 INFO c.h.h.t.HelmChartContainer - [hivemq-test-hivemq-platform] [hivemq-platform-operator] [21afe644] 13:40:12.405 [pool-6-thread-34] DEBUG c.h.p.o.d.PodServiceAccountResource - [helmcust] Desired PodServiceAccountResource (serviceAccountName: hivemq-platform-pod-test-hivemq-platform)
2025-01-29 13:40:12,410 INFO c.h.h.t.HelmChartContainer - [hivemq-test-hivemq-platform] [hivemq-platform-operator] [21afe644] 13:40:12.405 [pool-6-thread-36] DEBUG c.h.p.o.dependants.PodInfoConfigMap - [helmcust] Desired PodInfo ConfigMap (1 extensions) (1 enabled)
2025-01-29 13:40:12,410 INFO c.h.h.t.HelmChartContainer - [hivemq-test-hivemq-platform] [hivemq-platform-operator] [21afe644] 13:40:12.409 [pool-6-thread-36] DEBUG c.h.p.o.dependants.PodInfoConfigMap - [helmcust] Desired PodInfo ConfigMap (metrics port: 9399) (metrics path: /)
2025-01-29 13:40:12,410 INFO c.h.h.t.HelmChartContainer - [hivemq-test-hivemq-platform] [hivemq-platform-operator] [21afe644] 13:40:12.409 [pool-6-thread-36] DEBUG c.h.p.o.dependants.PodInfoConfigMap - [helmcust] Desired PodInfo ConfigMap (extension state hash: -1817474005)
2025-01-29 13:40:12,414 INFO c.h.h.t.HelmChartContainer - [hivemq-test-hivemq-platform] [hivemq-platform-operator] [21afe644] 13:40:12.413 [pool-6-thread-35] DEBUG c.h.p.o.d.StatefulSetResource - [helmcust] Desired StatefulSet (2 replicas) for status STARTING (READY)
2025-01-29 13:40:12,420 INFO c.h.h.t.HelmChartContainer - [hivemq-test-hivemq-platform] [hivemq-platform-operator] [21afe644] 13:40:12.418 [ReconcilerExecutor-hivemq-controller-111] INFO  c.h.p.o.HiveMQPlatformReconciler - [helmcust] Reconciling HiveMQ Platform 'test-hivemq-platform' in namespace 'helmcustomsecretconfigit'
2025-01-29 13:40:12,422 INFO c.h.h.t.HelmChartContainer - [hivemq-test-hivemq-platform] [hivemq-platform-operator] [21afe644] 13:40:12.419 [ReconcilerExecutor-hivemq-controller-111] DEBUG c.h.p.o.HiveMQPlatformReconciler - [helmcust] Custom Resource Status STARTING - HiveMQ Platform is starting (READY)
2025-01-29 13:40:12,422 INFO c.h.h.t.HelmChartContainer - [hivemq-test-hivemq-platform] [hivemq-platform-operator] [21afe644] 13:40:12.419 [ReconcilerExecutor-hivemq-controller-111] DEBUG c.h.p.o.HiveMQPlatformReconciler - [helmcust] Custom Resource Spec (replicas: 2) (extensions: 1)
2025-01-29 13:40:12,425 INFO c.h.h.t.HelmChartContainer - [hivemq-test-hivemq-platform] [hivemq-platform-operator] [21afe644] 13:40:12.424 [ReconcilerExecutor-hivemq-controller-111] DEBUG c.h.p.o.HiveMQPlatformReconciler - [helmcust] StatefulSet Status (revision: test-hivemq-platform-65cfcbfbf9, replicas: 1, available: 0, ready: 0, current: 1, updated: 1)
2025-01-29 13:40:12,502 INFO c.h.h.t.HelmChartContainer - [hivemq-test-hivemq-platform] [hivemq-platform-operator] [21afe644] 13:40:12.499 [ReconcilerExecutor-hivemq-controller-111] DEBUG c.h.p.o.HiveMQPlatformReconciler - [helmcust] StatefulSet Spec (replicas: 2, init containers: 1, containers: 1, volumes: 3)
2025-01-29 13:40:12,503 INFO c.h.h.t.HelmChartContainer - [hivemq-test-hivemq-platform] [hivemq-platform-operator] [21afe644] 13:40:12.501 [ReconcilerExecutor-hivemq-controller-111] DEBUG c.h.p.o.h.HiveMQPlatformReconcilerErrorHandler - [helmcust] Pod 'test-hivemq-platform-0' phase Running
2025-01-29 13:40:12,503 INFO c.h.h.t.HelmChartContainer - [hivemq-test-hivemq-platform] [hivemq-platform-operator] [21afe644] 13:40:12.502 [ReconcilerExecutor-hivemq-controller-111] INFO  c.h.p.o.h.HiveMQPlatformReconcilerBaseHandler - [helmcust] HiveMQ Platform is starting, 0 of 2 replicas are ready
2025-01-29 13:40:13,271 INFO c.h.h.t.HelmChartContainer - [EVENT] Warning [Unhealthy] Readiness probe failed: Get "http://10.42.0.8:7979/readiness": context deadline exceeded (Client.Timeout exceeded while awaiting headers) [helmcustomsecretconfigit:test-hivemq-platform-0]
2025-01-29 13:40:13,271 INFO c.h.h.t.HelmChartContainer - Received Unhealthy event for container hivemq in pod test-hivemq-platform-0 [2261d32b-9725-4e64-98a4-8a9628b89258]
2025-01-29 13:40:13,626 INFO c.h.h.t.HelmChartContainer - [test-hivemq-platform] [hivemq] [2261d32b] INFO  - Started Jetty Server exposing Prometheus Servlet on URI http://0.0.0.0:9399/
2025-01-29 13:40:13,627 INFO c.h.h.t.HelmChartContainer - [test-hivemq-platform] [hivemq] [2261d32b] INFO  - Extension "Prometheus Monitoring Extension" version 4.0.12 started successfully.
2025-01-29 13:40:13,627 INFO c.h.h.t.HelmChartContainer - [test-hivemq-platform] [hivemq] [2261d32b] INFO  - Starting extension with id "hivemq-allow-all-extension" at /opt/hivemq/extensions/hivemq-allow-all-extension
2025-01-29 13:40:13,627 INFO c.h.h.t.HelmChartContainer - [test-hivemq-platform] [hivemq] [2261d32b] WARN  - 
2025-01-29 13:40:13,627 INFO c.h.h.t.HelmChartContainer - [test-hivemq-platform] [hivemq] [2261d32b] ################################################################################################################
2025-01-29 13:40:13,627 INFO c.h.h.t.HelmChartContainer - [test-hivemq-platform] [hivemq] [2261d32b] # This HiveMQ deployment is not secure! You are lacking Authentication and Authorization.                      #
2025-01-29 13:40:13,627 INFO c.h.h.t.HelmChartContainer - [test-hivemq-platform] [hivemq] [2261d32b] # Right now any MQTT client can connect to the broker with a full set of permissions.                          #
2025-01-29 13:40:13,627 INFO c.h.h.t.HelmChartContainer - [test-hivemq-platform] [hivemq] [2261d32b] # For production usage, add an appropriate security extension and remove the hivemq-allow-all extension.       #
2025-01-29 13:40:13,627 INFO c.h.h.t.HelmChartContainer - [test-hivemq-platform] [hivemq] [2261d32b] # You can download security extensions from the HiveMQ Marketplace (https://www.hivemq.com/extensions/).       #
2025-01-29 13:40:13,627 INFO c.h.h.t.HelmChartContainer - [test-hivemq-platform] [hivemq] [2261d32b] ################################################################################################################
2025-01-29 13:40:13,628 INFO c.h.h.t.HelmChartContainer - [test-hivemq-platform] [hivemq] [2261d32b] INFO  - Extension "Allow All Extension" version 1.1.1 started successfully.
2025-01-29 13:40:13,915 INFO c.h.h.t.HelmChartContainer - [test-hivemq-platform] [hivemq] [2261d32b] INFO  - [HiveMQ Platform Operator Init App 1.7.0-SNAPSHOT] Returning Health API response 503 for readiness
2025-01-29 13:40:15,722 INFO c.h.h.t.HelmChartContainer - [test-hivemq-platform] [hivemq] [2261d32b] INFO  - S1o8y: no members discovered after 2305 ms: creating cluster as first member
2025-01-29 13:40:15,728 INFO c.h.h.t.HelmChartContainer - [test-hivemq-platform] [hivemq] [2261d32b] INFO  - Cluster nodes found by discovery: [S1o8y|0] (1) [S1o8y].
2025-01-29 13:40:15,822 INFO c.h.h.t.HelmChartContainer - [test-hivemq-platform] [hivemq] [2261d32b] WARN  - No user for HiveMQ Control Center configured. Starting with default user
2025-01-29 13:40:15,822 INFO c.h.h.t.HelmChartContainer - [test-hivemq-platform] [hivemq] [2261d32b] INFO  - Starting HiveMQ Control Center on address 0.0.0.0 and port 8080
2025-01-29 13:40:15,828 INFO c.h.h.t.HelmChartContainer - [test-hivemq-platform] [hivemq] [2261d32b] INFO  - Mounting HiveMQ Control Center V2 Preview
2025-01-29 13:40:16,442 INFO c.h.h.t.HelmChartContainer - [test-hivemq-platform] [hivemq] [2261d32b] INFO  - Started HiveMQ Control Center in 695ms
2025-01-29 13:40:16,528 INFO c.h.h.t.HelmChartContainer - [test-hivemq-platform] [hivemq] [2261d32b] INFO  - Starting TCP listener on address 0.0.0.0 and port 1883
2025-01-29 13:40:16,543 INFO c.h.h.t.HelmChartContainer - [test-hivemq-platform] [hivemq] [2261d32b] INFO  - Started TCP Listener on address 0.0.0.0 and on port 1883.
2025-01-29 13:40:16,543 INFO c.h.h.t.HelmChartContainer - [test-hivemq-platform] [hivemq] [2261d32b] INFO  - Started HiveMQ in 33212ms
2025-01-29 13:40:17,234 INFO c.h.h.t.HelmChartContainer - [test-hivemq-platform] [hivemq] [2261d32b] INFO  - [HiveMQ Platform Operator Init App 1.7.0-SNAPSHOT] Returning Health API response 200 for readiness
2025-01-29 13:40:17,244 INFO c.h.h.t.HelmChartContainer - [POD] test-hivemq-platform-0 [2261d32b-9725-4e64-98a4-8a9628b89258] in helmcustomsecretconfigit was MODIFIED
2025-01-29 13:40:17,262 INFO c.h.h.t.HelmChartContainer - [hivemq-test-hivemq-platform] [hivemq-platform-operator] [21afe644] 13:40:17.258 [pool-6-thread-47] DEBUG c.h.p.o.d.PlatformServiceResource - [helmcust] Desired Platform services (3 services)
2025-01-29 13:40:17,263 INFO c.h.h.t.HelmChartContainer - [hivemq-test-hivemq-platform] [hivemq-platform-operator] [21afe644] 13:40:17.259 [pool-6-thread-48] DEBUG c.h.p.o.dependants.PodInfoConfigMap - [helmcust] Desired PodInfo ConfigMap (1 extensions) (1 enabled)
2025-01-29 13:40:17,263 INFO c.h.h.t.HelmChartContainer - [hivemq-test-hivemq-platform] [hivemq-platform-operator] [21afe644] 13:40:17.259 [pool-6-thread-48] DEBUG c.h.p.o.dependants.PodInfoConfigMap - [helmcust] Desired PodInfo ConfigMap (metrics port: 9399) (metrics path: /)
2025-01-29 13:40:17,263 INFO c.h.h.t.HelmChartContainer - [hivemq-test-hivemq-platform] [hivemq-platform-operator] [21afe644] 13:40:17.259 [pool-6-thread-48] DEBUG c.h.p.o.dependants.PodInfoConfigMap - [helmcust] Desired PodInfo ConfigMap (extension state hash: -1817474005)
2025-01-29 13:40:17,270 INFO c.h.h.t.HelmChartContainer - [hivemq-test-hivemq-platform] [hivemq-platform-operator] [21afe644] 13:40:17.262 [pool-6-thread-48] DEBUG c.h.p.o.d.PodServiceAccountResource - [helmcust] Desired PodServiceAccountResource (serviceAccountName: hivemq-platform-pod-test-hivemq-platform)
2025-01-29 13:40:17,273 INFO c.h.h.t.HelmChartContainer - [POD] test-hivemq-platform-1 [292fa750-04ff-469c-9899-f9118f7ae86a] in helmcustomsecretconfigit was ADDED
2025-01-29 13:40:17,279 INFO c.h.h.t.HelmChartContainer - [POD] test-hivemq-platform-1 [292fa750-04ff-469c-9899-f9118f7ae86a] in helmcustomsecretconfigit was MODIFIED
2025-01-29 13:40:17,280 INFO c.h.h.t.HelmChartContainer - [EVENT] Normal [SuccessfulCreate] create Pod test-hivemq-platform-1 in StatefulSet test-hivemq-platform successful [helmcustomsecretconfigit:test-hivemq-platform]
2025-01-29 13:40:17,289 INFO c.h.h.t.HelmChartContainer - [EVENT] Normal [Scheduled] Successfully assigned helmcustomsecretconfigit/test-hivemq-platform-1 to 83e4a3cb5001 [helmcustomsecretconfigit:test-hivemq-platform-1]
2025-01-29 13:40:17,294 INFO c.h.h.t.HelmChartContainer - [POD] test-hivemq-platform-1 [292fa750-04ff-469c-9899-f9118f7ae86a] in helmcustomsecretconfigit was MODIFIED
2025-01-29 13:40:17,304 INFO c.h.h.t.HelmChartContainer - [K3S] [reconciler_common.go:251] "operationExecutor.VerifyControllerAttachedVolume started for volume \"kube-api-access-gvr7z\" (UniqueName: \"kubernetes.io/projected/292fa750-04ff-469c-9899-f9118f7ae86a-kube-api-access-gvr7z\") pod \"test-hivemq-platform-1\" (UID: \"292fa750-04ff-469c-9899-f9118f7ae86a\") " pod="helmcustomsecretconfigit/test-hivemq-platform-1"
2025-01-29 13:40:17,304 INFO c.h.h.t.HelmChartContainer - [K3S] [reconciler_common.go:251] "operationExecutor.VerifyControllerAttachedVolume started for volume \"broker-configuration\" (UniqueName: \"kubernetes.io/secret/292fa750-04ff-469c-9899-f9118f7ae86a-broker-configuration\") pod \"test-hivemq-platform-1\" (UID: \"292fa750-04ff-469c-9899-f9118f7ae86a\") " pod="helmcustomsecretconfigit/test-hivemq-platform-1"
2025-01-29 13:40:17,304 INFO c.h.h.t.HelmChartContainer - [K3S] [reconciler_common.go:251] "operationExecutor.VerifyControllerAttachedVolume started for volume \"operator-init\" (UniqueName: \"kubernetes.io/empty-dir/292fa750-04ff-469c-9899-f9118f7ae86a-operator-init\") pod \"test-hivemq-platform-1\" (UID: \"292fa750-04ff-469c-9899-f9118f7ae86a\") " pod="helmcustomsecretconfigit/test-hivemq-platform-1"
2025-01-29 13:40:17,304 INFO c.h.h.t.HelmChartContainer - [K3S] [reconciler_common.go:251] "operationExecutor.VerifyControllerAttachedVolume started for volume \"pod-info\" (UniqueName: \"kubernetes.io/configmap/292fa750-04ff-469c-9899-f9118f7ae86a-pod-info\") pod \"test-hivemq-platform-1\" (UID: \"292fa750-04ff-469c-9899-f9118f7ae86a\") " pod="helmcustomsecretconfigit/test-hivemq-platform-1"
2025-01-29 13:40:17,305 INFO c.h.h.t.HelmChartContainer - [hivemq-test-hivemq-platform] [hivemq-platform-operator] [21afe644] 13:40:17.302 [pool-6-thread-47] DEBUG c.h.p.o.d.StatefulSetResource - [helmcust] Desired StatefulSet (2 replicas) for status STARTING (READY)
2025-01-29 13:40:17,366 INFO c.h.h.t.HelmChartContainer - [hivemq-test-hivemq-platform] [hivemq-platform-operator] [21afe644] 13:40:17.364 [ReconcilerExecutor-hivemq-controller-112] INFO  c.h.p.o.HiveMQPlatformReconciler - [helmcust] Reconciling HiveMQ Platform 'test-hivemq-platform' in namespace 'helmcustomsecretconfigit'
2025-01-29 13:40:17,367 INFO c.h.h.t.HelmChartContainer - [hivemq-test-hivemq-platform] [hivemq-platform-operator] [21afe644] 13:40:17.364 [ReconcilerExecutor-hivemq-controller-112] DEBUG c.h.p.o.HiveMQPlatformReconciler - [helmcust] Custom Resource Status STARTING - HiveMQ Platform is starting (READY)
2025-01-29 13:40:17,367 INFO c.h.h.t.HelmChartContainer - [hivemq-test-hivemq-platform] [hivemq-platform-operator] [21afe644] 13:40:17.364 [ReconcilerExecutor-hivemq-controller-112] DEBUG c.h.p.o.HiveMQPlatformReconciler - [helmcust] Custom Resource Spec (replicas: 2) (extensions: 1)
2025-01-29 13:40:17,368 INFO c.h.h.t.HelmChartContainer - [hivemq-test-hivemq-platform] [hivemq-platform-operator] [21afe644] 13:40:17.367 [ReconcilerExecutor-hivemq-controller-112] DEBUG c.h.p.o.HiveMQPlatformReconciler - [helmcust] StatefulSet Status (revision: test-hivemq-platform-65cfcbfbf9, replicas: 2, available: 1, ready: 1, current: 2, updated: 2)
2025-01-29 13:40:17,368 INFO c.h.h.t.HelmChartContainer - [hivemq-test-hivemq-platform] [hivemq-platform-operator] [21afe644] 13:40:17.367 [ReconcilerExecutor-hivemq-controller-112] DEBUG c.h.p.o.HiveMQPlatformReconciler - [helmcust] StatefulSet Spec (replicas: 2, init containers: 1, containers: 1, volumes: 3)
2025-01-29 13:40:17,402 INFO c.h.h.t.HelmChartContainer - [hivemq-test-hivemq-platform] [hivemq-platform-operator] [21afe644] 13:40:17.399 [ReconcilerExecutor-hivemq-controller-112] DEBUG c.h.p.o.h.HiveMQPlatformReconcilerErrorHandler - [helmcust] Pod 'test-hivemq-platform-1' phase Pending
2025-01-29 13:40:17,402 INFO c.h.h.t.HelmChartContainer - [hivemq-test-hivemq-platform] [hivemq-platform-operator] [21afe644] 13:40:17.400 [ReconcilerExecutor-hivemq-controller-112] DEBUG c.h.p.o.h.HiveMQPlatformReconcilerErrorHandler - [helmcust] Pod 'test-hivemq-platform-1' condition 'PodReadyToStartContainers': False
2025-01-29 13:40:17,402 INFO c.h.h.t.HelmChartContainer - [hivemq-test-hivemq-platform] [hivemq-platform-operator] [21afe644] 13:40:17.400 [ReconcilerExecutor-hivemq-controller-112] DEBUG c.h.p.o.h.HiveMQPlatformReconcilerErrorHandler - [helmcust] Pod 'test-hivemq-platform-1' condition 'Initialized': False
2025-01-29 13:40:17,402 INFO c.h.h.t.HelmChartContainer - [hivemq-test-hivemq-platform] [hivemq-platform-operator] [21afe644] 13:40:17.400 [ReconcilerExecutor-hivemq-controller-112] DEBUG c.h.p.o.h.HiveMQPlatformReconcilerErrorHandler - [helmcust] Pod 'test-hivemq-platform-1' condition 'Ready': False
2025-01-29 13:40:17,402 INFO c.h.h.t.HelmChartContainer - [hivemq-test-hivemq-platform] [hivemq-platform-operator] [21afe644] 13:40:17.400 [ReconcilerExecutor-hivemq-controller-112] DEBUG c.h.p.o.h.HiveMQPlatformReconcilerErrorHandler - [helmcust] Pod 'test-hivemq-platform-1' condition 'ContainersReady': False
2025-01-29 13:40:17,402 INFO c.h.h.t.HelmChartContainer - [hivemq-test-hivemq-platform] [hivemq-platform-operator] [21afe644] 13:40:17.400 [ReconcilerExecutor-hivemq-controller-112] DEBUG c.h.p.o.h.HiveMQPlatformReconcilerErrorHandler - [helmcust] Pod 'test-hivemq-platform-1' condition 'PodScheduled': True
2025-01-29 13:40:17,402 INFO c.h.h.t.HelmChartContainer - [hivemq-test-hivemq-platform] [hivemq-platform-operator] [21afe644] 13:40:17.400 [ReconcilerExecutor-hivemq-controller-112] DEBUG c.h.p.o.h.HiveMQPlatformReconcilerErrorHandler - [helmcust] Pod 'test-hivemq-platform-1' containerStatus 'hivemq' (started: false) (ready: false) (waiting: [PodInitializing] null)
2025-01-29 13:40:17,403 INFO c.h.h.t.HelmChartContainer - [hivemq-test-hivemq-platform] [hivemq-platform-operator] [21afe644] 13:40:17.402 [ReconcilerExecutor-hivemq-controller-112] DEBUG c.h.p.o.h.HiveMQPlatformReconcilerErrorHandler - [helmcust] Pod 'test-hivemq-platform-0' phase Running
2025-01-29 13:40:17,404 INFO c.h.h.t.HelmChartContainer - [hivemq-test-hivemq-platform] [hivemq-platform-operator] [21afe644] 13:40:17.403 [ReconcilerExecutor-hivemq-controller-112] INFO  c.h.p.o.h.HiveMQPlatformReconcilerBaseHandler - [helmcust] HiveMQ Platform is starting, 1 of 2 replicas are ready
2025-01-29 13:40:17,460 INFO c.h.h.t.HelmChartContainer - [hivemq-test-hivemq-platform] [hivemq-platform-operator] [21afe644] 13:40:17.456 [pool-6-thread-2] DEBUG c.h.p.o.d.PlatformServiceResource - [helmcust] Desired Platform services (3 services)
2025-01-29 13:40:17,463 INFO c.h.h.t.HelmChartContainer - [hivemq-test-hivemq-platform] [hivemq-platform-operator] [21afe644] 13:40:17.458 [pool-6-thread-7] DEBUG c.h.p.o.d.PodServiceAccountResource - [helmcust] Desired PodServiceAccountResource (serviceAccountName: hivemq-platform-pod-test-hivemq-platform)
2025-01-29 13:40:17,465 INFO c.h.h.t.HelmChartContainer - [hivemq-test-hivemq-platform] [hivemq-platform-operator] [21afe644] 13:40:17.458 [pool-6-thread-9] DEBUG c.h.p.o.dependants.PodInfoConfigMap - [helmcust] Desired PodInfo ConfigMap (1 extensions) (1 enabled)
2025-01-29 13:40:17,465 INFO c.h.h.t.HelmChartContainer - [hivemq-test-hivemq-platform] [hivemq-platform-operator] [21afe644] 13:40:17.458 [pool-6-thread-9] DEBUG c.h.p.o.dependants.PodInfoConfigMap - [helmcust] Desired PodInfo ConfigMap (metrics port: 9399) (metrics path: /)
2025-01-29 13:40:17,465 INFO c.h.h.t.HelmChartContainer - [hivemq-test-hivemq-platform] [hivemq-platform-operator] [21afe644] 13:40:17.458 [pool-6-thread-9] DEBUG c.h.p.o.dependants.PodInfoConfigMap - [helmcust] Desired PodInfo ConfigMap (extension state hash: -1817474005)
2025-01-29 13:40:17,467 INFO c.h.h.t.HelmChartContainer - [hivemq-test-hivemq-platform] [hivemq-platform-operator] [21afe644] 13:40:17.466 [pool-6-thread-2] DEBUG c.h.p.o.d.StatefulSetResource - [helmcust] Desired StatefulSet (2 replicas) for status STARTING (READY)
2025-01-29 13:40:17,500 INFO c.h.h.t.HelmChartContainer - [hivemq-test-hivemq-platform] [hivemq-platform-operator] [21afe644] 13:40:17.499 [ReconcilerExecutor-hivemq-controller-113] INFO  c.h.p.o.HiveMQPlatformReconciler - [helmcust] Reconciling HiveMQ Platform 'test-hivemq-platform' in namespace 'helmcustomsecretconfigit'
2025-01-29 13:40:17,500 INFO c.h.h.t.HelmChartContainer - [hivemq-test-hivemq-platform] [hivemq-platform-operator] [21afe644] 13:40:17.499 [ReconcilerExecutor-hivemq-controller-113] DEBUG c.h.p.o.HiveMQPlatformReconciler - [helmcust] Custom Resource Status STARTING - HiveMQ Platform is starting (READY)
2025-01-29 13:40:17,501 INFO c.h.h.t.HelmChartContainer - [hivemq-test-hivemq-platform] [hivemq-platform-operator] [21afe644] 13:40:17.499 [ReconcilerExecutor-hivemq-controller-113] DEBUG c.h.p.o.HiveMQPlatformReconciler - [helmcust] Custom Resource Spec (replicas: 2) (extensions: 1)
2025-01-29 13:40:17,503 INFO c.h.h.t.HelmChartContainer - [hivemq-test-hivemq-platform] [hivemq-platform-operator] [21afe644] 13:40:17.501 [ReconcilerExecutor-hivemq-controller-113] DEBUG c.h.p.o.HiveMQPlatformReconciler - [helmcust] StatefulSet Status (revision: test-hivemq-platform-65cfcbfbf9, replicas: 2, available: 1, ready: 1, current: 2, updated: 2)
2025-01-29 13:40:17,503 INFO c.h.h.t.HelmChartContainer - [hivemq-test-hivemq-platform] [hivemq-platform-operator] [21afe644] 13:40:17.501 [ReconcilerExecutor-hivemq-controller-113] DEBUG c.h.p.o.HiveMQPlatformReconciler - [helmcust] StatefulSet Spec (replicas: 2, init containers: 1, containers: 1, volumes: 3)
2025-01-29 13:40:17,558 INFO c.h.h.t.HelmChartContainer - [hivemq-test-hivemq-platform] [hivemq-platform-operator] [21afe644] 13:40:17.502 [ReconcilerExecutor-hivemq-controller-113] DEBUG c.h.p.o.h.HiveMQPlatformReconcilerErrorHandler - [helmcust] Pod 'test-hivemq-platform-1' phase Pending
2025-01-29 13:40:17,560 INFO c.h.h.t.HelmChartContainer - [hivemq-test-hivemq-platform] [hivemq-platform-operator] [21afe644] 13:40:17.557 [ReconcilerExecutor-hivemq-controller-113] DEBUG c.h.p.o.h.HiveMQPlatformReconcilerErrorHandler - [helmcust] Pod 'test-hivemq-platform-1' condition 'PodReadyToStartContainers': False
2025-01-29 13:40:17,561 INFO c.h.h.t.HelmChartContainer - [hivemq-test-hivemq-platform] [hivemq-platform-operator] [21afe644] 13:40:17.557 [ReconcilerExecutor-hivemq-controller-113] DEBUG c.h.p.o.h.HiveMQPlatformReconcilerErrorHandler - [helmcust] Pod 'test-hivemq-platform-1' condition 'Initialized': False
2025-01-29 13:40:17,561 INFO c.h.h.t.HelmChartContainer - [hivemq-test-hivemq-platform] [hivemq-platform-operator] [21afe644] 13:40:17.557 [ReconcilerExecutor-hivemq-controller-113] DEBUG c.h.p.o.h.HiveMQPlatformReconcilerErrorHandler - [helmcust] Pod 'test-hivemq-platform-1' condition 'Ready': False
2025-01-29 13:40:17,561 INFO c.h.h.t.HelmChartContainer - [hivemq-test-hivemq-platform] [hivemq-platform-operator] [21afe644] 13:40:17.557 [ReconcilerExecutor-hivemq-controller-113] DEBUG c.h.p.o.h.HiveMQPlatformReconcilerErrorHandler - [helmcust] Pod 'test-hivemq-platform-1' condition 'ContainersReady': False
2025-01-29 13:40:17,561 INFO c.h.h.t.HelmChartContainer - [hivemq-test-hivemq-platform] [hivemq-platform-operator] [21afe644] 13:40:17.557 [ReconcilerExecutor-hivemq-controller-113] DEBUG c.h.p.o.h.HiveMQPlatformReconcilerErrorHandler - [helmcust] Pod 'test-hivemq-platform-1' condition 'PodScheduled': True
2025-01-29 13:40:17,561 INFO c.h.h.t.HelmChartContainer - [hivemq-test-hivemq-platform] [hivemq-platform-operator] [21afe644] 13:40:17.557 [ReconcilerExecutor-hivemq-controller-113] DEBUG c.h.p.o.h.HiveMQPlatformReconcilerErrorHandler - [helmcust] Pod 'test-hivemq-platform-1' containerStatus 'hivemq' (started: false) (ready: false) (waiting: [PodInitializing] null)
2025-01-29 13:40:17,561 INFO c.h.h.t.HelmChartContainer - [hivemq-test-hivemq-platform] [hivemq-platform-operator] [21afe644] 13:40:17.558 [ReconcilerExecutor-hivemq-controller-113] DEBUG c.h.p.o.h.HiveMQPlatformReconcilerErrorHandler - [helmcust] Pod 'test-hivemq-platform-0' phase Running
2025-01-29 13:40:17,562 INFO c.h.h.t.HelmChartContainer - [hivemq-test-hivemq-platform] [hivemq-platform-operator] [21afe644] 13:40:17.559 [ReconcilerExecutor-hivemq-controller-113] INFO  c.h.p.o.h.HiveMQPlatformReconcilerBaseHandler - [helmcust] HiveMQ Platform is starting, 1 of 2 replicas are ready
2025-01-29 13:40:17,678 INFO c.h.h.t.HelmChartContainer - [EVENT] Normal [Pulled] Container image "docker.io/hivemq/hivemq-platform-operator-init-test:snapshot" already present on machine [helmcustomsecretconfigit:test-hivemq-platform-1]
2025-01-29 13:40:17,685 INFO c.h.h.t.HelmChartContainer - [EVENT] Normal [Created] Created container: hivemq-platform-operator-init [helmcustomsecretconfigit:test-hivemq-platform-1]
2025-01-29 13:40:17,722 INFO c.h.h.t.HelmChartContainer - [EVENT] Normal [Started] Started container hivemq-platform-operator-init [helmcustomsecretconfigit:test-hivemq-platform-1]
2025-01-29 13:40:18,488 INFO c.h.h.t.HelmChartContainer - [EVENT] Normal [Pulled] Container image "docker.io/hivemq/hivemq4:4.36.0" already present on machine [helmcustomsecretconfigit:test-hivemq-platform-1]
2025-01-29 13:40:18,488 INFO c.h.h.t.HelmChartContainer - Received Pulled event for container hivemq in pod test-hivemq-platform-1 [292fa750-04ff-469c-9899-f9118f7ae86a]
2025-01-29 13:40:18,502 INFO c.h.h.t.HelmChartContainer - [POD] test-hivemq-platform-1 [292fa750-04ff-469c-9899-f9118f7ae86a] in helmcustomsecretconfigit was MODIFIED
2025-01-29 13:40:18,506 INFO c.h.h.t.HelmChartContainer - [hivemq-test-hivemq-platform] [hivemq-platform-operator] [21afe644] 13:40:18.502 [pool-6-thread-15] DEBUG c.h.p.o.d.PlatformServiceResource - [helmcust] Desired Platform services (3 services)
2025-01-29 13:40:18,509 INFO c.h.h.t.HelmChartContainer - [hivemq-test-hivemq-platform] [hivemq-platform-operator] [21afe644] 13:40:18.504 [pool-6-thread-13] DEBUG c.h.p.o.d.PodServiceAccountResource - [helmcust] Desired PodServiceAccountResource (serviceAccountName: hivemq-platform-pod-test-hivemq-platform)
2025-01-29 13:40:18,522 INFO c.h.h.t.HelmChartContainer - [hivemq-test-hivemq-platform] [hivemq-platform-operator] [21afe644] 13:40:18.507 [pool-6-thread-11] DEBUG c.h.p.o.dependants.PodInfoConfigMap - [helmcust] Desired PodInfo ConfigMap (1 extensions) (1 enabled)
2025-01-29 13:40:18,522 INFO c.h.h.t.HelmChartContainer - [hivemq-test-hivemq-platform] [hivemq-platform-operator] [21afe644] 13:40:18.509 [pool-6-thread-11] DEBUG c.h.p.o.dependants.PodInfoConfigMap - [helmcust] Desired PodInfo ConfigMap (metrics port: 9399) (metrics path: /)
2025-01-29 13:40:18,522 INFO c.h.h.t.HelmChartContainer - [hivemq-test-hivemq-platform] [hivemq-platform-operator] [21afe644] 13:40:18.509 [pool-6-thread-11] DEBUG c.h.p.o.dependants.PodInfoConfigMap - [helmcust] Desired PodInfo ConfigMap (extension state hash: -1817474005)
2025-01-29 13:40:18,522 INFO c.h.h.t.HelmChartContainer - [hivemq-test-hivemq-platform] [hivemq-platform-operator] [21afe644] 13:40:18.513 [pool-6-thread-18] DEBUG c.h.p.o.d.StatefulSetResource - [helmcust] Desired StatefulSet (2 replicas) for status STARTING (READY)
2025-01-29 13:40:18,525 INFO c.h.h.t.HelmChartContainer - [hivemq-test-hivemq-platform] [hivemq-platform-operator] [21afe644] 13:40:18.520 [ReconcilerExecutor-hivemq-controller-114] INFO  c.h.p.o.HiveMQPlatformReconciler - [helmcust] Reconciling HiveMQ Platform 'test-hivemq-platform' in namespace 'helmcustomsecretconfigit'
2025-01-29 13:40:18,525 INFO c.h.h.t.HelmChartContainer - [hivemq-test-hivemq-platform] [hivemq-platform-operator] [21afe644] 13:40:18.521 [ReconcilerExecutor-hivemq-controller-114] DEBUG c.h.p.o.HiveMQPlatformReconciler - [helmcust] Custom Resource Status STARTING - HiveMQ Platform is starting (READY)
2025-01-29 13:40:18,525 INFO c.h.h.t.HelmChartContainer - [hivemq-test-hivemq-platform] [hivemq-platform-operator] [21afe644] 13:40:18.521 [ReconcilerExecutor-hivemq-controller-114] DEBUG c.h.p.o.HiveMQPlatformReconciler - [helmcust] Custom Resource Spec (replicas: 2) (extensions: 1)
2025-01-29 13:40:18,526 INFO c.h.h.t.HelmChartContainer - [EVENT] Normal [Created] Created container: hivemq [helmcustomsecretconfigit:test-hivemq-platform-1]
2025-01-29 13:40:18,526 INFO c.h.h.t.HelmChartContainer - Received Created event for container hivemq in pod test-hivemq-platform-1 [292fa750-04ff-469c-9899-f9118f7ae86a]
2025-01-29 13:40:18,560 INFO c.h.h.t.HelmChartContainer - [hivemq-test-hivemq-platform] [hivemq-platform-operator] [21afe644] 13:40:18.558 [ReconcilerExecutor-hivemq-controller-114] DEBUG c.h.p.o.HiveMQPlatformReconciler - [helmcust] StatefulSet Status (revision: test-hivemq-platform-65cfcbfbf9, replicas: 2, available: 1, ready: 1, current: 2, updated: 2)
2025-01-29 13:40:18,560 INFO c.h.h.t.HelmChartContainer - [hivemq-test-hivemq-platform] [hivemq-platform-operator] [21afe644] 13:40:18.559 [ReconcilerExecutor-hivemq-controller-114] DEBUG c.h.p.o.HiveMQPlatformReconciler - [helmcust] StatefulSet Spec (replicas: 2, init containers: 1, containers: 1, volumes: 3)
2025-01-29 13:40:18,603 INFO c.h.h.t.HelmChartContainer - [hivemq-test-hivemq-platform] [hivemq-platform-operator] [21afe644] 13:40:18.562 [ReconcilerExecutor-hivemq-controller-114] DEBUG c.h.p.o.h.HiveMQPlatformReconcilerErrorHandler - [helmcust] Pod 'test-hivemq-platform-1' phase Pending
2025-01-29 13:40:18,603 INFO c.h.h.t.HelmChartContainer - [hivemq-test-hivemq-platform] [hivemq-platform-operator] [21afe644] 13:40:18.600 [ReconcilerExecutor-hivemq-controller-114] DEBUG c.h.p.o.h.HiveMQPlatformReconcilerErrorHandler - [helmcust] Pod 'test-hivemq-platform-1' condition 'PodReadyToStartContainers': True
2025-01-29 13:40:18,603 INFO c.h.h.t.HelmChartContainer - [hivemq-test-hivemq-platform] [hivemq-platform-operator] [21afe644] 13:40:18.600 [ReconcilerExecutor-hivemq-controller-114] DEBUG c.h.p.o.h.HiveMQPlatformReconcilerErrorHandler - [helmcust] Pod 'test-hivemq-platform-1' condition 'Initialized': True
2025-01-29 13:40:18,603 INFO c.h.h.t.HelmChartContainer - [hivemq-test-hivemq-platform] [hivemq-platform-operator] [21afe644] 13:40:18.600 [ReconcilerExecutor-hivemq-controller-114] DEBUG c.h.p.o.h.HiveMQPlatformReconcilerErrorHandler - [helmcust] Pod 'test-hivemq-platform-1' condition 'Ready': False
2025-01-29 13:40:18,603 INFO c.h.h.t.HelmChartContainer - [hivemq-test-hivemq-platform] [hivemq-platform-operator] [21afe644] 13:40:18.600 [ReconcilerExecutor-hivemq-controller-114] DEBUG c.h.p.o.h.HiveMQPlatformReconcilerErrorHandler - [helmcust] Pod 'test-hivemq-platform-1' condition 'ContainersReady': False
2025-01-29 13:40:18,603 INFO c.h.h.t.HelmChartContainer - [hivemq-test-hivemq-platform] [hivemq-platform-operator] [21afe644] 13:40:18.600 [ReconcilerExecutor-hivemq-controller-114] DEBUG c.h.p.o.h.HiveMQPlatformReconcilerErrorHandler - [helmcust] Pod 'test-hivemq-platform-1' condition 'PodScheduled': True
2025-01-29 13:40:18,603 INFO c.h.h.t.HelmChartContainer - [hivemq-test-hivemq-platform] [hivemq-platform-operator] [21afe644] 13:40:18.600 [ReconcilerExecutor-hivemq-controller-114] DEBUG c.h.p.o.h.HiveMQPlatformReconcilerErrorHandler - [helmcust] Pod 'test-hivemq-platform-1' containerStatus 'hivemq' (started: false) (ready: false) (waiting: [PodInitializing] null)
2025-01-29 13:40:18,605 INFO c.h.h.t.HelmChartContainer - [hivemq-test-hivemq-platform] [hivemq-platform-operator] [21afe644] 13:40:18.604 [ReconcilerExecutor-hivemq-controller-114] DEBUG c.h.p.o.h.HiveMQPlatformReconcilerErrorHandler - [helmcust] Pod 'test-hivemq-platform-0' phase Running
2025-01-29 13:40:18,606 INFO c.h.h.t.HelmChartContainer - [hivemq-test-hivemq-platform] [hivemq-platform-operator] [21afe644] 13:40:18.605 [ReconcilerExecutor-hivemq-controller-114] INFO  c.h.p.o.h.HiveMQPlatformReconcilerBaseHandler - [helmcust] HiveMQ Platform is starting, 1 of 2 replicas are ready
2025-01-29 13:40:19,494 INFO c.h.h.t.HelmChartContainer - [POD] test-hivemq-platform-1 [292fa750-04ff-469c-9899-f9118f7ae86a] in helmcustomsecretconfigit was MODIFIED
2025-01-29 13:40:19,504 INFO c.h.h.t.HelmChartContainer - [EVENT] Normal [Started] Started container hivemq [helmcustomsecretconfigit:test-hivemq-platform-1]
2025-01-29 13:40:19,504 INFO c.h.h.t.HelmChartContainer - Received Started event for container hivemq in pod test-hivemq-platform-1 [292fa750-04ff-469c-9899-f9118f7ae86a]
2025-01-29 13:40:19,504 INFO c.h.h.t.HelmChartContainer - Started log watcher for hivemq in pod test-hivemq-platform-1 [292fa750-04ff-469c-9899-f9118f7ae86a]
2025-01-29 13:40:19,505 INFO c.h.h.t.HelmChartContainer - [test-hivemq-platform] [hivemq] [292fa750] Adding pre-installed HiveMQ Platform Operator extensions
2025-01-29 13:40:19,505 INFO c.h.h.t.HelmChartContainer - [test-hivemq-platform] [hivemq] [292fa750] Running as user 10000
2025-01-29 13:40:19,505 INFO c.h.h.t.HelmChartContainer - [test-hivemq-platform] [hivemq] [292fa750] Starting HiveMQ Platform Operator Init
2025-01-29 13:40:19,514 INFO c.h.h.t.HelmChartContainer - [hivemq-test-hivemq-platform] [hivemq-platform-operator] [21afe644] 13:40:19.510 [pool-6-thread-26] DEBUG c.h.p.o.d.PlatformServiceResource - [helmcust] Desired Platform services (3 services)
2025-01-29 13:40:19,516 INFO c.h.h.t.HelmChartContainer - [hivemq-test-hivemq-platform] [hivemq-platform-operator] [21afe644] 13:40:19.510 [pool-6-thread-28] DEBUG c.h.p.o.dependants.PodInfoConfigMap - [helmcust] Desired PodInfo ConfigMap (1 extensions) (1 enabled)
2025-01-29 13:40:19,517 INFO c.h.h.t.HelmChartContainer - [hivemq-test-hivemq-platform] [hivemq-platform-operator] [21afe644] 13:40:19.513 [pool-6-thread-28] DEBUG c.h.p.o.dependants.PodInfoConfigMap - [helmcust] Desired PodInfo ConfigMap (metrics port: 9399) (metrics path: /)
2025-01-29 13:40:19,517 INFO c.h.h.t.HelmChartContainer - [hivemq-test-hivemq-platform] [hivemq-platform-operator] [21afe644] 13:40:19.513 [pool-6-thread-28] DEBUG c.h.p.o.dependants.PodInfoConfigMap - [helmcust] Desired PodInfo ConfigMap (extension state hash: -1817474005)
2025-01-29 13:40:19,517 INFO c.h.h.t.HelmChartContainer - [hivemq-test-hivemq-platform] [hivemq-platform-operator] [21afe644] 13:40:19.514 [pool-6-thread-23] DEBUG c.h.p.o.d.PodServiceAccountResource - [helmcust] Desired PodServiceAccountResource (serviceAccountName: hivemq-platform-pod-test-hivemq-platform)
2025-01-29 13:40:19,521 INFO c.h.h.t.HelmChartContainer - [hivemq-test-hivemq-platform] [hivemq-platform-operator] [21afe644] 13:40:19.517 [pool-6-thread-30] DEBUG c.h.p.o.d.StatefulSetResource - [helmcust] Desired StatefulSet (2 replicas) for status STARTING (READY)
2025-01-29 13:40:19,558 INFO c.h.h.t.HelmChartContainer - [hivemq-test-hivemq-platform] [hivemq-platform-operator] [21afe644] 13:40:19.556 [ReconcilerExecutor-hivemq-controller-115] INFO  c.h.p.o.HiveMQPlatformReconciler - [helmcust] Reconciling HiveMQ Platform 'test-hivemq-platform' in namespace 'helmcustomsecretconfigit'
2025-01-29 13:40:19,558 INFO c.h.h.t.HelmChartContainer - [hivemq-test-hivemq-platform] [hivemq-platform-operator] [21afe644] 13:40:19.557 [ReconcilerExecutor-hivemq-controller-115] DEBUG c.h.p.o.HiveMQPlatformReconciler - [helmcust] Custom Resource Status STARTING - HiveMQ Platform is starting (READY)
2025-01-29 13:40:19,558 INFO c.h.h.t.HelmChartContainer - [hivemq-test-hivemq-platform] [hivemq-platform-operator] [21afe644] 13:40:19.557 [ReconcilerExecutor-hivemq-controller-115] DEBUG c.h.p.o.HiveMQPlatformReconciler - [helmcust] Custom Resource Spec (replicas: 2) (extensions: 1)
2025-01-29 13:40:19,601 INFO c.h.h.t.HelmChartContainer - [hivemq-test-hivemq-platform] [hivemq-platform-operator] [21afe644] 13:40:19.599 [ReconcilerExecutor-hivemq-controller-115] DEBUG c.h.p.o.HiveMQPlatformReconciler - [helmcust] StatefulSet Status (revision: test-hivemq-platform-65cfcbfbf9, replicas: 2, available: 1, ready: 1, current: 2, updated: 2)
2025-01-29 13:40:19,601 INFO c.h.h.t.HelmChartContainer - [hivemq-test-hivemq-platform] [hivemq-platform-operator] [21afe644] 13:40:19.599 [ReconcilerExecutor-hivemq-controller-115] DEBUG c.h.p.o.HiveMQPlatformReconciler - [helmcust] StatefulSet Spec (replicas: 2, init containers: 1, containers: 1, volumes: 3)
2025-01-29 13:40:19,602 INFO c.h.h.t.HelmChartContainer - [hivemq-test-hivemq-platform] [hivemq-platform-operator] [21afe644] 13:40:19.601 [ReconcilerExecutor-hivemq-controller-115] DEBUG c.h.p.o.h.HiveMQPlatformReconcilerErrorHandler - [helmcust] Pod 'test-hivemq-platform-1' phase Running
2025-01-29 13:40:19,603 INFO c.h.h.t.HelmChartContainer - [hivemq-test-hivemq-platform] [hivemq-platform-operator] [21afe644] 13:40:19.603 [ReconcilerExecutor-hivemq-controller-115] DEBUG c.h.p.o.h.HiveMQPlatformReconcilerErrorHandler - [helmcust] Pod 'test-hivemq-platform-0' phase Running
2025-01-29 13:40:19,604 INFO c.h.h.t.HelmChartContainer - [hivemq-test-hivemq-platform] [hivemq-platform-operator] [21afe644] 13:40:19.604 [ReconcilerExecutor-hivemq-controller-115] INFO  c.h.p.o.h.HiveMQPlatformReconcilerBaseHandler - [helmcust] HiveMQ Platform is starting, 1 of 2 replicas are ready
2025-01-29 13:40:19,837 INFO c.h.h.t.HelmChartContainer - [test-hivemq-platform] [hivemq] [292fa750] INFO  - [HiveMQ Platform Operator Init 1.7.0-SNAPSHOT] HiveMQ Platform Operator Init 1.7.0-SNAPSHOT (commit: bebf408 on branch: HEAD) built on Sun Jan 26 20:47:47 UTC 2025
2025-01-29 13:40:21,039 INFO c.h.h.t.HelmChartContainer - [test-hivemq-platform] [hivemq] [292fa750] INFO  - [HiveMQ Platform Operator Init App 1.7.0-SNAPSHOT] Using bind address 10.42.0.9 from environment variable
2025-01-29 13:40:21,993 INFO c.h.h.t.HelmChartContainer - [test-hivemq-platform] [hivemq] [292fa750] INFO  - [HiveMQ Platform Operator Init App 1.7.0-SNAPSHOT] HiveMQ Platform Operator Init App 1.7.0-SNAPSHOT (commit: bebf408 on branch: HEAD) built on Sun Jan 26 20:47:47 UTC 2025
2025-01-29 13:40:21,993 INFO c.h.h.t.HelmChartContainer - [test-hivemq-platform] [hivemq] [292fa750] INFO  - [HiveMQ Platform Operator Init App 1.7.0-SNAPSHOT] PodInfo ConfigMap directory: /etc/podinfo
2025-01-29 13:40:21,993 INFO c.h.h.t.HelmChartContainer - [test-hivemq-platform] [hivemq] [292fa750] INFO  - [HiveMQ Platform Operator Init App 1.7.0-SNAPSHOT] HiveMQ home directory: /opt/hivemq
2025-01-29 13:40:21,994 INFO c.h.h.t.HelmChartContainer - [test-hivemq-platform] [hivemq] [292fa750] INFO  - [HiveMQ Platform Operator Init App 1.7.0-SNAPSHOT] HiveMQ Logback folder: /opt/hivemq/conf
2025-01-29 13:40:21,995 INFO c.h.h.t.HelmChartContainer - [test-hivemq-platform] [hivemq] [292fa750] INFO  - [HiveMQ Platform Operator Init App 1.7.0-SNAPSHOT] HiveMQ Config folder: /opt/hivemq/conf-k8s
2025-01-29 13:40:21,995 INFO c.h.h.t.HelmChartContainer - [test-hivemq-platform] [hivemq] [292fa750] INFO  - [HiveMQ Platform Operator Init App 1.7.0-SNAPSHOT] Starting HiveMQ Platform Operator Init App
2025-01-29 13:40:21,996 INFO c.h.h.t.HelmChartContainer - [test-hivemq-platform] [hivemq] [292fa750] INFO  - [HiveMQ Platform Operator Init App 1.7.0-SNAPSHOT] Starting Pod reconciler
2025-01-29 13:40:23,291 INFO c.h.h.t.HelmChartContainer - [test-hivemq-platform] [hivemq] [292fa750] INFO  - [HiveMQ Platform Operator Init App 1.7.0-SNAPSHOT] Pod reconciler is scheduled (interval: 5000 ms)
2025-01-29 13:40:23,292 INFO c.h.h.t.HelmChartContainer - [test-hivemq-platform] [hivemq] [292fa750] INFO  - [HiveMQ Platform Operator Init App 1.7.0-SNAPSHOT] Starting the REST API on 10.42.0.9:7979
2025-01-29 13:40:23,296 INFO c.h.h.t.HelmChartContainer - [test-hivemq-platform] [hivemq] [292fa750] INFO  - [HiveMQ Platform Operator Init App 1.7.0-SNAPSHOT] Waiting up to 600s for at most 2 HiveMQ nodes in cluster service hivemq-test-hivemq-platform-cluster.helmcustomsecretconfigit.svc
2025-01-29 13:40:23,635 INFO c.h.h.t.HelmChartContainer - [test-hivemq-platform] [hivemq] [292fa750] INFO  - [HiveMQ Platform Operator Init App 1.7.0-SNAPSHOT] Resolved 2 IP addresses: [10.42.0.8, 10.42.0.9]
2025-01-29 13:40:23,635 INFO c.h.h.t.HelmChartContainer - [test-hivemq-platform] [hivemq] [292fa750] INFO  - [HiveMQ Platform Operator Init App 1.7.0-SNAPSHOT] HiveMQ node count of 2 is within threshold of 2
2025-01-29 13:40:23,635 INFO c.h.h.t.HelmChartContainer - [test-hivemq-platform] [hivemq] [292fa750] INFO  - [HiveMQ Platform Operator Init App 1.7.0-SNAPSHOT] Proceeding with container start
2025-01-29 13:40:23,740 INFO c.h.h.t.HelmChartContainer - [test-hivemq-platform] [hivemq] [292fa750] INFO  - [HiveMQ Platform Operator Init App 1.7.0-SNAPSHOT] Initializing HiveMQ Platform extensions with initial configuration: {hivemq-allow-all-extension={start-priority=-1, skip-https-hostname-verification=false, restart=true, config-version=0, header-version=0, c-uri=, priority=-1, uri=preinstalled, skip-https-certificate-validation=false, enabled=true}, hivemq-prometheus-extension={restart=true, enabled=true, request-header-path=no-request-headers, uri=preinstalled, skip-https-certificate-validation=false, skip-https-hostname-verification=false, c-uri=, start-priority=-1, priority=-1}}
2025-01-29 13:40:24,237 INFO c.h.h.t.HelmChartContainer - [test-hivemq-platform] [hivemq] [292fa750] INFO  - [HiveMQ Platform Operator Init App 1.7.0-SNAPSHOT] Extension hivemq-allow-all-extension was already enabled
2025-01-29 13:40:24,330 INFO c.h.h.t.HelmChartContainer - [test-hivemq-platform] [hivemq] [292fa750] INFO  - [HiveMQ Platform Operator Init App 1.7.0-SNAPSHOT] Successfully enabled extension hivemq-prometheus-extension
2025-01-29 13:40:24,333 INFO c.h.h.t.HelmChartContainer - [test-hivemq-platform] [hivemq] [292fa750] INFO  - [HiveMQ Platform Operator Init App 1.7.0-SNAPSHOT] Starting HiveMQ Platform version 4.36.0 (4.36.0)
2025-01-29 13:40:24,333 INFO c.h.h.t.HelmChartContainer - [test-hivemq-platform] [hivemq] [292fa750] INFO  - [HiveMQ Platform Operator Init App 1.7.0-SNAPSHOT] Configuring the HiveMQ Platform
2025-01-29 13:40:24,396 INFO c.h.h.t.HelmChartContainer - [test-hivemq-platform] [hivemq] [292fa750] INFO  - [HiveMQ Platform Operator Init App 1.7.0-SNAPSHOT] Changed logback.xml file scan period to 20 seconds
2025-01-29 13:40:24,438 INFO c.h.h.t.HelmChartContainer - [test-hivemq-platform] [hivemq] [292fa750] INFO  - [HiveMQ Platform Operator Init App 1.7.0-SNAPSHOT] Starting the HiveMQ Platform
2025-01-29 13:40:24,493 INFO c.h.h.t.HelmChartContainer - [test-hivemq-platform] [hivemq] [292fa750] -------------------------------------------------------------------------
2025-01-29 13:40:24,493 INFO c.h.h.t.HelmChartContainer - [test-hivemq-platform] [hivemq] [292fa750] 
2025-01-29 13:40:24,493 INFO c.h.h.t.HelmChartContainer - [test-hivemq-platform] [hivemq] [292fa750]                   _    _  _              __  __   ____
2025-01-29 13:40:24,493 INFO c.h.h.t.HelmChartContainer - [test-hivemq-platform] [hivemq] [292fa750]                  | |  | |(_)            |  \/  | / __ \
2025-01-29 13:40:24,493 INFO c.h.h.t.HelmChartContainer - [test-hivemq-platform] [hivemq] [292fa750]                  | |__| | _ __   __ ___ | \  / || |  | |
2025-01-29 13:40:24,493 INFO c.h.h.t.HelmChartContainer - [test-hivemq-platform] [hivemq] [292fa750]                  |  __  || |\ \ / // _ \| |\/| || |  | |
2025-01-29 13:40:24,493 INFO c.h.h.t.HelmChartContainer - [test-hivemq-platform] [hivemq] [292fa750]                  | |  | || | \ V /|  __/| |  | || |__| |
2025-01-29 13:40:24,493 INFO c.h.h.t.HelmChartContainer - [test-hivemq-platform] [hivemq] [292fa750]                  |_|  |_||_|  \_/  \___||_|  |_| \___\_\
2025-01-29 13:40:24,493 INFO c.h.h.t.HelmChartContainer - [test-hivemq-platform] [hivemq] [292fa750] 
2025-01-29 13:40:24,493 INFO c.h.h.t.HelmChartContainer - [test-hivemq-platform] [hivemq] [292fa750] -------------------------------------------------------------------------
2025-01-29 13:40:24,493 INFO c.h.h.t.HelmChartContainer - [test-hivemq-platform] [hivemq] [292fa750] 
2025-01-29 13:40:24,493 INFO c.h.h.t.HelmChartContainer - [test-hivemq-platform] [hivemq] [292fa750]   HiveMQ Start Script for Linux/Unix v1.14
2025-01-29 13:40:24,493 INFO c.h.h.t.HelmChartContainer - [test-hivemq-platform] [hivemq] [292fa750] 
2025-01-29 13:40:24,542 INFO c.h.h.t.HelmChartContainer - [test-hivemq-platform] [hivemq] [292fa750] -------------------------------------------------------------------------
2025-01-29 13:40:24,542 INFO c.h.h.t.HelmChartContainer - [test-hivemq-platform] [hivemq] [292fa750] 
2025-01-29 13:40:24,542 INFO c.h.h.t.HelmChartContainer - [test-hivemq-platform] [hivemq] [292fa750]   HIVEMQ_HOME: /opt/hivemq
2025-01-29 13:40:24,542 INFO c.h.h.t.HelmChartContainer - [test-hivemq-platform] [hivemq] [292fa750] 
2025-01-29 13:40:24,542 INFO c.h.h.t.HelmChartContainer - [test-hivemq-platform] [hivemq] [292fa750]   JAVA_OPTS: -XX:+UnlockExperimentalVMOptions -XX:InitialRAMPercentage=50 -XX:MaxRAMPercentage=50 -Djava.net.preferIPv4Stack=true --add-opens java.base/java.lang=ALL-UNNAMED --add-opens java.base/java.nio=ALL-UNNAMED --add-opens java.base/sun.nio.ch=ALL-UNNAMED --add-opens jdk.management/com.sun.management.internal=ALL-UNNAMED --add-exports java.base/jdk.internal.misc=ALL-UNNAMED -Djava.security.egd=file:/dev/./urandom -Dcom.sun.management.jmxremote -Dcom.sun.management.jmxremote.port=9010 -Dcom.sun.management.jmxremote.local.only=false -Dcom.sun.management.jmxremote.authenticate=false -Dcom.sun.management.jmxremote.ssl=false -Duser.language=en -Duser.region=US -XX:+CrashOnOutOfMemoryError -XX:+HeapDumpOnOutOfMemoryError
2025-01-29 13:40:24,542 INFO c.h.h.t.HelmChartContainer - [test-hivemq-platform] [hivemq] [292fa750] 
2025-01-29 13:40:24,542 INFO c.h.h.t.HelmChartContainer - [test-hivemq-platform] [hivemq] [292fa750]   JAVA_VERSION: 21
2025-01-29 13:40:24,543 INFO c.h.h.t.HelmChartContainer - [test-hivemq-platform] [hivemq] [292fa750] 
2025-01-29 13:40:24,543 INFO c.h.h.t.HelmChartContainer - [test-hivemq-platform] [hivemq] [292fa750] -------------------------------------------------------------------------
2025-01-29 13:40:24,543 INFO c.h.h.t.HelmChartContainer - [test-hivemq-platform] [hivemq] [292fa750] 
2025-01-29 13:40:25,535 INFO c.h.h.t.HelmChartContainer - [test-hivemq-platform] [hivemq] [292fa750] INFO  - [HiveMQ Platform Operator Init App 1.7.0-SNAPSHOT] Returning default Health API response 503 for readiness
2025-01-29 13:40:25,997 INFO c.h.h.t.HelmChartContainer - [EVENT] Warning [Unhealthy] Readiness probe failed: HTTP probe failed with statuscode: 503 [helmcustomsecretconfigit:test-hivemq-platform-1]
2025-01-29 13:40:25,997 INFO c.h.h.t.HelmChartContainer - Received Unhealthy event for container hivemq in pod test-hivemq-platform-1 [292fa750-04ff-469c-9899-f9118f7ae86a]
2025-01-29 13:40:27,402 INFO c.h.h.t.HelmChartContainer - [test-hivemq-platform] [hivemq] [292fa750] INFO  - Starting HiveMQ Enterprise Server
2025-01-29 13:40:27,434 INFO c.h.h.t.HelmChartContainer - [test-hivemq-platform] [hivemq] [292fa750] INFO  - HiveMQ version: 4.36.0
2025-01-29 13:40:27,434 INFO c.h.h.t.HelmChartContainer - [test-hivemq-platform] [hivemq] [292fa750] INFO  - HiveMQ home directory: /opt/hivemq
2025-01-29 13:40:27,434 INFO c.h.h.t.HelmChartContainer - [test-hivemq-platform] [hivemq] [292fa750] INFO  - Log Configuration was overridden by /opt/hivemq/conf/logback.xml
2025-01-29 13:40:29,031 INFO c.h.h.t.HelmChartContainer - [test-hivemq-platform] [hivemq] [292fa750] INFO  - Successfully loaded configuration from '/opt/hivemq/conf-k8s/config.xml'.
2025-01-29 13:40:29,611 INFO c.h.h.t.HelmChartContainer - [hivemq-test-hivemq-platform] [hivemq-platform-operator] [21afe644] 13:40:29.607 [pool-6-thread-37] DEBUG c.h.p.o.d.PlatformServiceResource - [helmcust] Desired Platform services (3 services)
2025-01-29 13:40:29,611 INFO c.h.h.t.HelmChartContainer - [hivemq-test-hivemq-platform] [hivemq-platform-operator] [21afe644] 13:40:29.608 [pool-6-thread-39] DEBUG c.h.p.o.dependants.PodInfoConfigMap - [helmcust] Desired PodInfo ConfigMap (1 extensions) (1 enabled)
2025-01-29 13:40:29,611 INFO c.h.h.t.HelmChartContainer - [hivemq-test-hivemq-platform] [hivemq-platform-operator] [21afe644] 13:40:29.608 [pool-6-thread-39] DEBUG c.h.p.o.dependants.PodInfoConfigMap - [helmcust] Desired PodInfo ConfigMap (metrics port: 9399) (metrics path: /)
2025-01-29 13:40:29,611 INFO c.h.h.t.HelmChartContainer - [hivemq-test-hivemq-platform] [hivemq-platform-operator] [21afe644] 13:40:29.608 [pool-6-thread-39] DEBUG c.h.p.o.dependants.PodInfoConfigMap - [helmcust] Desired PodInfo ConfigMap (extension state hash: -1817474005)
2025-01-29 13:40:29,611 INFO c.h.h.t.HelmChartContainer - [hivemq-test-hivemq-platform] [hivemq-platform-operator] [21afe644] 13:40:29.609 [pool-6-thread-32] DEBUG c.h.p.o.d.PodServiceAccountResource - [helmcust] Desired PodServiceAccountResource (serviceAccountName: hivemq-platform-pod-test-hivemq-platform)
2025-01-29 13:40:29,617 INFO c.h.h.t.HelmChartContainer - [hivemq-test-hivemq-platform] [hivemq-platform-operator] [21afe644] 13:40:29.616 [pool-6-thread-37] DEBUG c.h.p.o.d.StatefulSetResource - [helmcust] Desired StatefulSet (2 replicas) for status STARTING (READY)
2025-01-29 13:40:29,626 INFO c.h.h.t.HelmChartContainer - [hivemq-test-hivemq-platform] [hivemq-platform-operator] [21afe644] 13:40:29.624 [ReconcilerExecutor-hivemq-controller-116] INFO  c.h.p.o.HiveMQPlatformReconciler - [helmcust] Reconciling HiveMQ Platform 'test-hivemq-platform' in namespace 'helmcustomsecretconfigit'
2025-01-29 13:40:29,626 INFO c.h.h.t.HelmChartContainer - [hivemq-test-hivemq-platform] [hivemq-platform-operator] [21afe644] 13:40:29.625 [ReconcilerExecutor-hivemq-controller-116] DEBUG c.h.p.o.HiveMQPlatformReconciler - [helmcust] Custom Resource Status STARTING - HiveMQ Platform is starting (READY)
2025-01-29 13:40:29,626 INFO c.h.h.t.HelmChartContainer - [hivemq-test-hivemq-platform] [hivemq-platform-operator] [21afe644] 13:40:29.625 [ReconcilerExecutor-hivemq-controller-116] DEBUG c.h.p.o.HiveMQPlatformReconciler - [helmcust] Custom Resource Spec (replicas: 2) (extensions: 1)
2025-01-29 13:40:29,703 INFO c.h.h.t.HelmChartContainer - [hivemq-test-hivemq-platform] [hivemq-platform-operator] [21afe644] 13:40:29.701 [ReconcilerExecutor-hivemq-controller-116] DEBUG c.h.p.o.HiveMQPlatformReconciler - [helmcust] StatefulSet Status (revision: test-hivemq-platform-65cfcbfbf9, replicas: 2, available: 1, ready: 1, current: 2, updated: 2)
2025-01-29 13:40:29,704 INFO c.h.h.t.HelmChartContainer - [hivemq-test-hivemq-platform] [hivemq-platform-operator] [21afe644] 13:40:29.701 [ReconcilerExecutor-hivemq-controller-116] DEBUG c.h.p.o.HiveMQPlatformReconciler - [helmcust] StatefulSet Spec (replicas: 2, init containers: 1, containers: 1, volumes: 3)
2025-01-29 13:40:29,704 INFO c.h.h.t.HelmChartContainer - [hivemq-test-hivemq-platform] [hivemq-platform-operator] [21afe644] 13:40:29.703 [ReconcilerExecutor-hivemq-controller-116] DEBUG c.h.p.o.h.HiveMQPlatformReconcilerErrorHandler - [helmcust] Pod 'test-hivemq-platform-1' phase Running
2025-01-29 13:40:29,707 INFO c.h.h.t.HelmChartContainer - [hivemq-test-hivemq-platform] [hivemq-platform-operator] [21afe644] 13:40:29.706 [ReconcilerExecutor-hivemq-controller-116] DEBUG c.h.p.o.h.HiveMQPlatformReconcilerErrorHandler - [helmcust] Pod 'test-hivemq-platform-0' phase Running
2025-01-29 13:40:29,707 INFO c.h.h.t.HelmChartContainer - [hivemq-test-hivemq-platform] [hivemq-platform-operator] [21afe644] 13:40:29.706 [ReconcilerExecutor-hivemq-controller-116] INFO  c.h.p.o.h.HiveMQPlatformReconcilerBaseHandler - [helmcust] HiveMQ Platform is starting, 1 of 2 replicas are ready
2025-01-29 13:40:29,833 INFO c.h.h.t.HelmChartContainer - [test-hivemq-platform] [hivemq] [292fa750] INFO  - This node's ID is LT3R5
2025-01-29 13:40:29,833 INFO c.h.h.t.HelmChartContainer - [test-hivemq-platform] [hivemq] [292fa750] INFO  - Clustering is enabled
2025-01-29 13:40:31,131 INFO c.h.h.t.HelmChartContainer - [test-hivemq-platform] [hivemq] [292fa750] WARN  - [HiveMQ Platform Operator Init App 1.7.0-SNAPSHOT] Cannot connect to Health API for readiness: null
2025-01-29 13:40:31,138 INFO c.h.h.t.HelmChartContainer - [EVENT] Warning [Unhealthy] Readiness probe failed: HTTP probe failed with statuscode: 503 [helmcustomsecretconfigit:test-hivemq-platform-1]
2025-01-29 13:40:31,138 INFO c.h.h.t.HelmChartContainer - Received Unhealthy event for container hivemq in pod test-hivemq-platform-1 [292fa750-04ff-469c-9899-f9118f7ae86a]
2025-01-29 13:40:32,140 INFO c.h.h.t.HelmChartContainer - [test-hivemq-platform] [hivemq] [2261d32b] INFO  - [HiveMQ Platform Operator Init App 1.7.0-SNAPSHOT] Returning Health API response 200 for liveness
2025-01-29 13:40:34,596 INFO c.h.h.t.HelmChartContainer - [test-hivemq-platform] [hivemq] [292fa750] Jan 29, 2025 1:40:34 PM io.vertx.core.impl.BlockedThreadChecker
2025-01-29 13:40:34,596 INFO c.h.h.t.HelmChartContainer - [test-hivemq-platform] [hivemq] [292fa750] WARNING: Thread Thread[vert.x-eventloop-thread-1,5,main] has been blocked for 2760 ms, time limit is 2000 ms
2025-01-29 13:40:34,800 INFO c.h.h.t.HelmChartContainer - [test-hivemq-platform] [hivemq] [292fa750] INFO  - [HiveMQ Platform Operator Init App 1.7.0-SNAPSHOT] Updating Pod HiveMQ Platform Operator Init App version annotation (version: 1.7.0-SNAPSHOT)
2025-01-29 13:40:35,499 INFO c.h.h.t.HelmChartContainer - [test-hivemq-platform] [hivemq] [292fa750] WARN  - [HiveMQ Platform Operator Init App 1.7.0-SNAPSHOT] Cannot connect to Health API for readiness: null
2025-01-29 13:40:35,503 INFO c.h.h.t.HelmChartContainer - [EVENT] Warning [Unhealthy] Readiness probe failed: HTTP probe failed with statuscode: 503 [helmcustomsecretconfigit:test-hivemq-platform-1]
2025-01-29 13:40:35,503 INFO c.h.h.t.HelmChartContainer - Received Unhealthy event for container hivemq in pod test-hivemq-platform-1 [292fa750-04ff-469c-9899-f9118f7ae86a]
2025-01-29 13:40:35,807 INFO c.h.h.t.HelmChartContainer - [POD] test-hivemq-platform-1 [292fa750-04ff-469c-9899-f9118f7ae86a] in helmcustomsecretconfigit was MODIFIED
2025-01-29 13:40:35,816 INFO c.h.h.t.HelmChartContainer - [hivemq-test-hivemq-platform] [hivemq-platform-operator] [21afe644] 13:40:35.815 [pool-6-thread-43] DEBUG c.h.p.o.d.PlatformServiceResource - [helmcust] Desired Platform services (3 services)
2025-01-29 13:40:35,817 INFO c.h.h.t.HelmChartContainer - [hivemq-test-hivemq-platform] [hivemq-platform-operator] [21afe644] 13:40:35.816 [pool-6-thread-46] DEBUG c.h.p.o.dependants.PodInfoConfigMap - [helmcust] Desired PodInfo ConfigMap (1 extensions) (1 enabled)
2025-01-29 13:40:35,817 INFO c.h.h.t.HelmChartContainer - [hivemq-test-hivemq-platform] [hivemq-platform-operator] [21afe644] 13:40:35.816 [pool-6-thread-46] DEBUG c.h.p.o.dependants.PodInfoConfigMap - [helmcust] Desired PodInfo ConfigMap (metrics port: 9399) (metrics path: /)
2025-01-29 13:40:35,817 INFO c.h.h.t.HelmChartContainer - [hivemq-test-hivemq-platform] [hivemq-platform-operator] [21afe644] 13:40:35.816 [pool-6-thread-46] DEBUG c.h.p.o.dependants.PodInfoConfigMap - [helmcust] Desired PodInfo ConfigMap (extension state hash: -1817474005)
2025-01-29 13:40:35,820 INFO c.h.h.t.HelmChartContainer - [hivemq-test-hivemq-platform] [hivemq-platform-operator] [21afe644] 13:40:35.819 [pool-6-thread-48] DEBUG c.h.p.o.d.PodServiceAccountResource - [helmcust] Desired PodServiceAccountResource (serviceAccountName: hivemq-platform-pod-test-hivemq-platform)
2025-01-29 13:40:35,824 INFO c.h.h.t.HelmChartContainer - [hivemq-test-hivemq-platform] [hivemq-platform-operator] [21afe644] 13:40:35.823 [pool-6-thread-43] DEBUG c.h.p.o.d.StatefulSetResource - [helmcust] Desired StatefulSet (2 replicas) for status STARTING (READY)
2025-01-29 13:40:35,828 INFO c.h.h.t.HelmChartContainer - [hivemq-test-hivemq-platform] [hivemq-platform-operator] [21afe644] 13:40:35.827 [ReconcilerExecutor-hivemq-controller-117] INFO  c.h.p.o.HiveMQPlatformReconciler - [helmcust] Reconciling HiveMQ Platform 'test-hivemq-platform' in namespace 'helmcustomsecretconfigit'
2025-01-29 13:40:35,828 INFO c.h.h.t.HelmChartContainer - [hivemq-test-hivemq-platform] [hivemq-platform-operator] [21afe644] 13:40:35.827 [ReconcilerExecutor-hivemq-controller-117] DEBUG c.h.p.o.HiveMQPlatformReconciler - [helmcust] Custom Resource Status STARTING - HiveMQ Platform is starting (READY)
2025-01-29 13:40:35,828 INFO c.h.h.t.HelmChartContainer - [hivemq-test-hivemq-platform] [hivemq-platform-operator] [21afe644] 13:40:35.827 [ReconcilerExecutor-hivemq-controller-117] DEBUG c.h.p.o.HiveMQPlatformReconciler - [helmcust] Custom Resource Spec (replicas: 2) (extensions: 1)
2025-01-29 13:40:35,893 INFO c.h.h.t.HelmChartContainer - [test-hivemq-platform] [hivemq] [292fa750] INFO  - [HiveMQ Platform Operator Init App 1.7.0-SNAPSHOT] Successfully updated Pod HiveMQ Platform Operator Init App version annotation (version: 1.7.0-SNAPSHOT)
2025-01-29 13:40:35,894 INFO c.h.h.t.HelmChartContainer - [test-hivemq-platform] [hivemq] [292fa750] WARN  - [HiveMQ Platform Operator Init App 1.7.0-SNAPSHOT] Cannot connect to Health API for readiness: null
2025-01-29 13:40:35,902 INFO c.h.h.t.HelmChartContainer - [hivemq-test-hivemq-platform] [hivemq-platform-operator] [21afe644] 13:40:35.900 [ReconcilerExecutor-hivemq-controller-117] DEBUG c.h.p.o.HiveMQPlatformReconciler - [helmcust] StatefulSet Status (revision: test-hivemq-platform-65cfcbfbf9, replicas: 2, available: 1, ready: 1, current: 2, updated: 2)
2025-01-29 13:40:35,902 INFO c.h.h.t.HelmChartContainer - [hivemq-test-hivemq-platform] [hivemq-platform-operator] [21afe644] 13:40:35.900 [ReconcilerExecutor-hivemq-controller-117] DEBUG c.h.p.o.HiveMQPlatformReconciler - [helmcust] StatefulSet Spec (replicas: 2, init containers: 1, containers: 1, volumes: 3)
2025-01-29 13:40:35,903 INFO c.h.h.t.HelmChartContainer - [EVENT] Warning [Unhealthy] Readiness probe failed: HTTP probe failed with statuscode: 503 [helmcustomsecretconfigit:test-hivemq-platform-1]
2025-01-29 13:40:35,903 INFO c.h.h.t.HelmChartContainer - Received Unhealthy event for container hivemq in pod test-hivemq-platform-1 [292fa750-04ff-469c-9899-f9118f7ae86a]
2025-01-29 13:40:35,905 INFO c.h.h.t.HelmChartContainer - [hivemq-test-hivemq-platform] [hivemq-platform-operator] [21afe644] 13:40:35.904 [ReconcilerExecutor-hivemq-controller-117] DEBUG c.h.p.o.h.HiveMQPlatformReconcilerErrorHandler - [helmcust] Pod 'test-hivemq-platform-1' phase Running
2025-01-29 13:40:35,908 INFO c.h.h.t.HelmChartContainer - [hivemq-test-hivemq-platform] [hivemq-platform-operator] [21afe644] 13:40:35.907 [ReconcilerExecutor-hivemq-controller-117] DEBUG c.h.p.o.h.HiveMQPlatformReconcilerErrorHandler - [helmcust] Pod 'test-hivemq-platform-0' phase Running
2025-01-29 13:40:35,909 INFO c.h.h.t.HelmChartContainer - [hivemq-test-hivemq-platform] [hivemq-platform-operator] [21afe644] 13:40:35.908 [ReconcilerExecutor-hivemq-controller-117] INFO  c.h.p.o.h.HiveMQPlatformReconcilerBaseHandler - [helmcust] HiveMQ Platform is starting, 1 of 2 replicas are ready
2025-01-29 13:40:40,892 INFO c.h.h.t.HelmChartContainer - [test-hivemq-platform] [hivemq] [292fa750] WARN  - [HiveMQ Platform Operator Init App 1.7.0-SNAPSHOT] Cannot connect to Health API for readiness: null
2025-01-29 13:40:40,898 INFO c.h.h.t.HelmChartContainer - [EVENT] Warning [Unhealthy] Readiness probe failed: HTTP probe failed with statuscode: 503 [helmcustomsecretconfigit:test-hivemq-platform-1]
2025-01-29 13:40:40,898 INFO c.h.h.t.HelmChartContainer - Received Unhealthy event for container hivemq in pod test-hivemq-platform-1 [292fa750-04ff-469c-9899-f9118f7ae86a]
2025-01-29 13:40:45,894 INFO c.h.h.t.HelmChartContainer - [test-hivemq-platform] [hivemq] [292fa750] WARN  - [HiveMQ Platform Operator Init App 1.7.0-SNAPSHOT] Cannot connect to Health API for readiness: null
2025-01-29 13:40:45,897 INFO c.h.h.t.HelmChartContainer - [EVENT] Warning [Unhealthy] Readiness probe failed: HTTP probe failed with statuscode: 503 [helmcustomsecretconfigit:test-hivemq-platform-1]
2025-01-29 13:40:45,897 INFO c.h.h.t.HelmChartContainer - Received Unhealthy event for container hivemq in pod test-hivemq-platform-1 [292fa750-04ff-469c-9899-f9118f7ae86a]
2025-01-29 13:40:45,914 INFO c.h.h.t.HelmChartContainer - [hivemq-test-hivemq-platform] [hivemq-platform-operator] [21afe644] 13:40:45.912 [pool-6-thread-9] DEBUG c.h.p.o.d.PlatformServiceResource - [helmcust] Desired Platform services (3 services)
2025-01-29 13:40:45,914 INFO c.h.h.t.HelmChartContainer - [hivemq-test-hivemq-platform] [hivemq-platform-operator] [21afe644] 13:40:45.912 [pool-6-thread-7] DEBUG c.h.p.o.dependants.PodInfoConfigMap - [helmcust] Desired PodInfo ConfigMap (1 extensions) (1 enabled)
2025-01-29 13:40:45,917 INFO c.h.h.t.HelmChartContainer - [hivemq-test-hivemq-platform] [hivemq-platform-operator] [21afe644] 13:40:45.915 [pool-6-thread-7] DEBUG c.h.p.o.dependants.PodInfoConfigMap - [helmcust] Desired PodInfo ConfigMap (metrics port: 9399) (metrics path: /)
2025-01-29 13:40:45,917 INFO c.h.h.t.HelmChartContainer - [hivemq-test-hivemq-platform] [hivemq-platform-operator] [21afe644] 13:40:45.915 [pool-6-thread-7] DEBUG c.h.p.o.dependants.PodInfoConfigMap - [helmcust] Desired PodInfo ConfigMap (extension state hash: -1817474005)
2025-01-29 13:40:45,917 INFO c.h.h.t.HelmChartContainer - [hivemq-test-hivemq-platform] [hivemq-platform-operator] [21afe644] 13:40:45.916 [pool-6-thread-3] DEBUG c.h.p.o.d.PodServiceAccountResource - [helmcust] Desired PodServiceAccountResource (serviceAccountName: hivemq-platform-pod-test-hivemq-platform)
2025-01-29 13:40:45,920 INFO c.h.h.t.HelmChartContainer - [hivemq-test-hivemq-platform] [hivemq-platform-operator] [21afe644] 13:40:45.919 [pool-6-thread-4] DEBUG c.h.p.o.d.StatefulSetResource - [helmcust] Desired StatefulSet (2 replicas) for status STARTING (READY)
2025-01-29 13:40:45,924 INFO c.h.h.t.HelmChartContainer - [hivemq-test-hivemq-platform] [hivemq-platform-operator] [21afe644] 13:40:45.922 [ReconcilerExecutor-hivemq-controller-118] INFO  c.h.p.o.HiveMQPlatformReconciler - [helmcust] Reconciling HiveMQ Platform 'test-hivemq-platform' in namespace 'helmcustomsecretconfigit'
2025-01-29 13:40:45,924 INFO c.h.h.t.HelmChartContainer - [hivemq-test-hivemq-platform] [hivemq-platform-operator] [21afe644] 13:40:45.922 [ReconcilerExecutor-hivemq-controller-118] DEBUG c.h.p.o.HiveMQPlatformReconciler - [helmcust] Custom Resource Status STARTING - HiveMQ Platform is starting (READY)
2025-01-29 13:40:45,924 INFO c.h.h.t.HelmChartContainer - [hivemq-test-hivemq-platform] [hivemq-platform-operator] [21afe644] 13:40:45.922 [ReconcilerExecutor-hivemq-controller-118] DEBUG c.h.p.o.HiveMQPlatformReconciler - [helmcust] Custom Resource Spec (replicas: 2) (extensions: 1)
2025-01-29 13:40:45,926 INFO c.h.h.t.HelmChartContainer - [hivemq-test-hivemq-platform] [hivemq-platform-operator] [21afe644] 13:40:45.925 [ReconcilerExecutor-hivemq-controller-118] DEBUG c.h.p.o.HiveMQPlatformReconciler - [helmcust] StatefulSet Status (revision: test-hivemq-platform-65cfcbfbf9, replicas: 2, available: 1, ready: 1, current: 2, updated: 2)
2025-01-29 13:40:45,926 INFO c.h.h.t.HelmChartContainer - [hivemq-test-hivemq-platform] [hivemq-platform-operator] [21afe644] 13:40:45.925 [ReconcilerExecutor-hivemq-controller-118] DEBUG c.h.p.o.HiveMQPlatformReconciler - [helmcust] StatefulSet Spec (replicas: 2, init containers: 1, containers: 1, volumes: 3)
2025-01-29 13:40:45,928 INFO c.h.h.t.HelmChartContainer - [hivemq-test-hivemq-platform] [hivemq-platform-operator] [21afe644] 13:40:45.927 [ReconcilerExecutor-hivemq-controller-118] DEBUG c.h.p.o.h.HiveMQPlatformReconcilerErrorHandler - [helmcust] Pod 'test-hivemq-platform-1' phase Running
2025-01-29 13:40:45,934 INFO c.h.h.t.HelmChartContainer - [hivemq-test-hivemq-platform] [hivemq-platform-operator] [21afe644] 13:40:45.931 [ReconcilerExecutor-hivemq-controller-118] DEBUG c.h.p.o.h.HiveMQPlatformReconcilerErrorHandler - [helmcust] Pod 'test-hivemq-platform-0' phase Running
2025-01-29 13:40:45,934 INFO c.h.h.t.HelmChartContainer - [hivemq-test-hivemq-platform] [hivemq-platform-operator] [21afe644] 13:40:45.931 [ReconcilerExecutor-hivemq-controller-118] INFO  c.h.p.o.h.HiveMQPlatformReconcilerBaseHandler - [helmcust] HiveMQ Platform is starting, 1 of 2 replicas are ready
2025-01-29 13:40:47,199 INFO c.h.h.t.HelmChartContainer - [test-hivemq-platform] [hivemq] [292fa750] INFO  - No valid license file found. Using trial license, restricted to 25 connections.
2025-01-29 13:40:47,593 INFO c.h.h.t.HelmChartContainer - [test-hivemq-platform] [hivemq] [292fa750] WARN  - [HiveMQ Platform Operator Init App 1.7.0-SNAPSHOT] Cannot connect to Health API for liveness: null
2025-01-29 13:40:47,594 INFO c.h.h.t.HelmChartContainer - [test-hivemq-platform] [hivemq] [292fa750] INFO  - [HiveMQ Platform Operator Init App 1.7.0-SNAPSHOT] Returning default Health API response 200 for liveness
2025-01-29 13:40:50,892 INFO c.h.h.t.HelmChartContainer - [test-hivemq-platform] [hivemq] [292fa750] WARN  - [HiveMQ Platform Operator Init App 1.7.0-SNAPSHOT] Cannot connect to Health API for readiness: null
2025-01-29 13:40:50,896 INFO c.h.h.t.HelmChartContainer - [test-hivemq-platform] [hivemq] [292fa750] INFO  - No valid license file for Data Hub found. Using free license, restricted to 1 policy.
2025-01-29 13:40:50,898 INFO c.h.h.t.HelmChartContainer - [EVENT] Warning [Unhealthy] Readiness probe failed: HTTP probe failed with statuscode: 503 [helmcustomsecretconfigit:test-hivemq-platform-1]
2025-01-29 13:40:50,898 INFO c.h.h.t.HelmChartContainer - Received Unhealthy event for container hivemq in pod test-hivemq-platform-1 [292fa750-04ff-469c-9899-f9118f7ae86a]
2025-01-29 13:40:52,295 INFO c.h.h.t.HelmChartContainer - [test-hivemq-platform] [hivemq] [292fa750] INFO  - Audit Logger started.
2025-01-29 13:40:52,595 INFO c.h.h.t.HelmChartContainer - [test-hivemq-platform] [hivemq] [292fa750] INFO  - This node uses '1' CPU cores.
2025-01-29 13:40:52,601 INFO c.h.h.t.HelmChartContainer - [test-hivemq-platform] [hivemq] [292fa750] INFO  - Starting HiveMQ Health API on address 0.0.0.0 and port 8889
2025-01-29 13:40:53,390 INFO c.h.h.t.HelmChartContainer - [test-hivemq-platform] [hivemq] [292fa750] INFO  - Started HiveMQ Health API in 789ms
2025-01-29 13:40:53,991 INFO c.h.h.t.HelmChartContainer - [test-hivemq-platform] [hivemq] [292fa750] INFO  - Starting HiveMQ extension system.
2025-01-29 13:40:54,232 INFO c.h.h.t.HelmChartContainer - [test-hivemq-platform] [hivemq] [292fa750] INFO  - Starting extension with id "hivemq-dns-cluster-discovery" at /opt/hivemq/extensions/hivemq-dns-cluster-discovery
2025-01-29 13:40:54,700 INFO c.h.h.t.HelmChartContainer - [test-hivemq-platform] [hivemq] [292fa750] INFO  - Extension "DNS Cluster Discovery Extension" version 4.3.2 started successfully.
2025-01-29 13:40:54,700 INFO c.h.h.t.HelmChartContainer - [test-hivemq-platform] [hivemq] [292fa750] INFO  - Starting extension with id "hivemq-prometheus-extension" at /opt/hivemq/extensions/hivemq-prometheus-extension
2025-01-29 13:40:54,791 INFO c.h.h.t.HelmChartContainer - [test-hivemq-platform] [hivemq] [292fa750] INFO  - Using TCP cluster transport on address 10.42.0.9 and port 7000
2025-01-29 13:40:54,892 INFO c.h.h.t.HelmChartContainer - [test-hivemq-platform] [hivemq] [292fa750] INFO  - Using extension cluster discovery
2025-01-29 13:40:55,896 INFO c.h.h.t.HelmChartContainer - [test-hivemq-platform] [hivemq] [292fa750] INFO  - Started Jetty Server exposing Prometheus Servlet on URI http://0.0.0.0:9399/
2025-01-29 13:40:55,897 INFO c.h.h.t.HelmChartContainer - [test-hivemq-platform] [hivemq] [292fa750] INFO  - Extension "Prometheus Monitoring Extension" version 4.0.12 started successfully.
2025-01-29 13:40:55,900 INFO c.h.h.t.HelmChartContainer - [test-hivemq-platform] [hivemq] [292fa750] INFO  - Starting extension with id "hivemq-allow-all-extension" at /opt/hivemq/extensions/hivemq-allow-all-extension
2025-01-29 13:40:55,900 INFO c.h.h.t.HelmChartContainer - [test-hivemq-platform] [hivemq] [292fa750] WARN  - 
2025-01-29 13:40:55,900 INFO c.h.h.t.HelmChartContainer - [test-hivemq-platform] [hivemq] [292fa750] ################################################################################################################
2025-01-29 13:40:55,900 INFO c.h.h.t.HelmChartContainer - [test-hivemq-platform] [hivemq] [292fa750] # This HiveMQ deployment is not secure! You are lacking Authentication and Authorization.                      #
2025-01-29 13:40:55,900 INFO c.h.h.t.HelmChartContainer - [test-hivemq-platform] [hivemq] [292fa750] # Right now any MQTT client can connect to the broker with a full set of permissions.                          #
2025-01-29 13:40:55,900 INFO c.h.h.t.HelmChartContainer - [test-hivemq-platform] [hivemq] [292fa750] # For production usage, add an appropriate security extension and remove the hivemq-allow-all extension.       #
2025-01-29 13:40:55,900 INFO c.h.h.t.HelmChartContainer - [test-hivemq-platform] [hivemq] [292fa750] # You can download security extensions from the HiveMQ Marketplace (https://www.hivemq.com/extensions/).       #
2025-01-29 13:40:55,900 INFO c.h.h.t.HelmChartContainer - [test-hivemq-platform] [hivemq] [292fa750] ################################################################################################################
2025-01-29 13:40:55,900 INFO c.h.h.t.HelmChartContainer - [test-hivemq-platform] [hivemq] [292fa750] INFO  - Extension "Allow All Extension" version 1.1.1 started successfully.
2025-01-29 13:40:55,938 INFO c.h.h.t.HelmChartContainer - [hivemq-test-hivemq-platform] [hivemq-platform-operator] [21afe644] 13:40:55.936 [pool-6-thread-15] DEBUG c.h.p.o.d.PlatformServiceResource - [helmcust] Desired Platform services (3 services)
2025-01-29 13:40:55,938 INFO c.h.h.t.HelmChartContainer - [hivemq-test-hivemq-platform] [hivemq-platform-operator] [21afe644] 13:40:55.936 [pool-6-thread-12] DEBUG c.h.p.o.dependants.PodInfoConfigMap - [helmcust] Desired PodInfo ConfigMap (1 extensions) (1 enabled)
2025-01-29 13:40:55,938 INFO c.h.h.t.HelmChartContainer - [hivemq-test-hivemq-platform] [hivemq-platform-operator] [21afe644] 13:40:55.936 [pool-6-thread-12] DEBUG c.h.p.o.dependants.PodInfoConfigMap - [helmcust] Desired PodInfo ConfigMap (metrics port: 9399) (metrics path: /)
2025-01-29 13:40:55,939 INFO c.h.h.t.HelmChartContainer - [hivemq-test-hivemq-platform] [hivemq-platform-operator] [21afe644] 13:40:55.936 [pool-6-thread-12] DEBUG c.h.p.o.dependants.PodInfoConfigMap - [helmcust] Desired PodInfo ConfigMap (extension state hash: -1817474005)
2025-01-29 13:40:55,940 INFO c.h.h.t.HelmChartContainer - [hivemq-test-hivemq-platform] [hivemq-platform-operator] [21afe644] 13:40:55.938 [pool-6-thread-12] DEBUG c.h.p.o.d.PodServiceAccountResource - [helmcust] Desired PodServiceAccountResource (serviceAccountName: hivemq-platform-pod-test-hivemq-platform)
2025-01-29 13:40:55,943 INFO c.h.h.t.HelmChartContainer - [hivemq-test-hivemq-platform] [hivemq-platform-operator] [21afe644] 13:40:55.942 [pool-6-thread-15] DEBUG c.h.p.o.d.StatefulSetResource - [helmcust] Desired StatefulSet (2 replicas) for status STARTING (READY)
2025-01-29 13:40:55,947 INFO c.h.h.t.HelmChartContainer - [hivemq-test-hivemq-platform] [hivemq-platform-operator] [21afe644] 13:40:55.946 [ReconcilerExecutor-hivemq-controller-119] INFO  c.h.p.o.HiveMQPlatformReconciler - [helmcust] Reconciling HiveMQ Platform 'test-hivemq-platform' in namespace 'helmcustomsecretconfigit'
2025-01-29 13:40:55,948 INFO c.h.h.t.HelmChartContainer - [hivemq-test-hivemq-platform] [hivemq-platform-operator] [21afe644] 13:40:55.947 [ReconcilerExecutor-hivemq-controller-119] DEBUG c.h.p.o.HiveMQPlatformReconciler - [helmcust] Custom Resource Status STARTING - HiveMQ Platform is starting (READY)
2025-01-29 13:40:55,948 INFO c.h.h.t.HelmChartContainer - [hivemq-test-hivemq-platform] [hivemq-platform-operator] [21afe644] 13:40:55.947 [ReconcilerExecutor-hivemq-controller-119] DEBUG c.h.p.o.HiveMQPlatformReconciler - [helmcust] Custom Resource Spec (replicas: 2) (extensions: 1)
2025-01-29 13:40:55,950 INFO c.h.h.t.HelmChartContainer - [hivemq-test-hivemq-platform] [hivemq-platform-operator] [21afe644] 13:40:55.949 [ReconcilerExecutor-hivemq-controller-119] DEBUG c.h.p.o.HiveMQPlatformReconciler - [helmcust] StatefulSet Status (revision: test-hivemq-platform-65cfcbfbf9, replicas: 2, available: 1, ready: 1, current: 2, updated: 2)
2025-01-29 13:40:55,950 INFO c.h.h.t.HelmChartContainer - [hivemq-test-hivemq-platform] [hivemq-platform-operator] [21afe644] 13:40:55.949 [ReconcilerExecutor-hivemq-controller-119] DEBUG c.h.p.o.HiveMQPlatformReconciler - [helmcust] StatefulSet Spec (replicas: 2, init containers: 1, containers: 1, volumes: 3)
2025-01-29 13:40:55,951 INFO c.h.h.t.HelmChartContainer - [hivemq-test-hivemq-platform] [hivemq-platform-operator] [21afe644] 13:40:55.950 [ReconcilerExecutor-hivemq-controller-119] DEBUG c.h.p.o.h.HiveMQPlatformReconcilerErrorHandler - [helmcust] Pod 'test-hivemq-platform-1' phase Running
2025-01-29 13:40:55,953 INFO c.h.h.t.HelmChartContainer - [hivemq-test-hivemq-platform] [hivemq-platform-operator] [21afe644] 13:40:55.951 [ReconcilerExecutor-hivemq-controller-119] DEBUG c.h.p.o.h.HiveMQPlatformReconcilerErrorHandler - [helmcust] Pod 'test-hivemq-platform-0' phase Running
2025-01-29 13:40:55,953 INFO c.h.h.t.HelmChartContainer - [hivemq-test-hivemq-platform] [hivemq-platform-operator] [21afe644] 13:40:55.951 [ReconcilerExecutor-hivemq-controller-119] INFO  c.h.p.o.h.HiveMQPlatformReconcilerBaseHandler - [helmcust] HiveMQ Platform is starting, 1 of 2 replicas are ready
2025-01-29 13:40:55,995 INFO c.h.h.t.HelmChartContainer - [test-hivemq-platform] [hivemq] [2261d32b] INFO  - Cluster nodes found by discovery: [S1o8y|1] (2) [S1o8y, LT3R5].
2025-01-29 13:40:56,094 INFO c.h.h.t.HelmChartContainer - [test-hivemq-platform] [hivemq] [292fa750] INFO  - Cluster nodes found by discovery: [S1o8y|1] (2) [S1o8y, LT3R5].
2025-01-29 13:40:56,297 INFO c.h.h.t.HelmChartContainer - [test-hivemq-platform] [hivemq] [292fa750] INFO  - Cluster size = 1, members : [S1o8y].
2025-01-29 13:40:56,852 INFO c.h.h.t.HelmChartContainer - [EVENT] Warning [Unhealthy] Readiness probe failed: Get "http://10.42.0.9:7979/readiness": context deadline exceeded (Client.Timeout exceeded while awaiting headers) [helmcustomsecretconfigit:test-hivemq-platform-1]
2025-01-29 13:40:56,852 INFO c.h.h.t.HelmChartContainer - Received Unhealthy event for container hivemq in pod test-hivemq-platform-1 [292fa750-04ff-469c-9899-f9118f7ae86a]
2025-01-29 13:40:57,091 INFO c.h.h.t.HelmChartContainer - [test-hivemq-platform] [hivemq] [292fa750] INFO  - [HiveMQ Platform Operator Init App 1.7.0-SNAPSHOT] Returning Health API response 503 for readiness
2025-01-29 13:40:57,096 INFO c.h.h.t.HelmChartContainer - [test-hivemq-platform] [hivemq] [292fa750] INFO  - Starting cluster join process. This may take a while. Please do not shut down HiveMQ.
2025-01-29 13:40:57,096 INFO c.h.h.t.HelmChartContainer - [test-hivemq-platform] [hivemq] [292fa750] INFO  - Cluster join process is still ongoing. Please do not shut down HiveMQ.
2025-01-29 13:40:59,109 INFO c.h.h.t.HelmChartContainer - [test-hivemq-platform] [hivemq] [2261d32b] INFO  - Cluster size = 2, members : [S1o8y, LT3R5].
2025-01-29 13:40:59,121 INFO c.h.h.t.HelmChartContainer - [test-hivemq-platform] [hivemq] [292fa750] INFO  - Cluster size = 2, members : [S1o8y, LT3R5].
2025-01-29 13:40:59,128 INFO c.h.h.t.HelmChartContainer - [test-hivemq-platform] [hivemq] [292fa750] INFO  - Finished cluster join process successfully.
2025-01-29 13:40:59,130 INFO c.h.h.t.HelmChartContainer - [test-hivemq-platform] [hivemq] [292fa750] WARN  - No user for HiveMQ Control Center configured. Starting with default user
2025-01-29 13:40:59,130 INFO c.h.h.t.HelmChartContainer - [test-hivemq-platform] [hivemq] [292fa750] INFO  - Starting HiveMQ Control Center on address 0.0.0.0 and port 8080
2025-01-29 13:40:59,143 INFO c.h.h.t.HelmChartContainer - [test-hivemq-platform] [hivemq] [292fa750] INFO  - Mounting HiveMQ Control Center V2 Preview
2025-01-29 13:40:59,899 INFO c.h.h.t.HelmChartContainer - [test-hivemq-platform] [hivemq] [292fa750] INFO  - Started HiveMQ Control Center in 769ms
2025-01-29 13:40:59,992 INFO c.h.h.t.HelmChartContainer - [test-hivemq-platform] [hivemq] [292fa750] INFO  - Starting TCP listener on address 0.0.0.0 and port 1883
2025-01-29 13:41:00,090 INFO c.h.h.t.HelmChartContainer - [test-hivemq-platform] [hivemq] [292fa750] INFO  - Started TCP Listener on address 0.0.0.0 and on port 1883.
2025-01-29 13:41:00,090 INFO c.h.h.t.HelmChartContainer - [test-hivemq-platform] [hivemq] [292fa750] INFO  - Started HiveMQ in 33088ms
2025-01-29 13:41:00,814 INFO c.h.h.t.HelmChartContainer - [test-hivemq-platform] [hivemq] [292fa750] INFO  - [HiveMQ Platform Operator Init App 1.7.0-SNAPSHOT] Returning Health API response 200 for readiness
2025-01-29 13:41:00,823 INFO c.h.h.t.HelmChartContainer - [POD] test-hivemq-platform-1 [292fa750-04ff-469c-9899-f9118f7ae86a] in helmcustomsecretconfigit was MODIFIED
2025-01-29 13:41:00,845 INFO c.h.h.t.HelmChartContainer - [hivemq-test-hivemq-platform] [hivemq-platform-operator] [21afe644] 13:41:00.830 [pool-6-thread-22] DEBUG c.h.p.o.d.PlatformServiceResource - [helmcust] Desired Platform services (3 services)
2025-01-29 13:41:00,845 INFO c.h.h.t.HelmChartContainer - [hivemq-test-hivemq-platform] [hivemq-platform-operator] [21afe644] 13:41:00.830 [pool-6-thread-24] DEBUG c.h.p.o.dependants.PodInfoConfigMap - [helmcust] Desired PodInfo ConfigMap (1 extensions) (1 enabled)
2025-01-29 13:41:00,845 INFO c.h.h.t.HelmChartContainer - [hivemq-test-hivemq-platform] [hivemq-platform-operator] [21afe644] 13:41:00.830 [pool-6-thread-24] DEBUG c.h.p.o.dependants.PodInfoConfigMap - [helmcust] Desired PodInfo ConfigMap (metrics port: 9399) (metrics path: /)
2025-01-29 13:41:00,845 INFO c.h.h.t.HelmChartContainer - [hivemq-test-hivemq-platform] [hivemq-platform-operator] [21afe644] 13:41:00.830 [pool-6-thread-24] DEBUG c.h.p.o.dependants.PodInfoConfigMap - [helmcust] Desired PodInfo ConfigMap (extension state hash: -1817474005)
2025-01-29 13:41:00,845 INFO c.h.h.t.HelmChartContainer - [hivemq-test-hivemq-platform] [hivemq-platform-operator] [21afe644] 13:41:00.831 [pool-6-thread-24] DEBUG c.h.p.o.d.PodServiceAccountResource - [helmcust] Desired PodServiceAccountResource (serviceAccountName: hivemq-platform-pod-test-hivemq-platform)
2025-01-29 13:41:00,847 INFO c.h.h.t.HelmChartContainer - [hivemq-test-hivemq-platform] [hivemq-platform-operator] [21afe644] 13:41:00.843 [pool-6-thread-22] DEBUG c.h.p.o.d.StatefulSetResource - [helmcust] Desired StatefulSet (2 replicas) for status STARTING (READY)
2025-01-29 13:41:00,850 INFO c.h.h.t.HelmChartContainer - [hivemq-test-hivemq-platform] [hivemq-platform-operator] [21afe644] 13:41:00.848 [ReconcilerExecutor-hivemq-controller-120] INFO  c.h.p.o.HiveMQPlatformReconciler - [helmcust] Reconciling HiveMQ Platform 'test-hivemq-platform' in namespace 'helmcustomsecretconfigit'
2025-01-29 13:41:00,850 INFO c.h.h.t.HelmChartContainer - [hivemq-test-hivemq-platform] [hivemq-platform-operator] [21afe644] 13:41:00.849 [ReconcilerExecutor-hivemq-controller-120] DEBUG c.h.p.o.HiveMQPlatformReconciler - [helmcust] Custom Resource Status STARTING - HiveMQ Platform is starting (READY)
2025-01-29 13:41:00,850 INFO c.h.h.t.HelmChartContainer - [hivemq-test-hivemq-platform] [hivemq-platform-operator] [21afe644] 13:41:00.849 [ReconcilerExecutor-hivemq-controller-120] DEBUG c.h.p.o.HiveMQPlatformReconciler - [helmcust] Custom Resource Spec (replicas: 2) (extensions: 1)
2025-01-29 13:41:00,851 INFO c.h.h.t.HelmChartContainer - [hivemq-test-hivemq-platform] [hivemq-platform-operator] [21afe644] 13:41:00.850 [ReconcilerExecutor-hivemq-controller-120] DEBUG c.h.p.o.HiveMQPlatformReconciler - [helmcust] StatefulSet Status (revision: test-hivemq-platform-65cfcbfbf9, replicas: 2, available: 2, ready: 2, current: 2, updated: 2)
2025-01-29 13:41:00,851 INFO c.h.h.t.HelmChartContainer - [hivemq-test-hivemq-platform] [hivemq-platform-operator] [21afe644] 13:41:00.850 [ReconcilerExecutor-hivemq-controller-120] DEBUG c.h.p.o.HiveMQPlatformReconciler - [helmcust] StatefulSet Spec (replicas: 2, init containers: 1, containers: 1, volumes: 3)
2025-01-29 13:41:00,852 INFO c.h.h.t.HelmChartContainer - [hivemq-test-hivemq-platform] [hivemq-platform-operator] [21afe644] 13:41:00.851 [ReconcilerExecutor-hivemq-controller-120] DEBUG c.h.p.o.h.HiveMQPlatformReconcilerErrorHandler - [helmcust] Pod 'test-hivemq-platform-1' phase Running
2025-01-29 13:41:00,900 INFO c.h.h.t.HelmChartContainer - [hivemq-test-hivemq-platform] [hivemq-platform-operator] [21afe644] 13:41:00.899 [ReconcilerExecutor-hivemq-controller-120] DEBUG c.h.p.o.h.HiveMQPlatformReconcilerErrorHandler - [helmcust] Pod 'test-hivemq-platform-0' phase Running
2025-01-29 13:41:00,901 INFO c.h.h.t.HelmChartContainer - [hivemq-test-hivemq-platform] [hivemq-platform-operator] [21afe644] 13:41:00.900 [ReconcilerExecutor-hivemq-controller-120] INFO  c.h.p.o.h.HiveMQPlatformReconcilerBaseHandler - [helmcust] HiveMQ Platform started successfully
2025-01-29 13:41:01,005 INFO c.h.h.t.HelmChartContainer - [hivemq-test-hivemq-platform] [hivemq-platform-operator] [21afe644] 13:41:01.004 [ReconcilerExecutor-hivemq-controller-120] DEBUG c.h.p.operator.event.EventSender - [helmcust] Creating K8s event hivemq-platform-ready: [Ready] HiveMQ Platform is ready
2025-01-29 13:41:01,009 INFO c.h.h.t.HelmChartContainer - [EVENT] Normal [Ready] HiveMQ Platform is ready [helmcustomsecretconfigit:test-hivemq-platform]
2025-01-29 13:41:01,011 INFO c.h.h.t.HelmChartContainer - [hivemq-test-hivemq-platform] [hivemq-platform-operator] [21afe644] 13:41:01.010 [ReconcilerExecutor-hivemq-controller-120] INFO  c.h.p.o.h.AbstractHiveMQReconcilerStateHandler - [helmcust] Update HiveMQ Platform Status (STARTING [READY] -> RUNNING [READY]): HiveMQ Platform is ready
2025-01-29 13:41:01,019 DEBUG com.hivemq.helmcharts.util.K8sUtil - Comparing actual state 'RUNNING' and waiting for 'RUNNING'
2025-01-29 13:41:01,025 INFO c.h.h.t.HelmChartContainer - [hivemq-test-hivemq-platform] [hivemq-platform-operator] [21afe644] 13:41:01.024 [pool-6-thread-34] DEBUG c.h.p.o.d.PlatformServiceResource - [helmcust] Desired Platform services (3 services)
2025-01-29 13:41:01,103 INFO c.h.h.t.HelmChartContainer - [hivemq-test-hivemq-platform] [hivemq-platform-operator] [21afe644] 13:41:01.099 [pool-6-thread-32] DEBUG c.h.p.o.dependants.PodInfoConfigMap - [helmcust] Desired PodInfo ConfigMap (1 extensions) (1 enabled)
2025-01-29 13:41:01,103 INFO c.h.h.t.HelmChartContainer - [hivemq-test-hivemq-platform] [hivemq-platform-operator] [21afe644] 13:41:01.099 [pool-6-thread-32] DEBUG c.h.p.o.dependants.PodInfoConfigMap - [helmcust] Desired PodInfo ConfigMap (metrics port: 9399) (metrics path: /)
2025-01-29 13:41:01,103 INFO c.h.h.t.HelmChartContainer - [hivemq-test-hivemq-platform] [hivemq-platform-operator] [21afe644] 13:41:01.099 [pool-6-thread-32] DEBUG c.h.p.o.dependants.PodInfoConfigMap - [helmcust] Desired PodInfo ConfigMap (extension state hash: -1817474005)
2025-01-29 13:41:01,103 INFO c.h.h.t.HelmChartContainer - [hivemq-test-hivemq-platform] [hivemq-platform-operator] [21afe644] 13:41:01.100 [pool-6-thread-32] DEBUG c.h.p.o.dependants.PodInfoConfigMap - [helmcust] Update PodInfo ConfigMap
2025-01-29 13:41:01,103 INFO c.h.h.t.HelmChartContainer - [hivemq-test-hivemq-platform] [hivemq-platform-operator] [21afe644] 13:41:01.100 [pool-6-thread-34] DEBUG c.h.p.o.d.PodServiceAccountResource - [helmcust] Desired PodServiceAccountResource (serviceAccountName: hivemq-platform-pod-test-hivemq-platform)
2025-01-29 13:41:01,111 INFO c.h.h.t.HelmChartContainer - [hivemq-test-hivemq-platform] [hivemq-platform-operator] [21afe644] 13:41:01.110 [pool-6-thread-32] DEBUG c.h.p.o.d.StatefulSetResource - [helmcust] Desired StatefulSet (2 replicas) for status RUNNING (READY)
2025-01-29 13:41:01,114 INFO c.h.h.t.HelmChartContainer - [hivemq-test-hivemq-platform] [hivemq-platform-operator] [21afe644] 13:41:01.113 [ReconcilerExecutor-hivemq-controller-121] INFO  c.h.p.o.HiveMQPlatformReconciler - [helmcust] Reconciling HiveMQ Platform 'test-hivemq-platform' in namespace 'helmcustomsecretconfigit'
2025-01-29 13:41:01,115 INFO c.h.h.t.HelmChartContainer - [hivemq-test-hivemq-platform] [hivemq-platform-operator] [21afe644] 13:41:01.113 [ReconcilerExecutor-hivemq-controller-121] DEBUG c.h.p.o.HiveMQPlatformReconciler - [helmcust] Custom Resource Status RUNNING - HiveMQ Platform is ready (READY)
2025-01-29 13:41:01,116 INFO c.h.h.t.HelmChartContainer - [hivemq-test-hivemq-platform] [hivemq-platform-operator] [21afe644] 13:41:01.113 [ReconcilerExecutor-hivemq-controller-121] DEBUG c.h.p.o.HiveMQPlatformReconciler - [helmcust] Custom Resource Spec (replicas: 2) (extensions: 1)
2025-01-29 13:41:01,117 INFO c.h.h.t.HelmChartContainer - [hivemq-test-hivemq-platform] [hivemq-platform-operator] [21afe644] 13:41:01.116 [ReconcilerExecutor-hivemq-controller-121] DEBUG c.h.p.o.HiveMQPlatformReconciler - [helmcust] StatefulSet Status (revision: test-hivemq-platform-65cfcbfbf9, replicas: 2, available: 2, ready: 2, current: 2, updated: 2)
2025-01-29 13:41:01,117 INFO c.h.h.t.HelmChartContainer - [hivemq-test-hivemq-platform] [hivemq-platform-operator] [21afe644] 13:41:01.116 [ReconcilerExecutor-hivemq-controller-121] DEBUG c.h.p.o.HiveMQPlatformReconciler - [helmcust] StatefulSet Spec (replicas: 2, init containers: 1, containers: 1, volumes: 3)
2025-01-29 13:41:01,202 INFO c.h.h.t.HelmChartContainer - [hivemq-test-hivemq-platform] [hivemq-platform-operator] [21afe644] 13:41:01.200 [ReconcilerExecutor-hivemq-controller-121] DEBUG c.h.p.o.h.HiveMQPlatformReconcilerErrorHandler - [helmcust] Pod 'test-hivemq-platform-1' phase Running
2025-01-29 13:41:01,203 INFO c.h.h.t.HelmChartContainer - [hivemq-test-hivemq-platform] [hivemq-platform-operator] [21afe644] 13:41:01.201 [ReconcilerExecutor-hivemq-controller-121] DEBUG c.h.p.o.h.HiveMQPlatformReconcilerErrorHandler - [helmcust] Pod 'test-hivemq-platform-0' phase Running
2025-01-29 13:41:03,058 INFO c.h.h.t.HelmChartContainer - Uninstalling release 'test-hivemq-platform' in namespace 'helmcustomsecretconfigit'...
2025-01-29 13:41:03,058 DEBUG c.h.h.t.HelmChartContainer - Executing helm command: /bin/helm --kubeconfig /etc/rancher/k3s/k3s.yaml uninstall test-hivemq-platform  --wait --timeout 5m0s --cascade foreground --namespace helmcustomsecretconfigit
2025-01-29 13:41:03,248 INFO c.h.h.t.HelmChartContainer - [hivemq-test-hivemq-platform] [hivemq-platform-operator] [21afe644] 13:41:03.244 [ReconcilerExecutor-hivemq-controller-122] INFO  c.h.p.o.HiveMQPlatformReconciler - [helmcust] Cleanup test-hivemq-platform - helmcustomsecretconfigit HiveMQ Platform is shut down
2025-01-29 13:41:03,951 INFO c.h.h.t.HelmChartContainer - [POD] test-hivemq-platform-0 [2261d32b-9725-4e64-98a4-8a9628b89258] in helmcustomsecretconfigit was MODIFIED
2025-01-29 13:41:03,964 INFO c.h.h.t.HelmChartContainer - [EVENT] Normal [Killing] Stopping container hivemq [helmcustomsecretconfigit:test-hivemq-platform-0]
2025-01-29 13:41:03,964 INFO c.h.h.t.HelmChartContainer - Received Killing event for container hivemq in pod test-hivemq-platform-0 [2261d32b-9725-4e64-98a4-8a9628b89258]
2025-01-29 13:41:03,964 INFO c.h.h.t.HelmChartContainer - Container [test-hivemq-platform-0] [hivemq] [2261d32b-9725-4e64-98a4-8a9628b89258] was terminated
2025-01-29 13:41:03,964 INFO c.h.h.t.HelmChartContainer - Stopped log watcher for hivemq in pod test-hivemq-platform-0 [2261d32b-9725-4e64-98a4-8a9628b89258]
2025-01-29 13:41:03,967 INFO c.h.h.t.HelmChartContainer - [test-hivemq-platform] [hivemq] [2261d32b] INFO  - [HiveMQ Platform Operator Init App 1.7.0-SNAPSHOT] Shutting down
2025-01-29 13:41:03,967 INFO c.h.h.t.HelmChartContainer - [test-hivemq-platform] [hivemq] [2261d32b] INFO  - [HiveMQ Platform Operator Init App 1.7.0-SNAPSHOT] Stopping the HiveMQ Platform
2025-01-29 13:41:03,984 INFO c.h.h.t.HelmChartContainer - [POD] test-hivemq-platform-1 [292fa750-04ff-469c-9899-f9118f7ae86a] in helmcustomsecretconfigit was MODIFIED
2025-01-29 13:41:03,994 INFO c.h.h.t.HelmChartContainer - [EVENT] Normal [Killing] Stopping container hivemq [helmcustomsecretconfigit:test-hivemq-platform-1]
2025-01-29 13:41:03,995 INFO c.h.h.t.HelmChartContainer - Received Killing event for container hivemq in pod test-hivemq-platform-1 [292fa750-04ff-469c-9899-f9118f7ae86a]
2025-01-29 13:41:03,995 INFO c.h.h.t.HelmChartContainer - Container [test-hivemq-platform-1] [hivemq] [292fa750-04ff-469c-9899-f9118f7ae86a] was terminated
2025-01-29 13:41:03,995 INFO c.h.h.t.HelmChartContainer - Stopped log watcher for hivemq in pod test-hivemq-platform-1 [292fa750-04ff-469c-9899-f9118f7ae86a]
2025-01-29 13:41:04,012 INFO c.h.h.t.HelmChartContainer - [test-hivemq-platform] [hivemq] [292fa750] INFO  - [HiveMQ Platform Operator Init App 1.7.0-SNAPSHOT] Shutting down
2025-01-29 13:41:04,012 INFO c.h.h.t.HelmChartContainer - [test-hivemq-platform] [hivemq] [292fa750] INFO  - [HiveMQ Platform Operator Init App 1.7.0-SNAPSHOT] Stopping the HiveMQ Platform
2025-01-29 13:41:04,130 INFO c.h.h.t.HelmChartContainer - [test-hivemq-platform] [hivemq] [2261d32b] INFO  - Shutting down HiveMQ. Please wait, this could take a while...
2025-01-29 13:41:04,136 INFO c.h.h.t.HelmChartContainer - [test-hivemq-platform] [hivemq] [2261d32b] INFO  - Shutting down listeners and clients
2025-01-29 13:41:04,137 INFO c.h.h.t.HelmChartContainer - [test-hivemq-platform] [hivemq] [2261d32b] INFO  - Shutdown of listeners is done
2025-01-29 13:41:04,137 INFO c.h.h.t.HelmChartContainer - [test-hivemq-platform] [hivemq] [2261d32b] INFO  - No clients are connected, proceeding with shutdown
2025-01-29 13:41:04,193 INFO c.h.h.t.HelmChartContainer - [test-hivemq-platform] [hivemq] [292fa750] INFO  - Shutting down HiveMQ. Please wait, this could take a while...
2025-01-29 13:41:04,197 INFO c.h.h.t.HelmChartContainer - [test-hivemq-platform] [hivemq] [292fa750] INFO  - Shutting down listeners and clients
2025-01-29 13:41:04,230 INFO c.h.h.t.HelmChartContainer - [test-hivemq-platform] [hivemq] [292fa750] INFO  - Shutdown of listeners is done
2025-01-29 13:41:04,231 INFO c.h.h.t.HelmChartContainer - [test-hivemq-platform] [hivemq] [292fa750] INFO  - No clients are connected, proceeding with shutdown
2025-01-29 13:41:05,287 INFO c.h.h.t.HelmChartContainer - Deleting namespace 'helmcustomsecretconfigit'...
2025-01-29 13:41:05,809 INFO c.h.h.t.HelmChartContainer - [test-hivemq-platform] [hivemq] [292fa750] INFO  - [HiveMQ Platform Operator Init App 1.7.0-SNAPSHOT] Returning shutdown Health API response 503 for readiness
2025-01-29 13:41:05,814 INFO c.h.h.t.HelmChartContainer - [EVENT] Warning [Unhealthy] Readiness probe failed: HTTP probe failed with statuscode: 503 [helmcustomsecretconfigit:test-hivemq-platform-1]
2025-01-29 13:41:05,814 INFO c.h.h.t.HelmChartContainer - Received Unhealthy event for container hivemq in pod test-hivemq-platform-1 [292fa750-04ff-469c-9899-f9118f7ae86a]
2025-01-29 13:41:06,409 INFO c.h.h.t.HelmChartContainer - [K3S] [authentication.go:74] "Unable to authenticate the request" err="[invalid bearer token, serviceaccounts \"hivemq-platform-pod-test-hivemq-platform\" not found]"
2025-01-29 13:41:06,430 INFO c.h.h.t.HelmChartContainer - [K3S] [authentication.go:74] "Unable to authenticate the request" err="[invalid bearer token, serviceaccounts \"hivemq-platform-pod-test-hivemq-platform\" not found]"
2025-01-29 13:41:06,496 INFO c.h.h.t.HelmChartContainer - [test-hivemq-platform] [hivemq] [292fa750] WARN  - [HiveMQ Platform Operator Init App 1.7.0-SNAPSHOT] Could not update Pod annotations: Failure executing: GET at: https://10.43.0.1:443/api/v1/namespaces/helmcustomsecretconfigit/pods/test-hivemq-platform-1. Message: Unauthorized. Received status: Status(apiVersion=v1, code=401, details=null, kind=Status, message=Unauthorized, metadata=ListMeta(_continue=null, remainingItemCount=null, resourceVersion=null, selfLink=null, additionalProperties={}), reason=Unauthorized, status=Failure, additionalProperties={}).
2025-01-29 13:41:07,001 INFO c.h.h.t.HelmChartContainer - [test-hivemq-platform] [hivemq] [292fa750] INFO  - Shutting down extension system
2025-01-29 13:41:07,010 INFO c.h.h.t.HelmChartContainer - [test-hivemq-platform] [hivemq] [292fa750] INFO  - Stopping extension with id hivemq-dns-cluster-discovery
2025-01-29 13:41:07,010 INFO c.h.h.t.HelmChartContainer - [test-hivemq-platform] [hivemq] [292fa750] INFO  - Extension "DNS Cluster Discovery Extension" version 4.3.2 stopped successfully.
2025-01-29 13:41:07,010 INFO c.h.h.t.HelmChartContainer - [test-hivemq-platform] [hivemq] [292fa750] INFO  - Stopping extension with id hivemq-prometheus-extension
2025-01-29 13:41:07,013 INFO c.h.h.t.HelmChartContainer - [test-hivemq-platform] [hivemq] [292fa750] INFO  - Extension "Prometheus Monitoring Extension" version 4.0.12 stopped successfully.
2025-01-29 13:41:07,014 INFO c.h.h.t.HelmChartContainer - [test-hivemq-platform] [hivemq] [292fa750] INFO  - Stopping extension with id hivemq-allow-all-extension
2025-01-29 13:41:07,014 INFO c.h.h.t.HelmChartContainer - [test-hivemq-platform] [hivemq] [292fa750] INFO  - Extension "Allow All Extension" version 1.1.1 stopped successfully.
2025-01-29 13:41:07,019 INFO c.h.h.t.HelmChartContainer - [test-hivemq-platform] [hivemq] [2261d32b] INFO  - Cluster nodes found by discovery: [S1o8y|2] (1) [S1o8y].
2025-01-29 13:41:07,026 INFO c.h.h.t.HelmChartContainer - [test-hivemq-platform] [hivemq] [2261d32b] INFO  - Cluster size = 1, members : [S1o8y].
2025-01-29 13:41:07,228 INFO c.h.h.t.HelmChartContainer - [test-hivemq-platform] [hivemq] [2261d32b] INFO  - [HiveMQ Platform Operator Init App 1.7.0-SNAPSHOT] Returning shutdown Health API response 503 for readiness
2025-01-29 13:41:07,233 INFO c.h.h.t.HelmChartContainer - [EVENT] Warning [Unhealthy] Readiness probe failed: HTTP probe failed with statuscode: 503 [helmcustomsecretconfigit:test-hivemq-platform-0]
2025-01-29 13:41:07,233 INFO c.h.h.t.HelmChartContainer - Received Unhealthy event for container hivemq in pod test-hivemq-platform-0 [2261d32b-9725-4e64-98a4-8a9628b89258]
2025-01-29 13:41:07,434 INFO c.h.h.t.HelmChartContainer - [test-hivemq-platform] [hivemq] [2261d32b] INFO  - Shutting down extension system
2025-01-29 13:41:07,439 INFO c.h.h.t.HelmChartContainer - [test-hivemq-platform] [hivemq] [2261d32b] INFO  - Stopping extension with id hivemq-dns-cluster-discovery
2025-01-29 13:41:07,440 INFO c.h.h.t.HelmChartContainer - [test-hivemq-platform] [hivemq] [2261d32b] INFO  - Extension "DNS Cluster Discovery Extension" version 4.3.2 stopped successfully.
2025-01-29 13:41:07,440 INFO c.h.h.t.HelmChartContainer - [test-hivemq-platform] [hivemq] [2261d32b] INFO  - Stopping extension with id hivemq-prometheus-extension
2025-01-29 13:41:07,447 INFO c.h.h.t.HelmChartContainer - [test-hivemq-platform] [hivemq] [2261d32b] INFO  - Extension "Prometheus Monitoring Extension" version 4.0.12 stopped successfully.
2025-01-29 13:41:07,447 INFO c.h.h.t.HelmChartContainer - [test-hivemq-platform] [hivemq] [2261d32b] INFO  - Stopping extension with id hivemq-allow-all-extension
2025-01-29 13:41:07,448 INFO c.h.h.t.HelmChartContainer - [test-hivemq-platform] [hivemq] [2261d32b] INFO  - Extension "Allow All Extension" version 1.1.1 stopped successfully.
2025-01-29 13:41:07,721 INFO c.h.h.t.HelmChartContainer - [test-hivemq-platform] [hivemq] [2261d32b] WARN  - [HiveMQ Platform Operator Init App 1.7.0-SNAPSHOT] Could not update Pod annotations: Failure executing: GET at: https://10.43.0.1:443/api/v1/namespaces/helmcustomsecretconfigit/pods/test-hivemq-platform-0. Message: pods "test-hivemq-platform-0" is forbidden: User "system:serviceaccount:helmcustomsecretconfigit:hivemq-platform-pod-test-hivemq-platform" cannot get resource "pods" in API group "" in the namespace "helmcustomsecretconfigit". Received status: Status(apiVersion=v1, code=403, details=StatusDetails(causes=[], group=null, kind=pods, name=test-hivemq-platform-0, retryAfterSeconds=null, uid=null, additionalProperties={}), kind=Status, message=pods "test-hivemq-platform-0" is forbidden: User "system:serviceaccount:helmcustomsecretconfigit:hivemq-platform-pod-test-hivemq-platform" cannot get resource "pods" in API group "" in the namespace "helmcustomsecretconfigit", metadata=ListMeta(_continue=null, remainingItemCount=null, resourceVersion=null, selfLink=null, additionalProperties={}), reason=Forbidden, status=Failure, additionalProperties={}).
2025-01-29 13:41:09,350 INFO c.h.h.t.HelmChartContainer - [test-hivemq-platform] [hivemq] [292fa750] INFO  - Shutdown completed.
2025-01-29 13:41:09,725 INFO c.h.h.t.HelmChartContainer - [test-hivemq-platform] [hivemq] [2261d32b] INFO  - Shutdown completed.
2025-01-29 13:41:09,781 INFO c.h.h.t.HelmChartContainer - [test-hivemq-platform] [hivemq] [292fa750] INFO  - [HiveMQ Platform Operator Init App 1.7.0-SNAPSHOT] The HiveMQ Platform exited with code 143
2025-01-29 13:41:09,781 INFO c.h.h.t.HelmChartContainer - [test-hivemq-platform] [hivemq] [292fa750] INFO  - [HiveMQ Platform Operator Init App 1.7.0-SNAPSHOT] Stopping the REST API
2025-01-29 13:41:09,789 INFO c.h.h.t.HelmChartContainer - [test-hivemq-platform] [hivemq] [292fa750] INFO  - [HiveMQ Platform Operator Init App 1.7.0-SNAPSHOT] Shutdown complete
2025-01-29 13:41:10,074 INFO c.h.h.t.HelmChartContainer - [test-hivemq-platform] [hivemq] [2261d32b] INFO  - [HiveMQ Platform Operator Init App 1.7.0-SNAPSHOT] The HiveMQ Platform exited with code 143
2025-01-29 13:41:10,075 INFO c.h.h.t.HelmChartContainer - [test-hivemq-platform] [hivemq] [2261d32b] INFO  - [HiveMQ Platform Operator Init App 1.7.0-SNAPSHOT] Stopping the REST API
2025-01-29 13:41:10,082 INFO c.h.h.t.HelmChartContainer - [test-hivemq-platform] [hivemq] [2261d32b] INFO  - [HiveMQ Platform Operator Init App 1.7.0-SNAPSHOT] Shutdown complete
2025-01-29 13:41:10,320 INFO c.h.h.t.HelmChartContainer - [POD] test-hivemq-platform-1 [292fa750-04ff-469c-9899-f9118f7ae86a] in helmcustomsecretconfigit was MODIFIED
2025-01-29 13:41:10,320 INFO c.h.h.t.HelmChartContainer - [K3S] [stateful_set.go:438] "Unhandled Error" err="error syncing StatefulSet helmcustomsecretconfigit/test-hivemq-platform, requeuing: controllerrevisions.apps \"test-hivemq-platform-65cfcbfbf9\" is forbidden: unable to create new content in namespace helmcustomsecretconfigit because it is being terminated"
2025-01-29 13:41:10,327 INFO c.h.h.t.HelmChartContainer - [K3S] [stateful_set.go:438] "Unhandled Error" err="error syncing StatefulSet helmcustomsecretconfigit/test-hivemq-platform, requeuing: controllerrevisions.apps \"test-hivemq-platform-65cfcbfbf9\" is forbidden: unable to create new content in namespace helmcustomsecretconfigit because it is being terminated"
2025-01-29 13:41:10,341 INFO c.h.h.t.HelmChartContainer - [K3S] [stateful_set.go:438] "Unhandled Error" err="error syncing StatefulSet helmcustomsecretconfigit/test-hivemq-platform, requeuing: controllerrevisions.apps \"test-hivemq-platform-65cfcbfbf9\" is forbidden: unable to create new content in namespace helmcustomsecretconfigit because it is being terminated"
2025-01-29 13:41:10,364 INFO c.h.h.t.HelmChartContainer - [K3S] [stateful_set.go:438] "Unhandled Error" err="error syncing StatefulSet helmcustomsecretconfigit/test-hivemq-platform, requeuing: controllerrevisions.apps \"test-hivemq-platform-65cfcbfbf9\" is forbidden: unable to create new content in namespace helmcustomsecretconfigit because it is being terminated"
2025-01-29 13:41:10,409 INFO c.h.h.t.HelmChartContainer - [K3S] [stateful_set.go:438] "Unhandled Error" err="error syncing StatefulSet helmcustomsecretconfigit/test-hivemq-platform, requeuing: controllerrevisions.apps \"test-hivemq-platform-65cfcbfbf9\" is forbidden: unable to create new content in namespace helmcustomsecretconfigit because it is being terminated"
2025-01-29 13:41:10,442 INFO c.h.h.t.HelmChartContainer - [K3S] [reconciler_common.go:162] "operationExecutor.UnmountVolume started for volume \"kube-api-access-gvr7z\" (UniqueName: \"kubernetes.io/projected/292fa750-04ff-469c-9899-f9118f7ae86a-kube-api-access-gvr7z\") pod \"292fa750-04ff-469c-9899-f9118f7ae86a\" (UID: \"292fa750-04ff-469c-9899-f9118f7ae86a\") "
2025-01-29 13:41:10,442 INFO c.h.h.t.HelmChartContainer - [K3S] [reconciler_common.go:162] "operationExecutor.UnmountVolume started for volume \"operator-init\" (UniqueName: \"kubernetes.io/empty-dir/292fa750-04ff-469c-9899-f9118f7ae86a-operator-init\") pod \"292fa750-04ff-469c-9899-f9118f7ae86a\" (UID: \"292fa750-04ff-469c-9899-f9118f7ae86a\") "
2025-01-29 13:41:10,442 INFO c.h.h.t.HelmChartContainer - [K3S] [reconciler_common.go:162] "operationExecutor.UnmountVolume started for volume \"broker-configuration\" (UniqueName: \"kubernetes.io/secret/292fa750-04ff-469c-9899-f9118f7ae86a-broker-configuration\") pod \"292fa750-04ff-469c-9899-f9118f7ae86a\" (UID: \"292fa750-04ff-469c-9899-f9118f7ae86a\") "
2025-01-29 13:41:10,442 INFO c.h.h.t.HelmChartContainer - [K3S] [reconciler_common.go:162] "operationExecutor.UnmountVolume started for volume \"pod-info\" (UniqueName: \"kubernetes.io/configmap/292fa750-04ff-469c-9899-f9118f7ae86a-pod-info\") pod \"292fa750-04ff-469c-9899-f9118f7ae86a\" (UID: \"292fa750-04ff-469c-9899-f9118f7ae86a\") "
2025-01-29 13:41:10,493 INFO c.h.h.t.HelmChartContainer - [K3S] [stateful_set.go:438] "Unhandled Error" err="error syncing StatefulSet helmcustomsecretconfigit/test-hivemq-platform, requeuing: controllerrevisions.apps \"test-hivemq-platform-65cfcbfbf9\" is forbidden: unable to create new content in namespace helmcustomsecretconfigit because it is being terminated"
2025-01-29 13:41:10,544 INFO c.h.h.t.HelmChartContainer - [K3S] [reconciler_common.go:299] "Volume detached for volume \"kube-api-access-gvr7z\" (UniqueName: \"kubernetes.io/projected/292fa750-04ff-469c-9899-f9118f7ae86a-kube-api-access-gvr7z\") on node \"83e4a3cb5001\" DevicePath \"\""
2025-01-29 13:41:10,544 INFO c.h.h.t.HelmChartContainer - [K3S] [reconciler_common.go:299] "Volume detached for volume \"operator-init\" (UniqueName: \"kubernetes.io/empty-dir/292fa750-04ff-469c-9899-f9118f7ae86a-operator-init\") on node \"83e4a3cb5001\" DevicePath \"\""
2025-01-29 13:41:10,544 INFO c.h.h.t.HelmChartContainer - [K3S] [reconciler_common.go:299] "Volume detached for volume \"broker-configuration\" (UniqueName: \"kubernetes.io/secret/292fa750-04ff-469c-9899-f9118f7ae86a-broker-configuration\") on node \"83e4a3cb5001\" DevicePath \"\""
2025-01-29 13:41:10,544 INFO c.h.h.t.HelmChartContainer - [K3S] [reconciler_common.go:299] "Volume detached for volume \"pod-info\" (UniqueName: \"kubernetes.io/configmap/292fa750-04ff-469c-9899-f9118f7ae86a-pod-info\") on node \"83e4a3cb5001\" DevicePath \"\""
2025-01-29 13:41:10,558 INFO c.h.h.t.HelmChartContainer - [POD] test-hivemq-platform-0 [2261d32b-9725-4e64-98a4-8a9628b89258] in helmcustomsecretconfigit was MODIFIED
2025-01-29 13:41:10,562 INFO c.h.h.t.HelmChartContainer - [K3S] [stateful_set.go:438] "Unhandled Error" err="error syncing StatefulSet helmcustomsecretconfigit/test-hivemq-platform, requeuing: controllerrevisions.apps \"test-hivemq-platform-65cfcbfbf9\" is forbidden: unable to create new content in namespace helmcustomsecretconfigit because it is being terminated"
2025-01-29 13:41:10,568 INFO c.h.h.t.HelmChartContainer - [K3S] [scope.go:117] "RemoveContainer" containerID="0eaee07583bd9c2f617ac3e061982cede5ff933978f690b6552949aa249445c5"
2025-01-29 13:41:10,643 INFO c.h.h.t.HelmChartContainer - [POD] test-hivemq-platform-1 [292fa750-04ff-469c-9899-f9118f7ae86a] in helmcustomsecretconfigit was MODIFIED
2025-01-29 13:41:10,650 INFO c.h.h.t.HelmChartContainer - [K3S] [reconciler_common.go:162] "operationExecutor.UnmountVolume started for volume \"kube-api-access-gw8h7\" (UniqueName: \"kubernetes.io/projected/2261d32b-9725-4e64-98a4-8a9628b89258-kube-api-access-gw8h7\") pod \"2261d32b-9725-4e64-98a4-8a9628b89258\" (UID: \"2261d32b-9725-4e64-98a4-8a9628b89258\") "
2025-01-29 13:41:10,655 INFO c.h.h.t.HelmChartContainer - [POD] test-hivemq-platform-1 [292fa750-04ff-469c-9899-f9118f7ae86a] in helmcustomsecretconfigit was DELETED
2025-01-29 13:41:10,660 INFO c.h.h.t.HelmChartContainer - [K3S] [reconciler_common.go:162] "operationExecutor.UnmountVolume started for volume \"pod-info\" (UniqueName: \"kubernetes.io/configmap/2261d32b-9725-4e64-98a4-8a9628b89258-pod-info\") pod \"2261d32b-9725-4e64-98a4-8a9628b89258\" (UID: \"2261d32b-9725-4e64-98a4-8a9628b89258\") "
2025-01-29 13:41:10,660 INFO c.h.h.t.HelmChartContainer - [K3S] [reconciler_common.go:162] "operationExecutor.UnmountVolume started for volume \"operator-init\" (UniqueName: \"kubernetes.io/empty-dir/2261d32b-9725-4e64-98a4-8a9628b89258-operator-init\") pod \"2261d32b-9725-4e64-98a4-8a9628b89258\" (UID: \"2261d32b-9725-4e64-98a4-8a9628b89258\") "
2025-01-29 13:41:10,660 INFO c.h.h.t.HelmChartContainer - [K3S] [reconciler_common.go:162] "operationExecutor.UnmountVolume started for volume \"broker-configuration\" (UniqueName: \"kubernetes.io/secret/2261d32b-9725-4e64-98a4-8a9628b89258-broker-configuration\") pod \"2261d32b-9725-4e64-98a4-8a9628b89258\" (UID: \"2261d32b-9725-4e64-98a4-8a9628b89258\") "
2025-01-29 13:41:10,660 INFO c.h.h.t.HelmChartContainer - [K3S] [stateful_set.go:438] "Unhandled Error" err="error syncing StatefulSet helmcustomsecretconfigit/test-hivemq-platform, requeuing: controllerrevisions.apps \"test-hivemq-platform-65cfcbfbf9\" is forbidden: unable to create new content in namespace helmcustomsecretconfigit because it is being terminated"
2025-01-29 13:41:10,668 INFO c.h.h.t.HelmChartContainer - [K3S] [stateful_set.go:438] "Unhandled Error" err="error syncing StatefulSet helmcustomsecretconfigit/test-hivemq-platform, requeuing: controllerrevisions.apps \"test-hivemq-platform-65cfcbfbf9\" is forbidden: unable to create new content in namespace helmcustomsecretconfigit because it is being terminated"
2025-01-29 13:41:10,681 INFO c.h.h.t.HelmChartContainer - [K3S] [stateful_set.go:438] "Unhandled Error" err="error syncing StatefulSet helmcustomsecretconfigit/test-hivemq-platform, requeuing: controllerrevisions.apps \"test-hivemq-platform-65cfcbfbf9\" is forbidden: unable to create new content in namespace helmcustomsecretconfigit because it is being terminated"
2025-01-29 13:41:10,737 INFO c.h.h.t.HelmChartContainer - [K3S] [scope.go:117] "RemoveContainer" containerID="46d6ebc43159e7028630f8d6b975e9a3450f47b83aff4fc39a4137d585e71b93"
2025-01-29 13:41:10,741 INFO c.h.h.t.HelmChartContainer - [K3S] [scope.go:117] "RemoveContainer" containerID="0eaee07583bd9c2f617ac3e061982cede5ff933978f690b6552949aa249445c5"
2025-01-29 13:41:10,742 INFO c.h.h.t.HelmChartContainer - [K3S] [scope.go:117] "RemoveContainer" containerID="46d6ebc43159e7028630f8d6b975e9a3450f47b83aff4fc39a4137d585e71b93"
2025-01-29 13:41:10,743 INFO c.h.h.t.HelmChartContainer - [K3S] [scope.go:117] "RemoveContainer" containerID="8f41eb49c4adf6778de3408be1e2be5d6bab65f011c012bc344857dcd7cd7197"
2025-01-29 13:41:10,743 INFO c.h.h.t.HelmChartContainer - [K3S] [stateful_set.go:466] "StatefulSet has been deleted" key="helmcustomsecretconfigit/test-hivemq-platform"
2025-01-29 13:41:10,745 INFO c.h.h.t.HelmChartContainer - [K3S] [reconciler_common.go:299] "Volume detached for volume \"kube-api-access-gw8h7\" (UniqueName: \"kubernetes.io/projected/2261d32b-9725-4e64-98a4-8a9628b89258-kube-api-access-gw8h7\") on node \"83e4a3cb5001\" DevicePath \"\""
2025-01-29 13:41:10,745 INFO c.h.h.t.HelmChartContainer - [K3S] [reconciler_common.go:299] "Volume detached for volume \"pod-info\" (UniqueName: \"kubernetes.io/configmap/2261d32b-9725-4e64-98a4-8a9628b89258-pod-info\") on node \"83e4a3cb5001\" DevicePath \"\""
2025-01-29 13:41:10,745 INFO c.h.h.t.HelmChartContainer - [K3S] [reconciler_common.go:299] "Volume detached for volume \"operator-init\" (UniqueName: \"kubernetes.io/empty-dir/2261d32b-9725-4e64-98a4-8a9628b89258-operator-init\") on node \"83e4a3cb5001\" DevicePath \"\""
2025-01-29 13:41:10,745 INFO c.h.h.t.HelmChartContainer - [K3S] [reconciler_common.go:299] "Volume detached for volume \"broker-configuration\" (UniqueName: \"kubernetes.io/secret/2261d32b-9725-4e64-98a4-8a9628b89258-broker-configuration\") on node \"83e4a3cb5001\" DevicePath \"\""
2025-01-29 13:41:10,838 INFO c.h.h.t.HelmChartContainer - [K3S] [scope.go:117] "RemoveContainer" containerID="ddd256632f630d70f80e7fb37cbd1830d6fe4cc12404804a71bf76a92d9c8623"
2025-01-29 13:41:10,841 INFO c.h.h.t.HelmChartContainer - [K3S] [scope.go:117] "RemoveContainer" containerID="8f41eb49c4adf6778de3408be1e2be5d6bab65f011c012bc344857dcd7cd7197"
2025-01-29 13:41:10,841 INFO c.h.h.t.HelmChartContainer - [K3S] [scope.go:117] "RemoveContainer" containerID="ddd256632f630d70f80e7fb37cbd1830d6fe4cc12404804a71bf76a92d9c8623"
2025-01-29 13:41:10,882 INFO c.h.h.t.HelmChartContainer - [POD] test-hivemq-platform-0 [2261d32b-9725-4e64-98a4-8a9628b89258] in helmcustomsecretconfigit was MODIFIED
2025-01-29 13:41:10,891 INFO c.h.h.t.HelmChartContainer - [POD] test-hivemq-platform-0 [2261d32b-9725-4e64-98a4-8a9628b89258] in helmcustomsecretconfigit was DELETED
2025-01-29 13:41:11,953 INFO c.h.h.t.HelmChartContainer - [K3S] [stateful_set.go:466] "StatefulSet has been deleted" key="helmcustomsecretconfigit/test-hivemq-platform"
2025-01-29 13:41:12,202 INFO c.h.h.t.HelmChartContainer - [K3S] [kubelet_volumes.go:163] "Cleaned up orphaned pod volumes dir" podUID="2261d32b-9725-4e64-98a4-8a9628b89258" path="/var/lib/kubelet/pods/2261d32b-9725-4e64-98a4-8a9628b89258/volumes"
2025-01-29 13:41:12,203 INFO c.h.h.t.HelmChartContainer - [K3S] [kubelet_volumes.go:163] "Cleaned up orphaned pod volumes dir" podUID="292fa750-04ff-469c-9899-f9118f7ae86a" path="/var/lib/kubelet/pods/292fa750-04ff-469c-9899-f9118f7ae86a/volumes"
2025-01-29 13:41:15,921 INFO c.h.h.t.HelmChartContainer - Namespace 'helmcustomsecretconfigit' deleted
2025-01-29 13:41:15,921 INFO c.h.h.t.HelmChartContainer - Release 'test-hivemq-platform' in namespace 'helmcustomsecretconfigit' is uninstalled
2025-01-29 13:41:15,921 INFO c.h.h.t.HelmChartContainer - Uninstalling release 'test-hivemq-platform-operator' in namespace 'helmcustomsecretconfigit-operator'...
2025-01-29 13:41:15,921 DEBUG c.h.h.t.HelmChartContainer - Executing helm command: /bin/helm --kubeconfig /etc/rancher/k3s/k3s.yaml uninstall test-hivemq-platform-operator  --wait --timeout 5m0s --cascade foreground --namespace helmcustomsecretconfigit-operator
2025-01-29 13:41:16,085 INFO c.h.h.t.HelmChartContainer - [K3S] [replica_set.go:679] "Finished syncing" kind="ReplicaSet" key="helmcustomsecretconfigit-operator/hivemq-test-hivemq-platform-operator-6966f96d65" duration="11.478362ms"
2025-01-29 13:41:16,085 INFO c.h.h.t.HelmChartContainer - [K3S] [replica_set.go:679] "Finished syncing" kind="ReplicaSet" key="helmcustomsecretconfigit-operator/hivemq-test-hivemq-platform-operator-6966f96d65" duration="43.311µs"
2025-01-29 13:41:16,109 INFO c.h.h.t.HelmChartContainer - [POD] hivemq-test-hivemq-platform-operator-6966f96d65-57pz8 [21afe644-372f-4015-b480-a9ff0facef20] in helmcustomsecretconfigit-operator was MODIFIED
2025-01-29 13:41:16,119 INFO c.h.h.t.HelmChartContainer - [K3S] [replica_set.go:679] "Finished syncing" kind="ReplicaSet" key="helmcustomsecretconfigit-operator/hivemq-test-hivemq-platform-operator-6966f96d65" duration="13.556658ms"
2025-01-29 13:41:16,121 INFO c.h.h.t.HelmChartContainer - [hivemq-test-hivemq-platform] [hivemq-platform-operator] [21afe644] 13:41:16.115 [application-shutdown-thread] INFO  c.h.p.o.HiveMQPlatformOperatorApplication - HiveMQ Platform Operator is stopping...
2025-01-29 13:41:16,121 INFO c.h.h.t.HelmChartContainer - [hivemq-test-hivemq-platform] [hivemq-platform-operator] [21afe644] 13:41:16.115 [application-shutdown-thread] INFO  i.javaoperatorsdk.operator.Operator - Operator SDK 4.9.7 is shutting down...
2025-01-29 13:41:16,122 INFO c.h.h.t.HelmChartContainer - [K3S] [replica_set.go:679] "Finished syncing" kind="ReplicaSet" key="helmcustomsecretconfigit-operator/hivemq-test-hivemq-platform-operator-6966f96d65" duration="38.772µs"
2025-01-29 13:41:16,122 INFO c.h.h.t.HelmChartContainer - [EVENT] Normal [Killing] Stopping container hivemq-platform-operator [helmcustomsecretconfigit-operator:hivemq-test-hivemq-platform-operator-6966f96d65-57pz8]
2025-01-29 13:41:16,122 INFO c.h.h.t.HelmChartContainer - Received Killing event for container hivemq-platform-operator in pod hivemq-test-hivemq-platform-operator-6966f96d65-57pz8 [21afe644-372f-4015-b480-a9ff0facef20]
2025-01-29 13:41:16,122 INFO c.h.h.t.HelmChartContainer - Container [hivemq-test-hivemq-platform-operator-6966f96d65-57pz8] [hivemq-platform-operator] [21afe644-372f-4015-b480-a9ff0facef20] was terminated
2025-01-29 13:41:16,122 INFO c.h.h.t.HelmChartContainer - Stopped log watcher for hivemq-platform-operator in pod hivemq-test-hivemq-platform-operator-6966f96d65-57pz8 [21afe644-372f-4015-b480-a9ff0facef20]
2025-01-29 13:41:16,758 INFO c.h.h.t.HelmChartContainer - [K3S] [replica_set.go:679] "Finished syncing" kind="ReplicaSet" key="helmcustomsecretconfigit-operator/hivemq-test-hivemq-platform-operator-6966f96d65" duration="42.809µs"
2025-01-29 13:41:16,760 INFO c.h.h.t.HelmChartContainer - [POD] hivemq-test-hivemq-platform-operator-6966f96d65-57pz8 [21afe644-372f-4015-b480-a9ff0facef20] in helmcustomsecretconfigit-operator was MODIFIED
2025-01-29 13:41:16,878 INFO c.h.h.t.HelmChartContainer - [K3S] [reconciler_common.go:162] "operationExecutor.UnmountVolume started for volume \"kube-api-access-nw8gh\" (UniqueName: \"kubernetes.io/projected/21afe644-372f-4015-b480-a9ff0facef20-kube-api-access-nw8gh\") pod \"21afe644-372f-4015-b480-a9ff0facef20\" (UID: \"21afe644-372f-4015-b480-a9ff0facef20\") "
2025-01-29 13:41:16,978 INFO c.h.h.t.HelmChartContainer - [K3S] [reconciler_common.go:299] "Volume detached for volume \"kube-api-access-nw8gh\" (UniqueName: \"kubernetes.io/projected/21afe644-372f-4015-b480-a9ff0facef20-kube-api-access-nw8gh\") on node \"83e4a3cb5001\" DevicePath \"\""
2025-01-29 13:41:17,594 INFO c.h.h.t.HelmChartContainer - [K3S] [scope.go:117] "RemoveContainer" containerID="a3f738b88cd7ef50c65704eec1d5efae7253a8175715c94a19e70a0570dc6a2a"
2025-01-29 13:41:17,598 INFO c.h.h.t.HelmChartContainer - [K3S] [scope.go:117] "RemoveContainer" containerID="a3f738b88cd7ef50c65704eec1d5efae7253a8175715c94a19e70a0570dc6a2a"
2025-01-29 13:41:17,607 INFO c.h.h.t.HelmChartContainer - [K3S] [replica_set.go:679] "Finished syncing" kind="ReplicaSet" key="helmcustomsecretconfigit-operator/hivemq-test-hivemq-platform-operator-6966f96d65" duration="44.864µs"
2025-01-29 13:41:17,607 INFO c.h.h.t.HelmChartContainer - [POD] hivemq-test-hivemq-platform-operator-6966f96d65-57pz8 [21afe644-372f-4015-b480-a9ff0facef20] in helmcustomsecretconfigit-operator was MODIFIED
2025-01-29 13:41:17,614 INFO c.h.h.t.HelmChartContainer - [K3S] [replica_set.go:679] "Finished syncing" kind="ReplicaSet" key="helmcustomsecretconfigit-operator/hivemq-test-hivemq-platform-operator-6966f96d65" duration="51.496µs"
2025-01-29 13:41:17,615 INFO c.h.h.t.HelmChartContainer - [POD] hivemq-test-hivemq-platform-operator-6966f96d65-57pz8 [21afe644-372f-4015-b480-a9ff0facef20] in helmcustomsecretconfigit-operator was DELETED
2025-01-29 13:41:17,628 INFO c.h.h.t.HelmChartContainer - [K3S] [replica_set.go:679] "Finished syncing" kind="ReplicaSet" key="helmcustomsecretconfigit-operator/hivemq-test-hivemq-platform-operator-6966f96d65" duration="6.552µs"
2025-01-29 13:41:18,125 INFO c.h.h.t.HelmChartContainer - Deleting namespace 'helmcustomsecretconfigit-operator'...
2025-01-29 13:41:18,202 INFO c.h.h.t.HelmChartContainer - [K3S] [kubelet_volumes.go:163] "Cleaned up orphaned pod volumes dir" podUID="21afe644-372f-4015-b480-a9ff0facef20" path="/var/lib/kubelet/pods/21afe644-372f-4015-b480-a9ff0facef20/volumes"
2025-01-29 13:41:20,862 INFO c.h.h.t.HelmChartContainer - [K3S] [namespace_controller.go:187] "Namespace has been deleted" namespace="helmcustomsecretconfigit"
2025-01-29 13:41:23,343 INFO c.h.h.t.HelmChartContainer - Namespace 'helmcustomsecretconfigit-operator' deleted
2025-01-29 13:41:23,343 INFO c.h.h.t.HelmChartContainer - Release 'test-hivemq-platform-operator' in namespace 'helmcustomsecretconfigit-operator' is uninstalled
2025-01-29 13:41:24,017 INFO c.h.helmcharts.AbstractHelmChartIT - Removed unused containers:

2025-01-29 13:41:28,246 INFO c.h.h.t.HelmChartContainer - [K3S] [namespace_controller.go:187] "Namespace has been deleted" namespace="helmcustomsecretconfigit-operator"
2025-01-29 13:41:32,072 INFO c.h.helmcharts.AbstractHelmChartIT - Removed unused snapshots:
Removing snapshot sha256:03af251906410714c5aef9fa705b63f6bbc39c4a5e787de7361eeb18886c2ed2
Removing snapshot sha256:058cfc368a209200671711669c64e3d7e3bccd7589b48c934b6d727a223eeb32
Removing snapshot sha256:0c46b3b43cce082ce5ec34ffc6c294e0417d17b9d1e6f366d114b6aadc4f96dc
Removing snapshot sha256:0ce761beee59082d6ed5bcebd3a805b8ddd9b3426b617e4809e7fb7c6587ffec
Removing snapshot sha256:0df91287303208332c8ff6ba40ae4710105201739addbfbddfb955f1ad593664
Removing snapshot sha256:1021ef88c7974bfff89c5a0ec4fd3160daac6c48a075f74cff721f85dd104e68
Removing snapshot sha256:10aba4953ddc18145dd38e3704709bc464aa20af60b56fe52caaff4b68411e62
Removing snapshot sha256:2573e0d8158209ed54ab25c87bcdcb00bd3d2539246960a3d592a1c599d70465
Removing snapshot sha256:362a8a37f8bbc31925a8146adcf7cf51f9882f5c1dcbef67c5baa03a297543c0
Removing snapshot sha256:3fa4ad33f0ddc8fd45b39b6b4640f82a3a83619606cd975bfe89d8710ad2d4cd
Removing snapshot sha256:43a7c979bbaba6838bc3102d6b10a1459f3ab050b87ccdfef84ef90cf43d3058
Removing snapshot sha256:4ab04491cdf0d3267f08206fe30bd48f49f94b9cab2f016d6739220f722a64af
Removing snapshot sha256:4b6068250e89c96f263060261819c7d912855bfbd64b3eb4c4a8483299b8c295
Removing snapshot sha256:580e69a0a8034ede1921139bbd2bfb72a69ebf276d008281896c32dd8bf74775
Removing snapshot sha256:5d30ba46b27fe37484567ccc5242cadc78217b8da605f3f195ef25cbf7487904
Removing snapshot sha256:63ca1fbb43ae5034640e5e6cb3e083e05c290072c5366fcaa9d62435a4cced85
Removing snapshot sha256:67f702c6baae873bceb19487c8b1f27bd2b86077e4f2f0e480e6d60ab508b8f5
Removing snapshot sha256:6864348dd42806d552efdec384f1274be15e2d0c10ce44c1f04347af004c10a9
Removing snapshot sha256:6c7dee8f2c39b84b7dc2711c01d33de93514d9055499173e9290176fbe484b6c
Removing snapshot sha256:72f6a943024c1e27fe833cfeb6c82171337f25719df4bde8edc58fd471ac0f89
Removing snapshot sha256:82753493a6d61ded36556292f02f31841a14c20d2f279f19eaad65afb661d5cd
Removing snapshot sha256:8a10d3db42c505ee0fcfa98417bdd7e39b304f6bcc0a06bb1b220797ff2cc63c
Removing snapshot sha256:a21e5b12dbac529ad45d976eb9ce45c881f3bedcc500fb30aba1e52aa1813418
Removing snapshot sha256:b921e6c28969094157f9b8e7244677780319637afd14450b7cb6b2fdea558a0c
Removing snapshot sha256:bc27ecb5769a00e309cf99ebc763c4a4b958b618d1decc96ffac5bc05f02f5b7
Removing snapshot sha256:be3ccb6627a5332e309d45ef461d09b4879dd870c7394d89323d0ebc6ca6aa8a
Removing snapshot sha256:c261f7cbbc64211ee175ee47273acdb7b1a36a4450b397a064a8f2c026490095
Removing snapshot sha256:c34d9393647eea0c9e3557ab988efaf59f61d10a2a5613b439ef0958cca5ec10
Removing snapshot sha256:ccf3c4a0fa967a41c1c83497a2ce6fa5787965859df0adb32c4ca2cf7490bc2b
Removing snapshot sha256:cf92d33f869417309692088c341cd0f223c178ea78a125f757317b22aa8f90e9
Removing snapshot sha256:d0037344cf2fb078884f1849f6a1f8cf9a33a3b6139b6a85833e5ee528e1f9a8
Removing snapshot sha256:d3b36d5b79273b1e98e7700470eaeff05a882e777124d84cebcc1505b85ecb36
Removing snapshot sha256:d65a44a37914602d12c611e5e22a50f11451d847e63015cc1c2aef92dee777a4
Removing snapshot sha256:e2dc0bae2455930f23ae570e019b7f32edc75c0f2d71cab084db837ff9051796
Removing snapshot sha256:eccbd24a99c60cd9e86ee5305dbfc4a4dc89f5ab4fb1f06c8d64797cecedef34
Removing snapshot sha256:f144bb4c7c7f0d2aa7eeffd36d934ec40db1ee167be727e326aad9fdc616f475

]]></system-out>
  </testcase>
  <testcase name="withSecretConfig_hivemqRunning()" classname="com.hivemq.helmcharts.platform.HelmCustomSecretConfigIT" time="149.045">
    <system-out><![CDATA[2025-01-29 13:41:32,074 INFO c.h.h.t.HelmChartContainer - Creating namespace 'helmcustomsecretconfigit-operator'...
2025-01-29 13:41:32,079 INFO c.h.h.t.HelmChartContainer - Namespace 'helmcustomsecretconfigit-operator' created
2025-01-29 13:41:32,080 INFO c.h.h.t.HelmChartContainer - Creating namespace 'helmcustomsecretconfigit'...
2025-01-29 13:41:32,091 INFO c.h.h.t.HelmChartContainer - Namespace 'helmcustomsecretconfigit' created
2025-01-29 13:41:32,160 DEBUG c.h.h.t.HelmChartContainer - Executing helm command: /bin/helm --kubeconfig /etc/rancher/k3s/k3s.yaml install test-hivemq-platform-operator /charts/hivemq-platform-operator --wait --timeout 5m0s --set image.repository=docker.io/hivemq --set image.name=hivemq-platform-operator-test --set image.initImageName=hivemq-platform-operator-init-test --set image.tag=snapshot --set image.pullPolicy=Never --set logLevel=DEBUG --set resources.cpu=512m --namespace helmcustomsecretconfigit-operator
2025-01-29 13:41:32,476 INFO c.h.h.t.HelmChartContainer - [K3S] [alloc.go:330] "allocated clusterIPs" service="helmcustomsecretconfigit-operator/hivemq-platform-operator-test-hivemq-platform-operator" clusterIPs={"IPv4":"10.43.46.53"}
2025-01-29 13:41:32,497 INFO c.h.h.t.HelmChartContainer - [EVENT] Normal [ScalingReplicaSet] Scaled up replica set hivemq-test-hivemq-platform-operator-6966f96d65 from 0 to 1 [helmcustomsecretconfigit-operator:hivemq-test-hivemq-platform-operator]
2025-01-29 13:41:32,505 INFO c.h.h.t.HelmChartContainer - [POD] hivemq-test-hivemq-platform-operator-6966f96d65-lr6mj [75472ea2-511d-4004-881d-baa26141851a] in helmcustomsecretconfigit-operator was ADDED
2025-01-29 13:41:32,511 INFO c.h.h.t.HelmChartContainer - [EVENT] Normal [SuccessfulCreate] Created pod: hivemq-test-hivemq-platform-operator-6966f96d65-lr6mj [helmcustomsecretconfigit-operator:hivemq-test-hivemq-platform-operator-6966f96d65]
2025-01-29 13:41:32,512 INFO c.h.h.t.HelmChartContainer - [POD] hivemq-test-hivemq-platform-operator-6966f96d65-lr6mj [75472ea2-511d-4004-881d-baa26141851a] in helmcustomsecretconfigit-operator was MODIFIED
2025-01-29 13:41:32,513 INFO c.h.h.t.HelmChartContainer - [K3S] [memory_manager.go:355] "RemoveStaleState removing state" podUID="21afe644-372f-4015-b480-a9ff0facef20" containerName="hivemq-platform-operator"
2025-01-29 13:41:32,514 INFO c.h.h.t.HelmChartContainer - [K3S] [memory_manager.go:355] "RemoveStaleState removing state" podUID="2261d32b-9725-4e64-98a4-8a9628b89258" containerName="hivemq"
2025-01-29 13:41:32,514 INFO c.h.h.t.HelmChartContainer - [K3S] [memory_manager.go:355] "RemoveStaleState removing state" podUID="292fa750-04ff-469c-9899-f9118f7ae86a" containerName="hivemq"
2025-01-29 13:41:32,514 INFO c.h.h.t.HelmChartContainer - [K3S] [replica_set.go:679] "Finished syncing" kind="ReplicaSet" key="helmcustomsecretconfigit-operator/hivemq-test-hivemq-platform-operator-6966f96d65" duration="23.062081ms"
2025-01-29 13:41:32,524 INFO c.h.h.t.HelmChartContainer - [EVENT] Normal [Scheduled] Successfully assigned helmcustomsecretconfigit-operator/hivemq-test-hivemq-platform-operator-6966f96d65-lr6mj to 83e4a3cb5001 [helmcustomsecretconfigit-operator:hivemq-test-hivemq-platform-operator-6966f96d65-lr6mj]
2025-01-29 13:41:32,525 INFO c.h.h.t.HelmChartContainer - [K3S] [replica_set.go:679] "Finished syncing" kind="ReplicaSet" key="helmcustomsecretconfigit-operator/hivemq-test-hivemq-platform-operator-6966f96d65" duration="9.928083ms"
2025-01-29 13:41:32,525 INFO c.h.h.t.HelmChartContainer - [K3S] [replica_set.go:679] "Finished syncing" kind="ReplicaSet" key="helmcustomsecretconfigit-operator/hivemq-test-hivemq-platform-operator-6966f96d65" duration="40.505µs"
2025-01-29 13:41:32,530 INFO c.h.h.t.HelmChartContainer - [K3S] [replica_set.go:679] "Finished syncing" kind="ReplicaSet" key="helmcustomsecretconfigit-operator/hivemq-test-hivemq-platform-operator-6966f96d65" duration="33.863µs"
2025-01-29 13:41:32,530 INFO c.h.h.t.HelmChartContainer - [POD] hivemq-test-hivemq-platform-operator-6966f96d65-lr6mj [75472ea2-511d-4004-881d-baa26141851a] in helmcustomsecretconfigit-operator was MODIFIED
2025-01-29 13:41:32,574 INFO c.h.h.t.HelmChartContainer - [K3S] [reconciler_common.go:251] "operationExecutor.VerifyControllerAttachedVolume started for volume \"kube-api-access-6lmkg\" (UniqueName: \"kubernetes.io/projected/75472ea2-511d-4004-881d-baa26141851a-kube-api-access-6lmkg\") pod \"hivemq-test-hivemq-platform-operator-6966f96d65-lr6mj\" (UID: \"75472ea2-511d-4004-881d-baa26141851a\") " pod="helmcustomsecretconfigit-operator/hivemq-test-hivemq-platform-operator-6966f96d65-lr6mj"
2025-01-29 13:41:32,918 INFO c.h.h.t.HelmChartContainer - [EVENT] Normal [Pulled] Container image "docker.io/hivemq/hivemq-platform-operator-test:snapshot" already present on machine [helmcustomsecretconfigit-operator:hivemq-test-hivemq-platform-operator-6966f96d65-lr6mj]
2025-01-29 13:41:32,919 INFO c.h.h.t.HelmChartContainer - Received Pulled event for container hivemq-platform-operator in pod hivemq-test-hivemq-platform-operator-6966f96d65-lr6mj [75472ea2-511d-4004-881d-baa26141851a]
2025-01-29 13:41:34,222 INFO c.h.h.t.HelmChartContainer - [EVENT] Normal [Created] Created container: hivemq-platform-operator [helmcustomsecretconfigit-operator:hivemq-test-hivemq-platform-operator-6966f96d65-lr6mj]
2025-01-29 13:41:34,222 INFO c.h.h.t.HelmChartContainer - Received Created event for container hivemq-platform-operator in pod hivemq-test-hivemq-platform-operator-6966f96d65-lr6mj [75472ea2-511d-4004-881d-baa26141851a]
2025-01-29 13:41:34,636 INFO c.h.h.t.HelmChartContainer - [POD] hivemq-test-hivemq-platform-operator-6966f96d65-lr6mj [75472ea2-511d-4004-881d-baa26141851a] in helmcustomsecretconfigit-operator was MODIFIED
2025-01-29 13:41:34,636 INFO c.h.h.t.HelmChartContainer - [K3S] [replica_set.go:679] "Finished syncing" kind="ReplicaSet" key="helmcustomsecretconfigit-operator/hivemq-test-hivemq-platform-operator-6966f96d65" duration="42.289µs"
2025-01-29 13:41:34,646 INFO c.h.h.t.HelmChartContainer - [EVENT] Normal [Started] Started container hivemq-platform-operator [helmcustomsecretconfigit-operator:hivemq-test-hivemq-platform-operator-6966f96d65-lr6mj]
2025-01-29 13:41:34,646 INFO c.h.h.t.HelmChartContainer - Received Started event for container hivemq-platform-operator in pod hivemq-test-hivemq-platform-operator-6966f96d65-lr6mj [75472ea2-511d-4004-881d-baa26141851a]
2025-01-29 13:41:34,646 INFO c.h.h.t.HelmChartContainer - Started log watcher for hivemq-platform-operator in pod hivemq-test-hivemq-platform-operator-6966f96d65-lr6mj [75472ea2-511d-4004-881d-baa26141851a]
2025-01-29 13:41:34,647 INFO c.h.h.t.HelmChartContainer - [hivemq-test-hivemq-platform] [hivemq-platform-operator] [75472ea2] -------------------------------------------------------------------------
2025-01-29 13:41:34,647 INFO c.h.h.t.HelmChartContainer - [hivemq-test-hivemq-platform] [hivemq-platform-operator] [75472ea2] 
2025-01-29 13:41:34,647 INFO c.h.h.t.HelmChartContainer - [hivemq-test-hivemq-platform] [hivemq-platform-operator] [75472ea2]                   _    _  _              __  __   ____
2025-01-29 13:41:34,647 INFO c.h.h.t.HelmChartContainer - [hivemq-test-hivemq-platform] [hivemq-platform-operator] [75472ea2]                  | |  | |(_)            |  \/  | / __ \
2025-01-29 13:41:34,647 INFO c.h.h.t.HelmChartContainer - [hivemq-test-hivemq-platform] [hivemq-platform-operator] [75472ea2]                  | |__| | _ __   __ ___ | \  / || |  | |
2025-01-29 13:41:34,647 INFO c.h.h.t.HelmChartContainer - [hivemq-test-hivemq-platform] [hivemq-platform-operator] [75472ea2]                  |  __  || |\ \ / // _ \| |\/| || |  | |
2025-01-29 13:41:34,647 INFO c.h.h.t.HelmChartContainer - [hivemq-test-hivemq-platform] [hivemq-platform-operator] [75472ea2]                  | |  | || | \ V /|  __/| |  | || |__| |
2025-01-29 13:41:34,647 INFO c.h.h.t.HelmChartContainer - [hivemq-test-hivemq-platform] [hivemq-platform-operator] [75472ea2]                  |_|  |_||_|  \_/  \___||_|  |_| \___\_\
2025-01-29 13:41:34,647 INFO c.h.h.t.HelmChartContainer - [hivemq-test-hivemq-platform] [hivemq-platform-operator] [75472ea2] 
2025-01-29 13:41:34,647 INFO c.h.h.t.HelmChartContainer - [hivemq-test-hivemq-platform] [hivemq-platform-operator] [75472ea2] -------------------------------------------------------------------------
2025-01-29 13:41:34,647 INFO c.h.h.t.HelmChartContainer - [hivemq-test-hivemq-platform] [hivemq-platform-operator] [75472ea2] 
2025-01-29 13:41:34,647 INFO c.h.h.t.HelmChartContainer - [hivemq-test-hivemq-platform] [hivemq-platform-operator] [75472ea2]   HiveMQ Platform Operator Start Script v1.0
2025-01-29 13:41:34,647 INFO c.h.h.t.HelmChartContainer - [hivemq-test-hivemq-platform] [hivemq-platform-operator] [75472ea2] 
2025-01-29 13:41:34,647 INFO c.h.h.t.HelmChartContainer - [hivemq-test-hivemq-platform] [hivemq-platform-operator] [75472ea2] -------------------------------------------------------------------------
2025-01-29 13:41:34,647 INFO c.h.h.t.HelmChartContainer - [hivemq-test-hivemq-platform] [hivemq-platform-operator] [75472ea2] 
2025-01-29 13:41:34,647 INFO c.h.h.t.HelmChartContainer - [hivemq-test-hivemq-platform] [hivemq-platform-operator] [75472ea2]   JAVA_OPTS: -XX:+UnlockExperimentalVMOptions -XX:InitialRAMPercentage=75 -XX:MaxRAMPercentage=75 -Duser.language=en -Duser.region=US
2025-01-29 13:41:34,647 INFO c.h.h.t.HelmChartContainer - [hivemq-test-hivemq-platform] [hivemq-platform-operator] [75472ea2] 
2025-01-29 13:41:34,647 INFO c.h.h.t.HelmChartContainer - [hivemq-test-hivemq-platform] [hivemq-platform-operator] [75472ea2]   JAVA_VERSION: 21
2025-01-29 13:41:34,647 INFO c.h.h.t.HelmChartContainer - [hivemq-test-hivemq-platform] [hivemq-platform-operator] [75472ea2] 
2025-01-29 13:41:34,647 INFO c.h.h.t.HelmChartContainer - [hivemq-test-hivemq-platform] [hivemq-platform-operator] [75472ea2] -------------------------------------------------------------------------
2025-01-29 13:41:34,647 INFO c.h.h.t.HelmChartContainer - [hivemq-test-hivemq-platform] [hivemq-platform-operator] [75472ea2] 
2025-01-29 13:41:37,751 INFO c.h.h.t.HelmChartContainer - [hivemq-test-hivemq-platform] [hivemq-platform-operator] [75472ea2] 13:41:37.669 [main] DEBUG org.jboss.logging - Logging Provider: org.jboss.logging.Slf4jLoggerProvider
2025-01-29 13:41:37,854 INFO c.h.h.t.HelmChartContainer - [hivemq-test-hivemq-platform] [hivemq-platform-operator] [75472ea2] 13:41:37.853 [main] DEBUG io.smallrye.config - SRCFG01006: Loaded ConfigSource SysPropConfigSource with ordinal 400
2025-01-29 13:41:37,854 INFO c.h.h.t.HelmChartContainer - [hivemq-test-hivemq-platform] [hivemq-platform-operator] [75472ea2] 13:41:37.853 [main] DEBUG io.smallrye.config - SRCFG01006: Loaded ConfigSource EnvConfigSource with ordinal 300
2025-01-29 13:41:37,855 INFO c.h.h.t.HelmChartContainer - [hivemq-test-hivemq-platform] [hivemq-platform-operator] [75472ea2] 13:41:37.854 [main] DEBUG io.smallrye.config - SRCFG01006: Loaded ConfigSource PropertiesConfigSource[source=jar:file:///opt/hivemq-platform-operator/bin/hivemq-platform-operator.jar!/hivemq-platform-operator.properties] with ordinal 100
2025-01-29 13:41:37,855 INFO c.h.h.t.HelmChartContainer - [hivemq-test-hivemq-platform] [hivemq-platform-operator] [75472ea2] 13:41:37.854 [main] DEBUG io.smallrye.config - SRCFG01006: Loaded ConfigSource DefaultValuesConfigSource with ordinal -2147483648
2025-01-29 13:41:37,952 INFO c.h.h.t.HelmChartContainer - [hivemq-test-hivemq-platform] [hivemq-platform-operator] [75472ea2] 13:41:37.951 [main] DEBUG i.m.c.u.i.l.InternalLoggerFactory - Using SLF4J as the default logging framework
2025-01-29 13:41:38,074 INFO c.h.h.t.HelmChartContainer - [hivemq-test-hivemq-platform] [hivemq-platform-operator] [75472ea2] 13:41:38.063 [main] INFO  c.h.p.o.HiveMQPlatformOperatorApplication - HiveMQ Platform Operator 1.7.0-SNAPSHOT (commit: bebf408 on branch: HEAD) built on Sun Jan 26 20:47:47 UTC 2025
2025-01-29 13:41:38,074 INFO c.h.h.t.HelmChartContainer - [hivemq-test-hivemq-platform] [hivemq-platform-operator] [75472ea2] 13:41:38.072 [main] INFO  c.h.p.o.HiveMQPlatformOperatorApplication - HiveMQ Platform Operator is running in namespace: helmcustomsecretconfigit-operator
2025-01-29 13:41:38,075 INFO c.h.h.t.HelmChartContainer - [hivemq-test-hivemq-platform] [hivemq-platform-operator] [75472ea2] 13:41:38.072 [main] INFO  c.h.p.o.HiveMQPlatformOperatorApplication - Watching all namespaces
2025-01-29 13:41:38,075 INFO c.h.h.t.HelmChartContainer - [hivemq-test-hivemq-platform] [hivemq-platform-operator] [75472ea2] 13:41:38.072 [main] INFO  c.h.p.o.HiveMQPlatformOperatorApplication - Log level: DEBUG
2025-01-29 13:41:38,075 INFO c.h.h.t.HelmChartContainer - [hivemq-test-hivemq-platform] [hivemq-platform-operator] [75472ea2] 13:41:38.072 [main] INFO  c.h.p.o.HiveMQPlatformOperatorApplication - Release name: test-hivemq-platform-operator
2025-01-29 13:41:38,075 INFO c.h.h.t.HelmChartContainer - [hivemq-test-hivemq-platform] [hivemq-platform-operator] [75472ea2] 13:41:38.072 [main] INFO  c.h.p.o.HiveMQPlatformOperatorApplication - HiveMQ Platform Operator Init image: docker.io/hivemq/hivemq-platform-operator-init-test:snapshot
2025-01-29 13:41:38,075 INFO c.h.h.t.HelmChartContainer - [hivemq-test-hivemq-platform] [hivemq-platform-operator] [75472ea2] 13:41:38.072 [main] INFO  c.h.p.o.HiveMQPlatformOperatorApplication - HiveMQ Platform Operator Init App update URL: http://hivemq-platform-operator-test-hivemq-platform-operator.helmcustomsecretconfigit-operator.svc:8080/initAppUpdate/hivemq-platform-operator-init-app-1.7.0-SNAPSHOT.jar
2025-01-29 13:41:38,076 INFO c.h.h.t.HelmChartContainer - [hivemq-test-hivemq-platform] [hivemq-platform-operator] [75472ea2] 13:41:38.072 [main] INFO  c.h.p.o.HiveMQPlatformOperatorApplication - Additional imagePullSecret for all Platform deployments: none
2025-01-29 13:41:38,076 INFO c.h.h.t.HelmChartContainer - [hivemq-test-hivemq-platform] [hivemq-platform-operator] [75472ea2] 13:41:38.072 [main] INFO  c.h.p.o.HiveMQPlatformOperatorApplication - Apply HiveMQ Platform CRD: true
2025-01-29 13:41:38,076 INFO c.h.h.t.HelmChartContainer - [hivemq-test-hivemq-platform] [hivemq-platform-operator] [75472ea2] 13:41:38.072 [main] INFO  c.h.p.o.HiveMQPlatformOperatorApplication - Create Platform ServiceAccount: true
2025-01-29 13:41:38,076 INFO c.h.h.t.HelmChartContainer - [hivemq-test-hivemq-platform] [hivemq-platform-operator] [75472ea2] 13:41:38.073 [main] INFO  c.h.p.o.HiveMQPlatformOperatorApplication - Create Platform ServiceAccount permissions: true
2025-01-29 13:41:38,076 INFO c.h.h.t.HelmChartContainer - [hivemq-test-hivemq-platform] [hivemq-platform-operator] [75472ea2] 13:41:38.073 [main] INFO  c.h.p.o.HiveMQPlatformOperatorApplication - Validate Platform ServiceAccount: true
2025-01-29 13:41:38,076 INFO c.h.h.t.HelmChartContainer - [hivemq-test-hivemq-platform] [hivemq-platform-operator] [75472ea2] 13:41:38.073 [main] INFO  c.h.p.o.HiveMQPlatformOperatorApplication - Validate Platform ServiceAccount permissions: true
2025-01-29 13:41:38,259 INFO c.h.h.t.HelmChartContainer - [hivemq-test-hivemq-platform] [hivemq-platform-operator] [75472ea2] 13:41:38.258 [main] INFO  c.h.platform.operator.util.CRDUtil - Verifying deployed HiveMQ Platform CRD...
2025-01-29 13:41:40,759 INFO c.h.h.t.HelmChartContainer - [hivemq-test-hivemq-platform] [hivemq-platform-operator] [75472ea2] 13:41:40.757 [main] DEBUG c.h.platform.operator.util.CRDUtil - HiveMQ Platform CRD version v1 is up to date
2025-01-29 13:41:40,759 INFO c.h.h.t.HelmChartContainer - [hivemq-test-hivemq-platform] [hivemq-platform-operator] [75472ea2] 13:41:40.757 [main] INFO  c.h.platform.operator.util.CRDUtil - HiveMQ Platform CRD is up to date (version: V1_6_0)
2025-01-29 13:41:40,759 INFO c.h.h.t.HelmChartContainer - [hivemq-test-hivemq-platform] [hivemq-platform-operator] [75472ea2] 13:41:40.757 [main] INFO  c.h.platform.operator.util.CRDUtil - Waiting 10000 ms for HiveMQ Platform CRD 'hivemq-platforms.hivemq.com' to become ready...
2025-01-29 13:41:41,056 INFO c.h.h.t.HelmChartContainer - [hivemq-test-hivemq-platform] [hivemq-platform-operator] [75472ea2] 13:41:41.053 [vert.x-eventloop-thread-1] DEBUG c.h.platform.operator.util.CRDUtil - Checking CRD condition 'NamesAccepted' (status: 'True')
2025-01-29 13:41:41,056 INFO c.h.h.t.HelmChartContainer - [hivemq-test-hivemq-platform] [hivemq-platform-operator] [75472ea2] 13:41:41.054 [vert.x-eventloop-thread-1] DEBUG c.h.platform.operator.util.CRDUtil - Checking CRD condition 'Established' (status: 'True')
2025-01-29 13:41:41,056 INFO c.h.h.t.HelmChartContainer - [hivemq-test-hivemq-platform] [hivemq-platform-operator] [75472ea2] 13:41:41.055 [main] INFO  c.h.platform.operator.util.CRDUtil - HiveMQ Platform CRD 'hivemq-platforms.hivemq.com' is ready
2025-01-29 13:41:41,253 INFO c.h.h.t.HelmChartContainer - [hivemq-test-hivemq-platform] [hivemq-platform-operator] [75472ea2] 13:41:41.252 [main] INFO  c.h.p.o.HiveMQPlatformReconciler - HiveMQ Platform Operator is starting...
2025-01-29 13:41:41,351 INFO c.h.h.t.HelmChartContainer - [hivemq-test-hivemq-platform] [hivemq-platform-operator] [75472ea2] 13:41:41.350 [main] WARN  Default ConfigurationService implementation - Configuration for reconciler 'hivemq-controller' was not found. Known reconcilers: None.
2025-01-29 13:41:41,359 INFO c.h.h.t.HelmChartContainer - [hivemq-test-hivemq-platform] [hivemq-platform-operator] [75472ea2] 13:41:41.358 [main] INFO  Default ConfigurationService implementation - Created configuration for reconciler com.hivemq.platform.operator.HiveMQPlatformReconciler with name hivemq-controller
2025-01-29 13:41:41,462 INFO c.h.h.t.HelmChartContainer - [hivemq-test-hivemq-platform] [hivemq-platform-operator] [75472ea2] 13:41:41.460 [main] DEBUG c.h.p.o.HiveMQPlatformReconciler - HiveMQ Platform Operator is preparing EventSources
2025-01-29 13:41:41,474 INFO c.h.h.t.HelmChartContainer - [hivemq-test-hivemq-platform] [hivemq-platform-operator] [75472ea2] 13:41:41.473 [main] INFO  i.javaoperatorsdk.operator.Operator - Registered reconciler: 'hivemq-controller' for resource: 'class com.hivemq.platform.operator.v1.HiveMQPlatform' for namespace(s): [all namespaces]
2025-01-29 13:41:42,154 INFO c.h.h.t.HelmChartContainer - [hivemq-test-hivemq-platform] [hivemq-platform-operator] [75472ea2] 13:41:42.153 [main] INFO  c.h.p.operator.webserver.JettyServer - Starting Jetty server on port 8080
2025-01-29 13:41:42,254 INFO c.h.h.t.HelmChartContainer - [hivemq-test-hivemq-platform] [hivemq-platform-operator] [75472ea2] 13:41:42.253 [main] INFO  i.javaoperatorsdk.operator.Operator - Operator SDK 4.9.7 (commit: 2133d28) built on Wed Nov 20 12:56:20 UTC 2024 starting...
2025-01-29 13:41:42,254 INFO c.h.h.t.HelmChartContainer - [hivemq-test-hivemq-platform] [hivemq-platform-operator] [75472ea2] 13:41:42.253 [main] INFO  i.javaoperatorsdk.operator.Operator - Client version: 6.13.4
2025-01-29 13:41:42,256 INFO c.h.h.t.HelmChartContainer - [hivemq-test-hivemq-platform] [hivemq-platform-operator] [75472ea2] 13:41:42.255 [Controller Starter for: hivemq-controller] INFO  i.j.operator.processing.Controller - Starting 'hivemq-controller' controller for reconciler: com.hivemq.platform.operator.HiveMQPlatformReconciler, resource: com.hivemq.platform.operator.v1.HiveMQPlatform
2025-01-29 13:41:44,762 INFO c.h.h.t.HelmChartContainer - [hivemq-test-hivemq-platform] [hivemq-platform-operator] [75472ea2] 13:41:44.761 [Controller Starter for: hivemq-controller] INFO  i.j.operator.processing.Controller - 'hivemq-controller' controller started
2025-01-29 13:41:44,851 INFO c.h.h.t.HelmChartContainer - [hivemq-test-hivemq-platform] [hivemq-platform-operator] [75472ea2] 13:41:44.849 [main] INFO  c.h.p.o.HiveMQPlatformOperatorApplication - HiveMQ Platform Operator 1.7.0-SNAPSHOT started in 6786 ms
2025-01-29 13:41:45,648 INFO c.h.h.t.HelmChartContainer - [POD] hivemq-test-hivemq-platform-operator-6966f96d65-lr6mj [75472ea2-511d-4004-881d-baa26141851a] in helmcustomsecretconfigit-operator was MODIFIED
2025-01-29 13:41:45,657 INFO c.h.h.t.HelmChartContainer - [K3S] [replica_set.go:679] "Finished syncing" kind="ReplicaSet" key="helmcustomsecretconfigit-operator/hivemq-test-hivemq-platform-operator-6966f96d65" duration="12.114378ms"
2025-01-29 13:41:45,657 INFO c.h.h.t.HelmChartContainer - [K3S] [replica_set.go:679] "Finished syncing" kind="ReplicaSet" key="helmcustomsecretconfigit-operator/hivemq-test-hivemq-platform-operator-6966f96d65" duration="35.847µs"
2025-01-29 13:41:46,615 DEBUG c.h.h.t.HelmChartContainer - Executing helm command: /bin/helm --kubeconfig /etc/rancher/k3s/k3s.yaml install test-hivemq-platform /charts/hivemq-platform --wait --timeout 5m0s --set image.repository=docker.io/hivemq --set image.tag=4.36.0 --set image.pullPolicy=Never --set nodes.resources.cpu=512m --set config.createAs=Secret --namespace helmcustomsecretconfigit
2025-01-29 13:41:46,952 INFO c.h.h.t.HelmChartContainer - [hivemq-test-hivemq-platform] [hivemq-platform-operator] [75472ea2] 13:41:46.950 [-373097727-pool-1-thread-3] WARN  i.m.p.PrometheusMeterRegistry - The meter (MeterId{name='operator.sdk.events.received', tags=[tag(action=ADDED),tag(event=ResourceEvent),tag(group=hivemq.com),tag(kind=HiveMQPlatform),tag(name=test-hivemq-platform),tag(namespace=helmcustomsecretconfigit),tag(scope=namespace),tag(version=v1)]}) registration has failed: Prometheus requires that all meters with the same name have the same set of tag keys. There is already an existing meter named 'operator.sdk.events.received' containing tag keys [event, group, kind, name, namespace, scope, version]. The meter you are attempting to register has keys [action, event, group, kind, name, namespace, scope, version]. Note that subsequent logs will be logged at debug level.
2025-01-29 13:41:47,441 INFO c.h.h.t.HelmChartContainer - [hivemq-test-hivemq-platform] [hivemq-platform-operator] [75472ea2] 13:41:47.440 [pool-6-thread-3] DEBUG c.h.p.o.dependants.PodInfoConfigMap - [helmcust] Desired PodInfo ConfigMap (1 extensions) (1 enabled)
2025-01-29 13:41:47,442 INFO c.h.h.t.HelmChartContainer - [hivemq-test-hivemq-platform] [hivemq-platform-operator] [75472ea2] 13:41:47.440 [pool-6-thread-3] DEBUG c.h.p.o.dependants.PodInfoConfigMap - [helmcust] Desired PodInfo ConfigMap (metrics port: 9399) (metrics path: /)
2025-01-29 13:41:47,442 INFO c.h.h.t.HelmChartContainer - [hivemq-test-hivemq-platform] [hivemq-platform-operator] [75472ea2] 13:41:47.440 [pool-6-thread-3] DEBUG c.h.p.o.dependants.PodInfoConfigMap - [helmcust] Desired PodInfo ConfigMap (extension state hash: -1817474005)
2025-01-29 13:41:47,451 INFO c.h.h.t.HelmChartContainer - [hivemq-test-hivemq-platform] [hivemq-platform-operator] [75472ea2] 13:41:47.449 [pool-6-thread-3] DEBUG c.h.p.o.dependants.PodInfoConfigMap - [helmcust] Create PodInfo ConfigMap
2025-01-29 13:41:47,637 INFO c.h.h.t.HelmChartContainer - [hivemq-test-hivemq-platform] [hivemq-platform-operator] [75472ea2] 13:41:47.632 [pool-6-thread-5] DEBUG c.h.p.o.dependants.PodRoleResource - [helmcust] Create Role: Role(apiVersion=rbac.authorization.k8s.io/v1, kind=Role, metadata=ObjectMeta(annotations={meta.helm.sh/release-name=test-hivemq-platform, meta.helm.sh/release-namespace=helmcustomsecretconfigit}, creationTimestamp=null, deletionGracePeriodSeconds=null, deletionTimestamp=null, finalizers=[], generateName=null, generation=null, labels={helm.sh/chart=hivemq-platform-0.2.32, app.kubernetes.io/managed-by=Helm, app.kubernetes.io/name=hivemq-platform, hivemq-platform=test-hivemq-platform, app.kubernetes.io/instance=test-hivemq-platform, app.kubernetes.io/version=4.36.0}, managedFields=[], name=hivemq-platform-role-test-hivemq-platform, namespace=helmcustomsecretconfigit, ownerReferences=[OwnerReference(apiVersion=hivemq.com/v1, blockOwnerDeletion=null, controller=null, kind=HiveMQPlatform, name=test-hivemq-platform, uid=423d34de-a4e8-4b8d-a598-1b44605a0c46, additionalProperties={})], resourceVersion=null, selfLink=null, uid=null, additionalProperties={}), rules=[PolicyRule(apiGroups=[], nonResourceURLs=[], resourceNames=[], resources=[pods], verbs=[get, patch, update], additionalProperties={})], additionalProperties={})
2025-01-29 13:41:47,738 INFO c.h.h.t.HelmChartContainer - [hivemq-test-hivemq-platform] [hivemq-platform-operator] [75472ea2] 13:41:47.734 [pool-6-thread-7] DEBUG c.h.p.o.d.PodServiceAccountResource - [helmcust] Desired PodServiceAccountResource (serviceAccountName: hivemq-platform-pod-test-hivemq-platform)
2025-01-29 13:41:47,738 INFO c.h.h.t.HelmChartContainer - [hivemq-test-hivemq-platform] [hivemq-platform-operator] [75472ea2] 13:41:47.735 [pool-6-thread-7] DEBUG c.h.p.o.d.PodServiceAccountResource - [helmcust] Create ServiceAccount 'hivemq-platform-pod-test-hivemq-platform'
2025-01-29 13:41:47,843 INFO c.h.h.t.HelmChartContainer - [hivemq-test-hivemq-platform] [hivemq-platform-operator] [75472ea2] 13:41:47.842 [pool-6-thread-10] DEBUG c.h.p.o.d.PodRoleBindingResource - [helmcust] Create RoleBinding: RoleBinding(apiVersion=rbac.authorization.k8s.io/v1, kind=RoleBinding, metadata=ObjectMeta(annotations={meta.helm.sh/release-name=test-hivemq-platform, meta.helm.sh/release-namespace=helmcustomsecretconfigit}, creationTimestamp=null, deletionGracePeriodSeconds=null, deletionTimestamp=null, finalizers=[], generateName=null, generation=null, labels={helm.sh/chart=hivemq-platform-0.2.32, app.kubernetes.io/managed-by=Helm, app.kubernetes.io/name=hivemq-platform, hivemq-platform=test-hivemq-platform, app.kubernetes.io/instance=test-hivemq-platform, app.kubernetes.io/version=4.36.0}, managedFields=[], name=hivemq-platform-role-binding-test-hivemq-platform, namespace=helmcustomsecretconfigit, ownerReferences=[OwnerReference(apiVersion=hivemq.com/v1, blockOwnerDeletion=null, controller=null, kind=HiveMQPlatform, name=test-hivemq-platform, uid=423d34de-a4e8-4b8d-a598-1b44605a0c46, additionalProperties={})], resourceVersion=null, selfLink=null, uid=null, additionalProperties={}), roleRef=RoleRef(apiGroup=rbac.authorization.k8s.io, kind=Role, name=hivemq-platform-role-test-hivemq-platform, additionalProperties={}), subjects=[Subject(apiGroup=null, kind=ServiceAccount, name=hivemq-platform-pod-test-hivemq-platform, namespace=helmcustomsecretconfigit, additionalProperties={})], additionalProperties={})
2025-01-29 13:41:47,936 INFO c.h.h.t.HelmChartContainer - [hivemq-test-hivemq-platform] [hivemq-platform-operator] [75472ea2] 13:41:47.935 [ReconcilerExecutor-hivemq-controller-53] INFO  c.h.p.o.HiveMQPlatformReconciler - [helmcust] Reconciling HiveMQ Platform 'test-hivemq-platform' in namespace 'helmcustomsecretconfigit'
2025-01-29 13:41:47,937 INFO c.h.h.t.HelmChartContainer - [hivemq-test-hivemq-platform] [hivemq-platform-operator] [75472ea2] 13:41:47.935 [ReconcilerExecutor-hivemq-controller-53] DEBUG c.h.p.o.HiveMQPlatformReconciler - [helmcust] Custom Resource Status CREATED - HiveMQ Platform was created (READY)
2025-01-29 13:41:47,937 INFO c.h.h.t.HelmChartContainer - [hivemq-test-hivemq-platform] [hivemq-platform-operator] [75472ea2] 13:41:47.935 [ReconcilerExecutor-hivemq-controller-53] DEBUG c.h.p.o.HiveMQPlatformReconciler - [helmcust] Custom Resource Spec (replicas: 2) (extensions: 1)
2025-01-29 13:41:47,943 INFO c.h.h.t.HelmChartContainer - [hivemq-test-hivemq-platform] [hivemq-platform-operator] [75472ea2] 13:41:47.940 [ReconcilerExecutor-hivemq-controller-53] INFO  c.h.p.o.h.HiveMQPlatformReconcilerBaseHandler - [helmcust] HiveMQ Platform is starting
2025-01-29 13:41:48,054 INFO c.h.h.t.HelmChartContainer - [hivemq-test-hivemq-platform] [hivemq-platform-operator] [75472ea2] 13:41:48.053 [ReconcilerExecutor-hivemq-controller-53] DEBUG c.h.p.operator.event.EventSender - [helmcust] Creating K8s event hivemq-platform-starting: [Start] HiveMQ Platform is starting
2025-01-29 13:41:48,140 INFO c.h.h.t.HelmChartContainer - [EVENT] Normal [Start] HiveMQ Platform is starting [helmcustomsecretconfigit:test-hivemq-platform]
2025-01-29 13:41:48,145 INFO c.h.h.t.HelmChartContainer - [hivemq-test-hivemq-platform] [hivemq-platform-operator] [75472ea2] 13:41:48.144 [ReconcilerExecutor-hivemq-controller-53] INFO  c.h.p.o.h.AbstractHiveMQReconcilerStateHandler - [helmcust] Update HiveMQ Platform Status (CREATED [READY] -> STARTING [READY]): HiveMQ Platform is starting
2025-01-29 13:41:48,159 DEBUG com.hivemq.helmcharts.util.K8sUtil - Comparing actual state 'STARTING' and waiting for 'RUNNING'
2025-01-29 13:41:58,243 INFO c.h.h.t.HelmChartContainer - [hivemq-test-hivemq-platform] [hivemq-platform-operator] [75472ea2] 13:41:58.241 [pool-6-thread-12] DEBUG c.h.p.o.d.PlatformServiceResource - [helmcust] Desired Platform services (3 services)
2025-01-29 13:41:58,244 INFO c.h.h.t.HelmChartContainer - [hivemq-test-hivemq-platform] [hivemq-platform-operator] [75472ea2] 13:41:58.242 [pool-6-thread-13] DEBUG c.h.p.o.dependants.PodInfoConfigMap - [helmcust] Desired PodInfo ConfigMap (1 extensions) (1 enabled)
2025-01-29 13:41:58,249 INFO c.h.h.t.HelmChartContainer - [hivemq-test-hivemq-platform] [hivemq-platform-operator] [75472ea2] 13:41:58.247 [pool-6-thread-17] DEBUG c.h.p.o.d.PodServiceAccountResource - [helmcust] Desired PodServiceAccountResource (serviceAccountName: hivemq-platform-pod-test-hivemq-platform)
2025-01-29 13:41:58,251 INFO c.h.h.t.HelmChartContainer - [hivemq-test-hivemq-platform] [hivemq-platform-operator] [75472ea2] 13:41:58.249 [pool-6-thread-13] DEBUG c.h.p.o.dependants.PodInfoConfigMap - [helmcust] Desired PodInfo ConfigMap (metrics port: 9399) (metrics path: /)
2025-01-29 13:41:58,251 INFO c.h.h.t.HelmChartContainer - [hivemq-test-hivemq-platform] [hivemq-platform-operator] [75472ea2] 13:41:58.250 [pool-6-thread-13] DEBUG c.h.p.o.dependants.PodInfoConfigMap - [helmcust] Desired PodInfo ConfigMap (extension state hash: -1817474005)
2025-01-29 13:41:58,254 INFO c.h.h.t.HelmChartContainer - [hivemq-test-hivemq-platform] [hivemq-platform-operator] [75472ea2] 13:41:58.254 [pool-6-thread-13] DEBUG c.h.p.o.dependants.PodInfoConfigMap - [helmcust] Update PodInfo ConfigMap
2025-01-29 13:41:58,260 INFO c.h.h.t.HelmChartContainer - [K3S] [alloc.go:330] "allocated clusterIPs" service="helmcustomsecretconfigit/hivemq-test-hivemq-platform-cc-8080" clusterIPs={"IPv4":"10.43.238.11"}
2025-01-29 13:41:58,348 INFO c.h.h.t.HelmChartContainer - [K3S] [alloc.go:330] "allocated clusterIPs" service="helmcustomsecretconfigit/hivemq-test-hivemq-platform-metrics-9399" clusterIPs={"IPv4":"10.43.200.23"}
2025-01-29 13:41:58,442 INFO c.h.h.t.HelmChartContainer - [K3S] [alloc.go:330] "allocated clusterIPs" service="helmcustomsecretconfigit/hivemq-test-hivemq-platform-mqtt-1883" clusterIPs={"IPv4":"10.43.208.168"}
2025-01-29 13:41:58,448 INFO c.h.h.t.HelmChartContainer - [hivemq-test-hivemq-platform] [hivemq-platform-operator] [75472ea2] 13:41:58.447 [pool-6-thread-20] DEBUG c.h.p.o.d.StatefulSetResource - [helmcust] Desired StatefulSet (2 replicas) for status STARTING (READY)
2025-01-29 13:41:58,547 INFO c.h.h.t.HelmChartContainer - [hivemq-test-hivemq-platform] [hivemq-platform-operator] [75472ea2] 13:41:58.541 [pool-6-thread-20] DEBUG c.h.p.o.d.StatefulSetResource - [helmcust] Create StatefulSet
2025-01-29 13:41:58,659 INFO c.h.h.t.HelmChartContainer - [POD] test-hivemq-platform-0 [210755fe-2b9b-4b25-a7b2-33a4136ab2c9] in helmcustomsecretconfigit was ADDED
2025-01-29 13:41:58,660 INFO c.h.h.t.HelmChartContainer - [EVENT] Normal [SuccessfulCreate] create Pod test-hivemq-platform-0 in StatefulSet test-hivemq-platform successful [helmcustomsecretconfigit:test-hivemq-platform]
2025-01-29 13:41:58,664 INFO c.h.h.t.HelmChartContainer - [POD] test-hivemq-platform-0 [210755fe-2b9b-4b25-a7b2-33a4136ab2c9] in helmcustomsecretconfigit was MODIFIED
2025-01-29 13:41:58,666 INFO c.h.h.t.HelmChartContainer - [EVENT] Normal [Scheduled] Successfully assigned helmcustomsecretconfigit/test-hivemq-platform-0 to 83e4a3cb5001 [helmcustomsecretconfigit:test-hivemq-platform-0]
2025-01-29 13:41:58,676 INFO c.h.h.t.HelmChartContainer - [POD] test-hivemq-platform-0 [210755fe-2b9b-4b25-a7b2-33a4136ab2c9] in helmcustomsecretconfigit was MODIFIED
2025-01-29 13:41:58,730 INFO c.h.h.t.HelmChartContainer - [K3S] [reconciler_common.go:251] "operationExecutor.VerifyControllerAttachedVolume started for volume \"pod-info\" (UniqueName: \"kubernetes.io/configmap/210755fe-2b9b-4b25-a7b2-33a4136ab2c9-pod-info\") pod \"test-hivemq-platform-0\" (UID: \"210755fe-2b9b-4b25-a7b2-33a4136ab2c9\") " pod="helmcustomsecretconfigit/test-hivemq-platform-0"
2025-01-29 13:41:58,730 INFO c.h.h.t.HelmChartContainer - [K3S] [reconciler_common.go:251] "operationExecutor.VerifyControllerAttachedVolume started for volume \"broker-configuration\" (UniqueName: \"kubernetes.io/secret/210755fe-2b9b-4b25-a7b2-33a4136ab2c9-broker-configuration\") pod \"test-hivemq-platform-0\" (UID: \"210755fe-2b9b-4b25-a7b2-33a4136ab2c9\") " pod="helmcustomsecretconfigit/test-hivemq-platform-0"
2025-01-29 13:41:58,730 INFO c.h.h.t.HelmChartContainer - [K3S] [reconciler_common.go:251] "operationExecutor.VerifyControllerAttachedVolume started for volume \"operator-init\" (UniqueName: \"kubernetes.io/empty-dir/210755fe-2b9b-4b25-a7b2-33a4136ab2c9-operator-init\") pod \"test-hivemq-platform-0\" (UID: \"210755fe-2b9b-4b25-a7b2-33a4136ab2c9\") " pod="helmcustomsecretconfigit/test-hivemq-platform-0"
2025-01-29 13:41:58,731 INFO c.h.h.t.HelmChartContainer - [K3S] [reconciler_common.go:251] "operationExecutor.VerifyControllerAttachedVolume started for volume \"kube-api-access-kztwv\" (UniqueName: \"kubernetes.io/projected/210755fe-2b9b-4b25-a7b2-33a4136ab2c9-kube-api-access-kztwv\") pod \"test-hivemq-platform-0\" (UID: \"210755fe-2b9b-4b25-a7b2-33a4136ab2c9\") " pod="helmcustomsecretconfigit/test-hivemq-platform-0"
2025-01-29 13:41:58,744 INFO c.h.h.t.HelmChartContainer - [hivemq-test-hivemq-platform] [hivemq-platform-operator] [75472ea2] 13:41:58.743 [ReconcilerExecutor-hivemq-controller-64] INFO  c.h.p.o.HiveMQPlatformReconciler - [helmcust] Reconciling HiveMQ Platform 'test-hivemq-platform' in namespace 'helmcustomsecretconfigit'
2025-01-29 13:41:58,746 INFO c.h.h.t.HelmChartContainer - [hivemq-test-hivemq-platform] [hivemq-platform-operator] [75472ea2] 13:41:58.745 [ReconcilerExecutor-hivemq-controller-64] DEBUG c.h.p.o.HiveMQPlatformReconciler - [helmcust] Custom Resource Status STARTING - HiveMQ Platform is starting (READY)
2025-01-29 13:41:58,750 INFO c.h.h.t.HelmChartContainer - [hivemq-test-hivemq-platform] [hivemq-platform-operator] [75472ea2] 13:41:58.748 [ReconcilerExecutor-hivemq-controller-64] DEBUG c.h.p.o.HiveMQPlatformReconciler - [helmcust] Custom Resource Spec (replicas: 2) (extensions: 1)
2025-01-29 13:41:58,753 INFO c.h.h.t.HelmChartContainer - [hivemq-test-hivemq-platform] [hivemq-platform-operator] [75472ea2] 13:41:58.752 [ReconcilerExecutor-hivemq-controller-64] DEBUG c.h.p.o.HiveMQPlatformReconciler - [helmcust] StatefulSet Status (revision: test-hivemq-platform-7f5cbb4b76, replicas: 1, available: 0, ready: 0, current: 1, updated: 1)
2025-01-29 13:41:58,754 INFO c.h.h.t.HelmChartContainer - [hivemq-test-hivemq-platform] [hivemq-platform-operator] [75472ea2] 13:41:58.752 [ReconcilerExecutor-hivemq-controller-64] DEBUG c.h.p.o.HiveMQPlatformReconciler - [helmcust] StatefulSet Spec (replicas: 2, init containers: 1, containers: 1, volumes: 3)
2025-01-29 13:41:58,843 INFO c.h.h.t.HelmChartContainer - [hivemq-test-hivemq-platform] [hivemq-platform-operator] [75472ea2] 13:41:58.842 [ReconcilerExecutor-hivemq-controller-64] DEBUG c.h.p.o.h.HiveMQPlatformReconcilerErrorHandler - [helmcust] Pod 'test-hivemq-platform-0' phase Pending
2025-01-29 13:41:58,845 INFO c.h.h.t.HelmChartContainer - [hivemq-test-hivemq-platform] [hivemq-platform-operator] [75472ea2] 13:41:58.843 [ReconcilerExecutor-hivemq-controller-64] DEBUG c.h.p.o.h.HiveMQPlatformReconcilerErrorHandler - [helmcust] Pod 'test-hivemq-platform-0' condition 'PodReadyToStartContainers': False
2025-01-29 13:41:58,846 INFO c.h.h.t.HelmChartContainer - [hivemq-test-hivemq-platform] [hivemq-platform-operator] [75472ea2] 13:41:58.844 [ReconcilerExecutor-hivemq-controller-64] DEBUG c.h.p.o.h.HiveMQPlatformReconcilerErrorHandler - [helmcust] Pod 'test-hivemq-platform-0' condition 'Initialized': False
2025-01-29 13:41:58,846 INFO c.h.h.t.HelmChartContainer - [hivemq-test-hivemq-platform] [hivemq-platform-operator] [75472ea2] 13:41:58.844 [ReconcilerExecutor-hivemq-controller-64] DEBUG c.h.p.o.h.HiveMQPlatformReconcilerErrorHandler - [helmcust] Pod 'test-hivemq-platform-0' condition 'Ready': False
2025-01-29 13:41:58,846 INFO c.h.h.t.HelmChartContainer - [hivemq-test-hivemq-platform] [hivemq-platform-operator] [75472ea2] 13:41:58.844 [ReconcilerExecutor-hivemq-controller-64] DEBUG c.h.p.o.h.HiveMQPlatformReconcilerErrorHandler - [helmcust] Pod 'test-hivemq-platform-0' condition 'ContainersReady': False
2025-01-29 13:41:58,846 INFO c.h.h.t.HelmChartContainer - [hivemq-test-hivemq-platform] [hivemq-platform-operator] [75472ea2] 13:41:58.844 [ReconcilerExecutor-hivemq-controller-64] DEBUG c.h.p.o.h.HiveMQPlatformReconcilerErrorHandler - [helmcust] Pod 'test-hivemq-platform-0' condition 'PodScheduled': True
2025-01-29 13:41:58,846 INFO c.h.h.t.HelmChartContainer - [hivemq-test-hivemq-platform] [hivemq-platform-operator] [75472ea2] 13:41:58.844 [ReconcilerExecutor-hivemq-controller-64] DEBUG c.h.p.o.h.HiveMQPlatformReconcilerErrorHandler - [helmcust] Pod 'test-hivemq-platform-0' containerStatus 'hivemq' (started: false) (ready: false) (waiting: [PodInitializing] null)
2025-01-29 13:41:58,850 INFO c.h.h.t.HelmChartContainer - [hivemq-test-hivemq-platform] [hivemq-platform-operator] [75472ea2] 13:41:58.849 [ReconcilerExecutor-hivemq-controller-64] INFO  c.h.p.o.h.HiveMQPlatformReconcilerBaseHandler - [helmcust] HiveMQ Platform is starting, 0 of 2 replicas are ready
2025-01-29 13:41:58,855 INFO c.h.h.t.HelmChartContainer - [hivemq-test-hivemq-platform] [hivemq-platform-operator] [75472ea2] 13:41:58.854 [pool-6-thread-23] DEBUG c.h.p.o.dependants.PodInfoConfigMap - [helmcust] Desired PodInfo ConfigMap (1 extensions) (1 enabled)
2025-01-29 13:41:58,855 INFO c.h.h.t.HelmChartContainer - [hivemq-test-hivemq-platform] [hivemq-platform-operator] [75472ea2] 13:41:58.854 [pool-6-thread-23] DEBUG c.h.p.o.dependants.PodInfoConfigMap - [helmcust] Desired PodInfo ConfigMap (metrics port: 9399) (metrics path: /)
2025-01-29 13:41:58,855 INFO c.h.h.t.HelmChartContainer - [hivemq-test-hivemq-platform] [hivemq-platform-operator] [75472ea2] 13:41:58.854 [pool-6-thread-23] DEBUG c.h.p.o.dependants.PodInfoConfigMap - [helmcust] Desired PodInfo ConfigMap (extension state hash: -1817474005)
2025-01-29 13:41:58,935 INFO c.h.h.t.HelmChartContainer - [hivemq-test-hivemq-platform] [hivemq-platform-operator] [75472ea2] 13:41:58.932 [pool-6-thread-22] DEBUG c.h.p.o.d.PlatformServiceResource - [helmcust] Desired Platform services (3 services)
2025-01-29 13:41:58,941 INFO c.h.h.t.HelmChartContainer - [hivemq-test-hivemq-platform] [hivemq-platform-operator] [75472ea2] 13:41:58.939 [pool-6-thread-27] DEBUG c.h.p.o.d.PodServiceAccountResource - [helmcust] Desired PodServiceAccountResource (serviceAccountName: hivemq-platform-pod-test-hivemq-platform)
2025-01-29 13:41:58,954 INFO c.h.h.t.HelmChartContainer - [hivemq-test-hivemq-platform] [hivemq-platform-operator] [75472ea2] 13:41:58.953 [pool-6-thread-30] DEBUG c.h.p.o.d.StatefulSetResource - [helmcust] Desired StatefulSet (2 replicas) for status STARTING (READY)
2025-01-29 13:41:59,039 INFO c.h.h.t.HelmChartContainer - [hivemq-test-hivemq-platform] [hivemq-platform-operator] [75472ea2] 13:41:59.037 [ReconcilerExecutor-hivemq-controller-75] INFO  c.h.p.o.HiveMQPlatformReconciler - [helmcust] Reconciling HiveMQ Platform 'test-hivemq-platform' in namespace 'helmcustomsecretconfigit'
2025-01-29 13:41:59,039 INFO c.h.h.t.HelmChartContainer - [hivemq-test-hivemq-platform] [hivemq-platform-operator] [75472ea2] 13:41:59.037 [ReconcilerExecutor-hivemq-controller-75] DEBUG c.h.p.o.HiveMQPlatformReconciler - [helmcust] Custom Resource Status STARTING - HiveMQ Platform is starting (READY)
2025-01-29 13:41:59,039 INFO c.h.h.t.HelmChartContainer - [hivemq-test-hivemq-platform] [hivemq-platform-operator] [75472ea2] 13:41:59.037 [ReconcilerExecutor-hivemq-controller-75] DEBUG c.h.p.o.HiveMQPlatformReconciler - [helmcust] Custom Resource Spec (replicas: 2) (extensions: 1)
2025-01-29 13:41:59,043 INFO c.h.h.t.HelmChartContainer - [hivemq-test-hivemq-platform] [hivemq-platform-operator] [75472ea2] 13:41:59.042 [ReconcilerExecutor-hivemq-controller-75] DEBUG c.h.p.o.HiveMQPlatformReconciler - [helmcust] StatefulSet Status (revision: test-hivemq-platform-7f5cbb4b76, replicas: 1, available: 0, ready: 0, current: 1, updated: 1)
2025-01-29 13:41:59,045 INFO c.h.h.t.HelmChartContainer - [hivemq-test-hivemq-platform] [hivemq-platform-operator] [75472ea2] 13:41:59.042 [ReconcilerExecutor-hivemq-controller-75] DEBUG c.h.p.o.HiveMQPlatformReconciler - [helmcust] StatefulSet Spec (replicas: 2, init containers: 1, containers: 1, volumes: 3)
2025-01-29 13:41:59,046 INFO c.h.h.t.HelmChartContainer - [hivemq-test-hivemq-platform] [hivemq-platform-operator] [75472ea2] 13:41:59.044 [ReconcilerExecutor-hivemq-controller-75] DEBUG c.h.p.o.h.HiveMQPlatformReconcilerErrorHandler - [helmcust] Pod 'test-hivemq-platform-0' phase Pending
2025-01-29 13:41:59,046 INFO c.h.h.t.HelmChartContainer - [hivemq-test-hivemq-platform] [hivemq-platform-operator] [75472ea2] 13:41:59.045 [ReconcilerExecutor-hivemq-controller-75] DEBUG c.h.p.o.h.HiveMQPlatformReconcilerErrorHandler - [helmcust] Pod 'test-hivemq-platform-0' condition 'PodReadyToStartContainers': False
2025-01-29 13:41:59,046 INFO c.h.h.t.HelmChartContainer - [hivemq-test-hivemq-platform] [hivemq-platform-operator] [75472ea2] 13:41:59.045 [ReconcilerExecutor-hivemq-controller-75] DEBUG c.h.p.o.h.HiveMQPlatformReconcilerErrorHandler - [helmcust] Pod 'test-hivemq-platform-0' condition 'Initialized': False
2025-01-29 13:41:59,046 INFO c.h.h.t.HelmChartContainer - [hivemq-test-hivemq-platform] [hivemq-platform-operator] [75472ea2] 13:41:59.045 [ReconcilerExecutor-hivemq-controller-75] DEBUG c.h.p.o.h.HiveMQPlatformReconcilerErrorHandler - [helmcust] Pod 'test-hivemq-platform-0' condition 'Ready': False
2025-01-29 13:41:59,046 INFO c.h.h.t.HelmChartContainer - [hivemq-test-hivemq-platform] [hivemq-platform-operator] [75472ea2] 13:41:59.045 [ReconcilerExecutor-hivemq-controller-75] DEBUG c.h.p.o.h.HiveMQPlatformReconcilerErrorHandler - [helmcust] Pod 'test-hivemq-platform-0' condition 'ContainersReady': False
2025-01-29 13:41:59,046 INFO c.h.h.t.HelmChartContainer - [hivemq-test-hivemq-platform] [hivemq-platform-operator] [75472ea2] 13:41:59.045 [ReconcilerExecutor-hivemq-controller-75] DEBUG c.h.p.o.h.HiveMQPlatformReconcilerErrorHandler - [helmcust] Pod 'test-hivemq-platform-0' condition 'PodScheduled': True
2025-01-29 13:41:59,046 INFO c.h.h.t.HelmChartContainer - [hivemq-test-hivemq-platform] [hivemq-platform-operator] [75472ea2] 13:41:59.045 [ReconcilerExecutor-hivemq-controller-75] DEBUG c.h.p.o.h.HiveMQPlatformReconcilerErrorHandler - [helmcust] Pod 'test-hivemq-platform-0' containerStatus 'hivemq' (started: false) (ready: false) (waiting: [PodInitializing] null)
2025-01-29 13:41:59,048 INFO c.h.h.t.HelmChartContainer - [hivemq-test-hivemq-platform] [hivemq-platform-operator] [75472ea2] 13:41:59.047 [ReconcilerExecutor-hivemq-controller-75] INFO  c.h.p.o.h.HiveMQPlatformReconcilerBaseHandler - [helmcust] HiveMQ Platform is starting, 0 of 2 replicas are ready
2025-01-29 13:41:59,061 INFO c.h.h.t.HelmChartContainer - [EVENT] Normal [Pulled] Container image "docker.io/hivemq/hivemq-platform-operator-init-test:snapshot" already present on machine [helmcustomsecretconfigit:test-hivemq-platform-0]
2025-01-29 13:41:59,174 INFO c.h.h.t.HelmChartContainer - [EVENT] Normal [Created] Created container: hivemq-platform-operator-init [helmcustomsecretconfigit:test-hivemq-platform-0]
2025-01-29 13:41:59,207 INFO c.h.h.t.HelmChartContainer - [EVENT] Normal [Started] Started container hivemq-platform-operator-init [helmcustomsecretconfigit:test-hivemq-platform-0]
2025-01-29 13:41:59,674 INFO c.h.h.t.HelmChartContainer - [POD] test-hivemq-platform-0 [210755fe-2b9b-4b25-a7b2-33a4136ab2c9] in helmcustomsecretconfigit was MODIFIED
2025-01-29 13:41:59,689 INFO c.h.h.t.HelmChartContainer - [hivemq-test-hivemq-platform] [hivemq-platform-operator] [75472ea2] 13:41:59.684 [pool-6-thread-32] DEBUG c.h.p.o.d.PlatformServiceResource - [helmcust] Desired Platform services (3 services)
2025-01-29 13:41:59,694 INFO c.h.h.t.HelmChartContainer - [hivemq-test-hivemq-platform] [hivemq-platform-operator] [75472ea2] 13:41:59.688 [pool-6-thread-33] DEBUG c.h.p.o.dependants.PodInfoConfigMap - [helmcust] Desired PodInfo ConfigMap (1 extensions) (1 enabled)
2025-01-29 13:41:59,694 INFO c.h.h.t.HelmChartContainer - [hivemq-test-hivemq-platform] [hivemq-platform-operator] [75472ea2] 13:41:59.688 [pool-6-thread-33] DEBUG c.h.p.o.dependants.PodInfoConfigMap - [helmcust] Desired PodInfo ConfigMap (metrics port: 9399) (metrics path: /)
2025-01-29 13:41:59,694 INFO c.h.h.t.HelmChartContainer - [hivemq-test-hivemq-platform] [hivemq-platform-operator] [75472ea2] 13:41:59.688 [pool-6-thread-33] DEBUG c.h.p.o.dependants.PodInfoConfigMap - [helmcust] Desired PodInfo ConfigMap (extension state hash: -1817474005)
2025-01-29 13:41:59,701 INFO c.h.h.t.HelmChartContainer - [hivemq-test-hivemq-platform] [hivemq-platform-operator] [75472ea2] 13:41:59.698 [pool-6-thread-37] DEBUG c.h.p.o.d.PodServiceAccountResource - [helmcust] Desired PodServiceAccountResource (serviceAccountName: hivemq-platform-pod-test-hivemq-platform)
2025-01-29 13:41:59,706 INFO c.h.h.t.HelmChartContainer - [hivemq-test-hivemq-platform] [hivemq-platform-operator] [75472ea2] 13:41:59.705 [pool-6-thread-40] DEBUG c.h.p.o.d.StatefulSetResource - [helmcust] Desired StatefulSet (2 replicas) for status STARTING (READY)
2025-01-29 13:41:59,754 INFO c.h.h.t.HelmChartContainer - [hivemq-test-hivemq-platform] [hivemq-platform-operator] [75472ea2] 13:41:59.752 [ReconcilerExecutor-hivemq-controller-86] INFO  c.h.p.o.HiveMQPlatformReconciler - [helmcust] Reconciling HiveMQ Platform 'test-hivemq-platform' in namespace 'helmcustomsecretconfigit'
2025-01-29 13:41:59,755 INFO c.h.h.t.HelmChartContainer - [hivemq-test-hivemq-platform] [hivemq-platform-operator] [75472ea2] 13:41:59.752 [ReconcilerExecutor-hivemq-controller-86] DEBUG c.h.p.o.HiveMQPlatformReconciler - [helmcust] Custom Resource Status STARTING - HiveMQ Platform is starting (READY)
2025-01-29 13:41:59,755 INFO c.h.h.t.HelmChartContainer - [hivemq-test-hivemq-platform] [hivemq-platform-operator] [75472ea2] 13:41:59.752 [ReconcilerExecutor-hivemq-controller-86] DEBUG c.h.p.o.HiveMQPlatformReconciler - [helmcust] Custom Resource Spec (replicas: 2) (extensions: 1)
2025-01-29 13:41:59,756 INFO c.h.h.t.HelmChartContainer - [hivemq-test-hivemq-platform] [hivemq-platform-operator] [75472ea2] 13:41:59.755 [ReconcilerExecutor-hivemq-controller-86] DEBUG c.h.p.o.HiveMQPlatformReconciler - [helmcust] StatefulSet Status (revision: test-hivemq-platform-7f5cbb4b76, replicas: 1, available: 0, ready: 0, current: 1, updated: 1)
2025-01-29 13:41:59,756 INFO c.h.h.t.HelmChartContainer - [hivemq-test-hivemq-platform] [hivemq-platform-operator] [75472ea2] 13:41:59.755 [ReconcilerExecutor-hivemq-controller-86] DEBUG c.h.p.o.HiveMQPlatformReconciler - [helmcust] StatefulSet Spec (replicas: 2, init containers: 1, containers: 1, volumes: 3)
2025-01-29 13:41:59,760 INFO c.h.h.t.HelmChartContainer - [hivemq-test-hivemq-platform] [hivemq-platform-operator] [75472ea2] 13:41:59.759 [ReconcilerExecutor-hivemq-controller-86] DEBUG c.h.p.o.h.HiveMQPlatformReconcilerErrorHandler - [helmcust] Pod 'test-hivemq-platform-0' phase Pending
2025-01-29 13:41:59,761 INFO c.h.h.t.HelmChartContainer - [hivemq-test-hivemq-platform] [hivemq-platform-operator] [75472ea2] 13:41:59.759 [ReconcilerExecutor-hivemq-controller-86] DEBUG c.h.p.o.h.HiveMQPlatformReconcilerErrorHandler - [helmcust] Pod 'test-hivemq-platform-0' condition 'PodReadyToStartContainers': True
2025-01-29 13:41:59,761 INFO c.h.h.t.HelmChartContainer - [hivemq-test-hivemq-platform] [hivemq-platform-operator] [75472ea2] 13:41:59.759 [ReconcilerExecutor-hivemq-controller-86] DEBUG c.h.p.o.h.HiveMQPlatformReconcilerErrorHandler - [helmcust] Pod 'test-hivemq-platform-0' condition 'Initialized': False
2025-01-29 13:41:59,761 INFO c.h.h.t.HelmChartContainer - [hivemq-test-hivemq-platform] [hivemq-platform-operator] [75472ea2] 13:41:59.759 [ReconcilerExecutor-hivemq-controller-86] DEBUG c.h.p.o.h.HiveMQPlatformReconcilerErrorHandler - [helmcust] Pod 'test-hivemq-platform-0' condition 'Ready': False
2025-01-29 13:41:59,761 INFO c.h.h.t.HelmChartContainer - [hivemq-test-hivemq-platform] [hivemq-platform-operator] [75472ea2] 13:41:59.759 [ReconcilerExecutor-hivemq-controller-86] DEBUG c.h.p.o.h.HiveMQPlatformReconcilerErrorHandler - [helmcust] Pod 'test-hivemq-platform-0' condition 'ContainersReady': False
2025-01-29 13:41:59,761 INFO c.h.h.t.HelmChartContainer - [hivemq-test-hivemq-platform] [hivemq-platform-operator] [75472ea2] 13:41:59.759 [ReconcilerExecutor-hivemq-controller-86] DEBUG c.h.p.o.h.HiveMQPlatformReconcilerErrorHandler - [helmcust] Pod 'test-hivemq-platform-0' condition 'PodScheduled': True
2025-01-29 13:41:59,761 INFO c.h.h.t.HelmChartContainer - [hivemq-test-hivemq-platform] [hivemq-platform-operator] [75472ea2] 13:41:59.759 [ReconcilerExecutor-hivemq-controller-86] DEBUG c.h.p.o.h.HiveMQPlatformReconcilerErrorHandler - [helmcust] Pod 'test-hivemq-platform-0' containerStatus 'hivemq' (started: false) (ready: false) (waiting: [PodInitializing] null)
2025-01-29 13:41:59,761 INFO c.h.h.t.HelmChartContainer - [hivemq-test-hivemq-platform] [hivemq-platform-operator] [75472ea2] 13:41:59.760 [ReconcilerExecutor-hivemq-controller-86] INFO  c.h.p.o.h.HiveMQPlatformReconcilerBaseHandler - [helmcust] HiveMQ Platform is starting, 0 of 2 replicas are ready
2025-01-29 13:42:00,669 INFO c.h.h.t.HelmChartContainer - [EVENT] Normal [Pulled] Container image "docker.io/hivemq/hivemq4:4.36.0" already present on machine [helmcustomsecretconfigit:test-hivemq-platform-0]
2025-01-29 13:42:00,669 INFO c.h.h.t.HelmChartContainer - Received Pulled event for container hivemq in pod test-hivemq-platform-0 [210755fe-2b9b-4b25-a7b2-33a4136ab2c9]
2025-01-29 13:42:00,682 INFO c.h.h.t.HelmChartContainer - [POD] test-hivemq-platform-0 [210755fe-2b9b-4b25-a7b2-33a4136ab2c9] in helmcustomsecretconfigit was MODIFIED
2025-01-29 13:42:00,690 INFO c.h.h.t.HelmChartContainer - [hivemq-test-hivemq-platform] [hivemq-platform-operator] [75472ea2] 13:42:00.687 [pool-6-thread-42] DEBUG c.h.p.o.d.PlatformServiceResource - [helmcust] Desired Platform services (3 services)
2025-01-29 13:42:00,691 INFO c.h.h.t.HelmChartContainer - [hivemq-test-hivemq-platform] [hivemq-platform-operator] [75472ea2] 13:42:00.689 [pool-6-thread-43] DEBUG c.h.p.o.dependants.PodInfoConfigMap - [helmcust] Desired PodInfo ConfigMap (1 extensions) (1 enabled)
2025-01-29 13:42:00,691 INFO c.h.h.t.HelmChartContainer - [hivemq-test-hivemq-platform] [hivemq-platform-operator] [75472ea2] 13:42:00.690 [pool-6-thread-43] DEBUG c.h.p.o.dependants.PodInfoConfigMap - [helmcust] Desired PodInfo ConfigMap (metrics port: 9399) (metrics path: /)
2025-01-29 13:42:00,691 INFO c.h.h.t.HelmChartContainer - [hivemq-test-hivemq-platform] [hivemq-platform-operator] [75472ea2] 13:42:00.690 [pool-6-thread-43] DEBUG c.h.p.o.dependants.PodInfoConfigMap - [helmcust] Desired PodInfo ConfigMap (extension state hash: -1817474005)
2025-01-29 13:42:00,696 INFO c.h.h.t.HelmChartContainer - [hivemq-test-hivemq-platform] [hivemq-platform-operator] [75472ea2] 13:42:00.695 [pool-6-thread-47] DEBUG c.h.p.o.d.PodServiceAccountResource - [helmcust] Desired PodServiceAccountResource (serviceAccountName: hivemq-platform-pod-test-hivemq-platform)
2025-01-29 13:42:00,752 INFO c.h.h.t.HelmChartContainer - [hivemq-test-hivemq-platform] [hivemq-platform-operator] [75472ea2] 13:42:00.750 [pool-6-thread-50] DEBUG c.h.p.o.d.StatefulSetResource - [helmcust] Desired StatefulSet (2 replicas) for status STARTING (READY)
2025-01-29 13:42:00,757 INFO c.h.h.t.HelmChartContainer - [hivemq-test-hivemq-platform] [hivemq-platform-operator] [75472ea2] 13:42:00.756 [ReconcilerExecutor-hivemq-controller-97] INFO  c.h.p.o.HiveMQPlatformReconciler - [helmcust] Reconciling HiveMQ Platform 'test-hivemq-platform' in namespace 'helmcustomsecretconfigit'
2025-01-29 13:42:00,758 INFO c.h.h.t.HelmChartContainer - [hivemq-test-hivemq-platform] [hivemq-platform-operator] [75472ea2] 13:42:00.756 [ReconcilerExecutor-hivemq-controller-97] DEBUG c.h.p.o.HiveMQPlatformReconciler - [helmcust] Custom Resource Status STARTING - HiveMQ Platform is starting (READY)
2025-01-29 13:42:00,760 INFO c.h.h.t.HelmChartContainer - [hivemq-test-hivemq-platform] [hivemq-platform-operator] [75472ea2] 13:42:00.756 [ReconcilerExecutor-hivemq-controller-97] DEBUG c.h.p.o.HiveMQPlatformReconciler - [helmcust] Custom Resource Spec (replicas: 2) (extensions: 1)
2025-01-29 13:42:00,764 INFO c.h.h.t.HelmChartContainer - [hivemq-test-hivemq-platform] [hivemq-platform-operator] [75472ea2] 13:42:00.759 [ReconcilerExecutor-hivemq-controller-97] DEBUG c.h.p.o.HiveMQPlatformReconciler - [helmcust] StatefulSet Status (revision: test-hivemq-platform-7f5cbb4b76, replicas: 1, available: 0, ready: 0, current: 1, updated: 1)
2025-01-29 13:42:00,764 INFO c.h.h.t.HelmChartContainer - [hivemq-test-hivemq-platform] [hivemq-platform-operator] [75472ea2] 13:42:00.759 [ReconcilerExecutor-hivemq-controller-97] DEBUG c.h.p.o.HiveMQPlatformReconciler - [helmcust] StatefulSet Spec (replicas: 2, init containers: 1, containers: 1, volumes: 3)
2025-01-29 13:42:00,764 INFO c.h.h.t.HelmChartContainer - [hivemq-test-hivemq-platform] [hivemq-platform-operator] [75472ea2] 13:42:00.761 [ReconcilerExecutor-hivemq-controller-97] DEBUG c.h.p.o.h.HiveMQPlatformReconcilerErrorHandler - [helmcust] Pod 'test-hivemq-platform-0' phase Pending
2025-01-29 13:42:00,764 INFO c.h.h.t.HelmChartContainer - [hivemq-test-hivemq-platform] [hivemq-platform-operator] [75472ea2] 13:42:00.761 [ReconcilerExecutor-hivemq-controller-97] DEBUG c.h.p.o.h.HiveMQPlatformReconcilerErrorHandler - [helmcust] Pod 'test-hivemq-platform-0' condition 'PodReadyToStartContainers': True
2025-01-29 13:42:00,764 INFO c.h.h.t.HelmChartContainer - [hivemq-test-hivemq-platform] [hivemq-platform-operator] [75472ea2] 13:42:00.761 [ReconcilerExecutor-hivemq-controller-97] DEBUG c.h.p.o.h.HiveMQPlatformReconcilerErrorHandler - [helmcust] Pod 'test-hivemq-platform-0' condition 'Initialized': True
2025-01-29 13:42:00,764 INFO c.h.h.t.HelmChartContainer - [hivemq-test-hivemq-platform] [hivemq-platform-operator] [75472ea2] 13:42:00.761 [ReconcilerExecutor-hivemq-controller-97] DEBUG c.h.p.o.h.HiveMQPlatformReconcilerErrorHandler - [helmcust] Pod 'test-hivemq-platform-0' condition 'Ready': False
2025-01-29 13:42:00,764 INFO c.h.h.t.HelmChartContainer - [hivemq-test-hivemq-platform] [hivemq-platform-operator] [75472ea2] 13:42:00.762 [ReconcilerExecutor-hivemq-controller-97] DEBUG c.h.p.o.h.HiveMQPlatformReconcilerErrorHandler - [helmcust] Pod 'test-hivemq-platform-0' condition 'ContainersReady': False
2025-01-29 13:42:00,764 INFO c.h.h.t.HelmChartContainer - [hivemq-test-hivemq-platform] [hivemq-platform-operator] [75472ea2] 13:42:00.762 [ReconcilerExecutor-hivemq-controller-97] DEBUG c.h.p.o.h.HiveMQPlatformReconcilerErrorHandler - [helmcust] Pod 'test-hivemq-platform-0' condition 'PodScheduled': True
2025-01-29 13:42:00,764 INFO c.h.h.t.HelmChartContainer - [hivemq-test-hivemq-platform] [hivemq-platform-operator] [75472ea2] 13:42:00.762 [ReconcilerExecutor-hivemq-controller-97] DEBUG c.h.p.o.h.HiveMQPlatformReconcilerErrorHandler - [helmcust] Pod 'test-hivemq-platform-0' containerStatus 'hivemq' (started: false) (ready: false) (waiting: [PodInitializing] null)
2025-01-29 13:42:00,764 INFO c.h.h.t.HelmChartContainer - [hivemq-test-hivemq-platform] [hivemq-platform-operator] [75472ea2] 13:42:00.763 [ReconcilerExecutor-hivemq-controller-97] INFO  c.h.p.o.h.HiveMQPlatformReconcilerBaseHandler - [helmcust] HiveMQ Platform is starting, 0 of 2 replicas are ready
2025-01-29 13:42:02,063 INFO c.h.h.t.HelmChartContainer - [EVENT] Normal [Created] Created container: hivemq [helmcustomsecretconfigit:test-hivemq-platform-0]
2025-01-29 13:42:02,063 INFO c.h.h.t.HelmChartContainer - Received Created event for container hivemq in pod test-hivemq-platform-0 [210755fe-2b9b-4b25-a7b2-33a4136ab2c9]
2025-01-29 13:42:02,680 INFO c.h.h.t.HelmChartContainer - [POD] test-hivemq-platform-0 [210755fe-2b9b-4b25-a7b2-33a4136ab2c9] in helmcustomsecretconfigit was MODIFIED
2025-01-29 13:42:02,689 INFO c.h.h.t.HelmChartContainer - [hivemq-test-hivemq-platform] [hivemq-platform-operator] [75472ea2] 13:42:02.687 [pool-6-thread-6] DEBUG c.h.p.o.d.PlatformServiceResource - [helmcust] Desired Platform services (3 services)
2025-01-29 13:42:02,695 INFO c.h.h.t.HelmChartContainer - Started log watcher for hivemq in pod test-hivemq-platform-0 [210755fe-2b9b-4b25-a7b2-33a4136ab2c9]
2025-01-29 13:42:02,695 INFO c.h.h.t.HelmChartContainer - [test-hivemq-platform] [hivemq] [210755fe] Adding pre-installed HiveMQ Platform Operator extensions
2025-01-29 13:42:02,695 INFO c.h.h.t.HelmChartContainer - [test-hivemq-platform] [hivemq] [210755fe] Running as user 10000
2025-01-29 13:42:02,695 INFO c.h.h.t.HelmChartContainer - [test-hivemq-platform] [hivemq] [210755fe] Starting HiveMQ Platform Operator Init
2025-01-29 13:42:02,695 INFO c.h.h.t.HelmChartContainer - [EVENT] Normal [Started] Started container hivemq [helmcustomsecretconfigit:test-hivemq-platform-0]
2025-01-29 13:42:02,695 INFO c.h.h.t.HelmChartContainer - Received Started event for container hivemq in pod test-hivemq-platform-0 [210755fe-2b9b-4b25-a7b2-33a4136ab2c9]
2025-01-29 13:42:02,695 INFO c.h.h.t.HelmChartContainer - [hivemq-test-hivemq-platform] [hivemq-platform-operator] [75472ea2] 13:42:02.687 [pool-6-thread-3] DEBUG c.h.p.o.dependants.PodInfoConfigMap - [helmcust] Desired PodInfo ConfigMap (1 extensions) (1 enabled)
2025-01-29 13:42:02,697 INFO c.h.h.t.HelmChartContainer - [hivemq-test-hivemq-platform] [hivemq-platform-operator] [75472ea2] 13:42:02.696 [pool-6-thread-3] DEBUG c.h.p.o.dependants.PodInfoConfigMap - [helmcust] Desired PodInfo ConfigMap (metrics port: 9399) (metrics path: /)
2025-01-29 13:42:02,698 INFO c.h.h.t.HelmChartContainer - [hivemq-test-hivemq-platform] [hivemq-platform-operator] [75472ea2] 13:42:02.697 [pool-6-thread-3] DEBUG c.h.p.o.dependants.PodInfoConfigMap - [helmcust] Desired PodInfo ConfigMap (extension state hash: -1817474005)
2025-01-29 13:42:02,700 INFO c.h.h.t.HelmChartContainer - [hivemq-test-hivemq-platform] [hivemq-platform-operator] [75472ea2] 13:42:02.691 [pool-6-thread-4] DEBUG c.h.p.o.d.PodServiceAccountResource - [helmcust] Desired PodServiceAccountResource (serviceAccountName: hivemq-platform-pod-test-hivemq-platform)
2025-01-29 13:42:02,710 INFO c.h.h.t.HelmChartContainer - [hivemq-test-hivemq-platform] [hivemq-platform-operator] [75472ea2] 13:42:02.708 [pool-6-thread-6] DEBUG c.h.p.o.d.StatefulSetResource - [helmcust] Desired StatefulSet (2 replicas) for status STARTING (READY)
2025-01-29 13:42:02,757 INFO c.h.h.t.HelmChartContainer - [hivemq-test-hivemq-platform] [hivemq-platform-operator] [75472ea2] 13:42:02.753 [ReconcilerExecutor-hivemq-controller-108] INFO  c.h.p.o.HiveMQPlatformReconciler - [helmcust] Reconciling HiveMQ Platform 'test-hivemq-platform' in namespace 'helmcustomsecretconfigit'
2025-01-29 13:42:02,757 INFO c.h.h.t.HelmChartContainer - [hivemq-test-hivemq-platform] [hivemq-platform-operator] [75472ea2] 13:42:02.753 [ReconcilerExecutor-hivemq-controller-108] DEBUG c.h.p.o.HiveMQPlatformReconciler - [helmcust] Custom Resource Status STARTING - HiveMQ Platform is starting (READY)
2025-01-29 13:42:02,757 INFO c.h.h.t.HelmChartContainer - [hivemq-test-hivemq-platform] [hivemq-platform-operator] [75472ea2] 13:42:02.753 [ReconcilerExecutor-hivemq-controller-108] DEBUG c.h.p.o.HiveMQPlatformReconciler - [helmcust] Custom Resource Spec (replicas: 2) (extensions: 1)
2025-01-29 13:42:02,757 INFO c.h.h.t.HelmChartContainer - [hivemq-test-hivemq-platform] [hivemq-platform-operator] [75472ea2] 13:42:02.755 [ReconcilerExecutor-hivemq-controller-108] DEBUG c.h.p.o.HiveMQPlatformReconciler - [helmcust] StatefulSet Status (revision: test-hivemq-platform-7f5cbb4b76, replicas: 1, available: 0, ready: 0, current: 1, updated: 1)
2025-01-29 13:42:02,757 INFO c.h.h.t.HelmChartContainer - [hivemq-test-hivemq-platform] [hivemq-platform-operator] [75472ea2] 13:42:02.755 [ReconcilerExecutor-hivemq-controller-108] DEBUG c.h.p.o.HiveMQPlatformReconciler - [helmcust] StatefulSet Spec (replicas: 2, init containers: 1, containers: 1, volumes: 3)
2025-01-29 13:42:02,759 INFO c.h.h.t.HelmChartContainer - [hivemq-test-hivemq-platform] [hivemq-platform-operator] [75472ea2] 13:42:02.758 [ReconcilerExecutor-hivemq-controller-108] DEBUG c.h.p.o.h.HiveMQPlatformReconcilerErrorHandler - [helmcust] Pod 'test-hivemq-platform-0' phase Running
2025-01-29 13:42:02,760 INFO c.h.h.t.HelmChartContainer - [hivemq-test-hivemq-platform] [hivemq-platform-operator] [75472ea2] 13:42:02.759 [ReconcilerExecutor-hivemq-controller-108] INFO  c.h.p.o.h.HiveMQPlatformReconcilerBaseHandler - [helmcust] HiveMQ Platform is starting, 0 of 2 replicas are ready
2025-01-29 13:42:03,403 INFO c.h.h.t.HelmChartContainer - [test-hivemq-platform] [hivemq] [210755fe] INFO  - [HiveMQ Platform Operator Init 1.7.0-SNAPSHOT] HiveMQ Platform Operator Init 1.7.0-SNAPSHOT (commit: bebf408 on branch: HEAD) built on Sun Jan 26 20:47:47 UTC 2025
2025-01-29 13:42:04,604 INFO c.h.h.t.HelmChartContainer - [test-hivemq-platform] [hivemq] [210755fe] INFO  - [HiveMQ Platform Operator Init App 1.7.0-SNAPSHOT] Using bind address 10.42.0.11 from environment variable
2025-01-29 13:42:05,502 INFO c.h.h.t.HelmChartContainer - [test-hivemq-platform] [hivemq] [210755fe] INFO  - [HiveMQ Platform Operator Init App 1.7.0-SNAPSHOT] HiveMQ Platform Operator Init App 1.7.0-SNAPSHOT (commit: bebf408 on branch: HEAD) built on Sun Jan 26 20:47:47 UTC 2025
2025-01-29 13:42:05,502 INFO c.h.h.t.HelmChartContainer - [test-hivemq-platform] [hivemq] [210755fe] INFO  - [HiveMQ Platform Operator Init App 1.7.0-SNAPSHOT] PodInfo ConfigMap directory: /etc/podinfo
2025-01-29 13:42:05,502 INFO c.h.h.t.HelmChartContainer - [test-hivemq-platform] [hivemq] [210755fe] INFO  - [HiveMQ Platform Operator Init App 1.7.0-SNAPSHOT] HiveMQ home directory: /opt/hivemq
2025-01-29 13:42:05,502 INFO c.h.h.t.HelmChartContainer - [test-hivemq-platform] [hivemq] [210755fe] INFO  - [HiveMQ Platform Operator Init App 1.7.0-SNAPSHOT] HiveMQ Logback folder: /opt/hivemq/conf
2025-01-29 13:42:05,502 INFO c.h.h.t.HelmChartContainer - [test-hivemq-platform] [hivemq] [210755fe] INFO  - [HiveMQ Platform Operator Init App 1.7.0-SNAPSHOT] HiveMQ Config folder: /opt/hivemq/conf-k8s
2025-01-29 13:42:05,503 INFO c.h.h.t.HelmChartContainer - [test-hivemq-platform] [hivemq] [210755fe] INFO  - [HiveMQ Platform Operator Init App 1.7.0-SNAPSHOT] Starting HiveMQ Platform Operator Init App
2025-01-29 13:42:05,503 INFO c.h.h.t.HelmChartContainer - [test-hivemq-platform] [hivemq] [210755fe] INFO  - [HiveMQ Platform Operator Init App 1.7.0-SNAPSHOT] Starting Pod reconciler
2025-01-29 13:42:06,888 INFO c.h.h.t.HelmChartContainer - [test-hivemq-platform] [hivemq] [210755fe] INFO  - [HiveMQ Platform Operator Init App 1.7.0-SNAPSHOT] Pod reconciler is scheduled (interval: 5000 ms)
2025-01-29 13:42:06,891 INFO c.h.h.t.HelmChartContainer - [test-hivemq-platform] [hivemq] [210755fe] INFO  - [HiveMQ Platform Operator Init App 1.7.0-SNAPSHOT] Starting the REST API on 10.42.0.11:7979
2025-01-29 13:42:06,894 INFO c.h.h.t.HelmChartContainer - [test-hivemq-platform] [hivemq] [210755fe] INFO  - [HiveMQ Platform Operator Init App 1.7.0-SNAPSHOT] Waiting up to 600s for at most 2 HiveMQ nodes in cluster service hivemq-test-hivemq-platform-cluster.helmcustomsecretconfigit.svc
2025-01-29 13:42:07,290 INFO c.h.h.t.HelmChartContainer - [test-hivemq-platform] [hivemq] [210755fe] INFO  - [HiveMQ Platform Operator Init App 1.7.0-SNAPSHOT] Resolved 1 IP addresses: [10.42.0.11]
2025-01-29 13:42:07,290 INFO c.h.h.t.HelmChartContainer - [test-hivemq-platform] [hivemq] [210755fe] INFO  - [HiveMQ Platform Operator Init App 1.7.0-SNAPSHOT] HiveMQ node count of 1 is within threshold of 2
2025-01-29 13:42:07,290 INFO c.h.h.t.HelmChartContainer - [test-hivemq-platform] [hivemq] [210755fe] INFO  - [HiveMQ Platform Operator Init App 1.7.0-SNAPSHOT] Proceeding with container start
2025-01-29 13:42:07,384 INFO c.h.h.t.HelmChartContainer - [test-hivemq-platform] [hivemq] [210755fe] INFO  - [HiveMQ Platform Operator Init App 1.7.0-SNAPSHOT] Initializing HiveMQ Platform extensions with initial configuration: {hivemq-allow-all-extension={start-priority=-1, skip-https-hostname-verification=false, restart=true, config-version=0, header-version=0, c-uri=, priority=-1, uri=preinstalled, skip-https-certificate-validation=false, enabled=true}, hivemq-prometheus-extension={restart=true, enabled=true, request-header-path=no-request-headers, uri=preinstalled, skip-https-certificate-validation=false, skip-https-hostname-verification=false, c-uri=, start-priority=-1, priority=-1}}
2025-01-29 13:42:07,806 INFO c.h.h.t.HelmChartContainer - [test-hivemq-platform] [hivemq] [210755fe] INFO  - [HiveMQ Platform Operator Init App 1.7.0-SNAPSHOT] Extension hivemq-allow-all-extension was already enabled
2025-01-29 13:42:07,898 INFO c.h.h.t.HelmChartContainer - [test-hivemq-platform] [hivemq] [210755fe] INFO  - [HiveMQ Platform Operator Init App 1.7.0-SNAPSHOT] Successfully enabled extension hivemq-prometheus-extension
2025-01-29 13:42:07,899 INFO c.h.h.t.HelmChartContainer - [test-hivemq-platform] [hivemq] [210755fe] INFO  - [HiveMQ Platform Operator Init App 1.7.0-SNAPSHOT] Starting HiveMQ Platform version 4.36.0 (4.36.0)
2025-01-29 13:42:07,899 INFO c.h.h.t.HelmChartContainer - [test-hivemq-platform] [hivemq] [210755fe] INFO  - [HiveMQ Platform Operator Init App 1.7.0-SNAPSHOT] Configuring the HiveMQ Platform
2025-01-29 13:42:07,985 INFO c.h.h.t.HelmChartContainer - [test-hivemq-platform] [hivemq] [210755fe] INFO  - [HiveMQ Platform Operator Init App 1.7.0-SNAPSHOT] Changed logback.xml file scan period to 20 seconds
2025-01-29 13:42:08,002 INFO c.h.h.t.HelmChartContainer - [test-hivemq-platform] [hivemq] [210755fe] INFO  - [HiveMQ Platform Operator Init App 1.7.0-SNAPSHOT] Starting the HiveMQ Platform
2025-01-29 13:42:08,005 INFO c.h.h.t.HelmChartContainer - [test-hivemq-platform] [hivemq] [210755fe] -------------------------------------------------------------------------
2025-01-29 13:42:08,005 INFO c.h.h.t.HelmChartContainer - [test-hivemq-platform] [hivemq] [210755fe] 
2025-01-29 13:42:08,005 INFO c.h.h.t.HelmChartContainer - [test-hivemq-platform] [hivemq] [210755fe]                   _    _  _              __  __   ____
2025-01-29 13:42:08,005 INFO c.h.h.t.HelmChartContainer - [test-hivemq-platform] [hivemq] [210755fe]                  | |  | |(_)            |  \/  | / __ \
2025-01-29 13:42:08,005 INFO c.h.h.t.HelmChartContainer - [test-hivemq-platform] [hivemq] [210755fe]                  | |__| | _ __   __ ___ | \  / || |  | |
2025-01-29 13:42:08,005 INFO c.h.h.t.HelmChartContainer - [test-hivemq-platform] [hivemq] [210755fe]                  |  __  || |\ \ / // _ \| |\/| || |  | |
2025-01-29 13:42:08,005 INFO c.h.h.t.HelmChartContainer - [test-hivemq-platform] [hivemq] [210755fe]                  | |  | || | \ V /|  __/| |  | || |__| |
2025-01-29 13:42:08,005 INFO c.h.h.t.HelmChartContainer - [test-hivemq-platform] [hivemq] [210755fe]                  |_|  |_||_|  \_/  \___||_|  |_| \___\_\
2025-01-29 13:42:08,005 INFO c.h.h.t.HelmChartContainer - [test-hivemq-platform] [hivemq] [210755fe] 
2025-01-29 13:42:08,005 INFO c.h.h.t.HelmChartContainer - [test-hivemq-platform] [hivemq] [210755fe] -------------------------------------------------------------------------
2025-01-29 13:42:08,005 INFO c.h.h.t.HelmChartContainer - [test-hivemq-platform] [hivemq] [210755fe] 
2025-01-29 13:42:08,005 INFO c.h.h.t.HelmChartContainer - [test-hivemq-platform] [hivemq] [210755fe]   HiveMQ Start Script for Linux/Unix v1.14
2025-01-29 13:42:08,005 INFO c.h.h.t.HelmChartContainer - [test-hivemq-platform] [hivemq] [210755fe] 
2025-01-29 13:42:08,113 INFO c.h.h.t.HelmChartContainer - [test-hivemq-platform] [hivemq] [210755fe] -------------------------------------------------------------------------
2025-01-29 13:42:08,113 INFO c.h.h.t.HelmChartContainer - [test-hivemq-platform] [hivemq] [210755fe] 
2025-01-29 13:42:08,113 INFO c.h.h.t.HelmChartContainer - [test-hivemq-platform] [hivemq] [210755fe]   HIVEMQ_HOME: /opt/hivemq
2025-01-29 13:42:08,113 INFO c.h.h.t.HelmChartContainer - [test-hivemq-platform] [hivemq] [210755fe] 
2025-01-29 13:42:08,113 INFO c.h.h.t.HelmChartContainer - [test-hivemq-platform] [hivemq] [210755fe]   JAVA_OPTS: -XX:+UnlockExperimentalVMOptions -XX:InitialRAMPercentage=50 -XX:MaxRAMPercentage=50 -Djava.net.preferIPv4Stack=true --add-opens java.base/java.lang=ALL-UNNAMED --add-opens java.base/java.nio=ALL-UNNAMED --add-opens java.base/sun.nio.ch=ALL-UNNAMED --add-opens jdk.management/com.sun.management.internal=ALL-UNNAMED --add-exports java.base/jdk.internal.misc=ALL-UNNAMED -Djava.security.egd=file:/dev/./urandom -Dcom.sun.management.jmxremote -Dcom.sun.management.jmxremote.port=9010 -Dcom.sun.management.jmxremote.local.only=false -Dcom.sun.management.jmxremote.authenticate=false -Dcom.sun.management.jmxremote.ssl=false -Duser.language=en -Duser.region=US -XX:+CrashOnOutOfMemoryError -XX:+HeapDumpOnOutOfMemoryError
2025-01-29 13:42:08,113 INFO c.h.h.t.HelmChartContainer - [test-hivemq-platform] [hivemq] [210755fe] 
2025-01-29 13:42:08,113 INFO c.h.h.t.HelmChartContainer - [test-hivemq-platform] [hivemq] [210755fe]   JAVA_VERSION: 21
2025-01-29 13:42:08,113 INFO c.h.h.t.HelmChartContainer - [test-hivemq-platform] [hivemq] [210755fe] 
2025-01-29 13:42:08,113 INFO c.h.h.t.HelmChartContainer - [test-hivemq-platform] [hivemq] [210755fe] -------------------------------------------------------------------------
2025-01-29 13:42:08,113 INFO c.h.h.t.HelmChartContainer - [test-hivemq-platform] [hivemq] [210755fe] 
2025-01-29 13:42:08,700 INFO c.h.h.t.HelmChartContainer - [test-hivemq-platform] [hivemq] [210755fe] INFO  - [HiveMQ Platform Operator Init App 1.7.0-SNAPSHOT] Returning default Health API response 503 for readiness
2025-01-29 13:42:08,999 INFO c.h.h.t.HelmChartContainer - [EVENT] Warning [Unhealthy] Readiness probe failed: HTTP probe failed with statuscode: 503 [helmcustomsecretconfigit:test-hivemq-platform-0]
2025-01-29 13:42:09,000 INFO c.h.h.t.HelmChartContainer - Received Unhealthy event for container hivemq in pod test-hivemq-platform-0 [210755fe-2b9b-4b25-a7b2-33a4136ab2c9]
2025-01-29 13:42:10,999 INFO c.h.h.t.HelmChartContainer - [test-hivemq-platform] [hivemq] [210755fe] INFO  - Starting HiveMQ Enterprise Server
2025-01-29 13:42:11,004 INFO c.h.h.t.HelmChartContainer - [test-hivemq-platform] [hivemq] [210755fe] INFO  - HiveMQ version: 4.36.0
2025-01-29 13:42:11,005 INFO c.h.h.t.HelmChartContainer - [test-hivemq-platform] [hivemq] [210755fe] INFO  - HiveMQ home directory: /opt/hivemq
2025-01-29 13:42:11,005 INFO c.h.h.t.HelmChartContainer - [test-hivemq-platform] [hivemq] [210755fe] INFO  - Log Configuration was overridden by /opt/hivemq/conf/logback.xml
2025-01-29 13:42:12,698 INFO c.h.h.t.HelmChartContainer - [test-hivemq-platform] [hivemq] [210755fe] INFO  - Successfully loaded configuration from '/opt/hivemq/conf-k8s/config.xml'.
2025-01-29 13:42:12,768 INFO c.h.h.t.HelmChartContainer - [hivemq-test-hivemq-platform] [hivemq-platform-operator] [75472ea2] 13:42:12.763 [pool-6-thread-14] DEBUG c.h.p.o.d.PlatformServiceResource - [helmcust] Desired Platform services (3 services)
2025-01-29 13:42:12,768 INFO c.h.h.t.HelmChartContainer - [hivemq-test-hivemq-platform] [hivemq-platform-operator] [75472ea2] 13:42:12.764 [pool-6-thread-16] DEBUG c.h.p.o.dependants.PodInfoConfigMap - [helmcust] Desired PodInfo ConfigMap (1 extensions) (1 enabled)
2025-01-29 13:42:12,768 INFO c.h.h.t.HelmChartContainer - [hivemq-test-hivemq-platform] [hivemq-platform-operator] [75472ea2] 13:42:12.764 [pool-6-thread-16] DEBUG c.h.p.o.dependants.PodInfoConfigMap - [helmcust] Desired PodInfo ConfigMap (metrics port: 9399) (metrics path: /)
2025-01-29 13:42:12,768 INFO c.h.h.t.HelmChartContainer - [hivemq-test-hivemq-platform] [hivemq-platform-operator] [75472ea2] 13:42:12.764 [pool-6-thread-16] DEBUG c.h.p.o.dependants.PodInfoConfigMap - [helmcust] Desired PodInfo ConfigMap (extension state hash: -1817474005)
2025-01-29 13:42:12,768 INFO c.h.h.t.HelmChartContainer - [hivemq-test-hivemq-platform] [hivemq-platform-operator] [75472ea2] 13:42:12.766 [pool-6-thread-16] DEBUG c.h.p.o.d.PodServiceAccountResource - [helmcust] Desired PodServiceAccountResource (serviceAccountName: hivemq-platform-pod-test-hivemq-platform)
2025-01-29 13:42:12,776 INFO c.h.h.t.HelmChartContainer - [hivemq-test-hivemq-platform] [hivemq-platform-operator] [75472ea2] 13:42:12.774 [pool-6-thread-14] DEBUG c.h.p.o.d.StatefulSetResource - [helmcust] Desired StatefulSet (2 replicas) for status STARTING (READY)
2025-01-29 13:42:12,783 INFO c.h.h.t.HelmChartContainer - [hivemq-test-hivemq-platform] [hivemq-platform-operator] [75472ea2] 13:42:12.779 [ReconcilerExecutor-hivemq-controller-109] INFO  c.h.p.o.HiveMQPlatformReconciler - [helmcust] Reconciling HiveMQ Platform 'test-hivemq-platform' in namespace 'helmcustomsecretconfigit'
2025-01-29 13:42:12,783 INFO c.h.h.t.HelmChartContainer - [hivemq-test-hivemq-platform] [hivemq-platform-operator] [75472ea2] 13:42:12.779 [ReconcilerExecutor-hivemq-controller-109] DEBUG c.h.p.o.HiveMQPlatformReconciler - [helmcust] Custom Resource Status STARTING - HiveMQ Platform is starting (READY)
2025-01-29 13:42:12,783 INFO c.h.h.t.HelmChartContainer - [hivemq-test-hivemq-platform] [hivemq-platform-operator] [75472ea2] 13:42:12.779 [ReconcilerExecutor-hivemq-controller-109] DEBUG c.h.p.o.HiveMQPlatformReconciler - [helmcust] Custom Resource Spec (replicas: 2) (extensions: 1)
2025-01-29 13:42:12,783 INFO c.h.h.t.HelmChartContainer - [hivemq-test-hivemq-platform] [hivemq-platform-operator] [75472ea2] 13:42:12.781 [ReconcilerExecutor-hivemq-controller-109] DEBUG c.h.p.o.HiveMQPlatformReconciler - [helmcust] StatefulSet Status (revision: test-hivemq-platform-7f5cbb4b76, replicas: 1, available: 0, ready: 0, current: 1, updated: 1)
2025-01-29 13:42:12,783 INFO c.h.h.t.HelmChartContainer - [hivemq-test-hivemq-platform] [hivemq-platform-operator] [75472ea2] 13:42:12.781 [ReconcilerExecutor-hivemq-controller-109] DEBUG c.h.p.o.HiveMQPlatformReconciler - [helmcust] StatefulSet Spec (replicas: 2, init containers: 1, containers: 1, volumes: 3)
2025-01-29 13:42:12,786 INFO c.h.h.t.HelmChartContainer - [hivemq-test-hivemq-platform] [hivemq-platform-operator] [75472ea2] 13:42:12.783 [ReconcilerExecutor-hivemq-controller-109] DEBUG c.h.p.o.h.HiveMQPlatformReconcilerErrorHandler - [helmcust] Pod 'test-hivemq-platform-0' phase Running
2025-01-29 13:42:12,851 INFO c.h.h.t.HelmChartContainer - [hivemq-test-hivemq-platform] [hivemq-platform-operator] [75472ea2] 13:42:12.849 [ReconcilerExecutor-hivemq-controller-109] INFO  c.h.p.o.h.HiveMQPlatformReconcilerBaseHandler - [helmcust] HiveMQ Platform is starting, 0 of 2 replicas are ready
2025-01-29 13:42:13,488 INFO c.h.h.t.HelmChartContainer - [test-hivemq-platform] [hivemq] [210755fe] INFO  - This node's ID is I2txr
2025-01-29 13:42:13,489 INFO c.h.h.t.HelmChartContainer - [test-hivemq-platform] [hivemq] [210755fe] INFO  - Clustering is enabled
2025-01-29 13:42:13,680 INFO c.h.h.t.HelmChartContainer - [K3S] [INFO] COMPACT compactRev=0 targetCompactRev=2 currentRev=1159
2025-01-29 13:42:13,680 INFO c.h.h.t.HelmChartContainer - [K3S] [INFO] COMPACT deleted 0 rows from 2 revisions in 457.883µs - compacted to 2/1159
2025-01-29 13:42:13,680 INFO c.h.h.t.HelmChartContainer - [K3S] [INFO] COMPACT compacted from 0 to 2 in 1 transactions over 1ms
2025-01-29 13:42:14,098 INFO c.h.h.t.HelmChartContainer - [test-hivemq-platform] [hivemq] [210755fe] WARN  - [HiveMQ Platform Operator Init App 1.7.0-SNAPSHOT] Cannot connect to Health API for readiness: null
2025-01-29 13:42:14,103 INFO c.h.h.t.HelmChartContainer - [EVENT] Warning [Unhealthy] Readiness probe failed: HTTP probe failed with statuscode: 503 [helmcustomsecretconfigit:test-hivemq-platform-0]
2025-01-29 13:42:14,103 INFO c.h.h.t.HelmChartContainer - Received Unhealthy event for container hivemq in pod test-hivemq-platform-0 [210755fe-2b9b-4b25-a7b2-33a4136ab2c9]
2025-01-29 13:42:16,239 INFO c.h.h.t.HelmChartContainer - [K3S] [info.go:53] Couldn't collect info from any of the files in "/etc/machine-id,/var/lib/dbus/machine-id"
2025-01-29 13:42:16,999 INFO c.h.h.t.HelmChartContainer - [test-hivemq-platform] [hivemq] [210755fe] Jan 29, 2025 1:42:16 PM io.vertx.core.impl.BlockedThreadChecker
2025-01-29 13:42:16,999 INFO c.h.h.t.HelmChartContainer - [test-hivemq-platform] [hivemq] [210755fe] WARNING: Thread Thread[vert.x-eventloop-thread-1,5,main] has been blocked for 2492 ms, time limit is 2000 ms
2025-01-29 13:42:17,596 INFO c.h.h.t.HelmChartContainer - [test-hivemq-platform] [hivemq] [210755fe] INFO  - [HiveMQ Platform Operator Init App 1.7.0-SNAPSHOT] Updating Pod HiveMQ Platform Operator Init App version annotation (version: 1.7.0-SNAPSHOT)
2025-01-29 13:42:18,308 INFO c.h.h.t.HelmChartContainer - [POD] test-hivemq-platform-0 [210755fe-2b9b-4b25-a7b2-33a4136ab2c9] in helmcustomsecretconfigit was MODIFIED
2025-01-29 13:42:18,315 INFO c.h.h.t.HelmChartContainer - [hivemq-test-hivemq-platform] [hivemq-platform-operator] [75472ea2] 13:42:18.313 [pool-6-thread-25] DEBUG c.h.p.o.d.PlatformServiceResource - [helmcust] Desired Platform services (3 services)
2025-01-29 13:42:18,316 INFO c.h.h.t.HelmChartContainer - [hivemq-test-hivemq-platform] [hivemq-platform-operator] [75472ea2] 13:42:18.315 [pool-6-thread-29] DEBUG c.h.p.o.dependants.PodInfoConfigMap - [helmcust] Desired PodInfo ConfigMap (1 extensions) (1 enabled)
2025-01-29 13:42:18,317 INFO c.h.h.t.HelmChartContainer - [hivemq-test-hivemq-platform] [hivemq-platform-operator] [75472ea2] 13:42:18.315 [pool-6-thread-29] DEBUG c.h.p.o.dependants.PodInfoConfigMap - [helmcust] Desired PodInfo ConfigMap (metrics port: 9399) (metrics path: /)
2025-01-29 13:42:18,317 INFO c.h.h.t.HelmChartContainer - [hivemq-test-hivemq-platform] [hivemq-platform-operator] [75472ea2] 13:42:18.315 [pool-6-thread-29] DEBUG c.h.p.o.dependants.PodInfoConfigMap - [helmcust] Desired PodInfo ConfigMap (extension state hash: -1817474005)
2025-01-29 13:42:18,318 INFO c.h.h.t.HelmChartContainer - [hivemq-test-hivemq-platform] [hivemq-platform-operator] [75472ea2] 13:42:18.316 [pool-6-thread-26] DEBUG c.h.p.o.d.PodServiceAccountResource - [helmcust] Desired PodServiceAccountResource (serviceAccountName: hivemq-platform-pod-test-hivemq-platform)
2025-01-29 13:42:18,321 INFO c.h.h.t.HelmChartContainer - [hivemq-test-hivemq-platform] [hivemq-platform-operator] [75472ea2] 13:42:18.321 [pool-6-thread-25] DEBUG c.h.p.o.d.StatefulSetResource - [helmcust] Desired StatefulSet (2 replicas) for status STARTING (READY)
2025-01-29 13:42:18,324 INFO c.h.h.t.HelmChartContainer - [hivemq-test-hivemq-platform] [hivemq-platform-operator] [75472ea2] 13:42:18.323 [ReconcilerExecutor-hivemq-controller-110] INFO  c.h.p.o.HiveMQPlatformReconciler - [helmcust] Reconciling HiveMQ Platform 'test-hivemq-platform' in namespace 'helmcustomsecretconfigit'
2025-01-29 13:42:18,325 INFO c.h.h.t.HelmChartContainer - [hivemq-test-hivemq-platform] [hivemq-platform-operator] [75472ea2] 13:42:18.323 [ReconcilerExecutor-hivemq-controller-110] DEBUG c.h.p.o.HiveMQPlatformReconciler - [helmcust] Custom Resource Status STARTING - HiveMQ Platform is starting (READY)
2025-01-29 13:42:18,325 INFO c.h.h.t.HelmChartContainer - [hivemq-test-hivemq-platform] [hivemq-platform-operator] [75472ea2] 13:42:18.323 [ReconcilerExecutor-hivemq-controller-110] DEBUG c.h.p.o.HiveMQPlatformReconciler - [helmcust] Custom Resource Spec (replicas: 2) (extensions: 1)
2025-01-29 13:42:18,327 INFO c.h.h.t.HelmChartContainer - [hivemq-test-hivemq-platform] [hivemq-platform-operator] [75472ea2] 13:42:18.324 [ReconcilerExecutor-hivemq-controller-110] DEBUG c.h.p.o.HiveMQPlatformReconciler - [helmcust] StatefulSet Status (revision: test-hivemq-platform-7f5cbb4b76, replicas: 1, available: 0, ready: 0, current: 1, updated: 1)
2025-01-29 13:42:18,327 INFO c.h.h.t.HelmChartContainer - [hivemq-test-hivemq-platform] [hivemq-platform-operator] [75472ea2] 13:42:18.324 [ReconcilerExecutor-hivemq-controller-110] DEBUG c.h.p.o.HiveMQPlatformReconciler - [helmcust] StatefulSet Spec (replicas: 2, init containers: 1, containers: 1, volumes: 3)
2025-01-29 13:42:18,327 INFO c.h.h.t.HelmChartContainer - [hivemq-test-hivemq-platform] [hivemq-platform-operator] [75472ea2] 13:42:18.326 [ReconcilerExecutor-hivemq-controller-110] DEBUG c.h.p.o.h.HiveMQPlatformReconcilerErrorHandler - [helmcust] Pod 'test-hivemq-platform-0' phase Running
2025-01-29 13:42:18,327 INFO c.h.h.t.HelmChartContainer - [hivemq-test-hivemq-platform] [hivemq-platform-operator] [75472ea2] 13:42:18.326 [ReconcilerExecutor-hivemq-controller-110] INFO  c.h.p.o.h.HiveMQPlatformReconcilerBaseHandler - [helmcust] HiveMQ Platform is starting, 0 of 2 replicas are ready
2025-01-29 13:42:18,400 INFO c.h.h.t.HelmChartContainer - [test-hivemq-platform] [hivemq] [210755fe] WARN  - [HiveMQ Platform Operator Init App 1.7.0-SNAPSHOT] Cannot connect to Health API for readiness: null
2025-01-29 13:42:18,404 INFO c.h.h.t.HelmChartContainer - [EVENT] Warning [Unhealthy] Readiness probe failed: HTTP probe failed with statuscode: 503 [helmcustomsecretconfigit:test-hivemq-platform-0]
2025-01-29 13:42:18,404 INFO c.h.h.t.HelmChartContainer - Received Unhealthy event for container hivemq in pod test-hivemq-platform-0 [210755fe-2b9b-4b25-a7b2-33a4136ab2c9]
2025-01-29 13:42:18,485 INFO c.h.h.t.HelmChartContainer - [test-hivemq-platform] [hivemq] [210755fe] INFO  - [HiveMQ Platform Operator Init App 1.7.0-SNAPSHOT] Successfully updated Pod HiveMQ Platform Operator Init App version annotation (version: 1.7.0-SNAPSHOT)
2025-01-29 13:42:23,392 INFO c.h.h.t.HelmChartContainer - [test-hivemq-platform] [hivemq] [210755fe] WARN  - [HiveMQ Platform Operator Init App 1.7.0-SNAPSHOT] Cannot connect to Health API for readiness: null
2025-01-29 13:42:23,397 INFO c.h.h.t.HelmChartContainer - [EVENT] Warning [Unhealthy] Readiness probe failed: HTTP probe failed with statuscode: 503 [helmcustomsecretconfigit:test-hivemq-platform-0]
2025-01-29 13:42:23,397 INFO c.h.h.t.HelmChartContainer - Received Unhealthy event for container hivemq in pod test-hivemq-platform-0 [210755fe-2b9b-4b25-a7b2-33a4136ab2c9]
2025-01-29 13:42:28,356 INFO c.h.h.t.HelmChartContainer - [hivemq-test-hivemq-platform] [hivemq-platform-operator] [75472ea2] 13:42:28.352 [pool-6-thread-37] DEBUG c.h.p.o.d.PlatformServiceResource - [helmcust] Desired Platform services (3 services)
2025-01-29 13:42:28,356 INFO c.h.h.t.HelmChartContainer - [hivemq-test-hivemq-platform] [hivemq-platform-operator] [75472ea2] 13:42:28.353 [pool-6-thread-36] DEBUG c.h.p.o.dependants.PodInfoConfigMap - [helmcust] Desired PodInfo ConfigMap (1 extensions) (1 enabled)
2025-01-29 13:42:28,356 INFO c.h.h.t.HelmChartContainer - [hivemq-test-hivemq-platform] [hivemq-platform-operator] [75472ea2] 13:42:28.353 [pool-6-thread-36] DEBUG c.h.p.o.dependants.PodInfoConfigMap - [helmcust] Desired PodInfo ConfigMap (metrics port: 9399) (metrics path: /)
2025-01-29 13:42:28,356 INFO c.h.h.t.HelmChartContainer - [hivemq-test-hivemq-platform] [hivemq-platform-operator] [75472ea2] 13:42:28.353 [pool-6-thread-36] DEBUG c.h.p.o.dependants.PodInfoConfigMap - [helmcust] Desired PodInfo ConfigMap (extension state hash: -1817474005)
2025-01-29 13:42:28,356 INFO c.h.h.t.HelmChartContainer - [hivemq-test-hivemq-platform] [hivemq-platform-operator] [75472ea2] 13:42:28.354 [pool-6-thread-35] DEBUG c.h.p.o.d.PodServiceAccountResource - [helmcust] Desired PodServiceAccountResource (serviceAccountName: hivemq-platform-pod-test-hivemq-platform)
2025-01-29 13:42:28,362 INFO c.h.h.t.HelmChartContainer - [hivemq-test-hivemq-platform] [hivemq-platform-operator] [75472ea2] 13:42:28.360 [pool-6-thread-40] DEBUG c.h.p.o.d.StatefulSetResource - [helmcust] Desired StatefulSet (2 replicas) for status STARTING (READY)
2025-01-29 13:42:28,367 INFO c.h.h.t.HelmChartContainer - [hivemq-test-hivemq-platform] [hivemq-platform-operator] [75472ea2] 13:42:28.364 [ReconcilerExecutor-hivemq-controller-111] INFO  c.h.p.o.HiveMQPlatformReconciler - [helmcust] Reconciling HiveMQ Platform 'test-hivemq-platform' in namespace 'helmcustomsecretconfigit'
2025-01-29 13:42:28,367 INFO c.h.h.t.HelmChartContainer - [hivemq-test-hivemq-platform] [hivemq-platform-operator] [75472ea2] 13:42:28.364 [ReconcilerExecutor-hivemq-controller-111] DEBUG c.h.p.o.HiveMQPlatformReconciler - [helmcust] Custom Resource Status STARTING - HiveMQ Platform is starting (READY)
2025-01-29 13:42:28,367 INFO c.h.h.t.HelmChartContainer - [hivemq-test-hivemq-platform] [hivemq-platform-operator] [75472ea2] 13:42:28.364 [ReconcilerExecutor-hivemq-controller-111] DEBUG c.h.p.o.HiveMQPlatformReconciler - [helmcust] Custom Resource Spec (replicas: 2) (extensions: 1)
2025-01-29 13:42:28,368 INFO c.h.h.t.HelmChartContainer - [hivemq-test-hivemq-platform] [hivemq-platform-operator] [75472ea2] 13:42:28.365 [ReconcilerExecutor-hivemq-controller-111] DEBUG c.h.p.o.HiveMQPlatformReconciler - [helmcust] StatefulSet Status (revision: test-hivemq-platform-7f5cbb4b76, replicas: 1, available: 0, ready: 0, current: 1, updated: 1)
2025-01-29 13:42:28,368 INFO c.h.h.t.HelmChartContainer - [hivemq-test-hivemq-platform] [hivemq-platform-operator] [75472ea2] 13:42:28.365 [ReconcilerExecutor-hivemq-controller-111] DEBUG c.h.p.o.HiveMQPlatformReconciler - [helmcust] StatefulSet Spec (replicas: 2, init containers: 1, containers: 1, volumes: 3)
2025-01-29 13:42:28,368 INFO c.h.h.t.HelmChartContainer - [hivemq-test-hivemq-platform] [hivemq-platform-operator] [75472ea2] 13:42:28.367 [ReconcilerExecutor-hivemq-controller-111] DEBUG c.h.p.o.h.HiveMQPlatformReconcilerErrorHandler - [helmcust] Pod 'test-hivemq-platform-0' phase Running
2025-01-29 13:42:28,395 INFO c.h.h.t.HelmChartContainer - [test-hivemq-platform] [hivemq] [210755fe] WARN  - [HiveMQ Platform Operator Init App 1.7.0-SNAPSHOT] Cannot connect to Health API for readiness: null
2025-01-29 13:42:28,402 INFO c.h.h.t.HelmChartContainer - [EVENT] Warning [Unhealthy] Readiness probe failed: HTTP probe failed with statuscode: 503 [helmcustomsecretconfigit:test-hivemq-platform-0]
2025-01-29 13:42:28,403 INFO c.h.h.t.HelmChartContainer - Received Unhealthy event for container hivemq in pod test-hivemq-platform-0 [210755fe-2b9b-4b25-a7b2-33a4136ab2c9]
2025-01-29 13:42:28,452 INFO c.h.h.t.HelmChartContainer - [hivemq-test-hivemq-platform] [hivemq-platform-operator] [75472ea2] 13:42:28.449 [ReconcilerExecutor-hivemq-controller-111] INFO  c.h.p.o.h.HiveMQPlatformReconcilerBaseHandler - [helmcust] HiveMQ Platform is starting, 0 of 2 replicas are ready
2025-01-29 13:42:28,996 INFO c.h.h.t.HelmChartContainer - [test-hivemq-platform] [hivemq] [210755fe] WARN  - [HiveMQ Platform Operator Init App 1.7.0-SNAPSHOT] Cannot connect to Health API for liveness: null
2025-01-29 13:42:28,996 INFO c.h.h.t.HelmChartContainer - [test-hivemq-platform] [hivemq] [210755fe] INFO  - [HiveMQ Platform Operator Init App 1.7.0-SNAPSHOT] Returning default Health API response 200 for liveness
2025-01-29 13:42:30,995 INFO c.h.h.t.HelmChartContainer - [test-hivemq-platform] [hivemq] [210755fe] INFO  - No valid license file found. Using trial license, restricted to 25 connections.
2025-01-29 13:42:33,395 INFO c.h.h.t.HelmChartContainer - [test-hivemq-platform] [hivemq] [210755fe] WARN  - [HiveMQ Platform Operator Init App 1.7.0-SNAPSHOT] Cannot connect to Health API for readiness: null
2025-01-29 13:42:33,400 INFO c.h.h.t.HelmChartContainer - [EVENT] Warning [Unhealthy] Readiness probe failed: HTTP probe failed with statuscode: 503 [helmcustomsecretconfigit:test-hivemq-platform-0]
2025-01-29 13:42:33,400 INFO c.h.h.t.HelmChartContainer - Received Unhealthy event for container hivemq in pod test-hivemq-platform-0 [210755fe-2b9b-4b25-a7b2-33a4136ab2c9]
2025-01-29 13:42:34,797 INFO c.h.h.t.HelmChartContainer - [test-hivemq-platform] [hivemq] [210755fe] INFO  - No valid license file for Data Hub found. Using free license, restricted to 1 policy.
2025-01-29 13:42:35,904 INFO c.h.h.t.HelmChartContainer - [test-hivemq-platform] [hivemq] [210755fe] INFO  - Audit Logger started.
2025-01-29 13:42:36,138 INFO c.h.h.t.HelmChartContainer - [test-hivemq-platform] [hivemq] [210755fe] INFO  - This node uses '1' CPU cores.
2025-01-29 13:42:36,194 INFO c.h.h.t.HelmChartContainer - [test-hivemq-platform] [hivemq] [210755fe] INFO  - Starting HiveMQ Health API on address 0.0.0.0 and port 8889
2025-01-29 13:42:37,009 INFO c.h.h.t.HelmChartContainer - [test-hivemq-platform] [hivemq] [210755fe] INFO  - Started HiveMQ Health API in 815ms
2025-01-29 13:42:37,892 INFO c.h.h.t.HelmChartContainer - [test-hivemq-platform] [hivemq] [210755fe] INFO  - Starting HiveMQ extension system.
2025-01-29 13:42:38,195 INFO c.h.h.t.HelmChartContainer - [test-hivemq-platform] [hivemq] [210755fe] INFO  - Starting extension with id "hivemq-dns-cluster-discovery" at /opt/hivemq/extensions/hivemq-dns-cluster-discovery
2025-01-29 13:42:38,456 INFO c.h.h.t.HelmChartContainer - [hivemq-test-hivemq-platform] [hivemq-platform-operator] [75472ea2] 13:42:38.453 [pool-6-thread-45] DEBUG c.h.p.o.d.PlatformServiceResource - [helmcust] Desired Platform services (3 services)
2025-01-29 13:42:38,456 INFO c.h.h.t.HelmChartContainer - [hivemq-test-hivemq-platform] [hivemq-platform-operator] [75472ea2] 13:42:38.453 [pool-6-thread-46] DEBUG c.h.p.o.dependants.PodInfoConfigMap - [helmcust] Desired PodInfo ConfigMap (1 extensions) (1 enabled)
2025-01-29 13:42:38,456 INFO c.h.h.t.HelmChartContainer - [hivemq-test-hivemq-platform] [hivemq-platform-operator] [75472ea2] 13:42:38.453 [pool-6-thread-46] DEBUG c.h.p.o.dependants.PodInfoConfigMap - [helmcust] Desired PodInfo ConfigMap (metrics port: 9399) (metrics path: /)
2025-01-29 13:42:38,456 INFO c.h.h.t.HelmChartContainer - [hivemq-test-hivemq-platform] [hivemq-platform-operator] [75472ea2] 13:42:38.453 [pool-6-thread-46] DEBUG c.h.p.o.dependants.PodInfoConfigMap - [helmcust] Desired PodInfo ConfigMap (extension state hash: -1817474005)
2025-01-29 13:42:38,458 INFO c.h.h.t.HelmChartContainer - [hivemq-test-hivemq-platform] [hivemq-platform-operator] [75472ea2] 13:42:38.457 [pool-6-thread-46] DEBUG c.h.p.o.d.PodServiceAccountResource - [helmcust] Desired PodServiceAccountResource (serviceAccountName: hivemq-platform-pod-test-hivemq-platform)
2025-01-29 13:42:38,468 INFO c.h.h.t.HelmChartContainer - [hivemq-test-hivemq-platform] [hivemq-platform-operator] [75472ea2] 13:42:38.465 [pool-6-thread-45] DEBUG c.h.p.o.d.StatefulSetResource - [helmcust] Desired StatefulSet (2 replicas) for status STARTING (READY)
2025-01-29 13:42:38,556 INFO c.h.h.t.HelmChartContainer - [hivemq-test-hivemq-platform] [hivemq-platform-operator] [75472ea2] 13:42:38.552 [ReconcilerExecutor-hivemq-controller-112] INFO  c.h.p.o.HiveMQPlatformReconciler - [helmcust] Reconciling HiveMQ Platform 'test-hivemq-platform' in namespace 'helmcustomsecretconfigit'
2025-01-29 13:42:38,556 INFO c.h.h.t.HelmChartContainer - [hivemq-test-hivemq-platform] [hivemq-platform-operator] [75472ea2] 13:42:38.552 [ReconcilerExecutor-hivemq-controller-112] DEBUG c.h.p.o.HiveMQPlatformReconciler - [helmcust] Custom Resource Status STARTING - HiveMQ Platform is starting (READY)
2025-01-29 13:42:38,556 INFO c.h.h.t.HelmChartContainer - [hivemq-test-hivemq-platform] [hivemq-platform-operator] [75472ea2] 13:42:38.552 [ReconcilerExecutor-hivemq-controller-112] DEBUG c.h.p.o.HiveMQPlatformReconciler - [helmcust] Custom Resource Spec (replicas: 2) (extensions: 1)
2025-01-29 13:42:38,557 INFO c.h.h.t.HelmChartContainer - [hivemq-test-hivemq-platform] [hivemq-platform-operator] [75472ea2] 13:42:38.556 [ReconcilerExecutor-hivemq-controller-112] DEBUG c.h.p.o.HiveMQPlatformReconciler - [helmcust] StatefulSet Status (revision: test-hivemq-platform-7f5cbb4b76, replicas: 1, available: 0, ready: 0, current: 1, updated: 1)
2025-01-29 13:42:38,558 INFO c.h.h.t.HelmChartContainer - [hivemq-test-hivemq-platform] [hivemq-platform-operator] [75472ea2] 13:42:38.556 [ReconcilerExecutor-hivemq-controller-112] DEBUG c.h.p.o.HiveMQPlatformReconciler - [helmcust] StatefulSet Spec (replicas: 2, init containers: 1, containers: 1, volumes: 3)
2025-01-29 13:42:38,559 INFO c.h.h.t.HelmChartContainer - [hivemq-test-hivemq-platform] [hivemq-platform-operator] [75472ea2] 13:42:38.557 [ReconcilerExecutor-hivemq-controller-112] DEBUG c.h.p.o.h.HiveMQPlatformReconcilerErrorHandler - [helmcust] Pod 'test-hivemq-platform-0' phase Running
2025-01-29 13:42:38,560 INFO c.h.h.t.HelmChartContainer - [hivemq-test-hivemq-platform] [hivemq-platform-operator] [75472ea2] 13:42:38.558 [ReconcilerExecutor-hivemq-controller-112] INFO  c.h.p.o.h.HiveMQPlatformReconcilerBaseHandler - [helmcust] HiveMQ Platform is starting, 0 of 2 replicas are ready
2025-01-29 13:42:38,897 INFO c.h.h.t.HelmChartContainer - [test-hivemq-platform] [hivemq] [210755fe] INFO  - Extension "DNS Cluster Discovery Extension" version 4.3.2 started successfully.
2025-01-29 13:42:38,898 INFO c.h.h.t.HelmChartContainer - [test-hivemq-platform] [hivemq] [210755fe] INFO  - Starting extension with id "hivemq-prometheus-extension" at /opt/hivemq/extensions/hivemq-prometheus-extension
2025-01-29 13:42:38,907 INFO c.h.h.t.HelmChartContainer - [test-hivemq-platform] [hivemq] [210755fe] INFO  - Using TCP cluster transport on address 10.42.0.11 and port 7000
2025-01-29 13:42:39,000 INFO c.h.h.t.HelmChartContainer - [test-hivemq-platform] [hivemq] [210755fe] INFO  - Using extension cluster discovery
2025-01-29 13:42:39,351 INFO c.h.h.t.HelmChartContainer - [EVENT] Warning [Unhealthy] Readiness probe failed: Get "http://10.42.0.11:7979/readiness": context deadline exceeded (Client.Timeout exceeded while awaiting headers) [helmcustomsecretconfigit:test-hivemq-platform-0]
2025-01-29 13:42:39,351 INFO c.h.h.t.HelmChartContainer - Received Unhealthy event for container hivemq in pod test-hivemq-platform-0 [210755fe-2b9b-4b25-a7b2-33a4136ab2c9]
2025-01-29 13:42:40,103 INFO c.h.h.t.HelmChartContainer - [test-hivemq-platform] [hivemq] [210755fe] INFO  - [HiveMQ Platform Operator Init App 1.7.0-SNAPSHOT] Returning Health API response 503 for readiness
2025-01-29 13:42:40,293 INFO c.h.h.t.HelmChartContainer - [test-hivemq-platform] [hivemq] [210755fe] INFO  - Started Jetty Server exposing Prometheus Servlet on URI http://0.0.0.0:9399/
2025-01-29 13:42:40,293 INFO c.h.h.t.HelmChartContainer - [test-hivemq-platform] [hivemq] [210755fe] INFO  - Extension "Prometheus Monitoring Extension" version 4.0.12 started successfully.
2025-01-29 13:42:40,294 INFO c.h.h.t.HelmChartContainer - [test-hivemq-platform] [hivemq] [210755fe] INFO  - Starting extension with id "hivemq-allow-all-extension" at /opt/hivemq/extensions/hivemq-allow-all-extension
2025-01-29 13:42:40,296 INFO c.h.h.t.HelmChartContainer - [test-hivemq-platform] [hivemq] [210755fe] WARN  - 
2025-01-29 13:42:40,296 INFO c.h.h.t.HelmChartContainer - [test-hivemq-platform] [hivemq] [210755fe] ################################################################################################################
2025-01-29 13:42:40,296 INFO c.h.h.t.HelmChartContainer - [test-hivemq-platform] [hivemq] [210755fe] # This HiveMQ deployment is not secure! You are lacking Authentication and Authorization.                      #
2025-01-29 13:42:40,296 INFO c.h.h.t.HelmChartContainer - [test-hivemq-platform] [hivemq] [210755fe] # Right now any MQTT client can connect to the broker with a full set of permissions.                          #
2025-01-29 13:42:40,296 INFO c.h.h.t.HelmChartContainer - [test-hivemq-platform] [hivemq] [210755fe] # For production usage, add an appropriate security extension and remove the hivemq-allow-all extension.       #
2025-01-29 13:42:40,296 INFO c.h.h.t.HelmChartContainer - [test-hivemq-platform] [hivemq] [210755fe] # You can download security extensions from the HiveMQ Marketplace (https://www.hivemq.com/extensions/).       #
2025-01-29 13:42:40,296 INFO c.h.h.t.HelmChartContainer - [test-hivemq-platform] [hivemq] [210755fe] ################################################################################################################
2025-01-29 13:42:40,298 INFO c.h.h.t.HelmChartContainer - [test-hivemq-platform] [hivemq] [210755fe] INFO  - Extension "Allow All Extension" version 1.1.1 started successfully.
2025-01-29 13:42:42,404 INFO c.h.h.t.HelmChartContainer - [test-hivemq-platform] [hivemq] [210755fe] INFO  - I2txr: no members discovered after 2707 ms: creating cluster as first member
2025-01-29 13:42:42,413 INFO c.h.h.t.HelmChartContainer - [test-hivemq-platform] [hivemq] [210755fe] INFO  - Cluster nodes found by discovery: [I2txr|0] (1) [I2txr].
2025-01-29 13:42:42,498 INFO c.h.h.t.HelmChartContainer - [test-hivemq-platform] [hivemq] [210755fe] WARN  - No user for HiveMQ Control Center configured. Starting with default user
2025-01-29 13:42:42,499 INFO c.h.h.t.HelmChartContainer - [test-hivemq-platform] [hivemq] [210755fe] INFO  - Starting HiveMQ Control Center on address 0.0.0.0 and port 8080
2025-01-29 13:42:42,502 INFO c.h.h.t.HelmChartContainer - [test-hivemq-platform] [hivemq] [210755fe] INFO  - Mounting HiveMQ Control Center V2 Preview
2025-01-29 13:42:43,203 INFO c.h.h.t.HelmChartContainer - [test-hivemq-platform] [hivemq] [210755fe] INFO  - Started HiveMQ Control Center in 705ms
2025-01-29 13:42:43,298 INFO c.h.h.t.HelmChartContainer - [test-hivemq-platform] [hivemq] [210755fe] INFO  - Starting TCP listener on address 0.0.0.0 and port 1883
2025-01-29 13:42:43,395 INFO c.h.h.t.HelmChartContainer - [test-hivemq-platform] [hivemq] [210755fe] INFO  - Started TCP Listener on address 0.0.0.0 and on port 1883.
2025-01-29 13:42:43,395 INFO c.h.h.t.HelmChartContainer - [test-hivemq-platform] [hivemq] [210755fe] INFO  - Started HiveMQ in 32707ms
2025-01-29 13:42:43,399 INFO c.h.h.t.HelmChartContainer - [test-hivemq-platform] [hivemq] [210755fe] INFO  - [HiveMQ Platform Operator Init App 1.7.0-SNAPSHOT] Returning Health API response 200 for readiness
2025-01-29 13:42:43,412 INFO c.h.h.t.HelmChartContainer - [POD] test-hivemq-platform-0 [210755fe-2b9b-4b25-a7b2-33a4136ab2c9] in helmcustomsecretconfigit was MODIFIED
2025-01-29 13:42:43,428 INFO c.h.h.t.HelmChartContainer - [hivemq-test-hivemq-platform] [hivemq-platform-operator] [75472ea2] 13:42:43.423 [pool-6-thread-8] DEBUG c.h.p.o.dependants.PodInfoConfigMap - [helmcust] Desired PodInfo ConfigMap (1 extensions) (1 enabled)
2025-01-29 13:42:43,428 INFO c.h.h.t.HelmChartContainer - [hivemq-test-hivemq-platform] [hivemq-platform-operator] [75472ea2] 13:42:43.423 [pool-6-thread-8] DEBUG c.h.p.o.dependants.PodInfoConfigMap - [helmcust] Desired PodInfo ConfigMap (metrics port: 9399) (metrics path: /)
2025-01-29 13:42:43,428 INFO c.h.h.t.HelmChartContainer - [hivemq-test-hivemq-platform] [hivemq-platform-operator] [75472ea2] 13:42:43.423 [pool-6-thread-8] DEBUG c.h.p.o.dependants.PodInfoConfigMap - [helmcust] Desired PodInfo ConfigMap (extension state hash: -1817474005)
2025-01-29 13:42:43,428 INFO c.h.h.t.HelmChartContainer - [hivemq-test-hivemq-platform] [hivemq-platform-operator] [75472ea2] 13:42:43.424 [pool-6-thread-1] DEBUG c.h.p.o.d.PodServiceAccountResource - [helmcust] Desired PodServiceAccountResource (serviceAccountName: hivemq-platform-pod-test-hivemq-platform)
2025-01-29 13:42:43,428 INFO c.h.h.t.HelmChartContainer - [hivemq-test-hivemq-platform] [hivemq-platform-operator] [75472ea2] 13:42:43.425 [pool-6-thread-3] DEBUG c.h.p.o.d.PlatformServiceResource - [helmcust] Desired Platform services (3 services)
2025-01-29 13:42:43,436 INFO c.h.h.t.HelmChartContainer - [hivemq-test-hivemq-platform] [hivemq-platform-operator] [75472ea2] 13:42:43.434 [pool-6-thread-8] DEBUG c.h.p.o.d.StatefulSetResource - [helmcust] Desired StatefulSet (2 replicas) for status STARTING (READY)
2025-01-29 13:42:43,442 INFO c.h.h.t.HelmChartContainer - [POD] test-hivemq-platform-1 [fed85822-9be1-4370-990d-26b1e76d0a3b] in helmcustomsecretconfigit was ADDED
2025-01-29 13:42:43,449 INFO c.h.h.t.HelmChartContainer - [hivemq-test-hivemq-platform] [hivemq-platform-operator] [75472ea2] 13:42:43.447 [ReconcilerExecutor-hivemq-controller-113] INFO  c.h.p.o.HiveMQPlatformReconciler - [helmcust] Reconciling HiveMQ Platform 'test-hivemq-platform' in namespace 'helmcustomsecretconfigit'
2025-01-29 13:42:43,449 INFO c.h.h.t.HelmChartContainer - [hivemq-test-hivemq-platform] [hivemq-platform-operator] [75472ea2] 13:42:43.447 [ReconcilerExecutor-hivemq-controller-113] DEBUG c.h.p.o.HiveMQPlatformReconciler - [helmcust] Custom Resource Status STARTING - HiveMQ Platform is starting (READY)
2025-01-29 13:42:43,449 INFO c.h.h.t.HelmChartContainer - [hivemq-test-hivemq-platform] [hivemq-platform-operator] [75472ea2] 13:42:43.447 [ReconcilerExecutor-hivemq-controller-113] DEBUG c.h.p.o.HiveMQPlatformReconciler - [helmcust] Custom Resource Spec (replicas: 2) (extensions: 1)
2025-01-29 13:42:43,451 INFO c.h.h.t.HelmChartContainer - [hivemq-test-hivemq-platform] [hivemq-platform-operator] [75472ea2] 13:42:43.449 [ReconcilerExecutor-hivemq-controller-113] DEBUG c.h.p.o.HiveMQPlatformReconciler - [helmcust] StatefulSet Status (revision: test-hivemq-platform-7f5cbb4b76, replicas: 1, available: 0, ready: 0, current: 1, updated: 1)
2025-01-29 13:42:43,451 INFO c.h.h.t.HelmChartContainer - [hivemq-test-hivemq-platform] [hivemq-platform-operator] [75472ea2] 13:42:43.449 [ReconcilerExecutor-hivemq-controller-113] DEBUG c.h.p.o.HiveMQPlatformReconciler - [helmcust] StatefulSet Spec (replicas: 2, init containers: 1, containers: 1, volumes: 3)
2025-01-29 13:42:43,452 INFO c.h.h.t.HelmChartContainer - [hivemq-test-hivemq-platform] [hivemq-platform-operator] [75472ea2] 13:42:43.450 [ReconcilerExecutor-hivemq-controller-113] DEBUG c.h.p.o.h.HiveMQPlatformReconcilerErrorHandler - [helmcust] Pod 'test-hivemq-platform-1' phase Pending
2025-01-29 13:42:43,458 INFO c.h.h.t.HelmChartContainer - [hivemq-test-hivemq-platform] [hivemq-platform-operator] [75472ea2] 13:42:43.452 [ReconcilerExecutor-hivemq-controller-113] DEBUG c.h.p.o.h.HiveMQPlatformReconcilerErrorHandler - [helmcust] Pod 'test-hivemq-platform-0' phase Running
2025-01-29 13:42:43,458 INFO c.h.h.t.HelmChartContainer - [EVENT] Normal [SuccessfulCreate] create Pod test-hivemq-platform-1 in StatefulSet test-hivemq-platform successful [helmcustomsecretconfigit:test-hivemq-platform]
2025-01-29 13:42:43,458 INFO c.h.h.t.HelmChartContainer - [POD] test-hivemq-platform-1 [fed85822-9be1-4370-990d-26b1e76d0a3b] in helmcustomsecretconfigit was MODIFIED
2025-01-29 13:42:43,464 INFO c.h.h.t.HelmChartContainer - [hivemq-test-hivemq-platform] [hivemq-platform-operator] [75472ea2] 13:42:43.458 [ReconcilerExecutor-hivemq-controller-113] INFO  c.h.p.o.h.HiveMQPlatformReconcilerBaseHandler - [helmcust] HiveMQ Platform is starting, 0 of 2 replicas are ready
2025-01-29 13:42:43,469 INFO c.h.h.t.HelmChartContainer - [hivemq-test-hivemq-platform] [hivemq-platform-operator] [75472ea2] 13:42:43.466 [pool-6-thread-19] DEBUG c.h.p.o.d.PlatformServiceResource - [helmcust] Desired Platform services (3 services)
2025-01-29 13:42:43,469 INFO c.h.h.t.HelmChartContainer - [hivemq-test-hivemq-platform] [hivemq-platform-operator] [75472ea2] 13:42:43.468 [pool-6-thread-16] DEBUG c.h.p.o.dependants.PodInfoConfigMap - [helmcust] Desired PodInfo ConfigMap (1 extensions) (1 enabled)
2025-01-29 13:42:43,469 INFO c.h.h.t.HelmChartContainer - [hivemq-test-hivemq-platform] [hivemq-platform-operator] [75472ea2] 13:42:43.468 [pool-6-thread-16] DEBUG c.h.p.o.dependants.PodInfoConfigMap - [helmcust] Desired PodInfo ConfigMap (metrics port: 9399) (metrics path: /)
2025-01-29 13:42:43,469 INFO c.h.h.t.HelmChartContainer - [hivemq-test-hivemq-platform] [hivemq-platform-operator] [75472ea2] 13:42:43.468 [pool-6-thread-16] DEBUG c.h.p.o.dependants.PodInfoConfigMap - [helmcust] Desired PodInfo ConfigMap (extension state hash: -1817474005)
2025-01-29 13:42:43,476 INFO c.h.h.t.HelmChartContainer - [POD] test-hivemq-platform-1 [fed85822-9be1-4370-990d-26b1e76d0a3b] in helmcustomsecretconfigit was MODIFIED
2025-01-29 13:42:43,477 INFO c.h.h.t.HelmChartContainer - [EVENT] Normal [Scheduled] Successfully assigned helmcustomsecretconfigit/test-hivemq-platform-1 to 83e4a3cb5001 [helmcustomsecretconfigit:test-hivemq-platform-1]
2025-01-29 13:42:43,535 INFO c.h.h.t.HelmChartContainer - [hivemq-test-hivemq-platform] [hivemq-platform-operator] [75472ea2] 13:42:43.534 [pool-6-thread-16] DEBUG c.h.p.o.d.PodServiceAccountResource - [helmcust] Desired PodServiceAccountResource (serviceAccountName: hivemq-platform-pod-test-hivemq-platform)
2025-01-29 13:42:43,552 INFO c.h.h.t.HelmChartContainer - [hivemq-test-hivemq-platform] [hivemq-platform-operator] [75472ea2] 13:42:43.551 [pool-6-thread-17] DEBUG c.h.p.o.d.StatefulSetResource - [helmcust] Desired StatefulSet (2 replicas) for status STARTING (READY)
2025-01-29 13:42:43,558 INFO c.h.h.t.HelmChartContainer - [hivemq-test-hivemq-platform] [hivemq-platform-operator] [75472ea2] 13:42:43.555 [ReconcilerExecutor-hivemq-controller-114] INFO  c.h.p.o.HiveMQPlatformReconciler - [helmcust] Reconciling HiveMQ Platform 'test-hivemq-platform' in namespace 'helmcustomsecretconfigit'
2025-01-29 13:42:43,558 INFO c.h.h.t.HelmChartContainer - [hivemq-test-hivemq-platform] [hivemq-platform-operator] [75472ea2] 13:42:43.556 [ReconcilerExecutor-hivemq-controller-114] DEBUG c.h.p.o.HiveMQPlatformReconciler - [helmcust] Custom Resource Status STARTING - HiveMQ Platform is starting (READY)
2025-01-29 13:42:43,558 INFO c.h.h.t.HelmChartContainer - [hivemq-test-hivemq-platform] [hivemq-platform-operator] [75472ea2] 13:42:43.556 [ReconcilerExecutor-hivemq-controller-114] DEBUG c.h.p.o.HiveMQPlatformReconciler - [helmcust] Custom Resource Spec (replicas: 2) (extensions: 1)
2025-01-29 13:42:43,559 INFO c.h.h.t.HelmChartContainer - [hivemq-test-hivemq-platform] [hivemq-platform-operator] [75472ea2] 13:42:43.559 [ReconcilerExecutor-hivemq-controller-114] DEBUG c.h.p.o.HiveMQPlatformReconciler - [helmcust] StatefulSet Status (revision: test-hivemq-platform-7f5cbb4b76, replicas: 2, available: 1, ready: 1, current: 2, updated: 2)
2025-01-29 13:42:43,559 INFO c.h.h.t.HelmChartContainer - [hivemq-test-hivemq-platform] [hivemq-platform-operator] [75472ea2] 13:42:43.559 [ReconcilerExecutor-hivemq-controller-114] DEBUG c.h.p.o.HiveMQPlatformReconciler - [helmcust] StatefulSet Spec (replicas: 2, init containers: 1, containers: 1, volumes: 3)
2025-01-29 13:42:43,596 INFO c.h.h.t.HelmChartContainer - [K3S] [reconciler_common.go:251] "operationExecutor.VerifyControllerAttachedVolume started for volume \"broker-configuration\" (UniqueName: \"kubernetes.io/secret/fed85822-9be1-4370-990d-26b1e76d0a3b-broker-configuration\") pod \"test-hivemq-platform-1\" (UID: \"fed85822-9be1-4370-990d-26b1e76d0a3b\") " pod="helmcustomsecretconfigit/test-hivemq-platform-1"
2025-01-29 13:42:43,597 INFO c.h.h.t.HelmChartContainer - [K3S] [reconciler_common.go:251] "operationExecutor.VerifyControllerAttachedVolume started for volume \"kube-api-access-wcfq2\" (UniqueName: \"kubernetes.io/projected/fed85822-9be1-4370-990d-26b1e76d0a3b-kube-api-access-wcfq2\") pod \"test-hivemq-platform-1\" (UID: \"fed85822-9be1-4370-990d-26b1e76d0a3b\") " pod="helmcustomsecretconfigit/test-hivemq-platform-1"
2025-01-29 13:42:43,597 INFO c.h.h.t.HelmChartContainer - [K3S] [reconciler_common.go:251] "operationExecutor.VerifyControllerAttachedVolume started for volume \"pod-info\" (UniqueName: \"kubernetes.io/configmap/fed85822-9be1-4370-990d-26b1e76d0a3b-pod-info\") pod \"test-hivemq-platform-1\" (UID: \"fed85822-9be1-4370-990d-26b1e76d0a3b\") " pod="helmcustomsecretconfigit/test-hivemq-platform-1"
2025-01-29 13:42:43,597 INFO c.h.h.t.HelmChartContainer - [K3S] [reconciler_common.go:251] "operationExecutor.VerifyControllerAttachedVolume started for volume \"operator-init\" (UniqueName: \"kubernetes.io/empty-dir/fed85822-9be1-4370-990d-26b1e76d0a3b-operator-init\") pod \"test-hivemq-platform-1\" (UID: \"fed85822-9be1-4370-990d-26b1e76d0a3b\") " pod="helmcustomsecretconfigit/test-hivemq-platform-1"
2025-01-29 13:42:43,634 INFO c.h.h.t.HelmChartContainer - [hivemq-test-hivemq-platform] [hivemq-platform-operator] [75472ea2] 13:42:43.633 [ReconcilerExecutor-hivemq-controller-114] DEBUG c.h.p.o.h.HiveMQPlatformReconcilerErrorHandler - [helmcust] Pod 'test-hivemq-platform-1' phase Pending
2025-01-29 13:42:43,634 INFO c.h.h.t.HelmChartContainer - [hivemq-test-hivemq-platform] [hivemq-platform-operator] [75472ea2] 13:42:43.633 [ReconcilerExecutor-hivemq-controller-114] DEBUG c.h.p.o.h.HiveMQPlatformReconcilerErrorHandler - [helmcust] Pod 'test-hivemq-platform-1' condition 'PodReadyToStartContainers': False
2025-01-29 13:42:43,636 INFO c.h.h.t.HelmChartContainer - [hivemq-test-hivemq-platform] [hivemq-platform-operator] [75472ea2] 13:42:43.634 [ReconcilerExecutor-hivemq-controller-114] DEBUG c.h.p.o.h.HiveMQPlatformReconcilerErrorHandler - [helmcust] Pod 'test-hivemq-platform-1' condition 'Initialized': False
2025-01-29 13:42:43,636 INFO c.h.h.t.HelmChartContainer - [hivemq-test-hivemq-platform] [hivemq-platform-operator] [75472ea2] 13:42:43.634 [ReconcilerExecutor-hivemq-controller-114] DEBUG c.h.p.o.h.HiveMQPlatformReconcilerErrorHandler - [helmcust] Pod 'test-hivemq-platform-1' condition 'Ready': False
2025-01-29 13:42:43,636 INFO c.h.h.t.HelmChartContainer - [hivemq-test-hivemq-platform] [hivemq-platform-operator] [75472ea2] 13:42:43.634 [ReconcilerExecutor-hivemq-controller-114] DEBUG c.h.p.o.h.HiveMQPlatformReconcilerErrorHandler - [helmcust] Pod 'test-hivemq-platform-1' condition 'ContainersReady': False
2025-01-29 13:42:43,636 INFO c.h.h.t.HelmChartContainer - [hivemq-test-hivemq-platform] [hivemq-platform-operator] [75472ea2] 13:42:43.634 [ReconcilerExecutor-hivemq-controller-114] DEBUG c.h.p.o.h.HiveMQPlatformReconcilerErrorHandler - [helmcust] Pod 'test-hivemq-platform-1' condition 'PodScheduled': True
2025-01-29 13:42:43,636 INFO c.h.h.t.HelmChartContainer - [hivemq-test-hivemq-platform] [hivemq-platform-operator] [75472ea2] 13:42:43.634 [ReconcilerExecutor-hivemq-controller-114] DEBUG c.h.p.o.h.HiveMQPlatformReconcilerErrorHandler - [helmcust] Pod 'test-hivemq-platform-1' containerStatus 'hivemq' (started: false) (ready: false) (waiting: [PodInitializing] null)
2025-01-29 13:42:43,637 INFO c.h.h.t.HelmChartContainer - [hivemq-test-hivemq-platform] [hivemq-platform-operator] [75472ea2] 13:42:43.635 [ReconcilerExecutor-hivemq-controller-114] DEBUG c.h.p.o.h.HiveMQPlatformReconcilerErrorHandler - [helmcust] Pod 'test-hivemq-platform-0' phase Running
2025-01-29 13:42:43,638 INFO c.h.h.t.HelmChartContainer - [hivemq-test-hivemq-platform] [hivemq-platform-operator] [75472ea2] 13:42:43.636 [ReconcilerExecutor-hivemq-controller-114] INFO  c.h.p.o.h.HiveMQPlatformReconcilerBaseHandler - [helmcust] HiveMQ Platform is starting, 1 of 2 replicas are ready
2025-01-29 13:42:43,654 INFO c.h.h.t.HelmChartContainer - [hivemq-test-hivemq-platform] [hivemq-platform-operator] [75472ea2] 13:42:43.652 [pool-6-thread-23] DEBUG c.h.p.o.dependants.PodInfoConfigMap - [helmcust] Desired PodInfo ConfigMap (1 extensions) (1 enabled)
2025-01-29 13:42:43,655 INFO c.h.h.t.HelmChartContainer - [hivemq-test-hivemq-platform] [hivemq-platform-operator] [75472ea2] 13:42:43.653 [pool-6-thread-23] DEBUG c.h.p.o.dependants.PodInfoConfigMap - [helmcust] Desired PodInfo ConfigMap (metrics port: 9399) (metrics path: /)
2025-01-29 13:42:43,655 INFO c.h.h.t.HelmChartContainer - [hivemq-test-hivemq-platform] [hivemq-platform-operator] [75472ea2] 13:42:43.653 [pool-6-thread-27] DEBUG c.h.p.o.d.PodServiceAccountResource - [helmcust] Desired PodServiceAccountResource (serviceAccountName: hivemq-platform-pod-test-hivemq-platform)
2025-01-29 13:42:43,656 INFO c.h.h.t.HelmChartContainer - [hivemq-test-hivemq-platform] [hivemq-platform-operator] [75472ea2] 13:42:43.654 [pool-6-thread-23] DEBUG c.h.p.o.dependants.PodInfoConfigMap - [helmcust] Desired PodInfo ConfigMap (extension state hash: -1817474005)
2025-01-29 13:42:43,656 INFO c.h.h.t.HelmChartContainer - [hivemq-test-hivemq-platform] [hivemq-platform-operator] [75472ea2] 13:42:43.653 [pool-6-thread-28] DEBUG c.h.p.o.d.PlatformServiceResource - [helmcust] Desired Platform services (3 services)
2025-01-29 13:42:43,733 INFO c.h.h.t.HelmChartContainer - [hivemq-test-hivemq-platform] [hivemq-platform-operator] [75472ea2] 13:42:43.732 [pool-6-thread-25] DEBUG c.h.p.o.d.StatefulSetResource - [helmcust] Desired StatefulSet (2 replicas) for status STARTING (READY)
2025-01-29 13:42:43,739 INFO c.h.h.t.HelmChartContainer - [hivemq-test-hivemq-platform] [hivemq-platform-operator] [75472ea2] 13:42:43.737 [ReconcilerExecutor-hivemq-controller-115] INFO  c.h.p.o.HiveMQPlatformReconciler - [helmcust] Reconciling HiveMQ Platform 'test-hivemq-platform' in namespace 'helmcustomsecretconfigit'
2025-01-29 13:42:43,739 INFO c.h.h.t.HelmChartContainer - [hivemq-test-hivemq-platform] [hivemq-platform-operator] [75472ea2] 13:42:43.737 [ReconcilerExecutor-hivemq-controller-115] DEBUG c.h.p.o.HiveMQPlatformReconciler - [helmcust] Custom Resource Status STARTING - HiveMQ Platform is starting (READY)
2025-01-29 13:42:43,739 INFO c.h.h.t.HelmChartContainer - [hivemq-test-hivemq-platform] [hivemq-platform-operator] [75472ea2] 13:42:43.737 [ReconcilerExecutor-hivemq-controller-115] DEBUG c.h.p.o.HiveMQPlatformReconciler - [helmcust] Custom Resource Spec (replicas: 2) (extensions: 1)
2025-01-29 13:42:43,751 INFO c.h.h.t.HelmChartContainer - [hivemq-test-hivemq-platform] [hivemq-platform-operator] [75472ea2] 13:42:43.749 [ReconcilerExecutor-hivemq-controller-115] DEBUG c.h.p.o.HiveMQPlatformReconciler - [helmcust] StatefulSet Status (revision: test-hivemq-platform-7f5cbb4b76, replicas: 2, available: 1, ready: 1, current: 2, updated: 2)
2025-01-29 13:42:43,751 INFO c.h.h.t.HelmChartContainer - [hivemq-test-hivemq-platform] [hivemq-platform-operator] [75472ea2] 13:42:43.749 [ReconcilerExecutor-hivemq-controller-115] DEBUG c.h.p.o.HiveMQPlatformReconciler - [helmcust] StatefulSet Spec (replicas: 2, init containers: 1, containers: 1, volumes: 3)
2025-01-29 13:42:43,752 INFO c.h.h.t.HelmChartContainer - [hivemq-test-hivemq-platform] [hivemq-platform-operator] [75472ea2] 13:42:43.751 [ReconcilerExecutor-hivemq-controller-115] DEBUG c.h.p.o.h.HiveMQPlatformReconcilerErrorHandler - [helmcust] Pod 'test-hivemq-platform-1' phase Pending
2025-01-29 13:42:43,753 INFO c.h.h.t.HelmChartContainer - [hivemq-test-hivemq-platform] [hivemq-platform-operator] [75472ea2] 13:42:43.752 [ReconcilerExecutor-hivemq-controller-115] DEBUG c.h.p.o.h.HiveMQPlatformReconcilerErrorHandler - [helmcust] Pod 'test-hivemq-platform-1' condition 'PodReadyToStartContainers': False
2025-01-29 13:42:43,754 INFO c.h.h.t.HelmChartContainer - [hivemq-test-hivemq-platform] [hivemq-platform-operator] [75472ea2] 13:42:43.752 [ReconcilerExecutor-hivemq-controller-115] DEBUG c.h.p.o.h.HiveMQPlatformReconcilerErrorHandler - [helmcust] Pod 'test-hivemq-platform-1' condition 'Initialized': False
2025-01-29 13:42:43,754 INFO c.h.h.t.HelmChartContainer - [hivemq-test-hivemq-platform] [hivemq-platform-operator] [75472ea2] 13:42:43.752 [ReconcilerExecutor-hivemq-controller-115] DEBUG c.h.p.o.h.HiveMQPlatformReconcilerErrorHandler - [helmcust] Pod 'test-hivemq-platform-1' condition 'Ready': False
2025-01-29 13:42:43,754 INFO c.h.h.t.HelmChartContainer - [hivemq-test-hivemq-platform] [hivemq-platform-operator] [75472ea2] 13:42:43.752 [ReconcilerExecutor-hivemq-controller-115] DEBUG c.h.p.o.h.HiveMQPlatformReconcilerErrorHandler - [helmcust] Pod 'test-hivemq-platform-1' condition 'ContainersReady': False
2025-01-29 13:42:43,754 INFO c.h.h.t.HelmChartContainer - [hivemq-test-hivemq-platform] [hivemq-platform-operator] [75472ea2] 13:42:43.752 [ReconcilerExecutor-hivemq-controller-115] DEBUG c.h.p.o.h.HiveMQPlatformReconcilerErrorHandler - [helmcust] Pod 'test-hivemq-platform-1' condition 'PodScheduled': True
2025-01-29 13:42:43,754 INFO c.h.h.t.HelmChartContainer - [hivemq-test-hivemq-platform] [hivemq-platform-operator] [75472ea2] 13:42:43.752 [ReconcilerExecutor-hivemq-controller-115] DEBUG c.h.p.o.h.HiveMQPlatformReconcilerErrorHandler - [helmcust] Pod 'test-hivemq-platform-1' containerStatus 'hivemq' (started: false) (ready: false) (waiting: [PodInitializing] null)
2025-01-29 13:42:43,756 INFO c.h.h.t.HelmChartContainer - [hivemq-test-hivemq-platform] [hivemq-platform-operator] [75472ea2] 13:42:43.754 [ReconcilerExecutor-hivemq-controller-115] DEBUG c.h.p.o.h.HiveMQPlatformReconcilerErrorHandler - [helmcust] Pod 'test-hivemq-platform-0' phase Running
2025-01-29 13:42:43,756 INFO c.h.h.t.HelmChartContainer - [hivemq-test-hivemq-platform] [hivemq-platform-operator] [75472ea2] 13:42:43.755 [ReconcilerExecutor-hivemq-controller-115] INFO  c.h.p.o.h.HiveMQPlatformReconcilerBaseHandler - [helmcust] HiveMQ Platform is starting, 1 of 2 replicas are ready
2025-01-29 13:42:43,856 INFO c.h.h.t.HelmChartContainer - [EVENT] Normal [Pulled] Container image "docker.io/hivemq/hivemq-platform-operator-init-test:snapshot" already present on machine [helmcustomsecretconfigit:test-hivemq-platform-1]
2025-01-29 13:42:43,863 INFO c.h.h.t.HelmChartContainer - [EVENT] Normal [Created] Created container: hivemq-platform-operator-init [helmcustomsecretconfigit:test-hivemq-platform-1]
2025-01-29 13:42:43,901 INFO c.h.h.t.HelmChartContainer - [EVENT] Normal [Started] Started container hivemq-platform-operator-init [helmcustomsecretconfigit:test-hivemq-platform-1]
2025-01-29 13:42:44,747 INFO c.h.h.t.HelmChartContainer - [EVENT] Normal [Pulled] Container image "docker.io/hivemq/hivemq4:4.36.0" already present on machine [helmcustomsecretconfigit:test-hivemq-platform-1]
2025-01-29 13:42:44,748 INFO c.h.h.t.HelmChartContainer - Received Pulled event for container hivemq in pod test-hivemq-platform-1 [fed85822-9be1-4370-990d-26b1e76d0a3b]
2025-01-29 13:42:44,756 INFO c.h.h.t.HelmChartContainer - [POD] test-hivemq-platform-1 [fed85822-9be1-4370-990d-26b1e76d0a3b] in helmcustomsecretconfigit was MODIFIED
2025-01-29 13:42:44,779 INFO c.h.h.t.HelmChartContainer - [hivemq-test-hivemq-platform] [hivemq-platform-operator] [75472ea2] 13:42:44.768 [pool-6-thread-35] DEBUG c.h.p.o.d.PlatformServiceResource - [helmcust] Desired Platform services (3 services)
2025-01-29 13:42:44,779 INFO c.h.h.t.HelmChartContainer - [hivemq-test-hivemq-platform] [hivemq-platform-operator] [75472ea2] 13:42:44.771 [pool-6-thread-36] DEBUG c.h.p.o.dependants.PodInfoConfigMap - [helmcust] Desired PodInfo ConfigMap (1 extensions) (1 enabled)
2025-01-29 13:42:44,779 INFO c.h.h.t.HelmChartContainer - [hivemq-test-hivemq-platform] [hivemq-platform-operator] [75472ea2] 13:42:44.771 [pool-6-thread-36] DEBUG c.h.p.o.dependants.PodInfoConfigMap - [helmcust] Desired PodInfo ConfigMap (metrics port: 9399) (metrics path: /)
2025-01-29 13:42:44,779 INFO c.h.h.t.HelmChartContainer - [hivemq-test-hivemq-platform] [hivemq-platform-operator] [75472ea2] 13:42:44.771 [pool-6-thread-36] DEBUG c.h.p.o.dependants.PodInfoConfigMap - [helmcust] Desired PodInfo ConfigMap (extension state hash: -1817474005)
2025-01-29 13:42:44,779 INFO c.h.h.t.HelmChartContainer - [hivemq-test-hivemq-platform] [hivemq-platform-operator] [75472ea2] 13:42:44.772 [pool-6-thread-35] DEBUG c.h.p.o.d.PodServiceAccountResource - [helmcust] Desired PodServiceAccountResource (serviceAccountName: hivemq-platform-pod-test-hivemq-platform)
2025-01-29 13:42:44,790 INFO c.h.h.t.HelmChartContainer - [EVENT] Normal [Created] Created container: hivemq [helmcustomsecretconfigit:test-hivemq-platform-1]
2025-01-29 13:42:44,790 INFO c.h.h.t.HelmChartContainer - Received Created event for container hivemq in pod test-hivemq-platform-1 [fed85822-9be1-4370-990d-26b1e76d0a3b]
2025-01-29 13:42:44,853 INFO c.h.h.t.HelmChartContainer - [hivemq-test-hivemq-platform] [hivemq-platform-operator] [75472ea2] 13:42:44.851 [pool-6-thread-32] DEBUG c.h.p.o.d.StatefulSetResource - [helmcust] Desired StatefulSet (2 replicas) for status STARTING (READY)
2025-01-29 13:42:44,865 INFO c.h.h.t.HelmChartContainer - [hivemq-test-hivemq-platform] [hivemq-platform-operator] [75472ea2] 13:42:44.862 [ReconcilerExecutor-hivemq-controller-116] INFO  c.h.p.o.HiveMQPlatformReconciler - [helmcust] Reconciling HiveMQ Platform 'test-hivemq-platform' in namespace 'helmcustomsecretconfigit'
2025-01-29 13:42:44,865 INFO c.h.h.t.HelmChartContainer - [hivemq-test-hivemq-platform] [hivemq-platform-operator] [75472ea2] 13:42:44.862 [ReconcilerExecutor-hivemq-controller-116] DEBUG c.h.p.o.HiveMQPlatformReconciler - [helmcust] Custom Resource Status STARTING - HiveMQ Platform is starting (READY)
2025-01-29 13:42:44,865 INFO c.h.h.t.HelmChartContainer - [hivemq-test-hivemq-platform] [hivemq-platform-operator] [75472ea2] 13:42:44.862 [ReconcilerExecutor-hivemq-controller-116] DEBUG c.h.p.o.HiveMQPlatformReconciler - [helmcust] Custom Resource Spec (replicas: 2) (extensions: 1)
2025-01-29 13:42:44,865 INFO c.h.h.t.HelmChartContainer - [hivemq-test-hivemq-platform] [hivemq-platform-operator] [75472ea2] 13:42:44.864 [ReconcilerExecutor-hivemq-controller-116] DEBUG c.h.p.o.HiveMQPlatformReconciler - [helmcust] StatefulSet Status (revision: test-hivemq-platform-7f5cbb4b76, replicas: 2, available: 1, ready: 1, current: 2, updated: 2)
2025-01-29 13:42:44,865 INFO c.h.h.t.HelmChartContainer - [hivemq-test-hivemq-platform] [hivemq-platform-operator] [75472ea2] 13:42:44.864 [ReconcilerExecutor-hivemq-controller-116] DEBUG c.h.p.o.HiveMQPlatformReconciler - [helmcust] StatefulSet Spec (replicas: 2, init containers: 1, containers: 1, volumes: 3)
2025-01-29 13:42:44,870 INFO c.h.h.t.HelmChartContainer - [hivemq-test-hivemq-platform] [hivemq-platform-operator] [75472ea2] 13:42:44.868 [ReconcilerExecutor-hivemq-controller-116] DEBUG c.h.p.o.h.HiveMQPlatformReconcilerErrorHandler - [helmcust] Pod 'test-hivemq-platform-1' phase Pending
2025-01-29 13:42:44,870 INFO c.h.h.t.HelmChartContainer - [hivemq-test-hivemq-platform] [hivemq-platform-operator] [75472ea2] 13:42:44.868 [ReconcilerExecutor-hivemq-controller-116] DEBUG c.h.p.o.h.HiveMQPlatformReconcilerErrorHandler - [helmcust] Pod 'test-hivemq-platform-1' condition 'PodReadyToStartContainers': True
2025-01-29 13:42:44,870 INFO c.h.h.t.HelmChartContainer - [hivemq-test-hivemq-platform] [hivemq-platform-operator] [75472ea2] 13:42:44.868 [ReconcilerExecutor-hivemq-controller-116] DEBUG c.h.p.o.h.HiveMQPlatformReconcilerErrorHandler - [helmcust] Pod 'test-hivemq-platform-1' condition 'Initialized': True
2025-01-29 13:42:44,870 INFO c.h.h.t.HelmChartContainer - [hivemq-test-hivemq-platform] [hivemq-platform-operator] [75472ea2] 13:42:44.868 [ReconcilerExecutor-hivemq-controller-116] DEBUG c.h.p.o.h.HiveMQPlatformReconcilerErrorHandler - [helmcust] Pod 'test-hivemq-platform-1' condition 'Ready': False
2025-01-29 13:42:44,870 INFO c.h.h.t.HelmChartContainer - [hivemq-test-hivemq-platform] [hivemq-platform-operator] [75472ea2] 13:42:44.868 [ReconcilerExecutor-hivemq-controller-116] DEBUG c.h.p.o.h.HiveMQPlatformReconcilerErrorHandler - [helmcust] Pod 'test-hivemq-platform-1' condition 'ContainersReady': False
2025-01-29 13:42:44,870 INFO c.h.h.t.HelmChartContainer - [hivemq-test-hivemq-platform] [hivemq-platform-operator] [75472ea2] 13:42:44.868 [ReconcilerExecutor-hivemq-controller-116] DEBUG c.h.p.o.h.HiveMQPlatformReconcilerErrorHandler - [helmcust] Pod 'test-hivemq-platform-1' condition 'PodScheduled': True
2025-01-29 13:42:44,870 INFO c.h.h.t.HelmChartContainer - [hivemq-test-hivemq-platform] [hivemq-platform-operator] [75472ea2] 13:42:44.868 [ReconcilerExecutor-hivemq-controller-116] DEBUG c.h.p.o.h.HiveMQPlatformReconcilerErrorHandler - [helmcust] Pod 'test-hivemq-platform-1' containerStatus 'hivemq' (started: false) (ready: false) (waiting: [PodInitializing] null)
2025-01-29 13:42:44,871 INFO c.h.h.t.HelmChartContainer - [hivemq-test-hivemq-platform] [hivemq-platform-operator] [75472ea2] 13:42:44.869 [ReconcilerExecutor-hivemq-controller-116] DEBUG c.h.p.o.h.HiveMQPlatformReconcilerErrorHandler - [helmcust] Pod 'test-hivemq-platform-0' phase Running
2025-01-29 13:42:44,872 INFO c.h.h.t.HelmChartContainer - [hivemq-test-hivemq-platform] [hivemq-platform-operator] [75472ea2] 13:42:44.871 [ReconcilerExecutor-hivemq-controller-116] INFO  c.h.p.o.h.HiveMQPlatformReconcilerBaseHandler - [helmcust] HiveMQ Platform is starting, 1 of 2 replicas are ready
2025-01-29 13:42:45,757 INFO c.h.h.t.HelmChartContainer - [POD] test-hivemq-platform-1 [fed85822-9be1-4370-990d-26b1e76d0a3b] in helmcustomsecretconfigit was MODIFIED
2025-01-29 13:42:45,770 INFO c.h.h.t.HelmChartContainer - [hivemq-test-hivemq-platform] [hivemq-platform-operator] [75472ea2] 13:42:45.768 [pool-6-thread-43] DEBUG c.h.p.o.d.PlatformServiceResource - [helmcust] Desired Platform services (3 services)
2025-01-29 13:42:45,770 INFO c.h.h.t.HelmChartContainer - [hivemq-test-hivemq-platform] [hivemq-platform-operator] [75472ea2] 13:42:45.769 [pool-6-thread-44] DEBUG c.h.p.o.dependants.PodInfoConfigMap - [helmcust] Desired PodInfo ConfigMap (1 extensions) (1 enabled)
2025-01-29 13:42:45,775 INFO c.h.h.t.HelmChartContainer - [hivemq-test-hivemq-platform] [hivemq-platform-operator] [75472ea2] 13:42:45.772 [pool-6-thread-44] DEBUG c.h.p.o.dependants.PodInfoConfigMap - [helmcust] Desired PodInfo ConfigMap (metrics port: 9399) (metrics path: /)
2025-01-29 13:42:45,775 INFO c.h.h.t.HelmChartContainer - [hivemq-test-hivemq-platform] [hivemq-platform-operator] [75472ea2] 13:42:45.773 [pool-6-thread-44] DEBUG c.h.p.o.dependants.PodInfoConfigMap - [helmcust] Desired PodInfo ConfigMap (extension state hash: -1817474005)
2025-01-29 13:42:45,776 INFO c.h.h.t.HelmChartContainer - [EVENT] Normal [Started] Started container hivemq [helmcustomsecretconfigit:test-hivemq-platform-1]
2025-01-29 13:42:45,776 INFO c.h.h.t.HelmChartContainer - Started log watcher for hivemq in pod test-hivemq-platform-1 [fed85822-9be1-4370-990d-26b1e76d0a3b]
2025-01-29 13:42:45,776 INFO c.h.h.t.HelmChartContainer - Received Started event for container hivemq in pod test-hivemq-platform-1 [fed85822-9be1-4370-990d-26b1e76d0a3b]
2025-01-29 13:42:45,776 INFO c.h.h.t.HelmChartContainer - [test-hivemq-platform] [hivemq] [fed85822] Adding pre-installed HiveMQ Platform Operator extensions
2025-01-29 13:42:45,776 INFO c.h.h.t.HelmChartContainer - [test-hivemq-platform] [hivemq] [fed85822] Running as user 10000
2025-01-29 13:42:45,776 INFO c.h.h.t.HelmChartContainer - [test-hivemq-platform] [hivemq] [fed85822] Starting HiveMQ Platform Operator Init
2025-01-29 13:42:45,777 INFO c.h.h.t.HelmChartContainer - [hivemq-test-hivemq-platform] [hivemq-platform-operator] [75472ea2] 13:42:45.771 [pool-6-thread-41] DEBUG c.h.p.o.d.PodServiceAccountResource - [helmcust] Desired PodServiceAccountResource (serviceAccountName: hivemq-platform-pod-test-hivemq-platform)
2025-01-29 13:42:45,852 INFO c.h.h.t.HelmChartContainer - [hivemq-test-hivemq-platform] [hivemq-platform-operator] [75472ea2] 13:42:45.850 [pool-6-thread-43] DEBUG c.h.p.o.d.StatefulSetResource - [helmcust] Desired StatefulSet (2 replicas) for status STARTING (READY)
2025-01-29 13:42:45,855 INFO c.h.h.t.HelmChartContainer - [hivemq-test-hivemq-platform] [hivemq-platform-operator] [75472ea2] 13:42:45.854 [ReconcilerExecutor-hivemq-controller-117] INFO  c.h.p.o.HiveMQPlatformReconciler - [helmcust] Reconciling HiveMQ Platform 'test-hivemq-platform' in namespace 'helmcustomsecretconfigit'
2025-01-29 13:42:45,856 INFO c.h.h.t.HelmChartContainer - [hivemq-test-hivemq-platform] [hivemq-platform-operator] [75472ea2] 13:42:45.854 [ReconcilerExecutor-hivemq-controller-117] DEBUG c.h.p.o.HiveMQPlatformReconciler - [helmcust] Custom Resource Status STARTING - HiveMQ Platform is starting (READY)
2025-01-29 13:42:45,856 INFO c.h.h.t.HelmChartContainer - [hivemq-test-hivemq-platform] [hivemq-platform-operator] [75472ea2] 13:42:45.854 [ReconcilerExecutor-hivemq-controller-117] DEBUG c.h.p.o.HiveMQPlatformReconciler - [helmcust] Custom Resource Spec (replicas: 2) (extensions: 1)
2025-01-29 13:42:45,857 INFO c.h.h.t.HelmChartContainer - [hivemq-test-hivemq-platform] [hivemq-platform-operator] [75472ea2] 13:42:45.855 [ReconcilerExecutor-hivemq-controller-117] DEBUG c.h.p.o.HiveMQPlatformReconciler - [helmcust] StatefulSet Status (revision: test-hivemq-platform-7f5cbb4b76, replicas: 2, available: 1, ready: 1, current: 2, updated: 2)
2025-01-29 13:42:45,857 INFO c.h.h.t.HelmChartContainer - [hivemq-test-hivemq-platform] [hivemq-platform-operator] [75472ea2] 13:42:45.855 [ReconcilerExecutor-hivemq-controller-117] DEBUG c.h.p.o.HiveMQPlatformReconciler - [helmcust] StatefulSet Spec (replicas: 2, init containers: 1, containers: 1, volumes: 3)
2025-01-29 13:42:45,858 INFO c.h.h.t.HelmChartContainer - [hivemq-test-hivemq-platform] [hivemq-platform-operator] [75472ea2] 13:42:45.857 [ReconcilerExecutor-hivemq-controller-117] DEBUG c.h.p.o.h.HiveMQPlatformReconcilerErrorHandler - [helmcust] Pod 'test-hivemq-platform-1' phase Running
2025-01-29 13:42:45,860 INFO c.h.h.t.HelmChartContainer - [hivemq-test-hivemq-platform] [hivemq-platform-operator] [75472ea2] 13:42:45.858 [ReconcilerExecutor-hivemq-controller-117] DEBUG c.h.p.o.h.HiveMQPlatformReconcilerErrorHandler - [helmcust] Pod 'test-hivemq-platform-0' phase Running
2025-01-29 13:42:45,860 INFO c.h.h.t.HelmChartContainer - [hivemq-test-hivemq-platform] [hivemq-platform-operator] [75472ea2] 13:42:45.858 [ReconcilerExecutor-hivemq-controller-117] INFO  c.h.p.o.h.HiveMQPlatformReconcilerBaseHandler - [helmcust] HiveMQ Platform is starting, 1 of 2 replicas are ready
2025-01-29 13:42:46,114 INFO c.h.h.t.HelmChartContainer - [test-hivemq-platform] [hivemq] [fed85822] INFO  - [HiveMQ Platform Operator Init 1.7.0-SNAPSHOT] HiveMQ Platform Operator Init 1.7.0-SNAPSHOT (commit: bebf408 on branch: HEAD) built on Sun Jan 26 20:47:47 UTC 2025
2025-01-29 13:42:47,382 INFO c.h.h.t.HelmChartContainer - [test-hivemq-platform] [hivemq] [fed85822] INFO  - [HiveMQ Platform Operator Init App 1.7.0-SNAPSHOT] Using bind address 10.42.0.12 from environment variable
2025-01-29 13:42:48,379 INFO c.h.h.t.HelmChartContainer - [test-hivemq-platform] [hivemq] [fed85822] INFO  - [HiveMQ Platform Operator Init App 1.7.0-SNAPSHOT] HiveMQ Platform Operator Init App 1.7.0-SNAPSHOT (commit: bebf408 on branch: HEAD) built on Sun Jan 26 20:47:47 UTC 2025
2025-01-29 13:42:48,380 INFO c.h.h.t.HelmChartContainer - [test-hivemq-platform] [hivemq] [fed85822] INFO  - [HiveMQ Platform Operator Init App 1.7.0-SNAPSHOT] PodInfo ConfigMap directory: /etc/podinfo
2025-01-29 13:42:48,380 INFO c.h.h.t.HelmChartContainer - [test-hivemq-platform] [hivemq] [fed85822] INFO  - [HiveMQ Platform Operator Init App 1.7.0-SNAPSHOT] HiveMQ home directory: /opt/hivemq
2025-01-29 13:42:48,380 INFO c.h.h.t.HelmChartContainer - [test-hivemq-platform] [hivemq] [fed85822] INFO  - [HiveMQ Platform Operator Init App 1.7.0-SNAPSHOT] HiveMQ Logback folder: /opt/hivemq/conf
2025-01-29 13:42:48,380 INFO c.h.h.t.HelmChartContainer - [test-hivemq-platform] [hivemq] [fed85822] INFO  - [HiveMQ Platform Operator Init App 1.7.0-SNAPSHOT] HiveMQ Config folder: /opt/hivemq/conf-k8s
2025-01-29 13:42:48,381 INFO c.h.h.t.HelmChartContainer - [test-hivemq-platform] [hivemq] [fed85822] INFO  - [HiveMQ Platform Operator Init App 1.7.0-SNAPSHOT] Starting HiveMQ Platform Operator Init App
2025-01-29 13:42:48,381 INFO c.h.h.t.HelmChartContainer - [test-hivemq-platform] [hivemq] [fed85822] INFO  - [HiveMQ Platform Operator Init App 1.7.0-SNAPSHOT] Starting Pod reconciler
2025-01-29 13:42:49,785 INFO c.h.h.t.HelmChartContainer - [test-hivemq-platform] [hivemq] [fed85822] INFO  - [HiveMQ Platform Operator Init App 1.7.0-SNAPSHOT] Pod reconciler is scheduled (interval: 5000 ms)
2025-01-29 13:42:49,786 INFO c.h.h.t.HelmChartContainer - [test-hivemq-platform] [hivemq] [fed85822] INFO  - [HiveMQ Platform Operator Init App 1.7.0-SNAPSHOT] Starting the REST API on 10.42.0.12:7979
2025-01-29 13:42:49,807 INFO c.h.h.t.HelmChartContainer - [test-hivemq-platform] [hivemq] [fed85822] INFO  - [HiveMQ Platform Operator Init App 1.7.0-SNAPSHOT] Waiting up to 600s for at most 2 HiveMQ nodes in cluster service hivemq-test-hivemq-platform-cluster.helmcustomsecretconfigit.svc
2025-01-29 13:42:50,191 INFO c.h.h.t.HelmChartContainer - [test-hivemq-platform] [hivemq] [fed85822] INFO  - [HiveMQ Platform Operator Init App 1.7.0-SNAPSHOT] Resolved 2 IP addresses: [10.42.0.11, 10.42.0.12]
2025-01-29 13:42:50,192 INFO c.h.h.t.HelmChartContainer - [test-hivemq-platform] [hivemq] [fed85822] INFO  - [HiveMQ Platform Operator Init App 1.7.0-SNAPSHOT] HiveMQ node count of 2 is within threshold of 2
2025-01-29 13:42:50,192 INFO c.h.h.t.HelmChartContainer - [test-hivemq-platform] [hivemq] [fed85822] INFO  - [HiveMQ Platform Operator Init App 1.7.0-SNAPSHOT] Proceeding with container start
2025-01-29 13:42:50,279 INFO c.h.h.t.HelmChartContainer - [test-hivemq-platform] [hivemq] [fed85822] INFO  - [HiveMQ Platform Operator Init App 1.7.0-SNAPSHOT] Initializing HiveMQ Platform extensions with initial configuration: {hivemq-allow-all-extension={start-priority=-1, skip-https-hostname-verification=false, restart=true, config-version=0, header-version=0, c-uri=, priority=-1, uri=preinstalled, skip-https-certificate-validation=false, enabled=true}, hivemq-prometheus-extension={priority=-1, start-priority=-1, c-uri=, skip-https-hostname-verification=false, skip-https-certificate-validation=false, uri=preinstalled, request-header-path=no-request-headers, enabled=true, restart=true}}
2025-01-29 13:42:50,784 INFO c.h.h.t.HelmChartContainer - [test-hivemq-platform] [hivemq] [fed85822] INFO  - [HiveMQ Platform Operator Init App 1.7.0-SNAPSHOT] Extension hivemq-allow-all-extension was already enabled
2025-01-29 13:42:50,813 INFO c.h.h.t.HelmChartContainer - [test-hivemq-platform] [hivemq] [fed85822] INFO  - [HiveMQ Platform Operator Init App 1.7.0-SNAPSHOT] Successfully enabled extension hivemq-prometheus-extension
2025-01-29 13:42:50,879 INFO c.h.h.t.HelmChartContainer - [test-hivemq-platform] [hivemq] [fed85822] INFO  - [HiveMQ Platform Operator Init App 1.7.0-SNAPSHOT] Starting HiveMQ Platform version 4.36.0 (4.36.0)
2025-01-29 13:42:50,879 INFO c.h.h.t.HelmChartContainer - [test-hivemq-platform] [hivemq] [fed85822] INFO  - [HiveMQ Platform Operator Init App 1.7.0-SNAPSHOT] Configuring the HiveMQ Platform
2025-01-29 13:42:50,977 INFO c.h.h.t.HelmChartContainer - [test-hivemq-platform] [hivemq] [fed85822] INFO  - [HiveMQ Platform Operator Init App 1.7.0-SNAPSHOT] Changed logback.xml file scan period to 20 seconds
2025-01-29 13:42:51,010 INFO c.h.h.t.HelmChartContainer - [test-hivemq-platform] [hivemq] [fed85822] INFO  - [HiveMQ Platform Operator Init App 1.7.0-SNAPSHOT] Starting the HiveMQ Platform
2025-01-29 13:42:51,013 INFO c.h.h.t.HelmChartContainer - [test-hivemq-platform] [hivemq] [fed85822] -------------------------------------------------------------------------
2025-01-29 13:42:51,013 INFO c.h.h.t.HelmChartContainer - [test-hivemq-platform] [hivemq] [fed85822] 
2025-01-29 13:42:51,013 INFO c.h.h.t.HelmChartContainer - [test-hivemq-platform] [hivemq] [fed85822]                   _    _  _              __  __   ____
2025-01-29 13:42:51,013 INFO c.h.h.t.HelmChartContainer - [test-hivemq-platform] [hivemq] [fed85822]                  | |  | |(_)            |  \/  | / __ \
2025-01-29 13:42:51,013 INFO c.h.h.t.HelmChartContainer - [test-hivemq-platform] [hivemq] [fed85822]                  | |__| | _ __   __ ___ | \  / || |  | |
2025-01-29 13:42:51,013 INFO c.h.h.t.HelmChartContainer - [test-hivemq-platform] [hivemq] [fed85822]                  |  __  || |\ \ / // _ \| |\/| || |  | |
2025-01-29 13:42:51,013 INFO c.h.h.t.HelmChartContainer - [test-hivemq-platform] [hivemq] [fed85822]                  | |  | || | \ V /|  __/| |  | || |__| |
2025-01-29 13:42:51,013 INFO c.h.h.t.HelmChartContainer - [test-hivemq-platform] [hivemq] [fed85822]                  |_|  |_||_|  \_/  \___||_|  |_| \___\_\
2025-01-29 13:42:51,013 INFO c.h.h.t.HelmChartContainer - [test-hivemq-platform] [hivemq] [fed85822] 
2025-01-29 13:42:51,013 INFO c.h.h.t.HelmChartContainer - [test-hivemq-platform] [hivemq] [fed85822] -------------------------------------------------------------------------
2025-01-29 13:42:51,013 INFO c.h.h.t.HelmChartContainer - [test-hivemq-platform] [hivemq] [fed85822] 
2025-01-29 13:42:51,013 INFO c.h.h.t.HelmChartContainer - [test-hivemq-platform] [hivemq] [fed85822]   HiveMQ Start Script for Linux/Unix v1.14
2025-01-29 13:42:51,014 INFO c.h.h.t.HelmChartContainer - [test-hivemq-platform] [hivemq] [fed85822] 
2025-01-29 13:42:51,112 INFO c.h.h.t.HelmChartContainer - [test-hivemq-platform] [hivemq] [fed85822] -------------------------------------------------------------------------
2025-01-29 13:42:51,112 INFO c.h.h.t.HelmChartContainer - [test-hivemq-platform] [hivemq] [fed85822] 
2025-01-29 13:42:51,112 INFO c.h.h.t.HelmChartContainer - [test-hivemq-platform] [hivemq] [fed85822]   HIVEMQ_HOME: /opt/hivemq
2025-01-29 13:42:51,112 INFO c.h.h.t.HelmChartContainer - [test-hivemq-platform] [hivemq] [fed85822] 
2025-01-29 13:42:51,112 INFO c.h.h.t.HelmChartContainer - [test-hivemq-platform] [hivemq] [fed85822]   JAVA_OPTS: -XX:+UnlockExperimentalVMOptions -XX:InitialRAMPercentage=50 -XX:MaxRAMPercentage=50 -Djava.net.preferIPv4Stack=true --add-opens java.base/java.lang=ALL-UNNAMED --add-opens java.base/java.nio=ALL-UNNAMED --add-opens java.base/sun.nio.ch=ALL-UNNAMED --add-opens jdk.management/com.sun.management.internal=ALL-UNNAMED --add-exports java.base/jdk.internal.misc=ALL-UNNAMED -Djava.security.egd=file:/dev/./urandom -Dcom.sun.management.jmxremote -Dcom.sun.management.jmxremote.port=9010 -Dcom.sun.management.jmxremote.local.only=false -Dcom.sun.management.jmxremote.authenticate=false -Dcom.sun.management.jmxremote.ssl=false -Duser.language=en -Duser.region=US -XX:+CrashOnOutOfMemoryError -XX:+HeapDumpOnOutOfMemoryError
2025-01-29 13:42:51,112 INFO c.h.h.t.HelmChartContainer - [test-hivemq-platform] [hivemq] [fed85822] 
2025-01-29 13:42:51,112 INFO c.h.h.t.HelmChartContainer - [test-hivemq-platform] [hivemq] [fed85822]   JAVA_VERSION: 21
2025-01-29 13:42:51,112 INFO c.h.h.t.HelmChartContainer - [test-hivemq-platform] [hivemq] [fed85822] 
2025-01-29 13:42:51,112 INFO c.h.h.t.HelmChartContainer - [test-hivemq-platform] [hivemq] [fed85822] -------------------------------------------------------------------------
2025-01-29 13:42:51,112 INFO c.h.h.t.HelmChartContainer - [test-hivemq-platform] [hivemq] [fed85822] 
2025-01-29 13:42:51,782 INFO c.h.h.t.HelmChartContainer - [test-hivemq-platform] [hivemq] [fed85822] INFO  - [HiveMQ Platform Operator Init App 1.7.0-SNAPSHOT] Returning default Health API response 503 for readiness
2025-01-29 13:42:52,312 INFO c.h.h.t.HelmChartContainer - [EVENT] Warning [Unhealthy] Readiness probe failed: HTTP probe failed with statuscode: 503 [helmcustomsecretconfigit:test-hivemq-platform-1]
2025-01-29 13:42:52,312 INFO c.h.h.t.HelmChartContainer - Received Unhealthy event for container hivemq in pod test-hivemq-platform-1 [fed85822-9be1-4370-990d-26b1e76d0a3b]
2025-01-29 13:42:53,916 INFO c.h.h.t.HelmChartContainer - [test-hivemq-platform] [hivemq] [fed85822] INFO  - Starting HiveMQ Enterprise Server
2025-01-29 13:42:53,980 INFO c.h.h.t.HelmChartContainer - [test-hivemq-platform] [hivemq] [fed85822] INFO  - HiveMQ version: 4.36.0
2025-01-29 13:42:53,980 INFO c.h.h.t.HelmChartContainer - [test-hivemq-platform] [hivemq] [fed85822] INFO  - HiveMQ home directory: /opt/hivemq
2025-01-29 13:42:53,981 INFO c.h.h.t.HelmChartContainer - [test-hivemq-platform] [hivemq] [fed85822] INFO  - Log Configuration was overridden by /opt/hivemq/conf/logback.xml
2025-01-29 13:42:55,683 INFO c.h.h.t.HelmChartContainer - [test-hivemq-platform] [hivemq] [fed85822] INFO  - Successfully loaded configuration from '/opt/hivemq/conf-k8s/config.xml'.
2025-01-29 13:42:55,863 INFO c.h.h.t.HelmChartContainer - [hivemq-test-hivemq-platform] [hivemq-platform-operator] [75472ea2] 13:42:55.862 [pool-6-thread-4] DEBUG c.h.p.o.d.PlatformServiceResource - [helmcust] Desired Platform services (3 services)
2025-01-29 13:42:55,864 INFO c.h.h.t.HelmChartContainer - [hivemq-test-hivemq-platform] [hivemq-platform-operator] [75472ea2] 13:42:55.862 [pool-6-thread-3] DEBUG c.h.p.o.dependants.PodInfoConfigMap - [helmcust] Desired PodInfo ConfigMap (1 extensions) (1 enabled)
2025-01-29 13:42:55,866 INFO c.h.h.t.HelmChartContainer - [hivemq-test-hivemq-platform] [hivemq-platform-operator] [75472ea2] 13:42:55.865 [pool-6-thread-3] DEBUG c.h.p.o.dependants.PodInfoConfigMap - [helmcust] Desired PodInfo ConfigMap (metrics port: 9399) (metrics path: /)
2025-01-29 13:42:55,867 INFO c.h.h.t.HelmChartContainer - [hivemq-test-hivemq-platform] [hivemq-platform-operator] [75472ea2] 13:42:55.864 [pool-6-thread-9] DEBUG c.h.p.o.d.PodServiceAccountResource - [helmcust] Desired PodServiceAccountResource (serviceAccountName: hivemq-platform-pod-test-hivemq-platform)
2025-01-29 13:42:55,867 INFO c.h.h.t.HelmChartContainer - [hivemq-test-hivemq-platform] [hivemq-platform-operator] [75472ea2] 13:42:55.866 [pool-6-thread-3] DEBUG c.h.p.o.dependants.PodInfoConfigMap - [helmcust] Desired PodInfo ConfigMap (extension state hash: -1817474005)
2025-01-29 13:42:55,869 INFO c.h.h.t.HelmChartContainer - [hivemq-test-hivemq-platform] [hivemq-platform-operator] [75472ea2] 13:42:55.868 [pool-6-thread-3] DEBUG c.h.p.o.d.StatefulSetResource - [helmcust] Desired StatefulSet (2 replicas) for status STARTING (READY)
2025-01-29 13:42:55,875 INFO c.h.h.t.HelmChartContainer - [hivemq-test-hivemq-platform] [hivemq-platform-operator] [75472ea2] 13:42:55.874 [ReconcilerExecutor-hivemq-controller-118] INFO  c.h.p.o.HiveMQPlatformReconciler - [helmcust] Reconciling HiveMQ Platform 'test-hivemq-platform' in namespace 'helmcustomsecretconfigit'
2025-01-29 13:42:55,875 INFO c.h.h.t.HelmChartContainer - [hivemq-test-hivemq-platform] [hivemq-platform-operator] [75472ea2] 13:42:55.874 [ReconcilerExecutor-hivemq-controller-118] DEBUG c.h.p.o.HiveMQPlatformReconciler - [helmcust] Custom Resource Status STARTING - HiveMQ Platform is starting (READY)
2025-01-29 13:42:55,875 INFO c.h.h.t.HelmChartContainer - [hivemq-test-hivemq-platform] [hivemq-platform-operator] [75472ea2] 13:42:55.874 [ReconcilerExecutor-hivemq-controller-118] DEBUG c.h.p.o.HiveMQPlatformReconciler - [helmcust] Custom Resource Spec (replicas: 2) (extensions: 1)
2025-01-29 13:42:55,878 INFO c.h.h.t.HelmChartContainer - [hivemq-test-hivemq-platform] [hivemq-platform-operator] [75472ea2] 13:42:55.876 [ReconcilerExecutor-hivemq-controller-118] DEBUG c.h.p.o.HiveMQPlatformReconciler - [helmcust] StatefulSet Status (revision: test-hivemq-platform-7f5cbb4b76, replicas: 2, available: 1, ready: 1, current: 2, updated: 2)
2025-01-29 13:42:55,879 INFO c.h.h.t.HelmChartContainer - [hivemq-test-hivemq-platform] [hivemq-platform-operator] [75472ea2] 13:42:55.877 [ReconcilerExecutor-hivemq-controller-118] DEBUG c.h.p.o.HiveMQPlatformReconciler - [helmcust] StatefulSet Spec (replicas: 2, init containers: 1, containers: 1, volumes: 3)
2025-01-29 13:42:55,883 INFO c.h.h.t.HelmChartContainer - [hivemq-test-hivemq-platform] [hivemq-platform-operator] [75472ea2] 13:42:55.879 [ReconcilerExecutor-hivemq-controller-118] DEBUG c.h.p.o.h.HiveMQPlatformReconcilerErrorHandler - [helmcust] Pod 'test-hivemq-platform-1' phase Running
2025-01-29 13:42:55,884 INFO c.h.h.t.HelmChartContainer - [hivemq-test-hivemq-platform] [hivemq-platform-operator] [75472ea2] 13:42:55.880 [ReconcilerExecutor-hivemq-controller-118] DEBUG c.h.p.o.h.HiveMQPlatformReconcilerErrorHandler - [helmcust] Pod 'test-hivemq-platform-0' phase Running
2025-01-29 13:42:55,885 INFO c.h.h.t.HelmChartContainer - [hivemq-test-hivemq-platform] [hivemq-platform-operator] [75472ea2] 13:42:55.881 [ReconcilerExecutor-hivemq-controller-118] INFO  c.h.p.o.h.HiveMQPlatformReconcilerBaseHandler - [helmcust] HiveMQ Platform is starting, 1 of 2 replicas are ready
2025-01-29 13:42:56,680 INFO c.h.h.t.HelmChartContainer - [test-hivemq-platform] [hivemq] [fed85822] INFO  - This node's ID is UIEUL
2025-01-29 13:42:56,680 INFO c.h.h.t.HelmChartContainer - [test-hivemq-platform] [hivemq] [fed85822] INFO  - Clustering is enabled
2025-01-29 13:42:57,281 INFO c.h.h.t.HelmChartContainer - [test-hivemq-platform] [hivemq] [fed85822] WARN  - [HiveMQ Platform Operator Init App 1.7.0-SNAPSHOT] Cannot connect to Health API for readiness: null
2025-01-29 13:42:57,285 INFO c.h.h.t.HelmChartContainer - [EVENT] Warning [Unhealthy] Readiness probe failed: HTTP probe failed with statuscode: 503 [helmcustomsecretconfigit:test-hivemq-platform-1]
2025-01-29 13:42:57,285 INFO c.h.h.t.HelmChartContainer - Received Unhealthy event for container hivemq in pod test-hivemq-platform-1 [fed85822-9be1-4370-990d-26b1e76d0a3b]
2025-01-29 13:42:58,975 INFO c.h.h.t.HelmChartContainer - [test-hivemq-platform] [hivemq] [210755fe] INFO  - [HiveMQ Platform Operator Init App 1.7.0-SNAPSHOT] Returning Health API response 200 for liveness
2025-01-29 13:43:00,911 INFO c.h.h.t.HelmChartContainer - [test-hivemq-platform] [hivemq] [fed85822] Jan 29, 2025 1:43:00 PM io.vertx.core.impl.BlockedThreadChecker
2025-01-29 13:43:00,911 INFO c.h.h.t.HelmChartContainer - [test-hivemq-platform] [hivemq] [fed85822] WARNING: Thread Thread[vert.x-eventloop-thread-1,5,main] has been blocked for 2693 ms, time limit is 2000 ms
2025-01-29 13:43:01,808 INFO c.h.h.t.HelmChartContainer - [test-hivemq-platform] [hivemq] [fed85822] WARN  - [HiveMQ Platform Operator Init App 1.7.0-SNAPSHOT] Cannot connect to Health API for readiness: null
2025-01-29 13:43:01,815 INFO c.h.h.t.HelmChartContainer - [EVENT] Warning [Unhealthy] Readiness probe failed: HTTP probe failed with statuscode: 503 [helmcustomsecretconfigit:test-hivemq-platform-1]
2025-01-29 13:43:01,815 INFO c.h.h.t.HelmChartContainer - Received Unhealthy event for container hivemq in pod test-hivemq-platform-1 [fed85822-9be1-4370-990d-26b1e76d0a3b]
2025-01-29 13:43:01,907 INFO c.h.h.t.HelmChartContainer - [test-hivemq-platform] [hivemq] [fed85822] Jan 29, 2025 1:43:01 PM io.vertx.core.impl.BlockedThreadChecker
2025-01-29 13:43:01,908 INFO c.h.h.t.HelmChartContainer - [test-hivemq-platform] [hivemq] [fed85822] WARNING: Thread Thread[vert.x-eventloop-thread-1,5,main] has been blocked for 3694 ms, time limit is 2000 ms
2025-01-29 13:43:01,980 INFO c.h.h.t.HelmChartContainer - [test-hivemq-platform] [hivemq] [fed85822] INFO  - [HiveMQ Platform Operator Init App 1.7.0-SNAPSHOT] Updating Pod HiveMQ Platform Operator Init App version annotation (version: 1.7.0-SNAPSHOT)
2025-01-29 13:43:02,689 INFO c.h.h.t.HelmChartContainer - [POD] test-hivemq-platform-1 [fed85822-9be1-4370-990d-26b1e76d0a3b] in helmcustomsecretconfigit was MODIFIED
2025-01-29 13:43:02,696 INFO c.h.h.t.HelmChartContainer - [hivemq-test-hivemq-platform] [hivemq-platform-operator] [75472ea2] 13:43:02.694 [pool-6-thread-18] DEBUG c.h.p.o.d.PlatformServiceResource - [helmcust] Desired Platform services (3 services)
2025-01-29 13:43:02,696 INFO c.h.h.t.HelmChartContainer - [hivemq-test-hivemq-platform] [hivemq-platform-operator] [75472ea2] 13:43:02.695 [pool-6-thread-13] DEBUG c.h.p.o.dependants.PodInfoConfigMap - [helmcust] Desired PodInfo ConfigMap (1 extensions) (1 enabled)
2025-01-29 13:43:02,700 INFO c.h.h.t.HelmChartContainer - [hivemq-test-hivemq-platform] [hivemq-platform-operator] [75472ea2] 13:43:02.699 [pool-6-thread-13] DEBUG c.h.p.o.dependants.PodInfoConfigMap - [helmcust] Desired PodInfo ConfigMap (metrics port: 9399) (metrics path: /)
2025-01-29 13:43:02,700 INFO c.h.h.t.HelmChartContainer - [hivemq-test-hivemq-platform] [hivemq-platform-operator] [75472ea2] 13:43:02.696 [pool-6-thread-11] DEBUG c.h.p.o.d.PodServiceAccountResource - [helmcust] Desired PodServiceAccountResource (serviceAccountName: hivemq-platform-pod-test-hivemq-platform)
2025-01-29 13:43:02,700 INFO c.h.h.t.HelmChartContainer - [hivemq-test-hivemq-platform] [hivemq-platform-operator] [75472ea2] 13:43:02.699 [pool-6-thread-13] DEBUG c.h.p.o.dependants.PodInfoConfigMap - [helmcust] Desired PodInfo ConfigMap (extension state hash: -1817474005)
2025-01-29 13:43:02,703 INFO c.h.h.t.HelmChartContainer - [hivemq-test-hivemq-platform] [hivemq-platform-operator] [75472ea2] 13:43:02.702 [pool-6-thread-18] DEBUG c.h.p.o.d.StatefulSetResource - [helmcust] Desired StatefulSet (2 replicas) for status STARTING (READY)
2025-01-29 13:43:02,711 INFO c.h.h.t.HelmChartContainer - [test-hivemq-platform] [hivemq] [fed85822] WARN  - [HiveMQ Platform Operator Init App 1.7.0-SNAPSHOT] Cannot connect to Health API for readiness: null
2025-01-29 13:43:02,713 INFO c.h.h.t.HelmChartContainer - [test-hivemq-platform] [hivemq] [fed85822] INFO  - [HiveMQ Platform Operator Init App 1.7.0-SNAPSHOT] Successfully updated Pod HiveMQ Platform Operator Init App version annotation (version: 1.7.0-SNAPSHOT)
2025-01-29 13:43:02,716 INFO c.h.h.t.HelmChartContainer - [EVENT] Warning [Unhealthy] Readiness probe failed: HTTP probe failed with statuscode: 503 [helmcustomsecretconfigit:test-hivemq-platform-1]
2025-01-29 13:43:02,716 INFO c.h.h.t.HelmChartContainer - Received Unhealthy event for container hivemq in pod test-hivemq-platform-1 [fed85822-9be1-4370-990d-26b1e76d0a3b]
2025-01-29 13:43:02,753 INFO c.h.h.t.HelmChartContainer - [hivemq-test-hivemq-platform] [hivemq-platform-operator] [75472ea2] 13:43:02.750 [ReconcilerExecutor-hivemq-controller-119] INFO  c.h.p.o.HiveMQPlatformReconciler - [helmcust] Reconciling HiveMQ Platform 'test-hivemq-platform' in namespace 'helmcustomsecretconfigit'
2025-01-29 13:43:02,753 INFO c.h.h.t.HelmChartContainer - [hivemq-test-hivemq-platform] [hivemq-platform-operator] [75472ea2] 13:43:02.750 [ReconcilerExecutor-hivemq-controller-119] DEBUG c.h.p.o.HiveMQPlatformReconciler - [helmcust] Custom Resource Status STARTING - HiveMQ Platform is starting (READY)
2025-01-29 13:43:02,753 INFO c.h.h.t.HelmChartContainer - [hivemq-test-hivemq-platform] [hivemq-platform-operator] [75472ea2] 13:43:02.751 [ReconcilerExecutor-hivemq-controller-119] DEBUG c.h.p.o.HiveMQPlatformReconciler - [helmcust] Custom Resource Spec (replicas: 2) (extensions: 1)
2025-01-29 13:43:02,754 INFO c.h.h.t.HelmChartContainer - [hivemq-test-hivemq-platform] [hivemq-platform-operator] [75472ea2] 13:43:02.752 [ReconcilerExecutor-hivemq-controller-119] DEBUG c.h.p.o.HiveMQPlatformReconciler - [helmcust] StatefulSet Status (revision: test-hivemq-platform-7f5cbb4b76, replicas: 2, available: 1, ready: 1, current: 2, updated: 2)
2025-01-29 13:43:02,754 INFO c.h.h.t.HelmChartContainer - [hivemq-test-hivemq-platform] [hivemq-platform-operator] [75472ea2] 13:43:02.752 [ReconcilerExecutor-hivemq-controller-119] DEBUG c.h.p.o.HiveMQPlatformReconciler - [helmcust] StatefulSet Spec (replicas: 2, init containers: 1, containers: 1, volumes: 3)
2025-01-29 13:43:02,754 INFO c.h.h.t.HelmChartContainer - [hivemq-test-hivemq-platform] [hivemq-platform-operator] [75472ea2] 13:43:02.754 [ReconcilerExecutor-hivemq-controller-119] DEBUG c.h.p.o.h.HiveMQPlatformReconcilerErrorHandler - [helmcust] Pod 'test-hivemq-platform-1' phase Running
2025-01-29 13:43:02,756 INFO c.h.h.t.HelmChartContainer - [hivemq-test-hivemq-platform] [hivemq-platform-operator] [75472ea2] 13:43:02.755 [ReconcilerExecutor-hivemq-controller-119] DEBUG c.h.p.o.h.HiveMQPlatformReconcilerErrorHandler - [helmcust] Pod 'test-hivemq-platform-0' phase Running
2025-01-29 13:43:02,757 INFO c.h.h.t.HelmChartContainer - [hivemq-test-hivemq-platform] [hivemq-platform-operator] [75472ea2] 13:43:02.756 [ReconcilerExecutor-hivemq-controller-119] INFO  c.h.p.o.h.HiveMQPlatformReconcilerBaseHandler - [helmcust] HiveMQ Platform is starting, 1 of 2 replicas are ready
2025-01-29 13:43:07,709 INFO c.h.h.t.HelmChartContainer - [test-hivemq-platform] [hivemq] [fed85822] WARN  - [HiveMQ Platform Operator Init App 1.7.0-SNAPSHOT] Cannot connect to Health API for readiness: null
2025-01-29 13:43:07,715 INFO c.h.h.t.HelmChartContainer - [EVENT] Warning [Unhealthy] Readiness probe failed: HTTP probe failed with statuscode: 503 [helmcustomsecretconfigit:test-hivemq-platform-1]
2025-01-29 13:43:07,715 INFO c.h.h.t.HelmChartContainer - Received Unhealthy event for container hivemq in pod test-hivemq-platform-1 [fed85822-9be1-4370-990d-26b1e76d0a3b]
2025-01-29 13:43:12,711 INFO c.h.h.t.HelmChartContainer - [test-hivemq-platform] [hivemq] [fed85822] WARN  - [HiveMQ Platform Operator Init App 1.7.0-SNAPSHOT] Cannot connect to Health API for readiness: null
2025-01-29 13:43:12,724 INFO c.h.h.t.HelmChartContainer - [EVENT] Warning [Unhealthy] Readiness probe failed: HTTP probe failed with statuscode: 503 [helmcustomsecretconfigit:test-hivemq-platform-1]
2025-01-29 13:43:12,724 INFO c.h.h.t.HelmChartContainer - Received Unhealthy event for container hivemq in pod test-hivemq-platform-1 [fed85822-9be1-4370-990d-26b1e76d0a3b]
2025-01-29 13:43:12,764 INFO c.h.h.t.HelmChartContainer - [hivemq-test-hivemq-platform] [hivemq-platform-operator] [75472ea2] 13:43:12.759 [pool-6-thread-29] DEBUG c.h.p.o.d.PlatformServiceResource - [helmcust] Desired Platform services (3 services)
2025-01-29 13:43:12,764 INFO c.h.h.t.HelmChartContainer - [hivemq-test-hivemq-platform] [hivemq-platform-operator] [75472ea2] 13:43:12.759 [pool-6-thread-21] DEBUG c.h.p.o.d.PodServiceAccountResource - [helmcust] Desired PodServiceAccountResource (serviceAccountName: hivemq-platform-pod-test-hivemq-platform)
2025-01-29 13:43:12,764 INFO c.h.h.t.HelmChartContainer - [hivemq-test-hivemq-platform] [hivemq-platform-operator] [75472ea2] 13:43:12.759 [pool-6-thread-26] DEBUG c.h.p.o.dependants.PodInfoConfigMap - [helmcust] Desired PodInfo ConfigMap (1 extensions) (1 enabled)
2025-01-29 13:43:12,764 INFO c.h.h.t.HelmChartContainer - [hivemq-test-hivemq-platform] [hivemq-platform-operator] [75472ea2] 13:43:12.759 [pool-6-thread-26] DEBUG c.h.p.o.dependants.PodInfoConfigMap - [helmcust] Desired PodInfo ConfigMap (metrics port: 9399) (metrics path: /)
2025-01-29 13:43:12,764 INFO c.h.h.t.HelmChartContainer - [hivemq-test-hivemq-platform] [hivemq-platform-operator] [75472ea2] 13:43:12.759 [pool-6-thread-26] DEBUG c.h.p.o.dependants.PodInfoConfigMap - [helmcust] Desired PodInfo ConfigMap (extension state hash: -1817474005)
2025-01-29 13:43:12,765 INFO c.h.h.t.HelmChartContainer - [hivemq-test-hivemq-platform] [hivemq-platform-operator] [75472ea2] 13:43:12.764 [pool-6-thread-25] DEBUG c.h.p.o.d.StatefulSetResource - [helmcust] Desired StatefulSet (2 replicas) for status STARTING (READY)
2025-01-29 13:43:12,768 INFO c.h.h.t.HelmChartContainer - [hivemq-test-hivemq-platform] [hivemq-platform-operator] [75472ea2] 13:43:12.767 [ReconcilerExecutor-hivemq-controller-120] INFO  c.h.p.o.HiveMQPlatformReconciler - [helmcust] Reconciling HiveMQ Platform 'test-hivemq-platform' in namespace 'helmcustomsecretconfigit'
2025-01-29 13:43:12,768 INFO c.h.h.t.HelmChartContainer - [hivemq-test-hivemq-platform] [hivemq-platform-operator] [75472ea2] 13:43:12.767 [ReconcilerExecutor-hivemq-controller-120] DEBUG c.h.p.o.HiveMQPlatformReconciler - [helmcust] Custom Resource Status STARTING - HiveMQ Platform is starting (READY)
2025-01-29 13:43:12,768 INFO c.h.h.t.HelmChartContainer - [hivemq-test-hivemq-platform] [hivemq-platform-operator] [75472ea2] 13:43:12.767 [ReconcilerExecutor-hivemq-controller-120] DEBUG c.h.p.o.HiveMQPlatformReconciler - [helmcust] Custom Resource Spec (replicas: 2) (extensions: 1)
2025-01-29 13:43:12,769 INFO c.h.h.t.HelmChartContainer - [hivemq-test-hivemq-platform] [hivemq-platform-operator] [75472ea2] 13:43:12.769 [ReconcilerExecutor-hivemq-controller-120] DEBUG c.h.p.o.HiveMQPlatformReconciler - [helmcust] StatefulSet Status (revision: test-hivemq-platform-7f5cbb4b76, replicas: 2, available: 1, ready: 1, current: 2, updated: 2)
2025-01-29 13:43:12,770 INFO c.h.h.t.HelmChartContainer - [hivemq-test-hivemq-platform] [hivemq-platform-operator] [75472ea2] 13:43:12.769 [ReconcilerExecutor-hivemq-controller-120] DEBUG c.h.p.o.HiveMQPlatformReconciler - [helmcust] StatefulSet Spec (replicas: 2, init containers: 1, containers: 1, volumes: 3)
2025-01-29 13:43:12,771 INFO c.h.h.t.HelmChartContainer - [hivemq-test-hivemq-platform] [hivemq-platform-operator] [75472ea2] 13:43:12.770 [ReconcilerExecutor-hivemq-controller-120] DEBUG c.h.p.o.h.HiveMQPlatformReconcilerErrorHandler - [helmcust] Pod 'test-hivemq-platform-1' phase Running
2025-01-29 13:43:12,772 INFO c.h.h.t.HelmChartContainer - [hivemq-test-hivemq-platform] [hivemq-platform-operator] [75472ea2] 13:43:12.771 [ReconcilerExecutor-hivemq-controller-120] DEBUG c.h.p.o.h.HiveMQPlatformReconcilerErrorHandler - [helmcust] Pod 'test-hivemq-platform-0' phase Running
2025-01-29 13:43:12,773 INFO c.h.h.t.HelmChartContainer - [hivemq-test-hivemq-platform] [hivemq-platform-operator] [75472ea2] 13:43:12.772 [ReconcilerExecutor-hivemq-controller-120] INFO  c.h.p.o.h.HiveMQPlatformReconcilerBaseHandler - [helmcust] HiveMQ Platform is starting, 1 of 2 replicas are ready
2025-01-29 13:43:13,781 INFO c.h.h.t.HelmChartContainer - [test-hivemq-platform] [hivemq] [fed85822] WARN  - [HiveMQ Platform Operator Init App 1.7.0-SNAPSHOT] Cannot connect to Health API for liveness: null
2025-01-29 13:43:13,781 INFO c.h.h.t.HelmChartContainer - [test-hivemq-platform] [hivemq] [fed85822] INFO  - [HiveMQ Platform Operator Init App 1.7.0-SNAPSHOT] Returning default Health API response 200 for liveness
2025-01-29 13:43:15,706 INFO c.h.h.t.HelmChartContainer - [test-hivemq-platform] [hivemq] [fed85822] INFO  - No valid license file found. Using trial license, restricted to 25 connections.
2025-01-29 13:43:17,710 INFO c.h.h.t.HelmChartContainer - [test-hivemq-platform] [hivemq] [fed85822] WARN  - [HiveMQ Platform Operator Init App 1.7.0-SNAPSHOT] Cannot connect to Health API for readiness: null
2025-01-29 13:43:17,782 INFO c.h.h.t.HelmChartContainer - [EVENT] Warning [Unhealthy] Readiness probe failed: HTTP probe failed with statuscode: 503 [helmcustomsecretconfigit:test-hivemq-platform-1]
2025-01-29 13:43:17,782 INFO c.h.h.t.HelmChartContainer - Received Unhealthy event for container hivemq in pod test-hivemq-platform-1 [fed85822-9be1-4370-990d-26b1e76d0a3b]
2025-01-29 13:43:19,384 INFO c.h.h.t.HelmChartContainer - [test-hivemq-platform] [hivemq] [fed85822] INFO  - No valid license file for Data Hub found. Using free license, restricted to 1 policy.
2025-01-29 13:43:20,678 INFO c.h.h.t.HelmChartContainer - [test-hivemq-platform] [hivemq] [fed85822] INFO  - Audit Logger started.
2025-01-29 13:43:20,980 INFO c.h.h.t.HelmChartContainer - [test-hivemq-platform] [hivemq] [fed85822] INFO  - This node uses '1' CPU cores.
2025-01-29 13:43:20,984 INFO c.h.h.t.HelmChartContainer - [test-hivemq-platform] [hivemq] [fed85822] INFO  - Starting HiveMQ Health API on address 0.0.0.0 and port 8889
2025-01-29 13:43:21,812 INFO c.h.h.t.HelmChartContainer - [test-hivemq-platform] [hivemq] [fed85822] INFO  - Started HiveMQ Health API in 828ms
2025-01-29 13:43:22,511 INFO c.h.h.t.HelmChartContainer - [test-hivemq-platform] [hivemq] [fed85822] INFO  - Starting HiveMQ extension system.
2025-01-29 13:43:22,780 INFO c.h.h.t.HelmChartContainer - [hivemq-test-hivemq-platform] [hivemq-platform-operator] [75472ea2] 13:43:22.775 [pool-6-thread-33] DEBUG c.h.p.o.d.PlatformServiceResource - [helmcust] Desired Platform services (3 services)
2025-01-29 13:43:22,781 INFO c.h.h.t.HelmChartContainer - [hivemq-test-hivemq-platform] [hivemq-platform-operator] [75472ea2] 13:43:22.780 [pool-6-thread-31] DEBUG c.h.p.o.dependants.PodInfoConfigMap - [helmcust] Desired PodInfo ConfigMap (1 extensions) (1 enabled)
2025-01-29 13:43:22,781 INFO c.h.h.t.HelmChartContainer - [hivemq-test-hivemq-platform] [hivemq-platform-operator] [75472ea2] 13:43:22.780 [pool-6-thread-31] DEBUG c.h.p.o.dependants.PodInfoConfigMap - [helmcust] Desired PodInfo ConfigMap (metrics port: 9399) (metrics path: /)
2025-01-29 13:43:22,781 INFO c.h.h.t.HelmChartContainer - [hivemq-test-hivemq-platform] [hivemq-platform-operator] [75472ea2] 13:43:22.780 [pool-6-thread-31] DEBUG c.h.p.o.dependants.PodInfoConfigMap - [helmcust] Desired PodInfo ConfigMap (extension state hash: -1817474005)
2025-01-29 13:43:22,782 INFO c.h.h.t.HelmChartContainer - [hivemq-test-hivemq-platform] [hivemq-platform-operator] [75472ea2] 13:43:22.781 [pool-6-thread-38] DEBUG c.h.p.o.d.PodServiceAccountResource - [helmcust] Desired PodServiceAccountResource (serviceAccountName: hivemq-platform-pod-test-hivemq-platform)
2025-01-29 13:43:22,791 INFO c.h.h.t.HelmChartContainer - [hivemq-test-hivemq-platform] [hivemq-platform-operator] [75472ea2] 13:43:22.789 [pool-6-thread-33] DEBUG c.h.p.o.d.StatefulSetResource - [helmcust] Desired StatefulSet (2 replicas) for status STARTING (READY)
2025-01-29 13:43:22,794 INFO c.h.h.t.HelmChartContainer - [hivemq-test-hivemq-platform] [hivemq-platform-operator] [75472ea2] 13:43:22.793 [ReconcilerExecutor-hivemq-controller-121] INFO  c.h.p.o.HiveMQPlatformReconciler - [helmcust] Reconciling HiveMQ Platform 'test-hivemq-platform' in namespace 'helmcustomsecretconfigit'
2025-01-29 13:43:22,794 INFO c.h.h.t.HelmChartContainer - [hivemq-test-hivemq-platform] [hivemq-platform-operator] [75472ea2] 13:43:22.793 [ReconcilerExecutor-hivemq-controller-121] DEBUG c.h.p.o.HiveMQPlatformReconciler - [helmcust] Custom Resource Status STARTING - HiveMQ Platform is starting (READY)
2025-01-29 13:43:22,795 INFO c.h.h.t.HelmChartContainer - [hivemq-test-hivemq-platform] [hivemq-platform-operator] [75472ea2] 13:43:22.793 [ReconcilerExecutor-hivemq-controller-121] DEBUG c.h.p.o.HiveMQPlatformReconciler - [helmcust] Custom Resource Spec (replicas: 2) (extensions: 1)
2025-01-29 13:43:22,796 INFO c.h.h.t.HelmChartContainer - [hivemq-test-hivemq-platform] [hivemq-platform-operator] [75472ea2] 13:43:22.795 [ReconcilerExecutor-hivemq-controller-121] DEBUG c.h.p.o.HiveMQPlatformReconciler - [helmcust] StatefulSet Status (revision: test-hivemq-platform-7f5cbb4b76, replicas: 2, available: 1, ready: 1, current: 2, updated: 2)
2025-01-29 13:43:22,796 INFO c.h.h.t.HelmChartContainer - [hivemq-test-hivemq-platform] [hivemq-platform-operator] [75472ea2] 13:43:22.795 [ReconcilerExecutor-hivemq-controller-121] DEBUG c.h.p.o.HiveMQPlatformReconciler - [helmcust] StatefulSet Spec (replicas: 2, init containers: 1, containers: 1, volumes: 3)
2025-01-29 13:43:22,797 INFO c.h.h.t.HelmChartContainer - [hivemq-test-hivemq-platform] [hivemq-platform-operator] [75472ea2] 13:43:22.796 [ReconcilerExecutor-hivemq-controller-121] DEBUG c.h.p.o.h.HiveMQPlatformReconcilerErrorHandler - [helmcust] Pod 'test-hivemq-platform-1' phase Running
2025-01-29 13:43:22,799 INFO c.h.h.t.HelmChartContainer - [hivemq-test-hivemq-platform] [hivemq-platform-operator] [75472ea2] 13:43:22.798 [ReconcilerExecutor-hivemq-controller-121] DEBUG c.h.p.o.h.HiveMQPlatformReconcilerErrorHandler - [helmcust] Pod 'test-hivemq-platform-0' phase Running
2025-01-29 13:43:22,850 INFO c.h.h.t.HelmChartContainer - [hivemq-test-hivemq-platform] [hivemq-platform-operator] [75472ea2] 13:43:22.849 [ReconcilerExecutor-hivemq-controller-121] INFO  c.h.p.o.h.HiveMQPlatformReconcilerBaseHandler - [helmcust] HiveMQ Platform is starting, 1 of 2 replicas are ready
2025-01-29 13:43:22,981 INFO c.h.h.t.HelmChartContainer - [test-hivemq-platform] [hivemq] [fed85822] INFO  - Starting extension with id "hivemq-dns-cluster-discovery" at /opt/hivemq/extensions/hivemq-dns-cluster-discovery
2025-01-29 13:43:23,732 INFO c.h.h.t.HelmChartContainer - [EVENT] Warning [Unhealthy] Readiness probe failed: Get "http://10.42.0.12:7979/readiness": context deadline exceeded (Client.Timeout exceeded while awaiting headers) [helmcustomsecretconfigit:test-hivemq-platform-1]
2025-01-29 13:43:23,732 INFO c.h.h.t.HelmChartContainer - Received Unhealthy event for container hivemq in pod test-hivemq-platform-1 [fed85822-9be1-4370-990d-26b1e76d0a3b]
2025-01-29 13:43:23,882 INFO c.h.h.t.HelmChartContainer - [test-hivemq-platform] [hivemq] [fed85822] INFO  - Using TCP cluster transport on address 10.42.0.12 and port 7000
2025-01-29 13:43:23,911 INFO c.h.h.t.HelmChartContainer - [test-hivemq-platform] [hivemq] [fed85822] INFO  - Using extension cluster discovery
2025-01-29 13:43:24,009 INFO c.h.h.t.HelmChartContainer - [test-hivemq-platform] [hivemq] [fed85822] INFO  - [HiveMQ Platform Operator Init App 1.7.0-SNAPSHOT] Returning Health API response 503 for readiness
2025-01-29 13:43:24,180 INFO c.h.h.t.HelmChartContainer - [test-hivemq-platform] [hivemq] [fed85822] INFO  - Extension "DNS Cluster Discovery Extension" version 4.3.2 started successfully.
2025-01-29 13:43:24,181 INFO c.h.h.t.HelmChartContainer - [test-hivemq-platform] [hivemq] [fed85822] INFO  - Starting extension with id "hivemq-prometheus-extension" at /opt/hivemq/extensions/hivemq-prometheus-extension
2025-01-29 13:43:25,210 INFO c.h.h.t.HelmChartContainer - [test-hivemq-platform] [hivemq] [fed85822] INFO  - Started Jetty Server exposing Prometheus Servlet on URI http://0.0.0.0:9399/
2025-01-29 13:43:25,211 INFO c.h.h.t.HelmChartContainer - [test-hivemq-platform] [hivemq] [fed85822] INFO  - Extension "Prometheus Monitoring Extension" version 4.0.12 started successfully.
2025-01-29 13:43:25,211 INFO c.h.h.t.HelmChartContainer - [test-hivemq-platform] [hivemq] [fed85822] INFO  - Starting extension with id "hivemq-allow-all-extension" at /opt/hivemq/extensions/hivemq-allow-all-extension
2025-01-29 13:43:25,211 INFO c.h.h.t.HelmChartContainer - [test-hivemq-platform] [hivemq] [fed85822] WARN  - 
2025-01-29 13:43:25,211 INFO c.h.h.t.HelmChartContainer - [test-hivemq-platform] [hivemq] [fed85822] ################################################################################################################
2025-01-29 13:43:25,211 INFO c.h.h.t.HelmChartContainer - [test-hivemq-platform] [hivemq] [fed85822] # This HiveMQ deployment is not secure! You are lacking Authentication and Authorization.                      #
2025-01-29 13:43:25,211 INFO c.h.h.t.HelmChartContainer - [test-hivemq-platform] [hivemq] [fed85822] # Right now any MQTT client can connect to the broker with a full set of permissions.                          #
2025-01-29 13:43:25,211 INFO c.h.h.t.HelmChartContainer - [test-hivemq-platform] [hivemq] [fed85822] # For production usage, add an appropriate security extension and remove the hivemq-allow-all extension.       #
2025-01-29 13:43:25,211 INFO c.h.h.t.HelmChartContainer - [test-hivemq-platform] [hivemq] [fed85822] # You can download security extensions from the HiveMQ Marketplace (https://www.hivemq.com/extensions/).       #
2025-01-29 13:43:25,211 INFO c.h.h.t.HelmChartContainer - [test-hivemq-platform] [hivemq] [fed85822] ################################################################################################################
2025-01-29 13:43:25,211 INFO c.h.h.t.HelmChartContainer - [test-hivemq-platform] [hivemq] [fed85822] INFO  - Extension "Allow All Extension" version 1.1.1 started successfully.
2025-01-29 13:43:25,493 INFO c.h.h.t.HelmChartContainer - [test-hivemq-platform] [hivemq] [210755fe] INFO  - Cluster nodes found by discovery: [I2txr|1] (2) [I2txr, UIEUL].
2025-01-29 13:43:25,578 INFO c.h.h.t.HelmChartContainer - [test-hivemq-platform] [hivemq] [fed85822] INFO  - Cluster nodes found by discovery: [I2txr|1] (2) [I2txr, UIEUL].
2025-01-29 13:43:25,708 INFO c.h.h.t.HelmChartContainer - [test-hivemq-platform] [hivemq] [fed85822] INFO  - Cluster size = 1, members : [I2txr].
2025-01-29 13:43:26,109 INFO c.h.h.t.HelmChartContainer - [test-hivemq-platform] [hivemq] [fed85822] INFO  - Starting cluster join process. This may take a while. Please do not shut down HiveMQ.
2025-01-29 13:43:26,112 INFO c.h.h.t.HelmChartContainer - [test-hivemq-platform] [hivemq] [fed85822] INFO  - Cluster join process is still ongoing. Please do not shut down HiveMQ.
2025-01-29 13:43:27,697 INFO c.h.h.t.HelmChartContainer - [EVENT] Warning [Unhealthy] Readiness probe failed: HTTP probe failed with statuscode: 503 [helmcustomsecretconfigit:test-hivemq-platform-1]
2025-01-29 13:43:27,697 INFO c.h.h.t.HelmChartContainer - Received Unhealthy event for container hivemq in pod test-hivemq-platform-1 [fed85822-9be1-4370-990d-26b1e76d0a3b]
2025-01-29 13:43:28,127 INFO c.h.h.t.HelmChartContainer - [test-hivemq-platform] [hivemq] [210755fe] INFO  - Cluster size = 2, members : [I2txr, UIEUL].
2025-01-29 13:43:28,212 INFO c.h.h.t.HelmChartContainer - [test-hivemq-platform] [hivemq] [fed85822] INFO  - Cluster size = 2, members : [I2txr, UIEUL].
2025-01-29 13:43:28,217 INFO c.h.h.t.HelmChartContainer - [test-hivemq-platform] [hivemq] [fed85822] INFO  - Finished cluster join process successfully.
2025-01-29 13:43:28,306 INFO c.h.h.t.HelmChartContainer - [test-hivemq-platform] [hivemq] [fed85822] WARN  - No user for HiveMQ Control Center configured. Starting with default user
2025-01-29 13:43:28,309 INFO c.h.h.t.HelmChartContainer - [test-hivemq-platform] [hivemq] [fed85822] INFO  - Starting HiveMQ Control Center on address 0.0.0.0 and port 8080
2025-01-29 13:43:28,321 INFO c.h.h.t.HelmChartContainer - [test-hivemq-platform] [hivemq] [fed85822] INFO  - Mounting HiveMQ Control Center V2 Preview
2025-01-29 13:43:29,014 INFO c.h.h.t.HelmChartContainer - [test-hivemq-platform] [hivemq] [fed85822] INFO  - Started HiveMQ Control Center in 709ms
2025-01-29 13:43:29,029 INFO c.h.h.t.HelmChartContainer - [test-hivemq-platform] [hivemq] [fed85822] INFO  - Starting TCP listener on address 0.0.0.0 and port 1883
2025-01-29 13:43:29,119 INFO c.h.h.t.HelmChartContainer - [test-hivemq-platform] [hivemq] [fed85822] INFO  - Started TCP Listener on address 0.0.0.0 and on port 1883.
2025-01-29 13:43:29,119 INFO c.h.h.t.HelmChartContainer - [test-hivemq-platform] [hivemq] [fed85822] INFO  - Started HiveMQ in 35532ms
2025-01-29 13:43:32,693 INFO c.h.h.t.HelmChartContainer - [test-hivemq-platform] [hivemq] [fed85822] INFO  - [HiveMQ Platform Operator Init App 1.7.0-SNAPSHOT] Returning Health API response 200 for readiness
2025-01-29 13:43:32,714 INFO c.h.h.t.HelmChartContainer - [POD] test-hivemq-platform-1 [fed85822-9be1-4370-990d-26b1e76d0a3b] in helmcustomsecretconfigit was MODIFIED
2025-01-29 13:43:32,731 INFO c.h.h.t.HelmChartContainer - [hivemq-test-hivemq-platform] [hivemq-platform-operator] [75472ea2] 13:43:32.713 [pool-6-thread-42] DEBUG c.h.p.o.d.PlatformServiceResource - [helmcust] Desired Platform services (3 services)
2025-01-29 13:43:32,731 INFO c.h.h.t.HelmChartContainer - [hivemq-test-hivemq-platform] [hivemq-platform-operator] [75472ea2] 13:43:32.721 [pool-6-thread-47] DEBUG c.h.p.o.dependants.PodInfoConfigMap - [helmcust] Desired PodInfo ConfigMap (1 extensions) (1 enabled)
2025-01-29 13:43:32,736 INFO c.h.h.t.HelmChartContainer - [hivemq-test-hivemq-platform] [hivemq-platform-operator] [75472ea2] 13:43:32.721 [pool-6-thread-47] DEBUG c.h.p.o.dependants.PodInfoConfigMap - [helmcust] Desired PodInfo ConfigMap (metrics port: 9399) (metrics path: /)
2025-01-29 13:43:32,737 INFO c.h.h.t.HelmChartContainer - [hivemq-test-hivemq-platform] [hivemq-platform-operator] [75472ea2] 13:43:32.724 [pool-6-thread-47] DEBUG c.h.p.o.dependants.PodInfoConfigMap - [helmcust] Desired PodInfo ConfigMap (extension state hash: -1817474005)
2025-01-29 13:43:32,737 INFO c.h.h.t.HelmChartContainer - [hivemq-test-hivemq-platform] [hivemq-platform-operator] [75472ea2] 13:43:32.734 [pool-6-thread-47] DEBUG c.h.p.o.d.PodServiceAccountResource - [helmcust] Desired PodServiceAccountResource (serviceAccountName: hivemq-platform-pod-test-hivemq-platform)
2025-01-29 13:43:32,744 INFO c.h.h.t.HelmChartContainer - [hivemq-test-hivemq-platform] [hivemq-platform-operator] [75472ea2] 13:43:32.742 [pool-6-thread-46] DEBUG c.h.p.o.d.StatefulSetResource - [helmcust] Desired StatefulSet (2 replicas) for status STARTING (READY)
2025-01-29 13:43:32,749 INFO c.h.h.t.HelmChartContainer - [hivemq-test-hivemq-platform] [hivemq-platform-operator] [75472ea2] 13:43:32.749 [ReconcilerExecutor-hivemq-controller-122] INFO  c.h.p.o.HiveMQPlatformReconciler - [helmcust] Reconciling HiveMQ Platform 'test-hivemq-platform' in namespace 'helmcustomsecretconfigit'
2025-01-29 13:43:32,752 INFO c.h.h.t.HelmChartContainer - [hivemq-test-hivemq-platform] [hivemq-platform-operator] [75472ea2] 13:43:32.751 [ReconcilerExecutor-hivemq-controller-122] DEBUG c.h.p.o.HiveMQPlatformReconciler - [helmcust] Custom Resource Status STARTING - HiveMQ Platform is starting (READY)
2025-01-29 13:43:32,752 INFO c.h.h.t.HelmChartContainer - [hivemq-test-hivemq-platform] [hivemq-platform-operator] [75472ea2] 13:43:32.751 [ReconcilerExecutor-hivemq-controller-122] DEBUG c.h.p.o.HiveMQPlatformReconciler - [helmcust] Custom Resource Spec (replicas: 2) (extensions: 1)
2025-01-29 13:43:32,754 INFO c.h.h.t.HelmChartContainer - [hivemq-test-hivemq-platform] [hivemq-platform-operator] [75472ea2] 13:43:32.753 [ReconcilerExecutor-hivemq-controller-122] DEBUG c.h.p.o.HiveMQPlatformReconciler - [helmcust] StatefulSet Status (revision: test-hivemq-platform-7f5cbb4b76, replicas: 2, available: 2, ready: 2, current: 2, updated: 2)
2025-01-29 13:43:32,754 INFO c.h.h.t.HelmChartContainer - [hivemq-test-hivemq-platform] [hivemq-platform-operator] [75472ea2] 13:43:32.753 [ReconcilerExecutor-hivemq-controller-122] DEBUG c.h.p.o.HiveMQPlatformReconciler - [helmcust] StatefulSet Spec (replicas: 2, init containers: 1, containers: 1, volumes: 3)
2025-01-29 13:43:32,755 INFO c.h.h.t.HelmChartContainer - [hivemq-test-hivemq-platform] [hivemq-platform-operator] [75472ea2] 13:43:32.755 [ReconcilerExecutor-hivemq-controller-122] DEBUG c.h.p.o.h.HiveMQPlatformReconcilerErrorHandler - [helmcust] Pod 'test-hivemq-platform-1' phase Running
2025-01-29 13:43:32,756 INFO c.h.h.t.HelmChartContainer - [hivemq-test-hivemq-platform] [hivemq-platform-operator] [75472ea2] 13:43:32.756 [ReconcilerExecutor-hivemq-controller-122] DEBUG c.h.p.o.h.HiveMQPlatformReconcilerErrorHandler - [helmcust] Pod 'test-hivemq-platform-0' phase Running
2025-01-29 13:43:32,759 INFO c.h.h.t.HelmChartContainer - [hivemq-test-hivemq-platform] [hivemq-platform-operator] [75472ea2] 13:43:32.757 [ReconcilerExecutor-hivemq-controller-122] INFO  c.h.p.o.h.HiveMQPlatformReconcilerBaseHandler - [helmcust] HiveMQ Platform started successfully
2025-01-29 13:43:32,827 INFO c.h.h.t.HelmChartContainer - [K3S] [range_allocator.go:247] "Successfully synced" key="83e4a3cb5001"
2025-01-29 13:43:32,852 INFO c.h.h.t.HelmChartContainer - [hivemq-test-hivemq-platform] [hivemq-platform-operator] [75472ea2] 13:43:32.851 [ReconcilerExecutor-hivemq-controller-122] DEBUG c.h.p.operator.event.EventSender - [helmcust] Creating K8s event hivemq-platform-ready: [Ready] HiveMQ Platform is ready
2025-01-29 13:43:32,857 INFO c.h.h.t.HelmChartContainer - [EVENT] Normal [Ready] HiveMQ Platform is ready [helmcustomsecretconfigit:test-hivemq-platform]
2025-01-29 13:43:32,858 INFO c.h.h.t.HelmChartContainer - [hivemq-test-hivemq-platform] [hivemq-platform-operator] [75472ea2] 13:43:32.857 [ReconcilerExecutor-hivemq-controller-122] INFO  c.h.p.o.h.AbstractHiveMQReconcilerStateHandler - [helmcust] Update HiveMQ Platform Status (STARTING [READY] -> RUNNING [READY]): HiveMQ Platform is ready
2025-01-29 13:43:32,868 DEBUG com.hivemq.helmcharts.util.K8sUtil - Comparing actual state 'RUNNING' and waiting for 'RUNNING'
2025-01-29 13:43:32,935 INFO c.h.h.t.HelmChartContainer - [hivemq-test-hivemq-platform] [hivemq-platform-operator] [75472ea2] 13:43:32.932 [pool-6-thread-5] DEBUG c.h.p.o.d.PlatformServiceResource - [helmcust] Desired Platform services (3 services)
2025-01-29 13:43:32,935 INFO c.h.h.t.HelmChartContainer - [hivemq-test-hivemq-platform] [hivemq-platform-operator] [75472ea2] 13:43:32.932 [pool-6-thread-4] DEBUG c.h.p.o.dependants.PodInfoConfigMap - [helmcust] Desired PodInfo ConfigMap (1 extensions) (1 enabled)
2025-01-29 13:43:32,935 INFO c.h.h.t.HelmChartContainer - [hivemq-test-hivemq-platform] [hivemq-platform-operator] [75472ea2] 13:43:32.933 [pool-6-thread-4] DEBUG c.h.p.o.dependants.PodInfoConfigMap - [helmcust] Desired PodInfo ConfigMap (metrics port: 9399) (metrics path: /)
2025-01-29 13:43:32,935 INFO c.h.h.t.HelmChartContainer - [hivemq-test-hivemq-platform] [hivemq-platform-operator] [75472ea2] 13:43:32.933 [pool-6-thread-4] DEBUG c.h.p.o.dependants.PodInfoConfigMap - [helmcust] Desired PodInfo ConfigMap (extension state hash: -1817474005)
2025-01-29 13:43:32,935 INFO c.h.h.t.HelmChartContainer - [hivemq-test-hivemq-platform] [hivemq-platform-operator] [75472ea2] 13:43:32.933 [pool-6-thread-4] DEBUG c.h.p.o.dependants.PodInfoConfigMap - [helmcust] Update PodInfo ConfigMap
2025-01-29 13:43:32,952 INFO c.h.h.t.HelmChartContainer - [hivemq-test-hivemq-platform] [hivemq-platform-operator] [75472ea2] 13:43:32.950 [pool-6-thread-9] DEBUG c.h.p.o.d.PodServiceAccountResource - [helmcust] Desired PodServiceAccountResource (serviceAccountName: hivemq-platform-pod-test-hivemq-platform)
2025-01-29 13:43:32,955 INFO c.h.h.t.HelmChartContainer - [hivemq-test-hivemq-platform] [hivemq-platform-operator] [75472ea2] 13:43:32.953 [pool-6-thread-5] DEBUG c.h.p.o.d.StatefulSetResource - [helmcust] Desired StatefulSet (2 replicas) for status RUNNING (READY)
2025-01-29 13:43:32,958 INFO c.h.h.t.HelmChartContainer - [hivemq-test-hivemq-platform] [hivemq-platform-operator] [75472ea2] 13:43:32.957 [ReconcilerExecutor-hivemq-controller-123] INFO  c.h.p.o.HiveMQPlatformReconciler - [helmcust] Reconciling HiveMQ Platform 'test-hivemq-platform' in namespace 'helmcustomsecretconfigit'
2025-01-29 13:43:32,958 INFO c.h.h.t.HelmChartContainer - [hivemq-test-hivemq-platform] [hivemq-platform-operator] [75472ea2] 13:43:32.957 [ReconcilerExecutor-hivemq-controller-123] DEBUG c.h.p.o.HiveMQPlatformReconciler - [helmcust] Custom Resource Status RUNNING - HiveMQ Platform is ready (READY)
2025-01-29 13:43:32,958 INFO c.h.h.t.HelmChartContainer - [hivemq-test-hivemq-platform] [hivemq-platform-operator] [75472ea2] 13:43:32.957 [ReconcilerExecutor-hivemq-controller-123] DEBUG c.h.p.o.HiveMQPlatformReconciler - [helmcust] Custom Resource Spec (replicas: 2) (extensions: 1)
2025-01-29 13:43:32,959 INFO c.h.h.t.HelmChartContainer - [hivemq-test-hivemq-platform] [hivemq-platform-operator] [75472ea2] 13:43:32.959 [ReconcilerExecutor-hivemq-controller-123] DEBUG c.h.p.o.HiveMQPlatformReconciler - [helmcust] StatefulSet Status (revision: test-hivemq-platform-7f5cbb4b76, replicas: 2, available: 2, ready: 2, current: 2, updated: 2)
2025-01-29 13:43:32,959 INFO c.h.h.t.HelmChartContainer - [hivemq-test-hivemq-platform] [hivemq-platform-operator] [75472ea2] 13:43:32.959 [ReconcilerExecutor-hivemq-controller-123] DEBUG c.h.p.o.HiveMQPlatformReconciler - [helmcust] StatefulSet Spec (replicas: 2, init containers: 1, containers: 1, volumes: 3)
2025-01-29 13:43:32,961 INFO c.h.h.t.HelmChartContainer - [hivemq-test-hivemq-platform] [hivemq-platform-operator] [75472ea2] 13:43:32.960 [ReconcilerExecutor-hivemq-controller-123] DEBUG c.h.p.o.h.HiveMQPlatformReconcilerErrorHandler - [helmcust] Pod 'test-hivemq-platform-1' phase Running
2025-01-29 13:43:32,962 INFO c.h.h.t.HelmChartContainer - [hivemq-test-hivemq-platform] [hivemq-platform-operator] [75472ea2] 13:43:32.961 [ReconcilerExecutor-hivemq-controller-123] DEBUG c.h.p.o.h.HiveMQPlatformReconcilerErrorHandler - [helmcust] Pod 'test-hivemq-platform-0' phase Running
2025-01-29 13:43:34,885 INFO c.h.h.t.HelmChartContainer - Uninstalling release 'test-hivemq-platform' in namespace 'helmcustomsecretconfigit'...
2025-01-29 13:43:34,885 DEBUG c.h.h.t.HelmChartContainer - Executing helm command: /bin/helm --kubeconfig /etc/rancher/k3s/k3s.yaml uninstall test-hivemq-platform  --wait --timeout 5m0s --cascade foreground --namespace helmcustomsecretconfigit
2025-01-29 13:43:35,107 INFO c.h.h.t.HelmChartContainer - [hivemq-test-hivemq-platform] [hivemq-platform-operator] [75472ea2] 13:43:35.098 [pool-6-thread-20] DEBUG c.h.p.o.d.PlatformServiceResource - [helmcust] Desired Platform services (3 services)
2025-01-29 13:43:35,118 INFO c.h.h.t.HelmChartContainer - [hivemq-test-hivemq-platform] [hivemq-platform-operator] [75472ea2] 13:43:35.100 [pool-6-thread-16] DEBUG c.h.p.o.dependants.PodInfoConfigMap - [helmcust] Desired PodInfo ConfigMap (1 extensions) (1 enabled)
2025-01-29 13:43:35,118 INFO c.h.h.t.HelmChartContainer - [hivemq-test-hivemq-platform] [hivemq-platform-operator] [75472ea2] 13:43:35.100 [pool-6-thread-16] DEBUG c.h.p.o.dependants.PodInfoConfigMap - [helmcust] Desired PodInfo ConfigMap (metrics port: 9399) (metrics path: /)
2025-01-29 13:43:35,118 INFO c.h.h.t.HelmChartContainer - [hivemq-test-hivemq-platform] [hivemq-platform-operator] [75472ea2] 13:43:35.100 [pool-6-thread-16] DEBUG c.h.p.o.dependants.PodInfoConfigMap - [helmcust] Desired PodInfo ConfigMap (extension state hash: -1817474005)
2025-01-29 13:43:35,118 INFO c.h.h.t.HelmChartContainer - [hivemq-test-hivemq-platform] [hivemq-platform-operator] [75472ea2] 13:43:35.102 [pool-6-thread-15] DEBUG c.h.p.o.d.PodServiceAccountResource - [helmcust] Desired PodServiceAccountResource (serviceAccountName: hivemq-platform-pod-test-hivemq-platform)
2025-01-29 13:43:35,118 INFO c.h.h.t.HelmChartContainer - [hivemq-test-hivemq-platform] [hivemq-platform-operator] [75472ea2] 13:43:35.107 [pool-6-thread-20] DEBUG c.h.p.o.d.StatefulSetResource - [helmcust] Desired StatefulSet (2 replicas) for status RUNNING (READY)
2025-01-29 13:43:35,118 INFO c.h.h.t.HelmChartContainer - [hivemq-test-hivemq-platform] [hivemq-platform-operator] [75472ea2] 13:43:35.110 [ReconcilerExecutor-hivemq-controller-124] INFO  c.h.p.o.HiveMQPlatformReconciler - [helmcust] Reconciling HiveMQ Platform 'test-hivemq-platform' in namespace 'helmcustomsecretconfigit'
2025-01-29 13:43:35,118 INFO c.h.h.t.HelmChartContainer - [hivemq-test-hivemq-platform] [hivemq-platform-operator] [75472ea2] 13:43:35.110 [ReconcilerExecutor-hivemq-controller-124] DEBUG c.h.p.o.HiveMQPlatformReconciler - [helmcust] Custom Resource Status RUNNING - HiveMQ Platform is ready (READY)
2025-01-29 13:43:35,118 INFO c.h.h.t.HelmChartContainer - [hivemq-test-hivemq-platform] [hivemq-platform-operator] [75472ea2] 13:43:35.110 [ReconcilerExecutor-hivemq-controller-124] DEBUG c.h.p.o.HiveMQPlatformReconciler - [helmcust] Custom Resource Spec (replicas: 2) (extensions: 1)
2025-01-29 13:43:35,175 INFO c.h.h.t.HelmChartContainer - [hivemq-test-hivemq-platform] [hivemq-platform-operator] [75472ea2] 13:43:35.150 [ReconcilerExecutor-hivemq-controller-124] DEBUG c.h.p.o.HiveMQPlatformReconciler - [helmcust] StatefulSet Status (revision: test-hivemq-platform-7f5cbb4b76, replicas: 2, available: 2, ready: 2, current: 2, updated: 2)
2025-01-29 13:43:35,175 INFO c.h.h.t.HelmChartContainer - [hivemq-test-hivemq-platform] [hivemq-platform-operator] [75472ea2] 13:43:35.150 [ReconcilerExecutor-hivemq-controller-124] DEBUG c.h.p.o.HiveMQPlatformReconciler - [helmcust] StatefulSet Spec (replicas: 2, init containers: 1, containers: 1, volumes: 3)
2025-01-29 13:43:35,175 INFO c.h.h.t.HelmChartContainer - [hivemq-test-hivemq-platform] [hivemq-platform-operator] [75472ea2] 13:43:35.152 [ReconcilerExecutor-hivemq-controller-124] DEBUG c.h.p.o.h.HiveMQPlatformReconcilerErrorHandler - [helmcust] Pod 'test-hivemq-platform-1' phase Running
2025-01-29 13:43:35,175 INFO c.h.h.t.HelmChartContainer - [hivemq-test-hivemq-platform] [hivemq-platform-operator] [75472ea2] 13:43:35.156 [ReconcilerExecutor-hivemq-controller-124] DEBUG c.h.p.o.h.HiveMQPlatformReconcilerErrorHandler - [helmcust] Pod 'test-hivemq-platform-0' phase Running
2025-01-29 13:43:35,186 INFO c.h.h.t.HelmChartContainer - [hivemq-test-hivemq-platform] [hivemq-platform-operator] [75472ea2] 13:43:35.162 [ReconcilerExecutor-hivemq-controller-127] INFO  c.h.p.o.HiveMQPlatformReconciler - [helmcust] Cleanup test-hivemq-platform - helmcustomsecretconfigit HiveMQ Platform is shut down
2025-01-29 13:43:35,902 INFO c.h.h.t.HelmChartContainer - [POD] test-hivemq-platform-1 [fed85822-9be1-4370-990d-26b1e76d0a3b] in helmcustomsecretconfigit was MODIFIED
2025-01-29 13:43:35,912 INFO c.h.h.t.HelmChartContainer - [EVENT] Normal [Killing] Stopping container hivemq [helmcustomsecretconfigit:test-hivemq-platform-1]
2025-01-29 13:43:35,913 INFO c.h.h.t.HelmChartContainer - Received Killing event for container hivemq in pod test-hivemq-platform-1 [fed85822-9be1-4370-990d-26b1e76d0a3b]
2025-01-29 13:43:35,913 INFO c.h.h.t.HelmChartContainer - Container [test-hivemq-platform-1] [hivemq] [fed85822-9be1-4370-990d-26b1e76d0a3b] was terminated
2025-01-29 13:43:35,913 INFO c.h.h.t.HelmChartContainer - Stopped log watcher for hivemq in pod test-hivemq-platform-1 [fed85822-9be1-4370-990d-26b1e76d0a3b]
2025-01-29 13:43:35,922 INFO c.h.h.t.HelmChartContainer - [test-hivemq-platform] [hivemq] [fed85822] INFO  - [HiveMQ Platform Operator Init App 1.7.0-SNAPSHOT] Shutting down
2025-01-29 13:43:35,924 INFO c.h.h.t.HelmChartContainer - [test-hivemq-platform] [hivemq] [fed85822] INFO  - [HiveMQ Platform Operator Init App 1.7.0-SNAPSHOT] Stopping the HiveMQ Platform
2025-01-29 13:43:35,932 INFO c.h.h.t.HelmChartContainer - [POD] test-hivemq-platform-0 [210755fe-2b9b-4b25-a7b2-33a4136ab2c9] in helmcustomsecretconfigit was MODIFIED
2025-01-29 13:43:35,942 INFO c.h.h.t.HelmChartContainer - [EVENT] Normal [Killing] Stopping container hivemq [helmcustomsecretconfigit:test-hivemq-platform-0]
2025-01-29 13:43:35,942 INFO c.h.h.t.HelmChartContainer - Received Killing event for container hivemq in pod test-hivemq-platform-0 [210755fe-2b9b-4b25-a7b2-33a4136ab2c9]
2025-01-29 13:43:35,942 INFO c.h.h.t.HelmChartContainer - Container [test-hivemq-platform-0] [hivemq] [210755fe-2b9b-4b25-a7b2-33a4136ab2c9] was terminated
2025-01-29 13:43:35,942 INFO c.h.h.t.HelmChartContainer - Stopped log watcher for hivemq in pod test-hivemq-platform-0 [210755fe-2b9b-4b25-a7b2-33a4136ab2c9]
2025-01-29 13:43:35,948 INFO c.h.h.t.HelmChartContainer - [test-hivemq-platform] [hivemq] [210755fe] INFO  - [HiveMQ Platform Operator Init App 1.7.0-SNAPSHOT] Shutting down
2025-01-29 13:43:35,949 INFO c.h.h.t.HelmChartContainer - [test-hivemq-platform] [hivemq] [210755fe] INFO  - [HiveMQ Platform Operator Init App 1.7.0-SNAPSHOT] Stopping the HiveMQ Platform
2025-01-29 13:43:36,095 INFO c.h.h.t.HelmChartContainer - [test-hivemq-platform] [hivemq] [fed85822] INFO  - Shutting down HiveMQ. Please wait, this could take a while...
2025-01-29 13:43:36,094 INFO c.h.h.t.HelmChartContainer - [test-hivemq-platform] [hivemq] [210755fe] INFO  - Shutting down HiveMQ. Please wait, this could take a while...
2025-01-29 13:43:36,101 INFO c.h.h.t.HelmChartContainer - [test-hivemq-platform] [hivemq] [210755fe] INFO  - Shutting down listeners and clients
2025-01-29 13:43:36,103 INFO c.h.h.t.HelmChartContainer - [test-hivemq-platform] [hivemq] [210755fe] INFO  - Shutdown of listeners is done
2025-01-29 13:43:36,103 INFO c.h.h.t.HelmChartContainer - [test-hivemq-platform] [hivemq] [210755fe] INFO  - No clients are connected, proceeding with shutdown
2025-01-29 13:43:36,179 INFO c.h.h.t.HelmChartContainer - [test-hivemq-platform] [hivemq] [fed85822] INFO  - Shutting down listeners and clients
2025-01-29 13:43:36,179 INFO c.h.h.t.HelmChartContainer - [test-hivemq-platform] [hivemq] [fed85822] INFO  - Shutdown of listeners is done
2025-01-29 13:43:36,179 INFO c.h.h.t.HelmChartContainer - [test-hivemq-platform] [hivemq] [fed85822] INFO  - No clients are connected, proceeding with shutdown
2025-01-29 13:43:37,147 INFO c.h.h.t.HelmChartContainer - Deleting namespace 'helmcustomsecretconfigit'...
2025-01-29 13:43:37,689 INFO c.h.h.t.HelmChartContainer - [test-hivemq-platform] [hivemq] [fed85822] INFO  - [HiveMQ Platform Operator Init App 1.7.0-SNAPSHOT] Returning shutdown Health API response 503 for readiness
2025-01-29 13:43:37,693 INFO c.h.h.t.HelmChartContainer - [EVENT] Warning [Unhealthy] Readiness probe failed: HTTP probe failed with statuscode: 503 [helmcustomsecretconfigit:test-hivemq-platform-1]
2025-01-29 13:43:37,693 INFO c.h.h.t.HelmChartContainer - Received Unhealthy event for container hivemq in pod test-hivemq-platform-1 [fed85822-9be1-4370-990d-26b1e76d0a3b]
2025-01-29 13:43:38,139 INFO c.h.h.t.HelmChartContainer - [test-hivemq-platform] [hivemq] [fed85822] WARN  - [HiveMQ Platform Operator Init App 1.7.0-SNAPSHOT] Could not update Pod annotations: Failure executing: GET at: https://10.43.0.1:443/api/v1/namespaces/helmcustomsecretconfigit/pods/test-hivemq-platform-1. Message: pods "test-hivemq-platform-1" is forbidden: User "system:serviceaccount:helmcustomsecretconfigit:hivemq-platform-pod-test-hivemq-platform" cannot get resource "pods" in API group "" in the namespace "helmcustomsecretconfigit". Received status: Status(apiVersion=v1, code=403, details=StatusDetails(causes=[], group=null, kind=pods, name=test-hivemq-platform-1, retryAfterSeconds=null, uid=null, additionalProperties={}), kind=Status, message=pods "test-hivemq-platform-1" is forbidden: User "system:serviceaccount:helmcustomsecretconfigit:hivemq-platform-pod-test-hivemq-platform" cannot get resource "pods" in API group "" in the namespace "helmcustomsecretconfigit", metadata=ListMeta(_continue=null, remainingItemCount=null, resourceVersion=null, selfLink=null, additionalProperties={}), reason=Forbidden, status=Failure, additionalProperties={}).
2025-01-29 13:43:38,314 INFO c.h.h.t.HelmChartContainer - [test-hivemq-platform] [hivemq] [210755fe] INFO  - [HiveMQ Platform Operator Init App 1.7.0-SNAPSHOT] Returning shutdown Health API response 503 for readiness
2025-01-29 13:43:38,318 INFO c.h.h.t.HelmChartContainer - [EVENT] Warning [Unhealthy] Readiness probe failed: HTTP probe failed with statuscode: 503 [helmcustomsecretconfigit:test-hivemq-platform-0]
2025-01-29 13:43:38,319 INFO c.h.h.t.HelmChartContainer - Received Unhealthy event for container hivemq in pod test-hivemq-platform-0 [210755fe-2b9b-4b25-a7b2-33a4136ab2c9]
2025-01-29 13:43:38,611 INFO c.h.h.t.HelmChartContainer - [test-hivemq-platform] [hivemq] [fed85822] INFO  - Shutting down extension system
2025-01-29 13:43:38,613 INFO c.h.h.t.HelmChartContainer - [test-hivemq-platform] [hivemq] [fed85822] INFO  - Stopping extension with id hivemq-dns-cluster-discovery
2025-01-29 13:43:38,614 INFO c.h.h.t.HelmChartContainer - [test-hivemq-platform] [hivemq] [fed85822] INFO  - Extension "DNS Cluster Discovery Extension" version 4.3.2 stopped successfully.
2025-01-29 13:43:38,615 INFO c.h.h.t.HelmChartContainer - [test-hivemq-platform] [hivemq] [fed85822] INFO  - Stopping extension with id hivemq-prometheus-extension
2025-01-29 13:43:38,618 INFO c.h.h.t.HelmChartContainer - [test-hivemq-platform] [hivemq] [fed85822] INFO  - Extension "Prometheus Monitoring Extension" version 4.0.12 stopped successfully.
2025-01-29 13:43:38,619 INFO c.h.h.t.HelmChartContainer - [test-hivemq-platform] [hivemq] [fed85822] INFO  - Stopping extension with id hivemq-allow-all-extension
2025-01-29 13:43:38,619 INFO c.h.h.t.HelmChartContainer - [test-hivemq-platform] [hivemq] [fed85822] INFO  - Extension "Allow All Extension" version 1.1.1 stopped successfully.
2025-01-29 13:43:38,623 INFO c.h.h.t.HelmChartContainer - [test-hivemq-platform] [hivemq] [210755fe] INFO  - Cluster nodes found by discovery: [I2txr|2] (1) [I2txr].
2025-01-29 13:43:38,631 INFO c.h.h.t.HelmChartContainer - [test-hivemq-platform] [hivemq] [210755fe] INFO  - Cluster size = 1, members : [I2txr].
2025-01-29 13:43:38,879 INFO c.h.h.t.HelmChartContainer - [K3S] [authentication.go:74] "Unable to authenticate the request" err="[invalid bearer token, serviceaccounts \"hivemq-platform-pod-test-hivemq-platform\" not found]"
2025-01-29 13:43:38,899 INFO c.h.h.t.HelmChartContainer - [K3S] [authentication.go:74] "Unable to authenticate the request" err="[invalid bearer token, serviceaccounts \"hivemq-platform-pod-test-hivemq-platform\" not found]"
2025-01-29 13:43:38,991 INFO c.h.h.t.HelmChartContainer - [test-hivemq-platform] [hivemq] [210755fe] WARN  - [HiveMQ Platform Operator Init App 1.7.0-SNAPSHOT] Could not update Pod annotations: Failure executing: GET at: https://10.43.0.1:443/api/v1/namespaces/helmcustomsecretconfigit/pods/test-hivemq-platform-0. Message: Unauthorized. Received status: Status(apiVersion=v1, code=401, details=null, kind=Status, message=Unauthorized, metadata=ListMeta(_continue=null, remainingItemCount=null, resourceVersion=null, selfLink=null, additionalProperties={}), reason=Unauthorized, status=Failure, additionalProperties={}).
2025-01-29 13:43:38,991 INFO c.h.h.t.HelmChartContainer - [test-hivemq-platform] [hivemq] [210755fe] INFO  - Shutting down extension system
2025-01-29 13:43:38,996 INFO c.h.h.t.HelmChartContainer - [test-hivemq-platform] [hivemq] [210755fe] INFO  - Stopping extension with id hivemq-dns-cluster-discovery
2025-01-29 13:43:38,997 INFO c.h.h.t.HelmChartContainer - [test-hivemq-platform] [hivemq] [210755fe] INFO  - Extension "DNS Cluster Discovery Extension" version 4.3.2 stopped successfully.
2025-01-29 13:43:38,997 INFO c.h.h.t.HelmChartContainer - [test-hivemq-platform] [hivemq] [210755fe] INFO  - Stopping extension with id hivemq-prometheus-extension
2025-01-29 13:43:39,002 INFO c.h.h.t.HelmChartContainer - [test-hivemq-platform] [hivemq] [210755fe] INFO  - Extension "Prometheus Monitoring Extension" version 4.0.12 stopped successfully.
2025-01-29 13:43:39,003 INFO c.h.h.t.HelmChartContainer - [test-hivemq-platform] [hivemq] [210755fe] INFO  - Stopping extension with id hivemq-allow-all-extension
2025-01-29 13:43:39,003 INFO c.h.h.t.HelmChartContainer - [test-hivemq-platform] [hivemq] [210755fe] INFO  - Extension "Allow All Extension" version 1.1.1 stopped successfully.
2025-01-29 13:43:40,978 INFO c.h.h.t.HelmChartContainer - [test-hivemq-platform] [hivemq] [fed85822] INFO  - Shutdown completed.
2025-01-29 13:43:41,301 INFO c.h.h.t.HelmChartContainer - [test-hivemq-platform] [hivemq] [210755fe] INFO  - Shutdown completed.
2025-01-29 13:43:41,329 INFO c.h.h.t.HelmChartContainer - [test-hivemq-platform] [hivemq] [fed85822] INFO  - [HiveMQ Platform Operator Init App 1.7.0-SNAPSHOT] The HiveMQ Platform exited with code 143
2025-01-29 13:43:41,329 INFO c.h.h.t.HelmChartContainer - [test-hivemq-platform] [hivemq] [fed85822] INFO  - [HiveMQ Platform Operator Init App 1.7.0-SNAPSHOT] Stopping the REST API
2025-01-29 13:43:41,336 INFO c.h.h.t.HelmChartContainer - [test-hivemq-platform] [hivemq] [fed85822] INFO  - [HiveMQ Platform Operator Init App 1.7.0-SNAPSHOT] Shutdown complete
2025-01-29 13:43:41,651 INFO c.h.h.t.HelmChartContainer - [test-hivemq-platform] [hivemq] [210755fe] INFO  - [HiveMQ Platform Operator Init App 1.7.0-SNAPSHOT] The HiveMQ Platform exited with code 143
2025-01-29 13:43:41,651 INFO c.h.h.t.HelmChartContainer - [test-hivemq-platform] [hivemq] [210755fe] INFO  - [HiveMQ Platform Operator Init App 1.7.0-SNAPSHOT] Stopping the REST API
2025-01-29 13:43:41,659 INFO c.h.h.t.HelmChartContainer - [test-hivemq-platform] [hivemq] [210755fe] INFO  - [HiveMQ Platform Operator Init App 1.7.0-SNAPSHOT] Shutdown complete
2025-01-29 13:43:41,829 INFO c.h.h.t.HelmChartContainer - [K3S] [pod_container_deletor.go:80] "Container not found in pod's containers" containerID="6673c28c85c29d39b64fddccff93f57bda8069bcceb4b0b0cfb636f881be1fb8"
2025-01-29 13:43:41,861 INFO c.h.h.t.HelmChartContainer - [POD] test-hivemq-platform-1 [fed85822-9be1-4370-990d-26b1e76d0a3b] in helmcustomsecretconfigit was MODIFIED
2025-01-29 13:43:41,862 INFO c.h.h.t.HelmChartContainer - [K3S] [stateful_set.go:438] "Unhandled Error" err="error syncing StatefulSet helmcustomsecretconfigit/test-hivemq-platform, requeuing: controllerrevisions.apps \"test-hivemq-platform-7f5cbb4b76\" is forbidden: unable to create new content in namespace helmcustomsecretconfigit because it is being terminated"
2025-01-29 13:43:41,870 INFO c.h.h.t.HelmChartContainer - [K3S] [stateful_set.go:438] "Unhandled Error" err="error syncing StatefulSet helmcustomsecretconfigit/test-hivemq-platform, requeuing: controllerrevisions.apps \"test-hivemq-platform-7f5cbb4b76\" is forbidden: unable to create new content in namespace helmcustomsecretconfigit because it is being terminated"
2025-01-29 13:43:41,883 INFO c.h.h.t.HelmChartContainer - [K3S] [stateful_set.go:438] "Unhandled Error" err="error syncing StatefulSet helmcustomsecretconfigit/test-hivemq-platform, requeuing: controllerrevisions.apps \"test-hivemq-platform-7f5cbb4b76\" is forbidden: unable to create new content in namespace helmcustomsecretconfigit because it is being terminated"
2025-01-29 13:43:41,906 INFO c.h.h.t.HelmChartContainer - [K3S] [stateful_set.go:438] "Unhandled Error" err="error syncing StatefulSet helmcustomsecretconfigit/test-hivemq-platform, requeuing: controllerrevisions.apps \"test-hivemq-platform-7f5cbb4b76\" is forbidden: unable to create new content in namespace helmcustomsecretconfigit because it is being terminated"
2025-01-29 13:43:41,950 INFO c.h.h.t.HelmChartContainer - [K3S] [reconciler_common.go:162] "operationExecutor.UnmountVolume started for volume \"pod-info\" (UniqueName: \"kubernetes.io/configmap/fed85822-9be1-4370-990d-26b1e76d0a3b-pod-info\") pod \"fed85822-9be1-4370-990d-26b1e76d0a3b\" (UID: \"fed85822-9be1-4370-990d-26b1e76d0a3b\") "
2025-01-29 13:43:41,950 INFO c.h.h.t.HelmChartContainer - [K3S] [reconciler_common.go:162] "operationExecutor.UnmountVolume started for volume \"broker-configuration\" (UniqueName: \"kubernetes.io/secret/fed85822-9be1-4370-990d-26b1e76d0a3b-broker-configuration\") pod \"fed85822-9be1-4370-990d-26b1e76d0a3b\" (UID: \"fed85822-9be1-4370-990d-26b1e76d0a3b\") "
2025-01-29 13:43:41,951 INFO c.h.h.t.HelmChartContainer - [K3S] [reconciler_common.go:162] "operationExecutor.UnmountVolume started for volume \"operator-init\" (UniqueName: \"kubernetes.io/empty-dir/fed85822-9be1-4370-990d-26b1e76d0a3b-operator-init\") pod \"fed85822-9be1-4370-990d-26b1e76d0a3b\" (UID: \"fed85822-9be1-4370-990d-26b1e76d0a3b\") "
2025-01-29 13:43:41,951 INFO c.h.h.t.HelmChartContainer - [K3S] [reconciler_common.go:162] "operationExecutor.UnmountVolume started for volume \"kube-api-access-wcfq2\" (UniqueName: \"kubernetes.io/projected/fed85822-9be1-4370-990d-26b1e76d0a3b-kube-api-access-wcfq2\") pod \"fed85822-9be1-4370-990d-26b1e76d0a3b\" (UID: \"fed85822-9be1-4370-990d-26b1e76d0a3b\") "
2025-01-29 13:43:41,951 INFO c.h.h.t.HelmChartContainer - [K3S] [stateful_set.go:438] "Unhandled Error" err="error syncing StatefulSet helmcustomsecretconfigit/test-hivemq-platform, requeuing: controllerrevisions.apps \"test-hivemq-platform-7f5cbb4b76\" is forbidden: unable to create new content in namespace helmcustomsecretconfigit because it is being terminated"
2025-01-29 13:43:42,035 INFO c.h.h.t.HelmChartContainer - [K3S] [stateful_set.go:438] "Unhandled Error" err="error syncing StatefulSet helmcustomsecretconfigit/test-hivemq-platform, requeuing: controllerrevisions.apps \"test-hivemq-platform-7f5cbb4b76\" is forbidden: unable to create new content in namespace helmcustomsecretconfigit because it is being terminated"
2025-01-29 13:43:42,051 INFO c.h.h.t.HelmChartContainer - [K3S] [reconciler_common.go:299] "Volume detached for volume \"broker-configuration\" (UniqueName: \"kubernetes.io/secret/fed85822-9be1-4370-990d-26b1e76d0a3b-broker-configuration\") on node \"83e4a3cb5001\" DevicePath \"\""
2025-01-29 13:43:42,052 INFO c.h.h.t.HelmChartContainer - [K3S] [reconciler_common.go:299] "Volume detached for volume \"operator-init\" (UniqueName: \"kubernetes.io/empty-dir/fed85822-9be1-4370-990d-26b1e76d0a3b-operator-init\") on node \"83e4a3cb5001\" DevicePath \"\""
2025-01-29 13:43:42,052 INFO c.h.h.t.HelmChartContainer - [K3S] [reconciler_common.go:299] "Volume detached for volume \"kube-api-access-wcfq2\" (UniqueName: \"kubernetes.io/projected/fed85822-9be1-4370-990d-26b1e76d0a3b-kube-api-access-wcfq2\") on node \"83e4a3cb5001\" DevicePath \"\""
2025-01-29 13:43:42,052 INFO c.h.h.t.HelmChartContainer - [K3S] [reconciler_common.go:299] "Volume detached for volume \"pod-info\" (UniqueName: \"kubernetes.io/configmap/fed85822-9be1-4370-990d-26b1e76d0a3b-pod-info\") on node \"83e4a3cb5001\" DevicePath \"\""
2025-01-29 13:43:42,088 INFO c.h.h.t.HelmChartContainer - [POD] test-hivemq-platform-0 [210755fe-2b9b-4b25-a7b2-33a4136ab2c9] in helmcustomsecretconfigit was MODIFIED
2025-01-29 13:43:42,089 INFO c.h.h.t.HelmChartContainer - [K3S] [stateful_set.go:438] "Unhandled Error" err="error syncing StatefulSet helmcustomsecretconfigit/test-hivemq-platform, requeuing: controllerrevisions.apps \"test-hivemq-platform-7f5cbb4b76\" is forbidden: unable to create new content in namespace helmcustomsecretconfigit because it is being terminated"
2025-01-29 13:43:42,152 INFO c.h.h.t.HelmChartContainer - [K3S] [reconciler_common.go:162] "operationExecutor.UnmountVolume started for volume \"broker-configuration\" (UniqueName: \"kubernetes.io/secret/210755fe-2b9b-4b25-a7b2-33a4136ab2c9-broker-configuration\") pod \"210755fe-2b9b-4b25-a7b2-33a4136ab2c9\" (UID: \"210755fe-2b9b-4b25-a7b2-33a4136ab2c9\") "
2025-01-29 13:43:42,152 INFO c.h.h.t.HelmChartContainer - [K3S] [reconciler_common.go:162] "operationExecutor.UnmountVolume started for volume \"operator-init\" (UniqueName: \"kubernetes.io/empty-dir/210755fe-2b9b-4b25-a7b2-33a4136ab2c9-operator-init\") pod \"210755fe-2b9b-4b25-a7b2-33a4136ab2c9\" (UID: \"210755fe-2b9b-4b25-a7b2-33a4136ab2c9\") "
2025-01-29 13:43:42,152 INFO c.h.h.t.HelmChartContainer - [K3S] [reconciler_common.go:162] "operationExecutor.UnmountVolume started for volume \"pod-info\" (UniqueName: \"kubernetes.io/configmap/210755fe-2b9b-4b25-a7b2-33a4136ab2c9-pod-info\") pod \"210755fe-2b9b-4b25-a7b2-33a4136ab2c9\" (UID: \"210755fe-2b9b-4b25-a7b2-33a4136ab2c9\") "
2025-01-29 13:43:42,152 INFO c.h.h.t.HelmChartContainer - [K3S] [reconciler_common.go:162] "operationExecutor.UnmountVolume started for volume \"kube-api-access-kztwv\" (UniqueName: \"kubernetes.io/projected/210755fe-2b9b-4b25-a7b2-33a4136ab2c9-kube-api-access-kztwv\") pod \"210755fe-2b9b-4b25-a7b2-33a4136ab2c9\" (UID: \"210755fe-2b9b-4b25-a7b2-33a4136ab2c9\") "
2025-01-29 13:43:42,198 INFO c.h.h.t.HelmChartContainer - [K3S] [stateful_set.go:438] "Unhandled Error" err="error syncing StatefulSet helmcustomsecretconfigit/test-hivemq-platform, requeuing: controllerrevisions.apps \"test-hivemq-platform-7f5cbb4b76\" is forbidden: unable to create new content in namespace helmcustomsecretconfigit because it is being terminated"
2025-01-29 13:43:42,252 INFO c.h.h.t.HelmChartContainer - [K3S] [reconciler_common.go:299] "Volume detached for volume \"operator-init\" (UniqueName: \"kubernetes.io/empty-dir/210755fe-2b9b-4b25-a7b2-33a4136ab2c9-operator-init\") on node \"83e4a3cb5001\" DevicePath \"\""
2025-01-29 13:43:42,252 INFO c.h.h.t.HelmChartContainer - [K3S] [reconciler_common.go:299] "Volume detached for volume \"pod-info\" (UniqueName: \"kubernetes.io/configmap/210755fe-2b9b-4b25-a7b2-33a4136ab2c9-pod-info\") on node \"83e4a3cb5001\" DevicePath \"\""
2025-01-29 13:43:42,252 INFO c.h.h.t.HelmChartContainer - [K3S] [reconciler_common.go:299] "Volume detached for volume \"kube-api-access-kztwv\" (UniqueName: \"kubernetes.io/projected/210755fe-2b9b-4b25-a7b2-33a4136ab2c9-kube-api-access-kztwv\") on node \"83e4a3cb5001\" DevicePath \"\""
2025-01-29 13:43:42,252 INFO c.h.h.t.HelmChartContainer - [K3S] [reconciler_common.go:299] "Volume detached for volume \"broker-configuration\" (UniqueName: \"kubernetes.io/secret/210755fe-2b9b-4b25-a7b2-33a4136ab2c9-broker-configuration\") on node \"83e4a3cb5001\" DevicePath \"\""
2025-01-29 13:43:42,306 INFO c.h.h.t.HelmChartContainer - [K3S] [stateful_set.go:466] "StatefulSet has been deleted" key="helmcustomsecretconfigit/test-hivemq-platform"
2025-01-29 13:43:42,342 INFO c.h.h.t.HelmChartContainer - [K3S] [namespace_controller.go:164] "Unhandled Error" err="deletion of namespace helmcustomsecretconfigit failed: unexpected items still remain in namespace: helmcustomsecretconfigit for gvr: /v1, Resource=pods"
2025-01-29 13:43:42,522 INFO c.h.h.t.HelmChartContainer - [K3S] [namespace_controller.go:164] "Unhandled Error" err="deletion of namespace helmcustomsecretconfigit failed: unexpected items still remain in namespace: helmcustomsecretconfigit for gvr: /v1, Resource=pods"
2025-01-29 13:43:42,624 INFO c.h.h.t.HelmChartContainer - [K3S] [namespace_controller.go:164] "Unhandled Error" err="deletion of namespace helmcustomsecretconfigit failed: unexpected items still remain in namespace: helmcustomsecretconfigit for gvr: /v1, Resource=pods"
2025-01-29 13:43:42,737 INFO c.h.h.t.HelmChartContainer - [K3S] [namespace_controller.go:164] "Unhandled Error" err="deletion of namespace helmcustomsecretconfigit failed: unexpected items still remain in namespace: helmcustomsecretconfigit for gvr: /v1, Resource=pods"
2025-01-29 13:43:42,832 INFO c.h.h.t.HelmChartContainer - [K3S] [scope.go:117] "RemoveContainer" containerID="51909e5af094788a6b984468416e40d90f9e90c1bca2ff77d724355bfe2dc08b"
2025-01-29 13:43:42,840 INFO c.h.h.t.HelmChartContainer - [K3S] [stateful_set.go:466] "StatefulSet has been deleted" key="helmcustomsecretconfigit/test-hivemq-platform"
2025-01-29 13:43:42,850 INFO c.h.h.t.HelmChartContainer - [POD] test-hivemq-platform-0 [210755fe-2b9b-4b25-a7b2-33a4136ab2c9] in helmcustomsecretconfigit was MODIFIED
2025-01-29 13:43:42,874 INFO c.h.h.t.HelmChartContainer - [POD] test-hivemq-platform-0 [210755fe-2b9b-4b25-a7b2-33a4136ab2c9] in helmcustomsecretconfigit was DELETED
2025-01-29 13:43:42,877 INFO c.h.h.t.HelmChartContainer - [POD] test-hivemq-platform-1 [fed85822-9be1-4370-990d-26b1e76d0a3b] in helmcustomsecretconfigit was MODIFIED
2025-01-29 13:43:42,878 INFO c.h.h.t.HelmChartContainer - [POD] test-hivemq-platform-1 [fed85822-9be1-4370-990d-26b1e76d0a3b] in helmcustomsecretconfigit was DELETED
2025-01-29 13:43:42,965 INFO c.h.h.t.HelmChartContainer - [K3S] [scope.go:117] "RemoveContainer" containerID="3d96e846215291c2ccb38632c800b388b9f238b06b4b41df0e46175def842f2a"
2025-01-29 13:43:42,968 INFO c.h.h.t.HelmChartContainer - [K3S] [scope.go:117] "RemoveContainer" containerID="51909e5af094788a6b984468416e40d90f9e90c1bca2ff77d724355bfe2dc08b"
2025-01-29 13:43:42,968 INFO c.h.h.t.HelmChartContainer - [K3S] [scope.go:117] "RemoveContainer" containerID="3d96e846215291c2ccb38632c800b388b9f238b06b4b41df0e46175def842f2a"
2025-01-29 13:43:42,986 INFO c.h.h.t.HelmChartContainer - [K3S] [namespace_controller.go:164] "Unhandled Error" err="deletion of namespace helmcustomsecretconfigit failed: unexpected items still remain in namespace: helmcustomsecretconfigit for gvr: /v1, Resource=pods"
2025-01-29 13:43:43,174 INFO c.h.h.t.HelmChartContainer - Namespace 'helmcustomsecretconfigit' deleted
2025-01-29 13:43:43,174 INFO c.h.h.t.HelmChartContainer - Release 'test-hivemq-platform' in namespace 'helmcustomsecretconfigit' is uninstalled
2025-01-29 13:43:43,174 INFO c.h.h.t.HelmChartContainer - Uninstalling release 'test-hivemq-platform-operator' in namespace 'helmcustomsecretconfigit-operator'...
2025-01-29 13:43:43,174 DEBUG c.h.h.t.HelmChartContainer - Executing helm command: /bin/helm --kubeconfig /etc/rancher/k3s/k3s.yaml uninstall test-hivemq-platform-operator  --wait --timeout 5m0s --cascade foreground --namespace helmcustomsecretconfigit-operator
2025-01-29 13:43:43,343 INFO c.h.h.t.HelmChartContainer - [K3S] [replica_set.go:679] "Finished syncing" kind="ReplicaSet" key="helmcustomsecretconfigit-operator/hivemq-test-hivemq-platform-operator-6966f96d65" duration="10.176396ms"
2025-01-29 13:43:43,343 INFO c.h.h.t.HelmChartContainer - [K3S] [replica_set.go:679] "Finished syncing" kind="ReplicaSet" key="helmcustomsecretconfigit-operator/hivemq-test-hivemq-platform-operator-6966f96d65" duration="40.686µs"
2025-01-29 13:43:43,359 INFO c.h.h.t.HelmChartContainer - [POD] hivemq-test-hivemq-platform-operator-6966f96d65-lr6mj [75472ea2-511d-4004-881d-baa26141851a] in helmcustomsecretconfigit-operator was MODIFIED
2025-01-29 13:43:43,372 INFO c.h.h.t.HelmChartContainer - [hivemq-test-hivemq-platform] [hivemq-platform-operator] [75472ea2] 13:43:43.368 [application-shutdown-thread] INFO  c.h.p.o.HiveMQPlatformOperatorApplication - HiveMQ Platform Operator is stopping...
2025-01-29 13:43:43,372 INFO c.h.h.t.HelmChartContainer - [EVENT] Normal [Killing] Stopping container hivemq-platform-operator [helmcustomsecretconfigit-operator:hivemq-test-hivemq-platform-operator-6966f96d65-lr6mj]
2025-01-29 13:43:43,372 INFO c.h.h.t.HelmChartContainer - Received Killing event for container hivemq-platform-operator in pod hivemq-test-hivemq-platform-operator-6966f96d65-lr6mj [75472ea2-511d-4004-881d-baa26141851a]
2025-01-29 13:43:43,372 INFO c.h.h.t.HelmChartContainer - Container [hivemq-test-hivemq-platform-operator-6966f96d65-lr6mj] [hivemq-platform-operator] [75472ea2-511d-4004-881d-baa26141851a] was terminated
2025-01-29 13:43:43,372 INFO c.h.h.t.HelmChartContainer - Stopped log watcher for hivemq-platform-operator in pod hivemq-test-hivemq-platform-operator-6966f96d65-lr6mj [75472ea2-511d-4004-881d-baa26141851a]
2025-01-29 13:43:43,374 INFO c.h.h.t.HelmChartContainer - [K3S] [replica_set.go:679] "Finished syncing" kind="ReplicaSet" key="helmcustomsecretconfigit-operator/hivemq-test-hivemq-platform-operator-6966f96d65" duration="11.990046ms"
2025-01-29 13:43:43,376 INFO c.h.h.t.HelmChartContainer - [hivemq-test-hivemq-platform] [hivemq-platform-operator] [75472ea2] 13:43:43.369 [application-shutdown-thread] INFO  i.javaoperatorsdk.operator.Operator - Operator SDK 4.9.7 is shutting down...
2025-01-29 13:43:43,379 INFO c.h.h.t.HelmChartContainer - [K3S] [replica_set.go:679] "Finished syncing" kind="ReplicaSet" key="helmcustomsecretconfigit-operator/hivemq-test-hivemq-platform-operator-6966f96d65" duration="42.8µs"
2025-01-29 13:43:43,892 INFO c.h.h.t.HelmChartContainer - [K3S] [replica_set.go:679] "Finished syncing" kind="ReplicaSet" key="helmcustomsecretconfigit-operator/hivemq-test-hivemq-platform-operator-6966f96d65" duration="42.179µs"
2025-01-29 13:43:43,893 INFO c.h.h.t.HelmChartContainer - [POD] hivemq-test-hivemq-platform-operator-6966f96d65-lr6mj [75472ea2-511d-4004-881d-baa26141851a] in helmcustomsecretconfigit-operator was MODIFIED
2025-01-29 13:43:44,059 INFO c.h.h.t.HelmChartContainer - [K3S] [reconciler_common.go:162] "operationExecutor.UnmountVolume started for volume \"kube-api-access-6lmkg\" (UniqueName: \"kubernetes.io/projected/75472ea2-511d-4004-881d-baa26141851a-kube-api-access-6lmkg\") pod \"75472ea2-511d-4004-881d-baa26141851a\" (UID: \"75472ea2-511d-4004-881d-baa26141851a\") "
2025-01-29 13:43:44,160 INFO c.h.h.t.HelmChartContainer - [K3S] [reconciler_common.go:299] "Volume detached for volume \"kube-api-access-6lmkg\" (UniqueName: \"kubernetes.io/projected/75472ea2-511d-4004-881d-baa26141851a-kube-api-access-6lmkg\") on node \"83e4a3cb5001\" DevicePath \"\""
2025-01-29 13:43:44,202 INFO c.h.h.t.HelmChartContainer - [K3S] [kubelet_volumes.go:163] "Cleaned up orphaned pod volumes dir" podUID="210755fe-2b9b-4b25-a7b2-33a4136ab2c9" path="/var/lib/kubelet/pods/210755fe-2b9b-4b25-a7b2-33a4136ab2c9/volumes"
2025-01-29 13:43:44,203 INFO c.h.h.t.HelmChartContainer - [K3S] [kubelet_volumes.go:163] "Cleaned up orphaned pod volumes dir" podUID="fed85822-9be1-4370-990d-26b1e76d0a3b" path="/var/lib/kubelet/pods/fed85822-9be1-4370-990d-26b1e76d0a3b/volumes"
2025-01-29 13:43:44,838 INFO c.h.h.t.HelmChartContainer - [K3S] [scope.go:117] "RemoveContainer" containerID="332a8a92b833bdbc0e758e6f9701661aa039569bc87fdc3144b19426f59f191c"
2025-01-29 13:43:44,846 INFO c.h.h.t.HelmChartContainer - [K3S] [replica_set.go:679] "Finished syncing" kind="ReplicaSet" key="helmcustomsecretconfigit-operator/hivemq-test-hivemq-platform-operator-6966f96d65" duration="46.015µs"
2025-01-29 13:43:44,847 INFO c.h.h.t.HelmChartContainer - [POD] hivemq-test-hivemq-platform-operator-6966f96d65-lr6mj [75472ea2-511d-4004-881d-baa26141851a] in helmcustomsecretconfigit-operator was MODIFIED
2025-01-29 13:43:44,849 INFO c.h.h.t.HelmChartContainer - [K3S] [replica_set.go:679] "Finished syncing" kind="ReplicaSet" key="helmcustomsecretconfigit-operator/hivemq-test-hivemq-platform-operator-6966f96d65" duration="33.512µs"
2025-01-29 13:43:44,850 INFO c.h.h.t.HelmChartContainer - [POD] hivemq-test-hivemq-platform-operator-6966f96d65-lr6mj [75472ea2-511d-4004-881d-baa26141851a] in helmcustomsecretconfigit-operator was DELETED
2025-01-29 13:43:44,862 INFO c.h.h.t.HelmChartContainer - [K3S] [replica_set.go:679] "Finished syncing" kind="ReplicaSet" key="helmcustomsecretconfigit-operator/hivemq-test-hivemq-platform-operator-6966f96d65" duration="7.665µs"
2025-01-29 13:43:45,384 INFO c.h.h.t.HelmChartContainer - Deleting namespace 'helmcustomsecretconfigit-operator'...
2025-01-29 13:43:46,202 INFO c.h.h.t.HelmChartContainer - [K3S] [kubelet_volumes.go:163] "Cleaned up orphaned pod volumes dir" podUID="75472ea2-511d-4004-881d-baa26141851a" path="/var/lib/kubelet/pods/75472ea2-511d-4004-881d-baa26141851a/volumes"
2025-01-29 13:43:48,160 INFO c.h.h.t.HelmChartContainer - [K3S] [namespace_controller.go:187] "Namespace has been deleted" namespace="helmcustomsecretconfigit"
2025-01-29 13:43:50,609 INFO c.h.h.t.HelmChartContainer - Namespace 'helmcustomsecretconfigit-operator' deleted
2025-01-29 13:43:50,609 INFO c.h.h.t.HelmChartContainer - Release 'test-hivemq-platform-operator' in namespace 'helmcustomsecretconfigit-operator' is uninstalled
2025-01-29 13:43:51,594 INFO c.h.helmcharts.AbstractHelmChartIT - Removed unused containers:

2025-01-29 13:43:55,538 INFO c.h.h.t.HelmChartContainer - [K3S] [namespace_controller.go:187] "Namespace has been deleted" namespace="helmcustomsecretconfigit-operator"
2025-01-29 13:44:01,116 INFO c.h.helmcharts.AbstractHelmChartIT - Removed unused snapshots:
Removing snapshot sha256:03af251906410714c5aef9fa705b63f6bbc39c4a5e787de7361eeb18886c2ed2
Removing snapshot sha256:058cfc368a209200671711669c64e3d7e3bccd7589b48c934b6d727a223eeb32
Removing snapshot sha256:0c46b3b43cce082ce5ec34ffc6c294e0417d17b9d1e6f366d114b6aadc4f96dc
Removing snapshot sha256:0ce761beee59082d6ed5bcebd3a805b8ddd9b3426b617e4809e7fb7c6587ffec
Removing snapshot sha256:0df91287303208332c8ff6ba40ae4710105201739addbfbddfb955f1ad593664
Removing snapshot sha256:1021ef88c7974bfff89c5a0ec4fd3160daac6c48a075f74cff721f85dd104e68
Removing snapshot sha256:10aba4953ddc18145dd38e3704709bc464aa20af60b56fe52caaff4b68411e62
Removing snapshot sha256:1d5cf3e3eb812061f06c49abff02b68d81953942566ded85fcc9c1f47b13186a
Removing snapshot sha256:2573e0d8158209ed54ab25c87bcdcb00bd3d2539246960a3d592a1c599d70465
Removing snapshot sha256:2944c0692f0b3f4c958b09e4bf315ac3616ed274898af04494fcd963a879bca5
Removing snapshot sha256:362a8a37f8bbc31925a8146adcf7cf51f9882f5c1dcbef67c5baa03a297543c0
Removing snapshot sha256:3fa4ad33f0ddc8fd45b39b6b4640f82a3a83619606cd975bfe89d8710ad2d4cd
Removing snapshot sha256:43a7c979bbaba6838bc3102d6b10a1459f3ab050b87ccdfef84ef90cf43d3058
Removing snapshot sha256:4ab04491cdf0d3267f08206fe30bd48f49f94b9cab2f016d6739220f722a64af
Removing snapshot sha256:4b6068250e89c96f263060261819c7d912855bfbd64b3eb4c4a8483299b8c295
Removing snapshot sha256:580e69a0a8034ede1921139bbd2bfb72a69ebf276d008281896c32dd8bf74775
Removing snapshot sha256:5a3228bf75a16fc5ec5b3d4ca301ab7ef2ca3bc2a3e8bf0a02733adfe43e5980
Removing snapshot sha256:5d30ba46b27fe37484567ccc5242cadc78217b8da605f3f195ef25cbf7487904
Removing snapshot sha256:63ca1fbb43ae5034640e5e6cb3e083e05c290072c5366fcaa9d62435a4cced85
Removing snapshot sha256:67f702c6baae873bceb19487c8b1f27bd2b86077e4f2f0e480e6d60ab508b8f5
Removing snapshot sha256:6864348dd42806d552efdec384f1274be15e2d0c10ce44c1f04347af004c10a9
Removing snapshot sha256:6c7dee8f2c39b84b7dc2711c01d33de93514d9055499173e9290176fbe484b6c
Removing snapshot sha256:72f6a943024c1e27fe833cfeb6c82171337f25719df4bde8edc58fd471ac0f89
Removing snapshot sha256:82753493a6d61ded36556292f02f31841a14c20d2f279f19eaad65afb661d5cd
Removing snapshot sha256:8a10d3db42c505ee0fcfa98417bdd7e39b304f6bcc0a06bb1b220797ff2cc63c
Removing snapshot sha256:8bd9d778dd3aef4d3b4c77ee426be03092ca88acfd9bcf279d0631dd96d6df44
Removing snapshot sha256:8eed3c0b435850e9a00be0139a9a847ca108037e5fa832424a4e194c78ba59c4
Removing snapshot sha256:9b6f048201798a9c57b6316cb427a1e0aeb399d74aa15ca9e1519e77e2a2269e
Removing snapshot sha256:a0904247e36a7726c03c71ee48f3e64462021c88dafeb13f37fdaf613b27f11c
Removing snapshot sha256:a21e5b12dbac529ad45d976eb9ce45c881f3bedcc500fb30aba1e52aa1813418
Removing snapshot sha256:ab252baf4e5de5aaea9ee70236e159dbf16fd0a2394f5e27a579881aadfd4f49
Removing snapshot sha256:b921e6c28969094157f9b8e7244677780319637afd14450b7cb6b2fdea558a0c
Removing snapshot sha256:bc27ecb5769a00e309cf99ebc763c4a4b958b618d1decc96ffac5bc05f02f5b7
Removing snapshot sha256:be3ccb6627a5332e309d45ef461d09b4879dd870c7394d89323d0ebc6ca6aa8a
Removing snapshot sha256:c0c5b7491e705290b7ad3cce5c420f88ca1c74090e2726894a1baef025c52f43
Removing snapshot sha256:c261f7cbbc64211ee175ee47273acdb7b1a36a4450b397a064a8f2c026490095
Removing snapshot sha256:c34d9393647eea0c9e3557ab988efaf59f61d10a2a5613b439ef0958cca5ec10
Removing snapshot sha256:c4d5383ee8eaca294a64b01d37df59eac0a3e2a9779e67c450767218d0c4b36a
Removing snapshot sha256:ccf3c4a0fa967a41c1c83497a2ce6fa5787965859df0adb32c4ca2cf7490bc2b
Removing snapshot sha256:cf92d33f869417309692088c341cd0f223c178ea78a125f757317b22aa8f90e9
Removing snapshot sha256:d0037344cf2fb078884f1849f6a1f8cf9a33a3b6139b6a85833e5ee528e1f9a8
Removing snapshot sha256:d3b36d5b79273b1e98e7700470eaeff05a882e777124d84cebcc1505b85ecb36
Removing snapshot sha256:d65a44a37914602d12c611e5e22a50f11451d847e63015cc1c2aef92dee777a4
Removing snapshot sha256:d933c5f7d93a7a4196b76b559685f889b7b388041ac839bb7e19f6495750c4ef
Removing snapshot sha256:e2dc0bae2455930f23ae570e019b7f32edc75c0f2d71cab084db837ff9051796
Removing snapshot sha256:e31519795c7e3df686c447a21ec8d2eb301388a5e39ccf7f20a25c6f6ce3a522
Removing snapshot sha256:e4f954326774f256e539cb77d7b760593e89bbc63ca7a5ee0814ba1906135a09
Removing snapshot sha256:e9e86ed11d9bebc0707dd6f1166c51237ebb44f98657241f943261b2675a5449
Removing snapshot sha256:eabc2b3c5c963907b3f557933a60ab243515007cd7c28ba909692f5627b3bd32
Removing snapshot sha256:ecbf3b59a2be12efa647dc6cafe74dc73897de364be1037d9f880482d1ce011f
Removing snapshot sha256:eccbd24a99c60cd9e86ee5305dbfc4a4dc89f5ab4fb1f06c8d64797cecedef34
Removing snapshot sha256:edd1404c718ab99ca3456bdf222065033800bb67d4334a9642746685a24394cd
Removing snapshot sha256:f144bb4c7c7f0d2aa7eeffd36d934ec40db1ee167be727e326aad9fdc616f475
Removing snapshot sha256:ff3d1afd12e9b5642bc649cf82e7302d95c47a7a41fdfb3f34b284058e6b2790

2025-01-29 13:44:01,116 WARN c.h.helmcharts.AbstractHelmChartIT - Error during removal of snapshots:
ctr: failed to remove "sha256:03af251906410714c5aef9fa705b63f6bbc39c4a5e787de7361eeb18886c2ed2": cannot remove snapshot with child: failed precondition
ctr: failed to remove "sha256:058cfc368a209200671711669c64e3d7e3bccd7589b48c934b6d727a223eeb32": cannot remove snapshot with child: failed precondition
ctr: failed to remove "sha256:0c46b3b43cce082ce5ec34ffc6c294e0417d17b9d1e6f366d114b6aadc4f96dc": cannot remove snapshot with child: failed precondition
ctr: failed to remove "sha256:0ce761beee59082d6ed5bcebd3a805b8ddd9b3426b617e4809e7fb7c6587ffec": cannot remove snapshot with child: failed precondition
ctr: failed to remove "sha256:0df91287303208332c8ff6ba40ae4710105201739addbfbddfb955f1ad593664": cannot remove snapshot with child: failed precondition
ctr: failed to remove "sha256:1021ef88c7974bfff89c5a0ec4fd3160daac6c48a075f74cff721f85dd104e68": cannot remove snapshot with child: failed precondition
ctr: failed to remove "sha256:10aba4953ddc18145dd38e3704709bc464aa20af60b56fe52caaff4b68411e62": cannot remove snapshot with child: failed precondition
ctr: failed to remove "sha256:1d5cf3e3eb812061f06c49abff02b68d81953942566ded85fcc9c1f47b13186a": cannot remove snapshot with child: failed precondition
ctr: failed to remove "sha256:2573e0d8158209ed54ab25c87bcdcb00bd3d2539246960a3d592a1c599d70465": cannot remove snapshot with child: failed precondition
ctr: failed to remove "sha256:2944c0692f0b3f4c958b09e4bf315ac3616ed274898af04494fcd963a879bca5": cannot remove snapshot with child: failed precondition
ctr: failed to remove "sha256:362a8a37f8bbc31925a8146adcf7cf51f9882f5c1dcbef67c5baa03a297543c0": cannot remove snapshot with child: failed precondition
ctr: failed to remove "sha256:3fa4ad33f0ddc8fd45b39b6b4640f82a3a83619606cd975bfe89d8710ad2d4cd": cannot remove snapshot with child: failed precondition
ctr: failed to remove "sha256:43a7c979bbaba6838bc3102d6b10a1459f3ab050b87ccdfef84ef90cf43d3058": cannot remove snapshot with child: failed precondition
ctr: failed to remove "sha256:4ab04491cdf0d3267f08206fe30bd48f49f94b9cab2f016d6739220f722a64af": cannot remove snapshot with child: failed precondition
ctr: failed to remove "sha256:4b6068250e89c96f263060261819c7d912855bfbd64b3eb4c4a8483299b8c295": cannot remove snapshot with child: failed precondition
ctr: failed to remove "sha256:580e69a0a8034ede1921139bbd2bfb72a69ebf276d008281896c32dd8bf74775": cannot remove snapshot with child: failed precondition
ctr: failed to remove "sha256:5a3228bf75a16fc5ec5b3d4ca301ab7ef2ca3bc2a3e8bf0a02733adfe43e5980": cannot remove snapshot with child: failed precondition
ctr: failed to remove "sha256:5d30ba46b27fe37484567ccc5242cadc78217b8da605f3f195ef25cbf7487904": cannot remove snapshot with child: failed precondition
ctr: failed to remove "sha256:63ca1fbb43ae5034640e5e6cb3e083e05c290072c5366fcaa9d62435a4cced85": cannot remove snapshot with child: failed precondition
ctr: failed to remove "sha256:67f702c6baae873bceb19487c8b1f27bd2b86077e4f2f0e480e6d60ab508b8f5": cannot remove snapshot with child: failed precondition
ctr: failed to remove "sha256:6864348dd42806d552efdec384f1274be15e2d0c10ce44c1f04347af004c10a9": cannot remove snapshot with child: failed precondition
ctr: failed to remove "sha256:6c7dee8f2c39b84b7dc2711c01d33de93514d9055499173e9290176fbe484b6c": cannot remove snapshot with child: failed precondition
ctr: failed to remove "sha256:82753493a6d61ded36556292f02f31841a14c20d2f279f19eaad65afb661d5cd": cannot remove snapshot with child: failed precondition
ctr: failed to remove "sha256:8a10d3db42c505ee0fcfa98417bdd7e39b304f6bcc0a06bb1b220797ff2cc63c": cannot remove snapshot with child: failed precondition
ctr: failed to remove "sha256:8bd9d778dd3aef4d3b4c77ee426be03092ca88acfd9bcf279d0631dd96d6df44": cannot remove snapshot with child: failed precondition
ctr: failed to remove "sha256:8eed3c0b435850e9a00be0139a9a847ca108037e5fa832424a4e194c78ba59c4": cannot remove snapshot with child: failed precondition
ctr: failed to remove "sha256:9b6f048201798a9c57b6316cb427a1e0aeb399d74aa15ca9e1519e77e2a2269e": cannot remove snapshot with child: failed precondition
ctr: failed to remove "sha256:a0904247e36a7726c03c71ee48f3e64462021c88dafeb13f37fdaf613b27f11c": cannot remove snapshot with child: failed precondition
ctr: failed to remove "sha256:a21e5b12dbac529ad45d976eb9ce45c881f3bedcc500fb30aba1e52aa1813418": cannot remove snapshot with child: failed precondition
ctr: failed to remove "sha256:ab252baf4e5de5aaea9ee70236e159dbf16fd0a2394f5e27a579881aadfd4f49": cannot remove snapshot with child: failed precondition
ctr: failed to remove "sha256:b921e6c28969094157f9b8e7244677780319637afd14450b7cb6b2fdea558a0c": cannot remove snapshot with child: failed precondition
ctr: failed to remove "sha256:bc27ecb5769a00e309cf99ebc763c4a4b958b618d1decc96ffac5bc05f02f5b7": cannot remove snapshot with child: failed precondition
ctr: failed to remove "sha256:be3ccb6627a5332e309d45ef461d09b4879dd870c7394d89323d0ebc6ca6aa8a": cannot remove snapshot with child: failed precondition
ctr: failed to remove "sha256:c0c5b7491e705290b7ad3cce5c420f88ca1c74090e2726894a1baef025c52f43": cannot remove snapshot with child: failed precondition
ctr: failed to remove "sha256:c261f7cbbc64211ee175ee47273acdb7b1a36a4450b397a064a8f2c026490095": cannot remove snapshot with child: failed precondition
ctr: failed to remove "sha256:c34d9393647eea0c9e3557ab988efaf59f61d10a2a5613b439ef0958cca5ec10": cannot remove snapshot with child: failed precondition
ctr: failed to remove "sha256:c4d5383ee8eaca294a64b01d37df59eac0a3e2a9779e67c450767218d0c4b36a": cannot remove snapshot with child: failed precondition
ctr: failed to remove "sha256:ccf3c4a0fa967a41c1c83497a2ce6fa5787965859df0adb32c4ca2cf7490bc2b": cannot remove snapshot with child: failed precondition
ctr: failed to remove "sha256:cf92d33f869417309692088c341cd0f223c178ea78a125f757317b22aa8f90e9": cannot remove snapshot with child: failed precondition
ctr: failed to remove "sha256:d0037344cf2fb078884f1849f6a1f8cf9a33a3b6139b6a85833e5ee528e1f9a8": cannot remove snapshot with child: failed precondition
ctr: failed to remove "sha256:d3b36d5b79273b1e98e7700470eaeff05a882e777124d84cebcc1505b85ecb36": cannot remove snapshot with child: failed precondition
ctr: failed to remove "sha256:d65a44a37914602d12c611e5e22a50f11451d847e63015cc1c2aef92dee777a4": cannot remove snapshot with child: failed precondition
ctr: failed to remove "sha256:d933c5f7d93a7a4196b76b559685f889b7b388041ac839bb7e19f6495750c4ef": cannot remove snapshot with child: failed precondition
ctr: failed to remove "sha256:e2dc0bae2455930f23ae570e019b7f32edc75c0f2d71cab084db837ff9051796": cannot remove snapshot with child: failed precondition
ctr: failed to remove "sha256:e31519795c7e3df686c447a21ec8d2eb301388a5e39ccf7f20a25c6f6ce3a522": cannot remove snapshot with child: failed precondition
ctr: failed to remove "sha256:e4f954326774f256e539cb77d7b760593e89bbc63ca7a5ee0814ba1906135a09": cannot remove snapshot with child: failed precondition
ctr: failed to remove "sha256:e9e86ed11d9bebc0707dd6f1166c51237ebb44f98657241f943261b2675a5449": cannot remove snapshot with child: failed precondition
ctr: failed to remove "sha256:eabc2b3c5c963907b3f557933a60ab243515007cd7c28ba909692f5627b3bd32": cannot remove snapshot with child: failed precondition
ctr: failed to remove "sha256:ecbf3b59a2be12efa647dc6cafe74dc73897de364be1037d9f880482d1ce011f": cannot remove snapshot with child: failed precondition
ctr: failed to remove "sha256:eccbd24a99c60cd9e86ee5305dbfc4a4dc89f5ab4fb1f06c8d64797cecedef34": cannot remove snapshot with child: failed precondition
ctr: failed to remove "sha256:edd1404c718ab99ca3456bdf222065033800bb67d4334a9642746685a24394cd": cannot remove snapshot with child: failed precondition
ctr: failed to remove "sha256:f144bb4c7c7f0d2aa7eeffd36d934ec40db1ee167be727e326aad9fdc616f475": cannot remove snapshot with child: failed precondition
ctr: failed to remove "sha256:ff3d1afd12e9b5642bc649cf82e7302d95c47a7a41fdfb3f34b284058e6b2790": cannot remove snapshot with child: failed precondition

]]></system-out>
  </testcase>
  <system-out><![CDATA[2025-01-29 13:39:15,246 INFO c.h.h.t.HelmChartContainerExtension - Using cached HelmChartContainer instance
]]></system-out>
  <system-err><![CDATA[]]></system-err>
</testsuite>
