<?xml version="1.0" encoding="UTF-8"?>
<testsuite name="com.hivemq.helmcharts.platform.UpdateLogLevelIT" tests="2" skipped="0" failures="0" errors="0" timestamp="2025-05-05T06:35:18" hostname="fv-az1673-617" time="287.994">
  <properties/>
  <testcase name="1 withNamespaces: true" classname="com.hivemq.helmcharts.platform.UpdateLogLevelIT" time="143.245"/>
  <testcase name="2 withNamespaces: false" classname="com.hivemq.helmcharts.platform.UpdateLogLevelIT" time="144.748"/>
</testsuite>
