<?xml version="1.0" encoding="UTF-8"?>
<testsuite name="com.hivemq.helmcharts.platform.HelmUpgradePlatformIT" tests="1" skipped="0" failures="0" errors="0" timestamp="2025-01-30T18:32:03" hostname="fv-az1068-149" time="153.366">
  <properties/>
  <testcase name="withDeployedPlatform_upgradeIncreasingReplicaCount()" classname="com.hivemq.helmcharts.platform.HelmUpgradePlatformIT" time="153.366">
    <system-out><![CDATA[2025-01-30 18:32:03,145 INFO c.h.h.t.HelmChartContainer - Creating namespace 'helmupgradeplatformit-operator'...
2025-01-30 18:32:03,153 INFO c.h.h.t.HelmChartContainer - Namespace 'helmupgradeplatformit-operator' created
2025-01-30 18:32:03,153 INFO c.h.h.t.HelmChartContainer - Creating namespace 'helmupgradeplatformit'...
2025-01-30 18:32:03,161 INFO c.h.h.t.HelmChartContainer - Namespace 'helmupgradeplatformit' created
2025-01-30 18:32:03,226 DEBUG c.h.h.t.HelmChartContainer - Executing helm command: /bin/helm --kubeconfig /etc/rancher/k3s/k3s.yaml install test-hivemq-platform-operator /charts/hivemq-platform-operator --wait --timeout 5m0s --set image.repository=docker.io/hivemq --set image.name=hivemq-platform-operator-test --set image.initImageName=hivemq-platform-operator-init-test --set image.tag=snapshot --set image.pullPolicy=Never --set logLevel=DEBUG --set resources.cpu=512m --namespace helmupgradeplatformit-operator
2025-01-30 18:32:03,521 INFO c.h.h.t.HelmChartContainer - [K3S] [alloc.go:330] "allocated clusterIPs" service="helmupgradeplatformit-operator/hivemq-platform-operator-test-hivemq-platform-operator" clusterIPs={"IPv4":"10.43.150.4"}
2025-01-30 18:32:03,533 INFO c.h.h.t.HelmChartContainer - [EVENT] Normal [ScalingReplicaSet] Scaled up replica set hivemq-test-hivemq-platform-operator-6966f96d65 from 0 to 1 [helmupgradeplatformit-operator:hivemq-test-hivemq-platform-operator]
2025-01-30 18:32:03,541 INFO c.h.h.t.HelmChartContainer - [POD] hivemq-test-hivemq-platform-operator-6966f96d65-mxsjm [1f650712-6998-464b-ad7a-f864708f1d0f] in helmupgradeplatformit-operator was ADDED
2025-01-30 18:32:03,544 INFO c.h.h.t.HelmChartContainer - [POD] hivemq-test-hivemq-platform-operator-6966f96d65-mxsjm [1f650712-6998-464b-ad7a-f864708f1d0f] in helmupgradeplatformit-operator was MODIFIED
2025-01-30 18:32:03,545 INFO c.h.h.t.HelmChartContainer - [K3S] [memory_manager.go:355] "RemoveStaleState removing state" podUID="e75e6786-e9f5-415f-99cd-d843bfbf3b83" containerName="hivemq-platform-operator"
2025-01-30 18:32:03,546 INFO c.h.h.t.HelmChartContainer - [K3S] [memory_manager.go:355] "RemoveStaleState removing state" podUID="7fef09b9-3164-4016-aadd-9489391afdd2" containerName="hivemq"
2025-01-30 18:32:03,546 INFO c.h.h.t.HelmChartContainer - [K3S] [memory_manager.go:355] "RemoveStaleState removing state" podUID="0e9a565a-d87c-4d2c-8483-6adf35c42bb0" containerName="hivemq"
2025-01-30 18:32:03,546 INFO c.h.h.t.HelmChartContainer - [EVENT] Normal [SuccessfulCreate] Created pod: hivemq-test-hivemq-platform-operator-6966f96d65-mxsjm [helmupgradeplatformit-operator:hivemq-test-hivemq-platform-operator-6966f96d65]
2025-01-30 18:32:03,548 INFO c.h.h.t.HelmChartContainer - [K3S] [replica_set.go:679] "Finished syncing" kind="ReplicaSet" key="helmupgradeplatformit-operator/hivemq-test-hivemq-platform-operator-6966f96d65" duration="16.861767ms"
2025-01-30 18:32:03,552 INFO c.h.h.t.HelmChartContainer - [EVENT] Normal [Scheduled] Successfully assigned helmupgradeplatformit-operator/hivemq-test-hivemq-platform-operator-6966f96d65-mxsjm to 3c34a29122cc [helmupgradeplatformit-operator:hivemq-test-hivemq-platform-operator-6966f96d65-mxsjm]
2025-01-30 18:32:03,554 INFO c.h.h.t.HelmChartContainer - [K3S] [replica_set.go:679] "Finished syncing" kind="ReplicaSet" key="helmupgradeplatformit-operator/hivemq-test-hivemq-platform-operator-6966f96d65" duration="6.585761ms"
2025-01-30 18:32:03,554 INFO c.h.h.t.HelmChartContainer - [K3S] [replica_set.go:679] "Finished syncing" kind="ReplicaSet" key="helmupgradeplatformit-operator/hivemq-test-hivemq-platform-operator-6966f96d65" duration="29.976µs"
2025-01-30 18:32:03,559 INFO c.h.h.t.HelmChartContainer - [K3S] [replica_set.go:679] "Finished syncing" kind="ReplicaSet" key="helmupgradeplatformit-operator/hivemq-test-hivemq-platform-operator-6966f96d65" duration="34.134µs"
2025-01-30 18:32:03,561 INFO c.h.h.t.HelmChartContainer - [POD] hivemq-test-hivemq-platform-operator-6966f96d65-mxsjm [1f650712-6998-464b-ad7a-f864708f1d0f] in helmupgradeplatformit-operator was MODIFIED
2025-01-30 18:32:03,649 INFO c.h.h.t.HelmChartContainer - [K3S] [reconciler_common.go:251] "operationExecutor.VerifyControllerAttachedVolume started for volume \"kube-api-access-k25lz\" (UniqueName: \"kubernetes.io/projected/1f650712-6998-464b-ad7a-f864708f1d0f-kube-api-access-k25lz\") pod \"hivemq-test-hivemq-platform-operator-6966f96d65-mxsjm\" (UID: \"1f650712-6998-464b-ad7a-f864708f1d0f\") " pod="helmupgradeplatformit-operator/hivemq-test-hivemq-platform-operator-6966f96d65-mxsjm"
2025-01-30 18:32:03,940 INFO c.h.h.t.HelmChartContainer - [EVENT] Normal [Pulled] Container image "docker.io/hivemq/hivemq-platform-operator-test:snapshot" already present on machine [helmupgradeplatformit-operator:hivemq-test-hivemq-platform-operator-6966f96d65-mxsjm]
2025-01-30 18:32:03,940 INFO c.h.h.t.HelmChartContainer - Received Pulled event for container hivemq-platform-operator in pod hivemq-test-hivemq-platform-operator-6966f96d65-mxsjm [1f650712-6998-464b-ad7a-f864708f1d0f]
2025-01-30 18:32:05,247 INFO c.h.h.t.HelmChartContainer - [EVENT] Normal [Created] Created container: hivemq-platform-operator [helmupgradeplatformit-operator:hivemq-test-hivemq-platform-operator-6966f96d65-mxsjm]
2025-01-30 18:32:05,247 INFO c.h.h.t.HelmChartContainer - Received Created event for container hivemq-platform-operator in pod hivemq-test-hivemq-platform-operator-6966f96d65-mxsjm [1f650712-6998-464b-ad7a-f864708f1d0f]
2025-01-30 18:32:05,360 INFO c.h.h.t.HelmChartContainer - [K3S] [replica_set.go:679] "Finished syncing" kind="ReplicaSet" key="helmupgradeplatformit-operator/hivemq-test-hivemq-platform-operator-6966f96d65" duration="42.119µs"
2025-01-30 18:32:05,361 INFO c.h.h.t.HelmChartContainer - [POD] hivemq-test-hivemq-platform-operator-6966f96d65-mxsjm [1f650712-6998-464b-ad7a-f864708f1d0f] in helmupgradeplatformit-operator was MODIFIED
2025-01-30 18:32:05,369 INFO c.h.h.t.HelmChartContainer - Started log watcher for hivemq-platform-operator in pod hivemq-test-hivemq-platform-operator-6966f96d65-mxsjm [1f650712-6998-464b-ad7a-f864708f1d0f]
2025-01-30 18:32:05,369 INFO c.h.h.t.HelmChartContainer - [EVENT] Normal [Started] Started container hivemq-platform-operator [helmupgradeplatformit-operator:hivemq-test-hivemq-platform-operator-6966f96d65-mxsjm]
2025-01-30 18:32:05,370 INFO c.h.h.t.HelmChartContainer - Received Started event for container hivemq-platform-operator in pod hivemq-test-hivemq-platform-operator-6966f96d65-mxsjm [1f650712-6998-464b-ad7a-f864708f1d0f]
2025-01-30 18:32:05,370 INFO c.h.h.t.HelmChartContainer - [hivemq-test-hivemq-platform] [hivemq-platform-operator] [1f650712] -------------------------------------------------------------------------
2025-01-30 18:32:05,370 INFO c.h.h.t.HelmChartContainer - [hivemq-test-hivemq-platform] [hivemq-platform-operator] [1f650712] 
2025-01-30 18:32:05,370 INFO c.h.h.t.HelmChartContainer - [hivemq-test-hivemq-platform] [hivemq-platform-operator] [1f650712]                   _    _  _              __  __   ____
2025-01-30 18:32:05,370 INFO c.h.h.t.HelmChartContainer - [hivemq-test-hivemq-platform] [hivemq-platform-operator] [1f650712]                  | |  | |(_)            |  \/  | / __ \
2025-01-30 18:32:05,370 INFO c.h.h.t.HelmChartContainer - [hivemq-test-hivemq-platform] [hivemq-platform-operator] [1f650712]                  | |__| | _ __   __ ___ | \  / || |  | |
2025-01-30 18:32:05,370 INFO c.h.h.t.HelmChartContainer - [hivemq-test-hivemq-platform] [hivemq-platform-operator] [1f650712]                  |  __  || |\ \ / // _ \| |\/| || |  | |
2025-01-30 18:32:05,370 INFO c.h.h.t.HelmChartContainer - [hivemq-test-hivemq-platform] [hivemq-platform-operator] [1f650712]                  | |  | || | \ V /|  __/| |  | || |__| |
2025-01-30 18:32:05,370 INFO c.h.h.t.HelmChartContainer - [hivemq-test-hivemq-platform] [hivemq-platform-operator] [1f650712]                  |_|  |_||_|  \_/  \___||_|  |_| \___\_\
2025-01-30 18:32:05,370 INFO c.h.h.t.HelmChartContainer - [hivemq-test-hivemq-platform] [hivemq-platform-operator] [1f650712] 
2025-01-30 18:32:05,370 INFO c.h.h.t.HelmChartContainer - [hivemq-test-hivemq-platform] [hivemq-platform-operator] [1f650712] -------------------------------------------------------------------------
2025-01-30 18:32:05,370 INFO c.h.h.t.HelmChartContainer - [hivemq-test-hivemq-platform] [hivemq-platform-operator] [1f650712] 
2025-01-30 18:32:05,370 INFO c.h.h.t.HelmChartContainer - [hivemq-test-hivemq-platform] [hivemq-platform-operator] [1f650712]   HiveMQ Platform Operator Start Script v1.0
2025-01-30 18:32:05,370 INFO c.h.h.t.HelmChartContainer - [hivemq-test-hivemq-platform] [hivemq-platform-operator] [1f650712] 
2025-01-30 18:32:05,370 INFO c.h.h.t.HelmChartContainer - [hivemq-test-hivemq-platform] [hivemq-platform-operator] [1f650712] -------------------------------------------------------------------------
2025-01-30 18:32:05,370 INFO c.h.h.t.HelmChartContainer - [hivemq-test-hivemq-platform] [hivemq-platform-operator] [1f650712] 
2025-01-30 18:32:05,370 INFO c.h.h.t.HelmChartContainer - [hivemq-test-hivemq-platform] [hivemq-platform-operator] [1f650712]   JAVA_OPTS: -XX:+UnlockExperimentalVMOptions -XX:InitialRAMPercentage=75 -XX:MaxRAMPercentage=75 -Duser.language=en -Duser.region=US
2025-01-30 18:32:05,370 INFO c.h.h.t.HelmChartContainer - [hivemq-test-hivemq-platform] [hivemq-platform-operator] [1f650712] 
2025-01-30 18:32:05,370 INFO c.h.h.t.HelmChartContainer - [hivemq-test-hivemq-platform] [hivemq-platform-operator] [1f650712]   JAVA_VERSION: 21
2025-01-30 18:32:05,370 INFO c.h.h.t.HelmChartContainer - [hivemq-test-hivemq-platform] [hivemq-platform-operator] [1f650712] 
2025-01-30 18:32:05,370 INFO c.h.h.t.HelmChartContainer - [hivemq-test-hivemq-platform] [hivemq-platform-operator] [1f650712] -------------------------------------------------------------------------
2025-01-30 18:32:05,370 INFO c.h.h.t.HelmChartContainer - [hivemq-test-hivemq-platform] [hivemq-platform-operator] [1f650712] 
2025-01-30 18:32:08,439 INFO c.h.h.t.HelmChartContainer - [hivemq-test-hivemq-platform] [hivemq-platform-operator] [1f650712] 18:32:08.437 [main] DEBUG org.jboss.logging - Logging Provider: org.jboss.logging.Slf4jLoggerProvider
2025-01-30 18:32:08,543 INFO c.h.h.t.HelmChartContainer - [hivemq-test-hivemq-platform] [hivemq-platform-operator] [1f650712] 18:32:08.543 [main] DEBUG io.smallrye.config - SRCFG01006: Loaded ConfigSource SysPropConfigSource with ordinal 400
2025-01-30 18:32:08,543 INFO c.h.h.t.HelmChartContainer - [hivemq-test-hivemq-platform] [hivemq-platform-operator] [1f650712] 18:32:08.543 [main] DEBUG io.smallrye.config - SRCFG01006: Loaded ConfigSource EnvConfigSource with ordinal 300
2025-01-30 18:32:08,544 INFO c.h.h.t.HelmChartContainer - [hivemq-test-hivemq-platform] [hivemq-platform-operator] [1f650712] 18:32:08.543 [main] DEBUG io.smallrye.config - SRCFG01006: Loaded ConfigSource PropertiesConfigSource[source=jar:file:///opt/hivemq-platform-operator/bin/hivemq-platform-operator.jar!/hivemq-platform-operator.properties] with ordinal 100
2025-01-30 18:32:08,544 INFO c.h.h.t.HelmChartContainer - [hivemq-test-hivemq-platform] [hivemq-platform-operator] [1f650712] 18:32:08.543 [main] DEBUG io.smallrye.config - SRCFG01006: Loaded ConfigSource DefaultValuesConfigSource with ordinal -2147483648
2025-01-30 18:32:08,654 INFO c.h.h.t.HelmChartContainer - [hivemq-test-hivemq-platform] [hivemq-platform-operator] [1f650712] 18:32:08.653 [main] DEBUG i.m.c.u.i.l.InternalLoggerFactory - Using SLF4J as the default logging framework
2025-01-30 18:32:08,837 INFO c.h.h.t.HelmChartContainer - [hivemq-test-hivemq-platform] [hivemq-platform-operator] [1f650712] 18:32:08.751 [main] INFO  c.h.p.o.HiveMQPlatformOperatorApplication - HiveMQ Platform Operator 1.7.0-SNAPSHOT (commit: 47e3375 on branch: HEAD) built on Thu Jan 30 03:55:50 UTC 2025
2025-01-30 18:32:08,838 INFO c.h.h.t.HelmChartContainer - [hivemq-test-hivemq-platform] [hivemq-platform-operator] [1f650712] 18:32:08.837 [main] INFO  c.h.p.o.HiveMQPlatformOperatorApplication - HiveMQ Platform Operator is running in namespace: helmupgradeplatformit-operator
2025-01-30 18:32:08,839 INFO c.h.h.t.HelmChartContainer - [hivemq-test-hivemq-platform] [hivemq-platform-operator] [1f650712] 18:32:08.837 [main] INFO  c.h.p.o.HiveMQPlatformOperatorApplication - Watching all namespaces
2025-01-30 18:32:08,839 INFO c.h.h.t.HelmChartContainer - [hivemq-test-hivemq-platform] [hivemq-platform-operator] [1f650712] 18:32:08.837 [main] INFO  c.h.p.o.HiveMQPlatformOperatorApplication - Log level: DEBUG
2025-01-30 18:32:08,839 INFO c.h.h.t.HelmChartContainer - [hivemq-test-hivemq-platform] [hivemq-platform-operator] [1f650712] 18:32:08.837 [main] INFO  c.h.p.o.HiveMQPlatformOperatorApplication - Release name: test-hivemq-platform-operator
2025-01-30 18:32:08,839 INFO c.h.h.t.HelmChartContainer - [hivemq-test-hivemq-platform] [hivemq-platform-operator] [1f650712] 18:32:08.837 [main] INFO  c.h.p.o.HiveMQPlatformOperatorApplication - HiveMQ Platform Operator Init image: docker.io/hivemq/hivemq-platform-operator-init-test:snapshot
2025-01-30 18:32:08,839 INFO c.h.h.t.HelmChartContainer - [hivemq-test-hivemq-platform] [hivemq-platform-operator] [1f650712] 18:32:08.837 [main] INFO  c.h.p.o.HiveMQPlatformOperatorApplication - HiveMQ Platform Operator Init App update URL: http://hivemq-platform-operator-test-hivemq-platform-operator.helmupgradeplatformit-operator.svc:8080/initAppUpdate/hivemq-platform-operator-init-app-1.7.0-SNAPSHOT.jar
2025-01-30 18:32:08,840 INFO c.h.h.t.HelmChartContainer - [hivemq-test-hivemq-platform] [hivemq-platform-operator] [1f650712] 18:32:08.837 [main] INFO  c.h.p.o.HiveMQPlatformOperatorApplication - Additional imagePullSecret for all Platform deployments: none
2025-01-30 18:32:08,840 INFO c.h.h.t.HelmChartContainer - [hivemq-test-hivemq-platform] [hivemq-platform-operator] [1f650712] 18:32:08.837 [main] INFO  c.h.p.o.HiveMQPlatformOperatorApplication - Apply HiveMQ Platform CRD: true
2025-01-30 18:32:08,840 INFO c.h.h.t.HelmChartContainer - [hivemq-test-hivemq-platform] [hivemq-platform-operator] [1f650712] 18:32:08.837 [main] INFO  c.h.p.o.HiveMQPlatformOperatorApplication - Create Platform ServiceAccount: true
2025-01-30 18:32:08,840 INFO c.h.h.t.HelmChartContainer - [hivemq-test-hivemq-platform] [hivemq-platform-operator] [1f650712] 18:32:08.837 [main] INFO  c.h.p.o.HiveMQPlatformOperatorApplication - Create Platform ServiceAccount permissions: true
2025-01-30 18:32:08,840 INFO c.h.h.t.HelmChartContainer - [hivemq-test-hivemq-platform] [hivemq-platform-operator] [1f650712] 18:32:08.837 [main] INFO  c.h.p.o.HiveMQPlatformOperatorApplication - Validate Platform ServiceAccount: true
2025-01-30 18:32:08,840 INFO c.h.h.t.HelmChartContainer - [hivemq-test-hivemq-platform] [hivemq-platform-operator] [1f650712] 18:32:08.838 [main] INFO  c.h.p.o.HiveMQPlatformOperatorApplication - Validate Platform ServiceAccount permissions: true
2025-01-30 18:32:08,954 INFO c.h.h.t.HelmChartContainer - [hivemq-test-hivemq-platform] [hivemq-platform-operator] [1f650712] 18:32:08.953 [main] INFO  c.h.platform.operator.util.CRDUtil - Verifying deployed HiveMQ Platform CRD...
2025-01-30 18:32:11,411 INFO c.h.h.t.HelmChartContainer - [hivemq-test-hivemq-platform] [hivemq-platform-operator] [1f650712] 18:32:11.410 [main] DEBUG c.h.platform.operator.util.CRDUtil - HiveMQ Platform CRD version v1 is up to date
2025-01-30 18:32:11,411 INFO c.h.h.t.HelmChartContainer - [hivemq-test-hivemq-platform] [hivemq-platform-operator] [1f650712] 18:32:11.410 [main] INFO  c.h.platform.operator.util.CRDUtil - HiveMQ Platform CRD is up to date (version: V1_6_0)
2025-01-30 18:32:11,411 INFO c.h.h.t.HelmChartContainer - [hivemq-test-hivemq-platform] [hivemq-platform-operator] [1f650712] 18:32:11.410 [main] INFO  c.h.platform.operator.util.CRDUtil - Waiting 10000 ms for HiveMQ Platform CRD 'hivemq-platforms.hivemq.com' to become ready...
2025-01-30 18:32:11,634 INFO c.h.h.t.HelmChartContainer - [hivemq-test-hivemq-platform] [hivemq-platform-operator] [1f650712] 18:32:11.633 [vert.x-eventloop-thread-1] DEBUG c.h.platform.operator.util.CRDUtil - Checking CRD condition 'NamesAccepted' (status: 'True')
2025-01-30 18:32:11,636 INFO c.h.h.t.HelmChartContainer - [hivemq-test-hivemq-platform] [hivemq-platform-operator] [1f650712] 18:32:11.633 [vert.x-eventloop-thread-1] DEBUG c.h.platform.operator.util.CRDUtil - Checking CRD condition 'Established' (status: 'True')
2025-01-30 18:32:11,636 INFO c.h.h.t.HelmChartContainer - [hivemq-test-hivemq-platform] [hivemq-platform-operator] [1f650712] 18:32:11.634 [main] INFO  c.h.platform.operator.util.CRDUtil - HiveMQ Platform CRD 'hivemq-platforms.hivemq.com' is ready
2025-01-30 18:32:11,745 INFO c.h.h.t.HelmChartContainer - [hivemq-test-hivemq-platform] [hivemq-platform-operator] [1f650712] 18:32:11.745 [main] INFO  c.h.p.o.HiveMQPlatformReconciler - HiveMQ Platform Operator is starting...
2025-01-30 18:32:11,933 INFO c.h.h.t.HelmChartContainer - [hivemq-test-hivemq-platform] [hivemq-platform-operator] [1f650712] 18:32:11.911 [main] WARN  Default ConfigurationService implementation - Configuration for reconciler 'hivemq-controller' was not found. Known reconcilers: None.
2025-01-30 18:32:11,939 INFO c.h.h.t.HelmChartContainer - [hivemq-test-hivemq-platform] [hivemq-platform-operator] [1f650712] 18:32:11.939 [main] INFO  Default ConfigurationService implementation - Created configuration for reconciler com.hivemq.platform.operator.HiveMQPlatformReconciler with name hivemq-controller
2025-01-30 18:32:12,045 INFO c.h.h.t.HelmChartContainer - [hivemq-test-hivemq-platform] [hivemq-platform-operator] [1f650712] 18:32:12.044 [main] DEBUG c.h.p.o.HiveMQPlatformReconciler - HiveMQ Platform Operator is preparing EventSources
2025-01-30 18:32:12,137 INFO c.h.h.t.HelmChartContainer - [hivemq-test-hivemq-platform] [hivemq-platform-operator] [1f650712] 18:32:12.136 [main] INFO  i.javaoperatorsdk.operator.Operator - Registered reconciler: 'hivemq-controller' for resource: 'class com.hivemq.platform.operator.v1.HiveMQPlatform' for namespace(s): [all namespaces]
2025-01-30 18:32:12,735 INFO c.h.h.t.HelmChartContainer - [hivemq-test-hivemq-platform] [hivemq-platform-operator] [1f650712] 18:32:12.733 [main] INFO  c.h.p.operator.webserver.JettyServer - Starting Jetty server on port 8080
2025-01-30 18:32:12,833 INFO c.h.h.t.HelmChartContainer - [hivemq-test-hivemq-platform] [hivemq-platform-operator] [1f650712] 18:32:12.811 [main] INFO  i.javaoperatorsdk.operator.Operator - Operator SDK 4.9.7 (commit: 2133d28) built on Wed Nov 20 12:56:20 UTC 2024 starting...
2025-01-30 18:32:12,833 INFO c.h.h.t.HelmChartContainer - [hivemq-test-hivemq-platform] [hivemq-platform-operator] [1f650712] 18:32:12.832 [main] INFO  i.javaoperatorsdk.operator.Operator - Client version: 6.13.5
2025-01-30 18:32:12,834 INFO c.h.h.t.HelmChartContainer - [hivemq-test-hivemq-platform] [hivemq-platform-operator] [1f650712] 18:32:12.834 [Controller Starter for: hivemq-controller] INFO  i.j.operator.processing.Controller - Starting 'hivemq-controller' controller for reconciler: com.hivemq.platform.operator.HiveMQPlatformReconciler, resource: com.hivemq.platform.operator.v1.HiveMQPlatform
2025-01-30 18:32:15,035 INFO c.h.h.t.HelmChartContainer - [hivemq-test-hivemq-platform] [hivemq-platform-operator] [1f650712] 18:32:15.034 [Controller Starter for: hivemq-controller] INFO  i.j.operator.processing.Controller - 'hivemq-controller' controller started
2025-01-30 18:32:15,035 INFO c.h.h.t.HelmChartContainer - [hivemq-test-hivemq-platform] [hivemq-platform-operator] [1f650712] 18:32:15.034 [main] INFO  c.h.p.o.HiveMQPlatformOperatorApplication - HiveMQ Platform Operator 1.7.0-SNAPSHOT started in 6282 ms
2025-01-30 18:32:16,367 INFO c.h.h.t.HelmChartContainer - [POD] hivemq-test-hivemq-platform-operator-6966f96d65-mxsjm [1f650712-6998-464b-ad7a-f864708f1d0f] in helmupgradeplatformit-operator was MODIFIED
2025-01-30 18:32:16,373 INFO c.h.h.t.HelmChartContainer - [K3S] [replica_set.go:679] "Finished syncing" kind="ReplicaSet" key="helmupgradeplatformit-operator/hivemq-test-hivemq-platform-operator-6966f96d65" duration="8.687869ms"
2025-01-30 18:32:16,373 INFO c.h.h.t.HelmChartContainer - [K3S] [replica_set.go:679] "Finished syncing" kind="ReplicaSet" key="helmupgradeplatformit-operator/hivemq-test-hivemq-platform-operator-6966f96d65" duration="38.132µs"
2025-01-30 18:32:17,647 DEBUG c.h.h.t.HelmChartContainer - Executing helm command: /bin/helm --kubeconfig /etc/rancher/k3s/k3s.yaml install test-hivemq-platform /charts/hivemq-platform --wait --timeout 5m0s --set image.repository=docker.io/hivemq --set image.tag=4.36.0 --set image.pullPolicy=Never --set nodes.resources.cpu=512m --set nodes.replicaCount=1 --namespace helmupgradeplatformit
2025-01-30 18:32:17,873 INFO c.h.h.t.HelmChartContainer - [hivemq-test-hivemq-platform] [hivemq-platform-operator] [1f650712] 18:32:17.872 [-2082509879-pool-1-thread-4] WARN  i.m.p.PrometheusMeterRegistry - The meter (MeterId{name='operator.sdk.events.received', tags=[tag(action=ADDED),tag(event=ResourceEvent),tag(group=hivemq.com),tag(kind=HiveMQPlatform),tag(name=test-hivemq-platform),tag(namespace=helmupgradeplatformit),tag(scope=namespace),tag(version=v1)]}) registration has failed: Prometheus requires that all meters with the same name have the same set of tag keys. There is already an existing meter named 'operator.sdk.events.received' containing tag keys [event, group, kind, name, namespace, scope, version]. The meter you are attempting to register has keys [action, event, group, kind, name, namespace, scope, version]. Note that subsequent logs will be logged at debug level.
2025-01-30 18:32:18,337 INFO c.h.h.t.HelmChartContainer - [hivemq-test-hivemq-platform] [hivemq-platform-operator] [1f650712] 18:32:18.336 [pool-6-thread-3] DEBUG c.h.p.o.dependants.PodInfoConfigMap - [helmupgr] Desired PodInfo ConfigMap (1 extensions) (1 enabled)
2025-01-30 18:32:18,338 INFO c.h.h.t.HelmChartContainer - [hivemq-test-hivemq-platform] [hivemq-platform-operator] [1f650712] 18:32:18.336 [pool-6-thread-3] DEBUG c.h.p.o.dependants.PodInfoConfigMap - [helmupgr] Desired PodInfo ConfigMap (metrics port: 9399) (metrics path: /)
2025-01-30 18:32:18,338 INFO c.h.h.t.HelmChartContainer - [hivemq-test-hivemq-platform] [hivemq-platform-operator] [1f650712] 18:32:18.336 [pool-6-thread-3] DEBUG c.h.p.o.dependants.PodInfoConfigMap - [helmupgr] Desired PodInfo ConfigMap (extension state hash: -1817474005)
2025-01-30 18:32:18,341 INFO c.h.h.t.HelmChartContainer - [hivemq-test-hivemq-platform] [hivemq-platform-operator] [1f650712] 18:32:18.338 [pool-6-thread-3] DEBUG c.h.p.o.dependants.PodInfoConfigMap - [helmupgr] Create PodInfo ConfigMap
2025-01-30 18:32:18,440 INFO c.h.h.t.HelmChartContainer - [hivemq-test-hivemq-platform] [hivemq-platform-operator] [1f650712] 18:32:18.438 [pool-6-thread-5] DEBUG c.h.p.o.dependants.PodRoleResource - [helmupgr] Create Role: Role(apiVersion=rbac.authorization.k8s.io/v1, kind=Role, metadata=ObjectMeta(annotations={meta.helm.sh/release-name=test-hivemq-platform, meta.helm.sh/release-namespace=helmupgradeplatformit}, creationTimestamp=null, deletionGracePeriodSeconds=null, deletionTimestamp=null, finalizers=[], generateName=null, generation=null, labels={helm.sh/chart=hivemq-platform-0.2.32, app.kubernetes.io/managed-by=Helm, app.kubernetes.io/name=hivemq-platform, hivemq-platform=test-hivemq-platform, app.kubernetes.io/instance=test-hivemq-platform, app.kubernetes.io/version=4.36.0}, managedFields=[], name=hivemq-platform-role-test-hivemq-platform, namespace=helmupgradeplatformit, ownerReferences=[OwnerReference(apiVersion=hivemq.com/v1, blockOwnerDeletion=null, controller=null, kind=HiveMQPlatform, name=test-hivemq-platform, uid=133df187-64d5-48ba-ada5-2daffae50b00, additionalProperties={})], resourceVersion=null, selfLink=null, uid=null, additionalProperties={}), rules=[PolicyRule(apiGroups=[], nonResourceURLs=[], resourceNames=[], resources=[pods], verbs=[get, patch, update], additionalProperties={})], additionalProperties={})
2025-01-30 18:32:18,540 INFO c.h.h.t.HelmChartContainer - [hivemq-test-hivemq-platform] [hivemq-platform-operator] [1f650712] 18:32:18.539 [pool-6-thread-7] DEBUG c.h.p.o.d.PodServiceAccountResource - [helmupgr] Desired PodServiceAccountResource (serviceAccountName: hivemq-platform-pod-test-hivemq-platform)
2025-01-30 18:32:18,541 INFO c.h.h.t.HelmChartContainer - [hivemq-test-hivemq-platform] [hivemq-platform-operator] [1f650712] 18:32:18.540 [pool-6-thread-7] DEBUG c.h.p.o.d.PodServiceAccountResource - [helmupgr] Create ServiceAccount 'hivemq-platform-pod-test-hivemq-platform'
2025-01-30 18:32:18,650 INFO c.h.h.t.HelmChartContainer - [hivemq-test-hivemq-platform] [hivemq-platform-operator] [1f650712] 18:32:18.648 [pool-6-thread-10] DEBUG c.h.p.o.d.PodRoleBindingResource - [helmupgr] Create RoleBinding: RoleBinding(apiVersion=rbac.authorization.k8s.io/v1, kind=RoleBinding, metadata=ObjectMeta(annotations={meta.helm.sh/release-name=test-hivemq-platform, meta.helm.sh/release-namespace=helmupgradeplatformit}, creationTimestamp=null, deletionGracePeriodSeconds=null, deletionTimestamp=null, finalizers=[], generateName=null, generation=null, labels={helm.sh/chart=hivemq-platform-0.2.32, app.kubernetes.io/managed-by=Helm, app.kubernetes.io/name=hivemq-platform, hivemq-platform=test-hivemq-platform, app.kubernetes.io/instance=test-hivemq-platform, app.kubernetes.io/version=4.36.0}, managedFields=[], name=hivemq-platform-role-binding-test-hivemq-platform, namespace=helmupgradeplatformit, ownerReferences=[OwnerReference(apiVersion=hivemq.com/v1, blockOwnerDeletion=null, controller=null, kind=HiveMQPlatform, name=test-hivemq-platform, uid=133df187-64d5-48ba-ada5-2daffae50b00, additionalProperties={})], resourceVersion=null, selfLink=null, uid=null, additionalProperties={}), roleRef=RoleRef(apiGroup=rbac.authorization.k8s.io, kind=Role, name=hivemq-platform-role-test-hivemq-platform, additionalProperties={}), subjects=[Subject(apiGroup=null, kind=ServiceAccount, name=hivemq-platform-pod-test-hivemq-platform, namespace=helmupgradeplatformit, additionalProperties={})], additionalProperties={})
2025-01-30 18:32:18,735 INFO c.h.h.t.HelmChartContainer - [hivemq-test-hivemq-platform] [hivemq-platform-operator] [1f650712] 18:32:18.734 [ReconcilerExecutor-hivemq-controller-53] INFO  c.h.p.o.HiveMQPlatformReconciler - [helmupgr] Reconciling HiveMQ Platform 'test-hivemq-platform' in namespace 'helmupgradeplatformit'
2025-01-30 18:32:18,736 INFO c.h.h.t.HelmChartContainer - [hivemq-test-hivemq-platform] [hivemq-platform-operator] [1f650712] 18:32:18.735 [ReconcilerExecutor-hivemq-controller-53] DEBUG c.h.p.o.HiveMQPlatformReconciler - [helmupgr] Custom Resource Status CREATED - HiveMQ Platform was created (READY)
2025-01-30 18:32:18,736 INFO c.h.h.t.HelmChartContainer - [hivemq-test-hivemq-platform] [hivemq-platform-operator] [1f650712] 18:32:18.735 [ReconcilerExecutor-hivemq-controller-53] DEBUG c.h.p.o.HiveMQPlatformReconciler - [helmupgr] Custom Resource Spec (replicas: 1) (extensions: 1)
2025-01-30 18:32:18,740 INFO c.h.h.t.HelmChartContainer - [hivemq-test-hivemq-platform] [hivemq-platform-operator] [1f650712] 18:32:18.739 [ReconcilerExecutor-hivemq-controller-53] INFO  c.h.p.o.h.HiveMQPlatformReconcilerBaseHandler - [helmupgr] HiveMQ Platform is starting
2025-01-30 18:32:18,842 INFO c.h.h.t.HelmChartContainer - [hivemq-test-hivemq-platform] [hivemq-platform-operator] [1f650712] 18:32:18.842 [ReconcilerExecutor-hivemq-controller-53] DEBUG c.h.p.operator.event.EventSender - [helmupgr] Creating K8s event hivemq-platform-starting: [Start] HiveMQ Platform is starting
2025-01-30 18:32:18,851 INFO c.h.h.t.HelmChartContainer - [EVENT] Normal [Start] HiveMQ Platform is starting [helmupgradeplatformit:test-hivemq-platform]
2025-01-30 18:32:18,854 INFO c.h.h.t.HelmChartContainer - [hivemq-test-hivemq-platform] [hivemq-platform-operator] [1f650712] 18:32:18.853 [ReconcilerExecutor-hivemq-controller-53] INFO  c.h.p.o.h.AbstractHiveMQReconcilerStateHandler - [helmupgr] Update HiveMQ Platform Status (CREATED [READY] -> STARTING [READY]): HiveMQ Platform is starting
2025-01-30 18:32:18,947 DEBUG com.hivemq.helmcharts.util.K8sUtil - Comparing actual state 'STARTING' and waiting for 'RUNNING'
2025-01-30 18:32:28,959 INFO c.h.h.t.HelmChartContainer - [hivemq-test-hivemq-platform] [hivemq-platform-operator] [1f650712] 18:32:28.957 [pool-6-thread-12] DEBUG c.h.p.o.d.PlatformServiceResource - [helmupgr] Desired Platform services (3 services)
2025-01-30 18:32:28,962 INFO c.h.h.t.HelmChartContainer - [hivemq-test-hivemq-platform] [hivemq-platform-operator] [1f650712] 18:32:28.959 [pool-6-thread-13] DEBUG c.h.p.o.dependants.PodInfoConfigMap - [helmupgr] Desired PodInfo ConfigMap (1 extensions) (1 enabled)
2025-01-30 18:32:28,964 INFO c.h.h.t.HelmChartContainer - [hivemq-test-hivemq-platform] [hivemq-platform-operator] [1f650712] 18:32:28.959 [pool-6-thread-13] DEBUG c.h.p.o.dependants.PodInfoConfigMap - [helmupgr] Desired PodInfo ConfigMap (metrics port: 9399) (metrics path: /)
2025-01-30 18:32:28,964 INFO c.h.h.t.HelmChartContainer - [hivemq-test-hivemq-platform] [hivemq-platform-operator] [1f650712] 18:32:28.959 [pool-6-thread-13] DEBUG c.h.p.o.dependants.PodInfoConfigMap - [helmupgr] Desired PodInfo ConfigMap (extension state hash: -1817474005)
2025-01-30 18:32:28,964 INFO c.h.h.t.HelmChartContainer - [hivemq-test-hivemq-platform] [hivemq-platform-operator] [1f650712] 18:32:28.961 [pool-6-thread-17] DEBUG c.h.p.o.d.PodServiceAccountResource - [helmupgr] Desired PodServiceAccountResource (serviceAccountName: hivemq-platform-pod-test-hivemq-platform)
2025-01-30 18:32:28,966 INFO c.h.h.t.HelmChartContainer - [hivemq-test-hivemq-platform] [hivemq-platform-operator] [1f650712] 18:32:28.963 [pool-6-thread-13] DEBUG c.h.p.o.dependants.PodInfoConfigMap - [helmupgr] Update PodInfo ConfigMap
2025-01-30 18:32:29,040 INFO c.h.h.t.HelmChartContainer - [K3S] [alloc.go:330] "allocated clusterIPs" service="helmupgradeplatformit/hivemq-test-hivemq-platform-metrics-9399" clusterIPs={"IPv4":"10.43.111.52"}
2025-01-30 18:32:29,058 INFO c.h.h.t.HelmChartContainer - [K3S] [alloc.go:330] "allocated clusterIPs" service="helmupgradeplatformit/hivemq-test-hivemq-platform-cc-8080" clusterIPs={"IPv4":"10.43.253.112"}
2025-01-30 18:32:29,142 INFO c.h.h.t.HelmChartContainer - [K3S] [alloc.go:330] "allocated clusterIPs" service="helmupgradeplatformit/hivemq-test-hivemq-platform-mqtt-1883" clusterIPs={"IPv4":"10.43.187.172"}
2025-01-30 18:32:29,151 INFO c.h.h.t.HelmChartContainer - [hivemq-test-hivemq-platform] [hivemq-platform-operator] [1f650712] 18:32:29.149 [pool-6-thread-20] DEBUG c.h.p.o.d.StatefulSetResource - [helmupgr] Desired StatefulSet (1 replicas) for status STARTING (READY)
2025-01-30 18:32:29,239 INFO c.h.h.t.HelmChartContainer - [hivemq-test-hivemq-platform] [hivemq-platform-operator] [1f650712] 18:32:29.238 [pool-6-thread-20] DEBUG c.h.p.o.d.StatefulSetResource - [helmupgr] Create StatefulSet
2025-01-30 18:32:29,271 INFO c.h.h.t.HelmChartContainer - [POD] test-hivemq-platform-0 [131b9d9f-0c0c-4543-bfad-2ebb2132e632] in helmupgradeplatformit was ADDED
2025-01-30 18:32:29,271 INFO c.h.h.t.HelmChartContainer - [POD] test-hivemq-platform-0 [131b9d9f-0c0c-4543-bfad-2ebb2132e632] in helmupgradeplatformit was MODIFIED
2025-01-30 18:32:29,277 INFO c.h.h.t.HelmChartContainer - [EVENT] Normal [SuccessfulCreate] create Pod test-hivemq-platform-0 in StatefulSet test-hivemq-platform successful [helmupgradeplatformit:test-hivemq-platform]
2025-01-30 18:32:29,277 INFO c.h.h.t.HelmChartContainer - [EVENT] Normal [Scheduled] Successfully assigned helmupgradeplatformit/test-hivemq-platform-0 to 3c34a29122cc [helmupgradeplatformit:test-hivemq-platform-0]
2025-01-30 18:32:29,283 INFO c.h.h.t.HelmChartContainer - [POD] test-hivemq-platform-0 [131b9d9f-0c0c-4543-bfad-2ebb2132e632] in helmupgradeplatformit was MODIFIED
2025-01-30 18:32:29,335 INFO c.h.h.t.HelmChartContainer - [hivemq-test-hivemq-platform] [hivemq-platform-operator] [1f650712] 18:32:29.334 [ReconcilerExecutor-hivemq-controller-64] INFO  c.h.p.o.HiveMQPlatformReconciler - [helmupgr] Reconciling HiveMQ Platform 'test-hivemq-platform' in namespace 'helmupgradeplatformit'
2025-01-30 18:32:29,336 INFO c.h.h.t.HelmChartContainer - [hivemq-test-hivemq-platform] [hivemq-platform-operator] [1f650712] 18:32:29.334 [ReconcilerExecutor-hivemq-controller-64] DEBUG c.h.p.o.HiveMQPlatformReconciler - [helmupgr] Custom Resource Status STARTING - HiveMQ Platform is starting (READY)
2025-01-30 18:32:29,336 INFO c.h.h.t.HelmChartContainer - [hivemq-test-hivemq-platform] [hivemq-platform-operator] [1f650712] 18:32:29.334 [ReconcilerExecutor-hivemq-controller-64] DEBUG c.h.p.o.HiveMQPlatformReconciler - [helmupgr] Custom Resource Spec (replicas: 1) (extensions: 1)
2025-01-30 18:32:29,344 INFO c.h.h.t.HelmChartContainer - [hivemq-test-hivemq-platform] [hivemq-platform-operator] [1f650712] 18:32:29.343 [ReconcilerExecutor-hivemq-controller-64] DEBUG c.h.p.o.HiveMQPlatformReconciler - [helmupgr] StatefulSet Status (revision: null, replicas: 0, available: 0, ready: 0, current: 0, updated: 0)
2025-01-30 18:32:29,347 INFO c.h.h.t.HelmChartContainer - [hivemq-test-hivemq-platform] [hivemq-platform-operator] [1f650712] 18:32:29.343 [ReconcilerExecutor-hivemq-controller-64] DEBUG c.h.p.o.HiveMQPlatformReconciler - [helmupgr] StatefulSet Spec (replicas: 1, init containers: 1, containers: 1, volumes: 3)
2025-01-30 18:32:29,397 INFO c.h.h.t.HelmChartContainer - [K3S] [reconciler_common.go:251] "operationExecutor.VerifyControllerAttachedVolume started for volume \"pod-info\" (UniqueName: \"kubernetes.io/configmap/131b9d9f-0c0c-4543-bfad-2ebb2132e632-pod-info\") pod \"test-hivemq-platform-0\" (UID: \"131b9d9f-0c0c-4543-bfad-2ebb2132e632\") " pod="helmupgradeplatformit/test-hivemq-platform-0"
2025-01-30 18:32:29,397 INFO c.h.h.t.HelmChartContainer - [K3S] [reconciler_common.go:251] "operationExecutor.VerifyControllerAttachedVolume started for volume \"operator-init\" (UniqueName: \"kubernetes.io/empty-dir/131b9d9f-0c0c-4543-bfad-2ebb2132e632-operator-init\") pod \"test-hivemq-platform-0\" (UID: \"131b9d9f-0c0c-4543-bfad-2ebb2132e632\") " pod="helmupgradeplatformit/test-hivemq-platform-0"
2025-01-30 18:32:29,397 INFO c.h.h.t.HelmChartContainer - [K3S] [reconciler_common.go:251] "operationExecutor.VerifyControllerAttachedVolume started for volume \"kube-api-access-2g8f9\" (UniqueName: \"kubernetes.io/projected/131b9d9f-0c0c-4543-bfad-2ebb2132e632-kube-api-access-2g8f9\") pod \"test-hivemq-platform-0\" (UID: \"131b9d9f-0c0c-4543-bfad-2ebb2132e632\") " pod="helmupgradeplatformit/test-hivemq-platform-0"
2025-01-30 18:32:29,397 INFO c.h.h.t.HelmChartContainer - [K3S] [reconciler_common.go:251] "operationExecutor.VerifyControllerAttachedVolume started for volume \"broker-configuration\" (UniqueName: \"kubernetes.io/configmap/131b9d9f-0c0c-4543-bfad-2ebb2132e632-broker-configuration\") pod \"test-hivemq-platform-0\" (UID: \"131b9d9f-0c0c-4543-bfad-2ebb2132e632\") " pod="helmupgradeplatformit/test-hivemq-platform-0"
2025-01-30 18:32:29,440 INFO c.h.h.t.HelmChartContainer - [hivemq-test-hivemq-platform] [hivemq-platform-operator] [1f650712] 18:32:29.439 [ReconcilerExecutor-hivemq-controller-64] DEBUG c.h.p.o.h.HiveMQPlatformReconcilerErrorHandler - [helmupgr] Pod 'test-hivemq-platform-0' phase Pending
2025-01-30 18:32:29,442 INFO c.h.h.t.HelmChartContainer - [hivemq-test-hivemq-platform] [hivemq-platform-operator] [1f650712] 18:32:29.440 [ReconcilerExecutor-hivemq-controller-64] DEBUG c.h.p.o.h.HiveMQPlatformReconcilerErrorHandler - [helmupgr] Pod 'test-hivemq-platform-0' condition 'PodScheduled': True
2025-01-30 18:32:29,443 INFO c.h.h.t.HelmChartContainer - [hivemq-test-hivemq-platform] [hivemq-platform-operator] [1f650712] 18:32:29.442 [ReconcilerExecutor-hivemq-controller-64] INFO  c.h.p.o.h.HiveMQPlatformReconcilerBaseHandler - [helmupgr] HiveMQ Platform is starting, 0 of 1 replicas are ready
2025-01-30 18:32:29,447 INFO c.h.h.t.HelmChartContainer - [hivemq-test-hivemq-platform] [hivemq-platform-operator] [1f650712] 18:32:29.446 [pool-6-thread-22] DEBUG c.h.p.o.d.PlatformServiceResource - [helmupgr] Desired Platform services (3 services)
2025-01-30 18:32:29,535 INFO c.h.h.t.HelmChartContainer - [hivemq-test-hivemq-platform] [hivemq-platform-operator] [1f650712] 18:32:29.532 [pool-6-thread-23] DEBUG c.h.p.o.dependants.PodInfoConfigMap - [helmupgr] Desired PodInfo ConfigMap (1 extensions) (1 enabled)
2025-01-30 18:32:29,535 INFO c.h.h.t.HelmChartContainer - [hivemq-test-hivemq-platform] [hivemq-platform-operator] [1f650712] 18:32:29.533 [pool-6-thread-23] DEBUG c.h.p.o.dependants.PodInfoConfigMap - [helmupgr] Desired PodInfo ConfigMap (metrics port: 9399) (metrics path: /)
2025-01-30 18:32:29,535 INFO c.h.h.t.HelmChartContainer - [hivemq-test-hivemq-platform] [hivemq-platform-operator] [1f650712] 18:32:29.533 [pool-6-thread-23] DEBUG c.h.p.o.dependants.PodInfoConfigMap - [helmupgr] Desired PodInfo ConfigMap (extension state hash: -1817474005)
2025-01-30 18:32:29,537 INFO c.h.h.t.HelmChartContainer - [hivemq-test-hivemq-platform] [hivemq-platform-operator] [1f650712] 18:32:29.536 [pool-6-thread-27] DEBUG c.h.p.o.d.PodServiceAccountResource - [helmupgr] Desired PodServiceAccountResource (serviceAccountName: hivemq-platform-pod-test-hivemq-platform)
2025-01-30 18:32:29,545 INFO c.h.h.t.HelmChartContainer - [hivemq-test-hivemq-platform] [hivemq-platform-operator] [1f650712] 18:32:29.544 [pool-6-thread-30] DEBUG c.h.p.o.d.StatefulSetResource - [helmupgr] Desired StatefulSet (1 replicas) for status STARTING (READY)
2025-01-30 18:32:29,636 INFO c.h.h.t.HelmChartContainer - [hivemq-test-hivemq-platform] [hivemq-platform-operator] [1f650712] 18:32:29.633 [ReconcilerExecutor-hivemq-controller-75] INFO  c.h.p.o.HiveMQPlatformReconciler - [helmupgr] Reconciling HiveMQ Platform 'test-hivemq-platform' in namespace 'helmupgradeplatformit'
2025-01-30 18:32:29,637 INFO c.h.h.t.HelmChartContainer - [hivemq-test-hivemq-platform] [hivemq-platform-operator] [1f650712] 18:32:29.633 [ReconcilerExecutor-hivemq-controller-75] DEBUG c.h.p.o.HiveMQPlatformReconciler - [helmupgr] Custom Resource Status STARTING - HiveMQ Platform is starting (READY)
2025-01-30 18:32:29,641 INFO c.h.h.t.HelmChartContainer - [hivemq-test-hivemq-platform] [hivemq-platform-operator] [1f650712] 18:32:29.633 [ReconcilerExecutor-hivemq-controller-75] DEBUG c.h.p.o.HiveMQPlatformReconciler - [helmupgr] Custom Resource Spec (replicas: 1) (extensions: 1)
2025-01-30 18:32:29,644 INFO c.h.h.t.HelmChartContainer - [hivemq-test-hivemq-platform] [hivemq-platform-operator] [1f650712] 18:32:29.641 [ReconcilerExecutor-hivemq-controller-75] DEBUG c.h.p.o.HiveMQPlatformReconciler - [helmupgr] StatefulSet Status (revision: test-hivemq-platform-77d44868f9, replicas: 1, available: 0, ready: 0, current: 1, updated: 1)
2025-01-30 18:32:29,644 INFO c.h.h.t.HelmChartContainer - [hivemq-test-hivemq-platform] [hivemq-platform-operator] [1f650712] 18:32:29.642 [ReconcilerExecutor-hivemq-controller-75] DEBUG c.h.p.o.HiveMQPlatformReconciler - [helmupgr] StatefulSet Spec (replicas: 1, init containers: 1, containers: 1, volumes: 3)
2025-01-30 18:32:29,650 INFO c.h.h.t.HelmChartContainer - [hivemq-test-hivemq-platform] [hivemq-platform-operator] [1f650712] 18:32:29.650 [ReconcilerExecutor-hivemq-controller-75] DEBUG c.h.p.o.h.HiveMQPlatformReconcilerErrorHandler - [helmupgr] Pod 'test-hivemq-platform-0' phase Pending
2025-01-30 18:32:29,651 INFO c.h.h.t.HelmChartContainer - [hivemq-test-hivemq-platform] [hivemq-platform-operator] [1f650712] 18:32:29.651 [ReconcilerExecutor-hivemq-controller-75] DEBUG c.h.p.o.h.HiveMQPlatformReconcilerErrorHandler - [helmupgr] Pod 'test-hivemq-platform-0' condition 'PodReadyToStartContainers': False
2025-01-30 18:32:29,652 INFO c.h.h.t.HelmChartContainer - [hivemq-test-hivemq-platform] [hivemq-platform-operator] [1f650712] 18:32:29.651 [ReconcilerExecutor-hivemq-controller-75] DEBUG c.h.p.o.h.HiveMQPlatformReconcilerErrorHandler - [helmupgr] Pod 'test-hivemq-platform-0' condition 'Initialized': False
2025-01-30 18:32:29,653 INFO c.h.h.t.HelmChartContainer - [hivemq-test-hivemq-platform] [hivemq-platform-operator] [1f650712] 18:32:29.651 [ReconcilerExecutor-hivemq-controller-75] DEBUG c.h.p.o.h.HiveMQPlatformReconcilerErrorHandler - [helmupgr] Pod 'test-hivemq-platform-0' condition 'Ready': False
2025-01-30 18:32:29,654 INFO c.h.h.t.HelmChartContainer - [hivemq-test-hivemq-platform] [hivemq-platform-operator] [1f650712] 18:32:29.651 [ReconcilerExecutor-hivemq-controller-75] DEBUG c.h.p.o.h.HiveMQPlatformReconcilerErrorHandler - [helmupgr] Pod 'test-hivemq-platform-0' condition 'ContainersReady': False
2025-01-30 18:32:29,654 INFO c.h.h.t.HelmChartContainer - [hivemq-test-hivemq-platform] [hivemq-platform-operator] [1f650712] 18:32:29.651 [ReconcilerExecutor-hivemq-controller-75] DEBUG c.h.p.o.h.HiveMQPlatformReconcilerErrorHandler - [helmupgr] Pod 'test-hivemq-platform-0' condition 'PodScheduled': True
2025-01-30 18:32:29,654 INFO c.h.h.t.HelmChartContainer - [hivemq-test-hivemq-platform] [hivemq-platform-operator] [1f650712] 18:32:29.651 [ReconcilerExecutor-hivemq-controller-75] DEBUG c.h.p.o.h.HiveMQPlatformReconcilerErrorHandler - [helmupgr] Pod 'test-hivemq-platform-0' containerStatus 'hivemq' (started: false) (ready: false) (waiting: [PodInitializing] null)
2025-01-30 18:32:29,668 INFO c.h.h.t.HelmChartContainer - [EVENT] Normal [Pulled] Container image "docker.io/hivemq/hivemq-platform-operator-init-test:snapshot" already present on machine [helmupgradeplatformit:test-hivemq-platform-0]
2025-01-30 18:32:29,736 INFO c.h.h.t.HelmChartContainer - [hivemq-test-hivemq-platform] [hivemq-platform-operator] [1f650712] 18:32:29.735 [ReconcilerExecutor-hivemq-controller-75] INFO  c.h.p.o.h.HiveMQPlatformReconcilerBaseHandler - [helmupgr] HiveMQ Platform is starting, 0 of 1 replicas are ready
2025-01-30 18:32:29,813 INFO c.h.h.t.HelmChartContainer - [EVENT] Normal [Created] Created container: hivemq-platform-operator-init [helmupgradeplatformit:test-hivemq-platform-0]
2025-01-30 18:32:29,852 INFO c.h.h.t.HelmChartContainer - [EVENT] Normal [Started] Started container hivemq-platform-operator-init [helmupgradeplatformit:test-hivemq-platform-0]
2025-01-30 18:32:30,394 INFO c.h.h.t.HelmChartContainer - [POD] test-hivemq-platform-0 [131b9d9f-0c0c-4543-bfad-2ebb2132e632] in helmupgradeplatformit was MODIFIED
2025-01-30 18:32:30,410 INFO c.h.h.t.HelmChartContainer - [hivemq-test-hivemq-platform] [hivemq-platform-operator] [1f650712] 18:32:30.409 [pool-6-thread-32] DEBUG c.h.p.o.d.PlatformServiceResource - [helmupgr] Desired Platform services (3 services)
2025-01-30 18:32:30,414 INFO c.h.h.t.HelmChartContainer - [hivemq-test-hivemq-platform] [hivemq-platform-operator] [1f650712] 18:32:30.411 [pool-6-thread-33] DEBUG c.h.p.o.dependants.PodInfoConfigMap - [helmupgr] Desired PodInfo ConfigMap (1 extensions) (1 enabled)
2025-01-30 18:32:30,414 INFO c.h.h.t.HelmChartContainer - [hivemq-test-hivemq-platform] [hivemq-platform-operator] [1f650712] 18:32:30.411 [pool-6-thread-33] DEBUG c.h.p.o.dependants.PodInfoConfigMap - [helmupgr] Desired PodInfo ConfigMap (metrics port: 9399) (metrics path: /)
2025-01-30 18:32:30,414 INFO c.h.h.t.HelmChartContainer - [hivemq-test-hivemq-platform] [hivemq-platform-operator] [1f650712] 18:32:30.411 [pool-6-thread-33] DEBUG c.h.p.o.dependants.PodInfoConfigMap - [helmupgr] Desired PodInfo ConfigMap (extension state hash: -1817474005)
2025-01-30 18:32:30,420 INFO c.h.h.t.HelmChartContainer - [hivemq-test-hivemq-platform] [hivemq-platform-operator] [1f650712] 18:32:30.420 [pool-6-thread-37] DEBUG c.h.p.o.d.PodServiceAccountResource - [helmupgr] Desired PodServiceAccountResource (serviceAccountName: hivemq-platform-pod-test-hivemq-platform)
2025-01-30 18:32:30,437 INFO c.h.h.t.HelmChartContainer - [hivemq-test-hivemq-platform] [hivemq-platform-operator] [1f650712] 18:32:30.435 [pool-6-thread-40] DEBUG c.h.p.o.d.StatefulSetResource - [helmupgr] Desired StatefulSet (1 replicas) for status STARTING (READY)
2025-01-30 18:32:30,441 INFO c.h.h.t.HelmChartContainer - [hivemq-test-hivemq-platform] [hivemq-platform-operator] [1f650712] 18:32:30.439 [ReconcilerExecutor-hivemq-controller-86] INFO  c.h.p.o.HiveMQPlatformReconciler - [helmupgr] Reconciling HiveMQ Platform 'test-hivemq-platform' in namespace 'helmupgradeplatformit'
2025-01-30 18:32:30,441 INFO c.h.h.t.HelmChartContainer - [hivemq-test-hivemq-platform] [hivemq-platform-operator] [1f650712] 18:32:30.440 [ReconcilerExecutor-hivemq-controller-86] DEBUG c.h.p.o.HiveMQPlatformReconciler - [helmupgr] Custom Resource Status STARTING - HiveMQ Platform is starting (READY)
2025-01-30 18:32:30,441 INFO c.h.h.t.HelmChartContainer - [hivemq-test-hivemq-platform] [hivemq-platform-operator] [1f650712] 18:32:30.440 [ReconcilerExecutor-hivemq-controller-86] DEBUG c.h.p.o.HiveMQPlatformReconciler - [helmupgr] Custom Resource Spec (replicas: 1) (extensions: 1)
2025-01-30 18:32:30,510 INFO c.h.h.t.HelmChartContainer - [hivemq-test-hivemq-platform] [hivemq-platform-operator] [1f650712] 18:32:30.510 [ReconcilerExecutor-hivemq-controller-86] DEBUG c.h.p.o.HiveMQPlatformReconciler - [helmupgr] StatefulSet Status (revision: test-hivemq-platform-77d44868f9, replicas: 1, available: 0, ready: 0, current: 1, updated: 1)
2025-01-30 18:32:30,510 INFO c.h.h.t.HelmChartContainer - [hivemq-test-hivemq-platform] [hivemq-platform-operator] [1f650712] 18:32:30.510 [ReconcilerExecutor-hivemq-controller-86] DEBUG c.h.p.o.HiveMQPlatformReconciler - [helmupgr] StatefulSet Spec (replicas: 1, init containers: 1, containers: 1, volumes: 3)
2025-01-30 18:32:30,514 INFO c.h.h.t.HelmChartContainer - [hivemq-test-hivemq-platform] [hivemq-platform-operator] [1f650712] 18:32:30.513 [ReconcilerExecutor-hivemq-controller-86] DEBUG c.h.p.o.h.HiveMQPlatformReconcilerErrorHandler - [helmupgr] Pod 'test-hivemq-platform-0' phase Pending
2025-01-30 18:32:30,514 INFO c.h.h.t.HelmChartContainer - [hivemq-test-hivemq-platform] [hivemq-platform-operator] [1f650712] 18:32:30.513 [ReconcilerExecutor-hivemq-controller-86] DEBUG c.h.p.o.h.HiveMQPlatformReconcilerErrorHandler - [helmupgr] Pod 'test-hivemq-platform-0' condition 'PodReadyToStartContainers': True
2025-01-30 18:32:30,515 INFO c.h.h.t.HelmChartContainer - [hivemq-test-hivemq-platform] [hivemq-platform-operator] [1f650712] 18:32:30.513 [ReconcilerExecutor-hivemq-controller-86] DEBUG c.h.p.o.h.HiveMQPlatformReconcilerErrorHandler - [helmupgr] Pod 'test-hivemq-platform-0' condition 'Initialized': False
2025-01-30 18:32:30,515 INFO c.h.h.t.HelmChartContainer - [hivemq-test-hivemq-platform] [hivemq-platform-operator] [1f650712] 18:32:30.513 [ReconcilerExecutor-hivemq-controller-86] DEBUG c.h.p.o.h.HiveMQPlatformReconcilerErrorHandler - [helmupgr] Pod 'test-hivemq-platform-0' condition 'Ready': False
2025-01-30 18:32:30,515 INFO c.h.h.t.HelmChartContainer - [hivemq-test-hivemq-platform] [hivemq-platform-operator] [1f650712] 18:32:30.513 [ReconcilerExecutor-hivemq-controller-86] DEBUG c.h.p.o.h.HiveMQPlatformReconcilerErrorHandler - [helmupgr] Pod 'test-hivemq-platform-0' condition 'ContainersReady': False
2025-01-30 18:32:30,515 INFO c.h.h.t.HelmChartContainer - [hivemq-test-hivemq-platform] [hivemq-platform-operator] [1f650712] 18:32:30.513 [ReconcilerExecutor-hivemq-controller-86] DEBUG c.h.p.o.h.HiveMQPlatformReconcilerErrorHandler - [helmupgr] Pod 'test-hivemq-platform-0' condition 'PodScheduled': True
2025-01-30 18:32:30,515 INFO c.h.h.t.HelmChartContainer - [hivemq-test-hivemq-platform] [hivemq-platform-operator] [1f650712] 18:32:30.513 [ReconcilerExecutor-hivemq-controller-86] DEBUG c.h.p.o.h.HiveMQPlatformReconcilerErrorHandler - [helmupgr] Pod 'test-hivemq-platform-0' containerStatus 'hivemq' (started: false) (ready: false) (waiting: [PodInitializing] null)
2025-01-30 18:32:30,515 INFO c.h.h.t.HelmChartContainer - [hivemq-test-hivemq-platform] [hivemq-platform-operator] [1f650712] 18:32:30.514 [ReconcilerExecutor-hivemq-controller-86] INFO  c.h.p.o.h.HiveMQPlatformReconcilerBaseHandler - [helmupgr] HiveMQ Platform is starting, 0 of 1 replicas are ready
2025-01-30 18:32:31,389 INFO c.h.h.t.HelmChartContainer - [EVENT] Normal [Pulled] Container image "docker.io/hivemq/hivemq4:4.36.0" already present on machine [helmupgradeplatformit:test-hivemq-platform-0]
2025-01-30 18:32:31,389 INFO c.h.h.t.HelmChartContainer - Received Pulled event for container hivemq in pod test-hivemq-platform-0 [131b9d9f-0c0c-4543-bfad-2ebb2132e632]
2025-01-30 18:32:31,396 INFO c.h.h.t.HelmChartContainer - [POD] test-hivemq-platform-0 [131b9d9f-0c0c-4543-bfad-2ebb2132e632] in helmupgradeplatformit was MODIFIED
2025-01-30 18:32:31,411 INFO c.h.h.t.HelmChartContainer - [hivemq-test-hivemq-platform] [hivemq-platform-operator] [1f650712] 18:32:31.408 [pool-6-thread-42] DEBUG c.h.p.o.d.PlatformServiceResource - [helmupgr] Desired Platform services (3 services)
2025-01-30 18:32:31,416 INFO c.h.h.t.HelmChartContainer - [K3S] [INFO] COMPACT compactRev=0 targetCompactRev=2 currentRev=1058
2025-01-30 18:32:31,416 INFO c.h.h.t.HelmChartContainer - [K3S] [INFO] COMPACT deleted 0 rows from 2 revisions in 419.249µs - compacted to 2/1058
2025-01-30 18:32:31,416 INFO c.h.h.t.HelmChartContainer - [K3S] [INFO] COMPACT compacted from 0 to 2 in 1 transactions over 1ms
2025-01-30 18:32:31,417 INFO c.h.h.t.HelmChartContainer - [hivemq-test-hivemq-platform] [hivemq-platform-operator] [1f650712] 18:32:31.411 [pool-6-thread-43] DEBUG c.h.p.o.dependants.PodInfoConfigMap - [helmupgr] Desired PodInfo ConfigMap (1 extensions) (1 enabled)
2025-01-30 18:32:31,417 INFO c.h.h.t.HelmChartContainer - [hivemq-test-hivemq-platform] [hivemq-platform-operator] [1f650712] 18:32:31.411 [pool-6-thread-43] DEBUG c.h.p.o.dependants.PodInfoConfigMap - [helmupgr] Desired PodInfo ConfigMap (metrics port: 9399) (metrics path: /)
2025-01-30 18:32:31,417 INFO c.h.h.t.HelmChartContainer - [hivemq-test-hivemq-platform] [hivemq-platform-operator] [1f650712] 18:32:31.411 [pool-6-thread-43] DEBUG c.h.p.o.dependants.PodInfoConfigMap - [helmupgr] Desired PodInfo ConfigMap (extension state hash: -1817474005)
2025-01-30 18:32:31,417 INFO c.h.h.t.HelmChartContainer - [hivemq-test-hivemq-platform] [hivemq-platform-operator] [1f650712] 18:32:31.416 [pool-6-thread-47] DEBUG c.h.p.o.d.PodServiceAccountResource - [helmupgr] Desired PodServiceAccountResource (serviceAccountName: hivemq-platform-pod-test-hivemq-platform)
2025-01-30 18:32:31,439 INFO c.h.h.t.HelmChartContainer - [hivemq-test-hivemq-platform] [hivemq-platform-operator] [1f650712] 18:32:31.437 [pool-6-thread-49] DEBUG c.h.p.o.d.StatefulSetResource - [helmupgr] Desired StatefulSet (1 replicas) for status STARTING (READY)
2025-01-30 18:32:31,442 INFO c.h.h.t.HelmChartContainer - [hivemq-test-hivemq-platform] [hivemq-platform-operator] [1f650712] 18:32:31.442 [ReconcilerExecutor-hivemq-controller-97] INFO  c.h.p.o.HiveMQPlatformReconciler - [helmupgr] Reconciling HiveMQ Platform 'test-hivemq-platform' in namespace 'helmupgradeplatformit'
2025-01-30 18:32:31,443 INFO c.h.h.t.HelmChartContainer - [hivemq-test-hivemq-platform] [hivemq-platform-operator] [1f650712] 18:32:31.443 [ReconcilerExecutor-hivemq-controller-97] DEBUG c.h.p.o.HiveMQPlatformReconciler - [helmupgr] Custom Resource Status STARTING - HiveMQ Platform is starting (READY)
2025-01-30 18:32:31,444 INFO c.h.h.t.HelmChartContainer - [hivemq-test-hivemq-platform] [hivemq-platform-operator] [1f650712] 18:32:31.444 [ReconcilerExecutor-hivemq-controller-97] DEBUG c.h.p.o.HiveMQPlatformReconciler - [helmupgr] Custom Resource Spec (replicas: 1) (extensions: 1)
2025-01-30 18:32:31,447 INFO c.h.h.t.HelmChartContainer - [hivemq-test-hivemq-platform] [hivemq-platform-operator] [1f650712] 18:32:31.446 [ReconcilerExecutor-hivemq-controller-97] DEBUG c.h.p.o.HiveMQPlatformReconciler - [helmupgr] StatefulSet Status (revision: test-hivemq-platform-77d44868f9, replicas: 1, available: 0, ready: 0, current: 1, updated: 1)
2025-01-30 18:32:31,447 INFO c.h.h.t.HelmChartContainer - [hivemq-test-hivemq-platform] [hivemq-platform-operator] [1f650712] 18:32:31.446 [ReconcilerExecutor-hivemq-controller-97] DEBUG c.h.p.o.HiveMQPlatformReconciler - [helmupgr] StatefulSet Spec (replicas: 1, init containers: 1, containers: 1, volumes: 3)
2025-01-30 18:32:31,449 INFO c.h.h.t.HelmChartContainer - [hivemq-test-hivemq-platform] [hivemq-platform-operator] [1f650712] 18:32:31.448 [ReconcilerExecutor-hivemq-controller-97] DEBUG c.h.p.o.h.HiveMQPlatformReconcilerErrorHandler - [helmupgr] Pod 'test-hivemq-platform-0' phase Pending
2025-01-30 18:32:31,449 INFO c.h.h.t.HelmChartContainer - [hivemq-test-hivemq-platform] [hivemq-platform-operator] [1f650712] 18:32:31.448 [ReconcilerExecutor-hivemq-controller-97] DEBUG c.h.p.o.h.HiveMQPlatformReconcilerErrorHandler - [helmupgr] Pod 'test-hivemq-platform-0' condition 'PodReadyToStartContainers': True
2025-01-30 18:32:31,449 INFO c.h.h.t.HelmChartContainer - [hivemq-test-hivemq-platform] [hivemq-platform-operator] [1f650712] 18:32:31.448 [ReconcilerExecutor-hivemq-controller-97] DEBUG c.h.p.o.h.HiveMQPlatformReconcilerErrorHandler - [helmupgr] Pod 'test-hivemq-platform-0' condition 'Initialized': True
2025-01-30 18:32:31,450 INFO c.h.h.t.HelmChartContainer - [hivemq-test-hivemq-platform] [hivemq-platform-operator] [1f650712] 18:32:31.448 [ReconcilerExecutor-hivemq-controller-97] DEBUG c.h.p.o.h.HiveMQPlatformReconcilerErrorHandler - [helmupgr] Pod 'test-hivemq-platform-0' condition 'Ready': False
2025-01-30 18:32:31,450 INFO c.h.h.t.HelmChartContainer - [hivemq-test-hivemq-platform] [hivemq-platform-operator] [1f650712] 18:32:31.448 [ReconcilerExecutor-hivemq-controller-97] DEBUG c.h.p.o.h.HiveMQPlatformReconcilerErrorHandler - [helmupgr] Pod 'test-hivemq-platform-0' condition 'ContainersReady': False
2025-01-30 18:32:31,450 INFO c.h.h.t.HelmChartContainer - [hivemq-test-hivemq-platform] [hivemq-platform-operator] [1f650712] 18:32:31.448 [ReconcilerExecutor-hivemq-controller-97] DEBUG c.h.p.o.h.HiveMQPlatformReconcilerErrorHandler - [helmupgr] Pod 'test-hivemq-platform-0' condition 'PodScheduled': True
2025-01-30 18:32:31,450 INFO c.h.h.t.HelmChartContainer - [hivemq-test-hivemq-platform] [hivemq-platform-operator] [1f650712] 18:32:31.448 [ReconcilerExecutor-hivemq-controller-97] DEBUG c.h.p.o.h.HiveMQPlatformReconcilerErrorHandler - [helmupgr] Pod 'test-hivemq-platform-0' containerStatus 'hivemq' (started: false) (ready: false) (waiting: [PodInitializing] null)
2025-01-30 18:32:31,450 INFO c.h.h.t.HelmChartContainer - [hivemq-test-hivemq-platform] [hivemq-platform-operator] [1f650712] 18:32:31.449 [ReconcilerExecutor-hivemq-controller-97] INFO  c.h.p.o.h.HiveMQPlatformReconcilerBaseHandler - [helmupgr] HiveMQ Platform is starting, 0 of 1 replicas are ready
2025-01-30 18:32:33,071 INFO c.h.h.t.HelmChartContainer - [EVENT] Normal [Created] Created container: hivemq [helmupgradeplatformit:test-hivemq-platform-0]
2025-01-30 18:32:33,071 INFO c.h.h.t.HelmChartContainer - Received Created event for container hivemq in pod test-hivemq-platform-0 [131b9d9f-0c0c-4543-bfad-2ebb2132e632]
2025-01-30 18:32:33,401 INFO c.h.h.t.HelmChartContainer - [POD] test-hivemq-platform-0 [131b9d9f-0c0c-4543-bfad-2ebb2132e632] in helmupgradeplatformit was MODIFIED
2025-01-30 18:32:33,410 INFO c.h.h.t.HelmChartContainer - [hivemq-test-hivemq-platform] [hivemq-platform-operator] [1f650712] 18:32:33.406 [pool-6-thread-6] DEBUG c.h.p.o.d.PlatformServiceResource - [helmupgr] Desired Platform services (3 services)
2025-01-30 18:32:33,412 INFO c.h.h.t.HelmChartContainer - [hivemq-test-hivemq-platform] [hivemq-platform-operator] [1f650712] 18:32:33.409 [pool-6-thread-3] DEBUG c.h.p.o.dependants.PodInfoConfigMap - [helmupgr] Desired PodInfo ConfigMap (1 extensions) (1 enabled)
2025-01-30 18:32:33,414 INFO c.h.h.t.HelmChartContainer - [EVENT] Normal [Started] Started container hivemq [helmupgradeplatformit:test-hivemq-platform-0]
2025-01-30 18:32:33,414 INFO c.h.h.t.HelmChartContainer - Received Started event for container hivemq in pod test-hivemq-platform-0 [131b9d9f-0c0c-4543-bfad-2ebb2132e632]
2025-01-30 18:32:33,414 INFO c.h.h.t.HelmChartContainer - [hivemq-test-hivemq-platform] [hivemq-platform-operator] [1f650712] 18:32:33.412 [pool-6-thread-3] DEBUG c.h.p.o.dependants.PodInfoConfigMap - [helmupgr] Desired PodInfo ConfigMap (metrics port: 9399) (metrics path: /)
2025-01-30 18:32:33,414 INFO c.h.h.t.HelmChartContainer - [hivemq-test-hivemq-platform] [hivemq-platform-operator] [1f650712] 18:32:33.412 [pool-6-thread-3] DEBUG c.h.p.o.dependants.PodInfoConfigMap - [helmupgr] Desired PodInfo ConfigMap (extension state hash: -1817474005)
2025-01-30 18:32:33,414 INFO c.h.h.t.HelmChartContainer - [hivemq-test-hivemq-platform] [hivemq-platform-operator] [1f650712] 18:32:33.413 [pool-6-thread-9] DEBUG c.h.p.o.d.PodServiceAccountResource - [helmupgr] Desired PodServiceAccountResource (serviceAccountName: hivemq-platform-pod-test-hivemq-platform)
2025-01-30 18:32:33,415 INFO c.h.h.t.HelmChartContainer - Started log watcher for hivemq in pod test-hivemq-platform-0 [131b9d9f-0c0c-4543-bfad-2ebb2132e632]
2025-01-30 18:32:33,420 INFO c.h.h.t.HelmChartContainer - [test-hivemq-platform] [hivemq] [131b9d9f] Adding pre-installed HiveMQ Platform Operator extensions
2025-01-30 18:32:33,421 INFO c.h.h.t.HelmChartContainer - [test-hivemq-platform] [hivemq] [131b9d9f] Running as user 10000
2025-01-30 18:32:33,421 INFO c.h.h.t.HelmChartContainer - [test-hivemq-platform] [hivemq] [131b9d9f] Starting HiveMQ Platform Operator Init
2025-01-30 18:32:33,423 INFO c.h.h.t.HelmChartContainer - [hivemq-test-hivemq-platform] [hivemq-platform-operator] [1f650712] 18:32:33.421 [pool-6-thread-6] DEBUG c.h.p.o.d.StatefulSetResource - [helmupgr] Desired StatefulSet (1 replicas) for status STARTING (READY)
2025-01-30 18:32:33,431 INFO c.h.h.t.HelmChartContainer - [hivemq-test-hivemq-platform] [hivemq-platform-operator] [1f650712] 18:32:33.430 [ReconcilerExecutor-hivemq-controller-108] INFO  c.h.p.o.HiveMQPlatformReconciler - [helmupgr] Reconciling HiveMQ Platform 'test-hivemq-platform' in namespace 'helmupgradeplatformit'
2025-01-30 18:32:33,432 INFO c.h.h.t.HelmChartContainer - [hivemq-test-hivemq-platform] [hivemq-platform-operator] [1f650712] 18:32:33.430 [ReconcilerExecutor-hivemq-controller-108] DEBUG c.h.p.o.HiveMQPlatformReconciler - [helmupgr] Custom Resource Status STARTING - HiveMQ Platform is starting (READY)
2025-01-30 18:32:33,432 INFO c.h.h.t.HelmChartContainer - [hivemq-test-hivemq-platform] [hivemq-platform-operator] [1f650712] 18:32:33.430 [ReconcilerExecutor-hivemq-controller-108] DEBUG c.h.p.o.HiveMQPlatformReconciler - [helmupgr] Custom Resource Spec (replicas: 1) (extensions: 1)
2025-01-30 18:32:33,433 INFO c.h.h.t.HelmChartContainer - [hivemq-test-hivemq-platform] [hivemq-platform-operator] [1f650712] 18:32:33.432 [ReconcilerExecutor-hivemq-controller-108] DEBUG c.h.p.o.HiveMQPlatformReconciler - [helmupgr] StatefulSet Status (revision: test-hivemq-platform-77d44868f9, replicas: 1, available: 0, ready: 0, current: 1, updated: 1)
2025-01-30 18:32:33,434 INFO c.h.h.t.HelmChartContainer - [hivemq-test-hivemq-platform] [hivemq-platform-operator] [1f650712] 18:32:33.432 [ReconcilerExecutor-hivemq-controller-108] DEBUG c.h.p.o.HiveMQPlatformReconciler - [helmupgr] StatefulSet Spec (replicas: 1, init containers: 1, containers: 1, volumes: 3)
2025-01-30 18:32:33,436 INFO c.h.h.t.HelmChartContainer - [hivemq-test-hivemq-platform] [hivemq-platform-operator] [1f650712] 18:32:33.434 [ReconcilerExecutor-hivemq-controller-108] DEBUG c.h.p.o.h.HiveMQPlatformReconcilerErrorHandler - [helmupgr] Pod 'test-hivemq-platform-0' phase Running
2025-01-30 18:32:33,439 INFO c.h.h.t.HelmChartContainer - [hivemq-test-hivemq-platform] [hivemq-platform-operator] [1f650712] 18:32:33.436 [ReconcilerExecutor-hivemq-controller-108] INFO  c.h.p.o.h.HiveMQPlatformReconcilerBaseHandler - [helmupgr] HiveMQ Platform is starting, 0 of 1 replicas are ready
2025-01-30 18:32:34,276 INFO c.h.h.t.HelmChartContainer - [test-hivemq-platform] [hivemq] [131b9d9f] INFO  - [HiveMQ Platform Operator Init 1.7.0-SNAPSHOT] HiveMQ Platform Operator Init 1.7.0-SNAPSHOT (commit: 47e3375 on branch: HEAD) built on Thu Jan 30 03:55:50 UTC 2025
2025-01-30 18:32:34,946 INFO c.h.h.t.HelmChartContainer - [K3S] [info.go:53] Couldn't collect info from any of the files in "/etc/machine-id,/var/lib/dbus/machine-id"
2025-01-30 18:32:35,447 INFO c.h.h.t.HelmChartContainer - [test-hivemq-platform] [hivemq] [131b9d9f] INFO  - [HiveMQ Platform Operator Init App 1.7.0-SNAPSHOT] Using bind address 10.42.0.10 from environment variable
2025-01-30 18:32:36,313 INFO c.h.h.t.HelmChartContainer - [test-hivemq-platform] [hivemq] [131b9d9f] INFO  - [HiveMQ Platform Operator Init App 1.7.0-SNAPSHOT] HiveMQ Platform Operator Init App 1.7.0-SNAPSHOT (commit: 47e3375 on branch: HEAD) built on Thu Jan 30 03:55:50 UTC 2025
2025-01-30 18:32:36,314 INFO c.h.h.t.HelmChartContainer - [test-hivemq-platform] [hivemq] [131b9d9f] INFO  - [HiveMQ Platform Operator Init App 1.7.0-SNAPSHOT] PodInfo ConfigMap directory: /etc/podinfo
2025-01-30 18:32:36,314 INFO c.h.h.t.HelmChartContainer - [test-hivemq-platform] [hivemq] [131b9d9f] INFO  - [HiveMQ Platform Operator Init App 1.7.0-SNAPSHOT] HiveMQ home directory: /opt/hivemq
2025-01-30 18:32:36,314 INFO c.h.h.t.HelmChartContainer - [test-hivemq-platform] [hivemq] [131b9d9f] INFO  - [HiveMQ Platform Operator Init App 1.7.0-SNAPSHOT] HiveMQ Logback folder: /opt/hivemq/conf
2025-01-30 18:32:36,314 INFO c.h.h.t.HelmChartContainer - [test-hivemq-platform] [hivemq] [131b9d9f] INFO  - [HiveMQ Platform Operator Init App 1.7.0-SNAPSHOT] HiveMQ Config folder: /opt/hivemq/conf-k8s
2025-01-30 18:32:36,314 INFO c.h.h.t.HelmChartContainer - [test-hivemq-platform] [hivemq] [131b9d9f] INFO  - [HiveMQ Platform Operator Init App 1.7.0-SNAPSHOT] Starting HiveMQ Platform Operator Init App
2025-01-30 18:32:36,314 INFO c.h.h.t.HelmChartContainer - [test-hivemq-platform] [hivemq] [131b9d9f] INFO  - [HiveMQ Platform Operator Init App 1.7.0-SNAPSHOT] Starting Pod reconciler
2025-01-30 18:32:37,425 INFO c.h.h.t.HelmChartContainer - [test-hivemq-platform] [hivemq] [131b9d9f] INFO  - [HiveMQ Platform Operator Init App 1.7.0-SNAPSHOT] Pod reconciler is scheduled (interval: 5000 ms)
2025-01-30 18:32:37,426 INFO c.h.h.t.HelmChartContainer - [test-hivemq-platform] [hivemq] [131b9d9f] INFO  - [HiveMQ Platform Operator Init App 1.7.0-SNAPSHOT] Starting the REST API on 10.42.0.10:7979
2025-01-30 18:32:37,428 INFO c.h.h.t.HelmChartContainer - [test-hivemq-platform] [hivemq] [131b9d9f] INFO  - [HiveMQ Platform Operator Init App 1.7.0-SNAPSHOT] Waiting up to 600s for at most 1 HiveMQ nodes in cluster service hivemq-test-hivemq-platform-cluster.helmupgradeplatformit.svc
2025-01-30 18:32:37,814 INFO c.h.h.t.HelmChartContainer - [test-hivemq-platform] [hivemq] [131b9d9f] INFO  - [HiveMQ Platform Operator Init App 1.7.0-SNAPSHOT] Resolved 1 IP addresses: [10.42.0.10]
2025-01-30 18:32:37,814 INFO c.h.h.t.HelmChartContainer - [test-hivemq-platform] [hivemq] [131b9d9f] INFO  - [HiveMQ Platform Operator Init App 1.7.0-SNAPSHOT] HiveMQ node count of 1 is within threshold of 1
2025-01-30 18:32:37,814 INFO c.h.h.t.HelmChartContainer - [test-hivemq-platform] [hivemq] [131b9d9f] INFO  - [HiveMQ Platform Operator Init App 1.7.0-SNAPSHOT] Proceeding with container start
2025-01-30 18:32:37,836 INFO c.h.h.t.HelmChartContainer - [test-hivemq-platform] [hivemq] [131b9d9f] INFO  - [HiveMQ Platform Operator Init App 1.7.0-SNAPSHOT] Initializing HiveMQ Platform extensions with initial configuration: {hivemq-allow-all-extension={start-priority=-1, skip-https-hostname-verification=false, restart=true, config-version=0, header-version=0, c-uri=, priority=-1, uri=preinstalled, skip-https-certificate-validation=false, enabled=true}, hivemq-prometheus-extension={restart=true, enabled=true, request-header-path=no-request-headers, uri=preinstalled, skip-https-certificate-validation=false, skip-https-hostname-verification=false, c-uri=, start-priority=-1, priority=-1}}
2025-01-30 18:32:38,320 INFO c.h.h.t.HelmChartContainer - [test-hivemq-platform] [hivemq] [131b9d9f] INFO  - [HiveMQ Platform Operator Init App 1.7.0-SNAPSHOT] Extension hivemq-allow-all-extension was already enabled
2025-01-30 18:32:38,329 INFO c.h.h.t.HelmChartContainer - [test-hivemq-platform] [hivemq] [131b9d9f] INFO  - [HiveMQ Platform Operator Init App 1.7.0-SNAPSHOT] Successfully enabled extension hivemq-prometheus-extension
2025-01-30 18:32:38,330 INFO c.h.h.t.HelmChartContainer - [test-hivemq-platform] [hivemq] [131b9d9f] INFO  - [HiveMQ Platform Operator Init App 1.7.0-SNAPSHOT] Starting HiveMQ Platform version 4.36.0 (4.36.0)
2025-01-30 18:32:38,330 INFO c.h.h.t.HelmChartContainer - [test-hivemq-platform] [hivemq] [131b9d9f] INFO  - [HiveMQ Platform Operator Init App 1.7.0-SNAPSHOT] Configuring the HiveMQ Platform
2025-01-30 18:32:38,415 INFO c.h.h.t.HelmChartContainer - [test-hivemq-platform] [hivemq] [131b9d9f] INFO  - [HiveMQ Platform Operator Init App 1.7.0-SNAPSHOT] Changed logback.xml file scan period to 20 seconds
2025-01-30 18:32:38,425 INFO c.h.h.t.HelmChartContainer - [test-hivemq-platform] [hivemq] [131b9d9f] INFO  - [HiveMQ Platform Operator Init App 1.7.0-SNAPSHOT] Starting the HiveMQ Platform
2025-01-30 18:32:38,476 INFO c.h.h.t.HelmChartContainer - [test-hivemq-platform] [hivemq] [131b9d9f] -------------------------------------------------------------------------
2025-01-30 18:32:38,476 INFO c.h.h.t.HelmChartContainer - [test-hivemq-platform] [hivemq] [131b9d9f] 
2025-01-30 18:32:38,476 INFO c.h.h.t.HelmChartContainer - [test-hivemq-platform] [hivemq] [131b9d9f]                   _    _  _              __  __   ____
2025-01-30 18:32:38,476 INFO c.h.h.t.HelmChartContainer - [test-hivemq-platform] [hivemq] [131b9d9f]                  | |  | |(_)            |  \/  | / __ \
2025-01-30 18:32:38,476 INFO c.h.h.t.HelmChartContainer - [test-hivemq-platform] [hivemq] [131b9d9f]                  | |__| | _ __   __ ___ | \  / || |  | |
2025-01-30 18:32:38,476 INFO c.h.h.t.HelmChartContainer - [test-hivemq-platform] [hivemq] [131b9d9f]                  |  __  || |\ \ / // _ \| |\/| || |  | |
2025-01-30 18:32:38,476 INFO c.h.h.t.HelmChartContainer - [test-hivemq-platform] [hivemq] [131b9d9f]                  | |  | || | \ V /|  __/| |  | || |__| |
2025-01-30 18:32:38,476 INFO c.h.h.t.HelmChartContainer - [test-hivemq-platform] [hivemq] [131b9d9f]                  |_|  |_||_|  \_/  \___||_|  |_| \___\_\
2025-01-30 18:32:38,476 INFO c.h.h.t.HelmChartContainer - [test-hivemq-platform] [hivemq] [131b9d9f] 
2025-01-30 18:32:38,476 INFO c.h.h.t.HelmChartContainer - [test-hivemq-platform] [hivemq] [131b9d9f] -------------------------------------------------------------------------
2025-01-30 18:32:38,476 INFO c.h.h.t.HelmChartContainer - [test-hivemq-platform] [hivemq] [131b9d9f] 
2025-01-30 18:32:38,476 INFO c.h.h.t.HelmChartContainer - [test-hivemq-platform] [hivemq] [131b9d9f]   HiveMQ Start Script for Linux/Unix v1.14
2025-01-30 18:32:38,476 INFO c.h.h.t.HelmChartContainer - [test-hivemq-platform] [hivemq] [131b9d9f] 
2025-01-30 18:32:38,541 INFO c.h.h.t.HelmChartContainer - [test-hivemq-platform] [hivemq] [131b9d9f] -------------------------------------------------------------------------
2025-01-30 18:32:38,541 INFO c.h.h.t.HelmChartContainer - [test-hivemq-platform] [hivemq] [131b9d9f] 
2025-01-30 18:32:38,541 INFO c.h.h.t.HelmChartContainer - [test-hivemq-platform] [hivemq] [131b9d9f]   HIVEMQ_HOME: /opt/hivemq
2025-01-30 18:32:38,541 INFO c.h.h.t.HelmChartContainer - [test-hivemq-platform] [hivemq] [131b9d9f] 
2025-01-30 18:32:38,541 INFO c.h.h.t.HelmChartContainer - [test-hivemq-platform] [hivemq] [131b9d9f]   JAVA_OPTS: -XX:+UnlockExperimentalVMOptions -XX:InitialRAMPercentage=50 -XX:MaxRAMPercentage=50 -Djava.net.preferIPv4Stack=true --add-opens java.base/java.lang=ALL-UNNAMED --add-opens java.base/java.nio=ALL-UNNAMED --add-opens java.base/sun.nio.ch=ALL-UNNAMED --add-opens jdk.management/com.sun.management.internal=ALL-UNNAMED --add-exports java.base/jdk.internal.misc=ALL-UNNAMED -Djava.security.egd=file:/dev/./urandom -Dcom.sun.management.jmxremote -Dcom.sun.management.jmxremote.port=9010 -Dcom.sun.management.jmxremote.local.only=false -Dcom.sun.management.jmxremote.authenticate=false -Dcom.sun.management.jmxremote.ssl=false -Duser.language=en -Duser.region=US -XX:+CrashOnOutOfMemoryError -XX:+HeapDumpOnOutOfMemoryError
2025-01-30 18:32:38,541 INFO c.h.h.t.HelmChartContainer - [test-hivemq-platform] [hivemq] [131b9d9f] 
2025-01-30 18:32:38,541 INFO c.h.h.t.HelmChartContainer - [test-hivemq-platform] [hivemq] [131b9d9f]   JAVA_VERSION: 21
2025-01-30 18:32:38,541 INFO c.h.h.t.HelmChartContainer - [test-hivemq-platform] [hivemq] [131b9d9f] 
2025-01-30 18:32:38,541 INFO c.h.h.t.HelmChartContainer - [test-hivemq-platform] [hivemq] [131b9d9f] -------------------------------------------------------------------------
2025-01-30 18:32:38,541 INFO c.h.h.t.HelmChartContainer - [test-hivemq-platform] [hivemq] [131b9d9f] 
2025-01-30 18:32:39,476 INFO c.h.h.t.HelmChartContainer - [test-hivemq-platform] [hivemq] [131b9d9f] INFO  - [HiveMQ Platform Operator Init App 1.7.0-SNAPSHOT] Returning default Health API response 503 for readiness
2025-01-30 18:32:39,917 INFO c.h.h.t.HelmChartContainer - [EVENT] Warning [Unhealthy] Readiness probe failed: HTTP probe failed with statuscode: 503 [helmupgradeplatformit:test-hivemq-platform-0]
2025-01-30 18:32:39,917 INFO c.h.h.t.HelmChartContainer - Received Unhealthy event for container hivemq in pod test-hivemq-platform-0 [131b9d9f-0c0c-4543-bfad-2ebb2132e632]
2025-01-30 18:32:41,277 INFO c.h.h.t.HelmChartContainer - [test-hivemq-platform] [hivemq] [131b9d9f] INFO  - Starting HiveMQ Enterprise Server
2025-01-30 18:32:41,281 INFO c.h.h.t.HelmChartContainer - [test-hivemq-platform] [hivemq] [131b9d9f] INFO  - HiveMQ version: 4.36.0
2025-01-30 18:32:41,281 INFO c.h.h.t.HelmChartContainer - [test-hivemq-platform] [hivemq] [131b9d9f] INFO  - HiveMQ home directory: /opt/hivemq
2025-01-30 18:32:41,282 INFO c.h.h.t.HelmChartContainer - [test-hivemq-platform] [hivemq] [131b9d9f] INFO  - Log Configuration was overridden by /opt/hivemq/conf/logback.xml
2025-01-30 18:32:42,427 INFO c.h.h.t.HelmChartContainer - [test-hivemq-platform] [hivemq] [131b9d9f] INFO  - Successfully loaded configuration from '/opt/hivemq/conf-k8s/config.xml'.
2025-01-30 18:32:43,176 INFO c.h.h.t.HelmChartContainer - [test-hivemq-platform] [hivemq] [131b9d9f] INFO  - This node's ID is RIjoO
2025-01-30 18:32:43,176 INFO c.h.h.t.HelmChartContainer - [test-hivemq-platform] [hivemq] [131b9d9f] INFO  - Clustering is enabled
2025-01-30 18:32:43,443 INFO c.h.h.t.HelmChartContainer - [hivemq-test-hivemq-platform] [hivemq-platform-operator] [1f650712] 18:32:43.441 [pool-6-thread-15] DEBUG c.h.p.o.d.PlatformServiceResource - [helmupgr] Desired Platform services (3 services)
2025-01-30 18:32:43,444 INFO c.h.h.t.HelmChartContainer - [hivemq-test-hivemq-platform] [hivemq-platform-operator] [1f650712] 18:32:43.442 [pool-6-thread-17] DEBUG c.h.p.o.dependants.PodInfoConfigMap - [helmupgr] Desired PodInfo ConfigMap (1 extensions) (1 enabled)
2025-01-30 18:32:43,445 INFO c.h.h.t.HelmChartContainer - [hivemq-test-hivemq-platform] [hivemq-platform-operator] [1f650712] 18:32:43.442 [pool-6-thread-17] DEBUG c.h.p.o.dependants.PodInfoConfigMap - [helmupgr] Desired PodInfo ConfigMap (metrics port: 9399) (metrics path: /)
2025-01-30 18:32:43,445 INFO c.h.h.t.HelmChartContainer - [hivemq-test-hivemq-platform] [hivemq-platform-operator] [1f650712] 18:32:43.442 [pool-6-thread-11] DEBUG c.h.p.o.d.PodServiceAccountResource - [helmupgr] Desired PodServiceAccountResource (serviceAccountName: hivemq-platform-pod-test-hivemq-platform)
2025-01-30 18:32:43,445 INFO c.h.h.t.HelmChartContainer - [hivemq-test-hivemq-platform] [hivemq-platform-operator] [1f650712] 18:32:43.442 [pool-6-thread-17] DEBUG c.h.p.o.dependants.PodInfoConfigMap - [helmupgr] Desired PodInfo ConfigMap (extension state hash: -1817474005)
2025-01-30 18:32:43,449 INFO c.h.h.t.HelmChartContainer - [hivemq-test-hivemq-platform] [hivemq-platform-operator] [1f650712] 18:32:43.448 [pool-6-thread-17] DEBUG c.h.p.o.d.StatefulSetResource - [helmupgr] Desired StatefulSet (1 replicas) for status STARTING (READY)
2025-01-30 18:32:43,454 INFO c.h.h.t.HelmChartContainer - [hivemq-test-hivemq-platform] [hivemq-platform-operator] [1f650712] 18:32:43.453 [ReconcilerExecutor-hivemq-controller-109] INFO  c.h.p.o.HiveMQPlatformReconciler - [helmupgr] Reconciling HiveMQ Platform 'test-hivemq-platform' in namespace 'helmupgradeplatformit'
2025-01-30 18:32:43,455 INFO c.h.h.t.HelmChartContainer - [hivemq-test-hivemq-platform] [hivemq-platform-operator] [1f650712] 18:32:43.453 [ReconcilerExecutor-hivemq-controller-109] DEBUG c.h.p.o.HiveMQPlatformReconciler - [helmupgr] Custom Resource Status STARTING - HiveMQ Platform is starting (READY)
2025-01-30 18:32:43,455 INFO c.h.h.t.HelmChartContainer - [hivemq-test-hivemq-platform] [hivemq-platform-operator] [1f650712] 18:32:43.453 [ReconcilerExecutor-hivemq-controller-109] DEBUG c.h.p.o.HiveMQPlatformReconciler - [helmupgr] Custom Resource Spec (replicas: 1) (extensions: 1)
2025-01-30 18:32:43,533 INFO c.h.h.t.HelmChartContainer - [hivemq-test-hivemq-platform] [hivemq-platform-operator] [1f650712] 18:32:43.455 [ReconcilerExecutor-hivemq-controller-109] DEBUG c.h.p.o.HiveMQPlatformReconciler - [helmupgr] StatefulSet Status (revision: test-hivemq-platform-77d44868f9, replicas: 1, available: 0, ready: 0, current: 1, updated: 1)
2025-01-30 18:32:43,534 INFO c.h.h.t.HelmChartContainer - [hivemq-test-hivemq-platform] [hivemq-platform-operator] [1f650712] 18:32:43.532 [ReconcilerExecutor-hivemq-controller-109] DEBUG c.h.p.o.HiveMQPlatformReconciler - [helmupgr] StatefulSet Spec (replicas: 1, init containers: 1, containers: 1, volumes: 3)
2025-01-30 18:32:43,535 INFO c.h.h.t.HelmChartContainer - [hivemq-test-hivemq-platform] [hivemq-platform-operator] [1f650712] 18:32:43.534 [ReconcilerExecutor-hivemq-controller-109] DEBUG c.h.p.o.h.HiveMQPlatformReconcilerErrorHandler - [helmupgr] Pod 'test-hivemq-platform-0' phase Running
2025-01-30 18:32:43,536 INFO c.h.h.t.HelmChartContainer - [hivemq-test-hivemq-platform] [hivemq-platform-operator] [1f650712] 18:32:43.535 [ReconcilerExecutor-hivemq-controller-109] INFO  c.h.p.o.h.HiveMQPlatformReconcilerBaseHandler - [helmupgr] HiveMQ Platform is starting, 0 of 1 replicas are ready
2025-01-30 18:32:44,915 INFO c.h.h.t.HelmChartContainer - [test-hivemq-platform] [hivemq] [131b9d9f] WARN  - [HiveMQ Platform Operator Init App 1.7.0-SNAPSHOT] Cannot connect to Health API for readiness: null
2025-01-30 18:32:44,919 INFO c.h.h.t.HelmChartContainer - [EVENT] Warning [Unhealthy] Readiness probe failed: HTTP probe failed with statuscode: 503 [helmupgradeplatformit:test-hivemq-platform-0]
2025-01-30 18:32:44,919 INFO c.h.h.t.HelmChartContainer - Received Unhealthy event for container hivemq in pod test-hivemq-platform-0 [131b9d9f-0c0c-4543-bfad-2ebb2132e632]
2025-01-30 18:32:47,722 INFO c.h.h.t.HelmChartContainer - [test-hivemq-platform] [hivemq] [131b9d9f] INFO  - [HiveMQ Platform Operator Init App 1.7.0-SNAPSHOT] Updating Pod HiveMQ Platform Operator Init App version annotation (version: 1.7.0-SNAPSHOT)
2025-01-30 18:32:48,816 INFO c.h.h.t.HelmChartContainer - [POD] test-hivemq-platform-0 [131b9d9f-0c0c-4543-bfad-2ebb2132e632] in helmupgradeplatformit was MODIFIED
2025-01-30 18:32:48,828 INFO c.h.h.t.HelmChartContainer - [test-hivemq-platform] [hivemq] [131b9d9f] INFO  - [HiveMQ Platform Operator Init App 1.7.0-SNAPSHOT] Successfully updated Pod HiveMQ Platform Operator Init App version annotation (version: 1.7.0-SNAPSHOT)
2025-01-30 18:32:48,833 INFO c.h.h.t.HelmChartContainer - [hivemq-test-hivemq-platform] [hivemq-platform-operator] [1f650712] 18:32:48.830 [pool-6-thread-26] DEBUG c.h.p.o.d.PlatformServiceResource - [helmupgr] Desired Platform services (3 services)
2025-01-30 18:32:48,833 INFO c.h.h.t.HelmChartContainer - [hivemq-test-hivemq-platform] [hivemq-platform-operator] [1f650712] 18:32:48.831 [pool-6-thread-22] DEBUG c.h.p.o.dependants.PodInfoConfigMap - [helmupgr] Desired PodInfo ConfigMap (1 extensions) (1 enabled)
2025-01-30 18:32:48,836 INFO c.h.h.t.HelmChartContainer - [hivemq-test-hivemq-platform] [hivemq-platform-operator] [1f650712] 18:32:48.832 [pool-6-thread-22] DEBUG c.h.p.o.dependants.PodInfoConfigMap - [helmupgr] Desired PodInfo ConfigMap (metrics port: 9399) (metrics path: /)
2025-01-30 18:32:48,836 INFO c.h.h.t.HelmChartContainer - [hivemq-test-hivemq-platform] [hivemq-platform-operator] [1f650712] 18:32:48.832 [pool-6-thread-22] DEBUG c.h.p.o.dependants.PodInfoConfigMap - [helmupgr] Desired PodInfo ConfigMap (extension state hash: -1817474005)
2025-01-30 18:32:48,836 INFO c.h.h.t.HelmChartContainer - [hivemq-test-hivemq-platform] [hivemq-platform-operator] [1f650712] 18:32:48.834 [pool-6-thread-25] DEBUG c.h.p.o.d.PodServiceAccountResource - [helmupgr] Desired PodServiceAccountResource (serviceAccountName: hivemq-platform-pod-test-hivemq-platform)
2025-01-30 18:32:48,844 INFO c.h.h.t.HelmChartContainer - [hivemq-test-hivemq-platform] [hivemq-platform-operator] [1f650712] 18:32:48.840 [pool-6-thread-26] DEBUG c.h.p.o.d.StatefulSetResource - [helmupgr] Desired StatefulSet (1 replicas) for status STARTING (READY)
2025-01-30 18:32:48,845 INFO c.h.h.t.HelmChartContainer - [hivemq-test-hivemq-platform] [hivemq-platform-operator] [1f650712] 18:32:48.844 [ReconcilerExecutor-hivemq-controller-110] INFO  c.h.p.o.HiveMQPlatformReconciler - [helmupgr] Reconciling HiveMQ Platform 'test-hivemq-platform' in namespace 'helmupgradeplatformit'
2025-01-30 18:32:48,847 INFO c.h.h.t.HelmChartContainer - [hivemq-test-hivemq-platform] [hivemq-platform-operator] [1f650712] 18:32:48.844 [ReconcilerExecutor-hivemq-controller-110] DEBUG c.h.p.o.HiveMQPlatformReconciler - [helmupgr] Custom Resource Status STARTING - HiveMQ Platform is starting (READY)
2025-01-30 18:32:48,847 INFO c.h.h.t.HelmChartContainer - [hivemq-test-hivemq-platform] [hivemq-platform-operator] [1f650712] 18:32:48.844 [ReconcilerExecutor-hivemq-controller-110] DEBUG c.h.p.o.HiveMQPlatformReconciler - [helmupgr] Custom Resource Spec (replicas: 1) (extensions: 1)
2025-01-30 18:32:48,847 INFO c.h.h.t.HelmChartContainer - [hivemq-test-hivemq-platform] [hivemq-platform-operator] [1f650712] 18:32:48.846 [ReconcilerExecutor-hivemq-controller-110] DEBUG c.h.p.o.HiveMQPlatformReconciler - [helmupgr] StatefulSet Status (revision: test-hivemq-platform-77d44868f9, replicas: 1, available: 0, ready: 0, current: 1, updated: 1)
2025-01-30 18:32:48,847 INFO c.h.h.t.HelmChartContainer - [hivemq-test-hivemq-platform] [hivemq-platform-operator] [1f650712] 18:32:48.846 [ReconcilerExecutor-hivemq-controller-110] DEBUG c.h.p.o.HiveMQPlatformReconciler - [helmupgr] StatefulSet Spec (replicas: 1, init containers: 1, containers: 1, volumes: 3)
2025-01-30 18:32:48,911 INFO c.h.h.t.HelmChartContainer - [hivemq-test-hivemq-platform] [hivemq-platform-operator] [1f650712] 18:32:48.909 [ReconcilerExecutor-hivemq-controller-110] DEBUG c.h.p.o.h.HiveMQPlatformReconcilerErrorHandler - [helmupgr] Pod 'test-hivemq-platform-0' phase Running
2025-01-30 18:32:48,913 INFO c.h.h.t.HelmChartContainer - [hivemq-test-hivemq-platform] [hivemq-platform-operator] [1f650712] 18:32:48.910 [ReconcilerExecutor-hivemq-controller-110] INFO  c.h.p.o.h.HiveMQPlatformReconcilerBaseHandler - [helmupgr] HiveMQ Platform is starting, 0 of 1 replicas are ready
2025-01-30 18:32:48,914 INFO c.h.h.t.HelmChartContainer - [test-hivemq-platform] [hivemq] [131b9d9f] WARN  - [HiveMQ Platform Operator Init App 1.7.0-SNAPSHOT] Cannot connect to Health API for readiness: null
2025-01-30 18:32:48,922 INFO c.h.h.t.HelmChartContainer - [EVENT] Warning [Unhealthy] Readiness probe failed: HTTP probe failed with statuscode: 503 [helmupgradeplatformit:test-hivemq-platform-0]
2025-01-30 18:32:48,922 INFO c.h.h.t.HelmChartContainer - Received Unhealthy event for container hivemq in pod test-hivemq-platform-0 [131b9d9f-0c0c-4543-bfad-2ebb2132e632]
2025-01-30 18:32:53,819 INFO c.h.h.t.HelmChartContainer - [test-hivemq-platform] [hivemq] [131b9d9f] WARN  - [HiveMQ Platform Operator Init App 1.7.0-SNAPSHOT] Cannot connect to Health API for readiness: null
2025-01-30 18:32:53,825 INFO c.h.h.t.HelmChartContainer - [EVENT] Warning [Unhealthy] Readiness probe failed: HTTP probe failed with statuscode: 503 [helmupgradeplatformit:test-hivemq-platform-0]
2025-01-30 18:32:53,825 INFO c.h.h.t.HelmChartContainer - Received Unhealthy event for container hivemq in pod test-hivemq-platform-0 [131b9d9f-0c0c-4543-bfad-2ebb2132e632]
2025-01-30 18:32:58,822 INFO c.h.h.t.HelmChartContainer - [test-hivemq-platform] [hivemq] [131b9d9f] WARN  - [HiveMQ Platform Operator Init App 1.7.0-SNAPSHOT] Cannot connect to Health API for readiness: null
2025-01-30 18:32:58,826 INFO c.h.h.t.HelmChartContainer - [EVENT] Warning [Unhealthy] Readiness probe failed: HTTP probe failed with statuscode: 503 [helmupgradeplatformit:test-hivemq-platform-0]
2025-01-30 18:32:58,826 INFO c.h.h.t.HelmChartContainer - Received Unhealthy event for container hivemq in pod test-hivemq-platform-0 [131b9d9f-0c0c-4543-bfad-2ebb2132e632]
2025-01-30 18:32:58,919 INFO c.h.h.t.HelmChartContainer - [hivemq-test-hivemq-platform] [hivemq-platform-operator] [1f650712] 18:32:58.916 [pool-6-thread-35] DEBUG c.h.p.o.d.PlatformServiceResource - [helmupgr] Desired Platform services (3 services)
2025-01-30 18:32:58,919 INFO c.h.h.t.HelmChartContainer - [hivemq-test-hivemq-platform] [hivemq-platform-operator] [1f650712] 18:32:58.917 [pool-6-thread-36] DEBUG c.h.p.o.dependants.PodInfoConfigMap - [helmupgr] Desired PodInfo ConfigMap (1 extensions) (1 enabled)
2025-01-30 18:32:58,919 INFO c.h.h.t.HelmChartContainer - [hivemq-test-hivemq-platform] [hivemq-platform-operator] [1f650712] 18:32:58.917 [pool-6-thread-36] DEBUG c.h.p.o.dependants.PodInfoConfigMap - [helmupgr] Desired PodInfo ConfigMap (metrics port: 9399) (metrics path: /)
2025-01-30 18:32:58,919 INFO c.h.h.t.HelmChartContainer - [hivemq-test-hivemq-platform] [hivemq-platform-operator] [1f650712] 18:32:58.917 [pool-6-thread-36] DEBUG c.h.p.o.dependants.PodInfoConfigMap - [helmupgr] Desired PodInfo ConfigMap (extension state hash: -1817474005)
2025-01-30 18:32:58,921 INFO c.h.h.t.HelmChartContainer - [hivemq-test-hivemq-platform] [hivemq-platform-operator] [1f650712] 18:32:58.920 [pool-6-thread-39] DEBUG c.h.p.o.d.PodServiceAccountResource - [helmupgr] Desired PodServiceAccountResource (serviceAccountName: hivemq-platform-pod-test-hivemq-platform)
2025-01-30 18:32:58,934 INFO c.h.h.t.HelmChartContainer - [hivemq-test-hivemq-platform] [hivemq-platform-operator] [1f650712] 18:32:58.933 [pool-6-thread-39] DEBUG c.h.p.o.d.StatefulSetResource - [helmupgr] Desired StatefulSet (1 replicas) for status STARTING (READY)
2025-01-30 18:32:58,937 INFO c.h.h.t.HelmChartContainer - [hivemq-test-hivemq-platform] [hivemq-platform-operator] [1f650712] 18:32:58.936 [ReconcilerExecutor-hivemq-controller-111] INFO  c.h.p.o.HiveMQPlatformReconciler - [helmupgr] Reconciling HiveMQ Platform 'test-hivemq-platform' in namespace 'helmupgradeplatformit'
2025-01-30 18:32:58,937 INFO c.h.h.t.HelmChartContainer - [hivemq-test-hivemq-platform] [hivemq-platform-operator] [1f650712] 18:32:58.936 [ReconcilerExecutor-hivemq-controller-111] DEBUG c.h.p.o.HiveMQPlatformReconciler - [helmupgr] Custom Resource Status STARTING - HiveMQ Platform is starting (READY)
2025-01-30 18:32:58,938 INFO c.h.h.t.HelmChartContainer - [hivemq-test-hivemq-platform] [hivemq-platform-operator] [1f650712] 18:32:58.936 [ReconcilerExecutor-hivemq-controller-111] DEBUG c.h.p.o.HiveMQPlatformReconciler - [helmupgr] Custom Resource Spec (replicas: 1) (extensions: 1)
2025-01-30 18:32:59,011 INFO c.h.h.t.HelmChartContainer - [hivemq-test-hivemq-platform] [hivemq-platform-operator] [1f650712] 18:32:59.009 [ReconcilerExecutor-hivemq-controller-111] DEBUG c.h.p.o.HiveMQPlatformReconciler - [helmupgr] StatefulSet Status (revision: test-hivemq-platform-77d44868f9, replicas: 1, available: 0, ready: 0, current: 1, updated: 1)
2025-01-30 18:32:59,011 INFO c.h.h.t.HelmChartContainer - [hivemq-test-hivemq-platform] [hivemq-platform-operator] [1f650712] 18:32:59.009 [ReconcilerExecutor-hivemq-controller-111] DEBUG c.h.p.o.HiveMQPlatformReconciler - [helmupgr] StatefulSet Spec (replicas: 1, init containers: 1, containers: 1, volumes: 3)
2025-01-30 18:32:59,015 INFO c.h.h.t.HelmChartContainer - [hivemq-test-hivemq-platform] [hivemq-platform-operator] [1f650712] 18:32:59.014 [ReconcilerExecutor-hivemq-controller-111] DEBUG c.h.p.o.h.HiveMQPlatformReconcilerErrorHandler - [helmupgr] Pod 'test-hivemq-platform-0' phase Running
2025-01-30 18:32:59,016 INFO c.h.h.t.HelmChartContainer - [hivemq-test-hivemq-platform] [hivemq-platform-operator] [1f650712] 18:32:59.015 [ReconcilerExecutor-hivemq-controller-111] INFO  c.h.p.o.h.HiveMQPlatformReconcilerBaseHandler - [helmupgr] HiveMQ Platform is starting, 0 of 1 replicas are ready
2025-01-30 18:32:59,613 INFO c.h.h.t.HelmChartContainer - [test-hivemq-platform] [hivemq] [131b9d9f] WARN  - [HiveMQ Platform Operator Init App 1.7.0-SNAPSHOT] Cannot connect to Health API for liveness: null
2025-01-30 18:32:59,614 INFO c.h.h.t.HelmChartContainer - [test-hivemq-platform] [hivemq] [131b9d9f] INFO  - [HiveMQ Platform Operator Init App 1.7.0-SNAPSHOT] Returning default Health API response 200 for liveness
2025-01-30 18:33:01,124 INFO c.h.h.t.HelmChartContainer - [test-hivemq-platform] [hivemq] [131b9d9f] INFO  - No valid license file found. Using trial license, restricted to 25 connections.
2025-01-30 18:33:03,822 INFO c.h.h.t.HelmChartContainer - [test-hivemq-platform] [hivemq] [131b9d9f] WARN  - [HiveMQ Platform Operator Init App 1.7.0-SNAPSHOT] Cannot connect to Health API for readiness: null
2025-01-30 18:33:03,826 INFO c.h.h.t.HelmChartContainer - [EVENT] Warning [Unhealthy] Readiness probe failed: HTTP probe failed with statuscode: 503 [helmupgradeplatformit:test-hivemq-platform-0]
2025-01-30 18:33:03,826 INFO c.h.h.t.HelmChartContainer - Received Unhealthy event for container hivemq in pod test-hivemq-platform-0 [131b9d9f-0c0c-4543-bfad-2ebb2132e632]
2025-01-30 18:33:04,113 INFO c.h.h.t.HelmChartContainer - [test-hivemq-platform] [hivemq] [131b9d9f] INFO  - No valid license file for Data Hub found. Using free license, restricted to 1 policy.
2025-01-30 18:33:05,229 INFO c.h.h.t.HelmChartContainer - [test-hivemq-platform] [hivemq] [131b9d9f] INFO  - Audit Logger started.
2025-01-30 18:33:05,548 INFO c.h.h.t.HelmChartContainer - [test-hivemq-platform] [hivemq] [131b9d9f] INFO  - This node uses '1' CPU cores.
2025-01-30 18:33:05,614 INFO c.h.h.t.HelmChartContainer - [test-hivemq-platform] [hivemq] [131b9d9f] INFO  - Starting HiveMQ Health API on address 0.0.0.0 and port 8889
2025-01-30 18:33:06,321 INFO c.h.h.t.HelmChartContainer - [test-hivemq-platform] [hivemq] [131b9d9f] INFO  - Started HiveMQ Health API in 707ms
2025-01-30 18:33:06,917 INFO c.h.h.t.HelmChartContainer - [test-hivemq-platform] [hivemq] [131b9d9f] INFO  - Starting HiveMQ extension system.
2025-01-30 18:33:07,118 INFO c.h.h.t.HelmChartContainer - [test-hivemq-platform] [hivemq] [131b9d9f] INFO  - Starting extension with id "hivemq-dns-cluster-discovery" at /opt/hivemq/extensions/hivemq-dns-cluster-discovery
2025-01-30 18:33:07,521 INFO c.h.h.t.HelmChartContainer - [test-hivemq-platform] [hivemq] [131b9d9f] INFO  - Extension "DNS Cluster Discovery Extension" version 4.3.2 started successfully.
2025-01-30 18:33:07,521 INFO c.h.h.t.HelmChartContainer - [test-hivemq-platform] [hivemq] [131b9d9f] INFO  - Starting extension with id "hivemq-prometheus-extension" at /opt/hivemq/extensions/hivemq-prometheus-extension
2025-01-30 18:33:07,713 INFO c.h.h.t.HelmChartContainer - [test-hivemq-platform] [hivemq] [131b9d9f] INFO  - Using TCP cluster transport on address 10.42.0.10 and port 7000
2025-01-30 18:33:07,720 INFO c.h.h.t.HelmChartContainer - [test-hivemq-platform] [hivemq] [131b9d9f] INFO  - Using extension cluster discovery
2025-01-30 18:33:08,513 INFO c.h.h.t.HelmChartContainer - [test-hivemq-platform] [hivemq] [131b9d9f] INFO  - Started Jetty Server exposing Prometheus Servlet on URI http://0.0.0.0:9399/
2025-01-30 18:33:08,514 INFO c.h.h.t.HelmChartContainer - [test-hivemq-platform] [hivemq] [131b9d9f] INFO  - Extension "Prometheus Monitoring Extension" version 4.0.12 started successfully.
2025-01-30 18:33:08,514 INFO c.h.h.t.HelmChartContainer - [test-hivemq-platform] [hivemq] [131b9d9f] INFO  - Starting extension with id "hivemq-allow-all-extension" at /opt/hivemq/extensions/hivemq-allow-all-extension
2025-01-30 18:33:08,514 INFO c.h.h.t.HelmChartContainer - [test-hivemq-platform] [hivemq] [131b9d9f] WARN  - 
2025-01-30 18:33:08,514 INFO c.h.h.t.HelmChartContainer - [test-hivemq-platform] [hivemq] [131b9d9f] ################################################################################################################
2025-01-30 18:33:08,514 INFO c.h.h.t.HelmChartContainer - [test-hivemq-platform] [hivemq] [131b9d9f] # This HiveMQ deployment is not secure! You are lacking Authentication and Authorization.                      #
2025-01-30 18:33:08,514 INFO c.h.h.t.HelmChartContainer - [test-hivemq-platform] [hivemq] [131b9d9f] # Right now any MQTT client can connect to the broker with a full set of permissions.                          #
2025-01-30 18:33:08,514 INFO c.h.h.t.HelmChartContainer - [test-hivemq-platform] [hivemq] [131b9d9f] # For production usage, add an appropriate security extension and remove the hivemq-allow-all extension.       #
2025-01-30 18:33:08,514 INFO c.h.h.t.HelmChartContainer - [test-hivemq-platform] [hivemq] [131b9d9f] # You can download security extensions from the HiveMQ Marketplace (https://www.hivemq.com/extensions/).       #
2025-01-30 18:33:08,514 INFO c.h.h.t.HelmChartContainer - [test-hivemq-platform] [hivemq] [131b9d9f] ################################################################################################################
2025-01-30 18:33:08,514 INFO c.h.h.t.HelmChartContainer - [test-hivemq-platform] [hivemq] [131b9d9f] INFO  - Extension "Allow All Extension" version 1.1.1 started successfully.
2025-01-30 18:33:09,024 INFO c.h.h.t.HelmChartContainer - [hivemq-test-hivemq-platform] [hivemq-platform-operator] [1f650712] 18:33:09.020 [pool-6-thread-46] DEBUG c.h.p.o.d.PlatformServiceResource - [helmupgr] Desired Platform services (3 services)
2025-01-30 18:33:09,025 INFO c.h.h.t.HelmChartContainer - [hivemq-test-hivemq-platform] [hivemq-platform-operator] [1f650712] 18:33:09.020 [pool-6-thread-42] DEBUG c.h.p.o.dependants.PodInfoConfigMap - [helmupgr] Desired PodInfo ConfigMap (1 extensions) (1 enabled)
2025-01-30 18:33:09,025 INFO c.h.h.t.HelmChartContainer - [hivemq-test-hivemq-platform] [hivemq-platform-operator] [1f650712] 18:33:09.020 [pool-6-thread-42] DEBUG c.h.p.o.dependants.PodInfoConfigMap - [helmupgr] Desired PodInfo ConfigMap (metrics port: 9399) (metrics path: /)
2025-01-30 18:33:09,025 INFO c.h.h.t.HelmChartContainer - [hivemq-test-hivemq-platform] [hivemq-platform-operator] [1f650712] 18:33:09.020 [pool-6-thread-42] DEBUG c.h.p.o.dependants.PodInfoConfigMap - [helmupgr] Desired PodInfo ConfigMap (extension state hash: -1817474005)
2025-01-30 18:33:09,025 INFO c.h.h.t.HelmChartContainer - [hivemq-test-hivemq-platform] [hivemq-platform-operator] [1f650712] 18:33:09.022 [pool-6-thread-48] DEBUG c.h.p.o.d.PodServiceAccountResource - [helmupgr] Desired PodServiceAccountResource (serviceAccountName: hivemq-platform-pod-test-hivemq-platform)
2025-01-30 18:33:09,030 INFO c.h.h.t.HelmChartContainer - [hivemq-test-hivemq-platform] [hivemq-platform-operator] [1f650712] 18:33:09.028 [pool-6-thread-46] DEBUG c.h.p.o.d.StatefulSetResource - [helmupgr] Desired StatefulSet (1 replicas) for status STARTING (READY)
2025-01-30 18:33:09,041 INFO c.h.h.t.HelmChartContainer - [hivemq-test-hivemq-platform] [hivemq-platform-operator] [1f650712] 18:33:09.040 [ReconcilerExecutor-hivemq-controller-112] INFO  c.h.p.o.HiveMQPlatformReconciler - [helmupgr] Reconciling HiveMQ Platform 'test-hivemq-platform' in namespace 'helmupgradeplatformit'
2025-01-30 18:33:09,042 INFO c.h.h.t.HelmChartContainer - [hivemq-test-hivemq-platform] [hivemq-platform-operator] [1f650712] 18:33:09.040 [ReconcilerExecutor-hivemq-controller-112] DEBUG c.h.p.o.HiveMQPlatformReconciler - [helmupgr] Custom Resource Status STARTING - HiveMQ Platform is starting (READY)
2025-01-30 18:33:09,042 INFO c.h.h.t.HelmChartContainer - [hivemq-test-hivemq-platform] [hivemq-platform-operator] [1f650712] 18:33:09.041 [ReconcilerExecutor-hivemq-controller-112] DEBUG c.h.p.o.HiveMQPlatformReconciler - [helmupgr] Custom Resource Spec (replicas: 1) (extensions: 1)
2025-01-30 18:33:09,112 INFO c.h.h.t.HelmChartContainer - [hivemq-test-hivemq-platform] [hivemq-platform-operator] [1f650712] 18:33:09.110 [ReconcilerExecutor-hivemq-controller-112] DEBUG c.h.p.o.HiveMQPlatformReconciler - [helmupgr] StatefulSet Status (revision: test-hivemq-platform-77d44868f9, replicas: 1, available: 0, ready: 0, current: 1, updated: 1)
2025-01-30 18:33:09,112 INFO c.h.h.t.HelmChartContainer - [hivemq-test-hivemq-platform] [hivemq-platform-operator] [1f650712] 18:33:09.110 [ReconcilerExecutor-hivemq-controller-112] DEBUG c.h.p.o.HiveMQPlatformReconciler - [helmupgr] StatefulSet Spec (replicas: 1, init containers: 1, containers: 1, volumes: 3)
2025-01-30 18:33:09,119 INFO c.h.h.t.HelmChartContainer - [hivemq-test-hivemq-platform] [hivemq-platform-operator] [1f650712] 18:33:09.118 [ReconcilerExecutor-hivemq-controller-112] DEBUG c.h.p.o.h.HiveMQPlatformReconcilerErrorHandler - [helmupgr] Pod 'test-hivemq-platform-0' phase Running
2025-01-30 18:33:09,121 INFO c.h.h.t.HelmChartContainer - [hivemq-test-hivemq-platform] [hivemq-platform-operator] [1f650712] 18:33:09.120 [ReconcilerExecutor-hivemq-controller-112] INFO  c.h.p.o.h.HiveMQPlatformReconcilerBaseHandler - [helmupgr] HiveMQ Platform is starting, 0 of 1 replicas are ready
2025-01-30 18:33:09,325 INFO c.h.h.t.HelmChartContainer - [test-hivemq-platform] [hivemq] [131b9d9f] INFO  - [HiveMQ Platform Operator Init App 1.7.0-SNAPSHOT] Returning Health API response 503 for readiness
2025-01-30 18:33:09,329 INFO c.h.h.t.HelmChartContainer - [EVENT] Warning [Unhealthy] Readiness probe failed: HTTP probe failed with statuscode: 503 [helmupgradeplatformit:test-hivemq-platform-0]
2025-01-30 18:33:09,329 INFO c.h.h.t.HelmChartContainer - Received Unhealthy event for container hivemq in pod test-hivemq-platform-0 [131b9d9f-0c0c-4543-bfad-2ebb2132e632]
2025-01-30 18:33:10,525 INFO c.h.h.t.HelmChartContainer - [test-hivemq-platform] [hivemq] [131b9d9f] INFO  - RIjoO: no members discovered after 2209 ms: creating cluster as first member
2025-01-30 18:33:10,531 INFO c.h.h.t.HelmChartContainer - [test-hivemq-platform] [hivemq] [131b9d9f] INFO  - Cluster nodes found by discovery: [RIjoO|0] (1) [RIjoO].
2025-01-30 18:33:10,614 INFO c.h.h.t.HelmChartContainer - [test-hivemq-platform] [hivemq] [131b9d9f] WARN  - No user for HiveMQ Control Center configured. Starting with default user
2025-01-30 18:33:10,614 INFO c.h.h.t.HelmChartContainer - [test-hivemq-platform] [hivemq] [131b9d9f] INFO  - Starting HiveMQ Control Center on address 0.0.0.0 and port 8080
2025-01-30 18:33:10,617 INFO c.h.h.t.HelmChartContainer - [test-hivemq-platform] [hivemq] [131b9d9f] INFO  - Mounting HiveMQ Control Center V2 Preview
2025-01-30 18:33:11,126 INFO c.h.h.t.HelmChartContainer - [test-hivemq-platform] [hivemq] [131b9d9f] INFO  - Started HiveMQ Control Center in 512ms
2025-01-30 18:33:11,218 INFO c.h.h.t.HelmChartContainer - [test-hivemq-platform] [hivemq] [131b9d9f] INFO  - Starting TCP listener on address 0.0.0.0 and port 1883
2025-01-30 18:33:11,311 INFO c.h.h.t.HelmChartContainer - [test-hivemq-platform] [hivemq] [131b9d9f] INFO  - Started TCP Listener on address 0.0.0.0 and on port 1883.
2025-01-30 18:33:11,312 INFO c.h.h.t.HelmChartContainer - [test-hivemq-platform] [hivemq] [131b9d9f] INFO  - Started HiveMQ in 30397ms
2025-01-30 18:33:13,820 INFO c.h.h.t.HelmChartContainer - [test-hivemq-platform] [hivemq] [131b9d9f] INFO  - [HiveMQ Platform Operator Init App 1.7.0-SNAPSHOT] Returning Health API response 200 for readiness
2025-01-30 18:33:13,830 INFO c.h.h.t.HelmChartContainer - [POD] test-hivemq-platform-0 [131b9d9f-0c0c-4543-bfad-2ebb2132e632] in helmupgradeplatformit was MODIFIED
2025-01-30 18:33:13,837 INFO c.h.h.t.HelmChartContainer - [hivemq-test-hivemq-platform] [hivemq-platform-operator] [1f650712] 18:33:13.836 [pool-6-thread-4] DEBUG c.h.p.o.d.PlatformServiceResource - [helmupgr] Desired Platform services (3 services)
2025-01-30 18:33:13,840 INFO c.h.h.t.HelmChartContainer - [hivemq-test-hivemq-platform] [hivemq-platform-operator] [1f650712] 18:33:13.837 [pool-6-thread-1] DEBUG c.h.p.o.dependants.PodInfoConfigMap - [helmupgr] Desired PodInfo ConfigMap (1 extensions) (1 enabled)
2025-01-30 18:33:13,851 INFO c.h.h.t.HelmChartContainer - [hivemq-test-hivemq-platform] [hivemq-platform-operator] [1f650712] 18:33:13.844 [pool-6-thread-1] DEBUG c.h.p.o.dependants.PodInfoConfigMap - [helmupgr] Desired PodInfo ConfigMap (metrics port: 9399) (metrics path: /)
2025-01-30 18:33:13,852 INFO c.h.h.t.HelmChartContainer - [hivemq-test-hivemq-platform] [hivemq-platform-operator] [1f650712] 18:33:13.844 [pool-6-thread-1] DEBUG c.h.p.o.dependants.PodInfoConfigMap - [helmupgr] Desired PodInfo ConfigMap (extension state hash: -1817474005)
2025-01-30 18:33:13,852 INFO c.h.h.t.HelmChartContainer - [hivemq-test-hivemq-platform] [hivemq-platform-operator] [1f650712] 18:33:13.847 [pool-6-thread-1] DEBUG c.h.p.o.d.StatefulSetResource - [helmupgr] Desired StatefulSet (1 replicas) for status STARTING (READY)
2025-01-30 18:33:13,852 INFO c.h.h.t.HelmChartContainer - [hivemq-test-hivemq-platform] [hivemq-platform-operator] [1f650712] 18:33:13.841 [pool-6-thread-9] DEBUG c.h.p.o.d.PodServiceAccountResource - [helmupgr] Desired PodServiceAccountResource (serviceAccountName: hivemq-platform-pod-test-hivemq-platform)
2025-01-30 18:33:13,912 INFO c.h.h.t.HelmChartContainer - [hivemq-test-hivemq-platform] [hivemq-platform-operator] [1f650712] 18:33:13.910 [ReconcilerExecutor-hivemq-controller-113] INFO  c.h.p.o.HiveMQPlatformReconciler - [helmupgr] Reconciling HiveMQ Platform 'test-hivemq-platform' in namespace 'helmupgradeplatformit'
2025-01-30 18:33:13,912 INFO c.h.h.t.HelmChartContainer - [hivemq-test-hivemq-platform] [hivemq-platform-operator] [1f650712] 18:33:13.910 [ReconcilerExecutor-hivemq-controller-113] DEBUG c.h.p.o.HiveMQPlatformReconciler - [helmupgr] Custom Resource Status STARTING - HiveMQ Platform is starting (READY)
2025-01-30 18:33:13,912 INFO c.h.h.t.HelmChartContainer - [hivemq-test-hivemq-platform] [hivemq-platform-operator] [1f650712] 18:33:13.910 [ReconcilerExecutor-hivemq-controller-113] DEBUG c.h.p.o.HiveMQPlatformReconciler - [helmupgr] Custom Resource Spec (replicas: 1) (extensions: 1)
2025-01-30 18:33:13,913 INFO c.h.h.t.HelmChartContainer - [hivemq-test-hivemq-platform] [hivemq-platform-operator] [1f650712] 18:33:13.912 [ReconcilerExecutor-hivemq-controller-113] DEBUG c.h.p.o.HiveMQPlatformReconciler - [helmupgr] StatefulSet Status (revision: test-hivemq-platform-77d44868f9, replicas: 1, available: 1, ready: 1, current: 1, updated: 1)
2025-01-30 18:33:13,914 INFO c.h.h.t.HelmChartContainer - [hivemq-test-hivemq-platform] [hivemq-platform-operator] [1f650712] 18:33:13.912 [ReconcilerExecutor-hivemq-controller-113] DEBUG c.h.p.o.HiveMQPlatformReconciler - [helmupgr] StatefulSet Spec (replicas: 1, init containers: 1, containers: 1, volumes: 3)
2025-01-30 18:33:13,914 INFO c.h.h.t.HelmChartContainer - [hivemq-test-hivemq-platform] [hivemq-platform-operator] [1f650712] 18:33:13.913 [ReconcilerExecutor-hivemq-controller-113] DEBUG c.h.p.o.h.HiveMQPlatformReconcilerErrorHandler - [helmupgr] Pod 'test-hivemq-platform-0' phase Running
2025-01-30 18:33:13,914 INFO c.h.h.t.HelmChartContainer - [hivemq-test-hivemq-platform] [hivemq-platform-operator] [1f650712] 18:33:13.914 [ReconcilerExecutor-hivemq-controller-113] INFO  c.h.p.o.h.HiveMQPlatformReconcilerBaseHandler - [helmupgr] HiveMQ Platform started successfully
2025-01-30 18:33:13,949 INFO c.h.h.t.HelmChartContainer - [hivemq-test-hivemq-platform] [hivemq-platform-operator] [1f650712] 18:33:13.948 [ReconcilerExecutor-hivemq-controller-113] DEBUG c.h.p.operator.event.EventSender - [helmupgr] Creating K8s event hivemq-platform-ready: [Ready] HiveMQ Platform is ready
2025-01-30 18:33:13,952 INFO c.h.h.t.HelmChartContainer - [EVENT] Normal [Ready] HiveMQ Platform is ready [helmupgradeplatformit:test-hivemq-platform]
2025-01-30 18:33:14,011 INFO c.h.h.t.HelmChartContainer - [hivemq-test-hivemq-platform] [hivemq-platform-operator] [1f650712] 18:33:14.010 [ReconcilerExecutor-hivemq-controller-113] INFO  c.h.p.o.h.AbstractHiveMQReconcilerStateHandler - [helmupgr] Update HiveMQ Platform Status (STARTING [READY] -> RUNNING [READY]): HiveMQ Platform is ready
2025-01-30 18:33:14,018 DEBUG com.hivemq.helmcharts.util.K8sUtil - Comparing actual state 'RUNNING' and waiting for 'RUNNING'
2025-01-30 18:33:14,026 DEBUG c.h.h.platform.HelmUpgradePlatformIT - Platform ready
2025-01-30 18:33:14,040 INFO c.h.h.t.HelmChartContainer - [hivemq-test-hivemq-platform] [hivemq-platform-operator] [1f650712] 18:33:14.036 [pool-6-thread-11] DEBUG c.h.p.o.d.PlatformServiceResource - [helmupgr] Desired Platform services (3 services)
2025-01-30 18:33:14,040 INFO c.h.h.t.HelmChartContainer - [hivemq-test-hivemq-platform] [hivemq-platform-operator] [1f650712] 18:33:14.038 [pool-6-thread-19] DEBUG c.h.p.o.d.PodServiceAccountResource - [helmupgr] Desired PodServiceAccountResource (serviceAccountName: hivemq-platform-pod-test-hivemq-platform)
2025-01-30 18:33:14,044 INFO c.h.h.t.HelmChartContainer - [hivemq-test-hivemq-platform] [hivemq-platform-operator] [1f650712] 18:33:14.043 [pool-6-thread-14] DEBUG c.h.p.o.dependants.PodInfoConfigMap - [helmupgr] Desired PodInfo ConfigMap (1 extensions) (1 enabled)
2025-01-30 18:33:14,045 INFO c.h.h.t.HelmChartContainer - [hivemq-test-hivemq-platform] [hivemq-platform-operator] [1f650712] 18:33:14.043 [pool-6-thread-14] DEBUG c.h.p.o.dependants.PodInfoConfigMap - [helmupgr] Desired PodInfo ConfigMap (metrics port: 9399) (metrics path: /)
2025-01-30 18:33:14,045 INFO c.h.h.t.HelmChartContainer - [hivemq-test-hivemq-platform] [hivemq-platform-operator] [1f650712] 18:33:14.043 [pool-6-thread-14] DEBUG c.h.p.o.dependants.PodInfoConfigMap - [helmupgr] Desired PodInfo ConfigMap (extension state hash: -1817474005)
2025-01-30 18:33:14,094 DEBUG c.h.h.t.HelmChartContainer - Executing helm command: /bin/helm --kubeconfig /etc/rancher/k3s/k3s.yaml upgrade test-hivemq-platform /charts/hivemq-platform --wait --timeout 5m0s --set image.repository=docker.io/hivemq --set image.tag=4.36.0 --set image.pullPolicy=Never --set nodes.resources.cpu=512m --set nodes.replicaCount=2 --namespace helmupgradeplatformit
2025-01-30 18:33:14,111 INFO c.h.h.t.HelmChartContainer - [hivemq-test-hivemq-platform] [hivemq-platform-operator] [1f650712] 18:33:14.109 [pool-6-thread-14] DEBUG c.h.p.o.dependants.PodInfoConfigMap - [helmupgr] Update PodInfo ConfigMap
2025-01-30 18:33:14,142 INFO c.h.h.t.HelmChartContainer - [hivemq-test-hivemq-platform] [hivemq-platform-operator] [1f650712] 18:33:14.141 [pool-6-thread-14] DEBUG c.h.p.o.d.StatefulSetResource - [helmupgr] Desired StatefulSet (1 replicas) for status RUNNING (READY)
2025-01-30 18:33:14,147 INFO c.h.h.t.HelmChartContainer - [hivemq-test-hivemq-platform] [hivemq-platform-operator] [1f650712] 18:33:14.147 [ReconcilerExecutor-hivemq-controller-114] INFO  c.h.p.o.HiveMQPlatformReconciler - [helmupgr] Reconciling HiveMQ Platform 'test-hivemq-platform' in namespace 'helmupgradeplatformit'
2025-01-30 18:33:14,148 INFO c.h.h.t.HelmChartContainer - [hivemq-test-hivemq-platform] [hivemq-platform-operator] [1f650712] 18:33:14.147 [ReconcilerExecutor-hivemq-controller-114] DEBUG c.h.p.o.HiveMQPlatformReconciler - [helmupgr] Custom Resource Status RUNNING - HiveMQ Platform is ready (READY)
2025-01-30 18:33:14,149 INFO c.h.h.t.HelmChartContainer - [hivemq-test-hivemq-platform] [hivemq-platform-operator] [1f650712] 18:33:14.147 [ReconcilerExecutor-hivemq-controller-114] DEBUG c.h.p.o.HiveMQPlatformReconciler - [helmupgr] Custom Resource Spec (replicas: 1) (extensions: 1)
2025-01-30 18:33:14,150 INFO c.h.h.t.HelmChartContainer - [hivemq-test-hivemq-platform] [hivemq-platform-operator] [1f650712] 18:33:14.149 [ReconcilerExecutor-hivemq-controller-114] DEBUG c.h.p.o.HiveMQPlatformReconciler - [helmupgr] StatefulSet Status (revision: test-hivemq-platform-77d44868f9, replicas: 1, available: 1, ready: 1, current: 1, updated: 1)
2025-01-30 18:33:14,150 INFO c.h.h.t.HelmChartContainer - [hivemq-test-hivemq-platform] [hivemq-platform-operator] [1f650712] 18:33:14.149 [ReconcilerExecutor-hivemq-controller-114] DEBUG c.h.p.o.HiveMQPlatformReconciler - [helmupgr] StatefulSet Spec (replicas: 1, init containers: 1, containers: 1, volumes: 3)
2025-01-30 18:33:14,212 INFO c.h.h.t.HelmChartContainer - [hivemq-test-hivemq-platform] [hivemq-platform-operator] [1f650712] 18:33:14.209 [ReconcilerExecutor-hivemq-controller-114] DEBUG c.h.p.o.h.HiveMQPlatformReconcilerErrorHandler - [helmupgr] Pod 'test-hivemq-platform-0' phase Running
2025-01-30 18:33:14,439 INFO c.h.h.t.HelmChartContainer - [hivemq-test-hivemq-platform] [hivemq-platform-operator] [1f650712] 18:33:14.436 [pool-6-thread-29] DEBUG c.h.p.o.dependants.PodInfoConfigMap - [helmupgr] Desired PodInfo ConfigMap (1 extensions) (1 enabled)
2025-01-30 18:33:14,439 INFO c.h.h.t.HelmChartContainer - [hivemq-test-hivemq-platform] [hivemq-platform-operator] [1f650712] 18:33:14.436 [pool-6-thread-29] DEBUG c.h.p.o.dependants.PodInfoConfigMap - [helmupgr] Desired PodInfo ConfigMap (metrics port: 9399) (metrics path: /)
2025-01-30 18:33:14,439 INFO c.h.h.t.HelmChartContainer - [hivemq-test-hivemq-platform] [hivemq-platform-operator] [1f650712] 18:33:14.436 [pool-6-thread-29] DEBUG c.h.p.o.dependants.PodInfoConfigMap - [helmupgr] Desired PodInfo ConfigMap (extension state hash: -1817474005)
2025-01-30 18:33:14,439 INFO c.h.h.t.HelmChartContainer - [hivemq-test-hivemq-platform] [hivemq-platform-operator] [1f650712] 18:33:14.436 [pool-6-thread-29] DEBUG c.h.p.o.dependants.PodInfoConfigMap - [helmupgr] Update PodInfo ConfigMap
2025-01-30 18:33:14,439 INFO c.h.h.t.HelmChartContainer - [hivemq-test-hivemq-platform] [hivemq-platform-operator] [1f650712] 18:33:14.437 [pool-6-thread-28] DEBUG c.h.p.o.d.PodServiceAccountResource - [helmupgr] Desired PodServiceAccountResource (serviceAccountName: hivemq-platform-pod-test-hivemq-platform)
2025-01-30 18:33:14,441 INFO c.h.h.t.HelmChartContainer - [hivemq-test-hivemq-platform] [hivemq-platform-operator] [1f650712] 18:33:14.438 [pool-6-thread-27] DEBUG c.h.p.o.d.PlatformServiceResource - [helmupgr] Desired Platform services (3 services)
2025-01-30 18:33:14,515 INFO c.h.h.t.HelmChartContainer - [hivemq-test-hivemq-platform] [hivemq-platform-operator] [1f650712] 18:33:14.510 [pool-6-thread-29] DEBUG c.h.p.o.d.StatefulSetResource - [helmupgr] Desired StatefulSet (2 replicas) for status RUNNING (READY)
2025-01-30 18:33:14,517 INFO c.h.h.t.HelmChartContainer - [hivemq-test-hivemq-platform] [hivemq-platform-operator] [1f650712] 18:33:14.514 [pool-6-thread-29] DEBUG c.h.p.o.d.StatefulSetResource - [helmupgr] Update StatefulSet (replicas: 1 -> 2)
2025-01-30 18:33:14,541 INFO c.h.h.t.HelmChartContainer - [hivemq-test-hivemq-platform] [hivemq-platform-operator] [1f650712] 18:33:14.540 [pool-6-thread-29] INFO  c.h.p.o.d.StatefulSetResource - [helmupgr] Replica count was updated, triggering scaling
2025-01-30 18:33:14,605 DEBUG com.hivemq.helmcharts.util.K8sUtil - Comparing actual state 'RUNNING' and waiting for 'SCALING'
2025-01-30 18:33:14,631 INFO c.h.h.t.HelmChartContainer - [POD] test-hivemq-platform-1 [4793bd67-727b-4e38-866f-eaaf37fe8b38] in helmupgradeplatformit was ADDED
2025-01-30 18:33:14,638 INFO c.h.h.t.HelmChartContainer - [EVENT] Normal [SuccessfulCreate] create Pod test-hivemq-platform-1 in StatefulSet test-hivemq-platform successful [helmupgradeplatformit:test-hivemq-platform]
2025-01-30 18:33:14,641 INFO c.h.h.t.HelmChartContainer - [POD] test-hivemq-platform-1 [4793bd67-727b-4e38-866f-eaaf37fe8b38] in helmupgradeplatformit was MODIFIED
2025-01-30 18:33:14,648 INFO c.h.h.t.HelmChartContainer - [hivemq-test-hivemq-platform] [hivemq-platform-operator] [1f650712] 18:33:14.643 [ReconcilerExecutor-hivemq-controller-115] INFO  c.h.p.o.HiveMQPlatformReconciler - [helmupgr] Reconciling HiveMQ Platform 'test-hivemq-platform' in namespace 'helmupgradeplatformit'
2025-01-30 18:33:14,648 INFO c.h.h.t.HelmChartContainer - [hivemq-test-hivemq-platform] [hivemq-platform-operator] [1f650712] 18:33:14.643 [ReconcilerExecutor-hivemq-controller-115] DEBUG c.h.p.o.HiveMQPlatformReconciler - [helmupgr] Custom Resource Status RUNNING - HiveMQ Platform is ready (READY) (reconciliation requests: REQUESTS_UPDATED, SCALING)
2025-01-30 18:33:14,648 INFO c.h.h.t.HelmChartContainer - [hivemq-test-hivemq-platform] [hivemq-platform-operator] [1f650712] 18:33:14.643 [ReconcilerExecutor-hivemq-controller-115] DEBUG c.h.p.o.HiveMQPlatformReconciler - [helmupgr] Custom Resource Spec (replicas: 2) (extensions: 1)
2025-01-30 18:33:14,650 INFO c.h.h.t.HelmChartContainer - [hivemq-test-hivemq-platform] [hivemq-platform-operator] [1f650712] 18:33:14.647 [ReconcilerExecutor-hivemq-controller-115] DEBUG c.h.p.o.HiveMQPlatformReconciler - [helmupgr] StatefulSet Status (revision: test-hivemq-platform-77d44868f9, replicas: 1, available: 1, ready: 1, current: 1, updated: 1)
2025-01-30 18:33:14,650 INFO c.h.h.t.HelmChartContainer - [hivemq-test-hivemq-platform] [hivemq-platform-operator] [1f650712] 18:33:14.647 [ReconcilerExecutor-hivemq-controller-115] DEBUG c.h.p.o.HiveMQPlatformReconciler - [helmupgr] StatefulSet Spec (replicas: 2, init containers: 1, containers: 1, volumes: 3)
2025-01-30 18:33:14,652 INFO c.h.h.t.HelmChartContainer - [EVENT] Normal [Scheduled] Successfully assigned helmupgradeplatformit/test-hivemq-platform-1 to 3c34a29122cc [helmupgradeplatformit:test-hivemq-platform-1]
2025-01-30 18:33:14,654 INFO c.h.h.t.HelmChartContainer - [hivemq-test-hivemq-platform] [hivemq-platform-operator] [1f650712] 18:33:14.650 [ReconcilerExecutor-hivemq-controller-115] DEBUG c.h.p.o.h.HiveMQPlatformReconcilerErrorHandler - [helmupgr] Pod 'test-hivemq-platform-1' phase Pending
2025-01-30 18:33:14,654 INFO c.h.h.t.HelmChartContainer - [hivemq-test-hivemq-platform] [hivemq-platform-operator] [1f650712] 18:33:14.652 [ReconcilerExecutor-hivemq-controller-115] DEBUG c.h.p.o.h.HiveMQPlatformReconcilerErrorHandler - [helmupgr] Pod 'test-hivemq-platform-0' phase Running
2025-01-30 18:33:14,666 INFO c.h.h.t.HelmChartContainer - [POD] test-hivemq-platform-1 [4793bd67-727b-4e38-866f-eaaf37fe8b38] in helmupgradeplatformit was MODIFIED
2025-01-30 18:33:14,714 INFO c.h.h.t.HelmChartContainer - [hivemq-test-hivemq-platform] [hivemq-platform-operator] [1f650712] 18:33:14.711 [ReconcilerExecutor-hivemq-controller-115] INFO  c.h.p.o.h.HiveMQPlatformReconcilerBaseHandler - [helmupgr] HiveMQ Platform will scale to 2 replicas
2025-01-30 18:33:14,760 INFO c.h.h.t.HelmChartContainer - [K3S] [reconciler_common.go:251] "operationExecutor.VerifyControllerAttachedVolume started for volume \"pod-info\" (UniqueName: \"kubernetes.io/configmap/4793bd67-727b-4e38-866f-eaaf37fe8b38-pod-info\") pod \"test-hivemq-platform-1\" (UID: \"4793bd67-727b-4e38-866f-eaaf37fe8b38\") " pod="helmupgradeplatformit/test-hivemq-platform-1"
2025-01-30 18:33:14,760 INFO c.h.h.t.HelmChartContainer - [K3S] [reconciler_common.go:251] "operationExecutor.VerifyControllerAttachedVolume started for volume \"broker-configuration\" (UniqueName: \"kubernetes.io/configmap/4793bd67-727b-4e38-866f-eaaf37fe8b38-broker-configuration\") pod \"test-hivemq-platform-1\" (UID: \"4793bd67-727b-4e38-866f-eaaf37fe8b38\") " pod="helmupgradeplatformit/test-hivemq-platform-1"
2025-01-30 18:33:14,760 INFO c.h.h.t.HelmChartContainer - [K3S] [reconciler_common.go:251] "operationExecutor.VerifyControllerAttachedVolume started for volume \"kube-api-access-h9djs\" (UniqueName: \"kubernetes.io/projected/4793bd67-727b-4e38-866f-eaaf37fe8b38-kube-api-access-h9djs\") pod \"test-hivemq-platform-1\" (UID: \"4793bd67-727b-4e38-866f-eaaf37fe8b38\") " pod="helmupgradeplatformit/test-hivemq-platform-1"
2025-01-30 18:33:14,760 INFO c.h.h.t.HelmChartContainer - [K3S] [reconciler_common.go:251] "operationExecutor.VerifyControllerAttachedVolume started for volume \"operator-init\" (UniqueName: \"kubernetes.io/empty-dir/4793bd67-727b-4e38-866f-eaaf37fe8b38-operator-init\") pod \"test-hivemq-platform-1\" (UID: \"4793bd67-727b-4e38-866f-eaaf37fe8b38\") " pod="helmupgradeplatformit/test-hivemq-platform-1"
2025-01-30 18:33:14,813 INFO c.h.h.t.HelmChartContainer - [hivemq-test-hivemq-platform] [hivemq-platform-operator] [1f650712] 18:33:14.812 [ReconcilerExecutor-hivemq-controller-115] DEBUG c.h.p.operator.event.EventSender - [helmupgr] Creating K8s event scaling-started: [Scaling] HiveMQ Platform is scaling
2025-01-30 18:33:14,816 INFO c.h.h.t.HelmChartContainer - [EVENT] Normal [Scaling] HiveMQ Platform is scaling [helmupgradeplatformit:test-hivemq-platform]
2025-01-30 18:33:14,833 INFO c.h.h.t.HelmChartContainer - [hivemq-test-hivemq-platform] [hivemq-platform-operator] [1f650712] 18:33:14.832 [ReconcilerExecutor-hivemq-controller-115] INFO  c.h.p.o.h.AbstractHiveMQReconcilerStateHandler - [helmupgr] Update HiveMQ Platform Status (RUNNING [READY] -> SCALING [READY]): HiveMQ Platform is scaling
2025-01-30 18:33:14,842 DEBUG com.hivemq.helmcharts.util.K8sUtil - Comparing actual state 'SCALING' and waiting for 'SCALING'
2025-01-30 18:33:14,844 DEBUG c.h.h.platform.HelmUpgradePlatformIT - Platform scaling
2025-01-30 18:33:14,849 DEBUG com.hivemq.helmcharts.util.K8sUtil - Comparing actual state 'SCALING' and waiting for 'RUNNING'
2025-01-30 18:33:14,912 INFO c.h.h.t.HelmChartContainer - [hivemq-test-hivemq-platform] [hivemq-platform-operator] [1f650712] 18:33:14.909 [pool-6-thread-32] DEBUG c.h.p.o.d.PlatformServiceResource - [helmupgr] Desired Platform services (3 services)
2025-01-30 18:33:14,912 INFO c.h.h.t.HelmChartContainer - [hivemq-test-hivemq-platform] [hivemq-platform-operator] [1f650712] 18:33:14.911 [pool-6-thread-31] DEBUG c.h.p.o.d.PodServiceAccountResource - [helmupgr] Desired PodServiceAccountResource (serviceAccountName: hivemq-platform-pod-test-hivemq-platform)
2025-01-30 18:33:14,912 INFO c.h.h.t.HelmChartContainer - [hivemq-test-hivemq-platform] [hivemq-platform-operator] [1f650712] 18:33:14.911 [pool-6-thread-34] DEBUG c.h.p.o.dependants.PodInfoConfigMap - [helmupgr] Desired PodInfo ConfigMap (1 extensions) (1 enabled)
2025-01-30 18:33:14,912 INFO c.h.h.t.HelmChartContainer - [hivemq-test-hivemq-platform] [hivemq-platform-operator] [1f650712] 18:33:14.911 [pool-6-thread-34] DEBUG c.h.p.o.dependants.PodInfoConfigMap - [helmupgr] Desired PodInfo ConfigMap (metrics port: 9399) (metrics path: /)
2025-01-30 18:33:14,912 INFO c.h.h.t.HelmChartContainer - [hivemq-test-hivemq-platform] [hivemq-platform-operator] [1f650712] 18:33:14.911 [pool-6-thread-34] DEBUG c.h.p.o.dependants.PodInfoConfigMap - [helmupgr] Desired PodInfo ConfigMap (extension state hash: -1817474005)
2025-01-30 18:33:14,913 INFO c.h.h.t.HelmChartContainer - [hivemq-test-hivemq-platform] [hivemq-platform-operator] [1f650712] 18:33:14.912 [pool-6-thread-34] DEBUG c.h.p.o.dependants.PodInfoConfigMap - [helmupgr] Update PodInfo ConfigMap
2025-01-30 18:33:14,943 INFO c.h.h.t.HelmChartContainer - [hivemq-test-hivemq-platform] [hivemq-platform-operator] [1f650712] 18:33:14.941 [pool-6-thread-34] DEBUG c.h.p.o.d.StatefulSetResource - [helmupgr] Desired StatefulSet (2 replicas) for status SCALING (READY)
2025-01-30 18:33:15,015 INFO c.h.h.t.HelmChartContainer - [hivemq-test-hivemq-platform] [hivemq-platform-operator] [1f650712] 18:33:15.013 [ReconcilerExecutor-hivemq-controller-116] INFO  c.h.p.o.HiveMQPlatformReconciler - [helmupgr] Reconciling HiveMQ Platform 'test-hivemq-platform' in namespace 'helmupgradeplatformit'
2025-01-30 18:33:15,016 INFO c.h.h.t.HelmChartContainer - [hivemq-test-hivemq-platform] [hivemq-platform-operator] [1f650712] 18:33:15.013 [ReconcilerExecutor-hivemq-controller-116] DEBUG c.h.p.o.HiveMQPlatformReconciler - [helmupgr] Custom Resource Status SCALING - HiveMQ Platform is scaling (READY)
2025-01-30 18:33:15,016 INFO c.h.h.t.HelmChartContainer - [hivemq-test-hivemq-platform] [hivemq-platform-operator] [1f650712] 18:33:15.013 [ReconcilerExecutor-hivemq-controller-116] DEBUG c.h.p.o.HiveMQPlatformReconciler - [helmupgr] Custom Resource Spec (replicas: 2) (extensions: 1)
2025-01-30 18:33:15,016 INFO c.h.h.t.HelmChartContainer - [hivemq-test-hivemq-platform] [hivemq-platform-operator] [1f650712] 18:33:15.014 [ReconcilerExecutor-hivemq-controller-116] DEBUG c.h.p.o.HiveMQPlatformReconciler - [helmupgr] StatefulSet Status (revision: test-hivemq-platform-77d44868f9, replicas: 2, available: 1, ready: 1, current: 2, updated: 2)
2025-01-30 18:33:15,016 INFO c.h.h.t.HelmChartContainer - [hivemq-test-hivemq-platform] [hivemq-platform-operator] [1f650712] 18:33:15.014 [ReconcilerExecutor-hivemq-controller-116] DEBUG c.h.p.o.HiveMQPlatformReconciler - [helmupgr] StatefulSet Spec (replicas: 2, init containers: 1, containers: 1, volumes: 3)
2025-01-30 18:33:15,018 INFO c.h.h.t.HelmChartContainer - [hivemq-test-hivemq-platform] [hivemq-platform-operator] [1f650712] 18:33:15.017 [ReconcilerExecutor-hivemq-controller-116] DEBUG c.h.p.o.h.HiveMQPlatformReconcilerErrorHandler - [helmupgr] Pod 'test-hivemq-platform-1' phase Pending
2025-01-30 18:33:15,019 INFO c.h.h.t.HelmChartContainer - [hivemq-test-hivemq-platform] [hivemq-platform-operator] [1f650712] 18:33:15.017 [ReconcilerExecutor-hivemq-controller-116] DEBUG c.h.p.o.h.HiveMQPlatformReconcilerErrorHandler - [helmupgr] Pod 'test-hivemq-platform-1' condition 'PodReadyToStartContainers': False
2025-01-30 18:33:15,019 INFO c.h.h.t.HelmChartContainer - [hivemq-test-hivemq-platform] [hivemq-platform-operator] [1f650712] 18:33:15.018 [ReconcilerExecutor-hivemq-controller-116] DEBUG c.h.p.o.h.HiveMQPlatformReconcilerErrorHandler - [helmupgr] Pod 'test-hivemq-platform-1' condition 'Initialized': False
2025-01-30 18:33:15,019 INFO c.h.h.t.HelmChartContainer - [hivemq-test-hivemq-platform] [hivemq-platform-operator] [1f650712] 18:33:15.018 [ReconcilerExecutor-hivemq-controller-116] DEBUG c.h.p.o.h.HiveMQPlatformReconcilerErrorHandler - [helmupgr] Pod 'test-hivemq-platform-1' condition 'Ready': False
2025-01-30 18:33:15,019 INFO c.h.h.t.HelmChartContainer - [hivemq-test-hivemq-platform] [hivemq-platform-operator] [1f650712] 18:33:15.018 [ReconcilerExecutor-hivemq-controller-116] DEBUG c.h.p.o.h.HiveMQPlatformReconcilerErrorHandler - [helmupgr] Pod 'test-hivemq-platform-1' condition 'ContainersReady': False
2025-01-30 18:33:15,019 INFO c.h.h.t.HelmChartContainer - [hivemq-test-hivemq-platform] [hivemq-platform-operator] [1f650712] 18:33:15.018 [ReconcilerExecutor-hivemq-controller-116] DEBUG c.h.p.o.h.HiveMQPlatformReconcilerErrorHandler - [helmupgr] Pod 'test-hivemq-platform-1' condition 'PodScheduled': True
2025-01-30 18:33:15,019 INFO c.h.h.t.HelmChartContainer - [hivemq-test-hivemq-platform] [hivemq-platform-operator] [1f650712] 18:33:15.018 [ReconcilerExecutor-hivemq-controller-116] DEBUG c.h.p.o.h.HiveMQPlatformReconcilerErrorHandler - [helmupgr] Pod 'test-hivemq-platform-1' containerStatus 'hivemq' (started: false) (ready: false) (waiting: [PodInitializing] null)
2025-01-30 18:33:15,034 INFO c.h.h.t.HelmChartContainer - [hivemq-test-hivemq-platform] [hivemq-platform-operator] [1f650712] 18:33:15.033 [ReconcilerExecutor-hivemq-controller-116] DEBUG c.h.p.o.h.HiveMQPlatformReconcilerErrorHandler - [helmupgr] Pod 'test-hivemq-platform-0' phase Running
2025-01-30 18:33:15,035 INFO c.h.h.t.HelmChartContainer - [hivemq-test-hivemq-platform] [hivemq-platform-operator] [1f650712] 18:33:15.033 [ReconcilerExecutor-hivemq-controller-116] DEBUG c.h.p.o.h.HiveMQPlatformReconcilerScalingHandler - [helmupgr] HiveMQ Platform is scaling, waiting for 1 of 2 replicas
2025-01-30 18:33:15,057 INFO c.h.h.t.HelmChartContainer - [EVENT] Normal [Pulled] Container image "docker.io/hivemq/hivemq-platform-operator-init-test:snapshot" already present on machine [helmupgradeplatformit:test-hivemq-platform-1]
2025-01-30 18:33:15,063 INFO c.h.h.t.HelmChartContainer - [EVENT] Normal [Created] Created container: hivemq-platform-operator-init [helmupgradeplatformit:test-hivemq-platform-1]
2025-01-30 18:33:15,099 INFO c.h.h.t.HelmChartContainer - [EVENT] Normal [Started] Started container hivemq-platform-operator-init [helmupgradeplatformit:test-hivemq-platform-1]
2025-01-30 18:33:15,451 INFO c.h.h.t.HelmChartContainer - [EVENT] Normal [Pulled] Container image "docker.io/hivemq/hivemq4:4.36.0" already present on machine [helmupgradeplatformit:test-hivemq-platform-1]
2025-01-30 18:33:15,451 INFO c.h.h.t.HelmChartContainer - Received Pulled event for container hivemq in pod test-hivemq-platform-1 [4793bd67-727b-4e38-866f-eaaf37fe8b38]
2025-01-30 18:33:15,459 INFO c.h.h.t.HelmChartContainer - [POD] test-hivemq-platform-1 [4793bd67-727b-4e38-866f-eaaf37fe8b38] in helmupgradeplatformit was MODIFIED
2025-01-30 18:33:15,468 INFO c.h.h.t.HelmChartContainer - [EVENT] Normal [Created] Created container: hivemq [helmupgradeplatformit:test-hivemq-platform-1]
2025-01-30 18:33:15,468 INFO c.h.h.t.HelmChartContainer - Received Created event for container hivemq in pod test-hivemq-platform-1 [4793bd67-727b-4e38-866f-eaaf37fe8b38]
2025-01-30 18:33:15,471 INFO c.h.h.t.HelmChartContainer - [hivemq-test-hivemq-platform] [hivemq-platform-operator] [1f650712] 18:33:15.469 [pool-6-thread-45] DEBUG c.h.p.o.d.PlatformServiceResource - [helmupgr] Desired Platform services (3 services)
2025-01-30 18:33:15,486 INFO c.h.h.t.HelmChartContainer - [hivemq-test-hivemq-platform] [hivemq-platform-operator] [1f650712] 18:33:15.471 [pool-6-thread-48] DEBUG c.h.p.o.dependants.PodInfoConfigMap - [helmupgr] Desired PodInfo ConfigMap (1 extensions) (1 enabled)
2025-01-30 18:33:15,494 INFO c.h.h.t.HelmChartContainer - [hivemq-test-hivemq-platform] [hivemq-platform-operator] [1f650712] 18:33:15.471 [pool-6-thread-48] DEBUG c.h.p.o.dependants.PodInfoConfigMap - [helmupgr] Desired PodInfo ConfigMap (metrics port: 9399) (metrics path: /)
2025-01-30 18:33:15,494 INFO c.h.h.t.HelmChartContainer - [hivemq-test-hivemq-platform] [hivemq-platform-operator] [1f650712] 18:33:15.471 [pool-6-thread-48] DEBUG c.h.p.o.dependants.PodInfoConfigMap - [helmupgr] Desired PodInfo ConfigMap (extension state hash: -1817474005)
2025-01-30 18:33:15,494 INFO c.h.h.t.HelmChartContainer - [hivemq-test-hivemq-platform] [hivemq-platform-operator] [1f650712] 18:33:15.472 [pool-6-thread-41] DEBUG c.h.p.o.d.PodServiceAccountResource - [helmupgr] Desired PodServiceAccountResource (serviceAccountName: hivemq-platform-pod-test-hivemq-platform)
2025-01-30 18:33:15,494 INFO c.h.h.t.HelmChartContainer - [hivemq-test-hivemq-platform] [hivemq-platform-operator] [1f650712] 18:33:15.486 [pool-6-thread-45] DEBUG c.h.p.o.d.StatefulSetResource - [helmupgr] Desired StatefulSet (2 replicas) for status SCALING (READY)
2025-01-30 18:33:15,536 INFO c.h.h.t.HelmChartContainer - [hivemq-test-hivemq-platform] [hivemq-platform-operator] [1f650712] 18:33:15.535 [ReconcilerExecutor-hivemq-controller-117] INFO  c.h.p.o.HiveMQPlatformReconciler - [helmupgr] Reconciling HiveMQ Platform 'test-hivemq-platform' in namespace 'helmupgradeplatformit'
2025-01-30 18:33:15,537 INFO c.h.h.t.HelmChartContainer - [hivemq-test-hivemq-platform] [hivemq-platform-operator] [1f650712] 18:33:15.536 [ReconcilerExecutor-hivemq-controller-117] DEBUG c.h.p.o.HiveMQPlatformReconciler - [helmupgr] Custom Resource Status SCALING - HiveMQ Platform is scaling (READY)
2025-01-30 18:33:15,537 INFO c.h.h.t.HelmChartContainer - [hivemq-test-hivemq-platform] [hivemq-platform-operator] [1f650712] 18:33:15.536 [ReconcilerExecutor-hivemq-controller-117] DEBUG c.h.p.o.HiveMQPlatformReconciler - [helmupgr] Custom Resource Spec (replicas: 2) (extensions: 1)
2025-01-30 18:33:15,543 INFO c.h.h.t.HelmChartContainer - [hivemq-test-hivemq-platform] [hivemq-platform-operator] [1f650712] 18:33:15.542 [ReconcilerExecutor-hivemq-controller-117] DEBUG c.h.p.o.HiveMQPlatformReconciler - [helmupgr] StatefulSet Status (revision: test-hivemq-platform-77d44868f9, replicas: 2, available: 1, ready: 1, current: 2, updated: 2)
2025-01-30 18:33:15,544 INFO c.h.h.t.HelmChartContainer - [hivemq-test-hivemq-platform] [hivemq-platform-operator] [1f650712] 18:33:15.542 [ReconcilerExecutor-hivemq-controller-117] DEBUG c.h.p.o.HiveMQPlatformReconciler - [helmupgr] StatefulSet Spec (replicas: 2, init containers: 1, containers: 1, volumes: 3)
2025-01-30 18:33:15,544 INFO c.h.h.t.HelmChartContainer - [hivemq-test-hivemq-platform] [hivemq-platform-operator] [1f650712] 18:33:15.544 [ReconcilerExecutor-hivemq-controller-117] DEBUG c.h.p.o.h.HiveMQPlatformReconcilerErrorHandler - [helmupgr] Pod 'test-hivemq-platform-1' phase Pending
2025-01-30 18:33:15,549 INFO c.h.h.t.HelmChartContainer - [hivemq-test-hivemq-platform] [hivemq-platform-operator] [1f650712] 18:33:15.544 [ReconcilerExecutor-hivemq-controller-117] DEBUG c.h.p.o.h.HiveMQPlatformReconcilerErrorHandler - [helmupgr] Pod 'test-hivemq-platform-1' condition 'PodReadyToStartContainers': True
2025-01-30 18:33:15,550 INFO c.h.h.t.HelmChartContainer - [hivemq-test-hivemq-platform] [hivemq-platform-operator] [1f650712] 18:33:15.544 [ReconcilerExecutor-hivemq-controller-117] DEBUG c.h.p.o.h.HiveMQPlatformReconcilerErrorHandler - [helmupgr] Pod 'test-hivemq-platform-1' condition 'Initialized': True
2025-01-30 18:33:15,550 INFO c.h.h.t.HelmChartContainer - [hivemq-test-hivemq-platform] [hivemq-platform-operator] [1f650712] 18:33:15.547 [ReconcilerExecutor-hivemq-controller-117] DEBUG c.h.p.o.h.HiveMQPlatformReconcilerErrorHandler - [helmupgr] Pod 'test-hivemq-platform-1' condition 'Ready': False
2025-01-30 18:33:15,550 INFO c.h.h.t.HelmChartContainer - [hivemq-test-hivemq-platform] [hivemq-platform-operator] [1f650712] 18:33:15.547 [ReconcilerExecutor-hivemq-controller-117] DEBUG c.h.p.o.h.HiveMQPlatformReconcilerErrorHandler - [helmupgr] Pod 'test-hivemq-platform-1' condition 'ContainersReady': False
2025-01-30 18:33:15,551 INFO c.h.h.t.HelmChartContainer - [hivemq-test-hivemq-platform] [hivemq-platform-operator] [1f650712] 18:33:15.547 [ReconcilerExecutor-hivemq-controller-117] DEBUG c.h.p.o.h.HiveMQPlatformReconcilerErrorHandler - [helmupgr] Pod 'test-hivemq-platform-1' condition 'PodScheduled': True
2025-01-30 18:33:15,551 INFO c.h.h.t.HelmChartContainer - [hivemq-test-hivemq-platform] [hivemq-platform-operator] [1f650712] 18:33:15.547 [ReconcilerExecutor-hivemq-controller-117] DEBUG c.h.p.o.h.HiveMQPlatformReconcilerErrorHandler - [helmupgr] Pod 'test-hivemq-platform-1' containerStatus 'hivemq' (started: false) (ready: false) (waiting: [PodInitializing] null)
2025-01-30 18:33:15,551 INFO c.h.h.t.HelmChartContainer - [hivemq-test-hivemq-platform] [hivemq-platform-operator] [1f650712] 18:33:15.548 [ReconcilerExecutor-hivemq-controller-117] DEBUG c.h.p.o.h.HiveMQPlatformReconcilerErrorHandler - [helmupgr] Pod 'test-hivemq-platform-0' phase Running
2025-01-30 18:33:15,551 INFO c.h.h.t.HelmChartContainer - [hivemq-test-hivemq-platform] [hivemq-platform-operator] [1f650712] 18:33:15.549 [ReconcilerExecutor-hivemq-controller-117] DEBUG c.h.p.o.h.HiveMQPlatformReconcilerScalingHandler - [helmupgr] HiveMQ Platform is scaling, waiting for 1 of 2 replicas
2025-01-30 18:33:16,473 INFO c.h.h.t.HelmChartContainer - [hivemq-test-hivemq-platform] [hivemq-platform-operator] [1f650712] 18:33:16.470 [pool-6-thread-4] DEBUG c.h.p.o.d.PlatformServiceResource - [helmupgr] Desired Platform services (3 services)
2025-01-30 18:33:16,473 INFO c.h.h.t.HelmChartContainer - [hivemq-test-hivemq-platform] [hivemq-platform-operator] [1f650712] 18:33:16.472 [pool-6-thread-8] DEBUG c.h.p.o.d.PodServiceAccountResource - [helmupgr] Desired PodServiceAccountResource (serviceAccountName: hivemq-platform-pod-test-hivemq-platform)
2025-01-30 18:33:16,473 INFO c.h.h.t.HelmChartContainer - [POD] test-hivemq-platform-1 [4793bd67-727b-4e38-866f-eaaf37fe8b38] in helmupgradeplatformit was MODIFIED
2025-01-30 18:33:16,487 INFO c.h.h.t.HelmChartContainer - [hivemq-test-hivemq-platform] [hivemq-platform-operator] [1f650712] 18:33:16.478 [pool-6-thread-2] DEBUG c.h.p.o.dependants.PodInfoConfigMap - [helmupgr] Desired PodInfo ConfigMap (1 extensions) (1 enabled)
2025-01-30 18:33:16,487 INFO c.h.h.t.HelmChartContainer - [hivemq-test-hivemq-platform] [hivemq-platform-operator] [1f650712] 18:33:16.478 [pool-6-thread-2] DEBUG c.h.p.o.dependants.PodInfoConfigMap - [helmupgr] Desired PodInfo ConfigMap (metrics port: 9399) (metrics path: /)
2025-01-30 18:33:16,487 INFO c.h.h.t.HelmChartContainer - [hivemq-test-hivemq-platform] [hivemq-platform-operator] [1f650712] 18:33:16.478 [pool-6-thread-2] DEBUG c.h.p.o.dependants.PodInfoConfigMap - [helmupgr] Desired PodInfo ConfigMap (extension state hash: -1817474005)
2025-01-30 18:33:16,487 INFO c.h.h.t.HelmChartContainer - [hivemq-test-hivemq-platform] [hivemq-platform-operator] [1f650712] 18:33:16.482 [pool-6-thread-4] DEBUG c.h.p.o.d.StatefulSetResource - [helmupgr] Desired StatefulSet (2 replicas) for status SCALING (READY)
2025-01-30 18:33:16,489 INFO c.h.h.t.HelmChartContainer - [EVENT] Normal [Started] Started container hivemq [helmupgradeplatformit:test-hivemq-platform-1]
2025-01-30 18:33:16,490 INFO c.h.h.t.HelmChartContainer - Received Started event for container hivemq in pod test-hivemq-platform-1 [4793bd67-727b-4e38-866f-eaaf37fe8b38]
2025-01-30 18:33:16,490 INFO c.h.h.t.HelmChartContainer - [hivemq-test-hivemq-platform] [hivemq-platform-operator] [1f650712] 18:33:16.489 [ReconcilerExecutor-hivemq-controller-118] INFO  c.h.p.o.HiveMQPlatformReconciler - [helmupgr] Reconciling HiveMQ Platform 'test-hivemq-platform' in namespace 'helmupgradeplatformit'
2025-01-30 18:33:16,490 INFO c.h.h.t.HelmChartContainer - [hivemq-test-hivemq-platform] [hivemq-platform-operator] [1f650712] 18:33:16.489 [ReconcilerExecutor-hivemq-controller-118] DEBUG c.h.p.o.HiveMQPlatformReconciler - [helmupgr] Custom Resource Status SCALING - HiveMQ Platform is scaling (READY)
2025-01-30 18:33:16,490 INFO c.h.h.t.HelmChartContainer - [hivemq-test-hivemq-platform] [hivemq-platform-operator] [1f650712] 18:33:16.489 [ReconcilerExecutor-hivemq-controller-118] DEBUG c.h.p.o.HiveMQPlatformReconciler - [helmupgr] Custom Resource Spec (replicas: 2) (extensions: 1)
2025-01-30 18:33:16,490 INFO c.h.h.t.HelmChartContainer - Started log watcher for hivemq in pod test-hivemq-platform-1 [4793bd67-727b-4e38-866f-eaaf37fe8b38]
2025-01-30 18:33:16,491 INFO c.h.h.t.HelmChartContainer - [test-hivemq-platform] [hivemq] [4793bd67] Adding pre-installed HiveMQ Platform Operator extensions
2025-01-30 18:33:16,491 INFO c.h.h.t.HelmChartContainer - [test-hivemq-platform] [hivemq] [4793bd67] Running as user 10000
2025-01-30 18:33:16,491 INFO c.h.h.t.HelmChartContainer - [test-hivemq-platform] [hivemq] [4793bd67] Starting HiveMQ Platform Operator Init
2025-01-30 18:33:16,492 INFO c.h.h.t.HelmChartContainer - [hivemq-test-hivemq-platform] [hivemq-platform-operator] [1f650712] 18:33:16.490 [ReconcilerExecutor-hivemq-controller-118] DEBUG c.h.p.o.HiveMQPlatformReconciler - [helmupgr] StatefulSet Status (revision: test-hivemq-platform-77d44868f9, replicas: 2, available: 1, ready: 1, current: 2, updated: 2)
2025-01-30 18:33:16,492 INFO c.h.h.t.HelmChartContainer - [hivemq-test-hivemq-platform] [hivemq-platform-operator] [1f650712] 18:33:16.491 [ReconcilerExecutor-hivemq-controller-118] DEBUG c.h.p.o.HiveMQPlatformReconciler - [helmupgr] StatefulSet Spec (replicas: 2, init containers: 1, containers: 1, volumes: 3)
2025-01-30 18:33:16,492 INFO c.h.h.t.HelmChartContainer - [hivemq-test-hivemq-platform] [hivemq-platform-operator] [1f650712] 18:33:16.492 [ReconcilerExecutor-hivemq-controller-118] DEBUG c.h.p.o.h.HiveMQPlatformReconcilerErrorHandler - [helmupgr] Pod 'test-hivemq-platform-1' phase Running
2025-01-30 18:33:16,495 INFO c.h.h.t.HelmChartContainer - [hivemq-test-hivemq-platform] [hivemq-platform-operator] [1f650712] 18:33:16.493 [ReconcilerExecutor-hivemq-controller-118] DEBUG c.h.p.o.h.HiveMQPlatformReconcilerErrorHandler - [helmupgr] Pod 'test-hivemq-platform-0' phase Running
2025-01-30 18:33:16,495 INFO c.h.h.t.HelmChartContainer - [hivemq-test-hivemq-platform] [hivemq-platform-operator] [1f650712] 18:33:16.493 [ReconcilerExecutor-hivemq-controller-118] DEBUG c.h.p.o.h.HiveMQPlatformReconcilerScalingHandler - [helmupgr] HiveMQ Platform is scaling, waiting for 1 of 2 replicas
2025-01-30 18:33:16,722 INFO c.h.h.t.HelmChartContainer - [test-hivemq-platform] [hivemq] [4793bd67] INFO  - [HiveMQ Platform Operator Init 1.7.0-SNAPSHOT] HiveMQ Platform Operator Init 1.7.0-SNAPSHOT (commit: 47e3375 on branch: HEAD) built on Thu Jan 30 03:55:50 UTC 2025
2025-01-30 18:33:17,849 INFO c.h.h.t.HelmChartContainer - [test-hivemq-platform] [hivemq] [4793bd67] INFO  - [HiveMQ Platform Operator Init App 1.7.0-SNAPSHOT] Using bind address 10.42.0.11 from environment variable
2025-01-30 18:33:18,828 INFO c.h.h.t.HelmChartContainer - [test-hivemq-platform] [hivemq] [4793bd67] INFO  - [HiveMQ Platform Operator Init App 1.7.0-SNAPSHOT] HiveMQ Platform Operator Init App 1.7.0-SNAPSHOT (commit: 47e3375 on branch: HEAD) built on Thu Jan 30 03:55:50 UTC 2025
2025-01-30 18:33:18,828 INFO c.h.h.t.HelmChartContainer - [test-hivemq-platform] [hivemq] [4793bd67] INFO  - [HiveMQ Platform Operator Init App 1.7.0-SNAPSHOT] PodInfo ConfigMap directory: /etc/podinfo
2025-01-30 18:33:18,828 INFO c.h.h.t.HelmChartContainer - [test-hivemq-platform] [hivemq] [4793bd67] INFO  - [HiveMQ Platform Operator Init App 1.7.0-SNAPSHOT] HiveMQ home directory: /opt/hivemq
2025-01-30 18:33:18,828 INFO c.h.h.t.HelmChartContainer - [test-hivemq-platform] [hivemq] [4793bd67] INFO  - [HiveMQ Platform Operator Init App 1.7.0-SNAPSHOT] HiveMQ Logback folder: /opt/hivemq/conf
2025-01-30 18:33:18,828 INFO c.h.h.t.HelmChartContainer - [test-hivemq-platform] [hivemq] [4793bd67] INFO  - [HiveMQ Platform Operator Init App 1.7.0-SNAPSHOT] HiveMQ Config folder: /opt/hivemq/conf-k8s
2025-01-30 18:33:18,830 INFO c.h.h.t.HelmChartContainer - [test-hivemq-platform] [hivemq] [4793bd67] INFO  - [HiveMQ Platform Operator Init App 1.7.0-SNAPSHOT] Starting HiveMQ Platform Operator Init App
2025-01-30 18:33:18,830 INFO c.h.h.t.HelmChartContainer - [test-hivemq-platform] [hivemq] [4793bd67] INFO  - [HiveMQ Platform Operator Init App 1.7.0-SNAPSHOT] Starting Pod reconciler
2025-01-30 18:33:19,989 INFO c.h.h.t.HelmChartContainer - [test-hivemq-platform] [hivemq] [4793bd67] INFO  - [HiveMQ Platform Operator Init App 1.7.0-SNAPSHOT] Pod reconciler is scheduled (interval: 5000 ms)
2025-01-30 18:33:19,990 INFO c.h.h.t.HelmChartContainer - [test-hivemq-platform] [hivemq] [4793bd67] INFO  - [HiveMQ Platform Operator Init App 1.7.0-SNAPSHOT] Starting the REST API on 10.42.0.11:7979
2025-01-30 18:33:20,015 INFO c.h.h.t.HelmChartContainer - [test-hivemq-platform] [hivemq] [4793bd67] INFO  - [HiveMQ Platform Operator Init App 1.7.0-SNAPSHOT] Waiting up to 600s for at most 2 HiveMQ nodes in cluster service hivemq-test-hivemq-platform-cluster.helmupgradeplatformit.svc
2025-01-30 18:33:20,324 INFO c.h.h.t.HelmChartContainer - [test-hivemq-platform] [hivemq] [4793bd67] INFO  - [HiveMQ Platform Operator Init App 1.7.0-SNAPSHOT] Resolved 2 IP addresses: [10.42.0.11, 10.42.0.10]
2025-01-30 18:33:20,324 INFO c.h.h.t.HelmChartContainer - [test-hivemq-platform] [hivemq] [4793bd67] INFO  - [HiveMQ Platform Operator Init App 1.7.0-SNAPSHOT] HiveMQ node count of 2 is within threshold of 2
2025-01-30 18:33:20,324 INFO c.h.h.t.HelmChartContainer - [test-hivemq-platform] [hivemq] [4793bd67] INFO  - [HiveMQ Platform Operator Init App 1.7.0-SNAPSHOT] Waiting 15s for previous shutdown replication to finish...
2025-01-30 18:33:22,460 INFO c.h.h.t.HelmChartContainer - [test-hivemq-platform] [hivemq] [4793bd67] INFO  - [HiveMQ Platform Operator Init App 1.7.0-SNAPSHOT] Returning default Health API response 503 for readiness
2025-01-30 18:33:22,538 INFO c.h.h.t.HelmChartContainer - [EVENT] Warning [Unhealthy] Readiness probe failed: HTTP probe failed with statuscode: 503 [helmupgradeplatformit:test-hivemq-platform-1]
2025-01-30 18:33:22,538 INFO c.h.h.t.HelmChartContainer - Received Unhealthy event for container hivemq in pod test-hivemq-platform-1 [4793bd67-727b-4e38-866f-eaaf37fe8b38]
2025-01-30 18:33:26,536 INFO c.h.h.t.HelmChartContainer - [hivemq-test-hivemq-platform] [hivemq-platform-operator] [1f650712] 18:33:26.535 [pool-6-thread-13] DEBUG c.h.p.o.d.PlatformServiceResource - [helmupgr] Desired Platform services (3 services)
2025-01-30 18:33:26,536 INFO c.h.h.t.HelmChartContainer - [hivemq-test-hivemq-platform] [hivemq-platform-operator] [1f650712] 18:33:26.535 [pool-6-thread-15] DEBUG c.h.p.o.dependants.PodInfoConfigMap - [helmupgr] Desired PodInfo ConfigMap (1 extensions) (1 enabled)
2025-01-30 18:33:26,536 INFO c.h.h.t.HelmChartContainer - [hivemq-test-hivemq-platform] [hivemq-platform-operator] [1f650712] 18:33:26.535 [pool-6-thread-15] DEBUG c.h.p.o.dependants.PodInfoConfigMap - [helmupgr] Desired PodInfo ConfigMap (metrics port: 9399) (metrics path: /)
2025-01-30 18:33:26,536 INFO c.h.h.t.HelmChartContainer - [hivemq-test-hivemq-platform] [hivemq-platform-operator] [1f650712] 18:33:26.535 [pool-6-thread-15] DEBUG c.h.p.o.dependants.PodInfoConfigMap - [helmupgr] Desired PodInfo ConfigMap (extension state hash: -1817474005)
2025-01-30 18:33:26,538 INFO c.h.h.t.HelmChartContainer - [hivemq-test-hivemq-platform] [hivemq-platform-operator] [1f650712] 18:33:26.537 [pool-6-thread-16] DEBUG c.h.p.o.d.PodServiceAccountResource - [helmupgr] Desired PodServiceAccountResource (serviceAccountName: hivemq-platform-pod-test-hivemq-platform)
2025-01-30 18:33:26,541 INFO c.h.h.t.HelmChartContainer - [hivemq-test-hivemq-platform] [hivemq-platform-operator] [1f650712] 18:33:26.540 [pool-6-thread-13] DEBUG c.h.p.o.d.StatefulSetResource - [helmupgr] Desired StatefulSet (2 replicas) for status SCALING (READY)
2025-01-30 18:33:26,544 INFO c.h.h.t.HelmChartContainer - [hivemq-test-hivemq-platform] [hivemq-platform-operator] [1f650712] 18:33:26.543 [ReconcilerExecutor-hivemq-controller-119] INFO  c.h.p.o.HiveMQPlatformReconciler - [helmupgr] Reconciling HiveMQ Platform 'test-hivemq-platform' in namespace 'helmupgradeplatformit'
2025-01-30 18:33:26,544 INFO c.h.h.t.HelmChartContainer - [hivemq-test-hivemq-platform] [hivemq-platform-operator] [1f650712] 18:33:26.543 [ReconcilerExecutor-hivemq-controller-119] DEBUG c.h.p.o.HiveMQPlatformReconciler - [helmupgr] Custom Resource Status SCALING - HiveMQ Platform is scaling (READY)
2025-01-30 18:33:26,547 INFO c.h.h.t.HelmChartContainer - [hivemq-test-hivemq-platform] [hivemq-platform-operator] [1f650712] 18:33:26.543 [ReconcilerExecutor-hivemq-controller-119] DEBUG c.h.p.o.HiveMQPlatformReconciler - [helmupgr] Custom Resource Spec (replicas: 2) (extensions: 1)
2025-01-30 18:33:26,547 INFO c.h.h.t.HelmChartContainer - [hivemq-test-hivemq-platform] [hivemq-platform-operator] [1f650712] 18:33:26.545 [ReconcilerExecutor-hivemq-controller-119] DEBUG c.h.p.o.HiveMQPlatformReconciler - [helmupgr] StatefulSet Status (revision: test-hivemq-platform-77d44868f9, replicas: 2, available: 1, ready: 1, current: 2, updated: 2)
2025-01-30 18:33:26,548 INFO c.h.h.t.HelmChartContainer - [hivemq-test-hivemq-platform] [hivemq-platform-operator] [1f650712] 18:33:26.545 [ReconcilerExecutor-hivemq-controller-119] DEBUG c.h.p.o.HiveMQPlatformReconciler - [helmupgr] StatefulSet Spec (replicas: 2, init containers: 1, containers: 1, volumes: 3)
2025-01-30 18:33:26,548 INFO c.h.h.t.HelmChartContainer - [hivemq-test-hivemq-platform] [hivemq-platform-operator] [1f650712] 18:33:26.546 [ReconcilerExecutor-hivemq-controller-119] DEBUG c.h.p.o.h.HiveMQPlatformReconcilerErrorHandler - [helmupgr] Pod 'test-hivemq-platform-1' phase Running
2025-01-30 18:33:26,549 INFO c.h.h.t.HelmChartContainer - [hivemq-test-hivemq-platform] [hivemq-platform-operator] [1f650712] 18:33:26.548 [ReconcilerExecutor-hivemq-controller-119] DEBUG c.h.p.o.h.HiveMQPlatformReconcilerErrorHandler - [helmupgr] Pod 'test-hivemq-platform-0' phase Running
2025-01-30 18:33:26,550 INFO c.h.h.t.HelmChartContainer - [hivemq-test-hivemq-platform] [hivemq-platform-operator] [1f650712] 18:33:26.549 [ReconcilerExecutor-hivemq-controller-119] DEBUG c.h.p.o.h.HiveMQPlatformReconcilerScalingHandler - [helmupgr] HiveMQ Platform is scaling, waiting for 1 of 2 replicas
2025-01-30 18:33:27,391 INFO c.h.h.t.HelmChartContainer - [test-hivemq-platform] [hivemq] [4793bd67] INFO  - [HiveMQ Platform Operator Init App 1.7.0-SNAPSHOT] Updating Pod HiveMQ Platform Operator Init App version annotation (version: 1.7.0-SNAPSHOT)
2025-01-30 18:33:27,491 INFO c.h.h.t.HelmChartContainer - [EVENT] Warning [Unhealthy] Readiness probe failed: HTTP probe failed with statuscode: 503 [helmupgradeplatformit:test-hivemq-platform-1]
2025-01-30 18:33:27,491 INFO c.h.h.t.HelmChartContainer - Received Unhealthy event for container hivemq in pod test-hivemq-platform-1 [4793bd67-727b-4e38-866f-eaaf37fe8b38]
2025-01-30 18:33:27,700 INFO c.h.h.t.HelmChartContainer - [POD] test-hivemq-platform-1 [4793bd67-727b-4e38-866f-eaaf37fe8b38] in helmupgradeplatformit was MODIFIED
2025-01-30 18:33:27,707 INFO c.h.h.t.HelmChartContainer - [EVENT] Warning [Unhealthy] Readiness probe failed: HTTP probe failed with statuscode: 503 [helmupgradeplatformit:test-hivemq-platform-1]
2025-01-30 18:33:27,707 INFO c.h.h.t.HelmChartContainer - Received Unhealthy event for container hivemq in pod test-hivemq-platform-1 [4793bd67-727b-4e38-866f-eaaf37fe8b38]
2025-01-30 18:33:27,709 INFO c.h.h.t.HelmChartContainer - [hivemq-test-hivemq-platform] [hivemq-platform-operator] [1f650712] 18:33:27.706 [pool-6-thread-23] DEBUG c.h.p.o.dependants.PodInfoConfigMap - [helmupgr] Desired PodInfo ConfigMap (1 extensions) (1 enabled)
2025-01-30 18:33:27,709 INFO c.h.h.t.HelmChartContainer - [hivemq-test-hivemq-platform] [hivemq-platform-operator] [1f650712] 18:33:27.707 [pool-6-thread-23] DEBUG c.h.p.o.dependants.PodInfoConfigMap - [helmupgr] Desired PodInfo ConfigMap (metrics port: 9399) (metrics path: /)
2025-01-30 18:33:27,709 INFO c.h.h.t.HelmChartContainer - [hivemq-test-hivemq-platform] [hivemq-platform-operator] [1f650712] 18:33:27.707 [pool-6-thread-23] DEBUG c.h.p.o.dependants.PodInfoConfigMap - [helmupgr] Desired PodInfo ConfigMap (extension state hash: -1817474005)
2025-01-30 18:33:27,711 INFO c.h.h.t.HelmChartContainer - [hivemq-test-hivemq-platform] [hivemq-platform-operator] [1f650712] 18:33:27.707 [pool-6-thread-24] DEBUG c.h.p.o.d.PlatformServiceResource - [helmupgr] Desired Platform services (3 services)
2025-01-30 18:33:27,711 INFO c.h.h.t.HelmChartContainer - [hivemq-test-hivemq-platform] [hivemq-platform-operator] [1f650712] 18:33:27.708 [pool-6-thread-23] DEBUG c.h.p.o.d.PodServiceAccountResource - [helmupgr] Desired PodServiceAccountResource (serviceAccountName: hivemq-platform-pod-test-hivemq-platform)
2025-01-30 18:33:27,716 INFO c.h.h.t.HelmChartContainer - [hivemq-test-hivemq-platform] [hivemq-platform-operator] [1f650712] 18:33:27.714 [pool-6-thread-29] DEBUG c.h.p.o.d.StatefulSetResource - [helmupgr] Desired StatefulSet (2 replicas) for status SCALING (READY)
2025-01-30 18:33:27,719 INFO c.h.h.t.HelmChartContainer - [hivemq-test-hivemq-platform] [hivemq-platform-operator] [1f650712] 18:33:27.718 [ReconcilerExecutor-hivemq-controller-120] INFO  c.h.p.o.HiveMQPlatformReconciler - [helmupgr] Reconciling HiveMQ Platform 'test-hivemq-platform' in namespace 'helmupgradeplatformit'
2025-01-30 18:33:27,720 INFO c.h.h.t.HelmChartContainer - [hivemq-test-hivemq-platform] [hivemq-platform-operator] [1f650712] 18:33:27.718 [ReconcilerExecutor-hivemq-controller-120] DEBUG c.h.p.o.HiveMQPlatformReconciler - [helmupgr] Custom Resource Status SCALING - HiveMQ Platform is scaling (READY)
2025-01-30 18:33:27,720 INFO c.h.h.t.HelmChartContainer - [hivemq-test-hivemq-platform] [hivemq-platform-operator] [1f650712] 18:33:27.718 [ReconcilerExecutor-hivemq-controller-120] DEBUG c.h.p.o.HiveMQPlatformReconciler - [helmupgr] Custom Resource Spec (replicas: 2) (extensions: 1)
2025-01-30 18:33:27,721 INFO c.h.h.t.HelmChartContainer - [hivemq-test-hivemq-platform] [hivemq-platform-operator] [1f650712] 18:33:27.719 [ReconcilerExecutor-hivemq-controller-120] DEBUG c.h.p.o.HiveMQPlatformReconciler - [helmupgr] StatefulSet Status (revision: test-hivemq-platform-77d44868f9, replicas: 2, available: 1, ready: 1, current: 2, updated: 2)
2025-01-30 18:33:27,721 INFO c.h.h.t.HelmChartContainer - [hivemq-test-hivemq-platform] [hivemq-platform-operator] [1f650712] 18:33:27.720 [ReconcilerExecutor-hivemq-controller-120] DEBUG c.h.p.o.HiveMQPlatformReconciler - [helmupgr] StatefulSet Spec (replicas: 2, init containers: 1, containers: 1, volumes: 3)
2025-01-30 18:33:27,722 INFO c.h.h.t.HelmChartContainer - [test-hivemq-platform] [hivemq] [4793bd67] INFO  - [HiveMQ Platform Operator Init App 1.7.0-SNAPSHOT] Successfully updated Pod HiveMQ Platform Operator Init App version annotation (version: 1.7.0-SNAPSHOT)
2025-01-30 18:33:27,733 INFO c.h.h.t.HelmChartContainer - [hivemq-test-hivemq-platform] [hivemq-platform-operator] [1f650712] 18:33:27.732 [ReconcilerExecutor-hivemq-controller-120] DEBUG c.h.p.o.h.HiveMQPlatformReconcilerErrorHandler - [helmupgr] Pod 'test-hivemq-platform-1' phase Running
2025-01-30 18:33:27,734 INFO c.h.h.t.HelmChartContainer - [hivemq-test-hivemq-platform] [hivemq-platform-operator] [1f650712] 18:33:27.734 [ReconcilerExecutor-hivemq-controller-120] DEBUG c.h.p.o.h.HiveMQPlatformReconcilerErrorHandler - [helmupgr] Pod 'test-hivemq-platform-0' phase Running
2025-01-30 18:33:27,735 INFO c.h.h.t.HelmChartContainer - [hivemq-test-hivemq-platform] [hivemq-platform-operator] [1f650712] 18:33:27.734 [ReconcilerExecutor-hivemq-controller-120] DEBUG c.h.p.o.h.HiveMQPlatformReconcilerScalingHandler - [helmupgr] HiveMQ Platform is scaling, waiting for 1 of 2 replicas
2025-01-30 18:33:29,580 INFO c.h.h.t.HelmChartContainer - [test-hivemq-platform] [hivemq] [131b9d9f] INFO  - [HiveMQ Platform Operator Init App 1.7.0-SNAPSHOT] Returning Health API response 200 for liveness
2025-01-30 18:33:32,704 INFO c.h.h.t.HelmChartContainer - [EVENT] Warning [Unhealthy] Readiness probe failed: HTTP probe failed with statuscode: 503 [helmupgradeplatformit:test-hivemq-platform-1]
2025-01-30 18:33:32,704 INFO c.h.h.t.HelmChartContainer - Received Unhealthy event for container hivemq in pod test-hivemq-platform-1 [4793bd67-727b-4e38-866f-eaaf37fe8b38]
2025-01-30 18:33:35,325 INFO c.h.h.t.HelmChartContainer - [test-hivemq-platform] [hivemq] [4793bd67] INFO  - [HiveMQ Platform Operator Init App 1.7.0-SNAPSHOT] Proceeding with container start
2025-01-30 18:33:35,329 INFO c.h.h.t.HelmChartContainer - [test-hivemq-platform] [hivemq] [4793bd67] INFO  - [HiveMQ Platform Operator Init App 1.7.0-SNAPSHOT] Initializing HiveMQ Platform extensions with initial configuration: {hivemq-allow-all-extension={start-priority=-1, skip-https-hostname-verification=false, restart=true, config-version=0, header-version=0, c-uri=, priority=-1, uri=preinstalled, skip-https-certificate-validation=false, enabled=true}, hivemq-prometheus-extension={restart=true, enabled=true, request-header-path=no-request-headers, uri=preinstalled, skip-https-certificate-validation=false, skip-https-hostname-verification=false, c-uri=, start-priority=-1, priority=-1}}
2025-01-30 18:33:35,725 INFO c.h.h.t.HelmChartContainer - [test-hivemq-platform] [hivemq] [4793bd67] INFO  - [HiveMQ Platform Operator Init App 1.7.0-SNAPSHOT] Extension hivemq-allow-all-extension was already enabled
2025-01-30 18:33:35,735 INFO c.h.h.t.HelmChartContainer - [test-hivemq-platform] [hivemq] [4793bd67] INFO  - [HiveMQ Platform Operator Init App 1.7.0-SNAPSHOT] Successfully enabled extension hivemq-prometheus-extension
2025-01-30 18:33:35,817 INFO c.h.h.t.HelmChartContainer - [test-hivemq-platform] [hivemq] [4793bd67] INFO  - [HiveMQ Platform Operator Init App 1.7.0-SNAPSHOT] Starting HiveMQ Platform version 4.36.0 (4.36.0)
2025-01-30 18:33:35,817 INFO c.h.h.t.HelmChartContainer - [test-hivemq-platform] [hivemq] [4793bd67] INFO  - [HiveMQ Platform Operator Init App 1.7.0-SNAPSHOT] Configuring the HiveMQ Platform
2025-01-30 18:33:35,827 INFO c.h.h.t.HelmChartContainer - [test-hivemq-platform] [hivemq] [4793bd67] INFO  - [HiveMQ Platform Operator Init App 1.7.0-SNAPSHOT] Changed logback.xml file scan period to 20 seconds
2025-01-30 18:33:35,921 INFO c.h.h.t.HelmChartContainer - [test-hivemq-platform] [hivemq] [4793bd67] INFO  - [HiveMQ Platform Operator Init App 1.7.0-SNAPSHOT] Starting the HiveMQ Platform
2025-01-30 18:33:35,925 INFO c.h.h.t.HelmChartContainer - [test-hivemq-platform] [hivemq] [4793bd67] -------------------------------------------------------------------------
2025-01-30 18:33:35,925 INFO c.h.h.t.HelmChartContainer - [test-hivemq-platform] [hivemq] [4793bd67] 
2025-01-30 18:33:35,925 INFO c.h.h.t.HelmChartContainer - [test-hivemq-platform] [hivemq] [4793bd67]                   _    _  _              __  __   ____
2025-01-30 18:33:35,925 INFO c.h.h.t.HelmChartContainer - [test-hivemq-platform] [hivemq] [4793bd67]                  | |  | |(_)            |  \/  | / __ \
2025-01-30 18:33:35,925 INFO c.h.h.t.HelmChartContainer - [test-hivemq-platform] [hivemq] [4793bd67]                  | |__| | _ __   __ ___ | \  / || |  | |
2025-01-30 18:33:35,925 INFO c.h.h.t.HelmChartContainer - [test-hivemq-platform] [hivemq] [4793bd67]                  |  __  || |\ \ / // _ \| |\/| || |  | |
2025-01-30 18:33:35,925 INFO c.h.h.t.HelmChartContainer - [test-hivemq-platform] [hivemq] [4793bd67]                  | |  | || | \ V /|  __/| |  | || |__| |
2025-01-30 18:33:35,925 INFO c.h.h.t.HelmChartContainer - [test-hivemq-platform] [hivemq] [4793bd67]                  |_|  |_||_|  \_/  \___||_|  |_| \___\_\
2025-01-30 18:33:35,925 INFO c.h.h.t.HelmChartContainer - [test-hivemq-platform] [hivemq] [4793bd67] 
2025-01-30 18:33:35,926 INFO c.h.h.t.HelmChartContainer - [test-hivemq-platform] [hivemq] [4793bd67] -------------------------------------------------------------------------
2025-01-30 18:33:35,926 INFO c.h.h.t.HelmChartContainer - [test-hivemq-platform] [hivemq] [4793bd67] 
2025-01-30 18:33:35,926 INFO c.h.h.t.HelmChartContainer - [test-hivemq-platform] [hivemq] [4793bd67]   HiveMQ Start Script for Linux/Unix v1.14
2025-01-30 18:33:35,926 INFO c.h.h.t.HelmChartContainer - [test-hivemq-platform] [hivemq] [4793bd67] 
2025-01-30 18:33:36,021 INFO c.h.h.t.HelmChartContainer - [test-hivemq-platform] [hivemq] [4793bd67] -------------------------------------------------------------------------
2025-01-30 18:33:36,021 INFO c.h.h.t.HelmChartContainer - [test-hivemq-platform] [hivemq] [4793bd67] 
2025-01-30 18:33:36,021 INFO c.h.h.t.HelmChartContainer - [test-hivemq-platform] [hivemq] [4793bd67]   HIVEMQ_HOME: /opt/hivemq
2025-01-30 18:33:36,021 INFO c.h.h.t.HelmChartContainer - [test-hivemq-platform] [hivemq] [4793bd67] 
2025-01-30 18:33:36,021 INFO c.h.h.t.HelmChartContainer - [test-hivemq-platform] [hivemq] [4793bd67]   JAVA_OPTS: -XX:+UnlockExperimentalVMOptions -XX:InitialRAMPercentage=50 -XX:MaxRAMPercentage=50 -Djava.net.preferIPv4Stack=true --add-opens java.base/java.lang=ALL-UNNAMED --add-opens java.base/java.nio=ALL-UNNAMED --add-opens java.base/sun.nio.ch=ALL-UNNAMED --add-opens jdk.management/com.sun.management.internal=ALL-UNNAMED --add-exports java.base/jdk.internal.misc=ALL-UNNAMED -Djava.security.egd=file:/dev/./urandom -Dcom.sun.management.jmxremote -Dcom.sun.management.jmxremote.port=9010 -Dcom.sun.management.jmxremote.local.only=false -Dcom.sun.management.jmxremote.authenticate=false -Dcom.sun.management.jmxremote.ssl=false -Duser.language=en -Duser.region=US -XX:+CrashOnOutOfMemoryError -XX:+HeapDumpOnOutOfMemoryError
2025-01-30 18:33:36,021 INFO c.h.h.t.HelmChartContainer - [test-hivemq-platform] [hivemq] [4793bd67] 
2025-01-30 18:33:36,021 INFO c.h.h.t.HelmChartContainer - [test-hivemq-platform] [hivemq] [4793bd67]   JAVA_VERSION: 21
2025-01-30 18:33:36,022 INFO c.h.h.t.HelmChartContainer - [test-hivemq-platform] [hivemq] [4793bd67] 
2025-01-30 18:33:36,022 INFO c.h.h.t.HelmChartContainer - [test-hivemq-platform] [hivemq] [4793bd67] -------------------------------------------------------------------------
2025-01-30 18:33:36,022 INFO c.h.h.t.HelmChartContainer - [test-hivemq-platform] [hivemq] [4793bd67] 
2025-01-30 18:33:37,724 INFO c.h.h.t.HelmChartContainer - [EVENT] Warning [Unhealthy] Readiness probe failed: HTTP probe failed with statuscode: 503 [helmupgradeplatformit:test-hivemq-platform-1]
2025-01-30 18:33:37,724 INFO c.h.h.t.HelmChartContainer - Received Unhealthy event for container hivemq in pod test-hivemq-platform-1 [4793bd67-727b-4e38-866f-eaaf37fe8b38]
2025-01-30 18:33:37,740 INFO c.h.h.t.HelmChartContainer - [hivemq-test-hivemq-platform] [hivemq-platform-operator] [1f650712] 18:33:37.737 [pool-6-thread-38] DEBUG c.h.p.o.dependants.PodInfoConfigMap - [helmupgr] Desired PodInfo ConfigMap (1 extensions) (1 enabled)
2025-01-30 18:33:37,740 INFO c.h.h.t.HelmChartContainer - [hivemq-test-hivemq-platform] [hivemq-platform-operator] [1f650712] 18:33:37.737 [pool-6-thread-38] DEBUG c.h.p.o.dependants.PodInfoConfigMap - [helmupgr] Desired PodInfo ConfigMap (metrics port: 9399) (metrics path: /)
2025-01-30 18:33:37,740 INFO c.h.h.t.HelmChartContainer - [hivemq-test-hivemq-platform] [hivemq-platform-operator] [1f650712] 18:33:37.737 [pool-6-thread-38] DEBUG c.h.p.o.dependants.PodInfoConfigMap - [helmupgr] Desired PodInfo ConfigMap (extension state hash: -1817474005)
2025-01-30 18:33:37,740 INFO c.h.h.t.HelmChartContainer - [hivemq-test-hivemq-platform] [hivemq-platform-operator] [1f650712] 18:33:37.737 [pool-6-thread-36] DEBUG c.h.p.o.d.PodServiceAccountResource - [helmupgr] Desired PodServiceAccountResource (serviceAccountName: hivemq-platform-pod-test-hivemq-platform)
2025-01-30 18:33:37,741 INFO c.h.h.t.HelmChartContainer - [hivemq-test-hivemq-platform] [hivemq-platform-operator] [1f650712] 18:33:37.738 [pool-6-thread-37] DEBUG c.h.p.o.d.PlatformServiceResource - [helmupgr] Desired Platform services (3 services)
2025-01-30 18:33:37,743 INFO c.h.h.t.HelmChartContainer - [hivemq-test-hivemq-platform] [hivemq-platform-operator] [1f650712] 18:33:37.742 [pool-6-thread-37] DEBUG c.h.p.o.d.StatefulSetResource - [helmupgr] Desired StatefulSet (2 replicas) for status SCALING (READY)
2025-01-30 18:33:37,835 INFO c.h.h.t.HelmChartContainer - [hivemq-test-hivemq-platform] [hivemq-platform-operator] [1f650712] 18:33:37.834 [ReconcilerExecutor-hivemq-controller-121] INFO  c.h.p.o.HiveMQPlatformReconciler - [helmupgr] Reconciling HiveMQ Platform 'test-hivemq-platform' in namespace 'helmupgradeplatformit'
2025-01-30 18:33:37,835 INFO c.h.h.t.HelmChartContainer - [hivemq-test-hivemq-platform] [hivemq-platform-operator] [1f650712] 18:33:37.834 [ReconcilerExecutor-hivemq-controller-121] DEBUG c.h.p.o.HiveMQPlatformReconciler - [helmupgr] Custom Resource Status SCALING - HiveMQ Platform is scaling (READY)
2025-01-30 18:33:37,835 INFO c.h.h.t.HelmChartContainer - [hivemq-test-hivemq-platform] [hivemq-platform-operator] [1f650712] 18:33:37.834 [ReconcilerExecutor-hivemq-controller-121] DEBUG c.h.p.o.HiveMQPlatformReconciler - [helmupgr] Custom Resource Spec (replicas: 2) (extensions: 1)
2025-01-30 18:33:37,838 INFO c.h.h.t.HelmChartContainer - [hivemq-test-hivemq-platform] [hivemq-platform-operator] [1f650712] 18:33:37.835 [ReconcilerExecutor-hivemq-controller-121] DEBUG c.h.p.o.HiveMQPlatformReconciler - [helmupgr] StatefulSet Status (revision: test-hivemq-platform-77d44868f9, replicas: 2, available: 1, ready: 1, current: 2, updated: 2)
2025-01-30 18:33:37,838 INFO c.h.h.t.HelmChartContainer - [hivemq-test-hivemq-platform] [hivemq-platform-operator] [1f650712] 18:33:37.835 [ReconcilerExecutor-hivemq-controller-121] DEBUG c.h.p.o.HiveMQPlatformReconciler - [helmupgr] StatefulSet Spec (replicas: 2, init containers: 1, containers: 1, volumes: 3)
2025-01-30 18:33:37,839 INFO c.h.h.t.HelmChartContainer - [hivemq-test-hivemq-platform] [hivemq-platform-operator] [1f650712] 18:33:37.838 [ReconcilerExecutor-hivemq-controller-121] DEBUG c.h.p.o.h.HiveMQPlatformReconcilerErrorHandler - [helmupgr] Pod 'test-hivemq-platform-1' phase Running
2025-01-30 18:33:37,840 INFO c.h.h.t.HelmChartContainer - [hivemq-test-hivemq-platform] [hivemq-platform-operator] [1f650712] 18:33:37.839 [ReconcilerExecutor-hivemq-controller-121] DEBUG c.h.p.o.h.HiveMQPlatformReconcilerErrorHandler - [helmupgr] Pod 'test-hivemq-platform-0' phase Running
2025-01-30 18:33:37,841 INFO c.h.h.t.HelmChartContainer - [hivemq-test-hivemq-platform] [hivemq-platform-operator] [1f650712] 18:33:37.840 [ReconcilerExecutor-hivemq-controller-121] DEBUG c.h.p.o.h.HiveMQPlatformReconcilerScalingHandler - [helmupgr] HiveMQ Platform is scaling, waiting for 1 of 2 replicas
2025-01-30 18:33:38,427 INFO c.h.h.t.HelmChartContainer - [test-hivemq-platform] [hivemq] [4793bd67] INFO  - Starting HiveMQ Enterprise Server
2025-01-30 18:33:38,433 INFO c.h.h.t.HelmChartContainer - [test-hivemq-platform] [hivemq] [4793bd67] INFO  - HiveMQ version: 4.36.0
2025-01-30 18:33:38,433 INFO c.h.h.t.HelmChartContainer - [test-hivemq-platform] [hivemq] [4793bd67] INFO  - HiveMQ home directory: /opt/hivemq
2025-01-30 18:33:38,433 INFO c.h.h.t.HelmChartContainer - [test-hivemq-platform] [hivemq] [4793bd67] INFO  - Log Configuration was overridden by /opt/hivemq/conf/logback.xml
2025-01-30 18:33:39,719 INFO c.h.h.t.HelmChartContainer - [test-hivemq-platform] [hivemq] [4793bd67] INFO  - Successfully loaded configuration from '/opt/hivemq/conf-k8s/config.xml'.
2025-01-30 18:33:40,020 INFO c.h.h.t.HelmChartContainer - [test-hivemq-platform] [hivemq] [4793bd67] INFO  - This node's ID is BVL0V
2025-01-30 18:33:40,020 INFO c.h.h.t.HelmChartContainer - [test-hivemq-platform] [hivemq] [4793bd67] INFO  - Clustering is enabled
2025-01-30 18:33:43,018 INFO c.h.h.t.HelmChartContainer - [test-hivemq-platform] [hivemq] [4793bd67] WARN  - [HiveMQ Platform Operator Init App 1.7.0-SNAPSHOT] Cannot connect to Health API for readiness: null
2025-01-30 18:33:43,025 INFO c.h.h.t.HelmChartContainer - [EVENT] Warning [Unhealthy] Readiness probe failed: HTTP probe failed with statuscode: 503 [helmupgradeplatformit:test-hivemq-platform-1]
2025-01-30 18:33:43,025 INFO c.h.h.t.HelmChartContainer - Received Unhealthy event for container hivemq in pod test-hivemq-platform-1 [4793bd67-727b-4e38-866f-eaaf37fe8b38]
2025-01-30 18:33:45,016 INFO c.h.h.t.HelmChartContainer - [test-hivemq-platform] [hivemq] [4793bd67] WARN  - [HiveMQ Platform Operator Init App 1.7.0-SNAPSHOT] Cannot connect to Health API for liveness: null
2025-01-30 18:33:45,016 INFO c.h.h.t.HelmChartContainer - [test-hivemq-platform] [hivemq] [4793bd67] INFO  - [HiveMQ Platform Operator Init App 1.7.0-SNAPSHOT] Returning default Health API response 200 for liveness
2025-01-30 18:33:47,718 INFO c.h.h.t.HelmChartContainer - [test-hivemq-platform] [hivemq] [4793bd67] WARN  - [HiveMQ Platform Operator Init App 1.7.0-SNAPSHOT] Cannot connect to Health API for readiness: null
2025-01-30 18:33:47,725 INFO c.h.h.t.HelmChartContainer - [EVENT] Warning [Unhealthy] Readiness probe failed: HTTP probe failed with statuscode: 503 [helmupgradeplatformit:test-hivemq-platform-1]
2025-01-30 18:33:47,725 INFO c.h.h.t.HelmChartContainer - Received Unhealthy event for container hivemq in pod test-hivemq-platform-1 [4793bd67-727b-4e38-866f-eaaf37fe8b38]
2025-01-30 18:33:47,845 INFO c.h.h.t.HelmChartContainer - [hivemq-test-hivemq-platform] [hivemq-platform-operator] [1f650712] 18:33:47.843 [pool-6-thread-47] DEBUG c.h.p.o.d.PlatformServiceResource - [helmupgr] Desired Platform services (3 services)
2025-01-30 18:33:47,845 INFO c.h.h.t.HelmChartContainer - [hivemq-test-hivemq-platform] [hivemq-platform-operator] [1f650712] 18:33:47.844 [pool-6-thread-43] DEBUG c.h.p.o.dependants.PodInfoConfigMap - [helmupgr] Desired PodInfo ConfigMap (1 extensions) (1 enabled)
2025-01-30 18:33:47,845 INFO c.h.h.t.HelmChartContainer - [hivemq-test-hivemq-platform] [hivemq-platform-operator] [1f650712] 18:33:47.844 [pool-6-thread-43] DEBUG c.h.p.o.dependants.PodInfoConfigMap - [helmupgr] Desired PodInfo ConfigMap (metrics port: 9399) (metrics path: /)
2025-01-30 18:33:47,845 INFO c.h.h.t.HelmChartContainer - [hivemq-test-hivemq-platform] [hivemq-platform-operator] [1f650712] 18:33:47.844 [pool-6-thread-43] DEBUG c.h.p.o.dependants.PodInfoConfigMap - [helmupgr] Desired PodInfo ConfigMap (extension state hash: -1817474005)
2025-01-30 18:33:47,845 INFO c.h.h.t.HelmChartContainer - [hivemq-test-hivemq-platform] [hivemq-platform-operator] [1f650712] 18:33:47.844 [pool-6-thread-48] DEBUG c.h.p.o.d.PodServiceAccountResource - [helmupgr] Desired PodServiceAccountResource (serviceAccountName: hivemq-platform-pod-test-hivemq-platform)
2025-01-30 18:33:47,848 INFO c.h.h.t.HelmChartContainer - [hivemq-test-hivemq-platform] [hivemq-platform-operator] [1f650712] 18:33:47.847 [pool-6-thread-47] DEBUG c.h.p.o.d.StatefulSetResource - [helmupgr] Desired StatefulSet (2 replicas) for status SCALING (READY)
2025-01-30 18:33:47,853 INFO c.h.h.t.HelmChartContainer - [hivemq-test-hivemq-platform] [hivemq-platform-operator] [1f650712] 18:33:47.850 [ReconcilerExecutor-hivemq-controller-122] INFO  c.h.p.o.HiveMQPlatformReconciler - [helmupgr] Reconciling HiveMQ Platform 'test-hivemq-platform' in namespace 'helmupgradeplatformit'
2025-01-30 18:33:47,853 INFO c.h.h.t.HelmChartContainer - [hivemq-test-hivemq-platform] [hivemq-platform-operator] [1f650712] 18:33:47.850 [ReconcilerExecutor-hivemq-controller-122] DEBUG c.h.p.o.HiveMQPlatformReconciler - [helmupgr] Custom Resource Status SCALING - HiveMQ Platform is scaling (READY)
2025-01-30 18:33:47,853 INFO c.h.h.t.HelmChartContainer - [hivemq-test-hivemq-platform] [hivemq-platform-operator] [1f650712] 18:33:47.850 [ReconcilerExecutor-hivemq-controller-122] DEBUG c.h.p.o.HiveMQPlatformReconciler - [helmupgr] Custom Resource Spec (replicas: 2) (extensions: 1)
2025-01-30 18:33:47,853 INFO c.h.h.t.HelmChartContainer - [hivemq-test-hivemq-platform] [hivemq-platform-operator] [1f650712] 18:33:47.852 [ReconcilerExecutor-hivemq-controller-122] DEBUG c.h.p.o.HiveMQPlatformReconciler - [helmupgr] StatefulSet Status (revision: test-hivemq-platform-77d44868f9, replicas: 2, available: 1, ready: 1, current: 2, updated: 2)
2025-01-30 18:33:47,854 INFO c.h.h.t.HelmChartContainer - [hivemq-test-hivemq-platform] [hivemq-platform-operator] [1f650712] 18:33:47.852 [ReconcilerExecutor-hivemq-controller-122] DEBUG c.h.p.o.HiveMQPlatformReconciler - [helmupgr] StatefulSet Spec (replicas: 2, init containers: 1, containers: 1, volumes: 3)
2025-01-30 18:33:47,856 INFO c.h.h.t.HelmChartContainer - [hivemq-test-hivemq-platform] [hivemq-platform-operator] [1f650712] 18:33:47.853 [ReconcilerExecutor-hivemq-controller-122] DEBUG c.h.p.o.h.HiveMQPlatformReconcilerErrorHandler - [helmupgr] Pod 'test-hivemq-platform-1' phase Running
2025-01-30 18:33:47,856 INFO c.h.h.t.HelmChartContainer - [hivemq-test-hivemq-platform] [hivemq-platform-operator] [1f650712] 18:33:47.854 [ReconcilerExecutor-hivemq-controller-122] DEBUG c.h.p.o.h.HiveMQPlatformReconcilerErrorHandler - [helmupgr] Pod 'test-hivemq-platform-0' phase Running
2025-01-30 18:33:47,856 INFO c.h.h.t.HelmChartContainer - [hivemq-test-hivemq-platform] [hivemq-platform-operator] [1f650712] 18:33:47.855 [ReconcilerExecutor-hivemq-controller-122] DEBUG c.h.p.o.h.HiveMQPlatformReconcilerScalingHandler - [helmupgr] HiveMQ Platform is scaling, waiting for 1 of 2 replicas
2025-01-30 18:33:52,718 INFO c.h.h.t.HelmChartContainer - [test-hivemq-platform] [hivemq] [4793bd67] WARN  - [HiveMQ Platform Operator Init App 1.7.0-SNAPSHOT] Cannot connect to Health API for readiness: null
2025-01-30 18:33:52,723 INFO c.h.h.t.HelmChartContainer - [EVENT] Warning [Unhealthy] Readiness probe failed: HTTP probe failed with statuscode: 503 [helmupgradeplatformit:test-hivemq-platform-1]
2025-01-30 18:33:52,723 INFO c.h.h.t.HelmChartContainer - Received Unhealthy event for container hivemq in pod test-hivemq-platform-1 [4793bd67-727b-4e38-866f-eaaf37fe8b38]
2025-01-30 18:33:53,715 INFO c.h.h.t.HelmChartContainer - [test-hivemq-platform] [hivemq] [4793bd67] INFO  - No valid license file found. Using trial license, restricted to 25 connections.
2025-01-30 18:33:56,839 INFO c.h.h.t.HelmChartContainer - [test-hivemq-platform] [hivemq] [4793bd67] INFO  - No valid license file for Data Hub found. Using free license, restricted to 1 policy.
2025-01-30 18:33:57,717 INFO c.h.h.t.HelmChartContainer - [test-hivemq-platform] [hivemq] [4793bd67] WARN  - [HiveMQ Platform Operator Init App 1.7.0-SNAPSHOT] Cannot connect to Health API for readiness: null
2025-01-30 18:33:57,722 INFO c.h.h.t.HelmChartContainer - [EVENT] Warning [Unhealthy] Readiness probe failed: HTTP probe failed with statuscode: 503 [helmupgradeplatformit:test-hivemq-platform-1]
2025-01-30 18:33:57,722 INFO c.h.h.t.HelmChartContainer - Received Unhealthy event for container hivemq in pod test-hivemq-platform-1 [4793bd67-727b-4e38-866f-eaaf37fe8b38]
2025-01-30 18:33:57,860 INFO c.h.h.t.HelmChartContainer - [hivemq-test-hivemq-platform] [hivemq-platform-operator] [1f650712] 18:33:57.858 [pool-6-thread-7] DEBUG c.h.p.o.d.PlatformServiceResource - [helmupgr] Desired Platform services (3 services)
2025-01-30 18:33:57,862 INFO c.h.h.t.HelmChartContainer - [hivemq-test-hivemq-platform] [hivemq-platform-operator] [1f650712] 18:33:57.858 [pool-6-thread-3] DEBUG c.h.p.o.d.PodServiceAccountResource - [helmupgr] Desired PodServiceAccountResource (serviceAccountName: hivemq-platform-pod-test-hivemq-platform)
2025-01-30 18:33:57,863 INFO c.h.h.t.HelmChartContainer - [hivemq-test-hivemq-platform] [hivemq-platform-operator] [1f650712] 18:33:57.860 [pool-6-thread-2] DEBUG c.h.p.o.dependants.PodInfoConfigMap - [helmupgr] Desired PodInfo ConfigMap (1 extensions) (1 enabled)
2025-01-30 18:33:57,863 INFO c.h.h.t.HelmChartContainer - [hivemq-test-hivemq-platform] [hivemq-platform-operator] [1f650712] 18:33:57.860 [pool-6-thread-2] DEBUG c.h.p.o.dependants.PodInfoConfigMap - [helmupgr] Desired PodInfo ConfigMap (metrics port: 9399) (metrics path: /)
2025-01-30 18:33:57,863 INFO c.h.h.t.HelmChartContainer - [hivemq-test-hivemq-platform] [hivemq-platform-operator] [1f650712] 18:33:57.860 [pool-6-thread-2] DEBUG c.h.p.o.dependants.PodInfoConfigMap - [helmupgr] Desired PodInfo ConfigMap (extension state hash: -1817474005)
2025-01-30 18:33:57,865 INFO c.h.h.t.HelmChartContainer - [hivemq-test-hivemq-platform] [hivemq-platform-operator] [1f650712] 18:33:57.863 [pool-6-thread-7] DEBUG c.h.p.o.d.StatefulSetResource - [helmupgr] Desired StatefulSet (2 replicas) for status SCALING (READY)
2025-01-30 18:33:57,866 INFO c.h.h.t.HelmChartContainer - [hivemq-test-hivemq-platform] [hivemq-platform-operator] [1f650712] 18:33:57.866 [ReconcilerExecutor-hivemq-controller-123] INFO  c.h.p.o.HiveMQPlatformReconciler - [helmupgr] Reconciling HiveMQ Platform 'test-hivemq-platform' in namespace 'helmupgradeplatformit'
2025-01-30 18:33:57,867 INFO c.h.h.t.HelmChartContainer - [hivemq-test-hivemq-platform] [hivemq-platform-operator] [1f650712] 18:33:57.866 [ReconcilerExecutor-hivemq-controller-123] DEBUG c.h.p.o.HiveMQPlatformReconciler - [helmupgr] Custom Resource Status SCALING - HiveMQ Platform is scaling (READY)
2025-01-30 18:33:57,867 INFO c.h.h.t.HelmChartContainer - [hivemq-test-hivemq-platform] [hivemq-platform-operator] [1f650712] 18:33:57.866 [ReconcilerExecutor-hivemq-controller-123] DEBUG c.h.p.o.HiveMQPlatformReconciler - [helmupgr] Custom Resource Spec (replicas: 2) (extensions: 1)
2025-01-30 18:33:57,869 INFO c.h.h.t.HelmChartContainer - [hivemq-test-hivemq-platform] [hivemq-platform-operator] [1f650712] 18:33:57.867 [ReconcilerExecutor-hivemq-controller-123] DEBUG c.h.p.o.HiveMQPlatformReconciler - [helmupgr] StatefulSet Status (revision: test-hivemq-platform-77d44868f9, replicas: 2, available: 1, ready: 1, current: 2, updated: 2)
2025-01-30 18:33:57,869 INFO c.h.h.t.HelmChartContainer - [hivemq-test-hivemq-platform] [hivemq-platform-operator] [1f650712] 18:33:57.867 [ReconcilerExecutor-hivemq-controller-123] DEBUG c.h.p.o.HiveMQPlatformReconciler - [helmupgr] StatefulSet Spec (replicas: 2, init containers: 1, containers: 1, volumes: 3)
2025-01-30 18:33:57,871 INFO c.h.h.t.HelmChartContainer - [hivemq-test-hivemq-platform] [hivemq-platform-operator] [1f650712] 18:33:57.870 [ReconcilerExecutor-hivemq-controller-123] DEBUG c.h.p.o.h.HiveMQPlatformReconcilerErrorHandler - [helmupgr] Pod 'test-hivemq-platform-1' phase Running
2025-01-30 18:33:57,874 INFO c.h.h.t.HelmChartContainer - [hivemq-test-hivemq-platform] [hivemq-platform-operator] [1f650712] 18:33:57.873 [ReconcilerExecutor-hivemq-controller-123] DEBUG c.h.p.o.h.HiveMQPlatformReconcilerErrorHandler - [helmupgr] Pod 'test-hivemq-platform-0' phase Running
2025-01-30 18:33:57,875 INFO c.h.h.t.HelmChartContainer - [hivemq-test-hivemq-platform] [hivemq-platform-operator] [1f650712] 18:33:57.873 [ReconcilerExecutor-hivemq-controller-123] DEBUG c.h.p.o.h.HiveMQPlatformReconcilerScalingHandler - [helmupgr] HiveMQ Platform is scaling, waiting for 1 of 2 replicas
2025-01-30 18:33:58,043 INFO c.h.h.t.HelmChartContainer - [test-hivemq-platform] [hivemq] [4793bd67] INFO  - Audit Logger started.
2025-01-30 18:33:58,348 INFO c.h.h.t.HelmChartContainer - [test-hivemq-platform] [hivemq] [4793bd67] INFO  - This node uses '1' CPU cores.
2025-01-30 18:33:58,353 INFO c.h.h.t.HelmChartContainer - [test-hivemq-platform] [hivemq] [4793bd67] INFO  - Starting HiveMQ Health API on address 0.0.0.0 and port 8889
2025-01-30 18:33:59,024 INFO c.h.h.t.HelmChartContainer - [test-hivemq-platform] [hivemq] [4793bd67] INFO  - Started HiveMQ Health API in 670ms
2025-01-30 18:33:59,452 INFO c.h.h.t.HelmChartContainer - [test-hivemq-platform] [hivemq] [4793bd67] INFO  - Starting HiveMQ extension system.
2025-01-30 18:33:59,719 INFO c.h.h.t.HelmChartContainer - [test-hivemq-platform] [hivemq] [4793bd67] INFO  - Starting extension with id "hivemq-dns-cluster-discovery" at /opt/hivemq/extensions/hivemq-dns-cluster-discovery
2025-01-30 18:34:00,327 INFO c.h.h.t.HelmChartContainer - [test-hivemq-platform] [hivemq] [4793bd67] INFO  - Extension "DNS Cluster Discovery Extension" version 4.3.2 started successfully.
2025-01-30 18:34:00,327 INFO c.h.h.t.HelmChartContainer - [test-hivemq-platform] [hivemq] [4793bd67] INFO  - Using TCP cluster transport on address 10.42.0.11 and port 7000
2025-01-30 18:34:00,327 INFO c.h.h.t.HelmChartContainer - [test-hivemq-platform] [hivemq] [4793bd67] INFO  - Starting extension with id "hivemq-prometheus-extension" at /opt/hivemq/extensions/hivemq-prometheus-extension
2025-01-30 18:34:00,419 INFO c.h.h.t.HelmChartContainer - [test-hivemq-platform] [hivemq] [4793bd67] INFO  - Using extension cluster discovery
2025-01-30 18:34:01,324 INFO c.h.h.t.HelmChartContainer - [test-hivemq-platform] [hivemq] [4793bd67] INFO  - Started Jetty Server exposing Prometheus Servlet on URI http://0.0.0.0:9399/
2025-01-30 18:34:01,325 INFO c.h.h.t.HelmChartContainer - [test-hivemq-platform] [hivemq] [4793bd67] INFO  - Extension "Prometheus Monitoring Extension" version 4.0.12 started successfully.
2025-01-30 18:34:01,325 INFO c.h.h.t.HelmChartContainer - [test-hivemq-platform] [hivemq] [4793bd67] INFO  - Starting extension with id "hivemq-allow-all-extension" at /opt/hivemq/extensions/hivemq-allow-all-extension
2025-01-30 18:34:01,325 INFO c.h.h.t.HelmChartContainer - [test-hivemq-platform] [hivemq] [4793bd67] WARN  - 
2025-01-30 18:34:01,325 INFO c.h.h.t.HelmChartContainer - [test-hivemq-platform] [hivemq] [4793bd67] ################################################################################################################
2025-01-30 18:34:01,325 INFO c.h.h.t.HelmChartContainer - [test-hivemq-platform] [hivemq] [4793bd67] # This HiveMQ deployment is not secure! You are lacking Authentication and Authorization.                      #
2025-01-30 18:34:01,325 INFO c.h.h.t.HelmChartContainer - [test-hivemq-platform] [hivemq] [4793bd67] # Right now any MQTT client can connect to the broker with a full set of permissions.                          #
2025-01-30 18:34:01,325 INFO c.h.h.t.HelmChartContainer - [test-hivemq-platform] [hivemq] [4793bd67] # For production usage, add an appropriate security extension and remove the hivemq-allow-all extension.       #
2025-01-30 18:34:01,325 INFO c.h.h.t.HelmChartContainer - [test-hivemq-platform] [hivemq] [4793bd67] # You can download security extensions from the HiveMQ Marketplace (https://www.hivemq.com/extensions/).       #
2025-01-30 18:34:01,325 INFO c.h.h.t.HelmChartContainer - [test-hivemq-platform] [hivemq] [4793bd67] ################################################################################################################
2025-01-30 18:34:01,325 INFO c.h.h.t.HelmChartContainer - [test-hivemq-platform] [hivemq] [4793bd67] INFO  - Extension "Allow All Extension" version 1.1.1 started successfully.
2025-01-30 18:34:01,425 INFO c.h.h.t.HelmChartContainer - [test-hivemq-platform] [hivemq] [131b9d9f] INFO  - Cluster nodes found by discovery: [RIjoO|1] (2) [RIjoO, BVL0V].
2025-01-30 18:34:01,434 INFO c.h.h.t.HelmChartContainer - [test-hivemq-platform] [hivemq] [4793bd67] INFO  - Cluster nodes found by discovery: [RIjoO|1] (2) [RIjoO, BVL0V].
2025-01-30 18:34:01,535 INFO c.h.h.t.HelmChartContainer - [test-hivemq-platform] [hivemq] [4793bd67] INFO  - Cluster size = 1, members : [RIjoO].
2025-01-30 18:34:01,928 INFO c.h.h.t.HelmChartContainer - [test-hivemq-platform] [hivemq] [4793bd67] INFO  - Starting cluster join process. This may take a while. Please do not shut down HiveMQ.
2025-01-30 18:34:01,929 INFO c.h.h.t.HelmChartContainer - [test-hivemq-platform] [hivemq] [4793bd67] INFO  - Cluster join process is still ongoing. Please do not shut down HiveMQ.
2025-01-30 18:34:03,118 INFO c.h.h.t.HelmChartContainer - [test-hivemq-platform] [hivemq] [4793bd67] INFO  - [HiveMQ Platform Operator Init App 1.7.0-SNAPSHOT] Returning Health API response 503 for readiness
2025-01-30 18:34:03,123 INFO c.h.h.t.HelmChartContainer - [EVENT] Warning [Unhealthy] Readiness probe failed: HTTP probe failed with statuscode: 503 [helmupgradeplatformit:test-hivemq-platform-1]
2025-01-30 18:34:03,123 INFO c.h.h.t.HelmChartContainer - Received Unhealthy event for container hivemq in pod test-hivemq-platform-1 [4793bd67-727b-4e38-866f-eaaf37fe8b38]
2025-01-30 18:34:03,938 INFO c.h.h.t.HelmChartContainer - [test-hivemq-platform] [hivemq] [131b9d9f] INFO  - Cluster size = 2, members : [BVL0V, RIjoO].
2025-01-30 18:34:03,953 INFO c.h.h.t.HelmChartContainer - [test-hivemq-platform] [hivemq] [4793bd67] INFO  - Cluster size = 2, members : [BVL0V, RIjoO].
2025-01-30 18:34:04,019 INFO c.h.h.t.HelmChartContainer - [test-hivemq-platform] [hivemq] [4793bd67] INFO  - Finished cluster join process successfully.
2025-01-30 18:34:04,020 INFO c.h.h.t.HelmChartContainer - [test-hivemq-platform] [hivemq] [4793bd67] WARN  - No user for HiveMQ Control Center configured. Starting with default user
2025-01-30 18:34:04,021 INFO c.h.h.t.HelmChartContainer - [test-hivemq-platform] [hivemq] [4793bd67] INFO  - Starting HiveMQ Control Center on address 0.0.0.0 and port 8080
2025-01-30 18:34:04,027 INFO c.h.h.t.HelmChartContainer - [test-hivemq-platform] [hivemq] [4793bd67] INFO  - Mounting HiveMQ Control Center V2 Preview
2025-01-30 18:34:04,618 INFO c.h.h.t.HelmChartContainer - [test-hivemq-platform] [hivemq] [4793bd67] INFO  - Started HiveMQ Control Center in 598ms
2025-01-30 18:34:04,636 INFO c.h.h.t.HelmChartContainer - [test-hivemq-platform] [hivemq] [4793bd67] INFO  - Starting TCP listener on address 0.0.0.0 and port 1883
2025-01-30 18:34:04,723 INFO c.h.h.t.HelmChartContainer - [test-hivemq-platform] [hivemq] [4793bd67] INFO  - Started TCP Listener on address 0.0.0.0 and on port 1883.
2025-01-30 18:34:04,724 INFO c.h.h.t.HelmChartContainer - [test-hivemq-platform] [hivemq] [4793bd67] INFO  - Started HiveMQ in 26604ms
2025-01-30 18:34:07,704 INFO c.h.h.t.HelmChartContainer - [test-hivemq-platform] [hivemq] [4793bd67] INFO  - [HiveMQ Platform Operator Init App 1.7.0-SNAPSHOT] Returning Health API response 200 for readiness
2025-01-30 18:34:07,715 INFO c.h.h.t.HelmChartContainer - [POD] test-hivemq-platform-1 [4793bd67-727b-4e38-866f-eaaf37fe8b38] in helmupgradeplatformit was MODIFIED
2025-01-30 18:34:07,723 INFO c.h.h.t.HelmChartContainer - [hivemq-test-hivemq-platform] [hivemq-platform-operator] [1f650712] 18:34:07.721 [pool-6-thread-12] DEBUG c.h.p.o.d.PlatformServiceResource - [helmupgr] Desired Platform services (3 services)
2025-01-30 18:34:07,727 INFO c.h.h.t.HelmChartContainer - [hivemq-test-hivemq-platform] [hivemq-platform-operator] [1f650712] 18:34:07.723 [pool-6-thread-20] DEBUG c.h.p.o.dependants.PodInfoConfigMap - [helmupgr] Desired PodInfo ConfigMap (1 extensions) (1 enabled)
2025-01-30 18:34:07,729 INFO c.h.h.t.HelmChartContainer - [hivemq-test-hivemq-platform] [hivemq-platform-operator] [1f650712] 18:34:07.723 [pool-6-thread-20] DEBUG c.h.p.o.dependants.PodInfoConfigMap - [helmupgr] Desired PodInfo ConfigMap (metrics port: 9399) (metrics path: /)
2025-01-30 18:34:07,729 INFO c.h.h.t.HelmChartContainer - [hivemq-test-hivemq-platform] [hivemq-platform-operator] [1f650712] 18:34:07.723 [pool-6-thread-20] DEBUG c.h.p.o.dependants.PodInfoConfigMap - [helmupgr] Desired PodInfo ConfigMap (extension state hash: -1817474005)
2025-01-30 18:34:07,729 INFO c.h.h.t.HelmChartContainer - [hivemq-test-hivemq-platform] [hivemq-platform-operator] [1f650712] 18:34:07.724 [pool-6-thread-20] DEBUG c.h.p.o.d.PodServiceAccountResource - [helmupgr] Desired PodServiceAccountResource (serviceAccountName: hivemq-platform-pod-test-hivemq-platform)
2025-01-30 18:34:07,732 INFO c.h.h.t.HelmChartContainer - [hivemq-test-hivemq-platform] [hivemq-platform-operator] [1f650712] 18:34:07.729 [pool-6-thread-12] DEBUG c.h.p.o.d.StatefulSetResource - [helmupgr] Desired StatefulSet (2 replicas) for status SCALING (READY)
2025-01-30 18:34:07,734 INFO c.h.h.t.HelmChartContainer - [hivemq-test-hivemq-platform] [hivemq-platform-operator] [1f650712] 18:34:07.732 [ReconcilerExecutor-hivemq-controller-124] INFO  c.h.p.o.HiveMQPlatformReconciler - [helmupgr] Reconciling HiveMQ Platform 'test-hivemq-platform' in namespace 'helmupgradeplatformit'
2025-01-30 18:34:07,734 INFO c.h.h.t.HelmChartContainer - [hivemq-test-hivemq-platform] [hivemq-platform-operator] [1f650712] 18:34:07.732 [ReconcilerExecutor-hivemq-controller-124] DEBUG c.h.p.o.HiveMQPlatformReconciler - [helmupgr] Custom Resource Status SCALING - HiveMQ Platform is scaling (READY)
2025-01-30 18:34:07,734 INFO c.h.h.t.HelmChartContainer - [hivemq-test-hivemq-platform] [hivemq-platform-operator] [1f650712] 18:34:07.732 [ReconcilerExecutor-hivemq-controller-124] DEBUG c.h.p.o.HiveMQPlatformReconciler - [helmupgr] Custom Resource Spec (replicas: 2) (extensions: 1)
2025-01-30 18:34:07,734 INFO c.h.h.t.HelmChartContainer - [hivemq-test-hivemq-platform] [hivemq-platform-operator] [1f650712] 18:34:07.733 [ReconcilerExecutor-hivemq-controller-124] DEBUG c.h.p.o.HiveMQPlatformReconciler - [helmupgr] StatefulSet Status (revision: test-hivemq-platform-77d44868f9, replicas: 2, available: 1, ready: 1, current: 2, updated: 2)
2025-01-30 18:34:07,734 INFO c.h.h.t.HelmChartContainer - [hivemq-test-hivemq-platform] [hivemq-platform-operator] [1f650712] 18:34:07.733 [ReconcilerExecutor-hivemq-controller-124] DEBUG c.h.p.o.HiveMQPlatformReconciler - [helmupgr] StatefulSet Spec (replicas: 2, init containers: 1, containers: 1, volumes: 3)
2025-01-30 18:34:07,736 INFO c.h.h.t.HelmChartContainer - [hivemq-test-hivemq-platform] [hivemq-platform-operator] [1f650712] 18:34:07.734 [ReconcilerExecutor-hivemq-controller-124] DEBUG c.h.p.o.h.HiveMQPlatformReconcilerErrorHandler - [helmupgr] Pod 'test-hivemq-platform-1' phase Running
2025-01-30 18:34:07,737 INFO c.h.h.t.HelmChartContainer - [hivemq-test-hivemq-platform] [hivemq-platform-operator] [1f650712] 18:34:07.736 [ReconcilerExecutor-hivemq-controller-124] DEBUG c.h.p.o.h.HiveMQPlatformReconcilerErrorHandler - [helmupgr] Pod 'test-hivemq-platform-0' phase Running
2025-01-30 18:34:07,737 INFO c.h.h.t.HelmChartContainer - [hivemq-test-hivemq-platform] [hivemq-platform-operator] [1f650712] 18:34:07.736 [ReconcilerExecutor-hivemq-controller-124] DEBUG c.h.p.o.h.HiveMQPlatformReconcilerScalingHandler - [helmupgr] HiveMQ Platform is scaling, waiting for 1 of 2 replicas
2025-01-30 18:34:07,745 INFO c.h.h.t.HelmChartContainer - [hivemq-test-hivemq-platform] [hivemq-platform-operator] [1f650712] 18:34:07.744 [pool-6-thread-23] DEBUG c.h.p.o.d.PlatformServiceResource - [helmupgr] Desired Platform services (3 services)
2025-01-30 18:34:07,812 INFO c.h.h.t.HelmChartContainer - [hivemq-test-hivemq-platform] [hivemq-platform-operator] [1f650712] 18:34:07.810 [pool-6-thread-25] DEBUG c.h.p.o.dependants.PodInfoConfigMap - [helmupgr] Desired PodInfo ConfigMap (1 extensions) (1 enabled)
2025-01-30 18:34:07,812 INFO c.h.h.t.HelmChartContainer - [hivemq-test-hivemq-platform] [hivemq-platform-operator] [1f650712] 18:34:07.810 [pool-6-thread-25] DEBUG c.h.p.o.dependants.PodInfoConfigMap - [helmupgr] Desired PodInfo ConfigMap (metrics port: 9399) (metrics path: /)
2025-01-30 18:34:07,813 INFO c.h.h.t.HelmChartContainer - [hivemq-test-hivemq-platform] [hivemq-platform-operator] [1f650712] 18:34:07.810 [pool-6-thread-25] DEBUG c.h.p.o.dependants.PodInfoConfigMap - [helmupgr] Desired PodInfo ConfigMap (extension state hash: -1817474005)
2025-01-30 18:34:07,813 INFO c.h.h.t.HelmChartContainer - [hivemq-test-hivemq-platform] [hivemq-platform-operator] [1f650712] 18:34:07.810 [pool-6-thread-25] DEBUG c.h.p.o.d.PodServiceAccountResource - [helmupgr] Desired PodServiceAccountResource (serviceAccountName: hivemq-platform-pod-test-hivemq-platform)
2025-01-30 18:34:07,814 INFO c.h.h.t.HelmChartContainer - [hivemq-test-hivemq-platform] [hivemq-platform-operator] [1f650712] 18:34:07.814 [pool-6-thread-30] DEBUG c.h.p.o.d.StatefulSetResource - [helmupgr] Desired StatefulSet (2 replicas) for status SCALING (READY)
2025-01-30 18:34:07,817 INFO c.h.h.t.HelmChartContainer - [hivemq-test-hivemq-platform] [hivemq-platform-operator] [1f650712] 18:34:07.816 [ReconcilerExecutor-hivemq-controller-125] INFO  c.h.p.o.HiveMQPlatformReconciler - [helmupgr] Reconciling HiveMQ Platform 'test-hivemq-platform' in namespace 'helmupgradeplatformit'
2025-01-30 18:34:07,817 INFO c.h.h.t.HelmChartContainer - [hivemq-test-hivemq-platform] [hivemq-platform-operator] [1f650712] 18:34:07.816 [ReconcilerExecutor-hivemq-controller-125] DEBUG c.h.p.o.HiveMQPlatformReconciler - [helmupgr] Custom Resource Status SCALING - HiveMQ Platform is scaling (READY)
2025-01-30 18:34:07,817 INFO c.h.h.t.HelmChartContainer - [hivemq-test-hivemq-platform] [hivemq-platform-operator] [1f650712] 18:34:07.816 [ReconcilerExecutor-hivemq-controller-125] DEBUG c.h.p.o.HiveMQPlatformReconciler - [helmupgr] Custom Resource Spec (replicas: 2) (extensions: 1)
2025-01-30 18:34:07,818 INFO c.h.h.t.HelmChartContainer - [hivemq-test-hivemq-platform] [hivemq-platform-operator] [1f650712] 18:34:07.818 [ReconcilerExecutor-hivemq-controller-125] DEBUG c.h.p.o.HiveMQPlatformReconciler - [helmupgr] StatefulSet Status (revision: test-hivemq-platform-77d44868f9, replicas: 2, available: 2, ready: 2, current: 2, updated: 2)
2025-01-30 18:34:07,819 INFO c.h.h.t.HelmChartContainer - [hivemq-test-hivemq-platform] [hivemq-platform-operator] [1f650712] 18:34:07.818 [ReconcilerExecutor-hivemq-controller-125] DEBUG c.h.p.o.HiveMQPlatformReconciler - [helmupgr] StatefulSet Spec (replicas: 2, init containers: 1, containers: 1, volumes: 3)
2025-01-30 18:34:07,821 INFO c.h.h.t.HelmChartContainer - [hivemq-test-hivemq-platform] [hivemq-platform-operator] [1f650712] 18:34:07.820 [ReconcilerExecutor-hivemq-controller-125] DEBUG c.h.p.o.h.HiveMQPlatformReconcilerErrorHandler - [helmupgr] Pod 'test-hivemq-platform-1' phase Running
2025-01-30 18:34:07,822 INFO c.h.h.t.HelmChartContainer - [hivemq-test-hivemq-platform] [hivemq-platform-operator] [1f650712] 18:34:07.821 [ReconcilerExecutor-hivemq-controller-125] DEBUG c.h.p.o.h.HiveMQPlatformReconcilerErrorHandler - [helmupgr] Pod 'test-hivemq-platform-0' phase Running
2025-01-30 18:34:07,832 INFO c.h.h.t.HelmChartContainer - [hivemq-test-hivemq-platform] [hivemq-platform-operator] [1f650712] 18:34:07.832 [ReconcilerExecutor-hivemq-controller-125] INFO  c.h.p.o.h.HiveMQPlatformReconcilerScalingHandler - [helmupgr] HiveMQ Platform scaled successfully to 2 replicas
2025-01-30 18:34:07,842 INFO c.h.h.t.HelmChartContainer - [EVENT] Normal [Ready] HiveMQ Platform is ready [helmupgradeplatformit:test-hivemq-platform]
2025-01-30 18:34:07,843 INFO c.h.h.t.HelmChartContainer - [hivemq-test-hivemq-platform] [hivemq-platform-operator] [1f650712] 18:34:07.842 [ReconcilerExecutor-hivemq-controller-125] DEBUG c.h.p.operator.event.EventSender - [helmupgr] Updating K8s event hivemq-platform-ready: [Ready] HiveMQ Platform is ready
2025-01-30 18:34:07,843 INFO c.h.h.t.HelmChartContainer - [hivemq-test-hivemq-platform] [hivemq-platform-operator] [1f650712] 18:34:07.842 [ReconcilerExecutor-hivemq-controller-125] INFO  c.h.p.o.h.AbstractHiveMQReconcilerStateHandler - [helmupgr] Update HiveMQ Platform Status (SCALING [READY] -> RUNNING [READY]): HiveMQ Platform is ready
2025-01-30 18:34:07,918 DEBUG com.hivemq.helmcharts.util.K8sUtil - Comparing actual state 'RUNNING' and waiting for 'RUNNING'
2025-01-30 18:34:07,918 DEBUG c.h.h.platform.HelmUpgradePlatformIT - Platform upgraded
2025-01-30 18:34:07,948 INFO c.h.h.t.HelmChartContainer - Uninstalling release 'test-hivemq-platform' in namespace 'helmupgradeplatformit'...
2025-01-30 18:34:07,948 DEBUG c.h.h.t.HelmChartContainer - Executing helm command: /bin/helm --kubeconfig /etc/rancher/k3s/k3s.yaml uninstall test-hivemq-platform  --wait --timeout 5m0s --cascade foreground --namespace helmupgradeplatformit
2025-01-30 18:34:08,156 INFO c.h.h.t.HelmChartContainer - [hivemq-test-hivemq-platform] [hivemq-platform-operator] [1f650712] 18:34:08.152 [pool-6-thread-38] DEBUG c.h.p.o.d.PlatformServiceResource - [helmupgr] Desired Platform services (3 services)
2025-01-30 18:34:08,156 INFO c.h.h.t.HelmChartContainer - [hivemq-test-hivemq-platform] [hivemq-platform-operator] [1f650712] 18:34:08.153 [pool-6-thread-35] DEBUG c.h.p.o.dependants.PodInfoConfigMap - [helmupgr] Desired PodInfo ConfigMap (1 extensions) (1 enabled)
2025-01-30 18:34:08,156 INFO c.h.h.t.HelmChartContainer - [hivemq-test-hivemq-platform] [hivemq-platform-operator] [1f650712] 18:34:08.153 [pool-6-thread-35] DEBUG c.h.p.o.dependants.PodInfoConfigMap - [helmupgr] Desired PodInfo ConfigMap (metrics port: 9399) (metrics path: /)
2025-01-30 18:34:08,156 INFO c.h.h.t.HelmChartContainer - [hivemq-test-hivemq-platform] [hivemq-platform-operator] [1f650712] 18:34:08.153 [pool-6-thread-35] DEBUG c.h.p.o.dependants.PodInfoConfigMap - [helmupgr] Desired PodInfo ConfigMap (extension state hash: -1817474005)
2025-01-30 18:34:08,159 INFO c.h.h.t.HelmChartContainer - [hivemq-test-hivemq-platform] [hivemq-platform-operator] [1f650712] 18:34:08.153 [pool-6-thread-35] DEBUG c.h.p.o.dependants.PodInfoConfigMap - [helmupgr] Update PodInfo ConfigMap
2025-01-30 18:34:08,159 INFO c.h.h.t.HelmChartContainer - [hivemq-test-hivemq-platform] [hivemq-platform-operator] [1f650712] 18:34:08.156 [pool-6-thread-40] DEBUG c.h.p.o.d.PodServiceAccountResource - [helmupgr] Desired PodServiceAccountResource (serviceAccountName: hivemq-platform-pod-test-hivemq-platform)
2025-01-30 18:34:08,240 INFO c.h.h.t.HelmChartContainer - [hivemq-test-hivemq-platform] [hivemq-platform-operator] [1f650712] 18:34:08.239 [pool-6-thread-35] DEBUG c.h.p.o.d.StatefulSetResource - [helmupgr] Desired StatefulSet (2 replicas) for status RUNNING (READY)
2025-01-30 18:34:08,244 INFO c.h.h.t.HelmChartContainer - [hivemq-test-hivemq-platform] [hivemq-platform-operator] [1f650712] 18:34:08.243 [pool-6-thread-35] DEBUG c.h.p.o.d.StatefulSetResource - [helmupgr] Update StatefulSet (replicas: 2 -> 2)
2025-01-30 18:34:08,244 INFO c.h.h.t.HelmChartContainer - [hivemq-test-hivemq-platform] [hivemq-platform-operator] [1f650712] 18:34:08.243 [pool-6-thread-35] DEBUG c.h.p.o.d.StatefulSetResource - [helmupgr] Detected change in StatefulSet specification (path: /template/metadata/annotations/kubernetes-resource-versions) (actual value: {broker-configuration-v2=-2089688360}) (target value: {broker-configuration-v2=0})
2025-01-30 18:34:08,244 INFO c.h.h.t.HelmChartContainer - [hivemq-test-hivemq-platform] [hivemq-platform-operator] [1f650712] 18:34:08.243 [pool-6-thread-35] INFO  c.h.p.o.d.StatefulSetResource - [helmupgr] StatefulSet spec was updated, triggering rolling restart
2025-01-30 18:34:08,289 INFO c.h.h.t.HelmChartContainer - [K3S] [authentication.go:74] "Unable to authenticate the request" err="[invalid bearer token, serviceaccounts \"hivemq-platform-pod-test-hivemq-platform\" not found]"
2025-01-30 18:34:08,308 INFO c.h.h.t.HelmChartContainer - [K3S] [authentication.go:74] "Unable to authenticate the request" err="[invalid bearer token, serviceaccounts \"hivemq-platform-pod-test-hivemq-platform\" not found]"
2025-01-30 18:34:08,337 INFO c.h.h.t.HelmChartContainer - [hivemq-test-hivemq-platform] [hivemq-platform-operator] [1f650712] 18:34:08.336 [ReconcilerExecutor-hivemq-controller-126] INFO  c.h.p.o.HiveMQPlatformReconciler - [helmupgr] Reconciling HiveMQ Platform 'test-hivemq-platform' in namespace 'helmupgradeplatformit'
2025-01-30 18:34:08,339 INFO c.h.h.t.HelmChartContainer - [hivemq-test-hivemq-platform] [hivemq-platform-operator] [1f650712] 18:34:08.336 [ReconcilerExecutor-hivemq-controller-126] DEBUG c.h.p.o.HiveMQPlatformReconciler - [helmupgr] Custom Resource Status RUNNING - HiveMQ Platform is ready (READY) (reconciliation requests: REQUESTS_UPDATED, ROLLING_RESTART)
2025-01-30 18:34:08,339 INFO c.h.h.t.HelmChartContainer - [hivemq-test-hivemq-platform] [hivemq-platform-operator] [1f650712] 18:34:08.336 [ReconcilerExecutor-hivemq-controller-126] DEBUG c.h.p.o.HiveMQPlatformReconciler - [helmupgr] Custom Resource Spec (replicas: 2) (extensions: 1)
2025-01-30 18:34:08,339 INFO c.h.h.t.HelmChartContainer - [hivemq-test-hivemq-platform] [hivemq-platform-operator] [1f650712] 18:34:08.336 [ReconcilerExecutor-hivemq-controller-126] WARN  c.h.p.o.h.HiveMQPlatformReconcilerErrorHandler - [helmupgr] Could not find ConfigMap 'hivemq-configuration-test-hivemq-platform' for HiveMQ Platform configuration
2025-01-30 18:34:08,352 INFO c.h.h.t.HelmChartContainer - [hivemq-test-hivemq-platform] [hivemq-platform-operator] [1f650712] 18:34:08.350 [ReconcilerExecutor-hivemq-controller-126] DEBUG c.h.p.operator.event.EventSender - [helmupgr] Creating K8s event hivemq-platform-invalid-configuration: [Start] Could not find ConfigMap 'hivemq-configuration-test-hivemq-platform' for HiveMQ Platform configuration
2025-01-30 18:34:08,354 INFO c.h.h.t.HelmChartContainer - [EVENT] Warning [Start] Could not find ConfigMap 'hivemq-configuration-test-hivemq-platform' for HiveMQ Platform configuration [helmupgradeplatformit:test-hivemq-platform]
2025-01-30 18:34:08,389 INFO c.h.h.t.HelmChartContainer - [test-hivemq-platform] [hivemq] [4793bd67] WARN  - [HiveMQ Platform Operator Init App 1.7.0-SNAPSHOT] Could not update Pod annotations: Failure executing: GET at: https://10.43.0.1:443/api/v1/namespaces/helmupgradeplatformit/pods/test-hivemq-platform-1. Message: Unauthorized. Received status: Status(apiVersion=v1, code=401, details=null, kind=Status, message=Unauthorized, metadata=ListMeta(_continue=null, remainingItemCount=null, resourceVersion=null, selfLink=null, additionalProperties={}), reason=Unauthorized, status=Failure, additionalProperties={}).
2025-01-30 18:34:08,434 INFO c.h.h.t.HelmChartContainer - [hivemq-test-hivemq-platform] [hivemq-platform-operator] [1f650712] 18:34:08.433 [ReconcilerExecutor-hivemq-controller-126] INFO  c.h.p.o.h.AbstractHiveMQReconcilerStateHandler - [helmupgr] Update HiveMQ Platform Status (RUNNING [READY] -> ERROR [INVALID_CONFIG_MAP]): Could not find ConfigMap 'hivemq-configuration-test-hivemq-platform' for HiveMQ Platform configuration (reconciliation requests: ROLLING_RESTART)
2025-01-30 18:34:08,444 INFO c.h.h.t.HelmChartContainer - [hivemq-test-hivemq-platform] [hivemq-platform-operator] [1f650712] 18:34:08.440 [ReconcilerExecutor-hivemq-controller-126] ERROR i.j.o.p.event.EventProcessor - Error during event processing ExecutionScope{ resource id: ResourceID{name='test-hivemq-platform', namespace='helmupgradeplatformit'}, version: 1164}
2025-01-30 18:34:08,445 INFO c.h.h.t.HelmChartContainer - [hivemq-test-hivemq-platform] [hivemq-platform-operator] [1f650712] io.fabric8.kubernetes.client.KubernetesClientException: Failure executing: PUT at: https://10.43.0.1:443/apis/hivemq.com/v1/namespaces/helmupgradeplatformit/hivemq-platforms/test-hivemq-platform/status. Message: Operation cannot be fulfilled on hivemq-platforms.hivemq.com "test-hivemq-platform": the object has been modified; please apply your changes to the latest version and try again. Received status: Status(apiVersion=v1, code=409, details=StatusDetails(causes=[], group=hivemq.com, kind=hivemq-platforms, name=test-hivemq-platform, retryAfterSeconds=null, uid=null, additionalProperties={}), kind=Status, message=Operation cannot be fulfilled on hivemq-platforms.hivemq.com "test-hivemq-platform": the object has been modified; please apply your changes to the latest version and try again, metadata=ListMeta(_continue=null, remainingItemCount=null, resourceVersion=null, selfLink=null, additionalProperties={}), reason=Conflict, status=Failure, additionalProperties={}).
2025-01-30 18:34:08,445 INFO c.h.h.t.HelmChartContainer - [hivemq-test-hivemq-platform] [hivemq-platform-operator] [1f650712] 	at io.fabric8.kubernetes.client.KubernetesClientException.copyAsCause(KubernetesClientException.java:238)
2025-01-30 18:34:08,445 INFO c.h.h.t.HelmChartContainer - [hivemq-test-hivemq-platform] [hivemq-platform-operator] [1f650712] 	at io.fabric8.kubernetes.client.dsl.internal.OperationSupport.waitForResult(OperationSupport.java:507)
2025-01-30 18:34:08,445 INFO c.h.h.t.HelmChartContainer - [hivemq-test-hivemq-platform] [hivemq-platform-operator] [1f650712] 	at io.fabric8.kubernetes.client.dsl.internal.OperationSupport.handleResponse(OperationSupport.java:524)
2025-01-30 18:34:08,445 INFO c.h.h.t.HelmChartContainer - [hivemq-test-hivemq-platform] [hivemq-platform-operator] [1f650712] 	at io.fabric8.kubernetes.client.dsl.internal.OperationSupport.handleUpdate(OperationSupport.java:358)
2025-01-30 18:34:08,445 INFO c.h.h.t.HelmChartContainer - [hivemq-test-hivemq-platform] [hivemq-platform-operator] [1f650712] 	at io.fabric8.kubernetes.client.dsl.internal.BaseOperation.handleUpdate(BaseOperation.java:759)
2025-01-30 18:34:08,445 INFO c.h.h.t.HelmChartContainer - [hivemq-test-hivemq-platform] [hivemq-platform-operator] [1f650712] 	at io.fabric8.kubernetes.client.dsl.internal.HasMetadataOperation.update(HasMetadataOperation.java:138)
2025-01-30 18:34:08,445 INFO c.h.h.t.HelmChartContainer - [hivemq-test-hivemq-platform] [hivemq-platform-operator] [1f650712] 	at io.fabric8.kubernetes.client.dsl.internal.HasMetadataOperation.update(HasMetadataOperation.java:121)
2025-01-30 18:34:08,445 INFO c.h.h.t.HelmChartContainer - [hivemq-test-hivemq-platform] [hivemq-platform-operator] [1f650712] 	at io.fabric8.kubernetes.client.dsl.internal.HasMetadataOperation.updateStatus(HasMetadataOperation.java:126)
2025-01-30 18:34:08,445 INFO c.h.h.t.HelmChartContainer - [hivemq-test-hivemq-platform] [hivemq-platform-operator] [1f650712] 	at io.fabric8.kubernetes.client.dsl.internal.HasMetadataOperation.updateStatus(HasMetadataOperation.java:44)
2025-01-30 18:34:08,445 INFO c.h.h.t.HelmChartContainer - [hivemq-test-hivemq-platform] [hivemq-platform-operator] [1f650712] 	at io.javaoperatorsdk.operator.processing.event.ReconciliationDispatcher$CustomResourceFacade.updateStatus(ReconciliationDispatcher.java:408)
2025-01-30 18:34:08,445 INFO c.h.h.t.HelmChartContainer - [hivemq-test-hivemq-platform] [hivemq-platform-operator] [1f650712] 	at io.javaoperatorsdk.operator.processing.event.ReconciliationDispatcher.updateStatusGenerationAware(ReconciliationDispatcher.java:228)
2025-01-30 18:34:08,445 INFO c.h.h.t.HelmChartContainer - [hivemq-test-hivemq-platform] [hivemq-platform-operator] [1f650712] 	at io.javaoperatorsdk.operator.processing.event.ReconciliationDispatcher.reconcileExecution(ReconciliationDispatcher.java:150)
2025-01-30 18:34:08,445 INFO c.h.h.t.HelmChartContainer - [hivemq-test-hivemq-platform] [hivemq-platform-operator] [1f650712] 	at io.javaoperatorsdk.operator.processing.event.ReconciliationDispatcher.handleReconcile(ReconciliationDispatcher.java:117)
2025-01-30 18:34:08,446 INFO c.h.h.t.HelmChartContainer - [hivemq-test-hivemq-platform] [hivemq-platform-operator] [1f650712] 	at io.javaoperatorsdk.operator.processing.event.ReconciliationDispatcher.handleDispatch(ReconciliationDispatcher.java:91)
2025-01-30 18:34:08,446 INFO c.h.h.t.HelmChartContainer - [hivemq-test-hivemq-platform] [hivemq-platform-operator] [1f650712] 	at io.javaoperatorsdk.operator.processing.event.ReconciliationDispatcher.handleExecution(ReconciliationDispatcher.java:64)
2025-01-30 18:34:08,446 INFO c.h.h.t.HelmChartContainer - [hivemq-test-hivemq-platform] [hivemq-platform-operator] [1f650712] 	at io.javaoperatorsdk.operator.processing.event.EventProcessor$ReconcilerExecutor.run(EventProcessor.java:452)
2025-01-30 18:34:08,446 INFO c.h.h.t.HelmChartContainer - [hivemq-test-hivemq-platform] [hivemq-platform-operator] [1f650712] 	at java.base/java.util.concurrent.ThreadPoolExecutor.runWorker(Unknown Source)
2025-01-30 18:34:08,446 INFO c.h.h.t.HelmChartContainer - [hivemq-test-hivemq-platform] [hivemq-platform-operator] [1f650712] 	at java.base/java.util.concurrent.ThreadPoolExecutor$Worker.run(Unknown Source)
2025-01-30 18:34:08,446 INFO c.h.h.t.HelmChartContainer - [hivemq-test-hivemq-platform] [hivemq-platform-operator] [1f650712] 	at java.base/java.lang.Thread.run(Unknown Source)
2025-01-30 18:34:08,446 INFO c.h.h.t.HelmChartContainer - [hivemq-test-hivemq-platform] [hivemq-platform-operator] [1f650712] Caused by: io.fabric8.kubernetes.client.KubernetesClientException: Failure executing: PUT at: https://10.43.0.1:443/apis/hivemq.com/v1/namespaces/helmupgradeplatformit/hivemq-platforms/test-hivemq-platform/status. Message: Operation cannot be fulfilled on hivemq-platforms.hivemq.com "test-hivemq-platform": the object has been modified; please apply your changes to the latest version and try again. Received status: Status(apiVersion=v1, code=409, details=StatusDetails(causes=[], group=hivemq.com, kind=hivemq-platforms, name=test-hivemq-platform, retryAfterSeconds=null, uid=null, additionalProperties={}), kind=Status, message=Operation cannot be fulfilled on hivemq-platforms.hivemq.com "test-hivemq-platform": the object has been modified; please apply your changes to the latest version and try again, metadata=ListMeta(_continue=null, remainingItemCount=null, resourceVersion=null, selfLink=null, additionalProperties={}), reason=Conflict, status=Failure, additionalProperties={}).
2025-01-30 18:34:08,446 INFO c.h.h.t.HelmChartContainer - [hivemq-test-hivemq-platform] [hivemq-platform-operator] [1f650712] 	at io.fabric8.kubernetes.client.dsl.internal.OperationSupport.requestFailure(OperationSupport.java:660)
2025-01-30 18:34:08,446 INFO c.h.h.t.HelmChartContainer - [hivemq-test-hivemq-platform] [hivemq-platform-operator] [1f650712] 	at io.fabric8.kubernetes.client.dsl.internal.OperationSupport.requestFailure(OperationSupport.java:640)
2025-01-30 18:34:08,446 INFO c.h.h.t.HelmChartContainer - [hivemq-test-hivemq-platform] [hivemq-platform-operator] [1f650712] 	at io.fabric8.kubernetes.client.dsl.internal.OperationSupport.assertResponseCode(OperationSupport.java:589)
2025-01-30 18:34:08,446 INFO c.h.h.t.HelmChartContainer - [hivemq-test-hivemq-platform] [hivemq-platform-operator] [1f650712] 	at io.fabric8.kubernetes.client.dsl.internal.OperationSupport.lambda$handleResponse$0(OperationSupport.java:549)
2025-01-30 18:34:08,446 INFO c.h.h.t.HelmChartContainer - [hivemq-test-hivemq-platform] [hivemq-platform-operator] [1f650712] 	at java.base/java.util.concurrent.CompletableFuture$UniApply.tryFire(Unknown Source)
2025-01-30 18:34:08,446 INFO c.h.h.t.HelmChartContainer - [hivemq-test-hivemq-platform] [hivemq-platform-operator] [1f650712] 	at java.base/java.util.concurrent.CompletableFuture.postComplete(Unknown Source)
2025-01-30 18:34:08,446 INFO c.h.h.t.HelmChartContainer - [hivemq-test-hivemq-platform] [hivemq-platform-operator] [1f650712] 	at java.base/java.util.concurrent.CompletableFuture.complete(Unknown Source)
2025-01-30 18:34:08,446 INFO c.h.h.t.HelmChartContainer - [hivemq-test-hivemq-platform] [hivemq-platform-operator] [1f650712] 	at io.fabric8.kubernetes.client.http.StandardHttpClient.lambda$completeOrCancel$10(StandardHttpClient.java:141)
2025-01-30 18:34:08,446 INFO c.h.h.t.HelmChartContainer - [hivemq-test-hivemq-platform] [hivemq-platform-operator] [1f650712] 	at java.base/java.util.concurrent.CompletableFuture.uniWhenComplete(Unknown Source)
2025-01-30 18:34:08,446 INFO c.h.h.t.HelmChartContainer - [hivemq-test-hivemq-platform] [hivemq-platform-operator] [1f650712] 	at java.base/java.util.concurrent.CompletableFuture$UniWhenComplete.tryFire(Unknown Source)
2025-01-30 18:34:08,446 INFO c.h.h.t.HelmChartContainer - [hivemq-test-hivemq-platform] [hivemq-platform-operator] [1f650712] 	at java.base/java.util.concurrent.CompletableFuture.postComplete(Unknown Source)
2025-01-30 18:34:08,446 INFO c.h.h.t.HelmChartContainer - [hivemq-test-hivemq-platform] [hivemq-platform-operator] [1f650712] 	at java.base/java.util.concurrent.CompletableFuture.complete(Unknown Source)
2025-01-30 18:34:08,446 INFO c.h.h.t.HelmChartContainer - [hivemq-test-hivemq-platform] [hivemq-platform-operator] [1f650712] 	at io.fabric8.kubernetes.client.http.ByteArrayBodyHandler.onBodyDone(ByteArrayBodyHandler.java:51)
2025-01-30 18:34:08,446 INFO c.h.h.t.HelmChartContainer - [hivemq-test-hivemq-platform] [hivemq-platform-operator] [1f650712] 	at java.base/java.util.concurrent.CompletableFuture.uniWhenComplete(Unknown Source)
2025-01-30 18:34:08,446 INFO c.h.h.t.HelmChartContainer - [hivemq-test-hivemq-platform] [hivemq-platform-operator] [1f650712] 	at java.base/java.util.concurrent.CompletableFuture$UniWhenComplete.tryFire(Unknown Source)
2025-01-30 18:34:08,446 INFO c.h.h.t.HelmChartContainer - [hivemq-test-hivemq-platform] [hivemq-platform-operator] [1f650712] 	at java.base/java.util.concurrent.CompletableFuture.postComplete(Unknown Source)
2025-01-30 18:34:08,446 INFO c.h.h.t.HelmChartContainer - [hivemq-test-hivemq-platform] [hivemq-platform-operator] [1f650712] 	at java.base/java.util.concurrent.CompletableFuture.complete(Unknown Source)
2025-01-30 18:34:08,446 INFO c.h.h.t.HelmChartContainer - [hivemq-test-hivemq-platform] [hivemq-platform-operator] [1f650712] 	at io.fabric8.kubernetes.client.vertx.VertxHttpRequest.lambda$null$1(VertxHttpRequest.java:121)
2025-01-30 18:34:08,446 INFO c.h.h.t.HelmChartContainer - [hivemq-test-hivemq-platform] [hivemq-platform-operator] [1f650712] 	at io.vertx.core.impl.ContextInternal.dispatch(ContextInternal.java:279)
2025-01-30 18:34:08,446 INFO c.h.h.t.HelmChartContainer - [hivemq-test-hivemq-platform] [hivemq-platform-operator] [1f650712] 	at io.vertx.core.impl.ContextInternal.dispatch(ContextInternal.java:261)
2025-01-30 18:34:08,446 INFO c.h.h.t.HelmChartContainer - [hivemq-test-hivemq-platform] [hivemq-platform-operator] [1f650712] 	at io.vertx.core.http.impl.HttpEventHandler.handleEnd(HttpEventHandler.java:76)
2025-01-30 18:34:08,446 INFO c.h.h.t.HelmChartContainer - [hivemq-test-hivemq-platform] [hivemq-platform-operator] [1f650712] 	at io.vertx.core.http.impl.HttpClientResponseImpl.handleEnd(HttpClientResponseImpl.java:250)
2025-01-30 18:34:08,446 INFO c.h.h.t.HelmChartContainer - [hivemq-test-hivemq-platform] [hivemq-platform-operator] [1f650712] 	at io.vertx.core.http.impl.Http1xClientConnection$StreamImpl.lambda$new$0(Http1xClientConnection.java:421)
2025-01-30 18:34:08,446 INFO c.h.h.t.HelmChartContainer - [hivemq-test-hivemq-platform] [hivemq-platform-operator] [1f650712] 	at io.vertx.core.streams.impl.InboundBuffer.handleEvent(InboundBuffer.java:279)
2025-01-30 18:34:08,446 INFO c.h.h.t.HelmChartContainer - [hivemq-test-hivemq-platform] [hivemq-platform-operator] [1f650712] 	at io.vertx.core.streams.impl.InboundBuffer.write(InboundBuffer.java:157)
2025-01-30 18:34:08,446 INFO c.h.h.t.HelmChartContainer - [hivemq-test-hivemq-platform] [hivemq-platform-operator] [1f650712] 	at io.vertx.core.http.impl.Http1xClientConnection$StreamImpl.handleEnd(Http1xClientConnection.java:709)
2025-01-30 18:34:08,446 INFO c.h.h.t.HelmChartContainer - [hivemq-test-hivemq-platform] [hivemq-platform-operator] [1f650712] 	at io.vertx.core.impl.ContextImpl.lambda$execute$4(ContextImpl.java:315)
2025-01-30 18:34:08,446 INFO c.h.h.t.HelmChartContainer - [hivemq-test-hivemq-platform] [hivemq-platform-operator] [1f650712] 	at io.netty.util.concurrent.AbstractEventExecutor.runTask(AbstractEventExecutor.java:173)
2025-01-30 18:34:08,446 INFO c.h.h.t.HelmChartContainer - [hivemq-test-hivemq-platform] [hivemq-platform-operator] [1f650712] 	at io.netty.util.concurrent.AbstractEventExecutor.safeExecute(AbstractEventExecutor.java:166)
2025-01-30 18:34:08,446 INFO c.h.h.t.HelmChartContainer - [hivemq-test-hivemq-platform] [hivemq-platform-operator] [1f650712] 	at io.netty.util.concurrent.SingleThreadEventExecutor.runAllTasks(SingleThreadEventExecutor.java:472)
2025-01-30 18:34:08,446 INFO c.h.h.t.HelmChartContainer - [hivemq-test-hivemq-platform] [hivemq-platform-operator] [1f650712] 	at io.netty.channel.nio.NioEventLoop.run(NioEventLoop.java:569)
2025-01-30 18:34:08,447 INFO c.h.h.t.HelmChartContainer - [hivemq-test-hivemq-platform] [hivemq-platform-operator] [1f650712] 	at io.netty.util.concurrent.SingleThreadEventExecutor$4.run(SingleThreadEventExecutor.java:997)
2025-01-30 18:34:08,447 INFO c.h.h.t.HelmChartContainer - [hivemq-test-hivemq-platform] [hivemq-platform-operator] [1f650712] 	at io.netty.util.internal.ThreadExecutorMap$2.run(ThreadExecutorMap.java:74)
2025-01-30 18:34:08,447 INFO c.h.h.t.HelmChartContainer - [hivemq-test-hivemq-platform] [hivemq-platform-operator] [1f650712] 	at io.netty.util.concurrent.FastThreadLocalRunnable.run(FastThreadLocalRunnable.java:30)
2025-01-30 18:34:08,447 INFO c.h.h.t.HelmChartContainer - [hivemq-test-hivemq-platform] [hivemq-platform-operator] [1f650712] 	... 1 common frames omitted
2025-01-30 18:34:08,451 INFO c.h.h.t.HelmChartContainer - [hivemq-test-hivemq-platform] [hivemq-platform-operator] [1f650712] 18:34:08.450 [ReconcilerExecutor-hivemq-controller-133] INFO  c.h.p.o.HiveMQPlatformReconciler - [helmupgr] Cleanup test-hivemq-platform - helmupgradeplatformit HiveMQ Platform is shut down
2025-01-30 18:34:08,997 INFO c.h.h.t.HelmChartContainer - [POD] test-hivemq-platform-0 [131b9d9f-0c0c-4543-bfad-2ebb2132e632] in helmupgradeplatformit was MODIFIED
2025-01-30 18:34:09,000 INFO c.h.h.t.HelmChartContainer - [EVENT] Normal [Killing] Stopping container hivemq [helmupgradeplatformit:test-hivemq-platform-0]
2025-01-30 18:34:09,000 INFO c.h.h.t.HelmChartContainer - Received Killing event for container hivemq in pod test-hivemq-platform-0 [131b9d9f-0c0c-4543-bfad-2ebb2132e632]
2025-01-30 18:34:09,000 INFO c.h.h.t.HelmChartContainer - Container [test-hivemq-platform-0] [hivemq] [131b9d9f-0c0c-4543-bfad-2ebb2132e632] was terminated
2025-01-30 18:34:09,000 INFO c.h.h.t.HelmChartContainer - Stopped log watcher for hivemq in pod test-hivemq-platform-0 [131b9d9f-0c0c-4543-bfad-2ebb2132e632]
2025-01-30 18:34:09,002 INFO c.h.h.t.HelmChartContainer - [test-hivemq-platform] [hivemq] [131b9d9f] INFO  - [HiveMQ Platform Operator Init App 1.7.0-SNAPSHOT] Shutting down
2025-01-30 18:34:09,002 INFO c.h.h.t.HelmChartContainer - [test-hivemq-platform] [hivemq] [131b9d9f] INFO  - [HiveMQ Platform Operator Init App 1.7.0-SNAPSHOT] Stopping the HiveMQ Platform
2025-01-30 18:34:09,015 INFO c.h.h.t.HelmChartContainer - [POD] test-hivemq-platform-1 [4793bd67-727b-4e38-866f-eaaf37fe8b38] in helmupgradeplatformit was MODIFIED
2025-01-30 18:34:09,025 INFO c.h.h.t.HelmChartContainer - [EVENT] Normal [Killing] Stopping container hivemq [helmupgradeplatformit:test-hivemq-platform-1]
2025-01-30 18:34:09,025 INFO c.h.h.t.HelmChartContainer - Received Killing event for container hivemq in pod test-hivemq-platform-1 [4793bd67-727b-4e38-866f-eaaf37fe8b38]
2025-01-30 18:34:09,025 INFO c.h.h.t.HelmChartContainer - Container [test-hivemq-platform-1] [hivemq] [4793bd67-727b-4e38-866f-eaaf37fe8b38] was terminated
2025-01-30 18:34:09,025 INFO c.h.h.t.HelmChartContainer - Stopped log watcher for hivemq in pod test-hivemq-platform-1 [4793bd67-727b-4e38-866f-eaaf37fe8b38]
2025-01-30 18:34:09,031 INFO c.h.h.t.HelmChartContainer - [test-hivemq-platform] [hivemq] [4793bd67] INFO  - [HiveMQ Platform Operator Init App 1.7.0-SNAPSHOT] Shutting down
2025-01-30 18:34:09,031 INFO c.h.h.t.HelmChartContainer - [test-hivemq-platform] [hivemq] [4793bd67] INFO  - [HiveMQ Platform Operator Init App 1.7.0-SNAPSHOT] Stopping the HiveMQ Platform
2025-01-30 18:34:09,135 INFO c.h.h.t.HelmChartContainer - [test-hivemq-platform] [hivemq] [4793bd67] INFO  - Shutting down HiveMQ. Please wait, this could take a while...
2025-01-30 18:34:09,182 INFO c.h.h.t.HelmChartContainer - [test-hivemq-platform] [hivemq] [131b9d9f] INFO  - Shutting down HiveMQ. Please wait, this could take a while...
2025-01-30 18:34:09,185 INFO c.h.h.t.HelmChartContainer - [test-hivemq-platform] [hivemq] [131b9d9f] INFO  - Shutting down listeners and clients
2025-01-30 18:34:09,211 INFO c.h.h.t.HelmChartContainer - [test-hivemq-platform] [hivemq] [131b9d9f] INFO  - Shutdown of listeners is done
2025-01-30 18:34:09,211 INFO c.h.h.t.HelmChartContainer - [test-hivemq-platform] [hivemq] [131b9d9f] INFO  - No clients are connected, proceeding with shutdown
2025-01-30 18:34:09,219 INFO c.h.h.t.HelmChartContainer - [test-hivemq-platform] [hivemq] [4793bd67] INFO  - Shutting down listeners and clients
2025-01-30 18:34:09,220 INFO c.h.h.t.HelmChartContainer - [test-hivemq-platform] [hivemq] [4793bd67] INFO  - Shutdown of listeners is done
2025-01-30 18:34:09,221 INFO c.h.h.t.HelmChartContainer - [test-hivemq-platform] [hivemq] [4793bd67] INFO  - No clients are connected, proceeding with shutdown
2025-01-30 18:34:09,295 INFO c.h.h.t.HelmChartContainer - [K3S] [authentication.go:74] "Unable to authenticate the request" err="[invalid bearer token, serviceaccounts \"hivemq-platform-pod-test-hivemq-platform\" not found]"
2025-01-30 18:34:09,318 INFO c.h.h.t.HelmChartContainer - [K3S] [authentication.go:74] "Unable to authenticate the request" err="[invalid bearer token, serviceaccounts \"hivemq-platform-pod-test-hivemq-platform\" not found]"
2025-01-30 18:34:09,386 INFO c.h.h.t.HelmChartContainer - [test-hivemq-platform] [hivemq] [131b9d9f] WARN  - [HiveMQ Platform Operator Init App 1.7.0-SNAPSHOT] Could not update Pod annotations: Failure executing: GET at: https://10.43.0.1:443/api/v1/namespaces/helmupgradeplatformit/pods/test-hivemq-platform-0. Message: Unauthorized. Received status: Status(apiVersion=v1, code=401, details=null, kind=Status, message=Unauthorized, metadata=ListMeta(_continue=null, remainingItemCount=null, resourceVersion=null, selfLink=null, additionalProperties={}), reason=Unauthorized, status=Failure, additionalProperties={}).
2025-01-30 18:34:10,239 INFO c.h.h.t.HelmChartContainer - Deleting namespace 'helmupgradeplatformit'...
2025-01-30 18:34:11,929 INFO c.h.h.t.HelmChartContainer - [test-hivemq-platform] [hivemq] [131b9d9f] INFO  - Shutting down extension system
2025-01-30 18:34:11,933 INFO c.h.h.t.HelmChartContainer - [test-hivemq-platform] [hivemq] [131b9d9f] INFO  - Stopping extension with id hivemq-dns-cluster-discovery
2025-01-30 18:34:11,934 INFO c.h.h.t.HelmChartContainer - [test-hivemq-platform] [hivemq] [131b9d9f] INFO  - Extension "DNS Cluster Discovery Extension" version 4.3.2 stopped successfully.
2025-01-30 18:34:11,935 INFO c.h.h.t.HelmChartContainer - [test-hivemq-platform] [hivemq] [131b9d9f] INFO  - Stopping extension with id hivemq-prometheus-extension
2025-01-30 18:34:11,941 INFO c.h.h.t.HelmChartContainer - [test-hivemq-platform] [hivemq] [131b9d9f] INFO  - Extension "Prometheus Monitoring Extension" version 4.0.12 stopped successfully.
2025-01-30 18:34:11,941 INFO c.h.h.t.HelmChartContainer - [test-hivemq-platform] [hivemq] [131b9d9f] INFO  - Stopping extension with id hivemq-allow-all-extension
2025-01-30 18:34:11,942 INFO c.h.h.t.HelmChartContainer - [test-hivemq-platform] [hivemq] [131b9d9f] INFO  - Extension "Allow All Extension" version 1.1.1 stopped successfully.
2025-01-30 18:34:11,947 INFO c.h.h.t.HelmChartContainer - [test-hivemq-platform] [hivemq] [4793bd67] INFO  - Cluster nodes found by discovery: [BVL0V|2] (1) [BVL0V].
2025-01-30 18:34:11,955 INFO c.h.h.t.HelmChartContainer - [test-hivemq-platform] [hivemq] [4793bd67] INFO  - Cluster size = 1, members : [BVL0V].
2025-01-30 18:34:12,522 INFO c.h.h.t.HelmChartContainer - [test-hivemq-platform] [hivemq] [4793bd67] INFO  - Shutting down extension system
2025-01-30 18:34:12,524 INFO c.h.h.t.HelmChartContainer - [test-hivemq-platform] [hivemq] [4793bd67] INFO  - Stopping extension with id hivemq-dns-cluster-discovery
2025-01-30 18:34:12,525 INFO c.h.h.t.HelmChartContainer - [test-hivemq-platform] [hivemq] [4793bd67] INFO  - Extension "DNS Cluster Discovery Extension" version 4.3.2 stopped successfully.
2025-01-30 18:34:12,525 INFO c.h.h.t.HelmChartContainer - [test-hivemq-platform] [hivemq] [4793bd67] INFO  - Stopping extension with id hivemq-prometheus-extension
2025-01-30 18:34:12,529 INFO c.h.h.t.HelmChartContainer - [test-hivemq-platform] [hivemq] [4793bd67] INFO  - Extension "Prometheus Monitoring Extension" version 4.0.12 stopped successfully.
2025-01-30 18:34:12,529 INFO c.h.h.t.HelmChartContainer - [test-hivemq-platform] [hivemq] [4793bd67] INFO  - Stopping extension with id hivemq-allow-all-extension
2025-01-30 18:34:12,529 INFO c.h.h.t.HelmChartContainer - [test-hivemq-platform] [hivemq] [4793bd67] INFO  - Extension "Allow All Extension" version 1.1.1 stopped successfully.
2025-01-30 18:34:12,700 INFO c.h.h.t.HelmChartContainer - [test-hivemq-platform] [hivemq] [4793bd67] INFO  - [HiveMQ Platform Operator Init App 1.7.0-SNAPSHOT] Returning shutdown Health API response 503 for readiness
2025-01-30 18:34:12,704 INFO c.h.h.t.HelmChartContainer - [EVENT] Warning [Unhealthy] Readiness probe failed: HTTP probe failed with statuscode: 503 [helmupgradeplatformit:test-hivemq-platform-1]
2025-01-30 18:34:12,704 INFO c.h.h.t.HelmChartContainer - Received Unhealthy event for container hivemq in pod test-hivemq-platform-1 [4793bd67-727b-4e38-866f-eaaf37fe8b38]
2025-01-30 18:34:13,392 INFO c.h.h.t.HelmChartContainer - [K3S] [authentication.go:74] "Unable to authenticate the request" err="[invalid bearer token, serviceaccounts \"hivemq-platform-pod-test-hivemq-platform\" not found]"
2025-01-30 18:34:13,406 INFO c.h.h.t.HelmChartContainer - [K3S] [authentication.go:74] "Unable to authenticate the request" err="[invalid bearer token, serviceaccounts \"hivemq-platform-pod-test-hivemq-platform\" not found]"
2025-01-30 18:34:13,408 INFO c.h.h.t.HelmChartContainer - [test-hivemq-platform] [hivemq] [4793bd67] WARN  - [HiveMQ Platform Operator Init App 1.7.0-SNAPSHOT] Could not update Pod annotations: Failure executing: GET at: https://10.43.0.1:443/api/v1/namespaces/helmupgradeplatformit/pods/test-hivemq-platform-1. Message: Unauthorized. Received status: Status(apiVersion=v1, code=401, details=null, kind=Status, message=Unauthorized, metadata=ListMeta(_continue=null, remainingItemCount=null, resourceVersion=null, selfLink=null, additionalProperties={}), reason=Unauthorized, status=Failure, additionalProperties={}).
2025-01-30 18:34:13,816 INFO c.h.h.t.HelmChartContainer - [test-hivemq-platform] [hivemq] [131b9d9f] INFO  - [HiveMQ Platform Operator Init App 1.7.0-SNAPSHOT] Returning shutdown Health API response 503 for readiness
2025-01-30 18:34:13,820 INFO c.h.h.t.HelmChartContainer - [EVENT] Warning [Unhealthy] Readiness probe failed: HTTP probe failed with statuscode: 503 [helmupgradeplatformit:test-hivemq-platform-0]
2025-01-30 18:34:13,820 INFO c.h.h.t.HelmChartContainer - Received Unhealthy event for container hivemq in pod test-hivemq-platform-0 [131b9d9f-0c0c-4543-bfad-2ebb2132e632]
2025-01-30 18:34:14,223 INFO c.h.h.t.HelmChartContainer - [test-hivemq-platform] [hivemq] [131b9d9f] INFO  - Shutdown completed.
2025-01-30 18:34:14,389 INFO c.h.h.t.HelmChartContainer - [K3S] [authentication.go:74] "Unable to authenticate the request" err="[invalid bearer token, serviceaccounts \"hivemq-platform-pod-test-hivemq-platform\" not found]"
2025-01-30 18:34:14,400 INFO c.h.h.t.HelmChartContainer - [K3S] [authentication.go:74] "Unable to authenticate the request" err="[invalid bearer token, serviceaccounts \"hivemq-platform-pod-test-hivemq-platform\" not found]"
2025-01-30 18:34:14,402 INFO c.h.h.t.HelmChartContainer - [test-hivemq-platform] [hivemq] [131b9d9f] WARN  - [HiveMQ Platform Operator Init App 1.7.0-SNAPSHOT] Could not update Pod annotations: Failure executing: GET at: https://10.43.0.1:443/api/v1/namespaces/helmupgradeplatformit/pods/test-hivemq-platform-0. Message: Unauthorized. Received status: Status(apiVersion=v1, code=401, details=null, kind=Status, message=Unauthorized, metadata=ListMeta(_continue=null, remainingItemCount=null, resourceVersion=null, selfLink=null, additionalProperties={}), reason=Unauthorized, status=Failure, additionalProperties={}).
2025-01-30 18:34:14,570 INFO c.h.h.t.HelmChartContainer - [test-hivemq-platform] [hivemq] [131b9d9f] INFO  - [HiveMQ Platform Operator Init App 1.7.0-SNAPSHOT] The HiveMQ Platform exited with code 143
2025-01-30 18:34:14,571 INFO c.h.h.t.HelmChartContainer - [test-hivemq-platform] [hivemq] [131b9d9f] INFO  - [HiveMQ Platform Operator Init App 1.7.0-SNAPSHOT] Stopping the REST API
2025-01-30 18:34:14,579 INFO c.h.h.t.HelmChartContainer - [test-hivemq-platform] [hivemq] [131b9d9f] INFO  - [HiveMQ Platform Operator Init App 1.7.0-SNAPSHOT] Shutdown complete
2025-01-30 18:34:14,802 INFO c.h.h.t.HelmChartContainer - [test-hivemq-platform] [hivemq] [4793bd67] INFO  - Shutdown completed.
2025-01-30 18:34:15,056 INFO c.h.h.t.HelmChartContainer - [K3S] [stateful_set.go:438] "Unhandled Error" err="error syncing StatefulSet helmupgradeplatformit/test-hivemq-platform, requeuing: controllerrevisions.apps \"test-hivemq-platform-747fd99c9b\" is forbidden: unable to create new content in namespace helmupgradeplatformit because it is being terminated"
2025-01-30 18:34:15,056 INFO c.h.h.t.HelmChartContainer - [POD] test-hivemq-platform-0 [131b9d9f-0c0c-4543-bfad-2ebb2132e632] in helmupgradeplatformit was MODIFIED
2025-01-30 18:34:15,063 INFO c.h.h.t.HelmChartContainer - [K3S] [stateful_set.go:438] "Unhandled Error" err="error syncing StatefulSet helmupgradeplatformit/test-hivemq-platform, requeuing: controllerrevisions.apps \"test-hivemq-platform-747fd99c9b\" is forbidden: unable to create new content in namespace helmupgradeplatformit because it is being terminated"
2025-01-30 18:34:15,075 INFO c.h.h.t.HelmChartContainer - [K3S] [stateful_set.go:438] "Unhandled Error" err="error syncing StatefulSet helmupgradeplatformit/test-hivemq-platform, requeuing: controllerrevisions.apps \"test-hivemq-platform-747fd99c9b\" is forbidden: unable to create new content in namespace helmupgradeplatformit because it is being terminated"
2025-01-30 18:34:15,098 INFO c.h.h.t.HelmChartContainer - [K3S] [stateful_set.go:438] "Unhandled Error" err="error syncing StatefulSet helmupgradeplatformit/test-hivemq-platform, requeuing: controllerrevisions.apps \"test-hivemq-platform-747fd99c9b\" is forbidden: unable to create new content in namespace helmupgradeplatformit because it is being terminated"
2025-01-30 18:34:15,110 INFO c.h.h.t.HelmChartContainer - [K3S] [reconciler_common.go:162] "operationExecutor.UnmountVolume started for volume \"operator-init\" (UniqueName: \"kubernetes.io/empty-dir/131b9d9f-0c0c-4543-bfad-2ebb2132e632-operator-init\") pod \"131b9d9f-0c0c-4543-bfad-2ebb2132e632\" (UID: \"131b9d9f-0c0c-4543-bfad-2ebb2132e632\") "
2025-01-30 18:34:15,110 INFO c.h.h.t.HelmChartContainer - [K3S] [reconciler_common.go:162] "operationExecutor.UnmountVolume started for volume \"broker-configuration\" (UniqueName: \"kubernetes.io/configmap/131b9d9f-0c0c-4543-bfad-2ebb2132e632-broker-configuration\") pod \"131b9d9f-0c0c-4543-bfad-2ebb2132e632\" (UID: \"131b9d9f-0c0c-4543-bfad-2ebb2132e632\") "
2025-01-30 18:34:15,110 INFO c.h.h.t.HelmChartContainer - [K3S] [reconciler_common.go:162] "operationExecutor.UnmountVolume started for volume \"pod-info\" (UniqueName: \"kubernetes.io/configmap/131b9d9f-0c0c-4543-bfad-2ebb2132e632-pod-info\") pod \"131b9d9f-0c0c-4543-bfad-2ebb2132e632\" (UID: \"131b9d9f-0c0c-4543-bfad-2ebb2132e632\") "
2025-01-30 18:34:15,110 INFO c.h.h.t.HelmChartContainer - [K3S] [reconciler_common.go:162] "operationExecutor.UnmountVolume started for volume \"kube-api-access-2g8f9\" (UniqueName: \"kubernetes.io/projected/131b9d9f-0c0c-4543-bfad-2ebb2132e632-kube-api-access-2g8f9\") pod \"131b9d9f-0c0c-4543-bfad-2ebb2132e632\" (UID: \"131b9d9f-0c0c-4543-bfad-2ebb2132e632\") "
2025-01-30 18:34:15,141 INFO c.h.h.t.HelmChartContainer - [K3S] [stateful_set.go:438] "Unhandled Error" err="error syncing StatefulSet helmupgradeplatformit/test-hivemq-platform, requeuing: controllerrevisions.apps \"test-hivemq-platform-747fd99c9b\" is forbidden: unable to create new content in namespace helmupgradeplatformit because it is being terminated"
2025-01-30 18:34:15,152 INFO c.h.h.t.HelmChartContainer - [test-hivemq-platform] [hivemq] [4793bd67] INFO  - [HiveMQ Platform Operator Init App 1.7.0-SNAPSHOT] The HiveMQ Platform exited with code 143
2025-01-30 18:34:15,152 INFO c.h.h.t.HelmChartContainer - [test-hivemq-platform] [hivemq] [4793bd67] INFO  - [HiveMQ Platform Operator Init App 1.7.0-SNAPSHOT] Stopping the REST API
2025-01-30 18:34:15,161 INFO c.h.h.t.HelmChartContainer - [test-hivemq-platform] [hivemq] [4793bd67] INFO  - [HiveMQ Platform Operator Init App 1.7.0-SNAPSHOT] Shutdown complete
2025-01-30 18:34:15,210 INFO c.h.h.t.HelmChartContainer - [K3S] [reconciler_common.go:299] "Volume detached for volume \"kube-api-access-2g8f9\" (UniqueName: \"kubernetes.io/projected/131b9d9f-0c0c-4543-bfad-2ebb2132e632-kube-api-access-2g8f9\") on node \"3c34a29122cc\" DevicePath \"\""
2025-01-30 18:34:15,210 INFO c.h.h.t.HelmChartContainer - [K3S] [reconciler_common.go:299] "Volume detached for volume \"operator-init\" (UniqueName: \"kubernetes.io/empty-dir/131b9d9f-0c0c-4543-bfad-2ebb2132e632-operator-init\") on node \"3c34a29122cc\" DevicePath \"\""
2025-01-30 18:34:15,210 INFO c.h.h.t.HelmChartContainer - [K3S] [reconciler_common.go:299] "Volume detached for volume \"broker-configuration\" (UniqueName: \"kubernetes.io/configmap/131b9d9f-0c0c-4543-bfad-2ebb2132e632-broker-configuration\") on node \"3c34a29122cc\" DevicePath \"\""
2025-01-30 18:34:15,210 INFO c.h.h.t.HelmChartContainer - [K3S] [reconciler_common.go:299] "Volume detached for volume \"pod-info\" (UniqueName: \"kubernetes.io/configmap/131b9d9f-0c0c-4543-bfad-2ebb2132e632-pod-info\") on node \"3c34a29122cc\" DevicePath \"\""
2025-01-30 18:34:15,224 INFO c.h.h.t.HelmChartContainer - [K3S] [stateful_set.go:438] "Unhandled Error" err="error syncing StatefulSet helmupgradeplatformit/test-hivemq-platform, requeuing: controllerrevisions.apps \"test-hivemq-platform-747fd99c9b\" is forbidden: unable to create new content in namespace helmupgradeplatformit because it is being terminated"
2025-01-30 18:34:15,284 INFO c.h.h.t.HelmChartContainer - [K3S] [stateful_set.go:466] "StatefulSet has been deleted" key="helmupgradeplatformit/test-hivemq-platform"
2025-01-30 18:34:15,386 INFO c.h.h.t.HelmChartContainer - [K3S] [stateful_set.go:466] "StatefulSet has been deleted" key="helmupgradeplatformit/test-hivemq-platform"
2025-01-30 18:34:15,529 INFO c.h.h.t.HelmChartContainer - [K3S] [scope.go:117] "RemoveContainer" containerID="93b9541867cb051074ba0c8590d5b38839edee37c9df99bf238369dd918747fb"
2025-01-30 18:34:15,549 INFO c.h.h.t.HelmChartContainer - [POD] test-hivemq-platform-0 [131b9d9f-0c0c-4543-bfad-2ebb2132e632] in helmupgradeplatformit was MODIFIED
2025-01-30 18:34:15,551 INFO c.h.h.t.HelmChartContainer - [POD] test-hivemq-platform-0 [131b9d9f-0c0c-4543-bfad-2ebb2132e632] in helmupgradeplatformit was DELETED
2025-01-30 18:34:15,602 INFO c.h.h.t.HelmChartContainer - [POD] test-hivemq-platform-1 [4793bd67-727b-4e38-866f-eaaf37fe8b38] in helmupgradeplatformit was MODIFIED
2025-01-30 18:34:15,652 INFO c.h.h.t.HelmChartContainer - [K3S] [scope.go:117] "RemoveContainer" containerID="9c7e7873ec4403caee37a4d10a71384c7ff33aa44e819a79dfe416f473a27cc1"
2025-01-30 18:34:15,654 INFO c.h.h.t.HelmChartContainer - [K3S] [scope.go:117] "RemoveContainer" containerID="93b9541867cb051074ba0c8590d5b38839edee37c9df99bf238369dd918747fb"
2025-01-30 18:34:15,655 INFO c.h.h.t.HelmChartContainer - [K3S] [scope.go:117] "RemoveContainer" containerID="9c7e7873ec4403caee37a4d10a71384c7ff33aa44e819a79dfe416f473a27cc1"
2025-01-30 18:34:15,712 INFO c.h.h.t.HelmChartContainer - [K3S] [reconciler_common.go:162] "operationExecutor.UnmountVolume started for volume \"operator-init\" (UniqueName: \"kubernetes.io/empty-dir/4793bd67-727b-4e38-866f-eaaf37fe8b38-operator-init\") pod \"4793bd67-727b-4e38-866f-eaaf37fe8b38\" (UID: \"4793bd67-727b-4e38-866f-eaaf37fe8b38\") "
2025-01-30 18:34:15,712 INFO c.h.h.t.HelmChartContainer - [K3S] [reconciler_common.go:162] "operationExecutor.UnmountVolume started for volume \"kube-api-access-h9djs\" (UniqueName: \"kubernetes.io/projected/4793bd67-727b-4e38-866f-eaaf37fe8b38-kube-api-access-h9djs\") pod \"4793bd67-727b-4e38-866f-eaaf37fe8b38\" (UID: \"4793bd67-727b-4e38-866f-eaaf37fe8b38\") "
2025-01-30 18:34:15,712 INFO c.h.h.t.HelmChartContainer - [K3S] [reconciler_common.go:162] "operationExecutor.UnmountVolume started for volume \"broker-configuration\" (UniqueName: \"kubernetes.io/configmap/4793bd67-727b-4e38-866f-eaaf37fe8b38-broker-configuration\") pod \"4793bd67-727b-4e38-866f-eaaf37fe8b38\" (UID: \"4793bd67-727b-4e38-866f-eaaf37fe8b38\") "
2025-01-30 18:34:15,712 INFO c.h.h.t.HelmChartContainer - [K3S] [reconciler_common.go:162] "operationExecutor.UnmountVolume started for volume \"pod-info\" (UniqueName: \"kubernetes.io/configmap/4793bd67-727b-4e38-866f-eaaf37fe8b38-pod-info\") pod \"4793bd67-727b-4e38-866f-eaaf37fe8b38\" (UID: \"4793bd67-727b-4e38-866f-eaaf37fe8b38\") "
2025-01-30 18:34:15,812 INFO c.h.h.t.HelmChartContainer - [K3S] [reconciler_common.go:299] "Volume detached for volume \"broker-configuration\" (UniqueName: \"kubernetes.io/configmap/4793bd67-727b-4e38-866f-eaaf37fe8b38-broker-configuration\") on node \"3c34a29122cc\" DevicePath \"\""
2025-01-30 18:34:15,812 INFO c.h.h.t.HelmChartContainer - [K3S] [reconciler_common.go:299] "Volume detached for volume \"pod-info\" (UniqueName: \"kubernetes.io/configmap/4793bd67-727b-4e38-866f-eaaf37fe8b38-pod-info\") on node \"3c34a29122cc\" DevicePath \"\""
2025-01-30 18:34:15,812 INFO c.h.h.t.HelmChartContainer - [K3S] [reconciler_common.go:299] "Volume detached for volume \"kube-api-access-h9djs\" (UniqueName: \"kubernetes.io/projected/4793bd67-727b-4e38-866f-eaaf37fe8b38-kube-api-access-h9djs\") on node \"3c34a29122cc\" DevicePath \"\""
2025-01-30 18:34:15,812 INFO c.h.h.t.HelmChartContainer - [K3S] [reconciler_common.go:299] "Volume detached for volume \"operator-init\" (UniqueName: \"kubernetes.io/empty-dir/4793bd67-727b-4e38-866f-eaaf37fe8b38-operator-init\") on node \"3c34a29122cc\" DevicePath \"\""
2025-01-30 18:34:16,535 INFO c.h.h.t.HelmChartContainer - [K3S] [scope.go:117] "RemoveContainer" containerID="bb48f129fae148aee01c27bc360f69a8768cba5f6a77692ca0bc166cee13ca14"
2025-01-30 18:34:16,550 INFO c.h.h.t.HelmChartContainer - [POD] test-hivemq-platform-1 [4793bd67-727b-4e38-866f-eaaf37fe8b38] in helmupgradeplatformit was MODIFIED
2025-01-30 18:34:16,552 INFO c.h.h.t.HelmChartContainer - [POD] test-hivemq-platform-1 [4793bd67-727b-4e38-866f-eaaf37fe8b38] in helmupgradeplatformit was DELETED
2025-01-30 18:34:16,633 INFO c.h.h.t.HelmChartContainer - [K3S] [scope.go:117] "RemoveContainer" containerID="b785641aff5a0d218e915d8f95b4a148ca287792737bfa83895408d5272d6be3"
2025-01-30 18:34:16,923 INFO c.h.h.t.HelmChartContainer - [K3S] [kubelet_volumes.go:163] "Cleaned up orphaned pod volumes dir" podUID="131b9d9f-0c0c-4543-bfad-2ebb2132e632" path="/var/lib/kubelet/pods/131b9d9f-0c0c-4543-bfad-2ebb2132e632/volumes"
2025-01-30 18:34:16,924 INFO c.h.h.t.HelmChartContainer - [K3S] [kubelet_volumes.go:163] "Cleaned up orphaned pod volumes dir" podUID="4793bd67-727b-4e38-866f-eaaf37fe8b38" path="/var/lib/kubelet/pods/4793bd67-727b-4e38-866f-eaaf37fe8b38/volumes"
2025-01-30 18:34:20,569 INFO c.h.h.t.HelmChartContainer - Namespace 'helmupgradeplatformit' deleted
2025-01-30 18:34:20,569 INFO c.h.h.t.HelmChartContainer - Release 'test-hivemq-platform' in namespace 'helmupgradeplatformit' is uninstalled
2025-01-30 18:34:20,569 INFO c.h.h.t.HelmChartContainer - Uninstalling release 'test-hivemq-platform-operator' in namespace 'helmupgradeplatformit-operator'...
2025-01-30 18:34:20,569 DEBUG c.h.h.t.HelmChartContainer - Executing helm command: /bin/helm --kubeconfig /etc/rancher/k3s/k3s.yaml uninstall test-hivemq-platform-operator  --wait --timeout 5m0s --cascade foreground --namespace helmupgradeplatformit-operator
2025-01-30 18:34:20,757 INFO c.h.h.t.HelmChartContainer - [K3S] [replica_set.go:679] "Finished syncing" kind="ReplicaSet" key="helmupgradeplatformit-operator/hivemq-test-hivemq-platform-operator-6966f96d65" duration="17.41433ms"
2025-01-30 18:34:20,757 INFO c.h.h.t.HelmChartContainer - [K3S] [replica_set.go:679] "Finished syncing" kind="ReplicaSet" key="helmupgradeplatformit-operator/hivemq-test-hivemq-platform-operator-6966f96d65" duration="24.777µs"
2025-01-30 18:34:20,764 INFO c.h.h.t.HelmChartContainer - [POD] hivemq-test-hivemq-platform-operator-6966f96d65-mxsjm [1f650712-6998-464b-ad7a-f864708f1d0f] in helmupgradeplatformit-operator was MODIFIED
2025-01-30 18:34:20,774 INFO c.h.h.t.HelmChartContainer - [EVENT] Normal [Killing] Stopping container hivemq-platform-operator [helmupgradeplatformit-operator:hivemq-test-hivemq-platform-operator-6966f96d65-mxsjm]
2025-01-30 18:34:20,774 INFO c.h.h.t.HelmChartContainer - Received Killing event for container hivemq-platform-operator in pod hivemq-test-hivemq-platform-operator-6966f96d65-mxsjm [1f650712-6998-464b-ad7a-f864708f1d0f]
2025-01-30 18:34:20,774 INFO c.h.h.t.HelmChartContainer - Container [hivemq-test-hivemq-platform-operator-6966f96d65-mxsjm] [hivemq-platform-operator] [1f650712-6998-464b-ad7a-f864708f1d0f] was terminated
2025-01-30 18:34:20,775 INFO c.h.h.t.HelmChartContainer - Stopped log watcher for hivemq-platform-operator in pod hivemq-test-hivemq-platform-operator-6966f96d65-mxsjm [1f650712-6998-464b-ad7a-f864708f1d0f]
2025-01-30 18:34:20,776 INFO c.h.h.t.HelmChartContainer - [hivemq-test-hivemq-platform] [hivemq-platform-operator] [1f650712] 18:34:20.774 [application-shutdown-thread] INFO  c.h.p.o.HiveMQPlatformOperatorApplication - HiveMQ Platform Operator is stopping...
2025-01-30 18:34:20,777 INFO c.h.h.t.HelmChartContainer - [hivemq-test-hivemq-platform] [hivemq-platform-operator] [1f650712] 18:34:20.774 [application-shutdown-thread] INFO  i.javaoperatorsdk.operator.Operator - Operator SDK 4.9.7 is shutting down...
2025-01-30 18:34:20,784 INFO c.h.h.t.HelmChartContainer - [K3S] [replica_set.go:679] "Finished syncing" kind="ReplicaSet" key="helmupgradeplatformit-operator/hivemq-test-hivemq-platform-operator-6966f96d65" duration="12.927605ms"
2025-01-30 18:34:20,784 INFO c.h.h.t.HelmChartContainer - [K3S] [replica_set.go:679] "Finished syncing" kind="ReplicaSet" key="helmupgradeplatformit-operator/hivemq-test-hivemq-platform-operator-6966f96d65" duration="35.767µs"
2025-01-30 18:34:21,269 INFO c.h.h.t.HelmChartContainer - [K3S] [replica_set.go:679] "Finished syncing" kind="ReplicaSet" key="helmupgradeplatformit-operator/hivemq-test-hivemq-platform-operator-6966f96d65" duration="43.963µs"
2025-01-30 18:34:21,269 INFO c.h.h.t.HelmChartContainer - [POD] hivemq-test-hivemq-platform-operator-6966f96d65-mxsjm [1f650712-6998-464b-ad7a-f864708f1d0f] in helmupgradeplatformit-operator was MODIFIED
2025-01-30 18:34:21,347 INFO c.h.h.t.HelmChartContainer - [K3S] [reconciler_common.go:162] "operationExecutor.UnmountVolume started for volume \"kube-api-access-k25lz\" (UniqueName: \"kubernetes.io/projected/1f650712-6998-464b-ad7a-f864708f1d0f-kube-api-access-k25lz\") pod \"1f650712-6998-464b-ad7a-f864708f1d0f\" (UID: \"1f650712-6998-464b-ad7a-f864708f1d0f\") "
2025-01-30 18:34:21,447 INFO c.h.h.t.HelmChartContainer - [K3S] [reconciler_common.go:299] "Volume detached for volume \"kube-api-access-k25lz\" (UniqueName: \"kubernetes.io/projected/1f650712-6998-464b-ad7a-f864708f1d0f-kube-api-access-k25lz\") on node \"3c34a29122cc\" DevicePath \"\""
2025-01-30 18:34:21,545 INFO c.h.h.t.HelmChartContainer - [K3S] [scope.go:117] "RemoveContainer" containerID="d158e8d2176af7bb8237576e58f92cb618fd1cba4a932bf511304b8816710afb"
2025-01-30 18:34:21,548 INFO c.h.h.t.HelmChartContainer - [K3S] [scope.go:117] "RemoveContainer" containerID="d158e8d2176af7bb8237576e58f92cb618fd1cba4a932bf511304b8816710afb"
2025-01-30 18:34:21,556 INFO c.h.h.t.HelmChartContainer - [K3S] [replica_set.go:679] "Finished syncing" kind="ReplicaSet" key="helmupgradeplatformit-operator/hivemq-test-hivemq-platform-operator-6966f96d65" duration="72.737µs"
2025-01-30 18:34:21,556 INFO c.h.h.t.HelmChartContainer - [POD] hivemq-test-hivemq-platform-operator-6966f96d65-mxsjm [1f650712-6998-464b-ad7a-f864708f1d0f] in helmupgradeplatformit-operator was MODIFIED
2025-01-30 18:34:21,559 INFO c.h.h.t.HelmChartContainer - [K3S] [replica_set.go:679] "Finished syncing" kind="ReplicaSet" key="helmupgradeplatformit-operator/hivemq-test-hivemq-platform-operator-6966f96d65" duration="30.648µs"
2025-01-30 18:34:21,559 INFO c.h.h.t.HelmChartContainer - [POD] hivemq-test-hivemq-platform-operator-6966f96d65-mxsjm [1f650712-6998-464b-ad7a-f864708f1d0f] in helmupgradeplatformit-operator was DELETED
2025-01-30 18:34:21,571 INFO c.h.h.t.HelmChartContainer - [K3S] [replica_set.go:679] "Finished syncing" kind="ReplicaSet" key="helmupgradeplatformit-operator/hivemq-test-hivemq-platform-operator-6966f96d65" duration="6.863µs"
2025-01-30 18:34:22,784 INFO c.h.h.t.HelmChartContainer - Deleting namespace 'helmupgradeplatformit-operator'...
2025-01-30 18:34:22,923 INFO c.h.h.t.HelmChartContainer - [K3S] [kubelet_volumes.go:163] "Cleaned up orphaned pod volumes dir" podUID="1f650712-6998-464b-ad7a-f864708f1d0f" path="/var/lib/kubelet/pods/1f650712-6998-464b-ad7a-f864708f1d0f/volumes"
2025-01-30 18:34:25,508 INFO c.h.h.t.HelmChartContainer - [K3S] [namespace_controller.go:187] "Namespace has been deleted" namespace="helmupgradeplatformit"
2025-01-30 18:34:27,999 INFO c.h.h.t.HelmChartContainer - Namespace 'helmupgradeplatformit-operator' deleted
2025-01-30 18:34:27,999 INFO c.h.h.t.HelmChartContainer - Release 'test-hivemq-platform-operator' in namespace 'helmupgradeplatformit-operator' is uninstalled
2025-01-30 18:34:28,771 INFO c.h.helmcharts.AbstractHelmChartIT - Removed unused containers:

2025-01-30 18:34:32,910 INFO c.h.h.t.HelmChartContainer - [K3S] [namespace_controller.go:187] "Namespace has been deleted" namespace="helmupgradeplatformit-operator"
2025-01-30 18:34:36,509 INFO c.h.helmcharts.AbstractHelmChartIT - Removed unused snapshots:
Removing snapshot sha256:03af251906410714c5aef9fa705b63f6bbc39c4a5e787de7361eeb18886c2ed2
Removing snapshot sha256:0c46b3b43cce082ce5ec34ffc6c294e0417d17b9d1e6f366d114b6aadc4f96dc
Removing snapshot sha256:0ce761beee59082d6ed5bcebd3a805b8ddd9b3426b617e4809e7fb7c6587ffec
Removing snapshot sha256:0df91287303208332c8ff6ba40ae4710105201739addbfbddfb955f1ad593664
Removing snapshot sha256:1021ef88c7974bfff89c5a0ec4fd3160daac6c48a075f74cff721f85dd104e68
Removing snapshot sha256:10aba4953ddc18145dd38e3704709bc464aa20af60b56fe52caaff4b68411e62
Removing snapshot sha256:2573e0d8158209ed54ab25c87bcdcb00bd3d2539246960a3d592a1c599d70465
Removing snapshot sha256:362a8a37f8bbc31925a8146adcf7cf51f9882f5c1dcbef67c5baa03a297543c0
Removing snapshot sha256:3fa4ad33f0ddc8fd45b39b6b4640f82a3a83619606cd975bfe89d8710ad2d4cd
Removing snapshot sha256:43a7c979bbaba6838bc3102d6b10a1459f3ab050b87ccdfef84ef90cf43d3058
Removing snapshot sha256:4ab04491cdf0d3267f08206fe30bd48f49f94b9cab2f016d6739220f722a64af
Removing snapshot sha256:4b6068250e89c96f263060261819c7d912855bfbd64b3eb4c4a8483299b8c295
Removing snapshot sha256:580e69a0a8034ede1921139bbd2bfb72a69ebf276d008281896c32dd8bf74775
Removing snapshot sha256:5d30ba46b27fe37484567ccc5242cadc78217b8da605f3f195ef25cbf7487904
Removing snapshot sha256:63ca1fbb43ae5034640e5e6cb3e083e05c290072c5366fcaa9d62435a4cced85
Removing snapshot sha256:67f702c6baae873bceb19487c8b1f27bd2b86077e4f2f0e480e6d60ab508b8f5
Removing snapshot sha256:6864348dd42806d552efdec384f1274be15e2d0c10ce44c1f04347af004c10a9
Removing snapshot sha256:6c7dee8f2c39b84b7dc2711c01d33de93514d9055499173e9290176fbe484b6c
Removing snapshot sha256:82753493a6d61ded36556292f02f31841a14c20d2f279f19eaad65afb661d5cd
Removing snapshot sha256:8a10d3db42c505ee0fcfa98417bdd7e39b304f6bcc0a06bb1b220797ff2cc63c
Removing snapshot sha256:8ab3f19d90454253b1004f2f1710d319ff4d393797a94f12bbd965c7a3dd1b18
Removing snapshot sha256:a0904247e36a7726c03c71ee48f3e64462021c88dafeb13f37fdaf613b27f11c
Removing snapshot sha256:a21e5b12dbac529ad45d976eb9ce45c881f3bedcc500fb30aba1e52aa1813418
Removing snapshot sha256:b921e6c28969094157f9b8e7244677780319637afd14450b7cb6b2fdea558a0c
Removing snapshot sha256:bc27ecb5769a00e309cf99ebc763c4a4b958b618d1decc96ffac5bc05f02f5b7
Removing snapshot sha256:be3ccb6627a5332e309d45ef461d09b4879dd870c7394d89323d0ebc6ca6aa8a
Removing snapshot sha256:c261f7cbbc64211ee175ee47273acdb7b1a36a4450b397a064a8f2c026490095
Removing snapshot sha256:c34d9393647eea0c9e3557ab988efaf59f61d10a2a5613b439ef0958cca5ec10
Removing snapshot sha256:c3c861b8cd1239e44e1111c5a802b7aa54344d280c8f96b92b37284b06127fa0
Removing snapshot sha256:ccf3c4a0fa967a41c1c83497a2ce6fa5787965859df0adb32c4ca2cf7490bc2b
Removing snapshot sha256:cf92d33f869417309692088c341cd0f223c178ea78a125f757317b22aa8f90e9
Removing snapshot sha256:d0037344cf2fb078884f1849f6a1f8cf9a33a3b6139b6a85833e5ee528e1f9a8
Removing snapshot sha256:d3b36d5b79273b1e98e7700470eaeff05a882e777124d84cebcc1505b85ecb36
Removing snapshot sha256:d65a44a37914602d12c611e5e22a50f11451d847e63015cc1c2aef92dee777a4
Removing snapshot sha256:e2dc0bae2455930f23ae570e019b7f32edc75c0f2d71cab084db837ff9051796
Removing snapshot sha256:eccbd24a99c60cd9e86ee5305dbfc4a4dc89f5ab4fb1f06c8d64797cecedef34
Removing snapshot sha256:f144bb4c7c7f0d2aa7eeffd36d934ec40db1ee167be727e326aad9fdc616f475

]]></system-out>
  </testcase>
  <system-out><![CDATA[2025-01-30 18:32:03,144 INFO c.h.h.t.HelmChartContainerExtension - Using cached HelmChartContainer instance
]]></system-out>
  <system-err><![CDATA[]]></system-err>
</testsuite>
