<?xml version="1.0" encoding="UTF-8"?>
<testsuite name="com.hivemq.helmcharts.platform.HelmPlatformInstallIT" tests="1" skipped="0" failures="0" errors="0" timestamp="2025-02-19T21:28:37" hostname="fv-az1308-79" time="99.341">
  <properties/>
  <testcase name="withLocalCharts_hivemqRunning()" classname="com.hivemq.helmcharts.platform.HelmPlatformInstallIT" time="99.341"/>
</testsuite>
