<?xml version="1.0" encoding="UTF-8"?>
<testsuite name="com.hivemq.helmcharts.platform.HelmCustomLogbackIT" tests="1" skipped="0" failures="0" errors="0" timestamp="2025-01-28T23:53:12" hostname="fv-az1393-813" time="100.771">
  <properties/>
  <testcase name="withCustomLogbackConfig_platformUsingCustomLogbackXml()" classname="com.hivemq.helmcharts.platform.HelmCustomLogbackIT" time="100.771">
    <system-out><![CDATA[2025-01-28 23:53:12,643 INFO c.h.h.t.HelmChartContainer - Creating namespace 'helmcustomlogbackit-operator'...
2025-01-28 23:53:12,651 INFO c.h.h.t.HelmChartContainer - Namespace 'helmcustomlogbackit-operator' created
2025-01-28 23:53:12,651 INFO c.h.h.t.HelmChartContainer - Creating namespace 'helmcustomlogbackit'...
2025-01-28 23:53:12,752 INFO c.h.h.t.HelmChartContainer - Namespace 'helmcustomlogbackit' created
2025-01-28 23:53:12,812 DEBUG c.h.h.t.HelmChartContainer - Executing helm command: /bin/helm --kubeconfig /etc/rancher/k3s/k3s.yaml install test-hivemq-platform-operator /charts/hivemq-platform-operator --wait --timeout 5m0s --set image.repository=docker.io/hivemq --set image.name=hivemq-platform-operator-test --set image.initImageName=hivemq-platform-operator-init-test --set image.tag=snapshot --set image.pullPolicy=Never --set logLevel=DEBUG --set resources.cpu=512m --namespace helmcustomlogbackit-operator
2025-01-28 23:53:13,104 INFO c.h.h.t.HelmChartContainer - [K3S] [alloc.go:330] "allocated clusterIPs" service="helmcustomlogbackit-operator/hivemq-platform-operator-test-hivemq-platform-operator" clusterIPs={"IPv4":"10.43.126.222"}
2025-01-28 23:53:13,118 INFO c.h.h.t.HelmChartContainer - [EVENT] Normal [ScalingReplicaSet] Scaled up replica set hivemq-test-hivemq-platform-operator-6966f96d65 from 0 to 1 [helmcustomlogbackit-operator:hivemq-test-hivemq-platform-operator]
2025-01-28 23:53:13,125 INFO c.h.h.t.HelmChartContainer - [POD] hivemq-test-hivemq-platform-operator-6966f96d65-fhkh8 [e8e8d337-f306-449d-b518-0c918afd21e4] in helmcustomlogbackit-operator was ADDED
2025-01-28 23:53:13,133 INFO c.h.h.t.HelmChartContainer - [POD] hivemq-test-hivemq-platform-operator-6966f96d65-fhkh8 [e8e8d337-f306-449d-b518-0c918afd21e4] in helmcustomlogbackit-operator was MODIFIED
2025-01-28 23:53:13,135 INFO c.h.h.t.HelmChartContainer - [K3S] [memory_manager.go:355] "RemoveStaleState removing state" podUID="2c6277b1-fbfa-43bc-9c85-011cecf12937" containerName="hivemq-platform-operator"
2025-01-28 23:53:13,138 INFO c.h.h.t.HelmChartContainer - [K3S] [replica_set.go:679] "Finished syncing" kind="ReplicaSet" key="helmcustomlogbackit-operator/hivemq-test-hivemq-platform-operator-6966f96d65" duration="22.348538ms"
2025-01-28 23:53:13,139 INFO c.h.h.t.HelmChartContainer - [EVENT] Normal [SuccessfulCreate] Created pod: hivemq-test-hivemq-platform-operator-6966f96d65-fhkh8 [helmcustomlogbackit-operator:hivemq-test-hivemq-platform-operator-6966f96d65]
2025-01-28 23:53:13,149 INFO c.h.h.t.HelmChartContainer - [EVENT] Normal [Scheduled] Successfully assigned helmcustomlogbackit-operator/hivemq-test-hivemq-platform-operator-6966f96d65-fhkh8 to 0bc421238fd2 [helmcustomlogbackit-operator:hivemq-test-hivemq-platform-operator-6966f96d65-fhkh8]
2025-01-28 23:53:13,149 INFO c.h.h.t.HelmChartContainer - [K3S] [reconciler_common.go:251] "operationExecutor.VerifyControllerAttachedVolume started for volume \"kube-api-access-n2q22\" (UniqueName: \"kubernetes.io/projected/e8e8d337-f306-449d-b518-0c918afd21e4-kube-api-access-n2q22\") pod \"hivemq-test-hivemq-platform-operator-6966f96d65-fhkh8\" (UID: \"e8e8d337-f306-449d-b518-0c918afd21e4\") " pod="helmcustomlogbackit-operator/hivemq-test-hivemq-platform-operator-6966f96d65-fhkh8"
2025-01-28 23:53:13,151 INFO c.h.h.t.HelmChartContainer - [K3S] [replica_set.go:679] "Finished syncing" kind="ReplicaSet" key="helmcustomlogbackit-operator/hivemq-test-hivemq-platform-operator-6966f96d65" duration="10.89314ms"
2025-01-28 23:53:13,152 INFO c.h.h.t.HelmChartContainer - [POD] hivemq-test-hivemq-platform-operator-6966f96d65-fhkh8 [e8e8d337-f306-449d-b518-0c918afd21e4] in helmcustomlogbackit-operator was MODIFIED
2025-01-28 23:53:13,153 INFO c.h.h.t.HelmChartContainer - [K3S] [replica_set.go:679] "Finished syncing" kind="ReplicaSet" key="helmcustomlogbackit-operator/hivemq-test-hivemq-platform-operator-6966f96d65" duration="39.262µs"
2025-01-28 23:53:13,153 INFO c.h.h.t.HelmChartContainer - [K3S] [replica_set.go:679] "Finished syncing" kind="ReplicaSet" key="helmcustomlogbackit-operator/hivemq-test-hivemq-platform-operator-6966f96d65" duration="28.122µs"
2025-01-28 23:53:13,519 INFO c.h.h.t.HelmChartContainer - [EVENT] Normal [Pulled] Container image "docker.io/hivemq/hivemq-platform-operator-test:snapshot" already present on machine [helmcustomlogbackit-operator:hivemq-test-hivemq-platform-operator-6966f96d65-fhkh8]
2025-01-28 23:53:13,519 INFO c.h.h.t.HelmChartContainer - Received Pulled event for container hivemq-platform-operator in pod hivemq-test-hivemq-platform-operator-6966f96d65-fhkh8 [e8e8d337-f306-449d-b518-0c918afd21e4]
2025-01-28 23:53:14,754 INFO c.h.h.t.HelmChartContainer - [EVENT] Normal [Created] Created container: hivemq-platform-operator [helmcustomlogbackit-operator:hivemq-test-hivemq-platform-operator-6966f96d65-fhkh8]
2025-01-28 23:53:14,754 INFO c.h.h.t.HelmChartContainer - Received Created event for container hivemq-platform-operator in pod hivemq-test-hivemq-platform-operator-6966f96d65-fhkh8 [e8e8d337-f306-449d-b518-0c918afd21e4]
2025-01-28 23:53:15,394 INFO c.h.h.t.HelmChartContainer - [K3S] [replica_set.go:679] "Finished syncing" kind="ReplicaSet" key="helmcustomlogbackit-operator/hivemq-test-hivemq-platform-operator-6966f96d65" duration="38.271µs"
2025-01-28 23:53:15,395 INFO c.h.h.t.HelmChartContainer - [POD] hivemq-test-hivemq-platform-operator-6966f96d65-fhkh8 [e8e8d337-f306-449d-b518-0c918afd21e4] in helmcustomlogbackit-operator was MODIFIED
2025-01-28 23:53:15,405 INFO c.h.h.t.HelmChartContainer - [EVENT] Normal [Started] Started container hivemq-platform-operator [helmcustomlogbackit-operator:hivemq-test-hivemq-platform-operator-6966f96d65-fhkh8]
2025-01-28 23:53:15,405 INFO c.h.h.t.HelmChartContainer - Received Started event for container hivemq-platform-operator in pod hivemq-test-hivemq-platform-operator-6966f96d65-fhkh8 [e8e8d337-f306-449d-b518-0c918afd21e4]
2025-01-28 23:53:15,405 INFO c.h.h.t.HelmChartContainer - Started log watcher for hivemq-platform-operator in pod hivemq-test-hivemq-platform-operator-6966f96d65-fhkh8 [e8e8d337-f306-449d-b518-0c918afd21e4]
2025-01-28 23:53:15,405 INFO c.h.h.t.HelmChartContainer - [hivemq-test-hivemq-platform] [hivemq-platform-operator] [e8e8d337] -------------------------------------------------------------------------
2025-01-28 23:53:15,405 INFO c.h.h.t.HelmChartContainer - [hivemq-test-hivemq-platform] [hivemq-platform-operator] [e8e8d337] 
2025-01-28 23:53:15,405 INFO c.h.h.t.HelmChartContainer - [hivemq-test-hivemq-platform] [hivemq-platform-operator] [e8e8d337]                   _    _  _              __  __   ____
2025-01-28 23:53:15,405 INFO c.h.h.t.HelmChartContainer - [hivemq-test-hivemq-platform] [hivemq-platform-operator] [e8e8d337]                  | |  | |(_)            |  \/  | / __ \
2025-01-28 23:53:15,405 INFO c.h.h.t.HelmChartContainer - [hivemq-test-hivemq-platform] [hivemq-platform-operator] [e8e8d337]                  | |__| | _ __   __ ___ | \  / || |  | |
2025-01-28 23:53:15,405 INFO c.h.h.t.HelmChartContainer - [hivemq-test-hivemq-platform] [hivemq-platform-operator] [e8e8d337]                  |  __  || |\ \ / // _ \| |\/| || |  | |
2025-01-28 23:53:15,406 INFO c.h.h.t.HelmChartContainer - [hivemq-test-hivemq-platform] [hivemq-platform-operator] [e8e8d337]                  | |  | || | \ V /|  __/| |  | || |__| |
2025-01-28 23:53:15,406 INFO c.h.h.t.HelmChartContainer - [hivemq-test-hivemq-platform] [hivemq-platform-operator] [e8e8d337]                  |_|  |_||_|  \_/  \___||_|  |_| \___\_\
2025-01-28 23:53:15,406 INFO c.h.h.t.HelmChartContainer - [hivemq-test-hivemq-platform] [hivemq-platform-operator] [e8e8d337] 
2025-01-28 23:53:15,407 INFO c.h.h.t.HelmChartContainer - [hivemq-test-hivemq-platform] [hivemq-platform-operator] [e8e8d337] -------------------------------------------------------------------------
2025-01-28 23:53:15,407 INFO c.h.h.t.HelmChartContainer - [hivemq-test-hivemq-platform] [hivemq-platform-operator] [e8e8d337] 
2025-01-28 23:53:15,407 INFO c.h.h.t.HelmChartContainer - [hivemq-test-hivemq-platform] [hivemq-platform-operator] [e8e8d337]   HiveMQ Platform Operator Start Script v1.0
2025-01-28 23:53:15,407 INFO c.h.h.t.HelmChartContainer - [hivemq-test-hivemq-platform] [hivemq-platform-operator] [e8e8d337] 
2025-01-28 23:53:15,407 INFO c.h.h.t.HelmChartContainer - [hivemq-test-hivemq-platform] [hivemq-platform-operator] [e8e8d337] -------------------------------------------------------------------------
2025-01-28 23:53:15,407 INFO c.h.h.t.HelmChartContainer - [hivemq-test-hivemq-platform] [hivemq-platform-operator] [e8e8d337] 
2025-01-28 23:53:15,407 INFO c.h.h.t.HelmChartContainer - [hivemq-test-hivemq-platform] [hivemq-platform-operator] [e8e8d337]   JAVA_OPTS: -XX:+UnlockExperimentalVMOptions -XX:InitialRAMPercentage=75 -XX:MaxRAMPercentage=75 -Duser.language=en -Duser.region=US
2025-01-28 23:53:15,407 INFO c.h.h.t.HelmChartContainer - [hivemq-test-hivemq-platform] [hivemq-platform-operator] [e8e8d337] 
2025-01-28 23:53:15,407 INFO c.h.h.t.HelmChartContainer - [hivemq-test-hivemq-platform] [hivemq-platform-operator] [e8e8d337]   JAVA_VERSION: 21
2025-01-28 23:53:15,407 INFO c.h.h.t.HelmChartContainer - [hivemq-test-hivemq-platform] [hivemq-platform-operator] [e8e8d337] 
2025-01-28 23:53:15,407 INFO c.h.h.t.HelmChartContainer - [hivemq-test-hivemq-platform] [hivemq-platform-operator] [e8e8d337] -------------------------------------------------------------------------
2025-01-28 23:53:15,407 INFO c.h.h.t.HelmChartContainer - [hivemq-test-hivemq-platform] [hivemq-platform-operator] [e8e8d337] 
2025-01-28 23:53:18,094 INFO c.h.h.t.HelmChartContainer - [hivemq-test-hivemq-platform] [hivemq-platform-operator] [e8e8d337] 23:53:18.091 [main] DEBUG org.jboss.logging - Logging Provider: org.jboss.logging.Slf4jLoggerProvider
2025-01-28 23:53:18,193 INFO c.h.h.t.HelmChartContainer - [hivemq-test-hivemq-platform] [hivemq-platform-operator] [e8e8d337] 23:53:18.192 [main] DEBUG io.smallrye.config - SRCFG01006: Loaded ConfigSource SysPropConfigSource with ordinal 400
2025-01-28 23:53:18,193 INFO c.h.h.t.HelmChartContainer - [hivemq-test-hivemq-platform] [hivemq-platform-operator] [e8e8d337] 23:53:18.192 [main] DEBUG io.smallrye.config - SRCFG01006: Loaded ConfigSource EnvConfigSource with ordinal 300
2025-01-28 23:53:18,193 INFO c.h.h.t.HelmChartContainer - [hivemq-test-hivemq-platform] [hivemq-platform-operator] [e8e8d337] 23:53:18.192 [main] DEBUG io.smallrye.config - SRCFG01006: Loaded ConfigSource PropertiesConfigSource[source=jar:file:///opt/hivemq-platform-operator/bin/hivemq-platform-operator.jar!/hivemq-platform-operator.properties] with ordinal 100
2025-01-28 23:53:18,193 INFO c.h.h.t.HelmChartContainer - [hivemq-test-hivemq-platform] [hivemq-platform-operator] [e8e8d337] 23:53:18.192 [main] DEBUG io.smallrye.config - SRCFG01006: Loaded ConfigSource DefaultValuesConfigSource with ordinal -2147483648
2025-01-28 23:53:18,378 INFO c.h.h.t.HelmChartContainer - [hivemq-test-hivemq-platform] [hivemq-platform-operator] [e8e8d337] 23:53:18.375 [main] DEBUG i.m.c.u.i.l.InternalLoggerFactory - Using SLF4J as the default logging framework
2025-01-28 23:53:18,486 INFO c.h.h.t.HelmChartContainer - [hivemq-test-hivemq-platform] [hivemq-platform-operator] [e8e8d337] 23:53:18.480 [main] INFO  c.h.p.o.HiveMQPlatformOperatorApplication - HiveMQ Platform Operator 1.7.0-SNAPSHOT (commit: bebf408 on branch: HEAD) built on Sun Jan 26 20:47:47 UTC 2025
2025-01-28 23:53:18,488 INFO c.h.h.t.HelmChartContainer - [hivemq-test-hivemq-platform] [hivemq-platform-operator] [e8e8d337] 23:53:18.486 [main] INFO  c.h.p.o.HiveMQPlatformOperatorApplication - HiveMQ Platform Operator is running in namespace: helmcustomlogbackit-operator
2025-01-28 23:53:18,488 INFO c.h.h.t.HelmChartContainer - [hivemq-test-hivemq-platform] [hivemq-platform-operator] [e8e8d337] 23:53:18.486 [main] INFO  c.h.p.o.HiveMQPlatformOperatorApplication - Watching all namespaces
2025-01-28 23:53:18,488 INFO c.h.h.t.HelmChartContainer - [hivemq-test-hivemq-platform] [hivemq-platform-operator] [e8e8d337] 23:53:18.486 [main] INFO  c.h.p.o.HiveMQPlatformOperatorApplication - Log level: DEBUG
2025-01-28 23:53:18,488 INFO c.h.h.t.HelmChartContainer - [hivemq-test-hivemq-platform] [hivemq-platform-operator] [e8e8d337] 23:53:18.486 [main] INFO  c.h.p.o.HiveMQPlatformOperatorApplication - Release name: test-hivemq-platform-operator
2025-01-28 23:53:18,488 INFO c.h.h.t.HelmChartContainer - [hivemq-test-hivemq-platform] [hivemq-platform-operator] [e8e8d337] 23:53:18.486 [main] INFO  c.h.p.o.HiveMQPlatformOperatorApplication - HiveMQ Platform Operator Init image: docker.io/hivemq/hivemq-platform-operator-init-test:snapshot
2025-01-28 23:53:18,488 INFO c.h.h.t.HelmChartContainer - [hivemq-test-hivemq-platform] [hivemq-platform-operator] [e8e8d337] 23:53:18.486 [main] INFO  c.h.p.o.HiveMQPlatformOperatorApplication - HiveMQ Platform Operator Init App update URL: http://hivemq-platform-operator-test-hivemq-platform-operator.helmcustomlogbackit-operator.svc:8080/initAppUpdate/hivemq-platform-operator-init-app-1.7.0-SNAPSHOT.jar
2025-01-28 23:53:18,488 INFO c.h.h.t.HelmChartContainer - [hivemq-test-hivemq-platform] [hivemq-platform-operator] [e8e8d337] 23:53:18.486 [main] INFO  c.h.p.o.HiveMQPlatformOperatorApplication - Additional imagePullSecret for all Platform deployments: none
2025-01-28 23:53:18,488 INFO c.h.h.t.HelmChartContainer - [hivemq-test-hivemq-platform] [hivemq-platform-operator] [e8e8d337] 23:53:18.486 [main] INFO  c.h.p.o.HiveMQPlatformOperatorApplication - Apply HiveMQ Platform CRD: true
2025-01-28 23:53:18,488 INFO c.h.h.t.HelmChartContainer - [hivemq-test-hivemq-platform] [hivemq-platform-operator] [e8e8d337] 23:53:18.486 [main] INFO  c.h.p.o.HiveMQPlatformOperatorApplication - Create Platform ServiceAccount: true
2025-01-28 23:53:18,488 INFO c.h.h.t.HelmChartContainer - [hivemq-test-hivemq-platform] [hivemq-platform-operator] [e8e8d337] 23:53:18.486 [main] INFO  c.h.p.o.HiveMQPlatformOperatorApplication - Create Platform ServiceAccount permissions: true
2025-01-28 23:53:18,488 INFO c.h.h.t.HelmChartContainer - [hivemq-test-hivemq-platform] [hivemq-platform-operator] [e8e8d337] 23:53:18.486 [main] INFO  c.h.p.o.HiveMQPlatformOperatorApplication - Validate Platform ServiceAccount: true
2025-01-28 23:53:18,488 INFO c.h.h.t.HelmChartContainer - [hivemq-test-hivemq-platform] [hivemq-platform-operator] [e8e8d337] 23:53:18.486 [main] INFO  c.h.p.o.HiveMQPlatformOperatorApplication - Validate Platform ServiceAccount permissions: true
2025-01-28 23:53:18,682 INFO c.h.h.t.HelmChartContainer - [hivemq-test-hivemq-platform] [hivemq-platform-operator] [e8e8d337] 23:53:18.680 [main] INFO  c.h.platform.operator.util.CRDUtil - Verifying deployed HiveMQ Platform CRD...
2025-01-28 23:53:21,091 INFO c.h.h.t.HelmChartContainer - [hivemq-test-hivemq-platform] [hivemq-platform-operator] [e8e8d337] 23:53:21.089 [main] DEBUG c.h.platform.operator.util.CRDUtil - HiveMQ Platform CRD version v1 is up to date
2025-01-28 23:53:21,091 INFO c.h.h.t.HelmChartContainer - [hivemq-test-hivemq-platform] [hivemq-platform-operator] [e8e8d337] 23:53:21.089 [main] INFO  c.h.platform.operator.util.CRDUtil - HiveMQ Platform CRD is up to date (version: V1_6_0)
2025-01-28 23:53:21,091 INFO c.h.h.t.HelmChartContainer - [hivemq-test-hivemq-platform] [hivemq-platform-operator] [e8e8d337] 23:53:21.089 [main] INFO  c.h.platform.operator.util.CRDUtil - Waiting 10000 ms for HiveMQ Platform CRD 'hivemq-platforms.hivemq.com' to become ready...
2025-01-28 23:53:21,389 INFO c.h.h.t.HelmChartContainer - [hivemq-test-hivemq-platform] [hivemq-platform-operator] [e8e8d337] 23:53:21.388 [vert.x-eventloop-thread-1] DEBUG c.h.platform.operator.util.CRDUtil - Checking CRD condition 'NamesAccepted' (status: 'True')
2025-01-28 23:53:21,391 INFO c.h.h.t.HelmChartContainer - [hivemq-test-hivemq-platform] [hivemq-platform-operator] [e8e8d337] 23:53:21.389 [vert.x-eventloop-thread-1] DEBUG c.h.platform.operator.util.CRDUtil - Checking CRD condition 'Established' (status: 'True')
2025-01-28 23:53:21,392 INFO c.h.h.t.HelmChartContainer - [hivemq-test-hivemq-platform] [hivemq-platform-operator] [e8e8d337] 23:53:21.389 [main] INFO  c.h.platform.operator.util.CRDUtil - HiveMQ Platform CRD 'hivemq-platforms.hivemq.com' is ready
2025-01-28 23:53:21,589 INFO c.h.h.t.HelmChartContainer - [hivemq-test-hivemq-platform] [hivemq-platform-operator] [e8e8d337] 23:53:21.588 [main] INFO  c.h.p.o.HiveMQPlatformReconciler - HiveMQ Platform Operator is starting...
2025-01-28 23:53:21,691 INFO c.h.h.t.HelmChartContainer - [hivemq-test-hivemq-platform] [hivemq-platform-operator] [e8e8d337] 23:53:21.690 [main] WARN  Default ConfigurationService implementation - Configuration for reconciler 'hivemq-controller' was not found. Known reconcilers: None.
2025-01-28 23:53:21,778 INFO c.h.h.t.HelmChartContainer - [hivemq-test-hivemq-platform] [hivemq-platform-operator] [e8e8d337] 23:53:21.777 [main] INFO  Default ConfigurationService implementation - Created configuration for reconciler com.hivemq.platform.operator.HiveMQPlatformReconciler with name hivemq-controller
2025-01-28 23:53:21,881 INFO c.h.h.t.HelmChartContainer - [hivemq-test-hivemq-platform] [hivemq-platform-operator] [e8e8d337] 23:53:21.880 [main] DEBUG c.h.p.o.HiveMQPlatformReconciler - HiveMQ Platform Operator is preparing EventSources
2025-01-28 23:53:21,893 INFO c.h.h.t.HelmChartContainer - [hivemq-test-hivemq-platform] [hivemq-platform-operator] [e8e8d337] 23:53:21.892 [main] INFO  i.javaoperatorsdk.operator.Operator - Registered reconciler: 'hivemq-controller' for resource: 'class com.hivemq.platform.operator.v1.HiveMQPlatform' for namespace(s): [all namespaces]
2025-01-28 23:53:22,582 INFO c.h.h.t.HelmChartContainer - [hivemq-test-hivemq-platform] [hivemq-platform-operator] [e8e8d337] 23:53:22.581 [main] INFO  c.h.p.operator.webserver.JettyServer - Starting Jetty server on port 8080
2025-01-28 23:53:22,678 INFO c.h.h.t.HelmChartContainer - [hivemq-test-hivemq-platform] [hivemq-platform-operator] [e8e8d337] 23:53:22.677 [main] INFO  i.javaoperatorsdk.operator.Operator - Operator SDK 4.9.7 (commit: 2133d28) built on Wed Nov 20 12:56:20 UTC 2024 starting...
2025-01-28 23:53:22,678 INFO c.h.h.t.HelmChartContainer - [hivemq-test-hivemq-platform] [hivemq-platform-operator] [e8e8d337] 23:53:22.677 [main] INFO  i.javaoperatorsdk.operator.Operator - Client version: 6.13.4
2025-01-28 23:53:22,680 INFO c.h.h.t.HelmChartContainer - [hivemq-test-hivemq-platform] [hivemq-platform-operator] [e8e8d337] 23:53:22.678 [Controller Starter for: hivemq-controller] INFO  i.j.operator.processing.Controller - Starting 'hivemq-controller' controller for reconciler: com.hivemq.platform.operator.HiveMQPlatformReconciler, resource: com.hivemq.platform.operator.v1.HiveMQPlatform
2025-01-28 23:53:25,093 INFO c.h.h.t.HelmChartContainer - [hivemq-test-hivemq-platform] [hivemq-platform-operator] [e8e8d337] 23:53:25.092 [Controller Starter for: hivemq-controller] INFO  i.j.operator.processing.Controller - 'hivemq-controller' controller started
2025-01-28 23:53:25,094 INFO c.h.h.t.HelmChartContainer - [hivemq-test-hivemq-platform] [hivemq-platform-operator] [e8e8d337] 23:53:25.093 [main] INFO  c.h.p.o.HiveMQPlatformOperatorApplication - HiveMQ Platform Operator 1.7.0-SNAPSHOT started in 6612 ms
2025-01-28 23:53:26,398 INFO c.h.h.t.HelmChartContainer - [POD] hivemq-test-hivemq-platform-operator-6966f96d65-fhkh8 [e8e8d337-f306-449d-b518-0c918afd21e4] in helmcustomlogbackit-operator was MODIFIED
2025-01-28 23:53:26,407 INFO c.h.h.t.HelmChartContainer - [K3S] [replica_set.go:679] "Finished syncing" kind="ReplicaSet" key="helmcustomlogbackit-operator/hivemq-test-hivemq-platform-operator-6966f96d65" duration="10.699387ms"
2025-01-28 23:53:26,408 INFO c.h.h.t.HelmChartContainer - [K3S] [replica_set.go:679] "Finished syncing" kind="ReplicaSet" key="helmcustomlogbackit-operator/hivemq-test-hivemq-platform-operator-6966f96d65" duration="38.221µs"
2025-01-28 23:53:27,243 DEBUG c.h.h.t.HelmChartContainer - Executing helm command: /bin/helm --kubeconfig /etc/rancher/k3s/k3s.yaml install test-hivemq-platform /charts/hivemq-platform --wait --timeout 5m0s --set image.repository=docker.io/hivemq --set image.tag=4.36.0 --set image.pullPolicy=Never --set nodes.resources.cpu=512m --set nodes.replicaCount=1 --set-file config.customLogbackConfig=/files/custom-logback.xml --namespace helmcustomlogbackit
2025-01-28 23:53:27,546 INFO c.h.h.t.HelmChartContainer - [hivemq-test-hivemq-platform] [hivemq-platform-operator] [e8e8d337] 23:53:27.543 [-373097727-pool-1-thread-3] WARN  i.m.p.PrometheusMeterRegistry - The meter (MeterId{name='operator.sdk.events.received', tags=[tag(action=ADDED),tag(event=ResourceEvent),tag(group=hivemq.com),tag(kind=HiveMQPlatform),tag(name=test-hivemq-platform),tag(namespace=helmcustomlogbackit),tag(scope=namespace),tag(version=v1)]}) registration has failed: Prometheus requires that all meters with the same name have the same set of tag keys. There is already an existing meter named 'operator.sdk.events.received' containing tag keys [event, group, kind, name, namespace, scope, version]. The meter you are attempting to register has keys [action, event, group, kind, name, namespace, scope, version]. Note that subsequent logs will be logged at debug level.
2025-01-28 23:53:27,948 INFO c.h.h.t.HelmChartContainer - [hivemq-test-hivemq-platform] [hivemq-platform-operator] [e8e8d337] 23:53:27.945 [pool-6-thread-3] DEBUG c.h.p.o.dependants.PodInfoConfigMap - [helmcust] Desired PodInfo ConfigMap (1 extensions) (1 enabled)
2025-01-28 23:53:27,948 INFO c.h.h.t.HelmChartContainer - [hivemq-test-hivemq-platform] [hivemq-platform-operator] [e8e8d337] 23:53:27.945 [pool-6-thread-3] DEBUG c.h.p.o.dependants.PodInfoConfigMap - [helmcust] Desired PodInfo ConfigMap (metrics port: 9399) (metrics path: /)
2025-01-28 23:53:27,949 INFO c.h.h.t.HelmChartContainer - [hivemq-test-hivemq-platform] [hivemq-platform-operator] [e8e8d337] 23:53:27.945 [pool-6-thread-3] DEBUG c.h.p.o.dependants.PodInfoConfigMap - [helmcust] Desired PodInfo ConfigMap (extension state hash: -1817474005)
2025-01-28 23:53:27,949 INFO c.h.h.t.HelmChartContainer - [hivemq-test-hivemq-platform] [hivemq-platform-operator] [e8e8d337] 23:53:27.947 [pool-6-thread-3] DEBUG c.h.p.o.dependants.PodInfoConfigMap - [helmcust] Create PodInfo ConfigMap
2025-01-28 23:53:28,050 INFO c.h.h.t.HelmChartContainer - [hivemq-test-hivemq-platform] [hivemq-platform-operator] [e8e8d337] 23:53:28.047 [pool-6-thread-5] DEBUG c.h.p.o.dependants.PodRoleResource - [helmcust] Create Role: Role(apiVersion=rbac.authorization.k8s.io/v1, kind=Role, metadata=ObjectMeta(annotations={meta.helm.sh/release-name=test-hivemq-platform, meta.helm.sh/release-namespace=helmcustomlogbackit}, creationTimestamp=null, deletionGracePeriodSeconds=null, deletionTimestamp=null, finalizers=[], generateName=null, generation=null, labels={helm.sh/chart=hivemq-platform-0.2.32, app.kubernetes.io/managed-by=Helm, app.kubernetes.io/name=hivemq-platform, hivemq-platform=test-hivemq-platform, app.kubernetes.io/instance=test-hivemq-platform, app.kubernetes.io/version=4.36.0}, managedFields=[], name=hivemq-platform-role-test-hivemq-platform, namespace=helmcustomlogbackit, ownerReferences=[OwnerReference(apiVersion=hivemq.com/v1, blockOwnerDeletion=null, controller=null, kind=HiveMQPlatform, name=test-hivemq-platform, uid=2b616457-848d-4e0d-9a2e-bae89b0b69c8, additionalProperties={})], resourceVersion=null, selfLink=null, uid=null, additionalProperties={}), rules=[PolicyRule(apiGroups=[], nonResourceURLs=[], resourceNames=[], resources=[pods], verbs=[get, patch, update], additionalProperties={})], additionalProperties={})
2025-01-28 23:53:28,242 INFO c.h.h.t.HelmChartContainer - [hivemq-test-hivemq-platform] [hivemq-platform-operator] [e8e8d337] 23:53:28.240 [pool-6-thread-7] DEBUG c.h.p.o.d.PodServiceAccountResource - [helmcust] Desired PodServiceAccountResource (serviceAccountName: hivemq-platform-pod-test-hivemq-platform)
2025-01-28 23:53:28,244 INFO c.h.h.t.HelmChartContainer - [hivemq-test-hivemq-platform] [hivemq-platform-operator] [e8e8d337] 23:53:28.240 [pool-6-thread-7] DEBUG c.h.p.o.d.PodServiceAccountResource - [helmcust] Create ServiceAccount 'hivemq-platform-pod-test-hivemq-platform'
2025-01-28 23:53:28,348 INFO c.h.h.t.HelmChartContainer - [hivemq-test-hivemq-platform] [hivemq-platform-operator] [e8e8d337] 23:53:28.347 [pool-6-thread-9] DEBUG c.h.p.o.d.PodRoleBindingResource - [helmcust] Create RoleBinding: RoleBinding(apiVersion=rbac.authorization.k8s.io/v1, kind=RoleBinding, metadata=ObjectMeta(annotations={meta.helm.sh/release-name=test-hivemq-platform, meta.helm.sh/release-namespace=helmcustomlogbackit}, creationTimestamp=null, deletionGracePeriodSeconds=null, deletionTimestamp=null, finalizers=[], generateName=null, generation=null, labels={helm.sh/chart=hivemq-platform-0.2.32, app.kubernetes.io/managed-by=Helm, app.kubernetes.io/name=hivemq-platform, hivemq-platform=test-hivemq-platform, app.kubernetes.io/instance=test-hivemq-platform, app.kubernetes.io/version=4.36.0}, managedFields=[], name=hivemq-platform-role-binding-test-hivemq-platform, namespace=helmcustomlogbackit, ownerReferences=[OwnerReference(apiVersion=hivemq.com/v1, blockOwnerDeletion=null, controller=null, kind=HiveMQPlatform, name=test-hivemq-platform, uid=2b616457-848d-4e0d-9a2e-bae89b0b69c8, additionalProperties={})], resourceVersion=null, selfLink=null, uid=null, additionalProperties={}), roleRef=RoleRef(apiGroup=rbac.authorization.k8s.io, kind=Role, name=hivemq-platform-role-test-hivemq-platform, additionalProperties={}), subjects=[Subject(apiGroup=null, kind=ServiceAccount, name=hivemq-platform-pod-test-hivemq-platform, namespace=helmcustomlogbackit, additionalProperties={})], additionalProperties={})
2025-01-28 23:53:28,378 INFO c.h.h.t.HelmChartContainer - [hivemq-test-hivemq-platform] [hivemq-platform-operator] [e8e8d337] 23:53:28.377 [ReconcilerExecutor-hivemq-controller-52] INFO  c.h.p.o.HiveMQPlatformReconciler - [helmcust] Reconciling HiveMQ Platform 'test-hivemq-platform' in namespace 'helmcustomlogbackit'
2025-01-28 23:53:28,378 INFO c.h.h.t.HelmChartContainer - [hivemq-test-hivemq-platform] [hivemq-platform-operator] [e8e8d337] 23:53:28.377 [ReconcilerExecutor-hivemq-controller-52] DEBUG c.h.p.o.HiveMQPlatformReconciler - [helmcust] Custom Resource Status CREATED - HiveMQ Platform was created (READY)
2025-01-28 23:53:28,379 INFO c.h.h.t.HelmChartContainer - [hivemq-test-hivemq-platform] [hivemq-platform-operator] [e8e8d337] 23:53:28.377 [ReconcilerExecutor-hivemq-controller-52] DEBUG c.h.p.o.HiveMQPlatformReconciler - [helmcust] Custom Resource Spec (replicas: 1) (extensions: 1)
2025-01-28 23:53:28,444 INFO c.h.h.t.HelmChartContainer - [hivemq-test-hivemq-platform] [hivemq-platform-operator] [e8e8d337] 23:53:28.442 [ReconcilerExecutor-hivemq-controller-52] INFO  c.h.p.o.h.HiveMQPlatformReconcilerBaseHandler - [helmcust] HiveMQ Platform is starting
2025-01-28 23:53:28,547 INFO c.h.h.t.HelmChartContainer - [hivemq-test-hivemq-platform] [hivemq-platform-operator] [e8e8d337] 23:53:28.546 [ReconcilerExecutor-hivemq-controller-52] DEBUG c.h.p.operator.event.EventSender - [helmcust] Creating K8s event hivemq-platform-starting: [Start] HiveMQ Platform is starting
2025-01-28 23:53:28,555 INFO c.h.h.t.HelmChartContainer - [EVENT] Normal [Start] HiveMQ Platform is starting [helmcustomlogbackit:test-hivemq-platform]
2025-01-28 23:53:28,579 INFO c.h.h.t.HelmChartContainer - [hivemq-test-hivemq-platform] [hivemq-platform-operator] [e8e8d337] 23:53:28.578 [ReconcilerExecutor-hivemq-controller-52] INFO  c.h.p.o.h.AbstractHiveMQReconcilerStateHandler - [helmcust] Update HiveMQ Platform Status (CREATED [READY] -> STARTING [READY]): HiveMQ Platform is starting
2025-01-28 23:53:28,652 DEBUG com.hivemq.helmcharts.util.K8sUtil - Comparing actual state 'STARTING' and waiting for 'RUNNING'
2025-01-28 23:53:38,683 INFO c.h.h.t.HelmChartContainer - [hivemq-test-hivemq-platform] [hivemq-platform-operator] [e8e8d337] 23:53:38.679 [pool-6-thread-12] DEBUG c.h.p.o.d.PlatformServiceResource - [helmcust] Desired Platform services (3 services)
2025-01-28 23:53:38,683 INFO c.h.h.t.HelmChartContainer - [hivemq-test-hivemq-platform] [hivemq-platform-operator] [e8e8d337] 23:53:38.682 [pool-6-thread-17] DEBUG c.h.p.o.d.PodServiceAccountResource - [helmcust] Desired PodServiceAccountResource (serviceAccountName: hivemq-platform-pod-test-hivemq-platform)
2025-01-28 23:53:38,686 INFO c.h.h.t.HelmChartContainer - [hivemq-test-hivemq-platform] [hivemq-platform-operator] [e8e8d337] 23:53:38.685 [pool-6-thread-13] DEBUG c.h.p.o.dependants.PodInfoConfigMap - [helmcust] Desired PodInfo ConfigMap (1 extensions) (1 enabled)
2025-01-28 23:53:38,686 INFO c.h.h.t.HelmChartContainer - [hivemq-test-hivemq-platform] [hivemq-platform-operator] [e8e8d337] 23:53:38.685 [pool-6-thread-13] DEBUG c.h.p.o.dependants.PodInfoConfigMap - [helmcust] Desired PodInfo ConfigMap (metrics port: 9399) (metrics path: /)
2025-01-28 23:53:38,687 INFO c.h.h.t.HelmChartContainer - [hivemq-test-hivemq-platform] [hivemq-platform-operator] [e8e8d337] 23:53:38.685 [pool-6-thread-13] DEBUG c.h.p.o.dependants.PodInfoConfigMap - [helmcust] Desired PodInfo ConfigMap (extension state hash: -1817474005)
2025-01-28 23:53:38,693 INFO c.h.h.t.HelmChartContainer - [hivemq-test-hivemq-platform] [hivemq-platform-operator] [e8e8d337] 23:53:38.692 [pool-6-thread-13] DEBUG c.h.p.o.dependants.PodInfoConfigMap - [helmcust] Update PodInfo ConfigMap
2025-01-28 23:53:38,700 INFO c.h.h.t.HelmChartContainer - [K3S] [alloc.go:330] "allocated clusterIPs" service="helmcustomlogbackit/hivemq-test-hivemq-platform-metrics-9399" clusterIPs={"IPv4":"10.43.232.244"}
2025-01-28 23:53:38,790 INFO c.h.h.t.HelmChartContainer - [K3S] [alloc.go:330] "allocated clusterIPs" service="helmcustomlogbackit/hivemq-test-hivemq-platform-mqtt-1883" clusterIPs={"IPv4":"10.43.46.197"}
2025-01-28 23:53:38,882 INFO c.h.h.t.HelmChartContainer - [K3S] [alloc.go:330] "allocated clusterIPs" service="helmcustomlogbackit/hivemq-test-hivemq-platform-cc-8080" clusterIPs={"IPv4":"10.43.61.190"}
2025-01-28 23:53:38,892 INFO c.h.h.t.HelmChartContainer - [hivemq-test-hivemq-platform] [hivemq-platform-operator] [e8e8d337] 23:53:38.891 [pool-6-thread-20] DEBUG c.h.p.o.d.StatefulSetResource - [helmcust] Desired StatefulSet (1 replicas) for status STARTING (READY)
2025-01-28 23:53:38,985 INFO c.h.h.t.HelmChartContainer - [hivemq-test-hivemq-platform] [hivemq-platform-operator] [e8e8d337] 23:53:38.983 [pool-6-thread-20] DEBUG c.h.p.o.d.StatefulSetResource - [helmcust] Create StatefulSet
2025-01-28 23:53:39,091 INFO c.h.h.t.HelmChartContainer - [hivemq-test-hivemq-platform] [hivemq-platform-operator] [e8e8d337] 23:53:39.090 [ReconcilerExecutor-hivemq-controller-63] INFO  c.h.p.o.HiveMQPlatformReconciler - [helmcust] Reconciling HiveMQ Platform 'test-hivemq-platform' in namespace 'helmcustomlogbackit'
2025-01-28 23:53:39,092 INFO c.h.h.t.HelmChartContainer - [hivemq-test-hivemq-platform] [hivemq-platform-operator] [e8e8d337] 23:53:39.090 [ReconcilerExecutor-hivemq-controller-63] DEBUG c.h.p.o.HiveMQPlatformReconciler - [helmcust] Custom Resource Status STARTING - HiveMQ Platform is starting (READY)
2025-01-28 23:53:39,092 INFO c.h.h.t.HelmChartContainer - [hivemq-test-hivemq-platform] [hivemq-platform-operator] [e8e8d337] 23:53:39.091 [ReconcilerExecutor-hivemq-controller-63] DEBUG c.h.p.o.HiveMQPlatformReconciler - [helmcust] Custom Resource Spec (replicas: 1) (extensions: 1)
2025-01-28 23:53:39,106 INFO c.h.h.t.HelmChartContainer - [POD] test-hivemq-platform-0 [64ccd8cf-e302-46d5-96cd-314ff1ae9ae8] in helmcustomlogbackit was ADDED
2025-01-28 23:53:39,107 INFO c.h.h.t.HelmChartContainer - [EVENT] Normal [SuccessfulCreate] create Pod test-hivemq-platform-0 in StatefulSet test-hivemq-platform successful [helmcustomlogbackit:test-hivemq-platform]
2025-01-28 23:53:39,110 INFO c.h.h.t.HelmChartContainer - [POD] test-hivemq-platform-0 [64ccd8cf-e302-46d5-96cd-314ff1ae9ae8] in helmcustomlogbackit was MODIFIED
2025-01-28 23:53:39,111 INFO c.h.h.t.HelmChartContainer - [EVENT] Normal [Scheduled] Successfully assigned helmcustomlogbackit/test-hivemq-platform-0 to 0bc421238fd2 [helmcustomlogbackit:test-hivemq-platform-0]
2025-01-28 23:53:39,121 INFO c.h.h.t.HelmChartContainer - [POD] test-hivemq-platform-0 [64ccd8cf-e302-46d5-96cd-314ff1ae9ae8] in helmcustomlogbackit was MODIFIED
2025-01-28 23:53:39,185 INFO c.h.h.t.HelmChartContainer - [hivemq-test-hivemq-platform] [hivemq-platform-operator] [e8e8d337] 23:53:39.181 [ReconcilerExecutor-hivemq-controller-63] DEBUG c.h.p.o.HiveMQPlatformReconciler - [helmcust] StatefulSet Status (revision: null, replicas: 0, available: 0, ready: 0, current: 0, updated: 0)
2025-01-28 23:53:39,185 INFO c.h.h.t.HelmChartContainer - [hivemq-test-hivemq-platform] [hivemq-platform-operator] [e8e8d337] 23:53:39.181 [ReconcilerExecutor-hivemq-controller-63] DEBUG c.h.p.o.HiveMQPlatformReconciler - [helmcust] StatefulSet Spec (replicas: 1, init containers: 1, containers: 1, volumes: 3)
2025-01-28 23:53:39,280 INFO c.h.h.t.HelmChartContainer - [hivemq-test-hivemq-platform] [hivemq-platform-operator] [e8e8d337] 23:53:39.279 [ReconcilerExecutor-hivemq-controller-63] DEBUG c.h.p.o.h.HiveMQPlatformReconcilerErrorHandler - [helmcust] Pod 'test-hivemq-platform-0' phase Pending
2025-01-28 23:53:39,283 INFO c.h.h.t.HelmChartContainer - [hivemq-test-hivemq-platform] [hivemq-platform-operator] [e8e8d337] 23:53:39.282 [ReconcilerExecutor-hivemq-controller-63] INFO  c.h.p.o.h.HiveMQPlatformReconcilerBaseHandler - [helmcust] HiveMQ Platform is starting, 0 of 1 replicas are ready
2025-01-28 23:53:39,287 INFO c.h.h.t.HelmChartContainer - [hivemq-test-hivemq-platform] [hivemq-platform-operator] [e8e8d337] 23:53:39.286 [pool-6-thread-22] DEBUG c.h.p.o.d.PlatformServiceResource - [helmcust] Desired Platform services (3 services)
2025-01-28 23:53:39,290 INFO c.h.h.t.HelmChartContainer - [hivemq-test-hivemq-platform] [hivemq-platform-operator] [e8e8d337] 23:53:39.288 [pool-6-thread-23] DEBUG c.h.p.o.dependants.PodInfoConfigMap - [helmcust] Desired PodInfo ConfigMap (1 extensions) (1 enabled)
2025-01-28 23:53:39,291 INFO c.h.h.t.HelmChartContainer - [hivemq-test-hivemq-platform] [hivemq-platform-operator] [e8e8d337] 23:53:39.288 [pool-6-thread-23] DEBUG c.h.p.o.dependants.PodInfoConfigMap - [helmcust] Desired PodInfo ConfigMap (metrics port: 9399) (metrics path: /)
2025-01-28 23:53:39,291 INFO c.h.h.t.HelmChartContainer - [hivemq-test-hivemq-platform] [hivemq-platform-operator] [e8e8d337] 23:53:39.288 [pool-6-thread-23] DEBUG c.h.p.o.dependants.PodInfoConfigMap - [helmcust] Desired PodInfo ConfigMap (extension state hash: -1817474005)
2025-01-28 23:53:39,293 INFO c.h.h.t.HelmChartContainer - [K3S] [reconciler_common.go:251] "operationExecutor.VerifyControllerAttachedVolume started for volume \"pod-info\" (UniqueName: \"kubernetes.io/configmap/64ccd8cf-e302-46d5-96cd-314ff1ae9ae8-pod-info\") pod \"test-hivemq-platform-0\" (UID: \"64ccd8cf-e302-46d5-96cd-314ff1ae9ae8\") " pod="helmcustomlogbackit/test-hivemq-platform-0"
2025-01-28 23:53:39,293 INFO c.h.h.t.HelmChartContainer - [K3S] [reconciler_common.go:251] "operationExecutor.VerifyControllerAttachedVolume started for volume \"kube-api-access-q7rbq\" (UniqueName: \"kubernetes.io/projected/64ccd8cf-e302-46d5-96cd-314ff1ae9ae8-kube-api-access-q7rbq\") pod \"test-hivemq-platform-0\" (UID: \"64ccd8cf-e302-46d5-96cd-314ff1ae9ae8\") " pod="helmcustomlogbackit/test-hivemq-platform-0"
2025-01-28 23:53:39,293 INFO c.h.h.t.HelmChartContainer - [K3S] [reconciler_common.go:251] "operationExecutor.VerifyControllerAttachedVolume started for volume \"broker-configuration\" (UniqueName: \"kubernetes.io/configmap/64ccd8cf-e302-46d5-96cd-314ff1ae9ae8-broker-configuration\") pod \"test-hivemq-platform-0\" (UID: \"64ccd8cf-e302-46d5-96cd-314ff1ae9ae8\") " pod="helmcustomlogbackit/test-hivemq-platform-0"
2025-01-28 23:53:39,293 INFO c.h.h.t.HelmChartContainer - [K3S] [reconciler_common.go:251] "operationExecutor.VerifyControllerAttachedVolume started for volume \"operator-init\" (UniqueName: \"kubernetes.io/empty-dir/64ccd8cf-e302-46d5-96cd-314ff1ae9ae8-operator-init\") pod \"test-hivemq-platform-0\" (UID: \"64ccd8cf-e302-46d5-96cd-314ff1ae9ae8\") " pod="helmcustomlogbackit/test-hivemq-platform-0"
2025-01-28 23:53:39,379 INFO c.h.h.t.HelmChartContainer - [hivemq-test-hivemq-platform] [hivemq-platform-operator] [e8e8d337] 23:53:39.375 [pool-6-thread-27] DEBUG c.h.p.o.d.PodServiceAccountResource - [helmcust] Desired PodServiceAccountResource (serviceAccountName: hivemq-platform-pod-test-hivemq-platform)
2025-01-28 23:53:39,384 INFO c.h.h.t.HelmChartContainer - [hivemq-test-hivemq-platform] [hivemq-platform-operator] [e8e8d337] 23:53:39.383 [pool-6-thread-30] DEBUG c.h.p.o.d.StatefulSetResource - [helmcust] Desired StatefulSet (1 replicas) for status STARTING (READY)
2025-01-28 23:53:39,391 INFO c.h.h.t.HelmChartContainer - [hivemq-test-hivemq-platform] [hivemq-platform-operator] [e8e8d337] 23:53:39.390 [ReconcilerExecutor-hivemq-controller-75] INFO  c.h.p.o.HiveMQPlatformReconciler - [helmcust] Reconciling HiveMQ Platform 'test-hivemq-platform' in namespace 'helmcustomlogbackit'
2025-01-28 23:53:39,392 INFO c.h.h.t.HelmChartContainer - [hivemq-test-hivemq-platform] [hivemq-platform-operator] [e8e8d337] 23:53:39.390 [ReconcilerExecutor-hivemq-controller-75] DEBUG c.h.p.o.HiveMQPlatformReconciler - [helmcust] Custom Resource Status STARTING - HiveMQ Platform is starting (READY)
2025-01-28 23:53:39,393 INFO c.h.h.t.HelmChartContainer - [hivemq-test-hivemq-platform] [hivemq-platform-operator] [e8e8d337] 23:53:39.390 [ReconcilerExecutor-hivemq-controller-75] DEBUG c.h.p.o.HiveMQPlatformReconciler - [helmcust] Custom Resource Spec (replicas: 1) (extensions: 1)
2025-01-28 23:53:39,395 INFO c.h.h.t.HelmChartContainer - [hivemq-test-hivemq-platform] [hivemq-platform-operator] [e8e8d337] 23:53:39.393 [ReconcilerExecutor-hivemq-controller-75] DEBUG c.h.p.o.HiveMQPlatformReconciler - [helmcust] StatefulSet Status (revision: test-hivemq-platform-989b74cd6, replicas: 1, available: 0, ready: 0, current: 1, updated: 1)
2025-01-28 23:53:39,395 INFO c.h.h.t.HelmChartContainer - [hivemq-test-hivemq-platform] [hivemq-platform-operator] [e8e8d337] 23:53:39.393 [ReconcilerExecutor-hivemq-controller-75] DEBUG c.h.p.o.HiveMQPlatformReconciler - [helmcust] StatefulSet Spec (replicas: 1, init containers: 1, containers: 1, volumes: 3)
2025-01-28 23:53:39,484 INFO c.h.h.t.HelmChartContainer - [hivemq-test-hivemq-platform] [hivemq-platform-operator] [e8e8d337] 23:53:39.482 [ReconcilerExecutor-hivemq-controller-75] DEBUG c.h.p.o.h.HiveMQPlatformReconcilerErrorHandler - [helmcust] Pod 'test-hivemq-platform-0' phase Pending
2025-01-28 23:53:39,484 INFO c.h.h.t.HelmChartContainer - [hivemq-test-hivemq-platform] [hivemq-platform-operator] [e8e8d337] 23:53:39.482 [ReconcilerExecutor-hivemq-controller-75] DEBUG c.h.p.o.h.HiveMQPlatformReconcilerErrorHandler - [helmcust] Pod 'test-hivemq-platform-0' condition 'PodReadyToStartContainers': False
2025-01-28 23:53:39,484 INFO c.h.h.t.HelmChartContainer - [hivemq-test-hivemq-platform] [hivemq-platform-operator] [e8e8d337] 23:53:39.482 [ReconcilerExecutor-hivemq-controller-75] DEBUG c.h.p.o.h.HiveMQPlatformReconcilerErrorHandler - [helmcust] Pod 'test-hivemq-platform-0' condition 'Initialized': False
2025-01-28 23:53:39,484 INFO c.h.h.t.HelmChartContainer - [hivemq-test-hivemq-platform] [hivemq-platform-operator] [e8e8d337] 23:53:39.482 [ReconcilerExecutor-hivemq-controller-75] DEBUG c.h.p.o.h.HiveMQPlatformReconcilerErrorHandler - [helmcust] Pod 'test-hivemq-platform-0' condition 'Ready': False
2025-01-28 23:53:39,485 INFO c.h.h.t.HelmChartContainer - [hivemq-test-hivemq-platform] [hivemq-platform-operator] [e8e8d337] 23:53:39.482 [ReconcilerExecutor-hivemq-controller-75] DEBUG c.h.p.o.h.HiveMQPlatformReconcilerErrorHandler - [helmcust] Pod 'test-hivemq-platform-0' condition 'ContainersReady': False
2025-01-28 23:53:39,485 INFO c.h.h.t.HelmChartContainer - [hivemq-test-hivemq-platform] [hivemq-platform-operator] [e8e8d337] 23:53:39.482 [ReconcilerExecutor-hivemq-controller-75] DEBUG c.h.p.o.h.HiveMQPlatformReconcilerErrorHandler - [helmcust] Pod 'test-hivemq-platform-0' condition 'PodScheduled': True
2025-01-28 23:53:39,485 INFO c.h.h.t.HelmChartContainer - [hivemq-test-hivemq-platform] [hivemq-platform-operator] [e8e8d337] 23:53:39.483 [ReconcilerExecutor-hivemq-controller-75] DEBUG c.h.p.o.h.HiveMQPlatformReconcilerErrorHandler - [helmcust] Pod 'test-hivemq-platform-0' containerStatus 'hivemq' (started: false) (ready: false) (waiting: [PodInitializing] null)
2025-01-28 23:53:39,489 INFO c.h.h.t.HelmChartContainer - [hivemq-test-hivemq-platform] [hivemq-platform-operator] [e8e8d337] 23:53:39.488 [ReconcilerExecutor-hivemq-controller-75] INFO  c.h.p.o.h.HiveMQPlatformReconcilerBaseHandler - [helmcust] HiveMQ Platform is starting, 0 of 1 replicas are ready
2025-01-28 23:53:39,504 INFO c.h.h.t.HelmChartContainer - [EVENT] Normal [Pulled] Container image "docker.io/hivemq/hivemq-platform-operator-init-test:snapshot" already present on machine [helmcustomlogbackit:test-hivemq-platform-0]
2025-01-28 23:53:39,648 INFO c.h.h.t.HelmChartContainer - [EVENT] Normal [Created] Created container: hivemq-platform-operator-init [helmcustomlogbackit:test-hivemq-platform-0]
2025-01-28 23:53:39,688 INFO c.h.h.t.HelmChartContainer - [EVENT] Normal [Started] Started container hivemq-platform-operator-init [helmcustomlogbackit:test-hivemq-platform-0]
2025-01-28 23:53:40,436 INFO c.h.h.t.HelmChartContainer - [POD] test-hivemq-platform-0 [64ccd8cf-e302-46d5-96cd-314ff1ae9ae8] in helmcustomlogbackit was MODIFIED
2025-01-28 23:53:40,449 INFO c.h.h.t.HelmChartContainer - [hivemq-test-hivemq-platform] [hivemq-platform-operator] [e8e8d337] 23:53:40.447 [pool-6-thread-32] DEBUG c.h.p.o.d.PlatformServiceResource - [helmcust] Desired Platform services (3 services)
2025-01-28 23:53:40,453 INFO c.h.h.t.HelmChartContainer - [hivemq-test-hivemq-platform] [hivemq-platform-operator] [e8e8d337] 23:53:40.448 [pool-6-thread-33] DEBUG c.h.p.o.dependants.PodInfoConfigMap - [helmcust] Desired PodInfo ConfigMap (1 extensions) (1 enabled)
2025-01-28 23:53:40,453 INFO c.h.h.t.HelmChartContainer - [hivemq-test-hivemq-platform] [hivemq-platform-operator] [e8e8d337] 23:53:40.448 [pool-6-thread-33] DEBUG c.h.p.o.dependants.PodInfoConfigMap - [helmcust] Desired PodInfo ConfigMap (metrics port: 9399) (metrics path: /)
2025-01-28 23:53:40,453 INFO c.h.h.t.HelmChartContainer - [hivemq-test-hivemq-platform] [hivemq-platform-operator] [e8e8d337] 23:53:40.448 [pool-6-thread-33] DEBUG c.h.p.o.dependants.PodInfoConfigMap - [helmcust] Desired PodInfo ConfigMap (extension state hash: -1817474005)
2025-01-28 23:53:40,455 INFO c.h.h.t.HelmChartContainer - [hivemq-test-hivemq-platform] [hivemq-platform-operator] [e8e8d337] 23:53:40.454 [pool-6-thread-37] DEBUG c.h.p.o.d.PodServiceAccountResource - [helmcust] Desired PodServiceAccountResource (serviceAccountName: hivemq-platform-pod-test-hivemq-platform)
2025-01-28 23:53:40,542 INFO c.h.h.t.HelmChartContainer - [hivemq-test-hivemq-platform] [hivemq-platform-operator] [e8e8d337] 23:53:40.539 [pool-6-thread-40] DEBUG c.h.p.o.d.StatefulSetResource - [helmcust] Desired StatefulSet (1 replicas) for status STARTING (READY)
2025-01-28 23:53:40,546 INFO c.h.h.t.HelmChartContainer - [hivemq-test-hivemq-platform] [hivemq-platform-operator] [e8e8d337] 23:53:40.545 [ReconcilerExecutor-hivemq-controller-86] INFO  c.h.p.o.HiveMQPlatformReconciler - [helmcust] Reconciling HiveMQ Platform 'test-hivemq-platform' in namespace 'helmcustomlogbackit'
2025-01-28 23:53:40,548 INFO c.h.h.t.HelmChartContainer - [hivemq-test-hivemq-platform] [hivemq-platform-operator] [e8e8d337] 23:53:40.546 [ReconcilerExecutor-hivemq-controller-86] DEBUG c.h.p.o.HiveMQPlatformReconciler - [helmcust] Custom Resource Status STARTING - HiveMQ Platform is starting (READY)
2025-01-28 23:53:40,549 INFO c.h.h.t.HelmChartContainer - [hivemq-test-hivemq-platform] [hivemq-platform-operator] [e8e8d337] 23:53:40.546 [ReconcilerExecutor-hivemq-controller-86] DEBUG c.h.p.o.HiveMQPlatformReconciler - [helmcust] Custom Resource Spec (replicas: 1) (extensions: 1)
2025-01-28 23:53:40,550 INFO c.h.h.t.HelmChartContainer - [hivemq-test-hivemq-platform] [hivemq-platform-operator] [e8e8d337] 23:53:40.549 [ReconcilerExecutor-hivemq-controller-86] DEBUG c.h.p.o.HiveMQPlatformReconciler - [helmcust] StatefulSet Status (revision: test-hivemq-platform-989b74cd6, replicas: 1, available: 0, ready: 0, current: 1, updated: 1)
2025-01-28 23:53:40,550 INFO c.h.h.t.HelmChartContainer - [hivemq-test-hivemq-platform] [hivemq-platform-operator] [e8e8d337] 23:53:40.549 [ReconcilerExecutor-hivemq-controller-86] DEBUG c.h.p.o.HiveMQPlatformReconciler - [helmcust] StatefulSet Spec (replicas: 1, init containers: 1, containers: 1, volumes: 3)
2025-01-28 23:53:40,577 INFO c.h.h.t.HelmChartContainer - [hivemq-test-hivemq-platform] [hivemq-platform-operator] [e8e8d337] 23:53:40.575 [ReconcilerExecutor-hivemq-controller-86] DEBUG c.h.p.o.h.HiveMQPlatformReconcilerErrorHandler - [helmcust] Pod 'test-hivemq-platform-0' phase Pending
2025-01-28 23:53:40,579 INFO c.h.h.t.HelmChartContainer - [hivemq-test-hivemq-platform] [hivemq-platform-operator] [e8e8d337] 23:53:40.576 [ReconcilerExecutor-hivemq-controller-86] DEBUG c.h.p.o.h.HiveMQPlatformReconcilerErrorHandler - [helmcust] Pod 'test-hivemq-platform-0' condition 'PodReadyToStartContainers': True
2025-01-28 23:53:40,579 INFO c.h.h.t.HelmChartContainer - [hivemq-test-hivemq-platform] [hivemq-platform-operator] [e8e8d337] 23:53:40.577 [ReconcilerExecutor-hivemq-controller-86] DEBUG c.h.p.o.h.HiveMQPlatformReconcilerErrorHandler - [helmcust] Pod 'test-hivemq-platform-0' condition 'Initialized': False
2025-01-28 23:53:40,579 INFO c.h.h.t.HelmChartContainer - [hivemq-test-hivemq-platform] [hivemq-platform-operator] [e8e8d337] 23:53:40.577 [ReconcilerExecutor-hivemq-controller-86] DEBUG c.h.p.o.h.HiveMQPlatformReconcilerErrorHandler - [helmcust] Pod 'test-hivemq-platform-0' condition 'Ready': False
2025-01-28 23:53:40,579 INFO c.h.h.t.HelmChartContainer - [hivemq-test-hivemq-platform] [hivemq-platform-operator] [e8e8d337] 23:53:40.577 [ReconcilerExecutor-hivemq-controller-86] DEBUG c.h.p.o.h.HiveMQPlatformReconcilerErrorHandler - [helmcust] Pod 'test-hivemq-platform-0' condition 'ContainersReady': False
2025-01-28 23:53:40,579 INFO c.h.h.t.HelmChartContainer - [hivemq-test-hivemq-platform] [hivemq-platform-operator] [e8e8d337] 23:53:40.577 [ReconcilerExecutor-hivemq-controller-86] DEBUG c.h.p.o.h.HiveMQPlatformReconcilerErrorHandler - [helmcust] Pod 'test-hivemq-platform-0' condition 'PodScheduled': True
2025-01-28 23:53:40,579 INFO c.h.h.t.HelmChartContainer - [hivemq-test-hivemq-platform] [hivemq-platform-operator] [e8e8d337] 23:53:40.577 [ReconcilerExecutor-hivemq-controller-86] DEBUG c.h.p.o.h.HiveMQPlatformReconcilerErrorHandler - [helmcust] Pod 'test-hivemq-platform-0' containerStatus 'hivemq' (started: false) (ready: false) (waiting: [PodInitializing] null)
2025-01-28 23:53:40,640 INFO c.h.h.t.HelmChartContainer - [hivemq-test-hivemq-platform] [hivemq-platform-operator] [e8e8d337] 23:53:40.639 [ReconcilerExecutor-hivemq-controller-86] INFO  c.h.p.o.h.HiveMQPlatformReconcilerBaseHandler - [helmcust] HiveMQ Platform is starting, 0 of 1 replicas are ready
2025-01-28 23:53:41,428 INFO c.h.h.t.HelmChartContainer - [EVENT] Normal [Pulled] Container image "docker.io/hivemq/hivemq4:4.36.0" already present on machine [helmcustomlogbackit:test-hivemq-platform-0]
2025-01-28 23:53:41,428 INFO c.h.h.t.HelmChartContainer - Received Pulled event for container hivemq in pod test-hivemq-platform-0 [64ccd8cf-e302-46d5-96cd-314ff1ae9ae8]
2025-01-28 23:53:41,436 INFO c.h.h.t.HelmChartContainer - [POD] test-hivemq-platform-0 [64ccd8cf-e302-46d5-96cd-314ff1ae9ae8] in helmcustomlogbackit was MODIFIED
2025-01-28 23:53:41,451 INFO c.h.h.t.HelmChartContainer - [hivemq-test-hivemq-platform] [hivemq-platform-operator] [e8e8d337] 23:53:41.449 [pool-6-thread-42] DEBUG c.h.p.o.d.PlatformServiceResource - [helmcust] Desired Platform services (3 services)
2025-01-28 23:53:41,455 INFO c.h.h.t.HelmChartContainer - [hivemq-test-hivemq-platform] [hivemq-platform-operator] [e8e8d337] 23:53:41.453 [pool-6-thread-43] DEBUG c.h.p.o.dependants.PodInfoConfigMap - [helmcust] Desired PodInfo ConfigMap (1 extensions) (1 enabled)
2025-01-28 23:53:41,455 INFO c.h.h.t.HelmChartContainer - [hivemq-test-hivemq-platform] [hivemq-platform-operator] [e8e8d337] 23:53:41.453 [pool-6-thread-43] DEBUG c.h.p.o.dependants.PodInfoConfigMap - [helmcust] Desired PodInfo ConfigMap (metrics port: 9399) (metrics path: /)
2025-01-28 23:53:41,455 INFO c.h.h.t.HelmChartContainer - [hivemq-test-hivemq-platform] [hivemq-platform-operator] [e8e8d337] 23:53:41.453 [pool-6-thread-43] DEBUG c.h.p.o.dependants.PodInfoConfigMap - [helmcust] Desired PodInfo ConfigMap (extension state hash: -1817474005)
2025-01-28 23:53:41,462 INFO c.h.h.t.HelmChartContainer - [hivemq-test-hivemq-platform] [hivemq-platform-operator] [e8e8d337] 23:53:41.458 [pool-6-thread-47] DEBUG c.h.p.o.d.PodServiceAccountResource - [helmcust] Desired PodServiceAccountResource (serviceAccountName: hivemq-platform-pod-test-hivemq-platform)
2025-01-28 23:53:41,476 INFO c.h.h.t.HelmChartContainer - [hivemq-test-hivemq-platform] [hivemq-platform-operator] [e8e8d337] 23:53:41.464 [pool-6-thread-49] DEBUG c.h.p.o.d.StatefulSetResource - [helmcust] Desired StatefulSet (1 replicas) for status STARTING (READY)
2025-01-28 23:53:41,542 INFO c.h.h.t.HelmChartContainer - [hivemq-test-hivemq-platform] [hivemq-platform-operator] [e8e8d337] 23:53:41.540 [ReconcilerExecutor-hivemq-controller-97] INFO  c.h.p.o.HiveMQPlatformReconciler - [helmcust] Reconciling HiveMQ Platform 'test-hivemq-platform' in namespace 'helmcustomlogbackit'
2025-01-28 23:53:41,543 INFO c.h.h.t.HelmChartContainer - [hivemq-test-hivemq-platform] [hivemq-platform-operator] [e8e8d337] 23:53:41.540 [ReconcilerExecutor-hivemq-controller-97] DEBUG c.h.p.o.HiveMQPlatformReconciler - [helmcust] Custom Resource Status STARTING - HiveMQ Platform is starting (READY)
2025-01-28 23:53:41,543 INFO c.h.h.t.HelmChartContainer - [hivemq-test-hivemq-platform] [hivemq-platform-operator] [e8e8d337] 23:53:41.541 [ReconcilerExecutor-hivemq-controller-97] DEBUG c.h.p.o.HiveMQPlatformReconciler - [helmcust] Custom Resource Spec (replicas: 1) (extensions: 1)
2025-01-28 23:53:41,547 INFO c.h.h.t.HelmChartContainer - [hivemq-test-hivemq-platform] [hivemq-platform-operator] [e8e8d337] 23:53:41.545 [ReconcilerExecutor-hivemq-controller-97] DEBUG c.h.p.o.HiveMQPlatformReconciler - [helmcust] StatefulSet Status (revision: test-hivemq-platform-989b74cd6, replicas: 1, available: 0, ready: 0, current: 1, updated: 1)
2025-01-28 23:53:41,548 INFO c.h.h.t.HelmChartContainer - [hivemq-test-hivemq-platform] [hivemq-platform-operator] [e8e8d337] 23:53:41.545 [ReconcilerExecutor-hivemq-controller-97] DEBUG c.h.p.o.HiveMQPlatformReconciler - [helmcust] StatefulSet Spec (replicas: 1, init containers: 1, containers: 1, volumes: 3)
2025-01-28 23:53:41,551 INFO c.h.h.t.HelmChartContainer - [hivemq-test-hivemq-platform] [hivemq-platform-operator] [e8e8d337] 23:53:41.550 [ReconcilerExecutor-hivemq-controller-97] DEBUG c.h.p.o.h.HiveMQPlatformReconcilerErrorHandler - [helmcust] Pod 'test-hivemq-platform-0' phase Pending
2025-01-28 23:53:41,555 INFO c.h.h.t.HelmChartContainer - [hivemq-test-hivemq-platform] [hivemq-platform-operator] [e8e8d337] 23:53:41.554 [ReconcilerExecutor-hivemq-controller-97] DEBUG c.h.p.o.h.HiveMQPlatformReconcilerErrorHandler - [helmcust] Pod 'test-hivemq-platform-0' condition 'PodReadyToStartContainers': True
2025-01-28 23:53:41,556 INFO c.h.h.t.HelmChartContainer - [hivemq-test-hivemq-platform] [hivemq-platform-operator] [e8e8d337] 23:53:41.555 [ReconcilerExecutor-hivemq-controller-97] DEBUG c.h.p.o.h.HiveMQPlatformReconcilerErrorHandler - [helmcust] Pod 'test-hivemq-platform-0' condition 'Initialized': True
2025-01-28 23:53:41,557 INFO c.h.h.t.HelmChartContainer - [hivemq-test-hivemq-platform] [hivemq-platform-operator] [e8e8d337] 23:53:41.555 [ReconcilerExecutor-hivemq-controller-97] DEBUG c.h.p.o.h.HiveMQPlatformReconcilerErrorHandler - [helmcust] Pod 'test-hivemq-platform-0' condition 'Ready': False
2025-01-28 23:53:41,558 INFO c.h.h.t.HelmChartContainer - [hivemq-test-hivemq-platform] [hivemq-platform-operator] [e8e8d337] 23:53:41.555 [ReconcilerExecutor-hivemq-controller-97] DEBUG c.h.p.o.h.HiveMQPlatformReconcilerErrorHandler - [helmcust] Pod 'test-hivemq-platform-0' condition 'ContainersReady': False
2025-01-28 23:53:41,558 INFO c.h.h.t.HelmChartContainer - [hivemq-test-hivemq-platform] [hivemq-platform-operator] [e8e8d337] 23:53:41.555 [ReconcilerExecutor-hivemq-controller-97] DEBUG c.h.p.o.h.HiveMQPlatformReconcilerErrorHandler - [helmcust] Pod 'test-hivemq-platform-0' condition 'PodScheduled': True
2025-01-28 23:53:41,558 INFO c.h.h.t.HelmChartContainer - [hivemq-test-hivemq-platform] [hivemq-platform-operator] [e8e8d337] 23:53:41.555 [ReconcilerExecutor-hivemq-controller-97] DEBUG c.h.p.o.h.HiveMQPlatformReconcilerErrorHandler - [helmcust] Pod 'test-hivemq-platform-0' containerStatus 'hivemq' (started: false) (ready: false) (waiting: [PodInitializing] null)
2025-01-28 23:53:41,559 INFO c.h.h.t.HelmChartContainer - [hivemq-test-hivemq-platform] [hivemq-platform-operator] [e8e8d337] 23:53:41.557 [ReconcilerExecutor-hivemq-controller-97] INFO  c.h.p.o.h.HiveMQPlatformReconcilerBaseHandler - [helmcust] HiveMQ Platform is starting, 0 of 1 replicas are ready
2025-01-28 23:53:42,844 INFO c.h.h.t.HelmChartContainer - [EVENT] Normal [Created] Created container: hivemq [helmcustomlogbackit:test-hivemq-platform-0]
2025-01-28 23:53:42,845 INFO c.h.h.t.HelmChartContainer - Received Created event for container hivemq in pod test-hivemq-platform-0 [64ccd8cf-e302-46d5-96cd-314ff1ae9ae8]
2025-01-28 23:53:43,440 INFO c.h.h.t.HelmChartContainer - [POD] test-hivemq-platform-0 [64ccd8cf-e302-46d5-96cd-314ff1ae9ae8] in helmcustomlogbackit was MODIFIED
2025-01-28 23:53:43,452 INFO c.h.h.t.HelmChartContainer - [hivemq-test-hivemq-platform] [hivemq-platform-operator] [e8e8d337] 23:53:43.449 [pool-6-thread-5] DEBUG c.h.p.o.d.PlatformServiceResource - [helmcust] Desired Platform services (3 services)
2025-01-28 23:53:43,453 INFO c.h.h.t.HelmChartContainer - [hivemq-test-hivemq-platform] [hivemq-platform-operator] [e8e8d337] 23:53:43.452 [pool-6-thread-3] DEBUG c.h.p.o.dependants.PodInfoConfigMap - [helmcust] Desired PodInfo ConfigMap (1 extensions) (1 enabled)
2025-01-28 23:53:43,454 INFO c.h.h.t.HelmChartContainer - [EVENT] Normal [Started] Started container hivemq [helmcustomlogbackit:test-hivemq-platform-0]
2025-01-28 23:53:43,454 INFO c.h.h.t.HelmChartContainer - Received Started event for container hivemq in pod test-hivemq-platform-0 [64ccd8cf-e302-46d5-96cd-314ff1ae9ae8]
2025-01-28 23:53:43,455 INFO c.h.h.t.HelmChartContainer - Started log watcher for hivemq in pod test-hivemq-platform-0 [64ccd8cf-e302-46d5-96cd-314ff1ae9ae8]
2025-01-28 23:53:43,455 INFO c.h.h.t.HelmChartContainer - [test-hivemq-platform] [hivemq] [64ccd8cf] Adding pre-installed HiveMQ Platform Operator extensions
2025-01-28 23:53:43,455 INFO c.h.h.t.HelmChartContainer - [test-hivemq-platform] [hivemq] [64ccd8cf] Running as user 10000
2025-01-28 23:53:43,455 INFO c.h.h.t.HelmChartContainer - [test-hivemq-platform] [hivemq] [64ccd8cf] Starting HiveMQ Platform Operator Init
2025-01-28 23:53:43,462 INFO c.h.h.t.HelmChartContainer - [hivemq-test-hivemq-platform] [hivemq-platform-operator] [e8e8d337] 23:53:43.459 [pool-6-thread-3] DEBUG c.h.p.o.dependants.PodInfoConfigMap - [helmcust] Desired PodInfo ConfigMap (metrics port: 9399) (metrics path: /)
2025-01-28 23:53:43,462 INFO c.h.h.t.HelmChartContainer - [hivemq-test-hivemq-platform] [hivemq-platform-operator] [e8e8d337] 23:53:43.460 [pool-6-thread-3] DEBUG c.h.p.o.dependants.PodInfoConfigMap - [helmcust] Desired PodInfo ConfigMap (extension state hash: -1817474005)
2025-01-28 23:53:43,463 INFO c.h.h.t.HelmChartContainer - [hivemq-test-hivemq-platform] [hivemq-platform-operator] [e8e8d337] 23:53:43.460 [pool-6-thread-4] DEBUG c.h.p.o.d.PodServiceAccountResource - [helmcust] Desired PodServiceAccountResource (serviceAccountName: hivemq-platform-pod-test-hivemq-platform)
2025-01-28 23:53:43,478 INFO c.h.h.t.HelmChartContainer - [hivemq-test-hivemq-platform] [hivemq-platform-operator] [e8e8d337] 23:53:43.475 [pool-6-thread-4] DEBUG c.h.p.o.d.StatefulSetResource - [helmcust] Desired StatefulSet (1 replicas) for status STARTING (READY)
2025-01-28 23:53:43,542 INFO c.h.h.t.HelmChartContainer - [hivemq-test-hivemq-platform] [hivemq-platform-operator] [e8e8d337] 23:53:43.539 [ReconcilerExecutor-hivemq-controller-108] INFO  c.h.p.o.HiveMQPlatformReconciler - [helmcust] Reconciling HiveMQ Platform 'test-hivemq-platform' in namespace 'helmcustomlogbackit'
2025-01-28 23:53:43,542 INFO c.h.h.t.HelmChartContainer - [hivemq-test-hivemq-platform] [hivemq-platform-operator] [e8e8d337] 23:53:43.539 [ReconcilerExecutor-hivemq-controller-108] DEBUG c.h.p.o.HiveMQPlatformReconciler - [helmcust] Custom Resource Status STARTING - HiveMQ Platform is starting (READY)
2025-01-28 23:53:43,542 INFO c.h.h.t.HelmChartContainer - [hivemq-test-hivemq-platform] [hivemq-platform-operator] [e8e8d337] 23:53:43.539 [ReconcilerExecutor-hivemq-controller-108] DEBUG c.h.p.o.HiveMQPlatformReconciler - [helmcust] Custom Resource Spec (replicas: 1) (extensions: 1)
2025-01-28 23:53:43,544 INFO c.h.h.t.HelmChartContainer - [hivemq-test-hivemq-platform] [hivemq-platform-operator] [e8e8d337] 23:53:43.542 [ReconcilerExecutor-hivemq-controller-108] DEBUG c.h.p.o.HiveMQPlatformReconciler - [helmcust] StatefulSet Status (revision: test-hivemq-platform-989b74cd6, replicas: 1, available: 0, ready: 0, current: 1, updated: 1)
2025-01-28 23:53:43,546 INFO c.h.h.t.HelmChartContainer - [hivemq-test-hivemq-platform] [hivemq-platform-operator] [e8e8d337] 23:53:43.542 [ReconcilerExecutor-hivemq-controller-108] DEBUG c.h.p.o.HiveMQPlatformReconciler - [helmcust] StatefulSet Spec (replicas: 1, init containers: 1, containers: 1, volumes: 3)
2025-01-28 23:53:43,547 INFO c.h.h.t.HelmChartContainer - [hivemq-test-hivemq-platform] [hivemq-platform-operator] [e8e8d337] 23:53:43.543 [ReconcilerExecutor-hivemq-controller-108] DEBUG c.h.p.o.h.HiveMQPlatformReconcilerErrorHandler - [helmcust] Pod 'test-hivemq-platform-0' phase Running
2025-01-28 23:53:43,547 INFO c.h.h.t.HelmChartContainer - [hivemq-test-hivemq-platform] [hivemq-platform-operator] [e8e8d337] 23:53:43.544 [ReconcilerExecutor-hivemq-controller-108] INFO  c.h.p.o.h.HiveMQPlatformReconcilerBaseHandler - [helmcust] HiveMQ Platform is starting, 0 of 1 replicas are ready
2025-01-28 23:53:44,170 INFO c.h.h.t.HelmChartContainer - [test-hivemq-platform] [hivemq] [64ccd8cf] INFO  - [HiveMQ Platform Operator Init 1.7.0-SNAPSHOT] HiveMQ Platform Operator Init 1.7.0-SNAPSHOT (commit: bebf408 on branch: HEAD) built on Sun Jan 26 20:47:47 UTC 2025
2025-01-28 23:53:45,269 INFO c.h.h.t.HelmChartContainer - [test-hivemq-platform] [hivemq] [64ccd8cf] INFO  - [HiveMQ Platform Operator Init App 1.7.0-SNAPSHOT] Using bind address 10.42.0.9 from environment variable
2025-01-28 23:53:46,168 INFO c.h.h.t.HelmChartContainer - [test-hivemq-platform] [hivemq] [64ccd8cf] INFO  - [HiveMQ Platform Operator Init App 1.7.0-SNAPSHOT] HiveMQ Platform Operator Init App 1.7.0-SNAPSHOT (commit: bebf408 on branch: HEAD) built on Sun Jan 26 20:47:47 UTC 2025
2025-01-28 23:53:46,168 INFO c.h.h.t.HelmChartContainer - [test-hivemq-platform] [hivemq] [64ccd8cf] INFO  - [HiveMQ Platform Operator Init App 1.7.0-SNAPSHOT] PodInfo ConfigMap directory: /etc/podinfo
2025-01-28 23:53:46,168 INFO c.h.h.t.HelmChartContainer - [test-hivemq-platform] [hivemq] [64ccd8cf] INFO  - [HiveMQ Platform Operator Init App 1.7.0-SNAPSHOT] HiveMQ home directory: /opt/hivemq
2025-01-28 23:53:46,168 INFO c.h.h.t.HelmChartContainer - [test-hivemq-platform] [hivemq] [64ccd8cf] INFO  - [HiveMQ Platform Operator Init App 1.7.0-SNAPSHOT] HiveMQ Logback folder: /opt/hivemq/conf
2025-01-28 23:53:46,168 INFO c.h.h.t.HelmChartContainer - [test-hivemq-platform] [hivemq] [64ccd8cf] INFO  - [HiveMQ Platform Operator Init App 1.7.0-SNAPSHOT] HiveMQ Config folder: /opt/hivemq/conf-k8s
2025-01-28 23:53:46,169 INFO c.h.h.t.HelmChartContainer - [test-hivemq-platform] [hivemq] [64ccd8cf] INFO  - [HiveMQ Platform Operator Init App 1.7.0-SNAPSHOT] Starting HiveMQ Platform Operator Init App
2025-01-28 23:53:46,169 INFO c.h.h.t.HelmChartContainer - [test-hivemq-platform] [hivemq] [64ccd8cf] INFO  - [HiveMQ Platform Operator Init App 1.7.0-SNAPSHOT] Starting Pod reconciler
2025-01-28 23:53:47,374 INFO c.h.h.t.HelmChartContainer - [test-hivemq-platform] [hivemq] [64ccd8cf] INFO  - [HiveMQ Platform Operator Init App 1.7.0-SNAPSHOT] Pod reconciler is scheduled (interval: 5000 ms)
2025-01-28 23:53:47,378 INFO c.h.h.t.HelmChartContainer - [test-hivemq-platform] [hivemq] [64ccd8cf] INFO  - HiveMQ Platform Operator Init App 1.7.0-SNAPSHOT Save backup of original logback.xml file
2025-01-28 23:53:47,379 INFO c.h.h.t.HelmChartContainer - [test-hivemq-platform] [hivemq] [64ccd8cf] INFO  - HiveMQ Platform Operator Init App 1.7.0-SNAPSHOT Applying custom logback.xml file
2025-01-28 23:53:47,479 INFO c.h.h.t.HelmChartContainer - [test-hivemq-platform] [hivemq] [64ccd8cf] INFO  - [HiveMQ Platform Operator Init App 1.7.0-SNAPSHOT] Activated automatic reloading of logback.xml file
2025-01-28 23:53:47,480 INFO c.h.h.t.HelmChartContainer - [test-hivemq-platform] [hivemq] [64ccd8cf] INFO  - [HiveMQ Platform Operator Init App 1.7.0-SNAPSHOT] Changed logback.xml file scan period to 20 seconds
2025-01-28 23:53:47,873 INFO c.h.h.t.HelmChartContainer - [test-hivemq-platform] [hivemq] [64ccd8cf] INFO  - [HiveMQ Platform Operator Init App 1.7.0-SNAPSHOT] Starting the REST API on 10.42.0.9:7979
2025-01-28 23:53:47,876 INFO c.h.h.t.HelmChartContainer - [test-hivemq-platform] [hivemq] [64ccd8cf] INFO  - [HiveMQ Platform Operator Init App 1.7.0-SNAPSHOT] Waiting up to 600s for at most 1 HiveMQ nodes in cluster service hivemq-test-hivemq-platform-cluster.helmcustomlogbackit.svc
2025-01-28 23:53:48,274 INFO c.h.h.t.HelmChartContainer - [test-hivemq-platform] [hivemq] [64ccd8cf] INFO  - [HiveMQ Platform Operator Init App 1.7.0-SNAPSHOT] Resolved 1 IP addresses: [10.42.0.9]
2025-01-28 23:53:48,274 INFO c.h.h.t.HelmChartContainer - [test-hivemq-platform] [hivemq] [64ccd8cf] INFO  - [HiveMQ Platform Operator Init App 1.7.0-SNAPSHOT] HiveMQ node count of 1 is within threshold of 1
2025-01-28 23:53:48,274 INFO c.h.h.t.HelmChartContainer - [test-hivemq-platform] [hivemq] [64ccd8cf] INFO  - [HiveMQ Platform Operator Init App 1.7.0-SNAPSHOT] Proceeding with container start
2025-01-28 23:53:48,369 INFO c.h.h.t.HelmChartContainer - [test-hivemq-platform] [hivemq] [64ccd8cf] INFO  - [HiveMQ Platform Operator Init App 1.7.0-SNAPSHOT] Initializing HiveMQ Platform extensions with initial configuration: {hivemq-allow-all-extension={start-priority=-1, skip-https-hostname-verification=false, restart=true, config-version=0, header-version=0, c-uri=, priority=-1, uri=preinstalled, skip-https-certificate-validation=false, enabled=true}, hivemq-prometheus-extension={enabled=true, request-header-path=no-request-headers, uri=preinstalled, skip-https-certificate-validation=false, skip-https-hostname-verification=false, c-uri=, start-priority=-1, priority=-1, restart=true}}
2025-01-28 23:53:48,382 INFO c.h.h.t.HelmChartContainer - [test-hivemq-platform] [hivemq] [64ccd8cf] INFO  - [HiveMQ Platform Operator Init App 1.7.0-SNAPSHOT] Extension hivemq-allow-all-extension was already enabled
2025-01-28 23:53:48,468 INFO c.h.h.t.HelmChartContainer - [test-hivemq-platform] [hivemq] [64ccd8cf] INFO  - [HiveMQ Platform Operator Init App 1.7.0-SNAPSHOT] Successfully enabled extension hivemq-prometheus-extension
2025-01-28 23:53:48,471 INFO c.h.h.t.HelmChartContainer - [test-hivemq-platform] [hivemq] [64ccd8cf] INFO  - [HiveMQ Platform Operator Init App 1.7.0-SNAPSHOT] Starting HiveMQ Platform version 4.36.0 (4.36.0)
2025-01-28 23:53:48,471 INFO c.h.h.t.HelmChartContainer - [test-hivemq-platform] [hivemq] [64ccd8cf] INFO  - [HiveMQ Platform Operator Init App 1.7.0-SNAPSHOT] Configuring the HiveMQ Platform
2025-01-28 23:53:48,572 INFO c.h.h.t.HelmChartContainer - [test-hivemq-platform] [hivemq] [64ccd8cf] INFO  - [HiveMQ Platform Operator Init App 1.7.0-SNAPSHOT] Starting the HiveMQ Platform
2025-01-28 23:53:48,574 INFO c.h.h.t.HelmChartContainer - [test-hivemq-platform] [hivemq] [64ccd8cf] -------------------------------------------------------------------------
2025-01-28 23:53:48,575 INFO c.h.h.t.HelmChartContainer - [test-hivemq-platform] [hivemq] [64ccd8cf] 
2025-01-28 23:53:48,575 INFO c.h.h.t.HelmChartContainer - [test-hivemq-platform] [hivemq] [64ccd8cf]                   _    _  _              __  __   ____
2025-01-28 23:53:48,575 INFO c.h.h.t.HelmChartContainer - [test-hivemq-platform] [hivemq] [64ccd8cf]                  | |  | |(_)            |  \/  | / __ \
2025-01-28 23:53:48,575 INFO c.h.h.t.HelmChartContainer - [test-hivemq-platform] [hivemq] [64ccd8cf]                  | |__| | _ __   __ ___ | \  / || |  | |
2025-01-28 23:53:48,575 INFO c.h.h.t.HelmChartContainer - [test-hivemq-platform] [hivemq] [64ccd8cf]                  |  __  || |\ \ / // _ \| |\/| || |  | |
2025-01-28 23:53:48,575 INFO c.h.h.t.HelmChartContainer - [test-hivemq-platform] [hivemq] [64ccd8cf]                  | |  | || | \ V /|  __/| |  | || |__| |
2025-01-28 23:53:48,575 INFO c.h.h.t.HelmChartContainer - [test-hivemq-platform] [hivemq] [64ccd8cf]                  |_|  |_||_|  \_/  \___||_|  |_| \___\_\
2025-01-28 23:53:48,575 INFO c.h.h.t.HelmChartContainer - [test-hivemq-platform] [hivemq] [64ccd8cf] 
2025-01-28 23:53:48,575 INFO c.h.h.t.HelmChartContainer - [test-hivemq-platform] [hivemq] [64ccd8cf] -------------------------------------------------------------------------
2025-01-28 23:53:48,575 INFO c.h.h.t.HelmChartContainer - [test-hivemq-platform] [hivemq] [64ccd8cf] 
2025-01-28 23:53:48,575 INFO c.h.h.t.HelmChartContainer - [test-hivemq-platform] [hivemq] [64ccd8cf]   HiveMQ Start Script for Linux/Unix v1.14
2025-01-28 23:53:48,575 INFO c.h.h.t.HelmChartContainer - [test-hivemq-platform] [hivemq] [64ccd8cf] 
2025-01-28 23:53:48,672 INFO c.h.h.t.HelmChartContainer - [test-hivemq-platform] [hivemq] [64ccd8cf] -------------------------------------------------------------------------
2025-01-28 23:53:48,672 INFO c.h.h.t.HelmChartContainer - [test-hivemq-platform] [hivemq] [64ccd8cf] 
2025-01-28 23:53:48,672 INFO c.h.h.t.HelmChartContainer - [test-hivemq-platform] [hivemq] [64ccd8cf]   HIVEMQ_HOME: /opt/hivemq
2025-01-28 23:53:48,672 INFO c.h.h.t.HelmChartContainer - [test-hivemq-platform] [hivemq] [64ccd8cf] 
2025-01-28 23:53:48,672 INFO c.h.h.t.HelmChartContainer - [test-hivemq-platform] [hivemq] [64ccd8cf]   JAVA_OPTS: -XX:+UnlockExperimentalVMOptions -XX:InitialRAMPercentage=50 -XX:MaxRAMPercentage=50 -Djava.net.preferIPv4Stack=true --add-opens java.base/java.lang=ALL-UNNAMED --add-opens java.base/java.nio=ALL-UNNAMED --add-opens java.base/sun.nio.ch=ALL-UNNAMED --add-opens jdk.management/com.sun.management.internal=ALL-UNNAMED --add-exports java.base/jdk.internal.misc=ALL-UNNAMED -Djava.security.egd=file:/dev/./urandom -Dcom.sun.management.jmxremote -Dcom.sun.management.jmxremote.port=9010 -Dcom.sun.management.jmxremote.local.only=false -Dcom.sun.management.jmxremote.authenticate=false -Dcom.sun.management.jmxremote.ssl=false -Duser.language=en -Duser.region=US -XX:+CrashOnOutOfMemoryError -XX:+HeapDumpOnOutOfMemoryError
2025-01-28 23:53:48,672 INFO c.h.h.t.HelmChartContainer - [test-hivemq-platform] [hivemq] [64ccd8cf] 
2025-01-28 23:53:48,672 INFO c.h.h.t.HelmChartContainer - [test-hivemq-platform] [hivemq] [64ccd8cf]   JAVA_VERSION: 21
2025-01-28 23:53:48,672 INFO c.h.h.t.HelmChartContainer - [test-hivemq-platform] [hivemq] [64ccd8cf] 
2025-01-28 23:53:48,672 INFO c.h.h.t.HelmChartContainer - [test-hivemq-platform] [hivemq] [64ccd8cf] -------------------------------------------------------------------------
2025-01-28 23:53:48,673 INFO c.h.h.t.HelmChartContainer - [test-hivemq-platform] [hivemq] [64ccd8cf] 
2025-01-28 23:53:49,475 INFO c.h.h.t.HelmChartContainer - [test-hivemq-platform] [hivemq] [64ccd8cf] INFO  - [HiveMQ Platform Operator Init App 1.7.0-SNAPSHOT] Returning default Health API response 503 for readiness
2025-01-28 23:53:49,869 INFO c.h.h.t.HelmChartContainer - [EVENT] Warning [Unhealthy] Readiness probe failed: HTTP probe failed with statuscode: 503 [helmcustomlogbackit:test-hivemq-platform-0]
2025-01-28 23:53:49,869 INFO c.h.h.t.HelmChartContainer - Received Unhealthy event for container hivemq in pod test-hivemq-platform-0 [64ccd8cf-e302-46d5-96cd-314ff1ae9ae8]
2025-01-28 23:53:51,366 INFO c.h.h.t.HelmChartContainer - [test-hivemq-platform] [hivemq] [64ccd8cf] INFO  - Starting HiveMQ Enterprise Server
2025-01-28 23:53:51,372 INFO c.h.h.t.HelmChartContainer - [test-hivemq-platform] [hivemq] [64ccd8cf] INFO  - HiveMQ version: 4.36.0
2025-01-28 23:53:51,372 INFO c.h.h.t.HelmChartContainer - [test-hivemq-platform] [hivemq] [64ccd8cf] INFO  - HiveMQ home directory: /opt/hivemq
2025-01-28 23:53:51,373 INFO c.h.h.t.HelmChartContainer - [test-hivemq-platform] [hivemq] [64ccd8cf] INFO  - Log Configuration was overridden by /opt/hivemq/conf/logback.xml
2025-01-28 23:53:52,579 INFO c.h.h.t.HelmChartContainer - [test-hivemq-platform] [hivemq] [64ccd8cf] DEBUG - Adding TCP Listener on bind address 0.0.0.0 and port 1883. Name: tcp-listener-1883. Proxy Protocol supported: false
2025-01-28 23:53:52,579 INFO c.h.h.t.HelmChartContainer - [test-hivemq-platform] [hivemq] [64ccd8cf] DEBUG - Setting retained messages enabled to true
2025-01-28 23:53:52,580 INFO c.h.h.t.HelmChartContainer - [test-hivemq-platform] [hivemq] [64ccd8cf] DEBUG - Setting wildcard subscriptions enabled to true
2025-01-28 23:53:52,580 INFO c.h.h.t.HelmChartContainer - [test-hivemq-platform] [hivemq] [64ccd8cf] DEBUG - Setting subscription identifier enabled to true
2025-01-28 23:53:52,580 INFO c.h.h.t.HelmChartContainer - [test-hivemq-platform] [hivemq] [64ccd8cf] DEBUG - Setting shared subscriptions enabled to true
2025-01-28 23:53:52,580 INFO c.h.h.t.HelmChartContainer - [test-hivemq-platform] [hivemq] [64ccd8cf] DEBUG - Setting maximum qos to EXACTLY_ONCE 
2025-01-28 23:53:52,580 INFO c.h.h.t.HelmChartContainer - [test-hivemq-platform] [hivemq] [64ccd8cf] DEBUG - Setting topic alias enabled to true
2025-01-28 23:53:52,664 INFO c.h.h.t.HelmChartContainer - [test-hivemq-platform] [hivemq] [64ccd8cf] DEBUG - Setting topic alias maximum per client to 5
2025-01-28 23:53:52,668 INFO c.h.h.t.HelmChartContainer - [test-hivemq-platform] [hivemq] [64ccd8cf] DEBUG - Setting the number of max queued messages  per client to 1000 entries
2025-01-28 23:53:52,668 INFO c.h.h.t.HelmChartContainer - [test-hivemq-platform] [hivemq] [64ccd8cf] DEBUG - Setting queued messages strategy for each client to DISCARD
2025-01-28 23:53:52,668 INFO c.h.h.t.HelmChartContainer - [test-hivemq-platform] [hivemq] [64ccd8cf] DEBUG - Setting the expiry interval for client sessions to 4294967295 seconds
2025-01-28 23:53:52,668 INFO c.h.h.t.HelmChartContainer - [test-hivemq-platform] [hivemq] [64ccd8cf] DEBUG - Setting the expiry interval for publish messages to 4294967296 seconds
2025-01-28 23:53:52,668 INFO c.h.h.t.HelmChartContainer - [test-hivemq-platform] [hivemq] [64ccd8cf] DEBUG - Setting the server receive maximum to 10
2025-01-28 23:53:52,668 INFO c.h.h.t.HelmChartContainer - [test-hivemq-platform] [hivemq] [64ccd8cf] DEBUG - Setting keep alive maximum to 65535 seconds
2025-01-28 23:53:52,668 INFO c.h.h.t.HelmChartContainer - [test-hivemq-platform] [hivemq] [64ccd8cf] DEBUG - Setting keep alive allow zero to true
2025-01-28 23:53:52,668 INFO c.h.h.t.HelmChartContainer - [test-hivemq-platform] [hivemq] [64ccd8cf] DEBUG - Setting the maximum packet size for mqtt messages 268435460 bytes
2025-01-28 23:53:52,668 INFO c.h.h.t.HelmChartContainer - [test-hivemq-platform] [hivemq] [64ccd8cf] DEBUG - Setting global maximum allowed connections to -1
2025-01-28 23:53:52,668 INFO c.h.h.t.HelmChartContainer - [test-hivemq-platform] [hivemq] [64ccd8cf] DEBUG - Setting the maximum client id length to 65535
2025-01-28 23:53:52,668 INFO c.h.h.t.HelmChartContainer - [test-hivemq-platform] [hivemq] [64ccd8cf] DEBUG - Setting the timeout for disconnecting idle tcp connections before a connect message was received to 10000 milliseconds
2025-01-28 23:53:52,668 INFO c.h.h.t.HelmChartContainer - [test-hivemq-platform] [hivemq] [64ccd8cf] DEBUG - Throttling the global incoming traffic limit 0 bytes/second
2025-01-28 23:53:52,668 INFO c.h.h.t.HelmChartContainer - [test-hivemq-platform] [hivemq] [64ccd8cf] DEBUG - Setting the maximum topic length to 65535
2025-01-28 23:53:52,668 INFO c.h.h.t.HelmChartContainer - [test-hivemq-platform] [hivemq] [64ccd8cf] DEBUG - Setting allow server assigned client identifier to true
2025-01-28 23:53:52,669 INFO c.h.h.t.HelmChartContainer - [test-hivemq-platform] [hivemq] [64ccd8cf] DEBUG - Setting validate UTF-8 to true
2025-01-28 23:53:52,669 INFO c.h.h.t.HelmChartContainer - [test-hivemq-platform] [hivemq] [64ccd8cf] DEBUG - Setting payload format validation to false
2025-01-28 23:53:52,669 INFO c.h.h.t.HelmChartContainer - [test-hivemq-platform] [hivemq] [64ccd8cf] DEBUG - Setting allow-problem-information to true
2025-01-28 23:53:52,669 INFO c.h.h.t.HelmChartContainer - [test-hivemq-platform] [hivemq] [64ccd8cf] DEBUG - Setting control-center audit log enabled to true
2025-01-28 23:53:52,669 INFO c.h.h.t.HelmChartContainer - [test-hivemq-platform] [hivemq] [64ccd8cf] DEBUG - Setting rest-api audit log enabled to true
2025-01-28 23:53:52,669 INFO c.h.h.t.HelmChartContainer - [test-hivemq-platform] [hivemq] [64ccd8cf] DEBUG - Setting HiveMQ Control Center enabled to true 
2025-01-28 23:53:52,669 INFO c.h.h.t.HelmChartContainer - [test-hivemq-platform] [hivemq] [64ccd8cf] DEBUG - Setting HiveMQ Control Center default login enabled to true 
2025-01-28 23:53:52,669 INFO c.h.h.t.HelmChartContainer - [test-hivemq-platform] [hivemq] [64ccd8cf] DEBUG - Setting HiveMQ Control Center session idle time to 14400 seconds
2025-01-28 23:53:52,670 INFO c.h.h.t.HelmChartContainer - [test-hivemq-platform] [hivemq] [64ccd8cf] DEBUG - Adding Http-Listener to HiveMQ Control Center Config
2025-01-28 23:53:52,767 INFO c.h.h.t.HelmChartContainer - [test-hivemq-platform] [hivemq] [64ccd8cf] DEBUG - Set TLS to disabled for cluster TCP transport
2025-01-28 23:53:52,769 INFO c.h.h.t.HelmChartContainer - [test-hivemq-platform] [hivemq] [64ccd8cf] DEBUG - Setting replica count to 2 
2025-01-28 23:53:52,769 INFO c.h.h.t.HelmChartContainer - [test-hivemq-platform] [hivemq] [64ccd8cf] DEBUG - Setting cluster TCP health-check enabled
2025-01-28 23:53:52,769 INFO c.h.h.t.HelmChartContainer - [test-hivemq-platform] [hivemq] [64ccd8cf] DEBUG - Setting cluster TCP health-check bind-address to default
2025-01-28 23:53:52,769 INFO c.h.h.t.HelmChartContainer - [test-hivemq-platform] [hivemq] [64ccd8cf] DEBUG - Setting cluster TCP health-check bind-address to 0
2025-01-28 23:53:52,769 INFO c.h.h.t.HelmChartContainer - [test-hivemq-platform] [hivemq] [64ccd8cf] DEBUG - Setting cluster TCP health-check bind-port to 0
2025-01-28 23:53:52,769 INFO c.h.h.t.HelmChartContainer - [test-hivemq-platform] [hivemq] [64ccd8cf] DEBUG - Setting cluster TCP health-check external-address to default
2025-01-28 23:53:52,769 INFO c.h.h.t.HelmChartContainer - [test-hivemq-platform] [hivemq] [64ccd8cf] DEBUG - Setting cluster TCP health-check external-port to 0
2025-01-28 23:53:52,769 INFO c.h.h.t.HelmChartContainer - [test-hivemq-platform] [hivemq] [64ccd8cf] DEBUG - Setting cluster heartbeat enabled
2025-01-28 23:53:52,769 INFO c.h.h.t.HelmChartContainer - [test-hivemq-platform] [hivemq] [64ccd8cf] DEBUG - Setting cluster heartbeat interval to 3000 ms
2025-01-28 23:53:52,769 INFO c.h.h.t.HelmChartContainer - [test-hivemq-platform] [hivemq] [64ccd8cf] DEBUG - Setting the cluster heartbeat timeout to 9000 ms
2025-01-28 23:53:52,769 INFO c.h.h.t.HelmChartContainer - [test-hivemq-platform] [hivemq] [64ccd8cf] DEBUG - Setting HiveMQ REST API enabled to false 
2025-01-28 23:53:52,769 INFO c.h.h.t.HelmChartContainer - [test-hivemq-platform] [hivemq] [64ccd8cf] DEBUG - Setting HiveMQ REST API authentication enabled to false 
2025-01-28 23:53:52,769 INFO c.h.h.t.HelmChartContainer - [test-hivemq-platform] [hivemq] [64ccd8cf] DEBUG - Setting HiveMQ Health API enabled to true 
2025-01-28 23:53:52,771 INFO c.h.h.t.HelmChartContainer - [test-hivemq-platform] [hivemq] [64ccd8cf] DEBUG - Adding http-listener with name 'http-listener-8889' to HiveMQ Health API config
2025-01-28 23:53:52,771 INFO c.h.h.t.HelmChartContainer - [test-hivemq-platform] [hivemq] [64ccd8cf] DEBUG - Setting client event history enabled to false
2025-01-28 23:53:52,771 INFO c.h.h.t.HelmChartContainer - [test-hivemq-platform] [hivemq] [64ccd8cf] DEBUG - Setting client event history lifetime to 604800000 ms
2025-01-28 23:53:52,772 INFO c.h.h.t.HelmChartContainer - [test-hivemq-platform] [hivemq] [64ccd8cf] DEBUG - Setting overload protection enabled to true 
2025-01-28 23:53:52,774 INFO c.h.h.t.HelmChartContainer - [test-hivemq-platform] [hivemq] [64ccd8cf] DEBUG - Setting anonymous usage statistics enabled to false 
2025-01-28 23:53:52,775 INFO c.h.h.t.HelmChartContainer - [test-hivemq-platform] [hivemq] [64ccd8cf] DEBUG - Setting expired messages topic enabled to false
2025-01-28 23:53:52,775 INFO c.h.h.t.HelmChartContainer - [test-hivemq-platform] [hivemq] [64ccd8cf] DEBUG - Setting dropped messages topic enabled to false
2025-01-28 23:53:52,777 INFO c.h.h.t.HelmChartContainer - [test-hivemq-platform] [hivemq] [64ccd8cf] DEBUG - Setting dead messages topic enabled to false
2025-01-28 23:53:52,777 INFO c.h.h.t.HelmChartContainer - [test-hivemq-platform] [hivemq] [64ccd8cf] INFO  - Successfully loaded configuration from '/opt/hivemq/conf-k8s/config.xml'.
2025-01-28 23:53:53,466 INFO c.h.h.t.HelmChartContainer - [test-hivemq-platform] [hivemq] [64ccd8cf] DEBUG - Performing sanity checks.
2025-01-28 23:53:53,550 INFO c.h.h.t.HelmChartContainer - [hivemq-test-hivemq-platform] [hivemq-platform-operator] [e8e8d337] 23:53:53.546 [pool-6-thread-16] DEBUG c.h.p.o.d.PlatformServiceResource - [helmcust] Desired Platform services (3 services)
2025-01-28 23:53:53,551 INFO c.h.h.t.HelmChartContainer - [hivemq-test-hivemq-platform] [hivemq-platform-operator] [e8e8d337] 23:53:53.547 [pool-6-thread-14] DEBUG c.h.p.o.dependants.PodInfoConfigMap - [helmcust] Desired PodInfo ConfigMap (1 extensions) (1 enabled)
2025-01-28 23:53:53,551 INFO c.h.h.t.HelmChartContainer - [hivemq-test-hivemq-platform] [hivemq-platform-operator] [e8e8d337] 23:53:53.548 [pool-6-thread-14] DEBUG c.h.p.o.dependants.PodInfoConfigMap - [helmcust] Desired PodInfo ConfigMap (metrics port: 9399) (metrics path: /)
2025-01-28 23:53:53,551 INFO c.h.h.t.HelmChartContainer - [hivemq-test-hivemq-platform] [hivemq-platform-operator] [e8e8d337] 23:53:53.548 [pool-6-thread-14] DEBUG c.h.p.o.dependants.PodInfoConfigMap - [helmcust] Desired PodInfo ConfigMap (extension state hash: -1817474005)
2025-01-28 23:53:53,551 INFO c.h.h.t.HelmChartContainer - [hivemq-test-hivemq-platform] [hivemq-platform-operator] [e8e8d337] 23:53:53.550 [pool-6-thread-14] DEBUG c.h.p.o.d.PodServiceAccountResource - [helmcust] Desired PodServiceAccountResource (serviceAccountName: hivemq-platform-pod-test-hivemq-platform)
2025-01-28 23:53:53,554 INFO c.h.h.t.HelmChartContainer - [hivemq-test-hivemq-platform] [hivemq-platform-operator] [e8e8d337] 23:53:53.554 [pool-6-thread-16] DEBUG c.h.p.o.d.StatefulSetResource - [helmcust] Desired StatefulSet (1 replicas) for status STARTING (READY)
2025-01-28 23:53:53,559 INFO c.h.h.t.HelmChartContainer - [hivemq-test-hivemq-platform] [hivemq-platform-operator] [e8e8d337] 23:53:53.558 [ReconcilerExecutor-hivemq-controller-109] INFO  c.h.p.o.HiveMQPlatformReconciler - [helmcust] Reconciling HiveMQ Platform 'test-hivemq-platform' in namespace 'helmcustomlogbackit'
2025-01-28 23:53:53,560 INFO c.h.h.t.HelmChartContainer - [hivemq-test-hivemq-platform] [hivemq-platform-operator] [e8e8d337] 23:53:53.558 [ReconcilerExecutor-hivemq-controller-109] DEBUG c.h.p.o.HiveMQPlatformReconciler - [helmcust] Custom Resource Status STARTING - HiveMQ Platform is starting (READY)
2025-01-28 23:53:53,560 INFO c.h.h.t.HelmChartContainer - [hivemq-test-hivemq-platform] [hivemq-platform-operator] [e8e8d337] 23:53:53.558 [ReconcilerExecutor-hivemq-controller-109] DEBUG c.h.p.o.HiveMQPlatformReconciler - [helmcust] Custom Resource Spec (replicas: 1) (extensions: 1)
2025-01-28 23:53:53,561 INFO c.h.h.t.HelmChartContainer - [hivemq-test-hivemq-platform] [hivemq-platform-operator] [e8e8d337] 23:53:53.560 [ReconcilerExecutor-hivemq-controller-109] DEBUG c.h.p.o.HiveMQPlatformReconciler - [helmcust] StatefulSet Status (revision: test-hivemq-platform-989b74cd6, replicas: 1, available: 0, ready: 0, current: 1, updated: 1)
2025-01-28 23:53:53,561 INFO c.h.h.t.HelmChartContainer - [hivemq-test-hivemq-platform] [hivemq-platform-operator] [e8e8d337] 23:53:53.560 [ReconcilerExecutor-hivemq-controller-109] DEBUG c.h.p.o.HiveMQPlatformReconciler - [helmcust] StatefulSet Spec (replicas: 1, init containers: 1, containers: 1, volumes: 3)
2025-01-28 23:53:53,562 INFO c.h.h.t.HelmChartContainer - [hivemq-test-hivemq-platform] [hivemq-platform-operator] [e8e8d337] 23:53:53.561 [ReconcilerExecutor-hivemq-controller-109] DEBUG c.h.p.o.h.HiveMQPlatformReconcilerErrorHandler - [helmcust] Pod 'test-hivemq-platform-0' phase Running
2025-01-28 23:53:53,563 INFO c.h.h.t.HelmChartContainer - [hivemq-test-hivemq-platform] [hivemq-platform-operator] [e8e8d337] 23:53:53.562 [ReconcilerExecutor-hivemq-controller-109] INFO  c.h.p.o.h.HiveMQPlatformReconcilerBaseHandler - [helmcust] HiveMQ Platform is starting, 0 of 1 replicas are ready
2025-01-28 23:53:53,570 INFO c.h.h.t.HelmChartContainer - [test-hivemq-platform] [hivemq] [64ccd8cf] DEBUG - Soft limit for open files (1048576) satisfies the recommended limit (1000000).
2025-01-28 23:53:53,571 INFO c.h.h.t.HelmChartContainer - [test-hivemq-platform] [hivemq] [64ccd8cf] DEBUG - Hard limit for open files (1048576) satisfies the recommended limit (1000000).
2025-01-28 23:53:53,572 INFO c.h.h.t.HelmChartContainer - [test-hivemq-platform] [hivemq] [64ccd8cf] DEBUG - HiveMQ license directory (/opt/hivemq/license) satisfies all required file-system permissions.
2025-01-28 23:53:53,573 INFO c.h.h.t.HelmChartContainer - [test-hivemq-platform] [hivemq] [64ccd8cf] DEBUG - HiveMQ data directory (/opt/hivemq/data) satisfies all required file-system permissions.
2025-01-28 23:53:53,574 INFO c.h.h.t.HelmChartContainer - [test-hivemq-platform] [hivemq] [64ccd8cf] DEBUG - HiveMQ log directory (/opt/hivemq/log) satisfies all required file-system permissions.
2025-01-28 23:53:53,575 INFO c.h.h.t.HelmChartContainer - [test-hivemq-platform] [hivemq] [64ccd8cf] DEBUG - HiveMQ backup directory (/opt/hivemq/backup) satisfies all required file-system permissions.
2025-01-28 23:53:53,576 INFO c.h.h.t.HelmChartContainer - [test-hivemq-platform] [hivemq] [64ccd8cf] DEBUG - HiveMQ audit directory (/opt/hivemq/audit) satisfies all required file-system permissions.
2025-01-28 23:53:53,578 INFO c.h.h.t.HelmChartContainer - [test-hivemq-platform] [hivemq] [64ccd8cf] DEBUG - HiveMQ extensions directory (/opt/hivemq/extensions) satisfies all required file-system permissions.
2025-01-28 23:53:53,579 INFO c.h.h.t.HelmChartContainer - [test-hivemq-platform] [hivemq] [64ccd8cf] DEBUG - Extension directory hivemq-allow-all-extension (/opt/hivemq/extensions/hivemq-allow-all-extension) satisfies all required file-system permissions.
2025-01-28 23:53:53,580 INFO c.h.h.t.HelmChartContainer - [test-hivemq-platform] [hivemq] [64ccd8cf] DEBUG - Extension directory hivemq-dns-cluster-discovery (/opt/hivemq/extensions/hivemq-dns-cluster-discovery) satisfies all required file-system permissions.
2025-01-28 23:53:53,583 INFO c.h.h.t.HelmChartContainer - [test-hivemq-platform] [hivemq] [64ccd8cf] DEBUG - Extension directory hivemq-prometheus-extension (/opt/hivemq/extensions/hivemq-prometheus-extension) satisfies all required file-system permissions.
2025-01-28 23:53:53,583 INFO c.h.h.t.HelmChartContainer - [test-hivemq-platform] [hivemq] [64ccd8cf] DEBUG - Extension directory hivemq-google-cloud-pubsub-extension (/opt/hivemq/extensions/hivemq-google-cloud-pubsub-extension) satisfies all required file-system permissions.
2025-01-28 23:53:53,583 INFO c.h.h.t.HelmChartContainer - [test-hivemq-platform] [hivemq] [64ccd8cf] DEBUG - Extension directory hivemq-snowflake-extension (/opt/hivemq/extensions/hivemq-snowflake-extension) satisfies all required file-system permissions.
2025-01-28 23:53:53,583 INFO c.h.h.t.HelmChartContainer - [test-hivemq-platform] [hivemq] [64ccd8cf] DEBUG - Extension directory hivemq-postgresql-extension (/opt/hivemq/extensions/hivemq-postgresql-extension) satisfies all required file-system permissions.
2025-01-28 23:53:53,583 INFO c.h.h.t.HelmChartContainer - [test-hivemq-platform] [hivemq] [64ccd8cf] DEBUG - Extension directory hivemq-enterprise-security-extension (/opt/hivemq/extensions/hivemq-enterprise-security-extension) satisfies all required file-system permissions.
2025-01-28 23:53:53,583 INFO c.h.h.t.HelmChartContainer - [test-hivemq-platform] [hivemq] [64ccd8cf] DEBUG - Extension directory hivemq-mysql-extension (/opt/hivemq/extensions/hivemq-mysql-extension) satisfies all required file-system permissions.
2025-01-28 23:53:53,583 INFO c.h.h.t.HelmChartContainer - [test-hivemq-platform] [hivemq] [64ccd8cf] DEBUG - Extension directory hivemq-bridge-extension (/opt/hivemq/extensions/hivemq-bridge-extension) satisfies all required file-system permissions.
2025-01-28 23:53:53,583 INFO c.h.h.t.HelmChartContainer - [test-hivemq-platform] [hivemq] [64ccd8cf] DEBUG - Extension directory hivemq-kafka-extension (/opt/hivemq/extensions/hivemq-kafka-extension) satisfies all required file-system permissions.
2025-01-28 23:53:53,583 INFO c.h.h.t.HelmChartContainer - [test-hivemq-platform] [hivemq] [64ccd8cf] DEBUG - Extension directory hivemq-distributed-tracing-extension (/opt/hivemq/extensions/hivemq-distributed-tracing-extension) satisfies all required file-system permissions.
2025-01-28 23:53:53,584 INFO c.h.h.t.HelmChartContainer - [test-hivemq-platform] [hivemq] [64ccd8cf] DEBUG - Extension directory hivemq-mongodb-extension (/opt/hivemq/extensions/hivemq-mongodb-extension) satisfies all required file-system permissions.
2025-01-28 23:53:53,584 INFO c.h.h.t.HelmChartContainer - [test-hivemq-platform] [hivemq] [64ccd8cf] DEBUG - Extension directory hivemq-data-lake-extension (/opt/hivemq/extensions/hivemq-data-lake-extension) satisfies all required file-system permissions.
2025-01-28 23:53:53,584 INFO c.h.h.t.HelmChartContainer - [test-hivemq-platform] [hivemq] [64ccd8cf] DEBUG - Extension directory hivemq-amazon-kinesis-extension (/opt/hivemq/extensions/hivemq-amazon-kinesis-extension) satisfies all required file-system permissions.
2025-01-28 23:53:53,584 INFO c.h.h.t.HelmChartContainer - [test-hivemq-platform] [hivemq] [64ccd8cf] DEBUG - Extension directory hivemq-microsoft-sql-server-extension (/opt/hivemq/extensions/hivemq-microsoft-sql-server-extension) satisfies all required file-system permissions.
2025-01-28 23:53:53,584 INFO c.h.h.t.HelmChartContainer - [test-hivemq-platform] [hivemq] [64ccd8cf] DEBUG - Temporary directory (/tmp) satisfies all required file-system permissions.
2025-01-28 23:53:53,668 INFO c.h.h.t.HelmChartContainer - [test-hivemq-platform] [hivemq] [64ccd8cf] DEBUG - Heap dump directory (/opt/hivemq) satisfies all required file-system permissions.
2025-01-28 23:53:53,672 INFO c.h.h.t.HelmChartContainer - [test-hivemq-platform] [hivemq] [64ccd8cf] DEBUG - Performed all sanity checks in 204ms. All sanity checks passed successfully.
2025-01-28 23:53:53,679 INFO c.h.h.t.HelmChartContainer - [test-hivemq-platform] [hivemq] [64ccd8cf] INFO  - This node's ID is So1yN
2025-01-28 23:53:53,679 INFO c.h.h.t.HelmChartContainer - [test-hivemq-platform] [hivemq] [64ccd8cf] INFO  - Clustering is enabled
2025-01-28 23:53:54,876 INFO c.h.h.t.HelmChartContainer - [test-hivemq-platform] [hivemq] [64ccd8cf] WARN  - [HiveMQ Platform Operator Init App 1.7.0-SNAPSHOT] Cannot connect to Health API for readiness: null
2025-01-28 23:53:54,880 INFO c.h.h.t.HelmChartContainer - [EVENT] Warning [Unhealthy] Readiness probe failed: HTTP probe failed with statuscode: 503 [helmcustomlogbackit:test-hivemq-platform-0]
2025-01-28 23:53:54,880 INFO c.h.h.t.HelmChartContainer - Received Unhealthy event for container hivemq in pod test-hivemq-platform-0 [64ccd8cf-e302-46d5-96cd-314ff1ae9ae8]
2025-01-28 23:53:57,676 INFO c.h.h.t.HelmChartContainer - [test-hivemq-platform] [hivemq] [64ccd8cf] DEBUG - Configured WriteBufferManager with size for memtables 232460124 and for the block cache 348690186
2025-01-28 23:53:57,677 INFO c.h.h.t.HelmChartContainer - [test-hivemq-platform] [hivemq] [64ccd8cf] DEBUG - Starting RocksDBMemoryUsageWatchdog.
2025-01-28 23:53:57,678 INFO c.h.h.t.HelmChartContainer - [test-hivemq-platform] [hivemq] [64ccd8cf] Jan 28, 2025 11:53:57 PM io.vertx.core.impl.BlockedThreadChecker
2025-01-28 23:53:57,678 INFO c.h.h.t.HelmChartContainer - [test-hivemq-platform] [hivemq] [64ccd8cf] WARNING: Thread Thread[vert.x-eventloop-thread-1,5,main] has been blocked for 2290 ms, time limit is 2000 ms
2025-01-28 23:53:57,765 INFO c.h.h.t.HelmChartContainer - [test-hivemq-platform] [hivemq] [64ccd8cf] DEBUG - RocksDBMemoryUsageWatchdog is running.
2025-01-28 23:53:58,169 INFO c.h.h.t.HelmChartContainer - [test-hivemq-platform] [hivemq] [64ccd8cf] DEBUG - Folder /opt/hivemq/data/persistence does not exist, trying to create it
2025-01-28 23:53:58,169 INFO c.h.h.t.HelmChartContainer - [test-hivemq-platform] [hivemq] [64ccd8cf] DEBUG - Created folder /opt/hivemq/data
2025-01-28 23:53:58,169 INFO c.h.h.t.HelmChartContainer - [test-hivemq-platform] [hivemq] [64ccd8cf] DEBUG - Folder /opt/hivemq/data/persistence/publish_payload_store/040500_R does not exist, trying to create it
2025-01-28 23:53:58,268 INFO c.h.h.t.HelmChartContainer - [test-hivemq-platform] [hivemq] [64ccd8cf] DEBUG - Folder /opt/hivemq/data/persistence/client_queue/042800_R does not exist, trying to create it
2025-01-28 23:53:58,271 INFO c.h.h.t.HelmChartContainer - [test-hivemq-platform] [hivemq] [64ccd8cf] DEBUG - Folder /opt/hivemq/data/persistence/client_session_store/040100_R does not exist, trying to create it
2025-01-28 23:53:58,276 INFO c.h.h.t.HelmChartContainer - [test-hivemq-platform] [hivemq] [64ccd8cf] DEBUG - Folder /opt/hivemq/data/persistence/retained_messages/040800_R does not exist, trying to create it
2025-01-28 23:53:58,277 INFO c.h.h.t.HelmChartContainer - [test-hivemq-platform] [hivemq] [64ccd8cf] DEBUG - Folder /opt/hivemq/data/persistence/client_session_subscriptions/043200_R does not exist, trying to create it
2025-01-28 23:53:58,369 INFO c.h.h.t.HelmChartContainer - [test-hivemq-platform] [hivemq] [64ccd8cf] DEBUG - Folder /opt/hivemq/data/persistence/attribute/043100_R does not exist, trying to create it
2025-01-28 23:53:58,370 INFO c.h.h.t.HelmChartContainer - [test-hivemq-platform] [hivemq] [64ccd8cf] DEBUG - Folder /opt/hivemq/data/persistence/incoming_message_flow/043000_R does not exist, trying to create it
2025-01-28 23:53:58,673 INFO c.h.h.t.HelmChartContainer - [test-hivemq-platform] [hivemq] [64ccd8cf] Jan 28, 2025 11:53:58 PM io.vertx.core.impl.BlockedThreadChecker
2025-01-28 23:53:58,675 INFO c.h.h.t.HelmChartContainer - [test-hivemq-platform] [hivemq] [64ccd8cf] WARNING: Thread Thread[vert.x-eventloop-thread-1,5,main] has been blocked for 3291 ms, time limit is 2000 ms
2025-01-28 23:53:58,678 INFO c.h.h.t.HelmChartContainer - [test-hivemq-platform] [hivemq] [64ccd8cf] INFO  - [HiveMQ Platform Operator Init App 1.7.0-SNAPSHOT] Updating Pod HiveMQ Platform Operator Init App version annotation (version: 1.7.0-SNAPSHOT)
2025-01-28 23:53:59,076 INFO c.h.h.t.HelmChartContainer - [test-hivemq-platform] [hivemq] [64ccd8cf] DEBUG - Folder /opt/hivemq/data/persistence/data_hub_modules/043000_R does not exist, trying to create it
2025-01-28 23:53:59,168 INFO c.h.h.t.HelmChartContainer - [test-hivemq-platform] [hivemq] [64ccd8cf] DEBUG - Folder /opt/hivemq/data/persistence/data_hub_schemas/042000_R does not exist, trying to create it
2025-01-28 23:53:59,170 INFO c.h.h.t.HelmChartContainer - [test-hivemq-platform] [hivemq] [64ccd8cf] DEBUG - Folder /opt/hivemq/data/persistence/data_hub_policies/042000_R does not exist, trying to create it
2025-01-28 23:53:59,174 INFO c.h.h.t.HelmChartContainer - [test-hivemq-platform] [hivemq] [64ccd8cf] DEBUG - Folder /opt/hivemq/data/persistence/data_hub_scripts/042300_R does not exist, trying to create it
2025-01-28 23:53:59,473 INFO c.h.h.t.HelmChartContainer - [test-hivemq-platform] [hivemq] [64ccd8cf] WARN  - [HiveMQ Platform Operator Init App 1.7.0-SNAPSHOT] Cannot connect to Health API for readiness: null
2025-01-28 23:53:59,479 INFO c.h.h.t.HelmChartContainer - [EVENT] Warning [Unhealthy] Readiness probe failed: HTTP probe failed with statuscode: 503 [helmcustomlogbackit:test-hivemq-platform-0]
2025-01-28 23:53:59,479 INFO c.h.h.t.HelmChartContainer - Received Unhealthy event for container hivemq in pod test-hivemq-platform-0 [64ccd8cf-e302-46d5-96cd-314ff1ae9ae8]
2025-01-28 23:53:59,686 INFO c.h.h.t.HelmChartContainer - [POD] test-hivemq-platform-0 [64ccd8cf-e302-46d5-96cd-314ff1ae9ae8] in helmcustomlogbackit was MODIFIED
2025-01-28 23:53:59,693 INFO c.h.h.t.HelmChartContainer - [hivemq-test-hivemq-platform] [hivemq-platform-operator] [e8e8d337] 23:53:59.689 [pool-6-thread-27] DEBUG c.h.p.o.d.PlatformServiceResource - [helmcust] Desired Platform services (3 services)
2025-01-28 23:53:59,693 INFO c.h.h.t.HelmChartContainer - [hivemq-test-hivemq-platform] [hivemq-platform-operator] [e8e8d337] 23:53:59.691 [pool-6-thread-25] DEBUG c.h.p.o.dependants.PodInfoConfigMap - [helmcust] Desired PodInfo ConfigMap (1 extensions) (1 enabled)
2025-01-28 23:53:59,693 INFO c.h.h.t.HelmChartContainer - [hivemq-test-hivemq-platform] [hivemq-platform-operator] [e8e8d337] 23:53:59.691 [pool-6-thread-25] DEBUG c.h.p.o.dependants.PodInfoConfigMap - [helmcust] Desired PodInfo ConfigMap (metrics port: 9399) (metrics path: /)
2025-01-28 23:53:59,693 INFO c.h.h.t.HelmChartContainer - [hivemq-test-hivemq-platform] [hivemq-platform-operator] [e8e8d337] 23:53:59.691 [pool-6-thread-25] DEBUG c.h.p.o.dependants.PodInfoConfigMap - [helmcust] Desired PodInfo ConfigMap (extension state hash: -1817474005)
2025-01-28 23:53:59,694 INFO c.h.h.t.HelmChartContainer - [hivemq-test-hivemq-platform] [hivemq-platform-operator] [e8e8d337] 23:53:59.693 [pool-6-thread-29] DEBUG c.h.p.o.d.PodServiceAccountResource - [helmcust] Desired PodServiceAccountResource (serviceAccountName: hivemq-platform-pod-test-hivemq-platform)
2025-01-28 23:53:59,702 INFO c.h.h.t.HelmChartContainer - [hivemq-test-hivemq-platform] [hivemq-platform-operator] [e8e8d337] 23:53:59.701 [pool-6-thread-27] DEBUG c.h.p.o.d.StatefulSetResource - [helmcust] Desired StatefulSet (1 replicas) for status STARTING (READY)
2025-01-28 23:53:59,767 INFO c.h.h.t.HelmChartContainer - [test-hivemq-platform] [hivemq] [64ccd8cf] WARN  - [HiveMQ Platform Operator Init App 1.7.0-SNAPSHOT] Cannot connect to Health API for readiness: null
2025-01-28 23:53:59,772 INFO c.h.h.t.HelmChartContainer - [EVENT] Warning [Unhealthy] Readiness probe failed: HTTP probe failed with statuscode: 503 [helmcustomlogbackit:test-hivemq-platform-0]
2025-01-28 23:53:59,773 INFO c.h.h.t.HelmChartContainer - Received Unhealthy event for container hivemq in pod test-hivemq-platform-0 [64ccd8cf-e302-46d5-96cd-314ff1ae9ae8]
2025-01-28 23:53:59,785 INFO c.h.h.t.HelmChartContainer - [hivemq-test-hivemq-platform] [hivemq-platform-operator] [e8e8d337] 23:53:59.778 [ReconcilerExecutor-hivemq-controller-110] INFO  c.h.p.o.HiveMQPlatformReconciler - [helmcust] Reconciling HiveMQ Platform 'test-hivemq-platform' in namespace 'helmcustomlogbackit'
2025-01-28 23:53:59,786 INFO c.h.h.t.HelmChartContainer - [hivemq-test-hivemq-platform] [hivemq-platform-operator] [e8e8d337] 23:53:59.779 [ReconcilerExecutor-hivemq-controller-110] DEBUG c.h.p.o.HiveMQPlatformReconciler - [helmcust] Custom Resource Status STARTING - HiveMQ Platform is starting (READY)
2025-01-28 23:53:59,786 INFO c.h.h.t.HelmChartContainer - [hivemq-test-hivemq-platform] [hivemq-platform-operator] [e8e8d337] 23:53:59.779 [ReconcilerExecutor-hivemq-controller-110] DEBUG c.h.p.o.HiveMQPlatformReconciler - [helmcust] Custom Resource Spec (replicas: 1) (extensions: 1)
2025-01-28 23:53:59,786 INFO c.h.h.t.HelmChartContainer - [hivemq-test-hivemq-platform] [hivemq-platform-operator] [e8e8d337] 23:53:59.782 [ReconcilerExecutor-hivemq-controller-110] DEBUG c.h.p.o.HiveMQPlatformReconciler - [helmcust] StatefulSet Status (revision: test-hivemq-platform-989b74cd6, replicas: 1, available: 0, ready: 0, current: 1, updated: 1)
2025-01-28 23:53:59,786 INFO c.h.h.t.HelmChartContainer - [hivemq-test-hivemq-platform] [hivemq-platform-operator] [e8e8d337] 23:53:59.782 [ReconcilerExecutor-hivemq-controller-110] DEBUG c.h.p.o.HiveMQPlatformReconciler - [helmcust] StatefulSet Spec (replicas: 1, init containers: 1, containers: 1, volumes: 3)
2025-01-28 23:53:59,786 INFO c.h.h.t.HelmChartContainer - [hivemq-test-hivemq-platform] [hivemq-platform-operator] [e8e8d337] 23:53:59.783 [ReconcilerExecutor-hivemq-controller-110] DEBUG c.h.p.o.h.HiveMQPlatformReconcilerErrorHandler - [helmcust] Pod 'test-hivemq-platform-0' phase Running
2025-01-28 23:53:59,786 INFO c.h.h.t.HelmChartContainer - [hivemq-test-hivemq-platform] [hivemq-platform-operator] [e8e8d337] 23:53:59.784 [ReconcilerExecutor-hivemq-controller-110] INFO  c.h.p.o.h.HiveMQPlatformReconcilerBaseHandler - [helmcust] HiveMQ Platform is starting, 0 of 1 replicas are ready
2025-01-28 23:53:59,868 INFO c.h.h.t.HelmChartContainer - [test-hivemq-platform] [hivemq] [64ccd8cf] INFO  - [HiveMQ Platform Operator Init App 1.7.0-SNAPSHOT] Successfully updated Pod HiveMQ Platform Operator Init App version annotation (version: 1.7.0-SNAPSHOT)
2025-01-28 23:54:04,682 INFO c.h.h.t.HelmChartContainer - [test-hivemq-platform] [hivemq] [64ccd8cf] WARN  - [HiveMQ Platform Operator Init App 1.7.0-SNAPSHOT] Cannot connect to Health API for readiness: null
2025-01-28 23:54:04,689 INFO c.h.h.t.HelmChartContainer - [EVENT] Warning [Unhealthy] Readiness probe failed: HTTP probe failed with statuscode: 503 [helmcustomlogbackit:test-hivemq-platform-0]
2025-01-28 23:54:04,689 INFO c.h.h.t.HelmChartContainer - Received Unhealthy event for container hivemq in pod test-hivemq-platform-0 [64ccd8cf-e302-46d5-96cd-314ff1ae9ae8]
2025-01-28 23:54:06,585 INFO c.h.h.t.HelmChartContainer - [test-hivemq-platform] [hivemq] [64ccd8cf] DEBUG - Diagnostic mode is disabled
2025-01-28 23:54:09,467 INFO c.h.h.t.HelmChartContainer - [test-hivemq-platform] [hivemq] [64ccd8cf] WARN  - [HiveMQ Platform Operator Init App 1.7.0-SNAPSHOT] Cannot connect to Health API for liveness: null
2025-01-28 23:54:09,467 INFO c.h.h.t.HelmChartContainer - [test-hivemq-platform] [hivemq] [64ccd8cf] INFO  - [HiveMQ Platform Operator Init App 1.7.0-SNAPSHOT] Returning default Health API response 200 for liveness
2025-01-28 23:54:09,768 INFO c.h.h.t.HelmChartContainer - [test-hivemq-platform] [hivemq] [64ccd8cf] WARN  - [HiveMQ Platform Operator Init App 1.7.0-SNAPSHOT] Cannot connect to Health API for readiness: null
2025-01-28 23:54:09,773 INFO c.h.h.t.HelmChartContainer - [EVENT] Warning [Unhealthy] Readiness probe failed: HTTP probe failed with statuscode: 503 [helmcustomlogbackit:test-hivemq-platform-0]
2025-01-28 23:54:09,773 INFO c.h.h.t.HelmChartContainer - Received Unhealthy event for container hivemq in pod test-hivemq-platform-0 [64ccd8cf-e302-46d5-96cd-314ff1ae9ae8]
2025-01-28 23:54:09,791 INFO c.h.h.t.HelmChartContainer - [hivemq-test-hivemq-platform] [hivemq-platform-operator] [e8e8d337] 23:54:09.787 [pool-6-thread-36] DEBUG c.h.p.o.d.PlatformServiceResource - [helmcust] Desired Platform services (3 services)
2025-01-28 23:54:09,792 INFO c.h.h.t.HelmChartContainer - [hivemq-test-hivemq-platform] [hivemq-platform-operator] [e8e8d337] 23:54:09.788 [pool-6-thread-35] DEBUG c.h.p.o.dependants.PodInfoConfigMap - [helmcust] Desired PodInfo ConfigMap (1 extensions) (1 enabled)
2025-01-28 23:54:09,792 INFO c.h.h.t.HelmChartContainer - [hivemq-test-hivemq-platform] [hivemq-platform-operator] [e8e8d337] 23:54:09.788 [pool-6-thread-35] DEBUG c.h.p.o.dependants.PodInfoConfigMap - [helmcust] Desired PodInfo ConfigMap (metrics port: 9399) (metrics path: /)
2025-01-28 23:54:09,792 INFO c.h.h.t.HelmChartContainer - [hivemq-test-hivemq-platform] [hivemq-platform-operator] [e8e8d337] 23:54:09.788 [pool-6-thread-35] DEBUG c.h.p.o.dependants.PodInfoConfigMap - [helmcust] Desired PodInfo ConfigMap (extension state hash: -1817474005)
2025-01-28 23:54:09,792 INFO c.h.h.t.HelmChartContainer - [hivemq-test-hivemq-platform] [hivemq-platform-operator] [e8e8d337] 23:54:09.789 [pool-6-thread-31] DEBUG c.h.p.o.d.PodServiceAccountResource - [helmcust] Desired PodServiceAccountResource (serviceAccountName: hivemq-platform-pod-test-hivemq-platform)
2025-01-28 23:54:09,795 INFO c.h.h.t.HelmChartContainer - [hivemq-test-hivemq-platform] [hivemq-platform-operator] [e8e8d337] 23:54:09.794 [pool-6-thread-36] DEBUG c.h.p.o.d.StatefulSetResource - [helmcust] Desired StatefulSet (1 replicas) for status STARTING (READY)
2025-01-28 23:54:09,798 INFO c.h.h.t.HelmChartContainer - [hivemq-test-hivemq-platform] [hivemq-platform-operator] [e8e8d337] 23:54:09.798 [ReconcilerExecutor-hivemq-controller-111] INFO  c.h.p.o.HiveMQPlatformReconciler - [helmcust] Reconciling HiveMQ Platform 'test-hivemq-platform' in namespace 'helmcustomlogbackit'
2025-01-28 23:54:09,800 INFO c.h.h.t.HelmChartContainer - [hivemq-test-hivemq-platform] [hivemq-platform-operator] [e8e8d337] 23:54:09.798 [ReconcilerExecutor-hivemq-controller-111] DEBUG c.h.p.o.HiveMQPlatformReconciler - [helmcust] Custom Resource Status STARTING - HiveMQ Platform is starting (READY)
2025-01-28 23:54:09,800 INFO c.h.h.t.HelmChartContainer - [hivemq-test-hivemq-platform] [hivemq-platform-operator] [e8e8d337] 23:54:09.798 [ReconcilerExecutor-hivemq-controller-111] DEBUG c.h.p.o.HiveMQPlatformReconciler - [helmcust] Custom Resource Spec (replicas: 1) (extensions: 1)
2025-01-28 23:54:09,801 INFO c.h.h.t.HelmChartContainer - [hivemq-test-hivemq-platform] [hivemq-platform-operator] [e8e8d337] 23:54:09.799 [ReconcilerExecutor-hivemq-controller-111] DEBUG c.h.p.o.HiveMQPlatformReconciler - [helmcust] StatefulSet Status (revision: test-hivemq-platform-989b74cd6, replicas: 1, available: 0, ready: 0, current: 1, updated: 1)
2025-01-28 23:54:09,801 INFO c.h.h.t.HelmChartContainer - [hivemq-test-hivemq-platform] [hivemq-platform-operator] [e8e8d337] 23:54:09.799 [ReconcilerExecutor-hivemq-controller-111] DEBUG c.h.p.o.HiveMQPlatformReconciler - [helmcust] StatefulSet Spec (replicas: 1, init containers: 1, containers: 1, volumes: 3)
2025-01-28 23:54:09,802 INFO c.h.h.t.HelmChartContainer - [hivemq-test-hivemq-platform] [hivemq-platform-operator] [e8e8d337] 23:54:09.801 [ReconcilerExecutor-hivemq-controller-111] DEBUG c.h.p.o.h.HiveMQPlatformReconcilerErrorHandler - [helmcust] Pod 'test-hivemq-platform-0' phase Running
2025-01-28 23:54:09,803 INFO c.h.h.t.HelmChartContainer - [hivemq-test-hivemq-platform] [hivemq-platform-operator] [e8e8d337] 23:54:09.801 [ReconcilerExecutor-hivemq-controller-111] INFO  c.h.p.o.h.HiveMQPlatformReconcilerBaseHandler - [helmcust] HiveMQ Platform is starting, 0 of 1 replicas are ready
2025-01-28 23:54:12,570 INFO c.h.h.t.HelmChartContainer - [test-hivemq-platform] [hivemq] [64ccd8cf] INFO  - No valid license file found. Using trial license, restricted to 25 connections.
2025-01-28 23:54:12,984 INFO c.h.h.t.HelmChartContainer - [test-hivemq-platform] [hivemq] [64ccd8cf] DEBUG - Native Epoll is available on this platform
2025-01-28 23:54:13,072 INFO c.h.h.t.HelmChartContainer - [test-hivemq-platform] [hivemq] [64ccd8cf] DEBUG - Set extension executor thread pool size to 1
2025-01-28 23:54:13,072 INFO c.h.h.t.HelmChartContainer - [test-hivemq-platform] [hivemq] [64ccd8cf] DEBUG - Set extension executor thread pool keep-alive to 30 seconds
2025-01-28 23:54:13,078 INFO c.h.h.t.HelmChartContainer - [test-hivemq-platform] [hivemq] [64ccd8cf] DEBUG - initializing RSA key
2025-01-28 23:54:14,380 INFO c.h.h.t.HelmChartContainer - [test-hivemq-platform] [hivemq] [64ccd8cf] DEBUG - finished initializing RSA key in 1302ms
2025-01-28 23:54:14,732 INFO c.h.h.t.HelmChartContainer - [test-hivemq-platform] [hivemq] [64ccd8cf] WARN  - [HiveMQ Platform Operator Init App 1.7.0-SNAPSHOT] Cannot connect to Health API for readiness: null
2025-01-28 23:54:14,769 INFO c.h.h.t.HelmChartContainer - [EVENT] Warning [Unhealthy] Readiness probe failed: HTTP probe failed with statuscode: 503 [helmcustomlogbackit:test-hivemq-platform-0]
2025-01-28 23:54:14,769 INFO c.h.h.t.HelmChartContainer - Received Unhealthy event for container hivemq in pod test-hivemq-platform-0 [64ccd8cf-e302-46d5-96cd-314ff1ae9ae8]
2025-01-28 23:54:15,666 INFO c.h.h.t.HelmChartContainer - [test-hivemq-platform] [hivemq] [64ccd8cf] DEBUG - Unable to provide size and free metrics for disk /dev/sdb: Could not find the corresponding FileStore (OSHI/Java).
2025-01-28 23:54:15,666 INFO c.h.h.t.HelmChartContainer - [test-hivemq-platform] [hivemq] [64ccd8cf] DEBUG - Unable to provide size and free metrics for disk /dev/sda: Could not find the corresponding FileStore (OSHI/Java).
2025-01-28 23:54:15,667 INFO c.h.h.t.HelmChartContainer - [test-hivemq-platform] [hivemq] [64ccd8cf] DEBUG - Throttling incoming traffic to 0 B/s
2025-01-28 23:54:15,669 INFO c.h.h.t.HelmChartContainer - [test-hivemq-platform] [hivemq] [64ccd8cf] DEBUG - Throttling outgoing traffic to 0 B/s
2025-01-28 23:54:15,783 INFO c.h.h.t.HelmChartContainer - [test-hivemq-platform] [hivemq] [64ccd8cf] INFO  - No valid license file for Data Hub found. Using free license, restricted to 1 policy.
2025-01-28 23:54:15,868 INFO c.h.h.t.HelmChartContainer - [test-hivemq-platform] [hivemq] [64ccd8cf] DEBUG - Building initial topic tree
2025-01-28 23:54:16,076 INFO c.h.h.t.HelmChartContainer - [test-hivemq-platform] [hivemq] [64ccd8cf] DEBUG - Started JMX Metrics Reporting.
2025-01-28 23:54:16,171 INFO c.h.h.t.HelmChartContainer - [test-hivemq-platform] [hivemq] [64ccd8cf] DEBUG - Registered JVM metrics with prefix com.hivemq.jvm.
2025-01-28 23:54:16,176 INFO c.h.h.t.HelmChartContainer - [test-hivemq-platform] [hivemq] [64ccd8cf] DEBUG - Registered HiveMQ Health API metrics.
2025-01-28 23:54:17,091 INFO c.h.h.t.HelmChartContainer - [test-hivemq-platform] [hivemq] [64ccd8cf] INFO  - Audit Logger started.
2025-01-28 23:54:17,378 INFO c.h.h.t.HelmChartContainer - [test-hivemq-platform] [hivemq] [64ccd8cf] INFO  - This node uses '1' CPU cores.
2025-01-28 23:54:17,382 INFO c.h.h.t.HelmChartContainer - [test-hivemq-platform] [hivemq] [64ccd8cf] INFO  - Starting HiveMQ Health API on address 0.0.0.0 and port 8889
2025-01-28 23:54:18,176 INFO c.h.h.t.HelmChartContainer - [test-hivemq-platform] [hivemq] [64ccd8cf] INFO  - Started HiveMQ Health API in 793ms
2025-01-28 23:54:18,785 INFO c.h.h.t.HelmChartContainer - [test-hivemq-platform] [hivemq] [64ccd8cf] INFO  - Starting HiveMQ extension system.
2025-01-28 23:54:19,073 INFO c.h.h.t.HelmChartContainer - [test-hivemq-platform] [hivemq] [64ccd8cf] INFO  - Starting extension with id "hivemq-dns-cluster-discovery" at /opt/hivemq/extensions/hivemq-dns-cluster-discovery
2025-01-28 23:54:19,267 INFO c.h.h.t.HelmChartContainer - [test-hivemq-platform] [hivemq] [64ccd8cf] DEBUG - HiveMQ DNS Cluster Discovery Extension: No DNS server address was set in the configuration file or environment variable.
2025-01-28 23:54:19,270 INFO c.h.h.t.HelmChartContainer - [test-hivemq-platform] [hivemq] [64ccd8cf] DEBUG - HiveMQ DNS Cluster Discovery Extension: No reload interval was set in the configuration file or environment variable. Defaulting to 30.
2025-01-28 23:54:19,567 INFO c.h.h.t.HelmChartContainer - [test-hivemq-platform] [hivemq] [64ccd8cf] INFO  - Using TCP cluster transport on address 10.42.0.9 and port 7000
2025-01-28 23:54:19,572 INFO c.h.h.t.HelmChartContainer - [test-hivemq-platform] [hivemq] [64ccd8cf] INFO  - Using extension cluster discovery
2025-01-28 23:54:19,670 INFO c.h.h.t.HelmChartContainer - [test-hivemq-platform] [hivemq] [64ccd8cf] INFO  - Extension "DNS Cluster Discovery Extension" version 4.3.2 started successfully.
2025-01-28 23:54:19,670 INFO c.h.h.t.HelmChartContainer - [test-hivemq-platform] [hivemq] [64ccd8cf] INFO  - Starting extension with id "hivemq-prometheus-extension" at /opt/hivemq/extensions/hivemq-prometheus-extension
2025-01-28 23:54:19,807 INFO c.h.h.t.HelmChartContainer - [hivemq-test-hivemq-platform] [hivemq-platform-operator] [e8e8d337] 23:54:19.805 [pool-6-thread-47] DEBUG c.h.p.o.d.PlatformServiceResource - [helmcust] Desired Platform services (3 services)
2025-01-28 23:54:19,808 INFO c.h.h.t.HelmChartContainer - [hivemq-test-hivemq-platform] [hivemq-platform-operator] [e8e8d337] 23:54:19.806 [pool-6-thread-41] DEBUG c.h.p.o.dependants.PodInfoConfigMap - [helmcust] Desired PodInfo ConfigMap (1 extensions) (1 enabled)
2025-01-28 23:54:19,809 INFO c.h.h.t.HelmChartContainer - [hivemq-test-hivemq-platform] [hivemq-platform-operator] [e8e8d337] 23:54:19.807 [pool-6-thread-45] DEBUG c.h.p.o.d.PodServiceAccountResource - [helmcust] Desired PodServiceAccountResource (serviceAccountName: hivemq-platform-pod-test-hivemq-platform)
2025-01-28 23:54:19,810 INFO c.h.h.t.HelmChartContainer - [hivemq-test-hivemq-platform] [hivemq-platform-operator] [e8e8d337] 23:54:19.809 [pool-6-thread-41] DEBUG c.h.p.o.dependants.PodInfoConfigMap - [helmcust] Desired PodInfo ConfigMap (metrics port: 9399) (metrics path: /)
2025-01-28 23:54:19,811 INFO c.h.h.t.HelmChartContainer - [hivemq-test-hivemq-platform] [hivemq-platform-operator] [e8e8d337] 23:54:19.810 [pool-6-thread-41] DEBUG c.h.p.o.dependants.PodInfoConfigMap - [helmcust] Desired PodInfo ConfigMap (extension state hash: -1817474005)
2025-01-28 23:54:19,816 INFO c.h.h.t.HelmChartContainer - [hivemq-test-hivemq-platform] [hivemq-platform-operator] [e8e8d337] 23:54:19.815 [pool-6-thread-43] DEBUG c.h.p.o.d.StatefulSetResource - [helmcust] Desired StatefulSet (1 replicas) for status STARTING (READY)
2025-01-28 23:54:19,881 INFO c.h.h.t.HelmChartContainer - [hivemq-test-hivemq-platform] [hivemq-platform-operator] [e8e8d337] 23:54:19.879 [ReconcilerExecutor-hivemq-controller-112] INFO  c.h.p.o.HiveMQPlatformReconciler - [helmcust] Reconciling HiveMQ Platform 'test-hivemq-platform' in namespace 'helmcustomlogbackit'
2025-01-28 23:54:19,881 INFO c.h.h.t.HelmChartContainer - [hivemq-test-hivemq-platform] [hivemq-platform-operator] [e8e8d337] 23:54:19.879 [ReconcilerExecutor-hivemq-controller-112] DEBUG c.h.p.o.HiveMQPlatformReconciler - [helmcust] Custom Resource Status STARTING - HiveMQ Platform is starting (READY)
2025-01-28 23:54:19,881 INFO c.h.h.t.HelmChartContainer - [hivemq-test-hivemq-platform] [hivemq-platform-operator] [e8e8d337] 23:54:19.879 [ReconcilerExecutor-hivemq-controller-112] DEBUG c.h.p.o.HiveMQPlatformReconciler - [helmcust] Custom Resource Spec (replicas: 1) (extensions: 1)
2025-01-28 23:54:19,884 INFO c.h.h.t.HelmChartContainer - [hivemq-test-hivemq-platform] [hivemq-platform-operator] [e8e8d337] 23:54:19.882 [ReconcilerExecutor-hivemq-controller-112] DEBUG c.h.p.o.HiveMQPlatformReconciler - [helmcust] StatefulSet Status (revision: test-hivemq-platform-989b74cd6, replicas: 1, available: 0, ready: 0, current: 1, updated: 1)
2025-01-28 23:54:19,884 INFO c.h.h.t.HelmChartContainer - [hivemq-test-hivemq-platform] [hivemq-platform-operator] [e8e8d337] 23:54:19.882 [ReconcilerExecutor-hivemq-controller-112] DEBUG c.h.p.o.HiveMQPlatformReconciler - [helmcust] StatefulSet Spec (replicas: 1, init containers: 1, containers: 1, volumes: 3)
2025-01-28 23:54:19,885 INFO c.h.h.t.HelmChartContainer - [hivemq-test-hivemq-platform] [hivemq-platform-operator] [e8e8d337] 23:54:19.885 [ReconcilerExecutor-hivemq-controller-112] DEBUG c.h.p.o.h.HiveMQPlatformReconcilerErrorHandler - [helmcust] Pod 'test-hivemq-platform-0' phase Running
2025-01-28 23:54:19,886 INFO c.h.h.t.HelmChartContainer - [hivemq-test-hivemq-platform] [hivemq-platform-operator] [e8e8d337] 23:54:19.886 [ReconcilerExecutor-hivemq-controller-112] INFO  c.h.p.o.h.HiveMQPlatformReconcilerBaseHandler - [helmcust] HiveMQ Platform is starting, 0 of 1 replicas are ready
2025-01-28 23:54:20,723 INFO c.h.h.t.HelmChartContainer - [EVENT] Warning [Unhealthy] Readiness probe failed: Get "http://10.42.0.9:7979/readiness": context deadline exceeded (Client.Timeout exceeded while awaiting headers) [helmcustomlogbackit:test-hivemq-platform-0]
2025-01-28 23:54:20,723 INFO c.h.h.t.HelmChartContainer - Received Unhealthy event for container hivemq in pod test-hivemq-platform-0 [64ccd8cf-e302-46d5-96cd-314ff1ae9ae8]
2025-01-28 23:54:20,773 INFO c.h.h.t.HelmChartContainer - [test-hivemq-platform] [hivemq] [64ccd8cf] INFO  - Started Jetty Server exposing Prometheus Servlet on URI http://0.0.0.0:9399/
2025-01-28 23:54:20,775 INFO c.h.h.t.HelmChartContainer - [test-hivemq-platform] [hivemq] [64ccd8cf] INFO  - Extension "Prometheus Monitoring Extension" version 4.0.12 started successfully.
2025-01-28 23:54:20,775 INFO c.h.h.t.HelmChartContainer - [test-hivemq-platform] [hivemq] [64ccd8cf] INFO  - Starting extension with id "hivemq-allow-all-extension" at /opt/hivemq/extensions/hivemq-allow-all-extension
2025-01-28 23:54:20,775 INFO c.h.h.t.HelmChartContainer - [test-hivemq-platform] [hivemq] [64ccd8cf] WARN  - 
2025-01-28 23:54:20,775 INFO c.h.h.t.HelmChartContainer - [test-hivemq-platform] [hivemq] [64ccd8cf] ################################################################################################################
2025-01-28 23:54:20,775 INFO c.h.h.t.HelmChartContainer - [test-hivemq-platform] [hivemq] [64ccd8cf] # This HiveMQ deployment is not secure! You are lacking Authentication and Authorization.                      #
2025-01-28 23:54:20,775 INFO c.h.h.t.HelmChartContainer - [test-hivemq-platform] [hivemq] [64ccd8cf] # Right now any MQTT client can connect to the broker with a full set of permissions.                          #
2025-01-28 23:54:20,776 INFO c.h.h.t.HelmChartContainer - [test-hivemq-platform] [hivemq] [64ccd8cf] # For production usage, add an appropriate security extension and remove the hivemq-allow-all extension.       #
2025-01-28 23:54:20,776 INFO c.h.h.t.HelmChartContainer - [test-hivemq-platform] [hivemq] [64ccd8cf] # You can download security extensions from the HiveMQ Marketplace (https://www.hivemq.com/extensions/).       #
2025-01-28 23:54:20,776 INFO c.h.h.t.HelmChartContainer - [test-hivemq-platform] [hivemq] [64ccd8cf] ################################################################################################################
2025-01-28 23:54:20,831 INFO c.h.h.t.HelmChartContainer - [test-hivemq-platform] [hivemq] [64ccd8cf] DEBUG - Simple authenticator added by extension 'hivemq-allow-all-extension'.
2025-01-28 23:54:20,832 INFO c.h.h.t.HelmChartContainer - [test-hivemq-platform] [hivemq] [64ccd8cf] INFO  - Extension "Allow All Extension" version 1.1.1 started successfully.
2025-01-28 23:54:21,169 INFO c.h.h.t.HelmChartContainer - [test-hivemq-platform] [hivemq] [64ccd8cf] INFO  - [HiveMQ Platform Operator Init App 1.7.0-SNAPSHOT] Returning Health API response 503 for readiness
2025-01-28 23:54:21,180 INFO c.h.h.t.HelmChartContainer - [test-hivemq-platform] [hivemq] [64ccd8cf] DEBUG - HiveMQ DNS Cluster Discovery Extension: Discovered new address '10.42.0.9'.
2025-01-28 23:54:23,233 INFO c.h.h.t.HelmChartContainer - [test-hivemq-platform] [hivemq] [64ccd8cf] INFO  - So1yN: no members discovered after 2863 ms: creating cluster as first member
2025-01-28 23:54:23,239 INFO c.h.h.t.HelmChartContainer - [test-hivemq-platform] [hivemq] [64ccd8cf] INFO  - Cluster nodes found by discovery: [So1yN|0] (1) [So1yN].
2025-01-28 23:54:23,241 INFO c.h.h.t.HelmChartContainer - [test-hivemq-platform] [hivemq] [64ccd8cf] DEBUG - State of node So1yN changed to UNKNOWN was null. Current cluster node states: {So1yN=UNKNOWN}
2025-01-28 23:54:23,335 INFO c.h.h.t.HelmChartContainer - [test-hivemq-platform] [hivemq] [64ccd8cf] DEBUG - State of node So1yN set to RUNNING. Current cluster node states: {So1yN=RUNNING}
2025-01-28 23:54:23,336 INFO c.h.h.t.HelmChartContainer - [test-hivemq-platform] [hivemq] [64ccd8cf] WARN  - No user for HiveMQ Control Center configured. Starting with default user
2025-01-28 23:54:23,337 INFO c.h.h.t.HelmChartContainer - [test-hivemq-platform] [hivemq] [64ccd8cf] INFO  - Starting HiveMQ Control Center on address 0.0.0.0 and port 8080
2025-01-28 23:54:23,344 INFO c.h.h.t.HelmChartContainer - [test-hivemq-platform] [hivemq] [64ccd8cf] INFO  - Mounting HiveMQ Control Center V2 Preview
2025-01-28 23:54:23,943 INFO c.h.h.t.HelmChartContainer - [test-hivemq-platform] [hivemq] [64ccd8cf] INFO  - Started HiveMQ Control Center in 606ms
2025-01-28 23:54:24,035 INFO c.h.h.t.HelmChartContainer - [test-hivemq-platform] [hivemq] [64ccd8cf] INFO  - Starting TCP listener on address 0.0.0.0 and port 1883
2025-01-28 23:54:24,050 INFO c.h.h.t.HelmChartContainer - [test-hivemq-platform] [hivemq] [64ccd8cf] INFO  - Started TCP Listener on address 0.0.0.0 and on port 1883.
2025-01-28 23:54:24,051 INFO c.h.h.t.HelmChartContainer - [test-hivemq-platform] [hivemq] [64ccd8cf] INFO  - Started HiveMQ in 33070ms
2025-01-28 23:54:24,685 INFO c.h.h.t.HelmChartContainer - [test-hivemq-platform] [hivemq] [64ccd8cf] INFO  - [HiveMQ Platform Operator Init App 1.7.0-SNAPSHOT] Returning Health API response 200 for readiness
2025-01-28 23:54:24,699 INFO c.h.h.t.HelmChartContainer - [POD] test-hivemq-platform-0 [64ccd8cf-e302-46d5-96cd-314ff1ae9ae8] in helmcustomlogbackit was MODIFIED
2025-01-28 23:54:24,711 INFO c.h.h.t.HelmChartContainer - [hivemq-test-hivemq-platform] [hivemq-platform-operator] [e8e8d337] 23:54:24.708 [pool-6-thread-2] DEBUG c.h.p.o.dependants.PodInfoConfigMap - [helmcust] Desired PodInfo ConfigMap (1 extensions) (1 enabled)
2025-01-28 23:54:24,718 INFO c.h.h.t.HelmChartContainer - [hivemq-test-hivemq-platform] [hivemq-platform-operator] [e8e8d337] 23:54:24.710 [pool-6-thread-10] DEBUG c.h.p.o.d.PodServiceAccountResource - [helmcust] Desired PodServiceAccountResource (serviceAccountName: hivemq-platform-pod-test-hivemq-platform)
2025-01-28 23:54:24,718 INFO c.h.h.t.HelmChartContainer - [hivemq-test-hivemq-platform] [hivemq-platform-operator] [e8e8d337] 23:54:24.710 [pool-6-thread-1] DEBUG c.h.p.o.d.PlatformServiceResource - [helmcust] Desired Platform services (3 services)
2025-01-28 23:54:24,726 INFO c.h.h.t.HelmChartContainer - [hivemq-test-hivemq-platform] [hivemq-platform-operator] [e8e8d337] 23:54:24.710 [pool-6-thread-2] DEBUG c.h.p.o.dependants.PodInfoConfigMap - [helmcust] Desired PodInfo ConfigMap (metrics port: 9399) (metrics path: /)
2025-01-28 23:54:24,726 INFO c.h.h.t.HelmChartContainer - [hivemq-test-hivemq-platform] [hivemq-platform-operator] [e8e8d337] 23:54:24.712 [pool-6-thread-2] DEBUG c.h.p.o.dependants.PodInfoConfigMap - [helmcust] Desired PodInfo ConfigMap (extension state hash: -1817474005)
2025-01-28 23:54:24,726 INFO c.h.h.t.HelmChartContainer - [hivemq-test-hivemq-platform] [hivemq-platform-operator] [e8e8d337] 23:54:24.720 [pool-6-thread-7] DEBUG c.h.p.o.d.StatefulSetResource - [helmcust] Desired StatefulSet (1 replicas) for status STARTING (READY)
2025-01-28 23:54:24,730 INFO c.h.h.t.HelmChartContainer - [hivemq-test-hivemq-platform] [hivemq-platform-operator] [e8e8d337] 23:54:24.726 [ReconcilerExecutor-hivemq-controller-113] INFO  c.h.p.o.HiveMQPlatformReconciler - [helmcust] Reconciling HiveMQ Platform 'test-hivemq-platform' in namespace 'helmcustomlogbackit'
2025-01-28 23:54:24,731 INFO c.h.h.t.HelmChartContainer - [hivemq-test-hivemq-platform] [hivemq-platform-operator] [e8e8d337] 23:54:24.727 [ReconcilerExecutor-hivemq-controller-113] DEBUG c.h.p.o.HiveMQPlatformReconciler - [helmcust] Custom Resource Status STARTING - HiveMQ Platform is starting (READY)
2025-01-28 23:54:24,731 INFO c.h.h.t.HelmChartContainer - [hivemq-test-hivemq-platform] [hivemq-platform-operator] [e8e8d337] 23:54:24.727 [ReconcilerExecutor-hivemq-controller-113] DEBUG c.h.p.o.HiveMQPlatformReconciler - [helmcust] Custom Resource Spec (replicas: 1) (extensions: 1)
2025-01-28 23:54:24,731 INFO c.h.h.t.HelmChartContainer - [hivemq-test-hivemq-platform] [hivemq-platform-operator] [e8e8d337] 23:54:24.729 [ReconcilerExecutor-hivemq-controller-113] DEBUG c.h.p.o.HiveMQPlatformReconciler - [helmcust] StatefulSet Status (revision: test-hivemq-platform-989b74cd6, replicas: 1, available: 0, ready: 0, current: 1, updated: 1)
2025-01-28 23:54:24,731 INFO c.h.h.t.HelmChartContainer - [hivemq-test-hivemq-platform] [hivemq-platform-operator] [e8e8d337] 23:54:24.729 [ReconcilerExecutor-hivemq-controller-113] DEBUG c.h.p.o.HiveMQPlatformReconciler - [helmcust] StatefulSet Spec (replicas: 1, init containers: 1, containers: 1, volumes: 3)
2025-01-28 23:54:24,732 INFO c.h.h.t.HelmChartContainer - [hivemq-test-hivemq-platform] [hivemq-platform-operator] [e8e8d337] 23:54:24.730 [ReconcilerExecutor-hivemq-controller-113] DEBUG c.h.p.o.h.HiveMQPlatformReconcilerErrorHandler - [helmcust] Pod 'test-hivemq-platform-0' phase Running
2025-01-28 23:54:24,733 INFO c.h.h.t.HelmChartContainer - [hivemq-test-hivemq-platform] [hivemq-platform-operator] [e8e8d337] 23:54:24.732 [ReconcilerExecutor-hivemq-controller-113] INFO  c.h.p.o.h.HiveMQPlatformReconcilerBaseHandler - [helmcust] HiveMQ Platform is starting, 0 of 1 replicas are ready
2025-01-28 23:54:24,786 INFO c.h.h.t.HelmChartContainer - [hivemq-test-hivemq-platform] [hivemq-platform-operator] [e8e8d337] 23:54:24.783 [pool-6-thread-14] DEBUG c.h.p.o.dependants.PodInfoConfigMap - [helmcust] Desired PodInfo ConfigMap (1 extensions) (1 enabled)
2025-01-28 23:54:24,787 INFO c.h.h.t.HelmChartContainer - [hivemq-test-hivemq-platform] [hivemq-platform-operator] [e8e8d337] 23:54:24.784 [pool-6-thread-14] DEBUG c.h.p.o.dependants.PodInfoConfigMap - [helmcust] Desired PodInfo ConfigMap (metrics port: 9399) (metrics path: /)
2025-01-28 23:54:24,788 INFO c.h.h.t.HelmChartContainer - [hivemq-test-hivemq-platform] [hivemq-platform-operator] [e8e8d337] 23:54:24.784 [pool-6-thread-14] DEBUG c.h.p.o.dependants.PodInfoConfigMap - [helmcust] Desired PodInfo ConfigMap (extension state hash: -1817474005)
2025-01-28 23:54:24,789 INFO c.h.h.t.HelmChartContainer - [hivemq-test-hivemq-platform] [hivemq-platform-operator] [e8e8d337] 23:54:24.786 [pool-6-thread-17] DEBUG c.h.p.o.d.PlatformServiceResource - [helmcust] Desired Platform services (3 services)
2025-01-28 23:54:24,791 INFO c.h.h.t.HelmChartContainer - [hivemq-test-hivemq-platform] [hivemq-platform-operator] [e8e8d337] 23:54:24.790 [pool-6-thread-11] DEBUG c.h.p.o.d.PodServiceAccountResource - [helmcust] Desired PodServiceAccountResource (serviceAccountName: hivemq-platform-pod-test-hivemq-platform)
2025-01-28 23:54:24,796 INFO c.h.h.t.HelmChartContainer - [hivemq-test-hivemq-platform] [hivemq-platform-operator] [e8e8d337] 23:54:24.795 [pool-6-thread-16] DEBUG c.h.p.o.d.StatefulSetResource - [helmcust] Desired StatefulSet (1 replicas) for status STARTING (READY)
2025-01-28 23:54:24,877 INFO c.h.h.t.HelmChartContainer - [hivemq-test-hivemq-platform] [hivemq-platform-operator] [e8e8d337] 23:54:24.876 [ReconcilerExecutor-hivemq-controller-114] INFO  c.h.p.o.HiveMQPlatformReconciler - [helmcust] Reconciling HiveMQ Platform 'test-hivemq-platform' in namespace 'helmcustomlogbackit'
2025-01-28 23:54:24,877 INFO c.h.h.t.HelmChartContainer - [hivemq-test-hivemq-platform] [hivemq-platform-operator] [e8e8d337] 23:54:24.876 [ReconcilerExecutor-hivemq-controller-114] DEBUG c.h.p.o.HiveMQPlatformReconciler - [helmcust] Custom Resource Status STARTING - HiveMQ Platform is starting (READY)
2025-01-28 23:54:24,881 INFO c.h.h.t.HelmChartContainer - [hivemq-test-hivemq-platform] [hivemq-platform-operator] [e8e8d337] 23:54:24.876 [ReconcilerExecutor-hivemq-controller-114] DEBUG c.h.p.o.HiveMQPlatformReconciler - [helmcust] Custom Resource Spec (replicas: 1) (extensions: 1)
2025-01-28 23:54:24,882 INFO c.h.h.t.HelmChartContainer - [hivemq-test-hivemq-platform] [hivemq-platform-operator] [e8e8d337] 23:54:24.878 [ReconcilerExecutor-hivemq-controller-114] DEBUG c.h.p.o.HiveMQPlatformReconciler - [helmcust] StatefulSet Status (revision: test-hivemq-platform-989b74cd6, replicas: 1, available: 1, ready: 1, current: 1, updated: 1)
2025-01-28 23:54:24,882 INFO c.h.h.t.HelmChartContainer - [hivemq-test-hivemq-platform] [hivemq-platform-operator] [e8e8d337] 23:54:24.879 [ReconcilerExecutor-hivemq-controller-114] DEBUG c.h.p.o.HiveMQPlatformReconciler - [helmcust] StatefulSet Spec (replicas: 1, init containers: 1, containers: 1, volumes: 3)
2025-01-28 23:54:24,883 INFO c.h.h.t.HelmChartContainer - [hivemq-test-hivemq-platform] [hivemq-platform-operator] [e8e8d337] 23:54:24.880 [ReconcilerExecutor-hivemq-controller-114] DEBUG c.h.p.o.h.HiveMQPlatformReconcilerErrorHandler - [helmcust] Pod 'test-hivemq-platform-0' phase Running
2025-01-28 23:54:24,883 INFO c.h.h.t.HelmChartContainer - [hivemq-test-hivemq-platform] [hivemq-platform-operator] [e8e8d337] 23:54:24.881 [ReconcilerExecutor-hivemq-controller-114] INFO  c.h.p.o.h.HiveMQPlatformReconcilerBaseHandler - [helmcust] HiveMQ Platform started successfully
2025-01-28 23:54:24,977 INFO c.h.h.t.HelmChartContainer - [hivemq-test-hivemq-platform] [hivemq-platform-operator] [e8e8d337] 23:54:24.975 [ReconcilerExecutor-hivemq-controller-114] DEBUG c.h.p.operator.event.EventSender - [helmcust] Creating K8s event hivemq-platform-ready: [Ready] HiveMQ Platform is ready
2025-01-28 23:54:24,981 INFO c.h.h.t.HelmChartContainer - [EVENT] Normal [Ready] HiveMQ Platform is ready [helmcustomlogbackit:test-hivemq-platform]
2025-01-28 23:54:24,982 INFO c.h.h.t.HelmChartContainer - [hivemq-test-hivemq-platform] [hivemq-platform-operator] [e8e8d337] 23:54:24.981 [ReconcilerExecutor-hivemq-controller-114] INFO  c.h.p.o.h.AbstractHiveMQReconcilerStateHandler - [helmcust] Update HiveMQ Platform Status (STARTING [READY] -> RUNNING [READY]): HiveMQ Platform is ready
2025-01-28 23:54:24,991 DEBUG com.hivemq.helmcharts.util.K8sUtil - Comparing actual state 'RUNNING' and waiting for 'RUNNING'
2025-01-28 23:54:25,091 DEBUG com.hivemq.helmcharts.util.PodUtil - Received status for command '[cat, /opt/hivemq/conf/logback.xml]' on pod 'test-hivemq-platform-0' (exit code: 0)
2025-01-28 23:54:25,092 INFO c.h.h.t.HelmChartContainer - Uninstalling release 'test-hivemq-platform' in namespace 'helmcustomlogbackit'...
2025-01-28 23:54:25,092 DEBUG c.h.h.t.HelmChartContainer - Executing helm command: /bin/helm --kubeconfig /etc/rancher/k3s/k3s.yaml uninstall test-hivemq-platform  --wait --timeout 5m0s --cascade foreground --namespace helmcustomlogbackit
2025-01-28 23:54:25,290 INFO c.h.h.t.HelmChartContainer - [hivemq-test-hivemq-platform] [hivemq-platform-operator] [e8e8d337] 23:54:25.276 [pool-6-thread-28] DEBUG c.h.p.o.d.PlatformServiceResource - [helmcust] Desired Platform services (3 services)
2025-01-28 23:54:25,290 INFO c.h.h.t.HelmChartContainer - [hivemq-test-hivemq-platform] [hivemq-platform-operator] [e8e8d337] 23:54:25.282 [pool-6-thread-25] DEBUG c.h.p.o.dependants.PodInfoConfigMap - [helmcust] Desired PodInfo ConfigMap (1 extensions) (1 enabled)
2025-01-28 23:54:25,290 INFO c.h.h.t.HelmChartContainer - [hivemq-test-hivemq-platform] [hivemq-platform-operator] [e8e8d337] 23:54:25.283 [pool-6-thread-25] DEBUG c.h.p.o.dependants.PodInfoConfigMap - [helmcust] Desired PodInfo ConfigMap (metrics port: 9399) (metrics path: /)
2025-01-28 23:54:25,290 INFO c.h.h.t.HelmChartContainer - [hivemq-test-hivemq-platform] [hivemq-platform-operator] [e8e8d337] 23:54:25.283 [pool-6-thread-25] DEBUG c.h.p.o.dependants.PodInfoConfigMap - [helmcust] Desired PodInfo ConfigMap (extension state hash: -1817474005)
2025-01-28 23:54:25,290 INFO c.h.h.t.HelmChartContainer - [hivemq-test-hivemq-platform] [hivemq-platform-operator] [e8e8d337] 23:54:25.283 [pool-6-thread-28] DEBUG c.h.p.o.d.PodServiceAccountResource - [helmcust] Desired PodServiceAccountResource (serviceAccountName: hivemq-platform-pod-test-hivemq-platform)
2025-01-28 23:54:25,290 INFO c.h.h.t.HelmChartContainer - [hivemq-test-hivemq-platform] [hivemq-platform-operator] [e8e8d337] 23:54:25.283 [pool-6-thread-25] DEBUG c.h.p.o.dependants.PodInfoConfigMap - [helmcust] Update PodInfo ConfigMap
2025-01-28 23:54:25,346 INFO c.h.h.t.HelmChartContainer - [hivemq-test-hivemq-platform] [hivemq-platform-operator] [e8e8d337] 23:54:25.344 [pool-6-thread-25] DEBUG c.h.p.o.d.StatefulSetResource - [helmcust] Desired StatefulSet (1 replicas) for status RUNNING (READY)
2025-01-28 23:54:25,381 INFO c.h.h.t.HelmChartContainer - [hivemq-test-hivemq-platform] [hivemq-platform-operator] [e8e8d337] 23:54:25.380 [ReconcilerExecutor-hivemq-controller-115] INFO  c.h.p.o.HiveMQPlatformReconciler - [helmcust] Reconciling HiveMQ Platform 'test-hivemq-platform' in namespace 'helmcustomlogbackit'
2025-01-28 23:54:25,382 INFO c.h.h.t.HelmChartContainer - [hivemq-test-hivemq-platform] [hivemq-platform-operator] [e8e8d337] 23:54:25.380 [ReconcilerExecutor-hivemq-controller-115] DEBUG c.h.p.o.HiveMQPlatformReconciler - [helmcust] Custom Resource Status RUNNING - HiveMQ Platform is ready (READY)
2025-01-28 23:54:25,382 INFO c.h.h.t.HelmChartContainer - [hivemq-test-hivemq-platform] [hivemq-platform-operator] [e8e8d337] 23:54:25.380 [ReconcilerExecutor-hivemq-controller-115] DEBUG c.h.p.o.HiveMQPlatformReconciler - [helmcust] Custom Resource Spec (replicas: 1) (extensions: 1)
2025-01-28 23:54:25,382 INFO c.h.h.t.HelmChartContainer - [hivemq-test-hivemq-platform] [hivemq-platform-operator] [e8e8d337] 23:54:25.380 [ReconcilerExecutor-hivemq-controller-115] WARN  c.h.p.o.h.HiveMQPlatformReconcilerErrorHandler - [helmcust] Could not find ConfigMap 'hivemq-configuration-test-hivemq-platform' for HiveMQ Platform configuration
2025-01-28 23:54:25,543 INFO c.h.h.t.HelmChartContainer - [hivemq-test-hivemq-platform] [hivemq-platform-operator] [e8e8d337] 23:54:25.542 [ReconcilerExecutor-hivemq-controller-115] DEBUG c.h.p.operator.event.EventSender - [helmcust] Creating K8s event hivemq-platform-invalid-configuration: [Start] Could not find ConfigMap 'hivemq-configuration-test-hivemq-platform' for HiveMQ Platform configuration
2025-01-28 23:54:25,547 INFO c.h.h.t.HelmChartContainer - [EVENT] Warning [Start] Could not find ConfigMap 'hivemq-configuration-test-hivemq-platform' for HiveMQ Platform configuration [helmcustomlogbackit:test-hivemq-platform]
2025-01-28 23:54:25,577 INFO c.h.h.t.HelmChartContainer - [hivemq-test-hivemq-platform] [hivemq-platform-operator] [e8e8d337] 23:54:25.576 [ReconcilerExecutor-hivemq-controller-115] INFO  c.h.p.o.h.AbstractHiveMQReconcilerStateHandler - [helmcust] Update HiveMQ Platform Status (RUNNING [READY] -> ERROR [INVALID_CONFIG_MAP]): Could not find ConfigMap 'hivemq-configuration-test-hivemq-platform' for HiveMQ Platform configuration
2025-01-28 23:54:25,588 INFO c.h.h.t.HelmChartContainer - [hivemq-test-hivemq-platform] [hivemq-platform-operator] [e8e8d337] 23:54:25.584 [ReconcilerExecutor-hivemq-controller-115] ERROR i.j.o.p.event.EventProcessor - Error during event processing ExecutionScope{ resource id: ResourceID{name='test-hivemq-platform', namespace='helmcustomlogbackit'}, version: 877}
2025-01-28 23:54:25,588 INFO c.h.h.t.HelmChartContainer - [hivemq-test-hivemq-platform] [hivemq-platform-operator] [e8e8d337] io.fabric8.kubernetes.client.KubernetesClientException: Failure executing: PUT at: https://10.43.0.1:443/apis/hivemq.com/v1/namespaces/helmcustomlogbackit/hivemq-platforms/test-hivemq-platform/status. Message: Operation cannot be fulfilled on hivemq-platforms.hivemq.com "test-hivemq-platform": the object has been modified; please apply your changes to the latest version and try again. Received status: Status(apiVersion=v1, code=409, details=StatusDetails(causes=[], group=hivemq.com, kind=hivemq-platforms, name=test-hivemq-platform, retryAfterSeconds=null, uid=null, additionalProperties={}), kind=Status, message=Operation cannot be fulfilled on hivemq-platforms.hivemq.com "test-hivemq-platform": the object has been modified; please apply your changes to the latest version and try again, metadata=ListMeta(_continue=null, remainingItemCount=null, resourceVersion=null, selfLink=null, additionalProperties={}), reason=Conflict, status=Failure, additionalProperties={}).
2025-01-28 23:54:25,588 INFO c.h.h.t.HelmChartContainer - [hivemq-test-hivemq-platform] [hivemq-platform-operator] [e8e8d337] 	at io.fabric8.kubernetes.client.KubernetesClientException.copyAsCause(KubernetesClientException.java:238)
2025-01-28 23:54:25,588 INFO c.h.h.t.HelmChartContainer - [hivemq-test-hivemq-platform] [hivemq-platform-operator] [e8e8d337] 	at io.fabric8.kubernetes.client.dsl.internal.OperationSupport.waitForResult(OperationSupport.java:507)
2025-01-28 23:54:25,588 INFO c.h.h.t.HelmChartContainer - [hivemq-test-hivemq-platform] [hivemq-platform-operator] [e8e8d337] 	at io.fabric8.kubernetes.client.dsl.internal.OperationSupport.handleResponse(OperationSupport.java:524)
2025-01-28 23:54:25,588 INFO c.h.h.t.HelmChartContainer - [hivemq-test-hivemq-platform] [hivemq-platform-operator] [e8e8d337] 	at io.fabric8.kubernetes.client.dsl.internal.OperationSupport.handleUpdate(OperationSupport.java:358)
2025-01-28 23:54:25,588 INFO c.h.h.t.HelmChartContainer - [hivemq-test-hivemq-platform] [hivemq-platform-operator] [e8e8d337] 	at io.fabric8.kubernetes.client.dsl.internal.BaseOperation.handleUpdate(BaseOperation.java:759)
2025-01-28 23:54:25,588 INFO c.h.h.t.HelmChartContainer - [hivemq-test-hivemq-platform] [hivemq-platform-operator] [e8e8d337] 	at io.fabric8.kubernetes.client.dsl.internal.HasMetadataOperation.update(HasMetadataOperation.java:138)
2025-01-28 23:54:25,588 INFO c.h.h.t.HelmChartContainer - [hivemq-test-hivemq-platform] [hivemq-platform-operator] [e8e8d337] 	at io.fabric8.kubernetes.client.dsl.internal.HasMetadataOperation.update(HasMetadataOperation.java:121)
2025-01-28 23:54:25,588 INFO c.h.h.t.HelmChartContainer - [hivemq-test-hivemq-platform] [hivemq-platform-operator] [e8e8d337] 	at io.fabric8.kubernetes.client.dsl.internal.HasMetadataOperation.updateStatus(HasMetadataOperation.java:126)
2025-01-28 23:54:25,588 INFO c.h.h.t.HelmChartContainer - [hivemq-test-hivemq-platform] [hivemq-platform-operator] [e8e8d337] 	at io.fabric8.kubernetes.client.dsl.internal.HasMetadataOperation.updateStatus(HasMetadataOperation.java:44)
2025-01-28 23:54:25,588 INFO c.h.h.t.HelmChartContainer - [hivemq-test-hivemq-platform] [hivemq-platform-operator] [e8e8d337] 	at io.javaoperatorsdk.operator.processing.event.ReconciliationDispatcher$CustomResourceFacade.updateStatus(ReconciliationDispatcher.java:408)
2025-01-28 23:54:25,588 INFO c.h.h.t.HelmChartContainer - [hivemq-test-hivemq-platform] [hivemq-platform-operator] [e8e8d337] 	at io.javaoperatorsdk.operator.processing.event.ReconciliationDispatcher.updateStatusGenerationAware(ReconciliationDispatcher.java:228)
2025-01-28 23:54:25,588 INFO c.h.h.t.HelmChartContainer - [hivemq-test-hivemq-platform] [hivemq-platform-operator] [e8e8d337] 	at io.javaoperatorsdk.operator.processing.event.ReconciliationDispatcher.reconcileExecution(ReconciliationDispatcher.java:150)
2025-01-28 23:54:25,588 INFO c.h.h.t.HelmChartContainer - [hivemq-test-hivemq-platform] [hivemq-platform-operator] [e8e8d337] 	at io.javaoperatorsdk.operator.processing.event.ReconciliationDispatcher.handleReconcile(ReconciliationDispatcher.java:117)
2025-01-28 23:54:25,588 INFO c.h.h.t.HelmChartContainer - [hivemq-test-hivemq-platform] [hivemq-platform-operator] [e8e8d337] 	at io.javaoperatorsdk.operator.processing.event.ReconciliationDispatcher.handleDispatch(ReconciliationDispatcher.java:91)
2025-01-28 23:54:25,588 INFO c.h.h.t.HelmChartContainer - [hivemq-test-hivemq-platform] [hivemq-platform-operator] [e8e8d337] 	at io.javaoperatorsdk.operator.processing.event.ReconciliationDispatcher.handleExecution(ReconciliationDispatcher.java:64)
2025-01-28 23:54:25,588 INFO c.h.h.t.HelmChartContainer - [hivemq-test-hivemq-platform] [hivemq-platform-operator] [e8e8d337] 	at io.javaoperatorsdk.operator.processing.event.EventProcessor$ReconcilerExecutor.run(EventProcessor.java:452)
2025-01-28 23:54:25,588 INFO c.h.h.t.HelmChartContainer - [hivemq-test-hivemq-platform] [hivemq-platform-operator] [e8e8d337] 	at java.base/java.util.concurrent.ThreadPoolExecutor.runWorker(Unknown Source)
2025-01-28 23:54:25,588 INFO c.h.h.t.HelmChartContainer - [hivemq-test-hivemq-platform] [hivemq-platform-operator] [e8e8d337] 	at java.base/java.util.concurrent.ThreadPoolExecutor$Worker.run(Unknown Source)
2025-01-28 23:54:25,588 INFO c.h.h.t.HelmChartContainer - [hivemq-test-hivemq-platform] [hivemq-platform-operator] [e8e8d337] 	at java.base/java.lang.Thread.run(Unknown Source)
2025-01-28 23:54:25,588 INFO c.h.h.t.HelmChartContainer - [hivemq-test-hivemq-platform] [hivemq-platform-operator] [e8e8d337] Caused by: io.fabric8.kubernetes.client.KubernetesClientException: Failure executing: PUT at: https://10.43.0.1:443/apis/hivemq.com/v1/namespaces/helmcustomlogbackit/hivemq-platforms/test-hivemq-platform/status. Message: Operation cannot be fulfilled on hivemq-platforms.hivemq.com "test-hivemq-platform": the object has been modified; please apply your changes to the latest version and try again. Received status: Status(apiVersion=v1, code=409, details=StatusDetails(causes=[], group=hivemq.com, kind=hivemq-platforms, name=test-hivemq-platform, retryAfterSeconds=null, uid=null, additionalProperties={}), kind=Status, message=Operation cannot be fulfilled on hivemq-platforms.hivemq.com "test-hivemq-platform": the object has been modified; please apply your changes to the latest version and try again, metadata=ListMeta(_continue=null, remainingItemCount=null, resourceVersion=null, selfLink=null, additionalProperties={}), reason=Conflict, status=Failure, additionalProperties={}).
2025-01-28 23:54:25,588 INFO c.h.h.t.HelmChartContainer - [hivemq-test-hivemq-platform] [hivemq-platform-operator] [e8e8d337] 	at io.fabric8.kubernetes.client.dsl.internal.OperationSupport.requestFailure(OperationSupport.java:660)
2025-01-28 23:54:25,588 INFO c.h.h.t.HelmChartContainer - [hivemq-test-hivemq-platform] [hivemq-platform-operator] [e8e8d337] 	at io.fabric8.kubernetes.client.dsl.internal.OperationSupport.requestFailure(OperationSupport.java:640)
2025-01-28 23:54:25,588 INFO c.h.h.t.HelmChartContainer - [hivemq-test-hivemq-platform] [hivemq-platform-operator] [e8e8d337] 	at io.fabric8.kubernetes.client.dsl.internal.OperationSupport.assertResponseCode(OperationSupport.java:589)
2025-01-28 23:54:25,588 INFO c.h.h.t.HelmChartContainer - [hivemq-test-hivemq-platform] [hivemq-platform-operator] [e8e8d337] 	at io.fabric8.kubernetes.client.dsl.internal.OperationSupport.lambda$handleResponse$0(OperationSupport.java:549)
2025-01-28 23:54:25,588 INFO c.h.h.t.HelmChartContainer - [hivemq-test-hivemq-platform] [hivemq-platform-operator] [e8e8d337] 	at java.base/java.util.concurrent.CompletableFuture$UniApply.tryFire(Unknown Source)
2025-01-28 23:54:25,588 INFO c.h.h.t.HelmChartContainer - [hivemq-test-hivemq-platform] [hivemq-platform-operator] [e8e8d337] 	at java.base/java.util.concurrent.CompletableFuture.postComplete(Unknown Source)
2025-01-28 23:54:25,588 INFO c.h.h.t.HelmChartContainer - [hivemq-test-hivemq-platform] [hivemq-platform-operator] [e8e8d337] 	at java.base/java.util.concurrent.CompletableFuture.complete(Unknown Source)
2025-01-28 23:54:25,588 INFO c.h.h.t.HelmChartContainer - [hivemq-test-hivemq-platform] [hivemq-platform-operator] [e8e8d337] 	at io.fabric8.kubernetes.client.http.StandardHttpClient.lambda$completeOrCancel$10(StandardHttpClient.java:141)
2025-01-28 23:54:25,588 INFO c.h.h.t.HelmChartContainer - [hivemq-test-hivemq-platform] [hivemq-platform-operator] [e8e8d337] 	at java.base/java.util.concurrent.CompletableFuture.uniWhenComplete(Unknown Source)
2025-01-28 23:54:25,588 INFO c.h.h.t.HelmChartContainer - [hivemq-test-hivemq-platform] [hivemq-platform-operator] [e8e8d337] 	at java.base/java.util.concurrent.CompletableFuture$UniWhenComplete.tryFire(Unknown Source)
2025-01-28 23:54:25,588 INFO c.h.h.t.HelmChartContainer - [hivemq-test-hivemq-platform] [hivemq-platform-operator] [e8e8d337] 	at java.base/java.util.concurrent.CompletableFuture.postComplete(Unknown Source)
2025-01-28 23:54:25,588 INFO c.h.h.t.HelmChartContainer - [hivemq-test-hivemq-platform] [hivemq-platform-operator] [e8e8d337] 	at java.base/java.util.concurrent.CompletableFuture.complete(Unknown Source)
2025-01-28 23:54:25,588 INFO c.h.h.t.HelmChartContainer - [hivemq-test-hivemq-platform] [hivemq-platform-operator] [e8e8d337] 	at io.fabric8.kubernetes.client.http.ByteArrayBodyHandler.onBodyDone(ByteArrayBodyHandler.java:51)
2025-01-28 23:54:25,588 INFO c.h.h.t.HelmChartContainer - [hivemq-test-hivemq-platform] [hivemq-platform-operator] [e8e8d337] 	at java.base/java.util.concurrent.CompletableFuture.uniWhenComplete(Unknown Source)
2025-01-28 23:54:25,588 INFO c.h.h.t.HelmChartContainer - [hivemq-test-hivemq-platform] [hivemq-platform-operator] [e8e8d337] 	at java.base/java.util.concurrent.CompletableFuture$UniWhenComplete.tryFire(Unknown Source)
2025-01-28 23:54:25,588 INFO c.h.h.t.HelmChartContainer - [hivemq-test-hivemq-platform] [hivemq-platform-operator] [e8e8d337] 	at java.base/java.util.concurrent.CompletableFuture.postComplete(Unknown Source)
2025-01-28 23:54:25,588 INFO c.h.h.t.HelmChartContainer - [hivemq-test-hivemq-platform] [hivemq-platform-operator] [e8e8d337] 	at java.base/java.util.concurrent.CompletableFuture.complete(Unknown Source)
2025-01-28 23:54:25,588 INFO c.h.h.t.HelmChartContainer - [hivemq-test-hivemq-platform] [hivemq-platform-operator] [e8e8d337] 	at io.fabric8.kubernetes.client.vertx.VertxHttpRequest.lambda$null$1(VertxHttpRequest.java:121)
2025-01-28 23:54:25,588 INFO c.h.h.t.HelmChartContainer - [hivemq-test-hivemq-platform] [hivemq-platform-operator] [e8e8d337] 	at io.vertx.core.impl.ContextInternal.dispatch(ContextInternal.java:279)
2025-01-28 23:54:25,588 INFO c.h.h.t.HelmChartContainer - [hivemq-test-hivemq-platform] [hivemq-platform-operator] [e8e8d337] 	at io.vertx.core.impl.ContextInternal.dispatch(ContextInternal.java:261)
2025-01-28 23:54:25,589 INFO c.h.h.t.HelmChartContainer - [hivemq-test-hivemq-platform] [hivemq-platform-operator] [e8e8d337] 	at io.vertx.core.http.impl.HttpEventHandler.handleEnd(HttpEventHandler.java:76)
2025-01-28 23:54:25,589 INFO c.h.h.t.HelmChartContainer - [hivemq-test-hivemq-platform] [hivemq-platform-operator] [e8e8d337] 	at io.vertx.core.http.impl.HttpClientResponseImpl.handleEnd(HttpClientResponseImpl.java:250)
2025-01-28 23:54:25,589 INFO c.h.h.t.HelmChartContainer - [hivemq-test-hivemq-platform] [hivemq-platform-operator] [e8e8d337] 	at io.vertx.core.http.impl.Http1xClientConnection$StreamImpl.lambda$new$0(Http1xClientConnection.java:421)
2025-01-28 23:54:25,589 INFO c.h.h.t.HelmChartContainer - [hivemq-test-hivemq-platform] [hivemq-platform-operator] [e8e8d337] 	at io.vertx.core.streams.impl.InboundBuffer.handleEvent(InboundBuffer.java:279)
2025-01-28 23:54:25,589 INFO c.h.h.t.HelmChartContainer - [hivemq-test-hivemq-platform] [hivemq-platform-operator] [e8e8d337] 	at io.vertx.core.streams.impl.InboundBuffer.write(InboundBuffer.java:157)
2025-01-28 23:54:25,589 INFO c.h.h.t.HelmChartContainer - [hivemq-test-hivemq-platform] [hivemq-platform-operator] [e8e8d337] 	at io.vertx.core.http.impl.Http1xClientConnection$StreamImpl.handleEnd(Http1xClientConnection.java:709)
2025-01-28 23:54:25,589 INFO c.h.h.t.HelmChartContainer - [hivemq-test-hivemq-platform] [hivemq-platform-operator] [e8e8d337] 	at io.vertx.core.impl.ContextImpl.lambda$execute$4(ContextImpl.java:315)
2025-01-28 23:54:25,589 INFO c.h.h.t.HelmChartContainer - [hivemq-test-hivemq-platform] [hivemq-platform-operator] [e8e8d337] 	at io.netty.util.concurrent.AbstractEventExecutor.runTask(AbstractEventExecutor.java:173)
2025-01-28 23:54:25,589 INFO c.h.h.t.HelmChartContainer - [hivemq-test-hivemq-platform] [hivemq-platform-operator] [e8e8d337] 	at io.netty.util.concurrent.AbstractEventExecutor.safeExecute(AbstractEventExecutor.java:166)
2025-01-28 23:54:25,589 INFO c.h.h.t.HelmChartContainer - [hivemq-test-hivemq-platform] [hivemq-platform-operator] [e8e8d337] 	at io.netty.util.concurrent.SingleThreadEventExecutor.runAllTasks(SingleThreadEventExecutor.java:472)
2025-01-28 23:54:25,589 INFO c.h.h.t.HelmChartContainer - [hivemq-test-hivemq-platform] [hivemq-platform-operator] [e8e8d337] 	at io.netty.channel.nio.NioEventLoop.run(NioEventLoop.java:569)
2025-01-28 23:54:25,589 INFO c.h.h.t.HelmChartContainer - [hivemq-test-hivemq-platform] [hivemq-platform-operator] [e8e8d337] 	at io.netty.util.concurrent.SingleThreadEventExecutor$4.run(SingleThreadEventExecutor.java:997)
2025-01-28 23:54:25,589 INFO c.h.h.t.HelmChartContainer - [hivemq-test-hivemq-platform] [hivemq-platform-operator] [e8e8d337] 	at io.netty.util.internal.ThreadExecutorMap$2.run(ThreadExecutorMap.java:74)
2025-01-28 23:54:25,589 INFO c.h.h.t.HelmChartContainer - [hivemq-test-hivemq-platform] [hivemq-platform-operator] [e8e8d337] 	at io.netty.util.concurrent.FastThreadLocalRunnable.run(FastThreadLocalRunnable.java:30)
2025-01-28 23:54:25,589 INFO c.h.h.t.HelmChartContainer - [hivemq-test-hivemq-platform] [hivemq-platform-operator] [e8e8d337] 	... 1 common frames omitted
2025-01-28 23:54:25,641 INFO c.h.h.t.HelmChartContainer - [hivemq-test-hivemq-platform] [hivemq-platform-operator] [e8e8d337] 23:54:25.640 [ReconcilerExecutor-hivemq-controller-121] INFO  c.h.p.o.HiveMQPlatformReconciler - [helmcust] Cleanup test-hivemq-platform - helmcustomlogbackit HiveMQ Platform is shut down
2025-01-28 23:54:25,983 INFO c.h.h.t.HelmChartContainer - [POD] test-hivemq-platform-0 [64ccd8cf-e302-46d5-96cd-314ff1ae9ae8] in helmcustomlogbackit was MODIFIED
2025-01-28 23:54:25,987 INFO c.h.h.t.HelmChartContainer - [EVENT] Normal [Killing] Stopping container hivemq [helmcustomlogbackit:test-hivemq-platform-0]
2025-01-28 23:54:25,988 INFO c.h.h.t.HelmChartContainer - Received Killing event for container hivemq in pod test-hivemq-platform-0 [64ccd8cf-e302-46d5-96cd-314ff1ae9ae8]
2025-01-28 23:54:25,988 INFO c.h.h.t.HelmChartContainer - Container [test-hivemq-platform-0] [hivemq] [64ccd8cf-e302-46d5-96cd-314ff1ae9ae8] was terminated
2025-01-28 23:54:25,988 INFO c.h.h.t.HelmChartContainer - Stopped log watcher for hivemq in pod test-hivemq-platform-0 [64ccd8cf-e302-46d5-96cd-314ff1ae9ae8]
2025-01-28 23:54:25,994 INFO c.h.h.t.HelmChartContainer - [test-hivemq-platform] [hivemq] [64ccd8cf] INFO  - [HiveMQ Platform Operator Init App 1.7.0-SNAPSHOT] Shutting down
2025-01-28 23:54:25,994 INFO c.h.h.t.HelmChartContainer - [test-hivemq-platform] [hivemq] [64ccd8cf] INFO  - [HiveMQ Platform Operator Init App 1.7.0-SNAPSHOT] Stopping the HiveMQ Platform
2025-01-28 23:54:26,164 INFO c.h.h.t.HelmChartContainer - [test-hivemq-platform] [hivemq] [64ccd8cf] INFO  - Shutting down HiveMQ. Please wait, this could take a while...
2025-01-28 23:54:26,171 INFO c.h.h.t.HelmChartContainer - [test-hivemq-platform] [hivemq] [64ccd8cf] INFO  - Shutting down listeners and clients
2025-01-28 23:54:26,172 INFO c.h.h.t.HelmChartContainer - [test-hivemq-platform] [hivemq] [64ccd8cf] DEBUG - Closed channel of listener with name 'tcp-listener-1883'
2025-01-28 23:54:26,172 INFO c.h.h.t.HelmChartContainer - [test-hivemq-platform] [hivemq] [64ccd8cf] INFO  - Shutdown of listeners is done
2025-01-28 23:54:26,172 INFO c.h.h.t.HelmChartContainer - [test-hivemq-platform] [hivemq] [64ccd8cf] INFO  - No clients are connected, proceeding with shutdown
2025-01-28 23:54:26,173 INFO c.h.h.t.HelmChartContainer - [test-hivemq-platform] [hivemq] [64ccd8cf] DEBUG - Shutting down worker and boss threads
2025-01-28 23:54:27,325 INFO c.h.h.t.HelmChartContainer - Deleting namespace 'helmcustomlogbackit'...
2025-01-28 23:54:28,177 INFO c.h.h.t.HelmChartContainer - [test-hivemq-platform] [hivemq] [64ccd8cf] DEBUG - Shutting down Data Hub
2025-01-28 23:54:29,680 INFO c.h.h.t.HelmChartContainer - [test-hivemq-platform] [hivemq] [64ccd8cf] INFO  - [HiveMQ Platform Operator Init App 1.7.0-SNAPSHOT] Returning shutdown Health API response 503 for readiness
2025-01-28 23:54:29,684 INFO c.h.h.t.HelmChartContainer - [EVENT] Warning [Unhealthy] Readiness probe failed: HTTP probe failed with statuscode: 503 [helmcustomlogbackit:test-hivemq-platform-0]
2025-01-28 23:54:29,684 INFO c.h.h.t.HelmChartContainer - Received Unhealthy event for container hivemq in pod test-hivemq-platform-0 [64ccd8cf-e302-46d5-96cd-314ff1ae9ae8]
2025-01-28 23:54:29,866 INFO c.h.h.t.HelmChartContainer - [test-hivemq-platform] [hivemq] [64ccd8cf] DEBUG - Data Hub shut down successfully in 1688ms
2025-01-28 23:54:29,871 INFO c.h.h.t.HelmChartContainer - [test-hivemq-platform] [hivemq] [64ccd8cf] DEBUG - Stopping RocksDBMemoryUsageWatchdog.
2025-01-28 23:54:29,871 INFO c.h.h.t.HelmChartContainer - [test-hivemq-platform] [hivemq] [64ccd8cf] DEBUG - Terminating thread rocksdb-memory-usage-watchdog.
2025-01-28 23:54:29,872 INFO c.h.h.t.HelmChartContainer - [test-hivemq-platform] [hivemq] [64ccd8cf] DEBUG - Stopped RocksDBMemoryUsageWatchdog.
2025-01-28 23:54:29,872 INFO c.h.h.t.HelmChartContainer - [test-hivemq-platform] [hivemq] [64ccd8cf] INFO  - Shutting down extension system
2025-01-28 23:54:29,873 INFO c.h.h.t.HelmChartContainer - [test-hivemq-platform] [hivemq] [64ccd8cf] INFO  - Stopping extension with id hivemq-dns-cluster-discovery
2025-01-28 23:54:29,875 INFO c.h.h.t.HelmChartContainer - [test-hivemq-platform] [hivemq] [64ccd8cf] INFO  - Extension "DNS Cluster Discovery Extension" version 4.3.2 stopped successfully.
2025-01-28 23:54:29,875 INFO c.h.h.t.HelmChartContainer - [test-hivemq-platform] [hivemq] [64ccd8cf] INFO  - Stopping extension with id hivemq-prometheus-extension
2025-01-28 23:54:29,878 INFO c.h.h.t.HelmChartContainer - [test-hivemq-platform] [hivemq] [64ccd8cf] INFO  - Extension "Prometheus Monitoring Extension" version 4.0.12 stopped successfully.
2025-01-28 23:54:29,879 INFO c.h.h.t.HelmChartContainer - [test-hivemq-platform] [hivemq] [64ccd8cf] INFO  - Stopping extension with id hivemq-allow-all-extension
2025-01-28 23:54:29,879 INFO c.h.h.t.HelmChartContainer - [test-hivemq-platform] [hivemq] [64ccd8cf] INFO  - Extension "Allow All Extension" version 1.1.1 stopped successfully.
2025-01-28 23:54:29,879 INFO c.h.h.t.HelmChartContainer - [test-hivemq-platform] [hivemq] [64ccd8cf] DEBUG - Simple authenticator of extension 'hivemq-allow-all-extension' removed.
2025-01-28 23:54:29,879 INFO c.h.h.t.HelmChartContainer - [test-hivemq-platform] [hivemq] [64ccd8cf] DEBUG - Running cluster shutdown hooks
2025-01-28 23:54:29,884 INFO c.h.h.t.HelmChartContainer - [test-hivemq-platform] [hivemq] [64ccd8cf] DEBUG - Shutting down managed extension executor service
2025-01-28 23:54:29,885 INFO c.h.h.t.HelmChartContainer - [test-hivemq-platform] [hivemq] [64ccd8cf] DEBUG - Stopped Trace Recording Event Loop gracefully
2025-01-28 23:54:29,885 INFO c.h.h.t.HelmChartContainer - [test-hivemq-platform] [hivemq] [64ccd8cf] DEBUG - The Event Loop for Trace Recordings is shutting down and is not available anymore
2025-01-28 23:54:30,089 INFO c.h.h.t.HelmChartContainer - [K3S] [authentication.go:74] "Unable to authenticate the request" err="[invalid bearer token, serviceaccounts \"hivemq-platform-pod-test-hivemq-platform\" not found]"
2025-01-28 23:54:30,106 INFO c.h.h.t.HelmChartContainer - [K3S] [authentication.go:74] "Unable to authenticate the request" err="[invalid bearer token, serviceaccounts \"hivemq-platform-pod-test-hivemq-platform\" not found]"
2025-01-28 23:54:30,168 INFO c.h.h.t.HelmChartContainer - [test-hivemq-platform] [hivemq] [64ccd8cf] WARN  - [HiveMQ Platform Operator Init App 1.7.0-SNAPSHOT] Could not update Pod annotations: Failure executing: GET at: https://10.43.0.1:443/api/v1/namespaces/helmcustomlogbackit/pods/test-hivemq-platform-0. Message: Unauthorized. Received status: Status(apiVersion=v1, code=401, details=null, kind=Status, message=Unauthorized, metadata=ListMeta(_continue=null, remainingItemCount=null, resourceVersion=null, selfLink=null, additionalProperties={}), reason=Unauthorized, status=Failure, additionalProperties={}).
2025-01-28 23:54:32,240 INFO c.h.h.t.HelmChartContainer - [test-hivemq-platform] [hivemq] [64ccd8cf] INFO  - Shutdown completed.
2025-01-28 23:54:32,355 INFO c.h.h.t.HelmChartContainer - [K3S] [stateful_set.go:466] "StatefulSet has been deleted" key="helmcustomlogbackit/test-hivemq-platform"
2025-01-28 23:54:32,588 INFO c.h.h.t.HelmChartContainer - [test-hivemq-platform] [hivemq] [64ccd8cf] INFO  - [HiveMQ Platform Operator Init App 1.7.0-SNAPSHOT] The HiveMQ Platform exited with code 143
2025-01-28 23:54:32,588 INFO c.h.h.t.HelmChartContainer - [test-hivemq-platform] [hivemq] [64ccd8cf] INFO  - [HiveMQ Platform Operator Init App 1.7.0-SNAPSHOT] Stopping the REST API
2025-01-28 23:54:32,595 INFO c.h.h.t.HelmChartContainer - [test-hivemq-platform] [hivemq] [64ccd8cf] INFO  - [HiveMQ Platform Operator Init App 1.7.0-SNAPSHOT] Shutdown complete
2025-01-28 23:54:33,040 INFO c.h.h.t.HelmChartContainer - [POD] test-hivemq-platform-0 [64ccd8cf-e302-46d5-96cd-314ff1ae9ae8] in helmcustomlogbackit was MODIFIED
2025-01-28 23:54:33,210 INFO c.h.h.t.HelmChartContainer - [K3S] [reconciler_common.go:162] "operationExecutor.UnmountVolume started for volume \"pod-info\" (UniqueName: \"kubernetes.io/configmap/64ccd8cf-e302-46d5-96cd-314ff1ae9ae8-pod-info\") pod \"64ccd8cf-e302-46d5-96cd-314ff1ae9ae8\" (UID: \"64ccd8cf-e302-46d5-96cd-314ff1ae9ae8\") "
2025-01-28 23:54:33,210 INFO c.h.h.t.HelmChartContainer - [K3S] [reconciler_common.go:162] "operationExecutor.UnmountVolume started for volume \"kube-api-access-q7rbq\" (UniqueName: \"kubernetes.io/projected/64ccd8cf-e302-46d5-96cd-314ff1ae9ae8-kube-api-access-q7rbq\") pod \"64ccd8cf-e302-46d5-96cd-314ff1ae9ae8\" (UID: \"64ccd8cf-e302-46d5-96cd-314ff1ae9ae8\") "
2025-01-28 23:54:33,210 INFO c.h.h.t.HelmChartContainer - [K3S] [reconciler_common.go:162] "operationExecutor.UnmountVolume started for volume \"operator-init\" (UniqueName: \"kubernetes.io/empty-dir/64ccd8cf-e302-46d5-96cd-314ff1ae9ae8-operator-init\") pod \"64ccd8cf-e302-46d5-96cd-314ff1ae9ae8\" (UID: \"64ccd8cf-e302-46d5-96cd-314ff1ae9ae8\") "
2025-01-28 23:54:33,211 INFO c.h.h.t.HelmChartContainer - [K3S] [reconciler_common.go:162] "operationExecutor.UnmountVolume started for volume \"broker-configuration\" (UniqueName: \"kubernetes.io/configmap/64ccd8cf-e302-46d5-96cd-314ff1ae9ae8-broker-configuration\") pod \"64ccd8cf-e302-46d5-96cd-314ff1ae9ae8\" (UID: \"64ccd8cf-e302-46d5-96cd-314ff1ae9ae8\") "
2025-01-28 23:54:33,311 INFO c.h.h.t.HelmChartContainer - [K3S] [reconciler_common.go:299] "Volume detached for volume \"operator-init\" (UniqueName: \"kubernetes.io/empty-dir/64ccd8cf-e302-46d5-96cd-314ff1ae9ae8-operator-init\") on node \"0bc421238fd2\" DevicePath \"\""
2025-01-28 23:54:33,311 INFO c.h.h.t.HelmChartContainer - [K3S] [reconciler_common.go:299] "Volume detached for volume \"pod-info\" (UniqueName: \"kubernetes.io/configmap/64ccd8cf-e302-46d5-96cd-314ff1ae9ae8-pod-info\") on node \"0bc421238fd2\" DevicePath \"\""
2025-01-28 23:54:33,311 INFO c.h.h.t.HelmChartContainer - [K3S] [reconciler_common.go:299] "Volume detached for volume \"kube-api-access-q7rbq\" (UniqueName: \"kubernetes.io/projected/64ccd8cf-e302-46d5-96cd-314ff1ae9ae8-kube-api-access-q7rbq\") on node \"0bc421238fd2\" DevicePath \"\""
2025-01-28 23:54:33,311 INFO c.h.h.t.HelmChartContainer - [K3S] [reconciler_common.go:299] "Volume detached for volume \"broker-configuration\" (UniqueName: \"kubernetes.io/configmap/64ccd8cf-e302-46d5-96cd-314ff1ae9ae8-broker-configuration\") on node \"0bc421238fd2\" DevicePath \"\""
2025-01-28 23:54:33,502 INFO c.h.h.t.HelmChartContainer - [K3S] [scope.go:117] "RemoveContainer" containerID="1ea0e9f3f0512a751134469aa0122448bf69d21f1c90d145398e4f1c88ed4d5e"
2025-01-28 23:54:33,519 INFO c.h.h.t.HelmChartContainer - [POD] test-hivemq-platform-0 [64ccd8cf-e302-46d5-96cd-314ff1ae9ae8] in helmcustomlogbackit was MODIFIED
2025-01-28 23:54:33,520 INFO c.h.h.t.HelmChartContainer - [POD] test-hivemq-platform-0 [64ccd8cf-e302-46d5-96cd-314ff1ae9ae8] in helmcustomlogbackit was DELETED
2025-01-28 23:54:33,609 INFO c.h.h.t.HelmChartContainer - [K3S] [scope.go:117] "RemoveContainer" containerID="a43ee72bf498ace164b3118bff436805a9c53a117f4ae6cfaa7470accfe39cdf"
2025-01-28 23:54:33,612 INFO c.h.h.t.HelmChartContainer - [K3S] [scope.go:117] "RemoveContainer" containerID="1ea0e9f3f0512a751134469aa0122448bf69d21f1c90d145398e4f1c88ed4d5e"
2025-01-28 23:54:33,612 INFO c.h.h.t.HelmChartContainer - [K3S] [scope.go:117] "RemoveContainer" containerID="a43ee72bf498ace164b3118bff436805a9c53a117f4ae6cfaa7470accfe39cdf"
2025-01-28 23:54:34,170 INFO c.h.h.t.HelmChartContainer - [K3S] [kubelet_volumes.go:163] "Cleaned up orphaned pod volumes dir" podUID="64ccd8cf-e302-46d5-96cd-314ff1ae9ae8" path="/var/lib/kubelet/pods/64ccd8cf-e302-46d5-96cd-314ff1ae9ae8/volumes"
2025-01-28 23:54:37,656 INFO c.h.h.t.HelmChartContainer - Namespace 'helmcustomlogbackit' deleted
2025-01-28 23:54:37,657 INFO c.h.h.t.HelmChartContainer - Release 'test-hivemq-platform' in namespace 'helmcustomlogbackit' is uninstalled
2025-01-28 23:54:37,657 INFO c.h.h.t.HelmChartContainer - Uninstalling release 'test-hivemq-platform-operator' in namespace 'helmcustomlogbackit-operator'...
2025-01-28 23:54:37,657 DEBUG c.h.h.t.HelmChartContainer - Executing helm command: /bin/helm --kubeconfig /etc/rancher/k3s/k3s.yaml uninstall test-hivemq-platform-operator  --wait --timeout 5m0s --cascade foreground --namespace helmcustomlogbackit-operator
2025-01-28 23:54:37,820 INFO c.h.h.t.HelmChartContainer - [K3S] [replica_set.go:679] "Finished syncing" kind="ReplicaSet" key="helmcustomlogbackit-operator/hivemq-test-hivemq-platform-operator-6966f96d65" duration="8.05973ms"
2025-01-28 23:54:37,820 INFO c.h.h.t.HelmChartContainer - [K3S] [replica_set.go:679] "Finished syncing" kind="ReplicaSet" key="helmcustomlogbackit-operator/hivemq-test-hivemq-platform-operator-6966f96d65" duration="24.876µs"
2025-01-28 23:54:37,847 INFO c.h.h.t.HelmChartContainer - [POD] hivemq-test-hivemq-platform-operator-6966f96d65-fhkh8 [e8e8d337-f306-449d-b518-0c918afd21e4] in helmcustomlogbackit-operator was MODIFIED
2025-01-28 23:54:37,856 INFO c.h.h.t.HelmChartContainer - [hivemq-test-hivemq-platform] [hivemq-platform-operator] [e8e8d337] 23:54:37.852 [application-shutdown-thread] INFO  c.h.p.o.HiveMQPlatformOperatorApplication - HiveMQ Platform Operator is stopping...
2025-01-28 23:54:37,856 INFO c.h.h.t.HelmChartContainer - [hivemq-test-hivemq-platform] [hivemq-platform-operator] [e8e8d337] 23:54:37.852 [application-shutdown-thread] INFO  i.javaoperatorsdk.operator.Operator - Operator SDK 4.9.7 is shutting down...
2025-01-28 23:54:37,860 INFO c.h.h.t.HelmChartContainer - [K3S] [replica_set.go:679] "Finished syncing" kind="ReplicaSet" key="helmcustomlogbackit-operator/hivemq-test-hivemq-platform-operator-6966f96d65" duration="22.215097ms"
2025-01-28 23:54:37,860 INFO c.h.h.t.HelmChartContainer - [K3S] [replica_set.go:679] "Finished syncing" kind="ReplicaSet" key="helmcustomlogbackit-operator/hivemq-test-hivemq-platform-operator-6966f96d65" duration="62.075µs"
2025-01-28 23:54:37,860 INFO c.h.h.t.HelmChartContainer - [EVENT] Normal [Killing] Stopping container hivemq-platform-operator [helmcustomlogbackit-operator:hivemq-test-hivemq-platform-operator-6966f96d65-fhkh8]
2025-01-28 23:54:37,861 INFO c.h.h.t.HelmChartContainer - Received Killing event for container hivemq-platform-operator in pod hivemq-test-hivemq-platform-operator-6966f96d65-fhkh8 [e8e8d337-f306-449d-b518-0c918afd21e4]
2025-01-28 23:54:37,861 INFO c.h.h.t.HelmChartContainer - Container [hivemq-test-hivemq-platform-operator-6966f96d65-fhkh8] [hivemq-platform-operator] [e8e8d337-f306-449d-b518-0c918afd21e4] was terminated
2025-01-28 23:54:37,861 INFO c.h.h.t.HelmChartContainer - Stopped log watcher for hivemq-platform-operator in pod hivemq-test-hivemq-platform-operator-6966f96d65-fhkh8 [e8e8d337-f306-449d-b518-0c918afd21e4]
2025-01-28 23:54:38,511 INFO c.h.h.t.HelmChartContainer - [K3S] [scope.go:117] "RemoveContainer" containerID="80bd4725bb03205bb51d43be7efddb2d299a00656ad8737b94fd4599402de23b"
2025-01-28 23:54:38,515 INFO c.h.h.t.HelmChartContainer - [K3S] [replica_set.go:679] "Finished syncing" kind="ReplicaSet" key="helmcustomlogbackit-operator/hivemq-test-hivemq-platform-operator-6966f96d65" duration="39.313µs"
2025-01-28 23:54:38,515 INFO c.h.h.t.HelmChartContainer - [K3S] [scope.go:117] "RemoveContainer" containerID="80bd4725bb03205bb51d43be7efddb2d299a00656ad8737b94fd4599402de23b"
2025-01-28 23:54:38,515 INFO c.h.h.t.HelmChartContainer - [POD] hivemq-test-hivemq-platform-operator-6966f96d65-fhkh8 [e8e8d337-f306-449d-b518-0c918afd21e4] in helmcustomlogbackit-operator was MODIFIED
2025-01-28 23:54:38,540 INFO c.h.h.t.HelmChartContainer - [K3S] [reconciler_common.go:162] "operationExecutor.UnmountVolume started for volume \"kube-api-access-n2q22\" (UniqueName: \"kubernetes.io/projected/e8e8d337-f306-449d-b518-0c918afd21e4-kube-api-access-n2q22\") pod \"e8e8d337-f306-449d-b518-0c918afd21e4\" (UID: \"e8e8d337-f306-449d-b518-0c918afd21e4\") "
2025-01-28 23:54:38,641 INFO c.h.h.t.HelmChartContainer - [K3S] [reconciler_common.go:299] "Volume detached for volume \"kube-api-access-n2q22\" (UniqueName: \"kubernetes.io/projected/e8e8d337-f306-449d-b518-0c918afd21e4-kube-api-access-n2q22\") on node \"0bc421238fd2\" DevicePath \"\""
2025-01-28 23:54:38,822 INFO c.h.h.t.HelmChartContainer - [K3S] [replica_set.go:679] "Finished syncing" kind="ReplicaSet" key="helmcustomlogbackit-operator/hivemq-test-hivemq-platform-operator-6966f96d65" duration="55.583µs"
2025-01-28 23:54:38,824 INFO c.h.h.t.HelmChartContainer - [POD] hivemq-test-hivemq-platform-operator-6966f96d65-fhkh8 [e8e8d337-f306-449d-b518-0c918afd21e4] in helmcustomlogbackit-operator was MODIFIED
2025-01-28 23:54:38,825 INFO c.h.h.t.HelmChartContainer - [POD] hivemq-test-hivemq-platform-operator-6966f96d65-fhkh8 [e8e8d337-f306-449d-b518-0c918afd21e4] in helmcustomlogbackit-operator was DELETED
2025-01-28 23:54:38,825 INFO c.h.h.t.HelmChartContainer - [K3S] [replica_set.go:679] "Finished syncing" kind="ReplicaSet" key="helmcustomlogbackit-operator/hivemq-test-hivemq-platform-operator-6966f96d65" duration="31.068µs"
2025-01-28 23:54:38,835 INFO c.h.h.t.HelmChartContainer - [K3S] [replica_set.go:679] "Finished syncing" kind="ReplicaSet" key="helmcustomlogbackit-operator/hivemq-test-hivemq-platform-operator-6966f96d65" duration="6.041µs"
2025-01-28 23:54:39,868 INFO c.h.h.t.HelmChartContainer - Deleting namespace 'helmcustomlogbackit-operator'...
2025-01-28 23:54:40,170 INFO c.h.h.t.HelmChartContainer - [K3S] [kubelet_volumes.go:163] "Cleaned up orphaned pod volumes dir" podUID="e8e8d337-f306-449d-b518-0c918afd21e4" path="/var/lib/kubelet/pods/e8e8d337-f306-449d-b518-0c918afd21e4/volumes"
2025-01-28 23:54:42,566 INFO c.h.h.t.HelmChartContainer - [K3S] [namespace_controller.go:187] "Namespace has been deleted" namespace="helmcustomlogbackit"
2025-01-28 23:54:45,088 INFO c.h.h.t.HelmChartContainer - Namespace 'helmcustomlogbackit-operator' deleted
2025-01-28 23:54:45,088 INFO c.h.h.t.HelmChartContainer - Release 'test-hivemq-platform-operator' in namespace 'helmcustomlogbackit-operator' is uninstalled
2025-01-28 23:54:45,807 INFO c.h.helmcharts.AbstractHelmChartIT - Removed unused containers:

2025-01-28 23:54:50,022 INFO c.h.h.t.HelmChartContainer - [K3S] [namespace_controller.go:187] "Namespace has been deleted" namespace="helmcustomlogbackit-operator"
2025-01-28 23:54:53,412 INFO c.h.helmcharts.AbstractHelmChartIT - Removed unused snapshots:
Removing snapshot sha256:03af251906410714c5aef9fa705b63f6bbc39c4a5e787de7361eeb18886c2ed2
Removing snapshot sha256:0c46b3b43cce082ce5ec34ffc6c294e0417d17b9d1e6f366d114b6aadc4f96dc
Removing snapshot sha256:0ce761beee59082d6ed5bcebd3a805b8ddd9b3426b617e4809e7fb7c6587ffec
Removing snapshot sha256:0df91287303208332c8ff6ba40ae4710105201739addbfbddfb955f1ad593664
Removing snapshot sha256:1021ef88c7974bfff89c5a0ec4fd3160daac6c48a075f74cff721f85dd104e68
Removing snapshot sha256:10aba4953ddc18145dd38e3704709bc464aa20af60b56fe52caaff4b68411e62
Removing snapshot sha256:2573e0d8158209ed54ab25c87bcdcb00bd3d2539246960a3d592a1c599d70465
Removing snapshot sha256:2c68a8e87d51bfc67044d9a382d34657c3f321c359a1999fffd183154c07a990
Removing snapshot sha256:362a8a37f8bbc31925a8146adcf7cf51f9882f5c1dcbef67c5baa03a297543c0
Removing snapshot sha256:43a7c979bbaba6838bc3102d6b10a1459f3ab050b87ccdfef84ef90cf43d3058
Removing snapshot sha256:4ab04491cdf0d3267f08206fe30bd48f49f94b9cab2f016d6739220f722a64af
Removing snapshot sha256:4b6068250e89c96f263060261819c7d912855bfbd64b3eb4c4a8483299b8c295
Removing snapshot sha256:580e69a0a8034ede1921139bbd2bfb72a69ebf276d008281896c32dd8bf74775
Removing snapshot sha256:5d30ba46b27fe37484567ccc5242cadc78217b8da605f3f195ef25cbf7487904
Removing snapshot sha256:63ca1fbb43ae5034640e5e6cb3e083e05c290072c5366fcaa9d62435a4cced85
Removing snapshot sha256:67f702c6baae873bceb19487c8b1f27bd2b86077e4f2f0e480e6d60ab508b8f5
Removing snapshot sha256:6864348dd42806d552efdec384f1274be15e2d0c10ce44c1f04347af004c10a9
Removing snapshot sha256:6c7dee8f2c39b84b7dc2711c01d33de93514d9055499173e9290176fbe484b6c
Removing snapshot sha256:82753493a6d61ded36556292f02f31841a14c20d2f279f19eaad65afb661d5cd
Removing snapshot sha256:8a10d3db42c505ee0fcfa98417bdd7e39b304f6bcc0a06bb1b220797ff2cc63c
Removing snapshot sha256:8c87d67c86c668464231327301b54c3bd28ec98ee61b27e9022ab2b72dcb3a0a
Removing snapshot sha256:a21e5b12dbac529ad45d976eb9ce45c881f3bedcc500fb30aba1e52aa1813418
Removing snapshot sha256:b921e6c28969094157f9b8e7244677780319637afd14450b7cb6b2fdea558a0c
Removing snapshot sha256:bc27ecb5769a00e309cf99ebc763c4a4b958b618d1decc96ffac5bc05f02f5b7
Removing snapshot sha256:be3ccb6627a5332e309d45ef461d09b4879dd870c7394d89323d0ebc6ca6aa8a
Removing snapshot sha256:c261f7cbbc64211ee175ee47273acdb7b1a36a4450b397a064a8f2c026490095
Removing snapshot sha256:c34d9393647eea0c9e3557ab988efaf59f61d10a2a5613b439ef0958cca5ec10
Removing snapshot sha256:ccf3c4a0fa967a41c1c83497a2ce6fa5787965859df0adb32c4ca2cf7490bc2b
Removing snapshot sha256:cf92d33f869417309692088c341cd0f223c178ea78a125f757317b22aa8f90e9
Removing snapshot sha256:d0037344cf2fb078884f1849f6a1f8cf9a33a3b6139b6a85833e5ee528e1f9a8
Removing snapshot sha256:d3b36d5b79273b1e98e7700470eaeff05a882e777124d84cebcc1505b85ecb36
Removing snapshot sha256:d65a44a37914602d12c611e5e22a50f11451d847e63015cc1c2aef92dee777a4
Removing snapshot sha256:e2dc0bae2455930f23ae570e019b7f32edc75c0f2d71cab084db837ff9051796
Removing snapshot sha256:eccbd24a99c60cd9e86ee5305dbfc4a4dc89f5ab4fb1f06c8d64797cecedef34
Removing snapshot sha256:f144bb4c7c7f0d2aa7eeffd36d934ec40db1ee167be727e326aad9fdc616f475

]]></system-out>
  </testcase>
  <system-out><![CDATA[2025-01-28 23:53:12,643 INFO c.h.h.t.HelmChartContainerExtension - Using cached HelmChartContainer instance
]]></system-out>
  <system-err><![CDATA[]]></system-err>
</testsuite>
