<?xml version="1.0" encoding="UTF-8"?>
<testsuite name="com.hivemq.helmcharts.monitoring.HelmMonitoringOperatorIT" tests="1" skipped="0" failures="0" errors="0" timestamp="2025-03-02T15:40:14" hostname="fv-az1377-364" time="163.174">
  <properties/>
  <testcase name="withOperatorMonitoringEnabled_metricsAndDashboardAvailable()" classname="com.hivemq.helmcharts.monitoring.HelmMonitoringOperatorIT" time="163.174"/>
</testsuite>
