<?xml version="1.0" encoding="UTF-8"?>
<testsuite name="com.hivemq.helmcharts.operator.HelmUpgradeOperatorIT" tests="1" skipped="0" failures="0" errors="0" timestamp="2025-01-29T13:56:47" hostname="fv-az1341-365" time="43.182">
  <properties/>
  <testcase name="withDeployedOperator_upgradeUsingNewValues()" classname="com.hivemq.helmcharts.operator.HelmUpgradeOperatorIT" time="43.182">
    <system-out><![CDATA[2025-01-29 13:56:47,764 INFO c.h.h.t.HelmChartContainer - Creating namespace 'helmupgradeoperatorit-operator'...
2025-01-29 13:56:47,775 INFO c.h.h.t.HelmChartContainer - Namespace 'helmupgradeoperatorit-operator' created
2025-01-29 13:56:47,775 INFO c.h.h.t.HelmChartContainer - Creating namespace 'helmupgradeoperatorit'...
2025-01-29 13:56:47,872 INFO c.h.h.t.HelmChartContainer - Namespace 'helmupgradeoperatorit' created
2025-01-29 13:56:47,936 DEBUG c.h.h.t.HelmChartContainer - Executing helm command: /bin/helm --kubeconfig /etc/rancher/k3s/k3s.yaml install test-hivemq-platform-operator /charts/hivemq-platform-operator --wait --timeout 5m0s --set image.repository=docker.io/hivemq --set image.name=hivemq-platform-operator-test --set image.initImageName=hivemq-platform-operator-init-test --set image.tag=snapshot --set image.pullPolicy=Never --set logLevel=DEBUG --set resources.cpu=512m --namespace helmupgradeoperatorit-operator
2025-01-29 13:56:48,231 INFO c.h.h.t.HelmChartContainer - [K3S] [alloc.go:330] "allocated clusterIPs" service="helmupgradeoperatorit-operator/hivemq-platform-operator-test-hivemq-platform-operator" clusterIPs={"IPv4":"10.43.143.61"}
2025-01-29 13:56:48,243 INFO c.h.h.t.HelmChartContainer - [EVENT] Normal [ScalingReplicaSet] Scaled up replica set hivemq-test-hivemq-platform-operator-6966f96d65 from 0 to 1 [helmupgradeoperatorit-operator:hivemq-test-hivemq-platform-operator]
2025-01-29 13:56:48,249 INFO c.h.h.t.HelmChartContainer - [POD] hivemq-test-hivemq-platform-operator-6966f96d65-kg8jv [c7fced60-8dcb-4213-beab-f64587429a94] in helmupgradeoperatorit-operator was ADDED
2025-01-29 13:56:48,252 INFO c.h.h.t.HelmChartContainer - [EVENT] Normal [SuccessfulCreate] Created pod: hivemq-test-hivemq-platform-operator-6966f96d65-kg8jv [helmupgradeoperatorit-operator:hivemq-test-hivemq-platform-operator-6966f96d65]
2025-01-29 13:56:48,255 INFO c.h.h.t.HelmChartContainer - [POD] hivemq-test-hivemq-platform-operator-6966f96d65-kg8jv [c7fced60-8dcb-4213-beab-f64587429a94] in helmupgradeoperatorit-operator was MODIFIED
2025-01-29 13:56:48,256 INFO c.h.h.t.HelmChartContainer - [K3S] [memory_manager.go:355] "RemoveStaleState removing state" podUID="a2812c21-a1bc-428b-a09e-1282df5563a2" containerName="hivemq-platform-operator"
2025-01-29 13:56:48,256 INFO c.h.h.t.HelmChartContainer - [K3S] [memory_manager.go:355] "RemoveStaleState removing state" podUID="facc5db0-16b0-401b-9fe1-cc0fdf1afeb7" containerName="hivemq"
2025-01-29 13:56:48,257 INFO c.h.h.t.HelmChartContainer - [K3S] [memory_manager.go:355] "RemoveStaleState removing state" podUID="f13fc08c-1fbe-4efe-861e-08cfe5972163" containerName="hivemq"
2025-01-29 13:56:48,257 INFO c.h.h.t.HelmChartContainer - [K3S] [replica_set.go:679] "Finished syncing" kind="ReplicaSet" key="helmupgradeoperatorit-operator/hivemq-test-hivemq-platform-operator-6966f96d65" duration="15.06318ms"
2025-01-29 13:56:48,258 INFO c.h.h.t.HelmChartContainer - [EVENT] Normal [Scheduled] Successfully assigned helmupgradeoperatorit-operator/hivemq-test-hivemq-platform-operator-6966f96d65-kg8jv to 2ffec45073c5 [helmupgradeoperatorit-operator:hivemq-test-hivemq-platform-operator-6966f96d65-kg8jv]
2025-01-29 13:56:48,272 INFO c.h.h.t.HelmChartContainer - [POD] hivemq-test-hivemq-platform-operator-6966f96d65-kg8jv [c7fced60-8dcb-4213-beab-f64587429a94] in helmupgradeoperatorit-operator was MODIFIED
2025-01-29 13:56:48,274 INFO c.h.h.t.HelmChartContainer - [K3S] [replica_set.go:679] "Finished syncing" kind="ReplicaSet" key="helmupgradeoperatorit-operator/hivemq-test-hivemq-platform-operator-6966f96d65" duration="18.402671ms"
2025-01-29 13:56:48,274 INFO c.h.h.t.HelmChartContainer - [K3S] [replica_set.go:679] "Finished syncing" kind="ReplicaSet" key="helmupgradeoperatorit-operator/hivemq-test-hivemq-platform-operator-6966f96d65" duration="33.543µs"
2025-01-29 13:56:48,350 INFO c.h.h.t.HelmChartContainer - [K3S] [reconciler_common.go:251] "operationExecutor.VerifyControllerAttachedVolume started for volume \"kube-api-access-hqntm\" (UniqueName: \"kubernetes.io/projected/c7fced60-8dcb-4213-beab-f64587429a94-kube-api-access-hqntm\") pod \"hivemq-test-hivemq-platform-operator-6966f96d65-kg8jv\" (UID: \"c7fced60-8dcb-4213-beab-f64587429a94\") " pod="helmupgradeoperatorit-operator/hivemq-test-hivemq-platform-operator-6966f96d65-kg8jv"
2025-01-29 13:56:48,657 INFO c.h.h.t.HelmChartContainer - [EVENT] Normal [Pulled] Container image "docker.io/hivemq/hivemq-platform-operator-test:snapshot" already present on machine [helmupgradeoperatorit-operator:hivemq-test-hivemq-platform-operator-6966f96d65-kg8jv]
2025-01-29 13:56:48,657 INFO c.h.h.t.HelmChartContainer - Received Pulled event for container hivemq-platform-operator in pod hivemq-test-hivemq-platform-operator-6966f96d65-kg8jv [c7fced60-8dcb-4213-beab-f64587429a94]
2025-01-29 13:56:49,992 INFO c.h.h.t.HelmChartContainer - [EVENT] Normal [Created] Created container: hivemq-platform-operator [helmupgradeoperatorit-operator:hivemq-test-hivemq-platform-operator-6966f96d65-kg8jv]
2025-01-29 13:56:49,992 INFO c.h.h.t.HelmChartContainer - Received Created event for container hivemq-platform-operator in pod hivemq-test-hivemq-platform-operator-6966f96d65-kg8jv [c7fced60-8dcb-4213-beab-f64587429a94]
2025-01-29 13:56:50,243 INFO c.h.h.t.HelmChartContainer - [K3S] [replica_set.go:679] "Finished syncing" kind="ReplicaSet" key="helmupgradeoperatorit-operator/hivemq-test-hivemq-platform-operator-6966f96d65" duration="44.082µs"
2025-01-29 13:56:50,243 INFO c.h.h.t.HelmChartContainer - [POD] hivemq-test-hivemq-platform-operator-6966f96d65-kg8jv [c7fced60-8dcb-4213-beab-f64587429a94] in helmupgradeoperatorit-operator was MODIFIED
2025-01-29 13:56:50,253 INFO c.h.h.t.HelmChartContainer - [EVENT] Normal [Started] Started container hivemq-platform-operator [helmupgradeoperatorit-operator:hivemq-test-hivemq-platform-operator-6966f96d65-kg8jv]
2025-01-29 13:56:50,254 INFO c.h.h.t.HelmChartContainer - Received Started event for container hivemq-platform-operator in pod hivemq-test-hivemq-platform-operator-6966f96d65-kg8jv [c7fced60-8dcb-4213-beab-f64587429a94]
2025-01-29 13:56:50,253 INFO c.h.h.t.HelmChartContainer - Started log watcher for hivemq-platform-operator in pod hivemq-test-hivemq-platform-operator-6966f96d65-kg8jv [c7fced60-8dcb-4213-beab-f64587429a94]
2025-01-29 13:56:50,255 INFO c.h.h.t.HelmChartContainer - [hivemq-test-hivemq-platform] [hivemq-platform-operator] [c7fced60] -------------------------------------------------------------------------
2025-01-29 13:56:50,258 INFO c.h.h.t.HelmChartContainer - [hivemq-test-hivemq-platform] [hivemq-platform-operator] [c7fced60] 
2025-01-29 13:56:50,258 INFO c.h.h.t.HelmChartContainer - [hivemq-test-hivemq-platform] [hivemq-platform-operator] [c7fced60]                   _    _  _              __  __   ____
2025-01-29 13:56:50,258 INFO c.h.h.t.HelmChartContainer - [hivemq-test-hivemq-platform] [hivemq-platform-operator] [c7fced60]                  | |  | |(_)            |  \/  | / __ \
2025-01-29 13:56:50,258 INFO c.h.h.t.HelmChartContainer - [hivemq-test-hivemq-platform] [hivemq-platform-operator] [c7fced60]                  | |__| | _ __   __ ___ | \  / || |  | |
2025-01-29 13:56:50,258 INFO c.h.h.t.HelmChartContainer - [hivemq-test-hivemq-platform] [hivemq-platform-operator] [c7fced60]                  |  __  || |\ \ / // _ \| |\/| || |  | |
2025-01-29 13:56:50,258 INFO c.h.h.t.HelmChartContainer - [hivemq-test-hivemq-platform] [hivemq-platform-operator] [c7fced60]                  | |  | || | \ V /|  __/| |  | || |__| |
2025-01-29 13:56:50,258 INFO c.h.h.t.HelmChartContainer - [hivemq-test-hivemq-platform] [hivemq-platform-operator] [c7fced60]                  |_|  |_||_|  \_/  \___||_|  |_| \___\_\
2025-01-29 13:56:50,258 INFO c.h.h.t.HelmChartContainer - [hivemq-test-hivemq-platform] [hivemq-platform-operator] [c7fced60] 
2025-01-29 13:56:50,258 INFO c.h.h.t.HelmChartContainer - [hivemq-test-hivemq-platform] [hivemq-platform-operator] [c7fced60] -------------------------------------------------------------------------
2025-01-29 13:56:50,258 INFO c.h.h.t.HelmChartContainer - [hivemq-test-hivemq-platform] [hivemq-platform-operator] [c7fced60] 
2025-01-29 13:56:50,258 INFO c.h.h.t.HelmChartContainer - [hivemq-test-hivemq-platform] [hivemq-platform-operator] [c7fced60]   HiveMQ Platform Operator Start Script v1.0
2025-01-29 13:56:50,258 INFO c.h.h.t.HelmChartContainer - [hivemq-test-hivemq-platform] [hivemq-platform-operator] [c7fced60] 
2025-01-29 13:56:50,258 INFO c.h.h.t.HelmChartContainer - [hivemq-test-hivemq-platform] [hivemq-platform-operator] [c7fced60] -------------------------------------------------------------------------
2025-01-29 13:56:50,258 INFO c.h.h.t.HelmChartContainer - [hivemq-test-hivemq-platform] [hivemq-platform-operator] [c7fced60] 
2025-01-29 13:56:50,258 INFO c.h.h.t.HelmChartContainer - [hivemq-test-hivemq-platform] [hivemq-platform-operator] [c7fced60]   JAVA_OPTS: -XX:+UnlockExperimentalVMOptions -XX:InitialRAMPercentage=75 -XX:MaxRAMPercentage=75 -Duser.language=en -Duser.region=US
2025-01-29 13:56:50,258 INFO c.h.h.t.HelmChartContainer - [hivemq-test-hivemq-platform] [hivemq-platform-operator] [c7fced60] 
2025-01-29 13:56:50,258 INFO c.h.h.t.HelmChartContainer - [hivemq-test-hivemq-platform] [hivemq-platform-operator] [c7fced60]   JAVA_VERSION: 21
2025-01-29 13:56:50,258 INFO c.h.h.t.HelmChartContainer - [hivemq-test-hivemq-platform] [hivemq-platform-operator] [c7fced60] 
2025-01-29 13:56:50,258 INFO c.h.h.t.HelmChartContainer - [hivemq-test-hivemq-platform] [hivemq-platform-operator] [c7fced60] -------------------------------------------------------------------------
2025-01-29 13:56:50,258 INFO c.h.h.t.HelmChartContainer - [hivemq-test-hivemq-platform] [hivemq-platform-operator] [c7fced60] 
2025-01-29 13:56:53,272 INFO c.h.h.t.HelmChartContainer - [hivemq-test-hivemq-platform] [hivemq-platform-operator] [c7fced60] 13:56:53.255 [main] DEBUG org.jboss.logging - Logging Provider: org.jboss.logging.Slf4jLoggerProvider
2025-01-29 13:56:53,374 INFO c.h.h.t.HelmChartContainer - [hivemq-test-hivemq-platform] [hivemq-platform-operator] [c7fced60] 13:56:53.373 [main] DEBUG io.smallrye.config - SRCFG01006: Loaded ConfigSource SysPropConfigSource with ordinal 400
2025-01-29 13:56:53,374 INFO c.h.h.t.HelmChartContainer - [hivemq-test-hivemq-platform] [hivemq-platform-operator] [c7fced60] 13:56:53.373 [main] DEBUG io.smallrye.config - SRCFG01006: Loaded ConfigSource EnvConfigSource with ordinal 300
2025-01-29 13:56:53,374 INFO c.h.h.t.HelmChartContainer - [hivemq-test-hivemq-platform] [hivemq-platform-operator] [c7fced60] 13:56:53.373 [main] DEBUG io.smallrye.config - SRCFG01006: Loaded ConfigSource PropertiesConfigSource[source=jar:file:///opt/hivemq-platform-operator/bin/hivemq-platform-operator.jar!/hivemq-platform-operator.properties] with ordinal 100
2025-01-29 13:56:53,374 INFO c.h.h.t.HelmChartContainer - [hivemq-test-hivemq-platform] [hivemq-platform-operator] [c7fced60] 13:56:53.373 [main] DEBUG io.smallrye.config - SRCFG01006: Loaded ConfigSource DefaultValuesConfigSource with ordinal -2147483648
2025-01-29 13:56:53,478 INFO c.h.h.t.HelmChartContainer - [hivemq-test-hivemq-platform] [hivemq-platform-operator] [c7fced60] 13:56:53.476 [main] DEBUG i.m.c.u.i.l.InternalLoggerFactory - Using SLF4J as the default logging framework
2025-01-29 13:56:53,652 INFO c.h.h.t.HelmChartContainer - [hivemq-test-hivemq-platform] [hivemq-platform-operator] [c7fced60] 13:56:53.578 [main] INFO  c.h.p.o.HiveMQPlatformOperatorApplication - HiveMQ Platform Operator 1.7.0-SNAPSHOT (commit: bebf408 on branch: HEAD) built on Sun Jan 26 20:47:47 UTC 2025
2025-01-29 13:56:53,652 INFO c.h.h.t.HelmChartContainer - [hivemq-test-hivemq-platform] [hivemq-platform-operator] [c7fced60] 13:56:53.651 [main] INFO  c.h.p.o.HiveMQPlatformOperatorApplication - HiveMQ Platform Operator is running in namespace: helmupgradeoperatorit-operator
2025-01-29 13:56:53,652 INFO c.h.h.t.HelmChartContainer - [hivemq-test-hivemq-platform] [hivemq-platform-operator] [c7fced60] 13:56:53.652 [main] INFO  c.h.p.o.HiveMQPlatformOperatorApplication - Watching all namespaces
2025-01-29 13:56:53,654 INFO c.h.h.t.HelmChartContainer - [hivemq-test-hivemq-platform] [hivemq-platform-operator] [c7fced60] 13:56:53.652 [main] INFO  c.h.p.o.HiveMQPlatformOperatorApplication - Log level: DEBUG
2025-01-29 13:56:53,654 INFO c.h.h.t.HelmChartContainer - [hivemq-test-hivemq-platform] [hivemq-platform-operator] [c7fced60] 13:56:53.652 [main] INFO  c.h.p.o.HiveMQPlatformOperatorApplication - Release name: test-hivemq-platform-operator
2025-01-29 13:56:53,654 INFO c.h.h.t.HelmChartContainer - [hivemq-test-hivemq-platform] [hivemq-platform-operator] [c7fced60] 13:56:53.652 [main] INFO  c.h.p.o.HiveMQPlatformOperatorApplication - HiveMQ Platform Operator Init image: docker.io/hivemq/hivemq-platform-operator-init-test:snapshot
2025-01-29 13:56:53,654 INFO c.h.h.t.HelmChartContainer - [hivemq-test-hivemq-platform] [hivemq-platform-operator] [c7fced60] 13:56:53.652 [main] INFO  c.h.p.o.HiveMQPlatformOperatorApplication - HiveMQ Platform Operator Init App update URL: http://hivemq-platform-operator-test-hivemq-platform-operator.helmupgradeoperatorit-operator.svc:8080/initAppUpdate/hivemq-platform-operator-init-app-1.7.0-SNAPSHOT.jar
2025-01-29 13:56:53,654 INFO c.h.h.t.HelmChartContainer - [hivemq-test-hivemq-platform] [hivemq-platform-operator] [c7fced60] 13:56:53.652 [main] INFO  c.h.p.o.HiveMQPlatformOperatorApplication - Additional imagePullSecret for all Platform deployments: none
2025-01-29 13:56:53,654 INFO c.h.h.t.HelmChartContainer - [hivemq-test-hivemq-platform] [hivemq-platform-operator] [c7fced60] 13:56:53.652 [main] INFO  c.h.p.o.HiveMQPlatformOperatorApplication - Apply HiveMQ Platform CRD: true
2025-01-29 13:56:53,654 INFO c.h.h.t.HelmChartContainer - [hivemq-test-hivemq-platform] [hivemq-platform-operator] [c7fced60] 13:56:53.652 [main] INFO  c.h.p.o.HiveMQPlatformOperatorApplication - Create Platform ServiceAccount: true
2025-01-29 13:56:53,654 INFO c.h.h.t.HelmChartContainer - [hivemq-test-hivemq-platform] [hivemq-platform-operator] [c7fced60] 13:56:53.652 [main] INFO  c.h.p.o.HiveMQPlatformOperatorApplication - Create Platform ServiceAccount permissions: true
2025-01-29 13:56:53,654 INFO c.h.h.t.HelmChartContainer - [hivemq-test-hivemq-platform] [hivemq-platform-operator] [c7fced60] 13:56:53.652 [main] INFO  c.h.p.o.HiveMQPlatformOperatorApplication - Validate Platform ServiceAccount: true
2025-01-29 13:56:53,654 INFO c.h.h.t.HelmChartContainer - [hivemq-test-hivemq-platform] [hivemq-platform-operator] [c7fced60] 13:56:53.652 [main] INFO  c.h.p.o.HiveMQPlatformOperatorApplication - Validate Platform ServiceAccount permissions: true
2025-01-29 13:56:53,683 INFO c.h.h.t.HelmChartContainer - [hivemq-test-hivemq-platform] [hivemq-platform-operator] [c7fced60] 13:56:53.683 [main] INFO  c.h.platform.operator.util.CRDUtil - Verifying deployed HiveMQ Platform CRD...
2025-01-29 13:56:56,272 INFO c.h.h.t.HelmChartContainer - [hivemq-test-hivemq-platform] [hivemq-platform-operator] [c7fced60] 13:56:56.271 [main] DEBUG c.h.platform.operator.util.CRDUtil - HiveMQ Platform CRD version v1 is up to date
2025-01-29 13:56:56,272 INFO c.h.h.t.HelmChartContainer - [hivemq-test-hivemq-platform] [hivemq-platform-operator] [c7fced60] 13:56:56.271 [main] INFO  c.h.platform.operator.util.CRDUtil - HiveMQ Platform CRD is up to date (version: V1_6_0)
2025-01-29 13:56:56,272 INFO c.h.h.t.HelmChartContainer - [hivemq-test-hivemq-platform] [hivemq-platform-operator] [c7fced60] 13:56:56.271 [main] INFO  c.h.platform.operator.util.CRDUtil - Waiting 10000 ms for HiveMQ Platform CRD 'hivemq-platforms.hivemq.com' to become ready...
2025-01-29 13:56:56,555 INFO c.h.h.t.HelmChartContainer - [hivemq-test-hivemq-platform] [hivemq-platform-operator] [c7fced60] 13:56:56.554 [vert.x-eventloop-thread-1] DEBUG c.h.platform.operator.util.CRDUtil - Checking CRD condition 'NamesAccepted' (status: 'True')
2025-01-29 13:56:56,555 INFO c.h.h.t.HelmChartContainer - [hivemq-test-hivemq-platform] [hivemq-platform-operator] [c7fced60] 13:56:56.554 [vert.x-eventloop-thread-1] DEBUG c.h.platform.operator.util.CRDUtil - Checking CRD condition 'Established' (status: 'True')
2025-01-29 13:56:56,556 INFO c.h.h.t.HelmChartContainer - [hivemq-test-hivemq-platform] [hivemq-platform-operator] [c7fced60] 13:56:56.555 [main] INFO  c.h.platform.operator.util.CRDUtil - HiveMQ Platform CRD 'hivemq-platforms.hivemq.com' is ready
2025-01-29 13:56:56,759 INFO c.h.h.t.HelmChartContainer - [hivemq-test-hivemq-platform] [hivemq-platform-operator] [c7fced60] 13:56:56.757 [main] INFO  c.h.p.o.HiveMQPlatformReconciler - HiveMQ Platform Operator is starting...
2025-01-29 13:56:56,873 INFO c.h.h.t.HelmChartContainer - [hivemq-test-hivemq-platform] [hivemq-platform-operator] [c7fced60] 13:56:56.872 [main] WARN  Default ConfigurationService implementation - Configuration for reconciler 'hivemq-controller' was not found. Known reconcilers: None.
2025-01-29 13:56:56,950 INFO c.h.h.t.HelmChartContainer - [hivemq-test-hivemq-platform] [hivemq-platform-operator] [c7fced60] 13:56:56.949 [main] INFO  Default ConfigurationService implementation - Created configuration for reconciler com.hivemq.platform.operator.HiveMQPlatformReconciler with name hivemq-controller
2025-01-29 13:56:57,055 INFO c.h.h.t.HelmChartContainer - [hivemq-test-hivemq-platform] [hivemq-platform-operator] [c7fced60] 13:56:57.054 [main] DEBUG c.h.p.o.HiveMQPlatformReconciler - HiveMQ Platform Operator is preparing EventSources
2025-01-29 13:56:57,079 INFO c.h.h.t.HelmChartContainer - [hivemq-test-hivemq-platform] [hivemq-platform-operator] [c7fced60] 13:56:57.077 [main] INFO  i.javaoperatorsdk.operator.Operator - Registered reconciler: 'hivemq-controller' for resource: 'class com.hivemq.platform.operator.v1.HiveMQPlatform' for namespace(s): [all namespaces]
2025-01-29 13:56:57,753 INFO c.h.h.t.HelmChartContainer - [hivemq-test-hivemq-platform] [hivemq-platform-operator] [c7fced60] 13:56:57.752 [main] INFO  c.h.p.operator.webserver.JettyServer - Starting Jetty server on port 8080
2025-01-29 13:56:57,852 INFO c.h.h.t.HelmChartContainer - [hivemq-test-hivemq-platform] [hivemq-platform-operator] [c7fced60] 13:56:57.851 [main] INFO  i.javaoperatorsdk.operator.Operator - Operator SDK 4.9.7 (commit: 2133d28) built on Wed Nov 20 12:56:20 UTC 2024 starting...
2025-01-29 13:56:57,852 INFO c.h.h.t.HelmChartContainer - [hivemq-test-hivemq-platform] [hivemq-platform-operator] [c7fced60] 13:56:57.851 [main] INFO  i.javaoperatorsdk.operator.Operator - Client version: 6.13.4
2025-01-29 13:56:57,853 INFO c.h.h.t.HelmChartContainer - [hivemq-test-hivemq-platform] [hivemq-platform-operator] [c7fced60] 13:56:57.853 [Controller Starter for: hivemq-controller] INFO  i.j.operator.processing.Controller - Starting 'hivemq-controller' controller for reconciler: com.hivemq.platform.operator.HiveMQPlatformReconciler, resource: com.hivemq.platform.operator.v1.HiveMQPlatform
2025-01-29 13:57:00,079 INFO c.h.h.t.HelmChartContainer - [hivemq-test-hivemq-platform] [hivemq-platform-operator] [c7fced60] 13:57:00.078 [Controller Starter for: hivemq-controller] INFO  i.j.operator.processing.Controller - 'hivemq-controller' controller started
2025-01-29 13:57:00,150 INFO c.h.h.t.HelmChartContainer - [hivemq-test-hivemq-platform] [hivemq-platform-operator] [c7fced60] 13:57:00.149 [main] INFO  c.h.p.o.HiveMQPlatformOperatorApplication - HiveMQ Platform Operator 1.7.0-SNAPSHOT started in 6570 ms
2025-01-29 13:57:01,249 INFO c.h.h.t.HelmChartContainer - [POD] hivemq-test-hivemq-platform-operator-6966f96d65-kg8jv [c7fced60-8dcb-4213-beab-f64587429a94] in helmupgradeoperatorit-operator was MODIFIED
2025-01-29 13:57:01,259 INFO c.h.h.t.HelmChartContainer - [K3S] [replica_set.go:679] "Finished syncing" kind="ReplicaSet" key="helmupgradeoperatorit-operator/hivemq-test-hivemq-platform-operator-6966f96d65" duration="10.823263ms"
2025-01-29 13:57:01,259 INFO c.h.h.t.HelmChartContainer - [K3S] [replica_set.go:679] "Finished syncing" kind="ReplicaSet" key="helmupgradeoperatorit-operator/hivemq-test-hivemq-platform-operator-6966f96d65" duration="45.755µs"
2025-01-29 13:57:02,298 DEBUG c.h.h.operator.HelmUpgradeOperatorIT - Operator deployed successfully
2025-01-29 13:57:02,391 DEBUG c.h.h.t.HelmChartContainer - Executing helm command: /bin/helm --kubeconfig /etc/rancher/k3s/k3s.yaml upgrade test-hivemq-platform-operator /charts/hivemq-platform-operator --wait --timeout 5m0s --set image.repository=docker.io/hivemq --set image.name=hivemq-platform-operator-test --set image.initImageName=hivemq-platform-operator-init-test --set image.tag=snapshot --set image.pullPolicy=Never --set logLevel=DEBUG --set resources.cpu=512m --set http.port=8081 --namespace helmupgradeoperatorit-operator
2025-01-29 13:57:02,833 INFO c.h.h.t.HelmChartContainer - [EVENT] Normal [ScalingReplicaSet] Scaled down replica set hivemq-test-hivemq-platform-operator-6966f96d65 from 1 to 0 [helmupgradeoperatorit-operator:hivemq-test-hivemq-platform-operator]
2025-01-29 13:57:02,846 INFO c.h.h.t.HelmChartContainer - [EVENT] Normal [SuccessfulDelete] Deleted pod: hivemq-test-hivemq-platform-operator-6966f96d65-kg8jv [helmupgradeoperatorit-operator:hivemq-test-hivemq-platform-operator-6966f96d65]
2025-01-29 13:57:02,849 INFO c.h.h.t.HelmChartContainer - [POD] hivemq-test-hivemq-platform-operator-6966f96d65-kg8jv [c7fced60-8dcb-4213-beab-f64587429a94] in helmupgradeoperatorit-operator was MODIFIED
2025-01-29 13:57:02,852 INFO c.h.h.t.HelmChartContainer - [K3S] [replica_set.go:679] "Finished syncing" kind="ReplicaSet" key="helmupgradeoperatorit-operator/hivemq-test-hivemq-platform-operator-6966f96d65" duration="23.075394ms"
2025-01-29 13:57:02,853 INFO c.h.h.t.HelmChartContainer - [EVENT] Normal [Killing] Stopping container hivemq-platform-operator [helmupgradeoperatorit-operator:hivemq-test-hivemq-platform-operator-6966f96d65-kg8jv]
2025-01-29 13:57:02,853 INFO c.h.h.t.HelmChartContainer - Received Killing event for container hivemq-platform-operator in pod hivemq-test-hivemq-platform-operator-6966f96d65-kg8jv [c7fced60-8dcb-4213-beab-f64587429a94]
2025-01-29 13:57:02,853 INFO c.h.h.t.HelmChartContainer - Container [hivemq-test-hivemq-platform-operator-6966f96d65-kg8jv] [hivemq-platform-operator] [c7fced60-8dcb-4213-beab-f64587429a94] was terminated
2025-01-29 13:57:02,853 INFO c.h.h.t.HelmChartContainer - Stopped log watcher for hivemq-platform-operator in pod hivemq-test-hivemq-platform-operator-6966f96d65-kg8jv [c7fced60-8dcb-4213-beab-f64587429a94]
2025-01-29 13:57:02,863 INFO c.h.h.t.HelmChartContainer - [K3S] [replica_set.go:679] "Finished syncing" kind="ReplicaSet" key="helmupgradeoperatorit-operator/hivemq-test-hivemq-platform-operator-6966f96d65" duration="11.458204ms"
2025-01-29 13:57:02,864 INFO c.h.h.t.HelmChartContainer - [K3S] [replica_set.go:679] "Finished syncing" kind="ReplicaSet" key="helmupgradeoperatorit-operator/hivemq-test-hivemq-platform-operator-6966f96d65" duration="45.425µs"
2025-01-29 13:57:02,874 INFO c.h.h.t.HelmChartContainer - [hivemq-test-hivemq-platform] [hivemq-platform-operator] [c7fced60] 13:57:02.873 [application-shutdown-thread] INFO  c.h.p.o.HiveMQPlatformOperatorApplication - HiveMQ Platform Operator is stopping...
2025-01-29 13:57:02,874 INFO c.h.h.t.HelmChartContainer - [hivemq-test-hivemq-platform] [hivemq-platform-operator] [c7fced60] 13:57:02.873 [application-shutdown-thread] INFO  i.javaoperatorsdk.operator.Operator - Operator SDK 4.9.7 is shutting down...
2025-01-29 13:57:04,032 INFO c.h.h.t.HelmChartContainer - [K3S] [replica_set.go:679] "Finished syncing" kind="ReplicaSet" key="helmupgradeoperatorit-operator/hivemq-test-hivemq-platform-operator-6966f96d65" duration="46.437µs"
2025-01-29 13:57:04,033 INFO c.h.h.t.HelmChartContainer - [POD] hivemq-test-hivemq-platform-operator-6966f96d65-kg8jv [c7fced60-8dcb-4213-beab-f64587429a94] in helmupgradeoperatorit-operator was MODIFIED
2025-01-29 13:57:04,139 INFO c.h.h.t.HelmChartContainer - [K3S] [reconciler_common.go:162] "operationExecutor.UnmountVolume started for volume \"kube-api-access-hqntm\" (UniqueName: \"kubernetes.io/projected/c7fced60-8dcb-4213-beab-f64587429a94-kube-api-access-hqntm\") pod \"c7fced60-8dcb-4213-beab-f64587429a94\" (UID: \"c7fced60-8dcb-4213-beab-f64587429a94\") "
2025-01-29 13:57:04,240 INFO c.h.h.t.HelmChartContainer - [K3S] [reconciler_common.go:299] "Volume detached for volume \"kube-api-access-hqntm\" (UniqueName: \"kubernetes.io/projected/c7fced60-8dcb-4213-beab-f64587429a94-kube-api-access-hqntm\") on node \"2ffec45073c5\" DevicePath \"\""
2025-01-29 13:57:04,251 INFO c.h.h.t.HelmChartContainer - [K3S] [scope.go:117] "RemoveContainer" containerID="ac116327f645de0172a7830ad2dbec2ed5c1f3256fef70292858ad4ea128548c"
2025-01-29 13:57:04,255 INFO c.h.h.t.HelmChartContainer - [K3S] [scope.go:117] "RemoveContainer" containerID="ac116327f645de0172a7830ad2dbec2ed5c1f3256fef70292858ad4ea128548c"
2025-01-29 13:57:04,264 INFO c.h.h.t.HelmChartContainer - [K3S] [replica_set.go:679] "Finished syncing" kind="ReplicaSet" key="helmupgradeoperatorit-operator/hivemq-test-hivemq-platform-operator-6966f96d65" duration="53.5µs"
2025-01-29 13:57:04,264 INFO c.h.h.t.HelmChartContainer - [POD] hivemq-test-hivemq-platform-operator-6966f96d65-kg8jv [c7fced60-8dcb-4213-beab-f64587429a94] in helmupgradeoperatorit-operator was MODIFIED
2025-01-29 13:57:04,266 INFO c.h.h.t.HelmChartContainer - [K3S] [replica_set.go:679] "Finished syncing" kind="ReplicaSet" key="helmupgradeoperatorit-operator/hivemq-test-hivemq-platform-operator-6966f96d65" duration="31.318µs"
2025-01-29 13:57:04,266 INFO c.h.h.t.HelmChartContainer - [POD] hivemq-test-hivemq-platform-operator-6966f96d65-kg8jv [c7fced60-8dcb-4213-beab-f64587429a94] in helmupgradeoperatorit-operator was DELETED
2025-01-29 13:57:04,275 INFO c.h.h.t.HelmChartContainer - [EVENT] Normal [ScalingReplicaSet] Scaled up replica set hivemq-test-hivemq-platform-operator-56497fff47 from 0 to 1 [helmupgradeoperatorit-operator:hivemq-test-hivemq-platform-operator]
2025-01-29 13:57:04,280 INFO c.h.h.t.HelmChartContainer - [POD] hivemq-test-hivemq-platform-operator-56497fff47-5jqvx [bef4b53f-e09f-4ca8-ba88-d8ccf505d159] in helmupgradeoperatorit-operator was ADDED
2025-01-29 13:57:04,284 INFO c.h.h.t.HelmChartContainer - [EVENT] Normal [SuccessfulCreate] Created pod: hivemq-test-hivemq-platform-operator-56497fff47-5jqvx [helmupgradeoperatorit-operator:hivemq-test-hivemq-platform-operator-56497fff47]
2025-01-29 13:57:04,285 INFO c.h.h.t.HelmChartContainer - [K3S] [memory_manager.go:355] "RemoveStaleState removing state" podUID="c7fced60-8dcb-4213-beab-f64587429a94" containerName="hivemq-platform-operator"
2025-01-29 13:57:04,288 INFO c.h.h.t.HelmChartContainer - [K3S] [replica_set.go:679] "Finished syncing" kind="ReplicaSet" key="helmupgradeoperatorit-operator/hivemq-test-hivemq-platform-operator-56497fff47" duration="17.086962ms"
2025-01-29 13:57:04,288 INFO c.h.h.t.HelmChartContainer - [POD] hivemq-test-hivemq-platform-operator-56497fff47-5jqvx [bef4b53f-e09f-4ca8-ba88-d8ccf505d159] in helmupgradeoperatorit-operator was MODIFIED
2025-01-29 13:57:04,295 INFO c.h.h.t.HelmChartContainer - [EVENT] Normal [Scheduled] Successfully assigned helmupgradeoperatorit-operator/hivemq-test-hivemq-platform-operator-56497fff47-5jqvx to 2ffec45073c5 [helmupgradeoperatorit-operator:hivemq-test-hivemq-platform-operator-56497fff47-5jqvx]
2025-01-29 13:57:04,303 INFO c.h.h.t.HelmChartContainer - [POD] hivemq-test-hivemq-platform-operator-56497fff47-5jqvx [bef4b53f-e09f-4ca8-ba88-d8ccf505d159] in helmupgradeoperatorit-operator was MODIFIED
2025-01-29 13:57:04,312 INFO c.h.h.t.HelmChartContainer - [K3S] [replica_set.go:679] "Finished syncing" kind="ReplicaSet" key="helmupgradeoperatorit-operator/hivemq-test-hivemq-platform-operator-56497fff47" duration="23.640336ms"
2025-01-29 13:57:04,322 INFO c.h.h.t.HelmChartContainer - [K3S] [replica_set.go:679] "Finished syncing" kind="ReplicaSet" key="helmupgradeoperatorit-operator/hivemq-test-hivemq-platform-operator-56497fff47" duration="10.018401ms"
2025-01-29 13:57:04,322 INFO c.h.h.t.HelmChartContainer - [K3S] [replica_set.go:679] "Finished syncing" kind="ReplicaSet" key="helmupgradeoperatorit-operator/hivemq-test-hivemq-platform-operator-56497fff47" duration="33.472µs"
2025-01-29 13:57:04,340 INFO c.h.h.t.HelmChartContainer - [K3S] [reconciler_common.go:251] "operationExecutor.VerifyControllerAttachedVolume started for volume \"kube-api-access-n25br\" (UniqueName: \"kubernetes.io/projected/bef4b53f-e09f-4ca8-ba88-d8ccf505d159-kube-api-access-n25br\") pod \"hivemq-test-hivemq-platform-operator-56497fff47-5jqvx\" (UID: \"bef4b53f-e09f-4ca8-ba88-d8ccf505d159\") " pod="helmupgradeoperatorit-operator/hivemq-test-hivemq-platform-operator-56497fff47-5jqvx"
2025-01-29 13:57:04,676 INFO c.h.h.t.HelmChartContainer - [EVENT] Normal [Pulled] Container image "docker.io/hivemq/hivemq-platform-operator-test:snapshot" already present on machine [helmupgradeoperatorit-operator:hivemq-test-hivemq-platform-operator-56497fff47-5jqvx]
2025-01-29 13:57:04,676 INFO c.h.h.t.HelmChartContainer - Received Pulled event for container hivemq-platform-operator in pod hivemq-test-hivemq-platform-operator-56497fff47-5jqvx [bef4b53f-e09f-4ca8-ba88-d8ccf505d159]
2025-01-29 13:57:04,682 INFO c.h.h.t.HelmChartContainer - [EVENT] Normal [Created] Created container: hivemq-platform-operator [helmupgradeoperatorit-operator:hivemq-test-hivemq-platform-operator-56497fff47-5jqvx]
2025-01-29 13:57:04,682 INFO c.h.h.t.HelmChartContainer - Received Created event for container hivemq-platform-operator in pod hivemq-test-hivemq-platform-operator-56497fff47-5jqvx [bef4b53f-e09f-4ca8-ba88-d8ccf505d159]
2025-01-29 13:57:05,265 INFO c.h.h.t.HelmChartContainer - [K3S] [replica_set.go:679] "Finished syncing" kind="ReplicaSet" key="helmupgradeoperatorit-operator/hivemq-test-hivemq-platform-operator-56497fff47" duration="37.089µs"
2025-01-29 13:57:05,266 INFO c.h.h.t.HelmChartContainer - [POD] hivemq-test-hivemq-platform-operator-56497fff47-5jqvx [bef4b53f-e09f-4ca8-ba88-d8ccf505d159] in helmupgradeoperatorit-operator was MODIFIED
2025-01-29 13:57:05,281 INFO c.h.h.t.HelmChartContainer - [EVENT] Normal [Started] Started container hivemq-platform-operator [helmupgradeoperatorit-operator:hivemq-test-hivemq-platform-operator-56497fff47-5jqvx]
2025-01-29 13:57:05,282 INFO c.h.h.t.HelmChartContainer - Received Started event for container hivemq-platform-operator in pod hivemq-test-hivemq-platform-operator-56497fff47-5jqvx [bef4b53f-e09f-4ca8-ba88-d8ccf505d159]
2025-01-29 13:57:05,282 INFO c.h.h.t.HelmChartContainer - Started log watcher for hivemq-platform-operator in pod hivemq-test-hivemq-platform-operator-56497fff47-5jqvx [bef4b53f-e09f-4ca8-ba88-d8ccf505d159]
2025-01-29 13:57:05,285 INFO c.h.h.t.HelmChartContainer - [hivemq-test-hivemq-platform] [hivemq-platform-operator] [bef4b53f] -------------------------------------------------------------------------
2025-01-29 13:57:05,285 INFO c.h.h.t.HelmChartContainer - [hivemq-test-hivemq-platform] [hivemq-platform-operator] [bef4b53f] 
2025-01-29 13:57:05,285 INFO c.h.h.t.HelmChartContainer - [hivemq-test-hivemq-platform] [hivemq-platform-operator] [bef4b53f]                   _    _  _              __  __   ____
2025-01-29 13:57:05,285 INFO c.h.h.t.HelmChartContainer - [hivemq-test-hivemq-platform] [hivemq-platform-operator] [bef4b53f]                  | |  | |(_)            |  \/  | / __ \
2025-01-29 13:57:05,285 INFO c.h.h.t.HelmChartContainer - [hivemq-test-hivemq-platform] [hivemq-platform-operator] [bef4b53f]                  | |__| | _ __   __ ___ | \  / || |  | |
2025-01-29 13:57:05,285 INFO c.h.h.t.HelmChartContainer - [hivemq-test-hivemq-platform] [hivemq-platform-operator] [bef4b53f]                  |  __  || |\ \ / // _ \| |\/| || |  | |
2025-01-29 13:57:05,285 INFO c.h.h.t.HelmChartContainer - [hivemq-test-hivemq-platform] [hivemq-platform-operator] [bef4b53f]                  | |  | || | \ V /|  __/| |  | || |__| |
2025-01-29 13:57:05,285 INFO c.h.h.t.HelmChartContainer - [hivemq-test-hivemq-platform] [hivemq-platform-operator] [bef4b53f]                  |_|  |_||_|  \_/  \___||_|  |_| \___\_\
2025-01-29 13:57:05,285 INFO c.h.h.t.HelmChartContainer - [hivemq-test-hivemq-platform] [hivemq-platform-operator] [bef4b53f] 
2025-01-29 13:57:05,285 INFO c.h.h.t.HelmChartContainer - [hivemq-test-hivemq-platform] [hivemq-platform-operator] [bef4b53f] -------------------------------------------------------------------------
2025-01-29 13:57:05,285 INFO c.h.h.t.HelmChartContainer - [hivemq-test-hivemq-platform] [hivemq-platform-operator] [bef4b53f] 
2025-01-29 13:57:05,285 INFO c.h.h.t.HelmChartContainer - [hivemq-test-hivemq-platform] [hivemq-platform-operator] [bef4b53f]   HiveMQ Platform Operator Start Script v1.0
2025-01-29 13:57:05,285 INFO c.h.h.t.HelmChartContainer - [hivemq-test-hivemq-platform] [hivemq-platform-operator] [bef4b53f] 
2025-01-29 13:57:05,285 INFO c.h.h.t.HelmChartContainer - [hivemq-test-hivemq-platform] [hivemq-platform-operator] [bef4b53f] -------------------------------------------------------------------------
2025-01-29 13:57:05,285 INFO c.h.h.t.HelmChartContainer - [hivemq-test-hivemq-platform] [hivemq-platform-operator] [bef4b53f] 
2025-01-29 13:57:05,285 INFO c.h.h.t.HelmChartContainer - [hivemq-test-hivemq-platform] [hivemq-platform-operator] [bef4b53f]   JAVA_OPTS: -XX:+UnlockExperimentalVMOptions -XX:InitialRAMPercentage=75 -XX:MaxRAMPercentage=75 -Duser.language=en -Duser.region=US
2025-01-29 13:57:05,285 INFO c.h.h.t.HelmChartContainer - [hivemq-test-hivemq-platform] [hivemq-platform-operator] [bef4b53f] 
2025-01-29 13:57:05,285 INFO c.h.h.t.HelmChartContainer - [hivemq-test-hivemq-platform] [hivemq-platform-operator] [bef4b53f]   JAVA_VERSION: 21
2025-01-29 13:57:05,285 INFO c.h.h.t.HelmChartContainer - [hivemq-test-hivemq-platform] [hivemq-platform-operator] [bef4b53f] 
2025-01-29 13:57:05,285 INFO c.h.h.t.HelmChartContainer - [hivemq-test-hivemq-platform] [hivemq-platform-operator] [bef4b53f] -------------------------------------------------------------------------
2025-01-29 13:57:05,285 INFO c.h.h.t.HelmChartContainer - [hivemq-test-hivemq-platform] [hivemq-platform-operator] [bef4b53f] 
2025-01-29 13:57:05,965 INFO c.h.h.t.HelmChartContainer - [K3S] [kubelet_volumes.go:163] "Cleaned up orphaned pod volumes dir" podUID="c7fced60-8dcb-4213-beab-f64587429a94" path="/var/lib/kubelet/pods/c7fced60-8dcb-4213-beab-f64587429a94/volumes"
2025-01-29 13:57:08,148 INFO c.h.h.t.HelmChartContainer - [hivemq-test-hivemq-platform] [hivemq-platform-operator] [bef4b53f] 13:57:08.146 [main] DEBUG org.jboss.logging - Logging Provider: org.jboss.logging.Slf4jLoggerProvider
2025-01-29 13:57:08,255 INFO c.h.h.t.HelmChartContainer - [hivemq-test-hivemq-platform] [hivemq-platform-operator] [bef4b53f] 13:57:08.253 [main] DEBUG io.smallrye.config - SRCFG01006: Loaded ConfigSource SysPropConfigSource with ordinal 400
2025-01-29 13:57:08,255 INFO c.h.h.t.HelmChartContainer - [hivemq-test-hivemq-platform] [hivemq-platform-operator] [bef4b53f] 13:57:08.253 [main] DEBUG io.smallrye.config - SRCFG01006: Loaded ConfigSource EnvConfigSource with ordinal 300
2025-01-29 13:57:08,255 INFO c.h.h.t.HelmChartContainer - [hivemq-test-hivemq-platform] [hivemq-platform-operator] [bef4b53f] 13:57:08.254 [main] DEBUG io.smallrye.config - SRCFG01006: Loaded ConfigSource PropertiesConfigSource[source=jar:file:///opt/hivemq-platform-operator/bin/hivemq-platform-operator.jar!/hivemq-platform-operator.properties] with ordinal 100
2025-01-29 13:57:08,255 INFO c.h.h.t.HelmChartContainer - [hivemq-test-hivemq-platform] [hivemq-platform-operator] [bef4b53f] 13:57:08.254 [main] DEBUG io.smallrye.config - SRCFG01006: Loaded ConfigSource DefaultValuesConfigSource with ordinal -2147483648
2025-01-29 13:57:08,360 INFO c.h.h.t.HelmChartContainer - [hivemq-test-hivemq-platform] [hivemq-platform-operator] [bef4b53f] 13:57:08.358 [main] DEBUG i.m.c.u.i.l.InternalLoggerFactory - Using SLF4J as the default logging framework
2025-01-29 13:57:08,496 INFO c.h.h.t.HelmChartContainer - [hivemq-test-hivemq-platform] [hivemq-platform-operator] [bef4b53f] 13:57:08.462 [main] INFO  c.h.p.o.HiveMQPlatformOperatorApplication - HiveMQ Platform Operator 1.7.0-SNAPSHOT (commit: bebf408 on branch: HEAD) built on Sun Jan 26 20:47:47 UTC 2025
2025-01-29 13:57:08,497 INFO c.h.h.t.HelmChartContainer - [hivemq-test-hivemq-platform] [hivemq-platform-operator] [bef4b53f] 13:57:08.495 [main] INFO  c.h.p.o.HiveMQPlatformOperatorApplication - HiveMQ Platform Operator is running in namespace: helmupgradeoperatorit-operator
2025-01-29 13:57:08,497 INFO c.h.h.t.HelmChartContainer - [hivemq-test-hivemq-platform] [hivemq-platform-operator] [bef4b53f] 13:57:08.496 [main] INFO  c.h.p.o.HiveMQPlatformOperatorApplication - Watching all namespaces
2025-01-29 13:57:08,497 INFO c.h.h.t.HelmChartContainer - [hivemq-test-hivemq-platform] [hivemq-platform-operator] [bef4b53f] 13:57:08.496 [main] INFO  c.h.p.o.HiveMQPlatformOperatorApplication - Log level: DEBUG
2025-01-29 13:57:08,497 INFO c.h.h.t.HelmChartContainer - [hivemq-test-hivemq-platform] [hivemq-platform-operator] [bef4b53f] 13:57:08.496 [main] INFO  c.h.p.o.HiveMQPlatformOperatorApplication - Release name: test-hivemq-platform-operator
2025-01-29 13:57:08,497 INFO c.h.h.t.HelmChartContainer - [hivemq-test-hivemq-platform] [hivemq-platform-operator] [bef4b53f] 13:57:08.496 [main] INFO  c.h.p.o.HiveMQPlatformOperatorApplication - HiveMQ Platform Operator Init image: docker.io/hivemq/hivemq-platform-operator-init-test:snapshot
2025-01-29 13:57:08,497 INFO c.h.h.t.HelmChartContainer - [hivemq-test-hivemq-platform] [hivemq-platform-operator] [bef4b53f] 13:57:08.496 [main] INFO  c.h.p.o.HiveMQPlatformOperatorApplication - HiveMQ Platform Operator Init App update URL: http://hivemq-platform-operator-test-hivemq-platform-operator.helmupgradeoperatorit-operator.svc:8081/initAppUpdate/hivemq-platform-operator-init-app-1.7.0-SNAPSHOT.jar
2025-01-29 13:57:08,497 INFO c.h.h.t.HelmChartContainer - [hivemq-test-hivemq-platform] [hivemq-platform-operator] [bef4b53f] 13:57:08.496 [main] INFO  c.h.p.o.HiveMQPlatformOperatorApplication - Additional imagePullSecret for all Platform deployments: none
2025-01-29 13:57:08,497 INFO c.h.h.t.HelmChartContainer - [hivemq-test-hivemq-platform] [hivemq-platform-operator] [bef4b53f] 13:57:08.496 [main] INFO  c.h.p.o.HiveMQPlatformOperatorApplication - Apply HiveMQ Platform CRD: true
2025-01-29 13:57:08,498 INFO c.h.h.t.HelmChartContainer - [hivemq-test-hivemq-platform] [hivemq-platform-operator] [bef4b53f] 13:57:08.496 [main] INFO  c.h.p.o.HiveMQPlatformOperatorApplication - Create Platform ServiceAccount: true
2025-01-29 13:57:08,498 INFO c.h.h.t.HelmChartContainer - [hivemq-test-hivemq-platform] [hivemq-platform-operator] [bef4b53f] 13:57:08.496 [main] INFO  c.h.p.o.HiveMQPlatformOperatorApplication - Create Platform ServiceAccount permissions: true
2025-01-29 13:57:08,499 INFO c.h.h.t.HelmChartContainer - [hivemq-test-hivemq-platform] [hivemq-platform-operator] [bef4b53f] 13:57:08.496 [main] INFO  c.h.p.o.HiveMQPlatformOperatorApplication - Validate Platform ServiceAccount: true
2025-01-29 13:57:08,499 INFO c.h.h.t.HelmChartContainer - [hivemq-test-hivemq-platform] [hivemq-platform-operator] [bef4b53f] 13:57:08.496 [main] INFO  c.h.p.o.HiveMQPlatformOperatorApplication - Validate Platform ServiceAccount permissions: true
2025-01-29 13:57:08,657 INFO c.h.h.t.HelmChartContainer - [hivemq-test-hivemq-platform] [hivemq-platform-operator] [bef4b53f] 13:57:08.656 [main] INFO  c.h.platform.operator.util.CRDUtil - Verifying deployed HiveMQ Platform CRD...
2025-01-29 13:57:11,253 INFO c.h.h.t.HelmChartContainer - [hivemq-test-hivemq-platform] [hivemq-platform-operator] [bef4b53f] 13:57:11.252 [main] DEBUG c.h.platform.operator.util.CRDUtil - HiveMQ Platform CRD version v1 is up to date
2025-01-29 13:57:11,253 INFO c.h.h.t.HelmChartContainer - [hivemq-test-hivemq-platform] [hivemq-platform-operator] [bef4b53f] 13:57:11.252 [main] INFO  c.h.platform.operator.util.CRDUtil - HiveMQ Platform CRD is up to date (version: V1_6_0)
2025-01-29 13:57:11,253 INFO c.h.h.t.HelmChartContainer - [hivemq-test-hivemq-platform] [hivemq-platform-operator] [bef4b53f] 13:57:11.252 [main] INFO  c.h.platform.operator.util.CRDUtil - Waiting 10000 ms for HiveMQ Platform CRD 'hivemq-platforms.hivemq.com' to become ready...
2025-01-29 13:57:11,554 INFO c.h.h.t.HelmChartContainer - [hivemq-test-hivemq-platform] [hivemq-platform-operator] [bef4b53f] 13:57:11.553 [vert.x-eventloop-thread-1] DEBUG c.h.platform.operator.util.CRDUtil - Checking CRD condition 'NamesAccepted' (status: 'True')
2025-01-29 13:57:11,555 INFO c.h.h.t.HelmChartContainer - [hivemq-test-hivemq-platform] [hivemq-platform-operator] [bef4b53f] 13:57:11.553 [vert.x-eventloop-thread-1] DEBUG c.h.platform.operator.util.CRDUtil - Checking CRD condition 'Established' (status: 'True')
2025-01-29 13:57:11,555 INFO c.h.h.t.HelmChartContainer - [hivemq-test-hivemq-platform] [hivemq-platform-operator] [bef4b53f] 13:57:11.554 [main] INFO  c.h.platform.operator.util.CRDUtil - HiveMQ Platform CRD 'hivemq-platforms.hivemq.com' is ready
2025-01-29 13:57:11,796 INFO c.h.h.t.HelmChartContainer - [hivemq-test-hivemq-platform] [hivemq-platform-operator] [bef4b53f] 13:57:11.794 [main] INFO  c.h.p.o.HiveMQPlatformReconciler - HiveMQ Platform Operator is starting...
2025-01-29 13:57:11,901 INFO c.h.h.t.HelmChartContainer - [hivemq-test-hivemq-platform] [hivemq-platform-operator] [bef4b53f] 13:57:11.900 [main] WARN  Default ConfigurationService implementation - Configuration for reconciler 'hivemq-controller' was not found. Known reconcilers: None.
2025-01-29 13:57:11,953 INFO c.h.h.t.HelmChartContainer - [hivemq-test-hivemq-platform] [hivemq-platform-operator] [bef4b53f] 13:57:11.951 [main] INFO  Default ConfigurationService implementation - Created configuration for reconciler com.hivemq.platform.operator.HiveMQPlatformReconciler with name hivemq-controller
2025-01-29 13:57:12,093 INFO c.h.h.t.HelmChartContainer - [hivemq-test-hivemq-platform] [hivemq-platform-operator] [bef4b53f] 13:57:12.092 [main] DEBUG c.h.p.o.HiveMQPlatformReconciler - HiveMQ Platform Operator is preparing EventSources
2025-01-29 13:57:12,149 INFO c.h.h.t.HelmChartContainer - [hivemq-test-hivemq-platform] [hivemq-platform-operator] [bef4b53f] 13:57:12.147 [main] INFO  i.javaoperatorsdk.operator.Operator - Registered reconciler: 'hivemq-controller' for resource: 'class com.hivemq.platform.operator.v1.HiveMQPlatform' for namespace(s): [all namespaces]
2025-01-29 13:57:12,801 INFO c.h.h.t.HelmChartContainer - [hivemq-test-hivemq-platform] [hivemq-platform-operator] [bef4b53f] 13:57:12.800 [main] INFO  c.h.p.operator.webserver.JettyServer - Starting Jetty server on port 8081
2025-01-29 13:57:12,900 INFO c.h.h.t.HelmChartContainer - [hivemq-test-hivemq-platform] [hivemq-platform-operator] [bef4b53f] 13:57:12.899 [main] INFO  i.javaoperatorsdk.operator.Operator - Operator SDK 4.9.7 (commit: 2133d28) built on Wed Nov 20 12:56:20 UTC 2024 starting...
2025-01-29 13:57:12,901 INFO c.h.h.t.HelmChartContainer - [hivemq-test-hivemq-platform] [hivemq-platform-operator] [bef4b53f] 13:57:12.900 [main] INFO  i.javaoperatorsdk.operator.Operator - Client version: 6.13.4
2025-01-29 13:57:12,902 INFO c.h.h.t.HelmChartContainer - [hivemq-test-hivemq-platform] [hivemq-platform-operator] [bef4b53f] 13:57:12.901 [Controller Starter for: hivemq-controller] INFO  i.j.operator.processing.Controller - Starting 'hivemq-controller' controller for reconciler: com.hivemq.platform.operator.HiveMQPlatformReconciler, resource: com.hivemq.platform.operator.v1.HiveMQPlatform
2025-01-29 13:57:15,247 INFO c.h.h.t.HelmChartContainer - [hivemq-test-hivemq-platform] [hivemq-platform-operator] [bef4b53f] 13:57:15.245 [Controller Starter for: hivemq-controller] INFO  i.j.operator.processing.Controller - 'hivemq-controller' controller started
2025-01-29 13:57:15,248 INFO c.h.h.t.HelmChartContainer - [hivemq-test-hivemq-platform] [hivemq-platform-operator] [bef4b53f] 13:57:15.247 [main] INFO  c.h.p.o.HiveMQPlatformOperatorApplication - HiveMQ Platform Operator 1.7.0-SNAPSHOT started in 6785 ms
2025-01-29 13:57:16,277 INFO c.h.h.t.HelmChartContainer - [POD] hivemq-test-hivemq-platform-operator-56497fff47-5jqvx [bef4b53f-e09f-4ca8-ba88-d8ccf505d159] in helmupgradeoperatorit-operator was MODIFIED
2025-01-29 13:57:16,281 INFO c.h.h.t.HelmChartContainer - [K3S] [replica_set.go:679] "Finished syncing" kind="ReplicaSet" key="helmupgradeoperatorit-operator/hivemq-test-hivemq-platform-operator-56497fff47" duration="10.418261ms"
2025-01-29 13:57:16,281 INFO c.h.h.t.HelmChartContainer - [K3S] [replica_set.go:679] "Finished syncing" kind="ReplicaSet" key="helmupgradeoperatorit-operator/hivemq-test-hivemq-platform-operator-56497fff47" duration="30.276µs"
2025-01-29 13:57:16,938 INFO c.h.h.t.HelmChartContainer - Uninstalling release 'test-hivemq-platform-operator' in namespace 'helmupgradeoperatorit-operator'...
2025-01-29 13:57:16,938 DEBUG c.h.h.t.HelmChartContainer - Executing helm command: /bin/helm --kubeconfig /etc/rancher/k3s/k3s.yaml uninstall test-hivemq-platform-operator  --wait --timeout 5m0s --cascade foreground --namespace helmupgradeoperatorit-operator
2025-01-29 13:57:17,113 INFO c.h.h.t.HelmChartContainer - [K3S] [replica_set.go:679] "Finished syncing" kind="ReplicaSet" key="helmupgradeoperatorit-operator/hivemq-test-hivemq-platform-operator-6966f96d65" duration="6.552µs"
2025-01-29 13:57:17,126 INFO c.h.h.t.HelmChartContainer - [K3S] [replica_set.go:679] "Finished syncing" kind="ReplicaSet" key="helmupgradeoperatorit-operator/hivemq-test-hivemq-platform-operator-56497fff47" duration="12.77872ms"
2025-01-29 13:57:17,127 INFO c.h.h.t.HelmChartContainer - [K3S] [replica_set.go:679] "Finished syncing" kind="ReplicaSet" key="helmupgradeoperatorit-operator/hivemq-test-hivemq-platform-operator-56497fff47" duration="33.993µs"
2025-01-29 13:57:17,140 INFO c.h.h.t.HelmChartContainer - [POD] hivemq-test-hivemq-platform-operator-56497fff47-5jqvx [bef4b53f-e09f-4ca8-ba88-d8ccf505d159] in helmupgradeoperatorit-operator was MODIFIED
2025-01-29 13:57:17,156 INFO c.h.h.t.HelmChartContainer - [EVENT] Normal [Killing] Stopping container hivemq-platform-operator [helmupgradeoperatorit-operator:hivemq-test-hivemq-platform-operator-56497fff47-5jqvx]
2025-01-29 13:57:17,156 INFO c.h.h.t.HelmChartContainer - Received Killing event for container hivemq-platform-operator in pod hivemq-test-hivemq-platform-operator-56497fff47-5jqvx [bef4b53f-e09f-4ca8-ba88-d8ccf505d159]
2025-01-29 13:57:17,156 INFO c.h.h.t.HelmChartContainer - Container [hivemq-test-hivemq-platform-operator-56497fff47-5jqvx] [hivemq-platform-operator] [bef4b53f-e09f-4ca8-ba88-d8ccf505d159] was terminated
2025-01-29 13:57:17,156 INFO c.h.h.t.HelmChartContainer - Stopped log watcher for hivemq-platform-operator in pod hivemq-test-hivemq-platform-operator-56497fff47-5jqvx [bef4b53f-e09f-4ca8-ba88-d8ccf505d159]
2025-01-29 13:57:17,159 INFO c.h.h.t.HelmChartContainer - [K3S] [replica_set.go:679] "Finished syncing" kind="ReplicaSet" key="helmupgradeoperatorit-operator/hivemq-test-hivemq-platform-operator-56497fff47" duration="22.160842ms"
2025-01-29 13:57:17,159 INFO c.h.h.t.HelmChartContainer - [K3S] [replica_set.go:679] "Finished syncing" kind="ReplicaSet" key="helmupgradeoperatorit-operator/hivemq-test-hivemq-platform-operator-56497fff47" duration="44.954µs"
2025-01-29 13:57:17,159 INFO c.h.h.t.HelmChartContainer - [hivemq-test-hivemq-platform] [hivemq-platform-operator] [bef4b53f] 13:57:17.155 [application-shutdown-thread] INFO  c.h.p.o.HiveMQPlatformOperatorApplication - HiveMQ Platform Operator is stopping...
2025-01-29 13:57:17,159 INFO c.h.h.t.HelmChartContainer - [hivemq-test-hivemq-platform] [hivemq-platform-operator] [bef4b53f] 13:57:17.155 [application-shutdown-thread] INFO  i.javaoperatorsdk.operator.Operator - Operator SDK 4.9.7 is shutting down...
2025-01-29 13:57:17,678 INFO c.h.h.t.HelmChartContainer - [K3S] [replica_set.go:679] "Finished syncing" kind="ReplicaSet" key="helmupgradeoperatorit-operator/hivemq-test-hivemq-platform-operator-56497fff47" duration="57.367µs"
2025-01-29 13:57:17,681 INFO c.h.h.t.HelmChartContainer - [POD] hivemq-test-hivemq-platform-operator-56497fff47-5jqvx [bef4b53f-e09f-4ca8-ba88-d8ccf505d159] in helmupgradeoperatorit-operator was MODIFIED
2025-01-29 13:57:17,728 INFO c.h.h.t.HelmChartContainer - [K3S] [reconciler_common.go:162] "operationExecutor.UnmountVolume started for volume \"kube-api-access-n25br\" (UniqueName: \"kubernetes.io/projected/bef4b53f-e09f-4ca8-ba88-d8ccf505d159-kube-api-access-n25br\") pod \"bef4b53f-e09f-4ca8-ba88-d8ccf505d159\" (UID: \"bef4b53f-e09f-4ca8-ba88-d8ccf505d159\") "
2025-01-29 13:57:17,829 INFO c.h.h.t.HelmChartContainer - [K3S] [reconciler_common.go:299] "Volume detached for volume \"kube-api-access-n25br\" (UniqueName: \"kubernetes.io/projected/bef4b53f-e09f-4ca8-ba88-d8ccf505d159-kube-api-access-n25br\") on node \"2ffec45073c5\" DevicePath \"\""
2025-01-29 13:57:18,280 INFO c.h.h.t.HelmChartContainer - [K3S] [scope.go:117] "RemoveContainer" containerID="96f3824eafc4d380b43387ee8a7d3e6410662b5c42a0b192f7094d145d143d31"
2025-01-29 13:57:18,283 INFO c.h.h.t.HelmChartContainer - [K3S] [scope.go:117] "RemoveContainer" containerID="96f3824eafc4d380b43387ee8a7d3e6410662b5c42a0b192f7094d145d143d31"
2025-01-29 13:57:18,289 INFO c.h.h.t.HelmChartContainer - [K3S] [replica_set.go:679] "Finished syncing" kind="ReplicaSet" key="helmupgradeoperatorit-operator/hivemq-test-hivemq-platform-operator-56497fff47" duration="52.608µs"
2025-01-29 13:57:18,290 INFO c.h.h.t.HelmChartContainer - [POD] hivemq-test-hivemq-platform-operator-56497fff47-5jqvx [bef4b53f-e09f-4ca8-ba88-d8ccf505d159] in helmupgradeoperatorit-operator was MODIFIED
2025-01-29 13:57:18,291 INFO c.h.h.t.HelmChartContainer - [K3S] [replica_set.go:679] "Finished syncing" kind="ReplicaSet" key="helmupgradeoperatorit-operator/hivemq-test-hivemq-platform-operator-56497fff47" duration="37.43µs"
2025-01-29 13:57:18,293 INFO c.h.h.t.HelmChartContainer - [POD] hivemq-test-hivemq-platform-operator-56497fff47-5jqvx [bef4b53f-e09f-4ca8-ba88-d8ccf505d159] in helmupgradeoperatorit-operator was DELETED
2025-01-29 13:57:18,303 INFO c.h.h.t.HelmChartContainer - [K3S] [replica_set.go:679] "Finished syncing" kind="ReplicaSet" key="helmupgradeoperatorit-operator/hivemq-test-hivemq-platform-operator-56497fff47" duration="5.78µs"
2025-01-29 13:57:19,183 INFO c.h.h.t.HelmChartContainer - Deleting namespace 'helmupgradeoperatorit-operator'...
2025-01-29 13:57:19,964 INFO c.h.h.t.HelmChartContainer - [K3S] [kubelet_volumes.go:163] "Cleaned up orphaned pod volumes dir" podUID="bef4b53f-e09f-4ca8-ba88-d8ccf505d159" path="/var/lib/kubelet/pods/bef4b53f-e09f-4ca8-ba88-d8ccf505d159/volumes"
2025-01-29 13:57:24,400 INFO c.h.h.t.HelmChartContainer - Namespace 'helmupgradeoperatorit-operator' deleted
2025-01-29 13:57:24,401 INFO c.h.h.t.HelmChartContainer - Release 'test-hivemq-platform-operator' in namespace 'helmupgradeoperatorit-operator' is uninstalled
2025-01-29 13:57:24,981 INFO c.h.helmcharts.AbstractHelmChartIT - Removed unused containers:

2025-01-29 13:57:29,333 INFO c.h.h.t.HelmChartContainer - [K3S] [namespace_controller.go:187] "Namespace has been deleted" namespace="helmupgradeoperatorit-operator"
2025-01-29 13:57:30,944 INFO c.h.helmcharts.AbstractHelmChartIT - Removed unused snapshots:
Removing snapshot sha256:03af251906410714c5aef9fa705b63f6bbc39c4a5e787de7361eeb18886c2ed2
Removing snapshot sha256:0c46b3b43cce082ce5ec34ffc6c294e0417d17b9d1e6f366d114b6aadc4f96dc
Removing snapshot sha256:0ce761beee59082d6ed5bcebd3a805b8ddd9b3426b617e4809e7fb7c6587ffec
Removing snapshot sha256:0ea5f31d71e4e07bee741132031702012edf884da03c8164468d24655bc324fa
Removing snapshot sha256:1021ef88c7974bfff89c5a0ec4fd3160daac6c48a075f74cff721f85dd104e68
Removing snapshot sha256:10aba4953ddc18145dd38e3704709bc464aa20af60b56fe52caaff4b68411e62
Removing snapshot sha256:362a8a37f8bbc31925a8146adcf7cf51f9882f5c1dcbef67c5baa03a297543c0
Removing snapshot sha256:43a7c979bbaba6838bc3102d6b10a1459f3ab050b87ccdfef84ef90cf43d3058
Removing snapshot sha256:4ab04491cdf0d3267f08206fe30bd48f49f94b9cab2f016d6739220f722a64af
Removing snapshot sha256:4b6068250e89c96f263060261819c7d912855bfbd64b3eb4c4a8483299b8c295
Removing snapshot sha256:580e69a0a8034ede1921139bbd2bfb72a69ebf276d008281896c32dd8bf74775
Removing snapshot sha256:5d30ba46b27fe37484567ccc5242cadc78217b8da605f3f195ef25cbf7487904
Removing snapshot sha256:63ca1fbb43ae5034640e5e6cb3e083e05c290072c5366fcaa9d62435a4cced85
Removing snapshot sha256:67f702c6baae873bceb19487c8b1f27bd2b86077e4f2f0e480e6d60ab508b8f5
Removing snapshot sha256:6864348dd42806d552efdec384f1274be15e2d0c10ce44c1f04347af004c10a9
Removing snapshot sha256:6c7dee8f2c39b84b7dc2711c01d33de93514d9055499173e9290176fbe484b6c
Removing snapshot sha256:82753493a6d61ded36556292f02f31841a14c20d2f279f19eaad65afb661d5cd
Removing snapshot sha256:8a10d3db42c505ee0fcfa98417bdd7e39b304f6bcc0a06bb1b220797ff2cc63c
Removing snapshot sha256:a21e5b12dbac529ad45d976eb9ce45c881f3bedcc500fb30aba1e52aa1813418
Removing snapshot sha256:b921e6c28969094157f9b8e7244677780319637afd14450b7cb6b2fdea558a0c
Removing snapshot sha256:bc27ecb5769a00e309cf99ebc763c4a4b958b618d1decc96ffac5bc05f02f5b7
Removing snapshot sha256:be3ccb6627a5332e309d45ef461d09b4879dd870c7394d89323d0ebc6ca6aa8a
Removing snapshot sha256:c261f7cbbc64211ee175ee47273acdb7b1a36a4450b397a064a8f2c026490095
Removing snapshot sha256:c34d9393647eea0c9e3557ab988efaf59f61d10a2a5613b439ef0958cca5ec10
Removing snapshot sha256:ccf3c4a0fa967a41c1c83497a2ce6fa5787965859df0adb32c4ca2cf7490bc2b
Removing snapshot sha256:cf92d33f869417309692088c341cd0f223c178ea78a125f757317b22aa8f90e9
Removing snapshot sha256:d0037344cf2fb078884f1849f6a1f8cf9a33a3b6139b6a85833e5ee528e1f9a8
Removing snapshot sha256:d3b36d5b79273b1e98e7700470eaeff05a882e777124d84cebcc1505b85ecb36
Removing snapshot sha256:d65a44a37914602d12c611e5e22a50f11451d847e63015cc1c2aef92dee777a4
Removing snapshot sha256:e2dc0bae2455930f23ae570e019b7f32edc75c0f2d71cab084db837ff9051796
Removing snapshot sha256:eccbd24a99c60cd9e86ee5305dbfc4a4dc89f5ab4fb1f06c8d64797cecedef34
Removing snapshot sha256:f144bb4c7c7f0d2aa7eeffd36d934ec40db1ee167be727e326aad9fdc616f475

2025-01-29 13:57:30,945 WARN c.h.helmcharts.AbstractHelmChartIT - Error during removal of snapshots:
ctr: failed to remove "sha256:03af251906410714c5aef9fa705b63f6bbc39c4a5e787de7361eeb18886c2ed2": cannot remove snapshot with child: failed precondition
ctr: failed to remove "sha256:0c46b3b43cce082ce5ec34ffc6c294e0417d17b9d1e6f366d114b6aadc4f96dc": cannot remove snapshot with child: failed precondition
ctr: failed to remove "sha256:0ce761beee59082d6ed5bcebd3a805b8ddd9b3426b617e4809e7fb7c6587ffec": cannot remove snapshot with child: failed precondition
ctr: failed to remove "sha256:1021ef88c7974bfff89c5a0ec4fd3160daac6c48a075f74cff721f85dd104e68": cannot remove snapshot with child: failed precondition
ctr: failed to remove "sha256:10aba4953ddc18145dd38e3704709bc464aa20af60b56fe52caaff4b68411e62": cannot remove snapshot with child: failed precondition
ctr: failed to remove "sha256:362a8a37f8bbc31925a8146adcf7cf51f9882f5c1dcbef67c5baa03a297543c0": cannot remove snapshot with child: failed precondition
ctr: failed to remove "sha256:43a7c979bbaba6838bc3102d6b10a1459f3ab050b87ccdfef84ef90cf43d3058": cannot remove snapshot with child: failed precondition
ctr: failed to remove "sha256:4ab04491cdf0d3267f08206fe30bd48f49f94b9cab2f016d6739220f722a64af": cannot remove snapshot with child: failed precondition
ctr: failed to remove "sha256:4b6068250e89c96f263060261819c7d912855bfbd64b3eb4c4a8483299b8c295": cannot remove snapshot with child: failed precondition
ctr: failed to remove "sha256:580e69a0a8034ede1921139bbd2bfb72a69ebf276d008281896c32dd8bf74775": cannot remove snapshot with child: failed precondition
ctr: failed to remove "sha256:5d30ba46b27fe37484567ccc5242cadc78217b8da605f3f195ef25cbf7487904": cannot remove snapshot with child: failed precondition
ctr: failed to remove "sha256:63ca1fbb43ae5034640e5e6cb3e083e05c290072c5366fcaa9d62435a4cced85": cannot remove snapshot with child: failed precondition
ctr: failed to remove "sha256:67f702c6baae873bceb19487c8b1f27bd2b86077e4f2f0e480e6d60ab508b8f5": cannot remove snapshot with child: failed precondition
ctr: failed to remove "sha256:6864348dd42806d552efdec384f1274be15e2d0c10ce44c1f04347af004c10a9": cannot remove snapshot with child: failed precondition
ctr: failed to remove "sha256:6c7dee8f2c39b84b7dc2711c01d33de93514d9055499173e9290176fbe484b6c": cannot remove snapshot with child: failed precondition
ctr: failed to remove "sha256:82753493a6d61ded36556292f02f31841a14c20d2f279f19eaad65afb661d5cd": cannot remove snapshot with child: failed precondition
ctr: failed to remove "sha256:8a10d3db42c505ee0fcfa98417bdd7e39b304f6bcc0a06bb1b220797ff2cc63c": cannot remove snapshot with child: failed precondition
ctr: failed to remove "sha256:a21e5b12dbac529ad45d976eb9ce45c881f3bedcc500fb30aba1e52aa1813418": cannot remove snapshot with child: failed precondition
ctr: failed to remove "sha256:b921e6c28969094157f9b8e7244677780319637afd14450b7cb6b2fdea558a0c": cannot remove snapshot with child: failed precondition
ctr: failed to remove "sha256:bc27ecb5769a00e309cf99ebc763c4a4b958b618d1decc96ffac5bc05f02f5b7": cannot remove snapshot with child: failed precondition
ctr: failed to remove "sha256:be3ccb6627a5332e309d45ef461d09b4879dd870c7394d89323d0ebc6ca6aa8a": cannot remove snapshot with child: failed precondition
ctr: failed to remove "sha256:c261f7cbbc64211ee175ee47273acdb7b1a36a4450b397a064a8f2c026490095": cannot remove snapshot with child: failed precondition
ctr: failed to remove "sha256:c34d9393647eea0c9e3557ab988efaf59f61d10a2a5613b439ef0958cca5ec10": cannot remove snapshot with child: failed precondition
ctr: failed to remove "sha256:ccf3c4a0fa967a41c1c83497a2ce6fa5787965859df0adb32c4ca2cf7490bc2b": cannot remove snapshot with child: failed precondition
ctr: failed to remove "sha256:cf92d33f869417309692088c341cd0f223c178ea78a125f757317b22aa8f90e9": cannot remove snapshot with child: failed precondition
ctr: failed to remove "sha256:d0037344cf2fb078884f1849f6a1f8cf9a33a3b6139b6a85833e5ee528e1f9a8": cannot remove snapshot with child: failed precondition
ctr: failed to remove "sha256:d3b36d5b79273b1e98e7700470eaeff05a882e777124d84cebcc1505b85ecb36": cannot remove snapshot with child: failed precondition
ctr: failed to remove "sha256:d65a44a37914602d12c611e5e22a50f11451d847e63015cc1c2aef92dee777a4": cannot remove snapshot with child: failed precondition
ctr: failed to remove "sha256:e2dc0bae2455930f23ae570e019b7f32edc75c0f2d71cab084db837ff9051796": cannot remove snapshot with child: failed precondition
ctr: failed to remove "sha256:eccbd24a99c60cd9e86ee5305dbfc4a4dc89f5ab4fb1f06c8d64797cecedef34": cannot remove snapshot with child: failed precondition
ctr: failed to remove "sha256:f144bb4c7c7f0d2aa7eeffd36d934ec40db1ee167be727e326aad9fdc616f475": cannot remove snapshot with child: failed precondition

]]></system-out>
  </testcase>
  <system-out><![CDATA[2025-01-29 13:56:47,763 INFO c.h.h.t.HelmChartContainerExtension - Using cached HelmChartContainer instance
]]></system-out>
  <system-err><![CDATA[]]></system-err>
</testsuite>
