<?xml version="1.0" encoding="UTF-8"?>
<testsuite name="com.hivemq.helmcharts.services.HelmRestApiIT" tests="3" skipped="0" failures="0" errors="0" timestamp="2025-01-28T23:37:24" hostname="fv-az1436-45" time="302.543">
  <properties/>
  <testcase name="platformChart_whenAuthEnabled_thenCallsEndpoint()" classname="com.hivemq.helmcharts.services.HelmRestApiIT" time="109.628">
    <system-out><![CDATA[2025-01-28 23:37:24,030 INFO c.h.h.t.HelmChartContainer - Creating namespace 'helmrestapiit-operator'...
2025-01-28 23:37:24,041 INFO c.h.h.t.HelmChartContainer - Namespace 'helmrestapiit-operator' created
2025-01-28 23:37:24,041 INFO c.h.h.t.HelmChartContainer - Creating namespace 'helmrestapiit'...
2025-01-28 23:37:24,139 INFO c.h.h.t.HelmChartContainer - Namespace 'helmrestapiit' created
2025-01-28 23:37:24,206 DEBUG c.h.h.t.HelmChartContainer - Executing helm command: /bin/helm --kubeconfig /etc/rancher/k3s/k3s.yaml install test-hivemq-platform-operator /charts/hivemq-platform-operator --wait --timeout 5m0s --set image.repository=docker.io/hivemq --set image.name=hivemq-platform-operator-test --set image.initImageName=hivemq-platform-operator-init-test --set image.tag=snapshot --set image.pullPolicy=Never --set logLevel=DEBUG --set resources.cpu=512m --namespace helmrestapiit-operator
2025-01-28 23:37:24,520 INFO c.h.h.t.HelmChartContainer - [K3S] [alloc.go:330] "allocated clusterIPs" service="helmrestapiit-operator/hivemq-platform-operator-test-hivemq-platform-operator" clusterIPs={"IPv4":"10.43.192.112"}
2025-01-28 23:37:24,534 INFO c.h.h.t.HelmChartContainer - [EVENT] Normal [ScalingReplicaSet] Scaled up replica set hivemq-test-hivemq-platform-operator-6966f96d65 from 0 to 1 [helmrestapiit-operator:hivemq-test-hivemq-platform-operator]
2025-01-28 23:37:24,540 INFO c.h.h.t.HelmChartContainer - [POD] hivemq-test-hivemq-platform-operator-6966f96d65-7hlkj [1db6f0c9-629f-45a4-962e-98b23953b8f0] in helmrestapiit-operator was ADDED
2025-01-28 23:37:24,541 INFO c.h.h.t.HelmChartContainer - [EVENT] Normal [SuccessfulCreate] Created pod: hivemq-test-hivemq-platform-operator-6966f96d65-7hlkj [helmrestapiit-operator:hivemq-test-hivemq-platform-operator-6966f96d65]
2025-01-28 23:37:24,546 INFO c.h.h.t.HelmChartContainer - [K3S] [replica_set.go:679] "Finished syncing" kind="ReplicaSet" key="helmrestapiit-operator/hivemq-test-hivemq-platform-operator-6966f96d65" duration="15.900863ms"
2025-01-28 23:37:24,550 INFO c.h.h.t.HelmChartContainer - [POD] hivemq-test-hivemq-platform-operator-6966f96d65-7hlkj [1db6f0c9-629f-45a4-962e-98b23953b8f0] in helmrestapiit-operator was MODIFIED
2025-01-28 23:37:24,551 INFO c.h.h.t.HelmChartContainer - [K3S] [memory_manager.go:355] "RemoveStaleState removing state" podUID="98e58320-232e-4053-b670-2d72cc0d3c09" containerName="hivemq-platform-operator"
2025-01-28 23:37:24,552 INFO c.h.h.t.HelmChartContainer - [K3S] [memory_manager.go:355] "RemoveStaleState removing state" podUID="8f8d47d3-986b-40b2-b2e5-f5e3c035f759" containerName="hivemq"
2025-01-28 23:37:24,552 INFO c.h.h.t.HelmChartContainer - [K3S] [memory_manager.go:355] "RemoveStaleState removing state" podUID="f6b23e54-b69f-4751-9883-5a6eefb742b4" containerName="hivemq"
2025-01-28 23:37:24,552 INFO c.h.h.t.HelmChartContainer - [EVENT] Normal [Scheduled] Successfully assigned helmrestapiit-operator/hivemq-test-hivemq-platform-operator-6966f96d65-7hlkj to 28cdbdf25764 [helmrestapiit-operator:hivemq-test-hivemq-platform-operator-6966f96d65-7hlkj]
2025-01-28 23:37:24,558 INFO c.h.h.t.HelmChartContainer - [K3S] [replica_set.go:679] "Finished syncing" kind="ReplicaSet" key="helmrestapiit-operator/hivemq-test-hivemq-platform-operator-6966f96d65" duration="12.716685ms"
2025-01-28 23:37:24,561 INFO c.h.h.t.HelmChartContainer - [POD] hivemq-test-hivemq-platform-operator-6966f96d65-7hlkj [1db6f0c9-629f-45a4-962e-98b23953b8f0] in helmrestapiit-operator was MODIFIED
2025-01-28 23:37:24,569 INFO c.h.h.t.HelmChartContainer - [K3S] [replica_set.go:679] "Finished syncing" kind="ReplicaSet" key="helmrestapiit-operator/hivemq-test-hivemq-platform-operator-6966f96d65" duration="11.414012ms"
2025-01-28 23:37:24,569 INFO c.h.h.t.HelmChartContainer - [K3S] [replica_set.go:679] "Finished syncing" kind="ReplicaSet" key="helmrestapiit-operator/hivemq-test-hivemq-platform-operator-6966f96d65" duration="33.222µs"
2025-01-28 23:37:24,692 INFO c.h.h.t.HelmChartContainer - [K3S] [reconciler_common.go:251] "operationExecutor.VerifyControllerAttachedVolume started for volume \"kube-api-access-bc4hx\" (UniqueName: \"kubernetes.io/projected/1db6f0c9-629f-45a4-962e-98b23953b8f0-kube-api-access-bc4hx\") pod \"hivemq-test-hivemq-platform-operator-6966f96d65-7hlkj\" (UID: \"1db6f0c9-629f-45a4-962e-98b23953b8f0\") " pod="helmrestapiit-operator/hivemq-test-hivemq-platform-operator-6966f96d65-7hlkj"
2025-01-28 23:37:24,951 INFO c.h.h.t.HelmChartContainer - [EVENT] Normal [Pulled] Container image "docker.io/hivemq/hivemq-platform-operator-test:snapshot" already present on machine [helmrestapiit-operator:hivemq-test-hivemq-platform-operator-6966f96d65-7hlkj]
2025-01-28 23:37:24,951 INFO c.h.h.t.HelmChartContainer - Received Pulled event for container hivemq-platform-operator in pod hivemq-test-hivemq-platform-operator-6966f96d65-7hlkj [1db6f0c9-629f-45a4-962e-98b23953b8f0]
2025-01-28 23:37:26,284 INFO c.h.h.t.HelmChartContainer - [EVENT] Normal [Created] Created container: hivemq-platform-operator [helmrestapiit-operator:hivemq-test-hivemq-platform-operator-6966f96d65-7hlkj]
2025-01-28 23:37:26,284 INFO c.h.h.t.HelmChartContainer - Received Created event for container hivemq-platform-operator in pod hivemq-test-hivemq-platform-operator-6966f96d65-7hlkj [1db6f0c9-629f-45a4-962e-98b23953b8f0]
2025-01-28 23:37:26,570 INFO c.h.h.t.HelmChartContainer - [K3S] [replica_set.go:679] "Finished syncing" kind="ReplicaSet" key="helmrestapiit-operator/hivemq-test-hivemq-platform-operator-6966f96d65" duration="40.266µs"
2025-01-28 23:37:26,572 INFO c.h.h.t.HelmChartContainer - [POD] hivemq-test-hivemq-platform-operator-6966f96d65-7hlkj [1db6f0c9-629f-45a4-962e-98b23953b8f0] in helmrestapiit-operator was MODIFIED
2025-01-28 23:37:26,583 INFO c.h.h.t.HelmChartContainer - [EVENT] Normal [Started] Started container hivemq-platform-operator [helmrestapiit-operator:hivemq-test-hivemq-platform-operator-6966f96d65-7hlkj]
2025-01-28 23:37:26,583 INFO c.h.h.t.HelmChartContainer - Received Started event for container hivemq-platform-operator in pod hivemq-test-hivemq-platform-operator-6966f96d65-7hlkj [1db6f0c9-629f-45a4-962e-98b23953b8f0]
2025-01-28 23:37:26,583 INFO c.h.h.t.HelmChartContainer - Started log watcher for hivemq-platform-operator in pod hivemq-test-hivemq-platform-operator-6966f96d65-7hlkj [1db6f0c9-629f-45a4-962e-98b23953b8f0]
2025-01-28 23:37:26,584 INFO c.h.h.t.HelmChartContainer - [hivemq-test-hivemq-platform] [hivemq-platform-operator] [1db6f0c9] -------------------------------------------------------------------------
2025-01-28 23:37:26,584 INFO c.h.h.t.HelmChartContainer - [hivemq-test-hivemq-platform] [hivemq-platform-operator] [1db6f0c9] 
2025-01-28 23:37:26,584 INFO c.h.h.t.HelmChartContainer - [hivemq-test-hivemq-platform] [hivemq-platform-operator] [1db6f0c9]                   _    _  _              __  __   ____
2025-01-28 23:37:26,584 INFO c.h.h.t.HelmChartContainer - [hivemq-test-hivemq-platform] [hivemq-platform-operator] [1db6f0c9]                  | |  | |(_)            |  \/  | / __ \
2025-01-28 23:37:26,584 INFO c.h.h.t.HelmChartContainer - [hivemq-test-hivemq-platform] [hivemq-platform-operator] [1db6f0c9]                  | |__| | _ __   __ ___ | \  / || |  | |
2025-01-28 23:37:26,584 INFO c.h.h.t.HelmChartContainer - [hivemq-test-hivemq-platform] [hivemq-platform-operator] [1db6f0c9]                  |  __  || |\ \ / // _ \| |\/| || |  | |
2025-01-28 23:37:26,584 INFO c.h.h.t.HelmChartContainer - [hivemq-test-hivemq-platform] [hivemq-platform-operator] [1db6f0c9]                  | |  | || | \ V /|  __/| |  | || |__| |
2025-01-28 23:37:26,584 INFO c.h.h.t.HelmChartContainer - [hivemq-test-hivemq-platform] [hivemq-platform-operator] [1db6f0c9]                  |_|  |_||_|  \_/  \___||_|  |_| \___\_\
2025-01-28 23:37:26,584 INFO c.h.h.t.HelmChartContainer - [hivemq-test-hivemq-platform] [hivemq-platform-operator] [1db6f0c9] 
2025-01-28 23:37:26,584 INFO c.h.h.t.HelmChartContainer - [hivemq-test-hivemq-platform] [hivemq-platform-operator] [1db6f0c9] -------------------------------------------------------------------------
2025-01-28 23:37:26,584 INFO c.h.h.t.HelmChartContainer - [hivemq-test-hivemq-platform] [hivemq-platform-operator] [1db6f0c9] 
2025-01-28 23:37:26,584 INFO c.h.h.t.HelmChartContainer - [hivemq-test-hivemq-platform] [hivemq-platform-operator] [1db6f0c9]   HiveMQ Platform Operator Start Script v1.0
2025-01-28 23:37:26,584 INFO c.h.h.t.HelmChartContainer - [hivemq-test-hivemq-platform] [hivemq-platform-operator] [1db6f0c9] 
2025-01-28 23:37:26,584 INFO c.h.h.t.HelmChartContainer - [hivemq-test-hivemq-platform] [hivemq-platform-operator] [1db6f0c9] -------------------------------------------------------------------------
2025-01-28 23:37:26,584 INFO c.h.h.t.HelmChartContainer - [hivemq-test-hivemq-platform] [hivemq-platform-operator] [1db6f0c9] 
2025-01-28 23:37:26,584 INFO c.h.h.t.HelmChartContainer - [hivemq-test-hivemq-platform] [hivemq-platform-operator] [1db6f0c9]   JAVA_OPTS: -XX:+UnlockExperimentalVMOptions -XX:InitialRAMPercentage=75 -XX:MaxRAMPercentage=75 -Duser.language=en -Duser.region=US
2025-01-28 23:37:26,584 INFO c.h.h.t.HelmChartContainer - [hivemq-test-hivemq-platform] [hivemq-platform-operator] [1db6f0c9] 
2025-01-28 23:37:26,584 INFO c.h.h.t.HelmChartContainer - [hivemq-test-hivemq-platform] [hivemq-platform-operator] [1db6f0c9]   JAVA_VERSION: 21
2025-01-28 23:37:26,584 INFO c.h.h.t.HelmChartContainer - [hivemq-test-hivemq-platform] [hivemq-platform-operator] [1db6f0c9] 
2025-01-28 23:37:26,584 INFO c.h.h.t.HelmChartContainer - [hivemq-test-hivemq-platform] [hivemq-platform-operator] [1db6f0c9] -------------------------------------------------------------------------
2025-01-28 23:37:26,584 INFO c.h.h.t.HelmChartContainer - [hivemq-test-hivemq-platform] [hivemq-platform-operator] [1db6f0c9] 
2025-01-28 23:37:29,550 INFO c.h.h.t.HelmChartContainer - [hivemq-test-hivemq-platform] [hivemq-platform-operator] [1db6f0c9] 23:37:29.547 [main] DEBUG org.jboss.logging - Logging Provider: org.jboss.logging.Slf4jLoggerProvider
2025-01-28 23:37:29,654 INFO c.h.h.t.HelmChartContainer - [hivemq-test-hivemq-platform] [hivemq-platform-operator] [1db6f0c9] 23:37:29.653 [main] DEBUG io.smallrye.config - SRCFG01006: Loaded ConfigSource SysPropConfigSource with ordinal 400
2025-01-28 23:37:29,654 INFO c.h.h.t.HelmChartContainer - [hivemq-test-hivemq-platform] [hivemq-platform-operator] [1db6f0c9] 23:37:29.653 [main] DEBUG io.smallrye.config - SRCFG01006: Loaded ConfigSource EnvConfigSource with ordinal 300
2025-01-28 23:37:29,654 INFO c.h.h.t.HelmChartContainer - [hivemq-test-hivemq-platform] [hivemq-platform-operator] [1db6f0c9] 23:37:29.653 [main] DEBUG io.smallrye.config - SRCFG01006: Loaded ConfigSource PropertiesConfigSource[source=jar:file:///opt/hivemq-platform-operator/bin/hivemq-platform-operator.jar!/hivemq-platform-operator.properties] with ordinal 100
2025-01-28 23:37:29,655 INFO c.h.h.t.HelmChartContainer - [hivemq-test-hivemq-platform] [hivemq-platform-operator] [1db6f0c9] 23:37:29.653 [main] DEBUG io.smallrye.config - SRCFG01006: Loaded ConfigSource DefaultValuesConfigSource with ordinal -2147483648
2025-01-28 23:37:29,752 INFO c.h.h.t.HelmChartContainer - [hivemq-test-hivemq-platform] [hivemq-platform-operator] [1db6f0c9] 23:37:29.751 [main] DEBUG i.m.c.u.i.l.InternalLoggerFactory - Using SLF4J as the default logging framework
2025-01-28 23:37:29,932 INFO c.h.h.t.HelmChartContainer - [hivemq-test-hivemq-platform] [hivemq-platform-operator] [1db6f0c9] 23:37:29.924 [main] INFO  c.h.p.o.HiveMQPlatformOperatorApplication - HiveMQ Platform Operator 1.7.0-SNAPSHOT (commit: bebf408 on branch: HEAD) built on Sun Jan 26 20:47:47 UTC 2025
2025-01-28 23:37:29,932 INFO c.h.h.t.HelmChartContainer - [hivemq-test-hivemq-platform] [hivemq-platform-operator] [1db6f0c9] 23:37:29.931 [main] INFO  c.h.p.o.HiveMQPlatformOperatorApplication - HiveMQ Platform Operator is running in namespace: helmrestapiit-operator
2025-01-28 23:37:29,933 INFO c.h.h.t.HelmChartContainer - [hivemq-test-hivemq-platform] [hivemq-platform-operator] [1db6f0c9] 23:37:29.931 [main] INFO  c.h.p.o.HiveMQPlatformOperatorApplication - Watching all namespaces
2025-01-28 23:37:29,933 INFO c.h.h.t.HelmChartContainer - [hivemq-test-hivemq-platform] [hivemq-platform-operator] [1db6f0c9] 23:37:29.931 [main] INFO  c.h.p.o.HiveMQPlatformOperatorApplication - Log level: DEBUG
2025-01-28 23:37:29,933 INFO c.h.h.t.HelmChartContainer - [hivemq-test-hivemq-platform] [hivemq-platform-operator] [1db6f0c9] 23:37:29.931 [main] INFO  c.h.p.o.HiveMQPlatformOperatorApplication - Release name: test-hivemq-platform-operator
2025-01-28 23:37:29,933 INFO c.h.h.t.HelmChartContainer - [hivemq-test-hivemq-platform] [hivemq-platform-operator] [1db6f0c9] 23:37:29.931 [main] INFO  c.h.p.o.HiveMQPlatformOperatorApplication - HiveMQ Platform Operator Init image: docker.io/hivemq/hivemq-platform-operator-init-test:snapshot
2025-01-28 23:37:29,933 INFO c.h.h.t.HelmChartContainer - [hivemq-test-hivemq-platform] [hivemq-platform-operator] [1db6f0c9] 23:37:29.931 [main] INFO  c.h.p.o.HiveMQPlatformOperatorApplication - HiveMQ Platform Operator Init App update URL: http://hivemq-platform-operator-test-hivemq-platform-operator.helmrestapiit-operator.svc:8080/initAppUpdate/hivemq-platform-operator-init-app-1.7.0-SNAPSHOT.jar
2025-01-28 23:37:29,933 INFO c.h.h.t.HelmChartContainer - [hivemq-test-hivemq-platform] [hivemq-platform-operator] [1db6f0c9] 23:37:29.931 [main] INFO  c.h.p.o.HiveMQPlatformOperatorApplication - Additional imagePullSecret for all Platform deployments: none
2025-01-28 23:37:29,933 INFO c.h.h.t.HelmChartContainer - [hivemq-test-hivemq-platform] [hivemq-platform-operator] [1db6f0c9] 23:37:29.932 [main] INFO  c.h.p.o.HiveMQPlatformOperatorApplication - Apply HiveMQ Platform CRD: true
2025-01-28 23:37:29,934 INFO c.h.h.t.HelmChartContainer - [hivemq-test-hivemq-platform] [hivemq-platform-operator] [1db6f0c9] 23:37:29.932 [main] INFO  c.h.p.o.HiveMQPlatformOperatorApplication - Create Platform ServiceAccount: true
2025-01-28 23:37:29,934 INFO c.h.h.t.HelmChartContainer - [hivemq-test-hivemq-platform] [hivemq-platform-operator] [1db6f0c9] 23:37:29.932 [main] INFO  c.h.p.o.HiveMQPlatformOperatorApplication - Create Platform ServiceAccount permissions: true
2025-01-28 23:37:29,934 INFO c.h.h.t.HelmChartContainer - [hivemq-test-hivemq-platform] [hivemq-platform-operator] [1db6f0c9] 23:37:29.932 [main] INFO  c.h.p.o.HiveMQPlatformOperatorApplication - Validate Platform ServiceAccount: true
2025-01-28 23:37:29,934 INFO c.h.h.t.HelmChartContainer - [hivemq-test-hivemq-platform] [hivemq-platform-operator] [1db6f0c9] 23:37:29.932 [main] INFO  c.h.p.o.HiveMQPlatformOperatorApplication - Validate Platform ServiceAccount permissions: true
2025-01-28 23:37:30,045 INFO c.h.h.t.HelmChartContainer - [hivemq-test-hivemq-platform] [hivemq-platform-operator] [1db6f0c9] 23:37:30.044 [main] INFO  c.h.platform.operator.util.CRDUtil - Verifying deployed HiveMQ Platform CRD...
2025-01-28 23:37:32,449 INFO c.h.h.t.HelmChartContainer - [hivemq-test-hivemq-platform] [hivemq-platform-operator] [1db6f0c9] 23:37:32.447 [main] DEBUG c.h.platform.operator.util.CRDUtil - HiveMQ Platform CRD version v1 is up to date
2025-01-28 23:37:32,449 INFO c.h.h.t.HelmChartContainer - [hivemq-test-hivemq-platform] [hivemq-platform-operator] [1db6f0c9] 23:37:32.447 [main] INFO  c.h.platform.operator.util.CRDUtil - HiveMQ Platform CRD is up to date (version: V1_6_0)
2025-01-28 23:37:32,449 INFO c.h.h.t.HelmChartContainer - [hivemq-test-hivemq-platform] [hivemq-platform-operator] [1db6f0c9] 23:37:32.447 [main] INFO  c.h.platform.operator.util.CRDUtil - Waiting 10000 ms for HiveMQ Platform CRD 'hivemq-platforms.hivemq.com' to become ready...
2025-01-28 23:37:32,844 INFO c.h.h.t.HelmChartContainer - [hivemq-test-hivemq-platform] [hivemq-platform-operator] [1db6f0c9] 23:37:32.844 [vert.x-eventloop-thread-1] DEBUG c.h.platform.operator.util.CRDUtil - Checking CRD condition 'NamesAccepted' (status: 'True')
2025-01-28 23:37:32,846 INFO c.h.h.t.HelmChartContainer - [hivemq-test-hivemq-platform] [hivemq-platform-operator] [1db6f0c9] 23:37:32.844 [vert.x-eventloop-thread-1] DEBUG c.h.platform.operator.util.CRDUtil - Checking CRD condition 'Established' (status: 'True')
2025-01-28 23:37:32,847 INFO c.h.h.t.HelmChartContainer - [hivemq-test-hivemq-platform] [hivemq-platform-operator] [1db6f0c9] 23:37:32.845 [main] INFO  c.h.platform.operator.util.CRDUtil - HiveMQ Platform CRD 'hivemq-platforms.hivemq.com' is ready
2025-01-28 23:37:33,029 INFO c.h.h.t.HelmChartContainer - [hivemq-test-hivemq-platform] [hivemq-platform-operator] [1db6f0c9] 23:37:33.028 [main] INFO  c.h.p.o.HiveMQPlatformReconciler - HiveMQ Platform Operator is starting...
2025-01-28 23:37:33,150 INFO c.h.h.t.HelmChartContainer - [hivemq-test-hivemq-platform] [hivemq-platform-operator] [1db6f0c9] 23:37:33.149 [main] WARN  Default ConfigurationService implementation - Configuration for reconciler 'hivemq-controller' was not found. Known reconcilers: None.
2025-01-28 23:37:33,157 INFO c.h.h.t.HelmChartContainer - [hivemq-test-hivemq-platform] [hivemq-platform-operator] [1db6f0c9] 23:37:33.156 [main] INFO  Default ConfigurationService implementation - Created configuration for reconciler com.hivemq.platform.operator.HiveMQPlatformReconciler with name hivemq-controller
2025-01-28 23:37:33,329 INFO c.h.h.t.HelmChartContainer - [hivemq-test-hivemq-platform] [hivemq-platform-operator] [1db6f0c9] 23:37:33.328 [main] DEBUG c.h.p.o.HiveMQPlatformReconciler - HiveMQ Platform Operator is preparing EventSources
2025-01-28 23:37:33,349 INFO c.h.h.t.HelmChartContainer - [hivemq-test-hivemq-platform] [hivemq-platform-operator] [1db6f0c9] 23:37:33.349 [main] INFO  i.javaoperatorsdk.operator.Operator - Registered reconciler: 'hivemq-controller' for resource: 'class com.hivemq.platform.operator.v1.HiveMQPlatform' for namespace(s): [all namespaces]
2025-01-28 23:37:33,947 INFO c.h.h.t.HelmChartContainer - [hivemq-test-hivemq-platform] [hivemq-platform-operator] [1db6f0c9] 23:37:33.946 [main] INFO  c.h.p.operator.webserver.JettyServer - Starting Jetty server on port 8080
2025-01-28 23:37:34,049 INFO c.h.h.t.HelmChartContainer - [hivemq-test-hivemq-platform] [hivemq-platform-operator] [1db6f0c9] 23:37:34.047 [main] INFO  i.javaoperatorsdk.operator.Operator - Operator SDK 4.9.7 (commit: 2133d28) built on Wed Nov 20 12:56:20 UTC 2024 starting...
2025-01-28 23:37:34,049 INFO c.h.h.t.HelmChartContainer - [hivemq-test-hivemq-platform] [hivemq-platform-operator] [1db6f0c9] 23:37:34.048 [main] INFO  i.javaoperatorsdk.operator.Operator - Client version: 6.13.4
2025-01-28 23:37:34,050 INFO c.h.h.t.HelmChartContainer - [hivemq-test-hivemq-platform] [hivemq-platform-operator] [1db6f0c9] 23:37:34.049 [Controller Starter for: hivemq-controller] INFO  i.j.operator.processing.Controller - Starting 'hivemq-controller' controller for reconciler: com.hivemq.platform.operator.HiveMQPlatformReconciler, resource: com.hivemq.platform.operator.v1.HiveMQPlatform
2025-01-28 23:37:36,247 INFO c.h.h.t.HelmChartContainer - [hivemq-test-hivemq-platform] [hivemq-platform-operator] [1db6f0c9] 23:37:36.246 [Controller Starter for: hivemq-controller] INFO  i.j.operator.processing.Controller - 'hivemq-controller' controller started
2025-01-28 23:37:36,247 INFO c.h.h.t.HelmChartContainer - [hivemq-test-hivemq-platform] [hivemq-platform-operator] [1db6f0c9] 23:37:36.246 [main] INFO  c.h.p.o.HiveMQPlatformOperatorApplication - HiveMQ Platform Operator 1.7.0-SNAPSHOT started in 6321 ms
2025-01-28 23:37:38,578 INFO c.h.h.t.HelmChartContainer - [POD] hivemq-test-hivemq-platform-operator-6966f96d65-7hlkj [1db6f0c9-629f-45a4-962e-98b23953b8f0] in helmrestapiit-operator was MODIFIED
2025-01-28 23:37:38,582 INFO c.h.h.t.HelmChartContainer - [K3S] [replica_set.go:679] "Finished syncing" kind="ReplicaSet" key="helmrestapiit-operator/hivemq-test-hivemq-platform-operator-6966f96d65" duration="6.088202ms"
2025-01-28 23:37:38,583 INFO c.h.h.t.HelmChartContainer - [K3S] [replica_set.go:679] "Finished syncing" kind="ReplicaSet" key="helmrestapiit-operator/hivemq-test-hivemq-platform-operator-6966f96d65" duration="38.913µs"
2025-01-28 23:37:40,666 DEBUG c.h.h.t.HelmChartContainer - Executing helm command: /bin/helm --kubeconfig /etc/rancher/k3s/k3s.yaml install test-hivemq-platform /charts/hivemq-platform --wait --timeout 5m0s --set image.repository=docker.io/hivemq --set image.tag=4.36.0 --set image.pullPolicy=Never --set nodes.resources.cpu=512m -f /files/rest-api-with-auth-values.yaml --namespace helmrestapiit
2025-01-28 23:37:40,886 INFO c.h.h.t.HelmChartContainer - [hivemq-test-hivemq-platform] [hivemq-platform-operator] [1db6f0c9] 23:37:40.884 [-373097727-pool-1-thread-2] WARN  i.m.p.PrometheusMeterRegistry - The meter (MeterId{name='operator.sdk.events.received', tags=[tag(action=ADDED),tag(event=ResourceEvent),tag(group=hivemq.com),tag(kind=HiveMQPlatform),tag(name=test-hivemq-platform),tag(namespace=helmrestapiit),tag(scope=namespace),tag(version=v1)]}) registration has failed: Prometheus requires that all meters with the same name have the same set of tag keys. There is already an existing meter named 'operator.sdk.events.received' containing tag keys [event, group, kind, name, namespace, scope, version]. The meter you are attempting to register has keys [action, event, group, kind, name, namespace, scope, version]. Note that subsequent logs will be logged at debug level.
2025-01-28 23:37:41,353 INFO c.h.h.t.HelmChartContainer - [hivemq-test-hivemq-platform] [hivemq-platform-operator] [1db6f0c9] 23:37:41.352 [pool-6-thread-3] DEBUG c.h.p.o.dependants.PodInfoConfigMap - [helmrest] Desired PodInfo ConfigMap (2 extensions) (1 enabled)
2025-01-28 23:37:41,355 INFO c.h.h.t.HelmChartContainer - [hivemq-test-hivemq-platform] [hivemq-platform-operator] [1db6f0c9] 23:37:41.353 [pool-6-thread-3] DEBUG c.h.p.o.dependants.PodInfoConfigMap - [helmrest] Desired PodInfo ConfigMap (metrics port: 9399) (metrics path: /)
2025-01-28 23:37:41,355 INFO c.h.h.t.HelmChartContainer - [hivemq-test-hivemq-platform] [hivemq-platform-operator] [1db6f0c9] 23:37:41.353 [pool-6-thread-3] DEBUG c.h.p.o.dependants.PodInfoConfigMap - [helmrest] Desired PodInfo ConfigMap (extension state hash: 307632989)
2025-01-28 23:37:41,356 INFO c.h.h.t.HelmChartContainer - [hivemq-test-hivemq-platform] [hivemq-platform-operator] [1db6f0c9] 23:37:41.354 [pool-6-thread-3] DEBUG c.h.p.o.dependants.PodInfoConfigMap - [helmrest] Create PodInfo ConfigMap
2025-01-28 23:37:41,450 INFO c.h.h.t.HelmChartContainer - [hivemq-test-hivemq-platform] [hivemq-platform-operator] [1db6f0c9] 23:37:41.447 [pool-6-thread-5] DEBUG c.h.p.o.dependants.PodRoleResource - [helmrest] Create Role: Role(apiVersion=rbac.authorization.k8s.io/v1, kind=Role, metadata=ObjectMeta(annotations={meta.helm.sh/release-name=test-hivemq-platform, meta.helm.sh/release-namespace=helmrestapiit}, creationTimestamp=null, deletionGracePeriodSeconds=null, deletionTimestamp=null, finalizers=[], generateName=null, generation=null, labels={helm.sh/chart=hivemq-platform-0.2.32, app.kubernetes.io/managed-by=Helm, app.kubernetes.io/name=hivemq-platform, hivemq-platform=test-hivemq-platform, app.kubernetes.io/instance=test-hivemq-platform, app.kubernetes.io/version=4.36.0}, managedFields=[], name=hivemq-platform-role-test-hivemq-platform, namespace=helmrestapiit, ownerReferences=[OwnerReference(apiVersion=hivemq.com/v1, blockOwnerDeletion=null, controller=null, kind=HiveMQPlatform, name=test-hivemq-platform, uid=331c2083-f9c9-44dc-94d4-67ac9b17c7e7, additionalProperties={})], resourceVersion=null, selfLink=null, uid=null, additionalProperties={}), rules=[PolicyRule(apiGroups=[], nonResourceURLs=[], resourceNames=[], resources=[pods], verbs=[get, patch, update], additionalProperties={})], additionalProperties={})
2025-01-28 23:37:41,557 INFO c.h.h.t.HelmChartContainer - [hivemq-test-hivemq-platform] [hivemq-platform-operator] [1db6f0c9] 23:37:41.555 [pool-6-thread-7] DEBUG c.h.p.o.d.PodServiceAccountResource - [helmrest] Desired PodServiceAccountResource (serviceAccountName: hivemq-platform-pod-test-hivemq-platform)
2025-01-28 23:37:41,557 INFO c.h.h.t.HelmChartContainer - [hivemq-test-hivemq-platform] [hivemq-platform-operator] [1db6f0c9] 23:37:41.556 [pool-6-thread-7] DEBUG c.h.p.o.d.PodServiceAccountResource - [helmrest] Create ServiceAccount 'hivemq-platform-pod-test-hivemq-platform'
2025-01-28 23:37:41,660 INFO c.h.h.t.HelmChartContainer - [hivemq-test-hivemq-platform] [hivemq-platform-operator] [1db6f0c9] 23:37:41.659 [pool-6-thread-10] DEBUG c.h.p.o.d.PodRoleBindingResource - [helmrest] Create RoleBinding: RoleBinding(apiVersion=rbac.authorization.k8s.io/v1, kind=RoleBinding, metadata=ObjectMeta(annotations={meta.helm.sh/release-name=test-hivemq-platform, meta.helm.sh/release-namespace=helmrestapiit}, creationTimestamp=null, deletionGracePeriodSeconds=null, deletionTimestamp=null, finalizers=[], generateName=null, generation=null, labels={helm.sh/chart=hivemq-platform-0.2.32, app.kubernetes.io/managed-by=Helm, app.kubernetes.io/name=hivemq-platform, hivemq-platform=test-hivemq-platform, app.kubernetes.io/instance=test-hivemq-platform, app.kubernetes.io/version=4.36.0}, managedFields=[], name=hivemq-platform-role-binding-test-hivemq-platform, namespace=helmrestapiit, ownerReferences=[OwnerReference(apiVersion=hivemq.com/v1, blockOwnerDeletion=null, controller=null, kind=HiveMQPlatform, name=test-hivemq-platform, uid=331c2083-f9c9-44dc-94d4-67ac9b17c7e7, additionalProperties={})], resourceVersion=null, selfLink=null, uid=null, additionalProperties={}), roleRef=RoleRef(apiGroup=rbac.authorization.k8s.io, kind=Role, name=hivemq-platform-role-test-hivemq-platform, additionalProperties={}), subjects=[Subject(apiGroup=null, kind=ServiceAccount, name=hivemq-platform-pod-test-hivemq-platform, namespace=helmrestapiit, additionalProperties={})], additionalProperties={})
2025-01-28 23:37:41,758 INFO c.h.h.t.HelmChartContainer - [hivemq-test-hivemq-platform] [hivemq-platform-operator] [1db6f0c9] 23:37:41.757 [ReconcilerExecutor-hivemq-controller-54] INFO  c.h.p.o.HiveMQPlatformReconciler - [helmrest] Reconciling HiveMQ Platform 'test-hivemq-platform' in namespace 'helmrestapiit'
2025-01-28 23:37:41,759 INFO c.h.h.t.HelmChartContainer - [hivemq-test-hivemq-platform] [hivemq-platform-operator] [1db6f0c9] 23:37:41.758 [ReconcilerExecutor-hivemq-controller-54] DEBUG c.h.p.o.HiveMQPlatformReconciler - [helmrest] Custom Resource Status CREATED - HiveMQ Platform was created (READY)
2025-01-28 23:37:41,759 INFO c.h.h.t.HelmChartContainer - [hivemq-test-hivemq-platform] [hivemq-platform-operator] [1db6f0c9] 23:37:41.758 [ReconcilerExecutor-hivemq-controller-54] DEBUG c.h.p.o.HiveMQPlatformReconciler - [helmrest] Custom Resource Spec (replicas: 1) (extensions: 2)
2025-01-28 23:37:41,763 INFO c.h.h.t.HelmChartContainer - [hivemq-test-hivemq-platform] [hivemq-platform-operator] [1db6f0c9] 23:37:41.762 [ReconcilerExecutor-hivemq-controller-54] INFO  c.h.p.o.h.HiveMQPlatformReconcilerBaseHandler - [helmrest] HiveMQ Platform is starting
2025-01-28 23:37:41,856 INFO c.h.h.t.HelmChartContainer - [hivemq-test-hivemq-platform] [hivemq-platform-operator] [1db6f0c9] 23:37:41.855 [ReconcilerExecutor-hivemq-controller-54] DEBUG c.h.p.operator.event.EventSender - [helmrest] Creating K8s event hivemq-platform-starting: [Start] HiveMQ Platform is starting
2025-01-28 23:37:41,865 INFO c.h.h.t.HelmChartContainer - [EVENT] Normal [Start] HiveMQ Platform is starting [helmrestapiit:test-hivemq-platform]
2025-01-28 23:37:41,945 INFO c.h.h.t.HelmChartContainer - [hivemq-test-hivemq-platform] [hivemq-platform-operator] [1db6f0c9] 23:37:41.944 [ReconcilerExecutor-hivemq-controller-54] INFO  c.h.p.o.h.AbstractHiveMQReconcilerStateHandler - [helmrest] Update HiveMQ Platform Status (CREATED [READY] -> STARTING [READY]): HiveMQ Platform is starting
2025-01-28 23:37:41,958 DEBUG com.hivemq.helmcharts.util.K8sUtil - Comparing actual state 'STARTING' and waiting for 'RUNNING'
2025-01-28 23:37:51,968 INFO c.h.h.t.HelmChartContainer - [hivemq-test-hivemq-platform] [hivemq-platform-operator] [1db6f0c9] 23:37:51.967 [pool-6-thread-12] DEBUG c.h.p.o.d.PlatformServiceResource - [helmrest] Desired Platform services (2 services)
2025-01-28 23:37:51,974 INFO c.h.h.t.HelmChartContainer - [hivemq-test-hivemq-platform] [hivemq-platform-operator] [1db6f0c9] 23:37:51.971 [pool-6-thread-17] DEBUG c.h.p.o.d.PodServiceAccountResource - [helmrest] Desired PodServiceAccountResource (serviceAccountName: hivemq-platform-pod-test-hivemq-platform)
2025-01-28 23:37:51,975 INFO c.h.h.t.HelmChartContainer - [hivemq-test-hivemq-platform] [hivemq-platform-operator] [1db6f0c9] 23:37:51.971 [pool-6-thread-13] DEBUG c.h.p.o.dependants.PodInfoConfigMap - [helmrest] Desired PodInfo ConfigMap (2 extensions) (1 enabled)
2025-01-28 23:37:51,976 INFO c.h.h.t.HelmChartContainer - [hivemq-test-hivemq-platform] [hivemq-platform-operator] [1db6f0c9] 23:37:51.973 [pool-6-thread-13] DEBUG c.h.p.o.dependants.PodInfoConfigMap - [helmrest] Desired PodInfo ConfigMap (metrics port: 9399) (metrics path: /)
2025-01-28 23:37:51,976 INFO c.h.h.t.HelmChartContainer - [hivemq-test-hivemq-platform] [hivemq-platform-operator] [1db6f0c9] 23:37:51.973 [pool-6-thread-13] DEBUG c.h.p.o.dependants.PodInfoConfigMap - [helmrest] Desired PodInfo ConfigMap (extension state hash: 307632989)
2025-01-28 23:37:51,983 INFO c.h.h.t.HelmChartContainer - [K3S] [alloc.go:330] "allocated clusterIPs" service="helmrestapiit/hivemq-test-hivemq-platform-rest-8890" clusterIPs={"IPv4":"10.43.174.75"}
2025-01-28 23:37:52,046 INFO c.h.h.t.HelmChartContainer - [hivemq-test-hivemq-platform] [hivemq-platform-operator] [1db6f0c9] 23:37:52.044 [pool-6-thread-13] DEBUG c.h.p.o.dependants.PodInfoConfigMap - [helmrest] Update PodInfo ConfigMap
2025-01-28 23:37:52,060 INFO c.h.h.t.HelmChartContainer - [K3S] [alloc.go:330] "allocated clusterIPs" service="helmrestapiit/hivemq-test-hivemq-platform-metrics-9399" clusterIPs={"IPv4":"10.43.1.120"}
2025-01-28 23:37:52,147 INFO c.h.h.t.HelmChartContainer - [hivemq-test-hivemq-platform] [hivemq-platform-operator] [1db6f0c9] 23:37:52.147 [pool-6-thread-20] DEBUG c.h.p.o.d.StatefulSetResource - [helmrest] Desired StatefulSet (1 replicas) for status STARTING (READY)
2025-01-28 23:37:52,161 INFO c.h.h.t.HelmChartContainer - [hivemq-test-hivemq-platform] [hivemq-platform-operator] [1db6f0c9] 23:37:52.159 [pool-6-thread-20] DEBUG c.h.p.o.d.StatefulSetResource - [helmrest] Create StatefulSet
2025-01-28 23:37:52,259 INFO c.h.h.t.HelmChartContainer - [hivemq-test-hivemq-platform] [hivemq-platform-operator] [1db6f0c9] 23:37:52.254 [ReconcilerExecutor-hivemq-controller-65] INFO  c.h.p.o.HiveMQPlatformReconciler - [helmrest] Reconciling HiveMQ Platform 'test-hivemq-platform' in namespace 'helmrestapiit'
2025-01-28 23:37:52,259 INFO c.h.h.t.HelmChartContainer - [hivemq-test-hivemq-platform] [hivemq-platform-operator] [1db6f0c9] 23:37:52.254 [ReconcilerExecutor-hivemq-controller-65] DEBUG c.h.p.o.HiveMQPlatformReconciler - [helmrest] Custom Resource Status STARTING - HiveMQ Platform is starting (READY)
2025-01-28 23:37:52,259 INFO c.h.h.t.HelmChartContainer - [hivemq-test-hivemq-platform] [hivemq-platform-operator] [1db6f0c9] 23:37:52.254 [ReconcilerExecutor-hivemq-controller-65] DEBUG c.h.p.o.HiveMQPlatformReconciler - [helmrest] Custom Resource Spec (replicas: 1) (extensions: 2)
2025-01-28 23:37:52,265 INFO c.h.h.t.HelmChartContainer - [hivemq-test-hivemq-platform] [hivemq-platform-operator] [1db6f0c9] 23:37:52.263 [ReconcilerExecutor-hivemq-controller-65] DEBUG c.h.p.o.HiveMQPlatformReconciler - [helmrest] StatefulSet Status (revision: null, replicas: 0, available: 0, ready: 0, current: 0, updated: 0)
2025-01-28 23:37:52,265 INFO c.h.h.t.HelmChartContainer - [hivemq-test-hivemq-platform] [hivemq-platform-operator] [1db6f0c9] 23:37:52.264 [ReconcilerExecutor-hivemq-controller-65] DEBUG c.h.p.o.HiveMQPlatformReconciler - [helmrest] StatefulSet Spec (replicas: 1, init containers: 1, containers: 1, volumes: 5)
2025-01-28 23:37:52,268 INFO c.h.h.t.HelmChartContainer - [POD] test-hivemq-platform-0 [1ccf8fd6-10d9-492f-a659-abe718162af5] in helmrestapiit was ADDED
2025-01-28 23:37:52,269 INFO c.h.h.t.HelmChartContainer - [EVENT] Normal [SuccessfulCreate] create Pod test-hivemq-platform-0 in StatefulSet test-hivemq-platform successful [helmrestapiit:test-hivemq-platform]
2025-01-28 23:37:52,273 INFO c.h.h.t.HelmChartContainer - [EVENT] Normal [Scheduled] Successfully assigned helmrestapiit/test-hivemq-platform-0 to 28cdbdf25764 [helmrestapiit:test-hivemq-platform-0]
2025-01-28 23:37:52,276 INFO c.h.h.t.HelmChartContainer - [POD] test-hivemq-platform-0 [1ccf8fd6-10d9-492f-a659-abe718162af5] in helmrestapiit was MODIFIED
2025-01-28 23:37:52,283 INFO c.h.h.t.HelmChartContainer - [POD] test-hivemq-platform-0 [1ccf8fd6-10d9-492f-a659-abe718162af5] in helmrestapiit was MODIFIED
2025-01-28 23:37:52,349 INFO c.h.h.t.HelmChartContainer - [hivemq-test-hivemq-platform] [hivemq-platform-operator] [1db6f0c9] 23:37:52.345 [ReconcilerExecutor-hivemq-controller-65] INFO  c.h.p.o.h.HiveMQPlatformReconcilerBaseHandler - [helmrest] HiveMQ Platform is starting, 0 of 1 replicas are ready
2025-01-28 23:37:52,349 INFO c.h.h.t.HelmChartContainer - [K3S] [reconciler_common.go:251] "operationExecutor.VerifyControllerAttachedVolume started for volume \"ese-file-realm\" (UniqueName: \"kubernetes.io/configmap/1ccf8fd6-10d9-492f-a659-abe718162af5-ese-file-realm\") pod \"test-hivemq-platform-0\" (UID: \"1ccf8fd6-10d9-492f-a659-abe718162af5\") " pod="helmrestapiit/test-hivemq-platform-0"
2025-01-28 23:37:52,350 INFO c.h.h.t.HelmChartContainer - [K3S] [reconciler_common.go:251] "operationExecutor.VerifyControllerAttachedVolume started for volume \"pod-info\" (UniqueName: \"kubernetes.io/configmap/1ccf8fd6-10d9-492f-a659-abe718162af5-pod-info\") pod \"test-hivemq-platform-0\" (UID: \"1ccf8fd6-10d9-492f-a659-abe718162af5\") " pod="helmrestapiit/test-hivemq-platform-0"
2025-01-28 23:37:52,350 INFO c.h.h.t.HelmChartContainer - [K3S] [reconciler_common.go:251] "operationExecutor.VerifyControllerAttachedVolume started for volume \"operator-init\" (UniqueName: \"kubernetes.io/empty-dir/1ccf8fd6-10d9-492f-a659-abe718162af5-operator-init\") pod \"test-hivemq-platform-0\" (UID: \"1ccf8fd6-10d9-492f-a659-abe718162af5\") " pod="helmrestapiit/test-hivemq-platform-0"
2025-01-28 23:37:52,350 INFO c.h.h.t.HelmChartContainer - [K3S] [reconciler_common.go:251] "operationExecutor.VerifyControllerAttachedVolume started for volume \"broker-configuration\" (UniqueName: \"kubernetes.io/configmap/1ccf8fd6-10d9-492f-a659-abe718162af5-broker-configuration\") pod \"test-hivemq-platform-0\" (UID: \"1ccf8fd6-10d9-492f-a659-abe718162af5\") " pod="helmrestapiit/test-hivemq-platform-0"
2025-01-28 23:37:52,350 INFO c.h.h.t.HelmChartContainer - [K3S] [reconciler_common.go:251] "operationExecutor.VerifyControllerAttachedVolume started for volume \"kube-api-access-bxsk2\" (UniqueName: \"kubernetes.io/projected/1ccf8fd6-10d9-492f-a659-abe718162af5-kube-api-access-bxsk2\") pod \"test-hivemq-platform-0\" (UID: \"1ccf8fd6-10d9-492f-a659-abe718162af5\") " pod="helmrestapiit/test-hivemq-platform-0"
2025-01-28 23:37:52,350 INFO c.h.h.t.HelmChartContainer - [K3S] [reconciler_common.go:251] "operationExecutor.VerifyControllerAttachedVolume started for volume \"extension-configuration-hivemq-enterprise-security-extension\" (UniqueName: \"kubernetes.io/configmap/1ccf8fd6-10d9-492f-a659-abe718162af5-extension-configuration-hivemq-enterprise-security-extension\") pod \"test-hivemq-platform-0\" (UID: \"1ccf8fd6-10d9-492f-a659-abe718162af5\") " pod="helmrestapiit/test-hivemq-platform-0"
2025-01-28 23:37:52,352 INFO c.h.h.t.HelmChartContainer - [hivemq-test-hivemq-platform] [hivemq-platform-operator] [1db6f0c9] 23:37:52.351 [pool-6-thread-22] DEBUG c.h.p.o.d.PlatformServiceResource - [helmrest] Desired Platform services (2 services)
2025-01-28 23:37:52,356 INFO c.h.h.t.HelmChartContainer - [hivemq-test-hivemq-platform] [hivemq-platform-operator] [1db6f0c9] 23:37:52.355 [pool-6-thread-23] DEBUG c.h.p.o.dependants.PodInfoConfigMap - [helmrest] Desired PodInfo ConfigMap (2 extensions) (1 enabled)
2025-01-28 23:37:52,359 INFO c.h.h.t.HelmChartContainer - [hivemq-test-hivemq-platform] [hivemq-platform-operator] [1db6f0c9] 23:37:52.356 [pool-6-thread-23] DEBUG c.h.p.o.dependants.PodInfoConfigMap - [helmrest] Desired PodInfo ConfigMap (metrics port: 9399) (metrics path: /)
2025-01-28 23:37:52,360 INFO c.h.h.t.HelmChartContainer - [hivemq-test-hivemq-platform] [hivemq-platform-operator] [1db6f0c9] 23:37:52.359 [pool-6-thread-23] DEBUG c.h.p.o.dependants.PodInfoConfigMap - [helmrest] Desired PodInfo ConfigMap (extension state hash: 307632989)
2025-01-28 23:37:52,363 INFO c.h.h.t.HelmChartContainer - [hivemq-test-hivemq-platform] [hivemq-platform-operator] [1db6f0c9] 23:37:52.362 [pool-6-thread-27] DEBUG c.h.p.o.d.PodServiceAccountResource - [helmrest] Desired PodServiceAccountResource (serviceAccountName: hivemq-platform-pod-test-hivemq-platform)
2025-01-28 23:37:52,451 INFO c.h.h.t.HelmChartContainer - [hivemq-test-hivemq-platform] [hivemq-platform-operator] [1db6f0c9] 23:37:52.448 [pool-6-thread-30] DEBUG c.h.p.o.d.StatefulSetResource - [helmrest] Desired StatefulSet (1 replicas) for status STARTING (READY)
2025-01-28 23:37:52,459 INFO c.h.h.t.HelmChartContainer - [hivemq-test-hivemq-platform] [hivemq-platform-operator] [1db6f0c9] 23:37:52.457 [ReconcilerExecutor-hivemq-controller-76] INFO  c.h.p.o.HiveMQPlatformReconciler - [helmrest] Reconciling HiveMQ Platform 'test-hivemq-platform' in namespace 'helmrestapiit'
2025-01-28 23:37:52,459 INFO c.h.h.t.HelmChartContainer - [hivemq-test-hivemq-platform] [hivemq-platform-operator] [1db6f0c9] 23:37:52.457 [ReconcilerExecutor-hivemq-controller-76] DEBUG c.h.p.o.HiveMQPlatformReconciler - [helmrest] Custom Resource Status STARTING - HiveMQ Platform is starting (READY)
2025-01-28 23:37:52,459 INFO c.h.h.t.HelmChartContainer - [hivemq-test-hivemq-platform] [hivemq-platform-operator] [1db6f0c9] 23:37:52.457 [ReconcilerExecutor-hivemq-controller-76] DEBUG c.h.p.o.HiveMQPlatformReconciler - [helmrest] Custom Resource Spec (replicas: 1) (extensions: 2)
2025-01-28 23:37:52,546 INFO c.h.h.t.HelmChartContainer - [hivemq-test-hivemq-platform] [hivemq-platform-operator] [1db6f0c9] 23:37:52.545 [ReconcilerExecutor-hivemq-controller-76] DEBUG c.h.p.o.HiveMQPlatformReconciler - [helmrest] StatefulSet Status (revision: test-hivemq-platform-bbf59449c, replicas: 1, available: 0, ready: 0, current: 1, updated: 1)
2025-01-28 23:37:52,546 INFO c.h.h.t.HelmChartContainer - [hivemq-test-hivemq-platform] [hivemq-platform-operator] [1db6f0c9] 23:37:52.545 [ReconcilerExecutor-hivemq-controller-76] DEBUG c.h.p.o.HiveMQPlatformReconciler - [helmrest] StatefulSet Spec (replicas: 1, init containers: 1, containers: 1, volumes: 5)
2025-01-28 23:37:52,559 INFO c.h.h.t.HelmChartContainer - [hivemq-test-hivemq-platform] [hivemq-platform-operator] [1db6f0c9] 23:37:52.558 [ReconcilerExecutor-hivemq-controller-76] DEBUG c.h.p.o.h.HiveMQPlatformReconcilerErrorHandler - [helmrest] Pod 'test-hivemq-platform-0' phase Pending
2025-01-28 23:37:52,560 INFO c.h.h.t.HelmChartContainer - [hivemq-test-hivemq-platform] [hivemq-platform-operator] [1db6f0c9] 23:37:52.558 [ReconcilerExecutor-hivemq-controller-76] DEBUG c.h.p.o.h.HiveMQPlatformReconcilerErrorHandler - [helmrest] Pod 'test-hivemq-platform-0' condition 'PodReadyToStartContainers': False
2025-01-28 23:37:52,561 INFO c.h.h.t.HelmChartContainer - [hivemq-test-hivemq-platform] [hivemq-platform-operator] [1db6f0c9] 23:37:52.559 [ReconcilerExecutor-hivemq-controller-76] DEBUG c.h.p.o.h.HiveMQPlatformReconcilerErrorHandler - [helmrest] Pod 'test-hivemq-platform-0' condition 'Initialized': False
2025-01-28 23:37:52,561 INFO c.h.h.t.HelmChartContainer - [hivemq-test-hivemq-platform] [hivemq-platform-operator] [1db6f0c9] 23:37:52.559 [ReconcilerExecutor-hivemq-controller-76] DEBUG c.h.p.o.h.HiveMQPlatformReconcilerErrorHandler - [helmrest] Pod 'test-hivemq-platform-0' condition 'Ready': False
2025-01-28 23:37:52,561 INFO c.h.h.t.HelmChartContainer - [hivemq-test-hivemq-platform] [hivemq-platform-operator] [1db6f0c9] 23:37:52.559 [ReconcilerExecutor-hivemq-controller-76] DEBUG c.h.p.o.h.HiveMQPlatformReconcilerErrorHandler - [helmrest] Pod 'test-hivemq-platform-0' condition 'ContainersReady': False
2025-01-28 23:37:52,561 INFO c.h.h.t.HelmChartContainer - [hivemq-test-hivemq-platform] [hivemq-platform-operator] [1db6f0c9] 23:37:52.559 [ReconcilerExecutor-hivemq-controller-76] DEBUG c.h.p.o.h.HiveMQPlatformReconcilerErrorHandler - [helmrest] Pod 'test-hivemq-platform-0' condition 'PodScheduled': True
2025-01-28 23:37:52,561 INFO c.h.h.t.HelmChartContainer - [hivemq-test-hivemq-platform] [hivemq-platform-operator] [1db6f0c9] 23:37:52.559 [ReconcilerExecutor-hivemq-controller-76] DEBUG c.h.p.o.h.HiveMQPlatformReconcilerErrorHandler - [helmrest] Pod 'test-hivemq-platform-0' containerStatus 'hivemq' (started: false) (ready: false) (waiting: [PodInitializing] null)
2025-01-28 23:37:52,647 INFO c.h.h.t.HelmChartContainer - [hivemq-test-hivemq-platform] [hivemq-platform-operator] [1db6f0c9] 23:37:52.646 [ReconcilerExecutor-hivemq-controller-76] INFO  c.h.p.o.h.HiveMQPlatformReconcilerBaseHandler - [helmrest] HiveMQ Platform is starting, 0 of 1 replicas are ready
2025-01-28 23:37:52,653 INFO c.h.h.t.HelmChartContainer - [hivemq-test-hivemq-platform] [hivemq-platform-operator] [1db6f0c9] 23:37:52.652 [pool-6-thread-32] DEBUG c.h.p.o.d.PlatformServiceResource - [helmrest] Desired Platform services (2 services)
2025-01-28 23:37:52,657 INFO c.h.h.t.HelmChartContainer - [hivemq-test-hivemq-platform] [hivemq-platform-operator] [1db6f0c9] 23:37:52.655 [pool-6-thread-33] DEBUG c.h.p.o.dependants.PodInfoConfigMap - [helmrest] Desired PodInfo ConfigMap (2 extensions) (1 enabled)
2025-01-28 23:37:52,657 INFO c.h.h.t.HelmChartContainer - [hivemq-test-hivemq-platform] [hivemq-platform-operator] [1db6f0c9] 23:37:52.655 [pool-6-thread-33] DEBUG c.h.p.o.dependants.PodInfoConfigMap - [helmrest] Desired PodInfo ConfigMap (metrics port: 9399) (metrics path: /)
2025-01-28 23:37:52,657 INFO c.h.h.t.HelmChartContainer - [hivemq-test-hivemq-platform] [hivemq-platform-operator] [1db6f0c9] 23:37:52.655 [pool-6-thread-33] DEBUG c.h.p.o.dependants.PodInfoConfigMap - [helmrest] Desired PodInfo ConfigMap (extension state hash: 307632989)
2025-01-28 23:37:52,663 INFO c.h.h.t.HelmChartContainer - [hivemq-test-hivemq-platform] [hivemq-platform-operator] [1db6f0c9] 23:37:52.661 [pool-6-thread-37] DEBUG c.h.p.o.d.PodServiceAccountResource - [helmrest] Desired PodServiceAccountResource (serviceAccountName: hivemq-platform-pod-test-hivemq-platform)
2025-01-28 23:37:52,671 INFO c.h.h.t.HelmChartContainer - [EVENT] Normal [Pulled] Container image "docker.io/hivemq/hivemq-platform-operator-init-test:snapshot" already present on machine [helmrestapiit:test-hivemq-platform-0]
2025-01-28 23:37:52,752 INFO c.h.h.t.HelmChartContainer - [hivemq-test-hivemq-platform] [hivemq-platform-operator] [1db6f0c9] 23:37:52.748 [pool-6-thread-40] DEBUG c.h.p.o.d.StatefulSetResource - [helmrest] Desired StatefulSet (1 replicas) for status STARTING (READY)
2025-01-28 23:37:52,754 INFO c.h.h.t.HelmChartContainer - [hivemq-test-hivemq-platform] [hivemq-platform-operator] [1db6f0c9] 23:37:52.753 [ReconcilerExecutor-hivemq-controller-87] INFO  c.h.p.o.HiveMQPlatformReconciler - [helmrest] Reconciling HiveMQ Platform 'test-hivemq-platform' in namespace 'helmrestapiit'
2025-01-28 23:37:52,755 INFO c.h.h.t.HelmChartContainer - [hivemq-test-hivemq-platform] [hivemq-platform-operator] [1db6f0c9] 23:37:52.754 [ReconcilerExecutor-hivemq-controller-87] DEBUG c.h.p.o.HiveMQPlatformReconciler - [helmrest] Custom Resource Status STARTING - HiveMQ Platform is starting (READY)
2025-01-28 23:37:52,756 INFO c.h.h.t.HelmChartContainer - [hivemq-test-hivemq-platform] [hivemq-platform-operator] [1db6f0c9] 23:37:52.755 [ReconcilerExecutor-hivemq-controller-87] DEBUG c.h.p.o.HiveMQPlatformReconciler - [helmrest] Custom Resource Spec (replicas: 1) (extensions: 2)
2025-01-28 23:37:52,760 INFO c.h.h.t.HelmChartContainer - [hivemq-test-hivemq-platform] [hivemq-platform-operator] [1db6f0c9] 23:37:52.759 [ReconcilerExecutor-hivemq-controller-87] DEBUG c.h.p.o.HiveMQPlatformReconciler - [helmrest] StatefulSet Status (revision: test-hivemq-platform-bbf59449c, replicas: 1, available: 0, ready: 0, current: 1, updated: 1)
2025-01-28 23:37:52,762 INFO c.h.h.t.HelmChartContainer - [hivemq-test-hivemq-platform] [hivemq-platform-operator] [1db6f0c9] 23:37:52.759 [ReconcilerExecutor-hivemq-controller-87] DEBUG c.h.p.o.HiveMQPlatformReconciler - [helmrest] StatefulSet Spec (replicas: 1, init containers: 1, containers: 1, volumes: 5)
2025-01-28 23:37:52,764 INFO c.h.h.t.HelmChartContainer - [hivemq-test-hivemq-platform] [hivemq-platform-operator] [1db6f0c9] 23:37:52.763 [ReconcilerExecutor-hivemq-controller-87] DEBUG c.h.p.o.h.HiveMQPlatformReconcilerErrorHandler - [helmrest] Pod 'test-hivemq-platform-0' phase Pending
2025-01-28 23:37:52,765 INFO c.h.h.t.HelmChartContainer - [hivemq-test-hivemq-platform] [hivemq-platform-operator] [1db6f0c9] 23:37:52.764 [ReconcilerExecutor-hivemq-controller-87] DEBUG c.h.p.o.h.HiveMQPlatformReconcilerErrorHandler - [helmrest] Pod 'test-hivemq-platform-0' condition 'PodReadyToStartContainers': False
2025-01-28 23:37:52,766 INFO c.h.h.t.HelmChartContainer - [hivemq-test-hivemq-platform] [hivemq-platform-operator] [1db6f0c9] 23:37:52.765 [ReconcilerExecutor-hivemq-controller-87] DEBUG c.h.p.o.h.HiveMQPlatformReconcilerErrorHandler - [helmrest] Pod 'test-hivemq-platform-0' condition 'Initialized': False
2025-01-28 23:37:52,766 INFO c.h.h.t.HelmChartContainer - [hivemq-test-hivemq-platform] [hivemq-platform-operator] [1db6f0c9] 23:37:52.765 [ReconcilerExecutor-hivemq-controller-87] DEBUG c.h.p.o.h.HiveMQPlatformReconcilerErrorHandler - [helmrest] Pod 'test-hivemq-platform-0' condition 'Ready': False
2025-01-28 23:37:52,767 INFO c.h.h.t.HelmChartContainer - [hivemq-test-hivemq-platform] [hivemq-platform-operator] [1db6f0c9] 23:37:52.766 [ReconcilerExecutor-hivemq-controller-87] DEBUG c.h.p.o.h.HiveMQPlatformReconcilerErrorHandler - [helmrest] Pod 'test-hivemq-platform-0' condition 'ContainersReady': False
2025-01-28 23:37:52,767 INFO c.h.h.t.HelmChartContainer - [hivemq-test-hivemq-platform] [hivemq-platform-operator] [1db6f0c9] 23:37:52.766 [ReconcilerExecutor-hivemq-controller-87] DEBUG c.h.p.o.h.HiveMQPlatformReconcilerErrorHandler - [helmrest] Pod 'test-hivemq-platform-0' condition 'PodScheduled': True
2025-01-28 23:37:52,768 INFO c.h.h.t.HelmChartContainer - [hivemq-test-hivemq-platform] [hivemq-platform-operator] [1db6f0c9] 23:37:52.767 [ReconcilerExecutor-hivemq-controller-87] DEBUG c.h.p.o.h.HiveMQPlatformReconcilerErrorHandler - [helmrest] Pod 'test-hivemq-platform-0' containerStatus 'hivemq' (started: false) (ready: false) (waiting: [PodInitializing] null)
2025-01-28 23:37:52,769 INFO c.h.h.t.HelmChartContainer - [hivemq-test-hivemq-platform] [hivemq-platform-operator] [1db6f0c9] 23:37:52.768 [ReconcilerExecutor-hivemq-controller-87] INFO  c.h.p.o.h.HiveMQPlatformReconcilerBaseHandler - [helmrest] HiveMQ Platform is starting, 0 of 1 replicas are ready
2025-01-28 23:37:52,807 INFO c.h.h.t.HelmChartContainer - [EVENT] Normal [Created] Created container: hivemq-platform-operator-init [helmrestapiit:test-hivemq-platform-0]
2025-01-28 23:37:52,846 INFO c.h.h.t.HelmChartContainer - [EVENT] Normal [Started] Started container hivemq-platform-operator-init [helmrestapiit:test-hivemq-platform-0]
2025-01-28 23:37:53,619 INFO c.h.h.t.HelmChartContainer - [POD] test-hivemq-platform-0 [1ccf8fd6-10d9-492f-a659-abe718162af5] in helmrestapiit was MODIFIED
2025-01-28 23:37:53,625 INFO c.h.h.t.HelmChartContainer - [hivemq-test-hivemq-platform] [hivemq-platform-operator] [1db6f0c9] 23:37:53.615 [pool-6-thread-42] DEBUG c.h.p.o.d.PlatformServiceResource - [helmrest] Desired Platform services (2 services)
2025-01-28 23:37:53,625 INFO c.h.h.t.HelmChartContainer - [hivemq-test-hivemq-platform] [hivemq-platform-operator] [1db6f0c9] 23:37:53.616 [pool-6-thread-43] DEBUG c.h.p.o.dependants.PodInfoConfigMap - [helmrest] Desired PodInfo ConfigMap (2 extensions) (1 enabled)
2025-01-28 23:37:53,625 INFO c.h.h.t.HelmChartContainer - [hivemq-test-hivemq-platform] [hivemq-platform-operator] [1db6f0c9] 23:37:53.616 [pool-6-thread-43] DEBUG c.h.p.o.dependants.PodInfoConfigMap - [helmrest] Desired PodInfo ConfigMap (metrics port: 9399) (metrics path: /)
2025-01-28 23:37:53,625 INFO c.h.h.t.HelmChartContainer - [hivemq-test-hivemq-platform] [hivemq-platform-operator] [1db6f0c9] 23:37:53.616 [pool-6-thread-43] DEBUG c.h.p.o.dependants.PodInfoConfigMap - [helmrest] Desired PodInfo ConfigMap (extension state hash: 307632989)
2025-01-28 23:37:53,626 INFO c.h.h.t.HelmChartContainer - [hivemq-test-hivemq-platform] [hivemq-platform-operator] [1db6f0c9] 23:37:53.623 [pool-6-thread-47] DEBUG c.h.p.o.d.PodServiceAccountResource - [helmrest] Desired PodServiceAccountResource (serviceAccountName: hivemq-platform-pod-test-hivemq-platform)
2025-01-28 23:37:53,674 INFO c.h.h.t.HelmChartContainer - [hivemq-test-hivemq-platform] [hivemq-platform-operator] [1db6f0c9] 23:37:53.634 [pool-6-thread-50] DEBUG c.h.p.o.d.StatefulSetResource - [helmrest] Desired StatefulSet (1 replicas) for status STARTING (READY)
2025-01-28 23:37:53,674 INFO c.h.h.t.HelmChartContainer - [hivemq-test-hivemq-platform] [hivemq-platform-operator] [1db6f0c9] 23:37:53.647 [ReconcilerExecutor-hivemq-controller-98] INFO  c.h.p.o.HiveMQPlatformReconciler - [helmrest] Reconciling HiveMQ Platform 'test-hivemq-platform' in namespace 'helmrestapiit'
2025-01-28 23:37:53,674 INFO c.h.h.t.HelmChartContainer - [hivemq-test-hivemq-platform] [hivemq-platform-operator] [1db6f0c9] 23:37:53.647 [ReconcilerExecutor-hivemq-controller-98] DEBUG c.h.p.o.HiveMQPlatformReconciler - [helmrest] Custom Resource Status STARTING - HiveMQ Platform is starting (READY)
2025-01-28 23:37:53,674 INFO c.h.h.t.HelmChartContainer - [hivemq-test-hivemq-platform] [hivemq-platform-operator] [1db6f0c9] 23:37:53.647 [ReconcilerExecutor-hivemq-controller-98] DEBUG c.h.p.o.HiveMQPlatformReconciler - [helmrest] Custom Resource Spec (replicas: 1) (extensions: 2)
2025-01-28 23:37:53,674 INFO c.h.h.t.HelmChartContainer - [hivemq-test-hivemq-platform] [hivemq-platform-operator] [1db6f0c9] 23:37:53.650 [ReconcilerExecutor-hivemq-controller-98] DEBUG c.h.p.o.HiveMQPlatformReconciler - [helmrest] StatefulSet Status (revision: test-hivemq-platform-bbf59449c, replicas: 1, available: 0, ready: 0, current: 1, updated: 1)
2025-01-28 23:37:53,674 INFO c.h.h.t.HelmChartContainer - [hivemq-test-hivemq-platform] [hivemq-platform-operator] [1db6f0c9] 23:37:53.650 [ReconcilerExecutor-hivemq-controller-98] DEBUG c.h.p.o.HiveMQPlatformReconciler - [helmrest] StatefulSet Spec (replicas: 1, init containers: 1, containers: 1, volumes: 5)
2025-01-28 23:37:53,674 INFO c.h.h.t.HelmChartContainer - [hivemq-test-hivemq-platform] [hivemq-platform-operator] [1db6f0c9] 23:37:53.653 [ReconcilerExecutor-hivemq-controller-98] DEBUG c.h.p.o.h.HiveMQPlatformReconcilerErrorHandler - [helmrest] Pod 'test-hivemq-platform-0' phase Pending
2025-01-28 23:37:53,674 INFO c.h.h.t.HelmChartContainer - [hivemq-test-hivemq-platform] [hivemq-platform-operator] [1db6f0c9] 23:37:53.653 [ReconcilerExecutor-hivemq-controller-98] DEBUG c.h.p.o.h.HiveMQPlatformReconcilerErrorHandler - [helmrest] Pod 'test-hivemq-platform-0' condition 'PodReadyToStartContainers': True
2025-01-28 23:37:53,674 INFO c.h.h.t.HelmChartContainer - [hivemq-test-hivemq-platform] [hivemq-platform-operator] [1db6f0c9] 23:37:53.653 [ReconcilerExecutor-hivemq-controller-98] DEBUG c.h.p.o.h.HiveMQPlatformReconcilerErrorHandler - [helmrest] Pod 'test-hivemq-platform-0' condition 'Initialized': False
2025-01-28 23:37:53,674 INFO c.h.h.t.HelmChartContainer - [hivemq-test-hivemq-platform] [hivemq-platform-operator] [1db6f0c9] 23:37:53.653 [ReconcilerExecutor-hivemq-controller-98] DEBUG c.h.p.o.h.HiveMQPlatformReconcilerErrorHandler - [helmrest] Pod 'test-hivemq-platform-0' condition 'Ready': False
2025-01-28 23:37:53,674 INFO c.h.h.t.HelmChartContainer - [hivemq-test-hivemq-platform] [hivemq-platform-operator] [1db6f0c9] 23:37:53.653 [ReconcilerExecutor-hivemq-controller-98] DEBUG c.h.p.o.h.HiveMQPlatformReconcilerErrorHandler - [helmrest] Pod 'test-hivemq-platform-0' condition 'ContainersReady': False
2025-01-28 23:37:53,674 INFO c.h.h.t.HelmChartContainer - [hivemq-test-hivemq-platform] [hivemq-platform-operator] [1db6f0c9] 23:37:53.653 [ReconcilerExecutor-hivemq-controller-98] DEBUG c.h.p.o.h.HiveMQPlatformReconcilerErrorHandler - [helmrest] Pod 'test-hivemq-platform-0' condition 'PodScheduled': True
2025-01-28 23:37:53,674 INFO c.h.h.t.HelmChartContainer - [hivemq-test-hivemq-platform] [hivemq-platform-operator] [1db6f0c9] 23:37:53.653 [ReconcilerExecutor-hivemq-controller-98] DEBUG c.h.p.o.h.HiveMQPlatformReconcilerErrorHandler - [helmrest] Pod 'test-hivemq-platform-0' containerStatus 'hivemq' (started: false) (ready: false) (waiting: [PodInitializing] null)
2025-01-28 23:37:53,674 INFO c.h.h.t.HelmChartContainer - [hivemq-test-hivemq-platform] [hivemq-platform-operator] [1db6f0c9] 23:37:53.654 [ReconcilerExecutor-hivemq-controller-98] INFO  c.h.p.o.h.HiveMQPlatformReconcilerBaseHandler - [helmrest] HiveMQ Platform is starting, 0 of 1 replicas are ready
2025-01-28 23:37:54,602 INFO c.h.h.t.HelmChartContainer - [EVENT] Normal [Pulled] Container image "docker.io/hivemq/hivemq4:4.36.0" already present on machine [helmrestapiit:test-hivemq-platform-0]
2025-01-28 23:37:54,602 INFO c.h.h.t.HelmChartContainer - Received Pulled event for container hivemq in pod test-hivemq-platform-0 [1ccf8fd6-10d9-492f-a659-abe718162af5]
2025-01-28 23:37:54,609 INFO c.h.h.t.HelmChartContainer - [POD] test-hivemq-platform-0 [1ccf8fd6-10d9-492f-a659-abe718162af5] in helmrestapiit was MODIFIED
2025-01-28 23:37:54,618 INFO c.h.h.t.HelmChartContainer - [hivemq-test-hivemq-platform] [hivemq-platform-operator] [1db6f0c9] 23:37:54.615 [pool-6-thread-5] DEBUG c.h.p.o.d.PlatformServiceResource - [helmrest] Desired Platform services (2 services)
2025-01-28 23:37:54,621 INFO c.h.h.t.HelmChartContainer - [hivemq-test-hivemq-platform] [hivemq-platform-operator] [1db6f0c9] 23:37:54.620 [pool-6-thread-3] DEBUG c.h.p.o.dependants.PodInfoConfigMap - [helmrest] Desired PodInfo ConfigMap (2 extensions) (1 enabled)
2025-01-28 23:37:54,624 INFO c.h.h.t.HelmChartContainer - [hivemq-test-hivemq-platform] [hivemq-platform-operator] [1db6f0c9] 23:37:54.620 [pool-6-thread-3] DEBUG c.h.p.o.dependants.PodInfoConfigMap - [helmrest] Desired PodInfo ConfigMap (metrics port: 9399) (metrics path: /)
2025-01-28 23:37:54,624 INFO c.h.h.t.HelmChartContainer - [hivemq-test-hivemq-platform] [hivemq-platform-operator] [1db6f0c9] 23:37:54.620 [pool-6-thread-3] DEBUG c.h.p.o.dependants.PodInfoConfigMap - [helmrest] Desired PodInfo ConfigMap (extension state hash: 307632989)
2025-01-28 23:37:54,624 INFO c.h.h.t.HelmChartContainer - [hivemq-test-hivemq-platform] [hivemq-platform-operator] [1db6f0c9] 23:37:54.620 [pool-6-thread-6] DEBUG c.h.p.o.d.PodServiceAccountResource - [helmrest] Desired PodServiceAccountResource (serviceAccountName: hivemq-platform-pod-test-hivemq-platform)
2025-01-28 23:37:54,626 INFO c.h.h.t.HelmChartContainer - [hivemq-test-hivemq-platform] [hivemq-platform-operator] [1db6f0c9] 23:37:54.626 [pool-6-thread-5] DEBUG c.h.p.o.d.StatefulSetResource - [helmrest] Desired StatefulSet (1 replicas) for status STARTING (READY)
2025-01-28 23:37:54,649 INFO c.h.h.t.HelmChartContainer - [hivemq-test-hivemq-platform] [hivemq-platform-operator] [1db6f0c9] 23:37:54.647 [ReconcilerExecutor-hivemq-controller-109] INFO  c.h.p.o.HiveMQPlatformReconciler - [helmrest] Reconciling HiveMQ Platform 'test-hivemq-platform' in namespace 'helmrestapiit'
2025-01-28 23:37:54,651 INFO c.h.h.t.HelmChartContainer - [hivemq-test-hivemq-platform] [hivemq-platform-operator] [1db6f0c9] 23:37:54.647 [ReconcilerExecutor-hivemq-controller-109] DEBUG c.h.p.o.HiveMQPlatformReconciler - [helmrest] Custom Resource Status STARTING - HiveMQ Platform is starting (READY)
2025-01-28 23:37:54,652 INFO c.h.h.t.HelmChartContainer - [hivemq-test-hivemq-platform] [hivemq-platform-operator] [1db6f0c9] 23:37:54.647 [ReconcilerExecutor-hivemq-controller-109] DEBUG c.h.p.o.HiveMQPlatformReconciler - [helmrest] Custom Resource Spec (replicas: 1) (extensions: 2)
2025-01-28 23:37:54,653 INFO c.h.h.t.HelmChartContainer - [hivemq-test-hivemq-platform] [hivemq-platform-operator] [1db6f0c9] 23:37:54.649 [ReconcilerExecutor-hivemq-controller-109] DEBUG c.h.p.o.HiveMQPlatformReconciler - [helmrest] StatefulSet Status (revision: test-hivemq-platform-bbf59449c, replicas: 1, available: 0, ready: 0, current: 1, updated: 1)
2025-01-28 23:37:54,653 INFO c.h.h.t.HelmChartContainer - [hivemq-test-hivemq-platform] [hivemq-platform-operator] [1db6f0c9] 23:37:54.649 [ReconcilerExecutor-hivemq-controller-109] DEBUG c.h.p.o.HiveMQPlatformReconciler - [helmrest] StatefulSet Spec (replicas: 1, init containers: 1, containers: 1, volumes: 5)
2025-01-28 23:37:54,653 INFO c.h.h.t.HelmChartContainer - [hivemq-test-hivemq-platform] [hivemq-platform-operator] [1db6f0c9] 23:37:54.652 [ReconcilerExecutor-hivemq-controller-109] DEBUG c.h.p.o.h.HiveMQPlatformReconcilerErrorHandler - [helmrest] Pod 'test-hivemq-platform-0' phase Pending
2025-01-28 23:37:54,653 INFO c.h.h.t.HelmChartContainer - [hivemq-test-hivemq-platform] [hivemq-platform-operator] [1db6f0c9] 23:37:54.652 [ReconcilerExecutor-hivemq-controller-109] DEBUG c.h.p.o.h.HiveMQPlatformReconcilerErrorHandler - [helmrest] Pod 'test-hivemq-platform-0' condition 'PodReadyToStartContainers': True
2025-01-28 23:37:54,653 INFO c.h.h.t.HelmChartContainer - [hivemq-test-hivemq-platform] [hivemq-platform-operator] [1db6f0c9] 23:37:54.652 [ReconcilerExecutor-hivemq-controller-109] DEBUG c.h.p.o.h.HiveMQPlatformReconcilerErrorHandler - [helmrest] Pod 'test-hivemq-platform-0' condition 'Initialized': True
2025-01-28 23:37:54,653 INFO c.h.h.t.HelmChartContainer - [hivemq-test-hivemq-platform] [hivemq-platform-operator] [1db6f0c9] 23:37:54.652 [ReconcilerExecutor-hivemq-controller-109] DEBUG c.h.p.o.h.HiveMQPlatformReconcilerErrorHandler - [helmrest] Pod 'test-hivemq-platform-0' condition 'Ready': False
2025-01-28 23:37:54,653 INFO c.h.h.t.HelmChartContainer - [hivemq-test-hivemq-platform] [hivemq-platform-operator] [1db6f0c9] 23:37:54.652 [ReconcilerExecutor-hivemq-controller-109] DEBUG c.h.p.o.h.HiveMQPlatformReconcilerErrorHandler - [helmrest] Pod 'test-hivemq-platform-0' condition 'ContainersReady': False
2025-01-28 23:37:54,653 INFO c.h.h.t.HelmChartContainer - [hivemq-test-hivemq-platform] [hivemq-platform-operator] [1db6f0c9] 23:37:54.652 [ReconcilerExecutor-hivemq-controller-109] DEBUG c.h.p.o.h.HiveMQPlatformReconcilerErrorHandler - [helmrest] Pod 'test-hivemq-platform-0' condition 'PodScheduled': True
2025-01-28 23:37:54,653 INFO c.h.h.t.HelmChartContainer - [hivemq-test-hivemq-platform] [hivemq-platform-operator] [1db6f0c9] 23:37:54.652 [ReconcilerExecutor-hivemq-controller-109] DEBUG c.h.p.o.h.HiveMQPlatformReconcilerErrorHandler - [helmrest] Pod 'test-hivemq-platform-0' containerStatus 'hivemq' (started: false) (ready: false) (waiting: [PodInitializing] null)
2025-01-28 23:37:54,654 INFO c.h.h.t.HelmChartContainer - [hivemq-test-hivemq-platform] [hivemq-platform-operator] [1db6f0c9] 23:37:54.653 [ReconcilerExecutor-hivemq-controller-109] INFO  c.h.p.o.h.HiveMQPlatformReconcilerBaseHandler - [helmrest] HiveMQ Platform is starting, 0 of 1 replicas are ready
2025-01-28 23:37:55,718 INFO c.h.h.t.HelmChartContainer - [EVENT] Normal [Created] Created container: hivemq [helmrestapiit:test-hivemq-platform-0]
2025-01-28 23:37:55,718 INFO c.h.h.t.HelmChartContainer - Received Created event for container hivemq in pod test-hivemq-platform-0 [1ccf8fd6-10d9-492f-a659-abe718162af5]
2025-01-28 23:37:56,611 INFO c.h.h.t.HelmChartContainer - [POD] test-hivemq-platform-0 [1ccf8fd6-10d9-492f-a659-abe718162af5] in helmrestapiit was MODIFIED
2025-01-28 23:37:56,620 INFO c.h.h.t.HelmChartContainer - Started log watcher for hivemq in pod test-hivemq-platform-0 [1ccf8fd6-10d9-492f-a659-abe718162af5]
2025-01-28 23:37:56,620 INFO c.h.h.t.HelmChartContainer - [test-hivemq-platform] [hivemq] [1ccf8fd6] Adding pre-installed HiveMQ Platform Operator extensions
2025-01-28 23:37:56,620 INFO c.h.h.t.HelmChartContainer - [test-hivemq-platform] [hivemq] [1ccf8fd6] Running as user 10000
2025-01-28 23:37:56,620 INFO c.h.h.t.HelmChartContainer - [test-hivemq-platform] [hivemq] [1ccf8fd6] Starting HiveMQ Platform Operator Init
2025-01-28 23:37:56,620 INFO c.h.h.t.HelmChartContainer - [EVENT] Normal [Started] Started container hivemq [helmrestapiit:test-hivemq-platform-0]
2025-01-28 23:37:56,620 INFO c.h.h.t.HelmChartContainer - Received Started event for container hivemq in pod test-hivemq-platform-0 [1ccf8fd6-10d9-492f-a659-abe718162af5]
2025-01-28 23:37:56,628 INFO c.h.h.t.HelmChartContainer - [hivemq-test-hivemq-platform] [hivemq-platform-operator] [1db6f0c9] 23:37:56.622 [pool-6-thread-14] DEBUG c.h.p.o.d.PlatformServiceResource - [helmrest] Desired Platform services (2 services)
2025-01-28 23:37:56,628 INFO c.h.h.t.HelmChartContainer - [hivemq-test-hivemq-platform] [hivemq-platform-operator] [1db6f0c9] 23:37:56.626 [pool-6-thread-17] DEBUG c.h.p.o.dependants.PodInfoConfigMap - [helmrest] Desired PodInfo ConfigMap (2 extensions) (1 enabled)
2025-01-28 23:37:56,628 INFO c.h.h.t.HelmChartContainer - [hivemq-test-hivemq-platform] [hivemq-platform-operator] [1db6f0c9] 23:37:56.626 [pool-6-thread-17] DEBUG c.h.p.o.dependants.PodInfoConfigMap - [helmrest] Desired PodInfo ConfigMap (metrics port: 9399) (metrics path: /)
2025-01-28 23:37:56,628 INFO c.h.h.t.HelmChartContainer - [hivemq-test-hivemq-platform] [hivemq-platform-operator] [1db6f0c9] 23:37:56.626 [pool-6-thread-17] DEBUG c.h.p.o.dependants.PodInfoConfigMap - [helmrest] Desired PodInfo ConfigMap (extension state hash: 307632989)
2025-01-28 23:37:56,628 INFO c.h.h.t.HelmChartContainer - [hivemq-test-hivemq-platform] [hivemq-platform-operator] [1db6f0c9] 23:37:56.627 [pool-6-thread-15] DEBUG c.h.p.o.d.PodServiceAccountResource - [helmrest] Desired PodServiceAccountResource (serviceAccountName: hivemq-platform-pod-test-hivemq-platform)
2025-01-28 23:37:56,634 INFO c.h.h.t.HelmChartContainer - [hivemq-test-hivemq-platform] [hivemq-platform-operator] [1db6f0c9] 23:37:56.633 [pool-6-thread-14] DEBUG c.h.p.o.d.StatefulSetResource - [helmrest] Desired StatefulSet (1 replicas) for status STARTING (READY)
2025-01-28 23:37:56,647 INFO c.h.h.t.HelmChartContainer - [hivemq-test-hivemq-platform] [hivemq-platform-operator] [1db6f0c9] 23:37:56.643 [ReconcilerExecutor-hivemq-controller-110] INFO  c.h.p.o.HiveMQPlatformReconciler - [helmrest] Reconciling HiveMQ Platform 'test-hivemq-platform' in namespace 'helmrestapiit'
2025-01-28 23:37:56,647 INFO c.h.h.t.HelmChartContainer - [hivemq-test-hivemq-platform] [hivemq-platform-operator] [1db6f0c9] 23:37:56.644 [ReconcilerExecutor-hivemq-controller-110] DEBUG c.h.p.o.HiveMQPlatformReconciler - [helmrest] Custom Resource Status STARTING - HiveMQ Platform is starting (READY)
2025-01-28 23:37:56,647 INFO c.h.h.t.HelmChartContainer - [hivemq-test-hivemq-platform] [hivemq-platform-operator] [1db6f0c9] 23:37:56.644 [ReconcilerExecutor-hivemq-controller-110] DEBUG c.h.p.o.HiveMQPlatformReconciler - [helmrest] Custom Resource Spec (replicas: 1) (extensions: 2)
2025-01-28 23:37:56,652 INFO c.h.h.t.HelmChartContainer - [hivemq-test-hivemq-platform] [hivemq-platform-operator] [1db6f0c9] 23:37:56.650 [ReconcilerExecutor-hivemq-controller-110] DEBUG c.h.p.o.HiveMQPlatformReconciler - [helmrest] StatefulSet Status (revision: test-hivemq-platform-bbf59449c, replicas: 1, available: 0, ready: 0, current: 1, updated: 1)
2025-01-28 23:37:56,652 INFO c.h.h.t.HelmChartContainer - [hivemq-test-hivemq-platform] [hivemq-platform-operator] [1db6f0c9] 23:37:56.651 [ReconcilerExecutor-hivemq-controller-110] DEBUG c.h.p.o.HiveMQPlatformReconciler - [helmrest] StatefulSet Spec (replicas: 1, init containers: 1, containers: 1, volumes: 5)
2025-01-28 23:37:56,654 INFO c.h.h.t.HelmChartContainer - [hivemq-test-hivemq-platform] [hivemq-platform-operator] [1db6f0c9] 23:37:56.653 [ReconcilerExecutor-hivemq-controller-110] DEBUG c.h.p.o.h.HiveMQPlatformReconcilerErrorHandler - [helmrest] Pod 'test-hivemq-platform-0' phase Running
2025-01-28 23:37:56,658 INFO c.h.h.t.HelmChartContainer - [hivemq-test-hivemq-platform] [hivemq-platform-operator] [1db6f0c9] 23:37:56.657 [ReconcilerExecutor-hivemq-controller-110] INFO  c.h.p.o.h.HiveMQPlatformReconcilerBaseHandler - [helmrest] HiveMQ Platform is starting, 0 of 1 replicas are ready
2025-01-28 23:37:56,992 INFO c.h.h.t.HelmChartContainer - [test-hivemq-platform] [hivemq] [1ccf8fd6] INFO  - [HiveMQ Platform Operator Init 1.7.0-SNAPSHOT] HiveMQ Platform Operator Init 1.7.0-SNAPSHOT (commit: bebf408 on branch: HEAD) built on Sun Jan 26 20:47:47 UTC 2025
2025-01-28 23:37:58,145 INFO c.h.h.t.HelmChartContainer - [test-hivemq-platform] [hivemq] [1ccf8fd6] INFO  - [HiveMQ Platform Operator Init App 1.7.0-SNAPSHOT] Using bind address 10.42.0.11 from environment variable
2025-01-28 23:37:59,040 INFO c.h.h.t.HelmChartContainer - [test-hivemq-platform] [hivemq] [1ccf8fd6] INFO  - [HiveMQ Platform Operator Init App 1.7.0-SNAPSHOT] HiveMQ Platform Operator Init App 1.7.0-SNAPSHOT (commit: bebf408 on branch: HEAD) built on Sun Jan 26 20:47:47 UTC 2025
2025-01-28 23:37:59,041 INFO c.h.h.t.HelmChartContainer - [test-hivemq-platform] [hivemq] [1ccf8fd6] INFO  - [HiveMQ Platform Operator Init App 1.7.0-SNAPSHOT] PodInfo ConfigMap directory: /etc/podinfo
2025-01-28 23:37:59,041 INFO c.h.h.t.HelmChartContainer - [test-hivemq-platform] [hivemq] [1ccf8fd6] INFO  - [HiveMQ Platform Operator Init App 1.7.0-SNAPSHOT] HiveMQ home directory: /opt/hivemq
2025-01-28 23:37:59,041 INFO c.h.h.t.HelmChartContainer - [test-hivemq-platform] [hivemq] [1ccf8fd6] INFO  - [HiveMQ Platform Operator Init App 1.7.0-SNAPSHOT] HiveMQ Logback folder: /opt/hivemq/conf
2025-01-28 23:37:59,041 INFO c.h.h.t.HelmChartContainer - [test-hivemq-platform] [hivemq] [1ccf8fd6] INFO  - [HiveMQ Platform Operator Init App 1.7.0-SNAPSHOT] HiveMQ Config folder: /opt/hivemq/conf-k8s
2025-01-28 23:37:59,042 INFO c.h.h.t.HelmChartContainer - [test-hivemq-platform] [hivemq] [1ccf8fd6] INFO  - [HiveMQ Platform Operator Init App 1.7.0-SNAPSHOT] Starting HiveMQ Platform Operator Init App
2025-01-28 23:37:59,042 INFO c.h.h.t.HelmChartContainer - [test-hivemq-platform] [hivemq] [1ccf8fd6] INFO  - [HiveMQ Platform Operator Init App 1.7.0-SNAPSHOT] Starting Pod reconciler
2025-01-28 23:38:00,163 INFO c.h.h.t.HelmChartContainer - [test-hivemq-platform] [hivemq] [1ccf8fd6] INFO  - [HiveMQ Platform Operator Init App 1.7.0-SNAPSHOT] Pod reconciler is scheduled (interval: 5000 ms)
2025-01-28 23:38:00,164 INFO c.h.h.t.HelmChartContainer - [test-hivemq-platform] [hivemq] [1ccf8fd6] INFO  - [HiveMQ Platform Operator Init App 1.7.0-SNAPSHOT] Starting the REST API on 10.42.0.11:7979
2025-01-28 23:38:00,166 INFO c.h.h.t.HelmChartContainer - [test-hivemq-platform] [hivemq] [1ccf8fd6] INFO  - [HiveMQ Platform Operator Init App 1.7.0-SNAPSHOT] Waiting up to 600s for at most 1 HiveMQ nodes in cluster service hivemq-test-hivemq-platform-cluster.helmrestapiit.svc
2025-01-28 23:38:00,548 INFO c.h.h.t.HelmChartContainer - [test-hivemq-platform] [hivemq] [1ccf8fd6] INFO  - [HiveMQ Platform Operator Init App 1.7.0-SNAPSHOT] Resolved 1 IP addresses: [10.42.0.11]
2025-01-28 23:38:00,548 INFO c.h.h.t.HelmChartContainer - [test-hivemq-platform] [hivemq] [1ccf8fd6] INFO  - [HiveMQ Platform Operator Init App 1.7.0-SNAPSHOT] HiveMQ node count of 1 is within threshold of 1
2025-01-28 23:38:00,548 INFO c.h.h.t.HelmChartContainer - [test-hivemq-platform] [hivemq] [1ccf8fd6] INFO  - [HiveMQ Platform Operator Init App 1.7.0-SNAPSHOT] Proceeding with container start
2025-01-28 23:38:00,637 INFO c.h.h.t.HelmChartContainer - [test-hivemq-platform] [hivemq] [1ccf8fd6] INFO  - [HiveMQ Platform Operator Init App 1.7.0-SNAPSHOT] Initializing HiveMQ Platform extensions with initial configuration: {hivemq-allow-all-extension={start-priority=-1, skip-https-hostname-verification=false, restart=true, config-version=0, header-version=0, c-uri=, priority=-1, uri=preinstalled, skip-https-certificate-validation=false, enabled=false}, hivemq-enterprise-security-extension={start-priority=-1, skip-https-hostname-verification=false, restart=true, config-version=1162, header-version=0, c-uri=, priority=-1, uri=preinstalled, skip-https-certificate-validation=false, enabled=true}, hivemq-prometheus-extension={restart=true, enabled=true, request-header-path=no-request-headers, uri=preinstalled, skip-https-certificate-validation=false, skip-https-hostname-verification=false, c-uri=, start-priority=-1, priority=-1}}
2025-01-28 23:38:00,638 INFO c.h.h.t.HelmChartContainer - [test-hivemq-platform] [hivemq] [1ccf8fd6] INFO  - [HiveMQ Platform Operator Init App 1.7.0-SNAPSHOT] Successfully disabled extension hivemq-allow-all-extension
2025-01-28 23:38:01,041 INFO c.h.h.t.HelmChartContainer - [test-hivemq-platform] [hivemq] [1ccf8fd6] INFO  - [HiveMQ Platform Operator Init App 1.7.0-SNAPSHOT] Successfully enabled extension hivemq-enterprise-security-extension
2025-01-28 23:38:01,050 INFO c.h.h.t.HelmChartContainer - [test-hivemq-platform] [hivemq] [1ccf8fd6] INFO  - [HiveMQ Platform Operator Init App 1.7.0-SNAPSHOT] Successfully enabled extension hivemq-prometheus-extension
2025-01-28 23:38:01,051 INFO c.h.h.t.HelmChartContainer - [test-hivemq-platform] [hivemq] [1ccf8fd6] INFO  - [HiveMQ Platform Operator Init App 1.7.0-SNAPSHOT] Starting HiveMQ Platform version 4.36.0 (4.36.0)
2025-01-28 23:38:01,052 INFO c.h.h.t.HelmChartContainer - [test-hivemq-platform] [hivemq] [1ccf8fd6] INFO  - [HiveMQ Platform Operator Init App 1.7.0-SNAPSHOT] Configuring the HiveMQ Platform
2025-01-28 23:38:01,138 INFO c.h.h.t.HelmChartContainer - [test-hivemq-platform] [hivemq] [1ccf8fd6] INFO  - [HiveMQ Platform Operator Init App 1.7.0-SNAPSHOT] Changed logback.xml file scan period to 20 seconds
2025-01-28 23:38:01,149 INFO c.h.h.t.HelmChartContainer - [test-hivemq-platform] [hivemq] [1ccf8fd6] INFO  - [HiveMQ Platform Operator Init App 1.7.0-SNAPSHOT] Starting the HiveMQ Platform
2025-01-28 23:38:01,152 INFO c.h.h.t.HelmChartContainer - [test-hivemq-platform] [hivemq] [1ccf8fd6] -------------------------------------------------------------------------
2025-01-28 23:38:01,153 INFO c.h.h.t.HelmChartContainer - [test-hivemq-platform] [hivemq] [1ccf8fd6] 
2025-01-28 23:38:01,153 INFO c.h.h.t.HelmChartContainer - [test-hivemq-platform] [hivemq] [1ccf8fd6]                   _    _  _              __  __   ____
2025-01-28 23:38:01,153 INFO c.h.h.t.HelmChartContainer - [test-hivemq-platform] [hivemq] [1ccf8fd6]                  | |  | |(_)            |  \/  | / __ \
2025-01-28 23:38:01,153 INFO c.h.h.t.HelmChartContainer - [test-hivemq-platform] [hivemq] [1ccf8fd6]                  | |__| | _ __   __ ___ | \  / || |  | |
2025-01-28 23:38:01,153 INFO c.h.h.t.HelmChartContainer - [test-hivemq-platform] [hivemq] [1ccf8fd6]                  |  __  || |\ \ / // _ \| |\/| || |  | |
2025-01-28 23:38:01,153 INFO c.h.h.t.HelmChartContainer - [test-hivemq-platform] [hivemq] [1ccf8fd6]                  | |  | || | \ V /|  __/| |  | || |__| |
2025-01-28 23:38:01,153 INFO c.h.h.t.HelmChartContainer - [test-hivemq-platform] [hivemq] [1ccf8fd6]                  |_|  |_||_|  \_/  \___||_|  |_| \___\_\
2025-01-28 23:38:01,153 INFO c.h.h.t.HelmChartContainer - [test-hivemq-platform] [hivemq] [1ccf8fd6] 
2025-01-28 23:38:01,153 INFO c.h.h.t.HelmChartContainer - [test-hivemq-platform] [hivemq] [1ccf8fd6] -------------------------------------------------------------------------
2025-01-28 23:38:01,153 INFO c.h.h.t.HelmChartContainer - [test-hivemq-platform] [hivemq] [1ccf8fd6] 
2025-01-28 23:38:01,153 INFO c.h.h.t.HelmChartContainer - [test-hivemq-platform] [hivemq] [1ccf8fd6]   HiveMQ Start Script for Linux/Unix v1.14
2025-01-28 23:38:01,153 INFO c.h.h.t.HelmChartContainer - [test-hivemq-platform] [hivemq] [1ccf8fd6] 
2025-01-28 23:38:01,262 INFO c.h.h.t.HelmChartContainer - [test-hivemq-platform] [hivemq] [1ccf8fd6] -------------------------------------------------------------------------
2025-01-28 23:38:01,263 INFO c.h.h.t.HelmChartContainer - [test-hivemq-platform] [hivemq] [1ccf8fd6] 
2025-01-28 23:38:01,263 INFO c.h.h.t.HelmChartContainer - [test-hivemq-platform] [hivemq] [1ccf8fd6]   HIVEMQ_HOME: /opt/hivemq
2025-01-28 23:38:01,263 INFO c.h.h.t.HelmChartContainer - [test-hivemq-platform] [hivemq] [1ccf8fd6] 
2025-01-28 23:38:01,263 INFO c.h.h.t.HelmChartContainer - [test-hivemq-platform] [hivemq] [1ccf8fd6]   JAVA_OPTS: -XX:+UnlockExperimentalVMOptions -XX:InitialRAMPercentage=50 -XX:MaxRAMPercentage=50 -Djava.net.preferIPv4Stack=true --add-opens java.base/java.lang=ALL-UNNAMED --add-opens java.base/java.nio=ALL-UNNAMED --add-opens java.base/sun.nio.ch=ALL-UNNAMED --add-opens jdk.management/com.sun.management.internal=ALL-UNNAMED --add-exports java.base/jdk.internal.misc=ALL-UNNAMED -Djava.security.egd=file:/dev/./urandom -Dcom.sun.management.jmxremote -Dcom.sun.management.jmxremote.port=9010 -Dcom.sun.management.jmxremote.local.only=false -Dcom.sun.management.jmxremote.authenticate=false -Dcom.sun.management.jmxremote.ssl=false -Duser.language=en -Duser.region=US -XX:+CrashOnOutOfMemoryError -XX:+HeapDumpOnOutOfMemoryError
2025-01-28 23:38:01,263 INFO c.h.h.t.HelmChartContainer - [test-hivemq-platform] [hivemq] [1ccf8fd6] 
2025-01-28 23:38:01,263 INFO c.h.h.t.HelmChartContainer - [test-hivemq-platform] [hivemq] [1ccf8fd6]   JAVA_VERSION: 21
2025-01-28 23:38:01,263 INFO c.h.h.t.HelmChartContainer - [test-hivemq-platform] [hivemq] [1ccf8fd6] 
2025-01-28 23:38:01,263 INFO c.h.h.t.HelmChartContainer - [test-hivemq-platform] [hivemq] [1ccf8fd6] -------------------------------------------------------------------------
2025-01-28 23:38:01,263 INFO c.h.h.t.HelmChartContainer - [test-hivemq-platform] [hivemq] [1ccf8fd6] 
2025-01-28 23:38:02,643 INFO c.h.h.t.HelmChartContainer - [test-hivemq-platform] [hivemq] [1ccf8fd6] INFO  - [HiveMQ Platform Operator Init App 1.7.0-SNAPSHOT] Returning default Health API response 503 for readiness
2025-01-28 23:38:03,046 INFO c.h.h.t.HelmChartContainer - [EVENT] Warning [Unhealthy] Readiness probe failed: HTTP probe failed with statuscode: 503 [helmrestapiit:test-hivemq-platform-0]
2025-01-28 23:38:03,046 INFO c.h.h.t.HelmChartContainer - Received Unhealthy event for container hivemq in pod test-hivemq-platform-0 [1ccf8fd6-10d9-492f-a659-abe718162af5]
2025-01-28 23:38:03,942 INFO c.h.h.t.HelmChartContainer - [test-hivemq-platform] [hivemq] [1ccf8fd6] INFO  - Starting HiveMQ Enterprise Server
2025-01-28 23:38:03,949 INFO c.h.h.t.HelmChartContainer - [test-hivemq-platform] [hivemq] [1ccf8fd6] INFO  - HiveMQ version: 4.36.0
2025-01-28 23:38:03,949 INFO c.h.h.t.HelmChartContainer - [test-hivemq-platform] [hivemq] [1ccf8fd6] INFO  - HiveMQ home directory: /opt/hivemq
2025-01-28 23:38:03,949 INFO c.h.h.t.HelmChartContainer - [test-hivemq-platform] [hivemq] [1ccf8fd6] INFO  - Log Configuration was overridden by /opt/hivemq/conf/logback.xml
2025-01-28 23:38:05,137 INFO c.h.h.t.HelmChartContainer - [test-hivemq-platform] [hivemq] [1ccf8fd6] INFO  - Successfully loaded configuration from '/opt/hivemq/conf-k8s/config.xml'.
2025-01-28 23:38:05,640 INFO c.h.h.t.HelmChartContainer - [test-hivemq-platform] [hivemq] [1ccf8fd6] INFO  - This node's ID is EO0Sj
2025-01-28 23:38:05,642 INFO c.h.h.t.HelmChartContainer - [test-hivemq-platform] [hivemq] [1ccf8fd6] INFO  - Clustering is enabled
2025-01-28 23:38:06,666 INFO c.h.h.t.HelmChartContainer - [hivemq-test-hivemq-platform] [hivemq-platform-operator] [1db6f0c9] 23:38:06.664 [pool-6-thread-26] DEBUG c.h.p.o.d.PodServiceAccountResource - [helmrest] Desired PodServiceAccountResource (serviceAccountName: hivemq-platform-pod-test-hivemq-platform)
2025-01-28 23:38:06,667 INFO c.h.h.t.HelmChartContainer - [hivemq-test-hivemq-platform] [hivemq-platform-operator] [1db6f0c9] 23:38:06.665 [pool-6-thread-21] DEBUG c.h.p.o.dependants.PodInfoConfigMap - [helmrest] Desired PodInfo ConfigMap (2 extensions) (1 enabled)
2025-01-28 23:38:06,668 INFO c.h.h.t.HelmChartContainer - [hivemq-test-hivemq-platform] [hivemq-platform-operator] [1db6f0c9] 23:38:06.663 [pool-6-thread-24] DEBUG c.h.p.o.d.PlatformServiceResource - [helmrest] Desired Platform services (2 services)
2025-01-28 23:38:06,669 INFO c.h.h.t.HelmChartContainer - [hivemq-test-hivemq-platform] [hivemq-platform-operator] [1db6f0c9] 23:38:06.669 [pool-6-thread-21] DEBUG c.h.p.o.dependants.PodInfoConfigMap - [helmrest] Desired PodInfo ConfigMap (metrics port: 9399) (metrics path: /)
2025-01-28 23:38:06,670 INFO c.h.h.t.HelmChartContainer - [hivemq-test-hivemq-platform] [hivemq-platform-operator] [1db6f0c9] 23:38:06.669 [pool-6-thread-21] DEBUG c.h.p.o.dependants.PodInfoConfigMap - [helmrest] Desired PodInfo ConfigMap (extension state hash: 307632989)
2025-01-28 23:38:06,672 INFO c.h.h.t.HelmChartContainer - [hivemq-test-hivemq-platform] [hivemq-platform-operator] [1db6f0c9] 23:38:06.671 [pool-6-thread-24] DEBUG c.h.p.o.d.StatefulSetResource - [helmrest] Desired StatefulSet (1 replicas) for status STARTING (READY)
2025-01-28 23:38:06,747 INFO c.h.h.t.HelmChartContainer - [hivemq-test-hivemq-platform] [hivemq-platform-operator] [1db6f0c9] 23:38:06.746 [ReconcilerExecutor-hivemq-controller-111] INFO  c.h.p.o.HiveMQPlatformReconciler - [helmrest] Reconciling HiveMQ Platform 'test-hivemq-platform' in namespace 'helmrestapiit'
2025-01-28 23:38:06,747 INFO c.h.h.t.HelmChartContainer - [hivemq-test-hivemq-platform] [hivemq-platform-operator] [1db6f0c9] 23:38:06.746 [ReconcilerExecutor-hivemq-controller-111] DEBUG c.h.p.o.HiveMQPlatformReconciler - [helmrest] Custom Resource Status STARTING - HiveMQ Platform is starting (READY)
2025-01-28 23:38:06,747 INFO c.h.h.t.HelmChartContainer - [hivemq-test-hivemq-platform] [hivemq-platform-operator] [1db6f0c9] 23:38:06.746 [ReconcilerExecutor-hivemq-controller-111] DEBUG c.h.p.o.HiveMQPlatformReconciler - [helmrest] Custom Resource Spec (replicas: 1) (extensions: 2)
2025-01-28 23:38:06,753 INFO c.h.h.t.HelmChartContainer - [hivemq-test-hivemq-platform] [hivemq-platform-operator] [1db6f0c9] 23:38:06.751 [ReconcilerExecutor-hivemq-controller-111] DEBUG c.h.p.o.HiveMQPlatformReconciler - [helmrest] StatefulSet Status (revision: test-hivemq-platform-bbf59449c, replicas: 1, available: 0, ready: 0, current: 1, updated: 1)
2025-01-28 23:38:06,753 INFO c.h.h.t.HelmChartContainer - [hivemq-test-hivemq-platform] [hivemq-platform-operator] [1db6f0c9] 23:38:06.751 [ReconcilerExecutor-hivemq-controller-111] DEBUG c.h.p.o.HiveMQPlatformReconciler - [helmrest] StatefulSet Spec (replicas: 1, init containers: 1, containers: 1, volumes: 5)
2025-01-28 23:38:06,754 INFO c.h.h.t.HelmChartContainer - [hivemq-test-hivemq-platform] [hivemq-platform-operator] [1db6f0c9] 23:38:06.753 [ReconcilerExecutor-hivemq-controller-111] DEBUG c.h.p.o.h.HiveMQPlatformReconcilerErrorHandler - [helmrest] Pod 'test-hivemq-platform-0' phase Running
2025-01-28 23:38:06,756 INFO c.h.h.t.HelmChartContainer - [hivemq-test-hivemq-platform] [hivemq-platform-operator] [1db6f0c9] 23:38:06.755 [ReconcilerExecutor-hivemq-controller-111] INFO  c.h.p.o.h.HiveMQPlatformReconcilerBaseHandler - [helmrest] HiveMQ Platform is starting, 0 of 1 replicas are ready
2025-01-28 23:38:08,044 INFO c.h.h.t.HelmChartContainer - [test-hivemq-platform] [hivemq] [1ccf8fd6] WARN  - [HiveMQ Platform Operator Init App 1.7.0-SNAPSHOT] Cannot connect to Health API for readiness: null
2025-01-28 23:38:08,050 INFO c.h.h.t.HelmChartContainer - [EVENT] Warning [Unhealthy] Readiness probe failed: HTTP probe failed with statuscode: 503 [helmrestapiit:test-hivemq-platform-0]
2025-01-28 23:38:08,050 INFO c.h.h.t.HelmChartContainer - Received Unhealthy event for container hivemq in pod test-hivemq-platform-0 [1ccf8fd6-10d9-492f-a659-abe718162af5]
2025-01-28 23:38:10,543 INFO c.h.h.t.HelmChartContainer - [test-hivemq-platform] [hivemq] [1ccf8fd6] Jan 28, 2025 11:38:10 PM io.vertx.core.impl.BlockedThreadChecker
2025-01-28 23:38:10,544 INFO c.h.h.t.HelmChartContainer - [test-hivemq-platform] [hivemq] [1ccf8fd6] WARNING: Thread Thread[vert.x-eventloop-thread-1,5,main] has been blocked for 2888 ms, time limit is 2000 ms
2025-01-28 23:38:10,545 INFO c.h.h.t.HelmChartContainer - [test-hivemq-platform] [hivemq] [1ccf8fd6] INFO  - [HiveMQ Platform Operator Init App 1.7.0-SNAPSHOT] Updating Pod HiveMQ Platform Operator Init App version annotation (version: 1.7.0-SNAPSHOT)
2025-01-28 23:38:11,151 INFO c.h.h.t.HelmChartContainer - [POD] test-hivemq-platform-0 [1ccf8fd6-10d9-492f-a659-abe718162af5] in helmrestapiit was MODIFIED
2025-01-28 23:38:11,168 INFO c.h.h.t.HelmChartContainer - [hivemq-test-hivemq-platform] [hivemq-platform-operator] [1db6f0c9] 23:38:11.164 [pool-6-thread-36] DEBUG c.h.p.o.d.PlatformServiceResource - [helmrest] Desired Platform services (2 services)
2025-01-28 23:38:11,168 INFO c.h.h.t.HelmChartContainer - [hivemq-test-hivemq-platform] [hivemq-platform-operator] [1db6f0c9] 23:38:11.166 [pool-6-thread-34] DEBUG c.h.p.o.d.PodServiceAccountResource - [helmrest] Desired PodServiceAccountResource (serviceAccountName: hivemq-platform-pod-test-hivemq-platform)
2025-01-28 23:38:11,171 INFO c.h.h.t.HelmChartContainer - [hivemq-test-hivemq-platform] [hivemq-platform-operator] [1db6f0c9] 23:38:11.169 [pool-6-thread-35] DEBUG c.h.p.o.dependants.PodInfoConfigMap - [helmrest] Desired PodInfo ConfigMap (2 extensions) (1 enabled)
2025-01-28 23:38:11,171 INFO c.h.h.t.HelmChartContainer - [hivemq-test-hivemq-platform] [hivemq-platform-operator] [1db6f0c9] 23:38:11.170 [pool-6-thread-35] DEBUG c.h.p.o.dependants.PodInfoConfigMap - [helmrest] Desired PodInfo ConfigMap (metrics port: 9399) (metrics path: /)
2025-01-28 23:38:11,172 INFO c.h.h.t.HelmChartContainer - [hivemq-test-hivemq-platform] [hivemq-platform-operator] [1db6f0c9] 23:38:11.170 [pool-6-thread-35] DEBUG c.h.p.o.dependants.PodInfoConfigMap - [helmrest] Desired PodInfo ConfigMap (extension state hash: 307632989)
2025-01-28 23:38:11,176 INFO c.h.h.t.HelmChartContainer - [hivemq-test-hivemq-platform] [hivemq-platform-operator] [1db6f0c9] 23:38:11.173 [pool-6-thread-35] DEBUG c.h.p.o.d.StatefulSetResource - [helmrest] Desired StatefulSet (1 replicas) for status STARTING (READY)
2025-01-28 23:38:11,179 INFO c.h.h.t.HelmChartContainer - [hivemq-test-hivemq-platform] [hivemq-platform-operator] [1db6f0c9] 23:38:11.177 [ReconcilerExecutor-hivemq-controller-112] INFO  c.h.p.o.HiveMQPlatformReconciler - [helmrest] Reconciling HiveMQ Platform 'test-hivemq-platform' in namespace 'helmrestapiit'
2025-01-28 23:38:11,179 INFO c.h.h.t.HelmChartContainer - [hivemq-test-hivemq-platform] [hivemq-platform-operator] [1db6f0c9] 23:38:11.177 [ReconcilerExecutor-hivemq-controller-112] DEBUG c.h.p.o.HiveMQPlatformReconciler - [helmrest] Custom Resource Status STARTING - HiveMQ Platform is starting (READY)
2025-01-28 23:38:11,179 INFO c.h.h.t.HelmChartContainer - [hivemq-test-hivemq-platform] [hivemq-platform-operator] [1db6f0c9] 23:38:11.177 [ReconcilerExecutor-hivemq-controller-112] DEBUG c.h.p.o.HiveMQPlatformReconciler - [helmrest] Custom Resource Spec (replicas: 1) (extensions: 2)
2025-01-28 23:38:11,183 INFO c.h.h.t.HelmChartContainer - [hivemq-test-hivemq-platform] [hivemq-platform-operator] [1db6f0c9] 23:38:11.180 [ReconcilerExecutor-hivemq-controller-112] DEBUG c.h.p.o.HiveMQPlatformReconciler - [helmrest] StatefulSet Status (revision: test-hivemq-platform-bbf59449c, replicas: 1, available: 0, ready: 0, current: 1, updated: 1)
2025-01-28 23:38:11,183 INFO c.h.h.t.HelmChartContainer - [hivemq-test-hivemq-platform] [hivemq-platform-operator] [1db6f0c9] 23:38:11.180 [ReconcilerExecutor-hivemq-controller-112] DEBUG c.h.p.o.HiveMQPlatformReconciler - [helmrest] StatefulSet Spec (replicas: 1, init containers: 1, containers: 1, volumes: 5)
2025-01-28 23:38:11,243 INFO c.h.h.t.HelmChartContainer - [test-hivemq-platform] [hivemq] [1ccf8fd6] INFO  - [HiveMQ Platform Operator Init App 1.7.0-SNAPSHOT] Successfully updated Pod HiveMQ Platform Operator Init App version annotation (version: 1.7.0-SNAPSHOT)
2025-01-28 23:38:11,246 INFO c.h.h.t.HelmChartContainer - [test-hivemq-platform] [hivemq] [1ccf8fd6] WARN  - [HiveMQ Platform Operator Init App 1.7.0-SNAPSHOT] Cannot connect to Health API for readiness: null
2025-01-28 23:38:11,247 INFO c.h.h.t.HelmChartContainer - [hivemq-test-hivemq-platform] [hivemq-platform-operator] [1db6f0c9] 23:38:11.243 [ReconcilerExecutor-hivemq-controller-112] DEBUG c.h.p.o.h.HiveMQPlatformReconcilerErrorHandler - [helmrest] Pod 'test-hivemq-platform-0' phase Running
2025-01-28 23:38:11,247 INFO c.h.h.t.HelmChartContainer - [hivemq-test-hivemq-platform] [hivemq-platform-operator] [1db6f0c9] 23:38:11.245 [ReconcilerExecutor-hivemq-controller-112] INFO  c.h.p.o.h.HiveMQPlatformReconcilerBaseHandler - [helmrest] HiveMQ Platform is starting, 0 of 1 replicas are ready
2025-01-28 23:38:11,255 INFO c.h.h.t.HelmChartContainer - [EVENT] Warning [Unhealthy] Readiness probe failed: HTTP probe failed with statuscode: 503 [helmrestapiit:test-hivemq-platform-0]
2025-01-28 23:38:11,255 INFO c.h.h.t.HelmChartContainer - Received Unhealthy event for container hivemq in pod test-hivemq-platform-0 [1ccf8fd6-10d9-492f-a659-abe718162af5]
2025-01-28 23:38:16,195 INFO c.h.h.t.HelmChartContainer - [test-hivemq-platform] [hivemq] [1ccf8fd6] WARN  - [HiveMQ Platform Operator Init App 1.7.0-SNAPSHOT] Cannot connect to Health API for readiness: null
2025-01-28 23:38:16,200 INFO c.h.h.t.HelmChartContainer - [EVENT] Warning [Unhealthy] Readiness probe failed: HTTP probe failed with statuscode: 503 [helmrestapiit:test-hivemq-platform-0]
2025-01-28 23:38:16,200 INFO c.h.h.t.HelmChartContainer - Received Unhealthy event for container hivemq in pod test-hivemq-platform-0 [1ccf8fd6-10d9-492f-a659-abe718162af5]
2025-01-28 23:38:21,195 INFO c.h.h.t.HelmChartContainer - [test-hivemq-platform] [hivemq] [1ccf8fd6] WARN  - [HiveMQ Platform Operator Init App 1.7.0-SNAPSHOT] Cannot connect to Health API for readiness: null
2025-01-28 23:38:21,201 INFO c.h.h.t.HelmChartContainer - [EVENT] Warning [Unhealthy] Readiness probe failed: HTTP probe failed with statuscode: 503 [helmrestapiit:test-hivemq-platform-0]
2025-01-28 23:38:21,201 INFO c.h.h.t.HelmChartContainer - Received Unhealthy event for container hivemq in pod test-hivemq-platform-0 [1ccf8fd6-10d9-492f-a659-abe718162af5]
2025-01-28 23:38:21,252 INFO c.h.h.t.HelmChartContainer - [hivemq-test-hivemq-platform] [hivemq-platform-operator] [1db6f0c9] 23:38:21.249 [pool-6-thread-46] DEBUG c.h.p.o.d.PlatformServiceResource - [helmrest] Desired Platform services (2 services)
2025-01-28 23:38:21,252 INFO c.h.h.t.HelmChartContainer - [hivemq-test-hivemq-platform] [hivemq-platform-operator] [1db6f0c9] 23:38:21.250 [pool-6-thread-45] DEBUG c.h.p.o.dependants.PodInfoConfigMap - [helmrest] Desired PodInfo ConfigMap (2 extensions) (1 enabled)
2025-01-28 23:38:21,253 INFO c.h.h.t.HelmChartContainer - [hivemq-test-hivemq-platform] [hivemq-platform-operator] [1db6f0c9] 23:38:21.250 [pool-6-thread-45] DEBUG c.h.p.o.dependants.PodInfoConfigMap - [helmrest] Desired PodInfo ConfigMap (metrics port: 9399) (metrics path: /)
2025-01-28 23:38:21,253 INFO c.h.h.t.HelmChartContainer - [hivemq-test-hivemq-platform] [hivemq-platform-operator] [1db6f0c9] 23:38:21.250 [pool-6-thread-45] DEBUG c.h.p.o.dependants.PodInfoConfigMap - [helmrest] Desired PodInfo ConfigMap (extension state hash: 307632989)
2025-01-28 23:38:21,253 INFO c.h.h.t.HelmChartContainer - [hivemq-test-hivemq-platform] [hivemq-platform-operator] [1db6f0c9] 23:38:21.251 [pool-6-thread-42] DEBUG c.h.p.o.d.PodServiceAccountResource - [helmrest] Desired PodServiceAccountResource (serviceAccountName: hivemq-platform-pod-test-hivemq-platform)
2025-01-28 23:38:21,254 INFO c.h.h.t.HelmChartContainer - [hivemq-test-hivemq-platform] [hivemq-platform-operator] [1db6f0c9] 23:38:21.254 [pool-6-thread-45] DEBUG c.h.p.o.d.StatefulSetResource - [helmrest] Desired StatefulSet (1 replicas) for status STARTING (READY)
2025-01-28 23:38:21,258 INFO c.h.h.t.HelmChartContainer - [hivemq-test-hivemq-platform] [hivemq-platform-operator] [1db6f0c9] 23:38:21.257 [ReconcilerExecutor-hivemq-controller-113] INFO  c.h.p.o.HiveMQPlatformReconciler - [helmrest] Reconciling HiveMQ Platform 'test-hivemq-platform' in namespace 'helmrestapiit'
2025-01-28 23:38:21,259 INFO c.h.h.t.HelmChartContainer - [hivemq-test-hivemq-platform] [hivemq-platform-operator] [1db6f0c9] 23:38:21.257 [ReconcilerExecutor-hivemq-controller-113] DEBUG c.h.p.o.HiveMQPlatformReconciler - [helmrest] Custom Resource Status STARTING - HiveMQ Platform is starting (READY)
2025-01-28 23:38:21,259 INFO c.h.h.t.HelmChartContainer - [hivemq-test-hivemq-platform] [hivemq-platform-operator] [1db6f0c9] 23:38:21.257 [ReconcilerExecutor-hivemq-controller-113] DEBUG c.h.p.o.HiveMQPlatformReconciler - [helmrest] Custom Resource Spec (replicas: 1) (extensions: 2)
2025-01-28 23:38:21,262 INFO c.h.h.t.HelmChartContainer - [hivemq-test-hivemq-platform] [hivemq-platform-operator] [1db6f0c9] 23:38:21.261 [ReconcilerExecutor-hivemq-controller-113] DEBUG c.h.p.o.HiveMQPlatformReconciler - [helmrest] StatefulSet Status (revision: test-hivemq-platform-bbf59449c, replicas: 1, available: 0, ready: 0, current: 1, updated: 1)
2025-01-28 23:38:21,264 INFO c.h.h.t.HelmChartContainer - [hivemq-test-hivemq-platform] [hivemq-platform-operator] [1db6f0c9] 23:38:21.261 [ReconcilerExecutor-hivemq-controller-113] DEBUG c.h.p.o.HiveMQPlatformReconciler - [helmrest] StatefulSet Spec (replicas: 1, init containers: 1, containers: 1, volumes: 5)
2025-01-28 23:38:21,348 INFO c.h.h.t.HelmChartContainer - [hivemq-test-hivemq-platform] [hivemq-platform-operator] [1db6f0c9] 23:38:21.346 [ReconcilerExecutor-hivemq-controller-113] DEBUG c.h.p.o.h.HiveMQPlatformReconcilerErrorHandler - [helmrest] Pod 'test-hivemq-platform-0' phase Running
2025-01-28 23:38:21,348 INFO c.h.h.t.HelmChartContainer - [hivemq-test-hivemq-platform] [hivemq-platform-operator] [1db6f0c9] 23:38:21.347 [ReconcilerExecutor-hivemq-controller-113] INFO  c.h.p.o.h.HiveMQPlatformReconcilerBaseHandler - [helmrest] HiveMQ Platform is starting, 0 of 1 replicas are ready
2025-01-28 23:38:22,306 INFO c.h.h.t.HelmChartContainer - [test-hivemq-platform] [hivemq] [1ccf8fd6] INFO  - No valid license file found. Using trial license, restricted to 25 connections.
2025-01-28 23:38:22,594 INFO c.h.h.t.HelmChartContainer - [test-hivemq-platform] [hivemq] [1ccf8fd6] WARN  - [HiveMQ Platform Operator Init App 1.7.0-SNAPSHOT] Cannot connect to Health API for liveness: null
2025-01-28 23:38:22,595 INFO c.h.h.t.HelmChartContainer - [test-hivemq-platform] [hivemq] [1ccf8fd6] INFO  - [HiveMQ Platform Operator Init App 1.7.0-SNAPSHOT] Returning default Health API response 200 for liveness
2025-01-28 23:38:25,807 INFO c.h.h.t.HelmChartContainer - [test-hivemq-platform] [hivemq] [1ccf8fd6] INFO  - No valid license file for Data Hub found. Using free license, restricted to 1 policy.
2025-01-28 23:38:26,195 INFO c.h.h.t.HelmChartContainer - [test-hivemq-platform] [hivemq] [1ccf8fd6] WARN  - [HiveMQ Platform Operator Init App 1.7.0-SNAPSHOT] Cannot connect to Health API for readiness: null
2025-01-28 23:38:26,200 INFO c.h.h.t.HelmChartContainer - [EVENT] Warning [Unhealthy] Readiness probe failed: HTTP probe failed with statuscode: 503 [helmrestapiit:test-hivemq-platform-0]
2025-01-28 23:38:26,200 INFO c.h.h.t.HelmChartContainer - Received Unhealthy event for container hivemq in pod test-hivemq-platform-0 [1ccf8fd6-10d9-492f-a659-abe718162af5]
2025-01-28 23:38:27,206 INFO c.h.h.t.HelmChartContainer - [test-hivemq-platform] [hivemq] [1ccf8fd6] INFO  - Audit Logger started.
2025-01-28 23:38:27,507 INFO c.h.h.t.HelmChartContainer - [test-hivemq-platform] [hivemq] [1ccf8fd6] INFO  - This node uses '1' CPU cores.
2025-01-28 23:38:27,512 INFO c.h.h.t.HelmChartContainer - [test-hivemq-platform] [hivemq] [1ccf8fd6] INFO  - Starting HiveMQ Health API on address 0.0.0.0 and port 8889
2025-01-28 23:38:28,306 INFO c.h.h.t.HelmChartContainer - [test-hivemq-platform] [hivemq] [1ccf8fd6] INFO  - Started HiveMQ Health API in 794ms
2025-01-28 23:38:28,841 INFO c.h.h.t.HelmChartContainer - [test-hivemq-platform] [hivemq] [1ccf8fd6] INFO  - Starting HiveMQ extension system.
2025-01-28 23:38:31,358 INFO c.h.h.t.HelmChartContainer - [hivemq-test-hivemq-platform] [hivemq-platform-operator] [1db6f0c9] 23:38:31.353 [pool-6-thread-1] DEBUG c.h.p.o.d.PlatformServiceResource - [helmrest] Desired Platform services (2 services)
2025-01-28 23:38:31,358 INFO c.h.h.t.HelmChartContainer - [hivemq-test-hivemq-platform] [hivemq-platform-operator] [1db6f0c9] 23:38:31.354 [pool-6-thread-6] DEBUG c.h.p.o.dependants.PodInfoConfigMap - [helmrest] Desired PodInfo ConfigMap (2 extensions) (1 enabled)
2025-01-28 23:38:31,359 INFO c.h.h.t.HelmChartContainer - [hivemq-test-hivemq-platform] [hivemq-platform-operator] [1db6f0c9] 23:38:31.354 [pool-6-thread-6] DEBUG c.h.p.o.dependants.PodInfoConfigMap - [helmrest] Desired PodInfo ConfigMap (metrics port: 9399) (metrics path: /)
2025-01-28 23:38:31,359 INFO c.h.h.t.HelmChartContainer - [hivemq-test-hivemq-platform] [hivemq-platform-operator] [1db6f0c9] 23:38:31.354 [pool-6-thread-6] DEBUG c.h.p.o.dependants.PodInfoConfigMap - [helmrest] Desired PodInfo ConfigMap (extension state hash: 307632989)
2025-01-28 23:38:31,360 INFO c.h.h.t.HelmChartContainer - [hivemq-test-hivemq-platform] [hivemq-platform-operator] [1db6f0c9] 23:38:31.356 [pool-6-thread-6] DEBUG c.h.p.o.d.PodServiceAccountResource - [helmrest] Desired PodServiceAccountResource (serviceAccountName: hivemq-platform-pod-test-hivemq-platform)
2025-01-28 23:38:31,361 INFO c.h.h.t.HelmChartContainer - [hivemq-test-hivemq-platform] [hivemq-platform-operator] [1db6f0c9] 23:38:31.359 [pool-6-thread-1] DEBUG c.h.p.o.d.StatefulSetResource - [helmrest] Desired StatefulSet (1 replicas) for status STARTING (READY)
2025-01-28 23:38:31,364 INFO c.h.h.t.HelmChartContainer - [hivemq-test-hivemq-platform] [hivemq-platform-operator] [1db6f0c9] 23:38:31.363 [ReconcilerExecutor-hivemq-controller-114] INFO  c.h.p.o.HiveMQPlatformReconciler - [helmrest] Reconciling HiveMQ Platform 'test-hivemq-platform' in namespace 'helmrestapiit'
2025-01-28 23:38:31,364 INFO c.h.h.t.HelmChartContainer - [hivemq-test-hivemq-platform] [hivemq-platform-operator] [1db6f0c9] 23:38:31.363 [ReconcilerExecutor-hivemq-controller-114] DEBUG c.h.p.o.HiveMQPlatformReconciler - [helmrest] Custom Resource Status STARTING - HiveMQ Platform is starting (READY)
2025-01-28 23:38:31,365 INFO c.h.h.t.HelmChartContainer - [hivemq-test-hivemq-platform] [hivemq-platform-operator] [1db6f0c9] 23:38:31.363 [ReconcilerExecutor-hivemq-controller-114] DEBUG c.h.p.o.HiveMQPlatformReconciler - [helmrest] Custom Resource Spec (replicas: 1) (extensions: 2)
2025-01-28 23:38:31,365 INFO c.h.h.t.HelmChartContainer - [hivemq-test-hivemq-platform] [hivemq-platform-operator] [1db6f0c9] 23:38:31.364 [ReconcilerExecutor-hivemq-controller-114] DEBUG c.h.p.o.HiveMQPlatformReconciler - [helmrest] StatefulSet Status (revision: test-hivemq-platform-bbf59449c, replicas: 1, available: 0, ready: 0, current: 1, updated: 1)
2025-01-28 23:38:31,365 INFO c.h.h.t.HelmChartContainer - [hivemq-test-hivemq-platform] [hivemq-platform-operator] [1db6f0c9] 23:38:31.364 [ReconcilerExecutor-hivemq-controller-114] DEBUG c.h.p.o.HiveMQPlatformReconciler - [helmrest] StatefulSet Spec (replicas: 1, init containers: 1, containers: 1, volumes: 5)
2025-01-28 23:38:31,445 INFO c.h.h.t.HelmChartContainer - [hivemq-test-hivemq-platform] [hivemq-platform-operator] [1db6f0c9] 23:38:31.444 [ReconcilerExecutor-hivemq-controller-114] DEBUG c.h.p.o.h.HiveMQPlatformReconcilerErrorHandler - [helmrest] Pod 'test-hivemq-platform-0' phase Running
2025-01-28 23:38:31,446 INFO c.h.h.t.HelmChartContainer - [hivemq-test-hivemq-platform] [hivemq-platform-operator] [1db6f0c9] 23:38:31.445 [ReconcilerExecutor-hivemq-controller-114] INFO  c.h.p.o.h.HiveMQPlatformReconcilerBaseHandler - [helmrest] HiveMQ Platform is starting, 0 of 1 replicas are ready
2025-01-28 23:38:32,096 INFO c.h.h.t.HelmChartContainer - [test-hivemq-platform] [hivemq] [1ccf8fd6] INFO  - [HiveMQ Platform Operator Init App 1.7.0-SNAPSHOT] Returning Health API response 503 for readiness
2025-01-28 23:38:32,101 INFO c.h.h.t.HelmChartContainer - [EVENT] Warning [Unhealthy] Readiness probe failed: HTTP probe failed with statuscode: 503 [helmrestapiit:test-hivemq-platform-0]
2025-01-28 23:38:32,101 INFO c.h.h.t.HelmChartContainer - Received Unhealthy event for container hivemq in pod test-hivemq-platform-0 [1ccf8fd6-10d9-492f-a659-abe718162af5]
2025-01-28 23:38:33,140 INFO c.h.h.t.HelmChartContainer - [test-hivemq-platform] [hivemq] [1ccf8fd6] INFO  - No license found for enterprise extension with name "HiveMQ Enterprise Security Extension". Entering extension trial mode. "HiveMQ Enterprise Security Extension" will be disabled in 5 hours.
2025-01-28 23:38:33,300 INFO c.h.h.t.HelmChartContainer - [test-hivemq-platform] [hivemq] [1ccf8fd6] INFO  - Starting extension with id "hivemq-dns-cluster-discovery" at /opt/hivemq/extensions/hivemq-dns-cluster-discovery
2025-01-28 23:38:33,796 INFO c.h.h.t.HelmChartContainer - [test-hivemq-platform] [hivemq] [1ccf8fd6] INFO  - Extension "DNS Cluster Discovery Extension" version 4.3.2 started successfully.
2025-01-28 23:38:33,796 INFO c.h.h.t.HelmChartContainer - [test-hivemq-platform] [hivemq] [1ccf8fd6] INFO  - Starting extension with id "hivemq-enterprise-security-extension" at /opt/hivemq/extensions/hivemq-enterprise-security-extension
2025-01-28 23:38:33,901 INFO c.h.h.t.HelmChartContainer - [test-hivemq-platform] [hivemq] [1ccf8fd6] INFO  - Using TCP cluster transport on address 10.42.0.11 and port 7000
2025-01-28 23:38:33,942 INFO c.h.h.t.HelmChartContainer - [test-hivemq-platform] [hivemq] [1ccf8fd6] INFO  - Using extension cluster discovery
2025-01-28 23:38:35,340 INFO c.h.h.t.HelmChartContainer - [test-hivemq-platform] [hivemq] [1ccf8fd6] INFO  - HiveMQ Enterprise Security Extension: Successfully loaded configuration from '/opt/hivemq/extensions/hivemq-enterprise-security-extension/conf/config.xml'.
2025-01-28 23:38:35,393 INFO c.h.h.t.HelmChartContainer - [test-hivemq-platform] [hivemq] [1ccf8fd6] INFO  - HiveMQ Enterprise Security Extension: Starting HiveMQ Enterprise Security Extension.
2025-01-28 23:38:35,539 INFO c.h.h.t.HelmChartContainer - [test-hivemq-platform] [hivemq] [1ccf8fd6] INFO  - HiveMQ Enterprise Security Extension: Access log is written to /opt/hivemq/log/access/access.log.
2025-01-28 23:38:35,798 INFO c.h.h.t.HelmChartContainer - [test-hivemq-platform] [hivemq] [1ccf8fd6] INFO  - HiveMQ Enterprise Security Extension: Started HiveMQ Enterprise Security Extension successfully in 2003ms.
2025-01-28 23:38:35,798 INFO c.h.h.t.HelmChartContainer - [test-hivemq-platform] [hivemq] [1ccf8fd6] INFO  - Extension "HiveMQ Enterprise Security Extension" version 4.36.0 started successfully.
2025-01-28 23:38:35,798 INFO c.h.h.t.HelmChartContainer - [test-hivemq-platform] [hivemq] [1ccf8fd6] INFO  - Starting extension with id "hivemq-prometheus-extension" at /opt/hivemq/extensions/hivemq-prometheus-extension
2025-01-28 23:38:36,242 INFO c.h.h.t.HelmChartContainer - [EVENT] Warning [Unhealthy] Readiness probe failed: HTTP probe failed with statuscode: 503 [helmrestapiit:test-hivemq-platform-0]
2025-01-28 23:38:36,243 INFO c.h.h.t.HelmChartContainer - Received Unhealthy event for container hivemq in pod test-hivemq-platform-0 [1ccf8fd6-10d9-492f-a659-abe718162af5]
2025-01-28 23:38:36,299 INFO c.h.h.t.HelmChartContainer - [test-hivemq-platform] [hivemq] [1ccf8fd6] INFO  - Started Jetty Server exposing Prometheus Servlet on URI http://0.0.0.0:9399/
2025-01-28 23:38:36,299 INFO c.h.h.t.HelmChartContainer - [test-hivemq-platform] [hivemq] [1ccf8fd6] INFO  - Extension "Prometheus Monitoring Extension" version 4.0.12 started successfully.
2025-01-28 23:38:36,299 INFO c.h.h.t.HelmChartContainer - [test-hivemq-platform] [hivemq] [1ccf8fd6] WARN  - 
2025-01-28 23:38:36,299 INFO c.h.h.t.HelmChartContainer - [test-hivemq-platform] [hivemq] [1ccf8fd6] ###############################################################################
2025-01-28 23:38:36,299 INFO c.h.h.t.HelmChartContainer - [test-hivemq-platform] [hivemq] [1ccf8fd6] # No security extension present, MQTT clients can not connect to this broker. #
2025-01-28 23:38:36,299 INFO c.h.h.t.HelmChartContainer - [test-hivemq-platform] [hivemq] [1ccf8fd6] ###############################################################################
2025-01-28 23:38:36,893 INFO c.h.h.t.HelmChartContainer - [test-hivemq-platform] [hivemq] [1ccf8fd6] INFO  - EO0Sj: no members discovered after 2402 ms: creating cluster as first member
2025-01-28 23:38:36,900 INFO c.h.h.t.HelmChartContainer - [test-hivemq-platform] [hivemq] [1ccf8fd6] INFO  - Cluster nodes found by discovery: [EO0Sj|0] (1) [EO0Sj].
2025-01-28 23:38:36,919 INFO c.h.h.t.HelmChartContainer - [test-hivemq-platform] [hivemq] [1ccf8fd6] INFO  - Starting HiveMQ REST API on address 0.0.0.0 and port 8890
2025-01-28 23:38:37,398 INFO c.h.h.t.HelmChartContainer - [test-hivemq-platform] [hivemq] [1ccf8fd6] INFO  - Started HiveMQ REST API in 477ms
2025-01-28 23:38:37,399 INFO c.h.h.t.HelmChartContainer - [test-hivemq-platform] [hivemq] [1ccf8fd6] WARN  - No user for HiveMQ Control Center configured. Starting with default user
2025-01-28 23:38:37,399 INFO c.h.h.t.HelmChartContainer - [test-hivemq-platform] [hivemq] [1ccf8fd6] INFO  - Starting HiveMQ Control Center on address 127.0.0.1 and port 8080
2025-01-28 23:38:37,400 INFO c.h.h.t.HelmChartContainer - [test-hivemq-platform] [hivemq] [1ccf8fd6] INFO  - Mounting HiveMQ Control Center V2 Preview
2025-01-28 23:38:38,012 INFO c.h.h.t.HelmChartContainer - [test-hivemq-platform] [hivemq] [1ccf8fd6] INFO  - Started HiveMQ Control Center in 614ms
2025-01-28 23:38:38,105 INFO c.h.h.t.HelmChartContainer - [test-hivemq-platform] [hivemq] [1ccf8fd6] INFO  - Starting TCP listener on address 0.0.0.0 and port 1883
2025-01-28 23:38:38,194 INFO c.h.h.t.HelmChartContainer - [test-hivemq-platform] [hivemq] [1ccf8fd6] INFO  - Started TCP Listener on address 0.0.0.0 and on port 1883.
2025-01-28 23:38:38,194 INFO c.h.h.t.HelmChartContainer - [test-hivemq-platform] [hivemq] [1ccf8fd6] INFO  - Started HiveMQ in 34638ms
2025-01-28 23:38:41,160 INFO c.h.h.t.HelmChartContainer - [test-hivemq-platform] [hivemq] [1ccf8fd6] INFO  - [HiveMQ Platform Operator Init App 1.7.0-SNAPSHOT] Returning Health API response 200 for readiness
2025-01-28 23:38:41,175 INFO c.h.h.t.HelmChartContainer - [POD] test-hivemq-platform-0 [1ccf8fd6-10d9-492f-a659-abe718162af5] in helmrestapiit was MODIFIED
2025-01-28 23:38:41,180 INFO c.h.h.t.HelmChartContainer - [hivemq-test-hivemq-platform] [hivemq-platform-operator] [1db6f0c9] 23:38:41.178 [pool-6-thread-15] DEBUG c.h.p.o.d.PlatformServiceResource - [helmrest] Desired Platform services (2 services)
2025-01-28 23:38:41,184 INFO c.h.h.t.HelmChartContainer - [hivemq-test-hivemq-platform] [hivemq-platform-operator] [1db6f0c9] 23:38:41.180 [pool-6-thread-19] DEBUG c.h.p.o.dependants.PodInfoConfigMap - [helmrest] Desired PodInfo ConfigMap (2 extensions) (1 enabled)
2025-01-28 23:38:41,184 INFO c.h.h.t.HelmChartContainer - [hivemq-test-hivemq-platform] [hivemq-platform-operator] [1db6f0c9] 23:38:41.180 [pool-6-thread-19] DEBUG c.h.p.o.dependants.PodInfoConfigMap - [helmrest] Desired PodInfo ConfigMap (metrics port: 9399) (metrics path: /)
2025-01-28 23:38:41,184 INFO c.h.h.t.HelmChartContainer - [hivemq-test-hivemq-platform] [hivemq-platform-operator] [1db6f0c9] 23:38:41.180 [pool-6-thread-19] DEBUG c.h.p.o.dependants.PodInfoConfigMap - [helmrest] Desired PodInfo ConfigMap (extension state hash: 307632989)
2025-01-28 23:38:41,184 INFO c.h.h.t.HelmChartContainer - [hivemq-test-hivemq-platform] [hivemq-platform-operator] [1db6f0c9] 23:38:41.181 [pool-6-thread-16] DEBUG c.h.p.o.d.PodServiceAccountResource - [helmrest] Desired PodServiceAccountResource (serviceAccountName: hivemq-platform-pod-test-hivemq-platform)
2025-01-28 23:38:41,188 INFO c.h.h.t.HelmChartContainer - [hivemq-test-hivemq-platform] [hivemq-platform-operator] [1db6f0c9] 23:38:41.185 [pool-6-thread-19] DEBUG c.h.p.o.d.StatefulSetResource - [helmrest] Desired StatefulSet (1 replicas) for status STARTING (READY)
2025-01-28 23:38:41,189 INFO c.h.h.t.HelmChartContainer - [hivemq-test-hivemq-platform] [hivemq-platform-operator] [1db6f0c9] 23:38:41.189 [ReconcilerExecutor-hivemq-controller-115] INFO  c.h.p.o.HiveMQPlatformReconciler - [helmrest] Reconciling HiveMQ Platform 'test-hivemq-platform' in namespace 'helmrestapiit'
2025-01-28 23:38:41,192 INFO c.h.h.t.HelmChartContainer - [hivemq-test-hivemq-platform] [hivemq-platform-operator] [1db6f0c9] 23:38:41.190 [ReconcilerExecutor-hivemq-controller-115] DEBUG c.h.p.o.HiveMQPlatformReconciler - [helmrest] Custom Resource Status STARTING - HiveMQ Platform is starting (READY)
2025-01-28 23:38:41,193 INFO c.h.h.t.HelmChartContainer - [hivemq-test-hivemq-platform] [hivemq-platform-operator] [1db6f0c9] 23:38:41.190 [ReconcilerExecutor-hivemq-controller-115] DEBUG c.h.p.o.HiveMQPlatformReconciler - [helmrest] Custom Resource Spec (replicas: 1) (extensions: 2)
2025-01-28 23:38:41,194 INFO c.h.h.t.HelmChartContainer - [hivemq-test-hivemq-platform] [hivemq-platform-operator] [1db6f0c9] 23:38:41.192 [ReconcilerExecutor-hivemq-controller-115] DEBUG c.h.p.o.HiveMQPlatformReconciler - [helmrest] StatefulSet Status (revision: test-hivemq-platform-bbf59449c, replicas: 1, available: 1, ready: 1, current: 1, updated: 1)
2025-01-28 23:38:41,194 INFO c.h.h.t.HelmChartContainer - [hivemq-test-hivemq-platform] [hivemq-platform-operator] [1db6f0c9] 23:38:41.192 [ReconcilerExecutor-hivemq-controller-115] DEBUG c.h.p.o.HiveMQPlatformReconciler - [helmrest] StatefulSet Spec (replicas: 1, init containers: 1, containers: 1, volumes: 5)
2025-01-28 23:38:41,195 INFO c.h.h.t.HelmChartContainer - [hivemq-test-hivemq-platform] [hivemq-platform-operator] [1db6f0c9] 23:38:41.193 [ReconcilerExecutor-hivemq-controller-115] DEBUG c.h.p.o.h.HiveMQPlatformReconcilerErrorHandler - [helmrest] Pod 'test-hivemq-platform-0' phase Running
2025-01-28 23:38:41,196 INFO c.h.h.t.HelmChartContainer - [hivemq-test-hivemq-platform] [hivemq-platform-operator] [1db6f0c9] 23:38:41.194 [ReconcilerExecutor-hivemq-controller-115] INFO  c.h.p.o.h.HiveMQPlatformReconcilerBaseHandler - [helmrest] HiveMQ Platform started successfully
2025-01-28 23:38:41,263 INFO c.h.h.t.HelmChartContainer - [hivemq-test-hivemq-platform] [hivemq-platform-operator] [1db6f0c9] 23:38:41.261 [ReconcilerExecutor-hivemq-controller-115] DEBUG c.h.p.operator.event.EventSender - [helmrest] Creating K8s event hivemq-platform-ready: [Ready] HiveMQ Platform is ready
2025-01-28 23:38:41,266 INFO c.h.h.t.HelmChartContainer - [EVENT] Normal [Ready] HiveMQ Platform is ready [helmrestapiit:test-hivemq-platform]
2025-01-28 23:38:41,345 INFO c.h.h.t.HelmChartContainer - [hivemq-test-hivemq-platform] [hivemq-platform-operator] [1db6f0c9] 23:38:41.344 [ReconcilerExecutor-hivemq-controller-115] INFO  c.h.p.o.h.AbstractHiveMQReconcilerStateHandler - [helmrest] Update HiveMQ Platform Status (STARTING [READY] -> RUNNING [READY]): HiveMQ Platform is ready
2025-01-28 23:38:41,353 DEBUG com.hivemq.helmcharts.util.K8sUtil - Comparing actual state 'RUNNING' and waiting for 'RUNNING'
2025-01-28 23:38:41,362 INFO c.h.h.t.HelmChartContainer - [hivemq-test-hivemq-platform] [hivemq-platform-operator] [1db6f0c9] 23:38:41.360 [pool-6-thread-26] DEBUG c.h.p.o.dependants.PodInfoConfigMap - [helmrest] Desired PodInfo ConfigMap (2 extensions) (1 enabled)
2025-01-28 23:38:41,363 INFO c.h.h.t.HelmChartContainer - [hivemq-test-hivemq-platform] [hivemq-platform-operator] [1db6f0c9] 23:38:41.360 [pool-6-thread-26] DEBUG c.h.p.o.dependants.PodInfoConfigMap - [helmrest] Desired PodInfo ConfigMap (metrics port: 9399) (metrics path: /)
2025-01-28 23:38:41,363 INFO c.h.h.t.HelmChartContainer - [hivemq-test-hivemq-platform] [hivemq-platform-operator] [1db6f0c9] 23:38:41.360 [pool-6-thread-26] DEBUG c.h.p.o.dependants.PodInfoConfigMap - [helmrest] Desired PodInfo ConfigMap (extension state hash: 307632989)
2025-01-28 23:38:41,364 INFO c.h.h.t.HelmChartContainer - [hivemq-test-hivemq-platform] [hivemq-platform-operator] [1db6f0c9] 23:38:41.360 [pool-6-thread-23] DEBUG c.h.p.o.d.PodServiceAccountResource - [helmrest] Desired PodServiceAccountResource (serviceAccountName: hivemq-platform-pod-test-hivemq-platform)
2025-01-28 23:38:41,364 INFO c.h.h.t.HelmChartContainer - [hivemq-test-hivemq-platform] [hivemq-platform-operator] [1db6f0c9] 23:38:41.361 [pool-6-thread-26] DEBUG c.h.p.o.dependants.PodInfoConfigMap - [helmrest] Update PodInfo ConfigMap
2025-01-28 23:38:41,365 INFO c.h.h.t.HelmChartContainer - [hivemq-test-hivemq-platform] [hivemq-platform-operator] [1db6f0c9] 23:38:41.364 [pool-6-thread-27] DEBUG c.h.p.o.d.PlatformServiceResource - [helmrest] Desired Platform services (2 services)
2025-01-28 23:38:41,369 INFO c.hivemq.helmcharts.util.RestAPIUtil - Checking authorization for REST API on hivemq-test-hivemq-platform-rest-8890:8890 (username: user) (password: password) (endpoint path: /api/v1/mqtt/clients)
2025-01-28 23:38:41,470 INFO c.h.h.t.HelmChartContainer - [hivemq-test-hivemq-platform] [hivemq-platform-operator] [1db6f0c9] 23:38:41.465 [pool-6-thread-26] DEBUG c.h.p.o.d.StatefulSetResource - [helmrest] Desired StatefulSet (1 replicas) for status RUNNING (READY)
2025-01-28 23:38:41,478 INFO c.h.h.t.HelmChartContainer - [hivemq-test-hivemq-platform] [hivemq-platform-operator] [1db6f0c9] 23:38:41.474 [ReconcilerExecutor-hivemq-controller-116] INFO  c.h.p.o.HiveMQPlatformReconciler - [helmrest] Reconciling HiveMQ Platform 'test-hivemq-platform' in namespace 'helmrestapiit'
2025-01-28 23:38:41,478 INFO c.h.h.t.HelmChartContainer - [hivemq-test-hivemq-platform] [hivemq-platform-operator] [1db6f0c9] 23:38:41.475 [ReconcilerExecutor-hivemq-controller-116] DEBUG c.h.p.o.HiveMQPlatformReconciler - [helmrest] Custom Resource Status RUNNING - HiveMQ Platform is ready (READY)
2025-01-28 23:38:41,478 INFO c.h.h.t.HelmChartContainer - [hivemq-test-hivemq-platform] [hivemq-platform-operator] [1db6f0c9] 23:38:41.475 [ReconcilerExecutor-hivemq-controller-116] DEBUG c.h.p.o.HiveMQPlatformReconciler - [helmrest] Custom Resource Spec (replicas: 1) (extensions: 2)
2025-01-28 23:38:41,481 INFO c.h.h.t.HelmChartContainer - [hivemq-test-hivemq-platform] [hivemq-platform-operator] [1db6f0c9] 23:38:41.477 [ReconcilerExecutor-hivemq-controller-116] DEBUG c.h.p.o.HiveMQPlatformReconciler - [helmrest] StatefulSet Status (revision: test-hivemq-platform-bbf59449c, replicas: 1, available: 1, ready: 1, current: 1, updated: 1)
2025-01-28 23:38:41,481 INFO c.h.h.t.HelmChartContainer - [hivemq-test-hivemq-platform] [hivemq-platform-operator] [1db6f0c9] 23:38:41.477 [ReconcilerExecutor-hivemq-controller-116] DEBUG c.h.p.o.HiveMQPlatformReconciler - [helmrest] StatefulSet Spec (replicas: 1, init containers: 1, containers: 1, volumes: 5)
2025-01-28 23:38:41,481 INFO c.h.h.t.HelmChartContainer - [hivemq-test-hivemq-platform] [hivemq-platform-operator] [1db6f0c9] 23:38:41.480 [ReconcilerExecutor-hivemq-controller-116] DEBUG c.h.p.o.h.HiveMQPlatformReconcilerErrorHandler - [helmrest] Pod 'test-hivemq-platform-0' phase Running
2025-01-28 23:38:41,634 INFO c.h.h.t.HelmChartContainer - [K3S] [INFO] COMPACT compactRev=0 targetCompactRev=2 currentRev=1247
2025-01-28 23:38:41,635 INFO c.h.h.t.HelmChartContainer - [K3S] [INFO] COMPACT deleted 0 rows from 2 revisions in 437.69µs - compacted to 2/1247
2025-01-28 23:38:41,635 INFO c.h.h.t.HelmChartContainer - [K3S] [INFO] COMPACT compacted from 0 to 2 in 1 transactions over 1ms
2025-01-28 23:38:42,471 INFO c.hivemq.helmcharts.util.RestAPIUtil - Checking authorization for REST API on hivemq-test-hivemq-platform-rest-8890:8890 (username: user) (password: wrong-password) (endpoint path: /api/v1/mqtt/clients)
2025-01-28 23:38:44,160 INFO c.h.h.t.HelmChartContainer - [K3S] [info.go:53] Couldn't collect info from any of the files in "/etc/machine-id,/var/lib/dbus/machine-id"
HTTP/1.1 401 Unauthorized
Content-Type: application/json;charset=utf-8
WWW-Authenticate: Basic charset="UTF-8"
Content-Length: 39

{
    "errors": [
        {
            "title": "Not authorized"
        }
    ]
}
2025-01-28 23:38:45,037 INFO c.hivemq.helmcharts.util.RestAPIUtil - Checking authorization for REST API on hivemq-test-hivemq-platform-rest-8890:8890 (username: user) (password: password) (endpoint path: /api/v1/management/backups)
2025-01-28 23:38:45,040 INFO c.h.h.t.HelmChartContainer - [K3S] [upgradeaware.go:427] Error proxying data from client to backend: remote error: tls: user canceled
HTTP/1.1 403 Forbidden
Content-Type: application/json;charset=utf-8
Content-Length: 49

{
    "errors": [
        {
            "title": "Insufficient permissions"
        }
    ]
}
2025-01-28 23:38:45,120 INFO c.h.h.t.HelmChartContainer - Uninstalling release 'test-hivemq-platform' in namespace 'helmrestapiit'...
2025-01-28 23:38:45,120 DEBUG c.h.h.t.HelmChartContainer - Executing helm command: /bin/helm --kubeconfig /etc/rancher/k3s/k3s.yaml uninstall test-hivemq-platform  --wait --timeout 5m0s --cascade foreground --namespace helmrestapiit
2025-01-28 23:38:45,332 INFO c.h.h.t.HelmChartContainer - [hivemq-test-hivemq-platform] [hivemq-platform-operator] [1db6f0c9] 23:38:45.328 [pool-6-thread-37] DEBUG c.h.p.o.d.PlatformServiceResource - [helmrest] Desired Platform services (2 services)
2025-01-28 23:38:45,351 INFO c.h.h.t.HelmChartContainer - [hivemq-test-hivemq-platform] [hivemq-platform-operator] [1db6f0c9] 23:38:45.329 [pool-6-thread-32] DEBUG c.h.p.o.dependants.PodInfoConfigMap - [helmrest] Desired PodInfo ConfigMap (2 extensions) (1 enabled)
2025-01-28 23:38:45,351 INFO c.h.h.t.HelmChartContainer - [hivemq-test-hivemq-platform] [hivemq-platform-operator] [1db6f0c9] 23:38:45.329 [pool-6-thread-33] DEBUG c.h.p.o.d.PodServiceAccountResource - [helmrest] Desired PodServiceAccountResource (serviceAccountName: hivemq-platform-pod-test-hivemq-platform)
2025-01-28 23:38:45,357 INFO c.h.h.t.HelmChartContainer - [hivemq-test-hivemq-platform] [hivemq-platform-operator] [1db6f0c9] 23:38:45.344 [pool-6-thread-32] DEBUG c.h.p.o.dependants.PodInfoConfigMap - [helmrest] Desired PodInfo ConfigMap (metrics port: 9399) (metrics path: /)
2025-01-28 23:38:45,357 INFO c.h.h.t.HelmChartContainer - [hivemq-test-hivemq-platform] [hivemq-platform-operator] [1db6f0c9] 23:38:45.344 [pool-6-thread-32] DEBUG c.h.p.o.dependants.PodInfoConfigMap - [helmrest] Desired PodInfo ConfigMap (extension state hash: 307632989)
2025-01-28 23:38:45,365 INFO c.h.h.t.HelmChartContainer - [hivemq-test-hivemq-platform] [hivemq-platform-operator] [1db6f0c9] 23:38:45.361 [pool-6-thread-35] DEBUG c.h.p.o.d.StatefulSetResource - [helmrest] Desired StatefulSet (1 replicas) for status RUNNING (READY)
2025-01-28 23:38:45,430 INFO c.h.h.t.HelmChartContainer - [hivemq-test-hivemq-platform] [hivemq-platform-operator] [1db6f0c9] 23:38:45.427 [pool-6-thread-35] DEBUG c.h.p.o.d.StatefulSetResource - [helmrest] Update StatefulSet (replicas: 1 -> 1)
2025-01-28 23:38:45,449 INFO c.h.h.t.HelmChartContainer - [hivemq-test-hivemq-platform] [hivemq-platform-operator] [1db6f0c9] 23:38:45.445 [pool-6-thread-35] DEBUG c.h.p.o.d.StatefulSetResource - [helmrest] Detected change in StatefulSet specification (path: /template/metadata/annotations/kubernetes-resource-versions) (actual value: {broker-configuration-v2=514734220}) (target value: {broker-configuration-v2=0})
2025-01-28 23:38:45,449 INFO c.h.h.t.HelmChartContainer - [hivemq-test-hivemq-platform] [hivemq-platform-operator] [1db6f0c9] 23:38:45.445 [pool-6-thread-35] INFO  c.h.p.o.d.StatefulSetResource - [helmrest] StatefulSet spec was updated, triggering rolling restart
2025-01-28 23:38:45,547 INFO c.h.h.t.HelmChartContainer - [hivemq-test-hivemq-platform] [hivemq-platform-operator] [1db6f0c9] 23:38:45.546 [ReconcilerExecutor-hivemq-controller-117] INFO  c.h.p.o.HiveMQPlatformReconciler - [helmrest] Reconciling HiveMQ Platform 'test-hivemq-platform' in namespace 'helmrestapiit'
2025-01-28 23:38:45,548 INFO c.h.h.t.HelmChartContainer - [hivemq-test-hivemq-platform] [hivemq-platform-operator] [1db6f0c9] 23:38:45.547 [ReconcilerExecutor-hivemq-controller-117] DEBUG c.h.p.o.HiveMQPlatformReconciler - [helmrest] Custom Resource Status RUNNING - HiveMQ Platform is ready (READY) (reconciliation requests: ROLLING_RESTART, REQUESTS_UPDATED)
2025-01-28 23:38:45,548 INFO c.h.h.t.HelmChartContainer - [hivemq-test-hivemq-platform] [hivemq-platform-operator] [1db6f0c9] 23:38:45.547 [ReconcilerExecutor-hivemq-controller-117] DEBUG c.h.p.o.HiveMQPlatformReconciler - [helmrest] Custom Resource Spec (replicas: 1) (extensions: 2)
2025-01-28 23:38:45,550 INFO c.h.h.t.HelmChartContainer - [hivemq-test-hivemq-platform] [hivemq-platform-operator] [1db6f0c9] 23:38:45.548 [ReconcilerExecutor-hivemq-controller-117] WARN  c.h.p.o.h.HiveMQPlatformReconcilerErrorHandler - [helmrest] Could not find ConfigMap 'hivemq-configuration-test-hivemq-platform' for HiveMQ Platform configuration
2025-01-28 23:38:45,580 INFO c.h.h.t.HelmChartContainer - [POD] test-hivemq-platform-0 [1ccf8fd6-10d9-492f-a659-abe718162af5] in helmrestapiit was MODIFIED
2025-01-28 23:38:45,584 INFO c.h.h.t.HelmChartContainer - [EVENT] Normal [Killing] Stopping container hivemq [helmrestapiit:test-hivemq-platform-0]
2025-01-28 23:38:45,584 INFO c.h.h.t.HelmChartContainer - Received Killing event for container hivemq in pod test-hivemq-platform-0 [1ccf8fd6-10d9-492f-a659-abe718162af5]
2025-01-28 23:38:45,584 INFO c.h.h.t.HelmChartContainer - Container [test-hivemq-platform-0] [hivemq] [1ccf8fd6-10d9-492f-a659-abe718162af5] was terminated
2025-01-28 23:38:45,584 INFO c.h.h.t.HelmChartContainer - Stopped log watcher for hivemq in pod test-hivemq-platform-0 [1ccf8fd6-10d9-492f-a659-abe718162af5]
2025-01-28 23:38:45,594 INFO c.h.h.t.HelmChartContainer - [test-hivemq-platform] [hivemq] [1ccf8fd6] INFO  - [HiveMQ Platform Operator Init App 1.7.0-SNAPSHOT] Shutting down
2025-01-28 23:38:45,594 INFO c.h.h.t.HelmChartContainer - [test-hivemq-platform] [hivemq] [1ccf8fd6] INFO  - [HiveMQ Platform Operator Init App 1.7.0-SNAPSHOT] Stopping the HiveMQ Platform
2025-01-28 23:38:45,651 INFO c.h.h.t.HelmChartContainer - [hivemq-test-hivemq-platform] [hivemq-platform-operator] [1db6f0c9] 23:38:45.650 [ReconcilerExecutor-hivemq-controller-117] DEBUG c.h.p.operator.event.EventSender - [helmrest] Creating K8s event hivemq-platform-invalid-configuration: [Start] Could not find ConfigMap 'hivemq-configuration-test-hivemq-platform' for HiveMQ Platform configuration
2025-01-28 23:38:45,654 INFO c.h.h.t.HelmChartContainer - [EVENT] Warning [Start] Could not find ConfigMap 'hivemq-configuration-test-hivemq-platform' for HiveMQ Platform configuration [helmrestapiit:test-hivemq-platform]
2025-01-28 23:38:45,656 INFO c.h.h.t.HelmChartContainer - [hivemq-test-hivemq-platform] [hivemq-platform-operator] [1db6f0c9] 23:38:45.655 [ReconcilerExecutor-hivemq-controller-117] INFO  c.h.p.o.h.AbstractHiveMQReconcilerStateHandler - [helmrest] Update HiveMQ Platform Status (RUNNING [READY] -> ERROR [INVALID_CONFIG_MAP]): Could not find ConfigMap 'hivemq-configuration-test-hivemq-platform' for HiveMQ Platform configuration (reconciliation requests: ROLLING_RESTART)
2025-01-28 23:38:45,729 INFO c.h.h.t.HelmChartContainer - [hivemq-test-hivemq-platform] [hivemq-platform-operator] [1db6f0c9] 23:38:45.661 [ReconcilerExecutor-hivemq-controller-117] ERROR i.j.o.p.event.EventProcessor - Error during event processing ExecutionScope{ resource id: ResourceID{name='test-hivemq-platform', namespace='helmrestapiit'}, version: 1246}
2025-01-28 23:38:45,729 INFO c.h.h.t.HelmChartContainer - [hivemq-test-hivemq-platform] [hivemq-platform-operator] [1db6f0c9] io.fabric8.kubernetes.client.KubernetesClientException: Failure executing: PUT at: https://10.43.0.1:443/apis/hivemq.com/v1/namespaces/helmrestapiit/hivemq-platforms/test-hivemq-platform/status. Message: Operation cannot be fulfilled on hivemq-platforms.hivemq.com "test-hivemq-platform": the object has been modified; please apply your changes to the latest version and try again. Received status: Status(apiVersion=v1, code=409, details=StatusDetails(causes=[], group=hivemq.com, kind=hivemq-platforms, name=test-hivemq-platform, retryAfterSeconds=null, uid=null, additionalProperties={}), kind=Status, message=Operation cannot be fulfilled on hivemq-platforms.hivemq.com "test-hivemq-platform": the object has been modified; please apply your changes to the latest version and try again, metadata=ListMeta(_continue=null, remainingItemCount=null, resourceVersion=null, selfLink=null, additionalProperties={}), reason=Conflict, status=Failure, additionalProperties={}).
2025-01-28 23:38:45,729 INFO c.h.h.t.HelmChartContainer - [hivemq-test-hivemq-platform] [hivemq-platform-operator] [1db6f0c9] 	at io.fabric8.kubernetes.client.KubernetesClientException.copyAsCause(KubernetesClientException.java:238)
2025-01-28 23:38:45,729 INFO c.h.h.t.HelmChartContainer - [hivemq-test-hivemq-platform] [hivemq-platform-operator] [1db6f0c9] 	at io.fabric8.kubernetes.client.dsl.internal.OperationSupport.waitForResult(OperationSupport.java:507)
2025-01-28 23:38:45,729 INFO c.h.h.t.HelmChartContainer - [hivemq-test-hivemq-platform] [hivemq-platform-operator] [1db6f0c9] 	at io.fabric8.kubernetes.client.dsl.internal.OperationSupport.handleResponse(OperationSupport.java:524)
2025-01-28 23:38:45,729 INFO c.h.h.t.HelmChartContainer - [hivemq-test-hivemq-platform] [hivemq-platform-operator] [1db6f0c9] 	at io.fabric8.kubernetes.client.dsl.internal.OperationSupport.handleUpdate(OperationSupport.java:358)
2025-01-28 23:38:45,729 INFO c.h.h.t.HelmChartContainer - [hivemq-test-hivemq-platform] [hivemq-platform-operator] [1db6f0c9] 	at io.fabric8.kubernetes.client.dsl.internal.BaseOperation.handleUpdate(BaseOperation.java:759)
2025-01-28 23:38:45,729 INFO c.h.h.t.HelmChartContainer - [hivemq-test-hivemq-platform] [hivemq-platform-operator] [1db6f0c9] 	at io.fabric8.kubernetes.client.dsl.internal.HasMetadataOperation.update(HasMetadataOperation.java:138)
2025-01-28 23:38:45,729 INFO c.h.h.t.HelmChartContainer - [hivemq-test-hivemq-platform] [hivemq-platform-operator] [1db6f0c9] 	at io.fabric8.kubernetes.client.dsl.internal.HasMetadataOperation.update(HasMetadataOperation.java:121)
2025-01-28 23:38:45,729 INFO c.h.h.t.HelmChartContainer - [hivemq-test-hivemq-platform] [hivemq-platform-operator] [1db6f0c9] 	at io.fabric8.kubernetes.client.dsl.internal.HasMetadataOperation.updateStatus(HasMetadataOperation.java:126)
2025-01-28 23:38:45,729 INFO c.h.h.t.HelmChartContainer - [hivemq-test-hivemq-platform] [hivemq-platform-operator] [1db6f0c9] 	at io.fabric8.kubernetes.client.dsl.internal.HasMetadataOperation.updateStatus(HasMetadataOperation.java:44)
2025-01-28 23:38:45,729 INFO c.h.h.t.HelmChartContainer - [hivemq-test-hivemq-platform] [hivemq-platform-operator] [1db6f0c9] 	at io.javaoperatorsdk.operator.processing.event.ReconciliationDispatcher$CustomResourceFacade.updateStatus(ReconciliationDispatcher.java:408)
2025-01-28 23:38:45,729 INFO c.h.h.t.HelmChartContainer - [hivemq-test-hivemq-platform] [hivemq-platform-operator] [1db6f0c9] 	at io.javaoperatorsdk.operator.processing.event.ReconciliationDispatcher.updateStatusGenerationAware(ReconciliationDispatcher.java:228)
2025-01-28 23:38:45,729 INFO c.h.h.t.HelmChartContainer - [hivemq-test-hivemq-platform] [hivemq-platform-operator] [1db6f0c9] 	at io.javaoperatorsdk.operator.processing.event.ReconciliationDispatcher.reconcileExecution(ReconciliationDispatcher.java:150)
2025-01-28 23:38:45,729 INFO c.h.h.t.HelmChartContainer - [hivemq-test-hivemq-platform] [hivemq-platform-operator] [1db6f0c9] 	at io.javaoperatorsdk.operator.processing.event.ReconciliationDispatcher.handleReconcile(ReconciliationDispatcher.java:117)
2025-01-28 23:38:45,729 INFO c.h.h.t.HelmChartContainer - [hivemq-test-hivemq-platform] [hivemq-platform-operator] [1db6f0c9] 	at io.javaoperatorsdk.operator.processing.event.ReconciliationDispatcher.handleDispatch(ReconciliationDispatcher.java:91)
2025-01-28 23:38:45,729 INFO c.h.h.t.HelmChartContainer - [hivemq-test-hivemq-platform] [hivemq-platform-operator] [1db6f0c9] 	at io.javaoperatorsdk.operator.processing.event.ReconciliationDispatcher.handleExecution(ReconciliationDispatcher.java:64)
2025-01-28 23:38:45,729 INFO c.h.h.t.HelmChartContainer - [hivemq-test-hivemq-platform] [hivemq-platform-operator] [1db6f0c9] 	at io.javaoperatorsdk.operator.processing.event.EventProcessor$ReconcilerExecutor.run(EventProcessor.java:452)
2025-01-28 23:38:45,729 INFO c.h.h.t.HelmChartContainer - [hivemq-test-hivemq-platform] [hivemq-platform-operator] [1db6f0c9] 	at java.base/java.util.concurrent.ThreadPoolExecutor.runWorker(Unknown Source)
2025-01-28 23:38:45,729 INFO c.h.h.t.HelmChartContainer - [hivemq-test-hivemq-platform] [hivemq-platform-operator] [1db6f0c9] 	at java.base/java.util.concurrent.ThreadPoolExecutor$Worker.run(Unknown Source)
2025-01-28 23:38:45,729 INFO c.h.h.t.HelmChartContainer - [hivemq-test-hivemq-platform] [hivemq-platform-operator] [1db6f0c9] 	at java.base/java.lang.Thread.run(Unknown Source)
2025-01-28 23:38:45,729 INFO c.h.h.t.HelmChartContainer - [hivemq-test-hivemq-platform] [hivemq-platform-operator] [1db6f0c9] Caused by: io.fabric8.kubernetes.client.KubernetesClientException: Failure executing: PUT at: https://10.43.0.1:443/apis/hivemq.com/v1/namespaces/helmrestapiit/hivemq-platforms/test-hivemq-platform/status. Message: Operation cannot be fulfilled on hivemq-platforms.hivemq.com "test-hivemq-platform": the object has been modified; please apply your changes to the latest version and try again. Received status: Status(apiVersion=v1, code=409, details=StatusDetails(causes=[], group=hivemq.com, kind=hivemq-platforms, name=test-hivemq-platform, retryAfterSeconds=null, uid=null, additionalProperties={}), kind=Status, message=Operation cannot be fulfilled on hivemq-platforms.hivemq.com "test-hivemq-platform": the object has been modified; please apply your changes to the latest version and try again, metadata=ListMeta(_continue=null, remainingItemCount=null, resourceVersion=null, selfLink=null, additionalProperties={}), reason=Conflict, status=Failure, additionalProperties={}).
2025-01-28 23:38:45,729 INFO c.h.h.t.HelmChartContainer - [hivemq-test-hivemq-platform] [hivemq-platform-operator] [1db6f0c9] 	at io.fabric8.kubernetes.client.dsl.internal.OperationSupport.requestFailure(OperationSupport.java:660)
2025-01-28 23:38:45,730 INFO c.h.h.t.HelmChartContainer - [hivemq-test-hivemq-platform] [hivemq-platform-operator] [1db6f0c9] 	at io.fabric8.kubernetes.client.dsl.internal.OperationSupport.requestFailure(OperationSupport.java:640)
2025-01-28 23:38:45,730 INFO c.h.h.t.HelmChartContainer - [hivemq-test-hivemq-platform] [hivemq-platform-operator] [1db6f0c9] 	at io.fabric8.kubernetes.client.dsl.internal.OperationSupport.assertResponseCode(OperationSupport.java:589)
2025-01-28 23:38:45,730 INFO c.h.h.t.HelmChartContainer - [hivemq-test-hivemq-platform] [hivemq-platform-operator] [1db6f0c9] 	at io.fabric8.kubernetes.client.dsl.internal.OperationSupport.lambda$handleResponse$0(OperationSupport.java:549)
2025-01-28 23:38:45,730 INFO c.h.h.t.HelmChartContainer - [hivemq-test-hivemq-platform] [hivemq-platform-operator] [1db6f0c9] 	at java.base/java.util.concurrent.CompletableFuture$UniApply.tryFire(Unknown Source)
2025-01-28 23:38:45,730 INFO c.h.h.t.HelmChartContainer - [hivemq-test-hivemq-platform] [hivemq-platform-operator] [1db6f0c9] 	at java.base/java.util.concurrent.CompletableFuture.postComplete(Unknown Source)
2025-01-28 23:38:45,730 INFO c.h.h.t.HelmChartContainer - [hivemq-test-hivemq-platform] [hivemq-platform-operator] [1db6f0c9] 	at java.base/java.util.concurrent.CompletableFuture.complete(Unknown Source)
2025-01-28 23:38:45,730 INFO c.h.h.t.HelmChartContainer - [hivemq-test-hivemq-platform] [hivemq-platform-operator] [1db6f0c9] 	at io.fabric8.kubernetes.client.http.StandardHttpClient.lambda$completeOrCancel$10(StandardHttpClient.java:141)
2025-01-28 23:38:45,730 INFO c.h.h.t.HelmChartContainer - [hivemq-test-hivemq-platform] [hivemq-platform-operator] [1db6f0c9] 	at java.base/java.util.concurrent.CompletableFuture.uniWhenComplete(Unknown Source)
2025-01-28 23:38:45,730 INFO c.h.h.t.HelmChartContainer - [hivemq-test-hivemq-platform] [hivemq-platform-operator] [1db6f0c9] 	at java.base/java.util.concurrent.CompletableFuture$UniWhenComplete.tryFire(Unknown Source)
2025-01-28 23:38:45,730 INFO c.h.h.t.HelmChartContainer - [hivemq-test-hivemq-platform] [hivemq-platform-operator] [1db6f0c9] 	at java.base/java.util.concurrent.CompletableFuture.postComplete(Unknown Source)
2025-01-28 23:38:45,730 INFO c.h.h.t.HelmChartContainer - [hivemq-test-hivemq-platform] [hivemq-platform-operator] [1db6f0c9] 	at java.base/java.util.concurrent.CompletableFuture.complete(Unknown Source)
2025-01-28 23:38:45,730 INFO c.h.h.t.HelmChartContainer - [hivemq-test-hivemq-platform] [hivemq-platform-operator] [1db6f0c9] 	at io.fabric8.kubernetes.client.http.ByteArrayBodyHandler.onBodyDone(ByteArrayBodyHandler.java:51)
2025-01-28 23:38:45,730 INFO c.h.h.t.HelmChartContainer - [hivemq-test-hivemq-platform] [hivemq-platform-operator] [1db6f0c9] 	at java.base/java.util.concurrent.CompletableFuture.uniWhenComplete(Unknown Source)
2025-01-28 23:38:45,730 INFO c.h.h.t.HelmChartContainer - [hivemq-test-hivemq-platform] [hivemq-platform-operator] [1db6f0c9] 	at java.base/java.util.concurrent.CompletableFuture$UniWhenComplete.tryFire(Unknown Source)
2025-01-28 23:38:45,730 INFO c.h.h.t.HelmChartContainer - [hivemq-test-hivemq-platform] [hivemq-platform-operator] [1db6f0c9] 	at java.base/java.util.concurrent.CompletableFuture.postComplete(Unknown Source)
2025-01-28 23:38:45,730 INFO c.h.h.t.HelmChartContainer - [hivemq-test-hivemq-platform] [hivemq-platform-operator] [1db6f0c9] 	at java.base/java.util.concurrent.CompletableFuture.complete(Unknown Source)
2025-01-28 23:38:45,730 INFO c.h.h.t.HelmChartContainer - [hivemq-test-hivemq-platform] [hivemq-platform-operator] [1db6f0c9] 	at io.fabric8.kubernetes.client.vertx.VertxHttpRequest.lambda$null$1(VertxHttpRequest.java:121)
2025-01-28 23:38:45,731 INFO c.h.h.t.HelmChartContainer - [hivemq-test-hivemq-platform] [hivemq-platform-operator] [1db6f0c9] 	at io.vertx.core.impl.ContextInternal.dispatch(ContextInternal.java:279)
2025-01-28 23:38:45,731 INFO c.h.h.t.HelmChartContainer - [hivemq-test-hivemq-platform] [hivemq-platform-operator] [1db6f0c9] 	at io.vertx.core.impl.ContextInternal.dispatch(ContextInternal.java:261)
2025-01-28 23:38:45,731 INFO c.h.h.t.HelmChartContainer - [hivemq-test-hivemq-platform] [hivemq-platform-operator] [1db6f0c9] 	at io.vertx.core.http.impl.HttpEventHandler.handleEnd(HttpEventHandler.java:76)
2025-01-28 23:38:45,731 INFO c.h.h.t.HelmChartContainer - [hivemq-test-hivemq-platform] [hivemq-platform-operator] [1db6f0c9] 	at io.vertx.core.http.impl.HttpClientResponseImpl.handleEnd(HttpClientResponseImpl.java:250)
2025-01-28 23:38:45,731 INFO c.h.h.t.HelmChartContainer - [hivemq-test-hivemq-platform] [hivemq-platform-operator] [1db6f0c9] 	at io.vertx.core.http.impl.Http1xClientConnection$StreamImpl.lambda$new$0(Http1xClientConnection.java:421)
2025-01-28 23:38:45,731 INFO c.h.h.t.HelmChartContainer - [hivemq-test-hivemq-platform] [hivemq-platform-operator] [1db6f0c9] 	at io.vertx.core.streams.impl.InboundBuffer.handleEvent(InboundBuffer.java:279)
2025-01-28 23:38:45,731 INFO c.h.h.t.HelmChartContainer - [hivemq-test-hivemq-platform] [hivemq-platform-operator] [1db6f0c9] 	at io.vertx.core.streams.impl.InboundBuffer.write(InboundBuffer.java:157)
2025-01-28 23:38:45,731 INFO c.h.h.t.HelmChartContainer - [hivemq-test-hivemq-platform] [hivemq-platform-operator] [1db6f0c9] 	at io.vertx.core.http.impl.Http1xClientConnection$StreamImpl.handleEnd(Http1xClientConnection.java:709)
2025-01-28 23:38:45,731 INFO c.h.h.t.HelmChartContainer - [hivemq-test-hivemq-platform] [hivemq-platform-operator] [1db6f0c9] 	at io.vertx.core.impl.ContextImpl.execute(ContextImpl.java:313)
2025-01-28 23:38:45,731 INFO c.h.h.t.HelmChartContainer - [hivemq-test-hivemq-platform] [hivemq-platform-operator] [1db6f0c9] 	at io.vertx.core.impl.ContextImpl.execute(ContextImpl.java:293)
2025-01-28 23:38:45,731 INFO c.h.h.t.HelmChartContainer - [hivemq-test-hivemq-platform] [hivemq-platform-operator] [1db6f0c9] 	at io.vertx.core.http.impl.Http1xClientConnection.handleResponseEnd(Http1xClientConnection.java:940)
2025-01-28 23:38:45,731 INFO c.h.h.t.HelmChartContainer - [hivemq-test-hivemq-platform] [hivemq-platform-operator] [1db6f0c9] 	at io.vertx.core.http.impl.Http1xClientConnection.handleHttpMessage(Http1xClientConnection.java:810)
2025-01-28 23:38:45,731 INFO c.h.h.t.HelmChartContainer - [hivemq-test-hivemq-platform] [hivemq-platform-operator] [1db6f0c9] 	at io.vertx.core.http.impl.Http1xClientConnection.handleMessage(Http1xClientConnection.java:774)
2025-01-28 23:38:45,731 INFO c.h.h.t.HelmChartContainer - [hivemq-test-hivemq-platform] [hivemq-platform-operator] [1db6f0c9] 	at io.vertx.core.net.impl.ConnectionBase.read(ConnectionBase.java:159)
2025-01-28 23:38:45,731 INFO c.h.h.t.HelmChartContainer - [hivemq-test-hivemq-platform] [hivemq-platform-operator] [1db6f0c9] 	at io.vertx.core.net.impl.VertxHandler.channelRead(VertxHandler.java:153)
2025-01-28 23:38:45,731 INFO c.h.h.t.HelmChartContainer - [hivemq-test-hivemq-platform] [hivemq-platform-operator] [1db6f0c9] 	at io.netty.channel.AbstractChannelHandlerContext.invokeChannelRead(AbstractChannelHandlerContext.java:442)
2025-01-28 23:38:45,731 INFO c.h.h.t.HelmChartContainer - [hivemq-test-hivemq-platform] [hivemq-platform-operator] [1db6f0c9] 	at io.netty.channel.AbstractChannelHandlerContext.invokeChannelRead(AbstractChannelHandlerContext.java:420)
2025-01-28 23:38:45,731 INFO c.h.h.t.HelmChartContainer - [hivemq-test-hivemq-platform] [hivemq-platform-operator] [1db6f0c9] 	at io.netty.channel.AbstractChannelHandlerContext.fireChannelRead(AbstractChannelHandlerContext.java:412)
2025-01-28 23:38:45,731 INFO c.h.h.t.HelmChartContainer - [hivemq-test-hivemq-platform] [hivemq-platform-operator] [1db6f0c9] 	at io.netty.channel.CombinedChannelDuplexHandler$DelegatingChannelHandlerContext.fireChannelRead(CombinedChannelDuplexHandler.java:436)
2025-01-28 23:38:45,731 INFO c.h.h.t.HelmChartContainer - [hivemq-test-hivemq-platform] [hivemq-platform-operator] [1db6f0c9] 	at io.netty.handler.codec.ByteToMessageDecoder.fireChannelRead(ByteToMessageDecoder.java:346)
2025-01-28 23:38:45,731 INFO c.h.h.t.HelmChartContainer - [hivemq-test-hivemq-platform] [hivemq-platform-operator] [1db6f0c9] 	at io.netty.handler.codec.ByteToMessageDecoder.channelRead(ByteToMessageDecoder.java:318)
2025-01-28 23:38:45,731 INFO c.h.h.t.HelmChartContainer - [hivemq-test-hivemq-platform] [hivemq-platform-operator] [1db6f0c9] 	at io.netty.channel.CombinedChannelDuplexHandler.channelRead(CombinedChannelDuplexHandler.java:251)
2025-01-28 23:38:45,731 INFO c.h.h.t.HelmChartContainer - [hivemq-test-hivemq-platform] [hivemq-platform-operator] [1db6f0c9] 	at io.netty.channel.AbstractChannelHandlerContext.invokeChannelRead(AbstractChannelHandlerContext.java:442)
2025-01-28 23:38:45,731 INFO c.h.h.t.HelmChartContainer - [hivemq-test-hivemq-platform] [hivemq-platform-operator] [1db6f0c9] 	at io.netty.channel.AbstractChannelHandlerContext.invokeChannelRead(AbstractChannelHandlerContext.java:420)
2025-01-28 23:38:45,733 INFO c.h.h.t.HelmChartContainer - [hivemq-test-hivemq-platform] [hivemq-platform-operator] [1db6f0c9] 	at io.netty.channel.AbstractChannelHandlerContext.fireChannelRead(AbstractChannelHandlerContext.java:412)
2025-01-28 23:38:45,733 INFO c.h.h.t.HelmChartContainer - [hivemq-test-hivemq-platform] [hivemq-platform-operator] [1db6f0c9] 	at io.netty.handler.ssl.SslHandler.unwrap(SslHandler.java:1475)
2025-01-28 23:38:45,733 INFO c.h.h.t.HelmChartContainer - [hivemq-test-hivemq-platform] [hivemq-platform-operator] [1db6f0c9] 	at io.netty.handler.ssl.SslHandler.decodeJdkCompatible(SslHandler.java:1338)
2025-01-28 23:38:45,733 INFO c.h.h.t.HelmChartContainer - [hivemq-test-hivemq-platform] [hivemq-platform-operator] [1db6f0c9] 	at io.netty.handler.ssl.SslHandler.decode(SslHandler.java:1387)
2025-01-28 23:38:45,733 INFO c.h.h.t.HelmChartContainer - [hivemq-test-hivemq-platform] [hivemq-platform-operator] [1db6f0c9] 	at io.netty.handler.codec.ByteToMessageDecoder.decodeRemovalReentryProtection(ByteToMessageDecoder.java:530)
2025-01-28 23:38:45,733 INFO c.h.h.t.HelmChartContainer - [hivemq-test-hivemq-platform] [hivemq-platform-operator] [1db6f0c9] 	at io.netty.handler.codec.ByteToMessageDecoder.callDecode(ByteToMessageDecoder.java:469)
2025-01-28 23:38:45,733 INFO c.h.h.t.HelmChartContainer - [hivemq-test-hivemq-platform] [hivemq-platform-operator] [1db6f0c9] 	at io.netty.handler.codec.ByteToMessageDecoder.channelRead(ByteToMessageDecoder.java:290)
2025-01-28 23:38:45,733 INFO c.h.h.t.HelmChartContainer - [hivemq-test-hivemq-platform] [hivemq-platform-operator] [1db6f0c9] 	at io.netty.channel.AbstractChannelHandlerContext.invokeChannelRead(AbstractChannelHandlerContext.java:444)
2025-01-28 23:38:45,733 INFO c.h.h.t.HelmChartContainer - [hivemq-test-hivemq-platform] [hivemq-platform-operator] [1db6f0c9] 	at io.netty.channel.AbstractChannelHandlerContext.invokeChannelRead(AbstractChannelHandlerContext.java:420)
2025-01-28 23:38:45,733 INFO c.h.h.t.HelmChartContainer - [hivemq-test-hivemq-platform] [hivemq-platform-operator] [1db6f0c9] 	at io.netty.channel.AbstractChannelHandlerContext.fireChannelRead(AbstractChannelHandlerContext.java:412)
2025-01-28 23:38:45,733 INFO c.h.h.t.HelmChartContainer - [hivemq-test-hivemq-platform] [hivemq-platform-operator] [1db6f0c9] 	at io.netty.channel.DefaultChannelPipeline$HeadContext.channelRead(DefaultChannelPipeline.java:1407)
2025-01-28 23:38:45,733 INFO c.h.h.t.HelmChartContainer - [hivemq-test-hivemq-platform] [hivemq-platform-operator] [1db6f0c9] 	at io.netty.channel.AbstractChannelHandlerContext.invokeChannelRead(AbstractChannelHandlerContext.java:440)
2025-01-28 23:38:45,733 INFO c.h.h.t.HelmChartContainer - [hivemq-test-hivemq-platform] [hivemq-platform-operator] [1db6f0c9] 	at io.netty.channel.AbstractChannelHandlerContext.invokeChannelRead(AbstractChannelHandlerContext.java:420)
2025-01-28 23:38:45,733 INFO c.h.h.t.HelmChartContainer - [hivemq-test-hivemq-platform] [hivemq-platform-operator] [1db6f0c9] 	at io.netty.channel.DefaultChannelPipeline.fireChannelRead(DefaultChannelPipeline.java:918)
2025-01-28 23:38:45,733 INFO c.h.h.t.HelmChartContainer - [hivemq-test-hivemq-platform] [hivemq-platform-operator] [1db6f0c9] 	at io.netty.channel.nio.AbstractNioByteChannel$NioByteUnsafe.read(AbstractNioByteChannel.java:166)
2025-01-28 23:38:45,733 INFO c.h.h.t.HelmChartContainer - [hivemq-test-hivemq-platform] [hivemq-platform-operator] [1db6f0c9] 	at io.netty.channel.nio.NioEventLoop.processSelectedKey(NioEventLoop.java:788)
2025-01-28 23:38:45,733 INFO c.h.h.t.HelmChartContainer - [hivemq-test-hivemq-platform] [hivemq-platform-operator] [1db6f0c9] 	at io.netty.channel.nio.NioEventLoop.processSelectedKeysOptimized(NioEventLoop.java:724)
2025-01-28 23:38:45,733 INFO c.h.h.t.HelmChartContainer - [hivemq-test-hivemq-platform] [hivemq-platform-operator] [1db6f0c9] 	at io.netty.channel.nio.NioEventLoop.processSelectedKeys(NioEventLoop.java:650)
2025-01-28 23:38:45,733 INFO c.h.h.t.HelmChartContainer - [hivemq-test-hivemq-platform] [hivemq-platform-operator] [1db6f0c9] 	at io.netty.channel.nio.NioEventLoop.run(NioEventLoop.java:562)
2025-01-28 23:38:45,733 INFO c.h.h.t.HelmChartContainer - [hivemq-test-hivemq-platform] [hivemq-platform-operator] [1db6f0c9] 	at io.netty.util.concurrent.SingleThreadEventExecutor$4.run(SingleThreadEventExecutor.java:997)
2025-01-28 23:38:45,733 INFO c.h.h.t.HelmChartContainer - [hivemq-test-hivemq-platform] [hivemq-platform-operator] [1db6f0c9] 	at io.netty.util.internal.ThreadExecutorMap$2.run(ThreadExecutorMap.java:74)
2025-01-28 23:38:45,733 INFO c.h.h.t.HelmChartContainer - [hivemq-test-hivemq-platform] [hivemq-platform-operator] [1db6f0c9] 	at io.netty.util.concurrent.FastThreadLocalRunnable.run(FastThreadLocalRunnable.java:30)
2025-01-28 23:38:45,733 INFO c.h.h.t.HelmChartContainer - [hivemq-test-hivemq-platform] [hivemq-platform-operator] [1db6f0c9] 	... 1 common frames omitted
2025-01-28 23:38:45,748 INFO c.h.h.t.HelmChartContainer - [hivemq-test-hivemq-platform] [hivemq-platform-operator] [1db6f0c9] 23:38:45.744 [ReconcilerExecutor-hivemq-controller-118] INFO  c.h.p.o.HiveMQPlatformReconciler - [helmrest] Cleanup test-hivemq-platform - helmrestapiit HiveMQ Platform is shut down
2025-01-28 23:38:45,794 INFO c.h.h.t.HelmChartContainer - [test-hivemq-platform] [hivemq] [1ccf8fd6] INFO  - Shutting down HiveMQ. Please wait, this could take a while...
2025-01-28 23:38:45,803 INFO c.h.h.t.HelmChartContainer - [test-hivemq-platform] [hivemq] [1ccf8fd6] INFO  - Shutting down listeners and clients
2025-01-28 23:38:45,804 INFO c.h.h.t.HelmChartContainer - [test-hivemq-platform] [hivemq] [1ccf8fd6] INFO  - Shutdown of listeners is done
2025-01-28 23:38:45,804 INFO c.h.h.t.HelmChartContainer - [test-hivemq-platform] [hivemq] [1ccf8fd6] INFO  - No clients are connected, proceeding with shutdown
2025-01-28 23:38:46,154 INFO c.h.h.t.HelmChartContainer - [test-hivemq-platform] [hivemq] [1ccf8fd6] INFO  - [HiveMQ Platform Operator Init App 1.7.0-SNAPSHOT] Returning shutdown Health API response 503 for readiness
2025-01-28 23:38:46,157 INFO c.h.h.t.HelmChartContainer - [EVENT] Warning [Unhealthy] Readiness probe failed: HTTP probe failed with statuscode: 503 [helmrestapiit:test-hivemq-platform-0]
2025-01-28 23:38:46,157 INFO c.h.h.t.HelmChartContainer - Received Unhealthy event for container hivemq in pod test-hivemq-platform-0 [1ccf8fd6-10d9-492f-a659-abe718162af5]
2025-01-28 23:38:46,830 INFO c.h.h.t.HelmChartContainer - [test-hivemq-platform] [hivemq] [1ccf8fd6] WARN  - [HiveMQ Platform Operator Init App 1.7.0-SNAPSHOT] Could not update Pod annotations: Failure executing: GET at: https://10.43.0.1:443/api/v1/namespaces/helmrestapiit/pods/test-hivemq-platform-0. Message: pods "test-hivemq-platform-0" is forbidden: User "system:serviceaccount:helmrestapiit:hivemq-platform-pod-test-hivemq-platform" cannot get resource "pods" in API group "" in the namespace "helmrestapiit". Received status: Status(apiVersion=v1, code=403, details=StatusDetails(causes=[], group=null, kind=pods, name=test-hivemq-platform-0, retryAfterSeconds=null, uid=null, additionalProperties={}), kind=Status, message=pods "test-hivemq-platform-0" is forbidden: User "system:serviceaccount:helmrestapiit:hivemq-platform-pod-test-hivemq-platform" cannot get resource "pods" in API group "" in the namespace "helmrestapiit", metadata=ListMeta(_continue=null, remainingItemCount=null, resourceVersion=null, selfLink=null, additionalProperties={}), reason=Forbidden, status=Failure, additionalProperties={}).
2025-01-28 23:38:47,380 INFO c.h.h.t.HelmChartContainer - Deleting namespace 'helmrestapiit'...
2025-01-28 23:38:48,896 INFO c.h.h.t.HelmChartContainer - [test-hivemq-platform] [hivemq] [1ccf8fd6] INFO  - Shutting down extension system
2025-01-28 23:38:48,898 INFO c.h.h.t.HelmChartContainer - [test-hivemq-platform] [hivemq] [1ccf8fd6] INFO  - Stopping extension with id hivemq-dns-cluster-discovery
2025-01-28 23:38:48,899 INFO c.h.h.t.HelmChartContainer - [test-hivemq-platform] [hivemq] [1ccf8fd6] INFO  - Extension "DNS Cluster Discovery Extension" version 4.3.2 stopped successfully.
2025-01-28 23:38:48,901 INFO c.h.h.t.HelmChartContainer - [test-hivemq-platform] [hivemq] [1ccf8fd6] INFO  - Stopping extension with id hivemq-prometheus-extension
2025-01-28 23:38:48,905 INFO c.h.h.t.HelmChartContainer - [test-hivemq-platform] [hivemq] [1ccf8fd6] INFO  - Extension "Prometheus Monitoring Extension" version 4.0.12 stopped successfully.
2025-01-28 23:38:48,905 INFO c.h.h.t.HelmChartContainer - [test-hivemq-platform] [hivemq] [1ccf8fd6] INFO  - Stopping extension with id hivemq-enterprise-security-extension
2025-01-28 23:38:48,905 INFO c.h.h.t.HelmChartContainer - [test-hivemq-platform] [hivemq] [1ccf8fd6] INFO  - HiveMQ Enterprise Security Extension: Shutting down HiveMQ Enterprise Security Extension.
2025-01-28 23:38:51,158 INFO c.h.h.t.HelmChartContainer - [EVENT] Warning [Unhealthy] Readiness probe failed: HTTP probe failed with statuscode: 503 [helmrestapiit:test-hivemq-platform-0]
2025-01-28 23:38:51,158 INFO c.h.h.t.HelmChartContainer - Received Unhealthy event for container hivemq in pod test-hivemq-platform-0 [1ccf8fd6-10d9-492f-a659-abe718162af5]
2025-01-28 23:38:51,834 INFO c.h.h.t.HelmChartContainer - [K3S] [authentication.go:74] "Unable to authenticate the request" err="[invalid bearer token, serviceaccounts \"hivemq-platform-pod-test-hivemq-platform\" not found]"
2025-01-28 23:38:51,852 INFO c.h.h.t.HelmChartContainer - [K3S] [authentication.go:74] "Unable to authenticate the request" err="[invalid bearer token, serviceaccounts \"hivemq-platform-pod-test-hivemq-platform\" not found]"
2025-01-28 23:38:51,891 INFO c.h.h.t.HelmChartContainer - [test-hivemq-platform] [hivemq] [1ccf8fd6] WARN  - [HiveMQ Platform Operator Init App 1.7.0-SNAPSHOT] Could not update Pod annotations: Failure executing: GET at: https://10.43.0.1:443/api/v1/namespaces/helmrestapiit/pods/test-hivemq-platform-0. Message: Unauthorized. Received status: Status(apiVersion=v1, code=401, details=null, kind=Status, message=Unauthorized, metadata=ListMeta(_continue=null, remainingItemCount=null, resourceVersion=null, selfLink=null, additionalProperties={}), reason=Unauthorized, status=Failure, additionalProperties={}).
2025-01-28 23:38:51,938 INFO c.h.h.t.HelmChartContainer - [test-hivemq-platform] [hivemq] [1ccf8fd6] INFO  - HiveMQ Enterprise Security Extension: Stopped HiveMQ Enterprise Security Extension successfully in 3033ms.
2025-01-28 23:38:51,938 INFO c.h.h.t.HelmChartContainer - [test-hivemq-platform] [hivemq] [1ccf8fd6] INFO  - Extension "HiveMQ Enterprise Security Extension" version 4.36.0 stopped successfully.
2025-01-28 23:38:52,465 INFO c.h.h.t.HelmChartContainer - [K3S] [stateful_set.go:466] "StatefulSet has been deleted" key="helmrestapiit/test-hivemq-platform"
2025-01-28 23:38:54,838 INFO c.h.h.t.HelmChartContainer - [test-hivemq-platform] [hivemq] [1ccf8fd6] INFO  - Shutdown completed.
2025-01-28 23:38:55,252 INFO c.h.h.t.HelmChartContainer - [test-hivemq-platform] [hivemq] [1ccf8fd6] INFO  - [HiveMQ Platform Operator Init App 1.7.0-SNAPSHOT] The HiveMQ Platform exited with code 143
2025-01-28 23:38:55,253 INFO c.h.h.t.HelmChartContainer - [test-hivemq-platform] [hivemq] [1ccf8fd6] INFO  - [HiveMQ Platform Operator Init App 1.7.0-SNAPSHOT] Stopping the REST API
2025-01-28 23:38:55,294 INFO c.h.h.t.HelmChartContainer - [test-hivemq-platform] [hivemq] [1ccf8fd6] INFO  - [HiveMQ Platform Operator Init App 1.7.0-SNAPSHOT] Shutdown complete
2025-01-28 23:38:55,769 INFO c.h.h.t.HelmChartContainer - [POD] test-hivemq-platform-0 [1ccf8fd6-10d9-492f-a659-abe718162af5] in helmrestapiit was MODIFIED
2025-01-28 23:38:55,928 INFO c.h.h.t.HelmChartContainer - [K3S] [reconciler_common.go:162] "operationExecutor.UnmountVolume started for volume \"kube-api-access-bxsk2\" (UniqueName: \"kubernetes.io/projected/1ccf8fd6-10d9-492f-a659-abe718162af5-kube-api-access-bxsk2\") pod \"1ccf8fd6-10d9-492f-a659-abe718162af5\" (UID: \"1ccf8fd6-10d9-492f-a659-abe718162af5\") "
2025-01-28 23:38:55,928 INFO c.h.h.t.HelmChartContainer - [K3S] [reconciler_common.go:162] "operationExecutor.UnmountVolume started for volume \"broker-configuration\" (UniqueName: \"kubernetes.io/configmap/1ccf8fd6-10d9-492f-a659-abe718162af5-broker-configuration\") pod \"1ccf8fd6-10d9-492f-a659-abe718162af5\" (UID: \"1ccf8fd6-10d9-492f-a659-abe718162af5\") "
2025-01-28 23:38:55,928 INFO c.h.h.t.HelmChartContainer - [K3S] [reconciler_common.go:162] "operationExecutor.UnmountVolume started for volume \"extension-configuration-hivemq-enterprise-security-extension\" (UniqueName: \"kubernetes.io/configmap/1ccf8fd6-10d9-492f-a659-abe718162af5-extension-configuration-hivemq-enterprise-security-extension\") pod \"1ccf8fd6-10d9-492f-a659-abe718162af5\" (UID: \"1ccf8fd6-10d9-492f-a659-abe718162af5\") "
2025-01-28 23:38:55,928 INFO c.h.h.t.HelmChartContainer - [K3S] [reconciler_common.go:162] "operationExecutor.UnmountVolume started for volume \"ese-file-realm\" (UniqueName: \"kubernetes.io/configmap/1ccf8fd6-10d9-492f-a659-abe718162af5-ese-file-realm\") pod \"1ccf8fd6-10d9-492f-a659-abe718162af5\" (UID: \"1ccf8fd6-10d9-492f-a659-abe718162af5\") "
2025-01-28 23:38:55,928 INFO c.h.h.t.HelmChartContainer - [K3S] [reconciler_common.go:162] "operationExecutor.UnmountVolume started for volume \"pod-info\" (UniqueName: \"kubernetes.io/configmap/1ccf8fd6-10d9-492f-a659-abe718162af5-pod-info\") pod \"1ccf8fd6-10d9-492f-a659-abe718162af5\" (UID: \"1ccf8fd6-10d9-492f-a659-abe718162af5\") "
2025-01-28 23:38:55,928 INFO c.h.h.t.HelmChartContainer - [K3S] [reconciler_common.go:162] "operationExecutor.UnmountVolume started for volume \"operator-init\" (UniqueName: \"kubernetes.io/empty-dir/1ccf8fd6-10d9-492f-a659-abe718162af5-operator-init\") pod \"1ccf8fd6-10d9-492f-a659-abe718162af5\" (UID: \"1ccf8fd6-10d9-492f-a659-abe718162af5\") "
2025-01-28 23:38:56,029 INFO c.h.h.t.HelmChartContainer - [K3S] [reconciler_common.go:299] "Volume detached for volume \"extension-configuration-hivemq-enterprise-security-extension\" (UniqueName: \"kubernetes.io/configmap/1ccf8fd6-10d9-492f-a659-abe718162af5-extension-configuration-hivemq-enterprise-security-extension\") on node \"28cdbdf25764\" DevicePath \"\""
2025-01-28 23:38:56,029 INFO c.h.h.t.HelmChartContainer - [K3S] [reconciler_common.go:299] "Volume detached for volume \"ese-file-realm\" (UniqueName: \"kubernetes.io/configmap/1ccf8fd6-10d9-492f-a659-abe718162af5-ese-file-realm\") on node \"28cdbdf25764\" DevicePath \"\""
2025-01-28 23:38:56,029 INFO c.h.h.t.HelmChartContainer - [K3S] [reconciler_common.go:299] "Volume detached for volume \"pod-info\" (UniqueName: \"kubernetes.io/configmap/1ccf8fd6-10d9-492f-a659-abe718162af5-pod-info\") on node \"28cdbdf25764\" DevicePath \"\""
2025-01-28 23:38:56,029 INFO c.h.h.t.HelmChartContainer - [K3S] [reconciler_common.go:299] "Volume detached for volume \"broker-configuration\" (UniqueName: \"kubernetes.io/configmap/1ccf8fd6-10d9-492f-a659-abe718162af5-broker-configuration\") on node \"28cdbdf25764\" DevicePath \"\""
2025-01-28 23:38:56,029 INFO c.h.h.t.HelmChartContainer - [K3S] [reconciler_common.go:299] "Volume detached for volume \"operator-init\" (UniqueName: \"kubernetes.io/empty-dir/1ccf8fd6-10d9-492f-a659-abe718162af5-operator-init\") on node \"28cdbdf25764\" DevicePath \"\""
2025-01-28 23:38:56,029 INFO c.h.h.t.HelmChartContainer - [K3S] [reconciler_common.go:299] "Volume detached for volume \"kube-api-access-bxsk2\" (UniqueName: \"kubernetes.io/projected/1ccf8fd6-10d9-492f-a659-abe718162af5-kube-api-access-bxsk2\") on node \"28cdbdf25764\" DevicePath \"\""
2025-01-28 23:38:56,687 INFO c.h.h.t.HelmChartContainer - [K3S] [scope.go:117] "RemoveContainer" containerID="63979abdbe877e5634a3093027ce13543725a1af264685fc5f53acf608c9a561"
2025-01-28 23:38:56,703 INFO c.h.h.t.HelmChartContainer - [POD] test-hivemq-platform-0 [1ccf8fd6-10d9-492f-a659-abe718162af5] in helmrestapiit was MODIFIED
2025-01-28 23:38:56,713 INFO c.h.h.t.HelmChartContainer - [POD] test-hivemq-platform-0 [1ccf8fd6-10d9-492f-a659-abe718162af5] in helmrestapiit was DELETED
2025-01-28 23:38:56,803 INFO c.h.h.t.HelmChartContainer - [K3S] [scope.go:117] "RemoveContainer" containerID="10f7cbbd8ef65bf88ad9923d129abf53c6bd86a86583051dc4a45469d09d70d3"
2025-01-28 23:38:56,806 INFO c.h.h.t.HelmChartContainer - [K3S] [scope.go:117] "RemoveContainer" containerID="63979abdbe877e5634a3093027ce13543725a1af264685fc5f53acf608c9a561"
2025-01-28 23:38:56,806 INFO c.h.h.t.HelmChartContainer - [K3S] [scope.go:117] "RemoveContainer" containerID="10f7cbbd8ef65bf88ad9923d129abf53c6bd86a86583051dc4a45469d09d70d3"
2025-01-28 23:38:57,730 INFO c.h.h.t.HelmChartContainer - Namespace 'helmrestapiit' deleted
2025-01-28 23:38:57,730 INFO c.h.h.t.HelmChartContainer - Release 'test-hivemq-platform' in namespace 'helmrestapiit' is uninstalled
2025-01-28 23:38:57,730 INFO c.h.h.t.HelmChartContainer - Uninstalling release 'test-hivemq-platform-operator' in namespace 'helmrestapiit-operator'...
2025-01-28 23:38:57,730 DEBUG c.h.h.t.HelmChartContainer - Executing helm command: /bin/helm --kubeconfig /etc/rancher/k3s/k3s.yaml uninstall test-hivemq-platform-operator  --wait --timeout 5m0s --cascade foreground --namespace helmrestapiit-operator
2025-01-28 23:38:57,892 INFO c.h.h.t.HelmChartContainer - [K3S] [replica_set.go:679] "Finished syncing" kind="ReplicaSet" key="helmrestapiit-operator/hivemq-test-hivemq-platform-operator-6966f96d65" duration="8.69729ms"
2025-01-28 23:38:57,892 INFO c.h.h.t.HelmChartContainer - [K3S] [replica_set.go:679] "Finished syncing" kind="ReplicaSet" key="helmrestapiit-operator/hivemq-test-hivemq-platform-operator-6966f96d65" duration="35.236µs"
2025-01-28 23:38:57,916 INFO c.h.h.t.HelmChartContainer - [POD] hivemq-test-hivemq-platform-operator-6966f96d65-7hlkj [1db6f0c9-629f-45a4-962e-98b23953b8f0] in helmrestapiit-operator was MODIFIED
2025-01-28 23:38:57,921 INFO c.h.h.t.HelmChartContainer - [EVENT] Normal [Killing] Stopping container hivemq-platform-operator [helmrestapiit-operator:hivemq-test-hivemq-platform-operator-6966f96d65-7hlkj]
2025-01-28 23:38:57,921 INFO c.h.h.t.HelmChartContainer - Received Killing event for container hivemq-platform-operator in pod hivemq-test-hivemq-platform-operator-6966f96d65-7hlkj [1db6f0c9-629f-45a4-962e-98b23953b8f0]
2025-01-28 23:38:57,921 INFO c.h.h.t.HelmChartContainer - Container [hivemq-test-hivemq-platform-operator-6966f96d65-7hlkj] [hivemq-platform-operator] [1db6f0c9-629f-45a4-962e-98b23953b8f0] was terminated
2025-01-28 23:38:57,921 INFO c.h.h.t.HelmChartContainer - Stopped log watcher for hivemq-platform-operator in pod hivemq-test-hivemq-platform-operator-6966f96d65-7hlkj [1db6f0c9-629f-45a4-962e-98b23953b8f0]
2025-01-28 23:38:57,925 INFO c.h.h.t.HelmChartContainer - [K3S] [replica_set.go:679] "Finished syncing" kind="ReplicaSet" key="helmrestapiit-operator/hivemq-test-hivemq-platform-operator-6966f96d65" duration="15.232762ms"
2025-01-28 23:38:57,926 INFO c.h.h.t.HelmChartContainer - [K3S] [replica_set.go:679] "Finished syncing" kind="ReplicaSet" key="helmrestapiit-operator/hivemq-test-hivemq-platform-operator-6966f96d65" duration="39.884µs"
2025-01-28 23:38:57,955 INFO c.h.h.t.HelmChartContainer - [hivemq-test-hivemq-platform] [hivemq-platform-operator] [1db6f0c9] 23:38:57.952 [application-shutdown-thread] INFO  c.h.p.o.HiveMQPlatformOperatorApplication - HiveMQ Platform Operator is stopping...
2025-01-28 23:38:57,956 INFO c.h.h.t.HelmChartContainer - [hivemq-test-hivemq-platform] [hivemq-platform-operator] [1db6f0c9] 23:38:57.953 [application-shutdown-thread] INFO  i.javaoperatorsdk.operator.Operator - Operator SDK 4.9.7 is shutting down...
2025-01-28 23:38:58,143 INFO c.h.h.t.HelmChartContainer - [K3S] [kubelet_volumes.go:163] "Cleaned up orphaned pod volumes dir" podUID="1ccf8fd6-10d9-492f-a659-abe718162af5" path="/var/lib/kubelet/pods/1ccf8fd6-10d9-492f-a659-abe718162af5/volumes"
2025-01-28 23:38:58,553 INFO c.h.h.t.HelmChartContainer - [K3S] [replica_set.go:679] "Finished syncing" kind="ReplicaSet" key="helmrestapiit-operator/hivemq-test-hivemq-platform-operator-6966f96d65" duration="43.16µs"
2025-01-28 23:38:58,554 INFO c.h.h.t.HelmChartContainer - [POD] hivemq-test-hivemq-platform-operator-6966f96d65-7hlkj [1db6f0c9-629f-45a4-962e-98b23953b8f0] in helmrestapiit-operator was MODIFIED
2025-01-28 23:38:58,640 INFO c.h.h.t.HelmChartContainer - [K3S] [reconciler_common.go:162] "operationExecutor.UnmountVolume started for volume \"kube-api-access-bc4hx\" (UniqueName: \"kubernetes.io/projected/1db6f0c9-629f-45a4-962e-98b23953b8f0-kube-api-access-bc4hx\") pod \"1db6f0c9-629f-45a4-962e-98b23953b8f0\" (UID: \"1db6f0c9-629f-45a4-962e-98b23953b8f0\") "
2025-01-28 23:38:58,691 INFO c.h.h.t.HelmChartContainer - [K3S] [scope.go:117] "RemoveContainer" containerID="add008de96a3dc8fa78bd286e8f2e0c8ca92ed753fa675a5f9090fe21f4e3a63"
2025-01-28 23:38:58,694 INFO c.h.h.t.HelmChartContainer - [K3S] [scope.go:117] "RemoveContainer" containerID="add008de96a3dc8fa78bd286e8f2e0c8ca92ed753fa675a5f9090fe21f4e3a63"
2025-01-28 23:38:58,703 INFO c.h.h.t.HelmChartContainer - [K3S] [replica_set.go:679] "Finished syncing" kind="ReplicaSet" key="helmrestapiit-operator/hivemq-test-hivemq-platform-operator-6966f96d65" duration="41.898µs"
2025-01-28 23:38:58,706 INFO c.h.h.t.HelmChartContainer - [POD] hivemq-test-hivemq-platform-operator-6966f96d65-7hlkj [1db6f0c9-629f-45a4-962e-98b23953b8f0] in helmrestapiit-operator was MODIFIED
2025-01-28 23:38:58,707 INFO c.h.h.t.HelmChartContainer - [K3S] [replica_set.go:679] "Finished syncing" kind="ReplicaSet" key="helmrestapiit-operator/hivemq-test-hivemq-platform-operator-6966f96d65" duration="30.727µs"
2025-01-28 23:38:58,707 INFO c.h.h.t.HelmChartContainer - [POD] hivemq-test-hivemq-platform-operator-6966f96d65-7hlkj [1db6f0c9-629f-45a4-962e-98b23953b8f0] in helmrestapiit-operator was DELETED
2025-01-28 23:38:58,721 INFO c.h.h.t.HelmChartContainer - [K3S] [replica_set.go:679] "Finished syncing" kind="ReplicaSet" key="helmrestapiit-operator/hivemq-test-hivemq-platform-operator-6966f96d65" duration="5.551µs"
2025-01-28 23:38:58,740 INFO c.h.h.t.HelmChartContainer - [K3S] [reconciler_common.go:299] "Volume detached for volume \"kube-api-access-bc4hx\" (UniqueName: \"kubernetes.io/projected/1db6f0c9-629f-45a4-962e-98b23953b8f0-kube-api-access-bc4hx\") on node \"28cdbdf25764\" DevicePath \"\""
2025-01-28 23:38:59,937 INFO c.h.h.t.HelmChartContainer - Deleting namespace 'helmrestapiit-operator'...
2025-01-28 23:39:00,143 INFO c.h.h.t.HelmChartContainer - [K3S] [kubelet_volumes.go:163] "Cleaned up orphaned pod volumes dir" podUID="1db6f0c9-629f-45a4-962e-98b23953b8f0" path="/var/lib/kubelet/pods/1db6f0c9-629f-45a4-962e-98b23953b8f0/volumes"
2025-01-28 23:39:02,651 INFO c.h.h.t.HelmChartContainer - [K3S] [namespace_controller.go:187] "Namespace has been deleted" namespace="helmrestapiit"
2025-01-28 23:39:05,153 INFO c.h.h.t.HelmChartContainer - Namespace 'helmrestapiit-operator' deleted
2025-01-28 23:39:05,154 INFO c.h.h.t.HelmChartContainer - Release 'test-hivemq-platform-operator' in namespace 'helmrestapiit-operator' is uninstalled
2025-01-28 23:39:05,866 INFO c.h.helmcharts.AbstractHelmChartIT - Removed unused containers:

2025-01-28 23:39:10,057 INFO c.h.h.t.HelmChartContainer - [K3S] [namespace_controller.go:187] "Namespace has been deleted" namespace="helmrestapiit-operator"
2025-01-28 23:39:13,656 INFO c.h.helmcharts.AbstractHelmChartIT - Removed unused snapshots:
Removing snapshot sha256:03af251906410714c5aef9fa705b63f6bbc39c4a5e787de7361eeb18886c2ed2
Removing snapshot sha256:0c46b3b43cce082ce5ec34ffc6c294e0417d17b9d1e6f366d114b6aadc4f96dc
Removing snapshot sha256:0ce761beee59082d6ed5bcebd3a805b8ddd9b3426b617e4809e7fb7c6587ffec
Removing snapshot sha256:0df91287303208332c8ff6ba40ae4710105201739addbfbddfb955f1ad593664
Removing snapshot sha256:1021ef88c7974bfff89c5a0ec4fd3160daac6c48a075f74cff721f85dd104e68
Removing snapshot sha256:10aba4953ddc18145dd38e3704709bc464aa20af60b56fe52caaff4b68411e62
Removing snapshot sha256:2573e0d8158209ed54ab25c87bcdcb00bd3d2539246960a3d592a1c599d70465
Removing snapshot sha256:362a8a37f8bbc31925a8146adcf7cf51f9882f5c1dcbef67c5baa03a297543c0
Removing snapshot sha256:3fa4ad33f0ddc8fd45b39b6b4640f82a3a83619606cd975bfe89d8710ad2d4cd
Removing snapshot sha256:43a7c979bbaba6838bc3102d6b10a1459f3ab050b87ccdfef84ef90cf43d3058
Removing snapshot sha256:4ab04491cdf0d3267f08206fe30bd48f49f94b9cab2f016d6739220f722a64af
Removing snapshot sha256:4b6068250e89c96f263060261819c7d912855bfbd64b3eb4c4a8483299b8c295
Removing snapshot sha256:580e69a0a8034ede1921139bbd2bfb72a69ebf276d008281896c32dd8bf74775
Removing snapshot sha256:5d30ba46b27fe37484567ccc5242cadc78217b8da605f3f195ef25cbf7487904
Removing snapshot sha256:63ca1fbb43ae5034640e5e6cb3e083e05c290072c5366fcaa9d62435a4cced85
Removing snapshot sha256:67f702c6baae873bceb19487c8b1f27bd2b86077e4f2f0e480e6d60ab508b8f5
Removing snapshot sha256:6864348dd42806d552efdec384f1274be15e2d0c10ce44c1f04347af004c10a9
Removing snapshot sha256:6c7dee8f2c39b84b7dc2711c01d33de93514d9055499173e9290176fbe484b6c
Removing snapshot sha256:82753493a6d61ded36556292f02f31841a14c20d2f279f19eaad65afb661d5cd
Removing snapshot sha256:8a10d3db42c505ee0fcfa98417bdd7e39b304f6bcc0a06bb1b220797ff2cc63c
Removing snapshot sha256:a0904247e36a7726c03c71ee48f3e64462021c88dafeb13f37fdaf613b27f11c
Removing snapshot sha256:a21e5b12dbac529ad45d976eb9ce45c881f3bedcc500fb30aba1e52aa1813418
Removing snapshot sha256:b921e6c28969094157f9b8e7244677780319637afd14450b7cb6b2fdea558a0c
Removing snapshot sha256:bc27ecb5769a00e309cf99ebc763c4a4b958b618d1decc96ffac5bc05f02f5b7
Removing snapshot sha256:be3ccb6627a5332e309d45ef461d09b4879dd870c7394d89323d0ebc6ca6aa8a
Removing snapshot sha256:c261f7cbbc64211ee175ee47273acdb7b1a36a4450b397a064a8f2c026490095
Removing snapshot sha256:c34d9393647eea0c9e3557ab988efaf59f61d10a2a5613b439ef0958cca5ec10
Removing snapshot sha256:ccf3c4a0fa967a41c1c83497a2ce6fa5787965859df0adb32c4ca2cf7490bc2b
Removing snapshot sha256:cf92d33f869417309692088c341cd0f223c178ea78a125f757317b22aa8f90e9
Removing snapshot sha256:d0037344cf2fb078884f1849f6a1f8cf9a33a3b6139b6a85833e5ee528e1f9a8
Removing snapshot sha256:d3b36d5b79273b1e98e7700470eaeff05a882e777124d84cebcc1505b85ecb36
Removing snapshot sha256:d65a44a37914602d12c611e5e22a50f11451d847e63015cc1c2aef92dee777a4
Removing snapshot sha256:de032a54c75c43a6fb8a82ff9ac7fed1b96916fd63f9ae814e853d08a6738d36
Removing snapshot sha256:e2dc0bae2455930f23ae570e019b7f32edc75c0f2d71cab084db837ff9051796
Removing snapshot sha256:e31519795c7e3df686c447a21ec8d2eb301388a5e39ccf7f20a25c6f6ce3a522
Removing snapshot sha256:e9e86ed11d9bebc0707dd6f1166c51237ebb44f98657241f943261b2675a5449
Removing snapshot sha256:ecab2add669a90093ac0ce928934d91e099758e1d3abf829255b054036a78de7
Removing snapshot sha256:eccbd24a99c60cd9e86ee5305dbfc4a4dc89f5ab4fb1f06c8d64797cecedef34
Removing snapshot sha256:f144bb4c7c7f0d2aa7eeffd36d934ec40db1ee167be727e326aad9fdc616f475

]]></system-out>
  </testcase>
  <testcase name="platformChart_withCustomServiceName_thenCallsEndpoint()" classname="com.hivemq.helmcharts.services.HelmRestApiIT" time="98.831">
    <system-out><![CDATA[2025-01-28 23:39:13,657 INFO c.h.h.t.HelmChartContainer - Creating namespace 'helmrestapiit-operator'...
2025-01-28 23:39:13,662 INFO c.h.h.t.HelmChartContainer - Namespace 'helmrestapiit-operator' created
2025-01-28 23:39:13,662 INFO c.h.h.t.HelmChartContainer - Creating namespace 'helmrestapiit'...
2025-01-28 23:39:13,669 INFO c.h.h.t.HelmChartContainer - Namespace 'helmrestapiit' created
2025-01-28 23:39:13,741 DEBUG c.h.h.t.HelmChartContainer - Executing helm command: /bin/helm --kubeconfig /etc/rancher/k3s/k3s.yaml install test-hivemq-platform-operator /charts/hivemq-platform-operator --wait --timeout 5m0s --set image.repository=docker.io/hivemq --set image.name=hivemq-platform-operator-test --set image.initImageName=hivemq-platform-operator-init-test --set image.tag=snapshot --set image.pullPolicy=Never --set logLevel=DEBUG --set resources.cpu=512m --namespace helmrestapiit-operator
2025-01-28 23:39:14,050 INFO c.h.h.t.HelmChartContainer - [K3S] [alloc.go:330] "allocated clusterIPs" service="helmrestapiit-operator/hivemq-platform-operator-test-hivemq-platform-operator" clusterIPs={"IPv4":"10.43.123.127"}
2025-01-28 23:39:14,067 INFO c.h.h.t.HelmChartContainer - [EVENT] Normal [ScalingReplicaSet] Scaled up replica set hivemq-test-hivemq-platform-operator-6966f96d65 from 0 to 1 [helmrestapiit-operator:hivemq-test-hivemq-platform-operator]
2025-01-28 23:39:14,072 INFO c.h.h.t.HelmChartContainer - [POD] hivemq-test-hivemq-platform-operator-6966f96d65-x2x44 [2dcba512-92a8-4275-859a-84c162ba6090] in helmrestapiit-operator was ADDED
2025-01-28 23:39:14,082 INFO c.h.h.t.HelmChartContainer - [EVENT] Normal [SuccessfulCreate] Created pod: hivemq-test-hivemq-platform-operator-6966f96d65-x2x44 [helmrestapiit-operator:hivemq-test-hivemq-platform-operator-6966f96d65]
2025-01-28 23:39:14,083 INFO c.h.h.t.HelmChartContainer - [K3S] [replica_set.go:679] "Finished syncing" kind="ReplicaSet" key="helmrestapiit-operator/hivemq-test-hivemq-platform-operator-6966f96d65" duration="20.787854ms"
2025-01-28 23:39:14,086 INFO c.h.h.t.HelmChartContainer - [POD] hivemq-test-hivemq-platform-operator-6966f96d65-x2x44 [2dcba512-92a8-4275-859a-84c162ba6090] in helmrestapiit-operator was MODIFIED
2025-01-28 23:39:14,087 INFO c.h.h.t.HelmChartContainer - [K3S] [memory_manager.go:355] "RemoveStaleState removing state" podUID="1db6f0c9-629f-45a4-962e-98b23953b8f0" containerName="hivemq-platform-operator"
2025-01-28 23:39:14,087 INFO c.h.h.t.HelmChartContainer - [K3S] [memory_manager.go:355] "RemoveStaleState removing state" podUID="1ccf8fd6-10d9-492f-a659-abe718162af5" containerName="hivemq"
2025-01-28 23:39:14,095 INFO c.h.h.t.HelmChartContainer - [EVENT] Normal [Scheduled] Successfully assigned helmrestapiit-operator/hivemq-test-hivemq-platform-operator-6966f96d65-x2x44 to 28cdbdf25764 [helmrestapiit-operator:hivemq-test-hivemq-platform-operator-6966f96d65-x2x44]
2025-01-28 23:39:14,103 INFO c.h.h.t.HelmChartContainer - [K3S] [replica_set.go:679] "Finished syncing" kind="ReplicaSet" key="helmrestapiit-operator/hivemq-test-hivemq-platform-operator-6966f96d65" duration="19.797901ms"
2025-01-28 23:39:14,107 INFO c.h.h.t.HelmChartContainer - [POD] hivemq-test-hivemq-platform-operator-6966f96d65-x2x44 [2dcba512-92a8-4275-859a-84c162ba6090] in helmrestapiit-operator was MODIFIED
2025-01-28 23:39:14,122 INFO c.h.h.t.HelmChartContainer - [K3S] [replica_set.go:679] "Finished syncing" kind="ReplicaSet" key="helmrestapiit-operator/hivemq-test-hivemq-platform-operator-6966f96d65" duration="18.588014ms"
2025-01-28 23:39:14,122 INFO c.h.h.t.HelmChartContainer - [K3S] [replica_set.go:679] "Finished syncing" kind="ReplicaSet" key="helmrestapiit-operator/hivemq-test-hivemq-platform-operator-6966f96d65" duration="63.719µs"
2025-01-28 23:39:14,231 INFO c.h.h.t.HelmChartContainer - [K3S] [reconciler_common.go:251] "operationExecutor.VerifyControllerAttachedVolume started for volume \"kube-api-access-n4vh7\" (UniqueName: \"kubernetes.io/projected/2dcba512-92a8-4275-859a-84c162ba6090-kube-api-access-n4vh7\") pod \"hivemq-test-hivemq-platform-operator-6966f96d65-x2x44\" (UID: \"2dcba512-92a8-4275-859a-84c162ba6090\") " pod="helmrestapiit-operator/hivemq-test-hivemq-platform-operator-6966f96d65-x2x44"
2025-01-28 23:39:14,476 INFO c.h.h.t.HelmChartContainer - [EVENT] Normal [Pulled] Container image "docker.io/hivemq/hivemq-platform-operator-test:snapshot" already present on machine [helmrestapiit-operator:hivemq-test-hivemq-platform-operator-6966f96d65-x2x44]
2025-01-28 23:39:14,476 INFO c.h.h.t.HelmChartContainer - Received Pulled event for container hivemq-platform-operator in pod hivemq-test-hivemq-platform-operator-6966f96d65-x2x44 [2dcba512-92a8-4275-859a-84c162ba6090]
2025-01-28 23:39:15,721 INFO c.h.h.t.HelmChartContainer - [EVENT] Normal [Created] Created container: hivemq-platform-operator [helmrestapiit-operator:hivemq-test-hivemq-platform-operator-6966f96d65-x2x44]
2025-01-28 23:39:15,721 INFO c.h.h.t.HelmChartContainer - Received Created event for container hivemq-platform-operator in pod hivemq-test-hivemq-platform-operator-6966f96d65-x2x44 [2dcba512-92a8-4275-859a-84c162ba6090]
2025-01-28 23:39:16,728 INFO c.h.h.t.HelmChartContainer - [POD] hivemq-test-hivemq-platform-operator-6966f96d65-x2x44 [2dcba512-92a8-4275-859a-84c162ba6090] in helmrestapiit-operator was MODIFIED
2025-01-28 23:39:16,729 INFO c.h.h.t.HelmChartContainer - [K3S] [replica_set.go:679] "Finished syncing" kind="ReplicaSet" key="helmrestapiit-operator/hivemq-test-hivemq-platform-operator-6966f96d65" duration="64.842µs"
2025-01-28 23:39:16,744 INFO c.h.h.t.HelmChartContainer - [EVENT] Normal [Started] Started container hivemq-platform-operator [helmrestapiit-operator:hivemq-test-hivemq-platform-operator-6966f96d65-x2x44]
2025-01-28 23:39:16,744 INFO c.h.h.t.HelmChartContainer - Started log watcher for hivemq-platform-operator in pod hivemq-test-hivemq-platform-operator-6966f96d65-x2x44 [2dcba512-92a8-4275-859a-84c162ba6090]
2025-01-28 23:39:16,744 INFO c.h.h.t.HelmChartContainer - Received Started event for container hivemq-platform-operator in pod hivemq-test-hivemq-platform-operator-6966f96d65-x2x44 [2dcba512-92a8-4275-859a-84c162ba6090]
2025-01-28 23:39:16,744 INFO c.h.h.t.HelmChartContainer - [hivemq-test-hivemq-platform] [hivemq-platform-operator] [2dcba512] -------------------------------------------------------------------------
2025-01-28 23:39:16,744 INFO c.h.h.t.HelmChartContainer - [hivemq-test-hivemq-platform] [hivemq-platform-operator] [2dcba512] 
2025-01-28 23:39:16,744 INFO c.h.h.t.HelmChartContainer - [hivemq-test-hivemq-platform] [hivemq-platform-operator] [2dcba512]                   _    _  _              __  __   ____
2025-01-28 23:39:16,744 INFO c.h.h.t.HelmChartContainer - [hivemq-test-hivemq-platform] [hivemq-platform-operator] [2dcba512]                  | |  | |(_)            |  \/  | / __ \
2025-01-28 23:39:16,744 INFO c.h.h.t.HelmChartContainer - [hivemq-test-hivemq-platform] [hivemq-platform-operator] [2dcba512]                  | |__| | _ __   __ ___ | \  / || |  | |
2025-01-28 23:39:16,744 INFO c.h.h.t.HelmChartContainer - [hivemq-test-hivemq-platform] [hivemq-platform-operator] [2dcba512]                  |  __  || |\ \ / // _ \| |\/| || |  | |
2025-01-28 23:39:16,744 INFO c.h.h.t.HelmChartContainer - [hivemq-test-hivemq-platform] [hivemq-platform-operator] [2dcba512]                  | |  | || | \ V /|  __/| |  | || |__| |
2025-01-28 23:39:16,744 INFO c.h.h.t.HelmChartContainer - [hivemq-test-hivemq-platform] [hivemq-platform-operator] [2dcba512]                  |_|  |_||_|  \_/  \___||_|  |_| \___\_\
2025-01-28 23:39:16,744 INFO c.h.h.t.HelmChartContainer - [hivemq-test-hivemq-platform] [hivemq-platform-operator] [2dcba512] 
2025-01-28 23:39:16,744 INFO c.h.h.t.HelmChartContainer - [hivemq-test-hivemq-platform] [hivemq-platform-operator] [2dcba512] -------------------------------------------------------------------------
2025-01-28 23:39:16,744 INFO c.h.h.t.HelmChartContainer - [hivemq-test-hivemq-platform] [hivemq-platform-operator] [2dcba512] 
2025-01-28 23:39:16,744 INFO c.h.h.t.HelmChartContainer - [hivemq-test-hivemq-platform] [hivemq-platform-operator] [2dcba512]   HiveMQ Platform Operator Start Script v1.0
2025-01-28 23:39:16,744 INFO c.h.h.t.HelmChartContainer - [hivemq-test-hivemq-platform] [hivemq-platform-operator] [2dcba512] 
2025-01-28 23:39:16,744 INFO c.h.h.t.HelmChartContainer - [hivemq-test-hivemq-platform] [hivemq-platform-operator] [2dcba512] -------------------------------------------------------------------------
2025-01-28 23:39:16,744 INFO c.h.h.t.HelmChartContainer - [hivemq-test-hivemq-platform] [hivemq-platform-operator] [2dcba512] 
2025-01-28 23:39:16,744 INFO c.h.h.t.HelmChartContainer - [hivemq-test-hivemq-platform] [hivemq-platform-operator] [2dcba512]   JAVA_OPTS: -XX:+UnlockExperimentalVMOptions -XX:InitialRAMPercentage=75 -XX:MaxRAMPercentage=75 -Duser.language=en -Duser.region=US
2025-01-28 23:39:16,744 INFO c.h.h.t.HelmChartContainer - [hivemq-test-hivemq-platform] [hivemq-platform-operator] [2dcba512] 
2025-01-28 23:39:16,744 INFO c.h.h.t.HelmChartContainer - [hivemq-test-hivemq-platform] [hivemq-platform-operator] [2dcba512]   JAVA_VERSION: 21
2025-01-28 23:39:16,744 INFO c.h.h.t.HelmChartContainer - [hivemq-test-hivemq-platform] [hivemq-platform-operator] [2dcba512] 
2025-01-28 23:39:16,744 INFO c.h.h.t.HelmChartContainer - [hivemq-test-hivemq-platform] [hivemq-platform-operator] [2dcba512] -------------------------------------------------------------------------
2025-01-28 23:39:16,744 INFO c.h.h.t.HelmChartContainer - [hivemq-test-hivemq-platform] [hivemq-platform-operator] [2dcba512] 
2025-01-28 23:39:18,940 INFO c.h.h.t.HelmChartContainer - [hivemq-test-hivemq-platform] [hivemq-platform-operator] [2dcba512] 23:39:18.938 [main] DEBUG org.jboss.logging - Logging Provider: org.jboss.logging.Slf4jLoggerProvider
2025-01-28 23:39:19,122 INFO c.h.h.t.HelmChartContainer - [hivemq-test-hivemq-platform] [hivemq-platform-operator] [2dcba512] 23:39:19.121 [main] DEBUG io.smallrye.config - SRCFG01006: Loaded ConfigSource SysPropConfigSource with ordinal 400
2025-01-28 23:39:19,122 INFO c.h.h.t.HelmChartContainer - [hivemq-test-hivemq-platform] [hivemq-platform-operator] [2dcba512] 23:39:19.122 [main] DEBUG io.smallrye.config - SRCFG01006: Loaded ConfigSource EnvConfigSource with ordinal 300
2025-01-28 23:39:19,122 INFO c.h.h.t.HelmChartContainer - [hivemq-test-hivemq-platform] [hivemq-platform-operator] [2dcba512] 23:39:19.122 [main] DEBUG io.smallrye.config - SRCFG01006: Loaded ConfigSource PropertiesConfigSource[source=jar:file:///opt/hivemq-platform-operator/bin/hivemq-platform-operator.jar!/hivemq-platform-operator.properties] with ordinal 100
2025-01-28 23:39:19,123 INFO c.h.h.t.HelmChartContainer - [hivemq-test-hivemq-platform] [hivemq-platform-operator] [2dcba512] 23:39:19.122 [main] DEBUG io.smallrye.config - SRCFG01006: Loaded ConfigSource DefaultValuesConfigSource with ordinal -2147483648
2025-01-28 23:39:19,228 INFO c.h.h.t.HelmChartContainer - [hivemq-test-hivemq-platform] [hivemq-platform-operator] [2dcba512] 23:39:19.227 [main] DEBUG i.m.c.u.i.l.InternalLoggerFactory - Using SLF4J as the default logging framework
2025-01-28 23:39:19,416 INFO c.h.h.t.HelmChartContainer - [hivemq-test-hivemq-platform] [hivemq-platform-operator] [2dcba512] 23:39:19.330 [main] INFO  c.h.p.o.HiveMQPlatformOperatorApplication - HiveMQ Platform Operator 1.7.0-SNAPSHOT (commit: bebf408 on branch: HEAD) built on Sun Jan 26 20:47:47 UTC 2025
2025-01-28 23:39:19,417 INFO c.h.h.t.HelmChartContainer - [hivemq-test-hivemq-platform] [hivemq-platform-operator] [2dcba512] 23:39:19.416 [main] INFO  c.h.p.o.HiveMQPlatformOperatorApplication - HiveMQ Platform Operator is running in namespace: helmrestapiit-operator
2025-01-28 23:39:19,417 INFO c.h.h.t.HelmChartContainer - [hivemq-test-hivemq-platform] [hivemq-platform-operator] [2dcba512] 23:39:19.416 [main] INFO  c.h.p.o.HiveMQPlatformOperatorApplication - Watching all namespaces
2025-01-28 23:39:19,417 INFO c.h.h.t.HelmChartContainer - [hivemq-test-hivemq-platform] [hivemq-platform-operator] [2dcba512] 23:39:19.416 [main] INFO  c.h.p.o.HiveMQPlatformOperatorApplication - Log level: DEBUG
2025-01-28 23:39:19,418 INFO c.h.h.t.HelmChartContainer - [hivemq-test-hivemq-platform] [hivemq-platform-operator] [2dcba512] 23:39:19.416 [main] INFO  c.h.p.o.HiveMQPlatformOperatorApplication - Release name: test-hivemq-platform-operator
2025-01-28 23:39:19,418 INFO c.h.h.t.HelmChartContainer - [hivemq-test-hivemq-platform] [hivemq-platform-operator] [2dcba512] 23:39:19.416 [main] INFO  c.h.p.o.HiveMQPlatformOperatorApplication - HiveMQ Platform Operator Init image: docker.io/hivemq/hivemq-platform-operator-init-test:snapshot
2025-01-28 23:39:19,418 INFO c.h.h.t.HelmChartContainer - [hivemq-test-hivemq-platform] [hivemq-platform-operator] [2dcba512] 23:39:19.416 [main] INFO  c.h.p.o.HiveMQPlatformOperatorApplication - HiveMQ Platform Operator Init App update URL: http://hivemq-platform-operator-test-hivemq-platform-operator.helmrestapiit-operator.svc:8080/initAppUpdate/hivemq-platform-operator-init-app-1.7.0-SNAPSHOT.jar
2025-01-28 23:39:19,418 INFO c.h.h.t.HelmChartContainer - [hivemq-test-hivemq-platform] [hivemq-platform-operator] [2dcba512] 23:39:19.416 [main] INFO  c.h.p.o.HiveMQPlatformOperatorApplication - Additional imagePullSecret for all Platform deployments: none
2025-01-28 23:39:19,418 INFO c.h.h.t.HelmChartContainer - [hivemq-test-hivemq-platform] [hivemq-platform-operator] [2dcba512] 23:39:19.416 [main] INFO  c.h.p.o.HiveMQPlatformOperatorApplication - Apply HiveMQ Platform CRD: true
2025-01-28 23:39:19,418 INFO c.h.h.t.HelmChartContainer - [hivemq-test-hivemq-platform] [hivemq-platform-operator] [2dcba512] 23:39:19.416 [main] INFO  c.h.p.o.HiveMQPlatformOperatorApplication - Create Platform ServiceAccount: true
2025-01-28 23:39:19,418 INFO c.h.h.t.HelmChartContainer - [hivemq-test-hivemq-platform] [hivemq-platform-operator] [2dcba512] 23:39:19.416 [main] INFO  c.h.p.o.HiveMQPlatformOperatorApplication - Create Platform ServiceAccount permissions: true
2025-01-28 23:39:19,418 INFO c.h.h.t.HelmChartContainer - [hivemq-test-hivemq-platform] [hivemq-platform-operator] [2dcba512] 23:39:19.416 [main] INFO  c.h.p.o.HiveMQPlatformOperatorApplication - Validate Platform ServiceAccount: true
2025-01-28 23:39:19,418 INFO c.h.h.t.HelmChartContainer - [hivemq-test-hivemq-platform] [hivemq-platform-operator] [2dcba512] 23:39:19.416 [main] INFO  c.h.p.o.HiveMQPlatformOperatorApplication - Validate Platform ServiceAccount permissions: true
2025-01-28 23:39:19,520 INFO c.h.h.t.HelmChartContainer - [hivemq-test-hivemq-platform] [hivemq-platform-operator] [2dcba512] 23:39:19.519 [main] INFO  c.h.platform.operator.util.CRDUtil - Verifying deployed HiveMQ Platform CRD...
2025-01-28 23:39:22,015 INFO c.h.h.t.HelmChartContainer - [hivemq-test-hivemq-platform] [hivemq-platform-operator] [2dcba512] 23:39:22.014 [main] DEBUG c.h.platform.operator.util.CRDUtil - HiveMQ Platform CRD version v1 is up to date
2025-01-28 23:39:22,016 INFO c.h.h.t.HelmChartContainer - [hivemq-test-hivemq-platform] [hivemq-platform-operator] [2dcba512] 23:39:22.014 [main] INFO  c.h.platform.operator.util.CRDUtil - HiveMQ Platform CRD is up to date (version: V1_6_0)
2025-01-28 23:39:22,016 INFO c.h.h.t.HelmChartContainer - [hivemq-test-hivemq-platform] [hivemq-platform-operator] [2dcba512] 23:39:22.014 [main] INFO  c.h.platform.operator.util.CRDUtil - Waiting 10000 ms for HiveMQ Platform CRD 'hivemq-platforms.hivemq.com' to become ready...
2025-01-28 23:39:22,229 INFO c.h.h.t.HelmChartContainer - [hivemq-test-hivemq-platform] [hivemq-platform-operator] [2dcba512] 23:39:22.228 [vert.x-eventloop-thread-1] DEBUG c.h.platform.operator.util.CRDUtil - Checking CRD condition 'NamesAccepted' (status: 'True')
2025-01-28 23:39:22,230 INFO c.h.h.t.HelmChartContainer - [hivemq-test-hivemq-platform] [hivemq-platform-operator] [2dcba512] 23:39:22.228 [vert.x-eventloop-thread-1] DEBUG c.h.platform.operator.util.CRDUtil - Checking CRD condition 'Established' (status: 'True')
2025-01-28 23:39:22,230 INFO c.h.h.t.HelmChartContainer - [hivemq-test-hivemq-platform] [hivemq-platform-operator] [2dcba512] 23:39:22.229 [main] INFO  c.h.platform.operator.util.CRDUtil - HiveMQ Platform CRD 'hivemq-platforms.hivemq.com' is ready
2025-01-28 23:39:22,422 INFO c.h.h.t.HelmChartContainer - [hivemq-test-hivemq-platform] [hivemq-platform-operator] [2dcba512] 23:39:22.421 [main] INFO  c.h.p.o.HiveMQPlatformReconciler - HiveMQ Platform Operator is starting...
2025-01-28 23:39:22,523 INFO c.h.h.t.HelmChartContainer - [hivemq-test-hivemq-platform] [hivemq-platform-operator] [2dcba512] 23:39:22.522 [main] WARN  Default ConfigurationService implementation - Configuration for reconciler 'hivemq-controller' was not found. Known reconcilers: None.
2025-01-28 23:39:22,530 INFO c.h.h.t.HelmChartContainer - [hivemq-test-hivemq-platform] [hivemq-platform-operator] [2dcba512] 23:39:22.529 [main] INFO  Default ConfigurationService implementation - Created configuration for reconciler com.hivemq.platform.operator.HiveMQPlatformReconciler with name hivemq-controller
2025-01-28 23:39:22,632 INFO c.h.h.t.HelmChartContainer - [hivemq-test-hivemq-platform] [hivemq-platform-operator] [2dcba512] 23:39:22.631 [main] DEBUG c.h.p.o.HiveMQPlatformReconciler - HiveMQ Platform Operator is preparing EventSources
2025-01-28 23:39:22,716 INFO c.h.h.t.HelmChartContainer - [hivemq-test-hivemq-platform] [hivemq-platform-operator] [2dcba512] 23:39:22.716 [main] INFO  i.javaoperatorsdk.operator.Operator - Registered reconciler: 'hivemq-controller' for resource: 'class com.hivemq.platform.operator.v1.HiveMQPlatform' for namespace(s): [all namespaces]
2025-01-28 23:39:23,232 INFO c.h.h.t.HelmChartContainer - [hivemq-test-hivemq-platform] [hivemq-platform-operator] [2dcba512] 23:39:23.231 [main] INFO  c.h.p.operator.webserver.JettyServer - Starting Jetty server on port 8080
2025-01-28 23:39:23,329 INFO c.h.h.t.HelmChartContainer - [hivemq-test-hivemq-platform] [hivemq-platform-operator] [2dcba512] 23:39:23.327 [main] INFO  i.javaoperatorsdk.operator.Operator - Operator SDK 4.9.7 (commit: 2133d28) built on Wed Nov 20 12:56:20 UTC 2024 starting...
2025-01-28 23:39:23,329 INFO c.h.h.t.HelmChartContainer - [hivemq-test-hivemq-platform] [hivemq-platform-operator] [2dcba512] 23:39:23.328 [main] INFO  i.javaoperatorsdk.operator.Operator - Client version: 6.13.4
2025-01-28 23:39:23,330 INFO c.h.h.t.HelmChartContainer - [hivemq-test-hivemq-platform] [hivemq-platform-operator] [2dcba512] 23:39:23.329 [Controller Starter for: hivemq-controller] INFO  i.j.operator.processing.Controller - Starting 'hivemq-controller' controller for reconciler: com.hivemq.platform.operator.HiveMQPlatformReconciler, resource: com.hivemq.platform.operator.v1.HiveMQPlatform
2025-01-28 23:39:25,725 INFO c.h.h.t.HelmChartContainer - [hivemq-test-hivemq-platform] [hivemq-platform-operator] [2dcba512] 23:39:25.724 [Controller Starter for: hivemq-controller] INFO  i.j.operator.processing.Controller - 'hivemq-controller' controller started
2025-01-28 23:39:25,726 INFO c.h.h.t.HelmChartContainer - [hivemq-test-hivemq-platform] [hivemq-platform-operator] [2dcba512] 23:39:25.725 [main] INFO  c.h.p.o.HiveMQPlatformOperatorApplication - HiveMQ Platform Operator 1.7.0-SNAPSHOT started in 6394 ms
2025-01-28 23:39:27,731 INFO c.h.h.t.HelmChartContainer - [POD] hivemq-test-hivemq-platform-operator-6966f96d65-x2x44 [2dcba512-92a8-4275-859a-84c162ba6090] in helmrestapiit-operator was MODIFIED
2025-01-28 23:39:27,741 INFO c.h.h.t.HelmChartContainer - [K3S] [replica_set.go:679] "Finished syncing" kind="ReplicaSet" key="helmrestapiit-operator/hivemq-test-hivemq-platform-operator-6966f96d65" duration="10.93259ms"
2025-01-28 23:39:27,741 INFO c.h.h.t.HelmChartContainer - [K3S] [replica_set.go:679] "Finished syncing" kind="ReplicaSet" key="helmrestapiit-operator/hivemq-test-hivemq-platform-operator-6966f96d65" duration="30.417µs"
2025-01-28 23:39:28,183 DEBUG c.h.h.t.HelmChartContainer - Executing helm command: /bin/helm --kubeconfig /etc/rancher/k3s/k3s.yaml install test-hivemq-platform /charts/hivemq-platform --wait --timeout 5m0s --set image.repository=docker.io/hivemq --set image.tag=4.36.0 --set image.pullPolicy=Never --set nodes.resources.cpu=512m -f /files/custom-service-names-values.yaml --namespace helmrestapiit
2025-01-28 23:39:28,524 INFO c.h.h.t.HelmChartContainer - [hivemq-test-hivemq-platform] [hivemq-platform-operator] [2dcba512] 23:39:28.522 [-373097727-pool-1-thread-4] WARN  i.m.p.PrometheusMeterRegistry - The meter (MeterId{name='operator.sdk.events.received', tags=[tag(action=ADDED),tag(event=ResourceEvent),tag(group=hivemq.com),tag(kind=HiveMQPlatform),tag(name=test-hivemq-platform),tag(namespace=helmrestapiit),tag(scope=namespace),tag(version=v1)]}) registration has failed: Prometheus requires that all meters with the same name have the same set of tag keys. There is already an existing meter named 'operator.sdk.events.received' containing tag keys [event, group, kind, name, namespace, scope, version]. The meter you are attempting to register has keys [action, event, group, kind, name, namespace, scope, version]. Note that subsequent logs will be logged at debug level.
2025-01-28 23:39:28,929 INFO c.h.h.t.HelmChartContainer - [hivemq-test-hivemq-platform] [hivemq-platform-operator] [2dcba512] 23:39:28.928 [pool-6-thread-3] DEBUG c.h.p.o.dependants.PodInfoConfigMap - [helmrest] Desired PodInfo ConfigMap (1 extensions) (1 enabled)
2025-01-28 23:39:28,930 INFO c.h.h.t.HelmChartContainer - [hivemq-test-hivemq-platform] [hivemq-platform-operator] [2dcba512] 23:39:28.929 [pool-6-thread-3] DEBUG c.h.p.o.dependants.PodInfoConfigMap - [helmrest] Desired PodInfo ConfigMap (metrics port: 9399) (metrics path: /)
2025-01-28 23:39:28,930 INFO c.h.h.t.HelmChartContainer - [hivemq-test-hivemq-platform] [hivemq-platform-operator] [2dcba512] 23:39:28.929 [pool-6-thread-3] DEBUG c.h.p.o.dependants.PodInfoConfigMap - [helmrest] Desired PodInfo ConfigMap (extension state hash: -1817474005)
2025-01-28 23:39:28,931 INFO c.h.h.t.HelmChartContainer - [hivemq-test-hivemq-platform] [hivemq-platform-operator] [2dcba512] 23:39:28.931 [pool-6-thread-3] DEBUG c.h.p.o.dependants.PodInfoConfigMap - [helmrest] Create PodInfo ConfigMap
2025-01-28 23:39:29,116 INFO c.h.h.t.HelmChartContainer - [hivemq-test-hivemq-platform] [hivemq-platform-operator] [2dcba512] 23:39:29.028 [pool-6-thread-5] DEBUG c.h.p.o.dependants.PodRoleResource - [helmrest] Create Role: Role(apiVersion=rbac.authorization.k8s.io/v1, kind=Role, metadata=ObjectMeta(annotations={meta.helm.sh/release-name=test-hivemq-platform, meta.helm.sh/release-namespace=helmrestapiit}, creationTimestamp=null, deletionGracePeriodSeconds=null, deletionTimestamp=null, finalizers=[], generateName=null, generation=null, labels={helm.sh/chart=hivemq-platform-0.2.32, app.kubernetes.io/managed-by=Helm, app.kubernetes.io/name=hivemq-platform, hivemq-platform=test-hivemq-platform, app.kubernetes.io/instance=test-hivemq-platform, app.kubernetes.io/version=4.36.0}, managedFields=[], name=hivemq-platform-role-test-hivemq-platform, namespace=helmrestapiit, ownerReferences=[OwnerReference(apiVersion=hivemq.com/v1, blockOwnerDeletion=null, controller=null, kind=HiveMQPlatform, name=test-hivemq-platform, uid=97e931e0-1066-45e9-891c-d6da1488cb7a, additionalProperties={})], resourceVersion=null, selfLink=null, uid=null, additionalProperties={}), rules=[PolicyRule(apiGroups=[], nonResourceURLs=[], resourceNames=[], resources=[pods], verbs=[get, patch, update], additionalProperties={})], additionalProperties={})
2025-01-28 23:39:29,218 INFO c.h.h.t.HelmChartContainer - [hivemq-test-hivemq-platform] [hivemq-platform-operator] [2dcba512] 23:39:29.217 [pool-6-thread-7] DEBUG c.h.p.o.d.PodServiceAccountResource - [helmrest] Desired PodServiceAccountResource (serviceAccountName: hivemq-platform-pod-test-hivemq-platform)
2025-01-28 23:39:29,219 INFO c.h.h.t.HelmChartContainer - [hivemq-test-hivemq-platform] [hivemq-platform-operator] [2dcba512] 23:39:29.217 [pool-6-thread-7] DEBUG c.h.p.o.d.PodServiceAccountResource - [helmrest] Create ServiceAccount 'hivemq-platform-pod-test-hivemq-platform'
2025-01-28 23:39:29,324 INFO c.h.h.t.HelmChartContainer - [hivemq-test-hivemq-platform] [hivemq-platform-operator] [2dcba512] 23:39:29.323 [pool-6-thread-9] DEBUG c.h.p.o.d.PodRoleBindingResource - [helmrest] Create RoleBinding: RoleBinding(apiVersion=rbac.authorization.k8s.io/v1, kind=RoleBinding, metadata=ObjectMeta(annotations={meta.helm.sh/release-name=test-hivemq-platform, meta.helm.sh/release-namespace=helmrestapiit}, creationTimestamp=null, deletionGracePeriodSeconds=null, deletionTimestamp=null, finalizers=[], generateName=null, generation=null, labels={helm.sh/chart=hivemq-platform-0.2.32, app.kubernetes.io/managed-by=Helm, app.kubernetes.io/name=hivemq-platform, hivemq-platform=test-hivemq-platform, app.kubernetes.io/instance=test-hivemq-platform, app.kubernetes.io/version=4.36.0}, managedFields=[], name=hivemq-platform-role-binding-test-hivemq-platform, namespace=helmrestapiit, ownerReferences=[OwnerReference(apiVersion=hivemq.com/v1, blockOwnerDeletion=null, controller=null, kind=HiveMQPlatform, name=test-hivemq-platform, uid=97e931e0-1066-45e9-891c-d6da1488cb7a, additionalProperties={})], resourceVersion=null, selfLink=null, uid=null, additionalProperties={}), roleRef=RoleRef(apiGroup=rbac.authorization.k8s.io, kind=Role, name=hivemq-platform-role-test-hivemq-platform, additionalProperties={}), subjects=[Subject(apiGroup=null, kind=ServiceAccount, name=hivemq-platform-pod-test-hivemq-platform, namespace=helmrestapiit, additionalProperties={})], additionalProperties={})
2025-01-28 23:39:29,415 INFO c.h.h.t.HelmChartContainer - [hivemq-test-hivemq-platform] [hivemq-platform-operator] [2dcba512] 23:39:29.414 [ReconcilerExecutor-hivemq-controller-53] INFO  c.h.p.o.HiveMQPlatformReconciler - [helmrest] Reconciling HiveMQ Platform 'test-hivemq-platform' in namespace 'helmrestapiit'
2025-01-28 23:39:29,416 INFO c.h.h.t.HelmChartContainer - [hivemq-test-hivemq-platform] [hivemq-platform-operator] [2dcba512] 23:39:29.415 [ReconcilerExecutor-hivemq-controller-53] DEBUG c.h.p.o.HiveMQPlatformReconciler - [helmrest] Custom Resource Status CREATED - HiveMQ Platform was created (READY)
2025-01-28 23:39:29,416 INFO c.h.h.t.HelmChartContainer - [hivemq-test-hivemq-platform] [hivemq-platform-operator] [2dcba512] 23:39:29.415 [ReconcilerExecutor-hivemq-controller-53] DEBUG c.h.p.o.HiveMQPlatformReconciler - [helmrest] Custom Resource Spec (replicas: 1) (extensions: 1)
2025-01-28 23:39:29,419 INFO c.h.h.t.HelmChartContainer - [hivemq-test-hivemq-platform] [hivemq-platform-operator] [2dcba512] 23:39:29.418 [ReconcilerExecutor-hivemq-controller-53] INFO  c.h.p.o.h.HiveMQPlatformReconcilerBaseHandler - [helmrest] HiveMQ Platform is starting
2025-01-28 23:39:29,519 INFO c.h.h.t.HelmChartContainer - [hivemq-test-hivemq-platform] [hivemq-platform-operator] [2dcba512] 23:39:29.518 [ReconcilerExecutor-hivemq-controller-53] DEBUG c.h.p.operator.event.EventSender - [helmrest] Creating K8s event hivemq-platform-starting: [Start] HiveMQ Platform is starting
2025-01-28 23:39:29,527 INFO c.h.h.t.HelmChartContainer - [EVENT] Normal [Start] HiveMQ Platform is starting [helmrestapiit:test-hivemq-platform]
2025-01-28 23:39:29,531 INFO c.h.h.t.HelmChartContainer - [hivemq-test-hivemq-platform] [hivemq-platform-operator] [2dcba512] 23:39:29.530 [ReconcilerExecutor-hivemq-controller-53] INFO  c.h.p.o.h.AbstractHiveMQReconcilerStateHandler - [helmrest] Update HiveMQ Platform Status (CREATED [READY] -> STARTING [READY]): HiveMQ Platform is starting
2025-01-28 23:39:29,630 DEBUG com.hivemq.helmcharts.util.K8sUtil - Comparing actual state 'STARTING' and waiting for 'RUNNING'
2025-01-28 23:39:39,634 INFO c.h.h.t.HelmChartContainer - [hivemq-test-hivemq-platform] [hivemq-platform-operator] [2dcba512] 23:39:39.630 [pool-6-thread-12] DEBUG c.h.p.o.d.PlatformServiceResource - [helmrest] Desired Platform services (4 services)
2025-01-28 23:39:39,634 INFO c.h.h.t.HelmChartContainer - [hivemq-test-hivemq-platform] [hivemq-platform-operator] [2dcba512] 23:39:39.632 [pool-6-thread-13] DEBUG c.h.p.o.dependants.PodInfoConfigMap - [helmrest] Desired PodInfo ConfigMap (1 extensions) (1 enabled)
2025-01-28 23:39:39,634 INFO c.h.h.t.HelmChartContainer - [hivemq-test-hivemq-platform] [hivemq-platform-operator] [2dcba512] 23:39:39.632 [pool-6-thread-13] DEBUG c.h.p.o.dependants.PodInfoConfigMap - [helmrest] Desired PodInfo ConfigMap (metrics port: 9399) (metrics path: /)
2025-01-28 23:39:39,634 INFO c.h.h.t.HelmChartContainer - [hivemq-test-hivemq-platform] [hivemq-platform-operator] [2dcba512] 23:39:39.632 [pool-6-thread-13] DEBUG c.h.p.o.dependants.PodInfoConfigMap - [helmrest] Desired PodInfo ConfigMap (extension state hash: -1817474005)
2025-01-28 23:39:39,636 INFO c.h.h.t.HelmChartContainer - [hivemq-test-hivemq-platform] [hivemq-platform-operator] [2dcba512] 23:39:39.635 [pool-6-thread-17] DEBUG c.h.p.o.d.PodServiceAccountResource - [helmrest] Desired PodServiceAccountResource (serviceAccountName: hivemq-platform-pod-test-hivemq-platform)
2025-01-28 23:39:39,638 INFO c.h.h.t.HelmChartContainer - [hivemq-test-hivemq-platform] [hivemq-platform-operator] [2dcba512] 23:39:39.637 [pool-6-thread-13] DEBUG c.h.p.o.dependants.PodInfoConfigMap - [helmrest] Update PodInfo ConfigMap
2025-01-28 23:39:39,729 INFO c.h.h.t.HelmChartContainer - [K3S] [alloc.go:330] "allocated clusterIPs" service="helmrestapiit/mqtt-service" clusterIPs={"IPv4":"10.43.13.193"}
2025-01-28 23:39:39,741 INFO c.h.h.t.HelmChartContainer - [K3S] [alloc.go:330] "allocated clusterIPs" service="helmrestapiit/control-center-service" clusterIPs={"IPv4":"10.43.206.128"}
2025-01-28 23:39:39,823 INFO c.h.h.t.HelmChartContainer - [K3S] [alloc.go:330] "allocated clusterIPs" service="helmrestapiit/metrics-service" clusterIPs={"IPv4":"10.43.239.150"}
2025-01-28 23:39:39,835 INFO c.h.h.t.HelmChartContainer - [K3S] [alloc.go:330] "allocated clusterIPs" service="helmrestapiit/rest-api-service" clusterIPs={"IPv4":"10.43.102.55"}
2025-01-28 23:39:39,916 INFO c.h.h.t.HelmChartContainer - [hivemq-test-hivemq-platform] [hivemq-platform-operator] [2dcba512] 23:39:39.915 [pool-6-thread-20] DEBUG c.h.p.o.d.StatefulSetResource - [helmrest] Desired StatefulSet (1 replicas) for status STARTING (READY)
2025-01-28 23:39:39,933 INFO c.h.h.t.HelmChartContainer - [hivemq-test-hivemq-platform] [hivemq-platform-operator] [2dcba512] 23:39:39.932 [pool-6-thread-20] DEBUG c.h.p.o.d.StatefulSetResource - [helmrest] Create StatefulSet
2025-01-28 23:39:40,041 INFO c.h.h.t.HelmChartContainer - [POD] test-hivemq-platform-0 [abb0db10-0686-4c8b-9672-1187a03dbb3a] in helmrestapiit was ADDED
2025-01-28 23:39:40,041 INFO c.h.h.t.HelmChartContainer - [EVENT] Normal [SuccessfulCreate] create Pod test-hivemq-platform-0 in StatefulSet test-hivemq-platform successful [helmrestapiit:test-hivemq-platform]
2025-01-28 23:39:40,046 INFO c.h.h.t.HelmChartContainer - [POD] test-hivemq-platform-0 [abb0db10-0686-4c8b-9672-1187a03dbb3a] in helmrestapiit was MODIFIED
2025-01-28 23:39:40,048 INFO c.h.h.t.HelmChartContainer - [EVENT] Normal [Scheduled] Successfully assigned helmrestapiit/test-hivemq-platform-0 to 28cdbdf25764 [helmrestapiit:test-hivemq-platform-0]
2025-01-28 23:39:40,056 INFO c.h.h.t.HelmChartContainer - [POD] test-hivemq-platform-0 [abb0db10-0686-4c8b-9672-1187a03dbb3a] in helmrestapiit was MODIFIED
2025-01-28 23:39:40,117 INFO c.h.h.t.HelmChartContainer - [hivemq-test-hivemq-platform] [hivemq-platform-operator] [2dcba512] 23:39:40.116 [ReconcilerExecutor-hivemq-controller-64] INFO  c.h.p.o.HiveMQPlatformReconciler - [helmrest] Reconciling HiveMQ Platform 'test-hivemq-platform' in namespace 'helmrestapiit'
2025-01-28 23:39:40,117 INFO c.h.h.t.HelmChartContainer - [hivemq-test-hivemq-platform] [hivemq-platform-operator] [2dcba512] 23:39:40.116 [ReconcilerExecutor-hivemq-controller-64] DEBUG c.h.p.o.HiveMQPlatformReconciler - [helmrest] Custom Resource Status STARTING - HiveMQ Platform is starting (READY)
2025-01-28 23:39:40,117 INFO c.h.h.t.HelmChartContainer - [hivemq-test-hivemq-platform] [hivemq-platform-operator] [2dcba512] 23:39:40.116 [ReconcilerExecutor-hivemq-controller-64] DEBUG c.h.p.o.HiveMQPlatformReconciler - [helmrest] Custom Resource Spec (replicas: 1) (extensions: 1)
2025-01-28 23:39:40,123 INFO c.h.h.t.HelmChartContainer - [hivemq-test-hivemq-platform] [hivemq-platform-operator] [2dcba512] 23:39:40.122 [ReconcilerExecutor-hivemq-controller-64] DEBUG c.h.p.o.HiveMQPlatformReconciler - [helmrest] StatefulSet Status (revision: test-hivemq-platform-5997c57dcb, replicas: 0, available: 0, ready: 0, current: 0, updated: 0)
2025-01-28 23:39:40,124 INFO c.h.h.t.HelmChartContainer - [hivemq-test-hivemq-platform] [hivemq-platform-operator] [2dcba512] 23:39:40.123 [ReconcilerExecutor-hivemq-controller-64] DEBUG c.h.p.o.HiveMQPlatformReconciler - [helmrest] StatefulSet Spec (replicas: 1, init containers: 1, containers: 1, volumes: 3)
2025-01-28 23:39:40,175 INFO c.h.h.t.HelmChartContainer - [K3S] [reconciler_common.go:251] "operationExecutor.VerifyControllerAttachedVolume started for volume \"broker-configuration\" (UniqueName: \"kubernetes.io/configmap/abb0db10-0686-4c8b-9672-1187a03dbb3a-broker-configuration\") pod \"test-hivemq-platform-0\" (UID: \"abb0db10-0686-4c8b-9672-1187a03dbb3a\") " pod="helmrestapiit/test-hivemq-platform-0"
2025-01-28 23:39:40,175 INFO c.h.h.t.HelmChartContainer - [K3S] [reconciler_common.go:251] "operationExecutor.VerifyControllerAttachedVolume started for volume \"operator-init\" (UniqueName: \"kubernetes.io/empty-dir/abb0db10-0686-4c8b-9672-1187a03dbb3a-operator-init\") pod \"test-hivemq-platform-0\" (UID: \"abb0db10-0686-4c8b-9672-1187a03dbb3a\") " pod="helmrestapiit/test-hivemq-platform-0"
2025-01-28 23:39:40,175 INFO c.h.h.t.HelmChartContainer - [K3S] [reconciler_common.go:251] "operationExecutor.VerifyControllerAttachedVolume started for volume \"pod-info\" (UniqueName: \"kubernetes.io/configmap/abb0db10-0686-4c8b-9672-1187a03dbb3a-pod-info\") pod \"test-hivemq-platform-0\" (UID: \"abb0db10-0686-4c8b-9672-1187a03dbb3a\") " pod="helmrestapiit/test-hivemq-platform-0"
2025-01-28 23:39:40,175 INFO c.h.h.t.HelmChartContainer - [K3S] [reconciler_common.go:251] "operationExecutor.VerifyControllerAttachedVolume started for volume \"kube-api-access-lzhmb\" (UniqueName: \"kubernetes.io/projected/abb0db10-0686-4c8b-9672-1187a03dbb3a-kube-api-access-lzhmb\") pod \"test-hivemq-platform-0\" (UID: \"abb0db10-0686-4c8b-9672-1187a03dbb3a\") " pod="helmrestapiit/test-hivemq-platform-0"
2025-01-28 23:39:40,226 INFO c.h.h.t.HelmChartContainer - [hivemq-test-hivemq-platform] [hivemq-platform-operator] [2dcba512] 23:39:40.225 [ReconcilerExecutor-hivemq-controller-64] DEBUG c.h.p.o.h.HiveMQPlatformReconcilerErrorHandler - [helmrest] Pod 'test-hivemq-platform-0' phase Pending
2025-01-28 23:39:40,227 INFO c.h.h.t.HelmChartContainer - [hivemq-test-hivemq-platform] [hivemq-platform-operator] [2dcba512] 23:39:40.225 [ReconcilerExecutor-hivemq-controller-64] DEBUG c.h.p.o.h.HiveMQPlatformReconcilerErrorHandler - [helmrest] Pod 'test-hivemq-platform-0' condition 'PodReadyToStartContainers': False
2025-01-28 23:39:40,227 INFO c.h.h.t.HelmChartContainer - [hivemq-test-hivemq-platform] [hivemq-platform-operator] [2dcba512] 23:39:40.226 [ReconcilerExecutor-hivemq-controller-64] DEBUG c.h.p.o.h.HiveMQPlatformReconcilerErrorHandler - [helmrest] Pod 'test-hivemq-platform-0' condition 'Initialized': False
2025-01-28 23:39:40,228 INFO c.h.h.t.HelmChartContainer - [hivemq-test-hivemq-platform] [hivemq-platform-operator] [2dcba512] 23:39:40.226 [ReconcilerExecutor-hivemq-controller-64] DEBUG c.h.p.o.h.HiveMQPlatformReconcilerErrorHandler - [helmrest] Pod 'test-hivemq-platform-0' condition 'Ready': False
2025-01-28 23:39:40,228 INFO c.h.h.t.HelmChartContainer - [hivemq-test-hivemq-platform] [hivemq-platform-operator] [2dcba512] 23:39:40.226 [ReconcilerExecutor-hivemq-controller-64] DEBUG c.h.p.o.h.HiveMQPlatformReconcilerErrorHandler - [helmrest] Pod 'test-hivemq-platform-0' condition 'ContainersReady': False
2025-01-28 23:39:40,228 INFO c.h.h.t.HelmChartContainer - [hivemq-test-hivemq-platform] [hivemq-platform-operator] [2dcba512] 23:39:40.226 [ReconcilerExecutor-hivemq-controller-64] DEBUG c.h.p.o.h.HiveMQPlatformReconcilerErrorHandler - [helmrest] Pod 'test-hivemq-platform-0' condition 'PodScheduled': True
2025-01-28 23:39:40,229 INFO c.h.h.t.HelmChartContainer - [hivemq-test-hivemq-platform] [hivemq-platform-operator] [2dcba512] 23:39:40.226 [ReconcilerExecutor-hivemq-controller-64] DEBUG c.h.p.o.h.HiveMQPlatformReconcilerErrorHandler - [helmrest] Pod 'test-hivemq-platform-0' containerStatus 'hivemq' (started: false) (ready: false) (waiting: [PodInitializing] null)
2025-01-28 23:39:40,230 INFO c.h.h.t.HelmChartContainer - [hivemq-test-hivemq-platform] [hivemq-platform-operator] [2dcba512] 23:39:40.229 [ReconcilerExecutor-hivemq-controller-64] INFO  c.h.p.o.h.HiveMQPlatformReconcilerBaseHandler - [helmrest] HiveMQ Platform is starting, 0 of 1 replicas are ready
2025-01-28 23:39:40,319 INFO c.h.h.t.HelmChartContainer - [hivemq-test-hivemq-platform] [hivemq-platform-operator] [2dcba512] 23:39:40.317 [pool-6-thread-22] DEBUG c.h.p.o.d.PlatformServiceResource - [helmrest] Desired Platform services (4 services)
2025-01-28 23:39:40,320 INFO c.h.h.t.HelmChartContainer - [hivemq-test-hivemq-platform] [hivemq-platform-operator] [2dcba512] 23:39:40.319 [pool-6-thread-23] DEBUG c.h.p.o.dependants.PodInfoConfigMap - [helmrest] Desired PodInfo ConfigMap (1 extensions) (1 enabled)
2025-01-28 23:39:40,322 INFO c.h.h.t.HelmChartContainer - [hivemq-test-hivemq-platform] [hivemq-platform-operator] [2dcba512] 23:39:40.320 [pool-6-thread-23] DEBUG c.h.p.o.dependants.PodInfoConfigMap - [helmrest] Desired PodInfo ConfigMap (metrics port: 9399) (metrics path: /)
2025-01-28 23:39:40,322 INFO c.h.h.t.HelmChartContainer - [hivemq-test-hivemq-platform] [hivemq-platform-operator] [2dcba512] 23:39:40.320 [pool-6-thread-23] DEBUG c.h.p.o.dependants.PodInfoConfigMap - [helmrest] Desired PodInfo ConfigMap (extension state hash: -1817474005)
2025-01-28 23:39:40,325 INFO c.h.h.t.HelmChartContainer - [hivemq-test-hivemq-platform] [hivemq-platform-operator] [2dcba512] 23:39:40.324 [pool-6-thread-27] DEBUG c.h.p.o.d.PodServiceAccountResource - [helmrest] Desired PodServiceAccountResource (serviceAccountName: hivemq-platform-pod-test-hivemq-platform)
2025-01-28 23:39:40,422 INFO c.h.h.t.HelmChartContainer - [hivemq-test-hivemq-platform] [hivemq-platform-operator] [2dcba512] 23:39:40.420 [pool-6-thread-30] DEBUG c.h.p.o.d.StatefulSetResource - [helmrest] Desired StatefulSet (1 replicas) for status STARTING (READY)
2025-01-28 23:39:40,430 INFO c.h.h.t.HelmChartContainer - [hivemq-test-hivemq-platform] [hivemq-platform-operator] [2dcba512] 23:39:40.428 [ReconcilerExecutor-hivemq-controller-75] INFO  c.h.p.o.HiveMQPlatformReconciler - [helmrest] Reconciling HiveMQ Platform 'test-hivemq-platform' in namespace 'helmrestapiit'
2025-01-28 23:39:40,431 INFO c.h.h.t.HelmChartContainer - [hivemq-test-hivemq-platform] [hivemq-platform-operator] [2dcba512] 23:39:40.429 [ReconcilerExecutor-hivemq-controller-75] DEBUG c.h.p.o.HiveMQPlatformReconciler - [helmrest] Custom Resource Status STARTING - HiveMQ Platform is starting (READY)
2025-01-28 23:39:40,431 INFO c.h.h.t.HelmChartContainer - [hivemq-test-hivemq-platform] [hivemq-platform-operator] [2dcba512] 23:39:40.429 [ReconcilerExecutor-hivemq-controller-75] DEBUG c.h.p.o.HiveMQPlatformReconciler - [helmrest] Custom Resource Spec (replicas: 1) (extensions: 1)
2025-01-28 23:39:40,434 INFO c.h.h.t.HelmChartContainer - [hivemq-test-hivemq-platform] [hivemq-platform-operator] [2dcba512] 23:39:40.432 [ReconcilerExecutor-hivemq-controller-75] DEBUG c.h.p.o.HiveMQPlatformReconciler - [helmrest] StatefulSet Status (revision: test-hivemq-platform-5997c57dcb, replicas: 1, available: 0, ready: 0, current: 1, updated: 1)
2025-01-28 23:39:40,437 INFO c.h.h.t.HelmChartContainer - [EVENT] Normal [Pulled] Container image "docker.io/hivemq/hivemq-platform-operator-init-test:snapshot" already present on machine [helmrestapiit:test-hivemq-platform-0]
2025-01-28 23:39:40,514 INFO c.h.h.t.HelmChartContainer - [hivemq-test-hivemq-platform] [hivemq-platform-operator] [2dcba512] 23:39:40.513 [ReconcilerExecutor-hivemq-controller-75] DEBUG c.h.p.o.HiveMQPlatformReconciler - [helmrest] StatefulSet Spec (replicas: 1, init containers: 1, containers: 1, volumes: 3)
2025-01-28 23:39:40,515 INFO c.h.h.t.HelmChartContainer - [hivemq-test-hivemq-platform] [hivemq-platform-operator] [2dcba512] 23:39:40.515 [ReconcilerExecutor-hivemq-controller-75] DEBUG c.h.p.o.h.HiveMQPlatformReconcilerErrorHandler - [helmrest] Pod 'test-hivemq-platform-0' phase Pending
2025-01-28 23:39:40,517 INFO c.h.h.t.HelmChartContainer - [hivemq-test-hivemq-platform] [hivemq-platform-operator] [2dcba512] 23:39:40.515 [ReconcilerExecutor-hivemq-controller-75] DEBUG c.h.p.o.h.HiveMQPlatformReconcilerErrorHandler - [helmrest] Pod 'test-hivemq-platform-0' condition 'PodReadyToStartContainers': False
2025-01-28 23:39:40,517 INFO c.h.h.t.HelmChartContainer - [hivemq-test-hivemq-platform] [hivemq-platform-operator] [2dcba512] 23:39:40.515 [ReconcilerExecutor-hivemq-controller-75] DEBUG c.h.p.o.h.HiveMQPlatformReconcilerErrorHandler - [helmrest] Pod 'test-hivemq-platform-0' condition 'Initialized': False
2025-01-28 23:39:40,518 INFO c.h.h.t.HelmChartContainer - [hivemq-test-hivemq-platform] [hivemq-platform-operator] [2dcba512] 23:39:40.515 [ReconcilerExecutor-hivemq-controller-75] DEBUG c.h.p.o.h.HiveMQPlatformReconcilerErrorHandler - [helmrest] Pod 'test-hivemq-platform-0' condition 'Ready': False
2025-01-28 23:39:40,518 INFO c.h.h.t.HelmChartContainer - [hivemq-test-hivemq-platform] [hivemq-platform-operator] [2dcba512] 23:39:40.515 [ReconcilerExecutor-hivemq-controller-75] DEBUG c.h.p.o.h.HiveMQPlatformReconcilerErrorHandler - [helmrest] Pod 'test-hivemq-platform-0' condition 'ContainersReady': False
2025-01-28 23:39:40,518 INFO c.h.h.t.HelmChartContainer - [hivemq-test-hivemq-platform] [hivemq-platform-operator] [2dcba512] 23:39:40.515 [ReconcilerExecutor-hivemq-controller-75] DEBUG c.h.p.o.h.HiveMQPlatformReconcilerErrorHandler - [helmrest] Pod 'test-hivemq-platform-0' condition 'PodScheduled': True
2025-01-28 23:39:40,518 INFO c.h.h.t.HelmChartContainer - [hivemq-test-hivemq-platform] [hivemq-platform-operator] [2dcba512] 23:39:40.515 [ReconcilerExecutor-hivemq-controller-75] DEBUG c.h.p.o.h.HiveMQPlatformReconcilerErrorHandler - [helmrest] Pod 'test-hivemq-platform-0' containerStatus 'hivemq' (started: false) (ready: false) (waiting: [PodInitializing] null)
2025-01-28 23:39:40,518 INFO c.h.h.t.HelmChartContainer - [hivemq-test-hivemq-platform] [hivemq-platform-operator] [2dcba512] 23:39:40.516 [ReconcilerExecutor-hivemq-controller-75] INFO  c.h.p.o.h.HiveMQPlatformReconcilerBaseHandler - [helmrest] HiveMQ Platform is starting, 0 of 1 replicas are ready
2025-01-28 23:39:40,547 INFO c.h.h.t.HelmChartContainer - [EVENT] Normal [Created] Created container: hivemq-platform-operator-init [helmrestapiit:test-hivemq-platform-0]
2025-01-28 23:39:40,584 INFO c.h.h.t.HelmChartContainer - [EVENT] Normal [Started] Started container hivemq-platform-operator-init [helmrestapiit:test-hivemq-platform-0]
2025-01-28 23:39:40,763 INFO c.h.h.t.HelmChartContainer - [POD] test-hivemq-platform-0 [abb0db10-0686-4c8b-9672-1187a03dbb3a] in helmrestapiit was MODIFIED
2025-01-28 23:39:40,831 INFO c.h.h.t.HelmChartContainer - [hivemq-test-hivemq-platform] [hivemq-platform-operator] [2dcba512] 23:39:40.828 [pool-6-thread-32] DEBUG c.h.p.o.d.PlatformServiceResource - [helmrest] Desired Platform services (4 services)
2025-01-28 23:39:40,831 INFO c.h.h.t.HelmChartContainer - [hivemq-test-hivemq-platform] [hivemq-platform-operator] [2dcba512] 23:39:40.829 [pool-6-thread-33] DEBUG c.h.p.o.dependants.PodInfoConfigMap - [helmrest] Desired PodInfo ConfigMap (1 extensions) (1 enabled)
2025-01-28 23:39:40,832 INFO c.h.h.t.HelmChartContainer - [hivemq-test-hivemq-platform] [hivemq-platform-operator] [2dcba512] 23:39:40.829 [pool-6-thread-33] DEBUG c.h.p.o.dependants.PodInfoConfigMap - [helmrest] Desired PodInfo ConfigMap (metrics port: 9399) (metrics path: /)
2025-01-28 23:39:40,832 INFO c.h.h.t.HelmChartContainer - [hivemq-test-hivemq-platform] [hivemq-platform-operator] [2dcba512] 23:39:40.829 [pool-6-thread-33] DEBUG c.h.p.o.dependants.PodInfoConfigMap - [helmrest] Desired PodInfo ConfigMap (extension state hash: -1817474005)
2025-01-28 23:39:40,841 INFO c.h.h.t.HelmChartContainer - [hivemq-test-hivemq-platform] [hivemq-platform-operator] [2dcba512] 23:39:40.839 [pool-6-thread-37] DEBUG c.h.p.o.d.PodServiceAccountResource - [helmrest] Desired PodServiceAccountResource (serviceAccountName: hivemq-platform-pod-test-hivemq-platform)
2025-01-28 23:39:40,918 INFO c.h.h.t.HelmChartContainer - [hivemq-test-hivemq-platform] [hivemq-platform-operator] [2dcba512] 23:39:40.916 [pool-6-thread-40] DEBUG c.h.p.o.d.StatefulSetResource - [helmrest] Desired StatefulSet (1 replicas) for status STARTING (READY)
2025-01-28 23:39:40,921 INFO c.h.h.t.HelmChartContainer - [hivemq-test-hivemq-platform] [hivemq-platform-operator] [2dcba512] 23:39:40.920 [ReconcilerExecutor-hivemq-controller-86] INFO  c.h.p.o.HiveMQPlatformReconciler - [helmrest] Reconciling HiveMQ Platform 'test-hivemq-platform' in namespace 'helmrestapiit'
2025-01-28 23:39:40,922 INFO c.h.h.t.HelmChartContainer - [hivemq-test-hivemq-platform] [hivemq-platform-operator] [2dcba512] 23:39:40.921 [ReconcilerExecutor-hivemq-controller-86] DEBUG c.h.p.o.HiveMQPlatformReconciler - [helmrest] Custom Resource Status STARTING - HiveMQ Platform is starting (READY)
2025-01-28 23:39:40,922 INFO c.h.h.t.HelmChartContainer - [hivemq-test-hivemq-platform] [hivemq-platform-operator] [2dcba512] 23:39:40.921 [ReconcilerExecutor-hivemq-controller-86] DEBUG c.h.p.o.HiveMQPlatformReconciler - [helmrest] Custom Resource Spec (replicas: 1) (extensions: 1)
2025-01-28 23:39:40,924 INFO c.h.h.t.HelmChartContainer - [hivemq-test-hivemq-platform] [hivemq-platform-operator] [2dcba512] 23:39:40.923 [ReconcilerExecutor-hivemq-controller-86] DEBUG c.h.p.o.HiveMQPlatformReconciler - [helmrest] StatefulSet Status (revision: test-hivemq-platform-5997c57dcb, replicas: 1, available: 0, ready: 0, current: 1, updated: 1)
2025-01-28 23:39:40,924 INFO c.h.h.t.HelmChartContainer - [hivemq-test-hivemq-platform] [hivemq-platform-operator] [2dcba512] 23:39:40.923 [ReconcilerExecutor-hivemq-controller-86] DEBUG c.h.p.o.HiveMQPlatformReconciler - [helmrest] StatefulSet Spec (replicas: 1, init containers: 1, containers: 1, volumes: 3)
2025-01-28 23:39:40,929 INFO c.h.h.t.HelmChartContainer - [hivemq-test-hivemq-platform] [hivemq-platform-operator] [2dcba512] 23:39:40.925 [ReconcilerExecutor-hivemq-controller-86] DEBUG c.h.p.o.h.HiveMQPlatformReconcilerErrorHandler - [helmrest] Pod 'test-hivemq-platform-0' phase Pending
2025-01-28 23:39:40,929 INFO c.h.h.t.HelmChartContainer - [hivemq-test-hivemq-platform] [hivemq-platform-operator] [2dcba512] 23:39:40.925 [ReconcilerExecutor-hivemq-controller-86] DEBUG c.h.p.o.h.HiveMQPlatformReconcilerErrorHandler - [helmrest] Pod 'test-hivemq-platform-0' condition 'PodReadyToStartContainers': True
2025-01-28 23:39:40,929 INFO c.h.h.t.HelmChartContainer - [hivemq-test-hivemq-platform] [hivemq-platform-operator] [2dcba512] 23:39:40.926 [ReconcilerExecutor-hivemq-controller-86] DEBUG c.h.p.o.h.HiveMQPlatformReconcilerErrorHandler - [helmrest] Pod 'test-hivemq-platform-0' condition 'Initialized': False
2025-01-28 23:39:40,929 INFO c.h.h.t.HelmChartContainer - [hivemq-test-hivemq-platform] [hivemq-platform-operator] [2dcba512] 23:39:40.926 [ReconcilerExecutor-hivemq-controller-86] DEBUG c.h.p.o.h.HiveMQPlatformReconcilerErrorHandler - [helmrest] Pod 'test-hivemq-platform-0' condition 'Ready': False
2025-01-28 23:39:40,929 INFO c.h.h.t.HelmChartContainer - [hivemq-test-hivemq-platform] [hivemq-platform-operator] [2dcba512] 23:39:40.926 [ReconcilerExecutor-hivemq-controller-86] DEBUG c.h.p.o.h.HiveMQPlatformReconcilerErrorHandler - [helmrest] Pod 'test-hivemq-platform-0' condition 'ContainersReady': False
2025-01-28 23:39:40,929 INFO c.h.h.t.HelmChartContainer - [hivemq-test-hivemq-platform] [hivemq-platform-operator] [2dcba512] 23:39:40.926 [ReconcilerExecutor-hivemq-controller-86] DEBUG c.h.p.o.h.HiveMQPlatformReconcilerErrorHandler - [helmrest] Pod 'test-hivemq-platform-0' condition 'PodScheduled': True
2025-01-28 23:39:40,929 INFO c.h.h.t.HelmChartContainer - [hivemq-test-hivemq-platform] [hivemq-platform-operator] [2dcba512] 23:39:40.926 [ReconcilerExecutor-hivemq-controller-86] DEBUG c.h.p.o.h.HiveMQPlatformReconcilerErrorHandler - [helmrest] Pod 'test-hivemq-platform-0' containerStatus 'hivemq' (started: false) (ready: false) (waiting: [PodInitializing] null)
2025-01-28 23:39:40,929 INFO c.h.h.t.HelmChartContainer - [hivemq-test-hivemq-platform] [hivemq-platform-operator] [2dcba512] 23:39:40.927 [ReconcilerExecutor-hivemq-controller-86] INFO  c.h.p.o.h.HiveMQPlatformReconcilerBaseHandler - [helmrest] HiveMQ Platform is starting, 0 of 1 replicas are ready
2025-01-28 23:39:41,753 INFO c.h.h.t.HelmChartContainer - [EVENT] Normal [Pulled] Container image "docker.io/hivemq/hivemq4:4.36.0" already present on machine [helmrestapiit:test-hivemq-platform-0]
2025-01-28 23:39:41,753 INFO c.h.h.t.HelmChartContainer - Received Pulled event for container hivemq in pod test-hivemq-platform-0 [abb0db10-0686-4c8b-9672-1187a03dbb3a]
2025-01-28 23:39:41,762 INFO c.h.h.t.HelmChartContainer - [POD] test-hivemq-platform-0 [abb0db10-0686-4c8b-9672-1187a03dbb3a] in helmrestapiit was MODIFIED
2025-01-28 23:39:41,776 INFO c.h.h.t.HelmChartContainer - [hivemq-test-hivemq-platform] [hivemq-platform-operator] [2dcba512] 23:39:41.771 [pool-6-thread-42] DEBUG c.h.p.o.d.PlatformServiceResource - [helmrest] Desired Platform services (4 services)
2025-01-28 23:39:41,776 INFO c.h.h.t.HelmChartContainer - [hivemq-test-hivemq-platform] [hivemq-platform-operator] [2dcba512] 23:39:41.772 [pool-6-thread-43] DEBUG c.h.p.o.dependants.PodInfoConfigMap - [helmrest] Desired PodInfo ConfigMap (1 extensions) (1 enabled)
2025-01-28 23:39:41,777 INFO c.h.h.t.HelmChartContainer - [hivemq-test-hivemq-platform] [hivemq-platform-operator] [2dcba512] 23:39:41.775 [pool-6-thread-43] DEBUG c.h.p.o.dependants.PodInfoConfigMap - [helmrest] Desired PodInfo ConfigMap (metrics port: 9399) (metrics path: /)
2025-01-28 23:39:41,777 INFO c.h.h.t.HelmChartContainer - [hivemq-test-hivemq-platform] [hivemq-platform-operator] [2dcba512] 23:39:41.776 [pool-6-thread-43] DEBUG c.h.p.o.dependants.PodInfoConfigMap - [helmrest] Desired PodInfo ConfigMap (extension state hash: -1817474005)
2025-01-28 23:39:41,780 INFO c.h.h.t.HelmChartContainer - [hivemq-test-hivemq-platform] [hivemq-platform-operator] [2dcba512] 23:39:41.778 [pool-6-thread-47] DEBUG c.h.p.o.d.PodServiceAccountResource - [helmrest] Desired PodServiceAccountResource (serviceAccountName: hivemq-platform-pod-test-hivemq-platform)
2025-01-28 23:39:41,819 INFO c.h.h.t.HelmChartContainer - [hivemq-test-hivemq-platform] [hivemq-platform-operator] [2dcba512] 23:39:41.816 [pool-6-thread-50] DEBUG c.h.p.o.d.StatefulSetResource - [helmrest] Desired StatefulSet (1 replicas) for status STARTING (READY)
2025-01-28 23:39:41,823 INFO c.h.h.t.HelmChartContainer - [hivemq-test-hivemq-platform] [hivemq-platform-operator] [2dcba512] 23:39:41.821 [ReconcilerExecutor-hivemq-controller-97] INFO  c.h.p.o.HiveMQPlatformReconciler - [helmrest] Reconciling HiveMQ Platform 'test-hivemq-platform' in namespace 'helmrestapiit'
2025-01-28 23:39:41,824 INFO c.h.h.t.HelmChartContainer - [hivemq-test-hivemq-platform] [hivemq-platform-operator] [2dcba512] 23:39:41.822 [ReconcilerExecutor-hivemq-controller-97] DEBUG c.h.p.o.HiveMQPlatformReconciler - [helmrest] Custom Resource Status STARTING - HiveMQ Platform is starting (READY)
2025-01-28 23:39:41,824 INFO c.h.h.t.HelmChartContainer - [hivemq-test-hivemq-platform] [hivemq-platform-operator] [2dcba512] 23:39:41.822 [ReconcilerExecutor-hivemq-controller-97] DEBUG c.h.p.o.HiveMQPlatformReconciler - [helmrest] Custom Resource Spec (replicas: 1) (extensions: 1)
2025-01-28 23:39:41,826 INFO c.h.h.t.HelmChartContainer - [hivemq-test-hivemq-platform] [hivemq-platform-operator] [2dcba512] 23:39:41.825 [ReconcilerExecutor-hivemq-controller-97] DEBUG c.h.p.o.HiveMQPlatformReconciler - [helmrest] StatefulSet Status (revision: test-hivemq-platform-5997c57dcb, replicas: 1, available: 0, ready: 0, current: 1, updated: 1)
2025-01-28 23:39:41,827 INFO c.h.h.t.HelmChartContainer - [hivemq-test-hivemq-platform] [hivemq-platform-operator] [2dcba512] 23:39:41.826 [ReconcilerExecutor-hivemq-controller-97] DEBUG c.h.p.o.HiveMQPlatformReconciler - [helmrest] StatefulSet Spec (replicas: 1, init containers: 1, containers: 1, volumes: 3)
2025-01-28 23:39:41,831 INFO c.h.h.t.HelmChartContainer - [hivemq-test-hivemq-platform] [hivemq-platform-operator] [2dcba512] 23:39:41.830 [ReconcilerExecutor-hivemq-controller-97] DEBUG c.h.p.o.h.HiveMQPlatformReconcilerErrorHandler - [helmrest] Pod 'test-hivemq-platform-0' phase Pending
2025-01-28 23:39:41,832 INFO c.h.h.t.HelmChartContainer - [hivemq-test-hivemq-platform] [hivemq-platform-operator] [2dcba512] 23:39:41.830 [ReconcilerExecutor-hivemq-controller-97] DEBUG c.h.p.o.h.HiveMQPlatformReconcilerErrorHandler - [helmrest] Pod 'test-hivemq-platform-0' condition 'PodReadyToStartContainers': True
2025-01-28 23:39:41,832 INFO c.h.h.t.HelmChartContainer - [hivemq-test-hivemq-platform] [hivemq-platform-operator] [2dcba512] 23:39:41.830 [ReconcilerExecutor-hivemq-controller-97] DEBUG c.h.p.o.h.HiveMQPlatformReconcilerErrorHandler - [helmrest] Pod 'test-hivemq-platform-0' condition 'Initialized': True
2025-01-28 23:39:41,832 INFO c.h.h.t.HelmChartContainer - [hivemq-test-hivemq-platform] [hivemq-platform-operator] [2dcba512] 23:39:41.830 [ReconcilerExecutor-hivemq-controller-97] DEBUG c.h.p.o.h.HiveMQPlatformReconcilerErrorHandler - [helmrest] Pod 'test-hivemq-platform-0' condition 'Ready': False
2025-01-28 23:39:41,832 INFO c.h.h.t.HelmChartContainer - [hivemq-test-hivemq-platform] [hivemq-platform-operator] [2dcba512] 23:39:41.830 [ReconcilerExecutor-hivemq-controller-97] DEBUG c.h.p.o.h.HiveMQPlatformReconcilerErrorHandler - [helmrest] Pod 'test-hivemq-platform-0' condition 'ContainersReady': False
2025-01-28 23:39:41,833 INFO c.h.h.t.HelmChartContainer - [hivemq-test-hivemq-platform] [hivemq-platform-operator] [2dcba512] 23:39:41.830 [ReconcilerExecutor-hivemq-controller-97] DEBUG c.h.p.o.h.HiveMQPlatformReconcilerErrorHandler - [helmrest] Pod 'test-hivemq-platform-0' condition 'PodScheduled': True
2025-01-28 23:39:41,834 INFO c.h.h.t.HelmChartContainer - [hivemq-test-hivemq-platform] [hivemq-platform-operator] [2dcba512] 23:39:41.832 [ReconcilerExecutor-hivemq-controller-97] DEBUG c.h.p.o.h.HiveMQPlatformReconcilerErrorHandler - [helmrest] Pod 'test-hivemq-platform-0' containerStatus 'hivemq' (started: false) (ready: false) (waiting: [PodInitializing] null)
2025-01-28 23:39:41,914 INFO c.h.h.t.HelmChartContainer - [hivemq-test-hivemq-platform] [hivemq-platform-operator] [2dcba512] 23:39:41.834 [ReconcilerExecutor-hivemq-controller-97] INFO  c.h.p.o.h.HiveMQPlatformReconcilerBaseHandler - [helmrest] HiveMQ Platform is starting, 0 of 1 replicas are ready
2025-01-28 23:39:42,813 INFO c.h.h.t.HelmChartContainer - [EVENT] Normal [Created] Created container: hivemq [helmrestapiit:test-hivemq-platform-0]
2025-01-28 23:39:42,814 INFO c.h.h.t.HelmChartContainer - Received Created event for container hivemq in pod test-hivemq-platform-0 [abb0db10-0686-4c8b-9672-1187a03dbb3a]
2025-01-28 23:39:43,765 INFO c.h.h.t.HelmChartContainer - [POD] test-hivemq-platform-0 [abb0db10-0686-4c8b-9672-1187a03dbb3a] in helmrestapiit was MODIFIED
2025-01-28 23:39:43,772 INFO c.h.h.t.HelmChartContainer - [EVENT] Normal [Started] Started container hivemq [helmrestapiit:test-hivemq-platform-0]
2025-01-28 23:39:43,772 INFO c.h.h.t.HelmChartContainer - Received Started event for container hivemq in pod test-hivemq-platform-0 [abb0db10-0686-4c8b-9672-1187a03dbb3a]
2025-01-28 23:39:43,772 INFO c.h.h.t.HelmChartContainer - Started log watcher for hivemq in pod test-hivemq-platform-0 [abb0db10-0686-4c8b-9672-1187a03dbb3a]
2025-01-28 23:39:43,774 INFO c.h.h.t.HelmChartContainer - [hivemq-test-hivemq-platform] [hivemq-platform-operator] [2dcba512] 23:39:43.772 [pool-6-thread-5] DEBUG c.h.p.o.d.PlatformServiceResource - [helmrest] Desired Platform services (4 services)
2025-01-28 23:39:43,775 INFO c.h.h.t.HelmChartContainer - [test-hivemq-platform] [hivemq] [abb0db10] Adding pre-installed HiveMQ Platform Operator extensions
2025-01-28 23:39:43,775 INFO c.h.h.t.HelmChartContainer - [test-hivemq-platform] [hivemq] [abb0db10] Running as user 10000
2025-01-28 23:39:43,775 INFO c.h.h.t.HelmChartContainer - [test-hivemq-platform] [hivemq] [abb0db10] Starting HiveMQ Platform Operator Init
2025-01-28 23:39:43,777 INFO c.h.h.t.HelmChartContainer - [hivemq-test-hivemq-platform] [hivemq-platform-operator] [2dcba512] 23:39:43.776 [pool-6-thread-6] DEBUG c.h.p.o.dependants.PodInfoConfigMap - [helmrest] Desired PodInfo ConfigMap (1 extensions) (1 enabled)
2025-01-28 23:39:43,777 INFO c.h.h.t.HelmChartContainer - [hivemq-test-hivemq-platform] [hivemq-platform-operator] [2dcba512] 23:39:43.776 [pool-6-thread-6] DEBUG c.h.p.o.dependants.PodInfoConfigMap - [helmrest] Desired PodInfo ConfigMap (metrics port: 9399) (metrics path: /)
2025-01-28 23:39:43,777 INFO c.h.h.t.HelmChartContainer - [hivemq-test-hivemq-platform] [hivemq-platform-operator] [2dcba512] 23:39:43.776 [pool-6-thread-6] DEBUG c.h.p.o.dependants.PodInfoConfigMap - [helmrest] Desired PodInfo ConfigMap (extension state hash: -1817474005)
2025-01-28 23:39:43,782 INFO c.h.h.t.HelmChartContainer - [hivemq-test-hivemq-platform] [hivemq-platform-operator] [2dcba512] 23:39:43.781 [pool-6-thread-1] DEBUG c.h.p.o.d.PodServiceAccountResource - [helmrest] Desired PodServiceAccountResource (serviceAccountName: hivemq-platform-pod-test-hivemq-platform)
2025-01-28 23:39:43,791 INFO c.h.h.t.HelmChartContainer - [hivemq-test-hivemq-platform] [hivemq-platform-operator] [2dcba512] 23:39:43.789 [pool-6-thread-7] DEBUG c.h.p.o.d.StatefulSetResource - [helmrest] Desired StatefulSet (1 replicas) for status STARTING (READY)
2025-01-28 23:39:43,795 INFO c.h.h.t.HelmChartContainer - [hivemq-test-hivemq-platform] [hivemq-platform-operator] [2dcba512] 23:39:43.793 [ReconcilerExecutor-hivemq-controller-108] INFO  c.h.p.o.HiveMQPlatformReconciler - [helmrest] Reconciling HiveMQ Platform 'test-hivemq-platform' in namespace 'helmrestapiit'
2025-01-28 23:39:43,795 INFO c.h.h.t.HelmChartContainer - [hivemq-test-hivemq-platform] [hivemq-platform-operator] [2dcba512] 23:39:43.793 [ReconcilerExecutor-hivemq-controller-108] DEBUG c.h.p.o.HiveMQPlatformReconciler - [helmrest] Custom Resource Status STARTING - HiveMQ Platform is starting (READY)
2025-01-28 23:39:43,795 INFO c.h.h.t.HelmChartContainer - [hivemq-test-hivemq-platform] [hivemq-platform-operator] [2dcba512] 23:39:43.793 [ReconcilerExecutor-hivemq-controller-108] DEBUG c.h.p.o.HiveMQPlatformReconciler - [helmrest] Custom Resource Spec (replicas: 1) (extensions: 1)
2025-01-28 23:39:43,815 INFO c.h.h.t.HelmChartContainer - [hivemq-test-hivemq-platform] [hivemq-platform-operator] [2dcba512] 23:39:43.813 [ReconcilerExecutor-hivemq-controller-108] DEBUG c.h.p.o.HiveMQPlatformReconciler - [helmrest] StatefulSet Status (revision: test-hivemq-platform-5997c57dcb, replicas: 1, available: 0, ready: 0, current: 1, updated: 1)
2025-01-28 23:39:43,815 INFO c.h.h.t.HelmChartContainer - [hivemq-test-hivemq-platform] [hivemq-platform-operator] [2dcba512] 23:39:43.813 [ReconcilerExecutor-hivemq-controller-108] DEBUG c.h.p.o.HiveMQPlatformReconciler - [helmrest] StatefulSet Spec (replicas: 1, init containers: 1, containers: 1, volumes: 3)
2025-01-28 23:39:43,817 INFO c.h.h.t.HelmChartContainer - [hivemq-test-hivemq-platform] [hivemq-platform-operator] [2dcba512] 23:39:43.816 [ReconcilerExecutor-hivemq-controller-108] DEBUG c.h.p.o.h.HiveMQPlatformReconcilerErrorHandler - [helmrest] Pod 'test-hivemq-platform-0' phase Running
2025-01-28 23:39:43,818 INFO c.h.h.t.HelmChartContainer - [hivemq-test-hivemq-platform] [hivemq-platform-operator] [2dcba512] 23:39:43.816 [ReconcilerExecutor-hivemq-controller-108] INFO  c.h.p.o.h.HiveMQPlatformReconcilerBaseHandler - [helmrest] HiveMQ Platform is starting, 0 of 1 replicas are ready
2025-01-28 23:39:44,079 INFO c.h.h.t.HelmChartContainer - [test-hivemq-platform] [hivemq] [abb0db10] INFO  - [HiveMQ Platform Operator Init 1.7.0-SNAPSHOT] HiveMQ Platform Operator Init 1.7.0-SNAPSHOT (commit: bebf408 on branch: HEAD) built on Sun Jan 26 20:47:47 UTC 2025
2025-01-28 23:39:45,266 INFO c.h.h.t.HelmChartContainer - [test-hivemq-platform] [hivemq] [abb0db10] INFO  - [HiveMQ Platform Operator Init App 1.7.0-SNAPSHOT] Using bind address 10.42.0.13 from environment variable
2025-01-28 23:39:46,162 INFO c.h.h.t.HelmChartContainer - [test-hivemq-platform] [hivemq] [abb0db10] INFO  - [HiveMQ Platform Operator Init App 1.7.0-SNAPSHOT] HiveMQ Platform Operator Init App 1.7.0-SNAPSHOT (commit: bebf408 on branch: HEAD) built on Sun Jan 26 20:47:47 UTC 2025
2025-01-28 23:39:46,162 INFO c.h.h.t.HelmChartContainer - [test-hivemq-platform] [hivemq] [abb0db10] INFO  - [HiveMQ Platform Operator Init App 1.7.0-SNAPSHOT] PodInfo ConfigMap directory: /etc/podinfo
2025-01-28 23:39:46,162 INFO c.h.h.t.HelmChartContainer - [test-hivemq-platform] [hivemq] [abb0db10] INFO  - [HiveMQ Platform Operator Init App 1.7.0-SNAPSHOT] HiveMQ home directory: /opt/hivemq
2025-01-28 23:39:46,162 INFO c.h.h.t.HelmChartContainer - [test-hivemq-platform] [hivemq] [abb0db10] INFO  - [HiveMQ Platform Operator Init App 1.7.0-SNAPSHOT] HiveMQ Logback folder: /opt/hivemq/conf
2025-01-28 23:39:46,162 INFO c.h.h.t.HelmChartContainer - [test-hivemq-platform] [hivemq] [abb0db10] INFO  - [HiveMQ Platform Operator Init App 1.7.0-SNAPSHOT] HiveMQ Config folder: /opt/hivemq/conf-k8s
2025-01-28 23:39:46,163 INFO c.h.h.t.HelmChartContainer - [test-hivemq-platform] [hivemq] [abb0db10] INFO  - [HiveMQ Platform Operator Init App 1.7.0-SNAPSHOT] Starting HiveMQ Platform Operator Init App
2025-01-28 23:39:46,163 INFO c.h.h.t.HelmChartContainer - [test-hivemq-platform] [hivemq] [abb0db10] INFO  - [HiveMQ Platform Operator Init App 1.7.0-SNAPSHOT] Starting Pod reconciler
2025-01-28 23:39:47,369 INFO c.h.h.t.HelmChartContainer - [test-hivemq-platform] [hivemq] [abb0db10] INFO  - [HiveMQ Platform Operator Init App 1.7.0-SNAPSHOT] Pod reconciler is scheduled (interval: 5000 ms)
2025-01-28 23:39:47,370 INFO c.h.h.t.HelmChartContainer - [test-hivemq-platform] [hivemq] [abb0db10] INFO  - [HiveMQ Platform Operator Init App 1.7.0-SNAPSHOT] Starting the REST API on 10.42.0.13:7979
2025-01-28 23:39:47,372 INFO c.h.h.t.HelmChartContainer - [test-hivemq-platform] [hivemq] [abb0db10] INFO  - [HiveMQ Platform Operator Init App 1.7.0-SNAPSHOT] Waiting up to 600s for at most 1 HiveMQ nodes in cluster service hivemq-test-hivemq-platform-cluster.helmrestapiit.svc
2025-01-28 23:39:47,757 INFO c.h.h.t.HelmChartContainer - [test-hivemq-platform] [hivemq] [abb0db10] INFO  - [HiveMQ Platform Operator Init App 1.7.0-SNAPSHOT] Resolved 1 IP addresses: [10.42.0.13]
2025-01-28 23:39:47,757 INFO c.h.h.t.HelmChartContainer - [test-hivemq-platform] [hivemq] [abb0db10] INFO  - [HiveMQ Platform Operator Init App 1.7.0-SNAPSHOT] HiveMQ node count of 1 is within threshold of 1
2025-01-28 23:39:47,757 INFO c.h.h.t.HelmChartContainer - [test-hivemq-platform] [hivemq] [abb0db10] INFO  - [HiveMQ Platform Operator Init App 1.7.0-SNAPSHOT] Proceeding with container start
2025-01-28 23:39:47,851 INFO c.h.h.t.HelmChartContainer - [test-hivemq-platform] [hivemq] [abb0db10] INFO  - [HiveMQ Platform Operator Init App 1.7.0-SNAPSHOT] Initializing HiveMQ Platform extensions with initial configuration: {hivemq-allow-all-extension={start-priority=-1, skip-https-hostname-verification=false, restart=true, config-version=0, header-version=0, c-uri=, priority=-1, uri=preinstalled, skip-https-certificate-validation=false, enabled=true}, hivemq-prometheus-extension={request-header-path=no-request-headers, uri=preinstalled, skip-https-certificate-validation=false, skip-https-hostname-verification=false, c-uri=, start-priority=-1, priority=-1, restart=true, enabled=true}}
2025-01-28 23:39:48,354 INFO c.h.h.t.HelmChartContainer - [test-hivemq-platform] [hivemq] [abb0db10] INFO  - [HiveMQ Platform Operator Init App 1.7.0-SNAPSHOT] Extension hivemq-allow-all-extension was already enabled
2025-01-28 23:39:48,375 INFO c.h.h.t.HelmChartContainer - [test-hivemq-platform] [hivemq] [abb0db10] INFO  - [HiveMQ Platform Operator Init App 1.7.0-SNAPSHOT] Successfully enabled extension hivemq-prometheus-extension
2025-01-28 23:39:48,376 INFO c.h.h.t.HelmChartContainer - [test-hivemq-platform] [hivemq] [abb0db10] INFO  - [HiveMQ Platform Operator Init App 1.7.0-SNAPSHOT] Starting HiveMQ Platform version 4.36.0 (4.36.0)
2025-01-28 23:39:48,376 INFO c.h.h.t.HelmChartContainer - [test-hivemq-platform] [hivemq] [abb0db10] INFO  - [HiveMQ Platform Operator Init App 1.7.0-SNAPSHOT] Configuring the HiveMQ Platform
2025-01-28 23:39:48,455 INFO c.h.h.t.HelmChartContainer - [test-hivemq-platform] [hivemq] [abb0db10] INFO  - [HiveMQ Platform Operator Init App 1.7.0-SNAPSHOT] Changed logback.xml file scan period to 20 seconds
2025-01-28 23:39:48,547 INFO c.h.h.t.HelmChartContainer - [test-hivemq-platform] [hivemq] [abb0db10] INFO  - [HiveMQ Platform Operator Init App 1.7.0-SNAPSHOT] Starting the HiveMQ Platform
2025-01-28 23:39:48,550 INFO c.h.h.t.HelmChartContainer - [test-hivemq-platform] [hivemq] [abb0db10] -------------------------------------------------------------------------
2025-01-28 23:39:48,550 INFO c.h.h.t.HelmChartContainer - [test-hivemq-platform] [hivemq] [abb0db10] 
2025-01-28 23:39:48,550 INFO c.h.h.t.HelmChartContainer - [test-hivemq-platform] [hivemq] [abb0db10]                   _    _  _              __  __   ____
2025-01-28 23:39:48,550 INFO c.h.h.t.HelmChartContainer - [test-hivemq-platform] [hivemq] [abb0db10]                  | |  | |(_)            |  \/  | / __ \
2025-01-28 23:39:48,550 INFO c.h.h.t.HelmChartContainer - [test-hivemq-platform] [hivemq] [abb0db10]                  | |__| | _ __   __ ___ | \  / || |  | |
2025-01-28 23:39:48,550 INFO c.h.h.t.HelmChartContainer - [test-hivemq-platform] [hivemq] [abb0db10]                  |  __  || |\ \ / // _ \| |\/| || |  | |
2025-01-28 23:39:48,550 INFO c.h.h.t.HelmChartContainer - [test-hivemq-platform] [hivemq] [abb0db10]                  | |  | || | \ V /|  __/| |  | || |__| |
2025-01-28 23:39:48,550 INFO c.h.h.t.HelmChartContainer - [test-hivemq-platform] [hivemq] [abb0db10]                  |_|  |_||_|  \_/  \___||_|  |_| \___\_\
2025-01-28 23:39:48,550 INFO c.h.h.t.HelmChartContainer - [test-hivemq-platform] [hivemq] [abb0db10] 
2025-01-28 23:39:48,550 INFO c.h.h.t.HelmChartContainer - [test-hivemq-platform] [hivemq] [abb0db10] -------------------------------------------------------------------------
2025-01-28 23:39:48,550 INFO c.h.h.t.HelmChartContainer - [test-hivemq-platform] [hivemq] [abb0db10] 
2025-01-28 23:39:48,550 INFO c.h.h.t.HelmChartContainer - [test-hivemq-platform] [hivemq] [abb0db10]   HiveMQ Start Script for Linux/Unix v1.14
2025-01-28 23:39:48,550 INFO c.h.h.t.HelmChartContainer - [test-hivemq-platform] [hivemq] [abb0db10] 
2025-01-28 23:39:48,649 INFO c.h.h.t.HelmChartContainer - [test-hivemq-platform] [hivemq] [abb0db10] -------------------------------------------------------------------------
2025-01-28 23:39:48,649 INFO c.h.h.t.HelmChartContainer - [test-hivemq-platform] [hivemq] [abb0db10] 
2025-01-28 23:39:48,649 INFO c.h.h.t.HelmChartContainer - [test-hivemq-platform] [hivemq] [abb0db10]   HIVEMQ_HOME: /opt/hivemq
2025-01-28 23:39:48,649 INFO c.h.h.t.HelmChartContainer - [test-hivemq-platform] [hivemq] [abb0db10] 
2025-01-28 23:39:48,649 INFO c.h.h.t.HelmChartContainer - [test-hivemq-platform] [hivemq] [abb0db10]   JAVA_OPTS: -XX:+UnlockExperimentalVMOptions -XX:InitialRAMPercentage=50 -XX:MaxRAMPercentage=50 -Djava.net.preferIPv4Stack=true --add-opens java.base/java.lang=ALL-UNNAMED --add-opens java.base/java.nio=ALL-UNNAMED --add-opens java.base/sun.nio.ch=ALL-UNNAMED --add-opens jdk.management/com.sun.management.internal=ALL-UNNAMED --add-exports java.base/jdk.internal.misc=ALL-UNNAMED -Djava.security.egd=file:/dev/./urandom -Dcom.sun.management.jmxremote -Dcom.sun.management.jmxremote.port=9010 -Dcom.sun.management.jmxremote.local.only=false -Dcom.sun.management.jmxremote.authenticate=false -Dcom.sun.management.jmxremote.ssl=false -Duser.language=en -Duser.region=US -XX:+CrashOnOutOfMemoryError -XX:+HeapDumpOnOutOfMemoryError
2025-01-28 23:39:48,649 INFO c.h.h.t.HelmChartContainer - [test-hivemq-platform] [hivemq] [abb0db10] 
2025-01-28 23:39:48,649 INFO c.h.h.t.HelmChartContainer - [test-hivemq-platform] [hivemq] [abb0db10]   JAVA_VERSION: 21
2025-01-28 23:39:48,649 INFO c.h.h.t.HelmChartContainer - [test-hivemq-platform] [hivemq] [abb0db10] 
2025-01-28 23:39:48,649 INFO c.h.h.t.HelmChartContainer - [test-hivemq-platform] [hivemq] [abb0db10] -------------------------------------------------------------------------
2025-01-28 23:39:48,649 INFO c.h.h.t.HelmChartContainer - [test-hivemq-platform] [hivemq] [abb0db10] 
2025-01-28 23:39:49,870 INFO c.h.h.t.HelmChartContainer - [test-hivemq-platform] [hivemq] [abb0db10] INFO  - [HiveMQ Platform Operator Init App 1.7.0-SNAPSHOT] Returning default Health API response 503 for readiness
2025-01-28 23:39:50,176 INFO c.h.h.t.HelmChartContainer - [EVENT] Warning [Unhealthy] Readiness probe failed: HTTP probe failed with statuscode: 503 [helmrestapiit:test-hivemq-platform-0]
2025-01-28 23:39:50,176 INFO c.h.h.t.HelmChartContainer - Received Unhealthy event for container hivemq in pod test-hivemq-platform-0 [abb0db10-0686-4c8b-9672-1187a03dbb3a]
2025-01-28 23:39:51,272 INFO c.h.h.t.HelmChartContainer - [test-hivemq-platform] [hivemq] [abb0db10] INFO  - Starting HiveMQ Enterprise Server
2025-01-28 23:39:51,278 INFO c.h.h.t.HelmChartContainer - [test-hivemq-platform] [hivemq] [abb0db10] INFO  - HiveMQ version: 4.36.0
2025-01-28 23:39:51,278 INFO c.h.h.t.HelmChartContainer - [test-hivemq-platform] [hivemq] [abb0db10] INFO  - HiveMQ home directory: /opt/hivemq
2025-01-28 23:39:51,278 INFO c.h.h.t.HelmChartContainer - [test-hivemq-platform] [hivemq] [abb0db10] INFO  - Log Configuration was overridden by /opt/hivemq/conf/logback.xml
2025-01-28 23:39:52,478 INFO c.h.h.t.HelmChartContainer - [test-hivemq-platform] [hivemq] [abb0db10] INFO  - Successfully loaded configuration from '/opt/hivemq/conf-k8s/config.xml'.
2025-01-28 23:39:53,252 INFO c.h.h.t.HelmChartContainer - [test-hivemq-platform] [hivemq] [abb0db10] INFO  - This node's ID is oKkPS
2025-01-28 23:39:53,252 INFO c.h.h.t.HelmChartContainer - [test-hivemq-platform] [hivemq] [abb0db10] INFO  - Clustering is enabled
2025-01-28 23:39:53,826 INFO c.h.h.t.HelmChartContainer - [hivemq-test-hivemq-platform] [hivemq-platform-operator] [2dcba512] 23:39:53.821 [pool-6-thread-16] DEBUG c.h.p.o.d.PlatformServiceResource - [helmrest] Desired Platform services (4 services)
2025-01-28 23:39:53,826 INFO c.h.h.t.HelmChartContainer - [hivemq-test-hivemq-platform] [hivemq-platform-operator] [2dcba512] 23:39:53.822 [pool-6-thread-15] DEBUG c.h.p.o.d.PodServiceAccountResource - [helmrest] Desired PodServiceAccountResource (serviceAccountName: hivemq-platform-pod-test-hivemq-platform)
2025-01-28 23:39:53,827 INFO c.h.h.t.HelmChartContainer - [hivemq-test-hivemq-platform] [hivemq-platform-operator] [2dcba512] 23:39:53.824 [pool-6-thread-14] DEBUG c.h.p.o.dependants.PodInfoConfigMap - [helmrest] Desired PodInfo ConfigMap (1 extensions) (1 enabled)
2025-01-28 23:39:53,827 INFO c.h.h.t.HelmChartContainer - [hivemq-test-hivemq-platform] [hivemq-platform-operator] [2dcba512] 23:39:53.824 [pool-6-thread-14] DEBUG c.h.p.o.dependants.PodInfoConfigMap - [helmrest] Desired PodInfo ConfigMap (metrics port: 9399) (metrics path: /)
2025-01-28 23:39:53,827 INFO c.h.h.t.HelmChartContainer - [hivemq-test-hivemq-platform] [hivemq-platform-operator] [2dcba512] 23:39:53.824 [pool-6-thread-14] DEBUG c.h.p.o.dependants.PodInfoConfigMap - [helmrest] Desired PodInfo ConfigMap (extension state hash: -1817474005)
2025-01-28 23:39:53,831 INFO c.h.h.t.HelmChartContainer - [hivemq-test-hivemq-platform] [hivemq-platform-operator] [2dcba512] 23:39:53.830 [pool-6-thread-16] DEBUG c.h.p.o.d.StatefulSetResource - [helmrest] Desired StatefulSet (1 replicas) for status STARTING (READY)
2025-01-28 23:39:53,914 INFO c.h.h.t.HelmChartContainer - [hivemq-test-hivemq-platform] [hivemq-platform-operator] [2dcba512] 23:39:53.913 [ReconcilerExecutor-hivemq-controller-109] INFO  c.h.p.o.HiveMQPlatformReconciler - [helmrest] Reconciling HiveMQ Platform 'test-hivemq-platform' in namespace 'helmrestapiit'
2025-01-28 23:39:53,916 INFO c.h.h.t.HelmChartContainer - [hivemq-test-hivemq-platform] [hivemq-platform-operator] [2dcba512] 23:39:53.913 [ReconcilerExecutor-hivemq-controller-109] DEBUG c.h.p.o.HiveMQPlatformReconciler - [helmrest] Custom Resource Status STARTING - HiveMQ Platform is starting (READY)
2025-01-28 23:39:53,917 INFO c.h.h.t.HelmChartContainer - [hivemq-test-hivemq-platform] [hivemq-platform-operator] [2dcba512] 23:39:53.913 [ReconcilerExecutor-hivemq-controller-109] DEBUG c.h.p.o.HiveMQPlatformReconciler - [helmrest] Custom Resource Spec (replicas: 1) (extensions: 1)
2025-01-28 23:39:53,917 INFO c.h.h.t.HelmChartContainer - [hivemq-test-hivemq-platform] [hivemq-platform-operator] [2dcba512] 23:39:53.915 [ReconcilerExecutor-hivemq-controller-109] DEBUG c.h.p.o.HiveMQPlatformReconciler - [helmrest] StatefulSet Status (revision: test-hivemq-platform-5997c57dcb, replicas: 1, available: 0, ready: 0, current: 1, updated: 1)
2025-01-28 23:39:53,917 INFO c.h.h.t.HelmChartContainer - [hivemq-test-hivemq-platform] [hivemq-platform-operator] [2dcba512] 23:39:53.915 [ReconcilerExecutor-hivemq-controller-109] DEBUG c.h.p.o.HiveMQPlatformReconciler - [helmrest] StatefulSet Spec (replicas: 1, init containers: 1, containers: 1, volumes: 3)
2025-01-28 23:39:53,918 INFO c.h.h.t.HelmChartContainer - [hivemq-test-hivemq-platform] [hivemq-platform-operator] [2dcba512] 23:39:53.917 [ReconcilerExecutor-hivemq-controller-109] DEBUG c.h.p.o.h.HiveMQPlatformReconcilerErrorHandler - [helmrest] Pod 'test-hivemq-platform-0' phase Running
2025-01-28 23:39:53,919 INFO c.h.h.t.HelmChartContainer - [hivemq-test-hivemq-platform] [hivemq-platform-operator] [2dcba512] 23:39:53.918 [ReconcilerExecutor-hivemq-controller-109] INFO  c.h.p.o.h.HiveMQPlatformReconcilerBaseHandler - [helmrest] HiveMQ Platform is starting, 0 of 1 replicas are ready
2025-01-28 23:39:55,173 INFO c.h.h.t.HelmChartContainer - [test-hivemq-platform] [hivemq] [abb0db10] WARN  - [HiveMQ Platform Operator Init App 1.7.0-SNAPSHOT] Cannot connect to Health API for readiness: null
2025-01-28 23:39:55,178 INFO c.h.h.t.HelmChartContainer - [EVENT] Warning [Unhealthy] Readiness probe failed: HTTP probe failed with statuscode: 503 [helmrestapiit:test-hivemq-platform-0]
2025-01-28 23:39:55,178 INFO c.h.h.t.HelmChartContainer - Received Unhealthy event for container hivemq in pod test-hivemq-platform-0 [abb0db10-0686-4c8b-9672-1187a03dbb3a]
2025-01-28 23:39:57,670 INFO c.h.h.t.HelmChartContainer - [test-hivemq-platform] [hivemq] [abb0db10] Jan 28, 2025 11:39:57 PM io.vertx.core.impl.BlockedThreadChecker
2025-01-28 23:39:57,670 INFO c.h.h.t.HelmChartContainer - [test-hivemq-platform] [hivemq] [abb0db10] WARNING: Thread Thread[vert.x-eventloop-thread-1,5,main] has been blocked for 2798 ms, time limit is 2000 ms
2025-01-28 23:39:57,869 INFO c.h.h.t.HelmChartContainer - [test-hivemq-platform] [hivemq] [abb0db10] INFO  - [HiveMQ Platform Operator Init App 1.7.0-SNAPSHOT] Updating Pod HiveMQ Platform Operator Init App version annotation (version: 1.7.0-SNAPSHOT)
2025-01-28 23:39:58,481 INFO c.h.h.t.HelmChartContainer - [POD] test-hivemq-platform-0 [abb0db10-0686-4c8b-9672-1187a03dbb3a] in helmrestapiit was MODIFIED
2025-01-28 23:39:58,488 INFO c.h.h.t.HelmChartContainer - [hivemq-test-hivemq-platform] [hivemq-platform-operator] [2dcba512] 23:39:58.487 [pool-6-thread-25] DEBUG c.h.p.o.d.PlatformServiceResource - [helmrest] Desired Platform services (4 services)
2025-01-28 23:39:58,489 INFO c.h.h.t.HelmChartContainer - [hivemq-test-hivemq-platform] [hivemq-platform-operator] [2dcba512] 23:39:58.488 [pool-6-thread-29] DEBUG c.h.p.o.dependants.PodInfoConfigMap - [helmrest] Desired PodInfo ConfigMap (1 extensions) (1 enabled)
2025-01-28 23:39:58,491 INFO c.h.h.t.HelmChartContainer - [hivemq-test-hivemq-platform] [hivemq-platform-operator] [2dcba512] 23:39:58.489 [pool-6-thread-29] DEBUG c.h.p.o.dependants.PodInfoConfigMap - [helmrest] Desired PodInfo ConfigMap (metrics port: 9399) (metrics path: /)
2025-01-28 23:39:58,491 INFO c.h.h.t.HelmChartContainer - [hivemq-test-hivemq-platform] [hivemq-platform-operator] [2dcba512] 23:39:58.490 [pool-6-thread-29] DEBUG c.h.p.o.dependants.PodInfoConfigMap - [helmrest] Desired PodInfo ConfigMap (extension state hash: -1817474005)
2025-01-28 23:39:58,494 INFO c.h.h.t.HelmChartContainer - [hivemq-test-hivemq-platform] [hivemq-platform-operator] [2dcba512] 23:39:58.491 [pool-6-thread-26] DEBUG c.h.p.o.d.PodServiceAccountResource - [helmrest] Desired PodServiceAccountResource (serviceAccountName: hivemq-platform-pod-test-hivemq-platform)
2025-01-28 23:39:58,498 INFO c.h.h.t.HelmChartContainer - [hivemq-test-hivemq-platform] [hivemq-platform-operator] [2dcba512] 23:39:58.497 [pool-6-thread-21] DEBUG c.h.p.o.d.StatefulSetResource - [helmrest] Desired StatefulSet (1 replicas) for status STARTING (READY)
2025-01-28 23:39:58,515 INFO c.h.h.t.HelmChartContainer - [hivemq-test-hivemq-platform] [hivemq-platform-operator] [2dcba512] 23:39:58.513 [ReconcilerExecutor-hivemq-controller-110] INFO  c.h.p.o.HiveMQPlatformReconciler - [helmrest] Reconciling HiveMQ Platform 'test-hivemq-platform' in namespace 'helmrestapiit'
2025-01-28 23:39:58,515 INFO c.h.h.t.HelmChartContainer - [hivemq-test-hivemq-platform] [hivemq-platform-operator] [2dcba512] 23:39:58.513 [ReconcilerExecutor-hivemq-controller-110] DEBUG c.h.p.o.HiveMQPlatformReconciler - [helmrest] Custom Resource Status STARTING - HiveMQ Platform is starting (READY)
2025-01-28 23:39:58,515 INFO c.h.h.t.HelmChartContainer - [hivemq-test-hivemq-platform] [hivemq-platform-operator] [2dcba512] 23:39:58.513 [ReconcilerExecutor-hivemq-controller-110] DEBUG c.h.p.o.HiveMQPlatformReconciler - [helmrest] Custom Resource Spec (replicas: 1) (extensions: 1)
2025-01-28 23:39:58,516 INFO c.h.h.t.HelmChartContainer - [hivemq-test-hivemq-platform] [hivemq-platform-operator] [2dcba512] 23:39:58.515 [ReconcilerExecutor-hivemq-controller-110] DEBUG c.h.p.o.HiveMQPlatformReconciler - [helmrest] StatefulSet Status (revision: test-hivemq-platform-5997c57dcb, replicas: 1, available: 0, ready: 0, current: 1, updated: 1)
2025-01-28 23:39:58,517 INFO c.h.h.t.HelmChartContainer - [hivemq-test-hivemq-platform] [hivemq-platform-operator] [2dcba512] 23:39:58.515 [ReconcilerExecutor-hivemq-controller-110] DEBUG c.h.p.o.HiveMQPlatformReconciler - [helmrest] StatefulSet Spec (replicas: 1, init containers: 1, containers: 1, volumes: 3)
2025-01-28 23:39:58,517 INFO c.h.h.t.HelmChartContainer - [hivemq-test-hivemq-platform] [hivemq-platform-operator] [2dcba512] 23:39:58.516 [ReconcilerExecutor-hivemq-controller-110] DEBUG c.h.p.o.h.HiveMQPlatformReconcilerErrorHandler - [helmrest] Pod 'test-hivemq-platform-0' phase Running
2025-01-28 23:39:58,518 INFO c.h.h.t.HelmChartContainer - [hivemq-test-hivemq-platform] [hivemq-platform-operator] [2dcba512] 23:39:58.517 [ReconcilerExecutor-hivemq-controller-110] INFO  c.h.p.o.h.HiveMQPlatformReconcilerBaseHandler - [helmrest] HiveMQ Platform is starting, 0 of 1 replicas are ready
2025-01-28 23:39:58,549 INFO c.h.h.t.HelmChartContainer - [test-hivemq-platform] [hivemq] [abb0db10] WARN  - [HiveMQ Platform Operator Init App 1.7.0-SNAPSHOT] Cannot connect to Health API for readiness: null
2025-01-28 23:39:58,554 INFO c.h.h.t.HelmChartContainer - [EVENT] Warning [Unhealthy] Readiness probe failed: HTTP probe failed with statuscode: 503 [helmrestapiit:test-hivemq-platform-0]
2025-01-28 23:39:58,554 INFO c.h.h.t.HelmChartContainer - Received Unhealthy event for container hivemq in pod test-hivemq-platform-0 [abb0db10-0686-4c8b-9672-1187a03dbb3a]
2025-01-28 23:39:58,571 INFO c.h.h.t.HelmChartContainer - [test-hivemq-platform] [hivemq] [abb0db10] INFO  - [HiveMQ Platform Operator Init App 1.7.0-SNAPSHOT] Successfully updated Pod HiveMQ Platform Operator Init App version annotation (version: 1.7.0-SNAPSHOT)
2025-01-28 23:40:03,487 INFO c.h.h.t.HelmChartContainer - [test-hivemq-platform] [hivemq] [abb0db10] WARN  - [HiveMQ Platform Operator Init App 1.7.0-SNAPSHOT] Cannot connect to Health API for readiness: null
2025-01-28 23:40:03,491 INFO c.h.h.t.HelmChartContainer - [EVENT] Warning [Unhealthy] Readiness probe failed: HTTP probe failed with statuscode: 503 [helmrestapiit:test-hivemq-platform-0]
2025-01-28 23:40:03,491 INFO c.h.h.t.HelmChartContainer - Received Unhealthy event for container hivemq in pod test-hivemq-platform-0 [abb0db10-0686-4c8b-9672-1187a03dbb3a]
2025-01-28 23:40:08,521 INFO c.h.h.t.HelmChartContainer - [hivemq-test-hivemq-platform] [hivemq-platform-operator] [2dcba512] 23:40:08.520 [pool-6-thread-37] DEBUG c.h.p.o.d.PlatformServiceResource - [helmrest] Desired Platform services (4 services)
2025-01-28 23:40:08,523 INFO c.h.h.t.HelmChartContainer - [hivemq-test-hivemq-platform] [hivemq-platform-operator] [2dcba512] 23:40:08.522 [pool-6-thread-33] DEBUG c.h.p.o.d.PodServiceAccountResource - [helmrest] Desired PodServiceAccountResource (serviceAccountName: hivemq-platform-pod-test-hivemq-platform)
2025-01-28 23:40:08,526 INFO c.h.h.t.HelmChartContainer - [hivemq-test-hivemq-platform] [hivemq-platform-operator] [2dcba512] 23:40:08.525 [pool-6-thread-32] DEBUG c.h.p.o.dependants.PodInfoConfigMap - [helmrest] Desired PodInfo ConfigMap (1 extensions) (1 enabled)
2025-01-28 23:40:08,527 INFO c.h.h.t.HelmChartContainer - [hivemq-test-hivemq-platform] [hivemq-platform-operator] [2dcba512] 23:40:08.525 [pool-6-thread-32] DEBUG c.h.p.o.dependants.PodInfoConfigMap - [helmrest] Desired PodInfo ConfigMap (metrics port: 9399) (metrics path: /)
2025-01-28 23:40:08,528 INFO c.h.h.t.HelmChartContainer - [hivemq-test-hivemq-platform] [hivemq-platform-operator] [2dcba512] 23:40:08.525 [pool-6-thread-32] DEBUG c.h.p.o.dependants.PodInfoConfigMap - [helmrest] Desired PodInfo ConfigMap (extension state hash: -1817474005)
2025-01-28 23:40:08,531 INFO c.h.h.t.HelmChartContainer - [hivemq-test-hivemq-platform] [hivemq-platform-operator] [2dcba512] 23:40:08.530 [pool-6-thread-37] DEBUG c.h.p.o.d.StatefulSetResource - [helmrest] Desired StatefulSet (1 replicas) for status STARTING (READY)
2025-01-28 23:40:08,536 INFO c.h.h.t.HelmChartContainer - [hivemq-test-hivemq-platform] [hivemq-platform-operator] [2dcba512] 23:40:08.534 [ReconcilerExecutor-hivemq-controller-111] INFO  c.h.p.o.HiveMQPlatformReconciler - [helmrest] Reconciling HiveMQ Platform 'test-hivemq-platform' in namespace 'helmrestapiit'
2025-01-28 23:40:08,536 INFO c.h.h.t.HelmChartContainer - [hivemq-test-hivemq-platform] [hivemq-platform-operator] [2dcba512] 23:40:08.535 [ReconcilerExecutor-hivemq-controller-111] DEBUG c.h.p.o.HiveMQPlatformReconciler - [helmrest] Custom Resource Status STARTING - HiveMQ Platform is starting (READY)
2025-01-28 23:40:08,536 INFO c.h.h.t.HelmChartContainer - [hivemq-test-hivemq-platform] [hivemq-platform-operator] [2dcba512] 23:40:08.535 [ReconcilerExecutor-hivemq-controller-111] DEBUG c.h.p.o.HiveMQPlatformReconciler - [helmrest] Custom Resource Spec (replicas: 1) (extensions: 1)
2025-01-28 23:40:08,568 INFO c.h.h.t.HelmChartContainer - [test-hivemq-platform] [hivemq] [abb0db10] WARN  - [HiveMQ Platform Operator Init App 1.7.0-SNAPSHOT] Cannot connect to Health API for readiness: null
2025-01-28 23:40:08,573 INFO c.h.h.t.HelmChartContainer - [EVENT] Warning [Unhealthy] Readiness probe failed: HTTP probe failed with statuscode: 503 [helmrestapiit:test-hivemq-platform-0]
2025-01-28 23:40:08,573 INFO c.h.h.t.HelmChartContainer - Received Unhealthy event for container hivemq in pod test-hivemq-platform-0 [abb0db10-0686-4c8b-9672-1187a03dbb3a]
2025-01-28 23:40:08,615 INFO c.h.h.t.HelmChartContainer - [hivemq-test-hivemq-platform] [hivemq-platform-operator] [2dcba512] 23:40:08.613 [ReconcilerExecutor-hivemq-controller-111] DEBUG c.h.p.o.HiveMQPlatformReconciler - [helmrest] StatefulSet Status (revision: test-hivemq-platform-5997c57dcb, replicas: 1, available: 0, ready: 0, current: 1, updated: 1)
2025-01-28 23:40:08,615 INFO c.h.h.t.HelmChartContainer - [hivemq-test-hivemq-platform] [hivemq-platform-operator] [2dcba512] 23:40:08.613 [ReconcilerExecutor-hivemq-controller-111] DEBUG c.h.p.o.HiveMQPlatformReconciler - [helmrest] StatefulSet Spec (replicas: 1, init containers: 1, containers: 1, volumes: 3)
2025-01-28 23:40:08,617 INFO c.h.h.t.HelmChartContainer - [hivemq-test-hivemq-platform] [hivemq-platform-operator] [2dcba512] 23:40:08.616 [ReconcilerExecutor-hivemq-controller-111] DEBUG c.h.p.o.h.HiveMQPlatformReconcilerErrorHandler - [helmrest] Pod 'test-hivemq-platform-0' phase Running
2025-01-28 23:40:08,617 INFO c.h.h.t.HelmChartContainer - [hivemq-test-hivemq-platform] [hivemq-platform-operator] [2dcba512] 23:40:08.617 [ReconcilerExecutor-hivemq-controller-111] INFO  c.h.p.o.h.HiveMQPlatformReconcilerBaseHandler - [helmrest] HiveMQ Platform is starting, 0 of 1 replicas are ready
2025-01-28 23:40:10,272 INFO c.h.h.t.HelmChartContainer - [test-hivemq-platform] [hivemq] [abb0db10] INFO  - No valid license file found. Using trial license, restricted to 25 connections.
2025-01-28 23:40:10,371 INFO c.h.h.t.HelmChartContainer - [test-hivemq-platform] [hivemq] [abb0db10] WARN  - [HiveMQ Platform Operator Init App 1.7.0-SNAPSHOT] Cannot connect to Health API for liveness: null
2025-01-28 23:40:10,371 INFO c.h.h.t.HelmChartContainer - [test-hivemq-platform] [hivemq] [abb0db10] INFO  - [HiveMQ Platform Operator Init App 1.7.0-SNAPSHOT] Returning default Health API response 200 for liveness
2025-01-28 23:40:13,483 INFO c.h.h.t.HelmChartContainer - [test-hivemq-platform] [hivemq] [abb0db10] INFO  - No valid license file for Data Hub found. Using free license, restricted to 1 policy.
2025-01-28 23:40:13,570 INFO c.h.h.t.HelmChartContainer - [test-hivemq-platform] [hivemq] [abb0db10] WARN  - [HiveMQ Platform Operator Init App 1.7.0-SNAPSHOT] Cannot connect to Health API for readiness: null
2025-01-28 23:40:13,576 INFO c.h.h.t.HelmChartContainer - [EVENT] Warning [Unhealthy] Readiness probe failed: HTTP probe failed with statuscode: 503 [helmrestapiit:test-hivemq-platform-0]
2025-01-28 23:40:13,577 INFO c.h.h.t.HelmChartContainer - Received Unhealthy event for container hivemq in pod test-hivemq-platform-0 [abb0db10-0686-4c8b-9672-1187a03dbb3a]
2025-01-28 23:40:14,682 INFO c.h.h.t.HelmChartContainer - [test-hivemq-platform] [hivemq] [abb0db10] INFO  - Audit Logger started.
2025-01-28 23:40:14,974 INFO c.h.h.t.HelmChartContainer - [test-hivemq-platform] [hivemq] [abb0db10] INFO  - This node uses '1' CPU cores.
2025-01-28 23:40:14,979 INFO c.h.h.t.HelmChartContainer - [test-hivemq-platform] [hivemq] [abb0db10] INFO  - Starting HiveMQ Health API on address 0.0.0.0 and port 8889
2025-01-28 23:40:15,679 INFO c.h.h.t.HelmChartContainer - [test-hivemq-platform] [hivemq] [abb0db10] INFO  - Started HiveMQ Health API in 700ms
2025-01-28 23:40:16,301 INFO c.h.h.t.HelmChartContainer - [test-hivemq-platform] [hivemq] [abb0db10] INFO  - Starting HiveMQ extension system.
2025-01-28 23:40:16,582 INFO c.h.h.t.HelmChartContainer - [test-hivemq-platform] [hivemq] [abb0db10] INFO  - Starting extension with id "hivemq-dns-cluster-discovery" at /opt/hivemq/extensions/hivemq-dns-cluster-discovery
2025-01-28 23:40:17,068 INFO c.h.h.t.HelmChartContainer - [test-hivemq-platform] [hivemq] [abb0db10] INFO  - Extension "DNS Cluster Discovery Extension" version 4.3.2 started successfully.
2025-01-28 23:40:17,069 INFO c.h.h.t.HelmChartContainer - [test-hivemq-platform] [hivemq] [abb0db10] INFO  - Starting extension with id "hivemq-prometheus-extension" at /opt/hivemq/extensions/hivemq-prometheus-extension
2025-01-28 23:40:17,174 INFO c.h.h.t.HelmChartContainer - [test-hivemq-platform] [hivemq] [abb0db10] INFO  - Using TCP cluster transport on address 10.42.0.13 and port 7000
2025-01-28 23:40:17,268 INFO c.h.h.t.HelmChartContainer - [test-hivemq-platform] [hivemq] [abb0db10] INFO  - Using extension cluster discovery
2025-01-28 23:40:17,971 INFO c.h.h.t.HelmChartContainer - [test-hivemq-platform] [hivemq] [abb0db10] INFO  - Started Jetty Server exposing Prometheus Servlet on URI http://0.0.0.0:9399/
2025-01-28 23:40:17,972 INFO c.h.h.t.HelmChartContainer - [test-hivemq-platform] [hivemq] [abb0db10] INFO  - Extension "Prometheus Monitoring Extension" version 4.0.12 started successfully.
2025-01-28 23:40:17,972 INFO c.h.h.t.HelmChartContainer - [test-hivemq-platform] [hivemq] [abb0db10] INFO  - Starting extension with id "hivemq-allow-all-extension" at /opt/hivemq/extensions/hivemq-allow-all-extension
2025-01-28 23:40:17,972 INFO c.h.h.t.HelmChartContainer - [test-hivemq-platform] [hivemq] [abb0db10] WARN  - 
2025-01-28 23:40:17,972 INFO c.h.h.t.HelmChartContainer - [test-hivemq-platform] [hivemq] [abb0db10] ################################################################################################################
2025-01-28 23:40:17,972 INFO c.h.h.t.HelmChartContainer - [test-hivemq-platform] [hivemq] [abb0db10] # This HiveMQ deployment is not secure! You are lacking Authentication and Authorization.                      #
2025-01-28 23:40:17,972 INFO c.h.h.t.HelmChartContainer - [test-hivemq-platform] [hivemq] [abb0db10] # Right now any MQTT client can connect to the broker with a full set of permissions.                          #
2025-01-28 23:40:17,972 INFO c.h.h.t.HelmChartContainer - [test-hivemq-platform] [hivemq] [abb0db10] # For production usage, add an appropriate security extension and remove the hivemq-allow-all extension.       #
2025-01-28 23:40:17,972 INFO c.h.h.t.HelmChartContainer - [test-hivemq-platform] [hivemq] [abb0db10] # You can download security extensions from the HiveMQ Marketplace (https://www.hivemq.com/extensions/).       #
2025-01-28 23:40:17,972 INFO c.h.h.t.HelmChartContainer - [test-hivemq-platform] [hivemq] [abb0db10] ################################################################################################################
2025-01-28 23:40:17,972 INFO c.h.h.t.HelmChartContainer - [test-hivemq-platform] [hivemq] [abb0db10] INFO  - Extension "Allow All Extension" version 1.1.1 started successfully.
2025-01-28 23:40:18,622 INFO c.h.h.t.HelmChartContainer - [hivemq-test-hivemq-platform] [hivemq-platform-operator] [2dcba512] 23:40:18.620 [pool-6-thread-41] DEBUG c.h.p.o.d.PlatformServiceResource - [helmrest] Desired Platform services (4 services)
2025-01-28 23:40:18,623 INFO c.h.h.t.HelmChartContainer - [hivemq-test-hivemq-platform] [hivemq-platform-operator] [2dcba512] 23:40:18.621 [pool-6-thread-47] DEBUG c.h.p.o.dependants.PodInfoConfigMap - [helmrest] Desired PodInfo ConfigMap (1 extensions) (1 enabled)
2025-01-28 23:40:18,623 INFO c.h.h.t.HelmChartContainer - [hivemq-test-hivemq-platform] [hivemq-platform-operator] [2dcba512] 23:40:18.622 [pool-6-thread-47] DEBUG c.h.p.o.dependants.PodInfoConfigMap - [helmrest] Desired PodInfo ConfigMap (metrics port: 9399) (metrics path: /)
2025-01-28 23:40:18,623 INFO c.h.h.t.HelmChartContainer - [hivemq-test-hivemq-platform] [hivemq-platform-operator] [2dcba512] 23:40:18.622 [pool-6-thread-47] DEBUG c.h.p.o.dependants.PodInfoConfigMap - [helmrest] Desired PodInfo ConfigMap (extension state hash: -1817474005)
2025-01-28 23:40:18,625 INFO c.h.h.t.HelmChartContainer - [hivemq-test-hivemq-platform] [hivemq-platform-operator] [2dcba512] 23:40:18.624 [pool-6-thread-43] DEBUG c.h.p.o.d.PodServiceAccountResource - [helmrest] Desired PodServiceAccountResource (serviceAccountName: hivemq-platform-pod-test-hivemq-platform)
2025-01-28 23:40:18,635 INFO c.h.h.t.HelmChartContainer - [hivemq-test-hivemq-platform] [hivemq-platform-operator] [2dcba512] 23:40:18.634 [pool-6-thread-41] DEBUG c.h.p.o.d.StatefulSetResource - [helmrest] Desired StatefulSet (1 replicas) for status STARTING (READY)
2025-01-28 23:40:18,719 INFO c.h.h.t.HelmChartContainer - [hivemq-test-hivemq-platform] [hivemq-platform-operator] [2dcba512] 23:40:18.716 [ReconcilerExecutor-hivemq-controller-112] INFO  c.h.p.o.HiveMQPlatformReconciler - [helmrest] Reconciling HiveMQ Platform 'test-hivemq-platform' in namespace 'helmrestapiit'
2025-01-28 23:40:18,719 INFO c.h.h.t.HelmChartContainer - [hivemq-test-hivemq-platform] [hivemq-platform-operator] [2dcba512] 23:40:18.717 [ReconcilerExecutor-hivemq-controller-112] DEBUG c.h.p.o.HiveMQPlatformReconciler - [helmrest] Custom Resource Status STARTING - HiveMQ Platform is starting (READY)
2025-01-28 23:40:18,719 INFO c.h.h.t.HelmChartContainer - [hivemq-test-hivemq-platform] [hivemq-platform-operator] [2dcba512] 23:40:18.717 [ReconcilerExecutor-hivemq-controller-112] DEBUG c.h.p.o.HiveMQPlatformReconciler - [helmrest] Custom Resource Spec (replicas: 1) (extensions: 1)
2025-01-28 23:40:18,721 INFO c.h.h.t.HelmChartContainer - [hivemq-test-hivemq-platform] [hivemq-platform-operator] [2dcba512] 23:40:18.720 [ReconcilerExecutor-hivemq-controller-112] DEBUG c.h.p.o.HiveMQPlatformReconciler - [helmrest] StatefulSet Status (revision: test-hivemq-platform-5997c57dcb, replicas: 1, available: 0, ready: 0, current: 1, updated: 1)
2025-01-28 23:40:18,721 INFO c.h.h.t.HelmChartContainer - [hivemq-test-hivemq-platform] [hivemq-platform-operator] [2dcba512] 23:40:18.720 [ReconcilerExecutor-hivemq-controller-112] DEBUG c.h.p.o.HiveMQPlatformReconciler - [helmrest] StatefulSet Spec (replicas: 1, init containers: 1, containers: 1, volumes: 3)
2025-01-28 23:40:18,722 INFO c.h.h.t.HelmChartContainer - [hivemq-test-hivemq-platform] [hivemq-platform-operator] [2dcba512] 23:40:18.721 [ReconcilerExecutor-hivemq-controller-112] DEBUG c.h.p.o.h.HiveMQPlatformReconcilerErrorHandler - [helmrest] Pod 'test-hivemq-platform-0' phase Running
2025-01-28 23:40:18,723 INFO c.h.h.t.HelmChartContainer - [hivemq-test-hivemq-platform] [hivemq-platform-operator] [2dcba512] 23:40:18.722 [ReconcilerExecutor-hivemq-controller-112] INFO  c.h.p.o.h.HiveMQPlatformReconcilerBaseHandler - [helmrest] HiveMQ Platform is starting, 0 of 1 replicas are ready
2025-01-28 23:40:18,870 INFO c.h.h.t.HelmChartContainer - [test-hivemq-platform] [hivemq] [abb0db10] INFO  - [HiveMQ Platform Operator Init App 1.7.0-SNAPSHOT] Returning Health API response 503 for readiness
2025-01-28 23:40:18,877 INFO c.h.h.t.HelmChartContainer - [EVENT] Warning [Unhealthy] Readiness probe failed: HTTP probe failed with statuscode: 503 [helmrestapiit:test-hivemq-platform-0]
2025-01-28 23:40:18,877 INFO c.h.h.t.HelmChartContainer - Received Unhealthy event for container hivemq in pod test-hivemq-platform-0 [abb0db10-0686-4c8b-9672-1187a03dbb3a]
2025-01-28 23:40:19,985 INFO c.h.h.t.HelmChartContainer - [test-hivemq-platform] [hivemq] [abb0db10] INFO  - oKkPS: no members discovered after 2209 ms: creating cluster as first member
2025-01-28 23:40:19,992 INFO c.h.h.t.HelmChartContainer - [test-hivemq-platform] [hivemq] [abb0db10] INFO  - Cluster nodes found by discovery: [oKkPS|0] (1) [oKkPS].
2025-01-28 23:40:20,074 INFO c.h.h.t.HelmChartContainer - [test-hivemq-platform] [hivemq] [abb0db10] INFO  - Starting HiveMQ REST API on address 0.0.0.0 and port 8890
2025-01-28 23:40:20,469 INFO c.h.h.t.HelmChartContainer - [test-hivemq-platform] [hivemq] [abb0db10] INFO  - Started HiveMQ REST API in 394ms
2025-01-28 23:40:20,469 INFO c.h.h.t.HelmChartContainer - [test-hivemq-platform] [hivemq] [abb0db10] WARN  - No user for HiveMQ Control Center configured. Starting with default user
2025-01-28 23:40:20,470 INFO c.h.h.t.HelmChartContainer - [test-hivemq-platform] [hivemq] [abb0db10] INFO  - Starting HiveMQ Control Center on address 0.0.0.0 and port 8081
2025-01-28 23:40:20,472 INFO c.h.h.t.HelmChartContainer - [test-hivemq-platform] [hivemq] [abb0db10] INFO  - Mounting HiveMQ Control Center V2 Preview
2025-01-28 23:40:20,978 INFO c.h.h.t.HelmChartContainer - [test-hivemq-platform] [hivemq] [abb0db10] INFO  - Started HiveMQ Control Center in 509ms
2025-01-28 23:40:21,068 INFO c.h.h.t.HelmChartContainer - [test-hivemq-platform] [hivemq] [abb0db10] INFO  - Starting TCP listener on address 0.0.0.0 and port 1883
2025-01-28 23:40:21,082 INFO c.h.h.t.HelmChartContainer - [test-hivemq-platform] [hivemq] [abb0db10] INFO  - Started TCP Listener on address 0.0.0.0 and on port 1883.
2025-01-28 23:40:21,082 INFO c.h.h.t.HelmChartContainer - [test-hivemq-platform] [hivemq] [abb0db10] INFO  - Started HiveMQ in 30200ms
2025-01-28 23:40:23,487 INFO c.h.h.t.HelmChartContainer - [test-hivemq-platform] [hivemq] [abb0db10] INFO  - [HiveMQ Platform Operator Init App 1.7.0-SNAPSHOT] Returning Health API response 200 for readiness
2025-01-28 23:40:23,496 INFO c.h.h.t.HelmChartContainer - [POD] test-hivemq-platform-0 [abb0db10-0686-4c8b-9672-1187a03dbb3a] in helmrestapiit was MODIFIED
2025-01-28 23:40:23,509 INFO c.h.h.t.HelmChartContainer - [hivemq-test-hivemq-platform] [hivemq-platform-operator] [2dcba512] 23:40:23.506 [pool-6-thread-8] DEBUG c.h.p.o.d.PlatformServiceResource - [helmrest] Desired Platform services (4 services)
2025-01-28 23:40:23,509 INFO c.h.h.t.HelmChartContainer - [hivemq-test-hivemq-platform] [hivemq-platform-operator] [2dcba512] 23:40:23.507 [pool-6-thread-1] DEBUG c.h.p.o.dependants.PodInfoConfigMap - [helmrest] Desired PodInfo ConfigMap (1 extensions) (1 enabled)
2025-01-28 23:40:23,509 INFO c.h.h.t.HelmChartContainer - [hivemq-test-hivemq-platform] [hivemq-platform-operator] [2dcba512] 23:40:23.507 [pool-6-thread-1] DEBUG c.h.p.o.dependants.PodInfoConfigMap - [helmrest] Desired PodInfo ConfigMap (metrics port: 9399) (metrics path: /)
2025-01-28 23:40:23,509 INFO c.h.h.t.HelmChartContainer - [hivemq-test-hivemq-platform] [hivemq-platform-operator] [2dcba512] 23:40:23.507 [pool-6-thread-1] DEBUG c.h.p.o.dependants.PodInfoConfigMap - [helmrest] Desired PodInfo ConfigMap (extension state hash: -1817474005)
2025-01-28 23:40:23,512 INFO c.h.h.t.HelmChartContainer - [hivemq-test-hivemq-platform] [hivemq-platform-operator] [2dcba512] 23:40:23.509 [pool-6-thread-3] DEBUG c.h.p.o.d.PodServiceAccountResource - [helmrest] Desired PodServiceAccountResource (serviceAccountName: hivemq-platform-pod-test-hivemq-platform)
2025-01-28 23:40:23,523 INFO c.h.h.t.HelmChartContainer - [hivemq-test-hivemq-platform] [hivemq-platform-operator] [2dcba512] 23:40:23.520 [pool-6-thread-8] DEBUG c.h.p.o.d.StatefulSetResource - [helmrest] Desired StatefulSet (1 replicas) for status STARTING (READY)
2025-01-28 23:40:23,528 INFO c.h.h.t.HelmChartContainer - [hivemq-test-hivemq-platform] [hivemq-platform-operator] [2dcba512] 23:40:23.526 [ReconcilerExecutor-hivemq-controller-113] INFO  c.h.p.o.HiveMQPlatformReconciler - [helmrest] Reconciling HiveMQ Platform 'test-hivemq-platform' in namespace 'helmrestapiit'
2025-01-28 23:40:23,528 INFO c.h.h.t.HelmChartContainer - [hivemq-test-hivemq-platform] [hivemq-platform-operator] [2dcba512] 23:40:23.526 [ReconcilerExecutor-hivemq-controller-113] DEBUG c.h.p.o.HiveMQPlatformReconciler - [helmrest] Custom Resource Status STARTING - HiveMQ Platform is starting (READY)
2025-01-28 23:40:23,528 INFO c.h.h.t.HelmChartContainer - [hivemq-test-hivemq-platform] [hivemq-platform-operator] [2dcba512] 23:40:23.526 [ReconcilerExecutor-hivemq-controller-113] DEBUG c.h.p.o.HiveMQPlatformReconciler - [helmrest] Custom Resource Spec (replicas: 1) (extensions: 1)
2025-01-28 23:40:23,528 INFO c.h.h.t.HelmChartContainer - [hivemq-test-hivemq-platform] [hivemq-platform-operator] [2dcba512] 23:40:23.527 [ReconcilerExecutor-hivemq-controller-113] DEBUG c.h.p.o.HiveMQPlatformReconciler - [helmrest] StatefulSet Status (revision: test-hivemq-platform-5997c57dcb, replicas: 1, available: 1, ready: 1, current: 1, updated: 1)
2025-01-28 23:40:23,528 INFO c.h.h.t.HelmChartContainer - [hivemq-test-hivemq-platform] [hivemq-platform-operator] [2dcba512] 23:40:23.527 [ReconcilerExecutor-hivemq-controller-113] DEBUG c.h.p.o.HiveMQPlatformReconciler - [helmrest] StatefulSet Spec (replicas: 1, init containers: 1, containers: 1, volumes: 3)
2025-01-28 23:40:23,532 INFO c.h.h.t.HelmChartContainer - [hivemq-test-hivemq-platform] [hivemq-platform-operator] [2dcba512] 23:40:23.529 [ReconcilerExecutor-hivemq-controller-113] DEBUG c.h.p.o.h.HiveMQPlatformReconcilerErrorHandler - [helmrest] Pod 'test-hivemq-platform-0' phase Running
2025-01-28 23:40:23,532 INFO c.h.h.t.HelmChartContainer - [hivemq-test-hivemq-platform] [hivemq-platform-operator] [2dcba512] 23:40:23.530 [ReconcilerExecutor-hivemq-controller-113] INFO  c.h.p.o.h.HiveMQPlatformReconcilerBaseHandler - [helmrest] HiveMQ Platform started successfully
2025-01-28 23:40:23,623 INFO c.h.h.t.HelmChartContainer - [hivemq-test-hivemq-platform] [hivemq-platform-operator] [2dcba512] 23:40:23.622 [ReconcilerExecutor-hivemq-controller-113] DEBUG c.h.p.operator.event.EventSender - [helmrest] Creating K8s event hivemq-platform-ready: [Ready] HiveMQ Platform is ready
2025-01-28 23:40:23,626 INFO c.h.h.t.HelmChartContainer - [EVENT] Normal [Ready] HiveMQ Platform is ready [helmrestapiit:test-hivemq-platform]
2025-01-28 23:40:23,628 INFO c.h.h.t.HelmChartContainer - [hivemq-test-hivemq-platform] [hivemq-platform-operator] [2dcba512] 23:40:23.627 [ReconcilerExecutor-hivemq-controller-113] INFO  c.h.p.o.h.AbstractHiveMQReconcilerStateHandler - [helmrest] Update HiveMQ Platform Status (STARTING [READY] -> RUNNING [READY]): HiveMQ Platform is ready
2025-01-28 23:40:23,636 DEBUG com.hivemq.helmcharts.util.K8sUtil - Comparing actual state 'RUNNING' and waiting for 'RUNNING'
2025-01-28 23:40:23,716 INFO c.h.h.t.HelmChartContainer - [hivemq-test-hivemq-platform] [hivemq-platform-operator] [2dcba512] 23:40:23.714 [pool-6-thread-11] DEBUG c.h.p.o.d.PlatformServiceResource - [helmrest] Desired Platform services (4 services)
2025-01-28 23:40:23,718 INFO c.h.h.t.HelmChartContainer - [hivemq-test-hivemq-platform] [hivemq-platform-operator] [2dcba512] 23:40:23.715 [pool-6-thread-15] DEBUG c.h.p.o.dependants.PodInfoConfigMap - [helmrest] Desired PodInfo ConfigMap (1 extensions) (1 enabled)
2025-01-28 23:40:23,718 INFO c.h.h.t.HelmChartContainer - [hivemq-test-hivemq-platform] [hivemq-platform-operator] [2dcba512] 23:40:23.715 [pool-6-thread-15] DEBUG c.h.p.o.dependants.PodInfoConfigMap - [helmrest] Desired PodInfo ConfigMap (metrics port: 9399) (metrics path: /)
2025-01-28 23:40:23,718 INFO c.h.h.t.HelmChartContainer - [hivemq-test-hivemq-platform] [hivemq-platform-operator] [2dcba512] 23:40:23.715 [pool-6-thread-15] DEBUG c.h.p.o.dependants.PodInfoConfigMap - [helmrest] Desired PodInfo ConfigMap (extension state hash: -1817474005)
2025-01-28 23:40:23,718 INFO c.h.h.t.HelmChartContainer - [hivemq-test-hivemq-platform] [hivemq-platform-operator] [2dcba512] 23:40:23.716 [pool-6-thread-15] DEBUG c.h.p.o.dependants.PodInfoConfigMap - [helmrest] Update PodInfo ConfigMap
2025-01-28 23:40:23,718 INFO c.h.h.t.HelmChartContainer - [hivemq-test-hivemq-platform] [hivemq-platform-operator] [2dcba512] 23:40:23.716 [pool-6-thread-17] DEBUG c.h.p.o.d.PodServiceAccountResource - [helmrest] Desired PodServiceAccountResource (serviceAccountName: hivemq-platform-pod-test-hivemq-platform)
2025-01-28 23:40:23,810 INFO c.h.h.t.HelmChartContainer - [hivemq-test-hivemq-platform] [hivemq-platform-operator] [2dcba512] 23:40:23.808 [pool-6-thread-15] DEBUG c.h.p.o.d.StatefulSetResource - [helmrest] Desired StatefulSet (1 replicas) for status RUNNING (READY)
2025-01-28 23:40:23,816 INFO c.h.h.t.HelmChartContainer - [hivemq-test-hivemq-platform] [hivemq-platform-operator] [2dcba512] 23:40:23.815 [ReconcilerExecutor-hivemq-controller-114] INFO  c.h.p.o.HiveMQPlatformReconciler - [helmrest] Reconciling HiveMQ Platform 'test-hivemq-platform' in namespace 'helmrestapiit'
2025-01-28 23:40:23,817 INFO c.h.h.t.HelmChartContainer - [hivemq-test-hivemq-platform] [hivemq-platform-operator] [2dcba512] 23:40:23.815 [ReconcilerExecutor-hivemq-controller-114] DEBUG c.h.p.o.HiveMQPlatformReconciler - [helmrest] Custom Resource Status RUNNING - HiveMQ Platform is ready (READY)
2025-01-28 23:40:23,818 INFO c.h.h.t.HelmChartContainer - [hivemq-test-hivemq-platform] [hivemq-platform-operator] [2dcba512] 23:40:23.816 [ReconcilerExecutor-hivemq-controller-114] DEBUG c.h.p.o.HiveMQPlatformReconciler - [helmrest] Custom Resource Spec (replicas: 1) (extensions: 1)
2025-01-28 23:40:23,822 INFO c.h.h.t.HelmChartContainer - [hivemq-test-hivemq-platform] [hivemq-platform-operator] [2dcba512] 23:40:23.820 [ReconcilerExecutor-hivemq-controller-114] DEBUG c.h.p.o.HiveMQPlatformReconciler - [helmrest] StatefulSet Status (revision: test-hivemq-platform-5997c57dcb, replicas: 1, available: 1, ready: 1, current: 1, updated: 1)
2025-01-28 23:40:23,823 INFO c.h.h.t.HelmChartContainer - [hivemq-test-hivemq-platform] [hivemq-platform-operator] [2dcba512] 23:40:23.821 [ReconcilerExecutor-hivemq-controller-114] DEBUG c.h.p.o.HiveMQPlatformReconciler - [helmrest] StatefulSet Spec (replicas: 1, init containers: 1, containers: 1, volumes: 3)
2025-01-28 23:40:23,825 INFO c.h.h.t.HelmChartContainer - [hivemq-test-hivemq-platform] [hivemq-platform-operator] [2dcba512] 23:40:23.823 [ReconcilerExecutor-hivemq-controller-114] DEBUG c.h.p.o.h.HiveMQPlatformReconcilerErrorHandler - [helmrest] Pod 'test-hivemq-platform-0' phase Running
2025-01-28 23:40:24,144 INFO c.h.h.t.HelmChartContainer - Uninstalling release 'test-hivemq-platform' in namespace 'helmrestapiit'...
2025-01-28 23:40:24,144 DEBUG c.h.h.t.HelmChartContainer - Executing helm command: /bin/helm --kubeconfig /etc/rancher/k3s/k3s.yaml uninstall test-hivemq-platform  --wait --timeout 5m0s --cascade foreground --namespace helmrestapiit
2025-01-28 23:40:24,345 INFO c.h.h.t.HelmChartContainer - [hivemq-test-hivemq-platform] [hivemq-platform-operator] [2dcba512] 23:40:24.327 [pool-6-thread-24] DEBUG c.h.p.o.dependants.PodInfoConfigMap - [helmrest] Desired PodInfo ConfigMap (1 extensions) (1 enabled)
2025-01-28 23:40:24,346 INFO c.h.h.t.HelmChartContainer - [hivemq-test-hivemq-platform] [hivemq-platform-operator] [2dcba512] 23:40:24.327 [pool-6-thread-24] DEBUG c.h.p.o.dependants.PodInfoConfigMap - [helmrest] Desired PodInfo ConfigMap (metrics port: 9399) (metrics path: /)
2025-01-28 23:40:24,346 INFO c.h.h.t.HelmChartContainer - [hivemq-test-hivemq-platform] [hivemq-platform-operator] [2dcba512] 23:40:24.327 [pool-6-thread-24] DEBUG c.h.p.o.dependants.PodInfoConfigMap - [helmrest] Desired PodInfo ConfigMap (extension state hash: -1817474005)
2025-01-28 23:40:24,347 INFO c.h.h.t.HelmChartContainer - [hivemq-test-hivemq-platform] [hivemq-platform-operator] [2dcba512] 23:40:24.327 [pool-6-thread-23] DEBUG c.h.p.o.d.PlatformServiceResource - [helmrest] Desired Platform services (4 services)
2025-01-28 23:40:24,347 INFO c.h.h.t.HelmChartContainer - [hivemq-test-hivemq-platform] [hivemq-platform-operator] [2dcba512] 23:40:24.328 [pool-6-thread-24] DEBUG c.h.p.o.d.PodServiceAccountResource - [helmrest] Desired PodServiceAccountResource (serviceAccountName: hivemq-platform-pod-test-hivemq-platform)
2025-01-28 23:40:24,347 INFO c.h.h.t.HelmChartContainer - [hivemq-test-hivemq-platform] [hivemq-platform-operator] [2dcba512] 23:40:24.332 [pool-6-thread-23] DEBUG c.h.p.o.d.StatefulSetResource - [helmrest] Desired StatefulSet (1 replicas) for status RUNNING (READY)
2025-01-28 23:40:24,347 INFO c.h.h.t.HelmChartContainer - [hivemq-test-hivemq-platform] [hivemq-platform-operator] [2dcba512] 23:40:24.337 [ReconcilerExecutor-hivemq-controller-115] INFO  c.h.p.o.HiveMQPlatformReconciler - [helmrest] Reconciling HiveMQ Platform 'test-hivemq-platform' in namespace 'helmrestapiit'
2025-01-28 23:40:24,347 INFO c.h.h.t.HelmChartContainer - [hivemq-test-hivemq-platform] [hivemq-platform-operator] [2dcba512] 23:40:24.337 [ReconcilerExecutor-hivemq-controller-115] DEBUG c.h.p.o.HiveMQPlatformReconciler - [helmrest] Custom Resource Status RUNNING - HiveMQ Platform is ready (READY)
2025-01-28 23:40:24,347 INFO c.h.h.t.HelmChartContainer - [hivemq-test-hivemq-platform] [hivemq-platform-operator] [2dcba512] 23:40:24.337 [ReconcilerExecutor-hivemq-controller-115] DEBUG c.h.p.o.HiveMQPlatformReconciler - [helmrest] Custom Resource Spec (replicas: 1) (extensions: 1)
2025-01-28 23:40:24,347 INFO c.h.h.t.HelmChartContainer - [hivemq-test-hivemq-platform] [hivemq-platform-operator] [2dcba512] 23:40:24.339 [ReconcilerExecutor-hivemq-controller-115] DEBUG c.h.p.o.HiveMQPlatformReconciler - [helmrest] StatefulSet Status (revision: test-hivemq-platform-5997c57dcb, replicas: 1, available: 1, ready: 1, current: 1, updated: 1)
2025-01-28 23:40:24,347 INFO c.h.h.t.HelmChartContainer - [hivemq-test-hivemq-platform] [hivemq-platform-operator] [2dcba512] 23:40:24.339 [ReconcilerExecutor-hivemq-controller-115] DEBUG c.h.p.o.HiveMQPlatformReconciler - [helmrest] StatefulSet Spec (replicas: 1, init containers: 1, containers: 1, volumes: 3)
2025-01-28 23:40:24,347 INFO c.h.h.t.HelmChartContainer - [hivemq-test-hivemq-platform] [hivemq-platform-operator] [2dcba512] 23:40:24.340 [ReconcilerExecutor-hivemq-controller-115] DEBUG c.h.p.o.h.HiveMQPlatformReconcilerErrorHandler - [helmrest] Pod 'test-hivemq-platform-0' phase Running
2025-01-28 23:40:24,417 INFO c.h.h.t.HelmChartContainer - [hivemq-test-hivemq-platform] [hivemq-platform-operator] [2dcba512] 23:40:24.416 [ReconcilerExecutor-hivemq-controller-116] INFO  c.h.p.o.HiveMQPlatformReconciler - [helmrest] Cleanup test-hivemq-platform - helmrestapiit HiveMQ Platform is shut down
2025-01-28 23:40:25,084 INFO c.h.h.t.HelmChartContainer - [POD] test-hivemq-platform-0 [abb0db10-0686-4c8b-9672-1187a03dbb3a] in helmrestapiit was MODIFIED
2025-01-28 23:40:25,089 INFO c.h.h.t.HelmChartContainer - [EVENT] Normal [Killing] Stopping container hivemq [helmrestapiit:test-hivemq-platform-0]
2025-01-28 23:40:25,089 INFO c.h.h.t.HelmChartContainer - Received Killing event for container hivemq in pod test-hivemq-platform-0 [abb0db10-0686-4c8b-9672-1187a03dbb3a]
2025-01-28 23:40:25,091 INFO c.h.h.t.HelmChartContainer - Container [test-hivemq-platform-0] [hivemq] [abb0db10-0686-4c8b-9672-1187a03dbb3a] was terminated
2025-01-28 23:40:25,091 INFO c.h.h.t.HelmChartContainer - Stopped log watcher for hivemq in pod test-hivemq-platform-0 [abb0db10-0686-4c8b-9672-1187a03dbb3a]
2025-01-28 23:40:25,096 INFO c.h.h.t.HelmChartContainer - [test-hivemq-platform] [hivemq] [abb0db10] INFO  - [HiveMQ Platform Operator Init App 1.7.0-SNAPSHOT] Shutting down
2025-01-28 23:40:25,096 INFO c.h.h.t.HelmChartContainer - [test-hivemq-platform] [hivemq] [abb0db10] INFO  - [HiveMQ Platform Operator Init App 1.7.0-SNAPSHOT] Stopping the HiveMQ Platform
2025-01-28 23:40:25,185 INFO c.h.h.t.HelmChartContainer - [test-hivemq-platform] [hivemq] [abb0db10] INFO  - Shutting down HiveMQ. Please wait, this could take a while...
2025-01-28 23:40:25,276 INFO c.h.h.t.HelmChartContainer - [test-hivemq-platform] [hivemq] [abb0db10] INFO  - Shutting down listeners and clients
2025-01-28 23:40:25,278 INFO c.h.h.t.HelmChartContainer - [test-hivemq-platform] [hivemq] [abb0db10] INFO  - Shutdown of listeners is done
2025-01-28 23:40:25,281 INFO c.h.h.t.HelmChartContainer - [test-hivemq-platform] [hivemq] [abb0db10] INFO  - No clients are connected, proceeding with shutdown
2025-01-28 23:40:26,385 INFO c.h.h.t.HelmChartContainer - Deleting namespace 'helmrestapiit'...
2025-01-28 23:40:28,372 INFO c.h.h.t.HelmChartContainer - [test-hivemq-platform] [hivemq] [abb0db10] INFO  - Shutting down extension system
2025-01-28 23:40:28,377 INFO c.h.h.t.HelmChartContainer - [test-hivemq-platform] [hivemq] [abb0db10] INFO  - Stopping extension with id hivemq-dns-cluster-discovery
2025-01-28 23:40:28,378 INFO c.h.h.t.HelmChartContainer - [test-hivemq-platform] [hivemq] [abb0db10] INFO  - Extension "DNS Cluster Discovery Extension" version 4.3.2 stopped successfully.
2025-01-28 23:40:28,378 INFO c.h.h.t.HelmChartContainer - [test-hivemq-platform] [hivemq] [abb0db10] INFO  - Stopping extension with id hivemq-prometheus-extension
2025-01-28 23:40:28,382 INFO c.h.h.t.HelmChartContainer - [test-hivemq-platform] [hivemq] [abb0db10] INFO  - Extension "Prometheus Monitoring Extension" version 4.0.12 stopped successfully.
2025-01-28 23:40:28,382 INFO c.h.h.t.HelmChartContainer - [test-hivemq-platform] [hivemq] [abb0db10] INFO  - Stopping extension with id hivemq-allow-all-extension
2025-01-28 23:40:28,382 INFO c.h.h.t.HelmChartContainer - [test-hivemq-platform] [hivemq] [abb0db10] INFO  - Extension "Allow All Extension" version 1.1.1 stopped successfully.
2025-01-28 23:40:28,484 INFO c.h.h.t.HelmChartContainer - [test-hivemq-platform] [hivemq] [abb0db10] INFO  - [HiveMQ Platform Operator Init App 1.7.0-SNAPSHOT] Returning shutdown Health API response 503 for readiness
2025-01-28 23:40:28,488 INFO c.h.h.t.HelmChartContainer - [EVENT] Warning [Unhealthy] Readiness probe failed: HTTP probe failed with statuscode: 503 [helmrestapiit:test-hivemq-platform-0]
2025-01-28 23:40:28,488 INFO c.h.h.t.HelmChartContainer - Received Unhealthy event for container hivemq in pod test-hivemq-platform-0 [abb0db10-0686-4c8b-9672-1187a03dbb3a]
2025-01-28 23:40:28,887 INFO c.h.h.t.HelmChartContainer - [K3S] [authentication.go:74] "Unable to authenticate the request" err="[invalid bearer token, serviceaccounts \"hivemq-platform-pod-test-hivemq-platform\" not found]"
2025-01-28 23:40:28,908 INFO c.h.h.t.HelmChartContainer - [K3S] [authentication.go:74] "Unable to authenticate the request" err="[invalid bearer token, serviceaccounts \"hivemq-platform-pod-test-hivemq-platform\" not found]"
2025-01-28 23:40:28,975 INFO c.h.h.t.HelmChartContainer - [test-hivemq-platform] [hivemq] [abb0db10] WARN  - [HiveMQ Platform Operator Init App 1.7.0-SNAPSHOT] Could not update Pod annotations: Failure executing: GET at: https://10.43.0.1:443/api/v1/namespaces/helmrestapiit/pods/test-hivemq-platform-0. Message: Unauthorized. Received status: Status(apiVersion=v1, code=401, details=null, kind=Status, message=Unauthorized, metadata=ListMeta(_continue=null, remainingItemCount=null, resourceVersion=null, selfLink=null, additionalProperties={}), reason=Unauthorized, status=Failure, additionalProperties={}).
2025-01-28 23:40:30,675 INFO c.h.h.t.HelmChartContainer - [test-hivemq-platform] [hivemq] [abb0db10] INFO  - Shutdown completed.
2025-01-28 23:40:31,091 INFO c.h.h.t.HelmChartContainer - [test-hivemq-platform] [hivemq] [abb0db10] INFO  - [HiveMQ Platform Operator Init App 1.7.0-SNAPSHOT] The HiveMQ Platform exited with code 143
2025-01-28 23:40:31,092 INFO c.h.h.t.HelmChartContainer - [test-hivemq-platform] [hivemq] [abb0db10] INFO  - [HiveMQ Platform Operator Init App 1.7.0-SNAPSHOT] Stopping the REST API
2025-01-28 23:40:31,097 INFO c.h.h.t.HelmChartContainer - [test-hivemq-platform] [hivemq] [abb0db10] INFO  - [HiveMQ Platform Operator Init App 1.7.0-SNAPSHOT] Shutdown complete
2025-01-28 23:40:31,476 INFO c.h.h.t.HelmChartContainer - [K3S] [stateful_set.go:466] "StatefulSet has been deleted" key="helmrestapiit/test-hivemq-platform"
2025-01-28 23:40:31,575 INFO c.h.h.t.HelmChartContainer - [POD] test-hivemq-platform-0 [abb0db10-0686-4c8b-9672-1187a03dbb3a] in helmrestapiit was MODIFIED
2025-01-28 23:40:31,677 INFO c.h.h.t.HelmChartContainer - [K3S] [reconciler_common.go:162] "operationExecutor.UnmountVolume started for volume \"operator-init\" (UniqueName: \"kubernetes.io/empty-dir/abb0db10-0686-4c8b-9672-1187a03dbb3a-operator-init\") pod \"abb0db10-0686-4c8b-9672-1187a03dbb3a\" (UID: \"abb0db10-0686-4c8b-9672-1187a03dbb3a\") "
2025-01-28 23:40:31,677 INFO c.h.h.t.HelmChartContainer - [K3S] [reconciler_common.go:162] "operationExecutor.UnmountVolume started for volume \"pod-info\" (UniqueName: \"kubernetes.io/configmap/abb0db10-0686-4c8b-9672-1187a03dbb3a-pod-info\") pod \"abb0db10-0686-4c8b-9672-1187a03dbb3a\" (UID: \"abb0db10-0686-4c8b-9672-1187a03dbb3a\") "
2025-01-28 23:40:31,677 INFO c.h.h.t.HelmChartContainer - [K3S] [reconciler_common.go:162] "operationExecutor.UnmountVolume started for volume \"kube-api-access-lzhmb\" (UniqueName: \"kubernetes.io/projected/abb0db10-0686-4c8b-9672-1187a03dbb3a-kube-api-access-lzhmb\") pod \"abb0db10-0686-4c8b-9672-1187a03dbb3a\" (UID: \"abb0db10-0686-4c8b-9672-1187a03dbb3a\") "
2025-01-28 23:40:31,677 INFO c.h.h.t.HelmChartContainer - [K3S] [reconciler_common.go:162] "operationExecutor.UnmountVolume started for volume \"broker-configuration\" (UniqueName: \"kubernetes.io/configmap/abb0db10-0686-4c8b-9672-1187a03dbb3a-broker-configuration\") pod \"abb0db10-0686-4c8b-9672-1187a03dbb3a\" (UID: \"abb0db10-0686-4c8b-9672-1187a03dbb3a\") "
2025-01-28 23:40:31,777 INFO c.h.h.t.HelmChartContainer - [K3S] [reconciler_common.go:299] "Volume detached for volume \"operator-init\" (UniqueName: \"kubernetes.io/empty-dir/abb0db10-0686-4c8b-9672-1187a03dbb3a-operator-init\") on node \"28cdbdf25764\" DevicePath \"\""
2025-01-28 23:40:31,777 INFO c.h.h.t.HelmChartContainer - [K3S] [reconciler_common.go:299] "Volume detached for volume \"pod-info\" (UniqueName: \"kubernetes.io/configmap/abb0db10-0686-4c8b-9672-1187a03dbb3a-pod-info\") on node \"28cdbdf25764\" DevicePath \"\""
2025-01-28 23:40:31,777 INFO c.h.h.t.HelmChartContainer - [K3S] [reconciler_common.go:299] "Volume detached for volume \"kube-api-access-lzhmb\" (UniqueName: \"kubernetes.io/projected/abb0db10-0686-4c8b-9672-1187a03dbb3a-kube-api-access-lzhmb\") on node \"28cdbdf25764\" DevicePath \"\""
2025-01-28 23:40:31,777 INFO c.h.h.t.HelmChartContainer - [K3S] [reconciler_common.go:299] "Volume detached for volume \"broker-configuration\" (UniqueName: \"kubernetes.io/configmap/abb0db10-0686-4c8b-9672-1187a03dbb3a-broker-configuration\") on node \"28cdbdf25764\" DevicePath \"\""
2025-01-28 23:40:31,825 INFO c.h.h.t.HelmChartContainer - [K3S] [scope.go:117] "RemoveContainer" containerID="f2b6808108d38d444e5fe277ec6887488a1ebc61acb7512d009a441ecb185cab"
2025-01-28 23:40:31,841 INFO c.h.h.t.HelmChartContainer - [POD] test-hivemq-platform-0 [abb0db10-0686-4c8b-9672-1187a03dbb3a] in helmrestapiit was MODIFIED
2025-01-28 23:40:31,845 INFO c.h.h.t.HelmChartContainer - [POD] test-hivemq-platform-0 [abb0db10-0686-4c8b-9672-1187a03dbb3a] in helmrestapiit was DELETED
2025-01-28 23:40:31,931 INFO c.h.h.t.HelmChartContainer - [K3S] [scope.go:117] "RemoveContainer" containerID="2a92de308115e7248d4372a8d31d58f243ab97bd98bd2b63f96cea18db5cb0d6"
2025-01-28 23:40:31,934 INFO c.h.h.t.HelmChartContainer - [K3S] [scope.go:117] "RemoveContainer" containerID="f2b6808108d38d444e5fe277ec6887488a1ebc61acb7512d009a441ecb185cab"
2025-01-28 23:40:31,934 INFO c.h.h.t.HelmChartContainer - [K3S] [scope.go:117] "RemoveContainer" containerID="2a92de308115e7248d4372a8d31d58f243ab97bd98bd2b63f96cea18db5cb0d6"
2025-01-28 23:40:32,143 INFO c.h.h.t.HelmChartContainer - [K3S] [kubelet_volumes.go:163] "Cleaned up orphaned pod volumes dir" podUID="abb0db10-0686-4c8b-9672-1187a03dbb3a" path="/var/lib/kubelet/pods/abb0db10-0686-4c8b-9672-1187a03dbb3a/volumes"
2025-01-28 23:40:36,715 INFO c.h.h.t.HelmChartContainer - Namespace 'helmrestapiit' deleted
2025-01-28 23:40:36,715 INFO c.h.h.t.HelmChartContainer - Release 'test-hivemq-platform' in namespace 'helmrestapiit' is uninstalled
2025-01-28 23:40:36,715 INFO c.h.h.t.HelmChartContainer - Uninstalling release 'test-hivemq-platform-operator' in namespace 'helmrestapiit-operator'...
2025-01-28 23:40:36,715 DEBUG c.h.h.t.HelmChartContainer - Executing helm command: /bin/helm --kubeconfig /etc/rancher/k3s/k3s.yaml uninstall test-hivemq-platform-operator  --wait --timeout 5m0s --cascade foreground --namespace helmrestapiit-operator
2025-01-28 23:40:36,878 INFO c.h.h.t.HelmChartContainer - [K3S] [replica_set.go:679] "Finished syncing" kind="ReplicaSet" key="helmrestapiit-operator/hivemq-test-hivemq-platform-operator-6966f96d65" duration="10.188842ms"
2025-01-28 23:40:36,879 INFO c.h.h.t.HelmChartContainer - [K3S] [replica_set.go:679] "Finished syncing" kind="ReplicaSet" key="helmrestapiit-operator/hivemq-test-hivemq-platform-operator-6966f96d65" duration="26.329µs"
2025-01-28 23:40:36,888 INFO c.h.h.t.HelmChartContainer - [POD] hivemq-test-hivemq-platform-operator-6966f96d65-x2x44 [2dcba512-92a8-4275-859a-84c162ba6090] in helmrestapiit-operator was MODIFIED
2025-01-28 23:40:36,901 INFO c.h.h.t.HelmChartContainer - [K3S] [replica_set.go:679] "Finished syncing" kind="ReplicaSet" key="helmrestapiit-operator/hivemq-test-hivemq-platform-operator-6966f96d65" duration="11.674582ms"
2025-01-28 23:40:36,901 INFO c.h.h.t.HelmChartContainer - [EVENT] Normal [Killing] Stopping container hivemq-platform-operator [helmrestapiit-operator:hivemq-test-hivemq-platform-operator-6966f96d65-x2x44]
2025-01-28 23:40:36,901 INFO c.h.h.t.HelmChartContainer - Received Killing event for container hivemq-platform-operator in pod hivemq-test-hivemq-platform-operator-6966f96d65-x2x44 [2dcba512-92a8-4275-859a-84c162ba6090]
2025-01-28 23:40:36,901 INFO c.h.h.t.HelmChartContainer - Container [hivemq-test-hivemq-platform-operator-6966f96d65-x2x44] [hivemq-platform-operator] [2dcba512-92a8-4275-859a-84c162ba6090] was terminated
2025-01-28 23:40:36,901 INFO c.h.h.t.HelmChartContainer - Stopped log watcher for hivemq-platform-operator in pod hivemq-test-hivemq-platform-operator-6966f96d65-x2x44 [2dcba512-92a8-4275-859a-84c162ba6090]
2025-01-28 23:40:36,902 INFO c.h.h.t.HelmChartContainer - [K3S] [replica_set.go:679] "Finished syncing" kind="ReplicaSet" key="helmrestapiit-operator/hivemq-test-hivemq-platform-operator-6966f96d65" duration="29.706µs"
2025-01-28 23:40:36,906 INFO c.h.h.t.HelmChartContainer - [hivemq-test-hivemq-platform] [hivemq-platform-operator] [2dcba512] 23:40:36.902 [application-shutdown-thread] INFO  c.h.p.o.HiveMQPlatformOperatorApplication - HiveMQ Platform Operator is stopping...
2025-01-28 23:40:36,906 INFO c.h.h.t.HelmChartContainer - [hivemq-test-hivemq-platform] [hivemq-platform-operator] [2dcba512] 23:40:36.902 [application-shutdown-thread] INFO  i.javaoperatorsdk.operator.Operator - Operator SDK 4.9.7 is shutting down...
2025-01-28 23:40:37,448 INFO c.h.h.t.HelmChartContainer - [K3S] [replica_set.go:679] "Finished syncing" kind="ReplicaSet" key="helmrestapiit-operator/hivemq-test-hivemq-platform-operator-6966f96d65" duration="38.272µs"
2025-01-28 23:40:37,449 INFO c.h.h.t.HelmChartContainer - [POD] hivemq-test-hivemq-platform-operator-6966f96d65-x2x44 [2dcba512-92a8-4275-859a-84c162ba6090] in helmrestapiit-operator was MODIFIED
2025-01-28 23:40:37,611 INFO c.h.h.t.HelmChartContainer - [K3S] [reconciler_common.go:162] "operationExecutor.UnmountVolume started for volume \"kube-api-access-n4vh7\" (UniqueName: \"kubernetes.io/projected/2dcba512-92a8-4275-859a-84c162ba6090-kube-api-access-n4vh7\") pod \"2dcba512-92a8-4275-859a-84c162ba6090\" (UID: \"2dcba512-92a8-4275-859a-84c162ba6090\") "
2025-01-28 23:40:37,712 INFO c.h.h.t.HelmChartContainer - [K3S] [reconciler_common.go:299] "Volume detached for volume \"kube-api-access-n4vh7\" (UniqueName: \"kubernetes.io/projected/2dcba512-92a8-4275-859a-84c162ba6090-kube-api-access-n4vh7\") on node \"28cdbdf25764\" DevicePath \"\""
2025-01-28 23:40:37,836 INFO c.h.h.t.HelmChartContainer - [K3S] [scope.go:117] "RemoveContainer" containerID="efe6f456de586d05b1b25c500acaa35a4fdcbcec718f8080efda14b2ff293f17"
2025-01-28 23:40:37,840 INFO c.h.h.t.HelmChartContainer - [K3S] [scope.go:117] "RemoveContainer" containerID="efe6f456de586d05b1b25c500acaa35a4fdcbcec718f8080efda14b2ff293f17"
2025-01-28 23:40:37,847 INFO c.h.h.t.HelmChartContainer - [K3S] [replica_set.go:679] "Finished syncing" kind="ReplicaSet" key="helmrestapiit-operator/hivemq-test-hivemq-platform-operator-6966f96d65" duration="44.504µs"
2025-01-28 23:40:37,848 INFO c.h.h.t.HelmChartContainer - [POD] hivemq-test-hivemq-platform-operator-6966f96d65-x2x44 [2dcba512-92a8-4275-859a-84c162ba6090] in helmrestapiit-operator was MODIFIED
2025-01-28 23:40:37,850 INFO c.h.h.t.HelmChartContainer - [POD] hivemq-test-hivemq-platform-operator-6966f96d65-x2x44 [2dcba512-92a8-4275-859a-84c162ba6090] in helmrestapiit-operator was DELETED
2025-01-28 23:40:37,851 INFO c.h.h.t.HelmChartContainer - [K3S] [replica_set.go:679] "Finished syncing" kind="ReplicaSet" key="helmrestapiit-operator/hivemq-test-hivemq-platform-operator-6966f96d65" duration="29.235µs"
2025-01-28 23:40:37,859 INFO c.h.h.t.HelmChartContainer - [K3S] [replica_set.go:679] "Finished syncing" kind="ReplicaSet" key="helmrestapiit-operator/hivemq-test-hivemq-platform-operator-6966f96d65" duration="5.961µs"
2025-01-28 23:40:38,142 INFO c.h.h.t.HelmChartContainer - [K3S] [kubelet_volumes.go:163] "Cleaned up orphaned pod volumes dir" podUID="2dcba512-92a8-4275-859a-84c162ba6090" path="/var/lib/kubelet/pods/2dcba512-92a8-4275-859a-84c162ba6090/volumes"
2025-01-28 23:40:38,930 INFO c.h.h.t.HelmChartContainer - Deleting namespace 'helmrestapiit-operator'...
2025-01-28 23:40:41,673 INFO c.h.h.t.HelmChartContainer - [K3S] [namespace_controller.go:187] "Namespace has been deleted" namespace="helmrestapiit"
2025-01-28 23:40:44,246 INFO c.h.h.t.HelmChartContainer - Namespace 'helmrestapiit-operator' deleted
2025-01-28 23:40:44,246 INFO c.h.h.t.HelmChartContainer - Release 'test-hivemq-platform-operator' in namespace 'helmrestapiit-operator' is uninstalled
2025-01-28 23:40:44,876 INFO c.h.helmcharts.AbstractHelmChartIT - Removed unused containers:

2025-01-28 23:40:49,162 INFO c.h.h.t.HelmChartContainer - [K3S] [namespace_controller.go:187] "Namespace has been deleted" namespace="helmrestapiit-operator"
2025-01-28 23:40:52,487 INFO c.h.helmcharts.AbstractHelmChartIT - Removed unused snapshots:
Removing snapshot sha256:03af251906410714c5aef9fa705b63f6bbc39c4a5e787de7361eeb18886c2ed2
Removing snapshot sha256:0c46b3b43cce082ce5ec34ffc6c294e0417d17b9d1e6f366d114b6aadc4f96dc
Removing snapshot sha256:0ce761beee59082d6ed5bcebd3a805b8ddd9b3426b617e4809e7fb7c6587ffec
Removing snapshot sha256:0df91287303208332c8ff6ba40ae4710105201739addbfbddfb955f1ad593664
Removing snapshot sha256:1021ef88c7974bfff89c5a0ec4fd3160daac6c48a075f74cff721f85dd104e68
Removing snapshot sha256:10aba4953ddc18145dd38e3704709bc464aa20af60b56fe52caaff4b68411e62
Removing snapshot sha256:2573e0d8158209ed54ab25c87bcdcb00bd3d2539246960a3d592a1c599d70465
Removing snapshot sha256:362a8a37f8bbc31925a8146adcf7cf51f9882f5c1dcbef67c5baa03a297543c0
Removing snapshot sha256:3fa4ad33f0ddc8fd45b39b6b4640f82a3a83619606cd975bfe89d8710ad2d4cd
Removing snapshot sha256:43a7c979bbaba6838bc3102d6b10a1459f3ab050b87ccdfef84ef90cf43d3058
Removing snapshot sha256:4ab04491cdf0d3267f08206fe30bd48f49f94b9cab2f016d6739220f722a64af
Removing snapshot sha256:4b6068250e89c96f263060261819c7d912855bfbd64b3eb4c4a8483299b8c295
Removing snapshot sha256:580e69a0a8034ede1921139bbd2bfb72a69ebf276d008281896c32dd8bf74775
Removing snapshot sha256:5d30ba46b27fe37484567ccc5242cadc78217b8da605f3f195ef25cbf7487904
Removing snapshot sha256:63ca1fbb43ae5034640e5e6cb3e083e05c290072c5366fcaa9d62435a4cced85
Removing snapshot sha256:67f702c6baae873bceb19487c8b1f27bd2b86077e4f2f0e480e6d60ab508b8f5
Removing snapshot sha256:6864348dd42806d552efdec384f1274be15e2d0c10ce44c1f04347af004c10a9
Removing snapshot sha256:6c7dee8f2c39b84b7dc2711c01d33de93514d9055499173e9290176fbe484b6c
Removing snapshot sha256:82753493a6d61ded36556292f02f31841a14c20d2f279f19eaad65afb661d5cd
Removing snapshot sha256:8a10d3db42c505ee0fcfa98417bdd7e39b304f6bcc0a06bb1b220797ff2cc63c
Removing snapshot sha256:a0904247e36a7726c03c71ee48f3e64462021c88dafeb13f37fdaf613b27f11c
Removing snapshot sha256:a21e5b12dbac529ad45d976eb9ce45c881f3bedcc500fb30aba1e52aa1813418
Removing snapshot sha256:b921e6c28969094157f9b8e7244677780319637afd14450b7cb6b2fdea558a0c
Removing snapshot sha256:bc27ecb5769a00e309cf99ebc763c4a4b958b618d1decc96ffac5bc05f02f5b7
Removing snapshot sha256:be3ccb6627a5332e309d45ef461d09b4879dd870c7394d89323d0ebc6ca6aa8a
Removing snapshot sha256:c261f7cbbc64211ee175ee47273acdb7b1a36a4450b397a064a8f2c026490095
Removing snapshot sha256:c34d9393647eea0c9e3557ab988efaf59f61d10a2a5613b439ef0958cca5ec10
Removing snapshot sha256:ccf3c4a0fa967a41c1c83497a2ce6fa5787965859df0adb32c4ca2cf7490bc2b
Removing snapshot sha256:cf92d33f869417309692088c341cd0f223c178ea78a125f757317b22aa8f90e9
Removing snapshot sha256:d0037344cf2fb078884f1849f6a1f8cf9a33a3b6139b6a85833e5ee528e1f9a8
Removing snapshot sha256:d3b36d5b79273b1e98e7700470eaeff05a882e777124d84cebcc1505b85ecb36
Removing snapshot sha256:d65a44a37914602d12c611e5e22a50f11451d847e63015cc1c2aef92dee777a4
Removing snapshot sha256:de032a54c75c43a6fb8a82ff9ac7fed1b96916fd63f9ae814e853d08a6738d36
Removing snapshot sha256:e2dc0bae2455930f23ae570e019b7f32edc75c0f2d71cab084db837ff9051796
Removing snapshot sha256:e31519795c7e3df686c447a21ec8d2eb301388a5e39ccf7f20a25c6f6ce3a522
Removing snapshot sha256:e9e86ed11d9bebc0707dd6f1166c51237ebb44f98657241f943261b2675a5449
Removing snapshot sha256:ecab2add669a90093ac0ce928934d91e099758e1d3abf829255b054036a78de7
Removing snapshot sha256:eccbd24a99c60cd9e86ee5305dbfc4a4dc89f5ab4fb1f06c8d64797cecedef34
Removing snapshot sha256:f144bb4c7c7f0d2aa7eeffd36d934ec40db1ee167be727e326aad9fdc616f475

]]></system-out>
  </testcase>
  <testcase name="platformChart_whenRestApiEnabled_thenCallsEndpoint()" classname="com.hivemq.helmcharts.services.HelmRestApiIT" time="94.084">
    <system-out><![CDATA[2025-01-28 23:40:52,489 INFO c.h.h.t.HelmChartContainer - Creating namespace 'helmrestapiit-operator'...
2025-01-28 23:40:52,493 INFO c.h.h.t.HelmChartContainer - Namespace 'helmrestapiit-operator' created
2025-01-28 23:40:52,493 INFO c.h.h.t.HelmChartContainer - Creating namespace 'helmrestapiit'...
2025-01-28 23:40:52,502 INFO c.h.h.t.HelmChartContainer - Namespace 'helmrestapiit' created
2025-01-28 23:40:52,570 DEBUG c.h.h.t.HelmChartContainer - Executing helm command: /bin/helm --kubeconfig /etc/rancher/k3s/k3s.yaml install test-hivemq-platform-operator /charts/hivemq-platform-operator --wait --timeout 5m0s --set image.repository=docker.io/hivemq --set image.name=hivemq-platform-operator-test --set image.initImageName=hivemq-platform-operator-init-test --set image.tag=snapshot --set image.pullPolicy=Never --set logLevel=DEBUG --set resources.cpu=512m --namespace helmrestapiit-operator
2025-01-28 23:40:52,869 INFO c.h.h.t.HelmChartContainer - [K3S] [alloc.go:330] "allocated clusterIPs" service="helmrestapiit-operator/hivemq-platform-operator-test-hivemq-platform-operator" clusterIPs={"IPv4":"10.43.58.37"}
2025-01-28 23:40:52,891 INFO c.h.h.t.HelmChartContainer - [EVENT] Normal [ScalingReplicaSet] Scaled up replica set hivemq-test-hivemq-platform-operator-6966f96d65 from 0 to 1 [helmrestapiit-operator:hivemq-test-hivemq-platform-operator]
2025-01-28 23:40:52,898 INFO c.h.h.t.HelmChartContainer - [POD] hivemq-test-hivemq-platform-operator-6966f96d65-7z9cg [9610c361-b0f4-4e56-942e-f4d9981ab0f3] in helmrestapiit-operator was ADDED
2025-01-28 23:40:52,906 INFO c.h.h.t.HelmChartContainer - [POD] hivemq-test-hivemq-platform-operator-6966f96d65-7z9cg [9610c361-b0f4-4e56-942e-f4d9981ab0f3] in helmrestapiit-operator was MODIFIED
2025-01-28 23:40:52,907 INFO c.h.h.t.HelmChartContainer - [K3S] [memory_manager.go:355] "RemoveStaleState removing state" podUID="2dcba512-92a8-4275-859a-84c162ba6090" containerName="hivemq-platform-operator"
2025-01-28 23:40:52,907 INFO c.h.h.t.HelmChartContainer - [K3S] [memory_manager.go:355] "RemoveStaleState removing state" podUID="abb0db10-0686-4c8b-9672-1187a03dbb3a" containerName="hivemq"
2025-01-28 23:40:52,908 INFO c.h.h.t.HelmChartContainer - [EVENT] Normal [SuccessfulCreate] Created pod: hivemq-test-hivemq-platform-operator-6966f96d65-7z9cg [helmrestapiit-operator:hivemq-test-hivemq-platform-operator-6966f96d65]
2025-01-28 23:40:52,914 INFO c.h.h.t.HelmChartContainer - [K3S] [replica_set.go:679] "Finished syncing" kind="ReplicaSet" key="helmrestapiit-operator/hivemq-test-hivemq-platform-operator-6966f96d65" duration="30.685839ms"
2025-01-28 23:40:52,917 INFO c.h.h.t.HelmChartContainer - [EVENT] Normal [Scheduled] Successfully assigned helmrestapiit-operator/hivemq-test-hivemq-platform-operator-6966f96d65-7z9cg to 28cdbdf25764 [helmrestapiit-operator:hivemq-test-hivemq-platform-operator-6966f96d65-7z9cg]
2025-01-28 23:40:52,922 INFO c.h.h.t.HelmChartContainer - [POD] hivemq-test-hivemq-platform-operator-6966f96d65-7z9cg [9610c361-b0f4-4e56-942e-f4d9981ab0f3] in helmrestapiit-operator was MODIFIED
2025-01-28 23:40:52,931 INFO c.h.h.t.HelmChartContainer - [K3S] [replica_set.go:679] "Finished syncing" kind="ReplicaSet" key="helmrestapiit-operator/hivemq-test-hivemq-platform-operator-6966f96d65" duration="17.019365ms"
2025-01-28 23:40:52,944 INFO c.h.h.t.HelmChartContainer - [K3S] [replica_set.go:679] "Finished syncing" kind="ReplicaSet" key="helmrestapiit-operator/hivemq-test-hivemq-platform-operator-6966f96d65" duration="12.73238ms"
2025-01-28 23:40:52,944 INFO c.h.h.t.HelmChartContainer - [K3S] [replica_set.go:679] "Finished syncing" kind="ReplicaSet" key="helmrestapiit-operator/hivemq-test-hivemq-platform-operator-6966f96d65" duration="35.587µs"
2025-01-28 23:40:53,001 INFO c.h.h.t.HelmChartContainer - [K3S] [reconciler_common.go:251] "operationExecutor.VerifyControllerAttachedVolume started for volume \"kube-api-access-5cxln\" (UniqueName: \"kubernetes.io/projected/9610c361-b0f4-4e56-942e-f4d9981ab0f3-kube-api-access-5cxln\") pod \"hivemq-test-hivemq-platform-operator-6966f96d65-7z9cg\" (UID: \"9610c361-b0f4-4e56-942e-f4d9981ab0f3\") " pod="helmrestapiit-operator/hivemq-test-hivemq-platform-operator-6966f96d65-7z9cg"
2025-01-28 23:40:53,301 INFO c.h.h.t.HelmChartContainer - [EVENT] Normal [Pulled] Container image "docker.io/hivemq/hivemq-platform-operator-test:snapshot" already present on machine [helmrestapiit-operator:hivemq-test-hivemq-platform-operator-6966f96d65-7z9cg]
2025-01-28 23:40:53,302 INFO c.h.h.t.HelmChartContainer - Received Pulled event for container hivemq-platform-operator in pod hivemq-test-hivemq-platform-operator-6966f96d65-7z9cg [9610c361-b0f4-4e56-942e-f4d9981ab0f3]
2025-01-28 23:40:54,541 INFO c.h.h.t.HelmChartContainer - [EVENT] Normal [Created] Created container: hivemq-platform-operator [helmrestapiit-operator:hivemq-test-hivemq-platform-operator-6966f96d65-7z9cg]
2025-01-28 23:40:54,541 INFO c.h.h.t.HelmChartContainer - Received Created event for container hivemq-platform-operator in pod hivemq-test-hivemq-platform-operator-6966f96d65-7z9cg [9610c361-b0f4-4e56-942e-f4d9981ab0f3]
2025-01-28 23:40:54,875 INFO c.h.h.t.HelmChartContainer - [K3S] [replica_set.go:679] "Finished syncing" kind="ReplicaSet" key="helmrestapiit-operator/hivemq-test-hivemq-platform-operator-6966f96d65" duration="40.365µs"
2025-01-28 23:40:54,881 INFO c.h.h.t.HelmChartContainer - [POD] hivemq-test-hivemq-platform-operator-6966f96d65-7z9cg [9610c361-b0f4-4e56-942e-f4d9981ab0f3] in helmrestapiit-operator was MODIFIED
2025-01-28 23:40:54,894 INFO c.h.h.t.HelmChartContainer - Started log watcher for hivemq-platform-operator in pod hivemq-test-hivemq-platform-operator-6966f96d65-7z9cg [9610c361-b0f4-4e56-942e-f4d9981ab0f3]
2025-01-28 23:40:54,894 INFO c.h.h.t.HelmChartContainer - [EVENT] Normal [Started] Started container hivemq-platform-operator [helmrestapiit-operator:hivemq-test-hivemq-platform-operator-6966f96d65-7z9cg]
2025-01-28 23:40:54,894 INFO c.h.h.t.HelmChartContainer - [hivemq-test-hivemq-platform] [hivemq-platform-operator] [9610c361] -------------------------------------------------------------------------
2025-01-28 23:40:54,894 INFO c.h.h.t.HelmChartContainer - Received Started event for container hivemq-platform-operator in pod hivemq-test-hivemq-platform-operator-6966f96d65-7z9cg [9610c361-b0f4-4e56-942e-f4d9981ab0f3]
2025-01-28 23:40:54,894 INFO c.h.h.t.HelmChartContainer - [hivemq-test-hivemq-platform] [hivemq-platform-operator] [9610c361] 
2025-01-28 23:40:54,894 INFO c.h.h.t.HelmChartContainer - [hivemq-test-hivemq-platform] [hivemq-platform-operator] [9610c361]                   _    _  _              __  __   ____
2025-01-28 23:40:54,894 INFO c.h.h.t.HelmChartContainer - [hivemq-test-hivemq-platform] [hivemq-platform-operator] [9610c361]                  | |  | |(_)            |  \/  | / __ \
2025-01-28 23:40:54,894 INFO c.h.h.t.HelmChartContainer - [hivemq-test-hivemq-platform] [hivemq-platform-operator] [9610c361]                  | |__| | _ __   __ ___ | \  / || |  | |
2025-01-28 23:40:54,894 INFO c.h.h.t.HelmChartContainer - [hivemq-test-hivemq-platform] [hivemq-platform-operator] [9610c361]                  |  __  || |\ \ / // _ \| |\/| || |  | |
2025-01-28 23:40:54,894 INFO c.h.h.t.HelmChartContainer - [hivemq-test-hivemq-platform] [hivemq-platform-operator] [9610c361]                  | |  | || | \ V /|  __/| |  | || |__| |
2025-01-28 23:40:54,894 INFO c.h.h.t.HelmChartContainer - [hivemq-test-hivemq-platform] [hivemq-platform-operator] [9610c361]                  |_|  |_||_|  \_/  \___||_|  |_| \___\_\
2025-01-28 23:40:54,894 INFO c.h.h.t.HelmChartContainer - [hivemq-test-hivemq-platform] [hivemq-platform-operator] [9610c361] 
2025-01-28 23:40:54,894 INFO c.h.h.t.HelmChartContainer - [hivemq-test-hivemq-platform] [hivemq-platform-operator] [9610c361] -------------------------------------------------------------------------
2025-01-28 23:40:54,894 INFO c.h.h.t.HelmChartContainer - [hivemq-test-hivemq-platform] [hivemq-platform-operator] [9610c361] 
2025-01-28 23:40:54,894 INFO c.h.h.t.HelmChartContainer - [hivemq-test-hivemq-platform] [hivemq-platform-operator] [9610c361]   HiveMQ Platform Operator Start Script v1.0
2025-01-28 23:40:54,894 INFO c.h.h.t.HelmChartContainer - [hivemq-test-hivemq-platform] [hivemq-platform-operator] [9610c361] 
2025-01-28 23:40:54,894 INFO c.h.h.t.HelmChartContainer - [hivemq-test-hivemq-platform] [hivemq-platform-operator] [9610c361] -------------------------------------------------------------------------
2025-01-28 23:40:54,894 INFO c.h.h.t.HelmChartContainer - [hivemq-test-hivemq-platform] [hivemq-platform-operator] [9610c361] 
2025-01-28 23:40:54,894 INFO c.h.h.t.HelmChartContainer - [hivemq-test-hivemq-platform] [hivemq-platform-operator] [9610c361]   JAVA_OPTS: -XX:+UnlockExperimentalVMOptions -XX:InitialRAMPercentage=75 -XX:MaxRAMPercentage=75 -Duser.language=en -Duser.region=US
2025-01-28 23:40:54,894 INFO c.h.h.t.HelmChartContainer - [hivemq-test-hivemq-platform] [hivemq-platform-operator] [9610c361] 
2025-01-28 23:40:54,894 INFO c.h.h.t.HelmChartContainer - [hivemq-test-hivemq-platform] [hivemq-platform-operator] [9610c361]   JAVA_VERSION: 21
2025-01-28 23:40:54,894 INFO c.h.h.t.HelmChartContainer - [hivemq-test-hivemq-platform] [hivemq-platform-operator] [9610c361] 
2025-01-28 23:40:54,894 INFO c.h.h.t.HelmChartContainer - [hivemq-test-hivemq-platform] [hivemq-platform-operator] [9610c361] -------------------------------------------------------------------------
2025-01-28 23:40:54,894 INFO c.h.h.t.HelmChartContainer - [hivemq-test-hivemq-platform] [hivemq-platform-operator] [9610c361] 
2025-01-28 23:40:57,773 INFO c.h.h.t.HelmChartContainer - [hivemq-test-hivemq-platform] [hivemq-platform-operator] [9610c361] 23:40:57.771 [main] DEBUG org.jboss.logging - Logging Provider: org.jboss.logging.Slf4jLoggerProvider
2025-01-28 23:40:57,872 INFO c.h.h.t.HelmChartContainer - [hivemq-test-hivemq-platform] [hivemq-platform-operator] [9610c361] 23:40:57.871 [main] DEBUG io.smallrye.config - SRCFG01006: Loaded ConfigSource SysPropConfigSource with ordinal 400
2025-01-28 23:40:57,872 INFO c.h.h.t.HelmChartContainer - [hivemq-test-hivemq-platform] [hivemq-platform-operator] [9610c361] 23:40:57.871 [main] DEBUG io.smallrye.config - SRCFG01006: Loaded ConfigSource EnvConfigSource with ordinal 300
2025-01-28 23:40:57,872 INFO c.h.h.t.HelmChartContainer - [hivemq-test-hivemq-platform] [hivemq-platform-operator] [9610c361] 23:40:57.871 [main] DEBUG io.smallrye.config - SRCFG01006: Loaded ConfigSource PropertiesConfigSource[source=jar:file:///opt/hivemq-platform-operator/bin/hivemq-platform-operator.jar!/hivemq-platform-operator.properties] with ordinal 100
2025-01-28 23:40:57,872 INFO c.h.h.t.HelmChartContainer - [hivemq-test-hivemq-platform] [hivemq-platform-operator] [9610c361] 23:40:57.871 [main] DEBUG io.smallrye.config - SRCFG01006: Loaded ConfigSource DefaultValuesConfigSource with ordinal -2147483648
2025-01-28 23:40:57,979 INFO c.h.h.t.HelmChartContainer - [hivemq-test-hivemq-platform] [hivemq-platform-operator] [9610c361] 23:40:57.978 [main] DEBUG i.m.c.u.i.l.InternalLoggerFactory - Using SLF4J as the default logging framework
2025-01-28 23:40:58,080 INFO c.h.h.t.HelmChartContainer - [hivemq-test-hivemq-platform] [hivemq-platform-operator] [9610c361] 23:40:58.073 [main] INFO  c.h.p.o.HiveMQPlatformOperatorApplication - HiveMQ Platform Operator 1.7.0-SNAPSHOT (commit: bebf408 on branch: HEAD) built on Sun Jan 26 20:47:47 UTC 2025
2025-01-28 23:40:58,080 INFO c.h.h.t.HelmChartContainer - [hivemq-test-hivemq-platform] [hivemq-platform-operator] [9610c361] 23:40:58.079 [main] INFO  c.h.p.o.HiveMQPlatformOperatorApplication - HiveMQ Platform Operator is running in namespace: helmrestapiit-operator
2025-01-28 23:40:58,081 INFO c.h.h.t.HelmChartContainer - [hivemq-test-hivemq-platform] [hivemq-platform-operator] [9610c361] 23:40:58.079 [main] INFO  c.h.p.o.HiveMQPlatformOperatorApplication - Watching all namespaces
2025-01-28 23:40:58,081 INFO c.h.h.t.HelmChartContainer - [hivemq-test-hivemq-platform] [hivemq-platform-operator] [9610c361] 23:40:58.079 [main] INFO  c.h.p.o.HiveMQPlatformOperatorApplication - Log level: DEBUG
2025-01-28 23:40:58,081 INFO c.h.h.t.HelmChartContainer - [hivemq-test-hivemq-platform] [hivemq-platform-operator] [9610c361] 23:40:58.079 [main] INFO  c.h.p.o.HiveMQPlatformOperatorApplication - Release name: test-hivemq-platform-operator
2025-01-28 23:40:58,081 INFO c.h.h.t.HelmChartContainer - [hivemq-test-hivemq-platform] [hivemq-platform-operator] [9610c361] 23:40:58.079 [main] INFO  c.h.p.o.HiveMQPlatformOperatorApplication - HiveMQ Platform Operator Init image: docker.io/hivemq/hivemq-platform-operator-init-test:snapshot
2025-01-28 23:40:58,081 INFO c.h.h.t.HelmChartContainer - [hivemq-test-hivemq-platform] [hivemq-platform-operator] [9610c361] 23:40:58.079 [main] INFO  c.h.p.o.HiveMQPlatformOperatorApplication - HiveMQ Platform Operator Init App update URL: http://hivemq-platform-operator-test-hivemq-platform-operator.helmrestapiit-operator.svc:8080/initAppUpdate/hivemq-platform-operator-init-app-1.7.0-SNAPSHOT.jar
2025-01-28 23:40:58,081 INFO c.h.h.t.HelmChartContainer - [hivemq-test-hivemq-platform] [hivemq-platform-operator] [9610c361] 23:40:58.080 [main] INFO  c.h.p.o.HiveMQPlatformOperatorApplication - Additional imagePullSecret for all Platform deployments: none
2025-01-28 23:40:58,081 INFO c.h.h.t.HelmChartContainer - [hivemq-test-hivemq-platform] [hivemq-platform-operator] [9610c361] 23:40:58.080 [main] INFO  c.h.p.o.HiveMQPlatformOperatorApplication - Apply HiveMQ Platform CRD: true
2025-01-28 23:40:58,081 INFO c.h.h.t.HelmChartContainer - [hivemq-test-hivemq-platform] [hivemq-platform-operator] [9610c361] 23:40:58.080 [main] INFO  c.h.p.o.HiveMQPlatformOperatorApplication - Create Platform ServiceAccount: true
2025-01-28 23:40:58,081 INFO c.h.h.t.HelmChartContainer - [hivemq-test-hivemq-platform] [hivemq-platform-operator] [9610c361] 23:40:58.080 [main] INFO  c.h.p.o.HiveMQPlatformOperatorApplication - Create Platform ServiceAccount permissions: true
2025-01-28 23:40:58,081 INFO c.h.h.t.HelmChartContainer - [hivemq-test-hivemq-platform] [hivemq-platform-operator] [9610c361] 23:40:58.080 [main] INFO  c.h.p.o.HiveMQPlatformOperatorApplication - Validate Platform ServiceAccount: true
2025-01-28 23:40:58,081 INFO c.h.h.t.HelmChartContainer - [hivemq-test-hivemq-platform] [hivemq-platform-operator] [9610c361] 23:40:58.080 [main] INFO  c.h.p.o.HiveMQPlatformOperatorApplication - Validate Platform ServiceAccount permissions: true
2025-01-28 23:40:58,280 INFO c.h.h.t.HelmChartContainer - [hivemq-test-hivemq-platform] [hivemq-platform-operator] [9610c361] 23:40:58.278 [main] INFO  c.h.platform.operator.util.CRDUtil - Verifying deployed HiveMQ Platform CRD...
2025-01-28 23:41:00,762 INFO c.h.h.t.HelmChartContainer - [hivemq-test-hivemq-platform] [hivemq-platform-operator] [9610c361] 23:41:00.760 [main] DEBUG c.h.platform.operator.util.CRDUtil - HiveMQ Platform CRD version v1 is up to date
2025-01-28 23:41:00,762 INFO c.h.h.t.HelmChartContainer - [hivemq-test-hivemq-platform] [hivemq-platform-operator] [9610c361] 23:41:00.761 [main] INFO  c.h.platform.operator.util.CRDUtil - HiveMQ Platform CRD is up to date (version: V1_6_0)
2025-01-28 23:41:00,762 INFO c.h.h.t.HelmChartContainer - [hivemq-test-hivemq-platform] [hivemq-platform-operator] [9610c361] 23:41:00.761 [main] INFO  c.h.platform.operator.util.CRDUtil - Waiting 10000 ms for HiveMQ Platform CRD 'hivemq-platforms.hivemq.com' to become ready...
2025-01-28 23:41:00,979 INFO c.h.h.t.HelmChartContainer - [hivemq-test-hivemq-platform] [hivemq-platform-operator] [9610c361] 23:41:00.978 [vert.x-eventloop-thread-1] DEBUG c.h.platform.operator.util.CRDUtil - Checking CRD condition 'NamesAccepted' (status: 'True')
2025-01-28 23:41:00,979 INFO c.h.h.t.HelmChartContainer - [hivemq-test-hivemq-platform] [hivemq-platform-operator] [9610c361] 23:41:00.978 [vert.x-eventloop-thread-1] DEBUG c.h.platform.operator.util.CRDUtil - Checking CRD condition 'Established' (status: 'True')
2025-01-28 23:41:01,062 INFO c.h.h.t.HelmChartContainer - [hivemq-test-hivemq-platform] [hivemq-platform-operator] [9610c361] 23:41:01.060 [main] INFO  c.h.platform.operator.util.CRDUtil - HiveMQ Platform CRD 'hivemq-platforms.hivemq.com' is ready
2025-01-28 23:41:01,168 INFO c.h.h.t.HelmChartContainer - [hivemq-test-hivemq-platform] [hivemq-platform-operator] [9610c361] 23:41:01.167 [main] INFO  c.h.p.o.HiveMQPlatformReconciler - HiveMQ Platform Operator is starting...
2025-01-28 23:41:01,269 INFO c.h.h.t.HelmChartContainer - [hivemq-test-hivemq-platform] [hivemq-platform-operator] [9610c361] 23:41:01.267 [main] WARN  Default ConfigurationService implementation - Configuration for reconciler 'hivemq-controller' was not found. Known reconcilers: None.
2025-01-28 23:41:01,276 INFO c.h.h.t.HelmChartContainer - [hivemq-test-hivemq-platform] [hivemq-platform-operator] [9610c361] 23:41:01.275 [main] INFO  Default ConfigurationService implementation - Created configuration for reconciler com.hivemq.platform.operator.HiveMQPlatformReconciler with name hivemq-controller
2025-01-28 23:41:01,383 INFO c.h.h.t.HelmChartContainer - [hivemq-test-hivemq-platform] [hivemq-platform-operator] [9610c361] 23:41:01.382 [main] DEBUG c.h.p.o.HiveMQPlatformReconciler - HiveMQ Platform Operator is preparing EventSources
2025-01-28 23:41:01,470 INFO c.h.h.t.HelmChartContainer - [hivemq-test-hivemq-platform] [hivemq-platform-operator] [9610c361] 23:41:01.468 [main] INFO  i.javaoperatorsdk.operator.Operator - Registered reconciler: 'hivemq-controller' for resource: 'class com.hivemq.platform.operator.v1.HiveMQPlatform' for namespace(s): [all namespaces]
2025-01-28 23:41:02,164 INFO c.h.h.t.HelmChartContainer - [hivemq-test-hivemq-platform] [hivemq-platform-operator] [9610c361] 23:41:02.163 [main] INFO  c.h.p.operator.webserver.JettyServer - Starting Jetty server on port 8080
2025-01-28 23:41:02,183 INFO c.h.h.t.HelmChartContainer - [hivemq-test-hivemq-platform] [hivemq-platform-operator] [9610c361] 23:41:02.182 [main] INFO  i.javaoperatorsdk.operator.Operator - Operator SDK 4.9.7 (commit: 2133d28) built on Wed Nov 20 12:56:20 UTC 2024 starting...
2025-01-28 23:41:02,261 INFO c.h.h.t.HelmChartContainer - [hivemq-test-hivemq-platform] [hivemq-platform-operator] [9610c361] 23:41:02.182 [main] INFO  i.javaoperatorsdk.operator.Operator - Client version: 6.13.4
2025-01-28 23:41:02,262 INFO c.h.h.t.HelmChartContainer - [hivemq-test-hivemq-platform] [hivemq-platform-operator] [9610c361] 23:41:02.261 [Controller Starter for: hivemq-controller] INFO  i.j.operator.processing.Controller - Starting 'hivemq-controller' controller for reconciler: com.hivemq.platform.operator.HiveMQPlatformReconciler, resource: com.hivemq.platform.operator.v1.HiveMQPlatform
2025-01-28 23:41:02,829 INFO c.h.h.t.HelmChartContainer - [K3S] [range_allocator.go:247] "Successfully synced" key="28cdbdf25764"
2025-01-28 23:41:04,662 INFO c.h.h.t.HelmChartContainer - [hivemq-test-hivemq-platform] [hivemq-platform-operator] [9610c361] 23:41:04.661 [Controller Starter for: hivemq-controller] INFO  i.j.operator.processing.Controller - 'hivemq-controller' controller started
2025-01-28 23:41:04,662 INFO c.h.h.t.HelmChartContainer - [hivemq-test-hivemq-platform] [hivemq-platform-operator] [9610c361] 23:41:04.661 [main] INFO  c.h.p.o.HiveMQPlatformOperatorApplication - HiveMQ Platform Operator 1.7.0-SNAPSHOT started in 6588 ms
2025-01-28 23:41:05,883 INFO c.h.h.t.HelmChartContainer - [POD] hivemq-test-hivemq-platform-operator-6966f96d65-7z9cg [9610c361-b0f4-4e56-942e-f4d9981ab0f3] in helmrestapiit-operator was MODIFIED
2025-01-28 23:41:05,888 INFO c.h.h.t.HelmChartContainer - [K3S] [replica_set.go:679] "Finished syncing" kind="ReplicaSet" key="helmrestapiit-operator/hivemq-test-hivemq-platform-operator-6966f96d65" duration="11.235273ms"
2025-01-28 23:41:05,890 INFO c.h.h.t.HelmChartContainer - [K3S] [replica_set.go:679] "Finished syncing" kind="ReplicaSet" key="helmrestapiit-operator/hivemq-test-hivemq-platform-operator-6966f96d65" duration="38.622µs"
2025-01-28 23:41:06,996 DEBUG c.h.h.t.HelmChartContainer - Executing helm command: /bin/helm --kubeconfig /etc/rancher/k3s/k3s.yaml install test-hivemq-platform /charts/hivemq-platform --wait --timeout 5m0s --set image.repository=docker.io/hivemq --set image.tag=4.36.0 --set image.pullPolicy=Never --set nodes.resources.cpu=512m -f /files/rest-api-values.yaml --namespace helmrestapiit
2025-01-28 23:41:07,224 INFO c.h.h.t.HelmChartContainer - [hivemq-test-hivemq-platform] [hivemq-platform-operator] [9610c361] 23:41:07.222 [-373097727-pool-1-thread-4] WARN  i.m.p.PrometheusMeterRegistry - The meter (MeterId{name='operator.sdk.events.received', tags=[tag(action=ADDED),tag(event=ResourceEvent),tag(group=hivemq.com),tag(kind=HiveMQPlatform),tag(name=test-hivemq-platform),tag(namespace=helmrestapiit),tag(scope=namespace),tag(version=v1)]}) registration has failed: Prometheus requires that all meters with the same name have the same set of tag keys. There is already an existing meter named 'operator.sdk.events.received' containing tag keys [event, group, kind, name, namespace, scope, version]. The meter you are attempting to register has keys [action, event, group, kind, name, namespace, scope, version]. Note that subsequent logs will be logged at debug level.
2025-01-28 23:41:07,663 INFO c.h.h.t.HelmChartContainer - [hivemq-test-hivemq-platform] [hivemq-platform-operator] [9610c361] 23:41:07.662 [pool-6-thread-3] DEBUG c.h.p.o.dependants.PodInfoConfigMap - [helmrest] Desired PodInfo ConfigMap (1 extensions) (1 enabled)
2025-01-28 23:41:07,666 INFO c.h.h.t.HelmChartContainer - [hivemq-test-hivemq-platform] [hivemq-platform-operator] [9610c361] 23:41:07.663 [pool-6-thread-3] DEBUG c.h.p.o.dependants.PodInfoConfigMap - [helmrest] Desired PodInfo ConfigMap (metrics port: 9399) (metrics path: /)
2025-01-28 23:41:07,666 INFO c.h.h.t.HelmChartContainer - [hivemq-test-hivemq-platform] [hivemq-platform-operator] [9610c361] 23:41:07.663 [pool-6-thread-3] DEBUG c.h.p.o.dependants.PodInfoConfigMap - [helmrest] Desired PodInfo ConfigMap (extension state hash: -1817474005)
2025-01-28 23:41:07,666 INFO c.h.h.t.HelmChartContainer - [hivemq-test-hivemq-platform] [hivemq-platform-operator] [9610c361] 23:41:07.664 [pool-6-thread-3] DEBUG c.h.p.o.dependants.PodInfoConfigMap - [helmrest] Create PodInfo ConfigMap
2025-01-28 23:41:07,769 INFO c.h.h.t.HelmChartContainer - [hivemq-test-hivemq-platform] [hivemq-platform-operator] [9610c361] 23:41:07.767 [pool-6-thread-5] DEBUG c.h.p.o.dependants.PodRoleResource - [helmrest] Create Role: Role(apiVersion=rbac.authorization.k8s.io/v1, kind=Role, metadata=ObjectMeta(annotations={meta.helm.sh/release-name=test-hivemq-platform, meta.helm.sh/release-namespace=helmrestapiit}, creationTimestamp=null, deletionGracePeriodSeconds=null, deletionTimestamp=null, finalizers=[], generateName=null, generation=null, labels={helm.sh/chart=hivemq-platform-0.2.32, app.kubernetes.io/managed-by=Helm, app.kubernetes.io/name=hivemq-platform, hivemq-platform=test-hivemq-platform, app.kubernetes.io/instance=test-hivemq-platform, app.kubernetes.io/version=4.36.0}, managedFields=[], name=hivemq-platform-role-test-hivemq-platform, namespace=helmrestapiit, ownerReferences=[OwnerReference(apiVersion=hivemq.com/v1, blockOwnerDeletion=null, controller=null, kind=HiveMQPlatform, name=test-hivemq-platform, uid=e2be2bdd-3ba9-4f62-aa00-c34f064170ed, additionalProperties={})], resourceVersion=null, selfLink=null, uid=null, additionalProperties={}), rules=[PolicyRule(apiGroups=[], nonResourceURLs=[], resourceNames=[], resources=[pods], verbs=[get, patch, update], additionalProperties={})], additionalProperties={})
2025-01-28 23:41:07,871 INFO c.h.h.t.HelmChartContainer - [hivemq-test-hivemq-platform] [hivemq-platform-operator] [9610c361] 23:41:07.870 [pool-6-thread-7] DEBUG c.h.p.o.d.PodServiceAccountResource - [helmrest] Desired PodServiceAccountResource (serviceAccountName: hivemq-platform-pod-test-hivemq-platform)
2025-01-28 23:41:07,872 INFO c.h.h.t.HelmChartContainer - [hivemq-test-hivemq-platform] [hivemq-platform-operator] [9610c361] 23:41:07.871 [pool-6-thread-7] DEBUG c.h.p.o.d.PodServiceAccountResource - [helmrest] Create ServiceAccount 'hivemq-platform-pod-test-hivemq-platform'
2025-01-28 23:41:08,068 INFO c.h.h.t.HelmChartContainer - [hivemq-test-hivemq-platform] [hivemq-platform-operator] [9610c361] 23:41:08.065 [pool-6-thread-10] DEBUG c.h.p.o.d.PodRoleBindingResource - [helmrest] Create RoleBinding: RoleBinding(apiVersion=rbac.authorization.k8s.io/v1, kind=RoleBinding, metadata=ObjectMeta(annotations={meta.helm.sh/release-name=test-hivemq-platform, meta.helm.sh/release-namespace=helmrestapiit}, creationTimestamp=null, deletionGracePeriodSeconds=null, deletionTimestamp=null, finalizers=[], generateName=null, generation=null, labels={helm.sh/chart=hivemq-platform-0.2.32, app.kubernetes.io/managed-by=Helm, app.kubernetes.io/name=hivemq-platform, hivemq-platform=test-hivemq-platform, app.kubernetes.io/instance=test-hivemq-platform, app.kubernetes.io/version=4.36.0}, managedFields=[], name=hivemq-platform-role-binding-test-hivemq-platform, namespace=helmrestapiit, ownerReferences=[OwnerReference(apiVersion=hivemq.com/v1, blockOwnerDeletion=null, controller=null, kind=HiveMQPlatform, name=test-hivemq-platform, uid=e2be2bdd-3ba9-4f62-aa00-c34f064170ed, additionalProperties={})], resourceVersion=null, selfLink=null, uid=null, additionalProperties={}), roleRef=RoleRef(apiGroup=rbac.authorization.k8s.io, kind=Role, name=hivemq-platform-role-test-hivemq-platform, additionalProperties={}), subjects=[Subject(apiGroup=null, kind=ServiceAccount, name=hivemq-platform-pod-test-hivemq-platform, namespace=helmrestapiit, additionalProperties={})], additionalProperties={})
2025-01-28 23:41:08,164 INFO c.h.h.t.HelmChartContainer - [hivemq-test-hivemq-platform] [hivemq-platform-operator] [9610c361] 23:41:08.162 [ReconcilerExecutor-hivemq-controller-54] INFO  c.h.p.o.HiveMQPlatformReconciler - [helmrest] Reconciling HiveMQ Platform 'test-hivemq-platform' in namespace 'helmrestapiit'
2025-01-28 23:41:08,164 INFO c.h.h.t.HelmChartContainer - [hivemq-test-hivemq-platform] [hivemq-platform-operator] [9610c361] 23:41:08.162 [ReconcilerExecutor-hivemq-controller-54] DEBUG c.h.p.o.HiveMQPlatformReconciler - [helmrest] Custom Resource Status CREATED - HiveMQ Platform was created (READY)
2025-01-28 23:41:08,164 INFO c.h.h.t.HelmChartContainer - [hivemq-test-hivemq-platform] [hivemq-platform-operator] [9610c361] 23:41:08.163 [ReconcilerExecutor-hivemq-controller-54] DEBUG c.h.p.o.HiveMQPlatformReconciler - [helmrest] Custom Resource Spec (replicas: 1) (extensions: 1)
2025-01-28 23:41:08,168 INFO c.h.h.t.HelmChartContainer - [hivemq-test-hivemq-platform] [hivemq-platform-operator] [9610c361] 23:41:08.167 [ReconcilerExecutor-hivemq-controller-54] INFO  c.h.p.o.h.HiveMQPlatformReconcilerBaseHandler - [helmrest] HiveMQ Platform is starting
2025-01-28 23:41:08,277 INFO c.h.h.t.HelmChartContainer - [hivemq-test-hivemq-platform] [hivemq-platform-operator] [9610c361] 23:41:08.276 [ReconcilerExecutor-hivemq-controller-54] DEBUG c.h.p.operator.event.EventSender - [helmrest] Creating K8s event hivemq-platform-starting: [Start] HiveMQ Platform is starting
2025-01-28 23:41:08,285 INFO c.h.h.t.HelmChartContainer - [EVENT] Normal [Start] HiveMQ Platform is starting [helmrestapiit:test-hivemq-platform]
2025-01-28 23:41:08,366 INFO c.h.h.t.HelmChartContainer - [hivemq-test-hivemq-platform] [hivemq-platform-operator] [9610c361] 23:41:08.364 [ReconcilerExecutor-hivemq-controller-54] INFO  c.h.p.o.h.AbstractHiveMQReconcilerStateHandler - [helmrest] Update HiveMQ Platform Status (CREATED [READY] -> STARTING [READY]): HiveMQ Platform is starting
2025-01-28 23:41:08,378 DEBUG com.hivemq.helmcharts.util.K8sUtil - Comparing actual state 'STARTING' and waiting for 'RUNNING'
2025-01-28 23:41:18,468 INFO c.h.h.t.HelmChartContainer - [hivemq-test-hivemq-platform] [hivemq-platform-operator] [9610c361] 23:41:18.465 [pool-6-thread-12] DEBUG c.h.p.o.d.PlatformServiceResource - [helmrest] Desired Platform services (2 services)
2025-01-28 23:41:18,470 INFO c.h.h.t.HelmChartContainer - [hivemq-test-hivemq-platform] [hivemq-platform-operator] [9610c361] 23:41:18.467 [pool-6-thread-13] DEBUG c.h.p.o.dependants.PodInfoConfigMap - [helmrest] Desired PodInfo ConfigMap (1 extensions) (1 enabled)
2025-01-28 23:41:18,471 INFO c.h.h.t.HelmChartContainer - [hivemq-test-hivemq-platform] [hivemq-platform-operator] [9610c361] 23:41:18.467 [pool-6-thread-13] DEBUG c.h.p.o.dependants.PodInfoConfigMap - [helmrest] Desired PodInfo ConfigMap (metrics port: 9399) (metrics path: /)
2025-01-28 23:41:18,471 INFO c.h.h.t.HelmChartContainer - [hivemq-test-hivemq-platform] [hivemq-platform-operator] [9610c361] 23:41:18.467 [pool-6-thread-13] DEBUG c.h.p.o.dependants.PodInfoConfigMap - [helmrest] Desired PodInfo ConfigMap (extension state hash: -1817474005)
2025-01-28 23:41:18,471 INFO c.h.h.t.HelmChartContainer - [hivemq-test-hivemq-platform] [hivemq-platform-operator] [9610c361] 23:41:18.470 [pool-6-thread-17] DEBUG c.h.p.o.d.PodServiceAccountResource - [helmrest] Desired PodServiceAccountResource (serviceAccountName: hivemq-platform-pod-test-hivemq-platform)
2025-01-28 23:41:18,565 INFO c.h.h.t.HelmChartContainer - [hivemq-test-hivemq-platform] [hivemq-platform-operator] [9610c361] 23:41:18.561 [pool-6-thread-13] DEBUG c.h.p.o.dependants.PodInfoConfigMap - [helmrest] Update PodInfo ConfigMap
2025-01-28 23:41:18,578 INFO c.h.h.t.HelmChartContainer - [K3S] [alloc.go:330] "allocated clusterIPs" service="helmrestapiit/hivemq-test-hivemq-platform-rest-8890" clusterIPs={"IPv4":"10.43.148.18"}
2025-01-28 23:41:18,670 INFO c.h.h.t.HelmChartContainer - [K3S] [alloc.go:330] "allocated clusterIPs" service="helmrestapiit/hivemq-test-hivemq-platform-metrics-9399" clusterIPs={"IPv4":"10.43.89.122"}
2025-01-28 23:41:18,680 INFO c.h.h.t.HelmChartContainer - [hivemq-test-hivemq-platform] [hivemq-platform-operator] [9610c361] 23:41:18.678 [pool-6-thread-20] DEBUG c.h.p.o.d.StatefulSetResource - [helmrest] Desired StatefulSet (1 replicas) for status STARTING (READY)
2025-01-28 23:41:18,691 INFO c.h.h.t.HelmChartContainer - [hivemq-test-hivemq-platform] [hivemq-platform-operator] [9610c361] 23:41:18.690 [pool-6-thread-20] DEBUG c.h.p.o.d.StatefulSetResource - [helmrest] Create StatefulSet
2025-01-28 23:41:18,785 INFO c.h.h.t.HelmChartContainer - [POD] test-hivemq-platform-0 [117cfab8-72d8-458f-80b2-7ca2297367f1] in helmrestapiit was ADDED
2025-01-28 23:41:18,787 INFO c.h.h.t.HelmChartContainer - [EVENT] Normal [SuccessfulCreate] create Pod test-hivemq-platform-0 in StatefulSet test-hivemq-platform successful [helmrestapiit:test-hivemq-platform]
2025-01-28 23:41:18,790 INFO c.h.h.t.HelmChartContainer - [POD] test-hivemq-platform-0 [117cfab8-72d8-458f-80b2-7ca2297367f1] in helmrestapiit was MODIFIED
2025-01-28 23:41:18,793 INFO c.h.h.t.HelmChartContainer - [EVENT] Normal [Scheduled] Successfully assigned helmrestapiit/test-hivemq-platform-0 to 28cdbdf25764 [helmrestapiit:test-hivemq-platform-0]
2025-01-28 23:41:18,800 INFO c.h.h.t.HelmChartContainer - [POD] test-hivemq-platform-0 [117cfab8-72d8-458f-80b2-7ca2297367f1] in helmrestapiit was MODIFIED
2025-01-28 23:41:18,869 INFO c.h.h.t.HelmChartContainer - [hivemq-test-hivemq-platform] [hivemq-platform-operator] [9610c361] 23:41:18.867 [ReconcilerExecutor-hivemq-controller-65] INFO  c.h.p.o.HiveMQPlatformReconciler - [helmrest] Reconciling HiveMQ Platform 'test-hivemq-platform' in namespace 'helmrestapiit'
2025-01-28 23:41:18,870 INFO c.h.h.t.HelmChartContainer - [hivemq-test-hivemq-platform] [hivemq-platform-operator] [9610c361] 23:41:18.869 [ReconcilerExecutor-hivemq-controller-65] DEBUG c.h.p.o.HiveMQPlatformReconciler - [helmrest] Custom Resource Status STARTING - HiveMQ Platform is starting (READY)
2025-01-28 23:41:18,871 INFO c.h.h.t.HelmChartContainer - [hivemq-test-hivemq-platform] [hivemq-platform-operator] [9610c361] 23:41:18.870 [ReconcilerExecutor-hivemq-controller-65] DEBUG c.h.p.o.HiveMQPlatformReconciler - [helmrest] Custom Resource Spec (replicas: 1) (extensions: 1)
2025-01-28 23:41:18,954 INFO c.h.h.t.HelmChartContainer - [K3S] [reconciler_common.go:251] "operationExecutor.VerifyControllerAttachedVolume started for volume \"broker-configuration\" (UniqueName: \"kubernetes.io/configmap/117cfab8-72d8-458f-80b2-7ca2297367f1-broker-configuration\") pod \"test-hivemq-platform-0\" (UID: \"117cfab8-72d8-458f-80b2-7ca2297367f1\") " pod="helmrestapiit/test-hivemq-platform-0"
2025-01-28 23:41:18,954 INFO c.h.h.t.HelmChartContainer - [K3S] [reconciler_common.go:251] "operationExecutor.VerifyControllerAttachedVolume started for volume \"pod-info\" (UniqueName: \"kubernetes.io/configmap/117cfab8-72d8-458f-80b2-7ca2297367f1-pod-info\") pod \"test-hivemq-platform-0\" (UID: \"117cfab8-72d8-458f-80b2-7ca2297367f1\") " pod="helmrestapiit/test-hivemq-platform-0"
2025-01-28 23:41:18,954 INFO c.h.h.t.HelmChartContainer - [K3S] [reconciler_common.go:251] "operationExecutor.VerifyControllerAttachedVolume started for volume \"kube-api-access-n4cb6\" (UniqueName: \"kubernetes.io/projected/117cfab8-72d8-458f-80b2-7ca2297367f1-kube-api-access-n4cb6\") pod \"test-hivemq-platform-0\" (UID: \"117cfab8-72d8-458f-80b2-7ca2297367f1\") " pod="helmrestapiit/test-hivemq-platform-0"
2025-01-28 23:41:18,954 INFO c.h.h.t.HelmChartContainer - [K3S] [reconciler_common.go:251] "operationExecutor.VerifyControllerAttachedVolume started for volume \"operator-init\" (UniqueName: \"kubernetes.io/empty-dir/117cfab8-72d8-458f-80b2-7ca2297367f1-operator-init\") pod \"test-hivemq-platform-0\" (UID: \"117cfab8-72d8-458f-80b2-7ca2297367f1\") " pod="helmrestapiit/test-hivemq-platform-0"
2025-01-28 23:41:18,963 INFO c.h.h.t.HelmChartContainer - [hivemq-test-hivemq-platform] [hivemq-platform-operator] [9610c361] 23:41:18.961 [ReconcilerExecutor-hivemq-controller-65] DEBUG c.h.p.o.HiveMQPlatformReconciler - [helmrest] StatefulSet Status (revision: test-hivemq-platform-54dd684c8, replicas: 1, available: 0, ready: 0, current: 1, updated: 1)
2025-01-28 23:41:18,963 INFO c.h.h.t.HelmChartContainer - [hivemq-test-hivemq-platform] [hivemq-platform-operator] [9610c361] 23:41:18.961 [ReconcilerExecutor-hivemq-controller-65] DEBUG c.h.p.o.HiveMQPlatformReconciler - [helmrest] StatefulSet Spec (replicas: 1, init containers: 1, containers: 1, volumes: 3)
2025-01-28 23:41:18,974 INFO c.h.h.t.HelmChartContainer - [hivemq-test-hivemq-platform] [hivemq-platform-operator] [9610c361] 23:41:18.974 [ReconcilerExecutor-hivemq-controller-65] DEBUG c.h.p.o.h.HiveMQPlatformReconcilerErrorHandler - [helmrest] Pod 'test-hivemq-platform-0' phase Pending
2025-01-28 23:41:18,978 INFO c.h.h.t.HelmChartContainer - [hivemq-test-hivemq-platform] [hivemq-platform-operator] [9610c361] 23:41:18.974 [ReconcilerExecutor-hivemq-controller-65] DEBUG c.h.p.o.h.HiveMQPlatformReconcilerErrorHandler - [helmrest] Pod 'test-hivemq-platform-0' condition 'PodReadyToStartContainers': False
2025-01-28 23:41:18,978 INFO c.h.h.t.HelmChartContainer - [hivemq-test-hivemq-platform] [hivemq-platform-operator] [9610c361] 23:41:18.974 [ReconcilerExecutor-hivemq-controller-65] DEBUG c.h.p.o.h.HiveMQPlatformReconcilerErrorHandler - [helmrest] Pod 'test-hivemq-platform-0' condition 'Initialized': False
2025-01-28 23:41:18,978 INFO c.h.h.t.HelmChartContainer - [hivemq-test-hivemq-platform] [hivemq-platform-operator] [9610c361] 23:41:18.974 [ReconcilerExecutor-hivemq-controller-65] DEBUG c.h.p.o.h.HiveMQPlatformReconcilerErrorHandler - [helmrest] Pod 'test-hivemq-platform-0' condition 'Ready': False
2025-01-28 23:41:18,978 INFO c.h.h.t.HelmChartContainer - [hivemq-test-hivemq-platform] [hivemq-platform-operator] [9610c361] 23:41:18.974 [ReconcilerExecutor-hivemq-controller-65] DEBUG c.h.p.o.h.HiveMQPlatformReconcilerErrorHandler - [helmrest] Pod 'test-hivemq-platform-0' condition 'ContainersReady': False
2025-01-28 23:41:18,978 INFO c.h.h.t.HelmChartContainer - [hivemq-test-hivemq-platform] [hivemq-platform-operator] [9610c361] 23:41:18.975 [ReconcilerExecutor-hivemq-controller-65] DEBUG c.h.p.o.h.HiveMQPlatformReconcilerErrorHandler - [helmrest] Pod 'test-hivemq-platform-0' condition 'PodScheduled': True
2025-01-28 23:41:18,978 INFO c.h.h.t.HelmChartContainer - [hivemq-test-hivemq-platform] [hivemq-platform-operator] [9610c361] 23:41:18.975 [ReconcilerExecutor-hivemq-controller-65] DEBUG c.h.p.o.h.HiveMQPlatformReconcilerErrorHandler - [helmrest] Pod 'test-hivemq-platform-0' containerStatus 'hivemq' (started: false) (ready: false) (waiting: [PodInitializing] null)
2025-01-28 23:41:18,978 INFO c.h.h.t.HelmChartContainer - [hivemq-test-hivemq-platform] [hivemq-platform-operator] [9610c361] 23:41:18.977 [ReconcilerExecutor-hivemq-controller-65] INFO  c.h.p.o.h.HiveMQPlatformReconcilerBaseHandler - [helmrest] HiveMQ Platform is starting, 0 of 1 replicas are ready
2025-01-28 23:41:19,065 INFO c.h.h.t.HelmChartContainer - [hivemq-test-hivemq-platform] [hivemq-platform-operator] [9610c361] 23:41:19.061 [pool-6-thread-22] DEBUG c.h.p.o.d.PlatformServiceResource - [helmrest] Desired Platform services (2 services)
2025-01-28 23:41:19,065 INFO c.h.h.t.HelmChartContainer - [hivemq-test-hivemq-platform] [hivemq-platform-operator] [9610c361] 23:41:19.062 [pool-6-thread-23] DEBUG c.h.p.o.dependants.PodInfoConfigMap - [helmrest] Desired PodInfo ConfigMap (1 extensions) (1 enabled)
2025-01-28 23:41:19,065 INFO c.h.h.t.HelmChartContainer - [hivemq-test-hivemq-platform] [hivemq-platform-operator] [9610c361] 23:41:19.065 [pool-6-thread-23] DEBUG c.h.p.o.dependants.PodInfoConfigMap - [helmrest] Desired PodInfo ConfigMap (metrics port: 9399) (metrics path: /)
2025-01-28 23:41:19,066 INFO c.h.h.t.HelmChartContainer - [hivemq-test-hivemq-platform] [hivemq-platform-operator] [9610c361] 23:41:19.065 [pool-6-thread-23] DEBUG c.h.p.o.dependants.PodInfoConfigMap - [helmrest] Desired PodInfo ConfigMap (extension state hash: -1817474005)
2025-01-28 23:41:19,067 INFO c.h.h.t.HelmChartContainer - [hivemq-test-hivemq-platform] [hivemq-platform-operator] [9610c361] 23:41:19.067 [pool-6-thread-27] DEBUG c.h.p.o.d.PodServiceAccountResource - [helmrest] Desired PodServiceAccountResource (serviceAccountName: hivemq-platform-pod-test-hivemq-platform)
2025-01-28 23:41:19,073 INFO c.h.h.t.HelmChartContainer - [hivemq-test-hivemq-platform] [hivemq-platform-operator] [9610c361] 23:41:19.072 [pool-6-thread-30] DEBUG c.h.p.o.d.StatefulSetResource - [helmrest] Desired StatefulSet (1 replicas) for status STARTING (READY)
2025-01-28 23:41:19,163 INFO c.h.h.t.HelmChartContainer - [hivemq-test-hivemq-platform] [hivemq-platform-operator] [9610c361] 23:41:19.161 [ReconcilerExecutor-hivemq-controller-76] INFO  c.h.p.o.HiveMQPlatformReconciler - [helmrest] Reconciling HiveMQ Platform 'test-hivemq-platform' in namespace 'helmrestapiit'
2025-01-28 23:41:19,164 INFO c.h.h.t.HelmChartContainer - [hivemq-test-hivemq-platform] [hivemq-platform-operator] [9610c361] 23:41:19.161 [ReconcilerExecutor-hivemq-controller-76] DEBUG c.h.p.o.HiveMQPlatformReconciler - [helmrest] Custom Resource Status STARTING - HiveMQ Platform is starting (READY)
2025-01-28 23:41:19,164 INFO c.h.h.t.HelmChartContainer - [hivemq-test-hivemq-platform] [hivemq-platform-operator] [9610c361] 23:41:19.161 [ReconcilerExecutor-hivemq-controller-76] DEBUG c.h.p.o.HiveMQPlatformReconciler - [helmrest] Custom Resource Spec (replicas: 1) (extensions: 1)
2025-01-28 23:41:19,165 INFO c.h.h.t.HelmChartContainer - [hivemq-test-hivemq-platform] [hivemq-platform-operator] [9610c361] 23:41:19.164 [ReconcilerExecutor-hivemq-controller-76] DEBUG c.h.p.o.HiveMQPlatformReconciler - [helmrest] StatefulSet Status (revision: test-hivemq-platform-54dd684c8, replicas: 1, available: 0, ready: 0, current: 1, updated: 1)
2025-01-28 23:41:19,166 INFO c.h.h.t.HelmChartContainer - [hivemq-test-hivemq-platform] [hivemq-platform-operator] [9610c361] 23:41:19.164 [ReconcilerExecutor-hivemq-controller-76] DEBUG c.h.p.o.HiveMQPlatformReconciler - [helmrest] StatefulSet Spec (replicas: 1, init containers: 1, containers: 1, volumes: 3)
2025-01-28 23:41:19,168 INFO c.h.h.t.HelmChartContainer - [hivemq-test-hivemq-platform] [hivemq-platform-operator] [9610c361] 23:41:19.166 [ReconcilerExecutor-hivemq-controller-76] DEBUG c.h.p.o.h.HiveMQPlatformReconcilerErrorHandler - [helmrest] Pod 'test-hivemq-platform-0' phase Pending
2025-01-28 23:41:19,168 INFO c.h.h.t.HelmChartContainer - [hivemq-test-hivemq-platform] [hivemq-platform-operator] [9610c361] 23:41:19.166 [ReconcilerExecutor-hivemq-controller-76] DEBUG c.h.p.o.h.HiveMQPlatformReconcilerErrorHandler - [helmrest] Pod 'test-hivemq-platform-0' condition 'PodReadyToStartContainers': False
2025-01-28 23:41:19,168 INFO c.h.h.t.HelmChartContainer - [hivemq-test-hivemq-platform] [hivemq-platform-operator] [9610c361] 23:41:19.166 [ReconcilerExecutor-hivemq-controller-76] DEBUG c.h.p.o.h.HiveMQPlatformReconcilerErrorHandler - [helmrest] Pod 'test-hivemq-platform-0' condition 'Initialized': False
2025-01-28 23:41:19,168 INFO c.h.h.t.HelmChartContainer - [hivemq-test-hivemq-platform] [hivemq-platform-operator] [9610c361] 23:41:19.167 [ReconcilerExecutor-hivemq-controller-76] DEBUG c.h.p.o.h.HiveMQPlatformReconcilerErrorHandler - [helmrest] Pod 'test-hivemq-platform-0' condition 'Ready': False
2025-01-28 23:41:19,168 INFO c.h.h.t.HelmChartContainer - [hivemq-test-hivemq-platform] [hivemq-platform-operator] [9610c361] 23:41:19.167 [ReconcilerExecutor-hivemq-controller-76] DEBUG c.h.p.o.h.HiveMQPlatformReconcilerErrorHandler - [helmrest] Pod 'test-hivemq-platform-0' condition 'ContainersReady': False
2025-01-28 23:41:19,168 INFO c.h.h.t.HelmChartContainer - [hivemq-test-hivemq-platform] [hivemq-platform-operator] [9610c361] 23:41:19.167 [ReconcilerExecutor-hivemq-controller-76] DEBUG c.h.p.o.h.HiveMQPlatformReconcilerErrorHandler - [helmrest] Pod 'test-hivemq-platform-0' condition 'PodScheduled': True
2025-01-28 23:41:19,169 INFO c.h.h.t.HelmChartContainer - [hivemq-test-hivemq-platform] [hivemq-platform-operator] [9610c361] 23:41:19.167 [ReconcilerExecutor-hivemq-controller-76] DEBUG c.h.p.o.h.HiveMQPlatformReconcilerErrorHandler - [helmrest] Pod 'test-hivemq-platform-0' containerStatus 'hivemq' (started: false) (ready: false) (waiting: [PodInitializing] null)
2025-01-28 23:41:19,170 INFO c.h.h.t.HelmChartContainer - [hivemq-test-hivemq-platform] [hivemq-platform-operator] [9610c361] 23:41:19.168 [ReconcilerExecutor-hivemq-controller-76] INFO  c.h.p.o.h.HiveMQPlatformReconcilerBaseHandler - [helmrest] HiveMQ Platform is starting, 0 of 1 replicas are ready
2025-01-28 23:41:19,183 INFO c.h.h.t.HelmChartContainer - [EVENT] Normal [Pulled] Container image "docker.io/hivemq/hivemq-platform-operator-init-test:snapshot" already present on machine [helmrestapiit:test-hivemq-platform-0]
2025-01-28 23:41:19,296 INFO c.h.h.t.HelmChartContainer - [EVENT] Normal [Created] Created container: hivemq-platform-operator-init [helmrestapiit:test-hivemq-platform-0]
2025-01-28 23:41:19,331 INFO c.h.h.t.HelmChartContainer - [EVENT] Normal [Started] Started container hivemq-platform-operator-init [helmrestapiit:test-hivemq-platform-0]
2025-01-28 23:41:19,912 INFO c.h.h.t.HelmChartContainer - [POD] test-hivemq-platform-0 [117cfab8-72d8-458f-80b2-7ca2297367f1] in helmrestapiit was MODIFIED
2025-01-28 23:41:19,925 INFO c.h.h.t.HelmChartContainer - [hivemq-test-hivemq-platform] [hivemq-platform-operator] [9610c361] 23:41:19.921 [pool-6-thread-32] DEBUG c.h.p.o.d.PlatformServiceResource - [helmrest] Desired Platform services (2 services)
2025-01-28 23:41:19,926 INFO c.h.h.t.HelmChartContainer - [hivemq-test-hivemq-platform] [hivemq-platform-operator] [9610c361] 23:41:19.923 [pool-6-thread-33] DEBUG c.h.p.o.dependants.PodInfoConfigMap - [helmrest] Desired PodInfo ConfigMap (1 extensions) (1 enabled)
2025-01-28 23:41:19,926 INFO c.h.h.t.HelmChartContainer - [hivemq-test-hivemq-platform] [hivemq-platform-operator] [9610c361] 23:41:19.923 [pool-6-thread-33] DEBUG c.h.p.o.dependants.PodInfoConfigMap - [helmrest] Desired PodInfo ConfigMap (metrics port: 9399) (metrics path: /)
2025-01-28 23:41:19,926 INFO c.h.h.t.HelmChartContainer - [hivemq-test-hivemq-platform] [hivemq-platform-operator] [9610c361] 23:41:19.923 [pool-6-thread-33] DEBUG c.h.p.o.dependants.PodInfoConfigMap - [helmrest] Desired PodInfo ConfigMap (extension state hash: -1817474005)
2025-01-28 23:41:19,933 INFO c.h.h.t.HelmChartContainer - [hivemq-test-hivemq-platform] [hivemq-platform-operator] [9610c361] 23:41:19.931 [pool-6-thread-37] DEBUG c.h.p.o.d.PodServiceAccountResource - [helmrest] Desired PodServiceAccountResource (serviceAccountName: hivemq-platform-pod-test-hivemq-platform)
2025-01-28 23:41:19,962 INFO c.h.h.t.HelmChartContainer - [hivemq-test-hivemq-platform] [hivemq-platform-operator] [9610c361] 23:41:19.960 [pool-6-thread-40] DEBUG c.h.p.o.d.StatefulSetResource - [helmrest] Desired StatefulSet (1 replicas) for status STARTING (READY)
2025-01-28 23:41:19,966 INFO c.h.h.t.HelmChartContainer - [hivemq-test-hivemq-platform] [hivemq-platform-operator] [9610c361] 23:41:19.965 [ReconcilerExecutor-hivemq-controller-87] INFO  c.h.p.o.HiveMQPlatformReconciler - [helmrest] Reconciling HiveMQ Platform 'test-hivemq-platform' in namespace 'helmrestapiit'
2025-01-28 23:41:19,967 INFO c.h.h.t.HelmChartContainer - [hivemq-test-hivemq-platform] [hivemq-platform-operator] [9610c361] 23:41:19.965 [ReconcilerExecutor-hivemq-controller-87] DEBUG c.h.p.o.HiveMQPlatformReconciler - [helmrest] Custom Resource Status STARTING - HiveMQ Platform is starting (READY)
2025-01-28 23:41:19,967 INFO c.h.h.t.HelmChartContainer - [hivemq-test-hivemq-platform] [hivemq-platform-operator] [9610c361] 23:41:19.966 [ReconcilerExecutor-hivemq-controller-87] DEBUG c.h.p.o.HiveMQPlatformReconciler - [helmrest] Custom Resource Spec (replicas: 1) (extensions: 1)
2025-01-28 23:41:19,971 INFO c.h.h.t.HelmChartContainer - [hivemq-test-hivemq-platform] [hivemq-platform-operator] [9610c361] 23:41:19.970 [ReconcilerExecutor-hivemq-controller-87] DEBUG c.h.p.o.HiveMQPlatformReconciler - [helmrest] StatefulSet Status (revision: test-hivemq-platform-54dd684c8, replicas: 1, available: 0, ready: 0, current: 1, updated: 1)
2025-01-28 23:41:19,971 INFO c.h.h.t.HelmChartContainer - [hivemq-test-hivemq-platform] [hivemq-platform-operator] [9610c361] 23:41:19.970 [ReconcilerExecutor-hivemq-controller-87] DEBUG c.h.p.o.HiveMQPlatformReconciler - [helmrest] StatefulSet Spec (replicas: 1, init containers: 1, containers: 1, volumes: 3)
2025-01-28 23:41:20,029 INFO c.h.h.t.HelmChartContainer - [hivemq-test-hivemq-platform] [hivemq-platform-operator] [9610c361] 23:41:20.025 [ReconcilerExecutor-hivemq-controller-87] DEBUG c.h.p.o.h.HiveMQPlatformReconcilerErrorHandler - [helmrest] Pod 'test-hivemq-platform-0' phase Pending
2025-01-28 23:41:20,030 INFO c.h.h.t.HelmChartContainer - [hivemq-test-hivemq-platform] [hivemq-platform-operator] [9610c361] 23:41:20.026 [ReconcilerExecutor-hivemq-controller-87] DEBUG c.h.p.o.h.HiveMQPlatformReconcilerErrorHandler - [helmrest] Pod 'test-hivemq-platform-0' condition 'PodReadyToStartContainers': True
2025-01-28 23:41:20,030 INFO c.h.h.t.HelmChartContainer - [hivemq-test-hivemq-platform] [hivemq-platform-operator] [9610c361] 23:41:20.026 [ReconcilerExecutor-hivemq-controller-87] DEBUG c.h.p.o.h.HiveMQPlatformReconcilerErrorHandler - [helmrest] Pod 'test-hivemq-platform-0' condition 'Initialized': False
2025-01-28 23:41:20,030 INFO c.h.h.t.HelmChartContainer - [hivemq-test-hivemq-platform] [hivemq-platform-operator] [9610c361] 23:41:20.026 [ReconcilerExecutor-hivemq-controller-87] DEBUG c.h.p.o.h.HiveMQPlatformReconcilerErrorHandler - [helmrest] Pod 'test-hivemq-platform-0' condition 'Ready': False
2025-01-28 23:41:20,030 INFO c.h.h.t.HelmChartContainer - [hivemq-test-hivemq-platform] [hivemq-platform-operator] [9610c361] 23:41:20.026 [ReconcilerExecutor-hivemq-controller-87] DEBUG c.h.p.o.h.HiveMQPlatformReconcilerErrorHandler - [helmrest] Pod 'test-hivemq-platform-0' condition 'ContainersReady': False
2025-01-28 23:41:20,030 INFO c.h.h.t.HelmChartContainer - [hivemq-test-hivemq-platform] [hivemq-platform-operator] [9610c361] 23:41:20.026 [ReconcilerExecutor-hivemq-controller-87] DEBUG c.h.p.o.h.HiveMQPlatformReconcilerErrorHandler - [helmrest] Pod 'test-hivemq-platform-0' condition 'PodScheduled': True
2025-01-28 23:41:20,030 INFO c.h.h.t.HelmChartContainer - [hivemq-test-hivemq-platform] [hivemq-platform-operator] [9610c361] 23:41:20.026 [ReconcilerExecutor-hivemq-controller-87] DEBUG c.h.p.o.h.HiveMQPlatformReconcilerErrorHandler - [helmrest] Pod 'test-hivemq-platform-0' containerStatus 'hivemq' (started: false) (ready: false) (waiting: [PodInitializing] null)
2025-01-28 23:41:20,030 INFO c.h.h.t.HelmChartContainer - [hivemq-test-hivemq-platform] [hivemq-platform-operator] [9610c361] 23:41:20.027 [ReconcilerExecutor-hivemq-controller-87] INFO  c.h.p.o.h.HiveMQPlatformReconcilerBaseHandler - [helmrest] HiveMQ Platform is starting, 0 of 1 replicas are ready
2025-01-28 23:41:20,906 INFO c.h.h.t.HelmChartContainer - [EVENT] Normal [Pulled] Container image "docker.io/hivemq/hivemq4:4.36.0" already present on machine [helmrestapiit:test-hivemq-platform-0]
2025-01-28 23:41:20,907 INFO c.h.h.t.HelmChartContainer - Received Pulled event for container hivemq in pod test-hivemq-platform-0 [117cfab8-72d8-458f-80b2-7ca2297367f1]
2025-01-28 23:41:20,914 INFO c.h.h.t.HelmChartContainer - [POD] test-hivemq-platform-0 [117cfab8-72d8-458f-80b2-7ca2297367f1] in helmrestapiit was MODIFIED
2025-01-28 23:41:20,922 INFO c.h.h.t.HelmChartContainer - [hivemq-test-hivemq-platform] [hivemq-platform-operator] [9610c361] 23:41:20.920 [pool-6-thread-42] DEBUG c.h.p.o.d.PlatformServiceResource - [helmrest] Desired Platform services (2 services)
2025-01-28 23:41:20,923 INFO c.h.h.t.HelmChartContainer - [hivemq-test-hivemq-platform] [hivemq-platform-operator] [9610c361] 23:41:20.921 [pool-6-thread-43] DEBUG c.h.p.o.dependants.PodInfoConfigMap - [helmrest] Desired PodInfo ConfigMap (1 extensions) (1 enabled)
2025-01-28 23:41:20,923 INFO c.h.h.t.HelmChartContainer - [hivemq-test-hivemq-platform] [hivemq-platform-operator] [9610c361] 23:41:20.921 [pool-6-thread-43] DEBUG c.h.p.o.dependants.PodInfoConfigMap - [helmrest] Desired PodInfo ConfigMap (metrics port: 9399) (metrics path: /)
2025-01-28 23:41:20,923 INFO c.h.h.t.HelmChartContainer - [hivemq-test-hivemq-platform] [hivemq-platform-operator] [9610c361] 23:41:20.921 [pool-6-thread-43] DEBUG c.h.p.o.dependants.PodInfoConfigMap - [helmrest] Desired PodInfo ConfigMap (extension state hash: -1817474005)
2025-01-28 23:41:20,925 INFO c.h.h.t.HelmChartContainer - [hivemq-test-hivemq-platform] [hivemq-platform-operator] [9610c361] 23:41:20.924 [pool-6-thread-47] DEBUG c.h.p.o.d.PodServiceAccountResource - [helmrest] Desired PodServiceAccountResource (serviceAccountName: hivemq-platform-pod-test-hivemq-platform)
2025-01-28 23:41:20,931 INFO c.h.h.t.HelmChartContainer - [hivemq-test-hivemq-platform] [hivemq-platform-operator] [9610c361] 23:41:20.930 [pool-6-thread-50] DEBUG c.h.p.o.d.StatefulSetResource - [helmrest] Desired StatefulSet (1 replicas) for status STARTING (READY)
2025-01-28 23:41:20,961 INFO c.h.h.t.HelmChartContainer - [hivemq-test-hivemq-platform] [hivemq-platform-operator] [9610c361] 23:41:20.960 [ReconcilerExecutor-hivemq-controller-98] INFO  c.h.p.o.HiveMQPlatformReconciler - [helmrest] Reconciling HiveMQ Platform 'test-hivemq-platform' in namespace 'helmrestapiit'
2025-01-28 23:41:20,962 INFO c.h.h.t.HelmChartContainer - [hivemq-test-hivemq-platform] [hivemq-platform-operator] [9610c361] 23:41:20.960 [ReconcilerExecutor-hivemq-controller-98] DEBUG c.h.p.o.HiveMQPlatformReconciler - [helmrest] Custom Resource Status STARTING - HiveMQ Platform is starting (READY)
2025-01-28 23:41:20,962 INFO c.h.h.t.HelmChartContainer - [hivemq-test-hivemq-platform] [hivemq-platform-operator] [9610c361] 23:41:20.960 [ReconcilerExecutor-hivemq-controller-98] DEBUG c.h.p.o.HiveMQPlatformReconciler - [helmrest] Custom Resource Spec (replicas: 1) (extensions: 1)
2025-01-28 23:41:20,965 INFO c.h.h.t.HelmChartContainer - [hivemq-test-hivemq-platform] [hivemq-platform-operator] [9610c361] 23:41:20.964 [ReconcilerExecutor-hivemq-controller-98] DEBUG c.h.p.o.HiveMQPlatformReconciler - [helmrest] StatefulSet Status (revision: test-hivemq-platform-54dd684c8, replicas: 1, available: 0, ready: 0, current: 1, updated: 1)
2025-01-28 23:41:20,968 INFO c.h.h.t.HelmChartContainer - [hivemq-test-hivemq-platform] [hivemq-platform-operator] [9610c361] 23:41:20.965 [ReconcilerExecutor-hivemq-controller-98] DEBUG c.h.p.o.HiveMQPlatformReconciler - [helmrest] StatefulSet Spec (replicas: 1, init containers: 1, containers: 1, volumes: 3)
2025-01-28 23:41:20,970 INFO c.h.h.t.HelmChartContainer - [hivemq-test-hivemq-platform] [hivemq-platform-operator] [9610c361] 23:41:20.969 [ReconcilerExecutor-hivemq-controller-98] DEBUG c.h.p.o.h.HiveMQPlatformReconcilerErrorHandler - [helmrest] Pod 'test-hivemq-platform-0' phase Pending
2025-01-28 23:41:20,971 INFO c.h.h.t.HelmChartContainer - [hivemq-test-hivemq-platform] [hivemq-platform-operator] [9610c361] 23:41:20.970 [ReconcilerExecutor-hivemq-controller-98] DEBUG c.h.p.o.h.HiveMQPlatformReconcilerErrorHandler - [helmrest] Pod 'test-hivemq-platform-0' condition 'PodReadyToStartContainers': True
2025-01-28 23:41:20,971 INFO c.h.h.t.HelmChartContainer - [hivemq-test-hivemq-platform] [hivemq-platform-operator] [9610c361] 23:41:20.970 [ReconcilerExecutor-hivemq-controller-98] DEBUG c.h.p.o.h.HiveMQPlatformReconcilerErrorHandler - [helmrest] Pod 'test-hivemq-platform-0' condition 'Initialized': True
2025-01-28 23:41:20,971 INFO c.h.h.t.HelmChartContainer - [hivemq-test-hivemq-platform] [hivemq-platform-operator] [9610c361] 23:41:20.970 [ReconcilerExecutor-hivemq-controller-98] DEBUG c.h.p.o.h.HiveMQPlatformReconcilerErrorHandler - [helmrest] Pod 'test-hivemq-platform-0' condition 'Ready': False
2025-01-28 23:41:20,971 INFO c.h.h.t.HelmChartContainer - [hivemq-test-hivemq-platform] [hivemq-platform-operator] [9610c361] 23:41:20.970 [ReconcilerExecutor-hivemq-controller-98] DEBUG c.h.p.o.h.HiveMQPlatformReconcilerErrorHandler - [helmrest] Pod 'test-hivemq-platform-0' condition 'ContainersReady': False
2025-01-28 23:41:20,971 INFO c.h.h.t.HelmChartContainer - [hivemq-test-hivemq-platform] [hivemq-platform-operator] [9610c361] 23:41:20.970 [ReconcilerExecutor-hivemq-controller-98] DEBUG c.h.p.o.h.HiveMQPlatformReconcilerErrorHandler - [helmrest] Pod 'test-hivemq-platform-0' condition 'PodScheduled': True
2025-01-28 23:41:20,971 INFO c.h.h.t.HelmChartContainer - [hivemq-test-hivemq-platform] [hivemq-platform-operator] [9610c361] 23:41:20.970 [ReconcilerExecutor-hivemq-controller-98] DEBUG c.h.p.o.h.HiveMQPlatformReconcilerErrorHandler - [helmrest] Pod 'test-hivemq-platform-0' containerStatus 'hivemq' (started: false) (ready: false) (waiting: [PodInitializing] null)
2025-01-28 23:41:21,026 INFO c.h.h.t.HelmChartContainer - [hivemq-test-hivemq-platform] [hivemq-platform-operator] [9610c361] 23:41:21.025 [ReconcilerExecutor-hivemq-controller-98] INFO  c.h.p.o.h.HiveMQPlatformReconcilerBaseHandler - [helmrest] HiveMQ Platform is starting, 0 of 1 replicas are ready
2025-01-28 23:41:21,954 INFO c.h.h.t.HelmChartContainer - [EVENT] Normal [Created] Created container: hivemq [helmrestapiit:test-hivemq-platform-0]
2025-01-28 23:41:21,954 INFO c.h.h.t.HelmChartContainer - Received Created event for container hivemq in pod test-hivemq-platform-0 [117cfab8-72d8-458f-80b2-7ca2297367f1]
2025-01-28 23:41:22,918 INFO c.h.h.t.HelmChartContainer - [POD] test-hivemq-platform-0 [117cfab8-72d8-458f-80b2-7ca2297367f1] in helmrestapiit was MODIFIED
2025-01-28 23:41:22,927 INFO c.h.h.t.HelmChartContainer - [EVENT] Normal [Started] Started container hivemq [helmrestapiit:test-hivemq-platform-0]
2025-01-28 23:41:22,927 INFO c.h.h.t.HelmChartContainer - Received Started event for container hivemq in pod test-hivemq-platform-0 [117cfab8-72d8-458f-80b2-7ca2297367f1]
2025-01-28 23:41:22,927 INFO c.h.h.t.HelmChartContainer - Started log watcher for hivemq in pod test-hivemq-platform-0 [117cfab8-72d8-458f-80b2-7ca2297367f1]
2025-01-28 23:41:22,930 INFO c.h.h.t.HelmChartContainer - [test-hivemq-platform] [hivemq] [117cfab8] Adding pre-installed HiveMQ Platform Operator extensions
2025-01-28 23:41:22,930 INFO c.h.h.t.HelmChartContainer - [hivemq-test-hivemq-platform] [hivemq-platform-operator] [9610c361] 23:41:22.927 [pool-6-thread-8] DEBUG c.h.p.o.d.PlatformServiceResource - [helmrest] Desired Platform services (2 services)
2025-01-28 23:41:22,930 INFO c.h.h.t.HelmChartContainer - [hivemq-test-hivemq-platform] [hivemq-platform-operator] [9610c361] 23:41:22.928 [pool-6-thread-6] DEBUG c.h.p.o.dependants.PodInfoConfigMap - [helmrest] Desired PodInfo ConfigMap (1 extensions) (1 enabled)
2025-01-28 23:41:22,930 INFO c.h.h.t.HelmChartContainer - [hivemq-test-hivemq-platform] [hivemq-platform-operator] [9610c361] 23:41:22.928 [pool-6-thread-6] DEBUG c.h.p.o.dependants.PodInfoConfigMap - [helmrest] Desired PodInfo ConfigMap (metrics port: 9399) (metrics path: /)
2025-01-28 23:41:22,930 INFO c.h.h.t.HelmChartContainer - [test-hivemq-platform] [hivemq] [117cfab8] Running as user 10000
2025-01-28 23:41:22,930 INFO c.h.h.t.HelmChartContainer - [hivemq-test-hivemq-platform] [hivemq-platform-operator] [9610c361] 23:41:22.928 [pool-6-thread-6] DEBUG c.h.p.o.dependants.PodInfoConfigMap - [helmrest] Desired PodInfo ConfigMap (extension state hash: -1817474005)
2025-01-28 23:41:22,930 INFO c.h.h.t.HelmChartContainer - [test-hivemq-platform] [hivemq] [117cfab8] Starting HiveMQ Platform Operator Init
2025-01-28 23:41:22,935 INFO c.h.h.t.HelmChartContainer - [hivemq-test-hivemq-platform] [hivemq-platform-operator] [9610c361] 23:41:22.930 [pool-6-thread-3] DEBUG c.h.p.o.d.PodServiceAccountResource - [helmrest] Desired PodServiceAccountResource (serviceAccountName: hivemq-platform-pod-test-hivemq-platform)
2025-01-28 23:41:22,940 INFO c.h.h.t.HelmChartContainer - [hivemq-test-hivemq-platform] [hivemq-platform-operator] [9610c361] 23:41:22.938 [pool-6-thread-8] DEBUG c.h.p.o.d.StatefulSetResource - [helmrest] Desired StatefulSet (1 replicas) for status STARTING (READY)
2025-01-28 23:41:22,963 INFO c.h.h.t.HelmChartContainer - [hivemq-test-hivemq-platform] [hivemq-platform-operator] [9610c361] 23:41:22.962 [ReconcilerExecutor-hivemq-controller-109] INFO  c.h.p.o.HiveMQPlatformReconciler - [helmrest] Reconciling HiveMQ Platform 'test-hivemq-platform' in namespace 'helmrestapiit'
2025-01-28 23:41:22,964 INFO c.h.h.t.HelmChartContainer - [hivemq-test-hivemq-platform] [hivemq-platform-operator] [9610c361] 23:41:22.962 [ReconcilerExecutor-hivemq-controller-109] DEBUG c.h.p.o.HiveMQPlatformReconciler - [helmrest] Custom Resource Status STARTING - HiveMQ Platform is starting (READY)
2025-01-28 23:41:22,964 INFO c.h.h.t.HelmChartContainer - [hivemq-test-hivemq-platform] [hivemq-platform-operator] [9610c361] 23:41:22.962 [ReconcilerExecutor-hivemq-controller-109] DEBUG c.h.p.o.HiveMQPlatformReconciler - [helmrest] Custom Resource Spec (replicas: 1) (extensions: 1)
2025-01-28 23:41:22,966 INFO c.h.h.t.HelmChartContainer - [hivemq-test-hivemq-platform] [hivemq-platform-operator] [9610c361] 23:41:22.965 [ReconcilerExecutor-hivemq-controller-109] DEBUG c.h.p.o.HiveMQPlatformReconciler - [helmrest] StatefulSet Status (revision: test-hivemq-platform-54dd684c8, replicas: 1, available: 0, ready: 0, current: 1, updated: 1)
2025-01-28 23:41:22,966 INFO c.h.h.t.HelmChartContainer - [hivemq-test-hivemq-platform] [hivemq-platform-operator] [9610c361] 23:41:22.965 [ReconcilerExecutor-hivemq-controller-109] DEBUG c.h.p.o.HiveMQPlatformReconciler - [helmrest] StatefulSet Spec (replicas: 1, init containers: 1, containers: 1, volumes: 3)
2025-01-28 23:41:22,968 INFO c.h.h.t.HelmChartContainer - [hivemq-test-hivemq-platform] [hivemq-platform-operator] [9610c361] 23:41:22.967 [ReconcilerExecutor-hivemq-controller-109] DEBUG c.h.p.o.h.HiveMQPlatformReconcilerErrorHandler - [helmrest] Pod 'test-hivemq-platform-0' phase Running
2025-01-28 23:41:23,027 INFO c.h.h.t.HelmChartContainer - [hivemq-test-hivemq-platform] [hivemq-platform-operator] [9610c361] 23:41:23.026 [ReconcilerExecutor-hivemq-controller-109] INFO  c.h.p.o.h.HiveMQPlatformReconcilerBaseHandler - [helmrest] HiveMQ Platform is starting, 0 of 1 replicas are ready
2025-01-28 23:41:23,153 INFO c.h.h.t.HelmChartContainer - [test-hivemq-platform] [hivemq] [117cfab8] INFO  - [HiveMQ Platform Operator Init 1.7.0-SNAPSHOT] HiveMQ Platform Operator Init 1.7.0-SNAPSHOT (commit: bebf408 on branch: HEAD) built on Sun Jan 26 20:47:47 UTC 2025
2025-01-28 23:41:24,198 INFO c.h.h.t.HelmChartContainer - [test-hivemq-platform] [hivemq] [117cfab8] INFO  - [HiveMQ Platform Operator Init App 1.7.0-SNAPSHOT] Using bind address 10.42.0.15 from environment variable
2025-01-28 23:41:25,154 INFO c.h.h.t.HelmChartContainer - [test-hivemq-platform] [hivemq] [117cfab8] INFO  - [HiveMQ Platform Operator Init App 1.7.0-SNAPSHOT] HiveMQ Platform Operator Init App 1.7.0-SNAPSHOT (commit: bebf408 on branch: HEAD) built on Sun Jan 26 20:47:47 UTC 2025
2025-01-28 23:41:25,154 INFO c.h.h.t.HelmChartContainer - [test-hivemq-platform] [hivemq] [117cfab8] INFO  - [HiveMQ Platform Operator Init App 1.7.0-SNAPSHOT] PodInfo ConfigMap directory: /etc/podinfo
2025-01-28 23:41:25,154 INFO c.h.h.t.HelmChartContainer - [test-hivemq-platform] [hivemq] [117cfab8] INFO  - [HiveMQ Platform Operator Init App 1.7.0-SNAPSHOT] HiveMQ home directory: /opt/hivemq
2025-01-28 23:41:25,154 INFO c.h.h.t.HelmChartContainer - [test-hivemq-platform] [hivemq] [117cfab8] INFO  - [HiveMQ Platform Operator Init App 1.7.0-SNAPSHOT] HiveMQ Logback folder: /opt/hivemq/conf
2025-01-28 23:41:25,154 INFO c.h.h.t.HelmChartContainer - [test-hivemq-platform] [hivemq] [117cfab8] INFO  - [HiveMQ Platform Operator Init App 1.7.0-SNAPSHOT] HiveMQ Config folder: /opt/hivemq/conf-k8s
2025-01-28 23:41:25,155 INFO c.h.h.t.HelmChartContainer - [test-hivemq-platform] [hivemq] [117cfab8] INFO  - [HiveMQ Platform Operator Init App 1.7.0-SNAPSHOT] Starting HiveMQ Platform Operator Init App
2025-01-28 23:41:25,155 INFO c.h.h.t.HelmChartContainer - [test-hivemq-platform] [hivemq] [117cfab8] INFO  - [HiveMQ Platform Operator Init App 1.7.0-SNAPSHOT] Starting Pod reconciler
2025-01-28 23:41:26,361 INFO c.h.h.t.HelmChartContainer - [test-hivemq-platform] [hivemq] [117cfab8] INFO  - [HiveMQ Platform Operator Init App 1.7.0-SNAPSHOT] Pod reconciler is scheduled (interval: 5000 ms)
2025-01-28 23:41:26,362 INFO c.h.h.t.HelmChartContainer - [test-hivemq-platform] [hivemq] [117cfab8] INFO  - [HiveMQ Platform Operator Init App 1.7.0-SNAPSHOT] Starting the REST API on 10.42.0.15:7979
2025-01-28 23:41:26,397 INFO c.h.h.t.HelmChartContainer - [test-hivemq-platform] [hivemq] [117cfab8] INFO  - [HiveMQ Platform Operator Init App 1.7.0-SNAPSHOT] Waiting up to 600s for at most 1 HiveMQ nodes in cluster service hivemq-test-hivemq-platform-cluster.helmrestapiit.svc
2025-01-28 23:41:26,699 INFO c.h.h.t.HelmChartContainer - [test-hivemq-platform] [hivemq] [117cfab8] INFO  - [HiveMQ Platform Operator Init App 1.7.0-SNAPSHOT] Resolved 1 IP addresses: [10.42.0.15]
2025-01-28 23:41:26,700 INFO c.h.h.t.HelmChartContainer - [test-hivemq-platform] [hivemq] [117cfab8] INFO  - [HiveMQ Platform Operator Init App 1.7.0-SNAPSHOT] HiveMQ node count of 1 is within threshold of 1
2025-01-28 23:41:26,700 INFO c.h.h.t.HelmChartContainer - [test-hivemq-platform] [hivemq] [117cfab8] INFO  - [HiveMQ Platform Operator Init App 1.7.0-SNAPSHOT] Proceeding with container start
2025-01-28 23:41:26,763 INFO c.h.h.t.HelmChartContainer - [test-hivemq-platform] [hivemq] [117cfab8] INFO  - [HiveMQ Platform Operator Init App 1.7.0-SNAPSHOT] Initializing HiveMQ Platform extensions with initial configuration: {hivemq-allow-all-extension={start-priority=-1, skip-https-hostname-verification=false, restart=true, config-version=0, header-version=0, c-uri=, priority=-1, uri=preinstalled, skip-https-certificate-validation=false, enabled=true}, hivemq-prometheus-extension={restart=true, priority=-1, start-priority=-1, c-uri=, skip-https-hostname-verification=false, skip-https-certificate-validation=false, uri=preinstalled, request-header-path=no-request-headers, enabled=true}}
2025-01-28 23:41:27,206 INFO c.h.h.t.HelmChartContainer - [test-hivemq-platform] [hivemq] [117cfab8] INFO  - [HiveMQ Platform Operator Init App 1.7.0-SNAPSHOT] Extension hivemq-allow-all-extension was already enabled
2025-01-28 23:41:27,255 INFO c.h.h.t.HelmChartContainer - [test-hivemq-platform] [hivemq] [117cfab8] INFO  - [HiveMQ Platform Operator Init App 1.7.0-SNAPSHOT] Successfully enabled extension hivemq-prometheus-extension
2025-01-28 23:41:27,256 INFO c.h.h.t.HelmChartContainer - [test-hivemq-platform] [hivemq] [117cfab8] INFO  - [HiveMQ Platform Operator Init App 1.7.0-SNAPSHOT] Starting HiveMQ Platform version 4.36.0 (4.36.0)
2025-01-28 23:41:27,256 INFO c.h.h.t.HelmChartContainer - [test-hivemq-platform] [hivemq] [117cfab8] INFO  - [HiveMQ Platform Operator Init App 1.7.0-SNAPSHOT] Configuring the HiveMQ Platform
2025-01-28 23:41:27,303 INFO c.h.h.t.HelmChartContainer - [test-hivemq-platform] [hivemq] [117cfab8] INFO  - [HiveMQ Platform Operator Init App 1.7.0-SNAPSHOT] Changed logback.xml file scan period to 20 seconds
2025-01-28 23:41:27,398 INFO c.h.h.t.HelmChartContainer - [test-hivemq-platform] [hivemq] [117cfab8] INFO  - [HiveMQ Platform Operator Init App 1.7.0-SNAPSHOT] Starting the HiveMQ Platform
2025-01-28 23:41:27,400 INFO c.h.h.t.HelmChartContainer - [test-hivemq-platform] [hivemq] [117cfab8] -------------------------------------------------------------------------
2025-01-28 23:41:27,400 INFO c.h.h.t.HelmChartContainer - [test-hivemq-platform] [hivemq] [117cfab8] 
2025-01-28 23:41:27,400 INFO c.h.h.t.HelmChartContainer - [test-hivemq-platform] [hivemq] [117cfab8]                   _    _  _              __  __   ____
2025-01-28 23:41:27,400 INFO c.h.h.t.HelmChartContainer - [test-hivemq-platform] [hivemq] [117cfab8]                  | |  | |(_)            |  \/  | / __ \
2025-01-28 23:41:27,400 INFO c.h.h.t.HelmChartContainer - [test-hivemq-platform] [hivemq] [117cfab8]                  | |__| | _ __   __ ___ | \  / || |  | |
2025-01-28 23:41:27,400 INFO c.h.h.t.HelmChartContainer - [test-hivemq-platform] [hivemq] [117cfab8]                  |  __  || |\ \ / // _ \| |\/| || |  | |
2025-01-28 23:41:27,400 INFO c.h.h.t.HelmChartContainer - [test-hivemq-platform] [hivemq] [117cfab8]                  | |  | || | \ V /|  __/| |  | || |__| |
2025-01-28 23:41:27,400 INFO c.h.h.t.HelmChartContainer - [test-hivemq-platform] [hivemq] [117cfab8]                  |_|  |_||_|  \_/  \___||_|  |_| \___\_\
2025-01-28 23:41:27,400 INFO c.h.h.t.HelmChartContainer - [test-hivemq-platform] [hivemq] [117cfab8] 
2025-01-28 23:41:27,400 INFO c.h.h.t.HelmChartContainer - [test-hivemq-platform] [hivemq] [117cfab8] -------------------------------------------------------------------------
2025-01-28 23:41:27,400 INFO c.h.h.t.HelmChartContainer - [test-hivemq-platform] [hivemq] [117cfab8] 
2025-01-28 23:41:27,400 INFO c.h.h.t.HelmChartContainer - [test-hivemq-platform] [hivemq] [117cfab8]   HiveMQ Start Script for Linux/Unix v1.14
2025-01-28 23:41:27,401 INFO c.h.h.t.HelmChartContainer - [test-hivemq-platform] [hivemq] [117cfab8] 
2025-01-28 23:41:27,472 INFO c.h.h.t.HelmChartContainer - [test-hivemq-platform] [hivemq] [117cfab8] -------------------------------------------------------------------------
2025-01-28 23:41:27,472 INFO c.h.h.t.HelmChartContainer - [test-hivemq-platform] [hivemq] [117cfab8] 
2025-01-28 23:41:27,472 INFO c.h.h.t.HelmChartContainer - [test-hivemq-platform] [hivemq] [117cfab8]   HIVEMQ_HOME: /opt/hivemq
2025-01-28 23:41:27,472 INFO c.h.h.t.HelmChartContainer - [test-hivemq-platform] [hivemq] [117cfab8] 
2025-01-28 23:41:27,472 INFO c.h.h.t.HelmChartContainer - [test-hivemq-platform] [hivemq] [117cfab8]   JAVA_OPTS: -XX:+UnlockExperimentalVMOptions -XX:InitialRAMPercentage=50 -XX:MaxRAMPercentage=50 -Djava.net.preferIPv4Stack=true --add-opens java.base/java.lang=ALL-UNNAMED --add-opens java.base/java.nio=ALL-UNNAMED --add-opens java.base/sun.nio.ch=ALL-UNNAMED --add-opens jdk.management/com.sun.management.internal=ALL-UNNAMED --add-exports java.base/jdk.internal.misc=ALL-UNNAMED -Djava.security.egd=file:/dev/./urandom -Dcom.sun.management.jmxremote -Dcom.sun.management.jmxremote.port=9010 -Dcom.sun.management.jmxremote.local.only=false -Dcom.sun.management.jmxremote.authenticate=false -Dcom.sun.management.jmxremote.ssl=false -Duser.language=en -Duser.region=US -XX:+CrashOnOutOfMemoryError -XX:+HeapDumpOnOutOfMemoryError
2025-01-28 23:41:27,472 INFO c.h.h.t.HelmChartContainer - [test-hivemq-platform] [hivemq] [117cfab8] 
2025-01-28 23:41:27,472 INFO c.h.h.t.HelmChartContainer - [test-hivemq-platform] [hivemq] [117cfab8]   JAVA_VERSION: 21
2025-01-28 23:41:27,472 INFO c.h.h.t.HelmChartContainer - [test-hivemq-platform] [hivemq] [117cfab8] 
2025-01-28 23:41:27,472 INFO c.h.h.t.HelmChartContainer - [test-hivemq-platform] [hivemq] [117cfab8] -------------------------------------------------------------------------
2025-01-28 23:41:27,472 INFO c.h.h.t.HelmChartContainer - [test-hivemq-platform] [hivemq] [117cfab8] 
2025-01-28 23:41:28,997 INFO c.h.h.t.HelmChartContainer - [test-hivemq-platform] [hivemq] [117cfab8] INFO  - [HiveMQ Platform Operator Init App 1.7.0-SNAPSHOT] Returning default Health API response 503 for readiness
2025-01-28 23:41:29,259 INFO c.h.h.t.HelmChartContainer - [EVENT] Warning [Unhealthy] Readiness probe failed: HTTP probe failed with statuscode: 503 [helmrestapiit:test-hivemq-platform-0]
2025-01-28 23:41:29,259 INFO c.h.h.t.HelmChartContainer - Received Unhealthy event for container hivemq in pod test-hivemq-platform-0 [117cfab8-72d8-458f-80b2-7ca2297367f1]
2025-01-28 23:41:29,901 INFO c.h.h.t.HelmChartContainer - [test-hivemq-platform] [hivemq] [117cfab8] INFO  - Starting HiveMQ Enterprise Server
2025-01-28 23:41:29,951 INFO c.h.h.t.HelmChartContainer - [test-hivemq-platform] [hivemq] [117cfab8] INFO  - HiveMQ version: 4.36.0
2025-01-28 23:41:29,951 INFO c.h.h.t.HelmChartContainer - [test-hivemq-platform] [hivemq] [117cfab8] INFO  - HiveMQ home directory: /opt/hivemq
2025-01-28 23:41:29,952 INFO c.h.h.t.HelmChartContainer - [test-hivemq-platform] [hivemq] [117cfab8] INFO  - Log Configuration was overridden by /opt/hivemq/conf/logback.xml
2025-01-28 23:41:31,059 INFO c.h.h.t.HelmChartContainer - [test-hivemq-platform] [hivemq] [117cfab8] INFO  - Successfully loaded configuration from '/opt/hivemq/conf-k8s/config.xml'.
2025-01-28 23:41:31,455 INFO c.h.h.t.HelmChartContainer - [test-hivemq-platform] [hivemq] [117cfab8] INFO  - This node's ID is iLSp9
2025-01-28 23:41:31,456 INFO c.h.h.t.HelmChartContainer - [test-hivemq-platform] [hivemq] [117cfab8] INFO  - Clustering is enabled
2025-01-28 23:41:33,030 INFO c.h.h.t.HelmChartContainer - [hivemq-test-hivemq-platform] [hivemq-platform-operator] [9610c361] 23:41:33.028 [pool-6-thread-14] DEBUG c.h.p.o.d.PlatformServiceResource - [helmrest] Desired Platform services (2 services)
2025-01-28 23:41:33,030 INFO c.h.h.t.HelmChartContainer - [hivemq-test-hivemq-platform] [hivemq-platform-operator] [9610c361] 23:41:33.030 [pool-6-thread-11] DEBUG c.h.p.o.d.PodServiceAccountResource - [helmrest] Desired PodServiceAccountResource (serviceAccountName: hivemq-platform-pod-test-hivemq-platform)
2025-01-28 23:41:33,033 INFO c.h.h.t.HelmChartContainer - [hivemq-test-hivemq-platform] [hivemq-platform-operator] [9610c361] 23:41:33.030 [pool-6-thread-16] DEBUG c.h.p.o.dependants.PodInfoConfigMap - [helmrest] Desired PodInfo ConfigMap (1 extensions) (1 enabled)
2025-01-28 23:41:33,034 INFO c.h.h.t.HelmChartContainer - [hivemq-test-hivemq-platform] [hivemq-platform-operator] [9610c361] 23:41:33.031 [pool-6-thread-16] DEBUG c.h.p.o.dependants.PodInfoConfigMap - [helmrest] Desired PodInfo ConfigMap (metrics port: 9399) (metrics path: /)
2025-01-28 23:41:33,034 INFO c.h.h.t.HelmChartContainer - [hivemq-test-hivemq-platform] [hivemq-platform-operator] [9610c361] 23:41:33.032 [pool-6-thread-16] DEBUG c.h.p.o.dependants.PodInfoConfigMap - [helmrest] Desired PodInfo ConfigMap (extension state hash: -1817474005)
2025-01-28 23:41:33,036 INFO c.h.h.t.HelmChartContainer - [hivemq-test-hivemq-platform] [hivemq-platform-operator] [9610c361] 23:41:33.036 [pool-6-thread-14] DEBUG c.h.p.o.d.StatefulSetResource - [helmrest] Desired StatefulSet (1 replicas) for status STARTING (READY)
2025-01-28 23:41:33,040 INFO c.h.h.t.HelmChartContainer - [hivemq-test-hivemq-platform] [hivemq-platform-operator] [9610c361] 23:41:33.040 [ReconcilerExecutor-hivemq-controller-110] INFO  c.h.p.o.HiveMQPlatformReconciler - [helmrest] Reconciling HiveMQ Platform 'test-hivemq-platform' in namespace 'helmrestapiit'
2025-01-28 23:41:33,041 INFO c.h.h.t.HelmChartContainer - [hivemq-test-hivemq-platform] [hivemq-platform-operator] [9610c361] 23:41:33.040 [ReconcilerExecutor-hivemq-controller-110] DEBUG c.h.p.o.HiveMQPlatformReconciler - [helmrest] Custom Resource Status STARTING - HiveMQ Platform is starting (READY)
2025-01-28 23:41:33,041 INFO c.h.h.t.HelmChartContainer - [hivemq-test-hivemq-platform] [hivemq-platform-operator] [9610c361] 23:41:33.040 [ReconcilerExecutor-hivemq-controller-110] DEBUG c.h.p.o.HiveMQPlatformReconciler - [helmrest] Custom Resource Spec (replicas: 1) (extensions: 1)
2025-01-28 23:41:33,042 INFO c.h.h.t.HelmChartContainer - [hivemq-test-hivemq-platform] [hivemq-platform-operator] [9610c361] 23:41:33.041 [ReconcilerExecutor-hivemq-controller-110] DEBUG c.h.p.o.HiveMQPlatformReconciler - [helmrest] StatefulSet Status (revision: test-hivemq-platform-54dd684c8, replicas: 1, available: 0, ready: 0, current: 1, updated: 1)
2025-01-28 23:41:33,043 INFO c.h.h.t.HelmChartContainer - [hivemq-test-hivemq-platform] [hivemq-platform-operator] [9610c361] 23:41:33.041 [ReconcilerExecutor-hivemq-controller-110] DEBUG c.h.p.o.HiveMQPlatformReconciler - [helmrest] StatefulSet Spec (replicas: 1, init containers: 1, containers: 1, volumes: 3)
2025-01-28 23:41:33,044 INFO c.h.h.t.HelmChartContainer - [hivemq-test-hivemq-platform] [hivemq-platform-operator] [9610c361] 23:41:33.043 [ReconcilerExecutor-hivemq-controller-110] DEBUG c.h.p.o.h.HiveMQPlatformReconcilerErrorHandler - [helmrest] Pod 'test-hivemq-platform-0' phase Running
2025-01-28 23:41:33,045 INFO c.h.h.t.HelmChartContainer - [hivemq-test-hivemq-platform] [hivemq-platform-operator] [9610c361] 23:41:33.044 [ReconcilerExecutor-hivemq-controller-110] INFO  c.h.p.o.h.HiveMQPlatformReconcilerBaseHandler - [helmrest] HiveMQ Platform is starting, 0 of 1 replicas are ready
2025-01-28 23:41:34,357 INFO c.h.h.t.HelmChartContainer - [test-hivemq-platform] [hivemq] [117cfab8] WARN  - [HiveMQ Platform Operator Init App 1.7.0-SNAPSHOT] Cannot connect to Health API for readiness: null
2025-01-28 23:41:34,361 INFO c.h.h.t.HelmChartContainer - [EVENT] Warning [Unhealthy] Readiness probe failed: HTTP probe failed with statuscode: 503 [helmrestapiit:test-hivemq-platform-0]
2025-01-28 23:41:34,361 INFO c.h.h.t.HelmChartContainer - Received Unhealthy event for container hivemq in pod test-hivemq-platform-0 [117cfab8-72d8-458f-80b2-7ca2297367f1]
2025-01-28 23:41:36,657 INFO c.h.h.t.HelmChartContainer - [test-hivemq-platform] [hivemq] [117cfab8] Jan 28, 2025 11:41:36 PM io.vertx.core.impl.BlockedThreadChecker
2025-01-28 23:41:36,657 INFO c.h.h.t.HelmChartContainer - [test-hivemq-platform] [hivemq] [117cfab8] WARNING: Thread Thread[vert.x-eventloop-thread-1,5,main] has been blocked for 2298 ms, time limit is 2000 ms
2025-01-28 23:41:37,350 INFO c.h.h.t.HelmChartContainer - [test-hivemq-platform] [hivemq] [117cfab8] INFO  - [HiveMQ Platform Operator Init App 1.7.0-SNAPSHOT] Updating Pod HiveMQ Platform Operator Init App version annotation (version: 1.7.0-SNAPSHOT)
2025-01-28 23:41:37,865 INFO c.h.h.t.HelmChartContainer - [POD] test-hivemq-platform-0 [117cfab8-72d8-458f-80b2-7ca2297367f1] in helmrestapiit was MODIFIED
2025-01-28 23:41:37,871 INFO c.h.h.t.HelmChartContainer - [hivemq-test-hivemq-platform] [hivemq-platform-operator] [9610c361] 23:41:37.869 [pool-6-thread-25] DEBUG c.h.p.o.d.PlatformServiceResource - [helmrest] Desired Platform services (2 services)
2025-01-28 23:41:37,871 INFO c.h.h.t.HelmChartContainer - [hivemq-test-hivemq-platform] [hivemq-platform-operator] [9610c361] 23:41:37.869 [pool-6-thread-22] DEBUG c.h.p.o.dependants.PodInfoConfigMap - [helmrest] Desired PodInfo ConfigMap (1 extensions) (1 enabled)
2025-01-28 23:41:37,871 INFO c.h.h.t.HelmChartContainer - [hivemq-test-hivemq-platform] [hivemq-platform-operator] [9610c361] 23:41:37.869 [pool-6-thread-22] DEBUG c.h.p.o.dependants.PodInfoConfigMap - [helmrest] Desired PodInfo ConfigMap (metrics port: 9399) (metrics path: /)
2025-01-28 23:41:37,871 INFO c.h.h.t.HelmChartContainer - [hivemq-test-hivemq-platform] [hivemq-platform-operator] [9610c361] 23:41:37.869 [pool-6-thread-22] DEBUG c.h.p.o.dependants.PodInfoConfigMap - [helmrest] Desired PodInfo ConfigMap (extension state hash: -1817474005)
2025-01-28 23:41:37,872 INFO c.h.h.t.HelmChartContainer - [hivemq-test-hivemq-platform] [hivemq-platform-operator] [9610c361] 23:41:37.871 [pool-6-thread-21] DEBUG c.h.p.o.d.PodServiceAccountResource - [helmrest] Desired PodServiceAccountResource (serviceAccountName: hivemq-platform-pod-test-hivemq-platform)
2025-01-28 23:41:37,877 INFO c.h.h.t.HelmChartContainer - [hivemq-test-hivemq-platform] [hivemq-platform-operator] [9610c361] 23:41:37.876 [pool-6-thread-25] DEBUG c.h.p.o.d.StatefulSetResource - [helmrest] Desired StatefulSet (1 replicas) for status STARTING (READY)
2025-01-28 23:41:37,881 INFO c.h.h.t.HelmChartContainer - [hivemq-test-hivemq-platform] [hivemq-platform-operator] [9610c361] 23:41:37.880 [ReconcilerExecutor-hivemq-controller-111] INFO  c.h.p.o.HiveMQPlatformReconciler - [helmrest] Reconciling HiveMQ Platform 'test-hivemq-platform' in namespace 'helmrestapiit'
2025-01-28 23:41:37,881 INFO c.h.h.t.HelmChartContainer - [hivemq-test-hivemq-platform] [hivemq-platform-operator] [9610c361] 23:41:37.880 [ReconcilerExecutor-hivemq-controller-111] DEBUG c.h.p.o.HiveMQPlatformReconciler - [helmrest] Custom Resource Status STARTING - HiveMQ Platform is starting (READY)
2025-01-28 23:41:37,881 INFO c.h.h.t.HelmChartContainer - [hivemq-test-hivemq-platform] [hivemq-platform-operator] [9610c361] 23:41:37.880 [ReconcilerExecutor-hivemq-controller-111] DEBUG c.h.p.o.HiveMQPlatformReconciler - [helmrest] Custom Resource Spec (replicas: 1) (extensions: 1)
2025-01-28 23:41:37,883 INFO c.h.h.t.HelmChartContainer - [hivemq-test-hivemq-platform] [hivemq-platform-operator] [9610c361] 23:41:37.882 [ReconcilerExecutor-hivemq-controller-111] DEBUG c.h.p.o.HiveMQPlatformReconciler - [helmrest] StatefulSet Status (revision: test-hivemq-platform-54dd684c8, replicas: 1, available: 0, ready: 0, current: 1, updated: 1)
2025-01-28 23:41:37,883 INFO c.h.h.t.HelmChartContainer - [hivemq-test-hivemq-platform] [hivemq-platform-operator] [9610c361] 23:41:37.882 [ReconcilerExecutor-hivemq-controller-111] DEBUG c.h.p.o.HiveMQPlatformReconciler - [helmrest] StatefulSet Spec (replicas: 1, init containers: 1, containers: 1, volumes: 3)
2025-01-28 23:41:37,952 INFO c.h.h.t.HelmChartContainer - [test-hivemq-platform] [hivemq] [117cfab8] WARN  - [HiveMQ Platform Operator Init App 1.7.0-SNAPSHOT] Cannot connect to Health API for readiness: null
2025-01-28 23:41:37,958 INFO c.h.h.t.HelmChartContainer - [EVENT] Warning [Unhealthy] Readiness probe failed: HTTP probe failed with statuscode: 503 [helmrestapiit:test-hivemq-platform-0]
2025-01-28 23:41:37,958 INFO c.h.h.t.HelmChartContainer - Received Unhealthy event for container hivemq in pod test-hivemq-platform-0 [117cfab8-72d8-458f-80b2-7ca2297367f1]
2025-01-28 23:41:37,959 INFO c.h.h.t.HelmChartContainer - [test-hivemq-platform] [hivemq] [117cfab8] INFO  - [HiveMQ Platform Operator Init App 1.7.0-SNAPSHOT] Successfully updated Pod HiveMQ Platform Operator Init App version annotation (version: 1.7.0-SNAPSHOT)
2025-01-28 23:41:37,962 INFO c.h.h.t.HelmChartContainer - [hivemq-test-hivemq-platform] [hivemq-platform-operator] [9610c361] 23:41:37.961 [ReconcilerExecutor-hivemq-controller-111] DEBUG c.h.p.o.h.HiveMQPlatformReconcilerErrorHandler - [helmrest] Pod 'test-hivemq-platform-0' phase Running
2025-01-28 23:41:37,964 INFO c.h.h.t.HelmChartContainer - [hivemq-test-hivemq-platform] [hivemq-platform-operator] [9610c361] 23:41:37.963 [ReconcilerExecutor-hivemq-controller-111] INFO  c.h.p.o.h.HiveMQPlatformReconcilerBaseHandler - [helmrest] HiveMQ Platform is starting, 0 of 1 replicas are ready
2025-01-28 23:41:42,952 INFO c.h.h.t.HelmChartContainer - [test-hivemq-platform] [hivemq] [117cfab8] WARN  - [HiveMQ Platform Operator Init App 1.7.0-SNAPSHOT] Cannot connect to Health API for readiness: null
2025-01-28 23:41:42,955 INFO c.h.h.t.HelmChartContainer - [EVENT] Warning [Unhealthy] Readiness probe failed: HTTP probe failed with statuscode: 503 [helmrestapiit:test-hivemq-platform-0]
2025-01-28 23:41:42,955 INFO c.h.h.t.HelmChartContainer - Received Unhealthy event for container hivemq in pod test-hivemq-platform-0 [117cfab8-72d8-458f-80b2-7ca2297367f1]
2025-01-28 23:41:47,956 INFO c.h.h.t.HelmChartContainer - [test-hivemq-platform] [hivemq] [117cfab8] WARN  - [HiveMQ Platform Operator Init App 1.7.0-SNAPSHOT] Cannot connect to Health API for readiness: null
2025-01-28 23:41:47,956 INFO c.h.h.t.HelmChartContainer - [EVENT] Warning [Unhealthy] Readiness probe failed: HTTP probe failed with statuscode: 503 [helmrestapiit:test-hivemq-platform-0]
2025-01-28 23:41:47,956 INFO c.h.h.t.HelmChartContainer - Received Unhealthy event for container hivemq in pod test-hivemq-platform-0 [117cfab8-72d8-458f-80b2-7ca2297367f1]
2025-01-28 23:41:47,971 INFO c.h.h.t.HelmChartContainer - [hivemq-test-hivemq-platform] [hivemq-platform-operator] [9610c361] 23:41:47.970 [pool-6-thread-35] DEBUG c.h.p.o.d.PlatformServiceResource - [helmrest] Desired Platform services (2 services)
2025-01-28 23:41:47,974 INFO c.h.h.t.HelmChartContainer - [hivemq-test-hivemq-platform] [hivemq-platform-operator] [9610c361] 23:41:47.972 [pool-6-thread-33] DEBUG c.h.p.o.d.PodServiceAccountResource - [helmrest] Desired PodServiceAccountResource (serviceAccountName: hivemq-platform-pod-test-hivemq-platform)
2025-01-28 23:41:47,976 INFO c.h.h.t.HelmChartContainer - [hivemq-test-hivemq-platform] [hivemq-platform-operator] [9610c361] 23:41:47.975 [pool-6-thread-32] DEBUG c.h.p.o.dependants.PodInfoConfigMap - [helmrest] Desired PodInfo ConfigMap (1 extensions) (1 enabled)
2025-01-28 23:41:47,976 INFO c.h.h.t.HelmChartContainer - [hivemq-test-hivemq-platform] [hivemq-platform-operator] [9610c361] 23:41:47.975 [pool-6-thread-32] DEBUG c.h.p.o.dependants.PodInfoConfigMap - [helmrest] Desired PodInfo ConfigMap (metrics port: 9399) (metrics path: /)
2025-01-28 23:41:47,978 INFO c.h.h.t.HelmChartContainer - [hivemq-test-hivemq-platform] [hivemq-platform-operator] [9610c361] 23:41:47.975 [pool-6-thread-32] DEBUG c.h.p.o.dependants.PodInfoConfigMap - [helmrest] Desired PodInfo ConfigMap (extension state hash: -1817474005)
2025-01-28 23:41:47,979 INFO c.h.h.t.HelmChartContainer - [hivemq-test-hivemq-platform] [hivemq-platform-operator] [9610c361] 23:41:47.977 [pool-6-thread-32] DEBUG c.h.p.o.d.StatefulSetResource - [helmrest] Desired StatefulSet (1 replicas) for status STARTING (READY)
2025-01-28 23:41:47,982 INFO c.h.h.t.HelmChartContainer - [hivemq-test-hivemq-platform] [hivemq-platform-operator] [9610c361] 23:41:47.981 [ReconcilerExecutor-hivemq-controller-112] INFO  c.h.p.o.HiveMQPlatformReconciler - [helmrest] Reconciling HiveMQ Platform 'test-hivemq-platform' in namespace 'helmrestapiit'
2025-01-28 23:41:47,982 INFO c.h.h.t.HelmChartContainer - [hivemq-test-hivemq-platform] [hivemq-platform-operator] [9610c361] 23:41:47.981 [ReconcilerExecutor-hivemq-controller-112] DEBUG c.h.p.o.HiveMQPlatformReconciler - [helmrest] Custom Resource Status STARTING - HiveMQ Platform is starting (READY)
2025-01-28 23:41:47,983 INFO c.h.h.t.HelmChartContainer - [hivemq-test-hivemq-platform] [hivemq-platform-operator] [9610c361] 23:41:47.981 [ReconcilerExecutor-hivemq-controller-112] DEBUG c.h.p.o.HiveMQPlatformReconciler - [helmrest] Custom Resource Spec (replicas: 1) (extensions: 1)
2025-01-28 23:41:47,983 INFO c.h.h.t.HelmChartContainer - [hivemq-test-hivemq-platform] [hivemq-platform-operator] [9610c361] 23:41:47.982 [ReconcilerExecutor-hivemq-controller-112] DEBUG c.h.p.o.HiveMQPlatformReconciler - [helmrest] StatefulSet Status (revision: test-hivemq-platform-54dd684c8, replicas: 1, available: 0, ready: 0, current: 1, updated: 1)
2025-01-28 23:41:47,985 INFO c.h.h.t.HelmChartContainer - [hivemq-test-hivemq-platform] [hivemq-platform-operator] [9610c361] 23:41:47.983 [ReconcilerExecutor-hivemq-controller-112] DEBUG c.h.p.o.HiveMQPlatformReconciler - [helmrest] StatefulSet Spec (replicas: 1, init containers: 1, containers: 1, volumes: 3)
2025-01-28 23:41:47,985 INFO c.h.h.t.HelmChartContainer - [hivemq-test-hivemq-platform] [hivemq-platform-operator] [9610c361] 23:41:47.985 [ReconcilerExecutor-hivemq-controller-112] DEBUG c.h.p.o.h.HiveMQPlatformReconcilerErrorHandler - [helmrest] Pod 'test-hivemq-platform-0' phase Running
2025-01-28 23:41:47,986 INFO c.h.h.t.HelmChartContainer - [hivemq-test-hivemq-platform] [hivemq-platform-operator] [9610c361] 23:41:47.986 [ReconcilerExecutor-hivemq-controller-112] INFO  c.h.p.o.h.HiveMQPlatformReconcilerBaseHandler - [helmrest] HiveMQ Platform is starting, 0 of 1 replicas are ready
2025-01-28 23:41:48,277 INFO c.h.h.t.HelmChartContainer - [test-hivemq-platform] [hivemq] [117cfab8] INFO  - No valid license file found. Using trial license, restricted to 25 connections.
2025-01-28 23:41:49,151 INFO c.h.h.t.HelmChartContainer - [test-hivemq-platform] [hivemq] [117cfab8] WARN  - [HiveMQ Platform Operator Init App 1.7.0-SNAPSHOT] Cannot connect to Health API for liveness: null
2025-01-28 23:41:49,151 INFO c.h.h.t.HelmChartContainer - [test-hivemq-platform] [hivemq] [117cfab8] INFO  - [HiveMQ Platform Operator Init App 1.7.0-SNAPSHOT] Returning default Health API response 200 for liveness
2025-01-28 23:41:51,455 INFO c.h.h.t.HelmChartContainer - [test-hivemq-platform] [hivemq] [117cfab8] INFO  - No valid license file for Data Hub found. Using free license, restricted to 1 policy.
2025-01-28 23:41:52,563 INFO c.h.h.t.HelmChartContainer - [test-hivemq-platform] [hivemq] [117cfab8] INFO  - Audit Logger started.
2025-01-28 23:41:52,869 INFO c.h.h.t.HelmChartContainer - [test-hivemq-platform] [hivemq] [117cfab8] WARN  - [HiveMQ Platform Operator Init App 1.7.0-SNAPSHOT] Cannot connect to Health API for readiness: null
2025-01-28 23:41:52,873 INFO c.h.h.t.HelmChartContainer - [EVENT] Warning [Unhealthy] Readiness probe failed: HTTP probe failed with statuscode: 503 [helmrestapiit:test-hivemq-platform-0]
2025-01-28 23:41:52,873 INFO c.h.h.t.HelmChartContainer - Received Unhealthy event for container hivemq in pod test-hivemq-platform-0 [117cfab8-72d8-458f-80b2-7ca2297367f1]
2025-01-28 23:41:52,970 INFO c.h.h.t.HelmChartContainer - [test-hivemq-platform] [hivemq] [117cfab8] INFO  - This node uses '1' CPU cores.
2025-01-28 23:41:53,052 INFO c.h.h.t.HelmChartContainer - [test-hivemq-platform] [hivemq] [117cfab8] INFO  - Starting HiveMQ Health API on address 0.0.0.0 and port 8889
2025-01-28 23:41:53,857 INFO c.h.h.t.HelmChartContainer - [test-hivemq-platform] [hivemq] [117cfab8] INFO  - Started HiveMQ Health API in 805ms
2025-01-28 23:41:54,665 INFO c.h.h.t.HelmChartContainer - [test-hivemq-platform] [hivemq] [117cfab8] INFO  - Starting HiveMQ extension system.
2025-01-28 23:41:54,949 INFO c.h.h.t.HelmChartContainer - [test-hivemq-platform] [hivemq] [117cfab8] INFO  - Starting extension with id "hivemq-dns-cluster-discovery" at /opt/hivemq/extensions/hivemq-dns-cluster-discovery
2025-01-28 23:41:55,352 INFO c.h.h.t.HelmChartContainer - [test-hivemq-platform] [hivemq] [117cfab8] INFO  - Extension "DNS Cluster Discovery Extension" version 4.3.2 started successfully.
2025-01-28 23:41:55,354 INFO c.h.h.t.HelmChartContainer - [test-hivemq-platform] [hivemq] [117cfab8] INFO  - Starting extension with id "hivemq-prometheus-extension" at /opt/hivemq/extensions/hivemq-prometheus-extension
2025-01-28 23:41:55,553 INFO c.h.h.t.HelmChartContainer - [test-hivemq-platform] [hivemq] [117cfab8] INFO  - Using TCP cluster transport on address 10.42.0.15 and port 7000
2025-01-28 23:41:55,650 INFO c.h.h.t.HelmChartContainer - [test-hivemq-platform] [hivemq] [117cfab8] INFO  - Using extension cluster discovery
2025-01-28 23:41:56,358 INFO c.h.h.t.HelmChartContainer - [test-hivemq-platform] [hivemq] [117cfab8] INFO  - Started Jetty Server exposing Prometheus Servlet on URI http://0.0.0.0:9399/
2025-01-28 23:41:56,358 INFO c.h.h.t.HelmChartContainer - [test-hivemq-platform] [hivemq] [117cfab8] INFO  - Extension "Prometheus Monitoring Extension" version 4.0.12 started successfully.
2025-01-28 23:41:56,358 INFO c.h.h.t.HelmChartContainer - [test-hivemq-platform] [hivemq] [117cfab8] INFO  - Starting extension with id "hivemq-allow-all-extension" at /opt/hivemq/extensions/hivemq-allow-all-extension
2025-01-28 23:41:56,358 INFO c.h.h.t.HelmChartContainer - [test-hivemq-platform] [hivemq] [117cfab8] WARN  - 
2025-01-28 23:41:56,358 INFO c.h.h.t.HelmChartContainer - [test-hivemq-platform] [hivemq] [117cfab8] ################################################################################################################
2025-01-28 23:41:56,358 INFO c.h.h.t.HelmChartContainer - [test-hivemq-platform] [hivemq] [117cfab8] # This HiveMQ deployment is not secure! You are lacking Authentication and Authorization.                      #
2025-01-28 23:41:56,358 INFO c.h.h.t.HelmChartContainer - [test-hivemq-platform] [hivemq] [117cfab8] # Right now any MQTT client can connect to the broker with a full set of permissions.                          #
2025-01-28 23:41:56,358 INFO c.h.h.t.HelmChartContainer - [test-hivemq-platform] [hivemq] [117cfab8] # For production usage, add an appropriate security extension and remove the hivemq-allow-all extension.       #
2025-01-28 23:41:56,358 INFO c.h.h.t.HelmChartContainer - [test-hivemq-platform] [hivemq] [117cfab8] # You can download security extensions from the HiveMQ Marketplace (https://www.hivemq.com/extensions/).       #
2025-01-28 23:41:56,358 INFO c.h.h.t.HelmChartContainer - [test-hivemq-platform] [hivemq] [117cfab8] ################################################################################################################
2025-01-28 23:41:56,358 INFO c.h.h.t.HelmChartContainer - [test-hivemq-platform] [hivemq] [117cfab8] INFO  - Extension "Allow All Extension" version 1.1.1 started successfully.
2025-01-28 23:41:57,991 INFO c.h.h.t.HelmChartContainer - [hivemq-test-hivemq-platform] [hivemq-platform-operator] [9610c361] 23:41:57.989 [pool-6-thread-45] DEBUG c.h.p.o.dependants.PodInfoConfigMap - [helmrest] Desired PodInfo ConfigMap (1 extensions) (1 enabled)
2025-01-28 23:41:57,991 INFO c.h.h.t.HelmChartContainer - [hivemq-test-hivemq-platform] [hivemq-platform-operator] [9610c361] 23:41:57.989 [pool-6-thread-45] DEBUG c.h.p.o.dependants.PodInfoConfigMap - [helmrest] Desired PodInfo ConfigMap (metrics port: 9399) (metrics path: /)
2025-01-28 23:41:57,991 INFO c.h.h.t.HelmChartContainer - [hivemq-test-hivemq-platform] [hivemq-platform-operator] [9610c361] 23:41:57.989 [pool-6-thread-47] DEBUG c.h.p.o.d.PodServiceAccountResource - [helmrest] Desired PodServiceAccountResource (serviceAccountName: hivemq-platform-pod-test-hivemq-platform)
2025-01-28 23:41:57,991 INFO c.h.h.t.HelmChartContainer - [hivemq-test-hivemq-platform] [hivemq-platform-operator] [9610c361] 23:41:57.989 [pool-6-thread-45] DEBUG c.h.p.o.dependants.PodInfoConfigMap - [helmrest] Desired PodInfo ConfigMap (extension state hash: -1817474005)
2025-01-28 23:41:57,993 INFO c.h.h.t.HelmChartContainer - [hivemq-test-hivemq-platform] [hivemq-platform-operator] [9610c361] 23:41:57.989 [pool-6-thread-42] DEBUG c.h.p.o.d.PlatformServiceResource - [helmrest] Desired Platform services (2 services)
2025-01-28 23:41:57,998 INFO c.h.h.t.HelmChartContainer - [hivemq-test-hivemq-platform] [hivemq-platform-operator] [9610c361] 23:41:57.997 [pool-6-thread-42] DEBUG c.h.p.o.d.StatefulSetResource - [helmrest] Desired StatefulSet (1 replicas) for status STARTING (READY)
2025-01-28 23:41:58,063 INFO c.h.h.t.HelmChartContainer - [hivemq-test-hivemq-platform] [hivemq-platform-operator] [9610c361] 23:41:58.060 [ReconcilerExecutor-hivemq-controller-113] INFO  c.h.p.o.HiveMQPlatformReconciler - [helmrest] Reconciling HiveMQ Platform 'test-hivemq-platform' in namespace 'helmrestapiit'
2025-01-28 23:41:58,063 INFO c.h.h.t.HelmChartContainer - [hivemq-test-hivemq-platform] [hivemq-platform-operator] [9610c361] 23:41:58.060 [ReconcilerExecutor-hivemq-controller-113] DEBUG c.h.p.o.HiveMQPlatformReconciler - [helmrest] Custom Resource Status STARTING - HiveMQ Platform is starting (READY)
2025-01-28 23:41:58,063 INFO c.h.h.t.HelmChartContainer - [hivemq-test-hivemq-platform] [hivemq-platform-operator] [9610c361] 23:41:58.060 [ReconcilerExecutor-hivemq-controller-113] DEBUG c.h.p.o.HiveMQPlatformReconciler - [helmrest] Custom Resource Spec (replicas: 1) (extensions: 1)
2025-01-28 23:41:58,068 INFO c.h.h.t.HelmChartContainer - [hivemq-test-hivemq-platform] [hivemq-platform-operator] [9610c361] 23:41:58.067 [ReconcilerExecutor-hivemq-controller-113] DEBUG c.h.p.o.HiveMQPlatformReconciler - [helmrest] StatefulSet Status (revision: test-hivemq-platform-54dd684c8, replicas: 1, available: 0, ready: 0, current: 1, updated: 1)
2025-01-28 23:41:58,069 INFO c.h.h.t.HelmChartContainer - [hivemq-test-hivemq-platform] [hivemq-platform-operator] [9610c361] 23:41:58.069 [ReconcilerExecutor-hivemq-controller-113] DEBUG c.h.p.o.HiveMQPlatformReconciler - [helmrest] StatefulSet Spec (replicas: 1, init containers: 1, containers: 1, volumes: 3)
2025-01-28 23:41:58,071 INFO c.h.h.t.HelmChartContainer - [hivemq-test-hivemq-platform] [hivemq-platform-operator] [9610c361] 23:41:58.070 [ReconcilerExecutor-hivemq-controller-113] DEBUG c.h.p.o.h.HiveMQPlatformReconcilerErrorHandler - [helmrest] Pod 'test-hivemq-platform-0' phase Running
2025-01-28 23:41:58,072 INFO c.h.h.t.HelmChartContainer - [hivemq-test-hivemq-platform] [hivemq-platform-operator] [9610c361] 23:41:58.071 [ReconcilerExecutor-hivemq-controller-113] INFO  c.h.p.o.h.HiveMQPlatformReconcilerBaseHandler - [helmrest] HiveMQ Platform is starting, 0 of 1 replicas are ready
2025-01-28 23:41:58,258 INFO c.h.h.t.HelmChartContainer - [test-hivemq-platform] [hivemq] [117cfab8] INFO  - [HiveMQ Platform Operator Init App 1.7.0-SNAPSHOT] Returning Health API response 503 for readiness
2025-01-28 23:41:58,263 INFO c.h.h.t.HelmChartContainer - [EVENT] Warning [Unhealthy] Readiness probe failed: HTTP probe failed with statuscode: 503 [helmrestapiit:test-hivemq-platform-0]
2025-01-28 23:41:58,263 INFO c.h.h.t.HelmChartContainer - Received Unhealthy event for container hivemq in pod test-hivemq-platform-0 [117cfab8-72d8-458f-80b2-7ca2297367f1]
2025-01-28 23:41:58,361 INFO c.h.h.t.HelmChartContainer - [test-hivemq-platform] [hivemq] [117cfab8] INFO  - iLSp9: no members discovered after 2108 ms: creating cluster as first member
2025-01-28 23:41:58,449 INFO c.h.h.t.HelmChartContainer - [test-hivemq-platform] [hivemq] [117cfab8] INFO  - Cluster nodes found by discovery: [iLSp9|0] (1) [iLSp9].
2025-01-28 23:41:58,555 INFO c.h.h.t.HelmChartContainer - [test-hivemq-platform] [hivemq] [117cfab8] INFO  - Starting HiveMQ REST API on address 0.0.0.0 and port 8890
2025-01-28 23:41:58,955 INFO c.h.h.t.HelmChartContainer - [test-hivemq-platform] [hivemq] [117cfab8] INFO  - Started HiveMQ REST API in 401ms
2025-01-28 23:41:58,956 INFO c.h.h.t.HelmChartContainer - [test-hivemq-platform] [hivemq] [117cfab8] WARN  - No user for HiveMQ Control Center configured. Starting with default user
2025-01-28 23:41:58,956 INFO c.h.h.t.HelmChartContainer - [test-hivemq-platform] [hivemq] [117cfab8] INFO  - Starting HiveMQ Control Center on address 127.0.0.1 and port 8080
2025-01-28 23:41:58,957 INFO c.h.h.t.HelmChartContainer - [test-hivemq-platform] [hivemq] [117cfab8] INFO  - Mounting HiveMQ Control Center V2 Preview
2025-01-28 23:41:59,562 INFO c.h.h.t.HelmChartContainer - [test-hivemq-platform] [hivemq] [117cfab8] INFO  - Started HiveMQ Control Center in 606ms
2025-01-28 23:41:59,656 INFO c.h.h.t.HelmChartContainer - [test-hivemq-platform] [hivemq] [117cfab8] INFO  - Starting TCP listener on address 0.0.0.0 and port 1883
2025-01-28 23:41:59,670 INFO c.h.h.t.HelmChartContainer - [test-hivemq-platform] [hivemq] [117cfab8] INFO  - Started TCP Listener on address 0.0.0.0 and on port 1883.
2025-01-28 23:41:59,670 INFO c.h.h.t.HelmChartContainer - [test-hivemq-platform] [hivemq] [117cfab8] INFO  - Started HiveMQ in 30112ms
2025-01-28 23:42:02,871 INFO c.h.h.t.HelmChartContainer - [test-hivemq-platform] [hivemq] [117cfab8] INFO  - [HiveMQ Platform Operator Init App 1.7.0-SNAPSHOT] Returning Health API response 200 for readiness
2025-01-28 23:42:02,882 INFO c.h.h.t.HelmChartContainer - [POD] test-hivemq-platform-0 [117cfab8-72d8-458f-80b2-7ca2297367f1] in helmrestapiit was MODIFIED
2025-01-28 23:42:02,892 INFO c.h.h.t.HelmChartContainer - [hivemq-test-hivemq-platform] [hivemq-platform-operator] [9610c361] 23:42:02.887 [pool-6-thread-9] DEBUG c.h.p.o.d.PlatformServiceResource - [helmrest] Desired Platform services (2 services)
2025-01-28 23:42:02,892 INFO c.h.h.t.HelmChartContainer - [hivemq-test-hivemq-platform] [hivemq-platform-operator] [9610c361] 23:42:02.888 [pool-6-thread-6] DEBUG c.h.p.o.dependants.PodInfoConfigMap - [helmrest] Desired PodInfo ConfigMap (1 extensions) (1 enabled)
2025-01-28 23:42:02,892 INFO c.h.h.t.HelmChartContainer - [hivemq-test-hivemq-platform] [hivemq-platform-operator] [9610c361] 23:42:02.888 [pool-6-thread-6] DEBUG c.h.p.o.dependants.PodInfoConfigMap - [helmrest] Desired PodInfo ConfigMap (metrics port: 9399) (metrics path: /)
2025-01-28 23:42:02,892 INFO c.h.h.t.HelmChartContainer - [hivemq-test-hivemq-platform] [hivemq-platform-operator] [9610c361] 23:42:02.888 [pool-6-thread-6] DEBUG c.h.p.o.dependants.PodInfoConfigMap - [helmrest] Desired PodInfo ConfigMap (extension state hash: -1817474005)
2025-01-28 23:42:02,892 INFO c.h.h.t.HelmChartContainer - [hivemq-test-hivemq-platform] [hivemq-platform-operator] [9610c361] 23:42:02.889 [pool-6-thread-2] DEBUG c.h.p.o.d.PodServiceAccountResource - [helmrest] Desired PodServiceAccountResource (serviceAccountName: hivemq-platform-pod-test-hivemq-platform)
2025-01-28 23:42:02,901 INFO c.h.h.t.HelmChartContainer - [hivemq-test-hivemq-platform] [hivemq-platform-operator] [9610c361] 23:42:02.900 [pool-6-thread-5] DEBUG c.h.p.o.d.StatefulSetResource - [helmrest] Desired StatefulSet (1 replicas) for status STARTING (READY)
2025-01-28 23:42:02,962 INFO c.h.h.t.HelmChartContainer - [hivemq-test-hivemq-platform] [hivemq-platform-operator] [9610c361] 23:42:02.960 [ReconcilerExecutor-hivemq-controller-114] INFO  c.h.p.o.HiveMQPlatformReconciler - [helmrest] Reconciling HiveMQ Platform 'test-hivemq-platform' in namespace 'helmrestapiit'
2025-01-28 23:42:02,962 INFO c.h.h.t.HelmChartContainer - [hivemq-test-hivemq-platform] [hivemq-platform-operator] [9610c361] 23:42:02.960 [ReconcilerExecutor-hivemq-controller-114] DEBUG c.h.p.o.HiveMQPlatformReconciler - [helmrest] Custom Resource Status STARTING - HiveMQ Platform is starting (READY)
2025-01-28 23:42:02,962 INFO c.h.h.t.HelmChartContainer - [hivemq-test-hivemq-platform] [hivemq-platform-operator] [9610c361] 23:42:02.960 [ReconcilerExecutor-hivemq-controller-114] DEBUG c.h.p.o.HiveMQPlatformReconciler - [helmrest] Custom Resource Spec (replicas: 1) (extensions: 1)
2025-01-28 23:42:02,964 INFO c.h.h.t.HelmChartContainer - [hivemq-test-hivemq-platform] [hivemq-platform-operator] [9610c361] 23:42:02.962 [ReconcilerExecutor-hivemq-controller-114] DEBUG c.h.p.o.HiveMQPlatformReconciler - [helmrest] StatefulSet Status (revision: test-hivemq-platform-54dd684c8, replicas: 1, available: 1, ready: 1, current: 1, updated: 1)
2025-01-28 23:42:02,964 INFO c.h.h.t.HelmChartContainer - [hivemq-test-hivemq-platform] [hivemq-platform-operator] [9610c361] 23:42:02.962 [ReconcilerExecutor-hivemq-controller-114] DEBUG c.h.p.o.HiveMQPlatformReconciler - [helmrest] StatefulSet Spec (replicas: 1, init containers: 1, containers: 1, volumes: 3)
2025-01-28 23:42:02,964 INFO c.h.h.t.HelmChartContainer - [hivemq-test-hivemq-platform] [hivemq-platform-operator] [9610c361] 23:42:02.963 [ReconcilerExecutor-hivemq-controller-114] DEBUG c.h.p.o.h.HiveMQPlatformReconcilerErrorHandler - [helmrest] Pod 'test-hivemq-platform-0' phase Running
2025-01-28 23:42:02,965 INFO c.h.h.t.HelmChartContainer - [hivemq-test-hivemq-platform] [hivemq-platform-operator] [9610c361] 23:42:02.964 [ReconcilerExecutor-hivemq-controller-114] INFO  c.h.p.o.h.HiveMQPlatformReconcilerBaseHandler - [helmrest] HiveMQ Platform started successfully
2025-01-28 23:42:02,983 INFO c.h.h.t.HelmChartContainer - [hivemq-test-hivemq-platform] [hivemq-platform-operator] [9610c361] 23:42:02.982 [ReconcilerExecutor-hivemq-controller-114] DEBUG c.h.p.operator.event.EventSender - [helmrest] Creating K8s event hivemq-platform-ready: [Ready] HiveMQ Platform is ready
2025-01-28 23:42:03,064 INFO c.h.h.t.HelmChartContainer - [EVENT] Normal [Ready] HiveMQ Platform is ready [helmrestapiit:test-hivemq-platform]
2025-01-28 23:42:03,064 INFO c.h.h.t.HelmChartContainer - [hivemq-test-hivemq-platform] [hivemq-platform-operator] [9610c361] 23:42:03.063 [ReconcilerExecutor-hivemq-controller-114] INFO  c.h.p.o.h.AbstractHiveMQReconcilerStateHandler - [helmrest] Update HiveMQ Platform Status (STARTING [READY] -> RUNNING [READY]): HiveMQ Platform is ready
2025-01-28 23:42:03,071 DEBUG com.hivemq.helmcharts.util.K8sUtil - Comparing actual state 'RUNNING' and waiting for 'RUNNING'
2025-01-28 23:42:03,077 INFO c.h.h.t.HelmChartContainer - [hivemq-test-hivemq-platform] [hivemq-platform-operator] [9610c361] 23:42:03.074 [pool-6-thread-18] DEBUG c.h.p.o.d.PlatformServiceResource - [helmrest] Desired Platform services (2 services)
2025-01-28 23:42:03,081 INFO c.h.h.t.HelmChartContainer - [hivemq-test-hivemq-platform] [hivemq-platform-operator] [9610c361] 23:42:03.079 [pool-6-thread-11] DEBUG c.h.p.o.d.PodServiceAccountResource - [helmrest] Desired PodServiceAccountResource (serviceAccountName: hivemq-platform-pod-test-hivemq-platform)
2025-01-28 23:42:03,082 INFO c.h.h.t.HelmChartContainer - [hivemq-test-hivemq-platform] [hivemq-platform-operator] [9610c361] 23:42:03.080 [pool-6-thread-15] DEBUG c.h.p.o.dependants.PodInfoConfigMap - [helmrest] Desired PodInfo ConfigMap (1 extensions) (1 enabled)
2025-01-28 23:42:03,082 INFO c.h.h.t.HelmChartContainer - [hivemq-test-hivemq-platform] [hivemq-platform-operator] [9610c361] 23:42:03.081 [pool-6-thread-15] DEBUG c.h.p.o.dependants.PodInfoConfigMap - [helmrest] Desired PodInfo ConfigMap (metrics port: 9399) (metrics path: /)
2025-01-28 23:42:03,083 INFO c.h.h.t.HelmChartContainer - [hivemq-test-hivemq-platform] [hivemq-platform-operator] [9610c361] 23:42:03.082 [pool-6-thread-15] DEBUG c.h.p.o.dependants.PodInfoConfigMap - [helmrest] Desired PodInfo ConfigMap (extension state hash: -1817474005)
2025-01-28 23:42:03,085 INFO c.h.h.t.HelmChartContainer - [hivemq-test-hivemq-platform] [hivemq-platform-operator] [9610c361] 23:42:03.083 [pool-6-thread-15] DEBUG c.h.p.o.dependants.PodInfoConfigMap - [helmrest] Update PodInfo ConfigMap
2025-01-28 23:42:03,173 INFO c.h.h.t.HelmChartContainer - [hivemq-test-hivemq-platform] [hivemq-platform-operator] [9610c361] 23:42:03.171 [pool-6-thread-15] DEBUG c.h.p.o.d.StatefulSetResource - [helmrest] Desired StatefulSet (1 replicas) for status RUNNING (READY)
2025-01-28 23:42:03,179 INFO c.h.h.t.HelmChartContainer - [hivemq-test-hivemq-platform] [hivemq-platform-operator] [9610c361] 23:42:03.177 [ReconcilerExecutor-hivemq-controller-115] INFO  c.h.p.o.HiveMQPlatformReconciler - [helmrest] Reconciling HiveMQ Platform 'test-hivemq-platform' in namespace 'helmrestapiit'
2025-01-28 23:42:03,179 INFO c.h.h.t.HelmChartContainer - [hivemq-test-hivemq-platform] [hivemq-platform-operator] [9610c361] 23:42:03.177 [ReconcilerExecutor-hivemq-controller-115] DEBUG c.h.p.o.HiveMQPlatformReconciler - [helmrest] Custom Resource Status RUNNING - HiveMQ Platform is ready (READY)
2025-01-28 23:42:03,179 INFO c.h.h.t.HelmChartContainer - [hivemq-test-hivemq-platform] [hivemq-platform-operator] [9610c361] 23:42:03.177 [ReconcilerExecutor-hivemq-controller-115] DEBUG c.h.p.o.HiveMQPlatformReconciler - [helmrest] Custom Resource Spec (replicas: 1) (extensions: 1)
2025-01-28 23:42:03,180 INFO c.h.h.t.HelmChartContainer - [hivemq-test-hivemq-platform] [hivemq-platform-operator] [9610c361] 23:42:03.179 [ReconcilerExecutor-hivemq-controller-115] DEBUG c.h.p.o.HiveMQPlatformReconciler - [helmrest] StatefulSet Status (revision: test-hivemq-platform-54dd684c8, replicas: 1, available: 1, ready: 1, current: 1, updated: 1)
2025-01-28 23:42:03,180 INFO c.h.h.t.HelmChartContainer - [hivemq-test-hivemq-platform] [hivemq-platform-operator] [9610c361] 23:42:03.179 [ReconcilerExecutor-hivemq-controller-115] DEBUG c.h.p.o.HiveMQPlatformReconciler - [helmrest] StatefulSet Spec (replicas: 1, init containers: 1, containers: 1, volumes: 3)
2025-01-28 23:42:03,182 INFO c.h.h.t.HelmChartContainer - [hivemq-test-hivemq-platform] [hivemq-platform-operator] [9610c361] 23:42:03.181 [ReconcilerExecutor-hivemq-controller-115] DEBUG c.h.p.o.h.HiveMQPlatformReconcilerErrorHandler - [helmrest] Pod 'test-hivemq-platform-0' phase Running
2025-01-28 23:42:03,264 INFO c.h.h.t.HelmChartContainer - Uninstalling release 'test-hivemq-platform' in namespace 'helmrestapiit'...
2025-01-28 23:42:03,264 DEBUG c.h.h.t.HelmChartContainer - Executing helm command: /bin/helm --kubeconfig /etc/rancher/k3s/k3s.yaml uninstall test-hivemq-platform  --wait --timeout 5m0s --cascade foreground --namespace helmrestapiit
2025-01-28 23:42:03,266 INFO c.h.h.t.HelmChartContainer - [K3S] [upgradeaware.go:427] Error proxying data from client to backend: remote error: tls: user canceled
2025-01-28 23:42:03,441 INFO c.h.h.t.HelmChartContainer - [hivemq-test-hivemq-platform] [hivemq-platform-operator] [9610c361] 23:42:03.437 [pool-6-thread-27] DEBUG c.h.p.o.d.PlatformServiceResource - [helmrest] Desired Platform services (2 services)
2025-01-28 23:42:03,459 INFO c.h.h.t.HelmChartContainer - [hivemq-test-hivemq-platform] [hivemq-platform-operator] [9610c361] 23:42:03.438 [pool-6-thread-28] DEBUG c.h.p.o.dependants.PodInfoConfigMap - [helmrest] Desired PodInfo ConfigMap (1 extensions) (1 enabled)
2025-01-28 23:42:03,460 INFO c.h.h.t.HelmChartContainer - [hivemq-test-hivemq-platform] [hivemq-platform-operator] [9610c361] 23:42:03.445 [pool-6-thread-28] DEBUG c.h.p.o.dependants.PodInfoConfigMap - [helmrest] Desired PodInfo ConfigMap (metrics port: 9399) (metrics path: /)
2025-01-28 23:42:03,460 INFO c.h.h.t.HelmChartContainer - [hivemq-test-hivemq-platform] [hivemq-platform-operator] [9610c361] 23:42:03.445 [pool-6-thread-28] DEBUG c.h.p.o.dependants.PodInfoConfigMap - [helmrest] Desired PodInfo ConfigMap (extension state hash: -1817474005)
2025-01-28 23:42:03,460 INFO c.h.h.t.HelmChartContainer - [hivemq-test-hivemq-platform] [hivemq-platform-operator] [9610c361] 23:42:03.449 [pool-6-thread-21] DEBUG c.h.p.o.d.PodServiceAccountResource - [helmrest] Desired PodServiceAccountResource (serviceAccountName: hivemq-platform-pod-test-hivemq-platform)
2025-01-28 23:42:03,466 INFO c.h.h.t.HelmChartContainer - [hivemq-test-hivemq-platform] [hivemq-platform-operator] [9610c361] 23:42:03.465 [pool-6-thread-27] DEBUG c.h.p.o.d.StatefulSetResource - [helmrest] Desired StatefulSet (1 replicas) for status RUNNING (READY)
2025-01-28 23:42:03,531 INFO c.h.h.t.HelmChartContainer - [hivemq-test-hivemq-platform] [hivemq-platform-operator] [9610c361] 23:42:03.528 [ReconcilerExecutor-hivemq-controller-116] INFO  c.h.p.o.HiveMQPlatformReconciler - [helmrest] Reconciling HiveMQ Platform 'test-hivemq-platform' in namespace 'helmrestapiit'
2025-01-28 23:42:03,531 INFO c.h.h.t.HelmChartContainer - [hivemq-test-hivemq-platform] [hivemq-platform-operator] [9610c361] 23:42:03.529 [ReconcilerExecutor-hivemq-controller-116] DEBUG c.h.p.o.HiveMQPlatformReconciler - [helmrest] Custom Resource Status RUNNING - HiveMQ Platform is ready (READY)
2025-01-28 23:42:03,531 INFO c.h.h.t.HelmChartContainer - [hivemq-test-hivemq-platform] [hivemq-platform-operator] [9610c361] 23:42:03.529 [ReconcilerExecutor-hivemq-controller-116] DEBUG c.h.p.o.HiveMQPlatformReconciler - [helmrest] Custom Resource Spec (replicas: 1) (extensions: 1)
2025-01-28 23:42:03,531 INFO c.h.h.t.HelmChartContainer - [hivemq-test-hivemq-platform] [hivemq-platform-operator] [9610c361] 23:42:03.529 [ReconcilerExecutor-hivemq-controller-116] WARN  c.h.p.o.h.HiveMQPlatformReconcilerErrorHandler - [helmrest] Could not find ConfigMap 'hivemq-configuration-test-hivemq-platform' for HiveMQ Platform configuration
2025-01-28 23:42:03,633 INFO c.h.h.t.HelmChartContainer - [hivemq-test-hivemq-platform] [hivemq-platform-operator] [9610c361] 23:42:03.632 [ReconcilerExecutor-hivemq-controller-116] DEBUG c.h.p.operator.event.EventSender - [helmrest] Creating K8s event hivemq-platform-invalid-configuration: [Start] Could not find ConfigMap 'hivemq-configuration-test-hivemq-platform' for HiveMQ Platform configuration
2025-01-28 23:42:03,636 INFO c.h.h.t.HelmChartContainer - [EVENT] Warning [Start] Could not find ConfigMap 'hivemq-configuration-test-hivemq-platform' for HiveMQ Platform configuration [helmrestapiit:test-hivemq-platform]
2025-01-28 23:42:03,637 INFO c.h.h.t.HelmChartContainer - [hivemq-test-hivemq-platform] [hivemq-platform-operator] [9610c361] 23:42:03.636 [ReconcilerExecutor-hivemq-controller-116] INFO  c.h.p.o.h.AbstractHiveMQReconcilerStateHandler - [helmrest] Update HiveMQ Platform Status (RUNNING [READY] -> ERROR [INVALID_CONFIG_MAP]): Could not find ConfigMap 'hivemq-configuration-test-hivemq-platform' for HiveMQ Platform configuration
2025-01-28 23:42:03,663 INFO c.h.h.t.HelmChartContainer - [hivemq-test-hivemq-platform] [hivemq-platform-operator] [9610c361] 23:42:03.660 [ReconcilerExecutor-hivemq-controller-116] ERROR i.j.o.p.event.EventProcessor - Error during event processing ExecutionScope{ resource id: ResourceID{name='test-hivemq-platform', namespace='helmrestapiit'}, version: 1759}
2025-01-28 23:42:03,663 INFO c.h.h.t.HelmChartContainer - [hivemq-test-hivemq-platform] [hivemq-platform-operator] [9610c361] io.fabric8.kubernetes.client.KubernetesClientException: Failure executing: PUT at: https://10.43.0.1:443/apis/hivemq.com/v1/namespaces/helmrestapiit/hivemq-platforms/test-hivemq-platform/status. Message: Operation cannot be fulfilled on hivemq-platforms.hivemq.com "test-hivemq-platform": the object has been modified; please apply your changes to the latest version and try again. Received status: Status(apiVersion=v1, code=409, details=StatusDetails(causes=[], group=hivemq.com, kind=hivemq-platforms, name=test-hivemq-platform, retryAfterSeconds=null, uid=null, additionalProperties={}), kind=Status, message=Operation cannot be fulfilled on hivemq-platforms.hivemq.com "test-hivemq-platform": the object has been modified; please apply your changes to the latest version and try again, metadata=ListMeta(_continue=null, remainingItemCount=null, resourceVersion=null, selfLink=null, additionalProperties={}), reason=Conflict, status=Failure, additionalProperties={}).
2025-01-28 23:42:03,663 INFO c.h.h.t.HelmChartContainer - [hivemq-test-hivemq-platform] [hivemq-platform-operator] [9610c361] 	at io.fabric8.kubernetes.client.KubernetesClientException.copyAsCause(KubernetesClientException.java:238)
2025-01-28 23:42:03,663 INFO c.h.h.t.HelmChartContainer - [hivemq-test-hivemq-platform] [hivemq-platform-operator] [9610c361] 	at io.fabric8.kubernetes.client.dsl.internal.OperationSupport.waitForResult(OperationSupport.java:507)
2025-01-28 23:42:03,663 INFO c.h.h.t.HelmChartContainer - [hivemq-test-hivemq-platform] [hivemq-platform-operator] [9610c361] 	at io.fabric8.kubernetes.client.dsl.internal.OperationSupport.handleResponse(OperationSupport.java:524)
2025-01-28 23:42:03,663 INFO c.h.h.t.HelmChartContainer - [hivemq-test-hivemq-platform] [hivemq-platform-operator] [9610c361] 	at io.fabric8.kubernetes.client.dsl.internal.OperationSupport.handleUpdate(OperationSupport.java:358)
2025-01-28 23:42:03,663 INFO c.h.h.t.HelmChartContainer - [hivemq-test-hivemq-platform] [hivemq-platform-operator] [9610c361] 	at io.fabric8.kubernetes.client.dsl.internal.BaseOperation.handleUpdate(BaseOperation.java:759)
2025-01-28 23:42:03,663 INFO c.h.h.t.HelmChartContainer - [hivemq-test-hivemq-platform] [hivemq-platform-operator] [9610c361] 	at io.fabric8.kubernetes.client.dsl.internal.HasMetadataOperation.update(HasMetadataOperation.java:138)
2025-01-28 23:42:03,663 INFO c.h.h.t.HelmChartContainer - [hivemq-test-hivemq-platform] [hivemq-platform-operator] [9610c361] 	at io.fabric8.kubernetes.client.dsl.internal.HasMetadataOperation.update(HasMetadataOperation.java:121)
2025-01-28 23:42:03,663 INFO c.h.h.t.HelmChartContainer - [hivemq-test-hivemq-platform] [hivemq-platform-operator] [9610c361] 	at io.fabric8.kubernetes.client.dsl.internal.HasMetadataOperation.updateStatus(HasMetadataOperation.java:126)
2025-01-28 23:42:03,663 INFO c.h.h.t.HelmChartContainer - [hivemq-test-hivemq-platform] [hivemq-platform-operator] [9610c361] 	at io.fabric8.kubernetes.client.dsl.internal.HasMetadataOperation.updateStatus(HasMetadataOperation.java:44)
2025-01-28 23:42:03,663 INFO c.h.h.t.HelmChartContainer - [hivemq-test-hivemq-platform] [hivemq-platform-operator] [9610c361] 	at io.javaoperatorsdk.operator.processing.event.ReconciliationDispatcher$CustomResourceFacade.updateStatus(ReconciliationDispatcher.java:408)
2025-01-28 23:42:03,663 INFO c.h.h.t.HelmChartContainer - [hivemq-test-hivemq-platform] [hivemq-platform-operator] [9610c361] 	at io.javaoperatorsdk.operator.processing.event.ReconciliationDispatcher.updateStatusGenerationAware(ReconciliationDispatcher.java:228)
2025-01-28 23:42:03,663 INFO c.h.h.t.HelmChartContainer - [hivemq-test-hivemq-platform] [hivemq-platform-operator] [9610c361] 	at io.javaoperatorsdk.operator.processing.event.ReconciliationDispatcher.reconcileExecution(ReconciliationDispatcher.java:150)
2025-01-28 23:42:03,665 INFO c.h.h.t.HelmChartContainer - [hivemq-test-hivemq-platform] [hivemq-platform-operator] [9610c361] 	at io.javaoperatorsdk.operator.processing.event.ReconciliationDispatcher.handleReconcile(ReconciliationDispatcher.java:117)
2025-01-28 23:42:03,665 INFO c.h.h.t.HelmChartContainer - [hivemq-test-hivemq-platform] [hivemq-platform-operator] [9610c361] 	at io.javaoperatorsdk.operator.processing.event.ReconciliationDispatcher.handleDispatch(ReconciliationDispatcher.java:91)
2025-01-28 23:42:03,665 INFO c.h.h.t.HelmChartContainer - [hivemq-test-hivemq-platform] [hivemq-platform-operator] [9610c361] 	at io.javaoperatorsdk.operator.processing.event.ReconciliationDispatcher.handleExecution(ReconciliationDispatcher.java:64)
2025-01-28 23:42:03,665 INFO c.h.h.t.HelmChartContainer - [hivemq-test-hivemq-platform] [hivemq-platform-operator] [9610c361] 	at io.javaoperatorsdk.operator.processing.event.EventProcessor$ReconcilerExecutor.run(EventProcessor.java:452)
2025-01-28 23:42:03,665 INFO c.h.h.t.HelmChartContainer - [hivemq-test-hivemq-platform] [hivemq-platform-operator] [9610c361] 	at java.base/java.util.concurrent.ThreadPoolExecutor.runWorker(Unknown Source)
2025-01-28 23:42:03,665 INFO c.h.h.t.HelmChartContainer - [hivemq-test-hivemq-platform] [hivemq-platform-operator] [9610c361] 	at java.base/java.util.concurrent.ThreadPoolExecutor$Worker.run(Unknown Source)
2025-01-28 23:42:03,665 INFO c.h.h.t.HelmChartContainer - [hivemq-test-hivemq-platform] [hivemq-platform-operator] [9610c361] 	at java.base/java.lang.Thread.run(Unknown Source)
2025-01-28 23:42:03,665 INFO c.h.h.t.HelmChartContainer - [hivemq-test-hivemq-platform] [hivemq-platform-operator] [9610c361] Caused by: io.fabric8.kubernetes.client.KubernetesClientException: Failure executing: PUT at: https://10.43.0.1:443/apis/hivemq.com/v1/namespaces/helmrestapiit/hivemq-platforms/test-hivemq-platform/status. Message: Operation cannot be fulfilled on hivemq-platforms.hivemq.com "test-hivemq-platform": the object has been modified; please apply your changes to the latest version and try again. Received status: Status(apiVersion=v1, code=409, details=StatusDetails(causes=[], group=hivemq.com, kind=hivemq-platforms, name=test-hivemq-platform, retryAfterSeconds=null, uid=null, additionalProperties={}), kind=Status, message=Operation cannot be fulfilled on hivemq-platforms.hivemq.com "test-hivemq-platform": the object has been modified; please apply your changes to the latest version and try again, metadata=ListMeta(_continue=null, remainingItemCount=null, resourceVersion=null, selfLink=null, additionalProperties={}), reason=Conflict, status=Failure, additionalProperties={}).
2025-01-28 23:42:03,665 INFO c.h.h.t.HelmChartContainer - [hivemq-test-hivemq-platform] [hivemq-platform-operator] [9610c361] 	at io.fabric8.kubernetes.client.dsl.internal.OperationSupport.requestFailure(OperationSupport.java:660)
2025-01-28 23:42:03,665 INFO c.h.h.t.HelmChartContainer - [hivemq-test-hivemq-platform] [hivemq-platform-operator] [9610c361] 	at io.fabric8.kubernetes.client.dsl.internal.OperationSupport.requestFailure(OperationSupport.java:640)
2025-01-28 23:42:03,665 INFO c.h.h.t.HelmChartContainer - [hivemq-test-hivemq-platform] [hivemq-platform-operator] [9610c361] 	at io.fabric8.kubernetes.client.dsl.internal.OperationSupport.assertResponseCode(OperationSupport.java:589)
2025-01-28 23:42:03,665 INFO c.h.h.t.HelmChartContainer - [hivemq-test-hivemq-platform] [hivemq-platform-operator] [9610c361] 	at io.fabric8.kubernetes.client.dsl.internal.OperationSupport.lambda$handleResponse$0(OperationSupport.java:549)
2025-01-28 23:42:03,665 INFO c.h.h.t.HelmChartContainer - [hivemq-test-hivemq-platform] [hivemq-platform-operator] [9610c361] 	at java.base/java.util.concurrent.CompletableFuture$UniApply.tryFire(Unknown Source)
2025-01-28 23:42:03,665 INFO c.h.h.t.HelmChartContainer - [hivemq-test-hivemq-platform] [hivemq-platform-operator] [9610c361] 	at java.base/java.util.concurrent.CompletableFuture.postComplete(Unknown Source)
2025-01-28 23:42:03,665 INFO c.h.h.t.HelmChartContainer - [hivemq-test-hivemq-platform] [hivemq-platform-operator] [9610c361] 	at java.base/java.util.concurrent.CompletableFuture.complete(Unknown Source)
2025-01-28 23:42:03,665 INFO c.h.h.t.HelmChartContainer - [hivemq-test-hivemq-platform] [hivemq-platform-operator] [9610c361] 	at io.fabric8.kubernetes.client.http.StandardHttpClient.lambda$completeOrCancel$10(StandardHttpClient.java:141)
2025-01-28 23:42:03,665 INFO c.h.h.t.HelmChartContainer - [hivemq-test-hivemq-platform] [hivemq-platform-operator] [9610c361] 	at java.base/java.util.concurrent.CompletableFuture.uniWhenComplete(Unknown Source)
2025-01-28 23:42:03,665 INFO c.h.h.t.HelmChartContainer - [hivemq-test-hivemq-platform] [hivemq-platform-operator] [9610c361] 	at java.base/java.util.concurrent.CompletableFuture$UniWhenComplete.tryFire(Unknown Source)
2025-01-28 23:42:03,665 INFO c.h.h.t.HelmChartContainer - [hivemq-test-hivemq-platform] [hivemq-platform-operator] [9610c361] 	at java.base/java.util.concurrent.CompletableFuture.postComplete(Unknown Source)
2025-01-28 23:42:03,665 INFO c.h.h.t.HelmChartContainer - [hivemq-test-hivemq-platform] [hivemq-platform-operator] [9610c361] 	at java.base/java.util.concurrent.CompletableFuture.complete(Unknown Source)
2025-01-28 23:42:03,665 INFO c.h.h.t.HelmChartContainer - [hivemq-test-hivemq-platform] [hivemq-platform-operator] [9610c361] 	at io.fabric8.kubernetes.client.http.ByteArrayBodyHandler.onBodyDone(ByteArrayBodyHandler.java:51)
2025-01-28 23:42:03,665 INFO c.h.h.t.HelmChartContainer - [hivemq-test-hivemq-platform] [hivemq-platform-operator] [9610c361] 	at java.base/java.util.concurrent.CompletableFuture.uniWhenComplete(Unknown Source)
2025-01-28 23:42:03,665 INFO c.h.h.t.HelmChartContainer - [hivemq-test-hivemq-platform] [hivemq-platform-operator] [9610c361] 	at java.base/java.util.concurrent.CompletableFuture$UniWhenComplete.tryFire(Unknown Source)
2025-01-28 23:42:03,665 INFO c.h.h.t.HelmChartContainer - [hivemq-test-hivemq-platform] [hivemq-platform-operator] [9610c361] 	at java.base/java.util.concurrent.CompletableFuture.postComplete(Unknown Source)
2025-01-28 23:42:03,665 INFO c.h.h.t.HelmChartContainer - [hivemq-test-hivemq-platform] [hivemq-platform-operator] [9610c361] 	at java.base/java.util.concurrent.CompletableFuture.complete(Unknown Source)
2025-01-28 23:42:03,665 INFO c.h.h.t.HelmChartContainer - [hivemq-test-hivemq-platform] [hivemq-platform-operator] [9610c361] 	at io.fabric8.kubernetes.client.vertx.VertxHttpRequest.lambda$null$1(VertxHttpRequest.java:121)
2025-01-28 23:42:03,665 INFO c.h.h.t.HelmChartContainer - [hivemq-test-hivemq-platform] [hivemq-platform-operator] [9610c361] 	at io.vertx.core.impl.ContextInternal.dispatch(ContextInternal.java:279)
2025-01-28 23:42:03,665 INFO c.h.h.t.HelmChartContainer - [hivemq-test-hivemq-platform] [hivemq-platform-operator] [9610c361] 	at io.vertx.core.impl.ContextInternal.dispatch(ContextInternal.java:261)
2025-01-28 23:42:03,665 INFO c.h.h.t.HelmChartContainer - [hivemq-test-hivemq-platform] [hivemq-platform-operator] [9610c361] 	at io.vertx.core.http.impl.HttpEventHandler.handleEnd(HttpEventHandler.java:76)
2025-01-28 23:42:03,665 INFO c.h.h.t.HelmChartContainer - [hivemq-test-hivemq-platform] [hivemq-platform-operator] [9610c361] 	at io.vertx.core.http.impl.HttpClientResponseImpl.handleEnd(HttpClientResponseImpl.java:250)
2025-01-28 23:42:03,665 INFO c.h.h.t.HelmChartContainer - [hivemq-test-hivemq-platform] [hivemq-platform-operator] [9610c361] 	at io.vertx.core.http.impl.Http1xClientConnection$StreamImpl.lambda$new$0(Http1xClientConnection.java:421)
2025-01-28 23:42:03,665 INFO c.h.h.t.HelmChartContainer - [hivemq-test-hivemq-platform] [hivemq-platform-operator] [9610c361] 	at io.vertx.core.streams.impl.InboundBuffer.handleEvent(InboundBuffer.java:279)
2025-01-28 23:42:03,666 INFO c.h.h.t.HelmChartContainer - [hivemq-test-hivemq-platform] [hivemq-platform-operator] [9610c361] 	at io.vertx.core.streams.impl.InboundBuffer.write(InboundBuffer.java:157)
2025-01-28 23:42:03,667 INFO c.h.h.t.HelmChartContainer - [hivemq-test-hivemq-platform] [hivemq-platform-operator] [9610c361] 	at io.vertx.core.http.impl.Http1xClientConnection$StreamImpl.handleEnd(Http1xClientConnection.java:709)
2025-01-28 23:42:03,667 INFO c.h.h.t.HelmChartContainer - [hivemq-test-hivemq-platform] [hivemq-platform-operator] [9610c361] 	at io.vertx.core.impl.ContextImpl.execute(ContextImpl.java:313)
2025-01-28 23:42:03,667 INFO c.h.h.t.HelmChartContainer - [hivemq-test-hivemq-platform] [hivemq-platform-operator] [9610c361] 	at io.vertx.core.impl.ContextImpl.execute(ContextImpl.java:293)
2025-01-28 23:42:03,667 INFO c.h.h.t.HelmChartContainer - [hivemq-test-hivemq-platform] [hivemq-platform-operator] [9610c361] 	at io.vertx.core.http.impl.Http1xClientConnection.handleResponseEnd(Http1xClientConnection.java:940)
2025-01-28 23:42:03,667 INFO c.h.h.t.HelmChartContainer - [hivemq-test-hivemq-platform] [hivemq-platform-operator] [9610c361] 	at io.vertx.core.http.impl.Http1xClientConnection.handleHttpMessage(Http1xClientConnection.java:810)
2025-01-28 23:42:03,667 INFO c.h.h.t.HelmChartContainer - [hivemq-test-hivemq-platform] [hivemq-platform-operator] [9610c361] 	at io.vertx.core.http.impl.Http1xClientConnection.handleMessage(Http1xClientConnection.java:774)
2025-01-28 23:42:03,667 INFO c.h.h.t.HelmChartContainer - [hivemq-test-hivemq-platform] [hivemq-platform-operator] [9610c361] 	at io.vertx.core.net.impl.ConnectionBase.read(ConnectionBase.java:159)
2025-01-28 23:42:03,667 INFO c.h.h.t.HelmChartContainer - [hivemq-test-hivemq-platform] [hivemq-platform-operator] [9610c361] 	at io.vertx.core.net.impl.VertxHandler.channelRead(VertxHandler.java:153)
2025-01-28 23:42:03,667 INFO c.h.h.t.HelmChartContainer - [hivemq-test-hivemq-platform] [hivemq-platform-operator] [9610c361] 	at io.netty.channel.AbstractChannelHandlerContext.invokeChannelRead(AbstractChannelHandlerContext.java:442)
2025-01-28 23:42:03,667 INFO c.h.h.t.HelmChartContainer - [hivemq-test-hivemq-platform] [hivemq-platform-operator] [9610c361] 	at io.netty.channel.AbstractChannelHandlerContext.invokeChannelRead(AbstractChannelHandlerContext.java:420)
2025-01-28 23:42:03,667 INFO c.h.h.t.HelmChartContainer - [hivemq-test-hivemq-platform] [hivemq-platform-operator] [9610c361] 	at io.netty.channel.AbstractChannelHandlerContext.fireChannelRead(AbstractChannelHandlerContext.java:412)
2025-01-28 23:42:03,667 INFO c.h.h.t.HelmChartContainer - [hivemq-test-hivemq-platform] [hivemq-platform-operator] [9610c361] 	at io.netty.channel.CombinedChannelDuplexHandler$DelegatingChannelHandlerContext.fireChannelRead(CombinedChannelDuplexHandler.java:436)
2025-01-28 23:42:03,667 INFO c.h.h.t.HelmChartContainer - [hivemq-test-hivemq-platform] [hivemq-platform-operator] [9610c361] 	at io.netty.handler.codec.ByteToMessageDecoder.fireChannelRead(ByteToMessageDecoder.java:346)
2025-01-28 23:42:03,667 INFO c.h.h.t.HelmChartContainer - [hivemq-test-hivemq-platform] [hivemq-platform-operator] [9610c361] 	at io.netty.handler.codec.ByteToMessageDecoder.channelRead(ByteToMessageDecoder.java:318)
2025-01-28 23:42:03,667 INFO c.h.h.t.HelmChartContainer - [hivemq-test-hivemq-platform] [hivemq-platform-operator] [9610c361] 	at io.netty.channel.CombinedChannelDuplexHandler.channelRead(CombinedChannelDuplexHandler.java:251)
2025-01-28 23:42:03,667 INFO c.h.h.t.HelmChartContainer - [hivemq-test-hivemq-platform] [hivemq-platform-operator] [9610c361] 	at io.netty.channel.AbstractChannelHandlerContext.invokeChannelRead(AbstractChannelHandlerContext.java:442)
2025-01-28 23:42:03,667 INFO c.h.h.t.HelmChartContainer - [hivemq-test-hivemq-platform] [hivemq-platform-operator] [9610c361] 	at io.netty.channel.AbstractChannelHandlerContext.invokeChannelRead(AbstractChannelHandlerContext.java:420)
2025-01-28 23:42:03,667 INFO c.h.h.t.HelmChartContainer - [hivemq-test-hivemq-platform] [hivemq-platform-operator] [9610c361] 	at io.netty.channel.AbstractChannelHandlerContext.fireChannelRead(AbstractChannelHandlerContext.java:412)
2025-01-28 23:42:03,667 INFO c.h.h.t.HelmChartContainer - [hivemq-test-hivemq-platform] [hivemq-platform-operator] [9610c361] 	at io.netty.handler.ssl.SslHandler.unwrap(SslHandler.java:1475)
2025-01-28 23:42:03,667 INFO c.h.h.t.HelmChartContainer - [hivemq-test-hivemq-platform] [hivemq-platform-operator] [9610c361] 	at io.netty.handler.ssl.SslHandler.decodeJdkCompatible(SslHandler.java:1338)
2025-01-28 23:42:03,667 INFO c.h.h.t.HelmChartContainer - [hivemq-test-hivemq-platform] [hivemq-platform-operator] [9610c361] 	at io.netty.handler.ssl.SslHandler.decode(SslHandler.java:1387)
2025-01-28 23:42:03,667 INFO c.h.h.t.HelmChartContainer - [hivemq-test-hivemq-platform] [hivemq-platform-operator] [9610c361] 	at io.netty.handler.codec.ByteToMessageDecoder.decodeRemovalReentryProtection(ByteToMessageDecoder.java:530)
2025-01-28 23:42:03,667 INFO c.h.h.t.HelmChartContainer - [hivemq-test-hivemq-platform] [hivemq-platform-operator] [9610c361] 	at io.netty.handler.codec.ByteToMessageDecoder.callDecode(ByteToMessageDecoder.java:469)
2025-01-28 23:42:03,667 INFO c.h.h.t.HelmChartContainer - [hivemq-test-hivemq-platform] [hivemq-platform-operator] [9610c361] 	at io.netty.handler.codec.ByteToMessageDecoder.channelRead(ByteToMessageDecoder.java:290)
2025-01-28 23:42:03,667 INFO c.h.h.t.HelmChartContainer - [hivemq-test-hivemq-platform] [hivemq-platform-operator] [9610c361] 	at io.netty.channel.AbstractChannelHandlerContext.invokeChannelRead(AbstractChannelHandlerContext.java:444)
2025-01-28 23:42:03,667 INFO c.h.h.t.HelmChartContainer - [hivemq-test-hivemq-platform] [hivemq-platform-operator] [9610c361] 	at io.netty.channel.AbstractChannelHandlerContext.invokeChannelRead(AbstractChannelHandlerContext.java:420)
2025-01-28 23:42:03,667 INFO c.h.h.t.HelmChartContainer - [hivemq-test-hivemq-platform] [hivemq-platform-operator] [9610c361] 	at io.netty.channel.AbstractChannelHandlerContext.fireChannelRead(AbstractChannelHandlerContext.java:412)
2025-01-28 23:42:03,667 INFO c.h.h.t.HelmChartContainer - [hivemq-test-hivemq-platform] [hivemq-platform-operator] [9610c361] 	at io.netty.channel.DefaultChannelPipeline$HeadContext.channelRead(DefaultChannelPipeline.java:1407)
2025-01-28 23:42:03,667 INFO c.h.h.t.HelmChartContainer - [hivemq-test-hivemq-platform] [hivemq-platform-operator] [9610c361] 	at io.netty.channel.AbstractChannelHandlerContext.invokeChannelRead(AbstractChannelHandlerContext.java:440)
2025-01-28 23:42:03,667 INFO c.h.h.t.HelmChartContainer - [hivemq-test-hivemq-platform] [hivemq-platform-operator] [9610c361] 	at io.netty.channel.AbstractChannelHandlerContext.invokeChannelRead(AbstractChannelHandlerContext.java:420)
2025-01-28 23:42:03,667 INFO c.h.h.t.HelmChartContainer - [hivemq-test-hivemq-platform] [hivemq-platform-operator] [9610c361] 	at io.netty.channel.DefaultChannelPipeline.fireChannelRead(DefaultChannelPipeline.java:918)
2025-01-28 23:42:03,667 INFO c.h.h.t.HelmChartContainer - [hivemq-test-hivemq-platform] [hivemq-platform-operator] [9610c361] 	at io.netty.channel.nio.AbstractNioByteChannel$NioByteUnsafe.read(AbstractNioByteChannel.java:166)
2025-01-28 23:42:03,667 INFO c.h.h.t.HelmChartContainer - [hivemq-test-hivemq-platform] [hivemq-platform-operator] [9610c361] 	at io.netty.channel.nio.NioEventLoop.processSelectedKey(NioEventLoop.java:788)
2025-01-28 23:42:03,667 INFO c.h.h.t.HelmChartContainer - [hivemq-test-hivemq-platform] [hivemq-platform-operator] [9610c361] 	at io.netty.channel.nio.NioEventLoop.processSelectedKeysOptimized(NioEventLoop.java:724)
2025-01-28 23:42:03,667 INFO c.h.h.t.HelmChartContainer - [hivemq-test-hivemq-platform] [hivemq-platform-operator] [9610c361] 	at io.netty.channel.nio.NioEventLoop.processSelectedKeys(NioEventLoop.java:650)
2025-01-28 23:42:03,667 INFO c.h.h.t.HelmChartContainer - [hivemq-test-hivemq-platform] [hivemq-platform-operator] [9610c361] 	at io.netty.channel.nio.NioEventLoop.run(NioEventLoop.java:562)
2025-01-28 23:42:03,667 INFO c.h.h.t.HelmChartContainer - [hivemq-test-hivemq-platform] [hivemq-platform-operator] [9610c361] 	at io.netty.util.concurrent.SingleThreadEventExecutor$4.run(SingleThreadEventExecutor.java:997)
2025-01-28 23:42:03,667 INFO c.h.h.t.HelmChartContainer - [hivemq-test-hivemq-platform] [hivemq-platform-operator] [9610c361] 	at io.netty.util.internal.ThreadExecutorMap$2.run(ThreadExecutorMap.java:74)
2025-01-28 23:42:03,667 INFO c.h.h.t.HelmChartContainer - [hivemq-test-hivemq-platform] [hivemq-platform-operator] [9610c361] 	at io.netty.util.concurrent.FastThreadLocalRunnable.run(FastThreadLocalRunnable.java:30)
2025-01-28 23:42:03,667 INFO c.h.h.t.HelmChartContainer - [hivemq-test-hivemq-platform] [hivemq-platform-operator] [9610c361] 	... 1 common frames omitted
2025-01-28 23:42:03,668 INFO c.h.h.t.HelmChartContainer - [hivemq-test-hivemq-platform] [hivemq-platform-operator] [9610c361] 23:42:03.667 [ReconcilerExecutor-hivemq-controller-125] INFO  c.h.p.o.HiveMQPlatformReconciler - [helmrest] Cleanup test-hivemq-platform - helmrestapiit HiveMQ Platform is shut down
2025-01-28 23:42:03,694 INFO c.h.h.t.HelmChartContainer - [POD] test-hivemq-platform-0 [117cfab8-72d8-458f-80b2-7ca2297367f1] in helmrestapiit was MODIFIED
2025-01-28 23:42:03,696 INFO c.h.h.t.HelmChartContainer - [EVENT] Normal [Killing] Stopping container hivemq [helmrestapiit:test-hivemq-platform-0]
2025-01-28 23:42:03,696 INFO c.h.h.t.HelmChartContainer - Received Killing event for container hivemq in pod test-hivemq-platform-0 [117cfab8-72d8-458f-80b2-7ca2297367f1]
2025-01-28 23:42:03,696 INFO c.h.h.t.HelmChartContainer - Container [test-hivemq-platform-0] [hivemq] [117cfab8-72d8-458f-80b2-7ca2297367f1] was terminated
2025-01-28 23:42:03,696 INFO c.h.h.t.HelmChartContainer - Stopped log watcher for hivemq in pod test-hivemq-platform-0 [117cfab8-72d8-458f-80b2-7ca2297367f1]
2025-01-28 23:42:03,708 INFO c.h.h.t.HelmChartContainer - [test-hivemq-platform] [hivemq] [117cfab8] INFO  - [HiveMQ Platform Operator Init App 1.7.0-SNAPSHOT] Shutting down
2025-01-28 23:42:03,709 INFO c.h.h.t.HelmChartContainer - [test-hivemq-platform] [hivemq] [117cfab8] INFO  - [HiveMQ Platform Operator Init App 1.7.0-SNAPSHOT] Stopping the HiveMQ Platform
2025-01-28 23:42:03,901 INFO c.h.h.t.HelmChartContainer - [test-hivemq-platform] [hivemq] [117cfab8] INFO  - Shutting down HiveMQ. Please wait, this could take a while...
2025-01-28 23:42:03,909 INFO c.h.h.t.HelmChartContainer - [test-hivemq-platform] [hivemq] [117cfab8] INFO  - Shutting down listeners and clients
2025-01-28 23:42:03,911 INFO c.h.h.t.HelmChartContainer - [test-hivemq-platform] [hivemq] [117cfab8] INFO  - Shutdown of listeners is done
2025-01-28 23:42:03,911 INFO c.h.h.t.HelmChartContainer - [test-hivemq-platform] [hivemq] [117cfab8] INFO  - No clients are connected, proceeding with shutdown
2025-01-28 23:42:05,489 INFO c.h.h.t.HelmChartContainer - Deleting namespace 'helmrestapiit'...
2025-01-28 23:42:06,751 INFO c.h.h.t.HelmChartContainer - [test-hivemq-platform] [hivemq] [117cfab8] INFO  - Shutting down extension system
2025-01-28 23:42:06,755 INFO c.h.h.t.HelmChartContainer - [test-hivemq-platform] [hivemq] [117cfab8] INFO  - Stopping extension with id hivemq-dns-cluster-discovery
2025-01-28 23:42:06,756 INFO c.h.h.t.HelmChartContainer - [test-hivemq-platform] [hivemq] [117cfab8] INFO  - Extension "DNS Cluster Discovery Extension" version 4.3.2 stopped successfully.
2025-01-28 23:42:06,757 INFO c.h.h.t.HelmChartContainer - [test-hivemq-platform] [hivemq] [117cfab8] INFO  - Stopping extension with id hivemq-prometheus-extension
2025-01-28 23:42:06,760 INFO c.h.h.t.HelmChartContainer - [test-hivemq-platform] [hivemq] [117cfab8] INFO  - Extension "Prometheus Monitoring Extension" version 4.0.12 stopped successfully.
2025-01-28 23:42:06,761 INFO c.h.h.t.HelmChartContainer - [test-hivemq-platform] [hivemq] [117cfab8] INFO  - Stopping extension with id hivemq-allow-all-extension
2025-01-28 23:42:06,761 INFO c.h.h.t.HelmChartContainer - [test-hivemq-platform] [hivemq] [117cfab8] INFO  - Extension "Allow All Extension" version 1.1.1 stopped successfully.
2025-01-28 23:42:07,866 INFO c.h.h.t.HelmChartContainer - [test-hivemq-platform] [hivemq] [117cfab8] INFO  - [HiveMQ Platform Operator Init App 1.7.0-SNAPSHOT] Returning shutdown Health API response 503 for readiness
2025-01-28 23:42:07,870 INFO c.h.h.t.HelmChartContainer - [EVENT] Warning [Unhealthy] Readiness probe failed: HTTP probe failed with statuscode: 503 [helmrestapiit:test-hivemq-platform-0]
2025-01-28 23:42:07,870 INFO c.h.h.t.HelmChartContainer - Received Unhealthy event for container hivemq in pod test-hivemq-platform-0 [117cfab8-72d8-458f-80b2-7ca2297367f1]
2025-01-28 23:42:08,358 INFO c.h.h.t.HelmChartContainer - [K3S] [authentication.go:74] "Unable to authenticate the request" err="[invalid bearer token, serviceaccounts \"hivemq-platform-pod-test-hivemq-platform\" not found]"
2025-01-28 23:42:08,375 INFO c.h.h.t.HelmChartContainer - [K3S] [authentication.go:74] "Unable to authenticate the request" err="[invalid bearer token, serviceaccounts \"hivemq-platform-pod-test-hivemq-platform\" not found]"
2025-01-28 23:42:08,448 INFO c.h.h.t.HelmChartContainer - [test-hivemq-platform] [hivemq] [117cfab8] WARN  - [HiveMQ Platform Operator Init App 1.7.0-SNAPSHOT] Could not update Pod annotations: Failure executing: GET at: https://10.43.0.1:443/api/v1/namespaces/helmrestapiit/pods/test-hivemq-platform-0. Message: Unauthorized. Received status: Status(apiVersion=v1, code=401, details=null, kind=Status, message=Unauthorized, metadata=ListMeta(_continue=null, remainingItemCount=null, resourceVersion=null, selfLink=null, additionalProperties={}), reason=Unauthorized, status=Failure, additionalProperties={}).
2025-01-28 23:42:09,098 INFO c.h.h.t.HelmChartContainer - [test-hivemq-platform] [hivemq] [117cfab8] INFO  - Shutdown completed.
2025-01-28 23:42:09,445 INFO c.h.h.t.HelmChartContainer - [test-hivemq-platform] [hivemq] [117cfab8] INFO  - [HiveMQ Platform Operator Init App 1.7.0-SNAPSHOT] The HiveMQ Platform exited with code 143
2025-01-28 23:42:09,445 INFO c.h.h.t.HelmChartContainer - [test-hivemq-platform] [hivemq] [117cfab8] INFO  - [HiveMQ Platform Operator Init App 1.7.0-SNAPSHOT] Stopping the REST API
2025-01-28 23:42:09,496 INFO c.h.h.t.HelmChartContainer - [test-hivemq-platform] [hivemq] [117cfab8] INFO  - [HiveMQ Platform Operator Init App 1.7.0-SNAPSHOT] Shutdown complete
2025-01-28 23:42:09,933 INFO c.h.h.t.HelmChartContainer - [POD] test-hivemq-platform-0 [117cfab8-72d8-458f-80b2-7ca2297367f1] in helmrestapiit was MODIFIED
2025-01-28 23:42:09,934 INFO c.h.h.t.HelmChartContainer - [K3S] [stateful_set.go:438] "Unhandled Error" err="error syncing StatefulSet helmrestapiit/test-hivemq-platform, requeuing: controllerrevisions.apps \"test-hivemq-platform-54dd684c8\" is forbidden: unable to create new content in namespace helmrestapiit because it is being terminated"
2025-01-28 23:42:09,942 INFO c.h.h.t.HelmChartContainer - [K3S] [stateful_set.go:438] "Unhandled Error" err="error syncing StatefulSet helmrestapiit/test-hivemq-platform, requeuing: controllerrevisions.apps \"test-hivemq-platform-54dd684c8\" is forbidden: unable to create new content in namespace helmrestapiit because it is being terminated"
2025-01-28 23:42:09,955 INFO c.h.h.t.HelmChartContainer - [K3S] [stateful_set.go:438] "Unhandled Error" err="error syncing StatefulSet helmrestapiit/test-hivemq-platform, requeuing: controllerrevisions.apps \"test-hivemq-platform-54dd684c8\" is forbidden: unable to create new content in namespace helmrestapiit because it is being terminated"
2025-01-28 23:42:09,957 INFO c.h.h.t.HelmChartContainer - [K3S] [reconciler_common.go:162] "operationExecutor.UnmountVolume started for volume \"operator-init\" (UniqueName: \"kubernetes.io/empty-dir/117cfab8-72d8-458f-80b2-7ca2297367f1-operator-init\") pod \"117cfab8-72d8-458f-80b2-7ca2297367f1\" (UID: \"117cfab8-72d8-458f-80b2-7ca2297367f1\") "
2025-01-28 23:42:09,957 INFO c.h.h.t.HelmChartContainer - [K3S] [reconciler_common.go:162] "operationExecutor.UnmountVolume started for volume \"kube-api-access-n4cb6\" (UniqueName: \"kubernetes.io/projected/117cfab8-72d8-458f-80b2-7ca2297367f1-kube-api-access-n4cb6\") pod \"117cfab8-72d8-458f-80b2-7ca2297367f1\" (UID: \"117cfab8-72d8-458f-80b2-7ca2297367f1\") "
2025-01-28 23:42:09,957 INFO c.h.h.t.HelmChartContainer - [K3S] [reconciler_common.go:162] "operationExecutor.UnmountVolume started for volume \"pod-info\" (UniqueName: \"kubernetes.io/configmap/117cfab8-72d8-458f-80b2-7ca2297367f1-pod-info\") pod \"117cfab8-72d8-458f-80b2-7ca2297367f1\" (UID: \"117cfab8-72d8-458f-80b2-7ca2297367f1\") "
2025-01-28 23:42:09,978 INFO c.h.h.t.HelmChartContainer - [K3S] [stateful_set.go:438] "Unhandled Error" err="error syncing StatefulSet helmrestapiit/test-hivemq-platform, requeuing: controllerrevisions.apps \"test-hivemq-platform-54dd684c8\" is forbidden: unable to create new content in namespace helmrestapiit because it is being terminated"
2025-01-28 23:42:09,981 INFO c.h.h.t.HelmChartContainer - [K3S] [scope.go:117] "RemoveContainer" containerID="3118ce1bb3a44f202b7b0c96ed630eee86dde444b799f3566494d00a64a75be2"
2025-01-28 23:42:10,020 INFO c.h.h.t.HelmChartContainer - [K3S] [stateful_set.go:438] "Unhandled Error" err="error syncing StatefulSet helmrestapiit/test-hivemq-platform, requeuing: controllerrevisions.apps \"test-hivemq-platform-54dd684c8\" is forbidden: unable to create new content in namespace helmrestapiit because it is being terminated"
2025-01-28 23:42:10,057 INFO c.h.h.t.HelmChartContainer - [K3S] [reconciler_common.go:162] "operationExecutor.UnmountVolume started for volume \"broker-configuration\" (UniqueName: \"kubernetes.io/configmap/117cfab8-72d8-458f-80b2-7ca2297367f1-broker-configuration\") pod \"117cfab8-72d8-458f-80b2-7ca2297367f1\" (UID: \"117cfab8-72d8-458f-80b2-7ca2297367f1\") "
2025-01-28 23:42:10,058 INFO c.h.h.t.HelmChartContainer - [K3S] [reconciler_common.go:299] "Volume detached for volume \"kube-api-access-n4cb6\" (UniqueName: \"kubernetes.io/projected/117cfab8-72d8-458f-80b2-7ca2297367f1-kube-api-access-n4cb6\") on node \"28cdbdf25764\" DevicePath \"\""
2025-01-28 23:42:10,058 INFO c.h.h.t.HelmChartContainer - [K3S] [reconciler_common.go:299] "Volume detached for volume \"operator-init\" (UniqueName: \"kubernetes.io/empty-dir/117cfab8-72d8-458f-80b2-7ca2297367f1-operator-init\") on node \"28cdbdf25764\" DevicePath \"\""
2025-01-28 23:42:10,058 INFO c.h.h.t.HelmChartContainer - [K3S] [reconciler_common.go:299] "Volume detached for volume \"pod-info\" (UniqueName: \"kubernetes.io/configmap/117cfab8-72d8-458f-80b2-7ca2297367f1-pod-info\") on node \"28cdbdf25764\" DevicePath \"\""
2025-01-28 23:42:10,068 INFO c.h.h.t.HelmChartContainer - [K3S] [scope.go:117] "RemoveContainer" containerID="00a9da1d1dbd6d835dd187ae66a0d8c54a7166ed133e3bbdf71952191b0706f9"
2025-01-28 23:42:10,071 INFO c.h.h.t.HelmChartContainer - [K3S] [scope.go:117] "RemoveContainer" containerID="3118ce1bb3a44f202b7b0c96ed630eee86dde444b799f3566494d00a64a75be2"
2025-01-28 23:42:10,071 INFO c.h.h.t.HelmChartContainer - [K3S] [scope.go:117] "RemoveContainer" containerID="00a9da1d1dbd6d835dd187ae66a0d8c54a7166ed133e3bbdf71952191b0706f9"
2025-01-28 23:42:10,103 INFO c.h.h.t.HelmChartContainer - [K3S] [stateful_set.go:438] "Unhandled Error" err="error syncing StatefulSet helmrestapiit/test-hivemq-platform, requeuing: controllerrevisions.apps \"test-hivemq-platform-54dd684c8\" is forbidden: unable to create new content in namespace helmrestapiit because it is being terminated"
2025-01-28 23:42:10,161 INFO c.h.h.t.HelmChartContainer - [K3S] [reconciler_common.go:299] "Volume detached for volume \"broker-configuration\" (UniqueName: \"kubernetes.io/configmap/117cfab8-72d8-458f-80b2-7ca2297367f1-broker-configuration\") on node \"28cdbdf25764\" DevicePath \"\""
2025-01-28 23:42:10,267 INFO c.h.h.t.HelmChartContainer - [K3S] [stateful_set.go:438] "Unhandled Error" err="error syncing StatefulSet helmrestapiit/test-hivemq-platform, requeuing: controllerrevisions.apps \"test-hivemq-platform-54dd684c8\" is forbidden: unable to create new content in namespace helmrestapiit because it is being terminated"
2025-01-28 23:42:10,290 INFO c.h.h.t.HelmChartContainer - [POD] test-hivemq-platform-0 [117cfab8-72d8-458f-80b2-7ca2297367f1] in helmrestapiit was MODIFIED
2025-01-28 23:42:10,302 INFO c.h.h.t.HelmChartContainer - [K3S] [stateful_set.go:438] "Unhandled Error" err="error syncing StatefulSet helmrestapiit/test-hivemq-platform, requeuing: controllerrevisions.apps \"test-hivemq-platform-54dd684c8\" is forbidden: unable to create new content in namespace helmrestapiit because it is being terminated"
2025-01-28 23:42:10,302 INFO c.h.h.t.HelmChartContainer - [K3S] [stateful_set.go:438] "Unhandled Error" err="error syncing StatefulSet helmrestapiit/test-hivemq-platform, requeuing: controllerrevisions.apps \"test-hivemq-platform-54dd684c8\" is forbidden: unable to create new content in namespace helmrestapiit because it is being terminated"
2025-01-28 23:42:10,305 INFO c.h.h.t.HelmChartContainer - [POD] test-hivemq-platform-0 [117cfab8-72d8-458f-80b2-7ca2297367f1] in helmrestapiit was DELETED
2025-01-28 23:42:10,308 INFO c.h.h.t.HelmChartContainer - [K3S] [stateful_set.go:466] "StatefulSet has been deleted" key="helmrestapiit/test-hivemq-platform"
2025-01-28 23:42:10,588 INFO c.h.h.t.HelmChartContainer - [K3S] [stateful_set.go:466] "StatefulSet has been deleted" key="helmrestapiit/test-hivemq-platform"
2025-01-28 23:42:10,710 INFO c.h.h.t.HelmChartContainer - Namespace 'helmrestapiit' deleted
2025-01-28 23:42:10,710 INFO c.h.h.t.HelmChartContainer - Release 'test-hivemq-platform' in namespace 'helmrestapiit' is uninstalled
2025-01-28 23:42:10,710 INFO c.h.h.t.HelmChartContainer - Uninstalling release 'test-hivemq-platform-operator' in namespace 'helmrestapiit-operator'...
2025-01-28 23:42:10,710 DEBUG c.h.h.t.HelmChartContainer - Executing helm command: /bin/helm --kubeconfig /etc/rancher/k3s/k3s.yaml uninstall test-hivemq-platform-operator  --wait --timeout 5m0s --cascade foreground --namespace helmrestapiit-operator
2025-01-28 23:42:10,877 INFO c.h.h.t.HelmChartContainer - [K3S] [replica_set.go:679] "Finished syncing" kind="ReplicaSet" key="helmrestapiit-operator/hivemq-test-hivemq-platform-operator-6966f96d65" duration="11.634217ms"
2025-01-28 23:42:10,879 INFO c.h.h.t.HelmChartContainer - [K3S] [replica_set.go:679] "Finished syncing" kind="ReplicaSet" key="helmrestapiit-operator/hivemq-test-hivemq-platform-operator-6966f96d65" duration="33.764µs"
2025-01-28 23:42:10,894 INFO c.h.h.t.HelmChartContainer - [POD] hivemq-test-hivemq-platform-operator-6966f96d65-7z9cg [9610c361-b0f4-4e56-942e-f4d9981ab0f3] in helmrestapiit-operator was MODIFIED
2025-01-28 23:42:10,909 INFO c.h.h.t.HelmChartContainer - [K3S] [replica_set.go:679] "Finished syncing" kind="ReplicaSet" key="helmrestapiit-operator/hivemq-test-hivemq-platform-operator-6966f96d65" duration="17.237581ms"
2025-01-28 23:42:10,910 INFO c.h.h.t.HelmChartContainer - [EVENT] Normal [Killing] Stopping container hivemq-platform-operator [helmrestapiit-operator:hivemq-test-hivemq-platform-operator-6966f96d65-7z9cg]
2025-01-28 23:42:10,910 INFO c.h.h.t.HelmChartContainer - Received Killing event for container hivemq-platform-operator in pod hivemq-test-hivemq-platform-operator-6966f96d65-7z9cg [9610c361-b0f4-4e56-942e-f4d9981ab0f3]
2025-01-28 23:42:10,910 INFO c.h.h.t.HelmChartContainer - Container [hivemq-test-hivemq-platform-operator-6966f96d65-7z9cg] [hivemq-platform-operator] [9610c361-b0f4-4e56-942e-f4d9981ab0f3] was terminated
2025-01-28 23:42:10,910 INFO c.h.h.t.HelmChartContainer - Stopped log watcher for hivemq-platform-operator in pod hivemq-test-hivemq-platform-operator-6966f96d65-7z9cg [9610c361-b0f4-4e56-942e-f4d9981ab0f3]
2025-01-28 23:42:10,911 INFO c.h.h.t.HelmChartContainer - [K3S] [replica_set.go:679] "Finished syncing" kind="ReplicaSet" key="helmrestapiit-operator/hivemq-test-hivemq-platform-operator-6966f96d65" duration="43.461µs"
2025-01-28 23:42:10,931 INFO c.h.h.t.HelmChartContainer - [hivemq-test-hivemq-platform] [hivemq-platform-operator] [9610c361] 23:42:10.930 [application-shutdown-thread] INFO  c.h.p.o.HiveMQPlatformOperatorApplication - HiveMQ Platform Operator is stopping...
2025-01-28 23:42:10,931 INFO c.h.h.t.HelmChartContainer - [hivemq-test-hivemq-platform] [hivemq-platform-operator] [9610c361] 23:42:10.930 [application-shutdown-thread] INFO  i.javaoperatorsdk.operator.Operator - Operator SDK 4.9.7 is shutting down...
2025-01-28 23:42:11,503 INFO c.h.h.t.HelmChartContainer - [K3S] [replica_set.go:679] "Finished syncing" kind="ReplicaSet" key="helmrestapiit-operator/hivemq-test-hivemq-platform-operator-6966f96d65" duration="42.419µs"
2025-01-28 23:42:11,504 INFO c.h.h.t.HelmChartContainer - [POD] hivemq-test-hivemq-platform-operator-6966f96d65-7z9cg [9610c361-b0f4-4e56-942e-f4d9981ab0f3] in helmrestapiit-operator was MODIFIED
2025-01-28 23:42:11,568 INFO c.h.h.t.HelmChartContainer - [K3S] [reconciler_common.go:162] "operationExecutor.UnmountVolume started for volume \"kube-api-access-5cxln\" (UniqueName: \"kubernetes.io/projected/9610c361-b0f4-4e56-942e-f4d9981ab0f3-kube-api-access-5cxln\") pod \"9610c361-b0f4-4e56-942e-f4d9981ab0f3\" (UID: \"9610c361-b0f4-4e56-942e-f4d9981ab0f3\") "
2025-01-28 23:42:11,669 INFO c.h.h.t.HelmChartContainer - [K3S] [reconciler_common.go:299] "Volume detached for volume \"kube-api-access-5cxln\" (UniqueName: \"kubernetes.io/projected/9610c361-b0f4-4e56-942e-f4d9981ab0f3-kube-api-access-5cxln\") on node \"28cdbdf25764\" DevicePath \"\""
2025-01-28 23:42:11,986 INFO c.h.h.t.HelmChartContainer - [K3S] [scope.go:117] "RemoveContainer" containerID="616b339fe1c24cffdae3fd8301d53027ce89494465f0f89adff896fcd04757cd"
2025-01-28 23:42:11,989 INFO c.h.h.t.HelmChartContainer - [K3S] [scope.go:117] "RemoveContainer" containerID="616b339fe1c24cffdae3fd8301d53027ce89494465f0f89adff896fcd04757cd"
2025-01-28 23:42:11,998 INFO c.h.h.t.HelmChartContainer - [K3S] [replica_set.go:679] "Finished syncing" kind="ReplicaSet" key="helmrestapiit-operator/hivemq-test-hivemq-platform-operator-6966f96d65" duration="44.233µs"
2025-01-28 23:42:11,998 INFO c.h.h.t.HelmChartContainer - [POD] hivemq-test-hivemq-platform-operator-6966f96d65-7z9cg [9610c361-b0f4-4e56-942e-f4d9981ab0f3] in helmrestapiit-operator was MODIFIED
2025-01-28 23:42:12,008 INFO c.h.h.t.HelmChartContainer - [POD] hivemq-test-hivemq-platform-operator-6966f96d65-7z9cg [9610c361-b0f4-4e56-942e-f4d9981ab0f3] in helmrestapiit-operator was DELETED
2025-01-28 23:42:12,009 INFO c.h.h.t.HelmChartContainer - [K3S] [replica_set.go:679] "Finished syncing" kind="ReplicaSet" key="helmrestapiit-operator/hivemq-test-hivemq-platform-operator-6966f96d65" duration="34.334µs"
2025-01-28 23:42:12,019 INFO c.h.h.t.HelmChartContainer - [K3S] [replica_set.go:679] "Finished syncing" kind="ReplicaSet" key="helmrestapiit-operator/hivemq-test-hivemq-platform-operator-6966f96d65" duration="5.29µs"
2025-01-28 23:42:12,143 INFO c.h.h.t.HelmChartContainer - [K3S] [kubelet_volumes.go:163] "Cleaned up orphaned pod volumes dir" podUID="117cfab8-72d8-458f-80b2-7ca2297367f1" path="/var/lib/kubelet/pods/117cfab8-72d8-458f-80b2-7ca2297367f1/volumes"
2025-01-28 23:42:12,144 INFO c.h.h.t.HelmChartContainer - [K3S] [kubelet_volumes.go:163] "Cleaned up orphaned pod volumes dir" podUID="9610c361-b0f4-4e56-942e-f4d9981ab0f3" path="/var/lib/kubelet/pods/9610c361-b0f4-4e56-942e-f4d9981ab0f3/volumes"
2025-01-28 23:42:12,917 INFO c.h.h.t.HelmChartContainer - Deleting namespace 'helmrestapiit-operator'...
2025-01-28 23:42:15,634 INFO c.h.h.t.HelmChartContainer - [K3S] [namespace_controller.go:187] "Namespace has been deleted" namespace="helmrestapiit"
2025-01-28 23:42:18,134 INFO c.h.h.t.HelmChartContainer - Namespace 'helmrestapiit-operator' deleted
2025-01-28 23:42:18,134 INFO c.h.h.t.HelmChartContainer - Release 'test-hivemq-platform-operator' in namespace 'helmrestapiit-operator' is uninstalled
2025-01-28 23:42:18,836 INFO c.h.helmcharts.AbstractHelmChartIT - Removed unused containers:

2025-01-28 23:42:23,042 INFO c.h.h.t.HelmChartContainer - [K3S] [namespace_controller.go:187] "Namespace has been deleted" namespace="helmrestapiit-operator"
2025-01-28 23:42:26,571 INFO c.h.helmcharts.AbstractHelmChartIT - Removed unused snapshots:
Removing snapshot sha256:03af251906410714c5aef9fa705b63f6bbc39c4a5e787de7361eeb18886c2ed2
Removing snapshot sha256:0c46b3b43cce082ce5ec34ffc6c294e0417d17b9d1e6f366d114b6aadc4f96dc
Removing snapshot sha256:0ce761beee59082d6ed5bcebd3a805b8ddd9b3426b617e4809e7fb7c6587ffec
Removing snapshot sha256:0df91287303208332c8ff6ba40ae4710105201739addbfbddfb955f1ad593664
Removing snapshot sha256:1021ef88c7974bfff89c5a0ec4fd3160daac6c48a075f74cff721f85dd104e68
Removing snapshot sha256:10aba4953ddc18145dd38e3704709bc464aa20af60b56fe52caaff4b68411e62
Removing snapshot sha256:2573e0d8158209ed54ab25c87bcdcb00bd3d2539246960a3d592a1c599d70465
Removing snapshot sha256:362a8a37f8bbc31925a8146adcf7cf51f9882f5c1dcbef67c5baa03a297543c0
Removing snapshot sha256:3fa4ad33f0ddc8fd45b39b6b4640f82a3a83619606cd975bfe89d8710ad2d4cd
Removing snapshot sha256:43a7c979bbaba6838bc3102d6b10a1459f3ab050b87ccdfef84ef90cf43d3058
Removing snapshot sha256:4ab04491cdf0d3267f08206fe30bd48f49f94b9cab2f016d6739220f722a64af
Removing snapshot sha256:4b6068250e89c96f263060261819c7d912855bfbd64b3eb4c4a8483299b8c295
Removing snapshot sha256:580e69a0a8034ede1921139bbd2bfb72a69ebf276d008281896c32dd8bf74775
Removing snapshot sha256:5d30ba46b27fe37484567ccc5242cadc78217b8da605f3f195ef25cbf7487904
Removing snapshot sha256:63ca1fbb43ae5034640e5e6cb3e083e05c290072c5366fcaa9d62435a4cced85
Removing snapshot sha256:67f702c6baae873bceb19487c8b1f27bd2b86077e4f2f0e480e6d60ab508b8f5
Removing snapshot sha256:6864348dd42806d552efdec384f1274be15e2d0c10ce44c1f04347af004c10a9
Removing snapshot sha256:6c7dee8f2c39b84b7dc2711c01d33de93514d9055499173e9290176fbe484b6c
Removing snapshot sha256:82753493a6d61ded36556292f02f31841a14c20d2f279f19eaad65afb661d5cd
Removing snapshot sha256:8a10d3db42c505ee0fcfa98417bdd7e39b304f6bcc0a06bb1b220797ff2cc63c
Removing snapshot sha256:a0904247e36a7726c03c71ee48f3e64462021c88dafeb13f37fdaf613b27f11c
Removing snapshot sha256:a21e5b12dbac529ad45d976eb9ce45c881f3bedcc500fb30aba1e52aa1813418
Removing snapshot sha256:b921e6c28969094157f9b8e7244677780319637afd14450b7cb6b2fdea558a0c
Removing snapshot sha256:bc27ecb5769a00e309cf99ebc763c4a4b958b618d1decc96ffac5bc05f02f5b7
Removing snapshot sha256:be3ccb6627a5332e309d45ef461d09b4879dd870c7394d89323d0ebc6ca6aa8a
Removing snapshot sha256:c261f7cbbc64211ee175ee47273acdb7b1a36a4450b397a064a8f2c026490095
Removing snapshot sha256:c34d9393647eea0c9e3557ab988efaf59f61d10a2a5613b439ef0958cca5ec10
Removing snapshot sha256:ccf3c4a0fa967a41c1c83497a2ce6fa5787965859df0adb32c4ca2cf7490bc2b
Removing snapshot sha256:cf92d33f869417309692088c341cd0f223c178ea78a125f757317b22aa8f90e9
Removing snapshot sha256:d0037344cf2fb078884f1849f6a1f8cf9a33a3b6139b6a85833e5ee528e1f9a8
Removing snapshot sha256:d3b36d5b79273b1e98e7700470eaeff05a882e777124d84cebcc1505b85ecb36
Removing snapshot sha256:d65a44a37914602d12c611e5e22a50f11451d847e63015cc1c2aef92dee777a4
Removing snapshot sha256:de032a54c75c43a6fb8a82ff9ac7fed1b96916fd63f9ae814e853d08a6738d36
Removing snapshot sha256:e2dc0bae2455930f23ae570e019b7f32edc75c0f2d71cab084db837ff9051796
Removing snapshot sha256:e31519795c7e3df686c447a21ec8d2eb301388a5e39ccf7f20a25c6f6ce3a522
Removing snapshot sha256:e9e86ed11d9bebc0707dd6f1166c51237ebb44f98657241f943261b2675a5449
Removing snapshot sha256:ecab2add669a90093ac0ce928934d91e099758e1d3abf829255b054036a78de7
Removing snapshot sha256:eccbd24a99c60cd9e86ee5305dbfc4a4dc89f5ab4fb1f06c8d64797cecedef34
Removing snapshot sha256:f144bb4c7c7f0d2aa7eeffd36d934ec40db1ee167be727e326aad9fdc616f475

]]></system-out>
  </testcase>
  <system-out><![CDATA[2025-01-28 23:37:24,029 INFO c.h.h.t.HelmChartContainerExtension - Using cached HelmChartContainer instance
]]></system-out>
  <system-err><![CDATA[]]></system-err>
</testsuite>
