<?xml version="1.0" encoding="UTF-8"?>
<testsuite name="com.hivemq.helmcharts.services.HelmRestApiIT" tests="3" skipped="0" failures="0" errors="0" timestamp="2025-01-29T01:01:05" hostname="fv-az1779-901" time="301.239">
  <properties/>
  <testcase name="platformChart_whenAuthEnabled_thenCallsEndpoint()" classname="com.hivemq.helmcharts.services.HelmRestApiIT" time="101.521">
    <system-out><![CDATA[2025-01-29 01:01:05,869 INFO c.h.h.t.HelmChartContainer - Creating namespace 'helmrestapiit-operator'...
2025-01-29 01:01:05,877 INFO c.h.h.t.HelmChartContainer - Namespace 'helmrestapiit-operator' created
2025-01-29 01:01:05,877 INFO c.h.h.t.HelmChartContainer - Creating namespace 'helmrestapiit'...
2025-01-29 01:01:05,893 INFO c.h.h.t.HelmChartContainer - Namespace 'helmrestapiit' created
2025-01-29 01:01:05,987 DEBUG c.h.h.t.HelmChartContainer - Executing helm command: /bin/helm --kubeconfig /etc/rancher/k3s/k3s.yaml install test-hivemq-platform-operator /charts/hivemq-platform-operator --wait --timeout 5m0s --set image.repository=docker.io/hivemq --set image.name=hivemq-platform-operator-test --set image.initImageName=hivemq-platform-operator-init-test --set image.tag=snapshot --set image.pullPolicy=Never --set logLevel=DEBUG --set resources.cpu=512m --namespace helmrestapiit-operator
2025-01-29 01:01:06,315 INFO c.h.h.t.HelmChartContainer - [K3S] [alloc.go:330] "allocated clusterIPs" service="helmrestapiit-operator/hivemq-platform-operator-test-hivemq-platform-operator" clusterIPs={"IPv4":"10.43.131.237"}
2025-01-29 01:01:06,328 INFO c.h.h.t.HelmChartContainer - [EVENT] Normal [ScalingReplicaSet] Scaled up replica set hivemq-test-hivemq-platform-operator-6966f96d65 from 0 to 1 [helmrestapiit-operator:hivemq-test-hivemq-platform-operator]
2025-01-29 01:01:06,332 INFO c.h.h.t.HelmChartContainer - [POD] hivemq-test-hivemq-platform-operator-6966f96d65-qt4jt [ff840b22-83fc-48d6-b7d5-9d224d847f81] in helmrestapiit-operator was ADDED
2025-01-29 01:01:06,338 INFO c.h.h.t.HelmChartContainer - [K3S] [memory_manager.go:355] "RemoveStaleState removing state" podUID="2a11d244-a6f4-4e30-b706-752b461ccf01" containerName="hivemq"
2025-01-29 01:01:06,338 INFO c.h.h.t.HelmChartContainer - [K3S] [memory_manager.go:355] "RemoveStaleState removing state" podUID="695178c9-52ef-441e-baca-52bcd8980796" containerName="hivemq"
2025-01-29 01:01:06,338 INFO c.h.h.t.HelmChartContainer - [K3S] [memory_manager.go:355] "RemoveStaleState removing state" podUID="229b2f72-8932-4ea9-ad0f-f4c6d26f92f1" containerName="hivemq-platform-operator"
2025-01-29 01:01:06,339 INFO c.h.h.t.HelmChartContainer - [POD] hivemq-test-hivemq-platform-operator-6966f96d65-qt4jt [ff840b22-83fc-48d6-b7d5-9d224d847f81] in helmrestapiit-operator was MODIFIED
2025-01-29 01:01:06,340 INFO c.h.h.t.HelmChartContainer - [EVENT] Normal [SuccessfulCreate] Created pod: hivemq-test-hivemq-platform-operator-6966f96d65-qt4jt [helmrestapiit-operator:hivemq-test-hivemq-platform-operator-6966f96d65]
2025-01-29 01:01:06,343 INFO c.h.h.t.HelmChartContainer - [K3S] [replica_set.go:679] "Finished syncing" kind="ReplicaSet" key="helmrestapiit-operator/hivemq-test-hivemq-platform-operator-6966f96d65" duration="18.857189ms"
2025-01-29 01:01:06,347 INFO c.h.h.t.HelmChartContainer - [K3S] [replica_set.go:679] "Finished syncing" kind="ReplicaSet" key="helmrestapiit-operator/hivemq-test-hivemq-platform-operator-6966f96d65" duration="3.765609ms"
2025-01-29 01:01:06,347 INFO c.h.h.t.HelmChartContainer - [K3S] [replica_set.go:679] "Finished syncing" kind="ReplicaSet" key="helmrestapiit-operator/hivemq-test-hivemq-platform-operator-6966f96d65" duration="32.982µs"
2025-01-29 01:01:06,347 INFO c.h.h.t.HelmChartContainer - [K3S] [replica_set.go:679] "Finished syncing" kind="ReplicaSet" key="helmrestapiit-operator/hivemq-test-hivemq-platform-operator-6966f96d65" duration="27.532µs"
2025-01-29 01:01:06,352 INFO c.h.h.t.HelmChartContainer - [POD] hivemq-test-hivemq-platform-operator-6966f96d65-qt4jt [ff840b22-83fc-48d6-b7d5-9d224d847f81] in helmrestapiit-operator was MODIFIED
2025-01-29 01:01:06,354 INFO c.h.h.t.HelmChartContainer - [K3S] [replica_set.go:679] "Finished syncing" kind="ReplicaSet" key="helmrestapiit-operator/hivemq-test-hivemq-platform-operator-6966f96d65" duration="61.866µs"
2025-01-29 01:01:06,354 INFO c.h.h.t.HelmChartContainer - [EVENT] Normal [Scheduled] Successfully assigned helmrestapiit-operator/hivemq-test-hivemq-platform-operator-6966f96d65-qt4jt to 84044ab653e1 [helmrestapiit-operator:hivemq-test-hivemq-platform-operator-6966f96d65-qt4jt]
2025-01-29 01:01:06,377 INFO c.h.h.t.HelmChartContainer - [K3S] [reconciler_common.go:251] "operationExecutor.VerifyControllerAttachedVolume started for volume \"kube-api-access-8hbr7\" (UniqueName: \"kubernetes.io/projected/ff840b22-83fc-48d6-b7d5-9d224d847f81-kube-api-access-8hbr7\") pod \"hivemq-test-hivemq-platform-operator-6966f96d65-qt4jt\" (UID: \"ff840b22-83fc-48d6-b7d5-9d224d847f81\") " pod="helmrestapiit-operator/hivemq-test-hivemq-platform-operator-6966f96d65-qt4jt"
2025-01-29 01:01:06,725 INFO c.h.h.t.HelmChartContainer - [EVENT] Normal [Pulled] Container image "docker.io/hivemq/hivemq-platform-operator-test:snapshot" already present on machine [helmrestapiit-operator:hivemq-test-hivemq-platform-operator-6966f96d65-qt4jt]
2025-01-29 01:01:06,726 INFO c.h.h.t.HelmChartContainer - Received Pulled event for container hivemq-platform-operator in pod hivemq-test-hivemq-platform-operator-6966f96d65-qt4jt [ff840b22-83fc-48d6-b7d5-9d224d847f81]
2025-01-29 01:01:06,731 INFO c.h.h.t.HelmChartContainer - [EVENT] Normal [Created] Created container: hivemq-platform-operator [helmrestapiit-operator:hivemq-test-hivemq-platform-operator-6966f96d65-qt4jt]
2025-01-29 01:01:06,731 INFO c.h.h.t.HelmChartContainer - Received Created event for container hivemq-platform-operator in pod hivemq-test-hivemq-platform-operator-6966f96d65-qt4jt [ff840b22-83fc-48d6-b7d5-9d224d847f81]
2025-01-29 01:01:07,366 INFO c.h.h.t.HelmChartContainer - [K3S] [replica_set.go:679] "Finished syncing" kind="ReplicaSet" key="helmrestapiit-operator/hivemq-test-hivemq-platform-operator-6966f96d65" duration="60.433µs"
2025-01-29 01:01:07,370 INFO c.h.h.t.HelmChartContainer - [POD] hivemq-test-hivemq-platform-operator-6966f96d65-qt4jt [ff840b22-83fc-48d6-b7d5-9d224d847f81] in helmrestapiit-operator was MODIFIED
2025-01-29 01:01:07,379 INFO c.h.h.t.HelmChartContainer - Started log watcher for hivemq-platform-operator in pod hivemq-test-hivemq-platform-operator-6966f96d65-qt4jt [ff840b22-83fc-48d6-b7d5-9d224d847f81]
2025-01-29 01:01:07,379 INFO c.h.h.t.HelmChartContainer - [EVENT] Normal [Started] Started container hivemq-platform-operator [helmrestapiit-operator:hivemq-test-hivemq-platform-operator-6966f96d65-qt4jt]
2025-01-29 01:01:07,380 INFO c.h.h.t.HelmChartContainer - [hivemq-test-hivemq-platform] [hivemq-platform-operator] [ff840b22] -------------------------------------------------------------------------
2025-01-29 01:01:07,380 INFO c.h.h.t.HelmChartContainer - [hivemq-test-hivemq-platform] [hivemq-platform-operator] [ff840b22] 
2025-01-29 01:01:07,380 INFO c.h.h.t.HelmChartContainer - [hivemq-test-hivemq-platform] [hivemq-platform-operator] [ff840b22]                   _    _  _              __  __   ____
2025-01-29 01:01:07,380 INFO c.h.h.t.HelmChartContainer - [hivemq-test-hivemq-platform] [hivemq-platform-operator] [ff840b22]                  | |  | |(_)            |  \/  | / __ \
2025-01-29 01:01:07,380 INFO c.h.h.t.HelmChartContainer - [hivemq-test-hivemq-platform] [hivemq-platform-operator] [ff840b22]                  | |__| | _ __   __ ___ | \  / || |  | |
2025-01-29 01:01:07,380 INFO c.h.h.t.HelmChartContainer - [hivemq-test-hivemq-platform] [hivemq-platform-operator] [ff840b22]                  |  __  || |\ \ / // _ \| |\/| || |  | |
2025-01-29 01:01:07,380 INFO c.h.h.t.HelmChartContainer - [hivemq-test-hivemq-platform] [hivemq-platform-operator] [ff840b22]                  | |  | || | \ V /|  __/| |  | || |__| |
2025-01-29 01:01:07,380 INFO c.h.h.t.HelmChartContainer - [hivemq-test-hivemq-platform] [hivemq-platform-operator] [ff840b22]                  |_|  |_||_|  \_/  \___||_|  |_| \___\_\
2025-01-29 01:01:07,380 INFO c.h.h.t.HelmChartContainer - [hivemq-test-hivemq-platform] [hivemq-platform-operator] [ff840b22] 
2025-01-29 01:01:07,380 INFO c.h.h.t.HelmChartContainer - [hivemq-test-hivemq-platform] [hivemq-platform-operator] [ff840b22] -------------------------------------------------------------------------
2025-01-29 01:01:07,380 INFO c.h.h.t.HelmChartContainer - [hivemq-test-hivemq-platform] [hivemq-platform-operator] [ff840b22] 
2025-01-29 01:01:07,380 INFO c.h.h.t.HelmChartContainer - [hivemq-test-hivemq-platform] [hivemq-platform-operator] [ff840b22]   HiveMQ Platform Operator Start Script v1.0
2025-01-29 01:01:07,380 INFO c.h.h.t.HelmChartContainer - [hivemq-test-hivemq-platform] [hivemq-platform-operator] [ff840b22] 
2025-01-29 01:01:07,380 INFO c.h.h.t.HelmChartContainer - [hivemq-test-hivemq-platform] [hivemq-platform-operator] [ff840b22] -------------------------------------------------------------------------
2025-01-29 01:01:07,380 INFO c.h.h.t.HelmChartContainer - [hivemq-test-hivemq-platform] [hivemq-platform-operator] [ff840b22] 
2025-01-29 01:01:07,380 INFO c.h.h.t.HelmChartContainer - [hivemq-test-hivemq-platform] [hivemq-platform-operator] [ff840b22]   JAVA_OPTS: -XX:+UnlockExperimentalVMOptions -XX:InitialRAMPercentage=75 -XX:MaxRAMPercentage=75 -Duser.language=en -Duser.region=US
2025-01-29 01:01:07,380 INFO c.h.h.t.HelmChartContainer - [hivemq-test-hivemq-platform] [hivemq-platform-operator] [ff840b22] 
2025-01-29 01:01:07,380 INFO c.h.h.t.HelmChartContainer - [hivemq-test-hivemq-platform] [hivemq-platform-operator] [ff840b22]   JAVA_VERSION: 21
2025-01-29 01:01:07,380 INFO c.h.h.t.HelmChartContainer - [hivemq-test-hivemq-platform] [hivemq-platform-operator] [ff840b22] 
2025-01-29 01:01:07,380 INFO c.h.h.t.HelmChartContainer - [hivemq-test-hivemq-platform] [hivemq-platform-operator] [ff840b22] -------------------------------------------------------------------------
2025-01-29 01:01:07,380 INFO c.h.h.t.HelmChartContainer - [hivemq-test-hivemq-platform] [hivemq-platform-operator] [ff840b22] 
2025-01-29 01:01:07,381 INFO c.h.h.t.HelmChartContainer - Received Started event for container hivemq-platform-operator in pod hivemq-test-hivemq-platform-operator-6966f96d65-qt4jt [ff840b22-83fc-48d6-b7d5-9d224d847f81]
2025-01-29 01:01:09,869 INFO c.h.h.t.HelmChartContainer - [hivemq-test-hivemq-platform] [hivemq-platform-operator] [ff840b22] 01:01:09.867 [main] DEBUG org.jboss.logging - Logging Provider: org.jboss.logging.Slf4jLoggerProvider
2025-01-29 01:01:09,997 INFO c.h.h.t.HelmChartContainer - [hivemq-test-hivemq-platform] [hivemq-platform-operator] [ff840b22] 01:01:09.995 [main] DEBUG io.smallrye.config - SRCFG01006: Loaded ConfigSource SysPropConfigSource with ordinal 400
2025-01-29 01:01:09,998 INFO c.h.h.t.HelmChartContainer - [hivemq-test-hivemq-platform] [hivemq-platform-operator] [ff840b22] 01:01:09.996 [main] DEBUG io.smallrye.config - SRCFG01006: Loaded ConfigSource EnvConfigSource with ordinal 300
2025-01-29 01:01:09,998 INFO c.h.h.t.HelmChartContainer - [hivemq-test-hivemq-platform] [hivemq-platform-operator] [ff840b22] 01:01:09.996 [main] DEBUG io.smallrye.config - SRCFG01006: Loaded ConfigSource PropertiesConfigSource[source=jar:file:///opt/hivemq-platform-operator/bin/hivemq-platform-operator.jar!/hivemq-platform-operator.properties] with ordinal 100
2025-01-29 01:01:09,998 INFO c.h.h.t.HelmChartContainer - [hivemq-test-hivemq-platform] [hivemq-platform-operator] [ff840b22] 01:01:09.996 [main] DEBUG io.smallrye.config - SRCFG01006: Loaded ConfigSource DefaultValuesConfigSource with ordinal -2147483648
2025-01-29 01:01:10,098 INFO c.h.h.t.HelmChartContainer - [hivemq-test-hivemq-platform] [hivemq-platform-operator] [ff840b22] 01:01:10.097 [main] DEBUG i.m.c.u.i.l.InternalLoggerFactory - Using SLF4J as the default logging framework
2025-01-29 01:01:10,263 INFO c.h.h.t.HelmChartContainer - [hivemq-test-hivemq-platform] [hivemq-platform-operator] [ff840b22] 01:01:10.205 [main] INFO  c.h.p.o.HiveMQPlatformOperatorApplication - HiveMQ Platform Operator 1.7.0-SNAPSHOT (commit: bebf408 on branch: HEAD) built on Sun Jan 26 20:47:47 UTC 2025
2025-01-29 01:01:10,264 INFO c.h.h.t.HelmChartContainer - [hivemq-test-hivemq-platform] [hivemq-platform-operator] [ff840b22] 01:01:10.263 [main] INFO  c.h.p.o.HiveMQPlatformOperatorApplication - HiveMQ Platform Operator is running in namespace: helmrestapiit-operator
2025-01-29 01:01:10,264 INFO c.h.h.t.HelmChartContainer - [hivemq-test-hivemq-platform] [hivemq-platform-operator] [ff840b22] 01:01:10.263 [main] INFO  c.h.p.o.HiveMQPlatformOperatorApplication - Watching all namespaces
2025-01-29 01:01:10,265 INFO c.h.h.t.HelmChartContainer - [hivemq-test-hivemq-platform] [hivemq-platform-operator] [ff840b22] 01:01:10.263 [main] INFO  c.h.p.o.HiveMQPlatformOperatorApplication - Log level: DEBUG
2025-01-29 01:01:10,265 INFO c.h.h.t.HelmChartContainer - [hivemq-test-hivemq-platform] [hivemq-platform-operator] [ff840b22] 01:01:10.263 [main] INFO  c.h.p.o.HiveMQPlatformOperatorApplication - Release name: test-hivemq-platform-operator
2025-01-29 01:01:10,265 INFO c.h.h.t.HelmChartContainer - [hivemq-test-hivemq-platform] [hivemq-platform-operator] [ff840b22] 01:01:10.263 [main] INFO  c.h.p.o.HiveMQPlatformOperatorApplication - HiveMQ Platform Operator Init image: docker.io/hivemq/hivemq-platform-operator-init-test:snapshot
2025-01-29 01:01:10,265 INFO c.h.h.t.HelmChartContainer - [hivemq-test-hivemq-platform] [hivemq-platform-operator] [ff840b22] 01:01:10.263 [main] INFO  c.h.p.o.HiveMQPlatformOperatorApplication - HiveMQ Platform Operator Init App update URL: http://hivemq-platform-operator-test-hivemq-platform-operator.helmrestapiit-operator.svc:8080/initAppUpdate/hivemq-platform-operator-init-app-1.7.0-SNAPSHOT.jar
2025-01-29 01:01:10,265 INFO c.h.h.t.HelmChartContainer - [hivemq-test-hivemq-platform] [hivemq-platform-operator] [ff840b22] 01:01:10.263 [main] INFO  c.h.p.o.HiveMQPlatformOperatorApplication - Additional imagePullSecret for all Platform deployments: none
2025-01-29 01:01:10,265 INFO c.h.h.t.HelmChartContainer - [hivemq-test-hivemq-platform] [hivemq-platform-operator] [ff840b22] 01:01:10.263 [main] INFO  c.h.p.o.HiveMQPlatformOperatorApplication - Apply HiveMQ Platform CRD: true
2025-01-29 01:01:10,265 INFO c.h.h.t.HelmChartContainer - [hivemq-test-hivemq-platform] [hivemq-platform-operator] [ff840b22] 01:01:10.263 [main] INFO  c.h.p.o.HiveMQPlatformOperatorApplication - Create Platform ServiceAccount: true
2025-01-29 01:01:10,265 INFO c.h.h.t.HelmChartContainer - [hivemq-test-hivemq-platform] [hivemq-platform-operator] [ff840b22] 01:01:10.263 [main] INFO  c.h.p.o.HiveMQPlatformOperatorApplication - Create Platform ServiceAccount permissions: true
2025-01-29 01:01:10,265 INFO c.h.h.t.HelmChartContainer - [hivemq-test-hivemq-platform] [hivemq-platform-operator] [ff840b22] 01:01:10.263 [main] INFO  c.h.p.o.HiveMQPlatformOperatorApplication - Validate Platform ServiceAccount: true
2025-01-29 01:01:10,265 INFO c.h.h.t.HelmChartContainer - [hivemq-test-hivemq-platform] [hivemq-platform-operator] [ff840b22] 01:01:10.263 [main] INFO  c.h.p.o.HiveMQPlatformOperatorApplication - Validate Platform ServiceAccount permissions: true
2025-01-29 01:01:10,305 INFO c.h.h.t.HelmChartContainer - [hivemq-test-hivemq-platform] [hivemq-platform-operator] [ff840b22] 01:01:10.304 [main] INFO  c.h.platform.operator.util.CRDUtil - Verifying deployed HiveMQ Platform CRD...
2025-01-29 01:01:12,762 INFO c.h.h.t.HelmChartContainer - [hivemq-test-hivemq-platform] [hivemq-platform-operator] [ff840b22] 01:01:12.760 [main] DEBUG c.h.platform.operator.util.CRDUtil - HiveMQ Platform CRD version v1 is up to date
2025-01-29 01:01:12,762 INFO c.h.h.t.HelmChartContainer - [hivemq-test-hivemq-platform] [hivemq-platform-operator] [ff840b22] 01:01:12.761 [main] INFO  c.h.platform.operator.util.CRDUtil - HiveMQ Platform CRD is up to date (version: V1_6_0)
2025-01-29 01:01:12,762 INFO c.h.h.t.HelmChartContainer - [hivemq-test-hivemq-platform] [hivemq-platform-operator] [ff840b22] 01:01:12.761 [main] INFO  c.h.platform.operator.util.CRDUtil - Waiting 10000 ms for HiveMQ Platform CRD 'hivemq-platforms.hivemq.com' to become ready...
2025-01-29 01:01:12,995 INFO c.h.h.t.HelmChartContainer - [hivemq-test-hivemq-platform] [hivemq-platform-operator] [ff840b22] 01:01:12.994 [vert.x-eventloop-thread-1] DEBUG c.h.platform.operator.util.CRDUtil - Checking CRD condition 'NamesAccepted' (status: 'True')
2025-01-29 01:01:12,997 INFO c.h.h.t.HelmChartContainer - [hivemq-test-hivemq-platform] [hivemq-platform-operator] [ff840b22] 01:01:12.995 [vert.x-eventloop-thread-1] DEBUG c.h.platform.operator.util.CRDUtil - Checking CRD condition 'Established' (status: 'True')
2025-01-29 01:01:12,997 INFO c.h.h.t.HelmChartContainer - [hivemq-test-hivemq-platform] [hivemq-platform-operator] [ff840b22] 01:01:12.996 [main] INFO  c.h.platform.operator.util.CRDUtil - HiveMQ Platform CRD 'hivemq-platforms.hivemq.com' is ready
2025-01-29 01:01:13,104 INFO c.h.h.t.HelmChartContainer - [hivemq-test-hivemq-platform] [hivemq-platform-operator] [ff840b22] 01:01:13.104 [main] INFO  c.h.p.o.HiveMQPlatformReconciler - HiveMQ Platform Operator is starting...
2025-01-29 01:01:13,201 INFO c.h.h.t.HelmChartContainer - [hivemq-test-hivemq-platform] [hivemq-platform-operator] [ff840b22] 01:01:13.200 [main] WARN  Default ConfigurationService implementation - Configuration for reconciler 'hivemq-controller' was not found. Known reconcilers: None.
2025-01-29 01:01:13,265 INFO c.h.h.t.HelmChartContainer - [hivemq-test-hivemq-platform] [hivemq-platform-operator] [ff840b22] 01:01:13.264 [main] INFO  Default ConfigurationService implementation - Created configuration for reconciler com.hivemq.platform.operator.HiveMQPlatformReconciler with name hivemq-controller
2025-01-29 01:01:13,367 INFO c.h.h.t.HelmChartContainer - [hivemq-test-hivemq-platform] [hivemq-platform-operator] [ff840b22] 01:01:13.366 [main] DEBUG c.h.p.o.HiveMQPlatformReconciler - HiveMQ Platform Operator is preparing EventSources
2025-01-29 01:01:13,401 INFO c.h.h.t.HelmChartContainer - [hivemq-test-hivemq-platform] [hivemq-platform-operator] [ff840b22] 01:01:13.400 [main] INFO  i.javaoperatorsdk.operator.Operator - Registered reconciler: 'hivemq-controller' for resource: 'class com.hivemq.platform.operator.v1.HiveMQPlatform' for namespace(s): [all namespaces]
2025-01-29 01:01:13,871 INFO c.h.h.t.HelmChartContainer - [hivemq-test-hivemq-platform] [hivemq-platform-operator] [ff840b22] 01:01:13.870 [main] INFO  c.h.p.operator.webserver.JettyServer - Starting Jetty server on port 8080
2025-01-29 01:01:13,963 INFO c.h.h.t.HelmChartContainer - [hivemq-test-hivemq-platform] [hivemq-platform-operator] [ff840b22] 01:01:13.962 [main] INFO  i.javaoperatorsdk.operator.Operator - Operator SDK 4.9.7 (commit: 2133d28) built on Wed Nov 20 12:56:20 UTC 2024 starting...
2025-01-29 01:01:13,963 INFO c.h.h.t.HelmChartContainer - [hivemq-test-hivemq-platform] [hivemq-platform-operator] [ff840b22] 01:01:13.962 [main] INFO  i.javaoperatorsdk.operator.Operator - Client version: 6.13.4
2025-01-29 01:01:13,964 INFO c.h.h.t.HelmChartContainer - [hivemq-test-hivemq-platform] [hivemq-platform-operator] [ff840b22] 01:01:13.963 [Controller Starter for: hivemq-controller] INFO  i.j.operator.processing.Controller - Starting 'hivemq-controller' controller for reconciler: com.hivemq.platform.operator.HiveMQPlatformReconciler, resource: com.hivemq.platform.operator.v1.HiveMQPlatform
2025-01-29 01:01:16,098 INFO c.h.h.t.HelmChartContainer - [hivemq-test-hivemq-platform] [hivemq-platform-operator] [ff840b22] 01:01:16.096 [Controller Starter for: hivemq-controller] INFO  i.j.operator.processing.Controller - 'hivemq-controller' controller started
2025-01-29 01:01:16,099 INFO c.h.h.t.HelmChartContainer - [hivemq-test-hivemq-platform] [hivemq-platform-operator] [ff840b22] 01:01:16.097 [main] INFO  c.h.p.o.HiveMQPlatformOperatorApplication - HiveMQ Platform Operator 1.7.0-SNAPSHOT started in 5891 ms
2025-01-29 01:01:18,373 INFO c.h.h.t.HelmChartContainer - [K3S] [replica_set.go:679] "Finished syncing" kind="ReplicaSet" key="helmrestapiit-operator/hivemq-test-hivemq-platform-operator-6966f96d65" duration="5.234758ms"
2025-01-29 01:01:18,373 INFO c.h.h.t.HelmChartContainer - [K3S] [replica_set.go:679] "Finished syncing" kind="ReplicaSet" key="helmrestapiit-operator/hivemq-test-hivemq-platform-operator-6966f96d65" duration="43.952µs"
2025-01-29 01:01:18,375 INFO c.h.h.t.HelmChartContainer - [POD] hivemq-test-hivemq-platform-operator-6966f96d65-qt4jt [ff840b22-83fc-48d6-b7d5-9d224d847f81] in helmrestapiit-operator was MODIFIED
2025-01-29 01:01:20,466 DEBUG c.h.h.t.HelmChartContainer - Executing helm command: /bin/helm --kubeconfig /etc/rancher/k3s/k3s.yaml install test-hivemq-platform /charts/hivemq-platform --wait --timeout 5m0s --set image.repository=docker.io/hivemq --set image.tag=4.36.0 --set image.pullPolicy=Never --set nodes.resources.cpu=512m -f /files/rest-api-with-auth-values.yaml --namespace helmrestapiit
2025-01-29 01:01:20,696 INFO c.h.h.t.HelmChartContainer - [hivemq-test-hivemq-platform] [hivemq-platform-operator] [ff840b22] 01:01:20.693 [-373097727-pool-1-thread-4] WARN  i.m.p.PrometheusMeterRegistry - The meter (MeterId{name='operator.sdk.events.received', tags=[tag(action=ADDED),tag(event=ResourceEvent),tag(group=hivemq.com),tag(kind=HiveMQPlatform),tag(name=test-hivemq-platform),tag(namespace=helmrestapiit),tag(scope=namespace),tag(version=v1)]}) registration has failed: Prometheus requires that all meters with the same name have the same set of tag keys. There is already an existing meter named 'operator.sdk.events.received' containing tag keys [event, group, kind, name, namespace, scope, version]. The meter you are attempting to register has keys [action, event, group, kind, name, namespace, scope, version]. Note that subsequent logs will be logged at debug level.
2025-01-29 01:01:21,175 INFO c.h.h.t.HelmChartContainer - [hivemq-test-hivemq-platform] [hivemq-platform-operator] [ff840b22] 01:01:21.173 [pool-6-thread-3] DEBUG c.h.p.o.dependants.PodInfoConfigMap - [helmrest] Desired PodInfo ConfigMap (2 extensions) (1 enabled)
2025-01-29 01:01:21,175 INFO c.h.h.t.HelmChartContainer - [hivemq-test-hivemq-platform] [hivemq-platform-operator] [ff840b22] 01:01:21.173 [pool-6-thread-3] DEBUG c.h.p.o.dependants.PodInfoConfigMap - [helmrest] Desired PodInfo ConfigMap (metrics port: 9399) (metrics path: /)
2025-01-29 01:01:21,175 INFO c.h.h.t.HelmChartContainer - [hivemq-test-hivemq-platform] [hivemq-platform-operator] [ff840b22] 01:01:21.174 [pool-6-thread-3] DEBUG c.h.p.o.dependants.PodInfoConfigMap - [helmrest] Desired PodInfo ConfigMap (extension state hash: -2116590237)
2025-01-29 01:01:21,195 INFO c.h.h.t.HelmChartContainer - [hivemq-test-hivemq-platform] [hivemq-platform-operator] [ff840b22] 01:01:21.194 [pool-6-thread-3] DEBUG c.h.p.o.dependants.PodInfoConfigMap - [helmrest] Create PodInfo ConfigMap
2025-01-29 01:01:21,273 INFO c.h.h.t.HelmChartContainer - [hivemq-test-hivemq-platform] [hivemq-platform-operator] [ff840b22] 01:01:21.271 [pool-6-thread-5] DEBUG c.h.p.o.dependants.PodRoleResource - [helmrest] Create Role: Role(apiVersion=rbac.authorization.k8s.io/v1, kind=Role, metadata=ObjectMeta(annotations={meta.helm.sh/release-name=test-hivemq-platform, meta.helm.sh/release-namespace=helmrestapiit}, creationTimestamp=null, deletionGracePeriodSeconds=null, deletionTimestamp=null, finalizers=[], generateName=null, generation=null, labels={helm.sh/chart=hivemq-platform-0.2.32, app.kubernetes.io/managed-by=Helm, app.kubernetes.io/name=hivemq-platform, hivemq-platform=test-hivemq-platform, app.kubernetes.io/instance=test-hivemq-platform, app.kubernetes.io/version=4.36.0}, managedFields=[], name=hivemq-platform-role-test-hivemq-platform, namespace=helmrestapiit, ownerReferences=[OwnerReference(apiVersion=hivemq.com/v1, blockOwnerDeletion=null, controller=null, kind=HiveMQPlatform, name=test-hivemq-platform, uid=dc97f4b9-9856-4245-8c77-3b5441f288a0, additionalProperties={})], resourceVersion=null, selfLink=null, uid=null, additionalProperties={}), rules=[PolicyRule(apiGroups=[], nonResourceURLs=[], resourceNames=[], resources=[pods], verbs=[get, patch, update], additionalProperties={})], additionalProperties={})
2025-01-29 01:01:21,462 INFO c.h.h.t.HelmChartContainer - [hivemq-test-hivemq-platform] [hivemq-platform-operator] [ff840b22] 01:01:21.461 [pool-6-thread-7] DEBUG c.h.p.o.d.PodServiceAccountResource - [helmrest] Desired PodServiceAccountResource (serviceAccountName: hivemq-platform-pod-test-hivemq-platform)
2025-01-29 01:01:21,463 INFO c.h.h.t.HelmChartContainer - [hivemq-test-hivemq-platform] [hivemq-platform-operator] [ff840b22] 01:01:21.462 [pool-6-thread-7] DEBUG c.h.p.o.d.PodServiceAccountResource - [helmrest] Create ServiceAccount 'hivemq-platform-pod-test-hivemq-platform'
2025-01-29 01:01:21,569 INFO c.h.h.t.HelmChartContainer - [hivemq-test-hivemq-platform] [hivemq-platform-operator] [ff840b22] 01:01:21.568 [pool-6-thread-9] DEBUG c.h.p.o.d.PodRoleBindingResource - [helmrest] Create RoleBinding: RoleBinding(apiVersion=rbac.authorization.k8s.io/v1, kind=RoleBinding, metadata=ObjectMeta(annotations={meta.helm.sh/release-name=test-hivemq-platform, meta.helm.sh/release-namespace=helmrestapiit}, creationTimestamp=null, deletionGracePeriodSeconds=null, deletionTimestamp=null, finalizers=[], generateName=null, generation=null, labels={helm.sh/chart=hivemq-platform-0.2.32, app.kubernetes.io/managed-by=Helm, app.kubernetes.io/name=hivemq-platform, hivemq-platform=test-hivemq-platform, app.kubernetes.io/instance=test-hivemq-platform, app.kubernetes.io/version=4.36.0}, managedFields=[], name=hivemq-platform-role-binding-test-hivemq-platform, namespace=helmrestapiit, ownerReferences=[OwnerReference(apiVersion=hivemq.com/v1, blockOwnerDeletion=null, controller=null, kind=HiveMQPlatform, name=test-hivemq-platform, uid=dc97f4b9-9856-4245-8c77-3b5441f288a0, additionalProperties={})], resourceVersion=null, selfLink=null, uid=null, additionalProperties={}), roleRef=RoleRef(apiGroup=rbac.authorization.k8s.io, kind=Role, name=hivemq-platform-role-test-hivemq-platform, additionalProperties={}), subjects=[Subject(apiGroup=null, kind=ServiceAccount, name=hivemq-platform-pod-test-hivemq-platform, namespace=helmrestapiit, additionalProperties={})], additionalProperties={})
2025-01-29 01:01:21,663 INFO c.h.h.t.HelmChartContainer - [hivemq-test-hivemq-platform] [hivemq-platform-operator] [ff840b22] 01:01:21.661 [ReconcilerExecutor-hivemq-controller-54] INFO  c.h.p.o.HiveMQPlatformReconciler - [helmrest] Reconciling HiveMQ Platform 'test-hivemq-platform' in namespace 'helmrestapiit'
2025-01-29 01:01:21,663 INFO c.h.h.t.HelmChartContainer - [hivemq-test-hivemq-platform] [hivemq-platform-operator] [ff840b22] 01:01:21.662 [ReconcilerExecutor-hivemq-controller-54] DEBUG c.h.p.o.HiveMQPlatformReconciler - [helmrest] Custom Resource Status CREATED - HiveMQ Platform was created (READY)
2025-01-29 01:01:21,664 INFO c.h.h.t.HelmChartContainer - [hivemq-test-hivemq-platform] [hivemq-platform-operator] [ff840b22] 01:01:21.662 [ReconcilerExecutor-hivemq-controller-54] DEBUG c.h.p.o.HiveMQPlatformReconciler - [helmrest] Custom Resource Spec (replicas: 1) (extensions: 2)
2025-01-29 01:01:21,668 INFO c.h.h.t.HelmChartContainer - [hivemq-test-hivemq-platform] [hivemq-platform-operator] [ff840b22] 01:01:21.667 [ReconcilerExecutor-hivemq-controller-54] INFO  c.h.p.o.h.HiveMQPlatformReconcilerBaseHandler - [helmrest] HiveMQ Platform is starting
2025-01-29 01:01:21,773 INFO c.h.h.t.HelmChartContainer - [hivemq-test-hivemq-platform] [hivemq-platform-operator] [ff840b22] 01:01:21.772 [ReconcilerExecutor-hivemq-controller-54] DEBUG c.h.p.operator.event.EventSender - [helmrest] Creating K8s event hivemq-platform-starting: [Start] HiveMQ Platform is starting
2025-01-29 01:01:21,781 INFO c.h.h.t.HelmChartContainer - [EVENT] Normal [Start] HiveMQ Platform is starting [helmrestapiit:test-hivemq-platform]
2025-01-29 01:01:21,784 INFO c.h.h.t.HelmChartContainer - [hivemq-test-hivemq-platform] [hivemq-platform-operator] [ff840b22] 01:01:21.784 [ReconcilerExecutor-hivemq-controller-54] INFO  c.h.p.o.h.AbstractHiveMQReconcilerStateHandler - [helmrest] Update HiveMQ Platform Status (CREATED [READY] -> STARTING [READY]): HiveMQ Platform is starting
2025-01-29 01:01:21,871 DEBUG com.hivemq.helmcharts.util.K8sUtil - Comparing actual state 'STARTING' and waiting for 'RUNNING'
2025-01-29 01:01:31,036 INFO c.h.h.t.HelmChartContainer - [K3S] [scope.go:117] "RemoveContainer" containerID="ac808319ddd4e34202615a88088bc29d6ffdd2dd27caf809d713f25edb58b234"
2025-01-29 01:01:31,883 INFO c.h.h.t.HelmChartContainer - [hivemq-test-hivemq-platform] [hivemq-platform-operator] [ff840b22] 01:01:31.879 [pool-6-thread-12] DEBUG c.h.p.o.d.PlatformServiceResource - [helmrest] Desired Platform services (2 services)
2025-01-29 01:01:31,885 INFO c.h.h.t.HelmChartContainer - [hivemq-test-hivemq-platform] [hivemq-platform-operator] [ff840b22] 01:01:31.882 [pool-6-thread-13] DEBUG c.h.p.o.dependants.PodInfoConfigMap - [helmrest] Desired PodInfo ConfigMap (2 extensions) (1 enabled)
2025-01-29 01:01:31,885 INFO c.h.h.t.HelmChartContainer - [hivemq-test-hivemq-platform] [hivemq-platform-operator] [ff840b22] 01:01:31.882 [pool-6-thread-13] DEBUG c.h.p.o.dependants.PodInfoConfigMap - [helmrest] Desired PodInfo ConfigMap (metrics port: 9399) (metrics path: /)
2025-01-29 01:01:31,885 INFO c.h.h.t.HelmChartContainer - [hivemq-test-hivemq-platform] [hivemq-platform-operator] [ff840b22] 01:01:31.882 [pool-6-thread-13] DEBUG c.h.p.o.dependants.PodInfoConfigMap - [helmrest] Desired PodInfo ConfigMap (extension state hash: -2116590237)
2025-01-29 01:01:31,887 INFO c.h.h.t.HelmChartContainer - [hivemq-test-hivemq-platform] [hivemq-platform-operator] [ff840b22] 01:01:31.886 [pool-6-thread-17] DEBUG c.h.p.o.d.PodServiceAccountResource - [helmrest] Desired PodServiceAccountResource (serviceAccountName: hivemq-platform-pod-test-hivemq-platform)
2025-01-29 01:01:31,888 INFO c.h.h.t.HelmChartContainer - [hivemq-test-hivemq-platform] [hivemq-platform-operator] [ff840b22] 01:01:31.887 [pool-6-thread-13] DEBUG c.h.p.o.dependants.PodInfoConfigMap - [helmrest] Update PodInfo ConfigMap
2025-01-29 01:01:31,967 INFO c.h.h.t.HelmChartContainer - [K3S] [alloc.go:330] "allocated clusterIPs" service="helmrestapiit/hivemq-test-hivemq-platform-rest-8890" clusterIPs={"IPv4":"10.43.99.40"}
2025-01-29 01:01:31,986 INFO c.h.h.t.HelmChartContainer - [K3S] [alloc.go:330] "allocated clusterIPs" service="helmrestapiit/hivemq-test-hivemq-platform-metrics-9399" clusterIPs={"IPv4":"10.43.135.41"}
2025-01-29 01:01:32,062 INFO c.h.h.t.HelmChartContainer - [hivemq-test-hivemq-platform] [hivemq-platform-operator] [ff840b22] 01:01:32.061 [pool-6-thread-20] DEBUG c.h.p.o.d.StatefulSetResource - [helmrest] Desired StatefulSet (1 replicas) for status STARTING (READY)
2025-01-29 01:01:32,073 INFO c.h.h.t.HelmChartContainer - [hivemq-test-hivemq-platform] [hivemq-platform-operator] [ff840b22] 01:01:32.072 [pool-6-thread-20] DEBUG c.h.p.o.d.StatefulSetResource - [helmrest] Create StatefulSet
2025-01-29 01:01:32,096 INFO c.h.h.t.HelmChartContainer - [POD] test-hivemq-platform-0 [29cbf9fb-f2ea-4f1c-bbf8-78102b67f838] in helmrestapiit was ADDED
2025-01-29 01:01:32,097 INFO c.h.h.t.HelmChartContainer - [EVENT] Normal [SuccessfulCreate] create Pod test-hivemq-platform-0 in StatefulSet test-hivemq-platform successful [helmrestapiit:test-hivemq-platform]
2025-01-29 01:01:32,101 INFO c.h.h.t.HelmChartContainer - [POD] test-hivemq-platform-0 [29cbf9fb-f2ea-4f1c-bbf8-78102b67f838] in helmrestapiit was MODIFIED
2025-01-29 01:01:32,101 INFO c.h.h.t.HelmChartContainer - [EVENT] Normal [Scheduled] Successfully assigned helmrestapiit/test-hivemq-platform-0 to 84044ab653e1 [helmrestapiit:test-hivemq-platform-0]
2025-01-29 01:01:32,113 INFO c.h.h.t.HelmChartContainer - [POD] test-hivemq-platform-0 [29cbf9fb-f2ea-4f1c-bbf8-78102b67f838] in helmrestapiit was MODIFIED
2025-01-29 01:01:32,169 INFO c.h.h.t.HelmChartContainer - [hivemq-test-hivemq-platform] [hivemq-platform-operator] [ff840b22] 01:01:32.167 [ReconcilerExecutor-hivemq-controller-65] INFO  c.h.p.o.HiveMQPlatformReconciler - [helmrest] Reconciling HiveMQ Platform 'test-hivemq-platform' in namespace 'helmrestapiit'
2025-01-29 01:01:32,169 INFO c.h.h.t.HelmChartContainer - [hivemq-test-hivemq-platform] [hivemq-platform-operator] [ff840b22] 01:01:32.167 [ReconcilerExecutor-hivemq-controller-65] DEBUG c.h.p.o.HiveMQPlatformReconciler - [helmrest] Custom Resource Status STARTING - HiveMQ Platform is starting (READY)
2025-01-29 01:01:32,169 INFO c.h.h.t.HelmChartContainer - [hivemq-test-hivemq-platform] [hivemq-platform-operator] [ff840b22] 01:01:32.167 [ReconcilerExecutor-hivemq-controller-65] DEBUG c.h.p.o.HiveMQPlatformReconciler - [helmrest] Custom Resource Spec (replicas: 1) (extensions: 2)
2025-01-29 01:01:32,227 INFO c.h.h.t.HelmChartContainer - [K3S] [reconciler_common.go:251] "operationExecutor.VerifyControllerAttachedVolume started for volume \"pod-info\" (UniqueName: \"kubernetes.io/configmap/29cbf9fb-f2ea-4f1c-bbf8-78102b67f838-pod-info\") pod \"test-hivemq-platform-0\" (UID: \"29cbf9fb-f2ea-4f1c-bbf8-78102b67f838\") " pod="helmrestapiit/test-hivemq-platform-0"
2025-01-29 01:01:32,227 INFO c.h.h.t.HelmChartContainer - [K3S] [reconciler_common.go:251] "operationExecutor.VerifyControllerAttachedVolume started for volume \"ese-file-realm\" (UniqueName: \"kubernetes.io/configmap/29cbf9fb-f2ea-4f1c-bbf8-78102b67f838-ese-file-realm\") pod \"test-hivemq-platform-0\" (UID: \"29cbf9fb-f2ea-4f1c-bbf8-78102b67f838\") " pod="helmrestapiit/test-hivemq-platform-0"
2025-01-29 01:01:32,227 INFO c.h.h.t.HelmChartContainer - [K3S] [reconciler_common.go:251] "operationExecutor.VerifyControllerAttachedVolume started for volume \"extension-configuration-hivemq-enterprise-security-extension\" (UniqueName: \"kubernetes.io/configmap/29cbf9fb-f2ea-4f1c-bbf8-78102b67f838-extension-configuration-hivemq-enterprise-security-extension\") pod \"test-hivemq-platform-0\" (UID: \"29cbf9fb-f2ea-4f1c-bbf8-78102b67f838\") " pod="helmrestapiit/test-hivemq-platform-0"
2025-01-29 01:01:32,227 INFO c.h.h.t.HelmChartContainer - [K3S] [reconciler_common.go:251] "operationExecutor.VerifyControllerAttachedVolume started for volume \"kube-api-access-4fbqg\" (UniqueName: \"kubernetes.io/projected/29cbf9fb-f2ea-4f1c-bbf8-78102b67f838-kube-api-access-4fbqg\") pod \"test-hivemq-platform-0\" (UID: \"29cbf9fb-f2ea-4f1c-bbf8-78102b67f838\") " pod="helmrestapiit/test-hivemq-platform-0"
2025-01-29 01:01:32,227 INFO c.h.h.t.HelmChartContainer - [K3S] [reconciler_common.go:251] "operationExecutor.VerifyControllerAttachedVolume started for volume \"broker-configuration\" (UniqueName: \"kubernetes.io/configmap/29cbf9fb-f2ea-4f1c-bbf8-78102b67f838-broker-configuration\") pod \"test-hivemq-platform-0\" (UID: \"29cbf9fb-f2ea-4f1c-bbf8-78102b67f838\") " pod="helmrestapiit/test-hivemq-platform-0"
2025-01-29 01:01:32,227 INFO c.h.h.t.HelmChartContainer - [K3S] [reconciler_common.go:251] "operationExecutor.VerifyControllerAttachedVolume started for volume \"operator-init\" (UniqueName: \"kubernetes.io/empty-dir/29cbf9fb-f2ea-4f1c-bbf8-78102b67f838-operator-init\") pod \"test-hivemq-platform-0\" (UID: \"29cbf9fb-f2ea-4f1c-bbf8-78102b67f838\") " pod="helmrestapiit/test-hivemq-platform-0"
2025-01-29 01:01:32,264 INFO c.h.h.t.HelmChartContainer - [hivemq-test-hivemq-platform] [hivemq-platform-operator] [ff840b22] 01:01:32.263 [ReconcilerExecutor-hivemq-controller-65] DEBUG c.h.p.o.HiveMQPlatformReconciler - [helmrest] StatefulSet Status (revision: test-hivemq-platform-bbf59449c, replicas: 1, available: 0, ready: 0, current: 1, updated: 1)
2025-01-29 01:01:32,265 INFO c.h.h.t.HelmChartContainer - [hivemq-test-hivemq-platform] [hivemq-platform-operator] [ff840b22] 01:01:32.263 [ReconcilerExecutor-hivemq-controller-65] DEBUG c.h.p.o.HiveMQPlatformReconciler - [helmrest] StatefulSet Spec (replicas: 1, init containers: 1, containers: 1, volumes: 5)
2025-01-29 01:01:32,274 INFO c.h.h.t.HelmChartContainer - [hivemq-test-hivemq-platform] [hivemq-platform-operator] [ff840b22] 01:01:32.273 [ReconcilerExecutor-hivemq-controller-65] DEBUG c.h.p.o.h.HiveMQPlatformReconcilerErrorHandler - [helmrest] Pod 'test-hivemq-platform-0' phase Pending
2025-01-29 01:01:32,275 INFO c.h.h.t.HelmChartContainer - [hivemq-test-hivemq-platform] [hivemq-platform-operator] [ff840b22] 01:01:32.273 [ReconcilerExecutor-hivemq-controller-65] DEBUG c.h.p.o.h.HiveMQPlatformReconcilerErrorHandler - [helmrest] Pod 'test-hivemq-platform-0' condition 'PodReadyToStartContainers': False
2025-01-29 01:01:32,276 INFO c.h.h.t.HelmChartContainer - [hivemq-test-hivemq-platform] [hivemq-platform-operator] [ff840b22] 01:01:32.274 [ReconcilerExecutor-hivemq-controller-65] DEBUG c.h.p.o.h.HiveMQPlatformReconcilerErrorHandler - [helmrest] Pod 'test-hivemq-platform-0' condition 'Initialized': False
2025-01-29 01:01:32,277 INFO c.h.h.t.HelmChartContainer - [hivemq-test-hivemq-platform] [hivemq-platform-operator] [ff840b22] 01:01:32.274 [ReconcilerExecutor-hivemq-controller-65] DEBUG c.h.p.o.h.HiveMQPlatformReconcilerErrorHandler - [helmrest] Pod 'test-hivemq-platform-0' condition 'Ready': False
2025-01-29 01:01:32,277 INFO c.h.h.t.HelmChartContainer - [hivemq-test-hivemq-platform] [hivemq-platform-operator] [ff840b22] 01:01:32.274 [ReconcilerExecutor-hivemq-controller-65] DEBUG c.h.p.o.h.HiveMQPlatformReconcilerErrorHandler - [helmrest] Pod 'test-hivemq-platform-0' condition 'ContainersReady': False
2025-01-29 01:01:32,277 INFO c.h.h.t.HelmChartContainer - [hivemq-test-hivemq-platform] [hivemq-platform-operator] [ff840b22] 01:01:32.274 [ReconcilerExecutor-hivemq-controller-65] DEBUG c.h.p.o.h.HiveMQPlatformReconcilerErrorHandler - [helmrest] Pod 'test-hivemq-platform-0' condition 'PodScheduled': True
2025-01-29 01:01:32,277 INFO c.h.h.t.HelmChartContainer - [hivemq-test-hivemq-platform] [hivemq-platform-operator] [ff840b22] 01:01:32.274 [ReconcilerExecutor-hivemq-controller-65] DEBUG c.h.p.o.h.HiveMQPlatformReconcilerErrorHandler - [helmrest] Pod 'test-hivemq-platform-0' containerStatus 'hivemq' (started: false) (ready: false) (waiting: [PodInitializing] null)
2025-01-29 01:01:32,361 INFO c.h.h.t.HelmChartContainer - [hivemq-test-hivemq-platform] [hivemq-platform-operator] [ff840b22] 01:01:32.360 [ReconcilerExecutor-hivemq-controller-65] INFO  c.h.p.o.h.HiveMQPlatformReconcilerBaseHandler - [helmrest] HiveMQ Platform is starting, 0 of 1 replicas are ready
2025-01-29 01:01:32,367 INFO c.h.h.t.HelmChartContainer - [hivemq-test-hivemq-platform] [hivemq-platform-operator] [ff840b22] 01:01:32.365 [pool-6-thread-22] DEBUG c.h.p.o.d.PlatformServiceResource - [helmrest] Desired Platform services (2 services)
2025-01-29 01:01:32,370 INFO c.h.h.t.HelmChartContainer - [hivemq-test-hivemq-platform] [hivemq-platform-operator] [ff840b22] 01:01:32.369 [pool-6-thread-23] DEBUG c.h.p.o.dependants.PodInfoConfigMap - [helmrest] Desired PodInfo ConfigMap (2 extensions) (1 enabled)
2025-01-29 01:01:32,373 INFO c.h.h.t.HelmChartContainer - [hivemq-test-hivemq-platform] [hivemq-platform-operator] [ff840b22] 01:01:32.370 [pool-6-thread-27] DEBUG c.h.p.o.d.PodServiceAccountResource - [helmrest] Desired PodServiceAccountResource (serviceAccountName: hivemq-platform-pod-test-hivemq-platform)
2025-01-29 01:01:32,374 INFO c.h.h.t.HelmChartContainer - [hivemq-test-hivemq-platform] [hivemq-platform-operator] [ff840b22] 01:01:32.370 [pool-6-thread-23] DEBUG c.h.p.o.dependants.PodInfoConfigMap - [helmrest] Desired PodInfo ConfigMap (metrics port: 9399) (metrics path: /)
2025-01-29 01:01:32,374 INFO c.h.h.t.HelmChartContainer - [hivemq-test-hivemq-platform] [hivemq-platform-operator] [ff840b22] 01:01:32.372 [pool-6-thread-23] DEBUG c.h.p.o.dependants.PodInfoConfigMap - [helmrest] Desired PodInfo ConfigMap (extension state hash: -2116590237)
2025-01-29 01:01:32,378 INFO c.h.h.t.HelmChartContainer - [hivemq-test-hivemq-platform] [hivemq-platform-operator] [ff840b22] 01:01:32.377 [pool-6-thread-30] DEBUG c.h.p.o.d.StatefulSetResource - [helmrest] Desired StatefulSet (1 replicas) for status STARTING (READY)
2025-01-29 01:01:32,467 INFO c.h.h.t.HelmChartContainer - [hivemq-test-hivemq-platform] [hivemq-platform-operator] [ff840b22] 01:01:32.463 [ReconcilerExecutor-hivemq-controller-76] INFO  c.h.p.o.HiveMQPlatformReconciler - [helmrest] Reconciling HiveMQ Platform 'test-hivemq-platform' in namespace 'helmrestapiit'
2025-01-29 01:01:32,467 INFO c.h.h.t.HelmChartContainer - [hivemq-test-hivemq-platform] [hivemq-platform-operator] [ff840b22] 01:01:32.463 [ReconcilerExecutor-hivemq-controller-76] DEBUG c.h.p.o.HiveMQPlatformReconciler - [helmrest] Custom Resource Status STARTING - HiveMQ Platform is starting (READY)
2025-01-29 01:01:32,467 INFO c.h.h.t.HelmChartContainer - [hivemq-test-hivemq-platform] [hivemq-platform-operator] [ff840b22] 01:01:32.463 [ReconcilerExecutor-hivemq-controller-76] DEBUG c.h.p.o.HiveMQPlatformReconciler - [helmrest] Custom Resource Spec (replicas: 1) (extensions: 2)
2025-01-29 01:01:32,468 INFO c.h.h.t.HelmChartContainer - [hivemq-test-hivemq-platform] [hivemq-platform-operator] [ff840b22] 01:01:32.467 [ReconcilerExecutor-hivemq-controller-76] DEBUG c.h.p.o.HiveMQPlatformReconciler - [helmrest] StatefulSet Status (revision: test-hivemq-platform-bbf59449c, replicas: 1, available: 0, ready: 0, current: 1, updated: 1)
2025-01-29 01:01:32,469 INFO c.h.h.t.HelmChartContainer - [hivemq-test-hivemq-platform] [hivemq-platform-operator] [ff840b22] 01:01:32.468 [ReconcilerExecutor-hivemq-controller-76] DEBUG c.h.p.o.HiveMQPlatformReconciler - [helmrest] StatefulSet Spec (replicas: 1, init containers: 1, containers: 1, volumes: 5)
2025-01-29 01:01:32,472 INFO c.h.h.t.HelmChartContainer - [hivemq-test-hivemq-platform] [hivemq-platform-operator] [ff840b22] 01:01:32.470 [ReconcilerExecutor-hivemq-controller-76] DEBUG c.h.p.o.h.HiveMQPlatformReconcilerErrorHandler - [helmrest] Pod 'test-hivemq-platform-0' phase Pending
2025-01-29 01:01:32,472 INFO c.h.h.t.HelmChartContainer - [hivemq-test-hivemq-platform] [hivemq-platform-operator] [ff840b22] 01:01:32.471 [ReconcilerExecutor-hivemq-controller-76] DEBUG c.h.p.o.h.HiveMQPlatformReconcilerErrorHandler - [helmrest] Pod 'test-hivemq-platform-0' condition 'PodReadyToStartContainers': False
2025-01-29 01:01:32,473 INFO c.h.h.t.HelmChartContainer - [hivemq-test-hivemq-platform] [hivemq-platform-operator] [ff840b22] 01:01:32.471 [ReconcilerExecutor-hivemq-controller-76] DEBUG c.h.p.o.h.HiveMQPlatformReconcilerErrorHandler - [helmrest] Pod 'test-hivemq-platform-0' condition 'Initialized': False
2025-01-29 01:01:32,473 INFO c.h.h.t.HelmChartContainer - [hivemq-test-hivemq-platform] [hivemq-platform-operator] [ff840b22] 01:01:32.471 [ReconcilerExecutor-hivemq-controller-76] DEBUG c.h.p.o.h.HiveMQPlatformReconcilerErrorHandler - [helmrest] Pod 'test-hivemq-platform-0' condition 'Ready': False
2025-01-29 01:01:32,474 INFO c.h.h.t.HelmChartContainer - [hivemq-test-hivemq-platform] [hivemq-platform-operator] [ff840b22] 01:01:32.471 [ReconcilerExecutor-hivemq-controller-76] DEBUG c.h.p.o.h.HiveMQPlatformReconcilerErrorHandler - [helmrest] Pod 'test-hivemq-platform-0' condition 'ContainersReady': False
2025-01-29 01:01:32,474 INFO c.h.h.t.HelmChartContainer - [hivemq-test-hivemq-platform] [hivemq-platform-operator] [ff840b22] 01:01:32.471 [ReconcilerExecutor-hivemq-controller-76] DEBUG c.h.p.o.h.HiveMQPlatformReconcilerErrorHandler - [helmrest] Pod 'test-hivemq-platform-0' condition 'PodScheduled': True
2025-01-29 01:01:32,474 INFO c.h.h.t.HelmChartContainer - [hivemq-test-hivemq-platform] [hivemq-platform-operator] [ff840b22] 01:01:32.471 [ReconcilerExecutor-hivemq-controller-76] DEBUG c.h.p.o.h.HiveMQPlatformReconcilerErrorHandler - [helmrest] Pod 'test-hivemq-platform-0' containerStatus 'hivemq' (started: false) (ready: false) (waiting: [PodInitializing] null)
2025-01-29 01:01:32,476 INFO c.h.h.t.HelmChartContainer - [hivemq-test-hivemq-platform] [hivemq-platform-operator] [ff840b22] 01:01:32.475 [ReconcilerExecutor-hivemq-controller-76] INFO  c.h.p.o.h.HiveMQPlatformReconcilerBaseHandler - [helmrest] HiveMQ Platform is starting, 0 of 1 replicas are ready
2025-01-29 01:01:32,496 INFO c.h.h.t.HelmChartContainer - [EVENT] Normal [Pulled] Container image "docker.io/hivemq/hivemq-platform-operator-init-test:snapshot" already present on machine [helmrestapiit:test-hivemq-platform-0]
2025-01-29 01:01:32,606 INFO c.h.h.t.HelmChartContainer - [EVENT] Normal [Created] Created container: hivemq-platform-operator-init [helmrestapiit:test-hivemq-platform-0]
2025-01-29 01:01:32,643 INFO c.h.h.t.HelmChartContainer - [EVENT] Normal [Started] Started container hivemq-platform-operator-init [helmrestapiit:test-hivemq-platform-0]
2025-01-29 01:01:33,400 INFO c.h.h.t.HelmChartContainer - [EVENT] Normal [Pulled] Container image "docker.io/hivemq/hivemq4:4.36.0" already present on machine [helmrestapiit:test-hivemq-platform-0]
2025-01-29 01:01:33,400 INFO c.h.h.t.HelmChartContainer - Received Pulled event for container hivemq in pod test-hivemq-platform-0 [29cbf9fb-f2ea-4f1c-bbf8-78102b67f838]
2025-01-29 01:01:33,408 INFO c.h.h.t.HelmChartContainer - [POD] test-hivemq-platform-0 [29cbf9fb-f2ea-4f1c-bbf8-78102b67f838] in helmrestapiit was MODIFIED
2025-01-29 01:01:33,422 INFO c.h.h.t.HelmChartContainer - [hivemq-test-hivemq-platform] [hivemq-platform-operator] [ff840b22] 01:01:33.420 [pool-6-thread-32] DEBUG c.h.p.o.d.PlatformServiceResource - [helmrest] Desired Platform services (2 services)
2025-01-29 01:01:33,427 INFO c.h.h.t.HelmChartContainer - [hivemq-test-hivemq-platform] [hivemq-platform-operator] [ff840b22] 01:01:33.426 [pool-6-thread-37] DEBUG c.h.p.o.d.PodServiceAccountResource - [helmrest] Desired PodServiceAccountResource (serviceAccountName: hivemq-platform-pod-test-hivemq-platform)
2025-01-29 01:01:33,432 INFO c.h.h.t.HelmChartContainer - [hivemq-test-hivemq-platform] [hivemq-platform-operator] [ff840b22] 01:01:33.428 [pool-6-thread-33] DEBUG c.h.p.o.dependants.PodInfoConfigMap - [helmrest] Desired PodInfo ConfigMap (2 extensions) (1 enabled)
2025-01-29 01:01:33,433 INFO c.h.h.t.HelmChartContainer - [hivemq-test-hivemq-platform] [hivemq-platform-operator] [ff840b22] 01:01:33.428 [pool-6-thread-33] DEBUG c.h.p.o.dependants.PodInfoConfigMap - [helmrest] Desired PodInfo ConfigMap (metrics port: 9399) (metrics path: /)
2025-01-29 01:01:33,433 INFO c.h.h.t.HelmChartContainer - [hivemq-test-hivemq-platform] [hivemq-platform-operator] [ff840b22] 01:01:33.429 [pool-6-thread-33] DEBUG c.h.p.o.dependants.PodInfoConfigMap - [helmrest] Desired PodInfo ConfigMap (extension state hash: -2116590237)
2025-01-29 01:01:33,498 INFO c.h.h.t.HelmChartContainer - [hivemq-test-hivemq-platform] [hivemq-platform-operator] [ff840b22] 01:01:33.496 [pool-6-thread-39] DEBUG c.h.p.o.d.StatefulSetResource - [helmrest] Desired StatefulSet (1 replicas) for status STARTING (READY)
2025-01-29 01:01:33,503 INFO c.h.h.t.HelmChartContainer - [hivemq-test-hivemq-platform] [hivemq-platform-operator] [ff840b22] 01:01:33.501 [ReconcilerExecutor-hivemq-controller-87] INFO  c.h.p.o.HiveMQPlatformReconciler - [helmrest] Reconciling HiveMQ Platform 'test-hivemq-platform' in namespace 'helmrestapiit'
2025-01-29 01:01:33,504 INFO c.h.h.t.HelmChartContainer - [hivemq-test-hivemq-platform] [hivemq-platform-operator] [ff840b22] 01:01:33.502 [ReconcilerExecutor-hivemq-controller-87] DEBUG c.h.p.o.HiveMQPlatformReconciler - [helmrest] Custom Resource Status STARTING - HiveMQ Platform is starting (READY)
2025-01-29 01:01:33,504 INFO c.h.h.t.HelmChartContainer - [hivemq-test-hivemq-platform] [hivemq-platform-operator] [ff840b22] 01:01:33.502 [ReconcilerExecutor-hivemq-controller-87] DEBUG c.h.p.o.HiveMQPlatformReconciler - [helmrest] Custom Resource Spec (replicas: 1) (extensions: 2)
2025-01-29 01:01:33,506 INFO c.h.h.t.HelmChartContainer - [hivemq-test-hivemq-platform] [hivemq-platform-operator] [ff840b22] 01:01:33.505 [ReconcilerExecutor-hivemq-controller-87] DEBUG c.h.p.o.HiveMQPlatformReconciler - [helmrest] StatefulSet Status (revision: test-hivemq-platform-bbf59449c, replicas: 1, available: 0, ready: 0, current: 1, updated: 1)
2025-01-29 01:01:33,507 INFO c.h.h.t.HelmChartContainer - [hivemq-test-hivemq-platform] [hivemq-platform-operator] [ff840b22] 01:01:33.505 [ReconcilerExecutor-hivemq-controller-87] DEBUG c.h.p.o.HiveMQPlatformReconciler - [helmrest] StatefulSet Spec (replicas: 1, init containers: 1, containers: 1, volumes: 5)
2025-01-29 01:01:33,509 INFO c.h.h.t.HelmChartContainer - [hivemq-test-hivemq-platform] [hivemq-platform-operator] [ff840b22] 01:01:33.508 [ReconcilerExecutor-hivemq-controller-87] DEBUG c.h.p.o.h.HiveMQPlatformReconcilerErrorHandler - [helmrest] Pod 'test-hivemq-platform-0' phase Pending
2025-01-29 01:01:33,510 INFO c.h.h.t.HelmChartContainer - [hivemq-test-hivemq-platform] [hivemq-platform-operator] [ff840b22] 01:01:33.509 [ReconcilerExecutor-hivemq-controller-87] DEBUG c.h.p.o.h.HiveMQPlatformReconcilerErrorHandler - [helmrest] Pod 'test-hivemq-platform-0' condition 'PodReadyToStartContainers': True
2025-01-29 01:01:33,511 INFO c.h.h.t.HelmChartContainer - [hivemq-test-hivemq-platform] [hivemq-platform-operator] [ff840b22] 01:01:33.509 [ReconcilerExecutor-hivemq-controller-87] DEBUG c.h.p.o.h.HiveMQPlatformReconcilerErrorHandler - [helmrest] Pod 'test-hivemq-platform-0' condition 'Initialized': True
2025-01-29 01:01:33,511 INFO c.h.h.t.HelmChartContainer - [hivemq-test-hivemq-platform] [hivemq-platform-operator] [ff840b22] 01:01:33.509 [ReconcilerExecutor-hivemq-controller-87] DEBUG c.h.p.o.h.HiveMQPlatformReconcilerErrorHandler - [helmrest] Pod 'test-hivemq-platform-0' condition 'Ready': False
2025-01-29 01:01:33,511 INFO c.h.h.t.HelmChartContainer - [hivemq-test-hivemq-platform] [hivemq-platform-operator] [ff840b22] 01:01:33.509 [ReconcilerExecutor-hivemq-controller-87] DEBUG c.h.p.o.h.HiveMQPlatformReconcilerErrorHandler - [helmrest] Pod 'test-hivemq-platform-0' condition 'ContainersReady': False
2025-01-29 01:01:33,511 INFO c.h.h.t.HelmChartContainer - [hivemq-test-hivemq-platform] [hivemq-platform-operator] [ff840b22] 01:01:33.509 [ReconcilerExecutor-hivemq-controller-87] DEBUG c.h.p.o.h.HiveMQPlatformReconcilerErrorHandler - [helmrest] Pod 'test-hivemq-platform-0' condition 'PodScheduled': True
2025-01-29 01:01:33,511 INFO c.h.h.t.HelmChartContainer - [hivemq-test-hivemq-platform] [hivemq-platform-operator] [ff840b22] 01:01:33.509 [ReconcilerExecutor-hivemq-controller-87] DEBUG c.h.p.o.h.HiveMQPlatformReconcilerErrorHandler - [helmrest] Pod 'test-hivemq-platform-0' containerStatus 'hivemq' (started: false) (ready: false) (waiting: [PodInitializing] null)
2025-01-29 01:01:33,511 INFO c.h.h.t.HelmChartContainer - [hivemq-test-hivemq-platform] [hivemq-platform-operator] [ff840b22] 01:01:33.510 [ReconcilerExecutor-hivemq-controller-87] INFO  c.h.p.o.h.HiveMQPlatformReconcilerBaseHandler - [helmrest] HiveMQ Platform is starting, 0 of 1 replicas are ready
2025-01-29 01:01:34,673 INFO c.h.h.t.HelmChartContainer - [EVENT] Normal [Created] Created container: hivemq [helmrestapiit:test-hivemq-platform-0]
2025-01-29 01:01:34,673 INFO c.h.h.t.HelmChartContainer - Received Created event for container hivemq in pod test-hivemq-platform-0 [29cbf9fb-f2ea-4f1c-bbf8-78102b67f838]
2025-01-29 01:01:35,418 INFO c.h.h.t.HelmChartContainer - [POD] test-hivemq-platform-0 [29cbf9fb-f2ea-4f1c-bbf8-78102b67f838] in helmrestapiit was MODIFIED
2025-01-29 01:01:35,431 INFO c.h.h.t.HelmChartContainer - [hivemq-test-hivemq-platform] [hivemq-platform-operator] [ff840b22] 01:01:35.427 [pool-6-thread-42] DEBUG c.h.p.o.d.PlatformServiceResource - [helmrest] Desired Platform services (2 services)
2025-01-29 01:01:35,433 INFO c.h.h.t.HelmChartContainer - Started log watcher for hivemq in pod test-hivemq-platform-0 [29cbf9fb-f2ea-4f1c-bbf8-78102b67f838]
2025-01-29 01:01:35,433 INFO c.h.h.t.HelmChartContainer - [EVENT] Normal [Started] Started container hivemq [helmrestapiit:test-hivemq-platform-0]
2025-01-29 01:01:35,433 INFO c.h.h.t.HelmChartContainer - Received Started event for container hivemq in pod test-hivemq-platform-0 [29cbf9fb-f2ea-4f1c-bbf8-78102b67f838]
2025-01-29 01:01:35,438 INFO c.h.h.t.HelmChartContainer - [test-hivemq-platform] [hivemq] [29cbf9fb] Adding pre-installed HiveMQ Platform Operator extensions
2025-01-29 01:01:35,438 INFO c.h.h.t.HelmChartContainer - [test-hivemq-platform] [hivemq] [29cbf9fb] Running as user 10000
2025-01-29 01:01:35,438 INFO c.h.h.t.HelmChartContainer - [test-hivemq-platform] [hivemq] [29cbf9fb] Starting HiveMQ Platform Operator Init
2025-01-29 01:01:35,439 INFO c.h.h.t.HelmChartContainer - [hivemq-test-hivemq-platform] [hivemq-platform-operator] [ff840b22] 01:01:35.434 [pool-6-thread-43] DEBUG c.h.p.o.dependants.PodInfoConfigMap - [helmrest] Desired PodInfo ConfigMap (2 extensions) (1 enabled)
2025-01-29 01:01:35,439 INFO c.h.h.t.HelmChartContainer - [hivemq-test-hivemq-platform] [hivemq-platform-operator] [ff840b22] 01:01:35.435 [pool-6-thread-43] DEBUG c.h.p.o.dependants.PodInfoConfigMap - [helmrest] Desired PodInfo ConfigMap (metrics port: 9399) (metrics path: /)
2025-01-29 01:01:35,439 INFO c.h.h.t.HelmChartContainer - [hivemq-test-hivemq-platform] [hivemq-platform-operator] [ff840b22] 01:01:35.435 [pool-6-thread-43] DEBUG c.h.p.o.dependants.PodInfoConfigMap - [helmrest] Desired PodInfo ConfigMap (extension state hash: -2116590237)
2025-01-29 01:01:35,439 INFO c.h.h.t.HelmChartContainer - [hivemq-test-hivemq-platform] [hivemq-platform-operator] [ff840b22] 01:01:35.436 [pool-6-thread-47] DEBUG c.h.p.o.d.PodServiceAccountResource - [helmrest] Desired PodServiceAccountResource (serviceAccountName: hivemq-platform-pod-test-hivemq-platform)
2025-01-29 01:01:35,445 INFO c.h.h.t.HelmChartContainer - [hivemq-test-hivemq-platform] [hivemq-platform-operator] [ff840b22] 01:01:35.443 [pool-6-thread-49] DEBUG c.h.p.o.d.StatefulSetResource - [helmrest] Desired StatefulSet (1 replicas) for status STARTING (READY)
2025-01-29 01:01:35,502 INFO c.h.h.t.HelmChartContainer - [hivemq-test-hivemq-platform] [hivemq-platform-operator] [ff840b22] 01:01:35.498 [ReconcilerExecutor-hivemq-controller-98] INFO  c.h.p.o.HiveMQPlatformReconciler - [helmrest] Reconciling HiveMQ Platform 'test-hivemq-platform' in namespace 'helmrestapiit'
2025-01-29 01:01:35,502 INFO c.h.h.t.HelmChartContainer - [hivemq-test-hivemq-platform] [hivemq-platform-operator] [ff840b22] 01:01:35.498 [ReconcilerExecutor-hivemq-controller-98] DEBUG c.h.p.o.HiveMQPlatformReconciler - [helmrest] Custom Resource Status STARTING - HiveMQ Platform is starting (READY)
2025-01-29 01:01:35,502 INFO c.h.h.t.HelmChartContainer - [hivemq-test-hivemq-platform] [hivemq-platform-operator] [ff840b22] 01:01:35.498 [ReconcilerExecutor-hivemq-controller-98] DEBUG c.h.p.o.HiveMQPlatformReconciler - [helmrest] Custom Resource Spec (replicas: 1) (extensions: 2)
2025-01-29 01:01:35,503 INFO c.h.h.t.HelmChartContainer - [hivemq-test-hivemq-platform] [hivemq-platform-operator] [ff840b22] 01:01:35.501 [ReconcilerExecutor-hivemq-controller-98] DEBUG c.h.p.o.HiveMQPlatformReconciler - [helmrest] StatefulSet Status (revision: test-hivemq-platform-bbf59449c, replicas: 1, available: 0, ready: 0, current: 1, updated: 1)
2025-01-29 01:01:35,503 INFO c.h.h.t.HelmChartContainer - [hivemq-test-hivemq-platform] [hivemq-platform-operator] [ff840b22] 01:01:35.502 [ReconcilerExecutor-hivemq-controller-98] DEBUG c.h.p.o.HiveMQPlatformReconciler - [helmrest] StatefulSet Spec (replicas: 1, init containers: 1, containers: 1, volumes: 5)
2025-01-29 01:01:35,509 INFO c.h.h.t.HelmChartContainer - [hivemq-test-hivemq-platform] [hivemq-platform-operator] [ff840b22] 01:01:35.508 [ReconcilerExecutor-hivemq-controller-98] DEBUG c.h.p.o.h.HiveMQPlatformReconcilerErrorHandler - [helmrest] Pod 'test-hivemq-platform-0' phase Running
2025-01-29 01:01:35,511 INFO c.h.h.t.HelmChartContainer - [hivemq-test-hivemq-platform] [hivemq-platform-operator] [ff840b22] 01:01:35.510 [ReconcilerExecutor-hivemq-controller-98] INFO  c.h.p.o.h.HiveMQPlatformReconcilerBaseHandler - [helmrest] HiveMQ Platform is starting, 0 of 1 replicas are ready
2025-01-29 01:01:35,815 INFO c.h.h.t.HelmChartContainer - [test-hivemq-platform] [hivemq] [29cbf9fb] INFO  - [HiveMQ Platform Operator Init 1.7.0-SNAPSHOT] HiveMQ Platform Operator Init 1.7.0-SNAPSHOT (commit: bebf408 on branch: HEAD) built on Sun Jan 26 20:47:47 UTC 2025
2025-01-29 01:01:36,924 INFO c.h.h.t.HelmChartContainer - [test-hivemq-platform] [hivemq] [29cbf9fb] INFO  - [HiveMQ Platform Operator Init App 1.7.0-SNAPSHOT] Using bind address 10.42.0.11 from environment variable
2025-01-29 01:01:37,802 INFO c.h.h.t.HelmChartContainer - [test-hivemq-platform] [hivemq] [29cbf9fb] INFO  - [HiveMQ Platform Operator Init App 1.7.0-SNAPSHOT] HiveMQ Platform Operator Init App 1.7.0-SNAPSHOT (commit: bebf408 on branch: HEAD) built on Sun Jan 26 20:47:47 UTC 2025
2025-01-29 01:01:37,802 INFO c.h.h.t.HelmChartContainer - [test-hivemq-platform] [hivemq] [29cbf9fb] INFO  - [HiveMQ Platform Operator Init App 1.7.0-SNAPSHOT] PodInfo ConfigMap directory: /etc/podinfo
2025-01-29 01:01:37,802 INFO c.h.h.t.HelmChartContainer - [test-hivemq-platform] [hivemq] [29cbf9fb] INFO  - [HiveMQ Platform Operator Init App 1.7.0-SNAPSHOT] HiveMQ home directory: /opt/hivemq
2025-01-29 01:01:37,802 INFO c.h.h.t.HelmChartContainer - [test-hivemq-platform] [hivemq] [29cbf9fb] INFO  - [HiveMQ Platform Operator Init App 1.7.0-SNAPSHOT] HiveMQ Logback folder: /opt/hivemq/conf
2025-01-29 01:01:37,802 INFO c.h.h.t.HelmChartContainer - [test-hivemq-platform] [hivemq] [29cbf9fb] INFO  - [HiveMQ Platform Operator Init App 1.7.0-SNAPSHOT] HiveMQ Config folder: /opt/hivemq/conf-k8s
2025-01-29 01:01:37,802 INFO c.h.h.t.HelmChartContainer - [test-hivemq-platform] [hivemq] [29cbf9fb] INFO  - [HiveMQ Platform Operator Init App 1.7.0-SNAPSHOT] Starting HiveMQ Platform Operator Init App
2025-01-29 01:01:37,802 INFO c.h.h.t.HelmChartContainer - [test-hivemq-platform] [hivemq] [29cbf9fb] INFO  - [HiveMQ Platform Operator Init App 1.7.0-SNAPSHOT] Starting Pod reconciler
2025-01-29 01:01:39,000 INFO c.h.h.t.HelmChartContainer - [test-hivemq-platform] [hivemq] [29cbf9fb] INFO  - [HiveMQ Platform Operator Init App 1.7.0-SNAPSHOT] Pod reconciler is scheduled (interval: 5000 ms)
2025-01-29 01:01:39,001 INFO c.h.h.t.HelmChartContainer - [test-hivemq-platform] [hivemq] [29cbf9fb] INFO  - [HiveMQ Platform Operator Init App 1.7.0-SNAPSHOT] Starting the REST API on 10.42.0.11:7979
2025-01-29 01:01:39,003 INFO c.h.h.t.HelmChartContainer - [test-hivemq-platform] [hivemq] [29cbf9fb] INFO  - [HiveMQ Platform Operator Init App 1.7.0-SNAPSHOT] Waiting up to 600s for at most 1 HiveMQ nodes in cluster service hivemq-test-hivemq-platform-cluster.helmrestapiit.svc
2025-01-29 01:01:39,314 INFO c.h.h.t.HelmChartContainer - [test-hivemq-platform] [hivemq] [29cbf9fb] INFO  - [HiveMQ Platform Operator Init App 1.7.0-SNAPSHOT] Resolved 1 IP addresses: [10.42.0.11]
2025-01-29 01:01:39,314 INFO c.h.h.t.HelmChartContainer - [test-hivemq-platform] [hivemq] [29cbf9fb] INFO  - [HiveMQ Platform Operator Init App 1.7.0-SNAPSHOT] HiveMQ node count of 1 is within threshold of 1
2025-01-29 01:01:39,314 INFO c.h.h.t.HelmChartContainer - [test-hivemq-platform] [hivemq] [29cbf9fb] INFO  - [HiveMQ Platform Operator Init App 1.7.0-SNAPSHOT] Proceeding with container start
2025-01-29 01:01:39,406 INFO c.h.h.t.HelmChartContainer - [test-hivemq-platform] [hivemq] [29cbf9fb] INFO  - [HiveMQ Platform Operator Init App 1.7.0-SNAPSHOT] Initializing HiveMQ Platform extensions with initial configuration: {hivemq-allow-all-extension={start-priority=-1, skip-https-hostname-verification=false, restart=true, config-version=0, header-version=0, c-uri=, priority=-1, uri=preinstalled, skip-https-certificate-validation=false, enabled=false}, hivemq-enterprise-security-extension={start-priority=-1, skip-https-hostname-verification=false, restart=true, config-version=1172, header-version=0, c-uri=, priority=-1, uri=preinstalled, skip-https-certificate-validation=false, enabled=true}, hivemq-prometheus-extension={enabled=true, request-header-path=no-request-headers, uri=preinstalled, skip-https-certificate-validation=false, skip-https-hostname-verification=false, c-uri=, start-priority=-1, priority=-1, restart=true}}
2025-01-29 01:01:39,407 INFO c.h.h.t.HelmChartContainer - [test-hivemq-platform] [hivemq] [29cbf9fb] INFO  - [HiveMQ Platform Operator Init App 1.7.0-SNAPSHOT] Successfully disabled extension hivemq-allow-all-extension
2025-01-29 01:01:39,900 INFO c.h.h.t.HelmChartContainer - [test-hivemq-platform] [hivemq] [29cbf9fb] INFO  - [HiveMQ Platform Operator Init App 1.7.0-SNAPSHOT] Successfully enabled extension hivemq-enterprise-security-extension
2025-01-29 01:01:39,908 INFO c.h.h.t.HelmChartContainer - [test-hivemq-platform] [hivemq] [29cbf9fb] INFO  - [HiveMQ Platform Operator Init App 1.7.0-SNAPSHOT] Successfully enabled extension hivemq-prometheus-extension
2025-01-29 01:01:39,910 INFO c.h.h.t.HelmChartContainer - [test-hivemq-platform] [hivemq] [29cbf9fb] INFO  - [HiveMQ Platform Operator Init App 1.7.0-SNAPSHOT] Starting HiveMQ Platform version 4.36.0 (4.36.0)
2025-01-29 01:01:39,910 INFO c.h.h.t.HelmChartContainer - [test-hivemq-platform] [hivemq] [29cbf9fb] INFO  - [HiveMQ Platform Operator Init App 1.7.0-SNAPSHOT] Configuring the HiveMQ Platform
2025-01-29 01:01:39,919 INFO c.h.h.t.HelmChartContainer - [test-hivemq-platform] [hivemq] [29cbf9fb] INFO  - [HiveMQ Platform Operator Init App 1.7.0-SNAPSHOT] Changed logback.xml file scan period to 20 seconds
2025-01-29 01:01:40,011 INFO c.h.h.t.HelmChartContainer - [test-hivemq-platform] [hivemq] [29cbf9fb] INFO  - [HiveMQ Platform Operator Init App 1.7.0-SNAPSHOT] Starting the HiveMQ Platform
2025-01-29 01:01:40,014 INFO c.h.h.t.HelmChartContainer - [test-hivemq-platform] [hivemq] [29cbf9fb] -------------------------------------------------------------------------
2025-01-29 01:01:40,014 INFO c.h.h.t.HelmChartContainer - [test-hivemq-platform] [hivemq] [29cbf9fb] 
2025-01-29 01:01:40,014 INFO c.h.h.t.HelmChartContainer - [test-hivemq-platform] [hivemq] [29cbf9fb]                   _    _  _              __  __   ____
2025-01-29 01:01:40,014 INFO c.h.h.t.HelmChartContainer - [test-hivemq-platform] [hivemq] [29cbf9fb]                  | |  | |(_)            |  \/  | / __ \
2025-01-29 01:01:40,014 INFO c.h.h.t.HelmChartContainer - [test-hivemq-platform] [hivemq] [29cbf9fb]                  | |__| | _ __   __ ___ | \  / || |  | |
2025-01-29 01:01:40,014 INFO c.h.h.t.HelmChartContainer - [test-hivemq-platform] [hivemq] [29cbf9fb]                  |  __  || |\ \ / // _ \| |\/| || |  | |
2025-01-29 01:01:40,014 INFO c.h.h.t.HelmChartContainer - [test-hivemq-platform] [hivemq] [29cbf9fb]                  | |  | || | \ V /|  __/| |  | || |__| |
2025-01-29 01:01:40,014 INFO c.h.h.t.HelmChartContainer - [test-hivemq-platform] [hivemq] [29cbf9fb]                  |_|  |_||_|  \_/  \___||_|  |_| \___\_\
2025-01-29 01:01:40,014 INFO c.h.h.t.HelmChartContainer - [test-hivemq-platform] [hivemq] [29cbf9fb] 
2025-01-29 01:01:40,014 INFO c.h.h.t.HelmChartContainer - [test-hivemq-platform] [hivemq] [29cbf9fb] -------------------------------------------------------------------------
2025-01-29 01:01:40,014 INFO c.h.h.t.HelmChartContainer - [test-hivemq-platform] [hivemq] [29cbf9fb] 
2025-01-29 01:01:40,014 INFO c.h.h.t.HelmChartContainer - [test-hivemq-platform] [hivemq] [29cbf9fb]   HiveMQ Start Script for Linux/Unix v1.14
2025-01-29 01:01:40,014 INFO c.h.h.t.HelmChartContainer - [test-hivemq-platform] [hivemq] [29cbf9fb] 
2025-01-29 01:01:40,124 INFO c.h.h.t.HelmChartContainer - [test-hivemq-platform] [hivemq] [29cbf9fb] -------------------------------------------------------------------------
2025-01-29 01:01:40,124 INFO c.h.h.t.HelmChartContainer - [test-hivemq-platform] [hivemq] [29cbf9fb] 
2025-01-29 01:01:40,124 INFO c.h.h.t.HelmChartContainer - [test-hivemq-platform] [hivemq] [29cbf9fb]   HIVEMQ_HOME: /opt/hivemq
2025-01-29 01:01:40,124 INFO c.h.h.t.HelmChartContainer - [test-hivemq-platform] [hivemq] [29cbf9fb] 
2025-01-29 01:01:40,124 INFO c.h.h.t.HelmChartContainer - [test-hivemq-platform] [hivemq] [29cbf9fb]   JAVA_OPTS: -XX:+UnlockExperimentalVMOptions -XX:InitialRAMPercentage=50 -XX:MaxRAMPercentage=50 -Djava.net.preferIPv4Stack=true --add-opens java.base/java.lang=ALL-UNNAMED --add-opens java.base/java.nio=ALL-UNNAMED --add-opens java.base/sun.nio.ch=ALL-UNNAMED --add-opens jdk.management/com.sun.management.internal=ALL-UNNAMED --add-exports java.base/jdk.internal.misc=ALL-UNNAMED -Djava.security.egd=file:/dev/./urandom -Dcom.sun.management.jmxremote -Dcom.sun.management.jmxremote.port=9010 -Dcom.sun.management.jmxremote.local.only=false -Dcom.sun.management.jmxremote.authenticate=false -Dcom.sun.management.jmxremote.ssl=false -Duser.language=en -Duser.region=US -XX:+CrashOnOutOfMemoryError -XX:+HeapDumpOnOutOfMemoryError
2025-01-29 01:01:40,124 INFO c.h.h.t.HelmChartContainer - [test-hivemq-platform] [hivemq] [29cbf9fb] 
2025-01-29 01:01:40,124 INFO c.h.h.t.HelmChartContainer - [test-hivemq-platform] [hivemq] [29cbf9fb]   JAVA_VERSION: 21
2025-01-29 01:01:40,124 INFO c.h.h.t.HelmChartContainer - [test-hivemq-platform] [hivemq] [29cbf9fb] 
2025-01-29 01:01:40,124 INFO c.h.h.t.HelmChartContainer - [test-hivemq-platform] [hivemq] [29cbf9fb] -------------------------------------------------------------------------
2025-01-29 01:01:40,124 INFO c.h.h.t.HelmChartContainer - [test-hivemq-platform] [hivemq] [29cbf9fb] 
2025-01-29 01:01:41,412 INFO c.h.h.t.HelmChartContainer - [test-hivemq-platform] [hivemq] [29cbf9fb] INFO  - [HiveMQ Platform Operator Init App 1.7.0-SNAPSHOT] Returning default Health API response 503 for readiness
2025-01-29 01:01:41,815 INFO c.h.h.t.HelmChartContainer - [EVENT] Warning [Unhealthy] Readiness probe failed: HTTP probe failed with statuscode: 503 [helmrestapiit:test-hivemq-platform-0]
2025-01-29 01:01:41,816 INFO c.h.h.t.HelmChartContainer - Received Unhealthy event for container hivemq in pod test-hivemq-platform-0 [29cbf9fb-f2ea-4f1c-bbf8-78102b67f838]
2025-01-29 01:01:42,608 INFO c.h.h.t.HelmChartContainer - [test-hivemq-platform] [hivemq] [29cbf9fb] INFO  - Starting HiveMQ Enterprise Server
2025-01-29 01:01:42,614 INFO c.h.h.t.HelmChartContainer - [test-hivemq-platform] [hivemq] [29cbf9fb] INFO  - HiveMQ version: 4.36.0
2025-01-29 01:01:42,614 INFO c.h.h.t.HelmChartContainer - [test-hivemq-platform] [hivemq] [29cbf9fb] INFO  - HiveMQ home directory: /opt/hivemq
2025-01-29 01:01:42,614 INFO c.h.h.t.HelmChartContainer - [test-hivemq-platform] [hivemq] [29cbf9fb] INFO  - Log Configuration was overridden by /opt/hivemq/conf/logback.xml
2025-01-29 01:01:45,206 INFO c.h.h.t.HelmChartContainer - [test-hivemq-platform] [hivemq] [29cbf9fb] INFO  - Successfully loaded configuration from '/opt/hivemq/conf-k8s/config.xml'.
2025-01-29 01:01:45,517 INFO c.h.h.t.HelmChartContainer - [hivemq-test-hivemq-platform] [hivemq-platform-operator] [ff840b22] 01:01:45.515 [pool-6-thread-5] DEBUG c.h.p.o.d.PlatformServiceResource - [helmrest] Desired Platform services (2 services)
2025-01-29 01:01:45,520 INFO c.h.h.t.HelmChartContainer - [hivemq-test-hivemq-platform] [hivemq-platform-operator] [ff840b22] 01:01:45.516 [pool-6-thread-3] DEBUG c.h.p.o.dependants.PodInfoConfigMap - [helmrest] Desired PodInfo ConfigMap (2 extensions) (1 enabled)
2025-01-29 01:01:45,521 INFO c.h.h.t.HelmChartContainer - [hivemq-test-hivemq-platform] [hivemq-platform-operator] [ff840b22] 01:01:45.517 [pool-6-thread-3] DEBUG c.h.p.o.dependants.PodInfoConfigMap - [helmrest] Desired PodInfo ConfigMap (metrics port: 9399) (metrics path: /)
2025-01-29 01:01:45,521 INFO c.h.h.t.HelmChartContainer - [hivemq-test-hivemq-platform] [hivemq-platform-operator] [ff840b22] 01:01:45.517 [pool-6-thread-3] DEBUG c.h.p.o.dependants.PodInfoConfigMap - [helmrest] Desired PodInfo ConfigMap (extension state hash: -2116590237)
2025-01-29 01:01:45,521 INFO c.h.h.t.HelmChartContainer - [hivemq-test-hivemq-platform] [hivemq-platform-operator] [ff840b22] 01:01:45.518 [pool-6-thread-3] DEBUG c.h.p.o.d.PodServiceAccountResource - [helmrest] Desired PodServiceAccountResource (serviceAccountName: hivemq-platform-pod-test-hivemq-platform)
2025-01-29 01:01:45,524 INFO c.h.h.t.HelmChartContainer - [hivemq-test-hivemq-platform] [hivemq-platform-operator] [ff840b22] 01:01:45.524 [pool-6-thread-5] DEBUG c.h.p.o.d.StatefulSetResource - [helmrest] Desired StatefulSet (1 replicas) for status STARTING (READY)
2025-01-29 01:01:45,596 INFO c.h.h.t.HelmChartContainer - [hivemq-test-hivemq-platform] [hivemq-platform-operator] [ff840b22] 01:01:45.595 [ReconcilerExecutor-hivemq-controller-109] INFO  c.h.p.o.HiveMQPlatformReconciler - [helmrest] Reconciling HiveMQ Platform 'test-hivemq-platform' in namespace 'helmrestapiit'
2025-01-29 01:01:45,597 INFO c.h.h.t.HelmChartContainer - [hivemq-test-hivemq-platform] [hivemq-platform-operator] [ff840b22] 01:01:45.595 [ReconcilerExecutor-hivemq-controller-109] DEBUG c.h.p.o.HiveMQPlatformReconciler - [helmrest] Custom Resource Status STARTING - HiveMQ Platform is starting (READY)
2025-01-29 01:01:45,599 INFO c.h.h.t.HelmChartContainer - [hivemq-test-hivemq-platform] [hivemq-platform-operator] [ff840b22] 01:01:45.595 [ReconcilerExecutor-hivemq-controller-109] DEBUG c.h.p.o.HiveMQPlatformReconciler - [helmrest] Custom Resource Spec (replicas: 1) (extensions: 2)
2025-01-29 01:01:45,600 INFO c.h.h.t.HelmChartContainer - [hivemq-test-hivemq-platform] [hivemq-platform-operator] [ff840b22] 01:01:45.599 [ReconcilerExecutor-hivemq-controller-109] DEBUG c.h.p.o.HiveMQPlatformReconciler - [helmrest] StatefulSet Status (revision: test-hivemq-platform-bbf59449c, replicas: 1, available: 0, ready: 0, current: 1, updated: 1)
2025-01-29 01:01:45,600 INFO c.h.h.t.HelmChartContainer - [hivemq-test-hivemq-platform] [hivemq-platform-operator] [ff840b22] 01:01:45.599 [ReconcilerExecutor-hivemq-controller-109] DEBUG c.h.p.o.HiveMQPlatformReconciler - [helmrest] StatefulSet Spec (replicas: 1, init containers: 1, containers: 1, volumes: 5)
2025-01-29 01:01:45,602 INFO c.h.h.t.HelmChartContainer - [hivemq-test-hivemq-platform] [hivemq-platform-operator] [ff840b22] 01:01:45.601 [ReconcilerExecutor-hivemq-controller-109] DEBUG c.h.p.o.h.HiveMQPlatformReconcilerErrorHandler - [helmrest] Pod 'test-hivemq-platform-0' phase Running
2025-01-29 01:01:45,603 INFO c.h.h.t.HelmChartContainer - [hivemq-test-hivemq-platform] [hivemq-platform-operator] [ff840b22] 01:01:45.602 [ReconcilerExecutor-hivemq-controller-109] INFO  c.h.p.o.h.HiveMQPlatformReconcilerBaseHandler - [helmrest] HiveMQ Platform is starting, 0 of 1 replicas are ready
2025-01-29 01:01:46,207 INFO c.h.h.t.HelmChartContainer - [test-hivemq-platform] [hivemq] [29cbf9fb] INFO  - This node's ID is BBMTb
2025-01-29 01:01:46,207 INFO c.h.h.t.HelmChartContainer - [test-hivemq-platform] [hivemq] [29cbf9fb] INFO  - Clustering is enabled
2025-01-29 01:01:46,807 INFO c.h.h.t.HelmChartContainer - [test-hivemq-platform] [hivemq] [29cbf9fb] WARN  - [HiveMQ Platform Operator Init App 1.7.0-SNAPSHOT] Cannot connect to Health API for readiness: null
2025-01-29 01:01:46,813 INFO c.h.h.t.HelmChartContainer - [EVENT] Warning [Unhealthy] Readiness probe failed: HTTP probe failed with statuscode: 503 [helmrestapiit:test-hivemq-platform-0]
2025-01-29 01:01:46,814 INFO c.h.h.t.HelmChartContainer - Received Unhealthy event for container hivemq in pod test-hivemq-platform-0 [29cbf9fb-f2ea-4f1c-bbf8-78102b67f838]
2025-01-29 01:01:48,304 INFO c.h.h.t.HelmChartContainer - [test-hivemq-platform] [hivemq] [29cbf9fb] Jan 29, 2025 1:01:48 AM io.vertx.core.impl.BlockedThreadChecker
2025-01-29 01:01:48,304 INFO c.h.h.t.HelmChartContainer - [test-hivemq-platform] [hivemq] [29cbf9fb] WARNING: Thread Thread[vert.x-eventloop-thread-1,5,main] has been blocked for 2092 ms, time limit is 2000 ms
2025-01-29 01:01:49,204 INFO c.h.h.t.HelmChartContainer - [test-hivemq-platform] [hivemq] [29cbf9fb] INFO  - [HiveMQ Platform Operator Init App 1.7.0-SNAPSHOT] Updating Pod HiveMQ Platform Operator Init App version annotation (version: 1.7.0-SNAPSHOT)
2025-01-29 01:01:49,916 INFO c.h.h.t.HelmChartContainer - [POD] test-hivemq-platform-0 [29cbf9fb-f2ea-4f1c-bbf8-78102b67f838] in helmrestapiit was MODIFIED
2025-01-29 01:01:49,925 INFO c.h.h.t.HelmChartContainer - [hivemq-test-hivemq-platform] [hivemq-platform-operator] [ff840b22] 01:01:49.923 [pool-6-thread-14] DEBUG c.h.p.o.d.PodServiceAccountResource - [helmrest] Desired PodServiceAccountResource (serviceAccountName: hivemq-platform-pod-test-hivemq-platform)
2025-01-29 01:01:49,927 INFO c.h.h.t.HelmChartContainer - [hivemq-test-hivemq-platform] [hivemq-platform-operator] [ff840b22] 01:01:49.925 [pool-6-thread-16] DEBUG c.h.p.o.d.PlatformServiceResource - [helmrest] Desired Platform services (2 services)
2025-01-29 01:01:49,929 INFO c.h.h.t.HelmChartContainer - [hivemq-test-hivemq-platform] [hivemq-platform-operator] [ff840b22] 01:01:49.928 [pool-6-thread-11] DEBUG c.h.p.o.dependants.PodInfoConfigMap - [helmrest] Desired PodInfo ConfigMap (2 extensions) (1 enabled)
2025-01-29 01:01:49,929 INFO c.h.h.t.HelmChartContainer - [hivemq-test-hivemq-platform] [hivemq-platform-operator] [ff840b22] 01:01:49.928 [pool-6-thread-11] DEBUG c.h.p.o.dependants.PodInfoConfigMap - [helmrest] Desired PodInfo ConfigMap (metrics port: 9399) (metrics path: /)
2025-01-29 01:01:49,929 INFO c.h.h.t.HelmChartContainer - [hivemq-test-hivemq-platform] [hivemq-platform-operator] [ff840b22] 01:01:49.928 [pool-6-thread-11] DEBUG c.h.p.o.dependants.PodInfoConfigMap - [helmrest] Desired PodInfo ConfigMap (extension state hash: -2116590237)
2025-01-29 01:01:49,931 INFO c.h.h.t.HelmChartContainer - [hivemq-test-hivemq-platform] [hivemq-platform-operator] [ff840b22] 01:01:49.931 [pool-6-thread-20] DEBUG c.h.p.o.d.StatefulSetResource - [helmrest] Desired StatefulSet (1 replicas) for status STARTING (READY)
2025-01-29 01:01:49,996 INFO c.h.h.t.HelmChartContainer - [hivemq-test-hivemq-platform] [hivemq-platform-operator] [ff840b22] 01:01:49.995 [ReconcilerExecutor-hivemq-controller-110] INFO  c.h.p.o.HiveMQPlatformReconciler - [helmrest] Reconciling HiveMQ Platform 'test-hivemq-platform' in namespace 'helmrestapiit'
2025-01-29 01:01:49,996 INFO c.h.h.t.HelmChartContainer - [hivemq-test-hivemq-platform] [hivemq-platform-operator] [ff840b22] 01:01:49.995 [ReconcilerExecutor-hivemq-controller-110] DEBUG c.h.p.o.HiveMQPlatformReconciler - [helmrest] Custom Resource Status STARTING - HiveMQ Platform is starting (READY)
2025-01-29 01:01:49,997 INFO c.h.h.t.HelmChartContainer - [hivemq-test-hivemq-platform] [hivemq-platform-operator] [ff840b22] 01:01:49.995 [ReconcilerExecutor-hivemq-controller-110] DEBUG c.h.p.o.HiveMQPlatformReconciler - [helmrest] Custom Resource Spec (replicas: 1) (extensions: 2)
2025-01-29 01:01:50,000 INFO c.h.h.t.HelmChartContainer - [hivemq-test-hivemq-platform] [hivemq-platform-operator] [ff840b22] 01:01:49.997 [ReconcilerExecutor-hivemq-controller-110] DEBUG c.h.p.o.HiveMQPlatformReconciler - [helmrest] StatefulSet Status (revision: test-hivemq-platform-bbf59449c, replicas: 1, available: 0, ready: 0, current: 1, updated: 1)
2025-01-29 01:01:50,000 INFO c.h.h.t.HelmChartContainer - [hivemq-test-hivemq-platform] [hivemq-platform-operator] [ff840b22] 01:01:49.997 [ReconcilerExecutor-hivemq-controller-110] DEBUG c.h.p.o.HiveMQPlatformReconciler - [helmrest] StatefulSet Spec (replicas: 1, init containers: 1, containers: 1, volumes: 5)
2025-01-29 01:01:50,002 INFO c.h.h.t.HelmChartContainer - [hivemq-test-hivemq-platform] [hivemq-platform-operator] [ff840b22] 01:01:50.002 [ReconcilerExecutor-hivemq-controller-110] DEBUG c.h.p.o.h.HiveMQPlatformReconcilerErrorHandler - [helmrest] Pod 'test-hivemq-platform-0' phase Running
2025-01-29 01:01:50,004 INFO c.h.h.t.HelmChartContainer - [hivemq-test-hivemq-platform] [hivemq-platform-operator] [ff840b22] 01:01:50.004 [ReconcilerExecutor-hivemq-controller-110] INFO  c.h.p.o.h.HiveMQPlatformReconcilerBaseHandler - [helmrest] HiveMQ Platform is starting, 0 of 1 replicas are ready
2025-01-29 01:01:50,011 INFO c.h.h.t.HelmChartContainer - [test-hivemq-platform] [hivemq] [29cbf9fb] WARN  - [HiveMQ Platform Operator Init App 1.7.0-SNAPSHOT] Cannot connect to Health API for readiness: null
2025-01-29 01:01:50,021 INFO c.h.h.t.HelmChartContainer - [test-hivemq-platform] [hivemq] [29cbf9fb] INFO  - [HiveMQ Platform Operator Init App 1.7.0-SNAPSHOT] Successfully updated Pod HiveMQ Platform Operator Init App version annotation (version: 1.7.0-SNAPSHOT)
2025-01-29 01:01:50,021 INFO c.h.h.t.HelmChartContainer - [EVENT] Warning [Unhealthy] Readiness probe failed: HTTP probe failed with statuscode: 503 [helmrestapiit:test-hivemq-platform-0]
2025-01-29 01:01:50,021 INFO c.h.h.t.HelmChartContainer - Received Unhealthy event for container hivemq in pod test-hivemq-platform-0 [29cbf9fb-f2ea-4f1c-bbf8-78102b67f838]
2025-01-29 01:01:54,920 INFO c.h.h.t.HelmChartContainer - [test-hivemq-platform] [hivemq] [29cbf9fb] WARN  - [HiveMQ Platform Operator Init App 1.7.0-SNAPSHOT] Cannot connect to Health API for readiness: null
2025-01-29 01:01:54,925 INFO c.h.h.t.HelmChartContainer - [EVENT] Warning [Unhealthy] Readiness probe failed: HTTP probe failed with statuscode: 503 [helmrestapiit:test-hivemq-platform-0]
2025-01-29 01:01:54,925 INFO c.h.h.t.HelmChartContainer - Received Unhealthy event for container hivemq in pod test-hivemq-platform-0 [29cbf9fb-f2ea-4f1c-bbf8-78102b67f838]
2025-01-29 01:01:56,953 INFO c.h.h.t.HelmChartContainer - [K3S] [range_allocator.go:247] "Successfully synced" key="84044ab653e1"
2025-01-29 01:01:59,999 INFO c.h.h.t.HelmChartContainer - [test-hivemq-platform] [hivemq] [29cbf9fb] WARN  - [HiveMQ Platform Operator Init App 1.7.0-SNAPSHOT] Cannot connect to Health API for readiness: null
2025-01-29 01:02:00,004 INFO c.h.h.t.HelmChartContainer - [EVENT] Warning [Unhealthy] Readiness probe failed: HTTP probe failed with statuscode: 503 [helmrestapiit:test-hivemq-platform-0]
2025-01-29 01:02:00,004 INFO c.h.h.t.HelmChartContainer - Received Unhealthy event for container hivemq in pod test-hivemq-platform-0 [29cbf9fb-f2ea-4f1c-bbf8-78102b67f838]
2025-01-29 01:02:00,013 INFO c.h.h.t.HelmChartContainer - [hivemq-test-hivemq-platform] [hivemq-platform-operator] [ff840b22] 01:02:00.012 [pool-6-thread-25] DEBUG c.h.p.o.d.PlatformServiceResource - [helmrest] Desired Platform services (2 services)
2025-01-29 01:02:00,016 INFO c.h.h.t.HelmChartContainer - [hivemq-test-hivemq-platform] [hivemq-platform-operator] [ff840b22] 01:02:00.015 [pool-6-thread-23] DEBUG c.h.p.o.d.PodServiceAccountResource - [helmrest] Desired PodServiceAccountResource (serviceAccountName: hivemq-platform-pod-test-hivemq-platform)
2025-01-29 01:02:00,023 INFO c.h.h.t.HelmChartContainer - [hivemq-test-hivemq-platform] [hivemq-platform-operator] [ff840b22] 01:02:00.020 [pool-6-thread-22] DEBUG c.h.p.o.dependants.PodInfoConfigMap - [helmrest] Desired PodInfo ConfigMap (2 extensions) (1 enabled)
2025-01-29 01:02:00,023 INFO c.h.h.t.HelmChartContainer - [hivemq-test-hivemq-platform] [hivemq-platform-operator] [ff840b22] 01:02:00.020 [pool-6-thread-22] DEBUG c.h.p.o.dependants.PodInfoConfigMap - [helmrest] Desired PodInfo ConfigMap (metrics port: 9399) (metrics path: /)
2025-01-29 01:02:00,023 INFO c.h.h.t.HelmChartContainer - [hivemq-test-hivemq-platform] [hivemq-platform-operator] [ff840b22] 01:02:00.020 [pool-6-thread-22] DEBUG c.h.p.o.dependants.PodInfoConfigMap - [helmrest] Desired PodInfo ConfigMap (extension state hash: -2116590237)
2025-01-29 01:02:00,027 INFO c.h.h.t.HelmChartContainer - [hivemq-test-hivemq-platform] [hivemq-platform-operator] [ff840b22] 01:02:00.023 [pool-6-thread-22] DEBUG c.h.p.o.d.StatefulSetResource - [helmrest] Desired StatefulSet (1 replicas) for status STARTING (READY)
2025-01-29 01:02:00,028 INFO c.h.h.t.HelmChartContainer - [hivemq-test-hivemq-platform] [hivemq-platform-operator] [ff840b22] 01:02:00.027 [ReconcilerExecutor-hivemq-controller-111] INFO  c.h.p.o.HiveMQPlatformReconciler - [helmrest] Reconciling HiveMQ Platform 'test-hivemq-platform' in namespace 'helmrestapiit'
2025-01-29 01:02:00,029 INFO c.h.h.t.HelmChartContainer - [hivemq-test-hivemq-platform] [hivemq-platform-operator] [ff840b22] 01:02:00.028 [ReconcilerExecutor-hivemq-controller-111] DEBUG c.h.p.o.HiveMQPlatformReconciler - [helmrest] Custom Resource Status STARTING - HiveMQ Platform is starting (READY)
2025-01-29 01:02:00,031 INFO c.h.h.t.HelmChartContainer - [hivemq-test-hivemq-platform] [hivemq-platform-operator] [ff840b22] 01:02:00.028 [ReconcilerExecutor-hivemq-controller-111] DEBUG c.h.p.o.HiveMQPlatformReconciler - [helmrest] Custom Resource Spec (replicas: 1) (extensions: 2)
2025-01-29 01:02:00,096 INFO c.h.h.t.HelmChartContainer - [hivemq-test-hivemq-platform] [hivemq-platform-operator] [ff840b22] 01:02:00.093 [ReconcilerExecutor-hivemq-controller-111] DEBUG c.h.p.o.HiveMQPlatformReconciler - [helmrest] StatefulSet Status (revision: test-hivemq-platform-bbf59449c, replicas: 1, available: 0, ready: 0, current: 1, updated: 1)
2025-01-29 01:02:00,096 INFO c.h.h.t.HelmChartContainer - [hivemq-test-hivemq-platform] [hivemq-platform-operator] [ff840b22] 01:02:00.093 [ReconcilerExecutor-hivemq-controller-111] DEBUG c.h.p.o.HiveMQPlatformReconciler - [helmrest] StatefulSet Spec (replicas: 1, init containers: 1, containers: 1, volumes: 5)
2025-01-29 01:02:00,096 INFO c.h.h.t.HelmChartContainer - [hivemq-test-hivemq-platform] [hivemq-platform-operator] [ff840b22] 01:02:00.094 [ReconcilerExecutor-hivemq-controller-111] DEBUG c.h.p.o.h.HiveMQPlatformReconcilerErrorHandler - [helmrest] Pod 'test-hivemq-platform-0' phase Running
2025-01-29 01:02:00,097 INFO c.h.h.t.HelmChartContainer - [hivemq-test-hivemq-platform] [hivemq-platform-operator] [ff840b22] 01:02:00.096 [ReconcilerExecutor-hivemq-controller-111] INFO  c.h.p.o.h.HiveMQPlatformReconcilerBaseHandler - [helmrest] HiveMQ Platform is starting, 0 of 1 replicas are ready
2025-01-29 01:02:01,320 INFO c.h.h.t.HelmChartContainer - [test-hivemq-platform] [hivemq] [29cbf9fb] INFO  - No valid license file found. Using trial license, restricted to 25 connections.
2025-01-29 01:02:02,407 INFO c.h.h.t.HelmChartContainer - [test-hivemq-platform] [hivemq] [29cbf9fb] WARN  - [HiveMQ Platform Operator Init App 1.7.0-SNAPSHOT] Cannot connect to Health API for liveness: null
2025-01-29 01:02:02,407 INFO c.h.h.t.HelmChartContainer - [test-hivemq-platform] [hivemq] [29cbf9fb] INFO  - [HiveMQ Platform Operator Init App 1.7.0-SNAPSHOT] Returning default Health API response 200 for liveness
2025-01-29 01:02:03,905 INFO c.h.h.t.HelmChartContainer - [test-hivemq-platform] [hivemq] [29cbf9fb] INFO  - No valid license file for Data Hub found. Using free license, restricted to 1 policy.
2025-01-29 01:02:05,000 INFO c.h.h.t.HelmChartContainer - [test-hivemq-platform] [hivemq] [29cbf9fb] WARN  - [HiveMQ Platform Operator Init App 1.7.0-SNAPSHOT] Cannot connect to Health API for readiness: null
2025-01-29 01:02:05,004 INFO c.h.h.t.HelmChartContainer - [EVENT] Warning [Unhealthy] Readiness probe failed: HTTP probe failed with statuscode: 503 [helmrestapiit:test-hivemq-platform-0]
2025-01-29 01:02:05,004 INFO c.h.h.t.HelmChartContainer - Received Unhealthy event for container hivemq in pod test-hivemq-platform-0 [29cbf9fb-f2ea-4f1c-bbf8-78102b67f838]
2025-01-29 01:02:05,100 INFO c.h.h.t.HelmChartContainer - [test-hivemq-platform] [hivemq] [29cbf9fb] INFO  - Audit Logger started.
2025-01-29 01:02:05,500 INFO c.h.h.t.HelmChartContainer - [test-hivemq-platform] [hivemq] [29cbf9fb] INFO  - This node uses '1' CPU cores.
2025-01-29 01:02:05,505 INFO c.h.h.t.HelmChartContainer - [test-hivemq-platform] [hivemq] [29cbf9fb] INFO  - Starting HiveMQ Health API on address 0.0.0.0 and port 8889
2025-01-29 01:02:06,502 INFO c.h.h.t.HelmChartContainer - [test-hivemq-platform] [hivemq] [29cbf9fb] INFO  - Started HiveMQ Health API in 998ms
2025-01-29 01:02:07,117 INFO c.h.h.t.HelmChartContainer - [test-hivemq-platform] [hivemq] [29cbf9fb] INFO  - Starting HiveMQ extension system.
2025-01-29 01:02:09,716 INFO c.h.h.t.HelmChartContainer - [test-hivemq-platform] [hivemq] [29cbf9fb] INFO  - No license found for enterprise extension with name "HiveMQ Enterprise Security Extension". Entering extension trial mode. "HiveMQ Enterprise Security Extension" will be disabled in 5 hours.
2025-01-29 01:02:09,912 INFO c.h.h.t.HelmChartContainer - [test-hivemq-platform] [hivemq] [29cbf9fb] INFO  - Starting extension with id "hivemq-dns-cluster-discovery" at /opt/hivemq/extensions/hivemq-dns-cluster-discovery
2025-01-29 01:02:10,105 INFO c.h.h.t.HelmChartContainer - [hivemq-test-hivemq-platform] [hivemq-platform-operator] [ff840b22] 01:02:10.103 [pool-6-thread-33] DEBUG c.h.p.o.d.PlatformServiceResource - [helmrest] Desired Platform services (2 services)
2025-01-29 01:02:10,108 INFO c.h.h.t.HelmChartContainer - [hivemq-test-hivemq-platform] [hivemq-platform-operator] [ff840b22] 01:02:10.107 [pool-6-thread-38] DEBUG c.h.p.o.dependants.PodInfoConfigMap - [helmrest] Desired PodInfo ConfigMap (2 extensions) (1 enabled)
2025-01-29 01:02:10,110 INFO c.h.h.t.HelmChartContainer - [hivemq-test-hivemq-platform] [hivemq-platform-operator] [ff840b22] 01:02:10.109 [pool-6-thread-38] DEBUG c.h.p.o.dependants.PodInfoConfigMap - [helmrest] Desired PodInfo ConfigMap (metrics port: 9399) (metrics path: /)
2025-01-29 01:02:10,110 INFO c.h.h.t.HelmChartContainer - [hivemq-test-hivemq-platform] [hivemq-platform-operator] [ff840b22] 01:02:10.109 [pool-6-thread-38] DEBUG c.h.p.o.dependants.PodInfoConfigMap - [helmrest] Desired PodInfo ConfigMap (extension state hash: -2116590237)
2025-01-29 01:02:10,113 INFO c.h.h.t.HelmChartContainer - [hivemq-test-hivemq-platform] [hivemq-platform-operator] [ff840b22] 01:02:10.110 [pool-6-thread-38] DEBUG c.h.p.o.d.PodServiceAccountResource - [helmrest] Desired PodServiceAccountResource (serviceAccountName: hivemq-platform-pod-test-hivemq-platform)
2025-01-29 01:02:10,115 INFO c.h.h.t.HelmChartContainer - [hivemq-test-hivemq-platform] [hivemq-platform-operator] [ff840b22] 01:02:10.114 [pool-6-thread-33] DEBUG c.h.p.o.d.StatefulSetResource - [helmrest] Desired StatefulSet (1 replicas) for status STARTING (READY)
2025-01-29 01:02:10,119 INFO c.h.h.t.HelmChartContainer - [hivemq-test-hivemq-platform] [hivemq-platform-operator] [ff840b22] 01:02:10.118 [ReconcilerExecutor-hivemq-controller-112] INFO  c.h.p.o.HiveMQPlatformReconciler - [helmrest] Reconciling HiveMQ Platform 'test-hivemq-platform' in namespace 'helmrestapiit'
2025-01-29 01:02:10,120 INFO c.h.h.t.HelmChartContainer - [hivemq-test-hivemq-platform] [hivemq-platform-operator] [ff840b22] 01:02:10.118 [ReconcilerExecutor-hivemq-controller-112] DEBUG c.h.p.o.HiveMQPlatformReconciler - [helmrest] Custom Resource Status STARTING - HiveMQ Platform is starting (READY)
2025-01-29 01:02:10,120 INFO c.h.h.t.HelmChartContainer - [hivemq-test-hivemq-platform] [hivemq-platform-operator] [ff840b22] 01:02:10.118 [ReconcilerExecutor-hivemq-controller-112] DEBUG c.h.p.o.HiveMQPlatformReconciler - [helmrest] Custom Resource Spec (replicas: 1) (extensions: 2)
2025-01-29 01:02:10,122 INFO c.h.h.t.HelmChartContainer - [hivemq-test-hivemq-platform] [hivemq-platform-operator] [ff840b22] 01:02:10.120 [ReconcilerExecutor-hivemq-controller-112] DEBUG c.h.p.o.HiveMQPlatformReconciler - [helmrest] StatefulSet Status (revision: test-hivemq-platform-bbf59449c, replicas: 1, available: 0, ready: 0, current: 1, updated: 1)
2025-01-29 01:02:10,122 INFO c.h.h.t.HelmChartContainer - [hivemq-test-hivemq-platform] [hivemq-platform-operator] [ff840b22] 01:02:10.121 [ReconcilerExecutor-hivemq-controller-112] DEBUG c.h.p.o.HiveMQPlatformReconciler - [helmrest] StatefulSet Spec (replicas: 1, init containers: 1, containers: 1, volumes: 5)
2025-01-29 01:02:10,124 INFO c.h.h.t.HelmChartContainer - [hivemq-test-hivemq-platform] [hivemq-platform-operator] [ff840b22] 01:02:10.123 [ReconcilerExecutor-hivemq-controller-112] DEBUG c.h.p.o.h.HiveMQPlatformReconcilerErrorHandler - [helmrest] Pod 'test-hivemq-platform-0' phase Running
2025-01-29 01:02:10,194 INFO c.h.h.t.HelmChartContainer - [hivemq-test-hivemq-platform] [hivemq-platform-operator] [ff840b22] 01:02:10.124 [ReconcilerExecutor-hivemq-controller-112] INFO  c.h.p.o.h.HiveMQPlatformReconcilerBaseHandler - [helmrest] HiveMQ Platform is starting, 0 of 1 replicas are ready
2025-01-29 01:02:10,600 INFO c.h.h.t.HelmChartContainer - [test-hivemq-platform] [hivemq] [29cbf9fb] INFO  - Extension "DNS Cluster Discovery Extension" version 4.3.2 started successfully.
2025-01-29 01:02:10,600 INFO c.h.h.t.HelmChartContainer - [test-hivemq-platform] [hivemq] [29cbf9fb] INFO  - Starting extension with id "hivemq-enterprise-security-extension" at /opt/hivemq/extensions/hivemq-enterprise-security-extension
2025-01-29 01:02:10,959 INFO c.h.h.t.HelmChartContainer - [EVENT] Warning [Unhealthy] Readiness probe failed: Get "http://10.42.0.11:7979/readiness": context deadline exceeded (Client.Timeout exceeded while awaiting headers) [helmrestapiit:test-hivemq-platform-0]
2025-01-29 01:02:10,959 INFO c.h.h.t.HelmChartContainer - Received Unhealthy event for container hivemq in pod test-hivemq-platform-0 [29cbf9fb-f2ea-4f1c-bbf8-78102b67f838]
2025-01-29 01:02:11,095 INFO c.h.h.t.HelmChartContainer - [test-hivemq-platform] [hivemq] [29cbf9fb] INFO  - Using TCP cluster transport on address 10.42.0.11 and port 7000
2025-01-29 01:02:11,107 INFO c.h.h.t.HelmChartContainer - [test-hivemq-platform] [hivemq] [29cbf9fb] INFO  - Using extension cluster discovery
2025-01-29 01:02:11,409 INFO c.h.h.t.HelmChartContainer - [test-hivemq-platform] [hivemq] [29cbf9fb] INFO  - [HiveMQ Platform Operator Init App 1.7.0-SNAPSHOT] Returning Health API response 503 for readiness
2025-01-29 01:02:12,601 INFO c.h.h.t.HelmChartContainer - [test-hivemq-platform] [hivemq] [29cbf9fb] INFO  - HiveMQ Enterprise Security Extension: Successfully loaded configuration from '/opt/hivemq/extensions/hivemq-enterprise-security-extension/conf/config.xml'.
2025-01-29 01:02:12,603 INFO c.h.h.t.HelmChartContainer - [test-hivemq-platform] [hivemq] [29cbf9fb] INFO  - HiveMQ Enterprise Security Extension: Starting HiveMQ Enterprise Security Extension.
2025-01-29 01:02:12,796 INFO c.h.h.t.HelmChartContainer - [test-hivemq-platform] [hivemq] [29cbf9fb] INFO  - HiveMQ Enterprise Security Extension: Access log is written to /opt/hivemq/log/access/access.log.
2025-01-29 01:02:13,004 INFO c.h.h.t.HelmChartContainer - [test-hivemq-platform] [hivemq] [29cbf9fb] INFO  - HiveMQ Enterprise Security Extension: Started HiveMQ Enterprise Security Extension successfully in 2402ms.
2025-01-29 01:02:13,004 INFO c.h.h.t.HelmChartContainer - [test-hivemq-platform] [hivemq] [29cbf9fb] INFO  - Extension "HiveMQ Enterprise Security Extension" version 4.36.0 started successfully.
2025-01-29 01:02:13,004 INFO c.h.h.t.HelmChartContainer - [test-hivemq-platform] [hivemq] [29cbf9fb] INFO  - Starting extension with id "hivemq-prometheus-extension" at /opt/hivemq/extensions/hivemq-prometheus-extension
2025-01-29 01:02:13,309 INFO c.h.h.t.HelmChartContainer - [test-hivemq-platform] [hivemq] [29cbf9fb] INFO  - Started Jetty Server exposing Prometheus Servlet on URI http://0.0.0.0:9399/
2025-01-29 01:02:13,309 INFO c.h.h.t.HelmChartContainer - [test-hivemq-platform] [hivemq] [29cbf9fb] INFO  - Extension "Prometheus Monitoring Extension" version 4.0.12 started successfully.
2025-01-29 01:02:13,310 INFO c.h.h.t.HelmChartContainer - [test-hivemq-platform] [hivemq] [29cbf9fb] WARN  - 
2025-01-29 01:02:13,310 INFO c.h.h.t.HelmChartContainer - [test-hivemq-platform] [hivemq] [29cbf9fb] ###############################################################################
2025-01-29 01:02:13,310 INFO c.h.h.t.HelmChartContainer - [test-hivemq-platform] [hivemq] [29cbf9fb] # No security extension present, MQTT clients can not connect to this broker. #
2025-01-29 01:02:13,310 INFO c.h.h.t.HelmChartContainer - [test-hivemq-platform] [hivemq] [29cbf9fb] ###############################################################################
2025-01-29 01:02:14,101 INFO c.h.h.t.HelmChartContainer - [test-hivemq-platform] [hivemq] [29cbf9fb] INFO  - BBMTb: no members discovered after 2001 ms: creating cluster as first member
2025-01-29 01:02:14,107 INFO c.h.h.t.HelmChartContainer - [test-hivemq-platform] [hivemq] [29cbf9fb] INFO  - Cluster nodes found by discovery: [BBMTb|0] (1) [BBMTb].
2025-01-29 01:02:14,124 INFO c.h.h.t.HelmChartContainer - [test-hivemq-platform] [hivemq] [29cbf9fb] INFO  - Starting HiveMQ REST API on address 0.0.0.0 and port 8890
2025-01-29 01:02:14,514 INFO c.h.h.t.HelmChartContainer - [test-hivemq-platform] [hivemq] [29cbf9fb] INFO  - Started HiveMQ REST API in 389ms
2025-01-29 01:02:14,514 INFO c.h.h.t.HelmChartContainer - [test-hivemq-platform] [hivemq] [29cbf9fb] WARN  - No user for HiveMQ Control Center configured. Starting with default user
2025-01-29 01:02:14,514 INFO c.h.h.t.HelmChartContainer - [test-hivemq-platform] [hivemq] [29cbf9fb] INFO  - Starting HiveMQ Control Center on address 127.0.0.1 and port 8080
2025-01-29 01:02:14,515 INFO c.h.h.t.HelmChartContainer - [test-hivemq-platform] [hivemq] [29cbf9fb] INFO  - Mounting HiveMQ Control Center V2 Preview
2025-01-29 01:02:15,003 INFO c.h.h.t.HelmChartContainer - [test-hivemq-platform] [hivemq] [29cbf9fb] INFO  - [HiveMQ Platform Operator Init App 1.7.0-SNAPSHOT] Returning Health API response 200 for readiness
2025-01-29 01:02:15,019 INFO c.h.h.t.HelmChartContainer - [POD] test-hivemq-platform-0 [29cbf9fb-f2ea-4f1c-bbf8-78102b67f838] in helmrestapiit was MODIFIED
2025-01-29 01:02:15,030 INFO c.h.h.t.HelmChartContainer - [hivemq-test-hivemq-platform] [hivemq-platform-operator] [ff840b22] 01:02:15.026 [pool-6-thread-43] DEBUG c.h.p.o.d.PlatformServiceResource - [helmrest] Desired Platform services (2 services)
2025-01-29 01:02:15,030 INFO c.h.h.t.HelmChartContainer - [hivemq-test-hivemq-platform] [hivemq-platform-operator] [ff840b22] 01:02:15.027 [pool-6-thread-42] DEBUG c.h.p.o.dependants.PodInfoConfigMap - [helmrest] Desired PodInfo ConfigMap (2 extensions) (1 enabled)
2025-01-29 01:02:15,030 INFO c.h.h.t.HelmChartContainer - [hivemq-test-hivemq-platform] [hivemq-platform-operator] [ff840b22] 01:02:15.028 [pool-6-thread-42] DEBUG c.h.p.o.dependants.PodInfoConfigMap - [helmrest] Desired PodInfo ConfigMap (metrics port: 9399) (metrics path: /)
2025-01-29 01:02:15,030 INFO c.h.h.t.HelmChartContainer - [hivemq-test-hivemq-platform] [hivemq-platform-operator] [ff840b22] 01:02:15.028 [pool-6-thread-42] DEBUG c.h.p.o.dependants.PodInfoConfigMap - [helmrest] Desired PodInfo ConfigMap (extension state hash: -2116590237)
2025-01-29 01:02:15,039 INFO c.h.h.t.HelmChartContainer - [hivemq-test-hivemq-platform] [hivemq-platform-operator] [ff840b22] 01:02:15.035 [pool-6-thread-42] DEBUG c.h.p.o.d.PodServiceAccountResource - [helmrest] Desired PodServiceAccountResource (serviceAccountName: hivemq-platform-pod-test-hivemq-platform)
2025-01-29 01:02:15,039 INFO c.h.h.t.HelmChartContainer - [hivemq-test-hivemq-platform] [hivemq-platform-operator] [ff840b22] 01:02:15.037 [pool-6-thread-46] DEBUG c.h.p.o.d.StatefulSetResource - [helmrest] Desired StatefulSet (1 replicas) for status STARTING (READY)
2025-01-29 01:02:15,099 INFO c.h.h.t.HelmChartContainer - [hivemq-test-hivemq-platform] [hivemq-platform-operator] [ff840b22] 01:02:15.095 [ReconcilerExecutor-hivemq-controller-113] INFO  c.h.p.o.HiveMQPlatformReconciler - [helmrest] Reconciling HiveMQ Platform 'test-hivemq-platform' in namespace 'helmrestapiit'
2025-01-29 01:02:15,099 INFO c.h.h.t.HelmChartContainer - [hivemq-test-hivemq-platform] [hivemq-platform-operator] [ff840b22] 01:02:15.095 [ReconcilerExecutor-hivemq-controller-113] DEBUG c.h.p.o.HiveMQPlatformReconciler - [helmrest] Custom Resource Status STARTING - HiveMQ Platform is starting (READY)
2025-01-29 01:02:15,099 INFO c.h.h.t.HelmChartContainer - [hivemq-test-hivemq-platform] [hivemq-platform-operator] [ff840b22] 01:02:15.095 [ReconcilerExecutor-hivemq-controller-113] DEBUG c.h.p.o.HiveMQPlatformReconciler - [helmrest] Custom Resource Spec (replicas: 1) (extensions: 2)
2025-01-29 01:02:15,101 INFO c.h.h.t.HelmChartContainer - [hivemq-test-hivemq-platform] [hivemq-platform-operator] [ff840b22] 01:02:15.100 [ReconcilerExecutor-hivemq-controller-113] DEBUG c.h.p.o.HiveMQPlatformReconciler - [helmrest] StatefulSet Status (revision: test-hivemq-platform-bbf59449c, replicas: 1, available: 1, ready: 1, current: 1, updated: 1)
2025-01-29 01:02:15,103 INFO c.h.h.t.HelmChartContainer - [hivemq-test-hivemq-platform] [hivemq-platform-operator] [ff840b22] 01:02:15.101 [ReconcilerExecutor-hivemq-controller-113] DEBUG c.h.p.o.HiveMQPlatformReconciler - [helmrest] StatefulSet Spec (replicas: 1, init containers: 1, containers: 1, volumes: 5)
2025-01-29 01:02:15,104 INFO c.h.h.t.HelmChartContainer - [hivemq-test-hivemq-platform] [hivemq-platform-operator] [ff840b22] 01:02:15.103 [ReconcilerExecutor-hivemq-controller-113] DEBUG c.h.p.o.h.HiveMQPlatformReconcilerErrorHandler - [helmrest] Pod 'test-hivemq-platform-0' phase Running
2025-01-29 01:02:15,106 INFO c.h.h.t.HelmChartContainer - [hivemq-test-hivemq-platform] [hivemq-platform-operator] [ff840b22] 01:02:15.105 [ReconcilerExecutor-hivemq-controller-113] INFO  c.h.p.o.h.HiveMQPlatformReconcilerBaseHandler - [helmrest] HiveMQ Platform started successfully
2025-01-29 01:02:15,127 INFO c.h.h.t.HelmChartContainer - [hivemq-test-hivemq-platform] [hivemq-platform-operator] [ff840b22] 01:02:15.126 [ReconcilerExecutor-hivemq-controller-113] DEBUG c.h.p.operator.event.EventSender - [helmrest] Creating K8s event hivemq-platform-ready: [Ready] HiveMQ Platform is ready
2025-01-29 01:02:15,130 INFO c.h.h.t.HelmChartContainer - [EVENT] Normal [Ready] HiveMQ Platform is ready [helmrestapiit:test-hivemq-platform]
2025-01-29 01:02:15,196 INFO c.h.h.t.HelmChartContainer - [hivemq-test-hivemq-platform] [hivemq-platform-operator] [ff840b22] 01:02:15.195 [ReconcilerExecutor-hivemq-controller-113] INFO  c.h.p.o.h.AbstractHiveMQReconcilerStateHandler - [helmrest] Update HiveMQ Platform Status (STARTING [READY] -> RUNNING [READY]): HiveMQ Platform is ready
2025-01-29 01:02:15,207 DEBUG com.hivemq.helmcharts.util.K8sUtil - Comparing actual state 'RUNNING' and waiting for 'RUNNING'
2025-01-29 01:02:15,220 INFO c.h.h.t.HelmChartContainer - [test-hivemq-platform] [hivemq] [29cbf9fb] INFO  - Started HiveMQ Control Center in 704ms
2025-01-29 01:02:15,220 INFO c.h.h.t.HelmChartContainer - [hivemq-test-hivemq-platform] [hivemq-platform-operator] [ff840b22] 01:02:15.218 [pool-6-thread-3] DEBUG c.h.p.o.d.PlatformServiceResource - [helmrest] Desired Platform services (2 services)
2025-01-29 01:02:15,226 INFO c.h.h.t.HelmChartContainer - [hivemq-test-hivemq-platform] [hivemq-platform-operator] [ff840b22] 01:02:15.222 [pool-6-thread-4] DEBUG c.h.p.o.d.PodServiceAccountResource - [helmrest] Desired PodServiceAccountResource (serviceAccountName: hivemq-platform-pod-test-hivemq-platform)
2025-01-29 01:02:15,226 INFO c.h.h.t.HelmChartContainer - [hivemq-test-hivemq-platform] [hivemq-platform-operator] [ff840b22] 01:02:15.224 [pool-6-thread-6] DEBUG c.h.p.o.dependants.PodInfoConfigMap - [helmrest] Desired PodInfo ConfigMap (2 extensions) (1 enabled)
2025-01-29 01:02:15,228 INFO c.hivemq.helmcharts.util.RestAPIUtil - Checking authorization for REST API on hivemq-test-hivemq-platform-rest-8890:8890 (username: user) (password: password) (endpoint path: /api/v1/mqtt/clients)
2025-01-29 01:02:15,299 INFO c.h.h.t.HelmChartContainer - [hivemq-test-hivemq-platform] [hivemq-platform-operator] [ff840b22] 01:02:15.294 [pool-6-thread-6] DEBUG c.h.p.o.dependants.PodInfoConfigMap - [helmrest] Desired PodInfo ConfigMap (metrics port: 9399) (metrics path: /)
2025-01-29 01:02:15,299 INFO c.h.h.t.HelmChartContainer - [hivemq-test-hivemq-platform] [hivemq-platform-operator] [ff840b22] 01:02:15.294 [pool-6-thread-6] DEBUG c.h.p.o.dependants.PodInfoConfigMap - [helmrest] Desired PodInfo ConfigMap (extension state hash: -2116590237)
2025-01-29 01:02:15,299 INFO c.h.h.t.HelmChartContainer - [hivemq-test-hivemq-platform] [hivemq-platform-operator] [ff840b22] 01:02:15.295 [pool-6-thread-6] DEBUG c.h.p.o.dependants.PodInfoConfigMap - [helmrest] Update PodInfo ConfigMap
2025-01-29 01:02:15,324 INFO c.h.h.t.HelmChartContainer - [hivemq-test-hivemq-platform] [hivemq-platform-operator] [ff840b22] 01:02:15.317 [pool-6-thread-6] DEBUG c.h.p.o.d.StatefulSetResource - [helmrest] Desired StatefulSet (1 replicas) for status RUNNING (READY)
2025-01-29 01:02:15,326 INFO c.h.h.t.HelmChartContainer - [test-hivemq-platform] [hivemq] [29cbf9fb] INFO  - Starting TCP listener on address 0.0.0.0 and port 1883
2025-01-29 01:02:15,335 INFO c.h.h.t.HelmChartContainer - [hivemq-test-hivemq-platform] [hivemq-platform-operator] [ff840b22] 01:02:15.333 [ReconcilerExecutor-hivemq-controller-114] INFO  c.h.p.o.HiveMQPlatformReconciler - [helmrest] Reconciling HiveMQ Platform 'test-hivemq-platform' in namespace 'helmrestapiit'
2025-01-29 01:02:15,340 INFO c.h.h.t.HelmChartContainer - [hivemq-test-hivemq-platform] [hivemq-platform-operator] [ff840b22] 01:02:15.335 [ReconcilerExecutor-hivemq-controller-114] DEBUG c.h.p.o.HiveMQPlatformReconciler - [helmrest] Custom Resource Status RUNNING - HiveMQ Platform is ready (READY)
2025-01-29 01:02:15,340 INFO c.h.h.t.HelmChartContainer - [hivemq-test-hivemq-platform] [hivemq-platform-operator] [ff840b22] 01:02:15.335 [ReconcilerExecutor-hivemq-controller-114] DEBUG c.h.p.o.HiveMQPlatformReconciler - [helmrest] Custom Resource Spec (replicas: 1) (extensions: 2)
2025-01-29 01:02:15,340 INFO c.h.h.t.HelmChartContainer - [hivemq-test-hivemq-platform] [hivemq-platform-operator] [ff840b22] 01:02:15.337 [ReconcilerExecutor-hivemq-controller-114] DEBUG c.h.p.o.HiveMQPlatformReconciler - [helmrest] StatefulSet Status (revision: test-hivemq-platform-bbf59449c, replicas: 1, available: 1, ready: 1, current: 1, updated: 1)
2025-01-29 01:02:15,341 INFO c.h.h.t.HelmChartContainer - [hivemq-test-hivemq-platform] [hivemq-platform-operator] [ff840b22] 01:02:15.337 [ReconcilerExecutor-hivemq-controller-114] DEBUG c.h.p.o.HiveMQPlatformReconciler - [helmrest] StatefulSet Spec (replicas: 1, init containers: 1, containers: 1, volumes: 5)
2025-01-29 01:02:15,344 INFO c.h.h.t.HelmChartContainer - [hivemq-test-hivemq-platform] [hivemq-platform-operator] [ff840b22] 01:02:15.342 [ReconcilerExecutor-hivemq-controller-114] DEBUG c.h.p.o.h.HiveMQPlatformReconcilerErrorHandler - [helmrest] Pod 'test-hivemq-platform-0' phase Running
2025-01-29 01:02:15,409 INFO c.h.h.t.HelmChartContainer - [test-hivemq-platform] [hivemq] [29cbf9fb] INFO  - Started TCP Listener on address 0.0.0.0 and on port 1883.
2025-01-29 01:02:15,409 INFO c.h.h.t.HelmChartContainer - [test-hivemq-platform] [hivemq] [29cbf9fb] INFO  - Started HiveMQ in 33103ms
2025-01-29 01:02:16,337 INFO c.hivemq.helmcharts.util.RestAPIUtil - Checking authorization for REST API on hivemq-test-hivemq-platform-rest-8890:8890 (username: user) (password: wrong-password) (endpoint path: /api/v1/mqtt/clients)
HTTP/1.1 401 Unauthorized
Content-Type: application/json;charset=utf-8
WWW-Authenticate: Basic charset="UTF-8"
Content-Length: 39

{
    "errors": [
        {
            "title": "Not authorized"
        }
    ]
}
2025-01-29 01:02:19,256 INFO c.hivemq.helmcharts.util.RestAPIUtil - Checking authorization for REST API on hivemq-test-hivemq-platform-rest-8890:8890 (username: user) (password: password) (endpoint path: /api/v1/management/backups)
HTTP/1.1 403 Forbidden
Content-Type: application/json;charset=utf-8
Content-Length: 49

{
    "errors": [
        {
            "title": "Insufficient permissions"
        }
    ]
}
2025-01-29 01:02:19,341 INFO c.h.h.t.HelmChartContainer - Uninstalling release 'test-hivemq-platform' in namespace 'helmrestapiit'...
2025-01-29 01:02:19,341 DEBUG c.h.h.t.HelmChartContainer - Executing helm command: /bin/helm --kubeconfig /etc/rancher/k3s/k3s.yaml uninstall test-hivemq-platform  --wait --timeout 5m0s --cascade foreground --namespace helmrestapiit
2025-01-29 01:02:19,544 INFO c.h.h.t.HelmChartContainer - [hivemq-test-hivemq-platform] [hivemq-platform-operator] [ff840b22] 01:02:19.531 [pool-6-thread-15] DEBUG c.h.p.o.d.PlatformServiceResource - [helmrest] Desired Platform services (2 services)
2025-01-29 01:02:19,544 INFO c.h.h.t.HelmChartContainer - [hivemq-test-hivemq-platform] [hivemq-platform-operator] [ff840b22] 01:02:19.534 [pool-6-thread-17] DEBUG c.h.p.o.d.PodServiceAccountResource - [helmrest] Desired PodServiceAccountResource (serviceAccountName: hivemq-platform-pod-test-hivemq-platform)
2025-01-29 01:02:19,549 INFO c.h.h.t.HelmChartContainer - [hivemq-test-hivemq-platform] [hivemq-platform-operator] [ff840b22] 01:02:19.541 [pool-6-thread-19] DEBUG c.h.p.o.dependants.PodInfoConfigMap - [helmrest] Desired PodInfo ConfigMap (2 extensions) (1 enabled)
2025-01-29 01:02:19,549 INFO c.h.h.t.HelmChartContainer - [hivemq-test-hivemq-platform] [hivemq-platform-operator] [ff840b22] 01:02:19.541 [pool-6-thread-19] DEBUG c.h.p.o.dependants.PodInfoConfigMap - [helmrest] Desired PodInfo ConfigMap (metrics port: 9399) (metrics path: /)
2025-01-29 01:02:19,549 INFO c.h.h.t.HelmChartContainer - [hivemq-test-hivemq-platform] [hivemq-platform-operator] [ff840b22] 01:02:19.541 [pool-6-thread-19] DEBUG c.h.p.o.dependants.PodInfoConfigMap - [helmrest] Desired PodInfo ConfigMap (extension state hash: -2116590237)
2025-01-29 01:02:19,601 INFO c.h.h.t.HelmChartContainer - [hivemq-test-hivemq-platform] [hivemq-platform-operator] [ff840b22] 01:02:19.594 [pool-6-thread-19] DEBUG c.h.p.o.d.StatefulSetResource - [helmrest] Desired StatefulSet (1 replicas) for status RUNNING (READY)
2025-01-29 01:02:19,602 INFO c.h.h.t.HelmChartContainer - [hivemq-test-hivemq-platform] [hivemq-platform-operator] [ff840b22] 01:02:19.600 [pool-6-thread-19] DEBUG c.h.p.o.d.StatefulSetResource - [helmrest] Update StatefulSet (replicas: 1 -> 1)
2025-01-29 01:02:19,602 INFO c.h.h.t.HelmChartContainer - [hivemq-test-hivemq-platform] [hivemq-platform-operator] [ff840b22] 01:02:19.601 [pool-6-thread-19] DEBUG c.h.p.o.d.StatefulSetResource - [helmrest] Detected change in StatefulSet specification (path: /template/metadata/annotations/kubernetes-resource-versions) (actual value: {broker-configuration-v2=514734220}) (target value: {broker-configuration-v2=0})
2025-01-29 01:02:19,603 INFO c.h.h.t.HelmChartContainer - [hivemq-test-hivemq-platform] [hivemq-platform-operator] [ff840b22] 01:02:19.602 [pool-6-thread-19] INFO  c.h.p.o.d.StatefulSetResource - [helmrest] StatefulSet spec was updated, triggering rolling restart
2025-01-29 01:02:19,702 INFO c.h.h.t.HelmChartContainer - [hivemq-test-hivemq-platform] [hivemq-platform-operator] [ff840b22] 01:02:19.701 [ReconcilerExecutor-hivemq-controller-115] INFO  c.h.p.o.HiveMQPlatformReconciler - [helmrest] Reconciling HiveMQ Platform 'test-hivemq-platform' in namespace 'helmrestapiit'
2025-01-29 01:02:19,703 INFO c.h.h.t.HelmChartContainer - [hivemq-test-hivemq-platform] [hivemq-platform-operator] [ff840b22] 01:02:19.701 [ReconcilerExecutor-hivemq-controller-115] DEBUG c.h.p.o.HiveMQPlatformReconciler - [helmrest] Custom Resource Status RUNNING - HiveMQ Platform is ready (READY) (reconciliation requests: REQUESTS_UPDATED, ROLLING_RESTART)
2025-01-29 01:02:19,705 INFO c.h.h.t.HelmChartContainer - [hivemq-test-hivemq-platform] [hivemq-platform-operator] [ff840b22] 01:02:19.701 [ReconcilerExecutor-hivemq-controller-115] DEBUG c.h.p.o.HiveMQPlatformReconciler - [helmrest] Custom Resource Spec (replicas: 1) (extensions: 2)
2025-01-29 01:02:19,708 INFO c.h.h.t.HelmChartContainer - [hivemq-test-hivemq-platform] [hivemq-platform-operator] [ff840b22] 01:02:19.703 [ReconcilerExecutor-hivemq-controller-115] WARN  c.h.p.o.h.HiveMQPlatformReconcilerErrorHandler - [helmrest] Could not find ConfigMap 'hivemq-configuration-test-hivemq-platform' for HiveMQ Platform configuration
2025-01-29 01:02:19,717 INFO c.h.h.t.HelmChartContainer - [POD] test-hivemq-platform-0 [29cbf9fb-f2ea-4f1c-bbf8-78102b67f838] in helmrestapiit was MODIFIED
2025-01-29 01:02:19,722 INFO c.h.h.t.HelmChartContainer - [EVENT] Normal [Killing] Stopping container hivemq [helmrestapiit:test-hivemq-platform-0]
2025-01-29 01:02:19,723 INFO c.h.h.t.HelmChartContainer - Received Killing event for container hivemq in pod test-hivemq-platform-0 [29cbf9fb-f2ea-4f1c-bbf8-78102b67f838]
2025-01-29 01:02:19,723 INFO c.h.h.t.HelmChartContainer - Container [test-hivemq-platform-0] [hivemq] [29cbf9fb-f2ea-4f1c-bbf8-78102b67f838] was terminated
2025-01-29 01:02:19,723 INFO c.h.h.t.HelmChartContainer - Stopped log watcher for hivemq in pod test-hivemq-platform-0 [29cbf9fb-f2ea-4f1c-bbf8-78102b67f838]
2025-01-29 01:02:19,741 INFO c.h.h.t.HelmChartContainer - [test-hivemq-platform] [hivemq] [29cbf9fb] INFO  - [HiveMQ Platform Operator Init App 1.7.0-SNAPSHOT] Shutting down
2025-01-29 01:02:19,741 INFO c.h.h.t.HelmChartContainer - [test-hivemq-platform] [hivemq] [29cbf9fb] INFO  - [HiveMQ Platform Operator Init App 1.7.0-SNAPSHOT] Stopping the HiveMQ Platform
2025-01-29 01:02:19,894 INFO c.h.h.t.HelmChartContainer - [hivemq-test-hivemq-platform] [hivemq-platform-operator] [ff840b22] 01:02:19.820 [ReconcilerExecutor-hivemq-controller-115] DEBUG c.h.p.operator.event.EventSender - [helmrest] Creating K8s event hivemq-platform-invalid-configuration: [Start] Could not find ConfigMap 'hivemq-configuration-test-hivemq-platform' for HiveMQ Platform configuration
2025-01-29 01:02:19,898 INFO c.h.h.t.HelmChartContainer - [EVENT] Warning [Start] Could not find ConfigMap 'hivemq-configuration-test-hivemq-platform' for HiveMQ Platform configuration [helmrestapiit:test-hivemq-platform]
2025-01-29 01:02:19,899 INFO c.h.h.t.HelmChartContainer - [hivemq-test-hivemq-platform] [hivemq-platform-operator] [ff840b22] 01:02:19.899 [ReconcilerExecutor-hivemq-controller-115] INFO  c.h.p.o.h.AbstractHiveMQReconcilerStateHandler - [helmrest] Update HiveMQ Platform Status (RUNNING [READY] -> ERROR [INVALID_CONFIG_MAP]): Could not find ConfigMap 'hivemq-configuration-test-hivemq-platform' for HiveMQ Platform configuration (reconciliation requests: ROLLING_RESTART)
2025-01-29 01:02:19,900 INFO c.h.h.t.HelmChartContainer - [test-hivemq-platform] [hivemq] [29cbf9fb] INFO  - Shutting down HiveMQ. Please wait, this could take a while...
2025-01-29 01:02:19,918 INFO c.h.h.t.HelmChartContainer - [test-hivemq-platform] [hivemq] [29cbf9fb] INFO  - Shutting down listeners and clients
2025-01-29 01:02:19,919 INFO c.h.h.t.HelmChartContainer - [hivemq-test-hivemq-platform] [hivemq-platform-operator] [ff840b22] 01:02:19.914 [ReconcilerExecutor-hivemq-controller-115] ERROR i.j.o.p.event.EventProcessor - Error during event processing ExecutionScope{ resource id: ResourceID{name='test-hivemq-platform', namespace='helmrestapiit'}, version: 1255}
2025-01-29 01:02:19,919 INFO c.h.h.t.HelmChartContainer - [hivemq-test-hivemq-platform] [hivemq-platform-operator] [ff840b22] io.fabric8.kubernetes.client.KubernetesClientException: Failure executing: PUT at: https://10.43.0.1:443/apis/hivemq.com/v1/namespaces/helmrestapiit/hivemq-platforms/test-hivemq-platform/status. Message: Operation cannot be fulfilled on hivemq-platforms.hivemq.com "test-hivemq-platform": the object has been modified; please apply your changes to the latest version and try again. Received status: Status(apiVersion=v1, code=409, details=StatusDetails(causes=[], group=hivemq.com, kind=hivemq-platforms, name=test-hivemq-platform, retryAfterSeconds=null, uid=null, additionalProperties={}), kind=Status, message=Operation cannot be fulfilled on hivemq-platforms.hivemq.com "test-hivemq-platform": the object has been modified; please apply your changes to the latest version and try again, metadata=ListMeta(_continue=null, remainingItemCount=null, resourceVersion=null, selfLink=null, additionalProperties={}), reason=Conflict, status=Failure, additionalProperties={}).
2025-01-29 01:02:19,919 INFO c.h.h.t.HelmChartContainer - [hivemq-test-hivemq-platform] [hivemq-platform-operator] [ff840b22] 	at io.fabric8.kubernetes.client.KubernetesClientException.copyAsCause(KubernetesClientException.java:238)
2025-01-29 01:02:19,919 INFO c.h.h.t.HelmChartContainer - [hivemq-test-hivemq-platform] [hivemq-platform-operator] [ff840b22] 	at io.fabric8.kubernetes.client.dsl.internal.OperationSupport.waitForResult(OperationSupport.java:507)
2025-01-29 01:02:19,919 INFO c.h.h.t.HelmChartContainer - [hivemq-test-hivemq-platform] [hivemq-platform-operator] [ff840b22] 	at io.fabric8.kubernetes.client.dsl.internal.OperationSupport.handleResponse(OperationSupport.java:524)
2025-01-29 01:02:19,919 INFO c.h.h.t.HelmChartContainer - [hivemq-test-hivemq-platform] [hivemq-platform-operator] [ff840b22] 	at io.fabric8.kubernetes.client.dsl.internal.OperationSupport.handleUpdate(OperationSupport.java:358)
2025-01-29 01:02:19,919 INFO c.h.h.t.HelmChartContainer - [hivemq-test-hivemq-platform] [hivemq-platform-operator] [ff840b22] 	at io.fabric8.kubernetes.client.dsl.internal.BaseOperation.handleUpdate(BaseOperation.java:759)
2025-01-29 01:02:19,919 INFO c.h.h.t.HelmChartContainer - [hivemq-test-hivemq-platform] [hivemq-platform-operator] [ff840b22] 	at io.fabric8.kubernetes.client.dsl.internal.HasMetadataOperation.update(HasMetadataOperation.java:138)
2025-01-29 01:02:19,919 INFO c.h.h.t.HelmChartContainer - [hivemq-test-hivemq-platform] [hivemq-platform-operator] [ff840b22] 	at io.fabric8.kubernetes.client.dsl.internal.HasMetadataOperation.update(HasMetadataOperation.java:121)
2025-01-29 01:02:19,919 INFO c.h.h.t.HelmChartContainer - [hivemq-test-hivemq-platform] [hivemq-platform-operator] [ff840b22] 	at io.fabric8.kubernetes.client.dsl.internal.HasMetadataOperation.updateStatus(HasMetadataOperation.java:126)
2025-01-29 01:02:19,919 INFO c.h.h.t.HelmChartContainer - [hivemq-test-hivemq-platform] [hivemq-platform-operator] [ff840b22] 	at io.fabric8.kubernetes.client.dsl.internal.HasMetadataOperation.updateStatus(HasMetadataOperation.java:44)
2025-01-29 01:02:19,919 INFO c.h.h.t.HelmChartContainer - [hivemq-test-hivemq-platform] [hivemq-platform-operator] [ff840b22] 	at io.javaoperatorsdk.operator.processing.event.ReconciliationDispatcher$CustomResourceFacade.updateStatus(ReconciliationDispatcher.java:408)
2025-01-29 01:02:19,919 INFO c.h.h.t.HelmChartContainer - [hivemq-test-hivemq-platform] [hivemq-platform-operator] [ff840b22] 	at io.javaoperatorsdk.operator.processing.event.ReconciliationDispatcher.updateStatusGenerationAware(ReconciliationDispatcher.java:228)
2025-01-29 01:02:19,919 INFO c.h.h.t.HelmChartContainer - [hivemq-test-hivemq-platform] [hivemq-platform-operator] [ff840b22] 	at io.javaoperatorsdk.operator.processing.event.ReconciliationDispatcher.reconcileExecution(ReconciliationDispatcher.java:150)
2025-01-29 01:02:19,919 INFO c.h.h.t.HelmChartContainer - [hivemq-test-hivemq-platform] [hivemq-platform-operator] [ff840b22] 	at io.javaoperatorsdk.operator.processing.event.ReconciliationDispatcher.handleReconcile(ReconciliationDispatcher.java:117)
2025-01-29 01:02:19,919 INFO c.h.h.t.HelmChartContainer - [hivemq-test-hivemq-platform] [hivemq-platform-operator] [ff840b22] 	at io.javaoperatorsdk.operator.processing.event.ReconciliationDispatcher.handleDispatch(ReconciliationDispatcher.java:91)
2025-01-29 01:02:19,919 INFO c.h.h.t.HelmChartContainer - [hivemq-test-hivemq-platform] [hivemq-platform-operator] [ff840b22] 	at io.javaoperatorsdk.operator.processing.event.ReconciliationDispatcher.handleExecution(ReconciliationDispatcher.java:64)
2025-01-29 01:02:19,919 INFO c.h.h.t.HelmChartContainer - [hivemq-test-hivemq-platform] [hivemq-platform-operator] [ff840b22] 	at io.javaoperatorsdk.operator.processing.event.EventProcessor$ReconcilerExecutor.run(EventProcessor.java:452)
2025-01-29 01:02:19,919 INFO c.h.h.t.HelmChartContainer - [hivemq-test-hivemq-platform] [hivemq-platform-operator] [ff840b22] 	at java.base/java.util.concurrent.ThreadPoolExecutor.runWorker(Unknown Source)
2025-01-29 01:02:19,919 INFO c.h.h.t.HelmChartContainer - [hivemq-test-hivemq-platform] [hivemq-platform-operator] [ff840b22] 	at java.base/java.util.concurrent.ThreadPoolExecutor$Worker.run(Unknown Source)
2025-01-29 01:02:19,919 INFO c.h.h.t.HelmChartContainer - [hivemq-test-hivemq-platform] [hivemq-platform-operator] [ff840b22] 	at java.base/java.lang.Thread.run(Unknown Source)
2025-01-29 01:02:19,919 INFO c.h.h.t.HelmChartContainer - [hivemq-test-hivemq-platform] [hivemq-platform-operator] [ff840b22] Caused by: io.fabric8.kubernetes.client.KubernetesClientException: Failure executing: PUT at: https://10.43.0.1:443/apis/hivemq.com/v1/namespaces/helmrestapiit/hivemq-platforms/test-hivemq-platform/status. Message: Operation cannot be fulfilled on hivemq-platforms.hivemq.com "test-hivemq-platform": the object has been modified; please apply your changes to the latest version and try again. Received status: Status(apiVersion=v1, code=409, details=StatusDetails(causes=[], group=hivemq.com, kind=hivemq-platforms, name=test-hivemq-platform, retryAfterSeconds=null, uid=null, additionalProperties={}), kind=Status, message=Operation cannot be fulfilled on hivemq-platforms.hivemq.com "test-hivemq-platform": the object has been modified; please apply your changes to the latest version and try again, metadata=ListMeta(_continue=null, remainingItemCount=null, resourceVersion=null, selfLink=null, additionalProperties={}), reason=Conflict, status=Failure, additionalProperties={}).
2025-01-29 01:02:19,919 INFO c.h.h.t.HelmChartContainer - [hivemq-test-hivemq-platform] [hivemq-platform-operator] [ff840b22] 	at io.fabric8.kubernetes.client.dsl.internal.OperationSupport.requestFailure(OperationSupport.java:660)
2025-01-29 01:02:19,919 INFO c.h.h.t.HelmChartContainer - [hivemq-test-hivemq-platform] [hivemq-platform-operator] [ff840b22] 	at io.fabric8.kubernetes.client.dsl.internal.OperationSupport.requestFailure(OperationSupport.java:640)
2025-01-29 01:02:19,919 INFO c.h.h.t.HelmChartContainer - [hivemq-test-hivemq-platform] [hivemq-platform-operator] [ff840b22] 	at io.fabric8.kubernetes.client.dsl.internal.OperationSupport.assertResponseCode(OperationSupport.java:589)
2025-01-29 01:02:19,919 INFO c.h.h.t.HelmChartContainer - [hivemq-test-hivemq-platform] [hivemq-platform-operator] [ff840b22] 	at io.fabric8.kubernetes.client.dsl.internal.OperationSupport.lambda$handleResponse$0(OperationSupport.java:549)
2025-01-29 01:02:19,919 INFO c.h.h.t.HelmChartContainer - [hivemq-test-hivemq-platform] [hivemq-platform-operator] [ff840b22] 	at java.base/java.util.concurrent.CompletableFuture$UniApply.tryFire(Unknown Source)
2025-01-29 01:02:19,919 INFO c.h.h.t.HelmChartContainer - [hivemq-test-hivemq-platform] [hivemq-platform-operator] [ff840b22] 	at java.base/java.util.concurrent.CompletableFuture.postComplete(Unknown Source)
2025-01-29 01:02:19,919 INFO c.h.h.t.HelmChartContainer - [hivemq-test-hivemq-platform] [hivemq-platform-operator] [ff840b22] 	at java.base/java.util.concurrent.CompletableFuture.complete(Unknown Source)
2025-01-29 01:02:19,919 INFO c.h.h.t.HelmChartContainer - [hivemq-test-hivemq-platform] [hivemq-platform-operator] [ff840b22] 	at io.fabric8.kubernetes.client.http.StandardHttpClient.lambda$completeOrCancel$10(StandardHttpClient.java:141)
2025-01-29 01:02:19,920 INFO c.h.h.t.HelmChartContainer - [hivemq-test-hivemq-platform] [hivemq-platform-operator] [ff840b22] 	at java.base/java.util.concurrent.CompletableFuture.uniWhenComplete(Unknown Source)
2025-01-29 01:02:19,920 INFO c.h.h.t.HelmChartContainer - [hivemq-test-hivemq-platform] [hivemq-platform-operator] [ff840b22] 	at java.base/java.util.concurrent.CompletableFuture$UniWhenComplete.tryFire(Unknown Source)
2025-01-29 01:02:19,921 INFO c.h.h.t.HelmChartContainer - [hivemq-test-hivemq-platform] [hivemq-platform-operator] [ff840b22] 	at java.base/java.util.concurrent.CompletableFuture.postComplete(Unknown Source)
2025-01-29 01:02:19,921 INFO c.h.h.t.HelmChartContainer - [hivemq-test-hivemq-platform] [hivemq-platform-operator] [ff840b22] 	at java.base/java.util.concurrent.CompletableFuture.complete(Unknown Source)
2025-01-29 01:02:19,921 INFO c.h.h.t.HelmChartContainer - [hivemq-test-hivemq-platform] [hivemq-platform-operator] [ff840b22] 	at io.fabric8.kubernetes.client.http.ByteArrayBodyHandler.onBodyDone(ByteArrayBodyHandler.java:51)
2025-01-29 01:02:19,921 INFO c.h.h.t.HelmChartContainer - [hivemq-test-hivemq-platform] [hivemq-platform-operator] [ff840b22] 	at java.base/java.util.concurrent.CompletableFuture.uniWhenComplete(Unknown Source)
2025-01-29 01:02:19,921 INFO c.h.h.t.HelmChartContainer - [hivemq-test-hivemq-platform] [hivemq-platform-operator] [ff840b22] 	at java.base/java.util.concurrent.CompletableFuture$UniWhenComplete.tryFire(Unknown Source)
2025-01-29 01:02:19,921 INFO c.h.h.t.HelmChartContainer - [hivemq-test-hivemq-platform] [hivemq-platform-operator] [ff840b22] 	at java.base/java.util.concurrent.CompletableFuture.postComplete(Unknown Source)
2025-01-29 01:02:19,921 INFO c.h.h.t.HelmChartContainer - [hivemq-test-hivemq-platform] [hivemq-platform-operator] [ff840b22] 	at java.base/java.util.concurrent.CompletableFuture.complete(Unknown Source)
2025-01-29 01:02:19,921 INFO c.h.h.t.HelmChartContainer - [hivemq-test-hivemq-platform] [hivemq-platform-operator] [ff840b22] 	at io.fabric8.kubernetes.client.vertx.VertxHttpRequest.lambda$null$1(VertxHttpRequest.java:121)
2025-01-29 01:02:19,921 INFO c.h.h.t.HelmChartContainer - [hivemq-test-hivemq-platform] [hivemq-platform-operator] [ff840b22] 	at io.vertx.core.impl.ContextInternal.dispatch(ContextInternal.java:279)
2025-01-29 01:02:19,921 INFO c.h.h.t.HelmChartContainer - [hivemq-test-hivemq-platform] [hivemq-platform-operator] [ff840b22] 	at io.vertx.core.impl.ContextInternal.dispatch(ContextInternal.java:261)
2025-01-29 01:02:19,921 INFO c.h.h.t.HelmChartContainer - [test-hivemq-platform] [hivemq] [29cbf9fb] INFO  - Shutdown of listeners is done
2025-01-29 01:02:19,922 INFO c.h.h.t.HelmChartContainer - [hivemq-test-hivemq-platform] [hivemq-platform-operator] [ff840b22] 	at io.vertx.core.http.impl.HttpEventHandler.handleEnd(HttpEventHandler.java:76)
2025-01-29 01:02:19,922 INFO c.h.h.t.HelmChartContainer - [hivemq-test-hivemq-platform] [hivemq-platform-operator] [ff840b22] 	at io.vertx.core.http.impl.HttpClientResponseImpl.handleEnd(HttpClientResponseImpl.java:250)
2025-01-29 01:02:19,922 INFO c.h.h.t.HelmChartContainer - [test-hivemq-platform] [hivemq] [29cbf9fb] INFO  - No clients are connected, proceeding with shutdown
2025-01-29 01:02:19,922 INFO c.h.h.t.HelmChartContainer - [test-hivemq-platform] [hivemq] [29cbf9fb] INFO  - [HiveMQ Platform Operator Init App 1.7.0-SNAPSHOT] Returning shutdown Health API response 503 for readiness
2025-01-29 01:02:19,922 INFO c.h.h.t.HelmChartContainer - [hivemq-test-hivemq-platform] [hivemq-platform-operator] [ff840b22] 	at io.vertx.core.http.impl.Http1xClientConnection$StreamImpl.lambda$new$0(Http1xClientConnection.java:421)
2025-01-29 01:02:19,922 INFO c.h.h.t.HelmChartContainer - [hivemq-test-hivemq-platform] [hivemq-platform-operator] [ff840b22] 	at io.vertx.core.streams.impl.InboundBuffer.handleEvent(InboundBuffer.java:279)
2025-01-29 01:02:19,922 INFO c.h.h.t.HelmChartContainer - [hivemq-test-hivemq-platform] [hivemq-platform-operator] [ff840b22] 	at io.vertx.core.streams.impl.InboundBuffer.write(InboundBuffer.java:157)
2025-01-29 01:02:19,922 INFO c.h.h.t.HelmChartContainer - [hivemq-test-hivemq-platform] [hivemq-platform-operator] [ff840b22] 	at io.vertx.core.http.impl.Http1xClientConnection$StreamImpl.handleEnd(Http1xClientConnection.java:709)
2025-01-29 01:02:19,922 INFO c.h.h.t.HelmChartContainer - [hivemq-test-hivemq-platform] [hivemq-platform-operator] [ff840b22] 	at io.vertx.core.impl.ContextImpl.execute(ContextImpl.java:313)
2025-01-29 01:02:19,922 INFO c.h.h.t.HelmChartContainer - [hivemq-test-hivemq-platform] [hivemq-platform-operator] [ff840b22] 	at io.vertx.core.impl.ContextImpl.execute(ContextImpl.java:293)
2025-01-29 01:02:19,923 INFO c.h.h.t.HelmChartContainer - [hivemq-test-hivemq-platform] [hivemq-platform-operator] [ff840b22] 	at io.vertx.core.http.impl.Http1xClientConnection.handleResponseEnd(Http1xClientConnection.java:940)
2025-01-29 01:02:19,923 INFO c.h.h.t.HelmChartContainer - [hivemq-test-hivemq-platform] [hivemq-platform-operator] [ff840b22] 	at io.vertx.core.http.impl.Http1xClientConnection.handleHttpMessage(Http1xClientConnection.java:810)
2025-01-29 01:02:19,923 INFO c.h.h.t.HelmChartContainer - [hivemq-test-hivemq-platform] [hivemq-platform-operator] [ff840b22] 	at io.vertx.core.http.impl.Http1xClientConnection.handleMessage(Http1xClientConnection.java:774)
2025-01-29 01:02:19,923 INFO c.h.h.t.HelmChartContainer - [hivemq-test-hivemq-platform] [hivemq-platform-operator] [ff840b22] 	at io.vertx.core.net.impl.ConnectionBase.read(ConnectionBase.java:159)
2025-01-29 01:02:19,923 INFO c.h.h.t.HelmChartContainer - [hivemq-test-hivemq-platform] [hivemq-platform-operator] [ff840b22] 	at io.vertx.core.net.impl.VertxHandler.channelRead(VertxHandler.java:153)
2025-01-29 01:02:19,923 INFO c.h.h.t.HelmChartContainer - [hivemq-test-hivemq-platform] [hivemq-platform-operator] [ff840b22] 	at io.netty.channel.AbstractChannelHandlerContext.invokeChannelRead(AbstractChannelHandlerContext.java:442)
2025-01-29 01:02:19,923 INFO c.h.h.t.HelmChartContainer - [hivemq-test-hivemq-platform] [hivemq-platform-operator] [ff840b22] 	at io.netty.channel.AbstractChannelHandlerContext.invokeChannelRead(AbstractChannelHandlerContext.java:420)
2025-01-29 01:02:19,923 INFO c.h.h.t.HelmChartContainer - [hivemq-test-hivemq-platform] [hivemq-platform-operator] [ff840b22] 	at io.netty.channel.AbstractChannelHandlerContext.fireChannelRead(AbstractChannelHandlerContext.java:412)
2025-01-29 01:02:19,923 INFO c.h.h.t.HelmChartContainer - [hivemq-test-hivemq-platform] [hivemq-platform-operator] [ff840b22] 	at io.netty.channel.CombinedChannelDuplexHandler$DelegatingChannelHandlerContext.fireChannelRead(CombinedChannelDuplexHandler.java:436)
2025-01-29 01:02:19,923 INFO c.h.h.t.HelmChartContainer - [hivemq-test-hivemq-platform] [hivemq-platform-operator] [ff840b22] 	at io.netty.handler.codec.ByteToMessageDecoder.fireChannelRead(ByteToMessageDecoder.java:346)
2025-01-29 01:02:19,923 INFO c.h.h.t.HelmChartContainer - [hivemq-test-hivemq-platform] [hivemq-platform-operator] [ff840b22] 	at io.netty.handler.codec.ByteToMessageDecoder.channelRead(ByteToMessageDecoder.java:318)
2025-01-29 01:02:19,923 INFO c.h.h.t.HelmChartContainer - [hivemq-test-hivemq-platform] [hivemq-platform-operator] [ff840b22] 	at io.netty.channel.CombinedChannelDuplexHandler.channelRead(CombinedChannelDuplexHandler.java:251)
2025-01-29 01:02:19,923 INFO c.h.h.t.HelmChartContainer - [hivemq-test-hivemq-platform] [hivemq-platform-operator] [ff840b22] 	at io.netty.channel.AbstractChannelHandlerContext.invokeChannelRead(AbstractChannelHandlerContext.java:442)
2025-01-29 01:02:19,923 INFO c.h.h.t.HelmChartContainer - [hivemq-test-hivemq-platform] [hivemq-platform-operator] [ff840b22] 	at io.netty.channel.AbstractChannelHandlerContext.invokeChannelRead(AbstractChannelHandlerContext.java:420)
2025-01-29 01:02:19,923 INFO c.h.h.t.HelmChartContainer - [hivemq-test-hivemq-platform] [hivemq-platform-operator] [ff840b22] 	at io.netty.channel.AbstractChannelHandlerContext.fireChannelRead(AbstractChannelHandlerContext.java:412)
2025-01-29 01:02:19,923 INFO c.h.h.t.HelmChartContainer - [hivemq-test-hivemq-platform] [hivemq-platform-operator] [ff840b22] 	at io.netty.handler.ssl.SslHandler.unwrap(SslHandler.java:1475)
2025-01-29 01:02:19,923 INFO c.h.h.t.HelmChartContainer - [hivemq-test-hivemq-platform] [hivemq-platform-operator] [ff840b22] 	at io.netty.handler.ssl.SslHandler.decodeJdkCompatible(SslHandler.java:1338)
2025-01-29 01:02:19,923 INFO c.h.h.t.HelmChartContainer - [hivemq-test-hivemq-platform] [hivemq-platform-operator] [ff840b22] 	at io.netty.handler.ssl.SslHandler.decode(SslHandler.java:1387)
2025-01-29 01:02:19,923 INFO c.h.h.t.HelmChartContainer - [hivemq-test-hivemq-platform] [hivemq-platform-operator] [ff840b22] 	at io.netty.handler.codec.ByteToMessageDecoder.decodeRemovalReentryProtection(ByteToMessageDecoder.java:530)
2025-01-29 01:02:19,923 INFO c.h.h.t.HelmChartContainer - [hivemq-test-hivemq-platform] [hivemq-platform-operator] [ff840b22] 	at io.netty.handler.codec.ByteToMessageDecoder.callDecode(ByteToMessageDecoder.java:469)
2025-01-29 01:02:19,923 INFO c.h.h.t.HelmChartContainer - [hivemq-test-hivemq-platform] [hivemq-platform-operator] [ff840b22] 	at io.netty.handler.codec.ByteToMessageDecoder.channelRead(ByteToMessageDecoder.java:290)
2025-01-29 01:02:19,923 INFO c.h.h.t.HelmChartContainer - [hivemq-test-hivemq-platform] [hivemq-platform-operator] [ff840b22] 	at io.netty.channel.AbstractChannelHandlerContext.invokeChannelRead(AbstractChannelHandlerContext.java:444)
2025-01-29 01:02:19,923 INFO c.h.h.t.HelmChartContainer - [hivemq-test-hivemq-platform] [hivemq-platform-operator] [ff840b22] 	at io.netty.channel.AbstractChannelHandlerContext.invokeChannelRead(AbstractChannelHandlerContext.java:420)
2025-01-29 01:02:19,923 INFO c.h.h.t.HelmChartContainer - [hivemq-test-hivemq-platform] [hivemq-platform-operator] [ff840b22] 	at io.netty.channel.AbstractChannelHandlerContext.fireChannelRead(AbstractChannelHandlerContext.java:412)
2025-01-29 01:02:19,923 INFO c.h.h.t.HelmChartContainer - [hivemq-test-hivemq-platform] [hivemq-platform-operator] [ff840b22] 	at io.netty.channel.DefaultChannelPipeline$HeadContext.channelRead(DefaultChannelPipeline.java:1407)
2025-01-29 01:02:19,923 INFO c.h.h.t.HelmChartContainer - [hivemq-test-hivemq-platform] [hivemq-platform-operator] [ff840b22] 	at io.netty.channel.AbstractChannelHandlerContext.invokeChannelRead(AbstractChannelHandlerContext.java:440)
2025-01-29 01:02:19,923 INFO c.h.h.t.HelmChartContainer - [hivemq-test-hivemq-platform] [hivemq-platform-operator] [ff840b22] 	at io.netty.channel.AbstractChannelHandlerContext.invokeChannelRead(AbstractChannelHandlerContext.java:420)
2025-01-29 01:02:19,923 INFO c.h.h.t.HelmChartContainer - [hivemq-test-hivemq-platform] [hivemq-platform-operator] [ff840b22] 	at io.netty.channel.DefaultChannelPipeline.fireChannelRead(DefaultChannelPipeline.java:918)
2025-01-29 01:02:19,923 INFO c.h.h.t.HelmChartContainer - [hivemq-test-hivemq-platform] [hivemq-platform-operator] [ff840b22] 	at io.netty.channel.nio.AbstractNioByteChannel$NioByteUnsafe.read(AbstractNioByteChannel.java:166)
2025-01-29 01:02:19,923 INFO c.h.h.t.HelmChartContainer - [hivemq-test-hivemq-platform] [hivemq-platform-operator] [ff840b22] 	at io.netty.channel.nio.NioEventLoop.processSelectedKey(NioEventLoop.java:788)
2025-01-29 01:02:19,923 INFO c.h.h.t.HelmChartContainer - [hivemq-test-hivemq-platform] [hivemq-platform-operator] [ff840b22] 	at io.netty.channel.nio.NioEventLoop.processSelectedKeysOptimized(NioEventLoop.java:724)
2025-01-29 01:02:19,923 INFO c.h.h.t.HelmChartContainer - [hivemq-test-hivemq-platform] [hivemq-platform-operator] [ff840b22] 	at io.netty.channel.nio.NioEventLoop.processSelectedKeys(NioEventLoop.java:650)
2025-01-29 01:02:19,923 INFO c.h.h.t.HelmChartContainer - [hivemq-test-hivemq-platform] [hivemq-platform-operator] [ff840b22] 	at io.netty.channel.nio.NioEventLoop.run(NioEventLoop.java:562)
2025-01-29 01:02:19,923 INFO c.h.h.t.HelmChartContainer - [hivemq-test-hivemq-platform] [hivemq-platform-operator] [ff840b22] 	at io.netty.util.concurrent.SingleThreadEventExecutor$4.run(SingleThreadEventExecutor.java:997)
2025-01-29 01:02:19,923 INFO c.h.h.t.HelmChartContainer - [hivemq-test-hivemq-platform] [hivemq-platform-operator] [ff840b22] 	at io.netty.util.internal.ThreadExecutorMap$2.run(ThreadExecutorMap.java:74)
2025-01-29 01:02:19,923 INFO c.h.h.t.HelmChartContainer - [hivemq-test-hivemq-platform] [hivemq-platform-operator] [ff840b22] 	at io.netty.util.concurrent.FastThreadLocalRunnable.run(FastThreadLocalRunnable.java:30)
2025-01-29 01:02:19,923 INFO c.h.h.t.HelmChartContainer - [hivemq-test-hivemq-platform] [hivemq-platform-operator] [ff840b22] 	... 1 common frames omitted
2025-01-29 01:02:19,927 INFO c.h.h.t.HelmChartContainer - [hivemq-test-hivemq-platform] [hivemq-platform-operator] [ff840b22] 01:02:19.925 [ReconcilerExecutor-hivemq-controller-123] INFO  c.h.p.o.HiveMQPlatformReconciler - [helmrest] Cleanup test-hivemq-platform - helmrestapiit HiveMQ Platform is shut down
2025-01-29 01:02:19,933 INFO c.h.h.t.HelmChartContainer - [EVENT] Warning [Unhealthy] Readiness probe failed: HTTP probe failed with statuscode: 503 [helmrestapiit:test-hivemq-platform-0]
2025-01-29 01:02:19,933 INFO c.h.h.t.HelmChartContainer - Received Unhealthy event for container hivemq in pod test-hivemq-platform-0 [29cbf9fb-f2ea-4f1c-bbf8-78102b67f838]
2025-01-29 01:02:20,427 INFO c.h.h.t.HelmChartContainer - [K3S] [authentication.go:74] "Unable to authenticate the request" err="[invalid bearer token, serviceaccounts \"hivemq-platform-pod-test-hivemq-platform\" not found]"
2025-01-29 01:02:20,445 INFO c.h.h.t.HelmChartContainer - [K3S] [authentication.go:74] "Unable to authenticate the request" err="[invalid bearer token, serviceaccounts \"hivemq-platform-pod-test-hivemq-platform\" not found]"
2025-01-29 01:02:20,503 INFO c.h.h.t.HelmChartContainer - [test-hivemq-platform] [hivemq] [29cbf9fb] WARN  - [HiveMQ Platform Operator Init App 1.7.0-SNAPSHOT] Could not update Pod annotations: Failure executing: GET at: https://10.43.0.1:443/api/v1/namespaces/helmrestapiit/pods/test-hivemq-platform-0. Message: Unauthorized. Received status: Status(apiVersion=v1, code=401, details=null, kind=Status, message=Unauthorized, metadata=ListMeta(_continue=null, remainingItemCount=null, resourceVersion=null, selfLink=null, additionalProperties={}), reason=Unauthorized, status=Failure, additionalProperties={}).
2025-01-29 01:02:21,578 INFO c.h.h.t.HelmChartContainer - Deleting namespace 'helmrestapiit'...
2025-01-29 01:02:23,203 INFO c.h.h.t.HelmChartContainer - [test-hivemq-platform] [hivemq] [29cbf9fb] INFO  - Shutting down extension system
2025-01-29 01:02:23,205 INFO c.h.h.t.HelmChartContainer - [test-hivemq-platform] [hivemq] [29cbf9fb] INFO  - Stopping extension with id hivemq-dns-cluster-discovery
2025-01-29 01:02:23,206 INFO c.h.h.t.HelmChartContainer - [test-hivemq-platform] [hivemq] [29cbf9fb] INFO  - Extension "DNS Cluster Discovery Extension" version 4.3.2 stopped successfully.
2025-01-29 01:02:23,206 INFO c.h.h.t.HelmChartContainer - [test-hivemq-platform] [hivemq] [29cbf9fb] INFO  - Stopping extension with id hivemq-prometheus-extension
2025-01-29 01:02:23,210 INFO c.h.h.t.HelmChartContainer - [test-hivemq-platform] [hivemq] [29cbf9fb] INFO  - Extension "Prometheus Monitoring Extension" version 4.0.12 stopped successfully.
2025-01-29 01:02:23,210 INFO c.h.h.t.HelmChartContainer - [test-hivemq-platform] [hivemq] [29cbf9fb] INFO  - Stopping extension with id hivemq-enterprise-security-extension
2025-01-29 01:02:23,210 INFO c.h.h.t.HelmChartContainer - [test-hivemq-platform] [hivemq] [29cbf9fb] INFO  - HiveMQ Enterprise Security Extension: Shutting down HiveMQ Enterprise Security Extension.
2025-01-29 01:02:24,921 INFO c.h.h.t.HelmChartContainer - [EVENT] Warning [Unhealthy] Readiness probe failed: HTTP probe failed with statuscode: 503 [helmrestapiit:test-hivemq-platform-0]
2025-01-29 01:02:24,921 INFO c.h.h.t.HelmChartContainer - Received Unhealthy event for container hivemq in pod test-hivemq-platform-0 [29cbf9fb-f2ea-4f1c-bbf8-78102b67f838]
2025-01-29 01:02:25,507 INFO c.h.h.t.HelmChartContainer - [K3S] [authentication.go:74] "Unable to authenticate the request" err="[invalid bearer token, serviceaccounts \"hivemq-platform-pod-test-hivemq-platform\" not found]"
2025-01-29 01:02:25,520 INFO c.h.h.t.HelmChartContainer - [K3S] [authentication.go:74] "Unable to authenticate the request" err="[invalid bearer token, serviceaccounts \"hivemq-platform-pod-test-hivemq-platform\" not found]"
2025-01-29 01:02:25,521 INFO c.h.h.t.HelmChartContainer - [test-hivemq-platform] [hivemq] [29cbf9fb] WARN  - [HiveMQ Platform Operator Init App 1.7.0-SNAPSHOT] Could not update Pod annotations: Failure executing: GET at: https://10.43.0.1:443/api/v1/namespaces/helmrestapiit/pods/test-hivemq-platform-0. Message: Unauthorized. Received status: Status(apiVersion=v1, code=401, details=null, kind=Status, message=Unauthorized, metadata=ListMeta(_continue=null, remainingItemCount=null, resourceVersion=null, selfLink=null, additionalProperties={}), reason=Unauthorized, status=Failure, additionalProperties={}).
2025-01-29 01:02:26,213 INFO c.h.h.t.HelmChartContainer - [test-hivemq-platform] [hivemq] [29cbf9fb] INFO  - HiveMQ Enterprise Security Extension: Stopped HiveMQ Enterprise Security Extension successfully in 3001ms.
2025-01-29 01:02:26,213 INFO c.h.h.t.HelmChartContainer - [test-hivemq-platform] [hivemq] [29cbf9fb] INFO  - Extension "HiveMQ Enterprise Security Extension" version 4.36.0 stopped successfully.
2025-01-29 01:02:26,679 INFO c.h.h.t.HelmChartContainer - [K3S] [stateful_set.go:466] "StatefulSet has been deleted" key="helmrestapiit/test-hivemq-platform"
2025-01-29 01:02:27,499 INFO c.h.h.t.HelmChartContainer - [K3S] [INFO] COMPACT compactRev=0 targetCompactRev=2 currentRev=1323
2025-01-29 01:02:27,499 INFO c.h.h.t.HelmChartContainer - [K3S] [INFO] COMPACT deleted 0 rows from 2 revisions in 416.777µs - compacted to 2/1323
2025-01-29 01:02:27,499 INFO c.h.h.t.HelmChartContainer - [K3S] [INFO] COMPACT compacted from 0 to 2 in 1 transactions over 1ms
2025-01-29 01:02:29,020 INFO c.h.h.t.HelmChartContainer - [test-hivemq-platform] [hivemq] [29cbf9fb] INFO  - Shutdown completed.
2025-01-29 01:02:29,380 INFO c.h.h.t.HelmChartContainer - [test-hivemq-platform] [hivemq] [29cbf9fb] INFO  - [HiveMQ Platform Operator Init App 1.7.0-SNAPSHOT] The HiveMQ Platform exited with code 143
2025-01-29 01:02:29,380 INFO c.h.h.t.HelmChartContainer - [test-hivemq-platform] [hivemq] [29cbf9fb] INFO  - [HiveMQ Platform Operator Init App 1.7.0-SNAPSHOT] Stopping the REST API
2025-01-29 01:02:29,399 INFO c.h.h.t.HelmChartContainer - [test-hivemq-platform] [hivemq] [29cbf9fb] INFO  - [HiveMQ Platform Operator Init App 1.7.0-SNAPSHOT] Shutdown complete
2025-01-29 01:02:29,834 INFO c.h.h.t.HelmChartContainer - [POD] test-hivemq-platform-0 [29cbf9fb-f2ea-4f1c-bbf8-78102b67f838] in helmrestapiit was MODIFIED
2025-01-29 01:02:29,881 INFO c.h.h.t.HelmChartContainer - [K3S] [reconciler_common.go:162] "operationExecutor.UnmountVolume started for volume \"operator-init\" (UniqueName: \"kubernetes.io/empty-dir/29cbf9fb-f2ea-4f1c-bbf8-78102b67f838-operator-init\") pod \"29cbf9fb-f2ea-4f1c-bbf8-78102b67f838\" (UID: \"29cbf9fb-f2ea-4f1c-bbf8-78102b67f838\") "
2025-01-29 01:02:29,881 INFO c.h.h.t.HelmChartContainer - [K3S] [reconciler_common.go:162] "operationExecutor.UnmountVolume started for volume \"broker-configuration\" (UniqueName: \"kubernetes.io/configmap/29cbf9fb-f2ea-4f1c-bbf8-78102b67f838-broker-configuration\") pod \"29cbf9fb-f2ea-4f1c-bbf8-78102b67f838\" (UID: \"29cbf9fb-f2ea-4f1c-bbf8-78102b67f838\") "
2025-01-29 01:02:29,881 INFO c.h.h.t.HelmChartContainer - [K3S] [reconciler_common.go:162] "operationExecutor.UnmountVolume started for volume \"pod-info\" (UniqueName: \"kubernetes.io/configmap/29cbf9fb-f2ea-4f1c-bbf8-78102b67f838-pod-info\") pod \"29cbf9fb-f2ea-4f1c-bbf8-78102b67f838\" (UID: \"29cbf9fb-f2ea-4f1c-bbf8-78102b67f838\") "
2025-01-29 01:02:29,882 INFO c.h.h.t.HelmChartContainer - [K3S] [reconciler_common.go:162] "operationExecutor.UnmountVolume started for volume \"extension-configuration-hivemq-enterprise-security-extension\" (UniqueName: \"kubernetes.io/configmap/29cbf9fb-f2ea-4f1c-bbf8-78102b67f838-extension-configuration-hivemq-enterprise-security-extension\") pod \"29cbf9fb-f2ea-4f1c-bbf8-78102b67f838\" (UID: \"29cbf9fb-f2ea-4f1c-bbf8-78102b67f838\") "
2025-01-29 01:02:29,882 INFO c.h.h.t.HelmChartContainer - [K3S] [reconciler_common.go:162] "operationExecutor.UnmountVolume started for volume \"ese-file-realm\" (UniqueName: \"kubernetes.io/configmap/29cbf9fb-f2ea-4f1c-bbf8-78102b67f838-ese-file-realm\") pod \"29cbf9fb-f2ea-4f1c-bbf8-78102b67f838\" (UID: \"29cbf9fb-f2ea-4f1c-bbf8-78102b67f838\") "
2025-01-29 01:02:29,882 INFO c.h.h.t.HelmChartContainer - [K3S] [reconciler_common.go:162] "operationExecutor.UnmountVolume started for volume \"kube-api-access-4fbqg\" (UniqueName: \"kubernetes.io/projected/29cbf9fb-f2ea-4f1c-bbf8-78102b67f838-kube-api-access-4fbqg\") pod \"29cbf9fb-f2ea-4f1c-bbf8-78102b67f838\" (UID: \"29cbf9fb-f2ea-4f1c-bbf8-78102b67f838\") "
2025-01-29 01:02:29,982 INFO c.h.h.t.HelmChartContainer - [K3S] [reconciler_common.go:299] "Volume detached for volume \"ese-file-realm\" (UniqueName: \"kubernetes.io/configmap/29cbf9fb-f2ea-4f1c-bbf8-78102b67f838-ese-file-realm\") on node \"84044ab653e1\" DevicePath \"\""
2025-01-29 01:02:29,982 INFO c.h.h.t.HelmChartContainer - [K3S] [reconciler_common.go:299] "Volume detached for volume \"kube-api-access-4fbqg\" (UniqueName: \"kubernetes.io/projected/29cbf9fb-f2ea-4f1c-bbf8-78102b67f838-kube-api-access-4fbqg\") on node \"84044ab653e1\" DevicePath \"\""
2025-01-29 01:02:29,982 INFO c.h.h.t.HelmChartContainer - [K3S] [reconciler_common.go:299] "Volume detached for volume \"operator-init\" (UniqueName: \"kubernetes.io/empty-dir/29cbf9fb-f2ea-4f1c-bbf8-78102b67f838-operator-init\") on node \"84044ab653e1\" DevicePath \"\""
2025-01-29 01:02:29,982 INFO c.h.h.t.HelmChartContainer - [K3S] [reconciler_common.go:299] "Volume detached for volume \"broker-configuration\" (UniqueName: \"kubernetes.io/configmap/29cbf9fb-f2ea-4f1c-bbf8-78102b67f838-broker-configuration\") on node \"84044ab653e1\" DevicePath \"\""
2025-01-29 01:02:29,982 INFO c.h.h.t.HelmChartContainer - [K3S] [reconciler_common.go:299] "Volume detached for volume \"pod-info\" (UniqueName: \"kubernetes.io/configmap/29cbf9fb-f2ea-4f1c-bbf8-78102b67f838-pod-info\") on node \"84044ab653e1\" DevicePath \"\""
2025-01-29 01:02:29,982 INFO c.h.h.t.HelmChartContainer - [K3S] [reconciler_common.go:299] "Volume detached for volume \"extension-configuration-hivemq-enterprise-security-extension\" (UniqueName: \"kubernetes.io/configmap/29cbf9fb-f2ea-4f1c-bbf8-78102b67f838-extension-configuration-hivemq-enterprise-security-extension\") on node \"84044ab653e1\" DevicePath \"\""
2025-01-29 01:02:30,481 INFO c.h.h.t.HelmChartContainer - [K3S] [scope.go:117] "RemoveContainer" containerID="e14005b528ac72b72f8891de2aec110d7c9319b0d16723b578ae656f9f341d6f"
2025-01-29 01:02:30,494 INFO c.h.h.t.HelmChartContainer - [POD] test-hivemq-platform-0 [29cbf9fb-f2ea-4f1c-bbf8-78102b67f838] in helmrestapiit was MODIFIED
2025-01-29 01:02:30,501 INFO c.h.h.t.HelmChartContainer - [POD] test-hivemq-platform-0 [29cbf9fb-f2ea-4f1c-bbf8-78102b67f838] in helmrestapiit was DELETED
2025-01-29 01:02:30,589 INFO c.h.h.t.HelmChartContainer - [K3S] [scope.go:117] "RemoveContainer" containerID="226ae95fc8cf5d09dcec816fc7b649d273ead58ce43ae02d4c8b50ff5864f86e"
2025-01-29 01:02:30,591 INFO c.h.h.t.HelmChartContainer - [K3S] [scope.go:117] "RemoveContainer" containerID="e14005b528ac72b72f8891de2aec110d7c9319b0d16723b578ae656f9f341d6f"
2025-01-29 01:02:30,592 INFO c.h.h.t.HelmChartContainer - [K3S] [scope.go:117] "RemoveContainer" containerID="226ae95fc8cf5d09dcec816fc7b649d273ead58ce43ae02d4c8b50ff5864f86e"
2025-01-29 01:02:31,006 INFO c.h.h.t.HelmChartContainer - [K3S] [kubelet_volumes.go:163] "Cleaned up orphaned pod volumes dir" podUID="29cbf9fb-f2ea-4f1c-bbf8-78102b67f838" path="/var/lib/kubelet/pods/29cbf9fb-f2ea-4f1c-bbf8-78102b67f838/volumes"
2025-01-29 01:02:31,011 INFO c.h.h.t.HelmChartContainer - [K3S] [info.go:53] Couldn't collect info from any of the files in "/etc/machine-id,/var/lib/dbus/machine-id"
2025-01-29 01:02:31,913 INFO c.h.h.t.HelmChartContainer - Namespace 'helmrestapiit' deleted
2025-01-29 01:02:31,913 INFO c.h.h.t.HelmChartContainer - Release 'test-hivemq-platform' in namespace 'helmrestapiit' is uninstalled
2025-01-29 01:02:31,913 INFO c.h.h.t.HelmChartContainer - Uninstalling release 'test-hivemq-platform-operator' in namespace 'helmrestapiit-operator'...
2025-01-29 01:02:31,913 DEBUG c.h.h.t.HelmChartContainer - Executing helm command: /bin/helm --kubeconfig /etc/rancher/k3s/k3s.yaml uninstall test-hivemq-platform-operator  --wait --timeout 5m0s --cascade foreground --namespace helmrestapiit-operator
2025-01-29 01:02:32,067 INFO c.h.h.t.HelmChartContainer - [K3S] [replica_set.go:679] "Finished syncing" kind="ReplicaSet" key="helmrestapiit-operator/hivemq-test-hivemq-platform-operator-6966f96d65" duration="9.234754ms"
2025-01-29 01:02:32,067 INFO c.h.h.t.HelmChartContainer - [K3S] [replica_set.go:679] "Finished syncing" kind="ReplicaSet" key="helmrestapiit-operator/hivemq-test-hivemq-platform-operator-6966f96d65" duration="36.278µs"
2025-01-29 01:02:32,077 INFO c.h.h.t.HelmChartContainer - [POD] hivemq-test-hivemq-platform-operator-6966f96d65-qt4jt [ff840b22-83fc-48d6-b7d5-9d224d847f81] in helmrestapiit-operator was MODIFIED
2025-01-29 01:02:32,092 INFO c.h.h.t.HelmChartContainer - [hivemq-test-hivemq-platform] [hivemq-platform-operator] [ff840b22] 01:02:32.090 [application-shutdown-thread] INFO  c.h.p.o.HiveMQPlatformOperatorApplication - HiveMQ Platform Operator is stopping...
2025-01-29 01:02:32,092 INFO c.h.h.t.HelmChartContainer - [hivemq-test-hivemq-platform] [hivemq-platform-operator] [ff840b22] 01:02:32.091 [application-shutdown-thread] INFO  i.javaoperatorsdk.operator.Operator - Operator SDK 4.9.7 is shutting down...
2025-01-29 01:02:32,094 INFO c.h.h.t.HelmChartContainer - [K3S] [replica_set.go:679] "Finished syncing" kind="ReplicaSet" key="helmrestapiit-operator/hivemq-test-hivemq-platform-operator-6966f96d65" duration="16.695843ms"
2025-01-29 01:02:32,096 INFO c.h.h.t.HelmChartContainer - [EVENT] Normal [Killing] Stopping container hivemq-platform-operator [helmrestapiit-operator:hivemq-test-hivemq-platform-operator-6966f96d65-qt4jt]
2025-01-29 01:02:32,096 INFO c.h.h.t.HelmChartContainer - Received Killing event for container hivemq-platform-operator in pod hivemq-test-hivemq-platform-operator-6966f96d65-qt4jt [ff840b22-83fc-48d6-b7d5-9d224d847f81]
2025-01-29 01:02:32,096 INFO c.h.h.t.HelmChartContainer - Container [hivemq-test-hivemq-platform-operator-6966f96d65-qt4jt] [hivemq-platform-operator] [ff840b22-83fc-48d6-b7d5-9d224d847f81] was terminated
2025-01-29 01:02:32,096 INFO c.h.h.t.HelmChartContainer - Stopped log watcher for hivemq-platform-operator in pod hivemq-test-hivemq-platform-operator-6966f96d65-qt4jt [ff840b22-83fc-48d6-b7d5-9d224d847f81]
2025-01-29 01:02:32,100 INFO c.h.h.t.HelmChartContainer - [K3S] [replica_set.go:679] "Finished syncing" kind="ReplicaSet" key="helmrestapiit-operator/hivemq-test-hivemq-platform-operator-6966f96d65" duration="44.994µs"
2025-01-29 01:02:32,701 INFO c.h.h.t.HelmChartContainer - [K3S] [replica_set.go:679] "Finished syncing" kind="ReplicaSet" key="helmrestapiit-operator/hivemq-test-hivemq-platform-operator-6966f96d65" duration="39.634µs"
2025-01-29 01:02:32,702 INFO c.h.h.t.HelmChartContainer - [POD] hivemq-test-hivemq-platform-operator-6966f96d65-qt4jt [ff840b22-83fc-48d6-b7d5-9d224d847f81] in helmrestapiit-operator was MODIFIED
2025-01-29 01:02:32,796 INFO c.h.h.t.HelmChartContainer - [K3S] [reconciler_common.go:162] "operationExecutor.UnmountVolume started for volume \"kube-api-access-8hbr7\" (UniqueName: \"kubernetes.io/projected/ff840b22-83fc-48d6-b7d5-9d224d847f81-kube-api-access-8hbr7\") pod \"ff840b22-83fc-48d6-b7d5-9d224d847f81\" (UID: \"ff840b22-83fc-48d6-b7d5-9d224d847f81\") "
2025-01-29 01:02:32,896 INFO c.h.h.t.HelmChartContainer - [K3S] [reconciler_common.go:299] "Volume detached for volume \"kube-api-access-8hbr7\" (UniqueName: \"kubernetes.io/projected/ff840b22-83fc-48d6-b7d5-9d224d847f81-kube-api-access-8hbr7\") on node \"84044ab653e1\" DevicePath \"\""
2025-01-29 01:02:33,486 INFO c.h.h.t.HelmChartContainer - [K3S] [scope.go:117] "RemoveContainer" containerID="8a5ba1d989904e8940680ab48d4ca405dae89779f05f04d4aaae861fa11b00fd"
2025-01-29 01:02:33,488 INFO c.h.h.t.HelmChartContainer - [K3S] [scope.go:117] "RemoveContainer" containerID="8a5ba1d989904e8940680ab48d4ca405dae89779f05f04d4aaae861fa11b00fd"
2025-01-29 01:02:33,494 INFO c.h.h.t.HelmChartContainer - [K3S] [replica_set.go:679] "Finished syncing" kind="ReplicaSet" key="helmrestapiit-operator/hivemq-test-hivemq-platform-operator-6966f96d65" duration="45.385µs"
2025-01-29 01:02:33,495 INFO c.h.h.t.HelmChartContainer - [POD] hivemq-test-hivemq-platform-operator-6966f96d65-qt4jt [ff840b22-83fc-48d6-b7d5-9d224d847f81] in helmrestapiit-operator was MODIFIED
2025-01-29 01:02:33,496 INFO c.h.h.t.HelmChartContainer - [K3S] [replica_set.go:679] "Finished syncing" kind="ReplicaSet" key="helmrestapiit-operator/hivemq-test-hivemq-platform-operator-6966f96d65" duration="32.621µs"
2025-01-29 01:02:33,497 INFO c.h.h.t.HelmChartContainer - [POD] hivemq-test-hivemq-platform-operator-6966f96d65-qt4jt [ff840b22-83fc-48d6-b7d5-9d224d847f81] in helmrestapiit-operator was DELETED
2025-01-29 01:02:33,508 INFO c.h.h.t.HelmChartContainer - [K3S] [replica_set.go:679] "Finished syncing" kind="ReplicaSet" key="helmrestapiit-operator/hivemq-test-hivemq-platform-operator-6966f96d65" duration="4.368µs"
2025-01-29 01:02:34,111 INFO c.h.h.t.HelmChartContainer - Deleting namespace 'helmrestapiit-operator'...
2025-01-29 01:02:35,006 INFO c.h.h.t.HelmChartContainer - [K3S] [kubelet_volumes.go:163] "Cleaned up orphaned pod volumes dir" podUID="ff840b22-83fc-48d6-b7d5-9d224d847f81" path="/var/lib/kubelet/pods/ff840b22-83fc-48d6-b7d5-9d224d847f81/volumes"
2025-01-29 01:02:36,832 INFO c.h.h.t.HelmChartContainer - [K3S] [namespace_controller.go:187] "Namespace has been deleted" namespace="helmrestapiit"
2025-01-29 01:02:39,326 INFO c.h.h.t.HelmChartContainer - Namespace 'helmrestapiit-operator' deleted
2025-01-29 01:02:39,326 INFO c.h.h.t.HelmChartContainer - Release 'test-hivemq-platform-operator' in namespace 'helmrestapiit-operator' is uninstalled
2025-01-29 01:02:39,952 INFO c.h.helmcharts.AbstractHelmChartIT - Removed unused containers:

2025-01-29 01:02:44,232 INFO c.h.h.t.HelmChartContainer - [K3S] [namespace_controller.go:187] "Namespace has been deleted" namespace="helmrestapiit-operator"
2025-01-29 01:02:47,388 INFO c.h.helmcharts.AbstractHelmChartIT - Removed unused snapshots:
Removing snapshot sha256:03af251906410714c5aef9fa705b63f6bbc39c4a5e787de7361eeb18886c2ed2
Removing snapshot sha256:0c46b3b43cce082ce5ec34ffc6c294e0417d17b9d1e6f366d114b6aadc4f96dc
Removing snapshot sha256:0ce761beee59082d6ed5bcebd3a805b8ddd9b3426b617e4809e7fb7c6587ffec
Removing snapshot sha256:0df91287303208332c8ff6ba40ae4710105201739addbfbddfb955f1ad593664
Removing snapshot sha256:1021ef88c7974bfff89c5a0ec4fd3160daac6c48a075f74cff721f85dd104e68
Removing snapshot sha256:10aba4953ddc18145dd38e3704709bc464aa20af60b56fe52caaff4b68411e62
Removing snapshot sha256:1ef074229acf8c310ebd1081eecc36ae268707a7e41278b34ca7a4237d6ec8d9
Removing snapshot sha256:2573e0d8158209ed54ab25c87bcdcb00bd3d2539246960a3d592a1c599d70465
Removing snapshot sha256:362a8a37f8bbc31925a8146adcf7cf51f9882f5c1dcbef67c5baa03a297543c0
Removing snapshot sha256:43a7c979bbaba6838bc3102d6b10a1459f3ab050b87ccdfef84ef90cf43d3058
Removing snapshot sha256:4ab04491cdf0d3267f08206fe30bd48f49f94b9cab2f016d6739220f722a64af
Removing snapshot sha256:4b6068250e89c96f263060261819c7d912855bfbd64b3eb4c4a8483299b8c295
Removing snapshot sha256:580e69a0a8034ede1921139bbd2bfb72a69ebf276d008281896c32dd8bf74775
Removing snapshot sha256:5d30ba46b27fe37484567ccc5242cadc78217b8da605f3f195ef25cbf7487904
Removing snapshot sha256:63ca1fbb43ae5034640e5e6cb3e083e05c290072c5366fcaa9d62435a4cced85
Removing snapshot sha256:67f702c6baae873bceb19487c8b1f27bd2b86077e4f2f0e480e6d60ab508b8f5
Removing snapshot sha256:6864348dd42806d552efdec384f1274be15e2d0c10ce44c1f04347af004c10a9
Removing snapshot sha256:6c7dee8f2c39b84b7dc2711c01d33de93514d9055499173e9290176fbe484b6c
Removing snapshot sha256:82753493a6d61ded36556292f02f31841a14c20d2f279f19eaad65afb661d5cd
Removing snapshot sha256:8a10d3db42c505ee0fcfa98417bdd7e39b304f6bcc0a06bb1b220797ff2cc63c
Removing snapshot sha256:a0904247e36a7726c03c71ee48f3e64462021c88dafeb13f37fdaf613b27f11c
Removing snapshot sha256:a21e5b12dbac529ad45d976eb9ce45c881f3bedcc500fb30aba1e52aa1813418
Removing snapshot sha256:b921e6c28969094157f9b8e7244677780319637afd14450b7cb6b2fdea558a0c
Removing snapshot sha256:bc27ecb5769a00e309cf99ebc763c4a4b958b618d1decc96ffac5bc05f02f5b7
Removing snapshot sha256:be3ccb6627a5332e309d45ef461d09b4879dd870c7394d89323d0ebc6ca6aa8a
Removing snapshot sha256:c261f7cbbc64211ee175ee47273acdb7b1a36a4450b397a064a8f2c026490095
Removing snapshot sha256:c34d9393647eea0c9e3557ab988efaf59f61d10a2a5613b439ef0958cca5ec10
Removing snapshot sha256:ccf3c4a0fa967a41c1c83497a2ce6fa5787965859df0adb32c4ca2cf7490bc2b
Removing snapshot sha256:cf92d33f869417309692088c341cd0f223c178ea78a125f757317b22aa8f90e9
Removing snapshot sha256:d0037344cf2fb078884f1849f6a1f8cf9a33a3b6139b6a85833e5ee528e1f9a8
Removing snapshot sha256:d3b36d5b79273b1e98e7700470eaeff05a882e777124d84cebcc1505b85ecb36
Removing snapshot sha256:d65a44a37914602d12c611e5e22a50f11451d847e63015cc1c2aef92dee777a4
Removing snapshot sha256:e2dc0bae2455930f23ae570e019b7f32edc75c0f2d71cab084db837ff9051796
Removing snapshot sha256:e7bf9ad2b636e158c7e312a883499ea522777081618c5a8ae24e3b7274db2314
Removing snapshot sha256:eccbd24a99c60cd9e86ee5305dbfc4a4dc89f5ab4fb1f06c8d64797cecedef34
Removing snapshot sha256:f144bb4c7c7f0d2aa7eeffd36d934ec40db1ee167be727e326aad9fdc616f475

]]></system-out>
  </testcase>
  <testcase name="platformChart_withCustomServiceName_thenCallsEndpoint()" classname="com.hivemq.helmcharts.services.HelmRestApiIT" time="98.928">
    <system-out><![CDATA[2025-01-29 01:02:47,390 INFO c.h.h.t.HelmChartContainer - Creating namespace 'helmrestapiit-operator'...
2025-01-29 01:02:47,395 INFO c.h.h.t.HelmChartContainer - Namespace 'helmrestapiit-operator' created
2025-01-29 01:02:47,395 INFO c.h.h.t.HelmChartContainer - Creating namespace 'helmrestapiit'...
2025-01-29 01:02:47,402 INFO c.h.h.t.HelmChartContainer - Namespace 'helmrestapiit' created
2025-01-29 01:02:47,469 DEBUG c.h.h.t.HelmChartContainer - Executing helm command: /bin/helm --kubeconfig /etc/rancher/k3s/k3s.yaml install test-hivemq-platform-operator /charts/hivemq-platform-operator --wait --timeout 5m0s --set image.repository=docker.io/hivemq --set image.name=hivemq-platform-operator-test --set image.initImageName=hivemq-platform-operator-init-test --set image.tag=snapshot --set image.pullPolicy=Never --set logLevel=DEBUG --set resources.cpu=512m --namespace helmrestapiit-operator
2025-01-29 01:02:47,771 INFO c.h.h.t.HelmChartContainer - [K3S] [alloc.go:330] "allocated clusterIPs" service="helmrestapiit-operator/hivemq-platform-operator-test-hivemq-platform-operator" clusterIPs={"IPv4":"10.43.6.68"}
2025-01-29 01:02:47,796 INFO c.h.h.t.HelmChartContainer - [EVENT] Normal [ScalingReplicaSet] Scaled up replica set hivemq-test-hivemq-platform-operator-6966f96d65 from 0 to 1 [helmrestapiit-operator:hivemq-test-hivemq-platform-operator]
2025-01-29 01:02:47,804 INFO c.h.h.t.HelmChartContainer - [POD] hivemq-test-hivemq-platform-operator-6966f96d65-q7gjg [19ec27c4-9f4e-4ae8-805a-5bafb89599e9] in helmrestapiit-operator was ADDED
2025-01-29 01:02:47,807 INFO c.h.h.t.HelmChartContainer - [EVENT] Normal [SuccessfulCreate] Created pod: hivemq-test-hivemq-platform-operator-6966f96d65-q7gjg [helmrestapiit-operator:hivemq-test-hivemq-platform-operator-6966f96d65]
2025-01-29 01:02:47,810 INFO c.h.h.t.HelmChartContainer - [K3S] [replica_set.go:679] "Finished syncing" kind="ReplicaSet" key="helmrestapiit-operator/hivemq-test-hivemq-platform-operator-6966f96d65" duration="20.286759ms"
2025-01-29 01:02:47,819 INFO c.h.h.t.HelmChartContainer - [K3S] [memory_manager.go:355] "RemoveStaleState removing state" podUID="29cbf9fb-f2ea-4f1c-bbf8-78102b67f838" containerName="hivemq"
2025-01-29 01:02:47,819 INFO c.h.h.t.HelmChartContainer - [K3S] [memory_manager.go:355] "RemoveStaleState removing state" podUID="ff840b22-83fc-48d6-b7d5-9d224d847f81" containerName="hivemq-platform-operator"
2025-01-29 01:02:47,820 INFO c.h.h.t.HelmChartContainer - [POD] hivemq-test-hivemq-platform-operator-6966f96d65-q7gjg [19ec27c4-9f4e-4ae8-805a-5bafb89599e9] in helmrestapiit-operator was MODIFIED
2025-01-29 01:02:47,831 INFO c.h.h.t.HelmChartContainer - [EVENT] Normal [Scheduled] Successfully assigned helmrestapiit-operator/hivemq-test-hivemq-platform-operator-6966f96d65-q7gjg to 84044ab653e1 [helmrestapiit-operator:hivemq-test-hivemq-platform-operator-6966f96d65-q7gjg]
2025-01-29 01:02:47,833 INFO c.h.h.t.HelmChartContainer - [POD] hivemq-test-hivemq-platform-operator-6966f96d65-q7gjg [19ec27c4-9f4e-4ae8-805a-5bafb89599e9] in helmrestapiit-operator was MODIFIED
2025-01-29 01:02:47,838 INFO c.h.h.t.HelmChartContainer - [K3S] [replica_set.go:679] "Finished syncing" kind="ReplicaSet" key="helmrestapiit-operator/hivemq-test-hivemq-platform-operator-6966f96d65" duration="28.511449ms"
2025-01-29 01:02:47,838 INFO c.h.h.t.HelmChartContainer - [K3S] [replica_set.go:679] "Finished syncing" kind="ReplicaSet" key="helmrestapiit-operator/hivemq-test-hivemq-platform-operator-6966f96d65" duration="28.794µs"
2025-01-29 01:02:47,886 INFO c.h.h.t.HelmChartContainer - [K3S] [reconciler_common.go:251] "operationExecutor.VerifyControllerAttachedVolume started for volume \"kube-api-access-g7xbq\" (UniqueName: \"kubernetes.io/projected/19ec27c4-9f4e-4ae8-805a-5bafb89599e9-kube-api-access-g7xbq\") pod \"hivemq-test-hivemq-platform-operator-6966f96d65-q7gjg\" (UID: \"19ec27c4-9f4e-4ae8-805a-5bafb89599e9\") " pod="helmrestapiit-operator/hivemq-test-hivemq-platform-operator-6966f96d65-q7gjg"
2025-01-29 01:02:48,205 INFO c.h.h.t.HelmChartContainer - [EVENT] Normal [Pulled] Container image "docker.io/hivemq/hivemq-platform-operator-test:snapshot" already present on machine [helmrestapiit-operator:hivemq-test-hivemq-platform-operator-6966f96d65-q7gjg]
2025-01-29 01:02:48,205 INFO c.h.h.t.HelmChartContainer - Received Pulled event for container hivemq-platform-operator in pod hivemq-test-hivemq-platform-operator-6966f96d65-q7gjg [19ec27c4-9f4e-4ae8-805a-5bafb89599e9]
2025-01-29 01:02:49,441 INFO c.h.h.t.HelmChartContainer - [EVENT] Normal [Created] Created container: hivemq-platform-operator [helmrestapiit-operator:hivemq-test-hivemq-platform-operator-6966f96d65-q7gjg]
2025-01-29 01:02:49,441 INFO c.h.h.t.HelmChartContainer - Received Created event for container hivemq-platform-operator in pod hivemq-test-hivemq-platform-operator-6966f96d65-q7gjg [19ec27c4-9f4e-4ae8-805a-5bafb89599e9]
2025-01-29 01:02:49,522 INFO c.h.h.t.HelmChartContainer - [K3S] [replica_set.go:679] "Finished syncing" kind="ReplicaSet" key="helmrestapiit-operator/hivemq-test-hivemq-platform-operator-6966f96d65" duration="74.229µs"
2025-01-29 01:02:49,524 INFO c.h.h.t.HelmChartContainer - [POD] hivemq-test-hivemq-platform-operator-6966f96d65-q7gjg [19ec27c4-9f4e-4ae8-805a-5bafb89599e9] in helmrestapiit-operator was MODIFIED
2025-01-29 01:02:49,534 INFO c.h.h.t.HelmChartContainer - Started log watcher for hivemq-platform-operator in pod hivemq-test-hivemq-platform-operator-6966f96d65-q7gjg [19ec27c4-9f4e-4ae8-805a-5bafb89599e9]
2025-01-29 01:02:49,534 INFO c.h.h.t.HelmChartContainer - [EVENT] Normal [Started] Started container hivemq-platform-operator [helmrestapiit-operator:hivemq-test-hivemq-platform-operator-6966f96d65-q7gjg]
2025-01-29 01:02:49,535 INFO c.h.h.t.HelmChartContainer - Received Started event for container hivemq-platform-operator in pod hivemq-test-hivemq-platform-operator-6966f96d65-q7gjg [19ec27c4-9f4e-4ae8-805a-5bafb89599e9]
2025-01-29 01:02:49,535 INFO c.h.h.t.HelmChartContainer - [hivemq-test-hivemq-platform] [hivemq-platform-operator] [19ec27c4] -------------------------------------------------------------------------
2025-01-29 01:02:49,535 INFO c.h.h.t.HelmChartContainer - [hivemq-test-hivemq-platform] [hivemq-platform-operator] [19ec27c4] 
2025-01-29 01:02:49,535 INFO c.h.h.t.HelmChartContainer - [hivemq-test-hivemq-platform] [hivemq-platform-operator] [19ec27c4]                   _    _  _              __  __   ____
2025-01-29 01:02:49,535 INFO c.h.h.t.HelmChartContainer - [hivemq-test-hivemq-platform] [hivemq-platform-operator] [19ec27c4]                  | |  | |(_)            |  \/  | / __ \
2025-01-29 01:02:49,535 INFO c.h.h.t.HelmChartContainer - [hivemq-test-hivemq-platform] [hivemq-platform-operator] [19ec27c4]                  | |__| | _ __   __ ___ | \  / || |  | |
2025-01-29 01:02:49,535 INFO c.h.h.t.HelmChartContainer - [hivemq-test-hivemq-platform] [hivemq-platform-operator] [19ec27c4]                  |  __  || |\ \ / // _ \| |\/| || |  | |
2025-01-29 01:02:49,535 INFO c.h.h.t.HelmChartContainer - [hivemq-test-hivemq-platform] [hivemq-platform-operator] [19ec27c4]                  | |  | || | \ V /|  __/| |  | || |__| |
2025-01-29 01:02:49,535 INFO c.h.h.t.HelmChartContainer - [hivemq-test-hivemq-platform] [hivemq-platform-operator] [19ec27c4]                  |_|  |_||_|  \_/  \___||_|  |_| \___\_\
2025-01-29 01:02:49,535 INFO c.h.h.t.HelmChartContainer - [hivemq-test-hivemq-platform] [hivemq-platform-operator] [19ec27c4] 
2025-01-29 01:02:49,535 INFO c.h.h.t.HelmChartContainer - [hivemq-test-hivemq-platform] [hivemq-platform-operator] [19ec27c4] -------------------------------------------------------------------------
2025-01-29 01:02:49,535 INFO c.h.h.t.HelmChartContainer - [hivemq-test-hivemq-platform] [hivemq-platform-operator] [19ec27c4] 
2025-01-29 01:02:49,535 INFO c.h.h.t.HelmChartContainer - [hivemq-test-hivemq-platform] [hivemq-platform-operator] [19ec27c4]   HiveMQ Platform Operator Start Script v1.0
2025-01-29 01:02:49,535 INFO c.h.h.t.HelmChartContainer - [hivemq-test-hivemq-platform] [hivemq-platform-operator] [19ec27c4] 
2025-01-29 01:02:49,535 INFO c.h.h.t.HelmChartContainer - [hivemq-test-hivemq-platform] [hivemq-platform-operator] [19ec27c4] -------------------------------------------------------------------------
2025-01-29 01:02:49,535 INFO c.h.h.t.HelmChartContainer - [hivemq-test-hivemq-platform] [hivemq-platform-operator] [19ec27c4] 
2025-01-29 01:02:49,535 INFO c.h.h.t.HelmChartContainer - [hivemq-test-hivemq-platform] [hivemq-platform-operator] [19ec27c4]   JAVA_OPTS: -XX:+UnlockExperimentalVMOptions -XX:InitialRAMPercentage=75 -XX:MaxRAMPercentage=75 -Duser.language=en -Duser.region=US
2025-01-29 01:02:49,535 INFO c.h.h.t.HelmChartContainer - [hivemq-test-hivemq-platform] [hivemq-platform-operator] [19ec27c4] 
2025-01-29 01:02:49,535 INFO c.h.h.t.HelmChartContainer - [hivemq-test-hivemq-platform] [hivemq-platform-operator] [19ec27c4]   JAVA_VERSION: 21
2025-01-29 01:02:49,535 INFO c.h.h.t.HelmChartContainer - [hivemq-test-hivemq-platform] [hivemq-platform-operator] [19ec27c4] 
2025-01-29 01:02:49,535 INFO c.h.h.t.HelmChartContainer - [hivemq-test-hivemq-platform] [hivemq-platform-operator] [19ec27c4] -------------------------------------------------------------------------
2025-01-29 01:02:49,535 INFO c.h.h.t.HelmChartContainer - [hivemq-test-hivemq-platform] [hivemq-platform-operator] [19ec27c4] 
2025-01-29 01:02:52,551 INFO c.h.h.t.HelmChartContainer - [hivemq-test-hivemq-platform] [hivemq-platform-operator] [19ec27c4] 01:02:52.549 [main] DEBUG org.jboss.logging - Logging Provider: org.jboss.logging.Slf4jLoggerProvider
2025-01-29 01:02:52,655 INFO c.h.h.t.HelmChartContainer - [hivemq-test-hivemq-platform] [hivemq-platform-operator] [19ec27c4] 01:02:52.653 [main] DEBUG io.smallrye.config - SRCFG01006: Loaded ConfigSource SysPropConfigSource with ordinal 400
2025-01-29 01:02:52,655 INFO c.h.h.t.HelmChartContainer - [hivemq-test-hivemq-platform] [hivemq-platform-operator] [19ec27c4] 01:02:52.653 [main] DEBUG io.smallrye.config - SRCFG01006: Loaded ConfigSource EnvConfigSource with ordinal 300
2025-01-29 01:02:52,655 INFO c.h.h.t.HelmChartContainer - [hivemq-test-hivemq-platform] [hivemq-platform-operator] [19ec27c4] 01:02:52.653 [main] DEBUG io.smallrye.config - SRCFG01006: Loaded ConfigSource PropertiesConfigSource[source=jar:file:///opt/hivemq-platform-operator/bin/hivemq-platform-operator.jar!/hivemq-platform-operator.properties] with ordinal 100
2025-01-29 01:02:52,656 INFO c.h.h.t.HelmChartContainer - [hivemq-test-hivemq-platform] [hivemq-platform-operator] [19ec27c4] 01:02:52.653 [main] DEBUG io.smallrye.config - SRCFG01006: Loaded ConfigSource DefaultValuesConfigSource with ordinal -2147483648
2025-01-29 01:02:52,762 INFO c.h.h.t.HelmChartContainer - [hivemq-test-hivemq-platform] [hivemq-platform-operator] [19ec27c4] 01:02:52.761 [main] DEBUG i.m.c.u.i.l.InternalLoggerFactory - Using SLF4J as the default logging framework
2025-01-29 01:02:52,872 INFO c.h.h.t.HelmChartContainer - [hivemq-test-hivemq-platform] [hivemq-platform-operator] [19ec27c4] 01:02:52.863 [main] INFO  c.h.p.o.HiveMQPlatformOperatorApplication - HiveMQ Platform Operator 1.7.0-SNAPSHOT (commit: bebf408 on branch: HEAD) built on Sun Jan 26 20:47:47 UTC 2025
2025-01-29 01:02:52,872 INFO c.h.h.t.HelmChartContainer - [hivemq-test-hivemq-platform] [hivemq-platform-operator] [19ec27c4] 01:02:52.871 [main] INFO  c.h.p.o.HiveMQPlatformOperatorApplication - HiveMQ Platform Operator is running in namespace: helmrestapiit-operator
2025-01-29 01:02:52,872 INFO c.h.h.t.HelmChartContainer - [hivemq-test-hivemq-platform] [hivemq-platform-operator] [19ec27c4] 01:02:52.871 [main] INFO  c.h.p.o.HiveMQPlatformOperatorApplication - Watching all namespaces
2025-01-29 01:02:52,872 INFO c.h.h.t.HelmChartContainer - [hivemq-test-hivemq-platform] [hivemq-platform-operator] [19ec27c4] 01:02:52.871 [main] INFO  c.h.p.o.HiveMQPlatformOperatorApplication - Log level: DEBUG
2025-01-29 01:02:52,872 INFO c.h.h.t.HelmChartContainer - [hivemq-test-hivemq-platform] [hivemq-platform-operator] [19ec27c4] 01:02:52.871 [main] INFO  c.h.p.o.HiveMQPlatformOperatorApplication - Release name: test-hivemq-platform-operator
2025-01-29 01:02:52,872 INFO c.h.h.t.HelmChartContainer - [hivemq-test-hivemq-platform] [hivemq-platform-operator] [19ec27c4] 01:02:52.871 [main] INFO  c.h.p.o.HiveMQPlatformOperatorApplication - HiveMQ Platform Operator Init image: docker.io/hivemq/hivemq-platform-operator-init-test:snapshot
2025-01-29 01:02:52,872 INFO c.h.h.t.HelmChartContainer - [hivemq-test-hivemq-platform] [hivemq-platform-operator] [19ec27c4] 01:02:52.871 [main] INFO  c.h.p.o.HiveMQPlatformOperatorApplication - HiveMQ Platform Operator Init App update URL: http://hivemq-platform-operator-test-hivemq-platform-operator.helmrestapiit-operator.svc:8080/initAppUpdate/hivemq-platform-operator-init-app-1.7.0-SNAPSHOT.jar
2025-01-29 01:02:52,872 INFO c.h.h.t.HelmChartContainer - [hivemq-test-hivemq-platform] [hivemq-platform-operator] [19ec27c4] 01:02:52.871 [main] INFO  c.h.p.o.HiveMQPlatformOperatorApplication - Additional imagePullSecret for all Platform deployments: none
2025-01-29 01:02:52,873 INFO c.h.h.t.HelmChartContainer - [hivemq-test-hivemq-platform] [hivemq-platform-operator] [19ec27c4] 01:02:52.871 [main] INFO  c.h.p.o.HiveMQPlatformOperatorApplication - Apply HiveMQ Platform CRD: true
2025-01-29 01:02:52,873 INFO c.h.h.t.HelmChartContainer - [hivemq-test-hivemq-platform] [hivemq-platform-operator] [19ec27c4] 01:02:52.871 [main] INFO  c.h.p.o.HiveMQPlatformOperatorApplication - Create Platform ServiceAccount: true
2025-01-29 01:02:52,873 INFO c.h.h.t.HelmChartContainer - [hivemq-test-hivemq-platform] [hivemq-platform-operator] [19ec27c4] 01:02:52.871 [main] INFO  c.h.p.o.HiveMQPlatformOperatorApplication - Create Platform ServiceAccount permissions: true
2025-01-29 01:02:52,873 INFO c.h.h.t.HelmChartContainer - [hivemq-test-hivemq-platform] [hivemq-platform-operator] [19ec27c4] 01:02:52.872 [main] INFO  c.h.p.o.HiveMQPlatformOperatorApplication - Validate Platform ServiceAccount: true
2025-01-29 01:02:52,873 INFO c.h.h.t.HelmChartContainer - [hivemq-test-hivemq-platform] [hivemq-platform-operator] [19ec27c4] 01:02:52.872 [main] INFO  c.h.p.o.HiveMQPlatformOperatorApplication - Validate Platform ServiceAccount permissions: true
2025-01-29 01:02:53,063 INFO c.h.h.t.HelmChartContainer - [hivemq-test-hivemq-platform] [hivemq-platform-operator] [19ec27c4] 01:02:53.062 [main] INFO  c.h.platform.operator.util.CRDUtil - Verifying deployed HiveMQ Platform CRD...
2025-01-29 01:02:55,452 INFO c.h.h.t.HelmChartContainer - [hivemq-test-hivemq-platform] [hivemq-platform-operator] [19ec27c4] 01:02:55.450 [main] DEBUG c.h.platform.operator.util.CRDUtil - HiveMQ Platform CRD version v1 is up to date
2025-01-29 01:02:55,452 INFO c.h.h.t.HelmChartContainer - [hivemq-test-hivemq-platform] [hivemq-platform-operator] [19ec27c4] 01:02:55.451 [main] INFO  c.h.platform.operator.util.CRDUtil - HiveMQ Platform CRD is up to date (version: V1_6_0)
2025-01-29 01:02:55,452 INFO c.h.h.t.HelmChartContainer - [hivemq-test-hivemq-platform] [hivemq-platform-operator] [19ec27c4] 01:02:55.451 [main] INFO  c.h.platform.operator.util.CRDUtil - Waiting 10000 ms for HiveMQ Platform CRD 'hivemq-platforms.hivemq.com' to become ready...
2025-01-29 01:02:55,663 INFO c.h.h.t.HelmChartContainer - [hivemq-test-hivemq-platform] [hivemq-platform-operator] [19ec27c4] 01:02:55.662 [vert.x-eventloop-thread-1] DEBUG c.h.platform.operator.util.CRDUtil - Checking CRD condition 'NamesAccepted' (status: 'True')
2025-01-29 01:02:55,664 INFO c.h.h.t.HelmChartContainer - [hivemq-test-hivemq-platform] [hivemq-platform-operator] [19ec27c4] 01:02:55.663 [vert.x-eventloop-thread-1] DEBUG c.h.platform.operator.util.CRDUtil - Checking CRD condition 'Established' (status: 'True')
2025-01-29 01:02:55,732 INFO c.h.h.t.HelmChartContainer - [hivemq-test-hivemq-platform] [hivemq-platform-operator] [19ec27c4] 01:02:55.732 [main] INFO  c.h.platform.operator.util.CRDUtil - HiveMQ Platform CRD 'hivemq-platforms.hivemq.com' is ready
2025-01-29 01:02:55,860 INFO c.h.h.t.HelmChartContainer - [hivemq-test-hivemq-platform] [hivemq-platform-operator] [19ec27c4] 01:02:55.859 [main] INFO  c.h.p.o.HiveMQPlatformReconciler - HiveMQ Platform Operator is starting...
2025-01-29 01:02:55,963 INFO c.h.h.t.HelmChartContainer - [hivemq-test-hivemq-platform] [hivemq-platform-operator] [19ec27c4] 01:02:55.962 [main] WARN  Default ConfigurationService implementation - Configuration for reconciler 'hivemq-controller' was not found. Known reconcilers: None.
2025-01-29 01:02:55,969 INFO c.h.h.t.HelmChartContainer - [hivemq-test-hivemq-platform] [hivemq-platform-operator] [19ec27c4] 01:02:55.968 [main] INFO  Default ConfigurationService implementation - Created configuration for reconciler com.hivemq.platform.operator.HiveMQPlatformReconciler with name hivemq-controller
2025-01-29 01:02:56,137 INFO c.h.h.t.HelmChartContainer - [hivemq-test-hivemq-platform] [hivemq-platform-operator] [19ec27c4] 01:02:56.137 [main] DEBUG c.h.p.o.HiveMQPlatformReconciler - HiveMQ Platform Operator is preparing EventSources
2025-01-29 01:02:56,159 INFO c.h.h.t.HelmChartContainer - [hivemq-test-hivemq-platform] [hivemq-platform-operator] [19ec27c4] 01:02:56.158 [main] INFO  i.javaoperatorsdk.operator.Operator - Registered reconciler: 'hivemq-controller' for resource: 'class com.hivemq.platform.operator.v1.HiveMQPlatform' for namespace(s): [all namespaces]
2025-01-29 01:02:56,765 INFO c.h.h.t.HelmChartContainer - [hivemq-test-hivemq-platform] [hivemq-platform-operator] [19ec27c4] 01:02:56.764 [main] INFO  c.h.p.operator.webserver.JettyServer - Starting Jetty server on port 8080
2025-01-29 01:02:56,862 INFO c.h.h.t.HelmChartContainer - [hivemq-test-hivemq-platform] [hivemq-platform-operator] [19ec27c4] 01:02:56.861 [main] INFO  i.javaoperatorsdk.operator.Operator - Operator SDK 4.9.7 (commit: 2133d28) built on Wed Nov 20 12:56:20 UTC 2024 starting...
2025-01-29 01:02:56,863 INFO c.h.h.t.HelmChartContainer - [hivemq-test-hivemq-platform] [hivemq-platform-operator] [19ec27c4] 01:02:56.861 [main] INFO  i.javaoperatorsdk.operator.Operator - Client version: 6.13.4
2025-01-29 01:02:56,863 INFO c.h.h.t.HelmChartContainer - [hivemq-test-hivemq-platform] [hivemq-platform-operator] [19ec27c4] 01:02:56.863 [Controller Starter for: hivemq-controller] INFO  i.j.operator.processing.Controller - Starting 'hivemq-controller' controller for reconciler: com.hivemq.platform.operator.HiveMQPlatformReconciler, resource: com.hivemq.platform.operator.v1.HiveMQPlatform
2025-01-29 01:02:59,361 INFO c.h.h.t.HelmChartContainer - [hivemq-test-hivemq-platform] [hivemq-platform-operator] [19ec27c4] 01:02:59.360 [Controller Starter for: hivemq-controller] INFO  i.j.operator.processing.Controller - 'hivemq-controller' controller started
2025-01-29 01:02:59,361 INFO c.h.h.t.HelmChartContainer - [hivemq-test-hivemq-platform] [hivemq-platform-operator] [19ec27c4] 01:02:59.361 [main] INFO  c.h.p.o.HiveMQPlatformOperatorApplication - HiveMQ Platform Operator 1.7.0-SNAPSHOT started in 6497 ms
2025-01-29 01:03:00,543 INFO c.h.h.t.HelmChartContainer - [POD] hivemq-test-hivemq-platform-operator-6966f96d65-q7gjg [19ec27c4-9f4e-4ae8-805a-5bafb89599e9] in helmrestapiit-operator was MODIFIED
2025-01-29 01:03:00,560 INFO c.h.h.t.HelmChartContainer - [K3S] [replica_set.go:679] "Finished syncing" kind="ReplicaSet" key="helmrestapiit-operator/hivemq-test-hivemq-platform-operator-6966f96d65" duration="16.513111ms"
2025-01-29 01:03:00,561 INFO c.h.h.t.HelmChartContainer - [K3S] [replica_set.go:679] "Finished syncing" kind="ReplicaSet" key="helmrestapiit-operator/hivemq-test-hivemq-platform-operator-6966f96d65" duration="58.86µs"
2025-01-29 01:03:01,908 DEBUG c.h.h.t.HelmChartContainer - Executing helm command: /bin/helm --kubeconfig /etc/rancher/k3s/k3s.yaml install test-hivemq-platform /charts/hivemq-platform --wait --timeout 5m0s --set image.repository=docker.io/hivemq --set image.tag=4.36.0 --set image.pullPolicy=Never --set nodes.resources.cpu=512m -f /files/custom-service-names-values.yaml --namespace helmrestapiit
2025-01-29 01:03:02,150 INFO c.h.h.t.HelmChartContainer - [hivemq-test-hivemq-platform] [hivemq-platform-operator] [19ec27c4] 01:03:02.149 [-373097727-pool-1-thread-1] WARN  i.m.p.PrometheusMeterRegistry - The meter (MeterId{name='operator.sdk.events.received', tags=[tag(action=ADDED),tag(event=ResourceEvent),tag(group=hivemq.com),tag(kind=HiveMQPlatform),tag(name=test-hivemq-platform),tag(namespace=helmrestapiit),tag(scope=namespace),tag(version=v1)]}) registration has failed: Prometheus requires that all meters with the same name have the same set of tag keys. There is already an existing meter named 'operator.sdk.events.received' containing tag keys [event, group, kind, name, namespace, scope, version]. The meter you are attempting to register has keys [action, event, group, kind, name, namespace, scope, version]. Note that subsequent logs will be logged at debug level.
2025-01-29 01:03:02,634 INFO c.h.h.t.HelmChartContainer - [hivemq-test-hivemq-platform] [hivemq-platform-operator] [19ec27c4] 01:03:02.634 [pool-6-thread-3] DEBUG c.h.p.o.dependants.PodInfoConfigMap - [helmrest] Desired PodInfo ConfigMap (1 extensions) (1 enabled)
2025-01-29 01:03:02,651 INFO c.h.h.t.HelmChartContainer - [hivemq-test-hivemq-platform] [hivemq-platform-operator] [19ec27c4] 01:03:02.648 [pool-6-thread-3] DEBUG c.h.p.o.dependants.PodInfoConfigMap - [helmrest] Desired PodInfo ConfigMap (metrics port: 9399) (metrics path: /)
2025-01-29 01:03:02,651 INFO c.h.h.t.HelmChartContainer - [hivemq-test-hivemq-platform] [hivemq-platform-operator] [19ec27c4] 01:03:02.648 [pool-6-thread-3] DEBUG c.h.p.o.dependants.PodInfoConfigMap - [helmrest] Desired PodInfo ConfigMap (extension state hash: -1817474005)
2025-01-29 01:03:02,651 INFO c.h.h.t.HelmChartContainer - [hivemq-test-hivemq-platform] [hivemq-platform-operator] [19ec27c4] 01:03:02.649 [pool-6-thread-3] DEBUG c.h.p.o.dependants.PodInfoConfigMap - [helmrest] Create PodInfo ConfigMap
2025-01-29 01:03:02,752 INFO c.h.h.t.HelmChartContainer - [hivemq-test-hivemq-platform] [hivemq-platform-operator] [19ec27c4] 01:03:02.750 [pool-6-thread-5] DEBUG c.h.p.o.dependants.PodRoleResource - [helmrest] Create Role: Role(apiVersion=rbac.authorization.k8s.io/v1, kind=Role, metadata=ObjectMeta(annotations={meta.helm.sh/release-name=test-hivemq-platform, meta.helm.sh/release-namespace=helmrestapiit}, creationTimestamp=null, deletionGracePeriodSeconds=null, deletionTimestamp=null, finalizers=[], generateName=null, generation=null, labels={helm.sh/chart=hivemq-platform-0.2.32, app.kubernetes.io/managed-by=Helm, app.kubernetes.io/name=hivemq-platform, hivemq-platform=test-hivemq-platform, app.kubernetes.io/instance=test-hivemq-platform, app.kubernetes.io/version=4.36.0}, managedFields=[], name=hivemq-platform-role-test-hivemq-platform, namespace=helmrestapiit, ownerReferences=[OwnerReference(apiVersion=hivemq.com/v1, blockOwnerDeletion=null, controller=null, kind=HiveMQPlatform, name=test-hivemq-platform, uid=66893408-000d-460a-8ba5-82912b142cee, additionalProperties={})], resourceVersion=null, selfLink=null, uid=null, additionalProperties={}), rules=[PolicyRule(apiGroups=[], nonResourceURLs=[], resourceNames=[], resources=[pods], verbs=[get, patch, update], additionalProperties={})], additionalProperties={})
2025-01-29 01:03:02,856 INFO c.h.h.t.HelmChartContainer - [hivemq-test-hivemq-platform] [hivemq-platform-operator] [19ec27c4] 01:03:02.851 [pool-6-thread-7] DEBUG c.h.p.o.d.PodServiceAccountResource - [helmrest] Desired PodServiceAccountResource (serviceAccountName: hivemq-platform-pod-test-hivemq-platform)
2025-01-29 01:03:02,856 INFO c.h.h.t.HelmChartContainer - [hivemq-test-hivemq-platform] [hivemq-platform-operator] [19ec27c4] 01:03:02.852 [pool-6-thread-7] DEBUG c.h.p.o.d.PodServiceAccountResource - [helmrest] Create ServiceAccount 'hivemq-platform-pod-test-hivemq-platform'
2025-01-29 01:03:03,033 INFO c.h.h.t.HelmChartContainer - [hivemq-test-hivemq-platform] [hivemq-platform-operator] [19ec27c4] 01:03:03.032 [pool-6-thread-10] DEBUG c.h.p.o.d.PodRoleBindingResource - [helmrest] Create RoleBinding: RoleBinding(apiVersion=rbac.authorization.k8s.io/v1, kind=RoleBinding, metadata=ObjectMeta(annotations={meta.helm.sh/release-name=test-hivemq-platform, meta.helm.sh/release-namespace=helmrestapiit}, creationTimestamp=null, deletionGracePeriodSeconds=null, deletionTimestamp=null, finalizers=[], generateName=null, generation=null, labels={helm.sh/chart=hivemq-platform-0.2.32, app.kubernetes.io/managed-by=Helm, app.kubernetes.io/name=hivemq-platform, hivemq-platform=test-hivemq-platform, app.kubernetes.io/instance=test-hivemq-platform, app.kubernetes.io/version=4.36.0}, managedFields=[], name=hivemq-platform-role-binding-test-hivemq-platform, namespace=helmrestapiit, ownerReferences=[OwnerReference(apiVersion=hivemq.com/v1, blockOwnerDeletion=null, controller=null, kind=HiveMQPlatform, name=test-hivemq-platform, uid=66893408-000d-460a-8ba5-82912b142cee, additionalProperties={})], resourceVersion=null, selfLink=null, uid=null, additionalProperties={}), roleRef=RoleRef(apiGroup=rbac.authorization.k8s.io, kind=Role, name=hivemq-platform-role-test-hivemq-platform, additionalProperties={}), subjects=[Subject(apiGroup=null, kind=ServiceAccount, name=hivemq-platform-pod-test-hivemq-platform, namespace=helmrestapiit, additionalProperties={})], additionalProperties={})
2025-01-29 01:03:03,065 INFO c.h.h.t.HelmChartContainer - [hivemq-test-hivemq-platform] [hivemq-platform-operator] [19ec27c4] 01:03:03.064 [ReconcilerExecutor-hivemq-controller-52] INFO  c.h.p.o.HiveMQPlatformReconciler - [helmrest] Reconciling HiveMQ Platform 'test-hivemq-platform' in namespace 'helmrestapiit'
2025-01-29 01:03:03,066 INFO c.h.h.t.HelmChartContainer - [hivemq-test-hivemq-platform] [hivemq-platform-operator] [19ec27c4] 01:03:03.065 [ReconcilerExecutor-hivemq-controller-52] DEBUG c.h.p.o.HiveMQPlatformReconciler - [helmrest] Custom Resource Status CREATED - HiveMQ Platform was created (READY)
2025-01-29 01:03:03,066 INFO c.h.h.t.HelmChartContainer - [hivemq-test-hivemq-platform] [hivemq-platform-operator] [19ec27c4] 01:03:03.065 [ReconcilerExecutor-hivemq-controller-52] DEBUG c.h.p.o.HiveMQPlatformReconciler - [helmrest] Custom Resource Spec (replicas: 1) (extensions: 1)
2025-01-29 01:03:03,070 INFO c.h.h.t.HelmChartContainer - [hivemq-test-hivemq-platform] [hivemq-platform-operator] [19ec27c4] 01:03:03.069 [ReconcilerExecutor-hivemq-controller-52] INFO  c.h.p.o.h.HiveMQPlatformReconcilerBaseHandler - [helmrest] HiveMQ Platform is starting
2025-01-29 01:03:03,250 INFO c.h.h.t.HelmChartContainer - [hivemq-test-hivemq-platform] [hivemq-platform-operator] [19ec27c4] 01:03:03.249 [ReconcilerExecutor-hivemq-controller-52] DEBUG c.h.p.operator.event.EventSender - [helmrest] Creating K8s event hivemq-platform-starting: [Start] HiveMQ Platform is starting
2025-01-29 01:03:03,260 INFO c.h.h.t.HelmChartContainer - [EVENT] Normal [Start] HiveMQ Platform is starting [helmrestapiit:test-hivemq-platform]
2025-01-29 01:03:03,264 INFO c.h.h.t.HelmChartContainer - [hivemq-test-hivemq-platform] [hivemq-platform-operator] [19ec27c4] 01:03:03.262 [ReconcilerExecutor-hivemq-controller-52] INFO  c.h.p.o.h.AbstractHiveMQReconcilerStateHandler - [helmrest] Update HiveMQ Platform Status (CREATED [READY] -> STARTING [READY]): HiveMQ Platform is starting
2025-01-29 01:03:03,357 DEBUG com.hivemq.helmcharts.util.K8sUtil - Comparing actual state 'STARTING' and waiting for 'RUNNING'
2025-01-29 01:03:13,365 INFO c.h.h.t.HelmChartContainer - [hivemq-test-hivemq-platform] [hivemq-platform-operator] [19ec27c4] 01:03:13.364 [pool-6-thread-12] DEBUG c.h.p.o.d.PlatformServiceResource - [helmrest] Desired Platform services (4 services)
2025-01-29 01:03:13,369 INFO c.h.h.t.HelmChartContainer - [hivemq-test-hivemq-platform] [hivemq-platform-operator] [19ec27c4] 01:03:13.366 [pool-6-thread-13] DEBUG c.h.p.o.dependants.PodInfoConfigMap - [helmrest] Desired PodInfo ConfigMap (1 extensions) (1 enabled)
2025-01-29 01:03:13,369 INFO c.h.h.t.HelmChartContainer - [hivemq-test-hivemq-platform] [hivemq-platform-operator] [19ec27c4] 01:03:13.367 [pool-6-thread-13] DEBUG c.h.p.o.dependants.PodInfoConfigMap - [helmrest] Desired PodInfo ConfigMap (metrics port: 9399) (metrics path: /)
2025-01-29 01:03:13,369 INFO c.h.h.t.HelmChartContainer - [hivemq-test-hivemq-platform] [hivemq-platform-operator] [19ec27c4] 01:03:13.367 [pool-6-thread-13] DEBUG c.h.p.o.dependants.PodInfoConfigMap - [helmrest] Desired PodInfo ConfigMap (extension state hash: -1817474005)
2025-01-29 01:03:13,375 INFO c.h.h.t.HelmChartContainer - [hivemq-test-hivemq-platform] [hivemq-platform-operator] [19ec27c4] 01:03:13.374 [pool-6-thread-17] DEBUG c.h.p.o.d.PodServiceAccountResource - [helmrest] Desired PodServiceAccountResource (serviceAccountName: hivemq-platform-pod-test-hivemq-platform)
2025-01-29 01:03:13,375 INFO c.h.h.t.HelmChartContainer - [hivemq-test-hivemq-platform] [hivemq-platform-operator] [19ec27c4] 01:03:13.374 [pool-6-thread-13] DEBUG c.h.p.o.dependants.PodInfoConfigMap - [helmrest] Update PodInfo ConfigMap
2025-01-29 01:03:13,382 INFO c.h.h.t.HelmChartContainer - [K3S] [alloc.go:330] "allocated clusterIPs" service="helmrestapiit/mqtt-service" clusterIPs={"IPv4":"10.43.1.86"}
2025-01-29 01:03:13,462 INFO c.h.h.t.HelmChartContainer - [K3S] [alloc.go:330] "allocated clusterIPs" service="helmrestapiit/control-center-service" clusterIPs={"IPv4":"10.43.193.159"}
2025-01-29 01:03:13,473 INFO c.h.h.t.HelmChartContainer - [K3S] [alloc.go:330] "allocated clusterIPs" service="helmrestapiit/metrics-service" clusterIPs={"IPv4":"10.43.209.94"}
2025-01-29 01:03:13,556 INFO c.h.h.t.HelmChartContainer - [K3S] [alloc.go:330] "allocated clusterIPs" service="helmrestapiit/rest-api-service" clusterIPs={"IPv4":"10.43.185.177"}
2025-01-29 01:03:13,565 INFO c.h.h.t.HelmChartContainer - [hivemq-test-hivemq-platform] [hivemq-platform-operator] [19ec27c4] 01:03:13.564 [pool-6-thread-20] DEBUG c.h.p.o.d.StatefulSetResource - [helmrest] Desired StatefulSet (1 replicas) for status STARTING (READY)
2025-01-29 01:03:13,661 INFO c.h.h.t.HelmChartContainer - [hivemq-test-hivemq-platform] [hivemq-platform-operator] [19ec27c4] 01:03:13.660 [pool-6-thread-20] DEBUG c.h.p.o.d.StatefulSetResource - [helmrest] Create StatefulSet
2025-01-29 01:03:13,760 INFO c.h.h.t.HelmChartContainer - [hivemq-test-hivemq-platform] [hivemq-platform-operator] [19ec27c4] 01:03:13.758 [ReconcilerExecutor-hivemq-controller-63] INFO  c.h.p.o.HiveMQPlatformReconciler - [helmrest] Reconciling HiveMQ Platform 'test-hivemq-platform' in namespace 'helmrestapiit'
2025-01-29 01:03:13,760 INFO c.h.h.t.HelmChartContainer - [hivemq-test-hivemq-platform] [hivemq-platform-operator] [19ec27c4] 01:03:13.758 [ReconcilerExecutor-hivemq-controller-63] DEBUG c.h.p.o.HiveMQPlatformReconciler - [helmrest] Custom Resource Status STARTING - HiveMQ Platform is starting (READY)
2025-01-29 01:03:13,760 INFO c.h.h.t.HelmChartContainer - [hivemq-test-hivemq-platform] [hivemq-platform-operator] [19ec27c4] 01:03:13.758 [ReconcilerExecutor-hivemq-controller-63] DEBUG c.h.p.o.HiveMQPlatformReconciler - [helmrest] Custom Resource Spec (replicas: 1) (extensions: 1)
2025-01-29 01:03:13,767 INFO c.h.h.t.HelmChartContainer - [hivemq-test-hivemq-platform] [hivemq-platform-operator] [19ec27c4] 01:03:13.766 [ReconcilerExecutor-hivemq-controller-63] DEBUG c.h.p.o.HiveMQPlatformReconciler - [helmrest] StatefulSet Status (revision: null, replicas: 0, available: 0, ready: 0, current: 0, updated: 0)
2025-01-29 01:03:13,768 INFO c.h.h.t.HelmChartContainer - [hivemq-test-hivemq-platform] [hivemq-platform-operator] [19ec27c4] 01:03:13.767 [ReconcilerExecutor-hivemq-controller-63] DEBUG c.h.p.o.HiveMQPlatformReconciler - [helmrest] StatefulSet Spec (replicas: 1, init containers: 1, containers: 1, volumes: 3)
2025-01-29 01:03:13,772 INFO c.h.h.t.HelmChartContainer - [hivemq-test-hivemq-platform] [hivemq-platform-operator] [19ec27c4] 01:03:13.770 [ReconcilerExecutor-hivemq-controller-63] INFO  c.h.p.o.h.HiveMQPlatformReconcilerBaseHandler - [helmrest] HiveMQ Platform is starting, 0 of 1 replicas are ready
2025-01-29 01:03:13,772 INFO c.h.h.t.HelmChartContainer - [POD] test-hivemq-platform-0 [cceb4445-0408-4391-9c20-a380df5d3a86] in helmrestapiit was ADDED
2025-01-29 01:03:13,776 INFO c.h.h.t.HelmChartContainer - [POD] test-hivemq-platform-0 [cceb4445-0408-4391-9c20-a380df5d3a86] in helmrestapiit was MODIFIED
2025-01-29 01:03:13,777 INFO c.h.h.t.HelmChartContainer - [EVENT] Normal [SuccessfulCreate] create Pod test-hivemq-platform-0 in StatefulSet test-hivemq-platform successful [helmrestapiit:test-hivemq-platform]
2025-01-29 01:03:13,777 INFO c.h.h.t.HelmChartContainer - [EVENT] Normal [Scheduled] Successfully assigned helmrestapiit/test-hivemq-platform-0 to 84044ab653e1 [helmrestapiit:test-hivemq-platform-0]
2025-01-29 01:03:13,787 INFO c.h.h.t.HelmChartContainer - [POD] test-hivemq-platform-0 [cceb4445-0408-4391-9c20-a380df5d3a86] in helmrestapiit was MODIFIED
2025-01-29 01:03:13,855 INFO c.h.h.t.HelmChartContainer - [hivemq-test-hivemq-platform] [hivemq-platform-operator] [19ec27c4] 01:03:13.854 [pool-6-thread-22] DEBUG c.h.p.o.d.PlatformServiceResource - [helmrest] Desired Platform services (4 services)
2025-01-29 01:03:13,860 INFO c.h.h.t.HelmChartContainer - [hivemq-test-hivemq-platform] [hivemq-platform-operator] [19ec27c4] 01:03:13.856 [pool-6-thread-23] DEBUG c.h.p.o.dependants.PodInfoConfigMap - [helmrest] Desired PodInfo ConfigMap (1 extensions) (1 enabled)
2025-01-29 01:03:13,860 INFO c.h.h.t.HelmChartContainer - [hivemq-test-hivemq-platform] [hivemq-platform-operator] [19ec27c4] 01:03:13.857 [pool-6-thread-23] DEBUG c.h.p.o.dependants.PodInfoConfigMap - [helmrest] Desired PodInfo ConfigMap (metrics port: 9399) (metrics path: /)
2025-01-29 01:03:13,860 INFO c.h.h.t.HelmChartContainer - [hivemq-test-hivemq-platform] [hivemq-platform-operator] [19ec27c4] 01:03:13.857 [pool-6-thread-23] DEBUG c.h.p.o.dependants.PodInfoConfigMap - [helmrest] Desired PodInfo ConfigMap (extension state hash: -1817474005)
2025-01-29 01:03:13,950 INFO c.h.h.t.HelmChartContainer - [hivemq-test-hivemq-platform] [hivemq-platform-operator] [19ec27c4] 01:03:13.948 [pool-6-thread-27] DEBUG c.h.p.o.d.PodServiceAccountResource - [helmrest] Desired PodServiceAccountResource (serviceAccountName: hivemq-platform-pod-test-hivemq-platform)
2025-01-29 01:03:13,952 INFO c.h.h.t.HelmChartContainer - [K3S] [reconciler_common.go:251] "operationExecutor.VerifyControllerAttachedVolume started for volume \"operator-init\" (UniqueName: \"kubernetes.io/empty-dir/cceb4445-0408-4391-9c20-a380df5d3a86-operator-init\") pod \"test-hivemq-platform-0\" (UID: \"cceb4445-0408-4391-9c20-a380df5d3a86\") " pod="helmrestapiit/test-hivemq-platform-0"
2025-01-29 01:03:13,952 INFO c.h.h.t.HelmChartContainer - [K3S] [reconciler_common.go:251] "operationExecutor.VerifyControllerAttachedVolume started for volume \"pod-info\" (UniqueName: \"kubernetes.io/configmap/cceb4445-0408-4391-9c20-a380df5d3a86-pod-info\") pod \"test-hivemq-platform-0\" (UID: \"cceb4445-0408-4391-9c20-a380df5d3a86\") " pod="helmrestapiit/test-hivemq-platform-0"
2025-01-29 01:03:13,952 INFO c.h.h.t.HelmChartContainer - [K3S] [reconciler_common.go:251] "operationExecutor.VerifyControllerAttachedVolume started for volume \"broker-configuration\" (UniqueName: \"kubernetes.io/configmap/cceb4445-0408-4391-9c20-a380df5d3a86-broker-configuration\") pod \"test-hivemq-platform-0\" (UID: \"cceb4445-0408-4391-9c20-a380df5d3a86\") " pod="helmrestapiit/test-hivemq-platform-0"
2025-01-29 01:03:13,952 INFO c.h.h.t.HelmChartContainer - [K3S] [reconciler_common.go:251] "operationExecutor.VerifyControllerAttachedVolume started for volume \"kube-api-access-lt42n\" (UniqueName: \"kubernetes.io/projected/cceb4445-0408-4391-9c20-a380df5d3a86-kube-api-access-lt42n\") pod \"test-hivemq-platform-0\" (UID: \"cceb4445-0408-4391-9c20-a380df5d3a86\") " pod="helmrestapiit/test-hivemq-platform-0"
2025-01-29 01:03:13,959 INFO c.h.h.t.HelmChartContainer - [hivemq-test-hivemq-platform] [hivemq-platform-operator] [19ec27c4] 01:03:13.959 [pool-6-thread-30] DEBUG c.h.p.o.d.StatefulSetResource - [helmrest] Desired StatefulSet (1 replicas) for status STARTING (READY)
2025-01-29 01:03:14,052 INFO c.h.h.t.HelmChartContainer - [hivemq-test-hivemq-platform] [hivemq-platform-operator] [19ec27c4] 01:03:14.049 [ReconcilerExecutor-hivemq-controller-77] INFO  c.h.p.o.HiveMQPlatformReconciler - [helmrest] Reconciling HiveMQ Platform 'test-hivemq-platform' in namespace 'helmrestapiit'
2025-01-29 01:03:14,052 INFO c.h.h.t.HelmChartContainer - [hivemq-test-hivemq-platform] [hivemq-platform-operator] [19ec27c4] 01:03:14.050 [ReconcilerExecutor-hivemq-controller-77] DEBUG c.h.p.o.HiveMQPlatformReconciler - [helmrest] Custom Resource Status STARTING - HiveMQ Platform is starting (READY)
2025-01-29 01:03:14,053 INFO c.h.h.t.HelmChartContainer - [hivemq-test-hivemq-platform] [hivemq-platform-operator] [19ec27c4] 01:03:14.052 [ReconcilerExecutor-hivemq-controller-77] DEBUG c.h.p.o.HiveMQPlatformReconciler - [helmrest] Custom Resource Spec (replicas: 1) (extensions: 1)
2025-01-29 01:03:14,057 INFO c.h.h.t.HelmChartContainer - [hivemq-test-hivemq-platform] [hivemq-platform-operator] [19ec27c4] 01:03:14.056 [ReconcilerExecutor-hivemq-controller-77] DEBUG c.h.p.o.HiveMQPlatformReconciler - [helmrest] StatefulSet Status (revision: test-hivemq-platform-5997c57dcb, replicas: 1, available: 0, ready: 0, current: 1, updated: 1)
2025-01-29 01:03:14,057 INFO c.h.h.t.HelmChartContainer - [hivemq-test-hivemq-platform] [hivemq-platform-operator] [19ec27c4] 01:03:14.056 [ReconcilerExecutor-hivemq-controller-77] DEBUG c.h.p.o.HiveMQPlatformReconciler - [helmrest] StatefulSet Spec (replicas: 1, init containers: 1, containers: 1, volumes: 3)
2025-01-29 01:03:14,152 INFO c.h.h.t.HelmChartContainer - [hivemq-test-hivemq-platform] [hivemq-platform-operator] [19ec27c4] 01:03:14.149 [ReconcilerExecutor-hivemq-controller-77] DEBUG c.h.p.o.h.HiveMQPlatformReconcilerErrorHandler - [helmrest] Pod 'test-hivemq-platform-0' phase Pending
2025-01-29 01:03:14,152 INFO c.h.h.t.HelmChartContainer - [hivemq-test-hivemq-platform] [hivemq-platform-operator] [19ec27c4] 01:03:14.150 [ReconcilerExecutor-hivemq-controller-77] DEBUG c.h.p.o.h.HiveMQPlatformReconcilerErrorHandler - [helmrest] Pod 'test-hivemq-platform-0' condition 'PodReadyToStartContainers': False
2025-01-29 01:03:14,153 INFO c.h.h.t.HelmChartContainer - [hivemq-test-hivemq-platform] [hivemq-platform-operator] [19ec27c4] 01:03:14.150 [ReconcilerExecutor-hivemq-controller-77] DEBUG c.h.p.o.h.HiveMQPlatformReconcilerErrorHandler - [helmrest] Pod 'test-hivemq-platform-0' condition 'Initialized': False
2025-01-29 01:03:14,153 INFO c.h.h.t.HelmChartContainer - [hivemq-test-hivemq-platform] [hivemq-platform-operator] [19ec27c4] 01:03:14.150 [ReconcilerExecutor-hivemq-controller-77] DEBUG c.h.p.o.h.HiveMQPlatformReconcilerErrorHandler - [helmrest] Pod 'test-hivemq-platform-0' condition 'Ready': False
2025-01-29 01:03:14,153 INFO c.h.h.t.HelmChartContainer - [hivemq-test-hivemq-platform] [hivemq-platform-operator] [19ec27c4] 01:03:14.150 [ReconcilerExecutor-hivemq-controller-77] DEBUG c.h.p.o.h.HiveMQPlatformReconcilerErrorHandler - [helmrest] Pod 'test-hivemq-platform-0' condition 'ContainersReady': False
2025-01-29 01:03:14,154 INFO c.h.h.t.HelmChartContainer - [hivemq-test-hivemq-platform] [hivemq-platform-operator] [19ec27c4] 01:03:14.150 [ReconcilerExecutor-hivemq-controller-77] DEBUG c.h.p.o.h.HiveMQPlatformReconcilerErrorHandler - [helmrest] Pod 'test-hivemq-platform-0' condition 'PodScheduled': True
2025-01-29 01:03:14,154 INFO c.h.h.t.HelmChartContainer - [hivemq-test-hivemq-platform] [hivemq-platform-operator] [19ec27c4] 01:03:14.150 [ReconcilerExecutor-hivemq-controller-77] DEBUG c.h.p.o.h.HiveMQPlatformReconcilerErrorHandler - [helmrest] Pod 'test-hivemq-platform-0' containerStatus 'hivemq' (started: false) (ready: false) (waiting: [PodInitializing] null)
2025-01-29 01:03:14,155 INFO c.h.h.t.HelmChartContainer - [hivemq-test-hivemq-platform] [hivemq-platform-operator] [19ec27c4] 01:03:14.154 [ReconcilerExecutor-hivemq-controller-77] INFO  c.h.p.o.h.HiveMQPlatformReconcilerBaseHandler - [helmrest] HiveMQ Platform is starting, 0 of 1 replicas are ready
2025-01-29 01:03:14,162 INFO c.h.h.t.HelmChartContainer - [hivemq-test-hivemq-platform] [hivemq-platform-operator] [19ec27c4] 01:03:14.161 [pool-6-thread-32] DEBUG c.h.p.o.d.PlatformServiceResource - [helmrest] Desired Platform services (4 services)
2025-01-29 01:03:14,165 INFO c.h.h.t.HelmChartContainer - [hivemq-test-hivemq-platform] [hivemq-platform-operator] [19ec27c4] 01:03:14.164 [pool-6-thread-33] DEBUG c.h.p.o.dependants.PodInfoConfigMap - [helmrest] Desired PodInfo ConfigMap (1 extensions) (1 enabled)
2025-01-29 01:03:14,165 INFO c.h.h.t.HelmChartContainer - [hivemq-test-hivemq-platform] [hivemq-platform-operator] [19ec27c4] 01:03:14.164 [pool-6-thread-33] DEBUG c.h.p.o.dependants.PodInfoConfigMap - [helmrest] Desired PodInfo ConfigMap (metrics port: 9399) (metrics path: /)
2025-01-29 01:03:14,166 INFO c.h.h.t.HelmChartContainer - [hivemq-test-hivemq-platform] [hivemq-platform-operator] [19ec27c4] 01:03:14.164 [pool-6-thread-33] DEBUG c.h.p.o.dependants.PodInfoConfigMap - [helmrest] Desired PodInfo ConfigMap (extension state hash: -1817474005)
2025-01-29 01:03:14,167 INFO c.h.h.t.HelmChartContainer - [hivemq-test-hivemq-platform] [hivemq-platform-operator] [19ec27c4] 01:03:14.165 [pool-6-thread-37] DEBUG c.h.p.o.d.PodServiceAccountResource - [helmrest] Desired PodServiceAccountResource (serviceAccountName: hivemq-platform-pod-test-hivemq-platform)
2025-01-29 01:03:14,170 INFO c.h.h.t.HelmChartContainer - [EVENT] Normal [Pulled] Container image "docker.io/hivemq/hivemq-platform-operator-init-test:snapshot" already present on machine [helmrestapiit:test-hivemq-platform-0]
2025-01-29 01:03:14,257 INFO c.h.h.t.HelmChartContainer - [hivemq-test-hivemq-platform] [hivemq-platform-operator] [19ec27c4] 01:03:14.255 [pool-6-thread-40] DEBUG c.h.p.o.d.StatefulSetResource - [helmrest] Desired StatefulSet (1 replicas) for status STARTING (READY)
2025-01-29 01:03:14,261 INFO c.h.h.t.HelmChartContainer - [hivemq-test-hivemq-platform] [hivemq-platform-operator] [19ec27c4] 01:03:14.260 [ReconcilerExecutor-hivemq-controller-88] INFO  c.h.p.o.HiveMQPlatformReconciler - [helmrest] Reconciling HiveMQ Platform 'test-hivemq-platform' in namespace 'helmrestapiit'
2025-01-29 01:03:14,262 INFO c.h.h.t.HelmChartContainer - [hivemq-test-hivemq-platform] [hivemq-platform-operator] [19ec27c4] 01:03:14.260 [ReconcilerExecutor-hivemq-controller-88] DEBUG c.h.p.o.HiveMQPlatformReconciler - [helmrest] Custom Resource Status STARTING - HiveMQ Platform is starting (READY)
2025-01-29 01:03:14,262 INFO c.h.h.t.HelmChartContainer - [hivemq-test-hivemq-platform] [hivemq-platform-operator] [19ec27c4] 01:03:14.260 [ReconcilerExecutor-hivemq-controller-88] DEBUG c.h.p.o.HiveMQPlatformReconciler - [helmrest] Custom Resource Spec (replicas: 1) (extensions: 1)
2025-01-29 01:03:14,267 INFO c.h.h.t.HelmChartContainer - [hivemq-test-hivemq-platform] [hivemq-platform-operator] [19ec27c4] 01:03:14.263 [ReconcilerExecutor-hivemq-controller-88] DEBUG c.h.p.o.HiveMQPlatformReconciler - [helmrest] StatefulSet Status (revision: test-hivemq-platform-5997c57dcb, replicas: 1, available: 0, ready: 0, current: 1, updated: 1)
2025-01-29 01:03:14,267 INFO c.h.h.t.HelmChartContainer - [hivemq-test-hivemq-platform] [hivemq-platform-operator] [19ec27c4] 01:03:14.263 [ReconcilerExecutor-hivemq-controller-88] DEBUG c.h.p.o.HiveMQPlatformReconciler - [helmrest] StatefulSet Spec (replicas: 1, init containers: 1, containers: 1, volumes: 3)
2025-01-29 01:03:14,267 INFO c.h.h.t.HelmChartContainer - [hivemq-test-hivemq-platform] [hivemq-platform-operator] [19ec27c4] 01:03:14.264 [ReconcilerExecutor-hivemq-controller-88] DEBUG c.h.p.o.h.HiveMQPlatformReconcilerErrorHandler - [helmrest] Pod 'test-hivemq-platform-0' phase Pending
2025-01-29 01:03:14,267 INFO c.h.h.t.HelmChartContainer - [hivemq-test-hivemq-platform] [hivemq-platform-operator] [19ec27c4] 01:03:14.265 [ReconcilerExecutor-hivemq-controller-88] DEBUG c.h.p.o.h.HiveMQPlatformReconcilerErrorHandler - [helmrest] Pod 'test-hivemq-platform-0' condition 'PodReadyToStartContainers': False
2025-01-29 01:03:14,267 INFO c.h.h.t.HelmChartContainer - [hivemq-test-hivemq-platform] [hivemq-platform-operator] [19ec27c4] 01:03:14.265 [ReconcilerExecutor-hivemq-controller-88] DEBUG c.h.p.o.h.HiveMQPlatformReconcilerErrorHandler - [helmrest] Pod 'test-hivemq-platform-0' condition 'Initialized': False
2025-01-29 01:03:14,267 INFO c.h.h.t.HelmChartContainer - [hivemq-test-hivemq-platform] [hivemq-platform-operator] [19ec27c4] 01:03:14.265 [ReconcilerExecutor-hivemq-controller-88] DEBUG c.h.p.o.h.HiveMQPlatformReconcilerErrorHandler - [helmrest] Pod 'test-hivemq-platform-0' condition 'Ready': False
2025-01-29 01:03:14,267 INFO c.h.h.t.HelmChartContainer - [hivemq-test-hivemq-platform] [hivemq-platform-operator] [19ec27c4] 01:03:14.265 [ReconcilerExecutor-hivemq-controller-88] DEBUG c.h.p.o.h.HiveMQPlatformReconcilerErrorHandler - [helmrest] Pod 'test-hivemq-platform-0' condition 'ContainersReady': False
2025-01-29 01:03:14,267 INFO c.h.h.t.HelmChartContainer - [hivemq-test-hivemq-platform] [hivemq-platform-operator] [19ec27c4] 01:03:14.265 [ReconcilerExecutor-hivemq-controller-88] DEBUG c.h.p.o.h.HiveMQPlatformReconcilerErrorHandler - [helmrest] Pod 'test-hivemq-platform-0' condition 'PodScheduled': True
2025-01-29 01:03:14,267 INFO c.h.h.t.HelmChartContainer - [hivemq-test-hivemq-platform] [hivemq-platform-operator] [19ec27c4] 01:03:14.265 [ReconcilerExecutor-hivemq-controller-88] DEBUG c.h.p.o.h.HiveMQPlatformReconcilerErrorHandler - [helmrest] Pod 'test-hivemq-platform-0' containerStatus 'hivemq' (started: false) (ready: false) (waiting: [PodInitializing] null)
2025-01-29 01:03:14,291 INFO c.h.h.t.HelmChartContainer - [EVENT] Normal [Created] Created container: hivemq-platform-operator-init [helmrestapiit:test-hivemq-platform-0]
2025-01-29 01:03:14,328 INFO c.h.h.t.HelmChartContainer - [EVENT] Normal [Started] Started container hivemq-platform-operator-init [helmrestapiit:test-hivemq-platform-0]
2025-01-29 01:03:14,333 INFO c.h.h.t.HelmChartContainer - [hivemq-test-hivemq-platform] [hivemq-platform-operator] [19ec27c4] 01:03:14.267 [ReconcilerExecutor-hivemq-controller-88] INFO  c.h.p.o.h.HiveMQPlatformReconcilerBaseHandler - [helmrest] HiveMQ Platform is starting, 0 of 1 replicas are ready
2025-01-29 01:03:14,565 INFO c.h.h.t.HelmChartContainer - [POD] test-hivemq-platform-0 [cceb4445-0408-4391-9c20-a380df5d3a86] in helmrestapiit was MODIFIED
2025-01-29 01:03:14,580 INFO c.h.h.t.HelmChartContainer - [hivemq-test-hivemq-platform] [hivemq-platform-operator] [19ec27c4] 01:03:14.572 [pool-6-thread-42] DEBUG c.h.p.o.d.PlatformServiceResource - [helmrest] Desired Platform services (4 services)
2025-01-29 01:03:14,587 INFO c.h.h.t.HelmChartContainer - [hivemq-test-hivemq-platform] [hivemq-platform-operator] [19ec27c4] 01:03:14.581 [pool-6-thread-43] DEBUG c.h.p.o.dependants.PodInfoConfigMap - [helmrest] Desired PodInfo ConfigMap (1 extensions) (1 enabled)
2025-01-29 01:03:14,588 INFO c.h.h.t.HelmChartContainer - [hivemq-test-hivemq-platform] [hivemq-platform-operator] [19ec27c4] 01:03:14.581 [pool-6-thread-43] DEBUG c.h.p.o.dependants.PodInfoConfigMap - [helmrest] Desired PodInfo ConfigMap (metrics port: 9399) (metrics path: /)
2025-01-29 01:03:14,588 INFO c.h.h.t.HelmChartContainer - [hivemq-test-hivemq-platform] [hivemq-platform-operator] [19ec27c4] 01:03:14.582 [pool-6-thread-43] DEBUG c.h.p.o.dependants.PodInfoConfigMap - [helmrest] Desired PodInfo ConfigMap (extension state hash: -1817474005)
2025-01-29 01:03:14,598 INFO c.h.h.t.HelmChartContainer - [hivemq-test-hivemq-platform] [hivemq-platform-operator] [19ec27c4] 01:03:14.589 [pool-6-thread-47] DEBUG c.h.p.o.d.PodServiceAccountResource - [helmrest] Desired PodServiceAccountResource (serviceAccountName: hivemq-platform-pod-test-hivemq-platform)
2025-01-29 01:03:14,598 INFO c.h.h.t.HelmChartContainer - [hivemq-test-hivemq-platform] [hivemq-platform-operator] [19ec27c4] 01:03:14.593 [pool-6-thread-49] DEBUG c.h.p.o.d.StatefulSetResource - [helmrest] Desired StatefulSet (1 replicas) for status STARTING (READY)
2025-01-29 01:03:14,654 INFO c.h.h.t.HelmChartContainer - [hivemq-test-hivemq-platform] [hivemq-platform-operator] [19ec27c4] 01:03:14.652 [ReconcilerExecutor-hivemq-controller-99] INFO  c.h.p.o.HiveMQPlatformReconciler - [helmrest] Reconciling HiveMQ Platform 'test-hivemq-platform' in namespace 'helmrestapiit'
2025-01-29 01:03:14,654 INFO c.h.h.t.HelmChartContainer - [hivemq-test-hivemq-platform] [hivemq-platform-operator] [19ec27c4] 01:03:14.652 [ReconcilerExecutor-hivemq-controller-99] DEBUG c.h.p.o.HiveMQPlatformReconciler - [helmrest] Custom Resource Status STARTING - HiveMQ Platform is starting (READY)
2025-01-29 01:03:14,654 INFO c.h.h.t.HelmChartContainer - [hivemq-test-hivemq-platform] [hivemq-platform-operator] [19ec27c4] 01:03:14.653 [ReconcilerExecutor-hivemq-controller-99] DEBUG c.h.p.o.HiveMQPlatformReconciler - [helmrest] Custom Resource Spec (replicas: 1) (extensions: 1)
2025-01-29 01:03:14,657 INFO c.h.h.t.HelmChartContainer - [hivemq-test-hivemq-platform] [hivemq-platform-operator] [19ec27c4] 01:03:14.656 [ReconcilerExecutor-hivemq-controller-99] DEBUG c.h.p.o.HiveMQPlatformReconciler - [helmrest] StatefulSet Status (revision: test-hivemq-platform-5997c57dcb, replicas: 1, available: 0, ready: 0, current: 1, updated: 1)
2025-01-29 01:03:14,658 INFO c.h.h.t.HelmChartContainer - [hivemq-test-hivemq-platform] [hivemq-platform-operator] [19ec27c4] 01:03:14.657 [ReconcilerExecutor-hivemq-controller-99] DEBUG c.h.p.o.HiveMQPlatformReconciler - [helmrest] StatefulSet Spec (replicas: 1, init containers: 1, containers: 1, volumes: 3)
2025-01-29 01:03:14,661 INFO c.h.h.t.HelmChartContainer - [hivemq-test-hivemq-platform] [hivemq-platform-operator] [19ec27c4] 01:03:14.660 [ReconcilerExecutor-hivemq-controller-99] DEBUG c.h.p.o.h.HiveMQPlatformReconcilerErrorHandler - [helmrest] Pod 'test-hivemq-platform-0' phase Pending
2025-01-29 01:03:14,662 INFO c.h.h.t.HelmChartContainer - [hivemq-test-hivemq-platform] [hivemq-platform-operator] [19ec27c4] 01:03:14.661 [ReconcilerExecutor-hivemq-controller-99] DEBUG c.h.p.o.h.HiveMQPlatformReconcilerErrorHandler - [helmrest] Pod 'test-hivemq-platform-0' condition 'PodReadyToStartContainers': True
2025-01-29 01:03:14,663 INFO c.h.h.t.HelmChartContainer - [hivemq-test-hivemq-platform] [hivemq-platform-operator] [19ec27c4] 01:03:14.661 [ReconcilerExecutor-hivemq-controller-99] DEBUG c.h.p.o.h.HiveMQPlatformReconcilerErrorHandler - [helmrest] Pod 'test-hivemq-platform-0' condition 'Initialized': False
2025-01-29 01:03:14,663 INFO c.h.h.t.HelmChartContainer - [hivemq-test-hivemq-platform] [hivemq-platform-operator] [19ec27c4] 01:03:14.661 [ReconcilerExecutor-hivemq-controller-99] DEBUG c.h.p.o.h.HiveMQPlatformReconcilerErrorHandler - [helmrest] Pod 'test-hivemq-platform-0' condition 'Ready': False
2025-01-29 01:03:14,663 INFO c.h.h.t.HelmChartContainer - [hivemq-test-hivemq-platform] [hivemq-platform-operator] [19ec27c4] 01:03:14.661 [ReconcilerExecutor-hivemq-controller-99] DEBUG c.h.p.o.h.HiveMQPlatformReconcilerErrorHandler - [helmrest] Pod 'test-hivemq-platform-0' condition 'ContainersReady': False
2025-01-29 01:03:14,663 INFO c.h.h.t.HelmChartContainer - [hivemq-test-hivemq-platform] [hivemq-platform-operator] [19ec27c4] 01:03:14.661 [ReconcilerExecutor-hivemq-controller-99] DEBUG c.h.p.o.h.HiveMQPlatformReconcilerErrorHandler - [helmrest] Pod 'test-hivemq-platform-0' condition 'PodScheduled': True
2025-01-29 01:03:14,663 INFO c.h.h.t.HelmChartContainer - [hivemq-test-hivemq-platform] [hivemq-platform-operator] [19ec27c4] 01:03:14.661 [ReconcilerExecutor-hivemq-controller-99] DEBUG c.h.p.o.h.HiveMQPlatformReconcilerErrorHandler - [helmrest] Pod 'test-hivemq-platform-0' containerStatus 'hivemq' (started: false) (ready: false) (waiting: [PodInitializing] null)
2025-01-29 01:03:14,663 INFO c.h.h.t.HelmChartContainer - [hivemq-test-hivemq-platform] [hivemq-platform-operator] [19ec27c4] 01:03:14.662 [ReconcilerExecutor-hivemq-controller-99] INFO  c.h.p.o.h.HiveMQPlatformReconcilerBaseHandler - [helmrest] HiveMQ Platform is starting, 0 of 1 replicas are ready
2025-01-29 01:03:15,565 INFO c.h.h.t.HelmChartContainer - [EVENT] Normal [Pulled] Container image "docker.io/hivemq/hivemq4:4.36.0" already present on machine [helmrestapiit:test-hivemq-platform-0]
2025-01-29 01:03:15,566 INFO c.h.h.t.HelmChartContainer - Received Pulled event for container hivemq in pod test-hivemq-platform-0 [cceb4445-0408-4391-9c20-a380df5d3a86]
2025-01-29 01:03:15,567 INFO c.h.h.t.HelmChartContainer - [POD] test-hivemq-platform-0 [cceb4445-0408-4391-9c20-a380df5d3a86] in helmrestapiit was MODIFIED
2025-01-29 01:03:15,578 INFO c.h.h.t.HelmChartContainer - [hivemq-test-hivemq-platform] [hivemq-platform-operator] [19ec27c4] 01:03:15.575 [pool-6-thread-9] DEBUG c.h.p.o.dependants.PodInfoConfigMap - [helmrest] Desired PodInfo ConfigMap (1 extensions) (1 enabled)
2025-01-29 01:03:15,578 INFO c.h.h.t.HelmChartContainer - [hivemq-test-hivemq-platform] [hivemq-platform-operator] [19ec27c4] 01:03:15.575 [pool-6-thread-9] DEBUG c.h.p.o.dependants.PodInfoConfigMap - [helmrest] Desired PodInfo ConfigMap (metrics port: 9399) (metrics path: /)
2025-01-29 01:03:15,579 INFO c.h.h.t.HelmChartContainer - [hivemq-test-hivemq-platform] [hivemq-platform-operator] [19ec27c4] 01:03:15.575 [pool-6-thread-9] DEBUG c.h.p.o.dependants.PodInfoConfigMap - [helmrest] Desired PodInfo ConfigMap (extension state hash: -1817474005)
2025-01-29 01:03:15,579 INFO c.h.h.t.HelmChartContainer - [hivemq-test-hivemq-platform] [hivemq-platform-operator] [19ec27c4] 01:03:15.575 [pool-6-thread-2] DEBUG c.h.p.o.d.PodServiceAccountResource - [helmrest] Desired PodServiceAccountResource (serviceAccountName: hivemq-platform-pod-test-hivemq-platform)
2025-01-29 01:03:15,579 INFO c.h.h.t.HelmChartContainer - [hivemq-test-hivemq-platform] [hivemq-platform-operator] [19ec27c4] 01:03:15.574 [pool-6-thread-3] DEBUG c.h.p.o.d.PlatformServiceResource - [helmrest] Desired Platform services (4 services)
2025-01-29 01:03:15,650 INFO c.h.h.t.HelmChartContainer - [hivemq-test-hivemq-platform] [hivemq-platform-operator] [19ec27c4] 01:03:15.586 [pool-6-thread-3] DEBUG c.h.p.o.d.StatefulSetResource - [helmrest] Desired StatefulSet (1 replicas) for status STARTING (READY)
2025-01-29 01:03:15,655 INFO c.h.h.t.HelmChartContainer - [hivemq-test-hivemq-platform] [hivemq-platform-operator] [19ec27c4] 01:03:15.654 [ReconcilerExecutor-hivemq-controller-110] INFO  c.h.p.o.HiveMQPlatformReconciler - [helmrest] Reconciling HiveMQ Platform 'test-hivemq-platform' in namespace 'helmrestapiit'
2025-01-29 01:03:15,656 INFO c.h.h.t.HelmChartContainer - [hivemq-test-hivemq-platform] [hivemq-platform-operator] [19ec27c4] 01:03:15.654 [ReconcilerExecutor-hivemq-controller-110] DEBUG c.h.p.o.HiveMQPlatformReconciler - [helmrest] Custom Resource Status STARTING - HiveMQ Platform is starting (READY)
2025-01-29 01:03:15,656 INFO c.h.h.t.HelmChartContainer - [hivemq-test-hivemq-platform] [hivemq-platform-operator] [19ec27c4] 01:03:15.654 [ReconcilerExecutor-hivemq-controller-110] DEBUG c.h.p.o.HiveMQPlatformReconciler - [helmrest] Custom Resource Spec (replicas: 1) (extensions: 1)
2025-01-29 01:03:15,657 INFO c.h.h.t.HelmChartContainer - [hivemq-test-hivemq-platform] [hivemq-platform-operator] [19ec27c4] 01:03:15.656 [ReconcilerExecutor-hivemq-controller-110] DEBUG c.h.p.o.HiveMQPlatformReconciler - [helmrest] StatefulSet Status (revision: test-hivemq-platform-5997c57dcb, replicas: 1, available: 0, ready: 0, current: 1, updated: 1)
2025-01-29 01:03:15,657 INFO c.h.h.t.HelmChartContainer - [hivemq-test-hivemq-platform] [hivemq-platform-operator] [19ec27c4] 01:03:15.656 [ReconcilerExecutor-hivemq-controller-110] DEBUG c.h.p.o.HiveMQPlatformReconciler - [helmrest] StatefulSet Spec (replicas: 1, init containers: 1, containers: 1, volumes: 3)
2025-01-29 01:03:15,660 INFO c.h.h.t.HelmChartContainer - [hivemq-test-hivemq-platform] [hivemq-platform-operator] [19ec27c4] 01:03:15.659 [ReconcilerExecutor-hivemq-controller-110] DEBUG c.h.p.o.h.HiveMQPlatformReconcilerErrorHandler - [helmrest] Pod 'test-hivemq-platform-0' phase Pending
2025-01-29 01:03:15,661 INFO c.h.h.t.HelmChartContainer - [hivemq-test-hivemq-platform] [hivemq-platform-operator] [19ec27c4] 01:03:15.659 [ReconcilerExecutor-hivemq-controller-110] DEBUG c.h.p.o.h.HiveMQPlatformReconcilerErrorHandler - [helmrest] Pod 'test-hivemq-platform-0' condition 'PodReadyToStartContainers': True
2025-01-29 01:03:15,661 INFO c.h.h.t.HelmChartContainer - [hivemq-test-hivemq-platform] [hivemq-platform-operator] [19ec27c4] 01:03:15.659 [ReconcilerExecutor-hivemq-controller-110] DEBUG c.h.p.o.h.HiveMQPlatformReconcilerErrorHandler - [helmrest] Pod 'test-hivemq-platform-0' condition 'Initialized': True
2025-01-29 01:03:15,661 INFO c.h.h.t.HelmChartContainer - [hivemq-test-hivemq-platform] [hivemq-platform-operator] [19ec27c4] 01:03:15.659 [ReconcilerExecutor-hivemq-controller-110] DEBUG c.h.p.o.h.HiveMQPlatformReconcilerErrorHandler - [helmrest] Pod 'test-hivemq-platform-0' condition 'Ready': False
2025-01-29 01:03:15,662 INFO c.h.h.t.HelmChartContainer - [hivemq-test-hivemq-platform] [hivemq-platform-operator] [19ec27c4] 01:03:15.659 [ReconcilerExecutor-hivemq-controller-110] DEBUG c.h.p.o.h.HiveMQPlatformReconcilerErrorHandler - [helmrest] Pod 'test-hivemq-platform-0' condition 'ContainersReady': False
2025-01-29 01:03:15,662 INFO c.h.h.t.HelmChartContainer - [hivemq-test-hivemq-platform] [hivemq-platform-operator] [19ec27c4] 01:03:15.659 [ReconcilerExecutor-hivemq-controller-110] DEBUG c.h.p.o.h.HiveMQPlatformReconcilerErrorHandler - [helmrest] Pod 'test-hivemq-platform-0' condition 'PodScheduled': True
2025-01-29 01:03:15,662 INFO c.h.h.t.HelmChartContainer - [hivemq-test-hivemq-platform] [hivemq-platform-operator] [19ec27c4] 01:03:15.659 [ReconcilerExecutor-hivemq-controller-110] DEBUG c.h.p.o.h.HiveMQPlatformReconcilerErrorHandler - [helmrest] Pod 'test-hivemq-platform-0' containerStatus 'hivemq' (started: false) (ready: false) (waiting: [PodInitializing] null)
2025-01-29 01:03:15,662 INFO c.h.h.t.HelmChartContainer - [hivemq-test-hivemq-platform] [hivemq-platform-operator] [19ec27c4] 01:03:15.660 [ReconcilerExecutor-hivemq-controller-110] INFO  c.h.p.o.h.HiveMQPlatformReconcilerBaseHandler - [helmrest] HiveMQ Platform is starting, 0 of 1 replicas are ready
2025-01-29 01:03:16,613 INFO c.h.h.t.HelmChartContainer - [EVENT] Normal [Created] Created container: hivemq [helmrestapiit:test-hivemq-platform-0]
2025-01-29 01:03:16,613 INFO c.h.h.t.HelmChartContainer - Received Created event for container hivemq in pod test-hivemq-platform-0 [cceb4445-0408-4391-9c20-a380df5d3a86]
2025-01-29 01:03:17,568 INFO c.h.h.t.HelmChartContainer - [POD] test-hivemq-platform-0 [cceb4445-0408-4391-9c20-a380df5d3a86] in helmrestapiit was MODIFIED
2025-01-29 01:03:17,579 INFO c.h.h.t.HelmChartContainer - [hivemq-test-hivemq-platform] [hivemq-platform-operator] [19ec27c4] 01:03:17.578 [pool-6-thread-15] DEBUG c.h.p.o.d.PlatformServiceResource - [helmrest] Desired Platform services (4 services)
2025-01-29 01:03:17,585 INFO c.h.h.t.HelmChartContainer - Started log watcher for hivemq in pod test-hivemq-platform-0 [cceb4445-0408-4391-9c20-a380df5d3a86]
2025-01-29 01:03:17,585 INFO c.h.h.t.HelmChartContainer - [EVENT] Normal [Started] Started container hivemq [helmrestapiit:test-hivemq-platform-0]
2025-01-29 01:03:17,587 INFO c.h.h.t.HelmChartContainer - Received Started event for container hivemq in pod test-hivemq-platform-0 [cceb4445-0408-4391-9c20-a380df5d3a86]
2025-01-29 01:03:17,586 INFO c.h.h.t.HelmChartContainer - [test-hivemq-platform] [hivemq] [cceb4445] Adding pre-installed HiveMQ Platform Operator extensions
2025-01-29 01:03:17,587 INFO c.h.h.t.HelmChartContainer - [hivemq-test-hivemq-platform] [hivemq-platform-operator] [19ec27c4] 01:03:17.583 [pool-6-thread-16] DEBUG c.h.p.o.d.PodServiceAccountResource - [helmrest] Desired PodServiceAccountResource (serviceAccountName: hivemq-platform-pod-test-hivemq-platform)
2025-01-29 01:03:17,588 INFO c.h.h.t.HelmChartContainer - [test-hivemq-platform] [hivemq] [cceb4445] Running as user 10000
2025-01-29 01:03:17,588 INFO c.h.h.t.HelmChartContainer - [test-hivemq-platform] [hivemq] [cceb4445] Starting HiveMQ Platform Operator Init
2025-01-29 01:03:17,589 INFO c.h.h.t.HelmChartContainer - [hivemq-test-hivemq-platform] [hivemq-platform-operator] [19ec27c4] 01:03:17.588 [pool-6-thread-19] DEBUG c.h.p.o.dependants.PodInfoConfigMap - [helmrest] Desired PodInfo ConfigMap (1 extensions) (1 enabled)
2025-01-29 01:03:17,590 INFO c.h.h.t.HelmChartContainer - [hivemq-test-hivemq-platform] [hivemq-platform-operator] [19ec27c4] 01:03:17.589 [pool-6-thread-19] DEBUG c.h.p.o.dependants.PodInfoConfigMap - [helmrest] Desired PodInfo ConfigMap (metrics port: 9399) (metrics path: /)
2025-01-29 01:03:17,591 INFO c.h.h.t.HelmChartContainer - [hivemq-test-hivemq-platform] [hivemq-platform-operator] [19ec27c4] 01:03:17.589 [pool-6-thread-19] DEBUG c.h.p.o.dependants.PodInfoConfigMap - [helmrest] Desired PodInfo ConfigMap (extension state hash: -1817474005)
2025-01-29 01:03:17,596 INFO c.h.h.t.HelmChartContainer - [hivemq-test-hivemq-platform] [hivemq-platform-operator] [19ec27c4] 01:03:17.595 [pool-6-thread-15] DEBUG c.h.p.o.d.StatefulSetResource - [helmrest] Desired StatefulSet (1 replicas) for status STARTING (READY)
2025-01-29 01:03:17,650 INFO c.h.h.t.HelmChartContainer - [hivemq-test-hivemq-platform] [hivemq-platform-operator] [19ec27c4] 01:03:17.649 [ReconcilerExecutor-hivemq-controller-111] INFO  c.h.p.o.HiveMQPlatformReconciler - [helmrest] Reconciling HiveMQ Platform 'test-hivemq-platform' in namespace 'helmrestapiit'
2025-01-29 01:03:17,650 INFO c.h.h.t.HelmChartContainer - [hivemq-test-hivemq-platform] [hivemq-platform-operator] [19ec27c4] 01:03:17.649 [ReconcilerExecutor-hivemq-controller-111] DEBUG c.h.p.o.HiveMQPlatformReconciler - [helmrest] Custom Resource Status STARTING - HiveMQ Platform is starting (READY)
2025-01-29 01:03:17,651 INFO c.h.h.t.HelmChartContainer - [hivemq-test-hivemq-platform] [hivemq-platform-operator] [19ec27c4] 01:03:17.649 [ReconcilerExecutor-hivemq-controller-111] DEBUG c.h.p.o.HiveMQPlatformReconciler - [helmrest] Custom Resource Spec (replicas: 1) (extensions: 1)
2025-01-29 01:03:17,654 INFO c.h.h.t.HelmChartContainer - [hivemq-test-hivemq-platform] [hivemq-platform-operator] [19ec27c4] 01:03:17.653 [ReconcilerExecutor-hivemq-controller-111] DEBUG c.h.p.o.HiveMQPlatformReconciler - [helmrest] StatefulSet Status (revision: test-hivemq-platform-5997c57dcb, replicas: 1, available: 0, ready: 0, current: 1, updated: 1)
2025-01-29 01:03:17,654 INFO c.h.h.t.HelmChartContainer - [hivemq-test-hivemq-platform] [hivemq-platform-operator] [19ec27c4] 01:03:17.653 [ReconcilerExecutor-hivemq-controller-111] DEBUG c.h.p.o.HiveMQPlatformReconciler - [helmrest] StatefulSet Spec (replicas: 1, init containers: 1, containers: 1, volumes: 3)
2025-01-29 01:03:17,656 INFO c.h.h.t.HelmChartContainer - [hivemq-test-hivemq-platform] [hivemq-platform-operator] [19ec27c4] 01:03:17.655 [ReconcilerExecutor-hivemq-controller-111] DEBUG c.h.p.o.h.HiveMQPlatformReconcilerErrorHandler - [helmrest] Pod 'test-hivemq-platform-0' phase Running
2025-01-29 01:03:17,656 INFO c.h.h.t.HelmChartContainer - [hivemq-test-hivemq-platform] [hivemq-platform-operator] [19ec27c4] 01:03:17.656 [ReconcilerExecutor-hivemq-controller-111] INFO  c.h.p.o.h.HiveMQPlatformReconcilerBaseHandler - [helmrest] HiveMQ Platform is starting, 0 of 1 replicas are ready
2025-01-29 01:03:17,810 INFO c.h.h.t.HelmChartContainer - [test-hivemq-platform] [hivemq] [cceb4445] INFO  - [HiveMQ Platform Operator Init 1.7.0-SNAPSHOT] HiveMQ Platform Operator Init 1.7.0-SNAPSHOT (commit: bebf408 on branch: HEAD) built on Sun Jan 26 20:47:47 UTC 2025
2025-01-29 01:03:18,913 INFO c.h.h.t.HelmChartContainer - [test-hivemq-platform] [hivemq] [cceb4445] INFO  - [HiveMQ Platform Operator Init App 1.7.0-SNAPSHOT] Using bind address 10.42.0.13 from environment variable
2025-01-29 01:03:19,812 INFO c.h.h.t.HelmChartContainer - [test-hivemq-platform] [hivemq] [cceb4445] INFO  - [HiveMQ Platform Operator Init App 1.7.0-SNAPSHOT] HiveMQ Platform Operator Init App 1.7.0-SNAPSHOT (commit: bebf408 on branch: HEAD) built on Sun Jan 26 20:47:47 UTC 2025
2025-01-29 01:03:19,812 INFO c.h.h.t.HelmChartContainer - [test-hivemq-platform] [hivemq] [cceb4445] INFO  - [HiveMQ Platform Operator Init App 1.7.0-SNAPSHOT] PodInfo ConfigMap directory: /etc/podinfo
2025-01-29 01:03:19,812 INFO c.h.h.t.HelmChartContainer - [test-hivemq-platform] [hivemq] [cceb4445] INFO  - [HiveMQ Platform Operator Init App 1.7.0-SNAPSHOT] HiveMQ home directory: /opt/hivemq
2025-01-29 01:03:19,812 INFO c.h.h.t.HelmChartContainer - [test-hivemq-platform] [hivemq] [cceb4445] INFO  - [HiveMQ Platform Operator Init App 1.7.0-SNAPSHOT] HiveMQ Logback folder: /opt/hivemq/conf
2025-01-29 01:03:19,812 INFO c.h.h.t.HelmChartContainer - [test-hivemq-platform] [hivemq] [cceb4445] INFO  - [HiveMQ Platform Operator Init App 1.7.0-SNAPSHOT] HiveMQ Config folder: /opt/hivemq/conf-k8s
2025-01-29 01:03:19,813 INFO c.h.h.t.HelmChartContainer - [test-hivemq-platform] [hivemq] [cceb4445] INFO  - [HiveMQ Platform Operator Init App 1.7.0-SNAPSHOT] Starting HiveMQ Platform Operator Init App
2025-01-29 01:03:19,813 INFO c.h.h.t.HelmChartContainer - [test-hivemq-platform] [hivemq] [cceb4445] INFO  - [HiveMQ Platform Operator Init App 1.7.0-SNAPSHOT] Starting Pod reconciler
2025-01-29 01:03:20,912 INFO c.h.h.t.HelmChartContainer - [test-hivemq-platform] [hivemq] [cceb4445] INFO  - [HiveMQ Platform Operator Init App 1.7.0-SNAPSHOT] Pod reconciler is scheduled (interval: 5000 ms)
2025-01-29 01:03:20,913 INFO c.h.h.t.HelmChartContainer - [test-hivemq-platform] [hivemq] [cceb4445] INFO  - [HiveMQ Platform Operator Init App 1.7.0-SNAPSHOT] Starting the REST API on 10.42.0.13:7979
2025-01-29 01:03:20,915 INFO c.h.h.t.HelmChartContainer - [test-hivemq-platform] [hivemq] [cceb4445] INFO  - [HiveMQ Platform Operator Init App 1.7.0-SNAPSHOT] Waiting up to 600s for at most 1 HiveMQ nodes in cluster service hivemq-test-hivemq-platform-cluster.helmrestapiit.svc
2025-01-29 01:03:21,221 INFO c.h.h.t.HelmChartContainer - [test-hivemq-platform] [hivemq] [cceb4445] INFO  - [HiveMQ Platform Operator Init App 1.7.0-SNAPSHOT] Resolved 1 IP addresses: [10.42.0.13]
2025-01-29 01:03:21,221 INFO c.h.h.t.HelmChartContainer - [test-hivemq-platform] [hivemq] [cceb4445] INFO  - [HiveMQ Platform Operator Init App 1.7.0-SNAPSHOT] HiveMQ node count of 1 is within threshold of 1
2025-01-29 01:03:21,222 INFO c.h.h.t.HelmChartContainer - [test-hivemq-platform] [hivemq] [cceb4445] INFO  - [HiveMQ Platform Operator Init App 1.7.0-SNAPSHOT] Proceeding with container start
2025-01-29 01:03:21,320 INFO c.h.h.t.HelmChartContainer - [test-hivemq-platform] [hivemq] [cceb4445] INFO  - [HiveMQ Platform Operator Init App 1.7.0-SNAPSHOT] Initializing HiveMQ Platform extensions with initial configuration: {hivemq-allow-all-extension={start-priority=-1, skip-https-hostname-verification=false, restart=true, config-version=0, header-version=0, c-uri=, priority=-1, uri=preinstalled, skip-https-certificate-validation=false, enabled=true}, hivemq-prometheus-extension={request-header-path=no-request-headers, uri=preinstalled, skip-https-certificate-validation=false, skip-https-hostname-verification=false, c-uri=, start-priority=-1, priority=-1, restart=true, enabled=true}}
2025-01-29 01:03:21,805 INFO c.h.h.t.HelmChartContainer - [test-hivemq-platform] [hivemq] [cceb4445] INFO  - [HiveMQ Platform Operator Init App 1.7.0-SNAPSHOT] Extension hivemq-allow-all-extension was already enabled
2025-01-29 01:03:21,898 INFO c.h.h.t.HelmChartContainer - [test-hivemq-platform] [hivemq] [cceb4445] INFO  - [HiveMQ Platform Operator Init App 1.7.0-SNAPSHOT] Successfully enabled extension hivemq-prometheus-extension
2025-01-29 01:03:21,899 INFO c.h.h.t.HelmChartContainer - [test-hivemq-platform] [hivemq] [cceb4445] INFO  - [HiveMQ Platform Operator Init App 1.7.0-SNAPSHOT] Starting HiveMQ Platform version 4.36.0 (4.36.0)
2025-01-29 01:03:21,899 INFO c.h.h.t.HelmChartContainer - [test-hivemq-platform] [hivemq] [cceb4445] INFO  - [HiveMQ Platform Operator Init App 1.7.0-SNAPSHOT] Configuring the HiveMQ Platform
2025-01-29 01:03:21,911 INFO c.h.h.t.HelmChartContainer - [test-hivemq-platform] [hivemq] [cceb4445] INFO  - [HiveMQ Platform Operator Init App 1.7.0-SNAPSHOT] Changed logback.xml file scan period to 20 seconds
2025-01-29 01:03:22,009 INFO c.h.h.t.HelmChartContainer - [test-hivemq-platform] [hivemq] [cceb4445] INFO  - [HiveMQ Platform Operator Init App 1.7.0-SNAPSHOT] Starting the HiveMQ Platform
2025-01-29 01:03:22,012 INFO c.h.h.t.HelmChartContainer - [test-hivemq-platform] [hivemq] [cceb4445] -------------------------------------------------------------------------
2025-01-29 01:03:22,012 INFO c.h.h.t.HelmChartContainer - [test-hivemq-platform] [hivemq] [cceb4445] 
2025-01-29 01:03:22,012 INFO c.h.h.t.HelmChartContainer - [test-hivemq-platform] [hivemq] [cceb4445]                   _    _  _              __  __   ____
2025-01-29 01:03:22,012 INFO c.h.h.t.HelmChartContainer - [test-hivemq-platform] [hivemq] [cceb4445]                  | |  | |(_)            |  \/  | / __ \
2025-01-29 01:03:22,012 INFO c.h.h.t.HelmChartContainer - [test-hivemq-platform] [hivemq] [cceb4445]                  | |__| | _ __   __ ___ | \  / || |  | |
2025-01-29 01:03:22,012 INFO c.h.h.t.HelmChartContainer - [test-hivemq-platform] [hivemq] [cceb4445]                  |  __  || |\ \ / // _ \| |\/| || |  | |
2025-01-29 01:03:22,012 INFO c.h.h.t.HelmChartContainer - [test-hivemq-platform] [hivemq] [cceb4445]                  | |  | || | \ V /|  __/| |  | || |__| |
2025-01-29 01:03:22,012 INFO c.h.h.t.HelmChartContainer - [test-hivemq-platform] [hivemq] [cceb4445]                  |_|  |_||_|  \_/  \___||_|  |_| \___\_\
2025-01-29 01:03:22,012 INFO c.h.h.t.HelmChartContainer - [test-hivemq-platform] [hivemq] [cceb4445] 
2025-01-29 01:03:22,012 INFO c.h.h.t.HelmChartContainer - [test-hivemq-platform] [hivemq] [cceb4445] -------------------------------------------------------------------------
2025-01-29 01:03:22,012 INFO c.h.h.t.HelmChartContainer - [test-hivemq-platform] [hivemq] [cceb4445] 
2025-01-29 01:03:22,012 INFO c.h.h.t.HelmChartContainer - [test-hivemq-platform] [hivemq] [cceb4445]   HiveMQ Start Script for Linux/Unix v1.14
2025-01-29 01:03:22,012 INFO c.h.h.t.HelmChartContainer - [test-hivemq-platform] [hivemq] [cceb4445] 
2025-01-29 01:03:22,112 INFO c.h.h.t.HelmChartContainer - [test-hivemq-platform] [hivemq] [cceb4445] -------------------------------------------------------------------------
2025-01-29 01:03:22,113 INFO c.h.h.t.HelmChartContainer - [test-hivemq-platform] [hivemq] [cceb4445] 
2025-01-29 01:03:22,113 INFO c.h.h.t.HelmChartContainer - [test-hivemq-platform] [hivemq] [cceb4445]   HIVEMQ_HOME: /opt/hivemq
2025-01-29 01:03:22,114 INFO c.h.h.t.HelmChartContainer - [test-hivemq-platform] [hivemq] [cceb4445] 
2025-01-29 01:03:22,114 INFO c.h.h.t.HelmChartContainer - [test-hivemq-platform] [hivemq] [cceb4445]   JAVA_OPTS: -XX:+UnlockExperimentalVMOptions -XX:InitialRAMPercentage=50 -XX:MaxRAMPercentage=50 -Djava.net.preferIPv4Stack=true --add-opens java.base/java.lang=ALL-UNNAMED --add-opens java.base/java.nio=ALL-UNNAMED --add-opens java.base/sun.nio.ch=ALL-UNNAMED --add-opens jdk.management/com.sun.management.internal=ALL-UNNAMED --add-exports java.base/jdk.internal.misc=ALL-UNNAMED -Djava.security.egd=file:/dev/./urandom -Dcom.sun.management.jmxremote -Dcom.sun.management.jmxremote.port=9010 -Dcom.sun.management.jmxremote.local.only=false -Dcom.sun.management.jmxremote.authenticate=false -Dcom.sun.management.jmxremote.ssl=false -Duser.language=en -Duser.region=US -XX:+CrashOnOutOfMemoryError -XX:+HeapDumpOnOutOfMemoryError
2025-01-29 01:03:22,114 INFO c.h.h.t.HelmChartContainer - [test-hivemq-platform] [hivemq] [cceb4445] 
2025-01-29 01:03:22,114 INFO c.h.h.t.HelmChartContainer - [test-hivemq-platform] [hivemq] [cceb4445]   JAVA_VERSION: 21
2025-01-29 01:03:22,114 INFO c.h.h.t.HelmChartContainer - [test-hivemq-platform] [hivemq] [cceb4445] 
2025-01-29 01:03:22,114 INFO c.h.h.t.HelmChartContainer - [test-hivemq-platform] [hivemq] [cceb4445] -------------------------------------------------------------------------
2025-01-29 01:03:22,114 INFO c.h.h.t.HelmChartContainer - [test-hivemq-platform] [hivemq] [cceb4445] 
2025-01-29 01:03:23,606 INFO c.h.h.t.HelmChartContainer - [test-hivemq-platform] [hivemq] [cceb4445] INFO  - [HiveMQ Platform Operator Init App 1.7.0-SNAPSHOT] Returning default Health API response 503 for readiness
2025-01-29 01:03:23,914 INFO c.h.h.t.HelmChartContainer - [EVENT] Warning [Unhealthy] Readiness probe failed: HTTP probe failed with statuscode: 503 [helmrestapiit:test-hivemq-platform-0]
2025-01-29 01:03:23,914 INFO c.h.h.t.HelmChartContainer - Received Unhealthy event for container hivemq in pod test-hivemq-platform-0 [cceb4445-0408-4391-9c20-a380df5d3a86]
2025-01-29 01:03:24,703 INFO c.h.h.t.HelmChartContainer - [test-hivemq-platform] [hivemq] [cceb4445] INFO  - Starting HiveMQ Enterprise Server
2025-01-29 01:03:24,708 INFO c.h.h.t.HelmChartContainer - [test-hivemq-platform] [hivemq] [cceb4445] INFO  - HiveMQ version: 4.36.0
2025-01-29 01:03:24,708 INFO c.h.h.t.HelmChartContainer - [test-hivemq-platform] [hivemq] [cceb4445] INFO  - HiveMQ home directory: /opt/hivemq
2025-01-29 01:03:24,709 INFO c.h.h.t.HelmChartContainer - [test-hivemq-platform] [hivemq] [cceb4445] INFO  - Log Configuration was overridden by /opt/hivemq/conf/logback.xml
2025-01-29 01:03:25,900 INFO c.h.h.t.HelmChartContainer - [test-hivemq-platform] [hivemq] [cceb4445] INFO  - Successfully loaded configuration from '/opt/hivemq/conf-k8s/config.xml'.
2025-01-29 01:03:26,501 INFO c.h.h.t.HelmChartContainer - [test-hivemq-platform] [hivemq] [cceb4445] INFO  - This node's ID is HBrfc
2025-01-29 01:03:26,501 INFO c.h.h.t.HelmChartContainer - [test-hivemq-platform] [hivemq] [cceb4445] INFO  - Clustering is enabled
2025-01-29 01:03:27,662 INFO c.h.h.t.HelmChartContainer - [hivemq-test-hivemq-platform] [hivemq-platform-operator] [19ec27c4] 01:03:27.659 [pool-6-thread-25] DEBUG c.h.p.o.d.PlatformServiceResource - [helmrest] Desired Platform services (4 services)
2025-01-29 01:03:27,662 INFO c.h.h.t.HelmChartContainer - [hivemq-test-hivemq-platform] [hivemq-platform-operator] [19ec27c4] 01:03:27.660 [pool-6-thread-23] DEBUG c.h.p.o.dependants.PodInfoConfigMap - [helmrest] Desired PodInfo ConfigMap (1 extensions) (1 enabled)
2025-01-29 01:03:27,662 INFO c.h.h.t.HelmChartContainer - [hivemq-test-hivemq-platform] [hivemq-platform-operator] [19ec27c4] 01:03:27.660 [pool-6-thread-23] DEBUG c.h.p.o.dependants.PodInfoConfigMap - [helmrest] Desired PodInfo ConfigMap (metrics port: 9399) (metrics path: /)
2025-01-29 01:03:27,662 INFO c.h.h.t.HelmChartContainer - [hivemq-test-hivemq-platform] [hivemq-platform-operator] [19ec27c4] 01:03:27.660 [pool-6-thread-23] DEBUG c.h.p.o.dependants.PodInfoConfigMap - [helmrest] Desired PodInfo ConfigMap (extension state hash: -1817474005)
2025-01-29 01:03:27,664 INFO c.h.h.t.HelmChartContainer - [hivemq-test-hivemq-platform] [hivemq-platform-operator] [19ec27c4] 01:03:27.662 [pool-6-thread-27] DEBUG c.h.p.o.d.PodServiceAccountResource - [helmrest] Desired PodServiceAccountResource (serviceAccountName: hivemq-platform-pod-test-hivemq-platform)
2025-01-29 01:03:27,668 INFO c.h.h.t.HelmChartContainer - [hivemq-test-hivemq-platform] [hivemq-platform-operator] [19ec27c4] 01:03:27.668 [pool-6-thread-25] DEBUG c.h.p.o.d.StatefulSetResource - [helmrest] Desired StatefulSet (1 replicas) for status STARTING (READY)
2025-01-29 01:03:27,672 INFO c.h.h.t.HelmChartContainer - [hivemq-test-hivemq-platform] [hivemq-platform-operator] [19ec27c4] 01:03:27.671 [ReconcilerExecutor-hivemq-controller-112] INFO  c.h.p.o.HiveMQPlatformReconciler - [helmrest] Reconciling HiveMQ Platform 'test-hivemq-platform' in namespace 'helmrestapiit'
2025-01-29 01:03:27,672 INFO c.h.h.t.HelmChartContainer - [hivemq-test-hivemq-platform] [hivemq-platform-operator] [19ec27c4] 01:03:27.671 [ReconcilerExecutor-hivemq-controller-112] DEBUG c.h.p.o.HiveMQPlatformReconciler - [helmrest] Custom Resource Status STARTING - HiveMQ Platform is starting (READY)
2025-01-29 01:03:27,672 INFO c.h.h.t.HelmChartContainer - [hivemq-test-hivemq-platform] [hivemq-platform-operator] [19ec27c4] 01:03:27.671 [ReconcilerExecutor-hivemq-controller-112] DEBUG c.h.p.o.HiveMQPlatformReconciler - [helmrest] Custom Resource Spec (replicas: 1) (extensions: 1)
2025-01-29 01:03:27,673 INFO c.h.h.t.HelmChartContainer - [hivemq-test-hivemq-platform] [hivemq-platform-operator] [19ec27c4] 01:03:27.673 [ReconcilerExecutor-hivemq-controller-112] DEBUG c.h.p.o.HiveMQPlatformReconciler - [helmrest] StatefulSet Status (revision: test-hivemq-platform-5997c57dcb, replicas: 1, available: 0, ready: 0, current: 1, updated: 1)
2025-01-29 01:03:27,673 INFO c.h.h.t.HelmChartContainer - [hivemq-test-hivemq-platform] [hivemq-platform-operator] [19ec27c4] 01:03:27.673 [ReconcilerExecutor-hivemq-controller-112] DEBUG c.h.p.o.HiveMQPlatformReconciler - [helmrest] StatefulSet Spec (replicas: 1, init containers: 1, containers: 1, volumes: 3)
2025-01-29 01:03:27,674 INFO c.h.h.t.HelmChartContainer - [hivemq-test-hivemq-platform] [hivemq-platform-operator] [19ec27c4] 01:03:27.674 [ReconcilerExecutor-hivemq-controller-112] DEBUG c.h.p.o.h.HiveMQPlatformReconcilerErrorHandler - [helmrest] Pod 'test-hivemq-platform-0' phase Running
2025-01-29 01:03:27,675 INFO c.h.h.t.HelmChartContainer - [hivemq-test-hivemq-platform] [hivemq-platform-operator] [19ec27c4] 01:03:27.674 [ReconcilerExecutor-hivemq-controller-112] INFO  c.h.p.o.h.HiveMQPlatformReconcilerBaseHandler - [helmrest] HiveMQ Platform is starting, 0 of 1 replicas are ready
2025-01-29 01:03:28,910 INFO c.h.h.t.HelmChartContainer - [test-hivemq-platform] [hivemq] [cceb4445] WARN  - [HiveMQ Platform Operator Init App 1.7.0-SNAPSHOT] Cannot connect to Health API for readiness: null
2025-01-29 01:03:28,913 INFO c.h.h.t.HelmChartContainer - [EVENT] Warning [Unhealthy] Readiness probe failed: HTTP probe failed with statuscode: 503 [helmrestapiit:test-hivemq-platform-0]
2025-01-29 01:03:28,913 INFO c.h.h.t.HelmChartContainer - Received Unhealthy event for container hivemq in pod test-hivemq-platform-0 [cceb4445-0408-4391-9c20-a380df5d3a86]
2025-01-29 01:03:31,212 INFO c.h.h.t.HelmChartContainer - [test-hivemq-platform] [hivemq] [cceb4445] Jan 29, 2025 1:03:31 AM io.vertx.core.impl.BlockedThreadChecker
2025-01-29 01:03:31,212 INFO c.h.h.t.HelmChartContainer - [test-hivemq-platform] [hivemq] [cceb4445] WARNING: Thread Thread[vert.x-eventloop-thread-1,5,main] has been blocked for 2399 ms, time limit is 2000 ms
2025-01-29 01:03:31,704 INFO c.h.h.t.HelmChartContainer - [test-hivemq-platform] [hivemq] [cceb4445] INFO  - [HiveMQ Platform Operator Init App 1.7.0-SNAPSHOT] Updating Pod HiveMQ Platform Operator Init App version annotation (version: 1.7.0-SNAPSHOT)
2025-01-29 01:03:32,318 INFO c.h.h.t.HelmChartContainer - [POD] test-hivemq-platform-0 [cceb4445-0408-4391-9c20-a380df5d3a86] in helmrestapiit was MODIFIED
2025-01-29 01:03:32,328 INFO c.h.h.t.HelmChartContainer - [hivemq-test-hivemq-platform] [hivemq-platform-operator] [19ec27c4] 01:03:32.325 [pool-6-thread-33] DEBUG c.h.p.o.d.PlatformServiceResource - [helmrest] Desired Platform services (4 services)
2025-01-29 01:03:32,328 INFO c.h.h.t.HelmChartContainer - [hivemq-test-hivemq-platform] [hivemq-platform-operator] [19ec27c4] 01:03:32.326 [pool-6-thread-36] DEBUG c.h.p.o.dependants.PodInfoConfigMap - [helmrest] Desired PodInfo ConfigMap (1 extensions) (1 enabled)
2025-01-29 01:03:32,328 INFO c.h.h.t.HelmChartContainer - [hivemq-test-hivemq-platform] [hivemq-platform-operator] [19ec27c4] 01:03:32.326 [pool-6-thread-36] DEBUG c.h.p.o.dependants.PodInfoConfigMap - [helmrest] Desired PodInfo ConfigMap (metrics port: 9399) (metrics path: /)
2025-01-29 01:03:32,328 INFO c.h.h.t.HelmChartContainer - [hivemq-test-hivemq-platform] [hivemq-platform-operator] [19ec27c4] 01:03:32.327 [pool-6-thread-36] DEBUG c.h.p.o.dependants.PodInfoConfigMap - [helmrest] Desired PodInfo ConfigMap (extension state hash: -1817474005)
2025-01-29 01:03:32,331 INFO c.h.h.t.HelmChartContainer - [hivemq-test-hivemq-platform] [hivemq-platform-operator] [19ec27c4] 01:03:32.328 [pool-6-thread-37] DEBUG c.h.p.o.d.PodServiceAccountResource - [helmrest] Desired PodServiceAccountResource (serviceAccountName: hivemq-platform-pod-test-hivemq-platform)
2025-01-29 01:03:32,334 INFO c.h.h.t.HelmChartContainer - [hivemq-test-hivemq-platform] [hivemq-platform-operator] [19ec27c4] 01:03:32.333 [pool-6-thread-33] DEBUG c.h.p.o.d.StatefulSetResource - [helmrest] Desired StatefulSet (1 replicas) for status STARTING (READY)
2025-01-29 01:03:32,339 INFO c.h.h.t.HelmChartContainer - [hivemq-test-hivemq-platform] [hivemq-platform-operator] [19ec27c4] 01:03:32.337 [ReconcilerExecutor-hivemq-controller-113] INFO  c.h.p.o.HiveMQPlatformReconciler - [helmrest] Reconciling HiveMQ Platform 'test-hivemq-platform' in namespace 'helmrestapiit'
2025-01-29 01:03:32,339 INFO c.h.h.t.HelmChartContainer - [hivemq-test-hivemq-platform] [hivemq-platform-operator] [19ec27c4] 01:03:32.337 [ReconcilerExecutor-hivemq-controller-113] DEBUG c.h.p.o.HiveMQPlatformReconciler - [helmrest] Custom Resource Status STARTING - HiveMQ Platform is starting (READY)
2025-01-29 01:03:32,339 INFO c.h.h.t.HelmChartContainer - [hivemq-test-hivemq-platform] [hivemq-platform-operator] [19ec27c4] 01:03:32.337 [ReconcilerExecutor-hivemq-controller-113] DEBUG c.h.p.o.HiveMQPlatformReconciler - [helmrest] Custom Resource Spec (replicas: 1) (extensions: 1)
2025-01-29 01:03:32,339 INFO c.h.h.t.HelmChartContainer - [hivemq-test-hivemq-platform] [hivemq-platform-operator] [19ec27c4] 01:03:32.339 [ReconcilerExecutor-hivemq-controller-113] DEBUG c.h.p.o.HiveMQPlatformReconciler - [helmrest] StatefulSet Status (revision: test-hivemq-platform-5997c57dcb, replicas: 1, available: 0, ready: 0, current: 1, updated: 1)
2025-01-29 01:03:32,339 INFO c.h.h.t.HelmChartContainer - [hivemq-test-hivemq-platform] [hivemq-platform-operator] [19ec27c4] 01:03:32.339 [ReconcilerExecutor-hivemq-controller-113] DEBUG c.h.p.o.HiveMQPlatformReconciler - [helmrest] StatefulSet Spec (replicas: 1, init containers: 1, containers: 1, volumes: 3)
2025-01-29 01:03:32,349 INFO c.h.h.t.HelmChartContainer - [hivemq-test-hivemq-platform] [hivemq-platform-operator] [19ec27c4] 01:03:32.349 [ReconcilerExecutor-hivemq-controller-113] DEBUG c.h.p.o.h.HiveMQPlatformReconcilerErrorHandler - [helmrest] Pod 'test-hivemq-platform-0' phase Running
2025-01-29 01:03:32,351 INFO c.h.h.t.HelmChartContainer - [hivemq-test-hivemq-platform] [hivemq-platform-operator] [19ec27c4] 01:03:32.349 [ReconcilerExecutor-hivemq-controller-113] INFO  c.h.p.o.h.HiveMQPlatformReconcilerBaseHandler - [helmrest] HiveMQ Platform is starting, 0 of 1 replicas are ready
2025-01-29 01:03:32,406 INFO c.h.h.t.HelmChartContainer - [test-hivemq-platform] [hivemq] [cceb4445] WARN  - [HiveMQ Platform Operator Init App 1.7.0-SNAPSHOT] Cannot connect to Health API for readiness: null
2025-01-29 01:03:32,407 INFO c.h.h.t.HelmChartContainer - [test-hivemq-platform] [hivemq] [cceb4445] INFO  - [HiveMQ Platform Operator Init App 1.7.0-SNAPSHOT] Successfully updated Pod HiveMQ Platform Operator Init App version annotation (version: 1.7.0-SNAPSHOT)
2025-01-29 01:03:32,413 INFO c.h.h.t.HelmChartContainer - [EVENT] Warning [Unhealthy] Readiness probe failed: HTTP probe failed with statuscode: 503 [helmrestapiit:test-hivemq-platform-0]
2025-01-29 01:03:32,413 INFO c.h.h.t.HelmChartContainer - Received Unhealthy event for container hivemq in pod test-hivemq-platform-0 [cceb4445-0408-4391-9c20-a380df5d3a86]
2025-01-29 01:03:37,403 INFO c.h.h.t.HelmChartContainer - [test-hivemq-platform] [hivemq] [cceb4445] WARN  - [HiveMQ Platform Operator Init App 1.7.0-SNAPSHOT] Cannot connect to Health API for readiness: null
2025-01-29 01:03:37,408 INFO c.h.h.t.HelmChartContainer - [EVENT] Warning [Unhealthy] Readiness probe failed: HTTP probe failed with statuscode: 503 [helmrestapiit:test-hivemq-platform-0]
2025-01-29 01:03:37,408 INFO c.h.h.t.HelmChartContainer - Received Unhealthy event for container hivemq in pod test-hivemq-platform-0 [cceb4445-0408-4391-9c20-a380df5d3a86]
2025-01-29 01:03:42,354 INFO c.h.h.t.HelmChartContainer - [hivemq-test-hivemq-platform] [hivemq-platform-operator] [19ec27c4] 01:03:42.353 [pool-6-thread-45] DEBUG c.h.p.o.d.PlatformServiceResource - [helmrest] Desired Platform services (4 services)
2025-01-29 01:03:42,356 INFO c.h.h.t.HelmChartContainer - [hivemq-test-hivemq-platform] [hivemq-platform-operator] [19ec27c4] 01:03:42.355 [pool-6-thread-43] DEBUG c.h.p.o.d.PodServiceAccountResource - [helmrest] Desired PodServiceAccountResource (serviceAccountName: hivemq-platform-pod-test-hivemq-platform)
2025-01-29 01:03:42,358 INFO c.h.h.t.HelmChartContainer - [hivemq-test-hivemq-platform] [hivemq-platform-operator] [19ec27c4] 01:03:42.355 [pool-6-thread-50] DEBUG c.h.p.o.dependants.PodInfoConfigMap - [helmrest] Desired PodInfo ConfigMap (1 extensions) (1 enabled)
2025-01-29 01:03:42,359 INFO c.h.h.t.HelmChartContainer - [hivemq-test-hivemq-platform] [hivemq-platform-operator] [19ec27c4] 01:03:42.358 [pool-6-thread-50] DEBUG c.h.p.o.dependants.PodInfoConfigMap - [helmrest] Desired PodInfo ConfigMap (metrics port: 9399) (metrics path: /)
2025-01-29 01:03:42,360 INFO c.h.h.t.HelmChartContainer - [hivemq-test-hivemq-platform] [hivemq-platform-operator] [19ec27c4] 01:03:42.359 [pool-6-thread-50] DEBUG c.h.p.o.dependants.PodInfoConfigMap - [helmrest] Desired PodInfo ConfigMap (extension state hash: -1817474005)
2025-01-29 01:03:42,365 INFO c.h.h.t.HelmChartContainer - [hivemq-test-hivemq-platform] [hivemq-platform-operator] [19ec27c4] 01:03:42.365 [pool-6-thread-45] DEBUG c.h.p.o.d.StatefulSetResource - [helmrest] Desired StatefulSet (1 replicas) for status STARTING (READY)
2025-01-29 01:03:42,369 INFO c.h.h.t.HelmChartContainer - [hivemq-test-hivemq-platform] [hivemq-platform-operator] [19ec27c4] 01:03:42.369 [ReconcilerExecutor-hivemq-controller-114] INFO  c.h.p.o.HiveMQPlatformReconciler - [helmrest] Reconciling HiveMQ Platform 'test-hivemq-platform' in namespace 'helmrestapiit'
2025-01-29 01:03:42,370 INFO c.h.h.t.HelmChartContainer - [hivemq-test-hivemq-platform] [hivemq-platform-operator] [19ec27c4] 01:03:42.369 [ReconcilerExecutor-hivemq-controller-114] DEBUG c.h.p.o.HiveMQPlatformReconciler - [helmrest] Custom Resource Status STARTING - HiveMQ Platform is starting (READY)
2025-01-29 01:03:42,370 INFO c.h.h.t.HelmChartContainer - [hivemq-test-hivemq-platform] [hivemq-platform-operator] [19ec27c4] 01:03:42.369 [ReconcilerExecutor-hivemq-controller-114] DEBUG c.h.p.o.HiveMQPlatformReconciler - [helmrest] Custom Resource Spec (replicas: 1) (extensions: 1)
2025-01-29 01:03:42,400 INFO c.h.h.t.HelmChartContainer - [test-hivemq-platform] [hivemq] [cceb4445] WARN  - [HiveMQ Platform Operator Init App 1.7.0-SNAPSHOT] Cannot connect to Health API for readiness: null
2025-01-29 01:03:42,405 INFO c.h.h.t.HelmChartContainer - [EVENT] Warning [Unhealthy] Readiness probe failed: HTTP probe failed with statuscode: 503 [helmrestapiit:test-hivemq-platform-0]
2025-01-29 01:03:42,405 INFO c.h.h.t.HelmChartContainer - Received Unhealthy event for container hivemq in pod test-hivemq-platform-0 [cceb4445-0408-4391-9c20-a380df5d3a86]
2025-01-29 01:03:42,457 INFO c.h.h.t.HelmChartContainer - [hivemq-test-hivemq-platform] [hivemq-platform-operator] [19ec27c4] 01:03:42.456 [ReconcilerExecutor-hivemq-controller-114] DEBUG c.h.p.o.HiveMQPlatformReconciler - [helmrest] StatefulSet Status (revision: test-hivemq-platform-5997c57dcb, replicas: 1, available: 0, ready: 0, current: 1, updated: 1)
2025-01-29 01:03:42,457 INFO c.h.h.t.HelmChartContainer - [hivemq-test-hivemq-platform] [hivemq-platform-operator] [19ec27c4] 01:03:42.456 [ReconcilerExecutor-hivemq-controller-114] DEBUG c.h.p.o.HiveMQPlatformReconciler - [helmrest] StatefulSet Spec (replicas: 1, init containers: 1, containers: 1, volumes: 3)
2025-01-29 01:03:42,459 INFO c.h.h.t.HelmChartContainer - [hivemq-test-hivemq-platform] [hivemq-platform-operator] [19ec27c4] 01:03:42.457 [ReconcilerExecutor-hivemq-controller-114] DEBUG c.h.p.o.h.HiveMQPlatformReconcilerErrorHandler - [helmrest] Pod 'test-hivemq-platform-0' phase Running
2025-01-29 01:03:42,460 INFO c.h.h.t.HelmChartContainer - [hivemq-test-hivemq-platform] [hivemq-platform-operator] [19ec27c4] 01:03:42.458 [ReconcilerExecutor-hivemq-controller-114] INFO  c.h.p.o.h.HiveMQPlatformReconcilerBaseHandler - [helmrest] HiveMQ Platform is starting, 0 of 1 replicas are ready
2025-01-29 01:03:43,409 INFO c.h.h.t.HelmChartContainer - [test-hivemq-platform] [hivemq] [cceb4445] INFO  - No valid license file found. Using trial license, restricted to 25 connections.
2025-01-29 01:03:44,100 INFO c.h.h.t.HelmChartContainer - [test-hivemq-platform] [hivemq] [cceb4445] WARN  - [HiveMQ Platform Operator Init App 1.7.0-SNAPSHOT] Cannot connect to Health API for liveness: null
2025-01-29 01:03:44,100 INFO c.h.h.t.HelmChartContainer - [test-hivemq-platform] [hivemq] [cceb4445] INFO  - [HiveMQ Platform Operator Init App 1.7.0-SNAPSHOT] Returning default Health API response 200 for liveness
2025-01-29 01:03:46,620 INFO c.h.h.t.HelmChartContainer - [test-hivemq-platform] [hivemq] [cceb4445] INFO  - No valid license file for Data Hub found. Using free license, restricted to 1 policy.
2025-01-29 01:03:47,324 INFO c.h.h.t.HelmChartContainer - [test-hivemq-platform] [hivemq] [cceb4445] WARN  - [HiveMQ Platform Operator Init App 1.7.0-SNAPSHOT] Cannot connect to Health API for readiness: null
2025-01-29 01:03:47,329 INFO c.h.h.t.HelmChartContainer - [EVENT] Warning [Unhealthy] Readiness probe failed: HTTP probe failed with statuscode: 503 [helmrestapiit:test-hivemq-platform-0]
2025-01-29 01:03:47,329 INFO c.h.h.t.HelmChartContainer - Received Unhealthy event for container hivemq in pod test-hivemq-platform-0 [cceb4445-0408-4391-9c20-a380df5d3a86]
2025-01-29 01:03:47,811 INFO c.h.h.t.HelmChartContainer - [test-hivemq-platform] [hivemq] [cceb4445] INFO  - Audit Logger started.
2025-01-29 01:03:48,112 INFO c.h.h.t.HelmChartContainer - [test-hivemq-platform] [hivemq] [cceb4445] INFO  - This node uses '1' CPU cores.
2025-01-29 01:03:48,117 INFO c.h.h.t.HelmChartContainer - [test-hivemq-platform] [hivemq] [cceb4445] INFO  - Starting HiveMQ Health API on address 0.0.0.0 and port 8889
2025-01-29 01:03:48,912 INFO c.h.h.t.HelmChartContainer - [test-hivemq-platform] [hivemq] [cceb4445] INFO  - Started HiveMQ Health API in 795ms
2025-01-29 01:03:49,417 INFO c.h.h.t.HelmChartContainer - [test-hivemq-platform] [hivemq] [cceb4445] INFO  - Starting HiveMQ extension system.
2025-01-29 01:03:49,703 INFO c.h.h.t.HelmChartContainer - [test-hivemq-platform] [hivemq] [cceb4445] INFO  - Starting extension with id "hivemq-dns-cluster-discovery" at /opt/hivemq/extensions/hivemq-dns-cluster-discovery
2025-01-29 01:03:50,106 INFO c.h.h.t.HelmChartContainer - [test-hivemq-platform] [hivemq] [cceb4445] INFO  - Extension "DNS Cluster Discovery Extension" version 4.3.2 started successfully.
2025-01-29 01:03:50,106 INFO c.h.h.t.HelmChartContainer - [test-hivemq-platform] [hivemq] [cceb4445] INFO  - Starting extension with id "hivemq-prometheus-extension" at /opt/hivemq/extensions/hivemq-prometheus-extension
2025-01-29 01:03:50,206 INFO c.h.h.t.HelmChartContainer - [test-hivemq-platform] [hivemq] [cceb4445] INFO  - Using TCP cluster transport on address 10.42.0.13 and port 7000
2025-01-29 01:03:50,300 INFO c.h.h.t.HelmChartContainer - [test-hivemq-platform] [hivemq] [cceb4445] INFO  - Using extension cluster discovery
2025-01-29 01:03:51,110 INFO c.h.h.t.HelmChartContainer - [test-hivemq-platform] [hivemq] [cceb4445] INFO  - Started Jetty Server exposing Prometheus Servlet on URI http://0.0.0.0:9399/
2025-01-29 01:03:51,110 INFO c.h.h.t.HelmChartContainer - [test-hivemq-platform] [hivemq] [cceb4445] INFO  - Extension "Prometheus Monitoring Extension" version 4.0.12 started successfully.
2025-01-29 01:03:51,110 INFO c.h.h.t.HelmChartContainer - [test-hivemq-platform] [hivemq] [cceb4445] INFO  - Starting extension with id "hivemq-allow-all-extension" at /opt/hivemq/extensions/hivemq-allow-all-extension
2025-01-29 01:03:51,111 INFO c.h.h.t.HelmChartContainer - [test-hivemq-platform] [hivemq] [cceb4445] WARN  - 
2025-01-29 01:03:51,111 INFO c.h.h.t.HelmChartContainer - [test-hivemq-platform] [hivemq] [cceb4445] ################################################################################################################
2025-01-29 01:03:51,111 INFO c.h.h.t.HelmChartContainer - [test-hivemq-platform] [hivemq] [cceb4445] # This HiveMQ deployment is not secure! You are lacking Authentication and Authorization.                      #
2025-01-29 01:03:51,111 INFO c.h.h.t.HelmChartContainer - [test-hivemq-platform] [hivemq] [cceb4445] # Right now any MQTT client can connect to the broker with a full set of permissions.                          #
2025-01-29 01:03:51,111 INFO c.h.h.t.HelmChartContainer - [test-hivemq-platform] [hivemq] [cceb4445] # For production usage, add an appropriate security extension and remove the hivemq-allow-all extension.       #
2025-01-29 01:03:51,111 INFO c.h.h.t.HelmChartContainer - [test-hivemq-platform] [hivemq] [cceb4445] # You can download security extensions from the HiveMQ Marketplace (https://www.hivemq.com/extensions/).       #
2025-01-29 01:03:51,111 INFO c.h.h.t.HelmChartContainer - [test-hivemq-platform] [hivemq] [cceb4445] ################################################################################################################
2025-01-29 01:03:51,111 INFO c.h.h.t.HelmChartContainer - [test-hivemq-platform] [hivemq] [cceb4445] INFO  - Extension "Allow All Extension" version 1.1.1 started successfully.
2025-01-29 01:03:52,467 INFO c.h.h.t.HelmChartContainer - [hivemq-test-hivemq-platform] [hivemq-platform-operator] [19ec27c4] 01:03:52.463 [pool-6-thread-9] DEBUG c.h.p.o.d.PlatformServiceResource - [helmrest] Desired Platform services (4 services)
2025-01-29 01:03:52,467 INFO c.h.h.t.HelmChartContainer - [hivemq-test-hivemq-platform] [hivemq-platform-operator] [19ec27c4] 01:03:52.464 [pool-6-thread-4] DEBUG c.h.p.o.dependants.PodInfoConfigMap - [helmrest] Desired PodInfo ConfigMap (1 extensions) (1 enabled)
2025-01-29 01:03:52,467 INFO c.h.h.t.HelmChartContainer - [hivemq-test-hivemq-platform] [hivemq-platform-operator] [19ec27c4] 01:03:52.465 [pool-6-thread-4] DEBUG c.h.p.o.dependants.PodInfoConfigMap - [helmrest] Desired PodInfo ConfigMap (metrics port: 9399) (metrics path: /)
2025-01-29 01:03:52,467 INFO c.h.h.t.HelmChartContainer - [hivemq-test-hivemq-platform] [hivemq-platform-operator] [19ec27c4] 01:03:52.465 [pool-6-thread-4] DEBUG c.h.p.o.dependants.PodInfoConfigMap - [helmrest] Desired PodInfo ConfigMap (extension state hash: -1817474005)
2025-01-29 01:03:52,467 INFO c.h.h.t.HelmChartContainer - [hivemq-test-hivemq-platform] [hivemq-platform-operator] [19ec27c4] 01:03:52.465 [pool-6-thread-4] DEBUG c.h.p.o.d.PodServiceAccountResource - [helmrest] Desired PodServiceAccountResource (serviceAccountName: hivemq-platform-pod-test-hivemq-platform)
2025-01-29 01:03:52,472 INFO c.h.h.t.HelmChartContainer - [hivemq-test-hivemq-platform] [hivemq-platform-operator] [19ec27c4] 01:03:52.472 [pool-6-thread-9] DEBUG c.h.p.o.d.StatefulSetResource - [helmrest] Desired StatefulSet (1 replicas) for status STARTING (READY)
2025-01-29 01:03:52,476 INFO c.h.h.t.HelmChartContainer - [hivemq-test-hivemq-platform] [hivemq-platform-operator] [19ec27c4] 01:03:52.475 [ReconcilerExecutor-hivemq-controller-115] INFO  c.h.p.o.HiveMQPlatformReconciler - [helmrest] Reconciling HiveMQ Platform 'test-hivemq-platform' in namespace 'helmrestapiit'
2025-01-29 01:03:52,477 INFO c.h.h.t.HelmChartContainer - [hivemq-test-hivemq-platform] [hivemq-platform-operator] [19ec27c4] 01:03:52.475 [ReconcilerExecutor-hivemq-controller-115] DEBUG c.h.p.o.HiveMQPlatformReconciler - [helmrest] Custom Resource Status STARTING - HiveMQ Platform is starting (READY)
2025-01-29 01:03:52,477 INFO c.h.h.t.HelmChartContainer - [hivemq-test-hivemq-platform] [hivemq-platform-operator] [19ec27c4] 01:03:52.475 [ReconcilerExecutor-hivemq-controller-115] DEBUG c.h.p.o.HiveMQPlatformReconciler - [helmrest] Custom Resource Spec (replicas: 1) (extensions: 1)
2025-01-29 01:03:52,549 INFO c.h.h.t.HelmChartContainer - [hivemq-test-hivemq-platform] [hivemq-platform-operator] [19ec27c4] 01:03:52.547 [ReconcilerExecutor-hivemq-controller-115] DEBUG c.h.p.o.HiveMQPlatformReconciler - [helmrest] StatefulSet Status (revision: test-hivemq-platform-5997c57dcb, replicas: 1, available: 0, ready: 0, current: 1, updated: 1)
2025-01-29 01:03:52,549 INFO c.h.h.t.HelmChartContainer - [hivemq-test-hivemq-platform] [hivemq-platform-operator] [19ec27c4] 01:03:52.548 [ReconcilerExecutor-hivemq-controller-115] DEBUG c.h.p.o.HiveMQPlatformReconciler - [helmrest] StatefulSet Spec (replicas: 1, init containers: 1, containers: 1, volumes: 3)
2025-01-29 01:03:52,551 INFO c.h.h.t.HelmChartContainer - [hivemq-test-hivemq-platform] [hivemq-platform-operator] [19ec27c4] 01:03:52.549 [ReconcilerExecutor-hivemq-controller-115] DEBUG c.h.p.o.h.HiveMQPlatformReconcilerErrorHandler - [helmrest] Pod 'test-hivemq-platform-0' phase Running
2025-01-29 01:03:52,552 INFO c.h.h.t.HelmChartContainer - [hivemq-test-hivemq-platform] [hivemq-platform-operator] [19ec27c4] 01:03:52.550 [ReconcilerExecutor-hivemq-controller-115] INFO  c.h.p.o.h.HiveMQPlatformReconcilerBaseHandler - [helmrest] HiveMQ Platform is starting, 0 of 1 replicas are ready
2025-01-29 01:03:52,720 INFO c.h.h.t.HelmChartContainer - [test-hivemq-platform] [hivemq] [cceb4445] INFO  - [HiveMQ Platform Operator Init App 1.7.0-SNAPSHOT] Returning Health API response 503 for readiness
2025-01-29 01:03:52,724 INFO c.h.h.t.HelmChartContainer - [EVENT] Warning [Unhealthy] Readiness probe failed: HTTP probe failed with statuscode: 503 [helmrestapiit:test-hivemq-platform-0]
2025-01-29 01:03:52,724 INFO c.h.h.t.HelmChartContainer - Received Unhealthy event for container hivemq in pod test-hivemq-platform-0 [cceb4445-0408-4391-9c20-a380df5d3a86]
2025-01-29 01:03:53,182 INFO c.h.h.t.HelmChartContainer - [test-hivemq-platform] [hivemq] [cceb4445] INFO  - HBrfc: no members discovered after 2178 ms: creating cluster as first member
2025-01-29 01:03:53,187 INFO c.h.h.t.HelmChartContainer - [test-hivemq-platform] [hivemq] [cceb4445] INFO  - Cluster nodes found by discovery: [HBrfc|0] (1) [HBrfc].
2025-01-29 01:03:53,285 INFO c.h.h.t.HelmChartContainer - [test-hivemq-platform] [hivemq] [cceb4445] INFO  - Starting HiveMQ REST API on address 0.0.0.0 and port 8890
2025-01-29 01:03:53,682 INFO c.h.h.t.HelmChartContainer - [test-hivemq-platform] [hivemq] [cceb4445] INFO  - Started HiveMQ REST API in 397ms
2025-01-29 01:03:53,683 INFO c.h.h.t.HelmChartContainer - [test-hivemq-platform] [hivemq] [cceb4445] WARN  - No user for HiveMQ Control Center configured. Starting with default user
2025-01-29 01:03:53,683 INFO c.h.h.t.HelmChartContainer - [test-hivemq-platform] [hivemq] [cceb4445] INFO  - Starting HiveMQ Control Center on address 0.0.0.0 and port 8081
2025-01-29 01:03:53,690 INFO c.h.h.t.HelmChartContainer - [test-hivemq-platform] [hivemq] [cceb4445] INFO  - Mounting HiveMQ Control Center V2 Preview
2025-01-29 01:03:54,193 INFO c.h.h.t.HelmChartContainer - [test-hivemq-platform] [hivemq] [cceb4445] INFO  - Started HiveMQ Control Center in 511ms
2025-01-29 01:03:54,283 INFO c.h.h.t.HelmChartContainer - [test-hivemq-platform] [hivemq] [cceb4445] INFO  - Starting TCP listener on address 0.0.0.0 and port 1883
2025-01-29 01:03:54,299 INFO c.h.h.t.HelmChartContainer - [test-hivemq-platform] [hivemq] [cceb4445] INFO  - Started TCP Listener on address 0.0.0.0 and on port 1883.
2025-01-29 01:03:54,300 INFO c.h.h.t.HelmChartContainer - [test-hivemq-platform] [hivemq] [cceb4445] INFO  - Started HiveMQ in 29990ms
2025-01-29 01:03:57,326 INFO c.h.h.t.HelmChartContainer - [test-hivemq-platform] [hivemq] [cceb4445] INFO  - [HiveMQ Platform Operator Init App 1.7.0-SNAPSHOT] Returning Health API response 200 for readiness
2025-01-29 01:03:57,335 INFO c.h.h.t.HelmChartContainer - [POD] test-hivemq-platform-0 [cceb4445-0408-4391-9c20-a380df5d3a86] in helmrestapiit was MODIFIED
2025-01-29 01:03:57,354 INFO c.h.h.t.HelmChartContainer - [hivemq-test-hivemq-platform] [hivemq-platform-operator] [19ec27c4] 01:03:57.350 [pool-6-thread-16] DEBUG c.h.p.o.d.PlatformServiceResource - [helmrest] Desired Platform services (4 services)
2025-01-29 01:03:57,358 INFO c.h.h.t.HelmChartContainer - [hivemq-test-hivemq-platform] [hivemq-platform-operator] [19ec27c4] 01:03:57.356 [pool-6-thread-11] DEBUG c.h.p.o.d.PodServiceAccountResource - [helmrest] Desired PodServiceAccountResource (serviceAccountName: hivemq-platform-pod-test-hivemq-platform)
2025-01-29 01:03:57,366 INFO c.h.h.t.HelmChartContainer - [hivemq-test-hivemq-platform] [hivemq-platform-operator] [19ec27c4] 01:03:57.357 [pool-6-thread-14] DEBUG c.h.p.o.dependants.PodInfoConfigMap - [helmrest] Desired PodInfo ConfigMap (1 extensions) (1 enabled)
2025-01-29 01:03:57,366 INFO c.h.h.t.HelmChartContainer - [hivemq-test-hivemq-platform] [hivemq-platform-operator] [19ec27c4] 01:03:57.364 [pool-6-thread-14] DEBUG c.h.p.o.dependants.PodInfoConfigMap - [helmrest] Desired PodInfo ConfigMap (metrics port: 9399) (metrics path: /)
2025-01-29 01:03:57,366 INFO c.h.h.t.HelmChartContainer - [hivemq-test-hivemq-platform] [hivemq-platform-operator] [19ec27c4] 01:03:57.364 [pool-6-thread-14] DEBUG c.h.p.o.dependants.PodInfoConfigMap - [helmrest] Desired PodInfo ConfigMap (extension state hash: -1817474005)
2025-01-29 01:03:57,372 INFO c.h.h.t.HelmChartContainer - [hivemq-test-hivemq-platform] [hivemq-platform-operator] [19ec27c4] 01:03:57.372 [pool-6-thread-16] DEBUG c.h.p.o.d.StatefulSetResource - [helmrest] Desired StatefulSet (1 replicas) for status STARTING (READY)
2025-01-29 01:03:57,436 INFO c.h.h.t.HelmChartContainer - [hivemq-test-hivemq-platform] [hivemq-platform-operator] [19ec27c4] 01:03:57.434 [ReconcilerExecutor-hivemq-controller-116] INFO  c.h.p.o.HiveMQPlatformReconciler - [helmrest] Reconciling HiveMQ Platform 'test-hivemq-platform' in namespace 'helmrestapiit'
2025-01-29 01:03:57,436 INFO c.h.h.t.HelmChartContainer - [hivemq-test-hivemq-platform] [hivemq-platform-operator] [19ec27c4] 01:03:57.435 [ReconcilerExecutor-hivemq-controller-116] DEBUG c.h.p.o.HiveMQPlatformReconciler - [helmrest] Custom Resource Status STARTING - HiveMQ Platform is starting (READY)
2025-01-29 01:03:57,436 INFO c.h.h.t.HelmChartContainer - [hivemq-test-hivemq-platform] [hivemq-platform-operator] [19ec27c4] 01:03:57.435 [ReconcilerExecutor-hivemq-controller-116] DEBUG c.h.p.o.HiveMQPlatformReconciler - [helmrest] Custom Resource Spec (replicas: 1) (extensions: 1)
2025-01-29 01:03:57,437 INFO c.h.h.t.HelmChartContainer - [hivemq-test-hivemq-platform] [hivemq-platform-operator] [19ec27c4] 01:03:57.437 [ReconcilerExecutor-hivemq-controller-116] DEBUG c.h.p.o.HiveMQPlatformReconciler - [helmrest] StatefulSet Status (revision: test-hivemq-platform-5997c57dcb, replicas: 1, available: 1, ready: 1, current: 1, updated: 1)
2025-01-29 01:03:57,438 INFO c.h.h.t.HelmChartContainer - [hivemq-test-hivemq-platform] [hivemq-platform-operator] [19ec27c4] 01:03:57.437 [ReconcilerExecutor-hivemq-controller-116] DEBUG c.h.p.o.HiveMQPlatformReconciler - [helmrest] StatefulSet Spec (replicas: 1, init containers: 1, containers: 1, volumes: 3)
2025-01-29 01:03:57,439 INFO c.h.h.t.HelmChartContainer - [hivemq-test-hivemq-platform] [hivemq-platform-operator] [19ec27c4] 01:03:57.438 [ReconcilerExecutor-hivemq-controller-116] DEBUG c.h.p.o.h.HiveMQPlatformReconcilerErrorHandler - [helmrest] Pod 'test-hivemq-platform-0' phase Running
2025-01-29 01:03:57,448 INFO c.h.h.t.HelmChartContainer - [hivemq-test-hivemq-platform] [hivemq-platform-operator] [19ec27c4] 01:03:57.448 [ReconcilerExecutor-hivemq-controller-116] INFO  c.h.p.o.h.HiveMQPlatformReconcilerBaseHandler - [helmrest] HiveMQ Platform started successfully
2025-01-29 01:03:57,535 INFO c.h.h.t.HelmChartContainer - [hivemq-test-hivemq-platform] [hivemq-platform-operator] [19ec27c4] 01:03:57.534 [ReconcilerExecutor-hivemq-controller-116] DEBUG c.h.p.operator.event.EventSender - [helmrest] Creating K8s event hivemq-platform-ready: [Ready] HiveMQ Platform is ready
2025-01-29 01:03:57,538 INFO c.h.h.t.HelmChartContainer - [EVENT] Normal [Ready] HiveMQ Platform is ready [helmrestapiit:test-hivemq-platform]
2025-01-29 01:03:57,539 INFO c.h.h.t.HelmChartContainer - [hivemq-test-hivemq-platform] [hivemq-platform-operator] [19ec27c4] 01:03:57.539 [ReconcilerExecutor-hivemq-controller-116] INFO  c.h.p.o.h.AbstractHiveMQReconcilerStateHandler - [helmrest] Update HiveMQ Platform Status (STARTING [READY] -> RUNNING [READY]): HiveMQ Platform is ready
2025-01-29 01:03:57,546 DEBUG com.hivemq.helmcharts.util.K8sUtil - Comparing actual state 'RUNNING' and waiting for 'RUNNING'
2025-01-29 01:03:57,554 INFO c.h.h.t.HelmChartContainer - [hivemq-test-hivemq-platform] [hivemq-platform-operator] [19ec27c4] 01:03:57.552 [pool-6-thread-24] DEBUG c.h.p.o.d.PlatformServiceResource - [helmrest] Desired Platform services (4 services)
2025-01-29 01:03:57,556 INFO c.h.h.t.HelmChartContainer - [hivemq-test-hivemq-platform] [hivemq-platform-operator] [19ec27c4] 01:03:57.554 [pool-6-thread-28] DEBUG c.h.p.o.dependants.PodInfoConfigMap - [helmrest] Desired PodInfo ConfigMap (1 extensions) (1 enabled)
2025-01-29 01:03:57,557 INFO c.h.h.t.HelmChartContainer - [hivemq-test-hivemq-platform] [hivemq-platform-operator] [19ec27c4] 01:03:57.556 [pool-6-thread-28] DEBUG c.h.p.o.dependants.PodInfoConfigMap - [helmrest] Desired PodInfo ConfigMap (metrics port: 9399) (metrics path: /)
2025-01-29 01:03:57,557 INFO c.h.h.t.HelmChartContainer - [hivemq-test-hivemq-platform] [hivemq-platform-operator] [19ec27c4] 01:03:57.556 [pool-6-thread-28] DEBUG c.h.p.o.dependants.PodInfoConfigMap - [helmrest] Desired PodInfo ConfigMap (extension state hash: -1817474005)
2025-01-29 01:03:57,557 INFO c.h.h.t.HelmChartContainer - [hivemq-test-hivemq-platform] [hivemq-platform-operator] [19ec27c4] 01:03:57.554 [pool-6-thread-26] DEBUG c.h.p.o.d.PodServiceAccountResource - [helmrest] Desired PodServiceAccountResource (serviceAccountName: hivemq-platform-pod-test-hivemq-platform)
2025-01-29 01:03:57,561 INFO c.h.h.t.HelmChartContainer - [hivemq-test-hivemq-platform] [hivemq-platform-operator] [19ec27c4] 01:03:57.559 [pool-6-thread-28] DEBUG c.h.p.o.dependants.PodInfoConfigMap - [helmrest] Update PodInfo ConfigMap
2025-01-29 01:03:57,651 INFO c.h.h.t.HelmChartContainer - [hivemq-test-hivemq-platform] [hivemq-platform-operator] [19ec27c4] 01:03:57.648 [pool-6-thread-28] DEBUG c.h.p.o.d.StatefulSetResource - [helmrest] Desired StatefulSet (1 replicas) for status RUNNING (READY)
2025-01-29 01:03:57,661 INFO c.h.h.t.HelmChartContainer - [hivemq-test-hivemq-platform] [hivemq-platform-operator] [19ec27c4] 01:03:57.660 [ReconcilerExecutor-hivemq-controller-117] INFO  c.h.p.o.HiveMQPlatformReconciler - [helmrest] Reconciling HiveMQ Platform 'test-hivemq-platform' in namespace 'helmrestapiit'
2025-01-29 01:03:57,662 INFO c.h.h.t.HelmChartContainer - [hivemq-test-hivemq-platform] [hivemq-platform-operator] [19ec27c4] 01:03:57.660 [ReconcilerExecutor-hivemq-controller-117] DEBUG c.h.p.o.HiveMQPlatformReconciler - [helmrest] Custom Resource Status RUNNING - HiveMQ Platform is ready (READY)
2025-01-29 01:03:57,662 INFO c.h.h.t.HelmChartContainer - [hivemq-test-hivemq-platform] [hivemq-platform-operator] [19ec27c4] 01:03:57.660 [ReconcilerExecutor-hivemq-controller-117] DEBUG c.h.p.o.HiveMQPlatformReconciler - [helmrest] Custom Resource Spec (replicas: 1) (extensions: 1)
2025-01-29 01:03:57,664 INFO c.h.h.t.HelmChartContainer - [hivemq-test-hivemq-platform] [hivemq-platform-operator] [19ec27c4] 01:03:57.663 [ReconcilerExecutor-hivemq-controller-117] DEBUG c.h.p.o.HiveMQPlatformReconciler - [helmrest] StatefulSet Status (revision: test-hivemq-platform-5997c57dcb, replicas: 1, available: 1, ready: 1, current: 1, updated: 1)
2025-01-29 01:03:57,664 INFO c.h.h.t.HelmChartContainer - [hivemq-test-hivemq-platform] [hivemq-platform-operator] [19ec27c4] 01:03:57.663 [ReconcilerExecutor-hivemq-controller-117] DEBUG c.h.p.o.HiveMQPlatformReconciler - [helmrest] StatefulSet Spec (replicas: 1, init containers: 1, containers: 1, volumes: 3)
2025-01-29 01:03:57,666 INFO c.h.h.t.HelmChartContainer - [hivemq-test-hivemq-platform] [hivemq-platform-operator] [19ec27c4] 01:03:57.665 [ReconcilerExecutor-hivemq-controller-117] DEBUG c.h.p.o.h.HiveMQPlatformReconcilerErrorHandler - [helmrest] Pod 'test-hivemq-platform-0' phase Running
2025-01-29 01:03:58,092 INFO c.h.h.t.HelmChartContainer - Uninstalling release 'test-hivemq-platform' in namespace 'helmrestapiit'...
2025-01-29 01:03:58,092 DEBUG c.h.h.t.HelmChartContainer - Executing helm command: /bin/helm --kubeconfig /etc/rancher/k3s/k3s.yaml uninstall test-hivemq-platform  --wait --timeout 5m0s --cascade foreground --namespace helmrestapiit
2025-01-29 01:03:58,315 INFO c.h.h.t.HelmChartContainer - [hivemq-test-hivemq-platform] [hivemq-platform-operator] [19ec27c4] 01:03:58.303 [pool-6-thread-37] DEBUG c.h.p.o.d.PlatformServiceResource - [helmrest] Desired Platform services (4 services)
2025-01-29 01:03:58,315 INFO c.h.h.t.HelmChartContainer - [hivemq-test-hivemq-platform] [hivemq-platform-operator] [19ec27c4] 01:03:58.304 [pool-6-thread-36] DEBUG c.h.p.o.dependants.PodInfoConfigMap - [helmrest] Desired PodInfo ConfigMap (1 extensions) (1 enabled)
2025-01-29 01:03:58,315 INFO c.h.h.t.HelmChartContainer - [hivemq-test-hivemq-platform] [hivemq-platform-operator] [19ec27c4] 01:03:58.304 [pool-6-thread-36] DEBUG c.h.p.o.dependants.PodInfoConfigMap - [helmrest] Desired PodInfo ConfigMap (metrics port: 9399) (metrics path: /)
2025-01-29 01:03:58,315 INFO c.h.h.t.HelmChartContainer - [hivemq-test-hivemq-platform] [hivemq-platform-operator] [19ec27c4] 01:03:58.304 [pool-6-thread-36] DEBUG c.h.p.o.dependants.PodInfoConfigMap - [helmrest] Desired PodInfo ConfigMap (extension state hash: -1817474005)
2025-01-29 01:03:58,315 INFO c.h.h.t.HelmChartContainer - [hivemq-test-hivemq-platform] [hivemq-platform-operator] [19ec27c4] 01:03:58.306 [pool-6-thread-35] DEBUG c.h.p.o.d.PodServiceAccountResource - [helmrest] Desired PodServiceAccountResource (serviceAccountName: hivemq-platform-pod-test-hivemq-platform)
2025-01-29 01:03:58,328 INFO c.h.h.t.HelmChartContainer - [hivemq-test-hivemq-platform] [hivemq-platform-operator] [19ec27c4] 01:03:58.319 [pool-6-thread-37] DEBUG c.h.p.o.d.StatefulSetResource - [helmrest] Desired StatefulSet (1 replicas) for status RUNNING (READY)
2025-01-29 01:03:58,357 INFO c.h.h.t.HelmChartContainer - [hivemq-test-hivemq-platform] [hivemq-platform-operator] [19ec27c4] 01:03:58.350 [ReconcilerExecutor-hivemq-controller-118] INFO  c.h.p.o.HiveMQPlatformReconciler - [helmrest] Reconciling HiveMQ Platform 'test-hivemq-platform' in namespace 'helmrestapiit'
2025-01-29 01:03:58,357 INFO c.h.h.t.HelmChartContainer - [hivemq-test-hivemq-platform] [hivemq-platform-operator] [19ec27c4] 01:03:58.350 [ReconcilerExecutor-hivemq-controller-118] DEBUG c.h.p.o.HiveMQPlatformReconciler - [helmrest] Custom Resource Status RUNNING - HiveMQ Platform is ready (READY)
2025-01-29 01:03:58,357 INFO c.h.h.t.HelmChartContainer - [hivemq-test-hivemq-platform] [hivemq-platform-operator] [19ec27c4] 01:03:58.350 [ReconcilerExecutor-hivemq-controller-118] DEBUG c.h.p.o.HiveMQPlatformReconciler - [helmrest] Custom Resource Spec (replicas: 1) (extensions: 1)
2025-01-29 01:03:58,363 INFO c.h.h.t.HelmChartContainer - [hivemq-test-hivemq-platform] [hivemq-platform-operator] [19ec27c4] 01:03:58.351 [ReconcilerExecutor-hivemq-controller-118] WARN  c.h.p.o.h.HiveMQPlatformReconcilerErrorHandler - [helmrest] Could not find ConfigMap 'hivemq-configuration-test-hivemq-platform' for HiveMQ Platform configuration
2025-01-29 01:03:58,463 INFO c.h.h.t.HelmChartContainer - [hivemq-test-hivemq-platform] [hivemq-platform-operator] [19ec27c4] 01:03:58.462 [ReconcilerExecutor-hivemq-controller-118] DEBUG c.h.p.operator.event.EventSender - [helmrest] Creating K8s event hivemq-platform-invalid-configuration: [Start] Could not find ConfigMap 'hivemq-configuration-test-hivemq-platform' for HiveMQ Platform configuration
2025-01-29 01:03:58,551 INFO c.h.h.t.HelmChartContainer - [EVENT] Warning [Start] Could not find ConfigMap 'hivemq-configuration-test-hivemq-platform' for HiveMQ Platform configuration [helmrestapiit:test-hivemq-platform]
2025-01-29 01:03:58,553 INFO c.h.h.t.HelmChartContainer - [hivemq-test-hivemq-platform] [hivemq-platform-operator] [19ec27c4] 01:03:58.552 [ReconcilerExecutor-hivemq-controller-118] INFO  c.h.p.o.h.AbstractHiveMQReconcilerStateHandler - [helmrest] Update HiveMQ Platform Status (RUNNING [READY] -> ERROR [INVALID_CONFIG_MAP]): Could not find ConfigMap 'hivemq-configuration-test-hivemq-platform' for HiveMQ Platform configuration
2025-01-29 01:03:58,564 INFO c.h.h.t.HelmChartContainer - [hivemq-test-hivemq-platform] [hivemq-platform-operator] [19ec27c4] 01:03:58.559 [ReconcilerExecutor-hivemq-controller-118] ERROR i.j.o.p.event.EventProcessor - Error during event processing ExecutionScope{ resource id: ResourceID{name='test-hivemq-platform', namespace='helmrestapiit'}, version: 1516}
2025-01-29 01:03:58,564 INFO c.h.h.t.HelmChartContainer - [hivemq-test-hivemq-platform] [hivemq-platform-operator] [19ec27c4] io.fabric8.kubernetes.client.KubernetesClientException: Failure executing: PUT at: https://10.43.0.1:443/apis/hivemq.com/v1/namespaces/helmrestapiit/hivemq-platforms/test-hivemq-platform/status. Message: Operation cannot be fulfilled on hivemq-platforms.hivemq.com "test-hivemq-platform": the object has been modified; please apply your changes to the latest version and try again. Received status: Status(apiVersion=v1, code=409, details=StatusDetails(causes=[], group=hivemq.com, kind=hivemq-platforms, name=test-hivemq-platform, retryAfterSeconds=null, uid=null, additionalProperties={}), kind=Status, message=Operation cannot be fulfilled on hivemq-platforms.hivemq.com "test-hivemq-platform": the object has been modified; please apply your changes to the latest version and try again, metadata=ListMeta(_continue=null, remainingItemCount=null, resourceVersion=null, selfLink=null, additionalProperties={}), reason=Conflict, status=Failure, additionalProperties={}).
2025-01-29 01:03:58,564 INFO c.h.h.t.HelmChartContainer - [hivemq-test-hivemq-platform] [hivemq-platform-operator] [19ec27c4] 	at io.fabric8.kubernetes.client.KubernetesClientException.copyAsCause(KubernetesClientException.java:238)
2025-01-29 01:03:58,564 INFO c.h.h.t.HelmChartContainer - [hivemq-test-hivemq-platform] [hivemq-platform-operator] [19ec27c4] 	at io.fabric8.kubernetes.client.dsl.internal.OperationSupport.waitForResult(OperationSupport.java:507)
2025-01-29 01:03:58,564 INFO c.h.h.t.HelmChartContainer - [hivemq-test-hivemq-platform] [hivemq-platform-operator] [19ec27c4] 	at io.fabric8.kubernetes.client.dsl.internal.OperationSupport.handleResponse(OperationSupport.java:524)
2025-01-29 01:03:58,564 INFO c.h.h.t.HelmChartContainer - [hivemq-test-hivemq-platform] [hivemq-platform-operator] [19ec27c4] 	at io.fabric8.kubernetes.client.dsl.internal.OperationSupport.handleUpdate(OperationSupport.java:358)
2025-01-29 01:03:58,564 INFO c.h.h.t.HelmChartContainer - [hivemq-test-hivemq-platform] [hivemq-platform-operator] [19ec27c4] 	at io.fabric8.kubernetes.client.dsl.internal.BaseOperation.handleUpdate(BaseOperation.java:759)
2025-01-29 01:03:58,564 INFO c.h.h.t.HelmChartContainer - [hivemq-test-hivemq-platform] [hivemq-platform-operator] [19ec27c4] 	at io.fabric8.kubernetes.client.dsl.internal.HasMetadataOperation.update(HasMetadataOperation.java:138)
2025-01-29 01:03:58,564 INFO c.h.h.t.HelmChartContainer - [hivemq-test-hivemq-platform] [hivemq-platform-operator] [19ec27c4] 	at io.fabric8.kubernetes.client.dsl.internal.HasMetadataOperation.update(HasMetadataOperation.java:121)
2025-01-29 01:03:58,564 INFO c.h.h.t.HelmChartContainer - [hivemq-test-hivemq-platform] [hivemq-platform-operator] [19ec27c4] 	at io.fabric8.kubernetes.client.dsl.internal.HasMetadataOperation.updateStatus(HasMetadataOperation.java:126)
2025-01-29 01:03:58,564 INFO c.h.h.t.HelmChartContainer - [hivemq-test-hivemq-platform] [hivemq-platform-operator] [19ec27c4] 	at io.fabric8.kubernetes.client.dsl.internal.HasMetadataOperation.updateStatus(HasMetadataOperation.java:44)
2025-01-29 01:03:58,564 INFO c.h.h.t.HelmChartContainer - [hivemq-test-hivemq-platform] [hivemq-platform-operator] [19ec27c4] 	at io.javaoperatorsdk.operator.processing.event.ReconciliationDispatcher$CustomResourceFacade.updateStatus(ReconciliationDispatcher.java:408)
2025-01-29 01:03:58,564 INFO c.h.h.t.HelmChartContainer - [hivemq-test-hivemq-platform] [hivemq-platform-operator] [19ec27c4] 	at io.javaoperatorsdk.operator.processing.event.ReconciliationDispatcher.updateStatusGenerationAware(ReconciliationDispatcher.java:228)
2025-01-29 01:03:58,564 INFO c.h.h.t.HelmChartContainer - [hivemq-test-hivemq-platform] [hivemq-platform-operator] [19ec27c4] 	at io.javaoperatorsdk.operator.processing.event.ReconciliationDispatcher.reconcileExecution(ReconciliationDispatcher.java:150)
2025-01-29 01:03:58,564 INFO c.h.h.t.HelmChartContainer - [hivemq-test-hivemq-platform] [hivemq-platform-operator] [19ec27c4] 	at io.javaoperatorsdk.operator.processing.event.ReconciliationDispatcher.handleReconcile(ReconciliationDispatcher.java:117)
2025-01-29 01:03:58,564 INFO c.h.h.t.HelmChartContainer - [hivemq-test-hivemq-platform] [hivemq-platform-operator] [19ec27c4] 	at io.javaoperatorsdk.operator.processing.event.ReconciliationDispatcher.handleDispatch(ReconciliationDispatcher.java:91)
2025-01-29 01:03:58,564 INFO c.h.h.t.HelmChartContainer - [hivemq-test-hivemq-platform] [hivemq-platform-operator] [19ec27c4] 	at io.javaoperatorsdk.operator.processing.event.ReconciliationDispatcher.handleExecution(ReconciliationDispatcher.java:64)
2025-01-29 01:03:58,564 INFO c.h.h.t.HelmChartContainer - [hivemq-test-hivemq-platform] [hivemq-platform-operator] [19ec27c4] 	at io.javaoperatorsdk.operator.processing.event.EventProcessor$ReconcilerExecutor.run(EventProcessor.java:452)
2025-01-29 01:03:58,564 INFO c.h.h.t.HelmChartContainer - [hivemq-test-hivemq-platform] [hivemq-platform-operator] [19ec27c4] 	at java.base/java.util.concurrent.ThreadPoolExecutor.runWorker(Unknown Source)
2025-01-29 01:03:58,564 INFO c.h.h.t.HelmChartContainer - [hivemq-test-hivemq-platform] [hivemq-platform-operator] [19ec27c4] 	at java.base/java.util.concurrent.ThreadPoolExecutor$Worker.run(Unknown Source)
2025-01-29 01:03:58,564 INFO c.h.h.t.HelmChartContainer - [hivemq-test-hivemq-platform] [hivemq-platform-operator] [19ec27c4] 	at java.base/java.lang.Thread.run(Unknown Source)
2025-01-29 01:03:58,564 INFO c.h.h.t.HelmChartContainer - [hivemq-test-hivemq-platform] [hivemq-platform-operator] [19ec27c4] Caused by: io.fabric8.kubernetes.client.KubernetesClientException: Failure executing: PUT at: https://10.43.0.1:443/apis/hivemq.com/v1/namespaces/helmrestapiit/hivemq-platforms/test-hivemq-platform/status. Message: Operation cannot be fulfilled on hivemq-platforms.hivemq.com "test-hivemq-platform": the object has been modified; please apply your changes to the latest version and try again. Received status: Status(apiVersion=v1, code=409, details=StatusDetails(causes=[], group=hivemq.com, kind=hivemq-platforms, name=test-hivemq-platform, retryAfterSeconds=null, uid=null, additionalProperties={}), kind=Status, message=Operation cannot be fulfilled on hivemq-platforms.hivemq.com "test-hivemq-platform": the object has been modified; please apply your changes to the latest version and try again, metadata=ListMeta(_continue=null, remainingItemCount=null, resourceVersion=null, selfLink=null, additionalProperties={}), reason=Conflict, status=Failure, additionalProperties={}).
2025-01-29 01:03:58,564 INFO c.h.h.t.HelmChartContainer - [hivemq-test-hivemq-platform] [hivemq-platform-operator] [19ec27c4] 	at io.fabric8.kubernetes.client.dsl.internal.OperationSupport.requestFailure(OperationSupport.java:660)
2025-01-29 01:03:58,564 INFO c.h.h.t.HelmChartContainer - [hivemq-test-hivemq-platform] [hivemq-platform-operator] [19ec27c4] 	at io.fabric8.kubernetes.client.dsl.internal.OperationSupport.requestFailure(OperationSupport.java:640)
2025-01-29 01:03:58,564 INFO c.h.h.t.HelmChartContainer - [hivemq-test-hivemq-platform] [hivemq-platform-operator] [19ec27c4] 	at io.fabric8.kubernetes.client.dsl.internal.OperationSupport.assertResponseCode(OperationSupport.java:589)
2025-01-29 01:03:58,564 INFO c.h.h.t.HelmChartContainer - [hivemq-test-hivemq-platform] [hivemq-platform-operator] [19ec27c4] 	at io.fabric8.kubernetes.client.dsl.internal.OperationSupport.lambda$handleResponse$0(OperationSupport.java:549)
2025-01-29 01:03:58,564 INFO c.h.h.t.HelmChartContainer - [hivemq-test-hivemq-platform] [hivemq-platform-operator] [19ec27c4] 	at java.base/java.util.concurrent.CompletableFuture$UniApply.tryFire(Unknown Source)
2025-01-29 01:03:58,564 INFO c.h.h.t.HelmChartContainer - [hivemq-test-hivemq-platform] [hivemq-platform-operator] [19ec27c4] 	at java.base/java.util.concurrent.CompletableFuture.postComplete(Unknown Source)
2025-01-29 01:03:58,564 INFO c.h.h.t.HelmChartContainer - [hivemq-test-hivemq-platform] [hivemq-platform-operator] [19ec27c4] 	at java.base/java.util.concurrent.CompletableFuture.complete(Unknown Source)
2025-01-29 01:03:58,564 INFO c.h.h.t.HelmChartContainer - [hivemq-test-hivemq-platform] [hivemq-platform-operator] [19ec27c4] 	at io.fabric8.kubernetes.client.http.StandardHttpClient.lambda$completeOrCancel$10(StandardHttpClient.java:141)
2025-01-29 01:03:58,564 INFO c.h.h.t.HelmChartContainer - [hivemq-test-hivemq-platform] [hivemq-platform-operator] [19ec27c4] 	at java.base/java.util.concurrent.CompletableFuture.uniWhenComplete(Unknown Source)
2025-01-29 01:03:58,564 INFO c.h.h.t.HelmChartContainer - [hivemq-test-hivemq-platform] [hivemq-platform-operator] [19ec27c4] 	at java.base/java.util.concurrent.CompletableFuture$UniWhenComplete.tryFire(Unknown Source)
2025-01-29 01:03:58,564 INFO c.h.h.t.HelmChartContainer - [hivemq-test-hivemq-platform] [hivemq-platform-operator] [19ec27c4] 	at java.base/java.util.concurrent.CompletableFuture.postComplete(Unknown Source)
2025-01-29 01:03:58,564 INFO c.h.h.t.HelmChartContainer - [hivemq-test-hivemq-platform] [hivemq-platform-operator] [19ec27c4] 	at java.base/java.util.concurrent.CompletableFuture.complete(Unknown Source)
2025-01-29 01:03:58,564 INFO c.h.h.t.HelmChartContainer - [hivemq-test-hivemq-platform] [hivemq-platform-operator] [19ec27c4] 	at io.fabric8.kubernetes.client.http.ByteArrayBodyHandler.onBodyDone(ByteArrayBodyHandler.java:51)
2025-01-29 01:03:58,564 INFO c.h.h.t.HelmChartContainer - [hivemq-test-hivemq-platform] [hivemq-platform-operator] [19ec27c4] 	at java.base/java.util.concurrent.CompletableFuture.uniWhenComplete(Unknown Source)
2025-01-29 01:03:58,564 INFO c.h.h.t.HelmChartContainer - [hivemq-test-hivemq-platform] [hivemq-platform-operator] [19ec27c4] 	at java.base/java.util.concurrent.CompletableFuture$UniWhenComplete.tryFire(Unknown Source)
2025-01-29 01:03:58,564 INFO c.h.h.t.HelmChartContainer - [hivemq-test-hivemq-platform] [hivemq-platform-operator] [19ec27c4] 	at java.base/java.util.concurrent.CompletableFuture.postComplete(Unknown Source)
2025-01-29 01:03:58,564 INFO c.h.h.t.HelmChartContainer - [hivemq-test-hivemq-platform] [hivemq-platform-operator] [19ec27c4] 	at java.base/java.util.concurrent.CompletableFuture.complete(Unknown Source)
2025-01-29 01:03:58,564 INFO c.h.h.t.HelmChartContainer - [hivemq-test-hivemq-platform] [hivemq-platform-operator] [19ec27c4] 	at io.fabric8.kubernetes.client.vertx.VertxHttpRequest.lambda$null$1(VertxHttpRequest.java:121)
2025-01-29 01:03:58,564 INFO c.h.h.t.HelmChartContainer - [hivemq-test-hivemq-platform] [hivemq-platform-operator] [19ec27c4] 	at io.vertx.core.impl.ContextInternal.dispatch(ContextInternal.java:279)
2025-01-29 01:03:58,564 INFO c.h.h.t.HelmChartContainer - [hivemq-test-hivemq-platform] [hivemq-platform-operator] [19ec27c4] 	at io.vertx.core.impl.ContextInternal.dispatch(ContextInternal.java:261)
2025-01-29 01:03:58,564 INFO c.h.h.t.HelmChartContainer - [hivemq-test-hivemq-platform] [hivemq-platform-operator] [19ec27c4] 	at io.vertx.core.http.impl.HttpEventHandler.handleEnd(HttpEventHandler.java:76)
2025-01-29 01:03:58,564 INFO c.h.h.t.HelmChartContainer - [hivemq-test-hivemq-platform] [hivemq-platform-operator] [19ec27c4] 	at io.vertx.core.http.impl.HttpClientResponseImpl.handleEnd(HttpClientResponseImpl.java:250)
2025-01-29 01:03:58,564 INFO c.h.h.t.HelmChartContainer - [hivemq-test-hivemq-platform] [hivemq-platform-operator] [19ec27c4] 	at io.vertx.core.http.impl.Http1xClientConnection$StreamImpl.lambda$new$0(Http1xClientConnection.java:421)
2025-01-29 01:03:58,564 INFO c.h.h.t.HelmChartContainer - [hivemq-test-hivemq-platform] [hivemq-platform-operator] [19ec27c4] 	at io.vertx.core.streams.impl.InboundBuffer.handleEvent(InboundBuffer.java:279)
2025-01-29 01:03:58,564 INFO c.h.h.t.HelmChartContainer - [hivemq-test-hivemq-platform] [hivemq-platform-operator] [19ec27c4] 	at io.vertx.core.streams.impl.InboundBuffer.write(InboundBuffer.java:157)
2025-01-29 01:03:58,564 INFO c.h.h.t.HelmChartContainer - [hivemq-test-hivemq-platform] [hivemq-platform-operator] [19ec27c4] 	at io.vertx.core.http.impl.Http1xClientConnection$StreamImpl.handleEnd(Http1xClientConnection.java:709)
2025-01-29 01:03:58,564 INFO c.h.h.t.HelmChartContainer - [hivemq-test-hivemq-platform] [hivemq-platform-operator] [19ec27c4] 	at io.vertx.core.impl.ContextImpl.execute(ContextImpl.java:313)
2025-01-29 01:03:58,564 INFO c.h.h.t.HelmChartContainer - [hivemq-test-hivemq-platform] [hivemq-platform-operator] [19ec27c4] 	at io.vertx.core.impl.ContextImpl.execute(ContextImpl.java:293)
2025-01-29 01:03:58,564 INFO c.h.h.t.HelmChartContainer - [hivemq-test-hivemq-platform] [hivemq-platform-operator] [19ec27c4] 	at io.vertx.core.http.impl.Http1xClientConnection.handleResponseEnd(Http1xClientConnection.java:940)
2025-01-29 01:03:58,564 INFO c.h.h.t.HelmChartContainer - [hivemq-test-hivemq-platform] [hivemq-platform-operator] [19ec27c4] 	at io.vertx.core.http.impl.Http1xClientConnection.handleHttpMessage(Http1xClientConnection.java:810)
2025-01-29 01:03:58,564 INFO c.h.h.t.HelmChartContainer - [hivemq-test-hivemq-platform] [hivemq-platform-operator] [19ec27c4] 	at io.vertx.core.http.impl.Http1xClientConnection.handleMessage(Http1xClientConnection.java:774)
2025-01-29 01:03:58,564 INFO c.h.h.t.HelmChartContainer - [hivemq-test-hivemq-platform] [hivemq-platform-operator] [19ec27c4] 	at io.vertx.core.net.impl.ConnectionBase.read(ConnectionBase.java:159)
2025-01-29 01:03:58,564 INFO c.h.h.t.HelmChartContainer - [hivemq-test-hivemq-platform] [hivemq-platform-operator] [19ec27c4] 	at io.vertx.core.net.impl.VertxHandler.channelRead(VertxHandler.java:153)
2025-01-29 01:03:58,564 INFO c.h.h.t.HelmChartContainer - [hivemq-test-hivemq-platform] [hivemq-platform-operator] [19ec27c4] 	at io.netty.channel.AbstractChannelHandlerContext.invokeChannelRead(AbstractChannelHandlerContext.java:442)
2025-01-29 01:03:58,564 INFO c.h.h.t.HelmChartContainer - [hivemq-test-hivemq-platform] [hivemq-platform-operator] [19ec27c4] 	at io.netty.channel.AbstractChannelHandlerContext.invokeChannelRead(AbstractChannelHandlerContext.java:420)
2025-01-29 01:03:58,564 INFO c.h.h.t.HelmChartContainer - [hivemq-test-hivemq-platform] [hivemq-platform-operator] [19ec27c4] 	at io.netty.channel.AbstractChannelHandlerContext.fireChannelRead(AbstractChannelHandlerContext.java:412)
2025-01-29 01:03:58,564 INFO c.h.h.t.HelmChartContainer - [hivemq-test-hivemq-platform] [hivemq-platform-operator] [19ec27c4] 	at io.netty.channel.CombinedChannelDuplexHandler$DelegatingChannelHandlerContext.fireChannelRead(CombinedChannelDuplexHandler.java:436)
2025-01-29 01:03:58,564 INFO c.h.h.t.HelmChartContainer - [hivemq-test-hivemq-platform] [hivemq-platform-operator] [19ec27c4] 	at io.netty.handler.codec.ByteToMessageDecoder.fireChannelRead(ByteToMessageDecoder.java:346)
2025-01-29 01:03:58,564 INFO c.h.h.t.HelmChartContainer - [hivemq-test-hivemq-platform] [hivemq-platform-operator] [19ec27c4] 	at io.netty.handler.codec.ByteToMessageDecoder.channelRead(ByteToMessageDecoder.java:318)
2025-01-29 01:03:58,564 INFO c.h.h.t.HelmChartContainer - [hivemq-test-hivemq-platform] [hivemq-platform-operator] [19ec27c4] 	at io.netty.channel.CombinedChannelDuplexHandler.channelRead(CombinedChannelDuplexHandler.java:251)
2025-01-29 01:03:58,564 INFO c.h.h.t.HelmChartContainer - [hivemq-test-hivemq-platform] [hivemq-platform-operator] [19ec27c4] 	at io.netty.channel.AbstractChannelHandlerContext.invokeChannelRead(AbstractChannelHandlerContext.java:442)
2025-01-29 01:03:58,564 INFO c.h.h.t.HelmChartContainer - [hivemq-test-hivemq-platform] [hivemq-platform-operator] [19ec27c4] 	at io.netty.channel.AbstractChannelHandlerContext.invokeChannelRead(AbstractChannelHandlerContext.java:420)
2025-01-29 01:03:58,565 INFO c.h.h.t.HelmChartContainer - [hivemq-test-hivemq-platform] [hivemq-platform-operator] [19ec27c4] 	at io.netty.channel.AbstractChannelHandlerContext.fireChannelRead(AbstractChannelHandlerContext.java:412)
2025-01-29 01:03:58,565 INFO c.h.h.t.HelmChartContainer - [hivemq-test-hivemq-platform] [hivemq-platform-operator] [19ec27c4] 	at io.netty.handler.ssl.SslHandler.unwrap(SslHandler.java:1475)
2025-01-29 01:03:58,565 INFO c.h.h.t.HelmChartContainer - [hivemq-test-hivemq-platform] [hivemq-platform-operator] [19ec27c4] 	at io.netty.handler.ssl.SslHandler.decodeJdkCompatible(SslHandler.java:1338)
2025-01-29 01:03:58,565 INFO c.h.h.t.HelmChartContainer - [hivemq-test-hivemq-platform] [hivemq-platform-operator] [19ec27c4] 	at io.netty.handler.ssl.SslHandler.decode(SslHandler.java:1387)
2025-01-29 01:03:58,565 INFO c.h.h.t.HelmChartContainer - [hivemq-test-hivemq-platform] [hivemq-platform-operator] [19ec27c4] 	at io.netty.handler.codec.ByteToMessageDecoder.decodeRemovalReentryProtection(ByteToMessageDecoder.java:530)
2025-01-29 01:03:58,565 INFO c.h.h.t.HelmChartContainer - [hivemq-test-hivemq-platform] [hivemq-platform-operator] [19ec27c4] 	at io.netty.handler.codec.ByteToMessageDecoder.callDecode(ByteToMessageDecoder.java:469)
2025-01-29 01:03:58,565 INFO c.h.h.t.HelmChartContainer - [hivemq-test-hivemq-platform] [hivemq-platform-operator] [19ec27c4] 	at io.netty.handler.codec.ByteToMessageDecoder.channelRead(ByteToMessageDecoder.java:290)
2025-01-29 01:03:58,567 INFO c.h.h.t.HelmChartContainer - [hivemq-test-hivemq-platform] [hivemq-platform-operator] [19ec27c4] 	at io.netty.channel.AbstractChannelHandlerContext.invokeChannelRead(AbstractChannelHandlerContext.java:444)
2025-01-29 01:03:58,568 INFO c.h.h.t.HelmChartContainer - [hivemq-test-hivemq-platform] [hivemq-platform-operator] [19ec27c4] 	at io.netty.channel.AbstractChannelHandlerContext.invokeChannelRead(AbstractChannelHandlerContext.java:420)
2025-01-29 01:03:58,568 INFO c.h.h.t.HelmChartContainer - [hivemq-test-hivemq-platform] [hivemq-platform-operator] [19ec27c4] 	at io.netty.channel.AbstractChannelHandlerContext.fireChannelRead(AbstractChannelHandlerContext.java:412)
2025-01-29 01:03:58,568 INFO c.h.h.t.HelmChartContainer - [hivemq-test-hivemq-platform] [hivemq-platform-operator] [19ec27c4] 	at io.netty.channel.DefaultChannelPipeline$HeadContext.channelRead(DefaultChannelPipeline.java:1407)
2025-01-29 01:03:58,568 INFO c.h.h.t.HelmChartContainer - [hivemq-test-hivemq-platform] [hivemq-platform-operator] [19ec27c4] 	at io.netty.channel.AbstractChannelHandlerContext.invokeChannelRead(AbstractChannelHandlerContext.java:440)
2025-01-29 01:03:58,568 INFO c.h.h.t.HelmChartContainer - [hivemq-test-hivemq-platform] [hivemq-platform-operator] [19ec27c4] 	at io.netty.channel.AbstractChannelHandlerContext.invokeChannelRead(AbstractChannelHandlerContext.java:420)
2025-01-29 01:03:58,568 INFO c.h.h.t.HelmChartContainer - [hivemq-test-hivemq-platform] [hivemq-platform-operator] [19ec27c4] 	at io.netty.channel.DefaultChannelPipeline.fireChannelRead(DefaultChannelPipeline.java:918)
2025-01-29 01:03:58,568 INFO c.h.h.t.HelmChartContainer - [hivemq-test-hivemq-platform] [hivemq-platform-operator] [19ec27c4] 	at io.netty.channel.nio.AbstractNioByteChannel$NioByteUnsafe.read(AbstractNioByteChannel.java:166)
2025-01-29 01:03:58,568 INFO c.h.h.t.HelmChartContainer - [hivemq-test-hivemq-platform] [hivemq-platform-operator] [19ec27c4] 	at io.netty.channel.nio.NioEventLoop.processSelectedKey(NioEventLoop.java:788)
2025-01-29 01:03:58,568 INFO c.h.h.t.HelmChartContainer - [hivemq-test-hivemq-platform] [hivemq-platform-operator] [19ec27c4] 	at io.netty.channel.nio.NioEventLoop.processSelectedKeysOptimized(NioEventLoop.java:724)
2025-01-29 01:03:58,568 INFO c.h.h.t.HelmChartContainer - [hivemq-test-hivemq-platform] [hivemq-platform-operator] [19ec27c4] 	at io.netty.channel.nio.NioEventLoop.processSelectedKeys(NioEventLoop.java:650)
2025-01-29 01:03:58,568 INFO c.h.h.t.HelmChartContainer - [hivemq-test-hivemq-platform] [hivemq-platform-operator] [19ec27c4] 	at io.netty.channel.nio.NioEventLoop.run(NioEventLoop.java:562)
2025-01-29 01:03:58,568 INFO c.h.h.t.HelmChartContainer - [hivemq-test-hivemq-platform] [hivemq-platform-operator] [19ec27c4] 	at io.netty.util.concurrent.SingleThreadEventExecutor$4.run(SingleThreadEventExecutor.java:997)
2025-01-29 01:03:58,568 INFO c.h.h.t.HelmChartContainer - [hivemq-test-hivemq-platform] [hivemq-platform-operator] [19ec27c4] 	at io.netty.util.internal.ThreadExecutorMap$2.run(ThreadExecutorMap.java:74)
2025-01-29 01:03:58,568 INFO c.h.h.t.HelmChartContainer - [hivemq-test-hivemq-platform] [hivemq-platform-operator] [19ec27c4] 	at io.netty.util.concurrent.FastThreadLocalRunnable.run(FastThreadLocalRunnable.java:30)
2025-01-29 01:03:58,568 INFO c.h.h.t.HelmChartContainer - [hivemq-test-hivemq-platform] [hivemq-platform-operator] [19ec27c4] 	... 1 common frames omitted
2025-01-29 01:03:58,570 INFO c.h.h.t.HelmChartContainer - [hivemq-test-hivemq-platform] [hivemq-platform-operator] [19ec27c4] 01:03:58.566 [ReconcilerExecutor-hivemq-controller-122] INFO  c.h.p.o.HiveMQPlatformReconciler - [helmrest] Cleanup test-hivemq-platform - helmrestapiit HiveMQ Platform is shut down
2025-01-29 01:03:59,269 INFO c.h.h.t.HelmChartContainer - [POD] test-hivemq-platform-0 [cceb4445-0408-4391-9c20-a380df5d3a86] in helmrestapiit was MODIFIED
2025-01-29 01:03:59,276 INFO c.h.h.t.HelmChartContainer - [EVENT] Normal [Killing] Stopping container hivemq [helmrestapiit:test-hivemq-platform-0]
2025-01-29 01:03:59,276 INFO c.h.h.t.HelmChartContainer - Received Killing event for container hivemq in pod test-hivemq-platform-0 [cceb4445-0408-4391-9c20-a380df5d3a86]
2025-01-29 01:03:59,276 INFO c.h.h.t.HelmChartContainer - Container [test-hivemq-platform-0] [hivemq] [cceb4445-0408-4391-9c20-a380df5d3a86] was terminated
2025-01-29 01:03:59,276 INFO c.h.h.t.HelmChartContainer - Stopped log watcher for hivemq in pod test-hivemq-platform-0 [cceb4445-0408-4391-9c20-a380df5d3a86]
2025-01-29 01:03:59,279 INFO c.h.h.t.HelmChartContainer - [test-hivemq-platform] [hivemq] [cceb4445] INFO  - [HiveMQ Platform Operator Init App 1.7.0-SNAPSHOT] Shutting down
2025-01-29 01:03:59,280 INFO c.h.h.t.HelmChartContainer - [test-hivemq-platform] [hivemq] [cceb4445] INFO  - [HiveMQ Platform Operator Init App 1.7.0-SNAPSHOT] Stopping the HiveMQ Platform
2025-01-29 01:03:59,406 INFO c.h.h.t.HelmChartContainer - [test-hivemq-platform] [hivemq] [cceb4445] INFO  - Shutting down HiveMQ. Please wait, this could take a while...
2025-01-29 01:03:59,489 INFO c.h.h.t.HelmChartContainer - [test-hivemq-platform] [hivemq] [cceb4445] INFO  - Shutting down listeners and clients
2025-01-29 01:03:59,498 INFO c.h.h.t.HelmChartContainer - [test-hivemq-platform] [hivemq] [cceb4445] INFO  - Shutdown of listeners is done
2025-01-29 01:03:59,498 INFO c.h.h.t.HelmChartContainer - [test-hivemq-platform] [hivemq] [cceb4445] INFO  - No clients are connected, proceeding with shutdown
2025-01-29 01:04:00,364 INFO c.h.h.t.HelmChartContainer - Deleting namespace 'helmrestapiit'...
2025-01-29 01:04:02,322 INFO c.h.h.t.HelmChartContainer - [test-hivemq-platform] [hivemq] [cceb4445] INFO  - [HiveMQ Platform Operator Init App 1.7.0-SNAPSHOT] Returning shutdown Health API response 503 for readiness
2025-01-29 01:04:02,326 INFO c.h.h.t.HelmChartContainer - [EVENT] Warning [Unhealthy] Readiness probe failed: HTTP probe failed with statuscode: 503 [helmrestapiit:test-hivemq-platform-0]
2025-01-29 01:04:02,326 INFO c.h.h.t.HelmChartContainer - Received Unhealthy event for container hivemq in pod test-hivemq-platform-0 [cceb4445-0408-4391-9c20-a380df5d3a86]
2025-01-29 01:04:02,485 INFO c.h.h.t.HelmChartContainer - [test-hivemq-platform] [hivemq] [cceb4445] INFO  - Shutting down extension system
2025-01-29 01:04:02,488 INFO c.h.h.t.HelmChartContainer - [test-hivemq-platform] [hivemq] [cceb4445] INFO  - Stopping extension with id hivemq-dns-cluster-discovery
2025-01-29 01:04:02,489 INFO c.h.h.t.HelmChartContainer - [test-hivemq-platform] [hivemq] [cceb4445] INFO  - Extension "DNS Cluster Discovery Extension" version 4.3.2 stopped successfully.
2025-01-29 01:04:02,489 INFO c.h.h.t.HelmChartContainer - [test-hivemq-platform] [hivemq] [cceb4445] INFO  - Stopping extension with id hivemq-prometheus-extension
2025-01-29 01:04:02,493 INFO c.h.h.t.HelmChartContainer - [test-hivemq-platform] [hivemq] [cceb4445] INFO  - Extension "Prometheus Monitoring Extension" version 4.0.12 stopped successfully.
2025-01-29 01:04:02,493 INFO c.h.h.t.HelmChartContainer - [test-hivemq-platform] [hivemq] [cceb4445] INFO  - Stopping extension with id hivemq-allow-all-extension
2025-01-29 01:04:02,493 INFO c.h.h.t.HelmChartContainer - [test-hivemq-platform] [hivemq] [cceb4445] INFO  - Extension "Allow All Extension" version 1.1.1 stopped successfully.
2025-01-29 01:04:02,808 INFO c.h.h.t.HelmChartContainer - [K3S] [authentication.go:74] "Unable to authenticate the request" err="[invalid bearer token, serviceaccounts \"hivemq-platform-pod-test-hivemq-platform\" not found]"
2025-01-29 01:04:02,826 INFO c.h.h.t.HelmChartContainer - [K3S] [authentication.go:74] "Unable to authenticate the request" err="[invalid bearer token, serviceaccounts \"hivemq-platform-pod-test-hivemq-platform\" not found]"
2025-01-29 01:04:02,902 INFO c.h.h.t.HelmChartContainer - [test-hivemq-platform] [hivemq] [cceb4445] WARN  - [HiveMQ Platform Operator Init App 1.7.0-SNAPSHOT] Could not update Pod annotations: Failure executing: GET at: https://10.43.0.1:443/api/v1/namespaces/helmrestapiit/pods/test-hivemq-platform-0. Message: Unauthorized. Received status: Status(apiVersion=v1, code=401, details=null, kind=Status, message=Unauthorized, metadata=ListMeta(_continue=null, remainingItemCount=null, resourceVersion=null, selfLink=null, additionalProperties={}), reason=Unauthorized, status=Failure, additionalProperties={}).
2025-01-29 01:04:04,725 INFO c.h.h.t.HelmChartContainer - [test-hivemq-platform] [hivemq] [cceb4445] INFO  - Shutdown completed.
2025-01-29 01:04:05,145 INFO c.h.h.t.HelmChartContainer - [test-hivemq-platform] [hivemq] [cceb4445] INFO  - [HiveMQ Platform Operator Init App 1.7.0-SNAPSHOT] The HiveMQ Platform exited with code 143
2025-01-29 01:04:05,145 INFO c.h.h.t.HelmChartContainer - [test-hivemq-platform] [hivemq] [cceb4445] INFO  - [HiveMQ Platform Operator Init App 1.7.0-SNAPSHOT] Stopping the REST API
2025-01-29 01:04:05,154 INFO c.h.h.t.HelmChartContainer - [test-hivemq-platform] [hivemq] [cceb4445] INFO  - [HiveMQ Platform Operator Init App 1.7.0-SNAPSHOT] Shutdown complete
2025-01-29 01:04:05,512 INFO c.h.h.t.HelmChartContainer - [K3S] [stateful_set.go:466] "StatefulSet has been deleted" key="helmrestapiit/test-hivemq-platform"
2025-01-29 01:04:05,607 INFO c.h.h.t.HelmChartContainer - [POD] test-hivemq-platform-0 [cceb4445-0408-4391-9c20-a380df5d3a86] in helmrestapiit was MODIFIED
2025-01-29 01:04:05,629 INFO c.h.h.t.HelmChartContainer - [K3S] [scope.go:117] "RemoveContainer" containerID="4f8861723cdf57547a9f86c65ae054f0219fc2f7beeabc12e4b35d8861742860"
2025-01-29 01:04:05,728 INFO c.h.h.t.HelmChartContainer - [K3S] [scope.go:117] "RemoveContainer" containerID="b176fa332821dbf83c76008e283cd9528a700026be7844eda172f11ce520de9a"
2025-01-29 01:04:05,731 INFO c.h.h.t.HelmChartContainer - [K3S] [scope.go:117] "RemoveContainer" containerID="4f8861723cdf57547a9f86c65ae054f0219fc2f7beeabc12e4b35d8861742860"
2025-01-29 01:04:05,731 INFO c.h.h.t.HelmChartContainer - [K3S] [scope.go:117] "RemoveContainer" containerID="b176fa332821dbf83c76008e283cd9528a700026be7844eda172f11ce520de9a"
2025-01-29 01:04:05,753 INFO c.h.h.t.HelmChartContainer - [K3S] [reconciler_common.go:162] "operationExecutor.UnmountVolume started for volume \"operator-init\" (UniqueName: \"kubernetes.io/empty-dir/cceb4445-0408-4391-9c20-a380df5d3a86-operator-init\") pod \"cceb4445-0408-4391-9c20-a380df5d3a86\" (UID: \"cceb4445-0408-4391-9c20-a380df5d3a86\") "
2025-01-29 01:04:05,754 INFO c.h.h.t.HelmChartContainer - [K3S] [reconciler_common.go:162] "operationExecutor.UnmountVolume started for volume \"kube-api-access-lt42n\" (UniqueName: \"kubernetes.io/projected/cceb4445-0408-4391-9c20-a380df5d3a86-kube-api-access-lt42n\") pod \"cceb4445-0408-4391-9c20-a380df5d3a86\" (UID: \"cceb4445-0408-4391-9c20-a380df5d3a86\") "
2025-01-29 01:04:05,754 INFO c.h.h.t.HelmChartContainer - [K3S] [reconciler_common.go:162] "operationExecutor.UnmountVolume started for volume \"pod-info\" (UniqueName: \"kubernetes.io/configmap/cceb4445-0408-4391-9c20-a380df5d3a86-pod-info\") pod \"cceb4445-0408-4391-9c20-a380df5d3a86\" (UID: \"cceb4445-0408-4391-9c20-a380df5d3a86\") "
2025-01-29 01:04:05,754 INFO c.h.h.t.HelmChartContainer - [K3S] [reconciler_common.go:162] "operationExecutor.UnmountVolume started for volume \"broker-configuration\" (UniqueName: \"kubernetes.io/configmap/cceb4445-0408-4391-9c20-a380df5d3a86-broker-configuration\") pod \"cceb4445-0408-4391-9c20-a380df5d3a86\" (UID: \"cceb4445-0408-4391-9c20-a380df5d3a86\") "
2025-01-29 01:04:05,855 INFO c.h.h.t.HelmChartContainer - [K3S] [reconciler_common.go:299] "Volume detached for volume \"operator-init\" (UniqueName: \"kubernetes.io/empty-dir/cceb4445-0408-4391-9c20-a380df5d3a86-operator-init\") on node \"84044ab653e1\" DevicePath \"\""
2025-01-29 01:04:05,859 INFO c.h.h.t.HelmChartContainer - [K3S] [reconciler_common.go:299] "Volume detached for volume \"kube-api-access-lt42n\" (UniqueName: \"kubernetes.io/projected/cceb4445-0408-4391-9c20-a380df5d3a86-kube-api-access-lt42n\") on node \"84044ab653e1\" DevicePath \"\""
2025-01-29 01:04:05,859 INFO c.h.h.t.HelmChartContainer - [K3S] [reconciler_common.go:299] "Volume detached for volume \"pod-info\" (UniqueName: \"kubernetes.io/configmap/cceb4445-0408-4391-9c20-a380df5d3a86-pod-info\") on node \"84044ab653e1\" DevicePath \"\""
2025-01-29 01:04:05,859 INFO c.h.h.t.HelmChartContainer - [K3S] [reconciler_common.go:299] "Volume detached for volume \"broker-configuration\" (UniqueName: \"kubernetes.io/configmap/cceb4445-0408-4391-9c20-a380df5d3a86-broker-configuration\") on node \"84044ab653e1\" DevicePath \"\""
2025-01-29 01:04:05,946 INFO c.h.h.t.HelmChartContainer - [POD] test-hivemq-platform-0 [cceb4445-0408-4391-9c20-a380df5d3a86] in helmrestapiit was MODIFIED
2025-01-29 01:04:05,949 INFO c.h.h.t.HelmChartContainer - [POD] test-hivemq-platform-0 [cceb4445-0408-4391-9c20-a380df5d3a86] in helmrestapiit was DELETED
2025-01-29 01:04:07,006 INFO c.h.h.t.HelmChartContainer - [K3S] [kubelet_volumes.go:163] "Cleaned up orphaned pod volumes dir" podUID="cceb4445-0408-4391-9c20-a380df5d3a86" path="/var/lib/kubelet/pods/cceb4445-0408-4391-9c20-a380df5d3a86/volumes"
2025-01-29 01:04:10,692 INFO c.h.h.t.HelmChartContainer - Namespace 'helmrestapiit' deleted
2025-01-29 01:04:10,692 INFO c.h.h.t.HelmChartContainer - Release 'test-hivemq-platform' in namespace 'helmrestapiit' is uninstalled
2025-01-29 01:04:10,692 INFO c.h.h.t.HelmChartContainer - Uninstalling release 'test-hivemq-platform-operator' in namespace 'helmrestapiit-operator'...
2025-01-29 01:04:10,692 DEBUG c.h.h.t.HelmChartContainer - Executing helm command: /bin/helm --kubeconfig /etc/rancher/k3s/k3s.yaml uninstall test-hivemq-platform-operator  --wait --timeout 5m0s --cascade foreground --namespace helmrestapiit-operator
2025-01-29 01:04:10,863 INFO c.h.h.t.HelmChartContainer - [K3S] [replica_set.go:679] "Finished syncing" kind="ReplicaSet" key="helmrestapiit-operator/hivemq-test-hivemq-platform-operator-6966f96d65" duration="11.000265ms"
2025-01-29 01:04:10,865 INFO c.h.h.t.HelmChartContainer - [K3S] [replica_set.go:679] "Finished syncing" kind="ReplicaSet" key="helmrestapiit-operator/hivemq-test-hivemq-platform-operator-6966f96d65" duration="25.648µs"
2025-01-29 01:04:10,881 INFO c.h.h.t.HelmChartContainer - [POD] hivemq-test-hivemq-platform-operator-6966f96d65-q7gjg [19ec27c4-9f4e-4ae8-805a-5bafb89599e9] in helmrestapiit-operator was MODIFIED
2025-01-29 01:04:10,887 INFO c.h.h.t.HelmChartContainer - [EVENT] Normal [Killing] Stopping container hivemq-platform-operator [helmrestapiit-operator:hivemq-test-hivemq-platform-operator-6966f96d65-q7gjg]
2025-01-29 01:04:10,887 INFO c.h.h.t.HelmChartContainer - Received Killing event for container hivemq-platform-operator in pod hivemq-test-hivemq-platform-operator-6966f96d65-q7gjg [19ec27c4-9f4e-4ae8-805a-5bafb89599e9]
2025-01-29 01:04:10,887 INFO c.h.h.t.HelmChartContainer - Container [hivemq-test-hivemq-platform-operator-6966f96d65-q7gjg] [hivemq-platform-operator] [19ec27c4-9f4e-4ae8-805a-5bafb89599e9] was terminated
2025-01-29 01:04:10,887 INFO c.h.h.t.HelmChartContainer - Stopped log watcher for hivemq-platform-operator in pod hivemq-test-hivemq-platform-operator-6966f96d65-q7gjg [19ec27c4-9f4e-4ae8-805a-5bafb89599e9]
2025-01-29 01:04:10,891 INFO c.h.h.t.HelmChartContainer - [K3S] [replica_set.go:679] "Finished syncing" kind="ReplicaSet" key="helmrestapiit-operator/hivemq-test-hivemq-platform-operator-6966f96d65" duration="16.593861ms"
2025-01-29 01:04:10,892 INFO c.h.h.t.HelmChartContainer - [K3S] [replica_set.go:679] "Finished syncing" kind="ReplicaSet" key="helmrestapiit-operator/hivemq-test-hivemq-platform-operator-6966f96d65" duration="39.244µs"
2025-01-29 01:04:10,919 INFO c.h.h.t.HelmChartContainer - [hivemq-test-hivemq-platform] [hivemq-platform-operator] [19ec27c4] 01:04:10.916 [application-shutdown-thread] INFO  c.h.p.o.HiveMQPlatformOperatorApplication - HiveMQ Platform Operator is stopping...
2025-01-29 01:04:10,919 INFO c.h.h.t.HelmChartContainer - [hivemq-test-hivemq-platform] [hivemq-platform-operator] [19ec27c4] 01:04:10.916 [application-shutdown-thread] INFO  i.javaoperatorsdk.operator.Operator - Operator SDK 4.9.7 is shutting down...
2025-01-29 01:04:11,489 INFO c.h.h.t.HelmChartContainer - [K3S] [replica_set.go:679] "Finished syncing" kind="ReplicaSet" key="helmrestapiit-operator/hivemq-test-hivemq-platform-operator-6966f96d65" duration="36.799µs"
2025-01-29 01:04:11,491 INFO c.h.h.t.HelmChartContainer - [POD] hivemq-test-hivemq-platform-operator-6966f96d65-q7gjg [19ec27c4-9f4e-4ae8-805a-5bafb89599e9] in helmrestapiit-operator was MODIFIED
2025-01-29 01:04:11,583 INFO c.h.h.t.HelmChartContainer - [K3S] [reconciler_common.go:162] "operationExecutor.UnmountVolume started for volume \"kube-api-access-g7xbq\" (UniqueName: \"kubernetes.io/projected/19ec27c4-9f4e-4ae8-805a-5bafb89599e9-kube-api-access-g7xbq\") pod \"19ec27c4-9f4e-4ae8-805a-5bafb89599e9\" (UID: \"19ec27c4-9f4e-4ae8-805a-5bafb89599e9\") "
2025-01-29 01:04:11,643 INFO c.h.h.t.HelmChartContainer - [K3S] [scope.go:117] "RemoveContainer" containerID="b6b9cf36bcd73db7732d3d4005941582ccf25097c0f852360049d8ce7cfdcbdc"
2025-01-29 01:04:11,647 INFO c.h.h.t.HelmChartContainer - [K3S] [scope.go:117] "RemoveContainer" containerID="b6b9cf36bcd73db7732d3d4005941582ccf25097c0f852360049d8ce7cfdcbdc"
2025-01-29 01:04:11,655 INFO c.h.h.t.HelmChartContainer - [K3S] [replica_set.go:679] "Finished syncing" kind="ReplicaSet" key="helmrestapiit-operator/hivemq-test-hivemq-platform-operator-6966f96d65" duration="42.118µs"
2025-01-29 01:04:11,656 INFO c.h.h.t.HelmChartContainer - [POD] hivemq-test-hivemq-platform-operator-6966f96d65-q7gjg [19ec27c4-9f4e-4ae8-805a-5bafb89599e9] in helmrestapiit-operator was MODIFIED
2025-01-29 01:04:11,658 INFO c.h.h.t.HelmChartContainer - [POD] hivemq-test-hivemq-platform-operator-6966f96d65-q7gjg [19ec27c4-9f4e-4ae8-805a-5bafb89599e9] in helmrestapiit-operator was DELETED
2025-01-29 01:04:11,658 INFO c.h.h.t.HelmChartContainer - [K3S] [replica_set.go:679] "Finished syncing" kind="ReplicaSet" key="helmrestapiit-operator/hivemq-test-hivemq-platform-operator-6966f96d65" duration="34.364µs"
2025-01-29 01:04:11,667 INFO c.h.h.t.HelmChartContainer - [K3S] [replica_set.go:679] "Finished syncing" kind="ReplicaSet" key="helmrestapiit-operator/hivemq-test-hivemq-platform-operator-6966f96d65" duration="7.063µs"
2025-01-29 01:04:11,684 INFO c.h.h.t.HelmChartContainer - [K3S] [reconciler_common.go:299] "Volume detached for volume \"kube-api-access-g7xbq\" (UniqueName: \"kubernetes.io/projected/19ec27c4-9f4e-4ae8-805a-5bafb89599e9-kube-api-access-g7xbq\") on node \"84044ab653e1\" DevicePath \"\""
2025-01-29 01:04:12,908 INFO c.h.h.t.HelmChartContainer - Deleting namespace 'helmrestapiit-operator'...
2025-01-29 01:04:13,007 INFO c.h.h.t.HelmChartContainer - [K3S] [kubelet_volumes.go:163] "Cleaned up orphaned pod volumes dir" podUID="19ec27c4-9f4e-4ae8-805a-5bafb89599e9" path="/var/lib/kubelet/pods/19ec27c4-9f4e-4ae8-805a-5bafb89599e9/volumes"
2025-01-29 01:04:15,614 INFO c.h.h.t.HelmChartContainer - [K3S] [namespace_controller.go:187] "Namespace has been deleted" namespace="helmrestapiit"
2025-01-29 01:04:18,123 INFO c.h.h.t.HelmChartContainer - Namespace 'helmrestapiit-operator' deleted
2025-01-29 01:04:18,123 INFO c.h.h.t.HelmChartContainer - Release 'test-hivemq-platform-operator' in namespace 'helmrestapiit-operator' is uninstalled
2025-01-29 01:04:18,819 INFO c.h.helmcharts.AbstractHelmChartIT - Removed unused containers:

2025-01-29 01:04:23,046 INFO c.h.h.t.HelmChartContainer - [K3S] [namespace_controller.go:187] "Namespace has been deleted" namespace="helmrestapiit-operator"
2025-01-29 01:04:26,316 INFO c.h.helmcharts.AbstractHelmChartIT - Removed unused snapshots:
Removing snapshot sha256:03af251906410714c5aef9fa705b63f6bbc39c4a5e787de7361eeb18886c2ed2
Removing snapshot sha256:0c46b3b43cce082ce5ec34ffc6c294e0417d17b9d1e6f366d114b6aadc4f96dc
Removing snapshot sha256:0ce761beee59082d6ed5bcebd3a805b8ddd9b3426b617e4809e7fb7c6587ffec
Removing snapshot sha256:0df91287303208332c8ff6ba40ae4710105201739addbfbddfb955f1ad593664
Removing snapshot sha256:1021ef88c7974bfff89c5a0ec4fd3160daac6c48a075f74cff721f85dd104e68
Removing snapshot sha256:10aba4953ddc18145dd38e3704709bc464aa20af60b56fe52caaff4b68411e62
Removing snapshot sha256:1ef074229acf8c310ebd1081eecc36ae268707a7e41278b34ca7a4237d6ec8d9
Removing snapshot sha256:2573e0d8158209ed54ab25c87bcdcb00bd3d2539246960a3d592a1c599d70465
Removing snapshot sha256:362a8a37f8bbc31925a8146adcf7cf51f9882f5c1dcbef67c5baa03a297543c0
Removing snapshot sha256:43a7c979bbaba6838bc3102d6b10a1459f3ab050b87ccdfef84ef90cf43d3058
Removing snapshot sha256:4ab04491cdf0d3267f08206fe30bd48f49f94b9cab2f016d6739220f722a64af
Removing snapshot sha256:4b6068250e89c96f263060261819c7d912855bfbd64b3eb4c4a8483299b8c295
Removing snapshot sha256:580e69a0a8034ede1921139bbd2bfb72a69ebf276d008281896c32dd8bf74775
Removing snapshot sha256:5d30ba46b27fe37484567ccc5242cadc78217b8da605f3f195ef25cbf7487904
Removing snapshot sha256:63ca1fbb43ae5034640e5e6cb3e083e05c290072c5366fcaa9d62435a4cced85
Removing snapshot sha256:67f702c6baae873bceb19487c8b1f27bd2b86077e4f2f0e480e6d60ab508b8f5
Removing snapshot sha256:6864348dd42806d552efdec384f1274be15e2d0c10ce44c1f04347af004c10a9
Removing snapshot sha256:6c7dee8f2c39b84b7dc2711c01d33de93514d9055499173e9290176fbe484b6c
Removing snapshot sha256:82753493a6d61ded36556292f02f31841a14c20d2f279f19eaad65afb661d5cd
Removing snapshot sha256:8a10d3db42c505ee0fcfa98417bdd7e39b304f6bcc0a06bb1b220797ff2cc63c
Removing snapshot sha256:a0904247e36a7726c03c71ee48f3e64462021c88dafeb13f37fdaf613b27f11c
Removing snapshot sha256:a21e5b12dbac529ad45d976eb9ce45c881f3bedcc500fb30aba1e52aa1813418
Removing snapshot sha256:b921e6c28969094157f9b8e7244677780319637afd14450b7cb6b2fdea558a0c
Removing snapshot sha256:bc27ecb5769a00e309cf99ebc763c4a4b958b618d1decc96ffac5bc05f02f5b7
Removing snapshot sha256:be3ccb6627a5332e309d45ef461d09b4879dd870c7394d89323d0ebc6ca6aa8a
Removing snapshot sha256:c261f7cbbc64211ee175ee47273acdb7b1a36a4450b397a064a8f2c026490095
Removing snapshot sha256:c34d9393647eea0c9e3557ab988efaf59f61d10a2a5613b439ef0958cca5ec10
Removing snapshot sha256:ccf3c4a0fa967a41c1c83497a2ce6fa5787965859df0adb32c4ca2cf7490bc2b
Removing snapshot sha256:cf92d33f869417309692088c341cd0f223c178ea78a125f757317b22aa8f90e9
Removing snapshot sha256:d0037344cf2fb078884f1849f6a1f8cf9a33a3b6139b6a85833e5ee528e1f9a8
Removing snapshot sha256:d3b36d5b79273b1e98e7700470eaeff05a882e777124d84cebcc1505b85ecb36
Removing snapshot sha256:d65a44a37914602d12c611e5e22a50f11451d847e63015cc1c2aef92dee777a4
Removing snapshot sha256:e2dc0bae2455930f23ae570e019b7f32edc75c0f2d71cab084db837ff9051796
Removing snapshot sha256:e7bf9ad2b636e158c7e312a883499ea522777081618c5a8ae24e3b7274db2314
Removing snapshot sha256:eccbd24a99c60cd9e86ee5305dbfc4a4dc89f5ab4fb1f06c8d64797cecedef34
Removing snapshot sha256:f144bb4c7c7f0d2aa7eeffd36d934ec40db1ee167be727e326aad9fdc616f475

]]></system-out>
  </testcase>
  <testcase name="platformChart_whenRestApiEnabled_thenCallsEndpoint()" classname="com.hivemq.helmcharts.services.HelmRestApiIT" time="100.79">
    <system-out><![CDATA[2025-01-29 01:04:26,318 INFO c.h.h.t.HelmChartContainer - Creating namespace 'helmrestapiit-operator'...
2025-01-29 01:04:26,323 INFO c.h.h.t.HelmChartContainer - Namespace 'helmrestapiit-operator' created
2025-01-29 01:04:26,323 INFO c.h.h.t.HelmChartContainer - Creating namespace 'helmrestapiit'...
2025-01-29 01:04:26,327 INFO c.h.h.t.HelmChartContainer - Namespace 'helmrestapiit' created
2025-01-29 01:04:26,391 DEBUG c.h.h.t.HelmChartContainer - Executing helm command: /bin/helm --kubeconfig /etc/rancher/k3s/k3s.yaml install test-hivemq-platform-operator /charts/hivemq-platform-operator --wait --timeout 5m0s --set image.repository=docker.io/hivemq --set image.name=hivemq-platform-operator-test --set image.initImageName=hivemq-platform-operator-init-test --set image.tag=snapshot --set image.pullPolicy=Never --set logLevel=DEBUG --set resources.cpu=512m --namespace helmrestapiit-operator
2025-01-29 01:04:26,727 INFO c.h.h.t.HelmChartContainer - [K3S] [alloc.go:330] "allocated clusterIPs" service="helmrestapiit-operator/hivemq-platform-operator-test-hivemq-platform-operator" clusterIPs={"IPv4":"10.43.207.188"}
2025-01-29 01:04:26,744 INFO c.h.h.t.HelmChartContainer - [EVENT] Normal [ScalingReplicaSet] Scaled up replica set hivemq-test-hivemq-platform-operator-6966f96d65 from 0 to 1 [helmrestapiit-operator:hivemq-test-hivemq-platform-operator]
2025-01-29 01:04:26,749 INFO c.h.h.t.HelmChartContainer - [POD] hivemq-test-hivemq-platform-operator-6966f96d65-8vlv5 [ebd27301-b817-4c83-901b-01b51fe86244] in helmrestapiit-operator was ADDED
2025-01-29 01:04:26,756 INFO c.h.h.t.HelmChartContainer - [POD] hivemq-test-hivemq-platform-operator-6966f96d65-8vlv5 [ebd27301-b817-4c83-901b-01b51fe86244] in helmrestapiit-operator was MODIFIED
2025-01-29 01:04:26,758 INFO c.h.h.t.HelmChartContainer - [K3S] [memory_manager.go:355] "RemoveStaleState removing state" podUID="19ec27c4-9f4e-4ae8-805a-5bafb89599e9" containerName="hivemq-platform-operator"
2025-01-29 01:04:26,758 INFO c.h.h.t.HelmChartContainer - [K3S] [memory_manager.go:355] "RemoveStaleState removing state" podUID="cceb4445-0408-4391-9c20-a380df5d3a86" containerName="hivemq"
2025-01-29 01:04:26,765 INFO c.h.h.t.HelmChartContainer - [EVENT] Normal [SuccessfulCreate] Created pod: hivemq-test-hivemq-platform-operator-6966f96d65-8vlv5 [helmrestapiit-operator:hivemq-test-hivemq-platform-operator-6966f96d65]
2025-01-29 01:04:26,765 INFO c.h.h.t.HelmChartContainer - [K3S] [replica_set.go:679] "Finished syncing" kind="ReplicaSet" key="helmrestapiit-operator/hivemq-test-hivemq-platform-operator-6966f96d65" duration="22.536653ms"
2025-01-29 01:04:26,766 INFO c.h.h.t.HelmChartContainer - [EVENT] Normal [Scheduled] Successfully assigned helmrestapiit-operator/hivemq-test-hivemq-platform-operator-6966f96d65-8vlv5 to 84044ab653e1 [helmrestapiit-operator:hivemq-test-hivemq-platform-operator-6966f96d65-8vlv5]
2025-01-29 01:04:26,772 INFO c.h.h.t.HelmChartContainer - [K3S] [replica_set.go:679] "Finished syncing" kind="ReplicaSet" key="helmrestapiit-operator/hivemq-test-hivemq-platform-operator-6966f96d65" duration="9.48588ms"
2025-01-29 01:04:26,772 INFO c.h.h.t.HelmChartContainer - [K3S] [replica_set.go:679] "Finished syncing" kind="ReplicaSet" key="helmrestapiit-operator/hivemq-test-hivemq-platform-operator-6966f96d65" duration="34.054µs"
2025-01-29 01:04:26,774 INFO c.h.h.t.HelmChartContainer - [K3S] [replica_set.go:679] "Finished syncing" kind="ReplicaSet" key="helmrestapiit-operator/hivemq-test-hivemq-platform-operator-6966f96d65" duration="29.445µs"
2025-01-29 01:04:26,776 INFO c.h.h.t.HelmChartContainer - [POD] hivemq-test-hivemq-platform-operator-6966f96d65-8vlv5 [ebd27301-b817-4c83-901b-01b51fe86244] in helmrestapiit-operator was MODIFIED
2025-01-29 01:04:26,872 INFO c.h.h.t.HelmChartContainer - [K3S] [reconciler_common.go:251] "operationExecutor.VerifyControllerAttachedVolume started for volume \"kube-api-access-clhq2\" (UniqueName: \"kubernetes.io/projected/ebd27301-b817-4c83-901b-01b51fe86244-kube-api-access-clhq2\") pod \"hivemq-test-hivemq-platform-operator-6966f96d65-8vlv5\" (UID: \"ebd27301-b817-4c83-901b-01b51fe86244\") " pod="helmrestapiit-operator/hivemq-test-hivemq-platform-operator-6966f96d65-8vlv5"
2025-01-29 01:04:27,154 INFO c.h.h.t.HelmChartContainer - [EVENT] Normal [Pulled] Container image "docker.io/hivemq/hivemq-platform-operator-test:snapshot" already present on machine [helmrestapiit-operator:hivemq-test-hivemq-platform-operator-6966f96d65-8vlv5]
2025-01-29 01:04:27,154 INFO c.h.h.t.HelmChartContainer - Received Pulled event for container hivemq-platform-operator in pod hivemq-test-hivemq-platform-operator-6966f96d65-8vlv5 [ebd27301-b817-4c83-901b-01b51fe86244]
2025-01-29 01:04:28,382 INFO c.h.h.t.HelmChartContainer - [EVENT] Normal [Created] Created container: hivemq-platform-operator [helmrestapiit-operator:hivemq-test-hivemq-platform-operator-6966f96d65-8vlv5]
2025-01-29 01:04:28,382 INFO c.h.h.t.HelmChartContainer - Received Created event for container hivemq-platform-operator in pod hivemq-test-hivemq-platform-operator-6966f96d65-8vlv5 [ebd27301-b817-4c83-901b-01b51fe86244]
2025-01-29 01:04:28,679 INFO c.h.h.t.HelmChartContainer - [K3S] [replica_set.go:679] "Finished syncing" kind="ReplicaSet" key="helmrestapiit-operator/hivemq-test-hivemq-platform-operator-6966f96d65" duration="40.456µs"
2025-01-29 01:04:28,689 INFO c.h.h.t.HelmChartContainer - [POD] hivemq-test-hivemq-platform-operator-6966f96d65-8vlv5 [ebd27301-b817-4c83-901b-01b51fe86244] in helmrestapiit-operator was MODIFIED
2025-01-29 01:04:28,693 INFO c.h.h.t.HelmChartContainer - [EVENT] Normal [Started] Started container hivemq-platform-operator [helmrestapiit-operator:hivemq-test-hivemq-platform-operator-6966f96d65-8vlv5]
2025-01-29 01:04:28,693 INFO c.h.h.t.HelmChartContainer - Received Started event for container hivemq-platform-operator in pod hivemq-test-hivemq-platform-operator-6966f96d65-8vlv5 [ebd27301-b817-4c83-901b-01b51fe86244]
2025-01-29 01:04:28,693 INFO c.h.h.t.HelmChartContainer - Started log watcher for hivemq-platform-operator in pod hivemq-test-hivemq-platform-operator-6966f96d65-8vlv5 [ebd27301-b817-4c83-901b-01b51fe86244]
2025-01-29 01:04:28,693 INFO c.h.h.t.HelmChartContainer - [hivemq-test-hivemq-platform] [hivemq-platform-operator] [ebd27301] -------------------------------------------------------------------------
2025-01-29 01:04:28,694 INFO c.h.h.t.HelmChartContainer - [hivemq-test-hivemq-platform] [hivemq-platform-operator] [ebd27301] 
2025-01-29 01:04:28,694 INFO c.h.h.t.HelmChartContainer - [hivemq-test-hivemq-platform] [hivemq-platform-operator] [ebd27301]                   _    _  _              __  __   ____
2025-01-29 01:04:28,694 INFO c.h.h.t.HelmChartContainer - [hivemq-test-hivemq-platform] [hivemq-platform-operator] [ebd27301]                  | |  | |(_)            |  \/  | / __ \
2025-01-29 01:04:28,694 INFO c.h.h.t.HelmChartContainer - [hivemq-test-hivemq-platform] [hivemq-platform-operator] [ebd27301]                  | |__| | _ __   __ ___ | \  / || |  | |
2025-01-29 01:04:28,694 INFO c.h.h.t.HelmChartContainer - [hivemq-test-hivemq-platform] [hivemq-platform-operator] [ebd27301]                  |  __  || |\ \ / // _ \| |\/| || |  | |
2025-01-29 01:04:28,694 INFO c.h.h.t.HelmChartContainer - [hivemq-test-hivemq-platform] [hivemq-platform-operator] [ebd27301]                  | |  | || | \ V /|  __/| |  | || |__| |
2025-01-29 01:04:28,694 INFO c.h.h.t.HelmChartContainer - [hivemq-test-hivemq-platform] [hivemq-platform-operator] [ebd27301]                  |_|  |_||_|  \_/  \___||_|  |_| \___\_\
2025-01-29 01:04:28,694 INFO c.h.h.t.HelmChartContainer - [hivemq-test-hivemq-platform] [hivemq-platform-operator] [ebd27301] 
2025-01-29 01:04:28,694 INFO c.h.h.t.HelmChartContainer - [hivemq-test-hivemq-platform] [hivemq-platform-operator] [ebd27301] -------------------------------------------------------------------------
2025-01-29 01:04:28,694 INFO c.h.h.t.HelmChartContainer - [hivemq-test-hivemq-platform] [hivemq-platform-operator] [ebd27301] 
2025-01-29 01:04:28,694 INFO c.h.h.t.HelmChartContainer - [hivemq-test-hivemq-platform] [hivemq-platform-operator] [ebd27301]   HiveMQ Platform Operator Start Script v1.0
2025-01-29 01:04:28,694 INFO c.h.h.t.HelmChartContainer - [hivemq-test-hivemq-platform] [hivemq-platform-operator] [ebd27301] 
2025-01-29 01:04:28,694 INFO c.h.h.t.HelmChartContainer - [hivemq-test-hivemq-platform] [hivemq-platform-operator] [ebd27301] -------------------------------------------------------------------------
2025-01-29 01:04:28,694 INFO c.h.h.t.HelmChartContainer - [hivemq-test-hivemq-platform] [hivemq-platform-operator] [ebd27301] 
2025-01-29 01:04:28,694 INFO c.h.h.t.HelmChartContainer - [hivemq-test-hivemq-platform] [hivemq-platform-operator] [ebd27301]   JAVA_OPTS: -XX:+UnlockExperimentalVMOptions -XX:InitialRAMPercentage=75 -XX:MaxRAMPercentage=75 -Duser.language=en -Duser.region=US
2025-01-29 01:04:28,694 INFO c.h.h.t.HelmChartContainer - [hivemq-test-hivemq-platform] [hivemq-platform-operator] [ebd27301] 
2025-01-29 01:04:28,694 INFO c.h.h.t.HelmChartContainer - [hivemq-test-hivemq-platform] [hivemq-platform-operator] [ebd27301]   JAVA_VERSION: 21
2025-01-29 01:04:28,694 INFO c.h.h.t.HelmChartContainer - [hivemq-test-hivemq-platform] [hivemq-platform-operator] [ebd27301] 
2025-01-29 01:04:28,694 INFO c.h.h.t.HelmChartContainer - [hivemq-test-hivemq-platform] [hivemq-platform-operator] [ebd27301] -------------------------------------------------------------------------
2025-01-29 01:04:28,694 INFO c.h.h.t.HelmChartContainer - [hivemq-test-hivemq-platform] [hivemq-platform-operator] [ebd27301] 
2025-01-29 01:04:31,603 INFO c.h.h.t.HelmChartContainer - [hivemq-test-hivemq-platform] [hivemq-platform-operator] [ebd27301] 01:04:31.599 [main] DEBUG org.jboss.logging - Logging Provider: org.jboss.logging.Slf4jLoggerProvider
2025-01-29 01:04:31,705 INFO c.h.h.t.HelmChartContainer - [hivemq-test-hivemq-platform] [hivemq-platform-operator] [ebd27301] 01:04:31.703 [main] DEBUG io.smallrye.config - SRCFG01006: Loaded ConfigSource SysPropConfigSource with ordinal 400
2025-01-29 01:04:31,705 INFO c.h.h.t.HelmChartContainer - [hivemq-test-hivemq-platform] [hivemq-platform-operator] [ebd27301] 01:04:31.704 [main] DEBUG io.smallrye.config - SRCFG01006: Loaded ConfigSource EnvConfigSource with ordinal 300
2025-01-29 01:04:31,706 INFO c.h.h.t.HelmChartContainer - [hivemq-test-hivemq-platform] [hivemq-platform-operator] [ebd27301] 01:04:31.704 [main] DEBUG io.smallrye.config - SRCFG01006: Loaded ConfigSource PropertiesConfigSource[source=jar:file:///opt/hivemq-platform-operator/bin/hivemq-platform-operator.jar!/hivemq-platform-operator.properties] with ordinal 100
2025-01-29 01:04:31,706 INFO c.h.h.t.HelmChartContainer - [hivemq-test-hivemq-platform] [hivemq-platform-operator] [ebd27301] 01:04:31.704 [main] DEBUG io.smallrye.config - SRCFG01006: Loaded ConfigSource DefaultValuesConfigSource with ordinal -2147483648
2025-01-29 01:04:31,817 INFO c.h.h.t.HelmChartContainer - [hivemq-test-hivemq-platform] [hivemq-platform-operator] [ebd27301] 01:04:31.816 [main] DEBUG i.m.c.u.i.l.InternalLoggerFactory - Using SLF4J as the default logging framework
2025-01-29 01:04:31,996 INFO c.h.h.t.HelmChartContainer - [hivemq-test-hivemq-platform] [hivemq-platform-operator] [ebd27301] 01:04:31.912 [main] INFO  c.h.p.o.HiveMQPlatformOperatorApplication - HiveMQ Platform Operator 1.7.0-SNAPSHOT (commit: bebf408 on branch: HEAD) built on Sun Jan 26 20:47:47 UTC 2025
2025-01-29 01:04:31,997 INFO c.h.h.t.HelmChartContainer - [hivemq-test-hivemq-platform] [hivemq-platform-operator] [ebd27301] 01:04:31.996 [main] INFO  c.h.p.o.HiveMQPlatformOperatorApplication - HiveMQ Platform Operator is running in namespace: helmrestapiit-operator
2025-01-29 01:04:31,997 INFO c.h.h.t.HelmChartContainer - [hivemq-test-hivemq-platform] [hivemq-platform-operator] [ebd27301] 01:04:31.996 [main] INFO  c.h.p.o.HiveMQPlatformOperatorApplication - Watching all namespaces
2025-01-29 01:04:31,997 INFO c.h.h.t.HelmChartContainer - [hivemq-test-hivemq-platform] [hivemq-platform-operator] [ebd27301] 01:04:31.996 [main] INFO  c.h.p.o.HiveMQPlatformOperatorApplication - Log level: DEBUG
2025-01-29 01:04:31,997 INFO c.h.h.t.HelmChartContainer - [hivemq-test-hivemq-platform] [hivemq-platform-operator] [ebd27301] 01:04:31.996 [main] INFO  c.h.p.o.HiveMQPlatformOperatorApplication - Release name: test-hivemq-platform-operator
2025-01-29 01:04:31,997 INFO c.h.h.t.HelmChartContainer - [hivemq-test-hivemq-platform] [hivemq-platform-operator] [ebd27301] 01:04:31.996 [main] INFO  c.h.p.o.HiveMQPlatformOperatorApplication - HiveMQ Platform Operator Init image: docker.io/hivemq/hivemq-platform-operator-init-test:snapshot
2025-01-29 01:04:31,998 INFO c.h.h.t.HelmChartContainer - [hivemq-test-hivemq-platform] [hivemq-platform-operator] [ebd27301] 01:04:31.996 [main] INFO  c.h.p.o.HiveMQPlatformOperatorApplication - HiveMQ Platform Operator Init App update URL: http://hivemq-platform-operator-test-hivemq-platform-operator.helmrestapiit-operator.svc:8080/initAppUpdate/hivemq-platform-operator-init-app-1.7.0-SNAPSHOT.jar
2025-01-29 01:04:31,998 INFO c.h.h.t.HelmChartContainer - [hivemq-test-hivemq-platform] [hivemq-platform-operator] [ebd27301] 01:04:31.996 [main] INFO  c.h.p.o.HiveMQPlatformOperatorApplication - Additional imagePullSecret for all Platform deployments: none
2025-01-29 01:04:31,998 INFO c.h.h.t.HelmChartContainer - [hivemq-test-hivemq-platform] [hivemq-platform-operator] [ebd27301] 01:04:31.996 [main] INFO  c.h.p.o.HiveMQPlatformOperatorApplication - Apply HiveMQ Platform CRD: true
2025-01-29 01:04:31,998 INFO c.h.h.t.HelmChartContainer - [hivemq-test-hivemq-platform] [hivemq-platform-operator] [ebd27301] 01:04:31.997 [main] INFO  c.h.p.o.HiveMQPlatformOperatorApplication - Create Platform ServiceAccount: true
2025-01-29 01:04:31,998 INFO c.h.h.t.HelmChartContainer - [hivemq-test-hivemq-platform] [hivemq-platform-operator] [ebd27301] 01:04:31.997 [main] INFO  c.h.p.o.HiveMQPlatformOperatorApplication - Create Platform ServiceAccount permissions: true
2025-01-29 01:04:31,998 INFO c.h.h.t.HelmChartContainer - [hivemq-test-hivemq-platform] [hivemq-platform-operator] [ebd27301] 01:04:31.997 [main] INFO  c.h.p.o.HiveMQPlatformOperatorApplication - Validate Platform ServiceAccount: true
2025-01-29 01:04:31,998 INFO c.h.h.t.HelmChartContainer - [hivemq-test-hivemq-platform] [hivemq-platform-operator] [ebd27301] 01:04:31.997 [main] INFO  c.h.p.o.HiveMQPlatformOperatorApplication - Validate Platform ServiceAccount permissions: true
2025-01-29 01:04:32,115 INFO c.h.h.t.HelmChartContainer - [hivemq-test-hivemq-platform] [hivemq-platform-operator] [ebd27301] 01:04:32.114 [main] INFO  c.h.platform.operator.util.CRDUtil - Verifying deployed HiveMQ Platform CRD...
2025-01-29 01:04:34,410 INFO c.h.h.t.HelmChartContainer - [hivemq-test-hivemq-platform] [hivemq-platform-operator] [ebd27301] 01:04:34.409 [main] DEBUG c.h.platform.operator.util.CRDUtil - HiveMQ Platform CRD version v1 is up to date
2025-01-29 01:04:34,410 INFO c.h.h.t.HelmChartContainer - [hivemq-test-hivemq-platform] [hivemq-platform-operator] [ebd27301] 01:04:34.409 [main] INFO  c.h.platform.operator.util.CRDUtil - HiveMQ Platform CRD is up to date (version: V1_6_0)
2025-01-29 01:04:34,411 INFO c.h.h.t.HelmChartContainer - [hivemq-test-hivemq-platform] [hivemq-platform-operator] [ebd27301] 01:04:34.410 [main] INFO  c.h.platform.operator.util.CRDUtil - Waiting 10000 ms for HiveMQ Platform CRD 'hivemq-platforms.hivemq.com' to become ready...
2025-01-29 01:04:34,703 INFO c.h.h.t.HelmChartContainer - [hivemq-test-hivemq-platform] [hivemq-platform-operator] [ebd27301] 01:04:34.701 [vert.x-eventloop-thread-1] DEBUG c.h.platform.operator.util.CRDUtil - Checking CRD condition 'NamesAccepted' (status: 'True')
2025-01-29 01:04:34,703 INFO c.h.h.t.HelmChartContainer - [hivemq-test-hivemq-platform] [hivemq-platform-operator] [ebd27301] 01:04:34.701 [vert.x-eventloop-thread-1] DEBUG c.h.platform.operator.util.CRDUtil - Checking CRD condition 'Established' (status: 'True')
2025-01-29 01:04:34,707 INFO c.h.h.t.HelmChartContainer - [hivemq-test-hivemq-platform] [hivemq-platform-operator] [ebd27301] 01:04:34.703 [main] INFO  c.h.platform.operator.util.CRDUtil - HiveMQ Platform CRD 'hivemq-platforms.hivemq.com' is ready
2025-01-29 01:04:34,905 INFO c.h.h.t.HelmChartContainer - [hivemq-test-hivemq-platform] [hivemq-platform-operator] [ebd27301] 01:04:34.904 [main] INFO  c.h.p.o.HiveMQPlatformReconciler - HiveMQ Platform Operator is starting...
2025-01-29 01:04:35,010 INFO c.h.h.t.HelmChartContainer - [hivemq-test-hivemq-platform] [hivemq-platform-operator] [ebd27301] 01:04:35.009 [main] WARN  Default ConfigurationService implementation - Configuration for reconciler 'hivemq-controller' was not found. Known reconcilers: None.
2025-01-29 01:04:35,094 INFO c.h.h.t.HelmChartContainer - [hivemq-test-hivemq-platform] [hivemq-platform-operator] [ebd27301] 01:04:35.094 [main] INFO  Default ConfigurationService implementation - Created configuration for reconciler com.hivemq.platform.operator.HiveMQPlatformReconciler with name hivemq-controller
2025-01-29 01:04:35,198 INFO c.h.h.t.HelmChartContainer - [hivemq-test-hivemq-platform] [hivemq-platform-operator] [ebd27301] 01:04:35.198 [main] DEBUG c.h.p.o.HiveMQPlatformReconciler - HiveMQ Platform Operator is preparing EventSources
2025-01-29 01:04:35,212 INFO c.h.h.t.HelmChartContainer - [hivemq-test-hivemq-platform] [hivemq-platform-operator] [ebd27301] 01:04:35.211 [main] INFO  i.javaoperatorsdk.operator.Operator - Registered reconciler: 'hivemq-controller' for resource: 'class com.hivemq.platform.operator.v1.HiveMQPlatform' for namespace(s): [all namespaces]
2025-01-29 01:04:35,895 INFO c.h.h.t.HelmChartContainer - [hivemq-test-hivemq-platform] [hivemq-platform-operator] [ebd27301] 01:04:35.894 [main] INFO  c.h.p.operator.webserver.JettyServer - Starting Jetty server on port 8080
2025-01-29 01:04:35,993 INFO c.h.h.t.HelmChartContainer - [hivemq-test-hivemq-platform] [hivemq-platform-operator] [ebd27301] 01:04:35.991 [main] INFO  i.javaoperatorsdk.operator.Operator - Operator SDK 4.9.7 (commit: 2133d28) built on Wed Nov 20 12:56:20 UTC 2024 starting...
2025-01-29 01:04:35,994 INFO c.h.h.t.HelmChartContainer - [hivemq-test-hivemq-platform] [hivemq-platform-operator] [ebd27301] 01:04:35.992 [main] INFO  i.javaoperatorsdk.operator.Operator - Client version: 6.13.4
2025-01-29 01:04:35,994 INFO c.h.h.t.HelmChartContainer - [hivemq-test-hivemq-platform] [hivemq-platform-operator] [ebd27301] 01:04:35.993 [Controller Starter for: hivemq-controller] INFO  i.j.operator.processing.Controller - Starting 'hivemq-controller' controller for reconciler: com.hivemq.platform.operator.HiveMQPlatformReconciler, resource: com.hivemq.platform.operator.v1.HiveMQPlatform
2025-01-29 01:04:38,201 INFO c.h.h.t.HelmChartContainer - [hivemq-test-hivemq-platform] [hivemq-platform-operator] [ebd27301] 01:04:38.200 [Controller Starter for: hivemq-controller] INFO  i.j.operator.processing.Controller - 'hivemq-controller' controller started
2025-01-29 01:04:38,201 INFO c.h.h.t.HelmChartContainer - [hivemq-test-hivemq-platform] [hivemq-platform-operator] [ebd27301] 01:04:38.200 [main] INFO  c.h.p.o.HiveMQPlatformOperatorApplication - HiveMQ Platform Operator 1.7.0-SNAPSHOT started in 6288 ms
2025-01-29 01:04:39,692 INFO c.h.h.t.HelmChartContainer - [POD] hivemq-test-hivemq-platform-operator-6966f96d65-8vlv5 [ebd27301-b817-4c83-901b-01b51fe86244] in helmrestapiit-operator was MODIFIED
2025-01-29 01:04:39,697 INFO c.h.h.t.HelmChartContainer - [K3S] [replica_set.go:679] "Finished syncing" kind="ReplicaSet" key="helmrestapiit-operator/hivemq-test-hivemq-platform-operator-6966f96d65" duration="11.979286ms"
2025-01-29 01:04:39,698 INFO c.h.h.t.HelmChartContainer - [K3S] [replica_set.go:679] "Finished syncing" kind="ReplicaSet" key="helmrestapiit-operator/hivemq-test-hivemq-platform-operator-6966f96d65" duration="39.774µs"
2025-01-29 01:04:40,855 DEBUG c.h.h.t.HelmChartContainer - Executing helm command: /bin/helm --kubeconfig /etc/rancher/k3s/k3s.yaml install test-hivemq-platform /charts/hivemq-platform --wait --timeout 5m0s --set image.repository=docker.io/hivemq --set image.tag=4.36.0 --set image.pullPolicy=Never --set nodes.resources.cpu=512m -f /files/rest-api-values.yaml --namespace helmrestapiit
2025-01-29 01:04:41,083 INFO c.h.h.t.HelmChartContainer - [hivemq-test-hivemq-platform] [hivemq-platform-operator] [ebd27301] 01:04:41.082 [-373097727-pool-1-thread-2] WARN  i.m.p.PrometheusMeterRegistry - The meter (MeterId{name='operator.sdk.events.received', tags=[tag(action=ADDED),tag(event=ResourceEvent),tag(group=hivemq.com),tag(kind=HiveMQPlatform),tag(name=test-hivemq-platform),tag(namespace=helmrestapiit),tag(scope=namespace),tag(version=v1)]}) registration has failed: Prometheus requires that all meters with the same name have the same set of tag keys. There is already an existing meter named 'operator.sdk.events.received' containing tag keys [event, group, kind, name, namespace, scope, version]. The meter you are attempting to register has keys [action, event, group, kind, name, namespace, scope, version]. Note that subsequent logs will be logged at debug level.
2025-01-29 01:04:41,569 INFO c.h.h.t.HelmChartContainer - [hivemq-test-hivemq-platform] [hivemq-platform-operator] [ebd27301] 01:04:41.568 [pool-6-thread-3] DEBUG c.h.p.o.dependants.PodInfoConfigMap - [helmrest] Desired PodInfo ConfigMap (1 extensions) (1 enabled)
2025-01-29 01:04:41,570 INFO c.h.h.t.HelmChartContainer - [hivemq-test-hivemq-platform] [hivemq-platform-operator] [ebd27301] 01:04:41.569 [pool-6-thread-3] DEBUG c.h.p.o.dependants.PodInfoConfigMap - [helmrest] Desired PodInfo ConfigMap (metrics port: 9399) (metrics path: /)
2025-01-29 01:04:41,570 INFO c.h.h.t.HelmChartContainer - [hivemq-test-hivemq-platform] [hivemq-platform-operator] [ebd27301] 01:04:41.569 [pool-6-thread-3] DEBUG c.h.p.o.dependants.PodInfoConfigMap - [helmrest] Desired PodInfo ConfigMap (extension state hash: -1817474005)
2025-01-29 01:04:41,572 INFO c.h.h.t.HelmChartContainer - [hivemq-test-hivemq-platform] [hivemq-platform-operator] [ebd27301] 01:04:41.571 [pool-6-thread-3] DEBUG c.h.p.o.dependants.PodInfoConfigMap - [helmrest] Create PodInfo ConfigMap
2025-01-29 01:04:41,674 INFO c.h.h.t.HelmChartContainer - [hivemq-test-hivemq-platform] [hivemq-platform-operator] [ebd27301] 01:04:41.672 [pool-6-thread-5] DEBUG c.h.p.o.dependants.PodRoleResource - [helmrest] Create Role: Role(apiVersion=rbac.authorization.k8s.io/v1, kind=Role, metadata=ObjectMeta(annotations={meta.helm.sh/release-name=test-hivemq-platform, meta.helm.sh/release-namespace=helmrestapiit}, creationTimestamp=null, deletionGracePeriodSeconds=null, deletionTimestamp=null, finalizers=[], generateName=null, generation=null, labels={helm.sh/chart=hivemq-platform-0.2.32, app.kubernetes.io/managed-by=Helm, app.kubernetes.io/name=hivemq-platform, hivemq-platform=test-hivemq-platform, app.kubernetes.io/instance=test-hivemq-platform, app.kubernetes.io/version=4.36.0}, managedFields=[], name=hivemq-platform-role-test-hivemq-platform, namespace=helmrestapiit, ownerReferences=[OwnerReference(apiVersion=hivemq.com/v1, blockOwnerDeletion=null, controller=null, kind=HiveMQPlatform, name=test-hivemq-platform, uid=6762a73e-0b10-4c0e-a2ca-67e60d072876, additionalProperties={})], resourceVersion=null, selfLink=null, uid=null, additionalProperties={}), rules=[PolicyRule(apiGroups=[], nonResourceURLs=[], resourceNames=[], resources=[pods], verbs=[get, patch, update], additionalProperties={})], additionalProperties={})
2025-01-29 01:04:41,776 INFO c.h.h.t.HelmChartContainer - [hivemq-test-hivemq-platform] [hivemq-platform-operator] [ebd27301] 01:04:41.776 [pool-6-thread-7] DEBUG c.h.p.o.d.PodServiceAccountResource - [helmrest] Desired PodServiceAccountResource (serviceAccountName: hivemq-platform-pod-test-hivemq-platform)
2025-01-29 01:04:41,777 INFO c.h.h.t.HelmChartContainer - [hivemq-test-hivemq-platform] [hivemq-platform-operator] [ebd27301] 01:04:41.777 [pool-6-thread-7] DEBUG c.h.p.o.d.PodServiceAccountResource - [helmrest] Create ServiceAccount 'hivemq-platform-pod-test-hivemq-platform'
2025-01-29 01:04:41,878 INFO c.h.h.t.HelmChartContainer - [hivemq-test-hivemq-platform] [hivemq-platform-operator] [ebd27301] 01:04:41.877 [pool-6-thread-10] DEBUG c.h.p.o.d.PodRoleBindingResource - [helmrest] Create RoleBinding: RoleBinding(apiVersion=rbac.authorization.k8s.io/v1, kind=RoleBinding, metadata=ObjectMeta(annotations={meta.helm.sh/release-name=test-hivemq-platform, meta.helm.sh/release-namespace=helmrestapiit}, creationTimestamp=null, deletionGracePeriodSeconds=null, deletionTimestamp=null, finalizers=[], generateName=null, generation=null, labels={helm.sh/chart=hivemq-platform-0.2.32, app.kubernetes.io/managed-by=Helm, app.kubernetes.io/name=hivemq-platform, hivemq-platform=test-hivemq-platform, app.kubernetes.io/instance=test-hivemq-platform, app.kubernetes.io/version=4.36.0}, managedFields=[], name=hivemq-platform-role-binding-test-hivemq-platform, namespace=helmrestapiit, ownerReferences=[OwnerReference(apiVersion=hivemq.com/v1, blockOwnerDeletion=null, controller=null, kind=HiveMQPlatform, name=test-hivemq-platform, uid=6762a73e-0b10-4c0e-a2ca-67e60d072876, additionalProperties={})], resourceVersion=null, selfLink=null, uid=null, additionalProperties={}), roleRef=RoleRef(apiGroup=rbac.authorization.k8s.io, kind=Role, name=hivemq-platform-role-test-hivemq-platform, additionalProperties={}), subjects=[Subject(apiGroup=null, kind=ServiceAccount, name=hivemq-platform-pod-test-hivemq-platform, namespace=helmrestapiit, additionalProperties={})], additionalProperties={})
2025-01-29 01:04:41,971 INFO c.h.h.t.HelmChartContainer - [hivemq-test-hivemq-platform] [hivemq-platform-operator] [ebd27301] 01:04:41.968 [ReconcilerExecutor-hivemq-controller-53] INFO  c.h.p.o.HiveMQPlatformReconciler - [helmrest] Reconciling HiveMQ Platform 'test-hivemq-platform' in namespace 'helmrestapiit'
2025-01-29 01:04:41,971 INFO c.h.h.t.HelmChartContainer - [hivemq-test-hivemq-platform] [hivemq-platform-operator] [ebd27301] 01:04:41.968 [ReconcilerExecutor-hivemq-controller-53] DEBUG c.h.p.o.HiveMQPlatformReconciler - [helmrest] Custom Resource Status CREATED - HiveMQ Platform was created (READY)
2025-01-29 01:04:41,971 INFO c.h.h.t.HelmChartContainer - [hivemq-test-hivemq-platform] [hivemq-platform-operator] [ebd27301] 01:04:41.968 [ReconcilerExecutor-hivemq-controller-53] DEBUG c.h.p.o.HiveMQPlatformReconciler - [helmrest] Custom Resource Spec (replicas: 1) (extensions: 1)
2025-01-29 01:04:41,974 INFO c.h.h.t.HelmChartContainer - [hivemq-test-hivemq-platform] [hivemq-platform-operator] [ebd27301] 01:04:41.972 [ReconcilerExecutor-hivemq-controller-53] INFO  c.h.p.o.h.HiveMQPlatformReconcilerBaseHandler - [helmrest] HiveMQ Platform is starting
2025-01-29 01:04:42,077 INFO c.h.h.t.HelmChartContainer - [hivemq-test-hivemq-platform] [hivemq-platform-operator] [ebd27301] 01:04:42.076 [ReconcilerExecutor-hivemq-controller-53] DEBUG c.h.p.operator.event.EventSender - [helmrest] Creating K8s event hivemq-platform-starting: [Start] HiveMQ Platform is starting
2025-01-29 01:04:42,108 INFO c.h.h.t.HelmChartContainer - [EVENT] Normal [Start] HiveMQ Platform is starting [helmrestapiit:test-hivemq-platform]
2025-01-29 01:04:42,170 INFO c.h.h.t.HelmChartContainer - [hivemq-test-hivemq-platform] [hivemq-platform-operator] [ebd27301] 01:04:42.168 [ReconcilerExecutor-hivemq-controller-53] INFO  c.h.p.o.h.AbstractHiveMQReconcilerStateHandler - [helmrest] Update HiveMQ Platform Status (CREATED [READY] -> STARTING [READY]): HiveMQ Platform is starting
2025-01-29 01:04:42,200 DEBUG com.hivemq.helmcharts.util.K8sUtil - Comparing actual state 'STARTING' and waiting for 'RUNNING'
2025-01-29 01:04:52,275 INFO c.h.h.t.HelmChartContainer - [hivemq-test-hivemq-platform] [hivemq-platform-operator] [ebd27301] 01:04:52.272 [pool-6-thread-12] DEBUG c.h.p.o.d.PlatformServiceResource - [helmrest] Desired Platform services (2 services)
2025-01-29 01:04:52,275 INFO c.h.h.t.HelmChartContainer - [hivemq-test-hivemq-platform] [hivemq-platform-operator] [ebd27301] 01:04:52.274 [pool-6-thread-13] DEBUG c.h.p.o.dependants.PodInfoConfigMap - [helmrest] Desired PodInfo ConfigMap (1 extensions) (1 enabled)
2025-01-29 01:04:52,276 INFO c.h.h.t.HelmChartContainer - [hivemq-test-hivemq-platform] [hivemq-platform-operator] [ebd27301] 01:04:52.275 [pool-6-thread-13] DEBUG c.h.p.o.dependants.PodInfoConfigMap - [helmrest] Desired PodInfo ConfigMap (metrics port: 9399) (metrics path: /)
2025-01-29 01:04:52,277 INFO c.h.h.t.HelmChartContainer - [hivemq-test-hivemq-platform] [hivemq-platform-operator] [ebd27301] 01:04:52.275 [pool-6-thread-13] DEBUG c.h.p.o.dependants.PodInfoConfigMap - [helmrest] Desired PodInfo ConfigMap (extension state hash: -1817474005)
2025-01-29 01:04:52,278 INFO c.h.h.t.HelmChartContainer - [hivemq-test-hivemq-platform] [hivemq-platform-operator] [ebd27301] 01:04:52.277 [pool-6-thread-17] DEBUG c.h.p.o.d.PodServiceAccountResource - [helmrest] Desired PodServiceAccountResource (serviceAccountName: hivemq-platform-pod-test-hivemq-platform)
2025-01-29 01:04:52,284 INFO c.h.h.t.HelmChartContainer - [hivemq-test-hivemq-platform] [hivemq-platform-operator] [ebd27301] 01:04:52.284 [pool-6-thread-13] DEBUG c.h.p.o.dependants.PodInfoConfigMap - [helmrest] Update PodInfo ConfigMap
2025-01-29 01:04:52,378 INFO c.h.h.t.HelmChartContainer - [K3S] [alloc.go:330] "allocated clusterIPs" service="helmrestapiit/hivemq-test-hivemq-platform-rest-8890" clusterIPs={"IPv4":"10.43.79.93"}
2025-01-29 01:04:52,392 INFO c.h.h.t.HelmChartContainer - [K3S] [alloc.go:330] "allocated clusterIPs" service="helmrestapiit/hivemq-test-hivemq-platform-metrics-9399" clusterIPs={"IPv4":"10.43.52.213"}
2025-01-29 01:04:52,470 INFO c.h.h.t.HelmChartContainer - [hivemq-test-hivemq-platform] [hivemq-platform-operator] [ebd27301] 01:04:52.469 [pool-6-thread-20] DEBUG c.h.p.o.d.StatefulSetResource - [helmrest] Desired StatefulSet (1 replicas) for status STARTING (READY)
2025-01-29 01:04:52,481 INFO c.h.h.t.HelmChartContainer - [hivemq-test-hivemq-platform] [hivemq-platform-operator] [ebd27301] 01:04:52.480 [pool-6-thread-20] DEBUG c.h.p.o.d.StatefulSetResource - [helmrest] Create StatefulSet
2025-01-29 01:04:52,589 INFO c.h.h.t.HelmChartContainer - [POD] test-hivemq-platform-0 [744c7151-a180-45c5-9e25-cf7afe4a8481] in helmrestapiit was ADDED
2025-01-29 01:04:52,591 INFO c.h.h.t.HelmChartContainer - [EVENT] Normal [SuccessfulCreate] create Pod test-hivemq-platform-0 in StatefulSet test-hivemq-platform successful [helmrestapiit:test-hivemq-platform]
2025-01-29 01:04:52,593 INFO c.h.h.t.HelmChartContainer - [POD] test-hivemq-platform-0 [744c7151-a180-45c5-9e25-cf7afe4a8481] in helmrestapiit was MODIFIED
2025-01-29 01:04:52,597 INFO c.h.h.t.HelmChartContainer - [hivemq-test-hivemq-platform] [hivemq-platform-operator] [ebd27301] 01:04:52.593 [ReconcilerExecutor-hivemq-controller-64] INFO  c.h.p.o.HiveMQPlatformReconciler - [helmrest] Reconciling HiveMQ Platform 'test-hivemq-platform' in namespace 'helmrestapiit'
2025-01-29 01:04:52,597 INFO c.h.h.t.HelmChartContainer - [hivemq-test-hivemq-platform] [hivemq-platform-operator] [ebd27301] 01:04:52.593 [ReconcilerExecutor-hivemq-controller-64] DEBUG c.h.p.o.HiveMQPlatformReconciler - [helmrest] Custom Resource Status STARTING - HiveMQ Platform is starting (READY)
2025-01-29 01:04:52,597 INFO c.h.h.t.HelmChartContainer - [hivemq-test-hivemq-platform] [hivemq-platform-operator] [ebd27301] 01:04:52.593 [ReconcilerExecutor-hivemq-controller-64] DEBUG c.h.p.o.HiveMQPlatformReconciler - [helmrest] Custom Resource Spec (replicas: 1) (extensions: 1)
2025-01-29 01:04:52,597 INFO c.h.h.t.HelmChartContainer - [EVENT] Normal [Scheduled] Successfully assigned helmrestapiit/test-hivemq-platform-0 to 84044ab653e1 [helmrestapiit:test-hivemq-platform-0]
2025-01-29 01:04:52,604 INFO c.h.h.t.HelmChartContainer - [POD] test-hivemq-platform-0 [744c7151-a180-45c5-9e25-cf7afe4a8481] in helmrestapiit was MODIFIED
2025-01-29 01:04:52,674 INFO c.h.h.t.HelmChartContainer - [hivemq-test-hivemq-platform] [hivemq-platform-operator] [ebd27301] 01:04:52.672 [ReconcilerExecutor-hivemq-controller-64] DEBUG c.h.p.o.HiveMQPlatformReconciler - [helmrest] StatefulSet Status (revision: null, replicas: 0, available: 0, ready: 0, current: 0, updated: 0)
2025-01-29 01:04:52,674 INFO c.h.h.t.HelmChartContainer - [hivemq-test-hivemq-platform] [hivemq-platform-operator] [ebd27301] 01:04:52.672 [ReconcilerExecutor-hivemq-controller-64] DEBUG c.h.p.o.HiveMQPlatformReconciler - [helmrest] StatefulSet Spec (replicas: 1, init containers: 1, containers: 1, volumes: 3)
2025-01-29 01:04:52,717 INFO c.h.h.t.HelmChartContainer - [K3S] [reconciler_common.go:251] "operationExecutor.VerifyControllerAttachedVolume started for volume \"kube-api-access-8jhvm\" (UniqueName: \"kubernetes.io/projected/744c7151-a180-45c5-9e25-cf7afe4a8481-kube-api-access-8jhvm\") pod \"test-hivemq-platform-0\" (UID: \"744c7151-a180-45c5-9e25-cf7afe4a8481\") " pod="helmrestapiit/test-hivemq-platform-0"
2025-01-29 01:04:52,717 INFO c.h.h.t.HelmChartContainer - [K3S] [reconciler_common.go:251] "operationExecutor.VerifyControllerAttachedVolume started for volume \"pod-info\" (UniqueName: \"kubernetes.io/configmap/744c7151-a180-45c5-9e25-cf7afe4a8481-pod-info\") pod \"test-hivemq-platform-0\" (UID: \"744c7151-a180-45c5-9e25-cf7afe4a8481\") " pod="helmrestapiit/test-hivemq-platform-0"
2025-01-29 01:04:52,717 INFO c.h.h.t.HelmChartContainer - [K3S] [reconciler_common.go:251] "operationExecutor.VerifyControllerAttachedVolume started for volume \"operator-init\" (UniqueName: \"kubernetes.io/empty-dir/744c7151-a180-45c5-9e25-cf7afe4a8481-operator-init\") pod \"test-hivemq-platform-0\" (UID: \"744c7151-a180-45c5-9e25-cf7afe4a8481\") " pod="helmrestapiit/test-hivemq-platform-0"
2025-01-29 01:04:52,717 INFO c.h.h.t.HelmChartContainer - [K3S] [reconciler_common.go:251] "operationExecutor.VerifyControllerAttachedVolume started for volume \"broker-configuration\" (UniqueName: \"kubernetes.io/configmap/744c7151-a180-45c5-9e25-cf7afe4a8481-broker-configuration\") pod \"test-hivemq-platform-0\" (UID: \"744c7151-a180-45c5-9e25-cf7afe4a8481\") " pod="helmrestapiit/test-hivemq-platform-0"
2025-01-29 01:04:52,775 INFO c.h.h.t.HelmChartContainer - [hivemq-test-hivemq-platform] [hivemq-platform-operator] [ebd27301] 01:04:52.773 [ReconcilerExecutor-hivemq-controller-64] DEBUG c.h.p.o.h.HiveMQPlatformReconcilerErrorHandler - [helmrest] Pod 'test-hivemq-platform-0' phase Pending
2025-01-29 01:04:52,776 INFO c.h.h.t.HelmChartContainer - [hivemq-test-hivemq-platform] [hivemq-platform-operator] [ebd27301] 01:04:52.774 [ReconcilerExecutor-hivemq-controller-64] DEBUG c.h.p.o.h.HiveMQPlatformReconcilerErrorHandler - [helmrest] Pod 'test-hivemq-platform-0' condition 'PodReadyToStartContainers': False
2025-01-29 01:04:52,776 INFO c.h.h.t.HelmChartContainer - [hivemq-test-hivemq-platform] [hivemq-platform-operator] [ebd27301] 01:04:52.774 [ReconcilerExecutor-hivemq-controller-64] DEBUG c.h.p.o.h.HiveMQPlatformReconcilerErrorHandler - [helmrest] Pod 'test-hivemq-platform-0' condition 'Initialized': False
2025-01-29 01:04:52,776 INFO c.h.h.t.HelmChartContainer - [hivemq-test-hivemq-platform] [hivemq-platform-operator] [ebd27301] 01:04:52.774 [ReconcilerExecutor-hivemq-controller-64] DEBUG c.h.p.o.h.HiveMQPlatformReconcilerErrorHandler - [helmrest] Pod 'test-hivemq-platform-0' condition 'Ready': False
2025-01-29 01:04:52,776 INFO c.h.h.t.HelmChartContainer - [hivemq-test-hivemq-platform] [hivemq-platform-operator] [ebd27301] 01:04:52.774 [ReconcilerExecutor-hivemq-controller-64] DEBUG c.h.p.o.h.HiveMQPlatformReconcilerErrorHandler - [helmrest] Pod 'test-hivemq-platform-0' condition 'ContainersReady': False
2025-01-29 01:04:52,776 INFO c.h.h.t.HelmChartContainer - [hivemq-test-hivemq-platform] [hivemq-platform-operator] [ebd27301] 01:04:52.774 [ReconcilerExecutor-hivemq-controller-64] DEBUG c.h.p.o.h.HiveMQPlatformReconcilerErrorHandler - [helmrest] Pod 'test-hivemq-platform-0' condition 'PodScheduled': True
2025-01-29 01:04:52,776 INFO c.h.h.t.HelmChartContainer - [hivemq-test-hivemq-platform] [hivemq-platform-operator] [ebd27301] 01:04:52.775 [ReconcilerExecutor-hivemq-controller-64] DEBUG c.h.p.o.h.HiveMQPlatformReconcilerErrorHandler - [helmrest] Pod 'test-hivemq-platform-0' containerStatus 'hivemq' (started: false) (ready: false) (waiting: [PodInitializing] null)
2025-01-29 01:04:52,778 INFO c.h.h.t.HelmChartContainer - [hivemq-test-hivemq-platform] [hivemq-platform-operator] [ebd27301] 01:04:52.777 [ReconcilerExecutor-hivemq-controller-64] INFO  c.h.p.o.h.HiveMQPlatformReconcilerBaseHandler - [helmrest] HiveMQ Platform is starting, 0 of 1 replicas are ready
2025-01-29 01:04:52,784 INFO c.h.h.t.HelmChartContainer - [hivemq-test-hivemq-platform] [hivemq-platform-operator] [ebd27301] 01:04:52.782 [pool-6-thread-22] DEBUG c.h.p.o.d.PlatformServiceResource - [helmrest] Desired Platform services (2 services)
2025-01-29 01:04:52,784 INFO c.h.h.t.HelmChartContainer - [hivemq-test-hivemq-platform] [hivemq-platform-operator] [ebd27301] 01:04:52.783 [pool-6-thread-23] DEBUG c.h.p.o.dependants.PodInfoConfigMap - [helmrest] Desired PodInfo ConfigMap (1 extensions) (1 enabled)
2025-01-29 01:04:52,784 INFO c.h.h.t.HelmChartContainer - [hivemq-test-hivemq-platform] [hivemq-platform-operator] [ebd27301] 01:04:52.783 [pool-6-thread-23] DEBUG c.h.p.o.dependants.PodInfoConfigMap - [helmrest] Desired PodInfo ConfigMap (metrics port: 9399) (metrics path: /)
2025-01-29 01:04:52,784 INFO c.h.h.t.HelmChartContainer - [hivemq-test-hivemq-platform] [hivemq-platform-operator] [ebd27301] 01:04:52.783 [pool-6-thread-23] DEBUG c.h.p.o.dependants.PodInfoConfigMap - [helmrest] Desired PodInfo ConfigMap (extension state hash: -1817474005)
2025-01-29 01:04:52,869 INFO c.h.h.t.HelmChartContainer - [hivemq-test-hivemq-platform] [hivemq-platform-operator] [ebd27301] 01:04:52.868 [pool-6-thread-27] DEBUG c.h.p.o.d.PodServiceAccountResource - [helmrest] Desired PodServiceAccountResource (serviceAccountName: hivemq-platform-pod-test-hivemq-platform)
2025-01-29 01:04:52,874 INFO c.h.h.t.HelmChartContainer - [hivemq-test-hivemq-platform] [hivemq-platform-operator] [ebd27301] 01:04:52.873 [pool-6-thread-30] DEBUG c.h.p.o.d.StatefulSetResource - [helmrest] Desired StatefulSet (1 replicas) for status STARTING (READY)
2025-01-29 01:04:52,879 INFO c.h.h.t.HelmChartContainer - [hivemq-test-hivemq-platform] [hivemq-platform-operator] [ebd27301] 01:04:52.878 [ReconcilerExecutor-hivemq-controller-76] INFO  c.h.p.o.HiveMQPlatformReconciler - [helmrest] Reconciling HiveMQ Platform 'test-hivemq-platform' in namespace 'helmrestapiit'
2025-01-29 01:04:52,879 INFO c.h.h.t.HelmChartContainer - [hivemq-test-hivemq-platform] [hivemq-platform-operator] [ebd27301] 01:04:52.878 [ReconcilerExecutor-hivemq-controller-76] DEBUG c.h.p.o.HiveMQPlatformReconciler - [helmrest] Custom Resource Status STARTING - HiveMQ Platform is starting (READY)
2025-01-29 01:04:52,879 INFO c.h.h.t.HelmChartContainer - [hivemq-test-hivemq-platform] [hivemq-platform-operator] [ebd27301] 01:04:52.878 [ReconcilerExecutor-hivemq-controller-76] DEBUG c.h.p.o.HiveMQPlatformReconciler - [helmrest] Custom Resource Spec (replicas: 1) (extensions: 1)
2025-01-29 01:04:52,881 INFO c.h.h.t.HelmChartContainer - [hivemq-test-hivemq-platform] [hivemq-platform-operator] [ebd27301] 01:04:52.880 [ReconcilerExecutor-hivemq-controller-76] DEBUG c.h.p.o.HiveMQPlatformReconciler - [helmrest] StatefulSet Status (revision: test-hivemq-platform-54dd684c8, replicas: 1, available: 0, ready: 0, current: 1, updated: 1)
2025-01-29 01:04:52,881 INFO c.h.h.t.HelmChartContainer - [hivemq-test-hivemq-platform] [hivemq-platform-operator] [ebd27301] 01:04:52.880 [ReconcilerExecutor-hivemq-controller-76] DEBUG c.h.p.o.HiveMQPlatformReconciler - [helmrest] StatefulSet Spec (replicas: 1, init containers: 1, containers: 1, volumes: 3)
2025-01-29 01:04:52,882 INFO c.h.h.t.HelmChartContainer - [hivemq-test-hivemq-platform] [hivemq-platform-operator] [ebd27301] 01:04:52.882 [ReconcilerExecutor-hivemq-controller-76] DEBUG c.h.p.o.h.HiveMQPlatformReconcilerErrorHandler - [helmrest] Pod 'test-hivemq-platform-0' phase Pending
2025-01-29 01:04:52,883 INFO c.h.h.t.HelmChartContainer - [hivemq-test-hivemq-platform] [hivemq-platform-operator] [ebd27301] 01:04:52.882 [ReconcilerExecutor-hivemq-controller-76] DEBUG c.h.p.o.h.HiveMQPlatformReconcilerErrorHandler - [helmrest] Pod 'test-hivemq-platform-0' condition 'PodReadyToStartContainers': False
2025-01-29 01:04:52,884 INFO c.h.h.t.HelmChartContainer - [hivemq-test-hivemq-platform] [hivemq-platform-operator] [ebd27301] 01:04:52.882 [ReconcilerExecutor-hivemq-controller-76] DEBUG c.h.p.o.h.HiveMQPlatformReconcilerErrorHandler - [helmrest] Pod 'test-hivemq-platform-0' condition 'Initialized': False
2025-01-29 01:04:52,884 INFO c.h.h.t.HelmChartContainer - [hivemq-test-hivemq-platform] [hivemq-platform-operator] [ebd27301] 01:04:52.882 [ReconcilerExecutor-hivemq-controller-76] DEBUG c.h.p.o.h.HiveMQPlatformReconcilerErrorHandler - [helmrest] Pod 'test-hivemq-platform-0' condition 'Ready': False
2025-01-29 01:04:52,884 INFO c.h.h.t.HelmChartContainer - [hivemq-test-hivemq-platform] [hivemq-platform-operator] [ebd27301] 01:04:52.882 [ReconcilerExecutor-hivemq-controller-76] DEBUG c.h.p.o.h.HiveMQPlatformReconcilerErrorHandler - [helmrest] Pod 'test-hivemq-platform-0' condition 'ContainersReady': False
2025-01-29 01:04:52,884 INFO c.h.h.t.HelmChartContainer - [hivemq-test-hivemq-platform] [hivemq-platform-operator] [ebd27301] 01:04:52.883 [ReconcilerExecutor-hivemq-controller-76] DEBUG c.h.p.o.h.HiveMQPlatformReconcilerErrorHandler - [helmrest] Pod 'test-hivemq-platform-0' condition 'PodScheduled': True
2025-01-29 01:04:52,884 INFO c.h.h.t.HelmChartContainer - [hivemq-test-hivemq-platform] [hivemq-platform-operator] [ebd27301] 01:04:52.883 [ReconcilerExecutor-hivemq-controller-76] DEBUG c.h.p.o.h.HiveMQPlatformReconcilerErrorHandler - [helmrest] Pod 'test-hivemq-platform-0' containerStatus 'hivemq' (started: false) (ready: false) (waiting: [PodInitializing] null)
2025-01-29 01:04:52,884 INFO c.h.h.t.HelmChartContainer - [hivemq-test-hivemq-platform] [hivemq-platform-operator] [ebd27301] 01:04:52.884 [ReconcilerExecutor-hivemq-controller-76] INFO  c.h.p.o.h.HiveMQPlatformReconcilerBaseHandler - [helmrest] HiveMQ Platform is starting, 0 of 1 replicas are ready
2025-01-29 01:04:52,981 INFO c.h.h.t.HelmChartContainer - [EVENT] Normal [Pulled] Container image "docker.io/hivemq/hivemq-platform-operator-init-test:snapshot" already present on machine [helmrestapiit:test-hivemq-platform-0]
2025-01-29 01:04:53,093 INFO c.h.h.t.HelmChartContainer - [EVENT] Normal [Created] Created container: hivemq-platform-operator-init [helmrestapiit:test-hivemq-platform-0]
2025-01-29 01:04:53,136 INFO c.h.h.t.HelmChartContainer - [EVENT] Normal [Started] Started container hivemq-platform-operator-init [helmrestapiit:test-hivemq-platform-0]
2025-01-29 01:04:53,710 INFO c.h.h.t.HelmChartContainer - [POD] test-hivemq-platform-0 [744c7151-a180-45c5-9e25-cf7afe4a8481] in helmrestapiit was MODIFIED
2025-01-29 01:04:53,728 INFO c.h.h.t.HelmChartContainer - [hivemq-test-hivemq-platform] [hivemq-platform-operator] [ebd27301] 01:04:53.721 [pool-6-thread-32] DEBUG c.h.p.o.d.PlatformServiceResource - [helmrest] Desired Platform services (2 services)
2025-01-29 01:04:53,728 INFO c.h.h.t.HelmChartContainer - [hivemq-test-hivemq-platform] [hivemq-platform-operator] [ebd27301] 01:04:53.723 [pool-6-thread-33] DEBUG c.h.p.o.dependants.PodInfoConfigMap - [helmrest] Desired PodInfo ConfigMap (1 extensions) (1 enabled)
2025-01-29 01:04:53,728 INFO c.h.h.t.HelmChartContainer - [hivemq-test-hivemq-platform] [hivemq-platform-operator] [ebd27301] 01:04:53.723 [pool-6-thread-33] DEBUG c.h.p.o.dependants.PodInfoConfigMap - [helmrest] Desired PodInfo ConfigMap (metrics port: 9399) (metrics path: /)
2025-01-29 01:04:53,728 INFO c.h.h.t.HelmChartContainer - [hivemq-test-hivemq-platform] [hivemq-platform-operator] [ebd27301] 01:04:53.723 [pool-6-thread-33] DEBUG c.h.p.o.dependants.PodInfoConfigMap - [helmrest] Desired PodInfo ConfigMap (extension state hash: -1817474005)
2025-01-29 01:04:53,736 INFO c.h.h.t.HelmChartContainer - [hivemq-test-hivemq-platform] [hivemq-platform-operator] [ebd27301] 01:04:53.734 [pool-6-thread-37] DEBUG c.h.p.o.d.PodServiceAccountResource - [helmrest] Desired PodServiceAccountResource (serviceAccountName: hivemq-platform-pod-test-hivemq-platform)
2025-01-29 01:04:53,797 INFO c.h.h.t.HelmChartContainer - [hivemq-test-hivemq-platform] [hivemq-platform-operator] [ebd27301] 01:04:53.795 [pool-6-thread-40] DEBUG c.h.p.o.d.StatefulSetResource - [helmrest] Desired StatefulSet (1 replicas) for status STARTING (READY)
2025-01-29 01:04:53,802 INFO c.h.h.t.HelmChartContainer - [hivemq-test-hivemq-platform] [hivemq-platform-operator] [ebd27301] 01:04:53.800 [ReconcilerExecutor-hivemq-controller-87] INFO  c.h.p.o.HiveMQPlatformReconciler - [helmrest] Reconciling HiveMQ Platform 'test-hivemq-platform' in namespace 'helmrestapiit'
2025-01-29 01:04:53,802 INFO c.h.h.t.HelmChartContainer - [hivemq-test-hivemq-platform] [hivemq-platform-operator] [ebd27301] 01:04:53.800 [ReconcilerExecutor-hivemq-controller-87] DEBUG c.h.p.o.HiveMQPlatformReconciler - [helmrest] Custom Resource Status STARTING - HiveMQ Platform is starting (READY)
2025-01-29 01:04:53,802 INFO c.h.h.t.HelmChartContainer - [hivemq-test-hivemq-platform] [hivemq-platform-operator] [ebd27301] 01:04:53.800 [ReconcilerExecutor-hivemq-controller-87] DEBUG c.h.p.o.HiveMQPlatformReconciler - [helmrest] Custom Resource Spec (replicas: 1) (extensions: 1)
2025-01-29 01:04:53,805 INFO c.h.h.t.HelmChartContainer - [hivemq-test-hivemq-platform] [hivemq-platform-operator] [ebd27301] 01:04:53.803 [ReconcilerExecutor-hivemq-controller-87] DEBUG c.h.p.o.HiveMQPlatformReconciler - [helmrest] StatefulSet Status (revision: test-hivemq-platform-54dd684c8, replicas: 1, available: 0, ready: 0, current: 1, updated: 1)
2025-01-29 01:04:53,805 INFO c.h.h.t.HelmChartContainer - [hivemq-test-hivemq-platform] [hivemq-platform-operator] [ebd27301] 01:04:53.803 [ReconcilerExecutor-hivemq-controller-87] DEBUG c.h.p.o.HiveMQPlatformReconciler - [helmrest] StatefulSet Spec (replicas: 1, init containers: 1, containers: 1, volumes: 3)
2025-01-29 01:04:53,806 INFO c.h.h.t.HelmChartContainer - [hivemq-test-hivemq-platform] [hivemq-platform-operator] [ebd27301] 01:04:53.805 [ReconcilerExecutor-hivemq-controller-87] DEBUG c.h.p.o.h.HiveMQPlatformReconcilerErrorHandler - [helmrest] Pod 'test-hivemq-platform-0' phase Pending
2025-01-29 01:04:53,807 INFO c.h.h.t.HelmChartContainer - [hivemq-test-hivemq-platform] [hivemq-platform-operator] [ebd27301] 01:04:53.806 [ReconcilerExecutor-hivemq-controller-87] DEBUG c.h.p.o.h.HiveMQPlatformReconcilerErrorHandler - [helmrest] Pod 'test-hivemq-platform-0' condition 'PodReadyToStartContainers': True
2025-01-29 01:04:53,807 INFO c.h.h.t.HelmChartContainer - [hivemq-test-hivemq-platform] [hivemq-platform-operator] [ebd27301] 01:04:53.806 [ReconcilerExecutor-hivemq-controller-87] DEBUG c.h.p.o.h.HiveMQPlatformReconcilerErrorHandler - [helmrest] Pod 'test-hivemq-platform-0' condition 'Initialized': False
2025-01-29 01:04:53,807 INFO c.h.h.t.HelmChartContainer - [hivemq-test-hivemq-platform] [hivemq-platform-operator] [ebd27301] 01:04:53.806 [ReconcilerExecutor-hivemq-controller-87] DEBUG c.h.p.o.h.HiveMQPlatformReconcilerErrorHandler - [helmrest] Pod 'test-hivemq-platform-0' condition 'Ready': False
2025-01-29 01:04:53,807 INFO c.h.h.t.HelmChartContainer - [hivemq-test-hivemq-platform] [hivemq-platform-operator] [ebd27301] 01:04:53.806 [ReconcilerExecutor-hivemq-controller-87] DEBUG c.h.p.o.h.HiveMQPlatformReconcilerErrorHandler - [helmrest] Pod 'test-hivemq-platform-0' condition 'ContainersReady': False
2025-01-29 01:04:53,808 INFO c.h.h.t.HelmChartContainer - [hivemq-test-hivemq-platform] [hivemq-platform-operator] [ebd27301] 01:04:53.806 [ReconcilerExecutor-hivemq-controller-87] DEBUG c.h.p.o.h.HiveMQPlatformReconcilerErrorHandler - [helmrest] Pod 'test-hivemq-platform-0' condition 'PodScheduled': True
2025-01-29 01:04:53,808 INFO c.h.h.t.HelmChartContainer - [hivemq-test-hivemq-platform] [hivemq-platform-operator] [ebd27301] 01:04:53.806 [ReconcilerExecutor-hivemq-controller-87] DEBUG c.h.p.o.h.HiveMQPlatformReconcilerErrorHandler - [helmrest] Pod 'test-hivemq-platform-0' containerStatus 'hivemq' (started: false) (ready: false) (waiting: [PodInitializing] null)
2025-01-29 01:04:53,808 INFO c.h.h.t.HelmChartContainer - [hivemq-test-hivemq-platform] [hivemq-platform-operator] [ebd27301] 01:04:53.807 [ReconcilerExecutor-hivemq-controller-87] INFO  c.h.p.o.h.HiveMQPlatformReconcilerBaseHandler - [helmrest] HiveMQ Platform is starting, 0 of 1 replicas are ready
2025-01-29 01:04:54,707 INFO c.h.h.t.HelmChartContainer - [EVENT] Normal [Pulled] Container image "docker.io/hivemq/hivemq4:4.36.0" already present on machine [helmrestapiit:test-hivemq-platform-0]
2025-01-29 01:04:54,707 INFO c.h.h.t.HelmChartContainer - Received Pulled event for container hivemq in pod test-hivemq-platform-0 [744c7151-a180-45c5-9e25-cf7afe4a8481]
2025-01-29 01:04:54,713 INFO c.h.h.t.HelmChartContainer - [POD] test-hivemq-platform-0 [744c7151-a180-45c5-9e25-cf7afe4a8481] in helmrestapiit was MODIFIED
2025-01-29 01:04:54,726 INFO c.h.h.t.HelmChartContainer - [hivemq-test-hivemq-platform] [hivemq-platform-operator] [ebd27301] 01:04:54.721 [pool-6-thread-42] DEBUG c.h.p.o.d.PlatformServiceResource - [helmrest] Desired Platform services (2 services)
2025-01-29 01:04:54,726 INFO c.h.h.t.HelmChartContainer - [hivemq-test-hivemq-platform] [hivemq-platform-operator] [ebd27301] 01:04:54.722 [pool-6-thread-43] DEBUG c.h.p.o.dependants.PodInfoConfigMap - [helmrest] Desired PodInfo ConfigMap (1 extensions) (1 enabled)
2025-01-29 01:04:54,726 INFO c.h.h.t.HelmChartContainer - [hivemq-test-hivemq-platform] [hivemq-platform-operator] [ebd27301] 01:04:54.722 [pool-6-thread-43] DEBUG c.h.p.o.dependants.PodInfoConfigMap - [helmrest] Desired PodInfo ConfigMap (metrics port: 9399) (metrics path: /)
2025-01-29 01:04:54,726 INFO c.h.h.t.HelmChartContainer - [hivemq-test-hivemq-platform] [hivemq-platform-operator] [ebd27301] 01:04:54.722 [pool-6-thread-43] DEBUG c.h.p.o.dependants.PodInfoConfigMap - [helmrest] Desired PodInfo ConfigMap (extension state hash: -1817474005)
2025-01-29 01:04:54,727 INFO c.h.h.t.HelmChartContainer - [hivemq-test-hivemq-platform] [hivemq-platform-operator] [ebd27301] 01:04:54.726 [pool-6-thread-47] DEBUG c.h.p.o.d.PodServiceAccountResource - [helmrest] Desired PodServiceAccountResource (serviceAccountName: hivemq-platform-pod-test-hivemq-platform)
2025-01-29 01:04:54,733 INFO c.h.h.t.HelmChartContainer - [hivemq-test-hivemq-platform] [hivemq-platform-operator] [ebd27301] 01:04:54.732 [pool-6-thread-50] DEBUG c.h.p.o.d.StatefulSetResource - [helmrest] Desired StatefulSet (1 replicas) for status STARTING (READY)
2025-01-29 01:04:54,801 INFO c.h.h.t.HelmChartContainer - [hivemq-test-hivemq-platform] [hivemq-platform-operator] [ebd27301] 01:04:54.797 [ReconcilerExecutor-hivemq-controller-98] INFO  c.h.p.o.HiveMQPlatformReconciler - [helmrest] Reconciling HiveMQ Platform 'test-hivemq-platform' in namespace 'helmrestapiit'
2025-01-29 01:04:54,802 INFO c.h.h.t.HelmChartContainer - [hivemq-test-hivemq-platform] [hivemq-platform-operator] [ebd27301] 01:04:54.797 [ReconcilerExecutor-hivemq-controller-98] DEBUG c.h.p.o.HiveMQPlatformReconciler - [helmrest] Custom Resource Status STARTING - HiveMQ Platform is starting (READY)
2025-01-29 01:04:54,802 INFO c.h.h.t.HelmChartContainer - [hivemq-test-hivemq-platform] [hivemq-platform-operator] [ebd27301] 01:04:54.797 [ReconcilerExecutor-hivemq-controller-98] DEBUG c.h.p.o.HiveMQPlatformReconciler - [helmrest] Custom Resource Spec (replicas: 1) (extensions: 1)
2025-01-29 01:04:54,802 INFO c.h.h.t.HelmChartContainer - [hivemq-test-hivemq-platform] [hivemq-platform-operator] [ebd27301] 01:04:54.799 [ReconcilerExecutor-hivemq-controller-98] DEBUG c.h.p.o.HiveMQPlatformReconciler - [helmrest] StatefulSet Status (revision: test-hivemq-platform-54dd684c8, replicas: 1, available: 0, ready: 0, current: 1, updated: 1)
2025-01-29 01:04:54,802 INFO c.h.h.t.HelmChartContainer - [hivemq-test-hivemq-platform] [hivemq-platform-operator] [ebd27301] 01:04:54.799 [ReconcilerExecutor-hivemq-controller-98] DEBUG c.h.p.o.HiveMQPlatformReconciler - [helmrest] StatefulSet Spec (replicas: 1, init containers: 1, containers: 1, volumes: 3)
2025-01-29 01:04:54,804 INFO c.h.h.t.HelmChartContainer - [hivemq-test-hivemq-platform] [hivemq-platform-operator] [ebd27301] 01:04:54.803 [ReconcilerExecutor-hivemq-controller-98] DEBUG c.h.p.o.h.HiveMQPlatformReconcilerErrorHandler - [helmrest] Pod 'test-hivemq-platform-0' phase Pending
2025-01-29 01:04:54,805 INFO c.h.h.t.HelmChartContainer - [hivemq-test-hivemq-platform] [hivemq-platform-operator] [ebd27301] 01:04:54.803 [ReconcilerExecutor-hivemq-controller-98] DEBUG c.h.p.o.h.HiveMQPlatformReconcilerErrorHandler - [helmrest] Pod 'test-hivemq-platform-0' condition 'PodReadyToStartContainers': True
2025-01-29 01:04:54,806 INFO c.h.h.t.HelmChartContainer - [hivemq-test-hivemq-platform] [hivemq-platform-operator] [ebd27301] 01:04:54.803 [ReconcilerExecutor-hivemq-controller-98] DEBUG c.h.p.o.h.HiveMQPlatformReconcilerErrorHandler - [helmrest] Pod 'test-hivemq-platform-0' condition 'Initialized': True
2025-01-29 01:04:54,806 INFO c.h.h.t.HelmChartContainer - [hivemq-test-hivemq-platform] [hivemq-platform-operator] [ebd27301] 01:04:54.803 [ReconcilerExecutor-hivemq-controller-98] DEBUG c.h.p.o.h.HiveMQPlatformReconcilerErrorHandler - [helmrest] Pod 'test-hivemq-platform-0' condition 'Ready': False
2025-01-29 01:04:54,806 INFO c.h.h.t.HelmChartContainer - [hivemq-test-hivemq-platform] [hivemq-platform-operator] [ebd27301] 01:04:54.803 [ReconcilerExecutor-hivemq-controller-98] DEBUG c.h.p.o.h.HiveMQPlatformReconcilerErrorHandler - [helmrest] Pod 'test-hivemq-platform-0' condition 'ContainersReady': False
2025-01-29 01:04:54,806 INFO c.h.h.t.HelmChartContainer - [hivemq-test-hivemq-platform] [hivemq-platform-operator] [ebd27301] 01:04:54.803 [ReconcilerExecutor-hivemq-controller-98] DEBUG c.h.p.o.h.HiveMQPlatformReconcilerErrorHandler - [helmrest] Pod 'test-hivemq-platform-0' condition 'PodScheduled': True
2025-01-29 01:04:54,806 INFO c.h.h.t.HelmChartContainer - [hivemq-test-hivemq-platform] [hivemq-platform-operator] [ebd27301] 01:04:54.804 [ReconcilerExecutor-hivemq-controller-98] DEBUG c.h.p.o.h.HiveMQPlatformReconcilerErrorHandler - [helmrest] Pod 'test-hivemq-platform-0' containerStatus 'hivemq' (started: false) (ready: false) (waiting: [PodInitializing] null)
2025-01-29 01:04:54,807 INFO c.h.h.t.HelmChartContainer - [hivemq-test-hivemq-platform] [hivemq-platform-operator] [ebd27301] 01:04:54.805 [ReconcilerExecutor-hivemq-controller-98] INFO  c.h.p.o.h.HiveMQPlatformReconcilerBaseHandler - [helmrest] HiveMQ Platform is starting, 0 of 1 replicas are ready
2025-01-29 01:04:55,757 INFO c.h.h.t.HelmChartContainer - [EVENT] Normal [Created] Created container: hivemq [helmrestapiit:test-hivemq-platform-0]
2025-01-29 01:04:55,757 INFO c.h.h.t.HelmChartContainer - Received Created event for container hivemq in pod test-hivemq-platform-0 [744c7151-a180-45c5-9e25-cf7afe4a8481]
2025-01-29 01:04:56,718 INFO c.h.h.t.HelmChartContainer - [POD] test-hivemq-platform-0 [744c7151-a180-45c5-9e25-cf7afe4a8481] in helmrestapiit was MODIFIED
2025-01-29 01:04:56,729 INFO c.h.h.t.HelmChartContainer - [hivemq-test-hivemq-platform] [hivemq-platform-operator] [ebd27301] 01:04:56.724 [pool-6-thread-5] DEBUG c.h.p.o.d.PlatformServiceResource - [helmrest] Desired Platform services (2 services)
2025-01-29 01:04:56,731 INFO c.h.h.t.HelmChartContainer - Started log watcher for hivemq in pod test-hivemq-platform-0 [744c7151-a180-45c5-9e25-cf7afe4a8481]
2025-01-29 01:04:56,731 INFO c.h.h.t.HelmChartContainer - [EVENT] Normal [Started] Started container hivemq [helmrestapiit:test-hivemq-platform-0]
2025-01-29 01:04:56,731 INFO c.h.h.t.HelmChartContainer - Received Started event for container hivemq in pod test-hivemq-platform-0 [744c7151-a180-45c5-9e25-cf7afe4a8481]
2025-01-29 01:04:56,732 INFO c.h.h.t.HelmChartContainer - [hivemq-test-hivemq-platform] [hivemq-platform-operator] [ebd27301] 01:04:56.729 [pool-6-thread-6] DEBUG c.h.p.o.dependants.PodInfoConfigMap - [helmrest] Desired PodInfo ConfigMap (1 extensions) (1 enabled)
2025-01-29 01:04:56,733 INFO c.h.h.t.HelmChartContainer - [hivemq-test-hivemq-platform] [hivemq-platform-operator] [ebd27301] 01:04:56.729 [pool-6-thread-6] DEBUG c.h.p.o.dependants.PodInfoConfigMap - [helmrest] Desired PodInfo ConfigMap (metrics port: 9399) (metrics path: /)
2025-01-29 01:04:56,733 INFO c.h.h.t.HelmChartContainer - [hivemq-test-hivemq-platform] [hivemq-platform-operator] [ebd27301] 01:04:56.730 [pool-6-thread-6] DEBUG c.h.p.o.dependants.PodInfoConfigMap - [helmrest] Desired PodInfo ConfigMap (extension state hash: -1817474005)
2025-01-29 01:04:56,733 INFO c.h.h.t.HelmChartContainer - [test-hivemq-platform] [hivemq] [744c7151] Adding pre-installed HiveMQ Platform Operator extensions
2025-01-29 01:04:56,733 INFO c.h.h.t.HelmChartContainer - [test-hivemq-platform] [hivemq] [744c7151] Running as user 10000
2025-01-29 01:04:56,733 INFO c.h.h.t.HelmChartContainer - [test-hivemq-platform] [hivemq] [744c7151] Starting HiveMQ Platform Operator Init
2025-01-29 01:04:56,734 INFO c.h.h.t.HelmChartContainer - [hivemq-test-hivemq-platform] [hivemq-platform-operator] [ebd27301] 01:04:56.733 [pool-6-thread-6] DEBUG c.h.p.o.d.PodServiceAccountResource - [helmrest] Desired PodServiceAccountResource (serviceAccountName: hivemq-platform-pod-test-hivemq-platform)
2025-01-29 01:04:56,740 INFO c.h.h.t.HelmChartContainer - [hivemq-test-hivemq-platform] [hivemq-platform-operator] [ebd27301] 01:04:56.739 [pool-6-thread-5] DEBUG c.h.p.o.d.StatefulSetResource - [helmrest] Desired StatefulSet (1 replicas) for status STARTING (READY)
2025-01-29 01:04:56,745 INFO c.h.h.t.HelmChartContainer - [hivemq-test-hivemq-platform] [hivemq-platform-operator] [ebd27301] 01:04:56.743 [ReconcilerExecutor-hivemq-controller-109] INFO  c.h.p.o.HiveMQPlatformReconciler - [helmrest] Reconciling HiveMQ Platform 'test-hivemq-platform' in namespace 'helmrestapiit'
2025-01-29 01:04:56,745 INFO c.h.h.t.HelmChartContainer - [hivemq-test-hivemq-platform] [hivemq-platform-operator] [ebd27301] 01:04:56.743 [ReconcilerExecutor-hivemq-controller-109] DEBUG c.h.p.o.HiveMQPlatformReconciler - [helmrest] Custom Resource Status STARTING - HiveMQ Platform is starting (READY)
2025-01-29 01:04:56,745 INFO c.h.h.t.HelmChartContainer - [hivemq-test-hivemq-platform] [hivemq-platform-operator] [ebd27301] 01:04:56.744 [ReconcilerExecutor-hivemq-controller-109] DEBUG c.h.p.o.HiveMQPlatformReconciler - [helmrest] Custom Resource Spec (replicas: 1) (extensions: 1)
2025-01-29 01:04:56,799 INFO c.h.h.t.HelmChartContainer - [hivemq-test-hivemq-platform] [hivemq-platform-operator] [ebd27301] 01:04:56.796 [ReconcilerExecutor-hivemq-controller-109] DEBUG c.h.p.o.HiveMQPlatformReconciler - [helmrest] StatefulSet Status (revision: test-hivemq-platform-54dd684c8, replicas: 1, available: 0, ready: 0, current: 1, updated: 1)
2025-01-29 01:04:56,799 INFO c.h.h.t.HelmChartContainer - [hivemq-test-hivemq-platform] [hivemq-platform-operator] [ebd27301] 01:04:56.796 [ReconcilerExecutor-hivemq-controller-109] DEBUG c.h.p.o.HiveMQPlatformReconciler - [helmrest] StatefulSet Spec (replicas: 1, init containers: 1, containers: 1, volumes: 3)
2025-01-29 01:04:56,800 INFO c.h.h.t.HelmChartContainer - [hivemq-test-hivemq-platform] [hivemq-platform-operator] [ebd27301] 01:04:56.799 [ReconcilerExecutor-hivemq-controller-109] DEBUG c.h.p.o.h.HiveMQPlatformReconcilerErrorHandler - [helmrest] Pod 'test-hivemq-platform-0' phase Running
2025-01-29 01:04:56,801 INFO c.h.h.t.HelmChartContainer - [hivemq-test-hivemq-platform] [hivemq-platform-operator] [ebd27301] 01:04:56.800 [ReconcilerExecutor-hivemq-controller-109] INFO  c.h.p.o.h.HiveMQPlatformReconcilerBaseHandler - [helmrest] HiveMQ Platform is starting, 0 of 1 replicas are ready
2025-01-29 01:04:56,994 INFO c.h.h.t.HelmChartContainer - [test-hivemq-platform] [hivemq] [744c7151] INFO  - [HiveMQ Platform Operator Init 1.7.0-SNAPSHOT] HiveMQ Platform Operator Init 1.7.0-SNAPSHOT (commit: bebf408 on branch: HEAD) built on Sun Jan 26 20:47:47 UTC 2025
2025-01-29 01:04:58,101 INFO c.h.h.t.HelmChartContainer - [test-hivemq-platform] [hivemq] [744c7151] INFO  - [HiveMQ Platform Operator Init App 1.7.0-SNAPSHOT] Using bind address 10.42.0.15 from environment variable
2025-01-29 01:04:59,027 INFO c.h.h.t.HelmChartContainer - [test-hivemq-platform] [hivemq] [744c7151] INFO  - [HiveMQ Platform Operator Init App 1.7.0-SNAPSHOT] HiveMQ Platform Operator Init App 1.7.0-SNAPSHOT (commit: bebf408 on branch: HEAD) built on Sun Jan 26 20:47:47 UTC 2025
2025-01-29 01:04:59,027 INFO c.h.h.t.HelmChartContainer - [test-hivemq-platform] [hivemq] [744c7151] INFO  - [HiveMQ Platform Operator Init App 1.7.0-SNAPSHOT] PodInfo ConfigMap directory: /etc/podinfo
2025-01-29 01:04:59,027 INFO c.h.h.t.HelmChartContainer - [test-hivemq-platform] [hivemq] [744c7151] INFO  - [HiveMQ Platform Operator Init App 1.7.0-SNAPSHOT] HiveMQ home directory: /opt/hivemq
2025-01-29 01:04:59,027 INFO c.h.h.t.HelmChartContainer - [test-hivemq-platform] [hivemq] [744c7151] INFO  - [HiveMQ Platform Operator Init App 1.7.0-SNAPSHOT] HiveMQ Logback folder: /opt/hivemq/conf
2025-01-29 01:04:59,027 INFO c.h.h.t.HelmChartContainer - [test-hivemq-platform] [hivemq] [744c7151] INFO  - [HiveMQ Platform Operator Init App 1.7.0-SNAPSHOT] HiveMQ Config folder: /opt/hivemq/conf-k8s
2025-01-29 01:04:59,027 INFO c.h.h.t.HelmChartContainer - [test-hivemq-platform] [hivemq] [744c7151] INFO  - [HiveMQ Platform Operator Init App 1.7.0-SNAPSHOT] Starting HiveMQ Platform Operator Init App
2025-01-29 01:04:59,027 INFO c.h.h.t.HelmChartContainer - [test-hivemq-platform] [hivemq] [744c7151] INFO  - [HiveMQ Platform Operator Init App 1.7.0-SNAPSHOT] Starting Pod reconciler
2025-01-29 01:05:00,200 INFO c.h.h.t.HelmChartContainer - [test-hivemq-platform] [hivemq] [744c7151] INFO  - [HiveMQ Platform Operator Init App 1.7.0-SNAPSHOT] Pod reconciler is scheduled (interval: 5000 ms)
2025-01-29 01:05:00,201 INFO c.h.h.t.HelmChartContainer - [test-hivemq-platform] [hivemq] [744c7151] INFO  - [HiveMQ Platform Operator Init App 1.7.0-SNAPSHOT] Starting the REST API on 10.42.0.15:7979
2025-01-29 01:05:00,203 INFO c.h.h.t.HelmChartContainer - [test-hivemq-platform] [hivemq] [744c7151] INFO  - [HiveMQ Platform Operator Init App 1.7.0-SNAPSHOT] Waiting up to 600s for at most 1 HiveMQ nodes in cluster service hivemq-test-hivemq-platform-cluster.helmrestapiit.svc
2025-01-29 01:05:00,528 INFO c.h.h.t.HelmChartContainer - [test-hivemq-platform] [hivemq] [744c7151] INFO  - [HiveMQ Platform Operator Init App 1.7.0-SNAPSHOT] Resolved 1 IP addresses: [10.42.0.15]
2025-01-29 01:05:00,528 INFO c.h.h.t.HelmChartContainer - [test-hivemq-platform] [hivemq] [744c7151] INFO  - [HiveMQ Platform Operator Init App 1.7.0-SNAPSHOT] HiveMQ node count of 1 is within threshold of 1
2025-01-29 01:05:00,528 INFO c.h.h.t.HelmChartContainer - [test-hivemq-platform] [hivemq] [744c7151] INFO  - [HiveMQ Platform Operator Init App 1.7.0-SNAPSHOT] Proceeding with container start
2025-01-29 01:05:00,628 INFO c.h.h.t.HelmChartContainer - [test-hivemq-platform] [hivemq] [744c7151] INFO  - [HiveMQ Platform Operator Init App 1.7.0-SNAPSHOT] Initializing HiveMQ Platform extensions with initial configuration: {hivemq-allow-all-extension={start-priority=-1, skip-https-hostname-verification=false, restart=true, config-version=0, header-version=0, c-uri=, priority=-1, uri=preinstalled, skip-https-certificate-validation=false, enabled=true}, hivemq-prometheus-extension={enabled=true, request-header-path=no-request-headers, uri=preinstalled, skip-https-certificate-validation=false, skip-https-hostname-verification=false, c-uri=, start-priority=-1, priority=-1, restart=true}}
2025-01-29 01:05:01,127 INFO c.h.h.t.HelmChartContainer - [test-hivemq-platform] [hivemq] [744c7151] INFO  - [HiveMQ Platform Operator Init App 1.7.0-SNAPSHOT] Extension hivemq-allow-all-extension was already enabled
2025-01-29 01:05:01,192 INFO c.h.h.t.HelmChartContainer - [test-hivemq-platform] [hivemq] [744c7151] INFO  - [HiveMQ Platform Operator Init App 1.7.0-SNAPSHOT] Successfully enabled extension hivemq-prometheus-extension
2025-01-29 01:05:01,194 INFO c.h.h.t.HelmChartContainer - [test-hivemq-platform] [hivemq] [744c7151] INFO  - [HiveMQ Platform Operator Init App 1.7.0-SNAPSHOT] Starting HiveMQ Platform version 4.36.0 (4.36.0)
2025-01-29 01:05:01,194 INFO c.h.h.t.HelmChartContainer - [test-hivemq-platform] [hivemq] [744c7151] INFO  - [HiveMQ Platform Operator Init App 1.7.0-SNAPSHOT] Configuring the HiveMQ Platform
2025-01-29 01:05:01,287 INFO c.h.h.t.HelmChartContainer - [test-hivemq-platform] [hivemq] [744c7151] INFO  - [HiveMQ Platform Operator Init App 1.7.0-SNAPSHOT] Changed logback.xml file scan period to 20 seconds
2025-01-29 01:05:01,322 INFO c.h.h.t.HelmChartContainer - [test-hivemq-platform] [hivemq] [744c7151] INFO  - [HiveMQ Platform Operator Init App 1.7.0-SNAPSHOT] Starting the HiveMQ Platform
2025-01-29 01:05:01,325 INFO c.h.h.t.HelmChartContainer - [test-hivemq-platform] [hivemq] [744c7151] -------------------------------------------------------------------------
2025-01-29 01:05:01,325 INFO c.h.h.t.HelmChartContainer - [test-hivemq-platform] [hivemq] [744c7151] 
2025-01-29 01:05:01,325 INFO c.h.h.t.HelmChartContainer - [test-hivemq-platform] [hivemq] [744c7151]                   _    _  _              __  __   ____
2025-01-29 01:05:01,325 INFO c.h.h.t.HelmChartContainer - [test-hivemq-platform] [hivemq] [744c7151]                  | |  | |(_)            |  \/  | / __ \
2025-01-29 01:05:01,325 INFO c.h.h.t.HelmChartContainer - [test-hivemq-platform] [hivemq] [744c7151]                  | |__| | _ __   __ ___ | \  / || |  | |
2025-01-29 01:05:01,325 INFO c.h.h.t.HelmChartContainer - [test-hivemq-platform] [hivemq] [744c7151]                  |  __  || |\ \ / // _ \| |\/| || |  | |
2025-01-29 01:05:01,325 INFO c.h.h.t.HelmChartContainer - [test-hivemq-platform] [hivemq] [744c7151]                  | |  | || | \ V /|  __/| |  | || |__| |
2025-01-29 01:05:01,325 INFO c.h.h.t.HelmChartContainer - [test-hivemq-platform] [hivemq] [744c7151]                  |_|  |_||_|  \_/  \___||_|  |_| \___\_\
2025-01-29 01:05:01,325 INFO c.h.h.t.HelmChartContainer - [test-hivemq-platform] [hivemq] [744c7151] 
2025-01-29 01:05:01,325 INFO c.h.h.t.HelmChartContainer - [test-hivemq-platform] [hivemq] [744c7151] -------------------------------------------------------------------------
2025-01-29 01:05:01,325 INFO c.h.h.t.HelmChartContainer - [test-hivemq-platform] [hivemq] [744c7151] 
2025-01-29 01:05:01,325 INFO c.h.h.t.HelmChartContainer - [test-hivemq-platform] [hivemq] [744c7151]   HiveMQ Start Script for Linux/Unix v1.14
2025-01-29 01:05:01,325 INFO c.h.h.t.HelmChartContainer - [test-hivemq-platform] [hivemq] [744c7151] 
2025-01-29 01:05:01,408 INFO c.h.h.t.HelmChartContainer - [test-hivemq-platform] [hivemq] [744c7151] -------------------------------------------------------------------------
2025-01-29 01:05:01,408 INFO c.h.h.t.HelmChartContainer - [test-hivemq-platform] [hivemq] [744c7151] 
2025-01-29 01:05:01,408 INFO c.h.h.t.HelmChartContainer - [test-hivemq-platform] [hivemq] [744c7151]   HIVEMQ_HOME: /opt/hivemq
2025-01-29 01:05:01,408 INFO c.h.h.t.HelmChartContainer - [test-hivemq-platform] [hivemq] [744c7151] 
2025-01-29 01:05:01,408 INFO c.h.h.t.HelmChartContainer - [test-hivemq-platform] [hivemq] [744c7151]   JAVA_OPTS: -XX:+UnlockExperimentalVMOptions -XX:InitialRAMPercentage=50 -XX:MaxRAMPercentage=50 -Djava.net.preferIPv4Stack=true --add-opens java.base/java.lang=ALL-UNNAMED --add-opens java.base/java.nio=ALL-UNNAMED --add-opens java.base/sun.nio.ch=ALL-UNNAMED --add-opens jdk.management/com.sun.management.internal=ALL-UNNAMED --add-exports java.base/jdk.internal.misc=ALL-UNNAMED -Djava.security.egd=file:/dev/./urandom -Dcom.sun.management.jmxremote -Dcom.sun.management.jmxremote.port=9010 -Dcom.sun.management.jmxremote.local.only=false -Dcom.sun.management.jmxremote.authenticate=false -Dcom.sun.management.jmxremote.ssl=false -Duser.language=en -Duser.region=US -XX:+CrashOnOutOfMemoryError -XX:+HeapDumpOnOutOfMemoryError
2025-01-29 01:05:01,408 INFO c.h.h.t.HelmChartContainer - [test-hivemq-platform] [hivemq] [744c7151] 
2025-01-29 01:05:01,408 INFO c.h.h.t.HelmChartContainer - [test-hivemq-platform] [hivemq] [744c7151]   JAVA_VERSION: 21
2025-01-29 01:05:01,408 INFO c.h.h.t.HelmChartContainer - [test-hivemq-platform] [hivemq] [744c7151] 
2025-01-29 01:05:01,408 INFO c.h.h.t.HelmChartContainer - [test-hivemq-platform] [hivemq] [744c7151] -------------------------------------------------------------------------
2025-01-29 01:05:01,408 INFO c.h.h.t.HelmChartContainer - [test-hivemq-platform] [hivemq] [744c7151] 
2025-01-29 01:05:02,885 INFO c.h.h.t.HelmChartContainer - [test-hivemq-platform] [hivemq] [744c7151] INFO  - [HiveMQ Platform Operator Init App 1.7.0-SNAPSHOT] Returning default Health API response 503 for readiness
2025-01-29 01:05:03,192 INFO c.h.h.t.HelmChartContainer - [EVENT] Warning [Unhealthy] Readiness probe failed: HTTP probe failed with statuscode: 503 [helmrestapiit:test-hivemq-platform-0]
2025-01-29 01:05:03,193 INFO c.h.h.t.HelmChartContainer - Received Unhealthy event for container hivemq in pod test-hivemq-platform-0 [744c7151-a180-45c5-9e25-cf7afe4a8481]
2025-01-29 01:05:03,983 INFO c.h.h.t.HelmChartContainer - [test-hivemq-platform] [hivemq] [744c7151] INFO  - Starting HiveMQ Enterprise Server
2025-01-29 01:05:03,989 INFO c.h.h.t.HelmChartContainer - [test-hivemq-platform] [hivemq] [744c7151] INFO  - HiveMQ version: 4.36.0
2025-01-29 01:05:03,989 INFO c.h.h.t.HelmChartContainer - [test-hivemq-platform] [hivemq] [744c7151] INFO  - HiveMQ home directory: /opt/hivemq
2025-01-29 01:05:03,990 INFO c.h.h.t.HelmChartContainer - [test-hivemq-platform] [hivemq] [744c7151] INFO  - Log Configuration was overridden by /opt/hivemq/conf/logback.xml
2025-01-29 01:05:05,286 INFO c.h.h.t.HelmChartContainer - [test-hivemq-platform] [hivemq] [744c7151] INFO  - Successfully loaded configuration from '/opt/hivemq/conf-k8s/config.xml'.
2025-01-29 01:05:06,184 INFO c.h.h.t.HelmChartContainer - [test-hivemq-platform] [hivemq] [744c7151] INFO  - This node's ID is vzIHE
2025-01-29 01:05:06,184 INFO c.h.h.t.HelmChartContainer - [test-hivemq-platform] [hivemq] [744c7151] INFO  - Clustering is enabled
2025-01-29 01:05:06,807 INFO c.h.h.t.HelmChartContainer - [hivemq-test-hivemq-platform] [hivemq-platform-operator] [ebd27301] 01:05:06.805 [pool-6-thread-16] DEBUG c.h.p.o.d.PlatformServiceResource - [helmrest] Desired Platform services (2 services)
2025-01-29 01:05:06,808 INFO c.h.h.t.HelmChartContainer - [hivemq-test-hivemq-platform] [hivemq-platform-operator] [ebd27301] 01:05:06.807 [pool-6-thread-14] DEBUG c.h.p.o.dependants.PodInfoConfigMap - [helmrest] Desired PodInfo ConfigMap (1 extensions) (1 enabled)
2025-01-29 01:05:06,810 INFO c.h.h.t.HelmChartContainer - [hivemq-test-hivemq-platform] [hivemq-platform-operator] [ebd27301] 01:05:06.809 [pool-6-thread-14] DEBUG c.h.p.o.dependants.PodInfoConfigMap - [helmrest] Desired PodInfo ConfigMap (metrics port: 9399) (metrics path: /)
2025-01-29 01:05:06,810 INFO c.h.h.t.HelmChartContainer - [hivemq-test-hivemq-platform] [hivemq-platform-operator] [ebd27301] 01:05:06.809 [pool-6-thread-14] DEBUG c.h.p.o.dependants.PodInfoConfigMap - [helmrest] Desired PodInfo ConfigMap (extension state hash: -1817474005)
2025-01-29 01:05:06,811 INFO c.h.h.t.HelmChartContainer - [hivemq-test-hivemq-platform] [hivemq-platform-operator] [ebd27301] 01:05:06.809 [pool-6-thread-17] DEBUG c.h.p.o.d.PodServiceAccountResource - [helmrest] Desired PodServiceAccountResource (serviceAccountName: hivemq-platform-pod-test-hivemq-platform)
2025-01-29 01:05:06,813 INFO c.h.h.t.HelmChartContainer - [hivemq-test-hivemq-platform] [hivemq-platform-operator] [ebd27301] 01:05:06.812 [pool-6-thread-20] DEBUG c.h.p.o.d.StatefulSetResource - [helmrest] Desired StatefulSet (1 replicas) for status STARTING (READY)
2025-01-29 01:05:06,817 INFO c.h.h.t.HelmChartContainer - [hivemq-test-hivemq-platform] [hivemq-platform-operator] [ebd27301] 01:05:06.816 [ReconcilerExecutor-hivemq-controller-110] INFO  c.h.p.o.HiveMQPlatformReconciler - [helmrest] Reconciling HiveMQ Platform 'test-hivemq-platform' in namespace 'helmrestapiit'
2025-01-29 01:05:06,817 INFO c.h.h.t.HelmChartContainer - [hivemq-test-hivemq-platform] [hivemq-platform-operator] [ebd27301] 01:05:06.816 [ReconcilerExecutor-hivemq-controller-110] DEBUG c.h.p.o.HiveMQPlatformReconciler - [helmrest] Custom Resource Status STARTING - HiveMQ Platform is starting (READY)
2025-01-29 01:05:06,819 INFO c.h.h.t.HelmChartContainer - [hivemq-test-hivemq-platform] [hivemq-platform-operator] [ebd27301] 01:05:06.816 [ReconcilerExecutor-hivemq-controller-110] DEBUG c.h.p.o.HiveMQPlatformReconciler - [helmrest] Custom Resource Spec (replicas: 1) (extensions: 1)
2025-01-29 01:05:06,820 INFO c.h.h.t.HelmChartContainer - [hivemq-test-hivemq-platform] [hivemq-platform-operator] [ebd27301] 01:05:06.819 [ReconcilerExecutor-hivemq-controller-110] DEBUG c.h.p.o.HiveMQPlatformReconciler - [helmrest] StatefulSet Status (revision: test-hivemq-platform-54dd684c8, replicas: 1, available: 0, ready: 0, current: 1, updated: 1)
2025-01-29 01:05:06,822 INFO c.h.h.t.HelmChartContainer - [hivemq-test-hivemq-platform] [hivemq-platform-operator] [ebd27301] 01:05:06.819 [ReconcilerExecutor-hivemq-controller-110] DEBUG c.h.p.o.HiveMQPlatformReconciler - [helmrest] StatefulSet Spec (replicas: 1, init containers: 1, containers: 1, volumes: 3)
2025-01-29 01:05:06,822 INFO c.h.h.t.HelmChartContainer - [hivemq-test-hivemq-platform] [hivemq-platform-operator] [ebd27301] 01:05:06.821 [ReconcilerExecutor-hivemq-controller-110] DEBUG c.h.p.o.h.HiveMQPlatformReconcilerErrorHandler - [helmrest] Pod 'test-hivemq-platform-0' phase Running
2025-01-29 01:05:06,823 INFO c.h.h.t.HelmChartContainer - [hivemq-test-hivemq-platform] [hivemq-platform-operator] [ebd27301] 01:05:06.822 [ReconcilerExecutor-hivemq-controller-110] INFO  c.h.p.o.h.HiveMQPlatformReconcilerBaseHandler - [helmrest] HiveMQ Platform is starting, 0 of 1 replicas are ready
2025-01-29 01:05:08,186 INFO c.h.h.t.HelmChartContainer - [test-hivemq-platform] [hivemq] [744c7151] WARN  - [HiveMQ Platform Operator Init App 1.7.0-SNAPSHOT] Cannot connect to Health API for readiness: null
2025-01-29 01:05:08,190 INFO c.h.h.t.HelmChartContainer - [EVENT] Warning [Unhealthy] Readiness probe failed: HTTP probe failed with statuscode: 503 [helmrestapiit:test-hivemq-platform-0]
2025-01-29 01:05:08,191 INFO c.h.h.t.HelmChartContainer - Received Unhealthy event for container hivemq in pod test-hivemq-platform-0 [744c7151-a180-45c5-9e25-cf7afe4a8481]
2025-01-29 01:05:10,421 INFO c.h.h.t.HelmChartContainer - [test-hivemq-platform] [hivemq] [744c7151] Jan 29, 2025 1:05:10 AM io.vertx.core.impl.BlockedThreadChecker
2025-01-29 01:05:10,421 INFO c.h.h.t.HelmChartContainer - [test-hivemq-platform] [hivemq] [744c7151] WARNING: Thread Thread[vert.x-eventloop-thread-1,5,main] has been blocked for 2395 ms, time limit is 2000 ms
2025-01-29 01:05:11,294 INFO c.h.h.t.HelmChartContainer - [test-hivemq-platform] [hivemq] [744c7151] INFO  - [HiveMQ Platform Operator Init App 1.7.0-SNAPSHOT] Updating Pod HiveMQ Platform Operator Init App version annotation (version: 1.7.0-SNAPSHOT)
2025-01-29 01:05:11,899 INFO c.h.h.t.HelmChartContainer - [POD] test-hivemq-platform-0 [744c7151-a180-45c5-9e25-cf7afe4a8481] in helmrestapiit was MODIFIED
2025-01-29 01:05:11,904 INFO c.h.h.t.HelmChartContainer - [test-hivemq-platform] [hivemq] [744c7151] WARN  - [HiveMQ Platform Operator Init App 1.7.0-SNAPSHOT] Cannot connect to Health API for readiness: null
2025-01-29 01:05:11,910 INFO c.h.h.t.HelmChartContainer - [hivemq-test-hivemq-platform] [hivemq-platform-operator] [ebd27301] 01:05:11.909 [pool-6-thread-27] DEBUG c.h.p.o.d.PlatformServiceResource - [helmrest] Desired Platform services (2 services)
2025-01-29 01:05:11,911 INFO c.h.h.t.HelmChartContainer - [hivemq-test-hivemq-platform] [hivemq-platform-operator] [ebd27301] 01:05:11.910 [pool-6-thread-26] DEBUG c.h.p.o.dependants.PodInfoConfigMap - [helmrest] Desired PodInfo ConfigMap (1 extensions) (1 enabled)
2025-01-29 01:05:11,911 INFO c.h.h.t.HelmChartContainer - [hivemq-test-hivemq-platform] [hivemq-platform-operator] [ebd27301] 01:05:11.910 [pool-6-thread-26] DEBUG c.h.p.o.dependants.PodInfoConfigMap - [helmrest] Desired PodInfo ConfigMap (metrics port: 9399) (metrics path: /)
2025-01-29 01:05:11,911 INFO c.h.h.t.HelmChartContainer - [hivemq-test-hivemq-platform] [hivemq-platform-operator] [ebd27301] 01:05:11.910 [pool-6-thread-26] DEBUG c.h.p.o.dependants.PodInfoConfigMap - [helmrest] Desired PodInfo ConfigMap (extension state hash: -1817474005)
2025-01-29 01:05:11,913 INFO c.h.h.t.HelmChartContainer - [EVENT] Warning [Unhealthy] Readiness probe failed: HTTP probe failed with statuscode: 503 [helmrestapiit:test-hivemq-platform-0]
2025-01-29 01:05:11,913 INFO c.h.h.t.HelmChartContainer - Received Unhealthy event for container hivemq in pod test-hivemq-platform-0 [744c7151-a180-45c5-9e25-cf7afe4a8481]
2025-01-29 01:05:11,914 INFO c.h.h.t.HelmChartContainer - [hivemq-test-hivemq-platform] [hivemq-platform-operator] [ebd27301] 01:05:11.913 [pool-6-thread-27] DEBUG c.h.p.o.d.PodServiceAccountResource - [helmrest] Desired PodServiceAccountResource (serviceAccountName: hivemq-platform-pod-test-hivemq-platform)
2025-01-29 01:05:11,916 INFO c.h.h.t.HelmChartContainer - [hivemq-test-hivemq-platform] [hivemq-platform-operator] [ebd27301] 01:05:11.916 [pool-6-thread-22] DEBUG c.h.p.o.d.StatefulSetResource - [helmrest] Desired StatefulSet (1 replicas) for status STARTING (READY)
2025-01-29 01:05:11,988 INFO c.h.h.t.HelmChartContainer - [test-hivemq-platform] [hivemq] [744c7151] INFO  - [HiveMQ Platform Operator Init App 1.7.0-SNAPSHOT] Successfully updated Pod HiveMQ Platform Operator Init App version annotation (version: 1.7.0-SNAPSHOT)
2025-01-29 01:05:11,992 INFO c.h.h.t.HelmChartContainer - [hivemq-test-hivemq-platform] [hivemq-platform-operator] [ebd27301] 01:05:11.991 [ReconcilerExecutor-hivemq-controller-111] INFO  c.h.p.o.HiveMQPlatformReconciler - [helmrest] Reconciling HiveMQ Platform 'test-hivemq-platform' in namespace 'helmrestapiit'
2025-01-29 01:05:11,995 INFO c.h.h.t.HelmChartContainer - [hivemq-test-hivemq-platform] [hivemq-platform-operator] [ebd27301] 01:05:11.992 [ReconcilerExecutor-hivemq-controller-111] DEBUG c.h.p.o.HiveMQPlatformReconciler - [helmrest] Custom Resource Status STARTING - HiveMQ Platform is starting (READY)
2025-01-29 01:05:11,995 INFO c.h.h.t.HelmChartContainer - [hivemq-test-hivemq-platform] [hivemq-platform-operator] [ebd27301] 01:05:11.992 [ReconcilerExecutor-hivemq-controller-111] DEBUG c.h.p.o.HiveMQPlatformReconciler - [helmrest] Custom Resource Spec (replicas: 1) (extensions: 1)
2025-01-29 01:05:11,996 INFO c.h.h.t.HelmChartContainer - [hivemq-test-hivemq-platform] [hivemq-platform-operator] [ebd27301] 01:05:11.994 [ReconcilerExecutor-hivemq-controller-111] DEBUG c.h.p.o.HiveMQPlatformReconciler - [helmrest] StatefulSet Status (revision: test-hivemq-platform-54dd684c8, replicas: 1, available: 0, ready: 0, current: 1, updated: 1)
2025-01-29 01:05:11,996 INFO c.h.h.t.HelmChartContainer - [hivemq-test-hivemq-platform] [hivemq-platform-operator] [ebd27301] 01:05:11.994 [ReconcilerExecutor-hivemq-controller-111] DEBUG c.h.p.o.HiveMQPlatformReconciler - [helmrest] StatefulSet Spec (replicas: 1, init containers: 1, containers: 1, volumes: 3)
2025-01-29 01:05:11,997 INFO c.h.h.t.HelmChartContainer - [hivemq-test-hivemq-platform] [hivemq-platform-operator] [ebd27301] 01:05:11.996 [ReconcilerExecutor-hivemq-controller-111] DEBUG c.h.p.o.h.HiveMQPlatformReconcilerErrorHandler - [helmrest] Pod 'test-hivemq-platform-0' phase Running
2025-01-29 01:05:11,997 INFO c.h.h.t.HelmChartContainer - [hivemq-test-hivemq-platform] [hivemq-platform-operator] [ebd27301] 01:05:11.996 [ReconcilerExecutor-hivemq-controller-111] INFO  c.h.p.o.h.HiveMQPlatformReconcilerBaseHandler - [helmrest] HiveMQ Platform is starting, 0 of 1 replicas are ready
2025-01-29 01:05:16,987 INFO c.h.h.t.HelmChartContainer - [test-hivemq-platform] [hivemq] [744c7151] WARN  - [HiveMQ Platform Operator Init App 1.7.0-SNAPSHOT] Cannot connect to Health API for readiness: null
2025-01-29 01:05:16,994 INFO c.h.h.t.HelmChartContainer - [EVENT] Warning [Unhealthy] Readiness probe failed: HTTP probe failed with statuscode: 503 [helmrestapiit:test-hivemq-platform-0]
2025-01-29 01:05:16,994 INFO c.h.h.t.HelmChartContainer - Received Unhealthy event for container hivemq in pod test-hivemq-platform-0 [744c7151-a180-45c5-9e25-cf7afe4a8481]
2025-01-29 01:05:21,985 INFO c.h.h.t.HelmChartContainer - [test-hivemq-platform] [hivemq] [744c7151] WARN  - [HiveMQ Platform Operator Init App 1.7.0-SNAPSHOT] Cannot connect to Health API for readiness: null
2025-01-29 01:05:21,988 INFO c.h.h.t.HelmChartContainer - [EVENT] Warning [Unhealthy] Readiness probe failed: HTTP probe failed with statuscode: 503 [helmrestapiit:test-hivemq-platform-0]
2025-01-29 01:05:21,988 INFO c.h.h.t.HelmChartContainer - Received Unhealthy event for container hivemq in pod test-hivemq-platform-0 [744c7151-a180-45c5-9e25-cf7afe4a8481]
2025-01-29 01:05:22,006 INFO c.h.h.t.HelmChartContainer - [hivemq-test-hivemq-platform] [hivemq-platform-operator] [ebd27301] 01:05:22.005 [pool-6-thread-35] DEBUG c.h.p.o.d.PodServiceAccountResource - [helmrest] Desired PodServiceAccountResource (serviceAccountName: hivemq-platform-pod-test-hivemq-platform)
2025-01-29 01:05:22,007 INFO c.h.h.t.HelmChartContainer - [hivemq-test-hivemq-platform] [hivemq-platform-operator] [ebd27301] 01:05:22.006 [pool-6-thread-36] DEBUG c.h.p.o.dependants.PodInfoConfigMap - [helmrest] Desired PodInfo ConfigMap (1 extensions) (1 enabled)
2025-01-29 01:05:22,008 INFO c.h.h.t.HelmChartContainer - [hivemq-test-hivemq-platform] [hivemq-platform-operator] [ebd27301] 01:05:22.007 [pool-6-thread-33] DEBUG c.h.p.o.d.PlatformServiceResource - [helmrest] Desired Platform services (2 services)
2025-01-29 01:05:22,009 INFO c.h.h.t.HelmChartContainer - [hivemq-test-hivemq-platform] [hivemq-platform-operator] [ebd27301] 01:05:22.007 [pool-6-thread-36] DEBUG c.h.p.o.dependants.PodInfoConfigMap - [helmrest] Desired PodInfo ConfigMap (metrics port: 9399) (metrics path: /)
2025-01-29 01:05:22,009 INFO c.h.h.t.HelmChartContainer - [hivemq-test-hivemq-platform] [hivemq-platform-operator] [ebd27301] 01:05:22.007 [pool-6-thread-36] DEBUG c.h.p.o.dependants.PodInfoConfigMap - [helmrest] Desired PodInfo ConfigMap (extension state hash: -1817474005)
2025-01-29 01:05:22,013 INFO c.h.h.t.HelmChartContainer - [hivemq-test-hivemq-platform] [hivemq-platform-operator] [ebd27301] 01:05:22.011 [pool-6-thread-33] DEBUG c.h.p.o.d.StatefulSetResource - [helmrest] Desired StatefulSet (1 replicas) for status STARTING (READY)
2025-01-29 01:05:22,018 INFO c.h.h.t.HelmChartContainer - [hivemq-test-hivemq-platform] [hivemq-platform-operator] [ebd27301] 01:05:22.017 [ReconcilerExecutor-hivemq-controller-112] INFO  c.h.p.o.HiveMQPlatformReconciler - [helmrest] Reconciling HiveMQ Platform 'test-hivemq-platform' in namespace 'helmrestapiit'
2025-01-29 01:05:22,020 INFO c.h.h.t.HelmChartContainer - [hivemq-test-hivemq-platform] [hivemq-platform-operator] [ebd27301] 01:05:22.017 [ReconcilerExecutor-hivemq-controller-112] DEBUG c.h.p.o.HiveMQPlatformReconciler - [helmrest] Custom Resource Status STARTING - HiveMQ Platform is starting (READY)
2025-01-29 01:05:22,021 INFO c.h.h.t.HelmChartContainer - [hivemq-test-hivemq-platform] [hivemq-platform-operator] [ebd27301] 01:05:22.017 [ReconcilerExecutor-hivemq-controller-112] DEBUG c.h.p.o.HiveMQPlatformReconciler - [helmrest] Custom Resource Spec (replicas: 1) (extensions: 1)
2025-01-29 01:05:22,021 INFO c.h.h.t.HelmChartContainer - [hivemq-test-hivemq-platform] [hivemq-platform-operator] [ebd27301] 01:05:22.018 [ReconcilerExecutor-hivemq-controller-112] DEBUG c.h.p.o.HiveMQPlatformReconciler - [helmrest] StatefulSet Status (revision: test-hivemq-platform-54dd684c8, replicas: 1, available: 0, ready: 0, current: 1, updated: 1)
2025-01-29 01:05:22,022 INFO c.h.h.t.HelmChartContainer - [hivemq-test-hivemq-platform] [hivemq-platform-operator] [ebd27301] 01:05:22.018 [ReconcilerExecutor-hivemq-controller-112] DEBUG c.h.p.o.HiveMQPlatformReconciler - [helmrest] StatefulSet Spec (replicas: 1, init containers: 1, containers: 1, volumes: 3)
2025-01-29 01:05:22,022 INFO c.h.h.t.HelmChartContainer - [hivemq-test-hivemq-platform] [hivemq-platform-operator] [ebd27301] 01:05:22.020 [ReconcilerExecutor-hivemq-controller-112] DEBUG c.h.p.o.h.HiveMQPlatformReconcilerErrorHandler - [helmrest] Pod 'test-hivemq-platform-0' phase Running
2025-01-29 01:05:22,022 INFO c.h.h.t.HelmChartContainer - [hivemq-test-hivemq-platform] [hivemq-platform-operator] [ebd27301] 01:05:22.021 [ReconcilerExecutor-hivemq-controller-112] INFO  c.h.p.o.h.HiveMQPlatformReconcilerBaseHandler - [helmrest] HiveMQ Platform is starting, 0 of 1 replicas are ready
2025-01-29 01:05:22,493 INFO c.h.h.t.HelmChartContainer - [test-hivemq-platform] [hivemq] [744c7151] INFO  - No valid license file found. Using trial license, restricted to 25 connections.
2025-01-29 01:05:22,899 INFO c.h.h.t.HelmChartContainer - [test-hivemq-platform] [hivemq] [744c7151] WARN  - [HiveMQ Platform Operator Init App 1.7.0-SNAPSHOT] Cannot connect to Health API for liveness: null
2025-01-29 01:05:22,899 INFO c.h.h.t.HelmChartContainer - [test-hivemq-platform] [hivemq] [744c7151] INFO  - [HiveMQ Platform Operator Init App 1.7.0-SNAPSHOT] Returning default Health API response 200 for liveness
2025-01-29 01:05:25,898 INFO c.h.h.t.HelmChartContainer - [test-hivemq-platform] [hivemq] [744c7151] INFO  - No valid license file for Data Hub found. Using free license, restricted to 1 policy.
2025-01-29 01:05:26,985 INFO c.h.h.t.HelmChartContainer - [test-hivemq-platform] [hivemq] [744c7151] WARN  - [HiveMQ Platform Operator Init App 1.7.0-SNAPSHOT] Cannot connect to Health API for readiness: null
2025-01-29 01:05:26,988 INFO c.h.h.t.HelmChartContainer - [EVENT] Warning [Unhealthy] Readiness probe failed: HTTP probe failed with statuscode: 503 [helmrestapiit:test-hivemq-platform-0]
2025-01-29 01:05:26,988 INFO c.h.h.t.HelmChartContainer - Received Unhealthy event for container hivemq in pod test-hivemq-platform-0 [744c7151-a180-45c5-9e25-cf7afe4a8481]
2025-01-29 01:05:26,996 INFO c.h.h.t.HelmChartContainer - [test-hivemq-platform] [hivemq] [744c7151] INFO  - Audit Logger started.
2025-01-29 01:05:27,314 INFO c.h.h.t.HelmChartContainer - [test-hivemq-platform] [hivemq] [744c7151] INFO  - This node uses '1' CPU cores.
2025-01-29 01:05:27,383 INFO c.h.h.t.HelmChartContainer - [test-hivemq-platform] [hivemq] [744c7151] INFO  - Starting HiveMQ Health API on address 0.0.0.0 and port 8889
2025-01-29 01:05:28,094 INFO c.h.h.t.HelmChartContainer - [test-hivemq-platform] [hivemq] [744c7151] INFO  - Started HiveMQ Health API in 711ms
2025-01-29 01:05:28,689 INFO c.h.h.t.HelmChartContainer - [test-hivemq-platform] [hivemq] [744c7151] INFO  - Starting HiveMQ extension system.
2025-01-29 01:05:28,987 INFO c.h.h.t.HelmChartContainer - [test-hivemq-platform] [hivemq] [744c7151] INFO  - Starting extension with id "hivemq-dns-cluster-discovery" at /opt/hivemq/extensions/hivemq-dns-cluster-discovery
2025-01-29 01:05:29,395 INFO c.h.h.t.HelmChartContainer - [test-hivemq-platform] [hivemq] [744c7151] INFO  - Extension "DNS Cluster Discovery Extension" version 4.3.2 started successfully.
2025-01-29 01:05:29,395 INFO c.h.h.t.HelmChartContainer - [test-hivemq-platform] [hivemq] [744c7151] INFO  - Starting extension with id "hivemq-prometheus-extension" at /opt/hivemq/extensions/hivemq-prometheus-extension
2025-01-29 01:05:29,492 INFO c.h.h.t.HelmChartContainer - [test-hivemq-platform] [hivemq] [744c7151] INFO  - Using TCP cluster transport on address 10.42.0.15 and port 7000
2025-01-29 01:05:29,587 INFO c.h.h.t.HelmChartContainer - [test-hivemq-platform] [hivemq] [744c7151] INFO  - Using extension cluster discovery
2025-01-29 01:05:30,395 INFO c.h.h.t.HelmChartContainer - [test-hivemq-platform] [hivemq] [744c7151] INFO  - Started Jetty Server exposing Prometheus Servlet on URI http://0.0.0.0:9399/
2025-01-29 01:05:30,396 INFO c.h.h.t.HelmChartContainer - [test-hivemq-platform] [hivemq] [744c7151] INFO  - Extension "Prometheus Monitoring Extension" version 4.0.12 started successfully.
2025-01-29 01:05:30,396 INFO c.h.h.t.HelmChartContainer - [test-hivemq-platform] [hivemq] [744c7151] INFO  - Starting extension with id "hivemq-allow-all-extension" at /opt/hivemq/extensions/hivemq-allow-all-extension
2025-01-29 01:05:30,397 INFO c.h.h.t.HelmChartContainer - [test-hivemq-platform] [hivemq] [744c7151] WARN  - 
2025-01-29 01:05:30,397 INFO c.h.h.t.HelmChartContainer - [test-hivemq-platform] [hivemq] [744c7151] ################################################################################################################
2025-01-29 01:05:30,397 INFO c.h.h.t.HelmChartContainer - [test-hivemq-platform] [hivemq] [744c7151] # This HiveMQ deployment is not secure! You are lacking Authentication and Authorization.                      #
2025-01-29 01:05:30,397 INFO c.h.h.t.HelmChartContainer - [test-hivemq-platform] [hivemq] [744c7151] # Right now any MQTT client can connect to the broker with a full set of permissions.                          #
2025-01-29 01:05:30,397 INFO c.h.h.t.HelmChartContainer - [test-hivemq-platform] [hivemq] [744c7151] # For production usage, add an appropriate security extension and remove the hivemq-allow-all extension.       #
2025-01-29 01:05:30,397 INFO c.h.h.t.HelmChartContainer - [test-hivemq-platform] [hivemq] [744c7151] # You can download security extensions from the HiveMQ Marketplace (https://www.hivemq.com/extensions/).       #
2025-01-29 01:05:30,397 INFO c.h.h.t.HelmChartContainer - [test-hivemq-platform] [hivemq] [744c7151] ################################################################################################################
2025-01-29 01:05:30,397 INFO c.h.h.t.HelmChartContainer - [test-hivemq-platform] [hivemq] [744c7151] INFO  - Extension "Allow All Extension" version 1.1.1 started successfully.
2025-01-29 01:05:32,029 INFO c.h.h.t.HelmChartContainer - [hivemq-test-hivemq-platform] [hivemq-platform-operator] [ebd27301] 01:05:32.026 [pool-6-thread-47] DEBUG c.h.p.o.d.PlatformServiceResource - [helmrest] Desired Platform services (2 services)
2025-01-29 01:05:32,032 INFO c.h.h.t.HelmChartContainer - [hivemq-test-hivemq-platform] [hivemq-platform-operator] [ebd27301] 01:05:32.027 [pool-6-thread-46] DEBUG c.h.p.o.dependants.PodInfoConfigMap - [helmrest] Desired PodInfo ConfigMap (1 extensions) (1 enabled)
2025-01-29 01:05:32,032 INFO c.h.h.t.HelmChartContainer - [hivemq-test-hivemq-platform] [hivemq-platform-operator] [ebd27301] 01:05:32.027 [pool-6-thread-46] DEBUG c.h.p.o.dependants.PodInfoConfigMap - [helmrest] Desired PodInfo ConfigMap (metrics port: 9399) (metrics path: /)
2025-01-29 01:05:32,032 INFO c.h.h.t.HelmChartContainer - [hivemq-test-hivemq-platform] [hivemq-platform-operator] [ebd27301] 01:05:32.027 [pool-6-thread-46] DEBUG c.h.p.o.dependants.PodInfoConfigMap - [helmrest] Desired PodInfo ConfigMap (extension state hash: -1817474005)
2025-01-29 01:05:32,032 INFO c.h.h.t.HelmChartContainer - [hivemq-test-hivemq-platform] [hivemq-platform-operator] [ebd27301] 01:05:32.030 [pool-6-thread-47] DEBUG c.h.p.o.d.PodServiceAccountResource - [helmrest] Desired PodServiceAccountResource (serviceAccountName: hivemq-platform-pod-test-hivemq-platform)
2025-01-29 01:05:32,040 INFO c.h.h.t.HelmChartContainer - [hivemq-test-hivemq-platform] [hivemq-platform-operator] [ebd27301] 01:05:32.039 [pool-6-thread-42] DEBUG c.h.p.o.d.StatefulSetResource - [helmrest] Desired StatefulSet (1 replicas) for status STARTING (READY)
2025-01-29 01:05:32,096 INFO c.h.h.t.HelmChartContainer - [hivemq-test-hivemq-platform] [hivemq-platform-operator] [ebd27301] 01:05:32.092 [ReconcilerExecutor-hivemq-controller-113] INFO  c.h.p.o.HiveMQPlatformReconciler - [helmrest] Reconciling HiveMQ Platform 'test-hivemq-platform' in namespace 'helmrestapiit'
2025-01-29 01:05:32,096 INFO c.h.h.t.HelmChartContainer - [hivemq-test-hivemq-platform] [hivemq-platform-operator] [ebd27301] 01:05:32.093 [ReconcilerExecutor-hivemq-controller-113] DEBUG c.h.p.o.HiveMQPlatformReconciler - [helmrest] Custom Resource Status STARTING - HiveMQ Platform is starting (READY)
2025-01-29 01:05:32,096 INFO c.h.h.t.HelmChartContainer - [hivemq-test-hivemq-platform] [hivemq-platform-operator] [ebd27301] 01:05:32.093 [ReconcilerExecutor-hivemq-controller-113] DEBUG c.h.p.o.HiveMQPlatformReconciler - [helmrest] Custom Resource Spec (replicas: 1) (extensions: 1)
2025-01-29 01:05:32,096 INFO c.h.h.t.HelmChartContainer - [hivemq-test-hivemq-platform] [hivemq-platform-operator] [ebd27301] 01:05:32.095 [ReconcilerExecutor-hivemq-controller-113] DEBUG c.h.p.o.HiveMQPlatformReconciler - [helmrest] StatefulSet Status (revision: test-hivemq-platform-54dd684c8, replicas: 1, available: 0, ready: 0, current: 1, updated: 1)
2025-01-29 01:05:32,098 INFO c.h.h.t.HelmChartContainer - [hivemq-test-hivemq-platform] [hivemq-platform-operator] [ebd27301] 01:05:32.095 [ReconcilerExecutor-hivemq-controller-113] DEBUG c.h.p.o.HiveMQPlatformReconciler - [helmrest] StatefulSet Spec (replicas: 1, init containers: 1, containers: 1, volumes: 3)
2025-01-29 01:05:32,098 INFO c.h.h.t.HelmChartContainer - [hivemq-test-hivemq-platform] [hivemq-platform-operator] [ebd27301] 01:05:32.097 [ReconcilerExecutor-hivemq-controller-113] DEBUG c.h.p.o.h.HiveMQPlatformReconcilerErrorHandler - [helmrest] Pod 'test-hivemq-platform-0' phase Running
2025-01-29 01:05:32,098 INFO c.h.h.t.HelmChartContainer - [hivemq-test-hivemq-platform] [hivemq-platform-operator] [ebd27301] 01:05:32.098 [ReconcilerExecutor-hivemq-controller-113] INFO  c.h.p.o.h.HiveMQPlatformReconcilerBaseHandler - [helmrest] HiveMQ Platform is starting, 0 of 1 replicas are ready
2025-01-29 01:05:32,384 INFO c.h.h.t.HelmChartContainer - [test-hivemq-platform] [hivemq] [744c7151] INFO  - [HiveMQ Platform Operator Init App 1.7.0-SNAPSHOT] Returning Health API response 503 for readiness
2025-01-29 01:05:32,388 INFO c.h.h.t.HelmChartContainer - [EVENT] Warning [Unhealthy] Readiness probe failed: HTTP probe failed with statuscode: 503 [helmrestapiit:test-hivemq-platform-0]
2025-01-29 01:05:32,388 INFO c.h.h.t.HelmChartContainer - Received Unhealthy event for container hivemq in pod test-hivemq-platform-0 [744c7151-a180-45c5-9e25-cf7afe4a8481]
2025-01-29 01:05:32,485 INFO c.h.h.t.HelmChartContainer - [test-hivemq-platform] [hivemq] [744c7151] INFO  - vzIHE: no members discovered after 2293 ms: creating cluster as first member
2025-01-29 01:05:32,492 INFO c.h.h.t.HelmChartContainer - [test-hivemq-platform] [hivemq] [744c7151] INFO  - Cluster nodes found by discovery: [vzIHE|0] (1) [vzIHE].
2025-01-29 01:05:32,588 INFO c.h.h.t.HelmChartContainer - [test-hivemq-platform] [hivemq] [744c7151] INFO  - Starting HiveMQ REST API on address 0.0.0.0 and port 8890
2025-01-29 01:05:33,002 INFO c.h.h.t.HelmChartContainer - [test-hivemq-platform] [hivemq] [744c7151] INFO  - Started HiveMQ REST API in 414ms
2025-01-29 01:05:33,021 INFO c.h.h.t.HelmChartContainer - [test-hivemq-platform] [hivemq] [744c7151] WARN  - No user for HiveMQ Control Center configured. Starting with default user
2025-01-29 01:05:33,021 INFO c.h.h.t.HelmChartContainer - [test-hivemq-platform] [hivemq] [744c7151] INFO  - Starting HiveMQ Control Center on address 127.0.0.1 and port 8080
2025-01-29 01:05:33,083 INFO c.h.h.t.HelmChartContainer - [test-hivemq-platform] [hivemq] [744c7151] INFO  - Mounting HiveMQ Control Center V2 Preview
2025-01-29 01:05:33,688 INFO c.h.h.t.HelmChartContainer - [test-hivemq-platform] [hivemq] [744c7151] INFO  - Started HiveMQ Control Center in 668ms
2025-01-29 01:05:33,703 INFO c.h.h.t.HelmChartContainer - [test-hivemq-platform] [hivemq] [744c7151] INFO  - Starting TCP listener on address 0.0.0.0 and port 1883
2025-01-29 01:05:33,723 INFO c.h.h.t.HelmChartContainer - [test-hivemq-platform] [hivemq] [744c7151] INFO  - Started TCP Listener on address 0.0.0.0 and on port 1883.
2025-01-29 01:05:33,723 INFO c.h.h.t.HelmChartContainer - [test-hivemq-platform] [hivemq] [744c7151] INFO  - Started HiveMQ in 30127ms
2025-01-29 01:05:36,903 INFO c.h.h.t.HelmChartContainer - [test-hivemq-platform] [hivemq] [744c7151] INFO  - [HiveMQ Platform Operator Init App 1.7.0-SNAPSHOT] Returning Health API response 200 for readiness
2025-01-29 01:05:36,915 INFO c.h.h.t.HelmChartContainer - [POD] test-hivemq-platform-0 [744c7151-a180-45c5-9e25-cf7afe4a8481] in helmrestapiit was MODIFIED
2025-01-29 01:05:36,926 INFO c.h.h.t.HelmChartContainer - [hivemq-test-hivemq-platform] [hivemq-platform-operator] [ebd27301] 01:05:36.924 [pool-6-thread-1] DEBUG c.h.p.o.d.PlatformServiceResource - [helmrest] Desired Platform services (2 services)
2025-01-29 01:05:36,932 INFO c.h.h.t.HelmChartContainer - [hivemq-test-hivemq-platform] [hivemq-platform-operator] [ebd27301] 01:05:36.931 [pool-6-thread-4] DEBUG c.h.p.o.dependants.PodInfoConfigMap - [helmrest] Desired PodInfo ConfigMap (1 extensions) (1 enabled)
2025-01-29 01:05:36,932 INFO c.h.h.t.HelmChartContainer - [hivemq-test-hivemq-platform] [hivemq-platform-operator] [ebd27301] 01:05:36.931 [pool-6-thread-4] DEBUG c.h.p.o.dependants.PodInfoConfigMap - [helmrest] Desired PodInfo ConfigMap (metrics port: 9399) (metrics path: /)
2025-01-29 01:05:36,932 INFO c.h.h.t.HelmChartContainer - [hivemq-test-hivemq-platform] [hivemq-platform-operator] [ebd27301] 01:05:36.931 [pool-6-thread-4] DEBUG c.h.p.o.dependants.PodInfoConfigMap - [helmrest] Desired PodInfo ConfigMap (extension state hash: -1817474005)
2025-01-29 01:05:36,935 INFO c.h.h.t.HelmChartContainer - [hivemq-test-hivemq-platform] [hivemq-platform-operator] [ebd27301] 01:05:36.928 [pool-6-thread-2] DEBUG c.h.p.o.d.PodServiceAccountResource - [helmrest] Desired PodServiceAccountResource (serviceAccountName: hivemq-platform-pod-test-hivemq-platform)
2025-01-29 01:05:36,937 INFO c.h.h.t.HelmChartContainer - [hivemq-test-hivemq-platform] [hivemq-platform-operator] [ebd27301] 01:05:36.936 [pool-6-thread-1] DEBUG c.h.p.o.d.StatefulSetResource - [helmrest] Desired StatefulSet (1 replicas) for status STARTING (READY)
2025-01-29 01:05:36,940 INFO c.h.h.t.HelmChartContainer - [hivemq-test-hivemq-platform] [hivemq-platform-operator] [ebd27301] 01:05:36.939 [ReconcilerExecutor-hivemq-controller-114] INFO  c.h.p.o.HiveMQPlatformReconciler - [helmrest] Reconciling HiveMQ Platform 'test-hivemq-platform' in namespace 'helmrestapiit'
2025-01-29 01:05:36,940 INFO c.h.h.t.HelmChartContainer - [hivemq-test-hivemq-platform] [hivemq-platform-operator] [ebd27301] 01:05:36.939 [ReconcilerExecutor-hivemq-controller-114] DEBUG c.h.p.o.HiveMQPlatformReconciler - [helmrest] Custom Resource Status STARTING - HiveMQ Platform is starting (READY)
2025-01-29 01:05:36,940 INFO c.h.h.t.HelmChartContainer - [hivemq-test-hivemq-platform] [hivemq-platform-operator] [ebd27301] 01:05:36.939 [ReconcilerExecutor-hivemq-controller-114] DEBUG c.h.p.o.HiveMQPlatformReconciler - [helmrest] Custom Resource Spec (replicas: 1) (extensions: 1)
2025-01-29 01:05:36,993 INFO c.h.h.t.HelmChartContainer - [hivemq-test-hivemq-platform] [hivemq-platform-operator] [ebd27301] 01:05:36.992 [ReconcilerExecutor-hivemq-controller-114] DEBUG c.h.p.o.HiveMQPlatformReconciler - [helmrest] StatefulSet Status (revision: test-hivemq-platform-54dd684c8, replicas: 1, available: 1, ready: 1, current: 1, updated: 1)
2025-01-29 01:05:36,993 INFO c.h.h.t.HelmChartContainer - [hivemq-test-hivemq-platform] [hivemq-platform-operator] [ebd27301] 01:05:36.992 [ReconcilerExecutor-hivemq-controller-114] DEBUG c.h.p.o.HiveMQPlatformReconciler - [helmrest] StatefulSet Spec (replicas: 1, init containers: 1, containers: 1, volumes: 3)
2025-01-29 01:05:36,994 INFO c.h.h.t.HelmChartContainer - [hivemq-test-hivemq-platform] [hivemq-platform-operator] [ebd27301] 01:05:36.994 [ReconcilerExecutor-hivemq-controller-114] DEBUG c.h.p.o.h.HiveMQPlatformReconcilerErrorHandler - [helmrest] Pod 'test-hivemq-platform-0' phase Running
2025-01-29 01:05:36,995 INFO c.h.h.t.HelmChartContainer - [hivemq-test-hivemq-platform] [hivemq-platform-operator] [ebd27301] 01:05:36.994 [ReconcilerExecutor-hivemq-controller-114] INFO  c.h.p.o.h.HiveMQPlatformReconcilerBaseHandler - [helmrest] HiveMQ Platform started successfully
2025-01-29 01:05:37,015 INFO c.h.h.t.HelmChartContainer - [hivemq-test-hivemq-platform] [hivemq-platform-operator] [ebd27301] 01:05:37.014 [ReconcilerExecutor-hivemq-controller-114] DEBUG c.h.p.operator.event.EventSender - [helmrest] Creating K8s event hivemq-platform-ready: [Ready] HiveMQ Platform is ready
2025-01-29 01:05:37,018 INFO c.h.h.t.HelmChartContainer - [EVENT] Normal [Ready] HiveMQ Platform is ready [helmrestapiit:test-hivemq-platform]
2025-01-29 01:05:37,068 INFO c.h.h.t.HelmChartContainer - [hivemq-test-hivemq-platform] [hivemq-platform-operator] [ebd27301] 01:05:37.067 [ReconcilerExecutor-hivemq-controller-114] INFO  c.h.p.o.h.AbstractHiveMQReconcilerStateHandler - [helmrest] Update HiveMQ Platform Status (STARTING [READY] -> RUNNING [READY]): HiveMQ Platform is ready
2025-01-29 01:05:37,099 DEBUG com.hivemq.helmcharts.util.K8sUtil - Comparing actual state 'RUNNING' and waiting for 'RUNNING'
2025-01-29 01:05:37,105 INFO c.h.h.t.HelmChartContainer - [hivemq-test-hivemq-platform] [hivemq-platform-operator] [ebd27301] 01:05:37.104 [pool-6-thread-15] DEBUG c.h.p.o.d.PlatformServiceResource - [helmrest] Desired Platform services (2 services)
2025-01-29 01:05:37,109 INFO c.h.h.t.HelmChartContainer - [hivemq-test-hivemq-platform] [hivemq-platform-operator] [ebd27301] 01:05:37.108 [pool-6-thread-16] DEBUG c.h.p.o.dependants.PodInfoConfigMap - [helmrest] Desired PodInfo ConfigMap (1 extensions) (1 enabled)
2025-01-29 01:05:37,111 INFO c.h.h.t.HelmChartContainer - [hivemq-test-hivemq-platform] [hivemq-platform-operator] [ebd27301] 01:05:37.106 [pool-6-thread-18] DEBUG c.h.p.o.d.PodServiceAccountResource - [helmrest] Desired PodServiceAccountResource (serviceAccountName: hivemq-platform-pod-test-hivemq-platform)
2025-01-29 01:05:37,111 INFO c.h.h.t.HelmChartContainer - [hivemq-test-hivemq-platform] [hivemq-platform-operator] [ebd27301] 01:05:37.110 [pool-6-thread-16] DEBUG c.h.p.o.dependants.PodInfoConfigMap - [helmrest] Desired PodInfo ConfigMap (metrics port: 9399) (metrics path: /)
2025-01-29 01:05:37,111 INFO c.h.h.t.HelmChartContainer - [hivemq-test-hivemq-platform] [hivemq-platform-operator] [ebd27301] 01:05:37.110 [pool-6-thread-16] DEBUG c.h.p.o.dependants.PodInfoConfigMap - [helmrest] Desired PodInfo ConfigMap (extension state hash: -1817474005)
2025-01-29 01:05:37,197 INFO c.h.h.t.HelmChartContainer - [hivemq-test-hivemq-platform] [hivemq-platform-operator] [ebd27301] 01:05:37.192 [pool-6-thread-16] DEBUG c.h.p.o.dependants.PodInfoConfigMap - [helmrest] Update PodInfo ConfigMap
2025-01-29 01:05:37,210 INFO c.h.h.t.HelmChartContainer - [hivemq-test-hivemq-platform] [hivemq-platform-operator] [ebd27301] 01:05:37.209 [pool-6-thread-16] DEBUG c.h.p.o.d.StatefulSetResource - [helmrest] Desired StatefulSet (1 replicas) for status RUNNING (READY)
2025-01-29 01:05:37,215 INFO c.h.h.t.HelmChartContainer - [hivemq-test-hivemq-platform] [hivemq-platform-operator] [ebd27301] 01:05:37.213 [ReconcilerExecutor-hivemq-controller-115] INFO  c.h.p.o.HiveMQPlatformReconciler - [helmrest] Reconciling HiveMQ Platform 'test-hivemq-platform' in namespace 'helmrestapiit'
2025-01-29 01:05:37,216 INFO c.h.h.t.HelmChartContainer - [hivemq-test-hivemq-platform] [hivemq-platform-operator] [ebd27301] 01:05:37.213 [ReconcilerExecutor-hivemq-controller-115] DEBUG c.h.p.o.HiveMQPlatformReconciler - [helmrest] Custom Resource Status RUNNING - HiveMQ Platform is ready (READY)
2025-01-29 01:05:37,216 INFO c.h.h.t.HelmChartContainer - [hivemq-test-hivemq-platform] [hivemq-platform-operator] [ebd27301] 01:05:37.213 [ReconcilerExecutor-hivemq-controller-115] DEBUG c.h.p.o.HiveMQPlatformReconciler - [helmrest] Custom Resource Spec (replicas: 1) (extensions: 1)
2025-01-29 01:05:37,216 INFO c.h.h.t.HelmChartContainer - [hivemq-test-hivemq-platform] [hivemq-platform-operator] [ebd27301] 01:05:37.215 [ReconcilerExecutor-hivemq-controller-115] DEBUG c.h.p.o.HiveMQPlatformReconciler - [helmrest] StatefulSet Status (revision: test-hivemq-platform-54dd684c8, replicas: 1, available: 1, ready: 1, current: 1, updated: 1)
2025-01-29 01:05:37,217 INFO c.h.h.t.HelmChartContainer - [hivemq-test-hivemq-platform] [hivemq-platform-operator] [ebd27301] 01:05:37.215 [ReconcilerExecutor-hivemq-controller-115] DEBUG c.h.p.o.HiveMQPlatformReconciler - [helmrest] StatefulSet Spec (replicas: 1, init containers: 1, containers: 1, volumes: 3)
2025-01-29 01:05:37,218 INFO c.h.h.t.HelmChartContainer - [hivemq-test-hivemq-platform] [hivemq-platform-operator] [ebd27301] 01:05:37.217 [ReconcilerExecutor-hivemq-controller-115] DEBUG c.h.p.o.h.HiveMQPlatformReconcilerErrorHandler - [helmrest] Pod 'test-hivemq-platform-0' phase Running
2025-01-29 01:05:37,304 INFO c.h.h.t.HelmChartContainer - Uninstalling release 'test-hivemq-platform' in namespace 'helmrestapiit'...
2025-01-29 01:05:37,304 DEBUG c.h.h.t.HelmChartContainer - Executing helm command: /bin/helm --kubeconfig /etc/rancher/k3s/k3s.yaml uninstall test-hivemq-platform  --wait --timeout 5m0s --cascade foreground --namespace helmrestapiit
2025-01-29 01:05:37,509 INFO c.h.h.t.HelmChartContainer - [hivemq-test-hivemq-platform] [hivemq-platform-operator] [ebd27301] 01:05:37.505 [pool-6-thread-25] DEBUG c.h.p.o.d.PlatformServiceResource - [helmrest] Desired Platform services (2 services)
2025-01-29 01:05:37,522 INFO c.h.h.t.HelmChartContainer - [hivemq-test-hivemq-platform] [hivemq-platform-operator] [ebd27301] 01:05:37.507 [pool-6-thread-27] DEBUG c.h.p.o.dependants.PodInfoConfigMap - [helmrest] Desired PodInfo ConfigMap (1 extensions) (1 enabled)
2025-01-29 01:05:37,522 INFO c.h.h.t.HelmChartContainer - [hivemq-test-hivemq-platform] [hivemq-platform-operator] [ebd27301] 01:05:37.510 [pool-6-thread-27] DEBUG c.h.p.o.dependants.PodInfoConfigMap - [helmrest] Desired PodInfo ConfigMap (metrics port: 9399) (metrics path: /)
2025-01-29 01:05:37,522 INFO c.h.h.t.HelmChartContainer - [hivemq-test-hivemq-platform] [hivemq-platform-operator] [ebd27301] 01:05:37.510 [pool-6-thread-27] DEBUG c.h.p.o.dependants.PodInfoConfigMap - [helmrest] Desired PodInfo ConfigMap (extension state hash: -1817474005)
2025-01-29 01:05:37,522 INFO c.h.h.t.HelmChartContainer - [hivemq-test-hivemq-platform] [hivemq-platform-operator] [ebd27301] 01:05:37.513 [pool-6-thread-24] DEBUG c.h.p.o.d.PodServiceAccountResource - [helmrest] Desired PodServiceAccountResource (serviceAccountName: hivemq-platform-pod-test-hivemq-platform)
2025-01-29 01:05:37,570 INFO c.h.h.t.HelmChartContainer - [hivemq-test-hivemq-platform] [hivemq-platform-operator] [ebd27301] 01:05:37.569 [pool-6-thread-25] DEBUG c.h.p.o.d.StatefulSetResource - [helmrest] Desired StatefulSet (1 replicas) for status RUNNING (READY)
2025-01-29 01:05:37,594 INFO c.h.h.t.HelmChartContainer - [hivemq-test-hivemq-platform] [hivemq-platform-operator] [ebd27301] 01:05:37.593 [pool-6-thread-25] DEBUG c.h.p.o.d.StatefulSetResource - [helmrest] Update StatefulSet (replicas: 1 -> 1)
2025-01-29 01:05:37,597 INFO c.h.h.t.HelmChartContainer - [hivemq-test-hivemq-platform] [hivemq-platform-operator] [ebd27301] 01:05:37.596 [pool-6-thread-25] DEBUG c.h.p.o.d.StatefulSetResource - [helmrest] Detected change in StatefulSet specification (path: /template/metadata/annotations/kubernetes-resource-versions) (actual value: {broker-configuration-v2=-61764139}) (target value: {broker-configuration-v2=0})
2025-01-29 01:05:37,598 INFO c.h.h.t.HelmChartContainer - [hivemq-test-hivemq-platform] [hivemq-platform-operator] [ebd27301] 01:05:37.596 [pool-6-thread-25] INFO  c.h.p.o.d.StatefulSetResource - [helmrest] StatefulSet spec was updated, triggering rolling restart
2025-01-29 01:05:37,695 INFO c.h.h.t.HelmChartContainer - [hivemq-test-hivemq-platform] [hivemq-platform-operator] [ebd27301] 01:05:37.693 [ReconcilerExecutor-hivemq-controller-116] INFO  c.h.p.o.HiveMQPlatformReconciler - [helmrest] Reconciling HiveMQ Platform 'test-hivemq-platform' in namespace 'helmrestapiit'
2025-01-29 01:05:37,695 INFO c.h.h.t.HelmChartContainer - [hivemq-test-hivemq-platform] [hivemq-platform-operator] [ebd27301] 01:05:37.693 [ReconcilerExecutor-hivemq-controller-116] DEBUG c.h.p.o.HiveMQPlatformReconciler - [helmrest] Custom Resource Status RUNNING - HiveMQ Platform is ready (READY) (reconciliation requests: ROLLING_RESTART, REQUESTS_UPDATED)
2025-01-29 01:05:37,695 INFO c.h.h.t.HelmChartContainer - [hivemq-test-hivemq-platform] [hivemq-platform-operator] [ebd27301] 01:05:37.693 [ReconcilerExecutor-hivemq-controller-116] DEBUG c.h.p.o.HiveMQPlatformReconciler - [helmrest] Custom Resource Spec (replicas: 1) (extensions: 1)
2025-01-29 01:05:37,695 INFO c.h.h.t.HelmChartContainer - [hivemq-test-hivemq-platform] [hivemq-platform-operator] [ebd27301] 01:05:37.694 [ReconcilerExecutor-hivemq-controller-116] WARN  c.h.p.o.h.HiveMQPlatformReconcilerErrorHandler - [helmrest] Could not find ConfigMap 'hivemq-configuration-test-hivemq-platform' for HiveMQ Platform configuration
2025-01-29 01:05:37,772 INFO c.h.h.t.HelmChartContainer - [hivemq-test-hivemq-platform] [hivemq-platform-operator] [ebd27301] 01:05:37.771 [ReconcilerExecutor-hivemq-controller-116] DEBUG c.h.p.operator.event.EventSender - [helmrest] Creating K8s event hivemq-platform-invalid-configuration: [Start] Could not find ConfigMap 'hivemq-configuration-test-hivemq-platform' for HiveMQ Platform configuration
2025-01-29 01:05:37,796 INFO c.h.h.t.HelmChartContainer - [EVENT] Warning [Start] Could not find ConfigMap 'hivemq-configuration-test-hivemq-platform' for HiveMQ Platform configuration [helmrestapiit:test-hivemq-platform]
2025-01-29 01:05:37,798 INFO c.h.h.t.HelmChartContainer - [hivemq-test-hivemq-platform] [hivemq-platform-operator] [ebd27301] 01:05:37.797 [ReconcilerExecutor-hivemq-controller-116] INFO  c.h.p.o.h.AbstractHiveMQReconcilerStateHandler - [helmrest] Update HiveMQ Platform Status (RUNNING [READY] -> ERROR [INVALID_CONFIG_MAP]): Could not find ConfigMap 'hivemq-configuration-test-hivemq-platform' for HiveMQ Platform configuration (reconciliation requests: ROLLING_RESTART)
2025-01-29 01:05:37,808 INFO c.h.h.t.HelmChartContainer - [hivemq-test-hivemq-platform] [hivemq-platform-operator] [ebd27301] 01:05:37.805 [ReconcilerExecutor-hivemq-controller-116] ERROR i.j.o.p.event.EventProcessor - Error during event processing ExecutionScope{ resource id: ResourceID{name='test-hivemq-platform', namespace='helmrestapiit'}, version: 1768}
2025-01-29 01:05:37,808 INFO c.h.h.t.HelmChartContainer - [hivemq-test-hivemq-platform] [hivemq-platform-operator] [ebd27301] io.fabric8.kubernetes.client.KubernetesClientException: Failure executing: PUT at: https://10.43.0.1:443/apis/hivemq.com/v1/namespaces/helmrestapiit/hivemq-platforms/test-hivemq-platform/status. Message: Operation cannot be fulfilled on hivemq-platforms.hivemq.com "test-hivemq-platform": the object has been modified; please apply your changes to the latest version and try again. Received status: Status(apiVersion=v1, code=409, details=StatusDetails(causes=[], group=hivemq.com, kind=hivemq-platforms, name=test-hivemq-platform, retryAfterSeconds=null, uid=null, additionalProperties={}), kind=Status, message=Operation cannot be fulfilled on hivemq-platforms.hivemq.com "test-hivemq-platform": the object has been modified; please apply your changes to the latest version and try again, metadata=ListMeta(_continue=null, remainingItemCount=null, resourceVersion=null, selfLink=null, additionalProperties={}), reason=Conflict, status=Failure, additionalProperties={}).
2025-01-29 01:05:37,808 INFO c.h.h.t.HelmChartContainer - [hivemq-test-hivemq-platform] [hivemq-platform-operator] [ebd27301] 	at io.fabric8.kubernetes.client.KubernetesClientException.copyAsCause(KubernetesClientException.java:238)
2025-01-29 01:05:37,808 INFO c.h.h.t.HelmChartContainer - [hivemq-test-hivemq-platform] [hivemq-platform-operator] [ebd27301] 	at io.fabric8.kubernetes.client.dsl.internal.OperationSupport.waitForResult(OperationSupport.java:507)
2025-01-29 01:05:37,808 INFO c.h.h.t.HelmChartContainer - [hivemq-test-hivemq-platform] [hivemq-platform-operator] [ebd27301] 	at io.fabric8.kubernetes.client.dsl.internal.OperationSupport.handleResponse(OperationSupport.java:524)
2025-01-29 01:05:37,808 INFO c.h.h.t.HelmChartContainer - [hivemq-test-hivemq-platform] [hivemq-platform-operator] [ebd27301] 	at io.fabric8.kubernetes.client.dsl.internal.OperationSupport.handleUpdate(OperationSupport.java:358)
2025-01-29 01:05:37,808 INFO c.h.h.t.HelmChartContainer - [hivemq-test-hivemq-platform] [hivemq-platform-operator] [ebd27301] 	at io.fabric8.kubernetes.client.dsl.internal.BaseOperation.handleUpdate(BaseOperation.java:759)
2025-01-29 01:05:37,808 INFO c.h.h.t.HelmChartContainer - [hivemq-test-hivemq-platform] [hivemq-platform-operator] [ebd27301] 	at io.fabric8.kubernetes.client.dsl.internal.HasMetadataOperation.update(HasMetadataOperation.java:138)
2025-01-29 01:05:37,808 INFO c.h.h.t.HelmChartContainer - [hivemq-test-hivemq-platform] [hivemq-platform-operator] [ebd27301] 	at io.fabric8.kubernetes.client.dsl.internal.HasMetadataOperation.update(HasMetadataOperation.java:121)
2025-01-29 01:05:37,808 INFO c.h.h.t.HelmChartContainer - [hivemq-test-hivemq-platform] [hivemq-platform-operator] [ebd27301] 	at io.fabric8.kubernetes.client.dsl.internal.HasMetadataOperation.updateStatus(HasMetadataOperation.java:126)
2025-01-29 01:05:37,808 INFO c.h.h.t.HelmChartContainer - [hivemq-test-hivemq-platform] [hivemq-platform-operator] [ebd27301] 	at io.fabric8.kubernetes.client.dsl.internal.HasMetadataOperation.updateStatus(HasMetadataOperation.java:44)
2025-01-29 01:05:37,808 INFO c.h.h.t.HelmChartContainer - [hivemq-test-hivemq-platform] [hivemq-platform-operator] [ebd27301] 	at io.javaoperatorsdk.operator.processing.event.ReconciliationDispatcher$CustomResourceFacade.updateStatus(ReconciliationDispatcher.java:408)
2025-01-29 01:05:37,808 INFO c.h.h.t.HelmChartContainer - [hivemq-test-hivemq-platform] [hivemq-platform-operator] [ebd27301] 	at io.javaoperatorsdk.operator.processing.event.ReconciliationDispatcher.updateStatusGenerationAware(ReconciliationDispatcher.java:228)
2025-01-29 01:05:37,808 INFO c.h.h.t.HelmChartContainer - [hivemq-test-hivemq-platform] [hivemq-platform-operator] [ebd27301] 	at io.javaoperatorsdk.operator.processing.event.ReconciliationDispatcher.reconcileExecution(ReconciliationDispatcher.java:150)
2025-01-29 01:05:37,808 INFO c.h.h.t.HelmChartContainer - [hivemq-test-hivemq-platform] [hivemq-platform-operator] [ebd27301] 	at io.javaoperatorsdk.operator.processing.event.ReconciliationDispatcher.handleReconcile(ReconciliationDispatcher.java:117)
2025-01-29 01:05:37,808 INFO c.h.h.t.HelmChartContainer - [hivemq-test-hivemq-platform] [hivemq-platform-operator] [ebd27301] 	at io.javaoperatorsdk.operator.processing.event.ReconciliationDispatcher.handleDispatch(ReconciliationDispatcher.java:91)
2025-01-29 01:05:37,808 INFO c.h.h.t.HelmChartContainer - [hivemq-test-hivemq-platform] [hivemq-platform-operator] [ebd27301] 	at io.javaoperatorsdk.operator.processing.event.ReconciliationDispatcher.handleExecution(ReconciliationDispatcher.java:64)
2025-01-29 01:05:37,808 INFO c.h.h.t.HelmChartContainer - [hivemq-test-hivemq-platform] [hivemq-platform-operator] [ebd27301] 	at io.javaoperatorsdk.operator.processing.event.EventProcessor$ReconcilerExecutor.run(EventProcessor.java:452)
2025-01-29 01:05:37,808 INFO c.h.h.t.HelmChartContainer - [hivemq-test-hivemq-platform] [hivemq-platform-operator] [ebd27301] 	at java.base/java.util.concurrent.ThreadPoolExecutor.runWorker(Unknown Source)
2025-01-29 01:05:37,808 INFO c.h.h.t.HelmChartContainer - [hivemq-test-hivemq-platform] [hivemq-platform-operator] [ebd27301] 	at java.base/java.util.concurrent.ThreadPoolExecutor$Worker.run(Unknown Source)
2025-01-29 01:05:37,808 INFO c.h.h.t.HelmChartContainer - [hivemq-test-hivemq-platform] [hivemq-platform-operator] [ebd27301] 	at java.base/java.lang.Thread.run(Unknown Source)
2025-01-29 01:05:37,809 INFO c.h.h.t.HelmChartContainer - [hivemq-test-hivemq-platform] [hivemq-platform-operator] [ebd27301] Caused by: io.fabric8.kubernetes.client.KubernetesClientException: Failure executing: PUT at: https://10.43.0.1:443/apis/hivemq.com/v1/namespaces/helmrestapiit/hivemq-platforms/test-hivemq-platform/status. Message: Operation cannot be fulfilled on hivemq-platforms.hivemq.com "test-hivemq-platform": the object has been modified; please apply your changes to the latest version and try again. Received status: Status(apiVersion=v1, code=409, details=StatusDetails(causes=[], group=hivemq.com, kind=hivemq-platforms, name=test-hivemq-platform, retryAfterSeconds=null, uid=null, additionalProperties={}), kind=Status, message=Operation cannot be fulfilled on hivemq-platforms.hivemq.com "test-hivemq-platform": the object has been modified; please apply your changes to the latest version and try again, metadata=ListMeta(_continue=null, remainingItemCount=null, resourceVersion=null, selfLink=null, additionalProperties={}), reason=Conflict, status=Failure, additionalProperties={}).
2025-01-29 01:05:37,809 INFO c.h.h.t.HelmChartContainer - [hivemq-test-hivemq-platform] [hivemq-platform-operator] [ebd27301] 	at io.fabric8.kubernetes.client.dsl.internal.OperationSupport.requestFailure(OperationSupport.java:660)
2025-01-29 01:05:37,809 INFO c.h.h.t.HelmChartContainer - [hivemq-test-hivemq-platform] [hivemq-platform-operator] [ebd27301] 	at io.fabric8.kubernetes.client.dsl.internal.OperationSupport.requestFailure(OperationSupport.java:640)
2025-01-29 01:05:37,809 INFO c.h.h.t.HelmChartContainer - [hivemq-test-hivemq-platform] [hivemq-platform-operator] [ebd27301] 	at io.fabric8.kubernetes.client.dsl.internal.OperationSupport.assertResponseCode(OperationSupport.java:589)
2025-01-29 01:05:37,809 INFO c.h.h.t.HelmChartContainer - [hivemq-test-hivemq-platform] [hivemq-platform-operator] [ebd27301] 	at io.fabric8.kubernetes.client.dsl.internal.OperationSupport.lambda$handleResponse$0(OperationSupport.java:549)
2025-01-29 01:05:37,809 INFO c.h.h.t.HelmChartContainer - [hivemq-test-hivemq-platform] [hivemq-platform-operator] [ebd27301] 	at java.base/java.util.concurrent.CompletableFuture$UniApply.tryFire(Unknown Source)
2025-01-29 01:05:37,809 INFO c.h.h.t.HelmChartContainer - [hivemq-test-hivemq-platform] [hivemq-platform-operator] [ebd27301] 	at java.base/java.util.concurrent.CompletableFuture.postComplete(Unknown Source)
2025-01-29 01:05:37,809 INFO c.h.h.t.HelmChartContainer - [hivemq-test-hivemq-platform] [hivemq-platform-operator] [ebd27301] 	at java.base/java.util.concurrent.CompletableFuture.complete(Unknown Source)
2025-01-29 01:05:37,809 INFO c.h.h.t.HelmChartContainer - [hivemq-test-hivemq-platform] [hivemq-platform-operator] [ebd27301] 	at io.fabric8.kubernetes.client.http.StandardHttpClient.lambda$completeOrCancel$10(StandardHttpClient.java:141)
2025-01-29 01:05:37,809 INFO c.h.h.t.HelmChartContainer - [hivemq-test-hivemq-platform] [hivemq-platform-operator] [ebd27301] 	at java.base/java.util.concurrent.CompletableFuture.uniWhenComplete(Unknown Source)
2025-01-29 01:05:37,809 INFO c.h.h.t.HelmChartContainer - [hivemq-test-hivemq-platform] [hivemq-platform-operator] [ebd27301] 	at java.base/java.util.concurrent.CompletableFuture$UniWhenComplete.tryFire(Unknown Source)
2025-01-29 01:05:37,809 INFO c.h.h.t.HelmChartContainer - [hivemq-test-hivemq-platform] [hivemq-platform-operator] [ebd27301] 	at java.base/java.util.concurrent.CompletableFuture.postComplete(Unknown Source)
2025-01-29 01:05:37,809 INFO c.h.h.t.HelmChartContainer - [hivemq-test-hivemq-platform] [hivemq-platform-operator] [ebd27301] 	at java.base/java.util.concurrent.CompletableFuture.complete(Unknown Source)
2025-01-29 01:05:37,809 INFO c.h.h.t.HelmChartContainer - [hivemq-test-hivemq-platform] [hivemq-platform-operator] [ebd27301] 	at io.fabric8.kubernetes.client.http.ByteArrayBodyHandler.onBodyDone(ByteArrayBodyHandler.java:51)
2025-01-29 01:05:37,809 INFO c.h.h.t.HelmChartContainer - [hivemq-test-hivemq-platform] [hivemq-platform-operator] [ebd27301] 	at java.base/java.util.concurrent.CompletableFuture.uniWhenComplete(Unknown Source)
2025-01-29 01:05:37,809 INFO c.h.h.t.HelmChartContainer - [hivemq-test-hivemq-platform] [hivemq-platform-operator] [ebd27301] 	at java.base/java.util.concurrent.CompletableFuture$UniWhenComplete.tryFire(Unknown Source)
2025-01-29 01:05:37,809 INFO c.h.h.t.HelmChartContainer - [hivemq-test-hivemq-platform] [hivemq-platform-operator] [ebd27301] 	at java.base/java.util.concurrent.CompletableFuture.postComplete(Unknown Source)
2025-01-29 01:05:37,809 INFO c.h.h.t.HelmChartContainer - [hivemq-test-hivemq-platform] [hivemq-platform-operator] [ebd27301] 	at java.base/java.util.concurrent.CompletableFuture.complete(Unknown Source)
2025-01-29 01:05:37,809 INFO c.h.h.t.HelmChartContainer - [hivemq-test-hivemq-platform] [hivemq-platform-operator] [ebd27301] 	at io.fabric8.kubernetes.client.vertx.VertxHttpRequest.lambda$null$1(VertxHttpRequest.java:121)
2025-01-29 01:05:37,809 INFO c.h.h.t.HelmChartContainer - [hivemq-test-hivemq-platform] [hivemq-platform-operator] [ebd27301] 	at io.vertx.core.impl.ContextInternal.dispatch(ContextInternal.java:279)
2025-01-29 01:05:37,809 INFO c.h.h.t.HelmChartContainer - [hivemq-test-hivemq-platform] [hivemq-platform-operator] [ebd27301] 	at io.vertx.core.impl.ContextInternal.dispatch(ContextInternal.java:261)
2025-01-29 01:05:37,809 INFO c.h.h.t.HelmChartContainer - [hivemq-test-hivemq-platform] [hivemq-platform-operator] [ebd27301] 	at io.vertx.core.http.impl.HttpEventHandler.handleEnd(HttpEventHandler.java:76)
2025-01-29 01:05:37,809 INFO c.h.h.t.HelmChartContainer - [hivemq-test-hivemq-platform] [hivemq-platform-operator] [ebd27301] 	at io.vertx.core.http.impl.HttpClientResponseImpl.handleEnd(HttpClientResponseImpl.java:250)
2025-01-29 01:05:37,810 INFO c.h.h.t.HelmChartContainer - [hivemq-test-hivemq-platform] [hivemq-platform-operator] [ebd27301] 	at io.vertx.core.http.impl.Http1xClientConnection$StreamImpl.lambda$new$0(Http1xClientConnection.java:421)
2025-01-29 01:05:37,810 INFO c.h.h.t.HelmChartContainer - [hivemq-test-hivemq-platform] [hivemq-platform-operator] [ebd27301] 	at io.vertx.core.streams.impl.InboundBuffer.handleEvent(InboundBuffer.java:279)
2025-01-29 01:05:37,810 INFO c.h.h.t.HelmChartContainer - [hivemq-test-hivemq-platform] [hivemq-platform-operator] [ebd27301] 	at io.vertx.core.streams.impl.InboundBuffer.write(InboundBuffer.java:157)
2025-01-29 01:05:37,810 INFO c.h.h.t.HelmChartContainer - [hivemq-test-hivemq-platform] [hivemq-platform-operator] [ebd27301] 	at io.vertx.core.http.impl.Http1xClientConnection$StreamImpl.handleEnd(Http1xClientConnection.java:709)
2025-01-29 01:05:37,810 INFO c.h.h.t.HelmChartContainer - [hivemq-test-hivemq-platform] [hivemq-platform-operator] [ebd27301] 	at io.vertx.core.impl.ContextImpl.lambda$execute$4(ContextImpl.java:315)
2025-01-29 01:05:37,810 INFO c.h.h.t.HelmChartContainer - [hivemq-test-hivemq-platform] [hivemq-platform-operator] [ebd27301] 	at io.netty.util.concurrent.AbstractEventExecutor.runTask(AbstractEventExecutor.java:173)
2025-01-29 01:05:37,810 INFO c.h.h.t.HelmChartContainer - [hivemq-test-hivemq-platform] [hivemq-platform-operator] [ebd27301] 	at io.netty.util.concurrent.AbstractEventExecutor.safeExecute(AbstractEventExecutor.java:166)
2025-01-29 01:05:37,810 INFO c.h.h.t.HelmChartContainer - [hivemq-test-hivemq-platform] [hivemq-platform-operator] [ebd27301] 	at io.netty.util.concurrent.SingleThreadEventExecutor.runAllTasks(SingleThreadEventExecutor.java:472)
2025-01-29 01:05:37,810 INFO c.h.h.t.HelmChartContainer - [hivemq-test-hivemq-platform] [hivemq-platform-operator] [ebd27301] 	at io.netty.channel.nio.NioEventLoop.run(NioEventLoop.java:569)
2025-01-29 01:05:37,810 INFO c.h.h.t.HelmChartContainer - [hivemq-test-hivemq-platform] [hivemq-platform-operator] [ebd27301] 	at io.netty.util.concurrent.SingleThreadEventExecutor$4.run(SingleThreadEventExecutor.java:997)
2025-01-29 01:05:37,810 INFO c.h.h.t.HelmChartContainer - [hivemq-test-hivemq-platform] [hivemq-platform-operator] [ebd27301] 	at io.netty.util.internal.ThreadExecutorMap$2.run(ThreadExecutorMap.java:74)
2025-01-29 01:05:37,810 INFO c.h.h.t.HelmChartContainer - [hivemq-test-hivemq-platform] [hivemq-platform-operator] [ebd27301] 	at io.netty.util.concurrent.FastThreadLocalRunnable.run(FastThreadLocalRunnable.java:30)
2025-01-29 01:05:37,810 INFO c.h.h.t.HelmChartContainer - [hivemq-test-hivemq-platform] [hivemq-platform-operator] [ebd27301] 	... 1 common frames omitted
2025-01-29 01:05:37,812 INFO c.h.h.t.HelmChartContainer - [hivemq-test-hivemq-platform] [hivemq-platform-operator] [ebd27301] 01:05:37.811 [ReconcilerExecutor-hivemq-controller-120] INFO  c.h.p.o.HiveMQPlatformReconciler - [helmrest] Cleanup test-hivemq-platform - helmrestapiit HiveMQ Platform is shut down
2025-01-29 01:05:37,858 INFO c.h.h.t.HelmChartContainer - [POD] test-hivemq-platform-0 [744c7151-a180-45c5-9e25-cf7afe4a8481] in helmrestapiit was MODIFIED
2025-01-29 01:05:37,863 INFO c.h.h.t.HelmChartContainer - [EVENT] Normal [Killing] Stopping container hivemq [helmrestapiit:test-hivemq-platform-0]
2025-01-29 01:05:37,863 INFO c.h.h.t.HelmChartContainer - Received Killing event for container hivemq in pod test-hivemq-platform-0 [744c7151-a180-45c5-9e25-cf7afe4a8481]
2025-01-29 01:05:37,863 INFO c.h.h.t.HelmChartContainer - Container [test-hivemq-platform-0] [hivemq] [744c7151-a180-45c5-9e25-cf7afe4a8481] was terminated
2025-01-29 01:05:37,863 INFO c.h.h.t.HelmChartContainer - Stopped log watcher for hivemq in pod test-hivemq-platform-0 [744c7151-a180-45c5-9e25-cf7afe4a8481]
2025-01-29 01:05:37,872 INFO c.h.h.t.HelmChartContainer - [test-hivemq-platform] [hivemq] [744c7151] INFO  - [HiveMQ Platform Operator Init App 1.7.0-SNAPSHOT] Shutting down
2025-01-29 01:05:37,872 INFO c.h.h.t.HelmChartContainer - [test-hivemq-platform] [hivemq] [744c7151] INFO  - [HiveMQ Platform Operator Init App 1.7.0-SNAPSHOT] Stopping the HiveMQ Platform
2025-01-29 01:05:38,021 INFO c.h.h.t.HelmChartContainer - [test-hivemq-platform] [hivemq] [744c7151] INFO  - Shutting down HiveMQ. Please wait, this could take a while...
2025-01-29 01:05:38,085 INFO c.h.h.t.HelmChartContainer - [test-hivemq-platform] [hivemq] [744c7151] INFO  - Shutting down listeners and clients
2025-01-29 01:05:38,086 INFO c.h.h.t.HelmChartContainer - [test-hivemq-platform] [hivemq] [744c7151] INFO  - Shutdown of listeners is done
2025-01-29 01:05:38,086 INFO c.h.h.t.HelmChartContainer - [test-hivemq-platform] [hivemq] [744c7151] INFO  - No clients are connected, proceeding with shutdown
2025-01-29 01:05:39,555 INFO c.h.h.t.HelmChartContainer - Deleting namespace 'helmrestapiit'...
2025-01-29 01:05:41,694 INFO c.h.h.t.HelmChartContainer - [test-hivemq-platform] [hivemq] [744c7151] INFO  - Shutting down extension system
2025-01-29 01:05:41,696 INFO c.h.h.t.HelmChartContainer - [test-hivemq-platform] [hivemq] [744c7151] INFO  - Stopping extension with id hivemq-dns-cluster-discovery
2025-01-29 01:05:41,697 INFO c.h.h.t.HelmChartContainer - [test-hivemq-platform] [hivemq] [744c7151] INFO  - Extension "DNS Cluster Discovery Extension" version 4.3.2 stopped successfully.
2025-01-29 01:05:41,697 INFO c.h.h.t.HelmChartContainer - [test-hivemq-platform] [hivemq] [744c7151] INFO  - Stopping extension with id hivemq-prometheus-extension
2025-01-29 01:05:41,701 INFO c.h.h.t.HelmChartContainer - [test-hivemq-platform] [hivemq] [744c7151] INFO  - Extension "Prometheus Monitoring Extension" version 4.0.12 stopped successfully.
2025-01-29 01:05:41,701 INFO c.h.h.t.HelmChartContainer - [test-hivemq-platform] [hivemq] [744c7151] INFO  - Stopping extension with id hivemq-allow-all-extension
2025-01-29 01:05:41,701 INFO c.h.h.t.HelmChartContainer - [test-hivemq-platform] [hivemq] [744c7151] INFO  - Extension "Allow All Extension" version 1.1.1 stopped successfully.
2025-01-29 01:05:41,898 INFO c.h.h.t.HelmChartContainer - [test-hivemq-platform] [hivemq] [744c7151] INFO  - [HiveMQ Platform Operator Init App 1.7.0-SNAPSHOT] Returning shutdown Health API response 503 for readiness
2025-01-29 01:05:41,902 INFO c.h.h.t.HelmChartContainer - [EVENT] Warning [Unhealthy] Readiness probe failed: HTTP probe failed with statuscode: 503 [helmrestapiit:test-hivemq-platform-0]
2025-01-29 01:05:41,902 INFO c.h.h.t.HelmChartContainer - Received Unhealthy event for container hivemq in pod test-hivemq-platform-0 [744c7151-a180-45c5-9e25-cf7afe4a8481]
2025-01-29 01:05:42,306 INFO c.h.h.t.HelmChartContainer - [K3S] [authentication.go:74] "Unable to authenticate the request" err="[invalid bearer token, serviceaccounts \"hivemq-platform-pod-test-hivemq-platform\" not found]"
2025-01-29 01:05:42,324 INFO c.h.h.t.HelmChartContainer - [K3S] [authentication.go:74] "Unable to authenticate the request" err="[invalid bearer token, serviceaccounts \"hivemq-platform-pod-test-hivemq-platform\" not found]"
2025-01-29 01:05:42,386 INFO c.h.h.t.HelmChartContainer - [test-hivemq-platform] [hivemq] [744c7151] WARN  - [HiveMQ Platform Operator Init App 1.7.0-SNAPSHOT] Could not update Pod annotations: Failure executing: GET at: https://10.43.0.1:443/api/v1/namespaces/helmrestapiit/pods/test-hivemq-platform-0. Message: Unauthorized. Received status: Status(apiVersion=v1, code=401, details=null, kind=Status, message=Unauthorized, metadata=ListMeta(_continue=null, remainingItemCount=null, resourceVersion=null, selfLink=null, additionalProperties={}), reason=Unauthorized, status=Failure, additionalProperties={}).
2025-01-29 01:05:43,984 INFO c.h.h.t.HelmChartContainer - [test-hivemq-platform] [hivemq] [744c7151] INFO  - Shutdown completed.
2025-01-29 01:05:44,332 INFO c.h.h.t.HelmChartContainer - [test-hivemq-platform] [hivemq] [744c7151] INFO  - [HiveMQ Platform Operator Init App 1.7.0-SNAPSHOT] The HiveMQ Platform exited with code 143
2025-01-29 01:05:44,333 INFO c.h.h.t.HelmChartContainer - [test-hivemq-platform] [hivemq] [744c7151] INFO  - [HiveMQ Platform Operator Init App 1.7.0-SNAPSHOT] Stopping the REST API
2025-01-29 01:05:44,338 INFO c.h.h.t.HelmChartContainer - [test-hivemq-platform] [hivemq] [744c7151] INFO  - [HiveMQ Platform Operator Init App 1.7.0-SNAPSHOT] Shutdown complete
2025-01-29 01:05:44,691 INFO c.h.h.t.HelmChartContainer - [K3S] [stateful_set.go:466] "StatefulSet has been deleted" key="helmrestapiit/test-hivemq-platform"
2025-01-29 01:05:44,773 INFO c.h.h.t.HelmChartContainer - [K3S] [pod_container_deletor.go:80] "Container not found in pod's containers" containerID="197daf4ad61e430fed375957daf0b5477e9be1ad5d6c27f3fe38302ed709aa45"
2025-01-29 01:05:44,820 INFO c.h.h.t.HelmChartContainer - [POD] test-hivemq-platform-0 [744c7151-a180-45c5-9e25-cf7afe4a8481] in helmrestapiit was MODIFIED
2025-01-29 01:05:44,910 INFO c.h.h.t.HelmChartContainer - [K3S] [reconciler_common.go:162] "operationExecutor.UnmountVolume started for volume \"pod-info\" (UniqueName: \"kubernetes.io/configmap/744c7151-a180-45c5-9e25-cf7afe4a8481-pod-info\") pod \"744c7151-a180-45c5-9e25-cf7afe4a8481\" (UID: \"744c7151-a180-45c5-9e25-cf7afe4a8481\") "
2025-01-29 01:05:44,910 INFO c.h.h.t.HelmChartContainer - [K3S] [reconciler_common.go:162] "operationExecutor.UnmountVolume started for volume \"operator-init\" (UniqueName: \"kubernetes.io/empty-dir/744c7151-a180-45c5-9e25-cf7afe4a8481-operator-init\") pod \"744c7151-a180-45c5-9e25-cf7afe4a8481\" (UID: \"744c7151-a180-45c5-9e25-cf7afe4a8481\") "
2025-01-29 01:05:44,911 INFO c.h.h.t.HelmChartContainer - [K3S] [reconciler_common.go:162] "operationExecutor.UnmountVolume started for volume \"kube-api-access-8jhvm\" (UniqueName: \"kubernetes.io/projected/744c7151-a180-45c5-9e25-cf7afe4a8481-kube-api-access-8jhvm\") pod \"744c7151-a180-45c5-9e25-cf7afe4a8481\" (UID: \"744c7151-a180-45c5-9e25-cf7afe4a8481\") "
2025-01-29 01:05:44,911 INFO c.h.h.t.HelmChartContainer - [K3S] [reconciler_common.go:162] "operationExecutor.UnmountVolume started for volume \"broker-configuration\" (UniqueName: \"kubernetes.io/configmap/744c7151-a180-45c5-9e25-cf7afe4a8481-broker-configuration\") pod \"744c7151-a180-45c5-9e25-cf7afe4a8481\" (UID: \"744c7151-a180-45c5-9e25-cf7afe4a8481\") "
2025-01-29 01:05:45,010 INFO c.h.h.t.HelmChartContainer - [K3S] [reconciler_common.go:299] "Volume detached for volume \"broker-configuration\" (UniqueName: \"kubernetes.io/configmap/744c7151-a180-45c5-9e25-cf7afe4a8481-broker-configuration\") on node \"84044ab653e1\" DevicePath \"\""
2025-01-29 01:05:45,010 INFO c.h.h.t.HelmChartContainer - [K3S] [reconciler_common.go:299] "Volume detached for volume \"pod-info\" (UniqueName: \"kubernetes.io/configmap/744c7151-a180-45c5-9e25-cf7afe4a8481-pod-info\") on node \"84044ab653e1\" DevicePath \"\""
2025-01-29 01:05:45,010 INFO c.h.h.t.HelmChartContainer - [K3S] [reconciler_common.go:299] "Volume detached for volume \"operator-init\" (UniqueName: \"kubernetes.io/empty-dir/744c7151-a180-45c5-9e25-cf7afe4a8481-operator-init\") on node \"84044ab653e1\" DevicePath \"\""
2025-01-29 01:05:45,010 INFO c.h.h.t.HelmChartContainer - [K3S] [reconciler_common.go:299] "Volume detached for volume \"kube-api-access-8jhvm\" (UniqueName: \"kubernetes.io/projected/744c7151-a180-45c5-9e25-cf7afe4a8481-kube-api-access-8jhvm\") on node \"84044ab653e1\" DevicePath \"\""
2025-01-29 01:05:45,784 INFO c.h.h.t.HelmChartContainer - [POD] test-hivemq-platform-0 [744c7151-a180-45c5-9e25-cf7afe4a8481] in helmrestapiit was MODIFIED
2025-01-29 01:05:45,788 INFO c.h.h.t.HelmChartContainer - [POD] test-hivemq-platform-0 [744c7151-a180-45c5-9e25-cf7afe4a8481] in helmrestapiit was DELETED
2025-01-29 01:05:47,006 INFO c.h.h.t.HelmChartContainer - [K3S] [kubelet_volumes.go:163] "Cleaned up orphaned pod volumes dir" podUID="744c7151-a180-45c5-9e25-cf7afe4a8481" path="/var/lib/kubelet/pods/744c7151-a180-45c5-9e25-cf7afe4a8481/volumes"
2025-01-29 01:05:49,882 INFO c.h.h.t.HelmChartContainer - Namespace 'helmrestapiit' deleted
2025-01-29 01:05:49,883 INFO c.h.h.t.HelmChartContainer - Release 'test-hivemq-platform' in namespace 'helmrestapiit' is uninstalled
2025-01-29 01:05:49,883 INFO c.h.h.t.HelmChartContainer - Uninstalling release 'test-hivemq-platform-operator' in namespace 'helmrestapiit-operator'...
2025-01-29 01:05:49,883 DEBUG c.h.h.t.HelmChartContainer - Executing helm command: /bin/helm --kubeconfig /etc/rancher/k3s/k3s.yaml uninstall test-hivemq-platform-operator  --wait --timeout 5m0s --cascade foreground --namespace helmrestapiit-operator
2025-01-29 01:05:50,042 INFO c.h.h.t.HelmChartContainer - [K3S] [replica_set.go:679] "Finished syncing" kind="ReplicaSet" key="helmrestapiit-operator/hivemq-test-hivemq-platform-operator-6966f96d65" duration="13.396445ms"
2025-01-29 01:05:50,044 INFO c.h.h.t.HelmChartContainer - [K3S] [replica_set.go:679] "Finished syncing" kind="ReplicaSet" key="helmrestapiit-operator/hivemq-test-hivemq-platform-operator-6966f96d65" duration="38.953µs"
2025-01-29 01:05:50,054 INFO c.h.h.t.HelmChartContainer - [POD] hivemq-test-hivemq-platform-operator-6966f96d65-8vlv5 [ebd27301-b817-4c83-901b-01b51fe86244] in helmrestapiit-operator was MODIFIED
2025-01-29 01:05:50,066 INFO c.h.h.t.HelmChartContainer - [K3S] [replica_set.go:679] "Finished syncing" kind="ReplicaSet" key="helmrestapiit-operator/hivemq-test-hivemq-platform-operator-6966f96d65" duration="11.880719ms"
2025-01-29 01:05:50,067 INFO c.h.h.t.HelmChartContainer - [K3S] [replica_set.go:679] "Finished syncing" kind="ReplicaSet" key="helmrestapiit-operator/hivemq-test-hivemq-platform-operator-6966f96d65" duration="35.226µs"
2025-01-29 01:05:50,071 INFO c.h.h.t.HelmChartContainer - [hivemq-test-hivemq-platform] [hivemq-platform-operator] [ebd27301] 01:05:50.069 [application-shutdown-thread] INFO  c.h.p.o.HiveMQPlatformOperatorApplication - HiveMQ Platform Operator is stopping...
2025-01-29 01:05:50,071 INFO c.h.h.t.HelmChartContainer - [hivemq-test-hivemq-platform] [hivemq-platform-operator] [ebd27301] 01:05:50.069 [application-shutdown-thread] INFO  i.javaoperatorsdk.operator.Operator - Operator SDK 4.9.7 is shutting down...
2025-01-29 01:05:50,082 INFO c.h.h.t.HelmChartContainer - [EVENT] Normal [Killing] Stopping container hivemq-platform-operator [helmrestapiit-operator:hivemq-test-hivemq-platform-operator-6966f96d65-8vlv5]
2025-01-29 01:05:50,082 INFO c.h.h.t.HelmChartContainer - Received Killing event for container hivemq-platform-operator in pod hivemq-test-hivemq-platform-operator-6966f96d65-8vlv5 [ebd27301-b817-4c83-901b-01b51fe86244]
2025-01-29 01:05:50,082 INFO c.h.h.t.HelmChartContainer - Container [hivemq-test-hivemq-platform-operator-6966f96d65-8vlv5] [hivemq-platform-operator] [ebd27301-b817-4c83-901b-01b51fe86244] was terminated
2025-01-29 01:05:50,082 INFO c.h.h.t.HelmChartContainer - Stopped log watcher for hivemq-platform-operator in pod hivemq-test-hivemq-platform-operator-6966f96d65-8vlv5 [ebd27301-b817-4c83-901b-01b51fe86244]
2025-01-29 01:05:50,700 INFO c.h.h.t.HelmChartContainer - [K3S] [replica_set.go:679] "Finished syncing" kind="ReplicaSet" key="helmrestapiit-operator/hivemq-test-hivemq-platform-operator-6966f96d65" duration="44.292µs"
2025-01-29 01:05:50,701 INFO c.h.h.t.HelmChartContainer - [POD] hivemq-test-hivemq-platform-operator-6966f96d65-8vlv5 [ebd27301-b817-4c83-901b-01b51fe86244] in helmrestapiit-operator was MODIFIED
2025-01-29 01:05:50,783 INFO c.h.h.t.HelmChartContainer - [K3S] [scope.go:117] "RemoveContainer" containerID="93029d8cf0e0935c2398377aae2ba5aa88d5b82d7f049984d48d8f6bebbc1a1e"
2025-01-29 01:05:50,786 INFO c.h.h.t.HelmChartContainer - [K3S] [scope.go:117] "RemoveContainer" containerID="93029d8cf0e0935c2398377aae2ba5aa88d5b82d7f049984d48d8f6bebbc1a1e"
2025-01-29 01:05:50,842 INFO c.h.h.t.HelmChartContainer - [K3S] [reconciler_common.go:162] "operationExecutor.UnmountVolume started for volume \"kube-api-access-clhq2\" (UniqueName: \"kubernetes.io/projected/ebd27301-b817-4c83-901b-01b51fe86244-kube-api-access-clhq2\") pod \"ebd27301-b817-4c83-901b-01b51fe86244\" (UID: \"ebd27301-b817-4c83-901b-01b51fe86244\") "
2025-01-29 01:05:50,943 INFO c.h.h.t.HelmChartContainer - [K3S] [reconciler_common.go:299] "Volume detached for volume \"kube-api-access-clhq2\" (UniqueName: \"kubernetes.io/projected/ebd27301-b817-4c83-901b-01b51fe86244-kube-api-access-clhq2\") on node \"84044ab653e1\" DevicePath \"\""
2025-01-29 01:05:51,090 INFO c.h.h.t.HelmChartContainer - [K3S] [replica_set.go:679] "Finished syncing" kind="ReplicaSet" key="helmrestapiit-operator/hivemq-test-hivemq-platform-operator-6966f96d65" duration="51.085µs"
2025-01-29 01:05:51,091 INFO c.h.h.t.HelmChartContainer - [POD] hivemq-test-hivemq-platform-operator-6966f96d65-8vlv5 [ebd27301-b817-4c83-901b-01b51fe86244] in helmrestapiit-operator was MODIFIED
2025-01-29 01:05:51,093 INFO c.h.h.t.HelmChartContainer - [K3S] [replica_set.go:679] "Finished syncing" kind="ReplicaSet" key="helmrestapiit-operator/hivemq-test-hivemq-platform-operator-6966f96d65" duration="32.751µs"
2025-01-29 01:05:51,093 INFO c.h.h.t.HelmChartContainer - [POD] hivemq-test-hivemq-platform-operator-6966f96d65-8vlv5 [ebd27301-b817-4c83-901b-01b51fe86244] in helmrestapiit-operator was DELETED
2025-01-29 01:05:51,103 INFO c.h.h.t.HelmChartContainer - [K3S] [replica_set.go:679] "Finished syncing" kind="ReplicaSet" key="helmrestapiit-operator/hivemq-test-hivemq-platform-operator-6966f96d65" duration="3.707µs"
2025-01-29 01:05:52,084 INFO c.h.h.t.HelmChartContainer - Deleting namespace 'helmrestapiit-operator'...
2025-01-29 01:05:53,006 INFO c.h.h.t.HelmChartContainer - [K3S] [kubelet_volumes.go:163] "Cleaned up orphaned pod volumes dir" podUID="ebd27301-b817-4c83-901b-01b51fe86244" path="/var/lib/kubelet/pods/ebd27301-b817-4c83-901b-01b51fe86244/volumes"
2025-01-29 01:05:54,807 INFO c.h.h.t.HelmChartContainer - [K3S] [namespace_controller.go:187] "Namespace has been deleted" namespace="helmrestapiit"
2025-01-29 01:05:57,300 INFO c.h.h.t.HelmChartContainer - Namespace 'helmrestapiit-operator' deleted
2025-01-29 01:05:57,300 INFO c.h.h.t.HelmChartContainer - Release 'test-hivemq-platform-operator' in namespace 'helmrestapiit-operator' is uninstalled
2025-01-29 01:05:58,159 INFO c.h.helmcharts.AbstractHelmChartIT - Removed unused containers:

2025-01-29 01:06:02,207 INFO c.h.h.t.HelmChartContainer - [K3S] [namespace_controller.go:187] "Namespace has been deleted" namespace="helmrestapiit-operator"
2025-01-29 01:06:07,106 INFO c.h.helmcharts.AbstractHelmChartIT - Removed unused snapshots:
Removing snapshot sha256:03af251906410714c5aef9fa705b63f6bbc39c4a5e787de7361eeb18886c2ed2
Removing snapshot sha256:0c46b3b43cce082ce5ec34ffc6c294e0417d17b9d1e6f366d114b6aadc4f96dc
Removing snapshot sha256:0ce761beee59082d6ed5bcebd3a805b8ddd9b3426b617e4809e7fb7c6587ffec
Removing snapshot sha256:0df91287303208332c8ff6ba40ae4710105201739addbfbddfb955f1ad593664
Removing snapshot sha256:1021ef88c7974bfff89c5a0ec4fd3160daac6c48a075f74cff721f85dd104e68
Removing snapshot sha256:10aba4953ddc18145dd38e3704709bc464aa20af60b56fe52caaff4b68411e62
Removing snapshot sha256:1d5cf3e3eb812061f06c49abff02b68d81953942566ded85fcc9c1f47b13186a
Removing snapshot sha256:1ef074229acf8c310ebd1081eecc36ae268707a7e41278b34ca7a4237d6ec8d9
Removing snapshot sha256:2573e0d8158209ed54ab25c87bcdcb00bd3d2539246960a3d592a1c599d70465
Removing snapshot sha256:2944c0692f0b3f4c958b09e4bf315ac3616ed274898af04494fcd963a879bca5
Removing snapshot sha256:362a8a37f8bbc31925a8146adcf7cf51f9882f5c1dcbef67c5baa03a297543c0
Removing snapshot sha256:3fa4ad33f0ddc8fd45b39b6b4640f82a3a83619606cd975bfe89d8710ad2d4cd
Removing snapshot sha256:43a7c979bbaba6838bc3102d6b10a1459f3ab050b87ccdfef84ef90cf43d3058
Removing snapshot sha256:4ab04491cdf0d3267f08206fe30bd48f49f94b9cab2f016d6739220f722a64af
Removing snapshot sha256:4b6068250e89c96f263060261819c7d912855bfbd64b3eb4c4a8483299b8c295
Removing snapshot sha256:580e69a0a8034ede1921139bbd2bfb72a69ebf276d008281896c32dd8bf74775
Removing snapshot sha256:5a3228bf75a16fc5ec5b3d4ca301ab7ef2ca3bc2a3e8bf0a02733adfe43e5980
Removing snapshot sha256:5d30ba46b27fe37484567ccc5242cadc78217b8da605f3f195ef25cbf7487904
Removing snapshot sha256:63ca1fbb43ae5034640e5e6cb3e083e05c290072c5366fcaa9d62435a4cced85
Removing snapshot sha256:67f702c6baae873bceb19487c8b1f27bd2b86077e4f2f0e480e6d60ab508b8f5
Removing snapshot sha256:6864348dd42806d552efdec384f1274be15e2d0c10ce44c1f04347af004c10a9
Removing snapshot sha256:6c7dee8f2c39b84b7dc2711c01d33de93514d9055499173e9290176fbe484b6c
Removing snapshot sha256:82753493a6d61ded36556292f02f31841a14c20d2f279f19eaad65afb661d5cd
Removing snapshot sha256:8a10d3db42c505ee0fcfa98417bdd7e39b304f6bcc0a06bb1b220797ff2cc63c
Removing snapshot sha256:8bd9d778dd3aef4d3b4c77ee426be03092ca88acfd9bcf279d0631dd96d6df44
Removing snapshot sha256:8eed3c0b435850e9a00be0139a9a847ca108037e5fa832424a4e194c78ba59c4
Removing snapshot sha256:9b6f048201798a9c57b6316cb427a1e0aeb399d74aa15ca9e1519e77e2a2269e
Removing snapshot sha256:a0904247e36a7726c03c71ee48f3e64462021c88dafeb13f37fdaf613b27f11c
Removing snapshot sha256:a21e5b12dbac529ad45d976eb9ce45c881f3bedcc500fb30aba1e52aa1813418
Removing snapshot sha256:ab252baf4e5de5aaea9ee70236e159dbf16fd0a2394f5e27a579881aadfd4f49
Removing snapshot sha256:b921e6c28969094157f9b8e7244677780319637afd14450b7cb6b2fdea558a0c
Removing snapshot sha256:bc27ecb5769a00e309cf99ebc763c4a4b958b618d1decc96ffac5bc05f02f5b7
Removing snapshot sha256:be3ccb6627a5332e309d45ef461d09b4879dd870c7394d89323d0ebc6ca6aa8a
Removing snapshot sha256:c0c5b7491e705290b7ad3cce5c420f88ca1c74090e2726894a1baef025c52f43
Removing snapshot sha256:c261f7cbbc64211ee175ee47273acdb7b1a36a4450b397a064a8f2c026490095
Removing snapshot sha256:c34d9393647eea0c9e3557ab988efaf59f61d10a2a5613b439ef0958cca5ec10
Removing snapshot sha256:c4d5383ee8eaca294a64b01d37df59eac0a3e2a9779e67c450767218d0c4b36a
Removing snapshot sha256:ccf3c4a0fa967a41c1c83497a2ce6fa5787965859df0adb32c4ca2cf7490bc2b
Removing snapshot sha256:cf92d33f869417309692088c341cd0f223c178ea78a125f757317b22aa8f90e9
Removing snapshot sha256:d0037344cf2fb078884f1849f6a1f8cf9a33a3b6139b6a85833e5ee528e1f9a8
Removing snapshot sha256:d3b36d5b79273b1e98e7700470eaeff05a882e777124d84cebcc1505b85ecb36
Removing snapshot sha256:d65a44a37914602d12c611e5e22a50f11451d847e63015cc1c2aef92dee777a4
Removing snapshot sha256:d933c5f7d93a7a4196b76b559685f889b7b388041ac839bb7e19f6495750c4ef
Removing snapshot sha256:e2dc0bae2455930f23ae570e019b7f32edc75c0f2d71cab084db837ff9051796
Removing snapshot sha256:e31519795c7e3df686c447a21ec8d2eb301388a5e39ccf7f20a25c6f6ce3a522
Removing snapshot sha256:e4f954326774f256e539cb77d7b760593e89bbc63ca7a5ee0814ba1906135a09
Removing snapshot sha256:e7bf9ad2b636e158c7e312a883499ea522777081618c5a8ae24e3b7274db2314
Removing snapshot sha256:e9e86ed11d9bebc0707dd6f1166c51237ebb44f98657241f943261b2675a5449
Removing snapshot sha256:eabc2b3c5c963907b3f557933a60ab243515007cd7c28ba909692f5627b3bd32
Removing snapshot sha256:ecbf3b59a2be12efa647dc6cafe74dc73897de364be1037d9f880482d1ce011f
Removing snapshot sha256:eccbd24a99c60cd9e86ee5305dbfc4a4dc89f5ab4fb1f06c8d64797cecedef34
Removing snapshot sha256:edd1404c718ab99ca3456bdf222065033800bb67d4334a9642746685a24394cd
Removing snapshot sha256:f144bb4c7c7f0d2aa7eeffd36d934ec40db1ee167be727e326aad9fdc616f475
Removing snapshot sha256:ff3d1afd12e9b5642bc649cf82e7302d95c47a7a41fdfb3f34b284058e6b2790

2025-01-29 01:06:07,106 WARN c.h.helmcharts.AbstractHelmChartIT - Error during removal of snapshots:
ctr: failed to remove "sha256:03af251906410714c5aef9fa705b63f6bbc39c4a5e787de7361eeb18886c2ed2": cannot remove snapshot with child: failed precondition
ctr: failed to remove "sha256:0c46b3b43cce082ce5ec34ffc6c294e0417d17b9d1e6f366d114b6aadc4f96dc": cannot remove snapshot with child: failed precondition
ctr: failed to remove "sha256:0ce761beee59082d6ed5bcebd3a805b8ddd9b3426b617e4809e7fb7c6587ffec": cannot remove snapshot with child: failed precondition
ctr: failed to remove "sha256:0df91287303208332c8ff6ba40ae4710105201739addbfbddfb955f1ad593664": cannot remove snapshot with child: failed precondition
ctr: failed to remove "sha256:1021ef88c7974bfff89c5a0ec4fd3160daac6c48a075f74cff721f85dd104e68": cannot remove snapshot with child: failed precondition
ctr: failed to remove "sha256:10aba4953ddc18145dd38e3704709bc464aa20af60b56fe52caaff4b68411e62": cannot remove snapshot with child: failed precondition
ctr: failed to remove "sha256:1d5cf3e3eb812061f06c49abff02b68d81953942566ded85fcc9c1f47b13186a": cannot remove snapshot with child: failed precondition
ctr: failed to remove "sha256:2573e0d8158209ed54ab25c87bcdcb00bd3d2539246960a3d592a1c599d70465": cannot remove snapshot with child: failed precondition
ctr: failed to remove "sha256:2944c0692f0b3f4c958b09e4bf315ac3616ed274898af04494fcd963a879bca5": cannot remove snapshot with child: failed precondition
ctr: failed to remove "sha256:362a8a37f8bbc31925a8146adcf7cf51f9882f5c1dcbef67c5baa03a297543c0": cannot remove snapshot with child: failed precondition
ctr: failed to remove "sha256:3fa4ad33f0ddc8fd45b39b6b4640f82a3a83619606cd975bfe89d8710ad2d4cd": cannot remove snapshot with child: failed precondition
ctr: failed to remove "sha256:43a7c979bbaba6838bc3102d6b10a1459f3ab050b87ccdfef84ef90cf43d3058": cannot remove snapshot with child: failed precondition
ctr: failed to remove "sha256:4ab04491cdf0d3267f08206fe30bd48f49f94b9cab2f016d6739220f722a64af": cannot remove snapshot with child: failed precondition
ctr: failed to remove "sha256:4b6068250e89c96f263060261819c7d912855bfbd64b3eb4c4a8483299b8c295": cannot remove snapshot with child: failed precondition
ctr: failed to remove "sha256:580e69a0a8034ede1921139bbd2bfb72a69ebf276d008281896c32dd8bf74775": cannot remove snapshot with child: failed precondition
ctr: failed to remove "sha256:5a3228bf75a16fc5ec5b3d4ca301ab7ef2ca3bc2a3e8bf0a02733adfe43e5980": cannot remove snapshot with child: failed precondition
ctr: failed to remove "sha256:5d30ba46b27fe37484567ccc5242cadc78217b8da605f3f195ef25cbf7487904": cannot remove snapshot with child: failed precondition
ctr: failed to remove "sha256:63ca1fbb43ae5034640e5e6cb3e083e05c290072c5366fcaa9d62435a4cced85": cannot remove snapshot with child: failed precondition
ctr: failed to remove "sha256:67f702c6baae873bceb19487c8b1f27bd2b86077e4f2f0e480e6d60ab508b8f5": cannot remove snapshot with child: failed precondition
ctr: failed to remove "sha256:6864348dd42806d552efdec384f1274be15e2d0c10ce44c1f04347af004c10a9": cannot remove snapshot with child: failed precondition
ctr: failed to remove "sha256:6c7dee8f2c39b84b7dc2711c01d33de93514d9055499173e9290176fbe484b6c": cannot remove snapshot with child: failed precondition
ctr: failed to remove "sha256:82753493a6d61ded36556292f02f31841a14c20d2f279f19eaad65afb661d5cd": cannot remove snapshot with child: failed precondition
ctr: failed to remove "sha256:8a10d3db42c505ee0fcfa98417bdd7e39b304f6bcc0a06bb1b220797ff2cc63c": cannot remove snapshot with child: failed precondition
ctr: failed to remove "sha256:8bd9d778dd3aef4d3b4c77ee426be03092ca88acfd9bcf279d0631dd96d6df44": cannot remove snapshot with child: failed precondition
ctr: failed to remove "sha256:8eed3c0b435850e9a00be0139a9a847ca108037e5fa832424a4e194c78ba59c4": cannot remove snapshot with child: failed precondition
ctr: failed to remove "sha256:9b6f048201798a9c57b6316cb427a1e0aeb399d74aa15ca9e1519e77e2a2269e": cannot remove snapshot with child: failed precondition
ctr: failed to remove "sha256:a0904247e36a7726c03c71ee48f3e64462021c88dafeb13f37fdaf613b27f11c": cannot remove snapshot with child: failed precondition
ctr: failed to remove "sha256:a21e5b12dbac529ad45d976eb9ce45c881f3bedcc500fb30aba1e52aa1813418": cannot remove snapshot with child: failed precondition
ctr: failed to remove "sha256:ab252baf4e5de5aaea9ee70236e159dbf16fd0a2394f5e27a579881aadfd4f49": cannot remove snapshot with child: failed precondition
ctr: failed to remove "sha256:b921e6c28969094157f9b8e7244677780319637afd14450b7cb6b2fdea558a0c": cannot remove snapshot with child: failed precondition
ctr: failed to remove "sha256:bc27ecb5769a00e309cf99ebc763c4a4b958b618d1decc96ffac5bc05f02f5b7": cannot remove snapshot with child: failed precondition
ctr: failed to remove "sha256:be3ccb6627a5332e309d45ef461d09b4879dd870c7394d89323d0ebc6ca6aa8a": cannot remove snapshot with child: failed precondition
ctr: failed to remove "sha256:c0c5b7491e705290b7ad3cce5c420f88ca1c74090e2726894a1baef025c52f43": cannot remove snapshot with child: failed precondition
ctr: failed to remove "sha256:c261f7cbbc64211ee175ee47273acdb7b1a36a4450b397a064a8f2c026490095": cannot remove snapshot with child: failed precondition
ctr: failed to remove "sha256:c34d9393647eea0c9e3557ab988efaf59f61d10a2a5613b439ef0958cca5ec10": cannot remove snapshot with child: failed precondition
ctr: failed to remove "sha256:c4d5383ee8eaca294a64b01d37df59eac0a3e2a9779e67c450767218d0c4b36a": cannot remove snapshot with child: failed precondition
ctr: failed to remove "sha256:ccf3c4a0fa967a41c1c83497a2ce6fa5787965859df0adb32c4ca2cf7490bc2b": cannot remove snapshot with child: failed precondition
ctr: failed to remove "sha256:cf92d33f869417309692088c341cd0f223c178ea78a125f757317b22aa8f90e9": cannot remove snapshot with child: failed precondition
ctr: failed to remove "sha256:d0037344cf2fb078884f1849f6a1f8cf9a33a3b6139b6a85833e5ee528e1f9a8": cannot remove snapshot with child: failed precondition
ctr: failed to remove "sha256:d3b36d5b79273b1e98e7700470eaeff05a882e777124d84cebcc1505b85ecb36": cannot remove snapshot with child: failed precondition
ctr: failed to remove "sha256:d65a44a37914602d12c611e5e22a50f11451d847e63015cc1c2aef92dee777a4": cannot remove snapshot with child: failed precondition
ctr: failed to remove "sha256:d933c5f7d93a7a4196b76b559685f889b7b388041ac839bb7e19f6495750c4ef": cannot remove snapshot with child: failed precondition
ctr: failed to remove "sha256:e2dc0bae2455930f23ae570e019b7f32edc75c0f2d71cab084db837ff9051796": cannot remove snapshot with child: failed precondition
ctr: failed to remove "sha256:e31519795c7e3df686c447a21ec8d2eb301388a5e39ccf7f20a25c6f6ce3a522": cannot remove snapshot with child: failed precondition
ctr: failed to remove "sha256:e4f954326774f256e539cb77d7b760593e89bbc63ca7a5ee0814ba1906135a09": cannot remove snapshot with child: failed precondition
ctr: failed to remove "sha256:e7bf9ad2b636e158c7e312a883499ea522777081618c5a8ae24e3b7274db2314": cannot remove snapshot with child: failed precondition
ctr: failed to remove "sha256:e9e86ed11d9bebc0707dd6f1166c51237ebb44f98657241f943261b2675a5449": cannot remove snapshot with child: failed precondition
ctr: failed to remove "sha256:eabc2b3c5c963907b3f557933a60ab243515007cd7c28ba909692f5627b3bd32": cannot remove snapshot with child: failed precondition
ctr: failed to remove "sha256:ecbf3b59a2be12efa647dc6cafe74dc73897de364be1037d9f880482d1ce011f": cannot remove snapshot with child: failed precondition
ctr: failed to remove "sha256:eccbd24a99c60cd9e86ee5305dbfc4a4dc89f5ab4fb1f06c8d64797cecedef34": cannot remove snapshot with child: failed precondition
ctr: failed to remove "sha256:edd1404c718ab99ca3456bdf222065033800bb67d4334a9642746685a24394cd": cannot remove snapshot with child: failed precondition
ctr: failed to remove "sha256:f144bb4c7c7f0d2aa7eeffd36d934ec40db1ee167be727e326aad9fdc616f475": cannot remove snapshot with child: failed precondition
ctr: failed to remove "sha256:ff3d1afd12e9b5642bc649cf82e7302d95c47a7a41fdfb3f34b284058e6b2790": cannot remove snapshot with child: failed precondition

]]></system-out>
  </testcase>
  <system-out><![CDATA[2025-01-29 01:01:05,868 INFO c.h.h.t.HelmChartContainerExtension - Using cached HelmChartContainer instance
]]></system-out>
  <system-err><![CDATA[]]></system-err>
</testsuite>
