<?xml version="1.0" encoding="UTF-8"?>
<testsuite name="com.hivemq.helmcharts.services.CustomClusterDomainNameIT" tests="1" skipped="0" failures="0" errors="0" timestamp="2025-07-31T16:08:56" hostname="pkrvmjbmru5nbw0" time="89.943">
  <properties/>
  <testcase name="whenK8sHasCustomClusterDomainName_thenServicesAreRunning()" classname="com.hivemq.helmcharts.services.CustomClusterDomainNameIT" time="89.943"/>
</testsuite>
