<?xml version="1.0" encoding="UTF-8"?>
<testsuite name="com.hivemq.helmcharts.operator.CustomOperatorSelectorsIT" tests="1" skipped="0" failures="0" errors="0" timestamp="2025-01-28T21:18:59" hostname="fv-az1390-875" time="110.654">
  <properties/>
  <testcase name="whenOperatorSelectorIsConfigured_thenOnlyMatchingCustomResourcesAreReconciled()" classname="com.hivemq.helmcharts.operator.CustomOperatorSelectorsIT" time="110.654">
    <system-out><![CDATA[2025-01-28 21:18:59,318 INFO c.h.h.t.HelmChartContainer - Creating namespace 'customoperatorselectorsit-operator'...
2025-01-28 21:18:59,325 INFO c.h.h.t.HelmChartContainer - Namespace 'customoperatorselectorsit-operator' created
2025-01-28 21:18:59,325 INFO c.h.h.t.HelmChartContainer - Creating namespace 'customoperatorselectorsit'...
2025-01-28 21:18:59,334 INFO c.h.h.t.HelmChartContainer - Namespace 'customoperatorselectorsit' created
2025-01-28 21:18:59,417 DEBUG c.h.h.t.HelmChartContainer - Executing helm command: /bin/helm --kubeconfig /etc/rancher/k3s/k3s.yaml install test-hivemq-platform-operator /charts/hivemq-platform-operator --wait --timeout 5m0s --set image.repository=docker.io/hivemq --set image.name=hivemq-platform-operator-test --set image.initImageName=hivemq-platform-operator-init-test --set image.tag=snapshot --set image.pullPolicy=Never --set logLevel=DEBUG --set resources.cpu=512m --set selectors=group=alpha\,tier!=one --namespace customoperatorselectorsit-operator
2025-01-28 21:18:59,795 INFO c.h.h.t.HelmChartContainer - [K3S] [alloc.go:330] "allocated clusterIPs" service="customoperatorselectorsit-operator/hivemq-platform-operator-test-hivemq-platform-operator" clusterIPs={"IPv4":"10.43.3.240"}
2025-01-28 21:18:59,810 INFO c.h.h.t.HelmChartContainer - [EVENT] Normal [ScalingReplicaSet] Scaled up replica set hivemq-test-hivemq-platform-operator-7bd74f84c from 0 to 1 [customoperatorselectorsit-operator:hivemq-test-hivemq-platform-operator]
2025-01-28 21:18:59,821 INFO c.h.h.t.HelmChartContainer - [POD] hivemq-test-hivemq-platform-operator-7bd74f84c-6vz9r [9a2b71d5-8456-4b53-a05f-524eb7754911] in customoperatorselectorsit-operator was ADDED
2025-01-28 21:18:59,827 INFO c.h.h.t.HelmChartContainer - [EVENT] Normal [SuccessfulCreate] Created pod: hivemq-test-hivemq-platform-operator-7bd74f84c-6vz9r [customoperatorselectorsit-operator:hivemq-test-hivemq-platform-operator-7bd74f84c]
2025-01-28 21:18:59,829 INFO c.h.h.t.HelmChartContainer - [K3S] [memory_manager.go:355] "RemoveStaleState removing state" podUID="13b29a26-663a-4713-a7eb-7388e962117b" containerName="hivemq-platform-operator"
2025-01-28 21:18:59,829 INFO c.h.h.t.HelmChartContainer - [K3S] [memory_manager.go:355] "RemoveStaleState removing state" podUID="dcd43d5b-9d45-4ed9-b6a1-079fd7a5cdf3" containerName="hivemq"
2025-01-28 21:18:59,830 INFO c.h.h.t.HelmChartContainer - [K3S] [replica_set.go:679] "Finished syncing" kind="ReplicaSet" key="customoperatorselectorsit-operator/hivemq-test-hivemq-platform-operator-7bd74f84c" duration="25.395494ms"
2025-01-28 21:18:59,832 INFO c.h.h.t.HelmChartContainer - [POD] hivemq-test-hivemq-platform-operator-7bd74f84c-6vz9r [9a2b71d5-8456-4b53-a05f-524eb7754911] in customoperatorselectorsit-operator was MODIFIED
2025-01-28 21:18:59,839 INFO c.h.h.t.HelmChartContainer - [EVENT] Normal [Scheduled] Successfully assigned customoperatorselectorsit-operator/hivemq-test-hivemq-platform-operator-7bd74f84c-6vz9r to 94bfcb4ca54d [customoperatorselectorsit-operator:hivemq-test-hivemq-platform-operator-7bd74f84c-6vz9r]
2025-01-28 21:18:59,845 INFO c.h.h.t.HelmChartContainer - [POD] hivemq-test-hivemq-platform-operator-7bd74f84c-6vz9r [9a2b71d5-8456-4b53-a05f-524eb7754911] in customoperatorselectorsit-operator was MODIFIED
2025-01-28 21:18:59,855 INFO c.h.h.t.HelmChartContainer - [K3S] [replica_set.go:679] "Finished syncing" kind="ReplicaSet" key="customoperatorselectorsit-operator/hivemq-test-hivemq-platform-operator-7bd74f84c" duration="20.916762ms"
2025-01-28 21:18:59,863 INFO c.h.h.t.HelmChartContainer - [K3S] [replica_set.go:679] "Finished syncing" kind="ReplicaSet" key="customoperatorselectorsit-operator/hivemq-test-hivemq-platform-operator-7bd74f84c" duration="11.221287ms"
2025-01-28 21:18:59,863 INFO c.h.h.t.HelmChartContainer - [K3S] [replica_set.go:679] "Finished syncing" kind="ReplicaSet" key="customoperatorselectorsit-operator/hivemq-test-hivemq-platform-operator-7bd74f84c" duration="50.284µs"
2025-01-28 21:18:59,940 INFO c.h.h.t.HelmChartContainer - [K3S] [reconciler_common.go:251] "operationExecutor.VerifyControllerAttachedVolume started for volume \"kube-api-access-hlns5\" (UniqueName: \"kubernetes.io/projected/9a2b71d5-8456-4b53-a05f-524eb7754911-kube-api-access-hlns5\") pod \"hivemq-test-hivemq-platform-operator-7bd74f84c-6vz9r\" (UID: \"9a2b71d5-8456-4b53-a05f-524eb7754911\") " pod="customoperatorselectorsit-operator/hivemq-test-hivemq-platform-operator-7bd74f84c-6vz9r"
2025-01-28 21:19:00,219 INFO c.h.h.t.HelmChartContainer - [EVENT] Normal [Pulled] Container image "docker.io/hivemq/hivemq-platform-operator-test:snapshot" already present on machine [customoperatorselectorsit-operator:hivemq-test-hivemq-platform-operator-7bd74f84c-6vz9r]
2025-01-28 21:19:00,219 INFO c.h.h.t.HelmChartContainer - Received Pulled event for container hivemq-platform-operator in pod hivemq-test-hivemq-platform-operator-7bd74f84c-6vz9r [9a2b71d5-8456-4b53-a05f-524eb7754911]
2025-01-28 21:19:01,479 INFO c.h.h.t.HelmChartContainer - [EVENT] Normal [Created] Created container: hivemq-platform-operator [customoperatorselectorsit-operator:hivemq-test-hivemq-platform-operator-7bd74f84c-6vz9r]
2025-01-28 21:19:01,479 INFO c.h.h.t.HelmChartContainer - Received Created event for container hivemq-platform-operator in pod hivemq-test-hivemq-platform-operator-7bd74f84c-6vz9r [9a2b71d5-8456-4b53-a05f-524eb7754911]
2025-01-28 21:19:02,495 INFO c.h.h.t.HelmChartContainer - [K3S] [replica_set.go:679] "Finished syncing" kind="ReplicaSet" key="customoperatorselectorsit-operator/hivemq-test-hivemq-platform-operator-7bd74f84c" duration="41.267µs"
2025-01-28 21:19:02,498 INFO c.h.h.t.HelmChartContainer - [POD] hivemq-test-hivemq-platform-operator-7bd74f84c-6vz9r [9a2b71d5-8456-4b53-a05f-524eb7754911] in customoperatorselectorsit-operator was MODIFIED
2025-01-28 21:19:02,513 INFO c.h.h.t.HelmChartContainer - Started log watcher for hivemq-platform-operator in pod hivemq-test-hivemq-platform-operator-7bd74f84c-6vz9r [9a2b71d5-8456-4b53-a05f-524eb7754911]
2025-01-28 21:19:02,513 INFO c.h.h.t.HelmChartContainer - [EVENT] Normal [Started] Started container hivemq-platform-operator [customoperatorselectorsit-operator:hivemq-test-hivemq-platform-operator-7bd74f84c-6vz9r]
2025-01-28 21:19:02,514 INFO c.h.h.t.HelmChartContainer - Received Started event for container hivemq-platform-operator in pod hivemq-test-hivemq-platform-operator-7bd74f84c-6vz9r [9a2b71d5-8456-4b53-a05f-524eb7754911]
2025-01-28 21:19:02,514 INFO c.h.h.t.HelmChartContainer - [hivemq-test-hivemq-platform] [hivemq-platform-operator] [9a2b71d5] -------------------------------------------------------------------------
2025-01-28 21:19:02,514 INFO c.h.h.t.HelmChartContainer - [hivemq-test-hivemq-platform] [hivemq-platform-operator] [9a2b71d5] 
2025-01-28 21:19:02,514 INFO c.h.h.t.HelmChartContainer - [hivemq-test-hivemq-platform] [hivemq-platform-operator] [9a2b71d5]                   _    _  _              __  __   ____
2025-01-28 21:19:02,515 INFO c.h.h.t.HelmChartContainer - [hivemq-test-hivemq-platform] [hivemq-platform-operator] [9a2b71d5]                  | |  | |(_)            |  \/  | / __ \
2025-01-28 21:19:02,515 INFO c.h.h.t.HelmChartContainer - [hivemq-test-hivemq-platform] [hivemq-platform-operator] [9a2b71d5]                  | |__| | _ __   __ ___ | \  / || |  | |
2025-01-28 21:19:02,516 INFO c.h.h.t.HelmChartContainer - [hivemq-test-hivemq-platform] [hivemq-platform-operator] [9a2b71d5]                  |  __  || |\ \ / // _ \| |\/| || |  | |
2025-01-28 21:19:02,516 INFO c.h.h.t.HelmChartContainer - [hivemq-test-hivemq-platform] [hivemq-platform-operator] [9a2b71d5]                  | |  | || | \ V /|  __/| |  | || |__| |
2025-01-28 21:19:02,517 INFO c.h.h.t.HelmChartContainer - [hivemq-test-hivemq-platform] [hivemq-platform-operator] [9a2b71d5]                  |_|  |_||_|  \_/  \___||_|  |_| \___\_\
2025-01-28 21:19:02,517 INFO c.h.h.t.HelmChartContainer - [hivemq-test-hivemq-platform] [hivemq-platform-operator] [9a2b71d5] 
2025-01-28 21:19:02,517 INFO c.h.h.t.HelmChartContainer - [hivemq-test-hivemq-platform] [hivemq-platform-operator] [9a2b71d5] -------------------------------------------------------------------------
2025-01-28 21:19:02,517 INFO c.h.h.t.HelmChartContainer - [hivemq-test-hivemq-platform] [hivemq-platform-operator] [9a2b71d5] 
2025-01-28 21:19:02,517 INFO c.h.h.t.HelmChartContainer - [hivemq-test-hivemq-platform] [hivemq-platform-operator] [9a2b71d5]   HiveMQ Platform Operator Start Script v1.0
2025-01-28 21:19:02,517 INFO c.h.h.t.HelmChartContainer - [hivemq-test-hivemq-platform] [hivemq-platform-operator] [9a2b71d5] 
2025-01-28 21:19:02,517 INFO c.h.h.t.HelmChartContainer - [hivemq-test-hivemq-platform] [hivemq-platform-operator] [9a2b71d5] -------------------------------------------------------------------------
2025-01-28 21:19:02,517 INFO c.h.h.t.HelmChartContainer - [hivemq-test-hivemq-platform] [hivemq-platform-operator] [9a2b71d5] 
2025-01-28 21:19:02,517 INFO c.h.h.t.HelmChartContainer - [hivemq-test-hivemq-platform] [hivemq-platform-operator] [9a2b71d5]   JAVA_OPTS: -XX:+UnlockExperimentalVMOptions -XX:InitialRAMPercentage=75 -XX:MaxRAMPercentage=75 -Duser.language=en -Duser.region=US
2025-01-28 21:19:02,517 INFO c.h.h.t.HelmChartContainer - [hivemq-test-hivemq-platform] [hivemq-platform-operator] [9a2b71d5] 
2025-01-28 21:19:02,517 INFO c.h.h.t.HelmChartContainer - [hivemq-test-hivemq-platform] [hivemq-platform-operator] [9a2b71d5]   JAVA_VERSION: 21
2025-01-28 21:19:02,517 INFO c.h.h.t.HelmChartContainer - [hivemq-test-hivemq-platform] [hivemq-platform-operator] [9a2b71d5] 
2025-01-28 21:19:02,517 INFO c.h.h.t.HelmChartContainer - [hivemq-test-hivemq-platform] [hivemq-platform-operator] [9a2b71d5] -------------------------------------------------------------------------
2025-01-28 21:19:02,517 INFO c.h.h.t.HelmChartContainer - [hivemq-test-hivemq-platform] [hivemq-platform-operator] [9a2b71d5] 
2025-01-28 21:19:04,806 INFO c.h.h.t.HelmChartContainer - [hivemq-test-hivemq-platform] [hivemq-platform-operator] [9a2b71d5] 21:19:04.804 [main] DEBUG org.jboss.logging - Logging Provider: org.jboss.logging.Slf4jLoggerProvider
2025-01-28 21:19:04,910 INFO c.h.h.t.HelmChartContainer - [hivemq-test-hivemq-platform] [hivemq-platform-operator] [9a2b71d5] 21:19:04.909 [main] DEBUG io.smallrye.config - SRCFG01006: Loaded ConfigSource SysPropConfigSource with ordinal 400
2025-01-28 21:19:04,910 INFO c.h.h.t.HelmChartContainer - [hivemq-test-hivemq-platform] [hivemq-platform-operator] [9a2b71d5] 21:19:04.909 [main] DEBUG io.smallrye.config - SRCFG01006: Loaded ConfigSource EnvConfigSource with ordinal 300
2025-01-28 21:19:04,910 INFO c.h.h.t.HelmChartContainer - [hivemq-test-hivemq-platform] [hivemq-platform-operator] [9a2b71d5] 21:19:04.909 [main] DEBUG io.smallrye.config - SRCFG01006: Loaded ConfigSource PropertiesConfigSource[source=jar:file:///opt/hivemq-platform-operator/bin/hivemq-platform-operator.jar!/hivemq-platform-operator.properties] with ordinal 100
2025-01-28 21:19:04,910 INFO c.h.h.t.HelmChartContainer - [hivemq-test-hivemq-platform] [hivemq-platform-operator] [9a2b71d5] 21:19:04.909 [main] DEBUG io.smallrye.config - SRCFG01006: Loaded ConfigSource DefaultValuesConfigSource with ordinal -2147483648
2025-01-28 21:19:05,019 INFO c.h.h.t.HelmChartContainer - [hivemq-test-hivemq-platform] [hivemq-platform-operator] [9a2b71d5] 21:19:05.018 [main] DEBUG i.m.c.u.i.l.InternalLoggerFactory - Using SLF4J as the default logging framework
2025-01-28 21:19:05,205 INFO c.h.h.t.HelmChartContainer - [hivemq-test-hivemq-platform] [hivemq-platform-operator] [9a2b71d5] 21:19:05.147 [main] INFO  c.h.p.o.HiveMQPlatformOperatorApplication - HiveMQ Platform Operator 1.7.0-SNAPSHOT (commit: bebf408 on branch: HEAD) built on Sun Jan 26 20:47:47 UTC 2025
2025-01-28 21:19:05,205 INFO c.h.h.t.HelmChartContainer - [hivemq-test-hivemq-platform] [hivemq-platform-operator] [9a2b71d5] 21:19:05.202 [main] INFO  c.h.p.o.HiveMQPlatformOperatorApplication - HiveMQ Platform Operator is running in namespace: customoperatorselectorsit-operator
2025-01-28 21:19:05,205 INFO c.h.h.t.HelmChartContainer - [hivemq-test-hivemq-platform] [hivemq-platform-operator] [9a2b71d5] 21:19:05.202 [main] INFO  c.h.p.o.HiveMQPlatformOperatorApplication - Watching all namespaces
2025-01-28 21:19:05,205 INFO c.h.h.t.HelmChartContainer - [hivemq-test-hivemq-platform] [hivemq-platform-operator] [9a2b71d5] 21:19:05.202 [main] INFO  c.h.p.o.HiveMQPlatformOperatorApplication - Label selector for HiveMQPlatform resources: group=alpha,tier!=one
2025-01-28 21:19:05,205 INFO c.h.h.t.HelmChartContainer - [hivemq-test-hivemq-platform] [hivemq-platform-operator] [9a2b71d5] 21:19:05.202 [main] INFO  c.h.p.o.HiveMQPlatformOperatorApplication - Log level: DEBUG
2025-01-28 21:19:05,205 INFO c.h.h.t.HelmChartContainer - [hivemq-test-hivemq-platform] [hivemq-platform-operator] [9a2b71d5] 21:19:05.202 [main] INFO  c.h.p.o.HiveMQPlatformOperatorApplication - Release name: test-hivemq-platform-operator
2025-01-28 21:19:05,205 INFO c.h.h.t.HelmChartContainer - [hivemq-test-hivemq-platform] [hivemq-platform-operator] [9a2b71d5] 21:19:05.202 [main] INFO  c.h.p.o.HiveMQPlatformOperatorApplication - HiveMQ Platform Operator Init image: docker.io/hivemq/hivemq-platform-operator-init-test:snapshot
2025-01-28 21:19:05,205 INFO c.h.h.t.HelmChartContainer - [hivemq-test-hivemq-platform] [hivemq-platform-operator] [9a2b71d5] 21:19:05.202 [main] INFO  c.h.p.o.HiveMQPlatformOperatorApplication - HiveMQ Platform Operator Init App update URL: http://hivemq-platform-operator-test-hivemq-platform-operator.customoperatorselectorsit-operator.svc:8080/initAppUpdate/hivemq-platform-operator-init-app-1.7.0-SNAPSHOT.jar
2025-01-28 21:19:05,206 INFO c.h.h.t.HelmChartContainer - [hivemq-test-hivemq-platform] [hivemq-platform-operator] [9a2b71d5] 21:19:05.202 [main] INFO  c.h.p.o.HiveMQPlatformOperatorApplication - Additional imagePullSecret for all Platform deployments: none
2025-01-28 21:19:05,206 INFO c.h.h.t.HelmChartContainer - [hivemq-test-hivemq-platform] [hivemq-platform-operator] [9a2b71d5] 21:19:05.202 [main] INFO  c.h.p.o.HiveMQPlatformOperatorApplication - Apply HiveMQ Platform CRD: true
2025-01-28 21:19:05,206 INFO c.h.h.t.HelmChartContainer - [hivemq-test-hivemq-platform] [hivemq-platform-operator] [9a2b71d5] 21:19:05.202 [main] INFO  c.h.p.o.HiveMQPlatformOperatorApplication - Create Platform ServiceAccount: true
2025-01-28 21:19:05,206 INFO c.h.h.t.HelmChartContainer - [hivemq-test-hivemq-platform] [hivemq-platform-operator] [9a2b71d5] 21:19:05.202 [main] INFO  c.h.p.o.HiveMQPlatformOperatorApplication - Create Platform ServiceAccount permissions: true
2025-01-28 21:19:05,206 INFO c.h.h.t.HelmChartContainer - [hivemq-test-hivemq-platform] [hivemq-platform-operator] [9a2b71d5] 21:19:05.202 [main] INFO  c.h.p.o.HiveMQPlatformOperatorApplication - Validate Platform ServiceAccount: true
2025-01-28 21:19:05,206 INFO c.h.h.t.HelmChartContainer - [hivemq-test-hivemq-platform] [hivemq-platform-operator] [9a2b71d5] 21:19:05.202 [main] INFO  c.h.p.o.HiveMQPlatformOperatorApplication - Validate Platform ServiceAccount permissions: true
2025-01-28 21:19:05,401 INFO c.h.h.t.HelmChartContainer - [hivemq-test-hivemq-platform] [hivemq-platform-operator] [9a2b71d5] 21:19:05.399 [main] INFO  c.h.platform.operator.util.CRDUtil - Verifying deployed HiveMQ Platform CRD...
2025-01-28 21:19:07,901 INFO c.h.h.t.HelmChartContainer - [hivemq-test-hivemq-platform] [hivemq-platform-operator] [9a2b71d5] 21:19:07.899 [main] DEBUG c.h.platform.operator.util.CRDUtil - HiveMQ Platform CRD version v1 is up to date
2025-01-28 21:19:07,901 INFO c.h.h.t.HelmChartContainer - [hivemq-test-hivemq-platform] [hivemq-platform-operator] [9a2b71d5] 21:19:07.899 [main] INFO  c.h.platform.operator.util.CRDUtil - HiveMQ Platform CRD is up to date (version: V1_6_0)
2025-01-28 21:19:07,901 INFO c.h.h.t.HelmChartContainer - [hivemq-test-hivemq-platform] [hivemq-platform-operator] [9a2b71d5] 21:19:07.899 [main] INFO  c.h.platform.operator.util.CRDUtil - Waiting 10000 ms for HiveMQ Platform CRD 'hivemq-platforms.hivemq.com' to become ready...
2025-01-28 21:19:08,210 INFO c.h.h.t.HelmChartContainer - [hivemq-test-hivemq-platform] [hivemq-platform-operator] [9a2b71d5] 21:19:08.208 [vert.x-eventloop-thread-1] DEBUG c.h.platform.operator.util.CRDUtil - Checking CRD condition 'NamesAccepted' (status: 'True')
2025-01-28 21:19:08,211 INFO c.h.h.t.HelmChartContainer - [hivemq-test-hivemq-platform] [hivemq-platform-operator] [9a2b71d5] 21:19:08.209 [vert.x-eventloop-thread-1] DEBUG c.h.platform.operator.util.CRDUtil - Checking CRD condition 'Established' (status: 'True')
2025-01-28 21:19:08,211 INFO c.h.h.t.HelmChartContainer - [hivemq-test-hivemq-platform] [hivemq-platform-operator] [9a2b71d5] 21:19:08.209 [main] INFO  c.h.platform.operator.util.CRDUtil - HiveMQ Platform CRD 'hivemq-platforms.hivemq.com' is ready
2025-01-28 21:19:08,407 INFO c.h.h.t.HelmChartContainer - [hivemq-test-hivemq-platform] [hivemq-platform-operator] [9a2b71d5] 21:19:08.406 [main] INFO  c.h.p.o.HiveMQPlatformReconciler - HiveMQ Platform Operator is starting...
2025-01-28 21:19:08,507 INFO c.h.h.t.HelmChartContainer - [hivemq-test-hivemq-platform] [hivemq-platform-operator] [9a2b71d5] 21:19:08.506 [main] WARN  Default ConfigurationService implementation - Configuration for reconciler 'hivemq-controller' was not found. Known reconcilers: None.
2025-01-28 21:19:08,544 INFO c.h.h.t.HelmChartContainer - [hivemq-test-hivemq-platform] [hivemq-platform-operator] [9a2b71d5] 21:19:08.543 [main] INFO  Default ConfigurationService implementation - Created configuration for reconciler com.hivemq.platform.operator.HiveMQPlatformReconciler with name hivemq-controller
2025-01-28 21:19:08,699 INFO c.h.h.t.HelmChartContainer - [hivemq-test-hivemq-platform] [hivemq-platform-operator] [9a2b71d5] 21:19:08.698 [main] DEBUG c.h.p.o.HiveMQPlatformReconciler - HiveMQ Platform Operator is preparing EventSources
2025-01-28 21:19:08,711 INFO c.h.h.t.HelmChartContainer - [hivemq-test-hivemq-platform] [hivemq-platform-operator] [9a2b71d5] 21:19:08.710 [main] INFO  i.javaoperatorsdk.operator.Operator - Registered reconciler: 'hivemq-controller' for resource: 'class com.hivemq.platform.operator.v1.HiveMQPlatform' for namespace(s): [all namespaces]
2025-01-28 21:19:09,343 INFO c.h.h.t.HelmChartContainer - [hivemq-test-hivemq-platform] [hivemq-platform-operator] [9a2b71d5] 21:19:09.342 [main] INFO  c.h.p.operator.webserver.JettyServer - Starting Jetty server on port 8080
2025-01-28 21:19:09,409 INFO c.h.h.t.HelmChartContainer - [hivemq-test-hivemq-platform] [hivemq-platform-operator] [9a2b71d5] 21:19:09.408 [main] INFO  i.javaoperatorsdk.operator.Operator - Operator SDK 4.9.7 (commit: 2133d28) built on Wed Nov 20 12:56:20 UTC 2024 starting...
2025-01-28 21:19:09,410 INFO c.h.h.t.HelmChartContainer - [hivemq-test-hivemq-platform] [hivemq-platform-operator] [9a2b71d5] 21:19:09.408 [main] INFO  i.javaoperatorsdk.operator.Operator - Client version: 6.13.4
2025-01-28 21:19:09,410 INFO c.h.h.t.HelmChartContainer - [hivemq-test-hivemq-platform] [hivemq-platform-operator] [9a2b71d5] 21:19:09.409 [Controller Starter for: hivemq-controller] INFO  i.j.operator.processing.Controller - Starting 'hivemq-controller' controller for reconciler: com.hivemq.platform.operator.HiveMQPlatformReconciler, resource: com.hivemq.platform.operator.v1.HiveMQPlatform
2025-01-28 21:19:11,703 INFO c.h.h.t.HelmChartContainer - [hivemq-test-hivemq-platform] [hivemq-platform-operator] [9a2b71d5] 21:19:11.701 [Controller Starter for: hivemq-controller] INFO  i.j.operator.processing.Controller - 'hivemq-controller' controller started
2025-01-28 21:19:11,703 INFO c.h.h.t.HelmChartContainer - [hivemq-test-hivemq-platform] [hivemq-platform-operator] [9a2b71d5] 21:19:11.702 [main] INFO  c.h.p.o.HiveMQPlatformOperatorApplication - HiveMQ Platform Operator 1.7.0-SNAPSHOT started in 6555 ms
2025-01-28 21:19:13,503 INFO c.h.h.t.HelmChartContainer - [POD] hivemq-test-hivemq-platform-operator-7bd74f84c-6vz9r [9a2b71d5-8456-4b53-a05f-524eb7754911] in customoperatorselectorsit-operator was MODIFIED
2025-01-28 21:19:13,507 INFO c.h.h.t.HelmChartContainer - [K3S] [replica_set.go:679] "Finished syncing" kind="ReplicaSet" key="customoperatorselectorsit-operator/hivemq-test-hivemq-platform-operator-7bd74f84c" duration="7.377752ms"
2025-01-28 21:19:13,507 INFO c.h.h.t.HelmChartContainer - [K3S] [replica_set.go:679] "Finished syncing" kind="ReplicaSet" key="customoperatorselectorsit-operator/hivemq-test-hivemq-platform-operator-7bd74f84c" duration="40.265µs"
2025-01-28 21:19:13,867 INFO com.hivemq.helmcharts.util.K8sUtil - Pod 'hivemq-test-hivemq-platform-operator-7bd74f84c-6vz9r' is ready
2025-01-28 21:19:13,955 DEBUG c.h.h.t.HelmChartContainer - Executing helm command: /bin/helm --kubeconfig /etc/rancher/k3s/k3s.yaml install test-hivemq-platform-alpha-tier1 /charts/hivemq-platform --wait --timeout 5m0s --set image.repository=docker.io/hivemq --set image.tag=4.36.0 --set image.pullPolicy=Never --set nodes.resources.cpu=512m --set nodes.replicaCount=1 --set operator.labels.group=alpha,operator.labels.tier=one --namespace customoperatorselectorsit
2025-01-28 21:19:14,348 DEBUG c.h.h.t.HelmChartContainer - Executing helm command: /bin/helm --kubeconfig /etc/rancher/k3s/k3s.yaml install test-hivemq-platform-alpha-tier2 /charts/hivemq-platform --wait --timeout 5m0s --set image.repository=docker.io/hivemq --set image.tag=4.36.0 --set image.pullPolicy=Never --set nodes.resources.cpu=512m --set nodes.replicaCount=1 --set operator.labels.group=alpha,operator.labels.tier=two --namespace customoperatorselectorsit
2025-01-28 21:19:14,649 INFO c.h.h.t.HelmChartContainer - [hivemq-test-hivemq-platform] [hivemq-platform-operator] [9a2b71d5] 21:19:14.647 [-373097727-pool-1-thread-3] WARN  i.m.p.PrometheusMeterRegistry - The meter (MeterId{name='operator.sdk.events.received', tags=[tag(action=ADDED),tag(event=ResourceEvent),tag(group=hivemq.com),tag(kind=HiveMQPlatform),tag(name=test-hivemq-platform-alpha-tier2),tag(namespace=customoperatorselectorsit),tag(scope=namespace),tag(version=v1)]}) registration has failed: Prometheus requires that all meters with the same name have the same set of tag keys. There is already an existing meter named 'operator.sdk.events.received' containing tag keys [event, group, kind, name, namespace, scope, version]. The meter you are attempting to register has keys [action, event, group, kind, name, namespace, scope, version]. Note that subsequent logs will be logged at debug level.
2025-01-28 21:19:14,721 DEBUG c.h.h.t.HelmChartContainer - Executing helm command: /bin/helm --kubeconfig /etc/rancher/k3s/k3s.yaml install test-hivemq-platform-alpha-tier3 /charts/hivemq-platform --wait --timeout 5m0s --set image.repository=docker.io/hivemq --set image.tag=4.36.0 --set image.pullPolicy=Never --set nodes.resources.cpu=512m --set nodes.replicaCount=1 --set operator.labels.group=alpha,operator.labels.tier=three --namespace customoperatorselectorsit
2025-01-28 21:19:15,257 INFO c.h.h.t.HelmChartContainer - [hivemq-test-hivemq-platform] [hivemq-platform-operator] [9a2b71d5] 21:19:15.252 [pool-6-thread-3] DEBUG c.h.p.o.dependants.PodInfoConfigMap - [customop] Desired PodInfo ConfigMap (1 extensions) (1 enabled)
2025-01-28 21:19:15,258 INFO c.h.h.t.HelmChartContainer - [hivemq-test-hivemq-platform] [hivemq-platform-operator] [9a2b71d5] 21:19:15.253 [pool-6-thread-3] DEBUG c.h.p.o.dependants.PodInfoConfigMap - [customop] Desired PodInfo ConfigMap (metrics port: 9399) (metrics path: /)
2025-01-28 21:19:15,258 INFO c.h.h.t.HelmChartContainer - [hivemq-test-hivemq-platform] [hivemq-platform-operator] [9a2b71d5] 21:19:15.253 [pool-6-thread-3] DEBUG c.h.p.o.dependants.PodInfoConfigMap - [customop] Desired PodInfo ConfigMap (extension state hash: -1817474005)
2025-01-28 21:19:15,258 INFO c.h.h.t.HelmChartContainer - [hivemq-test-hivemq-platform] [hivemq-platform-operator] [9a2b71d5] 21:19:15.254 [pool-6-thread-3] DEBUG c.h.p.o.dependants.PodInfoConfigMap - [customop] Create PodInfo ConfigMap
2025-01-28 21:19:15,353 INFO c.h.h.t.HelmChartContainer - [hivemq-test-hivemq-platform] [hivemq-platform-operator] [9a2b71d5] 21:19:15.352 [pool-6-thread-7] DEBUG c.h.p.o.dependants.PodInfoConfigMap - [customop] Desired PodInfo ConfigMap (1 extensions) (1 enabled)
2025-01-28 21:19:15,353 INFO c.h.h.t.HelmChartContainer - [hivemq-test-hivemq-platform] [hivemq-platform-operator] [9a2b71d5] 21:19:15.352 [pool-6-thread-7] DEBUG c.h.p.o.dependants.PodInfoConfigMap - [customop] Desired PodInfo ConfigMap (metrics port: 9399) (metrics path: /)
2025-01-28 21:19:15,354 INFO c.h.h.t.HelmChartContainer - [hivemq-test-hivemq-platform] [hivemq-platform-operator] [9a2b71d5] 21:19:15.352 [pool-6-thread-7] DEBUG c.h.p.o.dependants.PodInfoConfigMap - [customop] Desired PodInfo ConfigMap (extension state hash: -1817474005)
2025-01-28 21:19:15,355 INFO c.h.h.t.HelmChartContainer - [hivemq-test-hivemq-platform] [hivemq-platform-operator] [9a2b71d5] 21:19:15.352 [pool-6-thread-7] DEBUG c.h.p.o.dependants.PodInfoConfigMap - [customop] Create PodInfo ConfigMap
2025-01-28 21:19:15,454 INFO c.h.h.t.HelmChartContainer - [hivemq-test-hivemq-platform] [hivemq-platform-operator] [9a2b71d5] 21:19:15.452 [pool-6-thread-10] DEBUG c.h.p.o.dependants.PodRoleResource - [customop] Create Role: Role(apiVersion=rbac.authorization.k8s.io/v1, kind=Role, metadata=ObjectMeta(annotations={meta.helm.sh/release-name=test-hivemq-platform-alpha-tier3, meta.helm.sh/release-namespace=customoperatorselectorsit}, creationTimestamp=null, deletionGracePeriodSeconds=null, deletionTimestamp=null, finalizers=[], generateName=null, generation=null, labels={helm.sh/chart=hivemq-platform-0.2.32, app.kubernetes.io/managed-by=Helm, app.kubernetes.io/name=hivemq-platform, tier=three, hivemq-platform=test-hivemq-platform-alpha-tier3, app.kubernetes.io/instance=test-hivemq-platform-alpha-tier3, app.kubernetes.io/version=4.36.0, group=alpha}, managedFields=[], name=hivemq-platform-role-test-hivemq-platform-alpha-tier3, namespace=customoperatorselectorsit, ownerReferences=[OwnerReference(apiVersion=hivemq.com/v1, blockOwnerDeletion=null, controller=null, kind=HiveMQPlatform, name=test-hivemq-platform-alpha-tier3, uid=76fdf9be-beef-4f95-a09b-a0f777adc583, additionalProperties={})], resourceVersion=null, selfLink=null, uid=null, additionalProperties={}), rules=[PolicyRule(apiGroups=[], nonResourceURLs=[], resourceNames=[], resources=[pods], verbs=[get, patch, update], additionalProperties={})], additionalProperties={})
2025-01-28 21:19:15,455 INFO c.h.h.t.HelmChartContainer - [hivemq-test-hivemq-platform] [hivemq-platform-operator] [9a2b71d5] 21:19:15.452 [pool-6-thread-9] DEBUG c.h.p.o.dependants.PodRoleResource - [customop] Create Role: Role(apiVersion=rbac.authorization.k8s.io/v1, kind=Role, metadata=ObjectMeta(annotations={meta.helm.sh/release-name=test-hivemq-platform-alpha-tier2, meta.helm.sh/release-namespace=customoperatorselectorsit}, creationTimestamp=null, deletionGracePeriodSeconds=null, deletionTimestamp=null, finalizers=[], generateName=null, generation=null, labels={helm.sh/chart=hivemq-platform-0.2.32, app.kubernetes.io/managed-by=Helm, app.kubernetes.io/name=hivemq-platform, tier=two, hivemq-platform=test-hivemq-platform-alpha-tier2, app.kubernetes.io/instance=test-hivemq-platform-alpha-tier2, app.kubernetes.io/version=4.36.0, group=alpha}, managedFields=[], name=hivemq-platform-role-test-hivemq-platform-alpha-tier2, namespace=customoperatorselectorsit, ownerReferences=[OwnerReference(apiVersion=hivemq.com/v1, blockOwnerDeletion=null, controller=null, kind=HiveMQPlatform, name=test-hivemq-platform-alpha-tier2, uid=d4a24a0b-fca6-4f8d-a2ef-37c086c2c905, additionalProperties={})], resourceVersion=null, selfLink=null, uid=null, additionalProperties={}), rules=[PolicyRule(apiGroups=[], nonResourceURLs=[], resourceNames=[], resources=[pods], verbs=[get, patch, update], additionalProperties={})], additionalProperties={})
2025-01-28 21:19:15,563 INFO c.h.h.t.HelmChartContainer - [hivemq-test-hivemq-platform] [hivemq-platform-operator] [9a2b71d5] 21:19:15.561 [pool-6-thread-13] DEBUG c.h.p.o.d.PodServiceAccountResource - [customop] Desired PodServiceAccountResource (serviceAccountName: hivemq-platform-pod-test-hivemq-platform-alpha-tier3)
2025-01-28 21:19:15,563 INFO c.h.h.t.HelmChartContainer - [hivemq-test-hivemq-platform] [hivemq-platform-operator] [9a2b71d5] 21:19:15.562 [pool-6-thread-14] DEBUG c.h.p.o.d.PodServiceAccountResource - [customop] Desired PodServiceAccountResource (serviceAccountName: hivemq-platform-pod-test-hivemq-platform-alpha-tier2)
2025-01-28 21:19:15,645 INFO c.h.h.t.HelmChartContainer - [hivemq-test-hivemq-platform] [hivemq-platform-operator] [9a2b71d5] 21:19:15.641 [pool-6-thread-13] DEBUG c.h.p.o.d.PodServiceAccountResource - [customop] Create ServiceAccount 'hivemq-platform-pod-test-hivemq-platform-alpha-tier3'
2025-01-28 21:19:15,645 INFO c.h.h.t.HelmChartContainer - [hivemq-test-hivemq-platform] [hivemq-platform-operator] [9a2b71d5] 21:19:15.643 [pool-6-thread-14] DEBUG c.h.p.o.d.PodServiceAccountResource - [customop] Create ServiceAccount 'hivemq-platform-pod-test-hivemq-platform-alpha-tier2'
2025-01-28 21:19:15,756 INFO c.h.h.t.HelmChartContainer - [hivemq-test-hivemq-platform] [hivemq-platform-operator] [9a2b71d5] 21:19:15.755 [pool-6-thread-20] DEBUG c.h.p.o.d.PodRoleBindingResource - [customop] Create RoleBinding: RoleBinding(apiVersion=rbac.authorization.k8s.io/v1, kind=RoleBinding, metadata=ObjectMeta(annotations={meta.helm.sh/release-name=test-hivemq-platform-alpha-tier2, meta.helm.sh/release-namespace=customoperatorselectorsit}, creationTimestamp=null, deletionGracePeriodSeconds=null, deletionTimestamp=null, finalizers=[], generateName=null, generation=null, labels={helm.sh/chart=hivemq-platform-0.2.32, app.kubernetes.io/managed-by=Helm, app.kubernetes.io/name=hivemq-platform, tier=two, hivemq-platform=test-hivemq-platform-alpha-tier2, app.kubernetes.io/instance=test-hivemq-platform-alpha-tier2, app.kubernetes.io/version=4.36.0, group=alpha}, managedFields=[], name=hivemq-platform-role-binding-test-hivemq-platform-alpha-tier2, namespace=customoperatorselectorsit, ownerReferences=[OwnerReference(apiVersion=hivemq.com/v1, blockOwnerDeletion=null, controller=null, kind=HiveMQPlatform, name=test-hivemq-platform-alpha-tier2, uid=d4a24a0b-fca6-4f8d-a2ef-37c086c2c905, additionalProperties={})], resourceVersion=null, selfLink=null, uid=null, additionalProperties={}), roleRef=RoleRef(apiGroup=rbac.authorization.k8s.io, kind=Role, name=hivemq-platform-role-test-hivemq-platform-alpha-tier2, additionalProperties={}), subjects=[Subject(apiGroup=null, kind=ServiceAccount, name=hivemq-platform-pod-test-hivemq-platform-alpha-tier2, namespace=customoperatorselectorsit, additionalProperties={})], additionalProperties={})
2025-01-28 21:19:15,757 INFO c.h.h.t.HelmChartContainer - [hivemq-test-hivemq-platform] [hivemq-platform-operator] [9a2b71d5] 21:19:15.755 [pool-6-thread-19] DEBUG c.h.p.o.d.PodRoleBindingResource - [customop] Create RoleBinding: RoleBinding(apiVersion=rbac.authorization.k8s.io/v1, kind=RoleBinding, metadata=ObjectMeta(annotations={meta.helm.sh/release-name=test-hivemq-platform-alpha-tier3, meta.helm.sh/release-namespace=customoperatorselectorsit}, creationTimestamp=null, deletionGracePeriodSeconds=null, deletionTimestamp=null, finalizers=[], generateName=null, generation=null, labels={helm.sh/chart=hivemq-platform-0.2.32, app.kubernetes.io/managed-by=Helm, app.kubernetes.io/name=hivemq-platform, tier=three, hivemq-platform=test-hivemq-platform-alpha-tier3, app.kubernetes.io/instance=test-hivemq-platform-alpha-tier3, app.kubernetes.io/version=4.36.0, group=alpha}, managedFields=[], name=hivemq-platform-role-binding-test-hivemq-platform-alpha-tier3, namespace=customoperatorselectorsit, ownerReferences=[OwnerReference(apiVersion=hivemq.com/v1, blockOwnerDeletion=null, controller=null, kind=HiveMQPlatform, name=test-hivemq-platform-alpha-tier3, uid=76fdf9be-beef-4f95-a09b-a0f777adc583, additionalProperties={})], resourceVersion=null, selfLink=null, uid=null, additionalProperties={}), roleRef=RoleRef(apiGroup=rbac.authorization.k8s.io, kind=Role, name=hivemq-platform-role-test-hivemq-platform-alpha-tier3, additionalProperties={}), subjects=[Subject(apiGroup=null, kind=ServiceAccount, name=hivemq-platform-pod-test-hivemq-platform-alpha-tier3, namespace=customoperatorselectorsit, additionalProperties={})], additionalProperties={})
2025-01-28 21:19:15,861 INFO c.h.h.t.HelmChartContainer - [hivemq-test-hivemq-platform] [hivemq-platform-operator] [9a2b71d5] 21:19:15.859 [ReconcilerExecutor-hivemq-controller-55] INFO  c.h.p.o.HiveMQPlatformReconciler - [customop] Reconciling HiveMQ Platform 'test-hivemq-platform-alpha-tier2' in namespace 'customoperatorselectorsit'
2025-01-28 21:19:15,862 INFO c.h.h.t.HelmChartContainer - [hivemq-test-hivemq-platform] [hivemq-platform-operator] [9a2b71d5] 21:19:15.860 [ReconcilerExecutor-hivemq-controller-55] DEBUG c.h.p.o.HiveMQPlatformReconciler - [customop] Custom Resource Status CREATED - HiveMQ Platform was created (READY)
2025-01-28 21:19:15,862 INFO c.h.h.t.HelmChartContainer - [hivemq-test-hivemq-platform] [hivemq-platform-operator] [9a2b71d5] 21:19:15.859 [ReconcilerExecutor-hivemq-controller-60] INFO  c.h.p.o.HiveMQPlatformReconciler - [customop] Reconciling HiveMQ Platform 'test-hivemq-platform-alpha-tier3' in namespace 'customoperatorselectorsit'
2025-01-28 21:19:15,862 INFO c.h.h.t.HelmChartContainer - [hivemq-test-hivemq-platform] [hivemq-platform-operator] [9a2b71d5] 21:19:15.860 [ReconcilerExecutor-hivemq-controller-60] DEBUG c.h.p.o.HiveMQPlatformReconciler - [customop] Custom Resource Status CREATED - HiveMQ Platform was created (READY)
2025-01-28 21:19:15,862 INFO c.h.h.t.HelmChartContainer - [hivemq-test-hivemq-platform] [hivemq-platform-operator] [9a2b71d5] 21:19:15.860 [ReconcilerExecutor-hivemq-controller-60] DEBUG c.h.p.o.HiveMQPlatformReconciler - [customop] Custom Resource Spec (replicas: 1) (extensions: 1)
2025-01-28 21:19:15,862 INFO c.h.h.t.HelmChartContainer - [hivemq-test-hivemq-platform] [hivemq-platform-operator] [9a2b71d5] 21:19:15.860 [ReconcilerExecutor-hivemq-controller-55] DEBUG c.h.p.o.HiveMQPlatformReconciler - [customop] Custom Resource Spec (replicas: 1) (extensions: 1)
2025-01-28 21:19:15,865 INFO c.h.h.t.HelmChartContainer - [hivemq-test-hivemq-platform] [hivemq-platform-operator] [9a2b71d5] 21:19:15.864 [ReconcilerExecutor-hivemq-controller-55] INFO  c.h.p.o.h.HiveMQPlatformReconcilerBaseHandler - [customop] HiveMQ Platform is starting
2025-01-28 21:19:15,865 INFO c.h.h.t.HelmChartContainer - [hivemq-test-hivemq-platform] [hivemq-platform-operator] [9a2b71d5] 21:19:15.864 [ReconcilerExecutor-hivemq-controller-60] INFO  c.h.p.o.h.HiveMQPlatformReconcilerBaseHandler - [customop] HiveMQ Platform is starting
2025-01-28 21:19:16,054 INFO c.h.h.t.HelmChartContainer - [hivemq-test-hivemq-platform] [hivemq-platform-operator] [9a2b71d5] 21:19:16.052 [ReconcilerExecutor-hivemq-controller-55] DEBUG c.h.p.operator.event.EventSender - [customop] Creating K8s event hivemq-platform-starting: [Start] HiveMQ Platform is starting
2025-01-28 21:19:16,055 INFO c.h.h.t.HelmChartContainer - [hivemq-test-hivemq-platform] [hivemq-platform-operator] [9a2b71d5] 21:19:16.052 [ReconcilerExecutor-hivemq-controller-60] DEBUG c.h.p.operator.event.EventSender - [customop] Creating K8s event hivemq-platform-starting: [Start] HiveMQ Platform is starting
2025-01-28 21:19:16,149 INFO c.h.h.t.HelmChartContainer - [EVENT] Normal [Start] HiveMQ Platform is starting [customoperatorselectorsit:test-hivemq-platform-alpha-tier3]
2025-01-28 21:19:16,149 INFO c.h.h.t.HelmChartContainer - [EVENT] Normal [Start] HiveMQ Platform is starting [customoperatorselectorsit:test-hivemq-platform-alpha-tier2]
2025-01-28 21:19:16,152 INFO c.h.h.t.HelmChartContainer - [hivemq-test-hivemq-platform] [hivemq-platform-operator] [9a2b71d5] 21:19:16.151 [ReconcilerExecutor-hivemq-controller-60] INFO  c.h.p.o.h.AbstractHiveMQReconcilerStateHandler - [customop] Update HiveMQ Platform Status (CREATED [READY] -> STARTING [READY]): HiveMQ Platform is starting
2025-01-28 21:19:16,154 INFO c.h.h.t.HelmChartContainer - [hivemq-test-hivemq-platform] [hivemq-platform-operator] [9a2b71d5] 21:19:16.151 [ReconcilerExecutor-hivemq-controller-55] INFO  c.h.p.o.h.AbstractHiveMQReconcilerStateHandler - [customop] Update HiveMQ Platform Status (CREATED [READY] -> STARTING [READY]): HiveMQ Platform is starting
2025-01-28 21:19:16,254 DEBUG com.hivemq.helmcharts.util.K8sUtil - Comparing actual state 'STARTING' and waiting for 'RUNNING'
2025-01-28 21:19:26,266 INFO c.h.h.t.HelmChartContainer - [hivemq-test-hivemq-platform] [hivemq-platform-operator] [9a2b71d5] 21:19:26.261 [pool-6-thread-22] DEBUG c.h.p.o.d.PlatformServiceResource - [customop] Desired Platform services (3 services)
2025-01-28 21:19:26,266 INFO c.h.h.t.HelmChartContainer - [hivemq-test-hivemq-platform] [hivemq-platform-operator] [9a2b71d5] 21:19:26.263 [pool-6-thread-23] DEBUG c.h.p.o.dependants.PodInfoConfigMap - [customop] Desired PodInfo ConfigMap (1 extensions) (1 enabled)
2025-01-28 21:19:26,266 INFO c.h.h.t.HelmChartContainer - [hivemq-test-hivemq-platform] [hivemq-platform-operator] [9a2b71d5] 21:19:26.263 [pool-6-thread-23] DEBUG c.h.p.o.dependants.PodInfoConfigMap - [customop] Desired PodInfo ConfigMap (metrics port: 9399) (metrics path: /)
2025-01-28 21:19:26,267 INFO c.h.h.t.HelmChartContainer - [hivemq-test-hivemq-platform] [hivemq-platform-operator] [9a2b71d5] 21:19:26.263 [pool-6-thread-23] DEBUG c.h.p.o.dependants.PodInfoConfigMap - [customop] Desired PodInfo ConfigMap (extension state hash: -1817474005)
2025-01-28 21:19:26,269 INFO c.h.h.t.HelmChartContainer - [hivemq-test-hivemq-platform] [hivemq-platform-operator] [9a2b71d5] 21:19:26.268 [pool-6-thread-27] DEBUG c.h.p.o.d.PodServiceAccountResource - [customop] Desired PodServiceAccountResource (serviceAccountName: hivemq-platform-pod-test-hivemq-platform-alpha-tier3)
2025-01-28 21:19:26,272 INFO c.h.h.t.HelmChartContainer - [hivemq-test-hivemq-platform] [hivemq-platform-operator] [9a2b71d5] 21:19:26.271 [pool-6-thread-23] DEBUG c.h.p.o.dependants.PodInfoConfigMap - [customop] Update PodInfo ConfigMap
2025-01-28 21:19:26,354 INFO c.h.h.t.HelmChartContainer - [K3S] [alloc.go:330] "allocated clusterIPs" service="customoperatorselectorsit/hivemq-test-hivemq-platform-alpha-tier3-cc-8080" clusterIPs={"IPv4":"10.43.82.182"}
2025-01-28 21:19:26,357 INFO c.h.h.t.HelmChartContainer - [hivemq-test-hivemq-platform] [hivemq-platform-operator] [9a2b71d5] 21:19:26.353 [pool-6-thread-31] DEBUG c.h.p.o.d.PlatformServiceResource - [customop] Desired Platform services (3 services)
2025-01-28 21:19:26,365 INFO c.h.h.t.HelmChartContainer - [hivemq-test-hivemq-platform] [hivemq-platform-operator] [9a2b71d5] 21:19:26.363 [pool-6-thread-36] DEBUG c.h.p.o.d.PodServiceAccountResource - [customop] Desired PodServiceAccountResource (serviceAccountName: hivemq-platform-pod-test-hivemq-platform-alpha-tier2)
2025-01-28 21:19:26,368 INFO c.h.h.t.HelmChartContainer - [K3S] [alloc.go:330] "allocated clusterIPs" service="customoperatorselectorsit/hivemq-test-hivemq-platform-alpha-tier2-metrics-9399" clusterIPs={"IPv4":"10.43.237.223"}
2025-01-28 21:19:26,447 INFO c.h.h.t.HelmChartContainer - [hivemq-test-hivemq-platform] [hivemq-platform-operator] [9a2b71d5] 21:19:26.442 [pool-6-thread-32] DEBUG c.h.p.o.dependants.PodInfoConfigMap - [customop] Desired PodInfo ConfigMap (1 extensions) (1 enabled)
2025-01-28 21:19:26,448 INFO c.h.h.t.HelmChartContainer - [hivemq-test-hivemq-platform] [hivemq-platform-operator] [9a2b71d5] 21:19:26.442 [pool-6-thread-32] DEBUG c.h.p.o.dependants.PodInfoConfigMap - [customop] Desired PodInfo ConfigMap (metrics port: 9399) (metrics path: /)
2025-01-28 21:19:26,448 INFO c.h.h.t.HelmChartContainer - [hivemq-test-hivemq-platform] [hivemq-platform-operator] [9a2b71d5] 21:19:26.442 [pool-6-thread-32] DEBUG c.h.p.o.dependants.PodInfoConfigMap - [customop] Desired PodInfo ConfigMap (extension state hash: -1817474005)
2025-01-28 21:19:26,448 INFO c.h.h.t.HelmChartContainer - [hivemq-test-hivemq-platform] [hivemq-platform-operator] [9a2b71d5] 21:19:26.443 [pool-6-thread-32] DEBUG c.h.p.o.dependants.PodInfoConfigMap - [customop] Update PodInfo ConfigMap
2025-01-28 21:19:26,456 INFO c.h.h.t.HelmChartContainer - [K3S] [alloc.go:330] "allocated clusterIPs" service="customoperatorselectorsit/hivemq-test-hivemq-platform-alpha-tier3-mqtt-1883" clusterIPs={"IPv4":"10.43.235.145"}
2025-01-28 21:19:26,465 INFO c.h.h.t.HelmChartContainer - [K3S] [alloc.go:330] "allocated clusterIPs" service="customoperatorselectorsit/hivemq-test-hivemq-platform-alpha-tier2-mqtt-1883" clusterIPs={"IPv4":"10.43.39.196"}
2025-01-28 21:19:26,554 INFO c.h.h.t.HelmChartContainer - [K3S] [alloc.go:330] "allocated clusterIPs" service="customoperatorselectorsit/hivemq-test-hivemq-platform-alpha-tier2-cc-8080" clusterIPs={"IPv4":"10.43.181.92"}
2025-01-28 21:19:26,559 INFO c.h.h.t.HelmChartContainer - [K3S] [alloc.go:330] "allocated clusterIPs" service="customoperatorselectorsit/hivemq-test-hivemq-platform-alpha-tier3-metrics-9399" clusterIPs={"IPv4":"10.43.129.49"}
2025-01-28 21:19:26,644 INFO c.h.h.t.HelmChartContainer - [hivemq-test-hivemq-platform] [hivemq-platform-operator] [9a2b71d5] 21:19:26.642 [pool-6-thread-39] DEBUG c.h.p.o.d.StatefulSetResource - [customop] Desired StatefulSet (1 replicas) for status STARTING (READY)
2025-01-28 21:19:26,647 INFO c.h.h.t.HelmChartContainer - [hivemq-test-hivemq-platform] [hivemq-platform-operator] [9a2b71d5] 21:19:26.646 [pool-6-thread-40] DEBUG c.h.p.o.d.StatefulSetResource - [customop] Desired StatefulSet (1 replicas) for status STARTING (READY)
2025-01-28 21:19:26,744 INFO c.h.h.t.HelmChartContainer - [hivemq-test-hivemq-platform] [hivemq-platform-operator] [9a2b71d5] 21:19:26.742 [pool-6-thread-39] DEBUG c.h.p.o.d.StatefulSetResource - [customop] Create StatefulSet
2025-01-28 21:19:26,744 INFO c.h.h.t.HelmChartContainer - [hivemq-test-hivemq-platform] [hivemq-platform-operator] [9a2b71d5] 21:19:26.742 [pool-6-thread-40] DEBUG c.h.p.o.d.StatefulSetResource - [customop] Create StatefulSet
2025-01-28 21:19:26,775 INFO c.h.h.t.HelmChartContainer - [EVENT] Normal [SuccessfulCreate] create Pod test-hivemq-platform-alpha-tier3-0 in StatefulSet test-hivemq-platform-alpha-tier3 successful [customoperatorselectorsit:test-hivemq-platform-alpha-tier3]
2025-01-28 21:19:26,776 INFO c.h.h.t.HelmChartContainer - [POD] test-hivemq-platform-alpha-tier3-0 [6f3eb4f0-7705-45db-9ae0-fb4e3a85db63] in customoperatorselectorsit was ADDED
2025-01-28 21:19:26,778 INFO c.h.h.t.HelmChartContainer - [POD] test-hivemq-platform-alpha-tier2-0 [26aeac9f-57eb-4ffe-ade0-5b91bfbeae1d] in customoperatorselectorsit was ADDED
2025-01-28 21:19:26,785 INFO c.h.h.t.HelmChartContainer - [EVENT] Normal [SuccessfulCreate] create Pod test-hivemq-platform-alpha-tier2-0 in StatefulSet test-hivemq-platform-alpha-tier2 successful [customoperatorselectorsit:test-hivemq-platform-alpha-tier2]
2025-01-28 21:19:26,787 INFO c.h.h.t.HelmChartContainer - [POD] test-hivemq-platform-alpha-tier2-0 [26aeac9f-57eb-4ffe-ade0-5b91bfbeae1d] in customoperatorselectorsit was MODIFIED
2025-01-28 21:19:26,787 INFO c.h.h.t.HelmChartContainer - [EVENT] Normal [Scheduled] Successfully assigned customoperatorselectorsit/test-hivemq-platform-alpha-tier2-0 to 94bfcb4ca54d [customoperatorselectorsit:test-hivemq-platform-alpha-tier2-0]
2025-01-28 21:19:26,787 INFO c.h.h.t.HelmChartContainer - [EVENT] Normal [Scheduled] Successfully assigned customoperatorselectorsit/test-hivemq-platform-alpha-tier3-0 to 94bfcb4ca54d [customoperatorselectorsit:test-hivemq-platform-alpha-tier3-0]
2025-01-28 21:19:26,788 INFO c.h.h.t.HelmChartContainer - [POD] test-hivemq-platform-alpha-tier3-0 [6f3eb4f0-7705-45db-9ae0-fb4e3a85db63] in customoperatorselectorsit was MODIFIED
2025-01-28 21:19:26,799 INFO c.h.h.t.HelmChartContainer - [POD] test-hivemq-platform-alpha-tier3-0 [6f3eb4f0-7705-45db-9ae0-fb4e3a85db63] in customoperatorselectorsit was MODIFIED
2025-01-28 21:19:26,809 INFO c.h.h.t.HelmChartContainer - [POD] test-hivemq-platform-alpha-tier2-0 [26aeac9f-57eb-4ffe-ade0-5b91bfbeae1d] in customoperatorselectorsit was MODIFIED
2025-01-28 21:19:26,852 INFO c.h.h.t.HelmChartContainer - [hivemq-test-hivemq-platform] [hivemq-platform-operator] [9a2b71d5] 21:19:26.847 [ReconcilerExecutor-hivemq-controller-87] INFO  c.h.p.o.HiveMQPlatformReconciler - [customop] Reconciling HiveMQ Platform 'test-hivemq-platform-alpha-tier2' in namespace 'customoperatorselectorsit'
2025-01-28 21:19:26,852 INFO c.h.h.t.HelmChartContainer - [hivemq-test-hivemq-platform] [hivemq-platform-operator] [9a2b71d5] 21:19:26.847 [ReconcilerExecutor-hivemq-controller-87] DEBUG c.h.p.o.HiveMQPlatformReconciler - [customop] Custom Resource Status STARTING - HiveMQ Platform is starting (READY)
2025-01-28 21:19:26,852 INFO c.h.h.t.HelmChartContainer - [hivemq-test-hivemq-platform] [hivemq-platform-operator] [9a2b71d5] 21:19:26.847 [ReconcilerExecutor-hivemq-controller-87] DEBUG c.h.p.o.HiveMQPlatformReconciler - [customop] Custom Resource Spec (replicas: 1) (extensions: 1)
2025-01-28 21:19:26,896 INFO c.h.h.t.HelmChartContainer - [K3S] [reconciler_common.go:251] "operationExecutor.VerifyControllerAttachedVolume started for volume \"kube-api-access-ncjkz\" (UniqueName: \"kubernetes.io/projected/26aeac9f-57eb-4ffe-ade0-5b91bfbeae1d-kube-api-access-ncjkz\") pod \"test-hivemq-platform-alpha-tier2-0\" (UID: \"26aeac9f-57eb-4ffe-ade0-5b91bfbeae1d\") " pod="customoperatorselectorsit/test-hivemq-platform-alpha-tier2-0"
2025-01-28 21:19:26,896 INFO c.h.h.t.HelmChartContainer - [K3S] [reconciler_common.go:251] "operationExecutor.VerifyControllerAttachedVolume started for volume \"operator-init\" (UniqueName: \"kubernetes.io/empty-dir/26aeac9f-57eb-4ffe-ade0-5b91bfbeae1d-operator-init\") pod \"test-hivemq-platform-alpha-tier2-0\" (UID: \"26aeac9f-57eb-4ffe-ade0-5b91bfbeae1d\") " pod="customoperatorselectorsit/test-hivemq-platform-alpha-tier2-0"
2025-01-28 21:19:26,896 INFO c.h.h.t.HelmChartContainer - [K3S] [reconciler_common.go:251] "operationExecutor.VerifyControllerAttachedVolume started for volume \"broker-configuration\" (UniqueName: \"kubernetes.io/configmap/26aeac9f-57eb-4ffe-ade0-5b91bfbeae1d-broker-configuration\") pod \"test-hivemq-platform-alpha-tier2-0\" (UID: \"26aeac9f-57eb-4ffe-ade0-5b91bfbeae1d\") " pod="customoperatorselectorsit/test-hivemq-platform-alpha-tier2-0"
2025-01-28 21:19:26,896 INFO c.h.h.t.HelmChartContainer - [K3S] [reconciler_common.go:251] "operationExecutor.VerifyControllerAttachedVolume started for volume \"kube-api-access-7mkgb\" (UniqueName: \"kubernetes.io/projected/6f3eb4f0-7705-45db-9ae0-fb4e3a85db63-kube-api-access-7mkgb\") pod \"test-hivemq-platform-alpha-tier3-0\" (UID: \"6f3eb4f0-7705-45db-9ae0-fb4e3a85db63\") " pod="customoperatorselectorsit/test-hivemq-platform-alpha-tier3-0"
2025-01-28 21:19:26,896 INFO c.h.h.t.HelmChartContainer - [K3S] [reconciler_common.go:251] "operationExecutor.VerifyControllerAttachedVolume started for volume \"pod-info\" (UniqueName: \"kubernetes.io/configmap/26aeac9f-57eb-4ffe-ade0-5b91bfbeae1d-pod-info\") pod \"test-hivemq-platform-alpha-tier2-0\" (UID: \"26aeac9f-57eb-4ffe-ade0-5b91bfbeae1d\") " pod="customoperatorselectorsit/test-hivemq-platform-alpha-tier2-0"
2025-01-28 21:19:26,896 INFO c.h.h.t.HelmChartContainer - [K3S] [reconciler_common.go:251] "operationExecutor.VerifyControllerAttachedVolume started for volume \"pod-info\" (UniqueName: \"kubernetes.io/configmap/6f3eb4f0-7705-45db-9ae0-fb4e3a85db63-pod-info\") pod \"test-hivemq-platform-alpha-tier3-0\" (UID: \"6f3eb4f0-7705-45db-9ae0-fb4e3a85db63\") " pod="customoperatorselectorsit/test-hivemq-platform-alpha-tier3-0"
2025-01-28 21:19:26,896 INFO c.h.h.t.HelmChartContainer - [K3S] [reconciler_common.go:251] "operationExecutor.VerifyControllerAttachedVolume started for volume \"broker-configuration\" (UniqueName: \"kubernetes.io/configmap/6f3eb4f0-7705-45db-9ae0-fb4e3a85db63-broker-configuration\") pod \"test-hivemq-platform-alpha-tier3-0\" (UID: \"6f3eb4f0-7705-45db-9ae0-fb4e3a85db63\") " pod="customoperatorselectorsit/test-hivemq-platform-alpha-tier3-0"
2025-01-28 21:19:26,896 INFO c.h.h.t.HelmChartContainer - [K3S] [reconciler_common.go:251] "operationExecutor.VerifyControllerAttachedVolume started for volume \"operator-init\" (UniqueName: \"kubernetes.io/empty-dir/6f3eb4f0-7705-45db-9ae0-fb4e3a85db63-operator-init\") pod \"test-hivemq-platform-alpha-tier3-0\" (UID: \"6f3eb4f0-7705-45db-9ae0-fb4e3a85db63\") " pod="customoperatorselectorsit/test-hivemq-platform-alpha-tier3-0"
2025-01-28 21:19:26,951 INFO c.h.h.t.HelmChartContainer - [hivemq-test-hivemq-platform] [hivemq-platform-operator] [9a2b71d5] 21:19:26.949 [ReconcilerExecutor-hivemq-controller-77] INFO  c.h.p.o.HiveMQPlatformReconciler - [customop] Reconciling HiveMQ Platform 'test-hivemq-platform-alpha-tier3' in namespace 'customoperatorselectorsit'
2025-01-28 21:19:26,952 INFO c.h.h.t.HelmChartContainer - [hivemq-test-hivemq-platform] [hivemq-platform-operator] [9a2b71d5] 21:19:26.951 [ReconcilerExecutor-hivemq-controller-77] DEBUG c.h.p.o.HiveMQPlatformReconciler - [customop] Custom Resource Status STARTING - HiveMQ Platform is starting (READY)
2025-01-28 21:19:26,954 INFO c.h.h.t.HelmChartContainer - [hivemq-test-hivemq-platform] [hivemq-platform-operator] [9a2b71d5] 21:19:26.951 [ReconcilerExecutor-hivemq-controller-77] DEBUG c.h.p.o.HiveMQPlatformReconciler - [customop] Custom Resource Spec (replicas: 1) (extensions: 1)
2025-01-28 21:19:26,955 INFO c.h.h.t.HelmChartContainer - [hivemq-test-hivemq-platform] [hivemq-platform-operator] [9a2b71d5] 21:19:26.950 [ReconcilerExecutor-hivemq-controller-87] DEBUG c.h.p.o.HiveMQPlatformReconciler - [customop] StatefulSet Status (revision: null, replicas: 0, available: 0, ready: 0, current: 0, updated: 0)
2025-01-28 21:19:26,955 INFO c.h.h.t.HelmChartContainer - [hivemq-test-hivemq-platform] [hivemq-platform-operator] [9a2b71d5] 21:19:26.954 [ReconcilerExecutor-hivemq-controller-87] DEBUG c.h.p.o.HiveMQPlatformReconciler - [customop] StatefulSet Spec (replicas: 1, init containers: 1, containers: 1, volumes: 3)
2025-01-28 21:19:27,045 INFO c.h.h.t.HelmChartContainer - [hivemq-test-hivemq-platform] [hivemq-platform-operator] [9a2b71d5] 21:19:27.042 [ReconcilerExecutor-hivemq-controller-77] DEBUG c.h.p.o.HiveMQPlatformReconciler - [customop] StatefulSet Status (revision: test-hivemq-platform-alpha-tier3-7ccdb49877, replicas: 1, available: 0, ready: 0, current: 1, updated: 1)
2025-01-28 21:19:27,045 INFO c.h.h.t.HelmChartContainer - [hivemq-test-hivemq-platform] [hivemq-platform-operator] [9a2b71d5] 21:19:27.042 [ReconcilerExecutor-hivemq-controller-77] DEBUG c.h.p.o.HiveMQPlatformReconciler - [customop] StatefulSet Spec (replicas: 1, init containers: 1, containers: 1, volumes: 3)
2025-01-28 21:19:27,055 INFO c.h.h.t.HelmChartContainer - [hivemq-test-hivemq-platform] [hivemq-platform-operator] [9a2b71d5] 21:19:27.055 [ReconcilerExecutor-hivemq-controller-77] DEBUG c.h.p.o.h.HiveMQPlatformReconcilerErrorHandler - [customop] Pod 'test-hivemq-platform-alpha-tier3-0' phase Pending
2025-01-28 21:19:27,101 INFO c.h.h.t.HelmChartContainer - [hivemq-test-hivemq-platform] [hivemq-platform-operator] [9a2b71d5] 21:19:27.100 [ReconcilerExecutor-hivemq-controller-77] DEBUG c.h.p.o.h.HiveMQPlatformReconcilerErrorHandler - [customop] Pod 'test-hivemq-platform-alpha-tier3-0' condition 'PodReadyToStartContainers': False
2025-01-28 21:19:27,102 INFO c.h.h.t.HelmChartContainer - [hivemq-test-hivemq-platform] [hivemq-platform-operator] [9a2b71d5] 21:19:27.100 [ReconcilerExecutor-hivemq-controller-77] DEBUG c.h.p.o.h.HiveMQPlatformReconcilerErrorHandler - [customop] Pod 'test-hivemq-platform-alpha-tier3-0' condition 'Initialized': False
2025-01-28 21:19:27,102 INFO c.h.h.t.HelmChartContainer - [hivemq-test-hivemq-platform] [hivemq-platform-operator] [9a2b71d5] 21:19:27.100 [ReconcilerExecutor-hivemq-controller-77] DEBUG c.h.p.o.h.HiveMQPlatformReconcilerErrorHandler - [customop] Pod 'test-hivemq-platform-alpha-tier3-0' condition 'Ready': False
2025-01-28 21:19:27,102 INFO c.h.h.t.HelmChartContainer - [hivemq-test-hivemq-platform] [hivemq-platform-operator] [9a2b71d5] 21:19:27.100 [ReconcilerExecutor-hivemq-controller-77] DEBUG c.h.p.o.h.HiveMQPlatformReconcilerErrorHandler - [customop] Pod 'test-hivemq-platform-alpha-tier3-0' condition 'ContainersReady': False
2025-01-28 21:19:27,102 INFO c.h.h.t.HelmChartContainer - [hivemq-test-hivemq-platform] [hivemq-platform-operator] [9a2b71d5] 21:19:27.100 [ReconcilerExecutor-hivemq-controller-77] DEBUG c.h.p.o.h.HiveMQPlatformReconcilerErrorHandler - [customop] Pod 'test-hivemq-platform-alpha-tier3-0' condition 'PodScheduled': True
2025-01-28 21:19:27,143 INFO c.h.h.t.HelmChartContainer - [hivemq-test-hivemq-platform] [hivemq-platform-operator] [9a2b71d5] 21:19:27.141 [ReconcilerExecutor-hivemq-controller-77] DEBUG c.h.p.o.h.HiveMQPlatformReconcilerErrorHandler - [customop] Pod 'test-hivemq-platform-alpha-tier3-0' containerStatus 'hivemq' (started: false) (ready: false) (waiting: [PodInitializing] null)
2025-01-28 21:19:27,147 INFO c.h.h.t.HelmChartContainer - [hivemq-test-hivemq-platform] [hivemq-platform-operator] [9a2b71d5] 21:19:27.142 [ReconcilerExecutor-hivemq-controller-87] DEBUG c.h.p.o.h.HiveMQPlatformReconcilerErrorHandler - [customop] Pod 'test-hivemq-platform-alpha-tier2-0' phase Pending
2025-01-28 21:19:27,150 INFO c.h.h.t.HelmChartContainer - [hivemq-test-hivemq-platform] [hivemq-platform-operator] [9a2b71d5] 21:19:27.144 [ReconcilerExecutor-hivemq-controller-87] DEBUG c.h.p.o.h.HiveMQPlatformReconcilerErrorHandler - [customop] Pod 'test-hivemq-platform-alpha-tier2-0' condition 'PodReadyToStartContainers': False
2025-01-28 21:19:27,156 INFO c.h.h.t.HelmChartContainer - [hivemq-test-hivemq-platform] [hivemq-platform-operator] [9a2b71d5] 21:19:27.144 [ReconcilerExecutor-hivemq-controller-87] DEBUG c.h.p.o.h.HiveMQPlatformReconcilerErrorHandler - [customop] Pod 'test-hivemq-platform-alpha-tier2-0' condition 'Initialized': False
2025-01-28 21:19:27,156 INFO c.h.h.t.HelmChartContainer - [hivemq-test-hivemq-platform] [hivemq-platform-operator] [9a2b71d5] 21:19:27.144 [ReconcilerExecutor-hivemq-controller-87] DEBUG c.h.p.o.h.HiveMQPlatformReconcilerErrorHandler - [customop] Pod 'test-hivemq-platform-alpha-tier2-0' condition 'Ready': False
2025-01-28 21:19:27,156 INFO c.h.h.t.HelmChartContainer - [hivemq-test-hivemq-platform] [hivemq-platform-operator] [9a2b71d5] 21:19:27.144 [ReconcilerExecutor-hivemq-controller-87] DEBUG c.h.p.o.h.HiveMQPlatformReconcilerErrorHandler - [customop] Pod 'test-hivemq-platform-alpha-tier2-0' condition 'ContainersReady': False
2025-01-28 21:19:27,156 INFO c.h.h.t.HelmChartContainer - [hivemq-test-hivemq-platform] [hivemq-platform-operator] [9a2b71d5] 21:19:27.144 [ReconcilerExecutor-hivemq-controller-77] INFO  c.h.p.o.h.HiveMQPlatformReconcilerBaseHandler - [customop] HiveMQ Platform is starting, 0 of 1 replicas are ready
2025-01-28 21:19:27,156 INFO c.h.h.t.HelmChartContainer - [hivemq-test-hivemq-platform] [hivemq-platform-operator] [9a2b71d5] 21:19:27.144 [ReconcilerExecutor-hivemq-controller-87] DEBUG c.h.p.o.h.HiveMQPlatformReconcilerErrorHandler - [customop] Pod 'test-hivemq-platform-alpha-tier2-0' condition 'PodScheduled': True
2025-01-28 21:19:27,156 INFO c.h.h.t.HelmChartContainer - [hivemq-test-hivemq-platform] [hivemq-platform-operator] [9a2b71d5] 21:19:27.144 [ReconcilerExecutor-hivemq-controller-87] DEBUG c.h.p.o.h.HiveMQPlatformReconcilerErrorHandler - [customop] Pod 'test-hivemq-platform-alpha-tier2-0' containerStatus 'hivemq' (started: false) (ready: false) (waiting: [PodInitializing] null)
2025-01-28 21:19:27,158 INFO c.h.h.t.HelmChartContainer - [hivemq-test-hivemq-platform] [hivemq-platform-operator] [9a2b71d5] 21:19:27.148 [ReconcilerExecutor-hivemq-controller-87] INFO  c.h.p.o.h.HiveMQPlatformReconcilerBaseHandler - [customop] HiveMQ Platform is starting, 0 of 1 replicas are ready
2025-01-28 21:19:27,159 INFO c.h.h.t.HelmChartContainer - [hivemq-test-hivemq-platform] [hivemq-platform-operator] [9a2b71d5] 21:19:27.155 [pool-6-thread-42] DEBUG c.h.p.o.d.PlatformServiceResource - [customop] Desired Platform services (3 services)
2025-01-28 21:19:27,159 INFO c.h.h.t.HelmChartContainer - [hivemq-test-hivemq-platform] [hivemq-platform-operator] [9a2b71d5] 21:19:27.156 [pool-6-thread-43] DEBUG c.h.p.o.dependants.PodInfoConfigMap - [customop] Desired PodInfo ConfigMap (1 extensions) (1 enabled)
2025-01-28 21:19:27,159 INFO c.h.h.t.HelmChartContainer - [hivemq-test-hivemq-platform] [hivemq-platform-operator] [9a2b71d5] 21:19:27.158 [pool-6-thread-43] DEBUG c.h.p.o.dependants.PodInfoConfigMap - [customop] Desired PodInfo ConfigMap (metrics port: 9399) (metrics path: /)
2025-01-28 21:19:27,159 INFO c.h.h.t.HelmChartContainer - [hivemq-test-hivemq-platform] [hivemq-platform-operator] [9a2b71d5] 21:19:27.158 [pool-6-thread-43] DEBUG c.h.p.o.dependants.PodInfoConfigMap - [customop] Desired PodInfo ConfigMap (extension state hash: -1817474005)
2025-01-28 21:19:27,165 INFO c.h.h.t.HelmChartContainer - [hivemq-test-hivemq-platform] [hivemq-platform-operator] [9a2b71d5] 21:19:27.164 [pool-6-thread-47] DEBUG c.h.p.o.d.PodServiceAccountResource - [customop] Desired PodServiceAccountResource (serviceAccountName: hivemq-platform-pod-test-hivemq-platform-alpha-tier3)
2025-01-28 21:19:27,199 INFO c.h.h.t.HelmChartContainer - [EVENT] Normal [Pulled] Container image "docker.io/hivemq/hivemq-platform-operator-init-test:snapshot" already present on machine [customoperatorselectorsit:test-hivemq-platform-alpha-tier2-0]
2025-01-28 21:19:27,205 INFO c.h.h.t.HelmChartContainer - [EVENT] Normal [Pulled] Container image "docker.io/hivemq/hivemq-platform-operator-init-test:snapshot" already present on machine [customoperatorselectorsit:test-hivemq-platform-alpha-tier3-0]
2025-01-28 21:19:27,250 INFO c.h.h.t.HelmChartContainer - [hivemq-test-hivemq-platform] [hivemq-platform-operator] [9a2b71d5] 21:19:27.247 [pool-6-thread-48] DEBUG c.h.p.o.d.PlatformServiceResource - [customop] Desired Platform services (3 services)
2025-01-28 21:19:27,250 INFO c.h.h.t.HelmChartContainer - [hivemq-test-hivemq-platform] [hivemq-platform-operator] [9a2b71d5] 21:19:27.248 [pool-6-thread-50] DEBUG c.h.p.o.d.StatefulSetResource - [customop] Desired StatefulSet (1 replicas) for status STARTING (READY)
2025-01-28 21:19:27,257 INFO c.h.h.t.HelmChartContainer - [hivemq-test-hivemq-platform] [hivemq-platform-operator] [9a2b71d5] 21:19:27.252 [pool-6-thread-16] DEBUG c.h.p.o.d.PodServiceAccountResource - [customop] Desired PodServiceAccountResource (serviceAccountName: hivemq-platform-pod-test-hivemq-platform-alpha-tier2)
2025-01-28 21:19:27,258 INFO c.h.h.t.HelmChartContainer - [hivemq-test-hivemq-platform] [hivemq-platform-operator] [9a2b71d5] 21:19:27.252 [pool-6-thread-42] DEBUG c.h.p.o.dependants.PodInfoConfigMap - [customop] Desired PodInfo ConfigMap (1 extensions) (1 enabled)
2025-01-28 21:19:27,258 INFO c.h.h.t.HelmChartContainer - [hivemq-test-hivemq-platform] [hivemq-platform-operator] [9a2b71d5] 21:19:27.255 [pool-6-thread-42] DEBUG c.h.p.o.dependants.PodInfoConfigMap - [customop] Desired PodInfo ConfigMap (metrics port: 9399) (metrics path: /)
2025-01-28 21:19:27,258 INFO c.h.h.t.HelmChartContainer - [hivemq-test-hivemq-platform] [hivemq-platform-operator] [9a2b71d5] 21:19:27.255 [pool-6-thread-42] DEBUG c.h.p.o.dependants.PodInfoConfigMap - [customop] Desired PodInfo ConfigMap (extension state hash: -1817474005)
2025-01-28 21:19:27,347 INFO c.h.h.t.HelmChartContainer - [hivemq-test-hivemq-platform] [hivemq-platform-operator] [9a2b71d5] 21:19:27.343 [ReconcilerExecutor-hivemq-controller-99] INFO  c.h.p.o.HiveMQPlatformReconciler - [customop] Reconciling HiveMQ Platform 'test-hivemq-platform-alpha-tier3' in namespace 'customoperatorselectorsit'
2025-01-28 21:19:27,348 INFO c.h.h.t.HelmChartContainer - [hivemq-test-hivemq-platform] [hivemq-platform-operator] [9a2b71d5] 21:19:27.343 [ReconcilerExecutor-hivemq-controller-99] DEBUG c.h.p.o.HiveMQPlatformReconciler - [customop] Custom Resource Status STARTING - HiveMQ Platform is starting (READY)
2025-01-28 21:19:27,349 INFO c.h.h.t.HelmChartContainer - [hivemq-test-hivemq-platform] [hivemq-platform-operator] [9a2b71d5] 21:19:27.343 [ReconcilerExecutor-hivemq-controller-99] DEBUG c.h.p.o.HiveMQPlatformReconciler - [customop] Custom Resource Spec (replicas: 1) (extensions: 1)
2025-01-28 21:19:27,349 INFO c.h.h.t.HelmChartContainer - [hivemq-test-hivemq-platform] [hivemq-platform-operator] [9a2b71d5] 21:19:27.346 [ReconcilerExecutor-hivemq-controller-99] DEBUG c.h.p.o.HiveMQPlatformReconciler - [customop] StatefulSet Status (revision: test-hivemq-platform-alpha-tier3-7ccdb49877, replicas: 1, available: 0, ready: 0, current: 1, updated: 1)
2025-01-28 21:19:27,349 INFO c.h.h.t.HelmChartContainer - [hivemq-test-hivemq-platform] [hivemq-platform-operator] [9a2b71d5] 21:19:27.346 [ReconcilerExecutor-hivemq-controller-99] DEBUG c.h.p.o.HiveMQPlatformReconciler - [customop] StatefulSet Spec (replicas: 1, init containers: 1, containers: 1, volumes: 3)
2025-01-28 21:19:27,352 INFO c.h.h.t.HelmChartContainer - [hivemq-test-hivemq-platform] [hivemq-platform-operator] [9a2b71d5] 21:19:27.349 [ReconcilerExecutor-hivemq-controller-99] DEBUG c.h.p.o.h.HiveMQPlatformReconcilerErrorHandler - [customop] Pod 'test-hivemq-platform-alpha-tier3-0' phase Pending
2025-01-28 21:19:27,352 INFO c.h.h.t.HelmChartContainer - [hivemq-test-hivemq-platform] [hivemq-platform-operator] [9a2b71d5] 21:19:27.350 [ReconcilerExecutor-hivemq-controller-99] DEBUG c.h.p.o.h.HiveMQPlatformReconcilerErrorHandler - [customop] Pod 'test-hivemq-platform-alpha-tier3-0' condition 'PodReadyToStartContainers': False
2025-01-28 21:19:27,352 INFO c.h.h.t.HelmChartContainer - [hivemq-test-hivemq-platform] [hivemq-platform-operator] [9a2b71d5] 21:19:27.350 [ReconcilerExecutor-hivemq-controller-99] DEBUG c.h.p.o.h.HiveMQPlatformReconcilerErrorHandler - [customop] Pod 'test-hivemq-platform-alpha-tier3-0' condition 'Initialized': False
2025-01-28 21:19:27,353 INFO c.h.h.t.HelmChartContainer - [hivemq-test-hivemq-platform] [hivemq-platform-operator] [9a2b71d5] 21:19:27.350 [ReconcilerExecutor-hivemq-controller-99] DEBUG c.h.p.o.h.HiveMQPlatformReconcilerErrorHandler - [customop] Pod 'test-hivemq-platform-alpha-tier3-0' condition 'Ready': False
2025-01-28 21:19:27,353 INFO c.h.h.t.HelmChartContainer - [hivemq-test-hivemq-platform] [hivemq-platform-operator] [9a2b71d5] 21:19:27.350 [ReconcilerExecutor-hivemq-controller-99] DEBUG c.h.p.o.h.HiveMQPlatformReconcilerErrorHandler - [customop] Pod 'test-hivemq-platform-alpha-tier3-0' condition 'ContainersReady': False
2025-01-28 21:19:27,354 INFO c.h.h.t.HelmChartContainer - [hivemq-test-hivemq-platform] [hivemq-platform-operator] [9a2b71d5] 21:19:27.350 [ReconcilerExecutor-hivemq-controller-99] DEBUG c.h.p.o.h.HiveMQPlatformReconcilerErrorHandler - [customop] Pod 'test-hivemq-platform-alpha-tier3-0' condition 'PodScheduled': True
2025-01-28 21:19:27,354 INFO c.h.h.t.HelmChartContainer - [hivemq-test-hivemq-platform] [hivemq-platform-operator] [9a2b71d5] 21:19:27.350 [ReconcilerExecutor-hivemq-controller-99] DEBUG c.h.p.o.h.HiveMQPlatformReconcilerErrorHandler - [customop] Pod 'test-hivemq-platform-alpha-tier3-0' containerStatus 'hivemq' (started: false) (ready: false) (waiting: [PodInitializing] null)
2025-01-28 21:19:27,354 INFO c.h.h.t.HelmChartContainer - [hivemq-test-hivemq-platform] [hivemq-platform-operator] [9a2b71d5] 21:19:27.351 [ReconcilerExecutor-hivemq-controller-99] INFO  c.h.p.o.h.HiveMQPlatformReconcilerBaseHandler - [customop] HiveMQ Platform is starting, 0 of 1 replicas are ready
2025-01-28 21:19:27,355 INFO c.h.h.t.HelmChartContainer - [hivemq-test-hivemq-platform] [hivemq-platform-operator] [9a2b71d5] 21:19:27.353 [pool-6-thread-49] DEBUG c.h.p.o.d.StatefulSetResource - [customop] Desired StatefulSet (1 replicas) for status STARTING (READY)
2025-01-28 21:19:27,359 INFO c.h.h.t.HelmChartContainer - [hivemq-test-hivemq-platform] [hivemq-platform-operator] [9a2b71d5] 21:19:27.357 [ReconcilerExecutor-hivemq-controller-106] INFO  c.h.p.o.HiveMQPlatformReconciler - [customop] Reconciling HiveMQ Platform 'test-hivemq-platform-alpha-tier2' in namespace 'customoperatorselectorsit'
2025-01-28 21:19:27,360 INFO c.h.h.t.HelmChartContainer - [hivemq-test-hivemq-platform] [hivemq-platform-operator] [9a2b71d5] 21:19:27.358 [ReconcilerExecutor-hivemq-controller-106] DEBUG c.h.p.o.HiveMQPlatformReconciler - [customop] Custom Resource Status STARTING - HiveMQ Platform is starting (READY)
2025-01-28 21:19:27,360 INFO c.h.h.t.HelmChartContainer - [hivemq-test-hivemq-platform] [hivemq-platform-operator] [9a2b71d5] 21:19:27.358 [ReconcilerExecutor-hivemq-controller-106] DEBUG c.h.p.o.HiveMQPlatformReconciler - [customop] Custom Resource Spec (replicas: 1) (extensions: 1)
2025-01-28 21:19:27,444 INFO c.h.h.t.HelmChartContainer - [hivemq-test-hivemq-platform] [hivemq-platform-operator] [9a2b71d5] 21:19:27.442 [ReconcilerExecutor-hivemq-controller-106] DEBUG c.h.p.o.HiveMQPlatformReconciler - [customop] StatefulSet Status (revision: test-hivemq-platform-alpha-tier2-5888b5495b, replicas: 1, available: 0, ready: 0, current: 1, updated: 1)
2025-01-28 21:19:27,448 INFO c.h.h.t.HelmChartContainer - [hivemq-test-hivemq-platform] [hivemq-platform-operator] [9a2b71d5] 21:19:27.442 [ReconcilerExecutor-hivemq-controller-106] DEBUG c.h.p.o.HiveMQPlatformReconciler - [customop] StatefulSet Spec (replicas: 1, init containers: 1, containers: 1, volumes: 3)
2025-01-28 21:19:27,449 INFO c.h.h.t.HelmChartContainer - [EVENT] Normal [Created] Created container: hivemq-platform-operator-init [customoperatorselectorsit:test-hivemq-platform-alpha-tier3-0]
2025-01-28 21:19:27,456 INFO c.h.h.t.HelmChartContainer - [EVENT] Normal [Created] Created container: hivemq-platform-operator-init [customoperatorselectorsit:test-hivemq-platform-alpha-tier2-0]
2025-01-28 21:19:27,457 INFO c.h.h.t.HelmChartContainer - [hivemq-test-hivemq-platform] [hivemq-platform-operator] [9a2b71d5] 21:19:27.447 [ReconcilerExecutor-hivemq-controller-106] DEBUG c.h.p.o.h.HiveMQPlatformReconcilerErrorHandler - [customop] Pod 'test-hivemq-platform-alpha-tier2-0' phase Pending
2025-01-28 21:19:27,457 INFO c.h.h.t.HelmChartContainer - [hivemq-test-hivemq-platform] [hivemq-platform-operator] [9a2b71d5] 21:19:27.455 [ReconcilerExecutor-hivemq-controller-106] DEBUG c.h.p.o.h.HiveMQPlatformReconcilerErrorHandler - [customop] Pod 'test-hivemq-platform-alpha-tier2-0' condition 'PodReadyToStartContainers': False
2025-01-28 21:19:27,457 INFO c.h.h.t.HelmChartContainer - [hivemq-test-hivemq-platform] [hivemq-platform-operator] [9a2b71d5] 21:19:27.455 [ReconcilerExecutor-hivemq-controller-106] DEBUG c.h.p.o.h.HiveMQPlatformReconcilerErrorHandler - [customop] Pod 'test-hivemq-platform-alpha-tier2-0' condition 'Initialized': False
2025-01-28 21:19:27,457 INFO c.h.h.t.HelmChartContainer - [hivemq-test-hivemq-platform] [hivemq-platform-operator] [9a2b71d5] 21:19:27.455 [ReconcilerExecutor-hivemq-controller-106] DEBUG c.h.p.o.h.HiveMQPlatformReconcilerErrorHandler - [customop] Pod 'test-hivemq-platform-alpha-tier2-0' condition 'Ready': False
2025-01-28 21:19:27,457 INFO c.h.h.t.HelmChartContainer - [hivemq-test-hivemq-platform] [hivemq-platform-operator] [9a2b71d5] 21:19:27.455 [ReconcilerExecutor-hivemq-controller-106] DEBUG c.h.p.o.h.HiveMQPlatformReconcilerErrorHandler - [customop] Pod 'test-hivemq-platform-alpha-tier2-0' condition 'ContainersReady': False
2025-01-28 21:19:27,457 INFO c.h.h.t.HelmChartContainer - [hivemq-test-hivemq-platform] [hivemq-platform-operator] [9a2b71d5] 21:19:27.455 [ReconcilerExecutor-hivemq-controller-106] DEBUG c.h.p.o.h.HiveMQPlatformReconcilerErrorHandler - [customop] Pod 'test-hivemq-platform-alpha-tier2-0' condition 'PodScheduled': True
2025-01-28 21:19:27,457 INFO c.h.h.t.HelmChartContainer - [hivemq-test-hivemq-platform] [hivemq-platform-operator] [9a2b71d5] 21:19:27.455 [ReconcilerExecutor-hivemq-controller-106] DEBUG c.h.p.o.h.HiveMQPlatformReconcilerErrorHandler - [customop] Pod 'test-hivemq-platform-alpha-tier2-0' containerStatus 'hivemq' (started: false) (ready: false) (waiting: [PodInitializing] null)
2025-01-28 21:19:27,457 INFO c.h.h.t.HelmChartContainer - [hivemq-test-hivemq-platform] [hivemq-platform-operator] [9a2b71d5] 21:19:27.456 [ReconcilerExecutor-hivemq-controller-106] INFO  c.h.p.o.h.HiveMQPlatformReconcilerBaseHandler - [customop] HiveMQ Platform is starting, 0 of 1 replicas are ready
2025-01-28 21:19:27,504 INFO c.h.h.t.HelmChartContainer - [EVENT] Normal [Started] Started container hivemq-platform-operator-init [customoperatorselectorsit:test-hivemq-platform-alpha-tier2-0]
2025-01-28 21:19:27,506 INFO c.h.h.t.HelmChartContainer - [EVENT] Normal [Started] Started container hivemq-platform-operator-init [customoperatorselectorsit:test-hivemq-platform-alpha-tier3-0]
2025-01-28 21:19:27,530 INFO c.h.h.t.HelmChartContainer - [POD] test-hivemq-platform-alpha-tier2-0 [26aeac9f-57eb-4ffe-ade0-5b91bfbeae1d] in customoperatorselectorsit was MODIFIED
2025-01-28 21:19:27,551 INFO c.h.h.t.HelmChartContainer - [POD] test-hivemq-platform-alpha-tier3-0 [6f3eb4f0-7705-45db-9ae0-fb4e3a85db63] in customoperatorselectorsit was MODIFIED
2025-01-28 21:19:27,568 INFO c.h.h.t.HelmChartContainer - [hivemq-test-hivemq-platform] [hivemq-platform-operator] [9a2b71d5] 21:19:27.565 [pool-6-thread-4] DEBUG c.h.p.o.d.PlatformServiceResource - [customop] Desired Platform services (3 services)
2025-01-28 21:19:27,570 INFO c.h.h.t.HelmChartContainer - [hivemq-test-hivemq-platform] [hivemq-platform-operator] [9a2b71d5] 21:19:27.569 [pool-6-thread-1] DEBUG c.h.p.o.dependants.PodInfoConfigMap - [customop] Desired PodInfo ConfigMap (1 extensions) (1 enabled)
2025-01-28 21:19:27,571 INFO c.h.h.t.HelmChartContainer - [hivemq-test-hivemq-platform] [hivemq-platform-operator] [9a2b71d5] 21:19:27.570 [pool-6-thread-1] DEBUG c.h.p.o.dependants.PodInfoConfigMap - [customop] Desired PodInfo ConfigMap (metrics port: 9399) (metrics path: /)
2025-01-28 21:19:27,574 INFO c.h.h.t.HelmChartContainer - [hivemq-test-hivemq-platform] [hivemq-platform-operator] [9a2b71d5] 21:19:27.572 [pool-6-thread-1] DEBUG c.h.p.o.dependants.PodInfoConfigMap - [customop] Desired PodInfo ConfigMap (extension state hash: -1817474005)
2025-01-28 21:19:27,680 INFO c.h.h.t.HelmChartContainer - [hivemq-test-hivemq-platform] [hivemq-platform-operator] [9a2b71d5] 21:19:27.599 [pool-6-thread-9] DEBUG c.h.p.o.d.PlatformServiceResource - [customop] Desired Platform services (3 services)
2025-01-28 21:19:27,680 INFO c.h.h.t.HelmChartContainer - [hivemq-test-hivemq-platform] [hivemq-platform-operator] [9a2b71d5] 21:19:27.572 [pool-6-thread-2] DEBUG c.h.p.o.d.PodServiceAccountResource - [customop] Desired PodServiceAccountResource (serviceAccountName: hivemq-platform-pod-test-hivemq-platform-alpha-tier2)
2025-01-28 21:19:27,680 INFO c.h.h.t.HelmChartContainer - [hivemq-test-hivemq-platform] [hivemq-platform-operator] [9a2b71d5] 21:19:27.642 [pool-6-thread-3] DEBUG c.h.p.o.dependants.PodInfoConfigMap - [customop] Desired PodInfo ConfigMap (1 extensions) (1 enabled)
2025-01-28 21:19:27,680 INFO c.h.h.t.HelmChartContainer - [hivemq-test-hivemq-platform] [hivemq-platform-operator] [9a2b71d5] 21:19:27.642 [pool-6-thread-3] DEBUG c.h.p.o.dependants.PodInfoConfigMap - [customop] Desired PodInfo ConfigMap (metrics port: 9399) (metrics path: /)
2025-01-28 21:19:27,680 INFO c.h.h.t.HelmChartContainer - [hivemq-test-hivemq-platform] [hivemq-platform-operator] [9a2b71d5] 21:19:27.642 [pool-6-thread-3] DEBUG c.h.p.o.dependants.PodInfoConfigMap - [customop] Desired PodInfo ConfigMap (extension state hash: -1817474005)
2025-01-28 21:19:27,680 INFO c.h.h.t.HelmChartContainer - [hivemq-test-hivemq-platform] [hivemq-platform-operator] [9a2b71d5] 21:19:27.644 [pool-6-thread-2] DEBUG c.h.p.o.d.PodServiceAccountResource - [customop] Desired PodServiceAccountResource (serviceAccountName: hivemq-platform-pod-test-hivemq-platform-alpha-tier3)
2025-01-28 21:19:27,680 INFO c.h.h.t.HelmChartContainer - [hivemq-test-hivemq-platform] [hivemq-platform-operator] [9a2b71d5] 21:19:27.651 [pool-6-thread-4] DEBUG c.h.p.o.d.StatefulSetResource - [customop] Desired StatefulSet (1 replicas) for status STARTING (READY)
2025-01-28 21:19:27,680 INFO c.h.h.t.HelmChartContainer - [hivemq-test-hivemq-platform] [hivemq-platform-operator] [9a2b71d5] 21:19:27.653 [pool-6-thread-35] DEBUG c.h.p.o.d.StatefulSetResource - [customop] Desired StatefulSet (1 replicas) for status STARTING (READY)
2025-01-28 21:19:27,680 INFO c.h.h.t.HelmChartContainer - [hivemq-test-hivemq-platform] [hivemq-platform-operator] [9a2b71d5] 21:19:27.658 [ReconcilerExecutor-hivemq-controller-111] INFO  c.h.p.o.HiveMQPlatformReconciler - [customop] Reconciling HiveMQ Platform 'test-hivemq-platform-alpha-tier2' in namespace 'customoperatorselectorsit'
2025-01-28 21:19:27,680 INFO c.h.h.t.HelmChartContainer - [hivemq-test-hivemq-platform] [hivemq-platform-operator] [9a2b71d5] 21:19:27.658 [ReconcilerExecutor-hivemq-controller-111] DEBUG c.h.p.o.HiveMQPlatformReconciler - [customop] Custom Resource Status STARTING - HiveMQ Platform is starting (READY)
2025-01-28 21:19:27,680 INFO c.h.h.t.HelmChartContainer - [hivemq-test-hivemq-platform] [hivemq-platform-operator] [9a2b71d5] 21:19:27.658 [ReconcilerExecutor-hivemq-controller-111] DEBUG c.h.p.o.HiveMQPlatformReconciler - [customop] Custom Resource Spec (replicas: 1) (extensions: 1)
2025-01-28 21:19:27,680 INFO c.h.h.t.HelmChartContainer - [hivemq-test-hivemq-platform] [hivemq-platform-operator] [9a2b71d5] 21:19:27.660 [ReconcilerExecutor-hivemq-controller-111] DEBUG c.h.p.o.HiveMQPlatformReconciler - [customop] StatefulSet Status (revision: test-hivemq-platform-alpha-tier2-5888b5495b, replicas: 1, available: 0, ready: 0, current: 1, updated: 1)
2025-01-28 21:19:27,680 INFO c.h.h.t.HelmChartContainer - [hivemq-test-hivemq-platform] [hivemq-platform-operator] [9a2b71d5] 21:19:27.660 [ReconcilerExecutor-hivemq-controller-111] DEBUG c.h.p.o.HiveMQPlatformReconciler - [customop] StatefulSet Spec (replicas: 1, init containers: 1, containers: 1, volumes: 3)
2025-01-28 21:19:27,747 INFO c.h.h.t.HelmChartContainer - [hivemq-test-hivemq-platform] [hivemq-platform-operator] [9a2b71d5] 21:19:27.744 [ReconcilerExecutor-hivemq-controller-111] DEBUG c.h.p.o.h.HiveMQPlatformReconcilerErrorHandler - [customop] Pod 'test-hivemq-platform-alpha-tier2-0' phase Pending
2025-01-28 21:19:27,747 INFO c.h.h.t.HelmChartContainer - [hivemq-test-hivemq-platform] [hivemq-platform-operator] [9a2b71d5] 21:19:27.744 [ReconcilerExecutor-hivemq-controller-111] DEBUG c.h.p.o.h.HiveMQPlatformReconcilerErrorHandler - [customop] Pod 'test-hivemq-platform-alpha-tier2-0' condition 'PodReadyToStartContainers': True
2025-01-28 21:19:27,747 INFO c.h.h.t.HelmChartContainer - [hivemq-test-hivemq-platform] [hivemq-platform-operator] [9a2b71d5] 21:19:27.744 [ReconcilerExecutor-hivemq-controller-111] DEBUG c.h.p.o.h.HiveMQPlatformReconcilerErrorHandler - [customop] Pod 'test-hivemq-platform-alpha-tier2-0' condition 'Initialized': False
2025-01-28 21:19:27,747 INFO c.h.h.t.HelmChartContainer - [hivemq-test-hivemq-platform] [hivemq-platform-operator] [9a2b71d5] 21:19:27.744 [ReconcilerExecutor-hivemq-controller-111] DEBUG c.h.p.o.h.HiveMQPlatformReconcilerErrorHandler - [customop] Pod 'test-hivemq-platform-alpha-tier2-0' condition 'Ready': False
2025-01-28 21:19:27,747 INFO c.h.h.t.HelmChartContainer - [hivemq-test-hivemq-platform] [hivemq-platform-operator] [9a2b71d5] 21:19:27.744 [ReconcilerExecutor-hivemq-controller-111] DEBUG c.h.p.o.h.HiveMQPlatformReconcilerErrorHandler - [customop] Pod 'test-hivemq-platform-alpha-tier2-0' condition 'ContainersReady': False
2025-01-28 21:19:27,748 INFO c.h.h.t.HelmChartContainer - [hivemq-test-hivemq-platform] [hivemq-platform-operator] [9a2b71d5] 21:19:27.744 [ReconcilerExecutor-hivemq-controller-111] DEBUG c.h.p.o.h.HiveMQPlatformReconcilerErrorHandler - [customop] Pod 'test-hivemq-platform-alpha-tier2-0' condition 'PodScheduled': True
2025-01-28 21:19:27,748 INFO c.h.h.t.HelmChartContainer - [hivemq-test-hivemq-platform] [hivemq-platform-operator] [9a2b71d5] 21:19:27.744 [ReconcilerExecutor-hivemq-controller-111] DEBUG c.h.p.o.h.HiveMQPlatformReconcilerErrorHandler - [customop] Pod 'test-hivemq-platform-alpha-tier2-0' containerStatus 'hivemq' (started: false) (ready: false) (waiting: [PodInitializing] null)
2025-01-28 21:19:27,748 INFO c.h.h.t.HelmChartContainer - [hivemq-test-hivemq-platform] [hivemq-platform-operator] [9a2b71d5] 21:19:27.745 [ReconcilerExecutor-hivemq-controller-111] INFO  c.h.p.o.h.HiveMQPlatformReconcilerBaseHandler - [customop] HiveMQ Platform is starting, 0 of 1 replicas are ready
2025-01-28 21:19:27,748 INFO c.h.h.t.HelmChartContainer - [hivemq-test-hivemq-platform] [hivemq-platform-operator] [9a2b71d5] 21:19:27.745 [ReconcilerExecutor-hivemq-controller-112] INFO  c.h.p.o.HiveMQPlatformReconciler - [customop] Reconciling HiveMQ Platform 'test-hivemq-platform-alpha-tier3' in namespace 'customoperatorselectorsit'
2025-01-28 21:19:27,748 INFO c.h.h.t.HelmChartContainer - [hivemq-test-hivemq-platform] [hivemq-platform-operator] [9a2b71d5] 21:19:27.745 [ReconcilerExecutor-hivemq-controller-112] DEBUG c.h.p.o.HiveMQPlatformReconciler - [customop] Custom Resource Status STARTING - HiveMQ Platform is starting (READY)
2025-01-28 21:19:27,748 INFO c.h.h.t.HelmChartContainer - [hivemq-test-hivemq-platform] [hivemq-platform-operator] [9a2b71d5] 21:19:27.745 [ReconcilerExecutor-hivemq-controller-112] DEBUG c.h.p.o.HiveMQPlatformReconciler - [customop] Custom Resource Spec (replicas: 1) (extensions: 1)
2025-01-28 21:19:27,753 INFO c.h.h.t.HelmChartContainer - [hivemq-test-hivemq-platform] [hivemq-platform-operator] [9a2b71d5] 21:19:27.748 [ReconcilerExecutor-hivemq-controller-112] DEBUG c.h.p.o.HiveMQPlatformReconciler - [customop] StatefulSet Status (revision: test-hivemq-platform-alpha-tier3-7ccdb49877, replicas: 1, available: 0, ready: 0, current: 1, updated: 1)
2025-01-28 21:19:27,753 INFO c.h.h.t.HelmChartContainer - [hivemq-test-hivemq-platform] [hivemq-platform-operator] [9a2b71d5] 21:19:27.748 [ReconcilerExecutor-hivemq-controller-112] DEBUG c.h.p.o.HiveMQPlatformReconciler - [customop] StatefulSet Spec (replicas: 1, init containers: 1, containers: 1, volumes: 3)
2025-01-28 21:19:27,753 INFO c.h.h.t.HelmChartContainer - [hivemq-test-hivemq-platform] [hivemq-platform-operator] [9a2b71d5] 21:19:27.750 [ReconcilerExecutor-hivemq-controller-112] DEBUG c.h.p.o.h.HiveMQPlatformReconcilerErrorHandler - [customop] Pod 'test-hivemq-platform-alpha-tier3-0' phase Pending
2025-01-28 21:19:27,753 INFO c.h.h.t.HelmChartContainer - [hivemq-test-hivemq-platform] [hivemq-platform-operator] [9a2b71d5] 21:19:27.750 [ReconcilerExecutor-hivemq-controller-112] DEBUG c.h.p.o.h.HiveMQPlatformReconcilerErrorHandler - [customop] Pod 'test-hivemq-platform-alpha-tier3-0' condition 'PodReadyToStartContainers': True
2025-01-28 21:19:27,753 INFO c.h.h.t.HelmChartContainer - [hivemq-test-hivemq-platform] [hivemq-platform-operator] [9a2b71d5] 21:19:27.750 [ReconcilerExecutor-hivemq-controller-112] DEBUG c.h.p.o.h.HiveMQPlatformReconcilerErrorHandler - [customop] Pod 'test-hivemq-platform-alpha-tier3-0' condition 'Initialized': False
2025-01-28 21:19:27,753 INFO c.h.h.t.HelmChartContainer - [hivemq-test-hivemq-platform] [hivemq-platform-operator] [9a2b71d5] 21:19:27.750 [ReconcilerExecutor-hivemq-controller-112] DEBUG c.h.p.o.h.HiveMQPlatformReconcilerErrorHandler - [customop] Pod 'test-hivemq-platform-alpha-tier3-0' condition 'Ready': False
2025-01-28 21:19:27,760 INFO c.h.h.t.HelmChartContainer - [hivemq-test-hivemq-platform] [hivemq-platform-operator] [9a2b71d5] 21:19:27.750 [ReconcilerExecutor-hivemq-controller-112] DEBUG c.h.p.o.h.HiveMQPlatformReconcilerErrorHandler - [customop] Pod 'test-hivemq-platform-alpha-tier3-0' condition 'ContainersReady': False
2025-01-28 21:19:27,760 INFO c.h.h.t.HelmChartContainer - [hivemq-test-hivemq-platform] [hivemq-platform-operator] [9a2b71d5] 21:19:27.750 [ReconcilerExecutor-hivemq-controller-112] DEBUG c.h.p.o.h.HiveMQPlatformReconcilerErrorHandler - [customop] Pod 'test-hivemq-platform-alpha-tier3-0' condition 'PodScheduled': True
2025-01-28 21:19:27,760 INFO c.h.h.t.HelmChartContainer - [hivemq-test-hivemq-platform] [hivemq-platform-operator] [9a2b71d5] 21:19:27.750 [ReconcilerExecutor-hivemq-controller-112] DEBUG c.h.p.o.h.HiveMQPlatformReconcilerErrorHandler - [customop] Pod 'test-hivemq-platform-alpha-tier3-0' containerStatus 'hivemq' (started: false) (ready: false) (waiting: [PodInitializing] null)
2025-01-28 21:19:27,760 INFO c.h.h.t.HelmChartContainer - [hivemq-test-hivemq-platform] [hivemq-platform-operator] [9a2b71d5] 21:19:27.751 [ReconcilerExecutor-hivemq-controller-112] INFO  c.h.p.o.h.HiveMQPlatformReconcilerBaseHandler - [customop] HiveMQ Platform is starting, 0 of 1 replicas are ready
2025-01-28 21:19:28,528 INFO c.h.h.t.HelmChartContainer - [EVENT] Normal [Pulled] Container image "docker.io/hivemq/hivemq4:4.36.0" already present on machine [customoperatorselectorsit:test-hivemq-platform-alpha-tier2-0]
2025-01-28 21:19:28,528 INFO c.h.h.t.HelmChartContainer - Received Pulled event for container hivemq in pod test-hivemq-platform-alpha-tier2-0 [26aeac9f-57eb-4ffe-ade0-5b91bfbeae1d]
2025-01-28 21:19:28,533 INFO c.h.h.t.HelmChartContainer - [EVENT] Normal [Pulled] Container image "docker.io/hivemq/hivemq4:4.36.0" already present on machine [customoperatorselectorsit:test-hivemq-platform-alpha-tier3-0]
2025-01-28 21:19:28,534 INFO c.h.h.t.HelmChartContainer - Received Pulled event for container hivemq in pod test-hivemq-platform-alpha-tier3-0 [6f3eb4f0-7705-45db-9ae0-fb4e3a85db63]
2025-01-28 21:19:28,539 INFO c.h.h.t.HelmChartContainer - [POD] test-hivemq-platform-alpha-tier2-0 [26aeac9f-57eb-4ffe-ade0-5b91bfbeae1d] in customoperatorselectorsit was MODIFIED
2025-01-28 21:19:28,558 INFO c.h.h.t.HelmChartContainer - [hivemq-test-hivemq-platform] [hivemq-platform-operator] [9a2b71d5] 21:19:28.553 [pool-6-thread-34] DEBUG c.h.p.o.d.PlatformServiceResource - [customop] Desired Platform services (3 services)
2025-01-28 21:19:28,558 INFO c.h.h.t.HelmChartContainer - [hivemq-test-hivemq-platform] [hivemq-platform-operator] [9a2b71d5] 21:19:28.556 [pool-6-thread-33] DEBUG c.h.p.o.dependants.PodInfoConfigMap - [customop] Desired PodInfo ConfigMap (1 extensions) (1 enabled)
2025-01-28 21:19:28,558 INFO c.h.h.t.HelmChartContainer - [hivemq-test-hivemq-platform] [hivemq-platform-operator] [9a2b71d5] 21:19:28.556 [pool-6-thread-33] DEBUG c.h.p.o.dependants.PodInfoConfigMap - [customop] Desired PodInfo ConfigMap (metrics port: 9399) (metrics path: /)
2025-01-28 21:19:28,558 INFO c.h.h.t.HelmChartContainer - [hivemq-test-hivemq-platform] [hivemq-platform-operator] [9a2b71d5] 21:19:28.556 [pool-6-thread-33] DEBUG c.h.p.o.dependants.PodInfoConfigMap - [customop] Desired PodInfo ConfigMap (extension state hash: -1817474005)
2025-01-28 21:19:28,564 INFO c.h.h.t.HelmChartContainer - [hivemq-test-hivemq-platform] [hivemq-platform-operator] [9a2b71d5] 21:19:28.563 [pool-6-thread-33] DEBUG c.h.p.o.d.PodServiceAccountResource - [customop] Desired PodServiceAccountResource (serviceAccountName: hivemq-platform-pod-test-hivemq-platform-alpha-tier2)
2025-01-28 21:19:28,567 INFO c.h.h.t.HelmChartContainer - [hivemq-test-hivemq-platform] [hivemq-platform-operator] [9a2b71d5] 21:19:28.563 [pool-6-thread-38] DEBUG c.h.p.o.d.PlatformServiceResource - [customop] Desired Platform services (3 services)
2025-01-28 21:19:28,567 INFO c.h.h.t.HelmChartContainer - [hivemq-test-hivemq-platform] [hivemq-platform-operator] [9a2b71d5] 21:19:28.565 [pool-6-thread-37] DEBUG c.h.p.o.dependants.PodInfoConfigMap - [customop] Desired PodInfo ConfigMap (1 extensions) (1 enabled)
2025-01-28 21:19:28,567 INFO c.h.h.t.HelmChartContainer - [hivemq-test-hivemq-platform] [hivemq-platform-operator] [9a2b71d5] 21:19:28.565 [pool-6-thread-37] DEBUG c.h.p.o.dependants.PodInfoConfigMap - [customop] Desired PodInfo ConfigMap (metrics port: 9399) (metrics path: /)
2025-01-28 21:19:28,567 INFO c.h.h.t.HelmChartContainer - [hivemq-test-hivemq-platform] [hivemq-platform-operator] [9a2b71d5] 21:19:28.565 [pool-6-thread-37] DEBUG c.h.p.o.dependants.PodInfoConfigMap - [customop] Desired PodInfo ConfigMap (extension state hash: -1817474005)
2025-01-28 21:19:28,567 INFO c.h.h.t.HelmChartContainer - [hivemq-test-hivemq-platform] [hivemq-platform-operator] [9a2b71d5] 21:19:28.566 [pool-6-thread-39] DEBUG c.h.p.o.d.PodServiceAccountResource - [customop] Desired PodServiceAccountResource (serviceAccountName: hivemq-platform-pod-test-hivemq-platform-alpha-tier3)
2025-01-28 21:19:28,568 INFO c.h.h.t.HelmChartContainer - [POD] test-hivemq-platform-alpha-tier3-0 [6f3eb4f0-7705-45db-9ae0-fb4e3a85db63] in customoperatorselectorsit was MODIFIED
2025-01-28 21:19:28,648 INFO c.h.h.t.HelmChartContainer - [hivemq-test-hivemq-platform] [hivemq-platform-operator] [9a2b71d5] 21:19:28.642 [pool-6-thread-34] DEBUG c.h.p.o.d.StatefulSetResource - [customop] Desired StatefulSet (1 replicas) for status STARTING (READY)
2025-01-28 21:19:28,660 INFO c.h.h.t.HelmChartContainer - [hivemq-test-hivemq-platform] [hivemq-platform-operator] [9a2b71d5] 21:19:28.652 [ReconcilerExecutor-hivemq-controller-113] INFO  c.h.p.o.HiveMQPlatformReconciler - [customop] Reconciling HiveMQ Platform 'test-hivemq-platform-alpha-tier2' in namespace 'customoperatorselectorsit'
2025-01-28 21:19:28,660 INFO c.h.h.t.HelmChartContainer - [hivemq-test-hivemq-platform] [hivemq-platform-operator] [9a2b71d5] 21:19:28.652 [ReconcilerExecutor-hivemq-controller-113] DEBUG c.h.p.o.HiveMQPlatformReconciler - [customop] Custom Resource Status STARTING - HiveMQ Platform is starting (READY)
2025-01-28 21:19:28,660 INFO c.h.h.t.HelmChartContainer - [hivemq-test-hivemq-platform] [hivemq-platform-operator] [9a2b71d5] 21:19:28.652 [ReconcilerExecutor-hivemq-controller-113] DEBUG c.h.p.o.HiveMQPlatformReconciler - [customop] Custom Resource Spec (replicas: 1) (extensions: 1)
2025-01-28 21:19:28,660 INFO c.h.h.t.HelmChartContainer - [hivemq-test-hivemq-platform] [hivemq-platform-operator] [9a2b71d5] 21:19:28.654 [ReconcilerExecutor-hivemq-controller-113] DEBUG c.h.p.o.HiveMQPlatformReconciler - [customop] StatefulSet Status (revision: test-hivemq-platform-alpha-tier2-5888b5495b, replicas: 1, available: 0, ready: 0, current: 1, updated: 1)
2025-01-28 21:19:28,660 INFO c.h.h.t.HelmChartContainer - [hivemq-test-hivemq-platform] [hivemq-platform-operator] [9a2b71d5] 21:19:28.654 [pool-6-thread-38] DEBUG c.h.p.o.d.StatefulSetResource - [customop] Desired StatefulSet (1 replicas) for status STARTING (READY)
2025-01-28 21:19:28,660 INFO c.h.h.t.HelmChartContainer - [hivemq-test-hivemq-platform] [hivemq-platform-operator] [9a2b71d5] 21:19:28.654 [ReconcilerExecutor-hivemq-controller-113] DEBUG c.h.p.o.HiveMQPlatformReconciler - [customop] StatefulSet Spec (replicas: 1, init containers: 1, containers: 1, volumes: 3)
2025-01-28 21:19:28,663 INFO c.h.h.t.HelmChartContainer - [hivemq-test-hivemq-platform] [hivemq-platform-operator] [9a2b71d5] 21:19:28.662 [ReconcilerExecutor-hivemq-controller-113] DEBUG c.h.p.o.h.HiveMQPlatformReconcilerErrorHandler - [customop] Pod 'test-hivemq-platform-alpha-tier2-0' phase Pending
2025-01-28 21:19:28,664 INFO c.h.h.t.HelmChartContainer - [hivemq-test-hivemq-platform] [hivemq-platform-operator] [9a2b71d5] 21:19:28.663 [ReconcilerExecutor-hivemq-controller-113] DEBUG c.h.p.o.h.HiveMQPlatformReconcilerErrorHandler - [customop] Pod 'test-hivemq-platform-alpha-tier2-0' condition 'PodReadyToStartContainers': True
2025-01-28 21:19:28,664 INFO c.h.h.t.HelmChartContainer - [hivemq-test-hivemq-platform] [hivemq-platform-operator] [9a2b71d5] 21:19:28.663 [ReconcilerExecutor-hivemq-controller-113] DEBUG c.h.p.o.h.HiveMQPlatformReconcilerErrorHandler - [customop] Pod 'test-hivemq-platform-alpha-tier2-0' condition 'Initialized': True
2025-01-28 21:19:28,664 INFO c.h.h.t.HelmChartContainer - [hivemq-test-hivemq-platform] [hivemq-platform-operator] [9a2b71d5] 21:19:28.663 [ReconcilerExecutor-hivemq-controller-113] DEBUG c.h.p.o.h.HiveMQPlatformReconcilerErrorHandler - [customop] Pod 'test-hivemq-platform-alpha-tier2-0' condition 'Ready': False
2025-01-28 21:19:28,664 INFO c.h.h.t.HelmChartContainer - [hivemq-test-hivemq-platform] [hivemq-platform-operator] [9a2b71d5] 21:19:28.663 [ReconcilerExecutor-hivemq-controller-113] DEBUG c.h.p.o.h.HiveMQPlatformReconcilerErrorHandler - [customop] Pod 'test-hivemq-platform-alpha-tier2-0' condition 'ContainersReady': False
2025-01-28 21:19:28,664 INFO c.h.h.t.HelmChartContainer - [hivemq-test-hivemq-platform] [hivemq-platform-operator] [9a2b71d5] 21:19:28.663 [ReconcilerExecutor-hivemq-controller-113] DEBUG c.h.p.o.h.HiveMQPlatformReconcilerErrorHandler - [customop] Pod 'test-hivemq-platform-alpha-tier2-0' condition 'PodScheduled': True
2025-01-28 21:19:28,664 INFO c.h.h.t.HelmChartContainer - [hivemq-test-hivemq-platform] [hivemq-platform-operator] [9a2b71d5] 21:19:28.663 [ReconcilerExecutor-hivemq-controller-113] DEBUG c.h.p.o.h.HiveMQPlatformReconcilerErrorHandler - [customop] Pod 'test-hivemq-platform-alpha-tier2-0' containerStatus 'hivemq' (started: false) (ready: false) (waiting: [PodInitializing] null)
2025-01-28 21:19:28,746 INFO c.h.h.t.HelmChartContainer - [hivemq-test-hivemq-platform] [hivemq-platform-operator] [9a2b71d5] 21:19:28.742 [ReconcilerExecutor-hivemq-controller-113] INFO  c.h.p.o.h.HiveMQPlatformReconcilerBaseHandler - [customop] HiveMQ Platform is starting, 0 of 1 replicas are ready
2025-01-28 21:19:28,746 INFO c.h.h.t.HelmChartContainer - [hivemq-test-hivemq-platform] [hivemq-platform-operator] [9a2b71d5] 21:19:28.742 [ReconcilerExecutor-hivemq-controller-114] INFO  c.h.p.o.HiveMQPlatformReconciler - [customop] Reconciling HiveMQ Platform 'test-hivemq-platform-alpha-tier3' in namespace 'customoperatorselectorsit'
2025-01-28 21:19:28,746 INFO c.h.h.t.HelmChartContainer - [hivemq-test-hivemq-platform] [hivemq-platform-operator] [9a2b71d5] 21:19:28.742 [ReconcilerExecutor-hivemq-controller-114] DEBUG c.h.p.o.HiveMQPlatformReconciler - [customop] Custom Resource Status STARTING - HiveMQ Platform is starting (READY)
2025-01-28 21:19:28,746 INFO c.h.h.t.HelmChartContainer - [hivemq-test-hivemq-platform] [hivemq-platform-operator] [9a2b71d5] 21:19:28.742 [ReconcilerExecutor-hivemq-controller-114] DEBUG c.h.p.o.HiveMQPlatformReconciler - [customop] Custom Resource Spec (replicas: 1) (extensions: 1)
2025-01-28 21:19:28,746 INFO c.h.h.t.HelmChartContainer - [hivemq-test-hivemq-platform] [hivemq-platform-operator] [9a2b71d5] 21:19:28.745 [ReconcilerExecutor-hivemq-controller-114] DEBUG c.h.p.o.HiveMQPlatformReconciler - [customop] StatefulSet Status (revision: test-hivemq-platform-alpha-tier3-7ccdb49877, replicas: 1, available: 0, ready: 0, current: 1, updated: 1)
2025-01-28 21:19:28,746 INFO c.h.h.t.HelmChartContainer - [hivemq-test-hivemq-platform] [hivemq-platform-operator] [9a2b71d5] 21:19:28.745 [ReconcilerExecutor-hivemq-controller-114] DEBUG c.h.p.o.HiveMQPlatformReconciler - [customop] StatefulSet Spec (replicas: 1, init containers: 1, containers: 1, volumes: 3)
2025-01-28 21:19:28,752 INFO c.h.h.t.HelmChartContainer - [hivemq-test-hivemq-platform] [hivemq-platform-operator] [9a2b71d5] 21:19:28.749 [ReconcilerExecutor-hivemq-controller-114] DEBUG c.h.p.o.h.HiveMQPlatformReconcilerErrorHandler - [customop] Pod 'test-hivemq-platform-alpha-tier3-0' phase Pending
2025-01-28 21:19:28,756 INFO c.h.h.t.HelmChartContainer - [hivemq-test-hivemq-platform] [hivemq-platform-operator] [9a2b71d5] 21:19:28.750 [ReconcilerExecutor-hivemq-controller-114] DEBUG c.h.p.o.h.HiveMQPlatformReconcilerErrorHandler - [customop] Pod 'test-hivemq-platform-alpha-tier3-0' condition 'PodReadyToStartContainers': True
2025-01-28 21:19:28,757 INFO c.h.h.t.HelmChartContainer - [hivemq-test-hivemq-platform] [hivemq-platform-operator] [9a2b71d5] 21:19:28.751 [ReconcilerExecutor-hivemq-controller-114] DEBUG c.h.p.o.h.HiveMQPlatformReconcilerErrorHandler - [customop] Pod 'test-hivemq-platform-alpha-tier3-0' condition 'Initialized': True
2025-01-28 21:19:28,757 INFO c.h.h.t.HelmChartContainer - [hivemq-test-hivemq-platform] [hivemq-platform-operator] [9a2b71d5] 21:19:28.751 [ReconcilerExecutor-hivemq-controller-114] DEBUG c.h.p.o.h.HiveMQPlatformReconcilerErrorHandler - [customop] Pod 'test-hivemq-platform-alpha-tier3-0' condition 'Ready': False
2025-01-28 21:19:28,757 INFO c.h.h.t.HelmChartContainer - [hivemq-test-hivemq-platform] [hivemq-platform-operator] [9a2b71d5] 21:19:28.751 [ReconcilerExecutor-hivemq-controller-114] DEBUG c.h.p.o.h.HiveMQPlatformReconcilerErrorHandler - [customop] Pod 'test-hivemq-platform-alpha-tier3-0' condition 'ContainersReady': False
2025-01-28 21:19:28,757 INFO c.h.h.t.HelmChartContainer - [hivemq-test-hivemq-platform] [hivemq-platform-operator] [9a2b71d5] 21:19:28.751 [ReconcilerExecutor-hivemq-controller-114] DEBUG c.h.p.o.h.HiveMQPlatformReconcilerErrorHandler - [customop] Pod 'test-hivemq-platform-alpha-tier3-0' condition 'PodScheduled': True
2025-01-28 21:19:28,757 INFO c.h.h.t.HelmChartContainer - [hivemq-test-hivemq-platform] [hivemq-platform-operator] [9a2b71d5] 21:19:28.751 [ReconcilerExecutor-hivemq-controller-114] DEBUG c.h.p.o.h.HiveMQPlatformReconcilerErrorHandler - [customop] Pod 'test-hivemq-platform-alpha-tier3-0' containerStatus 'hivemq' (started: false) (ready: false) (waiting: [PodInitializing] null)
2025-01-28 21:19:28,757 INFO c.h.h.t.HelmChartContainer - [hivemq-test-hivemq-platform] [hivemq-platform-operator] [9a2b71d5] 21:19:28.753 [ReconcilerExecutor-hivemq-controller-114] INFO  c.h.p.o.h.HiveMQPlatformReconcilerBaseHandler - [customop] HiveMQ Platform is starting, 0 of 1 replicas are ready
2025-01-28 21:19:30,082 INFO c.h.h.t.HelmChartContainer - [EVENT] Normal [Created] Created container: hivemq [customoperatorselectorsit:test-hivemq-platform-alpha-tier2-0]
2025-01-28 21:19:30,082 INFO c.h.h.t.HelmChartContainer - Received Created event for container hivemq in pod test-hivemq-platform-alpha-tier2-0 [26aeac9f-57eb-4ffe-ade0-5b91bfbeae1d]
2025-01-28 21:19:30,547 INFO c.h.h.t.HelmChartContainer - [POD] test-hivemq-platform-alpha-tier2-0 [26aeac9f-57eb-4ffe-ade0-5b91bfbeae1d] in customoperatorselectorsit was MODIFIED
2025-01-28 21:19:30,563 INFO c.h.h.t.HelmChartContainer - [EVENT] Normal [Created] Created container: hivemq [customoperatorselectorsit:test-hivemq-platform-alpha-tier3-0]
2025-01-28 21:19:30,563 INFO c.h.h.t.HelmChartContainer - Received Created event for container hivemq in pod test-hivemq-platform-alpha-tier3-0 [6f3eb4f0-7705-45db-9ae0-fb4e3a85db63]
2025-01-28 21:19:30,567 INFO c.h.h.t.HelmChartContainer - Started log watcher for hivemq in pod test-hivemq-platform-alpha-tier2-0 [26aeac9f-57eb-4ffe-ade0-5b91bfbeae1d]
2025-01-28 21:19:30,568 INFO c.h.h.t.HelmChartContainer - [hivemq-test-hivemq-platform] [hivemq-platform-operator] [9a2b71d5] 21:19:30.562 [pool-6-thread-11] DEBUG c.h.p.o.d.PlatformServiceResource - [customop] Desired Platform services (3 services)
2025-01-28 21:19:30,572 INFO c.h.h.t.HelmChartContainer - [test-hivemq-platform] [hivemq] [26aeac9f] Adding pre-installed HiveMQ Platform Operator extensions
2025-01-28 21:19:30,572 INFO c.h.h.t.HelmChartContainer - [test-hivemq-platform] [hivemq] [26aeac9f] Running as user 10000
2025-01-28 21:19:30,572 INFO c.h.h.t.HelmChartContainer - [test-hivemq-platform] [hivemq] [26aeac9f] Starting HiveMQ Platform Operator Init
2025-01-28 21:19:30,581 INFO c.h.h.t.HelmChartContainer - [hivemq-test-hivemq-platform] [hivemq-platform-operator] [9a2b71d5] 21:19:30.574 [pool-6-thread-45] DEBUG c.h.p.o.dependants.PodInfoConfigMap - [customop] Desired PodInfo ConfigMap (1 extensions) (1 enabled)
2025-01-28 21:19:30,581 INFO c.h.h.t.HelmChartContainer - [hivemq-test-hivemq-platform] [hivemq-platform-operator] [9a2b71d5] 21:19:30.574 [pool-6-thread-45] DEBUG c.h.p.o.dependants.PodInfoConfigMap - [customop] Desired PodInfo ConfigMap (metrics port: 9399) (metrics path: /)
2025-01-28 21:19:30,581 INFO c.h.h.t.HelmChartContainer - [hivemq-test-hivemq-platform] [hivemq-platform-operator] [9a2b71d5] 21:19:30.574 [pool-6-thread-45] DEBUG c.h.p.o.dependants.PodInfoConfigMap - [customop] Desired PodInfo ConfigMap (extension state hash: -1817474005)
2025-01-28 21:19:30,581 INFO c.h.h.t.HelmChartContainer - [hivemq-test-hivemq-platform] [hivemq-platform-operator] [9a2b71d5] 21:19:30.575 [pool-6-thread-50] DEBUG c.h.p.o.d.PodServiceAccountResource - [customop] Desired PodServiceAccountResource (serviceAccountName: hivemq-platform-pod-test-hivemq-platform-alpha-tier2)
2025-01-28 21:19:30,588 INFO c.h.h.t.HelmChartContainer - [POD] test-hivemq-platform-alpha-tier3-0 [6f3eb4f0-7705-45db-9ae0-fb4e3a85db63] in customoperatorselectorsit was MODIFIED
2025-01-28 21:19:30,595 INFO c.h.h.t.HelmChartContainer - [hivemq-test-hivemq-platform] [hivemq-platform-operator] [9a2b71d5] 21:19:30.594 [pool-6-thread-10] DEBUG c.h.p.o.d.PlatformServiceResource - [customop] Desired Platform services (3 services)
2025-01-28 21:19:30,598 INFO c.h.h.t.HelmChartContainer - [EVENT] Normal [Started] Started container hivemq [customoperatorselectorsit:test-hivemq-platform-alpha-tier2-0]
2025-01-28 21:19:30,599 INFO c.h.h.t.HelmChartContainer - Received Started event for container hivemq in pod test-hivemq-platform-alpha-tier2-0 [26aeac9f-57eb-4ffe-ade0-5b91bfbeae1d]
2025-01-28 21:19:30,599 INFO c.h.h.t.HelmChartContainer - [EVENT] Normal [Started] Started container hivemq [customoperatorselectorsit:test-hivemq-platform-alpha-tier3-0]
2025-01-28 21:19:30,599 INFO c.h.h.t.HelmChartContainer - Received Started event for container hivemq in pod test-hivemq-platform-alpha-tier3-0 [6f3eb4f0-7705-45db-9ae0-fb4e3a85db63]
2025-01-28 21:19:30,600 INFO c.h.h.t.HelmChartContainer - [hivemq-test-hivemq-platform] [hivemq-platform-operator] [9a2b71d5] 21:19:30.599 [pool-6-thread-3] DEBUG c.h.p.o.d.PodServiceAccountResource - [customop] Desired PodServiceAccountResource (serviceAccountName: hivemq-platform-pod-test-hivemq-platform-alpha-tier3)
2025-01-28 21:19:30,598 INFO c.h.h.t.HelmChartContainer - Started log watcher for hivemq in pod test-hivemq-platform-alpha-tier3-0 [6f3eb4f0-7705-45db-9ae0-fb4e3a85db63]
2025-01-28 21:19:30,600 INFO c.h.h.t.HelmChartContainer - [test-hivemq-platform] [hivemq] [6f3eb4f0] Adding pre-installed HiveMQ Platform Operator extensions
2025-01-28 21:19:30,600 INFO c.h.h.t.HelmChartContainer - [test-hivemq-platform] [hivemq] [6f3eb4f0] Running as user 10000
2025-01-28 21:19:30,601 INFO c.h.h.t.HelmChartContainer - [test-hivemq-platform] [hivemq] [6f3eb4f0] Starting HiveMQ Platform Operator Init
2025-01-28 21:19:30,645 INFO c.h.h.t.HelmChartContainer - [hivemq-test-hivemq-platform] [hivemq-platform-operator] [9a2b71d5] 21:19:30.592 [pool-6-thread-11] DEBUG c.h.p.o.d.StatefulSetResource - [customop] Desired StatefulSet (1 replicas) for status STARTING (READY)
2025-01-28 21:19:30,646 INFO c.h.h.t.HelmChartContainer - [hivemq-test-hivemq-platform] [hivemq-platform-operator] [9a2b71d5] 21:19:30.642 [pool-6-thread-13] DEBUG c.h.p.o.dependants.PodInfoConfigMap - [customop] Desired PodInfo ConfigMap (1 extensions) (1 enabled)
2025-01-28 21:19:30,646 INFO c.h.h.t.HelmChartContainer - [hivemq-test-hivemq-platform] [hivemq-platform-operator] [9a2b71d5] 21:19:30.644 [pool-6-thread-13] DEBUG c.h.p.o.dependants.PodInfoConfigMap - [customop] Desired PodInfo ConfigMap (metrics port: 9399) (metrics path: /)
2025-01-28 21:19:30,646 INFO c.h.h.t.HelmChartContainer - [hivemq-test-hivemq-platform] [hivemq-platform-operator] [9a2b71d5] 21:19:30.644 [pool-6-thread-13] DEBUG c.h.p.o.dependants.PodInfoConfigMap - [customop] Desired PodInfo ConfigMap (extension state hash: -1817474005)
2025-01-28 21:19:30,659 INFO c.h.h.t.HelmChartContainer - [hivemq-test-hivemq-platform] [hivemq-platform-operator] [9a2b71d5] 21:19:30.657 [ReconcilerExecutor-hivemq-controller-115] INFO  c.h.p.o.HiveMQPlatformReconciler - [customop] Reconciling HiveMQ Platform 'test-hivemq-platform-alpha-tier2' in namespace 'customoperatorselectorsit'
2025-01-28 21:19:30,662 INFO c.h.h.t.HelmChartContainer - [hivemq-test-hivemq-platform] [hivemq-platform-operator] [9a2b71d5] 21:19:30.660 [ReconcilerExecutor-hivemq-controller-115] DEBUG c.h.p.o.HiveMQPlatformReconciler - [customop] Custom Resource Status STARTING - HiveMQ Platform is starting (READY)
2025-01-28 21:19:30,662 INFO c.h.h.t.HelmChartContainer - [hivemq-test-hivemq-platform] [hivemq-platform-operator] [9a2b71d5] 21:19:30.660 [ReconcilerExecutor-hivemq-controller-115] DEBUG c.h.p.o.HiveMQPlatformReconciler - [customop] Custom Resource Spec (replicas: 1) (extensions: 1)
2025-01-28 21:19:30,662 INFO c.h.h.t.HelmChartContainer - [hivemq-test-hivemq-platform] [hivemq-platform-operator] [9a2b71d5] 21:19:30.659 [pool-6-thread-10] DEBUG c.h.p.o.d.StatefulSetResource - [customop] Desired StatefulSet (1 replicas) for status STARTING (READY)
2025-01-28 21:19:30,744 INFO c.h.h.t.HelmChartContainer - [hivemq-test-hivemq-platform] [hivemq-platform-operator] [9a2b71d5] 21:19:30.742 [ReconcilerExecutor-hivemq-controller-115] DEBUG c.h.p.o.HiveMQPlatformReconciler - [customop] StatefulSet Status (revision: test-hivemq-platform-alpha-tier2-5888b5495b, replicas: 1, available: 0, ready: 0, current: 1, updated: 1)
2025-01-28 21:19:30,744 INFO c.h.h.t.HelmChartContainer - [hivemq-test-hivemq-platform] [hivemq-platform-operator] [9a2b71d5] 21:19:30.743 [ReconcilerExecutor-hivemq-controller-115] DEBUG c.h.p.o.HiveMQPlatformReconciler - [customop] StatefulSet Spec (replicas: 1, init containers: 1, containers: 1, volumes: 3)
2025-01-28 21:19:30,746 INFO c.h.h.t.HelmChartContainer - [hivemq-test-hivemq-platform] [hivemq-platform-operator] [9a2b71d5] 21:19:30.745 [ReconcilerExecutor-hivemq-controller-116] INFO  c.h.p.o.HiveMQPlatformReconciler - [customop] Reconciling HiveMQ Platform 'test-hivemq-platform-alpha-tier3' in namespace 'customoperatorselectorsit'
2025-01-28 21:19:30,746 INFO c.h.h.t.HelmChartContainer - [hivemq-test-hivemq-platform] [hivemq-platform-operator] [9a2b71d5] 21:19:30.745 [ReconcilerExecutor-hivemq-controller-116] DEBUG c.h.p.o.HiveMQPlatformReconciler - [customop] Custom Resource Status STARTING - HiveMQ Platform is starting (READY)
2025-01-28 21:19:30,746 INFO c.h.h.t.HelmChartContainer - [hivemq-test-hivemq-platform] [hivemq-platform-operator] [9a2b71d5] 21:19:30.745 [ReconcilerExecutor-hivemq-controller-116] DEBUG c.h.p.o.HiveMQPlatformReconciler - [customop] Custom Resource Spec (replicas: 1) (extensions: 1)
2025-01-28 21:19:30,746 INFO c.h.h.t.HelmChartContainer - [hivemq-test-hivemq-platform] [hivemq-platform-operator] [9a2b71d5] 21:19:30.745 [ReconcilerExecutor-hivemq-controller-115] DEBUG c.h.p.o.h.HiveMQPlatformReconcilerErrorHandler - [customop] Pod 'test-hivemq-platform-alpha-tier2-0' phase Running
2025-01-28 21:19:30,749 INFO c.h.h.t.HelmChartContainer - [hivemq-test-hivemq-platform] [hivemq-platform-operator] [9a2b71d5] 21:19:30.748 [ReconcilerExecutor-hivemq-controller-115] INFO  c.h.p.o.h.HiveMQPlatformReconcilerBaseHandler - [customop] HiveMQ Platform is starting, 0 of 1 replicas are ready
2025-01-28 21:19:30,750 INFO c.h.h.t.HelmChartContainer - [hivemq-test-hivemq-platform] [hivemq-platform-operator] [9a2b71d5] 21:19:30.748 [ReconcilerExecutor-hivemq-controller-116] DEBUG c.h.p.o.HiveMQPlatformReconciler - [customop] StatefulSet Status (revision: test-hivemq-platform-alpha-tier3-7ccdb49877, replicas: 1, available: 0, ready: 0, current: 1, updated: 1)
2025-01-28 21:19:30,750 INFO c.h.h.t.HelmChartContainer - [hivemq-test-hivemq-platform] [hivemq-platform-operator] [9a2b71d5] 21:19:30.749 [ReconcilerExecutor-hivemq-controller-116] DEBUG c.h.p.o.HiveMQPlatformReconciler - [customop] StatefulSet Spec (replicas: 1, init containers: 1, containers: 1, volumes: 3)
2025-01-28 21:19:30,751 INFO c.h.h.t.HelmChartContainer - [hivemq-test-hivemq-platform] [hivemq-platform-operator] [9a2b71d5] 21:19:30.751 [ReconcilerExecutor-hivemq-controller-116] DEBUG c.h.p.o.h.HiveMQPlatformReconcilerErrorHandler - [customop] Pod 'test-hivemq-platform-alpha-tier3-0' phase Running
2025-01-28 21:19:30,752 INFO c.h.h.t.HelmChartContainer - [hivemq-test-hivemq-platform] [hivemq-platform-operator] [9a2b71d5] 21:19:30.752 [ReconcilerExecutor-hivemq-controller-116] INFO  c.h.p.o.h.HiveMQPlatformReconcilerBaseHandler - [customop] HiveMQ Platform is starting, 0 of 1 replicas are ready
2025-01-28 21:19:31,393 INFO c.h.h.t.HelmChartContainer - [test-hivemq-platform] [hivemq] [6f3eb4f0] INFO  - [HiveMQ Platform Operator Init 1.7.0-SNAPSHOT] HiveMQ Platform Operator Init 1.7.0-SNAPSHOT (commit: bebf408 on branch: HEAD) built on Sun Jan 26 20:47:47 UTC 2025
2025-01-28 21:19:31,416 INFO c.h.h.t.HelmChartContainer - [test-hivemq-platform] [hivemq] [26aeac9f] INFO  - [HiveMQ Platform Operator Init 1.7.0-SNAPSHOT] HiveMQ Platform Operator Init 1.7.0-SNAPSHOT (commit: bebf408 on branch: HEAD) built on Sun Jan 26 20:47:47 UTC 2025
2025-01-28 21:19:32,458 INFO c.h.h.t.HelmChartContainer - [test-hivemq-platform] [hivemq] [26aeac9f] INFO  - [HiveMQ Platform Operator Init App 1.7.0-SNAPSHOT] Using bind address 10.42.0.9 from environment variable
2025-01-28 21:19:32,558 INFO c.h.h.t.HelmChartContainer - [test-hivemq-platform] [hivemq] [6f3eb4f0] INFO  - [HiveMQ Platform Operator Init App 1.7.0-SNAPSHOT] Using bind address 10.42.0.8 from environment variable
2025-01-28 21:19:33,420 INFO c.h.h.t.HelmChartContainer - [test-hivemq-platform] [hivemq] [26aeac9f] INFO  - [HiveMQ Platform Operator Init App 1.7.0-SNAPSHOT] HiveMQ Platform Operator Init App 1.7.0-SNAPSHOT (commit: bebf408 on branch: HEAD) built on Sun Jan 26 20:47:47 UTC 2025
2025-01-28 21:19:33,420 INFO c.h.h.t.HelmChartContainer - [test-hivemq-platform] [hivemq] [26aeac9f] INFO  - [HiveMQ Platform Operator Init App 1.7.0-SNAPSHOT] PodInfo ConfigMap directory: /etc/podinfo
2025-01-28 21:19:33,420 INFO c.h.h.t.HelmChartContainer - [test-hivemq-platform] [hivemq] [26aeac9f] INFO  - [HiveMQ Platform Operator Init App 1.7.0-SNAPSHOT] HiveMQ home directory: /opt/hivemq
2025-01-28 21:19:33,420 INFO c.h.h.t.HelmChartContainer - [test-hivemq-platform] [hivemq] [26aeac9f] INFO  - [HiveMQ Platform Operator Init App 1.7.0-SNAPSHOT] HiveMQ Logback folder: /opt/hivemq/conf
2025-01-28 21:19:33,420 INFO c.h.h.t.HelmChartContainer - [test-hivemq-platform] [hivemq] [26aeac9f] INFO  - [HiveMQ Platform Operator Init App 1.7.0-SNAPSHOT] HiveMQ Config folder: /opt/hivemq/conf-k8s
2025-01-28 21:19:33,420 INFO c.h.h.t.HelmChartContainer - [test-hivemq-platform] [hivemq] [26aeac9f] INFO  - [HiveMQ Platform Operator Init App 1.7.0-SNAPSHOT] Starting HiveMQ Platform Operator Init App
2025-01-28 21:19:33,420 INFO c.h.h.t.HelmChartContainer - [test-hivemq-platform] [hivemq] [26aeac9f] INFO  - [HiveMQ Platform Operator Init App 1.7.0-SNAPSHOT] Starting Pod reconciler
2025-01-28 21:19:33,456 INFO c.h.h.t.HelmChartContainer - [test-hivemq-platform] [hivemq] [6f3eb4f0] INFO  - [HiveMQ Platform Operator Init App 1.7.0-SNAPSHOT] HiveMQ Platform Operator Init App 1.7.0-SNAPSHOT (commit: bebf408 on branch: HEAD) built on Sun Jan 26 20:47:47 UTC 2025
2025-01-28 21:19:33,457 INFO c.h.h.t.HelmChartContainer - [test-hivemq-platform] [hivemq] [6f3eb4f0] INFO  - [HiveMQ Platform Operator Init App 1.7.0-SNAPSHOT] PodInfo ConfigMap directory: /etc/podinfo
2025-01-28 21:19:33,457 INFO c.h.h.t.HelmChartContainer - [test-hivemq-platform] [hivemq] [6f3eb4f0] INFO  - [HiveMQ Platform Operator Init App 1.7.0-SNAPSHOT] HiveMQ home directory: /opt/hivemq
2025-01-28 21:19:33,457 INFO c.h.h.t.HelmChartContainer - [test-hivemq-platform] [hivemq] [6f3eb4f0] INFO  - [HiveMQ Platform Operator Init App 1.7.0-SNAPSHOT] HiveMQ Logback folder: /opt/hivemq/conf
2025-01-28 21:19:33,457 INFO c.h.h.t.HelmChartContainer - [test-hivemq-platform] [hivemq] [6f3eb4f0] INFO  - [HiveMQ Platform Operator Init App 1.7.0-SNAPSHOT] HiveMQ Config folder: /opt/hivemq/conf-k8s
2025-01-28 21:19:33,458 INFO c.h.h.t.HelmChartContainer - [test-hivemq-platform] [hivemq] [6f3eb4f0] INFO  - [HiveMQ Platform Operator Init App 1.7.0-SNAPSHOT] Starting HiveMQ Platform Operator Init App
2025-01-28 21:19:33,458 INFO c.h.h.t.HelmChartContainer - [test-hivemq-platform] [hivemq] [6f3eb4f0] INFO  - [HiveMQ Platform Operator Init App 1.7.0-SNAPSHOT] Starting Pod reconciler
2025-01-28 21:19:34,574 INFO c.h.h.t.HelmChartContainer - [test-hivemq-platform] [hivemq] [6f3eb4f0] INFO  - [HiveMQ Platform Operator Init App 1.7.0-SNAPSHOT] Pod reconciler is scheduled (interval: 5000 ms)
2025-01-28 21:19:34,583 INFO c.h.h.t.HelmChartContainer - [test-hivemq-platform] [hivemq] [6f3eb4f0] INFO  - [HiveMQ Platform Operator Init App 1.7.0-SNAPSHOT] Starting the REST API on 10.42.0.8:7979
2025-01-28 21:19:34,585 INFO c.h.h.t.HelmChartContainer - [test-hivemq-platform] [hivemq] [6f3eb4f0] INFO  - [HiveMQ Platform Operator Init App 1.7.0-SNAPSHOT] Waiting up to 600s for at most 1 HiveMQ nodes in cluster service hivemq-test-hivemq-platform-alpha-tier3-cluster.customoperatorselectorsit.svc
2025-01-28 21:19:34,625 INFO c.h.h.t.HelmChartContainer - [test-hivemq-platform] [hivemq] [26aeac9f] INFO  - [HiveMQ Platform Operator Init App 1.7.0-SNAPSHOT] Pod reconciler is scheduled (interval: 5000 ms)
2025-01-28 21:19:34,626 INFO c.h.h.t.HelmChartContainer - [test-hivemq-platform] [hivemq] [26aeac9f] INFO  - [HiveMQ Platform Operator Init App 1.7.0-SNAPSHOT] Starting the REST API on 10.42.0.9:7979
2025-01-28 21:19:34,628 INFO c.h.h.t.HelmChartContainer - [test-hivemq-platform] [hivemq] [26aeac9f] INFO  - [HiveMQ Platform Operator Init App 1.7.0-SNAPSHOT] Waiting up to 600s for at most 1 HiveMQ nodes in cluster service hivemq-test-hivemq-platform-alpha-tier2-cluster.customoperatorselectorsit.svc
2025-01-28 21:19:34,899 INFO c.h.h.t.HelmChartContainer - [test-hivemq-platform] [hivemq] [6f3eb4f0] INFO  - [HiveMQ Platform Operator Init App 1.7.0-SNAPSHOT] Resolved 1 IP addresses: [10.42.0.8]
2025-01-28 21:19:34,899 INFO c.h.h.t.HelmChartContainer - [test-hivemq-platform] [hivemq] [6f3eb4f0] INFO  - [HiveMQ Platform Operator Init App 1.7.0-SNAPSHOT] HiveMQ node count of 1 is within threshold of 1
2025-01-28 21:19:34,899 INFO c.h.h.t.HelmChartContainer - [test-hivemq-platform] [hivemq] [6f3eb4f0] INFO  - [HiveMQ Platform Operator Init App 1.7.0-SNAPSHOT] Proceeding with container start
2025-01-28 21:19:34,935 INFO c.h.h.t.HelmChartContainer - [test-hivemq-platform] [hivemq] [26aeac9f] INFO  - [HiveMQ Platform Operator Init App 1.7.0-SNAPSHOT] Resolved 1 IP addresses: [10.42.0.9]
2025-01-28 21:19:34,935 INFO c.h.h.t.HelmChartContainer - [test-hivemq-platform] [hivemq] [26aeac9f] INFO  - [HiveMQ Platform Operator Init App 1.7.0-SNAPSHOT] HiveMQ node count of 1 is within threshold of 1
2025-01-28 21:19:34,935 INFO c.h.h.t.HelmChartContainer - [test-hivemq-platform] [hivemq] [26aeac9f] INFO  - [HiveMQ Platform Operator Init App 1.7.0-SNAPSHOT] Proceeding with container start
2025-01-28 21:19:34,991 INFO c.h.h.t.HelmChartContainer - [test-hivemq-platform] [hivemq] [6f3eb4f0] INFO  - [HiveMQ Platform Operator Init App 1.7.0-SNAPSHOT] Initializing HiveMQ Platform extensions with initial configuration: {hivemq-allow-all-extension={start-priority=-1, skip-https-hostname-verification=false, restart=true, config-version=0, header-version=0, c-uri=, priority=-1, uri=preinstalled, skip-https-certificate-validation=false, enabled=true}, hivemq-prometheus-extension={c-uri=, skip-https-hostname-verification=false, skip-https-certificate-validation=false, uri=preinstalled, request-header-path=no-request-headers, enabled=true, restart=true, priority=-1, start-priority=-1}}
2025-01-28 21:19:35,027 INFO c.h.h.t.HelmChartContainer - [test-hivemq-platform] [hivemq] [26aeac9f] INFO  - [HiveMQ Platform Operator Init App 1.7.0-SNAPSHOT] Initializing HiveMQ Platform extensions with initial configuration: {hivemq-allow-all-extension={start-priority=-1, skip-https-hostname-verification=false, restart=true, config-version=0, header-version=0, c-uri=, priority=-1, uri=preinstalled, skip-https-certificate-validation=false, enabled=true}, hivemq-prometheus-extension={restart=true, priority=-1, start-priority=-1, c-uri=, skip-https-hostname-verification=false, skip-https-certificate-validation=false, uri=preinstalled, request-header-path=no-request-headers, enabled=true}}
2025-01-28 21:19:35,436 INFO c.h.h.t.HelmChartContainer - [test-hivemq-platform] [hivemq] [26aeac9f] INFO  - [HiveMQ Platform Operator Init App 1.7.0-SNAPSHOT] Extension hivemq-allow-all-extension was already enabled
2025-01-28 21:19:35,455 INFO c.h.h.t.HelmChartContainer - [test-hivemq-platform] [hivemq] [6f3eb4f0] INFO  - [HiveMQ Platform Operator Init App 1.7.0-SNAPSHOT] Extension hivemq-allow-all-extension was already enabled
2025-01-28 21:19:35,492 INFO c.h.h.t.HelmChartContainer - [test-hivemq-platform] [hivemq] [6f3eb4f0] INFO  - [HiveMQ Platform Operator Init App 1.7.0-SNAPSHOT] Successfully enabled extension hivemq-prometheus-extension
2025-01-28 21:19:35,493 INFO c.h.h.t.HelmChartContainer - [test-hivemq-platform] [hivemq] [6f3eb4f0] INFO  - [HiveMQ Platform Operator Init App 1.7.0-SNAPSHOT] Starting HiveMQ Platform version 4.36.0 (4.36.0)
2025-01-28 21:19:35,493 INFO c.h.h.t.HelmChartContainer - [test-hivemq-platform] [hivemq] [6f3eb4f0] INFO  - [HiveMQ Platform Operator Init App 1.7.0-SNAPSHOT] Configuring the HiveMQ Platform
2025-01-28 21:19:35,520 INFO c.h.h.t.HelmChartContainer - [test-hivemq-platform] [hivemq] [26aeac9f] INFO  - [HiveMQ Platform Operator Init App 1.7.0-SNAPSHOT] Successfully enabled extension hivemq-prometheus-extension
2025-01-28 21:19:35,523 INFO c.h.h.t.HelmChartContainer - [test-hivemq-platform] [hivemq] [26aeac9f] INFO  - [HiveMQ Platform Operator Init App 1.7.0-SNAPSHOT] Starting HiveMQ Platform version 4.36.0 (4.36.0)
2025-01-28 21:19:35,523 INFO c.h.h.t.HelmChartContainer - [test-hivemq-platform] [hivemq] [26aeac9f] INFO  - [HiveMQ Platform Operator Init App 1.7.0-SNAPSHOT] Configuring the HiveMQ Platform
2025-01-28 21:19:35,583 INFO c.h.h.t.HelmChartContainer - [test-hivemq-platform] [hivemq] [6f3eb4f0] INFO  - [HiveMQ Platform Operator Init App 1.7.0-SNAPSHOT] Changed logback.xml file scan period to 20 seconds
2025-01-28 21:19:35,594 INFO c.h.h.t.HelmChartContainer - [test-hivemq-platform] [hivemq] [6f3eb4f0] INFO  - [HiveMQ Platform Operator Init App 1.7.0-SNAPSHOT] Starting the HiveMQ Platform
2025-01-28 21:19:35,616 INFO c.h.h.t.HelmChartContainer - [test-hivemq-platform] [hivemq] [26aeac9f] INFO  - [HiveMQ Platform Operator Init App 1.7.0-SNAPSHOT] Changed logback.xml file scan period to 20 seconds
2025-01-28 21:19:35,626 INFO c.h.h.t.HelmChartContainer - [test-hivemq-platform] [hivemq] [26aeac9f] INFO  - [HiveMQ Platform Operator Init App 1.7.0-SNAPSHOT] Starting the HiveMQ Platform
2025-01-28 21:19:35,629 INFO c.h.h.t.HelmChartContainer - [test-hivemq-platform] [hivemq] [26aeac9f] -------------------------------------------------------------------------
2025-01-28 21:19:35,629 INFO c.h.h.t.HelmChartContainer - [test-hivemq-platform] [hivemq] [26aeac9f] 
2025-01-28 21:19:35,630 INFO c.h.h.t.HelmChartContainer - [test-hivemq-platform] [hivemq] [26aeac9f]                   _    _  _              __  __   ____
2025-01-28 21:19:35,630 INFO c.h.h.t.HelmChartContainer - [test-hivemq-platform] [hivemq] [26aeac9f]                  | |  | |(_)            |  \/  | / __ \
2025-01-28 21:19:35,630 INFO c.h.h.t.HelmChartContainer - [test-hivemq-platform] [hivemq] [26aeac9f]                  | |__| | _ __   __ ___ | \  / || |  | |
2025-01-28 21:19:35,630 INFO c.h.h.t.HelmChartContainer - [test-hivemq-platform] [hivemq] [26aeac9f]                  |  __  || |\ \ / // _ \| |\/| || |  | |
2025-01-28 21:19:35,630 INFO c.h.h.t.HelmChartContainer - [test-hivemq-platform] [hivemq] [26aeac9f]                  | |  | || | \ V /|  __/| |  | || |__| |
2025-01-28 21:19:35,630 INFO c.h.h.t.HelmChartContainer - [test-hivemq-platform] [hivemq] [26aeac9f]                  |_|  |_||_|  \_/  \___||_|  |_| \___\_\
2025-01-28 21:19:35,630 INFO c.h.h.t.HelmChartContainer - [test-hivemq-platform] [hivemq] [26aeac9f] 
2025-01-28 21:19:35,630 INFO c.h.h.t.HelmChartContainer - [test-hivemq-platform] [hivemq] [26aeac9f] -------------------------------------------------------------------------
2025-01-28 21:19:35,630 INFO c.h.h.t.HelmChartContainer - [test-hivemq-platform] [hivemq] [26aeac9f] 
2025-01-28 21:19:35,630 INFO c.h.h.t.HelmChartContainer - [test-hivemq-platform] [hivemq] [26aeac9f]   HiveMQ Start Script for Linux/Unix v1.14
2025-01-28 21:19:35,630 INFO c.h.h.t.HelmChartContainer - [test-hivemq-platform] [hivemq] [26aeac9f] 
2025-01-28 21:19:35,654 INFO c.h.h.t.HelmChartContainer - [test-hivemq-platform] [hivemq] [6f3eb4f0] -------------------------------------------------------------------------
2025-01-28 21:19:35,654 INFO c.h.h.t.HelmChartContainer - [test-hivemq-platform] [hivemq] [6f3eb4f0] 
2025-01-28 21:19:35,654 INFO c.h.h.t.HelmChartContainer - [test-hivemq-platform] [hivemq] [6f3eb4f0]                   _    _  _              __  __   ____
2025-01-28 21:19:35,654 INFO c.h.h.t.HelmChartContainer - [test-hivemq-platform] [hivemq] [6f3eb4f0]                  | |  | |(_)            |  \/  | / __ \
2025-01-28 21:19:35,654 INFO c.h.h.t.HelmChartContainer - [test-hivemq-platform] [hivemq] [6f3eb4f0]                  | |__| | _ __   __ ___ | \  / || |  | |
2025-01-28 21:19:35,654 INFO c.h.h.t.HelmChartContainer - [test-hivemq-platform] [hivemq] [6f3eb4f0]                  |  __  || |\ \ / // _ \| |\/| || |  | |
2025-01-28 21:19:35,654 INFO c.h.h.t.HelmChartContainer - [test-hivemq-platform] [hivemq] [6f3eb4f0]                  | |  | || | \ V /|  __/| |  | || |__| |
2025-01-28 21:19:35,654 INFO c.h.h.t.HelmChartContainer - [test-hivemq-platform] [hivemq] [6f3eb4f0]                  |_|  |_||_|  \_/  \___||_|  |_| \___\_\
2025-01-28 21:19:35,654 INFO c.h.h.t.HelmChartContainer - [test-hivemq-platform] [hivemq] [6f3eb4f0] 
2025-01-28 21:19:35,654 INFO c.h.h.t.HelmChartContainer - [test-hivemq-platform] [hivemq] [6f3eb4f0] -------------------------------------------------------------------------
2025-01-28 21:19:35,654 INFO c.h.h.t.HelmChartContainer - [test-hivemq-platform] [hivemq] [6f3eb4f0] 
2025-01-28 21:19:35,654 INFO c.h.h.t.HelmChartContainer - [test-hivemq-platform] [hivemq] [6f3eb4f0]   HiveMQ Start Script for Linux/Unix v1.14
2025-01-28 21:19:35,654 INFO c.h.h.t.HelmChartContainer - [test-hivemq-platform] [hivemq] [6f3eb4f0] 
2025-01-28 21:19:35,699 INFO c.h.h.t.HelmChartContainer - [test-hivemq-platform] [hivemq] [6f3eb4f0] -------------------------------------------------------------------------
2025-01-28 21:19:35,699 INFO c.h.h.t.HelmChartContainer - [test-hivemq-platform] [hivemq] [6f3eb4f0] 
2025-01-28 21:19:35,699 INFO c.h.h.t.HelmChartContainer - [test-hivemq-platform] [hivemq] [6f3eb4f0]   HIVEMQ_HOME: /opt/hivemq
2025-01-28 21:19:35,699 INFO c.h.h.t.HelmChartContainer - [test-hivemq-platform] [hivemq] [6f3eb4f0] 
2025-01-28 21:19:35,699 INFO c.h.h.t.HelmChartContainer - [test-hivemq-platform] [hivemq] [6f3eb4f0]   JAVA_OPTS: -XX:+UnlockExperimentalVMOptions -XX:InitialRAMPercentage=50 -XX:MaxRAMPercentage=50 -Djava.net.preferIPv4Stack=true --add-opens java.base/java.lang=ALL-UNNAMED --add-opens java.base/java.nio=ALL-UNNAMED --add-opens java.base/sun.nio.ch=ALL-UNNAMED --add-opens jdk.management/com.sun.management.internal=ALL-UNNAMED --add-exports java.base/jdk.internal.misc=ALL-UNNAMED -Djava.security.egd=file:/dev/./urandom -Dcom.sun.management.jmxremote -Dcom.sun.management.jmxremote.port=9010 -Dcom.sun.management.jmxremote.local.only=false -Dcom.sun.management.jmxremote.authenticate=false -Dcom.sun.management.jmxremote.ssl=false -Duser.language=en -Duser.region=US -XX:+CrashOnOutOfMemoryError -XX:+HeapDumpOnOutOfMemoryError
2025-01-28 21:19:35,699 INFO c.h.h.t.HelmChartContainer - [test-hivemq-platform] [hivemq] [6f3eb4f0] 
2025-01-28 21:19:35,699 INFO c.h.h.t.HelmChartContainer - [test-hivemq-platform] [hivemq] [6f3eb4f0]   JAVA_VERSION: 21
2025-01-28 21:19:35,699 INFO c.h.h.t.HelmChartContainer - [test-hivemq-platform] [hivemq] [6f3eb4f0] 
2025-01-28 21:19:35,699 INFO c.h.h.t.HelmChartContainer - [test-hivemq-platform] [hivemq] [6f3eb4f0] -------------------------------------------------------------------------
2025-01-28 21:19:35,699 INFO c.h.h.t.HelmChartContainer - [test-hivemq-platform] [hivemq] [6f3eb4f0] 
2025-01-28 21:19:35,748 INFO c.h.h.t.HelmChartContainer - [test-hivemq-platform] [hivemq] [26aeac9f] -------------------------------------------------------------------------
2025-01-28 21:19:35,748 INFO c.h.h.t.HelmChartContainer - [test-hivemq-platform] [hivemq] [26aeac9f] 
2025-01-28 21:19:35,748 INFO c.h.h.t.HelmChartContainer - [test-hivemq-platform] [hivemq] [26aeac9f]   HIVEMQ_HOME: /opt/hivemq
2025-01-28 21:19:35,748 INFO c.h.h.t.HelmChartContainer - [test-hivemq-platform] [hivemq] [26aeac9f] 
2025-01-28 21:19:35,748 INFO c.h.h.t.HelmChartContainer - [test-hivemq-platform] [hivemq] [26aeac9f]   JAVA_OPTS: -XX:+UnlockExperimentalVMOptions -XX:InitialRAMPercentage=50 -XX:MaxRAMPercentage=50 -Djava.net.preferIPv4Stack=true --add-opens java.base/java.lang=ALL-UNNAMED --add-opens java.base/java.nio=ALL-UNNAMED --add-opens java.base/sun.nio.ch=ALL-UNNAMED --add-opens jdk.management/com.sun.management.internal=ALL-UNNAMED --add-exports java.base/jdk.internal.misc=ALL-UNNAMED -Djava.security.egd=file:/dev/./urandom -Dcom.sun.management.jmxremote -Dcom.sun.management.jmxremote.port=9010 -Dcom.sun.management.jmxremote.local.only=false -Dcom.sun.management.jmxremote.authenticate=false -Dcom.sun.management.jmxremote.ssl=false -Duser.language=en -Duser.region=US -XX:+CrashOnOutOfMemoryError -XX:+HeapDumpOnOutOfMemoryError
2025-01-28 21:19:35,748 INFO c.h.h.t.HelmChartContainer - [test-hivemq-platform] [hivemq] [26aeac9f] 
2025-01-28 21:19:35,748 INFO c.h.h.t.HelmChartContainer - [test-hivemq-platform] [hivemq] [26aeac9f]   JAVA_VERSION: 21
2025-01-28 21:19:35,748 INFO c.h.h.t.HelmChartContainer - [test-hivemq-platform] [hivemq] [26aeac9f] 
2025-01-28 21:19:35,748 INFO c.h.h.t.HelmChartContainer - [test-hivemq-platform] [hivemq] [26aeac9f] -------------------------------------------------------------------------
2025-01-28 21:19:35,748 INFO c.h.h.t.HelmChartContainer - [test-hivemq-platform] [hivemq] [26aeac9f] 
2025-01-28 21:19:36,624 INFO c.h.h.t.HelmChartContainer - [test-hivemq-platform] [hivemq] [26aeac9f] INFO  - [HiveMQ Platform Operator Init App 1.7.0-SNAPSHOT] Returning default Health API response 503 for readiness
2025-01-28 21:19:36,656 INFO c.h.h.t.HelmChartContainer - [test-hivemq-platform] [hivemq] [6f3eb4f0] INFO  - [HiveMQ Platform Operator Init App 1.7.0-SNAPSHOT] Returning default Health API response 503 for readiness
2025-01-28 21:19:36,993 INFO c.h.h.t.HelmChartContainer - [EVENT] Warning [Unhealthy] Readiness probe failed: HTTP probe failed with statuscode: 503 [customoperatorselectorsit:test-hivemq-platform-alpha-tier3-0]
2025-01-28 21:19:36,993 INFO c.h.h.t.HelmChartContainer - Received Unhealthy event for container hivemq in pod test-hivemq-platform-alpha-tier3-0 [6f3eb4f0-7705-45db-9ae0-fb4e3a85db63]
2025-01-28 21:19:37,024 INFO c.h.h.t.HelmChartContainer - [EVENT] Warning [Unhealthy] Readiness probe failed: HTTP probe failed with statuscode: 503 [customoperatorselectorsit:test-hivemq-platform-alpha-tier2-0]
2025-01-28 21:19:37,024 INFO c.h.h.t.HelmChartContainer - Received Unhealthy event for container hivemq in pod test-hivemq-platform-alpha-tier2-0 [26aeac9f-57eb-4ffe-ade0-5b91bfbeae1d]
2025-01-28 21:19:38,291 INFO c.h.h.t.HelmChartContainer - [test-hivemq-platform] [hivemq] [6f3eb4f0] INFO  - Starting HiveMQ Enterprise Server
2025-01-28 21:19:38,296 INFO c.h.h.t.HelmChartContainer - [test-hivemq-platform] [hivemq] [6f3eb4f0] INFO  - HiveMQ version: 4.36.0
2025-01-28 21:19:38,296 INFO c.h.h.t.HelmChartContainer - [test-hivemq-platform] [hivemq] [6f3eb4f0] INFO  - HiveMQ home directory: /opt/hivemq
2025-01-28 21:19:38,296 INFO c.h.h.t.HelmChartContainer - [test-hivemq-platform] [hivemq] [6f3eb4f0] INFO  - Log Configuration was overridden by /opt/hivemq/conf/logback.xml
2025-01-28 21:19:38,318 INFO c.h.h.t.HelmChartContainer - [test-hivemq-platform] [hivemq] [26aeac9f] INFO  - Starting HiveMQ Enterprise Server
2025-01-28 21:19:38,327 INFO c.h.h.t.HelmChartContainer - [test-hivemq-platform] [hivemq] [26aeac9f] INFO  - HiveMQ version: 4.36.0
2025-01-28 21:19:38,327 INFO c.h.h.t.HelmChartContainer - [test-hivemq-platform] [hivemq] [26aeac9f] INFO  - HiveMQ home directory: /opt/hivemq
2025-01-28 21:19:38,327 INFO c.h.h.t.HelmChartContainer - [test-hivemq-platform] [hivemq] [26aeac9f] INFO  - Log Configuration was overridden by /opt/hivemq/conf/logback.xml
2025-01-28 21:19:39,525 INFO c.h.h.t.HelmChartContainer - [test-hivemq-platform] [hivemq] [26aeac9f] INFO  - Successfully loaded configuration from '/opt/hivemq/conf-k8s/config.xml'.
2025-01-28 21:19:39,659 INFO c.h.h.t.HelmChartContainer - [test-hivemq-platform] [hivemq] [6f3eb4f0] INFO  - Successfully loaded configuration from '/opt/hivemq/conf-k8s/config.xml'.
2025-01-28 21:19:40,026 INFO c.h.h.t.HelmChartContainer - [test-hivemq-platform] [hivemq] [26aeac9f] INFO  - This node's ID is 82fGR
2025-01-28 21:19:40,027 INFO c.h.h.t.HelmChartContainer - [test-hivemq-platform] [hivemq] [26aeac9f] INFO  - Clustering is enabled
2025-01-28 21:19:40,486 INFO c.h.h.t.HelmChartContainer - [test-hivemq-platform] [hivemq] [6f3eb4f0] INFO  - This node's ID is hbgeS
2025-01-28 21:19:40,486 INFO c.h.h.t.HelmChartContainer - [test-hivemq-platform] [hivemq] [6f3eb4f0] INFO  - Clustering is enabled
2025-01-28 21:19:40,755 INFO c.h.h.t.HelmChartContainer - [hivemq-test-hivemq-platform] [hivemq-platform-operator] [9a2b71d5] 21:19:40.752 [pool-6-thread-21] DEBUG c.h.p.o.d.PlatformServiceResource - [customop] Desired Platform services (3 services)
2025-01-28 21:19:40,757 INFO c.h.h.t.HelmChartContainer - [hivemq-test-hivemq-platform] [hivemq-platform-operator] [9a2b71d5] 21:19:40.756 [pool-6-thread-27] DEBUG c.h.p.o.dependants.PodInfoConfigMap - [customop] Desired PodInfo ConfigMap (1 extensions) (1 enabled)
2025-01-28 21:19:40,758 INFO c.h.h.t.HelmChartContainer - [hivemq-test-hivemq-platform] [hivemq-platform-operator] [9a2b71d5] 21:19:40.758 [pool-6-thread-27] DEBUG c.h.p.o.dependants.PodInfoConfigMap - [customop] Desired PodInfo ConfigMap (metrics port: 9399) (metrics path: /)
2025-01-28 21:19:40,759 INFO c.h.h.t.HelmChartContainer - [hivemq-test-hivemq-platform] [hivemq-platform-operator] [9a2b71d5] 21:19:40.758 [pool-6-thread-27] DEBUG c.h.p.o.dependants.PodInfoConfigMap - [customop] Desired PodInfo ConfigMap (extension state hash: -1817474005)
2025-01-28 21:19:40,759 INFO c.h.h.t.HelmChartContainer - [hivemq-test-hivemq-platform] [hivemq-platform-operator] [9a2b71d5] 21:19:40.758 [pool-6-thread-25] DEBUG c.h.p.o.d.PodServiceAccountResource - [customop] Desired PodServiceAccountResource (serviceAccountName: hivemq-platform-pod-test-hivemq-platform-alpha-tier2)
2025-01-28 21:19:40,764 INFO c.h.h.t.HelmChartContainer - [hivemq-test-hivemq-platform] [hivemq-platform-operator] [9a2b71d5] 21:19:40.761 [pool-6-thread-35] DEBUG c.h.p.o.d.PlatformServiceResource - [customop] Desired Platform services (3 services)
2025-01-28 21:19:40,766 INFO c.h.h.t.HelmChartContainer - [hivemq-test-hivemq-platform] [hivemq-platform-operator] [9a2b71d5] 21:19:40.765 [pool-6-thread-33] DEBUG c.h.p.o.d.PodServiceAccountResource - [customop] Desired PodServiceAccountResource (serviceAccountName: hivemq-platform-pod-test-hivemq-platform-alpha-tier3)
2025-01-28 21:19:40,846 INFO c.h.h.t.HelmChartContainer - [hivemq-test-hivemq-platform] [hivemq-platform-operator] [9a2b71d5] 21:19:40.841 [pool-6-thread-21] DEBUG c.h.p.o.d.StatefulSetResource - [customop] Desired StatefulSet (1 replicas) for status STARTING (READY)
2025-01-28 21:19:40,846 INFO c.h.h.t.HelmChartContainer - [hivemq-test-hivemq-platform] [hivemq-platform-operator] [9a2b71d5] 21:19:40.842 [pool-6-thread-36] DEBUG c.h.p.o.dependants.PodInfoConfigMap - [customop] Desired PodInfo ConfigMap (1 extensions) (1 enabled)
2025-01-28 21:19:40,848 INFO c.h.h.t.HelmChartContainer - [hivemq-test-hivemq-platform] [hivemq-platform-operator] [9a2b71d5] 21:19:40.844 [pool-6-thread-36] DEBUG c.h.p.o.dependants.PodInfoConfigMap - [customop] Desired PodInfo ConfigMap (metrics port: 9399) (metrics path: /)
2025-01-28 21:19:40,848 INFO c.h.h.t.HelmChartContainer - [hivemq-test-hivemq-platform] [hivemq-platform-operator] [9a2b71d5] 21:19:40.845 [pool-6-thread-36] DEBUG c.h.p.o.dependants.PodInfoConfigMap - [customop] Desired PodInfo ConfigMap (extension state hash: -1817474005)
2025-01-28 21:19:40,850 INFO c.h.h.t.HelmChartContainer - [hivemq-test-hivemq-platform] [hivemq-platform-operator] [9a2b71d5] 21:19:40.849 [pool-6-thread-36] DEBUG c.h.p.o.d.StatefulSetResource - [customop] Desired StatefulSet (1 replicas) for status STARTING (READY)
2025-01-28 21:19:40,854 INFO c.h.h.t.HelmChartContainer - [hivemq-test-hivemq-platform] [hivemq-platform-operator] [9a2b71d5] 21:19:40.850 [ReconcilerExecutor-hivemq-controller-117] INFO  c.h.p.o.HiveMQPlatformReconciler - [customop] Reconciling HiveMQ Platform 'test-hivemq-platform-alpha-tier2' in namespace 'customoperatorselectorsit'
2025-01-28 21:19:40,855 INFO c.h.h.t.HelmChartContainer - [hivemq-test-hivemq-platform] [hivemq-platform-operator] [9a2b71d5] 21:19:40.850 [ReconcilerExecutor-hivemq-controller-117] DEBUG c.h.p.o.HiveMQPlatformReconciler - [customop] Custom Resource Status STARTING - HiveMQ Platform is starting (READY)
2025-01-28 21:19:40,855 INFO c.h.h.t.HelmChartContainer - [hivemq-test-hivemq-platform] [hivemq-platform-operator] [9a2b71d5] 21:19:40.850 [ReconcilerExecutor-hivemq-controller-117] DEBUG c.h.p.o.HiveMQPlatformReconciler - [customop] Custom Resource Spec (replicas: 1) (extensions: 1)
2025-01-28 21:19:40,855 INFO c.h.h.t.HelmChartContainer - [hivemq-test-hivemq-platform] [hivemq-platform-operator] [9a2b71d5] 21:19:40.851 [ReconcilerExecutor-hivemq-controller-117] DEBUG c.h.p.o.HiveMQPlatformReconciler - [customop] StatefulSet Status (revision: test-hivemq-platform-alpha-tier2-5888b5495b, replicas: 1, available: 0, ready: 0, current: 1, updated: 1)
2025-01-28 21:19:40,855 INFO c.h.h.t.HelmChartContainer - [hivemq-test-hivemq-platform] [hivemq-platform-operator] [9a2b71d5] 21:19:40.851 [ReconcilerExecutor-hivemq-controller-117] DEBUG c.h.p.o.HiveMQPlatformReconciler - [customop] StatefulSet Spec (replicas: 1, init containers: 1, containers: 1, volumes: 3)
2025-01-28 21:19:40,861 INFO c.h.h.t.HelmChartContainer - [hivemq-test-hivemq-platform] [hivemq-platform-operator] [9a2b71d5] 21:19:40.858 [ReconcilerExecutor-hivemq-controller-117] DEBUG c.h.p.o.h.HiveMQPlatformReconcilerErrorHandler - [customop] Pod 'test-hivemq-platform-alpha-tier2-0' phase Running
2025-01-28 21:19:40,861 INFO c.h.h.t.HelmChartContainer - [hivemq-test-hivemq-platform] [hivemq-platform-operator] [9a2b71d5] 21:19:40.860 [ReconcilerExecutor-hivemq-controller-117] INFO  c.h.p.o.h.HiveMQPlatformReconcilerBaseHandler - [customop] HiveMQ Platform is starting, 0 of 1 replicas are ready
2025-01-28 21:19:40,863 INFO c.h.h.t.HelmChartContainer - [hivemq-test-hivemq-platform] [hivemq-platform-operator] [9a2b71d5] 21:19:40.862 [ReconcilerExecutor-hivemq-controller-118] INFO  c.h.p.o.HiveMQPlatformReconciler - [customop] Reconciling HiveMQ Platform 'test-hivemq-platform-alpha-tier3' in namespace 'customoperatorselectorsit'
2025-01-28 21:19:40,863 INFO c.h.h.t.HelmChartContainer - [hivemq-test-hivemq-platform] [hivemq-platform-operator] [9a2b71d5] 21:19:40.862 [ReconcilerExecutor-hivemq-controller-118] DEBUG c.h.p.o.HiveMQPlatformReconciler - [customop] Custom Resource Status STARTING - HiveMQ Platform is starting (READY)
2025-01-28 21:19:40,863 INFO c.h.h.t.HelmChartContainer - [hivemq-test-hivemq-platform] [hivemq-platform-operator] [9a2b71d5] 21:19:40.862 [ReconcilerExecutor-hivemq-controller-118] DEBUG c.h.p.o.HiveMQPlatformReconciler - [customop] Custom Resource Spec (replicas: 1) (extensions: 1)
2025-01-28 21:19:40,945 INFO c.h.h.t.HelmChartContainer - [hivemq-test-hivemq-platform] [hivemq-platform-operator] [9a2b71d5] 21:19:40.943 [ReconcilerExecutor-hivemq-controller-118] DEBUG c.h.p.o.HiveMQPlatformReconciler - [customop] StatefulSet Status (revision: test-hivemq-platform-alpha-tier3-7ccdb49877, replicas: 1, available: 0, ready: 0, current: 1, updated: 1)
2025-01-28 21:19:40,946 INFO c.h.h.t.HelmChartContainer - [hivemq-test-hivemq-platform] [hivemq-platform-operator] [9a2b71d5] 21:19:40.944 [ReconcilerExecutor-hivemq-controller-118] DEBUG c.h.p.o.HiveMQPlatformReconciler - [customop] StatefulSet Spec (replicas: 1, init containers: 1, containers: 1, volumes: 3)
2025-01-28 21:19:40,947 INFO c.h.h.t.HelmChartContainer - [hivemq-test-hivemq-platform] [hivemq-platform-operator] [9a2b71d5] 21:19:40.945 [ReconcilerExecutor-hivemq-controller-118] DEBUG c.h.p.o.h.HiveMQPlatformReconcilerErrorHandler - [customop] Pod 'test-hivemq-platform-alpha-tier3-0' phase Running
2025-01-28 21:19:40,948 INFO c.h.h.t.HelmChartContainer - [hivemq-test-hivemq-platform] [hivemq-platform-operator] [9a2b71d5] 21:19:40.946 [ReconcilerExecutor-hivemq-controller-118] INFO  c.h.p.o.h.HiveMQPlatformReconcilerBaseHandler - [customop] HiveMQ Platform is starting, 0 of 1 replicas are ready
2025-01-28 21:19:41,920 INFO c.h.h.t.HelmChartContainer - [test-hivemq-platform] [hivemq] [26aeac9f] WARN  - [HiveMQ Platform Operator Init App 1.7.0-SNAPSHOT] Cannot connect to Health API for readiness: null
2025-01-28 21:19:41,929 INFO c.h.h.t.HelmChartContainer - [EVENT] Warning [Unhealthy] Readiness probe failed: HTTP probe failed with statuscode: 503 [customoperatorselectorsit:test-hivemq-platform-alpha-tier2-0]
2025-01-28 21:19:41,929 INFO c.h.h.t.HelmChartContainer - Received Unhealthy event for container hivemq in pod test-hivemq-platform-alpha-tier2-0 [26aeac9f-57eb-4ffe-ade0-5b91bfbeae1d]
2025-01-28 21:19:42,086 INFO c.h.h.t.HelmChartContainer - [test-hivemq-platform] [hivemq] [6f3eb4f0] WARN  - [HiveMQ Platform Operator Init App 1.7.0-SNAPSHOT] Cannot connect to Health API for readiness: null
2025-01-28 21:19:42,090 INFO c.h.h.t.HelmChartContainer - [EVENT] Warning [Unhealthy] Readiness probe failed: HTTP probe failed with statuscode: 503 [customoperatorselectorsit:test-hivemq-platform-alpha-tier3-0]
2025-01-28 21:19:42,090 INFO c.h.h.t.HelmChartContainer - Received Unhealthy event for container hivemq in pod test-hivemq-platform-alpha-tier3-0 [6f3eb4f0-7705-45db-9ae0-fb4e3a85db63]
2025-01-28 21:19:45,852 INFO c.h.h.t.HelmChartContainer - [test-hivemq-platform] [hivemq] [26aeac9f] INFO  - [HiveMQ Platform Operator Init App 1.7.0-SNAPSHOT] Updating Pod HiveMQ Platform Operator Init App version annotation (version: 1.7.0-SNAPSHOT)
2025-01-28 21:19:45,992 INFO c.h.h.t.HelmChartContainer - [test-hivemq-platform] [hivemq] [6f3eb4f0] Jan 28, 2025 9:19:45 PM io.vertx.core.impl.BlockedThreadChecker
2025-01-28 21:19:45,992 INFO c.h.h.t.HelmChartContainer - [test-hivemq-platform] [hivemq] [6f3eb4f0] WARNING: Thread Thread[vert.x-eventloop-thread-1,5,main] has been blocked for 2896 ms, time limit is 2000 ms
2025-01-28 21:19:45,996 INFO c.h.h.t.HelmChartContainer - [test-hivemq-platform] [hivemq] [6f3eb4f0] INFO  - [HiveMQ Platform Operator Init App 1.7.0-SNAPSHOT] Updating Pod HiveMQ Platform Operator Init App version annotation (version: 1.7.0-SNAPSHOT)
2025-01-28 21:19:46,460 INFO c.h.h.t.HelmChartContainer - [POD] test-hivemq-platform-alpha-tier2-0 [26aeac9f-57eb-4ffe-ade0-5b91bfbeae1d] in customoperatorselectorsit was MODIFIED
2025-01-28 21:19:46,465 INFO c.h.h.t.HelmChartContainer - [hivemq-test-hivemq-platform] [hivemq-platform-operator] [9a2b71d5] 21:19:46.464 [pool-6-thread-17] DEBUG c.h.p.o.dependants.PodInfoConfigMap - [customop] Desired PodInfo ConfigMap (1 extensions) (1 enabled)
2025-01-28 21:19:46,466 INFO c.h.h.t.HelmChartContainer - [hivemq-test-hivemq-platform] [hivemq-platform-operator] [9a2b71d5] 21:19:46.466 [pool-6-thread-44] DEBUG c.h.p.o.d.PlatformServiceResource - [customop] Desired Platform services (3 services)
2025-01-28 21:19:46,468 INFO c.h.h.t.HelmChartContainer - [hivemq-test-hivemq-platform] [hivemq-platform-operator] [9a2b71d5] 21:19:46.466 [pool-6-thread-48] DEBUG c.h.p.o.d.PodServiceAccountResource - [customop] Desired PodServiceAccountResource (serviceAccountName: hivemq-platform-pod-test-hivemq-platform-alpha-tier2)
2025-01-28 21:19:46,468 INFO c.h.h.t.HelmChartContainer - [hivemq-test-hivemq-platform] [hivemq-platform-operator] [9a2b71d5] 21:19:46.467 [pool-6-thread-17] DEBUG c.h.p.o.dependants.PodInfoConfigMap - [customop] Desired PodInfo ConfigMap (metrics port: 9399) (metrics path: /)
2025-01-28 21:19:46,468 INFO c.h.h.t.HelmChartContainer - [hivemq-test-hivemq-platform] [hivemq-platform-operator] [9a2b71d5] 21:19:46.467 [pool-6-thread-17] DEBUG c.h.p.o.dependants.PodInfoConfigMap - [customop] Desired PodInfo ConfigMap (extension state hash: -1817474005)
2025-01-28 21:19:46,471 INFO c.h.h.t.HelmChartContainer - [hivemq-test-hivemq-platform] [hivemq-platform-operator] [9a2b71d5] 21:19:46.470 [pool-6-thread-44] DEBUG c.h.p.o.d.StatefulSetResource - [customop] Desired StatefulSet (1 replicas) for status STARTING (READY)
2025-01-28 21:19:46,477 INFO c.h.h.t.HelmChartContainer - [hivemq-test-hivemq-platform] [hivemq-platform-operator] [9a2b71d5] 21:19:46.474 [ReconcilerExecutor-hivemq-controller-119] INFO  c.h.p.o.HiveMQPlatformReconciler - [customop] Reconciling HiveMQ Platform 'test-hivemq-platform-alpha-tier2' in namespace 'customoperatorselectorsit'
2025-01-28 21:19:46,477 INFO c.h.h.t.HelmChartContainer - [hivemq-test-hivemq-platform] [hivemq-platform-operator] [9a2b71d5] 21:19:46.474 [ReconcilerExecutor-hivemq-controller-119] DEBUG c.h.p.o.HiveMQPlatformReconciler - [customop] Custom Resource Status STARTING - HiveMQ Platform is starting (READY)
2025-01-28 21:19:46,477 INFO c.h.h.t.HelmChartContainer - [hivemq-test-hivemq-platform] [hivemq-platform-operator] [9a2b71d5] 21:19:46.474 [ReconcilerExecutor-hivemq-controller-119] DEBUG c.h.p.o.HiveMQPlatformReconciler - [customop] Custom Resource Spec (replicas: 1) (extensions: 1)
2025-01-28 21:19:46,477 INFO c.h.h.t.HelmChartContainer - [hivemq-test-hivemq-platform] [hivemq-platform-operator] [9a2b71d5] 21:19:46.475 [ReconcilerExecutor-hivemq-controller-119] DEBUG c.h.p.o.HiveMQPlatformReconciler - [customop] StatefulSet Status (revision: test-hivemq-platform-alpha-tier2-5888b5495b, replicas: 1, available: 0, ready: 0, current: 1, updated: 1)
2025-01-28 21:19:46,477 INFO c.h.h.t.HelmChartContainer - [hivemq-test-hivemq-platform] [hivemq-platform-operator] [9a2b71d5] 21:19:46.475 [ReconcilerExecutor-hivemq-controller-119] DEBUG c.h.p.o.HiveMQPlatformReconciler - [customop] StatefulSet Spec (replicas: 1, init containers: 1, containers: 1, volumes: 3)
2025-01-28 21:19:46,477 INFO c.h.h.t.HelmChartContainer - [hivemq-test-hivemq-platform] [hivemq-platform-operator] [9a2b71d5] 21:19:46.476 [ReconcilerExecutor-hivemq-controller-119] DEBUG c.h.p.o.h.HiveMQPlatformReconcilerErrorHandler - [customop] Pod 'test-hivemq-platform-alpha-tier2-0' phase Running
2025-01-28 21:19:46,478 INFO c.h.h.t.HelmChartContainer - [hivemq-test-hivemq-platform] [hivemq-platform-operator] [9a2b71d5] 21:19:46.477 [ReconcilerExecutor-hivemq-controller-119] INFO  c.h.p.o.h.HiveMQPlatformReconcilerBaseHandler - [customop] HiveMQ Platform is starting, 0 of 1 replicas are ready
2025-01-28 21:19:46,521 INFO c.h.h.t.HelmChartContainer - [POD] test-hivemq-platform-alpha-tier3-0 [6f3eb4f0-7705-45db-9ae0-fb4e3a85db63] in customoperatorselectorsit was MODIFIED
2025-01-28 21:19:46,528 INFO c.h.h.t.HelmChartContainer - [test-hivemq-platform] [hivemq] [26aeac9f] WARN  - [HiveMQ Platform Operator Init App 1.7.0-SNAPSHOT] Cannot connect to Health API for readiness: null
2025-01-28 21:19:46,530 INFO c.h.h.t.HelmChartContainer - [test-hivemq-platform] [hivemq] [26aeac9f] INFO  - [HiveMQ Platform Operator Init App 1.7.0-SNAPSHOT] Successfully updated Pod HiveMQ Platform Operator Init App version annotation (version: 1.7.0-SNAPSHOT)
2025-01-28 21:19:46,535 INFO c.h.h.t.HelmChartContainer - [EVENT] Warning [Unhealthy] Readiness probe failed: HTTP probe failed with statuscode: 503 [customoperatorselectorsit:test-hivemq-platform-alpha-tier2-0]
2025-01-28 21:19:46,535 INFO c.h.h.t.HelmChartContainer - Received Unhealthy event for container hivemq in pod test-hivemq-platform-alpha-tier2-0 [26aeac9f-57eb-4ffe-ade0-5b91bfbeae1d]
2025-01-28 21:19:46,556 INFO c.h.h.t.HelmChartContainer - [hivemq-test-hivemq-platform] [hivemq-platform-operator] [9a2b71d5] 21:19:46.552 [pool-6-thread-7] DEBUG c.h.p.o.d.PlatformServiceResource - [customop] Desired Platform services (3 services)
2025-01-28 21:19:46,583 INFO c.h.h.t.HelmChartContainer - [hivemq-test-hivemq-platform] [hivemq-platform-operator] [9a2b71d5] 21:19:46.554 [pool-6-thread-45] DEBUG c.h.p.o.dependants.PodInfoConfigMap - [customop] Desired PodInfo ConfigMap (1 extensions) (1 enabled)
2025-01-28 21:19:46,583 INFO c.h.h.t.HelmChartContainer - [hivemq-test-hivemq-platform] [hivemq-platform-operator] [9a2b71d5] 21:19:46.554 [pool-6-thread-45] DEBUG c.h.p.o.dependants.PodInfoConfigMap - [customop] Desired PodInfo ConfigMap (metrics port: 9399) (metrics path: /)
2025-01-28 21:19:46,583 INFO c.h.h.t.HelmChartContainer - [hivemq-test-hivemq-platform] [hivemq-platform-operator] [9a2b71d5] 21:19:46.554 [pool-6-thread-45] DEBUG c.h.p.o.dependants.PodInfoConfigMap - [customop] Desired PodInfo ConfigMap (extension state hash: -1817474005)
2025-01-28 21:19:46,583 INFO c.h.h.t.HelmChartContainer - [hivemq-test-hivemq-platform] [hivemq-platform-operator] [9a2b71d5] 21:19:46.555 [pool-6-thread-8] DEBUG c.h.p.o.d.PodServiceAccountResource - [customop] Desired PodServiceAccountResource (serviceAccountName: hivemq-platform-pod-test-hivemq-platform-alpha-tier3)
2025-01-28 21:19:46,583 INFO c.h.h.t.HelmChartContainer - [hivemq-test-hivemq-platform] [hivemq-platform-operator] [9a2b71d5] 21:19:46.560 [pool-6-thread-7] DEBUG c.h.p.o.d.StatefulSetResource - [customop] Desired StatefulSet (1 replicas) for status STARTING (READY)
2025-01-28 21:19:46,586 INFO c.h.h.t.HelmChartContainer - [test-hivemq-platform] [hivemq] [6f3eb4f0] INFO  - [HiveMQ Platform Operator Init App 1.7.0-SNAPSHOT] Successfully updated Pod HiveMQ Platform Operator Init App version annotation (version: 1.7.0-SNAPSHOT)
2025-01-28 21:19:46,590 INFO c.h.h.t.HelmChartContainer - [test-hivemq-platform] [hivemq] [6f3eb4f0] WARN  - [HiveMQ Platform Operator Init App 1.7.0-SNAPSHOT] Cannot connect to Health API for readiness: null
2025-01-28 21:19:46,597 INFO c.h.h.t.HelmChartContainer - [EVENT] Warning [Unhealthy] Readiness probe failed: HTTP probe failed with statuscode: 503 [customoperatorselectorsit:test-hivemq-platform-alpha-tier3-0]
2025-01-28 21:19:46,597 INFO c.h.h.t.HelmChartContainer - Received Unhealthy event for container hivemq in pod test-hivemq-platform-alpha-tier3-0 [6f3eb4f0-7705-45db-9ae0-fb4e3a85db63]
2025-01-28 21:19:46,646 INFO c.h.h.t.HelmChartContainer - [hivemq-test-hivemq-platform] [hivemq-platform-operator] [9a2b71d5] 21:19:46.645 [ReconcilerExecutor-hivemq-controller-120] INFO  c.h.p.o.HiveMQPlatformReconciler - [customop] Reconciling HiveMQ Platform 'test-hivemq-platform-alpha-tier3' in namespace 'customoperatorselectorsit'
2025-01-28 21:19:46,646 INFO c.h.h.t.HelmChartContainer - [hivemq-test-hivemq-platform] [hivemq-platform-operator] [9a2b71d5] 21:19:46.645 [ReconcilerExecutor-hivemq-controller-120] DEBUG c.h.p.o.HiveMQPlatformReconciler - [customop] Custom Resource Status STARTING - HiveMQ Platform is starting (READY)
2025-01-28 21:19:46,647 INFO c.h.h.t.HelmChartContainer - [hivemq-test-hivemq-platform] [hivemq-platform-operator] [9a2b71d5] 21:19:46.645 [ReconcilerExecutor-hivemq-controller-120] DEBUG c.h.p.o.HiveMQPlatformReconciler - [customop] Custom Resource Spec (replicas: 1) (extensions: 1)
2025-01-28 21:19:46,648 INFO c.h.h.t.HelmChartContainer - [hivemq-test-hivemq-platform] [hivemq-platform-operator] [9a2b71d5] 21:19:46.647 [ReconcilerExecutor-hivemq-controller-120] DEBUG c.h.p.o.HiveMQPlatformReconciler - [customop] StatefulSet Status (revision: test-hivemq-platform-alpha-tier3-7ccdb49877, replicas: 1, available: 0, ready: 0, current: 1, updated: 1)
2025-01-28 21:19:46,649 INFO c.h.h.t.HelmChartContainer - [hivemq-test-hivemq-platform] [hivemq-platform-operator] [9a2b71d5] 21:19:46.647 [ReconcilerExecutor-hivemq-controller-120] DEBUG c.h.p.o.HiveMQPlatformReconciler - [customop] StatefulSet Spec (replicas: 1, init containers: 1, containers: 1, volumes: 3)
2025-01-28 21:19:46,650 INFO c.h.h.t.HelmChartContainer - [hivemq-test-hivemq-platform] [hivemq-platform-operator] [9a2b71d5] 21:19:46.649 [ReconcilerExecutor-hivemq-controller-120] DEBUG c.h.p.o.h.HiveMQPlatformReconcilerErrorHandler - [customop] Pod 'test-hivemq-platform-alpha-tier3-0' phase Running
2025-01-28 21:19:46,652 INFO c.h.h.t.HelmChartContainer - [hivemq-test-hivemq-platform] [hivemq-platform-operator] [9a2b71d5] 21:19:46.651 [ReconcilerExecutor-hivemq-controller-120] INFO  c.h.p.o.h.HiveMQPlatformReconcilerBaseHandler - [customop] HiveMQ Platform is starting, 0 of 1 replicas are ready
2025-01-28 21:19:51,490 INFO c.h.h.t.HelmChartContainer - [test-hivemq-platform] [hivemq] [26aeac9f] WARN  - [HiveMQ Platform Operator Init App 1.7.0-SNAPSHOT] Cannot connect to Health API for readiness: null
2025-01-28 21:19:51,493 INFO c.h.h.t.HelmChartContainer - [EVENT] Warning [Unhealthy] Readiness probe failed: HTTP probe failed with statuscode: 503 [customoperatorselectorsit:test-hivemq-platform-alpha-tier2-0]
2025-01-28 21:19:51,493 INFO c.h.h.t.HelmChartContainer - Received Unhealthy event for container hivemq in pod test-hivemq-platform-alpha-tier2-0 [26aeac9f-57eb-4ffe-ade0-5b91bfbeae1d]
2025-01-28 21:19:51,595 INFO c.h.h.t.HelmChartContainer - [test-hivemq-platform] [hivemq] [6f3eb4f0] WARN  - [HiveMQ Platform Operator Init App 1.7.0-SNAPSHOT] Cannot connect to Health API for readiness: null
2025-01-28 21:19:51,604 INFO c.h.h.t.HelmChartContainer - [EVENT] Warning [Unhealthy] Readiness probe failed: HTTP probe failed with statuscode: 503 [customoperatorselectorsit:test-hivemq-platform-alpha-tier3-0]
2025-01-28 21:19:51,604 INFO c.h.h.t.HelmChartContainer - Received Unhealthy event for container hivemq in pod test-hivemq-platform-alpha-tier3-0 [6f3eb4f0-7705-45db-9ae0-fb4e3a85db63]
2025-01-28 21:19:56,486 INFO c.h.h.t.HelmChartContainer - [hivemq-test-hivemq-platform] [hivemq-platform-operator] [9a2b71d5] 21:19:56.481 [pool-6-thread-26] DEBUG c.h.p.o.d.PlatformServiceResource - [customop] Desired Platform services (3 services)
2025-01-28 21:19:56,486 INFO c.h.h.t.HelmChartContainer - [hivemq-test-hivemq-platform] [hivemq-platform-operator] [9a2b71d5] 21:19:56.486 [pool-6-thread-19] DEBUG c.h.p.o.dependants.PodInfoConfigMap - [customop] Desired PodInfo ConfigMap (1 extensions) (1 enabled)
2025-01-28 21:19:56,490 INFO c.h.h.t.HelmChartContainer - [test-hivemq-platform] [hivemq] [26aeac9f] WARN  - [HiveMQ Platform Operator Init App 1.7.0-SNAPSHOT] Cannot connect to Health API for readiness: null
2025-01-28 21:19:56,491 INFO c.h.h.t.HelmChartContainer - [hivemq-test-hivemq-platform] [hivemq-platform-operator] [9a2b71d5] 21:19:56.490 [pool-6-thread-19] DEBUG c.h.p.o.dependants.PodInfoConfigMap - [customop] Desired PodInfo ConfigMap (metrics port: 9399) (metrics path: /)
2025-01-28 21:19:56,492 INFO c.h.h.t.HelmChartContainer - [hivemq-test-hivemq-platform] [hivemq-platform-operator] [9a2b71d5] 21:19:56.490 [pool-6-thread-19] DEBUG c.h.p.o.dependants.PodInfoConfigMap - [customop] Desired PodInfo ConfigMap (extension state hash: -1817474005)
2025-01-28 21:19:56,495 INFO c.h.h.t.HelmChartContainer - [hivemq-test-hivemq-platform] [hivemq-platform-operator] [9a2b71d5] 21:19:56.488 [pool-6-thread-14] DEBUG c.h.p.o.d.PodServiceAccountResource - [customop] Desired PodServiceAccountResource (serviceAccountName: hivemq-platform-pod-test-hivemq-platform-alpha-tier2)
2025-01-28 21:19:56,503 INFO c.h.h.t.HelmChartContainer - [EVENT] Warning [Unhealthy] Readiness probe failed: HTTP probe failed with statuscode: 503 [customoperatorselectorsit:test-hivemq-platform-alpha-tier2-0]
2025-01-28 21:19:56,503 INFO c.h.h.t.HelmChartContainer - Received Unhealthy event for container hivemq in pod test-hivemq-platform-alpha-tier2-0 [26aeac9f-57eb-4ffe-ade0-5b91bfbeae1d]
2025-01-28 21:19:56,507 INFO c.h.h.t.HelmChartContainer - [hivemq-test-hivemq-platform] [hivemq-platform-operator] [9a2b71d5] 21:19:56.506 [pool-6-thread-10] DEBUG c.h.p.o.d.StatefulSetResource - [customop] Desired StatefulSet (1 replicas) for status STARTING (READY)
2025-01-28 21:19:56,513 INFO c.h.h.t.HelmChartContainer - [hivemq-test-hivemq-platform] [hivemq-platform-operator] [9a2b71d5] 21:19:56.512 [ReconcilerExecutor-hivemq-controller-121] INFO  c.h.p.o.HiveMQPlatformReconciler - [customop] Reconciling HiveMQ Platform 'test-hivemq-platform-alpha-tier2' in namespace 'customoperatorselectorsit'
2025-01-28 21:19:56,514 INFO c.h.h.t.HelmChartContainer - [hivemq-test-hivemq-platform] [hivemq-platform-operator] [9a2b71d5] 21:19:56.512 [ReconcilerExecutor-hivemq-controller-121] DEBUG c.h.p.o.HiveMQPlatformReconciler - [customop] Custom Resource Status STARTING - HiveMQ Platform is starting (READY)
2025-01-28 21:19:56,514 INFO c.h.h.t.HelmChartContainer - [hivemq-test-hivemq-platform] [hivemq-platform-operator] [9a2b71d5] 21:19:56.512 [ReconcilerExecutor-hivemq-controller-121] DEBUG c.h.p.o.HiveMQPlatformReconciler - [customop] Custom Resource Spec (replicas: 1) (extensions: 1)
2025-01-28 21:19:56,544 INFO c.h.h.t.HelmChartContainer - [hivemq-test-hivemq-platform] [hivemq-platform-operator] [9a2b71d5] 21:19:56.543 [ReconcilerExecutor-hivemq-controller-121] DEBUG c.h.p.o.HiveMQPlatformReconciler - [customop] StatefulSet Status (revision: test-hivemq-platform-alpha-tier2-5888b5495b, replicas: 1, available: 0, ready: 0, current: 1, updated: 1)
2025-01-28 21:19:56,545 INFO c.h.h.t.HelmChartContainer - [hivemq-test-hivemq-platform] [hivemq-platform-operator] [9a2b71d5] 21:19:56.543 [ReconcilerExecutor-hivemq-controller-121] DEBUG c.h.p.o.HiveMQPlatformReconciler - [customop] StatefulSet Spec (replicas: 1, init containers: 1, containers: 1, volumes: 3)
2025-01-28 21:19:56,546 INFO c.h.h.t.HelmChartContainer - [hivemq-test-hivemq-platform] [hivemq-platform-operator] [9a2b71d5] 21:19:56.545 [ReconcilerExecutor-hivemq-controller-121] DEBUG c.h.p.o.h.HiveMQPlatformReconcilerErrorHandler - [customop] Pod 'test-hivemq-platform-alpha-tier2-0' phase Running
2025-01-28 21:19:56,547 INFO c.h.h.t.HelmChartContainer - [hivemq-test-hivemq-platform] [hivemq-platform-operator] [9a2b71d5] 21:19:56.546 [ReconcilerExecutor-hivemq-controller-121] INFO  c.h.p.o.h.HiveMQPlatformReconcilerBaseHandler - [customop] HiveMQ Platform is starting, 0 of 1 replicas are ready
2025-01-28 21:19:56,594 INFO c.h.h.t.HelmChartContainer - [test-hivemq-platform] [hivemq] [6f3eb4f0] WARN  - [HiveMQ Platform Operator Init App 1.7.0-SNAPSHOT] Cannot connect to Health API for readiness: null
2025-01-28 21:19:56,600 INFO c.h.h.t.HelmChartContainer - [EVENT] Warning [Unhealthy] Readiness probe failed: HTTP probe failed with statuscode: 503 [customoperatorselectorsit:test-hivemq-platform-alpha-tier3-0]
2025-01-28 21:19:56,600 INFO c.h.h.t.HelmChartContainer - Received Unhealthy event for container hivemq in pod test-hivemq-platform-alpha-tier3-0 [6f3eb4f0-7705-45db-9ae0-fb4e3a85db63]
2025-01-28 21:19:56,659 INFO c.h.h.t.HelmChartContainer - [hivemq-test-hivemq-platform] [hivemq-platform-operator] [9a2b71d5] 21:19:56.657 [pool-6-thread-28] DEBUG c.h.p.o.d.PlatformServiceResource - [customop] Desired Platform services (3 services)
2025-01-28 21:19:56,660 INFO c.h.h.t.HelmChartContainer - [hivemq-test-hivemq-platform] [hivemq-platform-operator] [9a2b71d5] 21:19:56.658 [pool-6-thread-9] DEBUG c.h.p.o.d.PodServiceAccountResource - [customop] Desired PodServiceAccountResource (serviceAccountName: hivemq-platform-pod-test-hivemq-platform-alpha-tier3)
2025-01-28 21:19:56,715 INFO c.h.h.t.HelmChartContainer - [hivemq-test-hivemq-platform] [hivemq-platform-operator] [9a2b71d5] 21:19:56.713 [pool-6-thread-30] DEBUG c.h.p.o.dependants.PodInfoConfigMap - [customop] Desired PodInfo ConfigMap (1 extensions) (1 enabled)
2025-01-28 21:19:56,717 INFO c.h.h.t.HelmChartContainer - [hivemq-test-hivemq-platform] [hivemq-platform-operator] [9a2b71d5] 21:19:56.714 [pool-6-thread-30] DEBUG c.h.p.o.dependants.PodInfoConfigMap - [customop] Desired PodInfo ConfigMap (metrics port: 9399) (metrics path: /)
2025-01-28 21:19:56,718 INFO c.h.h.t.HelmChartContainer - [hivemq-test-hivemq-platform] [hivemq-platform-operator] [9a2b71d5] 21:19:56.714 [pool-6-thread-30] DEBUG c.h.p.o.dependants.PodInfoConfigMap - [customop] Desired PodInfo ConfigMap (extension state hash: -1817474005)
2025-01-28 21:19:56,745 INFO c.h.h.t.HelmChartContainer - [hivemq-test-hivemq-platform] [hivemq-platform-operator] [9a2b71d5] 21:19:56.743 [pool-6-thread-40] DEBUG c.h.p.o.d.StatefulSetResource - [customop] Desired StatefulSet (1 replicas) for status STARTING (READY)
2025-01-28 21:19:56,748 INFO c.h.h.t.HelmChartContainer - [hivemq-test-hivemq-platform] [hivemq-platform-operator] [9a2b71d5] 21:19:56.747 [ReconcilerExecutor-hivemq-controller-122] INFO  c.h.p.o.HiveMQPlatformReconciler - [customop] Reconciling HiveMQ Platform 'test-hivemq-platform-alpha-tier3' in namespace 'customoperatorselectorsit'
2025-01-28 21:19:56,748 INFO c.h.h.t.HelmChartContainer - [hivemq-test-hivemq-platform] [hivemq-platform-operator] [9a2b71d5] 21:19:56.747 [ReconcilerExecutor-hivemq-controller-122] DEBUG c.h.p.o.HiveMQPlatformReconciler - [customop] Custom Resource Status STARTING - HiveMQ Platform is starting (READY)
2025-01-28 21:19:56,748 INFO c.h.h.t.HelmChartContainer - [hivemq-test-hivemq-platform] [hivemq-platform-operator] [9a2b71d5] 21:19:56.747 [ReconcilerExecutor-hivemq-controller-122] DEBUG c.h.p.o.HiveMQPlatformReconciler - [customop] Custom Resource Spec (replicas: 1) (extensions: 1)
2025-01-28 21:19:56,750 INFO c.h.h.t.HelmChartContainer - [hivemq-test-hivemq-platform] [hivemq-platform-operator] [9a2b71d5] 21:19:56.748 [ReconcilerExecutor-hivemq-controller-122] DEBUG c.h.p.o.HiveMQPlatformReconciler - [customop] StatefulSet Status (revision: test-hivemq-platform-alpha-tier3-7ccdb49877, replicas: 1, available: 0, ready: 0, current: 1, updated: 1)
2025-01-28 21:19:56,750 INFO c.h.h.t.HelmChartContainer - [hivemq-test-hivemq-platform] [hivemq-platform-operator] [9a2b71d5] 21:19:56.748 [ReconcilerExecutor-hivemq-controller-122] DEBUG c.h.p.o.HiveMQPlatformReconciler - [customop] StatefulSet Spec (replicas: 1, init containers: 1, containers: 1, volumes: 3)
2025-01-28 21:19:56,750 INFO c.h.h.t.HelmChartContainer - [hivemq-test-hivemq-platform] [hivemq-platform-operator] [9a2b71d5] 21:19:56.749 [ReconcilerExecutor-hivemq-controller-122] DEBUG c.h.p.o.h.HiveMQPlatformReconcilerErrorHandler - [customop] Pod 'test-hivemq-platform-alpha-tier3-0' phase Running
2025-01-28 21:19:56,752 INFO c.h.h.t.HelmChartContainer - [hivemq-test-hivemq-platform] [hivemq-platform-operator] [9a2b71d5] 21:19:56.751 [ReconcilerExecutor-hivemq-controller-122] INFO  c.h.p.o.h.HiveMQPlatformReconcilerBaseHandler - [customop] HiveMQ Platform is starting, 0 of 1 replicas are ready
2025-01-28 21:19:57,099 INFO c.h.h.t.HelmChartContainer - [test-hivemq-platform] [hivemq] [6f3eb4f0] WARN  - [HiveMQ Platform Operator Init App 1.7.0-SNAPSHOT] Cannot connect to Health API for liveness: null
2025-01-28 21:19:57,100 INFO c.h.h.t.HelmChartContainer - [test-hivemq-platform] [hivemq] [6f3eb4f0] INFO  - [HiveMQ Platform Operator Init App 1.7.0-SNAPSHOT] Returning default Health API response 200 for liveness
2025-01-28 21:19:57,118 INFO c.h.h.t.HelmChartContainer - [test-hivemq-platform] [hivemq] [26aeac9f] WARN  - [HiveMQ Platform Operator Init App 1.7.0-SNAPSHOT] Cannot connect to Health API for liveness: null
2025-01-28 21:19:57,118 INFO c.h.h.t.HelmChartContainer - [test-hivemq-platform] [hivemq] [26aeac9f] INFO  - [HiveMQ Platform Operator Init App 1.7.0-SNAPSHOT] Returning default Health API response 200 for liveness
2025-01-28 21:19:58,118 INFO c.h.h.t.HelmChartContainer - [test-hivemq-platform] [hivemq] [6f3eb4f0] INFO  - No valid license file found. Using trial license, restricted to 25 connections.
2025-01-28 21:19:58,622 INFO c.h.h.t.HelmChartContainer - [test-hivemq-platform] [hivemq] [26aeac9f] INFO  - No valid license file found. Using trial license, restricted to 25 connections.
2025-01-28 21:20:01,489 INFO c.h.h.t.HelmChartContainer - [test-hivemq-platform] [hivemq] [26aeac9f] WARN  - [HiveMQ Platform Operator Init App 1.7.0-SNAPSHOT] Cannot connect to Health API for readiness: null
2025-01-28 21:20:01,521 INFO c.h.h.t.HelmChartContainer - [EVENT] Warning [Unhealthy] Readiness probe failed: HTTP probe failed with statuscode: 503 [customoperatorselectorsit:test-hivemq-platform-alpha-tier2-0]
2025-01-28 21:20:01,521 INFO c.h.h.t.HelmChartContainer - Received Unhealthy event for container hivemq in pod test-hivemq-platform-alpha-tier2-0 [26aeac9f-57eb-4ffe-ade0-5b91bfbeae1d]
2025-01-28 21:20:01,588 INFO c.h.h.t.HelmChartContainer - [test-hivemq-platform] [hivemq] [6f3eb4f0] WARN  - [HiveMQ Platform Operator Init App 1.7.0-SNAPSHOT] Cannot connect to Health API for readiness: null
2025-01-28 21:20:01,597 INFO c.h.h.t.HelmChartContainer - [EVENT] Warning [Unhealthy] Readiness probe failed: HTTP probe failed with statuscode: 503 [customoperatorselectorsit:test-hivemq-platform-alpha-tier3-0]
2025-01-28 21:20:01,597 INFO c.h.h.t.HelmChartContainer - Received Unhealthy event for container hivemq in pod test-hivemq-platform-alpha-tier3-0 [6f3eb4f0-7705-45db-9ae0-fb4e3a85db63]
2025-01-28 21:20:01,903 INFO c.h.h.t.HelmChartContainer - [test-hivemq-platform] [hivemq] [6f3eb4f0] INFO  - No valid license file for Data Hub found. Using free license, restricted to 1 policy.
2025-01-28 21:20:03,118 INFO c.h.h.t.HelmChartContainer - [test-hivemq-platform] [hivemq] [6f3eb4f0] INFO  - Audit Logger started.
2025-01-28 21:20:03,425 INFO c.h.h.t.HelmChartContainer - [test-hivemq-platform] [hivemq] [6f3eb4f0] INFO  - This node uses '1' CPU cores.
2025-01-28 21:20:03,489 INFO c.h.h.t.HelmChartContainer - [test-hivemq-platform] [hivemq] [6f3eb4f0] INFO  - Starting HiveMQ Health API on address 0.0.0.0 and port 8889
2025-01-28 21:20:03,618 INFO c.h.h.t.HelmChartContainer - [test-hivemq-platform] [hivemq] [26aeac9f] INFO  - No valid license file for Data Hub found. Using free license, restricted to 1 policy.
2025-01-28 21:20:04,394 INFO c.h.h.t.HelmChartContainer - [test-hivemq-platform] [hivemq] [6f3eb4f0] INFO  - Started HiveMQ Health API in 908ms
2025-01-28 21:20:04,884 INFO c.h.h.t.HelmChartContainer - [test-hivemq-platform] [hivemq] [26aeac9f] INFO  - Audit Logger started.
2025-01-28 21:20:04,906 INFO c.h.h.t.HelmChartContainer - [test-hivemq-platform] [hivemq] [6f3eb4f0] INFO  - Starting HiveMQ extension system.
2025-01-28 21:20:05,131 INFO c.h.h.t.HelmChartContainer - [test-hivemq-platform] [hivemq] [26aeac9f] INFO  - This node uses '1' CPU cores.
2025-01-28 21:20:05,136 INFO c.h.h.t.HelmChartContainer - [test-hivemq-platform] [hivemq] [26aeac9f] INFO  - Starting HiveMQ Health API on address 0.0.0.0 and port 8889
2025-01-28 21:20:05,195 INFO c.h.h.t.HelmChartContainer - [test-hivemq-platform] [hivemq] [6f3eb4f0] INFO  - Starting extension with id "hivemq-dns-cluster-discovery" at /opt/hivemq/extensions/hivemq-dns-cluster-discovery
2025-01-28 21:20:05,698 INFO c.h.h.t.HelmChartContainer - [test-hivemq-platform] [hivemq] [6f3eb4f0] INFO  - Using TCP cluster transport on address 10.42.0.8 and port 7000
2025-01-28 21:20:05,787 INFO c.h.h.t.HelmChartContainer - [test-hivemq-platform] [hivemq] [6f3eb4f0] INFO  - Using extension cluster discovery
2025-01-28 21:20:05,892 INFO c.h.h.t.HelmChartContainer - [test-hivemq-platform] [hivemq] [6f3eb4f0] INFO  - Extension "DNS Cluster Discovery Extension" version 4.3.2 started successfully.
2025-01-28 21:20:05,893 INFO c.h.h.t.HelmChartContainer - [test-hivemq-platform] [hivemq] [6f3eb4f0] INFO  - Starting extension with id "hivemq-prometheus-extension" at /opt/hivemq/extensions/hivemq-prometheus-extension
2025-01-28 21:20:06,029 INFO c.h.h.t.HelmChartContainer - [test-hivemq-platform] [hivemq] [26aeac9f] INFO  - Started HiveMQ Health API in 892ms
2025-01-28 21:20:06,552 INFO c.h.h.t.HelmChartContainer - [hivemq-test-hivemq-platform] [hivemq-platform-operator] [9a2b71d5] 21:20:06.548 [pool-6-thread-41] DEBUG c.h.p.o.d.PlatformServiceResource - [customop] Desired Platform services (3 services)
2025-01-28 21:20:06,552 INFO c.h.h.t.HelmChartContainer - [hivemq-test-hivemq-platform] [hivemq-platform-operator] [9a2b71d5] 21:20:06.550 [pool-6-thread-22] DEBUG c.h.p.o.d.PodServiceAccountResource - [customop] Desired PodServiceAccountResource (serviceAccountName: hivemq-platform-pod-test-hivemq-platform-alpha-tier2)
2025-01-28 21:20:06,553 INFO c.h.h.t.HelmChartContainer - [hivemq-test-hivemq-platform] [hivemq-platform-operator] [9a2b71d5] 21:20:06.552 [pool-6-thread-43] DEBUG c.h.p.o.dependants.PodInfoConfigMap - [customop] Desired PodInfo ConfigMap (1 extensions) (1 enabled)
2025-01-28 21:20:06,555 INFO c.h.h.t.HelmChartContainer - [hivemq-test-hivemq-platform] [hivemq-platform-operator] [9a2b71d5] 21:20:06.554 [pool-6-thread-43] DEBUG c.h.p.o.dependants.PodInfoConfigMap - [customop] Desired PodInfo ConfigMap (metrics port: 9399) (metrics path: /)
2025-01-28 21:20:06,555 INFO c.h.h.t.HelmChartContainer - [hivemq-test-hivemq-platform] [hivemq-platform-operator] [9a2b71d5] 21:20:06.554 [pool-6-thread-43] DEBUG c.h.p.o.dependants.PodInfoConfigMap - [customop] Desired PodInfo ConfigMap (extension state hash: -1817474005)
2025-01-28 21:20:06,558 INFO c.h.h.t.HelmChartContainer - [hivemq-test-hivemq-platform] [hivemq-platform-operator] [9a2b71d5] 21:20:06.557 [pool-6-thread-43] DEBUG c.h.p.o.d.StatefulSetResource - [customop] Desired StatefulSet (1 replicas) for status STARTING (READY)
2025-01-28 21:20:06,562 INFO c.h.h.t.HelmChartContainer - [hivemq-test-hivemq-platform] [hivemq-platform-operator] [9a2b71d5] 21:20:06.561 [ReconcilerExecutor-hivemq-controller-123] INFO  c.h.p.o.HiveMQPlatformReconciler - [customop] Reconciling HiveMQ Platform 'test-hivemq-platform-alpha-tier2' in namespace 'customoperatorselectorsit'
2025-01-28 21:20:06,565 INFO c.h.h.t.HelmChartContainer - [hivemq-test-hivemq-platform] [hivemq-platform-operator] [9a2b71d5] 21:20:06.561 [ReconcilerExecutor-hivemq-controller-123] DEBUG c.h.p.o.HiveMQPlatformReconciler - [customop] Custom Resource Status STARTING - HiveMQ Platform is starting (READY)
2025-01-28 21:20:06,565 INFO c.h.h.t.HelmChartContainer - [hivemq-test-hivemq-platform] [hivemq-platform-operator] [9a2b71d5] 21:20:06.561 [ReconcilerExecutor-hivemq-controller-123] DEBUG c.h.p.o.HiveMQPlatformReconciler - [customop] Custom Resource Spec (replicas: 1) (extensions: 1)
2025-01-28 21:20:06,565 INFO c.h.h.t.HelmChartContainer - [hivemq-test-hivemq-platform] [hivemq-platform-operator] [9a2b71d5] 21:20:06.562 [ReconcilerExecutor-hivemq-controller-123] DEBUG c.h.p.o.HiveMQPlatformReconciler - [customop] StatefulSet Status (revision: test-hivemq-platform-alpha-tier2-5888b5495b, replicas: 1, available: 0, ready: 0, current: 1, updated: 1)
2025-01-28 21:20:06,566 INFO c.h.h.t.HelmChartContainer - [hivemq-test-hivemq-platform] [hivemq-platform-operator] [9a2b71d5] 21:20:06.562 [ReconcilerExecutor-hivemq-controller-123] DEBUG c.h.p.o.HiveMQPlatformReconciler - [customop] StatefulSet Spec (replicas: 1, init containers: 1, containers: 1, volumes: 3)
2025-01-28 21:20:06,566 INFO c.h.h.t.HelmChartContainer - [hivemq-test-hivemq-platform] [hivemq-platform-operator] [9a2b71d5] 21:20:06.563 [ReconcilerExecutor-hivemq-controller-123] DEBUG c.h.p.o.h.HiveMQPlatformReconcilerErrorHandler - [customop] Pod 'test-hivemq-platform-alpha-tier2-0' phase Running
2025-01-28 21:20:06,567 INFO c.h.h.t.HelmChartContainer - [hivemq-test-hivemq-platform] [hivemq-platform-operator] [9a2b71d5] 21:20:06.564 [ReconcilerExecutor-hivemq-controller-123] INFO  c.h.p.o.h.HiveMQPlatformReconcilerBaseHandler - [customop] HiveMQ Platform is starting, 0 of 1 replicas are ready
2025-01-28 21:20:06,807 INFO c.h.h.t.HelmChartContainer - [hivemq-test-hivemq-platform] [hivemq-platform-operator] [9a2b71d5] 21:20:06.802 [pool-6-thread-15] DEBUG c.h.p.o.d.PlatformServiceResource - [customop] Desired Platform services (3 services)
2025-01-28 21:20:06,807 INFO c.h.h.t.HelmChartContainer - [hivemq-test-hivemq-platform] [hivemq-platform-operator] [9a2b71d5] 21:20:06.804 [pool-6-thread-37] DEBUG c.h.p.o.dependants.PodInfoConfigMap - [customop] Desired PodInfo ConfigMap (1 extensions) (1 enabled)
2025-01-28 21:20:06,807 INFO c.h.h.t.HelmChartContainer - [hivemq-test-hivemq-platform] [hivemq-platform-operator] [9a2b71d5] 21:20:06.805 [pool-6-thread-37] DEBUG c.h.p.o.dependants.PodInfoConfigMap - [customop] Desired PodInfo ConfigMap (metrics port: 9399) (metrics path: /)
2025-01-28 21:20:06,807 INFO c.h.h.t.HelmChartContainer - [hivemq-test-hivemq-platform] [hivemq-platform-operator] [9a2b71d5] 21:20:06.805 [pool-6-thread-37] DEBUG c.h.p.o.dependants.PodInfoConfigMap - [customop] Desired PodInfo ConfigMap (extension state hash: -1817474005)
2025-01-28 21:20:06,808 INFO c.h.h.t.HelmChartContainer - [hivemq-test-hivemq-platform] [hivemq-platform-operator] [9a2b71d5] 21:20:06.806 [pool-6-thread-46] DEBUG c.h.p.o.d.PodServiceAccountResource - [customop] Desired PodServiceAccountResource (serviceAccountName: hivemq-platform-pod-test-hivemq-platform-alpha-tier3)
2025-01-28 21:20:06,813 INFO c.h.h.t.HelmChartContainer - [hivemq-test-hivemq-platform] [hivemq-platform-operator] [9a2b71d5] 21:20:06.812 [pool-6-thread-15] DEBUG c.h.p.o.d.StatefulSetResource - [customop] Desired StatefulSet (1 replicas) for status STARTING (READY)
2025-01-28 21:20:06,819 INFO c.h.h.t.HelmChartContainer - [hivemq-test-hivemq-platform] [hivemq-platform-operator] [9a2b71d5] 21:20:06.817 [ReconcilerExecutor-hivemq-controller-124] INFO  c.h.p.o.HiveMQPlatformReconciler - [customop] Reconciling HiveMQ Platform 'test-hivemq-platform-alpha-tier3' in namespace 'customoperatorselectorsit'
2025-01-28 21:20:06,819 INFO c.h.h.t.HelmChartContainer - [hivemq-test-hivemq-platform] [hivemq-platform-operator] [9a2b71d5] 21:20:06.817 [ReconcilerExecutor-hivemq-controller-124] DEBUG c.h.p.o.HiveMQPlatformReconciler - [customop] Custom Resource Status STARTING - HiveMQ Platform is starting (READY)
2025-01-28 21:20:06,819 INFO c.h.h.t.HelmChartContainer - [hivemq-test-hivemq-platform] [hivemq-platform-operator] [9a2b71d5] 21:20:06.817 [ReconcilerExecutor-hivemq-controller-124] DEBUG c.h.p.o.HiveMQPlatformReconciler - [customop] Custom Resource Spec (replicas: 1) (extensions: 1)
2025-01-28 21:20:06,821 INFO c.h.h.t.HelmChartContainer - [hivemq-test-hivemq-platform] [hivemq-platform-operator] [9a2b71d5] 21:20:06.819 [ReconcilerExecutor-hivemq-controller-124] DEBUG c.h.p.o.HiveMQPlatformReconciler - [customop] StatefulSet Status (revision: test-hivemq-platform-alpha-tier3-7ccdb49877, replicas: 1, available: 0, ready: 0, current: 1, updated: 1)
2025-01-28 21:20:06,821 INFO c.h.h.t.HelmChartContainer - [hivemq-test-hivemq-platform] [hivemq-platform-operator] [9a2b71d5] 21:20:06.819 [ReconcilerExecutor-hivemq-controller-124] DEBUG c.h.p.o.HiveMQPlatformReconciler - [customop] StatefulSet Spec (replicas: 1, init containers: 1, containers: 1, volumes: 3)
2025-01-28 21:20:06,825 INFO c.h.h.t.HelmChartContainer - [hivemq-test-hivemq-platform] [hivemq-platform-operator] [9a2b71d5] 21:20:06.822 [ReconcilerExecutor-hivemq-controller-124] DEBUG c.h.p.o.h.HiveMQPlatformReconcilerErrorHandler - [customop] Pod 'test-hivemq-platform-alpha-tier3-0' phase Running
2025-01-28 21:20:06,825 INFO c.h.h.t.HelmChartContainer - [hivemq-test-hivemq-platform] [hivemq-platform-operator] [9a2b71d5] 21:20:06.824 [ReconcilerExecutor-hivemq-controller-124] INFO  c.h.p.o.h.HiveMQPlatformReconcilerBaseHandler - [customop] HiveMQ Platform is starting, 0 of 1 replicas are ready
2025-01-28 21:20:07,025 INFO c.h.h.t.HelmChartContainer - [test-hivemq-platform] [hivemq] [26aeac9f] INFO  - Starting HiveMQ extension system.
2025-01-28 21:20:07,297 INFO c.h.h.t.HelmChartContainer - [test-hivemq-platform] [hivemq] [6f3eb4f0] INFO  - Started Jetty Server exposing Prometheus Servlet on URI http://0.0.0.0:9399/
2025-01-28 21:20:07,298 INFO c.h.h.t.HelmChartContainer - [test-hivemq-platform] [hivemq] [6f3eb4f0] INFO  - Extension "Prometheus Monitoring Extension" version 4.0.12 started successfully.
2025-01-28 21:20:07,299 INFO c.h.h.t.HelmChartContainer - [test-hivemq-platform] [hivemq] [6f3eb4f0] INFO  - Starting extension with id "hivemq-allow-all-extension" at /opt/hivemq/extensions/hivemq-allow-all-extension
2025-01-28 21:20:07,299 INFO c.h.h.t.HelmChartContainer - [test-hivemq-platform] [hivemq] [6f3eb4f0] WARN  - 
2025-01-28 21:20:07,299 INFO c.h.h.t.HelmChartContainer - [test-hivemq-platform] [hivemq] [6f3eb4f0] ################################################################################################################
2025-01-28 21:20:07,299 INFO c.h.h.t.HelmChartContainer - [test-hivemq-platform] [hivemq] [6f3eb4f0] # This HiveMQ deployment is not secure! You are lacking Authentication and Authorization.                      #
2025-01-28 21:20:07,299 INFO c.h.h.t.HelmChartContainer - [test-hivemq-platform] [hivemq] [6f3eb4f0] # Right now any MQTT client can connect to the broker with a full set of permissions.                          #
2025-01-28 21:20:07,299 INFO c.h.h.t.HelmChartContainer - [test-hivemq-platform] [hivemq] [6f3eb4f0] # For production usage, add an appropriate security extension and remove the hivemq-allow-all extension.       #
2025-01-28 21:20:07,299 INFO c.h.h.t.HelmChartContainer - [test-hivemq-platform] [hivemq] [6f3eb4f0] # You can download security extensions from the HiveMQ Marketplace (https://www.hivemq.com/extensions/).       #
2025-01-28 21:20:07,299 INFO c.h.h.t.HelmChartContainer - [test-hivemq-platform] [hivemq] [6f3eb4f0] ################################################################################################################
2025-01-28 21:20:07,299 INFO c.h.h.t.HelmChartContainer - [test-hivemq-platform] [hivemq] [6f3eb4f0] INFO  - Extension "Allow All Extension" version 1.1.1 started successfully.
2025-01-28 21:20:07,420 INFO c.h.h.t.HelmChartContainer - [test-hivemq-platform] [hivemq] [26aeac9f] INFO  - [HiveMQ Platform Operator Init App 1.7.0-SNAPSHOT] Returning Health API response 503 for readiness
2025-01-28 21:20:07,427 INFO c.h.h.t.HelmChartContainer - [EVENT] Warning [Unhealthy] Readiness probe failed: HTTP probe failed with statuscode: 503 [customoperatorselectorsit:test-hivemq-platform-alpha-tier2-0]
2025-01-28 21:20:07,427 INFO c.h.h.t.HelmChartContainer - Received Unhealthy event for container hivemq in pod test-hivemq-platform-alpha-tier2-0 [26aeac9f-57eb-4ffe-ade0-5b91bfbeae1d]
2025-01-28 21:20:07,501 INFO c.h.h.t.HelmChartContainer - [test-hivemq-platform] [hivemq] [6f3eb4f0] INFO  - [HiveMQ Platform Operator Init App 1.7.0-SNAPSHOT] Returning Health API response 503 for readiness
2025-01-28 21:20:07,516 INFO c.h.h.t.HelmChartContainer - [test-hivemq-platform] [hivemq] [26aeac9f] INFO  - Starting extension with id "hivemq-dns-cluster-discovery" at /opt/hivemq/extensions/hivemq-dns-cluster-discovery
2025-01-28 21:20:07,567 INFO c.h.h.t.HelmChartContainer - [EVENT] Warning [Unhealthy] Readiness probe failed: Get "http://10.42.0.8:7979/readiness": context deadline exceeded (Client.Timeout exceeded while awaiting headers) [customoperatorselectorsit:test-hivemq-platform-alpha-tier3-0]
2025-01-28 21:20:07,567 INFO c.h.h.t.HelmChartContainer - Received Unhealthy event for container hivemq in pod test-hivemq-platform-alpha-tier3-0 [6f3eb4f0-7705-45db-9ae0-fb4e3a85db63]
2025-01-28 21:20:08,023 INFO c.h.h.t.HelmChartContainer - [test-hivemq-platform] [hivemq] [26aeac9f] INFO  - Using TCP cluster transport on address 10.42.0.9 and port 7000
2025-01-28 21:20:08,084 INFO c.h.h.t.HelmChartContainer - [test-hivemq-platform] [hivemq] [26aeac9f] INFO  - Using extension cluster discovery
2025-01-28 21:20:08,189 INFO c.h.h.t.HelmChartContainer - [test-hivemq-platform] [hivemq] [26aeac9f] INFO  - Extension "DNS Cluster Discovery Extension" version 4.3.2 started successfully.
2025-01-28 21:20:08,190 INFO c.h.h.t.HelmChartContainer - [test-hivemq-platform] [hivemq] [26aeac9f] INFO  - Starting extension with id "hivemq-prometheus-extension" at /opt/hivemq/extensions/hivemq-prometheus-extension
2025-01-28 21:20:09,190 INFO c.h.h.t.HelmChartContainer - [test-hivemq-platform] [hivemq] [6f3eb4f0] INFO  - hbgeS: no members discovered after 2900 ms: creating cluster as first member
2025-01-28 21:20:09,198 INFO c.h.h.t.HelmChartContainer - [test-hivemq-platform] [hivemq] [6f3eb4f0] INFO  - Cluster nodes found by discovery: [hbgeS|0] (1) [hbgeS].
2025-01-28 21:20:09,217 INFO c.h.h.t.HelmChartContainer - [test-hivemq-platform] [hivemq] [6f3eb4f0] WARN  - No user for HiveMQ Control Center configured. Starting with default user
2025-01-28 21:20:09,217 INFO c.h.h.t.HelmChartContainer - [test-hivemq-platform] [hivemq] [6f3eb4f0] INFO  - Starting HiveMQ Control Center on address 0.0.0.0 and port 8080
2025-01-28 21:20:09,228 INFO c.h.h.t.HelmChartContainer - [test-hivemq-platform] [hivemq] [26aeac9f] INFO  - Started Jetty Server exposing Prometheus Servlet on URI http://0.0.0.0:9399/
2025-01-28 21:20:09,228 INFO c.h.h.t.HelmChartContainer - [test-hivemq-platform] [hivemq] [26aeac9f] INFO  - Extension "Prometheus Monitoring Extension" version 4.0.12 started successfully.
2025-01-28 21:20:09,285 INFO c.h.h.t.HelmChartContainer - [test-hivemq-platform] [hivemq] [26aeac9f] INFO  - Starting extension with id "hivemq-allow-all-extension" at /opt/hivemq/extensions/hivemq-allow-all-extension
2025-01-28 21:20:09,285 INFO c.h.h.t.HelmChartContainer - [test-hivemq-platform] [hivemq] [26aeac9f] WARN  - 
2025-01-28 21:20:09,285 INFO c.h.h.t.HelmChartContainer - [test-hivemq-platform] [hivemq] [26aeac9f] ################################################################################################################
2025-01-28 21:20:09,285 INFO c.h.h.t.HelmChartContainer - [test-hivemq-platform] [hivemq] [26aeac9f] # This HiveMQ deployment is not secure! You are lacking Authentication and Authorization.                      #
2025-01-28 21:20:09,285 INFO c.h.h.t.HelmChartContainer - [test-hivemq-platform] [hivemq] [26aeac9f] # Right now any MQTT client can connect to the broker with a full set of permissions.                          #
2025-01-28 21:20:09,285 INFO c.h.h.t.HelmChartContainer - [test-hivemq-platform] [hivemq] [26aeac9f] # For production usage, add an appropriate security extension and remove the hivemq-allow-all extension.       #
2025-01-28 21:20:09,285 INFO c.h.h.t.HelmChartContainer - [test-hivemq-platform] [hivemq] [26aeac9f] # You can download security extensions from the HiveMQ Marketplace (https://www.hivemq.com/extensions/).       #
2025-01-28 21:20:09,285 INFO c.h.h.t.HelmChartContainer - [test-hivemq-platform] [hivemq] [26aeac9f] ################################################################################################################
2025-01-28 21:20:09,285 INFO c.h.h.t.HelmChartContainer - [test-hivemq-platform] [hivemq] [26aeac9f] INFO  - Extension "Allow All Extension" version 1.1.1 started successfully.
2025-01-28 21:20:09,295 INFO c.h.h.t.HelmChartContainer - [test-hivemq-platform] [hivemq] [6f3eb4f0] INFO  - Mounting HiveMQ Control Center V2 Preview
2025-01-28 21:20:09,808 INFO c.h.h.t.HelmChartContainer - [test-hivemq-platform] [hivemq] [6f3eb4f0] INFO  - Started HiveMQ Control Center in 592ms
2025-01-28 21:20:09,897 INFO c.h.h.t.HelmChartContainer - [test-hivemq-platform] [hivemq] [6f3eb4f0] INFO  - Starting TCP listener on address 0.0.0.0 and port 1883
2025-01-28 21:20:09,910 INFO c.h.h.t.HelmChartContainer - [test-hivemq-platform] [hivemq] [6f3eb4f0] INFO  - Started TCP Listener on address 0.0.0.0 and on port 1883.
2025-01-28 21:20:09,911 INFO c.h.h.t.HelmChartContainer - [test-hivemq-platform] [hivemq] [6f3eb4f0] INFO  - Started HiveMQ in 31923ms
2025-01-28 21:20:11,182 INFO c.h.h.t.HelmChartContainer - [test-hivemq-platform] [hivemq] [26aeac9f] INFO  - 82fGR: no members discovered after 2596 ms: creating cluster as first member
2025-01-28 21:20:11,189 INFO c.h.h.t.HelmChartContainer - [test-hivemq-platform] [hivemq] [26aeac9f] INFO  - Cluster nodes found by discovery: [82fGR|0] (1) [82fGR].
2025-01-28 21:20:11,208 INFO c.h.h.t.HelmChartContainer - [test-hivemq-platform] [hivemq] [26aeac9f] WARN  - No user for HiveMQ Control Center configured. Starting with default user
2025-01-28 21:20:11,209 INFO c.h.h.t.HelmChartContainer - [test-hivemq-platform] [hivemq] [26aeac9f] INFO  - Starting HiveMQ Control Center on address 0.0.0.0 and port 8080
2025-01-28 21:20:11,283 INFO c.h.h.t.HelmChartContainer - [test-hivemq-platform] [hivemq] [26aeac9f] INFO  - Mounting HiveMQ Control Center V2 Preview
2025-01-28 21:20:11,495 INFO c.h.h.t.HelmChartContainer - [EVENT] Warning [Unhealthy] Readiness probe failed: HTTP probe failed with statuscode: 503 [customoperatorselectorsit:test-hivemq-platform-alpha-tier2-0]
2025-01-28 21:20:11,495 INFO c.h.h.t.HelmChartContainer - Received Unhealthy event for container hivemq in pod test-hivemq-platform-alpha-tier2-0 [26aeac9f-57eb-4ffe-ade0-5b91bfbeae1d]
2025-01-28 21:20:11,528 INFO c.h.h.t.HelmChartContainer - [test-hivemq-platform] [hivemq] [6f3eb4f0] INFO  - [HiveMQ Platform Operator Init App 1.7.0-SNAPSHOT] Returning Health API response 200 for readiness
2025-01-28 21:20:11,542 INFO c.h.h.t.HelmChartContainer - [POD] test-hivemq-platform-alpha-tier3-0 [6f3eb4f0-7705-45db-9ae0-fb4e3a85db63] in customoperatorselectorsit was MODIFIED
2025-01-28 21:20:11,560 INFO c.h.h.t.HelmChartContainer - [hivemq-test-hivemq-platform] [hivemq-platform-operator] [9a2b71d5] 21:20:11.552 [pool-6-thread-8] DEBUG c.h.p.o.d.PodServiceAccountResource - [customop] Desired PodServiceAccountResource (serviceAccountName: hivemq-platform-pod-test-hivemq-platform-alpha-tier3)
2025-01-28 21:20:11,560 INFO c.h.h.t.HelmChartContainer - [hivemq-test-hivemq-platform] [hivemq-platform-operator] [9a2b71d5] 21:20:11.552 [pool-6-thread-6] DEBUG c.h.p.o.dependants.PodInfoConfigMap - [customop] Desired PodInfo ConfigMap (1 extensions) (1 enabled)
2025-01-28 21:20:11,560 INFO c.h.h.t.HelmChartContainer - [hivemq-test-hivemq-platform] [hivemq-platform-operator] [9a2b71d5] 21:20:11.552 [pool-6-thread-6] DEBUG c.h.p.o.dependants.PodInfoConfigMap - [customop] Desired PodInfo ConfigMap (metrics port: 9399) (metrics path: /)
2025-01-28 21:20:11,560 INFO c.h.h.t.HelmChartContainer - [hivemq-test-hivemq-platform] [hivemq-platform-operator] [9a2b71d5] 21:20:11.552 [pool-6-thread-6] DEBUG c.h.p.o.dependants.PodInfoConfigMap - [customop] Desired PodInfo ConfigMap (extension state hash: -1817474005)
2025-01-28 21:20:11,560 INFO c.h.h.t.HelmChartContainer - [hivemq-test-hivemq-platform] [hivemq-platform-operator] [9a2b71d5] 21:20:11.553 [pool-6-thread-5] DEBUG c.h.p.o.d.PlatformServiceResource - [customop] Desired Platform services (3 services)
2025-01-28 21:20:11,601 INFO c.h.h.t.HelmChartContainer - [hivemq-test-hivemq-platform] [hivemq-platform-operator] [9a2b71d5] 21:20:11.599 [pool-6-thread-5] DEBUG c.h.p.o.d.StatefulSetResource - [customop] Desired StatefulSet (1 replicas) for status STARTING (READY)
2025-01-28 21:20:11,605 INFO c.h.h.t.HelmChartContainer - [hivemq-test-hivemq-platform] [hivemq-platform-operator] [9a2b71d5] 21:20:11.604 [ReconcilerExecutor-hivemq-controller-125] INFO  c.h.p.o.HiveMQPlatformReconciler - [customop] Reconciling HiveMQ Platform 'test-hivemq-platform-alpha-tier3' in namespace 'customoperatorselectorsit'
2025-01-28 21:20:11,642 INFO c.h.h.t.HelmChartContainer - [hivemq-test-hivemq-platform] [hivemq-platform-operator] [9a2b71d5] 21:20:11.641 [ReconcilerExecutor-hivemq-controller-125] DEBUG c.h.p.o.HiveMQPlatformReconciler - [customop] Custom Resource Status STARTING - HiveMQ Platform is starting (READY)
2025-01-28 21:20:11,642 INFO c.h.h.t.HelmChartContainer - [hivemq-test-hivemq-platform] [hivemq-platform-operator] [9a2b71d5] 21:20:11.641 [ReconcilerExecutor-hivemq-controller-125] DEBUG c.h.p.o.HiveMQPlatformReconciler - [customop] Custom Resource Spec (replicas: 1) (extensions: 1)
2025-01-28 21:20:11,644 INFO c.h.h.t.HelmChartContainer - [hivemq-test-hivemq-platform] [hivemq-platform-operator] [9a2b71d5] 21:20:11.643 [ReconcilerExecutor-hivemq-controller-125] DEBUG c.h.p.o.HiveMQPlatformReconciler - [customop] StatefulSet Status (revision: test-hivemq-platform-alpha-tier3-7ccdb49877, replicas: 1, available: 1, ready: 1, current: 1, updated: 1)
2025-01-28 21:20:11,645 INFO c.h.h.t.HelmChartContainer - [hivemq-test-hivemq-platform] [hivemq-platform-operator] [9a2b71d5] 21:20:11.643 [ReconcilerExecutor-hivemq-controller-125] DEBUG c.h.p.o.HiveMQPlatformReconciler - [customop] StatefulSet Spec (replicas: 1, init containers: 1, containers: 1, volumes: 3)
2025-01-28 21:20:11,647 INFO c.h.h.t.HelmChartContainer - [hivemq-test-hivemq-platform] [hivemq-platform-operator] [9a2b71d5] 21:20:11.644 [ReconcilerExecutor-hivemq-controller-125] DEBUG c.h.p.o.h.HiveMQPlatformReconcilerErrorHandler - [customop] Pod 'test-hivemq-platform-alpha-tier3-0' phase Running
2025-01-28 21:20:11,647 INFO c.h.h.t.HelmChartContainer - [hivemq-test-hivemq-platform] [hivemq-platform-operator] [9a2b71d5] 21:20:11.645 [ReconcilerExecutor-hivemq-controller-125] INFO  c.h.p.o.h.HiveMQPlatformReconcilerBaseHandler - [customop] HiveMQ Platform started successfully
2025-01-28 21:20:11,748 INFO c.h.h.t.HelmChartContainer - [hivemq-test-hivemq-platform] [hivemq-platform-operator] [9a2b71d5] 21:20:11.746 [ReconcilerExecutor-hivemq-controller-125] DEBUG c.h.p.operator.event.EventSender - [customop] Creating K8s event hivemq-platform-ready: [Ready] HiveMQ Platform is ready
2025-01-28 21:20:11,751 INFO c.h.h.t.HelmChartContainer - [EVENT] Normal [Ready] HiveMQ Platform is ready [customoperatorselectorsit:test-hivemq-platform-alpha-tier3]
2025-01-28 21:20:11,752 INFO c.h.h.t.HelmChartContainer - [hivemq-test-hivemq-platform] [hivemq-platform-operator] [9a2b71d5] 21:20:11.751 [ReconcilerExecutor-hivemq-controller-125] INFO  c.h.p.o.h.AbstractHiveMQReconcilerStateHandler - [customop] Update HiveMQ Platform Status (STARTING [READY] -> RUNNING [READY]): HiveMQ Platform is ready
2025-01-28 21:20:11,763 INFO c.h.h.t.HelmChartContainer - [hivemq-test-hivemq-platform] [hivemq-platform-operator] [9a2b71d5] 21:20:11.761 [pool-6-thread-3] DEBUG c.h.p.o.d.PlatformServiceResource - [customop] Desired Platform services (3 services)
2025-01-28 21:20:11,763 INFO c.h.h.t.HelmChartContainer - [hivemq-test-hivemq-platform] [hivemq-platform-operator] [9a2b71d5] 21:20:11.762 [pool-6-thread-11] DEBUG c.h.p.o.dependants.PodInfoConfigMap - [customop] Desired PodInfo ConfigMap (1 extensions) (1 enabled)
2025-01-28 21:20:11,763 INFO c.h.h.t.HelmChartContainer - [hivemq-test-hivemq-platform] [hivemq-platform-operator] [9a2b71d5] 21:20:11.762 [pool-6-thread-11] DEBUG c.h.p.o.dependants.PodInfoConfigMap - [customop] Desired PodInfo ConfigMap (metrics port: 9399) (metrics path: /)
2025-01-28 21:20:11,763 INFO c.h.h.t.HelmChartContainer - [hivemq-test-hivemq-platform] [hivemq-platform-operator] [9a2b71d5] 21:20:11.762 [pool-6-thread-11] DEBUG c.h.p.o.dependants.PodInfoConfigMap - [customop] Desired PodInfo ConfigMap (extension state hash: -1817474005)
2025-01-28 21:20:11,764 INFO c.h.h.t.HelmChartContainer - [hivemq-test-hivemq-platform] [hivemq-platform-operator] [9a2b71d5] 21:20:11.763 [pool-6-thread-11] DEBUG c.h.p.o.dependants.PodInfoConfigMap - [customop] Update PodInfo ConfigMap
2025-01-28 21:20:11,802 INFO c.h.h.t.HelmChartContainer - [hivemq-test-hivemq-platform] [hivemq-platform-operator] [9a2b71d5] 21:20:11.765 [pool-6-thread-3] DEBUG c.h.p.o.d.PodServiceAccountResource - [customop] Desired PodServiceAccountResource (serviceAccountName: hivemq-platform-pod-test-hivemq-platform-alpha-tier3)
2025-01-28 21:20:11,852 INFO c.h.h.t.HelmChartContainer - [hivemq-test-hivemq-platform] [hivemq-platform-operator] [9a2b71d5] 21:20:11.851 [pool-6-thread-11] DEBUG c.h.p.o.d.StatefulSetResource - [customop] Desired StatefulSet (1 replicas) for status RUNNING (READY)
2025-01-28 21:20:11,858 INFO c.h.h.t.HelmChartContainer - [hivemq-test-hivemq-platform] [hivemq-platform-operator] [9a2b71d5] 21:20:11.856 [ReconcilerExecutor-hivemq-controller-126] INFO  c.h.p.o.HiveMQPlatformReconciler - [customop] Reconciling HiveMQ Platform 'test-hivemq-platform-alpha-tier3' in namespace 'customoperatorselectorsit'
2025-01-28 21:20:11,858 INFO c.h.h.t.HelmChartContainer - [hivemq-test-hivemq-platform] [hivemq-platform-operator] [9a2b71d5] 21:20:11.856 [ReconcilerExecutor-hivemq-controller-126] DEBUG c.h.p.o.HiveMQPlatformReconciler - [customop] Custom Resource Status RUNNING - HiveMQ Platform is ready (READY)
2025-01-28 21:20:11,858 INFO c.h.h.t.HelmChartContainer - [hivemq-test-hivemq-platform] [hivemq-platform-operator] [9a2b71d5] 21:20:11.856 [ReconcilerExecutor-hivemq-controller-126] DEBUG c.h.p.o.HiveMQPlatformReconciler - [customop] Custom Resource Spec (replicas: 1) (extensions: 1)
2025-01-28 21:20:11,858 INFO c.h.h.t.HelmChartContainer - [hivemq-test-hivemq-platform] [hivemq-platform-operator] [9a2b71d5] 21:20:11.858 [ReconcilerExecutor-hivemq-controller-126] DEBUG c.h.p.o.HiveMQPlatformReconciler - [customop] StatefulSet Status (revision: test-hivemq-platform-alpha-tier3-7ccdb49877, replicas: 1, available: 1, ready: 1, current: 1, updated: 1)
2025-01-28 21:20:11,860 INFO c.h.h.t.HelmChartContainer - [hivemq-test-hivemq-platform] [hivemq-platform-operator] [9a2b71d5] 21:20:11.858 [ReconcilerExecutor-hivemq-controller-126] DEBUG c.h.p.o.HiveMQPlatformReconciler - [customop] StatefulSet Spec (replicas: 1, init containers: 1, containers: 1, volumes: 3)
2025-01-28 21:20:11,860 INFO c.h.h.t.HelmChartContainer - [hivemq-test-hivemq-platform] [hivemq-platform-operator] [9a2b71d5] 21:20:11.859 [ReconcilerExecutor-hivemq-controller-126] DEBUG c.h.p.o.h.HiveMQPlatformReconcilerErrorHandler - [customop] Pod 'test-hivemq-platform-alpha-tier3-0' phase Running
2025-01-28 21:20:11,898 INFO c.h.h.t.HelmChartContainer - [test-hivemq-platform] [hivemq] [26aeac9f] INFO  - Started HiveMQ Control Center in 690ms
2025-01-28 21:20:11,998 INFO c.h.h.t.HelmChartContainer - [test-hivemq-platform] [hivemq] [26aeac9f] INFO  - Starting TCP listener on address 0.0.0.0 and port 1883
2025-01-28 21:20:12,084 INFO c.h.h.t.HelmChartContainer - [test-hivemq-platform] [hivemq] [26aeac9f] INFO  - Started TCP Listener on address 0.0.0.0 and on port 1883.
2025-01-28 21:20:12,084 INFO c.h.h.t.HelmChartContainer - [test-hivemq-platform] [hivemq] [26aeac9f] INFO  - Started HiveMQ in 34154ms
2025-01-28 21:20:16,462 INFO c.h.h.t.HelmChartContainer - [test-hivemq-platform] [hivemq] [26aeac9f] INFO  - [HiveMQ Platform Operator Init App 1.7.0-SNAPSHOT] Returning Health API response 200 for readiness
2025-01-28 21:20:16,474 INFO c.h.h.t.HelmChartContainer - [POD] test-hivemq-platform-alpha-tier2-0 [26aeac9f-57eb-4ffe-ade0-5b91bfbeae1d] in customoperatorselectorsit was MODIFIED
2025-01-28 21:20:16,488 INFO c.h.h.t.HelmChartContainer - [hivemq-test-hivemq-platform] [hivemq-platform-operator] [9a2b71d5] 21:20:16.484 [pool-6-thread-9] DEBUG c.h.p.o.d.PlatformServiceResource - [customop] Desired Platform services (3 services)
2025-01-28 21:20:16,492 INFO c.h.h.t.HelmChartContainer - [hivemq-test-hivemq-platform] [hivemq-platform-operator] [9a2b71d5] 21:20:16.489 [pool-6-thread-4] DEBUG c.h.p.o.dependants.PodInfoConfigMap - [customop] Desired PodInfo ConfigMap (1 extensions) (1 enabled)
2025-01-28 21:20:16,492 INFO c.h.h.t.HelmChartContainer - [hivemq-test-hivemq-platform] [hivemq-platform-operator] [9a2b71d5] 21:20:16.489 [pool-6-thread-4] DEBUG c.h.p.o.dependants.PodInfoConfigMap - [customop] Desired PodInfo ConfigMap (metrics port: 9399) (metrics path: /)
2025-01-28 21:20:16,492 INFO c.h.h.t.HelmChartContainer - [hivemq-test-hivemq-platform] [hivemq-platform-operator] [9a2b71d5] 21:20:16.490 [pool-6-thread-4] DEBUG c.h.p.o.dependants.PodInfoConfigMap - [customop] Desired PodInfo ConfigMap (extension state hash: -1817474005)
2025-01-28 21:20:16,494 INFO c.h.h.t.HelmChartContainer - [hivemq-test-hivemq-platform] [hivemq-platform-operator] [9a2b71d5] 21:20:16.492 [pool-6-thread-29] DEBUG c.h.p.o.d.PodServiceAccountResource - [customop] Desired PodServiceAccountResource (serviceAccountName: hivemq-platform-pod-test-hivemq-platform-alpha-tier2)
2025-01-28 21:20:16,496 INFO c.h.h.t.HelmChartContainer - [hivemq-test-hivemq-platform] [hivemq-platform-operator] [9a2b71d5] 21:20:16.495 [pool-6-thread-32] DEBUG c.h.p.o.d.StatefulSetResource - [customop] Desired StatefulSet (1 replicas) for status STARTING (READY)
2025-01-28 21:20:16,500 INFO c.h.h.t.HelmChartContainer - [hivemq-test-hivemq-platform] [hivemq-platform-operator] [9a2b71d5] 21:20:16.499 [ReconcilerExecutor-hivemq-controller-127] INFO  c.h.p.o.HiveMQPlatformReconciler - [customop] Reconciling HiveMQ Platform 'test-hivemq-platform-alpha-tier2' in namespace 'customoperatorselectorsit'
2025-01-28 21:20:16,500 INFO c.h.h.t.HelmChartContainer - [hivemq-test-hivemq-platform] [hivemq-platform-operator] [9a2b71d5] 21:20:16.499 [ReconcilerExecutor-hivemq-controller-127] DEBUG c.h.p.o.HiveMQPlatformReconciler - [customop] Custom Resource Status STARTING - HiveMQ Platform is starting (READY)
2025-01-28 21:20:16,500 INFO c.h.h.t.HelmChartContainer - [hivemq-test-hivemq-platform] [hivemq-platform-operator] [9a2b71d5] 21:20:16.499 [ReconcilerExecutor-hivemq-controller-127] DEBUG c.h.p.o.HiveMQPlatformReconciler - [customop] Custom Resource Spec (replicas: 1) (extensions: 1)
2025-01-28 21:20:16,543 INFO c.h.h.t.HelmChartContainer - [hivemq-test-hivemq-platform] [hivemq-platform-operator] [9a2b71d5] 21:20:16.541 [ReconcilerExecutor-hivemq-controller-127] DEBUG c.h.p.o.HiveMQPlatformReconciler - [customop] StatefulSet Status (revision: test-hivemq-platform-alpha-tier2-5888b5495b, replicas: 1, available: 1, ready: 1, current: 1, updated: 1)
2025-01-28 21:20:16,543 INFO c.h.h.t.HelmChartContainer - [hivemq-test-hivemq-platform] [hivemq-platform-operator] [9a2b71d5] 21:20:16.541 [ReconcilerExecutor-hivemq-controller-127] DEBUG c.h.p.o.HiveMQPlatformReconciler - [customop] StatefulSet Spec (replicas: 1, init containers: 1, containers: 1, volumes: 3)
2025-01-28 21:20:16,543 INFO c.h.h.t.HelmChartContainer - [hivemq-test-hivemq-platform] [hivemq-platform-operator] [9a2b71d5] 21:20:16.543 [ReconcilerExecutor-hivemq-controller-127] DEBUG c.h.p.o.h.HiveMQPlatformReconcilerErrorHandler - [customop] Pod 'test-hivemq-platform-alpha-tier2-0' phase Running
2025-01-28 21:20:16,545 INFO c.h.h.t.HelmChartContainer - [hivemq-test-hivemq-platform] [hivemq-platform-operator] [9a2b71d5] 21:20:16.544 [ReconcilerExecutor-hivemq-controller-127] INFO  c.h.p.o.h.HiveMQPlatformReconcilerBaseHandler - [customop] HiveMQ Platform started successfully
2025-01-28 21:20:16,560 INFO c.h.h.t.HelmChartContainer - [hivemq-test-hivemq-platform] [hivemq-platform-operator] [9a2b71d5] 21:20:16.559 [ReconcilerExecutor-hivemq-controller-127] DEBUG c.h.p.operator.event.EventSender - [customop] Creating K8s event hivemq-platform-ready: [Ready] HiveMQ Platform is ready
2025-01-28 21:20:16,563 INFO c.h.h.t.HelmChartContainer - [EVENT] Normal [Ready] HiveMQ Platform is ready [customoperatorselectorsit:test-hivemq-platform-alpha-tier2]
2025-01-28 21:20:16,564 INFO c.h.h.t.HelmChartContainer - [hivemq-test-hivemq-platform] [hivemq-platform-operator] [9a2b71d5] 21:20:16.563 [ReconcilerExecutor-hivemq-controller-127] INFO  c.h.p.o.h.AbstractHiveMQReconcilerStateHandler - [customop] Update HiveMQ Platform Status (STARTING [READY] -> RUNNING [READY]): HiveMQ Platform is ready
2025-01-28 21:20:16,649 DEBUG com.hivemq.helmcharts.util.K8sUtil - Comparing actual state 'RUNNING' and waiting for 'RUNNING'
2025-01-28 21:20:16,657 INFO c.h.h.t.HelmChartContainer - [hivemq-test-hivemq-platform] [hivemq-platform-operator] [9a2b71d5] 21:20:16.653 [pool-6-thread-41] DEBUG c.h.p.o.d.PlatformServiceResource - [customop] Desired Platform services (3 services)
2025-01-28 21:20:16,657 INFO c.h.h.t.HelmChartContainer - [hivemq-test-hivemq-platform] [hivemq-platform-operator] [9a2b71d5] 21:20:16.654 [pool-6-thread-33] DEBUG c.h.p.o.dependants.PodInfoConfigMap - [customop] Desired PodInfo ConfigMap (1 extensions) (1 enabled)
2025-01-28 21:20:16,657 INFO c.h.h.t.HelmChartContainer - [hivemq-test-hivemq-platform] [hivemq-platform-operator] [9a2b71d5] 21:20:16.654 [pool-6-thread-33] DEBUG c.h.p.o.dependants.PodInfoConfigMap - [customop] Desired PodInfo ConfigMap (metrics port: 9399) (metrics path: /)
2025-01-28 21:20:16,657 INFO c.h.h.t.HelmChartContainer - [hivemq-test-hivemq-platform] [hivemq-platform-operator] [9a2b71d5] 21:20:16.654 [pool-6-thread-33] DEBUG c.h.p.o.dependants.PodInfoConfigMap - [customop] Desired PodInfo ConfigMap (extension state hash: -1817474005)
2025-01-28 21:20:16,657 INFO c.h.h.t.HelmChartContainer - [hivemq-test-hivemq-platform] [hivemq-platform-operator] [9a2b71d5] 21:20:16.654 [pool-6-thread-33] DEBUG c.h.p.o.dependants.PodInfoConfigMap - [customop] Update PodInfo ConfigMap
2025-01-28 21:20:16,657 INFO c.h.h.t.HelmChartContainer - [hivemq-test-hivemq-platform] [hivemq-platform-operator] [9a2b71d5] 21:20:16.655 [pool-6-thread-22] DEBUG c.h.p.o.d.PodServiceAccountResource - [customop] Desired PodServiceAccountResource (serviceAccountName: hivemq-platform-pod-test-hivemq-platform-alpha-tier2)
2025-01-28 21:20:16,666 INFO c.h.h.t.HelmChartContainer - [hivemq-test-hivemq-platform] [hivemq-platform-operator] [9a2b71d5] 21:20:16.665 [pool-6-thread-33] DEBUG c.h.p.o.d.StatefulSetResource - [customop] Desired StatefulSet (1 replicas) for status RUNNING (READY)
2025-01-28 21:20:16,669 DEBUG com.hivemq.helmcharts.util.K8sUtil - Comparing actual state 'RUNNING' and waiting for 'RUNNING'
2025-01-28 21:20:16,697 INFO c.h.h.t.HelmChartContainer - Uninstalling release 'test-hivemq-platform-alpha-tier1' in namespace 'customoperatorselectorsit'...
2025-01-28 21:20:16,697 DEBUG c.h.h.t.HelmChartContainer - Executing helm command: /bin/helm --kubeconfig /etc/rancher/k3s/k3s.yaml uninstall test-hivemq-platform-alpha-tier1  --wait --timeout 5m0s --cascade foreground --namespace customoperatorselectorsit
2025-01-28 21:20:16,747 INFO c.h.h.t.HelmChartContainer - [hivemq-test-hivemq-platform] [hivemq-platform-operator] [9a2b71d5] 21:20:16.744 [ReconcilerExecutor-hivemq-controller-128] INFO  c.h.p.o.HiveMQPlatformReconciler - [customop] Reconciling HiveMQ Platform 'test-hivemq-platform-alpha-tier2' in namespace 'customoperatorselectorsit'
2025-01-28 21:20:16,747 INFO c.h.h.t.HelmChartContainer - [hivemq-test-hivemq-platform] [hivemq-platform-operator] [9a2b71d5] 21:20:16.744 [ReconcilerExecutor-hivemq-controller-128] DEBUG c.h.p.o.HiveMQPlatformReconciler - [customop] Custom Resource Status RUNNING - HiveMQ Platform is ready (READY)
2025-01-28 21:20:16,747 INFO c.h.h.t.HelmChartContainer - [hivemq-test-hivemq-platform] [hivemq-platform-operator] [9a2b71d5] 21:20:16.744 [ReconcilerExecutor-hivemq-controller-128] DEBUG c.h.p.o.HiveMQPlatformReconciler - [customop] Custom Resource Spec (replicas: 1) (extensions: 1)
2025-01-28 21:20:16,747 INFO c.h.h.t.HelmChartContainer - [hivemq-test-hivemq-platform] [hivemq-platform-operator] [9a2b71d5] 21:20:16.745 [ReconcilerExecutor-hivemq-controller-128] DEBUG c.h.p.o.HiveMQPlatformReconciler - [customop] StatefulSet Status (revision: test-hivemq-platform-alpha-tier2-5888b5495b, replicas: 1, available: 1, ready: 1, current: 1, updated: 1)
2025-01-28 21:20:16,747 INFO c.h.h.t.HelmChartContainer - [hivemq-test-hivemq-platform] [hivemq-platform-operator] [9a2b71d5] 21:20:16.745 [ReconcilerExecutor-hivemq-controller-128] DEBUG c.h.p.o.HiveMQPlatformReconciler - [customop] StatefulSet Spec (replicas: 1, init containers: 1, containers: 1, volumes: 3)
2025-01-28 21:20:16,750 INFO c.h.h.t.HelmChartContainer - [hivemq-test-hivemq-platform] [hivemq-platform-operator] [9a2b71d5] 21:20:16.750 [ReconcilerExecutor-hivemq-controller-128] DEBUG c.h.p.o.h.HiveMQPlatformReconcilerErrorHandler - [customop] Pod 'test-hivemq-platform-alpha-tier2-0' phase Running
2025-01-28 21:20:18,940 INFO c.h.h.t.HelmChartContainer - Release 'test-hivemq-platform-alpha-tier1' in namespace 'customoperatorselectorsit' is uninstalled
2025-01-28 21:20:18,940 INFO c.h.h.t.HelmChartContainer - Uninstalling release 'test-hivemq-platform-alpha-tier2' in namespace 'customoperatorselectorsit'...
2025-01-28 21:20:18,940 DEBUG c.h.h.t.HelmChartContainer - Executing helm command: /bin/helm --kubeconfig /etc/rancher/k3s/k3s.yaml uninstall test-hivemq-platform-alpha-tier2  --wait --timeout 5m0s --cascade foreground --namespace customoperatorselectorsit
2025-01-28 21:20:19,133 INFO c.h.h.t.HelmChartContainer - [hivemq-test-hivemq-platform] [hivemq-platform-operator] [9a2b71d5] 21:20:19.131 [pool-6-thread-17] DEBUG c.h.p.o.d.PlatformServiceResource - [customop] Desired Platform services (3 services)
2025-01-28 21:20:19,143 INFO c.h.h.t.HelmChartContainer - [hivemq-test-hivemq-platform] [hivemq-platform-operator] [9a2b71d5] 21:20:19.134 [pool-6-thread-18] DEBUG c.h.p.o.dependants.PodInfoConfigMap - [customop] Desired PodInfo ConfigMap (1 extensions) (1 enabled)
2025-01-28 21:20:19,143 INFO c.h.h.t.HelmChartContainer - [hivemq-test-hivemq-platform] [hivemq-platform-operator] [9a2b71d5] 21:20:19.134 [pool-6-thread-18] DEBUG c.h.p.o.dependants.PodInfoConfigMap - [customop] Desired PodInfo ConfigMap (metrics port: 9399) (metrics path: /)
2025-01-28 21:20:19,143 INFO c.h.h.t.HelmChartContainer - [hivemq-test-hivemq-platform] [hivemq-platform-operator] [9a2b71d5] 21:20:19.134 [pool-6-thread-18] DEBUG c.h.p.o.dependants.PodInfoConfigMap - [customop] Desired PodInfo ConfigMap (extension state hash: -1817474005)
2025-01-28 21:20:19,143 INFO c.h.h.t.HelmChartContainer - [hivemq-test-hivemq-platform] [hivemq-platform-operator] [9a2b71d5] 21:20:19.136 [pool-6-thread-18] DEBUG c.h.p.o.d.PodServiceAccountResource - [customop] Desired PodServiceAccountResource (serviceAccountName: hivemq-platform-pod-test-hivemq-platform-alpha-tier2)
2025-01-28 21:20:19,149 INFO c.h.h.t.HelmChartContainer - [hivemq-test-hivemq-platform] [hivemq-platform-operator] [9a2b71d5] 21:20:19.139 [pool-6-thread-18] DEBUG c.h.p.o.d.StatefulSetResource - [customop] Desired StatefulSet (1 replicas) for status RUNNING (READY)
2025-01-28 21:20:19,149 INFO c.h.h.t.HelmChartContainer - [hivemq-test-hivemq-platform] [hivemq-platform-operator] [9a2b71d5] 21:20:19.142 [ReconcilerExecutor-hivemq-controller-129] INFO  c.h.p.o.HiveMQPlatformReconciler - [customop] Reconciling HiveMQ Platform 'test-hivemq-platform-alpha-tier2' in namespace 'customoperatorselectorsit'
2025-01-28 21:20:19,149 INFO c.h.h.t.HelmChartContainer - [hivemq-test-hivemq-platform] [hivemq-platform-operator] [9a2b71d5] 21:20:19.142 [ReconcilerExecutor-hivemq-controller-129] DEBUG c.h.p.o.HiveMQPlatformReconciler - [customop] Custom Resource Status RUNNING - HiveMQ Platform is ready (READY)
2025-01-28 21:20:19,149 INFO c.h.h.t.HelmChartContainer - [hivemq-test-hivemq-platform] [hivemq-platform-operator] [9a2b71d5] 21:20:19.142 [ReconcilerExecutor-hivemq-controller-129] DEBUG c.h.p.o.HiveMQPlatformReconciler - [customop] Custom Resource Spec (replicas: 1) (extensions: 1)
2025-01-28 21:20:19,149 INFO c.h.h.t.HelmChartContainer - [hivemq-test-hivemq-platform] [hivemq-platform-operator] [9a2b71d5] 21:20:19.143 [ReconcilerExecutor-hivemq-controller-129] DEBUG c.h.p.o.HiveMQPlatformReconciler - [customop] StatefulSet Status (revision: test-hivemq-platform-alpha-tier2-5888b5495b, replicas: 1, available: 1, ready: 1, current: 1, updated: 1)
2025-01-28 21:20:19,149 INFO c.h.h.t.HelmChartContainer - [hivemq-test-hivemq-platform] [hivemq-platform-operator] [9a2b71d5] 21:20:19.143 [ReconcilerExecutor-hivemq-controller-129] DEBUG c.h.p.o.HiveMQPlatformReconciler - [customop] StatefulSet Spec (replicas: 1, init containers: 1, containers: 1, volumes: 3)
2025-01-28 21:20:19,149 INFO c.h.h.t.HelmChartContainer - [hivemq-test-hivemq-platform] [hivemq-platform-operator] [9a2b71d5] 21:20:19.144 [ReconcilerExecutor-hivemq-controller-129] DEBUG c.h.p.o.h.HiveMQPlatformReconcilerErrorHandler - [customop] Pod 'test-hivemq-platform-alpha-tier2-0' phase Running
2025-01-28 21:20:19,156 INFO c.h.h.t.HelmChartContainer - [hivemq-test-hivemq-platform] [hivemq-platform-operator] [9a2b71d5] 21:20:19.150 [ReconcilerExecutor-hivemq-controller-130] INFO  c.h.p.o.HiveMQPlatformReconciler - [customop] Cleanup test-hivemq-platform-alpha-tier2 - customoperatorselectorsit HiveMQ Platform is shut down
2025-01-28 21:20:19,986 INFO c.h.h.t.HelmChartContainer - [POD] test-hivemq-platform-alpha-tier2-0 [26aeac9f-57eb-4ffe-ade0-5b91bfbeae1d] in customoperatorselectorsit was MODIFIED
2025-01-28 21:20:19,991 INFO c.h.h.t.HelmChartContainer - [EVENT] Normal [Killing] Stopping container hivemq [customoperatorselectorsit:test-hivemq-platform-alpha-tier2-0]
2025-01-28 21:20:19,992 INFO c.h.h.t.HelmChartContainer - Received Killing event for container hivemq in pod test-hivemq-platform-alpha-tier2-0 [26aeac9f-57eb-4ffe-ade0-5b91bfbeae1d]
2025-01-28 21:20:19,992 INFO c.h.h.t.HelmChartContainer - Container [test-hivemq-platform-alpha-tier2-0] [hivemq] [26aeac9f-57eb-4ffe-ade0-5b91bfbeae1d] was terminated
2025-01-28 21:20:19,992 INFO c.h.h.t.HelmChartContainer - Stopped log watcher for hivemq in pod test-hivemq-platform-alpha-tier2-0 [26aeac9f-57eb-4ffe-ade0-5b91bfbeae1d]
2025-01-28 21:20:19,999 INFO c.h.h.t.HelmChartContainer - [test-hivemq-platform] [hivemq] [26aeac9f] INFO  - [HiveMQ Platform Operator Init App 1.7.0-SNAPSHOT] Shutting down
2025-01-28 21:20:19,999 INFO c.h.h.t.HelmChartContainer - [test-hivemq-platform] [hivemq] [26aeac9f] INFO  - [HiveMQ Platform Operator Init App 1.7.0-SNAPSHOT] Stopping the HiveMQ Platform
2025-01-28 21:20:20,119 INFO c.h.h.t.HelmChartContainer - [test-hivemq-platform] [hivemq] [26aeac9f] INFO  - Shutting down HiveMQ. Please wait, this could take a while...
2025-01-28 21:20:20,185 INFO c.h.h.t.HelmChartContainer - [test-hivemq-platform] [hivemq] [26aeac9f] INFO  - Shutting down listeners and clients
2025-01-28 21:20:20,186 INFO c.h.h.t.HelmChartContainer - [test-hivemq-platform] [hivemq] [26aeac9f] INFO  - Shutdown of listeners is done
2025-01-28 21:20:20,186 INFO c.h.h.t.HelmChartContainer - [test-hivemq-platform] [hivemq] [26aeac9f] INFO  - No clients are connected, proceeding with shutdown
2025-01-28 21:20:21,187 INFO c.h.h.t.HelmChartContainer - Release 'test-hivemq-platform-alpha-tier2' in namespace 'customoperatorselectorsit' is uninstalled
2025-01-28 21:20:21,187 INFO c.h.h.t.HelmChartContainer - Uninstalling release 'test-hivemq-platform-alpha-tier3' in namespace 'customoperatorselectorsit'...
2025-01-28 21:20:21,187 DEBUG c.h.h.t.HelmChartContainer - Executing helm command: /bin/helm --kubeconfig /etc/rancher/k3s/k3s.yaml uninstall test-hivemq-platform-alpha-tier3  --wait --timeout 5m0s --cascade foreground --namespace customoperatorselectorsit
2025-01-28 21:20:21,396 INFO c.h.h.t.HelmChartContainer - [hivemq-test-hivemq-platform] [hivemq-platform-operator] [9a2b71d5] 21:20:21.376 [pool-6-thread-8] DEBUG c.h.p.o.d.PlatformServiceResource - [customop] Desired Platform services (3 services)
2025-01-28 21:20:21,396 INFO c.h.h.t.HelmChartContainer - [hivemq-test-hivemq-platform] [hivemq-platform-operator] [9a2b71d5] 21:20:21.377 [pool-6-thread-49] DEBUG c.h.p.o.dependants.PodInfoConfigMap - [customop] Desired PodInfo ConfigMap (1 extensions) (1 enabled)
2025-01-28 21:20:21,396 INFO c.h.h.t.HelmChartContainer - [hivemq-test-hivemq-platform] [hivemq-platform-operator] [9a2b71d5] 21:20:21.377 [pool-6-thread-49] DEBUG c.h.p.o.dependants.PodInfoConfigMap - [customop] Desired PodInfo ConfigMap (metrics port: 9399) (metrics path: /)
2025-01-28 21:20:21,396 INFO c.h.h.t.HelmChartContainer - [hivemq-test-hivemq-platform] [hivemq-platform-operator] [9a2b71d5] 21:20:21.377 [pool-6-thread-49] DEBUG c.h.p.o.dependants.PodInfoConfigMap - [customop] Desired PodInfo ConfigMap (extension state hash: -1817474005)
2025-01-28 21:20:21,396 INFO c.h.h.t.HelmChartContainer - [hivemq-test-hivemq-platform] [hivemq-platform-operator] [9a2b71d5] 21:20:21.379 [pool-6-thread-45] DEBUG c.h.p.o.d.PodServiceAccountResource - [customop] Desired PodServiceAccountResource (serviceAccountName: hivemq-platform-pod-test-hivemq-platform-alpha-tier3)
2025-01-28 21:20:21,396 INFO c.h.h.t.HelmChartContainer - [hivemq-test-hivemq-platform] [hivemq-platform-operator] [9a2b71d5] 21:20:21.384 [pool-6-thread-6] DEBUG c.h.p.o.d.StatefulSetResource - [customop] Desired StatefulSet (1 replicas) for status RUNNING (READY)
2025-01-28 21:20:21,396 INFO c.h.h.t.HelmChartContainer - [hivemq-test-hivemq-platform] [hivemq-platform-operator] [9a2b71d5] 21:20:21.387 [ReconcilerExecutor-hivemq-controller-135] INFO  c.h.p.o.HiveMQPlatformReconciler - [customop] Reconciling HiveMQ Platform 'test-hivemq-platform-alpha-tier3' in namespace 'customoperatorselectorsit'
2025-01-28 21:20:21,396 INFO c.h.h.t.HelmChartContainer - [hivemq-test-hivemq-platform] [hivemq-platform-operator] [9a2b71d5] 21:20:21.387 [ReconcilerExecutor-hivemq-controller-135] DEBUG c.h.p.o.HiveMQPlatformReconciler - [customop] Custom Resource Status RUNNING - HiveMQ Platform is ready (READY)
2025-01-28 21:20:21,396 INFO c.h.h.t.HelmChartContainer - [hivemq-test-hivemq-platform] [hivemq-platform-operator] [9a2b71d5] 21:20:21.387 [ReconcilerExecutor-hivemq-controller-135] DEBUG c.h.p.o.HiveMQPlatformReconciler - [customop] Custom Resource Spec (replicas: 1) (extensions: 1)
2025-01-28 21:20:21,396 INFO c.h.h.t.HelmChartContainer - [hivemq-test-hivemq-platform] [hivemq-platform-operator] [9a2b71d5] 21:20:21.388 [ReconcilerExecutor-hivemq-controller-135] DEBUG c.h.p.o.HiveMQPlatformReconciler - [customop] StatefulSet Status (revision: test-hivemq-platform-alpha-tier3-7ccdb49877, replicas: 1, available: 1, ready: 1, current: 1, updated: 1)
2025-01-28 21:20:21,396 INFO c.h.h.t.HelmChartContainer - [hivemq-test-hivemq-platform] [hivemq-platform-operator] [9a2b71d5] 21:20:21.388 [ReconcilerExecutor-hivemq-controller-135] DEBUG c.h.p.o.HiveMQPlatformReconciler - [customop] StatefulSet Spec (replicas: 1, init containers: 1, containers: 1, volumes: 3)
2025-01-28 21:20:21,396 INFO c.h.h.t.HelmChartContainer - [hivemq-test-hivemq-platform] [hivemq-platform-operator] [9a2b71d5] 21:20:21.389 [ReconcilerExecutor-hivemq-controller-135] DEBUG c.h.p.o.h.HiveMQPlatformReconcilerErrorHandler - [customop] Pod 'test-hivemq-platform-alpha-tier3-0' phase Running
2025-01-28 21:20:21,447 INFO c.h.h.t.HelmChartContainer - [hivemq-test-hivemq-platform] [hivemq-platform-operator] [9a2b71d5] 21:20:21.441 [ReconcilerExecutor-hivemq-controller-136] INFO  c.h.p.o.HiveMQPlatformReconciler - [customop] Cleanup test-hivemq-platform-alpha-tier3 - customoperatorselectorsit HiveMQ Platform is shut down
2025-01-28 21:20:21,459 INFO c.h.h.t.HelmChartContainer - [test-hivemq-platform] [hivemq] [26aeac9f] INFO  - [HiveMQ Platform Operator Init App 1.7.0-SNAPSHOT] Returning shutdown Health API response 503 for readiness
2025-01-28 21:20:21,464 INFO c.h.h.t.HelmChartContainer - [EVENT] Warning [Unhealthy] Readiness probe failed: HTTP probe failed with statuscode: 503 [customoperatorselectorsit:test-hivemq-platform-alpha-tier2-0]
2025-01-28 21:20:21,464 INFO c.h.h.t.HelmChartContainer - Received Unhealthy event for container hivemq in pod test-hivemq-platform-alpha-tier2-0 [26aeac9f-57eb-4ffe-ade0-5b91bfbeae1d]
2025-01-28 21:20:21,914 INFO c.h.h.t.HelmChartContainer - [test-hivemq-platform] [hivemq] [26aeac9f] WARN  - [HiveMQ Platform Operator Init App 1.7.0-SNAPSHOT] Could not update Pod annotations: Failure executing: GET at: https://10.43.0.1:443/api/v1/namespaces/customoperatorselectorsit/pods/test-hivemq-platform-alpha-tier2-0. Message: pods "test-hivemq-platform-alpha-tier2-0" is forbidden: User "system:serviceaccount:customoperatorselectorsit:hivemq-platform-pod-test-hivemq-platform-alpha-tier2" cannot get resource "pods" in API group "" in the namespace "customoperatorselectorsit". Received status: Status(apiVersion=v1, code=403, details=StatusDetails(causes=[], group=null, kind=pods, name=test-hivemq-platform-alpha-tier2-0, retryAfterSeconds=null, uid=null, additionalProperties={}), kind=Status, message=pods "test-hivemq-platform-alpha-tier2-0" is forbidden: User "system:serviceaccount:customoperatorselectorsit:hivemq-platform-pod-test-hivemq-platform-alpha-tier2" cannot get resource "pods" in API group "" in the namespace "customoperatorselectorsit", metadata=ListMeta(_continue=null, remainingItemCount=null, resourceVersion=null, selfLink=null, additionalProperties={}), reason=Forbidden, status=Failure, additionalProperties={}).
2025-01-28 21:20:22,009 INFO c.h.h.t.HelmChartContainer - [POD] test-hivemq-platform-alpha-tier3-0 [6f3eb4f0-7705-45db-9ae0-fb4e3a85db63] in customoperatorselectorsit was MODIFIED
2025-01-28 21:20:22,012 INFO c.h.h.t.HelmChartContainer - [EVENT] Normal [Killing] Stopping container hivemq [customoperatorselectorsit:test-hivemq-platform-alpha-tier3-0]
2025-01-28 21:20:22,012 INFO c.h.h.t.HelmChartContainer - Received Killing event for container hivemq in pod test-hivemq-platform-alpha-tier3-0 [6f3eb4f0-7705-45db-9ae0-fb4e3a85db63]
2025-01-28 21:20:22,012 INFO c.h.h.t.HelmChartContainer - Container [test-hivemq-platform-alpha-tier3-0] [hivemq] [6f3eb4f0-7705-45db-9ae0-fb4e3a85db63] was terminated
2025-01-28 21:20:22,012 INFO c.h.h.t.HelmChartContainer - Stopped log watcher for hivemq in pod test-hivemq-platform-alpha-tier3-0 [6f3eb4f0-7705-45db-9ae0-fb4e3a85db63]
2025-01-28 21:20:22,024 INFO c.h.h.t.HelmChartContainer - [test-hivemq-platform] [hivemq] [6f3eb4f0] INFO  - [HiveMQ Platform Operator Init App 1.7.0-SNAPSHOT] Shutting down
2025-01-28 21:20:22,024 INFO c.h.h.t.HelmChartContainer - [test-hivemq-platform] [hivemq] [6f3eb4f0] INFO  - [HiveMQ Platform Operator Init App 1.7.0-SNAPSHOT] Stopping the HiveMQ Platform
2025-01-28 21:20:22,083 INFO c.h.h.t.HelmChartContainer - [test-hivemq-platform] [hivemq] [6f3eb4f0] WARN  - [HiveMQ Platform Operator Init App 1.7.0-SNAPSHOT] Could not update Pod annotations: Failure executing: GET at: https://10.43.0.1:443/api/v1/namespaces/customoperatorselectorsit/pods/test-hivemq-platform-alpha-tier3-0. Message: pods "test-hivemq-platform-alpha-tier3-0" is forbidden: User "system:serviceaccount:customoperatorselectorsit:hivemq-platform-pod-test-hivemq-platform-alpha-tier3" cannot get resource "pods" in API group "" in the namespace "customoperatorselectorsit". Received status: Status(apiVersion=v1, code=403, details=StatusDetails(causes=[], group=null, kind=pods, name=test-hivemq-platform-alpha-tier3-0, retryAfterSeconds=null, uid=null, additionalProperties={}), kind=Status, message=pods "test-hivemq-platform-alpha-tier3-0" is forbidden: User "system:serviceaccount:customoperatorselectorsit:hivemq-platform-pod-test-hivemq-platform-alpha-tier3" cannot get resource "pods" in API group "" in the namespace "customoperatorselectorsit", metadata=ListMeta(_continue=null, remainingItemCount=null, resourceVersion=null, selfLink=null, additionalProperties={}), reason=Forbidden, status=Failure, additionalProperties={}).
2025-01-28 21:20:22,195 INFO c.h.h.t.HelmChartContainer - [test-hivemq-platform] [hivemq] [6f3eb4f0] INFO  - Shutting down HiveMQ. Please wait, this could take a while...
2025-01-28 21:20:22,199 INFO c.h.h.t.HelmChartContainer - [test-hivemq-platform] [hivemq] [6f3eb4f0] INFO  - Shutting down listeners and clients
2025-01-28 21:20:22,200 INFO c.h.h.t.HelmChartContainer - [test-hivemq-platform] [hivemq] [6f3eb4f0] INFO  - Shutdown of listeners is done
2025-01-28 21:20:22,200 INFO c.h.h.t.HelmChartContainer - [test-hivemq-platform] [hivemq] [6f3eb4f0] INFO  - No clients are connected, proceeding with shutdown
2025-01-28 21:20:23,089 INFO c.h.h.t.HelmChartContainer - [test-hivemq-platform] [hivemq] [26aeac9f] INFO  - Shutting down extension system
2025-01-28 21:20:23,092 INFO c.h.h.t.HelmChartContainer - [test-hivemq-platform] [hivemq] [26aeac9f] INFO  - Stopping extension with id hivemq-dns-cluster-discovery
2025-01-28 21:20:23,092 INFO c.h.h.t.HelmChartContainer - [test-hivemq-platform] [hivemq] [26aeac9f] INFO  - Extension "DNS Cluster Discovery Extension" version 4.3.2 stopped successfully.
2025-01-28 21:20:23,093 INFO c.h.h.t.HelmChartContainer - [test-hivemq-platform] [hivemq] [26aeac9f] INFO  - Stopping extension with id hivemq-prometheus-extension
2025-01-28 21:20:23,096 INFO c.h.h.t.HelmChartContainer - [test-hivemq-platform] [hivemq] [26aeac9f] INFO  - Extension "Prometheus Monitoring Extension" version 4.0.12 stopped successfully.
2025-01-28 21:20:23,097 INFO c.h.h.t.HelmChartContainer - [test-hivemq-platform] [hivemq] [26aeac9f] INFO  - Stopping extension with id hivemq-allow-all-extension
2025-01-28 21:20:23,097 INFO c.h.h.t.HelmChartContainer - [test-hivemq-platform] [hivemq] [26aeac9f] INFO  - Extension "Allow All Extension" version 1.1.1 stopped successfully.
2025-01-28 21:20:23,427 INFO c.h.h.t.HelmChartContainer - Deleting namespace 'customoperatorselectorsit'...
2025-01-28 21:20:24,993 INFO c.h.h.t.HelmChartContainer - [test-hivemq-platform] [hivemq] [6f3eb4f0] INFO  - Shutting down extension system
2025-01-28 21:20:24,998 INFO c.h.h.t.HelmChartContainer - [test-hivemq-platform] [hivemq] [6f3eb4f0] INFO  - Stopping extension with id hivemq-dns-cluster-discovery
2025-01-28 21:20:25,000 INFO c.h.h.t.HelmChartContainer - [test-hivemq-platform] [hivemq] [6f3eb4f0] INFO  - Extension "DNS Cluster Discovery Extension" version 4.3.2 stopped successfully.
2025-01-28 21:20:25,000 INFO c.h.h.t.HelmChartContainer - [test-hivemq-platform] [hivemq] [6f3eb4f0] INFO  - Stopping extension with id hivemq-prometheus-extension
2025-01-28 21:20:25,004 INFO c.h.h.t.HelmChartContainer - [test-hivemq-platform] [hivemq] [6f3eb4f0] INFO  - Extension "Prometheus Monitoring Extension" version 4.0.12 stopped successfully.
2025-01-28 21:20:25,005 INFO c.h.h.t.HelmChartContainer - [test-hivemq-platform] [hivemq] [6f3eb4f0] INFO  - Stopping extension with id hivemq-allow-all-extension
2025-01-28 21:20:25,005 INFO c.h.h.t.HelmChartContainer - [test-hivemq-platform] [hivemq] [6f3eb4f0] INFO  - Extension "Allow All Extension" version 1.1.1 stopped successfully.
2025-01-28 21:20:25,419 INFO c.h.h.t.HelmChartContainer - [test-hivemq-platform] [hivemq] [26aeac9f] INFO  - Shutdown completed.
2025-01-28 21:20:25,770 INFO c.h.h.t.HelmChartContainer - [test-hivemq-platform] [hivemq] [26aeac9f] INFO  - [HiveMQ Platform Operator Init App 1.7.0-SNAPSHOT] The HiveMQ Platform exited with code 143
2025-01-28 21:20:25,770 INFO c.h.h.t.HelmChartContainer - [test-hivemq-platform] [hivemq] [26aeac9f] INFO  - [HiveMQ Platform Operator Init App 1.7.0-SNAPSHOT] Stopping the REST API
2025-01-28 21:20:25,779 INFO c.h.h.t.HelmChartContainer - [test-hivemq-platform] [hivemq] [26aeac9f] INFO  - [HiveMQ Platform Operator Init App 1.7.0-SNAPSHOT] Shutdown complete
2025-01-28 21:20:26,239 INFO c.h.h.t.HelmChartContainer - [POD] test-hivemq-platform-alpha-tier2-0 [26aeac9f-57eb-4ffe-ade0-5b91bfbeae1d] in customoperatorselectorsit was MODIFIED
2025-01-28 21:20:26,240 INFO c.h.h.t.HelmChartContainer - [K3S] [stateful_set.go:438] "Unhandled Error" err="error syncing StatefulSet customoperatorselectorsit/test-hivemq-platform-alpha-tier2, requeuing: controllerrevisions.apps \"test-hivemq-platform-alpha-tier2-5888b5495b\" is forbidden: unable to create new content in namespace customoperatorselectorsit because it is being terminated"
2025-01-28 21:20:26,247 INFO c.h.h.t.HelmChartContainer - [K3S] [stateful_set.go:438] "Unhandled Error" err="error syncing StatefulSet customoperatorselectorsit/test-hivemq-platform-alpha-tier2, requeuing: controllerrevisions.apps \"test-hivemq-platform-alpha-tier2-5888b5495b\" is forbidden: unable to create new content in namespace customoperatorselectorsit because it is being terminated"
2025-01-28 21:20:26,261 INFO c.h.h.t.HelmChartContainer - [K3S] [stateful_set.go:438] "Unhandled Error" err="error syncing StatefulSet customoperatorselectorsit/test-hivemq-platform-alpha-tier2, requeuing: controllerrevisions.apps \"test-hivemq-platform-alpha-tier2-5888b5495b\" is forbidden: unable to create new content in namespace customoperatorselectorsit because it is being terminated"
2025-01-28 21:20:26,261 INFO c.h.h.t.HelmChartContainer - [K3S] [reconciler_common.go:162] "operationExecutor.UnmountVolume started for volume \"pod-info\" (UniqueName: \"kubernetes.io/configmap/26aeac9f-57eb-4ffe-ade0-5b91bfbeae1d-pod-info\") pod \"26aeac9f-57eb-4ffe-ade0-5b91bfbeae1d\" (UID: \"26aeac9f-57eb-4ffe-ade0-5b91bfbeae1d\") "
2025-01-28 21:20:26,261 INFO c.h.h.t.HelmChartContainer - [K3S] [reconciler_common.go:162] "operationExecutor.UnmountVolume started for volume \"kube-api-access-ncjkz\" (UniqueName: \"kubernetes.io/projected/26aeac9f-57eb-4ffe-ade0-5b91bfbeae1d-kube-api-access-ncjkz\") pod \"26aeac9f-57eb-4ffe-ade0-5b91bfbeae1d\" (UID: \"26aeac9f-57eb-4ffe-ade0-5b91bfbeae1d\") "
2025-01-28 21:20:26,261 INFO c.h.h.t.HelmChartContainer - [K3S] [reconciler_common.go:162] "operationExecutor.UnmountVolume started for volume \"broker-configuration\" (UniqueName: \"kubernetes.io/configmap/26aeac9f-57eb-4ffe-ade0-5b91bfbeae1d-broker-configuration\") pod \"26aeac9f-57eb-4ffe-ade0-5b91bfbeae1d\" (UID: \"26aeac9f-57eb-4ffe-ade0-5b91bfbeae1d\") "
2025-01-28 21:20:26,261 INFO c.h.h.t.HelmChartContainer - [K3S] [reconciler_common.go:162] "operationExecutor.UnmountVolume started for volume \"operator-init\" (UniqueName: \"kubernetes.io/empty-dir/26aeac9f-57eb-4ffe-ade0-5b91bfbeae1d-operator-init\") pod \"26aeac9f-57eb-4ffe-ade0-5b91bfbeae1d\" (UID: \"26aeac9f-57eb-4ffe-ade0-5b91bfbeae1d\") "
2025-01-28 21:20:26,285 INFO c.h.h.t.HelmChartContainer - [K3S] [stateful_set.go:438] "Unhandled Error" err="error syncing StatefulSet customoperatorselectorsit/test-hivemq-platform-alpha-tier2, requeuing: controllerrevisions.apps \"test-hivemq-platform-alpha-tier2-5888b5495b\" is forbidden: unable to create new content in namespace customoperatorselectorsit because it is being terminated"
2025-01-28 21:20:26,329 INFO c.h.h.t.HelmChartContainer - [K3S] [stateful_set.go:438] "Unhandled Error" err="error syncing StatefulSet customoperatorselectorsit/test-hivemq-platform-alpha-tier2, requeuing: controllerrevisions.apps \"test-hivemq-platform-alpha-tier2-5888b5495b\" is forbidden: unable to create new content in namespace customoperatorselectorsit because it is being terminated"
2025-01-28 21:20:26,362 INFO c.h.h.t.HelmChartContainer - [K3S] [reconciler_common.go:299] "Volume detached for volume \"pod-info\" (UniqueName: \"kubernetes.io/configmap/26aeac9f-57eb-4ffe-ade0-5b91bfbeae1d-pod-info\") on node \"94bfcb4ca54d\" DevicePath \"\""
2025-01-28 21:20:26,362 INFO c.h.h.t.HelmChartContainer - [K3S] [reconciler_common.go:299] "Volume detached for volume \"kube-api-access-ncjkz\" (UniqueName: \"kubernetes.io/projected/26aeac9f-57eb-4ffe-ade0-5b91bfbeae1d-kube-api-access-ncjkz\") on node \"94bfcb4ca54d\" DevicePath \"\""
2025-01-28 21:20:26,362 INFO c.h.h.t.HelmChartContainer - [K3S] [reconciler_common.go:299] "Volume detached for volume \"broker-configuration\" (UniqueName: \"kubernetes.io/configmap/26aeac9f-57eb-4ffe-ade0-5b91bfbeae1d-broker-configuration\") on node \"94bfcb4ca54d\" DevicePath \"\""
2025-01-28 21:20:26,362 INFO c.h.h.t.HelmChartContainer - [K3S] [reconciler_common.go:299] "Volume detached for volume \"operator-init\" (UniqueName: \"kubernetes.io/empty-dir/26aeac9f-57eb-4ffe-ade0-5b91bfbeae1d-operator-init\") on node \"94bfcb4ca54d\" DevicePath \"\""
2025-01-28 21:20:26,413 INFO c.h.h.t.HelmChartContainer - [K3S] [stateful_set.go:438] "Unhandled Error" err="error syncing StatefulSet customoperatorselectorsit/test-hivemq-platform-alpha-tier2, requeuing: controllerrevisions.apps \"test-hivemq-platform-alpha-tier2-5888b5495b\" is forbidden: unable to create new content in namespace customoperatorselectorsit because it is being terminated"
2025-01-28 21:20:26,524 INFO c.h.h.t.HelmChartContainer - [test-hivemq-platform] [hivemq] [6f3eb4f0] INFO  - [HiveMQ Platform Operator Init App 1.7.0-SNAPSHOT] Returning shutdown Health API response 503 for readiness
2025-01-28 21:20:26,528 INFO c.h.h.t.HelmChartContainer - [EVENT] Warning [Unhealthy] Readiness probe failed: HTTP probe failed with statuscode: 503 [customoperatorselectorsit:test-hivemq-platform-alpha-tier3-0]
2025-01-28 21:20:26,528 INFO c.h.h.t.HelmChartContainer - Received Unhealthy event for container hivemq in pod test-hivemq-platform-alpha-tier3-0 [6f3eb4f0-7705-45db-9ae0-fb4e3a85db63]
2025-01-28 21:20:26,576 INFO c.h.h.t.HelmChartContainer - [K3S] [stateful_set.go:438] "Unhandled Error" err="error syncing StatefulSet customoperatorselectorsit/test-hivemq-platform-alpha-tier2, requeuing: controllerrevisions.apps \"test-hivemq-platform-alpha-tier2-5888b5495b\" is forbidden: unable to create new content in namespace customoperatorselectorsit because it is being terminated"
2025-01-28 21:20:26,625 INFO c.h.h.t.HelmChartContainer - [K3S] [scope.go:117] "RemoveContainer" containerID="465e0117f5a6a60746ac4467d68bd491ec0417cbba53665f69904ae6b97275e6"
2025-01-28 21:20:26,637 INFO c.h.h.t.HelmChartContainer - [K3S] [stateful_set.go:438] "Unhandled Error" err="error syncing StatefulSet customoperatorselectorsit/test-hivemq-platform-alpha-tier2, requeuing: controllerrevisions.apps \"test-hivemq-platform-alpha-tier2-5888b5495b\" is forbidden: unable to create new content in namespace customoperatorselectorsit because it is being terminated"
2025-01-28 21:20:26,638 INFO c.h.h.t.HelmChartContainer - [POD] test-hivemq-platform-alpha-tier2-0 [26aeac9f-57eb-4ffe-ade0-5b91bfbeae1d] in customoperatorselectorsit was MODIFIED
2025-01-28 21:20:26,640 INFO c.h.h.t.HelmChartContainer - [POD] test-hivemq-platform-alpha-tier2-0 [26aeac9f-57eb-4ffe-ade0-5b91bfbeae1d] in customoperatorselectorsit was DELETED
2025-01-28 21:20:26,641 INFO c.h.h.t.HelmChartContainer - [K3S] [stateful_set.go:438] "Unhandled Error" err="error syncing StatefulSet customoperatorselectorsit/test-hivemq-platform-alpha-tier2, requeuing: controllerrevisions.apps \"test-hivemq-platform-alpha-tier2-5888b5495b\" is forbidden: unable to create new content in namespace customoperatorselectorsit because it is being terminated"
2025-01-28 21:20:26,652 INFO c.h.h.t.HelmChartContainer - [K3S] [stateful_set.go:466] "StatefulSet has been deleted" key="customoperatorselectorsit/test-hivemq-platform-alpha-tier2"
2025-01-28 21:20:26,727 INFO c.h.h.t.HelmChartContainer - [K3S] [scope.go:117] "RemoveContainer" containerID="52dbd2fd987bb759732b69e6e7f604219c075a981172f470ca343717a3134749"
2025-01-28 21:20:26,730 INFO c.h.h.t.HelmChartContainer - [K3S] [scope.go:117] "RemoveContainer" containerID="465e0117f5a6a60746ac4467d68bd491ec0417cbba53665f69904ae6b97275e6"
2025-01-28 21:20:26,731 INFO c.h.h.t.HelmChartContainer - [K3S] [scope.go:117] "RemoveContainer" containerID="52dbd2fd987bb759732b69e6e7f604219c075a981172f470ca343717a3134749"
2025-01-28 21:20:26,898 INFO c.h.h.t.HelmChartContainer - [K3S] [stateful_set.go:466] "StatefulSet has been deleted" key="customoperatorselectorsit/test-hivemq-platform-alpha-tier2"
2025-01-28 21:20:27,088 INFO c.h.h.t.HelmChartContainer - [K3S] [authentication.go:74] "Unable to authenticate the request" err="[invalid bearer token, serviceaccounts \"hivemq-platform-pod-test-hivemq-platform-alpha-tier3\" not found]"
2025-01-28 21:20:27,257 INFO c.h.h.t.HelmChartContainer - [K3S] [authentication.go:74] "Unable to authenticate the request" err="[invalid bearer token, serviceaccounts \"hivemq-platform-pod-test-hivemq-platform-alpha-tier3\" not found]"
2025-01-28 21:20:27,260 INFO c.h.h.t.HelmChartContainer - [test-hivemq-platform] [hivemq] [6f3eb4f0] WARN  - [HiveMQ Platform Operator Init App 1.7.0-SNAPSHOT] Could not update Pod annotations: Failure executing: GET at: https://10.43.0.1:443/api/v1/namespaces/customoperatorselectorsit/pods/test-hivemq-platform-alpha-tier3-0. Message: Unauthorized. Received status: Status(apiVersion=v1, code=401, details=null, kind=Status, message=Unauthorized, metadata=ListMeta(_continue=null, remainingItemCount=null, resourceVersion=null, selfLink=null, additionalProperties={}), reason=Unauthorized, status=Failure, additionalProperties={}).
2025-01-28 21:20:27,586 INFO c.h.h.t.HelmChartContainer - [test-hivemq-platform] [hivemq] [6f3eb4f0] INFO  - Shutdown completed.
2025-01-28 21:20:28,089 INFO c.h.h.t.HelmChartContainer - [test-hivemq-platform] [hivemq] [6f3eb4f0] INFO  - [HiveMQ Platform Operator Init App 1.7.0-SNAPSHOT] The HiveMQ Platform exited with code 143
2025-01-28 21:20:28,089 INFO c.h.h.t.HelmChartContainer - [test-hivemq-platform] [hivemq] [6f3eb4f0] INFO  - [HiveMQ Platform Operator Init App 1.7.0-SNAPSHOT] Stopping the REST API
2025-01-28 21:20:28,155 INFO c.h.h.t.HelmChartContainer - [test-hivemq-platform] [hivemq] [6f3eb4f0] INFO  - [HiveMQ Platform Operator Init App 1.7.0-SNAPSHOT] Shutdown complete
2025-01-28 21:20:28,286 INFO c.h.h.t.HelmChartContainer - [K3S] [kubelet_volumes.go:163] "Cleaned up orphaned pod volumes dir" podUID="26aeac9f-57eb-4ffe-ade0-5b91bfbeae1d" path="/var/lib/kubelet/pods/26aeac9f-57eb-4ffe-ade0-5b91bfbeae1d/volumes"
2025-01-28 21:20:28,609 INFO c.h.h.t.HelmChartContainer - [K3S] [stateful_set.go:466] "StatefulSet has been deleted" key="customoperatorselectorsit/test-hivemq-platform-alpha-tier3"
2025-01-28 21:20:28,631 INFO c.h.h.t.HelmChartContainer - [K3S] [scope.go:117] "RemoveContainer" containerID="ff749e7639bc0efb35169923bd54de8cdff71fd8ec4c330707bb1c4be609ff4d"
2025-01-28 21:20:28,649 INFO c.h.h.t.HelmChartContainer - [POD] test-hivemq-platform-alpha-tier3-0 [6f3eb4f0-7705-45db-9ae0-fb4e3a85db63] in customoperatorselectorsit was MODIFIED
2025-01-28 21:20:28,675 INFO c.h.h.t.HelmChartContainer - [K3S] [reconciler_common.go:162] "operationExecutor.UnmountVolume started for volume \"broker-configuration\" (UniqueName: \"kubernetes.io/configmap/6f3eb4f0-7705-45db-9ae0-fb4e3a85db63-broker-configuration\") pod \"6f3eb4f0-7705-45db-9ae0-fb4e3a85db63\" (UID: \"6f3eb4f0-7705-45db-9ae0-fb4e3a85db63\") "
2025-01-28 21:20:28,675 INFO c.h.h.t.HelmChartContainer - [K3S] [reconciler_common.go:162] "operationExecutor.UnmountVolume started for volume \"pod-info\" (UniqueName: \"kubernetes.io/configmap/6f3eb4f0-7705-45db-9ae0-fb4e3a85db63-pod-info\") pod \"6f3eb4f0-7705-45db-9ae0-fb4e3a85db63\" (UID: \"6f3eb4f0-7705-45db-9ae0-fb4e3a85db63\") "
2025-01-28 21:20:28,675 INFO c.h.h.t.HelmChartContainer - [K3S] [reconciler_common.go:162] "operationExecutor.UnmountVolume started for volume \"kube-api-access-7mkgb\" (UniqueName: \"kubernetes.io/projected/6f3eb4f0-7705-45db-9ae0-fb4e3a85db63-kube-api-access-7mkgb\") pod \"6f3eb4f0-7705-45db-9ae0-fb4e3a85db63\" (UID: \"6f3eb4f0-7705-45db-9ae0-fb4e3a85db63\") "
2025-01-28 21:20:28,675 INFO c.h.h.t.HelmChartContainer - [K3S] [reconciler_common.go:162] "operationExecutor.UnmountVolume started for volume \"operator-init\" (UniqueName: \"kubernetes.io/empty-dir/6f3eb4f0-7705-45db-9ae0-fb4e3a85db63-operator-init\") pod \"6f3eb4f0-7705-45db-9ae0-fb4e3a85db63\" (UID: \"6f3eb4f0-7705-45db-9ae0-fb4e3a85db63\") "
2025-01-28 21:20:28,750 INFO c.h.h.t.HelmChartContainer - [K3S] [scope.go:117] "RemoveContainer" containerID="aca06647606a7ecc6c0b96658e15878784da23622f4f53a9ec4d91ec76a984c2"
2025-01-28 21:20:28,754 INFO c.h.h.t.HelmChartContainer - [K3S] [scope.go:117] "RemoveContainer" containerID="ff749e7639bc0efb35169923bd54de8cdff71fd8ec4c330707bb1c4be609ff4d"
2025-01-28 21:20:28,754 INFO c.h.h.t.HelmChartContainer - [K3S] [scope.go:117] "RemoveContainer" containerID="aca06647606a7ecc6c0b96658e15878784da23622f4f53a9ec4d91ec76a984c2"
2025-01-28 21:20:28,775 INFO c.h.h.t.HelmChartContainer - [K3S] [reconciler_common.go:299] "Volume detached for volume \"broker-configuration\" (UniqueName: \"kubernetes.io/configmap/6f3eb4f0-7705-45db-9ae0-fb4e3a85db63-broker-configuration\") on node \"94bfcb4ca54d\" DevicePath \"\""
2025-01-28 21:20:28,775 INFO c.h.h.t.HelmChartContainer - [K3S] [reconciler_common.go:299] "Volume detached for volume \"pod-info\" (UniqueName: \"kubernetes.io/configmap/6f3eb4f0-7705-45db-9ae0-fb4e3a85db63-pod-info\") on node \"94bfcb4ca54d\" DevicePath \"\""
2025-01-28 21:20:28,775 INFO c.h.h.t.HelmChartContainer - [K3S] [reconciler_common.go:299] "Volume detached for volume \"kube-api-access-7mkgb\" (UniqueName: \"kubernetes.io/projected/6f3eb4f0-7705-45db-9ae0-fb4e3a85db63-kube-api-access-7mkgb\") on node \"94bfcb4ca54d\" DevicePath \"\""
2025-01-28 21:20:28,775 INFO c.h.h.t.HelmChartContainer - [K3S] [reconciler_common.go:299] "Volume detached for volume \"operator-init\" (UniqueName: \"kubernetes.io/empty-dir/6f3eb4f0-7705-45db-9ae0-fb4e3a85db63-operator-init\") on node \"94bfcb4ca54d\" DevicePath \"\""
2025-01-28 21:20:28,944 INFO c.h.h.t.HelmChartContainer - [POD] test-hivemq-platform-alpha-tier3-0 [6f3eb4f0-7705-45db-9ae0-fb4e3a85db63] in customoperatorselectorsit was MODIFIED
2025-01-28 21:20:28,947 INFO c.h.h.t.HelmChartContainer - [POD] test-hivemq-platform-alpha-tier3-0 [6f3eb4f0-7705-45db-9ae0-fb4e3a85db63] in customoperatorselectorsit was DELETED
2025-01-28 21:20:30,286 INFO c.h.h.t.HelmChartContainer - [K3S] [kubelet_volumes.go:163] "Cleaned up orphaned pod volumes dir" podUID="6f3eb4f0-7705-45db-9ae0-fb4e3a85db63" path="/var/lib/kubelet/pods/6f3eb4f0-7705-45db-9ae0-fb4e3a85db63/volumes"
2025-01-28 21:20:33,860 INFO c.h.h.t.HelmChartContainer - Namespace 'customoperatorselectorsit' deleted
2025-01-28 21:20:33,860 INFO c.h.h.t.HelmChartContainer - Release 'test-hivemq-platform-alpha-tier3' in namespace 'customoperatorselectorsit' is uninstalled
2025-01-28 21:20:33,860 INFO c.h.h.t.HelmChartContainer - Uninstalling release 'test-hivemq-platform-operator' in namespace 'customoperatorselectorsit-operator'...
2025-01-28 21:20:33,860 DEBUG c.h.h.t.HelmChartContainer - Executing helm command: /bin/helm --kubeconfig /etc/rancher/k3s/k3s.yaml uninstall test-hivemq-platform-operator  --wait --timeout 5m0s --cascade foreground --namespace customoperatorselectorsit-operator
2025-01-28 21:20:34,022 INFO c.h.h.t.HelmChartContainer - [K3S] [replica_set.go:679] "Finished syncing" kind="ReplicaSet" key="customoperatorselectorsit-operator/hivemq-test-hivemq-platform-operator-7bd74f84c" duration="11.602777ms"
2025-01-28 21:20:34,022 INFO c.h.h.t.HelmChartContainer - [K3S] [replica_set.go:679] "Finished syncing" kind="ReplicaSet" key="customoperatorselectorsit-operator/hivemq-test-hivemq-platform-operator-7bd74f84c" duration="69.77µs"
2025-01-28 21:20:34,039 INFO c.h.h.t.HelmChartContainer - [POD] hivemq-test-hivemq-platform-operator-7bd74f84c-6vz9r [9a2b71d5-8456-4b53-a05f-524eb7754911] in customoperatorselectorsit-operator was MODIFIED
2025-01-28 21:20:34,044 INFO c.h.h.t.HelmChartContainer - [EVENT] Normal [Killing] Stopping container hivemq-platform-operator [customoperatorselectorsit-operator:hivemq-test-hivemq-platform-operator-7bd74f84c-6vz9r]
2025-01-28 21:20:34,044 INFO c.h.h.t.HelmChartContainer - Received Killing event for container hivemq-platform-operator in pod hivemq-test-hivemq-platform-operator-7bd74f84c-6vz9r [9a2b71d5-8456-4b53-a05f-524eb7754911]
2025-01-28 21:20:34,044 INFO c.h.h.t.HelmChartContainer - Container [hivemq-test-hivemq-platform-operator-7bd74f84c-6vz9r] [hivemq-platform-operator] [9a2b71d5-8456-4b53-a05f-524eb7754911] was terminated
2025-01-28 21:20:34,044 INFO c.h.h.t.HelmChartContainer - Stopped log watcher for hivemq-platform-operator in pod hivemq-test-hivemq-platform-operator-7bd74f84c-6vz9r [9a2b71d5-8456-4b53-a05f-524eb7754911]
2025-01-28 21:20:34,053 INFO c.h.h.t.HelmChartContainer - [hivemq-test-hivemq-platform] [hivemq-platform-operator] [9a2b71d5] 21:20:34.051 [application-shutdown-thread] INFO  c.h.p.o.HiveMQPlatformOperatorApplication - HiveMQ Platform Operator is stopping...
2025-01-28 21:20:34,054 INFO c.h.h.t.HelmChartContainer - [hivemq-test-hivemq-platform] [hivemq-platform-operator] [9a2b71d5] 21:20:34.051 [application-shutdown-thread] INFO  i.javaoperatorsdk.operator.Operator - Operator SDK 4.9.7 is shutting down...
2025-01-28 21:20:34,065 INFO c.h.h.t.HelmChartContainer - [K3S] [replica_set.go:679] "Finished syncing" kind="ReplicaSet" key="customoperatorselectorsit-operator/hivemq-test-hivemq-platform-operator-7bd74f84c" duration="32.034298ms"
2025-01-28 21:20:34,066 INFO c.h.h.t.HelmChartContainer - [K3S] [replica_set.go:679] "Finished syncing" kind="ReplicaSet" key="customoperatorselectorsit-operator/hivemq-test-hivemq-platform-operator-7bd74f84c" duration="191.768µs"
2025-01-28 21:20:34,597 INFO c.h.h.t.HelmChartContainer - [K3S] [replica_set.go:679] "Finished syncing" kind="ReplicaSet" key="customoperatorselectorsit-operator/hivemq-test-hivemq-platform-operator-7bd74f84c" duration="38.722µs"
2025-01-28 21:20:34,598 INFO c.h.h.t.HelmChartContainer - [POD] hivemq-test-hivemq-platform-operator-7bd74f84c-6vz9r [9a2b71d5-8456-4b53-a05f-524eb7754911] in customoperatorselectorsit-operator was MODIFIED
2025-01-28 21:20:34,641 INFO c.h.h.t.HelmChartContainer - [K3S] [scope.go:117] "RemoveContainer" containerID="06a9d025217c99b06334657388209e1b99d664340101b8e4edb85046469c9263"
2025-01-28 21:20:34,644 INFO c.h.h.t.HelmChartContainer - [K3S] [scope.go:117] "RemoveContainer" containerID="06a9d025217c99b06334657388209e1b99d664340101b8e4edb85046469c9263"
2025-01-28 21:20:34,707 INFO c.h.h.t.HelmChartContainer - [K3S] [reconciler_common.go:162] "operationExecutor.UnmountVolume started for volume \"kube-api-access-hlns5\" (UniqueName: \"kubernetes.io/projected/9a2b71d5-8456-4b53-a05f-524eb7754911-kube-api-access-hlns5\") pod \"9a2b71d5-8456-4b53-a05f-524eb7754911\" (UID: \"9a2b71d5-8456-4b53-a05f-524eb7754911\") "
2025-01-28 21:20:34,808 INFO c.h.h.t.HelmChartContainer - [K3S] [reconciler_common.go:299] "Volume detached for volume \"kube-api-access-hlns5\" (UniqueName: \"kubernetes.io/projected/9a2b71d5-8456-4b53-a05f-524eb7754911-kube-api-access-hlns5\") on node \"94bfcb4ca54d\" DevicePath \"\""
2025-01-28 21:20:34,952 INFO c.h.h.t.HelmChartContainer - [K3S] [replica_set.go:679] "Finished syncing" kind="ReplicaSet" key="customoperatorselectorsit-operator/hivemq-test-hivemq-platform-operator-7bd74f84c" duration="43.371µs"
2025-01-28 21:20:34,953 INFO c.h.h.t.HelmChartContainer - [POD] hivemq-test-hivemq-platform-operator-7bd74f84c-6vz9r [9a2b71d5-8456-4b53-a05f-524eb7754911] in customoperatorselectorsit-operator was MODIFIED
2025-01-28 21:20:34,956 INFO c.h.h.t.HelmChartContainer - [K3S] [replica_set.go:679] "Finished syncing" kind="ReplicaSet" key="customoperatorselectorsit-operator/hivemq-test-hivemq-platform-operator-7bd74f84c" duration="50.084µs"
2025-01-28 21:20:34,958 INFO c.h.h.t.HelmChartContainer - [POD] hivemq-test-hivemq-platform-operator-7bd74f84c-6vz9r [9a2b71d5-8456-4b53-a05f-524eb7754911] in customoperatorselectorsit-operator was DELETED
2025-01-28 21:20:34,967 INFO c.h.h.t.HelmChartContainer - [K3S] [replica_set.go:679] "Finished syncing" kind="ReplicaSet" key="customoperatorselectorsit-operator/hivemq-test-hivemq-platform-operator-7bd74f84c" duration="5.931µs"
2025-01-28 21:20:36,066 INFO c.h.h.t.HelmChartContainer - Deleting namespace 'customoperatorselectorsit-operator'...
2025-01-28 21:20:36,286 INFO c.h.h.t.HelmChartContainer - [K3S] [kubelet_volumes.go:163] "Cleaned up orphaned pod volumes dir" podUID="9a2b71d5-8456-4b53-a05f-524eb7754911" path="/var/lib/kubelet/pods/9a2b71d5-8456-4b53-a05f-524eb7754911/volumes"
2025-01-28 21:20:38,765 INFO c.h.h.t.HelmChartContainer - [K3S] [namespace_controller.go:187] "Namespace has been deleted" namespace="customoperatorselectorsit"
2025-01-28 21:20:41,285 INFO c.h.h.t.HelmChartContainer - Namespace 'customoperatorselectorsit-operator' deleted
2025-01-28 21:20:41,285 INFO c.h.h.t.HelmChartContainer - Release 'test-hivemq-platform-operator' in namespace 'customoperatorselectorsit-operator' is uninstalled
2025-01-28 21:20:42,147 INFO c.h.helmcharts.AbstractHelmChartIT - Removed unused containers:

2025-01-28 21:20:46,189 INFO c.h.h.t.HelmChartContainer - [K3S] [namespace_controller.go:187] "Namespace has been deleted" namespace="customoperatorselectorsit-operator"
2025-01-28 21:20:49,971 INFO c.h.helmcharts.AbstractHelmChartIT - Removed unused snapshots:
Removing snapshot sha256:03af251906410714c5aef9fa705b63f6bbc39c4a5e787de7361eeb18886c2ed2
Removing snapshot sha256:0c46b3b43cce082ce5ec34ffc6c294e0417d17b9d1e6f366d114b6aadc4f96dc
Removing snapshot sha256:0ce761beee59082d6ed5bcebd3a805b8ddd9b3426b617e4809e7fb7c6587ffec
Removing snapshot sha256:0df91287303208332c8ff6ba40ae4710105201739addbfbddfb955f1ad593664
Removing snapshot sha256:1021ef88c7974bfff89c5a0ec4fd3160daac6c48a075f74cff721f85dd104e68
Removing snapshot sha256:10aba4953ddc18145dd38e3704709bc464aa20af60b56fe52caaff4b68411e62
Removing snapshot sha256:2573e0d8158209ed54ab25c87bcdcb00bd3d2539246960a3d592a1c599d70465
Removing snapshot sha256:360ee315e26b256b48b0fb5f3c29b38a5e5f6d72529da856b97ee7ff41386cb3
Removing snapshot sha256:362a8a37f8bbc31925a8146adcf7cf51f9882f5c1dcbef67c5baa03a297543c0
Removing snapshot sha256:43a7c979bbaba6838bc3102d6b10a1459f3ab050b87ccdfef84ef90cf43d3058
Removing snapshot sha256:4ab04491cdf0d3267f08206fe30bd48f49f94b9cab2f016d6739220f722a64af
Removing snapshot sha256:4b6068250e89c96f263060261819c7d912855bfbd64b3eb4c4a8483299b8c295
Removing snapshot sha256:580e69a0a8034ede1921139bbd2bfb72a69ebf276d008281896c32dd8bf74775
Removing snapshot sha256:5d30ba46b27fe37484567ccc5242cadc78217b8da605f3f195ef25cbf7487904
Removing snapshot sha256:63ca1fbb43ae5034640e5e6cb3e083e05c290072c5366fcaa9d62435a4cced85
Removing snapshot sha256:67f702c6baae873bceb19487c8b1f27bd2b86077e4f2f0e480e6d60ab508b8f5
Removing snapshot sha256:6864348dd42806d552efdec384f1274be15e2d0c10ce44c1f04347af004c10a9
Removing snapshot sha256:6c7dee8f2c39b84b7dc2711c01d33de93514d9055499173e9290176fbe484b6c
Removing snapshot sha256:82753493a6d61ded36556292f02f31841a14c20d2f279f19eaad65afb661d5cd
Removing snapshot sha256:8a10d3db42c505ee0fcfa98417bdd7e39b304f6bcc0a06bb1b220797ff2cc63c
Removing snapshot sha256:97fb47ca4497799d9e9dde4747b15568c331420b0d951e67bb03b6efb416c09e
Removing snapshot sha256:a0904247e36a7726c03c71ee48f3e64462021c88dafeb13f37fdaf613b27f11c
Removing snapshot sha256:a21e5b12dbac529ad45d976eb9ce45c881f3bedcc500fb30aba1e52aa1813418
Removing snapshot sha256:b921e6c28969094157f9b8e7244677780319637afd14450b7cb6b2fdea558a0c
Removing snapshot sha256:bc27ecb5769a00e309cf99ebc763c4a4b958b618d1decc96ffac5bc05f02f5b7
Removing snapshot sha256:be3ccb6627a5332e309d45ef461d09b4879dd870c7394d89323d0ebc6ca6aa8a
Removing snapshot sha256:c261f7cbbc64211ee175ee47273acdb7b1a36a4450b397a064a8f2c026490095
Removing snapshot sha256:c34d9393647eea0c9e3557ab988efaf59f61d10a2a5613b439ef0958cca5ec10
Removing snapshot sha256:ccf3c4a0fa967a41c1c83497a2ce6fa5787965859df0adb32c4ca2cf7490bc2b
Removing snapshot sha256:cf92d33f869417309692088c341cd0f223c178ea78a125f757317b22aa8f90e9
Removing snapshot sha256:d0037344cf2fb078884f1849f6a1f8cf9a33a3b6139b6a85833e5ee528e1f9a8
Removing snapshot sha256:d3b36d5b79273b1e98e7700470eaeff05a882e777124d84cebcc1505b85ecb36
Removing snapshot sha256:d65a44a37914602d12c611e5e22a50f11451d847e63015cc1c2aef92dee777a4
Removing snapshot sha256:e2dc0bae2455930f23ae570e019b7f32edc75c0f2d71cab084db837ff9051796
Removing snapshot sha256:eccbd24a99c60cd9e86ee5305dbfc4a4dc89f5ab4fb1f06c8d64797cecedef34
Removing snapshot sha256:f144bb4c7c7f0d2aa7eeffd36d934ec40db1ee167be727e326aad9fdc616f475

]]></system-out>
  </testcase>
  <system-out><![CDATA[2025-01-28 21:18:59,317 INFO c.h.h.t.HelmChartContainerExtension - Using cached HelmChartContainer instance
]]></system-out>
  <system-err><![CDATA[]]></system-err>
</testsuite>
