<?xml version="1.0" encoding="UTF-8"?>
<testsuite name="com.hivemq.helmcharts.serviceaccount.HelmCustomServiceAccountDisabledCreationAndValidationCreateMissingServiceAccountIT" tests="1" skipped="0" failures="0" errors="0" timestamp="2025-07-09T17:09:22" hostname="pkrvmfkh1xnbeme" time="84.874">
  <properties/>
  <testcase name="platformCharts_withCreateAndValidateDisabled_hivemqRunning()" classname="com.hivemq.helmcharts.serviceaccount.HelmCustomServiceAccountDisabledCreationAndValidationCreateMissingServiceAccountIT" time="84.874"/>
</testsuite>
