<?xml version="1.0" encoding="UTF-8"?>
<testsuite name="com.hivemq.helmcharts.services.HelmWebsocketsIT" tests="2" skipped="0" failures="0" errors="0" timestamp="2025-10-02T11:18:28" hostname="runnervm3ublj" time="186.185">
  <properties/>
  <testcase name="platformChart_whenMtlsWebsocketEnabledWithDifferentPrivateKey_thenSendsReceivesMessage()" classname="com.hivemq.helmcharts.services.HelmWebsocketsIT" time="98.684"/>
  <testcase name="platformChart_whenMtlsWebsocketEnabled_thenSendsReceivesMessage()" classname="com.hivemq.helmcharts.services.HelmWebsocketsIT" time="87.501"/>
</testsuite>
