<?xml version="1.0" encoding="UTF-8"?>
<testsuite name="com.hivemq.helmcharts.platform.HelmCustomLogbackIT" tests="1" skipped="0" failures="0" errors="0" timestamp="2025-06-11T13:44:33" hostname="fv-az1315-568" time="86.556">
  <properties/>
  <testcase name="withCustomLogbackConfig_platformUsingCustomLogbackXml()" classname="com.hivemq.helmcharts.platform.HelmCustomLogbackIT" time="86.556"/>
</testsuite>
