<?xml version="1.0" encoding="UTF-8"?>
<testsuite name="com.hivemq.helmcharts.services.CustomClusterDomainNameIT" tests="1" skipped="0" failures="0" errors="0" timestamp="2025-03-11T13:27:49" hostname="fv-az1361-963" time="105.885">
  <properties/>
  <testcase name="whenK8sHasCustomClusterDomainName_thenServicesAreRunning()" classname="com.hivemq.helmcharts.services.CustomClusterDomainNameIT" time="105.885"/>
</testsuite>
