<?xml version="1.0" encoding="UTF-8"?>
<testsuite name="com.hivemq.helmcharts.volumes.HelmAdditionalVolumesIT" tests="1" skipped="0" failures="0" errors="0" timestamp="2025-01-28T23:39:55" hostname="fv-az1695-717" time="100.938">
  <properties/>
  <testcase name="withAdditionalVolumes_hivemqRunningWithVolumeMounts()" classname="com.hivemq.helmcharts.volumes.HelmAdditionalVolumesIT" time="100.938">
    <system-out><![CDATA[2025-01-28 23:39:55,552 INFO c.h.h.t.HelmChartContainer - Creating namespace 'helmadditionalvolumesit-operator'...
2025-01-28 23:39:55,561 INFO c.h.h.t.HelmChartContainer - Namespace 'helmadditionalvolumesit-operator' created
2025-01-28 23:39:55,561 INFO c.h.h.t.HelmChartContainer - Creating namespace 'helmadditionalvolumesit'...
2025-01-28 23:39:55,569 INFO c.h.h.t.HelmChartContainer - Namespace 'helmadditionalvolumesit' created
2025-01-28 23:39:55,639 DEBUG c.h.h.t.HelmChartContainer - Executing helm command: /bin/helm --kubeconfig /etc/rancher/k3s/k3s.yaml install test-hivemq-platform-operator /charts/hivemq-platform-operator --wait --timeout 5m0s --set image.repository=docker.io/hivemq --set image.name=hivemq-platform-operator-test --set image.initImageName=hivemq-platform-operator-init-test --set image.tag=snapshot --set image.pullPolicy=Never --set logLevel=DEBUG --set resources.cpu=512m --namespace helmadditionalvolumesit-operator
2025-01-28 23:39:55,935 INFO c.h.h.t.HelmChartContainer - [K3S] [alloc.go:330] "allocated clusterIPs" service="helmadditionalvolumesit-operator/hivemq-platform-operator-test-hivemq-platform-operator" clusterIPs={"IPv4":"10.43.237.97"}
2025-01-28 23:39:55,948 INFO c.h.h.t.HelmChartContainer - [EVENT] Normal [ScalingReplicaSet] Scaled up replica set hivemq-test-hivemq-platform-operator-6966f96d65 from 0 to 1 [helmadditionalvolumesit-operator:hivemq-test-hivemq-platform-operator]
2025-01-28 23:39:55,954 INFO c.h.h.t.HelmChartContainer - [POD] hivemq-test-hivemq-platform-operator-6966f96d65-58qlz [0e4e010d-474c-42e8-9957-9f002d164d3f] in helmadditionalvolumesit-operator was ADDED
2025-01-28 23:39:55,959 INFO c.h.h.t.HelmChartContainer - [EVENT] Normal [SuccessfulCreate] Created pod: hivemq-test-hivemq-platform-operator-6966f96d65-58qlz [helmadditionalvolumesit-operator:hivemq-test-hivemq-platform-operator-6966f96d65]
2025-01-28 23:39:55,960 INFO c.h.h.t.HelmChartContainer - [K3S] [replica_set.go:679] "Finished syncing" kind="ReplicaSet" key="helmadditionalvolumesit-operator/hivemq-test-hivemq-platform-operator-6966f96d65" duration="15.998537ms"
2025-01-28 23:39:55,961 INFO c.h.h.t.HelmChartContainer - [POD] hivemq-test-hivemq-platform-operator-6966f96d65-58qlz [0e4e010d-474c-42e8-9957-9f002d164d3f] in helmadditionalvolumesit-operator was MODIFIED
2025-01-28 23:39:55,962 INFO c.h.h.t.HelmChartContainer - [K3S] [memory_manager.go:355] "RemoveStaleState removing state" podUID="9bad5923-2397-4d2a-aa02-2f69d7c8e7c7" containerName="hivemq-platform-operator"
2025-01-28 23:39:55,966 INFO c.h.h.t.HelmChartContainer - [EVENT] Normal [Scheduled] Successfully assigned helmadditionalvolumesit-operator/hivemq-test-hivemq-platform-operator-6966f96d65-58qlz to 30604870d153 [helmadditionalvolumesit-operator:hivemq-test-hivemq-platform-operator-6966f96d65-58qlz]
2025-01-28 23:39:55,976 INFO c.h.h.t.HelmChartContainer - [POD] hivemq-test-hivemq-platform-operator-6966f96d65-58qlz [0e4e010d-474c-42e8-9957-9f002d164d3f] in helmadditionalvolumesit-operator was MODIFIED
2025-01-28 23:39:55,978 INFO c.h.h.t.HelmChartContainer - [K3S] [replica_set.go:679] "Finished syncing" kind="ReplicaSet" key="helmadditionalvolumesit-operator/hivemq-test-hivemq-platform-operator-6966f96d65" duration="16.335698ms"
2025-01-28 23:39:55,988 INFO c.h.h.t.HelmChartContainer - [K3S] [replica_set.go:679] "Finished syncing" kind="ReplicaSet" key="helmadditionalvolumesit-operator/hivemq-test-hivemq-platform-operator-6966f96d65" duration="10.112164ms"
2025-01-28 23:39:55,988 INFO c.h.h.t.HelmChartContainer - [K3S] [replica_set.go:679] "Finished syncing" kind="ReplicaSet" key="helmadditionalvolumesit-operator/hivemq-test-hivemq-platform-operator-6966f96d65" duration="35.056µs"
2025-01-28 23:39:56,068 INFO c.h.h.t.HelmChartContainer - [K3S] [reconciler_common.go:251] "operationExecutor.VerifyControllerAttachedVolume started for volume \"kube-api-access-9sp72\" (UniqueName: \"kubernetes.io/projected/0e4e010d-474c-42e8-9957-9f002d164d3f-kube-api-access-9sp72\") pod \"hivemq-test-hivemq-platform-operator-6966f96d65-58qlz\" (UID: \"0e4e010d-474c-42e8-9957-9f002d164d3f\") " pod="helmadditionalvolumesit-operator/hivemq-test-hivemq-platform-operator-6966f96d65-58qlz"
2025-01-28 23:39:56,351 INFO c.h.h.t.HelmChartContainer - [EVENT] Normal [Pulled] Container image "docker.io/hivemq/hivemq-platform-operator-test:snapshot" already present on machine [helmadditionalvolumesit-operator:hivemq-test-hivemq-platform-operator-6966f96d65-58qlz]
2025-01-28 23:39:56,351 INFO c.h.h.t.HelmChartContainer - Received Pulled event for container hivemq-platform-operator in pod hivemq-test-hivemq-platform-operator-6966f96d65-58qlz [0e4e010d-474c-42e8-9957-9f002d164d3f]
2025-01-28 23:39:57,586 INFO c.h.h.t.HelmChartContainer - [EVENT] Normal [Created] Created container: hivemq-platform-operator [helmadditionalvolumesit-operator:hivemq-test-hivemq-platform-operator-6966f96d65-58qlz]
2025-01-28 23:39:57,586 INFO c.h.h.t.HelmChartContainer - Received Created event for container hivemq-platform-operator in pod hivemq-test-hivemq-platform-operator-6966f96d65-58qlz [0e4e010d-474c-42e8-9957-9f002d164d3f]
2025-01-28 23:39:57,842 INFO c.h.h.t.HelmChartContainer - [POD] hivemq-test-hivemq-platform-operator-6966f96d65-58qlz [0e4e010d-474c-42e8-9957-9f002d164d3f] in helmadditionalvolumesit-operator was MODIFIED
2025-01-28 23:39:57,842 INFO c.h.h.t.HelmChartContainer - [K3S] [replica_set.go:679] "Finished syncing" kind="ReplicaSet" key="helmadditionalvolumesit-operator/hivemq-test-hivemq-platform-operator-6966f96d65" duration="42.008µs"
2025-01-28 23:39:57,854 INFO c.h.h.t.HelmChartContainer - Started log watcher for hivemq-platform-operator in pod hivemq-test-hivemq-platform-operator-6966f96d65-58qlz [0e4e010d-474c-42e8-9957-9f002d164d3f]
2025-01-28 23:39:57,854 INFO c.h.h.t.HelmChartContainer - [hivemq-test-hivemq-platform] [hivemq-platform-operator] [0e4e010d] -------------------------------------------------------------------------
2025-01-28 23:39:57,854 INFO c.h.h.t.HelmChartContainer - [hivemq-test-hivemq-platform] [hivemq-platform-operator] [0e4e010d] 
2025-01-28 23:39:57,854 INFO c.h.h.t.HelmChartContainer - [hivemq-test-hivemq-platform] [hivemq-platform-operator] [0e4e010d]                   _    _  _              __  __   ____
2025-01-28 23:39:57,854 INFO c.h.h.t.HelmChartContainer - [hivemq-test-hivemq-platform] [hivemq-platform-operator] [0e4e010d]                  | |  | |(_)            |  \/  | / __ \
2025-01-28 23:39:57,854 INFO c.h.h.t.HelmChartContainer - [hivemq-test-hivemq-platform] [hivemq-platform-operator] [0e4e010d]                  | |__| | _ __   __ ___ | \  / || |  | |
2025-01-28 23:39:57,854 INFO c.h.h.t.HelmChartContainer - [hivemq-test-hivemq-platform] [hivemq-platform-operator] [0e4e010d]                  |  __  || |\ \ / // _ \| |\/| || |  | |
2025-01-28 23:39:57,854 INFO c.h.h.t.HelmChartContainer - [hivemq-test-hivemq-platform] [hivemq-platform-operator] [0e4e010d]                  | |  | || | \ V /|  __/| |  | || |__| |
2025-01-28 23:39:57,854 INFO c.h.h.t.HelmChartContainer - [hivemq-test-hivemq-platform] [hivemq-platform-operator] [0e4e010d]                  |_|  |_||_|  \_/  \___||_|  |_| \___\_\
2025-01-28 23:39:57,854 INFO c.h.h.t.HelmChartContainer - [hivemq-test-hivemq-platform] [hivemq-platform-operator] [0e4e010d] 
2025-01-28 23:39:57,854 INFO c.h.h.t.HelmChartContainer - [hivemq-test-hivemq-platform] [hivemq-platform-operator] [0e4e010d] -------------------------------------------------------------------------
2025-01-28 23:39:57,854 INFO c.h.h.t.HelmChartContainer - [hivemq-test-hivemq-platform] [hivemq-platform-operator] [0e4e010d] 
2025-01-28 23:39:57,854 INFO c.h.h.t.HelmChartContainer - [hivemq-test-hivemq-platform] [hivemq-platform-operator] [0e4e010d]   HiveMQ Platform Operator Start Script v1.0
2025-01-28 23:39:57,854 INFO c.h.h.t.HelmChartContainer - [hivemq-test-hivemq-platform] [hivemq-platform-operator] [0e4e010d] 
2025-01-28 23:39:57,854 INFO c.h.h.t.HelmChartContainer - [hivemq-test-hivemq-platform] [hivemq-platform-operator] [0e4e010d] -------------------------------------------------------------------------
2025-01-28 23:39:57,854 INFO c.h.h.t.HelmChartContainer - [hivemq-test-hivemq-platform] [hivemq-platform-operator] [0e4e010d] 
2025-01-28 23:39:57,854 INFO c.h.h.t.HelmChartContainer - [hivemq-test-hivemq-platform] [hivemq-platform-operator] [0e4e010d]   JAVA_OPTS: -XX:+UnlockExperimentalVMOptions -XX:InitialRAMPercentage=75 -XX:MaxRAMPercentage=75 -Duser.language=en -Duser.region=US
2025-01-28 23:39:57,854 INFO c.h.h.t.HelmChartContainer - [hivemq-test-hivemq-platform] [hivemq-platform-operator] [0e4e010d] 
2025-01-28 23:39:57,854 INFO c.h.h.t.HelmChartContainer - [hivemq-test-hivemq-platform] [hivemq-platform-operator] [0e4e010d]   JAVA_VERSION: 21
2025-01-28 23:39:57,854 INFO c.h.h.t.HelmChartContainer - [hivemq-test-hivemq-platform] [hivemq-platform-operator] [0e4e010d] 
2025-01-28 23:39:57,854 INFO c.h.h.t.HelmChartContainer - [hivemq-test-hivemq-platform] [hivemq-platform-operator] [0e4e010d] -------------------------------------------------------------------------
2025-01-28 23:39:57,854 INFO c.h.h.t.HelmChartContainer - [hivemq-test-hivemq-platform] [hivemq-platform-operator] [0e4e010d] 
2025-01-28 23:39:57,854 INFO c.h.h.t.HelmChartContainer - [EVENT] Normal [Started] Started container hivemq-platform-operator [helmadditionalvolumesit-operator:hivemq-test-hivemq-platform-operator-6966f96d65-58qlz]
2025-01-28 23:39:57,855 INFO c.h.h.t.HelmChartContainer - Received Started event for container hivemq-platform-operator in pod hivemq-test-hivemq-platform-operator-6966f96d65-58qlz [0e4e010d-474c-42e8-9957-9f002d164d3f]
2025-01-28 23:40:00,923 INFO c.h.h.t.HelmChartContainer - [hivemq-test-hivemq-platform] [hivemq-platform-operator] [0e4e010d] 23:40:00.920 [main] DEBUG org.jboss.logging - Logging Provider: org.jboss.logging.Slf4jLoggerProvider
2025-01-28 23:40:01,007 INFO c.h.h.t.HelmChartContainer - [hivemq-test-hivemq-platform] [hivemq-platform-operator] [0e4e010d] 23:40:00.946 [main] DEBUG io.smallrye.config - SRCFG01006: Loaded ConfigSource SysPropConfigSource with ordinal 400
2025-01-28 23:40:01,021 INFO c.h.h.t.HelmChartContainer - [hivemq-test-hivemq-platform] [hivemq-platform-operator] [0e4e010d] 23:40:01.007 [main] DEBUG io.smallrye.config - SRCFG01006: Loaded ConfigSource EnvConfigSource with ordinal 300
2025-01-28 23:40:01,021 INFO c.h.h.t.HelmChartContainer - [hivemq-test-hivemq-platform] [hivemq-platform-operator] [0e4e010d] 23:40:01.020 [main] DEBUG io.smallrye.config - SRCFG01006: Loaded ConfigSource PropertiesConfigSource[source=jar:file:///opt/hivemq-platform-operator/bin/hivemq-platform-operator.jar!/hivemq-platform-operator.properties] with ordinal 100
2025-01-28 23:40:01,021 INFO c.h.h.t.HelmChartContainer - [hivemq-test-hivemq-platform] [hivemq-platform-operator] [0e4e010d] 23:40:01.020 [main] DEBUG io.smallrye.config - SRCFG01006: Loaded ConfigSource DefaultValuesConfigSource with ordinal -2147483648
2025-01-28 23:40:01,125 INFO c.h.h.t.HelmChartContainer - [hivemq-test-hivemq-platform] [hivemq-platform-operator] [0e4e010d] 23:40:01.124 [main] DEBUG i.m.c.u.i.l.InternalLoggerFactory - Using SLF4J as the default logging framework
2025-01-28 23:40:01,232 INFO c.h.h.t.HelmChartContainer - [hivemq-test-hivemq-platform] [hivemq-platform-operator] [0e4e010d] 23:40:01.223 [main] INFO  c.h.p.o.HiveMQPlatformOperatorApplication - HiveMQ Platform Operator 1.7.0-SNAPSHOT (commit: bebf408 on branch: HEAD) built on Sun Jan 26 20:47:47 UTC 2025
2025-01-28 23:40:01,233 INFO c.h.h.t.HelmChartContainer - [hivemq-test-hivemq-platform] [hivemq-platform-operator] [0e4e010d] 23:40:01.231 [main] INFO  c.h.p.o.HiveMQPlatformOperatorApplication - HiveMQ Platform Operator is running in namespace: helmadditionalvolumesit-operator
2025-01-28 23:40:01,233 INFO c.h.h.t.HelmChartContainer - [hivemq-test-hivemq-platform] [hivemq-platform-operator] [0e4e010d] 23:40:01.231 [main] INFO  c.h.p.o.HiveMQPlatformOperatorApplication - Watching all namespaces
2025-01-28 23:40:01,233 INFO c.h.h.t.HelmChartContainer - [hivemq-test-hivemq-platform] [hivemq-platform-operator] [0e4e010d] 23:40:01.231 [main] INFO  c.h.p.o.HiveMQPlatformOperatorApplication - Log level: DEBUG
2025-01-28 23:40:01,233 INFO c.h.h.t.HelmChartContainer - [hivemq-test-hivemq-platform] [hivemq-platform-operator] [0e4e010d] 23:40:01.231 [main] INFO  c.h.p.o.HiveMQPlatformOperatorApplication - Release name: test-hivemq-platform-operator
2025-01-28 23:40:01,233 INFO c.h.h.t.HelmChartContainer - [hivemq-test-hivemq-platform] [hivemq-platform-operator] [0e4e010d] 23:40:01.231 [main] INFO  c.h.p.o.HiveMQPlatformOperatorApplication - HiveMQ Platform Operator Init image: docker.io/hivemq/hivemq-platform-operator-init-test:snapshot
2025-01-28 23:40:01,234 INFO c.h.h.t.HelmChartContainer - [hivemq-test-hivemq-platform] [hivemq-platform-operator] [0e4e010d] 23:40:01.231 [main] INFO  c.h.p.o.HiveMQPlatformOperatorApplication - HiveMQ Platform Operator Init App update URL: http://hivemq-platform-operator-test-hivemq-platform-operator.helmadditionalvolumesit-operator.svc:8080/initAppUpdate/hivemq-platform-operator-init-app-1.7.0-SNAPSHOT.jar
2025-01-28 23:40:01,234 INFO c.h.h.t.HelmChartContainer - [hivemq-test-hivemq-platform] [hivemq-platform-operator] [0e4e010d] 23:40:01.231 [main] INFO  c.h.p.o.HiveMQPlatformOperatorApplication - Additional imagePullSecret for all Platform deployments: none
2025-01-28 23:40:01,234 INFO c.h.h.t.HelmChartContainer - [hivemq-test-hivemq-platform] [hivemq-platform-operator] [0e4e010d] 23:40:01.231 [main] INFO  c.h.p.o.HiveMQPlatformOperatorApplication - Apply HiveMQ Platform CRD: true
2025-01-28 23:40:01,234 INFO c.h.h.t.HelmChartContainer - [hivemq-test-hivemq-platform] [hivemq-platform-operator] [0e4e010d] 23:40:01.232 [main] INFO  c.h.p.o.HiveMQPlatformOperatorApplication - Create Platform ServiceAccount: true
2025-01-28 23:40:01,234 INFO c.h.h.t.HelmChartContainer - [hivemq-test-hivemq-platform] [hivemq-platform-operator] [0e4e010d] 23:40:01.232 [main] INFO  c.h.p.o.HiveMQPlatformOperatorApplication - Create Platform ServiceAccount permissions: true
2025-01-28 23:40:01,234 INFO c.h.h.t.HelmChartContainer - [hivemq-test-hivemq-platform] [hivemq-platform-operator] [0e4e010d] 23:40:01.232 [main] INFO  c.h.p.o.HiveMQPlatformOperatorApplication - Validate Platform ServiceAccount: true
2025-01-28 23:40:01,234 INFO c.h.h.t.HelmChartContainer - [hivemq-test-hivemq-platform] [hivemq-platform-operator] [0e4e010d] 23:40:01.232 [main] INFO  c.h.p.o.HiveMQPlatformOperatorApplication - Validate Platform ServiceAccount permissions: true
2025-01-28 23:40:01,433 INFO c.h.h.t.HelmChartContainer - [hivemq-test-hivemq-platform] [hivemq-platform-operator] [0e4e010d] 23:40:01.432 [main] INFO  c.h.platform.operator.util.CRDUtil - Verifying deployed HiveMQ Platform CRD...
2025-01-28 23:40:03,827 INFO c.h.h.t.HelmChartContainer - [hivemq-test-hivemq-platform] [hivemq-platform-operator] [0e4e010d] 23:40:03.826 [main] DEBUG c.h.platform.operator.util.CRDUtil - HiveMQ Platform CRD version v1 is up to date
2025-01-28 23:40:03,827 INFO c.h.h.t.HelmChartContainer - [hivemq-test-hivemq-platform] [hivemq-platform-operator] [0e4e010d] 23:40:03.826 [main] INFO  c.h.platform.operator.util.CRDUtil - HiveMQ Platform CRD is up to date (version: V1_6_0)
2025-01-28 23:40:03,827 INFO c.h.h.t.HelmChartContainer - [hivemq-test-hivemq-platform] [hivemq-platform-operator] [0e4e010d] 23:40:03.826 [main] INFO  c.h.platform.operator.util.CRDUtil - Waiting 10000 ms for HiveMQ Platform CRD 'hivemq-platforms.hivemq.com' to become ready...
2025-01-28 23:40:04,037 INFO c.h.h.t.HelmChartContainer - [hivemq-test-hivemq-platform] [hivemq-platform-operator] [0e4e010d] 23:40:04.036 [vert.x-eventloop-thread-1] DEBUG c.h.platform.operator.util.CRDUtil - Checking CRD condition 'NamesAccepted' (status: 'True')
2025-01-28 23:40:04,038 INFO c.h.h.t.HelmChartContainer - [hivemq-test-hivemq-platform] [hivemq-platform-operator] [0e4e010d] 23:40:04.036 [vert.x-eventloop-thread-1] DEBUG c.h.platform.operator.util.CRDUtil - Checking CRD condition 'Established' (status: 'True')
2025-01-28 23:40:04,121 INFO c.h.h.t.HelmChartContainer - [hivemq-test-hivemq-platform] [hivemq-platform-operator] [0e4e010d] 23:40:04.120 [main] INFO  c.h.platform.operator.util.CRDUtil - HiveMQ Platform CRD 'hivemq-platforms.hivemq.com' is ready
2025-01-28 23:40:04,239 INFO c.h.h.t.HelmChartContainer - [hivemq-test-hivemq-platform] [hivemq-platform-operator] [0e4e010d] 23:40:04.238 [main] INFO  c.h.p.o.HiveMQPlatformReconciler - HiveMQ Platform Operator is starting...
2025-01-28 23:40:04,425 INFO c.h.h.t.HelmChartContainer - [hivemq-test-hivemq-platform] [hivemq-platform-operator] [0e4e010d] 23:40:04.425 [main] WARN  Default ConfigurationService implementation - Configuration for reconciler 'hivemq-controller' was not found. Known reconcilers: None.
2025-01-28 23:40:04,433 INFO c.h.h.t.HelmChartContainer - [hivemq-test-hivemq-platform] [hivemq-platform-operator] [0e4e010d] 23:40:04.432 [main] INFO  Default ConfigurationService implementation - Created configuration for reconciler com.hivemq.platform.operator.HiveMQPlatformReconciler with name hivemq-controller
2025-01-28 23:40:04,534 INFO c.h.h.t.HelmChartContainer - [hivemq-test-hivemq-platform] [hivemq-platform-operator] [0e4e010d] 23:40:04.533 [main] DEBUG c.h.p.o.HiveMQPlatformReconciler - HiveMQ Platform Operator is preparing EventSources
2025-01-28 23:40:04,623 INFO c.h.h.t.HelmChartContainer - [hivemq-test-hivemq-platform] [hivemq-platform-operator] [0e4e010d] 23:40:04.621 [main] INFO  i.javaoperatorsdk.operator.Operator - Registered reconciler: 'hivemq-controller' for resource: 'class com.hivemq.platform.operator.v1.HiveMQPlatform' for namespace(s): [all namespaces]
2025-01-28 23:40:05,145 INFO c.h.h.t.HelmChartContainer - [hivemq-test-hivemq-platform] [hivemq-platform-operator] [0e4e010d] 23:40:05.144 [main] INFO  c.h.p.operator.webserver.JettyServer - Starting Jetty server on port 8080
2025-01-28 23:40:05,241 INFO c.h.h.t.HelmChartContainer - [hivemq-test-hivemq-platform] [hivemq-platform-operator] [0e4e010d] 23:40:05.240 [main] INFO  i.javaoperatorsdk.operator.Operator - Operator SDK 4.9.7 (commit: 2133d28) built on Wed Nov 20 12:56:20 UTC 2024 starting...
2025-01-28 23:40:05,241 INFO c.h.h.t.HelmChartContainer - [hivemq-test-hivemq-platform] [hivemq-platform-operator] [0e4e010d] 23:40:05.240 [main] INFO  i.javaoperatorsdk.operator.Operator - Client version: 6.13.4
2025-01-28 23:40:05,242 INFO c.h.h.t.HelmChartContainer - [hivemq-test-hivemq-platform] [hivemq-platform-operator] [0e4e010d] 23:40:05.242 [Controller Starter for: hivemq-controller] INFO  i.j.operator.processing.Controller - Starting 'hivemq-controller' controller for reconciler: com.hivemq.platform.operator.HiveMQPlatformReconciler, resource: com.hivemq.platform.operator.v1.HiveMQPlatform
2025-01-28 23:40:07,527 INFO c.h.h.t.HelmChartContainer - [hivemq-test-hivemq-platform] [hivemq-platform-operator] [0e4e010d] 23:40:07.525 [Controller Starter for: hivemq-controller] INFO  i.j.operator.processing.Controller - 'hivemq-controller' controller started
2025-01-28 23:40:07,528 INFO c.h.h.t.HelmChartContainer - [hivemq-test-hivemq-platform] [hivemq-platform-operator] [0e4e010d] 23:40:07.526 [main] INFO  c.h.p.o.HiveMQPlatformOperatorApplication - HiveMQ Platform Operator 1.7.0-SNAPSHOT started in 6302 ms
2025-01-28 23:40:08,849 INFO c.h.h.t.HelmChartContainer - [POD] hivemq-test-hivemq-platform-operator-6966f96d65-58qlz [0e4e010d-474c-42e8-9957-9f002d164d3f] in helmadditionalvolumesit-operator was MODIFIED
2025-01-28 23:40:08,855 INFO c.h.h.t.HelmChartContainer - [K3S] [replica_set.go:679] "Finished syncing" kind="ReplicaSet" key="helmadditionalvolumesit-operator/hivemq-test-hivemq-platform-operator-6966f96d65" duration="7.778874ms"
2025-01-28 23:40:08,856 INFO c.h.h.t.HelmChartContainer - [K3S] [replica_set.go:679] "Finished syncing" kind="ReplicaSet" key="helmadditionalvolumesit-operator/hivemq-test-hivemq-platform-operator-6966f96d65" duration="39.815µs"
2025-01-28 23:40:10,032 INFO c.h.h.t.HelmChartContainer - [EVENT] Normal [WaitForFirstConsumer] waiting for first consumer to be created before binding [helmadditionalvolumesit:test-persistent-volume-claim]
2025-01-28 23:40:10,107 DEBUG c.h.h.t.HelmChartContainer - Executing helm command: /bin/helm --kubeconfig /etc/rancher/k3s/k3s.yaml install test-hivemq-platform /charts/hivemq-platform --wait --timeout 5m0s --set image.repository=docker.io/hivemq --set image.tag=4.36.0 --set image.pullPolicy=Never --set nodes.resources.cpu=512m -f /files/additional-volumes-values.yaml --namespace helmadditionalvolumesit
2025-01-28 23:40:10,333 INFO c.h.h.t.HelmChartContainer - [hivemq-test-hivemq-platform] [hivemq-platform-operator] [0e4e010d] 23:40:10.331 [-373097727-pool-1-thread-3] WARN  i.m.p.PrometheusMeterRegistry - The meter (MeterId{name='operator.sdk.events.received', tags=[tag(action=ADDED),tag(event=ResourceEvent),tag(group=hivemq.com),tag(kind=HiveMQPlatform),tag(name=test-hivemq-platform),tag(namespace=helmadditionalvolumesit),tag(scope=namespace),tag(version=v1)]}) registration has failed: Prometheus requires that all meters with the same name have the same set of tag keys. There is already an existing meter named 'operator.sdk.events.received' containing tag keys [event, group, kind, name, namespace, scope, version]. The meter you are attempting to register has keys [action, event, group, kind, name, namespace, scope, version]. Note that subsequent logs will be logged at debug level.
2025-01-28 23:40:10,825 INFO c.h.h.t.HelmChartContainer - [hivemq-test-hivemq-platform] [hivemq-platform-operator] [0e4e010d] 23:40:10.824 [pool-6-thread-3] DEBUG c.h.p.o.dependants.PodInfoConfigMap - [helmaddi] Desired PodInfo ConfigMap (1 extensions) (1 enabled)
2025-01-28 23:40:10,826 INFO c.h.h.t.HelmChartContainer - [hivemq-test-hivemq-platform] [hivemq-platform-operator] [0e4e010d] 23:40:10.824 [pool-6-thread-3] DEBUG c.h.p.o.dependants.PodInfoConfigMap - [helmaddi] Desired PodInfo ConfigMap (metrics port: 9399) (metrics path: /)
2025-01-28 23:40:10,826 INFO c.h.h.t.HelmChartContainer - [hivemq-test-hivemq-platform] [hivemq-platform-operator] [0e4e010d] 23:40:10.824 [pool-6-thread-3] DEBUG c.h.p.o.dependants.PodInfoConfigMap - [helmaddi] Desired PodInfo ConfigMap (extension state hash: -1817474005)
2025-01-28 23:40:10,827 INFO c.h.h.t.HelmChartContainer - [hivemq-test-hivemq-platform] [hivemq-platform-operator] [0e4e010d] 23:40:10.826 [pool-6-thread-3] DEBUG c.h.p.o.dependants.PodInfoConfigMap - [helmaddi] Create PodInfo ConfigMap
2025-01-28 23:40:11,014 INFO c.h.h.t.HelmChartContainer - [hivemq-test-hivemq-platform] [hivemq-platform-operator] [0e4e010d] 23:40:11.009 [pool-6-thread-5] DEBUG c.h.p.o.dependants.PodRoleResource - [helmaddi] Create Role: Role(apiVersion=rbac.authorization.k8s.io/v1, kind=Role, metadata=ObjectMeta(annotations={meta.helm.sh/release-name=test-hivemq-platform, meta.helm.sh/release-namespace=helmadditionalvolumesit}, creationTimestamp=null, deletionGracePeriodSeconds=null, deletionTimestamp=null, finalizers=[], generateName=null, generation=null, labels={helm.sh/chart=hivemq-platform-0.2.32, app.kubernetes.io/managed-by=Helm, app.kubernetes.io/name=hivemq-platform, hivemq-platform=test-hivemq-platform, app.kubernetes.io/instance=test-hivemq-platform, app.kubernetes.io/version=4.36.0}, managedFields=[], name=hivemq-platform-role-test-hivemq-platform, namespace=helmadditionalvolumesit, ownerReferences=[OwnerReference(apiVersion=hivemq.com/v1, blockOwnerDeletion=null, controller=null, kind=HiveMQPlatform, name=test-hivemq-platform, uid=4c6af4d2-d080-42f0-89cc-48144daccae1, additionalProperties={})], resourceVersion=null, selfLink=null, uid=null, additionalProperties={}), rules=[PolicyRule(apiGroups=[], nonResourceURLs=[], resourceNames=[], resources=[pods], verbs=[get, patch, update], additionalProperties={})], additionalProperties={})
2025-01-28 23:40:11,123 INFO c.h.h.t.HelmChartContainer - [hivemq-test-hivemq-platform] [hivemq-platform-operator] [0e4e010d] 23:40:11.121 [pool-6-thread-7] DEBUG c.h.p.o.d.PodServiceAccountResource - [helmaddi] Desired PodServiceAccountResource (serviceAccountName: hivemq-platform-pod-test-hivemq-platform)
2025-01-28 23:40:11,123 INFO c.h.h.t.HelmChartContainer - [hivemq-test-hivemq-platform] [hivemq-platform-operator] [0e4e010d] 23:40:11.121 [pool-6-thread-7] DEBUG c.h.p.o.d.PodServiceAccountResource - [helmaddi] Create ServiceAccount 'hivemq-platform-pod-test-hivemq-platform'
2025-01-28 23:40:11,229 INFO c.h.h.t.HelmChartContainer - [hivemq-test-hivemq-platform] [hivemq-platform-operator] [0e4e010d] 23:40:11.228 [pool-6-thread-10] DEBUG c.h.p.o.d.PodRoleBindingResource - [helmaddi] Create RoleBinding: RoleBinding(apiVersion=rbac.authorization.k8s.io/v1, kind=RoleBinding, metadata=ObjectMeta(annotations={meta.helm.sh/release-name=test-hivemq-platform, meta.helm.sh/release-namespace=helmadditionalvolumesit}, creationTimestamp=null, deletionGracePeriodSeconds=null, deletionTimestamp=null, finalizers=[], generateName=null, generation=null, labels={helm.sh/chart=hivemq-platform-0.2.32, app.kubernetes.io/managed-by=Helm, app.kubernetes.io/name=hivemq-platform, hivemq-platform=test-hivemq-platform, app.kubernetes.io/instance=test-hivemq-platform, app.kubernetes.io/version=4.36.0}, managedFields=[], name=hivemq-platform-role-binding-test-hivemq-platform, namespace=helmadditionalvolumesit, ownerReferences=[OwnerReference(apiVersion=hivemq.com/v1, blockOwnerDeletion=null, controller=null, kind=HiveMQPlatform, name=test-hivemq-platform, uid=4c6af4d2-d080-42f0-89cc-48144daccae1, additionalProperties={})], resourceVersion=null, selfLink=null, uid=null, additionalProperties={}), roleRef=RoleRef(apiGroup=rbac.authorization.k8s.io, kind=Role, name=hivemq-platform-role-test-hivemq-platform, additionalProperties={}), subjects=[Subject(apiGroup=null, kind=ServiceAccount, name=hivemq-platform-pod-test-hivemq-platform, namespace=helmadditionalvolumesit, additionalProperties={})], additionalProperties={})
2025-01-28 23:40:11,323 INFO c.h.h.t.HelmChartContainer - [hivemq-test-hivemq-platform] [hivemq-platform-operator] [0e4e010d] 23:40:11.322 [ReconcilerExecutor-hivemq-controller-53] INFO  c.h.p.o.HiveMQPlatformReconciler - [helmaddi] Reconciling HiveMQ Platform 'test-hivemq-platform' in namespace 'helmadditionalvolumesit'
2025-01-28 23:40:11,324 INFO c.h.h.t.HelmChartContainer - [hivemq-test-hivemq-platform] [hivemq-platform-operator] [0e4e010d] 23:40:11.323 [ReconcilerExecutor-hivemq-controller-53] DEBUG c.h.p.o.HiveMQPlatformReconciler - [helmaddi] Custom Resource Status CREATED - HiveMQ Platform was created (READY)
2025-01-28 23:40:11,324 INFO c.h.h.t.HelmChartContainer - [hivemq-test-hivemq-platform] [hivemq-platform-operator] [0e4e010d] 23:40:11.323 [ReconcilerExecutor-hivemq-controller-53] DEBUG c.h.p.o.HiveMQPlatformReconciler - [helmaddi] Custom Resource Spec (replicas: 1) (extensions: 1)
2025-01-28 23:40:11,328 INFO c.h.h.t.HelmChartContainer - [hivemq-test-hivemq-platform] [hivemq-platform-operator] [0e4e010d] 23:40:11.328 [ReconcilerExecutor-hivemq-controller-53] INFO  c.h.p.o.h.HiveMQPlatformReconcilerBaseHandler - [helmaddi] HiveMQ Platform is starting
2025-01-28 23:40:11,509 INFO c.h.h.t.HelmChartContainer - [hivemq-test-hivemq-platform] [hivemq-platform-operator] [0e4e010d] 23:40:11.508 [ReconcilerExecutor-hivemq-controller-53] DEBUG c.h.p.operator.event.EventSender - [helmaddi] Creating K8s event hivemq-platform-starting: [Start] HiveMQ Platform is starting
2025-01-28 23:40:11,518 INFO c.h.h.t.HelmChartContainer - [EVENT] Normal [Start] HiveMQ Platform is starting [helmadditionalvolumesit:test-hivemq-platform]
2025-01-28 23:40:11,524 INFO c.h.h.t.HelmChartContainer - [hivemq-test-hivemq-platform] [hivemq-platform-operator] [0e4e010d] 23:40:11.523 [ReconcilerExecutor-hivemq-controller-53] INFO  c.h.p.o.h.AbstractHiveMQReconcilerStateHandler - [helmaddi] Update HiveMQ Platform Status (CREATED [READY] -> STARTING [READY]): HiveMQ Platform is starting
2025-01-28 23:40:11,618 DEBUG com.hivemq.helmcharts.util.K8sUtil - Comparing actual state 'STARTING' and waiting for 'RUNNING'
2025-01-28 23:40:21,634 INFO c.h.h.t.HelmChartContainer - [hivemq-test-hivemq-platform] [hivemq-platform-operator] [0e4e010d] 23:40:21.631 [pool-6-thread-12] DEBUG c.h.p.o.d.PlatformServiceResource - [helmaddi] Desired Platform services (3 services)
2025-01-28 23:40:21,635 INFO c.h.h.t.HelmChartContainer - [hivemq-test-hivemq-platform] [hivemq-platform-operator] [0e4e010d] 23:40:21.634 [pool-6-thread-13] DEBUG c.h.p.o.dependants.PodInfoConfigMap - [helmaddi] Desired PodInfo ConfigMap (1 extensions) (1 enabled)
2025-01-28 23:40:21,635 INFO c.h.h.t.HelmChartContainer - [hivemq-test-hivemq-platform] [hivemq-platform-operator] [0e4e010d] 23:40:21.634 [pool-6-thread-13] DEBUG c.h.p.o.dependants.PodInfoConfigMap - [helmaddi] Desired PodInfo ConfigMap (metrics port: 9399) (metrics path: /)
2025-01-28 23:40:21,636 INFO c.h.h.t.HelmChartContainer - [hivemq-test-hivemq-platform] [hivemq-platform-operator] [0e4e010d] 23:40:21.634 [pool-6-thread-13] DEBUG c.h.p.o.dependants.PodInfoConfigMap - [helmaddi] Desired PodInfo ConfigMap (extension state hash: -1817474005)
2025-01-28 23:40:21,640 INFO c.h.h.t.HelmChartContainer - [hivemq-test-hivemq-platform] [hivemq-platform-operator] [0e4e010d] 23:40:21.638 [pool-6-thread-17] DEBUG c.h.p.o.d.PodServiceAccountResource - [helmaddi] Desired PodServiceAccountResource (serviceAccountName: hivemq-platform-pod-test-hivemq-platform)
2025-01-28 23:40:21,723 INFO c.h.h.t.HelmChartContainer - [hivemq-test-hivemq-platform] [hivemq-platform-operator] [0e4e010d] 23:40:21.721 [pool-6-thread-13] DEBUG c.h.p.o.dependants.PodInfoConfigMap - [helmaddi] Update PodInfo ConfigMap
2025-01-28 23:40:21,729 INFO c.h.h.t.HelmChartContainer - [K3S] [alloc.go:330] "allocated clusterIPs" service="helmadditionalvolumesit/hivemq-test-hivemq-platform-mqtt-1883" clusterIPs={"IPv4":"10.43.67.171"}
2025-01-28 23:40:21,751 INFO c.h.h.t.HelmChartContainer - [K3S] [alloc.go:330] "allocated clusterIPs" service="helmadditionalvolumesit/hivemq-test-hivemq-platform-metrics-9399" clusterIPs={"IPv4":"10.43.123.200"}
2025-01-28 23:40:21,832 INFO c.h.h.t.HelmChartContainer - [K3S] [alloc.go:330] "allocated clusterIPs" service="helmadditionalvolumesit/hivemq-test-hivemq-platform-cc-8080" clusterIPs={"IPv4":"10.43.131.76"}
2025-01-28 23:40:21,844 INFO c.h.h.t.HelmChartContainer - [hivemq-test-hivemq-platform] [hivemq-platform-operator] [0e4e010d] 23:40:21.843 [pool-6-thread-20] DEBUG c.h.p.o.d.StatefulSetResource - [helmaddi] Desired StatefulSet (1 replicas) for status STARTING (READY)
2025-01-28 23:40:21,931 INFO c.h.h.t.HelmChartContainer - [hivemq-test-hivemq-platform] [hivemq-platform-operator] [0e4e010d] 23:40:21.930 [pool-6-thread-20] DEBUG c.h.p.o.d.StatefulSetResource - [helmaddi] Create StatefulSet
2025-01-28 23:40:21,955 INFO c.h.h.t.HelmChartContainer - [POD] test-hivemq-platform-0 [6449f51a-af5e-4c66-8210-87f5251d20e6] in helmadditionalvolumesit was ADDED
2025-01-28 23:40:21,955 INFO c.h.h.t.HelmChartContainer - [EVENT] Normal [SuccessfulCreate] create Pod test-hivemq-platform-0 in StatefulSet test-hivemq-platform successful [helmadditionalvolumesit:test-hivemq-platform]
2025-01-28 23:40:21,962 INFO c.h.h.t.HelmChartContainer - [EVENT] Normal [ExternalProvisioning] Waiting for a volume to be created either by the external provisioner 'rancher.io/local-path' or manually by the system administrator. If volume creation is delayed, please verify that the provisioner is running and correctly registered. [helmadditionalvolumesit:test-persistent-volume-claim]
2025-01-28 23:40:21,966 INFO c.h.h.t.HelmChartContainer - [EVENT] Normal [Provisioning] External provisioner is provisioning volume for claim "helmadditionalvolumesit/test-persistent-volume-claim" [helmadditionalvolumesit:test-persistent-volume-claim]
2025-01-28 23:40:21,970 INFO c.h.h.t.HelmChartContainer - [POD] helper-pod-create-pvc-325d3045-90dd-4142-8036-0d98e87fe7b7 [c7d703d5-d5a0-4e36-9447-d12cb0a30692] in kube-system was ADDED
2025-01-28 23:40:21,979 INFO c.h.h.t.HelmChartContainer - [POD] helper-pod-create-pvc-325d3045-90dd-4142-8036-0d98e87fe7b7 [c7d703d5-d5a0-4e36-9447-d12cb0a30692] in kube-system was MODIFIED
2025-01-28 23:40:22,032 INFO c.h.h.t.HelmChartContainer - [hivemq-test-hivemq-platform] [hivemq-platform-operator] [0e4e010d] 23:40:22.031 [ReconcilerExecutor-hivemq-controller-64] INFO  c.h.p.o.HiveMQPlatformReconciler - [helmaddi] Reconciling HiveMQ Platform 'test-hivemq-platform' in namespace 'helmadditionalvolumesit'
2025-01-28 23:40:22,033 INFO c.h.h.t.HelmChartContainer - [hivemq-test-hivemq-platform] [hivemq-platform-operator] [0e4e010d] 23:40:22.031 [ReconcilerExecutor-hivemq-controller-64] DEBUG c.h.p.o.HiveMQPlatformReconciler - [helmaddi] Custom Resource Status STARTING - HiveMQ Platform is starting (READY)
2025-01-28 23:40:22,033 INFO c.h.h.t.HelmChartContainer - [hivemq-test-hivemq-platform] [hivemq-platform-operator] [0e4e010d] 23:40:22.031 [ReconcilerExecutor-hivemq-controller-64] DEBUG c.h.p.o.HiveMQPlatformReconciler - [helmaddi] Custom Resource Spec (replicas: 1) (extensions: 1)
2025-01-28 23:40:22,036 INFO c.h.h.t.HelmChartContainer - [hivemq-test-hivemq-platform] [hivemq-platform-operator] [0e4e010d] 23:40:22.035 [ReconcilerExecutor-hivemq-controller-64] DEBUG c.h.p.o.HiveMQPlatformReconciler - [helmaddi] StatefulSet Status (revision: test-hivemq-platform-5d4d897885, replicas: 1, available: 0, ready: 0, current: 1, updated: 1)
2025-01-28 23:40:22,036 INFO c.h.h.t.HelmChartContainer - [hivemq-test-hivemq-platform] [hivemq-platform-operator] [0e4e010d] 23:40:22.035 [ReconcilerExecutor-hivemq-controller-64] DEBUG c.h.p.o.HiveMQPlatformReconciler - [helmaddi] StatefulSet Spec (replicas: 1, init containers: 1, containers: 1, volumes: 7)
2025-01-28 23:40:22,082 INFO c.h.h.t.HelmChartContainer - [EVENT] Normal [ExternalProvisioning] Waiting for a volume to be created either by the external provisioner 'rancher.io/local-path' or manually by the system administrator. If volume creation is delayed, please verify that the provisioner is running and correctly registered. [helmadditionalvolumesit:test-persistent-volume-claim]
2025-01-28 23:40:22,123 INFO c.h.h.t.HelmChartContainer - [K3S] [reconciler_common.go:251] "operationExecutor.VerifyControllerAttachedVolume started for volume \"kube-api-access-jc8n6\" (UniqueName: \"kubernetes.io/projected/c7d703d5-d5a0-4e36-9447-d12cb0a30692-kube-api-access-jc8n6\") pod \"helper-pod-create-pvc-325d3045-90dd-4142-8036-0d98e87fe7b7\" (UID: \"c7d703d5-d5a0-4e36-9447-d12cb0a30692\") " pod="kube-system/helper-pod-create-pvc-325d3045-90dd-4142-8036-0d98e87fe7b7"
2025-01-28 23:40:22,123 INFO c.h.h.t.HelmChartContainer - [K3S] [reconciler_common.go:251] "operationExecutor.VerifyControllerAttachedVolume started for volume \"script\" (UniqueName: \"kubernetes.io/configmap/c7d703d5-d5a0-4e36-9447-d12cb0a30692-script\") pod \"helper-pod-create-pvc-325d3045-90dd-4142-8036-0d98e87fe7b7\" (UID: \"c7d703d5-d5a0-4e36-9447-d12cb0a30692\") " pod="kube-system/helper-pod-create-pvc-325d3045-90dd-4142-8036-0d98e87fe7b7"
2025-01-28 23:40:22,123 INFO c.h.h.t.HelmChartContainer - [K3S] [reconciler_common.go:251] "operationExecutor.VerifyControllerAttachedVolume started for volume \"data\" (UniqueName: \"kubernetes.io/host-path/c7d703d5-d5a0-4e36-9447-d12cb0a30692-data\") pod \"helper-pod-create-pvc-325d3045-90dd-4142-8036-0d98e87fe7b7\" (UID: \"c7d703d5-d5a0-4e36-9447-d12cb0a30692\") " pod="kube-system/helper-pod-create-pvc-325d3045-90dd-4142-8036-0d98e87fe7b7"
2025-01-28 23:40:22,132 INFO c.h.h.t.HelmChartContainer - [hivemq-test-hivemq-platform] [hivemq-platform-operator] [0e4e010d] 23:40:22.131 [ReconcilerExecutor-hivemq-controller-64] DEBUG c.h.p.o.h.HiveMQPlatformReconcilerErrorHandler - [helmaddi] Pod 'test-hivemq-platform-0' phase Pending
2025-01-28 23:40:22,134 INFO c.h.h.t.HelmChartContainer - [hivemq-test-hivemq-platform] [hivemq-platform-operator] [0e4e010d] 23:40:22.133 [ReconcilerExecutor-hivemq-controller-64] INFO  c.h.p.o.h.HiveMQPlatformReconcilerBaseHandler - [helmaddi] HiveMQ Platform is starting, 0 of 1 replicas are ready
2025-01-28 23:40:22,230 INFO c.h.h.t.HelmChartContainer - [hivemq-test-hivemq-platform] [hivemq-platform-operator] [0e4e010d] 23:40:22.227 [pool-6-thread-22] DEBUG c.h.p.o.d.PlatformServiceResource - [helmaddi] Desired Platform services (3 services)
2025-01-28 23:40:22,230 INFO c.h.h.t.HelmChartContainer - [hivemq-test-hivemq-platform] [hivemq-platform-operator] [0e4e010d] 23:40:22.228 [pool-6-thread-23] DEBUG c.h.p.o.dependants.PodInfoConfigMap - [helmaddi] Desired PodInfo ConfigMap (1 extensions) (1 enabled)
2025-01-28 23:40:22,230 INFO c.h.h.t.HelmChartContainer - [hivemq-test-hivemq-platform] [hivemq-platform-operator] [0e4e010d] 23:40:22.228 [pool-6-thread-23] DEBUG c.h.p.o.dependants.PodInfoConfigMap - [helmaddi] Desired PodInfo ConfigMap (metrics port: 9399) (metrics path: /)
2025-01-28 23:40:22,230 INFO c.h.h.t.HelmChartContainer - [hivemq-test-hivemq-platform] [hivemq-platform-operator] [0e4e010d] 23:40:22.229 [pool-6-thread-23] DEBUG c.h.p.o.dependants.PodInfoConfigMap - [helmaddi] Desired PodInfo ConfigMap (extension state hash: -1817474005)
2025-01-28 23:40:22,235 INFO c.h.h.t.HelmChartContainer - [hivemq-test-hivemq-platform] [hivemq-platform-operator] [0e4e010d] 23:40:22.234 [pool-6-thread-27] DEBUG c.h.p.o.d.PodServiceAccountResource - [helmaddi] Desired PodServiceAccountResource (serviceAccountName: hivemq-platform-pod-test-hivemq-platform)
2025-01-28 23:40:22,330 INFO c.h.h.t.HelmChartContainer - [hivemq-test-hivemq-platform] [hivemq-platform-operator] [0e4e010d] 23:40:22.328 [pool-6-thread-30] DEBUG c.h.p.o.d.StatefulSetResource - [helmaddi] Desired StatefulSet (1 replicas) for status STARTING (READY)
2025-01-28 23:40:22,337 INFO c.h.h.t.HelmChartContainer - [hivemq-test-hivemq-platform] [hivemq-platform-operator] [0e4e010d] 23:40:22.336 [ReconcilerExecutor-hivemq-controller-76] INFO  c.h.p.o.HiveMQPlatformReconciler - [helmaddi] Reconciling HiveMQ Platform 'test-hivemq-platform' in namespace 'helmadditionalvolumesit'
2025-01-28 23:40:22,338 INFO c.h.h.t.HelmChartContainer - [hivemq-test-hivemq-platform] [hivemq-platform-operator] [0e4e010d] 23:40:22.336 [ReconcilerExecutor-hivemq-controller-76] DEBUG c.h.p.o.HiveMQPlatformReconciler - [helmaddi] Custom Resource Status STARTING - HiveMQ Platform is starting (READY)
2025-01-28 23:40:22,338 INFO c.h.h.t.HelmChartContainer - [hivemq-test-hivemq-platform] [hivemq-platform-operator] [0e4e010d] 23:40:22.336 [ReconcilerExecutor-hivemq-controller-76] DEBUG c.h.p.o.HiveMQPlatformReconciler - [helmaddi] Custom Resource Spec (replicas: 1) (extensions: 1)
2025-01-28 23:40:22,422 INFO c.h.h.t.HelmChartContainer - [hivemq-test-hivemq-platform] [hivemq-platform-operator] [0e4e010d] 23:40:22.421 [ReconcilerExecutor-hivemq-controller-76] DEBUG c.h.p.o.HiveMQPlatformReconciler - [helmaddi] StatefulSet Status (revision: test-hivemq-platform-5d4d897885, replicas: 1, available: 0, ready: 0, current: 1, updated: 1)
2025-01-28 23:40:22,423 INFO c.h.h.t.HelmChartContainer - [hivemq-test-hivemq-platform] [hivemq-platform-operator] [0e4e010d] 23:40:22.421 [ReconcilerExecutor-hivemq-controller-76] DEBUG c.h.p.o.HiveMQPlatformReconciler - [helmaddi] StatefulSet Spec (replicas: 1, init containers: 1, containers: 1, volumes: 7)
2025-01-28 23:40:22,425 INFO c.h.h.t.HelmChartContainer - [hivemq-test-hivemq-platform] [hivemq-platform-operator] [0e4e010d] 23:40:22.423 [ReconcilerExecutor-hivemq-controller-76] DEBUG c.h.p.o.h.HiveMQPlatformReconcilerErrorHandler - [helmaddi] Pod 'test-hivemq-platform-0' phase Pending
2025-01-28 23:40:22,425 INFO c.h.h.t.HelmChartContainer - [hivemq-test-hivemq-platform] [hivemq-platform-operator] [0e4e010d] 23:40:22.424 [ReconcilerExecutor-hivemq-controller-76] INFO  c.h.p.o.h.HiveMQPlatformReconcilerBaseHandler - [helmaddi] HiveMQ Platform is starting, 0 of 1 replicas are ready
2025-01-28 23:40:24,889 INFO c.h.h.t.HelmChartContainer - [POD] helper-pod-create-pvc-325d3045-90dd-4142-8036-0d98e87fe7b7 [c7d703d5-d5a0-4e36-9447-d12cb0a30692] in kube-system was MODIFIED
2025-01-28 23:40:25,945 INFO c.h.h.t.HelmChartContainer - [POD] helper-pod-create-pvc-325d3045-90dd-4142-8036-0d98e87fe7b7 [c7d703d5-d5a0-4e36-9447-d12cb0a30692] in kube-system was MODIFIED
2025-01-28 23:40:25,994 INFO c.h.h.t.HelmChartContainer - [POD] helper-pod-create-pvc-325d3045-90dd-4142-8036-0d98e87fe7b7 [c7d703d5-d5a0-4e36-9447-d12cb0a30692] in kube-system was MODIFIED
2025-01-28 23:40:25,996 INFO c.h.h.t.HelmChartContainer - [POD] helper-pod-create-pvc-325d3045-90dd-4142-8036-0d98e87fe7b7 [c7d703d5-d5a0-4e36-9447-d12cb0a30692] in kube-system was DELETED
2025-01-28 23:40:26,009 INFO c.h.h.t.HelmChartContainer - [EVENT] Normal [ProvisioningSucceeded] Successfully provisioned volume pvc-325d3045-90dd-4142-8036-0d98e87fe7b7 [helmadditionalvolumesit:test-persistent-volume-claim]
2025-01-28 23:40:26,048 INFO c.h.h.t.HelmChartContainer - [K3S] [reconciler_common.go:162] "operationExecutor.UnmountVolume started for volume \"data\" (UniqueName: \"kubernetes.io/host-path/c7d703d5-d5a0-4e36-9447-d12cb0a30692-data\") pod \"c7d703d5-d5a0-4e36-9447-d12cb0a30692\" (UID: \"c7d703d5-d5a0-4e36-9447-d12cb0a30692\") "
2025-01-28 23:40:26,048 INFO c.h.h.t.HelmChartContainer - [K3S] [reconciler_common.go:162] "operationExecutor.UnmountVolume started for volume \"kube-api-access-jc8n6\" (UniqueName: \"kubernetes.io/projected/c7d703d5-d5a0-4e36-9447-d12cb0a30692-kube-api-access-jc8n6\") pod \"c7d703d5-d5a0-4e36-9447-d12cb0a30692\" (UID: \"c7d703d5-d5a0-4e36-9447-d12cb0a30692\") "
2025-01-28 23:40:26,048 INFO c.h.h.t.HelmChartContainer - [K3S] [reconciler_common.go:162] "operationExecutor.UnmountVolume started for volume \"script\" (UniqueName: \"kubernetes.io/configmap/c7d703d5-d5a0-4e36-9447-d12cb0a30692-script\") pod \"c7d703d5-d5a0-4e36-9447-d12cb0a30692\" (UID: \"c7d703d5-d5a0-4e36-9447-d12cb0a30692\") "
2025-01-28 23:40:26,148 INFO c.h.h.t.HelmChartContainer - [K3S] [reconciler_common.go:299] "Volume detached for volume \"data\" (UniqueName: \"kubernetes.io/host-path/c7d703d5-d5a0-4e36-9447-d12cb0a30692-data\") on node \"30604870d153\" DevicePath \"\""
2025-01-28 23:40:26,148 INFO c.h.h.t.HelmChartContainer - [K3S] [reconciler_common.go:299] "Volume detached for volume \"kube-api-access-jc8n6\" (UniqueName: \"kubernetes.io/projected/c7d703d5-d5a0-4e36-9447-d12cb0a30692-kube-api-access-jc8n6\") on node \"30604870d153\" DevicePath \"\""
2025-01-28 23:40:26,148 INFO c.h.h.t.HelmChartContainer - [K3S] [reconciler_common.go:299] "Volume detached for volume \"script\" (UniqueName: \"kubernetes.io/configmap/c7d703d5-d5a0-4e36-9447-d12cb0a30692-script\") on node \"30604870d153\" DevicePath \"\""
2025-01-28 23:40:26,885 INFO c.h.h.t.HelmChartContainer - [K3S] [pod_container_deletor.go:80] "Container not found in pod's containers" containerID="bb94dcd36e9c1262f91c88ca5e949ed80368a97028b791d243966e246a2d5a6c"
2025-01-28 23:40:26,891 INFO c.h.h.t.HelmChartContainer - [K3S] [status_manager.go:890] "Failed to get status for pod" podUID="c7d703d5-d5a0-4e36-9447-d12cb0a30692" pod="kube-system/helper-pod-create-pvc-325d3045-90dd-4142-8036-0d98e87fe7b7" err="pods \"helper-pod-create-pvc-325d3045-90dd-4142-8036-0d98e87fe7b7\" is forbidden: User \"system:node:30604870d153\" cannot get resource \"pods\" in API group \"\" in the namespace \"kube-system\": no relationship found between node '30604870d153' and this object"
2025-01-28 23:40:26,962 INFO c.h.h.t.HelmChartContainer - [K3S] [memory_manager.go:355] "RemoveStaleState removing state" podUID="c7d703d5-d5a0-4e36-9447-d12cb0a30692" containerName="helper-pod"
2025-01-28 23:40:26,966 INFO c.h.h.t.HelmChartContainer - [POD] test-hivemq-platform-0 [6449f51a-af5e-4c66-8210-87f5251d20e6] in helmadditionalvolumesit was MODIFIED
2025-01-28 23:40:26,966 INFO c.h.h.t.HelmChartContainer - [K3S] [status_manager.go:890] "Failed to get status for pod" podUID="c7d703d5-d5a0-4e36-9447-d12cb0a30692" pod="kube-system/helper-pod-create-pvc-325d3045-90dd-4142-8036-0d98e87fe7b7" err="pods \"helper-pod-create-pvc-325d3045-90dd-4142-8036-0d98e87fe7b7\" is forbidden: User \"system:node:30604870d153\" cannot get resource \"pods\" in API group \"\" in the namespace \"kube-system\": no relationship found between node '30604870d153' and this object"
2025-01-28 23:40:26,969 INFO c.h.h.t.HelmChartContainer - [EVENT] Normal [Scheduled] Successfully assigned helmadditionalvolumesit/test-hivemq-platform-0 to 30604870d153 [helmadditionalvolumesit:test-hivemq-platform-0]
2025-01-28 23:40:26,979 INFO c.h.h.t.HelmChartContainer - [POD] test-hivemq-platform-0 [6449f51a-af5e-4c66-8210-87f5251d20e6] in helmadditionalvolumesit was MODIFIED
2025-01-28 23:40:26,986 INFO c.h.h.t.HelmChartContainer - [hivemq-test-hivemq-platform] [hivemq-platform-operator] [0e4e010d] 23:40:26.975 [pool-6-thread-32] DEBUG c.h.p.o.d.PlatformServiceResource - [helmaddi] Desired Platform services (3 services)
2025-01-28 23:40:26,986 INFO c.h.h.t.HelmChartContainer - [hivemq-test-hivemq-platform] [hivemq-platform-operator] [0e4e010d] 23:40:26.980 [pool-6-thread-33] DEBUG c.h.p.o.dependants.PodInfoConfigMap - [helmaddi] Desired PodInfo ConfigMap (1 extensions) (1 enabled)
2025-01-28 23:40:26,986 INFO c.h.h.t.HelmChartContainer - [hivemq-test-hivemq-platform] [hivemq-platform-operator] [0e4e010d] 23:40:26.980 [pool-6-thread-33] DEBUG c.h.p.o.dependants.PodInfoConfigMap - [helmaddi] Desired PodInfo ConfigMap (metrics port: 9399) (metrics path: /)
2025-01-28 23:40:26,986 INFO c.h.h.t.HelmChartContainer - [hivemq-test-hivemq-platform] [hivemq-platform-operator] [0e4e010d] 23:40:26.981 [pool-6-thread-33] DEBUG c.h.p.o.dependants.PodInfoConfigMap - [helmaddi] Desired PodInfo ConfigMap (extension state hash: -1817474005)
2025-01-28 23:40:26,986 INFO c.h.h.t.HelmChartContainer - [hivemq-test-hivemq-platform] [hivemq-platform-operator] [0e4e010d] 23:40:26.984 [pool-6-thread-37] DEBUG c.h.p.o.d.PodServiceAccountResource - [helmaddi] Desired PodServiceAccountResource (serviceAccountName: hivemq-platform-pod-test-hivemq-platform)
2025-01-28 23:40:27,027 INFO c.h.h.t.HelmChartContainer - [hivemq-test-hivemq-platform] [hivemq-platform-operator] [0e4e010d] 23:40:27.025 [pool-6-thread-40] DEBUG c.h.p.o.d.StatefulSetResource - [helmaddi] Desired StatefulSet (1 replicas) for status STARTING (READY)
2025-01-28 23:40:27,030 INFO c.h.h.t.HelmChartContainer - [hivemq-test-hivemq-platform] [hivemq-platform-operator] [0e4e010d] 23:40:27.029 [ReconcilerExecutor-hivemq-controller-87] INFO  c.h.p.o.HiveMQPlatformReconciler - [helmaddi] Reconciling HiveMQ Platform 'test-hivemq-platform' in namespace 'helmadditionalvolumesit'
2025-01-28 23:40:27,030 INFO c.h.h.t.HelmChartContainer - [hivemq-test-hivemq-platform] [hivemq-platform-operator] [0e4e010d] 23:40:27.030 [ReconcilerExecutor-hivemq-controller-87] DEBUG c.h.p.o.HiveMQPlatformReconciler - [helmaddi] Custom Resource Status STARTING - HiveMQ Platform is starting (READY)
2025-01-28 23:40:27,031 INFO c.h.h.t.HelmChartContainer - [hivemq-test-hivemq-platform] [hivemq-platform-operator] [0e4e010d] 23:40:27.030 [ReconcilerExecutor-hivemq-controller-87] DEBUG c.h.p.o.HiveMQPlatformReconciler - [helmaddi] Custom Resource Spec (replicas: 1) (extensions: 1)
2025-01-28 23:40:27,032 INFO c.h.h.t.HelmChartContainer - [hivemq-test-hivemq-platform] [hivemq-platform-operator] [0e4e010d] 23:40:27.031 [ReconcilerExecutor-hivemq-controller-87] DEBUG c.h.p.o.HiveMQPlatformReconciler - [helmaddi] StatefulSet Status (revision: test-hivemq-platform-5d4d897885, replicas: 1, available: 0, ready: 0, current: 1, updated: 1)
2025-01-28 23:40:27,032 INFO c.h.h.t.HelmChartContainer - [hivemq-test-hivemq-platform] [hivemq-platform-operator] [0e4e010d] 23:40:27.032 [ReconcilerExecutor-hivemq-controller-87] DEBUG c.h.p.o.HiveMQPlatformReconciler - [helmaddi] StatefulSet Spec (replicas: 1, init containers: 1, containers: 1, volumes: 7)
2025-01-28 23:40:27,037 INFO c.h.h.t.HelmChartContainer - [hivemq-test-hivemq-platform] [hivemq-platform-operator] [0e4e010d] 23:40:27.037 [ReconcilerExecutor-hivemq-controller-87] DEBUG c.h.p.o.h.HiveMQPlatformReconcilerErrorHandler - [helmaddi] Pod 'test-hivemq-platform-0' phase Pending
2025-01-28 23:40:27,038 INFO c.h.h.t.HelmChartContainer - [hivemq-test-hivemq-platform] [hivemq-platform-operator] [0e4e010d] 23:40:27.037 [ReconcilerExecutor-hivemq-controller-87] DEBUG c.h.p.o.h.HiveMQPlatformReconcilerErrorHandler - [helmaddi] Pod 'test-hivemq-platform-0' condition 'PodReadyToStartContainers': False
2025-01-28 23:40:27,038 INFO c.h.h.t.HelmChartContainer - [hivemq-test-hivemq-platform] [hivemq-platform-operator] [0e4e010d] 23:40:27.037 [ReconcilerExecutor-hivemq-controller-87] DEBUG c.h.p.o.h.HiveMQPlatformReconcilerErrorHandler - [helmaddi] Pod 'test-hivemq-platform-0' condition 'Initialized': False
2025-01-28 23:40:27,038 INFO c.h.h.t.HelmChartContainer - [hivemq-test-hivemq-platform] [hivemq-platform-operator] [0e4e010d] 23:40:27.037 [ReconcilerExecutor-hivemq-controller-87] DEBUG c.h.p.o.h.HiveMQPlatformReconcilerErrorHandler - [helmaddi] Pod 'test-hivemq-platform-0' condition 'Ready': False
2025-01-28 23:40:27,038 INFO c.h.h.t.HelmChartContainer - [hivemq-test-hivemq-platform] [hivemq-platform-operator] [0e4e010d] 23:40:27.037 [ReconcilerExecutor-hivemq-controller-87] DEBUG c.h.p.o.h.HiveMQPlatformReconcilerErrorHandler - [helmaddi] Pod 'test-hivemq-platform-0' condition 'ContainersReady': False
2025-01-28 23:40:27,038 INFO c.h.h.t.HelmChartContainer - [hivemq-test-hivemq-platform] [hivemq-platform-operator] [0e4e010d] 23:40:27.037 [ReconcilerExecutor-hivemq-controller-87] DEBUG c.h.p.o.h.HiveMQPlatformReconcilerErrorHandler - [helmaddi] Pod 'test-hivemq-platform-0' condition 'PodScheduled': True
2025-01-28 23:40:27,039 INFO c.h.h.t.HelmChartContainer - [hivemq-test-hivemq-platform] [hivemq-platform-operator] [0e4e010d] 23:40:27.038 [ReconcilerExecutor-hivemq-controller-87] DEBUG c.h.p.o.h.HiveMQPlatformReconcilerErrorHandler - [helmaddi] Pod 'test-hivemq-platform-0' containerStatus 'hivemq' (started: false) (ready: false) (waiting: [PodInitializing] null)
2025-01-28 23:40:27,040 INFO c.h.h.t.HelmChartContainer - [hivemq-test-hivemq-platform] [hivemq-platform-operator] [0e4e010d] 23:40:27.039 [ReconcilerExecutor-hivemq-controller-87] INFO  c.h.p.o.h.HiveMQPlatformReconcilerBaseHandler - [helmaddi] HiveMQ Platform is starting, 0 of 1 replicas are ready
2025-01-28 23:40:27,053 INFO c.h.h.t.HelmChartContainer - [K3S] [reconciler_common.go:251] "operationExecutor.VerifyControllerAttachedVolume started for volume \"pod-info\" (UniqueName: \"kubernetes.io/configmap/6449f51a-af5e-4c66-8210-87f5251d20e6-pod-info\") pod \"test-hivemq-platform-0\" (UID: \"6449f51a-af5e-4c66-8210-87f5251d20e6\") " pod="helmadditionalvolumesit/test-hivemq-platform-0"
2025-01-28 23:40:27,054 INFO c.h.h.t.HelmChartContainer - [K3S] [reconciler_common.go:251] "operationExecutor.VerifyControllerAttachedVolume started for volume \"operator-init\" (UniqueName: \"kubernetes.io/empty-dir/6449f51a-af5e-4c66-8210-87f5251d20e6-operator-init\") pod \"test-hivemq-platform-0\" (UID: \"6449f51a-af5e-4c66-8210-87f5251d20e6\") " pod="helmadditionalvolumesit/test-hivemq-platform-0"
2025-01-28 23:40:27,054 INFO c.h.h.t.HelmChartContainer - [K3S] [reconciler_common.go:251] "operationExecutor.VerifyControllerAttachedVolume started for volume \"test-secret-volume\" (UniqueName: \"kubernetes.io/secret/6449f51a-af5e-4c66-8210-87f5251d20e6-test-secret-volume\") pod \"test-hivemq-platform-0\" (UID: \"6449f51a-af5e-4c66-8210-87f5251d20e6\") " pod="helmadditionalvolumesit/test-hivemq-platform-0"
2025-01-28 23:40:27,054 INFO c.h.h.t.HelmChartContainer - [K3S] [reconciler_common.go:251] "operationExecutor.VerifyControllerAttachedVolume started for volume \"kube-api-access-sxbzt\" (UniqueName: \"kubernetes.io/projected/6449f51a-af5e-4c66-8210-87f5251d20e6-kube-api-access-sxbzt\") pod \"test-hivemq-platform-0\" (UID: \"6449f51a-af5e-4c66-8210-87f5251d20e6\") " pod="helmadditionalvolumesit/test-hivemq-platform-0"
2025-01-28 23:40:27,054 INFO c.h.h.t.HelmChartContainer - [K3S] [reconciler_common.go:251] "operationExecutor.VerifyControllerAttachedVolume started for volume \"test-empty-dir-volume\" (UniqueName: \"kubernetes.io/empty-dir/6449f51a-af5e-4c66-8210-87f5251d20e6-test-empty-dir-volume\") pod \"test-hivemq-platform-0\" (UID: \"6449f51a-af5e-4c66-8210-87f5251d20e6\") " pod="helmadditionalvolumesit/test-hivemq-platform-0"
2025-01-28 23:40:27,054 INFO c.h.h.t.HelmChartContainer - [K3S] [reconciler_common.go:251] "operationExecutor.VerifyControllerAttachedVolume started for volume \"pvc-325d3045-90dd-4142-8036-0d98e87fe7b7\" (UniqueName: \"kubernetes.io/local-volume/pvc-325d3045-90dd-4142-8036-0d98e87fe7b7\") pod \"test-hivemq-platform-0\" (UID: \"6449f51a-af5e-4c66-8210-87f5251d20e6\") " pod="helmadditionalvolumesit/test-hivemq-platform-0"
2025-01-28 23:40:27,054 INFO c.h.h.t.HelmChartContainer - [K3S] [reconciler_common.go:251] "operationExecutor.VerifyControllerAttachedVolume started for volume \"test-mount-volume\" (UniqueName: \"kubernetes.io/configmap/6449f51a-af5e-4c66-8210-87f5251d20e6-test-mount-volume\") pod \"test-hivemq-platform-0\" (UID: \"6449f51a-af5e-4c66-8210-87f5251d20e6\") " pod="helmadditionalvolumesit/test-hivemq-platform-0"
2025-01-28 23:40:27,054 INFO c.h.h.t.HelmChartContainer - [K3S] [reconciler_common.go:251] "operationExecutor.VerifyControllerAttachedVolume started for volume \"broker-configuration\" (UniqueName: \"kubernetes.io/configmap/6449f51a-af5e-4c66-8210-87f5251d20e6-broker-configuration\") pod \"test-hivemq-platform-0\" (UID: \"6449f51a-af5e-4c66-8210-87f5251d20e6\") " pod="helmadditionalvolumesit/test-hivemq-platform-0"
2025-01-28 23:40:27,128 INFO c.h.h.t.HelmChartContainer - [hivemq-test-hivemq-platform] [hivemq-platform-operator] [0e4e010d] 23:40:27.125 [pool-6-thread-42] DEBUG c.h.p.o.d.PlatformServiceResource - [helmaddi] Desired Platform services (3 services)
2025-01-28 23:40:27,129 INFO c.h.h.t.HelmChartContainer - [hivemq-test-hivemq-platform] [hivemq-platform-operator] [0e4e010d] 23:40:27.126 [pool-6-thread-43] DEBUG c.h.p.o.dependants.PodInfoConfigMap - [helmaddi] Desired PodInfo ConfigMap (1 extensions) (1 enabled)
2025-01-28 23:40:27,129 INFO c.h.h.t.HelmChartContainer - [hivemq-test-hivemq-platform] [hivemq-platform-operator] [0e4e010d] 23:40:27.126 [pool-6-thread-43] DEBUG c.h.p.o.dependants.PodInfoConfigMap - [helmaddi] Desired PodInfo ConfigMap (metrics port: 9399) (metrics path: /)
2025-01-28 23:40:27,129 INFO c.h.h.t.HelmChartContainer - [hivemq-test-hivemq-platform] [hivemq-platform-operator] [0e4e010d] 23:40:27.126 [pool-6-thread-43] DEBUG c.h.p.o.dependants.PodInfoConfigMap - [helmaddi] Desired PodInfo ConfigMap (extension state hash: -1817474005)
2025-01-28 23:40:27,132 INFO c.h.h.t.HelmChartContainer - [hivemq-test-hivemq-platform] [hivemq-platform-operator] [0e4e010d] 23:40:27.130 [pool-6-thread-47] DEBUG c.h.p.o.d.PodServiceAccountResource - [helmaddi] Desired PodServiceAccountResource (serviceAccountName: hivemq-platform-pod-test-hivemq-platform)
2025-01-28 23:40:27,135 INFO c.h.h.t.HelmChartContainer - [hivemq-test-hivemq-platform] [hivemq-platform-operator] [0e4e010d] 23:40:27.135 [pool-6-thread-49] DEBUG c.h.p.o.d.StatefulSetResource - [helmaddi] Desired StatefulSet (1 replicas) for status STARTING (READY)
2025-01-28 23:40:27,184 INFO c.h.h.t.HelmChartContainer - [K3S] [kubelet_volumes.go:163] "Cleaned up orphaned pod volumes dir" podUID="c7d703d5-d5a0-4e36-9447-d12cb0a30692" path="/var/lib/kubelet/pods/c7d703d5-d5a0-4e36-9447-d12cb0a30692/volumes"
2025-01-28 23:40:27,222 INFO c.h.h.t.HelmChartContainer - [hivemq-test-hivemq-platform] [hivemq-platform-operator] [0e4e010d] 23:40:27.221 [ReconcilerExecutor-hivemq-controller-98] INFO  c.h.p.o.HiveMQPlatformReconciler - [helmaddi] Reconciling HiveMQ Platform 'test-hivemq-platform' in namespace 'helmadditionalvolumesit'
2025-01-28 23:40:27,222 INFO c.h.h.t.HelmChartContainer - [hivemq-test-hivemq-platform] [hivemq-platform-operator] [0e4e010d] 23:40:27.221 [ReconcilerExecutor-hivemq-controller-98] DEBUG c.h.p.o.HiveMQPlatformReconciler - [helmaddi] Custom Resource Status STARTING - HiveMQ Platform is starting (READY)
2025-01-28 23:40:27,223 INFO c.h.h.t.HelmChartContainer - [hivemq-test-hivemq-platform] [hivemq-platform-operator] [0e4e010d] 23:40:27.221 [ReconcilerExecutor-hivemq-controller-98] DEBUG c.h.p.o.HiveMQPlatformReconciler - [helmaddi] Custom Resource Spec (replicas: 1) (extensions: 1)
2025-01-28 23:40:27,225 INFO c.h.h.t.HelmChartContainer - [hivemq-test-hivemq-platform] [hivemq-platform-operator] [0e4e010d] 23:40:27.224 [ReconcilerExecutor-hivemq-controller-98] DEBUG c.h.p.o.HiveMQPlatformReconciler - [helmaddi] StatefulSet Status (revision: test-hivemq-platform-5d4d897885, replicas: 1, available: 0, ready: 0, current: 1, updated: 1)
2025-01-28 23:40:27,225 INFO c.h.h.t.HelmChartContainer - [hivemq-test-hivemq-platform] [hivemq-platform-operator] [0e4e010d] 23:40:27.224 [ReconcilerExecutor-hivemq-controller-98] DEBUG c.h.p.o.HiveMQPlatformReconciler - [helmaddi] StatefulSet Spec (replicas: 1, init containers: 1, containers: 1, volumes: 7)
2025-01-28 23:40:27,226 INFO c.h.h.t.HelmChartContainer - [hivemq-test-hivemq-platform] [hivemq-platform-operator] [0e4e010d] 23:40:27.226 [ReconcilerExecutor-hivemq-controller-98] DEBUG c.h.p.o.h.HiveMQPlatformReconcilerErrorHandler - [helmaddi] Pod 'test-hivemq-platform-0' phase Pending
2025-01-28 23:40:27,227 INFO c.h.h.t.HelmChartContainer - [hivemq-test-hivemq-platform] [hivemq-platform-operator] [0e4e010d] 23:40:27.226 [ReconcilerExecutor-hivemq-controller-98] DEBUG c.h.p.o.h.HiveMQPlatformReconcilerErrorHandler - [helmaddi] Pod 'test-hivemq-platform-0' condition 'PodReadyToStartContainers': False
2025-01-28 23:40:27,228 INFO c.h.h.t.HelmChartContainer - [hivemq-test-hivemq-platform] [hivemq-platform-operator] [0e4e010d] 23:40:27.226 [ReconcilerExecutor-hivemq-controller-98] DEBUG c.h.p.o.h.HiveMQPlatformReconcilerErrorHandler - [helmaddi] Pod 'test-hivemq-platform-0' condition 'Initialized': False
2025-01-28 23:40:27,228 INFO c.h.h.t.HelmChartContainer - [hivemq-test-hivemq-platform] [hivemq-platform-operator] [0e4e010d] 23:40:27.226 [ReconcilerExecutor-hivemq-controller-98] DEBUG c.h.p.o.h.HiveMQPlatformReconcilerErrorHandler - [helmaddi] Pod 'test-hivemq-platform-0' condition 'Ready': False
2025-01-28 23:40:27,228 INFO c.h.h.t.HelmChartContainer - [hivemq-test-hivemq-platform] [hivemq-platform-operator] [0e4e010d] 23:40:27.227 [ReconcilerExecutor-hivemq-controller-98] DEBUG c.h.p.o.h.HiveMQPlatformReconcilerErrorHandler - [helmaddi] Pod 'test-hivemq-platform-0' condition 'ContainersReady': False
2025-01-28 23:40:27,229 INFO c.h.h.t.HelmChartContainer - [hivemq-test-hivemq-platform] [hivemq-platform-operator] [0e4e010d] 23:40:27.227 [ReconcilerExecutor-hivemq-controller-98] DEBUG c.h.p.o.h.HiveMQPlatformReconcilerErrorHandler - [helmaddi] Pod 'test-hivemq-platform-0' condition 'PodScheduled': True
2025-01-28 23:40:27,229 INFO c.h.h.t.HelmChartContainer - [hivemq-test-hivemq-platform] [hivemq-platform-operator] [0e4e010d] 23:40:27.227 [ReconcilerExecutor-hivemq-controller-98] DEBUG c.h.p.o.h.HiveMQPlatformReconcilerErrorHandler - [helmaddi] Pod 'test-hivemq-platform-0' containerStatus 'hivemq' (started: false) (ready: false) (waiting: [PodInitializing] null)
2025-01-28 23:40:27,229 INFO c.h.h.t.HelmChartContainer - [hivemq-test-hivemq-platform] [hivemq-platform-operator] [0e4e010d] 23:40:27.229 [ReconcilerExecutor-hivemq-controller-98] INFO  c.h.p.o.h.HiveMQPlatformReconcilerBaseHandler - [helmaddi] HiveMQ Platform is starting, 0 of 1 replicas are ready
2025-01-28 23:40:27,349 INFO c.h.h.t.HelmChartContainer - [EVENT] Normal [Pulled] Container image "docker.io/hivemq/hivemq-platform-operator-init-test:snapshot" already present on machine [helmadditionalvolumesit:test-hivemq-platform-0]
2025-01-28 23:40:27,457 INFO c.h.h.t.HelmChartContainer - [EVENT] Normal [Created] Created container: hivemq-platform-operator-init [helmadditionalvolumesit:test-hivemq-platform-0]
2025-01-28 23:40:27,491 INFO c.h.h.t.HelmChartContainer - [EVENT] Normal [Started] Started container hivemq-platform-operator-init [helmadditionalvolumesit:test-hivemq-platform-0]
2025-01-28 23:40:27,892 INFO c.h.h.t.HelmChartContainer - [EVENT] Normal [Pulled] Container image "docker.io/hivemq/hivemq4:4.36.0" already present on machine [helmadditionalvolumesit:test-hivemq-platform-0]
2025-01-28 23:40:27,892 INFO c.h.h.t.HelmChartContainer - Received Pulled event for container hivemq in pod test-hivemq-platform-0 [6449f51a-af5e-4c66-8210-87f5251d20e6]
2025-01-28 23:40:27,906 INFO c.h.h.t.HelmChartContainer - [POD] test-hivemq-platform-0 [6449f51a-af5e-4c66-8210-87f5251d20e6] in helmadditionalvolumesit was MODIFIED
2025-01-28 23:40:27,931 INFO c.h.h.t.HelmChartContainer - [hivemq-test-hivemq-platform] [hivemq-platform-operator] [0e4e010d] 23:40:27.907 [pool-6-thread-8] DEBUG c.h.p.o.d.PlatformServiceResource - [helmaddi] Desired Platform services (3 services)
2025-01-28 23:40:27,932 INFO c.h.h.t.HelmChartContainer - [hivemq-test-hivemq-platform] [hivemq-platform-operator] [0e4e010d] 23:40:27.910 [pool-6-thread-9] DEBUG c.h.p.o.dependants.PodInfoConfigMap - [helmaddi] Desired PodInfo ConfigMap (1 extensions) (1 enabled)
2025-01-28 23:40:27,932 INFO c.h.h.t.HelmChartContainer - [hivemq-test-hivemq-platform] [hivemq-platform-operator] [0e4e010d] 23:40:27.910 [pool-6-thread-9] DEBUG c.h.p.o.dependants.PodInfoConfigMap - [helmaddi] Desired PodInfo ConfigMap (metrics port: 9399) (metrics path: /)
2025-01-28 23:40:27,932 INFO c.h.h.t.HelmChartContainer - [hivemq-test-hivemq-platform] [hivemq-platform-operator] [0e4e010d] 23:40:27.910 [pool-6-thread-9] DEBUG c.h.p.o.dependants.PodInfoConfigMap - [helmaddi] Desired PodInfo ConfigMap (extension state hash: -1817474005)
2025-01-28 23:40:27,932 INFO c.h.h.t.HelmChartContainer - [hivemq-test-hivemq-platform] [hivemq-platform-operator] [0e4e010d] 23:40:27.919 [pool-6-thread-3] DEBUG c.h.p.o.d.PodServiceAccountResource - [helmaddi] Desired PodServiceAccountResource (serviceAccountName: hivemq-platform-pod-test-hivemq-platform)
2025-01-28 23:40:27,941 INFO c.h.h.t.HelmChartContainer - [hivemq-test-hivemq-platform] [hivemq-platform-operator] [0e4e010d] 23:40:27.932 [pool-6-thread-8] DEBUG c.h.p.o.d.StatefulSetResource - [helmaddi] Desired StatefulSet (1 replicas) for status STARTING (READY)
2025-01-28 23:40:28,012 INFO c.h.h.t.HelmChartContainer - [hivemq-test-hivemq-platform] [hivemq-platform-operator] [0e4e010d] 23:40:28.008 [ReconcilerExecutor-hivemq-controller-109] INFO  c.h.p.o.HiveMQPlatformReconciler - [helmaddi] Reconciling HiveMQ Platform 'test-hivemq-platform' in namespace 'helmadditionalvolumesit'
2025-01-28 23:40:28,014 INFO c.h.h.t.HelmChartContainer - [hivemq-test-hivemq-platform] [hivemq-platform-operator] [0e4e010d] 23:40:28.008 [ReconcilerExecutor-hivemq-controller-109] DEBUG c.h.p.o.HiveMQPlatformReconciler - [helmaddi] Custom Resource Status STARTING - HiveMQ Platform is starting (READY)
2025-01-28 23:40:28,014 INFO c.h.h.t.HelmChartContainer - [hivemq-test-hivemq-platform] [hivemq-platform-operator] [0e4e010d] 23:40:28.008 [ReconcilerExecutor-hivemq-controller-109] DEBUG c.h.p.o.HiveMQPlatformReconciler - [helmaddi] Custom Resource Spec (replicas: 1) (extensions: 1)
2025-01-28 23:40:28,014 INFO c.h.h.t.HelmChartContainer - [hivemq-test-hivemq-platform] [hivemq-platform-operator] [0e4e010d] 23:40:28.011 [ReconcilerExecutor-hivemq-controller-109] DEBUG c.h.p.o.HiveMQPlatformReconciler - [helmaddi] StatefulSet Status (revision: test-hivemq-platform-5d4d897885, replicas: 1, available: 0, ready: 0, current: 1, updated: 1)
2025-01-28 23:40:28,014 INFO c.h.h.t.HelmChartContainer - [hivemq-test-hivemq-platform] [hivemq-platform-operator] [0e4e010d] 23:40:28.011 [ReconcilerExecutor-hivemq-controller-109] DEBUG c.h.p.o.HiveMQPlatformReconciler - [helmaddi] StatefulSet Spec (replicas: 1, init containers: 1, containers: 1, volumes: 7)
2025-01-28 23:40:28,017 INFO c.h.h.t.HelmChartContainer - [hivemq-test-hivemq-platform] [hivemq-platform-operator] [0e4e010d] 23:40:28.014 [ReconcilerExecutor-hivemq-controller-109] DEBUG c.h.p.o.h.HiveMQPlatformReconcilerErrorHandler - [helmaddi] Pod 'test-hivemq-platform-0' phase Pending
2025-01-28 23:40:28,017 INFO c.h.h.t.HelmChartContainer - [hivemq-test-hivemq-platform] [hivemq-platform-operator] [0e4e010d] 23:40:28.015 [ReconcilerExecutor-hivemq-controller-109] DEBUG c.h.p.o.h.HiveMQPlatformReconcilerErrorHandler - [helmaddi] Pod 'test-hivemq-platform-0' condition 'PodReadyToStartContainers': True
2025-01-28 23:40:28,017 INFO c.h.h.t.HelmChartContainer - [hivemq-test-hivemq-platform] [hivemq-platform-operator] [0e4e010d] 23:40:28.015 [ReconcilerExecutor-hivemq-controller-109] DEBUG c.h.p.o.h.HiveMQPlatformReconcilerErrorHandler - [helmaddi] Pod 'test-hivemq-platform-0' condition 'Initialized': True
2025-01-28 23:40:28,017 INFO c.h.h.t.HelmChartContainer - [hivemq-test-hivemq-platform] [hivemq-platform-operator] [0e4e010d] 23:40:28.015 [ReconcilerExecutor-hivemq-controller-109] DEBUG c.h.p.o.h.HiveMQPlatformReconcilerErrorHandler - [helmaddi] Pod 'test-hivemq-platform-0' condition 'Ready': False
2025-01-28 23:40:28,017 INFO c.h.h.t.HelmChartContainer - [hivemq-test-hivemq-platform] [hivemq-platform-operator] [0e4e010d] 23:40:28.015 [ReconcilerExecutor-hivemq-controller-109] DEBUG c.h.p.o.h.HiveMQPlatformReconcilerErrorHandler - [helmaddi] Pod 'test-hivemq-platform-0' condition 'ContainersReady': False
2025-01-28 23:40:28,017 INFO c.h.h.t.HelmChartContainer - [hivemq-test-hivemq-platform] [hivemq-platform-operator] [0e4e010d] 23:40:28.015 [ReconcilerExecutor-hivemq-controller-109] DEBUG c.h.p.o.h.HiveMQPlatformReconcilerErrorHandler - [helmaddi] Pod 'test-hivemq-platform-0' condition 'PodScheduled': True
2025-01-28 23:40:28,017 INFO c.h.h.t.HelmChartContainer - [hivemq-test-hivemq-platform] [hivemq-platform-operator] [0e4e010d] 23:40:28.015 [ReconcilerExecutor-hivemq-controller-109] DEBUG c.h.p.o.h.HiveMQPlatformReconcilerErrorHandler - [helmaddi] Pod 'test-hivemq-platform-0' containerStatus 'hivemq' (started: false) (ready: false) (waiting: [PodInitializing] null)
2025-01-28 23:40:28,017 INFO c.h.h.t.HelmChartContainer - [hivemq-test-hivemq-platform] [hivemq-platform-operator] [0e4e010d] 23:40:28.016 [ReconcilerExecutor-hivemq-controller-109] INFO  c.h.p.o.h.HiveMQPlatformReconcilerBaseHandler - [helmaddi] HiveMQ Platform is starting, 0 of 1 replicas are ready
2025-01-28 23:40:28,966 INFO c.h.h.t.HelmChartContainer - [EVENT] Normal [Created] Created container: hivemq [helmadditionalvolumesit:test-hivemq-platform-0]
2025-01-28 23:40:28,967 INFO c.h.h.t.HelmChartContainer - Received Created event for container hivemq in pod test-hivemq-platform-0 [6449f51a-af5e-4c66-8210-87f5251d20e6]
2025-01-28 23:40:29,903 INFO c.h.h.t.HelmChartContainer - [POD] test-hivemq-platform-0 [6449f51a-af5e-4c66-8210-87f5251d20e6] in helmadditionalvolumesit was MODIFIED
2025-01-28 23:40:29,914 INFO c.h.h.t.HelmChartContainer - [hivemq-test-hivemq-platform] [hivemq-platform-operator] [0e4e010d] 23:40:29.911 [pool-6-thread-16] DEBUG c.h.p.o.d.PlatformServiceResource - [helmaddi] Desired Platform services (3 services)
2025-01-28 23:40:29,922 INFO c.h.h.t.HelmChartContainer - [hivemq-test-hivemq-platform] [hivemq-platform-operator] [0e4e010d] 23:40:29.915 [pool-6-thread-15] DEBUG c.h.p.o.dependants.PodInfoConfigMap - [helmaddi] Desired PodInfo ConfigMap (1 extensions) (1 enabled)
2025-01-28 23:40:29,922 INFO c.h.h.t.HelmChartContainer - [hivemq-test-hivemq-platform] [hivemq-platform-operator] [0e4e010d] 23:40:29.916 [pool-6-thread-15] DEBUG c.h.p.o.dependants.PodInfoConfigMap - [helmaddi] Desired PodInfo ConfigMap (metrics port: 9399) (metrics path: /)
2025-01-28 23:40:29,922 INFO c.h.h.t.HelmChartContainer - [hivemq-test-hivemq-platform] [hivemq-platform-operator] [0e4e010d] 23:40:29.916 [pool-6-thread-15] DEBUG c.h.p.o.dependants.PodInfoConfigMap - [helmaddi] Desired PodInfo ConfigMap (extension state hash: -1817474005)
2025-01-28 23:40:29,922 INFO c.h.h.t.HelmChartContainer - [hivemq-test-hivemq-platform] [hivemq-platform-operator] [0e4e010d] 23:40:29.918 [pool-6-thread-15] DEBUG c.h.p.o.d.PodServiceAccountResource - [helmaddi] Desired PodServiceAccountResource (serviceAccountName: hivemq-platform-pod-test-hivemq-platform)
2025-01-28 23:40:29,926 INFO c.h.h.t.HelmChartContainer - Started log watcher for hivemq in pod test-hivemq-platform-0 [6449f51a-af5e-4c66-8210-87f5251d20e6]
2025-01-28 23:40:29,926 INFO c.h.h.t.HelmChartContainer - [EVENT] Normal [Started] Started container hivemq [helmadditionalvolumesit:test-hivemq-platform-0]
2025-01-28 23:40:29,928 INFO c.h.h.t.HelmChartContainer - Received Started event for container hivemq in pod test-hivemq-platform-0 [6449f51a-af5e-4c66-8210-87f5251d20e6]
2025-01-28 23:40:29,928 INFO c.h.h.t.HelmChartContainer - [test-hivemq-platform] [hivemq] [6449f51a] Adding pre-installed HiveMQ Platform Operator extensions
2025-01-28 23:40:29,928 INFO c.h.h.t.HelmChartContainer - [test-hivemq-platform] [hivemq] [6449f51a] Running as user 10000
2025-01-28 23:40:29,928 INFO c.h.h.t.HelmChartContainer - [test-hivemq-platform] [hivemq] [6449f51a] Starting HiveMQ Platform Operator Init
2025-01-28 23:40:29,930 INFO c.h.h.t.HelmChartContainer - [hivemq-test-hivemq-platform] [hivemq-platform-operator] [0e4e010d] 23:40:29.928 [pool-6-thread-16] DEBUG c.h.p.o.d.StatefulSetResource - [helmaddi] Desired StatefulSet (1 replicas) for status STARTING (READY)
2025-01-28 23:40:29,938 INFO c.h.h.t.HelmChartContainer - [hivemq-test-hivemq-platform] [hivemq-platform-operator] [0e4e010d] 23:40:29.936 [ReconcilerExecutor-hivemq-controller-110] INFO  c.h.p.o.HiveMQPlatformReconciler - [helmaddi] Reconciling HiveMQ Platform 'test-hivemq-platform' in namespace 'helmadditionalvolumesit'
2025-01-28 23:40:29,938 INFO c.h.h.t.HelmChartContainer - [hivemq-test-hivemq-platform] [hivemq-platform-operator] [0e4e010d] 23:40:29.936 [ReconcilerExecutor-hivemq-controller-110] DEBUG c.h.p.o.HiveMQPlatformReconciler - [helmaddi] Custom Resource Status STARTING - HiveMQ Platform is starting (READY)
2025-01-28 23:40:29,938 INFO c.h.h.t.HelmChartContainer - [hivemq-test-hivemq-platform] [hivemq-platform-operator] [0e4e010d] 23:40:29.936 [ReconcilerExecutor-hivemq-controller-110] DEBUG c.h.p.o.HiveMQPlatformReconciler - [helmaddi] Custom Resource Spec (replicas: 1) (extensions: 1)
2025-01-28 23:40:29,939 INFO c.h.h.t.HelmChartContainer - [hivemq-test-hivemq-platform] [hivemq-platform-operator] [0e4e010d] 23:40:29.938 [ReconcilerExecutor-hivemq-controller-110] DEBUG c.h.p.o.HiveMQPlatformReconciler - [helmaddi] StatefulSet Status (revision: test-hivemq-platform-5d4d897885, replicas: 1, available: 0, ready: 0, current: 1, updated: 1)
2025-01-28 23:40:29,940 INFO c.h.h.t.HelmChartContainer - [hivemq-test-hivemq-platform] [hivemq-platform-operator] [0e4e010d] 23:40:29.939 [ReconcilerExecutor-hivemq-controller-110] DEBUG c.h.p.o.HiveMQPlatformReconciler - [helmaddi] StatefulSet Spec (replicas: 1, init containers: 1, containers: 1, volumes: 7)
2025-01-28 23:40:29,945 INFO c.h.h.t.HelmChartContainer - [hivemq-test-hivemq-platform] [hivemq-platform-operator] [0e4e010d] 23:40:29.944 [ReconcilerExecutor-hivemq-controller-110] DEBUG c.h.p.o.h.HiveMQPlatformReconcilerErrorHandler - [helmaddi] Pod 'test-hivemq-platform-0' phase Running
2025-01-28 23:40:29,946 INFO c.h.h.t.HelmChartContainer - [hivemq-test-hivemq-platform] [hivemq-platform-operator] [0e4e010d] 23:40:29.946 [ReconcilerExecutor-hivemq-controller-110] INFO  c.h.p.o.h.HiveMQPlatformReconcilerBaseHandler - [helmaddi] HiveMQ Platform is starting, 0 of 1 replicas are ready
2025-01-28 23:40:30,321 INFO c.h.h.t.HelmChartContainer - [test-hivemq-platform] [hivemq] [6449f51a] INFO  - [HiveMQ Platform Operator Init 1.7.0-SNAPSHOT] HiveMQ Platform Operator Init 1.7.0-SNAPSHOT (commit: bebf408 on branch: HEAD) built on Sun Jan 26 20:47:47 UTC 2025
2025-01-28 23:40:31,404 INFO c.h.h.t.HelmChartContainer - [K3S] [scope.go:117] "RemoveContainer" containerID="17f07a720c334bad8a1fd9fa4200e7d954e1b2f7f4eca94b911ac19279c19d0f"
2025-01-28 23:40:31,509 INFO c.h.h.t.HelmChartContainer - [test-hivemq-platform] [hivemq] [6449f51a] INFO  - [HiveMQ Platform Operator Init App 1.7.0-SNAPSHOT] Using bind address 10.42.0.18 from environment variable
2025-01-28 23:40:32,426 INFO c.h.h.t.HelmChartContainer - [test-hivemq-platform] [hivemq] [6449f51a] INFO  - [HiveMQ Platform Operator Init App 1.7.0-SNAPSHOT] HiveMQ Platform Operator Init App 1.7.0-SNAPSHOT (commit: bebf408 on branch: HEAD) built on Sun Jan 26 20:47:47 UTC 2025
2025-01-28 23:40:32,426 INFO c.h.h.t.HelmChartContainer - [test-hivemq-platform] [hivemq] [6449f51a] INFO  - [HiveMQ Platform Operator Init App 1.7.0-SNAPSHOT] PodInfo ConfigMap directory: /etc/podinfo
2025-01-28 23:40:32,426 INFO c.h.h.t.HelmChartContainer - [test-hivemq-platform] [hivemq] [6449f51a] INFO  - [HiveMQ Platform Operator Init App 1.7.0-SNAPSHOT] HiveMQ home directory: /opt/hivemq
2025-01-28 23:40:32,426 INFO c.h.h.t.HelmChartContainer - [test-hivemq-platform] [hivemq] [6449f51a] INFO  - [HiveMQ Platform Operator Init App 1.7.0-SNAPSHOT] HiveMQ Logback folder: /opt/hivemq/conf
2025-01-28 23:40:32,426 INFO c.h.h.t.HelmChartContainer - [test-hivemq-platform] [hivemq] [6449f51a] INFO  - [HiveMQ Platform Operator Init App 1.7.0-SNAPSHOT] HiveMQ Config folder: /opt/hivemq/conf-k8s
2025-01-28 23:40:32,427 INFO c.h.h.t.HelmChartContainer - [test-hivemq-platform] [hivemq] [6449f51a] INFO  - [HiveMQ Platform Operator Init App 1.7.0-SNAPSHOT] Starting HiveMQ Platform Operator Init App
2025-01-28 23:40:32,427 INFO c.h.h.t.HelmChartContainer - [test-hivemq-platform] [hivemq] [6449f51a] INFO  - [HiveMQ Platform Operator Init App 1.7.0-SNAPSHOT] Starting Pod reconciler
2025-01-28 23:40:33,519 INFO c.h.h.t.HelmChartContainer - [test-hivemq-platform] [hivemq] [6449f51a] INFO  - [HiveMQ Platform Operator Init App 1.7.0-SNAPSHOT] Pod reconciler is scheduled (interval: 5000 ms)
2025-01-28 23:40:33,520 INFO c.h.h.t.HelmChartContainer - [test-hivemq-platform] [hivemq] [6449f51a] INFO  - [HiveMQ Platform Operator Init App 1.7.0-SNAPSHOT] Starting the REST API on 10.42.0.18:7979
2025-01-28 23:40:33,522 INFO c.h.h.t.HelmChartContainer - [test-hivemq-platform] [hivemq] [6449f51a] INFO  - [HiveMQ Platform Operator Init App 1.7.0-SNAPSHOT] Waiting up to 600s for at most 1 HiveMQ nodes in cluster service hivemq-test-hivemq-platform-cluster.helmadditionalvolumesit.svc
2025-01-28 23:40:33,920 INFO c.h.h.t.HelmChartContainer - [test-hivemq-platform] [hivemq] [6449f51a] INFO  - [HiveMQ Platform Operator Init App 1.7.0-SNAPSHOT] Resolved 1 IP addresses: [10.42.0.18]
2025-01-28 23:40:33,921 INFO c.h.h.t.HelmChartContainer - [test-hivemq-platform] [hivemq] [6449f51a] INFO  - [HiveMQ Platform Operator Init App 1.7.0-SNAPSHOT] HiveMQ node count of 1 is within threshold of 1
2025-01-28 23:40:33,921 INFO c.h.h.t.HelmChartContainer - [test-hivemq-platform] [hivemq] [6449f51a] INFO  - [HiveMQ Platform Operator Init App 1.7.0-SNAPSHOT] Proceeding with container start
2025-01-28 23:40:33,946 INFO c.h.h.t.HelmChartContainer - [test-hivemq-platform] [hivemq] [6449f51a] INFO  - [HiveMQ Platform Operator Init App 1.7.0-SNAPSHOT] Initializing HiveMQ Platform extensions with initial configuration: {hivemq-allow-all-extension={start-priority=-1, skip-https-hostname-verification=false, restart=true, config-version=0, header-version=0, c-uri=, priority=-1, uri=preinstalled, skip-https-certificate-validation=false, enabled=true}, hivemq-prometheus-extension={restart=true, priority=-1, start-priority=-1, c-uri=, skip-https-hostname-verification=false, skip-https-certificate-validation=false, uri=preinstalled, request-header-path=no-request-headers, enabled=true}}
2025-01-28 23:40:34,428 INFO c.h.h.t.HelmChartContainer - [test-hivemq-platform] [hivemq] [6449f51a] INFO  - [HiveMQ Platform Operator Init App 1.7.0-SNAPSHOT] Extension hivemq-allow-all-extension was already enabled
2025-01-28 23:40:34,504 INFO c.h.h.t.HelmChartContainer - [test-hivemq-platform] [hivemq] [6449f51a] INFO  - [HiveMQ Platform Operator Init App 1.7.0-SNAPSHOT] Successfully enabled extension hivemq-prometheus-extension
2025-01-28 23:40:34,505 INFO c.h.h.t.HelmChartContainer - [test-hivemq-platform] [hivemq] [6449f51a] INFO  - [HiveMQ Platform Operator Init App 1.7.0-SNAPSHOT] Starting HiveMQ Platform version 4.36.0 (4.36.0)
2025-01-28 23:40:34,505 INFO c.h.h.t.HelmChartContainer - [test-hivemq-platform] [hivemq] [6449f51a] INFO  - [HiveMQ Platform Operator Init App 1.7.0-SNAPSHOT] Configuring the HiveMQ Platform
2025-01-28 23:40:34,525 INFO c.h.h.t.HelmChartContainer - [test-hivemq-platform] [hivemq] [6449f51a] INFO  - [HiveMQ Platform Operator Init App 1.7.0-SNAPSHOT] Changed logback.xml file scan period to 20 seconds
2025-01-28 23:40:34,619 INFO c.h.h.t.HelmChartContainer - [test-hivemq-platform] [hivemq] [6449f51a] INFO  - [HiveMQ Platform Operator Init App 1.7.0-SNAPSHOT] Starting the HiveMQ Platform
2025-01-28 23:40:34,623 INFO c.h.h.t.HelmChartContainer - [test-hivemq-platform] [hivemq] [6449f51a] -------------------------------------------------------------------------
2025-01-28 23:40:34,623 INFO c.h.h.t.HelmChartContainer - [test-hivemq-platform] [hivemq] [6449f51a] 
2025-01-28 23:40:34,623 INFO c.h.h.t.HelmChartContainer - [test-hivemq-platform] [hivemq] [6449f51a]                   _    _  _              __  __   ____
2025-01-28 23:40:34,623 INFO c.h.h.t.HelmChartContainer - [test-hivemq-platform] [hivemq] [6449f51a]                  | |  | |(_)            |  \/  | / __ \
2025-01-28 23:40:34,623 INFO c.h.h.t.HelmChartContainer - [test-hivemq-platform] [hivemq] [6449f51a]                  | |__| | _ __   __ ___ | \  / || |  | |
2025-01-28 23:40:34,623 INFO c.h.h.t.HelmChartContainer - [test-hivemq-platform] [hivemq] [6449f51a]                  |  __  || |\ \ / // _ \| |\/| || |  | |
2025-01-28 23:40:34,623 INFO c.h.h.t.HelmChartContainer - [test-hivemq-platform] [hivemq] [6449f51a]                  | |  | || | \ V /|  __/| |  | || |__| |
2025-01-28 23:40:34,623 INFO c.h.h.t.HelmChartContainer - [test-hivemq-platform] [hivemq] [6449f51a]                  |_|  |_||_|  \_/  \___||_|  |_| \___\_\
2025-01-28 23:40:34,623 INFO c.h.h.t.HelmChartContainer - [test-hivemq-platform] [hivemq] [6449f51a] 
2025-01-28 23:40:34,623 INFO c.h.h.t.HelmChartContainer - [test-hivemq-platform] [hivemq] [6449f51a] -------------------------------------------------------------------------
2025-01-28 23:40:34,623 INFO c.h.h.t.HelmChartContainer - [test-hivemq-platform] [hivemq] [6449f51a] 
2025-01-28 23:40:34,623 INFO c.h.h.t.HelmChartContainer - [test-hivemq-platform] [hivemq] [6449f51a]   HiveMQ Start Script for Linux/Unix v1.14
2025-01-28 23:40:34,624 INFO c.h.h.t.HelmChartContainer - [test-hivemq-platform] [hivemq] [6449f51a] 
2025-01-28 23:40:34,709 INFO c.h.h.t.HelmChartContainer - [test-hivemq-platform] [hivemq] [6449f51a] -------------------------------------------------------------------------
2025-01-28 23:40:34,709 INFO c.h.h.t.HelmChartContainer - [test-hivemq-platform] [hivemq] [6449f51a] 
2025-01-28 23:40:34,709 INFO c.h.h.t.HelmChartContainer - [test-hivemq-platform] [hivemq] [6449f51a]   HIVEMQ_HOME: /opt/hivemq
2025-01-28 23:40:34,709 INFO c.h.h.t.HelmChartContainer - [test-hivemq-platform] [hivemq] [6449f51a] 
2025-01-28 23:40:34,709 INFO c.h.h.t.HelmChartContainer - [test-hivemq-platform] [hivemq] [6449f51a]   JAVA_OPTS: -XX:+UnlockExperimentalVMOptions -XX:InitialRAMPercentage=50 -XX:MaxRAMPercentage=50 -Djava.net.preferIPv4Stack=true --add-opens java.base/java.lang=ALL-UNNAMED --add-opens java.base/java.nio=ALL-UNNAMED --add-opens java.base/sun.nio.ch=ALL-UNNAMED --add-opens jdk.management/com.sun.management.internal=ALL-UNNAMED --add-exports java.base/jdk.internal.misc=ALL-UNNAMED -Djava.security.egd=file:/dev/./urandom -Dcom.sun.management.jmxremote -Dcom.sun.management.jmxremote.port=9010 -Dcom.sun.management.jmxremote.local.only=false -Dcom.sun.management.jmxremote.authenticate=false -Dcom.sun.management.jmxremote.ssl=false -Duser.language=en -Duser.region=US -XX:+CrashOnOutOfMemoryError -XX:+HeapDumpOnOutOfMemoryError
2025-01-28 23:40:34,709 INFO c.h.h.t.HelmChartContainer - [test-hivemq-platform] [hivemq] [6449f51a] 
2025-01-28 23:40:34,709 INFO c.h.h.t.HelmChartContainer - [test-hivemq-platform] [hivemq] [6449f51a]   JAVA_VERSION: 21
2025-01-28 23:40:34,709 INFO c.h.h.t.HelmChartContainer - [test-hivemq-platform] [hivemq] [6449f51a] 
2025-01-28 23:40:34,709 INFO c.h.h.t.HelmChartContainer - [test-hivemq-platform] [hivemq] [6449f51a] -------------------------------------------------------------------------
2025-01-28 23:40:34,709 INFO c.h.h.t.HelmChartContainer - [test-hivemq-platform] [hivemq] [6449f51a] 
2025-01-28 23:40:35,924 INFO c.h.h.t.HelmChartContainer - [test-hivemq-platform] [hivemq] [6449f51a] INFO  - [HiveMQ Platform Operator Init App 1.7.0-SNAPSHOT] Returning default Health API response 503 for readiness
2025-01-28 23:40:36,225 INFO c.h.h.t.HelmChartContainer - [EVENT] Warning [Unhealthy] Readiness probe failed: HTTP probe failed with statuscode: 503 [helmadditionalvolumesit:test-hivemq-platform-0]
2025-01-28 23:40:36,225 INFO c.h.h.t.HelmChartContainer - Received Unhealthy event for container hivemq in pod test-hivemq-platform-0 [6449f51a-af5e-4c66-8210-87f5251d20e6]
2025-01-28 23:40:37,321 INFO c.h.h.t.HelmChartContainer - [test-hivemq-platform] [hivemq] [6449f51a] INFO  - Starting HiveMQ Enterprise Server
2025-01-28 23:40:37,327 INFO c.h.h.t.HelmChartContainer - [test-hivemq-platform] [hivemq] [6449f51a] INFO  - HiveMQ version: 4.36.0
2025-01-28 23:40:37,328 INFO c.h.h.t.HelmChartContainer - [test-hivemq-platform] [hivemq] [6449f51a] INFO  - HiveMQ home directory: /opt/hivemq
2025-01-28 23:40:37,328 INFO c.h.h.t.HelmChartContainer - [test-hivemq-platform] [hivemq] [6449f51a] INFO  - Log Configuration was overridden by /opt/hivemq/conf/logback.xml
2025-01-28 23:40:38,602 INFO c.h.h.t.HelmChartContainer - [test-hivemq-platform] [hivemq] [6449f51a] INFO  - Successfully loaded configuration from '/opt/hivemq/conf-k8s/config.xml'.
2025-01-28 23:40:39,215 INFO c.h.h.t.HelmChartContainer - [K3S] [range_allocator.go:247] "Successfully synced" key="30604870d153"
2025-01-28 23:40:39,219 INFO c.h.h.t.HelmChartContainer - [test-hivemq-platform] [hivemq] [6449f51a] INFO  - This node's ID is 9hN53
2025-01-28 23:40:39,222 INFO c.h.h.t.HelmChartContainer - [test-hivemq-platform] [hivemq] [6449f51a] INFO  - Clustering is enabled
2025-01-28 23:40:39,955 INFO c.h.h.t.HelmChartContainer - [hivemq-test-hivemq-platform] [hivemq-platform-operator] [0e4e010d] 23:40:39.951 [pool-6-thread-22] DEBUG c.h.p.o.d.PlatformServiceResource - [helmaddi] Desired Platform services (3 services)
2025-01-28 23:40:39,956 INFO c.h.h.t.HelmChartContainer - [hivemq-test-hivemq-platform] [hivemq-platform-operator] [0e4e010d] 23:40:39.951 [pool-6-thread-26] DEBUG c.h.p.o.dependants.PodInfoConfigMap - [helmaddi] Desired PodInfo ConfigMap (1 extensions) (1 enabled)
2025-01-28 23:40:39,956 INFO c.h.h.t.HelmChartContainer - [hivemq-test-hivemq-platform] [hivemq-platform-operator] [0e4e010d] 23:40:39.952 [pool-6-thread-26] DEBUG c.h.p.o.dependants.PodInfoConfigMap - [helmaddi] Desired PodInfo ConfigMap (metrics port: 9399) (metrics path: /)
2025-01-28 23:40:39,956 INFO c.h.h.t.HelmChartContainer - [hivemq-test-hivemq-platform] [hivemq-platform-operator] [0e4e010d] 23:40:39.952 [pool-6-thread-26] DEBUG c.h.p.o.dependants.PodInfoConfigMap - [helmaddi] Desired PodInfo ConfigMap (extension state hash: -1817474005)
2025-01-28 23:40:39,956 INFO c.h.h.t.HelmChartContainer - [hivemq-test-hivemq-platform] [hivemq-platform-operator] [0e4e010d] 23:40:39.953 [pool-6-thread-26] DEBUG c.h.p.o.d.PodServiceAccountResource - [helmaddi] Desired PodServiceAccountResource (serviceAccountName: hivemq-platform-pod-test-hivemq-platform)
2025-01-28 23:40:39,958 INFO c.h.h.t.HelmChartContainer - [hivemq-test-hivemq-platform] [hivemq-platform-operator] [0e4e010d] 23:40:39.957 [pool-6-thread-22] DEBUG c.h.p.o.d.StatefulSetResource - [helmaddi] Desired StatefulSet (1 replicas) for status STARTING (READY)
2025-01-28 23:40:39,963 INFO c.h.h.t.HelmChartContainer - [hivemq-test-hivemq-platform] [hivemq-platform-operator] [0e4e010d] 23:40:39.963 [ReconcilerExecutor-hivemq-controller-111] INFO  c.h.p.o.HiveMQPlatformReconciler - [helmaddi] Reconciling HiveMQ Platform 'test-hivemq-platform' in namespace 'helmadditionalvolumesit'
2025-01-28 23:40:39,964 INFO c.h.h.t.HelmChartContainer - [hivemq-test-hivemq-platform] [hivemq-platform-operator] [0e4e010d] 23:40:39.963 [ReconcilerExecutor-hivemq-controller-111] DEBUG c.h.p.o.HiveMQPlatformReconciler - [helmaddi] Custom Resource Status STARTING - HiveMQ Platform is starting (READY)
2025-01-28 23:40:39,965 INFO c.h.h.t.HelmChartContainer - [hivemq-test-hivemq-platform] [hivemq-platform-operator] [0e4e010d] 23:40:39.963 [ReconcilerExecutor-hivemq-controller-111] DEBUG c.h.p.o.HiveMQPlatformReconciler - [helmaddi] Custom Resource Spec (replicas: 1) (extensions: 1)
2025-01-28 23:40:39,966 INFO c.h.h.t.HelmChartContainer - [hivemq-test-hivemq-platform] [hivemq-platform-operator] [0e4e010d] 23:40:39.965 [ReconcilerExecutor-hivemq-controller-111] DEBUG c.h.p.o.HiveMQPlatformReconciler - [helmaddi] StatefulSet Status (revision: test-hivemq-platform-5d4d897885, replicas: 1, available: 0, ready: 0, current: 1, updated: 1)
2025-01-28 23:40:40,024 INFO c.h.h.t.HelmChartContainer - [hivemq-test-hivemq-platform] [hivemq-platform-operator] [0e4e010d] 23:40:39.965 [ReconcilerExecutor-hivemq-controller-111] DEBUG c.h.p.o.HiveMQPlatformReconciler - [helmaddi] StatefulSet Spec (replicas: 1, init containers: 1, containers: 1, volumes: 7)
2025-01-28 23:40:40,025 INFO c.h.h.t.HelmChartContainer - [hivemq-test-hivemq-platform] [hivemq-platform-operator] [0e4e010d] 23:40:40.024 [ReconcilerExecutor-hivemq-controller-111] DEBUG c.h.p.o.h.HiveMQPlatformReconcilerErrorHandler - [helmaddi] Pod 'test-hivemq-platform-0' phase Running
2025-01-28 23:40:40,027 INFO c.h.h.t.HelmChartContainer - [hivemq-test-hivemq-platform] [hivemq-platform-operator] [0e4e010d] 23:40:40.025 [ReconcilerExecutor-hivemq-controller-111] INFO  c.h.p.o.h.HiveMQPlatformReconcilerBaseHandler - [helmaddi] HiveMQ Platform is starting, 0 of 1 replicas are ready
2025-01-28 23:40:41,304 INFO c.h.h.t.HelmChartContainer - [test-hivemq-platform] [hivemq] [6449f51a] WARN  - [HiveMQ Platform Operator Init App 1.7.0-SNAPSHOT] Cannot connect to Health API for readiness: null
2025-01-28 23:40:41,309 INFO c.h.h.t.HelmChartContainer - [EVENT] Warning [Unhealthy] Readiness probe failed: HTTP probe failed with statuscode: 503 [helmadditionalvolumesit:test-hivemq-platform-0]
2025-01-28 23:40:41,309 INFO c.h.h.t.HelmChartContainer - Received Unhealthy event for container hivemq in pod test-hivemq-platform-0 [6449f51a-af5e-4c66-8210-87f5251d20e6]
2025-01-28 23:40:43,905 INFO c.h.h.t.HelmChartContainer - [test-hivemq-platform] [hivemq] [6449f51a] Jan 28, 2025 11:40:43 PM io.vertx.core.impl.BlockedThreadChecker
2025-01-28 23:40:43,905 INFO c.h.h.t.HelmChartContainer - [test-hivemq-platform] [hivemq] [6449f51a] WARNING: Thread Thread[vert.x-eventloop-thread-1,5,main] has been blocked for 2419 ms, time limit is 2000 ms
2025-01-28 23:40:44,205 INFO c.h.h.t.HelmChartContainer - [test-hivemq-platform] [hivemq] [6449f51a] INFO  - [HiveMQ Platform Operator Init App 1.7.0-SNAPSHOT] Updating Pod HiveMQ Platform Operator Init App version annotation (version: 1.7.0-SNAPSHOT)
2025-01-28 23:40:45,223 INFO c.h.h.t.HelmChartContainer - [POD] test-hivemq-platform-0 [6449f51a-af5e-4c66-8210-87f5251d20e6] in helmadditionalvolumesit was MODIFIED
2025-01-28 23:40:45,236 INFO c.h.h.t.HelmChartContainer - [hivemq-test-hivemq-platform] [hivemq-platform-operator] [0e4e010d] 23:40:45.233 [pool-6-thread-31] DEBUG c.h.p.o.d.PlatformServiceResource - [helmaddi] Desired Platform services (3 services)
2025-01-28 23:40:45,236 INFO c.h.h.t.HelmChartContainer - [hivemq-test-hivemq-platform] [hivemq-platform-operator] [0e4e010d] 23:40:45.235 [pool-6-thread-32] DEBUG c.h.p.o.dependants.PodInfoConfigMap - [helmaddi] Desired PodInfo ConfigMap (1 extensions) (1 enabled)
2025-01-28 23:40:45,241 INFO c.h.h.t.HelmChartContainer - [hivemq-test-hivemq-platform] [hivemq-platform-operator] [0e4e010d] 23:40:45.239 [pool-6-thread-37] DEBUG c.h.p.o.d.PodServiceAccountResource - [helmaddi] Desired PodServiceAccountResource (serviceAccountName: hivemq-platform-pod-test-hivemq-platform)
2025-01-28 23:40:45,241 INFO c.h.h.t.HelmChartContainer - [hivemq-test-hivemq-platform] [hivemq-platform-operator] [0e4e010d] 23:40:45.240 [pool-6-thread-32] DEBUG c.h.p.o.dependants.PodInfoConfigMap - [helmaddi] Desired PodInfo ConfigMap (metrics port: 9399) (metrics path: /)
2025-01-28 23:40:45,241 INFO c.h.h.t.HelmChartContainer - [hivemq-test-hivemq-platform] [hivemq-platform-operator] [0e4e010d] 23:40:45.240 [pool-6-thread-32] DEBUG c.h.p.o.dependants.PodInfoConfigMap - [helmaddi] Desired PodInfo ConfigMap (extension state hash: -1817474005)
2025-01-28 23:40:45,255 INFO c.h.h.t.HelmChartContainer - [hivemq-test-hivemq-platform] [hivemq-platform-operator] [0e4e010d] 23:40:45.253 [pool-6-thread-31] DEBUG c.h.p.o.d.StatefulSetResource - [helmaddi] Desired StatefulSet (1 replicas) for status STARTING (READY)
2025-01-28 23:40:45,303 INFO c.h.h.t.HelmChartContainer - [test-hivemq-platform] [hivemq] [6449f51a] INFO  - [HiveMQ Platform Operator Init App 1.7.0-SNAPSHOT] Successfully updated Pod HiveMQ Platform Operator Init App version annotation (version: 1.7.0-SNAPSHOT)
2025-01-28 23:40:45,306 INFO c.h.h.t.HelmChartContainer - [test-hivemq-platform] [hivemq] [6449f51a] WARN  - [HiveMQ Platform Operator Init App 1.7.0-SNAPSHOT] Cannot connect to Health API for readiness: null
2025-01-28 23:40:45,311 INFO c.h.h.t.HelmChartContainer - [EVENT] Warning [Unhealthy] Readiness probe failed: HTTP probe failed with statuscode: 503 [helmadditionalvolumesit:test-hivemq-platform-0]
2025-01-28 23:40:45,311 INFO c.h.h.t.HelmChartContainer - Received Unhealthy event for container hivemq in pod test-hivemq-platform-0 [6449f51a-af5e-4c66-8210-87f5251d20e6]
2025-01-28 23:40:45,326 INFO c.h.h.t.HelmChartContainer - [hivemq-test-hivemq-platform] [hivemq-platform-operator] [0e4e010d] 23:40:45.322 [ReconcilerExecutor-hivemq-controller-112] INFO  c.h.p.o.HiveMQPlatformReconciler - [helmaddi] Reconciling HiveMQ Platform 'test-hivemq-platform' in namespace 'helmadditionalvolumesit'
2025-01-28 23:40:45,326 INFO c.h.h.t.HelmChartContainer - [hivemq-test-hivemq-platform] [hivemq-platform-operator] [0e4e010d] 23:40:45.323 [ReconcilerExecutor-hivemq-controller-112] DEBUG c.h.p.o.HiveMQPlatformReconciler - [helmaddi] Custom Resource Status STARTING - HiveMQ Platform is starting (READY)
2025-01-28 23:40:45,326 INFO c.h.h.t.HelmChartContainer - [hivemq-test-hivemq-platform] [hivemq-platform-operator] [0e4e010d] 23:40:45.323 [ReconcilerExecutor-hivemq-controller-112] DEBUG c.h.p.o.HiveMQPlatformReconciler - [helmaddi] Custom Resource Spec (replicas: 1) (extensions: 1)
2025-01-28 23:40:45,327 INFO c.h.h.t.HelmChartContainer - [hivemq-test-hivemq-platform] [hivemq-platform-operator] [0e4e010d] 23:40:45.325 [ReconcilerExecutor-hivemq-controller-112] DEBUG c.h.p.o.HiveMQPlatformReconciler - [helmaddi] StatefulSet Status (revision: test-hivemq-platform-5d4d897885, replicas: 1, available: 0, ready: 0, current: 1, updated: 1)
2025-01-28 23:40:45,327 INFO c.h.h.t.HelmChartContainer - [hivemq-test-hivemq-platform] [hivemq-platform-operator] [0e4e010d] 23:40:45.325 [ReconcilerExecutor-hivemq-controller-112] DEBUG c.h.p.o.HiveMQPlatformReconciler - [helmaddi] StatefulSet Spec (replicas: 1, init containers: 1, containers: 1, volumes: 7)
2025-01-28 23:40:45,330 INFO c.h.h.t.HelmChartContainer - [hivemq-test-hivemq-platform] [hivemq-platform-operator] [0e4e010d] 23:40:45.329 [ReconcilerExecutor-hivemq-controller-112] DEBUG c.h.p.o.h.HiveMQPlatformReconcilerErrorHandler - [helmaddi] Pod 'test-hivemq-platform-0' phase Running
2025-01-28 23:40:45,332 INFO c.h.h.t.HelmChartContainer - [hivemq-test-hivemq-platform] [hivemq-platform-operator] [0e4e010d] 23:40:45.331 [ReconcilerExecutor-hivemq-controller-112] INFO  c.h.p.o.h.HiveMQPlatformReconcilerBaseHandler - [helmaddi] HiveMQ Platform is starting, 0 of 1 replicas are ready
2025-01-28 23:40:50,231 INFO c.h.h.t.HelmChartContainer - [test-hivemq-platform] [hivemq] [6449f51a] WARN  - [HiveMQ Platform Operator Init App 1.7.0-SNAPSHOT] Cannot connect to Health API for readiness: null
2025-01-28 23:40:50,238 INFO c.h.h.t.HelmChartContainer - [EVENT] Warning [Unhealthy] Readiness probe failed: HTTP probe failed with statuscode: 503 [helmadditionalvolumesit:test-hivemq-platform-0]
2025-01-28 23:40:50,238 INFO c.h.h.t.HelmChartContainer - Received Unhealthy event for container hivemq in pod test-hivemq-platform-0 [6449f51a-af5e-4c66-8210-87f5251d20e6]
2025-01-28 23:40:55,303 INFO c.h.h.t.HelmChartContainer - [test-hivemq-platform] [hivemq] [6449f51a] WARN  - [HiveMQ Platform Operator Init App 1.7.0-SNAPSHOT] Cannot connect to Health API for readiness: null
2025-01-28 23:40:55,307 INFO c.h.h.t.HelmChartContainer - [EVENT] Warning [Unhealthy] Readiness probe failed: HTTP probe failed with statuscode: 503 [helmadditionalvolumesit:test-hivemq-platform-0]
2025-01-28 23:40:55,307 INFO c.h.h.t.HelmChartContainer - Received Unhealthy event for container hivemq in pod test-hivemq-platform-0 [6449f51a-af5e-4c66-8210-87f5251d20e6]
2025-01-28 23:40:55,338 INFO c.h.h.t.HelmChartContainer - [hivemq-test-hivemq-platform] [hivemq-platform-operator] [0e4e010d] 23:40:55.336 [pool-6-thread-47] DEBUG c.h.p.o.d.PlatformServiceResource - [helmaddi] Desired Platform services (3 services)
2025-01-28 23:40:55,341 INFO c.h.h.t.HelmChartContainer - [hivemq-test-hivemq-platform] [hivemq-platform-operator] [0e4e010d] 23:40:55.339 [pool-6-thread-46] DEBUG c.h.p.o.dependants.PodInfoConfigMap - [helmaddi] Desired PodInfo ConfigMap (1 extensions) (1 enabled)
2025-01-28 23:40:55,342 INFO c.h.h.t.HelmChartContainer - [hivemq-test-hivemq-platform] [hivemq-platform-operator] [0e4e010d] 23:40:55.339 [pool-6-thread-46] DEBUG c.h.p.o.dependants.PodInfoConfigMap - [helmaddi] Desired PodInfo ConfigMap (metrics port: 9399) (metrics path: /)
2025-01-28 23:40:55,342 INFO c.h.h.t.HelmChartContainer - [hivemq-test-hivemq-platform] [hivemq-platform-operator] [0e4e010d] 23:40:55.339 [pool-6-thread-46] DEBUG c.h.p.o.dependants.PodInfoConfigMap - [helmaddi] Desired PodInfo ConfigMap (extension state hash: -1817474005)
2025-01-28 23:40:55,342 INFO c.h.h.t.HelmChartContainer - [hivemq-test-hivemq-platform] [hivemq-platform-operator] [0e4e010d] 23:40:55.340 [pool-6-thread-42] DEBUG c.h.p.o.d.PodServiceAccountResource - [helmaddi] Desired PodServiceAccountResource (serviceAccountName: hivemq-platform-pod-test-hivemq-platform)
2025-01-28 23:40:55,345 INFO c.h.h.t.HelmChartContainer - [hivemq-test-hivemq-platform] [hivemq-platform-operator] [0e4e010d] 23:40:55.344 [pool-6-thread-46] DEBUG c.h.p.o.d.StatefulSetResource - [helmaddi] Desired StatefulSet (1 replicas) for status STARTING (READY)
2025-01-28 23:40:55,427 INFO c.h.h.t.HelmChartContainer - [hivemq-test-hivemq-platform] [hivemq-platform-operator] [0e4e010d] 23:40:55.425 [ReconcilerExecutor-hivemq-controller-113] INFO  c.h.p.o.HiveMQPlatformReconciler - [helmaddi] Reconciling HiveMQ Platform 'test-hivemq-platform' in namespace 'helmadditionalvolumesit'
2025-01-28 23:40:55,427 INFO c.h.h.t.HelmChartContainer - [hivemq-test-hivemq-platform] [hivemq-platform-operator] [0e4e010d] 23:40:55.425 [ReconcilerExecutor-hivemq-controller-113] DEBUG c.h.p.o.HiveMQPlatformReconciler - [helmaddi] Custom Resource Status STARTING - HiveMQ Platform is starting (READY)
2025-01-28 23:40:55,427 INFO c.h.h.t.HelmChartContainer - [hivemq-test-hivemq-platform] [hivemq-platform-operator] [0e4e010d] 23:40:55.425 [ReconcilerExecutor-hivemq-controller-113] DEBUG c.h.p.o.HiveMQPlatformReconciler - [helmaddi] Custom Resource Spec (replicas: 1) (extensions: 1)
2025-01-28 23:40:55,430 INFO c.h.h.t.HelmChartContainer - [hivemq-test-hivemq-platform] [hivemq-platform-operator] [0e4e010d] 23:40:55.428 [ReconcilerExecutor-hivemq-controller-113] DEBUG c.h.p.o.HiveMQPlatformReconciler - [helmaddi] StatefulSet Status (revision: test-hivemq-platform-5d4d897885, replicas: 1, available: 0, ready: 0, current: 1, updated: 1)
2025-01-28 23:40:55,431 INFO c.h.h.t.HelmChartContainer - [hivemq-test-hivemq-platform] [hivemq-platform-operator] [0e4e010d] 23:40:55.428 [ReconcilerExecutor-hivemq-controller-113] DEBUG c.h.p.o.HiveMQPlatformReconciler - [helmaddi] StatefulSet Spec (replicas: 1, init containers: 1, containers: 1, volumes: 7)
2025-01-28 23:40:55,431 INFO c.h.h.t.HelmChartContainer - [hivemq-test-hivemq-platform] [hivemq-platform-operator] [0e4e010d] 23:40:55.430 [ReconcilerExecutor-hivemq-controller-113] DEBUG c.h.p.o.h.HiveMQPlatformReconcilerErrorHandler - [helmaddi] Pod 'test-hivemq-platform-0' phase Running
2025-01-28 23:40:55,432 INFO c.h.h.t.HelmChartContainer - [hivemq-test-hivemq-platform] [hivemq-platform-operator] [0e4e010d] 23:40:55.431 [ReconcilerExecutor-hivemq-controller-113] INFO  c.h.p.o.h.HiveMQPlatformReconcilerBaseHandler - [helmaddi] HiveMQ Platform is starting, 0 of 1 replicas are ready
2025-01-28 23:40:57,320 INFO c.h.h.t.HelmChartContainer - [test-hivemq-platform] [hivemq] [6449f51a] WARN  - [HiveMQ Platform Operator Init App 1.7.0-SNAPSHOT] Cannot connect to Health API for liveness: null
2025-01-28 23:40:57,321 INFO c.h.h.t.HelmChartContainer - [test-hivemq-platform] [hivemq] [6449f51a] INFO  - [HiveMQ Platform Operator Init App 1.7.0-SNAPSHOT] Returning default Health API response 200 for liveness
2025-01-28 23:40:57,404 INFO c.h.h.t.HelmChartContainer - [test-hivemq-platform] [hivemq] [6449f51a] INFO  - No valid license file found. Using trial license, restricted to 25 connections.
2025-01-28 23:41:00,321 INFO c.h.h.t.HelmChartContainer - [test-hivemq-platform] [hivemq] [6449f51a] WARN  - [HiveMQ Platform Operator Init App 1.7.0-SNAPSHOT] Cannot connect to Health API for readiness: null
2025-01-28 23:41:00,329 INFO c.h.h.t.HelmChartContainer - [EVENT] Warning [Unhealthy] Readiness probe failed: HTTP probe failed with statuscode: 503 [helmadditionalvolumesit:test-hivemq-platform-0]
2025-01-28 23:41:00,329 INFO c.h.h.t.HelmChartContainer - Received Unhealthy event for container hivemq in pod test-hivemq-platform-0 [6449f51a-af5e-4c66-8210-87f5251d20e6]
2025-01-28 23:41:00,338 INFO c.h.h.t.HelmChartContainer - [test-hivemq-platform] [hivemq] [6449f51a] INFO  - No valid license file for Data Hub found. Using free license, restricted to 1 policy.
2025-01-28 23:41:01,536 INFO c.h.h.t.HelmChartContainer - [test-hivemq-platform] [hivemq] [6449f51a] INFO  - Audit Logger started.
2025-01-28 23:41:01,828 INFO c.h.h.t.HelmChartContainer - [test-hivemq-platform] [hivemq] [6449f51a] INFO  - This node uses '1' CPU cores.
2025-01-28 23:41:01,832 INFO c.h.h.t.HelmChartContainer - [test-hivemq-platform] [hivemq] [6449f51a] INFO  - Starting HiveMQ Health API on address 0.0.0.0 and port 8889
2025-01-28 23:41:02,519 INFO c.h.h.t.HelmChartContainer - [test-hivemq-platform] [hivemq] [6449f51a] INFO  - Started HiveMQ Health API in 687ms
2025-01-28 23:41:03,048 INFO c.h.h.t.HelmChartContainer - [test-hivemq-platform] [hivemq] [6449f51a] INFO  - Starting HiveMQ extension system.
2025-01-28 23:41:03,320 INFO c.h.h.t.HelmChartContainer - [test-hivemq-platform] [hivemq] [6449f51a] INFO  - Starting extension with id "hivemq-dns-cluster-discovery" at /opt/hivemq/extensions/hivemq-dns-cluster-discovery
2025-01-28 23:41:03,824 INFO c.h.h.t.HelmChartContainer - [test-hivemq-platform] [hivemq] [6449f51a] INFO  - Extension "DNS Cluster Discovery Extension" version 4.3.2 started successfully.
2025-01-28 23:41:03,826 INFO c.h.h.t.HelmChartContainer - [test-hivemq-platform] [hivemq] [6449f51a] INFO  - Starting extension with id "hivemq-prometheus-extension" at /opt/hivemq/extensions/hivemq-prometheus-extension
2025-01-28 23:41:03,902 INFO c.h.h.t.HelmChartContainer - [test-hivemq-platform] [hivemq] [6449f51a] INFO  - Using TCP cluster transport on address 10.42.0.18 and port 7000
2025-01-28 23:41:03,925 INFO c.h.h.t.HelmChartContainer - [test-hivemq-platform] [hivemq] [6449f51a] INFO  - Using extension cluster discovery
2025-01-28 23:41:04,722 INFO c.h.h.t.HelmChartContainer - [test-hivemq-platform] [hivemq] [6449f51a] INFO  - Started Jetty Server exposing Prometheus Servlet on URI http://0.0.0.0:9399/
2025-01-28 23:41:04,722 INFO c.h.h.t.HelmChartContainer - [test-hivemq-platform] [hivemq] [6449f51a] INFO  - Extension "Prometheus Monitoring Extension" version 4.0.12 started successfully.
2025-01-28 23:41:04,723 INFO c.h.h.t.HelmChartContainer - [test-hivemq-platform] [hivemq] [6449f51a] INFO  - Starting extension with id "hivemq-allow-all-extension" at /opt/hivemq/extensions/hivemq-allow-all-extension
2025-01-28 23:41:04,723 INFO c.h.h.t.HelmChartContainer - [test-hivemq-platform] [hivemq] [6449f51a] WARN  - 
2025-01-28 23:41:04,723 INFO c.h.h.t.HelmChartContainer - [test-hivemq-platform] [hivemq] [6449f51a] ################################################################################################################
2025-01-28 23:41:04,723 INFO c.h.h.t.HelmChartContainer - [test-hivemq-platform] [hivemq] [6449f51a] # This HiveMQ deployment is not secure! You are lacking Authentication and Authorization.                      #
2025-01-28 23:41:04,723 INFO c.h.h.t.HelmChartContainer - [test-hivemq-platform] [hivemq] [6449f51a] # Right now any MQTT client can connect to the broker with a full set of permissions.                          #
2025-01-28 23:41:04,723 INFO c.h.h.t.HelmChartContainer - [test-hivemq-platform] [hivemq] [6449f51a] # For production usage, add an appropriate security extension and remove the hivemq-allow-all extension.       #
2025-01-28 23:41:04,723 INFO c.h.h.t.HelmChartContainer - [test-hivemq-platform] [hivemq] [6449f51a] # You can download security extensions from the HiveMQ Marketplace (https://www.hivemq.com/extensions/).       #
2025-01-28 23:41:04,723 INFO c.h.h.t.HelmChartContainer - [test-hivemq-platform] [hivemq] [6449f51a] ################################################################################################################
2025-01-28 23:41:04,724 INFO c.h.h.t.HelmChartContainer - [test-hivemq-platform] [hivemq] [6449f51a] INFO  - Extension "Allow All Extension" version 1.1.1 started successfully.
2025-01-28 23:41:05,440 INFO c.h.h.t.HelmChartContainer - [hivemq-test-hivemq-platform] [hivemq-platform-operator] [0e4e010d] 23:41:05.437 [pool-6-thread-1] DEBUG c.h.p.o.d.PlatformServiceResource - [helmaddi] Desired Platform services (3 services)
2025-01-28 23:41:05,440 INFO c.h.h.t.HelmChartContainer - [hivemq-test-hivemq-platform] [hivemq-platform-operator] [0e4e010d] 23:41:05.437 [pool-6-thread-4] DEBUG c.h.p.o.dependants.PodInfoConfigMap - [helmaddi] Desired PodInfo ConfigMap (1 extensions) (1 enabled)
2025-01-28 23:41:05,440 INFO c.h.h.t.HelmChartContainer - [hivemq-test-hivemq-platform] [hivemq-platform-operator] [0e4e010d] 23:41:05.438 [pool-6-thread-4] DEBUG c.h.p.o.dependants.PodInfoConfigMap - [helmaddi] Desired PodInfo ConfigMap (metrics port: 9399) (metrics path: /)
2025-01-28 23:41:05,440 INFO c.h.h.t.HelmChartContainer - [hivemq-test-hivemq-platform] [hivemq-platform-operator] [0e4e010d] 23:41:05.438 [pool-6-thread-4] DEBUG c.h.p.o.dependants.PodInfoConfigMap - [helmaddi] Desired PodInfo ConfigMap (extension state hash: -1817474005)
2025-01-28 23:41:05,442 INFO c.h.h.t.HelmChartContainer - [hivemq-test-hivemq-platform] [hivemq-platform-operator] [0e4e010d] 23:41:05.441 [pool-6-thread-6] DEBUG c.h.p.o.d.PodServiceAccountResource - [helmaddi] Desired PodServiceAccountResource (serviceAccountName: hivemq-platform-pod-test-hivemq-platform)
2025-01-28 23:41:05,447 INFO c.h.h.t.HelmChartContainer - [hivemq-test-hivemq-platform] [hivemq-platform-operator] [0e4e010d] 23:41:05.446 [pool-6-thread-5] DEBUG c.h.p.o.d.StatefulSetResource - [helmaddi] Desired StatefulSet (1 replicas) for status STARTING (READY)
2025-01-28 23:41:05,452 INFO c.h.h.t.HelmChartContainer - [hivemq-test-hivemq-platform] [hivemq-platform-operator] [0e4e010d] 23:41:05.450 [ReconcilerExecutor-hivemq-controller-114] INFO  c.h.p.o.HiveMQPlatformReconciler - [helmaddi] Reconciling HiveMQ Platform 'test-hivemq-platform' in namespace 'helmadditionalvolumesit'
2025-01-28 23:41:05,452 INFO c.h.h.t.HelmChartContainer - [hivemq-test-hivemq-platform] [hivemq-platform-operator] [0e4e010d] 23:41:05.451 [ReconcilerExecutor-hivemq-controller-114] DEBUG c.h.p.o.HiveMQPlatformReconciler - [helmaddi] Custom Resource Status STARTING - HiveMQ Platform is starting (READY)
2025-01-28 23:41:05,452 INFO c.h.h.t.HelmChartContainer - [hivemq-test-hivemq-platform] [hivemq-platform-operator] [0e4e010d] 23:41:05.451 [ReconcilerExecutor-hivemq-controller-114] DEBUG c.h.p.o.HiveMQPlatformReconciler - [helmaddi] Custom Resource Spec (replicas: 1) (extensions: 1)
2025-01-28 23:41:05,453 INFO c.h.h.t.HelmChartContainer - [hivemq-test-hivemq-platform] [hivemq-platform-operator] [0e4e010d] 23:41:05.452 [ReconcilerExecutor-hivemq-controller-114] DEBUG c.h.p.o.HiveMQPlatformReconciler - [helmaddi] StatefulSet Status (revision: test-hivemq-platform-5d4d897885, replicas: 1, available: 0, ready: 0, current: 1, updated: 1)
2025-01-28 23:41:05,454 INFO c.h.h.t.HelmChartContainer - [hivemq-test-hivemq-platform] [hivemq-platform-operator] [0e4e010d] 23:41:05.452 [ReconcilerExecutor-hivemq-controller-114] DEBUG c.h.p.o.HiveMQPlatformReconciler - [helmaddi] StatefulSet Spec (replicas: 1, init containers: 1, containers: 1, volumes: 7)
2025-01-28 23:41:05,454 INFO c.h.h.t.HelmChartContainer - [hivemq-test-hivemq-platform] [hivemq-platform-operator] [0e4e010d] 23:41:05.454 [ReconcilerExecutor-hivemq-controller-114] DEBUG c.h.p.o.h.HiveMQPlatformReconcilerErrorHandler - [helmaddi] Pod 'test-hivemq-platform-0' phase Running
2025-01-28 23:41:05,455 INFO c.h.h.t.HelmChartContainer - [hivemq-test-hivemq-platform] [hivemq-platform-operator] [0e4e010d] 23:41:05.455 [ReconcilerExecutor-hivemq-controller-114] INFO  c.h.p.o.h.HiveMQPlatformReconcilerBaseHandler - [helmaddi] HiveMQ Platform is starting, 0 of 1 replicas are ready
2025-01-28 23:41:05,629 INFO c.h.h.t.HelmChartContainer - [test-hivemq-platform] [hivemq] [6449f51a] INFO  - [HiveMQ Platform Operator Init App 1.7.0-SNAPSHOT] Returning Health API response 503 for readiness
2025-01-28 23:41:05,633 INFO c.h.h.t.HelmChartContainer - [EVENT] Warning [Unhealthy] Readiness probe failed: HTTP probe failed with statuscode: 503 [helmadditionalvolumesit:test-hivemq-platform-0]
2025-01-28 23:41:05,633 INFO c.h.h.t.HelmChartContainer - Received Unhealthy event for container hivemq in pod test-hivemq-platform-0 [6449f51a-af5e-4c66-8210-87f5251d20e6]
2025-01-28 23:41:06,732 INFO c.h.h.t.HelmChartContainer - [test-hivemq-platform] [hivemq] [6449f51a] INFO  - 9hN53: no members discovered after 2309 ms: creating cluster as first member
2025-01-28 23:41:06,739 INFO c.h.h.t.HelmChartContainer - [test-hivemq-platform] [hivemq] [6449f51a] INFO  - Cluster nodes found by discovery: [9hN53|0] (1) [9hN53].
2025-01-28 23:41:06,824 INFO c.h.h.t.HelmChartContainer - [test-hivemq-platform] [hivemq] [6449f51a] WARN  - No user for HiveMQ Control Center configured. Starting with default user
2025-01-28 23:41:06,825 INFO c.h.h.t.HelmChartContainer - [test-hivemq-platform] [hivemq] [6449f51a] INFO  - Starting HiveMQ Control Center on address 0.0.0.0 and port 8080
2025-01-28 23:41:06,829 INFO c.h.h.t.HelmChartContainer - [test-hivemq-platform] [hivemq] [6449f51a] INFO  - Mounting HiveMQ Control Center V2 Preview
2025-01-28 23:41:07,424 INFO c.h.h.t.HelmChartContainer - [test-hivemq-platform] [hivemq] [6449f51a] INFO  - Started HiveMQ Control Center in 601ms
2025-01-28 23:41:07,438 INFO c.h.h.t.HelmChartContainer - [test-hivemq-platform] [hivemq] [6449f51a] INFO  - Starting TCP listener on address 0.0.0.0 and port 1883
2025-01-28 23:41:07,451 INFO c.h.h.t.HelmChartContainer - [test-hivemq-platform] [hivemq] [6449f51a] INFO  - Started TCP Listener on address 0.0.0.0 and on port 1883.
2025-01-28 23:41:07,518 INFO c.h.h.t.HelmChartContainer - [test-hivemq-platform] [hivemq] [6449f51a] INFO  - Started HiveMQ in 30525ms
2025-01-28 23:41:10,232 INFO c.h.h.t.HelmChartContainer - [test-hivemq-platform] [hivemq] [6449f51a] INFO  - [HiveMQ Platform Operator Init App 1.7.0-SNAPSHOT] Returning Health API response 200 for readiness
2025-01-28 23:41:10,246 INFO c.h.h.t.HelmChartContainer - [POD] test-hivemq-platform-0 [6449f51a-af5e-4c66-8210-87f5251d20e6] in helmadditionalvolumesit was MODIFIED
2025-01-28 23:41:10,262 INFO c.h.h.t.HelmChartContainer - [hivemq-test-hivemq-platform] [hivemq-platform-operator] [0e4e010d] 23:41:10.254 [pool-6-thread-17] DEBUG c.h.p.o.dependants.PodInfoConfigMap - [helmaddi] Desired PodInfo ConfigMap (1 extensions) (1 enabled)
2025-01-28 23:41:10,262 INFO c.h.h.t.HelmChartContainer - [hivemq-test-hivemq-platform] [hivemq-platform-operator] [0e4e010d] 23:41:10.254 [pool-6-thread-17] DEBUG c.h.p.o.dependants.PodInfoConfigMap - [helmaddi] Desired PodInfo ConfigMap (metrics port: 9399) (metrics path: /)
2025-01-28 23:41:10,262 INFO c.h.h.t.HelmChartContainer - [hivemq-test-hivemq-platform] [hivemq-platform-operator] [0e4e010d] 23:41:10.254 [pool-6-thread-17] DEBUG c.h.p.o.dependants.PodInfoConfigMap - [helmaddi] Desired PodInfo ConfigMap (extension state hash: -1817474005)
2025-01-28 23:41:10,262 INFO c.h.h.t.HelmChartContainer - [hivemq-test-hivemq-platform] [hivemq-platform-operator] [0e4e010d] 23:41:10.256 [pool-6-thread-18] DEBUG c.h.p.o.d.PodServiceAccountResource - [helmaddi] Desired PodServiceAccountResource (serviceAccountName: hivemq-platform-pod-test-hivemq-platform)
2025-01-28 23:41:10,262 INFO c.h.h.t.HelmChartContainer - [hivemq-test-hivemq-platform] [hivemq-platform-operator] [0e4e010d] 23:41:10.258 [pool-6-thread-19] DEBUG c.h.p.o.d.PlatformServiceResource - [helmaddi] Desired Platform services (3 services)
2025-01-28 23:41:10,325 INFO c.h.h.t.HelmChartContainer - [hivemq-test-hivemq-platform] [hivemq-platform-operator] [0e4e010d] 23:41:10.323 [pool-6-thread-19] DEBUG c.h.p.o.d.StatefulSetResource - [helmaddi] Desired StatefulSet (1 replicas) for status STARTING (READY)
2025-01-28 23:41:10,329 INFO c.h.h.t.HelmChartContainer - [hivemq-test-hivemq-platform] [hivemq-platform-operator] [0e4e010d] 23:41:10.328 [ReconcilerExecutor-hivemq-controller-115] INFO  c.h.p.o.HiveMQPlatformReconciler - [helmaddi] Reconciling HiveMQ Platform 'test-hivemq-platform' in namespace 'helmadditionalvolumesit'
2025-01-28 23:41:10,330 INFO c.h.h.t.HelmChartContainer - [hivemq-test-hivemq-platform] [hivemq-platform-operator] [0e4e010d] 23:41:10.329 [ReconcilerExecutor-hivemq-controller-115] DEBUG c.h.p.o.HiveMQPlatformReconciler - [helmaddi] Custom Resource Status STARTING - HiveMQ Platform is starting (READY)
2025-01-28 23:41:10,330 INFO c.h.h.t.HelmChartContainer - [hivemq-test-hivemq-platform] [hivemq-platform-operator] [0e4e010d] 23:41:10.329 [ReconcilerExecutor-hivemq-controller-115] DEBUG c.h.p.o.HiveMQPlatformReconciler - [helmaddi] Custom Resource Spec (replicas: 1) (extensions: 1)
2025-01-28 23:41:10,331 INFO c.h.h.t.HelmChartContainer - [hivemq-test-hivemq-platform] [hivemq-platform-operator] [0e4e010d] 23:41:10.331 [ReconcilerExecutor-hivemq-controller-115] DEBUG c.h.p.o.HiveMQPlatformReconciler - [helmaddi] StatefulSet Status (revision: test-hivemq-platform-5d4d897885, replicas: 1, available: 1, ready: 1, current: 1, updated: 1)
2025-01-28 23:41:10,332 INFO c.h.h.t.HelmChartContainer - [hivemq-test-hivemq-platform] [hivemq-platform-operator] [0e4e010d] 23:41:10.331 [ReconcilerExecutor-hivemq-controller-115] DEBUG c.h.p.o.HiveMQPlatformReconciler - [helmaddi] StatefulSet Spec (replicas: 1, init containers: 1, containers: 1, volumes: 7)
2025-01-28 23:41:10,333 INFO c.h.h.t.HelmChartContainer - [hivemq-test-hivemq-platform] [hivemq-platform-operator] [0e4e010d] 23:41:10.332 [ReconcilerExecutor-hivemq-controller-115] DEBUG c.h.p.o.h.HiveMQPlatformReconcilerErrorHandler - [helmaddi] Pod 'test-hivemq-platform-0' phase Running
2025-01-28 23:41:10,335 INFO c.h.h.t.HelmChartContainer - [hivemq-test-hivemq-platform] [hivemq-platform-operator] [0e4e010d] 23:41:10.333 [ReconcilerExecutor-hivemq-controller-115] INFO  c.h.p.o.h.HiveMQPlatformReconcilerBaseHandler - [helmaddi] HiveMQ Platform started successfully
2025-01-28 23:41:10,437 INFO c.h.h.t.HelmChartContainer - [hivemq-test-hivemq-platform] [hivemq-platform-operator] [0e4e010d] 23:41:10.435 [ReconcilerExecutor-hivemq-controller-115] DEBUG c.h.p.operator.event.EventSender - [helmaddi] Creating K8s event hivemq-platform-ready: [Ready] HiveMQ Platform is ready
2025-01-28 23:41:10,440 INFO c.h.h.t.HelmChartContainer - [EVENT] Normal [Ready] HiveMQ Platform is ready [helmadditionalvolumesit:test-hivemq-platform]
2025-01-28 23:41:10,442 INFO c.h.h.t.HelmChartContainer - [hivemq-test-hivemq-platform] [hivemq-platform-operator] [0e4e010d] 23:41:10.441 [ReconcilerExecutor-hivemq-controller-115] INFO  c.h.p.o.h.AbstractHiveMQReconcilerStateHandler - [helmaddi] Update HiveMQ Platform Status (STARTING [READY] -> RUNNING [READY]): HiveMQ Platform is ready
2025-01-28 23:41:10,449 DEBUG com.hivemq.helmcharts.util.K8sUtil - Comparing actual state 'RUNNING' and waiting for 'RUNNING'
2025-01-28 23:41:10,527 INFO c.h.h.t.HelmChartContainer - [hivemq-test-hivemq-platform] [hivemq-platform-operator] [0e4e010d] 23:41:10.524 [pool-6-thread-25] DEBUG c.h.p.o.dependants.PodInfoConfigMap - [helmaddi] Desired PodInfo ConfigMap (1 extensions) (1 enabled)
2025-01-28 23:41:10,527 INFO c.h.h.t.HelmChartContainer - [hivemq-test-hivemq-platform] [hivemq-platform-operator] [0e4e010d] 23:41:10.524 [pool-6-thread-25] DEBUG c.h.p.o.dependants.PodInfoConfigMap - [helmaddi] Desired PodInfo ConfigMap (metrics port: 9399) (metrics path: /)
2025-01-28 23:41:10,527 INFO c.h.h.t.HelmChartContainer - [hivemq-test-hivemq-platform] [hivemq-platform-operator] [0e4e010d] 23:41:10.524 [pool-6-thread-25] DEBUG c.h.p.o.dependants.PodInfoConfigMap - [helmaddi] Desired PodInfo ConfigMap (extension state hash: -1817474005)
2025-01-28 23:41:10,527 INFO c.h.h.t.HelmChartContainer - [hivemq-test-hivemq-platform] [hivemq-platform-operator] [0e4e010d] 23:41:10.524 [pool-6-thread-26] DEBUG c.h.p.o.d.PodServiceAccountResource - [helmaddi] Desired PodServiceAccountResource (serviceAccountName: hivemq-platform-pod-test-hivemq-platform)
2025-01-28 23:41:10,527 INFO c.h.h.t.HelmChartContainer - [hivemq-test-hivemq-platform] [hivemq-platform-operator] [0e4e010d] 23:41:10.524 [pool-6-thread-27] DEBUG c.h.p.o.d.PlatformServiceResource - [helmaddi] Desired Platform services (3 services)
2025-01-28 23:41:10,527 INFO c.h.h.t.HelmChartContainer - [hivemq-test-hivemq-platform] [hivemq-platform-operator] [0e4e010d] 23:41:10.525 [pool-6-thread-25] DEBUG c.h.p.o.dependants.PodInfoConfigMap - [helmaddi] Update PodInfo ConfigMap
2025-01-28 23:41:10,537 INFO c.h.h.t.HelmChartContainer - [hivemq-test-hivemq-platform] [hivemq-platform-operator] [0e4e010d] 23:41:10.536 [pool-6-thread-25] DEBUG c.h.p.o.d.StatefulSetResource - [helmaddi] Desired StatefulSet (1 replicas) for status RUNNING (READY)
2025-01-28 23:41:10,624 INFO c.h.h.t.HelmChartContainer - [hivemq-test-hivemq-platform] [hivemq-platform-operator] [0e4e010d] 23:41:10.621 [ReconcilerExecutor-hivemq-controller-116] INFO  c.h.p.o.HiveMQPlatformReconciler - [helmaddi] Reconciling HiveMQ Platform 'test-hivemq-platform' in namespace 'helmadditionalvolumesit'
2025-01-28 23:41:10,624 INFO c.h.h.t.HelmChartContainer - [hivemq-test-hivemq-platform] [hivemq-platform-operator] [0e4e010d] 23:41:10.622 [ReconcilerExecutor-hivemq-controller-116] DEBUG c.h.p.o.HiveMQPlatformReconciler - [helmaddi] Custom Resource Status RUNNING - HiveMQ Platform is ready (READY)
2025-01-28 23:41:10,624 INFO c.h.h.t.HelmChartContainer - [hivemq-test-hivemq-platform] [hivemq-platform-operator] [0e4e010d] 23:41:10.622 [ReconcilerExecutor-hivemq-controller-116] DEBUG c.h.p.o.HiveMQPlatformReconciler - [helmaddi] Custom Resource Spec (replicas: 1) (extensions: 1)
2025-01-28 23:41:10,626 INFO c.h.h.t.HelmChartContainer - [hivemq-test-hivemq-platform] [hivemq-platform-operator] [0e4e010d] 23:41:10.624 [ReconcilerExecutor-hivemq-controller-116] DEBUG c.h.p.o.HiveMQPlatformReconciler - [helmaddi] StatefulSet Status (revision: test-hivemq-platform-5d4d897885, replicas: 1, available: 1, ready: 1, current: 1, updated: 1)
2025-01-28 23:41:10,626 INFO c.h.h.t.HelmChartContainer - [hivemq-test-hivemq-platform] [hivemq-platform-operator] [0e4e010d] 23:41:10.624 [ReconcilerExecutor-hivemq-controller-116] DEBUG c.h.p.o.HiveMQPlatformReconciler - [helmaddi] StatefulSet Spec (replicas: 1, init containers: 1, containers: 1, volumes: 7)
2025-01-28 23:41:10,628 INFO c.h.h.t.HelmChartContainer - [hivemq-test-hivemq-platform] [hivemq-platform-operator] [0e4e010d] 23:41:10.626 [ReconcilerExecutor-hivemq-controller-116] DEBUG c.h.p.o.h.HiveMQPlatformReconcilerErrorHandler - [helmaddi] Pod 'test-hivemq-platform-0' phase Running
2025-01-28 23:41:12,475 INFO c.h.h.t.HelmChartContainer - Uninstalling release 'test-hivemq-platform' in namespace 'helmadditionalvolumesit'...
2025-01-28 23:41:12,475 DEBUG c.h.h.t.HelmChartContainer - Executing helm command: /bin/helm --kubeconfig /etc/rancher/k3s/k3s.yaml uninstall test-hivemq-platform  --wait --timeout 5m0s --cascade foreground --namespace helmadditionalvolumesit
2025-01-28 23:41:12,678 INFO c.h.h.t.HelmChartContainer - [hivemq-test-hivemq-platform] [hivemq-platform-operator] [0e4e010d] 23:41:12.673 [pool-6-thread-33] DEBUG c.h.p.o.d.PlatformServiceResource - [helmaddi] Desired Platform services (3 services)
2025-01-28 23:41:12,679 INFO c.h.h.t.HelmChartContainer - [hivemq-test-hivemq-platform] [hivemq-platform-operator] [0e4e010d] 23:41:12.676 [pool-6-thread-34] DEBUG c.h.p.o.dependants.PodInfoConfigMap - [helmaddi] Desired PodInfo ConfigMap (1 extensions) (1 enabled)
2025-01-28 23:41:12,685 INFO c.h.h.t.HelmChartContainer - [hivemq-test-hivemq-platform] [hivemq-platform-operator] [0e4e010d] 23:41:12.676 [pool-6-thread-34] DEBUG c.h.p.o.dependants.PodInfoConfigMap - [helmaddi] Desired PodInfo ConfigMap (metrics port: 9399) (metrics path: /)
2025-01-28 23:41:12,685 INFO c.h.h.t.HelmChartContainer - [hivemq-test-hivemq-platform] [hivemq-platform-operator] [0e4e010d] 23:41:12.676 [pool-6-thread-34] DEBUG c.h.p.o.dependants.PodInfoConfigMap - [helmaddi] Desired PodInfo ConfigMap (extension state hash: -1817474005)
2025-01-28 23:41:12,685 INFO c.h.h.t.HelmChartContainer - [hivemq-test-hivemq-platform] [hivemq-platform-operator] [0e4e010d] 23:41:12.679 [pool-6-thread-33] DEBUG c.h.p.o.d.PodServiceAccountResource - [helmaddi] Desired PodServiceAccountResource (serviceAccountName: hivemq-platform-pod-test-hivemq-platform)
2025-01-28 23:41:12,726 INFO c.h.h.t.HelmChartContainer - [hivemq-test-hivemq-platform] [hivemq-platform-operator] [0e4e010d] 23:41:12.720 [pool-6-thread-37] DEBUG c.h.p.o.d.StatefulSetResource - [helmaddi] Desired StatefulSet (1 replicas) for status RUNNING (READY)
2025-01-28 23:41:12,729 INFO c.h.h.t.HelmChartContainer - [hivemq-test-hivemq-platform] [hivemq-platform-operator] [0e4e010d] 23:41:12.727 [ReconcilerExecutor-hivemq-controller-117] INFO  c.h.p.o.HiveMQPlatformReconciler - [helmaddi] Reconciling HiveMQ Platform 'test-hivemq-platform' in namespace 'helmadditionalvolumesit'
2025-01-28 23:41:12,729 INFO c.h.h.t.HelmChartContainer - [hivemq-test-hivemq-platform] [hivemq-platform-operator] [0e4e010d] 23:41:12.728 [ReconcilerExecutor-hivemq-controller-117] DEBUG c.h.p.o.HiveMQPlatformReconciler - [helmaddi] Custom Resource Status RUNNING - HiveMQ Platform is ready (READY)
2025-01-28 23:41:12,729 INFO c.h.h.t.HelmChartContainer - [hivemq-test-hivemq-platform] [hivemq-platform-operator] [0e4e010d] 23:41:12.728 [ReconcilerExecutor-hivemq-controller-117] DEBUG c.h.p.o.HiveMQPlatformReconciler - [helmaddi] Custom Resource Spec (replicas: 1) (extensions: 1)
2025-01-28 23:41:12,729 INFO c.h.h.t.HelmChartContainer - [hivemq-test-hivemq-platform] [hivemq-platform-operator] [0e4e010d] 23:41:12.728 [ReconcilerExecutor-hivemq-controller-117] WARN  c.h.p.o.h.HiveMQPlatformReconcilerErrorHandler - [helmaddi] Could not find ConfigMap 'hivemq-configuration-test-hivemq-platform' for HiveMQ Platform configuration
2025-01-28 23:41:12,830 INFO c.h.h.t.HelmChartContainer - [hivemq-test-hivemq-platform] [hivemq-platform-operator] [0e4e010d] 23:41:12.830 [ReconcilerExecutor-hivemq-controller-117] DEBUG c.h.p.operator.event.EventSender - [helmaddi] Creating K8s event hivemq-platform-invalid-configuration: [Start] Could not find ConfigMap 'hivemq-configuration-test-hivemq-platform' for HiveMQ Platform configuration
2025-01-28 23:41:12,835 INFO c.h.h.t.HelmChartContainer - [EVENT] Warning [Start] Could not find ConfigMap 'hivemq-configuration-test-hivemq-platform' for HiveMQ Platform configuration [helmadditionalvolumesit:test-hivemq-platform]
2025-01-28 23:41:12,836 INFO c.h.h.t.HelmChartContainer - [hivemq-test-hivemq-platform] [hivemq-platform-operator] [0e4e010d] 23:41:12.835 [ReconcilerExecutor-hivemq-controller-117] INFO  c.h.p.o.h.AbstractHiveMQReconcilerStateHandler - [helmaddi] Update HiveMQ Platform Status (RUNNING [READY] -> ERROR [INVALID_CONFIG_MAP]): Could not find ConfigMap 'hivemq-configuration-test-hivemq-platform' for HiveMQ Platform configuration
2025-01-28 23:41:12,925 INFO c.h.h.t.HelmChartContainer - [hivemq-test-hivemq-platform] [hivemq-platform-operator] [0e4e010d] 23:41:12.843 [ReconcilerExecutor-hivemq-controller-117] ERROR i.j.o.p.event.EventProcessor - Error during event processing ExecutionScope{ resource id: ResourceID{name='test-hivemq-platform', namespace='helmadditionalvolumesit'}, version: 1690}
2025-01-28 23:41:12,925 INFO c.h.h.t.HelmChartContainer - [hivemq-test-hivemq-platform] [hivemq-platform-operator] [0e4e010d] io.fabric8.kubernetes.client.KubernetesClientException: Failure executing: PUT at: https://10.43.0.1:443/apis/hivemq.com/v1/namespaces/helmadditionalvolumesit/hivemq-platforms/test-hivemq-platform/status. Message: Operation cannot be fulfilled on hivemq-platforms.hivemq.com "test-hivemq-platform": the object has been modified; please apply your changes to the latest version and try again. Received status: Status(apiVersion=v1, code=409, details=StatusDetails(causes=[], group=hivemq.com, kind=hivemq-platforms, name=test-hivemq-platform, retryAfterSeconds=null, uid=null, additionalProperties={}), kind=Status, message=Operation cannot be fulfilled on hivemq-platforms.hivemq.com "test-hivemq-platform": the object has been modified; please apply your changes to the latest version and try again, metadata=ListMeta(_continue=null, remainingItemCount=null, resourceVersion=null, selfLink=null, additionalProperties={}), reason=Conflict, status=Failure, additionalProperties={}).
2025-01-28 23:41:12,925 INFO c.h.h.t.HelmChartContainer - [hivemq-test-hivemq-platform] [hivemq-platform-operator] [0e4e010d] 	at io.fabric8.kubernetes.client.KubernetesClientException.copyAsCause(KubernetesClientException.java:238)
2025-01-28 23:41:12,925 INFO c.h.h.t.HelmChartContainer - [hivemq-test-hivemq-platform] [hivemq-platform-operator] [0e4e010d] 	at io.fabric8.kubernetes.client.dsl.internal.OperationSupport.waitForResult(OperationSupport.java:507)
2025-01-28 23:41:12,925 INFO c.h.h.t.HelmChartContainer - [hivemq-test-hivemq-platform] [hivemq-platform-operator] [0e4e010d] 	at io.fabric8.kubernetes.client.dsl.internal.OperationSupport.handleResponse(OperationSupport.java:524)
2025-01-28 23:41:12,925 INFO c.h.h.t.HelmChartContainer - [hivemq-test-hivemq-platform] [hivemq-platform-operator] [0e4e010d] 	at io.fabric8.kubernetes.client.dsl.internal.OperationSupport.handleUpdate(OperationSupport.java:358)
2025-01-28 23:41:12,925 INFO c.h.h.t.HelmChartContainer - [hivemq-test-hivemq-platform] [hivemq-platform-operator] [0e4e010d] 	at io.fabric8.kubernetes.client.dsl.internal.BaseOperation.handleUpdate(BaseOperation.java:759)
2025-01-28 23:41:12,925 INFO c.h.h.t.HelmChartContainer - [hivemq-test-hivemq-platform] [hivemq-platform-operator] [0e4e010d] 	at io.fabric8.kubernetes.client.dsl.internal.HasMetadataOperation.update(HasMetadataOperation.java:138)
2025-01-28 23:41:12,925 INFO c.h.h.t.HelmChartContainer - [hivemq-test-hivemq-platform] [hivemq-platform-operator] [0e4e010d] 	at io.fabric8.kubernetes.client.dsl.internal.HasMetadataOperation.update(HasMetadataOperation.java:121)
2025-01-28 23:41:12,925 INFO c.h.h.t.HelmChartContainer - [hivemq-test-hivemq-platform] [hivemq-platform-operator] [0e4e010d] 	at io.fabric8.kubernetes.client.dsl.internal.HasMetadataOperation.updateStatus(HasMetadataOperation.java:126)
2025-01-28 23:41:12,926 INFO c.h.h.t.HelmChartContainer - [hivemq-test-hivemq-platform] [hivemq-platform-operator] [0e4e010d] 	at io.fabric8.kubernetes.client.dsl.internal.HasMetadataOperation.updateStatus(HasMetadataOperation.java:44)
2025-01-28 23:41:12,926 INFO c.h.h.t.HelmChartContainer - [hivemq-test-hivemq-platform] [hivemq-platform-operator] [0e4e010d] 	at io.javaoperatorsdk.operator.processing.event.ReconciliationDispatcher$CustomResourceFacade.updateStatus(ReconciliationDispatcher.java:408)
2025-01-28 23:41:12,926 INFO c.h.h.t.HelmChartContainer - [hivemq-test-hivemq-platform] [hivemq-platform-operator] [0e4e010d] 	at io.javaoperatorsdk.operator.processing.event.ReconciliationDispatcher.updateStatusGenerationAware(ReconciliationDispatcher.java:228)
2025-01-28 23:41:12,926 INFO c.h.h.t.HelmChartContainer - [hivemq-test-hivemq-platform] [hivemq-platform-operator] [0e4e010d] 	at io.javaoperatorsdk.operator.processing.event.ReconciliationDispatcher.reconcileExecution(ReconciliationDispatcher.java:150)
2025-01-28 23:41:12,926 INFO c.h.h.t.HelmChartContainer - [hivemq-test-hivemq-platform] [hivemq-platform-operator] [0e4e010d] 	at io.javaoperatorsdk.operator.processing.event.ReconciliationDispatcher.handleReconcile(ReconciliationDispatcher.java:117)
2025-01-28 23:41:12,926 INFO c.h.h.t.HelmChartContainer - [hivemq-test-hivemq-platform] [hivemq-platform-operator] [0e4e010d] 	at io.javaoperatorsdk.operator.processing.event.ReconciliationDispatcher.handleDispatch(ReconciliationDispatcher.java:91)
2025-01-28 23:41:12,926 INFO c.h.h.t.HelmChartContainer - [hivemq-test-hivemq-platform] [hivemq-platform-operator] [0e4e010d] 	at io.javaoperatorsdk.operator.processing.event.ReconciliationDispatcher.handleExecution(ReconciliationDispatcher.java:64)
2025-01-28 23:41:12,926 INFO c.h.h.t.HelmChartContainer - [hivemq-test-hivemq-platform] [hivemq-platform-operator] [0e4e010d] 	at io.javaoperatorsdk.operator.processing.event.EventProcessor$ReconcilerExecutor.run(EventProcessor.java:452)
2025-01-28 23:41:12,926 INFO c.h.h.t.HelmChartContainer - [hivemq-test-hivemq-platform] [hivemq-platform-operator] [0e4e010d] 	at java.base/java.util.concurrent.ThreadPoolExecutor.runWorker(Unknown Source)
2025-01-28 23:41:12,926 INFO c.h.h.t.HelmChartContainer - [hivemq-test-hivemq-platform] [hivemq-platform-operator] [0e4e010d] 	at java.base/java.util.concurrent.ThreadPoolExecutor$Worker.run(Unknown Source)
2025-01-28 23:41:12,926 INFO c.h.h.t.HelmChartContainer - [hivemq-test-hivemq-platform] [hivemq-platform-operator] [0e4e010d] 	at java.base/java.lang.Thread.run(Unknown Source)
2025-01-28 23:41:12,926 INFO c.h.h.t.HelmChartContainer - [hivemq-test-hivemq-platform] [hivemq-platform-operator] [0e4e010d] Caused by: io.fabric8.kubernetes.client.KubernetesClientException: Failure executing: PUT at: https://10.43.0.1:443/apis/hivemq.com/v1/namespaces/helmadditionalvolumesit/hivemq-platforms/test-hivemq-platform/status. Message: Operation cannot be fulfilled on hivemq-platforms.hivemq.com "test-hivemq-platform": the object has been modified; please apply your changes to the latest version and try again. Received status: Status(apiVersion=v1, code=409, details=StatusDetails(causes=[], group=hivemq.com, kind=hivemq-platforms, name=test-hivemq-platform, retryAfterSeconds=null, uid=null, additionalProperties={}), kind=Status, message=Operation cannot be fulfilled on hivemq-platforms.hivemq.com "test-hivemq-platform": the object has been modified; please apply your changes to the latest version and try again, metadata=ListMeta(_continue=null, remainingItemCount=null, resourceVersion=null, selfLink=null, additionalProperties={}), reason=Conflict, status=Failure, additionalProperties={}).
2025-01-28 23:41:12,926 INFO c.h.h.t.HelmChartContainer - [hivemq-test-hivemq-platform] [hivemq-platform-operator] [0e4e010d] 	at io.fabric8.kubernetes.client.dsl.internal.OperationSupport.requestFailure(OperationSupport.java:660)
2025-01-28 23:41:12,926 INFO c.h.h.t.HelmChartContainer - [hivemq-test-hivemq-platform] [hivemq-platform-operator] [0e4e010d] 	at io.fabric8.kubernetes.client.dsl.internal.OperationSupport.requestFailure(OperationSupport.java:640)
2025-01-28 23:41:12,926 INFO c.h.h.t.HelmChartContainer - [hivemq-test-hivemq-platform] [hivemq-platform-operator] [0e4e010d] 	at io.fabric8.kubernetes.client.dsl.internal.OperationSupport.assertResponseCode(OperationSupport.java:589)
2025-01-28 23:41:12,926 INFO c.h.h.t.HelmChartContainer - [hivemq-test-hivemq-platform] [hivemq-platform-operator] [0e4e010d] 	at io.fabric8.kubernetes.client.dsl.internal.OperationSupport.lambda$handleResponse$0(OperationSupport.java:549)
2025-01-28 23:41:12,926 INFO c.h.h.t.HelmChartContainer - [hivemq-test-hivemq-platform] [hivemq-platform-operator] [0e4e010d] 	at java.base/java.util.concurrent.CompletableFuture$UniApply.tryFire(Unknown Source)
2025-01-28 23:41:12,926 INFO c.h.h.t.HelmChartContainer - [hivemq-test-hivemq-platform] [hivemq-platform-operator] [0e4e010d] 	at java.base/java.util.concurrent.CompletableFuture.postComplete(Unknown Source)
2025-01-28 23:41:12,926 INFO c.h.h.t.HelmChartContainer - [hivemq-test-hivemq-platform] [hivemq-platform-operator] [0e4e010d] 	at java.base/java.util.concurrent.CompletableFuture.complete(Unknown Source)
2025-01-28 23:41:12,926 INFO c.h.h.t.HelmChartContainer - [hivemq-test-hivemq-platform] [hivemq-platform-operator] [0e4e010d] 	at io.fabric8.kubernetes.client.http.StandardHttpClient.lambda$completeOrCancel$10(StandardHttpClient.java:141)
2025-01-28 23:41:12,926 INFO c.h.h.t.HelmChartContainer - [hivemq-test-hivemq-platform] [hivemq-platform-operator] [0e4e010d] 	at java.base/java.util.concurrent.CompletableFuture.uniWhenComplete(Unknown Source)
2025-01-28 23:41:12,926 INFO c.h.h.t.HelmChartContainer - [hivemq-test-hivemq-platform] [hivemq-platform-operator] [0e4e010d] 	at java.base/java.util.concurrent.CompletableFuture$UniWhenComplete.tryFire(Unknown Source)
2025-01-28 23:41:12,926 INFO c.h.h.t.HelmChartContainer - [hivemq-test-hivemq-platform] [hivemq-platform-operator] [0e4e010d] 	at java.base/java.util.concurrent.CompletableFuture.postComplete(Unknown Source)
2025-01-28 23:41:12,926 INFO c.h.h.t.HelmChartContainer - [hivemq-test-hivemq-platform] [hivemq-platform-operator] [0e4e010d] 	at java.base/java.util.concurrent.CompletableFuture.complete(Unknown Source)
2025-01-28 23:41:12,926 INFO c.h.h.t.HelmChartContainer - [hivemq-test-hivemq-platform] [hivemq-platform-operator] [0e4e010d] 	at io.fabric8.kubernetes.client.http.ByteArrayBodyHandler.onBodyDone(ByteArrayBodyHandler.java:51)
2025-01-28 23:41:12,926 INFO c.h.h.t.HelmChartContainer - [hivemq-test-hivemq-platform] [hivemq-platform-operator] [0e4e010d] 	at java.base/java.util.concurrent.CompletableFuture.uniWhenComplete(Unknown Source)
2025-01-28 23:41:12,926 INFO c.h.h.t.HelmChartContainer - [hivemq-test-hivemq-platform] [hivemq-platform-operator] [0e4e010d] 	at java.base/java.util.concurrent.CompletableFuture$UniWhenComplete.tryFire(Unknown Source)
2025-01-28 23:41:12,926 INFO c.h.h.t.HelmChartContainer - [hivemq-test-hivemq-platform] [hivemq-platform-operator] [0e4e010d] 	at java.base/java.util.concurrent.CompletableFuture.postComplete(Unknown Source)
2025-01-28 23:41:12,926 INFO c.h.h.t.HelmChartContainer - [hivemq-test-hivemq-platform] [hivemq-platform-operator] [0e4e010d] 	at java.base/java.util.concurrent.CompletableFuture.complete(Unknown Source)
2025-01-28 23:41:12,926 INFO c.h.h.t.HelmChartContainer - [hivemq-test-hivemq-platform] [hivemq-platform-operator] [0e4e010d] 	at io.fabric8.kubernetes.client.vertx.VertxHttpRequest.lambda$null$1(VertxHttpRequest.java:121)
2025-01-28 23:41:12,926 INFO c.h.h.t.HelmChartContainer - [hivemq-test-hivemq-platform] [hivemq-platform-operator] [0e4e010d] 	at io.vertx.core.impl.ContextInternal.dispatch(ContextInternal.java:279)
2025-01-28 23:41:12,926 INFO c.h.h.t.HelmChartContainer - [hivemq-test-hivemq-platform] [hivemq-platform-operator] [0e4e010d] 	at io.vertx.core.impl.ContextInternal.dispatch(ContextInternal.java:261)
2025-01-28 23:41:12,926 INFO c.h.h.t.HelmChartContainer - [hivemq-test-hivemq-platform] [hivemq-platform-operator] [0e4e010d] 	at io.vertx.core.http.impl.HttpEventHandler.handleEnd(HttpEventHandler.java:76)
2025-01-28 23:41:12,926 INFO c.h.h.t.HelmChartContainer - [hivemq-test-hivemq-platform] [hivemq-platform-operator] [0e4e010d] 	at io.vertx.core.http.impl.HttpClientResponseImpl.handleEnd(HttpClientResponseImpl.java:250)
2025-01-28 23:41:12,926 INFO c.h.h.t.HelmChartContainer - [hivemq-test-hivemq-platform] [hivemq-platform-operator] [0e4e010d] 	at io.vertx.core.http.impl.Http1xClientConnection$StreamImpl.lambda$new$0(Http1xClientConnection.java:421)
2025-01-28 23:41:12,926 INFO c.h.h.t.HelmChartContainer - [hivemq-test-hivemq-platform] [hivemq-platform-operator] [0e4e010d] 	at io.vertx.core.streams.impl.InboundBuffer.handleEvent(InboundBuffer.java:279)
2025-01-28 23:41:12,926 INFO c.h.h.t.HelmChartContainer - [hivemq-test-hivemq-platform] [hivemq-platform-operator] [0e4e010d] 	at io.vertx.core.streams.impl.InboundBuffer.write(InboundBuffer.java:157)
2025-01-28 23:41:12,926 INFO c.h.h.t.HelmChartContainer - [hivemq-test-hivemq-platform] [hivemq-platform-operator] [0e4e010d] 	at io.vertx.core.http.impl.Http1xClientConnection$StreamImpl.handleEnd(Http1xClientConnection.java:709)
2025-01-28 23:41:12,926 INFO c.h.h.t.HelmChartContainer - [hivemq-test-hivemq-platform] [hivemq-platform-operator] [0e4e010d] 	at io.vertx.core.impl.ContextImpl.lambda$execute$4(ContextImpl.java:315)
2025-01-28 23:41:12,926 INFO c.h.h.t.HelmChartContainer - [hivemq-test-hivemq-platform] [hivemq-platform-operator] [0e4e010d] 	at io.netty.util.concurrent.AbstractEventExecutor.runTask(AbstractEventExecutor.java:173)
2025-01-28 23:41:12,926 INFO c.h.h.t.HelmChartContainer - [hivemq-test-hivemq-platform] [hivemq-platform-operator] [0e4e010d] 	at io.netty.util.concurrent.AbstractEventExecutor.safeExecute(AbstractEventExecutor.java:166)
2025-01-28 23:41:12,926 INFO c.h.h.t.HelmChartContainer - [hivemq-test-hivemq-platform] [hivemq-platform-operator] [0e4e010d] 	at io.netty.util.concurrent.SingleThreadEventExecutor.runAllTasks(SingleThreadEventExecutor.java:472)
2025-01-28 23:41:12,926 INFO c.h.h.t.HelmChartContainer - [hivemq-test-hivemq-platform] [hivemq-platform-operator] [0e4e010d] 	at io.netty.channel.nio.NioEventLoop.run(NioEventLoop.java:569)
2025-01-28 23:41:12,926 INFO c.h.h.t.HelmChartContainer - [hivemq-test-hivemq-platform] [hivemq-platform-operator] [0e4e010d] 	at io.netty.util.concurrent.SingleThreadEventExecutor$4.run(SingleThreadEventExecutor.java:997)
2025-01-28 23:41:12,926 INFO c.h.h.t.HelmChartContainer - [hivemq-test-hivemq-platform] [hivemq-platform-operator] [0e4e010d] 	at io.netty.util.internal.ThreadExecutorMap$2.run(ThreadExecutorMap.java:74)
2025-01-28 23:41:12,926 INFO c.h.h.t.HelmChartContainer - [hivemq-test-hivemq-platform] [hivemq-platform-operator] [0e4e010d] 	at io.netty.util.concurrent.FastThreadLocalRunnable.run(FastThreadLocalRunnable.java:30)
2025-01-28 23:41:12,926 INFO c.h.h.t.HelmChartContainer - [hivemq-test-hivemq-platform] [hivemq-platform-operator] [0e4e010d] 	... 1 common frames omitted
2025-01-28 23:41:12,931 INFO c.h.h.t.HelmChartContainer - [hivemq-test-hivemq-platform] [hivemq-platform-operator] [0e4e010d] 23:41:12.929 [ReconcilerExecutor-hivemq-controller-122] INFO  c.h.p.o.HiveMQPlatformReconciler - [helmaddi] Cleanup test-hivemq-platform - helmadditionalvolumesit HiveMQ Platform is shut down
2025-01-28 23:41:13,126 INFO c.h.h.t.HelmChartContainer - [K3S] [stateful_set.go:466] "StatefulSet has been deleted" key="helmadditionalvolumesit/test-hivemq-platform"
2025-01-28 23:41:13,353 INFO c.h.h.t.HelmChartContainer - [POD] test-hivemq-platform-0 [6449f51a-af5e-4c66-8210-87f5251d20e6] in helmadditionalvolumesit was MODIFIED
2025-01-28 23:41:13,357 INFO c.h.h.t.HelmChartContainer - [EVENT] Normal [Killing] Stopping container hivemq [helmadditionalvolumesit:test-hivemq-platform-0]
2025-01-28 23:41:13,357 INFO c.h.h.t.HelmChartContainer - Received Killing event for container hivemq in pod test-hivemq-platform-0 [6449f51a-af5e-4c66-8210-87f5251d20e6]
2025-01-28 23:41:13,357 INFO c.h.h.t.HelmChartContainer - Container [test-hivemq-platform-0] [hivemq] [6449f51a-af5e-4c66-8210-87f5251d20e6] was terminated
2025-01-28 23:41:13,357 INFO c.h.h.t.HelmChartContainer - Stopped log watcher for hivemq in pod test-hivemq-platform-0 [6449f51a-af5e-4c66-8210-87f5251d20e6]
2025-01-28 23:41:13,361 INFO c.h.h.t.HelmChartContainer - [test-hivemq-platform] [hivemq] [6449f51a] INFO  - [HiveMQ Platform Operator Init App 1.7.0-SNAPSHOT] Shutting down
2025-01-28 23:41:13,361 INFO c.h.h.t.HelmChartContainer - [test-hivemq-platform] [hivemq] [6449f51a] INFO  - [HiveMQ Platform Operator Init App 1.7.0-SNAPSHOT] Stopping the HiveMQ Platform
2025-01-28 23:41:13,436 INFO c.h.h.t.HelmChartContainer - [test-hivemq-platform] [hivemq] [6449f51a] INFO  - Shutting down HiveMQ. Please wait, this could take a while...
2025-01-28 23:41:13,440 INFO c.h.h.t.HelmChartContainer - [test-hivemq-platform] [hivemq] [6449f51a] INFO  - Shutting down listeners and clients
2025-01-28 23:41:13,520 INFO c.h.h.t.HelmChartContainer - [test-hivemq-platform] [hivemq] [6449f51a] INFO  - Shutdown of listeners is done
2025-01-28 23:41:13,520 INFO c.h.h.t.HelmChartContainer - [test-hivemq-platform] [hivemq] [6449f51a] INFO  - No clients are connected, proceeding with shutdown
2025-01-28 23:41:14,728 INFO c.h.h.t.HelmChartContainer - Deleting namespace 'helmadditionalvolumesit'...
2025-01-28 23:41:15,228 INFO c.h.h.t.HelmChartContainer - [test-hivemq-platform] [hivemq] [6449f51a] INFO  - [HiveMQ Platform Operator Init App 1.7.0-SNAPSHOT] Returning shutdown Health API response 503 for readiness
2025-01-28 23:41:15,232 INFO c.h.h.t.HelmChartContainer - [EVENT] Warning [Unhealthy] Readiness probe failed: HTTP probe failed with statuscode: 503 [helmadditionalvolumesit:test-hivemq-platform-0]
2025-01-28 23:41:15,232 INFO c.h.h.t.HelmChartContainer - Received Unhealthy event for container hivemq in pod test-hivemq-platform-0 [6449f51a-af5e-4c66-8210-87f5251d20e6]
2025-01-28 23:41:15,635 INFO c.h.h.t.HelmChartContainer - [K3S] [authentication.go:74] "Unable to authenticate the request" err="[invalid bearer token, serviceaccounts \"hivemq-platform-pod-test-hivemq-platform\" not found]"
2025-01-28 23:41:15,650 INFO c.h.h.t.HelmChartContainer - [K3S] [authentication.go:74] "Unable to authenticate the request" err="[invalid bearer token, serviceaccounts \"hivemq-platform-pod-test-hivemq-platform\" not found]"
2025-01-28 23:41:15,726 INFO c.h.h.t.HelmChartContainer - [test-hivemq-platform] [hivemq] [6449f51a] WARN  - [HiveMQ Platform Operator Init App 1.7.0-SNAPSHOT] Could not update Pod annotations: Failure executing: GET at: https://10.43.0.1:443/api/v1/namespaces/helmadditionalvolumesit/pods/test-hivemq-platform-0. Message: Unauthorized. Received status: Status(apiVersion=v1, code=401, details=null, kind=Status, message=Unauthorized, metadata=ListMeta(_continue=null, remainingItemCount=null, resourceVersion=null, selfLink=null, additionalProperties={}), reason=Unauthorized, status=Failure, additionalProperties={}).
2025-01-28 23:41:16,125 INFO c.h.h.t.HelmChartContainer - [test-hivemq-platform] [hivemq] [6449f51a] INFO  - Shutting down extension system
2025-01-28 23:41:16,127 INFO c.h.h.t.HelmChartContainer - [test-hivemq-platform] [hivemq] [6449f51a] INFO  - Stopping extension with id hivemq-dns-cluster-discovery
2025-01-28 23:41:16,128 INFO c.h.h.t.HelmChartContainer - [test-hivemq-platform] [hivemq] [6449f51a] INFO  - Extension "DNS Cluster Discovery Extension" version 4.3.2 stopped successfully.
2025-01-28 23:41:16,129 INFO c.h.h.t.HelmChartContainer - [test-hivemq-platform] [hivemq] [6449f51a] INFO  - Stopping extension with id hivemq-prometheus-extension
2025-01-28 23:41:16,133 INFO c.h.h.t.HelmChartContainer - [test-hivemq-platform] [hivemq] [6449f51a] INFO  - Extension "Prometheus Monitoring Extension" version 4.0.12 stopped successfully.
2025-01-28 23:41:16,133 INFO c.h.h.t.HelmChartContainer - [test-hivemq-platform] [hivemq] [6449f51a] INFO  - Stopping extension with id hivemq-allow-all-extension
2025-01-28 23:41:16,133 INFO c.h.h.t.HelmChartContainer - [test-hivemq-platform] [hivemq] [6449f51a] INFO  - Extension "Allow All Extension" version 1.1.1 stopped successfully.
2025-01-28 23:41:18,410 INFO c.h.h.t.HelmChartContainer - [test-hivemq-platform] [hivemq] [6449f51a] INFO  - Shutdown completed.
2025-01-28 23:41:18,765 INFO c.h.h.t.HelmChartContainer - [test-hivemq-platform] [hivemq] [6449f51a] INFO  - [HiveMQ Platform Operator Init App 1.7.0-SNAPSHOT] The HiveMQ Platform exited with code 143
2025-01-28 23:41:18,765 INFO c.h.h.t.HelmChartContainer - [test-hivemq-platform] [hivemq] [6449f51a] INFO  - [HiveMQ Platform Operator Init App 1.7.0-SNAPSHOT] Stopping the REST API
2025-01-28 23:41:18,769 INFO c.h.h.t.HelmChartContainer - [test-hivemq-platform] [hivemq] [6449f51a] INFO  - [HiveMQ Platform Operator Init App 1.7.0-SNAPSHOT] Shutdown complete
2025-01-28 23:41:19,233 INFO c.h.h.t.HelmChartContainer - [POD] test-hivemq-platform-0 [6449f51a-af5e-4c66-8210-87f5251d20e6] in helmadditionalvolumesit was MODIFIED
2025-01-28 23:41:19,284 INFO c.h.h.t.HelmChartContainer - [K3S] [reconciler_common.go:162] "operationExecutor.UnmountVolume started for volume \"test-secret-volume\" (UniqueName: \"kubernetes.io/secret/6449f51a-af5e-4c66-8210-87f5251d20e6-test-secret-volume\") pod \"6449f51a-af5e-4c66-8210-87f5251d20e6\" (UID: \"6449f51a-af5e-4c66-8210-87f5251d20e6\") "
2025-01-28 23:41:19,284 INFO c.h.h.t.HelmChartContainer - [K3S] [reconciler_common.go:162] "operationExecutor.UnmountVolume started for volume \"test-empty-dir-volume\" (UniqueName: \"kubernetes.io/empty-dir/6449f51a-af5e-4c66-8210-87f5251d20e6-test-empty-dir-volume\") pod \"6449f51a-af5e-4c66-8210-87f5251d20e6\" (UID: \"6449f51a-af5e-4c66-8210-87f5251d20e6\") "
2025-01-28 23:41:19,285 INFO c.h.h.t.HelmChartContainer - [K3S] [reconciler_common.go:162] "operationExecutor.UnmountVolume started for volume \"broker-configuration\" (UniqueName: \"kubernetes.io/configmap/6449f51a-af5e-4c66-8210-87f5251d20e6-broker-configuration\") pod \"6449f51a-af5e-4c66-8210-87f5251d20e6\" (UID: \"6449f51a-af5e-4c66-8210-87f5251d20e6\") "
2025-01-28 23:41:19,285 INFO c.h.h.t.HelmChartContainer - [K3S] [reconciler_common.go:162] "operationExecutor.UnmountVolume started for volume \"test-mount-volume\" (UniqueName: \"kubernetes.io/configmap/6449f51a-af5e-4c66-8210-87f5251d20e6-test-mount-volume\") pod \"6449f51a-af5e-4c66-8210-87f5251d20e6\" (UID: \"6449f51a-af5e-4c66-8210-87f5251d20e6\") "
2025-01-28 23:41:19,285 INFO c.h.h.t.HelmChartContainer - [K3S] [reconciler_common.go:162] "operationExecutor.UnmountVolume started for volume \"pod-info\" (UniqueName: \"kubernetes.io/configmap/6449f51a-af5e-4c66-8210-87f5251d20e6-pod-info\") pod \"6449f51a-af5e-4c66-8210-87f5251d20e6\" (UID: \"6449f51a-af5e-4c66-8210-87f5251d20e6\") "
2025-01-28 23:41:19,285 INFO c.h.h.t.HelmChartContainer - [K3S] [reconciler_common.go:162] "operationExecutor.UnmountVolume started for volume \"operator-init\" (UniqueName: \"kubernetes.io/empty-dir/6449f51a-af5e-4c66-8210-87f5251d20e6-operator-init\") pod \"6449f51a-af5e-4c66-8210-87f5251d20e6\" (UID: \"6449f51a-af5e-4c66-8210-87f5251d20e6\") "
2025-01-28 23:41:19,285 INFO c.h.h.t.HelmChartContainer - [K3S] [reconciler_common.go:162] "operationExecutor.UnmountVolume started for volume \"kube-api-access-sxbzt\" (UniqueName: \"kubernetes.io/projected/6449f51a-af5e-4c66-8210-87f5251d20e6-kube-api-access-sxbzt\") pod \"6449f51a-af5e-4c66-8210-87f5251d20e6\" (UID: \"6449f51a-af5e-4c66-8210-87f5251d20e6\") "
2025-01-28 23:41:19,285 INFO c.h.h.t.HelmChartContainer - [K3S] [reconciler_common.go:162] "operationExecutor.UnmountVolume started for volume \"test-persistent-volume-claim\" (UniqueName: \"kubernetes.io/local-volume/pvc-325d3045-90dd-4142-8036-0d98e87fe7b7\") pod \"6449f51a-af5e-4c66-8210-87f5251d20e6\" (UID: \"6449f51a-af5e-4c66-8210-87f5251d20e6\") "
2025-01-28 23:41:19,385 INFO c.h.h.t.HelmChartContainer - [K3S] [reconciler_common.go:299] "Volume detached for volume \"operator-init\" (UniqueName: \"kubernetes.io/empty-dir/6449f51a-af5e-4c66-8210-87f5251d20e6-operator-init\") on node \"30604870d153\" DevicePath \"\""
2025-01-28 23:41:19,385 INFO c.h.h.t.HelmChartContainer - [K3S] [reconciler_common.go:299] "Volume detached for volume \"kube-api-access-sxbzt\" (UniqueName: \"kubernetes.io/projected/6449f51a-af5e-4c66-8210-87f5251d20e6-kube-api-access-sxbzt\") on node \"30604870d153\" DevicePath \"\""
2025-01-28 23:41:19,385 INFO c.h.h.t.HelmChartContainer - [K3S] [reconciler_common.go:292] "operationExecutor.UnmountDevice started for volume \"pvc-325d3045-90dd-4142-8036-0d98e87fe7b7\" (UniqueName: \"kubernetes.io/local-volume/pvc-325d3045-90dd-4142-8036-0d98e87fe7b7\") on node \"30604870d153\" "
2025-01-28 23:41:19,385 INFO c.h.h.t.HelmChartContainer - [K3S] [reconciler_common.go:299] "Volume detached for volume \"test-mount-volume\" (UniqueName: \"kubernetes.io/configmap/6449f51a-af5e-4c66-8210-87f5251d20e6-test-mount-volume\") on node \"30604870d153\" DevicePath \"\""
2025-01-28 23:41:19,385 INFO c.h.h.t.HelmChartContainer - [K3S] [reconciler_common.go:299] "Volume detached for volume \"test-secret-volume\" (UniqueName: \"kubernetes.io/secret/6449f51a-af5e-4c66-8210-87f5251d20e6-test-secret-volume\") on node \"30604870d153\" DevicePath \"\""
2025-01-28 23:41:19,385 INFO c.h.h.t.HelmChartContainer - [K3S] [reconciler_common.go:299] "Volume detached for volume \"test-empty-dir-volume\" (UniqueName: \"kubernetes.io/empty-dir/6449f51a-af5e-4c66-8210-87f5251d20e6-test-empty-dir-volume\") on node \"30604870d153\" DevicePath \"\""
2025-01-28 23:41:19,385 INFO c.h.h.t.HelmChartContainer - [K3S] [reconciler_common.go:299] "Volume detached for volume \"broker-configuration\" (UniqueName: \"kubernetes.io/configmap/6449f51a-af5e-4c66-8210-87f5251d20e6-broker-configuration\") on node \"30604870d153\" DevicePath \"\""
2025-01-28 23:41:19,385 INFO c.h.h.t.HelmChartContainer - [K3S] [reconciler_common.go:299] "Volume detached for volume \"pod-info\" (UniqueName: \"kubernetes.io/configmap/6449f51a-af5e-4c66-8210-87f5251d20e6-pod-info\") on node \"30604870d153\" DevicePath \"\""
2025-01-28 23:41:19,486 INFO c.h.h.t.HelmChartContainer - [K3S] [reconciler_common.go:299] "Volume detached for volume \"pvc-325d3045-90dd-4142-8036-0d98e87fe7b7\" (UniqueName: \"kubernetes.io/local-volume/pvc-325d3045-90dd-4142-8036-0d98e87fe7b7\") on node \"30604870d153\" DevicePath \"\""
2025-01-28 23:41:19,887 INFO c.h.h.t.HelmChartContainer - [K3S] [namespace_controller.go:164] "Unhandled Error" err="deletion of namespace helmadditionalvolumesit failed: unexpected items still remain in namespace: helmadditionalvolumesit for gvr: /v1, Resource=pods"
2025-01-28 23:41:19,970 INFO c.h.h.t.HelmChartContainer - [K3S] [scope.go:117] "RemoveContainer" containerID="3f5d263d944427b01731889d6e5146d78935efe7d2abcc22a1230db12d7064f9"
2025-01-28 23:41:19,986 INFO c.h.h.t.HelmChartContainer - [POD] test-hivemq-platform-0 [6449f51a-af5e-4c66-8210-87f5251d20e6] in helmadditionalvolumesit was MODIFIED
2025-01-28 23:41:19,995 INFO c.h.h.t.HelmChartContainer - [POD] test-hivemq-platform-0 [6449f51a-af5e-4c66-8210-87f5251d20e6] in helmadditionalvolumesit was DELETED
2025-01-28 23:41:20,021 INFO c.h.h.t.HelmChartContainer - [K3S] [memory_manager.go:355] "RemoveStaleState removing state" podUID="6449f51a-af5e-4c66-8210-87f5251d20e6" containerName="hivemq"
2025-01-28 23:41:20,023 INFO c.h.h.t.HelmChartContainer - [POD] helper-pod-delete-pvc-325d3045-90dd-4142-8036-0d98e87fe7b7 [3048e001-4c66-4b1c-ab00-e9fe18f647b3] in kube-system was ADDED
2025-01-28 23:41:20,031 INFO c.h.h.t.HelmChartContainer - [POD] helper-pod-delete-pvc-325d3045-90dd-4142-8036-0d98e87fe7b7 [3048e001-4c66-4b1c-ab00-e9fe18f647b3] in kube-system was MODIFIED
2025-01-28 23:41:20,083 INFO c.h.h.t.HelmChartContainer - [K3S] [scope.go:117] "RemoveContainer" containerID="5dbd4a1e2edaab9a914079f26567cddf3677bf6e19e7afa9a5f27420a8e681d4"
2025-01-28 23:41:20,086 INFO c.h.h.t.HelmChartContainer - [K3S] [scope.go:117] "RemoveContainer" containerID="3f5d263d944427b01731889d6e5146d78935efe7d2abcc22a1230db12d7064f9"
2025-01-28 23:41:20,087 INFO c.h.h.t.HelmChartContainer - [K3S] [scope.go:117] "RemoveContainer" containerID="5dbd4a1e2edaab9a914079f26567cddf3677bf6e19e7afa9a5f27420a8e681d4"
2025-01-28 23:41:20,089 INFO c.h.h.t.HelmChartContainer - [K3S] [reconciler_common.go:251] "operationExecutor.VerifyControllerAttachedVolume started for volume \"data\" (UniqueName: \"kubernetes.io/host-path/3048e001-4c66-4b1c-ab00-e9fe18f647b3-data\") pod \"helper-pod-delete-pvc-325d3045-90dd-4142-8036-0d98e87fe7b7\" (UID: \"3048e001-4c66-4b1c-ab00-e9fe18f647b3\") " pod="kube-system/helper-pod-delete-pvc-325d3045-90dd-4142-8036-0d98e87fe7b7"
2025-01-28 23:41:20,089 INFO c.h.h.t.HelmChartContainer - [K3S] [reconciler_common.go:251] "operationExecutor.VerifyControllerAttachedVolume started for volume \"script\" (UniqueName: \"kubernetes.io/configmap/3048e001-4c66-4b1c-ab00-e9fe18f647b3-script\") pod \"helper-pod-delete-pvc-325d3045-90dd-4142-8036-0d98e87fe7b7\" (UID: \"3048e001-4c66-4b1c-ab00-e9fe18f647b3\") " pod="kube-system/helper-pod-delete-pvc-325d3045-90dd-4142-8036-0d98e87fe7b7"
2025-01-28 23:41:20,090 INFO c.h.h.t.HelmChartContainer - [K3S] [reconciler_common.go:251] "operationExecutor.VerifyControllerAttachedVolume started for volume \"kube-api-access-dng5j\" (UniqueName: \"kubernetes.io/projected/3048e001-4c66-4b1c-ab00-e9fe18f647b3-kube-api-access-dng5j\") pod \"helper-pod-delete-pvc-325d3045-90dd-4142-8036-0d98e87fe7b7\" (UID: \"3048e001-4c66-4b1c-ab00-e9fe18f647b3\") " pod="kube-system/helper-pod-delete-pvc-325d3045-90dd-4142-8036-0d98e87fe7b7"
2025-01-28 23:41:20,248 INFO c.h.h.t.HelmChartContainer - Namespace 'helmadditionalvolumesit' deleted
2025-01-28 23:41:20,248 INFO c.h.h.t.HelmChartContainer - Release 'test-hivemq-platform' in namespace 'helmadditionalvolumesit' is uninstalled
2025-01-28 23:41:20,248 INFO c.h.h.t.HelmChartContainer - Uninstalling release 'test-hivemq-platform-operator' in namespace 'helmadditionalvolumesit-operator'...
2025-01-28 23:41:20,248 DEBUG c.h.h.t.HelmChartContainer - Executing helm command: /bin/helm --kubeconfig /etc/rancher/k3s/k3s.yaml uninstall test-hivemq-platform-operator  --wait --timeout 5m0s --cascade foreground --namespace helmadditionalvolumesit-operator
2025-01-28 23:41:20,430 INFO c.h.h.t.HelmChartContainer - [K3S] [replica_set.go:679] "Finished syncing" kind="ReplicaSet" key="helmadditionalvolumesit-operator/hivemq-test-hivemq-platform-operator-6966f96d65" duration="14.63466ms"
2025-01-28 23:41:20,431 INFO c.h.h.t.HelmChartContainer - [K3S] [replica_set.go:679] "Finished syncing" kind="ReplicaSet" key="helmadditionalvolumesit-operator/hivemq-test-hivemq-platform-operator-6966f96d65" duration="37.039µs"
2025-01-28 23:41:20,458 INFO c.h.h.t.HelmChartContainer - [POD] hivemq-test-hivemq-platform-operator-6966f96d65-58qlz [0e4e010d-474c-42e8-9957-9f002d164d3f] in helmadditionalvolumesit-operator was MODIFIED
2025-01-28 23:41:20,488 INFO c.h.h.t.HelmChartContainer - [K3S] [replica_set.go:679] "Finished syncing" kind="ReplicaSet" key="helmadditionalvolumesit-operator/hivemq-test-hivemq-platform-operator-6966f96d65" duration="30.692024ms"
2025-01-28 23:41:20,491 INFO c.h.h.t.HelmChartContainer - [EVENT] Normal [Killing] Stopping container hivemq-platform-operator [helmadditionalvolumesit-operator:hivemq-test-hivemq-platform-operator-6966f96d65-58qlz]
2025-01-28 23:41:20,491 INFO c.h.h.t.HelmChartContainer - Received Killing event for container hivemq-platform-operator in pod hivemq-test-hivemq-platform-operator-6966f96d65-58qlz [0e4e010d-474c-42e8-9957-9f002d164d3f]
2025-01-28 23:41:20,491 INFO c.h.h.t.HelmChartContainer - Container [hivemq-test-hivemq-platform-operator-6966f96d65-58qlz] [hivemq-platform-operator] [0e4e010d-474c-42e8-9957-9f002d164d3f] was terminated
2025-01-28 23:41:20,491 INFO c.h.h.t.HelmChartContainer - Stopped log watcher for hivemq-platform-operator in pod hivemq-test-hivemq-platform-operator-6966f96d65-58qlz [0e4e010d-474c-42e8-9957-9f002d164d3f]
2025-01-28 23:41:20,504 INFO c.h.h.t.HelmChartContainer - [K3S] [replica_set.go:679] "Finished syncing" kind="ReplicaSet" key="helmadditionalvolumesit-operator/hivemq-test-hivemq-platform-operator-6966f96d65" duration="121.027µs"
2025-01-28 23:41:20,519 INFO c.h.h.t.HelmChartContainer - [hivemq-test-hivemq-platform] [hivemq-platform-operator] [0e4e010d] 23:41:20.518 [application-shutdown-thread] INFO  c.h.p.o.HiveMQPlatformOperatorApplication - HiveMQ Platform Operator is stopping...
2025-01-28 23:41:20,519 INFO c.h.h.t.HelmChartContainer - [hivemq-test-hivemq-platform] [hivemq-platform-operator] [0e4e010d] 23:41:20.518 [application-shutdown-thread] INFO  i.javaoperatorsdk.operator.Operator - Operator SDK 4.9.7 is shutting down...
2025-01-28 23:41:20,981 INFO c.h.h.t.HelmChartContainer - [POD] helper-pod-delete-pvc-325d3045-90dd-4142-8036-0d98e87fe7b7 [3048e001-4c66-4b1c-ab00-e9fe18f647b3] in kube-system was MODIFIED
2025-01-28 23:41:21,047 INFO c.h.h.t.HelmChartContainer - [K3S] [replica_set.go:679] "Finished syncing" kind="ReplicaSet" key="helmadditionalvolumesit-operator/hivemq-test-hivemq-platform-operator-6966f96d65" duration="44.173µs"
2025-01-28 23:41:21,047 INFO c.h.h.t.HelmChartContainer - [POD] hivemq-test-hivemq-platform-operator-6966f96d65-58qlz [0e4e010d-474c-42e8-9957-9f002d164d3f] in helmadditionalvolumesit-operator was MODIFIED
2025-01-28 23:41:21,096 INFO c.h.h.t.HelmChartContainer - [K3S] [reconciler_common.go:162] "operationExecutor.UnmountVolume started for volume \"kube-api-access-9sp72\" (UniqueName: \"kubernetes.io/projected/0e4e010d-474c-42e8-9957-9f002d164d3f-kube-api-access-9sp72\") pod \"0e4e010d-474c-42e8-9957-9f002d164d3f\" (UID: \"0e4e010d-474c-42e8-9957-9f002d164d3f\") "
2025-01-28 23:41:21,184 INFO c.h.h.t.HelmChartContainer - [K3S] [kubelet_volumes.go:163] "Cleaned up orphaned pod volumes dir" podUID="6449f51a-af5e-4c66-8210-87f5251d20e6" path="/var/lib/kubelet/pods/6449f51a-af5e-4c66-8210-87f5251d20e6/volumes"
2025-01-28 23:41:21,197 INFO c.h.h.t.HelmChartContainer - [K3S] [reconciler_common.go:299] "Volume detached for volume \"kube-api-access-9sp72\" (UniqueName: \"kubernetes.io/projected/0e4e010d-474c-42e8-9957-9f002d164d3f-kube-api-access-9sp72\") on node \"30604870d153\" DevicePath \"\""
2025-01-28 23:41:21,976 INFO c.h.h.t.HelmChartContainer - [K3S] [scope.go:117] "RemoveContainer" containerID="3ba887aef38a21fa03016d7fb81b20065a021f797dfa49e8ed99cd58aac3f90e"
2025-01-28 23:41:21,979 INFO c.h.h.t.HelmChartContainer - [K3S] [scope.go:117] "RemoveContainer" containerID="3ba887aef38a21fa03016d7fb81b20065a021f797dfa49e8ed99cd58aac3f90e"
2025-01-28 23:41:21,986 INFO c.h.h.t.HelmChartContainer - [K3S] [replica_set.go:679] "Finished syncing" kind="ReplicaSet" key="helmadditionalvolumesit-operator/hivemq-test-hivemq-platform-operator-6966f96d65" duration="51.407µs"
2025-01-28 23:41:21,987 INFO c.h.h.t.HelmChartContainer - [POD] hivemq-test-hivemq-platform-operator-6966f96d65-58qlz [0e4e010d-474c-42e8-9957-9f002d164d3f] in helmadditionalvolumesit-operator was MODIFIED
2025-01-28 23:41:21,989 INFO c.h.h.t.HelmChartContainer - [K3S] [replica_set.go:679] "Finished syncing" kind="ReplicaSet" key="helmadditionalvolumesit-operator/hivemq-test-hivemq-platform-operator-6966f96d65" duration="28.884µs"
2025-01-28 23:41:21,989 INFO c.h.h.t.HelmChartContainer - [POD] hivemq-test-hivemq-platform-operator-6966f96d65-58qlz [0e4e010d-474c-42e8-9957-9f002d164d3f] in helmadditionalvolumesit-operator was DELETED
2025-01-28 23:41:22,003 INFO c.h.h.t.HelmChartContainer - [K3S] [replica_set.go:679] "Finished syncing" kind="ReplicaSet" key="helmadditionalvolumesit-operator/hivemq-test-hivemq-platform-operator-6966f96d65" duration="17.633µs"
2025-01-28 23:41:22,073 INFO c.h.h.t.HelmChartContainer - [POD] helper-pod-delete-pvc-325d3045-90dd-4142-8036-0d98e87fe7b7 [3048e001-4c66-4b1c-ab00-e9fe18f647b3] in kube-system was MODIFIED
2025-01-28 23:41:22,103 INFO c.h.h.t.HelmChartContainer - [K3S] [reconciler_common.go:162] "operationExecutor.UnmountVolume started for volume \"data\" (UniqueName: \"kubernetes.io/host-path/3048e001-4c66-4b1c-ab00-e9fe18f647b3-data\") pod \"3048e001-4c66-4b1c-ab00-e9fe18f647b3\" (UID: \"3048e001-4c66-4b1c-ab00-e9fe18f647b3\") "
2025-01-28 23:41:22,103 INFO c.h.h.t.HelmChartContainer - [K3S] [reconciler_common.go:162] "operationExecutor.UnmountVolume started for volume \"kube-api-access-dng5j\" (UniqueName: \"kubernetes.io/projected/3048e001-4c66-4b1c-ab00-e9fe18f647b3-kube-api-access-dng5j\") pod \"3048e001-4c66-4b1c-ab00-e9fe18f647b3\" (UID: \"3048e001-4c66-4b1c-ab00-e9fe18f647b3\") "
2025-01-28 23:41:22,103 INFO c.h.h.t.HelmChartContainer - [K3S] [reconciler_common.go:162] "operationExecutor.UnmountVolume started for volume \"script\" (UniqueName: \"kubernetes.io/configmap/3048e001-4c66-4b1c-ab00-e9fe18f647b3-script\") pod \"3048e001-4c66-4b1c-ab00-e9fe18f647b3\" (UID: \"3048e001-4c66-4b1c-ab00-e9fe18f647b3\") "
2025-01-28 23:41:22,203 INFO c.h.h.t.HelmChartContainer - [K3S] [reconciler_common.go:299] "Volume detached for volume \"script\" (UniqueName: \"kubernetes.io/configmap/3048e001-4c66-4b1c-ab00-e9fe18f647b3-script\") on node \"30604870d153\" DevicePath \"\""
2025-01-28 23:41:22,204 INFO c.h.h.t.HelmChartContainer - [K3S] [reconciler_common.go:299] "Volume detached for volume \"data\" (UniqueName: \"kubernetes.io/host-path/3048e001-4c66-4b1c-ab00-e9fe18f647b3-data\") on node \"30604870d153\" DevicePath \"\""
2025-01-28 23:41:22,204 INFO c.h.h.t.HelmChartContainer - [K3S] [reconciler_common.go:299] "Volume detached for volume \"kube-api-access-dng5j\" (UniqueName: \"kubernetes.io/projected/3048e001-4c66-4b1c-ab00-e9fe18f647b3-kube-api-access-dng5j\") on node \"30604870d153\" DevicePath \"\""
2025-01-28 23:41:22,488 INFO c.h.h.t.HelmChartContainer - Deleting namespace 'helmadditionalvolumesit-operator'...
2025-01-28 23:41:22,978 INFO c.h.h.t.HelmChartContainer - [K3S] [pod_container_deletor.go:80] "Container not found in pod's containers" containerID="3e5ebef7942dea1b169a99070a0b4744d4a54000b193509d91c413720cd30fb0"
2025-01-28 23:41:23,041 INFO c.h.h.t.HelmChartContainer - [POD] helper-pod-delete-pvc-325d3045-90dd-4142-8036-0d98e87fe7b7 [3048e001-4c66-4b1c-ab00-e9fe18f647b3] in kube-system was MODIFIED
2025-01-28 23:41:23,043 INFO c.h.h.t.HelmChartContainer - [POD] helper-pod-delete-pvc-325d3045-90dd-4142-8036-0d98e87fe7b7 [3048e001-4c66-4b1c-ab00-e9fe18f647b3] in kube-system was DELETED
2025-01-28 23:41:23,184 INFO c.h.h.t.HelmChartContainer - [K3S] [kubelet_volumes.go:163] "Cleaned up orphaned pod volumes dir" podUID="0e4e010d-474c-42e8-9957-9f002d164d3f" path="/var/lib/kubelet/pods/0e4e010d-474c-42e8-9957-9f002d164d3f/volumes"
2025-01-28 23:41:23,184 INFO c.h.h.t.HelmChartContainer - [K3S] [kubelet_volumes.go:163] "Cleaned up orphaned pod volumes dir" podUID="3048e001-4c66-4b1c-ab00-e9fe18f647b3" path="/var/lib/kubelet/pods/3048e001-4c66-4b1c-ab00-e9fe18f647b3/volumes"
2025-01-28 23:41:25,166 INFO c.h.h.t.HelmChartContainer - [K3S] [namespace_controller.go:187] "Namespace has been deleted" namespace="helmadditionalvolumesit"
2025-01-28 23:41:27,705 INFO c.h.h.t.HelmChartContainer - Namespace 'helmadditionalvolumesit-operator' deleted
2025-01-28 23:41:27,705 INFO c.h.h.t.HelmChartContainer - Release 'test-hivemq-platform-operator' in namespace 'helmadditionalvolumesit-operator' is uninstalled
2025-01-28 23:41:28,556 INFO c.h.helmcharts.AbstractHelmChartIT - Removed unused containers:

2025-01-28 23:41:31,456 INFO c.h.h.t.HelmChartContainer - [K3S] [scope.go:117] "RemoveContainer" containerID="f3ecec5eb8091d649a1d172d7d752a60e7062cf7bfc602bb47fcd8647ce0e6e3"
2025-01-28 23:41:32,610 INFO c.h.h.t.HelmChartContainer - [K3S] [namespace_controller.go:187] "Namespace has been deleted" namespace="helmadditionalvolumesit-operator"
2025-01-28 23:41:36,489 INFO c.h.helmcharts.AbstractHelmChartIT - Removed unused snapshots:
Removing snapshot sha256:03af251906410714c5aef9fa705b63f6bbc39c4a5e787de7361eeb18886c2ed2
Removing snapshot sha256:0c46b3b43cce082ce5ec34ffc6c294e0417d17b9d1e6f366d114b6aadc4f96dc
Removing snapshot sha256:0ce761beee59082d6ed5bcebd3a805b8ddd9b3426b617e4809e7fb7c6587ffec
Removing snapshot sha256:0df91287303208332c8ff6ba40ae4710105201739addbfbddfb955f1ad593664
Removing snapshot sha256:1021ef88c7974bfff89c5a0ec4fd3160daac6c48a075f74cff721f85dd104e68
Removing snapshot sha256:10aba4953ddc18145dd38e3704709bc464aa20af60b56fe52caaff4b68411e62
Removing snapshot sha256:2573e0d8158209ed54ab25c87bcdcb00bd3d2539246960a3d592a1c599d70465
Removing snapshot sha256:2b08232521aa270897b8611348e90beff42bcb3fd5f18c756778529f02e0e8a9
Removing snapshot sha256:362a8a37f8bbc31925a8146adcf7cf51f9882f5c1dcbef67c5baa03a297543c0
Removing snapshot sha256:3fa4ad33f0ddc8fd45b39b6b4640f82a3a83619606cd975bfe89d8710ad2d4cd
Removing snapshot sha256:43a7c979bbaba6838bc3102d6b10a1459f3ab050b87ccdfef84ef90cf43d3058
Removing snapshot sha256:4ab04491cdf0d3267f08206fe30bd48f49f94b9cab2f016d6739220f722a64af
Removing snapshot sha256:4b6068250e89c96f263060261819c7d912855bfbd64b3eb4c4a8483299b8c295
Removing snapshot sha256:580e69a0a8034ede1921139bbd2bfb72a69ebf276d008281896c32dd8bf74775
Removing snapshot sha256:5d30ba46b27fe37484567ccc5242cadc78217b8da605f3f195ef25cbf7487904
Removing snapshot sha256:63ca1fbb43ae5034640e5e6cb3e083e05c290072c5366fcaa9d62435a4cced85
Removing snapshot sha256:66140dc7271ceb0a9b5e521509e7d96b916d4182681f723881bfae89675de7f6
Removing snapshot sha256:67f702c6baae873bceb19487c8b1f27bd2b86077e4f2f0e480e6d60ab508b8f5
Removing snapshot sha256:6864348dd42806d552efdec384f1274be15e2d0c10ce44c1f04347af004c10a9
Removing snapshot sha256:6c7dee8f2c39b84b7dc2711c01d33de93514d9055499173e9290176fbe484b6c
Removing snapshot sha256:82753493a6d61ded36556292f02f31841a14c20d2f279f19eaad65afb661d5cd
Removing snapshot sha256:8a10d3db42c505ee0fcfa98417bdd7e39b304f6bcc0a06bb1b220797ff2cc63c
Removing snapshot sha256:a0904247e36a7726c03c71ee48f3e64462021c88dafeb13f37fdaf613b27f11c
Removing snapshot sha256:a21e5b12dbac529ad45d976eb9ce45c881f3bedcc500fb30aba1e52aa1813418
Removing snapshot sha256:b921e6c28969094157f9b8e7244677780319637afd14450b7cb6b2fdea558a0c
Removing snapshot sha256:bc27ecb5769a00e309cf99ebc763c4a4b958b618d1decc96ffac5bc05f02f5b7
Removing snapshot sha256:be3ccb6627a5332e309d45ef461d09b4879dd870c7394d89323d0ebc6ca6aa8a
Removing snapshot sha256:c261f7cbbc64211ee175ee47273acdb7b1a36a4450b397a064a8f2c026490095
Removing snapshot sha256:c34d9393647eea0c9e3557ab988efaf59f61d10a2a5613b439ef0958cca5ec10
Removing snapshot sha256:ccf3c4a0fa967a41c1c83497a2ce6fa5787965859df0adb32c4ca2cf7490bc2b
Removing snapshot sha256:cf92d33f869417309692088c341cd0f223c178ea78a125f757317b22aa8f90e9
Removing snapshot sha256:d0037344cf2fb078884f1849f6a1f8cf9a33a3b6139b6a85833e5ee528e1f9a8
Removing snapshot sha256:d3b36d5b79273b1e98e7700470eaeff05a882e777124d84cebcc1505b85ecb36
Removing snapshot sha256:d65a44a37914602d12c611e5e22a50f11451d847e63015cc1c2aef92dee777a4
Removing snapshot sha256:e2dc0bae2455930f23ae570e019b7f32edc75c0f2d71cab084db837ff9051796
Removing snapshot sha256:ebc83e24906fa9508d97ec9d4456dc107ec0d476a4cf53f910a8acb2287b03db
Removing snapshot sha256:eccbd24a99c60cd9e86ee5305dbfc4a4dc89f5ab4fb1f06c8d64797cecedef34
Removing snapshot sha256:f144bb4c7c7f0d2aa7eeffd36d934ec40db1ee167be727e326aad9fdc616f475

]]></system-out>
  </testcase>
  <system-out><![CDATA[2025-01-28 23:39:55,551 INFO c.h.h.t.HelmChartContainerExtension - Using cached HelmChartContainer instance
]]></system-out>
  <system-err><![CDATA[]]></system-err>
</testsuite>
