<?xml version="1.0" encoding="UTF-8"?>
<testsuite name="com.hivemq.helmcharts.extensions.HelmDataHubIT" tests="1" skipped="0" failures="0" errors="0" timestamp="2025-08-28T11:17:31" hostname="pkrvmccyg1gnepe" time="89.207">
  <properties/>
  <testcase name="withDataHubEnabled_messagesValidated()" classname="com.hivemq.helmcharts.extensions.HelmDataHubIT" time="89.207"/>
</testsuite>
