<?xml version="1.0" encoding="UTF-8"?>
<testsuite name="com.hivemq.helmcharts.platform.HelmCustomSecretConfigIT" tests="2" skipped="0" failures="0" errors="0" timestamp="2025-01-30T18:41:47" hostname="fv-az1049-217" time="288.378">
  <properties/>
  <testcase name="withExistingSecret_hivemqRunning()" classname="com.hivemq.helmcharts.platform.HelmCustomSecretConfigIT" time="142.669">
    <system-out><![CDATA[2025-01-30 18:41:47,732 INFO c.h.h.t.HelmChartContainer - Creating namespace 'helmcustomsecretconfigit-operator'...
2025-01-30 18:41:47,934 INFO c.h.h.t.HelmChartContainer - Namespace 'helmcustomsecretconfigit-operator' created
2025-01-30 18:41:47,934 INFO c.h.h.t.HelmChartContainer - Creating namespace 'helmcustomsecretconfigit'...
2025-01-30 18:41:47,935 INFO c.h.h.t.HelmChartContainer - [POD] coredns-ff8999cc5-r677z [2bebd041-0d14-489a-ab06-6bd41cc0a3e7] in kube-system was ADDED
2025-01-30 18:41:47,938 INFO c.h.h.t.HelmChartContainer - [POD] local-path-provisioner-698b58967b-d5lsd [6ba7a415-71f4-4aaa-ab1a-91af7be34304] in kube-system was ADDED
2025-01-30 18:41:47,940 INFO c.h.h.t.HelmChartContainer - [POD] metrics-server-8584b5786c-z6t7s [ef9d46ee-d715-4d8c-bc11-8739b53cff9d] in kube-system was ADDED
2025-01-30 18:41:47,946 INFO c.h.h.t.HelmChartContainer - Namespace 'helmcustomsecretconfigit' created
2025-01-30 18:41:48,010 DEBUG c.h.h.t.HelmChartContainer - Executing helm command: /bin/helm --kubeconfig /etc/rancher/k3s/k3s.yaml install test-hivemq-platform-operator /charts/hivemq-platform-operator --wait --timeout 5m0s --set image.repository=docker.io/hivemq --set image.name=hivemq-platform-operator-test --set image.initImageName=hivemq-platform-operator-init-test --set image.tag=snapshot --set image.pullPolicy=Never --set logLevel=DEBUG --set resources.cpu=512m --namespace helmcustomsecretconfigit-operator
2025-01-30 18:41:50,392 INFO c.h.h.t.HelmChartContainer - [K3S] [alloc.go:330] "allocated clusterIPs" service="helmcustomsecretconfigit-operator/hivemq-platform-operator-test-hivemq-platform-operator" clusterIPs={"IPv4":"10.43.80.230"}
2025-01-30 18:41:50,406 INFO c.h.h.t.HelmChartContainer - [EVENT] Normal [ScalingReplicaSet] Scaled up replica set hivemq-test-hivemq-platform-operator-6966f96d65 from 0 to 1 [helmcustomsecretconfigit-operator:hivemq-test-hivemq-platform-operator]
2025-01-30 18:41:50,412 INFO c.h.h.t.HelmChartContainer - [K3S] [replica_set.go:679] "Finished syncing" kind="ReplicaSet" key="helmcustomsecretconfigit-operator/hivemq-test-hivemq-platform-operator-6966f96d65" duration="9.47747ms"
2025-01-30 18:41:50,414 INFO c.h.h.t.HelmChartContainer - [EVENT] Normal [SuccessfulCreate] Created pod: hivemq-test-hivemq-platform-operator-6966f96d65-2lpkl [helmcustomsecretconfigit-operator:hivemq-test-hivemq-platform-operator-6966f96d65]
2025-01-30 18:41:50,427 INFO c.h.h.t.HelmChartContainer - [POD] hivemq-test-hivemq-platform-operator-6966f96d65-2lpkl [a08c68c4-0e0d-46a7-86c7-8bdad6c3f89e] in helmcustomsecretconfigit-operator was ADDED
2025-01-30 18:41:50,428 INFO c.h.h.t.HelmChartContainer - [POD] hivemq-test-hivemq-platform-operator-6966f96d65-2lpkl [a08c68c4-0e0d-46a7-86c7-8bdad6c3f89e] in helmcustomsecretconfigit-operator was MODIFIED
2025-01-30 18:41:50,435 INFO c.h.h.t.HelmChartContainer - [EVENT] Normal [Scheduled] Successfully assigned helmcustomsecretconfigit-operator/hivemq-test-hivemq-platform-operator-6966f96d65-2lpkl to ea8e80bdeb75 [helmcustomsecretconfigit-operator:hivemq-test-hivemq-platform-operator-6966f96d65-2lpkl]
2025-01-30 18:41:50,437 INFO c.h.h.t.HelmChartContainer - [K3S] [replica_set.go:679] "Finished syncing" kind="ReplicaSet" key="helmcustomsecretconfigit-operator/hivemq-test-hivemq-platform-operator-6966f96d65" duration="26.055765ms"
2025-01-30 18:41:50,438 INFO c.h.h.t.HelmChartContainer - [K3S] [replica_set.go:679] "Finished syncing" kind="ReplicaSet" key="helmcustomsecretconfigit-operator/hivemq-test-hivemq-platform-operator-6966f96d65" duration="88.296µs"
2025-01-30 18:41:50,441 INFO c.h.h.t.HelmChartContainer - [K3S] [replica_set.go:679] "Finished syncing" kind="ReplicaSet" key="helmcustomsecretconfigit-operator/hivemq-test-hivemq-platform-operator-6966f96d65" duration="34.515µs"
2025-01-30 18:41:50,445 INFO c.h.h.t.HelmChartContainer - [POD] hivemq-test-hivemq-platform-operator-6966f96d65-2lpkl [a08c68c4-0e0d-46a7-86c7-8bdad6c3f89e] in helmcustomsecretconfigit-operator was MODIFIED
2025-01-30 18:41:50,489 INFO c.h.h.t.HelmChartContainer - [K3S] [reconciler_common.go:251] "operationExecutor.VerifyControllerAttachedVolume started for volume \"kube-api-access-qjphk\" (UniqueName: \"kubernetes.io/projected/a08c68c4-0e0d-46a7-86c7-8bdad6c3f89e-kube-api-access-qjphk\") pod \"hivemq-test-hivemq-platform-operator-6966f96d65-2lpkl\" (UID: \"a08c68c4-0e0d-46a7-86c7-8bdad6c3f89e\") " pod="helmcustomsecretconfigit-operator/hivemq-test-hivemq-platform-operator-6966f96d65-2lpkl"
2025-01-30 18:41:50,814 INFO c.h.h.t.HelmChartContainer - [EVENT] Normal [Pulled] Container image "docker.io/hivemq/hivemq-platform-operator-test:snapshot" already present on machine [helmcustomsecretconfigit-operator:hivemq-test-hivemq-platform-operator-6966f96d65-2lpkl]
2025-01-30 18:41:50,815 INFO c.h.h.t.HelmChartContainer - Received Pulled event for container hivemq-platform-operator in pod hivemq-test-hivemq-platform-operator-6966f96d65-2lpkl [a08c68c4-0e0d-46a7-86c7-8bdad6c3f89e]
2025-01-30 18:41:50,822 INFO c.h.h.t.HelmChartContainer - [EVENT] Normal [Created] Created container: hivemq-platform-operator [helmcustomsecretconfigit-operator:hivemq-test-hivemq-platform-operator-6966f96d65-2lpkl]
2025-01-30 18:41:50,822 INFO c.h.h.t.HelmChartContainer - Received Created event for container hivemq-platform-operator in pod hivemq-test-hivemq-platform-operator-6966f96d65-2lpkl [a08c68c4-0e0d-46a7-86c7-8bdad6c3f89e]
2025-01-30 18:41:51,362 INFO c.h.h.t.HelmChartContainer - [K3S] [replica_set.go:679] "Finished syncing" kind="ReplicaSet" key="helmcustomsecretconfigit-operator/hivemq-test-hivemq-platform-operator-6966f96d65" duration="38.702µs"
2025-01-30 18:41:51,366 INFO c.h.h.t.HelmChartContainer - [POD] hivemq-test-hivemq-platform-operator-6966f96d65-2lpkl [a08c68c4-0e0d-46a7-86c7-8bdad6c3f89e] in helmcustomsecretconfigit-operator was MODIFIED
2025-01-30 18:41:51,397 INFO c.h.h.t.HelmChartContainer - Started log watcher for hivemq-platform-operator in pod hivemq-test-hivemq-platform-operator-6966f96d65-2lpkl [a08c68c4-0e0d-46a7-86c7-8bdad6c3f89e]
2025-01-30 18:41:51,398 INFO c.h.h.t.HelmChartContainer - [hivemq-test-hivemq-platform] [hivemq-platform-operator] [a08c68c4] -------------------------------------------------------------------------
2025-01-30 18:41:51,398 INFO c.h.h.t.HelmChartContainer - [hivemq-test-hivemq-platform] [hivemq-platform-operator] [a08c68c4] 
2025-01-30 18:41:51,398 INFO c.h.h.t.HelmChartContainer - [hivemq-test-hivemq-platform] [hivemq-platform-operator] [a08c68c4]                   _    _  _              __  __   ____
2025-01-30 18:41:51,398 INFO c.h.h.t.HelmChartContainer - [hivemq-test-hivemq-platform] [hivemq-platform-operator] [a08c68c4]                  | |  | |(_)            |  \/  | / __ \
2025-01-30 18:41:51,398 INFO c.h.h.t.HelmChartContainer - [hivemq-test-hivemq-platform] [hivemq-platform-operator] [a08c68c4]                  | |__| | _ __   __ ___ | \  / || |  | |
2025-01-30 18:41:51,398 INFO c.h.h.t.HelmChartContainer - [hivemq-test-hivemq-platform] [hivemq-platform-operator] [a08c68c4]                  |  __  || |\ \ / // _ \| |\/| || |  | |
2025-01-30 18:41:51,398 INFO c.h.h.t.HelmChartContainer - [hivemq-test-hivemq-platform] [hivemq-platform-operator] [a08c68c4]                  | |  | || | \ V /|  __/| |  | || |__| |
2025-01-30 18:41:51,398 INFO c.h.h.t.HelmChartContainer - [hivemq-test-hivemq-platform] [hivemq-platform-operator] [a08c68c4]                  |_|  |_||_|  \_/  \___||_|  |_| \___\_\
2025-01-30 18:41:51,398 INFO c.h.h.t.HelmChartContainer - [hivemq-test-hivemq-platform] [hivemq-platform-operator] [a08c68c4] 
2025-01-30 18:41:51,398 INFO c.h.h.t.HelmChartContainer - [hivemq-test-hivemq-platform] [hivemq-platform-operator] [a08c68c4] -------------------------------------------------------------------------
2025-01-30 18:41:51,398 INFO c.h.h.t.HelmChartContainer - [hivemq-test-hivemq-platform] [hivemq-platform-operator] [a08c68c4] 
2025-01-30 18:41:51,398 INFO c.h.h.t.HelmChartContainer - [hivemq-test-hivemq-platform] [hivemq-platform-operator] [a08c68c4]   HiveMQ Platform Operator Start Script v1.0
2025-01-30 18:41:51,398 INFO c.h.h.t.HelmChartContainer - [hivemq-test-hivemq-platform] [hivemq-platform-operator] [a08c68c4] 
2025-01-30 18:41:51,398 INFO c.h.h.t.HelmChartContainer - [hivemq-test-hivemq-platform] [hivemq-platform-operator] [a08c68c4] -------------------------------------------------------------------------
2025-01-30 18:41:51,398 INFO c.h.h.t.HelmChartContainer - [hivemq-test-hivemq-platform] [hivemq-platform-operator] [a08c68c4] 
2025-01-30 18:41:51,398 INFO c.h.h.t.HelmChartContainer - [hivemq-test-hivemq-platform] [hivemq-platform-operator] [a08c68c4]   JAVA_OPTS: -XX:+UnlockExperimentalVMOptions -XX:InitialRAMPercentage=75 -XX:MaxRAMPercentage=75 -Duser.language=en -Duser.region=US
2025-01-30 18:41:51,398 INFO c.h.h.t.HelmChartContainer - [hivemq-test-hivemq-platform] [hivemq-platform-operator] [a08c68c4] 
2025-01-30 18:41:51,398 INFO c.h.h.t.HelmChartContainer - [hivemq-test-hivemq-platform] [hivemq-platform-operator] [a08c68c4]   JAVA_VERSION: 21
2025-01-30 18:41:51,398 INFO c.h.h.t.HelmChartContainer - [hivemq-test-hivemq-platform] [hivemq-platform-operator] [a08c68c4] 
2025-01-30 18:41:51,399 INFO c.h.h.t.HelmChartContainer - [EVENT] Normal [Started] Started container hivemq-platform-operator [helmcustomsecretconfigit-operator:hivemq-test-hivemq-platform-operator-6966f96d65-2lpkl]
2025-01-30 18:41:51,399 INFO c.h.h.t.HelmChartContainer - Received Started event for container hivemq-platform-operator in pod hivemq-test-hivemq-platform-operator-6966f96d65-2lpkl [a08c68c4-0e0d-46a7-86c7-8bdad6c3f89e]
2025-01-30 18:41:51,401 INFO c.h.h.t.HelmChartContainer - [hivemq-test-hivemq-platform] [hivemq-platform-operator] [a08c68c4] -------------------------------------------------------------------------
2025-01-30 18:41:51,401 INFO c.h.h.t.HelmChartContainer - [hivemq-test-hivemq-platform] [hivemq-platform-operator] [a08c68c4] 
2025-01-30 18:41:54,126 INFO c.h.h.t.HelmChartContainer - [hivemq-test-hivemq-platform] [hivemq-platform-operator] [a08c68c4] 18:41:54.123 [main] DEBUG org.jboss.logging - Logging Provider: org.jboss.logging.Slf4jLoggerProvider
2025-01-30 18:41:54,230 INFO c.h.h.t.HelmChartContainer - [hivemq-test-hivemq-platform] [hivemq-platform-operator] [a08c68c4] 18:41:54.229 [main] DEBUG io.smallrye.config - SRCFG01006: Loaded ConfigSource SysPropConfigSource with ordinal 400
2025-01-30 18:41:54,231 INFO c.h.h.t.HelmChartContainer - [hivemq-test-hivemq-platform] [hivemq-platform-operator] [a08c68c4] 18:41:54.229 [main] DEBUG io.smallrye.config - SRCFG01006: Loaded ConfigSource EnvConfigSource with ordinal 300
2025-01-30 18:41:54,231 INFO c.h.h.t.HelmChartContainer - [hivemq-test-hivemq-platform] [hivemq-platform-operator] [a08c68c4] 18:41:54.229 [main] DEBUG io.smallrye.config - SRCFG01006: Loaded ConfigSource PropertiesConfigSource[source=jar:file:///opt/hivemq-platform-operator/bin/hivemq-platform-operator.jar!/hivemq-platform-operator.properties] with ordinal 100
2025-01-30 18:41:54,231 INFO c.h.h.t.HelmChartContainer - [hivemq-test-hivemq-platform] [hivemq-platform-operator] [a08c68c4] 18:41:54.229 [main] DEBUG io.smallrye.config - SRCFG01006: Loaded ConfigSource DefaultValuesConfigSource with ordinal -2147483648
2025-01-30 18:41:54,334 INFO c.h.h.t.HelmChartContainer - [hivemq-test-hivemq-platform] [hivemq-platform-operator] [a08c68c4] 18:41:54.333 [main] DEBUG i.m.c.u.i.l.InternalLoggerFactory - Using SLF4J as the default logging framework
2025-01-30 18:41:54,522 INFO c.h.h.t.HelmChartContainer - [hivemq-test-hivemq-platform] [hivemq-platform-operator] [a08c68c4] 18:41:54.497 [main] INFO  c.h.p.o.HiveMQPlatformOperatorApplication - HiveMQ Platform Operator 1.7.0-SNAPSHOT (commit: 47e3375 on branch: HEAD) built on Thu Jan 30 03:55:50 UTC 2025
2025-01-30 18:41:54,524 INFO c.h.h.t.HelmChartContainer - [hivemq-test-hivemq-platform] [hivemq-platform-operator] [a08c68c4] 18:41:54.520 [main] INFO  c.h.p.o.HiveMQPlatformOperatorApplication - HiveMQ Platform Operator is running in namespace: helmcustomsecretconfigit-operator
2025-01-30 18:41:54,524 INFO c.h.h.t.HelmChartContainer - [hivemq-test-hivemq-platform] [hivemq-platform-operator] [a08c68c4] 18:41:54.520 [main] INFO  c.h.p.o.HiveMQPlatformOperatorApplication - Watching all namespaces
2025-01-30 18:41:54,526 INFO c.h.h.t.HelmChartContainer - [hivemq-test-hivemq-platform] [hivemq-platform-operator] [a08c68c4] 18:41:54.520 [main] INFO  c.h.p.o.HiveMQPlatformOperatorApplication - Log level: DEBUG
2025-01-30 18:41:54,526 INFO c.h.h.t.HelmChartContainer - [hivemq-test-hivemq-platform] [hivemq-platform-operator] [a08c68c4] 18:41:54.520 [main] INFO  c.h.p.o.HiveMQPlatformOperatorApplication - Release name: test-hivemq-platform-operator
2025-01-30 18:41:54,526 INFO c.h.h.t.HelmChartContainer - [hivemq-test-hivemq-platform] [hivemq-platform-operator] [a08c68c4] 18:41:54.520 [main] INFO  c.h.p.o.HiveMQPlatformOperatorApplication - HiveMQ Platform Operator Init image: docker.io/hivemq/hivemq-platform-operator-init-test:snapshot
2025-01-30 18:41:54,526 INFO c.h.h.t.HelmChartContainer - [hivemq-test-hivemq-platform] [hivemq-platform-operator] [a08c68c4] 18:41:54.520 [main] INFO  c.h.p.o.HiveMQPlatformOperatorApplication - HiveMQ Platform Operator Init App update URL: http://hivemq-platform-operator-test-hivemq-platform-operator.helmcustomsecretconfigit-operator.svc:8080/initAppUpdate/hivemq-platform-operator-init-app-1.7.0-SNAPSHOT.jar
2025-01-30 18:41:54,526 INFO c.h.h.t.HelmChartContainer - [hivemq-test-hivemq-platform] [hivemq-platform-operator] [a08c68c4] 18:41:54.520 [main] INFO  c.h.p.o.HiveMQPlatformOperatorApplication - Additional imagePullSecret for all Platform deployments: none
2025-01-30 18:41:54,526 INFO c.h.h.t.HelmChartContainer - [hivemq-test-hivemq-platform] [hivemq-platform-operator] [a08c68c4] 18:41:54.520 [main] INFO  c.h.p.o.HiveMQPlatformOperatorApplication - Apply HiveMQ Platform CRD: true
2025-01-30 18:41:54,526 INFO c.h.h.t.HelmChartContainer - [hivemq-test-hivemq-platform] [hivemq-platform-operator] [a08c68c4] 18:41:54.520 [main] INFO  c.h.p.o.HiveMQPlatformOperatorApplication - Create Platform ServiceAccount: true
2025-01-30 18:41:54,526 INFO c.h.h.t.HelmChartContainer - [hivemq-test-hivemq-platform] [hivemq-platform-operator] [a08c68c4] 18:41:54.520 [main] INFO  c.h.p.o.HiveMQPlatformOperatorApplication - Create Platform ServiceAccount permissions: true
2025-01-30 18:41:54,526 INFO c.h.h.t.HelmChartContainer - [hivemq-test-hivemq-platform] [hivemq-platform-operator] [a08c68c4] 18:41:54.520 [main] INFO  c.h.p.o.HiveMQPlatformOperatorApplication - Validate Platform ServiceAccount: true
2025-01-30 18:41:54,526 INFO c.h.h.t.HelmChartContainer - [hivemq-test-hivemq-platform] [hivemq-platform-operator] [a08c68c4] 18:41:54.520 [main] INFO  c.h.p.o.HiveMQPlatformOperatorApplication - Validate Platform ServiceAccount permissions: true
2025-01-30 18:41:54,631 INFO c.h.h.t.HelmChartContainer - [hivemq-test-hivemq-platform] [hivemq-platform-operator] [a08c68c4] 18:41:54.630 [main] INFO  c.h.platform.operator.util.CRDUtil - Verifying deployed HiveMQ Platform CRD...
2025-01-30 18:41:56,350 INFO c.h.h.t.HelmChartContainer - [POD] metrics-server-8584b5786c-z6t7s [ef9d46ee-d715-4d8c-bc11-8739b53cff9d] in kube-system was MODIFIED
2025-01-30 18:41:56,357 INFO c.h.h.t.HelmChartContainer - [K3S] [replica_set.go:679] "Finished syncing" kind="ReplicaSet" key="kube-system/metrics-server-8584b5786c" duration="8.578107ms"
2025-01-30 18:41:56,357 INFO c.h.h.t.HelmChartContainer - [K3S] [replica_set.go:679] "Finished syncing" kind="ReplicaSet" key="kube-system/metrics-server-8584b5786c" duration="30.658µs"
2025-01-30 18:41:57,099 INFO c.h.h.t.HelmChartContainer - [hivemq-test-hivemq-platform] [hivemq-platform-operator] [a08c68c4] 18:41:57.097 [main] DEBUG c.h.platform.operator.util.CRDUtil - HiveMQ Platform CRD version v1 is up to date
2025-01-30 18:41:57,099 INFO c.h.h.t.HelmChartContainer - [hivemq-test-hivemq-platform] [hivemq-platform-operator] [a08c68c4] 18:41:57.098 [main] INFO  c.h.platform.operator.util.CRDUtil - HiveMQ Platform CRD is up to date (version: V1_6_0)
2025-01-30 18:41:57,099 INFO c.h.h.t.HelmChartContainer - [hivemq-test-hivemq-platform] [hivemq-platform-operator] [a08c68c4] 18:41:57.098 [main] INFO  c.h.platform.operator.util.CRDUtil - Waiting 10000 ms for HiveMQ Platform CRD 'hivemq-platforms.hivemq.com' to become ready...
2025-01-30 18:41:57,325 INFO c.h.h.t.HelmChartContainer - [hivemq-test-hivemq-platform] [hivemq-platform-operator] [a08c68c4] 18:41:57.322 [vert.x-eventloop-thread-1] DEBUG c.h.platform.operator.util.CRDUtil - Checking CRD condition 'NamesAccepted' (status: 'True')
2025-01-30 18:41:57,325 INFO c.h.h.t.HelmChartContainer - [hivemq-test-hivemq-platform] [hivemq-platform-operator] [a08c68c4] 18:41:57.323 [vert.x-eventloop-thread-1] DEBUG c.h.platform.operator.util.CRDUtil - Checking CRD condition 'Established' (status: 'True')
2025-01-30 18:41:57,326 INFO c.h.h.t.HelmChartContainer - [hivemq-test-hivemq-platform] [hivemq-platform-operator] [a08c68c4] 18:41:57.323 [main] INFO  c.h.platform.operator.util.CRDUtil - HiveMQ Platform CRD 'hivemq-platforms.hivemq.com' is ready
2025-01-30 18:41:57,516 INFO c.h.h.t.HelmChartContainer - [hivemq-test-hivemq-platform] [hivemq-platform-operator] [a08c68c4] 18:41:57.515 [main] INFO  c.h.p.o.HiveMQPlatformReconciler - HiveMQ Platform Operator is starting...
2025-01-30 18:41:57,601 INFO c.h.h.t.HelmChartContainer - [hivemq-test-hivemq-platform] [hivemq-platform-operator] [a08c68c4] 18:41:57.600 [main] WARN  Default ConfigurationService implementation - Configuration for reconciler 'hivemq-controller' was not found. Known reconcilers: None.
2025-01-30 18:41:57,620 INFO c.h.h.t.HelmChartContainer - [hivemq-test-hivemq-platform] [hivemq-platform-operator] [a08c68c4] 18:41:57.619 [main] INFO  Default ConfigurationService implementation - Created configuration for reconciler com.hivemq.platform.operator.HiveMQPlatformReconciler with name hivemq-controller
2025-01-30 18:41:57,727 INFO c.h.h.t.HelmChartContainer - [hivemq-test-hivemq-platform] [hivemq-platform-operator] [a08c68c4] 18:41:57.726 [main] DEBUG c.h.p.o.HiveMQPlatformReconciler - HiveMQ Platform Operator is preparing EventSources
2025-01-30 18:41:57,805 INFO c.h.h.t.HelmChartContainer - [hivemq-test-hivemq-platform] [hivemq-platform-operator] [a08c68c4] 18:41:57.804 [main] INFO  i.javaoperatorsdk.operator.Operator - Registered reconciler: 'hivemq-controller' for resource: 'class com.hivemq.platform.operator.v1.HiveMQPlatform' for namespace(s): [all namespaces]
2025-01-30 18:41:58,319 INFO c.h.h.t.HelmChartContainer - [hivemq-test-hivemq-platform] [hivemq-platform-operator] [a08c68c4] 18:41:58.317 [main] INFO  c.h.p.operator.webserver.JettyServer - Starting Jetty server on port 8080
2025-01-30 18:41:58,418 INFO c.h.h.t.HelmChartContainer - [hivemq-test-hivemq-platform] [hivemq-platform-operator] [a08c68c4] 18:41:58.417 [main] INFO  i.javaoperatorsdk.operator.Operator - Operator SDK 4.9.7 (commit: 2133d28) built on Wed Nov 20 12:56:20 UTC 2024 starting...
2025-01-30 18:41:58,418 INFO c.h.h.t.HelmChartContainer - [hivemq-test-hivemq-platform] [hivemq-platform-operator] [a08c68c4] 18:41:58.417 [main] INFO  i.javaoperatorsdk.operator.Operator - Client version: 6.13.5
2025-01-30 18:41:58,419 INFO c.h.h.t.HelmChartContainer - [hivemq-test-hivemq-platform] [hivemq-platform-operator] [a08c68c4] 18:41:58.418 [Controller Starter for: hivemq-controller] INFO  i.j.operator.processing.Controller - Starting 'hivemq-controller' controller for reconciler: com.hivemq.platform.operator.HiveMQPlatformReconciler, resource: com.hivemq.platform.operator.v1.HiveMQPlatform
2025-01-30 18:41:59,708 INFO c.h.h.t.HelmChartContainer - [K3S] [range_allocator.go:247] "Successfully synced" key="ea8e80bdeb75"
2025-01-30 18:42:01,022 INFO c.h.h.t.HelmChartContainer - [hivemq-test-hivemq-platform] [hivemq-platform-operator] [a08c68c4] 18:42:01.019 [Controller Starter for: hivemq-controller] INFO  i.j.operator.processing.Controller - 'hivemq-controller' controller started
2025-01-30 18:42:01,022 INFO c.h.h.t.HelmChartContainer - [hivemq-test-hivemq-platform] [hivemq-platform-operator] [a08c68c4] 18:42:01.020 [main] INFO  c.h.p.o.HiveMQPlatformOperatorApplication - HiveMQ Platform Operator 1.7.0-SNAPSHOT started in 6522 ms
2025-01-30 18:42:02,374 INFO c.h.h.t.HelmChartContainer - [K3S] [replica_set.go:679] "Finished syncing" kind="ReplicaSet" key="helmcustomsecretconfigit-operator/hivemq-test-hivemq-platform-operator-6966f96d65" duration="6.517806ms"
2025-01-30 18:42:02,374 INFO c.h.h.t.HelmChartContainer - [K3S] [replica_set.go:679] "Finished syncing" kind="ReplicaSet" key="helmcustomsecretconfigit-operator/hivemq-test-hivemq-platform-operator-6966f96d65" duration="31.609µs"
2025-01-30 18:42:02,375 INFO c.h.h.t.HelmChartContainer - [POD] hivemq-test-hivemq-platform-operator-6966f96d65-2lpkl [a08c68c4-0e0d-46a7-86c7-8bdad6c3f89e] in helmcustomsecretconfigit-operator was MODIFIED
2025-01-30 18:42:02,573 DEBUG c.h.h.t.HelmChartContainer - Executing helm command: /bin/helm --kubeconfig /etc/rancher/k3s/k3s.yaml install test-hivemq-platform /charts/hivemq-platform --wait --timeout 5m0s --set image.repository=docker.io/hivemq --set image.tag=4.36.0 --set image.pullPolicy=Never --set nodes.resources.cpu=512m --set config.create=false --set config.name=hivemq-configuration --set config.createAs=Secret --namespace helmcustomsecretconfigit
2025-01-30 18:42:03,023 INFO c.h.h.t.HelmChartContainer - [hivemq-test-hivemq-platform] [hivemq-platform-operator] [a08c68c4] 18:42:03.019 [-2082509879-pool-1-thread-1] WARN  i.m.p.PrometheusMeterRegistry - The meter (MeterId{name='operator.sdk.events.received', tags=[tag(action=ADDED),tag(event=ResourceEvent),tag(group=hivemq.com),tag(kind=HiveMQPlatform),tag(name=test-hivemq-platform),tag(namespace=helmcustomsecretconfigit),tag(scope=namespace),tag(version=v1)]}) registration has failed: Prometheus requires that all meters with the same name have the same set of tag keys. There is already an existing meter named 'operator.sdk.events.received' containing tag keys [event, group, kind, name, namespace, scope, version]. The meter you are attempting to register has keys [action, event, group, kind, name, namespace, scope, version]. Note that subsequent logs will be logged at debug level.
2025-01-30 18:42:03,518 INFO c.h.h.t.HelmChartContainer - [hivemq-test-hivemq-platform] [hivemq-platform-operator] [a08c68c4] 18:42:03.515 [pool-6-thread-3] DEBUG c.h.p.o.dependants.PodInfoConfigMap - [helmcust] Desired PodInfo ConfigMap (1 extensions) (1 enabled)
2025-01-30 18:42:03,518 INFO c.h.h.t.HelmChartContainer - [hivemq-test-hivemq-platform] [hivemq-platform-operator] [a08c68c4] 18:42:03.516 [pool-6-thread-3] DEBUG c.h.p.o.dependants.PodInfoConfigMap - [helmcust] Desired PodInfo ConfigMap (metrics port: 9399) (metrics path: /)
2025-01-30 18:42:03,518 INFO c.h.h.t.HelmChartContainer - [hivemq-test-hivemq-platform] [hivemq-platform-operator] [a08c68c4] 18:42:03.516 [pool-6-thread-3] DEBUG c.h.p.o.dependants.PodInfoConfigMap - [helmcust] Desired PodInfo ConfigMap (extension state hash: -1817474005)
2025-01-30 18:42:03,520 INFO c.h.h.t.HelmChartContainer - [hivemq-test-hivemq-platform] [hivemq-platform-operator] [a08c68c4] 18:42:03.519 [pool-6-thread-3] DEBUG c.h.p.o.dependants.PodInfoConfigMap - [helmcust] Create PodInfo ConfigMap
2025-01-30 18:42:03,625 INFO c.h.h.t.HelmChartContainer - [hivemq-test-hivemq-platform] [hivemq-platform-operator] [a08c68c4] 18:42:03.622 [pool-6-thread-5] DEBUG c.h.p.o.dependants.PodRoleResource - [helmcust] Create Role: Role(apiVersion=rbac.authorization.k8s.io/v1, kind=Role, metadata=ObjectMeta(annotations={meta.helm.sh/release-name=test-hivemq-platform, meta.helm.sh/release-namespace=helmcustomsecretconfigit}, creationTimestamp=null, deletionGracePeriodSeconds=null, deletionTimestamp=null, finalizers=[], generateName=null, generation=null, labels={helm.sh/chart=hivemq-platform-0.2.32, app.kubernetes.io/managed-by=Helm, app.kubernetes.io/name=hivemq-platform, hivemq-platform=test-hivemq-platform, app.kubernetes.io/instance=test-hivemq-platform, app.kubernetes.io/version=4.36.0}, managedFields=[], name=hivemq-platform-role-test-hivemq-platform, namespace=helmcustomsecretconfigit, ownerReferences=[OwnerReference(apiVersion=hivemq.com/v1, blockOwnerDeletion=null, controller=null, kind=HiveMQPlatform, name=test-hivemq-platform, uid=fb966c6e-1665-47d9-bd59-d37136ea5379, additionalProperties={})], resourceVersion=null, selfLink=null, uid=null, additionalProperties={}), rules=[PolicyRule(apiGroups=[], nonResourceURLs=[], resourceNames=[], resources=[pods], verbs=[get, patch, update], additionalProperties={})], additionalProperties={})
2025-01-30 18:42:03,729 INFO c.h.h.t.HelmChartContainer - [hivemq-test-hivemq-platform] [hivemq-platform-operator] [a08c68c4] 18:42:03.724 [pool-6-thread-7] DEBUG c.h.p.o.d.PodServiceAccountResource - [helmcust] Desired PodServiceAccountResource (serviceAccountName: hivemq-platform-pod-test-hivemq-platform)
2025-01-30 18:42:03,729 INFO c.h.h.t.HelmChartContainer - [hivemq-test-hivemq-platform] [hivemq-platform-operator] [a08c68c4] 18:42:03.725 [pool-6-thread-7] DEBUG c.h.p.o.d.PodServiceAccountResource - [helmcust] Create ServiceAccount 'hivemq-platform-pod-test-hivemq-platform'
2025-01-30 18:42:03,829 INFO c.h.h.t.HelmChartContainer - [hivemq-test-hivemq-platform] [hivemq-platform-operator] [a08c68c4] 18:42:03.828 [pool-6-thread-10] DEBUG c.h.p.o.d.PodRoleBindingResource - [helmcust] Create RoleBinding: RoleBinding(apiVersion=rbac.authorization.k8s.io/v1, kind=RoleBinding, metadata=ObjectMeta(annotations={meta.helm.sh/release-name=test-hivemq-platform, meta.helm.sh/release-namespace=helmcustomsecretconfigit}, creationTimestamp=null, deletionGracePeriodSeconds=null, deletionTimestamp=null, finalizers=[], generateName=null, generation=null, labels={helm.sh/chart=hivemq-platform-0.2.32, app.kubernetes.io/managed-by=Helm, app.kubernetes.io/name=hivemq-platform, hivemq-platform=test-hivemq-platform, app.kubernetes.io/instance=test-hivemq-platform, app.kubernetes.io/version=4.36.0}, managedFields=[], name=hivemq-platform-role-binding-test-hivemq-platform, namespace=helmcustomsecretconfigit, ownerReferences=[OwnerReference(apiVersion=hivemq.com/v1, blockOwnerDeletion=null, controller=null, kind=HiveMQPlatform, name=test-hivemq-platform, uid=fb966c6e-1665-47d9-bd59-d37136ea5379, additionalProperties={})], resourceVersion=null, selfLink=null, uid=null, additionalProperties={}), roleRef=RoleRef(apiGroup=rbac.authorization.k8s.io, kind=Role, name=hivemq-platform-role-test-hivemq-platform, additionalProperties={}), subjects=[Subject(apiGroup=null, kind=ServiceAccount, name=hivemq-platform-pod-test-hivemq-platform, namespace=helmcustomsecretconfigit, additionalProperties={})], additionalProperties={})
2025-01-30 18:42:03,918 INFO c.h.h.t.HelmChartContainer - [hivemq-test-hivemq-platform] [hivemq-platform-operator] [a08c68c4] 18:42:03.917 [ReconcilerExecutor-hivemq-controller-53] INFO  c.h.p.o.HiveMQPlatformReconciler - [helmcust] Reconciling HiveMQ Platform 'test-hivemq-platform' in namespace 'helmcustomsecretconfigit'
2025-01-30 18:42:03,919 INFO c.h.h.t.HelmChartContainer - [hivemq-test-hivemq-platform] [hivemq-platform-operator] [a08c68c4] 18:42:03.917 [ReconcilerExecutor-hivemq-controller-53] DEBUG c.h.p.o.HiveMQPlatformReconciler - [helmcust] Custom Resource Status CREATED - HiveMQ Platform was created (READY)
2025-01-30 18:42:03,920 INFO c.h.h.t.HelmChartContainer - [hivemq-test-hivemq-platform] [hivemq-platform-operator] [a08c68c4] 18:42:03.917 [ReconcilerExecutor-hivemq-controller-53] DEBUG c.h.p.o.HiveMQPlatformReconciler - [helmcust] Custom Resource Spec (replicas: 2) (extensions: 1)
2025-01-30 18:42:03,924 INFO c.h.h.t.HelmChartContainer - [hivemq-test-hivemq-platform] [hivemq-platform-operator] [a08c68c4] 18:42:03.922 [ReconcilerExecutor-hivemq-controller-53] INFO  c.h.p.o.h.HiveMQPlatformReconcilerBaseHandler - [helmcust] HiveMQ Platform is starting
2025-01-30 18:42:04,027 INFO c.h.h.t.HelmChartContainer - [hivemq-test-hivemq-platform] [hivemq-platform-operator] [a08c68c4] 18:42:04.026 [ReconcilerExecutor-hivemq-controller-53] DEBUG c.h.p.operator.event.EventSender - [helmcust] Creating K8s event hivemq-platform-starting: [Start] HiveMQ Platform is starting
2025-01-30 18:42:04,035 INFO c.h.h.t.HelmChartContainer - [EVENT] Normal [Start] HiveMQ Platform is starting [helmcustomsecretconfigit:test-hivemq-platform]
2025-01-30 18:42:04,118 INFO c.h.h.t.HelmChartContainer - [hivemq-test-hivemq-platform] [hivemq-platform-operator] [a08c68c4] 18:42:04.116 [ReconcilerExecutor-hivemq-controller-53] INFO  c.h.p.o.h.AbstractHiveMQReconcilerStateHandler - [helmcust] Update HiveMQ Platform Status (CREATED [READY] -> STARTING [READY]): HiveMQ Platform is starting
2025-01-30 18:42:04,131 DEBUG com.hivemq.helmcharts.util.K8sUtil - Comparing actual state 'STARTING' and waiting for 'RUNNING'
2025-01-30 18:42:14,146 INFO c.h.h.t.HelmChartContainer - [hivemq-test-hivemq-platform] [hivemq-platform-operator] [a08c68c4] 18:42:14.141 [pool-6-thread-12] DEBUG c.h.p.o.d.PlatformServiceResource - [helmcust] Desired Platform services (3 services)
2025-01-30 18:42:14,146 INFO c.h.h.t.HelmChartContainer - [hivemq-test-hivemq-platform] [hivemq-platform-operator] [a08c68c4] 18:42:14.143 [pool-6-thread-13] DEBUG c.h.p.o.dependants.PodInfoConfigMap - [helmcust] Desired PodInfo ConfigMap (1 extensions) (1 enabled)
2025-01-30 18:42:14,146 INFO c.h.h.t.HelmChartContainer - [hivemq-test-hivemq-platform] [hivemq-platform-operator] [a08c68c4] 18:42:14.143 [pool-6-thread-13] DEBUG c.h.p.o.dependants.PodInfoConfigMap - [helmcust] Desired PodInfo ConfigMap (metrics port: 9399) (metrics path: /)
2025-01-30 18:42:14,146 INFO c.h.h.t.HelmChartContainer - [hivemq-test-hivemq-platform] [hivemq-platform-operator] [a08c68c4] 18:42:14.143 [pool-6-thread-13] DEBUG c.h.p.o.dependants.PodInfoConfigMap - [helmcust] Desired PodInfo ConfigMap (extension state hash: -1817474005)
2025-01-30 18:42:14,146 INFO c.h.h.t.HelmChartContainer - [hivemq-test-hivemq-platform] [hivemq-platform-operator] [a08c68c4] 18:42:14.144 [pool-6-thread-17] DEBUG c.h.p.o.d.PodServiceAccountResource - [helmcust] Desired PodServiceAccountResource (serviceAccountName: hivemq-platform-pod-test-hivemq-platform)
2025-01-30 18:42:14,151 INFO c.h.h.t.HelmChartContainer - [hivemq-test-hivemq-platform] [hivemq-platform-operator] [a08c68c4] 18:42:14.150 [pool-6-thread-13] DEBUG c.h.p.o.dependants.PodInfoConfigMap - [helmcust] Update PodInfo ConfigMap
2025-01-30 18:42:14,228 INFO c.h.h.t.HelmChartContainer - [K3S] [alloc.go:330] "allocated clusterIPs" service="helmcustomsecretconfigit/hivemq-test-hivemq-platform-cc-8080" clusterIPs={"IPv4":"10.43.21.24"}
2025-01-30 18:42:14,319 INFO c.h.h.t.HelmChartContainer - [K3S] [alloc.go:330] "allocated clusterIPs" service="helmcustomsecretconfigit/hivemq-test-hivemq-platform-metrics-9399" clusterIPs={"IPv4":"10.43.182.130"}
2025-01-30 18:42:14,332 INFO c.h.h.t.HelmChartContainer - [K3S] [alloc.go:330] "allocated clusterIPs" service="helmcustomsecretconfigit/hivemq-test-hivemq-platform-mqtt-1883" clusterIPs={"IPv4":"10.43.123.199"}
2025-01-30 18:42:14,337 INFO c.h.h.t.HelmChartContainer - [hivemq-test-hivemq-platform] [hivemq-platform-operator] [a08c68c4] 18:42:14.336 [pool-6-thread-20] DEBUG c.h.p.o.d.StatefulSetResource - [helmcust] Desired StatefulSet (2 replicas) for status STARTING (READY)
2025-01-30 18:42:14,430 INFO c.h.h.t.HelmChartContainer - [hivemq-test-hivemq-platform] [hivemq-platform-operator] [a08c68c4] 18:42:14.428 [pool-6-thread-20] DEBUG c.h.p.o.d.StatefulSetResource - [helmcust] Create StatefulSet
2025-01-30 18:42:14,531 INFO c.h.h.t.HelmChartContainer - [hivemq-test-hivemq-platform] [hivemq-platform-operator] [a08c68c4] 18:42:14.529 [ReconcilerExecutor-hivemq-controller-64] INFO  c.h.p.o.HiveMQPlatformReconciler - [helmcust] Reconciling HiveMQ Platform 'test-hivemq-platform' in namespace 'helmcustomsecretconfigit'
2025-01-30 18:42:14,531 INFO c.h.h.t.HelmChartContainer - [hivemq-test-hivemq-platform] [hivemq-platform-operator] [a08c68c4] 18:42:14.530 [ReconcilerExecutor-hivemq-controller-64] DEBUG c.h.p.o.HiveMQPlatformReconciler - [helmcust] Custom Resource Status STARTING - HiveMQ Platform is starting (READY)
2025-01-30 18:42:14,531 INFO c.h.h.t.HelmChartContainer - [hivemq-test-hivemq-platform] [hivemq-platform-operator] [a08c68c4] 18:42:14.530 [ReconcilerExecutor-hivemq-controller-64] DEBUG c.h.p.o.HiveMQPlatformReconciler - [helmcust] Custom Resource Spec (replicas: 2) (extensions: 1)
2025-01-30 18:42:14,546 INFO c.h.h.t.HelmChartContainer - [POD] test-hivemq-platform-0 [24c74b73-ad16-433e-9c21-91f907eb7231] in helmcustomsecretconfigit was ADDED
2025-01-30 18:42:14,550 INFO c.h.h.t.HelmChartContainer - [EVENT] Normal [SuccessfulCreate] create Pod test-hivemq-platform-0 in StatefulSet test-hivemq-platform successful [helmcustomsecretconfigit:test-hivemq-platform]
2025-01-30 18:42:14,551 INFO c.h.h.t.HelmChartContainer - [EVENT] Normal [Scheduled] Successfully assigned helmcustomsecretconfigit/test-hivemq-platform-0 to ea8e80bdeb75 [helmcustomsecretconfigit:test-hivemq-platform-0]
2025-01-30 18:42:14,552 INFO c.h.h.t.HelmChartContainer - [POD] test-hivemq-platform-0 [24c74b73-ad16-433e-9c21-91f907eb7231] in helmcustomsecretconfigit was MODIFIED
2025-01-30 18:42:14,565 INFO c.h.h.t.HelmChartContainer - [POD] test-hivemq-platform-0 [24c74b73-ad16-433e-9c21-91f907eb7231] in helmcustomsecretconfigit was MODIFIED
2025-01-30 18:42:14,622 INFO c.h.h.t.HelmChartContainer - [hivemq-test-hivemq-platform] [hivemq-platform-operator] [a08c68c4] 18:42:14.615 [ReconcilerExecutor-hivemq-controller-64] DEBUG c.h.p.o.HiveMQPlatformReconciler - [helmcust] StatefulSet Status (revision: null, replicas: 0, available: 0, ready: 0, current: 0, updated: 0)
2025-01-30 18:42:14,622 INFO c.h.h.t.HelmChartContainer - [hivemq-test-hivemq-platform] [hivemq-platform-operator] [a08c68c4] 18:42:14.615 [ReconcilerExecutor-hivemq-controller-64] DEBUG c.h.p.o.HiveMQPlatformReconciler - [helmcust] StatefulSet Spec (replicas: 2, init containers: 1, containers: 1, volumes: 3)
2025-01-30 18:42:14,626 INFO c.h.h.t.HelmChartContainer - [hivemq-test-hivemq-platform] [hivemq-platform-operator] [a08c68c4] 18:42:14.625 [ReconcilerExecutor-hivemq-controller-64] DEBUG c.h.p.o.h.HiveMQPlatformReconcilerErrorHandler - [helmcust] Pod 'test-hivemq-platform-0' phase Pending
2025-01-30 18:42:14,630 INFO c.h.h.t.HelmChartContainer - [K3S] [reconciler_common.go:251] "operationExecutor.VerifyControllerAttachedVolume started for volume \"broker-configuration\" (UniqueName: \"kubernetes.io/secret/24c74b73-ad16-433e-9c21-91f907eb7231-broker-configuration\") pod \"test-hivemq-platform-0\" (UID: \"24c74b73-ad16-433e-9c21-91f907eb7231\") " pod="helmcustomsecretconfigit/test-hivemq-platform-0"
2025-01-30 18:42:14,630 INFO c.h.h.t.HelmChartContainer - [K3S] [reconciler_common.go:251] "operationExecutor.VerifyControllerAttachedVolume started for volume \"operator-init\" (UniqueName: \"kubernetes.io/empty-dir/24c74b73-ad16-433e-9c21-91f907eb7231-operator-init\") pod \"test-hivemq-platform-0\" (UID: \"24c74b73-ad16-433e-9c21-91f907eb7231\") " pod="helmcustomsecretconfigit/test-hivemq-platform-0"
2025-01-30 18:42:14,630 INFO c.h.h.t.HelmChartContainer - [K3S] [reconciler_common.go:251] "operationExecutor.VerifyControllerAttachedVolume started for volume \"pod-info\" (UniqueName: \"kubernetes.io/configmap/24c74b73-ad16-433e-9c21-91f907eb7231-pod-info\") pod \"test-hivemq-platform-0\" (UID: \"24c74b73-ad16-433e-9c21-91f907eb7231\") " pod="helmcustomsecretconfigit/test-hivemq-platform-0"
2025-01-30 18:42:14,630 INFO c.h.h.t.HelmChartContainer - [K3S] [reconciler_common.go:251] "operationExecutor.VerifyControllerAttachedVolume started for volume \"kube-api-access-pfbvn\" (UniqueName: \"kubernetes.io/projected/24c74b73-ad16-433e-9c21-91f907eb7231-kube-api-access-pfbvn\") pod \"test-hivemq-platform-0\" (UID: \"24c74b73-ad16-433e-9c21-91f907eb7231\") " pod="helmcustomsecretconfigit/test-hivemq-platform-0"
2025-01-30 18:42:14,716 INFO c.h.h.t.HelmChartContainer - [hivemq-test-hivemq-platform] [hivemq-platform-operator] [a08c68c4] 18:42:14.715 [ReconcilerExecutor-hivemq-controller-64] INFO  c.h.p.o.h.HiveMQPlatformReconcilerBaseHandler - [helmcust] HiveMQ Platform is starting, 0 of 2 replicas are ready
2025-01-30 18:42:14,721 INFO c.h.h.t.HelmChartContainer - [hivemq-test-hivemq-platform] [hivemq-platform-operator] [a08c68c4] 18:42:14.720 [pool-6-thread-22] DEBUG c.h.p.o.d.PlatformServiceResource - [helmcust] Desired Platform services (3 services)
2025-01-30 18:42:14,723 INFO c.h.h.t.HelmChartContainer - [hivemq-test-hivemq-platform] [hivemq-platform-operator] [a08c68c4] 18:42:14.722 [pool-6-thread-23] DEBUG c.h.p.o.dependants.PodInfoConfigMap - [helmcust] Desired PodInfo ConfigMap (1 extensions) (1 enabled)
2025-01-30 18:42:14,724 INFO c.h.h.t.HelmChartContainer - [hivemq-test-hivemq-platform] [hivemq-platform-operator] [a08c68c4] 18:42:14.724 [pool-6-thread-23] DEBUG c.h.p.o.dependants.PodInfoConfigMap - [helmcust] Desired PodInfo ConfigMap (metrics port: 9399) (metrics path: /)
2025-01-30 18:42:14,726 INFO c.h.h.t.HelmChartContainer - [hivemq-test-hivemq-platform] [hivemq-platform-operator] [a08c68c4] 18:42:14.725 [pool-6-thread-23] DEBUG c.h.p.o.dependants.PodInfoConfigMap - [helmcust] Desired PodInfo ConfigMap (extension state hash: -1817474005)
2025-01-30 18:42:14,732 INFO c.h.h.t.HelmChartContainer - [hivemq-test-hivemq-platform] [hivemq-platform-operator] [a08c68c4] 18:42:14.730 [pool-6-thread-27] DEBUG c.h.p.o.d.PodServiceAccountResource - [helmcust] Desired PodServiceAccountResource (serviceAccountName: hivemq-platform-pod-test-hivemq-platform)
2025-01-30 18:42:14,821 INFO c.h.h.t.HelmChartContainer - [hivemq-test-hivemq-platform] [hivemq-platform-operator] [a08c68c4] 18:42:14.819 [pool-6-thread-30] DEBUG c.h.p.o.d.StatefulSetResource - [helmcust] Desired StatefulSet (2 replicas) for status STARTING (READY)
2025-01-30 18:42:14,826 INFO c.h.h.t.HelmChartContainer - [hivemq-test-hivemq-platform] [hivemq-platform-operator] [a08c68c4] 18:42:14.825 [ReconcilerExecutor-hivemq-controller-76] INFO  c.h.p.o.HiveMQPlatformReconciler - [helmcust] Reconciling HiveMQ Platform 'test-hivemq-platform' in namespace 'helmcustomsecretconfigit'
2025-01-30 18:42:14,827 INFO c.h.h.t.HelmChartContainer - [hivemq-test-hivemq-platform] [hivemq-platform-operator] [a08c68c4] 18:42:14.825 [ReconcilerExecutor-hivemq-controller-76] DEBUG c.h.p.o.HiveMQPlatformReconciler - [helmcust] Custom Resource Status STARTING - HiveMQ Platform is starting (READY)
2025-01-30 18:42:14,827 INFO c.h.h.t.HelmChartContainer - [hivemq-test-hivemq-platform] [hivemq-platform-operator] [a08c68c4] 18:42:14.825 [ReconcilerExecutor-hivemq-controller-76] DEBUG c.h.p.o.HiveMQPlatformReconciler - [helmcust] Custom Resource Spec (replicas: 2) (extensions: 1)
2025-01-30 18:42:14,829 INFO c.h.h.t.HelmChartContainer - [hivemq-test-hivemq-platform] [hivemq-platform-operator] [a08c68c4] 18:42:14.827 [ReconcilerExecutor-hivemq-controller-76] DEBUG c.h.p.o.HiveMQPlatformReconciler - [helmcust] StatefulSet Status (revision: test-hivemq-platform-65cfcbfbf9, replicas: 1, available: 0, ready: 0, current: 1, updated: 1)
2025-01-30 18:42:14,829 INFO c.h.h.t.HelmChartContainer - [hivemq-test-hivemq-platform] [hivemq-platform-operator] [a08c68c4] 18:42:14.827 [ReconcilerExecutor-hivemq-controller-76] DEBUG c.h.p.o.HiveMQPlatformReconciler - [helmcust] StatefulSet Spec (replicas: 2, init containers: 1, containers: 1, volumes: 3)
2025-01-30 18:42:14,833 INFO c.h.h.t.HelmChartContainer - [hivemq-test-hivemq-platform] [hivemq-platform-operator] [a08c68c4] 18:42:14.832 [ReconcilerExecutor-hivemq-controller-76] DEBUG c.h.p.o.h.HiveMQPlatformReconcilerErrorHandler - [helmcust] Pod 'test-hivemq-platform-0' phase Pending
2025-01-30 18:42:14,833 INFO c.h.h.t.HelmChartContainer - [hivemq-test-hivemq-platform] [hivemq-platform-operator] [a08c68c4] 18:42:14.832 [ReconcilerExecutor-hivemq-controller-76] DEBUG c.h.p.o.h.HiveMQPlatformReconcilerErrorHandler - [helmcust] Pod 'test-hivemq-platform-0' condition 'PodReadyToStartContainers': False
2025-01-30 18:42:14,833 INFO c.h.h.t.HelmChartContainer - [hivemq-test-hivemq-platform] [hivemq-platform-operator] [a08c68c4] 18:42:14.832 [ReconcilerExecutor-hivemq-controller-76] DEBUG c.h.p.o.h.HiveMQPlatformReconcilerErrorHandler - [helmcust] Pod 'test-hivemq-platform-0' condition 'Initialized': False
2025-01-30 18:42:14,833 INFO c.h.h.t.HelmChartContainer - [hivemq-test-hivemq-platform] [hivemq-platform-operator] [a08c68c4] 18:42:14.832 [ReconcilerExecutor-hivemq-controller-76] DEBUG c.h.p.o.h.HiveMQPlatformReconcilerErrorHandler - [helmcust] Pod 'test-hivemq-platform-0' condition 'Ready': False
2025-01-30 18:42:14,833 INFO c.h.h.t.HelmChartContainer - [hivemq-test-hivemq-platform] [hivemq-platform-operator] [a08c68c4] 18:42:14.832 [ReconcilerExecutor-hivemq-controller-76] DEBUG c.h.p.o.h.HiveMQPlatformReconcilerErrorHandler - [helmcust] Pod 'test-hivemq-platform-0' condition 'ContainersReady': False
2025-01-30 18:42:14,833 INFO c.h.h.t.HelmChartContainer - [hivemq-test-hivemq-platform] [hivemq-platform-operator] [a08c68c4] 18:42:14.832 [ReconcilerExecutor-hivemq-controller-76] DEBUG c.h.p.o.h.HiveMQPlatformReconcilerErrorHandler - [helmcust] Pod 'test-hivemq-platform-0' condition 'PodScheduled': True
2025-01-30 18:42:14,916 INFO c.h.h.t.HelmChartContainer - [hivemq-test-hivemq-platform] [hivemq-platform-operator] [a08c68c4] 18:42:14.914 [ReconcilerExecutor-hivemq-controller-76] DEBUG c.h.p.o.h.HiveMQPlatformReconcilerErrorHandler - [helmcust] Pod 'test-hivemq-platform-0' containerStatus 'hivemq' (started: false) (ready: false) (waiting: [PodInitializing] null)
2025-01-30 18:42:14,919 INFO c.h.h.t.HelmChartContainer - [hivemq-test-hivemq-platform] [hivemq-platform-operator] [a08c68c4] 18:42:14.917 [ReconcilerExecutor-hivemq-controller-76] INFO  c.h.p.o.h.HiveMQPlatformReconcilerBaseHandler - [helmcust] HiveMQ Platform is starting, 0 of 2 replicas are ready
2025-01-30 18:42:14,940 INFO c.h.h.t.HelmChartContainer - [EVENT] Normal [Pulled] Container image "docker.io/hivemq/hivemq-platform-operator-init-test:snapshot" already present on machine [helmcustomsecretconfigit:test-hivemq-platform-0]
2025-01-30 18:42:14,947 INFO c.h.h.t.HelmChartContainer - [EVENT] Normal [Created] Created container: hivemq-platform-operator-init [helmcustomsecretconfigit:test-hivemq-platform-0]
2025-01-30 18:42:14,986 INFO c.h.h.t.HelmChartContainer - [EVENT] Normal [Started] Started container hivemq-platform-operator-init [helmcustomsecretconfigit:test-hivemq-platform-0]
2025-01-30 18:42:15,394 INFO c.h.h.t.HelmChartContainer - [EVENT] Normal [Pulled] Container image "docker.io/hivemq/hivemq4:4.36.0" already present on machine [helmcustomsecretconfigit:test-hivemq-platform-0]
2025-01-30 18:42:15,394 INFO c.h.h.t.HelmChartContainer - Received Pulled event for container hivemq in pod test-hivemq-platform-0 [24c74b73-ad16-433e-9c21-91f907eb7231]
2025-01-30 18:42:15,407 INFO c.h.h.t.HelmChartContainer - [POD] test-hivemq-platform-0 [24c74b73-ad16-433e-9c21-91f907eb7231] in helmcustomsecretconfigit was MODIFIED
2025-01-30 18:42:15,414 INFO c.h.h.t.HelmChartContainer - [EVENT] Normal [Created] Created container: hivemq [helmcustomsecretconfigit:test-hivemq-platform-0]
2025-01-30 18:42:15,414 INFO c.h.h.t.HelmChartContainer - Received Created event for container hivemq in pod test-hivemq-platform-0 [24c74b73-ad16-433e-9c21-91f907eb7231]
2025-01-30 18:42:15,430 INFO c.h.h.t.HelmChartContainer - [hivemq-test-hivemq-platform] [hivemq-platform-operator] [a08c68c4] 18:42:15.418 [pool-6-thread-32] DEBUG c.h.p.o.d.PlatformServiceResource - [helmcust] Desired Platform services (3 services)
2025-01-30 18:42:15,431 INFO c.h.h.t.HelmChartContainer - [hivemq-test-hivemq-platform] [hivemq-platform-operator] [a08c68c4] 18:42:15.419 [pool-6-thread-33] DEBUG c.h.p.o.dependants.PodInfoConfigMap - [helmcust] Desired PodInfo ConfigMap (1 extensions) (1 enabled)
2025-01-30 18:42:15,432 INFO c.h.h.t.HelmChartContainer - [hivemq-test-hivemq-platform] [hivemq-platform-operator] [a08c68c4] 18:42:15.419 [pool-6-thread-33] DEBUG c.h.p.o.dependants.PodInfoConfigMap - [helmcust] Desired PodInfo ConfigMap (metrics port: 9399) (metrics path: /)
2025-01-30 18:42:15,432 INFO c.h.h.t.HelmChartContainer - [hivemq-test-hivemq-platform] [hivemq-platform-operator] [a08c68c4] 18:42:15.419 [pool-6-thread-33] DEBUG c.h.p.o.dependants.PodInfoConfigMap - [helmcust] Desired PodInfo ConfigMap (extension state hash: -1817474005)
2025-01-30 18:42:15,434 INFO c.h.h.t.HelmChartContainer - [hivemq-test-hivemq-platform] [hivemq-platform-operator] [a08c68c4] 18:42:15.429 [pool-6-thread-37] DEBUG c.h.p.o.d.PodServiceAccountResource - [helmcust] Desired PodServiceAccountResource (serviceAccountName: hivemq-platform-pod-test-hivemq-platform)
2025-01-30 18:42:15,502 INFO c.h.h.t.HelmChartContainer - [hivemq-test-hivemq-platform] [hivemq-platform-operator] [a08c68c4] 18:42:15.500 [pool-6-thread-40] DEBUG c.h.p.o.d.StatefulSetResource - [helmcust] Desired StatefulSet (2 replicas) for status STARTING (READY)
2025-01-30 18:42:15,518 INFO c.h.h.t.HelmChartContainer - [hivemq-test-hivemq-platform] [hivemq-platform-operator] [a08c68c4] 18:42:15.516 [ReconcilerExecutor-hivemq-controller-87] INFO  c.h.p.o.HiveMQPlatformReconciler - [helmcust] Reconciling HiveMQ Platform 'test-hivemq-platform' in namespace 'helmcustomsecretconfigit'
2025-01-30 18:42:15,518 INFO c.h.h.t.HelmChartContainer - [hivemq-test-hivemq-platform] [hivemq-platform-operator] [a08c68c4] 18:42:15.516 [ReconcilerExecutor-hivemq-controller-87] DEBUG c.h.p.o.HiveMQPlatformReconciler - [helmcust] Custom Resource Status STARTING - HiveMQ Platform is starting (READY)
2025-01-30 18:42:15,518 INFO c.h.h.t.HelmChartContainer - [hivemq-test-hivemq-platform] [hivemq-platform-operator] [a08c68c4] 18:42:15.516 [ReconcilerExecutor-hivemq-controller-87] DEBUG c.h.p.o.HiveMQPlatformReconciler - [helmcust] Custom Resource Spec (replicas: 2) (extensions: 1)
2025-01-30 18:42:15,520 INFO c.h.h.t.HelmChartContainer - [hivemq-test-hivemq-platform] [hivemq-platform-operator] [a08c68c4] 18:42:15.519 [ReconcilerExecutor-hivemq-controller-87] DEBUG c.h.p.o.HiveMQPlatformReconciler - [helmcust] StatefulSet Status (revision: test-hivemq-platform-65cfcbfbf9, replicas: 1, available: 0, ready: 0, current: 1, updated: 1)
2025-01-30 18:42:15,521 INFO c.h.h.t.HelmChartContainer - [hivemq-test-hivemq-platform] [hivemq-platform-operator] [a08c68c4] 18:42:15.519 [ReconcilerExecutor-hivemq-controller-87] DEBUG c.h.p.o.HiveMQPlatformReconciler - [helmcust] StatefulSet Spec (replicas: 2, init containers: 1, containers: 1, volumes: 3)
2025-01-30 18:42:15,524 INFO c.h.h.t.HelmChartContainer - [hivemq-test-hivemq-platform] [hivemq-platform-operator] [a08c68c4] 18:42:15.523 [ReconcilerExecutor-hivemq-controller-87] DEBUG c.h.p.o.h.HiveMQPlatformReconcilerErrorHandler - [helmcust] Pod 'test-hivemq-platform-0' phase Pending
2025-01-30 18:42:15,526 INFO c.h.h.t.HelmChartContainer - [hivemq-test-hivemq-platform] [hivemq-platform-operator] [a08c68c4] 18:42:15.523 [ReconcilerExecutor-hivemq-controller-87] DEBUG c.h.p.o.h.HiveMQPlatformReconcilerErrorHandler - [helmcust] Pod 'test-hivemq-platform-0' condition 'PodReadyToStartContainers': True
2025-01-30 18:42:15,527 INFO c.h.h.t.HelmChartContainer - [hivemq-test-hivemq-platform] [hivemq-platform-operator] [a08c68c4] 18:42:15.523 [ReconcilerExecutor-hivemq-controller-87] DEBUG c.h.p.o.h.HiveMQPlatformReconcilerErrorHandler - [helmcust] Pod 'test-hivemq-platform-0' condition 'Initialized': True
2025-01-30 18:42:15,527 INFO c.h.h.t.HelmChartContainer - [hivemq-test-hivemq-platform] [hivemq-platform-operator] [a08c68c4] 18:42:15.523 [ReconcilerExecutor-hivemq-controller-87] DEBUG c.h.p.o.h.HiveMQPlatformReconcilerErrorHandler - [helmcust] Pod 'test-hivemq-platform-0' condition 'Ready': False
2025-01-30 18:42:15,529 INFO c.h.h.t.HelmChartContainer - [hivemq-test-hivemq-platform] [hivemq-platform-operator] [a08c68c4] 18:42:15.523 [ReconcilerExecutor-hivemq-controller-87] DEBUG c.h.p.o.h.HiveMQPlatformReconcilerErrorHandler - [helmcust] Pod 'test-hivemq-platform-0' condition 'ContainersReady': False
2025-01-30 18:42:15,529 INFO c.h.h.t.HelmChartContainer - [hivemq-test-hivemq-platform] [hivemq-platform-operator] [a08c68c4] 18:42:15.523 [ReconcilerExecutor-hivemq-controller-87] DEBUG c.h.p.o.h.HiveMQPlatformReconcilerErrorHandler - [helmcust] Pod 'test-hivemq-platform-0' condition 'PodScheduled': True
2025-01-30 18:42:15,529 INFO c.h.h.t.HelmChartContainer - [hivemq-test-hivemq-platform] [hivemq-platform-operator] [a08c68c4] 18:42:15.523 [ReconcilerExecutor-hivemq-controller-87] DEBUG c.h.p.o.h.HiveMQPlatformReconcilerErrorHandler - [helmcust] Pod 'test-hivemq-platform-0' containerStatus 'hivemq' (started: false) (ready: false) (waiting: [PodInitializing] null)
2025-01-30 18:42:15,529 INFO c.h.h.t.HelmChartContainer - [hivemq-test-hivemq-platform] [hivemq-platform-operator] [a08c68c4] 18:42:15.525 [ReconcilerExecutor-hivemq-controller-87] INFO  c.h.p.o.h.HiveMQPlatformReconcilerBaseHandler - [helmcust] HiveMQ Platform is starting, 0 of 2 replicas are ready
2025-01-30 18:42:16,403 INFO c.h.h.t.HelmChartContainer - [POD] test-hivemq-platform-0 [24c74b73-ad16-433e-9c21-91f907eb7231] in helmcustomsecretconfigit was MODIFIED
2025-01-30 18:42:16,421 INFO c.h.h.t.HelmChartContainer - [EVENT] Normal [Started] Started container hivemq [helmcustomsecretconfigit:test-hivemq-platform-0]
2025-01-30 18:42:16,421 INFO c.h.h.t.HelmChartContainer - Started log watcher for hivemq in pod test-hivemq-platform-0 [24c74b73-ad16-433e-9c21-91f907eb7231]
2025-01-30 18:42:16,421 INFO c.h.h.t.HelmChartContainer - Received Started event for container hivemq in pod test-hivemq-platform-0 [24c74b73-ad16-433e-9c21-91f907eb7231]
2025-01-30 18:42:16,421 INFO c.h.h.t.HelmChartContainer - [test-hivemq-platform] [hivemq] [24c74b73] Adding pre-installed HiveMQ Platform Operator extensions
2025-01-30 18:42:16,421 INFO c.h.h.t.HelmChartContainer - [test-hivemq-platform] [hivemq] [24c74b73] Running as user 10000
2025-01-30 18:42:16,421 INFO c.h.h.t.HelmChartContainer - [hivemq-test-hivemq-platform] [hivemq-platform-operator] [a08c68c4] 18:42:16.414 [pool-6-thread-42] DEBUG c.h.p.o.d.PlatformServiceResource - [helmcust] Desired Platform services (3 services)
2025-01-30 18:42:16,421 INFO c.h.h.t.HelmChartContainer - [test-hivemq-platform] [hivemq] [24c74b73] Starting HiveMQ Platform Operator Init
2025-01-30 18:42:16,422 INFO c.h.h.t.HelmChartContainer - [hivemq-test-hivemq-platform] [hivemq-platform-operator] [a08c68c4] 18:42:16.419 [pool-6-thread-43] DEBUG c.h.p.o.dependants.PodInfoConfigMap - [helmcust] Desired PodInfo ConfigMap (1 extensions) (1 enabled)
2025-01-30 18:42:16,422 INFO c.h.h.t.HelmChartContainer - [hivemq-test-hivemq-platform] [hivemq-platform-operator] [a08c68c4] 18:42:16.419 [pool-6-thread-43] DEBUG c.h.p.o.dependants.PodInfoConfigMap - [helmcust] Desired PodInfo ConfigMap (metrics port: 9399) (metrics path: /)
2025-01-30 18:42:16,422 INFO c.h.h.t.HelmChartContainer - [hivemq-test-hivemq-platform] [hivemq-platform-operator] [a08c68c4] 18:42:16.419 [pool-6-thread-43] DEBUG c.h.p.o.dependants.PodInfoConfigMap - [helmcust] Desired PodInfo ConfigMap (extension state hash: -1817474005)
2025-01-30 18:42:16,500 INFO c.h.h.t.HelmChartContainer - [hivemq-test-hivemq-platform] [hivemq-platform-operator] [a08c68c4] 18:42:16.497 [pool-6-thread-47] DEBUG c.h.p.o.d.PodServiceAccountResource - [helmcust] Desired PodServiceAccountResource (serviceAccountName: hivemq-platform-pod-test-hivemq-platform)
2025-01-30 18:42:16,507 INFO c.h.h.t.HelmChartContainer - [hivemq-test-hivemq-platform] [hivemq-platform-operator] [a08c68c4] 18:42:16.504 [pool-6-thread-50] DEBUG c.h.p.o.d.StatefulSetResource - [helmcust] Desired StatefulSet (2 replicas) for status STARTING (READY)
2025-01-30 18:42:16,516 INFO c.h.h.t.HelmChartContainer - [hivemq-test-hivemq-platform] [hivemq-platform-operator] [a08c68c4] 18:42:16.514 [ReconcilerExecutor-hivemq-controller-98] INFO  c.h.p.o.HiveMQPlatformReconciler - [helmcust] Reconciling HiveMQ Platform 'test-hivemq-platform' in namespace 'helmcustomsecretconfigit'
2025-01-30 18:42:16,516 INFO c.h.h.t.HelmChartContainer - [hivemq-test-hivemq-platform] [hivemq-platform-operator] [a08c68c4] 18:42:16.515 [ReconcilerExecutor-hivemq-controller-98] DEBUG c.h.p.o.HiveMQPlatformReconciler - [helmcust] Custom Resource Status STARTING - HiveMQ Platform is starting (READY)
2025-01-30 18:42:16,516 INFO c.h.h.t.HelmChartContainer - [hivemq-test-hivemq-platform] [hivemq-platform-operator] [a08c68c4] 18:42:16.515 [ReconcilerExecutor-hivemq-controller-98] DEBUG c.h.p.o.HiveMQPlatformReconciler - [helmcust] Custom Resource Spec (replicas: 2) (extensions: 1)
2025-01-30 18:42:16,519 INFO c.h.h.t.HelmChartContainer - [hivemq-test-hivemq-platform] [hivemq-platform-operator] [a08c68c4] 18:42:16.518 [ReconcilerExecutor-hivemq-controller-98] DEBUG c.h.p.o.HiveMQPlatformReconciler - [helmcust] StatefulSet Status (revision: test-hivemq-platform-65cfcbfbf9, replicas: 1, available: 0, ready: 0, current: 1, updated: 1)
2025-01-30 18:42:16,519 INFO c.h.h.t.HelmChartContainer - [hivemq-test-hivemq-platform] [hivemq-platform-operator] [a08c68c4] 18:42:16.518 [ReconcilerExecutor-hivemq-controller-98] DEBUG c.h.p.o.HiveMQPlatformReconciler - [helmcust] StatefulSet Spec (replicas: 2, init containers: 1, containers: 1, volumes: 3)
2025-01-30 18:42:16,521 INFO c.h.h.t.HelmChartContainer - [hivemq-test-hivemq-platform] [hivemq-platform-operator] [a08c68c4] 18:42:16.521 [ReconcilerExecutor-hivemq-controller-98] DEBUG c.h.p.o.h.HiveMQPlatformReconcilerErrorHandler - [helmcust] Pod 'test-hivemq-platform-0' phase Running
2025-01-30 18:42:16,522 INFO c.h.h.t.HelmChartContainer - [hivemq-test-hivemq-platform] [hivemq-platform-operator] [a08c68c4] 18:42:16.522 [ReconcilerExecutor-hivemq-controller-98] INFO  c.h.p.o.h.HiveMQPlatformReconcilerBaseHandler - [helmcust] HiveMQ Platform is starting, 0 of 2 replicas are ready
2025-01-30 18:42:16,647 INFO c.h.h.t.HelmChartContainer - [test-hivemq-platform] [hivemq] [24c74b73] INFO  - [HiveMQ Platform Operator Init 1.7.0-SNAPSHOT] HiveMQ Platform Operator Init 1.7.0-SNAPSHOT (commit: 47e3375 on branch: HEAD) built on Thu Jan 30 03:55:50 UTC 2025
2025-01-30 18:42:17,848 INFO c.h.h.t.HelmChartContainer - [test-hivemq-platform] [hivemq] [24c74b73] INFO  - [HiveMQ Platform Operator Init App 1.7.0-SNAPSHOT] Using bind address 10.42.0.6 from environment variable
2025-01-30 18:42:18,730 INFO c.h.h.t.HelmChartContainer - [test-hivemq-platform] [hivemq] [24c74b73] INFO  - [HiveMQ Platform Operator Init App 1.7.0-SNAPSHOT] HiveMQ Platform Operator Init App 1.7.0-SNAPSHOT (commit: 47e3375 on branch: HEAD) built on Thu Jan 30 03:55:50 UTC 2025
2025-01-30 18:42:18,730 INFO c.h.h.t.HelmChartContainer - [test-hivemq-platform] [hivemq] [24c74b73] INFO  - [HiveMQ Platform Operator Init App 1.7.0-SNAPSHOT] PodInfo ConfigMap directory: /etc/podinfo
2025-01-30 18:42:18,730 INFO c.h.h.t.HelmChartContainer - [test-hivemq-platform] [hivemq] [24c74b73] INFO  - [HiveMQ Platform Operator Init App 1.7.0-SNAPSHOT] HiveMQ home directory: /opt/hivemq
2025-01-30 18:42:18,731 INFO c.h.h.t.HelmChartContainer - [test-hivemq-platform] [hivemq] [24c74b73] INFO  - [HiveMQ Platform Operator Init App 1.7.0-SNAPSHOT] HiveMQ Logback folder: /opt/hivemq/conf
2025-01-30 18:42:18,731 INFO c.h.h.t.HelmChartContainer - [test-hivemq-platform] [hivemq] [24c74b73] INFO  - [HiveMQ Platform Operator Init App 1.7.0-SNAPSHOT] HiveMQ Config folder: /opt/hivemq/conf-k8s
2025-01-30 18:42:18,731 INFO c.h.h.t.HelmChartContainer - [test-hivemq-platform] [hivemq] [24c74b73] INFO  - [HiveMQ Platform Operator Init App 1.7.0-SNAPSHOT] Starting HiveMQ Platform Operator Init App
2025-01-30 18:42:18,731 INFO c.h.h.t.HelmChartContainer - [test-hivemq-platform] [hivemq] [24c74b73] INFO  - [HiveMQ Platform Operator Init App 1.7.0-SNAPSHOT] Starting Pod reconciler
2025-01-30 18:42:19,844 INFO c.h.h.t.HelmChartContainer - [test-hivemq-platform] [hivemq] [24c74b73] INFO  - [HiveMQ Platform Operator Init App 1.7.0-SNAPSHOT] Pod reconciler is scheduled (interval: 5000 ms)
2025-01-30 18:42:19,845 INFO c.h.h.t.HelmChartContainer - [test-hivemq-platform] [hivemq] [24c74b73] INFO  - [HiveMQ Platform Operator Init App 1.7.0-SNAPSHOT] Starting the REST API on 10.42.0.6:7979
2025-01-30 18:42:19,847 INFO c.h.h.t.HelmChartContainer - [test-hivemq-platform] [hivemq] [24c74b73] INFO  - [HiveMQ Platform Operator Init App 1.7.0-SNAPSHOT] Waiting up to 600s for at most 2 HiveMQ nodes in cluster service hivemq-test-hivemq-platform-cluster.helmcustomsecretconfigit.svc
2025-01-30 18:42:20,156 INFO c.h.h.t.HelmChartContainer - [test-hivemq-platform] [hivemq] [24c74b73] INFO  - [HiveMQ Platform Operator Init App 1.7.0-SNAPSHOT] Resolved 1 IP addresses: [10.42.0.6]
2025-01-30 18:42:20,156 INFO c.h.h.t.HelmChartContainer - [test-hivemq-platform] [hivemq] [24c74b73] INFO  - [HiveMQ Platform Operator Init App 1.7.0-SNAPSHOT] HiveMQ node count of 1 is within threshold of 2
2025-01-30 18:42:20,156 INFO c.h.h.t.HelmChartContainer - [test-hivemq-platform] [hivemq] [24c74b73] INFO  - [HiveMQ Platform Operator Init App 1.7.0-SNAPSHOT] Proceeding with container start
2025-01-30 18:42:20,253 INFO c.h.h.t.HelmChartContainer - [test-hivemq-platform] [hivemq] [24c74b73] INFO  - [HiveMQ Platform Operator Init App 1.7.0-SNAPSHOT] Initializing HiveMQ Platform extensions with initial configuration: {hivemq-allow-all-extension={start-priority=-1, skip-https-hostname-verification=false, restart=true, config-version=0, header-version=0, c-uri=, priority=-1, uri=preinstalled, skip-https-certificate-validation=false, enabled=true}, hivemq-prometheus-extension={start-priority=-1, priority=-1, restart=true, enabled=true, request-header-path=no-request-headers, uri=preinstalled, skip-https-certificate-validation=false, skip-https-hostname-verification=false, c-uri=}}
2025-01-30 18:42:20,738 INFO c.h.h.t.HelmChartContainer - [test-hivemq-platform] [hivemq] [24c74b73] INFO  - [HiveMQ Platform Operator Init App 1.7.0-SNAPSHOT] Extension hivemq-allow-all-extension was already enabled
2025-01-30 18:42:20,749 INFO c.h.h.t.HelmChartContainer - [test-hivemq-platform] [hivemq] [24c74b73] INFO  - [HiveMQ Platform Operator Init App 1.7.0-SNAPSHOT] Successfully enabled extension hivemq-prometheus-extension
2025-01-30 18:42:20,750 INFO c.h.h.t.HelmChartContainer - [test-hivemq-platform] [hivemq] [24c74b73] INFO  - [HiveMQ Platform Operator Init App 1.7.0-SNAPSHOT] Starting HiveMQ Platform version 4.36.0 (4.36.0)
2025-01-30 18:42:20,751 INFO c.h.h.t.HelmChartContainer - [test-hivemq-platform] [hivemq] [24c74b73] INFO  - [HiveMQ Platform Operator Init App 1.7.0-SNAPSHOT] Configuring the HiveMQ Platform
2025-01-30 18:42:20,839 INFO c.h.h.t.HelmChartContainer - [test-hivemq-platform] [hivemq] [24c74b73] INFO  - [HiveMQ Platform Operator Init App 1.7.0-SNAPSHOT] Changed logback.xml file scan period to 20 seconds
2025-01-30 18:42:20,850 INFO c.h.h.t.HelmChartContainer - [test-hivemq-platform] [hivemq] [24c74b73] INFO  - [HiveMQ Platform Operator Init App 1.7.0-SNAPSHOT] Starting the HiveMQ Platform
2025-01-30 18:42:20,852 INFO c.h.h.t.HelmChartContainer - [test-hivemq-platform] [hivemq] [24c74b73] -------------------------------------------------------------------------
2025-01-30 18:42:20,853 INFO c.h.h.t.HelmChartContainer - [test-hivemq-platform] [hivemq] [24c74b73] 
2025-01-30 18:42:20,853 INFO c.h.h.t.HelmChartContainer - [test-hivemq-platform] [hivemq] [24c74b73]                   _    _  _              __  __   ____
2025-01-30 18:42:20,853 INFO c.h.h.t.HelmChartContainer - [test-hivemq-platform] [hivemq] [24c74b73]                  | |  | |(_)            |  \/  | / __ \
2025-01-30 18:42:20,853 INFO c.h.h.t.HelmChartContainer - [test-hivemq-platform] [hivemq] [24c74b73]                  | |__| | _ __   __ ___ | \  / || |  | |
2025-01-30 18:42:20,853 INFO c.h.h.t.HelmChartContainer - [test-hivemq-platform] [hivemq] [24c74b73]                  |  __  || |\ \ / // _ \| |\/| || |  | |
2025-01-30 18:42:20,853 INFO c.h.h.t.HelmChartContainer - [test-hivemq-platform] [hivemq] [24c74b73]                  | |  | || | \ V /|  __/| |  | || |__| |
2025-01-30 18:42:20,853 INFO c.h.h.t.HelmChartContainer - [test-hivemq-platform] [hivemq] [24c74b73]                  |_|  |_||_|  \_/  \___||_|  |_| \___\_\
2025-01-30 18:42:20,853 INFO c.h.h.t.HelmChartContainer - [test-hivemq-platform] [hivemq] [24c74b73] 
2025-01-30 18:42:20,853 INFO c.h.h.t.HelmChartContainer - [test-hivemq-platform] [hivemq] [24c74b73] -------------------------------------------------------------------------
2025-01-30 18:42:20,853 INFO c.h.h.t.HelmChartContainer - [test-hivemq-platform] [hivemq] [24c74b73] 
2025-01-30 18:42:20,853 INFO c.h.h.t.HelmChartContainer - [test-hivemq-platform] [hivemq] [24c74b73]   HiveMQ Start Script for Linux/Unix v1.14
2025-01-30 18:42:20,853 INFO c.h.h.t.HelmChartContainer - [test-hivemq-platform] [hivemq] [24c74b73] 
2025-01-30 18:42:20,960 INFO c.h.h.t.HelmChartContainer - [test-hivemq-platform] [hivemq] [24c74b73] -------------------------------------------------------------------------
2025-01-30 18:42:20,960 INFO c.h.h.t.HelmChartContainer - [test-hivemq-platform] [hivemq] [24c74b73] 
2025-01-30 18:42:20,960 INFO c.h.h.t.HelmChartContainer - [test-hivemq-platform] [hivemq] [24c74b73]   HIVEMQ_HOME: /opt/hivemq
2025-01-30 18:42:20,960 INFO c.h.h.t.HelmChartContainer - [test-hivemq-platform] [hivemq] [24c74b73] 
2025-01-30 18:42:20,960 INFO c.h.h.t.HelmChartContainer - [test-hivemq-platform] [hivemq] [24c74b73]   JAVA_OPTS: -XX:+UnlockExperimentalVMOptions -XX:InitialRAMPercentage=50 -XX:MaxRAMPercentage=50 -Djava.net.preferIPv4Stack=true --add-opens java.base/java.lang=ALL-UNNAMED --add-opens java.base/java.nio=ALL-UNNAMED --add-opens java.base/sun.nio.ch=ALL-UNNAMED --add-opens jdk.management/com.sun.management.internal=ALL-UNNAMED --add-exports java.base/jdk.internal.misc=ALL-UNNAMED -Djava.security.egd=file:/dev/./urandom -Dcom.sun.management.jmxremote -Dcom.sun.management.jmxremote.port=9010 -Dcom.sun.management.jmxremote.local.only=false -Dcom.sun.management.jmxremote.authenticate=false -Dcom.sun.management.jmxremote.ssl=false -Duser.language=en -Duser.region=US -XX:+CrashOnOutOfMemoryError -XX:+HeapDumpOnOutOfMemoryError
2025-01-30 18:42:20,960 INFO c.h.h.t.HelmChartContainer - [test-hivemq-platform] [hivemq] [24c74b73] 
2025-01-30 18:42:20,960 INFO c.h.h.t.HelmChartContainer - [test-hivemq-platform] [hivemq] [24c74b73]   JAVA_VERSION: 21
2025-01-30 18:42:20,960 INFO c.h.h.t.HelmChartContainer - [test-hivemq-platform] [hivemq] [24c74b73] 
2025-01-30 18:42:20,960 INFO c.h.h.t.HelmChartContainer - [test-hivemq-platform] [hivemq] [24c74b73] -------------------------------------------------------------------------
2025-01-30 18:42:20,961 INFO c.h.h.t.HelmChartContainer - [test-hivemq-platform] [hivemq] [24c74b73] 
2025-01-30 18:42:22,448 INFO c.h.h.t.HelmChartContainer - [test-hivemq-platform] [hivemq] [24c74b73] INFO  - [HiveMQ Platform Operator Init App 1.7.0-SNAPSHOT] Returning default Health API response 503 for readiness
2025-01-30 18:42:22,750 INFO c.h.h.t.HelmChartContainer - [EVENT] Warning [Unhealthy] Readiness probe failed: HTTP probe failed with statuscode: 503 [helmcustomsecretconfigit:test-hivemq-platform-0]
2025-01-30 18:42:22,751 INFO c.h.h.t.HelmChartContainer - Received Unhealthy event for container hivemq in pod test-hivemq-platform-0 [24c74b73-ad16-433e-9c21-91f907eb7231]
2025-01-30 18:42:23,550 INFO c.h.h.t.HelmChartContainer - [test-hivemq-platform] [hivemq] [24c74b73] INFO  - Starting HiveMQ Enterprise Server
2025-01-30 18:42:23,637 INFO c.h.h.t.HelmChartContainer - [test-hivemq-platform] [hivemq] [24c74b73] INFO  - HiveMQ version: 4.36.0
2025-01-30 18:42:23,637 INFO c.h.h.t.HelmChartContainer - [test-hivemq-platform] [hivemq] [24c74b73] INFO  - HiveMQ home directory: /opt/hivemq
2025-01-30 18:42:23,637 INFO c.h.h.t.HelmChartContainer - [test-hivemq-platform] [hivemq] [24c74b73] INFO  - Log Configuration was overridden by /opt/hivemq/conf/logback.xml
2025-01-30 18:42:24,847 INFO c.h.h.t.HelmChartContainer - [test-hivemq-platform] [hivemq] [24c74b73] INFO  - Successfully loaded configuration from '/opt/hivemq/conf-k8s/config.xml'.
2025-01-30 18:42:25,427 INFO c.h.h.t.HelmChartContainer - [test-hivemq-platform] [hivemq] [24c74b73] INFO  - This node's ID is beqOG
2025-01-30 18:42:25,427 INFO c.h.h.t.HelmChartContainer - [test-hivemq-platform] [hivemq] [24c74b73] INFO  - Clustering is enabled
2025-01-30 18:42:26,531 INFO c.h.h.t.HelmChartContainer - [hivemq-test-hivemq-platform] [hivemq-platform-operator] [a08c68c4] 18:42:26.527 [pool-6-thread-6] DEBUG c.h.p.o.d.PlatformServiceResource - [helmcust] Desired Platform services (3 services)
2025-01-30 18:42:26,532 INFO c.h.h.t.HelmChartContainer - [hivemq-test-hivemq-platform] [hivemq-platform-operator] [a08c68c4] 18:42:26.528 [pool-6-thread-8] DEBUG c.h.p.o.dependants.PodInfoConfigMap - [helmcust] Desired PodInfo ConfigMap (1 extensions) (1 enabled)
2025-01-30 18:42:26,532 INFO c.h.h.t.HelmChartContainer - [hivemq-test-hivemq-platform] [hivemq-platform-operator] [a08c68c4] 18:42:26.528 [pool-6-thread-8] DEBUG c.h.p.o.dependants.PodInfoConfigMap - [helmcust] Desired PodInfo ConfigMap (metrics port: 9399) (metrics path: /)
2025-01-30 18:42:26,532 INFO c.h.h.t.HelmChartContainer - [hivemq-test-hivemq-platform] [hivemq-platform-operator] [a08c68c4] 18:42:26.528 [pool-6-thread-8] DEBUG c.h.p.o.dependants.PodInfoConfigMap - [helmcust] Desired PodInfo ConfigMap (extension state hash: -1817474005)
2025-01-30 18:42:26,532 INFO c.h.h.t.HelmChartContainer - [hivemq-test-hivemq-platform] [hivemq-platform-operator] [a08c68c4] 18:42:26.530 [pool-6-thread-8] DEBUG c.h.p.o.d.PodServiceAccountResource - [helmcust] Desired PodServiceAccountResource (serviceAccountName: hivemq-platform-pod-test-hivemq-platform)
2025-01-30 18:42:26,543 INFO c.h.h.t.HelmChartContainer - [hivemq-test-hivemq-platform] [hivemq-platform-operator] [a08c68c4] 18:42:26.540 [pool-6-thread-6] DEBUG c.h.p.o.d.StatefulSetResource - [helmcust] Desired StatefulSet (2 replicas) for status STARTING (READY)
2025-01-30 18:42:26,549 INFO c.h.h.t.HelmChartContainer - [hivemq-test-hivemq-platform] [hivemq-platform-operator] [a08c68c4] 18:42:26.548 [ReconcilerExecutor-hivemq-controller-109] INFO  c.h.p.o.HiveMQPlatformReconciler - [helmcust] Reconciling HiveMQ Platform 'test-hivemq-platform' in namespace 'helmcustomsecretconfigit'
2025-01-30 18:42:26,550 INFO c.h.h.t.HelmChartContainer - [hivemq-test-hivemq-platform] [hivemq-platform-operator] [a08c68c4] 18:42:26.549 [ReconcilerExecutor-hivemq-controller-109] DEBUG c.h.p.o.HiveMQPlatformReconciler - [helmcust] Custom Resource Status STARTING - HiveMQ Platform is starting (READY)
2025-01-30 18:42:26,551 INFO c.h.h.t.HelmChartContainer - [hivemq-test-hivemq-platform] [hivemq-platform-operator] [a08c68c4] 18:42:26.550 [ReconcilerExecutor-hivemq-controller-109] DEBUG c.h.p.o.HiveMQPlatformReconciler - [helmcust] Custom Resource Spec (replicas: 2) (extensions: 1)
2025-01-30 18:42:26,617 INFO c.h.h.t.HelmChartContainer - [hivemq-test-hivemq-platform] [hivemq-platform-operator] [a08c68c4] 18:42:26.614 [ReconcilerExecutor-hivemq-controller-109] DEBUG c.h.p.o.HiveMQPlatformReconciler - [helmcust] StatefulSet Status (revision: test-hivemq-platform-65cfcbfbf9, replicas: 1, available: 0, ready: 0, current: 1, updated: 1)
2025-01-30 18:42:26,618 INFO c.h.h.t.HelmChartContainer - [hivemq-test-hivemq-platform] [hivemq-platform-operator] [a08c68c4] 18:42:26.614 [ReconcilerExecutor-hivemq-controller-109] DEBUG c.h.p.o.HiveMQPlatformReconciler - [helmcust] StatefulSet Spec (replicas: 2, init containers: 1, containers: 1, volumes: 3)
2025-01-30 18:42:26,619 INFO c.h.h.t.HelmChartContainer - [hivemq-test-hivemq-platform] [hivemq-platform-operator] [a08c68c4] 18:42:26.616 [ReconcilerExecutor-hivemq-controller-109] DEBUG c.h.p.o.h.HiveMQPlatformReconcilerErrorHandler - [helmcust] Pod 'test-hivemq-platform-0' phase Running
2025-01-30 18:42:26,619 INFO c.h.h.t.HelmChartContainer - [hivemq-test-hivemq-platform] [hivemq-platform-operator] [a08c68c4] 18:42:26.617 [ReconcilerExecutor-hivemq-controller-109] INFO  c.h.p.o.h.HiveMQPlatformReconcilerBaseHandler - [helmcust] HiveMQ Platform is starting, 0 of 2 replicas are ready
2025-01-30 18:42:27,838 INFO c.h.h.t.HelmChartContainer - [test-hivemq-platform] [hivemq] [24c74b73] WARN  - [HiveMQ Platform Operator Init App 1.7.0-SNAPSHOT] Cannot connect to Health API for readiness: null
2025-01-30 18:42:27,849 INFO c.h.h.t.HelmChartContainer - [EVENT] Warning [Unhealthy] Readiness probe failed: HTTP probe failed with statuscode: 503 [helmcustomsecretconfigit:test-hivemq-platform-0]
2025-01-30 18:42:27,849 INFO c.h.h.t.HelmChartContainer - Received Unhealthy event for container hivemq in pod test-hivemq-platform-0 [24c74b73-ad16-433e-9c21-91f907eb7231]
2025-01-30 18:42:31,241 INFO c.h.h.t.HelmChartContainer - [test-hivemq-platform] [hivemq] [24c74b73] Jan 30, 2025 6:42:31 PM io.vertx.core.impl.BlockedThreadChecker
2025-01-30 18:42:31,241 INFO c.h.h.t.HelmChartContainer - [test-hivemq-platform] [hivemq] [24c74b73] WARNING: Thread Thread[vert.x-eventloop-thread-1,5,main] has been blocked for 2891 ms, time limit is 2000 ms
2025-01-30 18:42:31,438 INFO c.h.h.t.HelmChartContainer - [test-hivemq-platform] [hivemq] [24c74b73] INFO  - [HiveMQ Platform Operator Init App 1.7.0-SNAPSHOT] Updating Pod HiveMQ Platform Operator Init App version annotation (version: 1.7.0-SNAPSHOT)
2025-01-30 18:42:32,151 INFO c.h.h.t.HelmChartContainer - [POD] test-hivemq-platform-0 [24c74b73-ad16-433e-9c21-91f907eb7231] in helmcustomsecretconfigit was MODIFIED
2025-01-30 18:42:32,164 INFO c.h.h.t.HelmChartContainer - [hivemq-test-hivemq-platform] [hivemq-platform-operator] [a08c68c4] 18:42:32.161 [pool-6-thread-16] DEBUG c.h.p.o.d.PlatformServiceResource - [helmcust] Desired Platform services (3 services)
2025-01-30 18:42:32,165 INFO c.h.h.t.HelmChartContainer - [hivemq-test-hivemq-platform] [hivemq-platform-operator] [a08c68c4] 18:42:32.163 [pool-6-thread-11] DEBUG c.h.p.o.d.PodServiceAccountResource - [helmcust] Desired PodServiceAccountResource (serviceAccountName: hivemq-platform-pod-test-hivemq-platform)
2025-01-30 18:42:32,167 INFO c.h.h.t.HelmChartContainer - [hivemq-test-hivemq-platform] [hivemq-platform-operator] [a08c68c4] 18:42:32.165 [pool-6-thread-14] DEBUG c.h.p.o.dependants.PodInfoConfigMap - [helmcust] Desired PodInfo ConfigMap (1 extensions) (1 enabled)
2025-01-30 18:42:32,168 INFO c.h.h.t.HelmChartContainer - [hivemq-test-hivemq-platform] [hivemq-platform-operator] [a08c68c4] 18:42:32.165 [pool-6-thread-14] DEBUG c.h.p.o.dependants.PodInfoConfigMap - [helmcust] Desired PodInfo ConfigMap (metrics port: 9399) (metrics path: /)
2025-01-30 18:42:32,168 INFO c.h.h.t.HelmChartContainer - [hivemq-test-hivemq-platform] [hivemq-platform-operator] [a08c68c4] 18:42:32.166 [pool-6-thread-14] DEBUG c.h.p.o.dependants.PodInfoConfigMap - [helmcust] Desired PodInfo ConfigMap (extension state hash: -1817474005)
2025-01-30 18:42:32,176 INFO c.h.h.t.HelmChartContainer - [hivemq-test-hivemq-platform] [hivemq-platform-operator] [a08c68c4] 18:42:32.175 [pool-6-thread-16] DEBUG c.h.p.o.d.StatefulSetResource - [helmcust] Desired StatefulSet (2 replicas) for status STARTING (READY)
2025-01-30 18:42:32,217 INFO c.h.h.t.HelmChartContainer - [hivemq-test-hivemq-platform] [hivemq-platform-operator] [a08c68c4] 18:42:32.215 [ReconcilerExecutor-hivemq-controller-110] INFO  c.h.p.o.HiveMQPlatformReconciler - [helmcust] Reconciling HiveMQ Platform 'test-hivemq-platform' in namespace 'helmcustomsecretconfigit'
2025-01-30 18:42:32,218 INFO c.h.h.t.HelmChartContainer - [hivemq-test-hivemq-platform] [hivemq-platform-operator] [a08c68c4] 18:42:32.215 [ReconcilerExecutor-hivemq-controller-110] DEBUG c.h.p.o.HiveMQPlatformReconciler - [helmcust] Custom Resource Status STARTING - HiveMQ Platform is starting (READY)
2025-01-30 18:42:32,218 INFO c.h.h.t.HelmChartContainer - [hivemq-test-hivemq-platform] [hivemq-platform-operator] [a08c68c4] 18:42:32.215 [ReconcilerExecutor-hivemq-controller-110] DEBUG c.h.p.o.HiveMQPlatformReconciler - [helmcust] Custom Resource Spec (replicas: 2) (extensions: 1)
2025-01-30 18:42:32,219 INFO c.h.h.t.HelmChartContainer - [hivemq-test-hivemq-platform] [hivemq-platform-operator] [a08c68c4] 18:42:32.217 [ReconcilerExecutor-hivemq-controller-110] DEBUG c.h.p.o.HiveMQPlatformReconciler - [helmcust] StatefulSet Status (revision: test-hivemq-platform-65cfcbfbf9, replicas: 1, available: 0, ready: 0, current: 1, updated: 1)
2025-01-30 18:42:32,220 INFO c.h.h.t.HelmChartContainer - [hivemq-test-hivemq-platform] [hivemq-platform-operator] [a08c68c4] 18:42:32.218 [ReconcilerExecutor-hivemq-controller-110] DEBUG c.h.p.o.HiveMQPlatformReconciler - [helmcust] StatefulSet Spec (replicas: 2, init containers: 1, containers: 1, volumes: 3)
2025-01-30 18:42:32,220 INFO c.h.h.t.HelmChartContainer - [hivemq-test-hivemq-platform] [hivemq-platform-operator] [a08c68c4] 18:42:32.219 [ReconcilerExecutor-hivemq-controller-110] DEBUG c.h.p.o.h.HiveMQPlatformReconcilerErrorHandler - [helmcust] Pod 'test-hivemq-platform-0' phase Running
2025-01-30 18:42:32,221 INFO c.h.h.t.HelmChartContainer - [hivemq-test-hivemq-platform] [hivemq-platform-operator] [a08c68c4] 18:42:32.220 [ReconcilerExecutor-hivemq-controller-110] INFO  c.h.p.o.h.HiveMQPlatformReconcilerBaseHandler - [helmcust] HiveMQ Platform is starting, 0 of 2 replicas are ready
2025-01-30 18:42:32,225 INFO c.h.h.t.HelmChartContainer - [test-hivemq-platform] [hivemq] [24c74b73] WARN  - [HiveMQ Platform Operator Init App 1.7.0-SNAPSHOT] Cannot connect to Health API for readiness: null
2025-01-30 18:42:32,232 INFO c.h.h.t.HelmChartContainer - [EVENT] Warning [Unhealthy] Readiness probe failed: HTTP probe failed with statuscode: 503 [helmcustomsecretconfigit:test-hivemq-platform-0]
2025-01-30 18:42:32,232 INFO c.h.h.t.HelmChartContainer - Received Unhealthy event for container hivemq in pod test-hivemq-platform-0 [24c74b73-ad16-433e-9c21-91f907eb7231]
2025-01-30 18:42:32,239 INFO c.h.h.t.HelmChartContainer - [test-hivemq-platform] [hivemq] [24c74b73] INFO  - [HiveMQ Platform Operator Init App 1.7.0-SNAPSHOT] Successfully updated Pod HiveMQ Platform Operator Init App version annotation (version: 1.7.0-SNAPSHOT)
2025-01-30 18:42:37,238 INFO c.h.h.t.HelmChartContainer - [test-hivemq-platform] [hivemq] [24c74b73] WARN  - [HiveMQ Platform Operator Init App 1.7.0-SNAPSHOT] Cannot connect to Health API for readiness: null
2025-01-30 18:42:37,243 INFO c.h.h.t.HelmChartContainer - [EVENT] Warning [Unhealthy] Readiness probe failed: HTTP probe failed with statuscode: 503 [helmcustomsecretconfigit:test-hivemq-platform-0]
2025-01-30 18:42:37,244 INFO c.h.h.t.HelmChartContainer - Received Unhealthy event for container hivemq in pod test-hivemq-platform-0 [24c74b73-ad16-433e-9c21-91f907eb7231]
2025-01-30 18:42:42,151 INFO c.h.h.t.HelmChartContainer - [test-hivemq-platform] [hivemq] [24c74b73] WARN  - [HiveMQ Platform Operator Init App 1.7.0-SNAPSHOT] Cannot connect to Health API for readiness: null
2025-01-30 18:42:42,156 INFO c.h.h.t.HelmChartContainer - [EVENT] Warning [Unhealthy] Readiness probe failed: HTTP probe failed with statuscode: 503 [helmcustomsecretconfigit:test-hivemq-platform-0]
2025-01-30 18:42:42,156 INFO c.h.h.t.HelmChartContainer - Received Unhealthy event for container hivemq in pod test-hivemq-platform-0 [24c74b73-ad16-433e-9c21-91f907eb7231]
2025-01-30 18:42:42,226 INFO c.h.h.t.HelmChartContainer - [hivemq-test-hivemq-platform] [hivemq-platform-operator] [a08c68c4] 18:42:42.224 [pool-6-thread-22] DEBUG c.h.p.o.d.PlatformServiceResource - [helmcust] Desired Platform services (3 services)
2025-01-30 18:42:42,228 INFO c.h.h.t.HelmChartContainer - [hivemq-test-hivemq-platform] [hivemq-platform-operator] [a08c68c4] 18:42:42.225 [pool-6-thread-26] DEBUG c.h.p.o.dependants.PodInfoConfigMap - [helmcust] Desired PodInfo ConfigMap (1 extensions) (1 enabled)
2025-01-30 18:42:42,228 INFO c.h.h.t.HelmChartContainer - [hivemq-test-hivemq-platform] [hivemq-platform-operator] [a08c68c4] 18:42:42.226 [pool-6-thread-26] DEBUG c.h.p.o.dependants.PodInfoConfigMap - [helmcust] Desired PodInfo ConfigMap (metrics port: 9399) (metrics path: /)
2025-01-30 18:42:42,228 INFO c.h.h.t.HelmChartContainer - [hivemq-test-hivemq-platform] [hivemq-platform-operator] [a08c68c4] 18:42:42.225 [pool-6-thread-23] DEBUG c.h.p.o.d.PodServiceAccountResource - [helmcust] Desired PodServiceAccountResource (serviceAccountName: hivemq-platform-pod-test-hivemq-platform)
2025-01-30 18:42:42,229 INFO c.h.h.t.HelmChartContainer - [hivemq-test-hivemq-platform] [hivemq-platform-operator] [a08c68c4] 18:42:42.226 [pool-6-thread-26] DEBUG c.h.p.o.dependants.PodInfoConfigMap - [helmcust] Desired PodInfo ConfigMap (extension state hash: -1817474005)
2025-01-30 18:42:42,233 INFO c.h.h.t.HelmChartContainer - [hivemq-test-hivemq-platform] [hivemq-platform-operator] [a08c68c4] 18:42:42.232 [pool-6-thread-24] DEBUG c.h.p.o.d.StatefulSetResource - [helmcust] Desired StatefulSet (2 replicas) for status STARTING (READY)
2025-01-30 18:42:42,240 INFO c.h.h.t.HelmChartContainer - [hivemq-test-hivemq-platform] [hivemq-platform-operator] [a08c68c4] 18:42:42.237 [ReconcilerExecutor-hivemq-controller-111] INFO  c.h.p.o.HiveMQPlatformReconciler - [helmcust] Reconciling HiveMQ Platform 'test-hivemq-platform' in namespace 'helmcustomsecretconfigit'
2025-01-30 18:42:42,242 INFO c.h.h.t.HelmChartContainer - [hivemq-test-hivemq-platform] [hivemq-platform-operator] [a08c68c4] 18:42:42.237 [ReconcilerExecutor-hivemq-controller-111] DEBUG c.h.p.o.HiveMQPlatformReconciler - [helmcust] Custom Resource Status STARTING - HiveMQ Platform is starting (READY)
2025-01-30 18:42:42,243 INFO c.h.h.t.HelmChartContainer - [hivemq-test-hivemq-platform] [hivemq-platform-operator] [a08c68c4] 18:42:42.237 [ReconcilerExecutor-hivemq-controller-111] DEBUG c.h.p.o.HiveMQPlatformReconciler - [helmcust] Custom Resource Spec (replicas: 2) (extensions: 1)
2025-01-30 18:42:42,243 INFO c.h.h.t.HelmChartContainer - [hivemq-test-hivemq-platform] [hivemq-platform-operator] [a08c68c4] 18:42:42.239 [ReconcilerExecutor-hivemq-controller-111] DEBUG c.h.p.o.HiveMQPlatformReconciler - [helmcust] StatefulSet Status (revision: test-hivemq-platform-65cfcbfbf9, replicas: 1, available: 0, ready: 0, current: 1, updated: 1)
2025-01-30 18:42:42,243 INFO c.h.h.t.HelmChartContainer - [hivemq-test-hivemq-platform] [hivemq-platform-operator] [a08c68c4] 18:42:42.239 [ReconcilerExecutor-hivemq-controller-111] DEBUG c.h.p.o.HiveMQPlatformReconciler - [helmcust] StatefulSet Spec (replicas: 2, init containers: 1, containers: 1, volumes: 3)
2025-01-30 18:42:42,243 INFO c.h.h.t.HelmChartContainer - [hivemq-test-hivemq-platform] [hivemq-platform-operator] [a08c68c4] 18:42:42.240 [ReconcilerExecutor-hivemq-controller-111] DEBUG c.h.p.o.h.HiveMQPlatformReconcilerErrorHandler - [helmcust] Pod 'test-hivemq-platform-0' phase Running
2025-01-30 18:42:42,243 INFO c.h.h.t.HelmChartContainer - [hivemq-test-hivemq-platform] [hivemq-platform-operator] [a08c68c4] 18:42:42.240 [ReconcilerExecutor-hivemq-controller-111] INFO  c.h.p.o.h.HiveMQPlatformReconcilerBaseHandler - [helmcust] HiveMQ Platform is starting, 0 of 2 replicas are ready
2025-01-30 18:42:42,664 INFO c.h.h.t.HelmChartContainer - [test-hivemq-platform] [hivemq] [24c74b73] INFO  - No valid license file found. Using trial license, restricted to 25 connections.
2025-01-30 18:42:44,939 INFO c.h.h.t.HelmChartContainer - [test-hivemq-platform] [hivemq] [24c74b73] WARN  - [HiveMQ Platform Operator Init App 1.7.0-SNAPSHOT] Cannot connect to Health API for liveness: null
2025-01-30 18:42:44,939 INFO c.h.h.t.HelmChartContainer - [test-hivemq-platform] [hivemq] [24c74b73] INFO  - [HiveMQ Platform Operator Init App 1.7.0-SNAPSHOT] Returning default Health API response 200 for liveness
2025-01-30 18:42:46,248 INFO c.h.h.t.HelmChartContainer - [test-hivemq-platform] [hivemq] [24c74b73] INFO  - No valid license file for Data Hub found. Using free license, restricted to 1 policy.
2025-01-30 18:42:47,244 INFO c.h.h.t.HelmChartContainer - [test-hivemq-platform] [hivemq] [24c74b73] WARN  - [HiveMQ Platform Operator Init App 1.7.0-SNAPSHOT] Cannot connect to Health API for readiness: null
2025-01-30 18:42:47,247 INFO c.h.h.t.HelmChartContainer - [EVENT] Warning [Unhealthy] Readiness probe failed: HTTP probe failed with statuscode: 503 [helmcustomsecretconfigit:test-hivemq-platform-0]
2025-01-30 18:42:47,247 INFO c.h.h.t.HelmChartContainer - Received Unhealthy event for container hivemq in pod test-hivemq-platform-0 [24c74b73-ad16-433e-9c21-91f907eb7231]
2025-01-30 18:42:47,525 INFO c.h.h.t.HelmChartContainer - [test-hivemq-platform] [hivemq] [24c74b73] INFO  - Audit Logger started.
2025-01-30 18:42:47,755 INFO c.h.h.t.HelmChartContainer - [test-hivemq-platform] [hivemq] [24c74b73] INFO  - This node uses '1' CPU cores.
2025-01-30 18:42:47,759 INFO c.h.h.t.HelmChartContainer - [test-hivemq-platform] [hivemq] [24c74b73] INFO  - Starting HiveMQ Health API on address 0.0.0.0 and port 8889
2025-01-30 18:42:48,546 INFO c.h.h.t.HelmChartContainer - [test-hivemq-platform] [hivemq] [24c74b73] INFO  - Started HiveMQ Health API in 786ms
2025-01-30 18:42:49,353 INFO c.h.h.t.HelmChartContainer - [test-hivemq-platform] [hivemq] [24c74b73] INFO  - Starting HiveMQ extension system.
2025-01-30 18:42:49,640 INFO c.h.h.t.HelmChartContainer - [test-hivemq-platform] [hivemq] [24c74b73] INFO  - Starting extension with id "hivemq-dns-cluster-discovery" at /opt/hivemq/extensions/hivemq-dns-cluster-discovery
2025-01-30 18:42:50,141 INFO c.h.h.t.HelmChartContainer - [test-hivemq-platform] [hivemq] [24c74b73] INFO  - Using TCP cluster transport on address 10.42.0.6 and port 7000
2025-01-30 18:42:50,146 INFO c.h.h.t.HelmChartContainer - [test-hivemq-platform] [hivemq] [24c74b73] INFO  - Using extension cluster discovery
2025-01-30 18:42:50,244 INFO c.h.h.t.HelmChartContainer - [test-hivemq-platform] [hivemq] [24c74b73] INFO  - Extension "DNS Cluster Discovery Extension" version 4.3.2 started successfully.
2025-01-30 18:42:50,245 INFO c.h.h.t.HelmChartContainer - [test-hivemq-platform] [hivemq] [24c74b73] INFO  - Starting extension with id "hivemq-prometheus-extension" at /opt/hivemq/extensions/hivemq-prometheus-extension
2025-01-30 18:42:51,248 INFO c.h.h.t.HelmChartContainer - [test-hivemq-platform] [hivemq] [24c74b73] INFO  - Started Jetty Server exposing Prometheus Servlet on URI http://0.0.0.0:9399/
2025-01-30 18:42:51,249 INFO c.h.h.t.HelmChartContainer - [test-hivemq-platform] [hivemq] [24c74b73] INFO  - Extension "Prometheus Monitoring Extension" version 4.0.12 started successfully.
2025-01-30 18:42:51,249 INFO c.h.h.t.HelmChartContainer - [test-hivemq-platform] [hivemq] [24c74b73] INFO  - Starting extension with id "hivemq-allow-all-extension" at /opt/hivemq/extensions/hivemq-allow-all-extension
2025-01-30 18:42:51,249 INFO c.h.h.t.HelmChartContainer - [test-hivemq-platform] [hivemq] [24c74b73] WARN  - 
2025-01-30 18:42:51,249 INFO c.h.h.t.HelmChartContainer - [test-hivemq-platform] [hivemq] [24c74b73] ################################################################################################################
2025-01-30 18:42:51,249 INFO c.h.h.t.HelmChartContainer - [test-hivemq-platform] [hivemq] [24c74b73] # This HiveMQ deployment is not secure! You are lacking Authentication and Authorization.                      #
2025-01-30 18:42:51,249 INFO c.h.h.t.HelmChartContainer - [test-hivemq-platform] [hivemq] [24c74b73] # Right now any MQTT client can connect to the broker with a full set of permissions.                          #
2025-01-30 18:42:51,250 INFO c.h.h.t.HelmChartContainer - [test-hivemq-platform] [hivemq] [24c74b73] # For production usage, add an appropriate security extension and remove the hivemq-allow-all extension.       #
2025-01-30 18:42:51,250 INFO c.h.h.t.HelmChartContainer - [test-hivemq-platform] [hivemq] [24c74b73] # You can download security extensions from the HiveMQ Marketplace (https://www.hivemq.com/extensions/).       #
2025-01-30 18:42:51,250 INFO c.h.h.t.HelmChartContainer - [test-hivemq-platform] [hivemq] [24c74b73] ################################################################################################################
2025-01-30 18:42:51,250 INFO c.h.h.t.HelmChartContainer - [test-hivemq-platform] [hivemq] [24c74b73] INFO  - Extension "Allow All Extension" version 1.1.1 started successfully.
2025-01-30 18:42:52,251 INFO c.h.h.t.HelmChartContainer - [hivemq-test-hivemq-platform] [hivemq-platform-operator] [a08c68c4] 18:42:52.249 [pool-6-thread-36] DEBUG c.h.p.o.d.PlatformServiceResource - [helmcust] Desired Platform services (3 services)
2025-01-30 18:42:52,253 INFO c.h.h.t.HelmChartContainer - [hivemq-test-hivemq-platform] [hivemq-platform-operator] [a08c68c4] 18:42:52.252 [pool-6-thread-34] DEBUG c.h.p.o.d.PodServiceAccountResource - [helmcust] Desired PodServiceAccountResource (serviceAccountName: hivemq-platform-pod-test-hivemq-platform)
2025-01-30 18:42:52,257 INFO c.h.h.t.HelmChartContainer - [hivemq-test-hivemq-platform] [hivemq-platform-operator] [a08c68c4] 18:42:52.254 [pool-6-thread-35] DEBUG c.h.p.o.dependants.PodInfoConfigMap - [helmcust] Desired PodInfo ConfigMap (1 extensions) (1 enabled)
2025-01-30 18:42:52,259 INFO c.h.h.t.HelmChartContainer - [hivemq-test-hivemq-platform] [hivemq-platform-operator] [a08c68c4] 18:42:52.258 [pool-6-thread-35] DEBUG c.h.p.o.dependants.PodInfoConfigMap - [helmcust] Desired PodInfo ConfigMap (metrics port: 9399) (metrics path: /)
2025-01-30 18:42:52,259 INFO c.h.h.t.HelmChartContainer - [hivemq-test-hivemq-platform] [hivemq-platform-operator] [a08c68c4] 18:42:52.258 [pool-6-thread-35] DEBUG c.h.p.o.dependants.PodInfoConfigMap - [helmcust] Desired PodInfo ConfigMap (extension state hash: -1817474005)
2025-01-30 18:42:52,263 INFO c.h.h.t.HelmChartContainer - [hivemq-test-hivemq-platform] [hivemq-platform-operator] [a08c68c4] 18:42:52.262 [pool-6-thread-31] DEBUG c.h.p.o.d.StatefulSetResource - [helmcust] Desired StatefulSet (2 replicas) for status STARTING (READY)
2025-01-30 18:42:52,314 INFO c.h.h.t.HelmChartContainer - [hivemq-test-hivemq-platform] [hivemq-platform-operator] [a08c68c4] 18:42:52.313 [ReconcilerExecutor-hivemq-controller-112] INFO  c.h.p.o.HiveMQPlatformReconciler - [helmcust] Reconciling HiveMQ Platform 'test-hivemq-platform' in namespace 'helmcustomsecretconfigit'
2025-01-30 18:42:52,317 INFO c.h.h.t.HelmChartContainer - [hivemq-test-hivemq-platform] [hivemq-platform-operator] [a08c68c4] 18:42:52.314 [ReconcilerExecutor-hivemq-controller-112] DEBUG c.h.p.o.HiveMQPlatformReconciler - [helmcust] Custom Resource Status STARTING - HiveMQ Platform is starting (READY)
2025-01-30 18:42:52,317 INFO c.h.h.t.HelmChartContainer - [hivemq-test-hivemq-platform] [hivemq-platform-operator] [a08c68c4] 18:42:52.314 [ReconcilerExecutor-hivemq-controller-112] DEBUG c.h.p.o.HiveMQPlatformReconciler - [helmcust] Custom Resource Spec (replicas: 2) (extensions: 1)
2025-01-30 18:42:52,318 INFO c.h.h.t.HelmChartContainer - [hivemq-test-hivemq-platform] [hivemq-platform-operator] [a08c68c4] 18:42:52.315 [ReconcilerExecutor-hivemq-controller-112] DEBUG c.h.p.o.HiveMQPlatformReconciler - [helmcust] StatefulSet Status (revision: test-hivemq-platform-65cfcbfbf9, replicas: 1, available: 0, ready: 0, current: 1, updated: 1)
2025-01-30 18:42:52,319 INFO c.h.h.t.HelmChartContainer - [hivemq-test-hivemq-platform] [hivemq-platform-operator] [a08c68c4] 18:42:52.315 [ReconcilerExecutor-hivemq-controller-112] DEBUG c.h.p.o.HiveMQPlatformReconciler - [helmcust] StatefulSet Spec (replicas: 2, init containers: 1, containers: 1, volumes: 3)
2025-01-30 18:42:52,319 INFO c.h.h.t.HelmChartContainer - [hivemq-test-hivemq-platform] [hivemq-platform-operator] [a08c68c4] 18:42:52.317 [ReconcilerExecutor-hivemq-controller-112] DEBUG c.h.p.o.h.HiveMQPlatformReconcilerErrorHandler - [helmcust] Pod 'test-hivemq-platform-0' phase Running
2025-01-30 18:42:52,320 INFO c.h.h.t.HelmChartContainer - [hivemq-test-hivemq-platform] [hivemq-platform-operator] [a08c68c4] 18:42:52.318 [ReconcilerExecutor-hivemq-controller-112] INFO  c.h.p.o.h.HiveMQPlatformReconcilerBaseHandler - [helmcust] HiveMQ Platform is starting, 0 of 2 replicas are ready
2025-01-30 18:42:52,737 INFO c.h.h.t.HelmChartContainer - [test-hivemq-platform] [hivemq] [24c74b73] INFO  - [HiveMQ Platform Operator Init App 1.7.0-SNAPSHOT] Returning Health API response 503 for readiness
2025-01-30 18:42:52,746 INFO c.h.h.t.HelmChartContainer - [EVENT] Warning [Unhealthy] Readiness probe failed: HTTP probe failed with statuscode: 503 [helmcustomsecretconfigit:test-hivemq-platform-0]
2025-01-30 18:42:52,746 INFO c.h.h.t.HelmChartContainer - Received Unhealthy event for container hivemq in pod test-hivemq-platform-0 [24c74b73-ad16-433e-9c21-91f907eb7231]
2025-01-30 18:42:53,338 INFO c.h.h.t.HelmChartContainer - [test-hivemq-platform] [hivemq] [24c74b73] INFO  - beqOG: no members discovered after 2599 ms: creating cluster as first member
2025-01-30 18:42:53,347 INFO c.h.h.t.HelmChartContainer - [test-hivemq-platform] [hivemq] [24c74b73] INFO  - Cluster nodes found by discovery: [beqOG|0] (1) [beqOG].
2025-01-30 18:42:53,445 INFO c.h.h.t.HelmChartContainer - [test-hivemq-platform] [hivemq] [24c74b73] WARN  - No user for HiveMQ Control Center configured. Starting with default user
2025-01-30 18:42:53,445 INFO c.h.h.t.HelmChartContainer - [test-hivemq-platform] [hivemq] [24c74b73] INFO  - Starting HiveMQ Control Center on address 0.0.0.0 and port 8080
2025-01-30 18:42:53,457 INFO c.h.h.t.HelmChartContainer - [test-hivemq-platform] [hivemq] [24c74b73] INFO  - Mounting HiveMQ Control Center V2 Preview
2025-01-30 18:42:54,055 INFO c.h.h.t.HelmChartContainer - [test-hivemq-platform] [hivemq] [24c74b73] INFO  - Started HiveMQ Control Center in 611ms
2025-01-30 18:42:54,150 INFO c.h.h.t.HelmChartContainer - [test-hivemq-platform] [hivemq] [24c74b73] INFO  - Starting TCP listener on address 0.0.0.0 and port 1883
2025-01-30 18:42:54,163 INFO c.h.h.t.HelmChartContainer - [test-hivemq-platform] [hivemq] [24c74b73] INFO  - Started TCP Listener on address 0.0.0.0 and on port 1883.
2025-01-30 18:42:54,163 INFO c.h.h.t.HelmChartContainer - [test-hivemq-platform] [hivemq] [24c74b73] INFO  - Started HiveMQ in 30924ms
2025-01-30 18:42:57,153 INFO c.h.h.t.HelmChartContainer - [test-hivemq-platform] [hivemq] [24c74b73] INFO  - [HiveMQ Platform Operator Init App 1.7.0-SNAPSHOT] Returning Health API response 200 for readiness
2025-01-30 18:42:57,169 INFO c.h.h.t.HelmChartContainer - [POD] test-hivemq-platform-0 [24c74b73-ad16-433e-9c21-91f907eb7231] in helmcustomsecretconfigit was MODIFIED
2025-01-30 18:42:57,181 INFO c.h.h.t.HelmChartContainer - [hivemq-test-hivemq-platform] [hivemq-platform-operator] [a08c68c4] 18:42:57.172 [pool-6-thread-47] DEBUG c.h.p.o.d.PlatformServiceResource - [helmcust] Desired Platform services (3 services)
2025-01-30 18:42:57,181 INFO c.h.h.t.HelmChartContainer - [hivemq-test-hivemq-platform] [hivemq-platform-operator] [a08c68c4] 18:42:57.177 [pool-6-thread-46] DEBUG c.h.p.o.d.PodServiceAccountResource - [helmcust] Desired PodServiceAccountResource (serviceAccountName: hivemq-platform-pod-test-hivemq-platform)
2025-01-30 18:42:57,186 INFO c.h.h.t.HelmChartContainer - [hivemq-test-hivemq-platform] [hivemq-platform-operator] [a08c68c4] 18:42:57.181 [pool-6-thread-45] DEBUG c.h.p.o.dependants.PodInfoConfigMap - [helmcust] Desired PodInfo ConfigMap (1 extensions) (1 enabled)
2025-01-30 18:42:57,186 INFO c.h.h.t.HelmChartContainer - [hivemq-test-hivemq-platform] [hivemq-platform-operator] [a08c68c4] 18:42:57.181 [pool-6-thread-45] DEBUG c.h.p.o.dependants.PodInfoConfigMap - [helmcust] Desired PodInfo ConfigMap (metrics port: 9399) (metrics path: /)
2025-01-30 18:42:57,186 INFO c.h.h.t.HelmChartContainer - [hivemq-test-hivemq-platform] [hivemq-platform-operator] [a08c68c4] 18:42:57.181 [pool-6-thread-45] DEBUG c.h.p.o.dependants.PodInfoConfigMap - [helmcust] Desired PodInfo ConfigMap (extension state hash: -1817474005)
2025-01-30 18:42:57,188 INFO c.h.h.t.HelmChartContainer - [POD] test-hivemq-platform-1 [afa6566d-424c-460b-abef-0abae7395fe3] in helmcustomsecretconfigit was ADDED
2025-01-30 18:42:57,197 INFO c.h.h.t.HelmChartContainer - [EVENT] Normal [SuccessfulCreate] create Pod test-hivemq-platform-1 in StatefulSet test-hivemq-platform successful [helmcustomsecretconfigit:test-hivemq-platform]
2025-01-30 18:42:57,200 INFO c.h.h.t.HelmChartContainer - [hivemq-test-hivemq-platform] [hivemq-platform-operator] [a08c68c4] 18:42:57.192 [pool-6-thread-45] DEBUG c.h.p.o.d.StatefulSetResource - [helmcust] Desired StatefulSet (2 replicas) for status STARTING (READY)
2025-01-30 18:42:57,204 INFO c.h.h.t.HelmChartContainer - [POD] test-hivemq-platform-1 [afa6566d-424c-460b-abef-0abae7395fe3] in helmcustomsecretconfigit was MODIFIED
2025-01-30 18:42:57,210 INFO c.h.h.t.HelmChartContainer - [EVENT] Normal [Scheduled] Successfully assigned helmcustomsecretconfigit/test-hivemq-platform-1 to ea8e80bdeb75 [helmcustomsecretconfigit:test-hivemq-platform-1]
2025-01-30 18:42:57,228 INFO c.h.h.t.HelmChartContainer - [POD] test-hivemq-platform-1 [afa6566d-424c-460b-abef-0abae7395fe3] in helmcustomsecretconfigit was MODIFIED
2025-01-30 18:42:57,233 INFO c.h.h.t.HelmChartContainer - [hivemq-test-hivemq-platform] [hivemq-platform-operator] [a08c68c4] 18:42:57.232 [ReconcilerExecutor-hivemq-controller-113] INFO  c.h.p.o.HiveMQPlatformReconciler - [helmcust] Reconciling HiveMQ Platform 'test-hivemq-platform' in namespace 'helmcustomsecretconfigit'
2025-01-30 18:42:57,234 INFO c.h.h.t.HelmChartContainer - [hivemq-test-hivemq-platform] [hivemq-platform-operator] [a08c68c4] 18:42:57.232 [ReconcilerExecutor-hivemq-controller-113] DEBUG c.h.p.o.HiveMQPlatformReconciler - [helmcust] Custom Resource Status STARTING - HiveMQ Platform is starting (READY)
2025-01-30 18:42:57,234 INFO c.h.h.t.HelmChartContainer - [hivemq-test-hivemq-platform] [hivemq-platform-operator] [a08c68c4] 18:42:57.233 [ReconcilerExecutor-hivemq-controller-113] DEBUG c.h.p.o.HiveMQPlatformReconciler - [helmcust] Custom Resource Spec (replicas: 2) (extensions: 1)
2025-01-30 18:42:57,237 INFO c.h.h.t.HelmChartContainer - [hivemq-test-hivemq-platform] [hivemq-platform-operator] [a08c68c4] 18:42:57.235 [ReconcilerExecutor-hivemq-controller-113] DEBUG c.h.p.o.HiveMQPlatformReconciler - [helmcust] StatefulSet Status (revision: test-hivemq-platform-65cfcbfbf9, replicas: 2, available: 1, ready: 1, current: 2, updated: 2)
2025-01-30 18:42:57,238 INFO c.h.h.t.HelmChartContainer - [hivemq-test-hivemq-platform] [hivemq-platform-operator] [a08c68c4] 18:42:57.235 [ReconcilerExecutor-hivemq-controller-113] DEBUG c.h.p.o.HiveMQPlatformReconciler - [helmcust] StatefulSet Spec (replicas: 2, init containers: 1, containers: 1, volumes: 3)
2025-01-30 18:42:57,296 INFO c.h.h.t.HelmChartContainer - [K3S] [reconciler_common.go:251] "operationExecutor.VerifyControllerAttachedVolume started for volume \"kube-api-access-qnt2w\" (UniqueName: \"kubernetes.io/projected/afa6566d-424c-460b-abef-0abae7395fe3-kube-api-access-qnt2w\") pod \"test-hivemq-platform-1\" (UID: \"afa6566d-424c-460b-abef-0abae7395fe3\") " pod="helmcustomsecretconfigit/test-hivemq-platform-1"
2025-01-30 18:42:57,296 INFO c.h.h.t.HelmChartContainer - [K3S] [reconciler_common.go:251] "operationExecutor.VerifyControllerAttachedVolume started for volume \"pod-info\" (UniqueName: \"kubernetes.io/configmap/afa6566d-424c-460b-abef-0abae7395fe3-pod-info\") pod \"test-hivemq-platform-1\" (UID: \"afa6566d-424c-460b-abef-0abae7395fe3\") " pod="helmcustomsecretconfigit/test-hivemq-platform-1"
2025-01-30 18:42:57,296 INFO c.h.h.t.HelmChartContainer - [K3S] [reconciler_common.go:251] "operationExecutor.VerifyControllerAttachedVolume started for volume \"broker-configuration\" (UniqueName: \"kubernetes.io/secret/afa6566d-424c-460b-abef-0abae7395fe3-broker-configuration\") pod \"test-hivemq-platform-1\" (UID: \"afa6566d-424c-460b-abef-0abae7395fe3\") " pod="helmcustomsecretconfigit/test-hivemq-platform-1"
2025-01-30 18:42:57,296 INFO c.h.h.t.HelmChartContainer - [K3S] [reconciler_common.go:251] "operationExecutor.VerifyControllerAttachedVolume started for volume \"operator-init\" (UniqueName: \"kubernetes.io/empty-dir/afa6566d-424c-460b-abef-0abae7395fe3-operator-init\") pod \"test-hivemq-platform-1\" (UID: \"afa6566d-424c-460b-abef-0abae7395fe3\") " pod="helmcustomsecretconfigit/test-hivemq-platform-1"
2025-01-30 18:42:57,317 INFO c.h.h.t.HelmChartContainer - [hivemq-test-hivemq-platform] [hivemq-platform-operator] [a08c68c4] 18:42:57.315 [ReconcilerExecutor-hivemq-controller-113] DEBUG c.h.p.o.h.HiveMQPlatformReconcilerErrorHandler - [helmcust] Pod 'test-hivemq-platform-1' phase Pending
2025-01-30 18:42:57,318 INFO c.h.h.t.HelmChartContainer - [hivemq-test-hivemq-platform] [hivemq-platform-operator] [a08c68c4] 18:42:57.315 [ReconcilerExecutor-hivemq-controller-113] DEBUG c.h.p.o.h.HiveMQPlatformReconcilerErrorHandler - [helmcust] Pod 'test-hivemq-platform-1' condition 'PodReadyToStartContainers': False
2025-01-30 18:42:57,322 INFO c.h.h.t.HelmChartContainer - [hivemq-test-hivemq-platform] [hivemq-platform-operator] [a08c68c4] 18:42:57.315 [ReconcilerExecutor-hivemq-controller-113] DEBUG c.h.p.o.h.HiveMQPlatformReconcilerErrorHandler - [helmcust] Pod 'test-hivemq-platform-1' condition 'Initialized': False
2025-01-30 18:42:57,322 INFO c.h.h.t.HelmChartContainer - [hivemq-test-hivemq-platform] [hivemq-platform-operator] [a08c68c4] 18:42:57.315 [ReconcilerExecutor-hivemq-controller-113] DEBUG c.h.p.o.h.HiveMQPlatformReconcilerErrorHandler - [helmcust] Pod 'test-hivemq-platform-1' condition 'Ready': False
2025-01-30 18:42:57,322 INFO c.h.h.t.HelmChartContainer - [hivemq-test-hivemq-platform] [hivemq-platform-operator] [a08c68c4] 18:42:57.315 [ReconcilerExecutor-hivemq-controller-113] DEBUG c.h.p.o.h.HiveMQPlatformReconcilerErrorHandler - [helmcust] Pod 'test-hivemq-platform-1' condition 'ContainersReady': False
2025-01-30 18:42:57,322 INFO c.h.h.t.HelmChartContainer - [hivemq-test-hivemq-platform] [hivemq-platform-operator] [a08c68c4] 18:42:57.315 [ReconcilerExecutor-hivemq-controller-113] DEBUG c.h.p.o.h.HiveMQPlatformReconcilerErrorHandler - [helmcust] Pod 'test-hivemq-platform-1' condition 'PodScheduled': True
2025-01-30 18:42:57,322 INFO c.h.h.t.HelmChartContainer - [hivemq-test-hivemq-platform] [hivemq-platform-operator] [a08c68c4] 18:42:57.316 [ReconcilerExecutor-hivemq-controller-113] DEBUG c.h.p.o.h.HiveMQPlatformReconcilerErrorHandler - [helmcust] Pod 'test-hivemq-platform-1' containerStatus 'hivemq' (started: false) (ready: false) (waiting: [PodInitializing] null)
2025-01-30 18:42:57,322 INFO c.h.h.t.HelmChartContainer - [hivemq-test-hivemq-platform] [hivemq-platform-operator] [a08c68c4] 18:42:57.317 [ReconcilerExecutor-hivemq-controller-113] DEBUG c.h.p.o.h.HiveMQPlatformReconcilerErrorHandler - [helmcust] Pod 'test-hivemq-platform-0' phase Running
2025-01-30 18:42:57,322 INFO c.h.h.t.HelmChartContainer - [hivemq-test-hivemq-platform] [hivemq-platform-operator] [a08c68c4] 18:42:57.317 [ReconcilerExecutor-hivemq-controller-113] INFO  c.h.p.o.h.HiveMQPlatformReconcilerBaseHandler - [helmcust] HiveMQ Platform is starting, 1 of 2 replicas are ready
2025-01-30 18:42:57,322 INFO c.h.h.t.HelmChartContainer - [hivemq-test-hivemq-platform] [hivemq-platform-operator] [a08c68c4] 18:42:57.320 [pool-6-thread-8] DEBUG c.h.p.o.d.PlatformServiceResource - [helmcust] Desired Platform services (3 services)
2025-01-30 18:42:57,325 INFO c.h.h.t.HelmChartContainer - [hivemq-test-hivemq-platform] [hivemq-platform-operator] [a08c68c4] 18:42:57.321 [pool-6-thread-4] DEBUG c.h.p.o.dependants.PodInfoConfigMap - [helmcust] Desired PodInfo ConfigMap (1 extensions) (1 enabled)
2025-01-30 18:42:57,325 INFO c.h.h.t.HelmChartContainer - [hivemq-test-hivemq-platform] [hivemq-platform-operator] [a08c68c4] 18:42:57.322 [pool-6-thread-9] DEBUG c.h.p.o.d.PodServiceAccountResource - [helmcust] Desired PodServiceAccountResource (serviceAccountName: hivemq-platform-pod-test-hivemq-platform)
2025-01-30 18:42:57,326 INFO c.h.h.t.HelmChartContainer - [hivemq-test-hivemq-platform] [hivemq-platform-operator] [a08c68c4] 18:42:57.324 [pool-6-thread-4] DEBUG c.h.p.o.dependants.PodInfoConfigMap - [helmcust] Desired PodInfo ConfigMap (metrics port: 9399) (metrics path: /)
2025-01-30 18:42:57,328 INFO c.h.h.t.HelmChartContainer - [hivemq-test-hivemq-platform] [hivemq-platform-operator] [a08c68c4] 18:42:57.326 [pool-6-thread-4] DEBUG c.h.p.o.dependants.PodInfoConfigMap - [helmcust] Desired PodInfo ConfigMap (extension state hash: -1817474005)
2025-01-30 18:42:57,333 INFO c.h.h.t.HelmChartContainer - [hivemq-test-hivemq-platform] [hivemq-platform-operator] [a08c68c4] 18:42:57.332 [pool-6-thread-8] DEBUG c.h.p.o.d.StatefulSetResource - [helmcust] Desired StatefulSet (2 replicas) for status STARTING (READY)
2025-01-30 18:42:57,419 INFO c.h.h.t.HelmChartContainer - [hivemq-test-hivemq-platform] [hivemq-platform-operator] [a08c68c4] 18:42:57.418 [ReconcilerExecutor-hivemq-controller-114] INFO  c.h.p.o.HiveMQPlatformReconciler - [helmcust] Reconciling HiveMQ Platform 'test-hivemq-platform' in namespace 'helmcustomsecretconfigit'
2025-01-30 18:42:57,419 INFO c.h.h.t.HelmChartContainer - [hivemq-test-hivemq-platform] [hivemq-platform-operator] [a08c68c4] 18:42:57.418 [ReconcilerExecutor-hivemq-controller-114] DEBUG c.h.p.o.HiveMQPlatformReconciler - [helmcust] Custom Resource Status STARTING - HiveMQ Platform is starting (READY)
2025-01-30 18:42:57,419 INFO c.h.h.t.HelmChartContainer - [hivemq-test-hivemq-platform] [hivemq-platform-operator] [a08c68c4] 18:42:57.418 [ReconcilerExecutor-hivemq-controller-114] DEBUG c.h.p.o.HiveMQPlatformReconciler - [helmcust] Custom Resource Spec (replicas: 2) (extensions: 1)
2025-01-30 18:42:57,421 INFO c.h.h.t.HelmChartContainer - [hivemq-test-hivemq-platform] [hivemq-platform-operator] [a08c68c4] 18:42:57.419 [ReconcilerExecutor-hivemq-controller-114] DEBUG c.h.p.o.HiveMQPlatformReconciler - [helmcust] StatefulSet Status (revision: test-hivemq-platform-65cfcbfbf9, replicas: 2, available: 1, ready: 1, current: 2, updated: 2)
2025-01-30 18:42:57,421 INFO c.h.h.t.HelmChartContainer - [hivemq-test-hivemq-platform] [hivemq-platform-operator] [a08c68c4] 18:42:57.419 [ReconcilerExecutor-hivemq-controller-114] DEBUG c.h.p.o.HiveMQPlatformReconciler - [helmcust] StatefulSet Spec (replicas: 2, init containers: 1, containers: 1, volumes: 3)
2025-01-30 18:42:57,423 INFO c.h.h.t.HelmChartContainer - [hivemq-test-hivemq-platform] [hivemq-platform-operator] [a08c68c4] 18:42:57.422 [ReconcilerExecutor-hivemq-controller-114] DEBUG c.h.p.o.h.HiveMQPlatformReconcilerErrorHandler - [helmcust] Pod 'test-hivemq-platform-1' phase Pending
2025-01-30 18:42:57,424 INFO c.h.h.t.HelmChartContainer - [hivemq-test-hivemq-platform] [hivemq-platform-operator] [a08c68c4] 18:42:57.422 [ReconcilerExecutor-hivemq-controller-114] DEBUG c.h.p.o.h.HiveMQPlatformReconcilerErrorHandler - [helmcust] Pod 'test-hivemq-platform-1' condition 'PodReadyToStartContainers': False
2025-01-30 18:42:57,425 INFO c.h.h.t.HelmChartContainer - [hivemq-test-hivemq-platform] [hivemq-platform-operator] [a08c68c4] 18:42:57.422 [ReconcilerExecutor-hivemq-controller-114] DEBUG c.h.p.o.h.HiveMQPlatformReconcilerErrorHandler - [helmcust] Pod 'test-hivemq-platform-1' condition 'Initialized': False
2025-01-30 18:42:57,425 INFO c.h.h.t.HelmChartContainer - [hivemq-test-hivemq-platform] [hivemq-platform-operator] [a08c68c4] 18:42:57.422 [ReconcilerExecutor-hivemq-controller-114] DEBUG c.h.p.o.h.HiveMQPlatformReconcilerErrorHandler - [helmcust] Pod 'test-hivemq-platform-1' condition 'Ready': False
2025-01-30 18:42:57,425 INFO c.h.h.t.HelmChartContainer - [hivemq-test-hivemq-platform] [hivemq-platform-operator] [a08c68c4] 18:42:57.422 [ReconcilerExecutor-hivemq-controller-114] DEBUG c.h.p.o.h.HiveMQPlatformReconcilerErrorHandler - [helmcust] Pod 'test-hivemq-platform-1' condition 'ContainersReady': False
2025-01-30 18:42:57,425 INFO c.h.h.t.HelmChartContainer - [hivemq-test-hivemq-platform] [hivemq-platform-operator] [a08c68c4] 18:42:57.422 [ReconcilerExecutor-hivemq-controller-114] DEBUG c.h.p.o.h.HiveMQPlatformReconcilerErrorHandler - [helmcust] Pod 'test-hivemq-platform-1' condition 'PodScheduled': True
2025-01-30 18:42:57,425 INFO c.h.h.t.HelmChartContainer - [hivemq-test-hivemq-platform] [hivemq-platform-operator] [a08c68c4] 18:42:57.422 [ReconcilerExecutor-hivemq-controller-114] DEBUG c.h.p.o.h.HiveMQPlatformReconcilerErrorHandler - [helmcust] Pod 'test-hivemq-platform-1' containerStatus 'hivemq' (started: false) (ready: false) (waiting: [PodInitializing] null)
2025-01-30 18:42:57,426 INFO c.h.h.t.HelmChartContainer - [hivemq-test-hivemq-platform] [hivemq-platform-operator] [a08c68c4] 18:42:57.423 [ReconcilerExecutor-hivemq-controller-114] DEBUG c.h.p.o.h.HiveMQPlatformReconcilerErrorHandler - [helmcust] Pod 'test-hivemq-platform-0' phase Running
2025-01-30 18:42:57,426 INFO c.h.h.t.HelmChartContainer - [hivemq-test-hivemq-platform] [hivemq-platform-operator] [a08c68c4] 18:42:57.424 [ReconcilerExecutor-hivemq-controller-114] INFO  c.h.p.o.h.HiveMQPlatformReconcilerBaseHandler - [helmcust] HiveMQ Platform is starting, 1 of 2 replicas are ready
2025-01-30 18:42:57,615 INFO c.h.h.t.HelmChartContainer - [EVENT] Normal [Pulled] Container image "docker.io/hivemq/hivemq-platform-operator-init-test:snapshot" already present on machine [helmcustomsecretconfigit:test-hivemq-platform-1]
2025-01-30 18:42:57,621 INFO c.h.h.t.HelmChartContainer - [EVENT] Normal [Created] Created container: hivemq-platform-operator-init [helmcustomsecretconfigit:test-hivemq-platform-1]
2025-01-30 18:42:57,656 INFO c.h.h.t.HelmChartContainer - [EVENT] Normal [Started] Started container hivemq-platform-operator-init [helmcustomsecretconfigit:test-hivemq-platform-1]
2025-01-30 18:42:58,451 INFO c.h.h.t.HelmChartContainer - [EVENT] Normal [Pulled] Container image "docker.io/hivemq/hivemq4:4.36.0" already present on machine [helmcustomsecretconfigit:test-hivemq-platform-1]
2025-01-30 18:42:58,451 INFO c.h.h.t.HelmChartContainer - Received Pulled event for container hivemq in pod test-hivemq-platform-1 [afa6566d-424c-460b-abef-0abae7395fe3]
2025-01-30 18:42:58,464 INFO c.h.h.t.HelmChartContainer - [POD] test-hivemq-platform-1 [afa6566d-424c-460b-abef-0abae7395fe3] in helmcustomsecretconfigit was MODIFIED
2025-01-30 18:42:58,488 INFO c.h.h.t.HelmChartContainer - [hivemq-test-hivemq-platform] [hivemq-platform-operator] [a08c68c4] 18:42:58.468 [pool-6-thread-19] DEBUG c.h.p.o.dependants.PodInfoConfigMap - [helmcust] Desired PodInfo ConfigMap (1 extensions) (1 enabled)
2025-01-30 18:42:58,490 INFO c.h.h.t.HelmChartContainer - [hivemq-test-hivemq-platform] [hivemq-platform-operator] [a08c68c4] 18:42:58.471 [pool-6-thread-19] DEBUG c.h.p.o.dependants.PodInfoConfigMap - [helmcust] Desired PodInfo ConfigMap (metrics port: 9399) (metrics path: /)
2025-01-30 18:42:58,490 INFO c.h.h.t.HelmChartContainer - [hivemq-test-hivemq-platform] [hivemq-platform-operator] [a08c68c4] 18:42:58.471 [pool-6-thread-19] DEBUG c.h.p.o.dependants.PodInfoConfigMap - [helmcust] Desired PodInfo ConfigMap (extension state hash: -1817474005)
2025-01-30 18:42:58,490 INFO c.h.h.t.HelmChartContainer - [hivemq-test-hivemq-platform] [hivemq-platform-operator] [a08c68c4] 18:42:58.471 [pool-6-thread-13] DEBUG c.h.p.o.d.PodServiceAccountResource - [helmcust] Desired PodServiceAccountResource (serviceAccountName: hivemq-platform-pod-test-hivemq-platform)
2025-01-30 18:42:58,490 INFO c.h.h.t.HelmChartContainer - [hivemq-test-hivemq-platform] [hivemq-platform-operator] [a08c68c4] 18:42:58.471 [pool-6-thread-14] DEBUG c.h.p.o.d.PlatformServiceResource - [helmcust] Desired Platform services (3 services)
2025-01-30 18:42:58,494 INFO c.h.h.t.HelmChartContainer - [hivemq-test-hivemq-platform] [hivemq-platform-operator] [a08c68c4] 18:42:58.482 [pool-6-thread-14] DEBUG c.h.p.o.d.StatefulSetResource - [helmcust] Desired StatefulSet (2 replicas) for status STARTING (READY)
2025-01-30 18:42:58,497 INFO c.h.h.t.HelmChartContainer - [EVENT] Normal [Created] Created container: hivemq [helmcustomsecretconfigit:test-hivemq-platform-1]
2025-01-30 18:42:58,497 INFO c.h.h.t.HelmChartContainer - Received Created event for container hivemq in pod test-hivemq-platform-1 [afa6566d-424c-460b-abef-0abae7395fe3]
2025-01-30 18:42:58,523 INFO c.h.h.t.HelmChartContainer - [hivemq-test-hivemq-platform] [hivemq-platform-operator] [a08c68c4] 18:42:58.516 [ReconcilerExecutor-hivemq-controller-115] INFO  c.h.p.o.HiveMQPlatformReconciler - [helmcust] Reconciling HiveMQ Platform 'test-hivemq-platform' in namespace 'helmcustomsecretconfigit'
2025-01-30 18:42:58,523 INFO c.h.h.t.HelmChartContainer - [hivemq-test-hivemq-platform] [hivemq-platform-operator] [a08c68c4] 18:42:58.516 [ReconcilerExecutor-hivemq-controller-115] DEBUG c.h.p.o.HiveMQPlatformReconciler - [helmcust] Custom Resource Status STARTING - HiveMQ Platform is starting (READY)
2025-01-30 18:42:58,523 INFO c.h.h.t.HelmChartContainer - [hivemq-test-hivemq-platform] [hivemq-platform-operator] [a08c68c4] 18:42:58.516 [ReconcilerExecutor-hivemq-controller-115] DEBUG c.h.p.o.HiveMQPlatformReconciler - [helmcust] Custom Resource Spec (replicas: 2) (extensions: 1)
2025-01-30 18:42:58,523 INFO c.h.h.t.HelmChartContainer - [hivemq-test-hivemq-platform] [hivemq-platform-operator] [a08c68c4] 18:42:58.518 [ReconcilerExecutor-hivemq-controller-115] DEBUG c.h.p.o.HiveMQPlatformReconciler - [helmcust] StatefulSet Status (revision: test-hivemq-platform-65cfcbfbf9, replicas: 2, available: 1, ready: 1, current: 2, updated: 2)
2025-01-30 18:42:58,523 INFO c.h.h.t.HelmChartContainer - [hivemq-test-hivemq-platform] [hivemq-platform-operator] [a08c68c4] 18:42:58.519 [ReconcilerExecutor-hivemq-controller-115] DEBUG c.h.p.o.HiveMQPlatformReconciler - [helmcust] StatefulSet Spec (replicas: 2, init containers: 1, containers: 1, volumes: 3)
2025-01-30 18:42:58,524 INFO c.h.h.t.HelmChartContainer - [hivemq-test-hivemq-platform] [hivemq-platform-operator] [a08c68c4] 18:42:58.521 [ReconcilerExecutor-hivemq-controller-115] DEBUG c.h.p.o.h.HiveMQPlatformReconcilerErrorHandler - [helmcust] Pod 'test-hivemq-platform-1' phase Pending
2025-01-30 18:42:58,525 INFO c.h.h.t.HelmChartContainer - [hivemq-test-hivemq-platform] [hivemq-platform-operator] [a08c68c4] 18:42:58.521 [ReconcilerExecutor-hivemq-controller-115] DEBUG c.h.p.o.h.HiveMQPlatformReconcilerErrorHandler - [helmcust] Pod 'test-hivemq-platform-1' condition 'PodReadyToStartContainers': True
2025-01-30 18:42:58,526 INFO c.h.h.t.HelmChartContainer - [hivemq-test-hivemq-platform] [hivemq-platform-operator] [a08c68c4] 18:42:58.522 [ReconcilerExecutor-hivemq-controller-115] DEBUG c.h.p.o.h.HiveMQPlatformReconcilerErrorHandler - [helmcust] Pod 'test-hivemq-platform-1' condition 'Initialized': True
2025-01-30 18:42:58,526 INFO c.h.h.t.HelmChartContainer - [hivemq-test-hivemq-platform] [hivemq-platform-operator] [a08c68c4] 18:42:58.522 [ReconcilerExecutor-hivemq-controller-115] DEBUG c.h.p.o.h.HiveMQPlatformReconcilerErrorHandler - [helmcust] Pod 'test-hivemq-platform-1' condition 'Ready': False
2025-01-30 18:42:58,527 INFO c.h.h.t.HelmChartContainer - [hivemq-test-hivemq-platform] [hivemq-platform-operator] [a08c68c4] 18:42:58.522 [ReconcilerExecutor-hivemq-controller-115] DEBUG c.h.p.o.h.HiveMQPlatformReconcilerErrorHandler - [helmcust] Pod 'test-hivemq-platform-1' condition 'ContainersReady': False
2025-01-30 18:42:58,528 INFO c.h.h.t.HelmChartContainer - [hivemq-test-hivemq-platform] [hivemq-platform-operator] [a08c68c4] 18:42:58.522 [ReconcilerExecutor-hivemq-controller-115] DEBUG c.h.p.o.h.HiveMQPlatformReconcilerErrorHandler - [helmcust] Pod 'test-hivemq-platform-1' condition 'PodScheduled': True
2025-01-30 18:42:58,528 INFO c.h.h.t.HelmChartContainer - [hivemq-test-hivemq-platform] [hivemq-platform-operator] [a08c68c4] 18:42:58.522 [ReconcilerExecutor-hivemq-controller-115] DEBUG c.h.p.o.h.HiveMQPlatformReconcilerErrorHandler - [helmcust] Pod 'test-hivemq-platform-1' containerStatus 'hivemq' (started: false) (ready: false) (waiting: [PodInitializing] null)
2025-01-30 18:42:58,528 INFO c.h.h.t.HelmChartContainer - [hivemq-test-hivemq-platform] [hivemq-platform-operator] [a08c68c4] 18:42:58.524 [ReconcilerExecutor-hivemq-controller-115] DEBUG c.h.p.o.h.HiveMQPlatformReconcilerErrorHandler - [helmcust] Pod 'test-hivemq-platform-0' phase Running
2025-01-30 18:42:58,528 INFO c.h.h.t.HelmChartContainer - [hivemq-test-hivemq-platform] [hivemq-platform-operator] [a08c68c4] 18:42:58.526 [ReconcilerExecutor-hivemq-controller-115] INFO  c.h.p.o.h.HiveMQPlatformReconcilerBaseHandler - [helmcust] HiveMQ Platform is starting, 1 of 2 replicas are ready
2025-01-30 18:42:59,465 INFO c.h.h.t.HelmChartContainer - [POD] test-hivemq-platform-1 [afa6566d-424c-460b-abef-0abae7395fe3] in helmcustomsecretconfigit was MODIFIED
2025-01-30 18:42:59,490 INFO c.h.h.t.HelmChartContainer - [hivemq-test-hivemq-platform] [hivemq-platform-operator] [a08c68c4] 18:42:59.478 [pool-6-thread-27] DEBUG c.h.p.o.d.PlatformServiceResource - [helmcust] Desired Platform services (3 services)
2025-01-30 18:42:59,490 INFO c.h.h.t.HelmChartContainer - [hivemq-test-hivemq-platform] [hivemq-platform-operator] [a08c68c4] 18:42:59.479 [pool-6-thread-29] DEBUG c.h.p.o.dependants.PodInfoConfigMap - [helmcust] Desired PodInfo ConfigMap (1 extensions) (1 enabled)
2025-01-30 18:42:59,490 INFO c.h.h.t.HelmChartContainer - [hivemq-test-hivemq-platform] [hivemq-platform-operator] [a08c68c4] 18:42:59.479 [pool-6-thread-29] DEBUG c.h.p.o.dependants.PodInfoConfigMap - [helmcust] Desired PodInfo ConfigMap (metrics port: 9399) (metrics path: /)
2025-01-30 18:42:59,490 INFO c.h.h.t.HelmChartContainer - [hivemq-test-hivemq-platform] [hivemq-platform-operator] [a08c68c4] 18:42:59.479 [pool-6-thread-29] DEBUG c.h.p.o.dependants.PodInfoConfigMap - [helmcust] Desired PodInfo ConfigMap (extension state hash: -1817474005)
2025-01-30 18:42:59,490 INFO c.h.h.t.HelmChartContainer - [hivemq-test-hivemq-platform] [hivemq-platform-operator] [a08c68c4] 18:42:59.481 [pool-6-thread-21] DEBUG c.h.p.o.d.PodServiceAccountResource - [helmcust] Desired PodServiceAccountResource (serviceAccountName: hivemq-platform-pod-test-hivemq-platform)
2025-01-30 18:42:59,501 INFO c.h.h.t.HelmChartContainer - [hivemq-test-hivemq-platform] [hivemq-platform-operator] [a08c68c4] 18:42:59.494 [pool-6-thread-21] DEBUG c.h.p.o.d.StatefulSetResource - [helmcust] Desired StatefulSet (2 replicas) for status STARTING (READY)
2025-01-30 18:42:59,501 INFO c.h.h.t.HelmChartContainer - [EVENT] Normal [Started] Started container hivemq [helmcustomsecretconfigit:test-hivemq-platform-1]
2025-01-30 18:42:59,501 INFO c.h.h.t.HelmChartContainer - Started log watcher for hivemq in pod test-hivemq-platform-1 [afa6566d-424c-460b-abef-0abae7395fe3]
2025-01-30 18:42:59,501 INFO c.h.h.t.HelmChartContainer - Received Started event for container hivemq in pod test-hivemq-platform-1 [afa6566d-424c-460b-abef-0abae7395fe3]
2025-01-30 18:42:59,501 INFO c.h.h.t.HelmChartContainer - [test-hivemq-platform] [hivemq] [afa6566d] Adding pre-installed HiveMQ Platform Operator extensions
2025-01-30 18:42:59,501 INFO c.h.h.t.HelmChartContainer - [test-hivemq-platform] [hivemq] [afa6566d] Running as user 10000
2025-01-30 18:42:59,501 INFO c.h.h.t.HelmChartContainer - [test-hivemq-platform] [hivemq] [afa6566d] Starting HiveMQ Platform Operator Init
2025-01-30 18:42:59,511 INFO c.h.h.t.HelmChartContainer - [hivemq-test-hivemq-platform] [hivemq-platform-operator] [a08c68c4] 18:42:59.505 [ReconcilerExecutor-hivemq-controller-116] INFO  c.h.p.o.HiveMQPlatformReconciler - [helmcust] Reconciling HiveMQ Platform 'test-hivemq-platform' in namespace 'helmcustomsecretconfigit'
2025-01-30 18:42:59,511 INFO c.h.h.t.HelmChartContainer - [hivemq-test-hivemq-platform] [hivemq-platform-operator] [a08c68c4] 18:42:59.506 [ReconcilerExecutor-hivemq-controller-116] DEBUG c.h.p.o.HiveMQPlatformReconciler - [helmcust] Custom Resource Status STARTING - HiveMQ Platform is starting (READY)
2025-01-30 18:42:59,511 INFO c.h.h.t.HelmChartContainer - [hivemq-test-hivemq-platform] [hivemq-platform-operator] [a08c68c4] 18:42:59.506 [ReconcilerExecutor-hivemq-controller-116] DEBUG c.h.p.o.HiveMQPlatformReconciler - [helmcust] Custom Resource Spec (replicas: 2) (extensions: 1)
2025-01-30 18:42:59,511 INFO c.h.h.t.HelmChartContainer - [hivemq-test-hivemq-platform] [hivemq-platform-operator] [a08c68c4] 18:42:59.507 [ReconcilerExecutor-hivemq-controller-116] DEBUG c.h.p.o.HiveMQPlatformReconciler - [helmcust] StatefulSet Status (revision: test-hivemq-platform-65cfcbfbf9, replicas: 2, available: 1, ready: 1, current: 2, updated: 2)
2025-01-30 18:42:59,511 INFO c.h.h.t.HelmChartContainer - [hivemq-test-hivemq-platform] [hivemq-platform-operator] [a08c68c4] 18:42:59.507 [ReconcilerExecutor-hivemq-controller-116] DEBUG c.h.p.o.HiveMQPlatformReconciler - [helmcust] StatefulSet Spec (replicas: 2, init containers: 1, containers: 1, volumes: 3)
2025-01-30 18:42:59,517 INFO c.h.h.t.HelmChartContainer - [hivemq-test-hivemq-platform] [hivemq-platform-operator] [a08c68c4] 18:42:59.511 [ReconcilerExecutor-hivemq-controller-116] DEBUG c.h.p.o.h.HiveMQPlatformReconcilerErrorHandler - [helmcust] Pod 'test-hivemq-platform-1' phase Running
2025-01-30 18:42:59,520 INFO c.h.h.t.HelmChartContainer - [hivemq-test-hivemq-platform] [hivemq-platform-operator] [a08c68c4] 18:42:59.517 [ReconcilerExecutor-hivemq-controller-116] DEBUG c.h.p.o.h.HiveMQPlatformReconcilerErrorHandler - [helmcust] Pod 'test-hivemq-platform-0' phase Running
2025-01-30 18:42:59,524 INFO c.h.h.t.HelmChartContainer - [hivemq-test-hivemq-platform] [hivemq-platform-operator] [a08c68c4] 18:42:59.521 [ReconcilerExecutor-hivemq-controller-116] INFO  c.h.p.o.h.HiveMQPlatformReconcilerBaseHandler - [helmcust] HiveMQ Platform is starting, 1 of 2 replicas are ready
2025-01-30 18:42:59,692 INFO c.h.h.t.HelmChartContainer - [test-hivemq-platform] [hivemq] [afa6566d] INFO  - [HiveMQ Platform Operator Init 1.7.0-SNAPSHOT] HiveMQ Platform Operator Init 1.7.0-SNAPSHOT (commit: 47e3375 on branch: HEAD) built on Thu Jan 30 03:55:50 UTC 2025
2025-01-30 18:43:00,867 INFO c.h.h.t.HelmChartContainer - [test-hivemq-platform] [hivemq] [afa6566d] INFO  - [HiveMQ Platform Operator Init App 1.7.0-SNAPSHOT] Using bind address 10.42.0.7 from environment variable
2025-01-30 18:43:01,790 INFO c.h.h.t.HelmChartContainer - [test-hivemq-platform] [hivemq] [afa6566d] INFO  - [HiveMQ Platform Operator Init App 1.7.0-SNAPSHOT] HiveMQ Platform Operator Init App 1.7.0-SNAPSHOT (commit: 47e3375 on branch: HEAD) built on Thu Jan 30 03:55:50 UTC 2025
2025-01-30 18:43:01,790 INFO c.h.h.t.HelmChartContainer - [test-hivemq-platform] [hivemq] [afa6566d] INFO  - [HiveMQ Platform Operator Init App 1.7.0-SNAPSHOT] PodInfo ConfigMap directory: /etc/podinfo
2025-01-30 18:43:01,790 INFO c.h.h.t.HelmChartContainer - [test-hivemq-platform] [hivemq] [afa6566d] INFO  - [HiveMQ Platform Operator Init App 1.7.0-SNAPSHOT] HiveMQ home directory: /opt/hivemq
2025-01-30 18:43:01,790 INFO c.h.h.t.HelmChartContainer - [test-hivemq-platform] [hivemq] [afa6566d] INFO  - [HiveMQ Platform Operator Init App 1.7.0-SNAPSHOT] HiveMQ Logback folder: /opt/hivemq/conf
2025-01-30 18:43:01,790 INFO c.h.h.t.HelmChartContainer - [test-hivemq-platform] [hivemq] [afa6566d] INFO  - [HiveMQ Platform Operator Init App 1.7.0-SNAPSHOT] HiveMQ Config folder: /opt/hivemq/conf-k8s
2025-01-30 18:43:01,791 INFO c.h.h.t.HelmChartContainer - [test-hivemq-platform] [hivemq] [afa6566d] INFO  - [HiveMQ Platform Operator Init App 1.7.0-SNAPSHOT] Starting HiveMQ Platform Operator Init App
2025-01-30 18:43:01,791 INFO c.h.h.t.HelmChartContainer - [test-hivemq-platform] [hivemq] [afa6566d] INFO  - [HiveMQ Platform Operator Init App 1.7.0-SNAPSHOT] Starting Pod reconciler
2025-01-30 18:43:02,911 INFO c.h.h.t.HelmChartContainer - [test-hivemq-platform] [hivemq] [afa6566d] INFO  - [HiveMQ Platform Operator Init App 1.7.0-SNAPSHOT] Pod reconciler is scheduled (interval: 5000 ms)
2025-01-30 18:43:02,912 INFO c.h.h.t.HelmChartContainer - [test-hivemq-platform] [hivemq] [afa6566d] INFO  - [HiveMQ Platform Operator Init App 1.7.0-SNAPSHOT] Starting the REST API on 10.42.0.7:7979
2025-01-30 18:43:02,915 INFO c.h.h.t.HelmChartContainer - [test-hivemq-platform] [hivemq] [afa6566d] INFO  - [HiveMQ Platform Operator Init App 1.7.0-SNAPSHOT] Waiting up to 600s for at most 2 HiveMQ nodes in cluster service hivemq-test-hivemq-platform-cluster.helmcustomsecretconfigit.svc
2025-01-30 18:43:03,292 INFO c.h.h.t.HelmChartContainer - [test-hivemq-platform] [hivemq] [afa6566d] INFO  - [HiveMQ Platform Operator Init App 1.7.0-SNAPSHOT] Resolved 2 IP addresses: [10.42.0.6, 10.42.0.7]
2025-01-30 18:43:03,292 INFO c.h.h.t.HelmChartContainer - [test-hivemq-platform] [hivemq] [afa6566d] INFO  - [HiveMQ Platform Operator Init App 1.7.0-SNAPSHOT] HiveMQ node count of 2 is within threshold of 2
2025-01-30 18:43:03,292 INFO c.h.h.t.HelmChartContainer - [test-hivemq-platform] [hivemq] [afa6566d] INFO  - [HiveMQ Platform Operator Init App 1.7.0-SNAPSHOT] Proceeding with container start
2025-01-30 18:43:03,394 INFO c.h.h.t.HelmChartContainer - [test-hivemq-platform] [hivemq] [afa6566d] INFO  - [HiveMQ Platform Operator Init App 1.7.0-SNAPSHOT] Initializing HiveMQ Platform extensions with initial configuration: {hivemq-allow-all-extension={start-priority=-1, skip-https-hostname-verification=false, restart=true, config-version=0, header-version=0, c-uri=, priority=-1, uri=preinstalled, skip-https-certificate-validation=false, enabled=true}, hivemq-prometheus-extension={start-priority=-1, priority=-1, restart=true, enabled=true, request-header-path=no-request-headers, uri=preinstalled, skip-https-certificate-validation=false, skip-https-hostname-verification=false, c-uri=}}
2025-01-30 18:43:03,868 INFO c.h.h.t.HelmChartContainer - [test-hivemq-platform] [hivemq] [afa6566d] INFO  - [HiveMQ Platform Operator Init App 1.7.0-SNAPSHOT] Extension hivemq-allow-all-extension was already enabled
2025-01-30 18:43:03,898 INFO c.h.h.t.HelmChartContainer - [test-hivemq-platform] [hivemq] [afa6566d] INFO  - [HiveMQ Platform Operator Init App 1.7.0-SNAPSHOT] Successfully enabled extension hivemq-prometheus-extension
2025-01-30 18:43:03,900 INFO c.h.h.t.HelmChartContainer - [test-hivemq-platform] [hivemq] [afa6566d] INFO  - [HiveMQ Platform Operator Init App 1.7.0-SNAPSHOT] Starting HiveMQ Platform version 4.36.0 (4.36.0)
2025-01-30 18:43:03,900 INFO c.h.h.t.HelmChartContainer - [test-hivemq-platform] [hivemq] [afa6566d] INFO  - [HiveMQ Platform Operator Init App 1.7.0-SNAPSHOT] Configuring the HiveMQ Platform
2025-01-30 18:43:03,992 INFO c.h.h.t.HelmChartContainer - [test-hivemq-platform] [hivemq] [afa6566d] INFO  - [HiveMQ Platform Operator Init App 1.7.0-SNAPSHOT] Changed logback.xml file scan period to 20 seconds
2025-01-30 18:43:04,068 INFO c.h.h.t.HelmChartContainer - [test-hivemq-platform] [hivemq] [afa6566d] INFO  - [HiveMQ Platform Operator Init App 1.7.0-SNAPSHOT] Starting the HiveMQ Platform
2025-01-30 18:43:04,090 INFO c.h.h.t.HelmChartContainer - [test-hivemq-platform] [hivemq] [afa6566d] -------------------------------------------------------------------------
2025-01-30 18:43:04,090 INFO c.h.h.t.HelmChartContainer - [test-hivemq-platform] [hivemq] [afa6566d] 
2025-01-30 18:43:04,090 INFO c.h.h.t.HelmChartContainer - [test-hivemq-platform] [hivemq] [afa6566d]                   _    _  _              __  __   ____
2025-01-30 18:43:04,090 INFO c.h.h.t.HelmChartContainer - [test-hivemq-platform] [hivemq] [afa6566d]                  | |  | |(_)            |  \/  | / __ \
2025-01-30 18:43:04,090 INFO c.h.h.t.HelmChartContainer - [test-hivemq-platform] [hivemq] [afa6566d]                  | |__| | _ __   __ ___ | \  / || |  | |
2025-01-30 18:43:04,090 INFO c.h.h.t.HelmChartContainer - [test-hivemq-platform] [hivemq] [afa6566d]                  |  __  || |\ \ / // _ \| |\/| || |  | |
2025-01-30 18:43:04,090 INFO c.h.h.t.HelmChartContainer - [test-hivemq-platform] [hivemq] [afa6566d]                  | |  | || | \ V /|  __/| |  | || |__| |
2025-01-30 18:43:04,090 INFO c.h.h.t.HelmChartContainer - [test-hivemq-platform] [hivemq] [afa6566d]                  |_|  |_||_|  \_/  \___||_|  |_| \___\_\
2025-01-30 18:43:04,090 INFO c.h.h.t.HelmChartContainer - [test-hivemq-platform] [hivemq] [afa6566d] 
2025-01-30 18:43:04,090 INFO c.h.h.t.HelmChartContainer - [test-hivemq-platform] [hivemq] [afa6566d] -------------------------------------------------------------------------
2025-01-30 18:43:04,090 INFO c.h.h.t.HelmChartContainer - [test-hivemq-platform] [hivemq] [afa6566d] 
2025-01-30 18:43:04,090 INFO c.h.h.t.HelmChartContainer - [test-hivemq-platform] [hivemq] [afa6566d]   HiveMQ Start Script for Linux/Unix v1.14
2025-01-30 18:43:04,090 INFO c.h.h.t.HelmChartContainer - [test-hivemq-platform] [hivemq] [afa6566d] 
2025-01-30 18:43:04,172 INFO c.h.h.t.HelmChartContainer - [test-hivemq-platform] [hivemq] [afa6566d] -------------------------------------------------------------------------
2025-01-30 18:43:04,172 INFO c.h.h.t.HelmChartContainer - [test-hivemq-platform] [hivemq] [afa6566d] 
2025-01-30 18:43:04,172 INFO c.h.h.t.HelmChartContainer - [test-hivemq-platform] [hivemq] [afa6566d]   HIVEMQ_HOME: /opt/hivemq
2025-01-30 18:43:04,172 INFO c.h.h.t.HelmChartContainer - [test-hivemq-platform] [hivemq] [afa6566d] 
2025-01-30 18:43:04,172 INFO c.h.h.t.HelmChartContainer - [test-hivemq-platform] [hivemq] [afa6566d]   JAVA_OPTS: -XX:+UnlockExperimentalVMOptions -XX:InitialRAMPercentage=50 -XX:MaxRAMPercentage=50 -Djava.net.preferIPv4Stack=true --add-opens java.base/java.lang=ALL-UNNAMED --add-opens java.base/java.nio=ALL-UNNAMED --add-opens java.base/sun.nio.ch=ALL-UNNAMED --add-opens jdk.management/com.sun.management.internal=ALL-UNNAMED --add-exports java.base/jdk.internal.misc=ALL-UNNAMED -Djava.security.egd=file:/dev/./urandom -Dcom.sun.management.jmxremote -Dcom.sun.management.jmxremote.port=9010 -Dcom.sun.management.jmxremote.local.only=false -Dcom.sun.management.jmxremote.authenticate=false -Dcom.sun.management.jmxremote.ssl=false -Duser.language=en -Duser.region=US -XX:+CrashOnOutOfMemoryError -XX:+HeapDumpOnOutOfMemoryError
2025-01-30 18:43:04,172 INFO c.h.h.t.HelmChartContainer - [test-hivemq-platform] [hivemq] [afa6566d] 
2025-01-30 18:43:04,172 INFO c.h.h.t.HelmChartContainer - [test-hivemq-platform] [hivemq] [afa6566d]   JAVA_VERSION: 21
2025-01-30 18:43:04,172 INFO c.h.h.t.HelmChartContainer - [test-hivemq-platform] [hivemq] [afa6566d] 
2025-01-30 18:43:04,172 INFO c.h.h.t.HelmChartContainer - [test-hivemq-platform] [hivemq] [afa6566d] -------------------------------------------------------------------------
2025-01-30 18:43:04,172 INFO c.h.h.t.HelmChartContainer - [test-hivemq-platform] [hivemq] [afa6566d] 
2025-01-30 18:43:05,499 INFO c.h.h.t.HelmChartContainer - [test-hivemq-platform] [hivemq] [afa6566d] INFO  - [HiveMQ Platform Operator Init App 1.7.0-SNAPSHOT] Returning default Health API response 503 for readiness
2025-01-30 18:43:05,896 INFO c.h.h.t.HelmChartContainer - [EVENT] Warning [Unhealthy] Readiness probe failed: HTTP probe failed with statuscode: 503 [helmcustomsecretconfigit:test-hivemq-platform-1]
2025-01-30 18:43:05,896 INFO c.h.h.t.HelmChartContainer - Received Unhealthy event for container hivemq in pod test-hivemq-platform-1 [afa6566d-424c-460b-abef-0abae7395fe3]
2025-01-30 18:43:06,701 INFO c.h.h.t.HelmChartContainer - [test-hivemq-platform] [hivemq] [afa6566d] INFO  - Starting HiveMQ Enterprise Server
2025-01-30 18:43:06,789 INFO c.h.h.t.HelmChartContainer - [test-hivemq-platform] [hivemq] [afa6566d] INFO  - HiveMQ version: 4.36.0
2025-01-30 18:43:06,789 INFO c.h.h.t.HelmChartContainer - [test-hivemq-platform] [hivemq] [afa6566d] INFO  - HiveMQ home directory: /opt/hivemq
2025-01-30 18:43:06,790 INFO c.h.h.t.HelmChartContainer - [test-hivemq-platform] [hivemq] [afa6566d] INFO  - Log Configuration was overridden by /opt/hivemq/conf/logback.xml
2025-01-30 18:43:07,999 INFO c.h.h.t.HelmChartContainer - [test-hivemq-platform] [hivemq] [afa6566d] INFO  - Successfully loaded configuration from '/opt/hivemq/conf-k8s/config.xml'.
2025-01-30 18:43:08,690 INFO c.h.h.t.HelmChartContainer - [test-hivemq-platform] [hivemq] [afa6566d] INFO  - This node's ID is 6p6qp
2025-01-30 18:43:08,691 INFO c.h.h.t.HelmChartContainer - [test-hivemq-platform] [hivemq] [afa6566d] INFO  - Clustering is enabled
2025-01-30 18:43:09,527 INFO c.h.h.t.HelmChartContainer - [hivemq-test-hivemq-platform] [hivemq-platform-operator] [a08c68c4] 18:43:09.524 [pool-6-thread-39] DEBUG c.h.p.o.d.PlatformServiceResource - [helmcust] Desired Platform services (3 services)
2025-01-30 18:43:09,527 INFO c.h.h.t.HelmChartContainer - [hivemq-test-hivemq-platform] [hivemq-platform-operator] [a08c68c4] 18:43:09.525 [pool-6-thread-38] DEBUG c.h.p.o.dependants.PodInfoConfigMap - [helmcust] Desired PodInfo ConfigMap (1 extensions) (1 enabled)
2025-01-30 18:43:09,527 INFO c.h.h.t.HelmChartContainer - [hivemq-test-hivemq-platform] [hivemq-platform-operator] [a08c68c4] 18:43:09.525 [pool-6-thread-38] DEBUG c.h.p.o.dependants.PodInfoConfigMap - [helmcust] Desired PodInfo ConfigMap (metrics port: 9399) (metrics path: /)
2025-01-30 18:43:09,527 INFO c.h.h.t.HelmChartContainer - [hivemq-test-hivemq-platform] [hivemq-platform-operator] [a08c68c4] 18:43:09.525 [pool-6-thread-38] DEBUG c.h.p.o.dependants.PodInfoConfigMap - [helmcust] Desired PodInfo ConfigMap (extension state hash: -1817474005)
2025-01-30 18:43:09,527 INFO c.h.h.t.HelmChartContainer - [hivemq-test-hivemq-platform] [hivemq-platform-operator] [a08c68c4] 18:43:09.526 [pool-6-thread-37] DEBUG c.h.p.o.d.PodServiceAccountResource - [helmcust] Desired PodServiceAccountResource (serviceAccountName: hivemq-platform-pod-test-hivemq-platform)
2025-01-30 18:43:09,536 INFO c.h.h.t.HelmChartContainer - [hivemq-test-hivemq-platform] [hivemq-platform-operator] [a08c68c4] 18:43:09.535 [pool-6-thread-39] DEBUG c.h.p.o.d.StatefulSetResource - [helmcust] Desired StatefulSet (2 replicas) for status STARTING (READY)
2025-01-30 18:43:09,540 INFO c.h.h.t.HelmChartContainer - [hivemq-test-hivemq-platform] [hivemq-platform-operator] [a08c68c4] 18:43:09.540 [ReconcilerExecutor-hivemq-controller-117] INFO  c.h.p.o.HiveMQPlatformReconciler - [helmcust] Reconciling HiveMQ Platform 'test-hivemq-platform' in namespace 'helmcustomsecretconfigit'
2025-01-30 18:43:09,540 INFO c.h.h.t.HelmChartContainer - [hivemq-test-hivemq-platform] [hivemq-platform-operator] [a08c68c4] 18:43:09.540 [ReconcilerExecutor-hivemq-controller-117] DEBUG c.h.p.o.HiveMQPlatformReconciler - [helmcust] Custom Resource Status STARTING - HiveMQ Platform is starting (READY)
2025-01-30 18:43:09,542 INFO c.h.h.t.HelmChartContainer - [hivemq-test-hivemq-platform] [hivemq-platform-operator] [a08c68c4] 18:43:09.540 [ReconcilerExecutor-hivemq-controller-117] DEBUG c.h.p.o.HiveMQPlatformReconciler - [helmcust] Custom Resource Spec (replicas: 2) (extensions: 1)
2025-01-30 18:43:09,542 INFO c.h.h.t.HelmChartContainer - [hivemq-test-hivemq-platform] [hivemq-platform-operator] [a08c68c4] 18:43:09.541 [ReconcilerExecutor-hivemq-controller-117] DEBUG c.h.p.o.HiveMQPlatformReconciler - [helmcust] StatefulSet Status (revision: test-hivemq-platform-65cfcbfbf9, replicas: 2, available: 1, ready: 1, current: 2, updated: 2)
2025-01-30 18:43:09,542 INFO c.h.h.t.HelmChartContainer - [hivemq-test-hivemq-platform] [hivemq-platform-operator] [a08c68c4] 18:43:09.541 [ReconcilerExecutor-hivemq-controller-117] DEBUG c.h.p.o.HiveMQPlatformReconciler - [helmcust] StatefulSet Spec (replicas: 2, init containers: 1, containers: 1, volumes: 3)
2025-01-30 18:43:09,544 INFO c.h.h.t.HelmChartContainer - [hivemq-test-hivemq-platform] [hivemq-platform-operator] [a08c68c4] 18:43:09.543 [ReconcilerExecutor-hivemq-controller-117] DEBUG c.h.p.o.h.HiveMQPlatformReconcilerErrorHandler - [helmcust] Pod 'test-hivemq-platform-1' phase Running
2025-01-30 18:43:09,545 INFO c.h.h.t.HelmChartContainer - [hivemq-test-hivemq-platform] [hivemq-platform-operator] [a08c68c4] 18:43:09.544 [ReconcilerExecutor-hivemq-controller-117] DEBUG c.h.p.o.h.HiveMQPlatformReconcilerErrorHandler - [helmcust] Pod 'test-hivemq-platform-0' phase Running
2025-01-30 18:43:09,615 INFO c.h.h.t.HelmChartContainer - [hivemq-test-hivemq-platform] [hivemq-platform-operator] [a08c68c4] 18:43:09.614 [ReconcilerExecutor-hivemq-controller-117] INFO  c.h.p.o.h.HiveMQPlatformReconcilerBaseHandler - [helmcust] HiveMQ Platform is starting, 1 of 2 replicas are ready
2025-01-30 18:43:10,795 INFO c.h.h.t.HelmChartContainer - [test-hivemq-platform] [hivemq] [afa6566d] WARN  - [HiveMQ Platform Operator Init App 1.7.0-SNAPSHOT] Cannot connect to Health API for readiness: null
2025-01-30 18:43:10,801 INFO c.h.h.t.HelmChartContainer - [EVENT] Warning [Unhealthy] Readiness probe failed: HTTP probe failed with statuscode: 503 [helmcustomsecretconfigit:test-hivemq-platform-1]
2025-01-30 18:43:10,801 INFO c.h.h.t.HelmChartContainer - Received Unhealthy event for container hivemq in pod test-hivemq-platform-1 [afa6566d-424c-460b-abef-0abae7395fe3]
2025-01-30 18:43:13,299 INFO c.h.h.t.HelmChartContainer - [test-hivemq-platform] [hivemq] [afa6566d] Jan 30, 2025 6:43:13 PM io.vertx.core.impl.BlockedThreadChecker
2025-01-30 18:43:13,299 INFO c.h.h.t.HelmChartContainer - [test-hivemq-platform] [hivemq] [afa6566d] WARNING: Thread Thread[vert.x-eventloop-thread-1,5,main] has been blocked for 2397 ms, time limit is 2000 ms
2025-01-30 18:43:14,094 INFO c.h.h.t.HelmChartContainer - [test-hivemq-platform] [hivemq] [afa6566d] INFO  - [HiveMQ Platform Operator Init App 1.7.0-SNAPSHOT] Updating Pod HiveMQ Platform Operator Init App version annotation (version: 1.7.0-SNAPSHOT)
2025-01-30 18:43:14,703 INFO c.h.h.t.HelmChartContainer - [POD] test-hivemq-platform-1 [afa6566d-424c-460b-abef-0abae7395fe3] in helmcustomsecretconfigit was MODIFIED
2025-01-30 18:43:14,707 INFO c.h.h.t.HelmChartContainer - [test-hivemq-platform] [hivemq] [afa6566d] WARN  - [HiveMQ Platform Operator Init App 1.7.0-SNAPSHOT] Cannot connect to Health API for readiness: null
2025-01-30 18:43:14,716 INFO c.h.h.t.HelmChartContainer - [hivemq-test-hivemq-platform] [hivemq-platform-operator] [a08c68c4] 18:43:14.713 [pool-6-thread-44] DEBUG c.h.p.o.d.PlatformServiceResource - [helmcust] Desired Platform services (3 services)
2025-01-30 18:43:14,718 INFO c.h.h.t.HelmChartContainer - [EVENT] Warning [Unhealthy] Readiness probe failed: HTTP probe failed with statuscode: 503 [helmcustomsecretconfigit:test-hivemq-platform-1]
2025-01-30 18:43:14,718 INFO c.h.h.t.HelmChartContainer - [hivemq-test-hivemq-platform] [hivemq-platform-operator] [a08c68c4] 18:43:14.713 [pool-6-thread-42] DEBUG c.h.p.o.dependants.PodInfoConfigMap - [helmcust] Desired PodInfo ConfigMap (1 extensions) (1 enabled)
2025-01-30 18:43:14,718 INFO c.h.h.t.HelmChartContainer - Received Unhealthy event for container hivemq in pod test-hivemq-platform-1 [afa6566d-424c-460b-abef-0abae7395fe3]
2025-01-30 18:43:14,718 INFO c.h.h.t.HelmChartContainer - [hivemq-test-hivemq-platform] [hivemq-platform-operator] [a08c68c4] 18:43:14.713 [pool-6-thread-42] DEBUG c.h.p.o.dependants.PodInfoConfigMap - [helmcust] Desired PodInfo ConfigMap (metrics port: 9399) (metrics path: /)
2025-01-30 18:43:14,718 INFO c.h.h.t.HelmChartContainer - [hivemq-test-hivemq-platform] [hivemq-platform-operator] [a08c68c4] 18:43:14.713 [pool-6-thread-42] DEBUG c.h.p.o.dependants.PodInfoConfigMap - [helmcust] Desired PodInfo ConfigMap (extension state hash: -1817474005)
2025-01-30 18:43:14,718 INFO c.h.h.t.HelmChartContainer - [hivemq-test-hivemq-platform] [hivemq-platform-operator] [a08c68c4] 18:43:14.714 [pool-6-thread-49] DEBUG c.h.p.o.d.PodServiceAccountResource - [helmcust] Desired PodServiceAccountResource (serviceAccountName: hivemq-platform-pod-test-hivemq-platform)
2025-01-30 18:43:14,721 INFO c.h.h.t.HelmChartContainer - [hivemq-test-hivemq-platform] [hivemq-platform-operator] [a08c68c4] 18:43:14.720 [pool-6-thread-49] DEBUG c.h.p.o.d.StatefulSetResource - [helmcust] Desired StatefulSet (2 replicas) for status STARTING (READY)
2025-01-30 18:43:14,725 INFO c.h.h.t.HelmChartContainer - [hivemq-test-hivemq-platform] [hivemq-platform-operator] [a08c68c4] 18:43:14.724 [ReconcilerExecutor-hivemq-controller-118] INFO  c.h.p.o.HiveMQPlatformReconciler - [helmcust] Reconciling HiveMQ Platform 'test-hivemq-platform' in namespace 'helmcustomsecretconfigit'
2025-01-30 18:43:14,727 INFO c.h.h.t.HelmChartContainer - [hivemq-test-hivemq-platform] [hivemq-platform-operator] [a08c68c4] 18:43:14.725 [ReconcilerExecutor-hivemq-controller-118] DEBUG c.h.p.o.HiveMQPlatformReconciler - [helmcust] Custom Resource Status STARTING - HiveMQ Platform is starting (READY)
2025-01-30 18:43:14,727 INFO c.h.h.t.HelmChartContainer - [hivemq-test-hivemq-platform] [hivemq-platform-operator] [a08c68c4] 18:43:14.725 [ReconcilerExecutor-hivemq-controller-118] DEBUG c.h.p.o.HiveMQPlatformReconciler - [helmcust] Custom Resource Spec (replicas: 2) (extensions: 1)
2025-01-30 18:43:14,727 INFO c.h.h.t.HelmChartContainer - [hivemq-test-hivemq-platform] [hivemq-platform-operator] [a08c68c4] 18:43:14.726 [ReconcilerExecutor-hivemq-controller-118] DEBUG c.h.p.o.HiveMQPlatformReconciler - [helmcust] StatefulSet Status (revision: test-hivemq-platform-65cfcbfbf9, replicas: 2, available: 1, ready: 1, current: 2, updated: 2)
2025-01-30 18:43:14,727 INFO c.h.h.t.HelmChartContainer - [hivemq-test-hivemq-platform] [hivemq-platform-operator] [a08c68c4] 18:43:14.726 [ReconcilerExecutor-hivemq-controller-118] DEBUG c.h.p.o.HiveMQPlatformReconciler - [helmcust] StatefulSet Spec (replicas: 2, init containers: 1, containers: 1, volumes: 3)
2025-01-30 18:43:14,728 INFO c.h.h.t.HelmChartContainer - [hivemq-test-hivemq-platform] [hivemq-platform-operator] [a08c68c4] 18:43:14.728 [ReconcilerExecutor-hivemq-controller-118] DEBUG c.h.p.o.h.HiveMQPlatformReconcilerErrorHandler - [helmcust] Pod 'test-hivemq-platform-1' phase Running
2025-01-30 18:43:14,730 INFO c.h.h.t.HelmChartContainer - [hivemq-test-hivemq-platform] [hivemq-platform-operator] [a08c68c4] 18:43:14.729 [ReconcilerExecutor-hivemq-controller-118] DEBUG c.h.p.o.h.HiveMQPlatformReconcilerErrorHandler - [helmcust] Pod 'test-hivemq-platform-0' phase Running
2025-01-30 18:43:14,790 INFO c.h.h.t.HelmChartContainer - [test-hivemq-platform] [hivemq] [afa6566d] INFO  - [HiveMQ Platform Operator Init App 1.7.0-SNAPSHOT] Successfully updated Pod HiveMQ Platform Operator Init App version annotation (version: 1.7.0-SNAPSHOT)
2025-01-30 18:43:14,798 INFO c.h.h.t.HelmChartContainer - [hivemq-test-hivemq-platform] [hivemq-platform-operator] [a08c68c4] 18:43:14.796 [ReconcilerExecutor-hivemq-controller-118] INFO  c.h.p.o.h.HiveMQPlatformReconcilerBaseHandler - [helmcust] HiveMQ Platform is starting, 1 of 2 replicas are ready
2025-01-30 18:43:14,861 INFO c.h.h.t.HelmChartContainer - [test-hivemq-platform] [hivemq] [24c74b73] INFO  - [HiveMQ Platform Operator Init App 1.7.0-SNAPSHOT] Returning Health API response 200 for liveness
2025-01-30 18:43:19,706 INFO c.h.h.t.HelmChartContainer - [test-hivemq-platform] [hivemq] [afa6566d] WARN  - [HiveMQ Platform Operator Init App 1.7.0-SNAPSHOT] Cannot connect to Health API for readiness: null
2025-01-30 18:43:19,711 INFO c.h.h.t.HelmChartContainer - [EVENT] Warning [Unhealthy] Readiness probe failed: HTTP probe failed with statuscode: 503 [helmcustomsecretconfigit:test-hivemq-platform-1]
2025-01-30 18:43:19,711 INFO c.h.h.t.HelmChartContainer - Received Unhealthy event for container hivemq in pod test-hivemq-platform-1 [afa6566d-424c-460b-abef-0abae7395fe3]
2025-01-30 18:43:24,706 INFO c.h.h.t.HelmChartContainer - [test-hivemq-platform] [hivemq] [afa6566d] WARN  - [HiveMQ Platform Operator Init App 1.7.0-SNAPSHOT] Cannot connect to Health API for readiness: null
2025-01-30 18:43:24,711 INFO c.h.h.t.HelmChartContainer - [EVENT] Warning [Unhealthy] Readiness probe failed: HTTP probe failed with statuscode: 503 [helmcustomsecretconfigit:test-hivemq-platform-1]
2025-01-30 18:43:24,711 INFO c.h.h.t.HelmChartContainer - Received Unhealthy event for container hivemq in pod test-hivemq-platform-1 [afa6566d-424c-460b-abef-0abae7395fe3]
2025-01-30 18:43:24,803 INFO c.h.h.t.HelmChartContainer - [hivemq-test-hivemq-platform] [hivemq-platform-operator] [a08c68c4] 18:43:24.799 [pool-6-thread-3] DEBUG c.h.p.o.d.PlatformServiceResource - [helmcust] Desired Platform services (3 services)
2025-01-30 18:43:24,805 INFO c.h.h.t.HelmChartContainer - [hivemq-test-hivemq-platform] [hivemq-platform-operator] [a08c68c4] 18:43:24.799 [pool-6-thread-7] DEBUG c.h.p.o.dependants.PodInfoConfigMap - [helmcust] Desired PodInfo ConfigMap (1 extensions) (1 enabled)
2025-01-30 18:43:24,806 INFO c.h.h.t.HelmChartContainer - [hivemq-test-hivemq-platform] [hivemq-platform-operator] [a08c68c4] 18:43:24.799 [pool-6-thread-7] DEBUG c.h.p.o.dependants.PodInfoConfigMap - [helmcust] Desired PodInfo ConfigMap (metrics port: 9399) (metrics path: /)
2025-01-30 18:43:24,806 INFO c.h.h.t.HelmChartContainer - [hivemq-test-hivemq-platform] [hivemq-platform-operator] [a08c68c4] 18:43:24.799 [pool-6-thread-7] DEBUG c.h.p.o.dependants.PodInfoConfigMap - [helmcust] Desired PodInfo ConfigMap (extension state hash: -1817474005)
2025-01-30 18:43:24,807 INFO c.h.h.t.HelmChartContainer - [hivemq-test-hivemq-platform] [hivemq-platform-operator] [a08c68c4] 18:43:24.800 [pool-6-thread-10] DEBUG c.h.p.o.d.PodServiceAccountResource - [helmcust] Desired PodServiceAccountResource (serviceAccountName: hivemq-platform-pod-test-hivemq-platform)
2025-01-30 18:43:24,807 INFO c.h.h.t.HelmChartContainer - [hivemq-test-hivemq-platform] [hivemq-platform-operator] [a08c68c4] 18:43:24.804 [pool-6-thread-3] DEBUG c.h.p.o.d.StatefulSetResource - [helmcust] Desired StatefulSet (2 replicas) for status STARTING (READY)
2025-01-30 18:43:24,811 INFO c.h.h.t.HelmChartContainer - [hivemq-test-hivemq-platform] [hivemq-platform-operator] [a08c68c4] 18:43:24.809 [ReconcilerExecutor-hivemq-controller-119] INFO  c.h.p.o.HiveMQPlatformReconciler - [helmcust] Reconciling HiveMQ Platform 'test-hivemq-platform' in namespace 'helmcustomsecretconfigit'
2025-01-30 18:43:24,812 INFO c.h.h.t.HelmChartContainer - [hivemq-test-hivemq-platform] [hivemq-platform-operator] [a08c68c4] 18:43:24.809 [ReconcilerExecutor-hivemq-controller-119] DEBUG c.h.p.o.HiveMQPlatformReconciler - [helmcust] Custom Resource Status STARTING - HiveMQ Platform is starting (READY)
2025-01-30 18:43:24,813 INFO c.h.h.t.HelmChartContainer - [hivemq-test-hivemq-platform] [hivemq-platform-operator] [a08c68c4] 18:43:24.810 [ReconcilerExecutor-hivemq-controller-119] DEBUG c.h.p.o.HiveMQPlatformReconciler - [helmcust] Custom Resource Spec (replicas: 2) (extensions: 1)
2025-01-30 18:43:24,813 INFO c.h.h.t.HelmChartContainer - [hivemq-test-hivemq-platform] [hivemq-platform-operator] [a08c68c4] 18:43:24.811 [ReconcilerExecutor-hivemq-controller-119] DEBUG c.h.p.o.HiveMQPlatformReconciler - [helmcust] StatefulSet Status (revision: test-hivemq-platform-65cfcbfbf9, replicas: 2, available: 1, ready: 1, current: 2, updated: 2)
2025-01-30 18:43:24,813 INFO c.h.h.t.HelmChartContainer - [hivemq-test-hivemq-platform] [hivemq-platform-operator] [a08c68c4] 18:43:24.811 [ReconcilerExecutor-hivemq-controller-119] DEBUG c.h.p.o.HiveMQPlatformReconciler - [helmcust] StatefulSet Spec (replicas: 2, init containers: 1, containers: 1, volumes: 3)
2025-01-30 18:43:24,813 INFO c.h.h.t.HelmChartContainer - [hivemq-test-hivemq-platform] [hivemq-platform-operator] [a08c68c4] 18:43:24.812 [ReconcilerExecutor-hivemq-controller-119] DEBUG c.h.p.o.h.HiveMQPlatformReconcilerErrorHandler - [helmcust] Pod 'test-hivemq-platform-1' phase Running
2025-01-30 18:43:24,814 INFO c.h.h.t.HelmChartContainer - [hivemq-test-hivemq-platform] [hivemq-platform-operator] [a08c68c4] 18:43:24.813 [ReconcilerExecutor-hivemq-controller-119] DEBUG c.h.p.o.h.HiveMQPlatformReconcilerErrorHandler - [helmcust] Pod 'test-hivemq-platform-0' phase Running
2025-01-30 18:43:24,815 INFO c.h.h.t.HelmChartContainer - [hivemq-test-hivemq-platform] [hivemq-platform-operator] [a08c68c4] 18:43:24.814 [ReconcilerExecutor-hivemq-controller-119] INFO  c.h.p.o.h.HiveMQPlatformReconcilerBaseHandler - [helmcust] HiveMQ Platform is starting, 1 of 2 replicas are ready
2025-01-30 18:43:24,867 INFO c.h.h.t.HelmChartContainer - [test-hivemq-platform] [hivemq] [afa6566d] INFO  - No valid license file found. Using trial license, restricted to 25 connections.
2025-01-30 18:43:27,592 INFO c.h.h.t.HelmChartContainer - [test-hivemq-platform] [hivemq] [afa6566d] WARN  - [HiveMQ Platform Operator Init App 1.7.0-SNAPSHOT] Cannot connect to Health API for liveness: null
2025-01-30 18:43:27,592 INFO c.h.h.t.HelmChartContainer - [test-hivemq-platform] [hivemq] [afa6566d] INFO  - [HiveMQ Platform Operator Init App 1.7.0-SNAPSHOT] Returning default Health API response 200 for liveness
2025-01-30 18:43:29,088 INFO c.h.h.t.HelmChartContainer - [test-hivemq-platform] [hivemq] [afa6566d] INFO  - No valid license file for Data Hub found. Using free license, restricted to 1 policy.
2025-01-30 18:43:29,705 INFO c.h.h.t.HelmChartContainer - [test-hivemq-platform] [hivemq] [afa6566d] WARN  - [HiveMQ Platform Operator Init App 1.7.0-SNAPSHOT] Cannot connect to Health API for readiness: null
2025-01-30 18:43:29,710 INFO c.h.h.t.HelmChartContainer - [EVENT] Warning [Unhealthy] Readiness probe failed: HTTP probe failed with statuscode: 503 [helmcustomsecretconfigit:test-hivemq-platform-1]
2025-01-30 18:43:29,710 INFO c.h.h.t.HelmChartContainer - Received Unhealthy event for container hivemq in pod test-hivemq-platform-1 [afa6566d-424c-460b-abef-0abae7395fe3]
2025-01-30 18:43:30,293 INFO c.h.h.t.HelmChartContainer - [test-hivemq-platform] [hivemq] [afa6566d] INFO  - Audit Logger started.
2025-01-30 18:43:30,521 INFO c.h.h.t.HelmChartContainer - [test-hivemq-platform] [hivemq] [afa6566d] INFO  - This node uses '1' CPU cores.
2025-01-30 18:43:30,526 INFO c.h.h.t.HelmChartContainer - [test-hivemq-platform] [hivemq] [afa6566d] INFO  - Starting HiveMQ Health API on address 0.0.0.0 and port 8889
2025-01-30 18:43:31,393 INFO c.h.h.t.HelmChartContainer - [test-hivemq-platform] [hivemq] [afa6566d] INFO  - Started HiveMQ Health API in 867ms
2025-01-30 18:43:31,988 INFO c.h.h.t.HelmChartContainer - [test-hivemq-platform] [hivemq] [afa6566d] INFO  - Starting HiveMQ extension system.
2025-01-30 18:43:32,290 INFO c.h.h.t.HelmChartContainer - [test-hivemq-platform] [hivemq] [afa6566d] INFO  - Starting extension with id "hivemq-dns-cluster-discovery" at /opt/hivemq/extensions/hivemq-dns-cluster-discovery
2025-01-30 18:43:32,792 INFO c.h.h.t.HelmChartContainer - [test-hivemq-platform] [hivemq] [afa6566d] INFO  - Using TCP cluster transport on address 10.42.0.7 and port 7000
2025-01-30 18:43:32,797 INFO c.h.h.t.HelmChartContainer - [test-hivemq-platform] [hivemq] [afa6566d] INFO  - Using extension cluster discovery
2025-01-30 18:43:32,893 INFO c.h.h.t.HelmChartContainer - [test-hivemq-platform] [hivemq] [afa6566d] INFO  - Extension "DNS Cluster Discovery Extension" version 4.3.2 started successfully.
2025-01-30 18:43:32,893 INFO c.h.h.t.HelmChartContainer - [test-hivemq-platform] [hivemq] [afa6566d] INFO  - Starting extension with id "hivemq-prometheus-extension" at /opt/hivemq/extensions/hivemq-prometheus-extension
2025-01-30 18:43:33,791 INFO c.h.h.t.HelmChartContainer - [test-hivemq-platform] [hivemq] [afa6566d] INFO  - Started Jetty Server exposing Prometheus Servlet on URI http://0.0.0.0:9399/
2025-01-30 18:43:33,792 INFO c.h.h.t.HelmChartContainer - [test-hivemq-platform] [hivemq] [afa6566d] INFO  - Extension "Prometheus Monitoring Extension" version 4.0.12 started successfully.
2025-01-30 18:43:33,792 INFO c.h.h.t.HelmChartContainer - [test-hivemq-platform] [hivemq] [afa6566d] INFO  - Starting extension with id "hivemq-allow-all-extension" at /opt/hivemq/extensions/hivemq-allow-all-extension
2025-01-30 18:43:33,793 INFO c.h.h.t.HelmChartContainer - [test-hivemq-platform] [hivemq] [afa6566d] WARN  - 
2025-01-30 18:43:33,793 INFO c.h.h.t.HelmChartContainer - [test-hivemq-platform] [hivemq] [afa6566d] ################################################################################################################
2025-01-30 18:43:33,794 INFO c.h.h.t.HelmChartContainer - [test-hivemq-platform] [hivemq] [afa6566d] # This HiveMQ deployment is not secure! You are lacking Authentication and Authorization.                      #
2025-01-30 18:43:33,794 INFO c.h.h.t.HelmChartContainer - [test-hivemq-platform] [hivemq] [afa6566d] # Right now any MQTT client can connect to the broker with a full set of permissions.                          #
2025-01-30 18:43:33,794 INFO c.h.h.t.HelmChartContainer - [test-hivemq-platform] [hivemq] [afa6566d] # For production usage, add an appropriate security extension and remove the hivemq-allow-all extension.       #
2025-01-30 18:43:33,794 INFO c.h.h.t.HelmChartContainer - [test-hivemq-platform] [hivemq] [afa6566d] # You can download security extensions from the HiveMQ Marketplace (https://www.hivemq.com/extensions/).       #
2025-01-30 18:43:33,794 INFO c.h.h.t.HelmChartContainer - [test-hivemq-platform] [hivemq] [afa6566d] ################################################################################################################
2025-01-30 18:43:33,794 INFO c.h.h.t.HelmChartContainer - [test-hivemq-platform] [hivemq] [afa6566d] INFO  - Extension "Allow All Extension" version 1.1.1 started successfully.
2025-01-30 18:43:33,910 INFO c.h.h.t.HelmChartContainer - [test-hivemq-platform] [hivemq] [24c74b73] INFO  - Cluster nodes found by discovery: [beqOG|1] (2) [beqOG, 6p6qp].
2025-01-30 18:43:33,993 INFO c.h.h.t.HelmChartContainer - [test-hivemq-platform] [hivemq] [afa6566d] INFO  - Cluster nodes found by discovery: [beqOG|1] (2) [beqOG, 6p6qp].
2025-01-30 18:43:34,104 INFO c.h.h.t.HelmChartContainer - [test-hivemq-platform] [hivemq] [afa6566d] INFO  - Cluster size = 1, members : [beqOG].
2025-01-30 18:43:34,545 INFO c.h.h.t.HelmChartContainer - [test-hivemq-platform] [hivemq] [afa6566d] INFO  - Starting cluster join process. This may take a while. Please do not shut down HiveMQ.
2025-01-30 18:43:34,589 INFO c.h.h.t.HelmChartContainer - [test-hivemq-platform] [hivemq] [afa6566d] INFO  - Cluster join process is still ongoing. Please do not shut down HiveMQ.
2025-01-30 18:43:34,820 INFO c.h.h.t.HelmChartContainer - [hivemq-test-hivemq-platform] [hivemq-platform-operator] [a08c68c4] 18:43:34.817 [pool-6-thread-20] DEBUG c.h.p.o.dependants.PodInfoConfigMap - [helmcust] Desired PodInfo ConfigMap (1 extensions) (1 enabled)
2025-01-30 18:43:34,820 INFO c.h.h.t.HelmChartContainer - [hivemq-test-hivemq-platform] [hivemq-platform-operator] [a08c68c4] 18:43:34.818 [pool-6-thread-20] DEBUG c.h.p.o.dependants.PodInfoConfigMap - [helmcust] Desired PodInfo ConfigMap (metrics port: 9399) (metrics path: /)
2025-01-30 18:43:34,820 INFO c.h.h.t.HelmChartContainer - [hivemq-test-hivemq-platform] [hivemq-platform-operator] [a08c68c4] 18:43:34.818 [pool-6-thread-20] DEBUG c.h.p.o.dependants.PodInfoConfigMap - [helmcust] Desired PodInfo ConfigMap (extension state hash: -1817474005)
2025-01-30 18:43:34,821 INFO c.h.h.t.HelmChartContainer - [hivemq-test-hivemq-platform] [hivemq-platform-operator] [a08c68c4] 18:43:34.818 [pool-6-thread-11] DEBUG c.h.p.o.d.PodServiceAccountResource - [helmcust] Desired PodServiceAccountResource (serviceAccountName: hivemq-platform-pod-test-hivemq-platform)
2025-01-30 18:43:34,821 INFO c.h.h.t.HelmChartContainer - [hivemq-test-hivemq-platform] [hivemq-platform-operator] [a08c68c4] 18:43:34.818 [pool-6-thread-12] DEBUG c.h.p.o.d.PlatformServiceResource - [helmcust] Desired Platform services (3 services)
2025-01-30 18:43:34,824 INFO c.h.h.t.HelmChartContainer - [hivemq-test-hivemq-platform] [hivemq-platform-operator] [a08c68c4] 18:43:34.824 [pool-6-thread-12] DEBUG c.h.p.o.d.StatefulSetResource - [helmcust] Desired StatefulSet (2 replicas) for status STARTING (READY)
2025-01-30 18:43:34,830 INFO c.h.h.t.HelmChartContainer - [hivemq-test-hivemq-platform] [hivemq-platform-operator] [a08c68c4] 18:43:34.829 [ReconcilerExecutor-hivemq-controller-120] INFO  c.h.p.o.HiveMQPlatformReconciler - [helmcust] Reconciling HiveMQ Platform 'test-hivemq-platform' in namespace 'helmcustomsecretconfigit'
2025-01-30 18:43:34,830 INFO c.h.h.t.HelmChartContainer - [hivemq-test-hivemq-platform] [hivemq-platform-operator] [a08c68c4] 18:43:34.829 [ReconcilerExecutor-hivemq-controller-120] DEBUG c.h.p.o.HiveMQPlatformReconciler - [helmcust] Custom Resource Status STARTING - HiveMQ Platform is starting (READY)
2025-01-30 18:43:34,831 INFO c.h.h.t.HelmChartContainer - [hivemq-test-hivemq-platform] [hivemq-platform-operator] [a08c68c4] 18:43:34.829 [ReconcilerExecutor-hivemq-controller-120] DEBUG c.h.p.o.HiveMQPlatformReconciler - [helmcust] Custom Resource Spec (replicas: 2) (extensions: 1)
2025-01-30 18:43:34,832 INFO c.h.h.t.HelmChartContainer - [hivemq-test-hivemq-platform] [hivemq-platform-operator] [a08c68c4] 18:43:34.830 [ReconcilerExecutor-hivemq-controller-120] DEBUG c.h.p.o.HiveMQPlatformReconciler - [helmcust] StatefulSet Status (revision: test-hivemq-platform-65cfcbfbf9, replicas: 2, available: 1, ready: 1, current: 2, updated: 2)
2025-01-30 18:43:34,832 INFO c.h.h.t.HelmChartContainer - [hivemq-test-hivemq-platform] [hivemq-platform-operator] [a08c68c4] 18:43:34.830 [ReconcilerExecutor-hivemq-controller-120] DEBUG c.h.p.o.HiveMQPlatformReconciler - [helmcust] StatefulSet Spec (replicas: 2, init containers: 1, containers: 1, volumes: 3)
2025-01-30 18:43:34,834 INFO c.h.h.t.HelmChartContainer - [hivemq-test-hivemq-platform] [hivemq-platform-operator] [a08c68c4] 18:43:34.832 [ReconcilerExecutor-hivemq-controller-120] DEBUG c.h.p.o.h.HiveMQPlatformReconcilerErrorHandler - [helmcust] Pod 'test-hivemq-platform-1' phase Running
2025-01-30 18:43:34,834 INFO c.h.h.t.HelmChartContainer - [hivemq-test-hivemq-platform] [hivemq-platform-operator] [a08c68c4] 18:43:34.833 [ReconcilerExecutor-hivemq-controller-120] DEBUG c.h.p.o.h.HiveMQPlatformReconcilerErrorHandler - [helmcust] Pod 'test-hivemq-platform-0' phase Running
2025-01-30 18:43:34,835 INFO c.h.h.t.HelmChartContainer - [hivemq-test-hivemq-platform] [hivemq-platform-operator] [a08c68c4] 18:43:34.834 [ReconcilerExecutor-hivemq-controller-120] INFO  c.h.p.o.h.HiveMQPlatformReconcilerBaseHandler - [helmcust] HiveMQ Platform is starting, 1 of 2 replicas are ready
2025-01-30 18:43:35,293 INFO c.h.h.t.HelmChartContainer - [test-hivemq-platform] [hivemq] [afa6566d] INFO  - [HiveMQ Platform Operator Init App 1.7.0-SNAPSHOT] Returning Health API response 503 for readiness
2025-01-30 18:43:35,295 INFO c.h.h.t.HelmChartContainer - [EVENT] Warning [Unhealthy] Readiness probe failed: HTTP probe failed with statuscode: 503 [helmcustomsecretconfigit:test-hivemq-platform-1]
2025-01-30 18:43:35,296 INFO c.h.h.t.HelmChartContainer - Received Unhealthy event for container hivemq in pod test-hivemq-platform-1 [afa6566d-424c-460b-abef-0abae7395fe3]
2025-01-30 18:43:36,600 INFO c.h.h.t.HelmChartContainer - [test-hivemq-platform] [hivemq] [24c74b73] INFO  - Cluster size = 2, members : [beqOG, 6p6qp].
2025-01-30 18:43:36,618 INFO c.h.h.t.HelmChartContainer - [test-hivemq-platform] [hivemq] [afa6566d] INFO  - Cluster size = 2, members : [beqOG, 6p6qp].
2025-01-30 18:43:36,623 INFO c.h.h.t.HelmChartContainer - [test-hivemq-platform] [hivemq] [afa6566d] INFO  - Finished cluster join process successfully.
2025-01-30 18:43:36,623 INFO c.h.h.t.HelmChartContainer - [test-hivemq-platform] [hivemq] [afa6566d] WARN  - No user for HiveMQ Control Center configured. Starting with default user
2025-01-30 18:43:36,624 INFO c.h.h.t.HelmChartContainer - [test-hivemq-platform] [hivemq] [afa6566d] INFO  - Starting HiveMQ Control Center on address 0.0.0.0 and port 8080
2025-01-30 18:43:36,692 INFO c.h.h.t.HelmChartContainer - [test-hivemq-platform] [hivemq] [afa6566d] INFO  - Mounting HiveMQ Control Center V2 Preview
2025-01-30 18:43:37,396 INFO c.h.h.t.HelmChartContainer - [test-hivemq-platform] [hivemq] [afa6566d] INFO  - Started HiveMQ Control Center in 773ms
2025-01-30 18:43:37,488 INFO c.h.h.t.HelmChartContainer - [test-hivemq-platform] [hivemq] [afa6566d] INFO  - Starting TCP listener on address 0.0.0.0 and port 1883
2025-01-30 18:43:37,504 INFO c.h.h.t.HelmChartContainer - [test-hivemq-platform] [hivemq] [afa6566d] INFO  - Started TCP Listener on address 0.0.0.0 and on port 1883.
2025-01-30 18:43:37,505 INFO c.h.h.t.HelmChartContainer - [test-hivemq-platform] [hivemq] [afa6566d] INFO  - Started HiveMQ in 31105ms
2025-01-30 18:43:39,706 INFO c.h.h.t.HelmChartContainer - [test-hivemq-platform] [hivemq] [afa6566d] INFO  - [HiveMQ Platform Operator Init App 1.7.0-SNAPSHOT] Returning Health API response 200 for readiness
2025-01-30 18:43:39,719 INFO c.h.h.t.HelmChartContainer - [POD] test-hivemq-platform-1 [afa6566d-424c-460b-abef-0abae7395fe3] in helmcustomsecretconfigit was MODIFIED
2025-01-30 18:43:39,728 INFO c.h.h.t.HelmChartContainer - [hivemq-test-hivemq-platform] [hivemq-platform-operator] [a08c68c4] 18:43:39.724 [pool-6-thread-23] DEBUG c.h.p.o.d.PlatformServiceResource - [helmcust] Desired Platform services (3 services)
2025-01-30 18:43:39,736 INFO c.h.h.t.HelmChartContainer - [hivemq-test-hivemq-platform] [hivemq-platform-operator] [a08c68c4] 18:43:39.725 [pool-6-thread-26] DEBUG c.h.p.o.dependants.PodInfoConfigMap - [helmcust] Desired PodInfo ConfigMap (1 extensions) (1 enabled)
2025-01-30 18:43:39,736 INFO c.h.h.t.HelmChartContainer - [hivemq-test-hivemq-platform] [hivemq-platform-operator] [a08c68c4] 18:43:39.731 [pool-6-thread-26] DEBUG c.h.p.o.dependants.PodInfoConfigMap - [helmcust] Desired PodInfo ConfigMap (metrics port: 9399) (metrics path: /)
2025-01-30 18:43:39,736 INFO c.h.h.t.HelmChartContainer - [hivemq-test-hivemq-platform] [hivemq-platform-operator] [a08c68c4] 18:43:39.732 [pool-6-thread-26] DEBUG c.h.p.o.dependants.PodInfoConfigMap - [helmcust] Desired PodInfo ConfigMap (extension state hash: -1817474005)
2025-01-30 18:43:39,737 INFO c.h.h.t.HelmChartContainer - [hivemq-test-hivemq-platform] [hivemq-platform-operator] [a08c68c4] 18:43:39.733 [pool-6-thread-28] DEBUG c.h.p.o.d.PodServiceAccountResource - [helmcust] Desired PodServiceAccountResource (serviceAccountName: hivemq-platform-pod-test-hivemq-platform)
2025-01-30 18:43:39,743 INFO c.h.h.t.HelmChartContainer - [hivemq-test-hivemq-platform] [hivemq-platform-operator] [a08c68c4] 18:43:39.741 [pool-6-thread-23] DEBUG c.h.p.o.d.StatefulSetResource - [helmcust] Desired StatefulSet (2 replicas) for status STARTING (READY)
2025-01-30 18:43:39,747 INFO c.h.h.t.HelmChartContainer - [hivemq-test-hivemq-platform] [hivemq-platform-operator] [a08c68c4] 18:43:39.744 [ReconcilerExecutor-hivemq-controller-121] INFO  c.h.p.o.HiveMQPlatformReconciler - [helmcust] Reconciling HiveMQ Platform 'test-hivemq-platform' in namespace 'helmcustomsecretconfigit'
2025-01-30 18:43:39,747 INFO c.h.h.t.HelmChartContainer - [hivemq-test-hivemq-platform] [hivemq-platform-operator] [a08c68c4] 18:43:39.744 [ReconcilerExecutor-hivemq-controller-121] DEBUG c.h.p.o.HiveMQPlatformReconciler - [helmcust] Custom Resource Status STARTING - HiveMQ Platform is starting (READY)
2025-01-30 18:43:39,747 INFO c.h.h.t.HelmChartContainer - [hivemq-test-hivemq-platform] [hivemq-platform-operator] [a08c68c4] 18:43:39.744 [ReconcilerExecutor-hivemq-controller-121] DEBUG c.h.p.o.HiveMQPlatformReconciler - [helmcust] Custom Resource Spec (replicas: 2) (extensions: 1)
2025-01-30 18:43:39,747 INFO c.h.h.t.HelmChartContainer - [hivemq-test-hivemq-platform] [hivemq-platform-operator] [a08c68c4] 18:43:39.745 [ReconcilerExecutor-hivemq-controller-121] DEBUG c.h.p.o.HiveMQPlatformReconciler - [helmcust] StatefulSet Status (revision: test-hivemq-platform-65cfcbfbf9, replicas: 2, available: 2, ready: 2, current: 2, updated: 2)
2025-01-30 18:43:39,747 INFO c.h.h.t.HelmChartContainer - [hivemq-test-hivemq-platform] [hivemq-platform-operator] [a08c68c4] 18:43:39.746 [ReconcilerExecutor-hivemq-controller-121] DEBUG c.h.p.o.HiveMQPlatformReconciler - [helmcust] StatefulSet Spec (replicas: 2, init containers: 1, containers: 1, volumes: 3)
2025-01-30 18:43:39,748 INFO c.h.h.t.HelmChartContainer - [hivemq-test-hivemq-platform] [hivemq-platform-operator] [a08c68c4] 18:43:39.747 [ReconcilerExecutor-hivemq-controller-121] DEBUG c.h.p.o.h.HiveMQPlatformReconcilerErrorHandler - [helmcust] Pod 'test-hivemq-platform-1' phase Running
2025-01-30 18:43:39,749 INFO c.h.h.t.HelmChartContainer - [hivemq-test-hivemq-platform] [hivemq-platform-operator] [a08c68c4] 18:43:39.748 [ReconcilerExecutor-hivemq-controller-121] DEBUG c.h.p.o.h.HiveMQPlatformReconcilerErrorHandler - [helmcust] Pod 'test-hivemq-platform-0' phase Running
2025-01-30 18:43:39,750 INFO c.h.h.t.HelmChartContainer - [hivemq-test-hivemq-platform] [hivemq-platform-operator] [a08c68c4] 18:43:39.749 [ReconcilerExecutor-hivemq-controller-121] INFO  c.h.p.o.h.HiveMQPlatformReconcilerBaseHandler - [helmcust] HiveMQ Platform started successfully
2025-01-30 18:43:39,918 INFO c.h.h.t.HelmChartContainer - [hivemq-test-hivemq-platform] [hivemq-platform-operator] [a08c68c4] 18:43:39.916 [ReconcilerExecutor-hivemq-controller-121] DEBUG c.h.p.operator.event.EventSender - [helmcust] Creating K8s event hivemq-platform-ready: [Ready] HiveMQ Platform is ready
2025-01-30 18:43:39,921 INFO c.h.h.t.HelmChartContainer - [EVENT] Normal [Ready] HiveMQ Platform is ready [helmcustomsecretconfigit:test-hivemq-platform]
2025-01-30 18:43:39,922 INFO c.h.h.t.HelmChartContainer - [hivemq-test-hivemq-platform] [hivemq-platform-operator] [a08c68c4] 18:43:39.921 [ReconcilerExecutor-hivemq-controller-121] INFO  c.h.p.o.h.AbstractHiveMQReconcilerStateHandler - [helmcust] Update HiveMQ Platform Status (STARTING [READY] -> RUNNING [READY]): HiveMQ Platform is ready
2025-01-30 18:43:39,930 DEBUG com.hivemq.helmcharts.util.K8sUtil - Comparing actual state 'RUNNING' and waiting for 'RUNNING'
2025-01-30 18:43:39,937 INFO c.h.h.t.HelmChartContainer - [hivemq-test-hivemq-platform] [hivemq-platform-operator] [a08c68c4] 18:43:39.936 [pool-6-thread-33] DEBUG c.h.p.o.d.PlatformServiceResource - [helmcust] Desired Platform services (3 services)
2025-01-30 18:43:39,940 INFO c.h.h.t.HelmChartContainer - [hivemq-test-hivemq-platform] [hivemq-platform-operator] [a08c68c4] 18:43:39.939 [pool-6-thread-38] DEBUG c.h.p.o.dependants.PodInfoConfigMap - [helmcust] Desired PodInfo ConfigMap (1 extensions) (1 enabled)
2025-01-30 18:43:39,940 INFO c.h.h.t.HelmChartContainer - [hivemq-test-hivemq-platform] [hivemq-platform-operator] [a08c68c4] 18:43:39.939 [pool-6-thread-38] DEBUG c.h.p.o.dependants.PodInfoConfigMap - [helmcust] Desired PodInfo ConfigMap (metrics port: 9399) (metrics path: /)
2025-01-30 18:43:39,940 INFO c.h.h.t.HelmChartContainer - [hivemq-test-hivemq-platform] [hivemq-platform-operator] [a08c68c4] 18:43:39.939 [pool-6-thread-38] DEBUG c.h.p.o.dependants.PodInfoConfigMap - [helmcust] Desired PodInfo ConfigMap (extension state hash: -1817474005)
2025-01-30 18:43:39,941 INFO c.h.h.t.HelmChartContainer - [hivemq-test-hivemq-platform] [hivemq-platform-operator] [a08c68c4] 18:43:39.940 [pool-6-thread-38] DEBUG c.h.p.o.dependants.PodInfoConfigMap - [helmcust] Update PodInfo ConfigMap
2025-01-30 18:43:40,017 INFO c.h.h.t.HelmChartContainer - [hivemq-test-hivemq-platform] [hivemq-platform-operator] [a08c68c4] 18:43:40.014 [pool-6-thread-36] DEBUG c.h.p.o.d.PodServiceAccountResource - [helmcust] Desired PodServiceAccountResource (serviceAccountName: hivemq-platform-pod-test-hivemq-platform)
2025-01-30 18:43:40,029 INFO c.h.h.t.HelmChartContainer - [hivemq-test-hivemq-platform] [hivemq-platform-operator] [a08c68c4] 18:43:40.027 [pool-6-thread-38] DEBUG c.h.p.o.d.StatefulSetResource - [helmcust] Desired StatefulSet (2 replicas) for status RUNNING (READY)
2025-01-30 18:43:40,034 INFO c.h.h.t.HelmChartContainer - [hivemq-test-hivemq-platform] [hivemq-platform-operator] [a08c68c4] 18:43:40.031 [ReconcilerExecutor-hivemq-controller-122] INFO  c.h.p.o.HiveMQPlatformReconciler - [helmcust] Reconciling HiveMQ Platform 'test-hivemq-platform' in namespace 'helmcustomsecretconfigit'
2025-01-30 18:43:40,035 INFO c.h.h.t.HelmChartContainer - [hivemq-test-hivemq-platform] [hivemq-platform-operator] [a08c68c4] 18:43:40.032 [ReconcilerExecutor-hivemq-controller-122] DEBUG c.h.p.o.HiveMQPlatformReconciler - [helmcust] Custom Resource Status RUNNING - HiveMQ Platform is ready (READY)
2025-01-30 18:43:40,035 INFO c.h.h.t.HelmChartContainer - [hivemq-test-hivemq-platform] [hivemq-platform-operator] [a08c68c4] 18:43:40.032 [ReconcilerExecutor-hivemq-controller-122] DEBUG c.h.p.o.HiveMQPlatformReconciler - [helmcust] Custom Resource Spec (replicas: 2) (extensions: 1)
2025-01-30 18:43:40,035 INFO c.h.h.t.HelmChartContainer - [hivemq-test-hivemq-platform] [hivemq-platform-operator] [a08c68c4] 18:43:40.033 [ReconcilerExecutor-hivemq-controller-122] DEBUG c.h.p.o.HiveMQPlatformReconciler - [helmcust] StatefulSet Status (revision: test-hivemq-platform-65cfcbfbf9, replicas: 2, available: 2, ready: 2, current: 2, updated: 2)
2025-01-30 18:43:40,115 INFO c.h.h.t.HelmChartContainer - [hivemq-test-hivemq-platform] [hivemq-platform-operator] [a08c68c4] 18:43:40.113 [ReconcilerExecutor-hivemq-controller-122] DEBUG c.h.p.o.HiveMQPlatformReconciler - [helmcust] StatefulSet Spec (replicas: 2, init containers: 1, containers: 1, volumes: 3)
2025-01-30 18:43:40,117 INFO c.h.h.t.HelmChartContainer - [hivemq-test-hivemq-platform] [hivemq-platform-operator] [a08c68c4] 18:43:40.116 [ReconcilerExecutor-hivemq-controller-122] DEBUG c.h.p.o.h.HiveMQPlatformReconcilerErrorHandler - [helmcust] Pod 'test-hivemq-platform-1' phase Running
2025-01-30 18:43:40,118 INFO c.h.h.t.HelmChartContainer - [hivemq-test-hivemq-platform] [hivemq-platform-operator] [a08c68c4] 18:43:40.117 [ReconcilerExecutor-hivemq-controller-122] DEBUG c.h.p.o.h.HiveMQPlatformReconcilerErrorHandler - [helmcust] Pod 'test-hivemq-platform-0' phase Running
2025-01-30 18:43:41,983 INFO c.h.h.t.HelmChartContainer - Uninstalling release 'test-hivemq-platform' in namespace 'helmcustomsecretconfigit'...
2025-01-30 18:43:41,983 DEBUG c.h.h.t.HelmChartContainer - Executing helm command: /bin/helm --kubeconfig /etc/rancher/k3s/k3s.yaml uninstall test-hivemq-platform  --wait --timeout 5m0s --cascade foreground --namespace helmcustomsecretconfigit
2025-01-30 18:43:42,172 INFO c.h.h.t.HelmChartContainer - [hivemq-test-hivemq-platform] [hivemq-platform-operator] [a08c68c4] 18:43:42.170 [ReconcilerExecutor-hivemq-controller-123] INFO  c.h.p.o.HiveMQPlatformReconciler - [helmcust] Cleanup test-hivemq-platform - helmcustomsecretconfigit HiveMQ Platform is shut down
2025-01-30 18:43:42,506 INFO c.h.h.t.HelmChartContainer - [K3S] [authentication.go:74] "Unable to authenticate the request" err="[invalid bearer token, serviceaccounts \"hivemq-platform-pod-test-hivemq-platform\" not found]"
2025-01-30 18:43:42,522 INFO c.h.h.t.HelmChartContainer - [K3S] [authentication.go:74] "Unable to authenticate the request" err="[invalid bearer token, serviceaccounts \"hivemq-platform-pod-test-hivemq-platform\" not found]"
2025-01-30 18:43:42,547 INFO c.h.h.t.HelmChartContainer - [test-hivemq-platform] [hivemq] [24c74b73] WARN  - [HiveMQ Platform Operator Init App 1.7.0-SNAPSHOT] Could not update Pod annotations: Failure executing: GET at: https://10.43.0.1:443/api/v1/namespaces/helmcustomsecretconfigit/pods/test-hivemq-platform-0. Message: Unauthorized. Received status: Status(apiVersion=v1, code=401, details=null, kind=Status, message=Unauthorized, metadata=ListMeta(_continue=null, remainingItemCount=null, resourceVersion=null, selfLink=null, additionalProperties={}), reason=Unauthorized, status=Failure, additionalProperties={}).
2025-01-30 18:43:42,900 INFO c.h.h.t.HelmChartContainer - [POD] test-hivemq-platform-0 [24c74b73-ad16-433e-9c21-91f907eb7231] in helmcustomsecretconfigit was MODIFIED
2025-01-30 18:43:42,904 INFO c.h.h.t.HelmChartContainer - [EVENT] Normal [Killing] Stopping container hivemq [helmcustomsecretconfigit:test-hivemq-platform-0]
2025-01-30 18:43:42,904 INFO c.h.h.t.HelmChartContainer - Received Killing event for container hivemq in pod test-hivemq-platform-0 [24c74b73-ad16-433e-9c21-91f907eb7231]
2025-01-30 18:43:42,904 INFO c.h.h.t.HelmChartContainer - Container [test-hivemq-platform-0] [hivemq] [24c74b73-ad16-433e-9c21-91f907eb7231] was terminated
2025-01-30 18:43:42,904 INFO c.h.h.t.HelmChartContainer - Stopped log watcher for hivemq in pod test-hivemq-platform-0 [24c74b73-ad16-433e-9c21-91f907eb7231]
2025-01-30 18:43:42,914 INFO c.h.h.t.HelmChartContainer - [test-hivemq-platform] [hivemq] [24c74b73] INFO  - [HiveMQ Platform Operator Init App 1.7.0-SNAPSHOT] Shutting down
2025-01-30 18:43:42,914 INFO c.h.h.t.HelmChartContainer - [test-hivemq-platform] [hivemq] [24c74b73] INFO  - [HiveMQ Platform Operator Init App 1.7.0-SNAPSHOT] Stopping the HiveMQ Platform
2025-01-30 18:43:42,932 INFO c.h.h.t.HelmChartContainer - [POD] test-hivemq-platform-1 [afa6566d-424c-460b-abef-0abae7395fe3] in helmcustomsecretconfigit was MODIFIED
2025-01-30 18:43:42,963 INFO c.h.h.t.HelmChartContainer - [EVENT] Normal [Killing] Stopping container hivemq [helmcustomsecretconfigit:test-hivemq-platform-1]
2025-01-30 18:43:42,963 INFO c.h.h.t.HelmChartContainer - Received Killing event for container hivemq in pod test-hivemq-platform-1 [afa6566d-424c-460b-abef-0abae7395fe3]
2025-01-30 18:43:42,963 INFO c.h.h.t.HelmChartContainer - Container [test-hivemq-platform-1] [hivemq] [afa6566d-424c-460b-abef-0abae7395fe3] was terminated
2025-01-30 18:43:42,963 INFO c.h.h.t.HelmChartContainer - Stopped log watcher for hivemq in pod test-hivemq-platform-1 [afa6566d-424c-460b-abef-0abae7395fe3]
2025-01-30 18:43:42,974 INFO c.h.h.t.HelmChartContainer - [test-hivemq-platform] [hivemq] [afa6566d] INFO  - [HiveMQ Platform Operator Init App 1.7.0-SNAPSHOT] Shutting down
2025-01-30 18:43:42,974 INFO c.h.h.t.HelmChartContainer - [test-hivemq-platform] [hivemq] [afa6566d] INFO  - [HiveMQ Platform Operator Init App 1.7.0-SNAPSHOT] Stopping the HiveMQ Platform
2025-01-30 18:43:42,994 INFO c.h.h.t.HelmChartContainer - [K3S] [endpointslice_controller.go:344] "Error syncing endpoint slices for service, retrying" key="helmcustomsecretconfigit/hivemq-test-hivemq-platform-metrics-9399" err="failed to update hivemq-test-hivemq-platform-metrics-9399-76sl7 EndpointSlice for Service helmcustomsecretconfigit/hivemq-test-hivemq-platform-metrics-9399: Operation cannot be fulfilled on endpointslices.discovery.k8s.io \"hivemq-test-hivemq-platform-metrics-9399-76sl7\": StorageError: invalid object, Code: 4, Key: /registry/endpointslices/helmcustomsecretconfigit/hivemq-test-hivemq-platform-metrics-9399-76sl7, ResourceVersion: 0, AdditionalErrorMsg: Precondition failed: UID in precondition: 9f9389dd-9ea0-4e4e-81c2-e2686ddeb402, UID in object meta: "
2025-01-30 18:43:42,996 INFO c.h.h.t.HelmChartContainer - [K3S] [event.go:377] Event(v1.ObjectReference{Kind:"Service", Namespace:"helmcustomsecretconfigit", Name:"hivemq-test-hivemq-platform-metrics-9399", UID:"ed7b6af0-cab4-4c84-8d7a-df856f49aff9", APIVersion:"v1", ResourceVersion:"667", FieldPath:""}): type: 'Warning' reason: 'FailedToUpdateEndpointSlices' Error updating Endpoint Slices for Service helmcustomsecretconfigit/hivemq-test-hivemq-platform-metrics-9399: failed to update hivemq-test-hivemq-platform-metrics-9399-76sl7 EndpointSlice for Service helmcustomsecretconfigit/hivemq-test-hivemq-platform-metrics-9399: Operation cannot be fulfilled on endpointslices.discovery.k8s.io "hivemq-test-hivemq-platform-metrics-9399-76sl7": StorageError: invalid object, Code: 4, Key: /registry/endpointslices/helmcustomsecretconfigit/hivemq-test-hivemq-platform-metrics-9399-76sl7, ResourceVersion: 0, AdditionalErrorMsg: Precondition failed: UID in precondition: 9f9389dd-9ea0-4e4e-81c2-e2686ddeb402, UID in object meta: 
2025-01-30 18:43:43,004 INFO c.h.h.t.HelmChartContainer - [EVENT] Warning [FailedToUpdateEndpointSlices] Error updating Endpoint Slices for Service helmcustomsecretconfigit/hivemq-test-hivemq-platform-metrics-9399: failed to update hivemq-test-hivemq-platform-metrics-9399-76sl7 EndpointSlice for Service helmcustomsecretconfigit/hivemq-test-hivemq-platform-metrics-9399: Operation cannot be fulfilled on endpointslices.discovery.k8s.io "hivemq-test-hivemq-platform-metrics-9399-76sl7": StorageError: invalid object, Code: 4, Key: /registry/endpointslices/helmcustomsecretconfigit/hivemq-test-hivemq-platform-metrics-9399-76sl7, ResourceVersion: 0, AdditionalErrorMsg: Precondition failed: UID in precondition: 9f9389dd-9ea0-4e4e-81c2-e2686ddeb402, UID in object meta:  [helmcustomsecretconfigit:hivemq-test-hivemq-platform-metrics-9399]
2025-01-30 18:43:43,047 INFO c.h.h.t.HelmChartContainer - [test-hivemq-platform] [hivemq] [24c74b73] INFO  - Shutting down HiveMQ. Please wait, this could take a while...
2025-01-30 18:43:43,051 INFO c.h.h.t.HelmChartContainer - [test-hivemq-platform] [hivemq] [24c74b73] INFO  - Shutting down listeners and clients
2025-01-30 18:43:43,053 INFO c.h.h.t.HelmChartContainer - [test-hivemq-platform] [hivemq] [24c74b73] INFO  - Shutdown of listeners is done
2025-01-30 18:43:43,054 INFO c.h.h.t.HelmChartContainer - [test-hivemq-platform] [hivemq] [24c74b73] INFO  - No clients are connected, proceeding with shutdown
2025-01-30 18:43:43,102 INFO c.h.h.t.HelmChartContainer - [test-hivemq-platform] [hivemq] [afa6566d] INFO  - Shutting down HiveMQ. Please wait, this could take a while...
2025-01-30 18:43:43,170 INFO c.h.h.t.HelmChartContainer - [test-hivemq-platform] [hivemq] [afa6566d] INFO  - Shutting down listeners and clients
2025-01-30 18:43:43,188 INFO c.h.h.t.HelmChartContainer - [test-hivemq-platform] [hivemq] [afa6566d] INFO  - Shutdown of listeners is done
2025-01-30 18:43:43,188 INFO c.h.h.t.HelmChartContainer - [test-hivemq-platform] [hivemq] [afa6566d] INFO  - No clients are connected, proceeding with shutdown
2025-01-30 18:43:44,202 INFO c.h.h.t.HelmChartContainer - Deleting namespace 'helmcustomsecretconfigit'...
2025-01-30 18:43:44,703 INFO c.h.h.t.HelmChartContainer - [test-hivemq-platform] [hivemq] [afa6566d] INFO  - [HiveMQ Platform Operator Init App 1.7.0-SNAPSHOT] Returning shutdown Health API response 503 for readiness
2025-01-30 18:43:44,707 INFO c.h.h.t.HelmChartContainer - [EVENT] Warning [Unhealthy] Readiness probe failed: HTTP probe failed with statuscode: 503 [helmcustomsecretconfigit:test-hivemq-platform-1]
2025-01-30 18:43:44,707 INFO c.h.h.t.HelmChartContainer - Received Unhealthy event for container hivemq in pod test-hivemq-platform-1 [afa6566d-424c-460b-abef-0abae7395fe3]
2025-01-30 18:43:45,200 INFO c.h.h.t.HelmChartContainer - [K3S] [authentication.go:74] "Unable to authenticate the request" err="[invalid bearer token, serviceaccounts \"hivemq-platform-pod-test-hivemq-platform\" not found]"
2025-01-30 18:43:45,215 INFO c.h.h.t.HelmChartContainer - [K3S] [authentication.go:74] "Unable to authenticate the request" err="[invalid bearer token, serviceaccounts \"hivemq-platform-pod-test-hivemq-platform\" not found]"
2025-01-30 18:43:45,296 INFO c.h.h.t.HelmChartContainer - [test-hivemq-platform] [hivemq] [afa6566d] WARN  - [HiveMQ Platform Operator Init App 1.7.0-SNAPSHOT] Could not update Pod annotations: Failure executing: GET at: https://10.43.0.1:443/api/v1/namespaces/helmcustomsecretconfigit/pods/test-hivemq-platform-1. Message: Unauthorized. Received status: Status(apiVersion=v1, code=401, details=null, kind=Status, message=Unauthorized, metadata=ListMeta(_continue=null, remainingItemCount=null, resourceVersion=null, selfLink=null, additionalProperties={}), reason=Unauthorized, status=Failure, additionalProperties={}).
2025-01-30 18:43:45,447 INFO c.h.h.t.HelmChartContainer - [test-hivemq-platform] [hivemq] [24c74b73] INFO  - Shutting down extension system
2025-01-30 18:43:45,448 INFO c.h.h.t.HelmChartContainer - [test-hivemq-platform] [hivemq] [24c74b73] INFO  - Stopping extension with id hivemq-dns-cluster-discovery
2025-01-30 18:43:45,449 INFO c.h.h.t.HelmChartContainer - [test-hivemq-platform] [hivemq] [24c74b73] INFO  - Extension "DNS Cluster Discovery Extension" version 4.3.2 stopped successfully.
2025-01-30 18:43:45,450 INFO c.h.h.t.HelmChartContainer - [test-hivemq-platform] [hivemq] [24c74b73] INFO  - Stopping extension with id hivemq-prometheus-extension
2025-01-30 18:43:45,455 INFO c.h.h.t.HelmChartContainer - [test-hivemq-platform] [hivemq] [24c74b73] INFO  - Extension "Prometheus Monitoring Extension" version 4.0.12 stopped successfully.
2025-01-30 18:43:45,456 INFO c.h.h.t.HelmChartContainer - [test-hivemq-platform] [hivemq] [24c74b73] INFO  - Stopping extension with id hivemq-allow-all-extension
2025-01-30 18:43:45,456 INFO c.h.h.t.HelmChartContainer - [test-hivemq-platform] [hivemq] [24c74b73] INFO  - Extension "Allow All Extension" version 1.1.1 stopped successfully.
2025-01-30 18:43:45,464 INFO c.h.h.t.HelmChartContainer - [test-hivemq-platform] [hivemq] [afa6566d] INFO  - Cluster nodes found by discovery: [6p6qp|2] (1) [6p6qp].
2025-01-30 18:43:45,469 INFO c.h.h.t.HelmChartContainer - [test-hivemq-platform] [hivemq] [afa6566d] INFO  - Cluster size = 1, members : [6p6qp].
2025-01-30 18:43:46,996 INFO c.h.h.t.HelmChartContainer - [test-hivemq-platform] [hivemq] [afa6566d] INFO  - Shutting down extension system
2025-01-30 18:43:47,001 INFO c.h.h.t.HelmChartContainer - [test-hivemq-platform] [hivemq] [afa6566d] INFO  - Stopping extension with id hivemq-dns-cluster-discovery
2025-01-30 18:43:47,002 INFO c.h.h.t.HelmChartContainer - [test-hivemq-platform] [hivemq] [afa6566d] INFO  - Extension "DNS Cluster Discovery Extension" version 4.3.2 stopped successfully.
2025-01-30 18:43:47,002 INFO c.h.h.t.HelmChartContainer - [test-hivemq-platform] [hivemq] [afa6566d] INFO  - Stopping extension with id hivemq-prometheus-extension
2025-01-30 18:43:47,008 INFO c.h.h.t.HelmChartContainer - [test-hivemq-platform] [hivemq] [afa6566d] INFO  - Extension "Prometheus Monitoring Extension" version 4.0.12 stopped successfully.
2025-01-30 18:43:47,008 INFO c.h.h.t.HelmChartContainer - [test-hivemq-platform] [hivemq] [afa6566d] INFO  - Stopping extension with id hivemq-allow-all-extension
2025-01-30 18:43:47,008 INFO c.h.h.t.HelmChartContainer - [test-hivemq-platform] [hivemq] [afa6566d] INFO  - Extension "Allow All Extension" version 1.1.1 stopped successfully.
2025-01-30 18:43:47,148 INFO c.h.h.t.HelmChartContainer - [test-hivemq-platform] [hivemq] [24c74b73] INFO  - [HiveMQ Platform Operator Init App 1.7.0-SNAPSHOT] Returning shutdown Health API response 503 for readiness
2025-01-30 18:43:47,152 INFO c.h.h.t.HelmChartContainer - [EVENT] Warning [Unhealthy] Readiness probe failed: HTTP probe failed with statuscode: 503 [helmcustomsecretconfigit:test-hivemq-platform-0]
2025-01-30 18:43:47,153 INFO c.h.h.t.HelmChartContainer - Received Unhealthy event for container hivemq in pod test-hivemq-platform-0 [24c74b73-ad16-433e-9c21-91f907eb7231]
2025-01-30 18:43:47,552 INFO c.h.h.t.HelmChartContainer - [K3S] [authentication.go:74] "Unable to authenticate the request" err="[invalid bearer token, serviceaccounts \"hivemq-platform-pod-test-hivemq-platform\" not found]"
2025-01-30 18:43:47,640 INFO c.h.h.t.HelmChartContainer - [K3S] [authentication.go:74] "Unable to authenticate the request" err="[invalid bearer token, serviceaccounts \"hivemq-platform-pod-test-hivemq-platform\" not found]"
2025-01-30 18:43:47,642 INFO c.h.h.t.HelmChartContainer - [test-hivemq-platform] [hivemq] [24c74b73] WARN  - [HiveMQ Platform Operator Init App 1.7.0-SNAPSHOT] Could not update Pod annotations: Failure executing: GET at: https://10.43.0.1:443/api/v1/namespaces/helmcustomsecretconfigit/pods/test-hivemq-platform-0. Message: Unauthorized. Received status: Status(apiVersion=v1, code=401, details=null, kind=Status, message=Unauthorized, metadata=ListMeta(_continue=null, remainingItemCount=null, resourceVersion=null, selfLink=null, additionalProperties={}), reason=Unauthorized, status=Failure, additionalProperties={}).
2025-01-30 18:43:47,847 INFO c.h.h.t.HelmChartContainer - [test-hivemq-platform] [hivemq] [24c74b73] INFO  - Shutdown completed.
2025-01-30 18:43:48,194 INFO c.h.h.t.HelmChartContainer - [test-hivemq-platform] [hivemq] [24c74b73] INFO  - [HiveMQ Platform Operator Init App 1.7.0-SNAPSHOT] The HiveMQ Platform exited with code 143
2025-01-30 18:43:48,195 INFO c.h.h.t.HelmChartContainer - [test-hivemq-platform] [hivemq] [24c74b73] INFO  - [HiveMQ Platform Operator Init App 1.7.0-SNAPSHOT] Stopping the REST API
2025-01-30 18:43:48,201 INFO c.h.h.t.HelmChartContainer - [test-hivemq-platform] [hivemq] [24c74b73] INFO  - [HiveMQ Platform Operator Init App 1.7.0-SNAPSHOT] Shutdown complete
2025-01-30 18:43:48,685 INFO c.h.h.t.HelmChartContainer - [POD] test-hivemq-platform-0 [24c74b73-ad16-433e-9c21-91f907eb7231] in helmcustomsecretconfigit was MODIFIED
2025-01-30 18:43:48,688 INFO c.h.h.t.HelmChartContainer - [K3S] [stateful_set.go:438] "Unhandled Error" err="error syncing StatefulSet helmcustomsecretconfigit/test-hivemq-platform, requeuing: controllerrevisions.apps \"test-hivemq-platform-65cfcbfbf9\" is forbidden: unable to create new content in namespace helmcustomsecretconfigit because it is being terminated"
2025-01-30 18:43:48,695 INFO c.h.h.t.HelmChartContainer - [K3S] [stateful_set.go:438] "Unhandled Error" err="error syncing StatefulSet helmcustomsecretconfigit/test-hivemq-platform, requeuing: controllerrevisions.apps \"test-hivemq-platform-65cfcbfbf9\" is forbidden: unable to create new content in namespace helmcustomsecretconfigit because it is being terminated"
2025-01-30 18:43:48,708 INFO c.h.h.t.HelmChartContainer - [K3S] [stateful_set.go:438] "Unhandled Error" err="error syncing StatefulSet helmcustomsecretconfigit/test-hivemq-platform, requeuing: controllerrevisions.apps \"test-hivemq-platform-65cfcbfbf9\" is forbidden: unable to create new content in namespace helmcustomsecretconfigit because it is being terminated"
2025-01-30 18:43:48,731 INFO c.h.h.t.HelmChartContainer - [K3S] [stateful_set.go:438] "Unhandled Error" err="error syncing StatefulSet helmcustomsecretconfigit/test-hivemq-platform, requeuing: controllerrevisions.apps \"test-hivemq-platform-65cfcbfbf9\" is forbidden: unable to create new content in namespace helmcustomsecretconfigit because it is being terminated"
2025-01-30 18:43:48,775 INFO c.h.h.t.HelmChartContainer - [K3S] [stateful_set.go:438] "Unhandled Error" err="error syncing StatefulSet helmcustomsecretconfigit/test-hivemq-platform, requeuing: controllerrevisions.apps \"test-hivemq-platform-65cfcbfbf9\" is forbidden: unable to create new content in namespace helmcustomsecretconfigit because it is being terminated"
2025-01-30 18:43:48,807 INFO c.h.h.t.HelmChartContainer - [K3S] [reconciler_common.go:162] "operationExecutor.UnmountVolume started for volume \"operator-init\" (UniqueName: \"kubernetes.io/empty-dir/24c74b73-ad16-433e-9c21-91f907eb7231-operator-init\") pod \"24c74b73-ad16-433e-9c21-91f907eb7231\" (UID: \"24c74b73-ad16-433e-9c21-91f907eb7231\") "
2025-01-30 18:43:48,807 INFO c.h.h.t.HelmChartContainer - [K3S] [reconciler_common.go:162] "operationExecutor.UnmountVolume started for volume \"kube-api-access-pfbvn\" (UniqueName: \"kubernetes.io/projected/24c74b73-ad16-433e-9c21-91f907eb7231-kube-api-access-pfbvn\") pod \"24c74b73-ad16-433e-9c21-91f907eb7231\" (UID: \"24c74b73-ad16-433e-9c21-91f907eb7231\") "
2025-01-30 18:43:48,808 INFO c.h.h.t.HelmChartContainer - [K3S] [reconciler_common.go:162] "operationExecutor.UnmountVolume started for volume \"pod-info\" (UniqueName: \"kubernetes.io/configmap/24c74b73-ad16-433e-9c21-91f907eb7231-pod-info\") pod \"24c74b73-ad16-433e-9c21-91f907eb7231\" (UID: \"24c74b73-ad16-433e-9c21-91f907eb7231\") "
2025-01-30 18:43:48,808 INFO c.h.h.t.HelmChartContainer - [K3S] [reconciler_common.go:162] "operationExecutor.UnmountVolume started for volume \"broker-configuration\" (UniqueName: \"kubernetes.io/secret/24c74b73-ad16-433e-9c21-91f907eb7231-broker-configuration\") pod \"24c74b73-ad16-433e-9c21-91f907eb7231\" (UID: \"24c74b73-ad16-433e-9c21-91f907eb7231\") "
2025-01-30 18:43:48,857 INFO c.h.h.t.HelmChartContainer - [K3S] [stateful_set.go:438] "Unhandled Error" err="error syncing StatefulSet helmcustomsecretconfigit/test-hivemq-platform, requeuing: controllerrevisions.apps \"test-hivemq-platform-65cfcbfbf9\" is forbidden: unable to create new content in namespace helmcustomsecretconfigit because it is being terminated"
2025-01-30 18:43:48,908 INFO c.h.h.t.HelmChartContainer - [K3S] [reconciler_common.go:299] "Volume detached for volume \"operator-init\" (UniqueName: \"kubernetes.io/empty-dir/24c74b73-ad16-433e-9c21-91f907eb7231-operator-init\") on node \"ea8e80bdeb75\" DevicePath \"\""
2025-01-30 18:43:48,908 INFO c.h.h.t.HelmChartContainer - [K3S] [reconciler_common.go:299] "Volume detached for volume \"kube-api-access-pfbvn\" (UniqueName: \"kubernetes.io/projected/24c74b73-ad16-433e-9c21-91f907eb7231-kube-api-access-pfbvn\") on node \"ea8e80bdeb75\" DevicePath \"\""
2025-01-30 18:43:48,908 INFO c.h.h.t.HelmChartContainer - [K3S] [reconciler_common.go:299] "Volume detached for volume \"pod-info\" (UniqueName: \"kubernetes.io/configmap/24c74b73-ad16-433e-9c21-91f907eb7231-pod-info\") on node \"ea8e80bdeb75\" DevicePath \"\""
2025-01-30 18:43:48,908 INFO c.h.h.t.HelmChartContainer - [K3S] [reconciler_common.go:299] "Volume detached for volume \"broker-configuration\" (UniqueName: \"kubernetes.io/secret/24c74b73-ad16-433e-9c21-91f907eb7231-broker-configuration\") on node \"ea8e80bdeb75\" DevicePath \"\""
2025-01-30 18:43:49,021 INFO c.h.h.t.HelmChartContainer - [K3S] [stateful_set.go:438] "Unhandled Error" err="error syncing StatefulSet helmcustomsecretconfigit/test-hivemq-platform, requeuing: controllerrevisions.apps \"test-hivemq-platform-65cfcbfbf9\" is forbidden: unable to create new content in namespace helmcustomsecretconfigit because it is being terminated"
2025-01-30 18:43:49,345 INFO c.h.h.t.HelmChartContainer - [K3S] [stateful_set.go:438] "Unhandled Error" err="error syncing StatefulSet helmcustomsecretconfigit/test-hivemq-platform, requeuing: controllerrevisions.apps \"test-hivemq-platform-65cfcbfbf9\" is forbidden: unable to create new content in namespace helmcustomsecretconfigit because it is being terminated"
2025-01-30 18:43:49,368 INFO c.h.h.t.HelmChartContainer - [test-hivemq-platform] [hivemq] [afa6566d] INFO  - Shutdown completed.
2025-01-30 18:43:49,401 INFO c.h.h.t.HelmChartContainer - [K3S] [stateful_set.go:466] "StatefulSet has been deleted" key="helmcustomsecretconfigit/test-hivemq-platform"
2025-01-30 18:43:49,524 INFO c.h.h.t.HelmChartContainer - [K3S] [scope.go:117] "RemoveContainer" containerID="aba5f51bef9efd015757530e295f69370b92aa14f455fcda90d374bf8069bcd7"
2025-01-30 18:43:49,544 INFO c.h.h.t.HelmChartContainer - [POD] test-hivemq-platform-0 [24c74b73-ad16-433e-9c21-91f907eb7231] in helmcustomsecretconfigit was MODIFIED
2025-01-30 18:43:49,546 INFO c.h.h.t.HelmChartContainer - [POD] test-hivemq-platform-0 [24c74b73-ad16-433e-9c21-91f907eb7231] in helmcustomsecretconfigit was DELETED
2025-01-30 18:43:49,625 INFO c.h.h.t.HelmChartContainer - [K3S] [scope.go:117] "RemoveContainer" containerID="ea5ae56f0215cfa7d7ebcf028c7a1b770cbacf2297de997c8f098487b54a1851"
2025-01-30 18:43:49,628 INFO c.h.h.t.HelmChartContainer - [K3S] [scope.go:117] "RemoveContainer" containerID="aba5f51bef9efd015757530e295f69370b92aa14f455fcda90d374bf8069bcd7"
2025-01-30 18:43:49,629 INFO c.h.h.t.HelmChartContainer - [K3S] [scope.go:117] "RemoveContainer" containerID="ea5ae56f0215cfa7d7ebcf028c7a1b770cbacf2297de997c8f098487b54a1851"
2025-01-30 18:43:49,715 INFO c.h.h.t.HelmChartContainer - [test-hivemq-platform] [hivemq] [afa6566d] INFO  - [HiveMQ Platform Operator Init App 1.7.0-SNAPSHOT] The HiveMQ Platform exited with code 143
2025-01-30 18:43:49,715 INFO c.h.h.t.HelmChartContainer - [test-hivemq-platform] [hivemq] [afa6566d] INFO  - [HiveMQ Platform Operator Init App 1.7.0-SNAPSHOT] Stopping the REST API
2025-01-30 18:43:49,723 INFO c.h.h.t.HelmChartContainer - [test-hivemq-platform] [hivemq] [afa6566d] INFO  - [HiveMQ Platform Operator Init App 1.7.0-SNAPSHOT] Shutdown complete
2025-01-30 18:43:49,987 INFO c.h.h.t.HelmChartContainer - [K3S] [stateful_set.go:466] "StatefulSet has been deleted" key="helmcustomsecretconfigit/test-hivemq-platform"
2025-01-30 18:43:50,180 INFO c.h.h.t.HelmChartContainer - [POD] test-hivemq-platform-1 [afa6566d-424c-460b-abef-0abae7395fe3] in helmcustomsecretconfigit was MODIFIED
2025-01-30 18:43:50,316 INFO c.h.h.t.HelmChartContainer - [K3S] [reconciler_common.go:162] "operationExecutor.UnmountVolume started for volume \"kube-api-access-qnt2w\" (UniqueName: \"kubernetes.io/projected/afa6566d-424c-460b-abef-0abae7395fe3-kube-api-access-qnt2w\") pod \"afa6566d-424c-460b-abef-0abae7395fe3\" (UID: \"afa6566d-424c-460b-abef-0abae7395fe3\") "
2025-01-30 18:43:50,317 INFO c.h.h.t.HelmChartContainer - [K3S] [reconciler_common.go:162] "operationExecutor.UnmountVolume started for volume \"operator-init\" (UniqueName: \"kubernetes.io/empty-dir/afa6566d-424c-460b-abef-0abae7395fe3-operator-init\") pod \"afa6566d-424c-460b-abef-0abae7395fe3\" (UID: \"afa6566d-424c-460b-abef-0abae7395fe3\") "
2025-01-30 18:43:50,317 INFO c.h.h.t.HelmChartContainer - [K3S] [reconciler_common.go:162] "operationExecutor.UnmountVolume started for volume \"pod-info\" (UniqueName: \"kubernetes.io/configmap/afa6566d-424c-460b-abef-0abae7395fe3-pod-info\") pod \"afa6566d-424c-460b-abef-0abae7395fe3\" (UID: \"afa6566d-424c-460b-abef-0abae7395fe3\") "
2025-01-30 18:43:50,317 INFO c.h.h.t.HelmChartContainer - [K3S] [reconciler_common.go:162] "operationExecutor.UnmountVolume started for volume \"broker-configuration\" (UniqueName: \"kubernetes.io/secret/afa6566d-424c-460b-abef-0abae7395fe3-broker-configuration\") pod \"afa6566d-424c-460b-abef-0abae7395fe3\" (UID: \"afa6566d-424c-460b-abef-0abae7395fe3\") "
2025-01-30 18:43:50,417 INFO c.h.h.t.HelmChartContainer - [K3S] [reconciler_common.go:299] "Volume detached for volume \"kube-api-access-qnt2w\" (UniqueName: \"kubernetes.io/projected/afa6566d-424c-460b-abef-0abae7395fe3-kube-api-access-qnt2w\") on node \"ea8e80bdeb75\" DevicePath \"\""
2025-01-30 18:43:50,417 INFO c.h.h.t.HelmChartContainer - [K3S] [reconciler_common.go:299] "Volume detached for volume \"broker-configuration\" (UniqueName: \"kubernetes.io/secret/afa6566d-424c-460b-abef-0abae7395fe3-broker-configuration\") on node \"ea8e80bdeb75\" DevicePath \"\""
2025-01-30 18:43:50,418 INFO c.h.h.t.HelmChartContainer - [K3S] [reconciler_common.go:299] "Volume detached for volume \"operator-init\" (UniqueName: \"kubernetes.io/empty-dir/afa6566d-424c-460b-abef-0abae7395fe3-operator-init\") on node \"ea8e80bdeb75\" DevicePath \"\""
2025-01-30 18:43:50,418 INFO c.h.h.t.HelmChartContainer - [K3S] [reconciler_common.go:299] "Volume detached for volume \"pod-info\" (UniqueName: \"kubernetes.io/configmap/afa6566d-424c-460b-abef-0abae7395fe3-pod-info\") on node \"ea8e80bdeb75\" DevicePath \"\""
2025-01-30 18:43:50,528 INFO c.h.h.t.HelmChartContainer - [K3S] [scope.go:117] "RemoveContainer" containerID="6195f72e57071bdcf8b426678335b7e9425f77e994a0f2ff1b7b3e664f9612db"
2025-01-30 18:43:50,542 INFO c.h.h.t.HelmChartContainer - [POD] test-hivemq-platform-1 [afa6566d-424c-460b-abef-0abae7395fe3] in helmcustomsecretconfigit was MODIFIED
2025-01-30 18:43:50,546 INFO c.h.h.t.HelmChartContainer - [POD] test-hivemq-platform-1 [afa6566d-424c-460b-abef-0abae7395fe3] in helmcustomsecretconfigit was DELETED
2025-01-30 18:43:50,633 INFO c.h.h.t.HelmChartContainer - [K3S] [scope.go:117] "RemoveContainer" containerID="e7ce8467e6af4f749156b5660a7e5805d33ec21cc4d592ac5cd00777f41670ee"
2025-01-30 18:43:50,636 INFO c.h.h.t.HelmChartContainer - [K3S] [scope.go:117] "RemoveContainer" containerID="6195f72e57071bdcf8b426678335b7e9425f77e994a0f2ff1b7b3e664f9612db"
2025-01-30 18:43:50,637 INFO c.h.h.t.HelmChartContainer - [K3S] [scope.go:117] "RemoveContainer" containerID="e7ce8467e6af4f749156b5660a7e5805d33ec21cc4d592ac5cd00777f41670ee"
2025-01-30 18:43:51,289 INFO c.h.h.t.HelmChartContainer - [K3S] [kubelet_volumes.go:163] "Cleaned up orphaned pod volumes dir" podUID="24c74b73-ad16-433e-9c21-91f907eb7231" path="/var/lib/kubelet/pods/24c74b73-ad16-433e-9c21-91f907eb7231/volumes"
2025-01-30 18:43:51,289 INFO c.h.h.t.HelmChartContainer - [K3S] [kubelet_volumes.go:163] "Cleaned up orphaned pod volumes dir" podUID="afa6566d-424c-460b-abef-0abae7395fe3" path="/var/lib/kubelet/pods/afa6566d-424c-460b-abef-0abae7395fe3/volumes"
2025-01-30 18:43:54,550 INFO c.h.h.t.HelmChartContainer - Namespace 'helmcustomsecretconfigit' deleted
2025-01-30 18:43:54,550 INFO c.h.h.t.HelmChartContainer - Release 'test-hivemq-platform' in namespace 'helmcustomsecretconfigit' is uninstalled
2025-01-30 18:43:54,550 INFO c.h.h.t.HelmChartContainer - Uninstalling release 'test-hivemq-platform-operator' in namespace 'helmcustomsecretconfigit-operator'...
2025-01-30 18:43:54,550 DEBUG c.h.h.t.HelmChartContainer - Executing helm command: /bin/helm --kubeconfig /etc/rancher/k3s/k3s.yaml uninstall test-hivemq-platform-operator  --wait --timeout 5m0s --cascade foreground --namespace helmcustomsecretconfigit-operator
2025-01-30 18:43:54,711 INFO c.h.h.t.HelmChartContainer - [K3S] [replica_set.go:679] "Finished syncing" kind="ReplicaSet" key="helmcustomsecretconfigit-operator/hivemq-test-hivemq-platform-operator-6966f96d65" duration="8.972014ms"
2025-01-30 18:43:54,711 INFO c.h.h.t.HelmChartContainer - [K3S] [replica_set.go:679] "Finished syncing" kind="ReplicaSet" key="helmcustomsecretconfigit-operator/hivemq-test-hivemq-platform-operator-6966f96d65" duration="34.896µs"
2025-01-30 18:43:54,727 INFO c.h.h.t.HelmChartContainer - [POD] hivemq-test-hivemq-platform-operator-6966f96d65-2lpkl [a08c68c4-0e0d-46a7-86c7-8bdad6c3f89e] in helmcustomsecretconfigit-operator was MODIFIED
2025-01-30 18:43:54,737 INFO c.h.h.t.HelmChartContainer - [hivemq-test-hivemq-platform] [hivemq-platform-operator] [a08c68c4] 18:43:54.732 [application-shutdown-thread] INFO  c.h.p.o.HiveMQPlatformOperatorApplication - HiveMQ Platform Operator is stopping...
2025-01-30 18:43:54,737 INFO c.h.h.t.HelmChartContainer - [hivemq-test-hivemq-platform] [hivemq-platform-operator] [a08c68c4] 18:43:54.732 [application-shutdown-thread] INFO  i.javaoperatorsdk.operator.Operator - Operator SDK 4.9.7 is shutting down...
2025-01-30 18:43:54,741 INFO c.h.h.t.HelmChartContainer - [EVENT] Normal [Killing] Stopping container hivemq-platform-operator [helmcustomsecretconfigit-operator:hivemq-test-hivemq-platform-operator-6966f96d65-2lpkl]
2025-01-30 18:43:54,741 INFO c.h.h.t.HelmChartContainer - Received Killing event for container hivemq-platform-operator in pod hivemq-test-hivemq-platform-operator-6966f96d65-2lpkl [a08c68c4-0e0d-46a7-86c7-8bdad6c3f89e]
2025-01-30 18:43:54,741 INFO c.h.h.t.HelmChartContainer - Container [hivemq-test-hivemq-platform-operator-6966f96d65-2lpkl] [hivemq-platform-operator] [a08c68c4-0e0d-46a7-86c7-8bdad6c3f89e] was terminated
2025-01-30 18:43:54,741 INFO c.h.h.t.HelmChartContainer - Stopped log watcher for hivemq-platform-operator in pod hivemq-test-hivemq-platform-operator-6966f96d65-2lpkl [a08c68c4-0e0d-46a7-86c7-8bdad6c3f89e]
2025-01-30 18:43:54,742 INFO c.h.h.t.HelmChartContainer - [K3S] [replica_set.go:679] "Finished syncing" kind="ReplicaSet" key="helmcustomsecretconfigit-operator/hivemq-test-hivemq-platform-operator-6966f96d65" duration="15.524532ms"
2025-01-30 18:43:54,742 INFO c.h.h.t.HelmChartContainer - [K3S] [replica_set.go:679] "Finished syncing" kind="ReplicaSet" key="helmcustomsecretconfigit-operator/hivemq-test-hivemq-platform-operator-6966f96d65" duration="36.308µs"
2025-01-30 18:43:55,259 INFO c.h.h.t.HelmChartContainer - [K3S] [replica_set.go:679] "Finished syncing" kind="ReplicaSet" key="helmcustomsecretconfigit-operator/hivemq-test-hivemq-platform-operator-6966f96d65" duration="162.024µs"
2025-01-30 18:43:55,260 INFO c.h.h.t.HelmChartContainer - [POD] hivemq-test-hivemq-platform-operator-6966f96d65-2lpkl [a08c68c4-0e0d-46a7-86c7-8bdad6c3f89e] in helmcustomsecretconfigit-operator was MODIFIED
2025-01-30 18:43:55,342 INFO c.h.h.t.HelmChartContainer - [K3S] [reconciler_common.go:162] "operationExecutor.UnmountVolume started for volume \"kube-api-access-qjphk\" (UniqueName: \"kubernetes.io/projected/a08c68c4-0e0d-46a7-86c7-8bdad6c3f89e-kube-api-access-qjphk\") pod \"a08c68c4-0e0d-46a7-86c7-8bdad6c3f89e\" (UID: \"a08c68c4-0e0d-46a7-86c7-8bdad6c3f89e\") "
2025-01-30 18:43:55,443 INFO c.h.h.t.HelmChartContainer - [K3S] [reconciler_common.go:299] "Volume detached for volume \"kube-api-access-qjphk\" (UniqueName: \"kubernetes.io/projected/a08c68c4-0e0d-46a7-86c7-8bdad6c3f89e-kube-api-access-qjphk\") on node \"ea8e80bdeb75\" DevicePath \"\""
2025-01-30 18:43:55,536 INFO c.h.h.t.HelmChartContainer - [K3S] [scope.go:117] "RemoveContainer" containerID="e2d5944ce39495927891c4f91b1c4b775a736c51ba86d8f948db750c25ad2e95"
2025-01-30 18:43:55,539 INFO c.h.h.t.HelmChartContainer - [K3S] [scope.go:117] "RemoveContainer" containerID="e2d5944ce39495927891c4f91b1c4b775a736c51ba86d8f948db750c25ad2e95"
2025-01-30 18:43:55,547 INFO c.h.h.t.HelmChartContainer - [K3S] [replica_set.go:679] "Finished syncing" kind="ReplicaSet" key="helmcustomsecretconfigit-operator/hivemq-test-hivemq-platform-operator-6966f96d65" duration="40.897µs"
2025-01-30 18:43:55,548 INFO c.h.h.t.HelmChartContainer - [POD] hivemq-test-hivemq-platform-operator-6966f96d65-2lpkl [a08c68c4-0e0d-46a7-86c7-8bdad6c3f89e] in helmcustomsecretconfigit-operator was MODIFIED
2025-01-30 18:43:55,557 INFO c.h.h.t.HelmChartContainer - [K3S] [replica_set.go:679] "Finished syncing" kind="ReplicaSet" key="helmcustomsecretconfigit-operator/hivemq-test-hivemq-platform-operator-6966f96d65" duration="32.401µs"
2025-01-30 18:43:55,557 INFO c.h.h.t.HelmChartContainer - [POD] hivemq-test-hivemq-platform-operator-6966f96d65-2lpkl [a08c68c4-0e0d-46a7-86c7-8bdad6c3f89e] in helmcustomsecretconfigit-operator was DELETED
2025-01-30 18:43:55,570 INFO c.h.h.t.HelmChartContainer - [K3S] [replica_set.go:679] "Finished syncing" kind="ReplicaSet" key="helmcustomsecretconfigit-operator/hivemq-test-hivemq-platform-operator-6966f96d65" duration="7.183µs"
2025-01-30 18:43:56,752 INFO c.h.h.t.HelmChartContainer - Deleting namespace 'helmcustomsecretconfigit-operator'...
2025-01-30 18:43:57,289 INFO c.h.h.t.HelmChartContainer - [K3S] [kubelet_volumes.go:163] "Cleaned up orphaned pod volumes dir" podUID="a08c68c4-0e0d-46a7-86c7-8bdad6c3f89e" path="/var/lib/kubelet/pods/a08c68c4-0e0d-46a7-86c7-8bdad6c3f89e/volumes"
2025-01-30 18:43:59,498 INFO c.h.h.t.HelmChartContainer - [K3S] [namespace_controller.go:187] "Namespace has been deleted" namespace="helmcustomsecretconfigit"
2025-01-30 18:44:01,971 INFO c.h.h.t.HelmChartContainer - Namespace 'helmcustomsecretconfigit-operator' deleted
2025-01-30 18:44:01,971 INFO c.h.h.t.HelmChartContainer - Release 'test-hivemq-platform-operator' in namespace 'helmcustomsecretconfigit-operator' is uninstalled
2025-01-30 18:44:02,755 INFO c.h.helmcharts.AbstractHelmChartIT - Removed unused containers:

2025-01-30 18:44:06,878 INFO c.h.h.t.HelmChartContainer - [K3S] [namespace_controller.go:187] "Namespace has been deleted" namespace="helmcustomsecretconfigit-operator"
2025-01-30 18:44:10,392 INFO c.h.helmcharts.AbstractHelmChartIT - Removed unused snapshots:
Removing snapshot sha256:03af251906410714c5aef9fa705b63f6bbc39c4a5e787de7361eeb18886c2ed2
Removing snapshot sha256:0c46b3b43cce082ce5ec34ffc6c294e0417d17b9d1e6f366d114b6aadc4f96dc
Removing snapshot sha256:0ce761beee59082d6ed5bcebd3a805b8ddd9b3426b617e4809e7fb7c6587ffec
Removing snapshot sha256:0df91287303208332c8ff6ba40ae4710105201739addbfbddfb955f1ad593664
Removing snapshot sha256:1021ef88c7974bfff89c5a0ec4fd3160daac6c48a075f74cff721f85dd104e68
Removing snapshot sha256:10aba4953ddc18145dd38e3704709bc464aa20af60b56fe52caaff4b68411e62
Removing snapshot sha256:1a5fe8c6f6751cd613bf34dee722184995bb9b6eb6074b7e907cb72e365ffc21
Removing snapshot sha256:2573e0d8158209ed54ab25c87bcdcb00bd3d2539246960a3d592a1c599d70465
Removing snapshot sha256:362a8a37f8bbc31925a8146adcf7cf51f9882f5c1dcbef67c5baa03a297543c0
Removing snapshot sha256:3fa4ad33f0ddc8fd45b39b6b4640f82a3a83619606cd975bfe89d8710ad2d4cd
Removing snapshot sha256:43a7c979bbaba6838bc3102d6b10a1459f3ab050b87ccdfef84ef90cf43d3058
Removing snapshot sha256:4ab04491cdf0d3267f08206fe30bd48f49f94b9cab2f016d6739220f722a64af
Removing snapshot sha256:4b6068250e89c96f263060261819c7d912855bfbd64b3eb4c4a8483299b8c295
Removing snapshot sha256:580e69a0a8034ede1921139bbd2bfb72a69ebf276d008281896c32dd8bf74775
Removing snapshot sha256:5d30ba46b27fe37484567ccc5242cadc78217b8da605f3f195ef25cbf7487904
Removing snapshot sha256:63ca1fbb43ae5034640e5e6cb3e083e05c290072c5366fcaa9d62435a4cced85
Removing snapshot sha256:67f702c6baae873bceb19487c8b1f27bd2b86077e4f2f0e480e6d60ab508b8f5
Removing snapshot sha256:6864348dd42806d552efdec384f1274be15e2d0c10ce44c1f04347af004c10a9
Removing snapshot sha256:6c7dee8f2c39b84b7dc2711c01d33de93514d9055499173e9290176fbe484b6c
Removing snapshot sha256:82753493a6d61ded36556292f02f31841a14c20d2f279f19eaad65afb661d5cd
Removing snapshot sha256:8a10d3db42c505ee0fcfa98417bdd7e39b304f6bcc0a06bb1b220797ff2cc63c
Removing snapshot sha256:a21e5b12dbac529ad45d976eb9ce45c881f3bedcc500fb30aba1e52aa1813418
Removing snapshot sha256:a53648529f3f0004398e7998cd685921367c76da0584ba8e086e2bc133e2ade0
Removing snapshot sha256:b921e6c28969094157f9b8e7244677780319637afd14450b7cb6b2fdea558a0c
Removing snapshot sha256:bc27ecb5769a00e309cf99ebc763c4a4b958b618d1decc96ffac5bc05f02f5b7
Removing snapshot sha256:be3ccb6627a5332e309d45ef461d09b4879dd870c7394d89323d0ebc6ca6aa8a
Removing snapshot sha256:c261f7cbbc64211ee175ee47273acdb7b1a36a4450b397a064a8f2c026490095
Removing snapshot sha256:c34d9393647eea0c9e3557ab988efaf59f61d10a2a5613b439ef0958cca5ec10
Removing snapshot sha256:ccf3c4a0fa967a41c1c83497a2ce6fa5787965859df0adb32c4ca2cf7490bc2b
Removing snapshot sha256:cf92d33f869417309692088c341cd0f223c178ea78a125f757317b22aa8f90e9
Removing snapshot sha256:d0037344cf2fb078884f1849f6a1f8cf9a33a3b6139b6a85833e5ee528e1f9a8
Removing snapshot sha256:d3b36d5b79273b1e98e7700470eaeff05a882e777124d84cebcc1505b85ecb36
Removing snapshot sha256:d65a44a37914602d12c611e5e22a50f11451d847e63015cc1c2aef92dee777a4
Removing snapshot sha256:e2dc0bae2455930f23ae570e019b7f32edc75c0f2d71cab084db837ff9051796
Removing snapshot sha256:eccbd24a99c60cd9e86ee5305dbfc4a4dc89f5ab4fb1f06c8d64797cecedef34
Removing snapshot sha256:f144bb4c7c7f0d2aa7eeffd36d934ec40db1ee167be727e326aad9fdc616f475

]]></system-out>
  </testcase>
  <testcase name="withSecretConfig_hivemqRunning()" classname="com.hivemq.helmcharts.platform.HelmCustomSecretConfigIT" time="145.708">
    <system-out><![CDATA[2025-01-30 18:44:10,400 INFO c.h.h.t.HelmChartContainer - Creating namespace 'helmcustomsecretconfigit-operator'...
2025-01-30 18:44:10,409 INFO c.h.h.t.HelmChartContainer - Namespace 'helmcustomsecretconfigit-operator' created
2025-01-30 18:44:10,409 INFO c.h.h.t.HelmChartContainer - Creating namespace 'helmcustomsecretconfigit'...
2025-01-30 18:44:10,418 INFO c.h.h.t.HelmChartContainer - Namespace 'helmcustomsecretconfigit' created
2025-01-30 18:44:10,494 DEBUG c.h.h.t.HelmChartContainer - Executing helm command: /bin/helm --kubeconfig /etc/rancher/k3s/k3s.yaml install test-hivemq-platform-operator /charts/hivemq-platform-operator --wait --timeout 5m0s --set image.repository=docker.io/hivemq --set image.name=hivemq-platform-operator-test --set image.initImageName=hivemq-platform-operator-init-test --set image.tag=snapshot --set image.pullPolicy=Never --set logLevel=DEBUG --set resources.cpu=512m --namespace helmcustomsecretconfigit-operator
2025-01-30 18:44:10,793 INFO c.h.h.t.HelmChartContainer - [K3S] [alloc.go:330] "allocated clusterIPs" service="helmcustomsecretconfigit-operator/hivemq-platform-operator-test-hivemq-platform-operator" clusterIPs={"IPv4":"10.43.193.227"}
2025-01-30 18:44:10,811 INFO c.h.h.t.HelmChartContainer - [EVENT] Normal [ScalingReplicaSet] Scaled up replica set hivemq-test-hivemq-platform-operator-6966f96d65 from 0 to 1 [helmcustomsecretconfigit-operator:hivemq-test-hivemq-platform-operator]
2025-01-30 18:44:10,819 INFO c.h.h.t.HelmChartContainer - [POD] hivemq-test-hivemq-platform-operator-6966f96d65-qkg4n [3bb6ffe9-454b-44c2-b465-d0c46913bf0e] in helmcustomsecretconfigit-operator was ADDED
2025-01-30 18:44:10,824 INFO c.h.h.t.HelmChartContainer - [K3S] [memory_manager.go:355] "RemoveStaleState removing state" podUID="afa6566d-424c-460b-abef-0abae7395fe3" containerName="hivemq"
2025-01-30 18:44:10,824 INFO c.h.h.t.HelmChartContainer - [K3S] [memory_manager.go:355] "RemoveStaleState removing state" podUID="a08c68c4-0e0d-46a7-86c7-8bdad6c3f89e" containerName="hivemq-platform-operator"
2025-01-30 18:44:10,825 INFO c.h.h.t.HelmChartContainer - [K3S] [memory_manager.go:355] "RemoveStaleState removing state" podUID="24c74b73-ad16-433e-9c21-91f907eb7231" containerName="hivemq"
2025-01-30 18:44:10,825 INFO c.h.h.t.HelmChartContainer - [POD] hivemq-test-hivemq-platform-operator-6966f96d65-qkg4n [3bb6ffe9-454b-44c2-b465-d0c46913bf0e] in helmcustomsecretconfigit-operator was MODIFIED
2025-01-30 18:44:10,827 INFO c.h.h.t.HelmChartContainer - [EVENT] Normal [SuccessfulCreate] Created pod: hivemq-test-hivemq-platform-operator-6966f96d65-qkg4n [helmcustomsecretconfigit-operator:hivemq-test-hivemq-platform-operator-6966f96d65]
2025-01-30 18:44:10,832 INFO c.h.h.t.HelmChartContainer - [K3S] [replica_set.go:679] "Finished syncing" kind="ReplicaSet" key="helmcustomsecretconfigit-operator/hivemq-test-hivemq-platform-operator-6966f96d65" duration="24.70633ms"
2025-01-30 18:44:10,833 INFO c.h.h.t.HelmChartContainer - [EVENT] Normal [Scheduled] Successfully assigned helmcustomsecretconfigit-operator/hivemq-test-hivemq-platform-operator-6966f96d65-qkg4n to ea8e80bdeb75 [helmcustomsecretconfigit-operator:hivemq-test-hivemq-platform-operator-6966f96d65-qkg4n]
2025-01-30 18:44:10,837 INFO c.h.h.t.HelmChartContainer - [K3S] [replica_set.go:679] "Finished syncing" kind="ReplicaSet" key="helmcustomsecretconfigit-operator/hivemq-test-hivemq-platform-operator-6966f96d65" duration="6.632658ms"
2025-01-30 18:44:10,838 INFO c.h.h.t.HelmChartContainer - [K3S] [replica_set.go:679] "Finished syncing" kind="ReplicaSet" key="helmcustomsecretconfigit-operator/hivemq-test-hivemq-platform-operator-6966f96d65" duration="34.956µs"
2025-01-30 18:44:10,840 INFO c.h.h.t.HelmChartContainer - [K3S] [replica_set.go:679] "Finished syncing" kind="ReplicaSet" key="helmcustomsecretconfigit-operator/hivemq-test-hivemq-platform-operator-6966f96d65" duration="28.594µs"
2025-01-30 18:44:10,840 INFO c.h.h.t.HelmChartContainer - [POD] hivemq-test-hivemq-platform-operator-6966f96d65-qkg4n [3bb6ffe9-454b-44c2-b465-d0c46913bf0e] in helmcustomsecretconfigit-operator was MODIFIED
2025-01-30 18:44:10,929 INFO c.h.h.t.HelmChartContainer - [K3S] [reconciler_common.go:251] "operationExecutor.VerifyControllerAttachedVolume started for volume \"kube-api-access-vh7s6\" (UniqueName: \"kubernetes.io/projected/3bb6ffe9-454b-44c2-b465-d0c46913bf0e-kube-api-access-vh7s6\") pod \"hivemq-test-hivemq-platform-operator-6966f96d65-qkg4n\" (UID: \"3bb6ffe9-454b-44c2-b465-d0c46913bf0e\") " pod="helmcustomsecretconfigit-operator/hivemq-test-hivemq-platform-operator-6966f96d65-qkg4n"
2025-01-30 18:44:11,226 INFO c.h.h.t.HelmChartContainer - [EVENT] Normal [Pulled] Container image "docker.io/hivemq/hivemq-platform-operator-test:snapshot" already present on machine [helmcustomsecretconfigit-operator:hivemq-test-hivemq-platform-operator-6966f96d65-qkg4n]
2025-01-30 18:44:11,226 INFO c.h.h.t.HelmChartContainer - Received Pulled event for container hivemq-platform-operator in pod hivemq-test-hivemq-platform-operator-6966f96d65-qkg4n [3bb6ffe9-454b-44c2-b465-d0c46913bf0e]
2025-01-30 18:44:12,470 INFO c.h.h.t.HelmChartContainer - [EVENT] Normal [Created] Created container: hivemq-platform-operator [helmcustomsecretconfigit-operator:hivemq-test-hivemq-platform-operator-6966f96d65-qkg4n]
2025-01-30 18:44:12,470 INFO c.h.h.t.HelmChartContainer - Received Created event for container hivemq-platform-operator in pod hivemq-test-hivemq-platform-operator-6966f96d65-qkg4n [3bb6ffe9-454b-44c2-b465-d0c46913bf0e]
2025-01-30 18:44:12,575 INFO c.h.h.t.HelmChartContainer - [K3S] [replica_set.go:679] "Finished syncing" kind="ReplicaSet" key="helmcustomsecretconfigit-operator/hivemq-test-hivemq-platform-operator-6966f96d65" duration="46.147µs"
2025-01-30 18:44:12,577 INFO c.h.h.t.HelmChartContainer - [POD] hivemq-test-hivemq-platform-operator-6966f96d65-qkg4n [3bb6ffe9-454b-44c2-b465-d0c46913bf0e] in helmcustomsecretconfigit-operator was MODIFIED
2025-01-30 18:44:12,589 INFO c.h.h.t.HelmChartContainer - [EVENT] Normal [Started] Started container hivemq-platform-operator [helmcustomsecretconfigit-operator:hivemq-test-hivemq-platform-operator-6966f96d65-qkg4n]
2025-01-30 18:44:12,589 INFO c.h.h.t.HelmChartContainer - Received Started event for container hivemq-platform-operator in pod hivemq-test-hivemq-platform-operator-6966f96d65-qkg4n [3bb6ffe9-454b-44c2-b465-d0c46913bf0e]
2025-01-30 18:44:12,590 INFO c.h.h.t.HelmChartContainer - Started log watcher for hivemq-platform-operator in pod hivemq-test-hivemq-platform-operator-6966f96d65-qkg4n [3bb6ffe9-454b-44c2-b465-d0c46913bf0e]
2025-01-30 18:44:12,590 INFO c.h.h.t.HelmChartContainer - [hivemq-test-hivemq-platform] [hivemq-platform-operator] [3bb6ffe9] -------------------------------------------------------------------------
2025-01-30 18:44:12,590 INFO c.h.h.t.HelmChartContainer - [hivemq-test-hivemq-platform] [hivemq-platform-operator] [3bb6ffe9] 
2025-01-30 18:44:12,590 INFO c.h.h.t.HelmChartContainer - [hivemq-test-hivemq-platform] [hivemq-platform-operator] [3bb6ffe9]                   _    _  _              __  __   ____
2025-01-30 18:44:12,590 INFO c.h.h.t.HelmChartContainer - [hivemq-test-hivemq-platform] [hivemq-platform-operator] [3bb6ffe9]                  | |  | |(_)            |  \/  | / __ \
2025-01-30 18:44:12,590 INFO c.h.h.t.HelmChartContainer - [hivemq-test-hivemq-platform] [hivemq-platform-operator] [3bb6ffe9]                  | |__| | _ __   __ ___ | \  / || |  | |
2025-01-30 18:44:12,590 INFO c.h.h.t.HelmChartContainer - [hivemq-test-hivemq-platform] [hivemq-platform-operator] [3bb6ffe9]                  |  __  || |\ \ / // _ \| |\/| || |  | |
2025-01-30 18:44:12,590 INFO c.h.h.t.HelmChartContainer - [hivemq-test-hivemq-platform] [hivemq-platform-operator] [3bb6ffe9]                  | |  | || | \ V /|  __/| |  | || |__| |
2025-01-30 18:44:12,590 INFO c.h.h.t.HelmChartContainer - [hivemq-test-hivemq-platform] [hivemq-platform-operator] [3bb6ffe9]                  |_|  |_||_|  \_/  \___||_|  |_| \___\_\
2025-01-30 18:44:12,590 INFO c.h.h.t.HelmChartContainer - [hivemq-test-hivemq-platform] [hivemq-platform-operator] [3bb6ffe9] 
2025-01-30 18:44:12,590 INFO c.h.h.t.HelmChartContainer - [hivemq-test-hivemq-platform] [hivemq-platform-operator] [3bb6ffe9] -------------------------------------------------------------------------
2025-01-30 18:44:12,590 INFO c.h.h.t.HelmChartContainer - [hivemq-test-hivemq-platform] [hivemq-platform-operator] [3bb6ffe9] 
2025-01-30 18:44:12,590 INFO c.h.h.t.HelmChartContainer - [hivemq-test-hivemq-platform] [hivemq-platform-operator] [3bb6ffe9]   HiveMQ Platform Operator Start Script v1.0
2025-01-30 18:44:12,590 INFO c.h.h.t.HelmChartContainer - [hivemq-test-hivemq-platform] [hivemq-platform-operator] [3bb6ffe9] 
2025-01-30 18:44:12,590 INFO c.h.h.t.HelmChartContainer - [hivemq-test-hivemq-platform] [hivemq-platform-operator] [3bb6ffe9] -------------------------------------------------------------------------
2025-01-30 18:44:12,590 INFO c.h.h.t.HelmChartContainer - [hivemq-test-hivemq-platform] [hivemq-platform-operator] [3bb6ffe9] 
2025-01-30 18:44:12,590 INFO c.h.h.t.HelmChartContainer - [hivemq-test-hivemq-platform] [hivemq-platform-operator] [3bb6ffe9]   JAVA_OPTS: -XX:+UnlockExperimentalVMOptions -XX:InitialRAMPercentage=75 -XX:MaxRAMPercentage=75 -Duser.language=en -Duser.region=US
2025-01-30 18:44:12,590 INFO c.h.h.t.HelmChartContainer - [hivemq-test-hivemq-platform] [hivemq-platform-operator] [3bb6ffe9] 
2025-01-30 18:44:12,590 INFO c.h.h.t.HelmChartContainer - [hivemq-test-hivemq-platform] [hivemq-platform-operator] [3bb6ffe9]   JAVA_VERSION: 21
2025-01-30 18:44:12,590 INFO c.h.h.t.HelmChartContainer - [hivemq-test-hivemq-platform] [hivemq-platform-operator] [3bb6ffe9] 
2025-01-30 18:44:12,590 INFO c.h.h.t.HelmChartContainer - [hivemq-test-hivemq-platform] [hivemq-platform-operator] [3bb6ffe9] -------------------------------------------------------------------------
2025-01-30 18:44:12,590 INFO c.h.h.t.HelmChartContainer - [hivemq-test-hivemq-platform] [hivemq-platform-operator] [3bb6ffe9] 
2025-01-30 18:44:15,809 INFO c.h.h.t.HelmChartContainer - [hivemq-test-hivemq-platform] [hivemq-platform-operator] [3bb6ffe9] 18:44:15.746 [main] DEBUG org.jboss.logging - Logging Provider: org.jboss.logging.Slf4jLoggerProvider
2025-01-30 18:44:15,910 INFO c.h.h.t.HelmChartContainer - [hivemq-test-hivemq-platform] [hivemq-platform-operator] [3bb6ffe9] 18:44:15.908 [main] DEBUG io.smallrye.config - SRCFG01006: Loaded ConfigSource SysPropConfigSource with ordinal 400
2025-01-30 18:44:15,910 INFO c.h.h.t.HelmChartContainer - [hivemq-test-hivemq-platform] [hivemq-platform-operator] [3bb6ffe9] 18:44:15.908 [main] DEBUG io.smallrye.config - SRCFG01006: Loaded ConfigSource EnvConfigSource with ordinal 300
2025-01-30 18:44:15,911 INFO c.h.h.t.HelmChartContainer - [hivemq-test-hivemq-platform] [hivemq-platform-operator] [3bb6ffe9] 18:44:15.908 [main] DEBUG io.smallrye.config - SRCFG01006: Loaded ConfigSource PropertiesConfigSource[source=jar:file:///opt/hivemq-platform-operator/bin/hivemq-platform-operator.jar!/hivemq-platform-operator.properties] with ordinal 100
2025-01-30 18:44:15,911 INFO c.h.h.t.HelmChartContainer - [hivemq-test-hivemq-platform] [hivemq-platform-operator] [3bb6ffe9] 18:44:15.908 [main] DEBUG io.smallrye.config - SRCFG01006: Loaded ConfigSource DefaultValuesConfigSource with ordinal -2147483648
2025-01-30 18:44:16,013 INFO c.h.h.t.HelmChartContainer - [hivemq-test-hivemq-platform] [hivemq-platform-operator] [3bb6ffe9] 18:44:16.011 [main] DEBUG i.m.c.u.i.l.InternalLoggerFactory - Using SLF4J as the default logging framework
2025-01-30 18:44:16,138 INFO c.h.h.t.HelmChartContainer - [hivemq-test-hivemq-platform] [hivemq-platform-operator] [3bb6ffe9] 18:44:16.110 [main] INFO  c.h.p.o.HiveMQPlatformOperatorApplication - HiveMQ Platform Operator 1.7.0-SNAPSHOT (commit: 47e3375 on branch: HEAD) built on Thu Jan 30 03:55:50 UTC 2025
2025-01-30 18:44:16,140 INFO c.h.h.t.HelmChartContainer - [hivemq-test-hivemq-platform] [hivemq-platform-operator] [3bb6ffe9] 18:44:16.137 [main] INFO  c.h.p.o.HiveMQPlatformOperatorApplication - HiveMQ Platform Operator is running in namespace: helmcustomsecretconfigit-operator
2025-01-30 18:44:16,140 INFO c.h.h.t.HelmChartContainer - [hivemq-test-hivemq-platform] [hivemq-platform-operator] [3bb6ffe9] 18:44:16.137 [main] INFO  c.h.p.o.HiveMQPlatformOperatorApplication - Watching all namespaces
2025-01-30 18:44:16,140 INFO c.h.h.t.HelmChartContainer - [hivemq-test-hivemq-platform] [hivemq-platform-operator] [3bb6ffe9] 18:44:16.137 [main] INFO  c.h.p.o.HiveMQPlatformOperatorApplication - Log level: DEBUG
2025-01-30 18:44:16,140 INFO c.h.h.t.HelmChartContainer - [hivemq-test-hivemq-platform] [hivemq-platform-operator] [3bb6ffe9] 18:44:16.137 [main] INFO  c.h.p.o.HiveMQPlatformOperatorApplication - Release name: test-hivemq-platform-operator
2025-01-30 18:44:16,140 INFO c.h.h.t.HelmChartContainer - [hivemq-test-hivemq-platform] [hivemq-platform-operator] [3bb6ffe9] 18:44:16.137 [main] INFO  c.h.p.o.HiveMQPlatformOperatorApplication - HiveMQ Platform Operator Init image: docker.io/hivemq/hivemq-platform-operator-init-test:snapshot
2025-01-30 18:44:16,140 INFO c.h.h.t.HelmChartContainer - [hivemq-test-hivemq-platform] [hivemq-platform-operator] [3bb6ffe9] 18:44:16.137 [main] INFO  c.h.p.o.HiveMQPlatformOperatorApplication - HiveMQ Platform Operator Init App update URL: http://hivemq-platform-operator-test-hivemq-platform-operator.helmcustomsecretconfigit-operator.svc:8080/initAppUpdate/hivemq-platform-operator-init-app-1.7.0-SNAPSHOT.jar
2025-01-30 18:44:16,140 INFO c.h.h.t.HelmChartContainer - [hivemq-test-hivemq-platform] [hivemq-platform-operator] [3bb6ffe9] 18:44:16.137 [main] INFO  c.h.p.o.HiveMQPlatformOperatorApplication - Additional imagePullSecret for all Platform deployments: none
2025-01-30 18:44:16,140 INFO c.h.h.t.HelmChartContainer - [hivemq-test-hivemq-platform] [hivemq-platform-operator] [3bb6ffe9] 18:44:16.138 [main] INFO  c.h.p.o.HiveMQPlatformOperatorApplication - Apply HiveMQ Platform CRD: true
2025-01-30 18:44:16,140 INFO c.h.h.t.HelmChartContainer - [hivemq-test-hivemq-platform] [hivemq-platform-operator] [3bb6ffe9] 18:44:16.138 [main] INFO  c.h.p.o.HiveMQPlatformOperatorApplication - Create Platform ServiceAccount: true
2025-01-30 18:44:16,140 INFO c.h.h.t.HelmChartContainer - [hivemq-test-hivemq-platform] [hivemq-platform-operator] [3bb6ffe9] 18:44:16.138 [main] INFO  c.h.p.o.HiveMQPlatformOperatorApplication - Create Platform ServiceAccount permissions: true
2025-01-30 18:44:16,140 INFO c.h.h.t.HelmChartContainer - [hivemq-test-hivemq-platform] [hivemq-platform-operator] [3bb6ffe9] 18:44:16.138 [main] INFO  c.h.p.o.HiveMQPlatformOperatorApplication - Validate Platform ServiceAccount: true
2025-01-30 18:44:16,140 INFO c.h.h.t.HelmChartContainer - [hivemq-test-hivemq-platform] [hivemq-platform-operator] [3bb6ffe9] 18:44:16.138 [main] INFO  c.h.p.o.HiveMQPlatformOperatorApplication - Validate Platform ServiceAccount permissions: true
2025-01-30 18:44:16,254 INFO c.h.h.t.HelmChartContainer - [hivemq-test-hivemq-platform] [hivemq-platform-operator] [3bb6ffe9] 18:44:16.253 [main] INFO  c.h.platform.operator.util.CRDUtil - Verifying deployed HiveMQ Platform CRD...
2025-01-30 18:44:18,916 INFO c.h.h.t.HelmChartContainer - [hivemq-test-hivemq-platform] [hivemq-platform-operator] [3bb6ffe9] 18:44:18.915 [main] DEBUG c.h.platform.operator.util.CRDUtil - HiveMQ Platform CRD version v1 is up to date
2025-01-30 18:44:18,916 INFO c.h.h.t.HelmChartContainer - [hivemq-test-hivemq-platform] [hivemq-platform-operator] [3bb6ffe9] 18:44:18.915 [main] INFO  c.h.platform.operator.util.CRDUtil - HiveMQ Platform CRD is up to date (version: V1_6_0)
2025-01-30 18:44:18,916 INFO c.h.h.t.HelmChartContainer - [hivemq-test-hivemq-platform] [hivemq-platform-operator] [3bb6ffe9] 18:44:18.915 [main] INFO  c.h.platform.operator.util.CRDUtil - Waiting 10000 ms for HiveMQ Platform CRD 'hivemq-platforms.hivemq.com' to become ready...
2025-01-30 18:44:19,241 INFO c.h.h.t.HelmChartContainer - [hivemq-test-hivemq-platform] [hivemq-platform-operator] [3bb6ffe9] 18:44:19.238 [vert.x-eventloop-thread-1] DEBUG c.h.platform.operator.util.CRDUtil - Checking CRD condition 'NamesAccepted' (status: 'True')
2025-01-30 18:44:19,241 INFO c.h.h.t.HelmChartContainer - [hivemq-test-hivemq-platform] [hivemq-platform-operator] [3bb6ffe9] 18:44:19.239 [vert.x-eventloop-thread-1] DEBUG c.h.platform.operator.util.CRDUtil - Checking CRD condition 'Established' (status: 'True')
2025-01-30 18:44:19,241 INFO c.h.h.t.HelmChartContainer - [hivemq-test-hivemq-platform] [hivemq-platform-operator] [3bb6ffe9] 18:44:19.239 [main] INFO  c.h.platform.operator.util.CRDUtil - HiveMQ Platform CRD 'hivemq-platforms.hivemq.com' is ready
2025-01-30 18:44:19,354 INFO c.h.h.t.HelmChartContainer - [hivemq-test-hivemq-platform] [hivemq-platform-operator] [3bb6ffe9] 18:44:19.353 [main] INFO  c.h.p.o.HiveMQPlatformReconciler - HiveMQ Platform Operator is starting...
2025-01-30 18:44:19,440 INFO c.h.h.t.HelmChartContainer - [hivemq-test-hivemq-platform] [hivemq-platform-operator] [3bb6ffe9] 18:44:19.439 [main] WARN  Default ConfigurationService implementation - Configuration for reconciler 'hivemq-controller' was not found. Known reconcilers: None.
2025-01-30 18:44:19,508 INFO c.h.h.t.HelmChartContainer - [hivemq-test-hivemq-platform] [hivemq-platform-operator] [3bb6ffe9] 18:44:19.507 [main] INFO  Default ConfigurationService implementation - Created configuration for reconciler com.hivemq.platform.operator.HiveMQPlatformReconciler with name hivemq-controller
2025-01-30 18:44:19,610 INFO c.h.h.t.HelmChartContainer - [hivemq-test-hivemq-platform] [hivemq-platform-operator] [3bb6ffe9] 18:44:19.609 [main] DEBUG c.h.p.o.HiveMQPlatformReconciler - HiveMQ Platform Operator is preparing EventSources
2025-01-30 18:44:19,640 INFO c.h.h.t.HelmChartContainer - [hivemq-test-hivemq-platform] [hivemq-platform-operator] [3bb6ffe9] 18:44:19.639 [main] INFO  i.javaoperatorsdk.operator.Operator - Registered reconciler: 'hivemq-controller' for resource: 'class com.hivemq.platform.operator.v1.HiveMQPlatform' for namespace(s): [all namespaces]
2025-01-30 18:44:20,157 INFO c.h.h.t.HelmChartContainer - [hivemq-test-hivemq-platform] [hivemq-platform-operator] [3bb6ffe9] 18:44:20.156 [main] INFO  c.h.p.operator.webserver.JettyServer - Starting Jetty server on port 8080
2025-01-30 18:44:20,249 INFO c.h.h.t.HelmChartContainer - [hivemq-test-hivemq-platform] [hivemq-platform-operator] [3bb6ffe9] 18:44:20.248 [main] INFO  i.javaoperatorsdk.operator.Operator - Operator SDK 4.9.7 (commit: 2133d28) built on Wed Nov 20 12:56:20 UTC 2024 starting...
2025-01-30 18:44:20,249 INFO c.h.h.t.HelmChartContainer - [hivemq-test-hivemq-platform] [hivemq-platform-operator] [3bb6ffe9] 18:44:20.248 [main] INFO  i.javaoperatorsdk.operator.Operator - Client version: 6.13.5
2025-01-30 18:44:20,250 INFO c.h.h.t.HelmChartContainer - [hivemq-test-hivemq-platform] [hivemq-platform-operator] [3bb6ffe9] 18:44:20.249 [Controller Starter for: hivemq-controller] INFO  i.j.operator.processing.Controller - Starting 'hivemq-controller' controller for reconciler: com.hivemq.platform.operator.HiveMQPlatformReconciler, resource: com.hivemq.platform.operator.v1.HiveMQPlatform
2025-01-30 18:44:22,739 INFO c.h.h.t.HelmChartContainer - [hivemq-test-hivemq-platform] [hivemq-platform-operator] [3bb6ffe9] 18:44:22.738 [Controller Starter for: hivemq-controller] INFO  i.j.operator.processing.Controller - 'hivemq-controller' controller started
2025-01-30 18:44:22,739 INFO c.h.h.t.HelmChartContainer - [hivemq-test-hivemq-platform] [hivemq-platform-operator] [3bb6ffe9] 18:44:22.738 [main] INFO  c.h.p.o.HiveMQPlatformOperatorApplication - HiveMQ Platform Operator 1.7.0-SNAPSHOT started in 6628 ms
2025-01-30 18:44:23,580 INFO c.h.h.t.HelmChartContainer - [POD] hivemq-test-hivemq-platform-operator-6966f96d65-qkg4n [3bb6ffe9-454b-44c2-b465-d0c46913bf0e] in helmcustomsecretconfigit-operator was MODIFIED
2025-01-30 18:44:23,589 INFO c.h.h.t.HelmChartContainer - [K3S] [replica_set.go:679] "Finished syncing" kind="ReplicaSet" key="helmcustomsecretconfigit-operator/hivemq-test-hivemq-platform-operator-6966f96d65" duration="10.891457ms"
2025-01-30 18:44:23,590 INFO c.h.h.t.HelmChartContainer - [K3S] [replica_set.go:679] "Finished syncing" kind="ReplicaSet" key="helmcustomsecretconfigit-operator/hivemq-test-hivemq-platform-operator-6966f96d65" duration="32.451µs"
2025-01-30 18:44:24,925 DEBUG c.h.h.t.HelmChartContainer - Executing helm command: /bin/helm --kubeconfig /etc/rancher/k3s/k3s.yaml install test-hivemq-platform /charts/hivemq-platform --wait --timeout 5m0s --set image.repository=docker.io/hivemq --set image.tag=4.36.0 --set image.pullPolicy=Never --set nodes.resources.cpu=512m --set config.createAs=Secret --namespace helmcustomsecretconfigit
2025-01-30 18:44:25,251 INFO c.h.h.t.HelmChartContainer - [hivemq-test-hivemq-platform] [hivemq-platform-operator] [3bb6ffe9] 18:44:25.246 [-2082509879-pool-1-thread-2] WARN  i.m.p.PrometheusMeterRegistry - The meter (MeterId{name='operator.sdk.events.received', tags=[tag(action=ADDED),tag(event=ResourceEvent),tag(group=hivemq.com),tag(kind=HiveMQPlatform),tag(name=test-hivemq-platform),tag(namespace=helmcustomsecretconfigit),tag(scope=namespace),tag(version=v1)]}) registration has failed: Prometheus requires that all meters with the same name have the same set of tag keys. There is already an existing meter named 'operator.sdk.events.received' containing tag keys [event, group, kind, name, namespace, scope, version]. The meter you are attempting to register has keys [action, event, group, kind, name, namespace, scope, version]. Note that subsequent logs will be logged at debug level.
2025-01-30 18:44:25,650 INFO c.h.h.t.HelmChartContainer - [hivemq-test-hivemq-platform] [hivemq-platform-operator] [3bb6ffe9] 18:44:25.647 [pool-6-thread-3] DEBUG c.h.p.o.dependants.PodInfoConfigMap - [helmcust] Desired PodInfo ConfigMap (1 extensions) (1 enabled)
2025-01-30 18:44:25,651 INFO c.h.h.t.HelmChartContainer - [hivemq-test-hivemq-platform] [hivemq-platform-operator] [3bb6ffe9] 18:44:25.648 [pool-6-thread-3] DEBUG c.h.p.o.dependants.PodInfoConfigMap - [helmcust] Desired PodInfo ConfigMap (metrics port: 9399) (metrics path: /)
2025-01-30 18:44:25,651 INFO c.h.h.t.HelmChartContainer - [hivemq-test-hivemq-platform] [hivemq-platform-operator] [3bb6ffe9] 18:44:25.648 [pool-6-thread-3] DEBUG c.h.p.o.dependants.PodInfoConfigMap - [helmcust] Desired PodInfo ConfigMap (extension state hash: -1817474005)
2025-01-30 18:44:25,651 INFO c.h.h.t.HelmChartContainer - [hivemq-test-hivemq-platform] [hivemq-platform-operator] [3bb6ffe9] 18:44:25.649 [pool-6-thread-3] DEBUG c.h.p.o.dependants.PodInfoConfigMap - [helmcust] Create PodInfo ConfigMap
2025-01-30 18:44:25,837 INFO c.h.h.t.HelmChartContainer - [hivemq-test-hivemq-platform] [hivemq-platform-operator] [3bb6ffe9] 18:44:25.748 [pool-6-thread-5] DEBUG c.h.p.o.dependants.PodRoleResource - [helmcust] Create Role: Role(apiVersion=rbac.authorization.k8s.io/v1, kind=Role, metadata=ObjectMeta(annotations={meta.helm.sh/release-name=test-hivemq-platform, meta.helm.sh/release-namespace=helmcustomsecretconfigit}, creationTimestamp=null, deletionGracePeriodSeconds=null, deletionTimestamp=null, finalizers=[], generateName=null, generation=null, labels={helm.sh/chart=hivemq-platform-0.2.32, app.kubernetes.io/managed-by=Helm, app.kubernetes.io/name=hivemq-platform, hivemq-platform=test-hivemq-platform, app.kubernetes.io/instance=test-hivemq-platform, app.kubernetes.io/version=4.36.0}, managedFields=[], name=hivemq-platform-role-test-hivemq-platform, namespace=helmcustomsecretconfigit, ownerReferences=[OwnerReference(apiVersion=hivemq.com/v1, blockOwnerDeletion=null, controller=null, kind=HiveMQPlatform, name=test-hivemq-platform, uid=1fab80d8-c39b-4957-93c9-38387bd0c620, additionalProperties={})], resourceVersion=null, selfLink=null, uid=null, additionalProperties={}), rules=[PolicyRule(apiGroups=[], nonResourceURLs=[], resourceNames=[], resources=[pods], verbs=[get, patch, update], additionalProperties={})], additionalProperties={})
2025-01-30 18:44:25,941 INFO c.h.h.t.HelmChartContainer - [hivemq-test-hivemq-platform] [hivemq-platform-operator] [3bb6ffe9] 18:44:25.940 [pool-6-thread-7] DEBUG c.h.p.o.d.PodServiceAccountResource - [helmcust] Desired PodServiceAccountResource (serviceAccountName: hivemq-platform-pod-test-hivemq-platform)
2025-01-30 18:44:25,942 INFO c.h.h.t.HelmChartContainer - [hivemq-test-hivemq-platform] [hivemq-platform-operator] [3bb6ffe9] 18:44:25.941 [pool-6-thread-7] DEBUG c.h.p.o.d.PodServiceAccountResource - [helmcust] Create ServiceAccount 'hivemq-platform-pod-test-hivemq-platform'
2025-01-30 18:44:26,049 INFO c.h.h.t.HelmChartContainer - [hivemq-test-hivemq-platform] [hivemq-platform-operator] [3bb6ffe9] 18:44:26.047 [pool-6-thread-10] DEBUG c.h.p.o.d.PodRoleBindingResource - [helmcust] Create RoleBinding: RoleBinding(apiVersion=rbac.authorization.k8s.io/v1, kind=RoleBinding, metadata=ObjectMeta(annotations={meta.helm.sh/release-name=test-hivemq-platform, meta.helm.sh/release-namespace=helmcustomsecretconfigit}, creationTimestamp=null, deletionGracePeriodSeconds=null, deletionTimestamp=null, finalizers=[], generateName=null, generation=null, labels={helm.sh/chart=hivemq-platform-0.2.32, app.kubernetes.io/managed-by=Helm, app.kubernetes.io/name=hivemq-platform, hivemq-platform=test-hivemq-platform, app.kubernetes.io/instance=test-hivemq-platform, app.kubernetes.io/version=4.36.0}, managedFields=[], name=hivemq-platform-role-binding-test-hivemq-platform, namespace=helmcustomsecretconfigit, ownerReferences=[OwnerReference(apiVersion=hivemq.com/v1, blockOwnerDeletion=null, controller=null, kind=HiveMQPlatform, name=test-hivemq-platform, uid=1fab80d8-c39b-4957-93c9-38387bd0c620, additionalProperties={})], resourceVersion=null, selfLink=null, uid=null, additionalProperties={}), roleRef=RoleRef(apiGroup=rbac.authorization.k8s.io, kind=Role, name=hivemq-platform-role-test-hivemq-platform, additionalProperties={}), subjects=[Subject(apiGroup=null, kind=ServiceAccount, name=hivemq-platform-pod-test-hivemq-platform, namespace=helmcustomsecretconfigit, additionalProperties={})], additionalProperties={})
2025-01-30 18:44:26,138 INFO c.h.h.t.HelmChartContainer - [hivemq-test-hivemq-platform] [hivemq-platform-operator] [3bb6ffe9] 18:44:26.137 [ReconcilerExecutor-hivemq-controller-53] INFO  c.h.p.o.HiveMQPlatformReconciler - [helmcust] Reconciling HiveMQ Platform 'test-hivemq-platform' in namespace 'helmcustomsecretconfigit'
2025-01-30 18:44:26,139 INFO c.h.h.t.HelmChartContainer - [hivemq-test-hivemq-platform] [hivemq-platform-operator] [3bb6ffe9] 18:44:26.137 [ReconcilerExecutor-hivemq-controller-53] DEBUG c.h.p.o.HiveMQPlatformReconciler - [helmcust] Custom Resource Status CREATED - HiveMQ Platform was created (READY)
2025-01-30 18:44:26,139 INFO c.h.h.t.HelmChartContainer - [hivemq-test-hivemq-platform] [hivemq-platform-operator] [3bb6ffe9] 18:44:26.137 [ReconcilerExecutor-hivemq-controller-53] DEBUG c.h.p.o.HiveMQPlatformReconciler - [helmcust] Custom Resource Spec (replicas: 2) (extensions: 1)
2025-01-30 18:44:26,142 INFO c.h.h.t.HelmChartContainer - [hivemq-test-hivemq-platform] [hivemq-platform-operator] [3bb6ffe9] 18:44:26.142 [ReconcilerExecutor-hivemq-controller-53] INFO  c.h.p.o.h.HiveMQPlatformReconcilerBaseHandler - [helmcust] HiveMQ Platform is starting
2025-01-30 18:44:26,244 INFO c.h.h.t.HelmChartContainer - [hivemq-test-hivemq-platform] [hivemq-platform-operator] [3bb6ffe9] 18:44:26.243 [ReconcilerExecutor-hivemq-controller-53] DEBUG c.h.p.operator.event.EventSender - [helmcust] Creating K8s event hivemq-platform-starting: [Start] HiveMQ Platform is starting
2025-01-30 18:44:26,253 INFO c.h.h.t.HelmChartContainer - [EVENT] Normal [Start] HiveMQ Platform is starting [helmcustomsecretconfigit:test-hivemq-platform]
2025-01-30 18:44:26,338 INFO c.h.h.t.HelmChartContainer - [hivemq-test-hivemq-platform] [hivemq-platform-operator] [3bb6ffe9] 18:44:26.335 [ReconcilerExecutor-hivemq-controller-53] INFO  c.h.p.o.h.AbstractHiveMQReconcilerStateHandler - [helmcust] Update HiveMQ Platform Status (CREATED [READY] -> STARTING [READY]): HiveMQ Platform is starting
2025-01-30 18:44:26,354 DEBUG com.hivemq.helmcharts.util.K8sUtil - Comparing actual state 'STARTING' and waiting for 'RUNNING'
2025-01-30 18:44:36,443 INFO c.h.h.t.HelmChartContainer - [hivemq-test-hivemq-platform] [hivemq-platform-operator] [3bb6ffe9] 18:44:36.440 [pool-6-thread-12] DEBUG c.h.p.o.d.PlatformServiceResource - [helmcust] Desired Platform services (3 services)
2025-01-30 18:44:36,446 INFO c.h.h.t.HelmChartContainer - [hivemq-test-hivemq-platform] [hivemq-platform-operator] [3bb6ffe9] 18:44:36.444 [pool-6-thread-17] DEBUG c.h.p.o.d.PodServiceAccountResource - [helmcust] Desired PodServiceAccountResource (serviceAccountName: hivemq-platform-pod-test-hivemq-platform)
2025-01-30 18:44:36,447 INFO c.h.h.t.HelmChartContainer - [hivemq-test-hivemq-platform] [hivemq-platform-operator] [3bb6ffe9] 18:44:36.444 [pool-6-thread-13] DEBUG c.h.p.o.dependants.PodInfoConfigMap - [helmcust] Desired PodInfo ConfigMap (1 extensions) (1 enabled)
2025-01-30 18:44:36,450 INFO c.h.h.t.HelmChartContainer - [hivemq-test-hivemq-platform] [hivemq-platform-operator] [3bb6ffe9] 18:44:36.447 [pool-6-thread-13] DEBUG c.h.p.o.dependants.PodInfoConfigMap - [helmcust] Desired PodInfo ConfigMap (metrics port: 9399) (metrics path: /)
2025-01-30 18:44:36,450 INFO c.h.h.t.HelmChartContainer - [hivemq-test-hivemq-platform] [hivemq-platform-operator] [3bb6ffe9] 18:44:36.447 [pool-6-thread-13] DEBUG c.h.p.o.dependants.PodInfoConfigMap - [helmcust] Desired PodInfo ConfigMap (extension state hash: -1817474005)
2025-01-30 18:44:36,454 INFO c.h.h.t.HelmChartContainer - [hivemq-test-hivemq-platform] [hivemq-platform-operator] [3bb6ffe9] 18:44:36.451 [pool-6-thread-13] DEBUG c.h.p.o.dependants.PodInfoConfigMap - [helmcust] Update PodInfo ConfigMap
2025-01-30 18:44:36,545 INFO c.h.h.t.HelmChartContainer - [K3S] [alloc.go:330] "allocated clusterIPs" service="helmcustomsecretconfigit/hivemq-test-hivemq-platform-cc-8080" clusterIPs={"IPv4":"10.43.108.165"}
2025-01-30 18:44:36,641 INFO c.h.h.t.HelmChartContainer - [K3S] [alloc.go:330] "allocated clusterIPs" service="helmcustomsecretconfigit/hivemq-test-hivemq-platform-metrics-9399" clusterIPs={"IPv4":"10.43.163.50"}
2025-01-30 18:44:36,654 INFO c.h.h.t.HelmChartContainer - [K3S] [alloc.go:330] "allocated clusterIPs" service="helmcustomsecretconfigit/hivemq-test-hivemq-platform-mqtt-1883" clusterIPs={"IPv4":"10.43.93.153"}
2025-01-30 18:44:36,662 INFO c.h.h.t.HelmChartContainer - [hivemq-test-hivemq-platform] [hivemq-platform-operator] [3bb6ffe9] 18:44:36.661 [pool-6-thread-20] DEBUG c.h.p.o.d.StatefulSetResource - [helmcust] Desired StatefulSet (2 replicas) for status STARTING (READY)
2025-01-30 18:44:36,751 INFO c.h.h.t.HelmChartContainer - [hivemq-test-hivemq-platform] [hivemq-platform-operator] [3bb6ffe9] 18:44:36.749 [pool-6-thread-20] DEBUG c.h.p.o.d.StatefulSetResource - [helmcust] Create StatefulSet
2025-01-30 18:44:36,860 INFO c.h.h.t.HelmChartContainer - [POD] test-hivemq-platform-0 [e2279f09-2aff-43b9-82ca-a167b8d4ea5b] in helmcustomsecretconfigit was ADDED
2025-01-30 18:44:36,862 INFO c.h.h.t.HelmChartContainer - [EVENT] Normal [SuccessfulCreate] create Pod test-hivemq-platform-0 in StatefulSet test-hivemq-platform successful [helmcustomsecretconfigit:test-hivemq-platform]
2025-01-30 18:44:36,867 INFO c.h.h.t.HelmChartContainer - [EVENT] Normal [Scheduled] Successfully assigned helmcustomsecretconfigit/test-hivemq-platform-0 to ea8e80bdeb75 [helmcustomsecretconfigit:test-hivemq-platform-0]
2025-01-30 18:44:36,869 INFO c.h.h.t.HelmChartContainer - [POD] test-hivemq-platform-0 [e2279f09-2aff-43b9-82ca-a167b8d4ea5b] in helmcustomsecretconfigit was MODIFIED
2025-01-30 18:44:36,877 INFO c.h.h.t.HelmChartContainer - [POD] test-hivemq-platform-0 [e2279f09-2aff-43b9-82ca-a167b8d4ea5b] in helmcustomsecretconfigit was MODIFIED
2025-01-30 18:44:36,939 INFO c.h.h.t.HelmChartContainer - [hivemq-test-hivemq-platform] [hivemq-platform-operator] [3bb6ffe9] 18:44:36.937 [ReconcilerExecutor-hivemq-controller-64] INFO  c.h.p.o.HiveMQPlatformReconciler - [helmcust] Reconciling HiveMQ Platform 'test-hivemq-platform' in namespace 'helmcustomsecretconfigit'
2025-01-30 18:44:36,939 INFO c.h.h.t.HelmChartContainer - [hivemq-test-hivemq-platform] [hivemq-platform-operator] [3bb6ffe9] 18:44:36.937 [ReconcilerExecutor-hivemq-controller-64] DEBUG c.h.p.o.HiveMQPlatformReconciler - [helmcust] Custom Resource Status STARTING - HiveMQ Platform is starting (READY)
2025-01-30 18:44:36,940 INFO c.h.h.t.HelmChartContainer - [hivemq-test-hivemq-platform] [hivemq-platform-operator] [3bb6ffe9] 18:44:36.937 [ReconcilerExecutor-hivemq-controller-64] DEBUG c.h.p.o.HiveMQPlatformReconciler - [helmcust] Custom Resource Spec (replicas: 2) (extensions: 1)
2025-01-30 18:44:36,947 INFO c.h.h.t.HelmChartContainer - [hivemq-test-hivemq-platform] [hivemq-platform-operator] [3bb6ffe9] 18:44:36.946 [ReconcilerExecutor-hivemq-controller-64] DEBUG c.h.p.o.HiveMQPlatformReconciler - [helmcust] StatefulSet Status (revision: null, replicas: 0, available: 0, ready: 0, current: 0, updated: 0)
2025-01-30 18:44:36,947 INFO c.h.h.t.HelmChartContainer - [hivemq-test-hivemq-platform] [hivemq-platform-operator] [3bb6ffe9] 18:44:36.947 [ReconcilerExecutor-hivemq-controller-64] DEBUG c.h.p.o.HiveMQPlatformReconciler - [helmcust] StatefulSet Spec (replicas: 2, init containers: 1, containers: 1, volumes: 3)
2025-01-30 18:44:36,979 INFO c.h.h.t.HelmChartContainer - [K3S] [reconciler_common.go:251] "operationExecutor.VerifyControllerAttachedVolume started for volume \"operator-init\" (UniqueName: \"kubernetes.io/empty-dir/e2279f09-2aff-43b9-82ca-a167b8d4ea5b-operator-init\") pod \"test-hivemq-platform-0\" (UID: \"e2279f09-2aff-43b9-82ca-a167b8d4ea5b\") " pod="helmcustomsecretconfigit/test-hivemq-platform-0"
2025-01-30 18:44:36,979 INFO c.h.h.t.HelmChartContainer - [K3S] [reconciler_common.go:251] "operationExecutor.VerifyControllerAttachedVolume started for volume \"kube-api-access-klm8f\" (UniqueName: \"kubernetes.io/projected/e2279f09-2aff-43b9-82ca-a167b8d4ea5b-kube-api-access-klm8f\") pod \"test-hivemq-platform-0\" (UID: \"e2279f09-2aff-43b9-82ca-a167b8d4ea5b\") " pod="helmcustomsecretconfigit/test-hivemq-platform-0"
2025-01-30 18:44:36,980 INFO c.h.h.t.HelmChartContainer - [K3S] [reconciler_common.go:251] "operationExecutor.VerifyControllerAttachedVolume started for volume \"pod-info\" (UniqueName: \"kubernetes.io/configmap/e2279f09-2aff-43b9-82ca-a167b8d4ea5b-pod-info\") pod \"test-hivemq-platform-0\" (UID: \"e2279f09-2aff-43b9-82ca-a167b8d4ea5b\") " pod="helmcustomsecretconfigit/test-hivemq-platform-0"
2025-01-30 18:44:36,980 INFO c.h.h.t.HelmChartContainer - [K3S] [reconciler_common.go:251] "operationExecutor.VerifyControllerAttachedVolume started for volume \"broker-configuration\" (UniqueName: \"kubernetes.io/secret/e2279f09-2aff-43b9-82ca-a167b8d4ea5b-broker-configuration\") pod \"test-hivemq-platform-0\" (UID: \"e2279f09-2aff-43b9-82ca-a167b8d4ea5b\") " pod="helmcustomsecretconfigit/test-hivemq-platform-0"
2025-01-30 18:44:37,046 INFO c.h.h.t.HelmChartContainer - [hivemq-test-hivemq-platform] [hivemq-platform-operator] [3bb6ffe9] 18:44:37.044 [ReconcilerExecutor-hivemq-controller-64] DEBUG c.h.p.o.h.HiveMQPlatformReconcilerErrorHandler - [helmcust] Pod 'test-hivemq-platform-0' phase Pending
2025-01-30 18:44:37,046 INFO c.h.h.t.HelmChartContainer - [hivemq-test-hivemq-platform] [hivemq-platform-operator] [3bb6ffe9] 18:44:37.045 [ReconcilerExecutor-hivemq-controller-64] DEBUG c.h.p.o.h.HiveMQPlatformReconcilerErrorHandler - [helmcust] Pod 'test-hivemq-platform-0' condition 'PodReadyToStartContainers': False
2025-01-30 18:44:37,046 INFO c.h.h.t.HelmChartContainer - [hivemq-test-hivemq-platform] [hivemq-platform-operator] [3bb6ffe9] 18:44:37.046 [ReconcilerExecutor-hivemq-controller-64] DEBUG c.h.p.o.h.HiveMQPlatformReconcilerErrorHandler - [helmcust] Pod 'test-hivemq-platform-0' condition 'Initialized': False
2025-01-30 18:44:37,047 INFO c.h.h.t.HelmChartContainer - [hivemq-test-hivemq-platform] [hivemq-platform-operator] [3bb6ffe9] 18:44:37.046 [ReconcilerExecutor-hivemq-controller-64] DEBUG c.h.p.o.h.HiveMQPlatformReconcilerErrorHandler - [helmcust] Pod 'test-hivemq-platform-0' condition 'Ready': False
2025-01-30 18:44:37,047 INFO c.h.h.t.HelmChartContainer - [hivemq-test-hivemq-platform] [hivemq-platform-operator] [3bb6ffe9] 18:44:37.046 [ReconcilerExecutor-hivemq-controller-64] DEBUG c.h.p.o.h.HiveMQPlatformReconcilerErrorHandler - [helmcust] Pod 'test-hivemq-platform-0' condition 'ContainersReady': False
2025-01-30 18:44:37,047 INFO c.h.h.t.HelmChartContainer - [hivemq-test-hivemq-platform] [hivemq-platform-operator] [3bb6ffe9] 18:44:37.046 [ReconcilerExecutor-hivemq-controller-64] DEBUG c.h.p.o.h.HiveMQPlatformReconcilerErrorHandler - [helmcust] Pod 'test-hivemq-platform-0' condition 'PodScheduled': True
2025-01-30 18:44:37,047 INFO c.h.h.t.HelmChartContainer - [hivemq-test-hivemq-platform] [hivemq-platform-operator] [3bb6ffe9] 18:44:37.046 [ReconcilerExecutor-hivemq-controller-64] DEBUG c.h.p.o.h.HiveMQPlatformReconcilerErrorHandler - [helmcust] Pod 'test-hivemq-platform-0' containerStatus 'hivemq' (started: false) (ready: false) (waiting: [PodInitializing] null)
2025-01-30 18:44:37,049 INFO c.h.h.t.HelmChartContainer - [hivemq-test-hivemq-platform] [hivemq-platform-operator] [3bb6ffe9] 18:44:37.048 [ReconcilerExecutor-hivemq-controller-64] INFO  c.h.p.o.h.HiveMQPlatformReconcilerBaseHandler - [helmcust] HiveMQ Platform is starting, 0 of 2 replicas are ready
2025-01-30 18:44:37,053 INFO c.h.h.t.HelmChartContainer - [hivemq-test-hivemq-platform] [hivemq-platform-operator] [3bb6ffe9] 18:44:37.052 [pool-6-thread-22] DEBUG c.h.p.o.d.PlatformServiceResource - [helmcust] Desired Platform services (3 services)
2025-01-30 18:44:37,055 INFO c.h.h.t.HelmChartContainer - [hivemq-test-hivemq-platform] [hivemq-platform-operator] [3bb6ffe9] 18:44:37.054 [pool-6-thread-23] DEBUG c.h.p.o.dependants.PodInfoConfigMap - [helmcust] Desired PodInfo ConfigMap (1 extensions) (1 enabled)
2025-01-30 18:44:37,055 INFO c.h.h.t.HelmChartContainer - [hivemq-test-hivemq-platform] [hivemq-platform-operator] [3bb6ffe9] 18:44:37.054 [pool-6-thread-23] DEBUG c.h.p.o.dependants.PodInfoConfigMap - [helmcust] Desired PodInfo ConfigMap (metrics port: 9399) (metrics path: /)
2025-01-30 18:44:37,055 INFO c.h.h.t.HelmChartContainer - [hivemq-test-hivemq-platform] [hivemq-platform-operator] [3bb6ffe9] 18:44:37.054 [pool-6-thread-23] DEBUG c.h.p.o.dependants.PodInfoConfigMap - [helmcust] Desired PodInfo ConfigMap (extension state hash: -1817474005)
2025-01-30 18:44:37,140 INFO c.h.h.t.HelmChartContainer - [hivemq-test-hivemq-platform] [hivemq-platform-operator] [3bb6ffe9] 18:44:37.138 [pool-6-thread-27] DEBUG c.h.p.o.d.PodServiceAccountResource - [helmcust] Desired PodServiceAccountResource (serviceAccountName: hivemq-platform-pod-test-hivemq-platform)
2025-01-30 18:44:37,149 INFO c.h.h.t.HelmChartContainer - [hivemq-test-hivemq-platform] [hivemq-platform-operator] [3bb6ffe9] 18:44:37.149 [pool-6-thread-30] DEBUG c.h.p.o.d.StatefulSetResource - [helmcust] Desired StatefulSet (2 replicas) for status STARTING (READY)
2025-01-30 18:44:37,241 INFO c.h.h.t.HelmChartContainer - [hivemq-test-hivemq-platform] [hivemq-platform-operator] [3bb6ffe9] 18:44:37.238 [ReconcilerExecutor-hivemq-controller-75] INFO  c.h.p.o.HiveMQPlatformReconciler - [helmcust] Reconciling HiveMQ Platform 'test-hivemq-platform' in namespace 'helmcustomsecretconfigit'
2025-01-30 18:44:37,241 INFO c.h.h.t.HelmChartContainer - [hivemq-test-hivemq-platform] [hivemq-platform-operator] [3bb6ffe9] 18:44:37.238 [ReconcilerExecutor-hivemq-controller-75] DEBUG c.h.p.o.HiveMQPlatformReconciler - [helmcust] Custom Resource Status STARTING - HiveMQ Platform is starting (READY)
2025-01-30 18:44:37,241 INFO c.h.h.t.HelmChartContainer - [hivemq-test-hivemq-platform] [hivemq-platform-operator] [3bb6ffe9] 18:44:37.238 [ReconcilerExecutor-hivemq-controller-75] DEBUG c.h.p.o.HiveMQPlatformReconciler - [helmcust] Custom Resource Spec (replicas: 2) (extensions: 1)
2025-01-30 18:44:37,243 INFO c.h.h.t.HelmChartContainer - [hivemq-test-hivemq-platform] [hivemq-platform-operator] [3bb6ffe9] 18:44:37.241 [ReconcilerExecutor-hivemq-controller-75] DEBUG c.h.p.o.HiveMQPlatformReconciler - [helmcust] StatefulSet Status (revision: test-hivemq-platform-7f5cbb4b76, replicas: 1, available: 0, ready: 0, current: 1, updated: 1)
2025-01-30 18:44:37,243 INFO c.h.h.t.HelmChartContainer - [hivemq-test-hivemq-platform] [hivemq-platform-operator] [3bb6ffe9] 18:44:37.241 [ReconcilerExecutor-hivemq-controller-75] DEBUG c.h.p.o.HiveMQPlatformReconciler - [helmcust] StatefulSet Spec (replicas: 2, init containers: 1, containers: 1, volumes: 3)
2025-01-30 18:44:37,244 INFO c.h.h.t.HelmChartContainer - [hivemq-test-hivemq-platform] [hivemq-platform-operator] [3bb6ffe9] 18:44:37.243 [ReconcilerExecutor-hivemq-controller-75] DEBUG c.h.p.o.h.HiveMQPlatformReconcilerErrorHandler - [helmcust] Pod 'test-hivemq-platform-0' phase Pending
2025-01-30 18:44:37,246 INFO c.h.h.t.HelmChartContainer - [hivemq-test-hivemq-platform] [hivemq-platform-operator] [3bb6ffe9] 18:44:37.244 [ReconcilerExecutor-hivemq-controller-75] DEBUG c.h.p.o.h.HiveMQPlatformReconcilerErrorHandler - [helmcust] Pod 'test-hivemq-platform-0' condition 'PodReadyToStartContainers': False
2025-01-30 18:44:37,246 INFO c.h.h.t.HelmChartContainer - [hivemq-test-hivemq-platform] [hivemq-platform-operator] [3bb6ffe9] 18:44:37.244 [ReconcilerExecutor-hivemq-controller-75] DEBUG c.h.p.o.h.HiveMQPlatformReconcilerErrorHandler - [helmcust] Pod 'test-hivemq-platform-0' condition 'Initialized': False
2025-01-30 18:44:37,246 INFO c.h.h.t.HelmChartContainer - [hivemq-test-hivemq-platform] [hivemq-platform-operator] [3bb6ffe9] 18:44:37.244 [ReconcilerExecutor-hivemq-controller-75] DEBUG c.h.p.o.h.HiveMQPlatformReconcilerErrorHandler - [helmcust] Pod 'test-hivemq-platform-0' condition 'Ready': False
2025-01-30 18:44:37,246 INFO c.h.h.t.HelmChartContainer - [hivemq-test-hivemq-platform] [hivemq-platform-operator] [3bb6ffe9] 18:44:37.244 [ReconcilerExecutor-hivemq-controller-75] DEBUG c.h.p.o.h.HiveMQPlatformReconcilerErrorHandler - [helmcust] Pod 'test-hivemq-platform-0' condition 'ContainersReady': False
2025-01-30 18:44:37,246 INFO c.h.h.t.HelmChartContainer - [hivemq-test-hivemq-platform] [hivemq-platform-operator] [3bb6ffe9] 18:44:37.244 [ReconcilerExecutor-hivemq-controller-75] DEBUG c.h.p.o.h.HiveMQPlatformReconcilerErrorHandler - [helmcust] Pod 'test-hivemq-platform-0' condition 'PodScheduled': True
2025-01-30 18:44:37,246 INFO c.h.h.t.HelmChartContainer - [hivemq-test-hivemq-platform] [hivemq-platform-operator] [3bb6ffe9] 18:44:37.244 [ReconcilerExecutor-hivemq-controller-75] DEBUG c.h.p.o.h.HiveMQPlatformReconcilerErrorHandler - [helmcust] Pod 'test-hivemq-platform-0' containerStatus 'hivemq' (started: false) (ready: false) (waiting: [PodInitializing] null)
2025-01-30 18:44:37,248 INFO c.h.h.t.HelmChartContainer - [hivemq-test-hivemq-platform] [hivemq-platform-operator] [3bb6ffe9] 18:44:37.246 [ReconcilerExecutor-hivemq-controller-75] INFO  c.h.p.o.h.HiveMQPlatformReconcilerBaseHandler - [helmcust] HiveMQ Platform is starting, 0 of 2 replicas are ready
2025-01-30 18:44:37,266 INFO c.h.h.t.HelmChartContainer - [EVENT] Normal [Pulled] Container image "docker.io/hivemq/hivemq-platform-operator-init-test:snapshot" already present on machine [helmcustomsecretconfigit:test-hivemq-platform-0]
2025-01-30 18:44:37,431 INFO c.h.h.t.HelmChartContainer - [EVENT] Normal [Created] Created container: hivemq-platform-operator-init [helmcustomsecretconfigit:test-hivemq-platform-0]
2025-01-30 18:44:37,465 INFO c.h.h.t.HelmChartContainer - [EVENT] Normal [Started] Started container hivemq-platform-operator-init [helmcustomsecretconfigit:test-hivemq-platform-0]
2025-01-30 18:44:37,623 INFO c.h.h.t.HelmChartContainer - [POD] test-hivemq-platform-0 [e2279f09-2aff-43b9-82ca-a167b8d4ea5b] in helmcustomsecretconfigit was MODIFIED
2025-01-30 18:44:37,647 INFO c.h.h.t.HelmChartContainer - [hivemq-test-hivemq-platform] [hivemq-platform-operator] [3bb6ffe9] 18:44:37.643 [pool-6-thread-32] DEBUG c.h.p.o.d.PlatformServiceResource - [helmcust] Desired Platform services (3 services)
2025-01-30 18:44:37,649 INFO c.h.h.t.HelmChartContainer - [hivemq-test-hivemq-platform] [hivemq-platform-operator] [3bb6ffe9] 18:44:37.648 [pool-6-thread-33] DEBUG c.h.p.o.dependants.PodInfoConfigMap - [helmcust] Desired PodInfo ConfigMap (1 extensions) (1 enabled)
2025-01-30 18:44:37,650 INFO c.h.h.t.HelmChartContainer - [hivemq-test-hivemq-platform] [hivemq-platform-operator] [3bb6ffe9] 18:44:37.648 [pool-6-thread-33] DEBUG c.h.p.o.dependants.PodInfoConfigMap - [helmcust] Desired PodInfo ConfigMap (metrics port: 9399) (metrics path: /)
2025-01-30 18:44:37,650 INFO c.h.h.t.HelmChartContainer - [hivemq-test-hivemq-platform] [hivemq-platform-operator] [3bb6ffe9] 18:44:37.649 [pool-6-thread-33] DEBUG c.h.p.o.dependants.PodInfoConfigMap - [helmcust] Desired PodInfo ConfigMap (extension state hash: -1817474005)
2025-01-30 18:44:37,655 INFO c.h.h.t.HelmChartContainer - [hivemq-test-hivemq-platform] [hivemq-platform-operator] [3bb6ffe9] 18:44:37.651 [pool-6-thread-37] DEBUG c.h.p.o.d.PodServiceAccountResource - [helmcust] Desired PodServiceAccountResource (serviceAccountName: hivemq-platform-pod-test-hivemq-platform)
2025-01-30 18:44:37,711 INFO c.h.h.t.HelmChartContainer - [hivemq-test-hivemq-platform] [hivemq-platform-operator] [3bb6ffe9] 18:44:37.710 [pool-6-thread-40] DEBUG c.h.p.o.d.StatefulSetResource - [helmcust] Desired StatefulSet (2 replicas) for status STARTING (READY)
2025-01-30 18:44:37,736 INFO c.h.h.t.HelmChartContainer - [hivemq-test-hivemq-platform] [hivemq-platform-operator] [3bb6ffe9] 18:44:37.736 [ReconcilerExecutor-hivemq-controller-86] INFO  c.h.p.o.HiveMQPlatformReconciler - [helmcust] Reconciling HiveMQ Platform 'test-hivemq-platform' in namespace 'helmcustomsecretconfigit'
2025-01-30 18:44:37,737 INFO c.h.h.t.HelmChartContainer - [hivemq-test-hivemq-platform] [hivemq-platform-operator] [3bb6ffe9] 18:44:37.736 [ReconcilerExecutor-hivemq-controller-86] DEBUG c.h.p.o.HiveMQPlatformReconciler - [helmcust] Custom Resource Status STARTING - HiveMQ Platform is starting (READY)
2025-01-30 18:44:37,737 INFO c.h.h.t.HelmChartContainer - [hivemq-test-hivemq-platform] [hivemq-platform-operator] [3bb6ffe9] 18:44:37.736 [ReconcilerExecutor-hivemq-controller-86] DEBUG c.h.p.o.HiveMQPlatformReconciler - [helmcust] Custom Resource Spec (replicas: 2) (extensions: 1)
2025-01-30 18:44:37,739 INFO c.h.h.t.HelmChartContainer - [hivemq-test-hivemq-platform] [hivemq-platform-operator] [3bb6ffe9] 18:44:37.738 [ReconcilerExecutor-hivemq-controller-86] DEBUG c.h.p.o.HiveMQPlatformReconciler - [helmcust] StatefulSet Status (revision: test-hivemq-platform-7f5cbb4b76, replicas: 1, available: 0, ready: 0, current: 1, updated: 1)
2025-01-30 18:44:37,739 INFO c.h.h.t.HelmChartContainer - [hivemq-test-hivemq-platform] [hivemq-platform-operator] [3bb6ffe9] 18:44:37.738 [ReconcilerExecutor-hivemq-controller-86] DEBUG c.h.p.o.HiveMQPlatformReconciler - [helmcust] StatefulSet Spec (replicas: 2, init containers: 1, containers: 1, volumes: 3)
2025-01-30 18:44:37,742 INFO c.h.h.t.HelmChartContainer - [hivemq-test-hivemq-platform] [hivemq-platform-operator] [3bb6ffe9] 18:44:37.741 [ReconcilerExecutor-hivemq-controller-86] DEBUG c.h.p.o.h.HiveMQPlatformReconcilerErrorHandler - [helmcust] Pod 'test-hivemq-platform-0' phase Pending
2025-01-30 18:44:37,743 INFO c.h.h.t.HelmChartContainer - [hivemq-test-hivemq-platform] [hivemq-platform-operator] [3bb6ffe9] 18:44:37.742 [ReconcilerExecutor-hivemq-controller-86] DEBUG c.h.p.o.h.HiveMQPlatformReconcilerErrorHandler - [helmcust] Pod 'test-hivemq-platform-0' condition 'PodReadyToStartContainers': True
2025-01-30 18:44:37,743 INFO c.h.h.t.HelmChartContainer - [hivemq-test-hivemq-platform] [hivemq-platform-operator] [3bb6ffe9] 18:44:37.742 [ReconcilerExecutor-hivemq-controller-86] DEBUG c.h.p.o.h.HiveMQPlatformReconcilerErrorHandler - [helmcust] Pod 'test-hivemq-platform-0' condition 'Initialized': False
2025-01-30 18:44:37,743 INFO c.h.h.t.HelmChartContainer - [hivemq-test-hivemq-platform] [hivemq-platform-operator] [3bb6ffe9] 18:44:37.742 [ReconcilerExecutor-hivemq-controller-86] DEBUG c.h.p.o.h.HiveMQPlatformReconcilerErrorHandler - [helmcust] Pod 'test-hivemq-platform-0' condition 'Ready': False
2025-01-30 18:44:37,743 INFO c.h.h.t.HelmChartContainer - [hivemq-test-hivemq-platform] [hivemq-platform-operator] [3bb6ffe9] 18:44:37.742 [ReconcilerExecutor-hivemq-controller-86] DEBUG c.h.p.o.h.HiveMQPlatformReconcilerErrorHandler - [helmcust] Pod 'test-hivemq-platform-0' condition 'ContainersReady': False
2025-01-30 18:44:37,743 INFO c.h.h.t.HelmChartContainer - [hivemq-test-hivemq-platform] [hivemq-platform-operator] [3bb6ffe9] 18:44:37.742 [ReconcilerExecutor-hivemq-controller-86] DEBUG c.h.p.o.h.HiveMQPlatformReconcilerErrorHandler - [helmcust] Pod 'test-hivemq-platform-0' condition 'PodScheduled': True
2025-01-30 18:44:37,743 INFO c.h.h.t.HelmChartContainer - [hivemq-test-hivemq-platform] [hivemq-platform-operator] [3bb6ffe9] 18:44:37.742 [ReconcilerExecutor-hivemq-controller-86] DEBUG c.h.p.o.h.HiveMQPlatformReconcilerErrorHandler - [helmcust] Pod 'test-hivemq-platform-0' containerStatus 'hivemq' (started: false) (ready: false) (waiting: [PodInitializing] null)
2025-01-30 18:44:37,744 INFO c.h.h.t.HelmChartContainer - [hivemq-test-hivemq-platform] [hivemq-platform-operator] [3bb6ffe9] 18:44:37.743 [ReconcilerExecutor-hivemq-controller-86] INFO  c.h.p.o.h.HiveMQPlatformReconcilerBaseHandler - [helmcust] HiveMQ Platform is starting, 0 of 2 replicas are ready
2025-01-30 18:44:38,612 INFO c.h.h.t.HelmChartContainer - [EVENT] Normal [Pulled] Container image "docker.io/hivemq/hivemq4:4.36.0" already present on machine [helmcustomsecretconfigit:test-hivemq-platform-0]
2025-01-30 18:44:38,612 INFO c.h.h.t.HelmChartContainer - Received Pulled event for container hivemq in pod test-hivemq-platform-0 [e2279f09-2aff-43b9-82ca-a167b8d4ea5b]
2025-01-30 18:44:38,620 INFO c.h.h.t.HelmChartContainer - [POD] test-hivemq-platform-0 [e2279f09-2aff-43b9-82ca-a167b8d4ea5b] in helmcustomsecretconfigit was MODIFIED
2025-01-30 18:44:38,633 INFO c.h.h.t.HelmChartContainer - [hivemq-test-hivemq-platform] [hivemq-platform-operator] [3bb6ffe9] 18:44:38.629 [pool-6-thread-42] DEBUG c.h.p.o.d.PlatformServiceResource - [helmcust] Desired Platform services (3 services)
2025-01-30 18:44:38,634 INFO c.h.h.t.HelmChartContainer - [hivemq-test-hivemq-platform] [hivemq-platform-operator] [3bb6ffe9] 18:44:38.631 [pool-6-thread-43] DEBUG c.h.p.o.dependants.PodInfoConfigMap - [helmcust] Desired PodInfo ConfigMap (1 extensions) (1 enabled)
2025-01-30 18:44:38,634 INFO c.h.h.t.HelmChartContainer - [hivemq-test-hivemq-platform] [hivemq-platform-operator] [3bb6ffe9] 18:44:38.633 [pool-6-thread-43] DEBUG c.h.p.o.dependants.PodInfoConfigMap - [helmcust] Desired PodInfo ConfigMap (metrics port: 9399) (metrics path: /)
2025-01-30 18:44:38,636 INFO c.h.h.t.HelmChartContainer - [hivemq-test-hivemq-platform] [hivemq-platform-operator] [3bb6ffe9] 18:44:38.633 [pool-6-thread-43] DEBUG c.h.p.o.dependants.PodInfoConfigMap - [helmcust] Desired PodInfo ConfigMap (extension state hash: -1817474005)
2025-01-30 18:44:38,638 INFO c.h.h.t.HelmChartContainer - [hivemq-test-hivemq-platform] [hivemq-platform-operator] [3bb6ffe9] 18:44:38.637 [pool-6-thread-47] DEBUG c.h.p.o.d.PodServiceAccountResource - [helmcust] Desired PodServiceAccountResource (serviceAccountName: hivemq-platform-pod-test-hivemq-platform)
2025-01-30 18:44:38,647 INFO c.h.h.t.HelmChartContainer - [hivemq-test-hivemq-platform] [hivemq-platform-operator] [3bb6ffe9] 18:44:38.645 [pool-6-thread-50] DEBUG c.h.p.o.d.StatefulSetResource - [helmcust] Desired StatefulSet (2 replicas) for status STARTING (READY)
2025-01-30 18:44:38,710 INFO c.h.h.t.HelmChartContainer - [hivemq-test-hivemq-platform] [hivemq-platform-operator] [3bb6ffe9] 18:44:38.708 [ReconcilerExecutor-hivemq-controller-97] INFO  c.h.p.o.HiveMQPlatformReconciler - [helmcust] Reconciling HiveMQ Platform 'test-hivemq-platform' in namespace 'helmcustomsecretconfigit'
2025-01-30 18:44:38,711 INFO c.h.h.t.HelmChartContainer - [hivemq-test-hivemq-platform] [hivemq-platform-operator] [3bb6ffe9] 18:44:38.708 [ReconcilerExecutor-hivemq-controller-97] DEBUG c.h.p.o.HiveMQPlatformReconciler - [helmcust] Custom Resource Status STARTING - HiveMQ Platform is starting (READY)
2025-01-30 18:44:38,712 INFO c.h.h.t.HelmChartContainer - [hivemq-test-hivemq-platform] [hivemq-platform-operator] [3bb6ffe9] 18:44:38.708 [ReconcilerExecutor-hivemq-controller-97] DEBUG c.h.p.o.HiveMQPlatformReconciler - [helmcust] Custom Resource Spec (replicas: 2) (extensions: 1)
2025-01-30 18:44:38,712 INFO c.h.h.t.HelmChartContainer - [hivemq-test-hivemq-platform] [hivemq-platform-operator] [3bb6ffe9] 18:44:38.711 [ReconcilerExecutor-hivemq-controller-97] DEBUG c.h.p.o.HiveMQPlatformReconciler - [helmcust] StatefulSet Status (revision: test-hivemq-platform-7f5cbb4b76, replicas: 1, available: 0, ready: 0, current: 1, updated: 1)
2025-01-30 18:44:38,712 INFO c.h.h.t.HelmChartContainer - [hivemq-test-hivemq-platform] [hivemq-platform-operator] [3bb6ffe9] 18:44:38.711 [ReconcilerExecutor-hivemq-controller-97] DEBUG c.h.p.o.HiveMQPlatformReconciler - [helmcust] StatefulSet Spec (replicas: 2, init containers: 1, containers: 1, volumes: 3)
2025-01-30 18:44:38,714 INFO c.h.h.t.HelmChartContainer - [hivemq-test-hivemq-platform] [hivemq-platform-operator] [3bb6ffe9] 18:44:38.714 [ReconcilerExecutor-hivemq-controller-97] DEBUG c.h.p.o.h.HiveMQPlatformReconcilerErrorHandler - [helmcust] Pod 'test-hivemq-platform-0' phase Pending
2025-01-30 18:44:38,715 INFO c.h.h.t.HelmChartContainer - [hivemq-test-hivemq-platform] [hivemq-platform-operator] [3bb6ffe9] 18:44:38.714 [ReconcilerExecutor-hivemq-controller-97] DEBUG c.h.p.o.h.HiveMQPlatformReconcilerErrorHandler - [helmcust] Pod 'test-hivemq-platform-0' condition 'PodReadyToStartContainers': True
2025-01-30 18:44:38,715 INFO c.h.h.t.HelmChartContainer - [hivemq-test-hivemq-platform] [hivemq-platform-operator] [3bb6ffe9] 18:44:38.714 [ReconcilerExecutor-hivemq-controller-97] DEBUG c.h.p.o.h.HiveMQPlatformReconcilerErrorHandler - [helmcust] Pod 'test-hivemq-platform-0' condition 'Initialized': True
2025-01-30 18:44:38,715 INFO c.h.h.t.HelmChartContainer - [hivemq-test-hivemq-platform] [hivemq-platform-operator] [3bb6ffe9] 18:44:38.714 [ReconcilerExecutor-hivemq-controller-97] DEBUG c.h.p.o.h.HiveMQPlatformReconcilerErrorHandler - [helmcust] Pod 'test-hivemq-platform-0' condition 'Ready': False
2025-01-30 18:44:38,715 INFO c.h.h.t.HelmChartContainer - [hivemq-test-hivemq-platform] [hivemq-platform-operator] [3bb6ffe9] 18:44:38.714 [ReconcilerExecutor-hivemq-controller-97] DEBUG c.h.p.o.h.HiveMQPlatformReconcilerErrorHandler - [helmcust] Pod 'test-hivemq-platform-0' condition 'ContainersReady': False
2025-01-30 18:44:38,716 INFO c.h.h.t.HelmChartContainer - [hivemq-test-hivemq-platform] [hivemq-platform-operator] [3bb6ffe9] 18:44:38.714 [ReconcilerExecutor-hivemq-controller-97] DEBUG c.h.p.o.h.HiveMQPlatformReconcilerErrorHandler - [helmcust] Pod 'test-hivemq-platform-0' condition 'PodScheduled': True
2025-01-30 18:44:38,716 INFO c.h.h.t.HelmChartContainer - [hivemq-test-hivemq-platform] [hivemq-platform-operator] [3bb6ffe9] 18:44:38.715 [ReconcilerExecutor-hivemq-controller-97] DEBUG c.h.p.o.h.HiveMQPlatformReconcilerErrorHandler - [helmcust] Pod 'test-hivemq-platform-0' containerStatus 'hivemq' (started: false) (ready: false) (waiting: [PodInitializing] null)
2025-01-30 18:44:38,717 INFO c.h.h.t.HelmChartContainer - [hivemq-test-hivemq-platform] [hivemq-platform-operator] [3bb6ffe9] 18:44:38.716 [ReconcilerExecutor-hivemq-controller-97] INFO  c.h.p.o.h.HiveMQPlatformReconcilerBaseHandler - [helmcust] HiveMQ Platform is starting, 0 of 2 replicas are ready
2025-01-30 18:44:40,234 INFO c.h.h.t.HelmChartContainer - [EVENT] Normal [Created] Created container: hivemq [helmcustomsecretconfigit:test-hivemq-platform-0]
2025-01-30 18:44:40,234 INFO c.h.h.t.HelmChartContainer - Received Created event for container hivemq in pod test-hivemq-platform-0 [e2279f09-2aff-43b9-82ca-a167b8d4ea5b]
2025-01-30 18:44:40,616 INFO c.h.h.t.HelmChartContainer - [POD] test-hivemq-platform-0 [e2279f09-2aff-43b9-82ca-a167b8d4ea5b] in helmcustomsecretconfigit was MODIFIED
2025-01-30 18:44:40,625 INFO c.h.h.t.HelmChartContainer - [hivemq-test-hivemq-platform] [hivemq-platform-operator] [3bb6ffe9] 18:44:40.624 [pool-6-thread-5] DEBUG c.h.p.o.d.PlatformServiceResource - [helmcust] Desired Platform services (3 services)
2025-01-30 18:44:40,627 INFO c.h.h.t.HelmChartContainer - Started log watcher for hivemq in pod test-hivemq-platform-0 [e2279f09-2aff-43b9-82ca-a167b8d4ea5b]
2025-01-30 18:44:40,627 INFO c.h.h.t.HelmChartContainer - [EVENT] Normal [Started] Started container hivemq [helmcustomsecretconfigit:test-hivemq-platform-0]
2025-01-30 18:44:40,627 INFO c.h.h.t.HelmChartContainer - Received Started event for container hivemq in pod test-hivemq-platform-0 [e2279f09-2aff-43b9-82ca-a167b8d4ea5b]
2025-01-30 18:44:40,627 INFO c.h.h.t.HelmChartContainer - [test-hivemq-platform] [hivemq] [e2279f09] Adding pre-installed HiveMQ Platform Operator extensions
2025-01-30 18:44:40,627 INFO c.h.h.t.HelmChartContainer - [test-hivemq-platform] [hivemq] [e2279f09] Running as user 10000
2025-01-30 18:44:40,627 INFO c.h.h.t.HelmChartContainer - [test-hivemq-platform] [hivemq] [e2279f09] Starting HiveMQ Platform Operator Init
2025-01-30 18:44:40,630 INFO c.h.h.t.HelmChartContainer - [hivemq-test-hivemq-platform] [hivemq-platform-operator] [3bb6ffe9] 18:44:40.627 [pool-6-thread-8] DEBUG c.h.p.o.dependants.PodInfoConfigMap - [helmcust] Desired PodInfo ConfigMap (1 extensions) (1 enabled)
2025-01-30 18:44:40,631 INFO c.h.h.t.HelmChartContainer - [hivemq-test-hivemq-platform] [hivemq-platform-operator] [3bb6ffe9] 18:44:40.628 [pool-6-thread-8] DEBUG c.h.p.o.dependants.PodInfoConfigMap - [helmcust] Desired PodInfo ConfigMap (metrics port: 9399) (metrics path: /)
2025-01-30 18:44:40,631 INFO c.h.h.t.HelmChartContainer - [hivemq-test-hivemq-platform] [hivemq-platform-operator] [3bb6ffe9] 18:44:40.628 [pool-6-thread-8] DEBUG c.h.p.o.dependants.PodInfoConfigMap - [helmcust] Desired PodInfo ConfigMap (extension state hash: -1817474005)
2025-01-30 18:44:40,632 INFO c.h.h.t.HelmChartContainer - [hivemq-test-hivemq-platform] [hivemq-platform-operator] [3bb6ffe9] 18:44:40.631 [pool-6-thread-5] DEBUG c.h.p.o.d.PodServiceAccountResource - [helmcust] Desired PodServiceAccountResource (serviceAccountName: hivemq-platform-pod-test-hivemq-platform)
2025-01-30 18:44:40,642 INFO c.h.h.t.HelmChartContainer - [hivemq-test-hivemq-platform] [hivemq-platform-operator] [3bb6ffe9] 18:44:40.638 [pool-6-thread-5] DEBUG c.h.p.o.d.StatefulSetResource - [helmcust] Desired StatefulSet (2 replicas) for status STARTING (READY)
2025-01-30 18:44:40,712 INFO c.h.h.t.HelmChartContainer - [hivemq-test-hivemq-platform] [hivemq-platform-operator] [3bb6ffe9] 18:44:40.709 [ReconcilerExecutor-hivemq-controller-108] INFO  c.h.p.o.HiveMQPlatformReconciler - [helmcust] Reconciling HiveMQ Platform 'test-hivemq-platform' in namespace 'helmcustomsecretconfigit'
2025-01-30 18:44:40,712 INFO c.h.h.t.HelmChartContainer - [hivemq-test-hivemq-platform] [hivemq-platform-operator] [3bb6ffe9] 18:44:40.709 [ReconcilerExecutor-hivemq-controller-108] DEBUG c.h.p.o.HiveMQPlatformReconciler - [helmcust] Custom Resource Status STARTING - HiveMQ Platform is starting (READY)
2025-01-30 18:44:40,712 INFO c.h.h.t.HelmChartContainer - [hivemq-test-hivemq-platform] [hivemq-platform-operator] [3bb6ffe9] 18:44:40.709 [ReconcilerExecutor-hivemq-controller-108] DEBUG c.h.p.o.HiveMQPlatformReconciler - [helmcust] Custom Resource Spec (replicas: 2) (extensions: 1)
2025-01-30 18:44:40,712 INFO c.h.h.t.HelmChartContainer - [hivemq-test-hivemq-platform] [hivemq-platform-operator] [3bb6ffe9] 18:44:40.711 [ReconcilerExecutor-hivemq-controller-108] DEBUG c.h.p.o.HiveMQPlatformReconciler - [helmcust] StatefulSet Status (revision: test-hivemq-platform-7f5cbb4b76, replicas: 1, available: 0, ready: 0, current: 1, updated: 1)
2025-01-30 18:44:40,713 INFO c.h.h.t.HelmChartContainer - [hivemq-test-hivemq-platform] [hivemq-platform-operator] [3bb6ffe9] 18:44:40.711 [ReconcilerExecutor-hivemq-controller-108] DEBUG c.h.p.o.HiveMQPlatformReconciler - [helmcust] StatefulSet Spec (replicas: 2, init containers: 1, containers: 1, volumes: 3)
2025-01-30 18:44:40,716 INFO c.h.h.t.HelmChartContainer - [hivemq-test-hivemq-platform] [hivemq-platform-operator] [3bb6ffe9] 18:44:40.715 [ReconcilerExecutor-hivemq-controller-108] DEBUG c.h.p.o.h.HiveMQPlatformReconcilerErrorHandler - [helmcust] Pod 'test-hivemq-platform-0' phase Running
2025-01-30 18:44:40,716 INFO c.h.h.t.HelmChartContainer - [hivemq-test-hivemq-platform] [hivemq-platform-operator] [3bb6ffe9] 18:44:40.715 [ReconcilerExecutor-hivemq-controller-108] INFO  c.h.p.o.h.HiveMQPlatformReconcilerBaseHandler - [helmcust] HiveMQ Platform is starting, 0 of 2 replicas are ready
2025-01-30 18:44:41,446 INFO c.h.h.t.HelmChartContainer - [test-hivemq-platform] [hivemq] [e2279f09] INFO  - [HiveMQ Platform Operator Init 1.7.0-SNAPSHOT] HiveMQ Platform Operator Init 1.7.0-SNAPSHOT (commit: 47e3375 on branch: HEAD) built on Thu Jan 30 03:55:50 UTC 2025
2025-01-30 18:44:42,565 INFO c.h.h.t.HelmChartContainer - [test-hivemq-platform] [hivemq] [e2279f09] INFO  - [HiveMQ Platform Operator Init App 1.7.0-SNAPSHOT] Using bind address 10.42.0.9 from environment variable
2025-01-30 18:44:43,446 INFO c.h.h.t.HelmChartContainer - [test-hivemq-platform] [hivemq] [e2279f09] INFO  - [HiveMQ Platform Operator Init App 1.7.0-SNAPSHOT] HiveMQ Platform Operator Init App 1.7.0-SNAPSHOT (commit: 47e3375 on branch: HEAD) built on Thu Jan 30 03:55:50 UTC 2025
2025-01-30 18:44:43,447 INFO c.h.h.t.HelmChartContainer - [test-hivemq-platform] [hivemq] [e2279f09] INFO  - [HiveMQ Platform Operator Init App 1.7.0-SNAPSHOT] PodInfo ConfigMap directory: /etc/podinfo
2025-01-30 18:44:43,447 INFO c.h.h.t.HelmChartContainer - [test-hivemq-platform] [hivemq] [e2279f09] INFO  - [HiveMQ Platform Operator Init App 1.7.0-SNAPSHOT] HiveMQ home directory: /opt/hivemq
2025-01-30 18:44:43,447 INFO c.h.h.t.HelmChartContainer - [test-hivemq-platform] [hivemq] [e2279f09] INFO  - [HiveMQ Platform Operator Init App 1.7.0-SNAPSHOT] HiveMQ Logback folder: /opt/hivemq/conf
2025-01-30 18:44:43,447 INFO c.h.h.t.HelmChartContainer - [test-hivemq-platform] [hivemq] [e2279f09] INFO  - [HiveMQ Platform Operator Init App 1.7.0-SNAPSHOT] HiveMQ Config folder: /opt/hivemq/conf-k8s
2025-01-30 18:44:43,447 INFO c.h.h.t.HelmChartContainer - [test-hivemq-platform] [hivemq] [e2279f09] INFO  - [HiveMQ Platform Operator Init App 1.7.0-SNAPSHOT] Starting HiveMQ Platform Operator Init App
2025-01-30 18:44:43,448 INFO c.h.h.t.HelmChartContainer - [test-hivemq-platform] [hivemq] [e2279f09] INFO  - [HiveMQ Platform Operator Init App 1.7.0-SNAPSHOT] Starting Pod reconciler
2025-01-30 18:44:44,634 INFO c.h.h.t.HelmChartContainer - [test-hivemq-platform] [hivemq] [e2279f09] INFO  - [HiveMQ Platform Operator Init App 1.7.0-SNAPSHOT] Pod reconciler is scheduled (interval: 5000 ms)
2025-01-30 18:44:44,635 INFO c.h.h.t.HelmChartContainer - [test-hivemq-platform] [hivemq] [e2279f09] INFO  - [HiveMQ Platform Operator Init App 1.7.0-SNAPSHOT] Starting the REST API on 10.42.0.9:7979
2025-01-30 18:44:44,637 INFO c.h.h.t.HelmChartContainer - [test-hivemq-platform] [hivemq] [e2279f09] INFO  - [HiveMQ Platform Operator Init App 1.7.0-SNAPSHOT] Waiting up to 600s for at most 2 HiveMQ nodes in cluster service hivemq-test-hivemq-platform-cluster.helmcustomsecretconfigit.svc
2025-01-30 18:44:44,947 INFO c.h.h.t.HelmChartContainer - [test-hivemq-platform] [hivemq] [e2279f09] INFO  - [HiveMQ Platform Operator Init App 1.7.0-SNAPSHOT] Resolved 1 IP addresses: [10.42.0.9]
2025-01-30 18:44:44,947 INFO c.h.h.t.HelmChartContainer - [test-hivemq-platform] [hivemq] [e2279f09] INFO  - [HiveMQ Platform Operator Init App 1.7.0-SNAPSHOT] HiveMQ node count of 1 is within threshold of 2
2025-01-30 18:44:44,947 INFO c.h.h.t.HelmChartContainer - [test-hivemq-platform] [hivemq] [e2279f09] INFO  - [HiveMQ Platform Operator Init App 1.7.0-SNAPSHOT] Proceeding with container start
2025-01-30 18:44:45,035 INFO c.h.h.t.HelmChartContainer - [test-hivemq-platform] [hivemq] [e2279f09] INFO  - [HiveMQ Platform Operator Init App 1.7.0-SNAPSHOT] Initializing HiveMQ Platform extensions with initial configuration: {hivemq-allow-all-extension={start-priority=-1, skip-https-hostname-verification=false, restart=true, config-version=0, header-version=0, c-uri=, priority=-1, uri=preinstalled, skip-https-certificate-validation=false, enabled=true}, hivemq-prometheus-extension={c-uri=, skip-https-hostname-verification=false, skip-https-certificate-validation=false, uri=preinstalled, request-header-path=no-request-headers, enabled=true, restart=true, priority=-1, start-priority=-1}}
2025-01-30 18:44:45,437 INFO c.h.h.t.HelmChartContainer - [test-hivemq-platform] [hivemq] [e2279f09] INFO  - [HiveMQ Platform Operator Init App 1.7.0-SNAPSHOT] Extension hivemq-allow-all-extension was already enabled
2025-01-30 18:44:45,449 INFO c.h.h.t.HelmChartContainer - [test-hivemq-platform] [hivemq] [e2279f09] INFO  - [HiveMQ Platform Operator Init App 1.7.0-SNAPSHOT] Successfully enabled extension hivemq-prometheus-extension
2025-01-30 18:44:45,450 INFO c.h.h.t.HelmChartContainer - [test-hivemq-platform] [hivemq] [e2279f09] INFO  - [HiveMQ Platform Operator Init App 1.7.0-SNAPSHOT] Starting HiveMQ Platform version 4.36.0 (4.36.0)
2025-01-30 18:44:45,450 INFO c.h.h.t.HelmChartContainer - [test-hivemq-platform] [hivemq] [e2279f09] INFO  - [HiveMQ Platform Operator Init App 1.7.0-SNAPSHOT] Configuring the HiveMQ Platform
2025-01-30 18:44:45,542 INFO c.h.h.t.HelmChartContainer - [test-hivemq-platform] [hivemq] [e2279f09] INFO  - [HiveMQ Platform Operator Init App 1.7.0-SNAPSHOT] Changed logback.xml file scan period to 20 seconds
2025-01-30 18:44:45,550 INFO c.h.h.t.HelmChartContainer - [test-hivemq-platform] [hivemq] [e2279f09] INFO  - [HiveMQ Platform Operator Init App 1.7.0-SNAPSHOT] Starting the HiveMQ Platform
2025-01-30 18:44:45,636 INFO c.h.h.t.HelmChartContainer - [test-hivemq-platform] [hivemq] [e2279f09] -------------------------------------------------------------------------
2025-01-30 18:44:45,637 INFO c.h.h.t.HelmChartContainer - [test-hivemq-platform] [hivemq] [e2279f09] 
2025-01-30 18:44:45,637 INFO c.h.h.t.HelmChartContainer - [test-hivemq-platform] [hivemq] [e2279f09]                   _    _  _              __  __   ____
2025-01-30 18:44:45,637 INFO c.h.h.t.HelmChartContainer - [test-hivemq-platform] [hivemq] [e2279f09]                  | |  | |(_)            |  \/  | / __ \
2025-01-30 18:44:45,637 INFO c.h.h.t.HelmChartContainer - [test-hivemq-platform] [hivemq] [e2279f09]                  | |__| | _ __   __ ___ | \  / || |  | |
2025-01-30 18:44:45,637 INFO c.h.h.t.HelmChartContainer - [test-hivemq-platform] [hivemq] [e2279f09]                  |  __  || |\ \ / // _ \| |\/| || |  | |
2025-01-30 18:44:45,637 INFO c.h.h.t.HelmChartContainer - [test-hivemq-platform] [hivemq] [e2279f09]                  | |  | || | \ V /|  __/| |  | || |__| |
2025-01-30 18:44:45,637 INFO c.h.h.t.HelmChartContainer - [test-hivemq-platform] [hivemq] [e2279f09]                  |_|  |_||_|  \_/  \___||_|  |_| \___\_\
2025-01-30 18:44:45,637 INFO c.h.h.t.HelmChartContainer - [test-hivemq-platform] [hivemq] [e2279f09] 
2025-01-30 18:44:45,637 INFO c.h.h.t.HelmChartContainer - [test-hivemq-platform] [hivemq] [e2279f09] -------------------------------------------------------------------------
2025-01-30 18:44:45,637 INFO c.h.h.t.HelmChartContainer - [test-hivemq-platform] [hivemq] [e2279f09] 
2025-01-30 18:44:45,637 INFO c.h.h.t.HelmChartContainer - [test-hivemq-platform] [hivemq] [e2279f09]   HiveMQ Start Script for Linux/Unix v1.14
2025-01-30 18:44:45,637 INFO c.h.h.t.HelmChartContainer - [test-hivemq-platform] [hivemq] [e2279f09] 
2025-01-30 18:44:45,663 INFO c.h.h.t.HelmChartContainer - [test-hivemq-platform] [hivemq] [e2279f09] -------------------------------------------------------------------------
2025-01-30 18:44:45,663 INFO c.h.h.t.HelmChartContainer - [test-hivemq-platform] [hivemq] [e2279f09] 
2025-01-30 18:44:45,663 INFO c.h.h.t.HelmChartContainer - [test-hivemq-platform] [hivemq] [e2279f09]   HIVEMQ_HOME: /opt/hivemq
2025-01-30 18:44:45,663 INFO c.h.h.t.HelmChartContainer - [test-hivemq-platform] [hivemq] [e2279f09] 
2025-01-30 18:44:45,663 INFO c.h.h.t.HelmChartContainer - [test-hivemq-platform] [hivemq] [e2279f09]   JAVA_OPTS: -XX:+UnlockExperimentalVMOptions -XX:InitialRAMPercentage=50 -XX:MaxRAMPercentage=50 -Djava.net.preferIPv4Stack=true --add-opens java.base/java.lang=ALL-UNNAMED --add-opens java.base/java.nio=ALL-UNNAMED --add-opens java.base/sun.nio.ch=ALL-UNNAMED --add-opens jdk.management/com.sun.management.internal=ALL-UNNAMED --add-exports java.base/jdk.internal.misc=ALL-UNNAMED -Djava.security.egd=file:/dev/./urandom -Dcom.sun.management.jmxremote -Dcom.sun.management.jmxremote.port=9010 -Dcom.sun.management.jmxremote.local.only=false -Dcom.sun.management.jmxremote.authenticate=false -Dcom.sun.management.jmxremote.ssl=false -Duser.language=en -Duser.region=US -XX:+CrashOnOutOfMemoryError -XX:+HeapDumpOnOutOfMemoryError
2025-01-30 18:44:45,663 INFO c.h.h.t.HelmChartContainer - [test-hivemq-platform] [hivemq] [e2279f09] 
2025-01-30 18:44:45,663 INFO c.h.h.t.HelmChartContainer - [test-hivemq-platform] [hivemq] [e2279f09]   JAVA_VERSION: 21
2025-01-30 18:44:45,663 INFO c.h.h.t.HelmChartContainer - [test-hivemq-platform] [hivemq] [e2279f09] 
2025-01-30 18:44:45,663 INFO c.h.h.t.HelmChartContainer - [test-hivemq-platform] [hivemq] [e2279f09] -------------------------------------------------------------------------
2025-01-30 18:44:45,663 INFO c.h.h.t.HelmChartContainer - [test-hivemq-platform] [hivemq] [e2279f09] 
2025-01-30 18:44:46,643 INFO c.h.h.t.HelmChartContainer - [test-hivemq-platform] [hivemq] [e2279f09] INFO  - [HiveMQ Platform Operator Init App 1.7.0-SNAPSHOT] Returning default Health API response 503 for readiness
2025-01-30 18:44:47,043 INFO c.h.h.t.HelmChartContainer - [EVENT] Warning [Unhealthy] Readiness probe failed: HTTP probe failed with statuscode: 503 [helmcustomsecretconfigit:test-hivemq-platform-0]
2025-01-30 18:44:47,044 INFO c.h.h.t.HelmChartContainer - Received Unhealthy event for container hivemq in pod test-hivemq-platform-0 [e2279f09-2aff-43b9-82ca-a167b8d4ea5b]
2025-01-30 18:44:48,349 INFO c.h.h.t.HelmChartContainer - [test-hivemq-platform] [hivemq] [e2279f09] INFO  - Starting HiveMQ Enterprise Server
2025-01-30 18:44:48,435 INFO c.h.h.t.HelmChartContainer - [test-hivemq-platform] [hivemq] [e2279f09] INFO  - HiveMQ version: 4.36.0
2025-01-30 18:44:48,435 INFO c.h.h.t.HelmChartContainer - [test-hivemq-platform] [hivemq] [e2279f09] INFO  - HiveMQ home directory: /opt/hivemq
2025-01-30 18:44:48,436 INFO c.h.h.t.HelmChartContainer - [test-hivemq-platform] [hivemq] [e2279f09] INFO  - Log Configuration was overridden by /opt/hivemq/conf/logback.xml
2025-01-30 18:44:49,638 INFO c.h.h.t.HelmChartContainer - [test-hivemq-platform] [hivemq] [e2279f09] INFO  - Successfully loaded configuration from '/opt/hivemq/conf-k8s/config.xml'.
2025-01-30 18:44:50,440 INFO c.h.h.t.HelmChartContainer - [test-hivemq-platform] [hivemq] [e2279f09] INFO  - This node's ID is fPpmH
2025-01-30 18:44:50,442 INFO c.h.h.t.HelmChartContainer - [test-hivemq-platform] [hivemq] [e2279f09] INFO  - Clustering is enabled
2025-01-30 18:44:50,722 INFO c.h.h.t.HelmChartContainer - [hivemq-test-hivemq-platform] [hivemq-platform-operator] [3bb6ffe9] 18:44:50.720 [pool-6-thread-16] DEBUG c.h.p.o.d.PlatformServiceResource - [helmcust] Desired Platform services (3 services)
2025-01-30 18:44:50,725 INFO c.h.h.t.HelmChartContainer - [hivemq-test-hivemq-platform] [hivemq-platform-operator] [3bb6ffe9] 18:44:50.723 [pool-6-thread-14] DEBUG c.h.p.o.dependants.PodInfoConfigMap - [helmcust] Desired PodInfo ConfigMap (1 extensions) (1 enabled)
2025-01-30 18:44:50,725 INFO c.h.h.t.HelmChartContainer - [hivemq-test-hivemq-platform] [hivemq-platform-operator] [3bb6ffe9] 18:44:50.723 [pool-6-thread-14] DEBUG c.h.p.o.dependants.PodInfoConfigMap - [helmcust] Desired PodInfo ConfigMap (metrics port: 9399) (metrics path: /)
2025-01-30 18:44:50,725 INFO c.h.h.t.HelmChartContainer - [hivemq-test-hivemq-platform] [hivemq-platform-operator] [3bb6ffe9] 18:44:50.723 [pool-6-thread-14] DEBUG c.h.p.o.dependants.PodInfoConfigMap - [helmcust] Desired PodInfo ConfigMap (extension state hash: -1817474005)
2025-01-30 18:44:50,725 INFO c.h.h.t.HelmChartContainer - [hivemq-test-hivemq-platform] [hivemq-platform-operator] [3bb6ffe9] 18:44:50.724 [pool-6-thread-17] DEBUG c.h.p.o.d.PodServiceAccountResource - [helmcust] Desired PodServiceAccountResource (serviceAccountName: hivemq-platform-pod-test-hivemq-platform)
2025-01-30 18:44:50,730 INFO c.h.h.t.HelmChartContainer - [hivemq-test-hivemq-platform] [hivemq-platform-operator] [3bb6ffe9] 18:44:50.729 [pool-6-thread-19] DEBUG c.h.p.o.d.StatefulSetResource - [helmcust] Desired StatefulSet (2 replicas) for status STARTING (READY)
2025-01-30 18:44:50,737 INFO c.h.h.t.HelmChartContainer - [hivemq-test-hivemq-platform] [hivemq-platform-operator] [3bb6ffe9] 18:44:50.736 [ReconcilerExecutor-hivemq-controller-109] INFO  c.h.p.o.HiveMQPlatformReconciler - [helmcust] Reconciling HiveMQ Platform 'test-hivemq-platform' in namespace 'helmcustomsecretconfigit'
2025-01-30 18:44:50,738 INFO c.h.h.t.HelmChartContainer - [hivemq-test-hivemq-platform] [hivemq-platform-operator] [3bb6ffe9] 18:44:50.736 [ReconcilerExecutor-hivemq-controller-109] DEBUG c.h.p.o.HiveMQPlatformReconciler - [helmcust] Custom Resource Status STARTING - HiveMQ Platform is starting (READY)
2025-01-30 18:44:50,746 INFO c.h.h.t.HelmChartContainer - [hivemq-test-hivemq-platform] [hivemq-platform-operator] [3bb6ffe9] 18:44:50.736 [ReconcilerExecutor-hivemq-controller-109] DEBUG c.h.p.o.HiveMQPlatformReconciler - [helmcust] Custom Resource Spec (replicas: 2) (extensions: 1)
2025-01-30 18:44:50,810 INFO c.h.h.t.HelmChartContainer - [hivemq-test-hivemq-platform] [hivemq-platform-operator] [3bb6ffe9] 18:44:50.808 [ReconcilerExecutor-hivemq-controller-109] DEBUG c.h.p.o.HiveMQPlatformReconciler - [helmcust] StatefulSet Status (revision: test-hivemq-platform-7f5cbb4b76, replicas: 1, available: 0, ready: 0, current: 1, updated: 1)
2025-01-30 18:44:50,810 INFO c.h.h.t.HelmChartContainer - [hivemq-test-hivemq-platform] [hivemq-platform-operator] [3bb6ffe9] 18:44:50.808 [ReconcilerExecutor-hivemq-controller-109] DEBUG c.h.p.o.HiveMQPlatformReconciler - [helmcust] StatefulSet Spec (replicas: 2, init containers: 1, containers: 1, volumes: 3)
2025-01-30 18:44:50,812 INFO c.h.h.t.HelmChartContainer - [hivemq-test-hivemq-platform] [hivemq-platform-operator] [3bb6ffe9] 18:44:50.811 [ReconcilerExecutor-hivemq-controller-109] DEBUG c.h.p.o.h.HiveMQPlatformReconcilerErrorHandler - [helmcust] Pod 'test-hivemq-platform-0' phase Running
2025-01-30 18:44:50,812 INFO c.h.h.t.HelmChartContainer - [hivemq-test-hivemq-platform] [hivemq-platform-operator] [3bb6ffe9] 18:44:50.811 [ReconcilerExecutor-hivemq-controller-109] INFO  c.h.p.o.h.HiveMQPlatformReconcilerBaseHandler - [helmcust] HiveMQ Platform is starting, 0 of 2 replicas are ready
2025-01-30 18:44:52,239 INFO c.h.h.t.HelmChartContainer - [test-hivemq-platform] [hivemq] [e2279f09] WARN  - [HiveMQ Platform Operator Init App 1.7.0-SNAPSHOT] Cannot connect to Health API for readiness: null
2025-01-30 18:44:52,243 INFO c.h.h.t.HelmChartContainer - [EVENT] Warning [Unhealthy] Readiness probe failed: HTTP probe failed with statuscode: 503 [helmcustomsecretconfigit:test-hivemq-platform-0]
2025-01-30 18:44:52,243 INFO c.h.h.t.HelmChartContainer - Received Unhealthy event for container hivemq in pod test-hivemq-platform-0 [e2279f09-2aff-43b9-82ca-a167b8d4ea5b]
2025-01-30 18:44:54,845 INFO c.h.h.t.HelmChartContainer - [test-hivemq-platform] [hivemq] [e2279f09] Jan 30, 2025 6:44:54 PM io.vertx.core.impl.BlockedThreadChecker
2025-01-30 18:44:54,845 INFO c.h.h.t.HelmChartContainer - [test-hivemq-platform] [hivemq] [e2279f09] WARNING: Thread Thread[vert.x-eventloop-thread-1,5,main] has been blocked for 2300 ms, time limit is 2000 ms
2025-01-30 18:44:55,618 INFO c.h.h.t.HelmChartContainer - [test-hivemq-platform] [hivemq] [e2279f09] INFO  - [HiveMQ Platform Operator Init App 1.7.0-SNAPSHOT] Updating Pod HiveMQ Platform Operator Init App version annotation (version: 1.7.0-SNAPSHOT)
2025-01-30 18:44:56,254 INFO c.h.h.t.HelmChartContainer - [POD] test-hivemq-platform-0 [e2279f09-2aff-43b9-82ca-a167b8d4ea5b] in helmcustomsecretconfigit was MODIFIED
2025-01-30 18:44:56,259 INFO c.h.h.t.HelmChartContainer - [hivemq-test-hivemq-platform] [hivemq-platform-operator] [3bb6ffe9] 18:44:56.258 [pool-6-thread-25] DEBUG c.h.p.o.d.PlatformServiceResource - [helmcust] Desired Platform services (3 services)
2025-01-30 18:44:56,261 INFO c.h.h.t.HelmChartContainer - [hivemq-test-hivemq-platform] [hivemq-platform-operator] [3bb6ffe9] 18:44:56.259 [pool-6-thread-26] DEBUG c.h.p.o.dependants.PodInfoConfigMap - [helmcust] Desired PodInfo ConfigMap (1 extensions) (1 enabled)
2025-01-30 18:44:56,263 INFO c.h.h.t.HelmChartContainer - [hivemq-test-hivemq-platform] [hivemq-platform-operator] [3bb6ffe9] 18:44:56.259 [pool-6-thread-26] DEBUG c.h.p.o.dependants.PodInfoConfigMap - [helmcust] Desired PodInfo ConfigMap (metrics port: 9399) (metrics path: /)
2025-01-30 18:44:56,263 INFO c.h.h.t.HelmChartContainer - [hivemq-test-hivemq-platform] [hivemq-platform-operator] [3bb6ffe9] 18:44:56.260 [pool-6-thread-26] DEBUG c.h.p.o.dependants.PodInfoConfigMap - [helmcust] Desired PodInfo ConfigMap (extension state hash: -1817474005)
2025-01-30 18:44:56,264 INFO c.h.h.t.HelmChartContainer - [hivemq-test-hivemq-platform] [hivemq-platform-operator] [3bb6ffe9] 18:44:56.262 [pool-6-thread-23] DEBUG c.h.p.o.d.PodServiceAccountResource - [helmcust] Desired PodServiceAccountResource (serviceAccountName: hivemq-platform-pod-test-hivemq-platform)
2025-01-30 18:44:56,269 INFO c.h.h.t.HelmChartContainer - [hivemq-test-hivemq-platform] [hivemq-platform-operator] [3bb6ffe9] 18:44:56.268 [pool-6-thread-25] DEBUG c.h.p.o.d.StatefulSetResource - [helmcust] Desired StatefulSet (2 replicas) for status STARTING (READY)
2025-01-30 18:44:56,341 INFO c.h.h.t.HelmChartContainer - [test-hivemq-platform] [hivemq] [e2279f09] WARN  - [HiveMQ Platform Operator Init App 1.7.0-SNAPSHOT] Cannot connect to Health API for readiness: null
2025-01-30 18:44:56,343 INFO c.h.h.t.HelmChartContainer - [hivemq-test-hivemq-platform] [hivemq-platform-operator] [3bb6ffe9] 18:44:56.335 [ReconcilerExecutor-hivemq-controller-110] INFO  c.h.p.o.HiveMQPlatformReconciler - [helmcust] Reconciling HiveMQ Platform 'test-hivemq-platform' in namespace 'helmcustomsecretconfigit'
2025-01-30 18:44:56,343 INFO c.h.h.t.HelmChartContainer - [hivemq-test-hivemq-platform] [hivemq-platform-operator] [3bb6ffe9] 18:44:56.335 [ReconcilerExecutor-hivemq-controller-110] DEBUG c.h.p.o.HiveMQPlatformReconciler - [helmcust] Custom Resource Status STARTING - HiveMQ Platform is starting (READY)
2025-01-30 18:44:56,343 INFO c.h.h.t.HelmChartContainer - [hivemq-test-hivemq-platform] [hivemq-platform-operator] [3bb6ffe9] 18:44:56.335 [ReconcilerExecutor-hivemq-controller-110] DEBUG c.h.p.o.HiveMQPlatformReconciler - [helmcust] Custom Resource Spec (replicas: 2) (extensions: 1)
2025-01-30 18:44:56,343 INFO c.h.h.t.HelmChartContainer - [hivemq-test-hivemq-platform] [hivemq-platform-operator] [3bb6ffe9] 18:44:56.337 [ReconcilerExecutor-hivemq-controller-110] DEBUG c.h.p.o.HiveMQPlatformReconciler - [helmcust] StatefulSet Status (revision: test-hivemq-platform-7f5cbb4b76, replicas: 1, available: 0, ready: 0, current: 1, updated: 1)
2025-01-30 18:44:56,343 INFO c.h.h.t.HelmChartContainer - [hivemq-test-hivemq-platform] [hivemq-platform-operator] [3bb6ffe9] 18:44:56.337 [ReconcilerExecutor-hivemq-controller-110] DEBUG c.h.p.o.HiveMQPlatformReconciler - [helmcust] StatefulSet Spec (replicas: 2, init containers: 1, containers: 1, volumes: 3)
2025-01-30 18:44:56,348 INFO c.h.h.t.HelmChartContainer - [test-hivemq-platform] [hivemq] [e2279f09] INFO  - [HiveMQ Platform Operator Init App 1.7.0-SNAPSHOT] Successfully updated Pod HiveMQ Platform Operator Init App version annotation (version: 1.7.0-SNAPSHOT)
2025-01-30 18:44:56,349 INFO c.h.h.t.HelmChartContainer - [hivemq-test-hivemq-platform] [hivemq-platform-operator] [3bb6ffe9] 18:44:56.344 [ReconcilerExecutor-hivemq-controller-110] DEBUG c.h.p.o.h.HiveMQPlatformReconcilerErrorHandler - [helmcust] Pod 'test-hivemq-platform-0' phase Running
2025-01-30 18:44:56,350 INFO c.h.h.t.HelmChartContainer - [hivemq-test-hivemq-platform] [hivemq-platform-operator] [3bb6ffe9] 18:44:56.345 [ReconcilerExecutor-hivemq-controller-110] INFO  c.h.p.o.h.HiveMQPlatformReconcilerBaseHandler - [helmcust] HiveMQ Platform is starting, 0 of 2 replicas are ready
2025-01-30 18:44:56,355 INFO c.h.h.t.HelmChartContainer - [EVENT] Warning [Unhealthy] Readiness probe failed: HTTP probe failed with statuscode: 503 [helmcustomsecretconfigit:test-hivemq-platform-0]
2025-01-30 18:44:56,355 INFO c.h.h.t.HelmChartContainer - Received Unhealthy event for container hivemq in pod test-hivemq-platform-0 [e2279f09-2aff-43b9-82ca-a167b8d4ea5b]
2025-01-30 18:45:01,336 INFO c.h.h.t.HelmChartContainer - [test-hivemq-platform] [hivemq] [e2279f09] WARN  - [HiveMQ Platform Operator Init App 1.7.0-SNAPSHOT] Cannot connect to Health API for readiness: null
2025-01-30 18:45:01,342 INFO c.h.h.t.HelmChartContainer - [EVENT] Warning [Unhealthy] Readiness probe failed: HTTP probe failed with statuscode: 503 [helmcustomsecretconfigit:test-hivemq-platform-0]
2025-01-30 18:45:01,342 INFO c.h.h.t.HelmChartContainer - Received Unhealthy event for container hivemq in pod test-hivemq-platform-0 [e2279f09-2aff-43b9-82ca-a167b8d4ea5b]
2025-01-30 18:45:06,337 INFO c.h.h.t.HelmChartContainer - [test-hivemq-platform] [hivemq] [e2279f09] WARN  - [HiveMQ Platform Operator Init App 1.7.0-SNAPSHOT] Cannot connect to Health API for readiness: null
2025-01-30 18:45:06,346 INFO c.h.h.t.HelmChartContainer - [EVENT] Warning [Unhealthy] Readiness probe failed: HTTP probe failed with statuscode: 503 [helmcustomsecretconfigit:test-hivemq-platform-0]
2025-01-30 18:45:06,346 INFO c.h.h.t.HelmChartContainer - Received Unhealthy event for container hivemq in pod test-hivemq-platform-0 [e2279f09-2aff-43b9-82ca-a167b8d4ea5b]
2025-01-30 18:45:06,354 INFO c.h.h.t.HelmChartContainer - [hivemq-test-hivemq-platform] [hivemq-platform-operator] [3bb6ffe9] 18:45:06.352 [pool-6-thread-37] DEBUG c.h.p.o.d.PlatformServiceResource - [helmcust] Desired Platform services (3 services)
2025-01-30 18:45:06,354 INFO c.h.h.t.HelmChartContainer - [hivemq-test-hivemq-platform] [hivemq-platform-operator] [3bb6ffe9] 18:45:06.353 [pool-6-thread-31] DEBUG c.h.p.o.dependants.PodInfoConfigMap - [helmcust] Desired PodInfo ConfigMap (1 extensions) (1 enabled)
2025-01-30 18:45:06,354 INFO c.h.h.t.HelmChartContainer - [hivemq-test-hivemq-platform] [hivemq-platform-operator] [3bb6ffe9] 18:45:06.353 [pool-6-thread-31] DEBUG c.h.p.o.dependants.PodInfoConfigMap - [helmcust] Desired PodInfo ConfigMap (metrics port: 9399) (metrics path: /)
2025-01-30 18:45:06,354 INFO c.h.h.t.HelmChartContainer - [hivemq-test-hivemq-platform] [hivemq-platform-operator] [3bb6ffe9] 18:45:06.353 [pool-6-thread-31] DEBUG c.h.p.o.dependants.PodInfoConfigMap - [helmcust] Desired PodInfo ConfigMap (extension state hash: -1817474005)
2025-01-30 18:45:06,357 INFO c.h.h.t.HelmChartContainer - [hivemq-test-hivemq-platform] [hivemq-platform-operator] [3bb6ffe9] 18:45:06.355 [pool-6-thread-36] DEBUG c.h.p.o.d.PodServiceAccountResource - [helmcust] Desired PodServiceAccountResource (serviceAccountName: hivemq-platform-pod-test-hivemq-platform)
2025-01-30 18:45:06,359 INFO c.h.h.t.HelmChartContainer - [hivemq-test-hivemq-platform] [hivemq-platform-operator] [3bb6ffe9] 18:45:06.358 [pool-6-thread-31] DEBUG c.h.p.o.d.StatefulSetResource - [helmcust] Desired StatefulSet (2 replicas) for status STARTING (READY)
2025-01-30 18:45:06,361 INFO c.h.h.t.HelmChartContainer - [hivemq-test-hivemq-platform] [hivemq-platform-operator] [3bb6ffe9] 18:45:06.360 [ReconcilerExecutor-hivemq-controller-111] INFO  c.h.p.o.HiveMQPlatformReconciler - [helmcust] Reconciling HiveMQ Platform 'test-hivemq-platform' in namespace 'helmcustomsecretconfigit'
2025-01-30 18:45:06,362 INFO c.h.h.t.HelmChartContainer - [hivemq-test-hivemq-platform] [hivemq-platform-operator] [3bb6ffe9] 18:45:06.361 [ReconcilerExecutor-hivemq-controller-111] DEBUG c.h.p.o.HiveMQPlatformReconciler - [helmcust] Custom Resource Status STARTING - HiveMQ Platform is starting (READY)
2025-01-30 18:45:06,362 INFO c.h.h.t.HelmChartContainer - [hivemq-test-hivemq-platform] [hivemq-platform-operator] [3bb6ffe9] 18:45:06.361 [ReconcilerExecutor-hivemq-controller-111] DEBUG c.h.p.o.HiveMQPlatformReconciler - [helmcust] Custom Resource Spec (replicas: 2) (extensions: 1)
2025-01-30 18:45:06,362 INFO c.h.h.t.HelmChartContainer - [hivemq-test-hivemq-platform] [hivemq-platform-operator] [3bb6ffe9] 18:45:06.362 [ReconcilerExecutor-hivemq-controller-111] DEBUG c.h.p.o.HiveMQPlatformReconciler - [helmcust] StatefulSet Status (revision: test-hivemq-platform-7f5cbb4b76, replicas: 1, available: 0, ready: 0, current: 1, updated: 1)
2025-01-30 18:45:06,363 INFO c.h.h.t.HelmChartContainer - [hivemq-test-hivemq-platform] [hivemq-platform-operator] [3bb6ffe9] 18:45:06.362 [ReconcilerExecutor-hivemq-controller-111] DEBUG c.h.p.o.HiveMQPlatformReconciler - [helmcust] StatefulSet Spec (replicas: 2, init containers: 1, containers: 1, volumes: 3)
2025-01-30 18:45:06,364 INFO c.h.h.t.HelmChartContainer - [hivemq-test-hivemq-platform] [hivemq-platform-operator] [3bb6ffe9] 18:45:06.364 [ReconcilerExecutor-hivemq-controller-111] DEBUG c.h.p.o.h.HiveMQPlatformReconcilerErrorHandler - [helmcust] Pod 'test-hivemq-platform-0' phase Running
2025-01-30 18:45:06,365 INFO c.h.h.t.HelmChartContainer - [hivemq-test-hivemq-platform] [hivemq-platform-operator] [3bb6ffe9] 18:45:06.364 [ReconcilerExecutor-hivemq-controller-111] INFO  c.h.p.o.h.HiveMQPlatformReconcilerBaseHandler - [helmcust] HiveMQ Platform is starting, 0 of 2 replicas are ready
2025-01-30 18:45:07,236 INFO c.h.h.t.HelmChartContainer - [test-hivemq-platform] [hivemq] [e2279f09] WARN  - [HiveMQ Platform Operator Init App 1.7.0-SNAPSHOT] Cannot connect to Health API for liveness: null
2025-01-30 18:45:07,237 INFO c.h.h.t.HelmChartContainer - [test-hivemq-platform] [hivemq] [e2279f09] INFO  - [HiveMQ Platform Operator Init App 1.7.0-SNAPSHOT] Returning default Health API response 200 for liveness
2025-01-30 18:45:07,547 INFO c.h.h.t.HelmChartContainer - [test-hivemq-platform] [hivemq] [e2279f09] INFO  - No valid license file found. Using trial license, restricted to 25 connections.
2025-01-30 18:45:11,338 INFO c.h.h.t.HelmChartContainer - [test-hivemq-platform] [hivemq] [e2279f09] WARN  - [HiveMQ Platform Operator Init App 1.7.0-SNAPSHOT] Cannot connect to Health API for readiness: null
2025-01-30 18:45:11,341 INFO c.h.h.t.HelmChartContainer - [EVENT] Warning [Unhealthy] Readiness probe failed: HTTP probe failed with statuscode: 503 [helmcustomsecretconfigit:test-hivemq-platform-0]
2025-01-30 18:45:11,341 INFO c.h.h.t.HelmChartContainer - Received Unhealthy event for container hivemq in pod test-hivemq-platform-0 [e2279f09-2aff-43b9-82ca-a167b8d4ea5b]
2025-01-30 18:45:11,653 INFO c.h.h.t.HelmChartContainer - [test-hivemq-platform] [hivemq] [e2279f09] INFO  - No valid license file for Data Hub found. Using free license, restricted to 1 policy.
2025-01-30 18:45:12,748 INFO c.h.h.t.HelmChartContainer - [test-hivemq-platform] [hivemq] [e2279f09] INFO  - Audit Logger started.
2025-01-30 18:45:13,036 INFO c.h.h.t.HelmChartContainer - [test-hivemq-platform] [hivemq] [e2279f09] INFO  - This node uses '1' CPU cores.
2025-01-30 18:45:13,040 INFO c.h.h.t.HelmChartContainer - [test-hivemq-platform] [hivemq] [e2279f09] INFO  - Starting HiveMQ Health API on address 0.0.0.0 and port 8889
2025-01-30 18:45:13,834 INFO c.h.h.t.HelmChartContainer - [test-hivemq-platform] [hivemq] [e2279f09] INFO  - Started HiveMQ Health API in 794ms
2025-01-30 18:45:14,340 INFO c.h.h.t.HelmChartContainer - [test-hivemq-platform] [hivemq] [e2279f09] INFO  - Starting HiveMQ extension system.
2025-01-30 18:45:14,543 INFO c.h.h.t.HelmChartContainer - [test-hivemq-platform] [hivemq] [e2279f09] INFO  - Starting extension with id "hivemq-dns-cluster-discovery" at /opt/hivemq/extensions/hivemq-dns-cluster-discovery
2025-01-30 18:45:15,018 INFO c.h.h.t.HelmChartContainer - [test-hivemq-platform] [hivemq] [e2279f09] INFO  - Extension "DNS Cluster Discovery Extension" version 4.3.2 started successfully.
2025-01-30 18:45:15,018 INFO c.h.h.t.HelmChartContainer - [test-hivemq-platform] [hivemq] [e2279f09] INFO  - Starting extension with id "hivemq-prometheus-extension" at /opt/hivemq/extensions/hivemq-prometheus-extension
2025-01-30 18:45:15,138 INFO c.h.h.t.HelmChartContainer - [test-hivemq-platform] [hivemq] [e2279f09] INFO  - Using TCP cluster transport on address 10.42.0.9 and port 7000
2025-01-30 18:45:15,143 INFO c.h.h.t.HelmChartContainer - [test-hivemq-platform] [hivemq] [e2279f09] INFO  - Using extension cluster discovery
2025-01-30 18:45:16,034 INFO c.h.h.t.HelmChartContainer - [test-hivemq-platform] [hivemq] [e2279f09] INFO  - Started Jetty Server exposing Prometheus Servlet on URI http://0.0.0.0:9399/
2025-01-30 18:45:16,034 INFO c.h.h.t.HelmChartContainer - [test-hivemq-platform] [hivemq] [e2279f09] INFO  - Extension "Prometheus Monitoring Extension" version 4.0.12 started successfully.
2025-01-30 18:45:16,034 INFO c.h.h.t.HelmChartContainer - [test-hivemq-platform] [hivemq] [e2279f09] INFO  - Starting extension with id "hivemq-allow-all-extension" at /opt/hivemq/extensions/hivemq-allow-all-extension
2025-01-30 18:45:16,035 INFO c.h.h.t.HelmChartContainer - [test-hivemq-platform] [hivemq] [e2279f09] WARN  - 
2025-01-30 18:45:16,035 INFO c.h.h.t.HelmChartContainer - [test-hivemq-platform] [hivemq] [e2279f09] ################################################################################################################
2025-01-30 18:45:16,035 INFO c.h.h.t.HelmChartContainer - [test-hivemq-platform] [hivemq] [e2279f09] # This HiveMQ deployment is not secure! You are lacking Authentication and Authorization.                      #
2025-01-30 18:45:16,036 INFO c.h.h.t.HelmChartContainer - [test-hivemq-platform] [hivemq] [e2279f09] # Right now any MQTT client can connect to the broker with a full set of permissions.                          #
2025-01-30 18:45:16,036 INFO c.h.h.t.HelmChartContainer - [test-hivemq-platform] [hivemq] [e2279f09] # For production usage, add an appropriate security extension and remove the hivemq-allow-all extension.       #
2025-01-30 18:45:16,036 INFO c.h.h.t.HelmChartContainer - [test-hivemq-platform] [hivemq] [e2279f09] # You can download security extensions from the HiveMQ Marketplace (https://www.hivemq.com/extensions/).       #
2025-01-30 18:45:16,036 INFO c.h.h.t.HelmChartContainer - [test-hivemq-platform] [hivemq] [e2279f09] ################################################################################################################
2025-01-30 18:45:16,037 INFO c.h.h.t.HelmChartContainer - [test-hivemq-platform] [hivemq] [e2279f09] INFO  - Extension "Allow All Extension" version 1.1.1 started successfully.
2025-01-30 18:45:16,372 INFO c.h.h.t.HelmChartContainer - [hivemq-test-hivemq-platform] [hivemq-platform-operator] [3bb6ffe9] 18:45:16.368 [pool-6-thread-44] DEBUG c.h.p.o.d.PlatformServiceResource - [helmcust] Desired Platform services (3 services)
2025-01-30 18:45:16,372 INFO c.h.h.t.HelmChartContainer - [hivemq-test-hivemq-platform] [hivemq-platform-operator] [3bb6ffe9] 18:45:16.368 [pool-6-thread-41] DEBUG c.h.p.o.dependants.PodInfoConfigMap - [helmcust] Desired PodInfo ConfigMap (1 extensions) (1 enabled)
2025-01-30 18:45:16,372 INFO c.h.h.t.HelmChartContainer - [hivemq-test-hivemq-platform] [hivemq-platform-operator] [3bb6ffe9] 18:45:16.369 [pool-6-thread-41] DEBUG c.h.p.o.dependants.PodInfoConfigMap - [helmcust] Desired PodInfo ConfigMap (metrics port: 9399) (metrics path: /)
2025-01-30 18:45:16,372 INFO c.h.h.t.HelmChartContainer - [hivemq-test-hivemq-platform] [hivemq-platform-operator] [3bb6ffe9] 18:45:16.369 [pool-6-thread-41] DEBUG c.h.p.o.dependants.PodInfoConfigMap - [helmcust] Desired PodInfo ConfigMap (extension state hash: -1817474005)
2025-01-30 18:45:16,372 INFO c.h.h.t.HelmChartContainer - [hivemq-test-hivemq-platform] [hivemq-platform-operator] [3bb6ffe9] 18:45:16.369 [pool-6-thread-48] DEBUG c.h.p.o.d.PodServiceAccountResource - [helmcust] Desired PodServiceAccountResource (serviceAccountName: hivemq-platform-pod-test-hivemq-platform)
2025-01-30 18:45:16,378 INFO c.h.h.t.HelmChartContainer - [hivemq-test-hivemq-platform] [hivemq-platform-operator] [3bb6ffe9] 18:45:16.377 [pool-6-thread-44] DEBUG c.h.p.o.d.StatefulSetResource - [helmcust] Desired StatefulSet (2 replicas) for status STARTING (READY)
2025-01-30 18:45:16,384 INFO c.h.h.t.HelmChartContainer - [hivemq-test-hivemq-platform] [hivemq-platform-operator] [3bb6ffe9] 18:45:16.384 [ReconcilerExecutor-hivemq-controller-112] INFO  c.h.p.o.HiveMQPlatformReconciler - [helmcust] Reconciling HiveMQ Platform 'test-hivemq-platform' in namespace 'helmcustomsecretconfigit'
2025-01-30 18:45:16,385 INFO c.h.h.t.HelmChartContainer - [hivemq-test-hivemq-platform] [hivemq-platform-operator] [3bb6ffe9] 18:45:16.384 [ReconcilerExecutor-hivemq-controller-112] DEBUG c.h.p.o.HiveMQPlatformReconciler - [helmcust] Custom Resource Status STARTING - HiveMQ Platform is starting (READY)
2025-01-30 18:45:16,386 INFO c.h.h.t.HelmChartContainer - [hivemq-test-hivemq-platform] [hivemq-platform-operator] [3bb6ffe9] 18:45:16.384 [ReconcilerExecutor-hivemq-controller-112] DEBUG c.h.p.o.HiveMQPlatformReconciler - [helmcust] Custom Resource Spec (replicas: 2) (extensions: 1)
2025-01-30 18:45:16,439 INFO c.h.h.t.HelmChartContainer - [hivemq-test-hivemq-platform] [hivemq-platform-operator] [3bb6ffe9] 18:45:16.437 [ReconcilerExecutor-hivemq-controller-112] DEBUG c.h.p.o.HiveMQPlatformReconciler - [helmcust] StatefulSet Status (revision: test-hivemq-platform-7f5cbb4b76, replicas: 1, available: 0, ready: 0, current: 1, updated: 1)
2025-01-30 18:45:16,439 INFO c.h.h.t.HelmChartContainer - [hivemq-test-hivemq-platform] [hivemq-platform-operator] [3bb6ffe9] 18:45:16.437 [ReconcilerExecutor-hivemq-controller-112] DEBUG c.h.p.o.HiveMQPlatformReconciler - [helmcust] StatefulSet Spec (replicas: 2, init containers: 1, containers: 1, volumes: 3)
2025-01-30 18:45:16,442 INFO c.h.h.t.HelmChartContainer - [hivemq-test-hivemq-platform] [hivemq-platform-operator] [3bb6ffe9] 18:45:16.439 [ReconcilerExecutor-hivemq-controller-112] DEBUG c.h.p.o.h.HiveMQPlatformReconcilerErrorHandler - [helmcust] Pod 'test-hivemq-platform-0' phase Running
2025-01-30 18:45:16,442 INFO c.h.h.t.HelmChartContainer - [hivemq-test-hivemq-platform] [hivemq-platform-operator] [3bb6ffe9] 18:45:16.440 [ReconcilerExecutor-hivemq-controller-112] INFO  c.h.p.o.h.HiveMQPlatformReconcilerBaseHandler - [helmcust] HiveMQ Platform is starting, 0 of 2 replicas are ready
2025-01-30 18:45:16,836 INFO c.h.h.t.HelmChartContainer - [test-hivemq-platform] [hivemq] [e2279f09] INFO  - [HiveMQ Platform Operator Init App 1.7.0-SNAPSHOT] Returning Health API response 503 for readiness
2025-01-30 18:45:16,841 INFO c.h.h.t.HelmChartContainer - [EVENT] Warning [Unhealthy] Readiness probe failed: HTTP probe failed with statuscode: 503 [helmcustomsecretconfigit:test-hivemq-platform-0]
2025-01-30 18:45:16,841 INFO c.h.h.t.HelmChartContainer - Received Unhealthy event for container hivemq in pod test-hivemq-platform-0 [e2279f09-2aff-43b9-82ca-a167b8d4ea5b]
2025-01-30 18:45:18,044 INFO c.h.h.t.HelmChartContainer - [test-hivemq-platform] [hivemq] [e2279f09] INFO  - fPpmH: no members discovered after 2302 ms: creating cluster as first member
2025-01-30 18:45:18,050 INFO c.h.h.t.HelmChartContainer - [test-hivemq-platform] [hivemq] [e2279f09] INFO  - Cluster nodes found by discovery: [fPpmH|0] (1) [fPpmH].
2025-01-30 18:45:18,067 INFO c.h.h.t.HelmChartContainer - [test-hivemq-platform] [hivemq] [e2279f09] WARN  - No user for HiveMQ Control Center configured. Starting with default user
2025-01-30 18:45:18,068 INFO c.h.h.t.HelmChartContainer - [test-hivemq-platform] [hivemq] [e2279f09] INFO  - Starting HiveMQ Control Center on address 0.0.0.0 and port 8080
2025-01-30 18:45:18,071 INFO c.h.h.t.HelmChartContainer - [test-hivemq-platform] [hivemq] [e2279f09] INFO  - Mounting HiveMQ Control Center V2 Preview
2025-01-30 18:45:18,734 INFO c.h.h.t.HelmChartContainer - [test-hivemq-platform] [hivemq] [e2279f09] INFO  - Started HiveMQ Control Center in 667ms
2025-01-30 18:45:18,749 INFO c.h.h.t.HelmChartContainer - [test-hivemq-platform] [hivemq] [e2279f09] INFO  - Starting TCP listener on address 0.0.0.0 and port 1883
2025-01-30 18:45:18,763 INFO c.h.h.t.HelmChartContainer - [test-hivemq-platform] [hivemq] [e2279f09] INFO  - Started TCP Listener on address 0.0.0.0 and on port 1883.
2025-01-30 18:45:18,763 INFO c.h.h.t.HelmChartContainer - [test-hivemq-platform] [hivemq] [e2279f09] INFO  - Started HiveMQ in 30808ms
2025-01-30 18:45:21,256 INFO c.h.h.t.HelmChartContainer - [test-hivemq-platform] [hivemq] [e2279f09] INFO  - [HiveMQ Platform Operator Init App 1.7.0-SNAPSHOT] Returning Health API response 200 for readiness
2025-01-30 18:45:21,272 INFO c.h.h.t.HelmChartContainer - [POD] test-hivemq-platform-0 [e2279f09-2aff-43b9-82ca-a167b8d4ea5b] in helmcustomsecretconfigit was MODIFIED
2025-01-30 18:45:21,289 INFO c.h.h.t.HelmChartContainer - [EVENT] Normal [SuccessfulCreate] create Pod test-hivemq-platform-1 in StatefulSet test-hivemq-platform successful [helmcustomsecretconfigit:test-hivemq-platform]
2025-01-30 18:45:21,290 INFO c.h.h.t.HelmChartContainer - [hivemq-test-hivemq-platform] [hivemq-platform-operator] [3bb6ffe9] 18:45:21.278 [pool-6-thread-6] DEBUG c.h.p.o.d.PlatformServiceResource - [helmcust] Desired Platform services (3 services)
2025-01-30 18:45:21,290 INFO c.h.h.t.HelmChartContainer - [hivemq-test-hivemq-platform] [hivemq-platform-operator] [3bb6ffe9] 18:45:21.282 [pool-6-thread-1] DEBUG c.h.p.o.d.PodServiceAccountResource - [helmcust] Desired PodServiceAccountResource (serviceAccountName: hivemq-platform-pod-test-hivemq-platform)
2025-01-30 18:45:21,291 INFO c.h.h.t.HelmChartContainer - [hivemq-test-hivemq-platform] [hivemq-platform-operator] [3bb6ffe9] 18:45:21.286 [pool-6-thread-8] DEBUG c.h.p.o.dependants.PodInfoConfigMap - [helmcust] Desired PodInfo ConfigMap (1 extensions) (1 enabled)
2025-01-30 18:45:21,294 INFO c.h.h.t.HelmChartContainer - [hivemq-test-hivemq-platform] [hivemq-platform-operator] [3bb6ffe9] 18:45:21.286 [pool-6-thread-8] DEBUG c.h.p.o.dependants.PodInfoConfigMap - [helmcust] Desired PodInfo ConfigMap (metrics port: 9399) (metrics path: /)
2025-01-30 18:45:21,294 INFO c.h.h.t.HelmChartContainer - [hivemq-test-hivemq-platform] [hivemq-platform-operator] [3bb6ffe9] 18:45:21.286 [pool-6-thread-8] DEBUG c.h.p.o.dependants.PodInfoConfigMap - [helmcust] Desired PodInfo ConfigMap (extension state hash: -1817474005)
2025-01-30 18:45:21,297 INFO c.h.h.t.HelmChartContainer - [POD] test-hivemq-platform-1 [6d22f90b-f17a-4419-b79f-f2431f790f21] in helmcustomsecretconfigit was ADDED
2025-01-30 18:45:21,298 INFO c.h.h.t.HelmChartContainer - [hivemq-test-hivemq-platform] [hivemq-platform-operator] [3bb6ffe9] 18:45:21.293 [pool-6-thread-6] DEBUG c.h.p.o.d.StatefulSetResource - [helmcust] Desired StatefulSet (2 replicas) for status STARTING (READY)
2025-01-30 18:45:21,300 INFO c.h.h.t.HelmChartContainer - [hivemq-test-hivemq-platform] [hivemq-platform-operator] [3bb6ffe9] 18:45:21.298 [ReconcilerExecutor-hivemq-controller-113] INFO  c.h.p.o.HiveMQPlatformReconciler - [helmcust] Reconciling HiveMQ Platform 'test-hivemq-platform' in namespace 'helmcustomsecretconfigit'
2025-01-30 18:45:21,305 INFO c.h.h.t.HelmChartContainer - [hivemq-test-hivemq-platform] [hivemq-platform-operator] [3bb6ffe9] 18:45:21.299 [ReconcilerExecutor-hivemq-controller-113] DEBUG c.h.p.o.HiveMQPlatformReconciler - [helmcust] Custom Resource Status STARTING - HiveMQ Platform is starting (READY)
2025-01-30 18:45:21,305 INFO c.h.h.t.HelmChartContainer - [hivemq-test-hivemq-platform] [hivemq-platform-operator] [3bb6ffe9] 18:45:21.299 [ReconcilerExecutor-hivemq-controller-113] DEBUG c.h.p.o.HiveMQPlatformReconciler - [helmcust] Custom Resource Spec (replicas: 2) (extensions: 1)
2025-01-30 18:45:21,305 INFO c.h.h.t.HelmChartContainer - [hivemq-test-hivemq-platform] [hivemq-platform-operator] [3bb6ffe9] 18:45:21.300 [ReconcilerExecutor-hivemq-controller-113] DEBUG c.h.p.o.HiveMQPlatformReconciler - [helmcust] StatefulSet Status (revision: test-hivemq-platform-7f5cbb4b76, replicas: 1, available: 0, ready: 0, current: 1, updated: 1)
2025-01-30 18:45:21,305 INFO c.h.h.t.HelmChartContainer - [hivemq-test-hivemq-platform] [hivemq-platform-operator] [3bb6ffe9] 18:45:21.300 [ReconcilerExecutor-hivemq-controller-113] DEBUG c.h.p.o.HiveMQPlatformReconciler - [helmcust] StatefulSet Spec (replicas: 2, init containers: 1, containers: 1, volumes: 3)
2025-01-30 18:45:21,305 INFO c.h.h.t.HelmChartContainer - [hivemq-test-hivemq-platform] [hivemq-platform-operator] [3bb6ffe9] 18:45:21.303 [ReconcilerExecutor-hivemq-controller-113] DEBUG c.h.p.o.h.HiveMQPlatformReconcilerErrorHandler - [helmcust] Pod 'test-hivemq-platform-1' phase Pending
2025-01-30 18:45:21,314 INFO c.h.h.t.HelmChartContainer - [POD] test-hivemq-platform-1 [6d22f90b-f17a-4419-b79f-f2431f790f21] in helmcustomsecretconfigit was MODIFIED
2025-01-30 18:45:21,321 INFO c.h.h.t.HelmChartContainer - [EVENT] Normal [Scheduled] Successfully assigned helmcustomsecretconfigit/test-hivemq-platform-1 to ea8e80bdeb75 [helmcustomsecretconfigit:test-hivemq-platform-1]
2025-01-30 18:45:21,325 INFO c.h.h.t.HelmChartContainer - [POD] test-hivemq-platform-1 [6d22f90b-f17a-4419-b79f-f2431f790f21] in helmcustomsecretconfigit was MODIFIED
2025-01-30 18:45:21,340 INFO c.h.h.t.HelmChartContainer - [hivemq-test-hivemq-platform] [hivemq-platform-operator] [3bb6ffe9] 18:45:21.304 [ReconcilerExecutor-hivemq-controller-113] DEBUG c.h.p.o.h.HiveMQPlatformReconcilerErrorHandler - [helmcust] Pod 'test-hivemq-platform-0' phase Running
2025-01-30 18:45:21,340 INFO c.h.h.t.HelmChartContainer - [hivemq-test-hivemq-platform] [hivemq-platform-operator] [3bb6ffe9] 18:45:21.337 [ReconcilerExecutor-hivemq-controller-113] INFO  c.h.p.o.h.HiveMQPlatformReconcilerBaseHandler - [helmcust] HiveMQ Platform is starting, 0 of 2 replicas are ready
2025-01-30 18:45:21,345 INFO c.h.h.t.HelmChartContainer - [hivemq-test-hivemq-platform] [hivemq-platform-operator] [3bb6ffe9] 18:45:21.343 [pool-6-thread-17] DEBUG c.h.p.o.d.PlatformServiceResource - [helmcust] Desired Platform services (3 services)
2025-01-30 18:45:21,350 INFO c.h.h.t.HelmChartContainer - [hivemq-test-hivemq-platform] [hivemq-platform-operator] [3bb6ffe9] 18:45:21.346 [pool-6-thread-16] DEBUG c.h.p.o.dependants.PodInfoConfigMap - [helmcust] Desired PodInfo ConfigMap (1 extensions) (1 enabled)
2025-01-30 18:45:21,355 INFO c.h.h.t.HelmChartContainer - [hivemq-test-hivemq-platform] [hivemq-platform-operator] [3bb6ffe9] 18:45:21.348 [pool-6-thread-16] DEBUG c.h.p.o.dependants.PodInfoConfigMap - [helmcust] Desired PodInfo ConfigMap (metrics port: 9399) (metrics path: /)
2025-01-30 18:45:21,355 INFO c.h.h.t.HelmChartContainer - [hivemq-test-hivemq-platform] [hivemq-platform-operator] [3bb6ffe9] 18:45:21.348 [pool-6-thread-16] DEBUG c.h.p.o.dependants.PodInfoConfigMap - [helmcust] Desired PodInfo ConfigMap (extension state hash: -1817474005)
2025-01-30 18:45:21,355 INFO c.h.h.t.HelmChartContainer - [hivemq-test-hivemq-platform] [hivemq-platform-operator] [3bb6ffe9] 18:45:21.350 [pool-6-thread-16] DEBUG c.h.p.o.d.PodServiceAccountResource - [helmcust] Desired PodServiceAccountResource (serviceAccountName: hivemq-platform-pod-test-hivemq-platform)
2025-01-30 18:45:21,437 INFO c.h.h.t.HelmChartContainer - [hivemq-test-hivemq-platform] [hivemq-platform-operator] [3bb6ffe9] 18:45:21.436 [pool-6-thread-17] DEBUG c.h.p.o.d.StatefulSetResource - [helmcust] Desired StatefulSet (2 replicas) for status STARTING (READY)
2025-01-30 18:45:21,441 INFO c.h.h.t.HelmChartContainer - [hivemq-test-hivemq-platform] [hivemq-platform-operator] [3bb6ffe9] 18:45:21.440 [ReconcilerExecutor-hivemq-controller-114] INFO  c.h.p.o.HiveMQPlatformReconciler - [helmcust] Reconciling HiveMQ Platform 'test-hivemq-platform' in namespace 'helmcustomsecretconfigit'
2025-01-30 18:45:21,443 INFO c.h.h.t.HelmChartContainer - [hivemq-test-hivemq-platform] [hivemq-platform-operator] [3bb6ffe9] 18:45:21.440 [ReconcilerExecutor-hivemq-controller-114] DEBUG c.h.p.o.HiveMQPlatformReconciler - [helmcust] Custom Resource Status STARTING - HiveMQ Platform is starting (READY)
2025-01-30 18:45:21,443 INFO c.h.h.t.HelmChartContainer - [hivemq-test-hivemq-platform] [hivemq-platform-operator] [3bb6ffe9] 18:45:21.440 [ReconcilerExecutor-hivemq-controller-114] DEBUG c.h.p.o.HiveMQPlatformReconciler - [helmcust] Custom Resource Spec (replicas: 2) (extensions: 1)
2025-01-30 18:45:21,443 INFO c.h.h.t.HelmChartContainer - [hivemq-test-hivemq-platform] [hivemq-platform-operator] [3bb6ffe9] 18:45:21.442 [ReconcilerExecutor-hivemq-controller-114] DEBUG c.h.p.o.HiveMQPlatformReconciler - [helmcust] StatefulSet Status (revision: test-hivemq-platform-7f5cbb4b76, replicas: 2, available: 1, ready: 1, current: 2, updated: 2)
2025-01-30 18:45:21,443 INFO c.h.h.t.HelmChartContainer - [hivemq-test-hivemq-platform] [hivemq-platform-operator] [3bb6ffe9] 18:45:21.442 [ReconcilerExecutor-hivemq-controller-114] DEBUG c.h.p.o.HiveMQPlatformReconciler - [helmcust] StatefulSet Spec (replicas: 2, init containers: 1, containers: 1, volumes: 3)
2025-01-30 18:45:21,445 INFO c.h.h.t.HelmChartContainer - [hivemq-test-hivemq-platform] [hivemq-platform-operator] [3bb6ffe9] 18:45:21.444 [ReconcilerExecutor-hivemq-controller-114] DEBUG c.h.p.o.h.HiveMQPlatformReconcilerErrorHandler - [helmcust] Pod 'test-hivemq-platform-1' phase Pending
2025-01-30 18:45:21,445 INFO c.h.h.t.HelmChartContainer - [hivemq-test-hivemq-platform] [hivemq-platform-operator] [3bb6ffe9] 18:45:21.444 [ReconcilerExecutor-hivemq-controller-114] DEBUG c.h.p.o.h.HiveMQPlatformReconcilerErrorHandler - [helmcust] Pod 'test-hivemq-platform-1' condition 'PodReadyToStartContainers': False
2025-01-30 18:45:21,445 INFO c.h.h.t.HelmChartContainer - [hivemq-test-hivemq-platform] [hivemq-platform-operator] [3bb6ffe9] 18:45:21.444 [ReconcilerExecutor-hivemq-controller-114] DEBUG c.h.p.o.h.HiveMQPlatformReconcilerErrorHandler - [helmcust] Pod 'test-hivemq-platform-1' condition 'Initialized': False
2025-01-30 18:45:21,446 INFO c.h.h.t.HelmChartContainer - [hivemq-test-hivemq-platform] [hivemq-platform-operator] [3bb6ffe9] 18:45:21.444 [ReconcilerExecutor-hivemq-controller-114] DEBUG c.h.p.o.h.HiveMQPlatformReconcilerErrorHandler - [helmcust] Pod 'test-hivemq-platform-1' condition 'Ready': False
2025-01-30 18:45:21,446 INFO c.h.h.t.HelmChartContainer - [hivemq-test-hivemq-platform] [hivemq-platform-operator] [3bb6ffe9] 18:45:21.444 [ReconcilerExecutor-hivemq-controller-114] DEBUG c.h.p.o.h.HiveMQPlatformReconcilerErrorHandler - [helmcust] Pod 'test-hivemq-platform-1' condition 'ContainersReady': False
2025-01-30 18:45:21,446 INFO c.h.h.t.HelmChartContainer - [hivemq-test-hivemq-platform] [hivemq-platform-operator] [3bb6ffe9] 18:45:21.444 [ReconcilerExecutor-hivemq-controller-114] DEBUG c.h.p.o.h.HiveMQPlatformReconcilerErrorHandler - [helmcust] Pod 'test-hivemq-platform-1' condition 'PodScheduled': True
2025-01-30 18:45:21,446 INFO c.h.h.t.HelmChartContainer - [hivemq-test-hivemq-platform] [hivemq-platform-operator] [3bb6ffe9] 18:45:21.444 [ReconcilerExecutor-hivemq-controller-114] DEBUG c.h.p.o.h.HiveMQPlatformReconcilerErrorHandler - [helmcust] Pod 'test-hivemq-platform-1' containerStatus 'hivemq' (started: false) (ready: false) (waiting: [PodInitializing] null)
2025-01-30 18:45:21,450 INFO c.h.h.t.HelmChartContainer - [hivemq-test-hivemq-platform] [hivemq-platform-operator] [3bb6ffe9] 18:45:21.445 [ReconcilerExecutor-hivemq-controller-114] DEBUG c.h.p.o.h.HiveMQPlatformReconcilerErrorHandler - [helmcust] Pod 'test-hivemq-platform-0' phase Running
2025-01-30 18:45:21,450 INFO c.h.h.t.HelmChartContainer - [hivemq-test-hivemq-platform] [hivemq-platform-operator] [3bb6ffe9] 18:45:21.447 [ReconcilerExecutor-hivemq-controller-114] INFO  c.h.p.o.h.HiveMQPlatformReconcilerBaseHandler - [helmcust] HiveMQ Platform is starting, 1 of 2 replicas are ready
2025-01-30 18:45:21,452 INFO c.h.h.t.HelmChartContainer - [K3S] [reconciler_common.go:251] "operationExecutor.VerifyControllerAttachedVolume started for volume \"operator-init\" (UniqueName: \"kubernetes.io/empty-dir/6d22f90b-f17a-4419-b79f-f2431f790f21-operator-init\") pod \"test-hivemq-platform-1\" (UID: \"6d22f90b-f17a-4419-b79f-f2431f790f21\") " pod="helmcustomsecretconfigit/test-hivemq-platform-1"
2025-01-30 18:45:21,453 INFO c.h.h.t.HelmChartContainer - [K3S] [reconciler_common.go:251] "operationExecutor.VerifyControllerAttachedVolume started for volume \"kube-api-access-2kf24\" (UniqueName: \"kubernetes.io/projected/6d22f90b-f17a-4419-b79f-f2431f790f21-kube-api-access-2kf24\") pod \"test-hivemq-platform-1\" (UID: \"6d22f90b-f17a-4419-b79f-f2431f790f21\") " pod="helmcustomsecretconfigit/test-hivemq-platform-1"
2025-01-30 18:45:21,453 INFO c.h.h.t.HelmChartContainer - [K3S] [reconciler_common.go:251] "operationExecutor.VerifyControllerAttachedVolume started for volume \"pod-info\" (UniqueName: \"kubernetes.io/configmap/6d22f90b-f17a-4419-b79f-f2431f790f21-pod-info\") pod \"test-hivemq-platform-1\" (UID: \"6d22f90b-f17a-4419-b79f-f2431f790f21\") " pod="helmcustomsecretconfigit/test-hivemq-platform-1"
2025-01-30 18:45:21,453 INFO c.h.h.t.HelmChartContainer - [K3S] [reconciler_common.go:251] "operationExecutor.VerifyControllerAttachedVolume started for volume \"broker-configuration\" (UniqueName: \"kubernetes.io/secret/6d22f90b-f17a-4419-b79f-f2431f790f21-broker-configuration\") pod \"test-hivemq-platform-1\" (UID: \"6d22f90b-f17a-4419-b79f-f2431f790f21\") " pod="helmcustomsecretconfigit/test-hivemq-platform-1"
2025-01-30 18:45:21,457 INFO c.h.h.t.HelmChartContainer - [hivemq-test-hivemq-platform] [hivemq-platform-operator] [3bb6ffe9] 18:45:21.455 [pool-6-thread-24] DEBUG c.h.p.o.dependants.PodInfoConfigMap - [helmcust] Desired PodInfo ConfigMap (1 extensions) (1 enabled)
2025-01-30 18:45:21,457 INFO c.h.h.t.HelmChartContainer - [hivemq-test-hivemq-platform] [hivemq-platform-operator] [3bb6ffe9] 18:45:21.456 [pool-6-thread-24] DEBUG c.h.p.o.dependants.PodInfoConfigMap - [helmcust] Desired PodInfo ConfigMap (metrics port: 9399) (metrics path: /)
2025-01-30 18:45:21,457 INFO c.h.h.t.HelmChartContainer - [hivemq-test-hivemq-platform] [hivemq-platform-operator] [3bb6ffe9] 18:45:21.456 [pool-6-thread-24] DEBUG c.h.p.o.dependants.PodInfoConfigMap - [helmcust] Desired PodInfo ConfigMap (extension state hash: -1817474005)
2025-01-30 18:45:21,457 INFO c.h.h.t.HelmChartContainer - [hivemq-test-hivemq-platform] [hivemq-platform-operator] [3bb6ffe9] 18:45:21.456 [pool-6-thread-26] DEBUG c.h.p.o.d.PodServiceAccountResource - [helmcust] Desired PodServiceAccountResource (serviceAccountName: hivemq-platform-pod-test-hivemq-platform)
2025-01-30 18:45:21,537 INFO c.h.h.t.HelmChartContainer - [hivemq-test-hivemq-platform] [hivemq-platform-operator] [3bb6ffe9] 18:45:21.535 [pool-6-thread-21] DEBUG c.h.p.o.d.PlatformServiceResource - [helmcust] Desired Platform services (3 services)
2025-01-30 18:45:21,541 INFO c.h.h.t.HelmChartContainer - [hivemq-test-hivemq-platform] [hivemq-platform-operator] [3bb6ffe9] 18:45:21.540 [pool-6-thread-21] DEBUG c.h.p.o.d.StatefulSetResource - [helmcust] Desired StatefulSet (2 replicas) for status STARTING (READY)
2025-01-30 18:45:21,546 INFO c.h.h.t.HelmChartContainer - [hivemq-test-hivemq-platform] [hivemq-platform-operator] [3bb6ffe9] 18:45:21.543 [ReconcilerExecutor-hivemq-controller-115] INFO  c.h.p.o.HiveMQPlatformReconciler - [helmcust] Reconciling HiveMQ Platform 'test-hivemq-platform' in namespace 'helmcustomsecretconfigit'
2025-01-30 18:45:21,546 INFO c.h.h.t.HelmChartContainer - [hivemq-test-hivemq-platform] [hivemq-platform-operator] [3bb6ffe9] 18:45:21.544 [ReconcilerExecutor-hivemq-controller-115] DEBUG c.h.p.o.HiveMQPlatformReconciler - [helmcust] Custom Resource Status STARTING - HiveMQ Platform is starting (READY)
2025-01-30 18:45:21,546 INFO c.h.h.t.HelmChartContainer - [hivemq-test-hivemq-platform] [hivemq-platform-operator] [3bb6ffe9] 18:45:21.544 [ReconcilerExecutor-hivemq-controller-115] DEBUG c.h.p.o.HiveMQPlatformReconciler - [helmcust] Custom Resource Spec (replicas: 2) (extensions: 1)
2025-01-30 18:45:21,546 INFO c.h.h.t.HelmChartContainer - [hivemq-test-hivemq-platform] [hivemq-platform-operator] [3bb6ffe9] 18:45:21.545 [ReconcilerExecutor-hivemq-controller-115] DEBUG c.h.p.o.HiveMQPlatformReconciler - [helmcust] StatefulSet Status (revision: test-hivemq-platform-7f5cbb4b76, replicas: 2, available: 1, ready: 1, current: 2, updated: 2)
2025-01-30 18:45:21,546 INFO c.h.h.t.HelmChartContainer - [hivemq-test-hivemq-platform] [hivemq-platform-operator] [3bb6ffe9] 18:45:21.545 [ReconcilerExecutor-hivemq-controller-115] DEBUG c.h.p.o.HiveMQPlatformReconciler - [helmcust] StatefulSet Spec (replicas: 2, init containers: 1, containers: 1, volumes: 3)
2025-01-30 18:45:21,549 INFO c.h.h.t.HelmChartContainer - [hivemq-test-hivemq-platform] [hivemq-platform-operator] [3bb6ffe9] 18:45:21.546 [ReconcilerExecutor-hivemq-controller-115] DEBUG c.h.p.o.h.HiveMQPlatformReconcilerErrorHandler - [helmcust] Pod 'test-hivemq-platform-1' phase Pending
2025-01-30 18:45:21,549 INFO c.h.h.t.HelmChartContainer - [hivemq-test-hivemq-platform] [hivemq-platform-operator] [3bb6ffe9] 18:45:21.547 [ReconcilerExecutor-hivemq-controller-115] DEBUG c.h.p.o.h.HiveMQPlatformReconcilerErrorHandler - [helmcust] Pod 'test-hivemq-platform-1' condition 'PodReadyToStartContainers': False
2025-01-30 18:45:21,549 INFO c.h.h.t.HelmChartContainer - [hivemq-test-hivemq-platform] [hivemq-platform-operator] [3bb6ffe9] 18:45:21.547 [ReconcilerExecutor-hivemq-controller-115] DEBUG c.h.p.o.h.HiveMQPlatformReconcilerErrorHandler - [helmcust] Pod 'test-hivemq-platform-1' condition 'Initialized': False
2025-01-30 18:45:21,549 INFO c.h.h.t.HelmChartContainer - [hivemq-test-hivemq-platform] [hivemq-platform-operator] [3bb6ffe9] 18:45:21.547 [ReconcilerExecutor-hivemq-controller-115] DEBUG c.h.p.o.h.HiveMQPlatformReconcilerErrorHandler - [helmcust] Pod 'test-hivemq-platform-1' condition 'Ready': False
2025-01-30 18:45:21,549 INFO c.h.h.t.HelmChartContainer - [hivemq-test-hivemq-platform] [hivemq-platform-operator] [3bb6ffe9] 18:45:21.547 [ReconcilerExecutor-hivemq-controller-115] DEBUG c.h.p.o.h.HiveMQPlatformReconcilerErrorHandler - [helmcust] Pod 'test-hivemq-platform-1' condition 'ContainersReady': False
2025-01-30 18:45:21,549 INFO c.h.h.t.HelmChartContainer - [hivemq-test-hivemq-platform] [hivemq-platform-operator] [3bb6ffe9] 18:45:21.547 [ReconcilerExecutor-hivemq-controller-115] DEBUG c.h.p.o.h.HiveMQPlatformReconcilerErrorHandler - [helmcust] Pod 'test-hivemq-platform-1' condition 'PodScheduled': True
2025-01-30 18:45:21,549 INFO c.h.h.t.HelmChartContainer - [hivemq-test-hivemq-platform] [hivemq-platform-operator] [3bb6ffe9] 18:45:21.547 [ReconcilerExecutor-hivemq-controller-115] DEBUG c.h.p.o.h.HiveMQPlatformReconcilerErrorHandler - [helmcust] Pod 'test-hivemq-platform-1' containerStatus 'hivemq' (started: false) (ready: false) (waiting: [PodInitializing] null)
2025-01-30 18:45:21,549 INFO c.h.h.t.HelmChartContainer - [hivemq-test-hivemq-platform] [hivemq-platform-operator] [3bb6ffe9] 18:45:21.548 [ReconcilerExecutor-hivemq-controller-115] DEBUG c.h.p.o.h.HiveMQPlatformReconcilerErrorHandler - [helmcust] Pod 'test-hivemq-platform-0' phase Running
2025-01-30 18:45:21,549 INFO c.h.h.t.HelmChartContainer - [hivemq-test-hivemq-platform] [hivemq-platform-operator] [3bb6ffe9] 18:45:21.549 [ReconcilerExecutor-hivemq-controller-115] INFO  c.h.p.o.h.HiveMQPlatformReconcilerBaseHandler - [helmcust] HiveMQ Platform is starting, 1 of 2 replicas are ready
2025-01-30 18:45:21,712 INFO c.h.h.t.HelmChartContainer - [EVENT] Normal [Pulled] Container image "docker.io/hivemq/hivemq-platform-operator-init-test:snapshot" already present on machine [helmcustomsecretconfigit:test-hivemq-platform-1]
2025-01-30 18:45:21,718 INFO c.h.h.t.HelmChartContainer - [EVENT] Normal [Created] Created container: hivemq-platform-operator-init [helmcustomsecretconfigit:test-hivemq-platform-1]
2025-01-30 18:45:21,759 INFO c.h.h.t.HelmChartContainer - [EVENT] Normal [Started] Started container hivemq-platform-operator-init [helmcustomsecretconfigit:test-hivemq-platform-1]
2025-01-30 18:45:22,673 INFO c.h.h.t.HelmChartContainer - [EVENT] Normal [Pulled] Container image "docker.io/hivemq/hivemq4:4.36.0" already present on machine [helmcustomsecretconfigit:test-hivemq-platform-1]
2025-01-30 18:45:22,673 INFO c.h.h.t.HelmChartContainer - Received Pulled event for container hivemq in pod test-hivemq-platform-1 [6d22f90b-f17a-4419-b79f-f2431f790f21]
2025-01-30 18:45:22,678 INFO c.h.h.t.HelmChartContainer - [POD] test-hivemq-platform-1 [6d22f90b-f17a-4419-b79f-f2431f790f21] in helmcustomsecretconfigit was MODIFIED
2025-01-30 18:45:22,703 INFO c.h.h.t.HelmChartContainer - [EVENT] Normal [Created] Created container: hivemq [helmcustomsecretconfigit:test-hivemq-platform-1]
2025-01-30 18:45:22,703 INFO c.h.h.t.HelmChartContainer - Received Created event for container hivemq in pod test-hivemq-platform-1 [6d22f90b-f17a-4419-b79f-f2431f790f21]
2025-01-30 18:45:22,704 INFO c.h.h.t.HelmChartContainer - [hivemq-test-hivemq-platform] [hivemq-platform-operator] [3bb6ffe9] 18:45:22.696 [pool-6-thread-36] DEBUG c.h.p.o.d.PlatformServiceResource - [helmcust] Desired Platform services (3 services)
2025-01-30 18:45:22,704 INFO c.h.h.t.HelmChartContainer - [hivemq-test-hivemq-platform] [hivemq-platform-operator] [3bb6ffe9] 18:45:22.701 [pool-6-thread-38] DEBUG c.h.p.o.dependants.PodInfoConfigMap - [helmcust] Desired PodInfo ConfigMap (1 extensions) (1 enabled)
2025-01-30 18:45:22,704 INFO c.h.h.t.HelmChartContainer - [hivemq-test-hivemq-platform] [hivemq-platform-operator] [3bb6ffe9] 18:45:22.702 [pool-6-thread-38] DEBUG c.h.p.o.dependants.PodInfoConfigMap - [helmcust] Desired PodInfo ConfigMap (metrics port: 9399) (metrics path: /)
2025-01-30 18:45:22,704 INFO c.h.h.t.HelmChartContainer - [hivemq-test-hivemq-platform] [hivemq-platform-operator] [3bb6ffe9] 18:45:22.702 [pool-6-thread-38] DEBUG c.h.p.o.dependants.PodInfoConfigMap - [helmcust] Desired PodInfo ConfigMap (extension state hash: -1817474005)
2025-01-30 18:45:22,712 INFO c.h.h.t.HelmChartContainer - [hivemq-test-hivemq-platform] [hivemq-platform-operator] [3bb6ffe9] 18:45:22.706 [pool-6-thread-35] DEBUG c.h.p.o.d.PodServiceAccountResource - [helmcust] Desired PodServiceAccountResource (serviceAccountName: hivemq-platform-pod-test-hivemq-platform)
2025-01-30 18:45:22,728 INFO c.h.h.t.HelmChartContainer - [hivemq-test-hivemq-platform] [hivemq-platform-operator] [3bb6ffe9] 18:45:22.720 [pool-6-thread-36] DEBUG c.h.p.o.d.StatefulSetResource - [helmcust] Desired StatefulSet (2 replicas) for status STARTING (READY)
2025-01-30 18:45:22,751 INFO c.h.h.t.HelmChartContainer - [hivemq-test-hivemq-platform] [hivemq-platform-operator] [3bb6ffe9] 18:45:22.748 [ReconcilerExecutor-hivemq-controller-116] INFO  c.h.p.o.HiveMQPlatformReconciler - [helmcust] Reconciling HiveMQ Platform 'test-hivemq-platform' in namespace 'helmcustomsecretconfigit'
2025-01-30 18:45:22,751 INFO c.h.h.t.HelmChartContainer - [hivemq-test-hivemq-platform] [hivemq-platform-operator] [3bb6ffe9] 18:45:22.748 [ReconcilerExecutor-hivemq-controller-116] DEBUG c.h.p.o.HiveMQPlatformReconciler - [helmcust] Custom Resource Status STARTING - HiveMQ Platform is starting (READY)
2025-01-30 18:45:22,751 INFO c.h.h.t.HelmChartContainer - [hivemq-test-hivemq-platform] [hivemq-platform-operator] [3bb6ffe9] 18:45:22.748 [ReconcilerExecutor-hivemq-controller-116] DEBUG c.h.p.o.HiveMQPlatformReconciler - [helmcust] Custom Resource Spec (replicas: 2) (extensions: 1)
2025-01-30 18:45:22,753 INFO c.h.h.t.HelmChartContainer - [hivemq-test-hivemq-platform] [hivemq-platform-operator] [3bb6ffe9] 18:45:22.751 [ReconcilerExecutor-hivemq-controller-116] DEBUG c.h.p.o.HiveMQPlatformReconciler - [helmcust] StatefulSet Status (revision: test-hivemq-platform-7f5cbb4b76, replicas: 2, available: 1, ready: 1, current: 2, updated: 2)
2025-01-30 18:45:22,756 INFO c.h.h.t.HelmChartContainer - [hivemq-test-hivemq-platform] [hivemq-platform-operator] [3bb6ffe9] 18:45:22.753 [ReconcilerExecutor-hivemq-controller-116] DEBUG c.h.p.o.HiveMQPlatformReconciler - [helmcust] StatefulSet Spec (replicas: 2, init containers: 1, containers: 1, volumes: 3)
2025-01-30 18:45:22,812 INFO c.h.h.t.HelmChartContainer - [hivemq-test-hivemq-platform] [hivemq-platform-operator] [3bb6ffe9] 18:45:22.809 [ReconcilerExecutor-hivemq-controller-116] DEBUG c.h.p.o.h.HiveMQPlatformReconcilerErrorHandler - [helmcust] Pod 'test-hivemq-platform-1' phase Pending
2025-01-30 18:45:22,812 INFO c.h.h.t.HelmChartContainer - [hivemq-test-hivemq-platform] [hivemq-platform-operator] [3bb6ffe9] 18:45:22.809 [ReconcilerExecutor-hivemq-controller-116] DEBUG c.h.p.o.h.HiveMQPlatformReconcilerErrorHandler - [helmcust] Pod 'test-hivemq-platform-1' condition 'PodReadyToStartContainers': True
2025-01-30 18:45:22,812 INFO c.h.h.t.HelmChartContainer - [hivemq-test-hivemq-platform] [hivemq-platform-operator] [3bb6ffe9] 18:45:22.809 [ReconcilerExecutor-hivemq-controller-116] DEBUG c.h.p.o.h.HiveMQPlatformReconcilerErrorHandler - [helmcust] Pod 'test-hivemq-platform-1' condition 'Initialized': True
2025-01-30 18:45:22,812 INFO c.h.h.t.HelmChartContainer - [hivemq-test-hivemq-platform] [hivemq-platform-operator] [3bb6ffe9] 18:45:22.809 [ReconcilerExecutor-hivemq-controller-116] DEBUG c.h.p.o.h.HiveMQPlatformReconcilerErrorHandler - [helmcust] Pod 'test-hivemq-platform-1' condition 'Ready': False
2025-01-30 18:45:22,812 INFO c.h.h.t.HelmChartContainer - [hivemq-test-hivemq-platform] [hivemq-platform-operator] [3bb6ffe9] 18:45:22.809 [ReconcilerExecutor-hivemq-controller-116] DEBUG c.h.p.o.h.HiveMQPlatformReconcilerErrorHandler - [helmcust] Pod 'test-hivemq-platform-1' condition 'ContainersReady': False
2025-01-30 18:45:22,812 INFO c.h.h.t.HelmChartContainer - [hivemq-test-hivemq-platform] [hivemq-platform-operator] [3bb6ffe9] 18:45:22.810 [ReconcilerExecutor-hivemq-controller-116] DEBUG c.h.p.o.h.HiveMQPlatformReconcilerErrorHandler - [helmcust] Pod 'test-hivemq-platform-1' condition 'PodScheduled': True
2025-01-30 18:45:22,812 INFO c.h.h.t.HelmChartContainer - [hivemq-test-hivemq-platform] [hivemq-platform-operator] [3bb6ffe9] 18:45:22.810 [ReconcilerExecutor-hivemq-controller-116] DEBUG c.h.p.o.h.HiveMQPlatformReconcilerErrorHandler - [helmcust] Pod 'test-hivemq-platform-1' containerStatus 'hivemq' (started: false) (ready: false) (waiting: [PodInitializing] null)
2025-01-30 18:45:22,814 INFO c.h.h.t.HelmChartContainer - [hivemq-test-hivemq-platform] [hivemq-platform-operator] [3bb6ffe9] 18:45:22.812 [ReconcilerExecutor-hivemq-controller-116] DEBUG c.h.p.o.h.HiveMQPlatformReconcilerErrorHandler - [helmcust] Pod 'test-hivemq-platform-0' phase Running
2025-01-30 18:45:22,814 INFO c.h.h.t.HelmChartContainer - [hivemq-test-hivemq-platform] [hivemq-platform-operator] [3bb6ffe9] 18:45:22.813 [ReconcilerExecutor-hivemq-controller-116] INFO  c.h.p.o.h.HiveMQPlatformReconcilerBaseHandler - [helmcust] HiveMQ Platform is starting, 1 of 2 replicas are ready
2025-01-30 18:45:23,682 INFO c.h.h.t.HelmChartContainer - [POD] test-hivemq-platform-1 [6d22f90b-f17a-4419-b79f-f2431f790f21] in helmcustomsecretconfigit was MODIFIED
2025-01-30 18:45:23,696 INFO c.h.h.t.HelmChartContainer - [hivemq-test-hivemq-platform] [hivemq-platform-operator] [3bb6ffe9] 18:45:23.693 [pool-6-thread-46] DEBUG c.h.p.o.d.PlatformServiceResource - [helmcust] Desired Platform services (3 services)
2025-01-30 18:45:23,701 INFO c.h.h.t.HelmChartContainer - Started log watcher for hivemq in pod test-hivemq-platform-1 [6d22f90b-f17a-4419-b79f-f2431f790f21]
2025-01-30 18:45:23,701 INFO c.h.h.t.HelmChartContainer - [EVENT] Normal [Started] Started container hivemq [helmcustomsecretconfigit:test-hivemq-platform-1]
2025-01-30 18:45:23,701 INFO c.h.h.t.HelmChartContainer - Received Started event for container hivemq in pod test-hivemq-platform-1 [6d22f90b-f17a-4419-b79f-f2431f790f21]
2025-01-30 18:45:23,702 INFO c.h.h.t.HelmChartContainer - [test-hivemq-platform] [hivemq] [6d22f90b] Adding pre-installed HiveMQ Platform Operator extensions
2025-01-30 18:45:23,702 INFO c.h.h.t.HelmChartContainer - [test-hivemq-platform] [hivemq] [6d22f90b] Running as user 10000
2025-01-30 18:45:23,703 INFO c.h.h.t.HelmChartContainer - [hivemq-test-hivemq-platform] [hivemq-platform-operator] [3bb6ffe9] 18:45:23.696 [pool-6-thread-41] DEBUG c.h.p.o.d.PodServiceAccountResource - [helmcust] Desired PodServiceAccountResource (serviceAccountName: hivemq-platform-pod-test-hivemq-platform)
2025-01-30 18:45:23,704 INFO c.h.h.t.HelmChartContainer - [test-hivemq-platform] [hivemq] [6d22f90b] Starting HiveMQ Platform Operator Init
2025-01-30 18:45:23,705 INFO c.h.h.t.HelmChartContainer - [hivemq-test-hivemq-platform] [hivemq-platform-operator] [3bb6ffe9] 18:45:23.703 [pool-6-thread-49] DEBUG c.h.p.o.dependants.PodInfoConfigMap - [helmcust] Desired PodInfo ConfigMap (1 extensions) (1 enabled)
2025-01-30 18:45:23,705 INFO c.h.h.t.HelmChartContainer - [hivemq-test-hivemq-platform] [hivemq-platform-operator] [3bb6ffe9] 18:45:23.704 [pool-6-thread-49] DEBUG c.h.p.o.dependants.PodInfoConfigMap - [helmcust] Desired PodInfo ConfigMap (metrics port: 9399) (metrics path: /)
2025-01-30 18:45:23,707 INFO c.h.h.t.HelmChartContainer - [hivemq-test-hivemq-platform] [hivemq-platform-operator] [3bb6ffe9] 18:45:23.704 [pool-6-thread-49] DEBUG c.h.p.o.dependants.PodInfoConfigMap - [helmcust] Desired PodInfo ConfigMap (extension state hash: -1817474005)
2025-01-30 18:45:23,709 INFO c.h.h.t.HelmChartContainer - [hivemq-test-hivemq-platform] [hivemq-platform-operator] [3bb6ffe9] 18:45:23.707 [pool-6-thread-49] DEBUG c.h.p.o.d.StatefulSetResource - [helmcust] Desired StatefulSet (2 replicas) for status STARTING (READY)
2025-01-30 18:45:23,738 INFO c.h.h.t.HelmChartContainer - [hivemq-test-hivemq-platform] [hivemq-platform-operator] [3bb6ffe9] 18:45:23.735 [ReconcilerExecutor-hivemq-controller-117] INFO  c.h.p.o.HiveMQPlatformReconciler - [helmcust] Reconciling HiveMQ Platform 'test-hivemq-platform' in namespace 'helmcustomsecretconfigit'
2025-01-30 18:45:23,738 INFO c.h.h.t.HelmChartContainer - [hivemq-test-hivemq-platform] [hivemq-platform-operator] [3bb6ffe9] 18:45:23.735 [ReconcilerExecutor-hivemq-controller-117] DEBUG c.h.p.o.HiveMQPlatformReconciler - [helmcust] Custom Resource Status STARTING - HiveMQ Platform is starting (READY)
2025-01-30 18:45:23,738 INFO c.h.h.t.HelmChartContainer - [hivemq-test-hivemq-platform] [hivemq-platform-operator] [3bb6ffe9] 18:45:23.735 [ReconcilerExecutor-hivemq-controller-117] DEBUG c.h.p.o.HiveMQPlatformReconciler - [helmcust] Custom Resource Spec (replicas: 2) (extensions: 1)
2025-01-30 18:45:23,739 INFO c.h.h.t.HelmChartContainer - [hivemq-test-hivemq-platform] [hivemq-platform-operator] [3bb6ffe9] 18:45:23.738 [ReconcilerExecutor-hivemq-controller-117] DEBUG c.h.p.o.HiveMQPlatformReconciler - [helmcust] StatefulSet Status (revision: test-hivemq-platform-7f5cbb4b76, replicas: 2, available: 1, ready: 1, current: 2, updated: 2)
2025-01-30 18:45:23,739 INFO c.h.h.t.HelmChartContainer - [hivemq-test-hivemq-platform] [hivemq-platform-operator] [3bb6ffe9] 18:45:23.739 [ReconcilerExecutor-hivemq-controller-117] DEBUG c.h.p.o.HiveMQPlatformReconciler - [helmcust] StatefulSet Spec (replicas: 2, init containers: 1, containers: 1, volumes: 3)
2025-01-30 18:45:23,741 INFO c.h.h.t.HelmChartContainer - [hivemq-test-hivemq-platform] [hivemq-platform-operator] [3bb6ffe9] 18:45:23.740 [ReconcilerExecutor-hivemq-controller-117] DEBUG c.h.p.o.h.HiveMQPlatformReconcilerErrorHandler - [helmcust] Pod 'test-hivemq-platform-1' phase Running
2025-01-30 18:45:23,742 INFO c.h.h.t.HelmChartContainer - [hivemq-test-hivemq-platform] [hivemq-platform-operator] [3bb6ffe9] 18:45:23.742 [ReconcilerExecutor-hivemq-controller-117] DEBUG c.h.p.o.h.HiveMQPlatformReconcilerErrorHandler - [helmcust] Pod 'test-hivemq-platform-0' phase Running
2025-01-30 18:45:23,743 INFO c.h.h.t.HelmChartContainer - [hivemq-test-hivemq-platform] [hivemq-platform-operator] [3bb6ffe9] 18:45:23.742 [ReconcilerExecutor-hivemq-controller-117] INFO  c.h.p.o.h.HiveMQPlatformReconcilerBaseHandler - [helmcust] HiveMQ Platform is starting, 1 of 2 replicas are ready
2025-01-30 18:45:23,924 INFO c.h.h.t.HelmChartContainer - [test-hivemq-platform] [hivemq] [6d22f90b] INFO  - [HiveMQ Platform Operator Init 1.7.0-SNAPSHOT] HiveMQ Platform Operator Init 1.7.0-SNAPSHOT (commit: 47e3375 on branch: HEAD) built on Thu Jan 30 03:55:50 UTC 2025
2025-01-30 18:45:24,995 INFO c.h.h.t.HelmChartContainer - [test-hivemq-platform] [hivemq] [6d22f90b] INFO  - [HiveMQ Platform Operator Init App 1.7.0-SNAPSHOT] Using bind address 10.42.0.10 from environment variable
2025-01-30 18:45:25,938 INFO c.h.h.t.HelmChartContainer - [test-hivemq-platform] [hivemq] [6d22f90b] INFO  - [HiveMQ Platform Operator Init App 1.7.0-SNAPSHOT] HiveMQ Platform Operator Init App 1.7.0-SNAPSHOT (commit: 47e3375 on branch: HEAD) built on Thu Jan 30 03:55:50 UTC 2025
2025-01-30 18:45:25,938 INFO c.h.h.t.HelmChartContainer - [test-hivemq-platform] [hivemq] [6d22f90b] INFO  - [HiveMQ Platform Operator Init App 1.7.0-SNAPSHOT] PodInfo ConfigMap directory: /etc/podinfo
2025-01-30 18:45:25,938 INFO c.h.h.t.HelmChartContainer - [test-hivemq-platform] [hivemq] [6d22f90b] INFO  - [HiveMQ Platform Operator Init App 1.7.0-SNAPSHOT] HiveMQ home directory: /opt/hivemq
2025-01-30 18:45:25,938 INFO c.h.h.t.HelmChartContainer - [test-hivemq-platform] [hivemq] [6d22f90b] INFO  - [HiveMQ Platform Operator Init App 1.7.0-SNAPSHOT] HiveMQ Logback folder: /opt/hivemq/conf
2025-01-30 18:45:25,938 INFO c.h.h.t.HelmChartContainer - [test-hivemq-platform] [hivemq] [6d22f90b] INFO  - [HiveMQ Platform Operator Init App 1.7.0-SNAPSHOT] HiveMQ Config folder: /opt/hivemq/conf-k8s
2025-01-30 18:45:25,938 INFO c.h.h.t.HelmChartContainer - [test-hivemq-platform] [hivemq] [6d22f90b] INFO  - [HiveMQ Platform Operator Init App 1.7.0-SNAPSHOT] Starting HiveMQ Platform Operator Init App
2025-01-30 18:45:25,938 INFO c.h.h.t.HelmChartContainer - [test-hivemq-platform] [hivemq] [6d22f90b] INFO  - [HiveMQ Platform Operator Init App 1.7.0-SNAPSHOT] Starting Pod reconciler
2025-01-30 18:45:27,137 INFO c.h.h.t.HelmChartContainer - [test-hivemq-platform] [hivemq] [6d22f90b] INFO  - [HiveMQ Platform Operator Init App 1.7.0-SNAPSHOT] Pod reconciler is scheduled (interval: 5000 ms)
2025-01-30 18:45:27,138 INFO c.h.h.t.HelmChartContainer - [test-hivemq-platform] [hivemq] [6d22f90b] INFO  - [HiveMQ Platform Operator Init App 1.7.0-SNAPSHOT] Starting the REST API on 10.42.0.10:7979
2025-01-30 18:45:27,141 INFO c.h.h.t.HelmChartContainer - [test-hivemq-platform] [hivemq] [6d22f90b] INFO  - [HiveMQ Platform Operator Init App 1.7.0-SNAPSHOT] Waiting up to 600s for at most 2 HiveMQ nodes in cluster service hivemq-test-hivemq-platform-cluster.helmcustomsecretconfigit.svc
2025-01-30 18:45:27,436 INFO c.h.h.t.HelmChartContainer - [test-hivemq-platform] [hivemq] [6d22f90b] INFO  - [HiveMQ Platform Operator Init App 1.7.0-SNAPSHOT] Resolved 2 IP addresses: [10.42.0.9, 10.42.0.10]
2025-01-30 18:45:27,436 INFO c.h.h.t.HelmChartContainer - [test-hivemq-platform] [hivemq] [6d22f90b] INFO  - [HiveMQ Platform Operator Init App 1.7.0-SNAPSHOT] HiveMQ node count of 2 is within threshold of 2
2025-01-30 18:45:27,436 INFO c.h.h.t.HelmChartContainer - [test-hivemq-platform] [hivemq] [6d22f90b] INFO  - [HiveMQ Platform Operator Init App 1.7.0-SNAPSHOT] Proceeding with container start
2025-01-30 18:45:27,531 INFO c.h.h.t.HelmChartContainer - [test-hivemq-platform] [hivemq] [6d22f90b] INFO  - [HiveMQ Platform Operator Init App 1.7.0-SNAPSHOT] Initializing HiveMQ Platform extensions with initial configuration: {hivemq-allow-all-extension={start-priority=-1, skip-https-hostname-verification=false, restart=true, config-version=0, header-version=0, c-uri=, priority=-1, uri=preinstalled, skip-https-certificate-validation=false, enabled=true}, hivemq-prometheus-extension={restart=true, priority=-1, start-priority=-1, c-uri=, skip-https-hostname-verification=false, skip-https-certificate-validation=false, uri=preinstalled, request-header-path=no-request-headers, enabled=true}}
2025-01-30 18:45:28,022 INFO c.h.h.t.HelmChartContainer - [test-hivemq-platform] [hivemq] [6d22f90b] INFO  - [HiveMQ Platform Operator Init App 1.7.0-SNAPSHOT] Extension hivemq-allow-all-extension was already enabled
2025-01-30 18:45:28,088 INFO c.h.h.t.HelmChartContainer - [test-hivemq-platform] [hivemq] [6d22f90b] INFO  - [HiveMQ Platform Operator Init App 1.7.0-SNAPSHOT] Successfully enabled extension hivemq-prometheus-extension
2025-01-30 18:45:28,090 INFO c.h.h.t.HelmChartContainer - [test-hivemq-platform] [hivemq] [6d22f90b] INFO  - [HiveMQ Platform Operator Init App 1.7.0-SNAPSHOT] Starting HiveMQ Platform version 4.36.0 (4.36.0)
2025-01-30 18:45:28,091 INFO c.h.h.t.HelmChartContainer - [test-hivemq-platform] [hivemq] [6d22f90b] INFO  - [HiveMQ Platform Operator Init App 1.7.0-SNAPSHOT] Configuring the HiveMQ Platform
2025-01-30 18:45:28,126 INFO c.h.h.t.HelmChartContainer - [test-hivemq-platform] [hivemq] [6d22f90b] INFO  - [HiveMQ Platform Operator Init App 1.7.0-SNAPSHOT] Changed logback.xml file scan period to 20 seconds
2025-01-30 18:45:28,220 INFO c.h.h.t.HelmChartContainer - [test-hivemq-platform] [hivemq] [6d22f90b] INFO  - [HiveMQ Platform Operator Init App 1.7.0-SNAPSHOT] Starting the HiveMQ Platform
2025-01-30 18:45:28,223 INFO c.h.h.t.HelmChartContainer - [test-hivemq-platform] [hivemq] [6d22f90b] -------------------------------------------------------------------------
2025-01-30 18:45:28,223 INFO c.h.h.t.HelmChartContainer - [test-hivemq-platform] [hivemq] [6d22f90b] 
2025-01-30 18:45:28,223 INFO c.h.h.t.HelmChartContainer - [test-hivemq-platform] [hivemq] [6d22f90b]                   _    _  _              __  __   ____
2025-01-30 18:45:28,223 INFO c.h.h.t.HelmChartContainer - [test-hivemq-platform] [hivemq] [6d22f90b]                  | |  | |(_)            |  \/  | / __ \
2025-01-30 18:45:28,223 INFO c.h.h.t.HelmChartContainer - [test-hivemq-platform] [hivemq] [6d22f90b]                  | |__| | _ __   __ ___ | \  / || |  | |
2025-01-30 18:45:28,223 INFO c.h.h.t.HelmChartContainer - [test-hivemq-platform] [hivemq] [6d22f90b]                  |  __  || |\ \ / // _ \| |\/| || |  | |
2025-01-30 18:45:28,223 INFO c.h.h.t.HelmChartContainer - [test-hivemq-platform] [hivemq] [6d22f90b]                  | |  | || | \ V /|  __/| |  | || |__| |
2025-01-30 18:45:28,223 INFO c.h.h.t.HelmChartContainer - [test-hivemq-platform] [hivemq] [6d22f90b]                  |_|  |_||_|  \_/  \___||_|  |_| \___\_\
2025-01-30 18:45:28,223 INFO c.h.h.t.HelmChartContainer - [test-hivemq-platform] [hivemq] [6d22f90b] 
2025-01-30 18:45:28,223 INFO c.h.h.t.HelmChartContainer - [test-hivemq-platform] [hivemq] [6d22f90b] -------------------------------------------------------------------------
2025-01-30 18:45:28,223 INFO c.h.h.t.HelmChartContainer - [test-hivemq-platform] [hivemq] [6d22f90b] 
2025-01-30 18:45:28,224 INFO c.h.h.t.HelmChartContainer - [test-hivemq-platform] [hivemq] [6d22f90b]   HiveMQ Start Script for Linux/Unix v1.14
2025-01-30 18:45:28,224 INFO c.h.h.t.HelmChartContainer - [test-hivemq-platform] [hivemq] [6d22f90b] 
2025-01-30 18:45:28,293 INFO c.h.h.t.HelmChartContainer - [test-hivemq-platform] [hivemq] [6d22f90b] -------------------------------------------------------------------------
2025-01-30 18:45:28,293 INFO c.h.h.t.HelmChartContainer - [test-hivemq-platform] [hivemq] [6d22f90b] 
2025-01-30 18:45:28,293 INFO c.h.h.t.HelmChartContainer - [test-hivemq-platform] [hivemq] [6d22f90b]   HIVEMQ_HOME: /opt/hivemq
2025-01-30 18:45:28,293 INFO c.h.h.t.HelmChartContainer - [test-hivemq-platform] [hivemq] [6d22f90b] 
2025-01-30 18:45:28,293 INFO c.h.h.t.HelmChartContainer - [test-hivemq-platform] [hivemq] [6d22f90b]   JAVA_OPTS: -XX:+UnlockExperimentalVMOptions -XX:InitialRAMPercentage=50 -XX:MaxRAMPercentage=50 -Djava.net.preferIPv4Stack=true --add-opens java.base/java.lang=ALL-UNNAMED --add-opens java.base/java.nio=ALL-UNNAMED --add-opens java.base/sun.nio.ch=ALL-UNNAMED --add-opens jdk.management/com.sun.management.internal=ALL-UNNAMED --add-exports java.base/jdk.internal.misc=ALL-UNNAMED -Djava.security.egd=file:/dev/./urandom -Dcom.sun.management.jmxremote -Dcom.sun.management.jmxremote.port=9010 -Dcom.sun.management.jmxremote.local.only=false -Dcom.sun.management.jmxremote.authenticate=false -Dcom.sun.management.jmxremote.ssl=false -Duser.language=en -Duser.region=US -XX:+CrashOnOutOfMemoryError -XX:+HeapDumpOnOutOfMemoryError
2025-01-30 18:45:28,293 INFO c.h.h.t.HelmChartContainer - [test-hivemq-platform] [hivemq] [6d22f90b] 
2025-01-30 18:45:28,293 INFO c.h.h.t.HelmChartContainer - [test-hivemq-platform] [hivemq] [6d22f90b]   JAVA_VERSION: 21
2025-01-30 18:45:28,293 INFO c.h.h.t.HelmChartContainer - [test-hivemq-platform] [hivemq] [6d22f90b] 
2025-01-30 18:45:28,293 INFO c.h.h.t.HelmChartContainer - [test-hivemq-platform] [hivemq] [6d22f90b] -------------------------------------------------------------------------
2025-01-30 18:45:28,294 INFO c.h.h.t.HelmChartContainer - [test-hivemq-platform] [hivemq] [6d22f90b] 
2025-01-30 18:45:29,722 INFO c.h.h.t.HelmChartContainer - [test-hivemq-platform] [hivemq] [6d22f90b] INFO  - [HiveMQ Platform Operator Init App 1.7.0-SNAPSHOT] Returning default Health API response 503 for readiness
2025-01-30 18:45:30,131 INFO c.h.h.t.HelmChartContainer - [EVENT] Warning [Unhealthy] Readiness probe failed: HTTP probe failed with statuscode: 503 [helmcustomsecretconfigit:test-hivemq-platform-1]
2025-01-30 18:45:30,131 INFO c.h.h.t.HelmChartContainer - Received Unhealthy event for container hivemq in pod test-hivemq-platform-1 [6d22f90b-f17a-4419-b79f-f2431f790f21]
2025-01-30 18:45:30,823 INFO c.h.h.t.HelmChartContainer - [test-hivemq-platform] [hivemq] [6d22f90b] INFO  - Starting HiveMQ Enterprise Server
2025-01-30 18:45:30,828 INFO c.h.h.t.HelmChartContainer - [test-hivemq-platform] [hivemq] [6d22f90b] INFO  - HiveMQ version: 4.36.0
2025-01-30 18:45:30,830 INFO c.h.h.t.HelmChartContainer - [test-hivemq-platform] [hivemq] [6d22f90b] INFO  - HiveMQ home directory: /opt/hivemq
2025-01-30 18:45:30,830 INFO c.h.h.t.HelmChartContainer - [test-hivemq-platform] [hivemq] [6d22f90b] INFO  - Log Configuration was overridden by /opt/hivemq/conf/logback.xml
2025-01-30 18:45:32,138 INFO c.h.h.t.HelmChartContainer - [test-hivemq-platform] [hivemq] [6d22f90b] INFO  - Successfully loaded configuration from '/opt/hivemq/conf-k8s/config.xml'.
2025-01-30 18:45:32,929 INFO c.h.h.t.HelmChartContainer - [test-hivemq-platform] [hivemq] [6d22f90b] INFO  - This node's ID is 5qIWk
2025-01-30 18:45:32,930 INFO c.h.h.t.HelmChartContainer - [test-hivemq-platform] [hivemq] [6d22f90b] INFO  - Clustering is enabled
2025-01-30 18:45:33,747 INFO c.h.h.t.HelmChartContainer - [hivemq-test-hivemq-platform] [hivemq-platform-operator] [3bb6ffe9] 18:45:33.746 [pool-6-thread-2] DEBUG c.h.p.o.d.PlatformServiceResource - [helmcust] Desired Platform services (3 services)
2025-01-30 18:45:33,748 INFO c.h.h.t.HelmChartContainer - [hivemq-test-hivemq-platform] [hivemq-platform-operator] [3bb6ffe9] 18:45:33.747 [pool-6-thread-3] DEBUG c.h.p.o.dependants.PodInfoConfigMap - [helmcust] Desired PodInfo ConfigMap (1 extensions) (1 enabled)
2025-01-30 18:45:33,749 INFO c.h.h.t.HelmChartContainer - [hivemq-test-hivemq-platform] [hivemq-platform-operator] [3bb6ffe9] 18:45:33.748 [pool-6-thread-3] DEBUG c.h.p.o.dependants.PodInfoConfigMap - [helmcust] Desired PodInfo ConfigMap (metrics port: 9399) (metrics path: /)
2025-01-30 18:45:33,749 INFO c.h.h.t.HelmChartContainer - [hivemq-test-hivemq-platform] [hivemq-platform-operator] [3bb6ffe9] 18:45:33.748 [pool-6-thread-3] DEBUG c.h.p.o.dependants.PodInfoConfigMap - [helmcust] Desired PodInfo ConfigMap (extension state hash: -1817474005)
2025-01-30 18:45:33,749 INFO c.h.h.t.HelmChartContainer - [hivemq-test-hivemq-platform] [hivemq-platform-operator] [3bb6ffe9] 18:45:33.748 [pool-6-thread-7] DEBUG c.h.p.o.d.PodServiceAccountResource - [helmcust] Desired PodServiceAccountResource (serviceAccountName: hivemq-platform-pod-test-hivemq-platform)
2025-01-30 18:45:33,756 INFO c.h.h.t.HelmChartContainer - [hivemq-test-hivemq-platform] [hivemq-platform-operator] [3bb6ffe9] 18:45:33.753 [pool-6-thread-2] DEBUG c.h.p.o.d.StatefulSetResource - [helmcust] Desired StatefulSet (2 replicas) for status STARTING (READY)
2025-01-30 18:45:33,760 INFO c.h.h.t.HelmChartContainer - [hivemq-test-hivemq-platform] [hivemq-platform-operator] [3bb6ffe9] 18:45:33.759 [ReconcilerExecutor-hivemq-controller-118] INFO  c.h.p.o.HiveMQPlatformReconciler - [helmcust] Reconciling HiveMQ Platform 'test-hivemq-platform' in namespace 'helmcustomsecretconfigit'
2025-01-30 18:45:33,760 INFO c.h.h.t.HelmChartContainer - [hivemq-test-hivemq-platform] [hivemq-platform-operator] [3bb6ffe9] 18:45:33.759 [ReconcilerExecutor-hivemq-controller-118] DEBUG c.h.p.o.HiveMQPlatformReconciler - [helmcust] Custom Resource Status STARTING - HiveMQ Platform is starting (READY)
2025-01-30 18:45:33,760 INFO c.h.h.t.HelmChartContainer - [hivemq-test-hivemq-platform] [hivemq-platform-operator] [3bb6ffe9] 18:45:33.759 [ReconcilerExecutor-hivemq-controller-118] DEBUG c.h.p.o.HiveMQPlatformReconciler - [helmcust] Custom Resource Spec (replicas: 2) (extensions: 1)
2025-01-30 18:45:33,762 INFO c.h.h.t.HelmChartContainer - [hivemq-test-hivemq-platform] [hivemq-platform-operator] [3bb6ffe9] 18:45:33.761 [ReconcilerExecutor-hivemq-controller-118] DEBUG c.h.p.o.HiveMQPlatformReconciler - [helmcust] StatefulSet Status (revision: test-hivemq-platform-7f5cbb4b76, replicas: 2, available: 1, ready: 1, current: 2, updated: 2)
2025-01-30 18:45:33,762 INFO c.h.h.t.HelmChartContainer - [hivemq-test-hivemq-platform] [hivemq-platform-operator] [3bb6ffe9] 18:45:33.761 [ReconcilerExecutor-hivemq-controller-118] DEBUG c.h.p.o.HiveMQPlatformReconciler - [helmcust] StatefulSet Spec (replicas: 2, init containers: 1, containers: 1, volumes: 3)
2025-01-30 18:45:33,764 INFO c.h.h.t.HelmChartContainer - [hivemq-test-hivemq-platform] [hivemq-platform-operator] [3bb6ffe9] 18:45:33.762 [ReconcilerExecutor-hivemq-controller-118] DEBUG c.h.p.o.h.HiveMQPlatformReconcilerErrorHandler - [helmcust] Pod 'test-hivemq-platform-1' phase Running
2025-01-30 18:45:33,764 INFO c.h.h.t.HelmChartContainer - [hivemq-test-hivemq-platform] [hivemq-platform-operator] [3bb6ffe9] 18:45:33.763 [ReconcilerExecutor-hivemq-controller-118] DEBUG c.h.p.o.h.HiveMQPlatformReconcilerErrorHandler - [helmcust] Pod 'test-hivemq-platform-0' phase Running
2025-01-30 18:45:33,764 INFO c.h.h.t.HelmChartContainer - [hivemq-test-hivemq-platform] [hivemq-platform-operator] [3bb6ffe9] 18:45:33.763 [ReconcilerExecutor-hivemq-controller-118] INFO  c.h.p.o.h.HiveMQPlatformReconcilerBaseHandler - [helmcust] HiveMQ Platform is starting, 1 of 2 replicas are ready
2025-01-30 18:45:35,121 INFO c.h.h.t.HelmChartContainer - [test-hivemq-platform] [hivemq] [6d22f90b] WARN  - [HiveMQ Platform Operator Init App 1.7.0-SNAPSHOT] Cannot connect to Health API for readiness: null
2025-01-30 18:45:35,129 INFO c.h.h.t.HelmChartContainer - [EVENT] Warning [Unhealthy] Readiness probe failed: HTTP probe failed with statuscode: 503 [helmcustomsecretconfigit:test-hivemq-platform-1]
2025-01-30 18:45:35,129 INFO c.h.h.t.HelmChartContainer - Received Unhealthy event for container hivemq in pod test-hivemq-platform-1 [6d22f90b-f17a-4419-b79f-f2431f790f21]
2025-01-30 18:45:37,183 INFO c.h.h.t.HelmChartContainer - [test-hivemq-platform] [hivemq] [e2279f09] INFO  - [HiveMQ Platform Operator Init App 1.7.0-SNAPSHOT] Returning Health API response 200 for liveness
2025-01-30 18:45:38,525 INFO c.h.h.t.HelmChartContainer - [test-hivemq-platform] [hivemq] [6d22f90b] Jan 30, 2025 6:45:38 PM io.vertx.core.impl.BlockedThreadChecker
2025-01-30 18:45:38,525 INFO c.h.h.t.HelmChartContainer - [test-hivemq-platform] [hivemq] [6d22f90b] WARNING: Thread Thread[vert.x-eventloop-thread-1,5,main] has been blocked for 2695 ms, time limit is 2000 ms
2025-01-30 18:45:39,223 INFO c.h.h.t.HelmChartContainer - [test-hivemq-platform] [hivemq] [6d22f90b] INFO  - [HiveMQ Platform Operator Init App 1.7.0-SNAPSHOT] Updating Pod HiveMQ Platform Operator Init App version annotation (version: 1.7.0-SNAPSHOT)
2025-01-30 18:45:39,726 INFO c.h.h.t.HelmChartContainer - [test-hivemq-platform] [hivemq] [6d22f90b] WARN  - [HiveMQ Platform Operator Init App 1.7.0-SNAPSHOT] Cannot connect to Health API for readiness: null
2025-01-30 18:45:39,733 INFO c.h.h.t.HelmChartContainer - [EVENT] Warning [Unhealthy] Readiness probe failed: HTTP probe failed with statuscode: 503 [helmcustomsecretconfigit:test-hivemq-platform-1]
2025-01-30 18:45:39,733 INFO c.h.h.t.HelmChartContainer - Received Unhealthy event for container hivemq in pod test-hivemq-platform-1 [6d22f90b-f17a-4419-b79f-f2431f790f21]
2025-01-30 18:45:39,838 INFO c.h.h.t.HelmChartContainer - [POD] test-hivemq-platform-1 [6d22f90b-f17a-4419-b79f-f2431f790f21] in helmcustomsecretconfigit was MODIFIED
2025-01-30 18:45:39,841 INFO c.h.h.t.HelmChartContainer - [hivemq-test-hivemq-platform] [hivemq-platform-operator] [3bb6ffe9] 18:45:39.840 [pool-6-thread-18] DEBUG c.h.p.o.d.PlatformServiceResource - [helmcust] Desired Platform services (3 services)
2025-01-30 18:45:39,845 INFO c.h.h.t.HelmChartContainer - [hivemq-test-hivemq-platform] [hivemq-platform-operator] [3bb6ffe9] 18:45:39.843 [pool-6-thread-15] DEBUG c.h.p.o.d.PodServiceAccountResource - [helmcust] Desired PodServiceAccountResource (serviceAccountName: hivemq-platform-pod-test-hivemq-platform)
2025-01-30 18:45:39,845 INFO c.h.h.t.HelmChartContainer - [hivemq-test-hivemq-platform] [hivemq-platform-operator] [3bb6ffe9] 18:45:39.843 [pool-6-thread-11] DEBUG c.h.p.o.dependants.PodInfoConfigMap - [helmcust] Desired PodInfo ConfigMap (1 extensions) (1 enabled)
2025-01-30 18:45:39,845 INFO c.h.h.t.HelmChartContainer - [hivemq-test-hivemq-platform] [hivemq-platform-operator] [3bb6ffe9] 18:45:39.844 [pool-6-thread-11] DEBUG c.h.p.o.dependants.PodInfoConfigMap - [helmcust] Desired PodInfo ConfigMap (metrics port: 9399) (metrics path: /)
2025-01-30 18:45:39,845 INFO c.h.h.t.HelmChartContainer - [hivemq-test-hivemq-platform] [hivemq-platform-operator] [3bb6ffe9] 18:45:39.844 [pool-6-thread-11] DEBUG c.h.p.o.dependants.PodInfoConfigMap - [helmcust] Desired PodInfo ConfigMap (extension state hash: -1817474005)
2025-01-30 18:45:39,851 INFO c.h.h.t.HelmChartContainer - [hivemq-test-hivemq-platform] [hivemq-platform-operator] [3bb6ffe9] 18:45:39.849 [pool-6-thread-18] DEBUG c.h.p.o.d.StatefulSetResource - [helmcust] Desired StatefulSet (2 replicas) for status STARTING (READY)
2025-01-30 18:45:39,859 INFO c.h.h.t.HelmChartContainer - [hivemq-test-hivemq-platform] [hivemq-platform-operator] [3bb6ffe9] 18:45:39.855 [ReconcilerExecutor-hivemq-controller-119] INFO  c.h.p.o.HiveMQPlatformReconciler - [helmcust] Reconciling HiveMQ Platform 'test-hivemq-platform' in namespace 'helmcustomsecretconfigit'
2025-01-30 18:45:39,859 INFO c.h.h.t.HelmChartContainer - [hivemq-test-hivemq-platform] [hivemq-platform-operator] [3bb6ffe9] 18:45:39.855 [ReconcilerExecutor-hivemq-controller-119] DEBUG c.h.p.o.HiveMQPlatformReconciler - [helmcust] Custom Resource Status STARTING - HiveMQ Platform is starting (READY)
2025-01-30 18:45:39,859 INFO c.h.h.t.HelmChartContainer - [hivemq-test-hivemq-platform] [hivemq-platform-operator] [3bb6ffe9] 18:45:39.855 [ReconcilerExecutor-hivemq-controller-119] DEBUG c.h.p.o.HiveMQPlatformReconciler - [helmcust] Custom Resource Spec (replicas: 2) (extensions: 1)
2025-01-30 18:45:39,859 INFO c.h.h.t.HelmChartContainer - [hivemq-test-hivemq-platform] [hivemq-platform-operator] [3bb6ffe9] 18:45:39.857 [ReconcilerExecutor-hivemq-controller-119] DEBUG c.h.p.o.HiveMQPlatformReconciler - [helmcust] StatefulSet Status (revision: test-hivemq-platform-7f5cbb4b76, replicas: 2, available: 1, ready: 1, current: 2, updated: 2)
2025-01-30 18:45:39,859 INFO c.h.h.t.HelmChartContainer - [hivemq-test-hivemq-platform] [hivemq-platform-operator] [3bb6ffe9] 18:45:39.857 [ReconcilerExecutor-hivemq-controller-119] DEBUG c.h.p.o.HiveMQPlatformReconciler - [helmcust] StatefulSet Spec (replicas: 2, init containers: 1, containers: 1, volumes: 3)
2025-01-30 18:45:39,910 INFO c.h.h.t.HelmChartContainer - [hivemq-test-hivemq-platform] [hivemq-platform-operator] [3bb6ffe9] 18:45:39.909 [ReconcilerExecutor-hivemq-controller-119] DEBUG c.h.p.o.h.HiveMQPlatformReconcilerErrorHandler - [helmcust] Pod 'test-hivemq-platform-1' phase Running
2025-01-30 18:45:39,911 INFO c.h.h.t.HelmChartContainer - [hivemq-test-hivemq-platform] [hivemq-platform-operator] [3bb6ffe9] 18:45:39.911 [ReconcilerExecutor-hivemq-controller-119] DEBUG c.h.p.o.h.HiveMQPlatformReconcilerErrorHandler - [helmcust] Pod 'test-hivemq-platform-0' phase Running
2025-01-30 18:45:39,925 INFO c.h.h.t.HelmChartContainer - [test-hivemq-platform] [hivemq] [6d22f90b] INFO  - [HiveMQ Platform Operator Init App 1.7.0-SNAPSHOT] Successfully updated Pod HiveMQ Platform Operator Init App version annotation (version: 1.7.0-SNAPSHOT)
2025-01-30 18:45:39,926 INFO c.h.h.t.HelmChartContainer - [test-hivemq-platform] [hivemq] [6d22f90b] WARN  - [HiveMQ Platform Operator Init App 1.7.0-SNAPSHOT] Cannot connect to Health API for readiness: null
2025-01-30 18:45:39,933 INFO c.h.h.t.HelmChartContainer - [EVENT] Warning [Unhealthy] Readiness probe failed: HTTP probe failed with statuscode: 503 [helmcustomsecretconfigit:test-hivemq-platform-1]
2025-01-30 18:45:39,933 INFO c.h.h.t.HelmChartContainer - Received Unhealthy event for container hivemq in pod test-hivemq-platform-1 [6d22f90b-f17a-4419-b79f-f2431f790f21]
2025-01-30 18:45:39,936 INFO c.h.h.t.HelmChartContainer - [hivemq-test-hivemq-platform] [hivemq-platform-operator] [3bb6ffe9] 18:45:39.935 [ReconcilerExecutor-hivemq-controller-119] INFO  c.h.p.o.h.HiveMQPlatformReconcilerBaseHandler - [helmcust] HiveMQ Platform is starting, 1 of 2 replicas are ready
2025-01-30 18:45:44,836 INFO c.h.h.t.HelmChartContainer - [test-hivemq-platform] [hivemq] [6d22f90b] WARN  - [HiveMQ Platform Operator Init App 1.7.0-SNAPSHOT] Cannot connect to Health API for readiness: null
2025-01-30 18:45:44,843 INFO c.h.h.t.HelmChartContainer - [EVENT] Warning [Unhealthy] Readiness probe failed: HTTP probe failed with statuscode: 503 [helmcustomsecretconfigit:test-hivemq-platform-1]
2025-01-30 18:45:44,843 INFO c.h.h.t.HelmChartContainer - Received Unhealthy event for container hivemq in pod test-hivemq-platform-1 [6d22f90b-f17a-4419-b79f-f2431f790f21]
2025-01-30 18:45:49,920 INFO c.h.h.t.HelmChartContainer - [test-hivemq-platform] [hivemq] [6d22f90b] WARN  - [HiveMQ Platform Operator Init App 1.7.0-SNAPSHOT] Cannot connect to Health API for readiness: null
2025-01-30 18:45:49,926 INFO c.h.h.t.HelmChartContainer - [EVENT] Warning [Unhealthy] Readiness probe failed: HTTP probe failed with statuscode: 503 [helmcustomsecretconfigit:test-hivemq-platform-1]
2025-01-30 18:45:49,926 INFO c.h.h.t.HelmChartContainer - Received Unhealthy event for container hivemq in pod test-hivemq-platform-1 [6d22f90b-f17a-4419-b79f-f2431f790f21]
2025-01-30 18:45:49,941 INFO c.h.h.t.HelmChartContainer - [hivemq-test-hivemq-platform] [hivemq-platform-operator] [3bb6ffe9] 18:45:49.940 [pool-6-thread-22] DEBUG c.h.p.o.d.PodServiceAccountResource - [helmcust] Desired PodServiceAccountResource (serviceAccountName: hivemq-platform-pod-test-hivemq-platform)
2025-01-30 18:45:49,944 INFO c.h.h.t.HelmChartContainer - [hivemq-test-hivemq-platform] [hivemq-platform-operator] [3bb6ffe9] 18:45:49.941 [pool-6-thread-27] DEBUG c.h.p.o.dependants.PodInfoConfigMap - [helmcust] Desired PodInfo ConfigMap (1 extensions) (1 enabled)
2025-01-30 18:45:49,945 INFO c.h.h.t.HelmChartContainer - [hivemq-test-hivemq-platform] [hivemq-platform-operator] [3bb6ffe9] 18:45:49.939 [pool-6-thread-24] DEBUG c.h.p.o.d.PlatformServiceResource - [helmcust] Desired Platform services (3 services)
2025-01-30 18:45:49,945 INFO c.h.h.t.HelmChartContainer - [hivemq-test-hivemq-platform] [hivemq-platform-operator] [3bb6ffe9] 18:45:49.942 [pool-6-thread-27] DEBUG c.h.p.o.dependants.PodInfoConfigMap - [helmcust] Desired PodInfo ConfigMap (metrics port: 9399) (metrics path: /)
2025-01-30 18:45:49,945 INFO c.h.h.t.HelmChartContainer - [hivemq-test-hivemq-platform] [hivemq-platform-operator] [3bb6ffe9] 18:45:49.942 [pool-6-thread-27] DEBUG c.h.p.o.dependants.PodInfoConfigMap - [helmcust] Desired PodInfo ConfigMap (extension state hash: -1817474005)
2025-01-30 18:45:49,950 INFO c.h.h.t.HelmChartContainer - [hivemq-test-hivemq-platform] [hivemq-platform-operator] [3bb6ffe9] 18:45:49.947 [pool-6-thread-28] DEBUG c.h.p.o.d.StatefulSetResource - [helmcust] Desired StatefulSet (2 replicas) for status STARTING (READY)
2025-01-30 18:45:49,951 INFO c.h.h.t.HelmChartContainer - [hivemq-test-hivemq-platform] [hivemq-platform-operator] [3bb6ffe9] 18:45:49.950 [ReconcilerExecutor-hivemq-controller-120] INFO  c.h.p.o.HiveMQPlatformReconciler - [helmcust] Reconciling HiveMQ Platform 'test-hivemq-platform' in namespace 'helmcustomsecretconfigit'
2025-01-30 18:45:49,951 INFO c.h.h.t.HelmChartContainer - [hivemq-test-hivemq-platform] [hivemq-platform-operator] [3bb6ffe9] 18:45:49.950 [ReconcilerExecutor-hivemq-controller-120] DEBUG c.h.p.o.HiveMQPlatformReconciler - [helmcust] Custom Resource Status STARTING - HiveMQ Platform is starting (READY)
2025-01-30 18:45:49,951 INFO c.h.h.t.HelmChartContainer - [hivemq-test-hivemq-platform] [hivemq-platform-operator] [3bb6ffe9] 18:45:49.950 [ReconcilerExecutor-hivemq-controller-120] DEBUG c.h.p.o.HiveMQPlatformReconciler - [helmcust] Custom Resource Spec (replicas: 2) (extensions: 1)
2025-01-30 18:45:49,952 INFO c.h.h.t.HelmChartContainer - [hivemq-test-hivemq-platform] [hivemq-platform-operator] [3bb6ffe9] 18:45:49.951 [ReconcilerExecutor-hivemq-controller-120] DEBUG c.h.p.o.HiveMQPlatformReconciler - [helmcust] StatefulSet Status (revision: test-hivemq-platform-7f5cbb4b76, replicas: 2, available: 1, ready: 1, current: 2, updated: 2)
2025-01-30 18:45:49,953 INFO c.h.h.t.HelmChartContainer - [hivemq-test-hivemq-platform] [hivemq-platform-operator] [3bb6ffe9] 18:45:49.951 [ReconcilerExecutor-hivemq-controller-120] DEBUG c.h.p.o.HiveMQPlatformReconciler - [helmcust] StatefulSet Spec (replicas: 2, init containers: 1, containers: 1, volumes: 3)
2025-01-30 18:45:49,954 INFO c.h.h.t.HelmChartContainer - [hivemq-test-hivemq-platform] [hivemq-platform-operator] [3bb6ffe9] 18:45:49.953 [ReconcilerExecutor-hivemq-controller-120] DEBUG c.h.p.o.h.HiveMQPlatformReconcilerErrorHandler - [helmcust] Pod 'test-hivemq-platform-1' phase Running
2025-01-30 18:45:49,955 INFO c.h.h.t.HelmChartContainer - [hivemq-test-hivemq-platform] [hivemq-platform-operator] [3bb6ffe9] 18:45:49.954 [ReconcilerExecutor-hivemq-controller-120] DEBUG c.h.p.o.h.HiveMQPlatformReconcilerErrorHandler - [helmcust] Pod 'test-hivemq-platform-0' phase Running
2025-01-30 18:45:49,956 INFO c.h.h.t.HelmChartContainer - [hivemq-test-hivemq-platform] [hivemq-platform-operator] [3bb6ffe9] 18:45:49.955 [ReconcilerExecutor-hivemq-controller-120] INFO  c.h.p.o.h.HiveMQPlatformReconcilerBaseHandler - [helmcust] HiveMQ Platform is starting, 1 of 2 replicas are ready
2025-01-30 18:45:51,424 INFO c.h.h.t.HelmChartContainer - [test-hivemq-platform] [hivemq] [6d22f90b] INFO  - No valid license file found. Using trial license, restricted to 25 connections.
2025-01-30 18:45:51,626 INFO c.h.h.t.HelmChartContainer - [test-hivemq-platform] [hivemq] [6d22f90b] WARN  - [HiveMQ Platform Operator Init App 1.7.0-SNAPSHOT] Cannot connect to Health API for liveness: null
2025-01-30 18:45:51,626 INFO c.h.h.t.HelmChartContainer - [test-hivemq-platform] [hivemq] [6d22f90b] INFO  - [HiveMQ Platform Operator Init App 1.7.0-SNAPSHOT] Returning default Health API response 200 for liveness
2025-01-30 18:45:54,920 INFO c.h.h.t.HelmChartContainer - [test-hivemq-platform] [hivemq] [6d22f90b] WARN  - [HiveMQ Platform Operator Init App 1.7.0-SNAPSHOT] Cannot connect to Health API for readiness: null
2025-01-30 18:45:54,925 INFO c.h.h.t.HelmChartContainer - [EVENT] Warning [Unhealthy] Readiness probe failed: HTTP probe failed with statuscode: 503 [helmcustomsecretconfigit:test-hivemq-platform-1]
2025-01-30 18:45:54,925 INFO c.h.h.t.HelmChartContainer - Received Unhealthy event for container hivemq in pod test-hivemq-platform-1 [6d22f90b-f17a-4419-b79f-f2431f790f21]
2025-01-30 18:45:54,933 INFO c.h.h.t.HelmChartContainer - [test-hivemq-platform] [hivemq] [6d22f90b] INFO  - No valid license file for Data Hub found. Using free license, restricted to 1 policy.
2025-01-30 18:45:56,329 INFO c.h.h.t.HelmChartContainer - [test-hivemq-platform] [hivemq] [6d22f90b] INFO  - Audit Logger started.
2025-01-30 18:45:56,629 INFO c.h.h.t.HelmChartContainer - [test-hivemq-platform] [hivemq] [6d22f90b] INFO  - This node uses '1' CPU cores.
2025-01-30 18:45:56,632 INFO c.h.h.t.HelmChartContainer - [test-hivemq-platform] [hivemq] [6d22f90b] INFO  - Starting HiveMQ Health API on address 0.0.0.0 and port 8889
2025-01-30 18:45:57,332 INFO c.h.h.t.HelmChartContainer - [test-hivemq-platform] [hivemq] [6d22f90b] INFO  - Started HiveMQ Health API in 700ms
2025-01-30 18:45:58,028 INFO c.h.h.t.HelmChartContainer - [test-hivemq-platform] [hivemq] [6d22f90b] INFO  - Starting HiveMQ extension system.
2025-01-30 18:45:58,323 INFO c.h.h.t.HelmChartContainer - [test-hivemq-platform] [hivemq] [6d22f90b] INFO  - Starting extension with id "hivemq-dns-cluster-discovery" at /opt/hivemq/extensions/hivemq-dns-cluster-discovery
2025-01-30 18:45:58,728 INFO c.h.h.t.HelmChartContainer - [test-hivemq-platform] [hivemq] [6d22f90b] INFO  - Extension "DNS Cluster Discovery Extension" version 4.3.2 started successfully.
2025-01-30 18:45:58,729 INFO c.h.h.t.HelmChartContainer - [test-hivemq-platform] [hivemq] [6d22f90b] INFO  - Starting extension with id "hivemq-prometheus-extension" at /opt/hivemq/extensions/hivemq-prometheus-extension
2025-01-30 18:45:58,827 INFO c.h.h.t.HelmChartContainer - [test-hivemq-platform] [hivemq] [6d22f90b] INFO  - Using TCP cluster transport on address 10.42.0.10 and port 7000
2025-01-30 18:45:58,924 INFO c.h.h.t.HelmChartContainer - [test-hivemq-platform] [hivemq] [6d22f90b] INFO  - Using extension cluster discovery
2025-01-30 18:45:59,831 INFO c.h.h.t.HelmChartContainer - [test-hivemq-platform] [hivemq] [6d22f90b] INFO  - Started Jetty Server exposing Prometheus Servlet on URI http://0.0.0.0:9399/
2025-01-30 18:45:59,831 INFO c.h.h.t.HelmChartContainer - [test-hivemq-platform] [hivemq] [6d22f90b] INFO  - Extension "Prometheus Monitoring Extension" version 4.0.12 started successfully.
2025-01-30 18:45:59,831 INFO c.h.h.t.HelmChartContainer - [test-hivemq-platform] [hivemq] [6d22f90b] INFO  - Starting extension with id "hivemq-allow-all-extension" at /opt/hivemq/extensions/hivemq-allow-all-extension
2025-01-30 18:45:59,831 INFO c.h.h.t.HelmChartContainer - [test-hivemq-platform] [hivemq] [6d22f90b] WARN  - 
2025-01-30 18:45:59,831 INFO c.h.h.t.HelmChartContainer - [test-hivemq-platform] [hivemq] [6d22f90b] ################################################################################################################
2025-01-30 18:45:59,831 INFO c.h.h.t.HelmChartContainer - [test-hivemq-platform] [hivemq] [6d22f90b] # This HiveMQ deployment is not secure! You are lacking Authentication and Authorization.                      #
2025-01-30 18:45:59,831 INFO c.h.h.t.HelmChartContainer - [test-hivemq-platform] [hivemq] [6d22f90b] # Right now any MQTT client can connect to the broker with a full set of permissions.                          #
2025-01-30 18:45:59,831 INFO c.h.h.t.HelmChartContainer - [test-hivemq-platform] [hivemq] [6d22f90b] # For production usage, add an appropriate security extension and remove the hivemq-allow-all extension.       #
2025-01-30 18:45:59,831 INFO c.h.h.t.HelmChartContainer - [test-hivemq-platform] [hivemq] [6d22f90b] # You can download security extensions from the HiveMQ Marketplace (https://www.hivemq.com/extensions/).       #
2025-01-30 18:45:59,833 INFO c.h.h.t.HelmChartContainer - [test-hivemq-platform] [hivemq] [6d22f90b] ################################################################################################################
2025-01-30 18:45:59,833 INFO c.h.h.t.HelmChartContainer - [test-hivemq-platform] [hivemq] [6d22f90b] INFO  - Extension "Allow All Extension" version 1.1.1 started successfully.
2025-01-30 18:45:59,938 INFO c.h.h.t.HelmChartContainer - [test-hivemq-platform] [hivemq] [e2279f09] INFO  - Cluster nodes found by discovery: [fPpmH|1] (2) [fPpmH, 5qIWk].
2025-01-30 18:45:59,961 INFO c.h.h.t.HelmChartContainer - [hivemq-test-hivemq-platform] [hivemq-platform-operator] [3bb6ffe9] 18:45:59.958 [pool-6-thread-34] DEBUG c.h.p.o.d.PlatformServiceResource - [helmcust] Desired Platform services (3 services)
2025-01-30 18:45:59,961 INFO c.h.h.t.HelmChartContainer - [hivemq-test-hivemq-platform] [hivemq-platform-operator] [3bb6ffe9] 18:45:59.959 [pool-6-thread-32] DEBUG c.h.p.o.dependants.PodInfoConfigMap - [helmcust] Desired PodInfo ConfigMap (1 extensions) (1 enabled)
2025-01-30 18:45:59,961 INFO c.h.h.t.HelmChartContainer - [hivemq-test-hivemq-platform] [hivemq-platform-operator] [3bb6ffe9] 18:45:59.959 [pool-6-thread-32] DEBUG c.h.p.o.dependants.PodInfoConfigMap - [helmcust] Desired PodInfo ConfigMap (metrics port: 9399) (metrics path: /)
2025-01-30 18:45:59,961 INFO c.h.h.t.HelmChartContainer - [hivemq-test-hivemq-platform] [hivemq-platform-operator] [3bb6ffe9] 18:45:59.959 [pool-6-thread-32] DEBUG c.h.p.o.dependants.PodInfoConfigMap - [helmcust] Desired PodInfo ConfigMap (extension state hash: -1817474005)
2025-01-30 18:45:59,962 INFO c.h.h.t.HelmChartContainer - [hivemq-test-hivemq-platform] [hivemq-platform-operator] [3bb6ffe9] 18:45:59.961 [pool-6-thread-37] DEBUG c.h.p.o.d.PodServiceAccountResource - [helmcust] Desired PodServiceAccountResource (serviceAccountName: hivemq-platform-pod-test-hivemq-platform)
2025-01-30 18:45:59,966 INFO c.h.h.t.HelmChartContainer - [hivemq-test-hivemq-platform] [hivemq-platform-operator] [3bb6ffe9] 18:45:59.965 [pool-6-thread-34] DEBUG c.h.p.o.d.StatefulSetResource - [helmcust] Desired StatefulSet (2 replicas) for status STARTING (READY)
2025-01-30 18:45:59,970 INFO c.h.h.t.HelmChartContainer - [hivemq-test-hivemq-platform] [hivemq-platform-operator] [3bb6ffe9] 18:45:59.969 [ReconcilerExecutor-hivemq-controller-121] INFO  c.h.p.o.HiveMQPlatformReconciler - [helmcust] Reconciling HiveMQ Platform 'test-hivemq-platform' in namespace 'helmcustomsecretconfigit'
2025-01-30 18:45:59,970 INFO c.h.h.t.HelmChartContainer - [hivemq-test-hivemq-platform] [hivemq-platform-operator] [3bb6ffe9] 18:45:59.969 [ReconcilerExecutor-hivemq-controller-121] DEBUG c.h.p.o.HiveMQPlatformReconciler - [helmcust] Custom Resource Status STARTING - HiveMQ Platform is starting (READY)
2025-01-30 18:45:59,970 INFO c.h.h.t.HelmChartContainer - [hivemq-test-hivemq-platform] [hivemq-platform-operator] [3bb6ffe9] 18:45:59.969 [ReconcilerExecutor-hivemq-controller-121] DEBUG c.h.p.o.HiveMQPlatformReconciler - [helmcust] Custom Resource Spec (replicas: 2) (extensions: 1)
2025-01-30 18:45:59,972 INFO c.h.h.t.HelmChartContainer - [hivemq-test-hivemq-platform] [hivemq-platform-operator] [3bb6ffe9] 18:45:59.971 [ReconcilerExecutor-hivemq-controller-121] DEBUG c.h.p.o.HiveMQPlatformReconciler - [helmcust] StatefulSet Status (revision: test-hivemq-platform-7f5cbb4b76, replicas: 2, available: 1, ready: 1, current: 2, updated: 2)
2025-01-30 18:45:59,972 INFO c.h.h.t.HelmChartContainer - [hivemq-test-hivemq-platform] [hivemq-platform-operator] [3bb6ffe9] 18:45:59.971 [ReconcilerExecutor-hivemq-controller-121] DEBUG c.h.p.o.HiveMQPlatformReconciler - [helmcust] StatefulSet Spec (replicas: 2, init containers: 1, containers: 1, volumes: 3)
2025-01-30 18:45:59,974 INFO c.h.h.t.HelmChartContainer - [hivemq-test-hivemq-platform] [hivemq-platform-operator] [3bb6ffe9] 18:45:59.973 [ReconcilerExecutor-hivemq-controller-121] DEBUG c.h.p.o.h.HiveMQPlatformReconcilerErrorHandler - [helmcust] Pod 'test-hivemq-platform-1' phase Running
2025-01-30 18:45:59,976 INFO c.h.h.t.HelmChartContainer - [hivemq-test-hivemq-platform] [hivemq-platform-operator] [3bb6ffe9] 18:45:59.975 [ReconcilerExecutor-hivemq-controller-121] DEBUG c.h.p.o.h.HiveMQPlatformReconcilerErrorHandler - [helmcust] Pod 'test-hivemq-platform-0' phase Running
2025-01-30 18:45:59,976 INFO c.h.h.t.HelmChartContainer - [hivemq-test-hivemq-platform] [hivemq-platform-operator] [3bb6ffe9] 18:45:59.975 [ReconcilerExecutor-hivemq-controller-121] INFO  c.h.p.o.h.HiveMQPlatformReconcilerBaseHandler - [helmcust] HiveMQ Platform is starting, 1 of 2 replicas are ready
2025-01-30 18:46:00,027 INFO c.h.h.t.HelmChartContainer - [test-hivemq-platform] [hivemq] [6d22f90b] INFO  - Cluster nodes found by discovery: [fPpmH|1] (2) [fPpmH, 5qIWk].
2025-01-30 18:46:00,327 INFO c.h.h.t.HelmChartContainer - [test-hivemq-platform] [hivemq] [6d22f90b] INFO  - Cluster size = 1, members : [fPpmH].
2025-01-30 18:46:00,787 INFO c.h.h.t.HelmChartContainer - [test-hivemq-platform] [hivemq] [6d22f90b] INFO  - [HiveMQ Platform Operator Init App 1.7.0-SNAPSHOT] Returning Health API response 503 for readiness
2025-01-30 18:46:00,791 INFO c.h.h.t.HelmChartContainer - [EVENT] Warning [Unhealthy] Readiness probe failed: HTTP probe failed with statuscode: 503 [helmcustomsecretconfigit:test-hivemq-platform-1]
2025-01-30 18:46:00,791 INFO c.h.h.t.HelmChartContainer - Received Unhealthy event for container hivemq in pod test-hivemq-platform-1 [6d22f90b-f17a-4419-b79f-f2431f790f21]
2025-01-30 18:46:00,934 INFO c.h.h.t.HelmChartContainer - [test-hivemq-platform] [hivemq] [6d22f90b] INFO  - Starting cluster join process. This may take a while. Please do not shut down HiveMQ.
2025-01-30 18:46:00,935 INFO c.h.h.t.HelmChartContainer - [test-hivemq-platform] [hivemq] [6d22f90b] INFO  - Cluster join process is still ongoing. Please do not shut down HiveMQ.
2025-01-30 18:46:02,947 INFO c.h.h.t.HelmChartContainer - [test-hivemq-platform] [hivemq] [e2279f09] INFO  - Cluster size = 2, members : [fPpmH, 5qIWk].
2025-01-30 18:46:02,960 INFO c.h.h.t.HelmChartContainer - [test-hivemq-platform] [hivemq] [6d22f90b] INFO  - Cluster size = 2, members : [fPpmH, 5qIWk].
2025-01-30 18:46:02,963 INFO c.h.h.t.HelmChartContainer - [test-hivemq-platform] [hivemq] [6d22f90b] INFO  - Finished cluster join process successfully.
2025-01-30 18:46:02,964 INFO c.h.h.t.HelmChartContainer - [test-hivemq-platform] [hivemq] [6d22f90b] WARN  - No user for HiveMQ Control Center configured. Starting with default user
2025-01-30 18:46:02,964 INFO c.h.h.t.HelmChartContainer - [test-hivemq-platform] [hivemq] [6d22f90b] INFO  - Starting HiveMQ Control Center on address 0.0.0.0 and port 8080
2025-01-30 18:46:03,020 INFO c.h.h.t.HelmChartContainer - [test-hivemq-platform] [hivemq] [6d22f90b] INFO  - Mounting HiveMQ Control Center V2 Preview
2025-01-30 18:46:03,719 INFO c.h.h.t.HelmChartContainer - [test-hivemq-platform] [hivemq] [6d22f90b] INFO  - Started HiveMQ Control Center in 756ms
2025-01-30 18:46:03,734 INFO c.h.h.t.HelmChartContainer - [test-hivemq-platform] [hivemq] [6d22f90b] INFO  - Starting TCP listener on address 0.0.0.0 and port 1883
2025-01-30 18:46:03,820 INFO c.h.h.t.HelmChartContainer - [test-hivemq-platform] [hivemq] [6d22f90b] INFO  - Started TCP Listener on address 0.0.0.0 and on port 1883.
2025-01-30 18:46:03,820 INFO c.h.h.t.HelmChartContainer - [test-hivemq-platform] [hivemq] [6d22f90b] INFO  - Started HiveMQ in 33300ms
2025-01-30 18:46:04,840 INFO c.h.h.t.HelmChartContainer - [test-hivemq-platform] [hivemq] [6d22f90b] INFO  - [HiveMQ Platform Operator Init App 1.7.0-SNAPSHOT] Returning Health API response 200 for readiness
2025-01-30 18:46:04,850 INFO c.h.h.t.HelmChartContainer - [POD] test-hivemq-platform-1 [6d22f90b-f17a-4419-b79f-f2431f790f21] in helmcustomsecretconfigit was MODIFIED
2025-01-30 18:46:04,865 INFO c.h.h.t.HelmChartContainer - [hivemq-test-hivemq-platform] [hivemq-platform-operator] [3bb6ffe9] 18:46:04.861 [pool-6-thread-48] DEBUG c.h.p.o.d.PlatformServiceResource - [helmcust] Desired Platform services (3 services)
2025-01-30 18:46:04,866 INFO c.h.h.t.HelmChartContainer - [hivemq-test-hivemq-platform] [hivemq-platform-operator] [3bb6ffe9] 18:46:04.863 [pool-6-thread-47] DEBUG c.h.p.o.dependants.PodInfoConfigMap - [helmcust] Desired PodInfo ConfigMap (1 extensions) (1 enabled)
2025-01-30 18:46:04,866 INFO c.h.h.t.HelmChartContainer - [hivemq-test-hivemq-platform] [hivemq-platform-operator] [3bb6ffe9] 18:46:04.863 [pool-6-thread-47] DEBUG c.h.p.o.dependants.PodInfoConfigMap - [helmcust] Desired PodInfo ConfigMap (metrics port: 9399) (metrics path: /)
2025-01-30 18:46:04,866 INFO c.h.h.t.HelmChartContainer - [hivemq-test-hivemq-platform] [hivemq-platform-operator] [3bb6ffe9] 18:46:04.863 [pool-6-thread-47] DEBUG c.h.p.o.dependants.PodInfoConfigMap - [helmcust] Desired PodInfo ConfigMap (extension state hash: -1817474005)
2025-01-30 18:46:04,872 INFO c.h.h.t.HelmChartContainer - [hivemq-test-hivemq-platform] [hivemq-platform-operator] [3bb6ffe9] 18:46:04.865 [pool-6-thread-47] DEBUG c.h.p.o.d.PodServiceAccountResource - [helmcust] Desired PodServiceAccountResource (serviceAccountName: hivemq-platform-pod-test-hivemq-platform)
2025-01-30 18:46:04,874 INFO c.h.h.t.HelmChartContainer - [hivemq-test-hivemq-platform] [hivemq-platform-operator] [3bb6ffe9] 18:46:04.873 [pool-6-thread-48] DEBUG c.h.p.o.d.StatefulSetResource - [helmcust] Desired StatefulSet (2 replicas) for status STARTING (READY)
2025-01-30 18:46:04,884 INFO c.h.h.t.HelmChartContainer - [hivemq-test-hivemq-platform] [hivemq-platform-operator] [3bb6ffe9] 18:46:04.882 [ReconcilerExecutor-hivemq-controller-122] INFO  c.h.p.o.HiveMQPlatformReconciler - [helmcust] Reconciling HiveMQ Platform 'test-hivemq-platform' in namespace 'helmcustomsecretconfigit'
2025-01-30 18:46:04,884 INFO c.h.h.t.HelmChartContainer - [hivemq-test-hivemq-platform] [hivemq-platform-operator] [3bb6ffe9] 18:46:04.882 [ReconcilerExecutor-hivemq-controller-122] DEBUG c.h.p.o.HiveMQPlatformReconciler - [helmcust] Custom Resource Status STARTING - HiveMQ Platform is starting (READY)
2025-01-30 18:46:04,884 INFO c.h.h.t.HelmChartContainer - [hivemq-test-hivemq-platform] [hivemq-platform-operator] [3bb6ffe9] 18:46:04.882 [ReconcilerExecutor-hivemq-controller-122] DEBUG c.h.p.o.HiveMQPlatformReconciler - [helmcust] Custom Resource Spec (replicas: 2) (extensions: 1)
2025-01-30 18:46:04,886 INFO c.h.h.t.HelmChartContainer - [hivemq-test-hivemq-platform] [hivemq-platform-operator] [3bb6ffe9] 18:46:04.884 [ReconcilerExecutor-hivemq-controller-122] DEBUG c.h.p.o.HiveMQPlatformReconciler - [helmcust] StatefulSet Status (revision: test-hivemq-platform-7f5cbb4b76, replicas: 2, available: 2, ready: 2, current: 2, updated: 2)
2025-01-30 18:46:04,886 INFO c.h.h.t.HelmChartContainer - [hivemq-test-hivemq-platform] [hivemq-platform-operator] [3bb6ffe9] 18:46:04.884 [ReconcilerExecutor-hivemq-controller-122] DEBUG c.h.p.o.HiveMQPlatformReconciler - [helmcust] StatefulSet Spec (replicas: 2, init containers: 1, containers: 1, volumes: 3)
2025-01-30 18:46:04,887 INFO c.h.h.t.HelmChartContainer - [hivemq-test-hivemq-platform] [hivemq-platform-operator] [3bb6ffe9] 18:46:04.885 [ReconcilerExecutor-hivemq-controller-122] DEBUG c.h.p.o.h.HiveMQPlatformReconcilerErrorHandler - [helmcust] Pod 'test-hivemq-platform-1' phase Running
2025-01-30 18:46:04,888 INFO c.h.h.t.HelmChartContainer - [hivemq-test-hivemq-platform] [hivemq-platform-operator] [3bb6ffe9] 18:46:04.886 [ReconcilerExecutor-hivemq-controller-122] DEBUG c.h.p.o.h.HiveMQPlatformReconcilerErrorHandler - [helmcust] Pod 'test-hivemq-platform-0' phase Running
2025-01-30 18:46:04,888 INFO c.h.h.t.HelmChartContainer - [hivemq-test-hivemq-platform] [hivemq-platform-operator] [3bb6ffe9] 18:46:04.886 [ReconcilerExecutor-hivemq-controller-122] INFO  c.h.p.o.h.HiveMQPlatformReconcilerBaseHandler - [helmcust] HiveMQ Platform started successfully
2025-01-30 18:46:05,040 INFO c.h.h.t.HelmChartContainer - [hivemq-test-hivemq-platform] [hivemq-platform-operator] [3bb6ffe9] 18:46:05.039 [ReconcilerExecutor-hivemq-controller-122] DEBUG c.h.p.operator.event.EventSender - [helmcust] Creating K8s event hivemq-platform-ready: [Ready] HiveMQ Platform is ready
2025-01-30 18:46:05,043 INFO c.h.h.t.HelmChartContainer - [EVENT] Normal [Ready] HiveMQ Platform is ready [helmcustomsecretconfigit:test-hivemq-platform]
2025-01-30 18:46:05,044 INFO c.h.h.t.HelmChartContainer - [hivemq-test-hivemq-platform] [hivemq-platform-operator] [3bb6ffe9] 18:46:05.043 [ReconcilerExecutor-hivemq-controller-122] INFO  c.h.p.o.h.AbstractHiveMQReconcilerStateHandler - [helmcust] Update HiveMQ Platform Status (STARTING [READY] -> RUNNING [READY]): HiveMQ Platform is ready
2025-01-30 18:46:05,052 DEBUG com.hivemq.helmcharts.util.K8sUtil - Comparing actual state 'RUNNING' and waiting for 'RUNNING'
2025-01-30 18:46:05,059 INFO c.h.h.t.HelmChartContainer - [hivemq-test-hivemq-platform] [hivemq-platform-operator] [3bb6ffe9] 18:46:05.055 [pool-6-thread-5] DEBUG c.h.p.o.d.PlatformServiceResource - [helmcust] Desired Platform services (3 services)
2025-01-30 18:46:05,059 INFO c.h.h.t.HelmChartContainer - [hivemq-test-hivemq-platform] [hivemq-platform-operator] [3bb6ffe9] 18:46:05.056 [pool-6-thread-8] DEBUG c.h.p.o.dependants.PodInfoConfigMap - [helmcust] Desired PodInfo ConfigMap (1 extensions) (1 enabled)
2025-01-30 18:46:05,059 INFO c.h.h.t.HelmChartContainer - [hivemq-test-hivemq-platform] [hivemq-platform-operator] [3bb6ffe9] 18:46:05.056 [pool-6-thread-8] DEBUG c.h.p.o.dependants.PodInfoConfigMap - [helmcust] Desired PodInfo ConfigMap (metrics port: 9399) (metrics path: /)
2025-01-30 18:46:05,059 INFO c.h.h.t.HelmChartContainer - [hivemq-test-hivemq-platform] [hivemq-platform-operator] [3bb6ffe9] 18:46:05.056 [pool-6-thread-8] DEBUG c.h.p.o.dependants.PodInfoConfigMap - [helmcust] Desired PodInfo ConfigMap (extension state hash: -1817474005)
2025-01-30 18:46:05,059 INFO c.h.h.t.HelmChartContainer - [hivemq-test-hivemq-platform] [hivemq-platform-operator] [3bb6ffe9] 18:46:05.056 [pool-6-thread-8] DEBUG c.h.p.o.dependants.PodInfoConfigMap - [helmcust] Update PodInfo ConfigMap
2025-01-30 18:46:05,061 INFO c.h.h.t.HelmChartContainer - [hivemq-test-hivemq-platform] [hivemq-platform-operator] [3bb6ffe9] 18:46:05.056 [pool-6-thread-10] DEBUG c.h.p.o.d.PodServiceAccountResource - [helmcust] Desired PodServiceAccountResource (serviceAccountName: hivemq-platform-pod-test-hivemq-platform)
2025-01-30 18:46:05,138 INFO c.h.h.t.HelmChartContainer - [hivemq-test-hivemq-platform] [hivemq-platform-operator] [3bb6ffe9] 18:46:05.137 [pool-6-thread-8] DEBUG c.h.p.o.d.StatefulSetResource - [helmcust] Desired StatefulSet (2 replicas) for status RUNNING (READY)
2025-01-30 18:46:05,141 INFO c.h.h.t.HelmChartContainer - [hivemq-test-hivemq-platform] [hivemq-platform-operator] [3bb6ffe9] 18:46:05.140 [ReconcilerExecutor-hivemq-controller-123] INFO  c.h.p.o.HiveMQPlatformReconciler - [helmcust] Reconciling HiveMQ Platform 'test-hivemq-platform' in namespace 'helmcustomsecretconfigit'
2025-01-30 18:46:05,141 INFO c.h.h.t.HelmChartContainer - [hivemq-test-hivemq-platform] [hivemq-platform-operator] [3bb6ffe9] 18:46:05.140 [ReconcilerExecutor-hivemq-controller-123] DEBUG c.h.p.o.HiveMQPlatformReconciler - [helmcust] Custom Resource Status RUNNING - HiveMQ Platform is ready (READY)
2025-01-30 18:46:05,141 INFO c.h.h.t.HelmChartContainer - [hivemq-test-hivemq-platform] [hivemq-platform-operator] [3bb6ffe9] 18:46:05.140 [ReconcilerExecutor-hivemq-controller-123] DEBUG c.h.p.o.HiveMQPlatformReconciler - [helmcust] Custom Resource Spec (replicas: 2) (extensions: 1)
2025-01-30 18:46:05,142 INFO c.h.h.t.HelmChartContainer - [hivemq-test-hivemq-platform] [hivemq-platform-operator] [3bb6ffe9] 18:46:05.141 [ReconcilerExecutor-hivemq-controller-123] DEBUG c.h.p.o.HiveMQPlatformReconciler - [helmcust] StatefulSet Status (revision: test-hivemq-platform-7f5cbb4b76, replicas: 2, available: 2, ready: 2, current: 2, updated: 2)
2025-01-30 18:46:05,142 INFO c.h.h.t.HelmChartContainer - [hivemq-test-hivemq-platform] [hivemq-platform-operator] [3bb6ffe9] 18:46:05.141 [ReconcilerExecutor-hivemq-controller-123] DEBUG c.h.p.o.HiveMQPlatformReconciler - [helmcust] StatefulSet Spec (replicas: 2, init containers: 1, containers: 1, volumes: 3)
2025-01-30 18:46:05,143 INFO c.h.h.t.HelmChartContainer - [hivemq-test-hivemq-platform] [hivemq-platform-operator] [3bb6ffe9] 18:46:05.142 [ReconcilerExecutor-hivemq-controller-123] DEBUG c.h.p.o.h.HiveMQPlatformReconcilerErrorHandler - [helmcust] Pod 'test-hivemq-platform-1' phase Running
2025-01-30 18:46:05,144 INFO c.h.h.t.HelmChartContainer - [hivemq-test-hivemq-platform] [hivemq-platform-operator] [3bb6ffe9] 18:46:05.143 [ReconcilerExecutor-hivemq-controller-123] DEBUG c.h.p.o.h.HiveMQPlatformReconcilerErrorHandler - [helmcust] Pod 'test-hivemq-platform-0' phase Running
2025-01-30 18:46:07,080 INFO c.h.h.t.HelmChartContainer - Uninstalling release 'test-hivemq-platform' in namespace 'helmcustomsecretconfigit'...
2025-01-30 18:46:07,080 DEBUG c.h.h.t.HelmChartContainer - Executing helm command: /bin/helm --kubeconfig /etc/rancher/k3s/k3s.yaml uninstall test-hivemq-platform  --wait --timeout 5m0s --cascade foreground --namespace helmcustomsecretconfigit
2025-01-30 18:46:07,286 INFO c.h.h.t.HelmChartContainer - [hivemq-test-hivemq-platform] [hivemq-platform-operator] [3bb6ffe9] 18:46:07.279 [pool-6-thread-15] DEBUG c.h.p.o.d.PlatformServiceResource - [helmcust] Desired Platform services (3 services)
2025-01-30 18:46:07,286 INFO c.h.h.t.HelmChartContainer - [hivemq-test-hivemq-platform] [hivemq-platform-operator] [3bb6ffe9] 18:46:07.283 [pool-6-thread-14] DEBUG c.h.p.o.dependants.PodInfoConfigMap - [helmcust] Desired PodInfo ConfigMap (1 extensions) (1 enabled)
2025-01-30 18:46:07,286 INFO c.h.h.t.HelmChartContainer - [hivemq-test-hivemq-platform] [hivemq-platform-operator] [3bb6ffe9] 18:46:07.283 [pool-6-thread-14] DEBUG c.h.p.o.dependants.PodInfoConfigMap - [helmcust] Desired PodInfo ConfigMap (metrics port: 9399) (metrics path: /)
2025-01-30 18:46:07,286 INFO c.h.h.t.HelmChartContainer - [hivemq-test-hivemq-platform] [hivemq-platform-operator] [3bb6ffe9] 18:46:07.283 [pool-6-thread-14] DEBUG c.h.p.o.dependants.PodInfoConfigMap - [helmcust] Desired PodInfo ConfigMap (extension state hash: -1817474005)
2025-01-30 18:46:07,294 INFO c.h.h.t.HelmChartContainer - [hivemq-test-hivemq-platform] [hivemq-platform-operator] [3bb6ffe9] 18:46:07.286 [pool-6-thread-14] DEBUG c.h.p.o.d.PodServiceAccountResource - [helmcust] Desired PodServiceAccountResource (serviceAccountName: hivemq-platform-pod-test-hivemq-platform)
2025-01-30 18:46:07,294 INFO c.h.h.t.HelmChartContainer - [hivemq-test-hivemq-platform] [hivemq-platform-operator] [3bb6ffe9] 18:46:07.290 [pool-6-thread-14] DEBUG c.h.p.o.d.StatefulSetResource - [helmcust] Desired StatefulSet (2 replicas) for status RUNNING (READY)
2025-01-30 18:46:07,299 INFO c.h.h.t.HelmChartContainer - [hivemq-test-hivemq-platform] [hivemq-platform-operator] [3bb6ffe9] 18:46:07.293 [ReconcilerExecutor-hivemq-controller-124] INFO  c.h.p.o.HiveMQPlatformReconciler - [helmcust] Reconciling HiveMQ Platform 'test-hivemq-platform' in namespace 'helmcustomsecretconfigit'
2025-01-30 18:46:07,300 INFO c.h.h.t.HelmChartContainer - [hivemq-test-hivemq-platform] [hivemq-platform-operator] [3bb6ffe9] 18:46:07.293 [ReconcilerExecutor-hivemq-controller-124] DEBUG c.h.p.o.HiveMQPlatformReconciler - [helmcust] Custom Resource Status RUNNING - HiveMQ Platform is ready (READY)
2025-01-30 18:46:07,300 INFO c.h.h.t.HelmChartContainer - [hivemq-test-hivemq-platform] [hivemq-platform-operator] [3bb6ffe9] 18:46:07.293 [ReconcilerExecutor-hivemq-controller-124] DEBUG c.h.p.o.HiveMQPlatformReconciler - [helmcust] Custom Resource Spec (replicas: 2) (extensions: 1)
2025-01-30 18:46:07,338 INFO c.h.h.t.HelmChartContainer - [hivemq-test-hivemq-platform] [hivemq-platform-operator] [3bb6ffe9] 18:46:07.294 [ReconcilerExecutor-hivemq-controller-124] DEBUG c.h.p.o.HiveMQPlatformReconciler - [helmcust] StatefulSet Status (revision: test-hivemq-platform-7f5cbb4b76, replicas: 2, available: 2, ready: 2, current: 2, updated: 2)
2025-01-30 18:46:07,338 INFO c.h.h.t.HelmChartContainer - [hivemq-test-hivemq-platform] [hivemq-platform-operator] [3bb6ffe9] 18:46:07.335 [ReconcilerExecutor-hivemq-controller-124] DEBUG c.h.p.o.HiveMQPlatformReconciler - [helmcust] StatefulSet Spec (replicas: 2, init containers: 1, containers: 1, volumes: 3)
2025-01-30 18:46:07,339 INFO c.h.h.t.HelmChartContainer - [hivemq-test-hivemq-platform] [hivemq-platform-operator] [3bb6ffe9] 18:46:07.338 [ReconcilerExecutor-hivemq-controller-124] DEBUG c.h.p.o.h.HiveMQPlatformReconcilerErrorHandler - [helmcust] Pod 'test-hivemq-platform-1' phase Running
2025-01-30 18:46:07,441 INFO c.h.h.t.HelmChartContainer - [hivemq-test-hivemq-platform] [hivemq-platform-operator] [3bb6ffe9] 18:46:07.437 [ReconcilerExecutor-hivemq-controller-124] DEBUG c.h.p.o.h.HiveMQPlatformReconcilerErrorHandler - [helmcust] Pod 'test-hivemq-platform-0' phase Running
2025-01-30 18:46:07,441 INFO c.h.h.t.HelmChartContainer - [hivemq-test-hivemq-platform] [hivemq-platform-operator] [3bb6ffe9] 18:46:07.437 [ReconcilerExecutor-hivemq-controller-124] DEBUG c.h.p.o.HiveMQPlatformReconciler - [helmcust] PodInfoConfigMap is not ready yet
2025-01-30 18:46:07,445 INFO c.h.h.t.HelmChartContainer - [hivemq-test-hivemq-platform] [hivemq-platform-operator] [3bb6ffe9] 18:46:07.444 [ReconcilerExecutor-hivemq-controller-132] INFO  c.h.p.o.HiveMQPlatformReconciler - [helmcust] Cleanup test-hivemq-platform - helmcustomsecretconfigit HiveMQ Platform is shut down
2025-01-30 18:46:08,038 INFO c.h.h.t.HelmChartContainer - [POD] test-hivemq-platform-1 [6d22f90b-f17a-4419-b79f-f2431f790f21] in helmcustomsecretconfigit was MODIFIED
2025-01-30 18:46:08,046 INFO c.h.h.t.HelmChartContainer - [EVENT] Normal [Killing] Stopping container hivemq [helmcustomsecretconfigit:test-hivemq-platform-1]
2025-01-30 18:46:08,046 INFO c.h.h.t.HelmChartContainer - Received Killing event for container hivemq in pod test-hivemq-platform-1 [6d22f90b-f17a-4419-b79f-f2431f790f21]
2025-01-30 18:46:08,046 INFO c.h.h.t.HelmChartContainer - Container [test-hivemq-platform-1] [hivemq] [6d22f90b-f17a-4419-b79f-f2431f790f21] was terminated
2025-01-30 18:46:08,046 INFO c.h.h.t.HelmChartContainer - Stopped log watcher for hivemq in pod test-hivemq-platform-1 [6d22f90b-f17a-4419-b79f-f2431f790f21]
2025-01-30 18:46:08,052 INFO c.h.h.t.HelmChartContainer - [test-hivemq-platform] [hivemq] [6d22f90b] INFO  - [HiveMQ Platform Operator Init App 1.7.0-SNAPSHOT] Shutting down
2025-01-30 18:46:08,052 INFO c.h.h.t.HelmChartContainer - [test-hivemq-platform] [hivemq] [6d22f90b] INFO  - [HiveMQ Platform Operator Init App 1.7.0-SNAPSHOT] Stopping the HiveMQ Platform
2025-01-30 18:46:08,092 INFO c.h.h.t.HelmChartContainer - [POD] test-hivemq-platform-0 [e2279f09-2aff-43b9-82ca-a167b8d4ea5b] in helmcustomsecretconfigit was MODIFIED
2025-01-30 18:46:08,110 INFO c.h.h.t.HelmChartContainer - [EVENT] Normal [Killing] Stopping container hivemq [helmcustomsecretconfigit:test-hivemq-platform-0]
2025-01-30 18:46:08,114 INFO c.h.h.t.HelmChartContainer - Received Killing event for container hivemq in pod test-hivemq-platform-0 [e2279f09-2aff-43b9-82ca-a167b8d4ea5b]
2025-01-30 18:46:08,114 INFO c.h.h.t.HelmChartContainer - Container [test-hivemq-platform-0] [hivemq] [e2279f09-2aff-43b9-82ca-a167b8d4ea5b] was terminated
2025-01-30 18:46:08,114 INFO c.h.h.t.HelmChartContainer - Stopped log watcher for hivemq in pod test-hivemq-platform-0 [e2279f09-2aff-43b9-82ca-a167b8d4ea5b]
2025-01-30 18:46:08,115 INFO c.h.h.t.HelmChartContainer - [test-hivemq-platform] [hivemq] [e2279f09] INFO  - [HiveMQ Platform Operator Init App 1.7.0-SNAPSHOT] Shutting down
2025-01-30 18:46:08,115 INFO c.h.h.t.HelmChartContainer - [test-hivemq-platform] [hivemq] [e2279f09] INFO  - [HiveMQ Platform Operator Init App 1.7.0-SNAPSHOT] Stopping the HiveMQ Platform
2025-01-30 18:46:08,225 INFO c.h.h.t.HelmChartContainer - [test-hivemq-platform] [hivemq] [6d22f90b] INFO  - Shutting down HiveMQ. Please wait, this could take a while...
2025-01-30 18:46:08,232 INFO c.h.h.t.HelmChartContainer - [test-hivemq-platform] [hivemq] [6d22f90b] INFO  - Shutting down listeners and clients
2025-01-30 18:46:08,234 INFO c.h.h.t.HelmChartContainer - [test-hivemq-platform] [hivemq] [6d22f90b] INFO  - Shutdown of listeners is done
2025-01-30 18:46:08,234 INFO c.h.h.t.HelmChartContainer - [test-hivemq-platform] [hivemq] [6d22f90b] INFO  - No clients are connected, proceeding with shutdown
2025-01-30 18:46:08,320 INFO c.h.h.t.HelmChartContainer - [test-hivemq-platform] [hivemq] [e2279f09] INFO  - Shutting down HiveMQ. Please wait, this could take a while...
2025-01-30 18:46:08,324 INFO c.h.h.t.HelmChartContainer - [test-hivemq-platform] [hivemq] [e2279f09] INFO  - Shutting down listeners and clients
2025-01-30 18:46:08,334 INFO c.h.h.t.HelmChartContainer - [test-hivemq-platform] [hivemq] [e2279f09] INFO  - Shutdown of listeners is done
2025-01-30 18:46:08,335 INFO c.h.h.t.HelmChartContainer - [test-hivemq-platform] [hivemq] [e2279f09] INFO  - No clients are connected, proceeding with shutdown
2025-01-30 18:46:09,331 INFO c.h.h.t.HelmChartContainer - Deleting namespace 'helmcustomsecretconfigit'...
2025-01-30 18:46:09,835 INFO c.h.h.t.HelmChartContainer - [test-hivemq-platform] [hivemq] [6d22f90b] INFO  - [HiveMQ Platform Operator Init App 1.7.0-SNAPSHOT] Returning shutdown Health API response 503 for readiness
2025-01-30 18:46:09,839 INFO c.h.h.t.HelmChartContainer - [EVENT] Warning [Unhealthy] Readiness probe failed: HTTP probe failed with statuscode: 503 [helmcustomsecretconfigit:test-hivemq-platform-1]
2025-01-30 18:46:09,839 INFO c.h.h.t.HelmChartContainer - Received Unhealthy event for container hivemq in pod test-hivemq-platform-1 [6d22f90b-f17a-4419-b79f-f2431f790f21]
2025-01-30 18:46:10,241 INFO c.h.h.t.HelmChartContainer - [K3S] [authentication.go:74] "Unable to authenticate the request" err="[invalid bearer token, serviceaccounts \"hivemq-platform-pod-test-hivemq-platform\" not found]"
2025-01-30 18:46:10,258 INFO c.h.h.t.HelmChartContainer - [K3S] [authentication.go:74] "Unable to authenticate the request" err="[invalid bearer token, serviceaccounts \"hivemq-platform-pod-test-hivemq-platform\" not found]"
2025-01-30 18:46:10,329 INFO c.h.h.t.HelmChartContainer - [test-hivemq-platform] [hivemq] [6d22f90b] WARN  - [HiveMQ Platform Operator Init App 1.7.0-SNAPSHOT] Could not update Pod annotations: Failure executing: GET at: https://10.43.0.1:443/api/v1/namespaces/helmcustomsecretconfigit/pods/test-hivemq-platform-1. Message: Unauthorized. Received status: Status(apiVersion=v1, code=401, details=null, kind=Status, message=Unauthorized, metadata=ListMeta(_continue=null, remainingItemCount=null, resourceVersion=null, selfLink=null, additionalProperties={}), reason=Unauthorized, status=Failure, additionalProperties={}).
2025-01-30 18:46:11,036 INFO c.h.h.t.HelmChartContainer - [test-hivemq-platform] [hivemq] [6d22f90b] INFO  - Shutting down extension system
2025-01-30 18:46:11,040 INFO c.h.h.t.HelmChartContainer - [test-hivemq-platform] [hivemq] [6d22f90b] INFO  - Stopping extension with id hivemq-dns-cluster-discovery
2025-01-30 18:46:11,041 INFO c.h.h.t.HelmChartContainer - [test-hivemq-platform] [hivemq] [6d22f90b] INFO  - Extension "DNS Cluster Discovery Extension" version 4.3.2 stopped successfully.
2025-01-30 18:46:11,042 INFO c.h.h.t.HelmChartContainer - [test-hivemq-platform] [hivemq] [6d22f90b] INFO  - Stopping extension with id hivemq-prometheus-extension
2025-01-30 18:46:11,046 INFO c.h.h.t.HelmChartContainer - [test-hivemq-platform] [hivemq] [6d22f90b] INFO  - Extension "Prometheus Monitoring Extension" version 4.0.12 stopped successfully.
2025-01-30 18:46:11,046 INFO c.h.h.t.HelmChartContainer - [test-hivemq-platform] [hivemq] [6d22f90b] INFO  - Stopping extension with id hivemq-allow-all-extension
2025-01-30 18:46:11,046 INFO c.h.h.t.HelmChartContainer - [test-hivemq-platform] [hivemq] [6d22f90b] INFO  - Extension "Allow All Extension" version 1.1.1 stopped successfully.
2025-01-30 18:46:11,051 INFO c.h.h.t.HelmChartContainer - [test-hivemq-platform] [hivemq] [e2279f09] INFO  - Cluster nodes found by discovery: [fPpmH|2] (1) [fPpmH].
2025-01-30 18:46:11,060 INFO c.h.h.t.HelmChartContainer - [test-hivemq-platform] [hivemq] [e2279f09] INFO  - Cluster size = 1, members : [fPpmH].
2025-01-30 18:46:11,252 INFO c.h.h.t.HelmChartContainer - [test-hivemq-platform] [hivemq] [e2279f09] INFO  - [HiveMQ Platform Operator Init App 1.7.0-SNAPSHOT] Returning shutdown Health API response 503 for readiness
2025-01-30 18:46:11,257 INFO c.h.h.t.HelmChartContainer - [EVENT] Warning [Unhealthy] Readiness probe failed: HTTP probe failed with statuscode: 503 [helmcustomsecretconfigit:test-hivemq-platform-0]
2025-01-30 18:46:11,257 INFO c.h.h.t.HelmChartContainer - Received Unhealthy event for container hivemq in pod test-hivemq-platform-0 [e2279f09-2aff-43b9-82ca-a167b8d4ea5b]
2025-01-30 18:46:11,352 INFO c.h.h.t.HelmChartContainer - [test-hivemq-platform] [hivemq] [e2279f09] INFO  - Shutting down extension system
2025-01-30 18:46:11,354 INFO c.h.h.t.HelmChartContainer - [test-hivemq-platform] [hivemq] [e2279f09] INFO  - Stopping extension with id hivemq-dns-cluster-discovery
2025-01-30 18:46:11,355 INFO c.h.h.t.HelmChartContainer - [test-hivemq-platform] [hivemq] [e2279f09] INFO  - Extension "DNS Cluster Discovery Extension" version 4.3.2 stopped successfully.
2025-01-30 18:46:11,356 INFO c.h.h.t.HelmChartContainer - [test-hivemq-platform] [hivemq] [e2279f09] INFO  - Stopping extension with id hivemq-prometheus-extension
2025-01-30 18:46:11,362 INFO c.h.h.t.HelmChartContainer - [test-hivemq-platform] [hivemq] [e2279f09] INFO  - Extension "Prometheus Monitoring Extension" version 4.0.12 stopped successfully.
2025-01-30 18:46:11,362 INFO c.h.h.t.HelmChartContainer - [test-hivemq-platform] [hivemq] [e2279f09] INFO  - Stopping extension with id hivemq-allow-all-extension
2025-01-30 18:46:11,362 INFO c.h.h.t.HelmChartContainer - [test-hivemq-platform] [hivemq] [e2279f09] INFO  - Extension "Allow All Extension" version 1.1.1 stopped successfully.
2025-01-30 18:46:11,740 INFO c.h.h.t.HelmChartContainer - [test-hivemq-platform] [hivemq] [e2279f09] WARN  - [HiveMQ Platform Operator Init App 1.7.0-SNAPSHOT] Could not update Pod annotations: Failure executing: GET at: https://10.43.0.1:443/api/v1/namespaces/helmcustomsecretconfigit/pods/test-hivemq-platform-0. Message: pods "test-hivemq-platform-0" is forbidden: User "system:serviceaccount:helmcustomsecretconfigit:hivemq-platform-pod-test-hivemq-platform" cannot get resource "pods" in API group "" in the namespace "helmcustomsecretconfigit". Received status: Status(apiVersion=v1, code=403, details=StatusDetails(causes=[], group=null, kind=pods, name=test-hivemq-platform-0, retryAfterSeconds=null, uid=null, additionalProperties={}), kind=Status, message=pods "test-hivemq-platform-0" is forbidden: User "system:serviceaccount:helmcustomsecretconfigit:hivemq-platform-pod-test-hivemq-platform" cannot get resource "pods" in API group "" in the namespace "helmcustomsecretconfigit", metadata=ListMeta(_continue=null, remainingItemCount=null, resourceVersion=null, selfLink=null, additionalProperties={}), reason=Forbidden, status=Failure, additionalProperties={}).
2025-01-30 18:46:13,390 INFO c.h.h.t.HelmChartContainer - [test-hivemq-platform] [hivemq] [6d22f90b] INFO  - Shutdown completed.
2025-01-30 18:46:13,720 INFO c.h.h.t.HelmChartContainer - [test-hivemq-platform] [hivemq] [e2279f09] INFO  - Shutdown completed.
2025-01-30 18:46:13,773 INFO c.h.h.t.HelmChartContainer - [test-hivemq-platform] [hivemq] [6d22f90b] INFO  - [HiveMQ Platform Operator Init App 1.7.0-SNAPSHOT] The HiveMQ Platform exited with code 143
2025-01-30 18:46:13,773 INFO c.h.h.t.HelmChartContainer - [test-hivemq-platform] [hivemq] [6d22f90b] INFO  - [HiveMQ Platform Operator Init App 1.7.0-SNAPSHOT] Stopping the REST API
2025-01-30 18:46:13,779 INFO c.h.h.t.HelmChartContainer - [test-hivemq-platform] [hivemq] [6d22f90b] INFO  - [HiveMQ Platform Operator Init App 1.7.0-SNAPSHOT] Shutdown complete
2025-01-30 18:46:14,066 INFO c.h.h.t.HelmChartContainer - [test-hivemq-platform] [hivemq] [e2279f09] INFO  - [HiveMQ Platform Operator Init App 1.7.0-SNAPSHOT] The HiveMQ Platform exited with code 143
2025-01-30 18:46:14,066 INFO c.h.h.t.HelmChartContainer - [test-hivemq-platform] [hivemq] [e2279f09] INFO  - [HiveMQ Platform Operator Init App 1.7.0-SNAPSHOT] Stopping the REST API
2025-01-30 18:46:14,135 INFO c.h.h.t.HelmChartContainer - [test-hivemq-platform] [hivemq] [e2279f09] INFO  - [HiveMQ Platform Operator Init App 1.7.0-SNAPSHOT] Shutdown complete
2025-01-30 18:46:14,309 INFO c.h.h.t.HelmChartContainer - [POD] test-hivemq-platform-1 [6d22f90b-f17a-4419-b79f-f2431f790f21] in helmcustomsecretconfigit was MODIFIED
2025-01-30 18:46:14,309 INFO c.h.h.t.HelmChartContainer - [K3S] [stateful_set.go:438] "Unhandled Error" err="error syncing StatefulSet helmcustomsecretconfigit/test-hivemq-platform, requeuing: controllerrevisions.apps \"test-hivemq-platform-7f5cbb4b76\" is forbidden: unable to create new content in namespace helmcustomsecretconfigit because it is being terminated"
2025-01-30 18:46:14,318 INFO c.h.h.t.HelmChartContainer - [K3S] [stateful_set.go:438] "Unhandled Error" err="error syncing StatefulSet helmcustomsecretconfigit/test-hivemq-platform, requeuing: controllerrevisions.apps \"test-hivemq-platform-7f5cbb4b76\" is forbidden: unable to create new content in namespace helmcustomsecretconfigit because it is being terminated"
2025-01-30 18:46:14,331 INFO c.h.h.t.HelmChartContainer - [K3S] [stateful_set.go:438] "Unhandled Error" err="error syncing StatefulSet helmcustomsecretconfigit/test-hivemq-platform, requeuing: controllerrevisions.apps \"test-hivemq-platform-7f5cbb4b76\" is forbidden: unable to create new content in namespace helmcustomsecretconfigit because it is being terminated"
2025-01-30 18:46:14,355 INFO c.h.h.t.HelmChartContainer - [K3S] [stateful_set.go:438] "Unhandled Error" err="error syncing StatefulSet helmcustomsecretconfigit/test-hivemq-platform, requeuing: controllerrevisions.apps \"test-hivemq-platform-7f5cbb4b76\" is forbidden: unable to create new content in namespace helmcustomsecretconfigit because it is being terminated"
2025-01-30 18:46:14,389 INFO c.h.h.t.HelmChartContainer - [K3S] [reconciler_common.go:162] "operationExecutor.UnmountVolume started for volume \"operator-init\" (UniqueName: \"kubernetes.io/empty-dir/6d22f90b-f17a-4419-b79f-f2431f790f21-operator-init\") pod \"6d22f90b-f17a-4419-b79f-f2431f790f21\" (UID: \"6d22f90b-f17a-4419-b79f-f2431f790f21\") "
2025-01-30 18:46:14,389 INFO c.h.h.t.HelmChartContainer - [K3S] [reconciler_common.go:162] "operationExecutor.UnmountVolume started for volume \"kube-api-access-2kf24\" (UniqueName: \"kubernetes.io/projected/6d22f90b-f17a-4419-b79f-f2431f790f21-kube-api-access-2kf24\") pod \"6d22f90b-f17a-4419-b79f-f2431f790f21\" (UID: \"6d22f90b-f17a-4419-b79f-f2431f790f21\") "
2025-01-30 18:46:14,389 INFO c.h.h.t.HelmChartContainer - [K3S] [reconciler_common.go:162] "operationExecutor.UnmountVolume started for volume \"broker-configuration\" (UniqueName: \"kubernetes.io/secret/6d22f90b-f17a-4419-b79f-f2431f790f21-broker-configuration\") pod \"6d22f90b-f17a-4419-b79f-f2431f790f21\" (UID: \"6d22f90b-f17a-4419-b79f-f2431f790f21\") "
2025-01-30 18:46:14,389 INFO c.h.h.t.HelmChartContainer - [K3S] [reconciler_common.go:162] "operationExecutor.UnmountVolume started for volume \"pod-info\" (UniqueName: \"kubernetes.io/configmap/6d22f90b-f17a-4419-b79f-f2431f790f21-pod-info\") pod \"6d22f90b-f17a-4419-b79f-f2431f790f21\" (UID: \"6d22f90b-f17a-4419-b79f-f2431f790f21\") "
2025-01-30 18:46:14,397 INFO c.h.h.t.HelmChartContainer - [K3S] [stateful_set.go:438] "Unhandled Error" err="error syncing StatefulSet helmcustomsecretconfigit/test-hivemq-platform, requeuing: controllerrevisions.apps \"test-hivemq-platform-7f5cbb4b76\" is forbidden: unable to create new content in namespace helmcustomsecretconfigit because it is being terminated"
2025-01-30 18:46:14,482 INFO c.h.h.t.HelmChartContainer - [K3S] [stateful_set.go:438] "Unhandled Error" err="error syncing StatefulSet helmcustomsecretconfigit/test-hivemq-platform, requeuing: controllerrevisions.apps \"test-hivemq-platform-7f5cbb4b76\" is forbidden: unable to create new content in namespace helmcustomsecretconfigit because it is being terminated"
2025-01-30 18:46:14,489 INFO c.h.h.t.HelmChartContainer - [K3S] [reconciler_common.go:299] "Volume detached for volume \"operator-init\" (UniqueName: \"kubernetes.io/empty-dir/6d22f90b-f17a-4419-b79f-f2431f790f21-operator-init\") on node \"ea8e80bdeb75\" DevicePath \"\""
2025-01-30 18:46:14,489 INFO c.h.h.t.HelmChartContainer - [K3S] [reconciler_common.go:299] "Volume detached for volume \"kube-api-access-2kf24\" (UniqueName: \"kubernetes.io/projected/6d22f90b-f17a-4419-b79f-f2431f790f21-kube-api-access-2kf24\") on node \"ea8e80bdeb75\" DevicePath \"\""
2025-01-30 18:46:14,490 INFO c.h.h.t.HelmChartContainer - [K3S] [reconciler_common.go:299] "Volume detached for volume \"broker-configuration\" (UniqueName: \"kubernetes.io/secret/6d22f90b-f17a-4419-b79f-f2431f790f21-broker-configuration\") on node \"ea8e80bdeb75\" DevicePath \"\""
2025-01-30 18:46:14,490 INFO c.h.h.t.HelmChartContainer - [K3S] [reconciler_common.go:299] "Volume detached for volume \"pod-info\" (UniqueName: \"kubernetes.io/configmap/6d22f90b-f17a-4419-b79f-f2431f790f21-pod-info\") on node \"ea8e80bdeb75\" DevicePath \"\""
2025-01-30 18:46:14,499 INFO c.h.h.t.HelmChartContainer - [K3S] [stateful_set.go:466] "StatefulSet has been deleted" key="helmcustomsecretconfigit/test-hivemq-platform"
2025-01-30 18:46:14,583 INFO c.h.h.t.HelmChartContainer - [POD] test-hivemq-platform-0 [e2279f09-2aff-43b9-82ca-a167b8d4ea5b] in helmcustomsecretconfigit was MODIFIED
2025-01-30 18:46:14,590 INFO c.h.h.t.HelmChartContainer - [K3S] [reconciler_common.go:162] "operationExecutor.UnmountVolume started for volume \"kube-api-access-klm8f\" (UniqueName: \"kubernetes.io/projected/e2279f09-2aff-43b9-82ca-a167b8d4ea5b-kube-api-access-klm8f\") pod \"e2279f09-2aff-43b9-82ca-a167b8d4ea5b\" (UID: \"e2279f09-2aff-43b9-82ca-a167b8d4ea5b\") "
2025-01-30 18:46:14,591 INFO c.h.h.t.HelmChartContainer - [K3S] [reconciler_common.go:162] "operationExecutor.UnmountVolume started for volume \"pod-info\" (UniqueName: \"kubernetes.io/configmap/e2279f09-2aff-43b9-82ca-a167b8d4ea5b-pod-info\") pod \"e2279f09-2aff-43b9-82ca-a167b8d4ea5b\" (UID: \"e2279f09-2aff-43b9-82ca-a167b8d4ea5b\") "
2025-01-30 18:46:14,591 INFO c.h.h.t.HelmChartContainer - [K3S] [reconciler_common.go:162] "operationExecutor.UnmountVolume started for volume \"broker-configuration\" (UniqueName: \"kubernetes.io/secret/e2279f09-2aff-43b9-82ca-a167b8d4ea5b-broker-configuration\") pod \"e2279f09-2aff-43b9-82ca-a167b8d4ea5b\" (UID: \"e2279f09-2aff-43b9-82ca-a167b8d4ea5b\") "
2025-01-30 18:46:14,591 INFO c.h.h.t.HelmChartContainer - [K3S] [reconciler_common.go:162] "operationExecutor.UnmountVolume started for volume \"operator-init\" (UniqueName: \"kubernetes.io/empty-dir/e2279f09-2aff-43b9-82ca-a167b8d4ea5b-operator-init\") pod \"e2279f09-2aff-43b9-82ca-a167b8d4ea5b\" (UID: \"e2279f09-2aff-43b9-82ca-a167b8d4ea5b\") "
2025-01-30 18:46:14,643 INFO c.h.h.t.HelmChartContainer - [K3S] [stateful_set.go:466] "StatefulSet has been deleted" key="helmcustomsecretconfigit/test-hivemq-platform"
2025-01-30 18:46:14,691 INFO c.h.h.t.HelmChartContainer - [K3S] [reconciler_common.go:299] "Volume detached for volume \"kube-api-access-klm8f\" (UniqueName: \"kubernetes.io/projected/e2279f09-2aff-43b9-82ca-a167b8d4ea5b-kube-api-access-klm8f\") on node \"ea8e80bdeb75\" DevicePath \"\""
2025-01-30 18:46:14,691 INFO c.h.h.t.HelmChartContainer - [K3S] [reconciler_common.go:299] "Volume detached for volume \"pod-info\" (UniqueName: \"kubernetes.io/configmap/e2279f09-2aff-43b9-82ca-a167b8d4ea5b-pod-info\") on node \"ea8e80bdeb75\" DevicePath \"\""
2025-01-30 18:46:14,691 INFO c.h.h.t.HelmChartContainer - [K3S] [reconciler_common.go:299] "Volume detached for volume \"operator-init\" (UniqueName: \"kubernetes.io/empty-dir/e2279f09-2aff-43b9-82ca-a167b8d4ea5b-operator-init\") on node \"ea8e80bdeb75\" DevicePath \"\""
2025-01-30 18:46:14,691 INFO c.h.h.t.HelmChartContainer - [K3S] [reconciler_common.go:299] "Volume detached for volume \"broker-configuration\" (UniqueName: \"kubernetes.io/secret/e2279f09-2aff-43b9-82ca-a167b8d4ea5b-broker-configuration\") on node \"ea8e80bdeb75\" DevicePath \"\""
2025-01-30 18:46:14,751 INFO c.h.h.t.HelmChartContainer - [K3S] [scope.go:117] "RemoveContainer" containerID="6c515757f9631b4c7bd8eed662f7f0076d913f7590ab501acbe55b1c156396a3"
2025-01-30 18:46:14,766 INFO c.h.h.t.HelmChartContainer - [POD] test-hivemq-platform-0 [e2279f09-2aff-43b9-82ca-a167b8d4ea5b] in helmcustomsecretconfigit was MODIFIED
2025-01-30 18:46:14,777 INFO c.h.h.t.HelmChartContainer - [POD] test-hivemq-platform-0 [e2279f09-2aff-43b9-82ca-a167b8d4ea5b] in helmcustomsecretconfigit was DELETED
2025-01-30 18:46:14,783 INFO c.h.h.t.HelmChartContainer - [POD] test-hivemq-platform-1 [6d22f90b-f17a-4419-b79f-f2431f790f21] in helmcustomsecretconfigit was MODIFIED
2025-01-30 18:46:14,793 INFO c.h.h.t.HelmChartContainer - [POD] test-hivemq-platform-1 [6d22f90b-f17a-4419-b79f-f2431f790f21] in helmcustomsecretconfigit was DELETED
2025-01-30 18:46:14,891 INFO c.h.h.t.HelmChartContainer - [K3S] [scope.go:117] "RemoveContainer" containerID="ca81979b1487f2f049864a1be4c6717331c94a9f75df7ef7494519109082f10a"
2025-01-30 18:46:14,895 INFO c.h.h.t.HelmChartContainer - [K3S] [scope.go:117] "RemoveContainer" containerID="6c515757f9631b4c7bd8eed662f7f0076d913f7590ab501acbe55b1c156396a3"
2025-01-30 18:46:14,896 INFO c.h.h.t.HelmChartContainer - [K3S] [scope.go:117] "RemoveContainer" containerID="ca81979b1487f2f049864a1be4c6717331c94a9f75df7ef7494519109082f10a"
2025-01-30 18:46:14,896 INFO c.h.h.t.HelmChartContainer - [K3S] [scope.go:117] "RemoveContainer" containerID="adcb33bcab97c061f559cb188a043afd2fad4648f2280919e8b25fd42f879ac8"
2025-01-30 18:46:14,989 INFO c.h.h.t.HelmChartContainer - [K3S] [scope.go:117] "RemoveContainer" containerID="43f8461f6d8db3ed53da63b7e13430c706e0b5962d9271bce68ba45b83d4fee6"
2025-01-30 18:46:14,992 INFO c.h.h.t.HelmChartContainer - [K3S] [scope.go:117] "RemoveContainer" containerID="adcb33bcab97c061f559cb188a043afd2fad4648f2280919e8b25fd42f879ac8"
2025-01-30 18:46:14,996 INFO c.h.h.t.HelmChartContainer - [K3S] [scope.go:117] "RemoveContainer" containerID="43f8461f6d8db3ed53da63b7e13430c706e0b5962d9271bce68ba45b83d4fee6"
2025-01-30 18:46:15,289 INFO c.h.h.t.HelmChartContainer - [K3S] [kubelet_volumes.go:163] "Cleaned up orphaned pod volumes dir" podUID="6d22f90b-f17a-4419-b79f-f2431f790f21" path="/var/lib/kubelet/pods/6d22f90b-f17a-4419-b79f-f2431f790f21/volumes"
2025-01-30 18:46:15,290 INFO c.h.h.t.HelmChartContainer - [K3S] [kubelet_volumes.go:163] "Cleaned up orphaned pod volumes dir" podUID="e2279f09-2aff-43b9-82ca-a167b8d4ea5b" path="/var/lib/kubelet/pods/e2279f09-2aff-43b9-82ca-a167b8d4ea5b/volumes"
2025-01-30 18:46:19,666 INFO c.h.h.t.HelmChartContainer - Namespace 'helmcustomsecretconfigit' deleted
2025-01-30 18:46:19,666 INFO c.h.h.t.HelmChartContainer - Release 'test-hivemq-platform' in namespace 'helmcustomsecretconfigit' is uninstalled
2025-01-30 18:46:19,666 INFO c.h.h.t.HelmChartContainer - Uninstalling release 'test-hivemq-platform-operator' in namespace 'helmcustomsecretconfigit-operator'...
2025-01-30 18:46:19,667 DEBUG c.h.h.t.HelmChartContainer - Executing helm command: /bin/helm --kubeconfig /etc/rancher/k3s/k3s.yaml uninstall test-hivemq-platform-operator  --wait --timeout 5m0s --cascade foreground --namespace helmcustomsecretconfigit-operator
2025-01-30 18:46:19,858 INFO c.h.h.t.HelmChartContainer - [K3S] [replica_set.go:679] "Finished syncing" kind="ReplicaSet" key="helmcustomsecretconfigit-operator/hivemq-test-hivemq-platform-operator-6966f96d65" duration="9.691441ms"
2025-01-30 18:46:19,858 INFO c.h.h.t.HelmChartContainer - [K3S] [replica_set.go:679] "Finished syncing" kind="ReplicaSet" key="helmcustomsecretconfigit-operator/hivemq-test-hivemq-platform-operator-6966f96d65" duration="36.068µs"
2025-01-30 18:46:19,871 INFO c.h.h.t.HelmChartContainer - [POD] hivemq-test-hivemq-platform-operator-6966f96d65-qkg4n [3bb6ffe9-454b-44c2-b465-d0c46913bf0e] in helmcustomsecretconfigit-operator was MODIFIED
2025-01-30 18:46:19,886 INFO c.h.h.t.HelmChartContainer - [EVENT] Normal [Killing] Stopping container hivemq-platform-operator [helmcustomsecretconfigit-operator:hivemq-test-hivemq-platform-operator-6966f96d65-qkg4n]
2025-01-30 18:46:19,886 INFO c.h.h.t.HelmChartContainer - Received Killing event for container hivemq-platform-operator in pod hivemq-test-hivemq-platform-operator-6966f96d65-qkg4n [3bb6ffe9-454b-44c2-b465-d0c46913bf0e]
2025-01-30 18:46:19,886 INFO c.h.h.t.HelmChartContainer - Container [hivemq-test-hivemq-platform-operator-6966f96d65-qkg4n] [hivemq-platform-operator] [3bb6ffe9-454b-44c2-b465-d0c46913bf0e] was terminated
2025-01-30 18:46:19,886 INFO c.h.h.t.HelmChartContainer - Stopped log watcher for hivemq-platform-operator in pod hivemq-test-hivemq-platform-operator-6966f96d65-qkg4n [3bb6ffe9-454b-44c2-b465-d0c46913bf0e]
2025-01-30 18:46:19,889 INFO c.h.h.t.HelmChartContainer - [hivemq-test-hivemq-platform] [hivemq-platform-operator] [3bb6ffe9] 18:46:19.880 [application-shutdown-thread] INFO  c.h.p.o.HiveMQPlatformOperatorApplication - HiveMQ Platform Operator is stopping...
2025-01-30 18:46:19,889 INFO c.h.h.t.HelmChartContainer - [hivemq-test-hivemq-platform] [hivemq-platform-operator] [3bb6ffe9] 18:46:19.880 [application-shutdown-thread] INFO  i.javaoperatorsdk.operator.Operator - Operator SDK 4.9.7 is shutting down...
2025-01-30 18:46:19,892 INFO c.h.h.t.HelmChartContainer - [K3S] [replica_set.go:679] "Finished syncing" kind="ReplicaSet" key="helmcustomsecretconfigit-operator/hivemq-test-hivemq-platform-operator-6966f96d65" duration="20.270005ms"
2025-01-30 18:46:19,893 INFO c.h.h.t.HelmChartContainer - [K3S] [replica_set.go:679] "Finished syncing" kind="ReplicaSet" key="helmcustomsecretconfigit-operator/hivemq-test-hivemq-platform-operator-6966f96d65" duration="54.543µs"
2025-01-30 18:46:20,377 INFO c.h.h.t.HelmChartContainer - [K3S] [replica_set.go:679] "Finished syncing" kind="ReplicaSet" key="helmcustomsecretconfigit-operator/hivemq-test-hivemq-platform-operator-6966f96d65" duration="45.014µs"
2025-01-30 18:46:20,378 INFO c.h.h.t.HelmChartContainer - [POD] hivemq-test-hivemq-platform-operator-6966f96d65-qkg4n [3bb6ffe9-454b-44c2-b465-d0c46913bf0e] in helmcustomsecretconfigit-operator was MODIFIED
2025-01-30 18:46:20,424 INFO c.h.h.t.HelmChartContainer - [K3S] [reconciler_common.go:162] "operationExecutor.UnmountVolume started for volume \"kube-api-access-vh7s6\" (UniqueName: \"kubernetes.io/projected/3bb6ffe9-454b-44c2-b465-d0c46913bf0e-kube-api-access-vh7s6\") pod \"3bb6ffe9-454b-44c2-b465-d0c46913bf0e\" (UID: \"3bb6ffe9-454b-44c2-b465-d0c46913bf0e\") "
2025-01-30 18:46:20,525 INFO c.h.h.t.HelmChartContainer - [K3S] [reconciler_common.go:299] "Volume detached for volume \"kube-api-access-vh7s6\" (UniqueName: \"kubernetes.io/projected/3bb6ffe9-454b-44c2-b465-d0c46913bf0e-kube-api-access-vh7s6\") on node \"ea8e80bdeb75\" DevicePath \"\""
2025-01-30 18:46:20,769 INFO c.h.h.t.HelmChartContainer - [K3S] [scope.go:117] "RemoveContainer" containerID="98fe6e561cd717404f722c1affdf78b4ef573eeef6a2f277e933f1cfdbf84ecf"
2025-01-30 18:46:20,777 INFO c.h.h.t.HelmChartContainer - [K3S] [scope.go:117] "RemoveContainer" containerID="98fe6e561cd717404f722c1affdf78b4ef573eeef6a2f277e933f1cfdbf84ecf"
2025-01-30 18:46:20,780 INFO c.h.h.t.HelmChartContainer - [K3S] [replica_set.go:679] "Finished syncing" kind="ReplicaSet" key="helmcustomsecretconfigit-operator/hivemq-test-hivemq-platform-operator-6966f96d65" duration="89.267µs"
2025-01-30 18:46:20,781 INFO c.h.h.t.HelmChartContainer - [POD] hivemq-test-hivemq-platform-operator-6966f96d65-qkg4n [3bb6ffe9-454b-44c2-b465-d0c46913bf0e] in helmcustomsecretconfigit-operator was MODIFIED
2025-01-30 18:46:20,783 INFO c.h.h.t.HelmChartContainer - [POD] hivemq-test-hivemq-platform-operator-6966f96d65-qkg4n [3bb6ffe9-454b-44c2-b465-d0c46913bf0e] in helmcustomsecretconfigit-operator was DELETED
2025-01-30 18:46:20,784 INFO c.h.h.t.HelmChartContainer - [K3S] [replica_set.go:679] "Finished syncing" kind="ReplicaSet" key="helmcustomsecretconfigit-operator/hivemq-test-hivemq-platform-operator-6966f96d65" duration="23.294µs"
2025-01-30 18:46:20,797 INFO c.h.h.t.HelmChartContainer - [K3S] [replica_set.go:679] "Finished syncing" kind="ReplicaSet" key="helmcustomsecretconfigit-operator/hivemq-test-hivemq-platform-operator-6966f96d65" duration="7.034µs"
2025-01-30 18:46:21,289 INFO c.h.h.t.HelmChartContainer - [K3S] [kubelet_volumes.go:163] "Cleaned up orphaned pod volumes dir" podUID="3bb6ffe9-454b-44c2-b465-d0c46913bf0e" path="/var/lib/kubelet/pods/3bb6ffe9-454b-44c2-b465-d0c46913bf0e/volumes"
2025-01-30 18:46:21,899 INFO c.h.h.t.HelmChartContainer - Deleting namespace 'helmcustomsecretconfigit-operator'...
2025-01-30 18:46:24,605 INFO c.h.h.t.HelmChartContainer - [K3S] [namespace_controller.go:187] "Namespace has been deleted" namespace="helmcustomsecretconfigit"
2025-01-30 18:46:26,744 INFO c.h.h.t.HelmChartContainer - [K3S] [INFO] COMPACT compactRev=0 targetCompactRev=2 currentRev=1118
2025-01-30 18:46:26,744 INFO c.h.h.t.HelmChartContainer - [K3S] [INFO] COMPACT deleted 0 rows from 2 revisions in 450.565µs - compacted to 2/1118
2025-01-30 18:46:26,745 INFO c.h.h.t.HelmChartContainer - [K3S] [INFO] COMPACT compacted from 0 to 2 in 1 transactions over 1ms
2025-01-30 18:46:27,118 INFO c.h.h.t.HelmChartContainer - Namespace 'helmcustomsecretconfigit-operator' deleted
2025-01-30 18:46:27,118 INFO c.h.h.t.HelmChartContainer - Release 'test-hivemq-platform-operator' in namespace 'helmcustomsecretconfigit-operator' is uninstalled
2025-01-30 18:46:27,953 INFO c.h.helmcharts.AbstractHelmChartIT - Removed unused containers:

2025-01-30 18:46:29,310 INFO c.h.h.t.HelmChartContainer - [K3S] [info.go:53] Couldn't collect info from any of the files in "/etc/machine-id,/var/lib/dbus/machine-id"
2025-01-30 18:46:32,031 INFO c.h.h.t.HelmChartContainer - [K3S] [namespace_controller.go:187] "Namespace has been deleted" namespace="helmcustomsecretconfigit-operator"
2025-01-30 18:46:36,106 INFO c.h.helmcharts.AbstractHelmChartIT - Removed unused snapshots:
Removing snapshot sha256:03af251906410714c5aef9fa705b63f6bbc39c4a5e787de7361eeb18886c2ed2
Removing snapshot sha256:0c46b3b43cce082ce5ec34ffc6c294e0417d17b9d1e6f366d114b6aadc4f96dc
Removing snapshot sha256:0ce761beee59082d6ed5bcebd3a805b8ddd9b3426b617e4809e7fb7c6587ffec
Removing snapshot sha256:0df91287303208332c8ff6ba40ae4710105201739addbfbddfb955f1ad593664
Removing snapshot sha256:1021ef88c7974bfff89c5a0ec4fd3160daac6c48a075f74cff721f85dd104e68
Removing snapshot sha256:10aba4953ddc18145dd38e3704709bc464aa20af60b56fe52caaff4b68411e62
Removing snapshot sha256:1a5fe8c6f6751cd613bf34dee722184995bb9b6eb6074b7e907cb72e365ffc21
Removing snapshot sha256:2573e0d8158209ed54ab25c87bcdcb00bd3d2539246960a3d592a1c599d70465
Removing snapshot sha256:362a8a37f8bbc31925a8146adcf7cf51f9882f5c1dcbef67c5baa03a297543c0
Removing snapshot sha256:3fa4ad33f0ddc8fd45b39b6b4640f82a3a83619606cd975bfe89d8710ad2d4cd
Removing snapshot sha256:43a7c979bbaba6838bc3102d6b10a1459f3ab050b87ccdfef84ef90cf43d3058
Removing snapshot sha256:4ab04491cdf0d3267f08206fe30bd48f49f94b9cab2f016d6739220f722a64af
Removing snapshot sha256:4b6068250e89c96f263060261819c7d912855bfbd64b3eb4c4a8483299b8c295
Removing snapshot sha256:580e69a0a8034ede1921139bbd2bfb72a69ebf276d008281896c32dd8bf74775
Removing snapshot sha256:5d30ba46b27fe37484567ccc5242cadc78217b8da605f3f195ef25cbf7487904
Removing snapshot sha256:63ca1fbb43ae5034640e5e6cb3e083e05c290072c5366fcaa9d62435a4cced85
Removing snapshot sha256:67f702c6baae873bceb19487c8b1f27bd2b86077e4f2f0e480e6d60ab508b8f5
Removing snapshot sha256:6864348dd42806d552efdec384f1274be15e2d0c10ce44c1f04347af004c10a9
Removing snapshot sha256:6c7dee8f2c39b84b7dc2711c01d33de93514d9055499173e9290176fbe484b6c
Removing snapshot sha256:82753493a6d61ded36556292f02f31841a14c20d2f279f19eaad65afb661d5cd
Removing snapshot sha256:8a10d3db42c505ee0fcfa98417bdd7e39b304f6bcc0a06bb1b220797ff2cc63c
Removing snapshot sha256:a21e5b12dbac529ad45d976eb9ce45c881f3bedcc500fb30aba1e52aa1813418
Removing snapshot sha256:a53648529f3f0004398e7998cd685921367c76da0584ba8e086e2bc133e2ade0
Removing snapshot sha256:b921e6c28969094157f9b8e7244677780319637afd14450b7cb6b2fdea558a0c
Removing snapshot sha256:bc27ecb5769a00e309cf99ebc763c4a4b958b618d1decc96ffac5bc05f02f5b7
Removing snapshot sha256:be3ccb6627a5332e309d45ef461d09b4879dd870c7394d89323d0ebc6ca6aa8a
Removing snapshot sha256:c261f7cbbc64211ee175ee47273acdb7b1a36a4450b397a064a8f2c026490095
Removing snapshot sha256:c34d9393647eea0c9e3557ab988efaf59f61d10a2a5613b439ef0958cca5ec10
Removing snapshot sha256:ccf3c4a0fa967a41c1c83497a2ce6fa5787965859df0adb32c4ca2cf7490bc2b
Removing snapshot sha256:cf92d33f869417309692088c341cd0f223c178ea78a125f757317b22aa8f90e9
Removing snapshot sha256:d0037344cf2fb078884f1849f6a1f8cf9a33a3b6139b6a85833e5ee528e1f9a8
Removing snapshot sha256:d3b36d5b79273b1e98e7700470eaeff05a882e777124d84cebcc1505b85ecb36
Removing snapshot sha256:d65a44a37914602d12c611e5e22a50f11451d847e63015cc1c2aef92dee777a4
Removing snapshot sha256:e2dc0bae2455930f23ae570e019b7f32edc75c0f2d71cab084db837ff9051796
Removing snapshot sha256:eccbd24a99c60cd9e86ee5305dbfc4a4dc89f5ab4fb1f06c8d64797cecedef34
Removing snapshot sha256:f144bb4c7c7f0d2aa7eeffd36d934ec40db1ee167be727e326aad9fdc616f475

]]></system-out>
  </testcase>
  <system-out><![CDATA[2025-01-30 18:41:03,907 INFO c.h.h.t.HelmChartContainerExtension - Using cached HelmChartContainer instance
2025-01-30 18:41:03,912 INFO c.h.h.t.HelmChartContainerExtension - Creating cached HelmChartContainer instance
2025-01-30 18:41:03,931 INFO o.testcontainers.DockerClientFactory - Testcontainers version: 1.20.4
2025-01-30 18:41:04,332 INFO o.t.d.DockerClientProviderStrategy - Found Docker environment with local Unix socket (unix:///var/run/docker.sock)
2025-01-30 18:41:04,340 INFO o.testcontainers.DockerClientFactory - Docker host IP address is localhost
2025-01-30 18:41:04,354 INFO o.testcontainers.DockerClientFactory - Connected to docker: 
  Server Version: 26.1.3
  API Version: 1.45
  Operating System: Ubuntu 24.04.1 LTS
  Total Memory: 15990 MB
2025-01-30 18:41:04,360 INFO o.testcontainers.images.PullPolicy - Image pull policy will be performed by: DefaultPullPolicy()
2025-01-30 18:41:04,362 INFO o.t.utility.ImageNameSubstitutor - Image name substitution will be performed by: DefaultImageNameSubstitutor (composite of 'ConfigurationFileImageNameSubstitutor' and 'PrefixingImageNameSubstitutor')
2025-01-30 18:41:04,385 INFO tc.testcontainers/ryuk:0.11.0 - Pulling docker image: testcontainers/ryuk:0.11.0. Please be patient; this may take some time but only needs to be done once.
2025-01-30 18:41:04,828 INFO tc.testcontainers/ryuk:0.11.0 - Starting to pull image
2025-01-30 18:41:04,843 INFO tc.testcontainers/ryuk:0.11.0 - Pulling image layers:  0 pending,  0 downloaded,  0 extracted, (0 bytes/0 bytes)
2025-01-30 18:41:05,053 INFO tc.testcontainers/ryuk:0.11.0 - Pulling image layers:  2 pending,  1 downloaded,  0 extracted, (116 KB/? MB)
2025-01-30 18:41:05,080 INFO tc.testcontainers/ryuk:0.11.0 - Pulling image layers:  1 pending,  2 downloaded,  0 extracted, (116 KB/? MB)
2025-01-30 18:41:05,087 INFO tc.testcontainers/ryuk:0.11.0 - Pulling image layers:  0 pending,  3 downloaded,  0 extracted, (144 KB/10 MB)
2025-01-30 18:41:05,179 INFO tc.testcontainers/ryuk:0.11.0 - Pulling image layers:  0 pending,  3 downloaded,  1 extracted, (3 MB/10 MB)
2025-01-30 18:41:05,324 INFO tc.testcontainers/ryuk:0.11.0 - Pulling image layers:  0 pending,  3 downloaded,  2 extracted, (4 MB/10 MB)
2025-01-30 18:41:05,365 INFO tc.testcontainers/ryuk:0.11.0 - Pulling image layers:  0 pending,  3 downloaded,  3 extracted, (10 MB/10 MB)
2025-01-30 18:41:05,371 INFO tc.testcontainers/ryuk:0.11.0 - Image testcontainers/ryuk:0.11.0 pull took PT0.985296125S
2025-01-30 18:41:05,392 INFO tc.testcontainers/ryuk:0.11.0 - Creating container for image: testcontainers/ryuk:0.11.0
2025-01-30 18:41:05,452 INFO tc.testcontainers/ryuk:0.11.0 - Container testcontainers/ryuk:0.11.0 is starting: 1c86c29ce23ee6c54a152db064dd350674d44b9d02542f5fac4d9feeff1fc011
2025-01-30 18:41:05,701 INFO tc.testcontainers/ryuk:0.11.0 - Container testcontainers/ryuk:0.11.0 started in PT0.309268818S
2025-01-30 18:41:05,705 INFO o.t.utility.RyukResourceReaper - Ryuk started - will monitor and terminate Testcontainers containers on JVM exit
2025-01-30 18:41:05,705 INFO o.testcontainers.DockerClientFactory - Checking the system...
2025-01-30 18:41:05,705 INFO o.testcontainers.DockerClientFactory - ✔︎ Docker server version should be at least 1.6.0
2025-01-30 18:41:05,783 INFO o.t.i.builder.ImageFromDockerfile - Pre-emptively checking local images for 'ubuntu:noble-20241118.1@sha256:80dd3c3b9c6cecb9f1667e9290b3bc61b78c2678c02cbdae5f0fea92cc6734ab', referenced via a Dockerfile. If not available, it will be pulled.
2025-01-30 18:41:05,785 INFO t.u.1@sha256:80dd3c... - Pulling docker image: ubuntu:noble-20241118.1@sha256:80dd3c3b9c6cecb9f1667e9290b3bc61b78c2678c02cbdae5f0fea92cc6734ab. Please be patient; this may take some time but only needs to be done once.
2025-01-30 18:41:06,056 INFO t.u.1@sha256:80dd3c... - Starting to pull image
2025-01-30 18:41:06,057 INFO t.u.1@sha256:80dd3c... - Pulling image layers:  0 pending,  0 downloaded,  0 extracted, (0 bytes/0 bytes)
2025-01-30 18:41:06,586 INFO t.u.1@sha256:80dd3c... - Pulling image layers:  0 pending,  1 downloaded,  0 extracted, (17 MB/28 MB)
2025-01-30 18:41:07,503 INFO t.u.1@sha256:80dd3c... - Pulling image layers:  0 pending,  1 downloaded,  1 extracted, (28 MB/28 MB)
2025-01-30 18:41:07,508 INFO t.u.1@sha256:80dd3c... - Pull complete. 1 layers, pulled in 1s (downloaded 28 MB at 28 MB/s)
2025-01-30 18:41:07,508 INFO t.u.1@sha256:80dd3c... - Image ubuntu:noble-20241118.1@sha256:80dd3c3b9c6cecb9f1667e9290b3bc61b78c2678c02cbdae5f0fea92cc6734ab pull took PT1.722453564S
2025-01-30 18:41:07,511 INFO o.t.i.builder.ImageFromDockerfile - Pre-emptively checking local images for 'rancher/k3s:v1.32.1-k3s1', referenced via a Dockerfile. If not available, it will be pulled.
2025-01-30 18:41:07,512 INFO tc.rancher/k3s:v1.32.1-k3s1 - Pulling docker image: rancher/k3s:v1.32.1-k3s1. Please be patient; this may take some time but only needs to be done once.
2025-01-30 18:41:07,906 INFO tc.rancher/k3s:v1.32.1-k3s1 - Starting to pull image
2025-01-30 18:41:07,907 INFO tc.rancher/k3s:v1.32.1-k3s1 - Pulling image layers:  0 pending,  0 downloaded,  0 extracted, (0 bytes/0 bytes)
2025-01-30 18:41:09,053 INFO tc.rancher/k3s:v1.32.1-k3s1 - Pulling image layers:  0 pending,  1 downloaded,  0 extracted, (67 MB/71 MB)
2025-01-30 18:41:10,087 INFO tc.rancher/k3s:v1.32.1-k3s1 - Pulling image layers:  0 pending,  1 downloaded,  1 extracted, (71 MB/71 MB)
2025-01-30 18:41:10,093 INFO tc.rancher/k3s:v1.32.1-k3s1 - Pull complete. 1 layers, pulled in 2s (downloaded 71 MB at 35 MB/s)
2025-01-30 18:41:10,093 INFO tc.rancher/k3s:v1.32.1-k3s1 - Image rancher/k3s:v1.32.1-k3s1 pull took PT2.580708683S
2025-01-30 18:41:10,099 INFO o.t.i.builder.ImageFromDockerfile - Transferred 0 bytes to Docker daemon
2025-01-30 18:41:25,019 INFO c.h.h.t.HelmChartContainer - Starting HelmChartContainer...
2025-01-30 18:41:25,022 INFO t.localhost/testcontainers/8djjrzhoek3tbzwz:latest - Creating container for image: localhost/testcontainers/8djjrzhoek3tbzwz:latest
2025-01-30 18:41:25,085 INFO tc.alpine:3.17 - Pulling docker image: alpine:3.17. Please be patient; this may take some time but only needs to be done once.
2025-01-30 18:41:25,511 INFO tc.alpine:3.17 - Starting to pull image
2025-01-30 18:41:25,512 INFO tc.alpine:3.17 - Pulling image layers:  0 pending,  0 downloaded,  0 extracted, (0 bytes/0 bytes)
2025-01-30 18:41:25,751 INFO tc.alpine:3.17 - Pulling image layers:  0 pending,  1 downloaded,  0 extracted, (33 KB/3 MB)
2025-01-30 18:41:25,846 INFO tc.alpine:3.17 - Pulling image layers:  0 pending,  1 downloaded,  1 extracted, (3 MB/3 MB)
2025-01-30 18:41:25,853 INFO tc.alpine:3.17 - Image alpine:3.17 pull took PT0.76706604S
2025-01-30 18:41:26,382 INFO t.localhost/testcontainers/8djjrzhoek3tbzwz:latest - Container localhost/testcontainers/8djjrzhoek3tbzwz:latest is starting: ea8e80bdeb75913c96cf5235c33e70e43d5010cb1a0448093b56467e64bef79e
2025-01-30 18:41:26,733 INFO c.h.h.t.HelmChartContainer - [K3S] [INFO] Starting k3s v1.32.1+k3s1 (6a322f12)
2025-01-30 18:41:26,735 INFO c.h.h.t.HelmChartContainer - [K3S] [INFO] Configuring sqlite3 database connection pooling: maxIdleConns=2, maxOpenConns=0, connMaxLifetime=0s
2025-01-30 18:41:26,736 INFO c.h.h.t.HelmChartContainer - [K3S] [INFO] Configuring database table schema and indexes, this may take a moment...
2025-01-30 18:41:26,738 INFO c.h.h.t.HelmChartContainer - [K3S] [INFO] Database tables and indexes are up to date
2025-01-30 18:41:26,741 INFO c.h.h.t.HelmChartContainer - [K3S] [INFO] Kine available at unix://kine.sock
2025-01-30 18:41:26,868 INFO c.h.h.t.HelmChartContainer - [K3S] [INFO] Saving cluster bootstrap data to datastore
2025-01-30 18:41:26,870 INFO c.h.h.t.HelmChartContainer - [K3S] [WARNING] dynamiclistener [::]:6443: no cached certificate available for preload - deferring certificate load until storage initialization or first client request
2025-01-30 18:41:26,870 INFO c.h.h.t.HelmChartContainer - [K3S] [INFO] Active TLS secret / (ver=) (count 10): map[listener.cattle.io/cn-10.43.0.1:10.43.0.1 listener.cattle.io/cn-127.0.0.1:127.0.0.1 listener.cattle.io/cn-172.18.0.2:172.18.0.2 listener.cattle.io/cn-__1-f16284:::1 listener.cattle.io/cn-ea8e80bdeb75:ea8e80bdeb75 listener.cattle.io/cn-kubernetes:kubernetes listener.cattle.io/cn-kubernetes.default:kubernetes.default listener.cattle.io/cn-kubernetes.default.svc:kubernetes.default.svc listener.cattle.io/cn-kubernetes.default.svc.cluster.local:kubernetes.default.svc.cluster.local listener.cattle.io/cn-localhost:localhost listener.cattle.io/fingerprint:SHA1=4FA7B77BECD40BEDD79BB5166F2CBFBD261A9AD1]
2025-01-30 18:41:27,030 INFO c.h.h.t.HelmChartContainer - [K3S] [INFO] Running kube-apiserver --advertise-port=6443 --allow-privileged=true --anonymous-auth=false --api-audiences=https://kubernetes.default.svc.cluster.local,k3s --authorization-mode=Node,RBAC --bind-address=127.0.0.1 --cert-dir=/var/lib/rancher/k3s/server/tls/temporary-certs --client-ca-file=/var/lib/rancher/k3s/server/tls/client-ca.crt --egress-selector-config-file=/var/lib/rancher/k3s/server/etc/egress-selector-config.yaml --enable-admission-plugins=NodeRestriction --enable-aggregator-routing=true --enable-bootstrap-token-auth=true --etcd-compaction-interval=0s --etcd-servers=unix://kine.sock --kubelet-certificate-authority=/var/lib/rancher/k3s/server/tls/server-ca.crt --kubelet-client-certificate=/var/lib/rancher/k3s/server/tls/client-kube-apiserver.crt --kubelet-client-key=/var/lib/rancher/k3s/server/tls/client-kube-apiserver.key --kubelet-preferred-address-types=InternalIP,ExternalIP,Hostname --profiling=false --proxy-client-cert-file=/var/lib/rancher/k3s/server/tls/client-auth-proxy.crt --proxy-client-key-file=/var/lib/rancher/k3s/server/tls/client-auth-proxy.key --requestheader-allowed-names=system:auth-proxy --requestheader-client-ca-file=/var/lib/rancher/k3s/server/tls/request-header-ca.crt --requestheader-extra-headers-prefix=X-Remote-Extra- --requestheader-group-headers=X-Remote-Group --requestheader-username-headers=X-Remote-User --secure-port=6444 --service-account-issuer=https://kubernetes.default.svc.cluster.local --service-account-key-file=/var/lib/rancher/k3s/server/tls/service.key --service-account-signing-key-file=/var/lib/rancher/k3s/server/tls/service.current.key --service-cluster-ip-range=10.43.0.0/16 --service-node-port-range=30000-32767 --storage-backend=etcd3 --tls-cert-file=/var/lib/rancher/k3s/server/tls/serving-kube-apiserver.crt --tls-cipher-suites=TLS_ECDHE_ECDSA_WITH_AES_256_GCM_SHA384,TLS_ECDHE_RSA_WITH_AES_256_GCM_SHA384,TLS_ECDHE_ECDSA_WITH_AES_128_GCM_SHA256,TLS_ECDHE_RSA_WITH_AES_128_GCM_SHA256,TLS_ECDHE_ECDSA_WITH_CHACHA20_POLY1305,TLS_ECDHE_RSA_WITH_CHACHA20_POLY1305 --tls-private-key-file=/var/lib/rancher/k3s/server/tls/serving-kube-apiserver.key
2025-01-30 18:41:27,032 INFO c.h.h.t.HelmChartContainer - [K3S] [INFO] Running kube-scheduler --authentication-kubeconfig=/var/lib/rancher/k3s/server/cred/scheduler.kubeconfig --authorization-kubeconfig=/var/lib/rancher/k3s/server/cred/scheduler.kubeconfig --bind-address=127.0.0.1 --kubeconfig=/var/lib/rancher/k3s/server/cred/scheduler.kubeconfig --leader-elect=false --profiling=false --secure-port=10259
2025-01-30 18:41:27,032 INFO c.h.h.t.HelmChartContainer - [K3S] [registry.go:256] calling componentGlobalsRegistry.AddFlags more than once, the registry will be set by the latest flags
2025-01-30 18:41:27,033 INFO c.h.h.t.HelmChartContainer - [K3S] [INFO] Waiting for API server to become available
2025-01-30 18:41:27,034 INFO c.h.h.t.HelmChartContainer - [K3S] [INFO] Running kube-controller-manager --allocate-node-cidrs=true --authentication-kubeconfig=/var/lib/rancher/k3s/server/cred/controller.kubeconfig --authorization-kubeconfig=/var/lib/rancher/k3s/server/cred/controller.kubeconfig --bind-address=127.0.0.1 --cluster-cidr=10.42.0.0/16 --cluster-signing-kube-apiserver-client-cert-file=/var/lib/rancher/k3s/server/tls/client-ca.nochain.crt --cluster-signing-kube-apiserver-client-key-file=/var/lib/rancher/k3s/server/tls/client-ca.key --cluster-signing-kubelet-client-cert-file=/var/lib/rancher/k3s/server/tls/client-ca.nochain.crt --cluster-signing-kubelet-client-key-file=/var/lib/rancher/k3s/server/tls/client-ca.key --cluster-signing-kubelet-serving-cert-file=/var/lib/rancher/k3s/server/tls/server-ca.nochain.crt --cluster-signing-kubelet-serving-key-file=/var/lib/rancher/k3s/server/tls/server-ca.key --cluster-signing-legacy-unknown-cert-file=/var/lib/rancher/k3s/server/tls/server-ca.nochain.crt --cluster-signing-legacy-unknown-key-file=/var/lib/rancher/k3s/server/tls/server-ca.key --configure-cloud-routes=false --controllers=*,tokencleaner,-service,-route,-cloud-node-lifecycle --kubeconfig=/var/lib/rancher/k3s/server/cred/controller.kubeconfig --leader-elect=false --profiling=false --root-ca-file=/var/lib/rancher/k3s/server/tls/server-ca.crt --secure-port=10257 --service-account-private-key-file=/var/lib/rancher/k3s/server/tls/service.current.key --service-cluster-ip-range=10.43.0.0/16 --use-service-account-credentials=true
2025-01-30 18:41:27,034 INFO c.h.h.t.HelmChartContainer - [K3S] [options.go:299] unable to set WatchListClient feature gate, err: cannot override default for feature "WatchListClient": gates already added to a flag set
2025-01-30 18:41:27,034 INFO c.h.h.t.HelmChartContainer - [K3S] [registry.go:256] calling componentGlobalsRegistry.AddFlags more than once, the registry will be set by the latest flags
2025-01-30 18:41:27,035 INFO c.h.h.t.HelmChartContainer - [K3S] [INFO] Running cloud-controller-manager --allocate-node-cidrs=true --authentication-kubeconfig=/var/lib/rancher/k3s/server/cred/cloud-controller.kubeconfig --authorization-kubeconfig=/var/lib/rancher/k3s/server/cred/cloud-controller.kubeconfig --bind-address=127.0.0.1 --cloud-config=/var/lib/rancher/k3s/server/etc/cloud-config.yaml --cloud-provider=k3s --cluster-cidr=10.42.0.0/16 --configure-cloud-routes=false --controllers=*,-route --kubeconfig=/var/lib/rancher/k3s/server/cred/cloud-controller.kubeconfig --leader-elect=false --leader-elect-resource-name=k3s-cloud-controller-manager --node-status-update-frequency=1m0s --profiling=false
2025-01-30 18:41:27,036 INFO c.h.h.t.HelmChartContainer - [K3S] [registry.go:256] calling componentGlobalsRegistry.AddFlags more than once, the registry will be set by the latest flags
2025-01-30 18:41:27,036 INFO c.h.h.t.HelmChartContainer - [K3S] [options.go:238] external host was not specified, using 172.18.0.2
2025-01-30 18:41:27,036 INFO c.h.h.t.HelmChartContainer - [K3S] [INFO] Server node token is available at /var/lib/rancher/k3s/server/token
2025-01-30 18:41:27,036 INFO c.h.h.t.HelmChartContainer - [K3S] [INFO] To join server node to cluster: k3s server -s https://172.18.0.2:6443 -t ${SERVER_NODE_TOKEN}
2025-01-30 18:41:27,037 INFO c.h.h.t.HelmChartContainer - [K3S] [INFO] Agent node token is available at /var/lib/rancher/k3s/server/agent-token
2025-01-30 18:41:27,037 INFO c.h.h.t.HelmChartContainer - [K3S] [INFO] To join agent node to cluster: k3s agent -s https://172.18.0.2:6443 -t ${AGENT_NODE_TOKEN}
2025-01-30 18:41:27,037 INFO c.h.h.t.HelmChartContainer - [K3S] [server.go:151] Version: v1.32.1+k3s1
2025-01-30 18:41:27,037 INFO c.h.h.t.HelmChartContainer - [K3S] [server.go:153] "Golang settings" GOGC="" GOMAXPROCS="" GOTRACEBACK=""
2025-01-30 18:41:27,040 INFO c.h.h.t.HelmChartContainer - [K3S] [INFO] Wrote kubeconfig /etc/rancher/k3s/k3s.yaml
2025-01-30 18:41:27,040 INFO c.h.h.t.HelmChartContainer - [K3S] [INFO] Run: k3s kubectl
2025-01-30 18:41:27,335 INFO c.h.h.t.HelmChartContainer - [K3S] [plugins.go:157] Loaded 13 mutating admission controller(s) successfully in the following order: NamespaceLifecycle,LimitRanger,ServiceAccount,NodeRestriction,TaintNodesByCondition,Priority,DefaultTolerationSeconds,DefaultStorageClass,StorageObjectInUseProtection,RuntimeClass,DefaultIngressClass,MutatingAdmissionPolicy,MutatingAdmissionWebhook.
2025-01-30 18:41:27,335 INFO c.h.h.t.HelmChartContainer - [K3S] [plugins.go:160] Loaded 13 validating admission controller(s) successfully in the following order: LimitRanger,ServiceAccount,PodSecurity,Priority,PersistentVolumeClaimResize,RuntimeClass,CertificateApproval,CertificateSigning,ClusterTrustBundleAttest,CertificateSubjectRestriction,ValidatingAdmissionPolicy,ValidatingAdmissionWebhook,ResourceQuota.
2025-01-30 18:41:27,336 INFO c.h.h.t.HelmChartContainer - [K3S] [instance.go:233] Using reconciler: lease
2025-01-30 18:41:27,409 INFO c.h.h.t.HelmChartContainer - [K3S] [apis.go:106] API group "internal.apiserver.k8s.io" is not enabled, skipping.
2025-01-30 18:41:27,456 INFO c.h.h.t.HelmChartContainer - [K3S] [apis.go:106] API group "storagemigration.k8s.io" is not enabled, skipping.
2025-01-30 18:41:27,484 INFO c.h.h.t.HelmChartContainer - [K3S] [apis.go:106] API group "resource.k8s.io" is not enabled, skipping.
2025-01-30 18:41:27,654 INFO c.h.h.t.HelmChartContainer - [K3S] [INFO] Password verified locally for node ea8e80bdeb75
2025-01-30 18:41:27,834 INFO c.h.h.t.HelmChartContainer - [K3S] [dynamic_cafile_content.go:161] "Starting controller" name="request-header::/var/lib/rancher/k3s/server/tls/request-header-ca.crt"
2025-01-30 18:41:27,837 INFO c.h.h.t.HelmChartContainer - [K3S] [dynamic_cafile_content.go:161] "Starting controller" name="client-ca-bundle::/var/lib/rancher/k3s/server/tls/client-ca.crt"
2025-01-30 18:41:27,838 INFO c.h.h.t.HelmChartContainer - [K3S] [dynamic_serving_content.go:135] "Starting controller" name="serving-cert::/var/lib/rancher/k3s/server/tls/serving-kube-apiserver.crt::/var/lib/rancher/k3s/server/tls/serving-kube-apiserver.key"
2025-01-30 18:41:27,838 INFO c.h.h.t.HelmChartContainer - [K3S] [secure_serving.go:213] Serving securely on 127.0.0.1:6444
2025-01-30 18:41:27,838 INFO c.h.h.t.HelmChartContainer - [K3S] [tlsconfig.go:243] "Starting DynamicServingCertificateController"
2025-01-30 18:41:27,838 INFO c.h.h.t.HelmChartContainer - [K3S] [controller.go:119] Starting legacy_token_tracking_controller
2025-01-30 18:41:27,839 INFO c.h.h.t.HelmChartContainer - [K3S] [customresource_discovery_controller.go:292] Starting DiscoveryController
2025-01-30 18:41:27,840 INFO c.h.h.t.HelmChartContainer - [K3S] [cluster_authentication_trust_controller.go:462] Starting cluster_authentication_trust_controller controller
2025-01-30 18:41:27,840 INFO c.h.h.t.HelmChartContainer - [K3S] [gc_controller.go:78] Starting apiserver lease garbage collector
2025-01-30 18:41:27,840 INFO c.h.h.t.HelmChartContainer - [K3S] [controller.go:142] Starting OpenAPI controller
2025-01-30 18:41:27,840 INFO c.h.h.t.HelmChartContainer - [K3S] [controller.go:90] Starting OpenAPI V3 controller
2025-01-30 18:41:27,840 INFO c.h.h.t.HelmChartContainer - [K3S] [naming_controller.go:294] Starting NamingConditionController
2025-01-30 18:41:27,840 INFO c.h.h.t.HelmChartContainer - [K3S] [establishing_controller.go:81] Starting EstablishingController
2025-01-30 18:41:27,840 INFO c.h.h.t.HelmChartContainer - [K3S] [dynamic_serving_content.go:135] "Starting controller" name="aggregator-proxy-cert::/var/lib/rancher/k3s/server/tls/client-auth-proxy.crt::/var/lib/rancher/k3s/server/tls/client-auth-proxy.key"
2025-01-30 18:41:27,843 INFO c.h.h.t.HelmChartContainer - [K3S] [nonstructuralschema_controller.go:195] Starting NonStructuralSchemaConditionController
2025-01-30 18:41:27,843 INFO c.h.h.t.HelmChartContainer - [K3S] [apiapproval_controller.go:189] Starting KubernetesAPIApprovalPolicyConformantConditionController
2025-01-30 18:41:27,843 INFO c.h.h.t.HelmChartContainer - [K3S] [crd_finalizer.go:269] Starting CRDFinalizer
2025-01-30 18:41:27,843 INFO c.h.h.t.HelmChartContainer - [K3S] [local_available_controller.go:156] Starting LocalAvailability controller
2025-01-30 18:41:27,843 INFO c.h.h.t.HelmChartContainer - [K3S] [controller.go:78] Starting OpenAPI AggregationController
2025-01-30 18:41:27,843 INFO c.h.h.t.HelmChartContainer - [K3S] [apf_controller.go:377] Starting API Priority and Fairness config controller
2025-01-30 18:41:27,843 INFO c.h.h.t.HelmChartContainer - [K3S] [system_namespaces_controller.go:66] Starting system namespaces controller
2025-01-30 18:41:27,843 INFO c.h.h.t.HelmChartContainer - [K3S] [controller.go:80] Starting OpenAPI V3 AggregationController
2025-01-30 18:41:27,843 INFO c.h.h.t.HelmChartContainer - [K3S] [remote_available_controller.go:411] Starting RemoteAvailability controller
2025-01-30 18:41:27,844 INFO c.h.h.t.HelmChartContainer - [K3S] [aggregator.go:169] waiting for initial CRD sync...
2025-01-30 18:41:27,844 INFO c.h.h.t.HelmChartContainer - [K3S] [apiservice_controller.go:100] Starting APIServiceRegistrationController
2025-01-30 18:41:27,844 INFO c.h.h.t.HelmChartContainer - [K3S] [dynamic_cafile_content.go:161] "Starting controller" name="client-ca-bundle::/var/lib/rancher/k3s/server/tls/client-ca.crt"
2025-01-30 18:41:27,844 INFO c.h.h.t.HelmChartContainer - [K3S] [dynamic_cafile_content.go:161] "Starting controller" name="request-header::/var/lib/rancher/k3s/server/tls/request-header-ca.crt"
2025-01-30 18:41:27,844 INFO c.h.h.t.HelmChartContainer - [K3S] [crdregistration_controller.go:114] Starting crd-autoregister controller
2025-01-30 18:41:27,924 INFO c.h.h.t.HelmChartContainer - [K3S] [controller.go:145] "Failed to ensure lease exists, will retry" err="namespaces \"kube-system\" not found" interval="200ms"
2025-01-30 18:41:27,931 INFO c.h.h.t.HelmChartContainer - [K3S] [policy_source.go:240] refreshing policies
2025-01-30 18:41:27,936 INFO c.h.h.t.HelmChartContainer - [K3S] [handler_discovery.go:451] Starting ResourceDiscoveryManager
2025-01-30 18:41:27,937 INFO c.h.h.t.HelmChartContainer - [K3S] [apf_controller.go:382] Running API Priority and Fairness config worker
2025-01-30 18:41:27,937 INFO c.h.h.t.HelmChartContainer - [K3S] [apf_controller.go:385] Running API Priority and Fairness periodic rebalancing process
2025-01-30 18:41:27,939 INFO c.h.h.t.HelmChartContainer - [K3S] [aggregator.go:171] initial CRD sync complete...
2025-01-30 18:41:27,939 INFO c.h.h.t.HelmChartContainer - [K3S] [autoregister_controller.go:144] Starting autoregister controller
2025-01-30 18:41:27,995 INFO c.h.h.t.HelmChartContainer - [K3S] [controller.go:95] Unable to perform initial Kubernetes service initialization: namespaces "default" not found
2025-01-30 18:41:28,196 INFO c.h.h.t.HelmChartContainer - [K3S] [WARNING] Host resolv.conf includes loopback or multicast nameservers - kubelet will use autogenerated resolv.conf with nameserver 8.8.8.8
2025-01-30 18:41:28,205 INFO c.h.h.t.HelmChartContainer - [K3S] [INFO] Module overlay was already loaded
2025-01-30 18:41:28,206 INFO c.h.h.t.HelmChartContainer - [K3S] [INFO] Module nf_conntrack was already loaded
2025-01-30 18:41:28,206 INFO c.h.h.t.HelmChartContainer - [K3S] [INFO] Module br_netfilter was already loaded
2025-01-30 18:41:28,210 INFO c.h.h.t.HelmChartContainer - [K3S] [INFO] Set sysctl 'net/netfilter/nf_conntrack_max' to 131072
2025-01-30 18:41:28,210 INFO c.h.h.t.HelmChartContainer - [K3S] [INFO] Set sysctl 'net/netfilter/nf_conntrack_tcp_timeout_established' to 86400
2025-01-30 18:41:28,210 INFO c.h.h.t.HelmChartContainer - [K3S] [INFO] Set sysctl 'net/netfilter/nf_conntrack_tcp_timeout_close_wait' to 3600
2025-01-30 18:41:28,212 INFO c.h.h.t.HelmChartContainer - [K3S] [INFO] Logging containerd to /var/lib/rancher/k3s/agent/containerd/containerd.log
2025-01-30 18:41:28,212 INFO c.h.h.t.HelmChartContainer - [K3S] [INFO] Running containerd -c /var/lib/rancher/k3s/agent/etc/containerd/config.toml -a /run/k3s/containerd/containerd.sock --state /run/k3s/containerd --root /var/lib/rancher/k3s/agent/containerd
2025-01-30 18:41:28,839 INFO c.h.h.t.HelmChartContainer - [K3S] [storage_scheduling.go:95] created PriorityClass system-node-critical with value 2000001000
2025-01-30 18:41:28,843 INFO c.h.h.t.HelmChartContainer - [K3S] [storage_scheduling.go:95] created PriorityClass system-cluster-critical with value 2000000000
2025-01-30 18:41:28,843 INFO c.h.h.t.HelmChartContainer - [K3S] [storage_scheduling.go:111] all system priority classes are created successfully or already exist.
2025-01-30 18:41:29,201 INFO c.h.h.t.HelmChartContainer - [K3S] [alloc.go:330] "allocated clusterIPs" service="default/kubernetes" clusterIPs={"IPv4":"10.43.0.1"}
2025-01-30 18:41:29,205 INFO c.h.h.t.HelmChartContainer - [K3S] [lease.go:265] Resetting endpoints for master service "kubernetes" to [172.18.0.2]
2025-01-30 18:41:29,214 INFO c.h.h.t.HelmChartContainer - [K3S] [INFO] containerd is now running
2025-01-30 18:41:29,217 INFO c.h.h.t.HelmChartContainer - [K3S] [INFO] Connecting to proxy" url="wss://127.0.0.1:6443/v1-k3s/connect
2025-01-30 18:41:29,219 INFO c.h.h.t.HelmChartContainer - [K3S] [INFO] Creating k3s-cert-monitor event broadcaster
2025-01-30 18:41:29,220 INFO c.h.h.t.HelmChartContainer - [K3S] [INFO] Running kubelet --cloud-provider=external --config-dir=/var/lib/rancher/k3s/agent/etc/kubelet.conf.d --containerd=/run/k3s/containerd/containerd.sock --hostname-override=ea8e80bdeb75 --kubeconfig=/var/lib/rancher/k3s/agent/kubelet.kubeconfig --node-ip=172.18.0.2 --node-labels=
2025-01-30 18:41:29,220 INFO c.h.h.t.HelmChartContainer - [K3S] [INFO] Handling backend connection request [ea8e80bdeb75]
2025-01-30 18:41:29,220 INFO c.h.h.t.HelmChartContainer - [K3S] [INFO] Remotedialer connected to proxy" url="wss://127.0.0.1:6443/v1-k3s/connect
2025-01-30 18:41:29,224 INFO c.h.h.t.HelmChartContainer - [K3S] Flag --containerd has been deprecated, This is a cadvisor flag that was mistakenly registered with the Kubelet. Due to legacy concerns, it will follow the standard CLI deprecation timeline before being removed.
2025-01-30 18:41:29,229 INFO c.h.h.t.HelmChartContainer - [K3S] [server.go:515] "Kubelet version" kubeletVersion="v1.32.1+k3s1"
2025-01-30 18:41:29,229 INFO c.h.h.t.HelmChartContainer - [K3S] [server.go:517] "Golang settings" GOGC="" GOMAXPROCS="" GOTRACEBACK=""
2025-01-30 18:41:29,231 INFO c.h.h.t.HelmChartContainer - [K3S] [dynamic_cafile_content.go:161] "Starting controller" name="client-ca-bundle::/var/lib/rancher/k3s/agent/client-ca.crt"
2025-01-30 18:41:29,236 INFO c.h.h.t.HelmChartContainer - [K3S] [log.go:32] "RuntimeConfig from runtime service failed" err="rpc error: code = Unimplemented desc = method RuntimeConfig not implemented"
2025-01-30 18:41:29,236 INFO c.h.h.t.HelmChartContainer - [K3S] [server.go:1416] "CRI implementation should be updated to support RuntimeConfig when KubeletCgroupDriverFromCRI feature gate has been enabled. Falling back to using cgroupDriver from kubelet config."
2025-01-30 18:41:29,239 INFO c.h.h.t.HelmChartContainer - [K3S] [info.go:53] Couldn't collect info from any of the files in "/etc/machine-id,/var/lib/dbus/machine-id"
2025-01-30 18:41:29,240 INFO c.h.h.t.HelmChartContainer - [K3S] [server.go:767] "--cgroups-per-qos enabled, but --cgroup-root was not specified.  defaulting to /"
2025-01-30 18:41:29,240 INFO c.h.h.t.HelmChartContainer - [K3S] [server.go:836] "NoSwap is set due to memorySwapBehavior not specified" memorySwapBehavior="" FailSwapOn=false
2025-01-30 18:41:29,240 INFO c.h.h.t.HelmChartContainer - [K3S] [swap_util.go:115] "Swap is on" /proc/swaps contents=<
2025-01-30 18:41:29,240 INFO c.h.h.t.HelmChartContainer - [K3S] 	Filename				Type		Size		Used		Priority
2025-01-30 18:41:29,240 INFO c.h.h.t.HelmChartContainer - [K3S] 	/mnt/swapfile                           file		4194300		0		-2
2025-01-30 18:41:29,240 INFO c.h.h.t.HelmChartContainer - [K3S]  >
2025-01-30 18:41:29,241 INFO c.h.h.t.HelmChartContainer - [K3S] [container_manager_linux.go:268] "Container manager verified user specified cgroup-root exists" cgroupRoot=[]
2025-01-30 18:41:29,241 INFO c.h.h.t.HelmChartContainer - [K3S] [container_manager_linux.go:273] "Creating Container Manager object based on Node Config" nodeConfig={"NodeName":"ea8e80bdeb75","RuntimeCgroupsName":"","SystemCgroupsName":"","KubeletCgroupsName":"/k3s","KubeletOOMScoreAdj":-999,"ContainerRuntime":"","CgroupsPerQOS":true,"CgroupRoot":"/","CgroupDriver":"cgroupfs","KubeletRootDir":"/var/lib/kubelet","ProtectKernelDefaults":false,"KubeReservedCgroupName":"","SystemReservedCgroupName":"","ReservedSystemCPUs":{},"EnforceNodeAllocatable":{"pods":{}},"KubeReserved":null,"SystemReserved":null,"HardEvictionThresholds":[{"Signal":"imagefs.available","Operator":"LessThan","Value":{"Quantity":null,"Percentage":0.05},"GracePeriod":0,"MinReclaim":null},{"Signal":"nodefs.available","Operator":"LessThan","Value":{"Quantity":null,"Percentage":0.05},"GracePeriod":0,"MinReclaim":null}],"QOSReserved":{},"CPUManagerPolicy":"none","CPUManagerPolicyOptions":null,"TopologyManagerScope":"container","CPUManagerReconcilePeriod":10000000000,"ExperimentalMemoryManagerPolicy":"None","ExperimentalMemoryManagerReservedMemory":null,"PodPidsLimit":-1,"EnforceCPULimits":true,"CPUCFSQuotaPeriod":100000000,"TopologyManagerPolicy":"none","TopologyManagerPolicyOptions":null,"CgroupVersion":2}
2025-01-30 18:41:29,241 INFO c.h.h.t.HelmChartContainer - [K3S] [topology_manager.go:138] "Creating topology manager with none policy"
2025-01-30 18:41:29,241 INFO c.h.h.t.HelmChartContainer - [K3S] [container_manager_linux.go:304] "Creating device plugin manager"
2025-01-30 18:41:29,241 INFO c.h.h.t.HelmChartContainer - [K3S] [state_mem.go:36] "Initialized new in-memory state store"
2025-01-30 18:41:29,241 INFO c.h.h.t.HelmChartContainer - [K3S] [kubelet.go:446] "Attempting to sync node with API server"
2025-01-30 18:41:29,241 INFO c.h.h.t.HelmChartContainer - [K3S] [kubelet.go:341] "Adding static pod path" path="/var/lib/rancher/k3s/agent/pod-manifests"
2025-01-30 18:41:29,242 INFO c.h.h.t.HelmChartContainer - [K3S] [kubelet.go:352] "Adding apiserver pod source"
2025-01-30 18:41:29,242 INFO c.h.h.t.HelmChartContainer - [K3S] [apiserver.go:42] "Waiting for node sync before watching apiserver pods"
2025-01-30 18:41:29,243 INFO c.h.h.t.HelmChartContainer - [K3S] [kuberuntime_manager.go:269] "Container runtime initialized" containerRuntime="containerd" version="v1.7.23-k3s2" apiVersion="v1"
2025-01-30 18:41:29,244 INFO c.h.h.t.HelmChartContainer - [K3S] [kubelet.go:890] "Not starting ClusterTrustBundle informer because we are in static kubelet mode"
2025-01-30 18:41:29,244 INFO c.h.h.t.HelmChartContainer - [K3S] [probe.go:272] Flexvolume plugin directory at /usr/libexec/kubernetes/kubelet-plugins/volume/exec/ does not exist. Recreating.
2025-01-30 18:41:29,248 INFO c.h.h.t.HelmChartContainer - [K3S] [watchdog_linux.go:99] "Systemd watchdog is not enabled"
2025-01-30 18:41:29,248 INFO c.h.h.t.HelmChartContainer - [K3S] [server.go:1282] "Started kubelet"
2025-01-30 18:41:29,248 INFO c.h.h.t.HelmChartContainer - [K3S] [fs_resource_analyzer.go:67] "Starting FS ResourceAnalyzer"
2025-01-30 18:41:29,261 INFO c.h.h.t.HelmChartContainer - [K3S] [volume_manager.go:297] "Starting Kubelet Volume Manager"
2025-01-30 18:41:29,261 INFO c.h.h.t.HelmChartContainer - [K3S] [kubelet_node_status.go:467] "Error getting the current node from lister" err="node \"ea8e80bdeb75\" not found"
2025-01-30 18:41:29,261 INFO c.h.h.t.HelmChartContainer - [K3S] [kubelet.go:1561] "Image garbage collection failed once. Stats initialization may not have completed yet" err="invalid capacity 0 on image filesystem"
2025-01-30 18:41:29,262 INFO c.h.h.t.HelmChartContainer - [K3S] [desired_state_of_world_populator.go:149] "Desired state populator starts to run"
2025-01-30 18:41:29,263 INFO c.h.h.t.HelmChartContainer - [K3S] [reconciler.go:26] "Reconciler: start to sync state"
2025-01-30 18:41:29,264 INFO c.h.h.t.HelmChartContainer - [K3S] [server.go:169] "Starting to listen" address="0.0.0.0" port=10250
2025-01-30 18:41:29,264 INFO c.h.h.t.HelmChartContainer - [K3S] [server.go:490] "Adding debug handlers to kubelet server"
2025-01-30 18:41:29,266 INFO c.h.h.t.HelmChartContainer - [K3S] [server.go:208] "Starting to listen read-only" address="0.0.0.0" port=10255
2025-01-30 18:41:29,267 INFO c.h.h.t.HelmChartContainer - [K3S] [ratelimit.go:55] "Setting rate limiting for endpoint" service="podresources" qps=100 burstTokens=10
2025-01-30 18:41:29,267 INFO c.h.h.t.HelmChartContainer - [K3S] [server.go:243] "Starting to serve the podresources API" endpoint="unix:/var/lib/kubelet/pod-resources/kubelet.sock"
2025-01-30 18:41:29,268 INFO c.h.h.t.HelmChartContainer - [K3S] [dynamic_serving_content.go:135] "Starting controller" name="kubelet-server-cert-files::/var/lib/rancher/k3s/agent/serving-kubelet.crt::/var/lib/rancher/k3s/agent/serving-kubelet.key"
2025-01-30 18:41:29,271 INFO c.h.h.t.HelmChartContainer - [K3S] [factory.go:221] Registration of the systemd container factory successfully
2025-01-30 18:41:29,271 INFO c.h.h.t.HelmChartContainer - [K3S] [factory.go:219] Registration of the crio container factory failed: Get "http://%2Fvar%2Frun%2Fcrio%2Fcrio.sock/info": dial unix /var/run/crio/crio.sock: connect: no such file or directory
2025-01-30 18:41:29,281 INFO c.h.h.t.HelmChartContainer - [K3S] [factory.go:221] Registration of the containerd container factory successfully
2025-01-30 18:41:29,283 INFO c.h.h.t.HelmChartContainer - [K3S] [kubelet_network_linux.go:50] "Initialized iptables rules." protocol="IPv4"
2025-01-30 18:41:29,286 INFO c.h.h.t.HelmChartContainer - [K3S] [kubelet_network_linux.go:50] "Initialized iptables rules." protocol="IPv6"
2025-01-30 18:41:29,286 INFO c.h.h.t.HelmChartContainer - [K3S] [status_manager.go:227] "Starting to sync pod status with apiserver"
2025-01-30 18:41:29,286 INFO c.h.h.t.HelmChartContainer - [K3S] [watchdog_linux.go:127] "Systemd watchdog is not enabled or the interval is invalid, so health checking will not be started."
2025-01-30 18:41:29,287 INFO c.h.h.t.HelmChartContainer - [K3S] [kubelet.go:2388] "Starting kubelet main sync loop"
2025-01-30 18:41:29,287 INFO c.h.h.t.HelmChartContainer - [K3S] [kubelet.go:2412] "Skipping pod synchronization" err="[container runtime status check may not have completed yet, PLEG is not healthy: pleg has yet to be successful]"
2025-01-30 18:41:29,310 INFO c.h.h.t.HelmChartContainer - [K3S] [nodelease.go:49] "Failed to get node when trying to set owner ref to the node lease" err="nodes \"ea8e80bdeb75\" not found" node="ea8e80bdeb75"
2025-01-30 18:41:29,311 INFO c.h.h.t.HelmChartContainer - [K3S] [cpu_manager.go:221] "Starting CPU manager" policy="none"
2025-01-30 18:41:29,312 INFO c.h.h.t.HelmChartContainer - [K3S] [cpu_manager.go:222] "Reconciling" reconcilePeriod="10s"
2025-01-30 18:41:29,312 INFO c.h.h.t.HelmChartContainer - [K3S] [state_mem.go:36] "Initialized new in-memory state store"
2025-01-30 18:41:29,313 INFO c.h.h.t.HelmChartContainer - [K3S] [policy_none.go:49] "None policy: Start"
2025-01-30 18:41:29,313 INFO c.h.h.t.HelmChartContainer - [K3S] [memory_manager.go:186] "Starting memorymanager" policy="None"
2025-01-30 18:41:29,314 INFO c.h.h.t.HelmChartContainer - [K3S] [state_mem.go:35] "Initializing new in-memory state store"
2025-01-30 18:41:29,317 INFO c.h.h.t.HelmChartContainer - [K3S] [manager.go:519] "Failed to read data from checkpoint" checkpoint="kubelet_internal_checkpoint" err="checkpoint is not found"
2025-01-30 18:41:29,318 INFO c.h.h.t.HelmChartContainer - [K3S] [eviction_manager.go:189] "Eviction manager: starting control loop"
2025-01-30 18:41:29,318 INFO c.h.h.t.HelmChartContainer - [K3S] [container_log_manager.go:189] "Initializing container log rotate workers" workers=1 monitorPeriod="10s"
2025-01-30 18:41:29,320 INFO c.h.h.t.HelmChartContainer - [K3S] [plugin_manager.go:118] "Starting Kubelet Plugin Manager"
2025-01-30 18:41:29,322 INFO c.h.h.t.HelmChartContainer - [K3S] [eviction_manager.go:267] "eviction manager: failed to check if we have separate container filesystem. Ignoring." err="no imagefs label for configured runtime"
2025-01-30 18:41:29,323 INFO c.h.h.t.HelmChartContainer - [K3S] [eviction_manager.go:292] "Eviction manager: failed to get summary stats" err="failed to get node info: node \"ea8e80bdeb75\" not found"
2025-01-30 18:41:29,361 INFO c.h.h.t.HelmChartContainer - [K3S] [ERROR] Sending HTTP/1.1 503 response to 127.0.0.1:35514: runtime core not ready
2025-01-30 18:41:29,419 INFO c.h.h.t.HelmChartContainer - [K3S] [kubelet_node_status.go:76] "Attempting to register node" node="ea8e80bdeb75"
2025-01-30 18:41:29,423 INFO c.h.h.t.HelmChartContainer - [K3S] [kubelet_node_status.go:79] "Successfully registered node" node="ea8e80bdeb75"
2025-01-30 18:41:29,424 INFO c.h.h.t.HelmChartContainer - [K3S] [kubelet_node_status.go:549] "Error updating node status, will retry" err="error getting node \"ea8e80bdeb75\": node \"ea8e80bdeb75\" not found"
2025-01-30 18:41:29,429 INFO c.h.h.t.HelmChartContainer - [K3S] [INFO] Annotations and labels have been set successfully on node: ea8e80bdeb75
2025-01-30 18:41:29,430 INFO c.h.h.t.HelmChartContainer - [K3S] [INFO] Starting flannel with backend vxlan
2025-01-30 18:41:29,450 INFO c.h.h.t.HelmChartContainer - [K3S] [INFO] Running kube-proxy --cluster-cidr=10.42.0.0/16 --conntrack-max-per-core=0 --conntrack-tcp-timeout-close-wait=0s --conntrack-tcp-timeout-established=0s --healthz-bind-address=127.0.0.1 --hostname-override=ea8e80bdeb75 --kubeconfig=/var/lib/rancher/k3s/agent/kubeproxy.kubeconfig --proxy-mode=iptables
2025-01-30 18:41:29,506 INFO c.h.h.t.HelmChartContainer - [K3S] [server.go:698] "Successfully retrieved node IP(s)" IPs=["172.18.0.2"]
2025-01-30 18:41:29,507 INFO c.h.h.t.HelmChartContainer - [K3S] [server.go:234] "Kube-proxy configuration may be incomplete or incorrect" err="nodePortAddresses is unset; NodePort connections will be accepted on all local IPs. Consider using `--nodeport-addresses primary`"
2025-01-30 18:41:29,509 INFO c.h.h.t.HelmChartContainer - [K3S] [server.go:243] "kube-proxy running in dual-stack mode" primary ipFamily="IPv4"
2025-01-30 18:41:29,509 INFO c.h.h.t.HelmChartContainer - [K3S] [server_linux.go:170] "Using iptables Proxier"
2025-01-30 18:41:29,510 INFO c.h.h.t.HelmChartContainer - [K3S] [proxier.go:255] "Setting route_localnet=1 to allow node-ports on localhost; to change this either disable iptables.localhostNodePorts (--iptables-localhost-nodeports) or set nodePortAddresses (--nodeport-addresses) to filter loopback addresses"
2025-01-30 18:41:29,516 INFO c.h.h.t.HelmChartContainer - [K3S] [server.go:497] "Version info" version="v1.32.1+k3s1"
2025-01-30 18:41:29,516 INFO c.h.h.t.HelmChartContainer - [K3S] [server.go:499] "Golang settings" GOGC="" GOMAXPROCS="" GOTRACEBACK=""
2025-01-30 18:41:29,516 INFO c.h.h.t.HelmChartContainer - [K3S] [config.go:199] "Starting service config controller"
2025-01-30 18:41:29,517 INFO c.h.h.t.HelmChartContainer - [K3S] [config.go:105] "Starting endpoint slice config controller"
2025-01-30 18:41:29,517 INFO c.h.h.t.HelmChartContainer - [K3S] [config.go:329] "Starting node config controller"
2025-01-30 18:41:29,732 INFO c.h.h.t.HelmChartContainer - [K3S] [kubelet_node_status.go:502] "Fast updating node status as it just became ready"
2025-01-30 18:41:30,036 INFO c.h.h.t.HelmChartContainer - [K3S] [INFO] Waiting for untainted node
2025-01-30 18:41:30,036 INFO c.h.h.t.HelmChartContainer - [K3S] [INFO] Creating k3s-supervisor event broadcaster
2025-01-30 18:41:30,041 INFO c.h.h.t.HelmChartContainer - [K3S] [INFO] Kube API server is now running
2025-01-30 18:41:30,041 INFO c.h.h.t.HelmChartContainer - [K3S] [INFO] ETCD server is now running
2025-01-30 18:41:30,041 INFO c.h.h.t.HelmChartContainer - [K3S] [INFO] k3s is up and running
2025-01-30 18:41:30,041 INFO c.h.h.t.HelmChartContainer - [K3S] [INFO] Waiting for cloud-controller-manager privileges to become available
2025-01-30 18:41:30,044 INFO c.h.h.t.HelmChartContainer - [K3S] [INFO] Applying CRD addons.k3s.cattle.io
2025-01-30 18:41:30,056 INFO c.h.h.t.HelmChartContainer - [K3S] [INFO] Applying CRD etcdsnapshotfiles.k3s.cattle.io
2025-01-30 18:41:30,064 INFO c.h.h.t.HelmChartContainer - [K3S] [INFO] Applying CRD helmcharts.helm.cattle.io
2025-01-30 18:41:30,075 INFO c.h.h.t.HelmChartContainer - [K3S] [INFO] Applying CRD helmchartconfigs.helm.cattle.io
2025-01-30 18:41:30,090 INFO c.h.h.t.HelmChartContainer - [K3S] [INFO] Waiting for CRD helmchartconfigs.helm.cattle.io to become available
2025-01-30 18:41:30,242 INFO c.h.h.t.HelmChartContainer - [K3S] [apiserver.go:52] "Watching apiserver"
2025-01-30 18:41:30,262 INFO c.h.h.t.HelmChartContainer - [K3S] [desired_state_of_world_populator.go:157] "Finished populating initial desired state of world"
2025-01-30 18:41:30,518 INFO c.h.h.t.HelmChartContainer - [K3S] [serving.go:392] Generated self-signed cert in-memory
2025-01-30 18:41:30,593 INFO c.h.h.t.HelmChartContainer - [K3S] [INFO] Done waiting for CRD helmchartconfigs.helm.cattle.io to become available
2025-01-30 18:41:30,593 INFO c.h.h.t.HelmChartContainer - [K3S] [INFO] Writing static file: /var/lib/rancher/k3s/server/static/charts/traefik-27.0.201+up27.0.2.tgz
2025-01-30 18:41:30,594 INFO c.h.h.t.HelmChartContainer - [K3S] [INFO] Writing static file: /var/lib/rancher/k3s/server/static/charts/traefik-crd-27.0.201+up27.0.2.tgz
2025-01-30 18:41:30,594 INFO c.h.h.t.HelmChartContainer - [K3S] [INFO] Writing manifest: /var/lib/rancher/k3s/server/manifests/coredns.yaml
2025-01-30 18:41:30,595 INFO c.h.h.t.HelmChartContainer - [K3S] [INFO] Writing manifest: /var/lib/rancher/k3s/server/manifests/metrics-server/metrics-server-deployment.yaml
2025-01-30 18:41:30,596 INFO c.h.h.t.HelmChartContainer - [K3S] [INFO] Writing manifest: /var/lib/rancher/k3s/server/manifests/rolebindings.yaml
2025-01-30 18:41:30,596 INFO c.h.h.t.HelmChartContainer - [K3S] [INFO] Writing manifest: /var/lib/rancher/k3s/server/manifests/runtimes.yaml
2025-01-30 18:41:30,596 INFO c.h.h.t.HelmChartContainer - [K3S] [INFO] Writing manifest: /var/lib/rancher/k3s/server/manifests/metrics-server/resource-reader.yaml
2025-01-30 18:41:30,596 INFO c.h.h.t.HelmChartContainer - [K3S] [INFO] Writing manifest: /var/lib/rancher/k3s/server/manifests/ccm.yaml
2025-01-30 18:41:30,596 INFO c.h.h.t.HelmChartContainer - [K3S] [INFO] Writing manifest: /var/lib/rancher/k3s/server/manifests/local-storage.yaml
2025-01-30 18:41:30,596 INFO c.h.h.t.HelmChartContainer - [K3S] [INFO] Writing manifest: /var/lib/rancher/k3s/server/manifests/metrics-server/aggregated-metrics-reader.yaml
2025-01-30 18:41:30,596 INFO c.h.h.t.HelmChartContainer - [K3S] [INFO] Writing manifest: /var/lib/rancher/k3s/server/manifests/metrics-server/auth-delegator.yaml
2025-01-30 18:41:30,596 INFO c.h.h.t.HelmChartContainer - [K3S] [INFO] Writing manifest: /var/lib/rancher/k3s/server/manifests/metrics-server/auth-reader.yaml
2025-01-30 18:41:30,596 INFO c.h.h.t.HelmChartContainer - [K3S] [INFO] Writing manifest: /var/lib/rancher/k3s/server/manifests/metrics-server/metrics-apiservice.yaml
2025-01-30 18:41:30,596 INFO c.h.h.t.HelmChartContainer - [K3S] [INFO] Writing manifest: /var/lib/rancher/k3s/server/manifests/metrics-server/metrics-server-service.yaml
2025-01-30 18:41:30,597 INFO c.h.h.t.HelmChartContainer - [K3S] [INFO] Starting dynamiclistener CN filter node controller with SANs: [localhost 127.0.0.1 ::1 localhost ea8e80bdeb75 172.18.0.2 10.43.0.1 kubernetes kubernetes.default kubernetes.default.svc kubernetes.default.svc.cluster.local]
2025-01-30 18:41:30,599 INFO c.h.h.t.HelmChartContainer - [K3S] [INFO] Tunnel server egress proxy mode: agent
2025-01-30 18:41:30,707 INFO c.h.h.t.HelmChartContainer - [K3S] [INFO] Starting k3s.cattle.io/v1, Kind=Addon controller
2025-01-30 18:41:30,710 INFO c.h.h.t.HelmChartContainer - [K3S] [INFO] Creating deploy event broadcaster
2025-01-30 18:41:30,774 INFO c.h.h.t.HelmChartContainer - [K3S] [controllermanager.go:185] "Starting" version="v1.32.1+k3s1"
2025-01-30 18:41:30,774 INFO c.h.h.t.HelmChartContainer - [K3S] [controllermanager.go:187] "Golang settings" GOGC="" GOMAXPROCS="" GOTRACEBACK=""
2025-01-30 18:41:30,777 INFO c.h.h.t.HelmChartContainer - [K3S] [secure_serving.go:213] Serving securely on 127.0.0.1:10257
2025-01-30 18:41:30,778 INFO c.h.h.t.HelmChartContainer - [K3S] [tlsconfig.go:243] "Starting DynamicServingCertificateController"
2025-01-30 18:41:30,778 INFO c.h.h.t.HelmChartContainer - [K3S] [requestheader_controller.go:180] Starting RequestHeaderAuthRequestController
2025-01-30 18:41:30,778 INFO c.h.h.t.HelmChartContainer - [K3S] [configmap_cafile_content.go:205] "Starting controller" name="client-ca::kube-system::extension-apiserver-authentication::requestheader-client-ca-file"
2025-01-30 18:41:30,779 INFO c.h.h.t.HelmChartContainer - [K3S] [configmap_cafile_content.go:205] "Starting controller" name="client-ca::kube-system::extension-apiserver-authentication::client-ca-file"
2025-01-30 18:41:30,781 INFO c.h.h.t.HelmChartContainer - [K3S] [controllermanager.go:765] "Started controller" controller="serviceaccount-token-controller"
2025-01-30 18:41:30,786 INFO c.h.h.t.HelmChartContainer - [K3S] [controllermanager.go:765] "Started controller" controller="serviceaccount-controller"
2025-01-30 18:41:30,786 INFO c.h.h.t.HelmChartContainer - [K3S] [serviceaccounts_controller.go:114] "Starting service account controller"
2025-01-30 18:41:30,791 INFO c.h.h.t.HelmChartContainer - [K3S] [controllermanager.go:765] "Started controller" controller="daemonset-controller"
2025-01-30 18:41:30,791 INFO c.h.h.t.HelmChartContainer - [K3S] [daemon_controller.go:294] "Starting daemon sets controller"
2025-01-30 18:41:30,796 INFO c.h.h.t.HelmChartContainer - [K3S] [controllermanager.go:765] "Started controller" controller="job-controller"
2025-01-30 18:41:30,796 INFO c.h.h.t.HelmChartContainer - [K3S] [controllermanager.go:723] "Skipping a cloud provider controller" controller="cloud-node-lifecycle-controller"
2025-01-30 18:41:30,796 INFO c.h.h.t.HelmChartContainer - [K3S] [job_controller.go:243] "Starting job controller"
2025-01-30 18:41:30,802 INFO c.h.h.t.HelmChartContainer - [K3S] [controllermanager.go:765] "Started controller" controller="persistentvolume-binder-controller"
2025-01-30 18:41:30,802 INFO c.h.h.t.HelmChartContainer - [K3S] [controllermanager.go:743] "Warning: skipping controller" controller="storage-version-migrator-controller"
2025-01-30 18:41:30,802 INFO c.h.h.t.HelmChartContainer - [K3S] [controllermanager.go:717] "Controller is disabled by a feature gate" controller="selinux-warning-controller" requiredFeatureGates=["SELinuxChangePolicy"]
2025-01-30 18:41:30,802 INFO c.h.h.t.HelmChartContainer - [K3S] [pv_controller_base.go:308] "Starting persistent volume controller"
2025-01-30 18:41:30,807 INFO c.h.h.t.HelmChartContainer - [K3S] [controllermanager.go:765] "Started controller" controller="endpointslice-mirroring-controller"
2025-01-30 18:41:30,807 INFO c.h.h.t.HelmChartContainer - [K3S] [endpointslicemirroring_controller.go:227] "Starting EndpointSliceMirroring controller"
2025-01-30 18:41:30,812 INFO c.h.h.t.HelmChartContainer - [K3S] [INFO] Starting /v1, Kind=Node controller
2025-01-30 18:41:30,812 INFO c.h.h.t.HelmChartContainer - [K3S] [INFO] Creating helm-controller event broadcaster
2025-01-30 18:41:30,813 INFO c.h.h.t.HelmChartContainer - [K3S] [controllermanager.go:765] "Started controller" controller="deployment-controller"
2025-01-30 18:41:30,814 INFO c.h.h.t.HelmChartContainer - [K3S] [deployment_controller.go:173] "Starting controller" controller="deployment"
2025-01-30 18:41:30,822 INFO c.h.h.t.HelmChartContainer - [K3S] [INFO] Labels and annotations have been set successfully on node: ea8e80bdeb75
2025-01-30 18:41:30,829 INFO c.h.h.t.HelmChartContainer - [K3S] [INFO] Cluster dns configmap has been set successfully
2025-01-30 18:41:30,836 INFO c.h.h.t.HelmChartContainer - [K3S] [controllermanager.go:765] "Started controller" controller="certificatesigningrequest-cleaner-controller"
2025-01-30 18:41:30,836 INFO c.h.h.t.HelmChartContainer - [K3S] [cleaner.go:83] "Starting CSR cleaner controller"
2025-01-30 18:41:30,855 INFO c.h.h.t.HelmChartContainer - [K3S] [controllermanager.go:765] "Started controller" controller="persistentvolume-attach-detach-controller"
2025-01-30 18:41:30,855 INFO c.h.h.t.HelmChartContainer - [K3S] [attach_detach_controller.go:338] "Starting attach detach controller"
2025-01-30 18:41:30,865 INFO c.h.h.t.HelmChartContainer - [K3S] [controllermanager.go:765] "Started controller" controller="persistentvolume-protection-controller"
2025-01-30 18:41:30,865 INFO c.h.h.t.HelmChartContainer - [K3S] [controllermanager.go:717] "Controller is disabled by a feature gate" controller="resourceclaim-controller" requiredFeatureGates=["DynamicResourceAllocation"]
2025-01-30 18:41:30,865 INFO c.h.h.t.HelmChartContainer - [K3S] [pv_protection_controller.go:81] "Starting PV protection controller"
2025-01-30 18:41:30,869 INFO c.h.h.t.HelmChartContainer - [K3S] [INFO] Starting /v1, Kind=ConfigMap controller
2025-01-30 18:41:30,870 INFO c.h.h.t.HelmChartContainer - [K3S] [INFO] Starting /v1, Kind=ServiceAccount controller
2025-01-30 18:41:30,870 INFO c.h.h.t.HelmChartContainer - [K3S] [INFO] Starting /v1, Kind=Secret controller
2025-01-30 18:41:30,874 INFO c.h.h.t.HelmChartContainer - [K3S] [controllermanager.go:765] "Started controller" controller="legacy-serviceaccount-token-cleaner-controller"
2025-01-30 18:41:30,874 INFO c.h.h.t.HelmChartContainer - [K3S] [legacy_serviceaccount_token_cleaner.go:103] "Starting legacy service account token cleaner controller"
2025-01-30 18:41:30,876 INFO c.h.h.t.HelmChartContainer - [K3S] [INFO] Updating TLS secret for kube-system/k3s-serving (count: 10): map[listener.cattle.io/cn-10.43.0.1:10.43.0.1 listener.cattle.io/cn-127.0.0.1:127.0.0.1 listener.cattle.io/cn-172.18.0.2:172.18.0.2 listener.cattle.io/cn-__1-f16284:::1 listener.cattle.io/cn-ea8e80bdeb75:ea8e80bdeb75 listener.cattle.io/cn-kubernetes:kubernetes listener.cattle.io/cn-kubernetes.default:kubernetes.default listener.cattle.io/cn-kubernetes.default.svc:kubernetes.default.svc listener.cattle.io/cn-kubernetes.default.svc.cluster.local:kubernetes.default.svc.cluster.local listener.cattle.io/cn-localhost:localhost listener.cattle.io/fingerprint:SHA1=4FA7B77BECD40BEDD79BB5166F2CBFBD261A9AD1]
2025-01-30 18:41:30,879 INFO c.h.h.t.HelmChartContainer - [K3S] [INFO] Active TLS secret kube-system/k3s-serving (ver=240) (count 10): map[listener.cattle.io/cn-10.43.0.1:10.43.0.1 listener.cattle.io/cn-127.0.0.1:127.0.0.1 listener.cattle.io/cn-172.18.0.2:172.18.0.2 listener.cattle.io/cn-__1-f16284:::1 listener.cattle.io/cn-ea8e80bdeb75:ea8e80bdeb75 listener.cattle.io/cn-kubernetes:kubernetes listener.cattle.io/cn-kubernetes.default:kubernetes.default listener.cattle.io/cn-kubernetes.default.svc:kubernetes.default.svc listener.cattle.io/cn-kubernetes.default.svc.cluster.local:kubernetes.default.svc.cluster.local listener.cattle.io/cn-localhost:localhost listener.cattle.io/fingerprint:SHA1=4FA7B77BECD40BEDD79BB5166F2CBFBD261A9AD1]
2025-01-30 18:41:30,920 INFO c.h.h.t.HelmChartContainer - [K3S] [INFO] Starting helm.cattle.io/v1, Kind=HelmChart controller
2025-01-30 18:41:30,920 INFO c.h.h.t.HelmChartContainer - [K3S] [INFO] Starting helm.cattle.io/v1, Kind=HelmChartConfig controller
2025-01-30 18:41:30,923 INFO c.h.h.t.HelmChartContainer - [K3S] [INFO] Starting rbac.authorization.k8s.io/v1, Kind=ClusterRoleBinding controller
2025-01-30 18:41:30,925 INFO c.h.h.t.HelmChartContainer - [K3S] [INFO] Starting batch/v1, Kind=Job controller
2025-01-30 18:41:30,971 INFO c.h.h.t.HelmChartContainer - [K3S] [INFO] Updating TLS secret for kube-system/k3s-serving (count: 10): map[listener.cattle.io/cn-10.43.0.1:10.43.0.1 listener.cattle.io/cn-127.0.0.1:127.0.0.1 listener.cattle.io/cn-172.18.0.2:172.18.0.2 listener.cattle.io/cn-__1-f16284:::1 listener.cattle.io/cn-ea8e80bdeb75:ea8e80bdeb75 listener.cattle.io/cn-kubernetes:kubernetes listener.cattle.io/cn-kubernetes.default:kubernetes.default listener.cattle.io/cn-kubernetes.default.svc:kubernetes.default.svc listener.cattle.io/cn-kubernetes.default.svc.cluster.local:kubernetes.default.svc.cluster.local listener.cattle.io/cn-localhost:localhost listener.cattle.io/fingerprint:SHA1=4FA7B77BECD40BEDD79BB5166F2CBFBD261A9AD1]
2025-01-30 18:41:31,089 INFO c.h.h.t.HelmChartContainer - [K3S] [controllermanager.go:765] "Started controller" controller="resourcequota-controller"
2025-01-30 18:41:31,089 INFO c.h.h.t.HelmChartContainer - [K3S] [resource_quota_controller.go:300] "Starting resource quota controller"
2025-01-30 18:41:31,234 INFO c.h.h.t.HelmChartContainer - [K3S] [controllermanager.go:765] "Started controller" controller="persistentvolume-expander-controller"
2025-01-30 18:41:31,234 INFO c.h.h.t.HelmChartContainer - [K3S] [expand_controller.go:329] "Starting expand controller"
2025-01-30 18:41:31,384 INFO c.h.h.t.HelmChartContainer - [K3S] [controllermanager.go:765] "Started controller" controller="clusterrole-aggregation-controller"
2025-01-30 18:41:31,384 INFO c.h.h.t.HelmChartContainer - [K3S] [clusterroleaggregation_controller.go:194] "Starting ClusterRoleAggregator controller"
2025-01-30 18:41:31,535 INFO c.h.h.t.HelmChartContainer - [K3S] [controllermanager.go:765] "Started controller" controller="persistentvolumeclaim-protection-controller"
2025-01-30 18:41:31,535 INFO c.h.h.t.HelmChartContainer - [K3S] [pvc_protection_controller.go:168] "Starting PVC protection controller"
2025-01-30 18:41:31,684 INFO c.h.h.t.HelmChartContainer - [K3S] [controllermanager.go:765] "Started controller" controller="replicationcontroller-controller"
2025-01-30 18:41:31,684 INFO c.h.h.t.HelmChartContainer - [K3S] [replica_set.go:217] "Starting controller" name="replicationcontroller"
2025-01-30 18:41:31,936 INFO c.h.h.t.HelmChartContainer - [K3S] [controllermanager.go:765] "Started controller" controller="namespace-controller"
2025-01-30 18:41:31,936 INFO c.h.h.t.HelmChartContainer - [K3S] [namespace_controller.go:202] "Starting namespace controller"
2025-01-30 18:41:32,184 INFO c.h.h.t.HelmChartContainer - [K3S] [graph_builder.go:351] "Running" component="GraphBuilder"
2025-01-30 18:41:32,184 INFO c.h.h.t.HelmChartContainer - [K3S] [controllermanager.go:765] "Started controller" controller="garbage-collector-controller"
2025-01-30 18:41:32,434 INFO c.h.h.t.HelmChartContainer - [K3S] [controllermanager.go:765] "Started controller" controller="cronjob-controller"
2025-01-30 18:41:32,434 INFO c.h.h.t.HelmChartContainer - [K3S] [cronjob_controllerv2.go:145] "Starting cronjob controller v2"
2025-01-30 18:41:32,485 INFO c.h.h.t.HelmChartContainer - [K3S] [certificate_controller.go:120] "Starting certificate controller" name="csrsigning-kubelet-serving"
2025-01-30 18:41:32,485 INFO c.h.h.t.HelmChartContainer - [K3S] [dynamic_serving_content.go:135] "Starting controller" name="csr-controller::/var/lib/rancher/k3s/server/tls/server-ca.nochain.crt::/var/lib/rancher/k3s/server/tls/server-ca.key"
2025-01-30 18:41:32,485 INFO c.h.h.t.HelmChartContainer - [K3S] [certificate_controller.go:120] "Starting certificate controller" name="csrsigning-kubelet-client"
2025-01-30 18:41:32,486 INFO c.h.h.t.HelmChartContainer - [K3S] [dynamic_serving_content.go:135] "Starting controller" name="csr-controller::/var/lib/rancher/k3s/server/tls/client-ca.nochain.crt::/var/lib/rancher/k3s/server/tls/client-ca.key"
2025-01-30 18:41:32,486 INFO c.h.h.t.HelmChartContainer - [K3S] [certificate_controller.go:120] "Starting certificate controller" name="csrsigning-kube-apiserver-client"
2025-01-30 18:41:32,486 INFO c.h.h.t.HelmChartContainer - [K3S] [dynamic_serving_content.go:135] "Starting controller" name="csr-controller::/var/lib/rancher/k3s/server/tls/client-ca.nochain.crt::/var/lib/rancher/k3s/server/tls/client-ca.key"
2025-01-30 18:41:32,486 INFO c.h.h.t.HelmChartContainer - [K3S] [controllermanager.go:765] "Started controller" controller="certificatesigningrequest-signing-controller"
2025-01-30 18:41:32,486 INFO c.h.h.t.HelmChartContainer - [K3S] [certificate_controller.go:120] "Starting certificate controller" name="csrsigning-legacy-unknown"
2025-01-30 18:41:32,486 INFO c.h.h.t.HelmChartContainer - [K3S] [dynamic_serving_content.go:135] "Starting controller" name="csr-controller::/var/lib/rancher/k3s/server/tls/server-ca.nochain.crt::/var/lib/rancher/k3s/server/tls/server-ca.key"
2025-01-30 18:41:32,633 INFO c.h.h.t.HelmChartContainer - [K3S] [controllermanager.go:765] "Started controller" controller="ttl-after-finished-controller"
2025-01-30 18:41:32,634 INFO c.h.h.t.HelmChartContainer - [K3S] [ttlafterfinished_controller.go:112] "Starting TTL after finished controller"
2025-01-30 18:41:32,713 INFO c.h.h.t.HelmChartContainer - [K3S] [event.go:389] "Event occurred" object="kube-system/ccm" fieldPath="" kind="Addon" apiVersion="k3s.cattle.io/v1" type="Normal" reason="ApplyingManifest" message="Applying manifest at \"/var/lib/rancher/k3s/server/manifests/ccm.yaml\""
2025-01-30 18:41:32,733 INFO c.h.h.t.HelmChartContainer - [K3S] [event.go:389] "Event occurred" object="kube-system/ccm" fieldPath="" kind="Addon" apiVersion="k3s.cattle.io/v1" type="Normal" reason="AppliedManifest" message="Applied manifest at \"/var/lib/rancher/k3s/server/manifests/ccm.yaml\""
2025-01-30 18:41:32,742 INFO c.h.h.t.HelmChartContainer - [K3S] [event.go:389] "Event occurred" object="ea8e80bdeb75" fieldPath="" kind="Node" apiVersion="" type="Normal" reason="NodePasswordValidationComplete" message="Deferred node password secret validation complete"
2025-01-30 18:41:32,745 INFO c.h.h.t.HelmChartContainer - [K3S] [event.go:389] "Event occurred" object="kube-system/coredns" fieldPath="" kind="Addon" apiVersion="k3s.cattle.io/v1" type="Normal" reason="ApplyingManifest" message="Applying manifest at \"/var/lib/rancher/k3s/server/manifests/coredns.yaml\""
2025-01-30 18:41:32,785 INFO c.h.h.t.HelmChartContainer - [K3S] [controllermanager.go:765] "Started controller" controller="pod-garbage-collector-controller"
2025-01-30 18:41:32,785 INFO c.h.h.t.HelmChartContainer - [K3S] [gc_controller.go:99] "Starting GC controller"
2025-01-30 18:41:32,844 INFO c.h.h.t.HelmChartContainer - [K3S] [alloc.go:330] "allocated clusterIPs" service="kube-system/kube-dns" clusterIPs={"IPv4":"10.43.0.10"}
2025-01-30 18:41:32,845 INFO c.h.h.t.HelmChartContainer - [K3S] [event.go:389] "Event occurred" object="kube-system/coredns" fieldPath="" kind="Addon" apiVersion="k3s.cattle.io/v1" type="Normal" reason="AppliedManifest" message="Applied manifest at \"/var/lib/rancher/k3s/server/manifests/coredns.yaml\""
2025-01-30 18:41:32,852 INFO c.h.h.t.HelmChartContainer - [K3S] [event.go:389] "Event occurred" object="kube-system/local-storage" fieldPath="" kind="Addon" apiVersion="k3s.cattle.io/v1" type="Normal" reason="ApplyingManifest" message="Applying manifest at \"/var/lib/rancher/k3s/server/manifests/local-storage.yaml\""
2025-01-30 18:41:32,945 INFO c.h.h.t.HelmChartContainer - [K3S] [event.go:389] "Event occurred" object="kube-system/local-storage" fieldPath="" kind="Addon" apiVersion="k3s.cattle.io/v1" type="Normal" reason="AppliedManifest" message="Applied manifest at \"/var/lib/rancher/k3s/server/manifests/local-storage.yaml\""
2025-01-30 18:41:32,950 INFO c.h.h.t.HelmChartContainer - [K3S] [event.go:389] "Event occurred" object="kube-system/aggregated-metrics-reader" fieldPath="" kind="Addon" apiVersion="k3s.cattle.io/v1" type="Normal" reason="ApplyingManifest" message="Applying manifest at \"/var/lib/rancher/k3s/server/manifests/metrics-server/aggregated-metrics-reader.yaml\""
2025-01-30 18:41:32,954 INFO c.h.h.t.HelmChartContainer - [K3S] [event.go:389] "Event occurred" object="kube-system/aggregated-metrics-reader" fieldPath="" kind="Addon" apiVersion="k3s.cattle.io/v1" type="Normal" reason="AppliedManifest" message="Applied manifest at \"/var/lib/rancher/k3s/server/manifests/metrics-server/aggregated-metrics-reader.yaml\""
2025-01-30 18:41:32,959 INFO c.h.h.t.HelmChartContainer - [K3S] [event.go:389] "Event occurred" object="kube-system/auth-delegator" fieldPath="" kind="Addon" apiVersion="k3s.cattle.io/v1" type="Normal" reason="ApplyingManifest" message="Applying manifest at \"/var/lib/rancher/k3s/server/manifests/metrics-server/auth-delegator.yaml\""
2025-01-30 18:41:33,027 INFO c.h.h.t.HelmChartContainer - [K3S] [event.go:389] "Event occurred" object="kube-system/auth-delegator" fieldPath="" kind="Addon" apiVersion="k3s.cattle.io/v1" type="Normal" reason="AppliedManifest" message="Applied manifest at \"/var/lib/rancher/k3s/server/manifests/metrics-server/auth-delegator.yaml\""
2025-01-30 18:41:33,033 INFO c.h.h.t.HelmChartContainer - [K3S] [event.go:389] "Event occurred" object="kube-system/auth-reader" fieldPath="" kind="Addon" apiVersion="k3s.cattle.io/v1" type="Normal" reason="ApplyingManifest" message="Applying manifest at \"/var/lib/rancher/k3s/server/manifests/metrics-server/auth-reader.yaml\""
2025-01-30 18:41:33,037 INFO c.h.h.t.HelmChartContainer - [K3S] [event.go:389] "Event occurred" object="kube-system/auth-reader" fieldPath="" kind="Addon" apiVersion="k3s.cattle.io/v1" type="Normal" reason="AppliedManifest" message="Applied manifest at \"/var/lib/rancher/k3s/server/manifests/metrics-server/auth-reader.yaml\""
2025-01-30 18:41:33,044 INFO c.h.h.t.HelmChartContainer - [K3S] [event.go:389] "Event occurred" object="kube-system/metrics-apiservice" fieldPath="" kind="Addon" apiVersion="k3s.cattle.io/v1" type="Normal" reason="ApplyingManifest" message="Applying manifest at \"/var/lib/rancher/k3s/server/manifests/metrics-server/metrics-apiservice.yaml\""
2025-01-30 18:41:33,049 INFO c.h.h.t.HelmChartContainer - [K3S] [event.go:389] "Event occurred" object="kube-system/metrics-apiservice" fieldPath="" kind="Addon" apiVersion="k3s.cattle.io/v1" type="Normal" reason="AppliedManifest" message="Applied manifest at \"/var/lib/rancher/k3s/server/manifests/metrics-server/metrics-apiservice.yaml\""
2025-01-30 18:41:33,053 INFO c.h.h.t.HelmChartContainer - [K3S] [handler_proxy.go:99] no RequestInfo found in the context
2025-01-30 18:41:33,054 INFO c.h.h.t.HelmChartContainer - [K3S] [controller.go:146] "Unhandled Error" err=<
2025-01-30 18:41:33,054 INFO c.h.h.t.HelmChartContainer - [K3S] 	, Header: map[Content-Type:[text/plain; charset=utf-8] X-Content-Type-Options:[nosniff]]
2025-01-30 18:41:33,054 INFO c.h.h.t.HelmChartContainer - [K3S]  >
2025-01-30 18:41:33,055 INFO c.h.h.t.HelmChartContainer - [K3S] [handler_proxy.go:143] error resolving kube-system/metrics-server: service "metrics-server" not found
2025-01-30 18:41:33,059 INFO c.h.h.t.HelmChartContainer - [K3S] [event.go:389] "Event occurred" object="kube-system/metrics-server-deployment" fieldPath="" kind="Addon" apiVersion="k3s.cattle.io/v1" type="Normal" reason="ApplyingManifest" message="Applying manifest at \"/var/lib/rancher/k3s/server/manifests/metrics-server/metrics-server-deployment.yaml\""
2025-01-30 18:41:33,069 INFO c.h.h.t.HelmChartContainer - [K3S] [event.go:389] "Event occurred" object="kube-system/metrics-server-deployment" fieldPath="" kind="Addon" apiVersion="k3s.cattle.io/v1" type="Normal" reason="AppliedManifest" message="Applied manifest at \"/var/lib/rancher/k3s/server/manifests/metrics-server/metrics-server-deployment.yaml\""
2025-01-30 18:41:33,075 INFO c.h.h.t.HelmChartContainer - [K3S] [event.go:389] "Event occurred" object="kube-system/metrics-server-service" fieldPath="" kind="Addon" apiVersion="k3s.cattle.io/v1" type="Normal" reason="ApplyingManifest" message="Applying manifest at \"/var/lib/rancher/k3s/server/manifests/metrics-server/metrics-server-service.yaml\""
2025-01-30 18:41:33,084 INFO c.h.h.t.HelmChartContainer - [K3S] [alloc.go:330] "allocated clusterIPs" service="kube-system/metrics-server" clusterIPs={"IPv4":"10.43.59.101"}
2025-01-30 18:41:33,085 INFO c.h.h.t.HelmChartContainer - [K3S] [event.go:389] "Event occurred" object="kube-system/metrics-server-service" fieldPath="" kind="Addon" apiVersion="k3s.cattle.io/v1" type="Normal" reason="AppliedManifest" message="Applied manifest at \"/var/lib/rancher/k3s/server/manifests/metrics-server/metrics-server-service.yaml\""
2025-01-30 18:41:33,085 INFO c.h.h.t.HelmChartContainer - [K3S] [controllermanager.go:765] "Started controller" controller="horizontal-pod-autoscaler-controller"
2025-01-30 18:41:33,085 INFO c.h.h.t.HelmChartContainer - [K3S] [controllermanager.go:728] "Warning: controller is disabled" controller="bootstrap-signer-controller"
2025-01-30 18:41:33,085 INFO c.h.h.t.HelmChartContainer - [K3S] [horizontal.go:201] "Starting HPA controller"
2025-01-30 18:41:33,088 INFO c.h.h.t.HelmChartContainer - [K3S] [handler_proxy.go:99] no RequestInfo found in the context
2025-01-30 18:41:33,088 INFO c.h.h.t.HelmChartContainer - [K3S] [controller.go:146] "Unhandled Error" err=<
2025-01-30 18:41:33,088 INFO c.h.h.t.HelmChartContainer - [K3S] 	, Header: map[Content-Type:[text/plain; charset=utf-8] X-Content-Type-Options:[nosniff]]
2025-01-30 18:41:33,088 INFO c.h.h.t.HelmChartContainer - [K3S]  >
2025-01-30 18:41:33,089 INFO c.h.h.t.HelmChartContainer - [K3S] [handler_proxy.go:143] error resolving kube-system/metrics-server: endpoints "metrics-server" not found
2025-01-30 18:41:33,092 INFO c.h.h.t.HelmChartContainer - [K3S] [event.go:389] "Event occurred" object="kube-system/resource-reader" fieldPath="" kind="Addon" apiVersion="k3s.cattle.io/v1" type="Normal" reason="ApplyingManifest" message="Applying manifest at \"/var/lib/rancher/k3s/server/manifests/metrics-server/resource-reader.yaml\""
2025-01-30 18:41:33,128 INFO c.h.h.t.HelmChartContainer - [K3S] [event.go:389] "Event occurred" object="kube-system/resource-reader" fieldPath="" kind="Addon" apiVersion="k3s.cattle.io/v1" type="Normal" reason="AppliedManifest" message="Applied manifest at \"/var/lib/rancher/k3s/server/manifests/metrics-server/resource-reader.yaml\""
2025-01-30 18:41:33,133 INFO c.h.h.t.HelmChartContainer - [K3S] [event.go:389] "Event occurred" object="kube-system/rolebindings" fieldPath="" kind="Addon" apiVersion="k3s.cattle.io/v1" type="Normal" reason="ApplyingManifest" message="Applying manifest at \"/var/lib/rancher/k3s/server/manifests/rolebindings.yaml\""
2025-01-30 18:41:33,241 INFO c.h.h.t.HelmChartContainer - [K3S] [event.go:389] "Event occurred" object="kube-system/rolebindings" fieldPath="" kind="Addon" apiVersion="k3s.cattle.io/v1" type="Normal" reason="AppliedManifest" message="Applied manifest at \"/var/lib/rancher/k3s/server/manifests/rolebindings.yaml\""
2025-01-30 18:41:33,248 INFO c.h.h.t.HelmChartContainer - [K3S] [event.go:389] "Event occurred" object="kube-system/runtimes" fieldPath="" kind="Addon" apiVersion="k3s.cattle.io/v1" type="Normal" reason="ApplyingManifest" message="Applying manifest at \"/var/lib/rancher/k3s/server/manifests/runtimes.yaml\""
2025-01-30 18:41:33,272 INFO c.h.h.t.HelmChartContainer - [K3S] [event.go:389] "Event occurred" object="kube-system/runtimes" fieldPath="" kind="Addon" apiVersion="k3s.cattle.io/v1" type="Normal" reason="AppliedManifest" message="Applied manifest at \"/var/lib/rancher/k3s/server/manifests/runtimes.yaml\""
2025-01-30 18:41:33,284 INFO c.h.h.t.HelmChartContainer - [K3S] [controllermanager.go:765] "Started controller" controller="disruption-controller"
2025-01-30 18:41:33,284 INFO c.h.h.t.HelmChartContainer - [K3S] [disruption.go:452] "Sending events to api server."
2025-01-30 18:41:33,284 INFO c.h.h.t.HelmChartContainer - [K3S] [disruption.go:463] "Starting disruption controller"
2025-01-30 18:41:33,411 INFO c.h.h.t.HelmChartContainer - [K3S] [serving.go:392] Generated self-signed cert in-memory
2025-01-30 18:41:33,435 INFO c.h.h.t.HelmChartContainer - [K3S] [controllermanager.go:765] "Started controller" controller="token-cleaner-controller"
2025-01-30 18:41:33,435 INFO c.h.h.t.HelmChartContainer - [K3S] [tokencleaner.go:117] "Starting token cleaner controller"
2025-01-30 18:41:33,584 INFO c.h.h.t.HelmChartContainer - [K3S] [node_lifecycle_controller.go:432] "Controller will reconcile labels"
2025-01-30 18:41:33,584 INFO c.h.h.t.HelmChartContainer - [K3S] [controllermanager.go:765] "Started controller" controller="node-lifecycle-controller"
2025-01-30 18:41:33,587 INFO c.h.h.t.HelmChartContainer - [K3S] [controllermanager.go:723] "Skipping a cloud provider controller" controller="service-lb-controller"
2025-01-30 18:41:33,587 INFO c.h.h.t.HelmChartContainer - [K3S] [node_lifecycle_controller.go:466] "Sending events to api server"
2025-01-30 18:41:33,587 INFO c.h.h.t.HelmChartContainer - [K3S] [node_lifecycle_controller.go:477] "Starting node controller"
2025-01-30 18:41:33,707 INFO c.h.h.t.HelmChartContainer - [K3S] [serving.go:392] Generated self-signed cert in-memory
2025-01-30 18:41:33,735 INFO c.h.h.t.HelmChartContainer - [K3S] [controllermanager.go:765] "Started controller" controller="root-ca-certificate-publisher-controller"
2025-01-30 18:41:33,735 INFO c.h.h.t.HelmChartContainer - [K3S] [controllermanager.go:717] "Controller is disabled by a feature gate" controller="service-cidr-controller" requiredFeatureGates=["MultiCIDRServiceAllocator"]
2025-01-30 18:41:33,736 INFO c.h.h.t.HelmChartContainer - [K3S] [publisher.go:107] "Starting root CA cert publisher controller"
2025-01-30 18:41:33,891 INFO c.h.h.t.HelmChartContainer - [K3S] [controllermanager.go:765] "Started controller" controller="endpoints-controller"
2025-01-30 18:41:33,891 INFO c.h.h.t.HelmChartContainer - [K3S] [endpoints_controller.go:182] "Starting endpoint controller"
2025-01-30 18:41:33,934 INFO c.h.h.t.HelmChartContainer - [K3S] [controllermanager.go:765] "Started controller" controller="certificatesigningrequest-approving-controller"
2025-01-30 18:41:33,934 INFO c.h.h.t.HelmChartContainer - [K3S] [certificate_controller.go:120] "Starting certificate controller" name="csrapproving"
2025-01-30 18:41:34,043 INFO c.h.h.t.HelmChartContainer - [K3S] [controllermanager.go:160] Version: v1.32.1+k3s1
2025-01-30 18:41:34,046 INFO c.h.h.t.HelmChartContainer - [K3S] [requestheader_controller.go:180] Starting RequestHeaderAuthRequestController
2025-01-30 18:41:34,046 INFO c.h.h.t.HelmChartContainer - [K3S] [configmap_cafile_content.go:205] "Starting controller" name="client-ca::kube-system::extension-apiserver-authentication::requestheader-client-ca-file"
2025-01-30 18:41:34,046 INFO c.h.h.t.HelmChartContainer - [K3S] [configmap_cafile_content.go:205] "Starting controller" name="client-ca::kube-system::extension-apiserver-authentication::client-ca-file"
2025-01-30 18:41:34,046 INFO c.h.h.t.HelmChartContainer - [K3S] [secure_serving.go:213] Serving securely on 127.0.0.1:10258
2025-01-30 18:41:34,046 INFO c.h.h.t.HelmChartContainer - [K3S] [tlsconfig.go:243] "Starting DynamicServingCertificateController"
2025-01-30 18:41:34,050 INFO c.h.h.t.HelmChartContainer - [K3S] [handler_proxy.go:99] no RequestInfo found in the context
2025-01-30 18:41:34,050 INFO c.h.h.t.HelmChartContainer - [K3S] [handler_proxy.go:99] no RequestInfo found in the context
2025-01-30 18:41:34,050 INFO c.h.h.t.HelmChartContainer - [K3S] [controller.go:102] "Unhandled Error" err=<
2025-01-30 18:41:34,050 INFO c.h.h.t.HelmChartContainer - [K3S] 	, Header: map[Content-Type:[text/plain; charset=utf-8] X-Content-Type-Options:[nosniff]]
2025-01-30 18:41:34,050 INFO c.h.h.t.HelmChartContainer - [K3S]  >
2025-01-30 18:41:34,052 INFO c.h.h.t.HelmChartContainer - [K3S] [INFO] Creating service-lb-controller event broadcaster
2025-01-30 18:41:34,084 INFO c.h.h.t.HelmChartContainer - [K3S] [controllermanager.go:765] "Started controller" controller="ttl-controller"
2025-01-30 18:41:34,084 INFO c.h.h.t.HelmChartContainer - [K3S] [ttl_controller.go:127] "Starting TTL controller"
2025-01-30 18:41:34,166 INFO c.h.h.t.HelmChartContainer - [K3S] [INFO] Starting /v1, Kind=Node controller
2025-01-30 18:41:34,169 INFO c.h.h.t.HelmChartContainer - [K3S] [INFO] Starting /v1, Kind=Pod controller
2025-01-30 18:41:34,172 INFO c.h.h.t.HelmChartContainer - [K3S] [INFO] Starting apps/v1, Kind=DaemonSet controller
2025-01-30 18:41:34,175 INFO c.h.h.t.HelmChartContainer - [K3S] [controllermanager.go:306] "node-route-controller" is disabled
2025-01-30 18:41:34,175 INFO c.h.h.t.HelmChartContainer - [K3S] [INFO] Starting discovery.k8s.io/v1, Kind=EndpointSlice controller
2025-01-30 18:41:34,176 INFO c.h.h.t.HelmChartContainer - [K3S] [controllermanager.go:329] Started "cloud-node-controller"
2025-01-30 18:41:34,176 INFO c.h.h.t.HelmChartContainer - [K3S] [node_controller.go:176] Sending events to api server.
2025-01-30 18:41:34,176 INFO c.h.h.t.HelmChartContainer - [K3S] [node_controller.go:185] Waiting for informer caches to sync
2025-01-30 18:41:34,176 INFO c.h.h.t.HelmChartContainer - [K3S] [controllermanager.go:329] Started "cloud-node-lifecycle-controller"
2025-01-30 18:41:34,176 INFO c.h.h.t.HelmChartContainer - [K3S] [node_lifecycle_controller.go:112] Sending events to api server
2025-01-30 18:41:34,176 INFO c.h.h.t.HelmChartContainer - [K3S] [controllermanager.go:329] Started "service-lb-controller"
2025-01-30 18:41:34,177 INFO c.h.h.t.HelmChartContainer - [K3S] [controller.go:234] Starting service controller
2025-01-30 18:41:34,226 INFO c.h.h.t.HelmChartContainer - [K3S] [INFO] Tunnel authorizer set Kubelet Port 0.0.0.0:10250
2025-01-30 18:41:34,242 INFO c.h.h.t.HelmChartContainer - [K3S] [range_allocator.go:112] "No Secondary Service CIDR provided. Skipping filtering out secondary service addresses"
2025-01-30 18:41:34,243 INFO c.h.h.t.HelmChartContainer - [K3S] [controllermanager.go:765] "Started controller" controller="node-ipam-controller"
2025-01-30 18:41:34,246 INFO c.h.h.t.HelmChartContainer - [K3S] [controllermanager.go:723] "Skipping a cloud provider controller" controller="node-route-controller"
2025-01-30 18:41:34,246 INFO c.h.h.t.HelmChartContainer - [K3S] [controllermanager.go:717] "Controller is disabled by a feature gate" controller="volumeattributesclass-protection-controller" requiredFeatureGates=["VolumeAttributesClass"]
2025-01-30 18:41:34,246 INFO c.h.h.t.HelmChartContainer - [K3S] [node_ipam_controller.go:141] "Starting ipam controller"
2025-01-30 18:41:34,280 INFO c.h.h.t.HelmChartContainer - [K3S] [node_controller.go:429] Initializing node ea8e80bdeb75 with cloud provider
2025-01-30 18:41:34,287 INFO c.h.h.t.HelmChartContainer - [K3S] [node_controller.go:474] Successfully initialized node ea8e80bdeb75 with cloud provider
2025-01-30 18:41:34,288 INFO c.h.h.t.HelmChartContainer - [K3S] [event.go:389] "Event occurred" object="ea8e80bdeb75" fieldPath="" kind="Node" apiVersion="v1" type="Normal" reason="Synced" message="Node synced successfully"
2025-01-30 18:41:34,306 INFO c.h.h.t.HelmChartContainer - [K3S] [INFO] Updated coredns NodeHosts entry for ea8e80bdeb75
2025-01-30 18:41:34,385 INFO c.h.h.t.HelmChartContainer - [K3S] [controllermanager.go:765] "Started controller" controller="ephemeral-volume-controller"
2025-01-30 18:41:34,386 INFO c.h.h.t.HelmChartContainer - [K3S] [controllermanager.go:717] "Controller is disabled by a feature gate" controller="storageversion-garbage-collector-controller" requiredFeatureGates=["APIServerIdentity","StorageVersionAPI"]
2025-01-30 18:41:34,386 INFO c.h.h.t.HelmChartContainer - [K3S] [controller.go:173] "Starting ephemeral volume controller"
2025-01-30 18:41:34,584 INFO c.h.h.t.HelmChartContainer - [K3S] [controllermanager.go:765] "Started controller" controller="validatingadmissionpolicy-status-controller"
2025-01-30 18:41:34,628 INFO c.h.h.t.HelmChartContainer - [K3S] [serving.go:392] Generated self-signed cert in-memory
2025-01-30 18:41:34,735 INFO c.h.h.t.HelmChartContainer - [K3S] [controllermanager.go:765] "Started controller" controller="endpointslice-controller"
2025-01-30 18:41:34,735 INFO c.h.h.t.HelmChartContainer - [K3S] [endpointslice_controller.go:281] "Starting endpoint slice controller"
2025-01-30 18:41:34,884 INFO c.h.h.t.HelmChartContainer - [K3S] [server.go:164] "Starting Kubernetes Scheduler" version="v1.32.1+k3s1"
2025-01-30 18:41:34,884 INFO c.h.h.t.HelmChartContainer - [K3S] [server.go:166] "Golang settings" GOGC="" GOMAXPROCS="" GOTRACEBACK=""
2025-01-30 18:41:34,884 INFO c.h.h.t.HelmChartContainer - [K3S] [controllermanager.go:765] "Started controller" controller="replicaset-controller"
2025-01-30 18:41:34,884 INFO c.h.h.t.HelmChartContainer - [K3S] [replica_set.go:217] "Starting controller" name="replicaset"
2025-01-30 18:41:34,887 INFO c.h.h.t.HelmChartContainer - [K3S] [secure_serving.go:213] Serving securely on 127.0.0.1:10259
2025-01-30 18:41:34,887 INFO c.h.h.t.HelmChartContainer - [K3S] [requestheader_controller.go:180] Starting RequestHeaderAuthRequestController
2025-01-30 18:41:34,888 INFO c.h.h.t.HelmChartContainer - [K3S] [tlsconfig.go:243] "Starting DynamicServingCertificateController"
2025-01-30 18:41:34,888 INFO c.h.h.t.HelmChartContainer - [K3S] [configmap_cafile_content.go:205] "Starting controller" name="client-ca::kube-system::extension-apiserver-authentication::requestheader-client-ca-file"
2025-01-30 18:41:34,888 INFO c.h.h.t.HelmChartContainer - [K3S] [configmap_cafile_content.go:205] "Starting controller" name="client-ca::kube-system::extension-apiserver-authentication::client-ca-file"
2025-01-30 18:41:35,034 INFO c.h.h.t.HelmChartContainer - [K3S] [controllermanager.go:765] "Started controller" controller="statefulset-controller"
2025-01-30 18:41:35,034 INFO c.h.h.t.HelmChartContainer - [K3S] [controllermanager.go:717] "Controller is disabled by a feature gate" controller="kube-apiserver-serving-clustertrustbundle-publisher-controller" requiredFeatureGates=["ClusterTrustBundle"]
2025-01-30 18:41:35,034 INFO c.h.h.t.HelmChartContainer - [K3S] [stateful_set.go:166] "Starting stateful set controller"
2025-01-30 18:41:35,084 INFO c.h.h.t.HelmChartContainer - [K3S] [controllermanager.go:765] "Started controller" controller="taint-eviction-controller"
2025-01-30 18:41:35,084 INFO c.h.h.t.HelmChartContainer - [K3S] [taint_eviction.go:281] "Starting" controller="taint-eviction-controller"
2025-01-30 18:41:35,084 INFO c.h.h.t.HelmChartContainer - [K3S] [taint_eviction.go:287] "Sending events to api server"
2025-01-30 18:41:35,107 INFO c.h.h.t.HelmChartContainer - [K3S] [actual_state_of_world.go:541] "Failed to update statusUpdateNeeded field in actual state of world" err="Failed to set statusUpdateNeeded to needed true, because nodeName=\"ea8e80bdeb75\" does not exist"
2025-01-30 18:41:35,145 INFO c.h.h.t.HelmChartContainer - [K3S] [range_allocator.go:177] "Sending events to api server"
2025-01-30 18:41:35,145 INFO c.h.h.t.HelmChartContainer - [K3S] [range_allocator.go:183] "Starting range CIDR allocator"
2025-01-30 18:41:35,149 INFO c.h.h.t.HelmChartContainer - [K3S] [range_allocator.go:428] "Set node PodCIDR" node="ea8e80bdeb75" podCIDRs=["10.42.0.0/24"]
2025-01-30 18:41:35,149 INFO c.h.h.t.HelmChartContainer - [K3S] [range_allocator.go:247] "Successfully synced" key="ea8e80bdeb75"
2025-01-30 18:41:35,149 INFO c.h.h.t.HelmChartContainer - [K3S] [INFO] Flannel found PodCIDR assigned for node ea8e80bdeb75
2025-01-30 18:41:35,150 INFO c.h.h.t.HelmChartContainer - [K3S] [range_allocator.go:247] "Successfully synced" key="ea8e80bdeb75"
2025-01-30 18:41:35,150 INFO c.h.h.t.HelmChartContainer - [K3S] [INFO] The interface eth0 with ipv4 address 172.18.0.2 will be used by flannel
2025-01-30 18:41:35,151 INFO c.h.h.t.HelmChartContainer - [K3S] [kube.go:139] Waiting 10m0s for node controller to sync
2025-01-30 18:41:35,152 INFO c.h.h.t.HelmChartContainer - [K3S] [kube.go:469] Starting kube subnet manager
2025-01-30 18:41:35,226 INFO c.h.h.t.HelmChartContainer - [K3S] [INFO] Started tunnel to 172.18.0.2:6443
2025-01-30 18:41:35,226 INFO c.h.h.t.HelmChartContainer - [K3S] [INFO] Stopped tunnel to 127.0.0.1:6443
2025-01-30 18:41:35,226 INFO c.h.h.t.HelmChartContainer - [K3S] [INFO] Connecting to proxy" url="wss://172.18.0.2:6443/v1-k3s/connect
2025-01-30 18:41:35,226 INFO c.h.h.t.HelmChartContainer - [K3S] [INFO] Proxy done" err="context canceled" url="wss://127.0.0.1:6443/v1-k3s/connect
2025-01-30 18:41:35,226 INFO c.h.h.t.HelmChartContainer - [K3S] [INFO] error in remotedialer server [400]: websocket: close 1006 (abnormal closure): unexpected EOF
2025-01-30 18:41:35,228 INFO c.h.h.t.HelmChartContainer - [K3S] [INFO] Handling backend connection request [ea8e80bdeb75]
2025-01-30 18:41:35,228 INFO c.h.h.t.HelmChartContainer - [K3S] [INFO] Remotedialer connected to proxy" url="wss://172.18.0.2:6443/v1-k3s/connect
2025-01-30 18:41:35,262 INFO c.h.h.t.HelmChartContainer - [K3S] [INFO] Starting network policy controller version v2.2.1, built on 2025-01-28T18:27:08Z, go1.23.4
2025-01-30 18:41:35,262 INFO c.h.h.t.HelmChartContainer - [K3S] [network_policy_controller.go:164] Starting network policy controller
2025-01-30 18:41:35,288 INFO c.h.h.t.HelmChartContainer - [K3S] [node_lifecycle_controller.go:1234] "Initializing eviction metric for zone" zone=""
2025-01-30 18:41:35,289 INFO c.h.h.t.HelmChartContainer - [K3S] [node_lifecycle_controller.go:886] "Missing timestamp for Node. Assuming now as a timestamp" node="ea8e80bdeb75"
2025-01-30 18:41:35,289 INFO c.h.h.t.HelmChartContainer - [K3S] [node_lifecycle_controller.go:1080] "Controller detected that zone is now in new state" zone="" newState="Normal"
2025-01-30 18:41:35,291 INFO c.h.h.t.HelmChartContainer - [K3S] [network_policy_controller.go:176] Starting network policy controller full sync goroutine
2025-01-30 18:41:35,294 INFO c.h.h.t.HelmChartContainer - [K3S] [range_allocator.go:247] "Successfully synced" key="ea8e80bdeb75"
2025-01-30 18:41:35,789 INFO c.h.h.t.HelmChartContainer - [K3S] [range_allocator.go:247] "Successfully synced" key="ea8e80bdeb75"
2025-01-30 18:41:35,890 INFO c.h.h.t.HelmChartContainer - [K3S] [handler_proxy.go:99] no RequestInfo found in the context
2025-01-30 18:41:35,890 INFO c.h.h.t.HelmChartContainer - [K3S] [controller.go:146] "Unhandled Error" err=<
2025-01-30 18:41:35,890 INFO c.h.h.t.HelmChartContainer - [K3S] 	, Header: map[Content-Type:[text/plain; charset=utf-8] X-Content-Type-Options:[nosniff]]
2025-01-30 18:41:35,890 INFO c.h.h.t.HelmChartContainer - [K3S]  >
2025-01-30 18:41:35,891 INFO c.h.h.t.HelmChartContainer - [K3S] [handler_proxy.go:143] error resolving kube-system/metrics-server: no endpoints available for service "metrics-server"
2025-01-30 18:41:35,951 INFO c.h.h.t.HelmChartContainer - [K3S] [replica_set.go:679] "Finished syncing" kind="ReplicaSet" key="kube-system/local-path-provisioner-698b58967b" duration="756.130349ms"
2025-01-30 18:41:35,953 INFO c.h.h.t.HelmChartContainer - [K3S] [replica_set.go:679] "Finished syncing" kind="ReplicaSet" key="kube-system/coredns-ff8999cc5" duration="756.457194ms"
2025-01-30 18:41:35,961 INFO c.h.h.t.HelmChartContainer - [K3S] [replica_set.go:679] "Finished syncing" kind="ReplicaSet" key="kube-system/metrics-server-8584b5786c" duration="767.178322ms"
2025-01-30 18:41:35,966 INFO c.h.h.t.HelmChartContainer - [K3S] [replica_set.go:679] "Finished syncing" kind="ReplicaSet" key="kube-system/coredns-ff8999cc5" duration="13.862749ms"
2025-01-30 18:41:35,976 INFO c.h.h.t.HelmChartContainer - [K3S] [replica_set.go:679] "Finished syncing" kind="ReplicaSet" key="kube-system/local-path-provisioner-698b58967b" duration="23.573861ms"
2025-01-30 18:41:35,977 INFO c.h.h.t.HelmChartContainer - [K3S] [replica_set.go:679] "Finished syncing" kind="ReplicaSet" key="kube-system/local-path-provisioner-698b58967b" duration="26.179µs"
2025-01-30 18:41:35,994 INFO c.h.h.t.HelmChartContainer - [K3S] [replica_set.go:679] "Finished syncing" kind="ReplicaSet" key="kube-system/metrics-server-8584b5786c" duration="32.42958ms"
2025-01-30 18:41:35,995 INFO c.h.h.t.HelmChartContainer - [K3S] [replica_set.go:679] "Finished syncing" kind="ReplicaSet" key="kube-system/local-path-provisioner-698b58967b" duration="26.61µs"
2025-01-30 18:41:35,995 INFO c.h.h.t.HelmChartContainer - [K3S] [replica_set.go:679] "Finished syncing" kind="ReplicaSet" key="kube-system/coredns-ff8999cc5" duration="28.372331ms"
2025-01-30 18:41:35,997 INFO c.h.h.t.HelmChartContainer - [K3S] [replica_set.go:679] "Finished syncing" kind="ReplicaSet" key="kube-system/coredns-ff8999cc5" duration="25.067µs"
2025-01-30 18:41:36,001 INFO c.h.h.t.HelmChartContainer - [K3S] [reconciler_common.go:251] "operationExecutor.VerifyControllerAttachedVolume started for volume \"tmp-dir\" (UniqueName: \"kubernetes.io/empty-dir/ef9d46ee-d715-4d8c-bc11-8739b53cff9d-tmp-dir\") pod \"metrics-server-8584b5786c-z6t7s\" (UID: \"ef9d46ee-d715-4d8c-bc11-8739b53cff9d\") " pod="kube-system/metrics-server-8584b5786c-z6t7s"
2025-01-30 18:41:36,004 INFO c.h.h.t.HelmChartContainer - [K3S] [reconciler_common.go:251] "operationExecutor.VerifyControllerAttachedVolume started for volume \"kube-api-access-cfhb8\" (UniqueName: \"kubernetes.io/projected/ef9d46ee-d715-4d8c-bc11-8739b53cff9d-kube-api-access-cfhb8\") pod \"metrics-server-8584b5786c-z6t7s\" (UID: \"ef9d46ee-d715-4d8c-bc11-8739b53cff9d\") " pod="kube-system/metrics-server-8584b5786c-z6t7s"
2025-01-30 18:41:36,004 INFO c.h.h.t.HelmChartContainer - [K3S] [reconciler_common.go:251] "operationExecutor.VerifyControllerAttachedVolume started for volume \"config-volume\" (UniqueName: \"kubernetes.io/configmap/6ba7a415-71f4-4aaa-ab1a-91af7be34304-config-volume\") pod \"local-path-provisioner-698b58967b-d5lsd\" (UID: \"6ba7a415-71f4-4aaa-ab1a-91af7be34304\") " pod="kube-system/local-path-provisioner-698b58967b-d5lsd"
2025-01-30 18:41:36,004 INFO c.h.h.t.HelmChartContainer - [K3S] [reconciler_common.go:251] "operationExecutor.VerifyControllerAttachedVolume started for volume \"kube-api-access-gg8s6\" (UniqueName: \"kubernetes.io/projected/6ba7a415-71f4-4aaa-ab1a-91af7be34304-kube-api-access-gg8s6\") pod \"local-path-provisioner-698b58967b-d5lsd\" (UID: \"6ba7a415-71f4-4aaa-ab1a-91af7be34304\") " pod="kube-system/local-path-provisioner-698b58967b-d5lsd"
2025-01-30 18:41:36,004 INFO c.h.h.t.HelmChartContainer - [K3S] [reconciler_common.go:251] "operationExecutor.VerifyControllerAttachedVolume started for volume \"config-volume\" (UniqueName: \"kubernetes.io/configmap/2bebd041-0d14-489a-ab06-6bd41cc0a3e7-config-volume\") pod \"coredns-ff8999cc5-r677z\" (UID: \"2bebd041-0d14-489a-ab06-6bd41cc0a3e7\") " pod="kube-system/coredns-ff8999cc5-r677z"
2025-01-30 18:41:36,004 INFO c.h.h.t.HelmChartContainer - [K3S] [reconciler_common.go:251] "operationExecutor.VerifyControllerAttachedVolume started for volume \"custom-config-volume\" (UniqueName: \"kubernetes.io/configmap/2bebd041-0d14-489a-ab06-6bd41cc0a3e7-custom-config-volume\") pod \"coredns-ff8999cc5-r677z\" (UID: \"2bebd041-0d14-489a-ab06-6bd41cc0a3e7\") " pod="kube-system/coredns-ff8999cc5-r677z"
2025-01-30 18:41:36,005 INFO c.h.h.t.HelmChartContainer - [K3S] [reconciler_common.go:251] "operationExecutor.VerifyControllerAttachedVolume started for volume \"kube-api-access-6mv58\" (UniqueName: \"kubernetes.io/projected/2bebd041-0d14-489a-ab06-6bd41cc0a3e7-kube-api-access-6mv58\") pod \"coredns-ff8999cc5-r677z\" (UID: \"2bebd041-0d14-489a-ab06-6bd41cc0a3e7\") " pod="kube-system/coredns-ff8999cc5-r677z"
2025-01-30 18:41:36,013 INFO c.h.h.t.HelmChartContainer - [K3S] [replica_set.go:679] "Finished syncing" kind="ReplicaSet" key="kube-system/metrics-server-8584b5786c" duration="20.3872ms"
2025-01-30 18:41:36,013 INFO c.h.h.t.HelmChartContainer - [K3S] [replica_set.go:679] "Finished syncing" kind="ReplicaSet" key="kube-system/metrics-server-8584b5786c" duration="40.536µs"
2025-01-30 18:41:36,016 INFO c.h.h.t.HelmChartContainer - [K3S] [replica_set.go:679] "Finished syncing" kind="ReplicaSet" key="kube-system/coredns-ff8999cc5" duration="31.69µs"
2025-01-30 18:41:36,025 INFO c.h.h.t.HelmChartContainer - [K3S] [replica_set.go:679] "Finished syncing" kind="ReplicaSet" key="kube-system/metrics-server-8584b5786c" duration="35.316µs"
2025-01-30 18:41:36,152 INFO c.h.h.t.HelmChartContainer - [K3S] [kube.go:146] Node controller sync successful
2025-01-30 18:41:36,153 INFO c.h.h.t.HelmChartContainer - [K3S] [vxlan.go:141] VXLAN config: VNI=1 Port=0 GBP=false Learning=false DirectRouting=false
2025-01-30 18:41:36,155 INFO c.h.h.t.HelmChartContainer - [K3S] [kube.go:636] List of node(ea8e80bdeb75) annotations: map[string]string{"alpha.kubernetes.io/provided-node-ip":"172.18.0.2", "k3s.io/hostname":"ea8e80bdeb75", "k3s.io/internal-ip":"172.18.0.2", "k3s.io/node-args":"[\"server\",\"--etcd-arg\",\"unsafe-no-fsync\",\"--etcd-arg\",\"snapshot-count=10000\",\"--etcd-arg\",\"auto-compaction-mode=revision\",\"--etcd-arg\",\"auto-compaction-retention=1000000\",\"--kube-apiserver-arg\",\"etcd-compaction-interval=0s\",\"--disable\",\"traefik\",\"--tls-san\",\"localhost\"]", "k3s.io/node-config-hash":"2QNNT5M5XUBFOLO5XPGEVGOM5UDLHHTIVMSRUPAUHE5DU3HUYQUQ====", "k3s.io/node-env":"{}", "node.alpha.kubernetes.io/ttl":"0", "volumes.kubernetes.io/controller-managed-attach-detach":"true"}
2025-01-30 18:41:36,161 INFO c.h.h.t.HelmChartContainer - [K3S] [iptables.go:51] Starting flannel in iptables mode...
2025-01-30 18:41:36,161 INFO c.h.h.t.HelmChartContainer - [K3S] [WARNING] no subnet found for key: FLANNEL_NETWORK in file: /run/flannel/subnet.env
2025-01-30 18:41:36,161 INFO c.h.h.t.HelmChartContainer - [K3S] [WARNING] no subnet found for key: FLANNEL_SUBNET in file: /run/flannel/subnet.env
2025-01-30 18:41:36,161 INFO c.h.h.t.HelmChartContainer - [K3S] [WARNING] no subnet found for key: FLANNEL_IPV6_NETWORK in file: /run/flannel/subnet.env
2025-01-30 18:41:36,161 INFO c.h.h.t.HelmChartContainer - [K3S] [WARNING] no subnet found for key: FLANNEL_IPV6_SUBNET in file: /run/flannel/subnet.env
2025-01-30 18:41:36,161 INFO c.h.h.t.HelmChartContainer - [K3S] [iptables.go:115] Current network or subnet (10.42.0.0/16, 10.42.0.0/24) is not equal to previous one (0.0.0.0/0, 0.0.0.0/0), trying to recycle old iptables rules
2025-01-30 18:41:36,161 INFO c.h.h.t.HelmChartContainer - [K3S] [kube.go:490] Creating the node lease for IPv4. This is the n.Spec.PodCIDRs: [10.42.0.0/24]
2025-01-30 18:41:36,162 INFO c.h.h.t.HelmChartContainer - [K3S] [range_allocator.go:247] "Successfully synced" key="ea8e80bdeb75"
2025-01-30 18:41:36,167 INFO c.h.h.t.HelmChartContainer - [K3S] [iptables.go:125] Setting up masking rules
2025-01-30 18:41:36,170 INFO c.h.h.t.HelmChartContainer - [K3S] [iptables.go:226] Changing default FORWARD chain policy to ACCEPT
2025-01-30 18:41:36,171 INFO c.h.h.t.HelmChartContainer - [K3S] [INFO] Wrote flannel subnet file to /run/flannel/subnet.env
2025-01-30 18:41:36,172 INFO c.h.h.t.HelmChartContainer - [K3S] [INFO] Running flannel backend.
2025-01-30 18:41:36,172 INFO c.h.h.t.HelmChartContainer - [K3S] [vxlan_network.go:65] watching for new subnet leases
2025-01-30 18:41:36,182 INFO c.h.h.t.HelmChartContainer - [K3S] [iptables.go:372] bootstrap done
2025-01-30 18:41:36,188 INFO c.h.h.t.HelmChartContainer - [K3S] [iptables.go:372] bootstrap done
2025-01-30 18:41:36,893 INFO c.h.h.t.HelmChartContainer - [K3S] [handler_proxy.go:99] no RequestInfo found in the context
2025-01-30 18:41:36,893 INFO c.h.h.t.HelmChartContainer - [K3S] [handler_proxy.go:99] no RequestInfo found in the context
2025-01-30 18:41:36,893 INFO c.h.h.t.HelmChartContainer - [K3S] [controller.go:102] "Unhandled Error" err=<
2025-01-30 18:41:36,893 INFO c.h.h.t.HelmChartContainer - [K3S] 	, Header: map[Content-Type:[text/plain; charset=utf-8] X-Content-Type-Options:[nosniff]]
2025-01-30 18:41:36,893 INFO c.h.h.t.HelmChartContainer - [K3S]  >
2025-01-30 18:41:39,341 INFO c.h.h.t.HelmChartContainer - [K3S] [replica_set.go:679] "Finished syncing" kind="ReplicaSet" key="kube-system/coredns-ff8999cc5" duration="55.815µs"
2025-01-30 18:41:39,369 INFO c.h.h.t.HelmChartContainer - [K3S] [replica_set.go:679] "Finished syncing" kind="ReplicaSet" key="kube-system/coredns-ff8999cc5" duration="10.075025ms"
2025-01-30 18:41:39,373 INFO c.h.h.t.HelmChartContainer - [K3S] [replica_set.go:679] "Finished syncing" kind="ReplicaSet" key="kube-system/coredns-ff8999cc5" duration="34.895µs"
2025-01-30 18:41:39,394 INFO c.h.h.t.HelmChartContainer - [K3S] [replica_set.go:679] "Finished syncing" kind="ReplicaSet" key="kube-system/local-path-provisioner-698b58967b" duration="10.455316ms"
2025-01-30 18:41:39,394 INFO c.h.h.t.HelmChartContainer - [K3S] [replica_set.go:679] "Finished syncing" kind="ReplicaSet" key="kube-system/local-path-provisioner-698b58967b" duration="30.368µs"
2025-01-30 18:41:39,489 INFO c.h.h.t.HelmChartContainer - [K3S] [kuberuntime_manager.go:1702] "Updating runtime config through cri with podcidr" CIDR="10.42.0.0/24"
2025-01-30 18:41:39,491 INFO c.h.h.t.HelmChartContainer - [K3S] [kubelet_network.go:61] "Updating Pod CIDR" originalPodCIDR="" newPodCIDR="10.42.0.0/24"
2025-01-30 18:41:39,499 INFO c.h.h.t.HelmChartContainer - [K3S] [range_allocator.go:247] "Successfully synced" key="ea8e80bdeb75"
2025-01-30 18:41:40,186 DEBUG c.h.h.t.HelmChartContainer - Image file loaded 'hivemq-platform-operator.tar'
2025-01-30 18:41:40,343 INFO c.h.h.t.HelmChartContainer - [K3S] [replica_set.go:679] "Finished syncing" kind="ReplicaSet" key="kube-system/metrics-server-8584b5786c" duration="34.795µs"
2025-01-30 18:41:40,646 DEBUG c.h.h.t.HelmChartContainer - Image file loaded 'hivemq-platform-operator-init.tar'
2025-01-30 18:41:46,343 DEBUG c.h.h.t.HelmChartContainer - Image file loaded 'hivemq-platform.tar'
2025-01-30 18:41:46,343 DEBUG c.h.h.t.HelmChartContainer - Successful Helm chart Container startup
2025-01-30 18:41:46,352 INFO t.localhost/testcontainers/8djjrzhoek3tbzwz:latest - Container localhost/testcontainers/8djjrzhoek3tbzwz:latest started in PT21.330301798S
2025-01-30 18:41:46,362 DEBUG c.h.h.t.HelmChartContainer - Executing helm command: /bin/helm --kubeconfig /etc/rancher/k3s/k3s.yaml repo add hivemq https://hivemq.github.io/helm-charts
2025-01-30 18:41:47,692 INFO c.h.h.t.HelmChartContainer - [EVENT] Normal [Starting] Starting kubelet. [null:ea8e80bdeb75]
2025-01-30 18:41:47,693 INFO c.h.h.t.HelmChartContainer - [EVENT] Warning [InvalidDiskCapacity] invalid capacity 0 on image filesystem [null:ea8e80bdeb75]
2025-01-30 18:41:47,694 INFO c.h.h.t.HelmChartContainer - [EVENT] Normal [NodeHasSufficientMemory] Node ea8e80bdeb75 status is now: NodeHasSufficientMemory [null:ea8e80bdeb75]
2025-01-30 18:41:47,694 INFO c.h.h.t.HelmChartContainer - [EVENT] Normal [NodeHasNoDiskPressure] Node ea8e80bdeb75 status is now: NodeHasNoDiskPressure [null:ea8e80bdeb75]
2025-01-30 18:41:47,695 INFO c.h.h.t.HelmChartContainer - [EVENT] Normal [NodeHasSufficientPID] Node ea8e80bdeb75 status is now: NodeHasSufficientPID [null:ea8e80bdeb75]
2025-01-30 18:41:47,696 INFO c.h.h.t.HelmChartContainer - [EVENT] Normal [NodeAllocatableEnforced] Updated Node Allocatable limit across pods [null:ea8e80bdeb75]
2025-01-30 18:41:47,698 INFO c.h.h.t.HelmChartContainer - [EVENT] Normal [NodeReady] Node ea8e80bdeb75 status is now: NodeReady [null:ea8e80bdeb75]
2025-01-30 18:41:47,699 INFO c.h.h.t.HelmChartContainer - [EVENT] Normal [NodePasswordValidationComplete] Deferred node password secret validation complete [null:ea8e80bdeb75]
2025-01-30 18:41:47,699 INFO c.h.h.t.HelmChartContainer - [EVENT] Normal [Synced] Node synced successfully [null:ea8e80bdeb75]
2025-01-30 18:41:47,700 INFO c.h.h.t.HelmChartContainer - [EVENT] Normal [RegisteredNode] Node ea8e80bdeb75 event: Registered Node ea8e80bdeb75 in Controller [null:ea8e80bdeb75]
2025-01-30 18:41:47,706 INFO c.h.h.t.HelmChartContainer - Saved kubeconfig file on /tmp/kubeconfig-12006974349960966741.yaml
2025-01-30 18:41:47,706 INFO c.h.h.t.HelmChartContainer - HelmChartContainer is started
]]></system-out>
  <system-err><![CDATA[]]></system-err>
</testsuite>
